<?xml version="1.0" encoding="UTF-8"?>
<testsuites name="Critical Path" time="8039" tests="24" failures="2" errors="0">
   <testsuite name="Critical Path" tests="24" failures="2" errors="0" time="8039" timestamp="2019-01-08 17:40:24" hostname="Admin - Win7Test02" id="Test Suites/Critical Path">
      <properties>
         <property name="deviceName" value=""/>
         <property name="devicePlatform" value=""/>
         <property name="logFolder" value="C:\\Users\\Admin\\Desktop\\PKS\\Perkeso Phase A\\Reports\\Critical Path\\20190108_174022"/>
         <property name="logFiles" value="C:\\Users\\Admin\\Desktop\\PKS\\Perkeso Phase A\\Reports\\Critical Path\\20190108_174022\\execution0.log, C:\\Users\\Admin\\Desktop\\PKS\\Perkeso Phase A\\Reports\\Critical Path\\20190108_174022\\execution1.log"/>
         <property name="attachments" value="C:\\Users\\Admin\\Desktop\\PKS\\Perkeso Phase A\\Reports\\Critical Path\\20190108_174022\\1546946854881.png, C:\\Users\\Admin\\Desktop\\PKS\\Perkeso Phase A\\Reports\\Critical Path\\20190108_174022\\1546947306750.png, C:\\Users\\Admin\\Desktop\\PKS\\Perkeso Phase A\\Reports\\Critical Path\\20190108_174022\\1546947357717.png, C:\\Users\\Admin\\Desktop\\PKS\\Perkeso Phase A\\Reports\\Critical Path\\20190108_174022\\1546947412685.png, C:\\Users\\Admin\\Desktop\\PKS\\Perkeso Phase A\\Reports\\Critical Path\\20190108_174022\\1546947466665.png, C:\\Users\\Admin\\Desktop\\PKS\\Perkeso Phase A\\Reports\\Critical Path\\20190108_174022\\1546947634318.png, C:\\Users\\Admin\\Desktop\\PKS\\Perkeso Phase A\\Reports\\Critical Path\\20190108_174022\\1546947674332.png, C:\\Users\\Admin\\Desktop\\PKS\\Perkeso Phase A\\Reports\\Critical Path\\20190108_174022\\1546948462677.png"/>
         <property name="hostName" value="Admin - Win7Test02"/>
         <property name="os" value="Windows 7 64bit"/>
         <property name="katalonVersion" value="5.8.6.1"/>
         <property name="browser" value="Chrome 71.0.3578.98"/>
         <property name="hostAddress" value="10.20.3.72"/>
         <property name="sessionId" value="027da89ab3641d6039e7975907cc5d70"/>
         <property name="seleniumVersion" value="3.7.1"/>
         <property name="proxyInformation" value="ProxyInformation{proxyOption=NO_PROXY, proxyServerType=HTTP, password=, proxyServerAddress=, proxyServerPort=0}"/>
         <property name="platform" value="Windows 7"/>
      </properties>
      <testcase name="Test Cases/Final Aug 2018 - PKS Automation/Registration Module/Critical Path/New Registration/Corporation - Sendirian Berhad" classname="Test Cases/Final Aug 2018 - PKS Automation/Registration Module/Critical Path/New Registration/Corporation - Sendirian Berhad" status="PASSED">
         <system-out><![CDATA[2019-01-08 17:40:24 - [TEST_CASE][PASSED] - Test Cases/Final Aug 2018 - PKS Automation/Registration Module/Critical Path/New Registration/Corporation - Sendirian Berhad: Test Cases/Final Aug 2018 - PKS Automation/Registration Module/Critical Path/New Registration/Corporation - Sendirian Berhad

2019-01-08 17:40:25 - [TEST_STEP][PASSED] - callTestCase: Call Test Case 'Test Cases/Final Aug 2018 - PKS Automation/Registration Module/New Registration/Form 1/Form 1 - Corporation - Sendirian Berhad' successfully

2019-01-08 17:40:25 - [TEST_CASE][PASSED] - Test Cases/Final Aug 2018 - PKS Automation/Registration Module/New Registration/Form 1/Form 1 - Corporation - Sendirian Berhad: Test Cases/Final Aug 2018 - PKS Automation/Registration Module/New Registration/Form 1/Form 1 - Corporation - Sendirian Berhad

2019-01-08 17:40:25 - [TEST_STEP][PASSED] - openBrowser: Browser is opened with url: ''

2019-01-08 17:40:29 - [MESSAGE][PASSED] - Browser is opened with url: ''

2019-01-08 17:40:29 - [TEST_STEP][PASSED] - navigateToUrl: Navigate to 'https://assist2-uat.perkeso.gov.my/login' successfully

2019-01-08 17:40:30 - [MESSAGE][PASSED] - Navigate to 'https://assist2-uat.perkeso.gov.my/login' successfully

2019-01-08 17:40:30 - [TEST_STEP][PASSED] - setText: Text 'johorotc1@gmail.com' is set on object 'Object Repository/Final Object Repo/Login Page/Internal User/Email Address'

2019-01-08 17:40:31 - [MESSAGE][PASSED] - Text 'johorotc1@gmail.com' is set on object 'Object Repository/Final Object Repo/Login Page/Internal User/Email Address'

2019-01-08 17:40:31 - [TEST_STEP][PASSED] - click: Object: 'Object Repository/Final Object Repo/Login Page/Internal User/Next Button' is clicked on

2019-01-08 17:40:31 - [MESSAGE][PASSED] - Object: 'Object Repository/Final Object Repo/Login Page/Internal User/Next Button' is clicked on

2019-01-08 17:40:31 - [TEST_STEP][PASSED] - delay: Delayed 1 second(s)

2019-01-08 17:40:32 - [MESSAGE][PASSED] - Delayed 1 second(s)

2019-01-08 17:40:32 - [TEST_STEP][PASSED] - setEncryptedText: Text ****** has been set on object 'Object Repository/Final Object Repo/Login Page/Internal User/Password'

2019-01-08 17:40:32 - [MESSAGE][PASSED] - Text ****** has been set on object 'Object Repository/Final Object Repo/Login Page/Internal User/Password'

2019-01-08 17:40:32 - [TEST_STEP][PASSED] - click: Object: 'Object Repository/Final Object Repo/Login Page/Internal User/Login Button' is clicked on

2019-01-08 17:40:33 - [MESSAGE][PASSED] - Object: 'Object Repository/Final Object Repo/Login Page/Internal User/Login Button' is clicked on

2019-01-08 17:40:33 - [TEST_STEP][PASSED] - delay: Delayed 1 second(s)

2019-01-08 17:40:34 - [MESSAGE][PASSED] - Delayed 1 second(s)

2019-01-08 17:40:34 - [TEST_STEP][PASSED] - Statement - Try: Delayed 2 second(s)

2019-01-08 17:40:34 - [TEST_STEP][PASSED] - Statement - Checker = false: null

2019-01-08 17:40:34 - [TEST_STEP][PASSED] - Statement - Checker = com.kms.katalon.core.webui.keyword.WebUiBuiltInKeywords.verifyElementHasAttribute(com.kms.katalon.core.testobject.ObjectRepository.findTestObject(Final Object Repo/Landing Page/BM Detecting), "href", 20, OPTIONAL): Object 'Object Repository/Final Object Repo/Landing Page/BM Detecting' has attribute 'href'

2019-01-08 17:40:35 - [MESSAGE][PASSED] - Object 'Object Repository/Final Object Repo/Landing Page/BM Detecting' has attribute 'href'

2019-01-08 17:40:35 - [TEST_STEP][PASSED] - Statement - out.println(Checker): null

2019-01-08 17:40:35 - [TEST_STEP][PASSED] - Statement - If (Checker == false): null

2019-01-08 17:40:35 - [TEST_STEP][PASSED] - Statement - Else: null

2019-01-08 17:40:35 - [TEST_STEP][PASSED] - delay: Delayed 2 second(s)

2019-01-08 17:40:37 - [MESSAGE][PASSED] - Delayed 2 second(s)

2019-01-08 17:40:37 - [TEST_STEP][PASSED] - navigateToUrl: Navigate to 'https://assist2-uat.perkeso.gov.my/web/registration/registration' successfully

2019-01-08 17:40:39 - [MESSAGE][PASSED] - Navigate to 'https://assist2-uat.perkeso.gov.my/web/registration/registration' successfully

2019-01-08 17:40:39 - [TEST_STEP][PASSED] - click: Object: 'Object Repository/Final Object Repo/New Registration - Registration Module Pages/Form 1/AEC - No' is clicked on

2019-01-08 17:40:39 - [MESSAGE][PASSED] - Object: 'Object Repository/Final Object Repo/New Registration - Registration Module Pages/Form 1/AEC - No' is clicked on

2019-01-08 17:40:39 - [TEST_STEP][PASSED] - click: Object: 'Object Repository/Final Object Repo/New Registration - Registration Module Pages/Form 1/Business Entity' is clicked on

2019-01-08 17:40:40 - [MESSAGE][PASSED] - Object: 'Object Repository/Final Object Repo/New Registration - Registration Module Pages/Form 1/Business Entity' is clicked on

2019-01-08 17:40:40 - [TEST_STEP][PASSED] - click: Object: 'Object Repository/Final Object Repo/New Registration - Registration Module Pages/Form 1/Businees Entity - Corporation' is clicked on

2019-01-08 17:40:40 - [MESSAGE][PASSED] - Object: 'Object Repository/Final Object Repo/New Registration - Registration Module Pages/Form 1/Businees Entity - Corporation' is clicked on

2019-01-08 17:40:40 - [TEST_STEP][PASSED] - delay: Delayed 1 second(s)

2019-01-08 17:40:41 - [MESSAGE][PASSED] - Delayed 1 second(s)

2019-01-08 17:40:41 - [TEST_STEP][PASSED] - click: Object: 'Object Repository/Final Object Repo/New Registration - Registration Module Pages/Form 1/Sub Business Entity' is clicked on

2019-01-08 17:40:41 - [MESSAGE][PASSED] - Object: 'Object Repository/Final Object Repo/New Registration - Registration Module Pages/Form 1/Sub Business Entity' is clicked on

2019-01-08 17:40:41 - [TEST_STEP][PASSED] - click: Object: 'Object Repository/Final Object Repo/New Registration - Registration Module Pages/Form 1/Sub Business Entity - Sendirian Berhad' is clicked on

2019-01-08 17:40:41 - [MESSAGE][PASSED] - Object: 'Object Repository/Final Object Repo/New Registration - Registration Module Pages/Form 1/Sub Business Entity - Sendirian Berhad' is clicked on

2019-01-08 17:40:41 - [TEST_STEP][PASSED] - delay: Delayed 1 second(s)

2019-01-08 17:40:42 - [MESSAGE][PASSED] - Delayed 1 second(s)

2019-01-08 17:40:42 - [TEST_STEP][PASSED] - setText: Text '123' is set on object 'Object Repository/Final Object Repo/New Registration - Registration Module Pages/Form 1/Registration Number'

2019-01-08 17:40:43 - [MESSAGE][PASSED] - Text '123' is set on object 'Object Repository/Final Object Repo/New Registration - Registration Module Pages/Form 1/Registration Number'

2019-01-08 17:40:43 - [TEST_STEP][PASSED] - click: Object: 'Object Repository/Final Object Repo/New Registration - Registration Module Pages/Form 1/Registred with SSM - Before Feb' is clicked on

2019-01-08 17:40:43 - [MESSAGE][PASSED] - Object: 'Object Repository/Final Object Repo/New Registration - Registration Module Pages/Form 1/Registred with SSM - Before Feb' is clicked on

2019-01-08 17:40:43 - [TEST_STEP][PASSED] - click: Object: 'Object Repository/Final Object Repo/New Registration - Registration Module Pages/Form 1/Registered As a Branch - Yes' is clicked on

2019-01-08 17:40:43 - [MESSAGE][PASSED] - Object: 'Object Repository/Final Object Repo/New Registration - Registration Module Pages/Form 1/Registered As a Branch - Yes' is clicked on

2019-01-08 17:40:43 - [TEST_STEP][PASSED] - click: Object: 'Object Repository/Final Object Repo/New Registration - Registration Module Pages/Form 1/Acknowledgement' is clicked on

2019-01-08 17:40:43 - [MESSAGE][PASSED] - Object: 'Object Repository/Final Object Repo/New Registration - Registration Module Pages/Form 1/Acknowledgement' is clicked on

2019-01-08 17:40:43 - [TEST_STEP][PASSED] - setText: Text 'perkeso' is set on object 'Object Repository/Final Object Repo/New Registration - Registration Module Pages/Form 1/Industry name'

2019-01-08 17:40:43 - [MESSAGE][PASSED] - Text 'perkeso' is set on object 'Object Repository/Final Object Repo/New Registration - Registration Module Pages/Form 1/Industry name'

2019-01-08 17:40:43 - [TEST_STEP][PASSED] - setText: Text 'perkeso1' is set on object 'Object Repository/Final Object Repo/New Registration - Registration Module Pages/Form 1/Postal Address1'

2019-01-08 17:40:44 - [MESSAGE][PASSED] - Text 'perkeso1' is set on object 'Object Repository/Final Object Repo/New Registration - Registration Module Pages/Form 1/Postal Address1'

2019-01-08 17:40:44 - [TEST_STEP][PASSED] - setText: Text 'perkeso2' is set on object 'Object Repository/Final Object Repo/New Registration - Registration Module Pages/Form 1/Postal Address2'

2019-01-08 17:40:44 - [MESSAGE][PASSED] - Text 'perkeso2' is set on object 'Object Repository/Final Object Repo/New Registration - Registration Module Pages/Form 1/Postal Address2'

2019-01-08 17:40:44 - [TEST_STEP][PASSED] - setText: Text 'perkeso3' is set on object 'Object Repository/Final Object Repo/New Registration - Registration Module Pages/Form 1/Postal Address3'

2019-01-08 17:40:45 - [MESSAGE][PASSED] - Text 'perkeso3' is set on object 'Object Repository/Final Object Repo/New Registration - Registration Module Pages/Form 1/Postal Address3'

2019-01-08 17:40:45 - [TEST_STEP][PASSED] - click: Object: 'Object Repository/Final Object Repo/New Registration - Registration Module Pages/Form 1/State' is clicked on

2019-01-08 17:40:45 - [MESSAGE][PASSED] - Object: 'Object Repository/Final Object Repo/New Registration - Registration Module Pages/Form 1/State' is clicked on

2019-01-08 17:40:45 - [TEST_STEP][PASSED] - click: Object: 'Object Repository/Final Object Repo/New Registration - Registration Module Pages/Form 1/State - Johor' is clicked on

2019-01-08 17:40:45 - [MESSAGE][PASSED] - Object: 'Object Repository/Final Object Repo/New Registration - Registration Module Pages/Form 1/State - Johor' is clicked on

2019-01-08 17:40:45 - [TEST_STEP][PASSED] - delay: Delayed 1 second(s)

2019-01-08 17:40:46 - [MESSAGE][PASSED] - Delayed 1 second(s)

2019-01-08 17:40:46 - [TEST_STEP][PASSED] - click: Object: 'Object Repository/Final Object Repo/New Registration - Registration Module Pages/Form 1/City' is clicked on

2019-01-08 17:40:46 - [MESSAGE][PASSED] - Object: 'Object Repository/Final Object Repo/New Registration - Registration Module Pages/Form 1/City' is clicked on

2019-01-08 17:40:46 - [TEST_STEP][PASSED] - setText: Text 'joh' is set on object 'Object Repository/Final Object Repo/New Registration - Registration Module Pages/Form 1/Postcode - 810'

2019-01-08 17:40:46 - [MESSAGE][PASSED] - Text 'joh' is set on object 'Object Repository/Final Object Repo/New Registration - Registration Module Pages/Form 1/Postcode - 810'

2019-01-08 17:40:46 - [TEST_STEP][PASSED] - delay: Delayed 1 second(s)

2019-01-08 17:40:47 - [MESSAGE][PASSED] - Delayed 1 second(s)

2019-01-08 17:40:47 - [TEST_STEP][PASSED] - click: Object: 'Object Repository/Final Object Repo/New Registration - Registration Module Pages/Form 1/City - Johor Bharu' is clicked on

2019-01-08 17:40:48 - [MESSAGE][PASSED] - Object: 'Object Repository/Final Object Repo/New Registration - Registration Module Pages/Form 1/City - Johor Bharu' is clicked on

2019-01-08 17:40:48 - [TEST_STEP][PASSED] - delay: Delayed 1 second(s)

2019-01-08 17:40:49 - [MESSAGE][PASSED] - Delayed 1 second(s)

2019-01-08 17:40:49 - [TEST_STEP][PASSED] - click: Object: 'Object Repository/Final Object Repo/New Registration - Registration Module Pages/Form 1/Postcode' is clicked on

2019-01-08 17:40:49 - [MESSAGE][PASSED] - Object: 'Object Repository/Final Object Repo/New Registration - Registration Module Pages/Form 1/Postcode' is clicked on

2019-01-08 17:40:49 - [TEST_STEP][PASSED] - delay: Delayed 1 second(s)

2019-01-08 17:40:50 - [MESSAGE][PASSED] - Delayed 1 second(s)

2019-01-08 17:40:50 - [TEST_STEP][PASSED] - setText: Text '810' is set on object 'Object Repository/Final Object Repo/New Registration - Registration Module Pages/Form 1/Postcode - 810'

2019-01-08 17:40:50 - [MESSAGE][PASSED] - Text '810' is set on object 'Object Repository/Final Object Repo/New Registration - Registration Module Pages/Form 1/Postcode - 810'

2019-01-08 17:40:50 - [TEST_STEP][PASSED] - delay: Delayed 1 second(s)

2019-01-08 17:40:51 - [MESSAGE][PASSED] - Delayed 1 second(s)

2019-01-08 17:40:51 - [TEST_STEP][PASSED] - click: Object: 'Object Repository/Final Object Repo/New Registration - Registration Module Pages/Form 1/Postcode - 81000' is clicked on

2019-01-08 17:40:51 - [MESSAGE][PASSED] - Object: 'Object Repository/Final Object Repo/New Registration - Registration Module Pages/Form 1/Postcode - 81000' is clicked on

2019-01-08 17:40:51 - [TEST_STEP][PASSED] - delay: Delayed 1 second(s)

2019-01-08 17:40:52 - [MESSAGE][PASSED] - Delayed 1 second(s)

2019-01-08 17:40:52 - [TEST_STEP][PASSED] - setText: Text '100' is set on object 'Object Repository/Final Object Repo/New Registration - Registration Module Pages/Form 1/P.O.BOX'

2019-01-08 17:40:53 - [MESSAGE][PASSED] - Text '100' is set on object 'Object Repository/Final Object Repo/New Registration - Registration Module Pages/Form 1/P.O.BOX'

2019-01-08 17:40:53 - [TEST_STEP][PASSED] - setText: Text '100' is set on object 'Object Repository/Final Object Repo/New Registration - Registration Module Pages/Form 1/Locked Bag No'

2019-01-08 17:40:53 - [MESSAGE][PASSED] - Text '100' is set on object 'Object Repository/Final Object Repo/New Registration - Registration Module Pages/Form 1/Locked Bag No'

2019-01-08 17:40:53 - [TEST_STEP][PASSED] - click: Object: 'Object Repository/Final Object Repo/New Registration - Registration Module Pages/Form 1/SOCSO Office Location' is clicked on

2019-01-08 17:40:53 - [MESSAGE][PASSED] - Object: 'Object Repository/Final Object Repo/New Registration - Registration Module Pages/Form 1/SOCSO Office Location' is clicked on

2019-01-08 17:40:53 - [TEST_STEP][PASSED] - click: Object: 'Object Repository/Final Object Repo/New Registration - Registration Module Pages/Form 1/SOCSO Office Location - Pejabat PERKESO Negeri Johor' is clicked on

2019-01-08 17:40:53 - [MESSAGE][PASSED] - Object: 'Object Repository/Final Object Repo/New Registration - Registration Module Pages/Form 1/SOCSO Office Location - Pejabat PERKESO Negeri Johor' is clicked on

2019-01-08 17:40:53 - [TEST_STEP][PASSED] - delay: Delayed 1 second(s)

2019-01-08 17:40:54 - [MESSAGE][PASSED] - Delayed 1 second(s)

2019-01-08 17:40:54 - [TEST_STEP][PASSED] - check: Object 'Object Repository/Final Object Repo/New Registration - Registration Module Pages/Form 1/Indusrty Address Same As Postal Address' is checked

2019-01-08 17:40:55 - [MESSAGE][PASSED] - Object 'Object Repository/Final Object Repo/New Registration - Registration Module Pages/Form 1/Indusrty Address Same As Postal Address' is checked

2019-01-08 17:40:55 - [TEST_STEP][PASSED] - delay: Delayed 3 second(s)

2019-01-08 17:40:58 - [MESSAGE][PASSED] - Delayed 3 second(s)

2019-01-08 17:40:58 - [TEST_STEP][PASSED] - click: Object: 'Object Repository/Final Object Repo/New Registration - Registration Module Pages/Form 1/Indusry Address Same As Postal Address False' is clicked on

2019-01-08 17:40:58 - [MESSAGE][PASSED] - Object: 'Object Repository/Final Object Repo/New Registration - Registration Module Pages/Form 1/Indusry Address Same As Postal Address False' is clicked on

2019-01-08 17:40:58 - [TEST_STEP][PASSED] - delay: Delayed 1 second(s)

2019-01-08 17:40:59 - [MESSAGE][PASSED] - Delayed 1 second(s)

2019-01-08 17:40:59 - [TEST_STEP][PASSED] - setText: Text 'perkeso1' is set on object 'Object Repository/Final Object Repo/New Registration - Registration Module Pages/Form 1/Industry Address1'

2019-01-08 17:40:59 - [MESSAGE][PASSED] - Text 'perkeso1' is set on object 'Object Repository/Final Object Repo/New Registration - Registration Module Pages/Form 1/Industry Address1'

2019-01-08 17:40:59 - [TEST_STEP][PASSED] - setText: Text 'perkeso2' is set on object 'Object Repository/Final Object Repo/New Registration - Registration Module Pages/Form 1/Industry Address2'

2019-01-08 17:40:59 - [MESSAGE][PASSED] - Text 'perkeso2' is set on object 'Object Repository/Final Object Repo/New Registration - Registration Module Pages/Form 1/Industry Address2'

2019-01-08 17:40:59 - [TEST_STEP][PASSED] - setText: Text 'perkeso3' is set on object 'Object Repository/Final Object Repo/New Registration - Registration Module Pages/Form 1/Industry Address3'

2019-01-08 17:41:00 - [MESSAGE][PASSED] - Text 'perkeso3' is set on object 'Object Repository/Final Object Repo/New Registration - Registration Module Pages/Form 1/Industry Address3'

2019-01-08 17:41:00 - [TEST_STEP][PASSED] - click: Object: 'Object Repository/Final Object Repo/New Registration - Registration Module Pages/Form 1/Industry State' is clicked on

2019-01-08 17:41:00 - [MESSAGE][PASSED] - Object: 'Object Repository/Final Object Repo/New Registration - Registration Module Pages/Form 1/Industry State' is clicked on

2019-01-08 17:41:00 - [TEST_STEP][PASSED] - delay: Delayed 2 second(s)

2019-01-08 17:41:02 - [MESSAGE][PASSED] - Delayed 2 second(s)

2019-01-08 17:41:02 - [TEST_STEP][PASSED] - click: Object: 'Object Repository/Final Object Repo/New Registration - Registration Module Pages/Form 1/Industry State - Johor' is clicked on

2019-01-08 17:41:02 - [MESSAGE][PASSED] - Object: 'Object Repository/Final Object Repo/New Registration - Registration Module Pages/Form 1/Industry State - Johor' is clicked on

2019-01-08 17:41:02 - [TEST_STEP][PASSED] - delay: Delayed 2 second(s)

2019-01-08 17:41:04 - [MESSAGE][PASSED] - Delayed 2 second(s)

2019-01-08 17:41:04 - [TEST_STEP][PASSED] - click: Object: 'Object Repository/Final Object Repo/New Registration - Registration Module Pages/Form 1/Industry Ciry' is clicked on

2019-01-08 17:41:04 - [MESSAGE][PASSED] - Object: 'Object Repository/Final Object Repo/New Registration - Registration Module Pages/Form 1/Industry Ciry' is clicked on

2019-01-08 17:41:04 - [TEST_STEP][PASSED] - setText: Text 'joh' is set on object 'Object Repository/Final Object Repo/New Registration - Registration Module Pages/Form 1/Industry Ciry - joh'

2019-01-08 17:41:05 - [MESSAGE][PASSED] - Text 'joh' is set on object 'Object Repository/Final Object Repo/New Registration - Registration Module Pages/Form 1/Industry Ciry - joh'

2019-01-08 17:41:05 - [TEST_STEP][PASSED] - delay: Delayed 2 second(s)

2019-01-08 17:41:07 - [MESSAGE][PASSED] - Delayed 2 second(s)

2019-01-08 17:41:07 - [TEST_STEP][PASSED] - click: Object: 'Object Repository/Final Object Repo/New Registration - Registration Module Pages/Form 1/Industy State - Johor Bharu' is clicked on

2019-01-08 17:41:07 - [MESSAGE][PASSED] - Object: 'Object Repository/Final Object Repo/New Registration - Registration Module Pages/Form 1/Industy State - Johor Bharu' is clicked on

2019-01-08 17:41:07 - [TEST_STEP][PASSED] - delay: Delayed 1 second(s)

2019-01-08 17:41:08 - [MESSAGE][PASSED] - Delayed 1 second(s)

2019-01-08 17:41:08 - [TEST_STEP][PASSED] - click: Object: 'Object Repository/Final Object Repo/New Registration - Registration Module Pages/Form 1/Indusry PostCode' is clicked on

2019-01-08 17:41:08 - [MESSAGE][PASSED] - Object: 'Object Repository/Final Object Repo/New Registration - Registration Module Pages/Form 1/Indusry PostCode' is clicked on

2019-01-08 17:41:08 - [TEST_STEP][PASSED] - delay: Delayed 1 second(s)

2019-01-08 17:41:09 - [MESSAGE][PASSED] - Delayed 1 second(s)

2019-01-08 17:41:09 - [TEST_STEP][PASSED] - setText: Text '810' is set on object 'Object Repository/Final Object Repo/New Registration - Registration Module Pages/Form 1/Insutry Post Code - 810'

2019-01-08 17:41:09 - [MESSAGE][PASSED] - Text '810' is set on object 'Object Repository/Final Object Repo/New Registration - Registration Module Pages/Form 1/Insutry Post Code - 810'

2019-01-08 17:41:09 - [TEST_STEP][PASSED] - delay: Delayed 1 second(s)

2019-01-08 17:41:10 - [MESSAGE][PASSED] - Delayed 1 second(s)

2019-01-08 17:41:10 - [TEST_STEP][PASSED] - click: Object: 'Object Repository/Final Object Repo/New Registration - Registration Module Pages/Form 1/Insutry Post Code - 81000' is clicked on

2019-01-08 17:41:11 - [MESSAGE][PASSED] - Object: 'Object Repository/Final Object Repo/New Registration - Registration Module Pages/Form 1/Insutry Post Code - 81000' is clicked on

2019-01-08 17:41:11 - [TEST_STEP][PASSED] - delay: Delayed 1 second(s)

2019-01-08 17:41:12 - [MESSAGE][PASSED] - Delayed 1 second(s)

2019-01-08 17:41:12 - [TEST_STEP][PASSED] - setText: Text '100' is set on object 'Object Repository/Final Object Repo/New Registration - Registration Module Pages/Form 1/Industry P.O.BOX'

2019-01-08 17:41:12 - [MESSAGE][PASSED] - Text '100' is set on object 'Object Repository/Final Object Repo/New Registration - Registration Module Pages/Form 1/Industry P.O.BOX'

2019-01-08 17:41:12 - [TEST_STEP][PASSED] - setText: Text '100' is set on object 'Object Repository/Final Object Repo/New Registration - Registration Module Pages/Form 1/Industry Locked Bag No'

2019-01-08 17:41:12 - [MESSAGE][PASSED] - Text '100' is set on object 'Object Repository/Final Object Repo/New Registration - Registration Module Pages/Form 1/Industry Locked Bag No'

2019-01-08 17:41:12 - [TEST_STEP][PASSED] - setText: Text '123456789' is set on object 'Object Repository/Final Object Repo/New Registration - Registration Module Pages/Form 1/Telephone No'

2019-01-08 17:41:12 - [MESSAGE][PASSED] - Text '123456789' is set on object 'Object Repository/Final Object Repo/New Registration - Registration Module Pages/Form 1/Telephone No'

2019-01-08 17:41:12 - [TEST_STEP][PASSED] - setText: Text '123456789' is set on object 'Object Repository/Final Object Repo/New Registration - Registration Module Pages/Form 1/Mobile No'

2019-01-08 17:41:13 - [MESSAGE][PASSED] - Text '123456789' is set on object 'Object Repository/Final Object Repo/New Registration - Registration Module Pages/Form 1/Mobile No'

2019-01-08 17:41:13 - [TEST_STEP][PASSED] - setText: Text '123456789' is set on object 'Object Repository/Final Object Repo/New Registration - Registration Module Pages/Form 1/Fax No'

2019-01-08 17:41:13 - [MESSAGE][PASSED] - Text '123456789' is set on object 'Object Repository/Final Object Repo/New Registration - Registration Module Pages/Form 1/Fax No'

2019-01-08 17:41:13 - [TEST_STEP][PASSED] - click: Object: 'Object Repository/Final Object Repo/New Registration - Registration Module Pages/Form 1/Industry Code' is clicked on

2019-01-08 17:41:13 - [MESSAGE][PASSED] - Object: 'Object Repository/Final Object Repo/New Registration - Registration Module Pages/Form 1/Industry Code' is clicked on

2019-01-08 17:41:13 - [TEST_STEP][PASSED] - click: Object: 'Object Repository/Final Object Repo/New Registration - Registration Module Pages/Form 1/Indudustry Code - Crops and Animal' is clicked on

2019-01-08 17:41:14 - [MESSAGE][PASSED] - Object: 'Object Repository/Final Object Repo/New Registration - Registration Module Pages/Form 1/Indudustry Code - Crops and Animal' is clicked on

2019-01-08 17:41:14 - [TEST_STEP][PASSED] - delay: Delayed 1 second(s)

2019-01-08 17:41:15 - [MESSAGE][PASSED] - Delayed 1 second(s)

2019-01-08 17:41:15 - [TEST_STEP][PASSED] - click: Object: 'Object Repository/Final Object Repo/New Registration - Registration Module Pages/Form 1/Sub Industry Code List' is clicked on

2019-01-08 17:41:15 - [MESSAGE][PASSED] - Object: 'Object Repository/Final Object Repo/New Registration - Registration Module Pages/Form 1/Sub Industry Code List' is clicked on

2019-01-08 17:41:15 - [TEST_STEP][PASSED] - click: Object: 'Object Repository/Final Object Repo/New Registration - Registration Module Pages/Form 1/Sub Industry Code List - Growing of Maize' is clicked on

2019-01-08 17:41:15 - [MESSAGE][PASSED] - Object: 'Object Repository/Final Object Repo/New Registration - Registration Module Pages/Form 1/Sub Industry Code List - Growing of Maize' is clicked on

2019-01-08 17:41:15 - [TEST_STEP][PASSED] - setText: Text 'perkeso123@gmail.com' is set on object 'Object Repository/Final Object Repo/New Registration - Registration Module Pages/Form 1/Email'

2019-01-08 17:41:16 - [MESSAGE][PASSED] - Text 'perkeso123@gmail.com' is set on object 'Object Repository/Final Object Repo/New Registration - Registration Module Pages/Form 1/Email'

2019-01-08 17:41:16 - [TEST_STEP][PASSED] - click: Object: 'Object Repository/Final Object Repo/New Registration - Registration Module Pages/Form 1/Method of Contribution Payment' is clicked on

2019-01-08 17:41:16 - [MESSAGE][PASSED] - Object: 'Object Repository/Final Object Repo/New Registration - Registration Module Pages/Form 1/Method of Contribution Payment' is clicked on

2019-01-08 17:41:16 - [TEST_STEP][PASSED] - click: Object: 'Object Repository/Final Object Repo/New Registration - Registration Module Pages/Form 1/Method of Contribution Payment - Portal' is clicked on

2019-01-08 17:41:16 - [MESSAGE][PASSED] - Object: 'Object Repository/Final Object Repo/New Registration - Registration Module Pages/Form 1/Method of Contribution Payment - Portal' is clicked on

2019-01-08 17:41:16 - [TEST_STEP][PASSED] - click: Object: 'Object Repository/Final Object Repo/New Registration - Registration Module Pages/Form 1/Servide Type' is clicked on

2019-01-08 17:41:16 - [MESSAGE][PASSED] - Object: 'Object Repository/Final Object Repo/New Registration - Registration Module Pages/Form 1/Servide Type' is clicked on

2019-01-08 17:41:16 - [TEST_STEP][PASSED] - click: Object: 'Object Repository/Final Object Repo/New Registration - Registration Module Pages/Form 1/Servide Type - Professional Bodies' is clicked on

2019-01-08 17:41:17 - [MESSAGE][PASSED] - Object: 'Object Repository/Final Object Repo/New Registration - Registration Module Pages/Form 1/Servide Type - Professional Bodies' is clicked on

2019-01-08 17:41:17 - [TEST_STEP][PASSED] - click: Object: 'Object Repository/Final Object Repo/New Registration - Registration Module Pages/Form 1/Industry Venue' is clicked on

2019-01-08 17:41:17 - [MESSAGE][PASSED] - Object: 'Object Repository/Final Object Repo/New Registration - Registration Module Pages/Form 1/Industry Venue' is clicked on

2019-01-08 17:41:17 - [TEST_STEP][PASSED] - click: Object: 'Object Repository/Final Object Repo/New Registration - Registration Module Pages/Form 1/Industry Venue -  PPN JOHOR' is clicked on

2019-01-08 17:41:17 - [MESSAGE][PASSED] - Object: 'Object Repository/Final Object Repo/New Registration - Registration Module Pages/Form 1/Industry Venue -  PPN JOHOR' is clicked on

2019-01-08 17:41:17 - [TEST_STEP][PASSED] - click: Object: 'Object Repository/Final Object Repo/New Registration - Registration Module Pages/Form 1/Save  Continue' is clicked on

2019-01-08 17:41:17 - [MESSAGE][PASSED] - Object: 'Object Repository/Final Object Repo/New Registration - Registration Module Pages/Form 1/Save  Continue' is clicked on

2019-01-08 17:41:17 - [MESSAGE][PASSED] - Call Test Case 'Test Cases/Final Aug 2018 - PKS Automation/Registration Module/New Registration/Form 1/Form 1 - Corporation - Sendirian Berhad' successfully

2019-01-08 17:41:17 - [TEST_STEP][PASSED] - callTestCase: Call Test Case 'Test Cases/Final Aug 2018 - PKS Automation/Registration Module/New Registration/Form 2/Add 2 Eligible 2 Not Eligible' successfully

2019-01-08 17:41:17 - [TEST_CASE][PASSED] - Test Cases/Final Aug 2018 - PKS Automation/Registration Module/New Registration/Form 2/Add 2 Eligible 2 Not Eligible: Test Cases/Final Aug 2018 - PKS Automation/Registration Module/New Registration/Form 2/Add 2 Eligible 2 Not Eligible

2019-01-08 17:41:18 - [TEST_STEP][PASSED] - delay: Delayed 2 second(s)

2019-01-08 17:41:20 - [MESSAGE][PASSED] - Delayed 2 second(s)

2019-01-08 17:41:20 - [TEST_STEP][PASSED] - callTestCase: Call Test Case 'Test Cases/Final Aug 2018 - PKS Automation/Registration Module/New Registration/Form 2/Date Updater' successfully

2019-01-08 17:41:20 - [TEST_CASE][PASSED] - Test Cases/Final Aug 2018 - PKS Automation/Registration Module/New Registration/Form 2/Date Updater: Test Cases/Final Aug 2018 - PKS Automation/Registration Module/New Registration/Form 2/Date Updater

2019-01-08 17:41:20 - [TEST_STEP][PASSED] - Statement - TodayDate = new java.util.Date(): null

2019-01-08 17:41:20 - [TEST_STEP][PASSED] - Statement - CurrentDateNoFilter = new java.text.SimpleDateFormat(): null

2019-01-08 17:41:20 - [TEST_STEP][PASSED] - Statement - CurrentDateNoFilter.applyPattern("MM"): null

2019-01-08 17:41:20 - [TEST_STEP][PASSED] - Statement - monthContainerMatcher = java.lang.Integer.parseInt(CurrentDateNoFilter.format(TodayDate)): null

2019-01-08 17:41:20 - [TEST_STEP][PASSED] - Statement - monthContainerMatcher = monthContainerMatcher - 1: null

2019-01-08 17:41:20 - [TEST_STEP][PASSED] - Statement - CurrentMonth = monthContainerMatcher.toString(): null

2019-01-08 17:41:20 - [TEST_STEP][PASSED] - Statement - CurrentMonth = CurrentMonth: null

2019-01-08 17:41:20 - [TEST_STEP][PASSED] - Statement - CurrentDateNoFilter.applyPattern("yyyy"): null

2019-01-08 17:41:20 - [TEST_STEP][PASSED] - Statement - CurrentYear = CurrentDateNoFilter.format(TodayDate): null

2019-01-08 17:41:20 - [TEST_STEP][PASSED] - Statement - CurrentYear = CurrentYear: null

2019-01-08 17:41:20 - [TEST_STEP][PASSED] - Statement - intCurrentYear = java.lang.Integer.parseInt(CurrentDateNoFilter.format(TodayDate)): null

2019-01-08 17:41:20 - [TEST_STEP][PASSED] - Statement - eighteenYrsAgo = intCurrentYear - 18: null

2019-01-08 17:41:20 - [TEST_STEP][PASSED] - Statement - eighteenYrsBeforeThisYr = eighteenYrsAgo.toString(): null

2019-01-08 17:41:20 - [TEST_STEP][PASSED] - Statement - EighteenYrsBefore = eighteenYrsBeforeThisYr: null

2019-01-08 17:41:20 - [TEST_STEP][PASSED] - Statement - fiftysevenYrsAgo = intCurrentYear - 57: null

2019-01-08 17:41:20 - [TEST_STEP][PASSED] - Statement - fiftysevenYrsBeforeThisYr = fiftysevenYrsAgo.toString(): null

2019-01-08 17:41:20 - [TEST_STEP][PASSED] - Statement - FiftysevenYrsBefore = fiftysevenYrsBeforeThisYr: null

2019-01-08 17:41:20 - [TEST_STEP][PASSED] - Statement - leapYear = false: null

2019-01-08 17:41:20 - [TEST_STEP][PASSED] - Statement - leapYear = intCurrentYear % 4 == 0: null

2019-01-08 17:41:20 - [TEST_STEP][PASSED] - Statement - CurrentDateNoFilter.applyPattern("dd"): null

2019-01-08 17:41:21 - [TEST_STEP][PASSED] - Statement - CurrentDate = CurrentDateNoFilter.format(TodayDate): null

2019-01-08 17:41:21 - [TEST_STEP][PASSED] - Statement - CurrentDate = java.lang.Integer.parseInt(CurrentDate): null

2019-01-08 17:41:21 - [TEST_STEP][PASSED] - Statement - CurrentDate = CurrentDate: null

2019-01-08 17:41:21 - [TEST_STEP][PASSED] - Statement - CurrentDay = java.lang.Integer.parseInt(CurrentDate): null

2019-01-08 17:41:21 - [TEST_STEP][PASSED] - Statement - ConfAdder = <not implemented yet for class: org.codehaus.groovy.ast.expr.EmptyExpression>: null

2019-01-08 17:41:21 - [TEST_STEP][PASSED] - Statement - out.println(CurrentMonth): null

2019-01-08 17:41:21 - [TEST_STEP][PASSED] - Statement - out.println(CurrentDate): null

2019-01-08 17:41:21 - [TEST_STEP][PASSED] - Statement - switch (CurrentDate): null

2019-01-08 17:41:21 - [TEST_STEP][PASSED] - Statement - Default: null

2019-01-08 17:41:21 - [TEST_STEP][PASSED] - Statement - ConfAdder = true: null

2019-01-08 17:41:21 - [TEST_STEP][PASSED] - Statement - Break: null

2019-01-08 17:41:21 - [TEST_STEP][PASSED] - Statement - aDayBefore = <not implemented yet for class: org.codehaus.groovy.ast.expr.EmptyExpression>: null

2019-01-08 17:41:21 - [TEST_STEP][PASSED] - Statement - out.println(ConfAdder): null

2019-01-08 17:41:21 - [TEST_STEP][PASSED] - Statement - If (ConfAdder == true): null

2019-01-08 17:41:21 - [TEST_STEP][PASSED] - Statement - aDayBefore = CurrentDay + 1: null

2019-01-08 17:41:21 - [TEST_STEP][PASSED] - Statement - out.println(aDayBefore): null

2019-01-08 17:41:21 - [TEST_STEP][PASSED] - Statement - If (aDayBefore == 1 && CurrentMonth == 11): null

2019-01-08 17:41:21 - [TEST_STEP][PASSED] - Statement - DayBefore = aDayBefore.toString(): null

2019-01-08 17:41:21 - [TEST_STEP][PASSED] - Statement - OneDayBefore = DayBefore: null

2019-01-08 17:41:21 - [MESSAGE][PASSED] - Call Test Case 'Test Cases/Final Aug 2018 - PKS Automation/Registration Module/New Registration/Form 2/Date Updater' successfully

2019-01-08 17:41:21 - [TEST_STEP][PASSED] - delay: Delayed 1 second(s)

2019-01-08 17:41:22 - [MESSAGE][PASSED] - Delayed 1 second(s)

2019-01-08 17:41:22 - [TEST_STEP][PASSED] - Statement - CaseReferenceNo = com.kms.katalon.core.webui.keyword.WebUiBuiltInKeywords.getText(com.kms.katalon.core.testobject.ObjectRepository.findTestObject(Final Object Repo/New Registration - Registration Module Pages/Form 2/RefNo Acquiring)): Text of object 'Object Repository/Final Object Repo/New Registration - Registration Module Pages/Form 2/RefNo Acquiring' is: 'CRN01201900123643'

2019-01-08 17:41:22 - [MESSAGE][PASSED] - Text of object 'Object Repository/Final Object Repo/New Registration - Registration Module Pages/Form 2/RefNo Acquiring' is: 'CRN01201900123643'

2019-01-08 17:41:22 - [TEST_STEP][PASSED] - delay: Delayed 1 second(s)

2019-01-08 17:41:23 - [MESSAGE][PASSED] - Delayed 1 second(s)

2019-01-08 17:41:23 - [TEST_STEP][PASSED] - click: Object: 'Object Repository/Final Object Repo/New Registration - Registration Module Pages/Form 2/Add Employee Button' is clicked on

2019-01-08 17:41:23 - [MESSAGE][PASSED] - Object: 'Object Repository/Final Object Repo/New Registration - Registration Module Pages/Form 2/Add Employee Button' is clicked on

2019-01-08 17:41:23 - [TEST_STEP][PASSED] - delay: Delayed 4 second(s)

2019-01-08 17:41:27 - [MESSAGE][PASSED] - Delayed 4 second(s)

2019-01-08 17:41:27 - [TEST_STEP][PASSED] - setText: Text '010903091927' is set on object 'Object Repository/Final Object Repo/New Registration - Registration Module Pages/Form 2/NRIC Input'

2019-01-08 17:41:27 - [MESSAGE][PASSED] - Text '010903091927' is set on object 'Object Repository/Final Object Repo/New Registration - Registration Module Pages/Form 2/NRIC Input'

2019-01-08 17:41:27 - [TEST_STEP][PASSED] - click: Object: 'Object Repository/Final Object Repo/New Registration - Registration Module Pages/Form 2/button for search for IC' is clicked on

2019-01-08 17:41:28 - [MESSAGE][PASSED] - Object: 'Object Repository/Final Object Repo/New Registration - Registration Module Pages/Form 2/button for search for IC' is clicked on

2019-01-08 17:41:28 - [TEST_STEP][PASSED] - delay: Delayed 2 second(s)

2019-01-08 17:41:30 - [MESSAGE][PASSED] - Delayed 2 second(s)

2019-01-08 17:41:30 - [TEST_STEP][PASSED] - setText: Text 'Automate001 eligible 1' is set on object 'Object Repository/Final Object Repo/New Registration - Registration Module Pages/Form 2/Employee Name Input'

2019-01-08 17:41:30 - [MESSAGE][PASSED] - Text 'Automate001 eligible 1' is set on object 'Object Repository/Final Object Repo/New Registration - Registration Module Pages/Form 2/Employee Name Input'

2019-01-08 17:41:30 - [TEST_STEP][PASSED] - delay: Delayed 2 second(s)

2019-01-08 17:41:32 - [MESSAGE][PASSED] - Delayed 2 second(s)

2019-01-08 17:41:32 - [TEST_STEP][PASSED] - click: Object: 'Object Repository/Final Object Repo/New Registration - Registration Module Pages/Form 2/DatePicker Pop Up' is clicked on

2019-01-08 17:41:32 - [MESSAGE][PASSED] - Object: 'Object Repository/Final Object Repo/New Registration - Registration Module Pages/Form 2/DatePicker Pop Up' is clicked on

2019-01-08 17:41:32 - [TEST_STEP][PASSED] - click: Object: 'Object Repository/Final Object Repo/New Registration - Registration Module Pages/Form 2/DOB Month' is clicked on

2019-01-08 17:41:32 - [MESSAGE][PASSED] - Object: 'Object Repository/Final Object Repo/New Registration - Registration Module Pages/Form 2/DOB Month' is clicked on

2019-01-08 17:41:32 - [TEST_STEP][PASSED] - Statement - CurrentMonth = CurrentMonth: null

2019-01-08 17:41:32 - [TEST_STEP][PASSED] - Statement - selectMonth = new com.kms.katalon.core.testobject.TestObject(): null

2019-01-08 17:41:32 - [TEST_STEP][PASSED] - Statement - selectMonth.addProperty("xpath", EQUALS, "//body/div/div/div/select/option[@value='" + CurrentMonth + "']", true): null

2019-01-08 17:41:33 - [TEST_STEP][PASSED] - click: Object: '' is clicked on

2019-01-08 17:41:33 - [MESSAGE][PASSED] - Object: '' is clicked on

2019-01-08 17:41:33 - [TEST_STEP][PASSED] - click: Object: 'Object Repository/Final Object Repo/New Registration - Registration Module Pages/Form 2/DOB Year' is clicked on

2019-01-08 17:41:33 - [MESSAGE][PASSED] - Object: 'Object Repository/Final Object Repo/New Registration - Registration Module Pages/Form 2/DOB Year' is clicked on

2019-01-08 17:41:33 - [TEST_STEP][PASSED] - Statement - Eyearsbf = EighteenYrsBefore: null

2019-01-08 17:41:33 - [TEST_STEP][PASSED] - Statement - selectYear = new com.kms.katalon.core.testobject.TestObject(): null

2019-01-08 17:41:33 - [TEST_STEP][PASSED] - Statement - selectYear.addProperty("xpath", EQUALS, "//div/div/div/select/option[@value='" + Eyearsbf + "']", true): null

2019-01-08 17:41:33 - [TEST_STEP][PASSED] - click: Object: '' is clicked on

2019-01-08 17:41:33 - [MESSAGE][PASSED] - Object: '' is clicked on

2019-01-08 17:41:33 - [TEST_STEP][PASSED] - Statement - UpdatedSelectDate = com.kms.katalon.core.webui.keyword.WebUiBuiltInKeywords.modifyObjectProperty(com.kms.katalon.core.testobject.ObjectRepository.findTestObject(Final Object Repo/New Registration - Registration Module Pages/Form 2/DOB Date), "xpath", "equals", "//body/div/table/tbody/tr/td/a[text()="" + CurrentDate + ""]", true): Modify property of object successfully

2019-01-08 17:41:33 - [MESSAGE][PASSED] - Modify property of object successfully

2019-01-08 17:41:33 - [TEST_STEP][PASSED] - delay: Delayed 3 second(s)

2019-01-08 17:41:36 - [MESSAGE][PASSED] - Delayed 3 second(s)

2019-01-08 17:41:36 - [TEST_STEP][PASSED] - click: Object: 'Object Repository/Final Object Repo/New Registration - Registration Module Pages/Form 2/DOB Date' is clicked on

2019-01-08 17:41:36 - [MESSAGE][PASSED] - Object: 'Object Repository/Final Object Repo/New Registration - Registration Module Pages/Form 2/DOB Date' is clicked on

2019-01-08 17:41:36 - [TEST_STEP][PASSED] - delay: Delayed 2 second(s)

2019-01-08 17:41:38 - [MESSAGE][PASSED] - Delayed 2 second(s)

2019-01-08 17:41:38 - [TEST_STEP][PASSED] - click: Object: 'Object Repository/Final Object Repo/New Registration - Registration Module Pages/Form 2/EmploymentStartDate Pop Up' is clicked on

2019-01-08 17:41:38 - [MESSAGE][PASSED] - Object: 'Object Repository/Final Object Repo/New Registration - Registration Module Pages/Form 2/EmploymentStartDate Pop Up' is clicked on

2019-01-08 17:41:38 - [TEST_STEP][PASSED] - delay: Delayed 2 second(s)

2019-01-08 17:41:40 - [MESSAGE][PASSED] - Delayed 2 second(s)

2019-01-08 17:41:40 - [TEST_STEP][PASSED] - click: Object: 'Object Repository/Final Object Repo/New Registration - Registration Module Pages/Form 2/Socso Employment StartDate Month' is clicked on

2019-01-08 17:41:40 - [MESSAGE][PASSED] - Object: 'Object Repository/Final Object Repo/New Registration - Registration Module Pages/Form 2/Socso Employment StartDate Month' is clicked on

2019-01-08 17:41:40 - [TEST_STEP][PASSED] - delay: Delayed 1 second(s)

2019-01-08 17:41:41 - [MESSAGE][PASSED] - Delayed 1 second(s)

2019-01-08 17:41:41 - [TEST_STEP][PASSED] - click: Object: 'Object Repository/Final Object Repo/New Registration - Registration Module Pages/Form 2/Select Socso Employement Startdate Month' is clicked on

2019-01-08 17:41:42 - [MESSAGE][PASSED] - Object: 'Object Repository/Final Object Repo/New Registration - Registration Module Pages/Form 2/Select Socso Employement Startdate Month' is clicked on

2019-01-08 17:41:42 - [TEST_STEP][PASSED] - delay: Delayed 2 second(s)

2019-01-08 17:41:44 - [MESSAGE][PASSED] - Delayed 2 second(s)

2019-01-08 17:41:44 - [TEST_STEP][PASSED] - click: Object: 'Object Repository/Final Object Repo/New Registration - Registration Module Pages/Form 2/Socso Employment StartDate Year' is clicked on

2019-01-08 17:41:44 - [MESSAGE][PASSED] - Object: 'Object Repository/Final Object Repo/New Registration - Registration Module Pages/Form 2/Socso Employment StartDate Year' is clicked on

2019-01-08 17:41:44 - [TEST_STEP][PASSED] - delay: Delayed 1 second(s)

2019-01-08 17:41:45 - [MESSAGE][PASSED] - Delayed 1 second(s)

2019-01-08 17:41:45 - [TEST_STEP][PASSED] - click: Object: 'Object Repository/Final Object Repo/New Registration - Registration Module Pages/Form 2/Select Socso Employment Startdate Year' is clicked on

2019-01-08 17:41:45 - [MESSAGE][PASSED] - Object: 'Object Repository/Final Object Repo/New Registration - Registration Module Pages/Form 2/Select Socso Employment Startdate Year' is clicked on

2019-01-08 17:41:45 - [TEST_STEP][PASSED] - delay: Delayed 2 second(s)

2019-01-08 17:41:47 - [MESSAGE][PASSED] - Delayed 2 second(s)

2019-01-08 17:41:47 - [TEST_STEP][PASSED] - click: Object: 'Object Repository/Final Object Repo/New Registration - Registration Module Pages/Form 2/Socso Employment Start Date Day' is clicked on

2019-01-08 17:41:47 - [MESSAGE][PASSED] - Object: 'Object Repository/Final Object Repo/New Registration - Registration Module Pages/Form 2/Socso Employment Start Date Day' is clicked on

2019-01-08 17:41:47 - [TEST_STEP][PASSED] - delay: Delayed 2 second(s)

2019-01-08 17:41:49 - [MESSAGE][PASSED] - Delayed 2 second(s)

2019-01-08 17:41:49 - [TEST_STEP][PASSED] - click: Object: 'Object Repository/Final Object Repo/New Registration - Registration Module Pages/Form 2/Save Button for Add Employee' is clicked on

2019-01-08 17:41:49 - [MESSAGE][PASSED] - Object: 'Object Repository/Final Object Repo/New Registration - Registration Module Pages/Form 2/Save Button for Add Employee' is clicked on

2019-01-08 17:41:49 - [TEST_STEP][PASSED] - delay: Delayed 6 second(s)

2019-01-08 17:41:55 - [MESSAGE][PASSED] - Delayed 6 second(s)

2019-01-08 17:41:55 - [TEST_STEP][PASSED] - click: Object: 'Object Repository/Final Object Repo/New Registration - Registration Module Pages/Form 2/Add Employee Button' is clicked on

2019-01-08 17:41:55 - [MESSAGE][PASSED] - Object: 'Object Repository/Final Object Repo/New Registration - Registration Module Pages/Form 2/Add Employee Button' is clicked on

2019-01-08 17:41:55 - [TEST_STEP][PASSED] - delay: Delayed 4 second(s)

2019-01-08 17:41:59 - [MESSAGE][PASSED] - Delayed 4 second(s)

2019-01-08 17:41:59 - [TEST_STEP][PASSED] - setText: Text '620904059691' is set on object 'Object Repository/Final Object Repo/New Registration - Registration Module Pages/Form 2/NRIC Input'

2019-01-08 17:42:00 - [MESSAGE][PASSED] - Text '620904059691' is set on object 'Object Repository/Final Object Repo/New Registration - Registration Module Pages/Form 2/NRIC Input'

2019-01-08 17:42:00 - [TEST_STEP][PASSED] - click: Object: 'Object Repository/Final Object Repo/New Registration - Registration Module Pages/Form 2/button for search for IC' is clicked on

2019-01-08 17:42:00 - [MESSAGE][PASSED] - Object: 'Object Repository/Final Object Repo/New Registration - Registration Module Pages/Form 2/button for search for IC' is clicked on

2019-01-08 17:42:00 - [TEST_STEP][PASSED] - delay: Delayed 2 second(s)

2019-01-08 17:42:02 - [MESSAGE][PASSED] - Delayed 2 second(s)

2019-01-08 17:42:02 - [TEST_STEP][PASSED] - setText: Text 'Automate001 eligible 2' is set on object 'Object Repository/Final Object Repo/New Registration - Registration Module Pages/Form 2/Employee Name Input'

2019-01-08 17:42:03 - [MESSAGE][PASSED] - Text 'Automate001 eligible 2' is set on object 'Object Repository/Final Object Repo/New Registration - Registration Module Pages/Form 2/Employee Name Input'

2019-01-08 17:42:03 - [TEST_STEP][PASSED] - delay: Delayed 2 second(s)

2019-01-08 17:42:05 - [MESSAGE][PASSED] - Delayed 2 second(s)

2019-01-08 17:42:05 - [TEST_STEP][PASSED] - click: Object: 'Object Repository/Final Object Repo/New Registration - Registration Module Pages/Form 2/DatePicker Pop Up' is clicked on

2019-01-08 17:42:05 - [MESSAGE][PASSED] - Object: 'Object Repository/Final Object Repo/New Registration - Registration Module Pages/Form 2/DatePicker Pop Up' is clicked on

2019-01-08 17:42:05 - [TEST_STEP][PASSED] - delay: Delayed 2 second(s)

2019-01-08 17:42:07 - [MESSAGE][PASSED] - Delayed 2 second(s)

2019-01-08 17:42:07 - [TEST_STEP][PASSED] - click: Object: 'Object Repository/Final Object Repo/New Registration - Registration Module Pages/Form 2/DOB Month' is clicked on

2019-01-08 17:42:07 - [MESSAGE][PASSED] - Object: 'Object Repository/Final Object Repo/New Registration - Registration Module Pages/Form 2/DOB Month' is clicked on

2019-01-08 17:42:07 - [TEST_STEP][PASSED] - Statement - selectMonth = com.kms.katalon.core.webui.keyword.WebUiBuiltInKeywords.modifyObjectProperty(selectMonth, "xpath", "equals", "//body/div/div/div/select/option[@value="" + CurrentMonth + ""]", true): Modify property of object successfully

2019-01-08 17:42:07 - [MESSAGE][PASSED] - Modify property of object successfully

2019-01-08 17:42:07 - [TEST_STEP][PASSED] - click: Object: '' is clicked on

2019-01-08 17:42:07 - [MESSAGE][PASSED] - Object: '' is clicked on

2019-01-08 17:42:07 - [TEST_STEP][PASSED] - click: Object: 'Object Repository/Final Object Repo/New Registration - Registration Module Pages/Form 2/DOB Year' is clicked on

2019-01-08 17:42:07 - [MESSAGE][PASSED] - Object: 'Object Repository/Final Object Repo/New Registration - Registration Module Pages/Form 2/DOB Year' is clicked on

2019-01-08 17:42:07 - [TEST_STEP][PASSED] - Statement - selectYear = com.kms.katalon.core.webui.keyword.WebUiBuiltInKeywords.modifyObjectProperty(selectYear, "xpath", "equals", "//div/div/div/select/option[@value="" + FiftysevenYrsBefore + ""]", true): Modify property of object successfully

2019-01-08 17:42:07 - [MESSAGE][PASSED] - Modify property of object successfully

2019-01-08 17:42:07 - [TEST_STEP][PASSED] - click: Object: '' is clicked on

2019-01-08 17:42:07 - [MESSAGE][PASSED] - Object: '' is clicked on

2019-01-08 17:42:07 - [TEST_STEP][PASSED] - Statement - UpdatedSelectDate = com.kms.katalon.core.webui.keyword.WebUiBuiltInKeywords.modifyObjectProperty(com.kms.katalon.core.testobject.ObjectRepository.findTestObject(Final Object Repo/New Registration - Registration Module Pages/Form 2/DOB Date), "xpath", "equals", "//body/div/table/tbody/tr/td/a[text()="" + OneDayBefore + ""]", true): Modify property of object successfully

2019-01-08 17:42:07 - [MESSAGE][PASSED] - Modify property of object successfully

2019-01-08 17:42:07 - [TEST_STEP][PASSED] - click: Object: 'Object Repository/Final Object Repo/New Registration - Registration Module Pages/Form 2/DOB Date' is clicked on

2019-01-08 17:42:07 - [MESSAGE][PASSED] - Object: 'Object Repository/Final Object Repo/New Registration - Registration Module Pages/Form 2/DOB Date' is clicked on

2019-01-08 17:42:07 - [TEST_STEP][PASSED] - delay: Delayed 2 second(s)

2019-01-08 17:42:10 - [MESSAGE][PASSED] - Delayed 2 second(s)

2019-01-08 17:42:10 - [TEST_STEP][PASSED] - click: Object: 'Object Repository/Final Object Repo/New Registration - Registration Module Pages/Form 2/EmploymentStartDate Pop Up' is clicked on

2019-01-08 17:42:10 - [MESSAGE][PASSED] - Object: 'Object Repository/Final Object Repo/New Registration - Registration Module Pages/Form 2/EmploymentStartDate Pop Up' is clicked on

2019-01-08 17:42:10 - [TEST_STEP][PASSED] - delay: Delayed 2 second(s)

2019-01-08 17:42:12 - [MESSAGE][PASSED] - Delayed 2 second(s)

2019-01-08 17:42:12 - [TEST_STEP][PASSED] - click: Object: 'Object Repository/Final Object Repo/New Registration - Registration Module Pages/Form 2/Socso Employment StartDate Month' is clicked on

2019-01-08 17:42:12 - [MESSAGE][PASSED] - Object: 'Object Repository/Final Object Repo/New Registration - Registration Module Pages/Form 2/Socso Employment StartDate Month' is clicked on

2019-01-08 17:42:12 - [TEST_STEP][PASSED] - delay: Delayed 1 second(s)

2019-01-08 17:42:13 - [MESSAGE][PASSED] - Delayed 1 second(s)

2019-01-08 17:42:13 - [TEST_STEP][PASSED] - click: Object: 'Object Repository/Final Object Repo/New Registration - Registration Module Pages/Form 2/Select Socso Employement Startdate Month' is clicked on

2019-01-08 17:42:13 - [MESSAGE][PASSED] - Object: 'Object Repository/Final Object Repo/New Registration - Registration Module Pages/Form 2/Select Socso Employement Startdate Month' is clicked on

2019-01-08 17:42:13 - [TEST_STEP][PASSED] - delay: Delayed 2 second(s)

2019-01-08 17:42:15 - [MESSAGE][PASSED] - Delayed 2 second(s)

2019-01-08 17:42:15 - [TEST_STEP][PASSED] - click: Object: 'Object Repository/Final Object Repo/New Registration - Registration Module Pages/Form 2/Socso Employment StartDate Year' is clicked on

2019-01-08 17:42:15 - [MESSAGE][PASSED] - Object: 'Object Repository/Final Object Repo/New Registration - Registration Module Pages/Form 2/Socso Employment StartDate Year' is clicked on

2019-01-08 17:42:15 - [TEST_STEP][PASSED] - delay: Delayed 1 second(s)

2019-01-08 17:42:16 - [MESSAGE][PASSED] - Delayed 1 second(s)

2019-01-08 17:42:16 - [TEST_STEP][PASSED] - click: Object: 'Object Repository/Final Object Repo/New Registration - Registration Module Pages/Form 2/Select Socso Employment Startdate Year' is clicked on

2019-01-08 17:42:16 - [MESSAGE][PASSED] - Object: 'Object Repository/Final Object Repo/New Registration - Registration Module Pages/Form 2/Select Socso Employment Startdate Year' is clicked on

2019-01-08 17:42:16 - [TEST_STEP][PASSED] - delay: Delayed 2 second(s)

2019-01-08 17:42:18 - [MESSAGE][PASSED] - Delayed 2 second(s)

2019-01-08 17:42:18 - [TEST_STEP][PASSED] - click: Object: 'Object Repository/Final Object Repo/New Registration - Registration Module Pages/Form 2/Socso Employment Start Date Day' is clicked on

2019-01-08 17:42:19 - [MESSAGE][PASSED] - Object: 'Object Repository/Final Object Repo/New Registration - Registration Module Pages/Form 2/Socso Employment Start Date Day' is clicked on

2019-01-08 17:42:19 - [TEST_STEP][PASSED] - delay: Delayed 2 second(s)

2019-01-08 17:42:21 - [MESSAGE][PASSED] - Delayed 2 second(s)

2019-01-08 17:42:21 - [TEST_STEP][PASSED] - click: Object: 'Object Repository/Final Object Repo/New Registration - Registration Module Pages/Form 2/Save Button for Add Employee' is clicked on

2019-01-08 17:42:21 - [MESSAGE][PASSED] - Object: 'Object Repository/Final Object Repo/New Registration - Registration Module Pages/Form 2/Save Button for Add Employee' is clicked on

2019-01-08 17:42:21 - [TEST_STEP][PASSED] - delay: Delayed 4 second(s)

2019-01-08 17:42:25 - [MESSAGE][PASSED] - Delayed 4 second(s)

2019-01-08 17:42:25 - [TEST_STEP][PASSED] - delay: Delayed 30 second(s)

2019-01-08 17:42:55 - [MESSAGE][PASSED] - Delayed 30 second(s)

2019-01-08 17:42:55 - [TEST_STEP][PASSED] - click: Object: 'Object Repository/Final Object Repo/New Registration - Registration Module Pages/Form 2/Add Employee Button' is clicked on

2019-01-08 17:42:55 - [MESSAGE][PASSED] - Object: 'Object Repository/Final Object Repo/New Registration - Registration Module Pages/Form 2/Add Employee Button' is clicked on

2019-01-08 17:42:55 - [TEST_STEP][PASSED] - delay: Delayed 4 second(s)

2019-01-08 17:42:59 - [MESSAGE][PASSED] - Delayed 4 second(s)

2019-01-08 17:42:59 - [TEST_STEP][PASSED] - setText: Text '000209039145' is set on object 'Object Repository/Final Object Repo/New Registration - Registration Module Pages/Form 2/NRIC Input'

2019-01-08 17:42:59 - [MESSAGE][PASSED] - Text '000209039145' is set on object 'Object Repository/Final Object Repo/New Registration - Registration Module Pages/Form 2/NRIC Input'

2019-01-08 17:42:59 - [TEST_STEP][PASSED] - click: Object: 'Object Repository/Final Object Repo/New Registration - Registration Module Pages/Form 2/button for search for IC' is clicked on

2019-01-08 17:42:59 - [MESSAGE][PASSED] - Object: 'Object Repository/Final Object Repo/New Registration - Registration Module Pages/Form 2/button for search for IC' is clicked on

2019-01-08 17:42:59 - [TEST_STEP][PASSED] - delay: Delayed 2 second(s)

2019-01-08 17:43:01 - [MESSAGE][PASSED] - Delayed 2 second(s)

2019-01-08 17:43:01 - [TEST_STEP][PASSED] - setText: Text 'Automate001 not eligible 1' is set on object 'Object Repository/Final Object Repo/New Registration - Registration Module Pages/Form 2/Employee Name Input'

2019-01-08 17:43:02 - [MESSAGE][PASSED] - Text 'Automate001 not eligible 1' is set on object 'Object Repository/Final Object Repo/New Registration - Registration Module Pages/Form 2/Employee Name Input'

2019-01-08 17:43:02 - [TEST_STEP][PASSED] - delay: Delayed 2 second(s)

2019-01-08 17:43:04 - [MESSAGE][PASSED] - Delayed 2 second(s)

2019-01-08 17:43:04 - [TEST_STEP][PASSED] - click: Object: 'Object Repository/Final Object Repo/New Registration - Registration Module Pages/Form 2/DatePicker Pop Up' is clicked on

2019-01-08 17:43:04 - [MESSAGE][PASSED] - Object: 'Object Repository/Final Object Repo/New Registration - Registration Module Pages/Form 2/DatePicker Pop Up' is clicked on

2019-01-08 17:43:04 - [TEST_STEP][PASSED] - delay: Delayed 2 second(s)

2019-01-08 17:43:06 - [MESSAGE][PASSED] - Delayed 2 second(s)

2019-01-08 17:43:06 - [TEST_STEP][PASSED] - click: Object: 'Object Repository/Final Object Repo/New Registration - Registration Module Pages/Form 2/DOB Month' is clicked on

2019-01-08 17:43:06 - [MESSAGE][PASSED] - Object: 'Object Repository/Final Object Repo/New Registration - Registration Module Pages/Form 2/DOB Month' is clicked on

2019-01-08 17:43:06 - [TEST_STEP][PASSED] - Statement - selectMonth = com.kms.katalon.core.webui.keyword.WebUiBuiltInKeywords.modifyObjectProperty(selectMonth, "xpath", "equals", "//body/div/div/div/select/option[@value="" + CurrentMonth + ""]", true): Modify property of object successfully

2019-01-08 17:43:06 - [MESSAGE][PASSED] - Modify property of object successfully

2019-01-08 17:43:06 - [TEST_STEP][PASSED] - click: Object: '' is clicked on

2019-01-08 17:43:07 - [MESSAGE][PASSED] - Object: '' is clicked on

2019-01-08 17:43:07 - [TEST_STEP][PASSED] - click: Object: 'Object Repository/Final Object Repo/New Registration - Registration Module Pages/Form 2/DOB Year' is clicked on

2019-01-08 17:43:07 - [MESSAGE][PASSED] - Object: 'Object Repository/Final Object Repo/New Registration - Registration Module Pages/Form 2/DOB Year' is clicked on

2019-01-08 17:43:07 - [TEST_STEP][PASSED] - Statement - selectYear = com.kms.katalon.core.webui.keyword.WebUiBuiltInKeywords.modifyObjectProperty(selectYear, "xpath", "equals", "//div/div/div/select/option[@value="" + EighteenYrsBefore + ""]", true): Modify property of object successfully

2019-01-08 17:43:07 - [MESSAGE][PASSED] - Modify property of object successfully

2019-01-08 17:43:07 - [TEST_STEP][PASSED] - click: Object: '' is clicked on

2019-01-08 17:43:07 - [MESSAGE][PASSED] - Object: '' is clicked on

2019-01-08 17:43:07 - [TEST_STEP][PASSED] - Statement - UpdatedSelectDate = com.kms.katalon.core.webui.keyword.WebUiBuiltInKeywords.modifyObjectProperty(com.kms.katalon.core.testobject.ObjectRepository.findTestObject(Final Object Repo/New Registration - Registration Module Pages/Form 2/DOB Date), "xpath", "equals", "//body/div/table/tbody/tr/td/a[text()="" + OneDayBefore + ""]", true): Modify property of object successfully

2019-01-08 17:43:07 - [MESSAGE][PASSED] - Modify property of object successfully

2019-01-08 17:43:07 - [TEST_STEP][PASSED] - click: Object: 'Object Repository/Final Object Repo/New Registration - Registration Module Pages/Form 2/DOB Date' is clicked on

2019-01-08 17:43:07 - [MESSAGE][PASSED] - Object: 'Object Repository/Final Object Repo/New Registration - Registration Module Pages/Form 2/DOB Date' is clicked on

2019-01-08 17:43:07 - [TEST_STEP][PASSED] - delay: Delayed 2 second(s)

2019-01-08 17:43:09 - [MESSAGE][PASSED] - Delayed 2 second(s)

2019-01-08 17:43:09 - [TEST_STEP][PASSED] - click: Object: 'Object Repository/Final Object Repo/New Registration - Registration Module Pages/Form 2/EmploymentStartDate Pop Up' is clicked on

2019-01-08 17:43:09 - [MESSAGE][PASSED] - Object: 'Object Repository/Final Object Repo/New Registration - Registration Module Pages/Form 2/EmploymentStartDate Pop Up' is clicked on

2019-01-08 17:43:09 - [TEST_STEP][PASSED] - delay: Delayed 2 second(s)

2019-01-08 17:43:11 - [MESSAGE][PASSED] - Delayed 2 second(s)

2019-01-08 17:43:11 - [TEST_STEP][PASSED] - click: Object: 'Object Repository/Final Object Repo/New Registration - Registration Module Pages/Form 2/Socso Employment StartDate Month' is clicked on

2019-01-08 17:43:11 - [MESSAGE][PASSED] - Object: 'Object Repository/Final Object Repo/New Registration - Registration Module Pages/Form 2/Socso Employment StartDate Month' is clicked on

2019-01-08 17:43:11 - [TEST_STEP][PASSED] - delay: Delayed 1 second(s)

2019-01-08 17:43:12 - [MESSAGE][PASSED] - Delayed 1 second(s)

2019-01-08 17:43:12 - [TEST_STEP][PASSED] - click: Object: 'Object Repository/Final Object Repo/New Registration - Registration Module Pages/Form 2/Select Socso Employement Startdate Month' is clicked on

2019-01-08 17:43:12 - [MESSAGE][PASSED] - Object: 'Object Repository/Final Object Repo/New Registration - Registration Module Pages/Form 2/Select Socso Employement Startdate Month' is clicked on

2019-01-08 17:43:12 - [TEST_STEP][PASSED] - delay: Delayed 2 second(s)

2019-01-08 17:43:14 - [MESSAGE][PASSED] - Delayed 2 second(s)

2019-01-08 17:43:14 - [TEST_STEP][PASSED] - click: Object: 'Object Repository/Final Object Repo/New Registration - Registration Module Pages/Form 2/Socso Employment StartDate Year' is clicked on

2019-01-08 17:43:15 - [MESSAGE][PASSED] - Object: 'Object Repository/Final Object Repo/New Registration - Registration Module Pages/Form 2/Socso Employment StartDate Year' is clicked on

2019-01-08 17:43:15 - [TEST_STEP][PASSED] - delay: Delayed 1 second(s)

2019-01-08 17:43:16 - [MESSAGE][PASSED] - Delayed 1 second(s)

2019-01-08 17:43:16 - [TEST_STEP][PASSED] - click: Object: 'Object Repository/Final Object Repo/New Registration - Registration Module Pages/Form 2/Select Socso Employment Startdate Year' is clicked on

2019-01-08 17:43:16 - [MESSAGE][PASSED] - Object: 'Object Repository/Final Object Repo/New Registration - Registration Module Pages/Form 2/Select Socso Employment Startdate Year' is clicked on

2019-01-08 17:43:16 - [TEST_STEP][PASSED] - delay: Delayed 2 second(s)

2019-01-08 17:43:18 - [MESSAGE][PASSED] - Delayed 2 second(s)

2019-01-08 17:43:18 - [TEST_STEP][PASSED] - click: Object: 'Object Repository/Final Object Repo/New Registration - Registration Module Pages/Form 2/Socso Employment Start Date Day' is clicked on

2019-01-08 17:43:18 - [MESSAGE][PASSED] - Object: 'Object Repository/Final Object Repo/New Registration - Registration Module Pages/Form 2/Socso Employment Start Date Day' is clicked on

2019-01-08 17:43:18 - [TEST_STEP][PASSED] - delay: Delayed 2 second(s)

2019-01-08 17:43:20 - [MESSAGE][PASSED] - Delayed 2 second(s)

2019-01-08 17:43:20 - [TEST_STEP][PASSED] - click: Object: 'Object Repository/Final Object Repo/New Registration - Registration Module Pages/Form 2/Save Button for Add Employee' is clicked on

2019-01-08 17:43:20 - [MESSAGE][PASSED] - Object: 'Object Repository/Final Object Repo/New Registration - Registration Module Pages/Form 2/Save Button for Add Employee' is clicked on

2019-01-08 17:43:20 - [TEST_STEP][PASSED] - delay: Delayed 6 second(s)

2019-01-08 17:43:26 - [MESSAGE][PASSED] - Delayed 6 second(s)

2019-01-08 17:43:26 - [TEST_STEP][PASSED] - click: Object: 'Object Repository/Final Object Repo/New Registration - Registration Module Pages/Form 2/Add Employee Button' is clicked on

2019-01-08 17:43:26 - [MESSAGE][PASSED] - Object: 'Object Repository/Final Object Repo/New Registration - Registration Module Pages/Form 2/Add Employee Button' is clicked on

2019-01-08 17:43:26 - [TEST_STEP][PASSED] - delay: Delayed 4 second(s)

2019-01-08 17:43:30 - [MESSAGE][PASSED] - Delayed 4 second(s)

2019-01-08 17:43:30 - [TEST_STEP][PASSED] - setText: Text '600203039154' is set on object 'Object Repository/Final Object Repo/New Registration - Registration Module Pages/Form 2/NRIC Input'

2019-01-08 17:43:31 - [MESSAGE][PASSED] - Text '600203039154' is set on object 'Object Repository/Final Object Repo/New Registration - Registration Module Pages/Form 2/NRIC Input'

2019-01-08 17:43:31 - [TEST_STEP][PASSED] - click: Object: 'Object Repository/Final Object Repo/New Registration - Registration Module Pages/Form 2/button for search for IC' is clicked on

2019-01-08 17:43:31 - [MESSAGE][PASSED] - Object: 'Object Repository/Final Object Repo/New Registration - Registration Module Pages/Form 2/button for search for IC' is clicked on

2019-01-08 17:43:31 - [TEST_STEP][PASSED] - delay: Delayed 2 second(s)

2019-01-08 17:43:33 - [MESSAGE][PASSED] - Delayed 2 second(s)

2019-01-08 17:43:33 - [TEST_STEP][PASSED] - setText: Text 'Automate001 not eligible 2' is set on object 'Object Repository/Final Object Repo/New Registration - Registration Module Pages/Form 2/Employee Name Input'

2019-01-08 17:43:33 - [MESSAGE][PASSED] - Text 'Automate001 not eligible 2' is set on object 'Object Repository/Final Object Repo/New Registration - Registration Module Pages/Form 2/Employee Name Input'

2019-01-08 17:43:33 - [TEST_STEP][PASSED] - delay: Delayed 2 second(s)

2019-01-08 17:43:35 - [MESSAGE][PASSED] - Delayed 2 second(s)

2019-01-08 17:43:35 - [TEST_STEP][PASSED] - click: Object: 'Object Repository/Final Object Repo/New Registration - Registration Module Pages/Form 2/DatePicker Pop Up' is clicked on

2019-01-08 17:43:36 - [MESSAGE][PASSED] - Object: 'Object Repository/Final Object Repo/New Registration - Registration Module Pages/Form 2/DatePicker Pop Up' is clicked on

2019-01-08 17:43:36 - [TEST_STEP][PASSED] - delay: Delayed 2 second(s)

2019-01-08 17:43:38 - [MESSAGE][PASSED] - Delayed 2 second(s)

2019-01-08 17:43:38 - [TEST_STEP][PASSED] - click: Object: 'Object Repository/Final Object Repo/New Registration - Registration Module Pages/Form 2/DOB Month' is clicked on

2019-01-08 17:43:38 - [MESSAGE][PASSED] - Object: 'Object Repository/Final Object Repo/New Registration - Registration Module Pages/Form 2/DOB Month' is clicked on

2019-01-08 17:43:38 - [TEST_STEP][PASSED] - Statement - selectMonth = com.kms.katalon.core.webui.keyword.WebUiBuiltInKeywords.modifyObjectProperty(selectMonth, "xpath", "equals", "//body/div/div/div/select/option[@value="" + CurrentMonth + ""]", true): Modify property of object successfully

2019-01-08 17:43:38 - [MESSAGE][PASSED] - Modify property of object successfully

2019-01-08 17:43:38 - [TEST_STEP][PASSED] - click: Object: '' is clicked on

2019-01-08 17:43:38 - [MESSAGE][PASSED] - Object: '' is clicked on

2019-01-08 17:43:38 - [TEST_STEP][PASSED] - click: Object: 'Object Repository/Final Object Repo/New Registration - Registration Module Pages/Form 2/DOB Year' is clicked on

2019-01-08 17:43:38 - [MESSAGE][PASSED] - Object: 'Object Repository/Final Object Repo/New Registration - Registration Module Pages/Form 2/DOB Year' is clicked on

2019-01-08 17:43:38 - [TEST_STEP][PASSED] - Statement - selectYear = com.kms.katalon.core.webui.keyword.WebUiBuiltInKeywords.modifyObjectProperty(selectYear, "xpath", "equals", "//div/div/div/select/option[@value="" + FiftysevenYrsBefore + ""]", true): Modify property of object successfully

2019-01-08 17:43:38 - [MESSAGE][PASSED] - Modify property of object successfully

2019-01-08 17:43:38 - [TEST_STEP][PASSED] - click: Object: '' is clicked on

2019-01-08 17:43:38 - [MESSAGE][PASSED] - Object: '' is clicked on

2019-01-08 17:43:38 - [TEST_STEP][PASSED] - Statement - UpdatedSelectDate = com.kms.katalon.core.webui.keyword.WebUiBuiltInKeywords.modifyObjectProperty(com.kms.katalon.core.testobject.ObjectRepository.findTestObject(Final Object Repo/New Registration - Registration Module Pages/Form 2/DOB Date), "xpath", "equals", "//body/div/table/tbody/tr/td/a[text()="" + CurrentDate + ""]", true): Modify property of object successfully

2019-01-08 17:43:38 - [MESSAGE][PASSED] - Modify property of object successfully

2019-01-08 17:43:38 - [TEST_STEP][PASSED] - click: Object: 'Object Repository/Final Object Repo/New Registration - Registration Module Pages/Form 2/DOB Date' is clicked on

2019-01-08 17:43:38 - [MESSAGE][PASSED] - Object: 'Object Repository/Final Object Repo/New Registration - Registration Module Pages/Form 2/DOB Date' is clicked on

2019-01-08 17:43:38 - [TEST_STEP][PASSED] - click: Object: 'Object Repository/Final Object Repo/New Registration - Registration Module Pages/Form 2/EmploymentStartDate Pop Up' is clicked on

2019-01-08 17:43:39 - [MESSAGE][PASSED] - Object: 'Object Repository/Final Object Repo/New Registration - Registration Module Pages/Form 2/EmploymentStartDate Pop Up' is clicked on

2019-01-08 17:43:39 - [TEST_STEP][PASSED] - delay: Delayed 2 second(s)

2019-01-08 17:43:41 - [MESSAGE][PASSED] - Delayed 2 second(s)

2019-01-08 17:43:41 - [TEST_STEP][PASSED] - click: Object: 'Object Repository/Final Object Repo/New Registration - Registration Module Pages/Form 2/Socso Employment StartDate Month' is clicked on

2019-01-08 17:43:41 - [MESSAGE][PASSED] - Object: 'Object Repository/Final Object Repo/New Registration - Registration Module Pages/Form 2/Socso Employment StartDate Month' is clicked on

2019-01-08 17:43:41 - [TEST_STEP][PASSED] - delay: Delayed 1 second(s)

2019-01-08 17:43:42 - [MESSAGE][PASSED] - Delayed 1 second(s)

2019-01-08 17:43:42 - [TEST_STEP][PASSED] - click: Object: 'Object Repository/Final Object Repo/New Registration - Registration Module Pages/Form 2/Select Socso Employement Startdate Month' is clicked on

2019-01-08 17:43:42 - [MESSAGE][PASSED] - Object: 'Object Repository/Final Object Repo/New Registration - Registration Module Pages/Form 2/Select Socso Employement Startdate Month' is clicked on

2019-01-08 17:43:42 - [TEST_STEP][PASSED] - delay: Delayed 2 second(s)

2019-01-08 17:43:44 - [MESSAGE][PASSED] - Delayed 2 second(s)

2019-01-08 17:43:44 - [TEST_STEP][PASSED] - click: Object: 'Object Repository/Final Object Repo/New Registration - Registration Module Pages/Form 2/Socso Employment StartDate Year' is clicked on

2019-01-08 17:43:44 - [MESSAGE][PASSED] - Object: 'Object Repository/Final Object Repo/New Registration - Registration Module Pages/Form 2/Socso Employment StartDate Year' is clicked on

2019-01-08 17:43:44 - [TEST_STEP][PASSED] - delay: Delayed 1 second(s)

2019-01-08 17:43:45 - [MESSAGE][PASSED] - Delayed 1 second(s)

2019-01-08 17:43:45 - [TEST_STEP][PASSED] - click: Object: 'Object Repository/Final Object Repo/New Registration - Registration Module Pages/Form 2/Select Socso Employment Startdate Year' is clicked on

2019-01-08 17:43:45 - [MESSAGE][PASSED] - Object: 'Object Repository/Final Object Repo/New Registration - Registration Module Pages/Form 2/Select Socso Employment Startdate Year' is clicked on

2019-01-08 17:43:45 - [TEST_STEP][PASSED] - delay: Delayed 2 second(s)

2019-01-08 17:43:47 - [MESSAGE][PASSED] - Delayed 2 second(s)

2019-01-08 17:43:47 - [TEST_STEP][PASSED] - click: Object: 'Object Repository/Final Object Repo/New Registration - Registration Module Pages/Form 2/Socso Employment Start Date Day' is clicked on

2019-01-08 17:43:47 - [MESSAGE][PASSED] - Object: 'Object Repository/Final Object Repo/New Registration - Registration Module Pages/Form 2/Socso Employment Start Date Day' is clicked on

2019-01-08 17:43:47 - [TEST_STEP][PASSED] - delay: Delayed 2 second(s)

2019-01-08 17:43:49 - [MESSAGE][PASSED] - Delayed 2 second(s)

2019-01-08 17:43:49 - [TEST_STEP][PASSED] - click: Object: 'Object Repository/Final Object Repo/New Registration - Registration Module Pages/Form 2/Save Button for Add Employee' is clicked on

2019-01-08 17:43:50 - [MESSAGE][PASSED] - Object: 'Object Repository/Final Object Repo/New Registration - Registration Module Pages/Form 2/Save Button for Add Employee' is clicked on

2019-01-08 17:43:50 - [TEST_STEP][PASSED] - delay: Delayed 2 second(s)

2019-01-08 17:43:52 - [MESSAGE][PASSED] - Delayed 2 second(s)

2019-01-08 17:43:52 - [TEST_STEP][PASSED] - click: Object: 'Object Repository/Final Object Repo/New Registration - Registration Module Pages/Form 2/Save and Continue Form 2' is clicked on

2019-01-08 17:43:52 - [MESSAGE][PASSED] - Object: 'Object Repository/Final Object Repo/New Registration - Registration Module Pages/Form 2/Save and Continue Form 2' is clicked on

2019-01-08 17:43:52 - [MESSAGE][PASSED] - Call Test Case 'Test Cases/Final Aug 2018 - PKS Automation/Registration Module/New Registration/Form 2/Add 2 Eligible 2 Not Eligible' successfully

2019-01-08 17:43:52 - [TEST_STEP][PASSED] - callTestCase: Call Test Case 'Test Cases/Final Aug 2018 - PKS Automation/Registration Module/New Registration/Flow of New Registration/Third Screen - Upload Supporting Doc - Preview' successfully

2019-01-08 17:43:52 - [TEST_CASE][PASSED] - Test Cases/Final Aug 2018 - PKS Automation/Registration Module/New Registration/Flow of New Registration/Third Screen - Upload Supporting Doc - Preview: Test Cases/Final Aug 2018 - PKS Automation/Registration Module/New Registration/Flow of New Registration/Third Screen - Upload Supporting Doc - Preview

2019-01-08 17:43:52 - [TEST_STEP][PASSED] - waitForPageLoad: Wait for page load successfully

2019-01-08 17:43:52 - [MESSAGE][PASSED] - Wait for page load successfully

2019-01-08 17:43:52 - [TEST_STEP][PASSED] - Statement - CaseReferenceNo = com.kms.katalon.core.webui.keyword.WebUiBuiltInKeywords.getText(com.kms.katalon.core.testobject.ObjectRepository.findTestObject(Final Object Repo/New Registration - Registration Module Pages/Third Screen - Upload Supporting Doc- Preview/RefNo Acquiring)): Text of object 'Object Repository/Final Object Repo/New Registration - Registration Module Pages/Third Screen - Upload Supporting Doc- Preview/RefNo Acquiring' is: 'CRN01201900123643'

2019-01-08 17:43:53 - [MESSAGE][PASSED] - Text of object 'Object Repository/Final Object Repo/New Registration - Registration Module Pages/Third Screen - Upload Supporting Doc- Preview/RefNo Acquiring' is: 'CRN01201900123643'

2019-01-08 17:43:53 - [TEST_STEP][PASSED] - delay: Delayed 2 second(s)

2019-01-08 17:43:55 - [MESSAGE][PASSED] - Delayed 2 second(s)

2019-01-08 17:43:55 - [TEST_STEP][PASSED] - callTestCase: Call Test Case 'Test Cases/Final Aug 2018 - PKS Automation/Common/Reference Number Setter' successfully

2019-01-08 17:43:55 - [TEST_CASE][PASSED] - Test Cases/Final Aug 2018 - PKS Automation/Common/Reference Number Setter: Test Cases/Final Aug 2018 - PKS Automation/Common/Reference Number Setter

2019-01-08 17:43:55 - [TEST_STEP][PASSED] - Statement - RefNoOldFile = new java.io.File(C://Users//Admin//Desktop//PKS//Automation Reference Point//KatalonReference.txt): null

2019-01-08 17:43:55 - [TEST_STEP][PASSED] - Statement - RefNoOldFile.delete(): null

2019-01-08 17:43:55 - [TEST_STEP][PASSED] - delay: Delayed 5 second(s)

2019-01-08 17:44:00 - [MESSAGE][PASSED] - Delayed 5 second(s)

2019-01-08 17:44:00 - [TEST_STEP][PASSED] - Statement - RefNo = new java.io.File(C://Users//Admin//Desktop//PKS//Automation Reference Point//KatalonReference.txt): null

2019-01-08 17:44:00 - [TEST_STEP][PASSED] - Statement - f2 = new java.io.FileWriter(RefNo, false): null

2019-01-08 17:44:00 - [TEST_STEP][PASSED] - Statement - f2.write(CaseReferenceNo): null

2019-01-08 17:44:00 - [TEST_STEP][PASSED] - Statement - f2.close(): null

2019-01-08 17:44:00 - [TEST_STEP][PASSED] - Statement - out.println("


" + CaseReferenceNo + "


"): null

2019-01-08 17:44:00 - [MESSAGE][PASSED] - Call Test Case 'Test Cases/Final Aug 2018 - PKS Automation/Common/Reference Number Setter' successfully

2019-01-08 17:44:00 - [TEST_STEP][PASSED] - waitForElementClickable: Object 'Object Repository/Final Object Repo/New Registration - Registration Module Pages/Third Screen - Upload Supporting Doc- Preview/Save n Continue in SIP Employee Listing Page' is clickable

2019-01-08 17:44:00 - [MESSAGE][PASSED] - Object 'Object Repository/Final Object Repo/New Registration - Registration Module Pages/Third Screen - Upload Supporting Doc- Preview/Save n Continue in SIP Employee Listing Page' is clickable

2019-01-08 17:44:00 - [TEST_STEP][PASSED] - click: Object: 'Object Repository/Final Object Repo/New Registration - Registration Module Pages/Third Screen - Upload Supporting Doc- Preview/Save n Continue in SIP Employee Listing Page' is clicked on

2019-01-08 17:44:06 - [MESSAGE][PASSED] - Object: 'Object Repository/Final Object Repo/New Registration - Registration Module Pages/Third Screen - Upload Supporting Doc- Preview/Save n Continue in SIP Employee Listing Page' is clicked on

2019-01-08 17:44:06 - [TEST_STEP][PASSED] - delay: Delayed 7 second(s)

2019-01-08 17:44:13 - [MESSAGE][PASSED] - Delayed 7 second(s)

2019-01-08 17:44:13 - [TEST_STEP][PASSED] - click: Object: 'Object Repository/Final Object Repo/New Registration - Registration Module Pages/Third Screen - Upload Supporting Doc- Preview/Add Document Button' is clicked on

2019-01-08 17:44:13 - [MESSAGE][PASSED] - Object: 'Object Repository/Final Object Repo/New Registration - Registration Module Pages/Third Screen - Upload Supporting Doc- Preview/Add Document Button' is clicked on

2019-01-08 17:44:13 - [TEST_STEP][PASSED] - delay: Delayed 30 second(s)

2019-01-08 17:44:43 - [MESSAGE][PASSED] - Delayed 30 second(s)

2019-01-08 17:44:43 - [TEST_STEP][PASSED] - click: Object: 'Object Repository/Final Object Repo/New Registration - Registration Module Pages/Third Screen - Upload Supporting Doc- Preview/Supporting Doc Please Select Drop Down' is clicked on

2019-01-08 17:44:43 - [MESSAGE][PASSED] - Object: 'Object Repository/Final Object Repo/New Registration - Registration Module Pages/Third Screen - Upload Supporting Doc- Preview/Supporting Doc Please Select Drop Down' is clicked on

2019-01-08 17:44:43 - [TEST_STEP][PASSED] - delay: Delayed 2 second(s)

2019-01-08 17:44:45 - [MESSAGE][PASSED] - Delayed 2 second(s)

2019-01-08 17:44:45 - [TEST_STEP][PASSED] - click: Object: 'Object Repository/Final Object Repo/New Registration - Registration Module Pages/Third Screen - Upload Supporting Doc- Preview/Select to Upload Form 1' is clicked on

2019-01-08 17:44:46 - [MESSAGE][PASSED] - Object: 'Object Repository/Final Object Repo/New Registration - Registration Module Pages/Third Screen - Upload Supporting Doc- Preview/Select to Upload Form 1' is clicked on

2019-01-08 17:44:46 - [TEST_STEP][PASSED] - delay: Delayed 2 second(s)

2019-01-08 17:44:48 - [MESSAGE][PASSED] - Delayed 2 second(s)

2019-01-08 17:44:48 - [TEST_STEP][PASSED] - uploadFile: File 'C:\Users\Public\Pictures\Sample Pictures\Koala.jpg' sent to object: 'Object Repository/Final Object Repo/New Registration - Registration Module Pages/Third Screen - Upload Supporting Doc- Preview/Upload File Adding'

2019-01-08 17:44:48 - [MESSAGE][PASSED] - File 'C:\Users\Public\Pictures\Sample Pictures\Koala.jpg' sent to object: 'Object Repository/Final Object Repo/New Registration - Registration Module Pages/Third Screen - Upload Supporting Doc- Preview/Upload File Adding'

2019-01-08 17:44:48 - [TEST_STEP][PASSED] - delay: Delayed 5 second(s)

2019-01-08 17:44:53 - [MESSAGE][PASSED] - Delayed 5 second(s)

2019-01-08 17:44:53 - [TEST_STEP][PASSED] - click: Object: 'Object Repository/Final Object Repo/New Registration - Registration Module Pages/Third Screen - Upload Supporting Doc- Preview/Inner Form Add Document Button' is clicked on

2019-01-08 17:44:53 - [MESSAGE][PASSED] - Object: 'Object Repository/Final Object Repo/New Registration - Registration Module Pages/Third Screen - Upload Supporting Doc- Preview/Inner Form Add Document Button' is clicked on

2019-01-08 17:44:53 - [TEST_STEP][PASSED] - delay: Delayed 3 second(s)

2019-01-08 17:44:56 - [MESSAGE][PASSED] - Delayed 3 second(s)

2019-01-08 17:44:56 - [TEST_STEP][PASSED] - click: Object: 'Object Repository/Final Object Repo/New Registration - Registration Module Pages/Third Screen - Upload Supporting Doc- Preview/Add Document Button' is clicked on

2019-01-08 17:44:57 - [MESSAGE][PASSED] - Object: 'Object Repository/Final Object Repo/New Registration - Registration Module Pages/Third Screen - Upload Supporting Doc- Preview/Add Document Button' is clicked on

2019-01-08 17:44:57 - [TEST_STEP][PASSED] - delay: Delayed 30 second(s)

2019-01-08 17:45:27 - [MESSAGE][PASSED] - Delayed 30 second(s)

2019-01-08 17:45:27 - [TEST_STEP][PASSED] - click: Object: 'Object Repository/Final Object Repo/New Registration - Registration Module Pages/Third Screen - Upload Supporting Doc- Preview/Supporting Doc Please Select Drop Down' is clicked on

2019-01-08 17:45:28 - [MESSAGE][PASSED] - Object: 'Object Repository/Final Object Repo/New Registration - Registration Module Pages/Third Screen - Upload Supporting Doc- Preview/Supporting Doc Please Select Drop Down' is clicked on

2019-01-08 17:45:28 - [TEST_STEP][PASSED] - delay: Delayed 4 second(s)

2019-01-08 17:45:32 - [MESSAGE][PASSED] - Delayed 4 second(s)

2019-01-08 17:45:32 - [TEST_STEP][PASSED] - click: Object: 'Object Repository/Final Object Repo/New Registration - Registration Module Pages/Third Screen - Upload Supporting Doc- Preview/Select to Upload Form 2' is clicked on

2019-01-08 17:45:32 - [MESSAGE][PASSED] - Object: 'Object Repository/Final Object Repo/New Registration - Registration Module Pages/Third Screen - Upload Supporting Doc- Preview/Select to Upload Form 2' is clicked on

2019-01-08 17:45:32 - [TEST_STEP][PASSED] - delay: Delayed 2 second(s)

2019-01-08 17:45:34 - [MESSAGE][PASSED] - Delayed 2 second(s)

2019-01-08 17:45:34 - [TEST_STEP][PASSED] - uploadFile: File 'C:\Users\Public\Pictures\Sample Pictures\Koala.jpg' sent to object: 'Object Repository/Final Object Repo/New Registration - Registration Module Pages/Third Screen - Upload Supporting Doc- Preview/Upload File Adding'

2019-01-08 17:45:34 - [MESSAGE][PASSED] - File 'C:\Users\Public\Pictures\Sample Pictures\Koala.jpg' sent to object: 'Object Repository/Final Object Repo/New Registration - Registration Module Pages/Third Screen - Upload Supporting Doc- Preview/Upload File Adding'

2019-01-08 17:45:34 - [TEST_STEP][PASSED] - click: Object: 'Object Repository/Final Object Repo/New Registration - Registration Module Pages/Third Screen - Upload Supporting Doc- Preview/Inner Form Add Document Button' is clicked on

2019-01-08 17:45:34 - [MESSAGE][PASSED] - Object: 'Object Repository/Final Object Repo/New Registration - Registration Module Pages/Third Screen - Upload Supporting Doc- Preview/Inner Form Add Document Button' is clicked on

2019-01-08 17:45:34 - [TEST_STEP][PASSED] - delay: Delayed 5 second(s)

2019-01-08 17:45:39 - [MESSAGE][PASSED] - Delayed 5 second(s)

2019-01-08 17:45:39 - [TEST_STEP][PASSED] - click: Object: 'Object Repository/Final Object Repo/New Registration - Registration Module Pages/Third Screen - Upload Supporting Doc- Preview/Add Document Button' is clicked on

2019-01-08 17:45:39 - [MESSAGE][PASSED] - Object: 'Object Repository/Final Object Repo/New Registration - Registration Module Pages/Third Screen - Upload Supporting Doc- Preview/Add Document Button' is clicked on

2019-01-08 17:45:39 - [TEST_STEP][PASSED] - delay: Delayed 30 second(s)

2019-01-08 17:46:09 - [MESSAGE][PASSED] - Delayed 30 second(s)

2019-01-08 17:46:09 - [TEST_STEP][PASSED] - click: Object: 'Object Repository/Final Object Repo/New Registration - Registration Module Pages/Third Screen - Upload Supporting Doc- Preview/Supporting Doc Please Select Drop Down' is clicked on

2019-01-08 17:46:09 - [MESSAGE][PASSED] - Object: 'Object Repository/Final Object Repo/New Registration - Registration Module Pages/Third Screen - Upload Supporting Doc- Preview/Supporting Doc Please Select Drop Down' is clicked on

2019-01-08 17:46:09 - [TEST_STEP][PASSED] - click: Object: 'Object Repository/Final Object Repo/New Registration - Registration Module Pages/Third Screen - Upload Supporting Doc- Preview/Select to Upload Borang SIP 1' is clicked on

2019-01-08 17:46:10 - [MESSAGE][PASSED] - Object: 'Object Repository/Final Object Repo/New Registration - Registration Module Pages/Third Screen - Upload Supporting Doc- Preview/Select to Upload Borang SIP 1' is clicked on

2019-01-08 17:46:10 - [TEST_STEP][PASSED] - delay: Delayed 2 second(s)

2019-01-08 17:46:12 - [MESSAGE][PASSED] - Delayed 2 second(s)

2019-01-08 17:46:12 - [TEST_STEP][PASSED] - uploadFile: File 'C:\Users\Public\Pictures\Sample Pictures\Koala.jpg' sent to object: 'Object Repository/Final Object Repo/New Registration - Registration Module Pages/Third Screen - Upload Supporting Doc- Preview/Upload File Adding'

2019-01-08 17:46:12 - [MESSAGE][PASSED] - File 'C:\Users\Public\Pictures\Sample Pictures\Koala.jpg' sent to object: 'Object Repository/Final Object Repo/New Registration - Registration Module Pages/Third Screen - Upload Supporting Doc- Preview/Upload File Adding'

2019-01-08 17:46:12 - [TEST_STEP][PASSED] - click: Object: 'Object Repository/Final Object Repo/New Registration - Registration Module Pages/Third Screen - Upload Supporting Doc- Preview/Inner Form Add Document Button' is clicked on

2019-01-08 17:46:12 - [MESSAGE][PASSED] - Object: 'Object Repository/Final Object Repo/New Registration - Registration Module Pages/Third Screen - Upload Supporting Doc- Preview/Inner Form Add Document Button' is clicked on

2019-01-08 17:46:12 - [TEST_STEP][PASSED] - delay: Delayed 5 second(s)

2019-01-08 17:46:17 - [MESSAGE][PASSED] - Delayed 5 second(s)

2019-01-08 17:46:17 - [TEST_STEP][PASSED] - click: Object: 'Object Repository/Final Object Repo/New Registration - Registration Module Pages/Third Screen - Upload Supporting Doc- Preview/Add Document Button' is clicked on

2019-01-08 17:46:17 - [MESSAGE][PASSED] - Object: 'Object Repository/Final Object Repo/New Registration - Registration Module Pages/Third Screen - Upload Supporting Doc- Preview/Add Document Button' is clicked on

2019-01-08 17:46:17 - [TEST_STEP][PASSED] - delay: Delayed 30 second(s)

2019-01-08 17:46:47 - [MESSAGE][PASSED] - Delayed 30 second(s)

2019-01-08 17:46:47 - [TEST_STEP][PASSED] - click: Object: 'Object Repository/Final Object Repo/New Registration - Registration Module Pages/Third Screen - Upload Supporting Doc- Preview/Supporting Doc Please Select Drop Down' is clicked on

2019-01-08 17:46:47 - [MESSAGE][PASSED] - Object: 'Object Repository/Final Object Repo/New Registration - Registration Module Pages/Third Screen - Upload Supporting Doc- Preview/Supporting Doc Please Select Drop Down' is clicked on

2019-01-08 17:46:47 - [TEST_STEP][PASSED] - delay: Delayed 3 second(s)

2019-01-08 17:46:50 - [MESSAGE][PASSED] - Delayed 3 second(s)

2019-01-08 17:46:50 - [TEST_STEP][PASSED] - click: Object: 'Object Repository/Final Object Repo/New Registration - Registration Module Pages/Third Screen - Upload Supporting Doc- Preview/Select to Upload Borang SIP 2' is clicked on

2019-01-08 17:46:50 - [MESSAGE][PASSED] - Object: 'Object Repository/Final Object Repo/New Registration - Registration Module Pages/Third Screen - Upload Supporting Doc- Preview/Select to Upload Borang SIP 2' is clicked on

2019-01-08 17:46:50 - [TEST_STEP][PASSED] - delay: Delayed 2 second(s)

2019-01-08 17:46:52 - [MESSAGE][PASSED] - Delayed 2 second(s)

2019-01-08 17:46:52 - [TEST_STEP][PASSED] - uploadFile: File 'C:\Users\Public\Pictures\Sample Pictures\Koala.jpg' sent to object: 'Object Repository/Final Object Repo/New Registration - Registration Module Pages/Third Screen - Upload Supporting Doc- Preview/Upload File Adding'

2019-01-08 17:46:53 - [MESSAGE][PASSED] - File 'C:\Users\Public\Pictures\Sample Pictures\Koala.jpg' sent to object: 'Object Repository/Final Object Repo/New Registration - Registration Module Pages/Third Screen - Upload Supporting Doc- Preview/Upload File Adding'

2019-01-08 17:46:53 - [TEST_STEP][PASSED] - delay: Delayed 5 second(s)

2019-01-08 17:46:58 - [MESSAGE][PASSED] - Delayed 5 second(s)

2019-01-08 17:46:58 - [TEST_STEP][PASSED] - click: Object: 'Object Repository/Final Object Repo/New Registration - Registration Module Pages/Third Screen - Upload Supporting Doc- Preview/Inner Form Add Document Button' is clicked on

2019-01-08 17:46:58 - [MESSAGE][PASSED] - Object: 'Object Repository/Final Object Repo/New Registration - Registration Module Pages/Third Screen - Upload Supporting Doc- Preview/Inner Form Add Document Button' is clicked on

2019-01-08 17:46:58 - [TEST_STEP][PASSED] - delay: Delayed 3 second(s)

2019-01-08 17:47:01 - [MESSAGE][PASSED] - Delayed 3 second(s)

2019-01-08 17:47:01 - [TEST_STEP][PASSED] - waitForElementClickable: Object 'Object Repository/Final Object Repo/New Registration - Registration Module Pages/Third Screen - Upload Supporting Doc- Preview/Save n Continue in Uploading Supporting Doc Page' is clickable

2019-01-08 17:47:02 - [MESSAGE][PASSED] - Object 'Object Repository/Final Object Repo/New Registration - Registration Module Pages/Third Screen - Upload Supporting Doc- Preview/Save n Continue in Uploading Supporting Doc Page' is clickable

2019-01-08 17:47:02 - [TEST_STEP][PASSED] - click: Object: 'Object Repository/Final Object Repo/New Registration - Registration Module Pages/Third Screen - Upload Supporting Doc- Preview/Save n Continue in Uploading Supporting Doc Page' is clicked on

2019-01-08 17:47:03 - [MESSAGE][PASSED] - Object: 'Object Repository/Final Object Repo/New Registration - Registration Module Pages/Third Screen - Upload Supporting Doc- Preview/Save n Continue in Uploading Supporting Doc Page' is clicked on

2019-01-08 17:47:03 - [MESSAGE][PASSED] - Call Test Case 'Test Cases/Final Aug 2018 - PKS Automation/Registration Module/New Registration/Flow of New Registration/Third Screen - Upload Supporting Doc - Preview' successfully

2019-01-08 17:47:03 - [TEST_STEP][PASSED] - callTestCase: Call Test Case 'Test Cases/Final Aug 2018 - PKS Automation/Registration Module/New Registration/Submit and Screenshot/Submit Registration and Screenshot' successfully

2019-01-08 17:47:03 - [TEST_CASE][PASSED] - Test Cases/Final Aug 2018 - PKS Automation/Registration Module/New Registration/Submit and Screenshot/Submit Registration and Screenshot: Test Cases/Final Aug 2018 - PKS Automation/Registration Module/New Registration/Submit and Screenshot/Submit Registration and Screenshot

2019-01-08 17:47:03 - [TEST_STEP][PASSED] - delay: Delayed 6 second(s)

2019-01-08 17:47:09 - [MESSAGE][PASSED] - Delayed 6 second(s)

2019-01-08 17:47:09 - [TEST_STEP][PASSED] - click: Object: 'Object Repository/Final Object Repo/New Registration - Registration Module Pages/Third Screen - Upload Supporting Doc- Preview/Preview Submit Button' is clicked on

2019-01-08 17:47:09 - [MESSAGE][PASSED] - Object: 'Object Repository/Final Object Repo/New Registration - Registration Module Pages/Third Screen - Upload Supporting Doc- Preview/Preview Submit Button' is clicked on

2019-01-08 17:47:09 - [TEST_STEP][PASSED] - delay: Delayed 2 second(s)

2019-01-08 17:47:11 - [MESSAGE][PASSED] - Delayed 2 second(s)

2019-01-08 17:47:11 - [TEST_STEP][PASSED] - click: Object: 'Object Repository/Final Object Repo/New Registration - Registration Module Pages/Third Screen - Upload Supporting Doc- Preview/Preview Submit - Confirm' is clicked on

2019-01-08 17:47:12 - [MESSAGE][PASSED] - Object: 'Object Repository/Final Object Repo/New Registration - Registration Module Pages/Third Screen - Upload Supporting Doc- Preview/Preview Submit - Confirm' is clicked on

2019-01-08 17:47:12 - [TEST_STEP][PASSED] - delay: Delayed 15 second(s)

2019-01-08 17:47:27 - [MESSAGE][PASSED] - Delayed 15 second(s)

2019-01-08 17:47:27 - [TEST_STEP][PASSED] - Statement - driver = com.kms.katalon.core.webui.driver.DriverFactory.getWebDriver(): null

2019-01-08 17:47:27 - [TEST_STEP][PASSED] - Statement - driver.manage().timeouts().implicitlyWait(10, SECONDS): null

2019-01-08 17:47:27 - [TEST_STEP][PASSED] - Statement - PresavePath = KatalonScreenshots: null

2019-01-08 17:47:27 - [TEST_STEP][PASSED] - Statement - pathPrefix = "C:\Users\Public\Pictures\Sample Pictures\Katalon Screenshots\Automate Ending Screen": null

2019-01-08 17:47:27 - [TEST_STEP][PASSED] - Statement - finalPath = <not implemented yet for class: org.codehaus.groovy.ast.expr.EmptyExpression>: null

2019-01-08 17:47:27 - [TEST_STEP][PASSED] - Statement - scrFile = driver.getScreenshotAs(FILE): null

2019-01-08 17:47:27 - [TEST_STEP][PASSED] - Statement - PreSaveFile = new java.io.File(PresavePath): null

2019-01-08 17:47:27 - [TEST_STEP][PASSED] - Statement - counter = 0: null

2019-01-08 17:47:27 - [TEST_STEP][PASSED] - Statement - If (PreSaveFile.exists()): null

2019-01-08 17:47:27 - [TEST_STEP][PASSED] - Statement - While (PreSaveFile.exists()): null

2019-01-08 17:47:27 - [TEST_STEP][PASSED] - Statement - counter = counter + 1: null

2019-01-08 17:47:27 - [TEST_STEP][PASSED] - Statement - PreSaveFile = new java.io.File(((pathPrefix + java.lang.Integer.toString(counter)) + .png)): null

2019-01-08 17:47:27 - [TEST_STEP][PASSED] - Statement - counter = counter + 1: null

2019-01-08 17:47:27 - [TEST_STEP][PASSED] - Statement - PreSaveFile = new java.io.File(((pathPrefix + java.lang.Integer.toString(counter)) + .png)): null

2019-01-08 17:47:27 - [TEST_STEP][PASSED] - Statement - counter = counter + 1: null

2019-01-08 17:47:27 - [TEST_STEP][PASSED] - Statement - PreSaveFile = new java.io.File(((pathPrefix + java.lang.Integer.toString(counter)) + .png)): null

2019-01-08 17:47:27 - [TEST_STEP][PASSED] - Statement - counter = counter + 1: null

2019-01-08 17:47:27 - [TEST_STEP][PASSED] - Statement - PreSaveFile = new java.io.File(((pathPrefix + java.lang.Integer.toString(counter)) + .png)): null

2019-01-08 17:47:27 - [TEST_STEP][PASSED] - Statement - counter = counter + 1: null

2019-01-08 17:47:27 - [TEST_STEP][PASSED] - Statement - PreSaveFile = new java.io.File(((pathPrefix + java.lang.Integer.toString(counter)) + .png)): null

2019-01-08 17:47:27 - [TEST_STEP][PASSED] - Statement - counter = counter + 1: null

2019-01-08 17:47:27 - [TEST_STEP][PASSED] - Statement - PreSaveFile = new java.io.File(((pathPrefix + java.lang.Integer.toString(counter)) + .png)): null

2019-01-08 17:47:27 - [TEST_STEP][PASSED] - Statement - counter = counter + 1: null

2019-01-08 17:47:27 - [TEST_STEP][PASSED] - Statement - PreSaveFile = new java.io.File(((pathPrefix + java.lang.Integer.toString(counter)) + .png)): null

2019-01-08 17:47:27 - [TEST_STEP][PASSED] - Statement - counter = counter + 1: null

2019-01-08 17:47:27 - [TEST_STEP][PASSED] - Statement - PreSaveFile = new java.io.File(((pathPrefix + java.lang.Integer.toString(counter)) + .png)): null

2019-01-08 17:47:27 - [TEST_STEP][PASSED] - Statement - counter = counter + 1: null

2019-01-08 17:47:27 - [TEST_STEP][PASSED] - Statement - PreSaveFile = new java.io.File(((pathPrefix + java.lang.Integer.toString(counter)) + .png)): null

2019-01-08 17:47:27 - [TEST_STEP][PASSED] - Statement - counter = counter + 1: null

2019-01-08 17:47:27 - [TEST_STEP][PASSED] - Statement - PreSaveFile = new java.io.File(((pathPrefix + java.lang.Integer.toString(counter)) + .png)): null

2019-01-08 17:47:27 - [TEST_STEP][PASSED] - Statement - counter = counter + 1: null

2019-01-08 17:47:27 - [TEST_STEP][PASSED] - Statement - PreSaveFile = new java.io.File(((pathPrefix + java.lang.Integer.toString(counter)) + .png)): null

2019-01-08 17:47:27 - [TEST_STEP][PASSED] - Statement - counter = counter + 1: null

2019-01-08 17:47:27 - [TEST_STEP][PASSED] - Statement - PreSaveFile = new java.io.File(((pathPrefix + java.lang.Integer.toString(counter)) + .png)): null

2019-01-08 17:47:27 - [TEST_STEP][PASSED] - Statement - counter = counter + 1: null

2019-01-08 17:47:27 - [TEST_STEP][PASSED] - Statement - PreSaveFile = new java.io.File(((pathPrefix + java.lang.Integer.toString(counter)) + .png)): null

2019-01-08 17:47:27 - [TEST_STEP][PASSED] - Statement - counter = counter + 1: null

2019-01-08 17:47:27 - [TEST_STEP][PASSED] - Statement - PreSaveFile = new java.io.File(((pathPrefix + java.lang.Integer.toString(counter)) + .png)): null

2019-01-08 17:47:27 - [TEST_STEP][PASSED] - Statement - counter = counter + 1: null

2019-01-08 17:47:27 - [TEST_STEP][PASSED] - Statement - PreSaveFile = new java.io.File(((pathPrefix + java.lang.Integer.toString(counter)) + .png)): null

2019-01-08 17:47:27 - [TEST_STEP][PASSED] - Statement - counter = counter + 1: null

2019-01-08 17:47:27 - [TEST_STEP][PASSED] - Statement - PreSaveFile = new java.io.File(((pathPrefix + java.lang.Integer.toString(counter)) + .png)): null

2019-01-08 17:47:27 - [TEST_STEP][PASSED] - Statement - counter = counter + 1: null

2019-01-08 17:47:27 - [TEST_STEP][PASSED] - Statement - PreSaveFile = new java.io.File(((pathPrefix + java.lang.Integer.toString(counter)) + .png)): null

2019-01-08 17:47:27 - [TEST_STEP][PASSED] - Statement - counter = counter + 1: null

2019-01-08 17:47:27 - [TEST_STEP][PASSED] - Statement - PreSaveFile = new java.io.File(((pathPrefix + java.lang.Integer.toString(counter)) + .png)): null

2019-01-08 17:47:27 - [TEST_STEP][PASSED] - Statement - counter = counter + 1: null

2019-01-08 17:47:27 - [TEST_STEP][PASSED] - Statement - PreSaveFile = new java.io.File(((pathPrefix + java.lang.Integer.toString(counter)) + .png)): null

2019-01-08 17:47:27 - [TEST_STEP][PASSED] - Statement - finalPath = pathPrefix + java.lang.Integer.toString(counter) + ".png": null

2019-01-08 17:47:27 - [TEST_STEP][PASSED] - Statement - SaveFile = new java.io.File(finalPath): null

2019-01-08 17:47:27 - [TEST_STEP][PASSED] - Statement - Try: null

2019-01-08 17:47:27 - [TEST_STEP][PASSED] - Statement - org.apache.commons.io.FileUtils.copyFile(scrFile, SaveFile): null

2019-01-08 17:47:27 - [TEST_STEP][PASSED] - Statement - out.println("file kept"): null

2019-01-08 17:47:27 - [TEST_STEP][PASSED] - delay: Delayed 10 second(s)

2019-01-08 17:47:37 - [MESSAGE][PASSED] - Delayed 10 second(s)

2019-01-08 17:47:37 - [MESSAGE][PASSED] - Call Test Case 'Test Cases/Final Aug 2018 - PKS Automation/Registration Module/New Registration/Submit and Screenshot/Submit Registration and Screenshot' successfully]]></system-out>
         <system-err><![CDATA[]]></system-err>
      </testcase>
      <testcase name="Test Cases/Final Aug 2018 - PKS Automation/Registration Module/Critical Path/New Registration/Corporation - BHD" classname="Test Cases/Final Aug 2018 - PKS Automation/Registration Module/Critical Path/New Registration/Corporation - BHD" status="PASSED">
         <system-out><![CDATA[2019-01-08 17:47:37 - [TEST_CASE][PASSED] - Test Cases/Final Aug 2018 - PKS Automation/Registration Module/Critical Path/New Registration/Corporation - BHD: Test Cases/Final Aug 2018 - PKS Automation/Registration Module/Critical Path/New Registration/Corporation - BHD

2019-01-08 17:47:38 - [TEST_STEP][PASSED] - callTestCase: Call Test Case 'Test Cases/Final Aug 2018 - PKS Automation/Registration Module/New Registration/Form 1/Form 1 - Corporation - BHD' successfully

2019-01-08 17:47:38 - [TEST_CASE][PASSED] - Test Cases/Final Aug 2018 - PKS Automation/Registration Module/New Registration/Form 1/Form 1 - Corporation - BHD: Test Cases/Final Aug 2018 - PKS Automation/Registration Module/New Registration/Form 1/Form 1 - Corporation - BHD

2019-01-08 17:47:38 - [TEST_STEP][PASSED] - openBrowser: Browser is opened with url: ''

2019-01-08 17:47:38 - [MESSAGE][WARNING] - A browser is already opened. Closing browser and opening a new one

2019-01-08 17:47:41 - [MESSAGE][PASSED] - Browser is opened with url: ''

2019-01-08 17:47:41 - [TEST_STEP][PASSED] - navigateToUrl: Navigate to 'https://assist2-uat.perkeso.gov.my/login' successfully

2019-01-08 17:47:42 - [MESSAGE][PASSED] - Navigate to 'https://assist2-uat.perkeso.gov.my/login' successfully

2019-01-08 17:47:42 - [TEST_STEP][PASSED] - setText: Text 'johorotc1@gmail.com' is set on object 'Object Repository/Final Object Repo/Login Page/Internal User/Email Address'

2019-01-08 17:47:42 - [MESSAGE][PASSED] - Text 'johorotc1@gmail.com' is set on object 'Object Repository/Final Object Repo/Login Page/Internal User/Email Address'

2019-01-08 17:47:42 - [TEST_STEP][PASSED] - click: Object: 'Object Repository/Final Object Repo/Login Page/Internal User/Next Button' is clicked on

2019-01-08 17:47:42 - [MESSAGE][PASSED] - Object: 'Object Repository/Final Object Repo/Login Page/Internal User/Next Button' is clicked on

2019-01-08 17:47:42 - [TEST_STEP][PASSED] - delay: Delayed 1 second(s)

2019-01-08 17:47:43 - [MESSAGE][PASSED] - Delayed 1 second(s)

2019-01-08 17:47:43 - [TEST_STEP][PASSED] - setEncryptedText: Text ****** has been set on object 'Object Repository/Final Object Repo/Login Page/Internal User/Password'

2019-01-08 17:47:44 - [MESSAGE][PASSED] - Text ****** has been set on object 'Object Repository/Final Object Repo/Login Page/Internal User/Password'

2019-01-08 17:47:44 - [TEST_STEP][PASSED] - click: Object: 'Object Repository/Final Object Repo/Login Page/Internal User/Login Button' is clicked on

2019-01-08 17:47:44 - [MESSAGE][PASSED] - Object: 'Object Repository/Final Object Repo/Login Page/Internal User/Login Button' is clicked on

2019-01-08 17:47:44 - [TEST_STEP][PASSED] - delay: Delayed 1 second(s)

2019-01-08 17:47:45 - [MESSAGE][PASSED] - Delayed 1 second(s)

2019-01-08 17:47:45 - [TEST_STEP][PASSED] - Statement - Try: Delayed 2 second(s)

2019-01-08 17:47:45 - [TEST_STEP][PASSED] - Statement - Checker = false: null

2019-01-08 17:47:45 - [TEST_STEP][PASSED] - Statement - Checker = com.kms.katalon.core.webui.keyword.WebUiBuiltInKeywords.verifyElementHasAttribute(com.kms.katalon.core.testobject.ObjectRepository.findTestObject(Final Object Repo/Landing Page/BM Detecting), "href", 20, OPTIONAL): Object 'Object Repository/Final Object Repo/Landing Page/BM Detecting' has attribute 'href'

2019-01-08 17:47:46 - [MESSAGE][PASSED] - Object 'Object Repository/Final Object Repo/Landing Page/BM Detecting' has attribute 'href'

2019-01-08 17:47:46 - [TEST_STEP][PASSED] - Statement - out.println(Checker): null

2019-01-08 17:47:46 - [TEST_STEP][PASSED] - Statement - If (Checker == false): null

2019-01-08 17:47:46 - [TEST_STEP][PASSED] - Statement - Else: null

2019-01-08 17:47:46 - [TEST_STEP][PASSED] - delay: Delayed 2 second(s)

2019-01-08 17:47:48 - [MESSAGE][PASSED] - Delayed 2 second(s)

2019-01-08 17:47:48 - [TEST_STEP][PASSED] - navigateToUrl: Navigate to 'https://assist2-uat.perkeso.gov.my/web/registration/registration' successfully

2019-01-08 17:47:49 - [MESSAGE][PASSED] - Navigate to 'https://assist2-uat.perkeso.gov.my/web/registration/registration' successfully

2019-01-08 17:47:49 - [TEST_STEP][PASSED] - click: Object: 'Object Repository/Final Object Repo/New Registration - Registration Module Pages/Form 1/AEC - No' is clicked on

2019-01-08 17:47:50 - [MESSAGE][PASSED] - Object: 'Object Repository/Final Object Repo/New Registration - Registration Module Pages/Form 1/AEC - No' is clicked on

2019-01-08 17:47:50 - [TEST_STEP][PASSED] - click: Object: 'Object Repository/Final Object Repo/New Registration - Registration Module Pages/Form 1/Business Entity' is clicked on

2019-01-08 17:47:50 - [MESSAGE][PASSED] - Object: 'Object Repository/Final Object Repo/New Registration - Registration Module Pages/Form 1/Business Entity' is clicked on

2019-01-08 17:47:50 - [TEST_STEP][PASSED] - click: Object: 'Object Repository/Final Object Repo/New Registration - Registration Module Pages/Form 1/Businees Entity - Corporation' is clicked on

2019-01-08 17:47:50 - [MESSAGE][PASSED] - Object: 'Object Repository/Final Object Repo/New Registration - Registration Module Pages/Form 1/Businees Entity - Corporation' is clicked on

2019-01-08 17:47:50 - [TEST_STEP][PASSED] - delay: Delayed 1 second(s)

2019-01-08 17:47:51 - [MESSAGE][PASSED] - Delayed 1 second(s)

2019-01-08 17:47:51 - [TEST_STEP][PASSED] - click: Object: 'Object Repository/Final Object Repo/New Registration - Registration Module Pages/Form 1/Sub Business Entity' is clicked on

2019-01-08 17:47:51 - [MESSAGE][PASSED] - Object: 'Object Repository/Final Object Repo/New Registration - Registration Module Pages/Form 1/Sub Business Entity' is clicked on

2019-01-08 17:47:51 - [TEST_STEP][PASSED] - click: Object: 'Object Repository/Final Object Repo/New Registration - Registration Module Pages/Form 1/Sub Business Entity - Berhad' is clicked on

2019-01-08 17:47:51 - [MESSAGE][PASSED] - Object: 'Object Repository/Final Object Repo/New Registration - Registration Module Pages/Form 1/Sub Business Entity - Berhad' is clicked on

2019-01-08 17:47:51 - [TEST_STEP][PASSED] - delay: Delayed 1 second(s)

2019-01-08 17:47:52 - [MESSAGE][PASSED] - Delayed 1 second(s)

2019-01-08 17:47:52 - [TEST_STEP][PASSED] - setText: Text '123' is set on object 'Object Repository/Final Object Repo/New Registration - Registration Module Pages/Form 1/Registration Number'

2019-01-08 17:47:53 - [MESSAGE][PASSED] - Text '123' is set on object 'Object Repository/Final Object Repo/New Registration - Registration Module Pages/Form 1/Registration Number'

2019-01-08 17:47:53 - [TEST_STEP][PASSED] - click: Object: 'Object Repository/Final Object Repo/New Registration - Registration Module Pages/Form 1/Registred with SSM - Before Feb' is clicked on

2019-01-08 17:47:53 - [MESSAGE][PASSED] - Object: 'Object Repository/Final Object Repo/New Registration - Registration Module Pages/Form 1/Registred with SSM - Before Feb' is clicked on

2019-01-08 17:47:53 - [TEST_STEP][PASSED] - click: Object: 'Object Repository/Final Object Repo/New Registration - Registration Module Pages/Form 1/Registered As a Branch - Yes' is clicked on

2019-01-08 17:47:53 - [MESSAGE][PASSED] - Object: 'Object Repository/Final Object Repo/New Registration - Registration Module Pages/Form 1/Registered As a Branch - Yes' is clicked on

2019-01-08 17:47:53 - [TEST_STEP][PASSED] - click: Object: 'Object Repository/Final Object Repo/New Registration - Registration Module Pages/Form 1/Acknowledgement' is clicked on

2019-01-08 17:47:53 - [MESSAGE][PASSED] - Object: 'Object Repository/Final Object Repo/New Registration - Registration Module Pages/Form 1/Acknowledgement' is clicked on

2019-01-08 17:47:53 - [TEST_STEP][PASSED] - setText: Text 'perkeso' is set on object 'Object Repository/Final Object Repo/New Registration - Registration Module Pages/Form 1/Industry name'

2019-01-08 17:47:53 - [MESSAGE][PASSED] - Text 'perkeso' is set on object 'Object Repository/Final Object Repo/New Registration - Registration Module Pages/Form 1/Industry name'

2019-01-08 17:47:53 - [TEST_STEP][PASSED] - setText: Text 'perkeso1' is set on object 'Object Repository/Final Object Repo/New Registration - Registration Module Pages/Form 1/Postal Address1'

2019-01-08 17:47:54 - [MESSAGE][PASSED] - Text 'perkeso1' is set on object 'Object Repository/Final Object Repo/New Registration - Registration Module Pages/Form 1/Postal Address1'

2019-01-08 17:47:54 - [TEST_STEP][PASSED] - setText: Text 'perkeso2' is set on object 'Object Repository/Final Object Repo/New Registration - Registration Module Pages/Form 1/Postal Address2'

2019-01-08 17:47:54 - [MESSAGE][PASSED] - Text 'perkeso2' is set on object 'Object Repository/Final Object Repo/New Registration - Registration Module Pages/Form 1/Postal Address2'

2019-01-08 17:47:54 - [TEST_STEP][PASSED] - setText: Text 'perkeso3' is set on object 'Object Repository/Final Object Repo/New Registration - Registration Module Pages/Form 1/Postal Address3'

2019-01-08 17:47:55 - [MESSAGE][PASSED] - Text 'perkeso3' is set on object 'Object Repository/Final Object Repo/New Registration - Registration Module Pages/Form 1/Postal Address3'

2019-01-08 17:47:55 - [TEST_STEP][PASSED] - click: Object: 'Object Repository/Final Object Repo/New Registration - Registration Module Pages/Form 1/State' is clicked on

2019-01-08 17:47:55 - [MESSAGE][PASSED] - Object: 'Object Repository/Final Object Repo/New Registration - Registration Module Pages/Form 1/State' is clicked on

2019-01-08 17:47:55 - [TEST_STEP][PASSED] - click: Object: 'Object Repository/Final Object Repo/New Registration - Registration Module Pages/Form 1/State - Johor' is clicked on

2019-01-08 17:47:55 - [MESSAGE][PASSED] - Object: 'Object Repository/Final Object Repo/New Registration - Registration Module Pages/Form 1/State - Johor' is clicked on

2019-01-08 17:47:55 - [TEST_STEP][PASSED] - delay: Delayed 1 second(s)

2019-01-08 17:47:56 - [MESSAGE][PASSED] - Delayed 1 second(s)

2019-01-08 17:47:56 - [TEST_STEP][PASSED] - click: Object: 'Object Repository/Final Object Repo/New Registration - Registration Module Pages/Form 1/City' is clicked on

2019-01-08 17:47:56 - [MESSAGE][PASSED] - Object: 'Object Repository/Final Object Repo/New Registration - Registration Module Pages/Form 1/City' is clicked on

2019-01-08 17:47:56 - [TEST_STEP][PASSED] - setText: Text 'joh' is set on object 'Object Repository/Final Object Repo/New Registration - Registration Module Pages/Form 1/Postcode - 810'

2019-01-08 17:47:56 - [MESSAGE][PASSED] - Text 'joh' is set on object 'Object Repository/Final Object Repo/New Registration - Registration Module Pages/Form 1/Postcode - 810'

2019-01-08 17:47:56 - [TEST_STEP][PASSED] - delay: Delayed 1 second(s)

2019-01-08 17:47:57 - [MESSAGE][PASSED] - Delayed 1 second(s)

2019-01-08 17:47:57 - [TEST_STEP][PASSED] - click: Object: 'Object Repository/Final Object Repo/New Registration - Registration Module Pages/Form 1/City - Johor Bharu' is clicked on

2019-01-08 17:47:58 - [MESSAGE][PASSED] - Object: 'Object Repository/Final Object Repo/New Registration - Registration Module Pages/Form 1/City - Johor Bharu' is clicked on

2019-01-08 17:47:58 - [TEST_STEP][PASSED] - delay: Delayed 1 second(s)

2019-01-08 17:47:59 - [MESSAGE][PASSED] - Delayed 1 second(s)

2019-01-08 17:47:59 - [TEST_STEP][PASSED] - click: Object: 'Object Repository/Final Object Repo/New Registration - Registration Module Pages/Form 1/Postcode' is clicked on

2019-01-08 17:47:59 - [MESSAGE][PASSED] - Object: 'Object Repository/Final Object Repo/New Registration - Registration Module Pages/Form 1/Postcode' is clicked on

2019-01-08 17:47:59 - [TEST_STEP][PASSED] - delay: Delayed 1 second(s)

2019-01-08 17:48:00 - [MESSAGE][PASSED] - Delayed 1 second(s)

2019-01-08 17:48:00 - [TEST_STEP][PASSED] - setText: Text '810' is set on object 'Object Repository/Final Object Repo/New Registration - Registration Module Pages/Form 1/Postcode - 810'

2019-01-08 17:48:00 - [MESSAGE][PASSED] - Text '810' is set on object 'Object Repository/Final Object Repo/New Registration - Registration Module Pages/Form 1/Postcode - 810'

2019-01-08 17:48:00 - [TEST_STEP][PASSED] - delay: Delayed 3 second(s)

2019-01-08 17:48:03 - [MESSAGE][PASSED] - Delayed 3 second(s)

2019-01-08 17:48:03 - [TEST_STEP][PASSED] - click: Object: 'Object Repository/Final Object Repo/New Registration - Registration Module Pages/Form 1/Postcode - 81000' is clicked on

2019-01-08 17:48:03 - [MESSAGE][PASSED] - Object: 'Object Repository/Final Object Repo/New Registration - Registration Module Pages/Form 1/Postcode - 81000' is clicked on

2019-01-08 17:48:03 - [TEST_STEP][PASSED] - delay: Delayed 1 second(s)

2019-01-08 17:48:04 - [MESSAGE][PASSED] - Delayed 1 second(s)

2019-01-08 17:48:04 - [TEST_STEP][PASSED] - setText: Text '100' is set on object 'Object Repository/Final Object Repo/New Registration - Registration Module Pages/Form 1/P.O.BOX'

2019-01-08 17:48:04 - [MESSAGE][PASSED] - Text '100' is set on object 'Object Repository/Final Object Repo/New Registration - Registration Module Pages/Form 1/P.O.BOX'

2019-01-08 17:48:04 - [TEST_STEP][PASSED] - setText: Text '100' is set on object 'Object Repository/Final Object Repo/New Registration - Registration Module Pages/Form 1/Locked Bag No'

2019-01-08 17:48:05 - [MESSAGE][PASSED] - Text '100' is set on object 'Object Repository/Final Object Repo/New Registration - Registration Module Pages/Form 1/Locked Bag No'

2019-01-08 17:48:05 - [TEST_STEP][PASSED] - click: Object: 'Object Repository/Final Object Repo/New Registration - Registration Module Pages/Form 1/SOCSO Office Location' is clicked on

2019-01-08 17:48:05 - [MESSAGE][PASSED] - Object: 'Object Repository/Final Object Repo/New Registration - Registration Module Pages/Form 1/SOCSO Office Location' is clicked on

2019-01-08 17:48:05 - [TEST_STEP][PASSED] - click: Object: 'Object Repository/Final Object Repo/New Registration - Registration Module Pages/Form 1/SOCSO Office Location - Pejabat PERKESO Negeri Johor' is clicked on

2019-01-08 17:48:05 - [MESSAGE][PASSED] - Object: 'Object Repository/Final Object Repo/New Registration - Registration Module Pages/Form 1/SOCSO Office Location - Pejabat PERKESO Negeri Johor' is clicked on

2019-01-08 17:48:05 - [TEST_STEP][PASSED] - delay: Delayed 1 second(s)

2019-01-08 17:48:06 - [MESSAGE][PASSED] - Delayed 1 second(s)

2019-01-08 17:48:06 - [TEST_STEP][PASSED] - check: Object 'Object Repository/Final Object Repo/New Registration - Registration Module Pages/Form 1/Indusrty Address Same As Postal Address' is checked

2019-01-08 17:48:06 - [MESSAGE][PASSED] - Object 'Object Repository/Final Object Repo/New Registration - Registration Module Pages/Form 1/Indusrty Address Same As Postal Address' is checked

2019-01-08 17:48:06 - [TEST_STEP][PASSED] - delay: Delayed 3 second(s)

2019-01-08 17:48:09 - [MESSAGE][PASSED] - Delayed 3 second(s)

2019-01-08 17:48:09 - [TEST_STEP][PASSED] - click: Object: 'Object Repository/Final Object Repo/New Registration - Registration Module Pages/Form 1/Indusry Address Same As Postal Address False' is clicked on

2019-01-08 17:48:10 - [MESSAGE][PASSED] - Object: 'Object Repository/Final Object Repo/New Registration - Registration Module Pages/Form 1/Indusry Address Same As Postal Address False' is clicked on

2019-01-08 17:48:10 - [TEST_STEP][PASSED] - delay: Delayed 1 second(s)

2019-01-08 17:48:11 - [MESSAGE][PASSED] - Delayed 1 second(s)

2019-01-08 17:48:11 - [TEST_STEP][PASSED] - setText: Text 'perkeso1' is set on object 'Object Repository/Final Object Repo/New Registration - Registration Module Pages/Form 1/Industry Address1'

2019-01-08 17:48:11 - [MESSAGE][PASSED] - Text 'perkeso1' is set on object 'Object Repository/Final Object Repo/New Registration - Registration Module Pages/Form 1/Industry Address1'

2019-01-08 17:48:11 - [TEST_STEP][PASSED] - setText: Text 'perkeso2' is set on object 'Object Repository/Final Object Repo/New Registration - Registration Module Pages/Form 1/Industry Address2'

2019-01-08 17:48:11 - [MESSAGE][PASSED] - Text 'perkeso2' is set on object 'Object Repository/Final Object Repo/New Registration - Registration Module Pages/Form 1/Industry Address2'

2019-01-08 17:48:11 - [TEST_STEP][PASSED] - setText: Text 'perkeso3' is set on object 'Object Repository/Final Object Repo/New Registration - Registration Module Pages/Form 1/Industry Address3'

2019-01-08 17:48:12 - [MESSAGE][PASSED] - Text 'perkeso3' is set on object 'Object Repository/Final Object Repo/New Registration - Registration Module Pages/Form 1/Industry Address3'

2019-01-08 17:48:12 - [TEST_STEP][PASSED] - click: Object: 'Object Repository/Final Object Repo/New Registration - Registration Module Pages/Form 1/Industry State' is clicked on

2019-01-08 17:48:12 - [MESSAGE][PASSED] - Object: 'Object Repository/Final Object Repo/New Registration - Registration Module Pages/Form 1/Industry State' is clicked on

2019-01-08 17:48:12 - [TEST_STEP][PASSED] - delay: Delayed 2 second(s)

2019-01-08 17:48:14 - [MESSAGE][PASSED] - Delayed 2 second(s)

2019-01-08 17:48:14 - [TEST_STEP][PASSED] - click: Object: 'Object Repository/Final Object Repo/New Registration - Registration Module Pages/Form 1/Industry State - Johor' is clicked on

2019-01-08 17:48:14 - [MESSAGE][PASSED] - Object: 'Object Repository/Final Object Repo/New Registration - Registration Module Pages/Form 1/Industry State - Johor' is clicked on

2019-01-08 17:48:14 - [TEST_STEP][PASSED] - delay: Delayed 2 second(s)

2019-01-08 17:48:16 - [MESSAGE][PASSED] - Delayed 2 second(s)

2019-01-08 17:48:16 - [TEST_STEP][PASSED] - click: Object: 'Object Repository/Final Object Repo/New Registration - Registration Module Pages/Form 1/Industry Ciry' is clicked on

2019-01-08 17:48:16 - [MESSAGE][PASSED] - Object: 'Object Repository/Final Object Repo/New Registration - Registration Module Pages/Form 1/Industry Ciry' is clicked on

2019-01-08 17:48:16 - [TEST_STEP][PASSED] - setText: Text 'joh' is set on object 'Object Repository/Final Object Repo/New Registration - Registration Module Pages/Form 1/Industry Ciry - joh'

2019-01-08 17:48:16 - [MESSAGE][PASSED] - Text 'joh' is set on object 'Object Repository/Final Object Repo/New Registration - Registration Module Pages/Form 1/Industry Ciry - joh'

2019-01-08 17:48:16 - [TEST_STEP][PASSED] - delay: Delayed 2 second(s)

2019-01-08 17:48:18 - [MESSAGE][PASSED] - Delayed 2 second(s)

2019-01-08 17:48:18 - [TEST_STEP][PASSED] - click: Object: 'Object Repository/Final Object Repo/New Registration - Registration Module Pages/Form 1/Industy State - Johor Bharu' is clicked on

2019-01-08 17:48:19 - [MESSAGE][PASSED] - Object: 'Object Repository/Final Object Repo/New Registration - Registration Module Pages/Form 1/Industy State - Johor Bharu' is clicked on

2019-01-08 17:48:19 - [TEST_STEP][PASSED] - delay: Delayed 1 second(s)

2019-01-08 17:48:20 - [MESSAGE][PASSED] - Delayed 1 second(s)

2019-01-08 17:48:20 - [TEST_STEP][PASSED] - click: Object: 'Object Repository/Final Object Repo/New Registration - Registration Module Pages/Form 1/Indusry PostCode' is clicked on

2019-01-08 17:48:20 - [MESSAGE][PASSED] - Object: 'Object Repository/Final Object Repo/New Registration - Registration Module Pages/Form 1/Indusry PostCode' is clicked on

2019-01-08 17:48:20 - [TEST_STEP][PASSED] - delay: Delayed 1 second(s)

2019-01-08 17:48:21 - [MESSAGE][PASSED] - Delayed 1 second(s)

2019-01-08 17:48:21 - [TEST_STEP][PASSED] - setText: Text '810' is set on object 'Object Repository/Final Object Repo/New Registration - Registration Module Pages/Form 1/Insutry Post Code - 810'

2019-01-08 17:48:21 - [MESSAGE][PASSED] - Text '810' is set on object 'Object Repository/Final Object Repo/New Registration - Registration Module Pages/Form 1/Insutry Post Code - 810'

2019-01-08 17:48:21 - [TEST_STEP][PASSED] - delay: Delayed 1 second(s)

2019-01-08 17:48:22 - [MESSAGE][PASSED] - Delayed 1 second(s)

2019-01-08 17:48:22 - [TEST_STEP][PASSED] - click: Object: 'Object Repository/Final Object Repo/New Registration - Registration Module Pages/Form 1/Insutry Post Code - 81000' is clicked on

2019-01-08 17:48:22 - [MESSAGE][PASSED] - Object: 'Object Repository/Final Object Repo/New Registration - Registration Module Pages/Form 1/Insutry Post Code - 81000' is clicked on

2019-01-08 17:48:22 - [TEST_STEP][PASSED] - delay: Delayed 1 second(s)

2019-01-08 17:48:23 - [MESSAGE][PASSED] - Delayed 1 second(s)

2019-01-08 17:48:23 - [TEST_STEP][PASSED] - setText: Text '100' is set on object 'Object Repository/Final Object Repo/New Registration - Registration Module Pages/Form 1/Industry P.O.BOX'

2019-01-08 17:48:23 - [MESSAGE][PASSED] - Text '100' is set on object 'Object Repository/Final Object Repo/New Registration - Registration Module Pages/Form 1/Industry P.O.BOX'

2019-01-08 17:48:23 - [TEST_STEP][PASSED] - setText: Text '100' is set on object 'Object Repository/Final Object Repo/New Registration - Registration Module Pages/Form 1/Industry Locked Bag No'

2019-01-08 17:48:24 - [MESSAGE][PASSED] - Text '100' is set on object 'Object Repository/Final Object Repo/New Registration - Registration Module Pages/Form 1/Industry Locked Bag No'

2019-01-08 17:48:24 - [TEST_STEP][PASSED] - setText: Text '123456789' is set on object 'Object Repository/Final Object Repo/New Registration - Registration Module Pages/Form 1/Telephone No'

2019-01-08 17:48:24 - [MESSAGE][PASSED] - Text '123456789' is set on object 'Object Repository/Final Object Repo/New Registration - Registration Module Pages/Form 1/Telephone No'

2019-01-08 17:48:24 - [TEST_STEP][PASSED] - setText: Text '123456789' is set on object 'Object Repository/Final Object Repo/New Registration - Registration Module Pages/Form 1/Mobile No'

2019-01-08 17:48:25 - [MESSAGE][PASSED] - Text '123456789' is set on object 'Object Repository/Final Object Repo/New Registration - Registration Module Pages/Form 1/Mobile No'

2019-01-08 17:48:25 - [TEST_STEP][PASSED] - setText: Text '123456789' is set on object 'Object Repository/Final Object Repo/New Registration - Registration Module Pages/Form 1/Fax No'

2019-01-08 17:48:25 - [MESSAGE][PASSED] - Text '123456789' is set on object 'Object Repository/Final Object Repo/New Registration - Registration Module Pages/Form 1/Fax No'

2019-01-08 17:48:25 - [TEST_STEP][PASSED] - click: Object: 'Object Repository/Final Object Repo/New Registration - Registration Module Pages/Form 1/Industry Code' is clicked on

2019-01-08 17:48:25 - [MESSAGE][PASSED] - Object: 'Object Repository/Final Object Repo/New Registration - Registration Module Pages/Form 1/Industry Code' is clicked on

2019-01-08 17:48:25 - [TEST_STEP][PASSED] - click: Object: 'Object Repository/Final Object Repo/New Registration - Registration Module Pages/Form 1/Indudustry Code - Crops and Animal' is clicked on

2019-01-08 17:48:25 - [MESSAGE][PASSED] - Object: 'Object Repository/Final Object Repo/New Registration - Registration Module Pages/Form 1/Indudustry Code - Crops and Animal' is clicked on

2019-01-08 17:48:25 - [TEST_STEP][PASSED] - delay: Delayed 1 second(s)

2019-01-08 17:48:26 - [MESSAGE][PASSED] - Delayed 1 second(s)

2019-01-08 17:48:26 - [TEST_STEP][PASSED] - click: Object: 'Object Repository/Final Object Repo/New Registration - Registration Module Pages/Form 1/Sub Industry Code List' is clicked on

2019-01-08 17:48:27 - [MESSAGE][PASSED] - Object: 'Object Repository/Final Object Repo/New Registration - Registration Module Pages/Form 1/Sub Industry Code List' is clicked on

2019-01-08 17:48:27 - [TEST_STEP][PASSED] - click: Object: 'Object Repository/Final Object Repo/New Registration - Registration Module Pages/Form 1/Sub Industry Code List - Growing of Maize' is clicked on

2019-01-08 17:48:27 - [MESSAGE][PASSED] - Object: 'Object Repository/Final Object Repo/New Registration - Registration Module Pages/Form 1/Sub Industry Code List - Growing of Maize' is clicked on

2019-01-08 17:48:27 - [TEST_STEP][PASSED] - setText: Text 'perkeso123@gmail.com' is set on object 'Object Repository/Final Object Repo/New Registration - Registration Module Pages/Form 1/Email'

2019-01-08 17:48:28 - [MESSAGE][PASSED] - Text 'perkeso123@gmail.com' is set on object 'Object Repository/Final Object Repo/New Registration - Registration Module Pages/Form 1/Email'

2019-01-08 17:48:28 - [TEST_STEP][PASSED] - click: Object: 'Object Repository/Final Object Repo/New Registration - Registration Module Pages/Form 1/Method of Contribution Payment' is clicked on

2019-01-08 17:48:28 - [MESSAGE][PASSED] - Object: 'Object Repository/Final Object Repo/New Registration - Registration Module Pages/Form 1/Method of Contribution Payment' is clicked on

2019-01-08 17:48:28 - [TEST_STEP][PASSED] - click: Object: 'Object Repository/Final Object Repo/New Registration - Registration Module Pages/Form 1/Method of Contribution Payment - Portal' is clicked on

2019-01-08 17:48:28 - [MESSAGE][PASSED] - Object: 'Object Repository/Final Object Repo/New Registration - Registration Module Pages/Form 1/Method of Contribution Payment - Portal' is clicked on

2019-01-08 17:48:28 - [TEST_STEP][PASSED] - click: Object: 'Object Repository/Final Object Repo/New Registration - Registration Module Pages/Form 1/Servide Type' is clicked on

2019-01-08 17:48:28 - [MESSAGE][PASSED] - Object: 'Object Repository/Final Object Repo/New Registration - Registration Module Pages/Form 1/Servide Type' is clicked on

2019-01-08 17:48:28 - [TEST_STEP][PASSED] - click: Object: 'Object Repository/Final Object Repo/New Registration - Registration Module Pages/Form 1/Servide Type - Professional Bodies' is clicked on

2019-01-08 17:48:28 - [MESSAGE][PASSED] - Object: 'Object Repository/Final Object Repo/New Registration - Registration Module Pages/Form 1/Servide Type - Professional Bodies' is clicked on

2019-01-08 17:48:28 - [TEST_STEP][PASSED] - click: Object: 'Object Repository/Final Object Repo/New Registration - Registration Module Pages/Form 1/Industry Venue' is clicked on

2019-01-08 17:48:28 - [MESSAGE][PASSED] - Object: 'Object Repository/Final Object Repo/New Registration - Registration Module Pages/Form 1/Industry Venue' is clicked on

2019-01-08 17:48:28 - [TEST_STEP][PASSED] - click: Object: 'Object Repository/Final Object Repo/New Registration - Registration Module Pages/Form 1/Industry Venue -  PPN JOHOR' is clicked on

2019-01-08 17:48:29 - [MESSAGE][PASSED] - Object: 'Object Repository/Final Object Repo/New Registration - Registration Module Pages/Form 1/Industry Venue -  PPN JOHOR' is clicked on

2019-01-08 17:48:29 - [TEST_STEP][PASSED] - click: Object: 'Object Repository/Final Object Repo/New Registration - Registration Module Pages/Form 1/Save  Continue' is clicked on

2019-01-08 17:48:29 - [MESSAGE][PASSED] - Object: 'Object Repository/Final Object Repo/New Registration - Registration Module Pages/Form 1/Save  Continue' is clicked on

2019-01-08 17:48:29 - [MESSAGE][PASSED] - Call Test Case 'Test Cases/Final Aug 2018 - PKS Automation/Registration Module/New Registration/Form 1/Form 1 - Corporation - BHD' successfully

2019-01-08 17:48:29 - [TEST_STEP][PASSED] - callTestCase: Call Test Case 'Test Cases/Final Aug 2018 - PKS Automation/Registration Module/New Registration/Form 2/Add 2 Eligible 2 Not Eligible' successfully

2019-01-08 17:48:29 - [TEST_CASE][PASSED] - Test Cases/Final Aug 2018 - PKS Automation/Registration Module/New Registration/Form 2/Add 2 Eligible 2 Not Eligible: Test Cases/Final Aug 2018 - PKS Automation/Registration Module/New Registration/Form 2/Add 2 Eligible 2 Not Eligible

2019-01-08 17:48:29 - [TEST_STEP][PASSED] - delay: Delayed 2 second(s)

2019-01-08 17:48:31 - [MESSAGE][PASSED] - Delayed 2 second(s)

2019-01-08 17:48:31 - [TEST_STEP][PASSED] - callTestCase: Call Test Case 'Test Cases/Final Aug 2018 - PKS Automation/Registration Module/New Registration/Form 2/Date Updater' successfully

2019-01-08 17:48:31 - [TEST_CASE][PASSED] - Test Cases/Final Aug 2018 - PKS Automation/Registration Module/New Registration/Form 2/Date Updater: Test Cases/Final Aug 2018 - PKS Automation/Registration Module/New Registration/Form 2/Date Updater

2019-01-08 17:48:31 - [TEST_STEP][PASSED] - Statement - TodayDate = new java.util.Date(): null

2019-01-08 17:48:31 - [TEST_STEP][PASSED] - Statement - CurrentDateNoFilter = new java.text.SimpleDateFormat(): null

2019-01-08 17:48:31 - [TEST_STEP][PASSED] - Statement - CurrentDateNoFilter.applyPattern("MM"): null

2019-01-08 17:48:31 - [TEST_STEP][PASSED] - Statement - monthContainerMatcher = java.lang.Integer.parseInt(CurrentDateNoFilter.format(TodayDate)): null

2019-01-08 17:48:31 - [TEST_STEP][PASSED] - Statement - monthContainerMatcher = monthContainerMatcher - 1: null

2019-01-08 17:48:31 - [TEST_STEP][PASSED] - Statement - CurrentMonth = monthContainerMatcher.toString(): null

2019-01-08 17:48:31 - [TEST_STEP][PASSED] - Statement - CurrentMonth = CurrentMonth: null

2019-01-08 17:48:31 - [TEST_STEP][PASSED] - Statement - CurrentDateNoFilter.applyPattern("yyyy"): null

2019-01-08 17:48:31 - [TEST_STEP][PASSED] - Statement - CurrentYear = CurrentDateNoFilter.format(TodayDate): null

2019-01-08 17:48:31 - [TEST_STEP][PASSED] - Statement - CurrentYear = CurrentYear: null

2019-01-08 17:48:31 - [TEST_STEP][PASSED] - Statement - intCurrentYear = java.lang.Integer.parseInt(CurrentDateNoFilter.format(TodayDate)): null

2019-01-08 17:48:31 - [TEST_STEP][PASSED] - Statement - eighteenYrsAgo = intCurrentYear - 18: null

2019-01-08 17:48:31 - [TEST_STEP][PASSED] - Statement - eighteenYrsBeforeThisYr = eighteenYrsAgo.toString(): null

2019-01-08 17:48:31 - [TEST_STEP][PASSED] - Statement - EighteenYrsBefore = eighteenYrsBeforeThisYr: null

2019-01-08 17:48:31 - [TEST_STEP][PASSED] - Statement - fiftysevenYrsAgo = intCurrentYear - 57: null

2019-01-08 17:48:31 - [TEST_STEP][PASSED] - Statement - fiftysevenYrsBeforeThisYr = fiftysevenYrsAgo.toString(): null

2019-01-08 17:48:31 - [TEST_STEP][PASSED] - Statement - FiftysevenYrsBefore = fiftysevenYrsBeforeThisYr: null

2019-01-08 17:48:31 - [TEST_STEP][PASSED] - Statement - leapYear = false: null

2019-01-08 17:48:31 - [TEST_STEP][PASSED] - Statement - leapYear = intCurrentYear % 4 == 0: null

2019-01-08 17:48:31 - [TEST_STEP][PASSED] - Statement - CurrentDateNoFilter.applyPattern("dd"): null

2019-01-08 17:48:31 - [TEST_STEP][PASSED] - Statement - CurrentDate = CurrentDateNoFilter.format(TodayDate): null

2019-01-08 17:48:31 - [TEST_STEP][PASSED] - Statement - CurrentDate = java.lang.Integer.parseInt(CurrentDate): null

2019-01-08 17:48:31 - [TEST_STEP][PASSED] - Statement - CurrentDate = CurrentDate: null

2019-01-08 17:48:31 - [TEST_STEP][PASSED] - Statement - CurrentDay = java.lang.Integer.parseInt(CurrentDate): null

2019-01-08 17:48:31 - [TEST_STEP][PASSED] - Statement - ConfAdder = <not implemented yet for class: org.codehaus.groovy.ast.expr.EmptyExpression>: null

2019-01-08 17:48:31 - [TEST_STEP][PASSED] - Statement - out.println(CurrentMonth): null

2019-01-08 17:48:31 - [TEST_STEP][PASSED] - Statement - out.println(CurrentDate): null

2019-01-08 17:48:31 - [TEST_STEP][PASSED] - Statement - switch (CurrentDate): null

2019-01-08 17:48:31 - [TEST_STEP][PASSED] - Statement - Default: null

2019-01-08 17:48:31 - [TEST_STEP][PASSED] - Statement - ConfAdder = true: null

2019-01-08 17:48:31 - [TEST_STEP][PASSED] - Statement - Break: null

2019-01-08 17:48:31 - [TEST_STEP][PASSED] - Statement - aDayBefore = <not implemented yet for class: org.codehaus.groovy.ast.expr.EmptyExpression>: null

2019-01-08 17:48:31 - [TEST_STEP][PASSED] - Statement - out.println(ConfAdder): null

2019-01-08 17:48:31 - [TEST_STEP][PASSED] - Statement - If (ConfAdder == true): null

2019-01-08 17:48:31 - [TEST_STEP][PASSED] - Statement - aDayBefore = CurrentDay + 1: null

2019-01-08 17:48:31 - [TEST_STEP][PASSED] - Statement - out.println(aDayBefore): null

2019-01-08 17:48:31 - [TEST_STEP][PASSED] - Statement - If (aDayBefore == 1 && CurrentMonth == 11): null

2019-01-08 17:48:31 - [TEST_STEP][PASSED] - Statement - DayBefore = aDayBefore.toString(): null

2019-01-08 17:48:31 - [TEST_STEP][PASSED] - Statement - OneDayBefore = DayBefore: null

2019-01-08 17:48:31 - [MESSAGE][PASSED] - Call Test Case 'Test Cases/Final Aug 2018 - PKS Automation/Registration Module/New Registration/Form 2/Date Updater' successfully

2019-01-08 17:48:31 - [TEST_STEP][PASSED] - delay: Delayed 1 second(s)

2019-01-08 17:48:32 - [MESSAGE][PASSED] - Delayed 1 second(s)

2019-01-08 17:48:32 - [TEST_STEP][PASSED] - Statement - CaseReferenceNo = com.kms.katalon.core.webui.keyword.WebUiBuiltInKeywords.getText(com.kms.katalon.core.testobject.ObjectRepository.findTestObject(Final Object Repo/New Registration - Registration Module Pages/Form 2/RefNo Acquiring)): Text of object 'Object Repository/Final Object Repo/New Registration - Registration Module Pages/Form 2/RefNo Acquiring' is: 'CRN01201900123644'

2019-01-08 17:48:32 - [MESSAGE][PASSED] - Text of object 'Object Repository/Final Object Repo/New Registration - Registration Module Pages/Form 2/RefNo Acquiring' is: 'CRN01201900123644'

2019-01-08 17:48:32 - [TEST_STEP][PASSED] - delay: Delayed 1 second(s)

2019-01-08 17:48:33 - [MESSAGE][PASSED] - Delayed 1 second(s)

2019-01-08 17:48:33 - [TEST_STEP][PASSED] - click: Object: 'Object Repository/Final Object Repo/New Registration - Registration Module Pages/Form 2/Add Employee Button' is clicked on

2019-01-08 17:48:33 - [MESSAGE][PASSED] - Object: 'Object Repository/Final Object Repo/New Registration - Registration Module Pages/Form 2/Add Employee Button' is clicked on

2019-01-08 17:48:33 - [TEST_STEP][PASSED] - delay: Delayed 4 second(s)

2019-01-08 17:48:37 - [MESSAGE][PASSED] - Delayed 4 second(s)

2019-01-08 17:48:37 - [TEST_STEP][PASSED] - setText: Text '010903091927' is set on object 'Object Repository/Final Object Repo/New Registration - Registration Module Pages/Form 2/NRIC Input'

2019-01-08 17:48:38 - [MESSAGE][PASSED] - Text '010903091927' is set on object 'Object Repository/Final Object Repo/New Registration - Registration Module Pages/Form 2/NRIC Input'

2019-01-08 17:48:38 - [TEST_STEP][PASSED] - click: Object: 'Object Repository/Final Object Repo/New Registration - Registration Module Pages/Form 2/button for search for IC' is clicked on

2019-01-08 17:48:38 - [MESSAGE][PASSED] - Object: 'Object Repository/Final Object Repo/New Registration - Registration Module Pages/Form 2/button for search for IC' is clicked on

2019-01-08 17:48:38 - [TEST_STEP][PASSED] - delay: Delayed 2 second(s)

2019-01-08 17:48:40 - [MESSAGE][PASSED] - Delayed 2 second(s)

2019-01-08 17:48:40 - [TEST_STEP][PASSED] - setText: Text 'Automate001 eligible 1' is set on object 'Object Repository/Final Object Repo/New Registration - Registration Module Pages/Form 2/Employee Name Input'

2019-01-08 17:48:40 - [MESSAGE][PASSED] - Text 'Automate001 eligible 1' is set on object 'Object Repository/Final Object Repo/New Registration - Registration Module Pages/Form 2/Employee Name Input'

2019-01-08 17:48:40 - [TEST_STEP][PASSED] - delay: Delayed 2 second(s)

2019-01-08 17:48:42 - [MESSAGE][PASSED] - Delayed 2 second(s)

2019-01-08 17:48:42 - [TEST_STEP][PASSED] - click: Object: 'Object Repository/Final Object Repo/New Registration - Registration Module Pages/Form 2/DatePicker Pop Up' is clicked on

2019-01-08 17:48:43 - [MESSAGE][PASSED] - Object: 'Object Repository/Final Object Repo/New Registration - Registration Module Pages/Form 2/DatePicker Pop Up' is clicked on

2019-01-08 17:48:43 - [TEST_STEP][PASSED] - click: Object: 'Object Repository/Final Object Repo/New Registration - Registration Module Pages/Form 2/DOB Month' is clicked on

2019-01-08 17:48:43 - [MESSAGE][PASSED] - Object: 'Object Repository/Final Object Repo/New Registration - Registration Module Pages/Form 2/DOB Month' is clicked on

2019-01-08 17:48:43 - [TEST_STEP][PASSED] - Statement - CurrentMonth = CurrentMonth: null

2019-01-08 17:48:43 - [TEST_STEP][PASSED] - Statement - selectMonth = new com.kms.katalon.core.testobject.TestObject(): null

2019-01-08 17:48:43 - [TEST_STEP][PASSED] - Statement - selectMonth.addProperty("xpath", EQUALS, "//body/div/div/div/select/option[@value='" + CurrentMonth + "']", true): null

2019-01-08 17:48:43 - [TEST_STEP][PASSED] - click: Object: '' is clicked on

2019-01-08 17:48:43 - [MESSAGE][PASSED] - Object: '' is clicked on

2019-01-08 17:48:43 - [TEST_STEP][PASSED] - click: Object: 'Object Repository/Final Object Repo/New Registration - Registration Module Pages/Form 2/DOB Year' is clicked on

2019-01-08 17:48:43 - [MESSAGE][PASSED] - Object: 'Object Repository/Final Object Repo/New Registration - Registration Module Pages/Form 2/DOB Year' is clicked on

2019-01-08 17:48:43 - [TEST_STEP][PASSED] - Statement - Eyearsbf = EighteenYrsBefore: null

2019-01-08 17:48:43 - [TEST_STEP][PASSED] - Statement - selectYear = new com.kms.katalon.core.testobject.TestObject(): null

2019-01-08 17:48:43 - [TEST_STEP][PASSED] - Statement - selectYear.addProperty("xpath", EQUALS, "//div/div/div/select/option[@value='" + Eyearsbf + "']", true): null

2019-01-08 17:48:43 - [TEST_STEP][PASSED] - click: Object: '' is clicked on

2019-01-08 17:48:43 - [MESSAGE][PASSED] - Object: '' is clicked on

2019-01-08 17:48:43 - [TEST_STEP][PASSED] - Statement - UpdatedSelectDate = com.kms.katalon.core.webui.keyword.WebUiBuiltInKeywords.modifyObjectProperty(com.kms.katalon.core.testobject.ObjectRepository.findTestObject(Final Object Repo/New Registration - Registration Module Pages/Form 2/DOB Date), "xpath", "equals", "//body/div/table/tbody/tr/td/a[text()="" + CurrentDate + ""]", true): Modify property of object successfully

2019-01-08 17:48:43 - [MESSAGE][PASSED] - Modify property of object successfully

2019-01-08 17:48:43 - [TEST_STEP][PASSED] - delay: Delayed 3 second(s)

2019-01-08 17:48:46 - [MESSAGE][PASSED] - Delayed 3 second(s)

2019-01-08 17:48:46 - [TEST_STEP][PASSED] - click: Object: 'Object Repository/Final Object Repo/New Registration - Registration Module Pages/Form 2/DOB Date' is clicked on

2019-01-08 17:48:46 - [MESSAGE][PASSED] - Object: 'Object Repository/Final Object Repo/New Registration - Registration Module Pages/Form 2/DOB Date' is clicked on

2019-01-08 17:48:46 - [TEST_STEP][PASSED] - delay: Delayed 2 second(s)

2019-01-08 17:48:48 - [MESSAGE][PASSED] - Delayed 2 second(s)

2019-01-08 17:48:48 - [TEST_STEP][PASSED] - click: Object: 'Object Repository/Final Object Repo/New Registration - Registration Module Pages/Form 2/EmploymentStartDate Pop Up' is clicked on

2019-01-08 17:48:48 - [MESSAGE][PASSED] - Object: 'Object Repository/Final Object Repo/New Registration - Registration Module Pages/Form 2/EmploymentStartDate Pop Up' is clicked on

2019-01-08 17:48:48 - [TEST_STEP][PASSED] - delay: Delayed 2 second(s)

2019-01-08 17:48:50 - [MESSAGE][PASSED] - Delayed 2 second(s)

2019-01-08 17:48:50 - [TEST_STEP][PASSED] - click: Object: 'Object Repository/Final Object Repo/New Registration - Registration Module Pages/Form 2/Socso Employment StartDate Month' is clicked on

2019-01-08 17:48:51 - [MESSAGE][PASSED] - Object: 'Object Repository/Final Object Repo/New Registration - Registration Module Pages/Form 2/Socso Employment StartDate Month' is clicked on

2019-01-08 17:48:51 - [TEST_STEP][PASSED] - delay: Delayed 1 second(s)

2019-01-08 17:48:52 - [MESSAGE][PASSED] - Delayed 1 second(s)

2019-01-08 17:48:52 - [TEST_STEP][PASSED] - click: Object: 'Object Repository/Final Object Repo/New Registration - Registration Module Pages/Form 2/Select Socso Employement Startdate Month' is clicked on

2019-01-08 17:48:52 - [MESSAGE][PASSED] - Object: 'Object Repository/Final Object Repo/New Registration - Registration Module Pages/Form 2/Select Socso Employement Startdate Month' is clicked on

2019-01-08 17:48:52 - [TEST_STEP][PASSED] - delay: Delayed 2 second(s)

2019-01-08 17:48:54 - [MESSAGE][PASSED] - Delayed 2 second(s)

2019-01-08 17:48:54 - [TEST_STEP][PASSED] - click: Object: 'Object Repository/Final Object Repo/New Registration - Registration Module Pages/Form 2/Socso Employment StartDate Year' is clicked on

2019-01-08 17:48:54 - [MESSAGE][PASSED] - Object: 'Object Repository/Final Object Repo/New Registration - Registration Module Pages/Form 2/Socso Employment StartDate Year' is clicked on

2019-01-08 17:48:54 - [TEST_STEP][PASSED] - delay: Delayed 1 second(s)

2019-01-08 17:48:55 - [MESSAGE][PASSED] - Delayed 1 second(s)

2019-01-08 17:48:55 - [TEST_STEP][PASSED] - click: Object: 'Object Repository/Final Object Repo/New Registration - Registration Module Pages/Form 2/Select Socso Employment Startdate Year' is clicked on

2019-01-08 17:48:55 - [MESSAGE][PASSED] - Object: 'Object Repository/Final Object Repo/New Registration - Registration Module Pages/Form 2/Select Socso Employment Startdate Year' is clicked on

2019-01-08 17:48:55 - [TEST_STEP][PASSED] - delay: Delayed 2 second(s)

2019-01-08 17:48:57 - [MESSAGE][PASSED] - Delayed 2 second(s)

2019-01-08 17:48:57 - [TEST_STEP][PASSED] - click: Object: 'Object Repository/Final Object Repo/New Registration - Registration Module Pages/Form 2/Socso Employment Start Date Day' is clicked on

2019-01-08 17:48:57 - [MESSAGE][PASSED] - Object: 'Object Repository/Final Object Repo/New Registration - Registration Module Pages/Form 2/Socso Employment Start Date Day' is clicked on

2019-01-08 17:48:57 - [TEST_STEP][PASSED] - delay: Delayed 2 second(s)

2019-01-08 17:48:59 - [MESSAGE][PASSED] - Delayed 2 second(s)

2019-01-08 17:48:59 - [TEST_STEP][PASSED] - click: Object: 'Object Repository/Final Object Repo/New Registration - Registration Module Pages/Form 2/Save Button for Add Employee' is clicked on

2019-01-08 17:48:59 - [MESSAGE][PASSED] - Object: 'Object Repository/Final Object Repo/New Registration - Registration Module Pages/Form 2/Save Button for Add Employee' is clicked on

2019-01-08 17:48:59 - [TEST_STEP][PASSED] - delay: Delayed 6 second(s)

2019-01-08 17:49:05 - [MESSAGE][PASSED] - Delayed 6 second(s)

2019-01-08 17:49:05 - [TEST_STEP][PASSED] - click: Object: 'Object Repository/Final Object Repo/New Registration - Registration Module Pages/Form 2/Add Employee Button' is clicked on

2019-01-08 17:49:06 - [MESSAGE][PASSED] - Object: 'Object Repository/Final Object Repo/New Registration - Registration Module Pages/Form 2/Add Employee Button' is clicked on

2019-01-08 17:49:06 - [TEST_STEP][PASSED] - delay: Delayed 4 second(s)

2019-01-08 17:49:10 - [MESSAGE][PASSED] - Delayed 4 second(s)

2019-01-08 17:49:10 - [TEST_STEP][PASSED] - setText: Text '620904059691' is set on object 'Object Repository/Final Object Repo/New Registration - Registration Module Pages/Form 2/NRIC Input'

2019-01-08 17:49:10 - [MESSAGE][PASSED] - Text '620904059691' is set on object 'Object Repository/Final Object Repo/New Registration - Registration Module Pages/Form 2/NRIC Input'

2019-01-08 17:49:10 - [TEST_STEP][PASSED] - click: Object: 'Object Repository/Final Object Repo/New Registration - Registration Module Pages/Form 2/button for search for IC' is clicked on

2019-01-08 17:49:10 - [MESSAGE][PASSED] - Object: 'Object Repository/Final Object Repo/New Registration - Registration Module Pages/Form 2/button for search for IC' is clicked on

2019-01-08 17:49:10 - [TEST_STEP][PASSED] - delay: Delayed 2 second(s)

2019-01-08 17:49:12 - [MESSAGE][PASSED] - Delayed 2 second(s)

2019-01-08 17:49:12 - [TEST_STEP][PASSED] - setText: Text 'Automate001 eligible 2' is set on object 'Object Repository/Final Object Repo/New Registration - Registration Module Pages/Form 2/Employee Name Input'

2019-01-08 17:49:13 - [MESSAGE][PASSED] - Text 'Automate001 eligible 2' is set on object 'Object Repository/Final Object Repo/New Registration - Registration Module Pages/Form 2/Employee Name Input'

2019-01-08 17:49:13 - [TEST_STEP][PASSED] - delay: Delayed 2 second(s)

2019-01-08 17:49:15 - [MESSAGE][PASSED] - Delayed 2 second(s)

2019-01-08 17:49:15 - [TEST_STEP][PASSED] - click: Object: 'Object Repository/Final Object Repo/New Registration - Registration Module Pages/Form 2/DatePicker Pop Up' is clicked on

2019-01-08 17:49:15 - [MESSAGE][PASSED] - Object: 'Object Repository/Final Object Repo/New Registration - Registration Module Pages/Form 2/DatePicker Pop Up' is clicked on

2019-01-08 17:49:15 - [TEST_STEP][PASSED] - delay: Delayed 2 second(s)

2019-01-08 17:49:17 - [MESSAGE][PASSED] - Delayed 2 second(s)

2019-01-08 17:49:17 - [TEST_STEP][PASSED] - click: Object: 'Object Repository/Final Object Repo/New Registration - Registration Module Pages/Form 2/DOB Month' is clicked on

2019-01-08 17:49:17 - [MESSAGE][PASSED] - Object: 'Object Repository/Final Object Repo/New Registration - Registration Module Pages/Form 2/DOB Month' is clicked on

2019-01-08 17:49:17 - [TEST_STEP][PASSED] - Statement - selectMonth = com.kms.katalon.core.webui.keyword.WebUiBuiltInKeywords.modifyObjectProperty(selectMonth, "xpath", "equals", "//body/div/div/div/select/option[@value="" + CurrentMonth + ""]", true): Modify property of object successfully

2019-01-08 17:49:17 - [MESSAGE][PASSED] - Modify property of object successfully

2019-01-08 17:49:17 - [TEST_STEP][PASSED] - click: Object: '' is clicked on

2019-01-08 17:49:17 - [MESSAGE][PASSED] - Object: '' is clicked on

2019-01-08 17:49:17 - [TEST_STEP][PASSED] - click: Object: 'Object Repository/Final Object Repo/New Registration - Registration Module Pages/Form 2/DOB Year' is clicked on

2019-01-08 17:49:17 - [MESSAGE][PASSED] - Object: 'Object Repository/Final Object Repo/New Registration - Registration Module Pages/Form 2/DOB Year' is clicked on

2019-01-08 17:49:17 - [TEST_STEP][PASSED] - Statement - selectYear = com.kms.katalon.core.webui.keyword.WebUiBuiltInKeywords.modifyObjectProperty(selectYear, "xpath", "equals", "//div/div/div/select/option[@value="" + FiftysevenYrsBefore + ""]", true): Modify property of object successfully

2019-01-08 17:49:17 - [MESSAGE][PASSED] - Modify property of object successfully

2019-01-08 17:49:17 - [TEST_STEP][PASSED] - click: Object: '' is clicked on

2019-01-08 17:49:17 - [MESSAGE][PASSED] - Object: '' is clicked on

2019-01-08 17:49:17 - [TEST_STEP][PASSED] - Statement - UpdatedSelectDate = com.kms.katalon.core.webui.keyword.WebUiBuiltInKeywords.modifyObjectProperty(com.kms.katalon.core.testobject.ObjectRepository.findTestObject(Final Object Repo/New Registration - Registration Module Pages/Form 2/DOB Date), "xpath", "equals", "//body/div/table/tbody/tr/td/a[text()="" + OneDayBefore + ""]", true): Modify property of object successfully

2019-01-08 17:49:17 - [MESSAGE][PASSED] - Modify property of object successfully

2019-01-08 17:49:17 - [TEST_STEP][PASSED] - click: Object: 'Object Repository/Final Object Repo/New Registration - Registration Module Pages/Form 2/DOB Date' is clicked on

2019-01-08 17:49:18 - [MESSAGE][PASSED] - Object: 'Object Repository/Final Object Repo/New Registration - Registration Module Pages/Form 2/DOB Date' is clicked on

2019-01-08 17:49:18 - [TEST_STEP][PASSED] - delay: Delayed 2 second(s)

2019-01-08 17:49:20 - [MESSAGE][PASSED] - Delayed 2 second(s)

2019-01-08 17:49:20 - [TEST_STEP][PASSED] - click: Object: 'Object Repository/Final Object Repo/New Registration - Registration Module Pages/Form 2/EmploymentStartDate Pop Up' is clicked on

2019-01-08 17:49:20 - [MESSAGE][PASSED] - Object: 'Object Repository/Final Object Repo/New Registration - Registration Module Pages/Form 2/EmploymentStartDate Pop Up' is clicked on

2019-01-08 17:49:20 - [TEST_STEP][PASSED] - delay: Delayed 2 second(s)

2019-01-08 17:49:22 - [MESSAGE][PASSED] - Delayed 2 second(s)

2019-01-08 17:49:22 - [TEST_STEP][PASSED] - click: Object: 'Object Repository/Final Object Repo/New Registration - Registration Module Pages/Form 2/Socso Employment StartDate Month' is clicked on

2019-01-08 17:49:22 - [MESSAGE][PASSED] - Object: 'Object Repository/Final Object Repo/New Registration - Registration Module Pages/Form 2/Socso Employment StartDate Month' is clicked on

2019-01-08 17:49:22 - [TEST_STEP][PASSED] - delay: Delayed 1 second(s)

2019-01-08 17:49:23 - [MESSAGE][PASSED] - Delayed 1 second(s)

2019-01-08 17:49:23 - [TEST_STEP][PASSED] - click: Object: 'Object Repository/Final Object Repo/New Registration - Registration Module Pages/Form 2/Select Socso Employement Startdate Month' is clicked on

2019-01-08 17:49:23 - [MESSAGE][PASSED] - Object: 'Object Repository/Final Object Repo/New Registration - Registration Module Pages/Form 2/Select Socso Employement Startdate Month' is clicked on

2019-01-08 17:49:23 - [TEST_STEP][PASSED] - delay: Delayed 2 second(s)

2019-01-08 17:49:25 - [MESSAGE][PASSED] - Delayed 2 second(s)

2019-01-08 17:49:25 - [TEST_STEP][PASSED] - click: Object: 'Object Repository/Final Object Repo/New Registration - Registration Module Pages/Form 2/Socso Employment StartDate Year' is clicked on

2019-01-08 17:49:25 - [MESSAGE][PASSED] - Object: 'Object Repository/Final Object Repo/New Registration - Registration Module Pages/Form 2/Socso Employment StartDate Year' is clicked on

2019-01-08 17:49:25 - [TEST_STEP][PASSED] - delay: Delayed 1 second(s)

2019-01-08 17:49:26 - [MESSAGE][PASSED] - Delayed 1 second(s)

2019-01-08 17:49:26 - [TEST_STEP][PASSED] - click: Object: 'Object Repository/Final Object Repo/New Registration - Registration Module Pages/Form 2/Select Socso Employment Startdate Year' is clicked on

2019-01-08 17:49:26 - [MESSAGE][PASSED] - Object: 'Object Repository/Final Object Repo/New Registration - Registration Module Pages/Form 2/Select Socso Employment Startdate Year' is clicked on

2019-01-08 17:49:26 - [TEST_STEP][PASSED] - delay: Delayed 2 second(s)

2019-01-08 17:49:28 - [MESSAGE][PASSED] - Delayed 2 second(s)

2019-01-08 17:49:28 - [TEST_STEP][PASSED] - click: Object: 'Object Repository/Final Object Repo/New Registration - Registration Module Pages/Form 2/Socso Employment Start Date Day' is clicked on

2019-01-08 17:49:29 - [MESSAGE][PASSED] - Object: 'Object Repository/Final Object Repo/New Registration - Registration Module Pages/Form 2/Socso Employment Start Date Day' is clicked on

2019-01-08 17:49:29 - [TEST_STEP][PASSED] - delay: Delayed 2 second(s)

2019-01-08 17:49:31 - [MESSAGE][PASSED] - Delayed 2 second(s)

2019-01-08 17:49:31 - [TEST_STEP][PASSED] - click: Object: 'Object Repository/Final Object Repo/New Registration - Registration Module Pages/Form 2/Save Button for Add Employee' is clicked on

2019-01-08 17:49:31 - [MESSAGE][PASSED] - Object: 'Object Repository/Final Object Repo/New Registration - Registration Module Pages/Form 2/Save Button for Add Employee' is clicked on

2019-01-08 17:49:31 - [TEST_STEP][PASSED] - delay: Delayed 4 second(s)

2019-01-08 17:49:35 - [MESSAGE][PASSED] - Delayed 4 second(s)

2019-01-08 17:49:35 - [TEST_STEP][PASSED] - delay: Delayed 30 second(s)

2019-01-08 17:50:05 - [MESSAGE][PASSED] - Delayed 30 second(s)

2019-01-08 17:50:05 - [TEST_STEP][PASSED] - click: Object: 'Object Repository/Final Object Repo/New Registration - Registration Module Pages/Form 2/Add Employee Button' is clicked on

2019-01-08 17:50:05 - [MESSAGE][PASSED] - Object: 'Object Repository/Final Object Repo/New Registration - Registration Module Pages/Form 2/Add Employee Button' is clicked on

2019-01-08 17:50:05 - [TEST_STEP][PASSED] - delay: Delayed 4 second(s)

2019-01-08 17:50:09 - [MESSAGE][PASSED] - Delayed 4 second(s)

2019-01-08 17:50:09 - [TEST_STEP][PASSED] - setText: Text '000209039145' is set on object 'Object Repository/Final Object Repo/New Registration - Registration Module Pages/Form 2/NRIC Input'

2019-01-08 17:50:09 - [MESSAGE][PASSED] - Text '000209039145' is set on object 'Object Repository/Final Object Repo/New Registration - Registration Module Pages/Form 2/NRIC Input'

2019-01-08 17:50:09 - [TEST_STEP][PASSED] - click: Object: 'Object Repository/Final Object Repo/New Registration - Registration Module Pages/Form 2/button for search for IC' is clicked on

2019-01-08 17:50:09 - [MESSAGE][PASSED] - Object: 'Object Repository/Final Object Repo/New Registration - Registration Module Pages/Form 2/button for search for IC' is clicked on

2019-01-08 17:50:09 - [TEST_STEP][PASSED] - delay: Delayed 2 second(s)

2019-01-08 17:50:11 - [MESSAGE][PASSED] - Delayed 2 second(s)

2019-01-08 17:50:11 - [TEST_STEP][PASSED] - setText: Text 'Automate001 not eligible 1' is set on object 'Object Repository/Final Object Repo/New Registration - Registration Module Pages/Form 2/Employee Name Input'

2019-01-08 17:50:12 - [MESSAGE][PASSED] - Text 'Automate001 not eligible 1' is set on object 'Object Repository/Final Object Repo/New Registration - Registration Module Pages/Form 2/Employee Name Input'

2019-01-08 17:50:12 - [TEST_STEP][PASSED] - delay: Delayed 2 second(s)

2019-01-08 17:50:14 - [MESSAGE][PASSED] - Delayed 2 second(s)

2019-01-08 17:50:14 - [TEST_STEP][PASSED] - click: Object: 'Object Repository/Final Object Repo/New Registration - Registration Module Pages/Form 2/DatePicker Pop Up' is clicked on

2019-01-08 17:50:14 - [MESSAGE][PASSED] - Object: 'Object Repository/Final Object Repo/New Registration - Registration Module Pages/Form 2/DatePicker Pop Up' is clicked on

2019-01-08 17:50:14 - [TEST_STEP][PASSED] - delay: Delayed 2 second(s)

2019-01-08 17:50:16 - [MESSAGE][PASSED] - Delayed 2 second(s)

2019-01-08 17:50:16 - [TEST_STEP][PASSED] - click: Object: 'Object Repository/Final Object Repo/New Registration - Registration Module Pages/Form 2/DOB Month' is clicked on

2019-01-08 17:50:16 - [MESSAGE][PASSED] - Object: 'Object Repository/Final Object Repo/New Registration - Registration Module Pages/Form 2/DOB Month' is clicked on

2019-01-08 17:50:16 - [TEST_STEP][PASSED] - Statement - selectMonth = com.kms.katalon.core.webui.keyword.WebUiBuiltInKeywords.modifyObjectProperty(selectMonth, "xpath", "equals", "//body/div/div/div/select/option[@value="" + CurrentMonth + ""]", true): Modify property of object successfully

2019-01-08 17:50:16 - [MESSAGE][PASSED] - Modify property of object successfully

2019-01-08 17:50:16 - [TEST_STEP][PASSED] - click: Object: '' is clicked on

2019-01-08 17:50:16 - [MESSAGE][PASSED] - Object: '' is clicked on

2019-01-08 17:50:16 - [TEST_STEP][PASSED] - click: Object: 'Object Repository/Final Object Repo/New Registration - Registration Module Pages/Form 2/DOB Year' is clicked on

2019-01-08 17:50:17 - [MESSAGE][PASSED] - Object: 'Object Repository/Final Object Repo/New Registration - Registration Module Pages/Form 2/DOB Year' is clicked on

2019-01-08 17:50:17 - [TEST_STEP][PASSED] - Statement - selectYear = com.kms.katalon.core.webui.keyword.WebUiBuiltInKeywords.modifyObjectProperty(selectYear, "xpath", "equals", "//div/div/div/select/option[@value="" + EighteenYrsBefore + ""]", true): Modify property of object successfully

2019-01-08 17:50:17 - [MESSAGE][PASSED] - Modify property of object successfully

2019-01-08 17:50:17 - [TEST_STEP][PASSED] - click: Object: '' is clicked on

2019-01-08 17:50:17 - [MESSAGE][PASSED] - Object: '' is clicked on

2019-01-08 17:50:17 - [TEST_STEP][PASSED] - Statement - UpdatedSelectDate = com.kms.katalon.core.webui.keyword.WebUiBuiltInKeywords.modifyObjectProperty(com.kms.katalon.core.testobject.ObjectRepository.findTestObject(Final Object Repo/New Registration - Registration Module Pages/Form 2/DOB Date), "xpath", "equals", "//body/div/table/tbody/tr/td/a[text()="" + OneDayBefore + ""]", true): Modify property of object successfully

2019-01-08 17:50:17 - [MESSAGE][PASSED] - Modify property of object successfully

2019-01-08 17:50:17 - [TEST_STEP][PASSED] - click: Object: 'Object Repository/Final Object Repo/New Registration - Registration Module Pages/Form 2/DOB Date' is clicked on

2019-01-08 17:50:17 - [MESSAGE][PASSED] - Object: 'Object Repository/Final Object Repo/New Registration - Registration Module Pages/Form 2/DOB Date' is clicked on

2019-01-08 17:50:17 - [TEST_STEP][PASSED] - delay: Delayed 2 second(s)

2019-01-08 17:50:19 - [MESSAGE][PASSED] - Delayed 2 second(s)

2019-01-08 17:50:19 - [TEST_STEP][PASSED] - click: Object: 'Object Repository/Final Object Repo/New Registration - Registration Module Pages/Form 2/EmploymentStartDate Pop Up' is clicked on

2019-01-08 17:50:19 - [MESSAGE][PASSED] - Object: 'Object Repository/Final Object Repo/New Registration - Registration Module Pages/Form 2/EmploymentStartDate Pop Up' is clicked on

2019-01-08 17:50:19 - [TEST_STEP][PASSED] - delay: Delayed 2 second(s)

2019-01-08 17:50:21 - [MESSAGE][PASSED] - Delayed 2 second(s)

2019-01-08 17:50:21 - [TEST_STEP][PASSED] - click: Object: 'Object Repository/Final Object Repo/New Registration - Registration Module Pages/Form 2/Socso Employment StartDate Month' is clicked on

2019-01-08 17:50:21 - [MESSAGE][PASSED] - Object: 'Object Repository/Final Object Repo/New Registration - Registration Module Pages/Form 2/Socso Employment StartDate Month' is clicked on

2019-01-08 17:50:21 - [TEST_STEP][PASSED] - delay: Delayed 1 second(s)

2019-01-08 17:50:22 - [MESSAGE][PASSED] - Delayed 1 second(s)

2019-01-08 17:50:22 - [TEST_STEP][PASSED] - click: Object: 'Object Repository/Final Object Repo/New Registration - Registration Module Pages/Form 2/Select Socso Employement Startdate Month' is clicked on

2019-01-08 17:50:22 - [MESSAGE][PASSED] - Object: 'Object Repository/Final Object Repo/New Registration - Registration Module Pages/Form 2/Select Socso Employement Startdate Month' is clicked on

2019-01-08 17:50:22 - [TEST_STEP][PASSED] - delay: Delayed 2 second(s)

2019-01-08 17:50:24 - [MESSAGE][PASSED] - Delayed 2 second(s)

2019-01-08 17:50:24 - [TEST_STEP][PASSED] - click: Object: 'Object Repository/Final Object Repo/New Registration - Registration Module Pages/Form 2/Socso Employment StartDate Year' is clicked on

2019-01-08 17:50:25 - [MESSAGE][PASSED] - Object: 'Object Repository/Final Object Repo/New Registration - Registration Module Pages/Form 2/Socso Employment StartDate Year' is clicked on

2019-01-08 17:50:25 - [TEST_STEP][PASSED] - delay: Delayed 1 second(s)

2019-01-08 17:50:26 - [MESSAGE][PASSED] - Delayed 1 second(s)

2019-01-08 17:50:26 - [TEST_STEP][PASSED] - click: Object: 'Object Repository/Final Object Repo/New Registration - Registration Module Pages/Form 2/Select Socso Employment Startdate Year' is clicked on

2019-01-08 17:50:26 - [MESSAGE][PASSED] - Object: 'Object Repository/Final Object Repo/New Registration - Registration Module Pages/Form 2/Select Socso Employment Startdate Year' is clicked on

2019-01-08 17:50:26 - [TEST_STEP][PASSED] - delay: Delayed 2 second(s)

2019-01-08 17:50:28 - [MESSAGE][PASSED] - Delayed 2 second(s)

2019-01-08 17:50:28 - [TEST_STEP][PASSED] - click: Object: 'Object Repository/Final Object Repo/New Registration - Registration Module Pages/Form 2/Socso Employment Start Date Day' is clicked on

2019-01-08 17:50:28 - [MESSAGE][PASSED] - Object: 'Object Repository/Final Object Repo/New Registration - Registration Module Pages/Form 2/Socso Employment Start Date Day' is clicked on

2019-01-08 17:50:28 - [TEST_STEP][PASSED] - delay: Delayed 2 second(s)

2019-01-08 17:50:30 - [MESSAGE][PASSED] - Delayed 2 second(s)

2019-01-08 17:50:30 - [TEST_STEP][PASSED] - click: Object: 'Object Repository/Final Object Repo/New Registration - Registration Module Pages/Form 2/Save Button for Add Employee' is clicked on

2019-01-08 17:50:30 - [MESSAGE][PASSED] - Object: 'Object Repository/Final Object Repo/New Registration - Registration Module Pages/Form 2/Save Button for Add Employee' is clicked on

2019-01-08 17:50:30 - [TEST_STEP][PASSED] - delay: Delayed 6 second(s)

2019-01-08 17:50:36 - [MESSAGE][PASSED] - Delayed 6 second(s)

2019-01-08 17:50:36 - [TEST_STEP][PASSED] - click: Object: 'Object Repository/Final Object Repo/New Registration - Registration Module Pages/Form 2/Add Employee Button' is clicked on

2019-01-08 17:50:36 - [MESSAGE][PASSED] - Object: 'Object Repository/Final Object Repo/New Registration - Registration Module Pages/Form 2/Add Employee Button' is clicked on

2019-01-08 17:50:36 - [TEST_STEP][PASSED] - delay: Delayed 4 second(s)

2019-01-08 17:50:40 - [MESSAGE][PASSED] - Delayed 4 second(s)

2019-01-08 17:50:40 - [TEST_STEP][PASSED] - setText: Text '600203039154' is set on object 'Object Repository/Final Object Repo/New Registration - Registration Module Pages/Form 2/NRIC Input'

2019-01-08 17:50:41 - [MESSAGE][PASSED] - Text '600203039154' is set on object 'Object Repository/Final Object Repo/New Registration - Registration Module Pages/Form 2/NRIC Input'

2019-01-08 17:50:41 - [TEST_STEP][PASSED] - click: Object: 'Object Repository/Final Object Repo/New Registration - Registration Module Pages/Form 2/button for search for IC' is clicked on

2019-01-08 17:50:41 - [MESSAGE][PASSED] - Object: 'Object Repository/Final Object Repo/New Registration - Registration Module Pages/Form 2/button for search for IC' is clicked on

2019-01-08 17:50:41 - [TEST_STEP][PASSED] - delay: Delayed 2 second(s)

2019-01-08 17:50:43 - [MESSAGE][PASSED] - Delayed 2 second(s)

2019-01-08 17:50:43 - [TEST_STEP][PASSED] - setText: Text 'Automate001 not eligible 2' is set on object 'Object Repository/Final Object Repo/New Registration - Registration Module Pages/Form 2/Employee Name Input'

2019-01-08 17:50:43 - [MESSAGE][PASSED] - Text 'Automate001 not eligible 2' is set on object 'Object Repository/Final Object Repo/New Registration - Registration Module Pages/Form 2/Employee Name Input'

2019-01-08 17:50:43 - [TEST_STEP][PASSED] - delay: Delayed 2 second(s)

2019-01-08 17:50:45 - [MESSAGE][PASSED] - Delayed 2 second(s)

2019-01-08 17:50:45 - [TEST_STEP][PASSED] - click: Object: 'Object Repository/Final Object Repo/New Registration - Registration Module Pages/Form 2/DatePicker Pop Up' is clicked on

2019-01-08 17:50:45 - [MESSAGE][PASSED] - Object: 'Object Repository/Final Object Repo/New Registration - Registration Module Pages/Form 2/DatePicker Pop Up' is clicked on

2019-01-08 17:50:45 - [TEST_STEP][PASSED] - delay: Delayed 2 second(s)

2019-01-08 17:50:47 - [MESSAGE][PASSED] - Delayed 2 second(s)

2019-01-08 17:50:47 - [TEST_STEP][PASSED] - click: Object: 'Object Repository/Final Object Repo/New Registration - Registration Module Pages/Form 2/DOB Month' is clicked on

2019-01-08 17:50:48 - [MESSAGE][PASSED] - Object: 'Object Repository/Final Object Repo/New Registration - Registration Module Pages/Form 2/DOB Month' is clicked on

2019-01-08 17:50:48 - [TEST_STEP][PASSED] - Statement - selectMonth = com.kms.katalon.core.webui.keyword.WebUiBuiltInKeywords.modifyObjectProperty(selectMonth, "xpath", "equals", "//body/div/div/div/select/option[@value="" + CurrentMonth + ""]", true): Modify property of object successfully

2019-01-08 17:50:48 - [MESSAGE][PASSED] - Modify property of object successfully

2019-01-08 17:50:48 - [TEST_STEP][PASSED] - click: Object: '' is clicked on

2019-01-08 17:50:48 - [MESSAGE][PASSED] - Object: '' is clicked on

2019-01-08 17:50:48 - [TEST_STEP][PASSED] - click: Object: 'Object Repository/Final Object Repo/New Registration - Registration Module Pages/Form 2/DOB Year' is clicked on

2019-01-08 17:50:48 - [MESSAGE][PASSED] - Object: 'Object Repository/Final Object Repo/New Registration - Registration Module Pages/Form 2/DOB Year' is clicked on

2019-01-08 17:50:48 - [TEST_STEP][PASSED] - Statement - selectYear = com.kms.katalon.core.webui.keyword.WebUiBuiltInKeywords.modifyObjectProperty(selectYear, "xpath", "equals", "//div/div/div/select/option[@value="" + FiftysevenYrsBefore + ""]", true): Modify property of object successfully

2019-01-08 17:50:48 - [MESSAGE][PASSED] - Modify property of object successfully

2019-01-08 17:50:48 - [TEST_STEP][PASSED] - click: Object: '' is clicked on

2019-01-08 17:50:48 - [MESSAGE][PASSED] - Object: '' is clicked on

2019-01-08 17:50:48 - [TEST_STEP][PASSED] - Statement - UpdatedSelectDate = com.kms.katalon.core.webui.keyword.WebUiBuiltInKeywords.modifyObjectProperty(com.kms.katalon.core.testobject.ObjectRepository.findTestObject(Final Object Repo/New Registration - Registration Module Pages/Form 2/DOB Date), "xpath", "equals", "//body/div/table/tbody/tr/td/a[text()="" + CurrentDate + ""]", true): Modify property of object successfully

2019-01-08 17:50:48 - [MESSAGE][PASSED] - Modify property of object successfully

2019-01-08 17:50:48 - [TEST_STEP][PASSED] - click: Object: 'Object Repository/Final Object Repo/New Registration - Registration Module Pages/Form 2/DOB Date' is clicked on

2019-01-08 17:50:48 - [MESSAGE][PASSED] - Object: 'Object Repository/Final Object Repo/New Registration - Registration Module Pages/Form 2/DOB Date' is clicked on

2019-01-08 17:50:48 - [TEST_STEP][PASSED] - click: Object: 'Object Repository/Final Object Repo/New Registration - Registration Module Pages/Form 2/EmploymentStartDate Pop Up' is clicked on

2019-01-08 17:50:48 - [MESSAGE][PASSED] - Object: 'Object Repository/Final Object Repo/New Registration - Registration Module Pages/Form 2/EmploymentStartDate Pop Up' is clicked on

2019-01-08 17:50:48 - [TEST_STEP][PASSED] - delay: Delayed 2 second(s)

2019-01-08 17:50:50 - [MESSAGE][PASSED] - Delayed 2 second(s)

2019-01-08 17:50:50 - [TEST_STEP][PASSED] - click: Object: 'Object Repository/Final Object Repo/New Registration - Registration Module Pages/Form 2/Socso Employment StartDate Month' is clicked on

2019-01-08 17:50:51 - [MESSAGE][PASSED] - Object: 'Object Repository/Final Object Repo/New Registration - Registration Module Pages/Form 2/Socso Employment StartDate Month' is clicked on

2019-01-08 17:50:51 - [TEST_STEP][PASSED] - delay: Delayed 1 second(s)

2019-01-08 17:50:52 - [MESSAGE][PASSED] - Delayed 1 second(s)

2019-01-08 17:50:52 - [TEST_STEP][PASSED] - click: Object: 'Object Repository/Final Object Repo/New Registration - Registration Module Pages/Form 2/Select Socso Employement Startdate Month' is clicked on

2019-01-08 17:50:52 - [MESSAGE][PASSED] - Object: 'Object Repository/Final Object Repo/New Registration - Registration Module Pages/Form 2/Select Socso Employement Startdate Month' is clicked on

2019-01-08 17:50:52 - [TEST_STEP][PASSED] - delay: Delayed 2 second(s)

2019-01-08 17:50:54 - [MESSAGE][PASSED] - Delayed 2 second(s)

2019-01-08 17:50:54 - [TEST_STEP][PASSED] - click: Object: 'Object Repository/Final Object Repo/New Registration - Registration Module Pages/Form 2/Socso Employment StartDate Year' is clicked on

2019-01-08 17:50:54 - [MESSAGE][PASSED] - Object: 'Object Repository/Final Object Repo/New Registration - Registration Module Pages/Form 2/Socso Employment StartDate Year' is clicked on

2019-01-08 17:50:54 - [TEST_STEP][PASSED] - delay: Delayed 1 second(s)

2019-01-08 17:50:55 - [MESSAGE][PASSED] - Delayed 1 second(s)

2019-01-08 17:50:55 - [TEST_STEP][PASSED] - click: Object: 'Object Repository/Final Object Repo/New Registration - Registration Module Pages/Form 2/Select Socso Employment Startdate Year' is clicked on

2019-01-08 17:50:55 - [MESSAGE][PASSED] - Object: 'Object Repository/Final Object Repo/New Registration - Registration Module Pages/Form 2/Select Socso Employment Startdate Year' is clicked on

2019-01-08 17:50:55 - [TEST_STEP][PASSED] - delay: Delayed 2 second(s)

2019-01-08 17:50:57 - [MESSAGE][PASSED] - Delayed 2 second(s)

2019-01-08 17:50:57 - [TEST_STEP][PASSED] - click: Object: 'Object Repository/Final Object Repo/New Registration - Registration Module Pages/Form 2/Socso Employment Start Date Day' is clicked on

2019-01-08 17:50:57 - [MESSAGE][PASSED] - Object: 'Object Repository/Final Object Repo/New Registration - Registration Module Pages/Form 2/Socso Employment Start Date Day' is clicked on

2019-01-08 17:50:57 - [TEST_STEP][PASSED] - delay: Delayed 2 second(s)

2019-01-08 17:50:59 - [MESSAGE][PASSED] - Delayed 2 second(s)

2019-01-08 17:50:59 - [TEST_STEP][PASSED] - click: Object: 'Object Repository/Final Object Repo/New Registration - Registration Module Pages/Form 2/Save Button for Add Employee' is clicked on

2019-01-08 17:50:59 - [MESSAGE][PASSED] - Object: 'Object Repository/Final Object Repo/New Registration - Registration Module Pages/Form 2/Save Button for Add Employee' is clicked on

2019-01-08 17:50:59 - [TEST_STEP][PASSED] - delay: Delayed 2 second(s)

2019-01-08 17:51:01 - [MESSAGE][PASSED] - Delayed 2 second(s)

2019-01-08 17:51:01 - [TEST_STEP][PASSED] - click: Object: 'Object Repository/Final Object Repo/New Registration - Registration Module Pages/Form 2/Save and Continue Form 2' is clicked on

2019-01-08 17:51:02 - [MESSAGE][PASSED] - Object: 'Object Repository/Final Object Repo/New Registration - Registration Module Pages/Form 2/Save and Continue Form 2' is clicked on

2019-01-08 17:51:02 - [MESSAGE][PASSED] - Call Test Case 'Test Cases/Final Aug 2018 - PKS Automation/Registration Module/New Registration/Form 2/Add 2 Eligible 2 Not Eligible' successfully

2019-01-08 17:51:02 - [TEST_STEP][PASSED] - callTestCase: Call Test Case 'Test Cases/Final Aug 2018 - PKS Automation/Registration Module/New Registration/Flow of New Registration/Third Screen - Upload Supporting Doc - Preview' successfully

2019-01-08 17:51:02 - [TEST_CASE][PASSED] - Test Cases/Final Aug 2018 - PKS Automation/Registration Module/New Registration/Flow of New Registration/Third Screen - Upload Supporting Doc - Preview: Test Cases/Final Aug 2018 - PKS Automation/Registration Module/New Registration/Flow of New Registration/Third Screen - Upload Supporting Doc - Preview

2019-01-08 17:51:02 - [TEST_STEP][PASSED] - waitForPageLoad: Wait for page load successfully

2019-01-08 17:51:02 - [MESSAGE][PASSED] - Wait for page load successfully

2019-01-08 17:51:02 - [TEST_STEP][PASSED] - Statement - CaseReferenceNo = com.kms.katalon.core.webui.keyword.WebUiBuiltInKeywords.getText(com.kms.katalon.core.testobject.ObjectRepository.findTestObject(Final Object Repo/New Registration - Registration Module Pages/Third Screen - Upload Supporting Doc- Preview/RefNo Acquiring)): Text of object 'Object Repository/Final Object Repo/New Registration - Registration Module Pages/Third Screen - Upload Supporting Doc- Preview/RefNo Acquiring' is: 'CRN01201900123644'

2019-01-08 17:51:03 - [MESSAGE][PASSED] - Text of object 'Object Repository/Final Object Repo/New Registration - Registration Module Pages/Third Screen - Upload Supporting Doc- Preview/RefNo Acquiring' is: 'CRN01201900123644'

2019-01-08 17:51:03 - [TEST_STEP][PASSED] - delay: Delayed 2 second(s)

2019-01-08 17:51:05 - [MESSAGE][PASSED] - Delayed 2 second(s)

2019-01-08 17:51:05 - [TEST_STEP][PASSED] - callTestCase: Call Test Case 'Test Cases/Final Aug 2018 - PKS Automation/Common/Reference Number Setter' successfully

2019-01-08 17:51:05 - [TEST_CASE][PASSED] - Test Cases/Final Aug 2018 - PKS Automation/Common/Reference Number Setter: Test Cases/Final Aug 2018 - PKS Automation/Common/Reference Number Setter

2019-01-08 17:51:05 - [TEST_STEP][PASSED] - Statement - RefNoOldFile = new java.io.File(C://Users//Admin//Desktop//PKS//Automation Reference Point//KatalonReference.txt): null

2019-01-08 17:51:05 - [TEST_STEP][PASSED] - Statement - RefNoOldFile.delete(): null

2019-01-08 17:51:05 - [TEST_STEP][PASSED] - delay: Delayed 5 second(s)

2019-01-08 17:51:10 - [MESSAGE][PASSED] - Delayed 5 second(s)

2019-01-08 17:51:10 - [TEST_STEP][PASSED] - Statement - RefNo = new java.io.File(C://Users//Admin//Desktop//PKS//Automation Reference Point//KatalonReference.txt): null

2019-01-08 17:51:10 - [TEST_STEP][PASSED] - Statement - f2 = new java.io.FileWriter(RefNo, false): null

2019-01-08 17:51:10 - [TEST_STEP][PASSED] - Statement - f2.write(CaseReferenceNo): null

2019-01-08 17:51:10 - [TEST_STEP][PASSED] - Statement - f2.close(): null

2019-01-08 17:51:10 - [TEST_STEP][PASSED] - Statement - out.println("


" + CaseReferenceNo + "


"): null

2019-01-08 17:51:10 - [MESSAGE][PASSED] - Call Test Case 'Test Cases/Final Aug 2018 - PKS Automation/Common/Reference Number Setter' successfully

2019-01-08 17:51:10 - [TEST_STEP][PASSED] - waitForElementClickable: Object 'Object Repository/Final Object Repo/New Registration - Registration Module Pages/Third Screen - Upload Supporting Doc- Preview/Save n Continue in SIP Employee Listing Page' is clickable

2019-01-08 17:51:10 - [MESSAGE][PASSED] - Object 'Object Repository/Final Object Repo/New Registration - Registration Module Pages/Third Screen - Upload Supporting Doc- Preview/Save n Continue in SIP Employee Listing Page' is clickable

2019-01-08 17:51:10 - [TEST_STEP][PASSED] - click: Object: 'Object Repository/Final Object Repo/New Registration - Registration Module Pages/Third Screen - Upload Supporting Doc- Preview/Save n Continue in SIP Employee Listing Page' is clicked on

2019-01-08 17:51:15 - [MESSAGE][PASSED] - Object: 'Object Repository/Final Object Repo/New Registration - Registration Module Pages/Third Screen - Upload Supporting Doc- Preview/Save n Continue in SIP Employee Listing Page' is clicked on

2019-01-08 17:51:15 - [TEST_STEP][PASSED] - delay: Delayed 7 second(s)

2019-01-08 17:51:22 - [MESSAGE][PASSED] - Delayed 7 second(s)

2019-01-08 17:51:22 - [TEST_STEP][PASSED] - click: Object: 'Object Repository/Final Object Repo/New Registration - Registration Module Pages/Third Screen - Upload Supporting Doc- Preview/Add Document Button' is clicked on

2019-01-08 17:51:23 - [MESSAGE][PASSED] - Object: 'Object Repository/Final Object Repo/New Registration - Registration Module Pages/Third Screen - Upload Supporting Doc- Preview/Add Document Button' is clicked on

2019-01-08 17:51:23 - [TEST_STEP][PASSED] - delay: Delayed 30 second(s)

2019-01-08 17:51:53 - [MESSAGE][PASSED] - Delayed 30 second(s)

2019-01-08 17:51:53 - [TEST_STEP][PASSED] - click: Object: 'Object Repository/Final Object Repo/New Registration - Registration Module Pages/Third Screen - Upload Supporting Doc- Preview/Supporting Doc Please Select Drop Down' is clicked on

2019-01-08 17:51:53 - [MESSAGE][PASSED] - Object: 'Object Repository/Final Object Repo/New Registration - Registration Module Pages/Third Screen - Upload Supporting Doc- Preview/Supporting Doc Please Select Drop Down' is clicked on

2019-01-08 17:51:53 - [TEST_STEP][PASSED] - delay: Delayed 2 second(s)

2019-01-08 17:51:55 - [MESSAGE][PASSED] - Delayed 2 second(s)

2019-01-08 17:51:55 - [TEST_STEP][PASSED] - click: Object: 'Object Repository/Final Object Repo/New Registration - Registration Module Pages/Third Screen - Upload Supporting Doc- Preview/Select to Upload Form 1' is clicked on

2019-01-08 17:51:55 - [MESSAGE][PASSED] - Object: 'Object Repository/Final Object Repo/New Registration - Registration Module Pages/Third Screen - Upload Supporting Doc- Preview/Select to Upload Form 1' is clicked on

2019-01-08 17:51:55 - [TEST_STEP][PASSED] - delay: Delayed 2 second(s)

2019-01-08 17:51:57 - [MESSAGE][PASSED] - Delayed 2 second(s)

2019-01-08 17:51:57 - [TEST_STEP][PASSED] - uploadFile: File 'C:\Users\Public\Pictures\Sample Pictures\Koala.jpg' sent to object: 'Object Repository/Final Object Repo/New Registration - Registration Module Pages/Third Screen - Upload Supporting Doc- Preview/Upload File Adding'

2019-01-08 17:51:57 - [MESSAGE][PASSED] - File 'C:\Users\Public\Pictures\Sample Pictures\Koala.jpg' sent to object: 'Object Repository/Final Object Repo/New Registration - Registration Module Pages/Third Screen - Upload Supporting Doc- Preview/Upload File Adding'

2019-01-08 17:51:57 - [TEST_STEP][PASSED] - delay: Delayed 5 second(s)

2019-01-08 17:52:02 - [MESSAGE][PASSED] - Delayed 5 second(s)

2019-01-08 17:52:02 - [TEST_STEP][PASSED] - click: Object: 'Object Repository/Final Object Repo/New Registration - Registration Module Pages/Third Screen - Upload Supporting Doc- Preview/Inner Form Add Document Button' is clicked on

2019-01-08 17:52:02 - [MESSAGE][PASSED] - Object: 'Object Repository/Final Object Repo/New Registration - Registration Module Pages/Third Screen - Upload Supporting Doc- Preview/Inner Form Add Document Button' is clicked on

2019-01-08 17:52:02 - [TEST_STEP][PASSED] - delay: Delayed 3 second(s)

2019-01-08 17:52:05 - [MESSAGE][PASSED] - Delayed 3 second(s)

2019-01-08 17:52:05 - [TEST_STEP][PASSED] - click: Object: 'Object Repository/Final Object Repo/New Registration - Registration Module Pages/Third Screen - Upload Supporting Doc- Preview/Add Document Button' is clicked on

2019-01-08 17:52:07 - [MESSAGE][PASSED] - Object: 'Object Repository/Final Object Repo/New Registration - Registration Module Pages/Third Screen - Upload Supporting Doc- Preview/Add Document Button' is clicked on

2019-01-08 17:52:07 - [TEST_STEP][PASSED] - delay: Delayed 30 second(s)

2019-01-08 17:52:37 - [MESSAGE][PASSED] - Delayed 30 second(s)

2019-01-08 17:52:37 - [TEST_STEP][PASSED] - click: Object: 'Object Repository/Final Object Repo/New Registration - Registration Module Pages/Third Screen - Upload Supporting Doc- Preview/Supporting Doc Please Select Drop Down' is clicked on

2019-01-08 17:52:37 - [MESSAGE][PASSED] - Object: 'Object Repository/Final Object Repo/New Registration - Registration Module Pages/Third Screen - Upload Supporting Doc- Preview/Supporting Doc Please Select Drop Down' is clicked on

2019-01-08 17:52:37 - [TEST_STEP][PASSED] - delay: Delayed 4 second(s)

2019-01-08 17:52:41 - [MESSAGE][PASSED] - Delayed 4 second(s)

2019-01-08 17:52:41 - [TEST_STEP][PASSED] - click: Object: 'Object Repository/Final Object Repo/New Registration - Registration Module Pages/Third Screen - Upload Supporting Doc- Preview/Select to Upload Form 2' is clicked on

2019-01-08 17:52:41 - [MESSAGE][PASSED] - Object: 'Object Repository/Final Object Repo/New Registration - Registration Module Pages/Third Screen - Upload Supporting Doc- Preview/Select to Upload Form 2' is clicked on

2019-01-08 17:52:41 - [TEST_STEP][PASSED] - delay: Delayed 2 second(s)

2019-01-08 17:52:43 - [MESSAGE][PASSED] - Delayed 2 second(s)

2019-01-08 17:52:43 - [TEST_STEP][PASSED] - uploadFile: File 'C:\Users\Public\Pictures\Sample Pictures\Koala.jpg' sent to object: 'Object Repository/Final Object Repo/New Registration - Registration Module Pages/Third Screen - Upload Supporting Doc- Preview/Upload File Adding'

2019-01-08 17:52:43 - [MESSAGE][PASSED] - File 'C:\Users\Public\Pictures\Sample Pictures\Koala.jpg' sent to object: 'Object Repository/Final Object Repo/New Registration - Registration Module Pages/Third Screen - Upload Supporting Doc- Preview/Upload File Adding'

2019-01-08 17:52:43 - [TEST_STEP][PASSED] - click: Object: 'Object Repository/Final Object Repo/New Registration - Registration Module Pages/Third Screen - Upload Supporting Doc- Preview/Inner Form Add Document Button' is clicked on

2019-01-08 17:52:44 - [MESSAGE][PASSED] - Object: 'Object Repository/Final Object Repo/New Registration - Registration Module Pages/Third Screen - Upload Supporting Doc- Preview/Inner Form Add Document Button' is clicked on

2019-01-08 17:52:44 - [TEST_STEP][PASSED] - delay: Delayed 5 second(s)

2019-01-08 17:52:49 - [MESSAGE][PASSED] - Delayed 5 second(s)

2019-01-08 17:52:49 - [TEST_STEP][PASSED] - click: Object: 'Object Repository/Final Object Repo/New Registration - Registration Module Pages/Third Screen - Upload Supporting Doc- Preview/Add Document Button' is clicked on

2019-01-08 17:52:49 - [MESSAGE][PASSED] - Object: 'Object Repository/Final Object Repo/New Registration - Registration Module Pages/Third Screen - Upload Supporting Doc- Preview/Add Document Button' is clicked on

2019-01-08 17:52:49 - [TEST_STEP][PASSED] - delay: Delayed 30 second(s)

2019-01-08 17:53:19 - [MESSAGE][PASSED] - Delayed 30 second(s)

2019-01-08 17:53:19 - [TEST_STEP][PASSED] - click: Object: 'Object Repository/Final Object Repo/New Registration - Registration Module Pages/Third Screen - Upload Supporting Doc- Preview/Supporting Doc Please Select Drop Down' is clicked on

2019-01-08 17:53:19 - [MESSAGE][PASSED] - Object: 'Object Repository/Final Object Repo/New Registration - Registration Module Pages/Third Screen - Upload Supporting Doc- Preview/Supporting Doc Please Select Drop Down' is clicked on

2019-01-08 17:53:19 - [TEST_STEP][PASSED] - click: Object: 'Object Repository/Final Object Repo/New Registration - Registration Module Pages/Third Screen - Upload Supporting Doc- Preview/Select to Upload Borang SIP 1' is clicked on

2019-01-08 17:53:19 - [MESSAGE][PASSED] - Object: 'Object Repository/Final Object Repo/New Registration - Registration Module Pages/Third Screen - Upload Supporting Doc- Preview/Select to Upload Borang SIP 1' is clicked on

2019-01-08 17:53:19 - [TEST_STEP][PASSED] - delay: Delayed 2 second(s)

2019-01-08 17:53:21 - [MESSAGE][PASSED] - Delayed 2 second(s)

2019-01-08 17:53:21 - [TEST_STEP][PASSED] - uploadFile: File 'C:\Users\Public\Pictures\Sample Pictures\Koala.jpg' sent to object: 'Object Repository/Final Object Repo/New Registration - Registration Module Pages/Third Screen - Upload Supporting Doc- Preview/Upload File Adding'

2019-01-08 17:53:21 - [MESSAGE][PASSED] - File 'C:\Users\Public\Pictures\Sample Pictures\Koala.jpg' sent to object: 'Object Repository/Final Object Repo/New Registration - Registration Module Pages/Third Screen - Upload Supporting Doc- Preview/Upload File Adding'

2019-01-08 17:53:21 - [TEST_STEP][PASSED] - click: Object: 'Object Repository/Final Object Repo/New Registration - Registration Module Pages/Third Screen - Upload Supporting Doc- Preview/Inner Form Add Document Button' is clicked on

2019-01-08 17:53:21 - [MESSAGE][PASSED] - Object: 'Object Repository/Final Object Repo/New Registration - Registration Module Pages/Third Screen - Upload Supporting Doc- Preview/Inner Form Add Document Button' is clicked on

2019-01-08 17:53:21 - [TEST_STEP][PASSED] - delay: Delayed 5 second(s)

2019-01-08 17:53:26 - [MESSAGE][PASSED] - Delayed 5 second(s)

2019-01-08 17:53:26 - [TEST_STEP][PASSED] - click: Object: 'Object Repository/Final Object Repo/New Registration - Registration Module Pages/Third Screen - Upload Supporting Doc- Preview/Add Document Button' is clicked on

2019-01-08 17:53:27 - [MESSAGE][PASSED] - Object: 'Object Repository/Final Object Repo/New Registration - Registration Module Pages/Third Screen - Upload Supporting Doc- Preview/Add Document Button' is clicked on

2019-01-08 17:53:27 - [TEST_STEP][PASSED] - delay: Delayed 30 second(s)

2019-01-08 17:53:57 - [MESSAGE][PASSED] - Delayed 30 second(s)

2019-01-08 17:53:57 - [TEST_STEP][PASSED] - click: Object: 'Object Repository/Final Object Repo/New Registration - Registration Module Pages/Third Screen - Upload Supporting Doc- Preview/Supporting Doc Please Select Drop Down' is clicked on

2019-01-08 17:53:57 - [MESSAGE][PASSED] - Object: 'Object Repository/Final Object Repo/New Registration - Registration Module Pages/Third Screen - Upload Supporting Doc- Preview/Supporting Doc Please Select Drop Down' is clicked on

2019-01-08 17:53:57 - [TEST_STEP][PASSED] - delay: Delayed 3 second(s)

2019-01-08 17:54:00 - [MESSAGE][PASSED] - Delayed 3 second(s)

2019-01-08 17:54:00 - [TEST_STEP][PASSED] - click: Object: 'Object Repository/Final Object Repo/New Registration - Registration Module Pages/Third Screen - Upload Supporting Doc- Preview/Select to Upload Borang SIP 2' is clicked on

2019-01-08 17:54:00 - [MESSAGE][PASSED] - Object: 'Object Repository/Final Object Repo/New Registration - Registration Module Pages/Third Screen - Upload Supporting Doc- Preview/Select to Upload Borang SIP 2' is clicked on

2019-01-08 17:54:00 - [TEST_STEP][PASSED] - delay: Delayed 2 second(s)

2019-01-08 17:54:02 - [MESSAGE][PASSED] - Delayed 2 second(s)

2019-01-08 17:54:02 - [TEST_STEP][PASSED] - uploadFile: File 'C:\Users\Public\Pictures\Sample Pictures\Koala.jpg' sent to object: 'Object Repository/Final Object Repo/New Registration - Registration Module Pages/Third Screen - Upload Supporting Doc- Preview/Upload File Adding'

2019-01-08 17:54:02 - [MESSAGE][PASSED] - File 'C:\Users\Public\Pictures\Sample Pictures\Koala.jpg' sent to object: 'Object Repository/Final Object Repo/New Registration - Registration Module Pages/Third Screen - Upload Supporting Doc- Preview/Upload File Adding'

2019-01-08 17:54:02 - [TEST_STEP][PASSED] - delay: Delayed 5 second(s)

2019-01-08 17:54:07 - [MESSAGE][PASSED] - Delayed 5 second(s)

2019-01-08 17:54:07 - [TEST_STEP][PASSED] - click: Object: 'Object Repository/Final Object Repo/New Registration - Registration Module Pages/Third Screen - Upload Supporting Doc- Preview/Inner Form Add Document Button' is clicked on

2019-01-08 17:54:07 - [MESSAGE][PASSED] - Object: 'Object Repository/Final Object Repo/New Registration - Registration Module Pages/Third Screen - Upload Supporting Doc- Preview/Inner Form Add Document Button' is clicked on

2019-01-08 17:54:07 - [TEST_STEP][PASSED] - delay: Delayed 3 second(s)

2019-01-08 17:54:10 - [MESSAGE][PASSED] - Delayed 3 second(s)

2019-01-08 17:54:10 - [TEST_STEP][PASSED] - waitForElementClickable: Object 'Object Repository/Final Object Repo/New Registration - Registration Module Pages/Third Screen - Upload Supporting Doc- Preview/Save n Continue in Uploading Supporting Doc Page' is clickable

2019-01-08 17:54:12 - [MESSAGE][PASSED] - Object 'Object Repository/Final Object Repo/New Registration - Registration Module Pages/Third Screen - Upload Supporting Doc- Preview/Save n Continue in Uploading Supporting Doc Page' is clickable

2019-01-08 17:54:12 - [TEST_STEP][PASSED] - click: Object: 'Object Repository/Final Object Repo/New Registration - Registration Module Pages/Third Screen - Upload Supporting Doc- Preview/Save n Continue in Uploading Supporting Doc Page' is clicked on

2019-01-08 17:54:12 - [MESSAGE][PASSED] - Object: 'Object Repository/Final Object Repo/New Registration - Registration Module Pages/Third Screen - Upload Supporting Doc- Preview/Save n Continue in Uploading Supporting Doc Page' is clicked on

2019-01-08 17:54:12 - [MESSAGE][PASSED] - Call Test Case 'Test Cases/Final Aug 2018 - PKS Automation/Registration Module/New Registration/Flow of New Registration/Third Screen - Upload Supporting Doc - Preview' successfully

2019-01-08 17:54:12 - [TEST_STEP][PASSED] - callTestCase: Call Test Case 'Test Cases/Final Aug 2018 - PKS Automation/Registration Module/New Registration/Submit and Screenshot/Submit Registration and Screenshot' successfully

2019-01-08 17:54:12 - [TEST_CASE][PASSED] - Test Cases/Final Aug 2018 - PKS Automation/Registration Module/New Registration/Submit and Screenshot/Submit Registration and Screenshot: Test Cases/Final Aug 2018 - PKS Automation/Registration Module/New Registration/Submit and Screenshot/Submit Registration and Screenshot

2019-01-08 17:54:12 - [TEST_STEP][PASSED] - delay: Delayed 6 second(s)

2019-01-08 17:54:18 - [MESSAGE][PASSED] - Delayed 6 second(s)

2019-01-08 17:54:18 - [TEST_STEP][PASSED] - click: Object: 'Object Repository/Final Object Repo/New Registration - Registration Module Pages/Third Screen - Upload Supporting Doc- Preview/Preview Submit Button' is clicked on

2019-01-08 17:54:18 - [MESSAGE][PASSED] - Object: 'Object Repository/Final Object Repo/New Registration - Registration Module Pages/Third Screen - Upload Supporting Doc- Preview/Preview Submit Button' is clicked on

2019-01-08 17:54:18 - [TEST_STEP][PASSED] - delay: Delayed 2 second(s)

2019-01-08 17:54:20 - [MESSAGE][PASSED] - Delayed 2 second(s)

2019-01-08 17:54:20 - [TEST_STEP][PASSED] - click: Object: 'Object Repository/Final Object Repo/New Registration - Registration Module Pages/Third Screen - Upload Supporting Doc- Preview/Preview Submit - Confirm' is clicked on

2019-01-08 17:54:20 - [MESSAGE][PASSED] - Object: 'Object Repository/Final Object Repo/New Registration - Registration Module Pages/Third Screen - Upload Supporting Doc- Preview/Preview Submit - Confirm' is clicked on

2019-01-08 17:54:20 - [TEST_STEP][PASSED] - delay: Delayed 15 second(s)

2019-01-08 17:54:35 - [MESSAGE][PASSED] - Delayed 15 second(s)

2019-01-08 17:54:35 - [TEST_STEP][PASSED] - Statement - driver = com.kms.katalon.core.webui.driver.DriverFactory.getWebDriver(): null

2019-01-08 17:54:35 - [TEST_STEP][PASSED] - Statement - driver.manage().timeouts().implicitlyWait(10, SECONDS): null

2019-01-08 17:54:35 - [TEST_STEP][PASSED] - Statement - PresavePath = KatalonScreenshots: null

2019-01-08 17:54:35 - [TEST_STEP][PASSED] - Statement - pathPrefix = "C:\Users\Public\Pictures\Sample Pictures\Katalon Screenshots\Automate Ending Screen": null

2019-01-08 17:54:35 - [TEST_STEP][PASSED] - Statement - finalPath = <not implemented yet for class: org.codehaus.groovy.ast.expr.EmptyExpression>: null

2019-01-08 17:54:35 - [TEST_STEP][PASSED] - Statement - scrFile = driver.getScreenshotAs(FILE): null

2019-01-08 17:54:36 - [TEST_STEP][PASSED] - Statement - PreSaveFile = new java.io.File(PresavePath): null

2019-01-08 17:54:36 - [TEST_STEP][PASSED] - Statement - counter = 0: null

2019-01-08 17:54:36 - [TEST_STEP][PASSED] - Statement - If (PreSaveFile.exists()): null

2019-01-08 17:54:36 - [TEST_STEP][PASSED] - Statement - While (PreSaveFile.exists()): null

2019-01-08 17:54:36 - [TEST_STEP][PASSED] - Statement - counter = counter + 1: null

2019-01-08 17:54:36 - [TEST_STEP][PASSED] - Statement - PreSaveFile = new java.io.File(((pathPrefix + java.lang.Integer.toString(counter)) + .png)): null

2019-01-08 17:54:36 - [TEST_STEP][PASSED] - Statement - counter = counter + 1: null

2019-01-08 17:54:36 - [TEST_STEP][PASSED] - Statement - PreSaveFile = new java.io.File(((pathPrefix + java.lang.Integer.toString(counter)) + .png)): null

2019-01-08 17:54:36 - [TEST_STEP][PASSED] - Statement - counter = counter + 1: null

2019-01-08 17:54:36 - [TEST_STEP][PASSED] - Statement - PreSaveFile = new java.io.File(((pathPrefix + java.lang.Integer.toString(counter)) + .png)): null

2019-01-08 17:54:36 - [TEST_STEP][PASSED] - Statement - counter = counter + 1: null

2019-01-08 17:54:36 - [TEST_STEP][PASSED] - Statement - PreSaveFile = new java.io.File(((pathPrefix + java.lang.Integer.toString(counter)) + .png)): null

2019-01-08 17:54:36 - [TEST_STEP][PASSED] - Statement - counter = counter + 1: null

2019-01-08 17:54:36 - [TEST_STEP][PASSED] - Statement - PreSaveFile = new java.io.File(((pathPrefix + java.lang.Integer.toString(counter)) + .png)): null

2019-01-08 17:54:36 - [TEST_STEP][PASSED] - Statement - counter = counter + 1: null

2019-01-08 17:54:36 - [TEST_STEP][PASSED] - Statement - PreSaveFile = new java.io.File(((pathPrefix + java.lang.Integer.toString(counter)) + .png)): null

2019-01-08 17:54:36 - [TEST_STEP][PASSED] - Statement - counter = counter + 1: null

2019-01-08 17:54:36 - [TEST_STEP][PASSED] - Statement - PreSaveFile = new java.io.File(((pathPrefix + java.lang.Integer.toString(counter)) + .png)): null

2019-01-08 17:54:36 - [TEST_STEP][PASSED] - Statement - counter = counter + 1: null

2019-01-08 17:54:36 - [TEST_STEP][PASSED] - Statement - PreSaveFile = new java.io.File(((pathPrefix + java.lang.Integer.toString(counter)) + .png)): null

2019-01-08 17:54:36 - [TEST_STEP][PASSED] - Statement - counter = counter + 1: null

2019-01-08 17:54:36 - [TEST_STEP][PASSED] - Statement - PreSaveFile = new java.io.File(((pathPrefix + java.lang.Integer.toString(counter)) + .png)): null

2019-01-08 17:54:36 - [TEST_STEP][PASSED] - Statement - counter = counter + 1: null

2019-01-08 17:54:36 - [TEST_STEP][PASSED] - Statement - PreSaveFile = new java.io.File(((pathPrefix + java.lang.Integer.toString(counter)) + .png)): null

2019-01-08 17:54:36 - [TEST_STEP][PASSED] - Statement - counter = counter + 1: null

2019-01-08 17:54:36 - [TEST_STEP][PASSED] - Statement - PreSaveFile = new java.io.File(((pathPrefix + java.lang.Integer.toString(counter)) + .png)): null

2019-01-08 17:54:36 - [TEST_STEP][PASSED] - Statement - counter = counter + 1: null

2019-01-08 17:54:36 - [TEST_STEP][PASSED] - Statement - PreSaveFile = new java.io.File(((pathPrefix + java.lang.Integer.toString(counter)) + .png)): null

2019-01-08 17:54:36 - [TEST_STEP][PASSED] - Statement - counter = counter + 1: null

2019-01-08 17:54:36 - [TEST_STEP][PASSED] - Statement - PreSaveFile = new java.io.File(((pathPrefix + java.lang.Integer.toString(counter)) + .png)): null

2019-01-08 17:54:36 - [TEST_STEP][PASSED] - Statement - counter = counter + 1: null

2019-01-08 17:54:36 - [TEST_STEP][PASSED] - Statement - PreSaveFile = new java.io.File(((pathPrefix + java.lang.Integer.toString(counter)) + .png)): null

2019-01-08 17:54:36 - [TEST_STEP][PASSED] - Statement - counter = counter + 1: null

2019-01-08 17:54:36 - [TEST_STEP][PASSED] - Statement - PreSaveFile = new java.io.File(((pathPrefix + java.lang.Integer.toString(counter)) + .png)): null

2019-01-08 17:54:36 - [TEST_STEP][PASSED] - Statement - counter = counter + 1: null

2019-01-08 17:54:36 - [TEST_STEP][PASSED] - Statement - PreSaveFile = new java.io.File(((pathPrefix + java.lang.Integer.toString(counter)) + .png)): null

2019-01-08 17:54:36 - [TEST_STEP][PASSED] - Statement - counter = counter + 1: null

2019-01-08 17:54:36 - [TEST_STEP][PASSED] - Statement - PreSaveFile = new java.io.File(((pathPrefix + java.lang.Integer.toString(counter)) + .png)): null

2019-01-08 17:54:36 - [TEST_STEP][PASSED] - Statement - counter = counter + 1: null

2019-01-08 17:54:36 - [TEST_STEP][PASSED] - Statement - PreSaveFile = new java.io.File(((pathPrefix + java.lang.Integer.toString(counter)) + .png)): null

2019-01-08 17:54:36 - [TEST_STEP][PASSED] - Statement - counter = counter + 1: null

2019-01-08 17:54:36 - [TEST_STEP][PASSED] - Statement - PreSaveFile = new java.io.File(((pathPrefix + java.lang.Integer.toString(counter)) + .png)): null

2019-01-08 17:54:36 - [TEST_STEP][PASSED] - Statement - counter = counter + 1: null

2019-01-08 17:54:36 - [TEST_STEP][PASSED] - Statement - PreSaveFile = new java.io.File(((pathPrefix + java.lang.Integer.toString(counter)) + .png)): null

2019-01-08 17:54:36 - [TEST_STEP][PASSED] - Statement - finalPath = pathPrefix + java.lang.Integer.toString(counter) + ".png": null

2019-01-08 17:54:36 - [TEST_STEP][PASSED] - Statement - SaveFile = new java.io.File(finalPath): null

2019-01-08 17:54:36 - [TEST_STEP][PASSED] - Statement - Try: null

2019-01-08 17:54:36 - [TEST_STEP][PASSED] - Statement - org.apache.commons.io.FileUtils.copyFile(scrFile, SaveFile): null

2019-01-08 17:54:36 - [TEST_STEP][PASSED] - Statement - out.println("file kept"): null

2019-01-08 17:54:36 - [TEST_STEP][PASSED] - delay: Delayed 10 second(s)

2019-01-08 17:54:46 - [MESSAGE][PASSED] - Delayed 10 second(s)

2019-01-08 17:54:46 - [MESSAGE][PASSED] - Call Test Case 'Test Cases/Final Aug 2018 - PKS Automation/Registration Module/New Registration/Submit and Screenshot/Submit Registration and Screenshot' successfully]]></system-out>
         <system-err><![CDATA[]]></system-err>
      </testcase>
      <testcase name="Test Cases/Final Aug 2018 - PKS Automation/Registration Module/Critical Path/New Registration/Corporation - Limited Liability" classname="Test Cases/Final Aug 2018 - PKS Automation/Registration Module/Critical Path/New Registration/Corporation - Limited Liability" status="PASSED">
         <system-out><![CDATA[2019-01-08 17:54:46 - [TEST_CASE][PASSED] - Test Cases/Final Aug 2018 - PKS Automation/Registration Module/Critical Path/New Registration/Corporation - Limited Liability: Test Cases/Final Aug 2018 - PKS Automation/Registration Module/Critical Path/New Registration/Corporation - Limited Liability

2019-01-08 17:54:46 - [TEST_STEP][PASSED] - callTestCase: Call Test Case 'Test Cases/Final Aug 2018 - PKS Automation/Registration Module/New Registration/Form 1/Form 1 - Corporation - Limited Liability' successfully

2019-01-08 17:54:46 - [TEST_CASE][PASSED] - Test Cases/Final Aug 2018 - PKS Automation/Registration Module/New Registration/Form 1/Form 1 - Corporation - Limited Liability: Test Cases/Final Aug 2018 - PKS Automation/Registration Module/New Registration/Form 1/Form 1 - Corporation - Limited Liability

2019-01-08 17:54:47 - [TEST_STEP][PASSED] - openBrowser: Browser is opened with url: ''

2019-01-08 17:54:47 - [MESSAGE][WARNING] - A browser is already opened. Closing browser and opening a new one

2019-01-08 17:54:50 - [MESSAGE][PASSED] - Browser is opened with url: ''

2019-01-08 17:54:50 - [TEST_STEP][PASSED] - navigateToUrl: Navigate to 'https://assist2-uat.perkeso.gov.my/login' successfully

2019-01-08 17:54:51 - [MESSAGE][PASSED] - Navigate to 'https://assist2-uat.perkeso.gov.my/login' successfully

2019-01-08 17:54:51 - [TEST_STEP][PASSED] - setText: Text 'johorotc1@gmail.com' is set on object 'Object Repository/Final Object Repo/Login Page/Internal User/Email Address'

2019-01-08 17:54:51 - [MESSAGE][PASSED] - Text 'johorotc1@gmail.com' is set on object 'Object Repository/Final Object Repo/Login Page/Internal User/Email Address'

2019-01-08 17:54:51 - [TEST_STEP][PASSED] - click: Object: 'Object Repository/Final Object Repo/Login Page/Internal User/Next Button' is clicked on

2019-01-08 17:54:51 - [MESSAGE][PASSED] - Object: 'Object Repository/Final Object Repo/Login Page/Internal User/Next Button' is clicked on

2019-01-08 17:54:51 - [TEST_STEP][PASSED] - delay: Delayed 1 second(s)

2019-01-08 17:54:52 - [MESSAGE][PASSED] - Delayed 1 second(s)

2019-01-08 17:54:52 - [TEST_STEP][PASSED] - setEncryptedText: Text ****** has been set on object 'Object Repository/Final Object Repo/Login Page/Internal User/Password'

2019-01-08 17:54:52 - [MESSAGE][PASSED] - Text ****** has been set on object 'Object Repository/Final Object Repo/Login Page/Internal User/Password'

2019-01-08 17:54:52 - [TEST_STEP][PASSED] - click: Object: 'Object Repository/Final Object Repo/Login Page/Internal User/Login Button' is clicked on

2019-01-08 17:54:52 - [MESSAGE][PASSED] - Object: 'Object Repository/Final Object Repo/Login Page/Internal User/Login Button' is clicked on

2019-01-08 17:54:52 - [TEST_STEP][PASSED] - delay: Delayed 1 second(s)

2019-01-08 17:54:53 - [MESSAGE][PASSED] - Delayed 1 second(s)

2019-01-08 17:54:53 - [TEST_STEP][PASSED] - Statement - Try: Delayed 2 second(s)

2019-01-08 17:54:53 - [TEST_STEP][PASSED] - Statement - Checker = false: null

2019-01-08 17:54:53 - [TEST_STEP][PASSED] - Statement - Checker = com.kms.katalon.core.webui.keyword.WebUiBuiltInKeywords.verifyElementHasAttribute(com.kms.katalon.core.testobject.ObjectRepository.findTestObject(Final Object Repo/Landing Page/BM Detecting), "href", 20, OPTIONAL): Object 'Object Repository/Final Object Repo/Landing Page/BM Detecting' has attribute 'href'

2019-01-08 17:54:54 - [MESSAGE][PASSED] - Object 'Object Repository/Final Object Repo/Landing Page/BM Detecting' has attribute 'href'

2019-01-08 17:54:54 - [TEST_STEP][PASSED] - Statement - out.println(Checker): null

2019-01-08 17:54:54 - [TEST_STEP][PASSED] - Statement - If (Checker == false): null

2019-01-08 17:54:54 - [TEST_STEP][PASSED] - Statement - Else: null

2019-01-08 17:54:54 - [TEST_STEP][PASSED] - delay: Delayed 2 second(s)

2019-01-08 17:54:56 - [MESSAGE][PASSED] - Delayed 2 second(s)

2019-01-08 17:54:56 - [TEST_STEP][PASSED] - navigateToUrl: Navigate to 'https://assist2-uat.perkeso.gov.my/web/registration/registration' successfully

2019-01-08 17:54:58 - [MESSAGE][PASSED] - Navigate to 'https://assist2-uat.perkeso.gov.my/web/registration/registration' successfully

2019-01-08 17:54:58 - [TEST_STEP][PASSED] - click: Object: 'Object Repository/Final Object Repo/New Registration - Registration Module Pages/Form 1/AEC - No' is clicked on

2019-01-08 17:54:58 - [MESSAGE][PASSED] - Object: 'Object Repository/Final Object Repo/New Registration - Registration Module Pages/Form 1/AEC - No' is clicked on

2019-01-08 17:54:58 - [TEST_STEP][PASSED] - click: Object: 'Object Repository/Final Object Repo/New Registration - Registration Module Pages/Form 1/Business Entity' is clicked on

2019-01-08 17:54:58 - [MESSAGE][PASSED] - Object: 'Object Repository/Final Object Repo/New Registration - Registration Module Pages/Form 1/Business Entity' is clicked on

2019-01-08 17:54:58 - [TEST_STEP][PASSED] - click: Object: 'Object Repository/Final Object Repo/New Registration - Registration Module Pages/Form 1/Businees Entity - Corporation' is clicked on

2019-01-08 17:54:59 - [MESSAGE][PASSED] - Object: 'Object Repository/Final Object Repo/New Registration - Registration Module Pages/Form 1/Businees Entity - Corporation' is clicked on

2019-01-08 17:54:59 - [TEST_STEP][PASSED] - delay: Delayed 1 second(s)

2019-01-08 17:55:00 - [MESSAGE][PASSED] - Delayed 1 second(s)

2019-01-08 17:55:00 - [TEST_STEP][PASSED] - click: Object: 'Object Repository/Final Object Repo/New Registration - Registration Module Pages/Form 1/Sub Business Entity' is clicked on

2019-01-08 17:55:00 - [MESSAGE][PASSED] - Object: 'Object Repository/Final Object Repo/New Registration - Registration Module Pages/Form 1/Sub Business Entity' is clicked on

2019-01-08 17:55:00 - [TEST_STEP][PASSED] - click: Object: 'Object Repository/Final Object Repo/New Registration - Registration Module Pages/Form 1/Sub Business Entity - LLP' is clicked on

2019-01-08 17:55:00 - [MESSAGE][PASSED] - Object: 'Object Repository/Final Object Repo/New Registration - Registration Module Pages/Form 1/Sub Business Entity - LLP' is clicked on

2019-01-08 17:55:00 - [TEST_STEP][PASSED] - delay: Delayed 1 second(s)

2019-01-08 17:55:01 - [MESSAGE][PASSED] - Delayed 1 second(s)

2019-01-08 17:55:01 - [TEST_STEP][PASSED] - setText: Text '123' is set on object 'Object Repository/Final Object Repo/New Registration - Registration Module Pages/Form 1/Registration Number'

2019-01-08 17:55:01 - [MESSAGE][PASSED] - Text '123' is set on object 'Object Repository/Final Object Repo/New Registration - Registration Module Pages/Form 1/Registration Number'

2019-01-08 17:55:01 - [TEST_STEP][PASSED] - click: Object: 'Object Repository/Final Object Repo/New Registration - Registration Module Pages/Form 1/Registred with SSM - Before Feb' is clicked on

2019-01-08 17:55:01 - [MESSAGE][PASSED] - Object: 'Object Repository/Final Object Repo/New Registration - Registration Module Pages/Form 1/Registred with SSM - Before Feb' is clicked on

2019-01-08 17:55:01 - [TEST_STEP][PASSED] - click: Object: 'Object Repository/Final Object Repo/New Registration - Registration Module Pages/Form 1/Registered As a Branch - Yes' is clicked on

2019-01-08 17:55:02 - [MESSAGE][PASSED] - Object: 'Object Repository/Final Object Repo/New Registration - Registration Module Pages/Form 1/Registered As a Branch - Yes' is clicked on

2019-01-08 17:55:02 - [TEST_STEP][PASSED] - click: Object: 'Object Repository/Final Object Repo/New Registration - Registration Module Pages/Form 1/Acknowledgement' is clicked on

2019-01-08 17:55:02 - [MESSAGE][PASSED] - Object: 'Object Repository/Final Object Repo/New Registration - Registration Module Pages/Form 1/Acknowledgement' is clicked on

2019-01-08 17:55:02 - [TEST_STEP][PASSED] - setText: Text 'perkeso' is set on object 'Object Repository/Final Object Repo/New Registration - Registration Module Pages/Form 1/Industry name'

2019-01-08 17:55:02 - [MESSAGE][PASSED] - Text 'perkeso' is set on object 'Object Repository/Final Object Repo/New Registration - Registration Module Pages/Form 1/Industry name'

2019-01-08 17:55:02 - [TEST_STEP][PASSED] - setText: Text 'perkeso1' is set on object 'Object Repository/Final Object Repo/New Registration - Registration Module Pages/Form 1/Postal Address1'

2019-01-08 17:55:02 - [MESSAGE][PASSED] - Text 'perkeso1' is set on object 'Object Repository/Final Object Repo/New Registration - Registration Module Pages/Form 1/Postal Address1'

2019-01-08 17:55:02 - [TEST_STEP][PASSED] - setText: Text 'perkeso2' is set on object 'Object Repository/Final Object Repo/New Registration - Registration Module Pages/Form 1/Postal Address2'

2019-01-08 17:55:03 - [MESSAGE][PASSED] - Text 'perkeso2' is set on object 'Object Repository/Final Object Repo/New Registration - Registration Module Pages/Form 1/Postal Address2'

2019-01-08 17:55:03 - [TEST_STEP][PASSED] - setText: Text 'perkeso3' is set on object 'Object Repository/Final Object Repo/New Registration - Registration Module Pages/Form 1/Postal Address3'

2019-01-08 17:55:03 - [MESSAGE][PASSED] - Text 'perkeso3' is set on object 'Object Repository/Final Object Repo/New Registration - Registration Module Pages/Form 1/Postal Address3'

2019-01-08 17:55:03 - [TEST_STEP][PASSED] - click: Object: 'Object Repository/Final Object Repo/New Registration - Registration Module Pages/Form 1/State' is clicked on

2019-01-08 17:55:03 - [MESSAGE][PASSED] - Object: 'Object Repository/Final Object Repo/New Registration - Registration Module Pages/Form 1/State' is clicked on

2019-01-08 17:55:03 - [TEST_STEP][PASSED] - click: Object: 'Object Repository/Final Object Repo/New Registration - Registration Module Pages/Form 1/State - Johor' is clicked on

2019-01-08 17:55:04 - [MESSAGE][PASSED] - Object: 'Object Repository/Final Object Repo/New Registration - Registration Module Pages/Form 1/State - Johor' is clicked on

2019-01-08 17:55:04 - [TEST_STEP][PASSED] - delay: Delayed 1 second(s)

2019-01-08 17:55:05 - [MESSAGE][PASSED] - Delayed 1 second(s)

2019-01-08 17:55:05 - [TEST_STEP][PASSED] - click: Object: 'Object Repository/Final Object Repo/New Registration - Registration Module Pages/Form 1/City' is clicked on

2019-01-08 17:55:05 - [MESSAGE][PASSED] - Object: 'Object Repository/Final Object Repo/New Registration - Registration Module Pages/Form 1/City' is clicked on

2019-01-08 17:55:05 - [TEST_STEP][PASSED] - setText: Text 'joh' is set on object 'Object Repository/Final Object Repo/New Registration - Registration Module Pages/Form 1/Postcode - 810'

2019-01-08 17:55:05 - [MESSAGE][PASSED] - Text 'joh' is set on object 'Object Repository/Final Object Repo/New Registration - Registration Module Pages/Form 1/Postcode - 810'

2019-01-08 17:55:05 - [TEST_STEP][PASSED] - delay: Delayed 1 second(s)

2019-01-08 17:55:06 - [MESSAGE][PASSED] - Delayed 1 second(s)

2019-01-08 17:55:06 - [TEST_STEP][PASSED] - click: Object: 'Object Repository/Final Object Repo/New Registration - Registration Module Pages/Form 1/City - Johor Bharu' is clicked on

2019-01-08 17:55:06 - [MESSAGE][PASSED] - Object: 'Object Repository/Final Object Repo/New Registration - Registration Module Pages/Form 1/City - Johor Bharu' is clicked on

2019-01-08 17:55:06 - [TEST_STEP][PASSED] - delay: Delayed 1 second(s)

2019-01-08 17:55:07 - [MESSAGE][PASSED] - Delayed 1 second(s)

2019-01-08 17:55:07 - [TEST_STEP][PASSED] - click: Object: 'Object Repository/Final Object Repo/New Registration - Registration Module Pages/Form 1/Postcode' is clicked on

2019-01-08 17:55:07 - [MESSAGE][PASSED] - Object: 'Object Repository/Final Object Repo/New Registration - Registration Module Pages/Form 1/Postcode' is clicked on

2019-01-08 17:55:07 - [TEST_STEP][PASSED] - delay: Delayed 1 second(s)

2019-01-08 17:55:08 - [MESSAGE][PASSED] - Delayed 1 second(s)

2019-01-08 17:55:08 - [TEST_STEP][PASSED] - setText: Text '810' is set on object 'Object Repository/Final Object Repo/New Registration - Registration Module Pages/Form 1/Postcode - 810'

2019-01-08 17:55:09 - [MESSAGE][PASSED] - Text '810' is set on object 'Object Repository/Final Object Repo/New Registration - Registration Module Pages/Form 1/Postcode - 810'

2019-01-08 17:55:09 - [TEST_STEP][PASSED] - delay: Delayed 1 second(s)

2019-01-08 17:55:10 - [MESSAGE][PASSED] - Delayed 1 second(s)

2019-01-08 17:55:10 - [TEST_STEP][PASSED] - click: Object: 'Object Repository/Final Object Repo/New Registration - Registration Module Pages/Form 1/Postcode - 81000' is clicked on

2019-01-08 17:55:10 - [MESSAGE][PASSED] - Object: 'Object Repository/Final Object Repo/New Registration - Registration Module Pages/Form 1/Postcode - 81000' is clicked on

2019-01-08 17:55:10 - [TEST_STEP][PASSED] - delay: Delayed 1 second(s)

2019-01-08 17:55:11 - [MESSAGE][PASSED] - Delayed 1 second(s)

2019-01-08 17:55:11 - [TEST_STEP][PASSED] - setText: Text '100' is set on object 'Object Repository/Final Object Repo/New Registration - Registration Module Pages/Form 1/P.O.BOX'

2019-01-08 17:55:11 - [MESSAGE][PASSED] - Text '100' is set on object 'Object Repository/Final Object Repo/New Registration - Registration Module Pages/Form 1/P.O.BOX'

2019-01-08 17:55:11 - [TEST_STEP][PASSED] - setText: Text '100' is set on object 'Object Repository/Final Object Repo/New Registration - Registration Module Pages/Form 1/Locked Bag No'

2019-01-08 17:55:11 - [MESSAGE][PASSED] - Text '100' is set on object 'Object Repository/Final Object Repo/New Registration - Registration Module Pages/Form 1/Locked Bag No'

2019-01-08 17:55:11 - [TEST_STEP][PASSED] - click: Object: 'Object Repository/Final Object Repo/New Registration - Registration Module Pages/Form 1/SOCSO Office Location' is clicked on

2019-01-08 17:55:12 - [MESSAGE][PASSED] - Object: 'Object Repository/Final Object Repo/New Registration - Registration Module Pages/Form 1/SOCSO Office Location' is clicked on

2019-01-08 17:55:12 - [TEST_STEP][PASSED] - click: Object: 'Object Repository/Final Object Repo/New Registration - Registration Module Pages/Form 1/SOCSO Office Location - Pejabat PERKESO Negeri Johor' is clicked on

2019-01-08 17:55:12 - [MESSAGE][PASSED] - Object: 'Object Repository/Final Object Repo/New Registration - Registration Module Pages/Form 1/SOCSO Office Location - Pejabat PERKESO Negeri Johor' is clicked on

2019-01-08 17:55:12 - [TEST_STEP][PASSED] - delay: Delayed 1 second(s)

2019-01-08 17:55:13 - [MESSAGE][PASSED] - Delayed 1 second(s)

2019-01-08 17:55:13 - [TEST_STEP][PASSED] - check: Object 'Object Repository/Final Object Repo/New Registration - Registration Module Pages/Form 1/Indusrty Address Same As Postal Address' is checked

2019-01-08 17:55:13 - [MESSAGE][PASSED] - Object 'Object Repository/Final Object Repo/New Registration - Registration Module Pages/Form 1/Indusrty Address Same As Postal Address' is checked

2019-01-08 17:55:13 - [TEST_STEP][PASSED] - delay: Delayed 3 second(s)

2019-01-08 17:55:16 - [MESSAGE][PASSED] - Delayed 3 second(s)

2019-01-08 17:55:16 - [TEST_STEP][PASSED] - click: Object: 'Object Repository/Final Object Repo/New Registration - Registration Module Pages/Form 1/Indusry Address Same As Postal Address False' is clicked on

2019-01-08 17:55:16 - [MESSAGE][PASSED] - Object: 'Object Repository/Final Object Repo/New Registration - Registration Module Pages/Form 1/Indusry Address Same As Postal Address False' is clicked on

2019-01-08 17:55:16 - [TEST_STEP][PASSED] - delay: Delayed 1 second(s)

2019-01-08 17:55:17 - [MESSAGE][PASSED] - Delayed 1 second(s)

2019-01-08 17:55:17 - [TEST_STEP][PASSED] - setText: Text 'perkeso1' is set on object 'Object Repository/Final Object Repo/New Registration - Registration Module Pages/Form 1/Industry Address1'

2019-01-08 17:55:18 - [MESSAGE][PASSED] - Text 'perkeso1' is set on object 'Object Repository/Final Object Repo/New Registration - Registration Module Pages/Form 1/Industry Address1'

2019-01-08 17:55:18 - [TEST_STEP][PASSED] - setText: Text 'perkeso2' is set on object 'Object Repository/Final Object Repo/New Registration - Registration Module Pages/Form 1/Industry Address2'

2019-01-08 17:55:18 - [MESSAGE][PASSED] - Text 'perkeso2' is set on object 'Object Repository/Final Object Repo/New Registration - Registration Module Pages/Form 1/Industry Address2'

2019-01-08 17:55:18 - [TEST_STEP][PASSED] - setText: Text 'perkeso3' is set on object 'Object Repository/Final Object Repo/New Registration - Registration Module Pages/Form 1/Industry Address3'

2019-01-08 17:55:18 - [MESSAGE][PASSED] - Text 'perkeso3' is set on object 'Object Repository/Final Object Repo/New Registration - Registration Module Pages/Form 1/Industry Address3'

2019-01-08 17:55:18 - [TEST_STEP][PASSED] - click: Object: 'Object Repository/Final Object Repo/New Registration - Registration Module Pages/Form 1/Industry State' is clicked on

2019-01-08 17:55:18 - [MESSAGE][PASSED] - Object: 'Object Repository/Final Object Repo/New Registration - Registration Module Pages/Form 1/Industry State' is clicked on

2019-01-08 17:55:18 - [TEST_STEP][PASSED] - delay: Delayed 2 second(s)

2019-01-08 17:55:20 - [MESSAGE][PASSED] - Delayed 2 second(s)

2019-01-08 17:55:20 - [TEST_STEP][PASSED] - click: Object: 'Object Repository/Final Object Repo/New Registration - Registration Module Pages/Form 1/Industry State - Johor' is clicked on

2019-01-08 17:55:21 - [MESSAGE][PASSED] - Object: 'Object Repository/Final Object Repo/New Registration - Registration Module Pages/Form 1/Industry State - Johor' is clicked on

2019-01-08 17:55:21 - [TEST_STEP][PASSED] - delay: Delayed 2 second(s)

2019-01-08 17:55:23 - [MESSAGE][PASSED] - Delayed 2 second(s)

2019-01-08 17:55:23 - [TEST_STEP][PASSED] - click: Object: 'Object Repository/Final Object Repo/New Registration - Registration Module Pages/Form 1/Industry Ciry' is clicked on

2019-01-08 17:55:23 - [MESSAGE][PASSED] - Object: 'Object Repository/Final Object Repo/New Registration - Registration Module Pages/Form 1/Industry Ciry' is clicked on

2019-01-08 17:55:23 - [TEST_STEP][PASSED] - setText: Text 'joh' is set on object 'Object Repository/Final Object Repo/New Registration - Registration Module Pages/Form 1/Industry Ciry - joh'

2019-01-08 17:55:23 - [MESSAGE][PASSED] - Text 'joh' is set on object 'Object Repository/Final Object Repo/New Registration - Registration Module Pages/Form 1/Industry Ciry - joh'

2019-01-08 17:55:23 - [TEST_STEP][PASSED] - delay: Delayed 2 second(s)

2019-01-08 17:55:25 - [MESSAGE][PASSED] - Delayed 2 second(s)

2019-01-08 17:55:25 - [TEST_STEP][PASSED] - click: Object: 'Object Repository/Final Object Repo/New Registration - Registration Module Pages/Form 1/Industy State - Johor Bharu' is clicked on

2019-01-08 17:55:25 - [MESSAGE][PASSED] - Object: 'Object Repository/Final Object Repo/New Registration - Registration Module Pages/Form 1/Industy State - Johor Bharu' is clicked on

2019-01-08 17:55:25 - [TEST_STEP][PASSED] - delay: Delayed 1 second(s)

2019-01-08 17:55:26 - [MESSAGE][PASSED] - Delayed 1 second(s)

2019-01-08 17:55:26 - [TEST_STEP][PASSED] - click: Object: 'Object Repository/Final Object Repo/New Registration - Registration Module Pages/Form 1/Indusry PostCode' is clicked on

2019-01-08 17:55:26 - [MESSAGE][PASSED] - Object: 'Object Repository/Final Object Repo/New Registration - Registration Module Pages/Form 1/Indusry PostCode' is clicked on

2019-01-08 17:55:26 - [TEST_STEP][PASSED] - delay: Delayed 1 second(s)

2019-01-08 17:55:27 - [MESSAGE][PASSED] - Delayed 1 second(s)

2019-01-08 17:55:27 - [TEST_STEP][PASSED] - setText: Text '810' is set on object 'Object Repository/Final Object Repo/New Registration - Registration Module Pages/Form 1/Insutry Post Code - 810'

2019-01-08 17:55:28 - [MESSAGE][PASSED] - Text '810' is set on object 'Object Repository/Final Object Repo/New Registration - Registration Module Pages/Form 1/Insutry Post Code - 810'

2019-01-08 17:55:28 - [TEST_STEP][PASSED] - delay: Delayed 1 second(s)

2019-01-08 17:55:29 - [MESSAGE][PASSED] - Delayed 1 second(s)

2019-01-08 17:55:29 - [TEST_STEP][PASSED] - click: Object: 'Object Repository/Final Object Repo/New Registration - Registration Module Pages/Form 1/Insutry Post Code - 81000' is clicked on

2019-01-08 17:55:29 - [MESSAGE][PASSED] - Object: 'Object Repository/Final Object Repo/New Registration - Registration Module Pages/Form 1/Insutry Post Code - 81000' is clicked on

2019-01-08 17:55:29 - [TEST_STEP][PASSED] - delay: Delayed 1 second(s)

2019-01-08 17:55:30 - [MESSAGE][PASSED] - Delayed 1 second(s)

2019-01-08 17:55:30 - [TEST_STEP][PASSED] - setText: Text '100' is set on object 'Object Repository/Final Object Repo/New Registration - Registration Module Pages/Form 1/Industry P.O.BOX'

2019-01-08 17:55:30 - [MESSAGE][PASSED] - Text '100' is set on object 'Object Repository/Final Object Repo/New Registration - Registration Module Pages/Form 1/Industry P.O.BOX'

2019-01-08 17:55:30 - [TEST_STEP][PASSED] - setText: Text '100' is set on object 'Object Repository/Final Object Repo/New Registration - Registration Module Pages/Form 1/Industry Locked Bag No'

2019-01-08 17:55:30 - [MESSAGE][PASSED] - Text '100' is set on object 'Object Repository/Final Object Repo/New Registration - Registration Module Pages/Form 1/Industry Locked Bag No'

2019-01-08 17:55:30 - [TEST_STEP][PASSED] - setText: Text '123456789' is set on object 'Object Repository/Final Object Repo/New Registration - Registration Module Pages/Form 1/Telephone No'

2019-01-08 17:55:31 - [MESSAGE][PASSED] - Text '123456789' is set on object 'Object Repository/Final Object Repo/New Registration - Registration Module Pages/Form 1/Telephone No'

2019-01-08 17:55:31 - [TEST_STEP][PASSED] - setText: Text '123456789' is set on object 'Object Repository/Final Object Repo/New Registration - Registration Module Pages/Form 1/Mobile No'

2019-01-08 17:55:31 - [MESSAGE][PASSED] - Text '123456789' is set on object 'Object Repository/Final Object Repo/New Registration - Registration Module Pages/Form 1/Mobile No'

2019-01-08 17:55:31 - [TEST_STEP][PASSED] - setText: Text '123456789' is set on object 'Object Repository/Final Object Repo/New Registration - Registration Module Pages/Form 1/Fax No'

2019-01-08 17:55:32 - [MESSAGE][PASSED] - Text '123456789' is set on object 'Object Repository/Final Object Repo/New Registration - Registration Module Pages/Form 1/Fax No'

2019-01-08 17:55:32 - [TEST_STEP][PASSED] - click: Object: 'Object Repository/Final Object Repo/New Registration - Registration Module Pages/Form 1/Industry Code' is clicked on

2019-01-08 17:55:32 - [MESSAGE][PASSED] - Object: 'Object Repository/Final Object Repo/New Registration - Registration Module Pages/Form 1/Industry Code' is clicked on

2019-01-08 17:55:32 - [TEST_STEP][PASSED] - click: Object: 'Object Repository/Final Object Repo/New Registration - Registration Module Pages/Form 1/Indudustry Code - Crops and Animal' is clicked on

2019-01-08 17:55:32 - [MESSAGE][PASSED] - Object: 'Object Repository/Final Object Repo/New Registration - Registration Module Pages/Form 1/Indudustry Code - Crops and Animal' is clicked on

2019-01-08 17:55:32 - [TEST_STEP][PASSED] - delay: Delayed 1 second(s)

2019-01-08 17:55:33 - [MESSAGE][PASSED] - Delayed 1 second(s)

2019-01-08 17:55:33 - [TEST_STEP][PASSED] - click: Object: 'Object Repository/Final Object Repo/New Registration - Registration Module Pages/Form 1/Sub Industry Code List' is clicked on

2019-01-08 17:55:33 - [MESSAGE][PASSED] - Object: 'Object Repository/Final Object Repo/New Registration - Registration Module Pages/Form 1/Sub Industry Code List' is clicked on

2019-01-08 17:55:33 - [TEST_STEP][PASSED] - click: Object: 'Object Repository/Final Object Repo/New Registration - Registration Module Pages/Form 1/Sub Industry Code List - Growing of Maize' is clicked on

2019-01-08 17:55:34 - [MESSAGE][PASSED] - Object: 'Object Repository/Final Object Repo/New Registration - Registration Module Pages/Form 1/Sub Industry Code List - Growing of Maize' is clicked on

2019-01-08 17:55:34 - [TEST_STEP][PASSED] - setText: Text 'perkeso123@gmail.com' is set on object 'Object Repository/Final Object Repo/New Registration - Registration Module Pages/Form 1/Email'

2019-01-08 17:55:34 - [MESSAGE][PASSED] - Text 'perkeso123@gmail.com' is set on object 'Object Repository/Final Object Repo/New Registration - Registration Module Pages/Form 1/Email'

2019-01-08 17:55:34 - [TEST_STEP][PASSED] - click: Object: 'Object Repository/Final Object Repo/New Registration - Registration Module Pages/Form 1/Method of Contribution Payment' is clicked on

2019-01-08 17:55:34 - [MESSAGE][PASSED] - Object: 'Object Repository/Final Object Repo/New Registration - Registration Module Pages/Form 1/Method of Contribution Payment' is clicked on

2019-01-08 17:55:34 - [TEST_STEP][PASSED] - click: Object: 'Object Repository/Final Object Repo/New Registration - Registration Module Pages/Form 1/Method of Contribution Payment - Portal' is clicked on

2019-01-08 17:55:35 - [MESSAGE][PASSED] - Object: 'Object Repository/Final Object Repo/New Registration - Registration Module Pages/Form 1/Method of Contribution Payment - Portal' is clicked on

2019-01-08 17:55:35 - [TEST_STEP][PASSED] - click: Object: 'Object Repository/Final Object Repo/New Registration - Registration Module Pages/Form 1/Servide Type' is clicked on

2019-01-08 17:55:35 - [MESSAGE][PASSED] - Object: 'Object Repository/Final Object Repo/New Registration - Registration Module Pages/Form 1/Servide Type' is clicked on

2019-01-08 17:55:35 - [TEST_STEP][PASSED] - click: Object: 'Object Repository/Final Object Repo/New Registration - Registration Module Pages/Form 1/Servide Type - Professional Bodies' is clicked on

2019-01-08 17:55:35 - [MESSAGE][PASSED] - Object: 'Object Repository/Final Object Repo/New Registration - Registration Module Pages/Form 1/Servide Type - Professional Bodies' is clicked on

2019-01-08 17:55:35 - [TEST_STEP][PASSED] - click: Object: 'Object Repository/Final Object Repo/New Registration - Registration Module Pages/Form 1/Industry Venue' is clicked on

2019-01-08 17:55:35 - [MESSAGE][PASSED] - Object: 'Object Repository/Final Object Repo/New Registration - Registration Module Pages/Form 1/Industry Venue' is clicked on

2019-01-08 17:55:35 - [TEST_STEP][PASSED] - click: Object: 'Object Repository/Final Object Repo/New Registration - Registration Module Pages/Form 1/Industry Venue -  PPN JOHOR' is clicked on

2019-01-08 17:55:35 - [MESSAGE][PASSED] - Object: 'Object Repository/Final Object Repo/New Registration - Registration Module Pages/Form 1/Industry Venue -  PPN JOHOR' is clicked on

2019-01-08 17:55:35 - [TEST_STEP][PASSED] - click: Object: 'Object Repository/Final Object Repo/New Registration - Registration Module Pages/Form 1/Save  Continue' is clicked on

2019-01-08 17:55:36 - [MESSAGE][PASSED] - Object: 'Object Repository/Final Object Repo/New Registration - Registration Module Pages/Form 1/Save  Continue' is clicked on

2019-01-08 17:55:36 - [MESSAGE][PASSED] - Call Test Case 'Test Cases/Final Aug 2018 - PKS Automation/Registration Module/New Registration/Form 1/Form 1 - Corporation - Limited Liability' successfully

2019-01-08 17:55:36 - [TEST_STEP][PASSED] - callTestCase: Call Test Case 'Test Cases/Final Aug 2018 - PKS Automation/Registration Module/New Registration/Form 2/Add 2 Eligible 2 Not Eligible' successfully

2019-01-08 17:55:36 - [TEST_CASE][PASSED] - Test Cases/Final Aug 2018 - PKS Automation/Registration Module/New Registration/Form 2/Add 2 Eligible 2 Not Eligible: Test Cases/Final Aug 2018 - PKS Automation/Registration Module/New Registration/Form 2/Add 2 Eligible 2 Not Eligible

2019-01-08 17:55:36 - [TEST_STEP][PASSED] - delay: Delayed 2 second(s)

2019-01-08 17:55:38 - [MESSAGE][PASSED] - Delayed 2 second(s)

2019-01-08 17:55:38 - [TEST_STEP][PASSED] - callTestCase: Call Test Case 'Test Cases/Final Aug 2018 - PKS Automation/Registration Module/New Registration/Form 2/Date Updater' successfully

2019-01-08 17:55:38 - [TEST_CASE][PASSED] - Test Cases/Final Aug 2018 - PKS Automation/Registration Module/New Registration/Form 2/Date Updater: Test Cases/Final Aug 2018 - PKS Automation/Registration Module/New Registration/Form 2/Date Updater

2019-01-08 17:55:38 - [TEST_STEP][PASSED] - Statement - TodayDate = new java.util.Date(): null

2019-01-08 17:55:38 - [TEST_STEP][PASSED] - Statement - CurrentDateNoFilter = new java.text.SimpleDateFormat(): null

2019-01-08 17:55:38 - [TEST_STEP][PASSED] - Statement - CurrentDateNoFilter.applyPattern("MM"): null

2019-01-08 17:55:38 - [TEST_STEP][PASSED] - Statement - monthContainerMatcher = java.lang.Integer.parseInt(CurrentDateNoFilter.format(TodayDate)): null

2019-01-08 17:55:38 - [TEST_STEP][PASSED] - Statement - monthContainerMatcher = monthContainerMatcher - 1: null

2019-01-08 17:55:38 - [TEST_STEP][PASSED] - Statement - CurrentMonth = monthContainerMatcher.toString(): null

2019-01-08 17:55:38 - [TEST_STEP][PASSED] - Statement - CurrentMonth = CurrentMonth: null

2019-01-08 17:55:38 - [TEST_STEP][PASSED] - Statement - CurrentDateNoFilter.applyPattern("yyyy"): null

2019-01-08 17:55:38 - [TEST_STEP][PASSED] - Statement - CurrentYear = CurrentDateNoFilter.format(TodayDate): null

2019-01-08 17:55:38 - [TEST_STEP][PASSED] - Statement - CurrentYear = CurrentYear: null

2019-01-08 17:55:38 - [TEST_STEP][PASSED] - Statement - intCurrentYear = java.lang.Integer.parseInt(CurrentDateNoFilter.format(TodayDate)): null

2019-01-08 17:55:38 - [TEST_STEP][PASSED] - Statement - eighteenYrsAgo = intCurrentYear - 18: null

2019-01-08 17:55:38 - [TEST_STEP][PASSED] - Statement - eighteenYrsBeforeThisYr = eighteenYrsAgo.toString(): null

2019-01-08 17:55:38 - [TEST_STEP][PASSED] - Statement - EighteenYrsBefore = eighteenYrsBeforeThisYr: null

2019-01-08 17:55:38 - [TEST_STEP][PASSED] - Statement - fiftysevenYrsAgo = intCurrentYear - 57: null

2019-01-08 17:55:38 - [TEST_STEP][PASSED] - Statement - fiftysevenYrsBeforeThisYr = fiftysevenYrsAgo.toString(): null

2019-01-08 17:55:38 - [TEST_STEP][PASSED] - Statement - FiftysevenYrsBefore = fiftysevenYrsBeforeThisYr: null

2019-01-08 17:55:38 - [TEST_STEP][PASSED] - Statement - leapYear = false: null

2019-01-08 17:55:38 - [TEST_STEP][PASSED] - Statement - leapYear = intCurrentYear % 4 == 0: null

2019-01-08 17:55:38 - [TEST_STEP][PASSED] - Statement - CurrentDateNoFilter.applyPattern("dd"): null

2019-01-08 17:55:38 - [TEST_STEP][PASSED] - Statement - CurrentDate = CurrentDateNoFilter.format(TodayDate): null

2019-01-08 17:55:38 - [TEST_STEP][PASSED] - Statement - CurrentDate = java.lang.Integer.parseInt(CurrentDate): null

2019-01-08 17:55:38 - [TEST_STEP][PASSED] - Statement - CurrentDate = CurrentDate: null

2019-01-08 17:55:38 - [TEST_STEP][PASSED] - Statement - CurrentDay = java.lang.Integer.parseInt(CurrentDate): null

2019-01-08 17:55:38 - [TEST_STEP][PASSED] - Statement - ConfAdder = <not implemented yet for class: org.codehaus.groovy.ast.expr.EmptyExpression>: null

2019-01-08 17:55:38 - [TEST_STEP][PASSED] - Statement - out.println(CurrentMonth): null

2019-01-08 17:55:38 - [TEST_STEP][PASSED] - Statement - out.println(CurrentDate): null

2019-01-08 17:55:38 - [TEST_STEP][PASSED] - Statement - switch (CurrentDate): null

2019-01-08 17:55:38 - [TEST_STEP][PASSED] - Statement - Default: null

2019-01-08 17:55:38 - [TEST_STEP][PASSED] - Statement - ConfAdder = true: null

2019-01-08 17:55:38 - [TEST_STEP][PASSED] - Statement - Break: null

2019-01-08 17:55:38 - [TEST_STEP][PASSED] - Statement - aDayBefore = <not implemented yet for class: org.codehaus.groovy.ast.expr.EmptyExpression>: null

2019-01-08 17:55:38 - [TEST_STEP][PASSED] - Statement - out.println(ConfAdder): null

2019-01-08 17:55:38 - [TEST_STEP][PASSED] - Statement - If (ConfAdder == true): null

2019-01-08 17:55:38 - [TEST_STEP][PASSED] - Statement - aDayBefore = CurrentDay + 1: null

2019-01-08 17:55:38 - [TEST_STEP][PASSED] - Statement - out.println(aDayBefore): null

2019-01-08 17:55:38 - [TEST_STEP][PASSED] - Statement - If (aDayBefore == 1 && CurrentMonth == 11): null

2019-01-08 17:55:38 - [TEST_STEP][PASSED] - Statement - DayBefore = aDayBefore.toString(): null

2019-01-08 17:55:38 - [TEST_STEP][PASSED] - Statement - OneDayBefore = DayBefore: null

2019-01-08 17:55:38 - [MESSAGE][PASSED] - Call Test Case 'Test Cases/Final Aug 2018 - PKS Automation/Registration Module/New Registration/Form 2/Date Updater' successfully

2019-01-08 17:55:38 - [TEST_STEP][PASSED] - delay: Delayed 1 second(s)

2019-01-08 17:55:39 - [MESSAGE][PASSED] - Delayed 1 second(s)

2019-01-08 17:55:39 - [TEST_STEP][PASSED] - Statement - CaseReferenceNo = com.kms.katalon.core.webui.keyword.WebUiBuiltInKeywords.getText(com.kms.katalon.core.testobject.ObjectRepository.findTestObject(Final Object Repo/New Registration - Registration Module Pages/Form 2/RefNo Acquiring)): Text of object 'Object Repository/Final Object Repo/New Registration - Registration Module Pages/Form 2/RefNo Acquiring' is: 'CRN01201900123645'

2019-01-08 17:55:39 - [MESSAGE][PASSED] - Text of object 'Object Repository/Final Object Repo/New Registration - Registration Module Pages/Form 2/RefNo Acquiring' is: 'CRN01201900123645'

2019-01-08 17:55:39 - [TEST_STEP][PASSED] - delay: Delayed 1 second(s)

2019-01-08 17:55:40 - [MESSAGE][PASSED] - Delayed 1 second(s)

2019-01-08 17:55:40 - [TEST_STEP][PASSED] - click: Object: 'Object Repository/Final Object Repo/New Registration - Registration Module Pages/Form 2/Add Employee Button' is clicked on

2019-01-08 17:55:40 - [MESSAGE][PASSED] - Object: 'Object Repository/Final Object Repo/New Registration - Registration Module Pages/Form 2/Add Employee Button' is clicked on

2019-01-08 17:55:40 - [TEST_STEP][PASSED] - delay: Delayed 4 second(s)

2019-01-08 17:55:44 - [MESSAGE][PASSED] - Delayed 4 second(s)

2019-01-08 17:55:44 - [TEST_STEP][PASSED] - setText: Text '010903091927' is set on object 'Object Repository/Final Object Repo/New Registration - Registration Module Pages/Form 2/NRIC Input'

2019-01-08 17:55:44 - [MESSAGE][PASSED] - Text '010903091927' is set on object 'Object Repository/Final Object Repo/New Registration - Registration Module Pages/Form 2/NRIC Input'

2019-01-08 17:55:44 - [TEST_STEP][PASSED] - click: Object: 'Object Repository/Final Object Repo/New Registration - Registration Module Pages/Form 2/button for search for IC' is clicked on

2019-01-08 17:55:45 - [MESSAGE][PASSED] - Object: 'Object Repository/Final Object Repo/New Registration - Registration Module Pages/Form 2/button for search for IC' is clicked on

2019-01-08 17:55:45 - [TEST_STEP][PASSED] - delay: Delayed 2 second(s)

2019-01-08 17:55:47 - [MESSAGE][PASSED] - Delayed 2 second(s)

2019-01-08 17:55:47 - [TEST_STEP][PASSED] - setText: Text 'Automate001 eligible 1' is set on object 'Object Repository/Final Object Repo/New Registration - Registration Module Pages/Form 2/Employee Name Input'

2019-01-08 17:55:47 - [MESSAGE][PASSED] - Text 'Automate001 eligible 1' is set on object 'Object Repository/Final Object Repo/New Registration - Registration Module Pages/Form 2/Employee Name Input'

2019-01-08 17:55:47 - [TEST_STEP][PASSED] - delay: Delayed 2 second(s)

2019-01-08 17:55:49 - [MESSAGE][PASSED] - Delayed 2 second(s)

2019-01-08 17:55:49 - [TEST_STEP][PASSED] - click: Object: 'Object Repository/Final Object Repo/New Registration - Registration Module Pages/Form 2/DatePicker Pop Up' is clicked on

2019-01-08 17:55:49 - [MESSAGE][PASSED] - Object: 'Object Repository/Final Object Repo/New Registration - Registration Module Pages/Form 2/DatePicker Pop Up' is clicked on

2019-01-08 17:55:49 - [TEST_STEP][PASSED] - click: Object: 'Object Repository/Final Object Repo/New Registration - Registration Module Pages/Form 2/DOB Month' is clicked on

2019-01-08 17:55:49 - [MESSAGE][PASSED] - Object: 'Object Repository/Final Object Repo/New Registration - Registration Module Pages/Form 2/DOB Month' is clicked on

2019-01-08 17:55:49 - [TEST_STEP][PASSED] - Statement - CurrentMonth = CurrentMonth: null

2019-01-08 17:55:49 - [TEST_STEP][PASSED] - Statement - selectMonth = new com.kms.katalon.core.testobject.TestObject(): null

2019-01-08 17:55:49 - [TEST_STEP][PASSED] - Statement - selectMonth.addProperty("xpath", EQUALS, "//body/div/div/div/select/option[@value='" + CurrentMonth + "']", true): null

2019-01-08 17:55:49 - [TEST_STEP][PASSED] - click: Object: '' is clicked on

2019-01-08 17:55:50 - [MESSAGE][PASSED] - Object: '' is clicked on

2019-01-08 17:55:50 - [TEST_STEP][PASSED] - click: Object: 'Object Repository/Final Object Repo/New Registration - Registration Module Pages/Form 2/DOB Year' is clicked on

2019-01-08 17:55:50 - [MESSAGE][PASSED] - Object: 'Object Repository/Final Object Repo/New Registration - Registration Module Pages/Form 2/DOB Year' is clicked on

2019-01-08 17:55:50 - [TEST_STEP][PASSED] - Statement - Eyearsbf = EighteenYrsBefore: null

2019-01-08 17:55:50 - [TEST_STEP][PASSED] - Statement - selectYear = new com.kms.katalon.core.testobject.TestObject(): null

2019-01-08 17:55:50 - [TEST_STEP][PASSED] - Statement - selectYear.addProperty("xpath", EQUALS, "//div/div/div/select/option[@value='" + Eyearsbf + "']", true): null

2019-01-08 17:55:50 - [TEST_STEP][PASSED] - click: Object: '' is clicked on

2019-01-08 17:55:50 - [MESSAGE][PASSED] - Object: '' is clicked on

2019-01-08 17:55:50 - [TEST_STEP][PASSED] - Statement - UpdatedSelectDate = com.kms.katalon.core.webui.keyword.WebUiBuiltInKeywords.modifyObjectProperty(com.kms.katalon.core.testobject.ObjectRepository.findTestObject(Final Object Repo/New Registration - Registration Module Pages/Form 2/DOB Date), "xpath", "equals", "//body/div/table/tbody/tr/td/a[text()="" + CurrentDate + ""]", true): Modify property of object successfully

2019-01-08 17:55:50 - [MESSAGE][PASSED] - Modify property of object successfully

2019-01-08 17:55:50 - [TEST_STEP][PASSED] - delay: Delayed 3 second(s)

2019-01-08 17:55:53 - [MESSAGE][PASSED] - Delayed 3 second(s)

2019-01-08 17:55:53 - [TEST_STEP][PASSED] - click: Object: 'Object Repository/Final Object Repo/New Registration - Registration Module Pages/Form 2/DOB Date' is clicked on

2019-01-08 17:55:53 - [MESSAGE][PASSED] - Object: 'Object Repository/Final Object Repo/New Registration - Registration Module Pages/Form 2/DOB Date' is clicked on

2019-01-08 17:55:53 - [TEST_STEP][PASSED] - delay: Delayed 2 second(s)

2019-01-08 17:55:55 - [MESSAGE][PASSED] - Delayed 2 second(s)

2019-01-08 17:55:55 - [TEST_STEP][PASSED] - click: Object: 'Object Repository/Final Object Repo/New Registration - Registration Module Pages/Form 2/EmploymentStartDate Pop Up' is clicked on

2019-01-08 17:55:55 - [MESSAGE][PASSED] - Object: 'Object Repository/Final Object Repo/New Registration - Registration Module Pages/Form 2/EmploymentStartDate Pop Up' is clicked on

2019-01-08 17:55:55 - [TEST_STEP][PASSED] - delay: Delayed 2 second(s)

2019-01-08 17:55:57 - [MESSAGE][PASSED] - Delayed 2 second(s)

2019-01-08 17:55:57 - [TEST_STEP][PASSED] - click: Object: 'Object Repository/Final Object Repo/New Registration - Registration Module Pages/Form 2/Socso Employment StartDate Month' is clicked on

2019-01-08 17:55:57 - [MESSAGE][PASSED] - Object: 'Object Repository/Final Object Repo/New Registration - Registration Module Pages/Form 2/Socso Employment StartDate Month' is clicked on

2019-01-08 17:55:57 - [TEST_STEP][PASSED] - delay: Delayed 1 second(s)

2019-01-08 17:55:58 - [MESSAGE][PASSED] - Delayed 1 second(s)

2019-01-08 17:55:58 - [TEST_STEP][PASSED] - click: Object: 'Object Repository/Final Object Repo/New Registration - Registration Module Pages/Form 2/Select Socso Employement Startdate Month' is clicked on

2019-01-08 17:55:58 - [MESSAGE][PASSED] - Object: 'Object Repository/Final Object Repo/New Registration - Registration Module Pages/Form 2/Select Socso Employement Startdate Month' is clicked on

2019-01-08 17:55:58 - [TEST_STEP][PASSED] - delay: Delayed 2 second(s)

2019-01-08 17:56:00 - [MESSAGE][PASSED] - Delayed 2 second(s)

2019-01-08 17:56:00 - [TEST_STEP][PASSED] - click: Object: 'Object Repository/Final Object Repo/New Registration - Registration Module Pages/Form 2/Socso Employment StartDate Year' is clicked on

2019-01-08 17:56:01 - [MESSAGE][PASSED] - Object: 'Object Repository/Final Object Repo/New Registration - Registration Module Pages/Form 2/Socso Employment StartDate Year' is clicked on

2019-01-08 17:56:01 - [TEST_STEP][PASSED] - delay: Delayed 1 second(s)

2019-01-08 17:56:02 - [MESSAGE][PASSED] - Delayed 1 second(s)

2019-01-08 17:56:02 - [TEST_STEP][PASSED] - click: Object: 'Object Repository/Final Object Repo/New Registration - Registration Module Pages/Form 2/Select Socso Employment Startdate Year' is clicked on

2019-01-08 17:56:02 - [MESSAGE][PASSED] - Object: 'Object Repository/Final Object Repo/New Registration - Registration Module Pages/Form 2/Select Socso Employment Startdate Year' is clicked on

2019-01-08 17:56:02 - [TEST_STEP][PASSED] - delay: Delayed 2 second(s)

2019-01-08 17:56:04 - [MESSAGE][PASSED] - Delayed 2 second(s)

2019-01-08 17:56:04 - [TEST_STEP][PASSED] - click: Object: 'Object Repository/Final Object Repo/New Registration - Registration Module Pages/Form 2/Socso Employment Start Date Day' is clicked on

2019-01-08 17:56:04 - [MESSAGE][PASSED] - Object: 'Object Repository/Final Object Repo/New Registration - Registration Module Pages/Form 2/Socso Employment Start Date Day' is clicked on

2019-01-08 17:56:04 - [TEST_STEP][PASSED] - delay: Delayed 2 second(s)

2019-01-08 17:56:06 - [MESSAGE][PASSED] - Delayed 2 second(s)

2019-01-08 17:56:06 - [TEST_STEP][PASSED] - click: Object: 'Object Repository/Final Object Repo/New Registration - Registration Module Pages/Form 2/Save Button for Add Employee' is clicked on

2019-01-08 17:56:06 - [MESSAGE][PASSED] - Object: 'Object Repository/Final Object Repo/New Registration - Registration Module Pages/Form 2/Save Button for Add Employee' is clicked on

2019-01-08 17:56:06 - [TEST_STEP][PASSED] - delay: Delayed 6 second(s)

2019-01-08 17:56:12 - [MESSAGE][PASSED] - Delayed 6 second(s)

2019-01-08 17:56:12 - [TEST_STEP][PASSED] - click: Object: 'Object Repository/Final Object Repo/New Registration - Registration Module Pages/Form 2/Add Employee Button' is clicked on

2019-01-08 17:56:12 - [MESSAGE][PASSED] - Object: 'Object Repository/Final Object Repo/New Registration - Registration Module Pages/Form 2/Add Employee Button' is clicked on

2019-01-08 17:56:12 - [TEST_STEP][PASSED] - delay: Delayed 4 second(s)

2019-01-08 17:56:16 - [MESSAGE][PASSED] - Delayed 4 second(s)

2019-01-08 17:56:16 - [TEST_STEP][PASSED] - setText: Text '620904059691' is set on object 'Object Repository/Final Object Repo/New Registration - Registration Module Pages/Form 2/NRIC Input'

2019-01-08 17:56:17 - [MESSAGE][PASSED] - Text '620904059691' is set on object 'Object Repository/Final Object Repo/New Registration - Registration Module Pages/Form 2/NRIC Input'

2019-01-08 17:56:17 - [TEST_STEP][PASSED] - click: Object: 'Object Repository/Final Object Repo/New Registration - Registration Module Pages/Form 2/button for search for IC' is clicked on

2019-01-08 17:56:17 - [MESSAGE][PASSED] - Object: 'Object Repository/Final Object Repo/New Registration - Registration Module Pages/Form 2/button for search for IC' is clicked on

2019-01-08 17:56:17 - [TEST_STEP][PASSED] - delay: Delayed 2 second(s)

2019-01-08 17:56:19 - [MESSAGE][PASSED] - Delayed 2 second(s)

2019-01-08 17:56:19 - [TEST_STEP][PASSED] - setText: Text 'Automate001 eligible 2' is set on object 'Object Repository/Final Object Repo/New Registration - Registration Module Pages/Form 2/Employee Name Input'

2019-01-08 17:56:19 - [MESSAGE][PASSED] - Text 'Automate001 eligible 2' is set on object 'Object Repository/Final Object Repo/New Registration - Registration Module Pages/Form 2/Employee Name Input'

2019-01-08 17:56:19 - [TEST_STEP][PASSED] - delay: Delayed 2 second(s)

2019-01-08 17:56:21 - [MESSAGE][PASSED] - Delayed 2 second(s)

2019-01-08 17:56:21 - [TEST_STEP][PASSED] - click: Object: 'Object Repository/Final Object Repo/New Registration - Registration Module Pages/Form 2/DatePicker Pop Up' is clicked on

2019-01-08 17:56:22 - [MESSAGE][PASSED] - Object: 'Object Repository/Final Object Repo/New Registration - Registration Module Pages/Form 2/DatePicker Pop Up' is clicked on

2019-01-08 17:56:22 - [TEST_STEP][PASSED] - delay: Delayed 2 second(s)

2019-01-08 17:56:24 - [MESSAGE][PASSED] - Delayed 2 second(s)

2019-01-08 17:56:24 - [TEST_STEP][PASSED] - click: Object: 'Object Repository/Final Object Repo/New Registration - Registration Module Pages/Form 2/DOB Month' is clicked on

2019-01-08 17:56:24 - [MESSAGE][PASSED] - Object: 'Object Repository/Final Object Repo/New Registration - Registration Module Pages/Form 2/DOB Month' is clicked on

2019-01-08 17:56:24 - [TEST_STEP][PASSED] - Statement - selectMonth = com.kms.katalon.core.webui.keyword.WebUiBuiltInKeywords.modifyObjectProperty(selectMonth, "xpath", "equals", "//body/div/div/div/select/option[@value="" + CurrentMonth + ""]", true): Modify property of object successfully

2019-01-08 17:56:24 - [MESSAGE][PASSED] - Modify property of object successfully

2019-01-08 17:56:24 - [TEST_STEP][PASSED] - click: Object: '' is clicked on

2019-01-08 17:56:24 - [MESSAGE][PASSED] - Object: '' is clicked on

2019-01-08 17:56:24 - [TEST_STEP][PASSED] - click: Object: 'Object Repository/Final Object Repo/New Registration - Registration Module Pages/Form 2/DOB Year' is clicked on

2019-01-08 17:56:24 - [MESSAGE][PASSED] - Object: 'Object Repository/Final Object Repo/New Registration - Registration Module Pages/Form 2/DOB Year' is clicked on

2019-01-08 17:56:24 - [TEST_STEP][PASSED] - Statement - selectYear = com.kms.katalon.core.webui.keyword.WebUiBuiltInKeywords.modifyObjectProperty(selectYear, "xpath", "equals", "//div/div/div/select/option[@value="" + FiftysevenYrsBefore + ""]", true): Modify property of object successfully

2019-01-08 17:56:24 - [MESSAGE][PASSED] - Modify property of object successfully

2019-01-08 17:56:24 - [TEST_STEP][PASSED] - click: Object: '' is clicked on

2019-01-08 17:56:24 - [MESSAGE][PASSED] - Object: '' is clicked on

2019-01-08 17:56:24 - [TEST_STEP][PASSED] - Statement - UpdatedSelectDate = com.kms.katalon.core.webui.keyword.WebUiBuiltInKeywords.modifyObjectProperty(com.kms.katalon.core.testobject.ObjectRepository.findTestObject(Final Object Repo/New Registration - Registration Module Pages/Form 2/DOB Date), "xpath", "equals", "//body/div/table/tbody/tr/td/a[text()="" + OneDayBefore + ""]", true): Modify property of object successfully

2019-01-08 17:56:24 - [MESSAGE][PASSED] - Modify property of object successfully

2019-01-08 17:56:24 - [TEST_STEP][PASSED] - click: Object: 'Object Repository/Final Object Repo/New Registration - Registration Module Pages/Form 2/DOB Date' is clicked on

2019-01-08 17:56:24 - [MESSAGE][PASSED] - Object: 'Object Repository/Final Object Repo/New Registration - Registration Module Pages/Form 2/DOB Date' is clicked on

2019-01-08 17:56:24 - [TEST_STEP][PASSED] - delay: Delayed 2 second(s)

2019-01-08 17:56:26 - [MESSAGE][PASSED] - Delayed 2 second(s)

2019-01-08 17:56:26 - [TEST_STEP][PASSED] - click: Object: 'Object Repository/Final Object Repo/New Registration - Registration Module Pages/Form 2/EmploymentStartDate Pop Up' is clicked on

2019-01-08 17:56:26 - [MESSAGE][PASSED] - Object: 'Object Repository/Final Object Repo/New Registration - Registration Module Pages/Form 2/EmploymentStartDate Pop Up' is clicked on

2019-01-08 17:56:26 - [TEST_STEP][PASSED] - delay: Delayed 2 second(s)

2019-01-08 17:56:28 - [MESSAGE][PASSED] - Delayed 2 second(s)

2019-01-08 17:56:28 - [TEST_STEP][PASSED] - click: Object: 'Object Repository/Final Object Repo/New Registration - Registration Module Pages/Form 2/Socso Employment StartDate Month' is clicked on

2019-01-08 17:56:29 - [MESSAGE][PASSED] - Object: 'Object Repository/Final Object Repo/New Registration - Registration Module Pages/Form 2/Socso Employment StartDate Month' is clicked on

2019-01-08 17:56:29 - [TEST_STEP][PASSED] - delay: Delayed 1 second(s)

2019-01-08 17:56:30 - [MESSAGE][PASSED] - Delayed 1 second(s)

2019-01-08 17:56:30 - [TEST_STEP][PASSED] - click: Object: 'Object Repository/Final Object Repo/New Registration - Registration Module Pages/Form 2/Select Socso Employement Startdate Month' is clicked on

2019-01-08 17:56:30 - [MESSAGE][PASSED] - Object: 'Object Repository/Final Object Repo/New Registration - Registration Module Pages/Form 2/Select Socso Employement Startdate Month' is clicked on

2019-01-08 17:56:30 - [TEST_STEP][PASSED] - delay: Delayed 2 second(s)

2019-01-08 17:56:32 - [MESSAGE][PASSED] - Delayed 2 second(s)

2019-01-08 17:56:32 - [TEST_STEP][PASSED] - click: Object: 'Object Repository/Final Object Repo/New Registration - Registration Module Pages/Form 2/Socso Employment StartDate Year' is clicked on

2019-01-08 17:56:32 - [MESSAGE][PASSED] - Object: 'Object Repository/Final Object Repo/New Registration - Registration Module Pages/Form 2/Socso Employment StartDate Year' is clicked on

2019-01-08 17:56:32 - [TEST_STEP][PASSED] - delay: Delayed 1 second(s)

2019-01-08 17:56:33 - [MESSAGE][PASSED] - Delayed 1 second(s)

2019-01-08 17:56:33 - [TEST_STEP][PASSED] - click: Object: 'Object Repository/Final Object Repo/New Registration - Registration Module Pages/Form 2/Select Socso Employment Startdate Year' is clicked on

2019-01-08 17:56:33 - [MESSAGE][PASSED] - Object: 'Object Repository/Final Object Repo/New Registration - Registration Module Pages/Form 2/Select Socso Employment Startdate Year' is clicked on

2019-01-08 17:56:33 - [TEST_STEP][PASSED] - delay: Delayed 2 second(s)

2019-01-08 17:56:35 - [MESSAGE][PASSED] - Delayed 2 second(s)

2019-01-08 17:56:35 - [TEST_STEP][PASSED] - click: Object: 'Object Repository/Final Object Repo/New Registration - Registration Module Pages/Form 2/Socso Employment Start Date Day' is clicked on

2019-01-08 17:56:35 - [MESSAGE][PASSED] - Object: 'Object Repository/Final Object Repo/New Registration - Registration Module Pages/Form 2/Socso Employment Start Date Day' is clicked on

2019-01-08 17:56:35 - [TEST_STEP][PASSED] - delay: Delayed 2 second(s)

2019-01-08 17:56:37 - [MESSAGE][PASSED] - Delayed 2 second(s)

2019-01-08 17:56:37 - [TEST_STEP][PASSED] - click: Object: 'Object Repository/Final Object Repo/New Registration - Registration Module Pages/Form 2/Save Button for Add Employee' is clicked on

2019-01-08 17:56:37 - [MESSAGE][PASSED] - Object: 'Object Repository/Final Object Repo/New Registration - Registration Module Pages/Form 2/Save Button for Add Employee' is clicked on

2019-01-08 17:56:37 - [TEST_STEP][PASSED] - delay: Delayed 4 second(s)

2019-01-08 17:56:41 - [MESSAGE][PASSED] - Delayed 4 second(s)

2019-01-08 17:56:41 - [TEST_STEP][PASSED] - delay: Delayed 30 second(s)

2019-01-08 17:57:11 - [MESSAGE][PASSED] - Delayed 30 second(s)

2019-01-08 17:57:11 - [TEST_STEP][PASSED] - click: Object: 'Object Repository/Final Object Repo/New Registration - Registration Module Pages/Form 2/Add Employee Button' is clicked on

2019-01-08 17:57:12 - [MESSAGE][PASSED] - Object: 'Object Repository/Final Object Repo/New Registration - Registration Module Pages/Form 2/Add Employee Button' is clicked on

2019-01-08 17:57:12 - [TEST_STEP][PASSED] - delay: Delayed 4 second(s)

2019-01-08 17:57:16 - [MESSAGE][PASSED] - Delayed 4 second(s)

2019-01-08 17:57:16 - [TEST_STEP][PASSED] - setText: Text '000209039145' is set on object 'Object Repository/Final Object Repo/New Registration - Registration Module Pages/Form 2/NRIC Input'

2019-01-08 17:57:16 - [MESSAGE][PASSED] - Text '000209039145' is set on object 'Object Repository/Final Object Repo/New Registration - Registration Module Pages/Form 2/NRIC Input'

2019-01-08 17:57:16 - [TEST_STEP][PASSED] - click: Object: 'Object Repository/Final Object Repo/New Registration - Registration Module Pages/Form 2/button for search for IC' is clicked on

2019-01-08 17:57:16 - [MESSAGE][PASSED] - Object: 'Object Repository/Final Object Repo/New Registration - Registration Module Pages/Form 2/button for search for IC' is clicked on

2019-01-08 17:57:16 - [TEST_STEP][PASSED] - delay: Delayed 2 second(s)

2019-01-08 17:57:18 - [MESSAGE][PASSED] - Delayed 2 second(s)

2019-01-08 17:57:18 - [TEST_STEP][PASSED] - setText: Text 'Automate001 not eligible 1' is set on object 'Object Repository/Final Object Repo/New Registration - Registration Module Pages/Form 2/Employee Name Input'

2019-01-08 17:57:19 - [MESSAGE][PASSED] - Text 'Automate001 not eligible 1' is set on object 'Object Repository/Final Object Repo/New Registration - Registration Module Pages/Form 2/Employee Name Input'

2019-01-08 17:57:19 - [TEST_STEP][PASSED] - delay: Delayed 2 second(s)

2019-01-08 17:57:21 - [MESSAGE][PASSED] - Delayed 2 second(s)

2019-01-08 17:57:21 - [TEST_STEP][PASSED] - click: Object: 'Object Repository/Final Object Repo/New Registration - Registration Module Pages/Form 2/DatePicker Pop Up' is clicked on

2019-01-08 17:57:21 - [MESSAGE][PASSED] - Object: 'Object Repository/Final Object Repo/New Registration - Registration Module Pages/Form 2/DatePicker Pop Up' is clicked on

2019-01-08 17:57:21 - [TEST_STEP][PASSED] - delay: Delayed 2 second(s)

2019-01-08 17:57:23 - [MESSAGE][PASSED] - Delayed 2 second(s)

2019-01-08 17:57:23 - [TEST_STEP][PASSED] - click: Object: 'Object Repository/Final Object Repo/New Registration - Registration Module Pages/Form 2/DOB Month' is clicked on

2019-01-08 17:57:23 - [MESSAGE][PASSED] - Object: 'Object Repository/Final Object Repo/New Registration - Registration Module Pages/Form 2/DOB Month' is clicked on

2019-01-08 17:57:23 - [TEST_STEP][PASSED] - Statement - selectMonth = com.kms.katalon.core.webui.keyword.WebUiBuiltInKeywords.modifyObjectProperty(selectMonth, "xpath", "equals", "//body/div/div/div/select/option[@value="" + CurrentMonth + ""]", true): Modify property of object successfully

2019-01-08 17:57:23 - [MESSAGE][PASSED] - Modify property of object successfully

2019-01-08 17:57:23 - [TEST_STEP][PASSED] - click: Object: '' is clicked on

2019-01-08 17:57:23 - [MESSAGE][PASSED] - Object: '' is clicked on

2019-01-08 17:57:23 - [TEST_STEP][PASSED] - click: Object: 'Object Repository/Final Object Repo/New Registration - Registration Module Pages/Form 2/DOB Year' is clicked on

2019-01-08 17:57:23 - [MESSAGE][PASSED] - Object: 'Object Repository/Final Object Repo/New Registration - Registration Module Pages/Form 2/DOB Year' is clicked on

2019-01-08 17:57:23 - [TEST_STEP][PASSED] - Statement - selectYear = com.kms.katalon.core.webui.keyword.WebUiBuiltInKeywords.modifyObjectProperty(selectYear, "xpath", "equals", "//div/div/div/select/option[@value="" + EighteenYrsBefore + ""]", true): Modify property of object successfully

2019-01-08 17:57:23 - [MESSAGE][PASSED] - Modify property of object successfully

2019-01-08 17:57:23 - [TEST_STEP][PASSED] - click: Object: '' is clicked on

2019-01-08 17:57:23 - [MESSAGE][PASSED] - Object: '' is clicked on

2019-01-08 17:57:23 - [TEST_STEP][PASSED] - Statement - UpdatedSelectDate = com.kms.katalon.core.webui.keyword.WebUiBuiltInKeywords.modifyObjectProperty(com.kms.katalon.core.testobject.ObjectRepository.findTestObject(Final Object Repo/New Registration - Registration Module Pages/Form 2/DOB Date), "xpath", "equals", "//body/div/table/tbody/tr/td/a[text()="" + OneDayBefore + ""]", true): Modify property of object successfully

2019-01-08 17:57:23 - [MESSAGE][PASSED] - Modify property of object successfully

2019-01-08 17:57:23 - [TEST_STEP][PASSED] - click: Object: 'Object Repository/Final Object Repo/New Registration - Registration Module Pages/Form 2/DOB Date' is clicked on

2019-01-08 17:57:24 - [MESSAGE][PASSED] - Object: 'Object Repository/Final Object Repo/New Registration - Registration Module Pages/Form 2/DOB Date' is clicked on

2019-01-08 17:57:24 - [TEST_STEP][PASSED] - delay: Delayed 2 second(s)

2019-01-08 17:57:26 - [MESSAGE][PASSED] - Delayed 2 second(s)

2019-01-08 17:57:26 - [TEST_STEP][PASSED] - click: Object: 'Object Repository/Final Object Repo/New Registration - Registration Module Pages/Form 2/EmploymentStartDate Pop Up' is clicked on

2019-01-08 17:57:26 - [MESSAGE][PASSED] - Object: 'Object Repository/Final Object Repo/New Registration - Registration Module Pages/Form 2/EmploymentStartDate Pop Up' is clicked on

2019-01-08 17:57:26 - [TEST_STEP][PASSED] - delay: Delayed 2 second(s)

2019-01-08 17:57:28 - [MESSAGE][PASSED] - Delayed 2 second(s)

2019-01-08 17:57:28 - [TEST_STEP][PASSED] - click: Object: 'Object Repository/Final Object Repo/New Registration - Registration Module Pages/Form 2/Socso Employment StartDate Month' is clicked on

2019-01-08 17:57:28 - [MESSAGE][PASSED] - Object: 'Object Repository/Final Object Repo/New Registration - Registration Module Pages/Form 2/Socso Employment StartDate Month' is clicked on

2019-01-08 17:57:28 - [TEST_STEP][PASSED] - delay: Delayed 1 second(s)

2019-01-08 17:57:29 - [MESSAGE][PASSED] - Delayed 1 second(s)

2019-01-08 17:57:29 - [TEST_STEP][PASSED] - click: Object: 'Object Repository/Final Object Repo/New Registration - Registration Module Pages/Form 2/Select Socso Employement Startdate Month' is clicked on

2019-01-08 17:57:29 - [MESSAGE][PASSED] - Object: 'Object Repository/Final Object Repo/New Registration - Registration Module Pages/Form 2/Select Socso Employement Startdate Month' is clicked on

2019-01-08 17:57:29 - [TEST_STEP][PASSED] - delay: Delayed 2 second(s)

2019-01-08 17:57:31 - [MESSAGE][PASSED] - Delayed 2 second(s)

2019-01-08 17:57:31 - [TEST_STEP][PASSED] - click: Object: 'Object Repository/Final Object Repo/New Registration - Registration Module Pages/Form 2/Socso Employment StartDate Year' is clicked on

2019-01-08 17:57:31 - [MESSAGE][PASSED] - Object: 'Object Repository/Final Object Repo/New Registration - Registration Module Pages/Form 2/Socso Employment StartDate Year' is clicked on

2019-01-08 17:57:31 - [TEST_STEP][PASSED] - delay: Delayed 1 second(s)

2019-01-08 17:57:32 - [MESSAGE][PASSED] - Delayed 1 second(s)

2019-01-08 17:57:32 - [TEST_STEP][PASSED] - click: Object: 'Object Repository/Final Object Repo/New Registration - Registration Module Pages/Form 2/Select Socso Employment Startdate Year' is clicked on

2019-01-08 17:57:32 - [MESSAGE][PASSED] - Object: 'Object Repository/Final Object Repo/New Registration - Registration Module Pages/Form 2/Select Socso Employment Startdate Year' is clicked on

2019-01-08 17:57:32 - [TEST_STEP][PASSED] - delay: Delayed 2 second(s)

2019-01-08 17:57:34 - [MESSAGE][PASSED] - Delayed 2 second(s)

2019-01-08 17:57:34 - [TEST_STEP][PASSED] - click: Object: 'Object Repository/Final Object Repo/New Registration - Registration Module Pages/Form 2/Socso Employment Start Date Day' is clicked on

2019-01-08 17:57:35 - [MESSAGE][PASSED] - Object: 'Object Repository/Final Object Repo/New Registration - Registration Module Pages/Form 2/Socso Employment Start Date Day' is clicked on

2019-01-08 17:57:35 - [TEST_STEP][PASSED] - delay: Delayed 2 second(s)

2019-01-08 17:57:37 - [MESSAGE][PASSED] - Delayed 2 second(s)

2019-01-08 17:57:37 - [TEST_STEP][PASSED] - click: Object: 'Object Repository/Final Object Repo/New Registration - Registration Module Pages/Form 2/Save Button for Add Employee' is clicked on

2019-01-08 17:57:37 - [MESSAGE][PASSED] - Object: 'Object Repository/Final Object Repo/New Registration - Registration Module Pages/Form 2/Save Button for Add Employee' is clicked on

2019-01-08 17:57:37 - [TEST_STEP][PASSED] - delay: Delayed 6 second(s)

2019-01-08 17:57:43 - [MESSAGE][PASSED] - Delayed 6 second(s)

2019-01-08 17:57:43 - [TEST_STEP][PASSED] - click: Object: 'Object Repository/Final Object Repo/New Registration - Registration Module Pages/Form 2/Add Employee Button' is clicked on

2019-01-08 17:57:43 - [MESSAGE][PASSED] - Object: 'Object Repository/Final Object Repo/New Registration - Registration Module Pages/Form 2/Add Employee Button' is clicked on

2019-01-08 17:57:43 - [TEST_STEP][PASSED] - delay: Delayed 4 second(s)

2019-01-08 17:57:47 - [MESSAGE][PASSED] - Delayed 4 second(s)

2019-01-08 17:57:47 - [TEST_STEP][PASSED] - setText: Text '600203039154' is set on object 'Object Repository/Final Object Repo/New Registration - Registration Module Pages/Form 2/NRIC Input'

2019-01-08 17:57:47 - [MESSAGE][PASSED] - Text '600203039154' is set on object 'Object Repository/Final Object Repo/New Registration - Registration Module Pages/Form 2/NRIC Input'

2019-01-08 17:57:47 - [TEST_STEP][PASSED] - click: Object: 'Object Repository/Final Object Repo/New Registration - Registration Module Pages/Form 2/button for search for IC' is clicked on

2019-01-08 17:57:47 - [MESSAGE][PASSED] - Object: 'Object Repository/Final Object Repo/New Registration - Registration Module Pages/Form 2/button for search for IC' is clicked on

2019-01-08 17:57:47 - [TEST_STEP][PASSED] - delay: Delayed 2 second(s)

2019-01-08 17:57:49 - [MESSAGE][PASSED] - Delayed 2 second(s)

2019-01-08 17:57:49 - [TEST_STEP][PASSED] - setText: Text 'Automate001 not eligible 2' is set on object 'Object Repository/Final Object Repo/New Registration - Registration Module Pages/Form 2/Employee Name Input'

2019-01-08 17:57:50 - [MESSAGE][PASSED] - Text 'Automate001 not eligible 2' is set on object 'Object Repository/Final Object Repo/New Registration - Registration Module Pages/Form 2/Employee Name Input'

2019-01-08 17:57:50 - [TEST_STEP][PASSED] - delay: Delayed 2 second(s)

2019-01-08 17:57:52 - [MESSAGE][PASSED] - Delayed 2 second(s)

2019-01-08 17:57:52 - [TEST_STEP][PASSED] - click: Object: 'Object Repository/Final Object Repo/New Registration - Registration Module Pages/Form 2/DatePicker Pop Up' is clicked on

2019-01-08 17:57:52 - [MESSAGE][PASSED] - Object: 'Object Repository/Final Object Repo/New Registration - Registration Module Pages/Form 2/DatePicker Pop Up' is clicked on

2019-01-08 17:57:52 - [TEST_STEP][PASSED] - delay: Delayed 2 second(s)

2019-01-08 17:57:54 - [MESSAGE][PASSED] - Delayed 2 second(s)

2019-01-08 17:57:54 - [TEST_STEP][PASSED] - click: Object: 'Object Repository/Final Object Repo/New Registration - Registration Module Pages/Form 2/DOB Month' is clicked on

2019-01-08 17:57:55 - [MESSAGE][PASSED] - Object: 'Object Repository/Final Object Repo/New Registration - Registration Module Pages/Form 2/DOB Month' is clicked on

2019-01-08 17:57:55 - [TEST_STEP][PASSED] - Statement - selectMonth = com.kms.katalon.core.webui.keyword.WebUiBuiltInKeywords.modifyObjectProperty(selectMonth, "xpath", "equals", "//body/div/div/div/select/option[@value="" + CurrentMonth + ""]", true): Modify property of object successfully

2019-01-08 17:57:55 - [MESSAGE][PASSED] - Modify property of object successfully

2019-01-08 17:57:55 - [TEST_STEP][PASSED] - click: Object: '' is clicked on

2019-01-08 17:57:55 - [MESSAGE][PASSED] - Object: '' is clicked on

2019-01-08 17:57:55 - [TEST_STEP][PASSED] - click: Object: 'Object Repository/Final Object Repo/New Registration - Registration Module Pages/Form 2/DOB Year' is clicked on

2019-01-08 17:57:55 - [MESSAGE][PASSED] - Object: 'Object Repository/Final Object Repo/New Registration - Registration Module Pages/Form 2/DOB Year' is clicked on

2019-01-08 17:57:55 - [TEST_STEP][PASSED] - Statement - selectYear = com.kms.katalon.core.webui.keyword.WebUiBuiltInKeywords.modifyObjectProperty(selectYear, "xpath", "equals", "//div/div/div/select/option[@value="" + FiftysevenYrsBefore + ""]", true): Modify property of object successfully

2019-01-08 17:57:55 - [MESSAGE][PASSED] - Modify property of object successfully

2019-01-08 17:57:55 - [TEST_STEP][PASSED] - click: Object: '' is clicked on

2019-01-08 17:57:55 - [MESSAGE][PASSED] - Object: '' is clicked on

2019-01-08 17:57:55 - [TEST_STEP][PASSED] - Statement - UpdatedSelectDate = com.kms.katalon.core.webui.keyword.WebUiBuiltInKeywords.modifyObjectProperty(com.kms.katalon.core.testobject.ObjectRepository.findTestObject(Final Object Repo/New Registration - Registration Module Pages/Form 2/DOB Date), "xpath", "equals", "//body/div/table/tbody/tr/td/a[text()="" + CurrentDate + ""]", true): Modify property of object successfully

2019-01-08 17:57:55 - [MESSAGE][PASSED] - Modify property of object successfully

2019-01-08 17:57:55 - [TEST_STEP][PASSED] - click: Object: 'Object Repository/Final Object Repo/New Registration - Registration Module Pages/Form 2/DOB Date' is clicked on

2019-01-08 17:57:55 - [MESSAGE][PASSED] - Object: 'Object Repository/Final Object Repo/New Registration - Registration Module Pages/Form 2/DOB Date' is clicked on

2019-01-08 17:57:55 - [TEST_STEP][PASSED] - click: Object: 'Object Repository/Final Object Repo/New Registration - Registration Module Pages/Form 2/EmploymentStartDate Pop Up' is clicked on

2019-01-08 17:57:55 - [MESSAGE][PASSED] - Object: 'Object Repository/Final Object Repo/New Registration - Registration Module Pages/Form 2/EmploymentStartDate Pop Up' is clicked on

2019-01-08 17:57:55 - [TEST_STEP][PASSED] - delay: Delayed 2 second(s)

2019-01-08 17:57:57 - [MESSAGE][PASSED] - Delayed 2 second(s)

2019-01-08 17:57:57 - [TEST_STEP][PASSED] - click: Object: 'Object Repository/Final Object Repo/New Registration - Registration Module Pages/Form 2/Socso Employment StartDate Month' is clicked on

2019-01-08 17:57:57 - [MESSAGE][PASSED] - Object: 'Object Repository/Final Object Repo/New Registration - Registration Module Pages/Form 2/Socso Employment StartDate Month' is clicked on

2019-01-08 17:57:57 - [TEST_STEP][PASSED] - delay: Delayed 1 second(s)

2019-01-08 17:57:58 - [MESSAGE][PASSED] - Delayed 1 second(s)

2019-01-08 17:57:58 - [TEST_STEP][PASSED] - click: Object: 'Object Repository/Final Object Repo/New Registration - Registration Module Pages/Form 2/Select Socso Employement Startdate Month' is clicked on

2019-01-08 17:57:59 - [MESSAGE][PASSED] - Object: 'Object Repository/Final Object Repo/New Registration - Registration Module Pages/Form 2/Select Socso Employement Startdate Month' is clicked on

2019-01-08 17:57:59 - [TEST_STEP][PASSED] - delay: Delayed 2 second(s)

2019-01-08 17:58:01 - [MESSAGE][PASSED] - Delayed 2 second(s)

2019-01-08 17:58:01 - [TEST_STEP][PASSED] - click: Object: 'Object Repository/Final Object Repo/New Registration - Registration Module Pages/Form 2/Socso Employment StartDate Year' is clicked on

2019-01-08 17:58:01 - [MESSAGE][PASSED] - Object: 'Object Repository/Final Object Repo/New Registration - Registration Module Pages/Form 2/Socso Employment StartDate Year' is clicked on

2019-01-08 17:58:01 - [TEST_STEP][PASSED] - delay: Delayed 1 second(s)

2019-01-08 17:58:02 - [MESSAGE][PASSED] - Delayed 1 second(s)

2019-01-08 17:58:02 - [TEST_STEP][PASSED] - click: Object: 'Object Repository/Final Object Repo/New Registration - Registration Module Pages/Form 2/Select Socso Employment Startdate Year' is clicked on

2019-01-08 17:58:02 - [MESSAGE][PASSED] - Object: 'Object Repository/Final Object Repo/New Registration - Registration Module Pages/Form 2/Select Socso Employment Startdate Year' is clicked on

2019-01-08 17:58:02 - [TEST_STEP][PASSED] - delay: Delayed 2 second(s)

2019-01-08 17:58:04 - [MESSAGE][PASSED] - Delayed 2 second(s)

2019-01-08 17:58:04 - [TEST_STEP][PASSED] - click: Object: 'Object Repository/Final Object Repo/New Registration - Registration Module Pages/Form 2/Socso Employment Start Date Day' is clicked on

2019-01-08 17:58:04 - [MESSAGE][PASSED] - Object: 'Object Repository/Final Object Repo/New Registration - Registration Module Pages/Form 2/Socso Employment Start Date Day' is clicked on

2019-01-08 17:58:04 - [TEST_STEP][PASSED] - delay: Delayed 2 second(s)

2019-01-08 17:58:06 - [MESSAGE][PASSED] - Delayed 2 second(s)

2019-01-08 17:58:06 - [TEST_STEP][PASSED] - click: Object: 'Object Repository/Final Object Repo/New Registration - Registration Module Pages/Form 2/Save Button for Add Employee' is clicked on

2019-01-08 17:58:06 - [MESSAGE][PASSED] - Object: 'Object Repository/Final Object Repo/New Registration - Registration Module Pages/Form 2/Save Button for Add Employee' is clicked on

2019-01-08 17:58:06 - [TEST_STEP][PASSED] - delay: Delayed 2 second(s)

2019-01-08 17:58:08 - [MESSAGE][PASSED] - Delayed 2 second(s)

2019-01-08 17:58:08 - [TEST_STEP][PASSED] - click: Object: 'Object Repository/Final Object Repo/New Registration - Registration Module Pages/Form 2/Save and Continue Form 2' is clicked on

2019-01-08 17:58:08 - [MESSAGE][PASSED] - Object: 'Object Repository/Final Object Repo/New Registration - Registration Module Pages/Form 2/Save and Continue Form 2' is clicked on

2019-01-08 17:58:08 - [MESSAGE][PASSED] - Call Test Case 'Test Cases/Final Aug 2018 - PKS Automation/Registration Module/New Registration/Form 2/Add 2 Eligible 2 Not Eligible' successfully

2019-01-08 17:58:08 - [TEST_STEP][PASSED] - callTestCase: Call Test Case 'Test Cases/Final Aug 2018 - PKS Automation/Registration Module/New Registration/Flow of New Registration/Third Screen - Upload Supporting Doc - Preview' successfully

2019-01-08 17:58:09 - [TEST_CASE][PASSED] - Test Cases/Final Aug 2018 - PKS Automation/Registration Module/New Registration/Flow of New Registration/Third Screen - Upload Supporting Doc - Preview: Test Cases/Final Aug 2018 - PKS Automation/Registration Module/New Registration/Flow of New Registration/Third Screen - Upload Supporting Doc - Preview

2019-01-08 17:58:09 - [TEST_STEP][PASSED] - waitForPageLoad: Wait for page load successfully

2019-01-08 17:58:09 - [MESSAGE][PASSED] - Wait for page load successfully

2019-01-08 17:58:09 - [TEST_STEP][PASSED] - Statement - CaseReferenceNo = com.kms.katalon.core.webui.keyword.WebUiBuiltInKeywords.getText(com.kms.katalon.core.testobject.ObjectRepository.findTestObject(Final Object Repo/New Registration - Registration Module Pages/Third Screen - Upload Supporting Doc- Preview/RefNo Acquiring)): Text of object 'Object Repository/Final Object Repo/New Registration - Registration Module Pages/Third Screen - Upload Supporting Doc- Preview/RefNo Acquiring' is: 'CRN01201900123645'

2019-01-08 17:58:09 - [MESSAGE][PASSED] - Text of object 'Object Repository/Final Object Repo/New Registration - Registration Module Pages/Third Screen - Upload Supporting Doc- Preview/RefNo Acquiring' is: 'CRN01201900123645'

2019-01-08 17:58:09 - [TEST_STEP][PASSED] - delay: Delayed 2 second(s)

2019-01-08 17:58:11 - [MESSAGE][PASSED] - Delayed 2 second(s)

2019-01-08 17:58:11 - [TEST_STEP][PASSED] - callTestCase: Call Test Case 'Test Cases/Final Aug 2018 - PKS Automation/Common/Reference Number Setter' successfully

2019-01-08 17:58:11 - [TEST_CASE][PASSED] - Test Cases/Final Aug 2018 - PKS Automation/Common/Reference Number Setter: Test Cases/Final Aug 2018 - PKS Automation/Common/Reference Number Setter

2019-01-08 17:58:11 - [TEST_STEP][PASSED] - Statement - RefNoOldFile = new java.io.File(C://Users//Admin//Desktop//PKS//Automation Reference Point//KatalonReference.txt): null

2019-01-08 17:58:11 - [TEST_STEP][PASSED] - Statement - RefNoOldFile.delete(): null

2019-01-08 17:58:11 - [TEST_STEP][PASSED] - delay: Delayed 5 second(s)

2019-01-08 17:58:16 - [MESSAGE][PASSED] - Delayed 5 second(s)

2019-01-08 17:58:16 - [TEST_STEP][PASSED] - Statement - RefNo = new java.io.File(C://Users//Admin//Desktop//PKS//Automation Reference Point//KatalonReference.txt): null

2019-01-08 17:58:16 - [TEST_STEP][PASSED] - Statement - f2 = new java.io.FileWriter(RefNo, false): null

2019-01-08 17:58:16 - [TEST_STEP][PASSED] - Statement - f2.write(CaseReferenceNo): null

2019-01-08 17:58:16 - [TEST_STEP][PASSED] - Statement - f2.close(): null

2019-01-08 17:58:16 - [TEST_STEP][PASSED] - Statement - out.println("


" + CaseReferenceNo + "


"): null

2019-01-08 17:58:16 - [MESSAGE][PASSED] - Call Test Case 'Test Cases/Final Aug 2018 - PKS Automation/Common/Reference Number Setter' successfully

2019-01-08 17:58:16 - [TEST_STEP][PASSED] - waitForElementClickable: Object 'Object Repository/Final Object Repo/New Registration - Registration Module Pages/Third Screen - Upload Supporting Doc- Preview/Save n Continue in SIP Employee Listing Page' is clickable

2019-01-08 17:58:17 - [MESSAGE][PASSED] - Object 'Object Repository/Final Object Repo/New Registration - Registration Module Pages/Third Screen - Upload Supporting Doc- Preview/Save n Continue in SIP Employee Listing Page' is clickable

2019-01-08 17:58:17 - [TEST_STEP][PASSED] - click: Object: 'Object Repository/Final Object Repo/New Registration - Registration Module Pages/Third Screen - Upload Supporting Doc- Preview/Save n Continue in SIP Employee Listing Page' is clicked on

2019-01-08 17:58:22 - [MESSAGE][PASSED] - Object: 'Object Repository/Final Object Repo/New Registration - Registration Module Pages/Third Screen - Upload Supporting Doc- Preview/Save n Continue in SIP Employee Listing Page' is clicked on

2019-01-08 17:58:22 - [TEST_STEP][PASSED] - delay: Delayed 7 second(s)

2019-01-08 17:58:29 - [MESSAGE][PASSED] - Delayed 7 second(s)

2019-01-08 17:58:29 - [TEST_STEP][PASSED] - click: Object: 'Object Repository/Final Object Repo/New Registration - Registration Module Pages/Third Screen - Upload Supporting Doc- Preview/Add Document Button' is clicked on

2019-01-08 17:58:29 - [MESSAGE][PASSED] - Object: 'Object Repository/Final Object Repo/New Registration - Registration Module Pages/Third Screen - Upload Supporting Doc- Preview/Add Document Button' is clicked on

2019-01-08 17:58:29 - [TEST_STEP][PASSED] - delay: Delayed 30 second(s)

2019-01-08 17:58:59 - [MESSAGE][PASSED] - Delayed 30 second(s)

2019-01-08 17:58:59 - [TEST_STEP][PASSED] - click: Object: 'Object Repository/Final Object Repo/New Registration - Registration Module Pages/Third Screen - Upload Supporting Doc- Preview/Supporting Doc Please Select Drop Down' is clicked on

2019-01-08 17:59:00 - [MESSAGE][PASSED] - Object: 'Object Repository/Final Object Repo/New Registration - Registration Module Pages/Third Screen - Upload Supporting Doc- Preview/Supporting Doc Please Select Drop Down' is clicked on

2019-01-08 17:59:00 - [TEST_STEP][PASSED] - delay: Delayed 2 second(s)

2019-01-08 17:59:02 - [MESSAGE][PASSED] - Delayed 2 second(s)

2019-01-08 17:59:02 - [TEST_STEP][PASSED] - click: Object: 'Object Repository/Final Object Repo/New Registration - Registration Module Pages/Third Screen - Upload Supporting Doc- Preview/Select to Upload Form 1' is clicked on

2019-01-08 17:59:02 - [MESSAGE][PASSED] - Object: 'Object Repository/Final Object Repo/New Registration - Registration Module Pages/Third Screen - Upload Supporting Doc- Preview/Select to Upload Form 1' is clicked on

2019-01-08 17:59:02 - [TEST_STEP][PASSED] - delay: Delayed 2 second(s)

2019-01-08 17:59:04 - [MESSAGE][PASSED] - Delayed 2 second(s)

2019-01-08 17:59:04 - [TEST_STEP][PASSED] - uploadFile: File 'C:\Users\Public\Pictures\Sample Pictures\Koala.jpg' sent to object: 'Object Repository/Final Object Repo/New Registration - Registration Module Pages/Third Screen - Upload Supporting Doc- Preview/Upload File Adding'

2019-01-08 17:59:04 - [MESSAGE][PASSED] - File 'C:\Users\Public\Pictures\Sample Pictures\Koala.jpg' sent to object: 'Object Repository/Final Object Repo/New Registration - Registration Module Pages/Third Screen - Upload Supporting Doc- Preview/Upload File Adding'

2019-01-08 17:59:04 - [TEST_STEP][PASSED] - delay: Delayed 5 second(s)

2019-01-08 17:59:09 - [MESSAGE][PASSED] - Delayed 5 second(s)

2019-01-08 17:59:09 - [TEST_STEP][PASSED] - click: Object: 'Object Repository/Final Object Repo/New Registration - Registration Module Pages/Third Screen - Upload Supporting Doc- Preview/Inner Form Add Document Button' is clicked on

2019-01-08 17:59:09 - [MESSAGE][PASSED] - Object: 'Object Repository/Final Object Repo/New Registration - Registration Module Pages/Third Screen - Upload Supporting Doc- Preview/Inner Form Add Document Button' is clicked on

2019-01-08 17:59:09 - [TEST_STEP][PASSED] - delay: Delayed 3 second(s)

2019-01-08 17:59:12 - [MESSAGE][PASSED] - Delayed 3 second(s)

2019-01-08 17:59:12 - [TEST_STEP][PASSED] - click: Object: 'Object Repository/Final Object Repo/New Registration - Registration Module Pages/Third Screen - Upload Supporting Doc- Preview/Add Document Button' is clicked on

2019-01-08 17:59:14 - [MESSAGE][PASSED] - Object: 'Object Repository/Final Object Repo/New Registration - Registration Module Pages/Third Screen - Upload Supporting Doc- Preview/Add Document Button' is clicked on

2019-01-08 17:59:14 - [TEST_STEP][PASSED] - delay: Delayed 30 second(s)

2019-01-08 17:59:44 - [MESSAGE][PASSED] - Delayed 30 second(s)

2019-01-08 17:59:44 - [TEST_STEP][PASSED] - click: Object: 'Object Repository/Final Object Repo/New Registration - Registration Module Pages/Third Screen - Upload Supporting Doc- Preview/Supporting Doc Please Select Drop Down' is clicked on

2019-01-08 17:59:44 - [MESSAGE][PASSED] - Object: 'Object Repository/Final Object Repo/New Registration - Registration Module Pages/Third Screen - Upload Supporting Doc- Preview/Supporting Doc Please Select Drop Down' is clicked on

2019-01-08 17:59:44 - [TEST_STEP][PASSED] - delay: Delayed 4 second(s)

2019-01-08 17:59:48 - [MESSAGE][PASSED] - Delayed 4 second(s)

2019-01-08 17:59:48 - [TEST_STEP][PASSED] - click: Object: 'Object Repository/Final Object Repo/New Registration - Registration Module Pages/Third Screen - Upload Supporting Doc- Preview/Select to Upload Form 2' is clicked on

2019-01-08 17:59:48 - [MESSAGE][PASSED] - Object: 'Object Repository/Final Object Repo/New Registration - Registration Module Pages/Third Screen - Upload Supporting Doc- Preview/Select to Upload Form 2' is clicked on

2019-01-08 17:59:48 - [TEST_STEP][PASSED] - delay: Delayed 2 second(s)

2019-01-08 17:59:50 - [MESSAGE][PASSED] - Delayed 2 second(s)

2019-01-08 17:59:50 - [TEST_STEP][PASSED] - uploadFile: File 'C:\Users\Public\Pictures\Sample Pictures\Koala.jpg' sent to object: 'Object Repository/Final Object Repo/New Registration - Registration Module Pages/Third Screen - Upload Supporting Doc- Preview/Upload File Adding'

2019-01-08 17:59:50 - [MESSAGE][PASSED] - File 'C:\Users\Public\Pictures\Sample Pictures\Koala.jpg' sent to object: 'Object Repository/Final Object Repo/New Registration - Registration Module Pages/Third Screen - Upload Supporting Doc- Preview/Upload File Adding'

2019-01-08 17:59:50 - [TEST_STEP][PASSED] - click: Object: 'Object Repository/Final Object Repo/New Registration - Registration Module Pages/Third Screen - Upload Supporting Doc- Preview/Inner Form Add Document Button' is clicked on

2019-01-08 17:59:50 - [MESSAGE][PASSED] - Object: 'Object Repository/Final Object Repo/New Registration - Registration Module Pages/Third Screen - Upload Supporting Doc- Preview/Inner Form Add Document Button' is clicked on

2019-01-08 17:59:50 - [TEST_STEP][PASSED] - delay: Delayed 5 second(s)

2019-01-08 17:59:55 - [MESSAGE][PASSED] - Delayed 5 second(s)

2019-01-08 17:59:55 - [TEST_STEP][PASSED] - click: Object: 'Object Repository/Final Object Repo/New Registration - Registration Module Pages/Third Screen - Upload Supporting Doc- Preview/Add Document Button' is clicked on

2019-01-08 17:59:56 - [MESSAGE][PASSED] - Object: 'Object Repository/Final Object Repo/New Registration - Registration Module Pages/Third Screen - Upload Supporting Doc- Preview/Add Document Button' is clicked on

2019-01-08 17:59:56 - [TEST_STEP][PASSED] - delay: Delayed 30 second(s)

2019-01-08 18:00:26 - [MESSAGE][PASSED] - Delayed 30 second(s)

2019-01-08 18:00:26 - [TEST_STEP][PASSED] - click: Object: 'Object Repository/Final Object Repo/New Registration - Registration Module Pages/Third Screen - Upload Supporting Doc- Preview/Supporting Doc Please Select Drop Down' is clicked on

2019-01-08 18:00:26 - [MESSAGE][PASSED] - Object: 'Object Repository/Final Object Repo/New Registration - Registration Module Pages/Third Screen - Upload Supporting Doc- Preview/Supporting Doc Please Select Drop Down' is clicked on

2019-01-08 18:00:26 - [TEST_STEP][PASSED] - click: Object: 'Object Repository/Final Object Repo/New Registration - Registration Module Pages/Third Screen - Upload Supporting Doc- Preview/Select to Upload Borang SIP 1' is clicked on

2019-01-08 18:00:26 - [MESSAGE][PASSED] - Object: 'Object Repository/Final Object Repo/New Registration - Registration Module Pages/Third Screen - Upload Supporting Doc- Preview/Select to Upload Borang SIP 1' is clicked on

2019-01-08 18:00:26 - [TEST_STEP][PASSED] - delay: Delayed 2 second(s)

2019-01-08 18:00:28 - [MESSAGE][PASSED] - Delayed 2 second(s)

2019-01-08 18:00:28 - [TEST_STEP][PASSED] - uploadFile: File 'C:\Users\Public\Pictures\Sample Pictures\Koala.jpg' sent to object: 'Object Repository/Final Object Repo/New Registration - Registration Module Pages/Third Screen - Upload Supporting Doc- Preview/Upload File Adding'

2019-01-08 18:00:28 - [MESSAGE][PASSED] - File 'C:\Users\Public\Pictures\Sample Pictures\Koala.jpg' sent to object: 'Object Repository/Final Object Repo/New Registration - Registration Module Pages/Third Screen - Upload Supporting Doc- Preview/Upload File Adding'

2019-01-08 18:00:28 - [TEST_STEP][PASSED] - click: Object: 'Object Repository/Final Object Repo/New Registration - Registration Module Pages/Third Screen - Upload Supporting Doc- Preview/Inner Form Add Document Button' is clicked on

2019-01-08 18:00:28 - [MESSAGE][PASSED] - Object: 'Object Repository/Final Object Repo/New Registration - Registration Module Pages/Third Screen - Upload Supporting Doc- Preview/Inner Form Add Document Button' is clicked on

2019-01-08 18:00:28 - [TEST_STEP][PASSED] - delay: Delayed 5 second(s)

2019-01-08 18:00:33 - [MESSAGE][PASSED] - Delayed 5 second(s)

2019-01-08 18:00:33 - [TEST_STEP][PASSED] - click: Object: 'Object Repository/Final Object Repo/New Registration - Registration Module Pages/Third Screen - Upload Supporting Doc- Preview/Add Document Button' is clicked on

2019-01-08 18:00:33 - [MESSAGE][PASSED] - Object: 'Object Repository/Final Object Repo/New Registration - Registration Module Pages/Third Screen - Upload Supporting Doc- Preview/Add Document Button' is clicked on

2019-01-08 18:00:33 - [TEST_STEP][PASSED] - delay: Delayed 30 second(s)

2019-01-08 18:01:03 - [MESSAGE][PASSED] - Delayed 30 second(s)

2019-01-08 18:01:03 - [TEST_STEP][PASSED] - click: Object: 'Object Repository/Final Object Repo/New Registration - Registration Module Pages/Third Screen - Upload Supporting Doc- Preview/Supporting Doc Please Select Drop Down' is clicked on

2019-01-08 18:01:04 - [MESSAGE][PASSED] - Object: 'Object Repository/Final Object Repo/New Registration - Registration Module Pages/Third Screen - Upload Supporting Doc- Preview/Supporting Doc Please Select Drop Down' is clicked on

2019-01-08 18:01:04 - [TEST_STEP][PASSED] - delay: Delayed 3 second(s)

2019-01-08 18:01:07 - [MESSAGE][PASSED] - Delayed 3 second(s)

2019-01-08 18:01:07 - [TEST_STEP][PASSED] - click: Object: 'Object Repository/Final Object Repo/New Registration - Registration Module Pages/Third Screen - Upload Supporting Doc- Preview/Select to Upload Borang SIP 2' is clicked on

2019-01-08 18:01:07 - [MESSAGE][PASSED] - Object: 'Object Repository/Final Object Repo/New Registration - Registration Module Pages/Third Screen - Upload Supporting Doc- Preview/Select to Upload Borang SIP 2' is clicked on

2019-01-08 18:01:07 - [TEST_STEP][PASSED] - delay: Delayed 2 second(s)

2019-01-08 18:01:09 - [MESSAGE][PASSED] - Delayed 2 second(s)

2019-01-08 18:01:09 - [TEST_STEP][PASSED] - uploadFile: File 'C:\Users\Public\Pictures\Sample Pictures\Koala.jpg' sent to object: 'Object Repository/Final Object Repo/New Registration - Registration Module Pages/Third Screen - Upload Supporting Doc- Preview/Upload File Adding'

2019-01-08 18:01:09 - [MESSAGE][PASSED] - File 'C:\Users\Public\Pictures\Sample Pictures\Koala.jpg' sent to object: 'Object Repository/Final Object Repo/New Registration - Registration Module Pages/Third Screen - Upload Supporting Doc- Preview/Upload File Adding'

2019-01-08 18:01:09 - [TEST_STEP][PASSED] - delay: Delayed 5 second(s)

2019-01-08 18:01:14 - [MESSAGE][PASSED] - Delayed 5 second(s)

2019-01-08 18:01:14 - [TEST_STEP][PASSED] - click: Object: 'Object Repository/Final Object Repo/New Registration - Registration Module Pages/Third Screen - Upload Supporting Doc- Preview/Inner Form Add Document Button' is clicked on

2019-01-08 18:01:14 - [MESSAGE][PASSED] - Object: 'Object Repository/Final Object Repo/New Registration - Registration Module Pages/Third Screen - Upload Supporting Doc- Preview/Inner Form Add Document Button' is clicked on

2019-01-08 18:01:14 - [TEST_STEP][PASSED] - delay: Delayed 3 second(s)

2019-01-08 18:01:17 - [MESSAGE][PASSED] - Delayed 3 second(s)

2019-01-08 18:01:17 - [TEST_STEP][PASSED] - waitForElementClickable: Object 'Object Repository/Final Object Repo/New Registration - Registration Module Pages/Third Screen - Upload Supporting Doc- Preview/Save n Continue in Uploading Supporting Doc Page' is clickable

2019-01-08 18:01:19 - [MESSAGE][PASSED] - Object 'Object Repository/Final Object Repo/New Registration - Registration Module Pages/Third Screen - Upload Supporting Doc- Preview/Save n Continue in Uploading Supporting Doc Page' is clickable

2019-01-08 18:01:19 - [TEST_STEP][PASSED] - click: Object: 'Object Repository/Final Object Repo/New Registration - Registration Module Pages/Third Screen - Upload Supporting Doc- Preview/Save n Continue in Uploading Supporting Doc Page' is clicked on

2019-01-08 18:01:19 - [MESSAGE][PASSED] - Object: 'Object Repository/Final Object Repo/New Registration - Registration Module Pages/Third Screen - Upload Supporting Doc- Preview/Save n Continue in Uploading Supporting Doc Page' is clicked on

2019-01-08 18:01:19 - [MESSAGE][PASSED] - Call Test Case 'Test Cases/Final Aug 2018 - PKS Automation/Registration Module/New Registration/Flow of New Registration/Third Screen - Upload Supporting Doc - Preview' successfully

2019-01-08 18:01:19 - [TEST_STEP][PASSED] - callTestCase: Call Test Case 'Test Cases/Final Aug 2018 - PKS Automation/Registration Module/New Registration/Submit and Screenshot/Submit Registration and Screenshot' successfully

2019-01-08 18:01:19 - [TEST_CASE][PASSED] - Test Cases/Final Aug 2018 - PKS Automation/Registration Module/New Registration/Submit and Screenshot/Submit Registration and Screenshot: Test Cases/Final Aug 2018 - PKS Automation/Registration Module/New Registration/Submit and Screenshot/Submit Registration and Screenshot

2019-01-08 18:01:19 - [TEST_STEP][PASSED] - delay: Delayed 6 second(s)

2019-01-08 18:01:25 - [MESSAGE][PASSED] - Delayed 6 second(s)

2019-01-08 18:01:25 - [TEST_STEP][PASSED] - click: Object: 'Object Repository/Final Object Repo/New Registration - Registration Module Pages/Third Screen - Upload Supporting Doc- Preview/Preview Submit Button' is clicked on

2019-01-08 18:01:25 - [MESSAGE][PASSED] - Object: 'Object Repository/Final Object Repo/New Registration - Registration Module Pages/Third Screen - Upload Supporting Doc- Preview/Preview Submit Button' is clicked on

2019-01-08 18:01:25 - [TEST_STEP][PASSED] - delay: Delayed 2 second(s)

2019-01-08 18:01:27 - [MESSAGE][PASSED] - Delayed 2 second(s)

2019-01-08 18:01:27 - [TEST_STEP][PASSED] - click: Object: 'Object Repository/Final Object Repo/New Registration - Registration Module Pages/Third Screen - Upload Supporting Doc- Preview/Preview Submit - Confirm' is clicked on

2019-01-08 18:01:27 - [MESSAGE][PASSED] - Object: 'Object Repository/Final Object Repo/New Registration - Registration Module Pages/Third Screen - Upload Supporting Doc- Preview/Preview Submit - Confirm' is clicked on

2019-01-08 18:01:27 - [TEST_STEP][PASSED] - delay: Delayed 15 second(s)

2019-01-08 18:01:42 - [MESSAGE][PASSED] - Delayed 15 second(s)

2019-01-08 18:01:42 - [TEST_STEP][PASSED] - Statement - driver = com.kms.katalon.core.webui.driver.DriverFactory.getWebDriver(): null

2019-01-08 18:01:42 - [TEST_STEP][PASSED] - Statement - driver.manage().timeouts().implicitlyWait(10, SECONDS): null

2019-01-08 18:01:42 - [TEST_STEP][PASSED] - Statement - PresavePath = KatalonScreenshots: null

2019-01-08 18:01:42 - [TEST_STEP][PASSED] - Statement - pathPrefix = "C:\Users\Public\Pictures\Sample Pictures\Katalon Screenshots\Automate Ending Screen": null

2019-01-08 18:01:42 - [TEST_STEP][PASSED] - Statement - finalPath = <not implemented yet for class: org.codehaus.groovy.ast.expr.EmptyExpression>: null

2019-01-08 18:01:42 - [TEST_STEP][PASSED] - Statement - scrFile = driver.getScreenshotAs(FILE): null

2019-01-08 18:01:43 - [TEST_STEP][PASSED] - Statement - PreSaveFile = new java.io.File(PresavePath): null

2019-01-08 18:01:43 - [TEST_STEP][PASSED] - Statement - counter = 0: null

2019-01-08 18:01:43 - [TEST_STEP][PASSED] - Statement - If (PreSaveFile.exists()): null

2019-01-08 18:01:43 - [TEST_STEP][PASSED] - Statement - While (PreSaveFile.exists()): null

2019-01-08 18:01:43 - [TEST_STEP][PASSED] - Statement - counter = counter + 1: null

2019-01-08 18:01:43 - [TEST_STEP][PASSED] - Statement - PreSaveFile = new java.io.File(((pathPrefix + java.lang.Integer.toString(counter)) + .png)): null

2019-01-08 18:01:43 - [TEST_STEP][PASSED] - Statement - counter = counter + 1: null

2019-01-08 18:01:43 - [TEST_STEP][PASSED] - Statement - PreSaveFile = new java.io.File(((pathPrefix + java.lang.Integer.toString(counter)) + .png)): null

2019-01-08 18:01:43 - [TEST_STEP][PASSED] - Statement - counter = counter + 1: null

2019-01-08 18:01:43 - [TEST_STEP][PASSED] - Statement - PreSaveFile = new java.io.File(((pathPrefix + java.lang.Integer.toString(counter)) + .png)): null

2019-01-08 18:01:43 - [TEST_STEP][PASSED] - Statement - counter = counter + 1: null

2019-01-08 18:01:43 - [TEST_STEP][PASSED] - Statement - PreSaveFile = new java.io.File(((pathPrefix + java.lang.Integer.toString(counter)) + .png)): null

2019-01-08 18:01:43 - [TEST_STEP][PASSED] - Statement - counter = counter + 1: null

2019-01-08 18:01:43 - [TEST_STEP][PASSED] - Statement - PreSaveFile = new java.io.File(((pathPrefix + java.lang.Integer.toString(counter)) + .png)): null

2019-01-08 18:01:43 - [TEST_STEP][PASSED] - Statement - counter = counter + 1: null

2019-01-08 18:01:43 - [TEST_STEP][PASSED] - Statement - PreSaveFile = new java.io.File(((pathPrefix + java.lang.Integer.toString(counter)) + .png)): null

2019-01-08 18:01:43 - [TEST_STEP][PASSED] - Statement - counter = counter + 1: null

2019-01-08 18:01:43 - [TEST_STEP][PASSED] - Statement - PreSaveFile = new java.io.File(((pathPrefix + java.lang.Integer.toString(counter)) + .png)): null

2019-01-08 18:01:43 - [TEST_STEP][PASSED] - Statement - counter = counter + 1: null

2019-01-08 18:01:43 - [TEST_STEP][PASSED] - Statement - PreSaveFile = new java.io.File(((pathPrefix + java.lang.Integer.toString(counter)) + .png)): null

2019-01-08 18:01:43 - [TEST_STEP][PASSED] - Statement - counter = counter + 1: null

2019-01-08 18:01:43 - [TEST_STEP][PASSED] - Statement - PreSaveFile = new java.io.File(((pathPrefix + java.lang.Integer.toString(counter)) + .png)): null

2019-01-08 18:01:43 - [TEST_STEP][PASSED] - Statement - counter = counter + 1: null

2019-01-08 18:01:43 - [TEST_STEP][PASSED] - Statement - PreSaveFile = new java.io.File(((pathPrefix + java.lang.Integer.toString(counter)) + .png)): null

2019-01-08 18:01:43 - [TEST_STEP][PASSED] - Statement - counter = counter + 1: null

2019-01-08 18:01:43 - [TEST_STEP][PASSED] - Statement - PreSaveFile = new java.io.File(((pathPrefix + java.lang.Integer.toString(counter)) + .png)): null

2019-01-08 18:01:43 - [TEST_STEP][PASSED] - Statement - counter = counter + 1: null

2019-01-08 18:01:43 - [TEST_STEP][PASSED] - Statement - PreSaveFile = new java.io.File(((pathPrefix + java.lang.Integer.toString(counter)) + .png)): null

2019-01-08 18:01:43 - [TEST_STEP][PASSED] - Statement - counter = counter + 1: null

2019-01-08 18:01:43 - [TEST_STEP][PASSED] - Statement - PreSaveFile = new java.io.File(((pathPrefix + java.lang.Integer.toString(counter)) + .png)): null

2019-01-08 18:01:43 - [TEST_STEP][PASSED] - Statement - counter = counter + 1: null

2019-01-08 18:01:43 - [TEST_STEP][PASSED] - Statement - PreSaveFile = new java.io.File(((pathPrefix + java.lang.Integer.toString(counter)) + .png)): null

2019-01-08 18:01:43 - [TEST_STEP][PASSED] - Statement - counter = counter + 1: null

2019-01-08 18:01:43 - [TEST_STEP][PASSED] - Statement - PreSaveFile = new java.io.File(((pathPrefix + java.lang.Integer.toString(counter)) + .png)): null

2019-01-08 18:01:43 - [TEST_STEP][PASSED] - Statement - counter = counter + 1: null

2019-01-08 18:01:43 - [TEST_STEP][PASSED] - Statement - PreSaveFile = new java.io.File(((pathPrefix + java.lang.Integer.toString(counter)) + .png)): null

2019-01-08 18:01:43 - [TEST_STEP][PASSED] - Statement - counter = counter + 1: null

2019-01-08 18:01:43 - [TEST_STEP][PASSED] - Statement - PreSaveFile = new java.io.File(((pathPrefix + java.lang.Integer.toString(counter)) + .png)): null

2019-01-08 18:01:43 - [TEST_STEP][PASSED] - Statement - counter = counter + 1: null

2019-01-08 18:01:43 - [TEST_STEP][PASSED] - Statement - PreSaveFile = new java.io.File(((pathPrefix + java.lang.Integer.toString(counter)) + .png)): null

2019-01-08 18:01:43 - [TEST_STEP][PASSED] - Statement - counter = counter + 1: null

2019-01-08 18:01:43 - [TEST_STEP][PASSED] - Statement - PreSaveFile = new java.io.File(((pathPrefix + java.lang.Integer.toString(counter)) + .png)): null

2019-01-08 18:01:43 - [TEST_STEP][PASSED] - Statement - counter = counter + 1: null

2019-01-08 18:01:43 - [TEST_STEP][PASSED] - Statement - PreSaveFile = new java.io.File(((pathPrefix + java.lang.Integer.toString(counter)) + .png)): null

2019-01-08 18:01:43 - [TEST_STEP][PASSED] - Statement - counter = counter + 1: null

2019-01-08 18:01:43 - [TEST_STEP][PASSED] - Statement - PreSaveFile = new java.io.File(((pathPrefix + java.lang.Integer.toString(counter)) + .png)): null

2019-01-08 18:01:43 - [TEST_STEP][PASSED] - Statement - finalPath = pathPrefix + java.lang.Integer.toString(counter) + ".png": null

2019-01-08 18:01:43 - [TEST_STEP][PASSED] - Statement - SaveFile = new java.io.File(finalPath): null

2019-01-08 18:01:43 - [TEST_STEP][PASSED] - Statement - Try: null

2019-01-08 18:01:43 - [TEST_STEP][PASSED] - Statement - org.apache.commons.io.FileUtils.copyFile(scrFile, SaveFile): null

2019-01-08 18:01:43 - [TEST_STEP][PASSED] - Statement - out.println("file kept"): null

2019-01-08 18:01:43 - [TEST_STEP][PASSED] - delay: Delayed 10 second(s)

2019-01-08 18:01:53 - [MESSAGE][PASSED] - Delayed 10 second(s)

2019-01-08 18:01:53 - [MESSAGE][PASSED] - Call Test Case 'Test Cases/Final Aug 2018 - PKS Automation/Registration Module/New Registration/Submit and Screenshot/Submit Registration and Screenshot' successfully]]></system-out>
         <system-err><![CDATA[]]></system-err>
      </testcase>
      <testcase name="Test Cases/Final Aug 2018 - PKS Automation/Registration Module/Critical Path/New Registration/Other - Embassy" classname="Test Cases/Final Aug 2018 - PKS Automation/Registration Module/Critical Path/New Registration/Other - Embassy" status="PASSED">
         <system-out><![CDATA[2019-01-08 18:01:53 - [TEST_CASE][PASSED] - Test Cases/Final Aug 2018 - PKS Automation/Registration Module/Critical Path/New Registration/Other - Embassy: Test Cases/Final Aug 2018 - PKS Automation/Registration Module/Critical Path/New Registration/Other - Embassy

2019-01-08 18:01:53 - [TEST_STEP][PASSED] - callTestCase: Call Test Case 'Test Cases/Final Aug 2018 - PKS Automation/Registration Module/New Registration/Form 1/Form 1 - Other - Embassy' successfully

2019-01-08 18:01:53 - [TEST_CASE][PASSED] - Test Cases/Final Aug 2018 - PKS Automation/Registration Module/New Registration/Form 1/Form 1 - Other - Embassy: Test Cases/Final Aug 2018 - PKS Automation/Registration Module/New Registration/Form 1/Form 1 - Other - Embassy

2019-01-08 18:01:54 - [TEST_STEP][PASSED] - openBrowser: Browser is opened with url: ''

2019-01-08 18:01:54 - [MESSAGE][WARNING] - A browser is already opened. Closing browser and opening a new one

2019-01-08 18:01:57 - [MESSAGE][PASSED] - Browser is opened with url: ''

2019-01-08 18:01:57 - [TEST_STEP][PASSED] - navigateToUrl: Navigate to 'https://assist2-uat.perkeso.gov.my/login' successfully

2019-01-08 18:01:58 - [MESSAGE][PASSED] - Navigate to 'https://assist2-uat.perkeso.gov.my/login' successfully

2019-01-08 18:01:58 - [TEST_STEP][PASSED] - setText: Text 'johorotc1@gmail.com' is set on object 'Object Repository/Final Object Repo/Login Page/Internal User/Email Address'

2019-01-08 18:01:58 - [MESSAGE][PASSED] - Text 'johorotc1@gmail.com' is set on object 'Object Repository/Final Object Repo/Login Page/Internal User/Email Address'

2019-01-08 18:01:58 - [TEST_STEP][PASSED] - click: Object: 'Object Repository/Final Object Repo/Login Page/Internal User/Next Button' is clicked on

2019-01-08 18:01:58 - [MESSAGE][PASSED] - Object: 'Object Repository/Final Object Repo/Login Page/Internal User/Next Button' is clicked on

2019-01-08 18:01:58 - [TEST_STEP][PASSED] - delay: Delayed 1 second(s)

2019-01-08 18:01:59 - [MESSAGE][PASSED] - Delayed 1 second(s)

2019-01-08 18:01:59 - [TEST_STEP][PASSED] - setEncryptedText: Text ****** has been set on object 'Object Repository/Final Object Repo/Login Page/Internal User/Password'

2019-01-08 18:01:59 - [MESSAGE][PASSED] - Text ****** has been set on object 'Object Repository/Final Object Repo/Login Page/Internal User/Password'

2019-01-08 18:01:59 - [TEST_STEP][PASSED] - click: Object: 'Object Repository/Final Object Repo/Login Page/Internal User/Login Button' is clicked on

2019-01-08 18:01:59 - [MESSAGE][PASSED] - Object: 'Object Repository/Final Object Repo/Login Page/Internal User/Login Button' is clicked on

2019-01-08 18:01:59 - [TEST_STEP][PASSED] - delay: Delayed 1 second(s)

2019-01-08 18:02:00 - [MESSAGE][PASSED] - Delayed 1 second(s)

2019-01-08 18:02:00 - [TEST_STEP][PASSED] - Statement - Try: Delayed 2 second(s)

2019-01-08 18:02:00 - [TEST_STEP][PASSED] - Statement - Checker = false: null

2019-01-08 18:02:00 - [TEST_STEP][PASSED] - Statement - Checker = com.kms.katalon.core.webui.keyword.WebUiBuiltInKeywords.verifyElementHasAttribute(com.kms.katalon.core.testobject.ObjectRepository.findTestObject(Final Object Repo/Landing Page/BM Detecting), "href", 20, OPTIONAL): Object 'Object Repository/Final Object Repo/Landing Page/BM Detecting' has attribute 'href'

2019-01-08 18:02:01 - [MESSAGE][PASSED] - Object 'Object Repository/Final Object Repo/Landing Page/BM Detecting' has attribute 'href'

2019-01-08 18:02:01 - [TEST_STEP][PASSED] - Statement - out.println(Checker): null

2019-01-08 18:02:01 - [TEST_STEP][PASSED] - Statement - If (Checker == false): null

2019-01-08 18:02:01 - [TEST_STEP][PASSED] - Statement - Else: null

2019-01-08 18:02:01 - [TEST_STEP][PASSED] - delay: Delayed 2 second(s)

2019-01-08 18:02:03 - [MESSAGE][PASSED] - Delayed 2 second(s)

2019-01-08 18:02:03 - [TEST_STEP][PASSED] - navigateToUrl: Navigate to 'https://assist2-uat.perkeso.gov.my/web/registration/registration' successfully

2019-01-08 18:02:05 - [MESSAGE][PASSED] - Navigate to 'https://assist2-uat.perkeso.gov.my/web/registration/registration' successfully

2019-01-08 18:02:05 - [TEST_STEP][PASSED] - click: Object: 'Object Repository/Final Object Repo/New Registration - Registration Module Pages/Form 1/AEC - No' is clicked on

2019-01-08 18:02:05 - [MESSAGE][PASSED] - Object: 'Object Repository/Final Object Repo/New Registration - Registration Module Pages/Form 1/AEC - No' is clicked on

2019-01-08 18:02:05 - [TEST_STEP][PASSED] - click: Object: 'Object Repository/Final Object Repo/New Registration - Registration Module Pages/Form 1/Business Entity' is clicked on

2019-01-08 18:02:05 - [MESSAGE][PASSED] - Object: 'Object Repository/Final Object Repo/New Registration - Registration Module Pages/Form 1/Business Entity' is clicked on

2019-01-08 18:02:05 - [TEST_STEP][PASSED] - click: Object: 'Object Repository/Final Object Repo/New Registration - Registration Module Pages/Form 1/Business Entity - Other' is clicked on

2019-01-08 18:02:05 - [MESSAGE][PASSED] - Object: 'Object Repository/Final Object Repo/New Registration - Registration Module Pages/Form 1/Business Entity - Other' is clicked on

2019-01-08 18:02:05 - [TEST_STEP][PASSED] - delay: Delayed 1 second(s)

2019-01-08 18:02:06 - [MESSAGE][PASSED] - Delayed 1 second(s)

2019-01-08 18:02:06 - [TEST_STEP][PASSED] - click: Object: 'Object Repository/Final Object Repo/New Registration - Registration Module Pages/Form 1/Sub Business Entity' is clicked on

2019-01-08 18:02:07 - [MESSAGE][PASSED] - Object: 'Object Repository/Final Object Repo/New Registration - Registration Module Pages/Form 1/Sub Business Entity' is clicked on

2019-01-08 18:02:07 - [TEST_STEP][PASSED] - click: Object: 'Object Repository/Final Object Repo/New Registration - Registration Module Pages/Form 1/Sub Business Entity - Other/Sub Business Entity  - Embassy' is clicked on

2019-01-08 18:02:07 - [MESSAGE][PASSED] - Object: 'Object Repository/Final Object Repo/New Registration - Registration Module Pages/Form 1/Sub Business Entity - Other/Sub Business Entity  - Embassy' is clicked on

2019-01-08 18:02:07 - [TEST_STEP][PASSED] - delay: Delayed 1 second(s)

2019-01-08 18:02:08 - [MESSAGE][PASSED] - Delayed 1 second(s)

2019-01-08 18:02:08 - [TEST_STEP][NOT_RUN] - delay: NOT_RUN: delay

2019-01-08 18:02:08 - [MESSAGE][NOT_RUN] - NOT_RUN: delay

2019-01-08 18:02:08 - [TEST_STEP][NOT_RUN] - click: NOT_RUN: click

2019-01-08 18:02:08 - [MESSAGE][NOT_RUN] - NOT_RUN: click

2019-01-08 18:02:08 - [TEST_STEP][NOT_RUN] - click: NOT_RUN: click

2019-01-08 18:02:08 - [MESSAGE][NOT_RUN] - NOT_RUN: click

2019-01-08 18:02:08 - [TEST_STEP][NOT_RUN] - delay: NOT_RUN: delay

2019-01-08 18:02:08 - [MESSAGE][NOT_RUN] - NOT_RUN: delay

2019-01-08 18:02:08 - [TEST_STEP][NOT_RUN] - setText: NOT_RUN: setText

2019-01-08 18:02:08 - [MESSAGE][NOT_RUN] - NOT_RUN: setText

2019-01-08 18:02:08 - [TEST_STEP][NOT_RUN] - click: NOT_RUN: click

2019-01-08 18:02:08 - [MESSAGE][NOT_RUN] - NOT_RUN: click

2019-01-08 18:02:08 - [TEST_STEP][PASSED] - click: Object: 'Object Repository/Final Object Repo/New Registration - Registration Module Pages/Form 1/Registered As a Branch - Yes' is clicked on

2019-01-08 18:02:08 - [MESSAGE][PASSED] - Object: 'Object Repository/Final Object Repo/New Registration - Registration Module Pages/Form 1/Registered As a Branch - Yes' is clicked on

2019-01-08 18:02:08 - [TEST_STEP][PASSED] - check: Object 'Object Repository/Final Object Repo/New Registration - Registration Module Pages/Form 1/Acknowledgement' is checked

2019-01-08 18:02:08 - [MESSAGE][PASSED] - Object 'Object Repository/Final Object Repo/New Registration - Registration Module Pages/Form 1/Acknowledgement' is checked

2019-01-08 18:02:08 - [TEST_STEP][PASSED] - click: Object: 'Object Repository/Final Object Repo/New Registration - Registration Module Pages/Form 1/Industry Name Selection' is clicked on

2019-01-08 18:02:08 - [MESSAGE][PASSED] - Object: 'Object Repository/Final Object Repo/New Registration - Registration Module Pages/Form 1/Industry Name Selection' is clicked on

2019-01-08 18:02:08 - [TEST_STEP][PASSED] - click: Object: 'Object Repository/Final Object Repo/New Registration - Registration Module Pages/Form 1/Industry Name List - Other/Others - Embasy - Japan - Embassy of Japan' is clicked on

2019-01-08 18:02:09 - [MESSAGE][PASSED] - Object: 'Object Repository/Final Object Repo/New Registration - Registration Module Pages/Form 1/Industry Name List - Other/Others - Embasy - Japan - Embassy of Japan' is clicked on

2019-01-08 18:02:09 - [TEST_STEP][PASSED] - delay: Delayed 1 second(s)

2019-01-08 18:02:10 - [MESSAGE][PASSED] - Delayed 1 second(s)

2019-01-08 18:02:10 - [TEST_STEP][PASSED] - setText: Text 'perkeso1' is set on object 'Object Repository/Final Object Repo/New Registration - Registration Module Pages/Form 1/Postal Address1'

2019-01-08 18:02:10 - [MESSAGE][PASSED] - Text 'perkeso1' is set on object 'Object Repository/Final Object Repo/New Registration - Registration Module Pages/Form 1/Postal Address1'

2019-01-08 18:02:10 - [TEST_STEP][PASSED] - setText: Text 'perkeso2' is set on object 'Object Repository/Final Object Repo/New Registration - Registration Module Pages/Form 1/Postal Address2'

2019-01-08 18:02:10 - [MESSAGE][PASSED] - Text 'perkeso2' is set on object 'Object Repository/Final Object Repo/New Registration - Registration Module Pages/Form 1/Postal Address2'

2019-01-08 18:02:10 - [TEST_STEP][PASSED] - setText: Text 'perkeso3' is set on object 'Object Repository/Final Object Repo/New Registration - Registration Module Pages/Form 1/Postal Address3'

2019-01-08 18:02:11 - [MESSAGE][PASSED] - Text 'perkeso3' is set on object 'Object Repository/Final Object Repo/New Registration - Registration Module Pages/Form 1/Postal Address3'

2019-01-08 18:02:11 - [TEST_STEP][PASSED] - click: Object: 'Object Repository/Final Object Repo/New Registration - Registration Module Pages/Form 1/State' is clicked on

2019-01-08 18:02:11 - [MESSAGE][PASSED] - Object: 'Object Repository/Final Object Repo/New Registration - Registration Module Pages/Form 1/State' is clicked on

2019-01-08 18:02:11 - [TEST_STEP][PASSED] - click: Object: 'Object Repository/Final Object Repo/New Registration - Registration Module Pages/Form 1/State - Johor' is clicked on

2019-01-08 18:02:11 - [MESSAGE][PASSED] - Object: 'Object Repository/Final Object Repo/New Registration - Registration Module Pages/Form 1/State - Johor' is clicked on

2019-01-08 18:02:11 - [TEST_STEP][PASSED] - delay: Delayed 3 second(s)

2019-01-08 18:02:14 - [MESSAGE][PASSED] - Delayed 3 second(s)

2019-01-08 18:02:14 - [TEST_STEP][PASSED] - click: Object: 'Object Repository/Final Object Repo/New Registration - Registration Module Pages/Form 1/City' is clicked on

2019-01-08 18:02:14 - [MESSAGE][PASSED] - Object: 'Object Repository/Final Object Repo/New Registration - Registration Module Pages/Form 1/City' is clicked on

2019-01-08 18:02:14 - [TEST_STEP][PASSED] - setText: Text 'joh' is set on object 'Object Repository/Final Object Repo/New Registration - Registration Module Pages/Form 1/Postcode - 810'

2019-01-08 18:02:14 - [MESSAGE][PASSED] - Text 'joh' is set on object 'Object Repository/Final Object Repo/New Registration - Registration Module Pages/Form 1/Postcode - 810'

2019-01-08 18:02:14 - [TEST_STEP][PASSED] - delay: Delayed 2 second(s)

2019-01-08 18:02:16 - [MESSAGE][PASSED] - Delayed 2 second(s)

2019-01-08 18:02:16 - [TEST_STEP][PASSED] - click: Object: 'Object Repository/Final Object Repo/New Registration - Registration Module Pages/Form 1/City - Johor Bharu' is clicked on

2019-01-08 18:02:17 - [MESSAGE][PASSED] - Object: 'Object Repository/Final Object Repo/New Registration - Registration Module Pages/Form 1/City - Johor Bharu' is clicked on

2019-01-08 18:02:17 - [TEST_STEP][PASSED] - delay: Delayed 1 second(s)

2019-01-08 18:02:18 - [MESSAGE][PASSED] - Delayed 1 second(s)

2019-01-08 18:02:18 - [TEST_STEP][PASSED] - click: Object: 'Object Repository/Final Object Repo/New Registration - Registration Module Pages/Form 1/Postcode' is clicked on

2019-01-08 18:02:18 - [MESSAGE][PASSED] - Object: 'Object Repository/Final Object Repo/New Registration - Registration Module Pages/Form 1/Postcode' is clicked on

2019-01-08 18:02:18 - [TEST_STEP][PASSED] - delay: Delayed 1 second(s)

2019-01-08 18:02:19 - [MESSAGE][PASSED] - Delayed 1 second(s)

2019-01-08 18:02:19 - [TEST_STEP][PASSED] - setText: Text '810' is set on object 'Object Repository/Final Object Repo/New Registration - Registration Module Pages/Form 1/Postcode - 810'

2019-01-08 18:02:19 - [MESSAGE][PASSED] - Text '810' is set on object 'Object Repository/Final Object Repo/New Registration - Registration Module Pages/Form 1/Postcode - 810'

2019-01-08 18:02:19 - [TEST_STEP][PASSED] - delay: Delayed 1 second(s)

2019-01-08 18:02:20 - [MESSAGE][PASSED] - Delayed 1 second(s)

2019-01-08 18:02:20 - [TEST_STEP][PASSED] - click: Object: 'Object Repository/Final Object Repo/New Registration - Registration Module Pages/Form 1/Postcode - 81000' is clicked on

2019-01-08 18:02:20 - [MESSAGE][PASSED] - Object: 'Object Repository/Final Object Repo/New Registration - Registration Module Pages/Form 1/Postcode - 81000' is clicked on

2019-01-08 18:02:20 - [TEST_STEP][PASSED] - delay: Delayed 1 second(s)

2019-01-08 18:02:21 - [MESSAGE][PASSED] - Delayed 1 second(s)

2019-01-08 18:02:21 - [TEST_STEP][PASSED] - setText: Text '100' is set on object 'Object Repository/Final Object Repo/New Registration - Registration Module Pages/Form 1/P.O.BOX'

2019-01-08 18:02:22 - [MESSAGE][PASSED] - Text '100' is set on object 'Object Repository/Final Object Repo/New Registration - Registration Module Pages/Form 1/P.O.BOX'

2019-01-08 18:02:22 - [TEST_STEP][PASSED] - setText: Text '100' is set on object 'Object Repository/Final Object Repo/New Registration - Registration Module Pages/Form 1/Locked Bag No'

2019-01-08 18:02:22 - [MESSAGE][PASSED] - Text '100' is set on object 'Object Repository/Final Object Repo/New Registration - Registration Module Pages/Form 1/Locked Bag No'

2019-01-08 18:02:22 - [TEST_STEP][PASSED] - click: Object: 'Object Repository/Final Object Repo/New Registration - Registration Module Pages/Form 1/SOCSO Office Location' is clicked on

2019-01-08 18:02:22 - [MESSAGE][PASSED] - Object: 'Object Repository/Final Object Repo/New Registration - Registration Module Pages/Form 1/SOCSO Office Location' is clicked on

2019-01-08 18:02:22 - [TEST_STEP][PASSED] - click: Object: 'Object Repository/Final Object Repo/New Registration - Registration Module Pages/Form 1/SOCSO Office Location - Pejabat PERKESO Negeri Johor' is clicked on

2019-01-08 18:02:22 - [MESSAGE][PASSED] - Object: 'Object Repository/Final Object Repo/New Registration - Registration Module Pages/Form 1/SOCSO Office Location - Pejabat PERKESO Negeri Johor' is clicked on

2019-01-08 18:02:22 - [TEST_STEP][PASSED] - delay: Delayed 1 second(s)

2019-01-08 18:02:23 - [MESSAGE][PASSED] - Delayed 1 second(s)

2019-01-08 18:02:23 - [TEST_STEP][PASSED] - check: Object 'Object Repository/Final Object Repo/New Registration - Registration Module Pages/Form 1/Indusrty Address Same As Postal Address' is checked

2019-01-08 18:02:23 - [MESSAGE][PASSED] - Object 'Object Repository/Final Object Repo/New Registration - Registration Module Pages/Form 1/Indusrty Address Same As Postal Address' is checked

2019-01-08 18:02:23 - [TEST_STEP][PASSED] - delay: Delayed 3 second(s)

2019-01-08 18:02:26 - [MESSAGE][PASSED] - Delayed 3 second(s)

2019-01-08 18:02:26 - [TEST_STEP][PASSED] - click: Object: 'Object Repository/Final Object Repo/New Registration - Registration Module Pages/Form 1/Indusry Address Same As Postal Address False' is clicked on

2019-01-08 18:02:27 - [MESSAGE][PASSED] - Object: 'Object Repository/Final Object Repo/New Registration - Registration Module Pages/Form 1/Indusry Address Same As Postal Address False' is clicked on

2019-01-08 18:02:27 - [TEST_STEP][PASSED] - delay: Delayed 1 second(s)

2019-01-08 18:02:28 - [MESSAGE][PASSED] - Delayed 1 second(s)

2019-01-08 18:02:28 - [TEST_STEP][PASSED] - setText: Text 'perkeso1' is set on object 'Object Repository/Final Object Repo/New Registration - Registration Module Pages/Form 1/Industry Address1'

2019-01-08 18:02:28 - [MESSAGE][PASSED] - Text 'perkeso1' is set on object 'Object Repository/Final Object Repo/New Registration - Registration Module Pages/Form 1/Industry Address1'

2019-01-08 18:02:28 - [TEST_STEP][PASSED] - setText: Text 'perkeso2' is set on object 'Object Repository/Final Object Repo/New Registration - Registration Module Pages/Form 1/Industry Address2'

2019-01-08 18:02:28 - [MESSAGE][PASSED] - Text 'perkeso2' is set on object 'Object Repository/Final Object Repo/New Registration - Registration Module Pages/Form 1/Industry Address2'

2019-01-08 18:02:28 - [TEST_STEP][PASSED] - setText: Text 'perkeso3' is set on object 'Object Repository/Final Object Repo/New Registration - Registration Module Pages/Form 1/Industry Address3'

2019-01-08 18:02:29 - [MESSAGE][PASSED] - Text 'perkeso3' is set on object 'Object Repository/Final Object Repo/New Registration - Registration Module Pages/Form 1/Industry Address3'

2019-01-08 18:02:29 - [TEST_STEP][PASSED] - click: Object: 'Object Repository/Final Object Repo/New Registration - Registration Module Pages/Form 1/Industry State' is clicked on

2019-01-08 18:02:29 - [MESSAGE][PASSED] - Object: 'Object Repository/Final Object Repo/New Registration - Registration Module Pages/Form 1/Industry State' is clicked on

2019-01-08 18:02:29 - [TEST_STEP][PASSED] - delay: Delayed 2 second(s)

2019-01-08 18:02:31 - [MESSAGE][PASSED] - Delayed 2 second(s)

2019-01-08 18:02:31 - [TEST_STEP][PASSED] - click: Object: 'Object Repository/Final Object Repo/New Registration - Registration Module Pages/Form 1/Industry State - Johor' is clicked on

2019-01-08 18:02:31 - [MESSAGE][PASSED] - Object: 'Object Repository/Final Object Repo/New Registration - Registration Module Pages/Form 1/Industry State - Johor' is clicked on

2019-01-08 18:02:31 - [TEST_STEP][PASSED] - delay: Delayed 2 second(s)

2019-01-08 18:02:33 - [MESSAGE][PASSED] - Delayed 2 second(s)

2019-01-08 18:02:33 - [TEST_STEP][PASSED] - click: Object: 'Object Repository/Final Object Repo/New Registration - Registration Module Pages/Form 1/Industry Ciry' is clicked on

2019-01-08 18:02:33 - [MESSAGE][PASSED] - Object: 'Object Repository/Final Object Repo/New Registration - Registration Module Pages/Form 1/Industry Ciry' is clicked on

2019-01-08 18:02:33 - [TEST_STEP][PASSED] - setText: Text 'joh' is set on object 'Object Repository/Final Object Repo/New Registration - Registration Module Pages/Form 1/Industry Ciry - joh'

2019-01-08 18:02:33 - [MESSAGE][PASSED] - Text 'joh' is set on object 'Object Repository/Final Object Repo/New Registration - Registration Module Pages/Form 1/Industry Ciry - joh'

2019-01-08 18:02:33 - [TEST_STEP][PASSED] - delay: Delayed 2 second(s)

2019-01-08 18:02:35 - [MESSAGE][PASSED] - Delayed 2 second(s)

2019-01-08 18:02:35 - [TEST_STEP][PASSED] - click: Object: 'Object Repository/Final Object Repo/New Registration - Registration Module Pages/Form 1/Industy State - Johor Bharu' is clicked on

2019-01-08 18:02:36 - [MESSAGE][PASSED] - Object: 'Object Repository/Final Object Repo/New Registration - Registration Module Pages/Form 1/Industy State - Johor Bharu' is clicked on

2019-01-08 18:02:36 - [TEST_STEP][PASSED] - delay: Delayed 1 second(s)

2019-01-08 18:02:37 - [MESSAGE][PASSED] - Delayed 1 second(s)

2019-01-08 18:02:37 - [TEST_STEP][PASSED] - click: Object: 'Object Repository/Final Object Repo/New Registration - Registration Module Pages/Form 1/Indusry PostCode' is clicked on

2019-01-08 18:02:37 - [MESSAGE][PASSED] - Object: 'Object Repository/Final Object Repo/New Registration - Registration Module Pages/Form 1/Indusry PostCode' is clicked on

2019-01-08 18:02:37 - [TEST_STEP][PASSED] - delay: Delayed 1 second(s)

2019-01-08 18:02:38 - [MESSAGE][PASSED] - Delayed 1 second(s)

2019-01-08 18:02:38 - [TEST_STEP][PASSED] - setText: Text '810' is set on object 'Object Repository/Final Object Repo/New Registration - Registration Module Pages/Form 1/Insutry Post Code - 810'

2019-01-08 18:02:38 - [MESSAGE][PASSED] - Text '810' is set on object 'Object Repository/Final Object Repo/New Registration - Registration Module Pages/Form 1/Insutry Post Code - 810'

2019-01-08 18:02:38 - [TEST_STEP][PASSED] - delay: Delayed 1 second(s)

2019-01-08 18:02:39 - [MESSAGE][PASSED] - Delayed 1 second(s)

2019-01-08 18:02:39 - [TEST_STEP][PASSED] - click: Object: 'Object Repository/Final Object Repo/New Registration - Registration Module Pages/Form 1/Insutry Post Code - 81000' is clicked on

2019-01-08 18:02:39 - [MESSAGE][PASSED] - Object: 'Object Repository/Final Object Repo/New Registration - Registration Module Pages/Form 1/Insutry Post Code - 81000' is clicked on

2019-01-08 18:02:39 - [TEST_STEP][PASSED] - delay: Delayed 1 second(s)

2019-01-08 18:02:40 - [MESSAGE][PASSED] - Delayed 1 second(s)

2019-01-08 18:02:40 - [TEST_STEP][PASSED] - setText: Text '100' is set on object 'Object Repository/Final Object Repo/New Registration - Registration Module Pages/Form 1/Industry P.O.BOX'

2019-01-08 18:02:40 - [MESSAGE][PASSED] - Text '100' is set on object 'Object Repository/Final Object Repo/New Registration - Registration Module Pages/Form 1/Industry P.O.BOX'

2019-01-08 18:02:40 - [TEST_STEP][PASSED] - setText: Text '100' is set on object 'Object Repository/Final Object Repo/New Registration - Registration Module Pages/Form 1/Industry Locked Bag No'

2019-01-08 18:02:41 - [MESSAGE][PASSED] - Text '100' is set on object 'Object Repository/Final Object Repo/New Registration - Registration Module Pages/Form 1/Industry Locked Bag No'

2019-01-08 18:02:41 - [TEST_STEP][PASSED] - setText: Text '123456789' is set on object 'Object Repository/Final Object Repo/New Registration - Registration Module Pages/Form 1/Telephone No'

2019-01-08 18:02:41 - [MESSAGE][PASSED] - Text '123456789' is set on object 'Object Repository/Final Object Repo/New Registration - Registration Module Pages/Form 1/Telephone No'

2019-01-08 18:02:41 - [TEST_STEP][PASSED] - setText: Text '123456789' is set on object 'Object Repository/Final Object Repo/New Registration - Registration Module Pages/Form 1/Mobile No'

2019-01-08 18:02:42 - [MESSAGE][PASSED] - Text '123456789' is set on object 'Object Repository/Final Object Repo/New Registration - Registration Module Pages/Form 1/Mobile No'

2019-01-08 18:02:42 - [TEST_STEP][PASSED] - setText: Text '123456789' is set on object 'Object Repository/Final Object Repo/New Registration - Registration Module Pages/Form 1/Fax No'

2019-01-08 18:02:42 - [MESSAGE][PASSED] - Text '123456789' is set on object 'Object Repository/Final Object Repo/New Registration - Registration Module Pages/Form 1/Fax No'

2019-01-08 18:02:42 - [TEST_STEP][PASSED] - click: Object: 'Object Repository/Final Object Repo/New Registration - Registration Module Pages/Form 1/Industry Code' is clicked on

2019-01-08 18:02:42 - [MESSAGE][PASSED] - Object: 'Object Repository/Final Object Repo/New Registration - Registration Module Pages/Form 1/Industry Code' is clicked on

2019-01-08 18:02:42 - [TEST_STEP][PASSED] - click: Object: 'Object Repository/Final Object Repo/New Registration - Registration Module Pages/Form 1/Indudustry Code - Crops and Animal' is clicked on

2019-01-08 18:02:42 - [MESSAGE][PASSED] - Object: 'Object Repository/Final Object Repo/New Registration - Registration Module Pages/Form 1/Indudustry Code - Crops and Animal' is clicked on

2019-01-08 18:02:42 - [TEST_STEP][PASSED] - delay: Delayed 1 second(s)

2019-01-08 18:02:43 - [MESSAGE][PASSED] - Delayed 1 second(s)

2019-01-08 18:02:43 - [TEST_STEP][PASSED] - click: Object: 'Object Repository/Final Object Repo/New Registration - Registration Module Pages/Form 1/Sub Industry Code List' is clicked on

2019-01-08 18:02:44 - [MESSAGE][PASSED] - Object: 'Object Repository/Final Object Repo/New Registration - Registration Module Pages/Form 1/Sub Industry Code List' is clicked on

2019-01-08 18:02:44 - [TEST_STEP][PASSED] - click: Object: 'Object Repository/Final Object Repo/New Registration - Registration Module Pages/Form 1/Sub Industry Code List - Growing of Maize' is clicked on

2019-01-08 18:02:44 - [MESSAGE][PASSED] - Object: 'Object Repository/Final Object Repo/New Registration - Registration Module Pages/Form 1/Sub Industry Code List - Growing of Maize' is clicked on

2019-01-08 18:02:44 - [TEST_STEP][PASSED] - setText: Text 'perkeso123@gmail.com' is set on object 'Object Repository/Final Object Repo/New Registration - Registration Module Pages/Form 1/Email'

2019-01-08 18:02:44 - [MESSAGE][PASSED] - Text 'perkeso123@gmail.com' is set on object 'Object Repository/Final Object Repo/New Registration - Registration Module Pages/Form 1/Email'

2019-01-08 18:02:44 - [TEST_STEP][PASSED] - click: Object: 'Object Repository/Final Object Repo/New Registration - Registration Module Pages/Form 1/Method of Contribution Payment' is clicked on

2019-01-08 18:02:45 - [MESSAGE][PASSED] - Object: 'Object Repository/Final Object Repo/New Registration - Registration Module Pages/Form 1/Method of Contribution Payment' is clicked on

2019-01-08 18:02:45 - [TEST_STEP][PASSED] - click: Object: 'Object Repository/Final Object Repo/New Registration - Registration Module Pages/Form 1/Method of Contribution Payment - Portal' is clicked on

2019-01-08 18:02:45 - [MESSAGE][PASSED] - Object: 'Object Repository/Final Object Repo/New Registration - Registration Module Pages/Form 1/Method of Contribution Payment - Portal' is clicked on

2019-01-08 18:02:45 - [TEST_STEP][PASSED] - click: Object: 'Object Repository/Final Object Repo/New Registration - Registration Module Pages/Form 1/Servide Type' is clicked on

2019-01-08 18:02:45 - [MESSAGE][PASSED] - Object: 'Object Repository/Final Object Repo/New Registration - Registration Module Pages/Form 1/Servide Type' is clicked on

2019-01-08 18:02:45 - [TEST_STEP][PASSED] - click: Object: 'Object Repository/Final Object Repo/New Registration - Registration Module Pages/Form 1/Servide Type - Professional Bodies' is clicked on

2019-01-08 18:02:45 - [MESSAGE][PASSED] - Object: 'Object Repository/Final Object Repo/New Registration - Registration Module Pages/Form 1/Servide Type - Professional Bodies' is clicked on

2019-01-08 18:02:45 - [TEST_STEP][PASSED] - click: Object: 'Object Repository/Final Object Repo/New Registration - Registration Module Pages/Form 1/Industry Venue' is clicked on

2019-01-08 18:02:45 - [MESSAGE][PASSED] - Object: 'Object Repository/Final Object Repo/New Registration - Registration Module Pages/Form 1/Industry Venue' is clicked on

2019-01-08 18:02:45 - [TEST_STEP][PASSED] - click: Object: 'Object Repository/Final Object Repo/New Registration - Registration Module Pages/Form 1/Industry Venue -  PPN JOHOR' is clicked on

2019-01-08 18:02:46 - [MESSAGE][PASSED] - Object: 'Object Repository/Final Object Repo/New Registration - Registration Module Pages/Form 1/Industry Venue -  PPN JOHOR' is clicked on

2019-01-08 18:02:46 - [TEST_STEP][PASSED] - click: Object: 'Object Repository/Final Object Repo/New Registration - Registration Module Pages/Form 1/Save  Continue' is clicked on

2019-01-08 18:02:46 - [MESSAGE][PASSED] - Object: 'Object Repository/Final Object Repo/New Registration - Registration Module Pages/Form 1/Save  Continue' is clicked on

2019-01-08 18:02:46 - [MESSAGE][PASSED] - Call Test Case 'Test Cases/Final Aug 2018 - PKS Automation/Registration Module/New Registration/Form 1/Form 1 - Other - Embassy' successfully

2019-01-08 18:02:46 - [TEST_STEP][PASSED] - callTestCase: Call Test Case 'Test Cases/Final Aug 2018 - PKS Automation/Registration Module/New Registration/Form 2/Add 2 Eligible 2 Not Eligible' successfully

2019-01-08 18:02:46 - [TEST_CASE][PASSED] - Test Cases/Final Aug 2018 - PKS Automation/Registration Module/New Registration/Form 2/Add 2 Eligible 2 Not Eligible: Test Cases/Final Aug 2018 - PKS Automation/Registration Module/New Registration/Form 2/Add 2 Eligible 2 Not Eligible

2019-01-08 18:02:46 - [TEST_STEP][PASSED] - delay: Delayed 2 second(s)

2019-01-08 18:02:48 - [MESSAGE][PASSED] - Delayed 2 second(s)

2019-01-08 18:02:48 - [TEST_STEP][PASSED] - callTestCase: Call Test Case 'Test Cases/Final Aug 2018 - PKS Automation/Registration Module/New Registration/Form 2/Date Updater' successfully

2019-01-08 18:02:48 - [TEST_CASE][PASSED] - Test Cases/Final Aug 2018 - PKS Automation/Registration Module/New Registration/Form 2/Date Updater: Test Cases/Final Aug 2018 - PKS Automation/Registration Module/New Registration/Form 2/Date Updater

2019-01-08 18:02:48 - [TEST_STEP][PASSED] - Statement - TodayDate = new java.util.Date(): null

2019-01-08 18:02:48 - [TEST_STEP][PASSED] - Statement - CurrentDateNoFilter = new java.text.SimpleDateFormat(): null

2019-01-08 18:02:48 - [TEST_STEP][PASSED] - Statement - CurrentDateNoFilter.applyPattern("MM"): null

2019-01-08 18:02:48 - [TEST_STEP][PASSED] - Statement - monthContainerMatcher = java.lang.Integer.parseInt(CurrentDateNoFilter.format(TodayDate)): null

2019-01-08 18:02:48 - [TEST_STEP][PASSED] - Statement - monthContainerMatcher = monthContainerMatcher - 1: null

2019-01-08 18:02:48 - [TEST_STEP][PASSED] - Statement - CurrentMonth = monthContainerMatcher.toString(): null

2019-01-08 18:02:48 - [TEST_STEP][PASSED] - Statement - CurrentMonth = CurrentMonth: null

2019-01-08 18:02:48 - [TEST_STEP][PASSED] - Statement - CurrentDateNoFilter.applyPattern("yyyy"): null

2019-01-08 18:02:48 - [TEST_STEP][PASSED] - Statement - CurrentYear = CurrentDateNoFilter.format(TodayDate): null

2019-01-08 18:02:48 - [TEST_STEP][PASSED] - Statement - CurrentYear = CurrentYear: null

2019-01-08 18:02:48 - [TEST_STEP][PASSED] - Statement - intCurrentYear = java.lang.Integer.parseInt(CurrentDateNoFilter.format(TodayDate)): null

2019-01-08 18:02:48 - [TEST_STEP][PASSED] - Statement - eighteenYrsAgo = intCurrentYear - 18: null

2019-01-08 18:02:48 - [TEST_STEP][PASSED] - Statement - eighteenYrsBeforeThisYr = eighteenYrsAgo.toString(): null

2019-01-08 18:02:48 - [TEST_STEP][PASSED] - Statement - EighteenYrsBefore = eighteenYrsBeforeThisYr: null

2019-01-08 18:02:48 - [TEST_STEP][PASSED] - Statement - fiftysevenYrsAgo = intCurrentYear - 57: null

2019-01-08 18:02:48 - [TEST_STEP][PASSED] - Statement - fiftysevenYrsBeforeThisYr = fiftysevenYrsAgo.toString(): null

2019-01-08 18:02:48 - [TEST_STEP][PASSED] - Statement - FiftysevenYrsBefore = fiftysevenYrsBeforeThisYr: null

2019-01-08 18:02:48 - [TEST_STEP][PASSED] - Statement - leapYear = false: null

2019-01-08 18:02:48 - [TEST_STEP][PASSED] - Statement - leapYear = intCurrentYear % 4 == 0: null

2019-01-08 18:02:48 - [TEST_STEP][PASSED] - Statement - CurrentDateNoFilter.applyPattern("dd"): null

2019-01-08 18:02:48 - [TEST_STEP][PASSED] - Statement - CurrentDate = CurrentDateNoFilter.format(TodayDate): null

2019-01-08 18:02:48 - [TEST_STEP][PASSED] - Statement - CurrentDate = java.lang.Integer.parseInt(CurrentDate): null

2019-01-08 18:02:48 - [TEST_STEP][PASSED] - Statement - CurrentDate = CurrentDate: null

2019-01-08 18:02:48 - [TEST_STEP][PASSED] - Statement - CurrentDay = java.lang.Integer.parseInt(CurrentDate): null

2019-01-08 18:02:48 - [TEST_STEP][PASSED] - Statement - ConfAdder = <not implemented yet for class: org.codehaus.groovy.ast.expr.EmptyExpression>: null

2019-01-08 18:02:48 - [TEST_STEP][PASSED] - Statement - out.println(CurrentMonth): null

2019-01-08 18:02:48 - [TEST_STEP][PASSED] - Statement - out.println(CurrentDate): null

2019-01-08 18:02:48 - [TEST_STEP][PASSED] - Statement - switch (CurrentDate): null

2019-01-08 18:02:48 - [TEST_STEP][PASSED] - Statement - Default: null

2019-01-08 18:02:48 - [TEST_STEP][PASSED] - Statement - ConfAdder = true: null

2019-01-08 18:02:48 - [TEST_STEP][PASSED] - Statement - Break: null

2019-01-08 18:02:48 - [TEST_STEP][PASSED] - Statement - aDayBefore = <not implemented yet for class: org.codehaus.groovy.ast.expr.EmptyExpression>: null

2019-01-08 18:02:48 - [TEST_STEP][PASSED] - Statement - out.println(ConfAdder): null

2019-01-08 18:02:48 - [TEST_STEP][PASSED] - Statement - If (ConfAdder == true): null

2019-01-08 18:02:48 - [TEST_STEP][PASSED] - Statement - aDayBefore = CurrentDay + 1: null

2019-01-08 18:02:48 - [TEST_STEP][PASSED] - Statement - out.println(aDayBefore): null

2019-01-08 18:02:48 - [TEST_STEP][PASSED] - Statement - If (aDayBefore == 1 && CurrentMonth == 11): null

2019-01-08 18:02:48 - [TEST_STEP][PASSED] - Statement - DayBefore = aDayBefore.toString(): null

2019-01-08 18:02:48 - [TEST_STEP][PASSED] - Statement - OneDayBefore = DayBefore: null

2019-01-08 18:02:48 - [MESSAGE][PASSED] - Call Test Case 'Test Cases/Final Aug 2018 - PKS Automation/Registration Module/New Registration/Form 2/Date Updater' successfully

2019-01-08 18:02:48 - [TEST_STEP][PASSED] - delay: Delayed 1 second(s)

2019-01-08 18:02:49 - [MESSAGE][PASSED] - Delayed 1 second(s)

2019-01-08 18:02:49 - [TEST_STEP][PASSED] - Statement - CaseReferenceNo = com.kms.katalon.core.webui.keyword.WebUiBuiltInKeywords.getText(com.kms.katalon.core.testobject.ObjectRepository.findTestObject(Final Object Repo/New Registration - Registration Module Pages/Form 2/RefNo Acquiring)): Text of object 'Object Repository/Final Object Repo/New Registration - Registration Module Pages/Form 2/RefNo Acquiring' is: 'CRN01201900123646'

2019-01-08 18:02:49 - [MESSAGE][PASSED] - Text of object 'Object Repository/Final Object Repo/New Registration - Registration Module Pages/Form 2/RefNo Acquiring' is: 'CRN01201900123646'

2019-01-08 18:02:49 - [TEST_STEP][PASSED] - delay: Delayed 1 second(s)

2019-01-08 18:02:50 - [MESSAGE][PASSED] - Delayed 1 second(s)

2019-01-08 18:02:50 - [TEST_STEP][PASSED] - click: Object: 'Object Repository/Final Object Repo/New Registration - Registration Module Pages/Form 2/Add Employee Button' is clicked on

2019-01-08 18:02:50 - [MESSAGE][PASSED] - Object: 'Object Repository/Final Object Repo/New Registration - Registration Module Pages/Form 2/Add Employee Button' is clicked on

2019-01-08 18:02:50 - [TEST_STEP][PASSED] - delay: Delayed 4 second(s)

2019-01-08 18:02:54 - [MESSAGE][PASSED] - Delayed 4 second(s)

2019-01-08 18:02:54 - [TEST_STEP][PASSED] - setText: Text '010903091927' is set on object 'Object Repository/Final Object Repo/New Registration - Registration Module Pages/Form 2/NRIC Input'

2019-01-08 18:02:55 - [MESSAGE][PASSED] - Text '010903091927' is set on object 'Object Repository/Final Object Repo/New Registration - Registration Module Pages/Form 2/NRIC Input'

2019-01-08 18:02:55 - [TEST_STEP][PASSED] - click: Object: 'Object Repository/Final Object Repo/New Registration - Registration Module Pages/Form 2/button for search for IC' is clicked on

2019-01-08 18:02:55 - [MESSAGE][PASSED] - Object: 'Object Repository/Final Object Repo/New Registration - Registration Module Pages/Form 2/button for search for IC' is clicked on

2019-01-08 18:02:55 - [TEST_STEP][PASSED] - delay: Delayed 2 second(s)

2019-01-08 18:02:57 - [MESSAGE][PASSED] - Delayed 2 second(s)

2019-01-08 18:02:57 - [TEST_STEP][PASSED] - setText: Text 'Automate001 eligible 1' is set on object 'Object Repository/Final Object Repo/New Registration - Registration Module Pages/Form 2/Employee Name Input'

2019-01-08 18:02:57 - [MESSAGE][PASSED] - Text 'Automate001 eligible 1' is set on object 'Object Repository/Final Object Repo/New Registration - Registration Module Pages/Form 2/Employee Name Input'

2019-01-08 18:02:57 - [TEST_STEP][PASSED] - delay: Delayed 2 second(s)

2019-01-08 18:02:59 - [MESSAGE][PASSED] - Delayed 2 second(s)

2019-01-08 18:02:59 - [TEST_STEP][PASSED] - click: Object: 'Object Repository/Final Object Repo/New Registration - Registration Module Pages/Form 2/DatePicker Pop Up' is clicked on

2019-01-08 18:03:00 - [MESSAGE][PASSED] - Object: 'Object Repository/Final Object Repo/New Registration - Registration Module Pages/Form 2/DatePicker Pop Up' is clicked on

2019-01-08 18:03:00 - [TEST_STEP][PASSED] - click: Object: 'Object Repository/Final Object Repo/New Registration - Registration Module Pages/Form 2/DOB Month' is clicked on

2019-01-08 18:03:00 - [MESSAGE][PASSED] - Object: 'Object Repository/Final Object Repo/New Registration - Registration Module Pages/Form 2/DOB Month' is clicked on

2019-01-08 18:03:00 - [TEST_STEP][PASSED] - Statement - CurrentMonth = CurrentMonth: null

2019-01-08 18:03:00 - [TEST_STEP][PASSED] - Statement - selectMonth = new com.kms.katalon.core.testobject.TestObject(): null

2019-01-08 18:03:00 - [TEST_STEP][PASSED] - Statement - selectMonth.addProperty("xpath", EQUALS, "//body/div/div/div/select/option[@value='" + CurrentMonth + "']", true): null

2019-01-08 18:03:00 - [TEST_STEP][PASSED] - click: Object: '' is clicked on

2019-01-08 18:03:00 - [MESSAGE][PASSED] - Object: '' is clicked on

2019-01-08 18:03:00 - [TEST_STEP][PASSED] - click: Object: 'Object Repository/Final Object Repo/New Registration - Registration Module Pages/Form 2/DOB Year' is clicked on

2019-01-08 18:03:00 - [MESSAGE][PASSED] - Object: 'Object Repository/Final Object Repo/New Registration - Registration Module Pages/Form 2/DOB Year' is clicked on

2019-01-08 18:03:00 - [TEST_STEP][PASSED] - Statement - Eyearsbf = EighteenYrsBefore: null

2019-01-08 18:03:00 - [TEST_STEP][PASSED] - Statement - selectYear = new com.kms.katalon.core.testobject.TestObject(): null

2019-01-08 18:03:00 - [TEST_STEP][PASSED] - Statement - selectYear.addProperty("xpath", EQUALS, "//div/div/div/select/option[@value='" + Eyearsbf + "']", true): null

2019-01-08 18:03:00 - [TEST_STEP][PASSED] - click: Object: '' is clicked on

2019-01-08 18:03:00 - [MESSAGE][PASSED] - Object: '' is clicked on

2019-01-08 18:03:00 - [TEST_STEP][PASSED] - Statement - UpdatedSelectDate = com.kms.katalon.core.webui.keyword.WebUiBuiltInKeywords.modifyObjectProperty(com.kms.katalon.core.testobject.ObjectRepository.findTestObject(Final Object Repo/New Registration - Registration Module Pages/Form 2/DOB Date), "xpath", "equals", "//body/div/table/tbody/tr/td/a[text()="" + CurrentDate + ""]", true): Modify property of object successfully

2019-01-08 18:03:00 - [MESSAGE][PASSED] - Modify property of object successfully

2019-01-08 18:03:00 - [TEST_STEP][PASSED] - delay: Delayed 3 second(s)

2019-01-08 18:03:03 - [MESSAGE][PASSED] - Delayed 3 second(s)

2019-01-08 18:03:03 - [TEST_STEP][PASSED] - click: Object: 'Object Repository/Final Object Repo/New Registration - Registration Module Pages/Form 2/DOB Date' is clicked on

2019-01-08 18:03:03 - [MESSAGE][PASSED] - Object: 'Object Repository/Final Object Repo/New Registration - Registration Module Pages/Form 2/DOB Date' is clicked on

2019-01-08 18:03:03 - [TEST_STEP][PASSED] - delay: Delayed 2 second(s)

2019-01-08 18:03:05 - [MESSAGE][PASSED] - Delayed 2 second(s)

2019-01-08 18:03:05 - [TEST_STEP][PASSED] - click: Object: 'Object Repository/Final Object Repo/New Registration - Registration Module Pages/Form 2/EmploymentStartDate Pop Up' is clicked on

2019-01-08 18:03:05 - [MESSAGE][PASSED] - Object: 'Object Repository/Final Object Repo/New Registration - Registration Module Pages/Form 2/EmploymentStartDate Pop Up' is clicked on

2019-01-08 18:03:05 - [TEST_STEP][PASSED] - delay: Delayed 2 second(s)

2019-01-08 18:03:07 - [MESSAGE][PASSED] - Delayed 2 second(s)

2019-01-08 18:03:07 - [TEST_STEP][PASSED] - click: Object: 'Object Repository/Final Object Repo/New Registration - Registration Module Pages/Form 2/Socso Employment StartDate Month' is clicked on

2019-01-08 18:03:08 - [MESSAGE][PASSED] - Object: 'Object Repository/Final Object Repo/New Registration - Registration Module Pages/Form 2/Socso Employment StartDate Month' is clicked on

2019-01-08 18:03:08 - [TEST_STEP][PASSED] - delay: Delayed 1 second(s)

2019-01-08 18:03:09 - [MESSAGE][PASSED] - Delayed 1 second(s)

2019-01-08 18:03:09 - [TEST_STEP][PASSED] - click: Object: 'Object Repository/Final Object Repo/New Registration - Registration Module Pages/Form 2/Select Socso Employement Startdate Month' is clicked on

2019-01-08 18:03:09 - [MESSAGE][PASSED] - Object: 'Object Repository/Final Object Repo/New Registration - Registration Module Pages/Form 2/Select Socso Employement Startdate Month' is clicked on

2019-01-08 18:03:09 - [TEST_STEP][PASSED] - delay: Delayed 2 second(s)

2019-01-08 18:03:11 - [MESSAGE][PASSED] - Delayed 2 second(s)

2019-01-08 18:03:11 - [TEST_STEP][PASSED] - click: Object: 'Object Repository/Final Object Repo/New Registration - Registration Module Pages/Form 2/Socso Employment StartDate Year' is clicked on

2019-01-08 18:03:11 - [MESSAGE][PASSED] - Object: 'Object Repository/Final Object Repo/New Registration - Registration Module Pages/Form 2/Socso Employment StartDate Year' is clicked on

2019-01-08 18:03:11 - [TEST_STEP][PASSED] - delay: Delayed 1 second(s)

2019-01-08 18:03:12 - [MESSAGE][PASSED] - Delayed 1 second(s)

2019-01-08 18:03:12 - [TEST_STEP][PASSED] - click: Object: 'Object Repository/Final Object Repo/New Registration - Registration Module Pages/Form 2/Select Socso Employment Startdate Year' is clicked on

2019-01-08 18:03:12 - [MESSAGE][PASSED] - Object: 'Object Repository/Final Object Repo/New Registration - Registration Module Pages/Form 2/Select Socso Employment Startdate Year' is clicked on

2019-01-08 18:03:12 - [TEST_STEP][PASSED] - delay: Delayed 2 second(s)

2019-01-08 18:03:14 - [MESSAGE][PASSED] - Delayed 2 second(s)

2019-01-08 18:03:14 - [TEST_STEP][PASSED] - click: Object: 'Object Repository/Final Object Repo/New Registration - Registration Module Pages/Form 2/Socso Employment Start Date Day' is clicked on

2019-01-08 18:03:14 - [MESSAGE][PASSED] - Object: 'Object Repository/Final Object Repo/New Registration - Registration Module Pages/Form 2/Socso Employment Start Date Day' is clicked on

2019-01-08 18:03:14 - [TEST_STEP][PASSED] - delay: Delayed 2 second(s)

2019-01-08 18:03:16 - [MESSAGE][PASSED] - Delayed 2 second(s)

2019-01-08 18:03:16 - [TEST_STEP][PASSED] - click: Object: 'Object Repository/Final Object Repo/New Registration - Registration Module Pages/Form 2/Save Button for Add Employee' is clicked on

2019-01-08 18:03:16 - [MESSAGE][PASSED] - Object: 'Object Repository/Final Object Repo/New Registration - Registration Module Pages/Form 2/Save Button for Add Employee' is clicked on

2019-01-08 18:03:16 - [TEST_STEP][PASSED] - delay: Delayed 6 second(s)

2019-01-08 18:03:22 - [MESSAGE][PASSED] - Delayed 6 second(s)

2019-01-08 18:03:22 - [TEST_STEP][PASSED] - click: Object: 'Object Repository/Final Object Repo/New Registration - Registration Module Pages/Form 2/Add Employee Button' is clicked on

2019-01-08 18:03:23 - [MESSAGE][PASSED] - Object: 'Object Repository/Final Object Repo/New Registration - Registration Module Pages/Form 2/Add Employee Button' is clicked on

2019-01-08 18:03:23 - [TEST_STEP][PASSED] - delay: Delayed 4 second(s)

2019-01-08 18:03:27 - [MESSAGE][PASSED] - Delayed 4 second(s)

2019-01-08 18:03:27 - [TEST_STEP][PASSED] - setText: Text '620904059691' is set on object 'Object Repository/Final Object Repo/New Registration - Registration Module Pages/Form 2/NRIC Input'

2019-01-08 18:03:27 - [MESSAGE][PASSED] - Text '620904059691' is set on object 'Object Repository/Final Object Repo/New Registration - Registration Module Pages/Form 2/NRIC Input'

2019-01-08 18:03:27 - [TEST_STEP][PASSED] - click: Object: 'Object Repository/Final Object Repo/New Registration - Registration Module Pages/Form 2/button for search for IC' is clicked on

2019-01-08 18:03:27 - [MESSAGE][PASSED] - Object: 'Object Repository/Final Object Repo/New Registration - Registration Module Pages/Form 2/button for search for IC' is clicked on

2019-01-08 18:03:27 - [TEST_STEP][PASSED] - delay: Delayed 2 second(s)

2019-01-08 18:03:29 - [MESSAGE][PASSED] - Delayed 2 second(s)

2019-01-08 18:03:29 - [TEST_STEP][PASSED] - setText: Text 'Automate001 eligible 2' is set on object 'Object Repository/Final Object Repo/New Registration - Registration Module Pages/Form 2/Employee Name Input'

2019-01-08 18:03:30 - [MESSAGE][PASSED] - Text 'Automate001 eligible 2' is set on object 'Object Repository/Final Object Repo/New Registration - Registration Module Pages/Form 2/Employee Name Input'

2019-01-08 18:03:30 - [TEST_STEP][PASSED] - delay: Delayed 2 second(s)

2019-01-08 18:03:32 - [MESSAGE][PASSED] - Delayed 2 second(s)

2019-01-08 18:03:32 - [TEST_STEP][PASSED] - click: Object: 'Object Repository/Final Object Repo/New Registration - Registration Module Pages/Form 2/DatePicker Pop Up' is clicked on

2019-01-08 18:03:32 - [MESSAGE][PASSED] - Object: 'Object Repository/Final Object Repo/New Registration - Registration Module Pages/Form 2/DatePicker Pop Up' is clicked on

2019-01-08 18:03:32 - [TEST_STEP][PASSED] - delay: Delayed 2 second(s)

2019-01-08 18:03:34 - [MESSAGE][PASSED] - Delayed 2 second(s)

2019-01-08 18:03:34 - [TEST_STEP][PASSED] - click: Object: 'Object Repository/Final Object Repo/New Registration - Registration Module Pages/Form 2/DOB Month' is clicked on

2019-01-08 18:03:34 - [MESSAGE][PASSED] - Object: 'Object Repository/Final Object Repo/New Registration - Registration Module Pages/Form 2/DOB Month' is clicked on

2019-01-08 18:03:34 - [TEST_STEP][PASSED] - Statement - selectMonth = com.kms.katalon.core.webui.keyword.WebUiBuiltInKeywords.modifyObjectProperty(selectMonth, "xpath", "equals", "//body/div/div/div/select/option[@value="" + CurrentMonth + ""]", true): Modify property of object successfully

2019-01-08 18:03:34 - [MESSAGE][PASSED] - Modify property of object successfully

2019-01-08 18:03:34 - [TEST_STEP][PASSED] - click: Object: '' is clicked on

2019-01-08 18:03:34 - [MESSAGE][PASSED] - Object: '' is clicked on

2019-01-08 18:03:34 - [TEST_STEP][PASSED] - click: Object: 'Object Repository/Final Object Repo/New Registration - Registration Module Pages/Form 2/DOB Year' is clicked on

2019-01-08 18:03:34 - [MESSAGE][PASSED] - Object: 'Object Repository/Final Object Repo/New Registration - Registration Module Pages/Form 2/DOB Year' is clicked on

2019-01-08 18:03:34 - [TEST_STEP][PASSED] - Statement - selectYear = com.kms.katalon.core.webui.keyword.WebUiBuiltInKeywords.modifyObjectProperty(selectYear, "xpath", "equals", "//div/div/div/select/option[@value="" + FiftysevenYrsBefore + ""]", true): Modify property of object successfully

2019-01-08 18:03:34 - [MESSAGE][PASSED] - Modify property of object successfully

2019-01-08 18:03:34 - [TEST_STEP][PASSED] - click: Object: '' is clicked on

2019-01-08 18:03:34 - [MESSAGE][PASSED] - Object: '' is clicked on

2019-01-08 18:03:34 - [TEST_STEP][PASSED] - Statement - UpdatedSelectDate = com.kms.katalon.core.webui.keyword.WebUiBuiltInKeywords.modifyObjectProperty(com.kms.katalon.core.testobject.ObjectRepository.findTestObject(Final Object Repo/New Registration - Registration Module Pages/Form 2/DOB Date), "xpath", "equals", "//body/div/table/tbody/tr/td/a[text()="" + OneDayBefore + ""]", true): Modify property of object successfully

2019-01-08 18:03:34 - [MESSAGE][PASSED] - Modify property of object successfully

2019-01-08 18:03:34 - [TEST_STEP][PASSED] - click: Object: 'Object Repository/Final Object Repo/New Registration - Registration Module Pages/Form 2/DOB Date' is clicked on

2019-01-08 18:03:34 - [MESSAGE][PASSED] - Object: 'Object Repository/Final Object Repo/New Registration - Registration Module Pages/Form 2/DOB Date' is clicked on

2019-01-08 18:03:34 - [TEST_STEP][PASSED] - delay: Delayed 2 second(s)

2019-01-08 18:03:36 - [MESSAGE][PASSED] - Delayed 2 second(s)

2019-01-08 18:03:36 - [TEST_STEP][PASSED] - click: Object: 'Object Repository/Final Object Repo/New Registration - Registration Module Pages/Form 2/EmploymentStartDate Pop Up' is clicked on

2019-01-08 18:03:37 - [MESSAGE][PASSED] - Object: 'Object Repository/Final Object Repo/New Registration - Registration Module Pages/Form 2/EmploymentStartDate Pop Up' is clicked on

2019-01-08 18:03:37 - [TEST_STEP][PASSED] - delay: Delayed 2 second(s)

2019-01-08 18:03:39 - [MESSAGE][PASSED] - Delayed 2 second(s)

2019-01-08 18:03:39 - [TEST_STEP][PASSED] - click: Object: 'Object Repository/Final Object Repo/New Registration - Registration Module Pages/Form 2/Socso Employment StartDate Month' is clicked on

2019-01-08 18:03:39 - [MESSAGE][PASSED] - Object: 'Object Repository/Final Object Repo/New Registration - Registration Module Pages/Form 2/Socso Employment StartDate Month' is clicked on

2019-01-08 18:03:39 - [TEST_STEP][PASSED] - delay: Delayed 1 second(s)

2019-01-08 18:03:40 - [MESSAGE][PASSED] - Delayed 1 second(s)

2019-01-08 18:03:40 - [TEST_STEP][PASSED] - click: Object: 'Object Repository/Final Object Repo/New Registration - Registration Module Pages/Form 2/Select Socso Employement Startdate Month' is clicked on

2019-01-08 18:03:40 - [MESSAGE][PASSED] - Object: 'Object Repository/Final Object Repo/New Registration - Registration Module Pages/Form 2/Select Socso Employement Startdate Month' is clicked on

2019-01-08 18:03:40 - [TEST_STEP][PASSED] - delay: Delayed 2 second(s)

2019-01-08 18:03:42 - [MESSAGE][PASSED] - Delayed 2 second(s)

2019-01-08 18:03:42 - [TEST_STEP][PASSED] - click: Object: 'Object Repository/Final Object Repo/New Registration - Registration Module Pages/Form 2/Socso Employment StartDate Year' is clicked on

2019-01-08 18:03:42 - [MESSAGE][PASSED] - Object: 'Object Repository/Final Object Repo/New Registration - Registration Module Pages/Form 2/Socso Employment StartDate Year' is clicked on

2019-01-08 18:03:42 - [TEST_STEP][PASSED] - delay: Delayed 1 second(s)

2019-01-08 18:03:43 - [MESSAGE][PASSED] - Delayed 1 second(s)

2019-01-08 18:03:43 - [TEST_STEP][PASSED] - click: Object: 'Object Repository/Final Object Repo/New Registration - Registration Module Pages/Form 2/Select Socso Employment Startdate Year' is clicked on

2019-01-08 18:03:43 - [MESSAGE][PASSED] - Object: 'Object Repository/Final Object Repo/New Registration - Registration Module Pages/Form 2/Select Socso Employment Startdate Year' is clicked on

2019-01-08 18:03:43 - [TEST_STEP][PASSED] - delay: Delayed 2 second(s)

2019-01-08 18:03:45 - [MESSAGE][PASSED] - Delayed 2 second(s)

2019-01-08 18:03:45 - [TEST_STEP][PASSED] - click: Object: 'Object Repository/Final Object Repo/New Registration - Registration Module Pages/Form 2/Socso Employment Start Date Day' is clicked on

2019-01-08 18:03:45 - [MESSAGE][PASSED] - Object: 'Object Repository/Final Object Repo/New Registration - Registration Module Pages/Form 2/Socso Employment Start Date Day' is clicked on

2019-01-08 18:03:45 - [TEST_STEP][PASSED] - delay: Delayed 2 second(s)

2019-01-08 18:03:47 - [MESSAGE][PASSED] - Delayed 2 second(s)

2019-01-08 18:03:47 - [TEST_STEP][PASSED] - click: Object: 'Object Repository/Final Object Repo/New Registration - Registration Module Pages/Form 2/Save Button for Add Employee' is clicked on

2019-01-08 18:03:48 - [MESSAGE][PASSED] - Object: 'Object Repository/Final Object Repo/New Registration - Registration Module Pages/Form 2/Save Button for Add Employee' is clicked on

2019-01-08 18:03:48 - [TEST_STEP][PASSED] - delay: Delayed 4 second(s)

2019-01-08 18:03:52 - [MESSAGE][PASSED] - Delayed 4 second(s)

2019-01-08 18:03:52 - [TEST_STEP][PASSED] - delay: Delayed 30 second(s)

2019-01-08 18:04:22 - [MESSAGE][PASSED] - Delayed 30 second(s)

2019-01-08 18:04:22 - [TEST_STEP][PASSED] - click: Object: 'Object Repository/Final Object Repo/New Registration - Registration Module Pages/Form 2/Add Employee Button' is clicked on

2019-01-08 18:04:22 - [MESSAGE][PASSED] - Object: 'Object Repository/Final Object Repo/New Registration - Registration Module Pages/Form 2/Add Employee Button' is clicked on

2019-01-08 18:04:22 - [TEST_STEP][PASSED] - delay: Delayed 4 second(s)

2019-01-08 18:04:26 - [MESSAGE][PASSED] - Delayed 4 second(s)

2019-01-08 18:04:26 - [TEST_STEP][PASSED] - setText: Text '000209039145' is set on object 'Object Repository/Final Object Repo/New Registration - Registration Module Pages/Form 2/NRIC Input'

2019-01-08 18:04:26 - [MESSAGE][PASSED] - Text '000209039145' is set on object 'Object Repository/Final Object Repo/New Registration - Registration Module Pages/Form 2/NRIC Input'

2019-01-08 18:04:26 - [TEST_STEP][PASSED] - click: Object: 'Object Repository/Final Object Repo/New Registration - Registration Module Pages/Form 2/button for search for IC' is clicked on

2019-01-08 18:04:26 - [MESSAGE][PASSED] - Object: 'Object Repository/Final Object Repo/New Registration - Registration Module Pages/Form 2/button for search for IC' is clicked on

2019-01-08 18:04:26 - [TEST_STEP][PASSED] - delay: Delayed 2 second(s)

2019-01-08 18:04:28 - [MESSAGE][PASSED] - Delayed 2 second(s)

2019-01-08 18:04:28 - [TEST_STEP][PASSED] - setText: Text 'Automate001 not eligible 1' is set on object 'Object Repository/Final Object Repo/New Registration - Registration Module Pages/Form 2/Employee Name Input'

2019-01-08 18:04:29 - [MESSAGE][PASSED] - Text 'Automate001 not eligible 1' is set on object 'Object Repository/Final Object Repo/New Registration - Registration Module Pages/Form 2/Employee Name Input'

2019-01-08 18:04:29 - [TEST_STEP][PASSED] - delay: Delayed 2 second(s)

2019-01-08 18:04:31 - [MESSAGE][PASSED] - Delayed 2 second(s)

2019-01-08 18:04:31 - [TEST_STEP][PASSED] - click: Object: 'Object Repository/Final Object Repo/New Registration - Registration Module Pages/Form 2/DatePicker Pop Up' is clicked on

2019-01-08 18:04:31 - [MESSAGE][PASSED] - Object: 'Object Repository/Final Object Repo/New Registration - Registration Module Pages/Form 2/DatePicker Pop Up' is clicked on

2019-01-08 18:04:31 - [TEST_STEP][PASSED] - delay: Delayed 2 second(s)

2019-01-08 18:04:33 - [MESSAGE][PASSED] - Delayed 2 second(s)

2019-01-08 18:04:33 - [TEST_STEP][PASSED] - click: Object: 'Object Repository/Final Object Repo/New Registration - Registration Module Pages/Form 2/DOB Month' is clicked on

2019-01-08 18:04:33 - [MESSAGE][PASSED] - Object: 'Object Repository/Final Object Repo/New Registration - Registration Module Pages/Form 2/DOB Month' is clicked on

2019-01-08 18:04:33 - [TEST_STEP][PASSED] - Statement - selectMonth = com.kms.katalon.core.webui.keyword.WebUiBuiltInKeywords.modifyObjectProperty(selectMonth, "xpath", "equals", "//body/div/div/div/select/option[@value="" + CurrentMonth + ""]", true): Modify property of object successfully

2019-01-08 18:04:33 - [MESSAGE][PASSED] - Modify property of object successfully

2019-01-08 18:04:33 - [TEST_STEP][PASSED] - click: Object: '' is clicked on

2019-01-08 18:04:33 - [MESSAGE][PASSED] - Object: '' is clicked on

2019-01-08 18:04:33 - [TEST_STEP][PASSED] - click: Object: 'Object Repository/Final Object Repo/New Registration - Registration Module Pages/Form 2/DOB Year' is clicked on

2019-01-08 18:04:33 - [MESSAGE][PASSED] - Object: 'Object Repository/Final Object Repo/New Registration - Registration Module Pages/Form 2/DOB Year' is clicked on

2019-01-08 18:04:33 - [TEST_STEP][PASSED] - Statement - selectYear = com.kms.katalon.core.webui.keyword.WebUiBuiltInKeywords.modifyObjectProperty(selectYear, "xpath", "equals", "//div/div/div/select/option[@value="" + EighteenYrsBefore + ""]", true): Modify property of object successfully

2019-01-08 18:04:33 - [MESSAGE][PASSED] - Modify property of object successfully

2019-01-08 18:04:33 - [TEST_STEP][PASSED] - click: Object: '' is clicked on

2019-01-08 18:04:34 - [MESSAGE][PASSED] - Object: '' is clicked on

2019-01-08 18:04:34 - [TEST_STEP][PASSED] - Statement - UpdatedSelectDate = com.kms.katalon.core.webui.keyword.WebUiBuiltInKeywords.modifyObjectProperty(com.kms.katalon.core.testobject.ObjectRepository.findTestObject(Final Object Repo/New Registration - Registration Module Pages/Form 2/DOB Date), "xpath", "equals", "//body/div/table/tbody/tr/td/a[text()="" + OneDayBefore + ""]", true): Modify property of object successfully

2019-01-08 18:04:34 - [MESSAGE][PASSED] - Modify property of object successfully

2019-01-08 18:04:34 - [TEST_STEP][PASSED] - click: Object: 'Object Repository/Final Object Repo/New Registration - Registration Module Pages/Form 2/DOB Date' is clicked on

2019-01-08 18:04:34 - [MESSAGE][PASSED] - Object: 'Object Repository/Final Object Repo/New Registration - Registration Module Pages/Form 2/DOB Date' is clicked on

2019-01-08 18:04:34 - [TEST_STEP][PASSED] - delay: Delayed 2 second(s)

2019-01-08 18:04:36 - [MESSAGE][PASSED] - Delayed 2 second(s)

2019-01-08 18:04:36 - [TEST_STEP][PASSED] - click: Object: 'Object Repository/Final Object Repo/New Registration - Registration Module Pages/Form 2/EmploymentStartDate Pop Up' is clicked on

2019-01-08 18:04:36 - [MESSAGE][PASSED] - Object: 'Object Repository/Final Object Repo/New Registration - Registration Module Pages/Form 2/EmploymentStartDate Pop Up' is clicked on

2019-01-08 18:04:36 - [TEST_STEP][PASSED] - delay: Delayed 2 second(s)

2019-01-08 18:04:38 - [MESSAGE][PASSED] - Delayed 2 second(s)

2019-01-08 18:04:38 - [TEST_STEP][PASSED] - click: Object: 'Object Repository/Final Object Repo/New Registration - Registration Module Pages/Form 2/Socso Employment StartDate Month' is clicked on

2019-01-08 18:04:38 - [MESSAGE][PASSED] - Object: 'Object Repository/Final Object Repo/New Registration - Registration Module Pages/Form 2/Socso Employment StartDate Month' is clicked on

2019-01-08 18:04:38 - [TEST_STEP][PASSED] - delay: Delayed 1 second(s)

2019-01-08 18:04:39 - [MESSAGE][PASSED] - Delayed 1 second(s)

2019-01-08 18:04:39 - [TEST_STEP][PASSED] - click: Object: 'Object Repository/Final Object Repo/New Registration - Registration Module Pages/Form 2/Select Socso Employement Startdate Month' is clicked on

2019-01-08 18:04:39 - [MESSAGE][PASSED] - Object: 'Object Repository/Final Object Repo/New Registration - Registration Module Pages/Form 2/Select Socso Employement Startdate Month' is clicked on

2019-01-08 18:04:39 - [TEST_STEP][PASSED] - delay: Delayed 2 second(s)

2019-01-08 18:04:41 - [MESSAGE][PASSED] - Delayed 2 second(s)

2019-01-08 18:04:41 - [TEST_STEP][PASSED] - click: Object: 'Object Repository/Final Object Repo/New Registration - Registration Module Pages/Form 2/Socso Employment StartDate Year' is clicked on

2019-01-08 18:04:41 - [MESSAGE][PASSED] - Object: 'Object Repository/Final Object Repo/New Registration - Registration Module Pages/Form 2/Socso Employment StartDate Year' is clicked on

2019-01-08 18:04:41 - [TEST_STEP][PASSED] - delay: Delayed 1 second(s)

2019-01-08 18:04:42 - [MESSAGE][PASSED] - Delayed 1 second(s)

2019-01-08 18:04:42 - [TEST_STEP][PASSED] - click: Object: 'Object Repository/Final Object Repo/New Registration - Registration Module Pages/Form 2/Select Socso Employment Startdate Year' is clicked on

2019-01-08 18:04:43 - [MESSAGE][PASSED] - Object: 'Object Repository/Final Object Repo/New Registration - Registration Module Pages/Form 2/Select Socso Employment Startdate Year' is clicked on

2019-01-08 18:04:43 - [TEST_STEP][PASSED] - delay: Delayed 2 second(s)

2019-01-08 18:04:45 - [MESSAGE][PASSED] - Delayed 2 second(s)

2019-01-08 18:04:45 - [TEST_STEP][PASSED] - click: Object: 'Object Repository/Final Object Repo/New Registration - Registration Module Pages/Form 2/Socso Employment Start Date Day' is clicked on

2019-01-08 18:04:45 - [MESSAGE][PASSED] - Object: 'Object Repository/Final Object Repo/New Registration - Registration Module Pages/Form 2/Socso Employment Start Date Day' is clicked on

2019-01-08 18:04:45 - [TEST_STEP][PASSED] - delay: Delayed 2 second(s)

2019-01-08 18:04:47 - [MESSAGE][PASSED] - Delayed 2 second(s)

2019-01-08 18:04:47 - [TEST_STEP][PASSED] - click: Object: 'Object Repository/Final Object Repo/New Registration - Registration Module Pages/Form 2/Save Button for Add Employee' is clicked on

2019-01-08 18:04:47 - [MESSAGE][PASSED] - Object: 'Object Repository/Final Object Repo/New Registration - Registration Module Pages/Form 2/Save Button for Add Employee' is clicked on

2019-01-08 18:04:47 - [TEST_STEP][PASSED] - delay: Delayed 6 second(s)

2019-01-08 18:04:53 - [MESSAGE][PASSED] - Delayed 6 second(s)

2019-01-08 18:04:53 - [TEST_STEP][PASSED] - click: Object: 'Object Repository/Final Object Repo/New Registration - Registration Module Pages/Form 2/Add Employee Button' is clicked on

2019-01-08 18:04:53 - [MESSAGE][PASSED] - Object: 'Object Repository/Final Object Repo/New Registration - Registration Module Pages/Form 2/Add Employee Button' is clicked on

2019-01-08 18:04:53 - [TEST_STEP][PASSED] - delay: Delayed 4 second(s)

2019-01-08 18:04:57 - [MESSAGE][PASSED] - Delayed 4 second(s)

2019-01-08 18:04:57 - [TEST_STEP][PASSED] - setText: Text '600203039154' is set on object 'Object Repository/Final Object Repo/New Registration - Registration Module Pages/Form 2/NRIC Input'

2019-01-08 18:04:57 - [MESSAGE][PASSED] - Text '600203039154' is set on object 'Object Repository/Final Object Repo/New Registration - Registration Module Pages/Form 2/NRIC Input'

2019-01-08 18:04:57 - [TEST_STEP][PASSED] - click: Object: 'Object Repository/Final Object Repo/New Registration - Registration Module Pages/Form 2/button for search for IC' is clicked on

2019-01-08 18:04:58 - [MESSAGE][PASSED] - Object: 'Object Repository/Final Object Repo/New Registration - Registration Module Pages/Form 2/button for search for IC' is clicked on

2019-01-08 18:04:58 - [TEST_STEP][PASSED] - delay: Delayed 2 second(s)

2019-01-08 18:05:00 - [MESSAGE][PASSED] - Delayed 2 second(s)

2019-01-08 18:05:00 - [TEST_STEP][PASSED] - setText: Text 'Automate001 not eligible 2' is set on object 'Object Repository/Final Object Repo/New Registration - Registration Module Pages/Form 2/Employee Name Input'

2019-01-08 18:05:00 - [MESSAGE][PASSED] - Text 'Automate001 not eligible 2' is set on object 'Object Repository/Final Object Repo/New Registration - Registration Module Pages/Form 2/Employee Name Input'

2019-01-08 18:05:00 - [TEST_STEP][PASSED] - delay: Delayed 2 second(s)

2019-01-08 18:05:02 - [MESSAGE][PASSED] - Delayed 2 second(s)

2019-01-08 18:05:02 - [TEST_STEP][PASSED] - click: Object: 'Object Repository/Final Object Repo/New Registration - Registration Module Pages/Form 2/DatePicker Pop Up' is clicked on

2019-01-08 18:05:02 - [MESSAGE][PASSED] - Object: 'Object Repository/Final Object Repo/New Registration - Registration Module Pages/Form 2/DatePicker Pop Up' is clicked on

2019-01-08 18:05:02 - [TEST_STEP][PASSED] - delay: Delayed 2 second(s)

2019-01-08 18:05:04 - [MESSAGE][PASSED] - Delayed 2 second(s)

2019-01-08 18:05:04 - [TEST_STEP][PASSED] - click: Object: 'Object Repository/Final Object Repo/New Registration - Registration Module Pages/Form 2/DOB Month' is clicked on

2019-01-08 18:05:04 - [MESSAGE][PASSED] - Object: 'Object Repository/Final Object Repo/New Registration - Registration Module Pages/Form 2/DOB Month' is clicked on

2019-01-08 18:05:04 - [TEST_STEP][PASSED] - Statement - selectMonth = com.kms.katalon.core.webui.keyword.WebUiBuiltInKeywords.modifyObjectProperty(selectMonth, "xpath", "equals", "//body/div/div/div/select/option[@value="" + CurrentMonth + ""]", true): Modify property of object successfully

2019-01-08 18:05:04 - [MESSAGE][PASSED] - Modify property of object successfully

2019-01-08 18:05:04 - [TEST_STEP][PASSED] - click: Object: '' is clicked on

2019-01-08 18:05:05 - [MESSAGE][PASSED] - Object: '' is clicked on

2019-01-08 18:05:05 - [TEST_STEP][PASSED] - click: Object: 'Object Repository/Final Object Repo/New Registration - Registration Module Pages/Form 2/DOB Year' is clicked on

2019-01-08 18:05:05 - [MESSAGE][PASSED] - Object: 'Object Repository/Final Object Repo/New Registration - Registration Module Pages/Form 2/DOB Year' is clicked on

2019-01-08 18:05:05 - [TEST_STEP][PASSED] - Statement - selectYear = com.kms.katalon.core.webui.keyword.WebUiBuiltInKeywords.modifyObjectProperty(selectYear, "xpath", "equals", "//div/div/div/select/option[@value="" + FiftysevenYrsBefore + ""]", true): Modify property of object successfully

2019-01-08 18:05:05 - [MESSAGE][PASSED] - Modify property of object successfully

2019-01-08 18:05:05 - [TEST_STEP][PASSED] - click: Object: '' is clicked on

2019-01-08 18:05:05 - [MESSAGE][PASSED] - Object: '' is clicked on

2019-01-08 18:05:05 - [TEST_STEP][PASSED] - Statement - UpdatedSelectDate = com.kms.katalon.core.webui.keyword.WebUiBuiltInKeywords.modifyObjectProperty(com.kms.katalon.core.testobject.ObjectRepository.findTestObject(Final Object Repo/New Registration - Registration Module Pages/Form 2/DOB Date), "xpath", "equals", "//body/div/table/tbody/tr/td/a[text()="" + CurrentDate + ""]", true): Modify property of object successfully

2019-01-08 18:05:05 - [MESSAGE][PASSED] - Modify property of object successfully

2019-01-08 18:05:05 - [TEST_STEP][PASSED] - click: Object: 'Object Repository/Final Object Repo/New Registration - Registration Module Pages/Form 2/DOB Date' is clicked on

2019-01-08 18:05:05 - [MESSAGE][PASSED] - Object: 'Object Repository/Final Object Repo/New Registration - Registration Module Pages/Form 2/DOB Date' is clicked on

2019-01-08 18:05:05 - [TEST_STEP][PASSED] - click: Object: 'Object Repository/Final Object Repo/New Registration - Registration Module Pages/Form 2/EmploymentStartDate Pop Up' is clicked on

2019-01-08 18:05:05 - [MESSAGE][PASSED] - Object: 'Object Repository/Final Object Repo/New Registration - Registration Module Pages/Form 2/EmploymentStartDate Pop Up' is clicked on

2019-01-08 18:05:05 - [TEST_STEP][PASSED] - delay: Delayed 2 second(s)

2019-01-08 18:05:07 - [MESSAGE][PASSED] - Delayed 2 second(s)

2019-01-08 18:05:07 - [TEST_STEP][PASSED] - click: Object: 'Object Repository/Final Object Repo/New Registration - Registration Module Pages/Form 2/Socso Employment StartDate Month' is clicked on

2019-01-08 18:05:07 - [MESSAGE][PASSED] - Object: 'Object Repository/Final Object Repo/New Registration - Registration Module Pages/Form 2/Socso Employment StartDate Month' is clicked on

2019-01-08 18:05:07 - [TEST_STEP][PASSED] - delay: Delayed 1 second(s)

2019-01-08 18:05:08 - [MESSAGE][PASSED] - Delayed 1 second(s)

2019-01-08 18:05:08 - [TEST_STEP][PASSED] - click: Object: 'Object Repository/Final Object Repo/New Registration - Registration Module Pages/Form 2/Select Socso Employement Startdate Month' is clicked on

2019-01-08 18:05:08 - [MESSAGE][PASSED] - Object: 'Object Repository/Final Object Repo/New Registration - Registration Module Pages/Form 2/Select Socso Employement Startdate Month' is clicked on

2019-01-08 18:05:08 - [TEST_STEP][PASSED] - delay: Delayed 2 second(s)

2019-01-08 18:05:10 - [MESSAGE][PASSED] - Delayed 2 second(s)

2019-01-08 18:05:10 - [TEST_STEP][PASSED] - click: Object: 'Object Repository/Final Object Repo/New Registration - Registration Module Pages/Form 2/Socso Employment StartDate Year' is clicked on

2019-01-08 18:05:11 - [MESSAGE][PASSED] - Object: 'Object Repository/Final Object Repo/New Registration - Registration Module Pages/Form 2/Socso Employment StartDate Year' is clicked on

2019-01-08 18:05:11 - [TEST_STEP][PASSED] - delay: Delayed 1 second(s)

2019-01-08 18:05:12 - [MESSAGE][PASSED] - Delayed 1 second(s)

2019-01-08 18:05:12 - [TEST_STEP][PASSED] - click: Object: 'Object Repository/Final Object Repo/New Registration - Registration Module Pages/Form 2/Select Socso Employment Startdate Year' is clicked on

2019-01-08 18:05:12 - [MESSAGE][PASSED] - Object: 'Object Repository/Final Object Repo/New Registration - Registration Module Pages/Form 2/Select Socso Employment Startdate Year' is clicked on

2019-01-08 18:05:12 - [TEST_STEP][PASSED] - delay: Delayed 2 second(s)

2019-01-08 18:05:14 - [MESSAGE][PASSED] - Delayed 2 second(s)

2019-01-08 18:05:14 - [TEST_STEP][PASSED] - click: Object: 'Object Repository/Final Object Repo/New Registration - Registration Module Pages/Form 2/Socso Employment Start Date Day' is clicked on

2019-01-08 18:05:14 - [MESSAGE][PASSED] - Object: 'Object Repository/Final Object Repo/New Registration - Registration Module Pages/Form 2/Socso Employment Start Date Day' is clicked on

2019-01-08 18:05:14 - [TEST_STEP][PASSED] - delay: Delayed 2 second(s)

2019-01-08 18:05:16 - [MESSAGE][PASSED] - Delayed 2 second(s)

2019-01-08 18:05:16 - [TEST_STEP][PASSED] - click: Object: 'Object Repository/Final Object Repo/New Registration - Registration Module Pages/Form 2/Save Button for Add Employee' is clicked on

2019-01-08 18:05:16 - [MESSAGE][PASSED] - Object: 'Object Repository/Final Object Repo/New Registration - Registration Module Pages/Form 2/Save Button for Add Employee' is clicked on

2019-01-08 18:05:16 - [TEST_STEP][PASSED] - delay: Delayed 2 second(s)

2019-01-08 18:05:18 - [MESSAGE][PASSED] - Delayed 2 second(s)

2019-01-08 18:05:18 - [TEST_STEP][PASSED] - click: Object: 'Object Repository/Final Object Repo/New Registration - Registration Module Pages/Form 2/Save and Continue Form 2' is clicked on

2019-01-08 18:05:18 - [MESSAGE][PASSED] - Object: 'Object Repository/Final Object Repo/New Registration - Registration Module Pages/Form 2/Save and Continue Form 2' is clicked on

2019-01-08 18:05:18 - [MESSAGE][PASSED] - Call Test Case 'Test Cases/Final Aug 2018 - PKS Automation/Registration Module/New Registration/Form 2/Add 2 Eligible 2 Not Eligible' successfully

2019-01-08 18:05:18 - [TEST_STEP][PASSED] - callTestCase: Call Test Case 'Test Cases/Final Aug 2018 - PKS Automation/Registration Module/New Registration/Flow of New Registration/Third Screen - Upload Supporting Doc - Preview' successfully

2019-01-08 18:05:18 - [TEST_CASE][PASSED] - Test Cases/Final Aug 2018 - PKS Automation/Registration Module/New Registration/Flow of New Registration/Third Screen - Upload Supporting Doc - Preview: Test Cases/Final Aug 2018 - PKS Automation/Registration Module/New Registration/Flow of New Registration/Third Screen - Upload Supporting Doc - Preview

2019-01-08 18:05:18 - [TEST_STEP][PASSED] - waitForPageLoad: Wait for page load successfully

2019-01-08 18:05:19 - [MESSAGE][PASSED] - Wait for page load successfully

2019-01-08 18:05:19 - [TEST_STEP][PASSED] - Statement - CaseReferenceNo = com.kms.katalon.core.webui.keyword.WebUiBuiltInKeywords.getText(com.kms.katalon.core.testobject.ObjectRepository.findTestObject(Final Object Repo/New Registration - Registration Module Pages/Third Screen - Upload Supporting Doc- Preview/RefNo Acquiring)): Text of object 'Object Repository/Final Object Repo/New Registration - Registration Module Pages/Third Screen - Upload Supporting Doc- Preview/RefNo Acquiring' is: 'CRN01201900123646'

2019-01-08 18:05:19 - [MESSAGE][PASSED] - Text of object 'Object Repository/Final Object Repo/New Registration - Registration Module Pages/Third Screen - Upload Supporting Doc- Preview/RefNo Acquiring' is: 'CRN01201900123646'

2019-01-08 18:05:19 - [TEST_STEP][PASSED] - delay: Delayed 2 second(s)

2019-01-08 18:05:21 - [MESSAGE][PASSED] - Delayed 2 second(s)

2019-01-08 18:05:21 - [TEST_STEP][PASSED] - callTestCase: Call Test Case 'Test Cases/Final Aug 2018 - PKS Automation/Common/Reference Number Setter' successfully

2019-01-08 18:05:21 - [TEST_CASE][PASSED] - Test Cases/Final Aug 2018 - PKS Automation/Common/Reference Number Setter: Test Cases/Final Aug 2018 - PKS Automation/Common/Reference Number Setter

2019-01-08 18:05:21 - [TEST_STEP][PASSED] - Statement - RefNoOldFile = new java.io.File(C://Users//Admin//Desktop//PKS//Automation Reference Point//KatalonReference.txt): null

2019-01-08 18:05:21 - [TEST_STEP][PASSED] - Statement - RefNoOldFile.delete(): null

2019-01-08 18:05:21 - [TEST_STEP][PASSED] - delay: Delayed 5 second(s)

2019-01-08 18:05:26 - [MESSAGE][PASSED] - Delayed 5 second(s)

2019-01-08 18:05:26 - [TEST_STEP][PASSED] - Statement - RefNo = new java.io.File(C://Users//Admin//Desktop//PKS//Automation Reference Point//KatalonReference.txt): null

2019-01-08 18:05:26 - [TEST_STEP][PASSED] - Statement - f2 = new java.io.FileWriter(RefNo, false): null

2019-01-08 18:05:26 - [TEST_STEP][PASSED] - Statement - f2.write(CaseReferenceNo): null

2019-01-08 18:05:26 - [TEST_STEP][PASSED] - Statement - f2.close(): null

2019-01-08 18:05:26 - [TEST_STEP][PASSED] - Statement - out.println("


" + CaseReferenceNo + "


"): null

2019-01-08 18:05:26 - [MESSAGE][PASSED] - Call Test Case 'Test Cases/Final Aug 2018 - PKS Automation/Common/Reference Number Setter' successfully

2019-01-08 18:05:26 - [TEST_STEP][PASSED] - waitForElementClickable: Object 'Object Repository/Final Object Repo/New Registration - Registration Module Pages/Third Screen - Upload Supporting Doc- Preview/Save n Continue in SIP Employee Listing Page' is clickable

2019-01-08 18:05:26 - [MESSAGE][PASSED] - Object 'Object Repository/Final Object Repo/New Registration - Registration Module Pages/Third Screen - Upload Supporting Doc- Preview/Save n Continue in SIP Employee Listing Page' is clickable

2019-01-08 18:05:26 - [TEST_STEP][PASSED] - click: Object: 'Object Repository/Final Object Repo/New Registration - Registration Module Pages/Third Screen - Upload Supporting Doc- Preview/Save n Continue in SIP Employee Listing Page' is clicked on

2019-01-08 18:05:32 - [MESSAGE][PASSED] - Object: 'Object Repository/Final Object Repo/New Registration - Registration Module Pages/Third Screen - Upload Supporting Doc- Preview/Save n Continue in SIP Employee Listing Page' is clicked on

2019-01-08 18:05:32 - [TEST_STEP][PASSED] - delay: Delayed 7 second(s)

2019-01-08 18:05:39 - [MESSAGE][PASSED] - Delayed 7 second(s)

2019-01-08 18:05:39 - [TEST_STEP][PASSED] - click: Object: 'Object Repository/Final Object Repo/New Registration - Registration Module Pages/Third Screen - Upload Supporting Doc- Preview/Add Document Button' is clicked on

2019-01-08 18:05:39 - [MESSAGE][PASSED] - Object: 'Object Repository/Final Object Repo/New Registration - Registration Module Pages/Third Screen - Upload Supporting Doc- Preview/Add Document Button' is clicked on

2019-01-08 18:05:39 - [TEST_STEP][PASSED] - delay: Delayed 30 second(s)

2019-01-08 18:06:09 - [MESSAGE][PASSED] - Delayed 30 second(s)

2019-01-08 18:06:09 - [TEST_STEP][PASSED] - click: Object: 'Object Repository/Final Object Repo/New Registration - Registration Module Pages/Third Screen - Upload Supporting Doc- Preview/Supporting Doc Please Select Drop Down' is clicked on

2019-01-08 18:06:09 - [MESSAGE][PASSED] - Object: 'Object Repository/Final Object Repo/New Registration - Registration Module Pages/Third Screen - Upload Supporting Doc- Preview/Supporting Doc Please Select Drop Down' is clicked on

2019-01-08 18:06:09 - [TEST_STEP][PASSED] - delay: Delayed 2 second(s)

2019-01-08 18:06:11 - [MESSAGE][PASSED] - Delayed 2 second(s)

2019-01-08 18:06:11 - [TEST_STEP][PASSED] - click: Object: 'Object Repository/Final Object Repo/New Registration - Registration Module Pages/Third Screen - Upload Supporting Doc- Preview/Select to Upload Form 1' is clicked on

2019-01-08 18:06:12 - [MESSAGE][PASSED] - Object: 'Object Repository/Final Object Repo/New Registration - Registration Module Pages/Third Screen - Upload Supporting Doc- Preview/Select to Upload Form 1' is clicked on

2019-01-08 18:06:12 - [TEST_STEP][PASSED] - delay: Delayed 2 second(s)

2019-01-08 18:06:14 - [MESSAGE][PASSED] - Delayed 2 second(s)

2019-01-08 18:06:14 - [TEST_STEP][PASSED] - uploadFile: File 'C:\Users\Public\Pictures\Sample Pictures\Koala.jpg' sent to object: 'Object Repository/Final Object Repo/New Registration - Registration Module Pages/Third Screen - Upload Supporting Doc- Preview/Upload File Adding'

2019-01-08 18:06:14 - [MESSAGE][PASSED] - File 'C:\Users\Public\Pictures\Sample Pictures\Koala.jpg' sent to object: 'Object Repository/Final Object Repo/New Registration - Registration Module Pages/Third Screen - Upload Supporting Doc- Preview/Upload File Adding'

2019-01-08 18:06:14 - [TEST_STEP][PASSED] - delay: Delayed 5 second(s)

2019-01-08 18:06:19 - [MESSAGE][PASSED] - Delayed 5 second(s)

2019-01-08 18:06:19 - [TEST_STEP][PASSED] - click: Object: 'Object Repository/Final Object Repo/New Registration - Registration Module Pages/Third Screen - Upload Supporting Doc- Preview/Inner Form Add Document Button' is clicked on

2019-01-08 18:06:19 - [MESSAGE][PASSED] - Object: 'Object Repository/Final Object Repo/New Registration - Registration Module Pages/Third Screen - Upload Supporting Doc- Preview/Inner Form Add Document Button' is clicked on

2019-01-08 18:06:19 - [TEST_STEP][PASSED] - delay: Delayed 3 second(s)

2019-01-08 18:06:22 - [MESSAGE][PASSED] - Delayed 3 second(s)

2019-01-08 18:06:22 - [TEST_STEP][PASSED] - click: Object: 'Object Repository/Final Object Repo/New Registration - Registration Module Pages/Third Screen - Upload Supporting Doc- Preview/Add Document Button' is clicked on

2019-01-08 18:06:23 - [MESSAGE][PASSED] - Object: 'Object Repository/Final Object Repo/New Registration - Registration Module Pages/Third Screen - Upload Supporting Doc- Preview/Add Document Button' is clicked on

2019-01-08 18:06:23 - [TEST_STEP][PASSED] - delay: Delayed 30 second(s)

2019-01-08 18:06:53 - [MESSAGE][PASSED] - Delayed 30 second(s)

2019-01-08 18:06:53 - [TEST_STEP][PASSED] - click: Object: 'Object Repository/Final Object Repo/New Registration - Registration Module Pages/Third Screen - Upload Supporting Doc- Preview/Supporting Doc Please Select Drop Down' is clicked on

2019-01-08 18:06:54 - [MESSAGE][PASSED] - Object: 'Object Repository/Final Object Repo/New Registration - Registration Module Pages/Third Screen - Upload Supporting Doc- Preview/Supporting Doc Please Select Drop Down' is clicked on

2019-01-08 18:06:54 - [TEST_STEP][PASSED] - delay: Delayed 4 second(s)

2019-01-08 18:06:58 - [MESSAGE][PASSED] - Delayed 4 second(s)

2019-01-08 18:06:58 - [TEST_STEP][PASSED] - click: Object: 'Object Repository/Final Object Repo/New Registration - Registration Module Pages/Third Screen - Upload Supporting Doc- Preview/Select to Upload Form 2' is clicked on

2019-01-08 18:06:58 - [MESSAGE][PASSED] - Object: 'Object Repository/Final Object Repo/New Registration - Registration Module Pages/Third Screen - Upload Supporting Doc- Preview/Select to Upload Form 2' is clicked on

2019-01-08 18:06:58 - [TEST_STEP][PASSED] - delay: Delayed 2 second(s)

2019-01-08 18:07:00 - [MESSAGE][PASSED] - Delayed 2 second(s)

2019-01-08 18:07:00 - [TEST_STEP][PASSED] - uploadFile: File 'C:\Users\Public\Pictures\Sample Pictures\Koala.jpg' sent to object: 'Object Repository/Final Object Repo/New Registration - Registration Module Pages/Third Screen - Upload Supporting Doc- Preview/Upload File Adding'

2019-01-08 18:07:00 - [MESSAGE][PASSED] - File 'C:\Users\Public\Pictures\Sample Pictures\Koala.jpg' sent to object: 'Object Repository/Final Object Repo/New Registration - Registration Module Pages/Third Screen - Upload Supporting Doc- Preview/Upload File Adding'

2019-01-08 18:07:00 - [TEST_STEP][PASSED] - click: Object: 'Object Repository/Final Object Repo/New Registration - Registration Module Pages/Third Screen - Upload Supporting Doc- Preview/Inner Form Add Document Button' is clicked on

2019-01-08 18:07:00 - [MESSAGE][PASSED] - Object: 'Object Repository/Final Object Repo/New Registration - Registration Module Pages/Third Screen - Upload Supporting Doc- Preview/Inner Form Add Document Button' is clicked on

2019-01-08 18:07:00 - [TEST_STEP][PASSED] - delay: Delayed 5 second(s)

2019-01-08 18:07:05 - [MESSAGE][PASSED] - Delayed 5 second(s)

2019-01-08 18:07:05 - [TEST_STEP][PASSED] - click: Object: 'Object Repository/Final Object Repo/New Registration - Registration Module Pages/Third Screen - Upload Supporting Doc- Preview/Add Document Button' is clicked on

2019-01-08 18:07:05 - [MESSAGE][PASSED] - Object: 'Object Repository/Final Object Repo/New Registration - Registration Module Pages/Third Screen - Upload Supporting Doc- Preview/Add Document Button' is clicked on

2019-01-08 18:07:05 - [TEST_STEP][PASSED] - delay: Delayed 30 second(s)

2019-01-08 18:07:35 - [MESSAGE][PASSED] - Delayed 30 second(s)

2019-01-08 18:07:35 - [TEST_STEP][PASSED] - click: Object: 'Object Repository/Final Object Repo/New Registration - Registration Module Pages/Third Screen - Upload Supporting Doc- Preview/Supporting Doc Please Select Drop Down' is clicked on

2019-01-08 18:07:35 - [MESSAGE][PASSED] - Object: 'Object Repository/Final Object Repo/New Registration - Registration Module Pages/Third Screen - Upload Supporting Doc- Preview/Supporting Doc Please Select Drop Down' is clicked on

2019-01-08 18:07:35 - [TEST_STEP][PASSED] - click: Object: 'Object Repository/Final Object Repo/New Registration - Registration Module Pages/Third Screen - Upload Supporting Doc- Preview/Select to Upload Borang SIP 1' is clicked on

2019-01-08 18:07:36 - [MESSAGE][PASSED] - Object: 'Object Repository/Final Object Repo/New Registration - Registration Module Pages/Third Screen - Upload Supporting Doc- Preview/Select to Upload Borang SIP 1' is clicked on

2019-01-08 18:07:36 - [TEST_STEP][PASSED] - delay: Delayed 2 second(s)

2019-01-08 18:07:38 - [MESSAGE][PASSED] - Delayed 2 second(s)

2019-01-08 18:07:38 - [TEST_STEP][PASSED] - uploadFile: File 'C:\Users\Public\Pictures\Sample Pictures\Koala.jpg' sent to object: 'Object Repository/Final Object Repo/New Registration - Registration Module Pages/Third Screen - Upload Supporting Doc- Preview/Upload File Adding'

2019-01-08 18:07:38 - [MESSAGE][PASSED] - File 'C:\Users\Public\Pictures\Sample Pictures\Koala.jpg' sent to object: 'Object Repository/Final Object Repo/New Registration - Registration Module Pages/Third Screen - Upload Supporting Doc- Preview/Upload File Adding'

2019-01-08 18:07:38 - [TEST_STEP][PASSED] - click: Object: 'Object Repository/Final Object Repo/New Registration - Registration Module Pages/Third Screen - Upload Supporting Doc- Preview/Inner Form Add Document Button' is clicked on

2019-01-08 18:07:38 - [MESSAGE][PASSED] - Object: 'Object Repository/Final Object Repo/New Registration - Registration Module Pages/Third Screen - Upload Supporting Doc- Preview/Inner Form Add Document Button' is clicked on

2019-01-08 18:07:38 - [TEST_STEP][PASSED] - delay: Delayed 5 second(s)

2019-01-08 18:07:43 - [MESSAGE][PASSED] - Delayed 5 second(s)

2019-01-08 18:07:43 - [TEST_STEP][PASSED] - click: Object: 'Object Repository/Final Object Repo/New Registration - Registration Module Pages/Third Screen - Upload Supporting Doc- Preview/Add Document Button' is clicked on

2019-01-08 18:07:43 - [MESSAGE][PASSED] - Object: 'Object Repository/Final Object Repo/New Registration - Registration Module Pages/Third Screen - Upload Supporting Doc- Preview/Add Document Button' is clicked on

2019-01-08 18:07:43 - [TEST_STEP][PASSED] - delay: Delayed 30 second(s)

2019-01-08 18:08:13 - [MESSAGE][PASSED] - Delayed 30 second(s)

2019-01-08 18:08:13 - [TEST_STEP][PASSED] - click: Object: 'Object Repository/Final Object Repo/New Registration - Registration Module Pages/Third Screen - Upload Supporting Doc- Preview/Supporting Doc Please Select Drop Down' is clicked on

2019-01-08 18:08:13 - [MESSAGE][PASSED] - Object: 'Object Repository/Final Object Repo/New Registration - Registration Module Pages/Third Screen - Upload Supporting Doc- Preview/Supporting Doc Please Select Drop Down' is clicked on

2019-01-08 18:08:13 - [TEST_STEP][PASSED] - delay: Delayed 3 second(s)

2019-01-08 18:08:16 - [MESSAGE][PASSED] - Delayed 3 second(s)

2019-01-08 18:08:16 - [TEST_STEP][PASSED] - click: Object: 'Object Repository/Final Object Repo/New Registration - Registration Module Pages/Third Screen - Upload Supporting Doc- Preview/Select to Upload Borang SIP 2' is clicked on

2019-01-08 18:08:16 - [MESSAGE][PASSED] - Object: 'Object Repository/Final Object Repo/New Registration - Registration Module Pages/Third Screen - Upload Supporting Doc- Preview/Select to Upload Borang SIP 2' is clicked on

2019-01-08 18:08:16 - [TEST_STEP][PASSED] - delay: Delayed 2 second(s)

2019-01-08 18:08:18 - [MESSAGE][PASSED] - Delayed 2 second(s)

2019-01-08 18:08:18 - [TEST_STEP][PASSED] - uploadFile: File 'C:\Users\Public\Pictures\Sample Pictures\Koala.jpg' sent to object: 'Object Repository/Final Object Repo/New Registration - Registration Module Pages/Third Screen - Upload Supporting Doc- Preview/Upload File Adding'

2019-01-08 18:08:19 - [MESSAGE][PASSED] - File 'C:\Users\Public\Pictures\Sample Pictures\Koala.jpg' sent to object: 'Object Repository/Final Object Repo/New Registration - Registration Module Pages/Third Screen - Upload Supporting Doc- Preview/Upload File Adding'

2019-01-08 18:08:19 - [TEST_STEP][PASSED] - delay: Delayed 5 second(s)

2019-01-08 18:08:24 - [MESSAGE][PASSED] - Delayed 5 second(s)

2019-01-08 18:08:24 - [TEST_STEP][PASSED] - click: Object: 'Object Repository/Final Object Repo/New Registration - Registration Module Pages/Third Screen - Upload Supporting Doc- Preview/Inner Form Add Document Button' is clicked on

2019-01-08 18:08:24 - [MESSAGE][PASSED] - Object: 'Object Repository/Final Object Repo/New Registration - Registration Module Pages/Third Screen - Upload Supporting Doc- Preview/Inner Form Add Document Button' is clicked on

2019-01-08 18:08:24 - [TEST_STEP][PASSED] - delay: Delayed 3 second(s)

2019-01-08 18:08:27 - [MESSAGE][PASSED] - Delayed 3 second(s)

2019-01-08 18:08:27 - [TEST_STEP][PASSED] - waitForElementClickable: Object 'Object Repository/Final Object Repo/New Registration - Registration Module Pages/Third Screen - Upload Supporting Doc- Preview/Save n Continue in Uploading Supporting Doc Page' is clickable

2019-01-08 18:08:28 - [MESSAGE][PASSED] - Object 'Object Repository/Final Object Repo/New Registration - Registration Module Pages/Third Screen - Upload Supporting Doc- Preview/Save n Continue in Uploading Supporting Doc Page' is clickable

2019-01-08 18:08:28 - [TEST_STEP][PASSED] - click: Object: 'Object Repository/Final Object Repo/New Registration - Registration Module Pages/Third Screen - Upload Supporting Doc- Preview/Save n Continue in Uploading Supporting Doc Page' is clicked on

2019-01-08 18:08:28 - [MESSAGE][PASSED] - Object: 'Object Repository/Final Object Repo/New Registration - Registration Module Pages/Third Screen - Upload Supporting Doc- Preview/Save n Continue in Uploading Supporting Doc Page' is clicked on

2019-01-08 18:08:28 - [MESSAGE][PASSED] - Call Test Case 'Test Cases/Final Aug 2018 - PKS Automation/Registration Module/New Registration/Flow of New Registration/Third Screen - Upload Supporting Doc - Preview' successfully

2019-01-08 18:08:28 - [TEST_STEP][PASSED] - callTestCase: Call Test Case 'Test Cases/Final Aug 2018 - PKS Automation/Registration Module/New Registration/Submit and Screenshot/Submit Registration and Screenshot' successfully

2019-01-08 18:08:28 - [TEST_CASE][PASSED] - Test Cases/Final Aug 2018 - PKS Automation/Registration Module/New Registration/Submit and Screenshot/Submit Registration and Screenshot: Test Cases/Final Aug 2018 - PKS Automation/Registration Module/New Registration/Submit and Screenshot/Submit Registration and Screenshot

2019-01-08 18:08:28 - [TEST_STEP][PASSED] - delay: Delayed 6 second(s)

2019-01-08 18:08:34 - [MESSAGE][PASSED] - Delayed 6 second(s)

2019-01-08 18:08:34 - [TEST_STEP][PASSED] - click: Object: 'Object Repository/Final Object Repo/New Registration - Registration Module Pages/Third Screen - Upload Supporting Doc- Preview/Preview Submit Button' is clicked on

2019-01-08 18:08:34 - [MESSAGE][PASSED] - Object: 'Object Repository/Final Object Repo/New Registration - Registration Module Pages/Third Screen - Upload Supporting Doc- Preview/Preview Submit Button' is clicked on

2019-01-08 18:08:34 - [TEST_STEP][PASSED] - delay: Delayed 2 second(s)

2019-01-08 18:08:36 - [MESSAGE][PASSED] - Delayed 2 second(s)

2019-01-08 18:08:36 - [TEST_STEP][PASSED] - click: Object: 'Object Repository/Final Object Repo/New Registration - Registration Module Pages/Third Screen - Upload Supporting Doc- Preview/Preview Submit - Confirm' is clicked on

2019-01-08 18:08:37 - [MESSAGE][PASSED] - Object: 'Object Repository/Final Object Repo/New Registration - Registration Module Pages/Third Screen - Upload Supporting Doc- Preview/Preview Submit - Confirm' is clicked on

2019-01-08 18:08:37 - [TEST_STEP][PASSED] - delay: Delayed 15 second(s)

2019-01-08 18:08:52 - [MESSAGE][PASSED] - Delayed 15 second(s)

2019-01-08 18:08:52 - [TEST_STEP][PASSED] - Statement - driver = com.kms.katalon.core.webui.driver.DriverFactory.getWebDriver(): null

2019-01-08 18:08:52 - [TEST_STEP][PASSED] - Statement - driver.manage().timeouts().implicitlyWait(10, SECONDS): null

2019-01-08 18:08:52 - [TEST_STEP][PASSED] - Statement - PresavePath = KatalonScreenshots: null

2019-01-08 18:08:52 - [TEST_STEP][PASSED] - Statement - pathPrefix = "C:\Users\Public\Pictures\Sample Pictures\Katalon Screenshots\Automate Ending Screen": null

2019-01-08 18:08:52 - [TEST_STEP][PASSED] - Statement - finalPath = <not implemented yet for class: org.codehaus.groovy.ast.expr.EmptyExpression>: null

2019-01-08 18:08:52 - [TEST_STEP][PASSED] - Statement - scrFile = driver.getScreenshotAs(FILE): null

2019-01-08 18:08:52 - [TEST_STEP][PASSED] - Statement - PreSaveFile = new java.io.File(PresavePath): null

2019-01-08 18:08:52 - [TEST_STEP][PASSED] - Statement - counter = 0: null

2019-01-08 18:08:52 - [TEST_STEP][PASSED] - Statement - If (PreSaveFile.exists()): null

2019-01-08 18:08:52 - [TEST_STEP][PASSED] - Statement - While (PreSaveFile.exists()): null

2019-01-08 18:08:52 - [TEST_STEP][PASSED] - Statement - counter = counter + 1: null

2019-01-08 18:08:52 - [TEST_STEP][PASSED] - Statement - PreSaveFile = new java.io.File(((pathPrefix + java.lang.Integer.toString(counter)) + .png)): null

2019-01-08 18:08:52 - [TEST_STEP][PASSED] - Statement - counter = counter + 1: null

2019-01-08 18:08:52 - [TEST_STEP][PASSED] - Statement - PreSaveFile = new java.io.File(((pathPrefix + java.lang.Integer.toString(counter)) + .png)): null

2019-01-08 18:08:52 - [TEST_STEP][PASSED] - Statement - counter = counter + 1: null

2019-01-08 18:08:52 - [TEST_STEP][PASSED] - Statement - PreSaveFile = new java.io.File(((pathPrefix + java.lang.Integer.toString(counter)) + .png)): null

2019-01-08 18:08:52 - [TEST_STEP][PASSED] - Statement - counter = counter + 1: null

2019-01-08 18:08:52 - [TEST_STEP][PASSED] - Statement - PreSaveFile = new java.io.File(((pathPrefix + java.lang.Integer.toString(counter)) + .png)): null

2019-01-08 18:08:52 - [TEST_STEP][PASSED] - Statement - counter = counter + 1: null

2019-01-08 18:08:52 - [TEST_STEP][PASSED] - Statement - PreSaveFile = new java.io.File(((pathPrefix + java.lang.Integer.toString(counter)) + .png)): null

2019-01-08 18:08:52 - [TEST_STEP][PASSED] - Statement - counter = counter + 1: null

2019-01-08 18:08:52 - [TEST_STEP][PASSED] - Statement - PreSaveFile = new java.io.File(((pathPrefix + java.lang.Integer.toString(counter)) + .png)): null

2019-01-08 18:08:52 - [TEST_STEP][PASSED] - Statement - counter = counter + 1: null

2019-01-08 18:08:52 - [TEST_STEP][PASSED] - Statement - PreSaveFile = new java.io.File(((pathPrefix + java.lang.Integer.toString(counter)) + .png)): null

2019-01-08 18:08:52 - [TEST_STEP][PASSED] - Statement - counter = counter + 1: null

2019-01-08 18:08:52 - [TEST_STEP][PASSED] - Statement - PreSaveFile = new java.io.File(((pathPrefix + java.lang.Integer.toString(counter)) + .png)): null

2019-01-08 18:08:52 - [TEST_STEP][PASSED] - Statement - counter = counter + 1: null

2019-01-08 18:08:52 - [TEST_STEP][PASSED] - Statement - PreSaveFile = new java.io.File(((pathPrefix + java.lang.Integer.toString(counter)) + .png)): null

2019-01-08 18:08:52 - [TEST_STEP][PASSED] - Statement - counter = counter + 1: null

2019-01-08 18:08:52 - [TEST_STEP][PASSED] - Statement - PreSaveFile = new java.io.File(((pathPrefix + java.lang.Integer.toString(counter)) + .png)): null

2019-01-08 18:08:52 - [TEST_STEP][PASSED] - Statement - counter = counter + 1: null

2019-01-08 18:08:52 - [TEST_STEP][PASSED] - Statement - PreSaveFile = new java.io.File(((pathPrefix + java.lang.Integer.toString(counter)) + .png)): null

2019-01-08 18:08:52 - [TEST_STEP][PASSED] - Statement - counter = counter + 1: null

2019-01-08 18:08:52 - [TEST_STEP][PASSED] - Statement - PreSaveFile = new java.io.File(((pathPrefix + java.lang.Integer.toString(counter)) + .png)): null

2019-01-08 18:08:52 - [TEST_STEP][PASSED] - Statement - counter = counter + 1: null

2019-01-08 18:08:52 - [TEST_STEP][PASSED] - Statement - PreSaveFile = new java.io.File(((pathPrefix + java.lang.Integer.toString(counter)) + .png)): null

2019-01-08 18:08:52 - [TEST_STEP][PASSED] - Statement - counter = counter + 1: null

2019-01-08 18:08:52 - [TEST_STEP][PASSED] - Statement - PreSaveFile = new java.io.File(((pathPrefix + java.lang.Integer.toString(counter)) + .png)): null

2019-01-08 18:08:52 - [TEST_STEP][PASSED] - Statement - counter = counter + 1: null

2019-01-08 18:08:52 - [TEST_STEP][PASSED] - Statement - PreSaveFile = new java.io.File(((pathPrefix + java.lang.Integer.toString(counter)) + .png)): null

2019-01-08 18:08:52 - [TEST_STEP][PASSED] - Statement - counter = counter + 1: null

2019-01-08 18:08:52 - [TEST_STEP][PASSED] - Statement - PreSaveFile = new java.io.File(((pathPrefix + java.lang.Integer.toString(counter)) + .png)): null

2019-01-08 18:08:52 - [TEST_STEP][PASSED] - Statement - counter = counter + 1: null

2019-01-08 18:08:52 - [TEST_STEP][PASSED] - Statement - PreSaveFile = new java.io.File(((pathPrefix + java.lang.Integer.toString(counter)) + .png)): null

2019-01-08 18:08:52 - [TEST_STEP][PASSED] - Statement - counter = counter + 1: null

2019-01-08 18:08:52 - [TEST_STEP][PASSED] - Statement - PreSaveFile = new java.io.File(((pathPrefix + java.lang.Integer.toString(counter)) + .png)): null

2019-01-08 18:08:52 - [TEST_STEP][PASSED] - Statement - counter = counter + 1: null

2019-01-08 18:08:52 - [TEST_STEP][PASSED] - Statement - PreSaveFile = new java.io.File(((pathPrefix + java.lang.Integer.toString(counter)) + .png)): null

2019-01-08 18:08:52 - [TEST_STEP][PASSED] - Statement - counter = counter + 1: null

2019-01-08 18:08:52 - [TEST_STEP][PASSED] - Statement - PreSaveFile = new java.io.File(((pathPrefix + java.lang.Integer.toString(counter)) + .png)): null

2019-01-08 18:08:52 - [TEST_STEP][PASSED] - Statement - counter = counter + 1: null

2019-01-08 18:08:52 - [TEST_STEP][PASSED] - Statement - PreSaveFile = new java.io.File(((pathPrefix + java.lang.Integer.toString(counter)) + .png)): null

2019-01-08 18:08:52 - [TEST_STEP][PASSED] - Statement - counter = counter + 1: null

2019-01-08 18:08:52 - [TEST_STEP][PASSED] - Statement - PreSaveFile = new java.io.File(((pathPrefix + java.lang.Integer.toString(counter)) + .png)): null

2019-01-08 18:08:52 - [TEST_STEP][PASSED] - Statement - finalPath = pathPrefix + java.lang.Integer.toString(counter) + ".png": null

2019-01-08 18:08:52 - [TEST_STEP][PASSED] - Statement - SaveFile = new java.io.File(finalPath): null

2019-01-08 18:08:52 - [TEST_STEP][PASSED] - Statement - Try: null

2019-01-08 18:08:52 - [TEST_STEP][PASSED] - Statement - org.apache.commons.io.FileUtils.copyFile(scrFile, SaveFile): null

2019-01-08 18:08:52 - [TEST_STEP][PASSED] - Statement - out.println("file kept"): null

2019-01-08 18:08:52 - [TEST_STEP][PASSED] - delay: Delayed 10 second(s)

2019-01-08 18:09:02 - [MESSAGE][PASSED] - Delayed 10 second(s)

2019-01-08 18:09:02 - [MESSAGE][PASSED] - Call Test Case 'Test Cases/Final Aug 2018 - PKS Automation/Registration Module/New Registration/Submit and Screenshot/Submit Registration and Screenshot' successfully]]></system-out>
         <system-err><![CDATA[]]></system-err>
      </testcase>
      <testcase name="Test Cases/Final Aug 2018 - PKS Automation/Registration Module/Critical Path/New Registration/Other - Business Representative" classname="Test Cases/Final Aug 2018 - PKS Automation/Registration Module/Critical Path/New Registration/Other - Business Representative" status="PASSED">
         <system-out><![CDATA[2019-01-08 18:09:02 - [TEST_CASE][PASSED] - Test Cases/Final Aug 2018 - PKS Automation/Registration Module/Critical Path/New Registration/Other - Business Representative: Test Cases/Final Aug 2018 - PKS Automation/Registration Module/Critical Path/New Registration/Other - Business Representative

2019-01-08 18:09:03 - [TEST_STEP][PASSED] - callTestCase: Call Test Case 'Test Cases/Final Aug 2018 - PKS Automation/Registration Module/New Registration/Form 1/Form 1 - Other - Businss Representative' successfully

2019-01-08 18:09:03 - [TEST_CASE][PASSED] - Test Cases/Final Aug 2018 - PKS Automation/Registration Module/New Registration/Form 1/Form 1 - Other - Businss Representative: Test Cases/Final Aug 2018 - PKS Automation/Registration Module/New Registration/Form 1/Form 1 - Other - Businss Representative

2019-01-08 18:09:03 - [TEST_STEP][PASSED] - openBrowser: Browser is opened with url: ''

2019-01-08 18:09:03 - [MESSAGE][WARNING] - A browser is already opened. Closing browser and opening a new one

2019-01-08 18:09:06 - [MESSAGE][PASSED] - Browser is opened with url: ''

2019-01-08 18:09:06 - [TEST_STEP][PASSED] - navigateToUrl: Navigate to 'https://assist2-uat.perkeso.gov.my/login' successfully

2019-01-08 18:09:07 - [MESSAGE][PASSED] - Navigate to 'https://assist2-uat.perkeso.gov.my/login' successfully

2019-01-08 18:09:07 - [TEST_STEP][PASSED] - setText: Text 'johorotc1@gmail.com' is set on object 'Object Repository/Final Object Repo/Login Page/Internal User/Email Address'

2019-01-08 18:09:07 - [MESSAGE][PASSED] - Text 'johorotc1@gmail.com' is set on object 'Object Repository/Final Object Repo/Login Page/Internal User/Email Address'

2019-01-08 18:09:07 - [TEST_STEP][PASSED] - click: Object: 'Object Repository/Final Object Repo/Login Page/Internal User/Next Button' is clicked on

2019-01-08 18:09:07 - [MESSAGE][PASSED] - Object: 'Object Repository/Final Object Repo/Login Page/Internal User/Next Button' is clicked on

2019-01-08 18:09:07 - [TEST_STEP][PASSED] - delay: Delayed 1 second(s)

2019-01-08 18:09:08 - [MESSAGE][PASSED] - Delayed 1 second(s)

2019-01-08 18:09:08 - [TEST_STEP][PASSED] - setEncryptedText: Text ****** has been set on object 'Object Repository/Final Object Repo/Login Page/Internal User/Password'

2019-01-08 18:09:09 - [MESSAGE][PASSED] - Text ****** has been set on object 'Object Repository/Final Object Repo/Login Page/Internal User/Password'

2019-01-08 18:09:09 - [TEST_STEP][PASSED] - click: Object: 'Object Repository/Final Object Repo/Login Page/Internal User/Login Button' is clicked on

2019-01-08 18:09:09 - [MESSAGE][PASSED] - Object: 'Object Repository/Final Object Repo/Login Page/Internal User/Login Button' is clicked on

2019-01-08 18:09:09 - [TEST_STEP][PASSED] - delay: Delayed 1 second(s)

2019-01-08 18:09:10 - [MESSAGE][PASSED] - Delayed 1 second(s)

2019-01-08 18:09:10 - [TEST_STEP][PASSED] - Statement - Try: Delayed 2 second(s)

2019-01-08 18:09:10 - [TEST_STEP][PASSED] - Statement - Checker = false: null

2019-01-08 18:09:10 - [TEST_STEP][PASSED] - Statement - Checker = com.kms.katalon.core.webui.keyword.WebUiBuiltInKeywords.verifyElementHasAttribute(com.kms.katalon.core.testobject.ObjectRepository.findTestObject(Final Object Repo/Landing Page/BM Detecting), "href", 20, OPTIONAL): Object 'Object Repository/Final Object Repo/Landing Page/BM Detecting' has attribute 'href'

2019-01-08 18:09:11 - [MESSAGE][PASSED] - Object 'Object Repository/Final Object Repo/Landing Page/BM Detecting' has attribute 'href'

2019-01-08 18:09:11 - [TEST_STEP][PASSED] - Statement - out.println(Checker): null

2019-01-08 18:09:11 - [TEST_STEP][PASSED] - Statement - If (Checker == false): null

2019-01-08 18:09:11 - [TEST_STEP][PASSED] - Statement - Else: null

2019-01-08 18:09:11 - [TEST_STEP][PASSED] - delay: Delayed 2 second(s)

2019-01-08 18:09:13 - [MESSAGE][PASSED] - Delayed 2 second(s)

2019-01-08 18:09:13 - [TEST_STEP][PASSED] - navigateToUrl: Navigate to 'https://assist2-uat.perkeso.gov.my/web/registration/registration' successfully

2019-01-08 18:09:14 - [MESSAGE][PASSED] - Navigate to 'https://assist2-uat.perkeso.gov.my/web/registration/registration' successfully

2019-01-08 18:09:14 - [TEST_STEP][PASSED] - click: Object: 'Object Repository/Final Object Repo/New Registration - Registration Module Pages/Form 1/AEC - No' is clicked on

2019-01-08 18:09:14 - [MESSAGE][PASSED] - Object: 'Object Repository/Final Object Repo/New Registration - Registration Module Pages/Form 1/AEC - No' is clicked on

2019-01-08 18:09:14 - [TEST_STEP][PASSED] - click: Object: 'Object Repository/Final Object Repo/New Registration - Registration Module Pages/Form 1/Business Entity' is clicked on

2019-01-08 18:09:15 - [MESSAGE][PASSED] - Object: 'Object Repository/Final Object Repo/New Registration - Registration Module Pages/Form 1/Business Entity' is clicked on

2019-01-08 18:09:15 - [TEST_STEP][PASSED] - click: Object: 'Object Repository/Final Object Repo/New Registration - Registration Module Pages/Form 1/Business Entity - Other' is clicked on

2019-01-08 18:09:15 - [MESSAGE][PASSED] - Object: 'Object Repository/Final Object Repo/New Registration - Registration Module Pages/Form 1/Business Entity - Other' is clicked on

2019-01-08 18:09:15 - [TEST_STEP][PASSED] - delay: Delayed 1 second(s)

2019-01-08 18:09:16 - [MESSAGE][PASSED] - Delayed 1 second(s)

2019-01-08 18:09:16 - [TEST_STEP][PASSED] - click: Object: 'Object Repository/Final Object Repo/New Registration - Registration Module Pages/Form 1/Sub Business Entity' is clicked on

2019-01-08 18:09:16 - [MESSAGE][PASSED] - Object: 'Object Repository/Final Object Repo/New Registration - Registration Module Pages/Form 1/Sub Business Entity' is clicked on

2019-01-08 18:09:16 - [TEST_STEP][PASSED] - click: Object: 'Object Repository/Final Object Repo/New Registration - Registration Module Pages/Form 1/Sub Business Entity - Other/Sub Business Entity  - Business Representative' is clicked on

2019-01-08 18:09:16 - [MESSAGE][PASSED] - Object: 'Object Repository/Final Object Repo/New Registration - Registration Module Pages/Form 1/Sub Business Entity - Other/Sub Business Entity  - Business Representative' is clicked on

2019-01-08 18:09:16 - [TEST_STEP][PASSED] - delay: Delayed 1 second(s)

2019-01-08 18:09:17 - [MESSAGE][PASSED] - Delayed 1 second(s)

2019-01-08 18:09:17 - [TEST_STEP][PASSED] - click: Object: 'Object Repository/Final Object Repo/New Registration - Registration Module Pages/Form 1/Sub Business Entity List' is clicked on

2019-01-08 18:09:17 - [MESSAGE][PASSED] - Object: 'Object Repository/Final Object Repo/New Registration - Registration Module Pages/Form 1/Sub Business Entity List' is clicked on

2019-01-08 18:09:17 - [TEST_STEP][PASSED] - click: Object: 'Object Repository/Final Object Repo/New Registration - Registration Module Pages/Form 1/Sub Business Entity List - Other/Sub Business Entity List - Others - Business Representative - Consulate' is clicked on

2019-01-08 18:09:18 - [MESSAGE][PASSED] - Object: 'Object Repository/Final Object Repo/New Registration - Registration Module Pages/Form 1/Sub Business Entity List - Other/Sub Business Entity List - Others - Business Representative - Consulate' is clicked on

2019-01-08 18:09:18 - [TEST_STEP][PASSED] - delay: Delayed 1 second(s)

2019-01-08 18:09:19 - [MESSAGE][PASSED] - Delayed 1 second(s)

2019-01-08 18:09:19 - [TEST_STEP][PASSED] - setText: Text '123' is set on object 'Object Repository/Final Object Repo/New Registration - Registration Module Pages/Form 1/Registration Number'

2019-01-08 18:09:19 - [MESSAGE][PASSED] - Text '123' is set on object 'Object Repository/Final Object Repo/New Registration - Registration Module Pages/Form 1/Registration Number'

2019-01-08 18:09:19 - [TEST_STEP][NOT_RUN] - click: NOT_RUN: click

2019-01-08 18:09:19 - [MESSAGE][NOT_RUN] - NOT_RUN: click

2019-01-08 18:09:19 - [TEST_STEP][PASSED] - click: Object: 'Object Repository/Final Object Repo/New Registration - Registration Module Pages/Form 1/Registered As a Branch - Yes' is clicked on

2019-01-08 18:09:19 - [MESSAGE][PASSED] - Object: 'Object Repository/Final Object Repo/New Registration - Registration Module Pages/Form 1/Registered As a Branch - Yes' is clicked on

2019-01-08 18:09:19 - [TEST_STEP][PASSED] - check: Object 'Object Repository/Final Object Repo/New Registration - Registration Module Pages/Form 1/Acknowledgement' is checked

2019-01-08 18:09:19 - [MESSAGE][PASSED] - Object 'Object Repository/Final Object Repo/New Registration - Registration Module Pages/Form 1/Acknowledgement' is checked

2019-01-08 18:09:19 - [TEST_STEP][PASSED] - setText: Text 'perkeso' is set on object 'Object Repository/Final Object Repo/New Registration - Registration Module Pages/Form 1/Industry name'

2019-01-08 18:09:20 - [MESSAGE][PASSED] - Text 'perkeso' is set on object 'Object Repository/Final Object Repo/New Registration - Registration Module Pages/Form 1/Industry name'

2019-01-08 18:09:20 - [TEST_STEP][PASSED] - setText: Text 'perkeso1' is set on object 'Object Repository/Final Object Repo/New Registration - Registration Module Pages/Form 1/Postal Address1'

2019-01-08 18:09:20 - [MESSAGE][PASSED] - Text 'perkeso1' is set on object 'Object Repository/Final Object Repo/New Registration - Registration Module Pages/Form 1/Postal Address1'

2019-01-08 18:09:20 - [TEST_STEP][PASSED] - setText: Text 'perkeso2' is set on object 'Object Repository/Final Object Repo/New Registration - Registration Module Pages/Form 1/Postal Address2'

2019-01-08 18:09:20 - [MESSAGE][PASSED] - Text 'perkeso2' is set on object 'Object Repository/Final Object Repo/New Registration - Registration Module Pages/Form 1/Postal Address2'

2019-01-08 18:09:20 - [TEST_STEP][PASSED] - setText: Text 'perkeso3' is set on object 'Object Repository/Final Object Repo/New Registration - Registration Module Pages/Form 1/Postal Address3'

2019-01-08 18:09:21 - [MESSAGE][PASSED] - Text 'perkeso3' is set on object 'Object Repository/Final Object Repo/New Registration - Registration Module Pages/Form 1/Postal Address3'

2019-01-08 18:09:21 - [TEST_STEP][PASSED] - click: Object: 'Object Repository/Final Object Repo/New Registration - Registration Module Pages/Form 1/State' is clicked on

2019-01-08 18:09:21 - [MESSAGE][PASSED] - Object: 'Object Repository/Final Object Repo/New Registration - Registration Module Pages/Form 1/State' is clicked on

2019-01-08 18:09:21 - [TEST_STEP][PASSED] - click: Object: 'Object Repository/Final Object Repo/New Registration - Registration Module Pages/Form 1/State - Johor' is clicked on

2019-01-08 18:09:21 - [MESSAGE][PASSED] - Object: 'Object Repository/Final Object Repo/New Registration - Registration Module Pages/Form 1/State - Johor' is clicked on

2019-01-08 18:09:21 - [TEST_STEP][PASSED] - delay: Delayed 1 second(s)

2019-01-08 18:09:22 - [MESSAGE][PASSED] - Delayed 1 second(s)

2019-01-08 18:09:22 - [TEST_STEP][PASSED] - click: Object: 'Object Repository/Final Object Repo/New Registration - Registration Module Pages/Form 1/City' is clicked on

2019-01-08 18:09:22 - [MESSAGE][PASSED] - Object: 'Object Repository/Final Object Repo/New Registration - Registration Module Pages/Form 1/City' is clicked on

2019-01-08 18:09:22 - [TEST_STEP][PASSED] - setText: Text 'joh' is set on object 'Object Repository/Final Object Repo/New Registration - Registration Module Pages/Form 1/Postcode - 810'

2019-01-08 18:09:23 - [MESSAGE][PASSED] - Text 'joh' is set on object 'Object Repository/Final Object Repo/New Registration - Registration Module Pages/Form 1/Postcode - 810'

2019-01-08 18:09:23 - [TEST_STEP][PASSED] - delay: Delayed 1 second(s)

2019-01-08 18:09:24 - [MESSAGE][PASSED] - Delayed 1 second(s)

2019-01-08 18:09:24 - [TEST_STEP][PASSED] - click: Object: 'Object Repository/Final Object Repo/New Registration - Registration Module Pages/Form 1/City - Johor Bharu' is clicked on

2019-01-08 18:09:24 - [MESSAGE][PASSED] - Object: 'Object Repository/Final Object Repo/New Registration - Registration Module Pages/Form 1/City - Johor Bharu' is clicked on

2019-01-08 18:09:24 - [TEST_STEP][PASSED] - delay: Delayed 1 second(s)

2019-01-08 18:09:25 - [MESSAGE][PASSED] - Delayed 1 second(s)

2019-01-08 18:09:25 - [TEST_STEP][PASSED] - click: Object: 'Object Repository/Final Object Repo/New Registration - Registration Module Pages/Form 1/Postcode' is clicked on

2019-01-08 18:09:25 - [MESSAGE][PASSED] - Object: 'Object Repository/Final Object Repo/New Registration - Registration Module Pages/Form 1/Postcode' is clicked on

2019-01-08 18:09:25 - [TEST_STEP][PASSED] - delay: Delayed 1 second(s)

2019-01-08 18:09:26 - [MESSAGE][PASSED] - Delayed 1 second(s)

2019-01-08 18:09:26 - [TEST_STEP][PASSED] - setText: Text '810' is set on object 'Object Repository/Final Object Repo/New Registration - Registration Module Pages/Form 1/Postcode - 810'

2019-01-08 18:09:26 - [MESSAGE][PASSED] - Text '810' is set on object 'Object Repository/Final Object Repo/New Registration - Registration Module Pages/Form 1/Postcode - 810'

2019-01-08 18:09:26 - [TEST_STEP][PASSED] - delay: Delayed 1 second(s)

2019-01-08 18:09:27 - [MESSAGE][PASSED] - Delayed 1 second(s)

2019-01-08 18:09:27 - [TEST_STEP][PASSED] - click: Object: 'Object Repository/Final Object Repo/New Registration - Registration Module Pages/Form 1/Postcode - 81000' is clicked on

2019-01-08 18:09:27 - [MESSAGE][PASSED] - Object: 'Object Repository/Final Object Repo/New Registration - Registration Module Pages/Form 1/Postcode - 81000' is clicked on

2019-01-08 18:09:27 - [TEST_STEP][PASSED] - delay: Delayed 1 second(s)

2019-01-08 18:09:28 - [MESSAGE][PASSED] - Delayed 1 second(s)

2019-01-08 18:09:28 - [TEST_STEP][PASSED] - setText: Text '100' is set on object 'Object Repository/Final Object Repo/New Registration - Registration Module Pages/Form 1/P.O.BOX'

2019-01-08 18:09:29 - [MESSAGE][PASSED] - Text '100' is set on object 'Object Repository/Final Object Repo/New Registration - Registration Module Pages/Form 1/P.O.BOX'

2019-01-08 18:09:29 - [TEST_STEP][PASSED] - setText: Text '100' is set on object 'Object Repository/Final Object Repo/New Registration - Registration Module Pages/Form 1/Locked Bag No'

2019-01-08 18:09:29 - [MESSAGE][PASSED] - Text '100' is set on object 'Object Repository/Final Object Repo/New Registration - Registration Module Pages/Form 1/Locked Bag No'

2019-01-08 18:09:29 - [TEST_STEP][PASSED] - click: Object: 'Object Repository/Final Object Repo/New Registration - Registration Module Pages/Form 1/SOCSO Office Location' is clicked on

2019-01-08 18:09:29 - [MESSAGE][PASSED] - Object: 'Object Repository/Final Object Repo/New Registration - Registration Module Pages/Form 1/SOCSO Office Location' is clicked on

2019-01-08 18:09:29 - [TEST_STEP][PASSED] - click: Object: 'Object Repository/Final Object Repo/New Registration - Registration Module Pages/Form 1/SOCSO Office Location - Pejabat PERKESO Negeri Johor' is clicked on

2019-01-08 18:09:29 - [MESSAGE][PASSED] - Object: 'Object Repository/Final Object Repo/New Registration - Registration Module Pages/Form 1/SOCSO Office Location - Pejabat PERKESO Negeri Johor' is clicked on

2019-01-08 18:09:29 - [TEST_STEP][PASSED] - delay: Delayed 1 second(s)

2019-01-08 18:09:30 - [MESSAGE][PASSED] - Delayed 1 second(s)

2019-01-08 18:09:30 - [TEST_STEP][PASSED] - check: Object 'Object Repository/Final Object Repo/New Registration - Registration Module Pages/Form 1/Indusrty Address Same As Postal Address' is checked

2019-01-08 18:09:31 - [MESSAGE][PASSED] - Object 'Object Repository/Final Object Repo/New Registration - Registration Module Pages/Form 1/Indusrty Address Same As Postal Address' is checked

2019-01-08 18:09:31 - [TEST_STEP][PASSED] - delay: Delayed 3 second(s)

2019-01-08 18:09:34 - [MESSAGE][PASSED] - Delayed 3 second(s)

2019-01-08 18:09:34 - [TEST_STEP][PASSED] - click: Object: 'Object Repository/Final Object Repo/New Registration - Registration Module Pages/Form 1/Indusry Address Same As Postal Address False' is clicked on

2019-01-08 18:09:34 - [MESSAGE][PASSED] - Object: 'Object Repository/Final Object Repo/New Registration - Registration Module Pages/Form 1/Indusry Address Same As Postal Address False' is clicked on

2019-01-08 18:09:34 - [TEST_STEP][PASSED] - delay: Delayed 1 second(s)

2019-01-08 18:09:35 - [MESSAGE][PASSED] - Delayed 1 second(s)

2019-01-08 18:09:35 - [TEST_STEP][PASSED] - setText: Text 'perkeso1' is set on object 'Object Repository/Final Object Repo/New Registration - Registration Module Pages/Form 1/Industry Address1'

2019-01-08 18:09:35 - [MESSAGE][PASSED] - Text 'perkeso1' is set on object 'Object Repository/Final Object Repo/New Registration - Registration Module Pages/Form 1/Industry Address1'

2019-01-08 18:09:35 - [TEST_STEP][PASSED] - setText: Text 'perkeso2' is set on object 'Object Repository/Final Object Repo/New Registration - Registration Module Pages/Form 1/Industry Address2'

2019-01-08 18:09:35 - [MESSAGE][PASSED] - Text 'perkeso2' is set on object 'Object Repository/Final Object Repo/New Registration - Registration Module Pages/Form 1/Industry Address2'

2019-01-08 18:09:35 - [TEST_STEP][PASSED] - setText: Text 'perkeso3' is set on object 'Object Repository/Final Object Repo/New Registration - Registration Module Pages/Form 1/Industry Address3'

2019-01-08 18:09:36 - [MESSAGE][PASSED] - Text 'perkeso3' is set on object 'Object Repository/Final Object Repo/New Registration - Registration Module Pages/Form 1/Industry Address3'

2019-01-08 18:09:36 - [TEST_STEP][PASSED] - click: Object: 'Object Repository/Final Object Repo/New Registration - Registration Module Pages/Form 1/Industry State' is clicked on

2019-01-08 18:09:36 - [MESSAGE][PASSED] - Object: 'Object Repository/Final Object Repo/New Registration - Registration Module Pages/Form 1/Industry State' is clicked on

2019-01-08 18:09:36 - [TEST_STEP][PASSED] - delay: Delayed 2 second(s)

2019-01-08 18:09:38 - [MESSAGE][PASSED] - Delayed 2 second(s)

2019-01-08 18:09:38 - [TEST_STEP][PASSED] - click: Object: 'Object Repository/Final Object Repo/New Registration - Registration Module Pages/Form 1/Industry State - Johor' is clicked on

2019-01-08 18:09:38 - [MESSAGE][PASSED] - Object: 'Object Repository/Final Object Repo/New Registration - Registration Module Pages/Form 1/Industry State - Johor' is clicked on

2019-01-08 18:09:38 - [TEST_STEP][PASSED] - delay: Delayed 2 second(s)

2019-01-08 18:09:40 - [MESSAGE][PASSED] - Delayed 2 second(s)

2019-01-08 18:09:40 - [TEST_STEP][PASSED] - click: Object: 'Object Repository/Final Object Repo/New Registration - Registration Module Pages/Form 1/Industry Ciry' is clicked on

2019-01-08 18:09:40 - [MESSAGE][PASSED] - Object: 'Object Repository/Final Object Repo/New Registration - Registration Module Pages/Form 1/Industry Ciry' is clicked on

2019-01-08 18:09:40 - [TEST_STEP][PASSED] - setText: Text 'joh' is set on object 'Object Repository/Final Object Repo/New Registration - Registration Module Pages/Form 1/Industry Ciry - joh'

2019-01-08 18:09:41 - [MESSAGE][PASSED] - Text 'joh' is set on object 'Object Repository/Final Object Repo/New Registration - Registration Module Pages/Form 1/Industry Ciry - joh'

2019-01-08 18:09:41 - [TEST_STEP][PASSED] - delay: Delayed 2 second(s)

2019-01-08 18:09:43 - [MESSAGE][PASSED] - Delayed 2 second(s)

2019-01-08 18:09:43 - [TEST_STEP][PASSED] - click: Object: 'Object Repository/Final Object Repo/New Registration - Registration Module Pages/Form 1/Industy State - Johor Bharu' is clicked on

2019-01-08 18:09:43 - [MESSAGE][PASSED] - Object: 'Object Repository/Final Object Repo/New Registration - Registration Module Pages/Form 1/Industy State - Johor Bharu' is clicked on

2019-01-08 18:09:43 - [TEST_STEP][PASSED] - delay: Delayed 1 second(s)

2019-01-08 18:09:44 - [MESSAGE][PASSED] - Delayed 1 second(s)

2019-01-08 18:09:44 - [TEST_STEP][PASSED] - click: Object: 'Object Repository/Final Object Repo/New Registration - Registration Module Pages/Form 1/Indusry PostCode' is clicked on

2019-01-08 18:09:44 - [MESSAGE][PASSED] - Object: 'Object Repository/Final Object Repo/New Registration - Registration Module Pages/Form 1/Indusry PostCode' is clicked on

2019-01-08 18:09:44 - [TEST_STEP][PASSED] - delay: Delayed 1 second(s)

2019-01-08 18:09:45 - [MESSAGE][PASSED] - Delayed 1 second(s)

2019-01-08 18:09:45 - [TEST_STEP][PASSED] - setText: Text '810' is set on object 'Object Repository/Final Object Repo/New Registration - Registration Module Pages/Form 1/Insutry Post Code - 810'

2019-01-08 18:09:45 - [MESSAGE][PASSED] - Text '810' is set on object 'Object Repository/Final Object Repo/New Registration - Registration Module Pages/Form 1/Insutry Post Code - 810'

2019-01-08 18:09:45 - [TEST_STEP][PASSED] - delay: Delayed 1 second(s)

2019-01-08 18:09:46 - [MESSAGE][PASSED] - Delayed 1 second(s)

2019-01-08 18:09:46 - [TEST_STEP][PASSED] - click: Object: 'Object Repository/Final Object Repo/New Registration - Registration Module Pages/Form 1/Insutry Post Code - 81000' is clicked on

2019-01-08 18:09:46 - [MESSAGE][PASSED] - Object: 'Object Repository/Final Object Repo/New Registration - Registration Module Pages/Form 1/Insutry Post Code - 81000' is clicked on

2019-01-08 18:09:46 - [TEST_STEP][PASSED] - delay: Delayed 1 second(s)

2019-01-08 18:09:47 - [MESSAGE][PASSED] - Delayed 1 second(s)

2019-01-08 18:09:47 - [TEST_STEP][PASSED] - setText: Text '100' is set on object 'Object Repository/Final Object Repo/New Registration - Registration Module Pages/Form 1/Industry P.O.BOX'

2019-01-08 18:09:48 - [MESSAGE][PASSED] - Text '100' is set on object 'Object Repository/Final Object Repo/New Registration - Registration Module Pages/Form 1/Industry P.O.BOX'

2019-01-08 18:09:48 - [TEST_STEP][PASSED] - setText: Text '100' is set on object 'Object Repository/Final Object Repo/New Registration - Registration Module Pages/Form 1/Industry Locked Bag No'

2019-01-08 18:09:48 - [MESSAGE][PASSED] - Text '100' is set on object 'Object Repository/Final Object Repo/New Registration - Registration Module Pages/Form 1/Industry Locked Bag No'

2019-01-08 18:09:48 - [TEST_STEP][PASSED] - setText: Text '123456789' is set on object 'Object Repository/Final Object Repo/New Registration - Registration Module Pages/Form 1/Telephone No'

2019-01-08 18:09:48 - [MESSAGE][PASSED] - Text '123456789' is set on object 'Object Repository/Final Object Repo/New Registration - Registration Module Pages/Form 1/Telephone No'

2019-01-08 18:09:48 - [TEST_STEP][PASSED] - setText: Text '123456789' is set on object 'Object Repository/Final Object Repo/New Registration - Registration Module Pages/Form 1/Mobile No'

2019-01-08 18:09:49 - [MESSAGE][PASSED] - Text '123456789' is set on object 'Object Repository/Final Object Repo/New Registration - Registration Module Pages/Form 1/Mobile No'

2019-01-08 18:09:49 - [TEST_STEP][PASSED] - setText: Text '123456789' is set on object 'Object Repository/Final Object Repo/New Registration - Registration Module Pages/Form 1/Fax No'

2019-01-08 18:09:49 - [MESSAGE][PASSED] - Text '123456789' is set on object 'Object Repository/Final Object Repo/New Registration - Registration Module Pages/Form 1/Fax No'

2019-01-08 18:09:49 - [TEST_STEP][PASSED] - click: Object: 'Object Repository/Final Object Repo/New Registration - Registration Module Pages/Form 1/Industry Code' is clicked on

2019-01-08 18:09:49 - [MESSAGE][PASSED] - Object: 'Object Repository/Final Object Repo/New Registration - Registration Module Pages/Form 1/Industry Code' is clicked on

2019-01-08 18:09:49 - [TEST_STEP][PASSED] - click: Object: 'Object Repository/Final Object Repo/New Registration - Registration Module Pages/Form 1/Indudustry Code - Crops and Animal' is clicked on

2019-01-08 18:09:49 - [MESSAGE][PASSED] - Object: 'Object Repository/Final Object Repo/New Registration - Registration Module Pages/Form 1/Indudustry Code - Crops and Animal' is clicked on

2019-01-08 18:09:49 - [TEST_STEP][PASSED] - delay: Delayed 1 second(s)

2019-01-08 18:09:50 - [MESSAGE][PASSED] - Delayed 1 second(s)

2019-01-08 18:09:50 - [TEST_STEP][PASSED] - click: Object: 'Object Repository/Final Object Repo/New Registration - Registration Module Pages/Form 1/Sub Industry Code List' is clicked on

2019-01-08 18:09:51 - [MESSAGE][PASSED] - Object: 'Object Repository/Final Object Repo/New Registration - Registration Module Pages/Form 1/Sub Industry Code List' is clicked on

2019-01-08 18:09:51 - [TEST_STEP][PASSED] - click: Object: 'Object Repository/Final Object Repo/New Registration - Registration Module Pages/Form 1/Sub Industry Code List - Growing of Maize' is clicked on

2019-01-08 18:09:51 - [MESSAGE][PASSED] - Object: 'Object Repository/Final Object Repo/New Registration - Registration Module Pages/Form 1/Sub Industry Code List - Growing of Maize' is clicked on

2019-01-08 18:09:51 - [TEST_STEP][PASSED] - setText: Text 'perkeso123@gmail.com' is set on object 'Object Repository/Final Object Repo/New Registration - Registration Module Pages/Form 1/Email'

2019-01-08 18:09:52 - [MESSAGE][PASSED] - Text 'perkeso123@gmail.com' is set on object 'Object Repository/Final Object Repo/New Registration - Registration Module Pages/Form 1/Email'

2019-01-08 18:09:52 - [TEST_STEP][PASSED] - click: Object: 'Object Repository/Final Object Repo/New Registration - Registration Module Pages/Form 1/Method of Contribution Payment' is clicked on

2019-01-08 18:09:52 - [MESSAGE][PASSED] - Object: 'Object Repository/Final Object Repo/New Registration - Registration Module Pages/Form 1/Method of Contribution Payment' is clicked on

2019-01-08 18:09:52 - [TEST_STEP][PASSED] - click: Object: 'Object Repository/Final Object Repo/New Registration - Registration Module Pages/Form 1/Method of Contribution Payment - Portal' is clicked on

2019-01-08 18:09:52 - [MESSAGE][PASSED] - Object: 'Object Repository/Final Object Repo/New Registration - Registration Module Pages/Form 1/Method of Contribution Payment - Portal' is clicked on

2019-01-08 18:09:52 - [TEST_STEP][PASSED] - click: Object: 'Object Repository/Final Object Repo/New Registration - Registration Module Pages/Form 1/Servide Type' is clicked on

2019-01-08 18:09:52 - [MESSAGE][PASSED] - Object: 'Object Repository/Final Object Repo/New Registration - Registration Module Pages/Form 1/Servide Type' is clicked on

2019-01-08 18:09:52 - [TEST_STEP][PASSED] - click: Object: 'Object Repository/Final Object Repo/New Registration - Registration Module Pages/Form 1/Servide Type - Professional Bodies' is clicked on

2019-01-08 18:09:52 - [MESSAGE][PASSED] - Object: 'Object Repository/Final Object Repo/New Registration - Registration Module Pages/Form 1/Servide Type - Professional Bodies' is clicked on

2019-01-08 18:09:52 - [TEST_STEP][PASSED] - click: Object: 'Object Repository/Final Object Repo/New Registration - Registration Module Pages/Form 1/Industry Venue' is clicked on

2019-01-08 18:09:52 - [MESSAGE][PASSED] - Object: 'Object Repository/Final Object Repo/New Registration - Registration Module Pages/Form 1/Industry Venue' is clicked on

2019-01-08 18:09:52 - [TEST_STEP][PASSED] - click: Object: 'Object Repository/Final Object Repo/New Registration - Registration Module Pages/Form 1/Industry Venue -  PPN JOHOR' is clicked on

2019-01-08 18:09:53 - [MESSAGE][PASSED] - Object: 'Object Repository/Final Object Repo/New Registration - Registration Module Pages/Form 1/Industry Venue -  PPN JOHOR' is clicked on

2019-01-08 18:09:53 - [TEST_STEP][PASSED] - click: Object: 'Object Repository/Final Object Repo/New Registration - Registration Module Pages/Form 1/Save  Continue' is clicked on

2019-01-08 18:09:53 - [MESSAGE][PASSED] - Object: 'Object Repository/Final Object Repo/New Registration - Registration Module Pages/Form 1/Save  Continue' is clicked on

2019-01-08 18:09:53 - [MESSAGE][PASSED] - Call Test Case 'Test Cases/Final Aug 2018 - PKS Automation/Registration Module/New Registration/Form 1/Form 1 - Other - Businss Representative' successfully

2019-01-08 18:09:53 - [TEST_STEP][PASSED] - callTestCase: Call Test Case 'Test Cases/Final Aug 2018 - PKS Automation/Registration Module/New Registration/Form 2/Add 2 Eligible 2 Not Eligible' successfully

2019-01-08 18:09:53 - [TEST_CASE][PASSED] - Test Cases/Final Aug 2018 - PKS Automation/Registration Module/New Registration/Form 2/Add 2 Eligible 2 Not Eligible: Test Cases/Final Aug 2018 - PKS Automation/Registration Module/New Registration/Form 2/Add 2 Eligible 2 Not Eligible

2019-01-08 18:09:53 - [TEST_STEP][PASSED] - delay: Delayed 2 second(s)

2019-01-08 18:09:55 - [MESSAGE][PASSED] - Delayed 2 second(s)

2019-01-08 18:09:55 - [TEST_STEP][PASSED] - callTestCase: Call Test Case 'Test Cases/Final Aug 2018 - PKS Automation/Registration Module/New Registration/Form 2/Date Updater' successfully

2019-01-08 18:09:55 - [TEST_CASE][PASSED] - Test Cases/Final Aug 2018 - PKS Automation/Registration Module/New Registration/Form 2/Date Updater: Test Cases/Final Aug 2018 - PKS Automation/Registration Module/New Registration/Form 2/Date Updater

2019-01-08 18:09:55 - [TEST_STEP][PASSED] - Statement - TodayDate = new java.util.Date(): null

2019-01-08 18:09:55 - [TEST_STEP][PASSED] - Statement - CurrentDateNoFilter = new java.text.SimpleDateFormat(): null

2019-01-08 18:09:55 - [TEST_STEP][PASSED] - Statement - CurrentDateNoFilter.applyPattern("MM"): null

2019-01-08 18:09:55 - [TEST_STEP][PASSED] - Statement - monthContainerMatcher = java.lang.Integer.parseInt(CurrentDateNoFilter.format(TodayDate)): null

2019-01-08 18:09:55 - [TEST_STEP][PASSED] - Statement - monthContainerMatcher = monthContainerMatcher - 1: null

2019-01-08 18:09:55 - [TEST_STEP][PASSED] - Statement - CurrentMonth = monthContainerMatcher.toString(): null

2019-01-08 18:09:55 - [TEST_STEP][PASSED] - Statement - CurrentMonth = CurrentMonth: null

2019-01-08 18:09:55 - [TEST_STEP][PASSED] - Statement - CurrentDateNoFilter.applyPattern("yyyy"): null

2019-01-08 18:09:55 - [TEST_STEP][PASSED] - Statement - CurrentYear = CurrentDateNoFilter.format(TodayDate): null

2019-01-08 18:09:55 - [TEST_STEP][PASSED] - Statement - CurrentYear = CurrentYear: null

2019-01-08 18:09:55 - [TEST_STEP][PASSED] - Statement - intCurrentYear = java.lang.Integer.parseInt(CurrentDateNoFilter.format(TodayDate)): null

2019-01-08 18:09:55 - [TEST_STEP][PASSED] - Statement - eighteenYrsAgo = intCurrentYear - 18: null

2019-01-08 18:09:55 - [TEST_STEP][PASSED] - Statement - eighteenYrsBeforeThisYr = eighteenYrsAgo.toString(): null

2019-01-08 18:09:55 - [TEST_STEP][PASSED] - Statement - EighteenYrsBefore = eighteenYrsBeforeThisYr: null

2019-01-08 18:09:55 - [TEST_STEP][PASSED] - Statement - fiftysevenYrsAgo = intCurrentYear - 57: null

2019-01-08 18:09:55 - [TEST_STEP][PASSED] - Statement - fiftysevenYrsBeforeThisYr = fiftysevenYrsAgo.toString(): null

2019-01-08 18:09:55 - [TEST_STEP][PASSED] - Statement - FiftysevenYrsBefore = fiftysevenYrsBeforeThisYr: null

2019-01-08 18:09:55 - [TEST_STEP][PASSED] - Statement - leapYear = false: null

2019-01-08 18:09:55 - [TEST_STEP][PASSED] - Statement - leapYear = intCurrentYear % 4 == 0: null

2019-01-08 18:09:55 - [TEST_STEP][PASSED] - Statement - CurrentDateNoFilter.applyPattern("dd"): null

2019-01-08 18:09:55 - [TEST_STEP][PASSED] - Statement - CurrentDate = CurrentDateNoFilter.format(TodayDate): null

2019-01-08 18:09:55 - [TEST_STEP][PASSED] - Statement - CurrentDate = java.lang.Integer.parseInt(CurrentDate): null

2019-01-08 18:09:55 - [TEST_STEP][PASSED] - Statement - CurrentDate = CurrentDate: null

2019-01-08 18:09:55 - [TEST_STEP][PASSED] - Statement - CurrentDay = java.lang.Integer.parseInt(CurrentDate): null

2019-01-08 18:09:55 - [TEST_STEP][PASSED] - Statement - ConfAdder = <not implemented yet for class: org.codehaus.groovy.ast.expr.EmptyExpression>: null

2019-01-08 18:09:55 - [TEST_STEP][PASSED] - Statement - out.println(CurrentMonth): null

2019-01-08 18:09:55 - [TEST_STEP][PASSED] - Statement - out.println(CurrentDate): null

2019-01-08 18:09:55 - [TEST_STEP][PASSED] - Statement - switch (CurrentDate): null

2019-01-08 18:09:55 - [TEST_STEP][PASSED] - Statement - Default: null

2019-01-08 18:09:55 - [TEST_STEP][PASSED] - Statement - ConfAdder = true: null

2019-01-08 18:09:55 - [TEST_STEP][PASSED] - Statement - Break: null

2019-01-08 18:09:55 - [TEST_STEP][PASSED] - Statement - aDayBefore = <not implemented yet for class: org.codehaus.groovy.ast.expr.EmptyExpression>: null

2019-01-08 18:09:55 - [TEST_STEP][PASSED] - Statement - out.println(ConfAdder): null

2019-01-08 18:09:55 - [TEST_STEP][PASSED] - Statement - If (ConfAdder == true): null

2019-01-08 18:09:55 - [TEST_STEP][PASSED] - Statement - aDayBefore = CurrentDay + 1: null

2019-01-08 18:09:55 - [TEST_STEP][PASSED] - Statement - out.println(aDayBefore): null

2019-01-08 18:09:55 - [TEST_STEP][PASSED] - Statement - If (aDayBefore == 1 && CurrentMonth == 11): null

2019-01-08 18:09:55 - [TEST_STEP][PASSED] - Statement - DayBefore = aDayBefore.toString(): null

2019-01-08 18:09:55 - [TEST_STEP][PASSED] - Statement - OneDayBefore = DayBefore: null

2019-01-08 18:09:55 - [MESSAGE][PASSED] - Call Test Case 'Test Cases/Final Aug 2018 - PKS Automation/Registration Module/New Registration/Form 2/Date Updater' successfully

2019-01-08 18:09:55 - [TEST_STEP][PASSED] - delay: Delayed 1 second(s)

2019-01-08 18:09:56 - [MESSAGE][PASSED] - Delayed 1 second(s)

2019-01-08 18:09:56 - [TEST_STEP][PASSED] - Statement - CaseReferenceNo = com.kms.katalon.core.webui.keyword.WebUiBuiltInKeywords.getText(com.kms.katalon.core.testobject.ObjectRepository.findTestObject(Final Object Repo/New Registration - Registration Module Pages/Form 2/RefNo Acquiring)): Text of object 'Object Repository/Final Object Repo/New Registration - Registration Module Pages/Form 2/RefNo Acquiring' is: 'CRN01201900123647'

2019-01-08 18:09:56 - [MESSAGE][PASSED] - Text of object 'Object Repository/Final Object Repo/New Registration - Registration Module Pages/Form 2/RefNo Acquiring' is: 'CRN01201900123647'

2019-01-08 18:09:56 - [TEST_STEP][PASSED] - delay: Delayed 1 second(s)

2019-01-08 18:09:57 - [MESSAGE][PASSED] - Delayed 1 second(s)

2019-01-08 18:09:57 - [TEST_STEP][PASSED] - click: Object: 'Object Repository/Final Object Repo/New Registration - Registration Module Pages/Form 2/Add Employee Button' is clicked on

2019-01-08 18:09:57 - [MESSAGE][PASSED] - Object: 'Object Repository/Final Object Repo/New Registration - Registration Module Pages/Form 2/Add Employee Button' is clicked on

2019-01-08 18:09:57 - [TEST_STEP][PASSED] - delay: Delayed 4 second(s)

2019-01-08 18:10:01 - [MESSAGE][PASSED] - Delayed 4 second(s)

2019-01-08 18:10:01 - [TEST_STEP][PASSED] - setText: Text '010903091927' is set on object 'Object Repository/Final Object Repo/New Registration - Registration Module Pages/Form 2/NRIC Input'

2019-01-08 18:10:02 - [MESSAGE][PASSED] - Text '010903091927' is set on object 'Object Repository/Final Object Repo/New Registration - Registration Module Pages/Form 2/NRIC Input'

2019-01-08 18:10:02 - [TEST_STEP][PASSED] - click: Object: 'Object Repository/Final Object Repo/New Registration - Registration Module Pages/Form 2/button for search for IC' is clicked on

2019-01-08 18:10:02 - [MESSAGE][PASSED] - Object: 'Object Repository/Final Object Repo/New Registration - Registration Module Pages/Form 2/button for search for IC' is clicked on

2019-01-08 18:10:02 - [TEST_STEP][PASSED] - delay: Delayed 2 second(s)

2019-01-08 18:10:04 - [MESSAGE][PASSED] - Delayed 2 second(s)

2019-01-08 18:10:04 - [TEST_STEP][PASSED] - setText: Text 'Automate001 eligible 1' is set on object 'Object Repository/Final Object Repo/New Registration - Registration Module Pages/Form 2/Employee Name Input'

2019-01-08 18:10:04 - [MESSAGE][PASSED] - Text 'Automate001 eligible 1' is set on object 'Object Repository/Final Object Repo/New Registration - Registration Module Pages/Form 2/Employee Name Input'

2019-01-08 18:10:04 - [TEST_STEP][PASSED] - delay: Delayed 2 second(s)

2019-01-08 18:10:06 - [MESSAGE][PASSED] - Delayed 2 second(s)

2019-01-08 18:10:06 - [TEST_STEP][PASSED] - click: Object: 'Object Repository/Final Object Repo/New Registration - Registration Module Pages/Form 2/DatePicker Pop Up' is clicked on

2019-01-08 18:10:07 - [MESSAGE][PASSED] - Object: 'Object Repository/Final Object Repo/New Registration - Registration Module Pages/Form 2/DatePicker Pop Up' is clicked on

2019-01-08 18:10:07 - [TEST_STEP][PASSED] - click: Object: 'Object Repository/Final Object Repo/New Registration - Registration Module Pages/Form 2/DOB Month' is clicked on

2019-01-08 18:10:07 - [MESSAGE][PASSED] - Object: 'Object Repository/Final Object Repo/New Registration - Registration Module Pages/Form 2/DOB Month' is clicked on

2019-01-08 18:10:07 - [TEST_STEP][PASSED] - Statement - CurrentMonth = CurrentMonth: null

2019-01-08 18:10:07 - [TEST_STEP][PASSED] - Statement - selectMonth = new com.kms.katalon.core.testobject.TestObject(): null

2019-01-08 18:10:07 - [TEST_STEP][PASSED] - Statement - selectMonth.addProperty("xpath", EQUALS, "//body/div/div/div/select/option[@value='" + CurrentMonth + "']", true): null

2019-01-08 18:10:07 - [TEST_STEP][PASSED] - click: Object: '' is clicked on

2019-01-08 18:10:07 - [MESSAGE][PASSED] - Object: '' is clicked on

2019-01-08 18:10:07 - [TEST_STEP][PASSED] - click: Object: 'Object Repository/Final Object Repo/New Registration - Registration Module Pages/Form 2/DOB Year' is clicked on

2019-01-08 18:10:07 - [MESSAGE][PASSED] - Object: 'Object Repository/Final Object Repo/New Registration - Registration Module Pages/Form 2/DOB Year' is clicked on

2019-01-08 18:10:07 - [TEST_STEP][PASSED] - Statement - Eyearsbf = EighteenYrsBefore: null

2019-01-08 18:10:07 - [TEST_STEP][PASSED] - Statement - selectYear = new com.kms.katalon.core.testobject.TestObject(): null

2019-01-08 18:10:07 - [TEST_STEP][PASSED] - Statement - selectYear.addProperty("xpath", EQUALS, "//div/div/div/select/option[@value='" + Eyearsbf + "']", true): null

2019-01-08 18:10:07 - [TEST_STEP][PASSED] - click: Object: '' is clicked on

2019-01-08 18:10:07 - [MESSAGE][PASSED] - Object: '' is clicked on

2019-01-08 18:10:07 - [TEST_STEP][PASSED] - Statement - UpdatedSelectDate = com.kms.katalon.core.webui.keyword.WebUiBuiltInKeywords.modifyObjectProperty(com.kms.katalon.core.testobject.ObjectRepository.findTestObject(Final Object Repo/New Registration - Registration Module Pages/Form 2/DOB Date), "xpath", "equals", "//body/div/table/tbody/tr/td/a[text()="" + CurrentDate + ""]", true): Modify property of object successfully

2019-01-08 18:10:07 - [MESSAGE][PASSED] - Modify property of object successfully

2019-01-08 18:10:07 - [TEST_STEP][PASSED] - delay: Delayed 3 second(s)

2019-01-08 18:10:10 - [MESSAGE][PASSED] - Delayed 3 second(s)

2019-01-08 18:10:10 - [TEST_STEP][PASSED] - click: Object: 'Object Repository/Final Object Repo/New Registration - Registration Module Pages/Form 2/DOB Date' is clicked on

2019-01-08 18:10:10 - [MESSAGE][PASSED] - Object: 'Object Repository/Final Object Repo/New Registration - Registration Module Pages/Form 2/DOB Date' is clicked on

2019-01-08 18:10:10 - [TEST_STEP][PASSED] - delay: Delayed 2 second(s)

2019-01-08 18:10:12 - [MESSAGE][PASSED] - Delayed 2 second(s)

2019-01-08 18:10:12 - [TEST_STEP][PASSED] - click: Object: 'Object Repository/Final Object Repo/New Registration - Registration Module Pages/Form 2/EmploymentStartDate Pop Up' is clicked on

2019-01-08 18:10:13 - [MESSAGE][PASSED] - Object: 'Object Repository/Final Object Repo/New Registration - Registration Module Pages/Form 2/EmploymentStartDate Pop Up' is clicked on

2019-01-08 18:10:13 - [TEST_STEP][PASSED] - delay: Delayed 2 second(s)

2019-01-08 18:10:15 - [MESSAGE][PASSED] - Delayed 2 second(s)

2019-01-08 18:10:15 - [TEST_STEP][PASSED] - click: Object: 'Object Repository/Final Object Repo/New Registration - Registration Module Pages/Form 2/Socso Employment StartDate Month' is clicked on

2019-01-08 18:10:15 - [MESSAGE][PASSED] - Object: 'Object Repository/Final Object Repo/New Registration - Registration Module Pages/Form 2/Socso Employment StartDate Month' is clicked on

2019-01-08 18:10:15 - [TEST_STEP][PASSED] - delay: Delayed 1 second(s)

2019-01-08 18:10:16 - [MESSAGE][PASSED] - Delayed 1 second(s)

2019-01-08 18:10:16 - [TEST_STEP][PASSED] - click: Object: 'Object Repository/Final Object Repo/New Registration - Registration Module Pages/Form 2/Select Socso Employement Startdate Month' is clicked on

2019-01-08 18:10:16 - [MESSAGE][PASSED] - Object: 'Object Repository/Final Object Repo/New Registration - Registration Module Pages/Form 2/Select Socso Employement Startdate Month' is clicked on

2019-01-08 18:10:16 - [TEST_STEP][PASSED] - delay: Delayed 2 second(s)

2019-01-08 18:10:18 - [MESSAGE][PASSED] - Delayed 2 second(s)

2019-01-08 18:10:18 - [TEST_STEP][PASSED] - click: Object: 'Object Repository/Final Object Repo/New Registration - Registration Module Pages/Form 2/Socso Employment StartDate Year' is clicked on

2019-01-08 18:10:18 - [MESSAGE][PASSED] - Object: 'Object Repository/Final Object Repo/New Registration - Registration Module Pages/Form 2/Socso Employment StartDate Year' is clicked on

2019-01-08 18:10:18 - [TEST_STEP][PASSED] - delay: Delayed 1 second(s)

2019-01-08 18:10:19 - [MESSAGE][PASSED] - Delayed 1 second(s)

2019-01-08 18:10:19 - [TEST_STEP][PASSED] - click: Object: 'Object Repository/Final Object Repo/New Registration - Registration Module Pages/Form 2/Select Socso Employment Startdate Year' is clicked on

2019-01-08 18:10:19 - [MESSAGE][PASSED] - Object: 'Object Repository/Final Object Repo/New Registration - Registration Module Pages/Form 2/Select Socso Employment Startdate Year' is clicked on

2019-01-08 18:10:19 - [TEST_STEP][PASSED] - delay: Delayed 2 second(s)

2019-01-08 18:10:21 - [MESSAGE][PASSED] - Delayed 2 second(s)

2019-01-08 18:10:21 - [TEST_STEP][PASSED] - click: Object: 'Object Repository/Final Object Repo/New Registration - Registration Module Pages/Form 2/Socso Employment Start Date Day' is clicked on

2019-01-08 18:10:21 - [MESSAGE][PASSED] - Object: 'Object Repository/Final Object Repo/New Registration - Registration Module Pages/Form 2/Socso Employment Start Date Day' is clicked on

2019-01-08 18:10:21 - [TEST_STEP][PASSED] - delay: Delayed 2 second(s)

2019-01-08 18:10:23 - [MESSAGE][PASSED] - Delayed 2 second(s)

2019-01-08 18:10:23 - [TEST_STEP][PASSED] - click: Object: 'Object Repository/Final Object Repo/New Registration - Registration Module Pages/Form 2/Save Button for Add Employee' is clicked on

2019-01-08 18:10:24 - [MESSAGE][PASSED] - Object: 'Object Repository/Final Object Repo/New Registration - Registration Module Pages/Form 2/Save Button for Add Employee' is clicked on

2019-01-08 18:10:24 - [TEST_STEP][PASSED] - delay: Delayed 6 second(s)

2019-01-08 18:10:30 - [MESSAGE][PASSED] - Delayed 6 second(s)

2019-01-08 18:10:30 - [TEST_STEP][PASSED] - click: Object: 'Object Repository/Final Object Repo/New Registration - Registration Module Pages/Form 2/Add Employee Button' is clicked on

2019-01-08 18:10:30 - [MESSAGE][PASSED] - Object: 'Object Repository/Final Object Repo/New Registration - Registration Module Pages/Form 2/Add Employee Button' is clicked on

2019-01-08 18:10:30 - [TEST_STEP][PASSED] - delay: Delayed 4 second(s)

2019-01-08 18:10:34 - [MESSAGE][PASSED] - Delayed 4 second(s)

2019-01-08 18:10:34 - [TEST_STEP][PASSED] - setText: Text '620904059691' is set on object 'Object Repository/Final Object Repo/New Registration - Registration Module Pages/Form 2/NRIC Input'

2019-01-08 18:10:34 - [MESSAGE][PASSED] - Text '620904059691' is set on object 'Object Repository/Final Object Repo/New Registration - Registration Module Pages/Form 2/NRIC Input'

2019-01-08 18:10:34 - [TEST_STEP][PASSED] - click: Object: 'Object Repository/Final Object Repo/New Registration - Registration Module Pages/Form 2/button for search for IC' is clicked on

2019-01-08 18:10:34 - [MESSAGE][PASSED] - Object: 'Object Repository/Final Object Repo/New Registration - Registration Module Pages/Form 2/button for search for IC' is clicked on

2019-01-08 18:10:34 - [TEST_STEP][PASSED] - delay: Delayed 2 second(s)

2019-01-08 18:10:36 - [MESSAGE][PASSED] - Delayed 2 second(s)

2019-01-08 18:10:36 - [TEST_STEP][PASSED] - setText: Text 'Automate001 eligible 2' is set on object 'Object Repository/Final Object Repo/New Registration - Registration Module Pages/Form 2/Employee Name Input'

2019-01-08 18:10:37 - [MESSAGE][PASSED] - Text 'Automate001 eligible 2' is set on object 'Object Repository/Final Object Repo/New Registration - Registration Module Pages/Form 2/Employee Name Input'

2019-01-08 18:10:37 - [TEST_STEP][PASSED] - delay: Delayed 2 second(s)

2019-01-08 18:10:39 - [MESSAGE][PASSED] - Delayed 2 second(s)

2019-01-08 18:10:39 - [TEST_STEP][PASSED] - click: Object: 'Object Repository/Final Object Repo/New Registration - Registration Module Pages/Form 2/DatePicker Pop Up' is clicked on

2019-01-08 18:10:39 - [MESSAGE][PASSED] - Object: 'Object Repository/Final Object Repo/New Registration - Registration Module Pages/Form 2/DatePicker Pop Up' is clicked on

2019-01-08 18:10:39 - [TEST_STEP][PASSED] - delay: Delayed 2 second(s)

2019-01-08 18:10:41 - [MESSAGE][PASSED] - Delayed 2 second(s)

2019-01-08 18:10:41 - [TEST_STEP][PASSED] - click: Object: 'Object Repository/Final Object Repo/New Registration - Registration Module Pages/Form 2/DOB Month' is clicked on

2019-01-08 18:10:41 - [MESSAGE][PASSED] - Object: 'Object Repository/Final Object Repo/New Registration - Registration Module Pages/Form 2/DOB Month' is clicked on

2019-01-08 18:10:41 - [TEST_STEP][PASSED] - Statement - selectMonth = com.kms.katalon.core.webui.keyword.WebUiBuiltInKeywords.modifyObjectProperty(selectMonth, "xpath", "equals", "//body/div/div/div/select/option[@value="" + CurrentMonth + ""]", true): Modify property of object successfully

2019-01-08 18:10:41 - [MESSAGE][PASSED] - Modify property of object successfully

2019-01-08 18:10:41 - [TEST_STEP][PASSED] - click: Object: '' is clicked on

2019-01-08 18:10:41 - [MESSAGE][PASSED] - Object: '' is clicked on

2019-01-08 18:10:41 - [TEST_STEP][PASSED] - click: Object: 'Object Repository/Final Object Repo/New Registration - Registration Module Pages/Form 2/DOB Year' is clicked on

2019-01-08 18:10:41 - [MESSAGE][PASSED] - Object: 'Object Repository/Final Object Repo/New Registration - Registration Module Pages/Form 2/DOB Year' is clicked on

2019-01-08 18:10:41 - [TEST_STEP][PASSED] - Statement - selectYear = com.kms.katalon.core.webui.keyword.WebUiBuiltInKeywords.modifyObjectProperty(selectYear, "xpath", "equals", "//div/div/div/select/option[@value="" + FiftysevenYrsBefore + ""]", true): Modify property of object successfully

2019-01-08 18:10:41 - [MESSAGE][PASSED] - Modify property of object successfully

2019-01-08 18:10:41 - [TEST_STEP][PASSED] - click: Object: '' is clicked on

2019-01-08 18:10:42 - [MESSAGE][PASSED] - Object: '' is clicked on

2019-01-08 18:10:42 - [TEST_STEP][PASSED] - Statement - UpdatedSelectDate = com.kms.katalon.core.webui.keyword.WebUiBuiltInKeywords.modifyObjectProperty(com.kms.katalon.core.testobject.ObjectRepository.findTestObject(Final Object Repo/New Registration - Registration Module Pages/Form 2/DOB Date), "xpath", "equals", "//body/div/table/tbody/tr/td/a[text()="" + OneDayBefore + ""]", true): Modify property of object successfully

2019-01-08 18:10:42 - [MESSAGE][PASSED] - Modify property of object successfully

2019-01-08 18:10:42 - [TEST_STEP][PASSED] - click: Object: 'Object Repository/Final Object Repo/New Registration - Registration Module Pages/Form 2/DOB Date' is clicked on

2019-01-08 18:10:42 - [MESSAGE][PASSED] - Object: 'Object Repository/Final Object Repo/New Registration - Registration Module Pages/Form 2/DOB Date' is clicked on

2019-01-08 18:10:42 - [TEST_STEP][PASSED] - delay: Delayed 2 second(s)

2019-01-08 18:10:44 - [MESSAGE][PASSED] - Delayed 2 second(s)

2019-01-08 18:10:44 - [TEST_STEP][PASSED] - click: Object: 'Object Repository/Final Object Repo/New Registration - Registration Module Pages/Form 2/EmploymentStartDate Pop Up' is clicked on

2019-01-08 18:10:44 - [MESSAGE][PASSED] - Object: 'Object Repository/Final Object Repo/New Registration - Registration Module Pages/Form 2/EmploymentStartDate Pop Up' is clicked on

2019-01-08 18:10:44 - [TEST_STEP][PASSED] - delay: Delayed 2 second(s)

2019-01-08 18:10:46 - [MESSAGE][PASSED] - Delayed 2 second(s)

2019-01-08 18:10:46 - [TEST_STEP][PASSED] - click: Object: 'Object Repository/Final Object Repo/New Registration - Registration Module Pages/Form 2/Socso Employment StartDate Month' is clicked on

2019-01-08 18:10:46 - [MESSAGE][PASSED] - Object: 'Object Repository/Final Object Repo/New Registration - Registration Module Pages/Form 2/Socso Employment StartDate Month' is clicked on

2019-01-08 18:10:46 - [TEST_STEP][PASSED] - delay: Delayed 1 second(s)

2019-01-08 18:10:47 - [MESSAGE][PASSED] - Delayed 1 second(s)

2019-01-08 18:10:47 - [TEST_STEP][PASSED] - click: Object: 'Object Repository/Final Object Repo/New Registration - Registration Module Pages/Form 2/Select Socso Employement Startdate Month' is clicked on

2019-01-08 18:10:47 - [MESSAGE][PASSED] - Object: 'Object Repository/Final Object Repo/New Registration - Registration Module Pages/Form 2/Select Socso Employement Startdate Month' is clicked on

2019-01-08 18:10:47 - [TEST_STEP][PASSED] - delay: Delayed 2 second(s)

2019-01-08 18:10:49 - [MESSAGE][PASSED] - Delayed 2 second(s)

2019-01-08 18:10:49 - [TEST_STEP][PASSED] - click: Object: 'Object Repository/Final Object Repo/New Registration - Registration Module Pages/Form 2/Socso Employment StartDate Year' is clicked on

2019-01-08 18:10:49 - [MESSAGE][PASSED] - Object: 'Object Repository/Final Object Repo/New Registration - Registration Module Pages/Form 2/Socso Employment StartDate Year' is clicked on

2019-01-08 18:10:49 - [TEST_STEP][PASSED] - delay: Delayed 1 second(s)

2019-01-08 18:10:50 - [MESSAGE][PASSED] - Delayed 1 second(s)

2019-01-08 18:10:50 - [TEST_STEP][PASSED] - click: Object: 'Object Repository/Final Object Repo/New Registration - Registration Module Pages/Form 2/Select Socso Employment Startdate Year' is clicked on

2019-01-08 18:10:51 - [MESSAGE][PASSED] - Object: 'Object Repository/Final Object Repo/New Registration - Registration Module Pages/Form 2/Select Socso Employment Startdate Year' is clicked on

2019-01-08 18:10:51 - [TEST_STEP][PASSED] - delay: Delayed 2 second(s)

2019-01-08 18:10:53 - [MESSAGE][PASSED] - Delayed 2 second(s)

2019-01-08 18:10:53 - [TEST_STEP][PASSED] - click: Object: 'Object Repository/Final Object Repo/New Registration - Registration Module Pages/Form 2/Socso Employment Start Date Day' is clicked on

2019-01-08 18:10:53 - [MESSAGE][PASSED] - Object: 'Object Repository/Final Object Repo/New Registration - Registration Module Pages/Form 2/Socso Employment Start Date Day' is clicked on

2019-01-08 18:10:53 - [TEST_STEP][PASSED] - delay: Delayed 2 second(s)

2019-01-08 18:10:55 - [MESSAGE][PASSED] - Delayed 2 second(s)

2019-01-08 18:10:55 - [TEST_STEP][PASSED] - click: Object: 'Object Repository/Final Object Repo/New Registration - Registration Module Pages/Form 2/Save Button for Add Employee' is clicked on

2019-01-08 18:10:55 - [MESSAGE][PASSED] - Object: 'Object Repository/Final Object Repo/New Registration - Registration Module Pages/Form 2/Save Button for Add Employee' is clicked on

2019-01-08 18:10:55 - [TEST_STEP][PASSED] - delay: Delayed 4 second(s)

2019-01-08 18:10:59 - [MESSAGE][PASSED] - Delayed 4 second(s)

2019-01-08 18:10:59 - [TEST_STEP][PASSED] - delay: Delayed 30 second(s)

2019-01-08 18:11:29 - [MESSAGE][PASSED] - Delayed 30 second(s)

2019-01-08 18:11:29 - [TEST_STEP][PASSED] - click: Object: 'Object Repository/Final Object Repo/New Registration - Registration Module Pages/Form 2/Add Employee Button' is clicked on

2019-01-08 18:11:29 - [MESSAGE][PASSED] - Object: 'Object Repository/Final Object Repo/New Registration - Registration Module Pages/Form 2/Add Employee Button' is clicked on

2019-01-08 18:11:29 - [TEST_STEP][PASSED] - delay: Delayed 4 second(s)

2019-01-08 18:11:33 - [MESSAGE][PASSED] - Delayed 4 second(s)

2019-01-08 18:11:33 - [TEST_STEP][PASSED] - setText: Text '000209039145' is set on object 'Object Repository/Final Object Repo/New Registration - Registration Module Pages/Form 2/NRIC Input'

2019-01-08 18:11:33 - [MESSAGE][PASSED] - Text '000209039145' is set on object 'Object Repository/Final Object Repo/New Registration - Registration Module Pages/Form 2/NRIC Input'

2019-01-08 18:11:33 - [TEST_STEP][PASSED] - click: Object: 'Object Repository/Final Object Repo/New Registration - Registration Module Pages/Form 2/button for search for IC' is clicked on

2019-01-08 18:11:34 - [MESSAGE][PASSED] - Object: 'Object Repository/Final Object Repo/New Registration - Registration Module Pages/Form 2/button for search for IC' is clicked on

2019-01-08 18:11:34 - [TEST_STEP][PASSED] - delay: Delayed 2 second(s)

2019-01-08 18:11:36 - [MESSAGE][PASSED] - Delayed 2 second(s)

2019-01-08 18:11:36 - [TEST_STEP][PASSED] - setText: Text 'Automate001 not eligible 1' is set on object 'Object Repository/Final Object Repo/New Registration - Registration Module Pages/Form 2/Employee Name Input'

2019-01-08 18:11:36 - [MESSAGE][PASSED] - Text 'Automate001 not eligible 1' is set on object 'Object Repository/Final Object Repo/New Registration - Registration Module Pages/Form 2/Employee Name Input'

2019-01-08 18:11:36 - [TEST_STEP][PASSED] - delay: Delayed 2 second(s)

2019-01-08 18:11:38 - [MESSAGE][PASSED] - Delayed 2 second(s)

2019-01-08 18:11:38 - [TEST_STEP][PASSED] - click: Object: 'Object Repository/Final Object Repo/New Registration - Registration Module Pages/Form 2/DatePicker Pop Up' is clicked on

2019-01-08 18:11:38 - [MESSAGE][PASSED] - Object: 'Object Repository/Final Object Repo/New Registration - Registration Module Pages/Form 2/DatePicker Pop Up' is clicked on

2019-01-08 18:11:38 - [TEST_STEP][PASSED] - delay: Delayed 2 second(s)

2019-01-08 18:11:40 - [MESSAGE][PASSED] - Delayed 2 second(s)

2019-01-08 18:11:40 - [TEST_STEP][PASSED] - click: Object: 'Object Repository/Final Object Repo/New Registration - Registration Module Pages/Form 2/DOB Month' is clicked on

2019-01-08 18:11:41 - [MESSAGE][PASSED] - Object: 'Object Repository/Final Object Repo/New Registration - Registration Module Pages/Form 2/DOB Month' is clicked on

2019-01-08 18:11:41 - [TEST_STEP][PASSED] - Statement - selectMonth = com.kms.katalon.core.webui.keyword.WebUiBuiltInKeywords.modifyObjectProperty(selectMonth, "xpath", "equals", "//body/div/div/div/select/option[@value="" + CurrentMonth + ""]", true): Modify property of object successfully

2019-01-08 18:11:41 - [MESSAGE][PASSED] - Modify property of object successfully

2019-01-08 18:11:41 - [TEST_STEP][PASSED] - click: Object: '' is clicked on

2019-01-08 18:11:41 - [MESSAGE][PASSED] - Object: '' is clicked on

2019-01-08 18:11:41 - [TEST_STEP][PASSED] - click: Object: 'Object Repository/Final Object Repo/New Registration - Registration Module Pages/Form 2/DOB Year' is clicked on

2019-01-08 18:11:41 - [MESSAGE][PASSED] - Object: 'Object Repository/Final Object Repo/New Registration - Registration Module Pages/Form 2/DOB Year' is clicked on

2019-01-08 18:11:41 - [TEST_STEP][PASSED] - Statement - selectYear = com.kms.katalon.core.webui.keyword.WebUiBuiltInKeywords.modifyObjectProperty(selectYear, "xpath", "equals", "//div/div/div/select/option[@value="" + EighteenYrsBefore + ""]", true): Modify property of object successfully

2019-01-08 18:11:41 - [MESSAGE][PASSED] - Modify property of object successfully

2019-01-08 18:11:41 - [TEST_STEP][PASSED] - click: Object: '' is clicked on

2019-01-08 18:11:41 - [MESSAGE][PASSED] - Object: '' is clicked on

2019-01-08 18:11:41 - [TEST_STEP][PASSED] - Statement - UpdatedSelectDate = com.kms.katalon.core.webui.keyword.WebUiBuiltInKeywords.modifyObjectProperty(com.kms.katalon.core.testobject.ObjectRepository.findTestObject(Final Object Repo/New Registration - Registration Module Pages/Form 2/DOB Date), "xpath", "equals", "//body/div/table/tbody/tr/td/a[text()="" + OneDayBefore + ""]", true): Modify property of object successfully

2019-01-08 18:11:41 - [MESSAGE][PASSED] - Modify property of object successfully

2019-01-08 18:11:41 - [TEST_STEP][PASSED] - click: Object: 'Object Repository/Final Object Repo/New Registration - Registration Module Pages/Form 2/DOB Date' is clicked on

2019-01-08 18:11:41 - [MESSAGE][PASSED] - Object: 'Object Repository/Final Object Repo/New Registration - Registration Module Pages/Form 2/DOB Date' is clicked on

2019-01-08 18:11:41 - [TEST_STEP][PASSED] - delay: Delayed 2 second(s)

2019-01-08 18:11:43 - [MESSAGE][PASSED] - Delayed 2 second(s)

2019-01-08 18:11:43 - [TEST_STEP][PASSED] - click: Object: 'Object Repository/Final Object Repo/New Registration - Registration Module Pages/Form 2/EmploymentStartDate Pop Up' is clicked on

2019-01-08 18:11:43 - [MESSAGE][PASSED] - Object: 'Object Repository/Final Object Repo/New Registration - Registration Module Pages/Form 2/EmploymentStartDate Pop Up' is clicked on

2019-01-08 18:11:43 - [TEST_STEP][PASSED] - delay: Delayed 2 second(s)

2019-01-08 18:11:45 - [MESSAGE][PASSED] - Delayed 2 second(s)

2019-01-08 18:11:45 - [TEST_STEP][PASSED] - click: Object: 'Object Repository/Final Object Repo/New Registration - Registration Module Pages/Form 2/Socso Employment StartDate Month' is clicked on

2019-01-08 18:11:45 - [MESSAGE][PASSED] - Object: 'Object Repository/Final Object Repo/New Registration - Registration Module Pages/Form 2/Socso Employment StartDate Month' is clicked on

2019-01-08 18:11:45 - [TEST_STEP][PASSED] - delay: Delayed 1 second(s)

2019-01-08 18:11:46 - [MESSAGE][PASSED] - Delayed 1 second(s)

2019-01-08 18:11:46 - [TEST_STEP][PASSED] - click: Object: 'Object Repository/Final Object Repo/New Registration - Registration Module Pages/Form 2/Select Socso Employement Startdate Month' is clicked on

2019-01-08 18:11:47 - [MESSAGE][PASSED] - Object: 'Object Repository/Final Object Repo/New Registration - Registration Module Pages/Form 2/Select Socso Employement Startdate Month' is clicked on

2019-01-08 18:11:47 - [TEST_STEP][PASSED] - delay: Delayed 2 second(s)

2019-01-08 18:11:49 - [MESSAGE][PASSED] - Delayed 2 second(s)

2019-01-08 18:11:49 - [TEST_STEP][PASSED] - click: Object: 'Object Repository/Final Object Repo/New Registration - Registration Module Pages/Form 2/Socso Employment StartDate Year' is clicked on

2019-01-08 18:11:49 - [MESSAGE][PASSED] - Object: 'Object Repository/Final Object Repo/New Registration - Registration Module Pages/Form 2/Socso Employment StartDate Year' is clicked on

2019-01-08 18:11:49 - [TEST_STEP][PASSED] - delay: Delayed 1 second(s)

2019-01-08 18:11:50 - [MESSAGE][PASSED] - Delayed 1 second(s)

2019-01-08 18:11:50 - [TEST_STEP][PASSED] - click: Object: 'Object Repository/Final Object Repo/New Registration - Registration Module Pages/Form 2/Select Socso Employment Startdate Year' is clicked on

2019-01-08 18:11:50 - [MESSAGE][PASSED] - Object: 'Object Repository/Final Object Repo/New Registration - Registration Module Pages/Form 2/Select Socso Employment Startdate Year' is clicked on

2019-01-08 18:11:50 - [TEST_STEP][PASSED] - delay: Delayed 2 second(s)

2019-01-08 18:11:52 - [MESSAGE][PASSED] - Delayed 2 second(s)

2019-01-08 18:11:52 - [TEST_STEP][PASSED] - click: Object: 'Object Repository/Final Object Repo/New Registration - Registration Module Pages/Form 2/Socso Employment Start Date Day' is clicked on

2019-01-08 18:11:52 - [MESSAGE][PASSED] - Object: 'Object Repository/Final Object Repo/New Registration - Registration Module Pages/Form 2/Socso Employment Start Date Day' is clicked on

2019-01-08 18:11:52 - [TEST_STEP][PASSED] - delay: Delayed 2 second(s)

2019-01-08 18:11:54 - [MESSAGE][PASSED] - Delayed 2 second(s)

2019-01-08 18:11:54 - [TEST_STEP][PASSED] - click: Object: 'Object Repository/Final Object Repo/New Registration - Registration Module Pages/Form 2/Save Button for Add Employee' is clicked on

2019-01-08 18:11:54 - [MESSAGE][PASSED] - Object: 'Object Repository/Final Object Repo/New Registration - Registration Module Pages/Form 2/Save Button for Add Employee' is clicked on

2019-01-08 18:11:54 - [TEST_STEP][PASSED] - delay: Delayed 6 second(s)

2019-01-08 18:12:00 - [MESSAGE][PASSED] - Delayed 6 second(s)

2019-01-08 18:12:00 - [TEST_STEP][PASSED] - click: Object: 'Object Repository/Final Object Repo/New Registration - Registration Module Pages/Form 2/Add Employee Button' is clicked on

2019-01-08 18:12:00 - [MESSAGE][PASSED] - Object: 'Object Repository/Final Object Repo/New Registration - Registration Module Pages/Form 2/Add Employee Button' is clicked on

2019-01-08 18:12:00 - [TEST_STEP][PASSED] - delay: Delayed 4 second(s)

2019-01-08 18:12:04 - [MESSAGE][PASSED] - Delayed 4 second(s)

2019-01-08 18:12:04 - [TEST_STEP][PASSED] - setText: Text '600203039154' is set on object 'Object Repository/Final Object Repo/New Registration - Registration Module Pages/Form 2/NRIC Input'

2019-01-08 18:12:05 - [MESSAGE][PASSED] - Text '600203039154' is set on object 'Object Repository/Final Object Repo/New Registration - Registration Module Pages/Form 2/NRIC Input'

2019-01-08 18:12:05 - [TEST_STEP][PASSED] - click: Object: 'Object Repository/Final Object Repo/New Registration - Registration Module Pages/Form 2/button for search for IC' is clicked on

2019-01-08 18:12:05 - [MESSAGE][PASSED] - Object: 'Object Repository/Final Object Repo/New Registration - Registration Module Pages/Form 2/button for search for IC' is clicked on

2019-01-08 18:12:05 - [TEST_STEP][PASSED] - delay: Delayed 2 second(s)

2019-01-08 18:12:07 - [MESSAGE][PASSED] - Delayed 2 second(s)

2019-01-08 18:12:07 - [TEST_STEP][PASSED] - setText: Text 'Automate001 not eligible 2' is set on object 'Object Repository/Final Object Repo/New Registration - Registration Module Pages/Form 2/Employee Name Input'

2019-01-08 18:12:07 - [MESSAGE][PASSED] - Text 'Automate001 not eligible 2' is set on object 'Object Repository/Final Object Repo/New Registration - Registration Module Pages/Form 2/Employee Name Input'

2019-01-08 18:12:07 - [TEST_STEP][PASSED] - delay: Delayed 2 second(s)

2019-01-08 18:12:09 - [MESSAGE][PASSED] - Delayed 2 second(s)

2019-01-08 18:12:09 - [TEST_STEP][PASSED] - click: Object: 'Object Repository/Final Object Repo/New Registration - Registration Module Pages/Form 2/DatePicker Pop Up' is clicked on

2019-01-08 18:12:10 - [MESSAGE][PASSED] - Object: 'Object Repository/Final Object Repo/New Registration - Registration Module Pages/Form 2/DatePicker Pop Up' is clicked on

2019-01-08 18:12:10 - [TEST_STEP][PASSED] - delay: Delayed 2 second(s)

2019-01-08 18:12:12 - [MESSAGE][PASSED] - Delayed 2 second(s)

2019-01-08 18:12:12 - [TEST_STEP][PASSED] - click: Object: 'Object Repository/Final Object Repo/New Registration - Registration Module Pages/Form 2/DOB Month' is clicked on

2019-01-08 18:12:12 - [MESSAGE][PASSED] - Object: 'Object Repository/Final Object Repo/New Registration - Registration Module Pages/Form 2/DOB Month' is clicked on

2019-01-08 18:12:12 - [TEST_STEP][PASSED] - Statement - selectMonth = com.kms.katalon.core.webui.keyword.WebUiBuiltInKeywords.modifyObjectProperty(selectMonth, "xpath", "equals", "//body/div/div/div/select/option[@value="" + CurrentMonth + ""]", true): Modify property of object successfully

2019-01-08 18:12:12 - [MESSAGE][PASSED] - Modify property of object successfully

2019-01-08 18:12:12 - [TEST_STEP][PASSED] - click: Object: '' is clicked on

2019-01-08 18:12:12 - [MESSAGE][PASSED] - Object: '' is clicked on

2019-01-08 18:12:12 - [TEST_STEP][PASSED] - click: Object: 'Object Repository/Final Object Repo/New Registration - Registration Module Pages/Form 2/DOB Year' is clicked on

2019-01-08 18:12:12 - [MESSAGE][PASSED] - Object: 'Object Repository/Final Object Repo/New Registration - Registration Module Pages/Form 2/DOB Year' is clicked on

2019-01-08 18:12:12 - [TEST_STEP][PASSED] - Statement - selectYear = com.kms.katalon.core.webui.keyword.WebUiBuiltInKeywords.modifyObjectProperty(selectYear, "xpath", "equals", "//div/div/div/select/option[@value="" + FiftysevenYrsBefore + ""]", true): Modify property of object successfully

2019-01-08 18:12:12 - [MESSAGE][PASSED] - Modify property of object successfully

2019-01-08 18:12:12 - [TEST_STEP][PASSED] - click: Object: '' is clicked on

2019-01-08 18:12:12 - [MESSAGE][PASSED] - Object: '' is clicked on

2019-01-08 18:12:12 - [TEST_STEP][PASSED] - Statement - UpdatedSelectDate = com.kms.katalon.core.webui.keyword.WebUiBuiltInKeywords.modifyObjectProperty(com.kms.katalon.core.testobject.ObjectRepository.findTestObject(Final Object Repo/New Registration - Registration Module Pages/Form 2/DOB Date), "xpath", "equals", "//body/div/table/tbody/tr/td/a[text()="" + CurrentDate + ""]", true): Modify property of object successfully

2019-01-08 18:12:12 - [MESSAGE][PASSED] - Modify property of object successfully

2019-01-08 18:12:12 - [TEST_STEP][PASSED] - click: Object: 'Object Repository/Final Object Repo/New Registration - Registration Module Pages/Form 2/DOB Date' is clicked on

2019-01-08 18:12:12 - [MESSAGE][PASSED] - Object: 'Object Repository/Final Object Repo/New Registration - Registration Module Pages/Form 2/DOB Date' is clicked on

2019-01-08 18:12:12 - [TEST_STEP][PASSED] - click: Object: 'Object Repository/Final Object Repo/New Registration - Registration Module Pages/Form 2/EmploymentStartDate Pop Up' is clicked on

2019-01-08 18:12:13 - [MESSAGE][PASSED] - Object: 'Object Repository/Final Object Repo/New Registration - Registration Module Pages/Form 2/EmploymentStartDate Pop Up' is clicked on

2019-01-08 18:12:13 - [TEST_STEP][PASSED] - delay: Delayed 2 second(s)

2019-01-08 18:12:15 - [MESSAGE][PASSED] - Delayed 2 second(s)

2019-01-08 18:12:15 - [TEST_STEP][PASSED] - click: Object: 'Object Repository/Final Object Repo/New Registration - Registration Module Pages/Form 2/Socso Employment StartDate Month' is clicked on

2019-01-08 18:12:15 - [MESSAGE][PASSED] - Object: 'Object Repository/Final Object Repo/New Registration - Registration Module Pages/Form 2/Socso Employment StartDate Month' is clicked on

2019-01-08 18:12:15 - [TEST_STEP][PASSED] - delay: Delayed 1 second(s)

2019-01-08 18:12:16 - [MESSAGE][PASSED] - Delayed 1 second(s)

2019-01-08 18:12:16 - [TEST_STEP][PASSED] - click: Object: 'Object Repository/Final Object Repo/New Registration - Registration Module Pages/Form 2/Select Socso Employement Startdate Month' is clicked on

2019-01-08 18:12:16 - [MESSAGE][PASSED] - Object: 'Object Repository/Final Object Repo/New Registration - Registration Module Pages/Form 2/Select Socso Employement Startdate Month' is clicked on

2019-01-08 18:12:16 - [TEST_STEP][PASSED] - delay: Delayed 2 second(s)

2019-01-08 18:12:18 - [MESSAGE][PASSED] - Delayed 2 second(s)

2019-01-08 18:12:18 - [TEST_STEP][PASSED] - click: Object: 'Object Repository/Final Object Repo/New Registration - Registration Module Pages/Form 2/Socso Employment StartDate Year' is clicked on

2019-01-08 18:12:18 - [MESSAGE][PASSED] - Object: 'Object Repository/Final Object Repo/New Registration - Registration Module Pages/Form 2/Socso Employment StartDate Year' is clicked on

2019-01-08 18:12:18 - [TEST_STEP][PASSED] - delay: Delayed 1 second(s)

2019-01-08 18:12:19 - [MESSAGE][PASSED] - Delayed 1 second(s)

2019-01-08 18:12:19 - [TEST_STEP][PASSED] - click: Object: 'Object Repository/Final Object Repo/New Registration - Registration Module Pages/Form 2/Select Socso Employment Startdate Year' is clicked on

2019-01-08 18:12:19 - [MESSAGE][PASSED] - Object: 'Object Repository/Final Object Repo/New Registration - Registration Module Pages/Form 2/Select Socso Employment Startdate Year' is clicked on

2019-01-08 18:12:19 - [TEST_STEP][PASSED] - delay: Delayed 2 second(s)

2019-01-08 18:12:21 - [MESSAGE][PASSED] - Delayed 2 second(s)

2019-01-08 18:12:21 - [TEST_STEP][PASSED] - click: Object: 'Object Repository/Final Object Repo/New Registration - Registration Module Pages/Form 2/Socso Employment Start Date Day' is clicked on

2019-01-08 18:12:22 - [MESSAGE][PASSED] - Object: 'Object Repository/Final Object Repo/New Registration - Registration Module Pages/Form 2/Socso Employment Start Date Day' is clicked on

2019-01-08 18:12:22 - [TEST_STEP][PASSED] - delay: Delayed 2 second(s)

2019-01-08 18:12:24 - [MESSAGE][PASSED] - Delayed 2 second(s)

2019-01-08 18:12:24 - [TEST_STEP][PASSED] - click: Object: 'Object Repository/Final Object Repo/New Registration - Registration Module Pages/Form 2/Save Button for Add Employee' is clicked on

2019-01-08 18:12:24 - [MESSAGE][PASSED] - Object: 'Object Repository/Final Object Repo/New Registration - Registration Module Pages/Form 2/Save Button for Add Employee' is clicked on

2019-01-08 18:12:24 - [TEST_STEP][PASSED] - delay: Delayed 2 second(s)

2019-01-08 18:12:26 - [MESSAGE][PASSED] - Delayed 2 second(s)

2019-01-08 18:12:26 - [TEST_STEP][PASSED] - click: Object: 'Object Repository/Final Object Repo/New Registration - Registration Module Pages/Form 2/Save and Continue Form 2' is clicked on

2019-01-08 18:12:26 - [MESSAGE][PASSED] - Object: 'Object Repository/Final Object Repo/New Registration - Registration Module Pages/Form 2/Save and Continue Form 2' is clicked on

2019-01-08 18:12:26 - [MESSAGE][PASSED] - Call Test Case 'Test Cases/Final Aug 2018 - PKS Automation/Registration Module/New Registration/Form 2/Add 2 Eligible 2 Not Eligible' successfully

2019-01-08 18:12:26 - [TEST_STEP][PASSED] - callTestCase: Call Test Case 'Test Cases/Final Aug 2018 - PKS Automation/Registration Module/New Registration/Flow of New Registration/Third Screen - Upload Supporting Doc - Preview' successfully

2019-01-08 18:12:26 - [TEST_CASE][PASSED] - Test Cases/Final Aug 2018 - PKS Automation/Registration Module/New Registration/Flow of New Registration/Third Screen - Upload Supporting Doc - Preview: Test Cases/Final Aug 2018 - PKS Automation/Registration Module/New Registration/Flow of New Registration/Third Screen - Upload Supporting Doc - Preview

2019-01-08 18:12:26 - [TEST_STEP][PASSED] - waitForPageLoad: Wait for page load successfully

2019-01-08 18:12:27 - [MESSAGE][PASSED] - Wait for page load successfully

2019-01-08 18:12:27 - [TEST_STEP][PASSED] - Statement - CaseReferenceNo = com.kms.katalon.core.webui.keyword.WebUiBuiltInKeywords.getText(com.kms.katalon.core.testobject.ObjectRepository.findTestObject(Final Object Repo/New Registration - Registration Module Pages/Third Screen - Upload Supporting Doc- Preview/RefNo Acquiring)): Text of object 'Object Repository/Final Object Repo/New Registration - Registration Module Pages/Third Screen - Upload Supporting Doc- Preview/RefNo Acquiring' is: 'CRN01201900123647'

2019-01-08 18:12:27 - [MESSAGE][PASSED] - Text of object 'Object Repository/Final Object Repo/New Registration - Registration Module Pages/Third Screen - Upload Supporting Doc- Preview/RefNo Acquiring' is: 'CRN01201900123647'

2019-01-08 18:12:27 - [TEST_STEP][PASSED] - delay: Delayed 2 second(s)

2019-01-08 18:12:29 - [MESSAGE][PASSED] - Delayed 2 second(s)

2019-01-08 18:12:29 - [TEST_STEP][PASSED] - callTestCase: Call Test Case 'Test Cases/Final Aug 2018 - PKS Automation/Common/Reference Number Setter' successfully

2019-01-08 18:12:29 - [TEST_CASE][PASSED] - Test Cases/Final Aug 2018 - PKS Automation/Common/Reference Number Setter: Test Cases/Final Aug 2018 - PKS Automation/Common/Reference Number Setter

2019-01-08 18:12:29 - [TEST_STEP][PASSED] - Statement - RefNoOldFile = new java.io.File(C://Users//Admin//Desktop//PKS//Automation Reference Point//KatalonReference.txt): null

2019-01-08 18:12:29 - [TEST_STEP][PASSED] - Statement - RefNoOldFile.delete(): null

2019-01-08 18:12:29 - [TEST_STEP][PASSED] - delay: Delayed 5 second(s)

2019-01-08 18:12:34 - [MESSAGE][PASSED] - Delayed 5 second(s)

2019-01-08 18:12:34 - [TEST_STEP][PASSED] - Statement - RefNo = new java.io.File(C://Users//Admin//Desktop//PKS//Automation Reference Point//KatalonReference.txt): null

2019-01-08 18:12:34 - [TEST_STEP][PASSED] - Statement - f2 = new java.io.FileWriter(RefNo, false): null

2019-01-08 18:12:34 - [TEST_STEP][PASSED] - Statement - f2.write(CaseReferenceNo): null

2019-01-08 18:12:34 - [TEST_STEP][PASSED] - Statement - f2.close(): null

2019-01-08 18:12:34 - [TEST_STEP][PASSED] - Statement - out.println("


" + CaseReferenceNo + "


"): null

2019-01-08 18:12:34 - [MESSAGE][PASSED] - Call Test Case 'Test Cases/Final Aug 2018 - PKS Automation/Common/Reference Number Setter' successfully

2019-01-08 18:12:34 - [TEST_STEP][PASSED] - waitForElementClickable: Object 'Object Repository/Final Object Repo/New Registration - Registration Module Pages/Third Screen - Upload Supporting Doc- Preview/Save n Continue in SIP Employee Listing Page' is clickable

2019-01-08 18:12:34 - [MESSAGE][PASSED] - Object 'Object Repository/Final Object Repo/New Registration - Registration Module Pages/Third Screen - Upload Supporting Doc- Preview/Save n Continue in SIP Employee Listing Page' is clickable

2019-01-08 18:12:34 - [TEST_STEP][PASSED] - click: Object: 'Object Repository/Final Object Repo/New Registration - Registration Module Pages/Third Screen - Upload Supporting Doc- Preview/Save n Continue in SIP Employee Listing Page' is clicked on

2019-01-08 18:12:39 - [MESSAGE][PASSED] - Object: 'Object Repository/Final Object Repo/New Registration - Registration Module Pages/Third Screen - Upload Supporting Doc- Preview/Save n Continue in SIP Employee Listing Page' is clicked on

2019-01-08 18:12:39 - [TEST_STEP][PASSED] - delay: Delayed 7 second(s)

2019-01-08 18:12:46 - [MESSAGE][PASSED] - Delayed 7 second(s)

2019-01-08 18:12:46 - [TEST_STEP][PASSED] - click: Object: 'Object Repository/Final Object Repo/New Registration - Registration Module Pages/Third Screen - Upload Supporting Doc- Preview/Add Document Button' is clicked on

2019-01-08 18:12:47 - [MESSAGE][PASSED] - Object: 'Object Repository/Final Object Repo/New Registration - Registration Module Pages/Third Screen - Upload Supporting Doc- Preview/Add Document Button' is clicked on

2019-01-08 18:12:47 - [TEST_STEP][PASSED] - delay: Delayed 30 second(s)

2019-01-08 18:13:17 - [MESSAGE][PASSED] - Delayed 30 second(s)

2019-01-08 18:13:17 - [TEST_STEP][PASSED] - click: Object: 'Object Repository/Final Object Repo/New Registration - Registration Module Pages/Third Screen - Upload Supporting Doc- Preview/Supporting Doc Please Select Drop Down' is clicked on

2019-01-08 18:13:17 - [MESSAGE][PASSED] - Object: 'Object Repository/Final Object Repo/New Registration - Registration Module Pages/Third Screen - Upload Supporting Doc- Preview/Supporting Doc Please Select Drop Down' is clicked on

2019-01-08 18:13:17 - [TEST_STEP][PASSED] - delay: Delayed 2 second(s)

2019-01-08 18:13:19 - [MESSAGE][PASSED] - Delayed 2 second(s)

2019-01-08 18:13:19 - [TEST_STEP][PASSED] - click: Object: 'Object Repository/Final Object Repo/New Registration - Registration Module Pages/Third Screen - Upload Supporting Doc- Preview/Select to Upload Form 1' is clicked on

2019-01-08 18:13:19 - [MESSAGE][PASSED] - Object: 'Object Repository/Final Object Repo/New Registration - Registration Module Pages/Third Screen - Upload Supporting Doc- Preview/Select to Upload Form 1' is clicked on

2019-01-08 18:13:19 - [TEST_STEP][PASSED] - delay: Delayed 2 second(s)

2019-01-08 18:13:21 - [MESSAGE][PASSED] - Delayed 2 second(s)

2019-01-08 18:13:21 - [TEST_STEP][PASSED] - uploadFile: File 'C:\Users\Public\Pictures\Sample Pictures\Koala.jpg' sent to object: 'Object Repository/Final Object Repo/New Registration - Registration Module Pages/Third Screen - Upload Supporting Doc- Preview/Upload File Adding'

2019-01-08 18:13:21 - [MESSAGE][PASSED] - File 'C:\Users\Public\Pictures\Sample Pictures\Koala.jpg' sent to object: 'Object Repository/Final Object Repo/New Registration - Registration Module Pages/Third Screen - Upload Supporting Doc- Preview/Upload File Adding'

2019-01-08 18:13:21 - [TEST_STEP][PASSED] - delay: Delayed 5 second(s)

2019-01-08 18:13:26 - [MESSAGE][PASSED] - Delayed 5 second(s)

2019-01-08 18:13:26 - [TEST_STEP][PASSED] - click: Object: 'Object Repository/Final Object Repo/New Registration - Registration Module Pages/Third Screen - Upload Supporting Doc- Preview/Inner Form Add Document Button' is clicked on

2019-01-08 18:13:26 - [MESSAGE][PASSED] - Object: 'Object Repository/Final Object Repo/New Registration - Registration Module Pages/Third Screen - Upload Supporting Doc- Preview/Inner Form Add Document Button' is clicked on

2019-01-08 18:13:26 - [TEST_STEP][PASSED] - delay: Delayed 3 second(s)

2019-01-08 18:13:29 - [MESSAGE][PASSED] - Delayed 3 second(s)

2019-01-08 18:13:29 - [TEST_STEP][PASSED] - click: Object: 'Object Repository/Final Object Repo/New Registration - Registration Module Pages/Third Screen - Upload Supporting Doc- Preview/Add Document Button' is clicked on

2019-01-08 18:13:31 - [MESSAGE][PASSED] - Object: 'Object Repository/Final Object Repo/New Registration - Registration Module Pages/Third Screen - Upload Supporting Doc- Preview/Add Document Button' is clicked on

2019-01-08 18:13:31 - [TEST_STEP][PASSED] - delay: Delayed 30 second(s)

2019-01-08 18:14:01 - [MESSAGE][PASSED] - Delayed 30 second(s)

2019-01-08 18:14:01 - [TEST_STEP][PASSED] - click: Object: 'Object Repository/Final Object Repo/New Registration - Registration Module Pages/Third Screen - Upload Supporting Doc- Preview/Supporting Doc Please Select Drop Down' is clicked on

2019-01-08 18:14:01 - [MESSAGE][PASSED] - Object: 'Object Repository/Final Object Repo/New Registration - Registration Module Pages/Third Screen - Upload Supporting Doc- Preview/Supporting Doc Please Select Drop Down' is clicked on

2019-01-08 18:14:01 - [TEST_STEP][PASSED] - delay: Delayed 4 second(s)

2019-01-08 18:14:05 - [MESSAGE][PASSED] - Delayed 4 second(s)

2019-01-08 18:14:05 - [TEST_STEP][PASSED] - click: Object: 'Object Repository/Final Object Repo/New Registration - Registration Module Pages/Third Screen - Upload Supporting Doc- Preview/Select to Upload Form 2' is clicked on

2019-01-08 18:14:05 - [MESSAGE][PASSED] - Object: 'Object Repository/Final Object Repo/New Registration - Registration Module Pages/Third Screen - Upload Supporting Doc- Preview/Select to Upload Form 2' is clicked on

2019-01-08 18:14:05 - [TEST_STEP][PASSED] - delay: Delayed 2 second(s)

2019-01-08 18:14:07 - [MESSAGE][PASSED] - Delayed 2 second(s)

2019-01-08 18:14:07 - [TEST_STEP][PASSED] - uploadFile: File 'C:\Users\Public\Pictures\Sample Pictures\Koala.jpg' sent to object: 'Object Repository/Final Object Repo/New Registration - Registration Module Pages/Third Screen - Upload Supporting Doc- Preview/Upload File Adding'

2019-01-08 18:14:07 - [MESSAGE][PASSED] - File 'C:\Users\Public\Pictures\Sample Pictures\Koala.jpg' sent to object: 'Object Repository/Final Object Repo/New Registration - Registration Module Pages/Third Screen - Upload Supporting Doc- Preview/Upload File Adding'

2019-01-08 18:14:07 - [TEST_STEP][PASSED] - click: Object: 'Object Repository/Final Object Repo/New Registration - Registration Module Pages/Third Screen - Upload Supporting Doc- Preview/Inner Form Add Document Button' is clicked on

2019-01-08 18:14:08 - [MESSAGE][PASSED] - Object: 'Object Repository/Final Object Repo/New Registration - Registration Module Pages/Third Screen - Upload Supporting Doc- Preview/Inner Form Add Document Button' is clicked on

2019-01-08 18:14:08 - [TEST_STEP][PASSED] - delay: Delayed 5 second(s)

2019-01-08 18:14:13 - [MESSAGE][PASSED] - Delayed 5 second(s)

2019-01-08 18:14:13 - [TEST_STEP][PASSED] - click: Object: 'Object Repository/Final Object Repo/New Registration - Registration Module Pages/Third Screen - Upload Supporting Doc- Preview/Add Document Button' is clicked on

2019-01-08 18:14:13 - [MESSAGE][PASSED] - Object: 'Object Repository/Final Object Repo/New Registration - Registration Module Pages/Third Screen - Upload Supporting Doc- Preview/Add Document Button' is clicked on

2019-01-08 18:14:13 - [TEST_STEP][PASSED] - delay: Delayed 30 second(s)

2019-01-08 18:14:43 - [MESSAGE][PASSED] - Delayed 30 second(s)

2019-01-08 18:14:43 - [TEST_STEP][PASSED] - click: Object: 'Object Repository/Final Object Repo/New Registration - Registration Module Pages/Third Screen - Upload Supporting Doc- Preview/Supporting Doc Please Select Drop Down' is clicked on

2019-01-08 18:14:43 - [MESSAGE][PASSED] - Object: 'Object Repository/Final Object Repo/New Registration - Registration Module Pages/Third Screen - Upload Supporting Doc- Preview/Supporting Doc Please Select Drop Down' is clicked on

2019-01-08 18:14:43 - [TEST_STEP][PASSED] - click: Object: 'Object Repository/Final Object Repo/New Registration - Registration Module Pages/Third Screen - Upload Supporting Doc- Preview/Select to Upload Borang SIP 1' is clicked on

2019-01-08 18:14:43 - [MESSAGE][PASSED] - Object: 'Object Repository/Final Object Repo/New Registration - Registration Module Pages/Third Screen - Upload Supporting Doc- Preview/Select to Upload Borang SIP 1' is clicked on

2019-01-08 18:14:43 - [TEST_STEP][PASSED] - delay: Delayed 2 second(s)

2019-01-08 18:14:45 - [MESSAGE][PASSED] - Delayed 2 second(s)

2019-01-08 18:14:45 - [TEST_STEP][PASSED] - uploadFile: File 'C:\Users\Public\Pictures\Sample Pictures\Koala.jpg' sent to object: 'Object Repository/Final Object Repo/New Registration - Registration Module Pages/Third Screen - Upload Supporting Doc- Preview/Upload File Adding'

2019-01-08 18:14:45 - [MESSAGE][PASSED] - File 'C:\Users\Public\Pictures\Sample Pictures\Koala.jpg' sent to object: 'Object Repository/Final Object Repo/New Registration - Registration Module Pages/Third Screen - Upload Supporting Doc- Preview/Upload File Adding'

2019-01-08 18:14:45 - [TEST_STEP][PASSED] - click: Object: 'Object Repository/Final Object Repo/New Registration - Registration Module Pages/Third Screen - Upload Supporting Doc- Preview/Inner Form Add Document Button' is clicked on

2019-01-08 18:14:45 - [MESSAGE][PASSED] - Object: 'Object Repository/Final Object Repo/New Registration - Registration Module Pages/Third Screen - Upload Supporting Doc- Preview/Inner Form Add Document Button' is clicked on

2019-01-08 18:14:45 - [TEST_STEP][PASSED] - delay: Delayed 5 second(s)

2019-01-08 18:14:50 - [MESSAGE][PASSED] - Delayed 5 second(s)

2019-01-08 18:14:50 - [TEST_STEP][PASSED] - click: Object: 'Object Repository/Final Object Repo/New Registration - Registration Module Pages/Third Screen - Upload Supporting Doc- Preview/Add Document Button' is clicked on

2019-01-08 18:14:51 - [MESSAGE][PASSED] - Object: 'Object Repository/Final Object Repo/New Registration - Registration Module Pages/Third Screen - Upload Supporting Doc- Preview/Add Document Button' is clicked on

2019-01-08 18:14:51 - [TEST_STEP][PASSED] - delay: Delayed 30 second(s)

2019-01-08 18:15:21 - [MESSAGE][PASSED] - Delayed 30 second(s)

2019-01-08 18:15:21 - [TEST_STEP][PASSED] - click: Object: 'Object Repository/Final Object Repo/New Registration - Registration Module Pages/Third Screen - Upload Supporting Doc- Preview/Supporting Doc Please Select Drop Down' is clicked on

2019-01-08 18:15:21 - [MESSAGE][PASSED] - Object: 'Object Repository/Final Object Repo/New Registration - Registration Module Pages/Third Screen - Upload Supporting Doc- Preview/Supporting Doc Please Select Drop Down' is clicked on

2019-01-08 18:15:21 - [TEST_STEP][PASSED] - delay: Delayed 3 second(s)

2019-01-08 18:15:24 - [MESSAGE][PASSED] - Delayed 3 second(s)

2019-01-08 18:15:24 - [TEST_STEP][PASSED] - click: Object: 'Object Repository/Final Object Repo/New Registration - Registration Module Pages/Third Screen - Upload Supporting Doc- Preview/Select to Upload Borang SIP 2' is clicked on

2019-01-08 18:15:24 - [MESSAGE][PASSED] - Object: 'Object Repository/Final Object Repo/New Registration - Registration Module Pages/Third Screen - Upload Supporting Doc- Preview/Select to Upload Borang SIP 2' is clicked on

2019-01-08 18:15:24 - [TEST_STEP][PASSED] - delay: Delayed 2 second(s)

2019-01-08 18:15:26 - [MESSAGE][PASSED] - Delayed 2 second(s)

2019-01-08 18:15:26 - [TEST_STEP][PASSED] - uploadFile: File 'C:\Users\Public\Pictures\Sample Pictures\Koala.jpg' sent to object: 'Object Repository/Final Object Repo/New Registration - Registration Module Pages/Third Screen - Upload Supporting Doc- Preview/Upload File Adding'

2019-01-08 18:15:26 - [MESSAGE][PASSED] - File 'C:\Users\Public\Pictures\Sample Pictures\Koala.jpg' sent to object: 'Object Repository/Final Object Repo/New Registration - Registration Module Pages/Third Screen - Upload Supporting Doc- Preview/Upload File Adding'

2019-01-08 18:15:26 - [TEST_STEP][PASSED] - delay: Delayed 5 second(s)

2019-01-08 18:15:31 - [MESSAGE][PASSED] - Delayed 5 second(s)

2019-01-08 18:15:31 - [TEST_STEP][PASSED] - click: Object: 'Object Repository/Final Object Repo/New Registration - Registration Module Pages/Third Screen - Upload Supporting Doc- Preview/Inner Form Add Document Button' is clicked on

2019-01-08 18:15:31 - [MESSAGE][PASSED] - Object: 'Object Repository/Final Object Repo/New Registration - Registration Module Pages/Third Screen - Upload Supporting Doc- Preview/Inner Form Add Document Button' is clicked on

2019-01-08 18:15:31 - [TEST_STEP][PASSED] - delay: Delayed 3 second(s)

2019-01-08 18:15:34 - [MESSAGE][PASSED] - Delayed 3 second(s)

2019-01-08 18:15:34 - [TEST_STEP][PASSED] - waitForElementClickable: Object 'Object Repository/Final Object Repo/New Registration - Registration Module Pages/Third Screen - Upload Supporting Doc- Preview/Save n Continue in Uploading Supporting Doc Page' is clickable

2019-01-08 18:15:37 - [MESSAGE][PASSED] - Object 'Object Repository/Final Object Repo/New Registration - Registration Module Pages/Third Screen - Upload Supporting Doc- Preview/Save n Continue in Uploading Supporting Doc Page' is clickable

2019-01-08 18:15:37 - [TEST_STEP][PASSED] - click: Object: 'Object Repository/Final Object Repo/New Registration - Registration Module Pages/Third Screen - Upload Supporting Doc- Preview/Save n Continue in Uploading Supporting Doc Page' is clicked on

2019-01-08 18:15:37 - [MESSAGE][PASSED] - Object: 'Object Repository/Final Object Repo/New Registration - Registration Module Pages/Third Screen - Upload Supporting Doc- Preview/Save n Continue in Uploading Supporting Doc Page' is clicked on

2019-01-08 18:15:37 - [MESSAGE][PASSED] - Call Test Case 'Test Cases/Final Aug 2018 - PKS Automation/Registration Module/New Registration/Flow of New Registration/Third Screen - Upload Supporting Doc - Preview' successfully

2019-01-08 18:15:37 - [TEST_STEP][PASSED] - callTestCase: Call Test Case 'Test Cases/Final Aug 2018 - PKS Automation/Registration Module/New Registration/Submit and Screenshot/Submit Registration and Screenshot' successfully

2019-01-08 18:15:37 - [TEST_CASE][PASSED] - Test Cases/Final Aug 2018 - PKS Automation/Registration Module/New Registration/Submit and Screenshot/Submit Registration and Screenshot: Test Cases/Final Aug 2018 - PKS Automation/Registration Module/New Registration/Submit and Screenshot/Submit Registration and Screenshot

2019-01-08 18:15:37 - [TEST_STEP][PASSED] - delay: Delayed 6 second(s)

2019-01-08 18:15:43 - [MESSAGE][PASSED] - Delayed 6 second(s)

2019-01-08 18:15:43 - [TEST_STEP][PASSED] - click: Object: 'Object Repository/Final Object Repo/New Registration - Registration Module Pages/Third Screen - Upload Supporting Doc- Preview/Preview Submit Button' is clicked on

2019-01-08 18:15:43 - [MESSAGE][PASSED] - Object: 'Object Repository/Final Object Repo/New Registration - Registration Module Pages/Third Screen - Upload Supporting Doc- Preview/Preview Submit Button' is clicked on

2019-01-08 18:15:43 - [TEST_STEP][PASSED] - delay: Delayed 2 second(s)

2019-01-08 18:15:45 - [MESSAGE][PASSED] - Delayed 2 second(s)

2019-01-08 18:15:45 - [TEST_STEP][PASSED] - click: Object: 'Object Repository/Final Object Repo/New Registration - Registration Module Pages/Third Screen - Upload Supporting Doc- Preview/Preview Submit - Confirm' is clicked on

2019-01-08 18:15:45 - [MESSAGE][PASSED] - Object: 'Object Repository/Final Object Repo/New Registration - Registration Module Pages/Third Screen - Upload Supporting Doc- Preview/Preview Submit - Confirm' is clicked on

2019-01-08 18:15:45 - [TEST_STEP][PASSED] - delay: Delayed 15 second(s)

2019-01-08 18:16:00 - [MESSAGE][PASSED] - Delayed 15 second(s)

2019-01-08 18:16:00 - [TEST_STEP][PASSED] - Statement - driver = com.kms.katalon.core.webui.driver.DriverFactory.getWebDriver(): null

2019-01-08 18:16:00 - [TEST_STEP][PASSED] - Statement - driver.manage().timeouts().implicitlyWait(10, SECONDS): null

2019-01-08 18:16:00 - [TEST_STEP][PASSED] - Statement - PresavePath = KatalonScreenshots: null

2019-01-08 18:16:00 - [TEST_STEP][PASSED] - Statement - pathPrefix = "C:\Users\Public\Pictures\Sample Pictures\Katalon Screenshots\Automate Ending Screen": null

2019-01-08 18:16:00 - [TEST_STEP][PASSED] - Statement - finalPath = <not implemented yet for class: org.codehaus.groovy.ast.expr.EmptyExpression>: null

2019-01-08 18:16:00 - [TEST_STEP][PASSED] - Statement - scrFile = driver.getScreenshotAs(FILE): null

2019-01-08 18:16:01 - [TEST_STEP][PASSED] - Statement - PreSaveFile = new java.io.File(PresavePath): null

2019-01-08 18:16:01 - [TEST_STEP][PASSED] - Statement - counter = 0: null

2019-01-08 18:16:01 - [TEST_STEP][PASSED] - Statement - If (PreSaveFile.exists()): null

2019-01-08 18:16:01 - [TEST_STEP][PASSED] - Statement - While (PreSaveFile.exists()): null

2019-01-08 18:16:01 - [TEST_STEP][PASSED] - Statement - counter = counter + 1: null

2019-01-08 18:16:01 - [TEST_STEP][PASSED] - Statement - PreSaveFile = new java.io.File(((pathPrefix + java.lang.Integer.toString(counter)) + .png)): null

2019-01-08 18:16:01 - [TEST_STEP][PASSED] - Statement - counter = counter + 1: null

2019-01-08 18:16:01 - [TEST_STEP][PASSED] - Statement - PreSaveFile = new java.io.File(((pathPrefix + java.lang.Integer.toString(counter)) + .png)): null

2019-01-08 18:16:01 - [TEST_STEP][PASSED] - Statement - counter = counter + 1: null

2019-01-08 18:16:01 - [TEST_STEP][PASSED] - Statement - PreSaveFile = new java.io.File(((pathPrefix + java.lang.Integer.toString(counter)) + .png)): null

2019-01-08 18:16:01 - [TEST_STEP][PASSED] - Statement - counter = counter + 1: null

2019-01-08 18:16:01 - [TEST_STEP][PASSED] - Statement - PreSaveFile = new java.io.File(((pathPrefix + java.lang.Integer.toString(counter)) + .png)): null

2019-01-08 18:16:01 - [TEST_STEP][PASSED] - Statement - counter = counter + 1: null

2019-01-08 18:16:01 - [TEST_STEP][PASSED] - Statement - PreSaveFile = new java.io.File(((pathPrefix + java.lang.Integer.toString(counter)) + .png)): null

2019-01-08 18:16:01 - [TEST_STEP][PASSED] - Statement - counter = counter + 1: null

2019-01-08 18:16:01 - [TEST_STEP][PASSED] - Statement - PreSaveFile = new java.io.File(((pathPrefix + java.lang.Integer.toString(counter)) + .png)): null

2019-01-08 18:16:01 - [TEST_STEP][PASSED] - Statement - counter = counter + 1: null

2019-01-08 18:16:01 - [TEST_STEP][PASSED] - Statement - PreSaveFile = new java.io.File(((pathPrefix + java.lang.Integer.toString(counter)) + .png)): null

2019-01-08 18:16:01 - [TEST_STEP][PASSED] - Statement - counter = counter + 1: null

2019-01-08 18:16:01 - [TEST_STEP][PASSED] - Statement - PreSaveFile = new java.io.File(((pathPrefix + java.lang.Integer.toString(counter)) + .png)): null

2019-01-08 18:16:01 - [TEST_STEP][PASSED] - Statement - counter = counter + 1: null

2019-01-08 18:16:01 - [TEST_STEP][PASSED] - Statement - PreSaveFile = new java.io.File(((pathPrefix + java.lang.Integer.toString(counter)) + .png)): null

2019-01-08 18:16:01 - [TEST_STEP][PASSED] - Statement - counter = counter + 1: null

2019-01-08 18:16:01 - [TEST_STEP][PASSED] - Statement - PreSaveFile = new java.io.File(((pathPrefix + java.lang.Integer.toString(counter)) + .png)): null

2019-01-08 18:16:01 - [TEST_STEP][PASSED] - Statement - counter = counter + 1: null

2019-01-08 18:16:01 - [TEST_STEP][PASSED] - Statement - PreSaveFile = new java.io.File(((pathPrefix + java.lang.Integer.toString(counter)) + .png)): null

2019-01-08 18:16:01 - [TEST_STEP][PASSED] - Statement - counter = counter + 1: null

2019-01-08 18:16:01 - [TEST_STEP][PASSED] - Statement - PreSaveFile = new java.io.File(((pathPrefix + java.lang.Integer.toString(counter)) + .png)): null

2019-01-08 18:16:01 - [TEST_STEP][PASSED] - Statement - counter = counter + 1: null

2019-01-08 18:16:01 - [TEST_STEP][PASSED] - Statement - PreSaveFile = new java.io.File(((pathPrefix + java.lang.Integer.toString(counter)) + .png)): null

2019-01-08 18:16:01 - [TEST_STEP][PASSED] - Statement - counter = counter + 1: null

2019-01-08 18:16:01 - [TEST_STEP][PASSED] - Statement - PreSaveFile = new java.io.File(((pathPrefix + java.lang.Integer.toString(counter)) + .png)): null

2019-01-08 18:16:01 - [TEST_STEP][PASSED] - Statement - counter = counter + 1: null

2019-01-08 18:16:01 - [TEST_STEP][PASSED] - Statement - PreSaveFile = new java.io.File(((pathPrefix + java.lang.Integer.toString(counter)) + .png)): null

2019-01-08 18:16:01 - [TEST_STEP][PASSED] - Statement - counter = counter + 1: null

2019-01-08 18:16:01 - [TEST_STEP][PASSED] - Statement - PreSaveFile = new java.io.File(((pathPrefix + java.lang.Integer.toString(counter)) + .png)): null

2019-01-08 18:16:01 - [TEST_STEP][PASSED] - Statement - counter = counter + 1: null

2019-01-08 18:16:01 - [TEST_STEP][PASSED] - Statement - PreSaveFile = new java.io.File(((pathPrefix + java.lang.Integer.toString(counter)) + .png)): null

2019-01-08 18:16:01 - [TEST_STEP][PASSED] - Statement - counter = counter + 1: null

2019-01-08 18:16:01 - [TEST_STEP][PASSED] - Statement - PreSaveFile = new java.io.File(((pathPrefix + java.lang.Integer.toString(counter)) + .png)): null

2019-01-08 18:16:01 - [TEST_STEP][PASSED] - Statement - counter = counter + 1: null

2019-01-08 18:16:01 - [TEST_STEP][PASSED] - Statement - PreSaveFile = new java.io.File(((pathPrefix + java.lang.Integer.toString(counter)) + .png)): null

2019-01-08 18:16:01 - [TEST_STEP][PASSED] - Statement - counter = counter + 1: null

2019-01-08 18:16:01 - [TEST_STEP][PASSED] - Statement - PreSaveFile = new java.io.File(((pathPrefix + java.lang.Integer.toString(counter)) + .png)): null

2019-01-08 18:16:01 - [TEST_STEP][PASSED] - Statement - counter = counter + 1: null

2019-01-08 18:16:01 - [TEST_STEP][PASSED] - Statement - PreSaveFile = new java.io.File(((pathPrefix + java.lang.Integer.toString(counter)) + .png)): null

2019-01-08 18:16:01 - [TEST_STEP][PASSED] - Statement - counter = counter + 1: null

2019-01-08 18:16:01 - [TEST_STEP][PASSED] - Statement - PreSaveFile = new java.io.File(((pathPrefix + java.lang.Integer.toString(counter)) + .png)): null

2019-01-08 18:16:01 - [TEST_STEP][PASSED] - Statement - counter = counter + 1: null

2019-01-08 18:16:01 - [TEST_STEP][PASSED] - Statement - PreSaveFile = new java.io.File(((pathPrefix + java.lang.Integer.toString(counter)) + .png)): null

2019-01-08 18:16:01 - [TEST_STEP][PASSED] - Statement - finalPath = pathPrefix + java.lang.Integer.toString(counter) + ".png": null

2019-01-08 18:16:01 - [TEST_STEP][PASSED] - Statement - SaveFile = new java.io.File(finalPath): null

2019-01-08 18:16:01 - [TEST_STEP][PASSED] - Statement - Try: null

2019-01-08 18:16:01 - [TEST_STEP][PASSED] - Statement - org.apache.commons.io.FileUtils.copyFile(scrFile, SaveFile): null

2019-01-08 18:16:01 - [TEST_STEP][PASSED] - Statement - out.println("file kept"): null

2019-01-08 18:16:01 - [TEST_STEP][PASSED] - delay: Delayed 10 second(s)

2019-01-08 18:16:11 - [MESSAGE][PASSED] - Delayed 10 second(s)

2019-01-08 18:16:11 - [MESSAGE][PASSED] - Call Test Case 'Test Cases/Final Aug 2018 - PKS Automation/Registration Module/New Registration/Submit and Screenshot/Submit Registration and Screenshot' successfully]]></system-out>
         <system-err><![CDATA[]]></system-err>
      </testcase>
      <testcase name="Test Cases/Final Aug 2018 - PKS Automation/Registration Module/Critical Path/New Registration/Other - Cooperative" classname="Test Cases/Final Aug 2018 - PKS Automation/Registration Module/Critical Path/New Registration/Other - Cooperative" status="PASSED">
         <system-out><![CDATA[2019-01-08 18:16:11 - [TEST_CASE][PASSED] - Test Cases/Final Aug 2018 - PKS Automation/Registration Module/Critical Path/New Registration/Other - Cooperative: Test Cases/Final Aug 2018 - PKS Automation/Registration Module/Critical Path/New Registration/Other - Cooperative

2019-01-08 18:16:11 - [TEST_STEP][PASSED] - callTestCase: Call Test Case 'Test Cases/Final Aug 2018 - PKS Automation/Registration Module/New Registration/Form 1/Form 1 - Other - Cooperative' successfully

2019-01-08 18:16:11 - [TEST_CASE][PASSED] - Test Cases/Final Aug 2018 - PKS Automation/Registration Module/New Registration/Form 1/Form 1 - Other - Cooperative: Test Cases/Final Aug 2018 - PKS Automation/Registration Module/New Registration/Form 1/Form 1 - Other - Cooperative

2019-01-08 18:16:12 - [TEST_STEP][PASSED] - openBrowser: Browser is opened with url: ''

2019-01-08 18:16:12 - [MESSAGE][WARNING] - A browser is already opened. Closing browser and opening a new one

2019-01-08 18:16:15 - [MESSAGE][PASSED] - Browser is opened with url: ''

2019-01-08 18:16:15 - [TEST_STEP][PASSED] - navigateToUrl: Navigate to 'https://assist2-uat.perkeso.gov.my/login' successfully

2019-01-08 18:16:16 - [MESSAGE][PASSED] - Navigate to 'https://assist2-uat.perkeso.gov.my/login' successfully

2019-01-08 18:16:16 - [TEST_STEP][PASSED] - setText: Text 'johorotc1@gmail.com' is set on object 'Object Repository/Final Object Repo/Login Page/Internal User/Email Address'

2019-01-08 18:16:16 - [MESSAGE][PASSED] - Text 'johorotc1@gmail.com' is set on object 'Object Repository/Final Object Repo/Login Page/Internal User/Email Address'

2019-01-08 18:16:16 - [TEST_STEP][PASSED] - click: Object: 'Object Repository/Final Object Repo/Login Page/Internal User/Next Button' is clicked on

2019-01-08 18:16:16 - [MESSAGE][PASSED] - Object: 'Object Repository/Final Object Repo/Login Page/Internal User/Next Button' is clicked on

2019-01-08 18:16:16 - [TEST_STEP][PASSED] - delay: Delayed 1 second(s)

2019-01-08 18:16:17 - [MESSAGE][PASSED] - Delayed 1 second(s)

2019-01-08 18:16:17 - [TEST_STEP][PASSED] - setEncryptedText: Text ****** has been set on object 'Object Repository/Final Object Repo/Login Page/Internal User/Password'

2019-01-08 18:16:18 - [MESSAGE][PASSED] - Text ****** has been set on object 'Object Repository/Final Object Repo/Login Page/Internal User/Password'

2019-01-08 18:16:18 - [TEST_STEP][PASSED] - click: Object: 'Object Repository/Final Object Repo/Login Page/Internal User/Login Button' is clicked on

2019-01-08 18:16:18 - [MESSAGE][PASSED] - Object: 'Object Repository/Final Object Repo/Login Page/Internal User/Login Button' is clicked on

2019-01-08 18:16:18 - [TEST_STEP][PASSED] - delay: Delayed 1 second(s)

2019-01-08 18:16:19 - [MESSAGE][PASSED] - Delayed 1 second(s)

2019-01-08 18:16:19 - [TEST_STEP][PASSED] - Statement - Try: Delayed 2 second(s)

2019-01-08 18:16:19 - [TEST_STEP][PASSED] - Statement - Checker = false: null

2019-01-08 18:16:19 - [TEST_STEP][PASSED] - Statement - Checker = com.kms.katalon.core.webui.keyword.WebUiBuiltInKeywords.verifyElementHasAttribute(com.kms.katalon.core.testobject.ObjectRepository.findTestObject(Final Object Repo/Landing Page/BM Detecting), "href", 20, OPTIONAL): Object 'Object Repository/Final Object Repo/Landing Page/BM Detecting' has attribute 'href'

2019-01-08 18:16:20 - [MESSAGE][PASSED] - Object 'Object Repository/Final Object Repo/Landing Page/BM Detecting' has attribute 'href'

2019-01-08 18:16:20 - [TEST_STEP][PASSED] - Statement - out.println(Checker): null

2019-01-08 18:16:20 - [TEST_STEP][PASSED] - Statement - If (Checker == false): null

2019-01-08 18:16:20 - [TEST_STEP][PASSED] - Statement - Else: null

2019-01-08 18:16:20 - [TEST_STEP][PASSED] - delay: Delayed 2 second(s)

2019-01-08 18:16:22 - [MESSAGE][PASSED] - Delayed 2 second(s)

2019-01-08 18:16:22 - [TEST_STEP][PASSED] - navigateToUrl: Navigate to 'https://assist2-uat.perkeso.gov.my/web/registration/registration' successfully

2019-01-08 18:16:23 - [MESSAGE][PASSED] - Navigate to 'https://assist2-uat.perkeso.gov.my/web/registration/registration' successfully

2019-01-08 18:16:23 - [TEST_STEP][PASSED] - click: Object: 'Object Repository/Final Object Repo/New Registration - Registration Module Pages/Form 1/AEC - No' is clicked on

2019-01-08 18:16:23 - [MESSAGE][PASSED] - Object: 'Object Repository/Final Object Repo/New Registration - Registration Module Pages/Form 1/AEC - No' is clicked on

2019-01-08 18:16:23 - [TEST_STEP][PASSED] - click: Object: 'Object Repository/Final Object Repo/New Registration - Registration Module Pages/Form 1/Business Entity' is clicked on

2019-01-08 18:16:23 - [MESSAGE][PASSED] - Object: 'Object Repository/Final Object Repo/New Registration - Registration Module Pages/Form 1/Business Entity' is clicked on

2019-01-08 18:16:23 - [TEST_STEP][PASSED] - click: Object: 'Object Repository/Final Object Repo/New Registration - Registration Module Pages/Form 1/Business Entity - Other' is clicked on

2019-01-08 18:16:24 - [MESSAGE][PASSED] - Object: 'Object Repository/Final Object Repo/New Registration - Registration Module Pages/Form 1/Business Entity - Other' is clicked on

2019-01-08 18:16:24 - [TEST_STEP][PASSED] - delay: Delayed 1 second(s)

2019-01-08 18:16:25 - [MESSAGE][PASSED] - Delayed 1 second(s)

2019-01-08 18:16:25 - [TEST_STEP][PASSED] - click: Object: 'Object Repository/Final Object Repo/New Registration - Registration Module Pages/Form 1/Sub Business Entity' is clicked on

2019-01-08 18:16:25 - [MESSAGE][PASSED] - Object: 'Object Repository/Final Object Repo/New Registration - Registration Module Pages/Form 1/Sub Business Entity' is clicked on

2019-01-08 18:16:25 - [TEST_STEP][PASSED] - click: Object: 'Object Repository/Final Object Repo/New Registration - Registration Module Pages/Form 1/Sub Business Entity - Other/Sub Business Entity  - Cooperative' is clicked on

2019-01-08 18:16:25 - [MESSAGE][PASSED] - Object: 'Object Repository/Final Object Repo/New Registration - Registration Module Pages/Form 1/Sub Business Entity - Other/Sub Business Entity  - Cooperative' is clicked on

2019-01-08 18:16:25 - [TEST_STEP][PASSED] - delay: Delayed 1 second(s)

2019-01-08 18:16:26 - [MESSAGE][PASSED] - Delayed 1 second(s)

2019-01-08 18:16:26 - [TEST_STEP][NOT_RUN] - click: NOT_RUN: click

2019-01-08 18:16:26 - [MESSAGE][NOT_RUN] - NOT_RUN: click

2019-01-08 18:16:26 - [TEST_STEP][NOT_RUN] - click: NOT_RUN: click

2019-01-08 18:16:26 - [MESSAGE][NOT_RUN] - NOT_RUN: click

2019-01-08 18:16:26 - [TEST_STEP][NOT_RUN] - delay: NOT_RUN: delay

2019-01-08 18:16:26 - [MESSAGE][NOT_RUN] - NOT_RUN: delay

2019-01-08 18:16:26 - [TEST_STEP][PASSED] - setText: Text '123' is set on object 'Object Repository/Final Object Repo/New Registration - Registration Module Pages/Form 1/Registration Number'

2019-01-08 18:16:26 - [MESSAGE][PASSED] - Text '123' is set on object 'Object Repository/Final Object Repo/New Registration - Registration Module Pages/Form 1/Registration Number'

2019-01-08 18:16:26 - [TEST_STEP][NOT_RUN] - click: NOT_RUN: click

2019-01-08 18:16:26 - [MESSAGE][NOT_RUN] - NOT_RUN: click

2019-01-08 18:16:26 - [TEST_STEP][PASSED] - click: Object: 'Object Repository/Final Object Repo/New Registration - Registration Module Pages/Form 1/Registered As a Branch - Yes' is clicked on

2019-01-08 18:16:26 - [MESSAGE][PASSED] - Object: 'Object Repository/Final Object Repo/New Registration - Registration Module Pages/Form 1/Registered As a Branch - Yes' is clicked on

2019-01-08 18:16:26 - [TEST_STEP][NOT_RUN] - verifyElementPresent: NOT_RUN: verifyElementPresent

2019-01-08 18:16:26 - [MESSAGE][NOT_RUN] - NOT_RUN: verifyElementPresent

2019-01-08 18:16:26 - [TEST_STEP][PASSED] - check: Object 'Object Repository/Final Object Repo/New Registration - Registration Module Pages/Form 1/Acknowledgement' is checked

2019-01-08 18:16:27 - [MESSAGE][PASSED] - Object 'Object Repository/Final Object Repo/New Registration - Registration Module Pages/Form 1/Acknowledgement' is checked

2019-01-08 18:16:27 - [TEST_STEP][PASSED] - setText: Text 'perkeso' is set on object 'Object Repository/Final Object Repo/New Registration - Registration Module Pages/Form 1/Industry name'

2019-01-08 18:16:27 - [MESSAGE][PASSED] - Text 'perkeso' is set on object 'Object Repository/Final Object Repo/New Registration - Registration Module Pages/Form 1/Industry name'

2019-01-08 18:16:27 - [TEST_STEP][PASSED] - setText: Text 'perkeso1' is set on object 'Object Repository/Final Object Repo/New Registration - Registration Module Pages/Form 1/Postal Address1'

2019-01-08 18:16:27 - [MESSAGE][PASSED] - Text 'perkeso1' is set on object 'Object Repository/Final Object Repo/New Registration - Registration Module Pages/Form 1/Postal Address1'

2019-01-08 18:16:27 - [TEST_STEP][PASSED] - setText: Text 'perkeso2' is set on object 'Object Repository/Final Object Repo/New Registration - Registration Module Pages/Form 1/Postal Address2'

2019-01-08 18:16:28 - [MESSAGE][PASSED] - Text 'perkeso2' is set on object 'Object Repository/Final Object Repo/New Registration - Registration Module Pages/Form 1/Postal Address2'

2019-01-08 18:16:28 - [TEST_STEP][PASSED] - setText: Text 'perkeso3' is set on object 'Object Repository/Final Object Repo/New Registration - Registration Module Pages/Form 1/Postal Address3'

2019-01-08 18:16:28 - [MESSAGE][PASSED] - Text 'perkeso3' is set on object 'Object Repository/Final Object Repo/New Registration - Registration Module Pages/Form 1/Postal Address3'

2019-01-08 18:16:28 - [TEST_STEP][PASSED] - click: Object: 'Object Repository/Final Object Repo/New Registration - Registration Module Pages/Form 1/State' is clicked on

2019-01-08 18:16:28 - [MESSAGE][PASSED] - Object: 'Object Repository/Final Object Repo/New Registration - Registration Module Pages/Form 1/State' is clicked on

2019-01-08 18:16:28 - [TEST_STEP][PASSED] - click: Object: 'Object Repository/Final Object Repo/New Registration - Registration Module Pages/Form 1/State - Johor' is clicked on

2019-01-08 18:16:28 - [MESSAGE][PASSED] - Object: 'Object Repository/Final Object Repo/New Registration - Registration Module Pages/Form 1/State - Johor' is clicked on

2019-01-08 18:16:28 - [TEST_STEP][PASSED] - delay: Delayed 1 second(s)

2019-01-08 18:16:29 - [MESSAGE][PASSED] - Delayed 1 second(s)

2019-01-08 18:16:29 - [TEST_STEP][PASSED] - click: Object: 'Object Repository/Final Object Repo/New Registration - Registration Module Pages/Form 1/City' is clicked on

2019-01-08 18:16:30 - [MESSAGE][PASSED] - Object: 'Object Repository/Final Object Repo/New Registration - Registration Module Pages/Form 1/City' is clicked on

2019-01-08 18:16:30 - [TEST_STEP][PASSED] - setText: Text 'joh' is set on object 'Object Repository/Final Object Repo/New Registration - Registration Module Pages/Form 1/Postcode - 810'

2019-01-08 18:16:30 - [MESSAGE][PASSED] - Text 'joh' is set on object 'Object Repository/Final Object Repo/New Registration - Registration Module Pages/Form 1/Postcode - 810'

2019-01-08 18:16:30 - [TEST_STEP][PASSED] - delay: Delayed 1 second(s)

2019-01-08 18:16:31 - [MESSAGE][PASSED] - Delayed 1 second(s)

2019-01-08 18:16:31 - [TEST_STEP][PASSED] - click: Object: 'Object Repository/Final Object Repo/New Registration - Registration Module Pages/Form 1/City - Johor Bharu' is clicked on

2019-01-08 18:16:31 - [MESSAGE][PASSED] - Object: 'Object Repository/Final Object Repo/New Registration - Registration Module Pages/Form 1/City - Johor Bharu' is clicked on

2019-01-08 18:16:31 - [TEST_STEP][PASSED] - delay: Delayed 1 second(s)

2019-01-08 18:16:32 - [MESSAGE][PASSED] - Delayed 1 second(s)

2019-01-08 18:16:32 - [TEST_STEP][PASSED] - click: Object: 'Object Repository/Final Object Repo/New Registration - Registration Module Pages/Form 1/Postcode' is clicked on

2019-01-08 18:16:32 - [MESSAGE][PASSED] - Object: 'Object Repository/Final Object Repo/New Registration - Registration Module Pages/Form 1/Postcode' is clicked on

2019-01-08 18:16:32 - [TEST_STEP][PASSED] - delay: Delayed 1 second(s)

2019-01-08 18:16:33 - [MESSAGE][PASSED] - Delayed 1 second(s)

2019-01-08 18:16:33 - [TEST_STEP][PASSED] - setText: Text '810' is set on object 'Object Repository/Final Object Repo/New Registration - Registration Module Pages/Form 1/Postcode - 810'

2019-01-08 18:16:33 - [MESSAGE][PASSED] - Text '810' is set on object 'Object Repository/Final Object Repo/New Registration - Registration Module Pages/Form 1/Postcode - 810'

2019-01-08 18:16:33 - [TEST_STEP][PASSED] - delay: Delayed 1 second(s)

2019-01-08 18:16:34 - [MESSAGE][PASSED] - Delayed 1 second(s)

2019-01-08 18:16:34 - [TEST_STEP][PASSED] - click: Object: 'Object Repository/Final Object Repo/New Registration - Registration Module Pages/Form 1/Postcode - 81000' is clicked on

2019-01-08 18:16:35 - [MESSAGE][PASSED] - Object: 'Object Repository/Final Object Repo/New Registration - Registration Module Pages/Form 1/Postcode - 81000' is clicked on

2019-01-08 18:16:35 - [TEST_STEP][PASSED] - delay: Delayed 1 second(s)

2019-01-08 18:16:36 - [MESSAGE][PASSED] - Delayed 1 second(s)

2019-01-08 18:16:36 - [TEST_STEP][PASSED] - setText: Text '100' is set on object 'Object Repository/Final Object Repo/New Registration - Registration Module Pages/Form 1/P.O.BOX'

2019-01-08 18:16:36 - [MESSAGE][PASSED] - Text '100' is set on object 'Object Repository/Final Object Repo/New Registration - Registration Module Pages/Form 1/P.O.BOX'

2019-01-08 18:16:36 - [TEST_STEP][PASSED] - setText: Text '100' is set on object 'Object Repository/Final Object Repo/New Registration - Registration Module Pages/Form 1/Locked Bag No'

2019-01-08 18:16:36 - [MESSAGE][PASSED] - Text '100' is set on object 'Object Repository/Final Object Repo/New Registration - Registration Module Pages/Form 1/Locked Bag No'

2019-01-08 18:16:36 - [TEST_STEP][PASSED] - click: Object: 'Object Repository/Final Object Repo/New Registration - Registration Module Pages/Form 1/SOCSO Office Location' is clicked on

2019-01-08 18:16:36 - [MESSAGE][PASSED] - Object: 'Object Repository/Final Object Repo/New Registration - Registration Module Pages/Form 1/SOCSO Office Location' is clicked on

2019-01-08 18:16:36 - [TEST_STEP][PASSED] - click: Object: 'Object Repository/Final Object Repo/New Registration - Registration Module Pages/Form 1/SOCSO Office Location - Pejabat PERKESO Negeri Johor' is clicked on

2019-01-08 18:16:37 - [MESSAGE][PASSED] - Object: 'Object Repository/Final Object Repo/New Registration - Registration Module Pages/Form 1/SOCSO Office Location - Pejabat PERKESO Negeri Johor' is clicked on

2019-01-08 18:16:37 - [TEST_STEP][PASSED] - delay: Delayed 1 second(s)

2019-01-08 18:16:38 - [MESSAGE][PASSED] - Delayed 1 second(s)

2019-01-08 18:16:38 - [TEST_STEP][PASSED] - check: Object 'Object Repository/Final Object Repo/New Registration - Registration Module Pages/Form 1/Indusrty Address Same As Postal Address' is checked

2019-01-08 18:16:38 - [MESSAGE][PASSED] - Object 'Object Repository/Final Object Repo/New Registration - Registration Module Pages/Form 1/Indusrty Address Same As Postal Address' is checked

2019-01-08 18:16:38 - [TEST_STEP][PASSED] - delay: Delayed 3 second(s)

2019-01-08 18:16:41 - [MESSAGE][PASSED] - Delayed 3 second(s)

2019-01-08 18:16:41 - [TEST_STEP][PASSED] - click: Object: 'Object Repository/Final Object Repo/New Registration - Registration Module Pages/Form 1/Indusry Address Same As Postal Address False' is clicked on

2019-01-08 18:16:41 - [MESSAGE][PASSED] - Object: 'Object Repository/Final Object Repo/New Registration - Registration Module Pages/Form 1/Indusry Address Same As Postal Address False' is clicked on

2019-01-08 18:16:41 - [TEST_STEP][PASSED] - delay: Delayed 1 second(s)

2019-01-08 18:16:42 - [MESSAGE][PASSED] - Delayed 1 second(s)

2019-01-08 18:16:42 - [TEST_STEP][PASSED] - setText: Text 'perkeso1' is set on object 'Object Repository/Final Object Repo/New Registration - Registration Module Pages/Form 1/Industry Address1'

2019-01-08 18:16:42 - [MESSAGE][PASSED] - Text 'perkeso1' is set on object 'Object Repository/Final Object Repo/New Registration - Registration Module Pages/Form 1/Industry Address1'

2019-01-08 18:16:42 - [TEST_STEP][PASSED] - setText: Text 'perkeso2' is set on object 'Object Repository/Final Object Repo/New Registration - Registration Module Pages/Form 1/Industry Address2'

2019-01-08 18:16:43 - [MESSAGE][PASSED] - Text 'perkeso2' is set on object 'Object Repository/Final Object Repo/New Registration - Registration Module Pages/Form 1/Industry Address2'

2019-01-08 18:16:43 - [TEST_STEP][PASSED] - setText: Text 'perkeso3' is set on object 'Object Repository/Final Object Repo/New Registration - Registration Module Pages/Form 1/Industry Address3'

2019-01-08 18:16:43 - [MESSAGE][PASSED] - Text 'perkeso3' is set on object 'Object Repository/Final Object Repo/New Registration - Registration Module Pages/Form 1/Industry Address3'

2019-01-08 18:16:43 - [TEST_STEP][PASSED] - click: Object: 'Object Repository/Final Object Repo/New Registration - Registration Module Pages/Form 1/Industry State' is clicked on

2019-01-08 18:16:43 - [MESSAGE][PASSED] - Object: 'Object Repository/Final Object Repo/New Registration - Registration Module Pages/Form 1/Industry State' is clicked on

2019-01-08 18:16:43 - [TEST_STEP][PASSED] - delay: Delayed 2 second(s)

2019-01-08 18:16:45 - [MESSAGE][PASSED] - Delayed 2 second(s)

2019-01-08 18:16:45 - [TEST_STEP][PASSED] - click: Object: 'Object Repository/Final Object Repo/New Registration - Registration Module Pages/Form 1/Industry State - Johor' is clicked on

2019-01-08 18:16:45 - [MESSAGE][PASSED] - Object: 'Object Repository/Final Object Repo/New Registration - Registration Module Pages/Form 1/Industry State - Johor' is clicked on

2019-01-08 18:16:45 - [TEST_STEP][PASSED] - delay: Delayed 2 second(s)

2019-01-08 18:16:47 - [MESSAGE][PASSED] - Delayed 2 second(s)

2019-01-08 18:16:47 - [TEST_STEP][PASSED] - click: Object: 'Object Repository/Final Object Repo/New Registration - Registration Module Pages/Form 1/Industry Ciry' is clicked on

2019-01-08 18:16:48 - [MESSAGE][PASSED] - Object: 'Object Repository/Final Object Repo/New Registration - Registration Module Pages/Form 1/Industry Ciry' is clicked on

2019-01-08 18:16:48 - [TEST_STEP][PASSED] - setText: Text 'joh' is set on object 'Object Repository/Final Object Repo/New Registration - Registration Module Pages/Form 1/Industry Ciry - joh'

2019-01-08 18:16:48 - [MESSAGE][PASSED] - Text 'joh' is set on object 'Object Repository/Final Object Repo/New Registration - Registration Module Pages/Form 1/Industry Ciry - joh'

2019-01-08 18:16:48 - [TEST_STEP][PASSED] - delay: Delayed 2 second(s)

2019-01-08 18:16:50 - [MESSAGE][PASSED] - Delayed 2 second(s)

2019-01-08 18:16:50 - [TEST_STEP][PASSED] - click: Object: 'Object Repository/Final Object Repo/New Registration - Registration Module Pages/Form 1/Industy State - Johor Bharu' is clicked on

2019-01-08 18:16:50 - [MESSAGE][PASSED] - Object: 'Object Repository/Final Object Repo/New Registration - Registration Module Pages/Form 1/Industy State - Johor Bharu' is clicked on

2019-01-08 18:16:50 - [TEST_STEP][PASSED] - delay: Delayed 1 second(s)

2019-01-08 18:16:51 - [MESSAGE][PASSED] - Delayed 1 second(s)

2019-01-08 18:16:51 - [TEST_STEP][PASSED] - click: Object: 'Object Repository/Final Object Repo/New Registration - Registration Module Pages/Form 1/Indusry PostCode' is clicked on

2019-01-08 18:16:51 - [MESSAGE][PASSED] - Object: 'Object Repository/Final Object Repo/New Registration - Registration Module Pages/Form 1/Indusry PostCode' is clicked on

2019-01-08 18:16:51 - [TEST_STEP][PASSED] - delay: Delayed 1 second(s)

2019-01-08 18:16:52 - [MESSAGE][PASSED] - Delayed 1 second(s)

2019-01-08 18:16:52 - [TEST_STEP][PASSED] - setText: Text '810' is set on object 'Object Repository/Final Object Repo/New Registration - Registration Module Pages/Form 1/Insutry Post Code - 810'

2019-01-08 18:16:52 - [MESSAGE][PASSED] - Text '810' is set on object 'Object Repository/Final Object Repo/New Registration - Registration Module Pages/Form 1/Insutry Post Code - 810'

2019-01-08 18:16:52 - [TEST_STEP][PASSED] - delay: Delayed 1 second(s)

2019-01-08 18:16:53 - [MESSAGE][PASSED] - Delayed 1 second(s)

2019-01-08 18:16:53 - [TEST_STEP][PASSED] - click: Object: 'Object Repository/Final Object Repo/New Registration - Registration Module Pages/Form 1/Insutry Post Code - 81000' is clicked on

2019-01-08 18:16:54 - [MESSAGE][PASSED] - Object: 'Object Repository/Final Object Repo/New Registration - Registration Module Pages/Form 1/Insutry Post Code - 81000' is clicked on

2019-01-08 18:16:54 - [TEST_STEP][PASSED] - delay: Delayed 1 second(s)

2019-01-08 18:16:55 - [MESSAGE][PASSED] - Delayed 1 second(s)

2019-01-08 18:16:55 - [TEST_STEP][PASSED] - setText: Text '100' is set on object 'Object Repository/Final Object Repo/New Registration - Registration Module Pages/Form 1/Industry P.O.BOX'

2019-01-08 18:16:55 - [MESSAGE][PASSED] - Text '100' is set on object 'Object Repository/Final Object Repo/New Registration - Registration Module Pages/Form 1/Industry P.O.BOX'

2019-01-08 18:16:55 - [TEST_STEP][PASSED] - setText: Text '100' is set on object 'Object Repository/Final Object Repo/New Registration - Registration Module Pages/Form 1/Industry Locked Bag No'

2019-01-08 18:16:55 - [MESSAGE][PASSED] - Text '100' is set on object 'Object Repository/Final Object Repo/New Registration - Registration Module Pages/Form 1/Industry Locked Bag No'

2019-01-08 18:16:55 - [TEST_STEP][PASSED] - setText: Text '123456789' is set on object 'Object Repository/Final Object Repo/New Registration - Registration Module Pages/Form 1/Telephone No'

2019-01-08 18:16:56 - [MESSAGE][PASSED] - Text '123456789' is set on object 'Object Repository/Final Object Repo/New Registration - Registration Module Pages/Form 1/Telephone No'

2019-01-08 18:16:56 - [TEST_STEP][PASSED] - setText: Text '123456789' is set on object 'Object Repository/Final Object Repo/New Registration - Registration Module Pages/Form 1/Mobile No'

2019-01-08 18:16:56 - [MESSAGE][PASSED] - Text '123456789' is set on object 'Object Repository/Final Object Repo/New Registration - Registration Module Pages/Form 1/Mobile No'

2019-01-08 18:16:56 - [TEST_STEP][PASSED] - setText: Text '123456789' is set on object 'Object Repository/Final Object Repo/New Registration - Registration Module Pages/Form 1/Fax No'

2019-01-08 18:16:56 - [MESSAGE][PASSED] - Text '123456789' is set on object 'Object Repository/Final Object Repo/New Registration - Registration Module Pages/Form 1/Fax No'

2019-01-08 18:16:56 - [TEST_STEP][PASSED] - click: Object: 'Object Repository/Final Object Repo/New Registration - Registration Module Pages/Form 1/Industry Code' is clicked on

2019-01-08 18:16:56 - [MESSAGE][PASSED] - Object: 'Object Repository/Final Object Repo/New Registration - Registration Module Pages/Form 1/Industry Code' is clicked on

2019-01-08 18:16:56 - [TEST_STEP][PASSED] - click: Object: 'Object Repository/Final Object Repo/New Registration - Registration Module Pages/Form 1/Indudustry Code - Crops and Animal' is clicked on

2019-01-08 18:16:57 - [MESSAGE][PASSED] - Object: 'Object Repository/Final Object Repo/New Registration - Registration Module Pages/Form 1/Indudustry Code - Crops and Animal' is clicked on

2019-01-08 18:16:57 - [TEST_STEP][PASSED] - delay: Delayed 1 second(s)

2019-01-08 18:16:58 - [MESSAGE][PASSED] - Delayed 1 second(s)

2019-01-08 18:16:58 - [TEST_STEP][PASSED] - click: Object: 'Object Repository/Final Object Repo/New Registration - Registration Module Pages/Form 1/Sub Industry Code List' is clicked on

2019-01-08 18:16:58 - [MESSAGE][PASSED] - Object: 'Object Repository/Final Object Repo/New Registration - Registration Module Pages/Form 1/Sub Industry Code List' is clicked on

2019-01-08 18:16:58 - [TEST_STEP][PASSED] - click: Object: 'Object Repository/Final Object Repo/New Registration - Registration Module Pages/Form 1/Sub Industry Code List - Growing of Maize' is clicked on

2019-01-08 18:16:58 - [MESSAGE][PASSED] - Object: 'Object Repository/Final Object Repo/New Registration - Registration Module Pages/Form 1/Sub Industry Code List - Growing of Maize' is clicked on

2019-01-08 18:16:58 - [TEST_STEP][PASSED] - setText: Text 'perkeso123@gmail.com' is set on object 'Object Repository/Final Object Repo/New Registration - Registration Module Pages/Form 1/Email'

2019-01-08 18:16:59 - [MESSAGE][PASSED] - Text 'perkeso123@gmail.com' is set on object 'Object Repository/Final Object Repo/New Registration - Registration Module Pages/Form 1/Email'

2019-01-08 18:16:59 - [TEST_STEP][PASSED] - click: Object: 'Object Repository/Final Object Repo/New Registration - Registration Module Pages/Form 1/Method of Contribution Payment' is clicked on

2019-01-08 18:16:59 - [MESSAGE][PASSED] - Object: 'Object Repository/Final Object Repo/New Registration - Registration Module Pages/Form 1/Method of Contribution Payment' is clicked on

2019-01-08 18:16:59 - [TEST_STEP][PASSED] - click: Object: 'Object Repository/Final Object Repo/New Registration - Registration Module Pages/Form 1/Method of Contribution Payment - Portal' is clicked on

2019-01-08 18:16:59 - [MESSAGE][PASSED] - Object: 'Object Repository/Final Object Repo/New Registration - Registration Module Pages/Form 1/Method of Contribution Payment - Portal' is clicked on

2019-01-08 18:16:59 - [TEST_STEP][PASSED] - click: Object: 'Object Repository/Final Object Repo/New Registration - Registration Module Pages/Form 1/Servide Type' is clicked on

2019-01-08 18:16:59 - [MESSAGE][PASSED] - Object: 'Object Repository/Final Object Repo/New Registration - Registration Module Pages/Form 1/Servide Type' is clicked on

2019-01-08 18:16:59 - [TEST_STEP][PASSED] - click: Object: 'Object Repository/Final Object Repo/New Registration - Registration Module Pages/Form 1/Servide Type - Professional Bodies' is clicked on

2019-01-08 18:17:00 - [MESSAGE][PASSED] - Object: 'Object Repository/Final Object Repo/New Registration - Registration Module Pages/Form 1/Servide Type - Professional Bodies' is clicked on

2019-01-08 18:17:00 - [TEST_STEP][PASSED] - click: Object: 'Object Repository/Final Object Repo/New Registration - Registration Module Pages/Form 1/Industry Venue' is clicked on

2019-01-08 18:17:00 - [MESSAGE][PASSED] - Object: 'Object Repository/Final Object Repo/New Registration - Registration Module Pages/Form 1/Industry Venue' is clicked on

2019-01-08 18:17:00 - [TEST_STEP][PASSED] - click: Object: 'Object Repository/Final Object Repo/New Registration - Registration Module Pages/Form 1/Industry Venue -  PPN JOHOR' is clicked on

2019-01-08 18:17:00 - [MESSAGE][PASSED] - Object: 'Object Repository/Final Object Repo/New Registration - Registration Module Pages/Form 1/Industry Venue -  PPN JOHOR' is clicked on

2019-01-08 18:17:00 - [TEST_STEP][PASSED] - click: Object: 'Object Repository/Final Object Repo/New Registration - Registration Module Pages/Form 1/Save  Continue' is clicked on

2019-01-08 18:17:00 - [MESSAGE][PASSED] - Object: 'Object Repository/Final Object Repo/New Registration - Registration Module Pages/Form 1/Save  Continue' is clicked on

2019-01-08 18:17:00 - [MESSAGE][PASSED] - Call Test Case 'Test Cases/Final Aug 2018 - PKS Automation/Registration Module/New Registration/Form 1/Form 1 - Other - Cooperative' successfully

2019-01-08 18:17:00 - [TEST_STEP][PASSED] - callTestCase: Call Test Case 'Test Cases/Final Aug 2018 - PKS Automation/Registration Module/New Registration/Form 2/Add 2 Eligible 2 Not Eligible' successfully

2019-01-08 18:17:00 - [TEST_CASE][PASSED] - Test Cases/Final Aug 2018 - PKS Automation/Registration Module/New Registration/Form 2/Add 2 Eligible 2 Not Eligible: Test Cases/Final Aug 2018 - PKS Automation/Registration Module/New Registration/Form 2/Add 2 Eligible 2 Not Eligible

2019-01-08 18:17:00 - [TEST_STEP][PASSED] - delay: Delayed 2 second(s)

2019-01-08 18:17:02 - [MESSAGE][PASSED] - Delayed 2 second(s)

2019-01-08 18:17:02 - [TEST_STEP][PASSED] - callTestCase: Call Test Case 'Test Cases/Final Aug 2018 - PKS Automation/Registration Module/New Registration/Form 2/Date Updater' successfully

2019-01-08 18:17:02 - [TEST_CASE][PASSED] - Test Cases/Final Aug 2018 - PKS Automation/Registration Module/New Registration/Form 2/Date Updater: Test Cases/Final Aug 2018 - PKS Automation/Registration Module/New Registration/Form 2/Date Updater

2019-01-08 18:17:02 - [TEST_STEP][PASSED] - Statement - TodayDate = new java.util.Date(): null

2019-01-08 18:17:02 - [TEST_STEP][PASSED] - Statement - CurrentDateNoFilter = new java.text.SimpleDateFormat(): null

2019-01-08 18:17:02 - [TEST_STEP][PASSED] - Statement - CurrentDateNoFilter.applyPattern("MM"): null

2019-01-08 18:17:02 - [TEST_STEP][PASSED] - Statement - monthContainerMatcher = java.lang.Integer.parseInt(CurrentDateNoFilter.format(TodayDate)): null

2019-01-08 18:17:02 - [TEST_STEP][PASSED] - Statement - monthContainerMatcher = monthContainerMatcher - 1: null

2019-01-08 18:17:02 - [TEST_STEP][PASSED] - Statement - CurrentMonth = monthContainerMatcher.toString(): null

2019-01-08 18:17:02 - [TEST_STEP][PASSED] - Statement - CurrentMonth = CurrentMonth: null

2019-01-08 18:17:02 - [TEST_STEP][PASSED] - Statement - CurrentDateNoFilter.applyPattern("yyyy"): null

2019-01-08 18:17:02 - [TEST_STEP][PASSED] - Statement - CurrentYear = CurrentDateNoFilter.format(TodayDate): null

2019-01-08 18:17:02 - [TEST_STEP][PASSED] - Statement - CurrentYear = CurrentYear: null

2019-01-08 18:17:02 - [TEST_STEP][PASSED] - Statement - intCurrentYear = java.lang.Integer.parseInt(CurrentDateNoFilter.format(TodayDate)): null

2019-01-08 18:17:02 - [TEST_STEP][PASSED] - Statement - eighteenYrsAgo = intCurrentYear - 18: null

2019-01-08 18:17:02 - [TEST_STEP][PASSED] - Statement - eighteenYrsBeforeThisYr = eighteenYrsAgo.toString(): null

2019-01-08 18:17:02 - [TEST_STEP][PASSED] - Statement - EighteenYrsBefore = eighteenYrsBeforeThisYr: null

2019-01-08 18:17:02 - [TEST_STEP][PASSED] - Statement - fiftysevenYrsAgo = intCurrentYear - 57: null

2019-01-08 18:17:02 - [TEST_STEP][PASSED] - Statement - fiftysevenYrsBeforeThisYr = fiftysevenYrsAgo.toString(): null

2019-01-08 18:17:02 - [TEST_STEP][PASSED] - Statement - FiftysevenYrsBefore = fiftysevenYrsBeforeThisYr: null

2019-01-08 18:17:02 - [TEST_STEP][PASSED] - Statement - leapYear = false: null

2019-01-08 18:17:02 - [TEST_STEP][PASSED] - Statement - leapYear = intCurrentYear % 4 == 0: null

2019-01-08 18:17:02 - [TEST_STEP][PASSED] - Statement - CurrentDateNoFilter.applyPattern("dd"): null

2019-01-08 18:17:02 - [TEST_STEP][PASSED] - Statement - CurrentDate = CurrentDateNoFilter.format(TodayDate): null

2019-01-08 18:17:02 - [TEST_STEP][PASSED] - Statement - CurrentDate = java.lang.Integer.parseInt(CurrentDate): null

2019-01-08 18:17:02 - [TEST_STEP][PASSED] - Statement - CurrentDate = CurrentDate: null

2019-01-08 18:17:02 - [TEST_STEP][PASSED] - Statement - CurrentDay = java.lang.Integer.parseInt(CurrentDate): null

2019-01-08 18:17:02 - [TEST_STEP][PASSED] - Statement - ConfAdder = <not implemented yet for class: org.codehaus.groovy.ast.expr.EmptyExpression>: null

2019-01-08 18:17:02 - [TEST_STEP][PASSED] - Statement - out.println(CurrentMonth): null

2019-01-08 18:17:02 - [TEST_STEP][PASSED] - Statement - out.println(CurrentDate): null

2019-01-08 18:17:02 - [TEST_STEP][PASSED] - Statement - switch (CurrentDate): null

2019-01-08 18:17:02 - [TEST_STEP][PASSED] - Statement - Default: null

2019-01-08 18:17:02 - [TEST_STEP][PASSED] - Statement - ConfAdder = true: null

2019-01-08 18:17:02 - [TEST_STEP][PASSED] - Statement - Break: null

2019-01-08 18:17:02 - [TEST_STEP][PASSED] - Statement - aDayBefore = <not implemented yet for class: org.codehaus.groovy.ast.expr.EmptyExpression>: null

2019-01-08 18:17:02 - [TEST_STEP][PASSED] - Statement - out.println(ConfAdder): null

2019-01-08 18:17:02 - [TEST_STEP][PASSED] - Statement - If (ConfAdder == true): null

2019-01-08 18:17:02 - [TEST_STEP][PASSED] - Statement - aDayBefore = CurrentDay + 1: null

2019-01-08 18:17:02 - [TEST_STEP][PASSED] - Statement - out.println(aDayBefore): null

2019-01-08 18:17:02 - [TEST_STEP][PASSED] - Statement - If (aDayBefore == 1 && CurrentMonth == 11): null

2019-01-08 18:17:02 - [TEST_STEP][PASSED] - Statement - DayBefore = aDayBefore.toString(): null

2019-01-08 18:17:02 - [TEST_STEP][PASSED] - Statement - OneDayBefore = DayBefore: null

2019-01-08 18:17:02 - [MESSAGE][PASSED] - Call Test Case 'Test Cases/Final Aug 2018 - PKS Automation/Registration Module/New Registration/Form 2/Date Updater' successfully

2019-01-08 18:17:02 - [TEST_STEP][PASSED] - delay: Delayed 1 second(s)

2019-01-08 18:17:03 - [MESSAGE][PASSED] - Delayed 1 second(s)

2019-01-08 18:17:03 - [TEST_STEP][PASSED] - Statement - CaseReferenceNo = com.kms.katalon.core.webui.keyword.WebUiBuiltInKeywords.getText(com.kms.katalon.core.testobject.ObjectRepository.findTestObject(Final Object Repo/New Registration - Registration Module Pages/Form 2/RefNo Acquiring)): Text of object 'Object Repository/Final Object Repo/New Registration - Registration Module Pages/Form 2/RefNo Acquiring' is: 'CRN01201900123648'

2019-01-08 18:17:03 - [MESSAGE][PASSED] - Text of object 'Object Repository/Final Object Repo/New Registration - Registration Module Pages/Form 2/RefNo Acquiring' is: 'CRN01201900123648'

2019-01-08 18:17:03 - [TEST_STEP][PASSED] - delay: Delayed 1 second(s)

2019-01-08 18:17:04 - [MESSAGE][PASSED] - Delayed 1 second(s)

2019-01-08 18:17:04 - [TEST_STEP][PASSED] - click: Object: 'Object Repository/Final Object Repo/New Registration - Registration Module Pages/Form 2/Add Employee Button' is clicked on

2019-01-08 18:17:05 - [MESSAGE][PASSED] - Object: 'Object Repository/Final Object Repo/New Registration - Registration Module Pages/Form 2/Add Employee Button' is clicked on

2019-01-08 18:17:05 - [TEST_STEP][PASSED] - delay: Delayed 4 second(s)

2019-01-08 18:17:09 - [MESSAGE][PASSED] - Delayed 4 second(s)

2019-01-08 18:17:09 - [TEST_STEP][PASSED] - setText: Text '010903091927' is set on object 'Object Repository/Final Object Repo/New Registration - Registration Module Pages/Form 2/NRIC Input'

2019-01-08 18:17:09 - [MESSAGE][PASSED] - Text '010903091927' is set on object 'Object Repository/Final Object Repo/New Registration - Registration Module Pages/Form 2/NRIC Input'

2019-01-08 18:17:09 - [TEST_STEP][PASSED] - click: Object: 'Object Repository/Final Object Repo/New Registration - Registration Module Pages/Form 2/button for search for IC' is clicked on

2019-01-08 18:17:09 - [MESSAGE][PASSED] - Object: 'Object Repository/Final Object Repo/New Registration - Registration Module Pages/Form 2/button for search for IC' is clicked on

2019-01-08 18:17:09 - [TEST_STEP][PASSED] - delay: Delayed 2 second(s)

2019-01-08 18:17:11 - [MESSAGE][PASSED] - Delayed 2 second(s)

2019-01-08 18:17:11 - [TEST_STEP][PASSED] - setText: Text 'Automate001 eligible 1' is set on object 'Object Repository/Final Object Repo/New Registration - Registration Module Pages/Form 2/Employee Name Input'

2019-01-08 18:17:12 - [MESSAGE][PASSED] - Text 'Automate001 eligible 1' is set on object 'Object Repository/Final Object Repo/New Registration - Registration Module Pages/Form 2/Employee Name Input'

2019-01-08 18:17:12 - [TEST_STEP][PASSED] - delay: Delayed 2 second(s)

2019-01-08 18:17:14 - [MESSAGE][PASSED] - Delayed 2 second(s)

2019-01-08 18:17:14 - [TEST_STEP][PASSED] - click: Object: 'Object Repository/Final Object Repo/New Registration - Registration Module Pages/Form 2/DatePicker Pop Up' is clicked on

2019-01-08 18:17:14 - [MESSAGE][PASSED] - Object: 'Object Repository/Final Object Repo/New Registration - Registration Module Pages/Form 2/DatePicker Pop Up' is clicked on

2019-01-08 18:17:14 - [TEST_STEP][PASSED] - click: Object: 'Object Repository/Final Object Repo/New Registration - Registration Module Pages/Form 2/DOB Month' is clicked on

2019-01-08 18:17:14 - [MESSAGE][PASSED] - Object: 'Object Repository/Final Object Repo/New Registration - Registration Module Pages/Form 2/DOB Month' is clicked on

2019-01-08 18:17:14 - [TEST_STEP][PASSED] - Statement - CurrentMonth = CurrentMonth: null

2019-01-08 18:17:14 - [TEST_STEP][PASSED] - Statement - selectMonth = new com.kms.katalon.core.testobject.TestObject(): null

2019-01-08 18:17:14 - [TEST_STEP][PASSED] - Statement - selectMonth.addProperty("xpath", EQUALS, "//body/div/div/div/select/option[@value='" + CurrentMonth + "']", true): null

2019-01-08 18:17:14 - [TEST_STEP][PASSED] - click: Object: '' is clicked on

2019-01-08 18:17:14 - [MESSAGE][PASSED] - Object: '' is clicked on

2019-01-08 18:17:14 - [TEST_STEP][PASSED] - click: Object: 'Object Repository/Final Object Repo/New Registration - Registration Module Pages/Form 2/DOB Year' is clicked on

2019-01-08 18:17:14 - [MESSAGE][PASSED] - Object: 'Object Repository/Final Object Repo/New Registration - Registration Module Pages/Form 2/DOB Year' is clicked on

2019-01-08 18:17:14 - [TEST_STEP][PASSED] - Statement - Eyearsbf = EighteenYrsBefore: null

2019-01-08 18:17:14 - [TEST_STEP][PASSED] - Statement - selectYear = new com.kms.katalon.core.testobject.TestObject(): null

2019-01-08 18:17:14 - [TEST_STEP][PASSED] - Statement - selectYear.addProperty("xpath", EQUALS, "//div/div/div/select/option[@value='" + Eyearsbf + "']", true): null

2019-01-08 18:17:14 - [TEST_STEP][PASSED] - click: Object: '' is clicked on

2019-01-08 18:17:14 - [MESSAGE][PASSED] - Object: '' is clicked on

2019-01-08 18:17:14 - [TEST_STEP][PASSED] - Statement - UpdatedSelectDate = com.kms.katalon.core.webui.keyword.WebUiBuiltInKeywords.modifyObjectProperty(com.kms.katalon.core.testobject.ObjectRepository.findTestObject(Final Object Repo/New Registration - Registration Module Pages/Form 2/DOB Date), "xpath", "equals", "//body/div/table/tbody/tr/td/a[text()="" + CurrentDate + ""]", true): Modify property of object successfully

2019-01-08 18:17:14 - [MESSAGE][PASSED] - Modify property of object successfully

2019-01-08 18:17:14 - [TEST_STEP][PASSED] - delay: Delayed 3 second(s)

2019-01-08 18:17:17 - [MESSAGE][PASSED] - Delayed 3 second(s)

2019-01-08 18:17:17 - [TEST_STEP][PASSED] - click: Object: 'Object Repository/Final Object Repo/New Registration - Registration Module Pages/Form 2/DOB Date' is clicked on

2019-01-08 18:17:18 - [MESSAGE][PASSED] - Object: 'Object Repository/Final Object Repo/New Registration - Registration Module Pages/Form 2/DOB Date' is clicked on

2019-01-08 18:17:18 - [TEST_STEP][PASSED] - delay: Delayed 2 second(s)

2019-01-08 18:17:20 - [MESSAGE][PASSED] - Delayed 2 second(s)

2019-01-08 18:17:20 - [TEST_STEP][PASSED] - click: Object: 'Object Repository/Final Object Repo/New Registration - Registration Module Pages/Form 2/EmploymentStartDate Pop Up' is clicked on

2019-01-08 18:17:20 - [MESSAGE][PASSED] - Object: 'Object Repository/Final Object Repo/New Registration - Registration Module Pages/Form 2/EmploymentStartDate Pop Up' is clicked on

2019-01-08 18:17:20 - [TEST_STEP][PASSED] - delay: Delayed 2 second(s)

2019-01-08 18:17:22 - [MESSAGE][PASSED] - Delayed 2 second(s)

2019-01-08 18:17:22 - [TEST_STEP][PASSED] - click: Object: 'Object Repository/Final Object Repo/New Registration - Registration Module Pages/Form 2/Socso Employment StartDate Month' is clicked on

2019-01-08 18:17:22 - [MESSAGE][PASSED] - Object: 'Object Repository/Final Object Repo/New Registration - Registration Module Pages/Form 2/Socso Employment StartDate Month' is clicked on

2019-01-08 18:17:22 - [TEST_STEP][PASSED] - delay: Delayed 1 second(s)

2019-01-08 18:17:23 - [MESSAGE][PASSED] - Delayed 1 second(s)

2019-01-08 18:17:23 - [TEST_STEP][PASSED] - click: Object: 'Object Repository/Final Object Repo/New Registration - Registration Module Pages/Form 2/Select Socso Employement Startdate Month' is clicked on

2019-01-08 18:17:23 - [MESSAGE][PASSED] - Object: 'Object Repository/Final Object Repo/New Registration - Registration Module Pages/Form 2/Select Socso Employement Startdate Month' is clicked on

2019-01-08 18:17:23 - [TEST_STEP][PASSED] - delay: Delayed 2 second(s)

2019-01-08 18:17:25 - [MESSAGE][PASSED] - Delayed 2 second(s)

2019-01-08 18:17:25 - [TEST_STEP][PASSED] - click: Object: 'Object Repository/Final Object Repo/New Registration - Registration Module Pages/Form 2/Socso Employment StartDate Year' is clicked on

2019-01-08 18:17:25 - [MESSAGE][PASSED] - Object: 'Object Repository/Final Object Repo/New Registration - Registration Module Pages/Form 2/Socso Employment StartDate Year' is clicked on

2019-01-08 18:17:25 - [TEST_STEP][PASSED] - delay: Delayed 1 second(s)

2019-01-08 18:17:26 - [MESSAGE][PASSED] - Delayed 1 second(s)

2019-01-08 18:17:26 - [TEST_STEP][PASSED] - click: Object: 'Object Repository/Final Object Repo/New Registration - Registration Module Pages/Form 2/Select Socso Employment Startdate Year' is clicked on

2019-01-08 18:17:26 - [MESSAGE][PASSED] - Object: 'Object Repository/Final Object Repo/New Registration - Registration Module Pages/Form 2/Select Socso Employment Startdate Year' is clicked on

2019-01-08 18:17:26 - [TEST_STEP][PASSED] - delay: Delayed 2 second(s)

2019-01-08 18:17:28 - [MESSAGE][PASSED] - Delayed 2 second(s)

2019-01-08 18:17:28 - [TEST_STEP][PASSED] - click: Object: 'Object Repository/Final Object Repo/New Registration - Registration Module Pages/Form 2/Socso Employment Start Date Day' is clicked on

2019-01-08 18:17:28 - [MESSAGE][PASSED] - Object: 'Object Repository/Final Object Repo/New Registration - Registration Module Pages/Form 2/Socso Employment Start Date Day' is clicked on

2019-01-08 18:17:28 - [TEST_STEP][PASSED] - delay: Delayed 2 second(s)

2019-01-08 18:17:30 - [MESSAGE][PASSED] - Delayed 2 second(s)

2019-01-08 18:17:30 - [TEST_STEP][PASSED] - click: Object: 'Object Repository/Final Object Repo/New Registration - Registration Module Pages/Form 2/Save Button for Add Employee' is clicked on

2019-01-08 18:17:31 - [MESSAGE][PASSED] - Object: 'Object Repository/Final Object Repo/New Registration - Registration Module Pages/Form 2/Save Button for Add Employee' is clicked on

2019-01-08 18:17:31 - [TEST_STEP][PASSED] - delay: Delayed 6 second(s)

2019-01-08 18:17:37 - [MESSAGE][PASSED] - Delayed 6 second(s)

2019-01-08 18:17:37 - [TEST_STEP][PASSED] - click: Object: 'Object Repository/Final Object Repo/New Registration - Registration Module Pages/Form 2/Add Employee Button' is clicked on

2019-01-08 18:17:37 - [MESSAGE][PASSED] - Object: 'Object Repository/Final Object Repo/New Registration - Registration Module Pages/Form 2/Add Employee Button' is clicked on

2019-01-08 18:17:37 - [TEST_STEP][PASSED] - delay: Delayed 4 second(s)

2019-01-08 18:17:41 - [MESSAGE][PASSED] - Delayed 4 second(s)

2019-01-08 18:17:41 - [TEST_STEP][PASSED] - setText: Text '620904059691' is set on object 'Object Repository/Final Object Repo/New Registration - Registration Module Pages/Form 2/NRIC Input'

2019-01-08 18:17:41 - [MESSAGE][PASSED] - Text '620904059691' is set on object 'Object Repository/Final Object Repo/New Registration - Registration Module Pages/Form 2/NRIC Input'

2019-01-08 18:17:41 - [TEST_STEP][PASSED] - click: Object: 'Object Repository/Final Object Repo/New Registration - Registration Module Pages/Form 2/button for search for IC' is clicked on

2019-01-08 18:17:41 - [MESSAGE][PASSED] - Object: 'Object Repository/Final Object Repo/New Registration - Registration Module Pages/Form 2/button for search for IC' is clicked on

2019-01-08 18:17:41 - [TEST_STEP][PASSED] - delay: Delayed 2 second(s)

2019-01-08 18:17:43 - [MESSAGE][PASSED] - Delayed 2 second(s)

2019-01-08 18:17:43 - [TEST_STEP][PASSED] - setText: Text 'Automate001 eligible 2' is set on object 'Object Repository/Final Object Repo/New Registration - Registration Module Pages/Form 2/Employee Name Input'

2019-01-08 18:17:44 - [MESSAGE][PASSED] - Text 'Automate001 eligible 2' is set on object 'Object Repository/Final Object Repo/New Registration - Registration Module Pages/Form 2/Employee Name Input'

2019-01-08 18:17:44 - [TEST_STEP][PASSED] - delay: Delayed 2 second(s)

2019-01-08 18:17:46 - [MESSAGE][PASSED] - Delayed 2 second(s)

2019-01-08 18:17:46 - [TEST_STEP][PASSED] - click: Object: 'Object Repository/Final Object Repo/New Registration - Registration Module Pages/Form 2/DatePicker Pop Up' is clicked on

2019-01-08 18:17:46 - [MESSAGE][PASSED] - Object: 'Object Repository/Final Object Repo/New Registration - Registration Module Pages/Form 2/DatePicker Pop Up' is clicked on

2019-01-08 18:17:46 - [TEST_STEP][PASSED] - delay: Delayed 2 second(s)

2019-01-08 18:17:48 - [MESSAGE][PASSED] - Delayed 2 second(s)

2019-01-08 18:17:48 - [TEST_STEP][PASSED] - click: Object: 'Object Repository/Final Object Repo/New Registration - Registration Module Pages/Form 2/DOB Month' is clicked on

2019-01-08 18:17:48 - [MESSAGE][PASSED] - Object: 'Object Repository/Final Object Repo/New Registration - Registration Module Pages/Form 2/DOB Month' is clicked on

2019-01-08 18:17:48 - [TEST_STEP][PASSED] - Statement - selectMonth = com.kms.katalon.core.webui.keyword.WebUiBuiltInKeywords.modifyObjectProperty(selectMonth, "xpath", "equals", "//body/div/div/div/select/option[@value="" + CurrentMonth + ""]", true): Modify property of object successfully

2019-01-08 18:17:48 - [MESSAGE][PASSED] - Modify property of object successfully

2019-01-08 18:17:48 - [TEST_STEP][PASSED] - click: Object: '' is clicked on

2019-01-08 18:17:48 - [MESSAGE][PASSED] - Object: '' is clicked on

2019-01-08 18:17:48 - [TEST_STEP][PASSED] - click: Object: 'Object Repository/Final Object Repo/New Registration - Registration Module Pages/Form 2/DOB Year' is clicked on

2019-01-08 18:17:48 - [MESSAGE][PASSED] - Object: 'Object Repository/Final Object Repo/New Registration - Registration Module Pages/Form 2/DOB Year' is clicked on

2019-01-08 18:17:48 - [TEST_STEP][PASSED] - Statement - selectYear = com.kms.katalon.core.webui.keyword.WebUiBuiltInKeywords.modifyObjectProperty(selectYear, "xpath", "equals", "//div/div/div/select/option[@value="" + FiftysevenYrsBefore + ""]", true): Modify property of object successfully

2019-01-08 18:17:48 - [MESSAGE][PASSED] - Modify property of object successfully

2019-01-08 18:17:48 - [TEST_STEP][PASSED] - click: Object: '' is clicked on

2019-01-08 18:17:49 - [MESSAGE][PASSED] - Object: '' is clicked on

2019-01-08 18:17:49 - [TEST_STEP][PASSED] - Statement - UpdatedSelectDate = com.kms.katalon.core.webui.keyword.WebUiBuiltInKeywords.modifyObjectProperty(com.kms.katalon.core.testobject.ObjectRepository.findTestObject(Final Object Repo/New Registration - Registration Module Pages/Form 2/DOB Date), "xpath", "equals", "//body/div/table/tbody/tr/td/a[text()="" + OneDayBefore + ""]", true): Modify property of object successfully

2019-01-08 18:17:49 - [MESSAGE][PASSED] - Modify property of object successfully

2019-01-08 18:17:49 - [TEST_STEP][PASSED] - click: Object: 'Object Repository/Final Object Repo/New Registration - Registration Module Pages/Form 2/DOB Date' is clicked on

2019-01-08 18:17:49 - [MESSAGE][PASSED] - Object: 'Object Repository/Final Object Repo/New Registration - Registration Module Pages/Form 2/DOB Date' is clicked on

2019-01-08 18:17:49 - [TEST_STEP][PASSED] - delay: Delayed 2 second(s)

2019-01-08 18:17:51 - [MESSAGE][PASSED] - Delayed 2 second(s)

2019-01-08 18:17:51 - [TEST_STEP][PASSED] - click: Object: 'Object Repository/Final Object Repo/New Registration - Registration Module Pages/Form 2/EmploymentStartDate Pop Up' is clicked on

2019-01-08 18:17:51 - [MESSAGE][PASSED] - Object: 'Object Repository/Final Object Repo/New Registration - Registration Module Pages/Form 2/EmploymentStartDate Pop Up' is clicked on

2019-01-08 18:17:51 - [TEST_STEP][PASSED] - delay: Delayed 2 second(s)

2019-01-08 18:17:53 - [MESSAGE][PASSED] - Delayed 2 second(s)

2019-01-08 18:17:53 - [TEST_STEP][PASSED] - click: Object: 'Object Repository/Final Object Repo/New Registration - Registration Module Pages/Form 2/Socso Employment StartDate Month' is clicked on

2019-01-08 18:17:53 - [MESSAGE][PASSED] - Object: 'Object Repository/Final Object Repo/New Registration - Registration Module Pages/Form 2/Socso Employment StartDate Month' is clicked on

2019-01-08 18:17:53 - [TEST_STEP][PASSED] - delay: Delayed 1 second(s)

2019-01-08 18:17:54 - [MESSAGE][PASSED] - Delayed 1 second(s)

2019-01-08 18:17:54 - [TEST_STEP][PASSED] - click: Object: 'Object Repository/Final Object Repo/New Registration - Registration Module Pages/Form 2/Select Socso Employement Startdate Month' is clicked on

2019-01-08 18:17:54 - [MESSAGE][PASSED] - Object: 'Object Repository/Final Object Repo/New Registration - Registration Module Pages/Form 2/Select Socso Employement Startdate Month' is clicked on

2019-01-08 18:17:54 - [TEST_STEP][PASSED] - delay: Delayed 2 second(s)

2019-01-08 18:17:56 - [MESSAGE][PASSED] - Delayed 2 second(s)

2019-01-08 18:17:56 - [TEST_STEP][PASSED] - click: Object: 'Object Repository/Final Object Repo/New Registration - Registration Module Pages/Form 2/Socso Employment StartDate Year' is clicked on

2019-01-08 18:17:56 - [MESSAGE][PASSED] - Object: 'Object Repository/Final Object Repo/New Registration - Registration Module Pages/Form 2/Socso Employment StartDate Year' is clicked on

2019-01-08 18:17:56 - [TEST_STEP][PASSED] - delay: Delayed 1 second(s)

2019-01-08 18:17:57 - [MESSAGE][PASSED] - Delayed 1 second(s)

2019-01-08 18:17:57 - [TEST_STEP][PASSED] - click: Object: 'Object Repository/Final Object Repo/New Registration - Registration Module Pages/Form 2/Select Socso Employment Startdate Year' is clicked on

2019-01-08 18:17:58 - [MESSAGE][PASSED] - Object: 'Object Repository/Final Object Repo/New Registration - Registration Module Pages/Form 2/Select Socso Employment Startdate Year' is clicked on

2019-01-08 18:17:58 - [TEST_STEP][PASSED] - delay: Delayed 2 second(s)

2019-01-08 18:18:00 - [MESSAGE][PASSED] - Delayed 2 second(s)

2019-01-08 18:18:00 - [TEST_STEP][PASSED] - click: Object: 'Object Repository/Final Object Repo/New Registration - Registration Module Pages/Form 2/Socso Employment Start Date Day' is clicked on

2019-01-08 18:18:00 - [MESSAGE][PASSED] - Object: 'Object Repository/Final Object Repo/New Registration - Registration Module Pages/Form 2/Socso Employment Start Date Day' is clicked on

2019-01-08 18:18:00 - [TEST_STEP][PASSED] - delay: Delayed 2 second(s)

2019-01-08 18:18:02 - [MESSAGE][PASSED] - Delayed 2 second(s)

2019-01-08 18:18:02 - [TEST_STEP][PASSED] - click: Object: 'Object Repository/Final Object Repo/New Registration - Registration Module Pages/Form 2/Save Button for Add Employee' is clicked on

2019-01-08 18:18:02 - [MESSAGE][PASSED] - Object: 'Object Repository/Final Object Repo/New Registration - Registration Module Pages/Form 2/Save Button for Add Employee' is clicked on

2019-01-08 18:18:02 - [TEST_STEP][PASSED] - delay: Delayed 4 second(s)

2019-01-08 18:18:06 - [MESSAGE][PASSED] - Delayed 4 second(s)

2019-01-08 18:18:06 - [TEST_STEP][PASSED] - delay: Delayed 30 second(s)

2019-01-08 18:18:36 - [MESSAGE][PASSED] - Delayed 30 second(s)

2019-01-08 18:18:36 - [TEST_STEP][PASSED] - click: Object: 'Object Repository/Final Object Repo/New Registration - Registration Module Pages/Form 2/Add Employee Button' is clicked on

2019-01-08 18:18:36 - [MESSAGE][PASSED] - Object: 'Object Repository/Final Object Repo/New Registration - Registration Module Pages/Form 2/Add Employee Button' is clicked on

2019-01-08 18:18:36 - [TEST_STEP][PASSED] - delay: Delayed 4 second(s)

2019-01-08 18:18:40 - [MESSAGE][PASSED] - Delayed 4 second(s)

2019-01-08 18:18:40 - [TEST_STEP][PASSED] - setText: Text '000209039145' is set on object 'Object Repository/Final Object Repo/New Registration - Registration Module Pages/Form 2/NRIC Input'

2019-01-08 18:18:40 - [MESSAGE][PASSED] - Text '000209039145' is set on object 'Object Repository/Final Object Repo/New Registration - Registration Module Pages/Form 2/NRIC Input'

2019-01-08 18:18:40 - [TEST_STEP][PASSED] - click: Object: 'Object Repository/Final Object Repo/New Registration - Registration Module Pages/Form 2/button for search for IC' is clicked on

2019-01-08 18:18:41 - [MESSAGE][PASSED] - Object: 'Object Repository/Final Object Repo/New Registration - Registration Module Pages/Form 2/button for search for IC' is clicked on

2019-01-08 18:18:41 - [TEST_STEP][PASSED] - delay: Delayed 2 second(s)

2019-01-08 18:18:43 - [MESSAGE][PASSED] - Delayed 2 second(s)

2019-01-08 18:18:43 - [TEST_STEP][PASSED] - setText: Text 'Automate001 not eligible 1' is set on object 'Object Repository/Final Object Repo/New Registration - Registration Module Pages/Form 2/Employee Name Input'

2019-01-08 18:18:43 - [MESSAGE][PASSED] - Text 'Automate001 not eligible 1' is set on object 'Object Repository/Final Object Repo/New Registration - Registration Module Pages/Form 2/Employee Name Input'

2019-01-08 18:18:43 - [TEST_STEP][PASSED] - delay: Delayed 2 second(s)

2019-01-08 18:18:45 - [MESSAGE][PASSED] - Delayed 2 second(s)

2019-01-08 18:18:45 - [TEST_STEP][PASSED] - click: Object: 'Object Repository/Final Object Repo/New Registration - Registration Module Pages/Form 2/DatePicker Pop Up' is clicked on

2019-01-08 18:18:45 - [MESSAGE][PASSED] - Object: 'Object Repository/Final Object Repo/New Registration - Registration Module Pages/Form 2/DatePicker Pop Up' is clicked on

2019-01-08 18:18:45 - [TEST_STEP][PASSED] - delay: Delayed 2 second(s)

2019-01-08 18:18:47 - [MESSAGE][PASSED] - Delayed 2 second(s)

2019-01-08 18:18:47 - [TEST_STEP][PASSED] - click: Object: 'Object Repository/Final Object Repo/New Registration - Registration Module Pages/Form 2/DOB Month' is clicked on

2019-01-08 18:18:47 - [MESSAGE][PASSED] - Object: 'Object Repository/Final Object Repo/New Registration - Registration Module Pages/Form 2/DOB Month' is clicked on

2019-01-08 18:18:47 - [TEST_STEP][PASSED] - Statement - selectMonth = com.kms.katalon.core.webui.keyword.WebUiBuiltInKeywords.modifyObjectProperty(selectMonth, "xpath", "equals", "//body/div/div/div/select/option[@value="" + CurrentMonth + ""]", true): Modify property of object successfully

2019-01-08 18:18:47 - [MESSAGE][PASSED] - Modify property of object successfully

2019-01-08 18:18:47 - [TEST_STEP][PASSED] - click: Object: '' is clicked on

2019-01-08 18:18:48 - [MESSAGE][PASSED] - Object: '' is clicked on

2019-01-08 18:18:48 - [TEST_STEP][PASSED] - click: Object: 'Object Repository/Final Object Repo/New Registration - Registration Module Pages/Form 2/DOB Year' is clicked on

2019-01-08 18:18:48 - [MESSAGE][PASSED] - Object: 'Object Repository/Final Object Repo/New Registration - Registration Module Pages/Form 2/DOB Year' is clicked on

2019-01-08 18:18:48 - [TEST_STEP][PASSED] - Statement - selectYear = com.kms.katalon.core.webui.keyword.WebUiBuiltInKeywords.modifyObjectProperty(selectYear, "xpath", "equals", "//div/div/div/select/option[@value="" + EighteenYrsBefore + ""]", true): Modify property of object successfully

2019-01-08 18:18:48 - [MESSAGE][PASSED] - Modify property of object successfully

2019-01-08 18:18:48 - [TEST_STEP][PASSED] - click: Object: '' is clicked on

2019-01-08 18:18:48 - [MESSAGE][PASSED] - Object: '' is clicked on

2019-01-08 18:18:48 - [TEST_STEP][PASSED] - Statement - UpdatedSelectDate = com.kms.katalon.core.webui.keyword.WebUiBuiltInKeywords.modifyObjectProperty(com.kms.katalon.core.testobject.ObjectRepository.findTestObject(Final Object Repo/New Registration - Registration Module Pages/Form 2/DOB Date), "xpath", "equals", "//body/div/table/tbody/tr/td/a[text()="" + OneDayBefore + ""]", true): Modify property of object successfully

2019-01-08 18:18:48 - [MESSAGE][PASSED] - Modify property of object successfully

2019-01-08 18:18:48 - [TEST_STEP][PASSED] - click: Object: 'Object Repository/Final Object Repo/New Registration - Registration Module Pages/Form 2/DOB Date' is clicked on

2019-01-08 18:18:48 - [MESSAGE][PASSED] - Object: 'Object Repository/Final Object Repo/New Registration - Registration Module Pages/Form 2/DOB Date' is clicked on

2019-01-08 18:18:48 - [TEST_STEP][PASSED] - delay: Delayed 2 second(s)

2019-01-08 18:18:50 - [MESSAGE][PASSED] - Delayed 2 second(s)

2019-01-08 18:18:50 - [TEST_STEP][PASSED] - click: Object: 'Object Repository/Final Object Repo/New Registration - Registration Module Pages/Form 2/EmploymentStartDate Pop Up' is clicked on

2019-01-08 18:18:50 - [MESSAGE][PASSED] - Object: 'Object Repository/Final Object Repo/New Registration - Registration Module Pages/Form 2/EmploymentStartDate Pop Up' is clicked on

2019-01-08 18:18:50 - [TEST_STEP][PASSED] - delay: Delayed 2 second(s)

2019-01-08 18:18:52 - [MESSAGE][PASSED] - Delayed 2 second(s)

2019-01-08 18:18:52 - [TEST_STEP][PASSED] - click: Object: 'Object Repository/Final Object Repo/New Registration - Registration Module Pages/Form 2/Socso Employment StartDate Month' is clicked on

2019-01-08 18:18:52 - [MESSAGE][PASSED] - Object: 'Object Repository/Final Object Repo/New Registration - Registration Module Pages/Form 2/Socso Employment StartDate Month' is clicked on

2019-01-08 18:18:52 - [TEST_STEP][PASSED] - delay: Delayed 1 second(s)

2019-01-08 18:18:53 - [MESSAGE][PASSED] - Delayed 1 second(s)

2019-01-08 18:18:53 - [TEST_STEP][PASSED] - click: Object: 'Object Repository/Final Object Repo/New Registration - Registration Module Pages/Form 2/Select Socso Employement Startdate Month' is clicked on

2019-01-08 18:18:53 - [MESSAGE][PASSED] - Object: 'Object Repository/Final Object Repo/New Registration - Registration Module Pages/Form 2/Select Socso Employement Startdate Month' is clicked on

2019-01-08 18:18:53 - [TEST_STEP][PASSED] - delay: Delayed 2 second(s)

2019-01-08 18:18:55 - [MESSAGE][PASSED] - Delayed 2 second(s)

2019-01-08 18:18:55 - [TEST_STEP][PASSED] - click: Object: 'Object Repository/Final Object Repo/New Registration - Registration Module Pages/Form 2/Socso Employment StartDate Year' is clicked on

2019-01-08 18:18:56 - [MESSAGE][PASSED] - Object: 'Object Repository/Final Object Repo/New Registration - Registration Module Pages/Form 2/Socso Employment StartDate Year' is clicked on

2019-01-08 18:18:56 - [TEST_STEP][PASSED] - delay: Delayed 1 second(s)

2019-01-08 18:18:57 - [MESSAGE][PASSED] - Delayed 1 second(s)

2019-01-08 18:18:57 - [TEST_STEP][PASSED] - click: Object: 'Object Repository/Final Object Repo/New Registration - Registration Module Pages/Form 2/Select Socso Employment Startdate Year' is clicked on

2019-01-08 18:18:57 - [MESSAGE][PASSED] - Object: 'Object Repository/Final Object Repo/New Registration - Registration Module Pages/Form 2/Select Socso Employment Startdate Year' is clicked on

2019-01-08 18:18:57 - [TEST_STEP][PASSED] - delay: Delayed 2 second(s)

2019-01-08 18:18:59 - [MESSAGE][PASSED] - Delayed 2 second(s)

2019-01-08 18:18:59 - [TEST_STEP][PASSED] - click: Object: 'Object Repository/Final Object Repo/New Registration - Registration Module Pages/Form 2/Socso Employment Start Date Day' is clicked on

2019-01-08 18:18:59 - [MESSAGE][PASSED] - Object: 'Object Repository/Final Object Repo/New Registration - Registration Module Pages/Form 2/Socso Employment Start Date Day' is clicked on

2019-01-08 18:18:59 - [TEST_STEP][PASSED] - delay: Delayed 2 second(s)

2019-01-08 18:19:01 - [MESSAGE][PASSED] - Delayed 2 second(s)

2019-01-08 18:19:01 - [TEST_STEP][PASSED] - click: Object: 'Object Repository/Final Object Repo/New Registration - Registration Module Pages/Form 2/Save Button for Add Employee' is clicked on

2019-01-08 18:19:01 - [MESSAGE][PASSED] - Object: 'Object Repository/Final Object Repo/New Registration - Registration Module Pages/Form 2/Save Button for Add Employee' is clicked on

2019-01-08 18:19:01 - [TEST_STEP][PASSED] - delay: Delayed 6 second(s)

2019-01-08 18:19:07 - [MESSAGE][PASSED] - Delayed 6 second(s)

2019-01-08 18:19:07 - [TEST_STEP][PASSED] - click: Object: 'Object Repository/Final Object Repo/New Registration - Registration Module Pages/Form 2/Add Employee Button' is clicked on

2019-01-08 18:19:07 - [MESSAGE][PASSED] - Object: 'Object Repository/Final Object Repo/New Registration - Registration Module Pages/Form 2/Add Employee Button' is clicked on

2019-01-08 18:19:07 - [TEST_STEP][PASSED] - delay: Delayed 4 second(s)

2019-01-08 18:19:11 - [MESSAGE][PASSED] - Delayed 4 second(s)

2019-01-08 18:19:11 - [TEST_STEP][PASSED] - setText: Text '600203039154' is set on object 'Object Repository/Final Object Repo/New Registration - Registration Module Pages/Form 2/NRIC Input'

2019-01-08 18:19:12 - [MESSAGE][PASSED] - Text '600203039154' is set on object 'Object Repository/Final Object Repo/New Registration - Registration Module Pages/Form 2/NRIC Input'

2019-01-08 18:19:12 - [TEST_STEP][PASSED] - click: Object: 'Object Repository/Final Object Repo/New Registration - Registration Module Pages/Form 2/button for search for IC' is clicked on

2019-01-08 18:19:12 - [MESSAGE][PASSED] - Object: 'Object Repository/Final Object Repo/New Registration - Registration Module Pages/Form 2/button for search for IC' is clicked on

2019-01-08 18:19:12 - [TEST_STEP][PASSED] - delay: Delayed 2 second(s)

2019-01-08 18:19:14 - [MESSAGE][PASSED] - Delayed 2 second(s)

2019-01-08 18:19:14 - [TEST_STEP][PASSED] - setText: Text 'Automate001 not eligible 2' is set on object 'Object Repository/Final Object Repo/New Registration - Registration Module Pages/Form 2/Employee Name Input'

2019-01-08 18:19:14 - [MESSAGE][PASSED] - Text 'Automate001 not eligible 2' is set on object 'Object Repository/Final Object Repo/New Registration - Registration Module Pages/Form 2/Employee Name Input'

2019-01-08 18:19:14 - [TEST_STEP][PASSED] - delay: Delayed 2 second(s)

2019-01-08 18:19:16 - [MESSAGE][PASSED] - Delayed 2 second(s)

2019-01-08 18:19:16 - [TEST_STEP][PASSED] - click: Object: 'Object Repository/Final Object Repo/New Registration - Registration Module Pages/Form 2/DatePicker Pop Up' is clicked on

2019-01-08 18:19:16 - [MESSAGE][PASSED] - Object: 'Object Repository/Final Object Repo/New Registration - Registration Module Pages/Form 2/DatePicker Pop Up' is clicked on

2019-01-08 18:19:16 - [TEST_STEP][PASSED] - delay: Delayed 2 second(s)

2019-01-08 18:19:18 - [MESSAGE][PASSED] - Delayed 2 second(s)

2019-01-08 18:19:18 - [TEST_STEP][PASSED] - click: Object: 'Object Repository/Final Object Repo/New Registration - Registration Module Pages/Form 2/DOB Month' is clicked on

2019-01-08 18:19:19 - [MESSAGE][PASSED] - Object: 'Object Repository/Final Object Repo/New Registration - Registration Module Pages/Form 2/DOB Month' is clicked on

2019-01-08 18:19:19 - [TEST_STEP][PASSED] - Statement - selectMonth = com.kms.katalon.core.webui.keyword.WebUiBuiltInKeywords.modifyObjectProperty(selectMonth, "xpath", "equals", "//body/div/div/div/select/option[@value="" + CurrentMonth + ""]", true): Modify property of object successfully

2019-01-08 18:19:19 - [MESSAGE][PASSED] - Modify property of object successfully

2019-01-08 18:19:19 - [TEST_STEP][PASSED] - click: Object: '' is clicked on

2019-01-08 18:19:19 - [MESSAGE][PASSED] - Object: '' is clicked on

2019-01-08 18:19:19 - [TEST_STEP][PASSED] - click: Object: 'Object Repository/Final Object Repo/New Registration - Registration Module Pages/Form 2/DOB Year' is clicked on

2019-01-08 18:19:19 - [MESSAGE][PASSED] - Object: 'Object Repository/Final Object Repo/New Registration - Registration Module Pages/Form 2/DOB Year' is clicked on

2019-01-08 18:19:19 - [TEST_STEP][PASSED] - Statement - selectYear = com.kms.katalon.core.webui.keyword.WebUiBuiltInKeywords.modifyObjectProperty(selectYear, "xpath", "equals", "//div/div/div/select/option[@value="" + FiftysevenYrsBefore + ""]", true): Modify property of object successfully

2019-01-08 18:19:19 - [MESSAGE][PASSED] - Modify property of object successfully

2019-01-08 18:19:19 - [TEST_STEP][PASSED] - click: Object: '' is clicked on

2019-01-08 18:19:19 - [MESSAGE][PASSED] - Object: '' is clicked on

2019-01-08 18:19:19 - [TEST_STEP][PASSED] - Statement - UpdatedSelectDate = com.kms.katalon.core.webui.keyword.WebUiBuiltInKeywords.modifyObjectProperty(com.kms.katalon.core.testobject.ObjectRepository.findTestObject(Final Object Repo/New Registration - Registration Module Pages/Form 2/DOB Date), "xpath", "equals", "//body/div/table/tbody/tr/td/a[text()="" + CurrentDate + ""]", true): Modify property of object successfully

2019-01-08 18:19:19 - [MESSAGE][PASSED] - Modify property of object successfully

2019-01-08 18:19:19 - [TEST_STEP][PASSED] - click: Object: 'Object Repository/Final Object Repo/New Registration - Registration Module Pages/Form 2/DOB Date' is clicked on

2019-01-08 18:19:19 - [MESSAGE][PASSED] - Object: 'Object Repository/Final Object Repo/New Registration - Registration Module Pages/Form 2/DOB Date' is clicked on

2019-01-08 18:19:19 - [TEST_STEP][PASSED] - click: Object: 'Object Repository/Final Object Repo/New Registration - Registration Module Pages/Form 2/EmploymentStartDate Pop Up' is clicked on

2019-01-08 18:19:19 - [MESSAGE][PASSED] - Object: 'Object Repository/Final Object Repo/New Registration - Registration Module Pages/Form 2/EmploymentStartDate Pop Up' is clicked on

2019-01-08 18:19:19 - [TEST_STEP][PASSED] - delay: Delayed 2 second(s)

2019-01-08 18:19:21 - [MESSAGE][PASSED] - Delayed 2 second(s)

2019-01-08 18:19:21 - [TEST_STEP][PASSED] - click: Object: 'Object Repository/Final Object Repo/New Registration - Registration Module Pages/Form 2/Socso Employment StartDate Month' is clicked on

2019-01-08 18:19:22 - [MESSAGE][PASSED] - Object: 'Object Repository/Final Object Repo/New Registration - Registration Module Pages/Form 2/Socso Employment StartDate Month' is clicked on

2019-01-08 18:19:22 - [TEST_STEP][PASSED] - delay: Delayed 1 second(s)

2019-01-08 18:19:23 - [MESSAGE][PASSED] - Delayed 1 second(s)

2019-01-08 18:19:23 - [TEST_STEP][PASSED] - click: Object: 'Object Repository/Final Object Repo/New Registration - Registration Module Pages/Form 2/Select Socso Employement Startdate Month' is clicked on

2019-01-08 18:19:23 - [MESSAGE][PASSED] - Object: 'Object Repository/Final Object Repo/New Registration - Registration Module Pages/Form 2/Select Socso Employement Startdate Month' is clicked on

2019-01-08 18:19:23 - [TEST_STEP][PASSED] - delay: Delayed 2 second(s)

2019-01-08 18:19:25 - [MESSAGE][PASSED] - Delayed 2 second(s)

2019-01-08 18:19:25 - [TEST_STEP][PASSED] - click: Object: 'Object Repository/Final Object Repo/New Registration - Registration Module Pages/Form 2/Socso Employment StartDate Year' is clicked on

2019-01-08 18:19:25 - [MESSAGE][PASSED] - Object: 'Object Repository/Final Object Repo/New Registration - Registration Module Pages/Form 2/Socso Employment StartDate Year' is clicked on

2019-01-08 18:19:25 - [TEST_STEP][PASSED] - delay: Delayed 1 second(s)

2019-01-08 18:19:26 - [MESSAGE][PASSED] - Delayed 1 second(s)

2019-01-08 18:19:26 - [TEST_STEP][PASSED] - click: Object: 'Object Repository/Final Object Repo/New Registration - Registration Module Pages/Form 2/Select Socso Employment Startdate Year' is clicked on

2019-01-08 18:19:26 - [MESSAGE][PASSED] - Object: 'Object Repository/Final Object Repo/New Registration - Registration Module Pages/Form 2/Select Socso Employment Startdate Year' is clicked on

2019-01-08 18:19:26 - [TEST_STEP][PASSED] - delay: Delayed 2 second(s)

2019-01-08 18:19:28 - [MESSAGE][PASSED] - Delayed 2 second(s)

2019-01-08 18:19:28 - [TEST_STEP][PASSED] - click: Object: 'Object Repository/Final Object Repo/New Registration - Registration Module Pages/Form 2/Socso Employment Start Date Day' is clicked on

2019-01-08 18:19:28 - [MESSAGE][PASSED] - Object: 'Object Repository/Final Object Repo/New Registration - Registration Module Pages/Form 2/Socso Employment Start Date Day' is clicked on

2019-01-08 18:19:28 - [TEST_STEP][PASSED] - delay: Delayed 2 second(s)

2019-01-08 18:19:30 - [MESSAGE][PASSED] - Delayed 2 second(s)

2019-01-08 18:19:30 - [TEST_STEP][PASSED] - click: Object: 'Object Repository/Final Object Repo/New Registration - Registration Module Pages/Form 2/Save Button for Add Employee' is clicked on

2019-01-08 18:19:30 - [MESSAGE][PASSED] - Object: 'Object Repository/Final Object Repo/New Registration - Registration Module Pages/Form 2/Save Button for Add Employee' is clicked on

2019-01-08 18:19:30 - [TEST_STEP][PASSED] - delay: Delayed 2 second(s)

2019-01-08 18:19:32 - [MESSAGE][PASSED] - Delayed 2 second(s)

2019-01-08 18:19:32 - [TEST_STEP][PASSED] - click: Object: 'Object Repository/Final Object Repo/New Registration - Registration Module Pages/Form 2/Save and Continue Form 2' is clicked on

2019-01-08 18:19:33 - [MESSAGE][PASSED] - Object: 'Object Repository/Final Object Repo/New Registration - Registration Module Pages/Form 2/Save and Continue Form 2' is clicked on

2019-01-08 18:19:33 - [MESSAGE][PASSED] - Call Test Case 'Test Cases/Final Aug 2018 - PKS Automation/Registration Module/New Registration/Form 2/Add 2 Eligible 2 Not Eligible' successfully

2019-01-08 18:19:33 - [TEST_STEP][PASSED] - callTestCase: Call Test Case 'Test Cases/Final Aug 2018 - PKS Automation/Registration Module/New Registration/Flow of New Registration/Third Screen - Upload Supporting Doc - Preview' successfully

2019-01-08 18:19:33 - [TEST_CASE][PASSED] - Test Cases/Final Aug 2018 - PKS Automation/Registration Module/New Registration/Flow of New Registration/Third Screen - Upload Supporting Doc - Preview: Test Cases/Final Aug 2018 - PKS Automation/Registration Module/New Registration/Flow of New Registration/Third Screen - Upload Supporting Doc - Preview

2019-01-08 18:19:33 - [TEST_STEP][PASSED] - waitForPageLoad: Wait for page load successfully

2019-01-08 18:19:33 - [MESSAGE][PASSED] - Wait for page load successfully

2019-01-08 18:19:33 - [TEST_STEP][PASSED] - Statement - CaseReferenceNo = com.kms.katalon.core.webui.keyword.WebUiBuiltInKeywords.getText(com.kms.katalon.core.testobject.ObjectRepository.findTestObject(Final Object Repo/New Registration - Registration Module Pages/Third Screen - Upload Supporting Doc- Preview/RefNo Acquiring)): Text of object 'Object Repository/Final Object Repo/New Registration - Registration Module Pages/Third Screen - Upload Supporting Doc- Preview/RefNo Acquiring' is: 'CRN01201900123648'

2019-01-08 18:19:33 - [MESSAGE][PASSED] - Text of object 'Object Repository/Final Object Repo/New Registration - Registration Module Pages/Third Screen - Upload Supporting Doc- Preview/RefNo Acquiring' is: 'CRN01201900123648'

2019-01-08 18:19:33 - [TEST_STEP][PASSED] - delay: Delayed 2 second(s)

2019-01-08 18:19:35 - [MESSAGE][PASSED] - Delayed 2 second(s)

2019-01-08 18:19:35 - [TEST_STEP][PASSED] - callTestCase: Call Test Case 'Test Cases/Final Aug 2018 - PKS Automation/Common/Reference Number Setter' successfully

2019-01-08 18:19:36 - [TEST_CASE][PASSED] - Test Cases/Final Aug 2018 - PKS Automation/Common/Reference Number Setter: Test Cases/Final Aug 2018 - PKS Automation/Common/Reference Number Setter

2019-01-08 18:19:36 - [TEST_STEP][PASSED] - Statement - RefNoOldFile = new java.io.File(C://Users//Admin//Desktop//PKS//Automation Reference Point//KatalonReference.txt): null

2019-01-08 18:19:36 - [TEST_STEP][PASSED] - Statement - RefNoOldFile.delete(): null

2019-01-08 18:19:36 - [TEST_STEP][PASSED] - delay: Delayed 5 second(s)

2019-01-08 18:19:41 - [MESSAGE][PASSED] - Delayed 5 second(s)

2019-01-08 18:19:41 - [TEST_STEP][PASSED] - Statement - RefNo = new java.io.File(C://Users//Admin//Desktop//PKS//Automation Reference Point//KatalonReference.txt): null

2019-01-08 18:19:41 - [TEST_STEP][PASSED] - Statement - f2 = new java.io.FileWriter(RefNo, false): null

2019-01-08 18:19:41 - [TEST_STEP][PASSED] - Statement - f2.write(CaseReferenceNo): null

2019-01-08 18:19:41 - [TEST_STEP][PASSED] - Statement - f2.close(): null

2019-01-08 18:19:41 - [TEST_STEP][PASSED] - Statement - out.println("


" + CaseReferenceNo + "


"): null

2019-01-08 18:19:41 - [MESSAGE][PASSED] - Call Test Case 'Test Cases/Final Aug 2018 - PKS Automation/Common/Reference Number Setter' successfully

2019-01-08 18:19:41 - [TEST_STEP][PASSED] - waitForElementClickable: Object 'Object Repository/Final Object Repo/New Registration - Registration Module Pages/Third Screen - Upload Supporting Doc- Preview/Save n Continue in SIP Employee Listing Page' is clickable

2019-01-08 18:19:41 - [MESSAGE][PASSED] - Object 'Object Repository/Final Object Repo/New Registration - Registration Module Pages/Third Screen - Upload Supporting Doc- Preview/Save n Continue in SIP Employee Listing Page' is clickable

2019-01-08 18:19:41 - [TEST_STEP][PASSED] - click: Object: 'Object Repository/Final Object Repo/New Registration - Registration Module Pages/Third Screen - Upload Supporting Doc- Preview/Save n Continue in SIP Employee Listing Page' is clicked on

2019-01-08 18:19:46 - [MESSAGE][PASSED] - Object: 'Object Repository/Final Object Repo/New Registration - Registration Module Pages/Third Screen - Upload Supporting Doc- Preview/Save n Continue in SIP Employee Listing Page' is clicked on

2019-01-08 18:19:46 - [TEST_STEP][PASSED] - delay: Delayed 7 second(s)

2019-01-08 18:19:53 - [MESSAGE][PASSED] - Delayed 7 second(s)

2019-01-08 18:19:53 - [TEST_STEP][PASSED] - click: Object: 'Object Repository/Final Object Repo/New Registration - Registration Module Pages/Third Screen - Upload Supporting Doc- Preview/Add Document Button' is clicked on

2019-01-08 18:19:53 - [MESSAGE][PASSED] - Object: 'Object Repository/Final Object Repo/New Registration - Registration Module Pages/Third Screen - Upload Supporting Doc- Preview/Add Document Button' is clicked on

2019-01-08 18:19:53 - [TEST_STEP][PASSED] - delay: Delayed 30 second(s)

2019-01-08 18:20:23 - [MESSAGE][PASSED] - Delayed 30 second(s)

2019-01-08 18:20:23 - [TEST_STEP][PASSED] - click: Object: 'Object Repository/Final Object Repo/New Registration - Registration Module Pages/Third Screen - Upload Supporting Doc- Preview/Supporting Doc Please Select Drop Down' is clicked on

2019-01-08 18:20:24 - [MESSAGE][PASSED] - Object: 'Object Repository/Final Object Repo/New Registration - Registration Module Pages/Third Screen - Upload Supporting Doc- Preview/Supporting Doc Please Select Drop Down' is clicked on

2019-01-08 18:20:24 - [TEST_STEP][PASSED] - delay: Delayed 2 second(s)

2019-01-08 18:20:26 - [MESSAGE][PASSED] - Delayed 2 second(s)

2019-01-08 18:20:26 - [TEST_STEP][PASSED] - click: Object: 'Object Repository/Final Object Repo/New Registration - Registration Module Pages/Third Screen - Upload Supporting Doc- Preview/Select to Upload Form 1' is clicked on

2019-01-08 18:20:26 - [MESSAGE][PASSED] - Object: 'Object Repository/Final Object Repo/New Registration - Registration Module Pages/Third Screen - Upload Supporting Doc- Preview/Select to Upload Form 1' is clicked on

2019-01-08 18:20:26 - [TEST_STEP][PASSED] - delay: Delayed 2 second(s)

2019-01-08 18:20:28 - [MESSAGE][PASSED] - Delayed 2 second(s)

2019-01-08 18:20:28 - [TEST_STEP][PASSED] - uploadFile: File 'C:\Users\Public\Pictures\Sample Pictures\Koala.jpg' sent to object: 'Object Repository/Final Object Repo/New Registration - Registration Module Pages/Third Screen - Upload Supporting Doc- Preview/Upload File Adding'

2019-01-08 18:20:28 - [MESSAGE][PASSED] - File 'C:\Users\Public\Pictures\Sample Pictures\Koala.jpg' sent to object: 'Object Repository/Final Object Repo/New Registration - Registration Module Pages/Third Screen - Upload Supporting Doc- Preview/Upload File Adding'

2019-01-08 18:20:28 - [TEST_STEP][PASSED] - delay: Delayed 5 second(s)

2019-01-08 18:20:33 - [MESSAGE][PASSED] - Delayed 5 second(s)

2019-01-08 18:20:33 - [TEST_STEP][PASSED] - click: Object: 'Object Repository/Final Object Repo/New Registration - Registration Module Pages/Third Screen - Upload Supporting Doc- Preview/Inner Form Add Document Button' is clicked on

2019-01-08 18:20:33 - [MESSAGE][PASSED] - Object: 'Object Repository/Final Object Repo/New Registration - Registration Module Pages/Third Screen - Upload Supporting Doc- Preview/Inner Form Add Document Button' is clicked on

2019-01-08 18:20:33 - [TEST_STEP][PASSED] - delay: Delayed 3 second(s)

2019-01-08 18:20:36 - [MESSAGE][PASSED] - Delayed 3 second(s)

2019-01-08 18:20:36 - [TEST_STEP][PASSED] - click: Object: 'Object Repository/Final Object Repo/New Registration - Registration Module Pages/Third Screen - Upload Supporting Doc- Preview/Add Document Button' is clicked on

2019-01-08 18:20:37 - [MESSAGE][PASSED] - Object: 'Object Repository/Final Object Repo/New Registration - Registration Module Pages/Third Screen - Upload Supporting Doc- Preview/Add Document Button' is clicked on

2019-01-08 18:20:37 - [TEST_STEP][PASSED] - delay: Delayed 30 second(s)

2019-01-08 18:21:07 - [MESSAGE][PASSED] - Delayed 30 second(s)

2019-01-08 18:21:07 - [TEST_STEP][PASSED] - click: Object: 'Object Repository/Final Object Repo/New Registration - Registration Module Pages/Third Screen - Upload Supporting Doc- Preview/Supporting Doc Please Select Drop Down' is clicked on

2019-01-08 18:21:08 - [MESSAGE][PASSED] - Object: 'Object Repository/Final Object Repo/New Registration - Registration Module Pages/Third Screen - Upload Supporting Doc- Preview/Supporting Doc Please Select Drop Down' is clicked on

2019-01-08 18:21:08 - [TEST_STEP][PASSED] - delay: Delayed 4 second(s)

2019-01-08 18:21:12 - [MESSAGE][PASSED] - Delayed 4 second(s)

2019-01-08 18:21:12 - [TEST_STEP][PASSED] - click: Object: 'Object Repository/Final Object Repo/New Registration - Registration Module Pages/Third Screen - Upload Supporting Doc- Preview/Select to Upload Form 2' is clicked on

2019-01-08 18:21:12 - [MESSAGE][PASSED] - Object: 'Object Repository/Final Object Repo/New Registration - Registration Module Pages/Third Screen - Upload Supporting Doc- Preview/Select to Upload Form 2' is clicked on

2019-01-08 18:21:12 - [TEST_STEP][PASSED] - delay: Delayed 2 second(s)

2019-01-08 18:21:14 - [MESSAGE][PASSED] - Delayed 2 second(s)

2019-01-08 18:21:14 - [TEST_STEP][PASSED] - uploadFile: File 'C:\Users\Public\Pictures\Sample Pictures\Koala.jpg' sent to object: 'Object Repository/Final Object Repo/New Registration - Registration Module Pages/Third Screen - Upload Supporting Doc- Preview/Upload File Adding'

2019-01-08 18:21:14 - [MESSAGE][PASSED] - File 'C:\Users\Public\Pictures\Sample Pictures\Koala.jpg' sent to object: 'Object Repository/Final Object Repo/New Registration - Registration Module Pages/Third Screen - Upload Supporting Doc- Preview/Upload File Adding'

2019-01-08 18:21:14 - [TEST_STEP][PASSED] - click: Object: 'Object Repository/Final Object Repo/New Registration - Registration Module Pages/Third Screen - Upload Supporting Doc- Preview/Inner Form Add Document Button' is clicked on

2019-01-08 18:21:14 - [MESSAGE][PASSED] - Object: 'Object Repository/Final Object Repo/New Registration - Registration Module Pages/Third Screen - Upload Supporting Doc- Preview/Inner Form Add Document Button' is clicked on

2019-01-08 18:21:14 - [TEST_STEP][PASSED] - delay: Delayed 5 second(s)

2019-01-08 18:21:19 - [MESSAGE][PASSED] - Delayed 5 second(s)

2019-01-08 18:21:19 - [TEST_STEP][PASSED] - click: Object: 'Object Repository/Final Object Repo/New Registration - Registration Module Pages/Third Screen - Upload Supporting Doc- Preview/Add Document Button' is clicked on

2019-01-08 18:21:19 - [MESSAGE][PASSED] - Object: 'Object Repository/Final Object Repo/New Registration - Registration Module Pages/Third Screen - Upload Supporting Doc- Preview/Add Document Button' is clicked on

2019-01-08 18:21:19 - [TEST_STEP][PASSED] - delay: Delayed 30 second(s)

2019-01-08 18:21:49 - [MESSAGE][PASSED] - Delayed 30 second(s)

2019-01-08 18:21:49 - [TEST_STEP][PASSED] - click: Object: 'Object Repository/Final Object Repo/New Registration - Registration Module Pages/Third Screen - Upload Supporting Doc- Preview/Supporting Doc Please Select Drop Down' is clicked on

2019-01-08 18:21:49 - [MESSAGE][PASSED] - Object: 'Object Repository/Final Object Repo/New Registration - Registration Module Pages/Third Screen - Upload Supporting Doc- Preview/Supporting Doc Please Select Drop Down' is clicked on

2019-01-08 18:21:49 - [TEST_STEP][PASSED] - click: Object: 'Object Repository/Final Object Repo/New Registration - Registration Module Pages/Third Screen - Upload Supporting Doc- Preview/Select to Upload Borang SIP 1' is clicked on

2019-01-08 18:21:50 - [MESSAGE][PASSED] - Object: 'Object Repository/Final Object Repo/New Registration - Registration Module Pages/Third Screen - Upload Supporting Doc- Preview/Select to Upload Borang SIP 1' is clicked on

2019-01-08 18:21:50 - [TEST_STEP][PASSED] - delay: Delayed 2 second(s)

2019-01-08 18:21:52 - [MESSAGE][PASSED] - Delayed 2 second(s)

2019-01-08 18:21:52 - [TEST_STEP][PASSED] - uploadFile: File 'C:\Users\Public\Pictures\Sample Pictures\Koala.jpg' sent to object: 'Object Repository/Final Object Repo/New Registration - Registration Module Pages/Third Screen - Upload Supporting Doc- Preview/Upload File Adding'

2019-01-08 18:21:52 - [MESSAGE][PASSED] - File 'C:\Users\Public\Pictures\Sample Pictures\Koala.jpg' sent to object: 'Object Repository/Final Object Repo/New Registration - Registration Module Pages/Third Screen - Upload Supporting Doc- Preview/Upload File Adding'

2019-01-08 18:21:52 - [TEST_STEP][PASSED] - click: Object: 'Object Repository/Final Object Repo/New Registration - Registration Module Pages/Third Screen - Upload Supporting Doc- Preview/Inner Form Add Document Button' is clicked on

2019-01-08 18:21:52 - [MESSAGE][PASSED] - Object: 'Object Repository/Final Object Repo/New Registration - Registration Module Pages/Third Screen - Upload Supporting Doc- Preview/Inner Form Add Document Button' is clicked on

2019-01-08 18:21:52 - [TEST_STEP][PASSED] - delay: Delayed 5 second(s)

2019-01-08 18:21:57 - [MESSAGE][PASSED] - Delayed 5 second(s)

2019-01-08 18:21:57 - [TEST_STEP][PASSED] - click: Object: 'Object Repository/Final Object Repo/New Registration - Registration Module Pages/Third Screen - Upload Supporting Doc- Preview/Add Document Button' is clicked on

2019-01-08 18:21:57 - [MESSAGE][PASSED] - Object: 'Object Repository/Final Object Repo/New Registration - Registration Module Pages/Third Screen - Upload Supporting Doc- Preview/Add Document Button' is clicked on

2019-01-08 18:21:57 - [TEST_STEP][PASSED] - delay: Delayed 30 second(s)

2019-01-08 18:22:27 - [MESSAGE][PASSED] - Delayed 30 second(s)

2019-01-08 18:22:27 - [TEST_STEP][PASSED] - click: Object: 'Object Repository/Final Object Repo/New Registration - Registration Module Pages/Third Screen - Upload Supporting Doc- Preview/Supporting Doc Please Select Drop Down' is clicked on

2019-01-08 18:22:27 - [MESSAGE][PASSED] - Object: 'Object Repository/Final Object Repo/New Registration - Registration Module Pages/Third Screen - Upload Supporting Doc- Preview/Supporting Doc Please Select Drop Down' is clicked on

2019-01-08 18:22:27 - [TEST_STEP][PASSED] - delay: Delayed 3 second(s)

2019-01-08 18:22:30 - [MESSAGE][PASSED] - Delayed 3 second(s)

2019-01-08 18:22:30 - [TEST_STEP][PASSED] - click: Object: 'Object Repository/Final Object Repo/New Registration - Registration Module Pages/Third Screen - Upload Supporting Doc- Preview/Select to Upload Borang SIP 2' is clicked on

2019-01-08 18:22:30 - [MESSAGE][PASSED] - Object: 'Object Repository/Final Object Repo/New Registration - Registration Module Pages/Third Screen - Upload Supporting Doc- Preview/Select to Upload Borang SIP 2' is clicked on

2019-01-08 18:22:30 - [TEST_STEP][PASSED] - delay: Delayed 2 second(s)

2019-01-08 18:22:32 - [MESSAGE][PASSED] - Delayed 2 second(s)

2019-01-08 18:22:32 - [TEST_STEP][PASSED] - uploadFile: File 'C:\Users\Public\Pictures\Sample Pictures\Koala.jpg' sent to object: 'Object Repository/Final Object Repo/New Registration - Registration Module Pages/Third Screen - Upload Supporting Doc- Preview/Upload File Adding'

2019-01-08 18:22:33 - [MESSAGE][PASSED] - File 'C:\Users\Public\Pictures\Sample Pictures\Koala.jpg' sent to object: 'Object Repository/Final Object Repo/New Registration - Registration Module Pages/Third Screen - Upload Supporting Doc- Preview/Upload File Adding'

2019-01-08 18:22:33 - [TEST_STEP][PASSED] - delay: Delayed 5 second(s)

2019-01-08 18:22:38 - [MESSAGE][PASSED] - Delayed 5 second(s)

2019-01-08 18:22:38 - [TEST_STEP][PASSED] - click: Object: 'Object Repository/Final Object Repo/New Registration - Registration Module Pages/Third Screen - Upload Supporting Doc- Preview/Inner Form Add Document Button' is clicked on

2019-01-08 18:22:38 - [MESSAGE][PASSED] - Object: 'Object Repository/Final Object Repo/New Registration - Registration Module Pages/Third Screen - Upload Supporting Doc- Preview/Inner Form Add Document Button' is clicked on

2019-01-08 18:22:38 - [TEST_STEP][PASSED] - delay: Delayed 3 second(s)

2019-01-08 18:22:41 - [MESSAGE][PASSED] - Delayed 3 second(s)

2019-01-08 18:22:41 - [TEST_STEP][PASSED] - waitForElementClickable: Object 'Object Repository/Final Object Repo/New Registration - Registration Module Pages/Third Screen - Upload Supporting Doc- Preview/Save n Continue in Uploading Supporting Doc Page' is clickable

2019-01-08 18:22:42 - [MESSAGE][PASSED] - Object 'Object Repository/Final Object Repo/New Registration - Registration Module Pages/Third Screen - Upload Supporting Doc- Preview/Save n Continue in Uploading Supporting Doc Page' is clickable

2019-01-08 18:22:42 - [TEST_STEP][PASSED] - click: Object: 'Object Repository/Final Object Repo/New Registration - Registration Module Pages/Third Screen - Upload Supporting Doc- Preview/Save n Continue in Uploading Supporting Doc Page' is clicked on

2019-01-08 18:22:42 - [MESSAGE][PASSED] - Object: 'Object Repository/Final Object Repo/New Registration - Registration Module Pages/Third Screen - Upload Supporting Doc- Preview/Save n Continue in Uploading Supporting Doc Page' is clicked on

2019-01-08 18:22:42 - [MESSAGE][PASSED] - Call Test Case 'Test Cases/Final Aug 2018 - PKS Automation/Registration Module/New Registration/Flow of New Registration/Third Screen - Upload Supporting Doc - Preview' successfully

2019-01-08 18:22:42 - [TEST_STEP][PASSED] - callTestCase: Call Test Case 'Test Cases/Final Aug 2018 - PKS Automation/Registration Module/New Registration/Submit and Screenshot/Submit Registration and Screenshot' successfully

2019-01-08 18:22:42 - [TEST_CASE][PASSED] - Test Cases/Final Aug 2018 - PKS Automation/Registration Module/New Registration/Submit and Screenshot/Submit Registration and Screenshot: Test Cases/Final Aug 2018 - PKS Automation/Registration Module/New Registration/Submit and Screenshot/Submit Registration and Screenshot

2019-01-08 18:22:42 - [TEST_STEP][PASSED] - delay: Delayed 6 second(s)

2019-01-08 18:22:48 - [MESSAGE][PASSED] - Delayed 6 second(s)

2019-01-08 18:22:48 - [TEST_STEP][PASSED] - click: Object: 'Object Repository/Final Object Repo/New Registration - Registration Module Pages/Third Screen - Upload Supporting Doc- Preview/Preview Submit Button' is clicked on

2019-01-08 18:22:48 - [MESSAGE][PASSED] - Object: 'Object Repository/Final Object Repo/New Registration - Registration Module Pages/Third Screen - Upload Supporting Doc- Preview/Preview Submit Button' is clicked on

2019-01-08 18:22:48 - [TEST_STEP][PASSED] - delay: Delayed 2 second(s)

2019-01-08 18:22:50 - [MESSAGE][PASSED] - Delayed 2 second(s)

2019-01-08 18:22:50 - [TEST_STEP][PASSED] - click: Object: 'Object Repository/Final Object Repo/New Registration - Registration Module Pages/Third Screen - Upload Supporting Doc- Preview/Preview Submit - Confirm' is clicked on

2019-01-08 18:22:51 - [MESSAGE][PASSED] - Object: 'Object Repository/Final Object Repo/New Registration - Registration Module Pages/Third Screen - Upload Supporting Doc- Preview/Preview Submit - Confirm' is clicked on

2019-01-08 18:22:51 - [TEST_STEP][PASSED] - delay: Delayed 15 second(s)

2019-01-08 18:23:06 - [MESSAGE][PASSED] - Delayed 15 second(s)

2019-01-08 18:23:06 - [TEST_STEP][PASSED] - Statement - driver = com.kms.katalon.core.webui.driver.DriverFactory.getWebDriver(): null

2019-01-08 18:23:06 - [TEST_STEP][PASSED] - Statement - driver.manage().timeouts().implicitlyWait(10, SECONDS): null

2019-01-08 18:23:06 - [TEST_STEP][PASSED] - Statement - PresavePath = KatalonScreenshots: null

2019-01-08 18:23:06 - [TEST_STEP][PASSED] - Statement - pathPrefix = "C:\Users\Public\Pictures\Sample Pictures\Katalon Screenshots\Automate Ending Screen": null

2019-01-08 18:23:06 - [TEST_STEP][PASSED] - Statement - finalPath = <not implemented yet for class: org.codehaus.groovy.ast.expr.EmptyExpression>: null

2019-01-08 18:23:06 - [TEST_STEP][PASSED] - Statement - scrFile = driver.getScreenshotAs(FILE): null

2019-01-08 18:23:06 - [TEST_STEP][PASSED] - Statement - PreSaveFile = new java.io.File(PresavePath): null

2019-01-08 18:23:06 - [TEST_STEP][PASSED] - Statement - counter = 0: null

2019-01-08 18:23:06 - [TEST_STEP][PASSED] - Statement - If (PreSaveFile.exists()): null

2019-01-08 18:23:06 - [TEST_STEP][PASSED] - Statement - While (PreSaveFile.exists()): null

2019-01-08 18:23:06 - [TEST_STEP][PASSED] - Statement - counter = counter + 1: null

2019-01-08 18:23:06 - [TEST_STEP][PASSED] - Statement - PreSaveFile = new java.io.File(((pathPrefix + java.lang.Integer.toString(counter)) + .png)): null

2019-01-08 18:23:06 - [TEST_STEP][PASSED] - Statement - counter = counter + 1: null

2019-01-08 18:23:06 - [TEST_STEP][PASSED] - Statement - PreSaveFile = new java.io.File(((pathPrefix + java.lang.Integer.toString(counter)) + .png)): null

2019-01-08 18:23:06 - [TEST_STEP][PASSED] - Statement - counter = counter + 1: null

2019-01-08 18:23:06 - [TEST_STEP][PASSED] - Statement - PreSaveFile = new java.io.File(((pathPrefix + java.lang.Integer.toString(counter)) + .png)): null

2019-01-08 18:23:06 - [TEST_STEP][PASSED] - Statement - counter = counter + 1: null

2019-01-08 18:23:06 - [TEST_STEP][PASSED] - Statement - PreSaveFile = new java.io.File(((pathPrefix + java.lang.Integer.toString(counter)) + .png)): null

2019-01-08 18:23:06 - [TEST_STEP][PASSED] - Statement - counter = counter + 1: null

2019-01-08 18:23:06 - [TEST_STEP][PASSED] - Statement - PreSaveFile = new java.io.File(((pathPrefix + java.lang.Integer.toString(counter)) + .png)): null

2019-01-08 18:23:06 - [TEST_STEP][PASSED] - Statement - counter = counter + 1: null

2019-01-08 18:23:06 - [TEST_STEP][PASSED] - Statement - PreSaveFile = new java.io.File(((pathPrefix + java.lang.Integer.toString(counter)) + .png)): null

2019-01-08 18:23:06 - [TEST_STEP][PASSED] - Statement - counter = counter + 1: null

2019-01-08 18:23:06 - [TEST_STEP][PASSED] - Statement - PreSaveFile = new java.io.File(((pathPrefix + java.lang.Integer.toString(counter)) + .png)): null

2019-01-08 18:23:06 - [TEST_STEP][PASSED] - Statement - counter = counter + 1: null

2019-01-08 18:23:06 - [TEST_STEP][PASSED] - Statement - PreSaveFile = new java.io.File(((pathPrefix + java.lang.Integer.toString(counter)) + .png)): null

2019-01-08 18:23:06 - [TEST_STEP][PASSED] - Statement - counter = counter + 1: null

2019-01-08 18:23:06 - [TEST_STEP][PASSED] - Statement - PreSaveFile = new java.io.File(((pathPrefix + java.lang.Integer.toString(counter)) + .png)): null

2019-01-08 18:23:06 - [TEST_STEP][PASSED] - Statement - counter = counter + 1: null

2019-01-08 18:23:06 - [TEST_STEP][PASSED] - Statement - PreSaveFile = new java.io.File(((pathPrefix + java.lang.Integer.toString(counter)) + .png)): null

2019-01-08 18:23:06 - [TEST_STEP][PASSED] - Statement - counter = counter + 1: null

2019-01-08 18:23:06 - [TEST_STEP][PASSED] - Statement - PreSaveFile = new java.io.File(((pathPrefix + java.lang.Integer.toString(counter)) + .png)): null

2019-01-08 18:23:06 - [TEST_STEP][PASSED] - Statement - counter = counter + 1: null

2019-01-08 18:23:06 - [TEST_STEP][PASSED] - Statement - PreSaveFile = new java.io.File(((pathPrefix + java.lang.Integer.toString(counter)) + .png)): null

2019-01-08 18:23:06 - [TEST_STEP][PASSED] - Statement - counter = counter + 1: null

2019-01-08 18:23:06 - [TEST_STEP][PASSED] - Statement - PreSaveFile = new java.io.File(((pathPrefix + java.lang.Integer.toString(counter)) + .png)): null

2019-01-08 18:23:06 - [TEST_STEP][PASSED] - Statement - counter = counter + 1: null

2019-01-08 18:23:06 - [TEST_STEP][PASSED] - Statement - PreSaveFile = new java.io.File(((pathPrefix + java.lang.Integer.toString(counter)) + .png)): null

2019-01-08 18:23:06 - [TEST_STEP][PASSED] - Statement - counter = counter + 1: null

2019-01-08 18:23:06 - [TEST_STEP][PASSED] - Statement - PreSaveFile = new java.io.File(((pathPrefix + java.lang.Integer.toString(counter)) + .png)): null

2019-01-08 18:23:06 - [TEST_STEP][PASSED] - Statement - counter = counter + 1: null

2019-01-08 18:23:06 - [TEST_STEP][PASSED] - Statement - PreSaveFile = new java.io.File(((pathPrefix + java.lang.Integer.toString(counter)) + .png)): null

2019-01-08 18:23:06 - [TEST_STEP][PASSED] - Statement - counter = counter + 1: null

2019-01-08 18:23:06 - [TEST_STEP][PASSED] - Statement - PreSaveFile = new java.io.File(((pathPrefix + java.lang.Integer.toString(counter)) + .png)): null

2019-01-08 18:23:06 - [TEST_STEP][PASSED] - Statement - counter = counter + 1: null

2019-01-08 18:23:06 - [TEST_STEP][PASSED] - Statement - PreSaveFile = new java.io.File(((pathPrefix + java.lang.Integer.toString(counter)) + .png)): null

2019-01-08 18:23:06 - [TEST_STEP][PASSED] - Statement - counter = counter + 1: null

2019-01-08 18:23:06 - [TEST_STEP][PASSED] - Statement - PreSaveFile = new java.io.File(((pathPrefix + java.lang.Integer.toString(counter)) + .png)): null

2019-01-08 18:23:06 - [TEST_STEP][PASSED] - Statement - counter = counter + 1: null

2019-01-08 18:23:06 - [TEST_STEP][PASSED] - Statement - PreSaveFile = new java.io.File(((pathPrefix + java.lang.Integer.toString(counter)) + .png)): null

2019-01-08 18:23:06 - [TEST_STEP][PASSED] - Statement - counter = counter + 1: null

2019-01-08 18:23:06 - [TEST_STEP][PASSED] - Statement - PreSaveFile = new java.io.File(((pathPrefix + java.lang.Integer.toString(counter)) + .png)): null

2019-01-08 18:23:06 - [TEST_STEP][PASSED] - Statement - counter = counter + 1: null

2019-01-08 18:23:06 - [TEST_STEP][PASSED] - Statement - PreSaveFile = new java.io.File(((pathPrefix + java.lang.Integer.toString(counter)) + .png)): null

2019-01-08 18:23:06 - [TEST_STEP][PASSED] - Statement - counter = counter + 1: null

2019-01-08 18:23:06 - [TEST_STEP][PASSED] - Statement - PreSaveFile = new java.io.File(((pathPrefix + java.lang.Integer.toString(counter)) + .png)): null

2019-01-08 18:23:06 - [TEST_STEP][PASSED] - Statement - counter = counter + 1: null

2019-01-08 18:23:06 - [TEST_STEP][PASSED] - Statement - PreSaveFile = new java.io.File(((pathPrefix + java.lang.Integer.toString(counter)) + .png)): null

2019-01-08 18:23:06 - [TEST_STEP][PASSED] - Statement - finalPath = pathPrefix + java.lang.Integer.toString(counter) + ".png": null

2019-01-08 18:23:06 - [TEST_STEP][PASSED] - Statement - SaveFile = new java.io.File(finalPath): null

2019-01-08 18:23:06 - [TEST_STEP][PASSED] - Statement - Try: null

2019-01-08 18:23:06 - [TEST_STEP][PASSED] - Statement - org.apache.commons.io.FileUtils.copyFile(scrFile, SaveFile): null

2019-01-08 18:23:06 - [TEST_STEP][PASSED] - Statement - out.println("file kept"): null

2019-01-08 18:23:06 - [TEST_STEP][PASSED] - delay: Delayed 10 second(s)

2019-01-08 18:23:16 - [MESSAGE][PASSED] - Delayed 10 second(s)

2019-01-08 18:23:16 - [MESSAGE][PASSED] - Call Test Case 'Test Cases/Final Aug 2018 - PKS Automation/Registration Module/New Registration/Submit and Screenshot/Submit Registration and Screenshot' successfully]]></system-out>
         <system-err><![CDATA[]]></system-err>
      </testcase>
      <testcase name="Test Cases/Final Aug 2018 - PKS Automation/Registration Module/Critical Path/New Registration/Other - IPTS" classname="Test Cases/Final Aug 2018 - PKS Automation/Registration Module/Critical Path/New Registration/Other - IPTS" status="PASSED">
         <system-out><![CDATA[2019-01-08 18:23:16 - [TEST_CASE][PASSED] - Test Cases/Final Aug 2018 - PKS Automation/Registration Module/Critical Path/New Registration/Other - IPTS: Test Cases/Final Aug 2018 - PKS Automation/Registration Module/Critical Path/New Registration/Other - IPTS

2019-01-08 18:23:17 - [TEST_STEP][PASSED] - callTestCase: Call Test Case 'Test Cases/Final Aug 2018 - PKS Automation/Registration Module/New Registration/Form 1/Form 1 - Other - IPTS' successfully

2019-01-08 18:23:17 - [TEST_CASE][PASSED] - Test Cases/Final Aug 2018 - PKS Automation/Registration Module/New Registration/Form 1/Form 1 - Other - IPTS: Test Cases/Final Aug 2018 - PKS Automation/Registration Module/New Registration/Form 1/Form 1 - Other - IPTS

2019-01-08 18:23:17 - [TEST_STEP][PASSED] - openBrowser: Browser is opened with url: ''

2019-01-08 18:23:17 - [MESSAGE][WARNING] - A browser is already opened. Closing browser and opening a new one

2019-01-08 18:23:20 - [MESSAGE][PASSED] - Browser is opened with url: ''

2019-01-08 18:23:20 - [TEST_STEP][PASSED] - navigateToUrl: Navigate to 'https://assist2-uat.perkeso.gov.my/login' successfully

2019-01-08 18:23:21 - [MESSAGE][PASSED] - Navigate to 'https://assist2-uat.perkeso.gov.my/login' successfully

2019-01-08 18:23:21 - [TEST_STEP][PASSED] - setText: Text 'johorotc1@gmail.com' is set on object 'Object Repository/Final Object Repo/Login Page/Internal User/Email Address'

2019-01-08 18:23:22 - [MESSAGE][PASSED] - Text 'johorotc1@gmail.com' is set on object 'Object Repository/Final Object Repo/Login Page/Internal User/Email Address'

2019-01-08 18:23:22 - [TEST_STEP][PASSED] - click: Object: 'Object Repository/Final Object Repo/Login Page/Internal User/Next Button' is clicked on

2019-01-08 18:23:22 - [MESSAGE][PASSED] - Object: 'Object Repository/Final Object Repo/Login Page/Internal User/Next Button' is clicked on

2019-01-08 18:23:22 - [TEST_STEP][PASSED] - delay: Delayed 1 second(s)

2019-01-08 18:23:23 - [MESSAGE][PASSED] - Delayed 1 second(s)

2019-01-08 18:23:23 - [TEST_STEP][PASSED] - setEncryptedText: Text ****** has been set on object 'Object Repository/Final Object Repo/Login Page/Internal User/Password'

2019-01-08 18:23:23 - [MESSAGE][PASSED] - Text ****** has been set on object 'Object Repository/Final Object Repo/Login Page/Internal User/Password'

2019-01-08 18:23:23 - [TEST_STEP][PASSED] - click: Object: 'Object Repository/Final Object Repo/Login Page/Internal User/Login Button' is clicked on

2019-01-08 18:23:23 - [MESSAGE][PASSED] - Object: 'Object Repository/Final Object Repo/Login Page/Internal User/Login Button' is clicked on

2019-01-08 18:23:23 - [TEST_STEP][PASSED] - delay: Delayed 1 second(s)

2019-01-08 18:23:24 - [MESSAGE][PASSED] - Delayed 1 second(s)

2019-01-08 18:23:24 - [TEST_STEP][PASSED] - Statement - Try: Delayed 2 second(s)

2019-01-08 18:23:24 - [TEST_STEP][PASSED] - Statement - Checker = false: null

2019-01-08 18:23:24 - [TEST_STEP][PASSED] - Statement - Checker = com.kms.katalon.core.webui.keyword.WebUiBuiltInKeywords.verifyElementHasAttribute(com.kms.katalon.core.testobject.ObjectRepository.findTestObject(Final Object Repo/Landing Page/BM Detecting), "href", 20, OPTIONAL): Object 'Object Repository/Final Object Repo/Landing Page/BM Detecting' has attribute 'href'

2019-01-08 18:23:26 - [MESSAGE][PASSED] - Object 'Object Repository/Final Object Repo/Landing Page/BM Detecting' has attribute 'href'

2019-01-08 18:23:26 - [TEST_STEP][PASSED] - Statement - out.println(Checker): null

2019-01-08 18:23:26 - [TEST_STEP][PASSED] - Statement - If (Checker == false): null

2019-01-08 18:23:26 - [TEST_STEP][PASSED] - Statement - Else: null

2019-01-08 18:23:26 - [TEST_STEP][PASSED] - delay: Delayed 2 second(s)

2019-01-08 18:23:28 - [MESSAGE][PASSED] - Delayed 2 second(s)

2019-01-08 18:23:28 - [TEST_STEP][PASSED] - navigateToUrl: Navigate to 'https://assist2-uat.perkeso.gov.my/web/registration/registration' successfully

2019-01-08 18:23:29 - [MESSAGE][PASSED] - Navigate to 'https://assist2-uat.perkeso.gov.my/web/registration/registration' successfully

2019-01-08 18:23:29 - [TEST_STEP][PASSED] - click: Object: 'Object Repository/Final Object Repo/New Registration - Registration Module Pages/Form 1/AEC - No' is clicked on

2019-01-08 18:23:29 - [MESSAGE][PASSED] - Object: 'Object Repository/Final Object Repo/New Registration - Registration Module Pages/Form 1/AEC - No' is clicked on

2019-01-08 18:23:29 - [TEST_STEP][PASSED] - click: Object: 'Object Repository/Final Object Repo/New Registration - Registration Module Pages/Form 1/Business Entity' is clicked on

2019-01-08 18:23:29 - [MESSAGE][PASSED] - Object: 'Object Repository/Final Object Repo/New Registration - Registration Module Pages/Form 1/Business Entity' is clicked on

2019-01-08 18:23:29 - [TEST_STEP][PASSED] - click: Object: 'Object Repository/Final Object Repo/New Registration - Registration Module Pages/Form 1/Business Entity - Other' is clicked on

2019-01-08 18:23:30 - [MESSAGE][PASSED] - Object: 'Object Repository/Final Object Repo/New Registration - Registration Module Pages/Form 1/Business Entity - Other' is clicked on

2019-01-08 18:23:30 - [TEST_STEP][PASSED] - delay: Delayed 1 second(s)

2019-01-08 18:23:31 - [MESSAGE][PASSED] - Delayed 1 second(s)

2019-01-08 18:23:31 - [TEST_STEP][PASSED] - click: Object: 'Object Repository/Final Object Repo/New Registration - Registration Module Pages/Form 1/Sub Business Entity' is clicked on

2019-01-08 18:23:31 - [MESSAGE][PASSED] - Object: 'Object Repository/Final Object Repo/New Registration - Registration Module Pages/Form 1/Sub Business Entity' is clicked on

2019-01-08 18:23:31 - [TEST_STEP][PASSED] - click: Object: 'Object Repository/Final Object Repo/New Registration - Registration Module Pages/Form 1/Sub Business Entity - Other/Sub Business Entity  - IPTS' is clicked on

2019-01-08 18:23:31 - [MESSAGE][PASSED] - Object: 'Object Repository/Final Object Repo/New Registration - Registration Module Pages/Form 1/Sub Business Entity - Other/Sub Business Entity  - IPTS' is clicked on

2019-01-08 18:23:31 - [TEST_STEP][PASSED] - delay: Delayed 1 second(s)

2019-01-08 18:23:32 - [MESSAGE][PASSED] - Delayed 1 second(s)

2019-01-08 18:23:32 - [TEST_STEP][NOT_RUN] - click: NOT_RUN: click

2019-01-08 18:23:32 - [MESSAGE][NOT_RUN] - NOT_RUN: click

2019-01-08 18:23:32 - [TEST_STEP][NOT_RUN] - click: NOT_RUN: click

2019-01-08 18:23:32 - [MESSAGE][NOT_RUN] - NOT_RUN: click

2019-01-08 18:23:32 - [TEST_STEP][NOT_RUN] - delay: NOT_RUN: delay

2019-01-08 18:23:32 - [MESSAGE][NOT_RUN] - NOT_RUN: delay

2019-01-08 18:23:32 - [TEST_STEP][PASSED] - setText: Text '123' is set on object 'Object Repository/Final Object Repo/New Registration - Registration Module Pages/Form 1/Registration Number'

2019-01-08 18:23:32 - [MESSAGE][PASSED] - Text '123' is set on object 'Object Repository/Final Object Repo/New Registration - Registration Module Pages/Form 1/Registration Number'

2019-01-08 18:23:32 - [TEST_STEP][NOT_RUN] - click: NOT_RUN: click

2019-01-08 18:23:32 - [MESSAGE][NOT_RUN] - NOT_RUN: click

2019-01-08 18:23:32 - [TEST_STEP][PASSED] - click: Object: 'Object Repository/Final Object Repo/New Registration - Registration Module Pages/Form 1/Registered As a Branch - Yes' is clicked on

2019-01-08 18:23:33 - [MESSAGE][PASSED] - Object: 'Object Repository/Final Object Repo/New Registration - Registration Module Pages/Form 1/Registered As a Branch - Yes' is clicked on

2019-01-08 18:23:33 - [TEST_STEP][PASSED] - check: Object 'Object Repository/Final Object Repo/New Registration - Registration Module Pages/Form 1/Acknowledgement' is checked

2019-01-08 18:23:33 - [MESSAGE][PASSED] - Object 'Object Repository/Final Object Repo/New Registration - Registration Module Pages/Form 1/Acknowledgement' is checked

2019-01-08 18:23:33 - [TEST_STEP][PASSED] - setText: Text 'perkeso' is set on object 'Object Repository/Final Object Repo/New Registration - Registration Module Pages/Form 1/Industry name'

2019-01-08 18:23:33 - [MESSAGE][PASSED] - Text 'perkeso' is set on object 'Object Repository/Final Object Repo/New Registration - Registration Module Pages/Form 1/Industry name'

2019-01-08 18:23:33 - [TEST_STEP][PASSED] - setText: Text 'perkeso1' is set on object 'Object Repository/Final Object Repo/New Registration - Registration Module Pages/Form 1/Postal Address1'

2019-01-08 18:23:33 - [MESSAGE][PASSED] - Text 'perkeso1' is set on object 'Object Repository/Final Object Repo/New Registration - Registration Module Pages/Form 1/Postal Address1'

2019-01-08 18:23:33 - [TEST_STEP][PASSED] - setText: Text 'perkeso2' is set on object 'Object Repository/Final Object Repo/New Registration - Registration Module Pages/Form 1/Postal Address2'

2019-01-08 18:23:34 - [MESSAGE][PASSED] - Text 'perkeso2' is set on object 'Object Repository/Final Object Repo/New Registration - Registration Module Pages/Form 1/Postal Address2'

2019-01-08 18:23:34 - [TEST_STEP][PASSED] - setText: Text 'perkeso3' is set on object 'Object Repository/Final Object Repo/New Registration - Registration Module Pages/Form 1/Postal Address3'

2019-01-08 18:23:34 - [MESSAGE][PASSED] - Text 'perkeso3' is set on object 'Object Repository/Final Object Repo/New Registration - Registration Module Pages/Form 1/Postal Address3'

2019-01-08 18:23:34 - [TEST_STEP][PASSED] - click: Object: 'Object Repository/Final Object Repo/New Registration - Registration Module Pages/Form 1/State' is clicked on

2019-01-08 18:23:34 - [MESSAGE][PASSED] - Object: 'Object Repository/Final Object Repo/New Registration - Registration Module Pages/Form 1/State' is clicked on

2019-01-08 18:23:34 - [TEST_STEP][PASSED] - click: Object: 'Object Repository/Final Object Repo/New Registration - Registration Module Pages/Form 1/State - Johor' is clicked on

2019-01-08 18:23:35 - [MESSAGE][PASSED] - Object: 'Object Repository/Final Object Repo/New Registration - Registration Module Pages/Form 1/State - Johor' is clicked on

2019-01-08 18:23:35 - [TEST_STEP][PASSED] - delay: Delayed 1 second(s)

2019-01-08 18:23:36 - [MESSAGE][PASSED] - Delayed 1 second(s)

2019-01-08 18:23:36 - [TEST_STEP][PASSED] - click: Object: 'Object Repository/Final Object Repo/New Registration - Registration Module Pages/Form 1/City' is clicked on

2019-01-08 18:23:36 - [MESSAGE][PASSED] - Object: 'Object Repository/Final Object Repo/New Registration - Registration Module Pages/Form 1/City' is clicked on

2019-01-08 18:23:36 - [TEST_STEP][PASSED] - setText: Text 'joh' is set on object 'Object Repository/Final Object Repo/New Registration - Registration Module Pages/Form 1/Postcode - 810'

2019-01-08 18:23:36 - [MESSAGE][PASSED] - Text 'joh' is set on object 'Object Repository/Final Object Repo/New Registration - Registration Module Pages/Form 1/Postcode - 810'

2019-01-08 18:23:36 - [TEST_STEP][PASSED] - delay: Delayed 1 second(s)

2019-01-08 18:23:37 - [MESSAGE][PASSED] - Delayed 1 second(s)

2019-01-08 18:23:37 - [TEST_STEP][PASSED] - click: Object: 'Object Repository/Final Object Repo/New Registration - Registration Module Pages/Form 1/City - Johor Bharu' is clicked on

2019-01-08 18:23:37 - [MESSAGE][PASSED] - Object: 'Object Repository/Final Object Repo/New Registration - Registration Module Pages/Form 1/City - Johor Bharu' is clicked on

2019-01-08 18:23:37 - [TEST_STEP][PASSED] - delay: Delayed 1 second(s)

2019-01-08 18:23:38 - [MESSAGE][PASSED] - Delayed 1 second(s)

2019-01-08 18:23:38 - [TEST_STEP][PASSED] - click: Object: 'Object Repository/Final Object Repo/New Registration - Registration Module Pages/Form 1/Postcode' is clicked on

2019-01-08 18:23:38 - [MESSAGE][PASSED] - Object: 'Object Repository/Final Object Repo/New Registration - Registration Module Pages/Form 1/Postcode' is clicked on

2019-01-08 18:23:38 - [TEST_STEP][PASSED] - delay: Delayed 1 second(s)

2019-01-08 18:23:39 - [MESSAGE][PASSED] - Delayed 1 second(s)

2019-01-08 18:23:39 - [TEST_STEP][PASSED] - setText: Text '810' is set on object 'Object Repository/Final Object Repo/New Registration - Registration Module Pages/Form 1/Postcode - 810'

2019-01-08 18:23:40 - [MESSAGE][PASSED] - Text '810' is set on object 'Object Repository/Final Object Repo/New Registration - Registration Module Pages/Form 1/Postcode - 810'

2019-01-08 18:23:40 - [TEST_STEP][PASSED] - delay: Delayed 1 second(s)

2019-01-08 18:23:41 - [MESSAGE][PASSED] - Delayed 1 second(s)

2019-01-08 18:23:41 - [TEST_STEP][PASSED] - click: Object: 'Object Repository/Final Object Repo/New Registration - Registration Module Pages/Form 1/Postcode - 81000' is clicked on

2019-01-08 18:23:41 - [MESSAGE][PASSED] - Object: 'Object Repository/Final Object Repo/New Registration - Registration Module Pages/Form 1/Postcode - 81000' is clicked on

2019-01-08 18:23:41 - [TEST_STEP][PASSED] - delay: Delayed 1 second(s)

2019-01-08 18:23:42 - [MESSAGE][PASSED] - Delayed 1 second(s)

2019-01-08 18:23:42 - [TEST_STEP][PASSED] - setText: Text '100' is set on object 'Object Repository/Final Object Repo/New Registration - Registration Module Pages/Form 1/P.O.BOX'

2019-01-08 18:23:42 - [MESSAGE][PASSED] - Text '100' is set on object 'Object Repository/Final Object Repo/New Registration - Registration Module Pages/Form 1/P.O.BOX'

2019-01-08 18:23:42 - [TEST_STEP][PASSED] - setText: Text '100' is set on object 'Object Repository/Final Object Repo/New Registration - Registration Module Pages/Form 1/Locked Bag No'

2019-01-08 18:23:42 - [MESSAGE][PASSED] - Text '100' is set on object 'Object Repository/Final Object Repo/New Registration - Registration Module Pages/Form 1/Locked Bag No'

2019-01-08 18:23:42 - [TEST_STEP][PASSED] - click: Object: 'Object Repository/Final Object Repo/New Registration - Registration Module Pages/Form 1/SOCSO Office Location' is clicked on

2019-01-08 18:23:42 - [MESSAGE][PASSED] - Object: 'Object Repository/Final Object Repo/New Registration - Registration Module Pages/Form 1/SOCSO Office Location' is clicked on

2019-01-08 18:23:42 - [TEST_STEP][PASSED] - click: Object: 'Object Repository/Final Object Repo/New Registration - Registration Module Pages/Form 1/SOCSO Office Location - Pejabat PERKESO Negeri Johor' is clicked on

2019-01-08 18:23:43 - [MESSAGE][PASSED] - Object: 'Object Repository/Final Object Repo/New Registration - Registration Module Pages/Form 1/SOCSO Office Location - Pejabat PERKESO Negeri Johor' is clicked on

2019-01-08 18:23:43 - [TEST_STEP][PASSED] - delay: Delayed 1 second(s)

2019-01-08 18:23:44 - [MESSAGE][PASSED] - Delayed 1 second(s)

2019-01-08 18:23:44 - [TEST_STEP][PASSED] - check: Object 'Object Repository/Final Object Repo/New Registration - Registration Module Pages/Form 1/Indusrty Address Same As Postal Address' is checked

2019-01-08 18:23:44 - [MESSAGE][PASSED] - Object 'Object Repository/Final Object Repo/New Registration - Registration Module Pages/Form 1/Indusrty Address Same As Postal Address' is checked

2019-01-08 18:23:44 - [TEST_STEP][PASSED] - delay: Delayed 3 second(s)

2019-01-08 18:23:47 - [MESSAGE][PASSED] - Delayed 3 second(s)

2019-01-08 18:23:47 - [TEST_STEP][PASSED] - click: Object: 'Object Repository/Final Object Repo/New Registration - Registration Module Pages/Form 1/Indusry Address Same As Postal Address False' is clicked on

2019-01-08 18:23:47 - [MESSAGE][PASSED] - Object: 'Object Repository/Final Object Repo/New Registration - Registration Module Pages/Form 1/Indusry Address Same As Postal Address False' is clicked on

2019-01-08 18:23:47 - [TEST_STEP][PASSED] - delay: Delayed 1 second(s)

2019-01-08 18:23:48 - [MESSAGE][PASSED] - Delayed 1 second(s)

2019-01-08 18:23:48 - [TEST_STEP][PASSED] - setText: Text 'perkeso1' is set on object 'Object Repository/Final Object Repo/New Registration - Registration Module Pages/Form 1/Industry Address1'

2019-01-08 18:23:48 - [MESSAGE][PASSED] - Text 'perkeso1' is set on object 'Object Repository/Final Object Repo/New Registration - Registration Module Pages/Form 1/Industry Address1'

2019-01-08 18:23:48 - [TEST_STEP][PASSED] - setText: Text 'perkeso2' is set on object 'Object Repository/Final Object Repo/New Registration - Registration Module Pages/Form 1/Industry Address2'

2019-01-08 18:23:49 - [MESSAGE][PASSED] - Text 'perkeso2' is set on object 'Object Repository/Final Object Repo/New Registration - Registration Module Pages/Form 1/Industry Address2'

2019-01-08 18:23:49 - [TEST_STEP][PASSED] - setText: Text 'perkeso3' is set on object 'Object Repository/Final Object Repo/New Registration - Registration Module Pages/Form 1/Industry Address3'

2019-01-08 18:23:49 - [MESSAGE][PASSED] - Text 'perkeso3' is set on object 'Object Repository/Final Object Repo/New Registration - Registration Module Pages/Form 1/Industry Address3'

2019-01-08 18:23:49 - [TEST_STEP][PASSED] - click: Object: 'Object Repository/Final Object Repo/New Registration - Registration Module Pages/Form 1/Industry State' is clicked on

2019-01-08 18:23:49 - [MESSAGE][PASSED] - Object: 'Object Repository/Final Object Repo/New Registration - Registration Module Pages/Form 1/Industry State' is clicked on

2019-01-08 18:23:49 - [TEST_STEP][PASSED] - delay: Delayed 2 second(s)

2019-01-08 18:23:51 - [MESSAGE][PASSED] - Delayed 2 second(s)

2019-01-08 18:23:51 - [TEST_STEP][PASSED] - click: Object: 'Object Repository/Final Object Repo/New Registration - Registration Module Pages/Form 1/Industry State - Johor' is clicked on

2019-01-08 18:23:52 - [MESSAGE][PASSED] - Object: 'Object Repository/Final Object Repo/New Registration - Registration Module Pages/Form 1/Industry State - Johor' is clicked on

2019-01-08 18:23:52 - [TEST_STEP][PASSED] - delay: Delayed 2 second(s)

2019-01-08 18:23:54 - [MESSAGE][PASSED] - Delayed 2 second(s)

2019-01-08 18:23:54 - [TEST_STEP][PASSED] - click: Object: 'Object Repository/Final Object Repo/New Registration - Registration Module Pages/Form 1/Industry Ciry' is clicked on

2019-01-08 18:23:54 - [MESSAGE][PASSED] - Object: 'Object Repository/Final Object Repo/New Registration - Registration Module Pages/Form 1/Industry Ciry' is clicked on

2019-01-08 18:23:54 - [TEST_STEP][PASSED] - setText: Text 'joh' is set on object 'Object Repository/Final Object Repo/New Registration - Registration Module Pages/Form 1/Industry Ciry - joh'

2019-01-08 18:23:54 - [MESSAGE][PASSED] - Text 'joh' is set on object 'Object Repository/Final Object Repo/New Registration - Registration Module Pages/Form 1/Industry Ciry - joh'

2019-01-08 18:23:54 - [TEST_STEP][PASSED] - delay: Delayed 2 second(s)

2019-01-08 18:23:56 - [MESSAGE][PASSED] - Delayed 2 second(s)

2019-01-08 18:23:56 - [TEST_STEP][PASSED] - click: Object: 'Object Repository/Final Object Repo/New Registration - Registration Module Pages/Form 1/Industy State - Johor Bharu' is clicked on

2019-01-08 18:23:56 - [MESSAGE][PASSED] - Object: 'Object Repository/Final Object Repo/New Registration - Registration Module Pages/Form 1/Industy State - Johor Bharu' is clicked on

2019-01-08 18:23:56 - [TEST_STEP][PASSED] - delay: Delayed 1 second(s)

2019-01-08 18:23:57 - [MESSAGE][PASSED] - Delayed 1 second(s)

2019-01-08 18:23:57 - [TEST_STEP][PASSED] - click: Object: 'Object Repository/Final Object Repo/New Registration - Registration Module Pages/Form 1/Indusry PostCode' is clicked on

2019-01-08 18:23:57 - [MESSAGE][PASSED] - Object: 'Object Repository/Final Object Repo/New Registration - Registration Module Pages/Form 1/Indusry PostCode' is clicked on

2019-01-08 18:23:57 - [TEST_STEP][PASSED] - delay: Delayed 1 second(s)

2019-01-08 18:23:58 - [MESSAGE][PASSED] - Delayed 1 second(s)

2019-01-08 18:23:58 - [TEST_STEP][PASSED] - setText: Text '810' is set on object 'Object Repository/Final Object Repo/New Registration - Registration Module Pages/Form 1/Insutry Post Code - 810'

2019-01-08 18:23:58 - [MESSAGE][PASSED] - Text '810' is set on object 'Object Repository/Final Object Repo/New Registration - Registration Module Pages/Form 1/Insutry Post Code - 810'

2019-01-08 18:23:58 - [TEST_STEP][PASSED] - delay: Delayed 1 second(s)

2019-01-08 18:23:59 - [MESSAGE][PASSED] - Delayed 1 second(s)

2019-01-08 18:23:59 - [TEST_STEP][PASSED] - click: Object: 'Object Repository/Final Object Repo/New Registration - Registration Module Pages/Form 1/Insutry Post Code - 81000' is clicked on

2019-01-08 18:24:00 - [MESSAGE][PASSED] - Object: 'Object Repository/Final Object Repo/New Registration - Registration Module Pages/Form 1/Insutry Post Code - 81000' is clicked on

2019-01-08 18:24:00 - [TEST_STEP][PASSED] - delay: Delayed 1 second(s)

2019-01-08 18:24:01 - [MESSAGE][PASSED] - Delayed 1 second(s)

2019-01-08 18:24:01 - [TEST_STEP][PASSED] - setText: Text '100' is set on object 'Object Repository/Final Object Repo/New Registration - Registration Module Pages/Form 1/Industry P.O.BOX'

2019-01-08 18:24:01 - [MESSAGE][PASSED] - Text '100' is set on object 'Object Repository/Final Object Repo/New Registration - Registration Module Pages/Form 1/Industry P.O.BOX'

2019-01-08 18:24:01 - [TEST_STEP][PASSED] - setText: Text '100' is set on object 'Object Repository/Final Object Repo/New Registration - Registration Module Pages/Form 1/Industry Locked Bag No'

2019-01-08 18:24:01 - [MESSAGE][PASSED] - Text '100' is set on object 'Object Repository/Final Object Repo/New Registration - Registration Module Pages/Form 1/Industry Locked Bag No'

2019-01-08 18:24:01 - [TEST_STEP][PASSED] - setText: Text '123456789' is set on object 'Object Repository/Final Object Repo/New Registration - Registration Module Pages/Form 1/Telephone No'

2019-01-08 18:24:02 - [MESSAGE][PASSED] - Text '123456789' is set on object 'Object Repository/Final Object Repo/New Registration - Registration Module Pages/Form 1/Telephone No'

2019-01-08 18:24:02 - [TEST_STEP][PASSED] - setText: Text '123456789' is set on object 'Object Repository/Final Object Repo/New Registration - Registration Module Pages/Form 1/Mobile No'

2019-01-08 18:24:02 - [MESSAGE][PASSED] - Text '123456789' is set on object 'Object Repository/Final Object Repo/New Registration - Registration Module Pages/Form 1/Mobile No'

2019-01-08 18:24:02 - [TEST_STEP][PASSED] - setText: Text '123456789' is set on object 'Object Repository/Final Object Repo/New Registration - Registration Module Pages/Form 1/Fax No'

2019-01-08 18:24:02 - [MESSAGE][PASSED] - Text '123456789' is set on object 'Object Repository/Final Object Repo/New Registration - Registration Module Pages/Form 1/Fax No'

2019-01-08 18:24:02 - [TEST_STEP][PASSED] - click: Object: 'Object Repository/Final Object Repo/New Registration - Registration Module Pages/Form 1/Industry Code' is clicked on

2019-01-08 18:24:03 - [MESSAGE][PASSED] - Object: 'Object Repository/Final Object Repo/New Registration - Registration Module Pages/Form 1/Industry Code' is clicked on

2019-01-08 18:24:03 - [TEST_STEP][PASSED] - click: Object: 'Object Repository/Final Object Repo/New Registration - Registration Module Pages/Form 1/Indudustry Code - Crops and Animal' is clicked on

2019-01-08 18:24:03 - [MESSAGE][PASSED] - Object: 'Object Repository/Final Object Repo/New Registration - Registration Module Pages/Form 1/Indudustry Code - Crops and Animal' is clicked on

2019-01-08 18:24:03 - [TEST_STEP][PASSED] - delay: Delayed 1 second(s)

2019-01-08 18:24:04 - [MESSAGE][PASSED] - Delayed 1 second(s)

2019-01-08 18:24:04 - [TEST_STEP][PASSED] - click: Object: 'Object Repository/Final Object Repo/New Registration - Registration Module Pages/Form 1/Sub Industry Code List' is clicked on

2019-01-08 18:24:04 - [MESSAGE][PASSED] - Object: 'Object Repository/Final Object Repo/New Registration - Registration Module Pages/Form 1/Sub Industry Code List' is clicked on

2019-01-08 18:24:04 - [TEST_STEP][PASSED] - click: Object: 'Object Repository/Final Object Repo/New Registration - Registration Module Pages/Form 1/Sub Industry Code List - Growing of Maize' is clicked on

2019-01-08 18:24:04 - [MESSAGE][PASSED] - Object: 'Object Repository/Final Object Repo/New Registration - Registration Module Pages/Form 1/Sub Industry Code List - Growing of Maize' is clicked on

2019-01-08 18:24:04 - [TEST_STEP][PASSED] - setText: Text 'perkeso123@gmail.com' is set on object 'Object Repository/Final Object Repo/New Registration - Registration Module Pages/Form 1/Email'

2019-01-08 18:24:05 - [MESSAGE][PASSED] - Text 'perkeso123@gmail.com' is set on object 'Object Repository/Final Object Repo/New Registration - Registration Module Pages/Form 1/Email'

2019-01-08 18:24:05 - [TEST_STEP][PASSED] - click: Object: 'Object Repository/Final Object Repo/New Registration - Registration Module Pages/Form 1/Method of Contribution Payment' is clicked on

2019-01-08 18:24:05 - [MESSAGE][PASSED] - Object: 'Object Repository/Final Object Repo/New Registration - Registration Module Pages/Form 1/Method of Contribution Payment' is clicked on

2019-01-08 18:24:05 - [TEST_STEP][PASSED] - click: Object: 'Object Repository/Final Object Repo/New Registration - Registration Module Pages/Form 1/Method of Contribution Payment - Portal' is clicked on

2019-01-08 18:24:05 - [MESSAGE][PASSED] - Object: 'Object Repository/Final Object Repo/New Registration - Registration Module Pages/Form 1/Method of Contribution Payment - Portal' is clicked on

2019-01-08 18:24:05 - [TEST_STEP][PASSED] - click: Object: 'Object Repository/Final Object Repo/New Registration - Registration Module Pages/Form 1/Servide Type' is clicked on

2019-01-08 18:24:06 - [MESSAGE][PASSED] - Object: 'Object Repository/Final Object Repo/New Registration - Registration Module Pages/Form 1/Servide Type' is clicked on

2019-01-08 18:24:06 - [TEST_STEP][PASSED] - click: Object: 'Object Repository/Final Object Repo/New Registration - Registration Module Pages/Form 1/Servide Type - Professional Bodies' is clicked on

2019-01-08 18:24:06 - [MESSAGE][PASSED] - Object: 'Object Repository/Final Object Repo/New Registration - Registration Module Pages/Form 1/Servide Type - Professional Bodies' is clicked on

2019-01-08 18:24:06 - [TEST_STEP][PASSED] - click: Object: 'Object Repository/Final Object Repo/New Registration - Registration Module Pages/Form 1/Industry Venue' is clicked on

2019-01-08 18:24:06 - [MESSAGE][PASSED] - Object: 'Object Repository/Final Object Repo/New Registration - Registration Module Pages/Form 1/Industry Venue' is clicked on

2019-01-08 18:24:06 - [TEST_STEP][PASSED] - click: Object: 'Object Repository/Final Object Repo/New Registration - Registration Module Pages/Form 1/Industry Venue -  PPN JOHOR' is clicked on

2019-01-08 18:24:06 - [MESSAGE][PASSED] - Object: 'Object Repository/Final Object Repo/New Registration - Registration Module Pages/Form 1/Industry Venue -  PPN JOHOR' is clicked on

2019-01-08 18:24:06 - [TEST_STEP][PASSED] - click: Object: 'Object Repository/Final Object Repo/New Registration - Registration Module Pages/Form 1/Save  Continue' is clicked on

2019-01-08 18:24:06 - [MESSAGE][PASSED] - Object: 'Object Repository/Final Object Repo/New Registration - Registration Module Pages/Form 1/Save  Continue' is clicked on

2019-01-08 18:24:06 - [MESSAGE][PASSED] - Call Test Case 'Test Cases/Final Aug 2018 - PKS Automation/Registration Module/New Registration/Form 1/Form 1 - Other - IPTS' successfully

2019-01-08 18:24:06 - [TEST_STEP][PASSED] - callTestCase: Call Test Case 'Test Cases/Final Aug 2018 - PKS Automation/Registration Module/New Registration/Form 2/Add 2 Eligible 2 Not Eligible' successfully

2019-01-08 18:24:06 - [TEST_CASE][PASSED] - Test Cases/Final Aug 2018 - PKS Automation/Registration Module/New Registration/Form 2/Add 2 Eligible 2 Not Eligible: Test Cases/Final Aug 2018 - PKS Automation/Registration Module/New Registration/Form 2/Add 2 Eligible 2 Not Eligible

2019-01-08 18:24:07 - [TEST_STEP][PASSED] - delay: Delayed 2 second(s)

2019-01-08 18:24:09 - [MESSAGE][PASSED] - Delayed 2 second(s)

2019-01-08 18:24:09 - [TEST_STEP][PASSED] - callTestCase: Call Test Case 'Test Cases/Final Aug 2018 - PKS Automation/Registration Module/New Registration/Form 2/Date Updater' successfully

2019-01-08 18:24:09 - [TEST_CASE][PASSED] - Test Cases/Final Aug 2018 - PKS Automation/Registration Module/New Registration/Form 2/Date Updater: Test Cases/Final Aug 2018 - PKS Automation/Registration Module/New Registration/Form 2/Date Updater

2019-01-08 18:24:09 - [TEST_STEP][PASSED] - Statement - TodayDate = new java.util.Date(): null

2019-01-08 18:24:09 - [TEST_STEP][PASSED] - Statement - CurrentDateNoFilter = new java.text.SimpleDateFormat(): null

2019-01-08 18:24:09 - [TEST_STEP][PASSED] - Statement - CurrentDateNoFilter.applyPattern("MM"): null

2019-01-08 18:24:09 - [TEST_STEP][PASSED] - Statement - monthContainerMatcher = java.lang.Integer.parseInt(CurrentDateNoFilter.format(TodayDate)): null

2019-01-08 18:24:09 - [TEST_STEP][PASSED] - Statement - monthContainerMatcher = monthContainerMatcher - 1: null

2019-01-08 18:24:09 - [TEST_STEP][PASSED] - Statement - CurrentMonth = monthContainerMatcher.toString(): null

2019-01-08 18:24:09 - [TEST_STEP][PASSED] - Statement - CurrentMonth = CurrentMonth: null

2019-01-08 18:24:09 - [TEST_STEP][PASSED] - Statement - CurrentDateNoFilter.applyPattern("yyyy"): null

2019-01-08 18:24:09 - [TEST_STEP][PASSED] - Statement - CurrentYear = CurrentDateNoFilter.format(TodayDate): null

2019-01-08 18:24:09 - [TEST_STEP][PASSED] - Statement - CurrentYear = CurrentYear: null

2019-01-08 18:24:09 - [TEST_STEP][PASSED] - Statement - intCurrentYear = java.lang.Integer.parseInt(CurrentDateNoFilter.format(TodayDate)): null

2019-01-08 18:24:09 - [TEST_STEP][PASSED] - Statement - eighteenYrsAgo = intCurrentYear - 18: null

2019-01-08 18:24:09 - [TEST_STEP][PASSED] - Statement - eighteenYrsBeforeThisYr = eighteenYrsAgo.toString(): null

2019-01-08 18:24:09 - [TEST_STEP][PASSED] - Statement - EighteenYrsBefore = eighteenYrsBeforeThisYr: null

2019-01-08 18:24:09 - [TEST_STEP][PASSED] - Statement - fiftysevenYrsAgo = intCurrentYear - 57: null

2019-01-08 18:24:09 - [TEST_STEP][PASSED] - Statement - fiftysevenYrsBeforeThisYr = fiftysevenYrsAgo.toString(): null

2019-01-08 18:24:09 - [TEST_STEP][PASSED] - Statement - FiftysevenYrsBefore = fiftysevenYrsBeforeThisYr: null

2019-01-08 18:24:09 - [TEST_STEP][PASSED] - Statement - leapYear = false: null

2019-01-08 18:24:09 - [TEST_STEP][PASSED] - Statement - leapYear = intCurrentYear % 4 == 0: null

2019-01-08 18:24:09 - [TEST_STEP][PASSED] - Statement - CurrentDateNoFilter.applyPattern("dd"): null

2019-01-08 18:24:09 - [TEST_STEP][PASSED] - Statement - CurrentDate = CurrentDateNoFilter.format(TodayDate): null

2019-01-08 18:24:09 - [TEST_STEP][PASSED] - Statement - CurrentDate = java.lang.Integer.parseInt(CurrentDate): null

2019-01-08 18:24:09 - [TEST_STEP][PASSED] - Statement - CurrentDate = CurrentDate: null

2019-01-08 18:24:09 - [TEST_STEP][PASSED] - Statement - CurrentDay = java.lang.Integer.parseInt(CurrentDate): null

2019-01-08 18:24:09 - [TEST_STEP][PASSED] - Statement - ConfAdder = <not implemented yet for class: org.codehaus.groovy.ast.expr.EmptyExpression>: null

2019-01-08 18:24:09 - [TEST_STEP][PASSED] - Statement - out.println(CurrentMonth): null

2019-01-08 18:24:09 - [TEST_STEP][PASSED] - Statement - out.println(CurrentDate): null

2019-01-08 18:24:09 - [TEST_STEP][PASSED] - Statement - switch (CurrentDate): null

2019-01-08 18:24:09 - [TEST_STEP][PASSED] - Statement - Default: null

2019-01-08 18:24:09 - [TEST_STEP][PASSED] - Statement - ConfAdder = true: null

2019-01-08 18:24:09 - [TEST_STEP][PASSED] - Statement - Break: null

2019-01-08 18:24:09 - [TEST_STEP][PASSED] - Statement - aDayBefore = <not implemented yet for class: org.codehaus.groovy.ast.expr.EmptyExpression>: null

2019-01-08 18:24:09 - [TEST_STEP][PASSED] - Statement - out.println(ConfAdder): null

2019-01-08 18:24:09 - [TEST_STEP][PASSED] - Statement - If (ConfAdder == true): null

2019-01-08 18:24:09 - [TEST_STEP][PASSED] - Statement - aDayBefore = CurrentDay + 1: null

2019-01-08 18:24:09 - [TEST_STEP][PASSED] - Statement - out.println(aDayBefore): null

2019-01-08 18:24:09 - [TEST_STEP][PASSED] - Statement - If (aDayBefore == 1 && CurrentMonth == 11): null

2019-01-08 18:24:09 - [TEST_STEP][PASSED] - Statement - DayBefore = aDayBefore.toString(): null

2019-01-08 18:24:09 - [TEST_STEP][PASSED] - Statement - OneDayBefore = DayBefore: null

2019-01-08 18:24:09 - [MESSAGE][PASSED] - Call Test Case 'Test Cases/Final Aug 2018 - PKS Automation/Registration Module/New Registration/Form 2/Date Updater' successfully

2019-01-08 18:24:09 - [TEST_STEP][PASSED] - delay: Delayed 1 second(s)

2019-01-08 18:24:10 - [MESSAGE][PASSED] - Delayed 1 second(s)

2019-01-08 18:24:10 - [TEST_STEP][PASSED] - Statement - CaseReferenceNo = com.kms.katalon.core.webui.keyword.WebUiBuiltInKeywords.getText(com.kms.katalon.core.testobject.ObjectRepository.findTestObject(Final Object Repo/New Registration - Registration Module Pages/Form 2/RefNo Acquiring)): Text of object 'Object Repository/Final Object Repo/New Registration - Registration Module Pages/Form 2/RefNo Acquiring' is: 'CRN01201900123649'

2019-01-08 18:24:10 - [MESSAGE][PASSED] - Text of object 'Object Repository/Final Object Repo/New Registration - Registration Module Pages/Form 2/RefNo Acquiring' is: 'CRN01201900123649'

2019-01-08 18:24:10 - [TEST_STEP][PASSED] - delay: Delayed 1 second(s)

2019-01-08 18:24:11 - [MESSAGE][PASSED] - Delayed 1 second(s)

2019-01-08 18:24:11 - [TEST_STEP][PASSED] - click: Object: 'Object Repository/Final Object Repo/New Registration - Registration Module Pages/Form 2/Add Employee Button' is clicked on

2019-01-08 18:24:11 - [MESSAGE][PASSED] - Object: 'Object Repository/Final Object Repo/New Registration - Registration Module Pages/Form 2/Add Employee Button' is clicked on

2019-01-08 18:24:11 - [TEST_STEP][PASSED] - delay: Delayed 4 second(s)

2019-01-08 18:24:15 - [MESSAGE][PASSED] - Delayed 4 second(s)

2019-01-08 18:24:15 - [TEST_STEP][PASSED] - setText: Text '010903091927' is set on object 'Object Repository/Final Object Repo/New Registration - Registration Module Pages/Form 2/NRIC Input'

2019-01-08 18:24:15 - [MESSAGE][PASSED] - Text '010903091927' is set on object 'Object Repository/Final Object Repo/New Registration - Registration Module Pages/Form 2/NRIC Input'

2019-01-08 18:24:15 - [TEST_STEP][PASSED] - click: Object: 'Object Repository/Final Object Repo/New Registration - Registration Module Pages/Form 2/button for search for IC' is clicked on

2019-01-08 18:24:15 - [MESSAGE][PASSED] - Object: 'Object Repository/Final Object Repo/New Registration - Registration Module Pages/Form 2/button for search for IC' is clicked on

2019-01-08 18:24:15 - [TEST_STEP][PASSED] - delay: Delayed 2 second(s)

2019-01-08 18:24:17 - [MESSAGE][PASSED] - Delayed 2 second(s)

2019-01-08 18:24:17 - [TEST_STEP][PASSED] - setText: Text 'Automate001 eligible 1' is set on object 'Object Repository/Final Object Repo/New Registration - Registration Module Pages/Form 2/Employee Name Input'

2019-01-08 18:24:18 - [MESSAGE][PASSED] - Text 'Automate001 eligible 1' is set on object 'Object Repository/Final Object Repo/New Registration - Registration Module Pages/Form 2/Employee Name Input'

2019-01-08 18:24:18 - [TEST_STEP][PASSED] - delay: Delayed 2 second(s)

2019-01-08 18:24:20 - [MESSAGE][PASSED] - Delayed 2 second(s)

2019-01-08 18:24:20 - [TEST_STEP][PASSED] - click: Object: 'Object Repository/Final Object Repo/New Registration - Registration Module Pages/Form 2/DatePicker Pop Up' is clicked on

2019-01-08 18:24:20 - [MESSAGE][PASSED] - Object: 'Object Repository/Final Object Repo/New Registration - Registration Module Pages/Form 2/DatePicker Pop Up' is clicked on

2019-01-08 18:24:20 - [TEST_STEP][PASSED] - click: Object: 'Object Repository/Final Object Repo/New Registration - Registration Module Pages/Form 2/DOB Month' is clicked on

2019-01-08 18:24:20 - [MESSAGE][PASSED] - Object: 'Object Repository/Final Object Repo/New Registration - Registration Module Pages/Form 2/DOB Month' is clicked on

2019-01-08 18:24:20 - [TEST_STEP][PASSED] - Statement - CurrentMonth = CurrentMonth: null

2019-01-08 18:24:20 - [TEST_STEP][PASSED] - Statement - selectMonth = new com.kms.katalon.core.testobject.TestObject(): null

2019-01-08 18:24:20 - [TEST_STEP][PASSED] - Statement - selectMonth.addProperty("xpath", EQUALS, "//body/div/div/div/select/option[@value='" + CurrentMonth + "']", true): null

2019-01-08 18:24:20 - [TEST_STEP][PASSED] - click: Object: '' is clicked on

2019-01-08 18:24:20 - [MESSAGE][PASSED] - Object: '' is clicked on

2019-01-08 18:24:20 - [TEST_STEP][PASSED] - click: Object: 'Object Repository/Final Object Repo/New Registration - Registration Module Pages/Form 2/DOB Year' is clicked on

2019-01-08 18:24:21 - [MESSAGE][PASSED] - Object: 'Object Repository/Final Object Repo/New Registration - Registration Module Pages/Form 2/DOB Year' is clicked on

2019-01-08 18:24:21 - [TEST_STEP][PASSED] - Statement - Eyearsbf = EighteenYrsBefore: null

2019-01-08 18:24:21 - [TEST_STEP][PASSED] - Statement - selectYear = new com.kms.katalon.core.testobject.TestObject(): null

2019-01-08 18:24:21 - [TEST_STEP][PASSED] - Statement - selectYear.addProperty("xpath", EQUALS, "//div/div/div/select/option[@value='" + Eyearsbf + "']", true): null

2019-01-08 18:24:21 - [TEST_STEP][PASSED] - click: Object: '' is clicked on

2019-01-08 18:24:21 - [MESSAGE][PASSED] - Object: '' is clicked on

2019-01-08 18:24:21 - [TEST_STEP][PASSED] - Statement - UpdatedSelectDate = com.kms.katalon.core.webui.keyword.WebUiBuiltInKeywords.modifyObjectProperty(com.kms.katalon.core.testobject.ObjectRepository.findTestObject(Final Object Repo/New Registration - Registration Module Pages/Form 2/DOB Date), "xpath", "equals", "//body/div/table/tbody/tr/td/a[text()="" + CurrentDate + ""]", true): Modify property of object successfully

2019-01-08 18:24:21 - [MESSAGE][PASSED] - Modify property of object successfully

2019-01-08 18:24:21 - [TEST_STEP][PASSED] - delay: Delayed 3 second(s)

2019-01-08 18:24:24 - [MESSAGE][PASSED] - Delayed 3 second(s)

2019-01-08 18:24:24 - [TEST_STEP][PASSED] - click: Object: 'Object Repository/Final Object Repo/New Registration - Registration Module Pages/Form 2/DOB Date' is clicked on

2019-01-08 18:24:24 - [MESSAGE][PASSED] - Object: 'Object Repository/Final Object Repo/New Registration - Registration Module Pages/Form 2/DOB Date' is clicked on

2019-01-08 18:24:24 - [TEST_STEP][PASSED] - delay: Delayed 2 second(s)

2019-01-08 18:24:26 - [MESSAGE][PASSED] - Delayed 2 second(s)

2019-01-08 18:24:26 - [TEST_STEP][PASSED] - click: Object: 'Object Repository/Final Object Repo/New Registration - Registration Module Pages/Form 2/EmploymentStartDate Pop Up' is clicked on

2019-01-08 18:24:26 - [MESSAGE][PASSED] - Object: 'Object Repository/Final Object Repo/New Registration - Registration Module Pages/Form 2/EmploymentStartDate Pop Up' is clicked on

2019-01-08 18:24:26 - [TEST_STEP][PASSED] - delay: Delayed 2 second(s)

2019-01-08 18:24:28 - [MESSAGE][PASSED] - Delayed 2 second(s)

2019-01-08 18:24:28 - [TEST_STEP][PASSED] - click: Object: 'Object Repository/Final Object Repo/New Registration - Registration Module Pages/Form 2/Socso Employment StartDate Month' is clicked on

2019-01-08 18:24:28 - [MESSAGE][PASSED] - Object: 'Object Repository/Final Object Repo/New Registration - Registration Module Pages/Form 2/Socso Employment StartDate Month' is clicked on

2019-01-08 18:24:28 - [TEST_STEP][PASSED] - delay: Delayed 1 second(s)

2019-01-08 18:24:29 - [MESSAGE][PASSED] - Delayed 1 second(s)

2019-01-08 18:24:29 - [TEST_STEP][PASSED] - click: Object: 'Object Repository/Final Object Repo/New Registration - Registration Module Pages/Form 2/Select Socso Employement Startdate Month' is clicked on

2019-01-08 18:24:29 - [MESSAGE][PASSED] - Object: 'Object Repository/Final Object Repo/New Registration - Registration Module Pages/Form 2/Select Socso Employement Startdate Month' is clicked on

2019-01-08 18:24:29 - [TEST_STEP][PASSED] - delay: Delayed 2 second(s)

2019-01-08 18:24:31 - [MESSAGE][PASSED] - Delayed 2 second(s)

2019-01-08 18:24:31 - [TEST_STEP][PASSED] - click: Object: 'Object Repository/Final Object Repo/New Registration - Registration Module Pages/Form 2/Socso Employment StartDate Year' is clicked on

2019-01-08 18:24:31 - [MESSAGE][PASSED] - Object: 'Object Repository/Final Object Repo/New Registration - Registration Module Pages/Form 2/Socso Employment StartDate Year' is clicked on

2019-01-08 18:24:31 - [TEST_STEP][PASSED] - delay: Delayed 1 second(s)

2019-01-08 18:24:32 - [MESSAGE][PASSED] - Delayed 1 second(s)

2019-01-08 18:24:32 - [TEST_STEP][PASSED] - click: Object: 'Object Repository/Final Object Repo/New Registration - Registration Module Pages/Form 2/Select Socso Employment Startdate Year' is clicked on

2019-01-08 18:24:33 - [MESSAGE][PASSED] - Object: 'Object Repository/Final Object Repo/New Registration - Registration Module Pages/Form 2/Select Socso Employment Startdate Year' is clicked on

2019-01-08 18:24:33 - [TEST_STEP][PASSED] - delay: Delayed 2 second(s)

2019-01-08 18:24:35 - [MESSAGE][PASSED] - Delayed 2 second(s)

2019-01-08 18:24:35 - [TEST_STEP][PASSED] - click: Object: 'Object Repository/Final Object Repo/New Registration - Registration Module Pages/Form 2/Socso Employment Start Date Day' is clicked on

2019-01-08 18:24:35 - [MESSAGE][PASSED] - Object: 'Object Repository/Final Object Repo/New Registration - Registration Module Pages/Form 2/Socso Employment Start Date Day' is clicked on

2019-01-08 18:24:35 - [TEST_STEP][PASSED] - delay: Delayed 2 second(s)

2019-01-08 18:24:37 - [MESSAGE][PASSED] - Delayed 2 second(s)

2019-01-08 18:24:37 - [TEST_STEP][PASSED] - click: Object: 'Object Repository/Final Object Repo/New Registration - Registration Module Pages/Form 2/Save Button for Add Employee' is clicked on

2019-01-08 18:24:37 - [MESSAGE][PASSED] - Object: 'Object Repository/Final Object Repo/New Registration - Registration Module Pages/Form 2/Save Button for Add Employee' is clicked on

2019-01-08 18:24:37 - [TEST_STEP][PASSED] - delay: Delayed 6 second(s)

2019-01-08 18:24:43 - [MESSAGE][PASSED] - Delayed 6 second(s)

2019-01-08 18:24:43 - [TEST_STEP][PASSED] - click: Object: 'Object Repository/Final Object Repo/New Registration - Registration Module Pages/Form 2/Add Employee Button' is clicked on

2019-01-08 18:24:43 - [MESSAGE][PASSED] - Object: 'Object Repository/Final Object Repo/New Registration - Registration Module Pages/Form 2/Add Employee Button' is clicked on

2019-01-08 18:24:43 - [TEST_STEP][PASSED] - delay: Delayed 4 second(s)

2019-01-08 18:24:47 - [MESSAGE][PASSED] - Delayed 4 second(s)

2019-01-08 18:24:47 - [TEST_STEP][PASSED] - setText: Text '620904059691' is set on object 'Object Repository/Final Object Repo/New Registration - Registration Module Pages/Form 2/NRIC Input'

2019-01-08 18:24:47 - [MESSAGE][PASSED] - Text '620904059691' is set on object 'Object Repository/Final Object Repo/New Registration - Registration Module Pages/Form 2/NRIC Input'

2019-01-08 18:24:47 - [TEST_STEP][PASSED] - click: Object: 'Object Repository/Final Object Repo/New Registration - Registration Module Pages/Form 2/button for search for IC' is clicked on

2019-01-08 18:24:48 - [MESSAGE][PASSED] - Object: 'Object Repository/Final Object Repo/New Registration - Registration Module Pages/Form 2/button for search for IC' is clicked on

2019-01-08 18:24:48 - [TEST_STEP][PASSED] - delay: Delayed 2 second(s)

2019-01-08 18:24:50 - [MESSAGE][PASSED] - Delayed 2 second(s)

2019-01-08 18:24:50 - [TEST_STEP][PASSED] - setText: Text 'Automate001 eligible 2' is set on object 'Object Repository/Final Object Repo/New Registration - Registration Module Pages/Form 2/Employee Name Input'

2019-01-08 18:24:50 - [MESSAGE][PASSED] - Text 'Automate001 eligible 2' is set on object 'Object Repository/Final Object Repo/New Registration - Registration Module Pages/Form 2/Employee Name Input'

2019-01-08 18:24:50 - [TEST_STEP][PASSED] - delay: Delayed 2 second(s)

2019-01-08 18:24:52 - [MESSAGE][PASSED] - Delayed 2 second(s)

2019-01-08 18:24:52 - [TEST_STEP][PASSED] - click: Object: 'Object Repository/Final Object Repo/New Registration - Registration Module Pages/Form 2/DatePicker Pop Up' is clicked on

2019-01-08 18:24:52 - [MESSAGE][PASSED] - Object: 'Object Repository/Final Object Repo/New Registration - Registration Module Pages/Form 2/DatePicker Pop Up' is clicked on

2019-01-08 18:24:52 - [TEST_STEP][PASSED] - delay: Delayed 2 second(s)

2019-01-08 18:24:54 - [MESSAGE][PASSED] - Delayed 2 second(s)

2019-01-08 18:24:54 - [TEST_STEP][PASSED] - click: Object: 'Object Repository/Final Object Repo/New Registration - Registration Module Pages/Form 2/DOB Month' is clicked on

2019-01-08 18:24:55 - [MESSAGE][PASSED] - Object: 'Object Repository/Final Object Repo/New Registration - Registration Module Pages/Form 2/DOB Month' is clicked on

2019-01-08 18:24:55 - [TEST_STEP][PASSED] - Statement - selectMonth = com.kms.katalon.core.webui.keyword.WebUiBuiltInKeywords.modifyObjectProperty(selectMonth, "xpath", "equals", "//body/div/div/div/select/option[@value="" + CurrentMonth + ""]", true): Modify property of object successfully

2019-01-08 18:24:55 - [MESSAGE][PASSED] - Modify property of object successfully

2019-01-08 18:24:55 - [TEST_STEP][PASSED] - click: Object: '' is clicked on

2019-01-08 18:24:55 - [MESSAGE][PASSED] - Object: '' is clicked on

2019-01-08 18:24:55 - [TEST_STEP][PASSED] - click: Object: 'Object Repository/Final Object Repo/New Registration - Registration Module Pages/Form 2/DOB Year' is clicked on

2019-01-08 18:24:55 - [MESSAGE][PASSED] - Object: 'Object Repository/Final Object Repo/New Registration - Registration Module Pages/Form 2/DOB Year' is clicked on

2019-01-08 18:24:55 - [TEST_STEP][PASSED] - Statement - selectYear = com.kms.katalon.core.webui.keyword.WebUiBuiltInKeywords.modifyObjectProperty(selectYear, "xpath", "equals", "//div/div/div/select/option[@value="" + FiftysevenYrsBefore + ""]", true): Modify property of object successfully

2019-01-08 18:24:55 - [MESSAGE][PASSED] - Modify property of object successfully

2019-01-08 18:24:55 - [TEST_STEP][PASSED] - click: Object: '' is clicked on

2019-01-08 18:24:55 - [MESSAGE][PASSED] - Object: '' is clicked on

2019-01-08 18:24:55 - [TEST_STEP][PASSED] - Statement - UpdatedSelectDate = com.kms.katalon.core.webui.keyword.WebUiBuiltInKeywords.modifyObjectProperty(com.kms.katalon.core.testobject.ObjectRepository.findTestObject(Final Object Repo/New Registration - Registration Module Pages/Form 2/DOB Date), "xpath", "equals", "//body/div/table/tbody/tr/td/a[text()="" + OneDayBefore + ""]", true): Modify property of object successfully

2019-01-08 18:24:55 - [MESSAGE][PASSED] - Modify property of object successfully

2019-01-08 18:24:55 - [TEST_STEP][PASSED] - click: Object: 'Object Repository/Final Object Repo/New Registration - Registration Module Pages/Form 2/DOB Date' is clicked on

2019-01-08 18:24:55 - [MESSAGE][PASSED] - Object: 'Object Repository/Final Object Repo/New Registration - Registration Module Pages/Form 2/DOB Date' is clicked on

2019-01-08 18:24:55 - [TEST_STEP][PASSED] - delay: Delayed 2 second(s)

2019-01-08 18:24:57 - [MESSAGE][PASSED] - Delayed 2 second(s)

2019-01-08 18:24:57 - [TEST_STEP][PASSED] - click: Object: 'Object Repository/Final Object Repo/New Registration - Registration Module Pages/Form 2/EmploymentStartDate Pop Up' is clicked on

2019-01-08 18:24:57 - [MESSAGE][PASSED] - Object: 'Object Repository/Final Object Repo/New Registration - Registration Module Pages/Form 2/EmploymentStartDate Pop Up' is clicked on

2019-01-08 18:24:57 - [TEST_STEP][PASSED] - delay: Delayed 2 second(s)

2019-01-08 18:24:59 - [MESSAGE][PASSED] - Delayed 2 second(s)

2019-01-08 18:24:59 - [TEST_STEP][PASSED] - click: Object: 'Object Repository/Final Object Repo/New Registration - Registration Module Pages/Form 2/Socso Employment StartDate Month' is clicked on

2019-01-08 18:24:59 - [MESSAGE][PASSED] - Object: 'Object Repository/Final Object Repo/New Registration - Registration Module Pages/Form 2/Socso Employment StartDate Month' is clicked on

2019-01-08 18:24:59 - [TEST_STEP][PASSED] - delay: Delayed 1 second(s)

2019-01-08 18:25:00 - [MESSAGE][PASSED] - Delayed 1 second(s)

2019-01-08 18:25:00 - [TEST_STEP][PASSED] - click: Object: 'Object Repository/Final Object Repo/New Registration - Registration Module Pages/Form 2/Select Socso Employement Startdate Month' is clicked on

2019-01-08 18:25:01 - [MESSAGE][PASSED] - Object: 'Object Repository/Final Object Repo/New Registration - Registration Module Pages/Form 2/Select Socso Employement Startdate Month' is clicked on

2019-01-08 18:25:01 - [TEST_STEP][PASSED] - delay: Delayed 2 second(s)

2019-01-08 18:25:03 - [MESSAGE][PASSED] - Delayed 2 second(s)

2019-01-08 18:25:03 - [TEST_STEP][PASSED] - click: Object: 'Object Repository/Final Object Repo/New Registration - Registration Module Pages/Form 2/Socso Employment StartDate Year' is clicked on

2019-01-08 18:25:03 - [MESSAGE][PASSED] - Object: 'Object Repository/Final Object Repo/New Registration - Registration Module Pages/Form 2/Socso Employment StartDate Year' is clicked on

2019-01-08 18:25:03 - [TEST_STEP][PASSED] - delay: Delayed 1 second(s)

2019-01-08 18:25:04 - [MESSAGE][PASSED] - Delayed 1 second(s)

2019-01-08 18:25:04 - [TEST_STEP][PASSED] - click: Object: 'Object Repository/Final Object Repo/New Registration - Registration Module Pages/Form 2/Select Socso Employment Startdate Year' is clicked on

2019-01-08 18:25:04 - [MESSAGE][PASSED] - Object: 'Object Repository/Final Object Repo/New Registration - Registration Module Pages/Form 2/Select Socso Employment Startdate Year' is clicked on

2019-01-08 18:25:04 - [TEST_STEP][PASSED] - delay: Delayed 2 second(s)

2019-01-08 18:25:06 - [MESSAGE][PASSED] - Delayed 2 second(s)

2019-01-08 18:25:06 - [TEST_STEP][PASSED] - click: Object: 'Object Repository/Final Object Repo/New Registration - Registration Module Pages/Form 2/Socso Employment Start Date Day' is clicked on

2019-01-08 18:25:06 - [MESSAGE][PASSED] - Object: 'Object Repository/Final Object Repo/New Registration - Registration Module Pages/Form 2/Socso Employment Start Date Day' is clicked on

2019-01-08 18:25:06 - [TEST_STEP][PASSED] - delay: Delayed 2 second(s)

2019-01-08 18:25:08 - [MESSAGE][PASSED] - Delayed 2 second(s)

2019-01-08 18:25:08 - [TEST_STEP][PASSED] - click: Object: 'Object Repository/Final Object Repo/New Registration - Registration Module Pages/Form 2/Save Button for Add Employee' is clicked on

2019-01-08 18:25:08 - [MESSAGE][PASSED] - Object: 'Object Repository/Final Object Repo/New Registration - Registration Module Pages/Form 2/Save Button for Add Employee' is clicked on

2019-01-08 18:25:08 - [TEST_STEP][PASSED] - delay: Delayed 4 second(s)

2019-01-08 18:25:12 - [MESSAGE][PASSED] - Delayed 4 second(s)

2019-01-08 18:25:12 - [TEST_STEP][PASSED] - delay: Delayed 30 second(s)

2019-01-08 18:25:42 - [MESSAGE][PASSED] - Delayed 30 second(s)

2019-01-08 18:25:42 - [TEST_STEP][PASSED] - click: Object: 'Object Repository/Final Object Repo/New Registration - Registration Module Pages/Form 2/Add Employee Button' is clicked on

2019-01-08 18:25:42 - [MESSAGE][PASSED] - Object: 'Object Repository/Final Object Repo/New Registration - Registration Module Pages/Form 2/Add Employee Button' is clicked on

2019-01-08 18:25:42 - [TEST_STEP][PASSED] - delay: Delayed 4 second(s)

2019-01-08 18:25:46 - [MESSAGE][PASSED] - Delayed 4 second(s)

2019-01-08 18:25:46 - [TEST_STEP][PASSED] - setText: Text '000209039145' is set on object 'Object Repository/Final Object Repo/New Registration - Registration Module Pages/Form 2/NRIC Input'

2019-01-08 18:25:47 - [MESSAGE][PASSED] - Text '000209039145' is set on object 'Object Repository/Final Object Repo/New Registration - Registration Module Pages/Form 2/NRIC Input'

2019-01-08 18:25:47 - [TEST_STEP][PASSED] - click: Object: 'Object Repository/Final Object Repo/New Registration - Registration Module Pages/Form 2/button for search for IC' is clicked on

2019-01-08 18:25:47 - [MESSAGE][PASSED] - Object: 'Object Repository/Final Object Repo/New Registration - Registration Module Pages/Form 2/button for search for IC' is clicked on

2019-01-08 18:25:47 - [TEST_STEP][PASSED] - delay: Delayed 2 second(s)

2019-01-08 18:25:49 - [MESSAGE][PASSED] - Delayed 2 second(s)

2019-01-08 18:25:49 - [TEST_STEP][PASSED] - setText: Text 'Automate001 not eligible 1' is set on object 'Object Repository/Final Object Repo/New Registration - Registration Module Pages/Form 2/Employee Name Input'

2019-01-08 18:25:49 - [MESSAGE][PASSED] - Text 'Automate001 not eligible 1' is set on object 'Object Repository/Final Object Repo/New Registration - Registration Module Pages/Form 2/Employee Name Input'

2019-01-08 18:25:49 - [TEST_STEP][PASSED] - delay: Delayed 2 second(s)

2019-01-08 18:25:51 - [MESSAGE][PASSED] - Delayed 2 second(s)

2019-01-08 18:25:51 - [TEST_STEP][PASSED] - click: Object: 'Object Repository/Final Object Repo/New Registration - Registration Module Pages/Form 2/DatePicker Pop Up' is clicked on

2019-01-08 18:25:52 - [MESSAGE][PASSED] - Object: 'Object Repository/Final Object Repo/New Registration - Registration Module Pages/Form 2/DatePicker Pop Up' is clicked on

2019-01-08 18:25:52 - [TEST_STEP][PASSED] - delay: Delayed 2 second(s)

2019-01-08 18:25:54 - [MESSAGE][PASSED] - Delayed 2 second(s)

2019-01-08 18:25:54 - [TEST_STEP][PASSED] - click: Object: 'Object Repository/Final Object Repo/New Registration - Registration Module Pages/Form 2/DOB Month' is clicked on

2019-01-08 18:25:54 - [MESSAGE][PASSED] - Object: 'Object Repository/Final Object Repo/New Registration - Registration Module Pages/Form 2/DOB Month' is clicked on

2019-01-08 18:25:54 - [TEST_STEP][PASSED] - Statement - selectMonth = com.kms.katalon.core.webui.keyword.WebUiBuiltInKeywords.modifyObjectProperty(selectMonth, "xpath", "equals", "//body/div/div/div/select/option[@value="" + CurrentMonth + ""]", true): Modify property of object successfully

2019-01-08 18:25:54 - [MESSAGE][PASSED] - Modify property of object successfully

2019-01-08 18:25:54 - [TEST_STEP][PASSED] - click: Object: '' is clicked on

2019-01-08 18:25:54 - [MESSAGE][PASSED] - Object: '' is clicked on

2019-01-08 18:25:54 - [TEST_STEP][PASSED] - click: Object: 'Object Repository/Final Object Repo/New Registration - Registration Module Pages/Form 2/DOB Year' is clicked on

2019-01-08 18:25:54 - [MESSAGE][PASSED] - Object: 'Object Repository/Final Object Repo/New Registration - Registration Module Pages/Form 2/DOB Year' is clicked on

2019-01-08 18:25:54 - [TEST_STEP][PASSED] - Statement - selectYear = com.kms.katalon.core.webui.keyword.WebUiBuiltInKeywords.modifyObjectProperty(selectYear, "xpath", "equals", "//div/div/div/select/option[@value="" + EighteenYrsBefore + ""]", true): Modify property of object successfully

2019-01-08 18:25:54 - [MESSAGE][PASSED] - Modify property of object successfully

2019-01-08 18:25:54 - [TEST_STEP][PASSED] - click: Object: '' is clicked on

2019-01-08 18:25:54 - [MESSAGE][PASSED] - Object: '' is clicked on

2019-01-08 18:25:54 - [TEST_STEP][PASSED] - Statement - UpdatedSelectDate = com.kms.katalon.core.webui.keyword.WebUiBuiltInKeywords.modifyObjectProperty(com.kms.katalon.core.testobject.ObjectRepository.findTestObject(Final Object Repo/New Registration - Registration Module Pages/Form 2/DOB Date), "xpath", "equals", "//body/div/table/tbody/tr/td/a[text()="" + OneDayBefore + ""]", true): Modify property of object successfully

2019-01-08 18:25:54 - [MESSAGE][PASSED] - Modify property of object successfully

2019-01-08 18:25:54 - [TEST_STEP][PASSED] - click: Object: 'Object Repository/Final Object Repo/New Registration - Registration Module Pages/Form 2/DOB Date' is clicked on

2019-01-08 18:25:54 - [MESSAGE][PASSED] - Object: 'Object Repository/Final Object Repo/New Registration - Registration Module Pages/Form 2/DOB Date' is clicked on

2019-01-08 18:25:54 - [TEST_STEP][PASSED] - delay: Delayed 2 second(s)

2019-01-08 18:25:56 - [MESSAGE][PASSED] - Delayed 2 second(s)

2019-01-08 18:25:56 - [TEST_STEP][PASSED] - click: Object: 'Object Repository/Final Object Repo/New Registration - Registration Module Pages/Form 2/EmploymentStartDate Pop Up' is clicked on

2019-01-08 18:25:57 - [MESSAGE][PASSED] - Object: 'Object Repository/Final Object Repo/New Registration - Registration Module Pages/Form 2/EmploymentStartDate Pop Up' is clicked on

2019-01-08 18:25:57 - [TEST_STEP][PASSED] - delay: Delayed 2 second(s)

2019-01-08 18:25:59 - [MESSAGE][PASSED] - Delayed 2 second(s)

2019-01-08 18:25:59 - [TEST_STEP][PASSED] - click: Object: 'Object Repository/Final Object Repo/New Registration - Registration Module Pages/Form 2/Socso Employment StartDate Month' is clicked on

2019-01-08 18:25:59 - [MESSAGE][PASSED] - Object: 'Object Repository/Final Object Repo/New Registration - Registration Module Pages/Form 2/Socso Employment StartDate Month' is clicked on

2019-01-08 18:25:59 - [TEST_STEP][PASSED] - delay: Delayed 1 second(s)

2019-01-08 18:26:00 - [MESSAGE][PASSED] - Delayed 1 second(s)

2019-01-08 18:26:00 - [TEST_STEP][PASSED] - click: Object: 'Object Repository/Final Object Repo/New Registration - Registration Module Pages/Form 2/Select Socso Employement Startdate Month' is clicked on

2019-01-08 18:26:00 - [MESSAGE][PASSED] - Object: 'Object Repository/Final Object Repo/New Registration - Registration Module Pages/Form 2/Select Socso Employement Startdate Month' is clicked on

2019-01-08 18:26:00 - [TEST_STEP][PASSED] - delay: Delayed 2 second(s)

2019-01-08 18:26:02 - [MESSAGE][PASSED] - Delayed 2 second(s)

2019-01-08 18:26:02 - [TEST_STEP][PASSED] - click: Object: 'Object Repository/Final Object Repo/New Registration - Registration Module Pages/Form 2/Socso Employment StartDate Year' is clicked on

2019-01-08 18:26:02 - [MESSAGE][PASSED] - Object: 'Object Repository/Final Object Repo/New Registration - Registration Module Pages/Form 2/Socso Employment StartDate Year' is clicked on

2019-01-08 18:26:02 - [TEST_STEP][PASSED] - delay: Delayed 1 second(s)

2019-01-08 18:26:03 - [MESSAGE][PASSED] - Delayed 1 second(s)

2019-01-08 18:26:03 - [TEST_STEP][PASSED] - click: Object: 'Object Repository/Final Object Repo/New Registration - Registration Module Pages/Form 2/Select Socso Employment Startdate Year' is clicked on

2019-01-08 18:26:03 - [MESSAGE][PASSED] - Object: 'Object Repository/Final Object Repo/New Registration - Registration Module Pages/Form 2/Select Socso Employment Startdate Year' is clicked on

2019-01-08 18:26:03 - [TEST_STEP][PASSED] - delay: Delayed 2 second(s)

2019-01-08 18:26:05 - [MESSAGE][PASSED] - Delayed 2 second(s)

2019-01-08 18:26:05 - [TEST_STEP][PASSED] - click: Object: 'Object Repository/Final Object Repo/New Registration - Registration Module Pages/Form 2/Socso Employment Start Date Day' is clicked on

2019-01-08 18:26:05 - [MESSAGE][PASSED] - Object: 'Object Repository/Final Object Repo/New Registration - Registration Module Pages/Form 2/Socso Employment Start Date Day' is clicked on

2019-01-08 18:26:05 - [TEST_STEP][PASSED] - delay: Delayed 2 second(s)

2019-01-08 18:26:07 - [MESSAGE][PASSED] - Delayed 2 second(s)

2019-01-08 18:26:07 - [TEST_STEP][PASSED] - click: Object: 'Object Repository/Final Object Repo/New Registration - Registration Module Pages/Form 2/Save Button for Add Employee' is clicked on

2019-01-08 18:26:07 - [MESSAGE][PASSED] - Object: 'Object Repository/Final Object Repo/New Registration - Registration Module Pages/Form 2/Save Button for Add Employee' is clicked on

2019-01-08 18:26:07 - [TEST_STEP][PASSED] - delay: Delayed 6 second(s)

2019-01-08 18:26:13 - [MESSAGE][PASSED] - Delayed 6 second(s)

2019-01-08 18:26:13 - [TEST_STEP][PASSED] - click: Object: 'Object Repository/Final Object Repo/New Registration - Registration Module Pages/Form 2/Add Employee Button' is clicked on

2019-01-08 18:26:14 - [MESSAGE][PASSED] - Object: 'Object Repository/Final Object Repo/New Registration - Registration Module Pages/Form 2/Add Employee Button' is clicked on

2019-01-08 18:26:14 - [TEST_STEP][PASSED] - delay: Delayed 4 second(s)

2019-01-08 18:26:18 - [MESSAGE][PASSED] - Delayed 4 second(s)

2019-01-08 18:26:18 - [TEST_STEP][PASSED] - setText: Text '600203039154' is set on object 'Object Repository/Final Object Repo/New Registration - Registration Module Pages/Form 2/NRIC Input'

2019-01-08 18:26:18 - [MESSAGE][PASSED] - Text '600203039154' is set on object 'Object Repository/Final Object Repo/New Registration - Registration Module Pages/Form 2/NRIC Input'

2019-01-08 18:26:18 - [TEST_STEP][PASSED] - click: Object: 'Object Repository/Final Object Repo/New Registration - Registration Module Pages/Form 2/button for search for IC' is clicked on

2019-01-08 18:26:18 - [MESSAGE][PASSED] - Object: 'Object Repository/Final Object Repo/New Registration - Registration Module Pages/Form 2/button for search for IC' is clicked on

2019-01-08 18:26:18 - [TEST_STEP][PASSED] - delay: Delayed 2 second(s)

2019-01-08 18:26:20 - [MESSAGE][PASSED] - Delayed 2 second(s)

2019-01-08 18:26:20 - [TEST_STEP][PASSED] - setText: Text 'Automate001 not eligible 2' is set on object 'Object Repository/Final Object Repo/New Registration - Registration Module Pages/Form 2/Employee Name Input'

2019-01-08 18:26:21 - [MESSAGE][PASSED] - Text 'Automate001 not eligible 2' is set on object 'Object Repository/Final Object Repo/New Registration - Registration Module Pages/Form 2/Employee Name Input'

2019-01-08 18:26:21 - [TEST_STEP][PASSED] - delay: Delayed 2 second(s)

2019-01-08 18:26:23 - [MESSAGE][PASSED] - Delayed 2 second(s)

2019-01-08 18:26:23 - [TEST_STEP][PASSED] - click: Object: 'Object Repository/Final Object Repo/New Registration - Registration Module Pages/Form 2/DatePicker Pop Up' is clicked on

2019-01-08 18:26:23 - [MESSAGE][PASSED] - Object: 'Object Repository/Final Object Repo/New Registration - Registration Module Pages/Form 2/DatePicker Pop Up' is clicked on

2019-01-08 18:26:23 - [TEST_STEP][PASSED] - delay: Delayed 2 second(s)

2019-01-08 18:26:25 - [MESSAGE][PASSED] - Delayed 2 second(s)

2019-01-08 18:26:25 - [TEST_STEP][PASSED] - click: Object: 'Object Repository/Final Object Repo/New Registration - Registration Module Pages/Form 2/DOB Month' is clicked on

2019-01-08 18:26:25 - [MESSAGE][PASSED] - Object: 'Object Repository/Final Object Repo/New Registration - Registration Module Pages/Form 2/DOB Month' is clicked on

2019-01-08 18:26:25 - [TEST_STEP][PASSED] - Statement - selectMonth = com.kms.katalon.core.webui.keyword.WebUiBuiltInKeywords.modifyObjectProperty(selectMonth, "xpath", "equals", "//body/div/div/div/select/option[@value="" + CurrentMonth + ""]", true): Modify property of object successfully

2019-01-08 18:26:25 - [MESSAGE][PASSED] - Modify property of object successfully

2019-01-08 18:26:25 - [TEST_STEP][PASSED] - click: Object: '' is clicked on

2019-01-08 18:26:25 - [MESSAGE][PASSED] - Object: '' is clicked on

2019-01-08 18:26:25 - [TEST_STEP][PASSED] - click: Object: 'Object Repository/Final Object Repo/New Registration - Registration Module Pages/Form 2/DOB Year' is clicked on

2019-01-08 18:26:25 - [MESSAGE][PASSED] - Object: 'Object Repository/Final Object Repo/New Registration - Registration Module Pages/Form 2/DOB Year' is clicked on

2019-01-08 18:26:25 - [TEST_STEP][PASSED] - Statement - selectYear = com.kms.katalon.core.webui.keyword.WebUiBuiltInKeywords.modifyObjectProperty(selectYear, "xpath", "equals", "//div/div/div/select/option[@value="" + FiftysevenYrsBefore + ""]", true): Modify property of object successfully

2019-01-08 18:26:25 - [MESSAGE][PASSED] - Modify property of object successfully

2019-01-08 18:26:25 - [TEST_STEP][PASSED] - click: Object: '' is clicked on

2019-01-08 18:26:26 - [MESSAGE][PASSED] - Object: '' is clicked on

2019-01-08 18:26:26 - [TEST_STEP][PASSED] - Statement - UpdatedSelectDate = com.kms.katalon.core.webui.keyword.WebUiBuiltInKeywords.modifyObjectProperty(com.kms.katalon.core.testobject.ObjectRepository.findTestObject(Final Object Repo/New Registration - Registration Module Pages/Form 2/DOB Date), "xpath", "equals", "//body/div/table/tbody/tr/td/a[text()="" + CurrentDate + ""]", true): Modify property of object successfully

2019-01-08 18:26:26 - [MESSAGE][PASSED] - Modify property of object successfully

2019-01-08 18:26:26 - [TEST_STEP][PASSED] - click: Object: 'Object Repository/Final Object Repo/New Registration - Registration Module Pages/Form 2/DOB Date' is clicked on

2019-01-08 18:26:26 - [MESSAGE][PASSED] - Object: 'Object Repository/Final Object Repo/New Registration - Registration Module Pages/Form 2/DOB Date' is clicked on

2019-01-08 18:26:26 - [TEST_STEP][PASSED] - click: Object: 'Object Repository/Final Object Repo/New Registration - Registration Module Pages/Form 2/EmploymentStartDate Pop Up' is clicked on

2019-01-08 18:26:26 - [MESSAGE][PASSED] - Object: 'Object Repository/Final Object Repo/New Registration - Registration Module Pages/Form 2/EmploymentStartDate Pop Up' is clicked on

2019-01-08 18:26:26 - [TEST_STEP][PASSED] - delay: Delayed 2 second(s)

2019-01-08 18:26:28 - [MESSAGE][PASSED] - Delayed 2 second(s)

2019-01-08 18:26:28 - [TEST_STEP][PASSED] - click: Object: 'Object Repository/Final Object Repo/New Registration - Registration Module Pages/Form 2/Socso Employment StartDate Month' is clicked on

2019-01-08 18:26:28 - [MESSAGE][PASSED] - Object: 'Object Repository/Final Object Repo/New Registration - Registration Module Pages/Form 2/Socso Employment StartDate Month' is clicked on

2019-01-08 18:26:28 - [TEST_STEP][PASSED] - delay: Delayed 1 second(s)

2019-01-08 18:26:29 - [MESSAGE][PASSED] - Delayed 1 second(s)

2019-01-08 18:26:29 - [TEST_STEP][PASSED] - click: Object: 'Object Repository/Final Object Repo/New Registration - Registration Module Pages/Form 2/Select Socso Employement Startdate Month' is clicked on

2019-01-08 18:26:29 - [MESSAGE][PASSED] - Object: 'Object Repository/Final Object Repo/New Registration - Registration Module Pages/Form 2/Select Socso Employement Startdate Month' is clicked on

2019-01-08 18:26:29 - [TEST_STEP][PASSED] - delay: Delayed 2 second(s)

2019-01-08 18:26:31 - [MESSAGE][PASSED] - Delayed 2 second(s)

2019-01-08 18:26:31 - [TEST_STEP][PASSED] - click: Object: 'Object Repository/Final Object Repo/New Registration - Registration Module Pages/Form 2/Socso Employment StartDate Year' is clicked on

2019-01-08 18:26:31 - [MESSAGE][PASSED] - Object: 'Object Repository/Final Object Repo/New Registration - Registration Module Pages/Form 2/Socso Employment StartDate Year' is clicked on

2019-01-08 18:26:31 - [TEST_STEP][PASSED] - delay: Delayed 1 second(s)

2019-01-08 18:26:32 - [MESSAGE][PASSED] - Delayed 1 second(s)

2019-01-08 18:26:32 - [TEST_STEP][PASSED] - click: Object: 'Object Repository/Final Object Repo/New Registration - Registration Module Pages/Form 2/Select Socso Employment Startdate Year' is clicked on

2019-01-08 18:26:32 - [MESSAGE][PASSED] - Object: 'Object Repository/Final Object Repo/New Registration - Registration Module Pages/Form 2/Select Socso Employment Startdate Year' is clicked on

2019-01-08 18:26:32 - [TEST_STEP][PASSED] - delay: Delayed 2 second(s)

2019-01-08 18:26:34 - [MESSAGE][PASSED] - Delayed 2 second(s)

2019-01-08 18:26:34 - [TEST_STEP][PASSED] - click: Object: 'Object Repository/Final Object Repo/New Registration - Registration Module Pages/Form 2/Socso Employment Start Date Day' is clicked on

2019-01-08 18:26:35 - [MESSAGE][PASSED] - Object: 'Object Repository/Final Object Repo/New Registration - Registration Module Pages/Form 2/Socso Employment Start Date Day' is clicked on

2019-01-08 18:26:35 - [TEST_STEP][PASSED] - delay: Delayed 2 second(s)

2019-01-08 18:26:37 - [MESSAGE][PASSED] - Delayed 2 second(s)

2019-01-08 18:26:37 - [TEST_STEP][PASSED] - click: Object: 'Object Repository/Final Object Repo/New Registration - Registration Module Pages/Form 2/Save Button for Add Employee' is clicked on

2019-01-08 18:26:37 - [MESSAGE][PASSED] - Object: 'Object Repository/Final Object Repo/New Registration - Registration Module Pages/Form 2/Save Button for Add Employee' is clicked on

2019-01-08 18:26:37 - [TEST_STEP][PASSED] - delay: Delayed 2 second(s)

2019-01-08 18:26:39 - [MESSAGE][PASSED] - Delayed 2 second(s)

2019-01-08 18:26:39 - [TEST_STEP][PASSED] - click: Object: 'Object Repository/Final Object Repo/New Registration - Registration Module Pages/Form 2/Save and Continue Form 2' is clicked on

2019-01-08 18:26:39 - [MESSAGE][PASSED] - Object: 'Object Repository/Final Object Repo/New Registration - Registration Module Pages/Form 2/Save and Continue Form 2' is clicked on

2019-01-08 18:26:39 - [MESSAGE][PASSED] - Call Test Case 'Test Cases/Final Aug 2018 - PKS Automation/Registration Module/New Registration/Form 2/Add 2 Eligible 2 Not Eligible' successfully

2019-01-08 18:26:39 - [TEST_STEP][PASSED] - callTestCase: Call Test Case 'Test Cases/Final Aug 2018 - PKS Automation/Registration Module/New Registration/Flow of New Registration/Third Screen - Upload Supporting Doc - Preview' successfully

2019-01-08 18:26:39 - [TEST_CASE][PASSED] - Test Cases/Final Aug 2018 - PKS Automation/Registration Module/New Registration/Flow of New Registration/Third Screen - Upload Supporting Doc - Preview: Test Cases/Final Aug 2018 - PKS Automation/Registration Module/New Registration/Flow of New Registration/Third Screen - Upload Supporting Doc - Preview

2019-01-08 18:26:39 - [TEST_STEP][PASSED] - waitForPageLoad: Wait for page load successfully

2019-01-08 18:26:40 - [MESSAGE][PASSED] - Wait for page load successfully

2019-01-08 18:26:40 - [TEST_STEP][PASSED] - Statement - CaseReferenceNo = com.kms.katalon.core.webui.keyword.WebUiBuiltInKeywords.getText(com.kms.katalon.core.testobject.ObjectRepository.findTestObject(Final Object Repo/New Registration - Registration Module Pages/Third Screen - Upload Supporting Doc- Preview/RefNo Acquiring)): Text of object 'Object Repository/Final Object Repo/New Registration - Registration Module Pages/Third Screen - Upload Supporting Doc- Preview/RefNo Acquiring' is: 'CRN01201900123649'

2019-01-08 18:26:40 - [MESSAGE][PASSED] - Text of object 'Object Repository/Final Object Repo/New Registration - Registration Module Pages/Third Screen - Upload Supporting Doc- Preview/RefNo Acquiring' is: 'CRN01201900123649'

2019-01-08 18:26:40 - [TEST_STEP][PASSED] - delay: Delayed 2 second(s)

2019-01-08 18:26:42 - [MESSAGE][PASSED] - Delayed 2 second(s)

2019-01-08 18:26:42 - [TEST_STEP][PASSED] - callTestCase: Call Test Case 'Test Cases/Final Aug 2018 - PKS Automation/Common/Reference Number Setter' successfully

2019-01-08 18:26:42 - [TEST_CASE][PASSED] - Test Cases/Final Aug 2018 - PKS Automation/Common/Reference Number Setter: Test Cases/Final Aug 2018 - PKS Automation/Common/Reference Number Setter

2019-01-08 18:26:42 - [TEST_STEP][PASSED] - Statement - RefNoOldFile = new java.io.File(C://Users//Admin//Desktop//PKS//Automation Reference Point//KatalonReference.txt): null

2019-01-08 18:26:42 - [TEST_STEP][PASSED] - Statement - RefNoOldFile.delete(): null

2019-01-08 18:26:42 - [TEST_STEP][PASSED] - delay: Delayed 5 second(s)

2019-01-08 18:26:47 - [MESSAGE][PASSED] - Delayed 5 second(s)

2019-01-08 18:26:47 - [TEST_STEP][PASSED] - Statement - RefNo = new java.io.File(C://Users//Admin//Desktop//PKS//Automation Reference Point//KatalonReference.txt): null

2019-01-08 18:26:47 - [TEST_STEP][PASSED] - Statement - f2 = new java.io.FileWriter(RefNo, false): null

2019-01-08 18:26:47 - [TEST_STEP][PASSED] - Statement - f2.write(CaseReferenceNo): null

2019-01-08 18:26:47 - [TEST_STEP][PASSED] - Statement - f2.close(): null

2019-01-08 18:26:47 - [TEST_STEP][PASSED] - Statement - out.println("


" + CaseReferenceNo + "


"): null

2019-01-08 18:26:47 - [MESSAGE][PASSED] - Call Test Case 'Test Cases/Final Aug 2018 - PKS Automation/Common/Reference Number Setter' successfully

2019-01-08 18:26:47 - [TEST_STEP][PASSED] - waitForElementClickable: Object 'Object Repository/Final Object Repo/New Registration - Registration Module Pages/Third Screen - Upload Supporting Doc- Preview/Save n Continue in SIP Employee Listing Page' is clickable

2019-01-08 18:26:47 - [MESSAGE][PASSED] - Object 'Object Repository/Final Object Repo/New Registration - Registration Module Pages/Third Screen - Upload Supporting Doc- Preview/Save n Continue in SIP Employee Listing Page' is clickable

2019-01-08 18:26:47 - [TEST_STEP][PASSED] - click: Object: 'Object Repository/Final Object Repo/New Registration - Registration Module Pages/Third Screen - Upload Supporting Doc- Preview/Save n Continue in SIP Employee Listing Page' is clicked on

2019-01-08 18:26:52 - [MESSAGE][PASSED] - Object: 'Object Repository/Final Object Repo/New Registration - Registration Module Pages/Third Screen - Upload Supporting Doc- Preview/Save n Continue in SIP Employee Listing Page' is clicked on

2019-01-08 18:26:52 - [TEST_STEP][PASSED] - delay: Delayed 7 second(s)

2019-01-08 18:26:59 - [MESSAGE][PASSED] - Delayed 7 second(s)

2019-01-08 18:26:59 - [TEST_STEP][PASSED] - click: Object: 'Object Repository/Final Object Repo/New Registration - Registration Module Pages/Third Screen - Upload Supporting Doc- Preview/Add Document Button' is clicked on

2019-01-08 18:26:59 - [MESSAGE][PASSED] - Object: 'Object Repository/Final Object Repo/New Registration - Registration Module Pages/Third Screen - Upload Supporting Doc- Preview/Add Document Button' is clicked on

2019-01-08 18:26:59 - [TEST_STEP][PASSED] - delay: Delayed 30 second(s)

2019-01-08 18:27:29 - [MESSAGE][PASSED] - Delayed 30 second(s)

2019-01-08 18:27:29 - [TEST_STEP][PASSED] - click: Object: 'Object Repository/Final Object Repo/New Registration - Registration Module Pages/Third Screen - Upload Supporting Doc- Preview/Supporting Doc Please Select Drop Down' is clicked on

2019-01-08 18:27:30 - [MESSAGE][PASSED] - Object: 'Object Repository/Final Object Repo/New Registration - Registration Module Pages/Third Screen - Upload Supporting Doc- Preview/Supporting Doc Please Select Drop Down' is clicked on

2019-01-08 18:27:30 - [TEST_STEP][PASSED] - delay: Delayed 2 second(s)

2019-01-08 18:27:32 - [MESSAGE][PASSED] - Delayed 2 second(s)

2019-01-08 18:27:32 - [TEST_STEP][PASSED] - click: Object: 'Object Repository/Final Object Repo/New Registration - Registration Module Pages/Third Screen - Upload Supporting Doc- Preview/Select to Upload Form 1' is clicked on

2019-01-08 18:27:32 - [MESSAGE][PASSED] - Object: 'Object Repository/Final Object Repo/New Registration - Registration Module Pages/Third Screen - Upload Supporting Doc- Preview/Select to Upload Form 1' is clicked on

2019-01-08 18:27:32 - [TEST_STEP][PASSED] - delay: Delayed 2 second(s)

2019-01-08 18:27:34 - [MESSAGE][PASSED] - Delayed 2 second(s)

2019-01-08 18:27:34 - [TEST_STEP][PASSED] - uploadFile: File 'C:\Users\Public\Pictures\Sample Pictures\Koala.jpg' sent to object: 'Object Repository/Final Object Repo/New Registration - Registration Module Pages/Third Screen - Upload Supporting Doc- Preview/Upload File Adding'

2019-01-08 18:27:34 - [MESSAGE][PASSED] - File 'C:\Users\Public\Pictures\Sample Pictures\Koala.jpg' sent to object: 'Object Repository/Final Object Repo/New Registration - Registration Module Pages/Third Screen - Upload Supporting Doc- Preview/Upload File Adding'

2019-01-08 18:27:34 - [TEST_STEP][PASSED] - delay: Delayed 5 second(s)

2019-01-08 18:27:39 - [MESSAGE][PASSED] - Delayed 5 second(s)

2019-01-08 18:27:39 - [TEST_STEP][PASSED] - click: Object: 'Object Repository/Final Object Repo/New Registration - Registration Module Pages/Third Screen - Upload Supporting Doc- Preview/Inner Form Add Document Button' is clicked on

2019-01-08 18:27:39 - [MESSAGE][PASSED] - Object: 'Object Repository/Final Object Repo/New Registration - Registration Module Pages/Third Screen - Upload Supporting Doc- Preview/Inner Form Add Document Button' is clicked on

2019-01-08 18:27:39 - [TEST_STEP][PASSED] - delay: Delayed 3 second(s)

2019-01-08 18:27:42 - [MESSAGE][PASSED] - Delayed 3 second(s)

2019-01-08 18:27:42 - [TEST_STEP][PASSED] - click: Object: 'Object Repository/Final Object Repo/New Registration - Registration Module Pages/Third Screen - Upload Supporting Doc- Preview/Add Document Button' is clicked on

2019-01-08 18:27:44 - [MESSAGE][PASSED] - Object: 'Object Repository/Final Object Repo/New Registration - Registration Module Pages/Third Screen - Upload Supporting Doc- Preview/Add Document Button' is clicked on

2019-01-08 18:27:44 - [TEST_STEP][PASSED] - delay: Delayed 30 second(s)

2019-01-08 18:28:14 - [MESSAGE][PASSED] - Delayed 30 second(s)

2019-01-08 18:28:14 - [TEST_STEP][PASSED] - click: Object: 'Object Repository/Final Object Repo/New Registration - Registration Module Pages/Third Screen - Upload Supporting Doc- Preview/Supporting Doc Please Select Drop Down' is clicked on

2019-01-08 18:28:14 - [MESSAGE][PASSED] - Object: 'Object Repository/Final Object Repo/New Registration - Registration Module Pages/Third Screen - Upload Supporting Doc- Preview/Supporting Doc Please Select Drop Down' is clicked on

2019-01-08 18:28:14 - [TEST_STEP][PASSED] - delay: Delayed 4 second(s)

2019-01-08 18:28:18 - [MESSAGE][PASSED] - Delayed 4 second(s)

2019-01-08 18:28:18 - [TEST_STEP][PASSED] - click: Object: 'Object Repository/Final Object Repo/New Registration - Registration Module Pages/Third Screen - Upload Supporting Doc- Preview/Select to Upload Form 2' is clicked on

2019-01-08 18:28:18 - [MESSAGE][PASSED] - Object: 'Object Repository/Final Object Repo/New Registration - Registration Module Pages/Third Screen - Upload Supporting Doc- Preview/Select to Upload Form 2' is clicked on

2019-01-08 18:28:18 - [TEST_STEP][PASSED] - delay: Delayed 2 second(s)

2019-01-08 18:28:20 - [MESSAGE][PASSED] - Delayed 2 second(s)

2019-01-08 18:28:20 - [TEST_STEP][PASSED] - uploadFile: File 'C:\Users\Public\Pictures\Sample Pictures\Koala.jpg' sent to object: 'Object Repository/Final Object Repo/New Registration - Registration Module Pages/Third Screen - Upload Supporting Doc- Preview/Upload File Adding'

2019-01-08 18:28:20 - [MESSAGE][PASSED] - File 'C:\Users\Public\Pictures\Sample Pictures\Koala.jpg' sent to object: 'Object Repository/Final Object Repo/New Registration - Registration Module Pages/Third Screen - Upload Supporting Doc- Preview/Upload File Adding'

2019-01-08 18:28:20 - [TEST_STEP][PASSED] - click: Object: 'Object Repository/Final Object Repo/New Registration - Registration Module Pages/Third Screen - Upload Supporting Doc- Preview/Inner Form Add Document Button' is clicked on

2019-01-08 18:28:20 - [MESSAGE][PASSED] - Object: 'Object Repository/Final Object Repo/New Registration - Registration Module Pages/Third Screen - Upload Supporting Doc- Preview/Inner Form Add Document Button' is clicked on

2019-01-08 18:28:20 - [TEST_STEP][PASSED] - delay: Delayed 5 second(s)

2019-01-08 18:28:25 - [MESSAGE][PASSED] - Delayed 5 second(s)

2019-01-08 18:28:25 - [TEST_STEP][PASSED] - click: Object: 'Object Repository/Final Object Repo/New Registration - Registration Module Pages/Third Screen - Upload Supporting Doc- Preview/Add Document Button' is clicked on

2019-01-08 18:28:25 - [MESSAGE][PASSED] - Object: 'Object Repository/Final Object Repo/New Registration - Registration Module Pages/Third Screen - Upload Supporting Doc- Preview/Add Document Button' is clicked on

2019-01-08 18:28:25 - [TEST_STEP][PASSED] - delay: Delayed 30 second(s)

2019-01-08 18:28:55 - [MESSAGE][PASSED] - Delayed 30 second(s)

2019-01-08 18:28:55 - [TEST_STEP][PASSED] - click: Object: 'Object Repository/Final Object Repo/New Registration - Registration Module Pages/Third Screen - Upload Supporting Doc- Preview/Supporting Doc Please Select Drop Down' is clicked on

2019-01-08 18:28:56 - [MESSAGE][PASSED] - Object: 'Object Repository/Final Object Repo/New Registration - Registration Module Pages/Third Screen - Upload Supporting Doc- Preview/Supporting Doc Please Select Drop Down' is clicked on

2019-01-08 18:28:56 - [TEST_STEP][PASSED] - click: Object: 'Object Repository/Final Object Repo/New Registration - Registration Module Pages/Third Screen - Upload Supporting Doc- Preview/Select to Upload Borang SIP 1' is clicked on

2019-01-08 18:28:56 - [MESSAGE][PASSED] - Object: 'Object Repository/Final Object Repo/New Registration - Registration Module Pages/Third Screen - Upload Supporting Doc- Preview/Select to Upload Borang SIP 1' is clicked on

2019-01-08 18:28:56 - [TEST_STEP][PASSED] - delay: Delayed 2 second(s)

2019-01-08 18:28:58 - [MESSAGE][PASSED] - Delayed 2 second(s)

2019-01-08 18:28:58 - [TEST_STEP][PASSED] - uploadFile: File 'C:\Users\Public\Pictures\Sample Pictures\Koala.jpg' sent to object: 'Object Repository/Final Object Repo/New Registration - Registration Module Pages/Third Screen - Upload Supporting Doc- Preview/Upload File Adding'

2019-01-08 18:28:58 - [MESSAGE][PASSED] - File 'C:\Users\Public\Pictures\Sample Pictures\Koala.jpg' sent to object: 'Object Repository/Final Object Repo/New Registration - Registration Module Pages/Third Screen - Upload Supporting Doc- Preview/Upload File Adding'

2019-01-08 18:28:58 - [TEST_STEP][PASSED] - click: Object: 'Object Repository/Final Object Repo/New Registration - Registration Module Pages/Third Screen - Upload Supporting Doc- Preview/Inner Form Add Document Button' is clicked on

2019-01-08 18:28:58 - [MESSAGE][PASSED] - Object: 'Object Repository/Final Object Repo/New Registration - Registration Module Pages/Third Screen - Upload Supporting Doc- Preview/Inner Form Add Document Button' is clicked on

2019-01-08 18:28:58 - [TEST_STEP][PASSED] - delay: Delayed 5 second(s)

2019-01-08 18:29:03 - [MESSAGE][PASSED] - Delayed 5 second(s)

2019-01-08 18:29:03 - [TEST_STEP][PASSED] - click: Object: 'Object Repository/Final Object Repo/New Registration - Registration Module Pages/Third Screen - Upload Supporting Doc- Preview/Add Document Button' is clicked on

2019-01-08 18:29:03 - [MESSAGE][PASSED] - Object: 'Object Repository/Final Object Repo/New Registration - Registration Module Pages/Third Screen - Upload Supporting Doc- Preview/Add Document Button' is clicked on

2019-01-08 18:29:03 - [TEST_STEP][PASSED] - delay: Delayed 30 second(s)

2019-01-08 18:29:33 - [MESSAGE][PASSED] - Delayed 30 second(s)

2019-01-08 18:29:33 - [TEST_STEP][PASSED] - click: Object: 'Object Repository/Final Object Repo/New Registration - Registration Module Pages/Third Screen - Upload Supporting Doc- Preview/Supporting Doc Please Select Drop Down' is clicked on

2019-01-08 18:29:33 - [MESSAGE][PASSED] - Object: 'Object Repository/Final Object Repo/New Registration - Registration Module Pages/Third Screen - Upload Supporting Doc- Preview/Supporting Doc Please Select Drop Down' is clicked on

2019-01-08 18:29:33 - [TEST_STEP][PASSED] - delay: Delayed 3 second(s)

2019-01-08 18:29:36 - [MESSAGE][PASSED] - Delayed 3 second(s)

2019-01-08 18:29:36 - [TEST_STEP][PASSED] - click: Object: 'Object Repository/Final Object Repo/New Registration - Registration Module Pages/Third Screen - Upload Supporting Doc- Preview/Select to Upload Borang SIP 2' is clicked on

2019-01-08 18:29:37 - [MESSAGE][PASSED] - Object: 'Object Repository/Final Object Repo/New Registration - Registration Module Pages/Third Screen - Upload Supporting Doc- Preview/Select to Upload Borang SIP 2' is clicked on

2019-01-08 18:29:37 - [TEST_STEP][PASSED] - delay: Delayed 2 second(s)

2019-01-08 18:29:39 - [MESSAGE][PASSED] - Delayed 2 second(s)

2019-01-08 18:29:39 - [TEST_STEP][PASSED] - uploadFile: File 'C:\Users\Public\Pictures\Sample Pictures\Koala.jpg' sent to object: 'Object Repository/Final Object Repo/New Registration - Registration Module Pages/Third Screen - Upload Supporting Doc- Preview/Upload File Adding'

2019-01-08 18:29:39 - [MESSAGE][PASSED] - File 'C:\Users\Public\Pictures\Sample Pictures\Koala.jpg' sent to object: 'Object Repository/Final Object Repo/New Registration - Registration Module Pages/Third Screen - Upload Supporting Doc- Preview/Upload File Adding'

2019-01-08 18:29:39 - [TEST_STEP][PASSED] - delay: Delayed 5 second(s)

2019-01-08 18:29:44 - [MESSAGE][PASSED] - Delayed 5 second(s)

2019-01-08 18:29:44 - [TEST_STEP][PASSED] - click: Object: 'Object Repository/Final Object Repo/New Registration - Registration Module Pages/Third Screen - Upload Supporting Doc- Preview/Inner Form Add Document Button' is clicked on

2019-01-08 18:29:44 - [MESSAGE][PASSED] - Object: 'Object Repository/Final Object Repo/New Registration - Registration Module Pages/Third Screen - Upload Supporting Doc- Preview/Inner Form Add Document Button' is clicked on

2019-01-08 18:29:44 - [TEST_STEP][PASSED] - delay: Delayed 3 second(s)

2019-01-08 18:29:47 - [MESSAGE][PASSED] - Delayed 3 second(s)

2019-01-08 18:29:47 - [TEST_STEP][PASSED] - waitForElementClickable: Object 'Object Repository/Final Object Repo/New Registration - Registration Module Pages/Third Screen - Upload Supporting Doc- Preview/Save n Continue in Uploading Supporting Doc Page' is clickable

2019-01-08 18:29:48 - [MESSAGE][PASSED] - Object 'Object Repository/Final Object Repo/New Registration - Registration Module Pages/Third Screen - Upload Supporting Doc- Preview/Save n Continue in Uploading Supporting Doc Page' is clickable

2019-01-08 18:29:48 - [TEST_STEP][PASSED] - click: Object: 'Object Repository/Final Object Repo/New Registration - Registration Module Pages/Third Screen - Upload Supporting Doc- Preview/Save n Continue in Uploading Supporting Doc Page' is clicked on

2019-01-08 18:29:48 - [MESSAGE][PASSED] - Object: 'Object Repository/Final Object Repo/New Registration - Registration Module Pages/Third Screen - Upload Supporting Doc- Preview/Save n Continue in Uploading Supporting Doc Page' is clicked on

2019-01-08 18:29:48 - [MESSAGE][PASSED] - Call Test Case 'Test Cases/Final Aug 2018 - PKS Automation/Registration Module/New Registration/Flow of New Registration/Third Screen - Upload Supporting Doc - Preview' successfully

2019-01-08 18:29:48 - [TEST_STEP][PASSED] - callTestCase: Call Test Case 'Test Cases/Final Aug 2018 - PKS Automation/Registration Module/New Registration/Submit and Screenshot/Submit Registration and Screenshot' successfully

2019-01-08 18:29:48 - [TEST_CASE][PASSED] - Test Cases/Final Aug 2018 - PKS Automation/Registration Module/New Registration/Submit and Screenshot/Submit Registration and Screenshot: Test Cases/Final Aug 2018 - PKS Automation/Registration Module/New Registration/Submit and Screenshot/Submit Registration and Screenshot

2019-01-08 18:29:49 - [TEST_STEP][PASSED] - delay: Delayed 6 second(s)

2019-01-08 18:29:55 - [MESSAGE][PASSED] - Delayed 6 second(s)

2019-01-08 18:29:55 - [TEST_STEP][PASSED] - click: Object: 'Object Repository/Final Object Repo/New Registration - Registration Module Pages/Third Screen - Upload Supporting Doc- Preview/Preview Submit Button' is clicked on

2019-01-08 18:29:55 - [MESSAGE][PASSED] - Object: 'Object Repository/Final Object Repo/New Registration - Registration Module Pages/Third Screen - Upload Supporting Doc- Preview/Preview Submit Button' is clicked on

2019-01-08 18:29:55 - [TEST_STEP][PASSED] - delay: Delayed 2 second(s)

2019-01-08 18:29:57 - [MESSAGE][PASSED] - Delayed 2 second(s)

2019-01-08 18:29:57 - [TEST_STEP][PASSED] - click: Object: 'Object Repository/Final Object Repo/New Registration - Registration Module Pages/Third Screen - Upload Supporting Doc- Preview/Preview Submit - Confirm' is clicked on

2019-01-08 18:29:57 - [MESSAGE][PASSED] - Object: 'Object Repository/Final Object Repo/New Registration - Registration Module Pages/Third Screen - Upload Supporting Doc- Preview/Preview Submit - Confirm' is clicked on

2019-01-08 18:29:57 - [TEST_STEP][PASSED] - delay: Delayed 15 second(s)

2019-01-08 18:30:12 - [MESSAGE][PASSED] - Delayed 15 second(s)

2019-01-08 18:30:12 - [TEST_STEP][PASSED] - Statement - driver = com.kms.katalon.core.webui.driver.DriverFactory.getWebDriver(): null

2019-01-08 18:30:12 - [TEST_STEP][PASSED] - Statement - driver.manage().timeouts().implicitlyWait(10, SECONDS): null

2019-01-08 18:30:12 - [TEST_STEP][PASSED] - Statement - PresavePath = KatalonScreenshots: null

2019-01-08 18:30:12 - [TEST_STEP][PASSED] - Statement - pathPrefix = "C:\Users\Public\Pictures\Sample Pictures\Katalon Screenshots\Automate Ending Screen": null

2019-01-08 18:30:12 - [TEST_STEP][PASSED] - Statement - finalPath = <not implemented yet for class: org.codehaus.groovy.ast.expr.EmptyExpression>: null

2019-01-08 18:30:12 - [TEST_STEP][PASSED] - Statement - scrFile = driver.getScreenshotAs(FILE): null

2019-01-08 18:30:12 - [TEST_STEP][PASSED] - Statement - PreSaveFile = new java.io.File(PresavePath): null

2019-01-08 18:30:12 - [TEST_STEP][PASSED] - Statement - counter = 0: null

2019-01-08 18:30:12 - [TEST_STEP][PASSED] - Statement - If (PreSaveFile.exists()): null

2019-01-08 18:30:12 - [TEST_STEP][PASSED] - Statement - While (PreSaveFile.exists()): null

2019-01-08 18:30:12 - [TEST_STEP][PASSED] - Statement - counter = counter + 1: null

2019-01-08 18:30:12 - [TEST_STEP][PASSED] - Statement - PreSaveFile = new java.io.File(((pathPrefix + java.lang.Integer.toString(counter)) + .png)): null

2019-01-08 18:30:12 - [TEST_STEP][PASSED] - Statement - counter = counter + 1: null

2019-01-08 18:30:12 - [TEST_STEP][PASSED] - Statement - PreSaveFile = new java.io.File(((pathPrefix + java.lang.Integer.toString(counter)) + .png)): null

2019-01-08 18:30:12 - [TEST_STEP][PASSED] - Statement - counter = counter + 1: null

2019-01-08 18:30:12 - [TEST_STEP][PASSED] - Statement - PreSaveFile = new java.io.File(((pathPrefix + java.lang.Integer.toString(counter)) + .png)): null

2019-01-08 18:30:12 - [TEST_STEP][PASSED] - Statement - counter = counter + 1: null

2019-01-08 18:30:12 - [TEST_STEP][PASSED] - Statement - PreSaveFile = new java.io.File(((pathPrefix + java.lang.Integer.toString(counter)) + .png)): null

2019-01-08 18:30:12 - [TEST_STEP][PASSED] - Statement - counter = counter + 1: null

2019-01-08 18:30:12 - [TEST_STEP][PASSED] - Statement - PreSaveFile = new java.io.File(((pathPrefix + java.lang.Integer.toString(counter)) + .png)): null

2019-01-08 18:30:12 - [TEST_STEP][PASSED] - Statement - counter = counter + 1: null

2019-01-08 18:30:12 - [TEST_STEP][PASSED] - Statement - PreSaveFile = new java.io.File(((pathPrefix + java.lang.Integer.toString(counter)) + .png)): null

2019-01-08 18:30:12 - [TEST_STEP][PASSED] - Statement - counter = counter + 1: null

2019-01-08 18:30:12 - [TEST_STEP][PASSED] - Statement - PreSaveFile = new java.io.File(((pathPrefix + java.lang.Integer.toString(counter)) + .png)): null

2019-01-08 18:30:12 - [TEST_STEP][PASSED] - Statement - counter = counter + 1: null

2019-01-08 18:30:12 - [TEST_STEP][PASSED] - Statement - PreSaveFile = new java.io.File(((pathPrefix + java.lang.Integer.toString(counter)) + .png)): null

2019-01-08 18:30:12 - [TEST_STEP][PASSED] - Statement - counter = counter + 1: null

2019-01-08 18:30:12 - [TEST_STEP][PASSED] - Statement - PreSaveFile = new java.io.File(((pathPrefix + java.lang.Integer.toString(counter)) + .png)): null

2019-01-08 18:30:12 - [TEST_STEP][PASSED] - Statement - counter = counter + 1: null

2019-01-08 18:30:12 - [TEST_STEP][PASSED] - Statement - PreSaveFile = new java.io.File(((pathPrefix + java.lang.Integer.toString(counter)) + .png)): null

2019-01-08 18:30:12 - [TEST_STEP][PASSED] - Statement - counter = counter + 1: null

2019-01-08 18:30:12 - [TEST_STEP][PASSED] - Statement - PreSaveFile = new java.io.File(((pathPrefix + java.lang.Integer.toString(counter)) + .png)): null

2019-01-08 18:30:12 - [TEST_STEP][PASSED] - Statement - counter = counter + 1: null

2019-01-08 18:30:12 - [TEST_STEP][PASSED] - Statement - PreSaveFile = new java.io.File(((pathPrefix + java.lang.Integer.toString(counter)) + .png)): null

2019-01-08 18:30:12 - [TEST_STEP][PASSED] - Statement - counter = counter + 1: null

2019-01-08 18:30:12 - [TEST_STEP][PASSED] - Statement - PreSaveFile = new java.io.File(((pathPrefix + java.lang.Integer.toString(counter)) + .png)): null

2019-01-08 18:30:12 - [TEST_STEP][PASSED] - Statement - counter = counter + 1: null

2019-01-08 18:30:12 - [TEST_STEP][PASSED] - Statement - PreSaveFile = new java.io.File(((pathPrefix + java.lang.Integer.toString(counter)) + .png)): null

2019-01-08 18:30:12 - [TEST_STEP][PASSED] - Statement - counter = counter + 1: null

2019-01-08 18:30:12 - [TEST_STEP][PASSED] - Statement - PreSaveFile = new java.io.File(((pathPrefix + java.lang.Integer.toString(counter)) + .png)): null

2019-01-08 18:30:12 - [TEST_STEP][PASSED] - Statement - counter = counter + 1: null

2019-01-08 18:30:12 - [TEST_STEP][PASSED] - Statement - PreSaveFile = new java.io.File(((pathPrefix + java.lang.Integer.toString(counter)) + .png)): null

2019-01-08 18:30:12 - [TEST_STEP][PASSED] - Statement - counter = counter + 1: null

2019-01-08 18:30:12 - [TEST_STEP][PASSED] - Statement - PreSaveFile = new java.io.File(((pathPrefix + java.lang.Integer.toString(counter)) + .png)): null

2019-01-08 18:30:12 - [TEST_STEP][PASSED] - Statement - counter = counter + 1: null

2019-01-08 18:30:12 - [TEST_STEP][PASSED] - Statement - PreSaveFile = new java.io.File(((pathPrefix + java.lang.Integer.toString(counter)) + .png)): null

2019-01-08 18:30:12 - [TEST_STEP][PASSED] - Statement - counter = counter + 1: null

2019-01-08 18:30:13 - [TEST_STEP][PASSED] - Statement - PreSaveFile = new java.io.File(((pathPrefix + java.lang.Integer.toString(counter)) + .png)): null

2019-01-08 18:30:13 - [TEST_STEP][PASSED] - Statement - counter = counter + 1: null

2019-01-08 18:30:13 - [TEST_STEP][PASSED] - Statement - PreSaveFile = new java.io.File(((pathPrefix + java.lang.Integer.toString(counter)) + .png)): null

2019-01-08 18:30:13 - [TEST_STEP][PASSED] - Statement - counter = counter + 1: null

2019-01-08 18:30:13 - [TEST_STEP][PASSED] - Statement - PreSaveFile = new java.io.File(((pathPrefix + java.lang.Integer.toString(counter)) + .png)): null

2019-01-08 18:30:13 - [TEST_STEP][PASSED] - Statement - counter = counter + 1: null

2019-01-08 18:30:13 - [TEST_STEP][PASSED] - Statement - PreSaveFile = new java.io.File(((pathPrefix + java.lang.Integer.toString(counter)) + .png)): null

2019-01-08 18:30:13 - [TEST_STEP][PASSED] - Statement - counter = counter + 1: null

2019-01-08 18:30:13 - [TEST_STEP][PASSED] - Statement - PreSaveFile = new java.io.File(((pathPrefix + java.lang.Integer.toString(counter)) + .png)): null

2019-01-08 18:30:13 - [TEST_STEP][PASSED] - Statement - counter = counter + 1: null

2019-01-08 18:30:13 - [TEST_STEP][PASSED] - Statement - PreSaveFile = new java.io.File(((pathPrefix + java.lang.Integer.toString(counter)) + .png)): null

2019-01-08 18:30:13 - [TEST_STEP][PASSED] - Statement - counter = counter + 1: null

2019-01-08 18:30:13 - [TEST_STEP][PASSED] - Statement - PreSaveFile = new java.io.File(((pathPrefix + java.lang.Integer.toString(counter)) + .png)): null

2019-01-08 18:30:13 - [TEST_STEP][PASSED] - Statement - finalPath = pathPrefix + java.lang.Integer.toString(counter) + ".png": null

2019-01-08 18:30:13 - [TEST_STEP][PASSED] - Statement - SaveFile = new java.io.File(finalPath): null

2019-01-08 18:30:13 - [TEST_STEP][PASSED] - Statement - Try: null

2019-01-08 18:30:13 - [TEST_STEP][PASSED] - Statement - org.apache.commons.io.FileUtils.copyFile(scrFile, SaveFile): null

2019-01-08 18:30:13 - [TEST_STEP][PASSED] - Statement - out.println("file kept"): null

2019-01-08 18:30:13 - [TEST_STEP][PASSED] - delay: Delayed 10 second(s)

2019-01-08 18:30:23 - [MESSAGE][PASSED] - Delayed 10 second(s)

2019-01-08 18:30:23 - [MESSAGE][PASSED] - Call Test Case 'Test Cases/Final Aug 2018 - PKS Automation/Registration Module/New Registration/Submit and Screenshot/Submit Registration and Screenshot' successfully]]></system-out>
         <system-err><![CDATA[]]></system-err>
      </testcase>
      <testcase name="Test Cases/Final Aug 2018 - PKS Automation/Registration Module/Critical Path/New Registration/Other - NGO" classname="Test Cases/Final Aug 2018 - PKS Automation/Registration Module/Critical Path/New Registration/Other - NGO" status="PASSED">
         <system-out><![CDATA[2019-01-08 18:30:23 - [TEST_CASE][PASSED] - Test Cases/Final Aug 2018 - PKS Automation/Registration Module/Critical Path/New Registration/Other - NGO: Test Cases/Final Aug 2018 - PKS Automation/Registration Module/Critical Path/New Registration/Other - NGO

2019-01-08 18:30:23 - [TEST_STEP][PASSED] - callTestCase: Call Test Case 'Test Cases/Final Aug 2018 - PKS Automation/Registration Module/New Registration/Form 1/Form 1 - Other - NGO' successfully

2019-01-08 18:30:23 - [TEST_CASE][PASSED] - Test Cases/Final Aug 2018 - PKS Automation/Registration Module/New Registration/Form 1/Form 1 - Other - NGO: Test Cases/Final Aug 2018 - PKS Automation/Registration Module/New Registration/Form 1/Form 1 - Other - NGO

2019-01-08 18:30:23 - [TEST_STEP][PASSED] - openBrowser: Browser is opened with url: ''

2019-01-08 18:30:23 - [MESSAGE][WARNING] - A browser is already opened. Closing browser and opening a new one

2019-01-08 18:30:26 - [MESSAGE][PASSED] - Browser is opened with url: ''

2019-01-08 18:30:26 - [TEST_STEP][PASSED] - navigateToUrl: Navigate to 'https://assist2-uat.perkeso.gov.my/login' successfully

2019-01-08 18:30:27 - [MESSAGE][PASSED] - Navigate to 'https://assist2-uat.perkeso.gov.my/login' successfully

2019-01-08 18:30:27 - [TEST_STEP][PASSED] - setText: Text 'johorotc1@gmail.com' is set on object 'Object Repository/Final Object Repo/Login Page/Internal User/Email Address'

2019-01-08 18:30:28 - [MESSAGE][PASSED] - Text 'johorotc1@gmail.com' is set on object 'Object Repository/Final Object Repo/Login Page/Internal User/Email Address'

2019-01-08 18:30:28 - [TEST_STEP][PASSED] - click: Object: 'Object Repository/Final Object Repo/Login Page/Internal User/Next Button' is clicked on

2019-01-08 18:30:28 - [MESSAGE][PASSED] - Object: 'Object Repository/Final Object Repo/Login Page/Internal User/Next Button' is clicked on

2019-01-08 18:30:28 - [TEST_STEP][PASSED] - delay: Delayed 1 second(s)

2019-01-08 18:30:29 - [MESSAGE][PASSED] - Delayed 1 second(s)

2019-01-08 18:30:29 - [TEST_STEP][PASSED] - setEncryptedText: Text ****** has been set on object 'Object Repository/Final Object Repo/Login Page/Internal User/Password'

2019-01-08 18:30:29 - [MESSAGE][PASSED] - Text ****** has been set on object 'Object Repository/Final Object Repo/Login Page/Internal User/Password'

2019-01-08 18:30:29 - [TEST_STEP][PASSED] - click: Object: 'Object Repository/Final Object Repo/Login Page/Internal User/Login Button' is clicked on

2019-01-08 18:30:29 - [MESSAGE][PASSED] - Object: 'Object Repository/Final Object Repo/Login Page/Internal User/Login Button' is clicked on

2019-01-08 18:30:29 - [TEST_STEP][PASSED] - delay: Delayed 1 second(s)

2019-01-08 18:30:30 - [MESSAGE][PASSED] - Delayed 1 second(s)

2019-01-08 18:30:30 - [TEST_STEP][PASSED] - Statement - Try: Delayed 2 second(s)

2019-01-08 18:30:30 - [TEST_STEP][PASSED] - Statement - Checker = false: null

2019-01-08 18:30:30 - [TEST_STEP][PASSED] - Statement - Checker = com.kms.katalon.core.webui.keyword.WebUiBuiltInKeywords.verifyElementHasAttribute(com.kms.katalon.core.testobject.ObjectRepository.findTestObject(Final Object Repo/Landing Page/BM Detecting), "href", 20, OPTIONAL): Object 'Object Repository/Final Object Repo/Landing Page/BM Detecting' has attribute 'href'

2019-01-08 18:30:31 - [MESSAGE][PASSED] - Object 'Object Repository/Final Object Repo/Landing Page/BM Detecting' has attribute 'href'

2019-01-08 18:30:31 - [TEST_STEP][PASSED] - Statement - out.println(Checker): null

2019-01-08 18:30:31 - [TEST_STEP][PASSED] - Statement - If (Checker == false): null

2019-01-08 18:30:31 - [TEST_STEP][PASSED] - Statement - Else: null

2019-01-08 18:30:31 - [TEST_STEP][PASSED] - delay: Delayed 2 second(s)

2019-01-08 18:30:33 - [MESSAGE][PASSED] - Delayed 2 second(s)

2019-01-08 18:30:33 - [TEST_STEP][PASSED] - navigateToUrl: Navigate to 'https://assist2-uat.perkeso.gov.my/web/registration/registration' successfully

2019-01-08 18:30:35 - [MESSAGE][PASSED] - Navigate to 'https://assist2-uat.perkeso.gov.my/web/registration/registration' successfully

2019-01-08 18:30:35 - [TEST_STEP][PASSED] - click: Object: 'Object Repository/Final Object Repo/New Registration - Registration Module Pages/Form 1/AEC - No' is clicked on

2019-01-08 18:30:35 - [MESSAGE][PASSED] - Object: 'Object Repository/Final Object Repo/New Registration - Registration Module Pages/Form 1/AEC - No' is clicked on

2019-01-08 18:30:35 - [TEST_STEP][PASSED] - click: Object: 'Object Repository/Final Object Repo/New Registration - Registration Module Pages/Form 1/Business Entity' is clicked on

2019-01-08 18:30:35 - [MESSAGE][PASSED] - Object: 'Object Repository/Final Object Repo/New Registration - Registration Module Pages/Form 1/Business Entity' is clicked on

2019-01-08 18:30:35 - [TEST_STEP][PASSED] - click: Object: 'Object Repository/Final Object Repo/New Registration - Registration Module Pages/Form 1/Business Entity - Other' is clicked on

2019-01-08 18:30:35 - [MESSAGE][PASSED] - Object: 'Object Repository/Final Object Repo/New Registration - Registration Module Pages/Form 1/Business Entity - Other' is clicked on

2019-01-08 18:30:35 - [TEST_STEP][PASSED] - delay: Delayed 1 second(s)

2019-01-08 18:30:36 - [MESSAGE][PASSED] - Delayed 1 second(s)

2019-01-08 18:30:36 - [TEST_STEP][PASSED] - click: Object: 'Object Repository/Final Object Repo/New Registration - Registration Module Pages/Form 1/Sub Business Entity' is clicked on

2019-01-08 18:30:36 - [MESSAGE][PASSED] - Object: 'Object Repository/Final Object Repo/New Registration - Registration Module Pages/Form 1/Sub Business Entity' is clicked on

2019-01-08 18:30:36 - [TEST_STEP][PASSED] - click: Object: 'Object Repository/Final Object Repo/New Registration - Registration Module Pages/Form 1/Sub Business Entity - Other/Sub Business Entity  - NGO  Society' is clicked on

2019-01-08 18:30:37 - [MESSAGE][PASSED] - Object: 'Object Repository/Final Object Repo/New Registration - Registration Module Pages/Form 1/Sub Business Entity - Other/Sub Business Entity  - NGO  Society' is clicked on

2019-01-08 18:30:37 - [TEST_STEP][PASSED] - delay: Delayed 1 second(s)

2019-01-08 18:30:38 - [MESSAGE][PASSED] - Delayed 1 second(s)

2019-01-08 18:30:38 - [TEST_STEP][PASSED] - click: Object: 'Object Repository/Final Object Repo/New Registration - Registration Module Pages/Form 1/Sub Business Entity List' is clicked on

2019-01-08 18:30:38 - [MESSAGE][PASSED] - Object: 'Object Repository/Final Object Repo/New Registration - Registration Module Pages/Form 1/Sub Business Entity List' is clicked on

2019-01-08 18:30:38 - [TEST_STEP][PASSED] - click: Object: 'Object Repository/Final Object Repo/New Registration - Registration Module Pages/Form 1/Sub Business Entity List - Other/Sub Business Entity List - Others - NGO - Registered with Register of Society' is clicked on

2019-01-08 18:30:38 - [MESSAGE][PASSED] - Object: 'Object Repository/Final Object Repo/New Registration - Registration Module Pages/Form 1/Sub Business Entity List - Other/Sub Business Entity List - Others - NGO - Registered with Register of Society' is clicked on

2019-01-08 18:30:38 - [TEST_STEP][PASSED] - delay: Delayed 1 second(s)

2019-01-08 18:30:39 - [MESSAGE][PASSED] - Delayed 1 second(s)

2019-01-08 18:30:39 - [TEST_STEP][PASSED] - setText: Text '123' is set on object 'Object Repository/Final Object Repo/New Registration - Registration Module Pages/Form 1/Registration Number'

2019-01-08 18:30:39 - [MESSAGE][PASSED] - Text '123' is set on object 'Object Repository/Final Object Repo/New Registration - Registration Module Pages/Form 1/Registration Number'

2019-01-08 18:30:39 - [TEST_STEP][NOT_RUN] - click: NOT_RUN: click

2019-01-08 18:30:39 - [MESSAGE][NOT_RUN] - NOT_RUN: click

2019-01-08 18:30:39 - [TEST_STEP][PASSED] - click: Object: 'Object Repository/Final Object Repo/New Registration - Registration Module Pages/Form 1/Registered As a Branch - Yes' is clicked on

2019-01-08 18:30:39 - [MESSAGE][PASSED] - Object: 'Object Repository/Final Object Repo/New Registration - Registration Module Pages/Form 1/Registered As a Branch - Yes' is clicked on

2019-01-08 18:30:39 - [TEST_STEP][NOT_RUN] - verifyElementPresent: NOT_RUN: verifyElementPresent

2019-01-08 18:30:39 - [MESSAGE][NOT_RUN] - NOT_RUN: verifyElementPresent

2019-01-08 18:30:39 - [TEST_STEP][PASSED] - check: Object 'Object Repository/Final Object Repo/New Registration - Registration Module Pages/Form 1/Acknowledgement' is checked

2019-01-08 18:30:40 - [MESSAGE][PASSED] - Object 'Object Repository/Final Object Repo/New Registration - Registration Module Pages/Form 1/Acknowledgement' is checked

2019-01-08 18:30:40 - [TEST_STEP][PASSED] - setText: Text 'perkeso' is set on object 'Object Repository/Final Object Repo/New Registration - Registration Module Pages/Form 1/Industry name'

2019-01-08 18:30:40 - [MESSAGE][PASSED] - Text 'perkeso' is set on object 'Object Repository/Final Object Repo/New Registration - Registration Module Pages/Form 1/Industry name'

2019-01-08 18:30:40 - [TEST_STEP][PASSED] - setText: Text 'perkeso1' is set on object 'Object Repository/Final Object Repo/New Registration - Registration Module Pages/Form 1/Postal Address1'

2019-01-08 18:30:40 - [MESSAGE][PASSED] - Text 'perkeso1' is set on object 'Object Repository/Final Object Repo/New Registration - Registration Module Pages/Form 1/Postal Address1'

2019-01-08 18:30:40 - [TEST_STEP][PASSED] - setText: Text 'perkeso2' is set on object 'Object Repository/Final Object Repo/New Registration - Registration Module Pages/Form 1/Postal Address2'

2019-01-08 18:30:41 - [MESSAGE][PASSED] - Text 'perkeso2' is set on object 'Object Repository/Final Object Repo/New Registration - Registration Module Pages/Form 1/Postal Address2'

2019-01-08 18:30:41 - [TEST_STEP][PASSED] - setText: Text 'perkeso3' is set on object 'Object Repository/Final Object Repo/New Registration - Registration Module Pages/Form 1/Postal Address3'

2019-01-08 18:30:41 - [MESSAGE][PASSED] - Text 'perkeso3' is set on object 'Object Repository/Final Object Repo/New Registration - Registration Module Pages/Form 1/Postal Address3'

2019-01-08 18:30:41 - [TEST_STEP][PASSED] - click: Object: 'Object Repository/Final Object Repo/New Registration - Registration Module Pages/Form 1/State' is clicked on

2019-01-08 18:30:41 - [MESSAGE][PASSED] - Object: 'Object Repository/Final Object Repo/New Registration - Registration Module Pages/Form 1/State' is clicked on

2019-01-08 18:30:41 - [TEST_STEP][PASSED] - click: Object: 'Object Repository/Final Object Repo/New Registration - Registration Module Pages/Form 1/State - Johor' is clicked on

2019-01-08 18:30:41 - [MESSAGE][PASSED] - Object: 'Object Repository/Final Object Repo/New Registration - Registration Module Pages/Form 1/State - Johor' is clicked on

2019-01-08 18:30:41 - [TEST_STEP][PASSED] - delay: Delayed 1 second(s)

2019-01-08 18:30:42 - [MESSAGE][PASSED] - Delayed 1 second(s)

2019-01-08 18:30:42 - [TEST_STEP][PASSED] - click: Object: 'Object Repository/Final Object Repo/New Registration - Registration Module Pages/Form 1/City' is clicked on

2019-01-08 18:30:43 - [MESSAGE][PASSED] - Object: 'Object Repository/Final Object Repo/New Registration - Registration Module Pages/Form 1/City' is clicked on

2019-01-08 18:30:43 - [TEST_STEP][PASSED] - setText: Text 'joh' is set on object 'Object Repository/Final Object Repo/New Registration - Registration Module Pages/Form 1/Postcode - 810'

2019-01-08 18:30:43 - [MESSAGE][PASSED] - Text 'joh' is set on object 'Object Repository/Final Object Repo/New Registration - Registration Module Pages/Form 1/Postcode - 810'

2019-01-08 18:30:43 - [TEST_STEP][PASSED] - delay: Delayed 1 second(s)

2019-01-08 18:30:44 - [MESSAGE][PASSED] - Delayed 1 second(s)

2019-01-08 18:30:44 - [TEST_STEP][PASSED] - click: Object: 'Object Repository/Final Object Repo/New Registration - Registration Module Pages/Form 1/City - Johor Bharu' is clicked on

2019-01-08 18:30:44 - [MESSAGE][PASSED] - Object: 'Object Repository/Final Object Repo/New Registration - Registration Module Pages/Form 1/City - Johor Bharu' is clicked on

2019-01-08 18:30:44 - [TEST_STEP][PASSED] - delay: Delayed 1 second(s)

2019-01-08 18:30:45 - [MESSAGE][PASSED] - Delayed 1 second(s)

2019-01-08 18:30:45 - [TEST_STEP][PASSED] - click: Object: 'Object Repository/Final Object Repo/New Registration - Registration Module Pages/Form 1/Postcode' is clicked on

2019-01-08 18:30:45 - [MESSAGE][PASSED] - Object: 'Object Repository/Final Object Repo/New Registration - Registration Module Pages/Form 1/Postcode' is clicked on

2019-01-08 18:30:45 - [TEST_STEP][PASSED] - delay: Delayed 1 second(s)

2019-01-08 18:30:46 - [MESSAGE][PASSED] - Delayed 1 second(s)

2019-01-08 18:30:46 - [TEST_STEP][PASSED] - setText: Text '810' is set on object 'Object Repository/Final Object Repo/New Registration - Registration Module Pages/Form 1/Postcode - 810'

2019-01-08 18:30:46 - [MESSAGE][PASSED] - Text '810' is set on object 'Object Repository/Final Object Repo/New Registration - Registration Module Pages/Form 1/Postcode - 810'

2019-01-08 18:30:46 - [TEST_STEP][PASSED] - delay: Delayed 1 second(s)

2019-01-08 18:30:47 - [MESSAGE][PASSED] - Delayed 1 second(s)

2019-01-08 18:30:47 - [TEST_STEP][PASSED] - click: Object: 'Object Repository/Final Object Repo/New Registration - Registration Module Pages/Form 1/Postcode - 81000' is clicked on

2019-01-08 18:30:48 - [MESSAGE][PASSED] - Object: 'Object Repository/Final Object Repo/New Registration - Registration Module Pages/Form 1/Postcode - 81000' is clicked on

2019-01-08 18:30:48 - [TEST_STEP][PASSED] - delay: Delayed 1 second(s)

2019-01-08 18:30:49 - [MESSAGE][PASSED] - Delayed 1 second(s)

2019-01-08 18:30:49 - [TEST_STEP][PASSED] - setText: Text '100' is set on object 'Object Repository/Final Object Repo/New Registration - Registration Module Pages/Form 1/P.O.BOX'

2019-01-08 18:30:49 - [MESSAGE][PASSED] - Text '100' is set on object 'Object Repository/Final Object Repo/New Registration - Registration Module Pages/Form 1/P.O.BOX'

2019-01-08 18:30:49 - [TEST_STEP][PASSED] - setText: Text '100' is set on object 'Object Repository/Final Object Repo/New Registration - Registration Module Pages/Form 1/Locked Bag No'

2019-01-08 18:30:49 - [MESSAGE][PASSED] - Text '100' is set on object 'Object Repository/Final Object Repo/New Registration - Registration Module Pages/Form 1/Locked Bag No'

2019-01-08 18:30:49 - [TEST_STEP][PASSED] - click: Object: 'Object Repository/Final Object Repo/New Registration - Registration Module Pages/Form 1/SOCSO Office Location' is clicked on

2019-01-08 18:30:49 - [MESSAGE][PASSED] - Object: 'Object Repository/Final Object Repo/New Registration - Registration Module Pages/Form 1/SOCSO Office Location' is clicked on

2019-01-08 18:30:49 - [TEST_STEP][PASSED] - click: Object: 'Object Repository/Final Object Repo/New Registration - Registration Module Pages/Form 1/SOCSO Office Location - Pejabat PERKESO Negeri Johor' is clicked on

2019-01-08 18:30:50 - [MESSAGE][PASSED] - Object: 'Object Repository/Final Object Repo/New Registration - Registration Module Pages/Form 1/SOCSO Office Location - Pejabat PERKESO Negeri Johor' is clicked on

2019-01-08 18:30:50 - [TEST_STEP][PASSED] - delay: Delayed 1 second(s)

2019-01-08 18:30:51 - [MESSAGE][PASSED] - Delayed 1 second(s)

2019-01-08 18:30:51 - [TEST_STEP][PASSED] - check: Object 'Object Repository/Final Object Repo/New Registration - Registration Module Pages/Form 1/Indusrty Address Same As Postal Address' is checked

2019-01-08 18:30:51 - [MESSAGE][PASSED] - Object 'Object Repository/Final Object Repo/New Registration - Registration Module Pages/Form 1/Indusrty Address Same As Postal Address' is checked

2019-01-08 18:30:51 - [TEST_STEP][PASSED] - delay: Delayed 3 second(s)

2019-01-08 18:30:54 - [MESSAGE][PASSED] - Delayed 3 second(s)

2019-01-08 18:30:54 - [TEST_STEP][PASSED] - click: Object: 'Object Repository/Final Object Repo/New Registration - Registration Module Pages/Form 1/Indusry Address Same As Postal Address False' is clicked on

2019-01-08 18:30:54 - [MESSAGE][PASSED] - Object: 'Object Repository/Final Object Repo/New Registration - Registration Module Pages/Form 1/Indusry Address Same As Postal Address False' is clicked on

2019-01-08 18:30:54 - [TEST_STEP][PASSED] - delay: Delayed 1 second(s)

2019-01-08 18:30:55 - [MESSAGE][PASSED] - Delayed 1 second(s)

2019-01-08 18:30:55 - [TEST_STEP][PASSED] - setText: Text 'perkeso1' is set on object 'Object Repository/Final Object Repo/New Registration - Registration Module Pages/Form 1/Industry Address1'

2019-01-08 18:30:55 - [MESSAGE][PASSED] - Text 'perkeso1' is set on object 'Object Repository/Final Object Repo/New Registration - Registration Module Pages/Form 1/Industry Address1'

2019-01-08 18:30:55 - [TEST_STEP][PASSED] - setText: Text 'perkeso2' is set on object 'Object Repository/Final Object Repo/New Registration - Registration Module Pages/Form 1/Industry Address2'

2019-01-08 18:30:56 - [MESSAGE][PASSED] - Text 'perkeso2' is set on object 'Object Repository/Final Object Repo/New Registration - Registration Module Pages/Form 1/Industry Address2'

2019-01-08 18:30:56 - [TEST_STEP][PASSED] - setText: Text 'perkeso3' is set on object 'Object Repository/Final Object Repo/New Registration - Registration Module Pages/Form 1/Industry Address3'

2019-01-08 18:30:56 - [MESSAGE][PASSED] - Text 'perkeso3' is set on object 'Object Repository/Final Object Repo/New Registration - Registration Module Pages/Form 1/Industry Address3'

2019-01-08 18:30:56 - [TEST_STEP][PASSED] - click: Object: 'Object Repository/Final Object Repo/New Registration - Registration Module Pages/Form 1/Industry State' is clicked on

2019-01-08 18:30:56 - [MESSAGE][PASSED] - Object: 'Object Repository/Final Object Repo/New Registration - Registration Module Pages/Form 1/Industry State' is clicked on

2019-01-08 18:30:56 - [TEST_STEP][PASSED] - delay: Delayed 2 second(s)

2019-01-08 18:30:58 - [MESSAGE][PASSED] - Delayed 2 second(s)

2019-01-08 18:30:58 - [TEST_STEP][PASSED] - click: Object: 'Object Repository/Final Object Repo/New Registration - Registration Module Pages/Form 1/Industry State - Johor' is clicked on

2019-01-08 18:30:58 - [MESSAGE][PASSED] - Object: 'Object Repository/Final Object Repo/New Registration - Registration Module Pages/Form 1/Industry State - Johor' is clicked on

2019-01-08 18:30:58 - [TEST_STEP][PASSED] - delay: Delayed 2 second(s)

2019-01-08 18:31:00 - [MESSAGE][PASSED] - Delayed 2 second(s)

2019-01-08 18:31:00 - [TEST_STEP][PASSED] - click: Object: 'Object Repository/Final Object Repo/New Registration - Registration Module Pages/Form 1/Industry Ciry' is clicked on

2019-01-08 18:31:01 - [MESSAGE][PASSED] - Object: 'Object Repository/Final Object Repo/New Registration - Registration Module Pages/Form 1/Industry Ciry' is clicked on

2019-01-08 18:31:01 - [TEST_STEP][PASSED] - setText: Text 'joh' is set on object 'Object Repository/Final Object Repo/New Registration - Registration Module Pages/Form 1/Industry Ciry - joh'

2019-01-08 18:31:01 - [MESSAGE][PASSED] - Text 'joh' is set on object 'Object Repository/Final Object Repo/New Registration - Registration Module Pages/Form 1/Industry Ciry - joh'

2019-01-08 18:31:01 - [TEST_STEP][PASSED] - delay: Delayed 2 second(s)

2019-01-08 18:31:03 - [MESSAGE][PASSED] - Delayed 2 second(s)

2019-01-08 18:31:03 - [TEST_STEP][PASSED] - click: Object: 'Object Repository/Final Object Repo/New Registration - Registration Module Pages/Form 1/Industy State - Johor Bharu' is clicked on

2019-01-08 18:31:03 - [MESSAGE][PASSED] - Object: 'Object Repository/Final Object Repo/New Registration - Registration Module Pages/Form 1/Industy State - Johor Bharu' is clicked on

2019-01-08 18:31:03 - [TEST_STEP][PASSED] - delay: Delayed 1 second(s)

2019-01-08 18:31:04 - [MESSAGE][PASSED] - Delayed 1 second(s)

2019-01-08 18:31:04 - [TEST_STEP][PASSED] - click: Object: 'Object Repository/Final Object Repo/New Registration - Registration Module Pages/Form 1/Indusry PostCode' is clicked on

2019-01-08 18:31:04 - [MESSAGE][PASSED] - Object: 'Object Repository/Final Object Repo/New Registration - Registration Module Pages/Form 1/Indusry PostCode' is clicked on

2019-01-08 18:31:04 - [TEST_STEP][PASSED] - delay: Delayed 1 second(s)

2019-01-08 18:31:05 - [MESSAGE][PASSED] - Delayed 1 second(s)

2019-01-08 18:31:05 - [TEST_STEP][PASSED] - setText: Text '810' is set on object 'Object Repository/Final Object Repo/New Registration - Registration Module Pages/Form 1/Insutry Post Code - 810'

2019-01-08 18:31:05 - [MESSAGE][PASSED] - Text '810' is set on object 'Object Repository/Final Object Repo/New Registration - Registration Module Pages/Form 1/Insutry Post Code - 810'

2019-01-08 18:31:05 - [TEST_STEP][PASSED] - delay: Delayed 1 second(s)

2019-01-08 18:31:06 - [MESSAGE][PASSED] - Delayed 1 second(s)

2019-01-08 18:31:06 - [TEST_STEP][PASSED] - click: Object: 'Object Repository/Final Object Repo/New Registration - Registration Module Pages/Form 1/Insutry Post Code - 81000' is clicked on

2019-01-08 18:31:07 - [MESSAGE][PASSED] - Object: 'Object Repository/Final Object Repo/New Registration - Registration Module Pages/Form 1/Insutry Post Code - 81000' is clicked on

2019-01-08 18:31:07 - [TEST_STEP][PASSED] - delay: Delayed 1 second(s)

2019-01-08 18:31:08 - [MESSAGE][PASSED] - Delayed 1 second(s)

2019-01-08 18:31:08 - [TEST_STEP][PASSED] - setText: Text '100' is set on object 'Object Repository/Final Object Repo/New Registration - Registration Module Pages/Form 1/Industry P.O.BOX'

2019-01-08 18:31:08 - [MESSAGE][PASSED] - Text '100' is set on object 'Object Repository/Final Object Repo/New Registration - Registration Module Pages/Form 1/Industry P.O.BOX'

2019-01-08 18:31:08 - [TEST_STEP][PASSED] - setText: Text '100' is set on object 'Object Repository/Final Object Repo/New Registration - Registration Module Pages/Form 1/Industry Locked Bag No'

2019-01-08 18:31:08 - [MESSAGE][PASSED] - Text '100' is set on object 'Object Repository/Final Object Repo/New Registration - Registration Module Pages/Form 1/Industry Locked Bag No'

2019-01-08 18:31:08 - [TEST_STEP][PASSED] - setText: Text '123456789' is set on object 'Object Repository/Final Object Repo/New Registration - Registration Module Pages/Form 1/Telephone No'

2019-01-08 18:31:09 - [MESSAGE][PASSED] - Text '123456789' is set on object 'Object Repository/Final Object Repo/New Registration - Registration Module Pages/Form 1/Telephone No'

2019-01-08 18:31:09 - [TEST_STEP][PASSED] - setText: Text '123456789' is set on object 'Object Repository/Final Object Repo/New Registration - Registration Module Pages/Form 1/Mobile No'

2019-01-08 18:31:09 - [MESSAGE][PASSED] - Text '123456789' is set on object 'Object Repository/Final Object Repo/New Registration - Registration Module Pages/Form 1/Mobile No'

2019-01-08 18:31:09 - [TEST_STEP][PASSED] - setText: Text '123456789' is set on object 'Object Repository/Final Object Repo/New Registration - Registration Module Pages/Form 1/Fax No'

2019-01-08 18:31:09 - [MESSAGE][PASSED] - Text '123456789' is set on object 'Object Repository/Final Object Repo/New Registration - Registration Module Pages/Form 1/Fax No'

2019-01-08 18:31:09 - [TEST_STEP][PASSED] - click: Object: 'Object Repository/Final Object Repo/New Registration - Registration Module Pages/Form 1/Industry Code' is clicked on

2019-01-08 18:31:10 - [MESSAGE][PASSED] - Object: 'Object Repository/Final Object Repo/New Registration - Registration Module Pages/Form 1/Industry Code' is clicked on

2019-01-08 18:31:10 - [TEST_STEP][PASSED] - click: Object: 'Object Repository/Final Object Repo/New Registration - Registration Module Pages/Form 1/Indudustry Code - Crops and Animal' is clicked on

2019-01-08 18:31:10 - [MESSAGE][PASSED] - Object: 'Object Repository/Final Object Repo/New Registration - Registration Module Pages/Form 1/Indudustry Code - Crops and Animal' is clicked on

2019-01-08 18:31:10 - [TEST_STEP][PASSED] - delay: Delayed 1 second(s)

2019-01-08 18:31:11 - [MESSAGE][PASSED] - Delayed 1 second(s)

2019-01-08 18:31:11 - [TEST_STEP][PASSED] - click: Object: 'Object Repository/Final Object Repo/New Registration - Registration Module Pages/Form 1/Sub Industry Code List' is clicked on

2019-01-08 18:31:11 - [MESSAGE][PASSED] - Object: 'Object Repository/Final Object Repo/New Registration - Registration Module Pages/Form 1/Sub Industry Code List' is clicked on

2019-01-08 18:31:11 - [TEST_STEP][PASSED] - click: Object: 'Object Repository/Final Object Repo/New Registration - Registration Module Pages/Form 1/Sub Industry Code List - Growing of Maize' is clicked on

2019-01-08 18:31:11 - [MESSAGE][PASSED] - Object: 'Object Repository/Final Object Repo/New Registration - Registration Module Pages/Form 1/Sub Industry Code List - Growing of Maize' is clicked on

2019-01-08 18:31:11 - [TEST_STEP][PASSED] - setText: Text 'perkeso123@gmail.com' is set on object 'Object Repository/Final Object Repo/New Registration - Registration Module Pages/Form 1/Email'

2019-01-08 18:31:12 - [MESSAGE][PASSED] - Text 'perkeso123@gmail.com' is set on object 'Object Repository/Final Object Repo/New Registration - Registration Module Pages/Form 1/Email'

2019-01-08 18:31:12 - [TEST_STEP][PASSED] - click: Object: 'Object Repository/Final Object Repo/New Registration - Registration Module Pages/Form 1/Method of Contribution Payment' is clicked on

2019-01-08 18:31:12 - [MESSAGE][PASSED] - Object: 'Object Repository/Final Object Repo/New Registration - Registration Module Pages/Form 1/Method of Contribution Payment' is clicked on

2019-01-08 18:31:12 - [TEST_STEP][PASSED] - click: Object: 'Object Repository/Final Object Repo/New Registration - Registration Module Pages/Form 1/Method of Contribution Payment - Portal' is clicked on

2019-01-08 18:31:12 - [MESSAGE][PASSED] - Object: 'Object Repository/Final Object Repo/New Registration - Registration Module Pages/Form 1/Method of Contribution Payment - Portal' is clicked on

2019-01-08 18:31:12 - [TEST_STEP][PASSED] - click: Object: 'Object Repository/Final Object Repo/New Registration - Registration Module Pages/Form 1/Servide Type' is clicked on

2019-01-08 18:31:12 - [MESSAGE][PASSED] - Object: 'Object Repository/Final Object Repo/New Registration - Registration Module Pages/Form 1/Servide Type' is clicked on

2019-01-08 18:31:12 - [TEST_STEP][PASSED] - click: Object: 'Object Repository/Final Object Repo/New Registration - Registration Module Pages/Form 1/Servide Type - Professional Bodies' is clicked on

2019-01-08 18:31:13 - [MESSAGE][PASSED] - Object: 'Object Repository/Final Object Repo/New Registration - Registration Module Pages/Form 1/Servide Type - Professional Bodies' is clicked on

2019-01-08 18:31:13 - [TEST_STEP][PASSED] - click: Object: 'Object Repository/Final Object Repo/New Registration - Registration Module Pages/Form 1/Industry Venue' is clicked on

2019-01-08 18:31:13 - [MESSAGE][PASSED] - Object: 'Object Repository/Final Object Repo/New Registration - Registration Module Pages/Form 1/Industry Venue' is clicked on

2019-01-08 18:31:13 - [TEST_STEP][PASSED] - click: Object: 'Object Repository/Final Object Repo/New Registration - Registration Module Pages/Form 1/Industry Venue -  PPN JOHOR' is clicked on

2019-01-08 18:31:13 - [MESSAGE][PASSED] - Object: 'Object Repository/Final Object Repo/New Registration - Registration Module Pages/Form 1/Industry Venue -  PPN JOHOR' is clicked on

2019-01-08 18:31:13 - [TEST_STEP][PASSED] - click: Object: 'Object Repository/Final Object Repo/New Registration - Registration Module Pages/Form 1/Save  Continue' is clicked on

2019-01-08 18:31:13 - [MESSAGE][PASSED] - Object: 'Object Repository/Final Object Repo/New Registration - Registration Module Pages/Form 1/Save  Continue' is clicked on

2019-01-08 18:31:13 - [MESSAGE][PASSED] - Call Test Case 'Test Cases/Final Aug 2018 - PKS Automation/Registration Module/New Registration/Form 1/Form 1 - Other - NGO' successfully

2019-01-08 18:31:13 - [TEST_STEP][PASSED] - callTestCase: Call Test Case 'Test Cases/Final Aug 2018 - PKS Automation/Registration Module/New Registration/Form 2/Add 2 Eligible 2 Not Eligible' successfully

2019-01-08 18:31:13 - [TEST_CASE][PASSED] - Test Cases/Final Aug 2018 - PKS Automation/Registration Module/New Registration/Form 2/Add 2 Eligible 2 Not Eligible: Test Cases/Final Aug 2018 - PKS Automation/Registration Module/New Registration/Form 2/Add 2 Eligible 2 Not Eligible

2019-01-08 18:31:13 - [TEST_STEP][PASSED] - delay: Delayed 2 second(s)

2019-01-08 18:31:15 - [MESSAGE][PASSED] - Delayed 2 second(s)

2019-01-08 18:31:15 - [TEST_STEP][PASSED] - callTestCase: Call Test Case 'Test Cases/Final Aug 2018 - PKS Automation/Registration Module/New Registration/Form 2/Date Updater' successfully

2019-01-08 18:31:15 - [TEST_CASE][PASSED] - Test Cases/Final Aug 2018 - PKS Automation/Registration Module/New Registration/Form 2/Date Updater: Test Cases/Final Aug 2018 - PKS Automation/Registration Module/New Registration/Form 2/Date Updater

2019-01-08 18:31:15 - [TEST_STEP][PASSED] - Statement - TodayDate = new java.util.Date(): null

2019-01-08 18:31:15 - [TEST_STEP][PASSED] - Statement - CurrentDateNoFilter = new java.text.SimpleDateFormat(): null

2019-01-08 18:31:15 - [TEST_STEP][PASSED] - Statement - CurrentDateNoFilter.applyPattern("MM"): null

2019-01-08 18:31:15 - [TEST_STEP][PASSED] - Statement - monthContainerMatcher = java.lang.Integer.parseInt(CurrentDateNoFilter.format(TodayDate)): null

2019-01-08 18:31:15 - [TEST_STEP][PASSED] - Statement - monthContainerMatcher = monthContainerMatcher - 1: null

2019-01-08 18:31:15 - [TEST_STEP][PASSED] - Statement - CurrentMonth = monthContainerMatcher.toString(): null

2019-01-08 18:31:15 - [TEST_STEP][PASSED] - Statement - CurrentMonth = CurrentMonth: null

2019-01-08 18:31:15 - [TEST_STEP][PASSED] - Statement - CurrentDateNoFilter.applyPattern("yyyy"): null

2019-01-08 18:31:15 - [TEST_STEP][PASSED] - Statement - CurrentYear = CurrentDateNoFilter.format(TodayDate): null

2019-01-08 18:31:15 - [TEST_STEP][PASSED] - Statement - CurrentYear = CurrentYear: null

2019-01-08 18:31:15 - [TEST_STEP][PASSED] - Statement - intCurrentYear = java.lang.Integer.parseInt(CurrentDateNoFilter.format(TodayDate)): null

2019-01-08 18:31:15 - [TEST_STEP][PASSED] - Statement - eighteenYrsAgo = intCurrentYear - 18: null

2019-01-08 18:31:15 - [TEST_STEP][PASSED] - Statement - eighteenYrsBeforeThisYr = eighteenYrsAgo.toString(): null

2019-01-08 18:31:15 - [TEST_STEP][PASSED] - Statement - EighteenYrsBefore = eighteenYrsBeforeThisYr: null

2019-01-08 18:31:15 - [TEST_STEP][PASSED] - Statement - fiftysevenYrsAgo = intCurrentYear - 57: null

2019-01-08 18:31:15 - [TEST_STEP][PASSED] - Statement - fiftysevenYrsBeforeThisYr = fiftysevenYrsAgo.toString(): null

2019-01-08 18:31:15 - [TEST_STEP][PASSED] - Statement - FiftysevenYrsBefore = fiftysevenYrsBeforeThisYr: null

2019-01-08 18:31:15 - [TEST_STEP][PASSED] - Statement - leapYear = false: null

2019-01-08 18:31:15 - [TEST_STEP][PASSED] - Statement - leapYear = intCurrentYear % 4 == 0: null

2019-01-08 18:31:15 - [TEST_STEP][PASSED] - Statement - CurrentDateNoFilter.applyPattern("dd"): null

2019-01-08 18:31:15 - [TEST_STEP][PASSED] - Statement - CurrentDate = CurrentDateNoFilter.format(TodayDate): null

2019-01-08 18:31:15 - [TEST_STEP][PASSED] - Statement - CurrentDate = java.lang.Integer.parseInt(CurrentDate): null

2019-01-08 18:31:15 - [TEST_STEP][PASSED] - Statement - CurrentDate = CurrentDate: null

2019-01-08 18:31:15 - [TEST_STEP][PASSED] - Statement - CurrentDay = java.lang.Integer.parseInt(CurrentDate): null

2019-01-08 18:31:15 - [TEST_STEP][PASSED] - Statement - ConfAdder = <not implemented yet for class: org.codehaus.groovy.ast.expr.EmptyExpression>: null

2019-01-08 18:31:15 - [TEST_STEP][PASSED] - Statement - out.println(CurrentMonth): null

2019-01-08 18:31:15 - [TEST_STEP][PASSED] - Statement - out.println(CurrentDate): null

2019-01-08 18:31:15 - [TEST_STEP][PASSED] - Statement - switch (CurrentDate): null

2019-01-08 18:31:15 - [TEST_STEP][PASSED] - Statement - Default: null

2019-01-08 18:31:15 - [TEST_STEP][PASSED] - Statement - ConfAdder = true: null

2019-01-08 18:31:15 - [TEST_STEP][PASSED] - Statement - Break: null

2019-01-08 18:31:15 - [TEST_STEP][PASSED] - Statement - aDayBefore = <not implemented yet for class: org.codehaus.groovy.ast.expr.EmptyExpression>: null

2019-01-08 18:31:15 - [TEST_STEP][PASSED] - Statement - out.println(ConfAdder): null

2019-01-08 18:31:15 - [TEST_STEP][PASSED] - Statement - If (ConfAdder == true): null

2019-01-08 18:31:15 - [TEST_STEP][PASSED] - Statement - aDayBefore = CurrentDay + 1: null

2019-01-08 18:31:15 - [TEST_STEP][PASSED] - Statement - out.println(aDayBefore): null

2019-01-08 18:31:15 - [TEST_STEP][PASSED] - Statement - If (aDayBefore == 1 && CurrentMonth == 11): null

2019-01-08 18:31:15 - [TEST_STEP][PASSED] - Statement - DayBefore = aDayBefore.toString(): null

2019-01-08 18:31:15 - [TEST_STEP][PASSED] - Statement - OneDayBefore = DayBefore: null

2019-01-08 18:31:15 - [MESSAGE][PASSED] - Call Test Case 'Test Cases/Final Aug 2018 - PKS Automation/Registration Module/New Registration/Form 2/Date Updater' successfully

2019-01-08 18:31:15 - [TEST_STEP][PASSED] - delay: Delayed 1 second(s)

2019-01-08 18:31:16 - [MESSAGE][PASSED] - Delayed 1 second(s)

2019-01-08 18:31:16 - [TEST_STEP][PASSED] - Statement - CaseReferenceNo = com.kms.katalon.core.webui.keyword.WebUiBuiltInKeywords.getText(com.kms.katalon.core.testobject.ObjectRepository.findTestObject(Final Object Repo/New Registration - Registration Module Pages/Form 2/RefNo Acquiring)): Text of object 'Object Repository/Final Object Repo/New Registration - Registration Module Pages/Form 2/RefNo Acquiring' is: 'CRN01201900123650'

2019-01-08 18:31:16 - [MESSAGE][PASSED] - Text of object 'Object Repository/Final Object Repo/New Registration - Registration Module Pages/Form 2/RefNo Acquiring' is: 'CRN01201900123650'

2019-01-08 18:31:16 - [TEST_STEP][PASSED] - delay: Delayed 1 second(s)

2019-01-08 18:31:17 - [MESSAGE][PASSED] - Delayed 1 second(s)

2019-01-08 18:31:17 - [TEST_STEP][PASSED] - click: Object: 'Object Repository/Final Object Repo/New Registration - Registration Module Pages/Form 2/Add Employee Button' is clicked on

2019-01-08 18:31:18 - [MESSAGE][PASSED] - Object: 'Object Repository/Final Object Repo/New Registration - Registration Module Pages/Form 2/Add Employee Button' is clicked on

2019-01-08 18:31:18 - [TEST_STEP][PASSED] - delay: Delayed 4 second(s)

2019-01-08 18:31:22 - [MESSAGE][PASSED] - Delayed 4 second(s)

2019-01-08 18:31:22 - [TEST_STEP][PASSED] - setText: Text '010903091927' is set on object 'Object Repository/Final Object Repo/New Registration - Registration Module Pages/Form 2/NRIC Input'

2019-01-08 18:31:22 - [MESSAGE][PASSED] - Text '010903091927' is set on object 'Object Repository/Final Object Repo/New Registration - Registration Module Pages/Form 2/NRIC Input'

2019-01-08 18:31:22 - [TEST_STEP][PASSED] - click: Object: 'Object Repository/Final Object Repo/New Registration - Registration Module Pages/Form 2/button for search for IC' is clicked on

2019-01-08 18:31:22 - [MESSAGE][PASSED] - Object: 'Object Repository/Final Object Repo/New Registration - Registration Module Pages/Form 2/button for search for IC' is clicked on

2019-01-08 18:31:22 - [TEST_STEP][PASSED] - delay: Delayed 2 second(s)

2019-01-08 18:31:24 - [MESSAGE][PASSED] - Delayed 2 second(s)

2019-01-08 18:31:24 - [TEST_STEP][PASSED] - setText: Text 'Automate001 eligible 1' is set on object 'Object Repository/Final Object Repo/New Registration - Registration Module Pages/Form 2/Employee Name Input'

2019-01-08 18:31:25 - [MESSAGE][PASSED] - Text 'Automate001 eligible 1' is set on object 'Object Repository/Final Object Repo/New Registration - Registration Module Pages/Form 2/Employee Name Input'

2019-01-08 18:31:25 - [TEST_STEP][PASSED] - delay: Delayed 2 second(s)

2019-01-08 18:31:27 - [MESSAGE][PASSED] - Delayed 2 second(s)

2019-01-08 18:31:27 - [TEST_STEP][PASSED] - click: Object: 'Object Repository/Final Object Repo/New Registration - Registration Module Pages/Form 2/DatePicker Pop Up' is clicked on

2019-01-08 18:31:27 - [MESSAGE][PASSED] - Object: 'Object Repository/Final Object Repo/New Registration - Registration Module Pages/Form 2/DatePicker Pop Up' is clicked on

2019-01-08 18:31:27 - [TEST_STEP][PASSED] - click: Object: 'Object Repository/Final Object Repo/New Registration - Registration Module Pages/Form 2/DOB Month' is clicked on

2019-01-08 18:31:27 - [MESSAGE][PASSED] - Object: 'Object Repository/Final Object Repo/New Registration - Registration Module Pages/Form 2/DOB Month' is clicked on

2019-01-08 18:31:27 - [TEST_STEP][PASSED] - Statement - CurrentMonth = CurrentMonth: null

2019-01-08 18:31:27 - [TEST_STEP][PASSED] - Statement - selectMonth = new com.kms.katalon.core.testobject.TestObject(): null

2019-01-08 18:31:27 - [TEST_STEP][PASSED] - Statement - selectMonth.addProperty("xpath", EQUALS, "//body/div/div/div/select/option[@value='" + CurrentMonth + "']", true): null

2019-01-08 18:31:27 - [TEST_STEP][PASSED] - click: Object: '' is clicked on

2019-01-08 18:31:27 - [MESSAGE][PASSED] - Object: '' is clicked on

2019-01-08 18:31:27 - [TEST_STEP][PASSED] - click: Object: 'Object Repository/Final Object Repo/New Registration - Registration Module Pages/Form 2/DOB Year' is clicked on

2019-01-08 18:31:27 - [MESSAGE][PASSED] - Object: 'Object Repository/Final Object Repo/New Registration - Registration Module Pages/Form 2/DOB Year' is clicked on

2019-01-08 18:31:27 - [TEST_STEP][PASSED] - Statement - Eyearsbf = EighteenYrsBefore: null

2019-01-08 18:31:27 - [TEST_STEP][PASSED] - Statement - selectYear = new com.kms.katalon.core.testobject.TestObject(): null

2019-01-08 18:31:27 - [TEST_STEP][PASSED] - Statement - selectYear.addProperty("xpath", EQUALS, "//div/div/div/select/option[@value='" + Eyearsbf + "']", true): null

2019-01-08 18:31:27 - [TEST_STEP][PASSED] - click: Object: '' is clicked on

2019-01-08 18:31:27 - [MESSAGE][PASSED] - Object: '' is clicked on

2019-01-08 18:31:27 - [TEST_STEP][PASSED] - Statement - UpdatedSelectDate = com.kms.katalon.core.webui.keyword.WebUiBuiltInKeywords.modifyObjectProperty(com.kms.katalon.core.testobject.ObjectRepository.findTestObject(Final Object Repo/New Registration - Registration Module Pages/Form 2/DOB Date), "xpath", "equals", "//body/div/table/tbody/tr/td/a[text()="" + CurrentDate + ""]", true): Modify property of object successfully

2019-01-08 18:31:27 - [MESSAGE][PASSED] - Modify property of object successfully

2019-01-08 18:31:27 - [TEST_STEP][PASSED] - delay: Delayed 3 second(s)

2019-01-08 18:31:30 - [MESSAGE][PASSED] - Delayed 3 second(s)

2019-01-08 18:31:30 - [TEST_STEP][PASSED] - click: Object: 'Object Repository/Final Object Repo/New Registration - Registration Module Pages/Form 2/DOB Date' is clicked on

2019-01-08 18:31:31 - [MESSAGE][PASSED] - Object: 'Object Repository/Final Object Repo/New Registration - Registration Module Pages/Form 2/DOB Date' is clicked on

2019-01-08 18:31:31 - [TEST_STEP][PASSED] - delay: Delayed 2 second(s)

2019-01-08 18:31:33 - [MESSAGE][PASSED] - Delayed 2 second(s)

2019-01-08 18:31:33 - [TEST_STEP][PASSED] - click: Object: 'Object Repository/Final Object Repo/New Registration - Registration Module Pages/Form 2/EmploymentStartDate Pop Up' is clicked on

2019-01-08 18:31:33 - [MESSAGE][PASSED] - Object: 'Object Repository/Final Object Repo/New Registration - Registration Module Pages/Form 2/EmploymentStartDate Pop Up' is clicked on

2019-01-08 18:31:33 - [TEST_STEP][PASSED] - delay: Delayed 2 second(s)

2019-01-08 18:31:35 - [MESSAGE][PASSED] - Delayed 2 second(s)

2019-01-08 18:31:35 - [TEST_STEP][PASSED] - click: Object: 'Object Repository/Final Object Repo/New Registration - Registration Module Pages/Form 2/Socso Employment StartDate Month' is clicked on

2019-01-08 18:31:35 - [MESSAGE][PASSED] - Object: 'Object Repository/Final Object Repo/New Registration - Registration Module Pages/Form 2/Socso Employment StartDate Month' is clicked on

2019-01-08 18:31:35 - [TEST_STEP][PASSED] - delay: Delayed 1 second(s)

2019-01-08 18:31:36 - [MESSAGE][PASSED] - Delayed 1 second(s)

2019-01-08 18:31:36 - [TEST_STEP][PASSED] - click: Object: 'Object Repository/Final Object Repo/New Registration - Registration Module Pages/Form 2/Select Socso Employement Startdate Month' is clicked on

2019-01-08 18:31:36 - [MESSAGE][PASSED] - Object: 'Object Repository/Final Object Repo/New Registration - Registration Module Pages/Form 2/Select Socso Employement Startdate Month' is clicked on

2019-01-08 18:31:36 - [TEST_STEP][PASSED] - delay: Delayed 2 second(s)

2019-01-08 18:31:38 - [MESSAGE][PASSED] - Delayed 2 second(s)

2019-01-08 18:31:38 - [TEST_STEP][PASSED] - click: Object: 'Object Repository/Final Object Repo/New Registration - Registration Module Pages/Form 2/Socso Employment StartDate Year' is clicked on

2019-01-08 18:31:38 - [MESSAGE][PASSED] - Object: 'Object Repository/Final Object Repo/New Registration - Registration Module Pages/Form 2/Socso Employment StartDate Year' is clicked on

2019-01-08 18:31:38 - [TEST_STEP][PASSED] - delay: Delayed 1 second(s)

2019-01-08 18:31:39 - [MESSAGE][PASSED] - Delayed 1 second(s)

2019-01-08 18:31:39 - [TEST_STEP][PASSED] - click: Object: 'Object Repository/Final Object Repo/New Registration - Registration Module Pages/Form 2/Select Socso Employment Startdate Year' is clicked on

2019-01-08 18:31:39 - [MESSAGE][PASSED] - Object: 'Object Repository/Final Object Repo/New Registration - Registration Module Pages/Form 2/Select Socso Employment Startdate Year' is clicked on

2019-01-08 18:31:39 - [TEST_STEP][PASSED] - delay: Delayed 2 second(s)

2019-01-08 18:31:41 - [MESSAGE][PASSED] - Delayed 2 second(s)

2019-01-08 18:31:41 - [TEST_STEP][PASSED] - click: Object: 'Object Repository/Final Object Repo/New Registration - Registration Module Pages/Form 2/Socso Employment Start Date Day' is clicked on

2019-01-08 18:31:42 - [MESSAGE][PASSED] - Object: 'Object Repository/Final Object Repo/New Registration - Registration Module Pages/Form 2/Socso Employment Start Date Day' is clicked on

2019-01-08 18:31:42 - [TEST_STEP][PASSED] - delay: Delayed 2 second(s)

2019-01-08 18:31:44 - [MESSAGE][PASSED] - Delayed 2 second(s)

2019-01-08 18:31:44 - [TEST_STEP][PASSED] - click: Object: 'Object Repository/Final Object Repo/New Registration - Registration Module Pages/Form 2/Save Button for Add Employee' is clicked on

2019-01-08 18:31:44 - [MESSAGE][PASSED] - Object: 'Object Repository/Final Object Repo/New Registration - Registration Module Pages/Form 2/Save Button for Add Employee' is clicked on

2019-01-08 18:31:44 - [TEST_STEP][PASSED] - delay: Delayed 6 second(s)

2019-01-08 18:31:50 - [MESSAGE][PASSED] - Delayed 6 second(s)

2019-01-08 18:31:50 - [TEST_STEP][PASSED] - click: Object: 'Object Repository/Final Object Repo/New Registration - Registration Module Pages/Form 2/Add Employee Button' is clicked on

2019-01-08 18:31:50 - [MESSAGE][PASSED] - Object: 'Object Repository/Final Object Repo/New Registration - Registration Module Pages/Form 2/Add Employee Button' is clicked on

2019-01-08 18:31:50 - [TEST_STEP][PASSED] - delay: Delayed 4 second(s)

2019-01-08 18:31:54 - [MESSAGE][PASSED] - Delayed 4 second(s)

2019-01-08 18:31:54 - [TEST_STEP][PASSED] - setText: Text '620904059691' is set on object 'Object Repository/Final Object Repo/New Registration - Registration Module Pages/Form 2/NRIC Input'

2019-01-08 18:31:54 - [MESSAGE][PASSED] - Text '620904059691' is set on object 'Object Repository/Final Object Repo/New Registration - Registration Module Pages/Form 2/NRIC Input'

2019-01-08 18:31:54 - [TEST_STEP][PASSED] - click: Object: 'Object Repository/Final Object Repo/New Registration - Registration Module Pages/Form 2/button for search for IC' is clicked on

2019-01-08 18:31:54 - [MESSAGE][PASSED] - Object: 'Object Repository/Final Object Repo/New Registration - Registration Module Pages/Form 2/button for search for IC' is clicked on

2019-01-08 18:31:54 - [TEST_STEP][PASSED] - delay: Delayed 2 second(s)

2019-01-08 18:31:56 - [MESSAGE][PASSED] - Delayed 2 second(s)

2019-01-08 18:31:56 - [TEST_STEP][PASSED] - setText: Text 'Automate001 eligible 2' is set on object 'Object Repository/Final Object Repo/New Registration - Registration Module Pages/Form 2/Employee Name Input'

2019-01-08 18:31:57 - [MESSAGE][PASSED] - Text 'Automate001 eligible 2' is set on object 'Object Repository/Final Object Repo/New Registration - Registration Module Pages/Form 2/Employee Name Input'

2019-01-08 18:31:57 - [TEST_STEP][PASSED] - delay: Delayed 2 second(s)

2019-01-08 18:31:59 - [MESSAGE][PASSED] - Delayed 2 second(s)

2019-01-08 18:31:59 - [TEST_STEP][PASSED] - click: Object: 'Object Repository/Final Object Repo/New Registration - Registration Module Pages/Form 2/DatePicker Pop Up' is clicked on

2019-01-08 18:31:59 - [MESSAGE][PASSED] - Object: 'Object Repository/Final Object Repo/New Registration - Registration Module Pages/Form 2/DatePicker Pop Up' is clicked on

2019-01-08 18:31:59 - [TEST_STEP][PASSED] - delay: Delayed 2 second(s)

2019-01-08 18:32:01 - [MESSAGE][PASSED] - Delayed 2 second(s)

2019-01-08 18:32:01 - [TEST_STEP][PASSED] - click: Object: 'Object Repository/Final Object Repo/New Registration - Registration Module Pages/Form 2/DOB Month' is clicked on

2019-01-08 18:32:01 - [MESSAGE][PASSED] - Object: 'Object Repository/Final Object Repo/New Registration - Registration Module Pages/Form 2/DOB Month' is clicked on

2019-01-08 18:32:01 - [TEST_STEP][PASSED] - Statement - selectMonth = com.kms.katalon.core.webui.keyword.WebUiBuiltInKeywords.modifyObjectProperty(selectMonth, "xpath", "equals", "//body/div/div/div/select/option[@value="" + CurrentMonth + ""]", true): Modify property of object successfully

2019-01-08 18:32:01 - [MESSAGE][PASSED] - Modify property of object successfully

2019-01-08 18:32:01 - [TEST_STEP][PASSED] - click: Object: '' is clicked on

2019-01-08 18:32:01 - [MESSAGE][PASSED] - Object: '' is clicked on

2019-01-08 18:32:01 - [TEST_STEP][PASSED] - click: Object: 'Object Repository/Final Object Repo/New Registration - Registration Module Pages/Form 2/DOB Year' is clicked on

2019-01-08 18:32:02 - [MESSAGE][PASSED] - Object: 'Object Repository/Final Object Repo/New Registration - Registration Module Pages/Form 2/DOB Year' is clicked on

2019-01-08 18:32:02 - [TEST_STEP][PASSED] - Statement - selectYear = com.kms.katalon.core.webui.keyword.WebUiBuiltInKeywords.modifyObjectProperty(selectYear, "xpath", "equals", "//div/div/div/select/option[@value="" + FiftysevenYrsBefore + ""]", true): Modify property of object successfully

2019-01-08 18:32:02 - [MESSAGE][PASSED] - Modify property of object successfully

2019-01-08 18:32:02 - [TEST_STEP][PASSED] - click: Object: '' is clicked on

2019-01-08 18:32:02 - [MESSAGE][PASSED] - Object: '' is clicked on

2019-01-08 18:32:02 - [TEST_STEP][PASSED] - Statement - UpdatedSelectDate = com.kms.katalon.core.webui.keyword.WebUiBuiltInKeywords.modifyObjectProperty(com.kms.katalon.core.testobject.ObjectRepository.findTestObject(Final Object Repo/New Registration - Registration Module Pages/Form 2/DOB Date), "xpath", "equals", "//body/div/table/tbody/tr/td/a[text()="" + OneDayBefore + ""]", true): Modify property of object successfully

2019-01-08 18:32:02 - [MESSAGE][PASSED] - Modify property of object successfully

2019-01-08 18:32:02 - [TEST_STEP][PASSED] - click: Object: 'Object Repository/Final Object Repo/New Registration - Registration Module Pages/Form 2/DOB Date' is clicked on

2019-01-08 18:32:02 - [MESSAGE][PASSED] - Object: 'Object Repository/Final Object Repo/New Registration - Registration Module Pages/Form 2/DOB Date' is clicked on

2019-01-08 18:32:02 - [TEST_STEP][PASSED] - delay: Delayed 2 second(s)

2019-01-08 18:32:04 - [MESSAGE][PASSED] - Delayed 2 second(s)

2019-01-08 18:32:04 - [TEST_STEP][PASSED] - click: Object: 'Object Repository/Final Object Repo/New Registration - Registration Module Pages/Form 2/EmploymentStartDate Pop Up' is clicked on

2019-01-08 18:32:04 - [MESSAGE][PASSED] - Object: 'Object Repository/Final Object Repo/New Registration - Registration Module Pages/Form 2/EmploymentStartDate Pop Up' is clicked on

2019-01-08 18:32:04 - [TEST_STEP][PASSED] - delay: Delayed 2 second(s)

2019-01-08 18:32:06 - [MESSAGE][PASSED] - Delayed 2 second(s)

2019-01-08 18:32:06 - [TEST_STEP][PASSED] - click: Object: 'Object Repository/Final Object Repo/New Registration - Registration Module Pages/Form 2/Socso Employment StartDate Month' is clicked on

2019-01-08 18:32:06 - [MESSAGE][PASSED] - Object: 'Object Repository/Final Object Repo/New Registration - Registration Module Pages/Form 2/Socso Employment StartDate Month' is clicked on

2019-01-08 18:32:06 - [TEST_STEP][PASSED] - delay: Delayed 1 second(s)

2019-01-08 18:32:07 - [MESSAGE][PASSED] - Delayed 1 second(s)

2019-01-08 18:32:07 - [TEST_STEP][PASSED] - click: Object: 'Object Repository/Final Object Repo/New Registration - Registration Module Pages/Form 2/Select Socso Employement Startdate Month' is clicked on

2019-01-08 18:32:07 - [MESSAGE][PASSED] - Object: 'Object Repository/Final Object Repo/New Registration - Registration Module Pages/Form 2/Select Socso Employement Startdate Month' is clicked on

2019-01-08 18:32:07 - [TEST_STEP][PASSED] - delay: Delayed 2 second(s)

2019-01-08 18:32:09 - [MESSAGE][PASSED] - Delayed 2 second(s)

2019-01-08 18:32:09 - [TEST_STEP][PASSED] - click: Object: 'Object Repository/Final Object Repo/New Registration - Registration Module Pages/Form 2/Socso Employment StartDate Year' is clicked on

2019-01-08 18:32:09 - [MESSAGE][PASSED] - Object: 'Object Repository/Final Object Repo/New Registration - Registration Module Pages/Form 2/Socso Employment StartDate Year' is clicked on

2019-01-08 18:32:09 - [TEST_STEP][PASSED] - delay: Delayed 1 second(s)

2019-01-08 18:32:10 - [MESSAGE][PASSED] - Delayed 1 second(s)

2019-01-08 18:32:10 - [TEST_STEP][PASSED] - click: Object: 'Object Repository/Final Object Repo/New Registration - Registration Module Pages/Form 2/Select Socso Employment Startdate Year' is clicked on

2019-01-08 18:32:11 - [MESSAGE][PASSED] - Object: 'Object Repository/Final Object Repo/New Registration - Registration Module Pages/Form 2/Select Socso Employment Startdate Year' is clicked on

2019-01-08 18:32:11 - [TEST_STEP][PASSED] - delay: Delayed 2 second(s)

2019-01-08 18:32:13 - [MESSAGE][PASSED] - Delayed 2 second(s)

2019-01-08 18:32:13 - [TEST_STEP][PASSED] - click: Object: 'Object Repository/Final Object Repo/New Registration - Registration Module Pages/Form 2/Socso Employment Start Date Day' is clicked on

2019-01-08 18:32:13 - [MESSAGE][PASSED] - Object: 'Object Repository/Final Object Repo/New Registration - Registration Module Pages/Form 2/Socso Employment Start Date Day' is clicked on

2019-01-08 18:32:13 - [TEST_STEP][PASSED] - delay: Delayed 2 second(s)

2019-01-08 18:32:15 - [MESSAGE][PASSED] - Delayed 2 second(s)

2019-01-08 18:32:15 - [TEST_STEP][PASSED] - click: Object: 'Object Repository/Final Object Repo/New Registration - Registration Module Pages/Form 2/Save Button for Add Employee' is clicked on

2019-01-08 18:32:15 - [MESSAGE][PASSED] - Object: 'Object Repository/Final Object Repo/New Registration - Registration Module Pages/Form 2/Save Button for Add Employee' is clicked on

2019-01-08 18:32:15 - [TEST_STEP][PASSED] - delay: Delayed 4 second(s)

2019-01-08 18:32:19 - [MESSAGE][PASSED] - Delayed 4 second(s)

2019-01-08 18:32:19 - [TEST_STEP][PASSED] - delay: Delayed 30 second(s)

2019-01-08 18:32:49 - [MESSAGE][PASSED] - Delayed 30 second(s)

2019-01-08 18:32:49 - [TEST_STEP][PASSED] - click: Object: 'Object Repository/Final Object Repo/New Registration - Registration Module Pages/Form 2/Add Employee Button' is clicked on

2019-01-08 18:32:49 - [MESSAGE][PASSED] - Object: 'Object Repository/Final Object Repo/New Registration - Registration Module Pages/Form 2/Add Employee Button' is clicked on

2019-01-08 18:32:49 - [TEST_STEP][PASSED] - delay: Delayed 4 second(s)

2019-01-08 18:32:53 - [MESSAGE][PASSED] - Delayed 4 second(s)

2019-01-08 18:32:53 - [TEST_STEP][PASSED] - setText: Text '000209039145' is set on object 'Object Repository/Final Object Repo/New Registration - Registration Module Pages/Form 2/NRIC Input'

2019-01-08 18:32:53 - [MESSAGE][PASSED] - Text '000209039145' is set on object 'Object Repository/Final Object Repo/New Registration - Registration Module Pages/Form 2/NRIC Input'

2019-01-08 18:32:53 - [TEST_STEP][PASSED] - click: Object: 'Object Repository/Final Object Repo/New Registration - Registration Module Pages/Form 2/button for search for IC' is clicked on

2019-01-08 18:32:54 - [MESSAGE][PASSED] - Object: 'Object Repository/Final Object Repo/New Registration - Registration Module Pages/Form 2/button for search for IC' is clicked on

2019-01-08 18:32:54 - [TEST_STEP][PASSED] - delay: Delayed 2 second(s)

2019-01-08 18:32:56 - [MESSAGE][PASSED] - Delayed 2 second(s)

2019-01-08 18:32:56 - [TEST_STEP][PASSED] - setText: Text 'Automate001 not eligible 1' is set on object 'Object Repository/Final Object Repo/New Registration - Registration Module Pages/Form 2/Employee Name Input'

2019-01-08 18:32:56 - [MESSAGE][PASSED] - Text 'Automate001 not eligible 1' is set on object 'Object Repository/Final Object Repo/New Registration - Registration Module Pages/Form 2/Employee Name Input'

2019-01-08 18:32:56 - [TEST_STEP][PASSED] - delay: Delayed 2 second(s)

2019-01-08 18:32:58 - [MESSAGE][PASSED] - Delayed 2 second(s)

2019-01-08 18:32:58 - [TEST_STEP][PASSED] - click: Object: 'Object Repository/Final Object Repo/New Registration - Registration Module Pages/Form 2/DatePicker Pop Up' is clicked on

2019-01-08 18:32:58 - [MESSAGE][PASSED] - Object: 'Object Repository/Final Object Repo/New Registration - Registration Module Pages/Form 2/DatePicker Pop Up' is clicked on

2019-01-08 18:32:58 - [TEST_STEP][PASSED] - delay: Delayed 2 second(s)

2019-01-08 18:33:00 - [MESSAGE][PASSED] - Delayed 2 second(s)

2019-01-08 18:33:00 - [TEST_STEP][PASSED] - click: Object: 'Object Repository/Final Object Repo/New Registration - Registration Module Pages/Form 2/DOB Month' is clicked on

2019-01-08 18:33:00 - [MESSAGE][PASSED] - Object: 'Object Repository/Final Object Repo/New Registration - Registration Module Pages/Form 2/DOB Month' is clicked on

2019-01-08 18:33:00 - [TEST_STEP][PASSED] - Statement - selectMonth = com.kms.katalon.core.webui.keyword.WebUiBuiltInKeywords.modifyObjectProperty(selectMonth, "xpath", "equals", "//body/div/div/div/select/option[@value="" + CurrentMonth + ""]", true): Modify property of object successfully

2019-01-08 18:33:00 - [MESSAGE][PASSED] - Modify property of object successfully

2019-01-08 18:33:00 - [TEST_STEP][PASSED] - click: Object: '' is clicked on

2019-01-08 18:33:01 - [MESSAGE][PASSED] - Object: '' is clicked on

2019-01-08 18:33:01 - [TEST_STEP][PASSED] - click: Object: 'Object Repository/Final Object Repo/New Registration - Registration Module Pages/Form 2/DOB Year' is clicked on

2019-01-08 18:33:01 - [MESSAGE][PASSED] - Object: 'Object Repository/Final Object Repo/New Registration - Registration Module Pages/Form 2/DOB Year' is clicked on

2019-01-08 18:33:01 - [TEST_STEP][PASSED] - Statement - selectYear = com.kms.katalon.core.webui.keyword.WebUiBuiltInKeywords.modifyObjectProperty(selectYear, "xpath", "equals", "//div/div/div/select/option[@value="" + EighteenYrsBefore + ""]", true): Modify property of object successfully

2019-01-08 18:33:01 - [MESSAGE][PASSED] - Modify property of object successfully

2019-01-08 18:33:01 - [TEST_STEP][PASSED] - click: Object: '' is clicked on

2019-01-08 18:33:01 - [MESSAGE][PASSED] - Object: '' is clicked on

2019-01-08 18:33:01 - [TEST_STEP][PASSED] - Statement - UpdatedSelectDate = com.kms.katalon.core.webui.keyword.WebUiBuiltInKeywords.modifyObjectProperty(com.kms.katalon.core.testobject.ObjectRepository.findTestObject(Final Object Repo/New Registration - Registration Module Pages/Form 2/DOB Date), "xpath", "equals", "//body/div/table/tbody/tr/td/a[text()="" + OneDayBefore + ""]", true): Modify property of object successfully

2019-01-08 18:33:01 - [MESSAGE][PASSED] - Modify property of object successfully

2019-01-08 18:33:01 - [TEST_STEP][PASSED] - click: Object: 'Object Repository/Final Object Repo/New Registration - Registration Module Pages/Form 2/DOB Date' is clicked on

2019-01-08 18:33:01 - [MESSAGE][PASSED] - Object: 'Object Repository/Final Object Repo/New Registration - Registration Module Pages/Form 2/DOB Date' is clicked on

2019-01-08 18:33:01 - [TEST_STEP][PASSED] - delay: Delayed 2 second(s)

2019-01-08 18:33:03 - [MESSAGE][PASSED] - Delayed 2 second(s)

2019-01-08 18:33:03 - [TEST_STEP][PASSED] - click: Object: 'Object Repository/Final Object Repo/New Registration - Registration Module Pages/Form 2/EmploymentStartDate Pop Up' is clicked on

2019-01-08 18:33:03 - [MESSAGE][PASSED] - Object: 'Object Repository/Final Object Repo/New Registration - Registration Module Pages/Form 2/EmploymentStartDate Pop Up' is clicked on

2019-01-08 18:33:03 - [TEST_STEP][PASSED] - delay: Delayed 2 second(s)

2019-01-08 18:33:05 - [MESSAGE][PASSED] - Delayed 2 second(s)

2019-01-08 18:33:05 - [TEST_STEP][PASSED] - click: Object: 'Object Repository/Final Object Repo/New Registration - Registration Module Pages/Form 2/Socso Employment StartDate Month' is clicked on

2019-01-08 18:33:05 - [MESSAGE][PASSED] - Object: 'Object Repository/Final Object Repo/New Registration - Registration Module Pages/Form 2/Socso Employment StartDate Month' is clicked on

2019-01-08 18:33:05 - [TEST_STEP][PASSED] - delay: Delayed 1 second(s)

2019-01-08 18:33:06 - [MESSAGE][PASSED] - Delayed 1 second(s)

2019-01-08 18:33:06 - [TEST_STEP][PASSED] - click: Object: 'Object Repository/Final Object Repo/New Registration - Registration Module Pages/Form 2/Select Socso Employement Startdate Month' is clicked on

2019-01-08 18:33:07 - [MESSAGE][PASSED] - Object: 'Object Repository/Final Object Repo/New Registration - Registration Module Pages/Form 2/Select Socso Employement Startdate Month' is clicked on

2019-01-08 18:33:07 - [TEST_STEP][PASSED] - delay: Delayed 2 second(s)

2019-01-08 18:33:09 - [MESSAGE][PASSED] - Delayed 2 second(s)

2019-01-08 18:33:09 - [TEST_STEP][PASSED] - click: Object: 'Object Repository/Final Object Repo/New Registration - Registration Module Pages/Form 2/Socso Employment StartDate Year' is clicked on

2019-01-08 18:33:09 - [MESSAGE][PASSED] - Object: 'Object Repository/Final Object Repo/New Registration - Registration Module Pages/Form 2/Socso Employment StartDate Year' is clicked on

2019-01-08 18:33:09 - [TEST_STEP][PASSED] - delay: Delayed 1 second(s)

2019-01-08 18:33:10 - [MESSAGE][PASSED] - Delayed 1 second(s)

2019-01-08 18:33:10 - [TEST_STEP][PASSED] - click: Object: 'Object Repository/Final Object Repo/New Registration - Registration Module Pages/Form 2/Select Socso Employment Startdate Year' is clicked on

2019-01-08 18:33:10 - [MESSAGE][PASSED] - Object: 'Object Repository/Final Object Repo/New Registration - Registration Module Pages/Form 2/Select Socso Employment Startdate Year' is clicked on

2019-01-08 18:33:10 - [TEST_STEP][PASSED] - delay: Delayed 2 second(s)

2019-01-08 18:33:12 - [MESSAGE][PASSED] - Delayed 2 second(s)

2019-01-08 18:33:12 - [TEST_STEP][PASSED] - click: Object: 'Object Repository/Final Object Repo/New Registration - Registration Module Pages/Form 2/Socso Employment Start Date Day' is clicked on

2019-01-08 18:33:12 - [MESSAGE][PASSED] - Object: 'Object Repository/Final Object Repo/New Registration - Registration Module Pages/Form 2/Socso Employment Start Date Day' is clicked on

2019-01-08 18:33:12 - [TEST_STEP][PASSED] - delay: Delayed 2 second(s)

2019-01-08 18:33:14 - [MESSAGE][PASSED] - Delayed 2 second(s)

2019-01-08 18:33:14 - [TEST_STEP][PASSED] - click: Object: 'Object Repository/Final Object Repo/New Registration - Registration Module Pages/Form 2/Save Button for Add Employee' is clicked on

2019-01-08 18:33:14 - [MESSAGE][PASSED] - Object: 'Object Repository/Final Object Repo/New Registration - Registration Module Pages/Form 2/Save Button for Add Employee' is clicked on

2019-01-08 18:33:14 - [TEST_STEP][PASSED] - delay: Delayed 6 second(s)

2019-01-08 18:33:20 - [MESSAGE][PASSED] - Delayed 6 second(s)

2019-01-08 18:33:20 - [TEST_STEP][PASSED] - click: Object: 'Object Repository/Final Object Repo/New Registration - Registration Module Pages/Form 2/Add Employee Button' is clicked on

2019-01-08 18:33:20 - [MESSAGE][PASSED] - Object: 'Object Repository/Final Object Repo/New Registration - Registration Module Pages/Form 2/Add Employee Button' is clicked on

2019-01-08 18:33:20 - [TEST_STEP][PASSED] - delay: Delayed 4 second(s)

2019-01-08 18:33:24 - [MESSAGE][PASSED] - Delayed 4 second(s)

2019-01-08 18:33:24 - [TEST_STEP][PASSED] - setText: Text '600203039154' is set on object 'Object Repository/Final Object Repo/New Registration - Registration Module Pages/Form 2/NRIC Input'

2019-01-08 18:33:25 - [MESSAGE][PASSED] - Text '600203039154' is set on object 'Object Repository/Final Object Repo/New Registration - Registration Module Pages/Form 2/NRIC Input'

2019-01-08 18:33:25 - [TEST_STEP][PASSED] - click: Object: 'Object Repository/Final Object Repo/New Registration - Registration Module Pages/Form 2/button for search for IC' is clicked on

2019-01-08 18:33:25 - [MESSAGE][PASSED] - Object: 'Object Repository/Final Object Repo/New Registration - Registration Module Pages/Form 2/button for search for IC' is clicked on

2019-01-08 18:33:25 - [TEST_STEP][PASSED] - delay: Delayed 2 second(s)

2019-01-08 18:33:27 - [MESSAGE][PASSED] - Delayed 2 second(s)

2019-01-08 18:33:27 - [TEST_STEP][PASSED] - setText: Text 'Automate001 not eligible 2' is set on object 'Object Repository/Final Object Repo/New Registration - Registration Module Pages/Form 2/Employee Name Input'

2019-01-08 18:33:27 - [MESSAGE][PASSED] - Text 'Automate001 not eligible 2' is set on object 'Object Repository/Final Object Repo/New Registration - Registration Module Pages/Form 2/Employee Name Input'

2019-01-08 18:33:27 - [TEST_STEP][PASSED] - delay: Delayed 2 second(s)

2019-01-08 18:33:29 - [MESSAGE][PASSED] - Delayed 2 second(s)

2019-01-08 18:33:29 - [TEST_STEP][PASSED] - click: Object: 'Object Repository/Final Object Repo/New Registration - Registration Module Pages/Form 2/DatePicker Pop Up' is clicked on

2019-01-08 18:33:30 - [MESSAGE][PASSED] - Object: 'Object Repository/Final Object Repo/New Registration - Registration Module Pages/Form 2/DatePicker Pop Up' is clicked on

2019-01-08 18:33:30 - [TEST_STEP][PASSED] - delay: Delayed 2 second(s)

2019-01-08 18:33:32 - [MESSAGE][PASSED] - Delayed 2 second(s)

2019-01-08 18:33:32 - [TEST_STEP][PASSED] - click: Object: 'Object Repository/Final Object Repo/New Registration - Registration Module Pages/Form 2/DOB Month' is clicked on

2019-01-08 18:33:32 - [MESSAGE][PASSED] - Object: 'Object Repository/Final Object Repo/New Registration - Registration Module Pages/Form 2/DOB Month' is clicked on

2019-01-08 18:33:32 - [TEST_STEP][PASSED] - Statement - selectMonth = com.kms.katalon.core.webui.keyword.WebUiBuiltInKeywords.modifyObjectProperty(selectMonth, "xpath", "equals", "//body/div/div/div/select/option[@value="" + CurrentMonth + ""]", true): Modify property of object successfully

2019-01-08 18:33:32 - [MESSAGE][PASSED] - Modify property of object successfully

2019-01-08 18:33:32 - [TEST_STEP][PASSED] - click: Object: '' is clicked on

2019-01-08 18:33:32 - [MESSAGE][PASSED] - Object: '' is clicked on

2019-01-08 18:33:32 - [TEST_STEP][PASSED] - click: Object: 'Object Repository/Final Object Repo/New Registration - Registration Module Pages/Form 2/DOB Year' is clicked on

2019-01-08 18:33:32 - [MESSAGE][PASSED] - Object: 'Object Repository/Final Object Repo/New Registration - Registration Module Pages/Form 2/DOB Year' is clicked on

2019-01-08 18:33:32 - [TEST_STEP][PASSED] - Statement - selectYear = com.kms.katalon.core.webui.keyword.WebUiBuiltInKeywords.modifyObjectProperty(selectYear, "xpath", "equals", "//div/div/div/select/option[@value="" + FiftysevenYrsBefore + ""]", true): Modify property of object successfully

2019-01-08 18:33:32 - [MESSAGE][PASSED] - Modify property of object successfully

2019-01-08 18:33:32 - [TEST_STEP][PASSED] - click: Object: '' is clicked on

2019-01-08 18:33:32 - [MESSAGE][PASSED] - Object: '' is clicked on

2019-01-08 18:33:32 - [TEST_STEP][PASSED] - Statement - UpdatedSelectDate = com.kms.katalon.core.webui.keyword.WebUiBuiltInKeywords.modifyObjectProperty(com.kms.katalon.core.testobject.ObjectRepository.findTestObject(Final Object Repo/New Registration - Registration Module Pages/Form 2/DOB Date), "xpath", "equals", "//body/div/table/tbody/tr/td/a[text()="" + CurrentDate + ""]", true): Modify property of object successfully

2019-01-08 18:33:32 - [MESSAGE][PASSED] - Modify property of object successfully

2019-01-08 18:33:32 - [TEST_STEP][PASSED] - click: Object: 'Object Repository/Final Object Repo/New Registration - Registration Module Pages/Form 2/DOB Date' is clicked on

2019-01-08 18:33:32 - [MESSAGE][PASSED] - Object: 'Object Repository/Final Object Repo/New Registration - Registration Module Pages/Form 2/DOB Date' is clicked on

2019-01-08 18:33:32 - [TEST_STEP][PASSED] - click: Object: 'Object Repository/Final Object Repo/New Registration - Registration Module Pages/Form 2/EmploymentStartDate Pop Up' is clicked on

2019-01-08 18:33:33 - [MESSAGE][PASSED] - Object: 'Object Repository/Final Object Repo/New Registration - Registration Module Pages/Form 2/EmploymentStartDate Pop Up' is clicked on

2019-01-08 18:33:33 - [TEST_STEP][PASSED] - delay: Delayed 2 second(s)

2019-01-08 18:33:35 - [MESSAGE][PASSED] - Delayed 2 second(s)

2019-01-08 18:33:35 - [TEST_STEP][PASSED] - click: Object: 'Object Repository/Final Object Repo/New Registration - Registration Module Pages/Form 2/Socso Employment StartDate Month' is clicked on

2019-01-08 18:33:35 - [MESSAGE][PASSED] - Object: 'Object Repository/Final Object Repo/New Registration - Registration Module Pages/Form 2/Socso Employment StartDate Month' is clicked on

2019-01-08 18:33:35 - [TEST_STEP][PASSED] - delay: Delayed 1 second(s)

2019-01-08 18:33:36 - [MESSAGE][PASSED] - Delayed 1 second(s)

2019-01-08 18:33:36 - [TEST_STEP][PASSED] - click: Object: 'Object Repository/Final Object Repo/New Registration - Registration Module Pages/Form 2/Select Socso Employement Startdate Month' is clicked on

2019-01-08 18:33:36 - [MESSAGE][PASSED] - Object: 'Object Repository/Final Object Repo/New Registration - Registration Module Pages/Form 2/Select Socso Employement Startdate Month' is clicked on

2019-01-08 18:33:36 - [TEST_STEP][PASSED] - delay: Delayed 2 second(s)

2019-01-08 18:33:38 - [MESSAGE][PASSED] - Delayed 2 second(s)

2019-01-08 18:33:38 - [TEST_STEP][PASSED] - click: Object: 'Object Repository/Final Object Repo/New Registration - Registration Module Pages/Form 2/Socso Employment StartDate Year' is clicked on

2019-01-08 18:33:38 - [MESSAGE][PASSED] - Object: 'Object Repository/Final Object Repo/New Registration - Registration Module Pages/Form 2/Socso Employment StartDate Year' is clicked on

2019-01-08 18:33:38 - [TEST_STEP][PASSED] - delay: Delayed 1 second(s)

2019-01-08 18:33:39 - [MESSAGE][PASSED] - Delayed 1 second(s)

2019-01-08 18:33:39 - [TEST_STEP][PASSED] - click: Object: 'Object Repository/Final Object Repo/New Registration - Registration Module Pages/Form 2/Select Socso Employment Startdate Year' is clicked on

2019-01-08 18:33:39 - [MESSAGE][PASSED] - Object: 'Object Repository/Final Object Repo/New Registration - Registration Module Pages/Form 2/Select Socso Employment Startdate Year' is clicked on

2019-01-08 18:33:39 - [TEST_STEP][PASSED] - delay: Delayed 2 second(s)

2019-01-08 18:33:41 - [MESSAGE][PASSED] - Delayed 2 second(s)

2019-01-08 18:33:41 - [TEST_STEP][PASSED] - click: Object: 'Object Repository/Final Object Repo/New Registration - Registration Module Pages/Form 2/Socso Employment Start Date Day' is clicked on

2019-01-08 18:33:41 - [MESSAGE][PASSED] - Object: 'Object Repository/Final Object Repo/New Registration - Registration Module Pages/Form 2/Socso Employment Start Date Day' is clicked on

2019-01-08 18:33:41 - [TEST_STEP][PASSED] - delay: Delayed 2 second(s)

2019-01-08 18:33:43 - [MESSAGE][PASSED] - Delayed 2 second(s)

2019-01-08 18:33:43 - [TEST_STEP][PASSED] - click: Object: 'Object Repository/Final Object Repo/New Registration - Registration Module Pages/Form 2/Save Button for Add Employee' is clicked on

2019-01-08 18:33:43 - [MESSAGE][PASSED] - Object: 'Object Repository/Final Object Repo/New Registration - Registration Module Pages/Form 2/Save Button for Add Employee' is clicked on

2019-01-08 18:33:43 - [TEST_STEP][PASSED] - delay: Delayed 2 second(s)

2019-01-08 18:33:45 - [MESSAGE][PASSED] - Delayed 2 second(s)

2019-01-08 18:33:45 - [TEST_STEP][PASSED] - click: Object: 'Object Repository/Final Object Repo/New Registration - Registration Module Pages/Form 2/Save and Continue Form 2' is clicked on

2019-01-08 18:33:46 - [MESSAGE][PASSED] - Object: 'Object Repository/Final Object Repo/New Registration - Registration Module Pages/Form 2/Save and Continue Form 2' is clicked on

2019-01-08 18:33:46 - [MESSAGE][PASSED] - Call Test Case 'Test Cases/Final Aug 2018 - PKS Automation/Registration Module/New Registration/Form 2/Add 2 Eligible 2 Not Eligible' successfully

2019-01-08 18:33:46 - [TEST_STEP][PASSED] - callTestCase: Call Test Case 'Test Cases/Final Aug 2018 - PKS Automation/Registration Module/New Registration/Flow of New Registration/Third Screen - Upload Supporting Doc - Preview' successfully

2019-01-08 18:33:46 - [TEST_CASE][PASSED] - Test Cases/Final Aug 2018 - PKS Automation/Registration Module/New Registration/Flow of New Registration/Third Screen - Upload Supporting Doc - Preview: Test Cases/Final Aug 2018 - PKS Automation/Registration Module/New Registration/Flow of New Registration/Third Screen - Upload Supporting Doc - Preview

2019-01-08 18:33:46 - [TEST_STEP][PASSED] - waitForPageLoad: Wait for page load successfully

2019-01-08 18:33:46 - [MESSAGE][PASSED] - Wait for page load successfully

2019-01-08 18:33:46 - [TEST_STEP][PASSED] - Statement - CaseReferenceNo = com.kms.katalon.core.webui.keyword.WebUiBuiltInKeywords.getText(com.kms.katalon.core.testobject.ObjectRepository.findTestObject(Final Object Repo/New Registration - Registration Module Pages/Third Screen - Upload Supporting Doc- Preview/RefNo Acquiring)): Text of object 'Object Repository/Final Object Repo/New Registration - Registration Module Pages/Third Screen - Upload Supporting Doc- Preview/RefNo Acquiring' is: 'CRN01201900123650'

2019-01-08 18:33:46 - [MESSAGE][PASSED] - Text of object 'Object Repository/Final Object Repo/New Registration - Registration Module Pages/Third Screen - Upload Supporting Doc- Preview/RefNo Acquiring' is: 'CRN01201900123650'

2019-01-08 18:33:46 - [TEST_STEP][PASSED] - delay: Delayed 2 second(s)

2019-01-08 18:33:48 - [MESSAGE][PASSED] - Delayed 2 second(s)

2019-01-08 18:33:48 - [TEST_STEP][PASSED] - callTestCase: Call Test Case 'Test Cases/Final Aug 2018 - PKS Automation/Common/Reference Number Setter' successfully

2019-01-08 18:33:49 - [TEST_CASE][PASSED] - Test Cases/Final Aug 2018 - PKS Automation/Common/Reference Number Setter: Test Cases/Final Aug 2018 - PKS Automation/Common/Reference Number Setter

2019-01-08 18:33:49 - [TEST_STEP][PASSED] - Statement - RefNoOldFile = new java.io.File(C://Users//Admin//Desktop//PKS//Automation Reference Point//KatalonReference.txt): null

2019-01-08 18:33:49 - [TEST_STEP][PASSED] - Statement - RefNoOldFile.delete(): null

2019-01-08 18:33:49 - [TEST_STEP][PASSED] - delay: Delayed 5 second(s)

2019-01-08 18:33:54 - [MESSAGE][PASSED] - Delayed 5 second(s)

2019-01-08 18:33:54 - [TEST_STEP][PASSED] - Statement - RefNo = new java.io.File(C://Users//Admin//Desktop//PKS//Automation Reference Point//KatalonReference.txt): null

2019-01-08 18:33:54 - [TEST_STEP][PASSED] - Statement - f2 = new java.io.FileWriter(RefNo, false): null

2019-01-08 18:33:54 - [TEST_STEP][PASSED] - Statement - f2.write(CaseReferenceNo): null

2019-01-08 18:33:54 - [TEST_STEP][PASSED] - Statement - f2.close(): null

2019-01-08 18:33:54 - [TEST_STEP][PASSED] - Statement - out.println("


" + CaseReferenceNo + "


"): null

2019-01-08 18:33:54 - [MESSAGE][PASSED] - Call Test Case 'Test Cases/Final Aug 2018 - PKS Automation/Common/Reference Number Setter' successfully

2019-01-08 18:33:54 - [TEST_STEP][PASSED] - waitForElementClickable: Object 'Object Repository/Final Object Repo/New Registration - Registration Module Pages/Third Screen - Upload Supporting Doc- Preview/Save n Continue in SIP Employee Listing Page' is clickable

2019-01-08 18:33:54 - [MESSAGE][PASSED] - Object 'Object Repository/Final Object Repo/New Registration - Registration Module Pages/Third Screen - Upload Supporting Doc- Preview/Save n Continue in SIP Employee Listing Page' is clickable

2019-01-08 18:33:54 - [TEST_STEP][PASSED] - click: Object: 'Object Repository/Final Object Repo/New Registration - Registration Module Pages/Third Screen - Upload Supporting Doc- Preview/Save n Continue in SIP Employee Listing Page' is clicked on

2019-01-08 18:33:59 - [MESSAGE][PASSED] - Object: 'Object Repository/Final Object Repo/New Registration - Registration Module Pages/Third Screen - Upload Supporting Doc- Preview/Save n Continue in SIP Employee Listing Page' is clicked on

2019-01-08 18:33:59 - [TEST_STEP][PASSED] - delay: Delayed 7 second(s)

2019-01-08 18:34:06 - [MESSAGE][PASSED] - Delayed 7 second(s)

2019-01-08 18:34:06 - [TEST_STEP][PASSED] - click: Object: 'Object Repository/Final Object Repo/New Registration - Registration Module Pages/Third Screen - Upload Supporting Doc- Preview/Add Document Button' is clicked on

2019-01-08 18:34:06 - [MESSAGE][PASSED] - Object: 'Object Repository/Final Object Repo/New Registration - Registration Module Pages/Third Screen - Upload Supporting Doc- Preview/Add Document Button' is clicked on

2019-01-08 18:34:06 - [TEST_STEP][PASSED] - delay: Delayed 30 second(s)

2019-01-08 18:34:36 - [MESSAGE][PASSED] - Delayed 30 second(s)

2019-01-08 18:34:36 - [TEST_STEP][PASSED] - click: Object: 'Object Repository/Final Object Repo/New Registration - Registration Module Pages/Third Screen - Upload Supporting Doc- Preview/Supporting Doc Please Select Drop Down' is clicked on

2019-01-08 18:34:37 - [MESSAGE][PASSED] - Object: 'Object Repository/Final Object Repo/New Registration - Registration Module Pages/Third Screen - Upload Supporting Doc- Preview/Supporting Doc Please Select Drop Down' is clicked on

2019-01-08 18:34:37 - [TEST_STEP][PASSED] - delay: Delayed 2 second(s)

2019-01-08 18:34:39 - [MESSAGE][PASSED] - Delayed 2 second(s)

2019-01-08 18:34:39 - [TEST_STEP][PASSED] - click: Object: 'Object Repository/Final Object Repo/New Registration - Registration Module Pages/Third Screen - Upload Supporting Doc- Preview/Select to Upload Form 1' is clicked on

2019-01-08 18:34:39 - [MESSAGE][PASSED] - Object: 'Object Repository/Final Object Repo/New Registration - Registration Module Pages/Third Screen - Upload Supporting Doc- Preview/Select to Upload Form 1' is clicked on

2019-01-08 18:34:39 - [TEST_STEP][PASSED] - delay: Delayed 2 second(s)

2019-01-08 18:34:41 - [MESSAGE][PASSED] - Delayed 2 second(s)

2019-01-08 18:34:41 - [TEST_STEP][PASSED] - uploadFile: File 'C:\Users\Public\Pictures\Sample Pictures\Koala.jpg' sent to object: 'Object Repository/Final Object Repo/New Registration - Registration Module Pages/Third Screen - Upload Supporting Doc- Preview/Upload File Adding'

2019-01-08 18:34:41 - [MESSAGE][PASSED] - File 'C:\Users\Public\Pictures\Sample Pictures\Koala.jpg' sent to object: 'Object Repository/Final Object Repo/New Registration - Registration Module Pages/Third Screen - Upload Supporting Doc- Preview/Upload File Adding'

2019-01-08 18:34:41 - [TEST_STEP][PASSED] - delay: Delayed 5 second(s)

2019-01-08 18:34:46 - [MESSAGE][PASSED] - Delayed 5 second(s)

2019-01-08 18:34:46 - [TEST_STEP][PASSED] - click: Object: 'Object Repository/Final Object Repo/New Registration - Registration Module Pages/Third Screen - Upload Supporting Doc- Preview/Inner Form Add Document Button' is clicked on

2019-01-08 18:34:46 - [MESSAGE][PASSED] - Object: 'Object Repository/Final Object Repo/New Registration - Registration Module Pages/Third Screen - Upload Supporting Doc- Preview/Inner Form Add Document Button' is clicked on

2019-01-08 18:34:46 - [TEST_STEP][PASSED] - delay: Delayed 3 second(s)

2019-01-08 18:34:49 - [MESSAGE][PASSED] - Delayed 3 second(s)

2019-01-08 18:34:49 - [TEST_STEP][PASSED] - click: Object: 'Object Repository/Final Object Repo/New Registration - Registration Module Pages/Third Screen - Upload Supporting Doc- Preview/Add Document Button' is clicked on

2019-01-08 18:34:51 - [MESSAGE][PASSED] - Object: 'Object Repository/Final Object Repo/New Registration - Registration Module Pages/Third Screen - Upload Supporting Doc- Preview/Add Document Button' is clicked on

2019-01-08 18:34:51 - [TEST_STEP][PASSED] - delay: Delayed 30 second(s)

2019-01-08 18:35:21 - [MESSAGE][PASSED] - Delayed 30 second(s)

2019-01-08 18:35:21 - [TEST_STEP][PASSED] - click: Object: 'Object Repository/Final Object Repo/New Registration - Registration Module Pages/Third Screen - Upload Supporting Doc- Preview/Supporting Doc Please Select Drop Down' is clicked on

2019-01-08 18:35:21 - [MESSAGE][PASSED] - Object: 'Object Repository/Final Object Repo/New Registration - Registration Module Pages/Third Screen - Upload Supporting Doc- Preview/Supporting Doc Please Select Drop Down' is clicked on

2019-01-08 18:35:21 - [TEST_STEP][PASSED] - delay: Delayed 4 second(s)

2019-01-08 18:35:25 - [MESSAGE][PASSED] - Delayed 4 second(s)

2019-01-08 18:35:25 - [TEST_STEP][PASSED] - click: Object: 'Object Repository/Final Object Repo/New Registration - Registration Module Pages/Third Screen - Upload Supporting Doc- Preview/Select to Upload Form 2' is clicked on

2019-01-08 18:35:25 - [MESSAGE][PASSED] - Object: 'Object Repository/Final Object Repo/New Registration - Registration Module Pages/Third Screen - Upload Supporting Doc- Preview/Select to Upload Form 2' is clicked on

2019-01-08 18:35:25 - [TEST_STEP][PASSED] - delay: Delayed 2 second(s)

2019-01-08 18:35:27 - [MESSAGE][PASSED] - Delayed 2 second(s)

2019-01-08 18:35:27 - [TEST_STEP][PASSED] - uploadFile: File 'C:\Users\Public\Pictures\Sample Pictures\Koala.jpg' sent to object: 'Object Repository/Final Object Repo/New Registration - Registration Module Pages/Third Screen - Upload Supporting Doc- Preview/Upload File Adding'

2019-01-08 18:35:27 - [MESSAGE][PASSED] - File 'C:\Users\Public\Pictures\Sample Pictures\Koala.jpg' sent to object: 'Object Repository/Final Object Repo/New Registration - Registration Module Pages/Third Screen - Upload Supporting Doc- Preview/Upload File Adding'

2019-01-08 18:35:27 - [TEST_STEP][PASSED] - click: Object: 'Object Repository/Final Object Repo/New Registration - Registration Module Pages/Third Screen - Upload Supporting Doc- Preview/Inner Form Add Document Button' is clicked on

2019-01-08 18:35:27 - [MESSAGE][PASSED] - Object: 'Object Repository/Final Object Repo/New Registration - Registration Module Pages/Third Screen - Upload Supporting Doc- Preview/Inner Form Add Document Button' is clicked on

2019-01-08 18:35:27 - [TEST_STEP][PASSED] - delay: Delayed 5 second(s)

2019-01-08 18:35:32 - [MESSAGE][PASSED] - Delayed 5 second(s)

2019-01-08 18:35:32 - [TEST_STEP][PASSED] - click: Object: 'Object Repository/Final Object Repo/New Registration - Registration Module Pages/Third Screen - Upload Supporting Doc- Preview/Add Document Button' is clicked on

2019-01-08 18:35:32 - [MESSAGE][PASSED] - Object: 'Object Repository/Final Object Repo/New Registration - Registration Module Pages/Third Screen - Upload Supporting Doc- Preview/Add Document Button' is clicked on

2019-01-08 18:35:32 - [TEST_STEP][PASSED] - delay: Delayed 30 second(s)

2019-01-08 18:36:02 - [MESSAGE][PASSED] - Delayed 30 second(s)

2019-01-08 18:36:02 - [TEST_STEP][PASSED] - click: Object: 'Object Repository/Final Object Repo/New Registration - Registration Module Pages/Third Screen - Upload Supporting Doc- Preview/Supporting Doc Please Select Drop Down' is clicked on

2019-01-08 18:36:03 - [MESSAGE][PASSED] - Object: 'Object Repository/Final Object Repo/New Registration - Registration Module Pages/Third Screen - Upload Supporting Doc- Preview/Supporting Doc Please Select Drop Down' is clicked on

2019-01-08 18:36:03 - [TEST_STEP][PASSED] - click: Object: 'Object Repository/Final Object Repo/New Registration - Registration Module Pages/Third Screen - Upload Supporting Doc- Preview/Select to Upload Borang SIP 1' is clicked on

2019-01-08 18:36:03 - [MESSAGE][PASSED] - Object: 'Object Repository/Final Object Repo/New Registration - Registration Module Pages/Third Screen - Upload Supporting Doc- Preview/Select to Upload Borang SIP 1' is clicked on

2019-01-08 18:36:03 - [TEST_STEP][PASSED] - delay: Delayed 2 second(s)

2019-01-08 18:36:05 - [MESSAGE][PASSED] - Delayed 2 second(s)

2019-01-08 18:36:05 - [TEST_STEP][PASSED] - uploadFile: File 'C:\Users\Public\Pictures\Sample Pictures\Koala.jpg' sent to object: 'Object Repository/Final Object Repo/New Registration - Registration Module Pages/Third Screen - Upload Supporting Doc- Preview/Upload File Adding'

2019-01-08 18:36:05 - [MESSAGE][PASSED] - File 'C:\Users\Public\Pictures\Sample Pictures\Koala.jpg' sent to object: 'Object Repository/Final Object Repo/New Registration - Registration Module Pages/Third Screen - Upload Supporting Doc- Preview/Upload File Adding'

2019-01-08 18:36:05 - [TEST_STEP][PASSED] - click: Object: 'Object Repository/Final Object Repo/New Registration - Registration Module Pages/Third Screen - Upload Supporting Doc- Preview/Inner Form Add Document Button' is clicked on

2019-01-08 18:36:05 - [MESSAGE][PASSED] - Object: 'Object Repository/Final Object Repo/New Registration - Registration Module Pages/Third Screen - Upload Supporting Doc- Preview/Inner Form Add Document Button' is clicked on

2019-01-08 18:36:05 - [TEST_STEP][PASSED] - delay: Delayed 5 second(s)

2019-01-08 18:36:10 - [MESSAGE][PASSED] - Delayed 5 second(s)

2019-01-08 18:36:10 - [TEST_STEP][PASSED] - click: Object: 'Object Repository/Final Object Repo/New Registration - Registration Module Pages/Third Screen - Upload Supporting Doc- Preview/Add Document Button' is clicked on

2019-01-08 18:36:10 - [MESSAGE][PASSED] - Object: 'Object Repository/Final Object Repo/New Registration - Registration Module Pages/Third Screen - Upload Supporting Doc- Preview/Add Document Button' is clicked on

2019-01-08 18:36:10 - [TEST_STEP][PASSED] - delay: Delayed 30 second(s)

2019-01-08 18:36:40 - [MESSAGE][PASSED] - Delayed 30 second(s)

2019-01-08 18:36:40 - [TEST_STEP][PASSED] - click: Object: 'Object Repository/Final Object Repo/New Registration - Registration Module Pages/Third Screen - Upload Supporting Doc- Preview/Supporting Doc Please Select Drop Down' is clicked on

2019-01-08 18:36:40 - [MESSAGE][PASSED] - Object: 'Object Repository/Final Object Repo/New Registration - Registration Module Pages/Third Screen - Upload Supporting Doc- Preview/Supporting Doc Please Select Drop Down' is clicked on

2019-01-08 18:36:40 - [TEST_STEP][PASSED] - delay: Delayed 3 second(s)

2019-01-08 18:36:43 - [MESSAGE][PASSED] - Delayed 3 second(s)

2019-01-08 18:36:43 - [TEST_STEP][PASSED] - click: Object: 'Object Repository/Final Object Repo/New Registration - Registration Module Pages/Third Screen - Upload Supporting Doc- Preview/Select to Upload Borang SIP 2' is clicked on

2019-01-08 18:36:44 - [MESSAGE][PASSED] - Object: 'Object Repository/Final Object Repo/New Registration - Registration Module Pages/Third Screen - Upload Supporting Doc- Preview/Select to Upload Borang SIP 2' is clicked on

2019-01-08 18:36:44 - [TEST_STEP][PASSED] - delay: Delayed 2 second(s)

2019-01-08 18:36:46 - [MESSAGE][PASSED] - Delayed 2 second(s)

2019-01-08 18:36:46 - [TEST_STEP][PASSED] - uploadFile: File 'C:\Users\Public\Pictures\Sample Pictures\Koala.jpg' sent to object: 'Object Repository/Final Object Repo/New Registration - Registration Module Pages/Third Screen - Upload Supporting Doc- Preview/Upload File Adding'

2019-01-08 18:36:46 - [MESSAGE][PASSED] - File 'C:\Users\Public\Pictures\Sample Pictures\Koala.jpg' sent to object: 'Object Repository/Final Object Repo/New Registration - Registration Module Pages/Third Screen - Upload Supporting Doc- Preview/Upload File Adding'

2019-01-08 18:36:46 - [TEST_STEP][PASSED] - delay: Delayed 5 second(s)

2019-01-08 18:36:51 - [MESSAGE][PASSED] - Delayed 5 second(s)

2019-01-08 18:36:51 - [TEST_STEP][PASSED] - click: Object: 'Object Repository/Final Object Repo/New Registration - Registration Module Pages/Third Screen - Upload Supporting Doc- Preview/Inner Form Add Document Button' is clicked on

2019-01-08 18:36:51 - [MESSAGE][PASSED] - Object: 'Object Repository/Final Object Repo/New Registration - Registration Module Pages/Third Screen - Upload Supporting Doc- Preview/Inner Form Add Document Button' is clicked on

2019-01-08 18:36:51 - [TEST_STEP][PASSED] - delay: Delayed 3 second(s)

2019-01-08 18:36:54 - [MESSAGE][PASSED] - Delayed 3 second(s)

2019-01-08 18:36:54 - [TEST_STEP][PASSED] - waitForElementClickable: Object 'Object Repository/Final Object Repo/New Registration - Registration Module Pages/Third Screen - Upload Supporting Doc- Preview/Save n Continue in Uploading Supporting Doc Page' is clickable

2019-01-08 18:36:55 - [MESSAGE][PASSED] - Object 'Object Repository/Final Object Repo/New Registration - Registration Module Pages/Third Screen - Upload Supporting Doc- Preview/Save n Continue in Uploading Supporting Doc Page' is clickable

2019-01-08 18:36:55 - [TEST_STEP][PASSED] - click: Object: 'Object Repository/Final Object Repo/New Registration - Registration Module Pages/Third Screen - Upload Supporting Doc- Preview/Save n Continue in Uploading Supporting Doc Page' is clicked on

2019-01-08 18:36:55 - [MESSAGE][PASSED] - Object: 'Object Repository/Final Object Repo/New Registration - Registration Module Pages/Third Screen - Upload Supporting Doc- Preview/Save n Continue in Uploading Supporting Doc Page' is clicked on

2019-01-08 18:36:55 - [MESSAGE][PASSED] - Call Test Case 'Test Cases/Final Aug 2018 - PKS Automation/Registration Module/New Registration/Flow of New Registration/Third Screen - Upload Supporting Doc - Preview' successfully

2019-01-08 18:36:55 - [TEST_STEP][PASSED] - callTestCase: Call Test Case 'Test Cases/Final Aug 2018 - PKS Automation/Registration Module/New Registration/Submit and Screenshot/Submit Registration and Screenshot' successfully

2019-01-08 18:36:55 - [TEST_CASE][PASSED] - Test Cases/Final Aug 2018 - PKS Automation/Registration Module/New Registration/Submit and Screenshot/Submit Registration and Screenshot: Test Cases/Final Aug 2018 - PKS Automation/Registration Module/New Registration/Submit and Screenshot/Submit Registration and Screenshot

2019-01-08 18:36:55 - [TEST_STEP][PASSED] - delay: Delayed 6 second(s)

2019-01-08 18:37:01 - [MESSAGE][PASSED] - Delayed 6 second(s)

2019-01-08 18:37:01 - [TEST_STEP][PASSED] - click: Object: 'Object Repository/Final Object Repo/New Registration - Registration Module Pages/Third Screen - Upload Supporting Doc- Preview/Preview Submit Button' is clicked on

2019-01-08 18:37:02 - [MESSAGE][PASSED] - Object: 'Object Repository/Final Object Repo/New Registration - Registration Module Pages/Third Screen - Upload Supporting Doc- Preview/Preview Submit Button' is clicked on

2019-01-08 18:37:02 - [TEST_STEP][PASSED] - delay: Delayed 2 second(s)

2019-01-08 18:37:04 - [MESSAGE][PASSED] - Delayed 2 second(s)

2019-01-08 18:37:04 - [TEST_STEP][PASSED] - click: Object: 'Object Repository/Final Object Repo/New Registration - Registration Module Pages/Third Screen - Upload Supporting Doc- Preview/Preview Submit - Confirm' is clicked on

2019-01-08 18:37:04 - [MESSAGE][PASSED] - Object: 'Object Repository/Final Object Repo/New Registration - Registration Module Pages/Third Screen - Upload Supporting Doc- Preview/Preview Submit - Confirm' is clicked on

2019-01-08 18:37:04 - [TEST_STEP][PASSED] - delay: Delayed 15 second(s)

2019-01-08 18:37:19 - [MESSAGE][PASSED] - Delayed 15 second(s)

2019-01-08 18:37:19 - [TEST_STEP][PASSED] - Statement - driver = com.kms.katalon.core.webui.driver.DriverFactory.getWebDriver(): null

2019-01-08 18:37:19 - [TEST_STEP][PASSED] - Statement - driver.manage().timeouts().implicitlyWait(10, SECONDS): null

2019-01-08 18:37:19 - [TEST_STEP][PASSED] - Statement - PresavePath = KatalonScreenshots: null

2019-01-08 18:37:19 - [TEST_STEP][PASSED] - Statement - pathPrefix = "C:\Users\Public\Pictures\Sample Pictures\Katalon Screenshots\Automate Ending Screen": null

2019-01-08 18:37:19 - [TEST_STEP][PASSED] - Statement - finalPath = <not implemented yet for class: org.codehaus.groovy.ast.expr.EmptyExpression>: null

2019-01-08 18:37:19 - [TEST_STEP][PASSED] - Statement - scrFile = driver.getScreenshotAs(FILE): null

2019-01-08 18:37:19 - [TEST_STEP][PASSED] - Statement - PreSaveFile = new java.io.File(PresavePath): null

2019-01-08 18:37:19 - [TEST_STEP][PASSED] - Statement - counter = 0: null

2019-01-08 18:37:19 - [TEST_STEP][PASSED] - Statement - If (PreSaveFile.exists()): null

2019-01-08 18:37:19 - [TEST_STEP][PASSED] - Statement - While (PreSaveFile.exists()): null

2019-01-08 18:37:19 - [TEST_STEP][PASSED] - Statement - counter = counter + 1: null

2019-01-08 18:37:19 - [TEST_STEP][PASSED] - Statement - PreSaveFile = new java.io.File(((pathPrefix + java.lang.Integer.toString(counter)) + .png)): null

2019-01-08 18:37:19 - [TEST_STEP][PASSED] - Statement - counter = counter + 1: null

2019-01-08 18:37:19 - [TEST_STEP][PASSED] - Statement - PreSaveFile = new java.io.File(((pathPrefix + java.lang.Integer.toString(counter)) + .png)): null

2019-01-08 18:37:19 - [TEST_STEP][PASSED] - Statement - counter = counter + 1: null

2019-01-08 18:37:19 - [TEST_STEP][PASSED] - Statement - PreSaveFile = new java.io.File(((pathPrefix + java.lang.Integer.toString(counter)) + .png)): null

2019-01-08 18:37:19 - [TEST_STEP][PASSED] - Statement - counter = counter + 1: null

2019-01-08 18:37:19 - [TEST_STEP][PASSED] - Statement - PreSaveFile = new java.io.File(((pathPrefix + java.lang.Integer.toString(counter)) + .png)): null

2019-01-08 18:37:19 - [TEST_STEP][PASSED] - Statement - counter = counter + 1: null

2019-01-08 18:37:19 - [TEST_STEP][PASSED] - Statement - PreSaveFile = new java.io.File(((pathPrefix + java.lang.Integer.toString(counter)) + .png)): null

2019-01-08 18:37:19 - [TEST_STEP][PASSED] - Statement - counter = counter + 1: null

2019-01-08 18:37:19 - [TEST_STEP][PASSED] - Statement - PreSaveFile = new java.io.File(((pathPrefix + java.lang.Integer.toString(counter)) + .png)): null

2019-01-08 18:37:19 - [TEST_STEP][PASSED] - Statement - counter = counter + 1: null

2019-01-08 18:37:19 - [TEST_STEP][PASSED] - Statement - PreSaveFile = new java.io.File(((pathPrefix + java.lang.Integer.toString(counter)) + .png)): null

2019-01-08 18:37:19 - [TEST_STEP][PASSED] - Statement - counter = counter + 1: null

2019-01-08 18:37:19 - [TEST_STEP][PASSED] - Statement - PreSaveFile = new java.io.File(((pathPrefix + java.lang.Integer.toString(counter)) + .png)): null

2019-01-08 18:37:19 - [TEST_STEP][PASSED] - Statement - counter = counter + 1: null

2019-01-08 18:37:19 - [TEST_STEP][PASSED] - Statement - PreSaveFile = new java.io.File(((pathPrefix + java.lang.Integer.toString(counter)) + .png)): null

2019-01-08 18:37:19 - [TEST_STEP][PASSED] - Statement - counter = counter + 1: null

2019-01-08 18:37:19 - [TEST_STEP][PASSED] - Statement - PreSaveFile = new java.io.File(((pathPrefix + java.lang.Integer.toString(counter)) + .png)): null

2019-01-08 18:37:19 - [TEST_STEP][PASSED] - Statement - counter = counter + 1: null

2019-01-08 18:37:19 - [TEST_STEP][PASSED] - Statement - PreSaveFile = new java.io.File(((pathPrefix + java.lang.Integer.toString(counter)) + .png)): null

2019-01-08 18:37:19 - [TEST_STEP][PASSED] - Statement - counter = counter + 1: null

2019-01-08 18:37:19 - [TEST_STEP][PASSED] - Statement - PreSaveFile = new java.io.File(((pathPrefix + java.lang.Integer.toString(counter)) + .png)): null

2019-01-08 18:37:19 - [TEST_STEP][PASSED] - Statement - counter = counter + 1: null

2019-01-08 18:37:19 - [TEST_STEP][PASSED] - Statement - PreSaveFile = new java.io.File(((pathPrefix + java.lang.Integer.toString(counter)) + .png)): null

2019-01-08 18:37:19 - [TEST_STEP][PASSED] - Statement - counter = counter + 1: null

2019-01-08 18:37:19 - [TEST_STEP][PASSED] - Statement - PreSaveFile = new java.io.File(((pathPrefix + java.lang.Integer.toString(counter)) + .png)): null

2019-01-08 18:37:19 - [TEST_STEP][PASSED] - Statement - counter = counter + 1: null

2019-01-08 18:37:19 - [TEST_STEP][PASSED] - Statement - PreSaveFile = new java.io.File(((pathPrefix + java.lang.Integer.toString(counter)) + .png)): null

2019-01-08 18:37:19 - [TEST_STEP][PASSED] - Statement - counter = counter + 1: null

2019-01-08 18:37:19 - [TEST_STEP][PASSED] - Statement - PreSaveFile = new java.io.File(((pathPrefix + java.lang.Integer.toString(counter)) + .png)): null

2019-01-08 18:37:19 - [TEST_STEP][PASSED] - Statement - counter = counter + 1: null

2019-01-08 18:37:19 - [TEST_STEP][PASSED] - Statement - PreSaveFile = new java.io.File(((pathPrefix + java.lang.Integer.toString(counter)) + .png)): null

2019-01-08 18:37:19 - [TEST_STEP][PASSED] - Statement - counter = counter + 1: null

2019-01-08 18:37:19 - [TEST_STEP][PASSED] - Statement - PreSaveFile = new java.io.File(((pathPrefix + java.lang.Integer.toString(counter)) + .png)): null

2019-01-08 18:37:19 - [TEST_STEP][PASSED] - Statement - counter = counter + 1: null

2019-01-08 18:37:19 - [TEST_STEP][PASSED] - Statement - PreSaveFile = new java.io.File(((pathPrefix + java.lang.Integer.toString(counter)) + .png)): null

2019-01-08 18:37:19 - [TEST_STEP][PASSED] - Statement - counter = counter + 1: null

2019-01-08 18:37:19 - [TEST_STEP][PASSED] - Statement - PreSaveFile = new java.io.File(((pathPrefix + java.lang.Integer.toString(counter)) + .png)): null

2019-01-08 18:37:19 - [TEST_STEP][PASSED] - Statement - counter = counter + 1: null

2019-01-08 18:37:19 - [TEST_STEP][PASSED] - Statement - PreSaveFile = new java.io.File(((pathPrefix + java.lang.Integer.toString(counter)) + .png)): null

2019-01-08 18:37:19 - [TEST_STEP][PASSED] - Statement - counter = counter + 1: null

2019-01-08 18:37:19 - [TEST_STEP][PASSED] - Statement - PreSaveFile = new java.io.File(((pathPrefix + java.lang.Integer.toString(counter)) + .png)): null

2019-01-08 18:37:19 - [TEST_STEP][PASSED] - Statement - counter = counter + 1: null

2019-01-08 18:37:19 - [TEST_STEP][PASSED] - Statement - PreSaveFile = new java.io.File(((pathPrefix + java.lang.Integer.toString(counter)) + .png)): null

2019-01-08 18:37:19 - [TEST_STEP][PASSED] - Statement - counter = counter + 1: null

2019-01-08 18:37:19 - [TEST_STEP][PASSED] - Statement - PreSaveFile = new java.io.File(((pathPrefix + java.lang.Integer.toString(counter)) + .png)): null

2019-01-08 18:37:19 - [TEST_STEP][PASSED] - Statement - counter = counter + 1: null

2019-01-08 18:37:19 - [TEST_STEP][PASSED] - Statement - PreSaveFile = new java.io.File(((pathPrefix + java.lang.Integer.toString(counter)) + .png)): null

2019-01-08 18:37:19 - [TEST_STEP][PASSED] - Statement - counter = counter + 1: null

2019-01-08 18:37:19 - [TEST_STEP][PASSED] - Statement - PreSaveFile = new java.io.File(((pathPrefix + java.lang.Integer.toString(counter)) + .png)): null

2019-01-08 18:37:19 - [TEST_STEP][PASSED] - Statement - finalPath = pathPrefix + java.lang.Integer.toString(counter) + ".png": null

2019-01-08 18:37:19 - [TEST_STEP][PASSED] - Statement - SaveFile = new java.io.File(finalPath): null

2019-01-08 18:37:19 - [TEST_STEP][PASSED] - Statement - Try: null

2019-01-08 18:37:19 - [TEST_STEP][PASSED] - Statement - org.apache.commons.io.FileUtils.copyFile(scrFile, SaveFile): null

2019-01-08 18:37:19 - [TEST_STEP][PASSED] - Statement - out.println("file kept"): null

2019-01-08 18:37:19 - [TEST_STEP][PASSED] - delay: Delayed 10 second(s)

2019-01-08 18:37:29 - [MESSAGE][PASSED] - Delayed 10 second(s)

2019-01-08 18:37:29 - [MESSAGE][PASSED] - Call Test Case 'Test Cases/Final Aug 2018 - PKS Automation/Registration Module/New Registration/Submit and Screenshot/Submit Registration and Screenshot' successfully]]></system-out>
         <system-err><![CDATA[]]></system-err>
      </testcase>
      <testcase name="Test Cases/Final Aug 2018 - PKS Automation/Registration Module/Critical Path/New Registration/Partnership - Not Registered" classname="Test Cases/Final Aug 2018 - PKS Automation/Registration Module/Critical Path/New Registration/Partnership - Not Registered" status="PASSED">
         <system-out><![CDATA[2019-01-08 18:37:29 - [TEST_CASE][PASSED] - Test Cases/Final Aug 2018 - PKS Automation/Registration Module/Critical Path/New Registration/Partnership - Not Registered: Test Cases/Final Aug 2018 - PKS Automation/Registration Module/Critical Path/New Registration/Partnership - Not Registered

2019-01-08 18:37:30 - [TEST_STEP][PASSED] - callTestCase: Call Test Case 'Test Cases/Final Aug 2018 - PKS Automation/Registration Module/New Registration/Form 1/Form 1 - Partnership - Not Registered' successfully

2019-01-08 18:37:30 - [TEST_CASE][PASSED] - Test Cases/Final Aug 2018 - PKS Automation/Registration Module/New Registration/Form 1/Form 1 - Partnership - Not Registered: Test Cases/Final Aug 2018 - PKS Automation/Registration Module/New Registration/Form 1/Form 1 - Partnership - Not Registered

2019-01-08 18:37:30 - [TEST_STEP][PASSED] - openBrowser: Browser is opened with url: ''

2019-01-08 18:37:30 - [MESSAGE][WARNING] - A browser is already opened. Closing browser and opening a new one

2019-01-08 18:37:33 - [MESSAGE][PASSED] - Browser is opened with url: ''

2019-01-08 18:37:33 - [TEST_STEP][PASSED] - navigateToUrl: Navigate to 'https://assist2-uat.perkeso.gov.my/login' successfully

2019-01-08 18:37:34 - [MESSAGE][PASSED] - Navigate to 'https://assist2-uat.perkeso.gov.my/login' successfully

2019-01-08 18:37:34 - [TEST_STEP][PASSED] - setText: Text 'johorotc1@gmail.com' is set on object 'Object Repository/Final Object Repo/Login Page/Internal User/Email Address'

2019-01-08 18:37:34 - [MESSAGE][PASSED] - Text 'johorotc1@gmail.com' is set on object 'Object Repository/Final Object Repo/Login Page/Internal User/Email Address'

2019-01-08 18:37:34 - [TEST_STEP][PASSED] - click: Object: 'Object Repository/Final Object Repo/Login Page/Internal User/Next Button' is clicked on

2019-01-08 18:37:35 - [MESSAGE][PASSED] - Object: 'Object Repository/Final Object Repo/Login Page/Internal User/Next Button' is clicked on

2019-01-08 18:37:35 - [TEST_STEP][PASSED] - delay: Delayed 1 second(s)

2019-01-08 18:37:36 - [MESSAGE][PASSED] - Delayed 1 second(s)

2019-01-08 18:37:36 - [TEST_STEP][PASSED] - setEncryptedText: Text ****** has been set on object 'Object Repository/Final Object Repo/Login Page/Internal User/Password'

2019-01-08 18:37:36 - [MESSAGE][PASSED] - Text ****** has been set on object 'Object Repository/Final Object Repo/Login Page/Internal User/Password'

2019-01-08 18:37:36 - [TEST_STEP][PASSED] - click: Object: 'Object Repository/Final Object Repo/Login Page/Internal User/Login Button' is clicked on

2019-01-08 18:37:36 - [MESSAGE][PASSED] - Object: 'Object Repository/Final Object Repo/Login Page/Internal User/Login Button' is clicked on

2019-01-08 18:37:36 - [TEST_STEP][PASSED] - delay: Delayed 1 second(s)

2019-01-08 18:37:37 - [MESSAGE][PASSED] - Delayed 1 second(s)

2019-01-08 18:37:37 - [TEST_STEP][PASSED] - Statement - Try: Delayed 2 second(s)

2019-01-08 18:37:37 - [TEST_STEP][PASSED] - Statement - Checker = false: null

2019-01-08 18:37:37 - [TEST_STEP][PASSED] - Statement - Checker = com.kms.katalon.core.webui.keyword.WebUiBuiltInKeywords.verifyElementHasAttribute(com.kms.katalon.core.testobject.ObjectRepository.findTestObject(Final Object Repo/Landing Page/BM Detecting), "href", 20, OPTIONAL): Object 'Object Repository/Final Object Repo/Landing Page/BM Detecting' has attribute 'href'

2019-01-08 18:37:38 - [MESSAGE][PASSED] - Object 'Object Repository/Final Object Repo/Landing Page/BM Detecting' has attribute 'href'

2019-01-08 18:37:38 - [TEST_STEP][PASSED] - Statement - out.println(Checker): null

2019-01-08 18:37:38 - [TEST_STEP][PASSED] - Statement - If (Checker == false): null

2019-01-08 18:37:38 - [TEST_STEP][PASSED] - Statement - Else: null

2019-01-08 18:37:38 - [TEST_STEP][PASSED] - delay: Delayed 2 second(s)

2019-01-08 18:37:40 - [MESSAGE][PASSED] - Delayed 2 second(s)

2019-01-08 18:37:40 - [TEST_STEP][PASSED] - navigateToUrl: Navigate to 'https://assist2-uat.perkeso.gov.my/web/registration/registration' successfully

2019-01-08 18:37:41 - [MESSAGE][PASSED] - Navigate to 'https://assist2-uat.perkeso.gov.my/web/registration/registration' successfully

2019-01-08 18:37:41 - [TEST_STEP][PASSED] - click: Object: 'Object Repository/Final Object Repo/New Registration - Registration Module Pages/Form 1/AEC - No' is clicked on

2019-01-08 18:37:42 - [MESSAGE][PASSED] - Object: 'Object Repository/Final Object Repo/New Registration - Registration Module Pages/Form 1/AEC - No' is clicked on

2019-01-08 18:37:42 - [TEST_STEP][PASSED] - click: Object: 'Object Repository/Final Object Repo/New Registration - Registration Module Pages/Form 1/Business Entity' is clicked on

2019-01-08 18:37:42 - [MESSAGE][PASSED] - Object: 'Object Repository/Final Object Repo/New Registration - Registration Module Pages/Form 1/Business Entity' is clicked on

2019-01-08 18:37:42 - [TEST_STEP][PASSED] - click: Object: 'Object Repository/Final Object Repo/New Registration - Registration Module Pages/Form 1/Business Entity - Partnership' is clicked on

2019-01-08 18:37:42 - [MESSAGE][PASSED] - Object: 'Object Repository/Final Object Repo/New Registration - Registration Module Pages/Form 1/Business Entity - Partnership' is clicked on

2019-01-08 18:37:42 - [TEST_STEP][PASSED] - delay: Delayed 1 second(s)

2019-01-08 18:37:43 - [MESSAGE][PASSED] - Delayed 1 second(s)

2019-01-08 18:37:43 - [TEST_STEP][PASSED] - click: Object: 'Object Repository/Final Object Repo/New Registration - Registration Module Pages/Form 1/Sub Business Entity' is clicked on

2019-01-08 18:37:43 - [MESSAGE][PASSED] - Object: 'Object Repository/Final Object Repo/New Registration - Registration Module Pages/Form 1/Sub Business Entity' is clicked on

2019-01-08 18:37:43 - [TEST_STEP][PASSED] - click: Object: 'Object Repository/Final Object Repo/New Registration - Registration Module Pages/Form 1/Sub Business Entity - Not Registered' is clicked on

2019-01-08 18:37:43 - [MESSAGE][PASSED] - Object: 'Object Repository/Final Object Repo/New Registration - Registration Module Pages/Form 1/Sub Business Entity - Not Registered' is clicked on

2019-01-08 18:37:43 - [TEST_STEP][PASSED] - delay: Delayed 1 second(s)

2019-01-08 18:37:44 - [MESSAGE][PASSED] - Delayed 1 second(s)

2019-01-08 18:37:44 - [TEST_STEP][PASSED] - setText: Text '123' is set on object 'Object Repository/Final Object Repo/New Registration - Registration Module Pages/Form 1/Registration Number'

2019-01-08 18:37:45 - [MESSAGE][PASSED] - Text '123' is set on object 'Object Repository/Final Object Repo/New Registration - Registration Module Pages/Form 1/Registration Number'

2019-01-08 18:37:45 - [TEST_STEP][NOT_RUN] - click: NOT_RUN: click

2019-01-08 18:37:45 - [MESSAGE][NOT_RUN] - NOT_RUN: click

2019-01-08 18:37:45 - [TEST_STEP][PASSED] - click: Object: 'Object Repository/Final Object Repo/New Registration - Registration Module Pages/Form 1/Registered As a Branch - Yes' is clicked on

2019-01-08 18:37:45 - [MESSAGE][PASSED] - Object: 'Object Repository/Final Object Repo/New Registration - Registration Module Pages/Form 1/Registered As a Branch - Yes' is clicked on

2019-01-08 18:37:45 - [TEST_STEP][PASSED] - click: Object: 'Object Repository/Final Object Repo/New Registration - Registration Module Pages/Form 1/Acknowledgement' is clicked on

2019-01-08 18:37:45 - [MESSAGE][PASSED] - Object: 'Object Repository/Final Object Repo/New Registration - Registration Module Pages/Form 1/Acknowledgement' is clicked on

2019-01-08 18:37:45 - [TEST_STEP][PASSED] - setText: Text 'perkeso' is set on object 'Object Repository/Final Object Repo/New Registration - Registration Module Pages/Form 1/Industry name'

2019-01-08 18:37:45 - [MESSAGE][PASSED] - Text 'perkeso' is set on object 'Object Repository/Final Object Repo/New Registration - Registration Module Pages/Form 1/Industry name'

2019-01-08 18:37:45 - [TEST_STEP][PASSED] - setText: Text 'perkeso1' is set on object 'Object Repository/Final Object Repo/New Registration - Registration Module Pages/Form 1/Postal Address1'

2019-01-08 18:37:46 - [MESSAGE][PASSED] - Text 'perkeso1' is set on object 'Object Repository/Final Object Repo/New Registration - Registration Module Pages/Form 1/Postal Address1'

2019-01-08 18:37:46 - [TEST_STEP][PASSED] - setText: Text 'perkeso2' is set on object 'Object Repository/Final Object Repo/New Registration - Registration Module Pages/Form 1/Postal Address2'

2019-01-08 18:37:46 - [MESSAGE][PASSED] - Text 'perkeso2' is set on object 'Object Repository/Final Object Repo/New Registration - Registration Module Pages/Form 1/Postal Address2'

2019-01-08 18:37:46 - [TEST_STEP][PASSED] - setText: Text 'perkeso3' is set on object 'Object Repository/Final Object Repo/New Registration - Registration Module Pages/Form 1/Postal Address3'

2019-01-08 18:37:46 - [MESSAGE][PASSED] - Text 'perkeso3' is set on object 'Object Repository/Final Object Repo/New Registration - Registration Module Pages/Form 1/Postal Address3'

2019-01-08 18:37:46 - [TEST_STEP][PASSED] - click: Object: 'Object Repository/Final Object Repo/New Registration - Registration Module Pages/Form 1/State' is clicked on

2019-01-08 18:37:47 - [MESSAGE][PASSED] - Object: 'Object Repository/Final Object Repo/New Registration - Registration Module Pages/Form 1/State' is clicked on

2019-01-08 18:37:47 - [TEST_STEP][PASSED] - click: Object: 'Object Repository/Final Object Repo/New Registration - Registration Module Pages/Form 1/State - Johor' is clicked on

2019-01-08 18:37:47 - [MESSAGE][PASSED] - Object: 'Object Repository/Final Object Repo/New Registration - Registration Module Pages/Form 1/State - Johor' is clicked on

2019-01-08 18:37:47 - [TEST_STEP][PASSED] - delay: Delayed 1 second(s)

2019-01-08 18:37:48 - [MESSAGE][PASSED] - Delayed 1 second(s)

2019-01-08 18:37:48 - [TEST_STEP][PASSED] - click: Object: 'Object Repository/Final Object Repo/New Registration - Registration Module Pages/Form 1/City' is clicked on

2019-01-08 18:37:48 - [MESSAGE][PASSED] - Object: 'Object Repository/Final Object Repo/New Registration - Registration Module Pages/Form 1/City' is clicked on

2019-01-08 18:37:48 - [TEST_STEP][PASSED] - setText: Text 'joh' is set on object 'Object Repository/Final Object Repo/New Registration - Registration Module Pages/Form 1/Postcode - 810'

2019-01-08 18:37:48 - [MESSAGE][PASSED] - Text 'joh' is set on object 'Object Repository/Final Object Repo/New Registration - Registration Module Pages/Form 1/Postcode - 810'

2019-01-08 18:37:48 - [TEST_STEP][PASSED] - delay: Delayed 1 second(s)

2019-01-08 18:37:49 - [MESSAGE][PASSED] - Delayed 1 second(s)

2019-01-08 18:37:49 - [TEST_STEP][PASSED] - click: Object: 'Object Repository/Final Object Repo/New Registration - Registration Module Pages/Form 1/City - Johor Bharu' is clicked on

2019-01-08 18:37:49 - [MESSAGE][PASSED] - Object: 'Object Repository/Final Object Repo/New Registration - Registration Module Pages/Form 1/City - Johor Bharu' is clicked on

2019-01-08 18:37:49 - [TEST_STEP][PASSED] - delay: Delayed 1 second(s)

2019-01-08 18:37:50 - [MESSAGE][PASSED] - Delayed 1 second(s)

2019-01-08 18:37:50 - [TEST_STEP][PASSED] - click: Object: 'Object Repository/Final Object Repo/New Registration - Registration Module Pages/Form 1/Postcode' is clicked on

2019-01-08 18:37:51 - [MESSAGE][PASSED] - Object: 'Object Repository/Final Object Repo/New Registration - Registration Module Pages/Form 1/Postcode' is clicked on

2019-01-08 18:37:51 - [TEST_STEP][PASSED] - delay: Delayed 1 second(s)

2019-01-08 18:37:52 - [MESSAGE][PASSED] - Delayed 1 second(s)

2019-01-08 18:37:52 - [TEST_STEP][PASSED] - setText: Text '810' is set on object 'Object Repository/Final Object Repo/New Registration - Registration Module Pages/Form 1/Postcode - 810'

2019-01-08 18:37:52 - [MESSAGE][PASSED] - Text '810' is set on object 'Object Repository/Final Object Repo/New Registration - Registration Module Pages/Form 1/Postcode - 810'

2019-01-08 18:37:52 - [TEST_STEP][PASSED] - delay: Delayed 1 second(s)

2019-01-08 18:37:53 - [MESSAGE][PASSED] - Delayed 1 second(s)

2019-01-08 18:37:53 - [TEST_STEP][PASSED] - click: Object: 'Object Repository/Final Object Repo/New Registration - Registration Module Pages/Form 1/Postcode - 81000' is clicked on

2019-01-08 18:37:53 - [MESSAGE][PASSED] - Object: 'Object Repository/Final Object Repo/New Registration - Registration Module Pages/Form 1/Postcode - 81000' is clicked on

2019-01-08 18:37:53 - [TEST_STEP][PASSED] - delay: Delayed 1 second(s)

2019-01-08 18:37:54 - [MESSAGE][PASSED] - Delayed 1 second(s)

2019-01-08 18:37:54 - [TEST_STEP][PASSED] - setText: Text '100' is set on object 'Object Repository/Final Object Repo/New Registration - Registration Module Pages/Form 1/P.O.BOX'

2019-01-08 18:37:54 - [MESSAGE][PASSED] - Text '100' is set on object 'Object Repository/Final Object Repo/New Registration - Registration Module Pages/Form 1/P.O.BOX'

2019-01-08 18:37:54 - [TEST_STEP][PASSED] - setText: Text '100' is set on object 'Object Repository/Final Object Repo/New Registration - Registration Module Pages/Form 1/Locked Bag No'

2019-01-08 18:37:54 - [MESSAGE][PASSED] - Text '100' is set on object 'Object Repository/Final Object Repo/New Registration - Registration Module Pages/Form 1/Locked Bag No'

2019-01-08 18:37:54 - [TEST_STEP][PASSED] - click: Object: 'Object Repository/Final Object Repo/New Registration - Registration Module Pages/Form 1/SOCSO Office Location' is clicked on

2019-01-08 18:37:55 - [MESSAGE][PASSED] - Object: 'Object Repository/Final Object Repo/New Registration - Registration Module Pages/Form 1/SOCSO Office Location' is clicked on

2019-01-08 18:37:55 - [TEST_STEP][PASSED] - click: Object: 'Object Repository/Final Object Repo/New Registration - Registration Module Pages/Form 1/SOCSO Office Location - Pejabat PERKESO Negeri Johor' is clicked on

2019-01-08 18:37:55 - [MESSAGE][PASSED] - Object: 'Object Repository/Final Object Repo/New Registration - Registration Module Pages/Form 1/SOCSO Office Location - Pejabat PERKESO Negeri Johor' is clicked on

2019-01-08 18:37:55 - [TEST_STEP][PASSED] - delay: Delayed 1 second(s)

2019-01-08 18:37:56 - [MESSAGE][PASSED] - Delayed 1 second(s)

2019-01-08 18:37:56 - [TEST_STEP][PASSED] - check: Object 'Object Repository/Final Object Repo/New Registration - Registration Module Pages/Form 1/Indusrty Address Same As Postal Address' is checked

2019-01-08 18:37:56 - [MESSAGE][PASSED] - Object 'Object Repository/Final Object Repo/New Registration - Registration Module Pages/Form 1/Indusrty Address Same As Postal Address' is checked

2019-01-08 18:37:56 - [TEST_STEP][PASSED] - delay: Delayed 3 second(s)

2019-01-08 18:37:59 - [MESSAGE][PASSED] - Delayed 3 second(s)

2019-01-08 18:37:59 - [TEST_STEP][PASSED] - click: Object: 'Object Repository/Final Object Repo/New Registration - Registration Module Pages/Form 1/Indusry Address Same As Postal Address False' is clicked on

2019-01-08 18:37:59 - [MESSAGE][PASSED] - Object: 'Object Repository/Final Object Repo/New Registration - Registration Module Pages/Form 1/Indusry Address Same As Postal Address False' is clicked on

2019-01-08 18:37:59 - [TEST_STEP][PASSED] - delay: Delayed 1 second(s)

2019-01-08 18:38:00 - [MESSAGE][PASSED] - Delayed 1 second(s)

2019-01-08 18:38:00 - [TEST_STEP][PASSED] - setText: Text 'perkeso1' is set on object 'Object Repository/Final Object Repo/New Registration - Registration Module Pages/Form 1/Industry Address1'

2019-01-08 18:38:01 - [MESSAGE][PASSED] - Text 'perkeso1' is set on object 'Object Repository/Final Object Repo/New Registration - Registration Module Pages/Form 1/Industry Address1'

2019-01-08 18:38:01 - [TEST_STEP][PASSED] - setText: Text 'perkeso2' is set on object 'Object Repository/Final Object Repo/New Registration - Registration Module Pages/Form 1/Industry Address2'

2019-01-08 18:38:01 - [MESSAGE][PASSED] - Text 'perkeso2' is set on object 'Object Repository/Final Object Repo/New Registration - Registration Module Pages/Form 1/Industry Address2'

2019-01-08 18:38:01 - [TEST_STEP][PASSED] - setText: Text 'perkeso3' is set on object 'Object Repository/Final Object Repo/New Registration - Registration Module Pages/Form 1/Industry Address3'

2019-01-08 18:38:01 - [MESSAGE][PASSED] - Text 'perkeso3' is set on object 'Object Repository/Final Object Repo/New Registration - Registration Module Pages/Form 1/Industry Address3'

2019-01-08 18:38:01 - [TEST_STEP][PASSED] - click: Object: 'Object Repository/Final Object Repo/New Registration - Registration Module Pages/Form 1/Industry State' is clicked on

2019-01-08 18:38:02 - [MESSAGE][PASSED] - Object: 'Object Repository/Final Object Repo/New Registration - Registration Module Pages/Form 1/Industry State' is clicked on

2019-01-08 18:38:02 - [TEST_STEP][PASSED] - delay: Delayed 2 second(s)

2019-01-08 18:38:04 - [MESSAGE][PASSED] - Delayed 2 second(s)

2019-01-08 18:38:04 - [TEST_STEP][PASSED] - click: Object: 'Object Repository/Final Object Repo/New Registration - Registration Module Pages/Form 1/Industry State - Johor' is clicked on

2019-01-08 18:38:04 - [MESSAGE][PASSED] - Object: 'Object Repository/Final Object Repo/New Registration - Registration Module Pages/Form 1/Industry State - Johor' is clicked on

2019-01-08 18:38:04 - [TEST_STEP][PASSED] - delay: Delayed 2 second(s)

2019-01-08 18:38:06 - [MESSAGE][PASSED] - Delayed 2 second(s)

2019-01-08 18:38:06 - [TEST_STEP][PASSED] - click: Object: 'Object Repository/Final Object Repo/New Registration - Registration Module Pages/Form 1/Industry Ciry' is clicked on

2019-01-08 18:38:06 - [MESSAGE][PASSED] - Object: 'Object Repository/Final Object Repo/New Registration - Registration Module Pages/Form 1/Industry Ciry' is clicked on

2019-01-08 18:38:06 - [TEST_STEP][PASSED] - setText: Text 'joh' is set on object 'Object Repository/Final Object Repo/New Registration - Registration Module Pages/Form 1/Industry Ciry - joh'

2019-01-08 18:38:06 - [MESSAGE][PASSED] - Text 'joh' is set on object 'Object Repository/Final Object Repo/New Registration - Registration Module Pages/Form 1/Industry Ciry - joh'

2019-01-08 18:38:06 - [TEST_STEP][PASSED] - delay: Delayed 2 second(s)

2019-01-08 18:38:08 - [MESSAGE][PASSED] - Delayed 2 second(s)

2019-01-08 18:38:08 - [TEST_STEP][PASSED] - click: Object: 'Object Repository/Final Object Repo/New Registration - Registration Module Pages/Form 1/Industy State - Johor Bharu' is clicked on

2019-01-08 18:38:08 - [MESSAGE][PASSED] - Object: 'Object Repository/Final Object Repo/New Registration - Registration Module Pages/Form 1/Industy State - Johor Bharu' is clicked on

2019-01-08 18:38:08 - [TEST_STEP][PASSED] - delay: Delayed 1 second(s)

2019-01-08 18:38:09 - [MESSAGE][PASSED] - Delayed 1 second(s)

2019-01-08 18:38:09 - [TEST_STEP][PASSED] - click: Object: 'Object Repository/Final Object Repo/New Registration - Registration Module Pages/Form 1/Indusry PostCode' is clicked on

2019-01-08 18:38:09 - [MESSAGE][PASSED] - Object: 'Object Repository/Final Object Repo/New Registration - Registration Module Pages/Form 1/Indusry PostCode' is clicked on

2019-01-08 18:38:09 - [TEST_STEP][PASSED] - delay: Delayed 1 second(s)

2019-01-08 18:38:10 - [MESSAGE][PASSED] - Delayed 1 second(s)

2019-01-08 18:38:10 - [TEST_STEP][PASSED] - setText: Text '810' is set on object 'Object Repository/Final Object Repo/New Registration - Registration Module Pages/Form 1/Insutry Post Code - 810'

2019-01-08 18:38:11 - [MESSAGE][PASSED] - Text '810' is set on object 'Object Repository/Final Object Repo/New Registration - Registration Module Pages/Form 1/Insutry Post Code - 810'

2019-01-08 18:38:11 - [TEST_STEP][PASSED] - delay: Delayed 1 second(s)

2019-01-08 18:38:12 - [MESSAGE][PASSED] - Delayed 1 second(s)

2019-01-08 18:38:12 - [TEST_STEP][PASSED] - click: Object: 'Object Repository/Final Object Repo/New Registration - Registration Module Pages/Form 1/Insutry Post Code - 81000' is clicked on

2019-01-08 18:38:12 - [MESSAGE][PASSED] - Object: 'Object Repository/Final Object Repo/New Registration - Registration Module Pages/Form 1/Insutry Post Code - 81000' is clicked on

2019-01-08 18:38:12 - [TEST_STEP][PASSED] - delay: Delayed 1 second(s)

2019-01-08 18:38:13 - [MESSAGE][PASSED] - Delayed 1 second(s)

2019-01-08 18:38:13 - [TEST_STEP][PASSED] - setText: Text '100' is set on object 'Object Repository/Final Object Repo/New Registration - Registration Module Pages/Form 1/Industry P.O.BOX'

2019-01-08 18:38:13 - [MESSAGE][PASSED] - Text '100' is set on object 'Object Repository/Final Object Repo/New Registration - Registration Module Pages/Form 1/Industry P.O.BOX'

2019-01-08 18:38:13 - [TEST_STEP][PASSED] - setText: Text '100' is set on object 'Object Repository/Final Object Repo/New Registration - Registration Module Pages/Form 1/Industry Locked Bag No'

2019-01-08 18:38:13 - [MESSAGE][PASSED] - Text '100' is set on object 'Object Repository/Final Object Repo/New Registration - Registration Module Pages/Form 1/Industry Locked Bag No'

2019-01-08 18:38:13 - [TEST_STEP][PASSED] - setText: Text '123456789' is set on object 'Object Repository/Final Object Repo/New Registration - Registration Module Pages/Form 1/Telephone No'

2019-01-08 18:38:14 - [MESSAGE][PASSED] - Text '123456789' is set on object 'Object Repository/Final Object Repo/New Registration - Registration Module Pages/Form 1/Telephone No'

2019-01-08 18:38:14 - [TEST_STEP][PASSED] - setText: Text '123456789' is set on object 'Object Repository/Final Object Repo/New Registration - Registration Module Pages/Form 1/Mobile No'

2019-01-08 18:38:14 - [MESSAGE][PASSED] - Text '123456789' is set on object 'Object Repository/Final Object Repo/New Registration - Registration Module Pages/Form 1/Mobile No'

2019-01-08 18:38:14 - [TEST_STEP][PASSED] - setText: Text '123456789' is set on object 'Object Repository/Final Object Repo/New Registration - Registration Module Pages/Form 1/Fax No'

2019-01-08 18:38:14 - [MESSAGE][PASSED] - Text '123456789' is set on object 'Object Repository/Final Object Repo/New Registration - Registration Module Pages/Form 1/Fax No'

2019-01-08 18:38:14 - [TEST_STEP][PASSED] - click: Object: 'Object Repository/Final Object Repo/New Registration - Registration Module Pages/Form 1/Industry Code' is clicked on

2019-01-08 18:38:15 - [MESSAGE][PASSED] - Object: 'Object Repository/Final Object Repo/New Registration - Registration Module Pages/Form 1/Industry Code' is clicked on

2019-01-08 18:38:15 - [TEST_STEP][PASSED] - click: Object: 'Object Repository/Final Object Repo/New Registration - Registration Module Pages/Form 1/Indudustry Code - Crops and Animal' is clicked on

2019-01-08 18:38:15 - [MESSAGE][PASSED] - Object: 'Object Repository/Final Object Repo/New Registration - Registration Module Pages/Form 1/Indudustry Code - Crops and Animal' is clicked on

2019-01-08 18:38:15 - [TEST_STEP][PASSED] - delay: Delayed 1 second(s)

2019-01-08 18:38:16 - [MESSAGE][PASSED] - Delayed 1 second(s)

2019-01-08 18:38:16 - [TEST_STEP][PASSED] - click: Object: 'Object Repository/Final Object Repo/New Registration - Registration Module Pages/Form 1/Sub Industry Code List' is clicked on

2019-01-08 18:38:16 - [MESSAGE][PASSED] - Object: 'Object Repository/Final Object Repo/New Registration - Registration Module Pages/Form 1/Sub Industry Code List' is clicked on

2019-01-08 18:38:16 - [TEST_STEP][PASSED] - click: Object: 'Object Repository/Final Object Repo/New Registration - Registration Module Pages/Form 1/Sub Industry Code List - Growing of Maize' is clicked on

2019-01-08 18:38:16 - [MESSAGE][PASSED] - Object: 'Object Repository/Final Object Repo/New Registration - Registration Module Pages/Form 1/Sub Industry Code List - Growing of Maize' is clicked on

2019-01-08 18:38:16 - [TEST_STEP][PASSED] - setText: Text 'perkeso123@gmail.com' is set on object 'Object Repository/Final Object Repo/New Registration - Registration Module Pages/Form 1/Email'

2019-01-08 18:38:17 - [MESSAGE][PASSED] - Text 'perkeso123@gmail.com' is set on object 'Object Repository/Final Object Repo/New Registration - Registration Module Pages/Form 1/Email'

2019-01-08 18:38:17 - [TEST_STEP][PASSED] - click: Object: 'Object Repository/Final Object Repo/New Registration - Registration Module Pages/Form 1/Method of Contribution Payment' is clicked on

2019-01-08 18:38:17 - [MESSAGE][PASSED] - Object: 'Object Repository/Final Object Repo/New Registration - Registration Module Pages/Form 1/Method of Contribution Payment' is clicked on

2019-01-08 18:38:17 - [TEST_STEP][PASSED] - click: Object: 'Object Repository/Final Object Repo/New Registration - Registration Module Pages/Form 1/Method of Contribution Payment - Portal' is clicked on

2019-01-08 18:38:17 - [MESSAGE][PASSED] - Object: 'Object Repository/Final Object Repo/New Registration - Registration Module Pages/Form 1/Method of Contribution Payment - Portal' is clicked on

2019-01-08 18:38:17 - [TEST_STEP][PASSED] - click: Object: 'Object Repository/Final Object Repo/New Registration - Registration Module Pages/Form 1/Servide Type' is clicked on

2019-01-08 18:38:18 - [MESSAGE][PASSED] - Object: 'Object Repository/Final Object Repo/New Registration - Registration Module Pages/Form 1/Servide Type' is clicked on

2019-01-08 18:38:18 - [TEST_STEP][PASSED] - click: Object: 'Object Repository/Final Object Repo/New Registration - Registration Module Pages/Form 1/Servide Type - Professional Bodies' is clicked on

2019-01-08 18:38:18 - [MESSAGE][PASSED] - Object: 'Object Repository/Final Object Repo/New Registration - Registration Module Pages/Form 1/Servide Type - Professional Bodies' is clicked on

2019-01-08 18:38:18 - [TEST_STEP][PASSED] - click: Object: 'Object Repository/Final Object Repo/New Registration - Registration Module Pages/Form 1/Industry Venue' is clicked on

2019-01-08 18:38:18 - [MESSAGE][PASSED] - Object: 'Object Repository/Final Object Repo/New Registration - Registration Module Pages/Form 1/Industry Venue' is clicked on

2019-01-08 18:38:18 - [TEST_STEP][PASSED] - click: Object: 'Object Repository/Final Object Repo/New Registration - Registration Module Pages/Form 1/Industry Venue -  PPN JOHOR' is clicked on

2019-01-08 18:38:18 - [MESSAGE][PASSED] - Object: 'Object Repository/Final Object Repo/New Registration - Registration Module Pages/Form 1/Industry Venue -  PPN JOHOR' is clicked on

2019-01-08 18:38:18 - [TEST_STEP][PASSED] - click: Object: 'Object Repository/Final Object Repo/New Registration - Registration Module Pages/Form 1/Save  Continue' is clicked on

2019-01-08 18:38:18 - [MESSAGE][PASSED] - Object: 'Object Repository/Final Object Repo/New Registration - Registration Module Pages/Form 1/Save  Continue' is clicked on

2019-01-08 18:38:18 - [MESSAGE][PASSED] - Call Test Case 'Test Cases/Final Aug 2018 - PKS Automation/Registration Module/New Registration/Form 1/Form 1 - Partnership - Not Registered' successfully

2019-01-08 18:38:18 - [TEST_STEP][PASSED] - callTestCase: Call Test Case 'Test Cases/Final Aug 2018 - PKS Automation/Registration Module/New Registration/Form 2/Add 2 Eligible 2 Not Eligible' successfully

2019-01-08 18:38:19 - [TEST_CASE][PASSED] - Test Cases/Final Aug 2018 - PKS Automation/Registration Module/New Registration/Form 2/Add 2 Eligible 2 Not Eligible: Test Cases/Final Aug 2018 - PKS Automation/Registration Module/New Registration/Form 2/Add 2 Eligible 2 Not Eligible

2019-01-08 18:38:19 - [TEST_STEP][PASSED] - delay: Delayed 2 second(s)

2019-01-08 18:38:21 - [MESSAGE][PASSED] - Delayed 2 second(s)

2019-01-08 18:38:21 - [TEST_STEP][PASSED] - callTestCase: Call Test Case 'Test Cases/Final Aug 2018 - PKS Automation/Registration Module/New Registration/Form 2/Date Updater' successfully

2019-01-08 18:38:21 - [TEST_CASE][PASSED] - Test Cases/Final Aug 2018 - PKS Automation/Registration Module/New Registration/Form 2/Date Updater: Test Cases/Final Aug 2018 - PKS Automation/Registration Module/New Registration/Form 2/Date Updater

2019-01-08 18:38:21 - [TEST_STEP][PASSED] - Statement - TodayDate = new java.util.Date(): null

2019-01-08 18:38:21 - [TEST_STEP][PASSED] - Statement - CurrentDateNoFilter = new java.text.SimpleDateFormat(): null

2019-01-08 18:38:21 - [TEST_STEP][PASSED] - Statement - CurrentDateNoFilter.applyPattern("MM"): null

2019-01-08 18:38:21 - [TEST_STEP][PASSED] - Statement - monthContainerMatcher = java.lang.Integer.parseInt(CurrentDateNoFilter.format(TodayDate)): null

2019-01-08 18:38:21 - [TEST_STEP][PASSED] - Statement - monthContainerMatcher = monthContainerMatcher - 1: null

2019-01-08 18:38:21 - [TEST_STEP][PASSED] - Statement - CurrentMonth = monthContainerMatcher.toString(): null

2019-01-08 18:38:21 - [TEST_STEP][PASSED] - Statement - CurrentMonth = CurrentMonth: null

2019-01-08 18:38:21 - [TEST_STEP][PASSED] - Statement - CurrentDateNoFilter.applyPattern("yyyy"): null

2019-01-08 18:38:21 - [TEST_STEP][PASSED] - Statement - CurrentYear = CurrentDateNoFilter.format(TodayDate): null

2019-01-08 18:38:21 - [TEST_STEP][PASSED] - Statement - CurrentYear = CurrentYear: null

2019-01-08 18:38:21 - [TEST_STEP][PASSED] - Statement - intCurrentYear = java.lang.Integer.parseInt(CurrentDateNoFilter.format(TodayDate)): null

2019-01-08 18:38:21 - [TEST_STEP][PASSED] - Statement - eighteenYrsAgo = intCurrentYear - 18: null

2019-01-08 18:38:21 - [TEST_STEP][PASSED] - Statement - eighteenYrsBeforeThisYr = eighteenYrsAgo.toString(): null

2019-01-08 18:38:21 - [TEST_STEP][PASSED] - Statement - EighteenYrsBefore = eighteenYrsBeforeThisYr: null

2019-01-08 18:38:21 - [TEST_STEP][PASSED] - Statement - fiftysevenYrsAgo = intCurrentYear - 57: null

2019-01-08 18:38:21 - [TEST_STEP][PASSED] - Statement - fiftysevenYrsBeforeThisYr = fiftysevenYrsAgo.toString(): null

2019-01-08 18:38:21 - [TEST_STEP][PASSED] - Statement - FiftysevenYrsBefore = fiftysevenYrsBeforeThisYr: null

2019-01-08 18:38:21 - [TEST_STEP][PASSED] - Statement - leapYear = false: null

2019-01-08 18:38:21 - [TEST_STEP][PASSED] - Statement - leapYear = intCurrentYear % 4 == 0: null

2019-01-08 18:38:21 - [TEST_STEP][PASSED] - Statement - CurrentDateNoFilter.applyPattern("dd"): null

2019-01-08 18:38:21 - [TEST_STEP][PASSED] - Statement - CurrentDate = CurrentDateNoFilter.format(TodayDate): null

2019-01-08 18:38:21 - [TEST_STEP][PASSED] - Statement - CurrentDate = java.lang.Integer.parseInt(CurrentDate): null

2019-01-08 18:38:21 - [TEST_STEP][PASSED] - Statement - CurrentDate = CurrentDate: null

2019-01-08 18:38:21 - [TEST_STEP][PASSED] - Statement - CurrentDay = java.lang.Integer.parseInt(CurrentDate): null

2019-01-08 18:38:21 - [TEST_STEP][PASSED] - Statement - ConfAdder = <not implemented yet for class: org.codehaus.groovy.ast.expr.EmptyExpression>: null

2019-01-08 18:38:21 - [TEST_STEP][PASSED] - Statement - out.println(CurrentMonth): null

2019-01-08 18:38:21 - [TEST_STEP][PASSED] - Statement - out.println(CurrentDate): null

2019-01-08 18:38:21 - [TEST_STEP][PASSED] - Statement - switch (CurrentDate): null

2019-01-08 18:38:21 - [TEST_STEP][PASSED] - Statement - Default: null

2019-01-08 18:38:21 - [TEST_STEP][PASSED] - Statement - ConfAdder = true: null

2019-01-08 18:38:21 - [TEST_STEP][PASSED] - Statement - Break: null

2019-01-08 18:38:21 - [TEST_STEP][PASSED] - Statement - aDayBefore = <not implemented yet for class: org.codehaus.groovy.ast.expr.EmptyExpression>: null

2019-01-08 18:38:21 - [TEST_STEP][PASSED] - Statement - out.println(ConfAdder): null

2019-01-08 18:38:21 - [TEST_STEP][PASSED] - Statement - If (ConfAdder == true): null

2019-01-08 18:38:21 - [TEST_STEP][PASSED] - Statement - aDayBefore = CurrentDay + 1: null

2019-01-08 18:38:21 - [TEST_STEP][PASSED] - Statement - out.println(aDayBefore): null

2019-01-08 18:38:21 - [TEST_STEP][PASSED] - Statement - If (aDayBefore == 1 && CurrentMonth == 11): null

2019-01-08 18:38:21 - [TEST_STEP][PASSED] - Statement - DayBefore = aDayBefore.toString(): null

2019-01-08 18:38:21 - [TEST_STEP][PASSED] - Statement - OneDayBefore = DayBefore: null

2019-01-08 18:38:21 - [MESSAGE][PASSED] - Call Test Case 'Test Cases/Final Aug 2018 - PKS Automation/Registration Module/New Registration/Form 2/Date Updater' successfully

2019-01-08 18:38:21 - [TEST_STEP][PASSED] - delay: Delayed 1 second(s)

2019-01-08 18:38:22 - [MESSAGE][PASSED] - Delayed 1 second(s)

2019-01-08 18:38:22 - [TEST_STEP][PASSED] - Statement - CaseReferenceNo = com.kms.katalon.core.webui.keyword.WebUiBuiltInKeywords.getText(com.kms.katalon.core.testobject.ObjectRepository.findTestObject(Final Object Repo/New Registration - Registration Module Pages/Form 2/RefNo Acquiring)): Text of object 'Object Repository/Final Object Repo/New Registration - Registration Module Pages/Form 2/RefNo Acquiring' is: 'CRN01201900123651'

2019-01-08 18:38:22 - [MESSAGE][PASSED] - Text of object 'Object Repository/Final Object Repo/New Registration - Registration Module Pages/Form 2/RefNo Acquiring' is: 'CRN01201900123651'

2019-01-08 18:38:22 - [TEST_STEP][PASSED] - delay: Delayed 1 second(s)

2019-01-08 18:38:23 - [MESSAGE][PASSED] - Delayed 1 second(s)

2019-01-08 18:38:23 - [TEST_STEP][PASSED] - click: Object: 'Object Repository/Final Object Repo/New Registration - Registration Module Pages/Form 2/Add Employee Button' is clicked on

2019-01-08 18:38:23 - [MESSAGE][PASSED] - Object: 'Object Repository/Final Object Repo/New Registration - Registration Module Pages/Form 2/Add Employee Button' is clicked on

2019-01-08 18:38:23 - [TEST_STEP][PASSED] - delay: Delayed 4 second(s)

2019-01-08 18:38:27 - [MESSAGE][PASSED] - Delayed 4 second(s)

2019-01-08 18:38:27 - [TEST_STEP][PASSED] - setText: Text '010903091927' is set on object 'Object Repository/Final Object Repo/New Registration - Registration Module Pages/Form 2/NRIC Input'

2019-01-08 18:38:27 - [MESSAGE][PASSED] - Text '010903091927' is set on object 'Object Repository/Final Object Repo/New Registration - Registration Module Pages/Form 2/NRIC Input'

2019-01-08 18:38:27 - [TEST_STEP][PASSED] - click: Object: 'Object Repository/Final Object Repo/New Registration - Registration Module Pages/Form 2/button for search for IC' is clicked on

2019-01-08 18:38:27 - [MESSAGE][PASSED] - Object: 'Object Repository/Final Object Repo/New Registration - Registration Module Pages/Form 2/button for search for IC' is clicked on

2019-01-08 18:38:27 - [TEST_STEP][PASSED] - delay: Delayed 2 second(s)

2019-01-08 18:38:29 - [MESSAGE][PASSED] - Delayed 2 second(s)

2019-01-08 18:38:29 - [TEST_STEP][PASSED] - setText: Text 'Automate001 eligible 1' is set on object 'Object Repository/Final Object Repo/New Registration - Registration Module Pages/Form 2/Employee Name Input'

2019-01-08 18:38:30 - [MESSAGE][PASSED] - Text 'Automate001 eligible 1' is set on object 'Object Repository/Final Object Repo/New Registration - Registration Module Pages/Form 2/Employee Name Input'

2019-01-08 18:38:30 - [TEST_STEP][PASSED] - delay: Delayed 2 second(s)

2019-01-08 18:38:32 - [MESSAGE][PASSED] - Delayed 2 second(s)

2019-01-08 18:38:32 - [TEST_STEP][PASSED] - click: Object: 'Object Repository/Final Object Repo/New Registration - Registration Module Pages/Form 2/DatePicker Pop Up' is clicked on

2019-01-08 18:38:32 - [MESSAGE][PASSED] - Object: 'Object Repository/Final Object Repo/New Registration - Registration Module Pages/Form 2/DatePicker Pop Up' is clicked on

2019-01-08 18:38:32 - [TEST_STEP][PASSED] - click: Object: 'Object Repository/Final Object Repo/New Registration - Registration Module Pages/Form 2/DOB Month' is clicked on

2019-01-08 18:38:32 - [MESSAGE][PASSED] - Object: 'Object Repository/Final Object Repo/New Registration - Registration Module Pages/Form 2/DOB Month' is clicked on

2019-01-08 18:38:32 - [TEST_STEP][PASSED] - Statement - CurrentMonth = CurrentMonth: null

2019-01-08 18:38:32 - [TEST_STEP][PASSED] - Statement - selectMonth = new com.kms.katalon.core.testobject.TestObject(): null

2019-01-08 18:38:32 - [TEST_STEP][PASSED] - Statement - selectMonth.addProperty("xpath", EQUALS, "//body/div/div/div/select/option[@value='" + CurrentMonth + "']", true): null

2019-01-08 18:38:32 - [TEST_STEP][PASSED] - click: Object: '' is clicked on

2019-01-08 18:38:32 - [MESSAGE][PASSED] - Object: '' is clicked on

2019-01-08 18:38:32 - [TEST_STEP][PASSED] - click: Object: 'Object Repository/Final Object Repo/New Registration - Registration Module Pages/Form 2/DOB Year' is clicked on

2019-01-08 18:38:33 - [MESSAGE][PASSED] - Object: 'Object Repository/Final Object Repo/New Registration - Registration Module Pages/Form 2/DOB Year' is clicked on

2019-01-08 18:38:33 - [TEST_STEP][PASSED] - Statement - Eyearsbf = EighteenYrsBefore: null

2019-01-08 18:38:33 - [TEST_STEP][PASSED] - Statement - selectYear = new com.kms.katalon.core.testobject.TestObject(): null

2019-01-08 18:38:33 - [TEST_STEP][PASSED] - Statement - selectYear.addProperty("xpath", EQUALS, "//div/div/div/select/option[@value='" + Eyearsbf + "']", true): null

2019-01-08 18:38:33 - [TEST_STEP][PASSED] - click: Object: '' is clicked on

2019-01-08 18:38:33 - [MESSAGE][PASSED] - Object: '' is clicked on

2019-01-08 18:38:33 - [TEST_STEP][PASSED] - Statement - UpdatedSelectDate = com.kms.katalon.core.webui.keyword.WebUiBuiltInKeywords.modifyObjectProperty(com.kms.katalon.core.testobject.ObjectRepository.findTestObject(Final Object Repo/New Registration - Registration Module Pages/Form 2/DOB Date), "xpath", "equals", "//body/div/table/tbody/tr/td/a[text()="" + CurrentDate + ""]", true): Modify property of object successfully

2019-01-08 18:38:33 - [MESSAGE][PASSED] - Modify property of object successfully

2019-01-08 18:38:33 - [TEST_STEP][PASSED] - delay: Delayed 3 second(s)

2019-01-08 18:38:36 - [MESSAGE][PASSED] - Delayed 3 second(s)

2019-01-08 18:38:36 - [TEST_STEP][PASSED] - click: Object: 'Object Repository/Final Object Repo/New Registration - Registration Module Pages/Form 2/DOB Date' is clicked on

2019-01-08 18:38:36 - [MESSAGE][PASSED] - Object: 'Object Repository/Final Object Repo/New Registration - Registration Module Pages/Form 2/DOB Date' is clicked on

2019-01-08 18:38:36 - [TEST_STEP][PASSED] - delay: Delayed 2 second(s)

2019-01-08 18:38:38 - [MESSAGE][PASSED] - Delayed 2 second(s)

2019-01-08 18:38:38 - [TEST_STEP][PASSED] - click: Object: 'Object Repository/Final Object Repo/New Registration - Registration Module Pages/Form 2/EmploymentStartDate Pop Up' is clicked on

2019-01-08 18:38:38 - [MESSAGE][PASSED] - Object: 'Object Repository/Final Object Repo/New Registration - Registration Module Pages/Form 2/EmploymentStartDate Pop Up' is clicked on

2019-01-08 18:38:38 - [TEST_STEP][PASSED] - delay: Delayed 2 second(s)

2019-01-08 18:38:40 - [MESSAGE][PASSED] - Delayed 2 second(s)

2019-01-08 18:38:40 - [TEST_STEP][PASSED] - click: Object: 'Object Repository/Final Object Repo/New Registration - Registration Module Pages/Form 2/Socso Employment StartDate Month' is clicked on

2019-01-08 18:38:40 - [MESSAGE][PASSED] - Object: 'Object Repository/Final Object Repo/New Registration - Registration Module Pages/Form 2/Socso Employment StartDate Month' is clicked on

2019-01-08 18:38:40 - [TEST_STEP][PASSED] - delay: Delayed 1 second(s)

2019-01-08 18:38:41 - [MESSAGE][PASSED] - Delayed 1 second(s)

2019-01-08 18:38:41 - [TEST_STEP][PASSED] - click: Object: 'Object Repository/Final Object Repo/New Registration - Registration Module Pages/Form 2/Select Socso Employement Startdate Month' is clicked on

2019-01-08 18:38:41 - [MESSAGE][PASSED] - Object: 'Object Repository/Final Object Repo/New Registration - Registration Module Pages/Form 2/Select Socso Employement Startdate Month' is clicked on

2019-01-08 18:38:41 - [TEST_STEP][PASSED] - delay: Delayed 2 second(s)

2019-01-08 18:38:43 - [MESSAGE][PASSED] - Delayed 2 second(s)

2019-01-08 18:38:43 - [TEST_STEP][PASSED] - click: Object: 'Object Repository/Final Object Repo/New Registration - Registration Module Pages/Form 2/Socso Employment StartDate Year' is clicked on

2019-01-08 18:38:44 - [MESSAGE][PASSED] - Object: 'Object Repository/Final Object Repo/New Registration - Registration Module Pages/Form 2/Socso Employment StartDate Year' is clicked on

2019-01-08 18:38:44 - [TEST_STEP][PASSED] - delay: Delayed 1 second(s)

2019-01-08 18:38:45 - [MESSAGE][PASSED] - Delayed 1 second(s)

2019-01-08 18:38:45 - [TEST_STEP][PASSED] - click: Object: 'Object Repository/Final Object Repo/New Registration - Registration Module Pages/Form 2/Select Socso Employment Startdate Year' is clicked on

2019-01-08 18:38:45 - [MESSAGE][PASSED] - Object: 'Object Repository/Final Object Repo/New Registration - Registration Module Pages/Form 2/Select Socso Employment Startdate Year' is clicked on

2019-01-08 18:38:45 - [TEST_STEP][PASSED] - delay: Delayed 2 second(s)

2019-01-08 18:38:47 - [MESSAGE][PASSED] - Delayed 2 second(s)

2019-01-08 18:38:47 - [TEST_STEP][PASSED] - click: Object: 'Object Repository/Final Object Repo/New Registration - Registration Module Pages/Form 2/Socso Employment Start Date Day' is clicked on

2019-01-08 18:38:47 - [MESSAGE][PASSED] - Object: 'Object Repository/Final Object Repo/New Registration - Registration Module Pages/Form 2/Socso Employment Start Date Day' is clicked on

2019-01-08 18:38:47 - [TEST_STEP][PASSED] - delay: Delayed 2 second(s)

2019-01-08 18:38:49 - [MESSAGE][PASSED] - Delayed 2 second(s)

2019-01-08 18:38:49 - [TEST_STEP][PASSED] - click: Object: 'Object Repository/Final Object Repo/New Registration - Registration Module Pages/Form 2/Save Button for Add Employee' is clicked on

2019-01-08 18:38:49 - [MESSAGE][PASSED] - Object: 'Object Repository/Final Object Repo/New Registration - Registration Module Pages/Form 2/Save Button for Add Employee' is clicked on

2019-01-08 18:38:49 - [TEST_STEP][PASSED] - delay: Delayed 6 second(s)

2019-01-08 18:38:55 - [MESSAGE][PASSED] - Delayed 6 second(s)

2019-01-08 18:38:55 - [TEST_STEP][PASSED] - click: Object: 'Object Repository/Final Object Repo/New Registration - Registration Module Pages/Form 2/Add Employee Button' is clicked on

2019-01-08 18:38:55 - [MESSAGE][PASSED] - Object: 'Object Repository/Final Object Repo/New Registration - Registration Module Pages/Form 2/Add Employee Button' is clicked on

2019-01-08 18:38:55 - [TEST_STEP][PASSED] - delay: Delayed 4 second(s)

2019-01-08 18:38:59 - [MESSAGE][PASSED] - Delayed 4 second(s)

2019-01-08 18:38:59 - [TEST_STEP][PASSED] - setText: Text '620904059691' is set on object 'Object Repository/Final Object Repo/New Registration - Registration Module Pages/Form 2/NRIC Input'

2019-01-08 18:39:00 - [MESSAGE][PASSED] - Text '620904059691' is set on object 'Object Repository/Final Object Repo/New Registration - Registration Module Pages/Form 2/NRIC Input'

2019-01-08 18:39:00 - [TEST_STEP][PASSED] - click: Object: 'Object Repository/Final Object Repo/New Registration - Registration Module Pages/Form 2/button for search for IC' is clicked on

2019-01-08 18:39:00 - [MESSAGE][PASSED] - Object: 'Object Repository/Final Object Repo/New Registration - Registration Module Pages/Form 2/button for search for IC' is clicked on

2019-01-08 18:39:00 - [TEST_STEP][PASSED] - delay: Delayed 2 second(s)

2019-01-08 18:39:02 - [MESSAGE][PASSED] - Delayed 2 second(s)

2019-01-08 18:39:02 - [TEST_STEP][PASSED] - setText: Text 'Automate001 eligible 2' is set on object 'Object Repository/Final Object Repo/New Registration - Registration Module Pages/Form 2/Employee Name Input'

2019-01-08 18:39:02 - [MESSAGE][PASSED] - Text 'Automate001 eligible 2' is set on object 'Object Repository/Final Object Repo/New Registration - Registration Module Pages/Form 2/Employee Name Input'

2019-01-08 18:39:02 - [TEST_STEP][PASSED] - delay: Delayed 2 second(s)

2019-01-08 18:39:04 - [MESSAGE][PASSED] - Delayed 2 second(s)

2019-01-08 18:39:04 - [TEST_STEP][PASSED] - click: Object: 'Object Repository/Final Object Repo/New Registration - Registration Module Pages/Form 2/DatePicker Pop Up' is clicked on

2019-01-08 18:39:04 - [MESSAGE][PASSED] - Object: 'Object Repository/Final Object Repo/New Registration - Registration Module Pages/Form 2/DatePicker Pop Up' is clicked on

2019-01-08 18:39:04 - [TEST_STEP][PASSED] - delay: Delayed 2 second(s)

2019-01-08 18:39:06 - [MESSAGE][PASSED] - Delayed 2 second(s)

2019-01-08 18:39:06 - [TEST_STEP][PASSED] - click: Object: 'Object Repository/Final Object Repo/New Registration - Registration Module Pages/Form 2/DOB Month' is clicked on

2019-01-08 18:39:07 - [MESSAGE][PASSED] - Object: 'Object Repository/Final Object Repo/New Registration - Registration Module Pages/Form 2/DOB Month' is clicked on

2019-01-08 18:39:07 - [TEST_STEP][PASSED] - Statement - selectMonth = com.kms.katalon.core.webui.keyword.WebUiBuiltInKeywords.modifyObjectProperty(selectMonth, "xpath", "equals", "//body/div/div/div/select/option[@value="" + CurrentMonth + ""]", true): Modify property of object successfully

2019-01-08 18:39:07 - [MESSAGE][PASSED] - Modify property of object successfully

2019-01-08 18:39:07 - [TEST_STEP][PASSED] - click: Object: '' is clicked on

2019-01-08 18:39:07 - [MESSAGE][PASSED] - Object: '' is clicked on

2019-01-08 18:39:07 - [TEST_STEP][PASSED] - click: Object: 'Object Repository/Final Object Repo/New Registration - Registration Module Pages/Form 2/DOB Year' is clicked on

2019-01-08 18:39:07 - [MESSAGE][PASSED] - Object: 'Object Repository/Final Object Repo/New Registration - Registration Module Pages/Form 2/DOB Year' is clicked on

2019-01-08 18:39:07 - [TEST_STEP][PASSED] - Statement - selectYear = com.kms.katalon.core.webui.keyword.WebUiBuiltInKeywords.modifyObjectProperty(selectYear, "xpath", "equals", "//div/div/div/select/option[@value="" + FiftysevenYrsBefore + ""]", true): Modify property of object successfully

2019-01-08 18:39:07 - [MESSAGE][PASSED] - Modify property of object successfully

2019-01-08 18:39:07 - [TEST_STEP][PASSED] - click: Object: '' is clicked on

2019-01-08 18:39:07 - [MESSAGE][PASSED] - Object: '' is clicked on

2019-01-08 18:39:07 - [TEST_STEP][PASSED] - Statement - UpdatedSelectDate = com.kms.katalon.core.webui.keyword.WebUiBuiltInKeywords.modifyObjectProperty(com.kms.katalon.core.testobject.ObjectRepository.findTestObject(Final Object Repo/New Registration - Registration Module Pages/Form 2/DOB Date), "xpath", "equals", "//body/div/table/tbody/tr/td/a[text()="" + OneDayBefore + ""]", true): Modify property of object successfully

2019-01-08 18:39:07 - [MESSAGE][PASSED] - Modify property of object successfully

2019-01-08 18:39:07 - [TEST_STEP][PASSED] - click: Object: 'Object Repository/Final Object Repo/New Registration - Registration Module Pages/Form 2/DOB Date' is clicked on

2019-01-08 18:39:07 - [MESSAGE][PASSED] - Object: 'Object Repository/Final Object Repo/New Registration - Registration Module Pages/Form 2/DOB Date' is clicked on

2019-01-08 18:39:07 - [TEST_STEP][PASSED] - delay: Delayed 2 second(s)

2019-01-08 18:39:09 - [MESSAGE][PASSED] - Delayed 2 second(s)

2019-01-08 18:39:09 - [TEST_STEP][PASSED] - click: Object: 'Object Repository/Final Object Repo/New Registration - Registration Module Pages/Form 2/EmploymentStartDate Pop Up' is clicked on

2019-01-08 18:39:09 - [MESSAGE][PASSED] - Object: 'Object Repository/Final Object Repo/New Registration - Registration Module Pages/Form 2/EmploymentStartDate Pop Up' is clicked on

2019-01-08 18:39:09 - [TEST_STEP][PASSED] - delay: Delayed 2 second(s)

2019-01-08 18:39:11 - [MESSAGE][PASSED] - Delayed 2 second(s)

2019-01-08 18:39:11 - [TEST_STEP][PASSED] - click: Object: 'Object Repository/Final Object Repo/New Registration - Registration Module Pages/Form 2/Socso Employment StartDate Month' is clicked on

2019-01-08 18:39:11 - [MESSAGE][PASSED] - Object: 'Object Repository/Final Object Repo/New Registration - Registration Module Pages/Form 2/Socso Employment StartDate Month' is clicked on

2019-01-08 18:39:11 - [TEST_STEP][PASSED] - delay: Delayed 1 second(s)

2019-01-08 18:39:12 - [MESSAGE][PASSED] - Delayed 1 second(s)

2019-01-08 18:39:12 - [TEST_STEP][PASSED] - click: Object: 'Object Repository/Final Object Repo/New Registration - Registration Module Pages/Form 2/Select Socso Employement Startdate Month' is clicked on

2019-01-08 18:39:13 - [MESSAGE][PASSED] - Object: 'Object Repository/Final Object Repo/New Registration - Registration Module Pages/Form 2/Select Socso Employement Startdate Month' is clicked on

2019-01-08 18:39:13 - [TEST_STEP][PASSED] - delay: Delayed 2 second(s)

2019-01-08 18:39:15 - [MESSAGE][PASSED] - Delayed 2 second(s)

2019-01-08 18:39:15 - [TEST_STEP][PASSED] - click: Object: 'Object Repository/Final Object Repo/New Registration - Registration Module Pages/Form 2/Socso Employment StartDate Year' is clicked on

2019-01-08 18:39:15 - [MESSAGE][PASSED] - Object: 'Object Repository/Final Object Repo/New Registration - Registration Module Pages/Form 2/Socso Employment StartDate Year' is clicked on

2019-01-08 18:39:15 - [TEST_STEP][PASSED] - delay: Delayed 1 second(s)

2019-01-08 18:39:16 - [MESSAGE][PASSED] - Delayed 1 second(s)

2019-01-08 18:39:16 - [TEST_STEP][PASSED] - click: Object: 'Object Repository/Final Object Repo/New Registration - Registration Module Pages/Form 2/Select Socso Employment Startdate Year' is clicked on

2019-01-08 18:39:16 - [MESSAGE][PASSED] - Object: 'Object Repository/Final Object Repo/New Registration - Registration Module Pages/Form 2/Select Socso Employment Startdate Year' is clicked on

2019-01-08 18:39:16 - [TEST_STEP][PASSED] - delay: Delayed 2 second(s)

2019-01-08 18:39:18 - [MESSAGE][PASSED] - Delayed 2 second(s)

2019-01-08 18:39:18 - [TEST_STEP][PASSED] - click: Object: 'Object Repository/Final Object Repo/New Registration - Registration Module Pages/Form 2/Socso Employment Start Date Day' is clicked on

2019-01-08 18:39:18 - [MESSAGE][PASSED] - Object: 'Object Repository/Final Object Repo/New Registration - Registration Module Pages/Form 2/Socso Employment Start Date Day' is clicked on

2019-01-08 18:39:18 - [TEST_STEP][PASSED] - delay: Delayed 2 second(s)

2019-01-08 18:39:20 - [MESSAGE][PASSED] - Delayed 2 second(s)

2019-01-08 18:39:20 - [TEST_STEP][PASSED] - click: Object: 'Object Repository/Final Object Repo/New Registration - Registration Module Pages/Form 2/Save Button for Add Employee' is clicked on

2019-01-08 18:39:20 - [MESSAGE][PASSED] - Object: 'Object Repository/Final Object Repo/New Registration - Registration Module Pages/Form 2/Save Button for Add Employee' is clicked on

2019-01-08 18:39:20 - [TEST_STEP][PASSED] - delay: Delayed 4 second(s)

2019-01-08 18:39:24 - [MESSAGE][PASSED] - Delayed 4 second(s)

2019-01-08 18:39:24 - [TEST_STEP][PASSED] - delay: Delayed 30 second(s)

2019-01-08 18:39:54 - [MESSAGE][PASSED] - Delayed 30 second(s)

2019-01-08 18:39:54 - [TEST_STEP][PASSED] - click: Object: 'Object Repository/Final Object Repo/New Registration - Registration Module Pages/Form 2/Add Employee Button' is clicked on

2019-01-08 18:39:54 - [MESSAGE][PASSED] - Object: 'Object Repository/Final Object Repo/New Registration - Registration Module Pages/Form 2/Add Employee Button' is clicked on

2019-01-08 18:39:54 - [TEST_STEP][PASSED] - delay: Delayed 4 second(s)

2019-01-08 18:39:58 - [MESSAGE][PASSED] - Delayed 4 second(s)

2019-01-08 18:39:58 - [TEST_STEP][PASSED] - setText: Text '000209039145' is set on object 'Object Repository/Final Object Repo/New Registration - Registration Module Pages/Form 2/NRIC Input'

2019-01-08 18:39:59 - [MESSAGE][PASSED] - Text '000209039145' is set on object 'Object Repository/Final Object Repo/New Registration - Registration Module Pages/Form 2/NRIC Input'

2019-01-08 18:39:59 - [TEST_STEP][PASSED] - click: Object: 'Object Repository/Final Object Repo/New Registration - Registration Module Pages/Form 2/button for search for IC' is clicked on

2019-01-08 18:39:59 - [MESSAGE][PASSED] - Object: 'Object Repository/Final Object Repo/New Registration - Registration Module Pages/Form 2/button for search for IC' is clicked on

2019-01-08 18:39:59 - [TEST_STEP][PASSED] - delay: Delayed 2 second(s)

2019-01-08 18:40:01 - [MESSAGE][PASSED] - Delayed 2 second(s)

2019-01-08 18:40:01 - [TEST_STEP][PASSED] - setText: Text 'Automate001 not eligible 1' is set on object 'Object Repository/Final Object Repo/New Registration - Registration Module Pages/Form 2/Employee Name Input'

2019-01-08 18:40:01 - [MESSAGE][PASSED] - Text 'Automate001 not eligible 1' is set on object 'Object Repository/Final Object Repo/New Registration - Registration Module Pages/Form 2/Employee Name Input'

2019-01-08 18:40:01 - [TEST_STEP][PASSED] - delay: Delayed 2 second(s)

2019-01-08 18:40:03 - [MESSAGE][PASSED] - Delayed 2 second(s)

2019-01-08 18:40:03 - [TEST_STEP][PASSED] - click: Object: 'Object Repository/Final Object Repo/New Registration - Registration Module Pages/Form 2/DatePicker Pop Up' is clicked on

2019-01-08 18:40:04 - [MESSAGE][PASSED] - Object: 'Object Repository/Final Object Repo/New Registration - Registration Module Pages/Form 2/DatePicker Pop Up' is clicked on

2019-01-08 18:40:04 - [TEST_STEP][PASSED] - delay: Delayed 2 second(s)

2019-01-08 18:40:06 - [MESSAGE][PASSED] - Delayed 2 second(s)

2019-01-08 18:40:06 - [TEST_STEP][PASSED] - click: Object: 'Object Repository/Final Object Repo/New Registration - Registration Module Pages/Form 2/DOB Month' is clicked on

2019-01-08 18:40:06 - [MESSAGE][PASSED] - Object: 'Object Repository/Final Object Repo/New Registration - Registration Module Pages/Form 2/DOB Month' is clicked on

2019-01-08 18:40:06 - [TEST_STEP][PASSED] - Statement - selectMonth = com.kms.katalon.core.webui.keyword.WebUiBuiltInKeywords.modifyObjectProperty(selectMonth, "xpath", "equals", "//body/div/div/div/select/option[@value="" + CurrentMonth + ""]", true): Modify property of object successfully

2019-01-08 18:40:06 - [MESSAGE][PASSED] - Modify property of object successfully

2019-01-08 18:40:06 - [TEST_STEP][PASSED] - click: Object: '' is clicked on

2019-01-08 18:40:06 - [MESSAGE][PASSED] - Object: '' is clicked on

2019-01-08 18:40:06 - [TEST_STEP][PASSED] - click: Object: 'Object Repository/Final Object Repo/New Registration - Registration Module Pages/Form 2/DOB Year' is clicked on

2019-01-08 18:40:06 - [MESSAGE][PASSED] - Object: 'Object Repository/Final Object Repo/New Registration - Registration Module Pages/Form 2/DOB Year' is clicked on

2019-01-08 18:40:06 - [TEST_STEP][PASSED] - Statement - selectYear = com.kms.katalon.core.webui.keyword.WebUiBuiltInKeywords.modifyObjectProperty(selectYear, "xpath", "equals", "//div/div/div/select/option[@value="" + EighteenYrsBefore + ""]", true): Modify property of object successfully

2019-01-08 18:40:06 - [MESSAGE][PASSED] - Modify property of object successfully

2019-01-08 18:40:06 - [TEST_STEP][PASSED] - click: Object: '' is clicked on

2019-01-08 18:40:06 - [MESSAGE][PASSED] - Object: '' is clicked on

2019-01-08 18:40:06 - [TEST_STEP][PASSED] - Statement - UpdatedSelectDate = com.kms.katalon.core.webui.keyword.WebUiBuiltInKeywords.modifyObjectProperty(com.kms.katalon.core.testobject.ObjectRepository.findTestObject(Final Object Repo/New Registration - Registration Module Pages/Form 2/DOB Date), "xpath", "equals", "//body/div/table/tbody/tr/td/a[text()="" + OneDayBefore + ""]", true): Modify property of object successfully

2019-01-08 18:40:06 - [MESSAGE][PASSED] - Modify property of object successfully

2019-01-08 18:40:06 - [TEST_STEP][PASSED] - click: Object: 'Object Repository/Final Object Repo/New Registration - Registration Module Pages/Form 2/DOB Date' is clicked on

2019-01-08 18:40:06 - [MESSAGE][PASSED] - Object: 'Object Repository/Final Object Repo/New Registration - Registration Module Pages/Form 2/DOB Date' is clicked on

2019-01-08 18:40:06 - [TEST_STEP][PASSED] - delay: Delayed 2 second(s)

2019-01-08 18:40:08 - [MESSAGE][PASSED] - Delayed 2 second(s)

2019-01-08 18:40:08 - [TEST_STEP][PASSED] - click: Object: 'Object Repository/Final Object Repo/New Registration - Registration Module Pages/Form 2/EmploymentStartDate Pop Up' is clicked on

2019-01-08 18:40:09 - [MESSAGE][PASSED] - Object: 'Object Repository/Final Object Repo/New Registration - Registration Module Pages/Form 2/EmploymentStartDate Pop Up' is clicked on

2019-01-08 18:40:09 - [TEST_STEP][PASSED] - delay: Delayed 2 second(s)

2019-01-08 18:40:11 - [MESSAGE][PASSED] - Delayed 2 second(s)

2019-01-08 18:40:11 - [TEST_STEP][PASSED] - click: Object: 'Object Repository/Final Object Repo/New Registration - Registration Module Pages/Form 2/Socso Employment StartDate Month' is clicked on

2019-01-08 18:40:11 - [MESSAGE][PASSED] - Object: 'Object Repository/Final Object Repo/New Registration - Registration Module Pages/Form 2/Socso Employment StartDate Month' is clicked on

2019-01-08 18:40:11 - [TEST_STEP][PASSED] - delay: Delayed 1 second(s)

2019-01-08 18:40:12 - [MESSAGE][PASSED] - Delayed 1 second(s)

2019-01-08 18:40:12 - [TEST_STEP][PASSED] - click: Object: 'Object Repository/Final Object Repo/New Registration - Registration Module Pages/Form 2/Select Socso Employement Startdate Month' is clicked on

2019-01-08 18:40:12 - [MESSAGE][PASSED] - Object: 'Object Repository/Final Object Repo/New Registration - Registration Module Pages/Form 2/Select Socso Employement Startdate Month' is clicked on

2019-01-08 18:40:12 - [TEST_STEP][PASSED] - delay: Delayed 2 second(s)

2019-01-08 18:40:14 - [MESSAGE][PASSED] - Delayed 2 second(s)

2019-01-08 18:40:14 - [TEST_STEP][PASSED] - click: Object: 'Object Repository/Final Object Repo/New Registration - Registration Module Pages/Form 2/Socso Employment StartDate Year' is clicked on

2019-01-08 18:40:14 - [MESSAGE][PASSED] - Object: 'Object Repository/Final Object Repo/New Registration - Registration Module Pages/Form 2/Socso Employment StartDate Year' is clicked on

2019-01-08 18:40:14 - [TEST_STEP][PASSED] - delay: Delayed 1 second(s)

2019-01-08 18:40:15 - [MESSAGE][PASSED] - Delayed 1 second(s)

2019-01-08 18:40:15 - [TEST_STEP][PASSED] - click: Object: 'Object Repository/Final Object Repo/New Registration - Registration Module Pages/Form 2/Select Socso Employment Startdate Year' is clicked on

2019-01-08 18:40:15 - [MESSAGE][PASSED] - Object: 'Object Repository/Final Object Repo/New Registration - Registration Module Pages/Form 2/Select Socso Employment Startdate Year' is clicked on

2019-01-08 18:40:15 - [TEST_STEP][PASSED] - delay: Delayed 2 second(s)

2019-01-08 18:40:17 - [MESSAGE][PASSED] - Delayed 2 second(s)

2019-01-08 18:40:17 - [TEST_STEP][PASSED] - click: Object: 'Object Repository/Final Object Repo/New Registration - Registration Module Pages/Form 2/Socso Employment Start Date Day' is clicked on

2019-01-08 18:40:17 - [MESSAGE][PASSED] - Object: 'Object Repository/Final Object Repo/New Registration - Registration Module Pages/Form 2/Socso Employment Start Date Day' is clicked on

2019-01-08 18:40:17 - [TEST_STEP][PASSED] - delay: Delayed 2 second(s)

2019-01-08 18:40:19 - [MESSAGE][PASSED] - Delayed 2 second(s)

2019-01-08 18:40:19 - [TEST_STEP][PASSED] - click: Object: 'Object Repository/Final Object Repo/New Registration - Registration Module Pages/Form 2/Save Button for Add Employee' is clicked on

2019-01-08 18:40:19 - [MESSAGE][PASSED] - Object: 'Object Repository/Final Object Repo/New Registration - Registration Module Pages/Form 2/Save Button for Add Employee' is clicked on

2019-01-08 18:40:19 - [TEST_STEP][PASSED] - delay: Delayed 6 second(s)

2019-01-08 18:40:25 - [MESSAGE][PASSED] - Delayed 6 second(s)

2019-01-08 18:40:25 - [TEST_STEP][PASSED] - click: Object: 'Object Repository/Final Object Repo/New Registration - Registration Module Pages/Form 2/Add Employee Button' is clicked on

2019-01-08 18:40:26 - [MESSAGE][PASSED] - Object: 'Object Repository/Final Object Repo/New Registration - Registration Module Pages/Form 2/Add Employee Button' is clicked on

2019-01-08 18:40:26 - [TEST_STEP][PASSED] - delay: Delayed 4 second(s)

2019-01-08 18:40:30 - [MESSAGE][PASSED] - Delayed 4 second(s)

2019-01-08 18:40:30 - [TEST_STEP][PASSED] - setText: Text '600203039154' is set on object 'Object Repository/Final Object Repo/New Registration - Registration Module Pages/Form 2/NRIC Input'

2019-01-08 18:40:30 - [MESSAGE][PASSED] - Text '600203039154' is set on object 'Object Repository/Final Object Repo/New Registration - Registration Module Pages/Form 2/NRIC Input'

2019-01-08 18:40:30 - [TEST_STEP][PASSED] - click: Object: 'Object Repository/Final Object Repo/New Registration - Registration Module Pages/Form 2/button for search for IC' is clicked on

2019-01-08 18:40:30 - [MESSAGE][PASSED] - Object: 'Object Repository/Final Object Repo/New Registration - Registration Module Pages/Form 2/button for search for IC' is clicked on

2019-01-08 18:40:30 - [TEST_STEP][PASSED] - delay: Delayed 2 second(s)

2019-01-08 18:40:32 - [MESSAGE][PASSED] - Delayed 2 second(s)

2019-01-08 18:40:32 - [TEST_STEP][PASSED] - setText: Text 'Automate001 not eligible 2' is set on object 'Object Repository/Final Object Repo/New Registration - Registration Module Pages/Form 2/Employee Name Input'

2019-01-08 18:40:33 - [MESSAGE][PASSED] - Text 'Automate001 not eligible 2' is set on object 'Object Repository/Final Object Repo/New Registration - Registration Module Pages/Form 2/Employee Name Input'

2019-01-08 18:40:33 - [TEST_STEP][PASSED] - delay: Delayed 2 second(s)

2019-01-08 18:40:35 - [MESSAGE][PASSED] - Delayed 2 second(s)

2019-01-08 18:40:35 - [TEST_STEP][PASSED] - click: Object: 'Object Repository/Final Object Repo/New Registration - Registration Module Pages/Form 2/DatePicker Pop Up' is clicked on

2019-01-08 18:40:35 - [MESSAGE][PASSED] - Object: 'Object Repository/Final Object Repo/New Registration - Registration Module Pages/Form 2/DatePicker Pop Up' is clicked on

2019-01-08 18:40:35 - [TEST_STEP][PASSED] - delay: Delayed 2 second(s)

2019-01-08 18:40:37 - [MESSAGE][PASSED] - Delayed 2 second(s)

2019-01-08 18:40:37 - [TEST_STEP][PASSED] - click: Object: 'Object Repository/Final Object Repo/New Registration - Registration Module Pages/Form 2/DOB Month' is clicked on

2019-01-08 18:40:37 - [MESSAGE][PASSED] - Object: 'Object Repository/Final Object Repo/New Registration - Registration Module Pages/Form 2/DOB Month' is clicked on

2019-01-08 18:40:37 - [TEST_STEP][PASSED] - Statement - selectMonth = com.kms.katalon.core.webui.keyword.WebUiBuiltInKeywords.modifyObjectProperty(selectMonth, "xpath", "equals", "//body/div/div/div/select/option[@value="" + CurrentMonth + ""]", true): Modify property of object successfully

2019-01-08 18:40:37 - [MESSAGE][PASSED] - Modify property of object successfully

2019-01-08 18:40:37 - [TEST_STEP][PASSED] - click: Object: '' is clicked on

2019-01-08 18:40:37 - [MESSAGE][PASSED] - Object: '' is clicked on

2019-01-08 18:40:37 - [TEST_STEP][PASSED] - click: Object: 'Object Repository/Final Object Repo/New Registration - Registration Module Pages/Form 2/DOB Year' is clicked on

2019-01-08 18:40:37 - [MESSAGE][PASSED] - Object: 'Object Repository/Final Object Repo/New Registration - Registration Module Pages/Form 2/DOB Year' is clicked on

2019-01-08 18:40:37 - [TEST_STEP][PASSED] - Statement - selectYear = com.kms.katalon.core.webui.keyword.WebUiBuiltInKeywords.modifyObjectProperty(selectYear, "xpath", "equals", "//div/div/div/select/option[@value="" + FiftysevenYrsBefore + ""]", true): Modify property of object successfully

2019-01-08 18:40:37 - [MESSAGE][PASSED] - Modify property of object successfully

2019-01-08 18:40:37 - [TEST_STEP][PASSED] - click: Object: '' is clicked on

2019-01-08 18:40:37 - [MESSAGE][PASSED] - Object: '' is clicked on

2019-01-08 18:40:37 - [TEST_STEP][PASSED] - Statement - UpdatedSelectDate = com.kms.katalon.core.webui.keyword.WebUiBuiltInKeywords.modifyObjectProperty(com.kms.katalon.core.testobject.ObjectRepository.findTestObject(Final Object Repo/New Registration - Registration Module Pages/Form 2/DOB Date), "xpath", "equals", "//body/div/table/tbody/tr/td/a[text()="" + CurrentDate + ""]", true): Modify property of object successfully

2019-01-08 18:40:37 - [MESSAGE][PASSED] - Modify property of object successfully

2019-01-08 18:40:37 - [TEST_STEP][PASSED] - click: Object: 'Object Repository/Final Object Repo/New Registration - Registration Module Pages/Form 2/DOB Date' is clicked on

2019-01-08 18:40:38 - [MESSAGE][PASSED] - Object: 'Object Repository/Final Object Repo/New Registration - Registration Module Pages/Form 2/DOB Date' is clicked on

2019-01-08 18:40:38 - [TEST_STEP][PASSED] - click: Object: 'Object Repository/Final Object Repo/New Registration - Registration Module Pages/Form 2/EmploymentStartDate Pop Up' is clicked on

2019-01-08 18:40:38 - [MESSAGE][PASSED] - Object: 'Object Repository/Final Object Repo/New Registration - Registration Module Pages/Form 2/EmploymentStartDate Pop Up' is clicked on

2019-01-08 18:40:38 - [TEST_STEP][PASSED] - delay: Delayed 2 second(s)

2019-01-08 18:40:40 - [MESSAGE][PASSED] - Delayed 2 second(s)

2019-01-08 18:40:40 - [TEST_STEP][PASSED] - click: Object: 'Object Repository/Final Object Repo/New Registration - Registration Module Pages/Form 2/Socso Employment StartDate Month' is clicked on

2019-01-08 18:40:40 - [MESSAGE][PASSED] - Object: 'Object Repository/Final Object Repo/New Registration - Registration Module Pages/Form 2/Socso Employment StartDate Month' is clicked on

2019-01-08 18:40:40 - [TEST_STEP][PASSED] - delay: Delayed 1 second(s)

2019-01-08 18:40:41 - [MESSAGE][PASSED] - Delayed 1 second(s)

2019-01-08 18:40:41 - [TEST_STEP][PASSED] - click: Object: 'Object Repository/Final Object Repo/New Registration - Registration Module Pages/Form 2/Select Socso Employement Startdate Month' is clicked on

2019-01-08 18:40:41 - [MESSAGE][PASSED] - Object: 'Object Repository/Final Object Repo/New Registration - Registration Module Pages/Form 2/Select Socso Employement Startdate Month' is clicked on

2019-01-08 18:40:41 - [TEST_STEP][PASSED] - delay: Delayed 2 second(s)

2019-01-08 18:40:43 - [MESSAGE][PASSED] - Delayed 2 second(s)

2019-01-08 18:40:43 - [TEST_STEP][PASSED] - click: Object: 'Object Repository/Final Object Repo/New Registration - Registration Module Pages/Form 2/Socso Employment StartDate Year' is clicked on

2019-01-08 18:40:43 - [MESSAGE][PASSED] - Object: 'Object Repository/Final Object Repo/New Registration - Registration Module Pages/Form 2/Socso Employment StartDate Year' is clicked on

2019-01-08 18:40:43 - [TEST_STEP][PASSED] - delay: Delayed 1 second(s)

2019-01-08 18:40:44 - [MESSAGE][PASSED] - Delayed 1 second(s)

2019-01-08 18:40:44 - [TEST_STEP][PASSED] - click: Object: 'Object Repository/Final Object Repo/New Registration - Registration Module Pages/Form 2/Select Socso Employment Startdate Year' is clicked on

2019-01-08 18:40:44 - [MESSAGE][PASSED] - Object: 'Object Repository/Final Object Repo/New Registration - Registration Module Pages/Form 2/Select Socso Employment Startdate Year' is clicked on

2019-01-08 18:40:44 - [TEST_STEP][PASSED] - delay: Delayed 2 second(s)

2019-01-08 18:40:46 - [MESSAGE][PASSED] - Delayed 2 second(s)

2019-01-08 18:40:46 - [TEST_STEP][PASSED] - click: Object: 'Object Repository/Final Object Repo/New Registration - Registration Module Pages/Form 2/Socso Employment Start Date Day' is clicked on

2019-01-08 18:40:47 - [MESSAGE][PASSED] - Object: 'Object Repository/Final Object Repo/New Registration - Registration Module Pages/Form 2/Socso Employment Start Date Day' is clicked on

2019-01-08 18:40:47 - [TEST_STEP][PASSED] - delay: Delayed 2 second(s)

2019-01-08 18:40:49 - [MESSAGE][PASSED] - Delayed 2 second(s)

2019-01-08 18:40:49 - [TEST_STEP][PASSED] - click: Object: 'Object Repository/Final Object Repo/New Registration - Registration Module Pages/Form 2/Save Button for Add Employee' is clicked on

2019-01-08 18:40:49 - [MESSAGE][PASSED] - Object: 'Object Repository/Final Object Repo/New Registration - Registration Module Pages/Form 2/Save Button for Add Employee' is clicked on

2019-01-08 18:40:49 - [TEST_STEP][PASSED] - delay: Delayed 2 second(s)

2019-01-08 18:40:51 - [MESSAGE][PASSED] - Delayed 2 second(s)

2019-01-08 18:40:51 - [TEST_STEP][PASSED] - click: Object: 'Object Repository/Final Object Repo/New Registration - Registration Module Pages/Form 2/Save and Continue Form 2' is clicked on

2019-01-08 18:40:51 - [MESSAGE][PASSED] - Object: 'Object Repository/Final Object Repo/New Registration - Registration Module Pages/Form 2/Save and Continue Form 2' is clicked on

2019-01-08 18:40:51 - [MESSAGE][PASSED] - Call Test Case 'Test Cases/Final Aug 2018 - PKS Automation/Registration Module/New Registration/Form 2/Add 2 Eligible 2 Not Eligible' successfully

2019-01-08 18:40:51 - [TEST_STEP][PASSED] - callTestCase: Call Test Case 'Test Cases/Final Aug 2018 - PKS Automation/Registration Module/New Registration/Flow of New Registration/Third Screen - Upload Supporting Doc - Preview' successfully

2019-01-08 18:40:51 - [TEST_CASE][PASSED] - Test Cases/Final Aug 2018 - PKS Automation/Registration Module/New Registration/Flow of New Registration/Third Screen - Upload Supporting Doc - Preview: Test Cases/Final Aug 2018 - PKS Automation/Registration Module/New Registration/Flow of New Registration/Third Screen - Upload Supporting Doc - Preview

2019-01-08 18:40:51 - [TEST_STEP][PASSED] - waitForPageLoad: Wait for page load successfully

2019-01-08 18:40:52 - [MESSAGE][PASSED] - Wait for page load successfully

2019-01-08 18:40:52 - [TEST_STEP][PASSED] - Statement - CaseReferenceNo = com.kms.katalon.core.webui.keyword.WebUiBuiltInKeywords.getText(com.kms.katalon.core.testobject.ObjectRepository.findTestObject(Final Object Repo/New Registration - Registration Module Pages/Third Screen - Upload Supporting Doc- Preview/RefNo Acquiring)): Text of object 'Object Repository/Final Object Repo/New Registration - Registration Module Pages/Third Screen - Upload Supporting Doc- Preview/RefNo Acquiring' is: 'CRN01201900123651'

2019-01-08 18:40:52 - [MESSAGE][PASSED] - Text of object 'Object Repository/Final Object Repo/New Registration - Registration Module Pages/Third Screen - Upload Supporting Doc- Preview/RefNo Acquiring' is: 'CRN01201900123651'

2019-01-08 18:40:52 - [TEST_STEP][PASSED] - delay: Delayed 2 second(s)

2019-01-08 18:40:54 - [MESSAGE][PASSED] - Delayed 2 second(s)

2019-01-08 18:40:54 - [TEST_STEP][PASSED] - callTestCase: Call Test Case 'Test Cases/Final Aug 2018 - PKS Automation/Common/Reference Number Setter' successfully

2019-01-08 18:40:54 - [TEST_CASE][PASSED] - Test Cases/Final Aug 2018 - PKS Automation/Common/Reference Number Setter: Test Cases/Final Aug 2018 - PKS Automation/Common/Reference Number Setter

2019-01-08 18:40:54 - [TEST_STEP][PASSED] - Statement - RefNoOldFile = new java.io.File(C://Users//Admin//Desktop//PKS//Automation Reference Point//KatalonReference.txt): null

2019-01-08 18:40:54 - [TEST_STEP][PASSED] - Statement - RefNoOldFile.delete(): null

2019-01-08 18:40:54 - [TEST_STEP][PASSED] - delay: Delayed 5 second(s)

2019-01-08 18:40:59 - [MESSAGE][PASSED] - Delayed 5 second(s)

2019-01-08 18:40:59 - [TEST_STEP][PASSED] - Statement - RefNo = new java.io.File(C://Users//Admin//Desktop//PKS//Automation Reference Point//KatalonReference.txt): null

2019-01-08 18:40:59 - [TEST_STEP][PASSED] - Statement - f2 = new java.io.FileWriter(RefNo, false): null

2019-01-08 18:40:59 - [TEST_STEP][PASSED] - Statement - f2.write(CaseReferenceNo): null

2019-01-08 18:40:59 - [TEST_STEP][PASSED] - Statement - f2.close(): null

2019-01-08 18:40:59 - [TEST_STEP][PASSED] - Statement - out.println("


" + CaseReferenceNo + "


"): null

2019-01-08 18:40:59 - [MESSAGE][PASSED] - Call Test Case 'Test Cases/Final Aug 2018 - PKS Automation/Common/Reference Number Setter' successfully

2019-01-08 18:40:59 - [TEST_STEP][PASSED] - waitForElementClickable: Object 'Object Repository/Final Object Repo/New Registration - Registration Module Pages/Third Screen - Upload Supporting Doc- Preview/Save n Continue in SIP Employee Listing Page' is clickable

2019-01-08 18:40:59 - [MESSAGE][PASSED] - Object 'Object Repository/Final Object Repo/New Registration - Registration Module Pages/Third Screen - Upload Supporting Doc- Preview/Save n Continue in SIP Employee Listing Page' is clickable

2019-01-08 18:40:59 - [TEST_STEP][PASSED] - click: Object: 'Object Repository/Final Object Repo/New Registration - Registration Module Pages/Third Screen - Upload Supporting Doc- Preview/Save n Continue in SIP Employee Listing Page' is clicked on

2019-01-08 18:41:05 - [MESSAGE][PASSED] - Object: 'Object Repository/Final Object Repo/New Registration - Registration Module Pages/Third Screen - Upload Supporting Doc- Preview/Save n Continue in SIP Employee Listing Page' is clicked on

2019-01-08 18:41:05 - [TEST_STEP][PASSED] - delay: Delayed 7 second(s)

2019-01-08 18:41:12 - [MESSAGE][PASSED] - Delayed 7 second(s)

2019-01-08 18:41:12 - [TEST_STEP][PASSED] - click: Object: 'Object Repository/Final Object Repo/New Registration - Registration Module Pages/Third Screen - Upload Supporting Doc- Preview/Add Document Button' is clicked on

2019-01-08 18:41:12 - [MESSAGE][PASSED] - Object: 'Object Repository/Final Object Repo/New Registration - Registration Module Pages/Third Screen - Upload Supporting Doc- Preview/Add Document Button' is clicked on

2019-01-08 18:41:12 - [TEST_STEP][PASSED] - delay: Delayed 30 second(s)

2019-01-08 18:41:42 - [MESSAGE][PASSED] - Delayed 30 second(s)

2019-01-08 18:41:42 - [TEST_STEP][PASSED] - click: Object: 'Object Repository/Final Object Repo/New Registration - Registration Module Pages/Third Screen - Upload Supporting Doc- Preview/Supporting Doc Please Select Drop Down' is clicked on

2019-01-08 18:41:42 - [MESSAGE][PASSED] - Object: 'Object Repository/Final Object Repo/New Registration - Registration Module Pages/Third Screen - Upload Supporting Doc- Preview/Supporting Doc Please Select Drop Down' is clicked on

2019-01-08 18:41:42 - [TEST_STEP][PASSED] - delay: Delayed 2 second(s)

2019-01-08 18:41:44 - [MESSAGE][PASSED] - Delayed 2 second(s)

2019-01-08 18:41:44 - [TEST_STEP][PASSED] - click: Object: 'Object Repository/Final Object Repo/New Registration - Registration Module Pages/Third Screen - Upload Supporting Doc- Preview/Select to Upload Form 1' is clicked on

2019-01-08 18:41:44 - [MESSAGE][PASSED] - Object: 'Object Repository/Final Object Repo/New Registration - Registration Module Pages/Third Screen - Upload Supporting Doc- Preview/Select to Upload Form 1' is clicked on

2019-01-08 18:41:44 - [TEST_STEP][PASSED] - delay: Delayed 2 second(s)

2019-01-08 18:41:46 - [MESSAGE][PASSED] - Delayed 2 second(s)

2019-01-08 18:41:46 - [TEST_STEP][PASSED] - uploadFile: File 'C:\Users\Public\Pictures\Sample Pictures\Koala.jpg' sent to object: 'Object Repository/Final Object Repo/New Registration - Registration Module Pages/Third Screen - Upload Supporting Doc- Preview/Upload File Adding'

2019-01-08 18:41:46 - [MESSAGE][PASSED] - File 'C:\Users\Public\Pictures\Sample Pictures\Koala.jpg' sent to object: 'Object Repository/Final Object Repo/New Registration - Registration Module Pages/Third Screen - Upload Supporting Doc- Preview/Upload File Adding'

2019-01-08 18:41:46 - [TEST_STEP][PASSED] - delay: Delayed 5 second(s)

2019-01-08 18:41:51 - [MESSAGE][PASSED] - Delayed 5 second(s)

2019-01-08 18:41:51 - [TEST_STEP][PASSED] - click: Object: 'Object Repository/Final Object Repo/New Registration - Registration Module Pages/Third Screen - Upload Supporting Doc- Preview/Inner Form Add Document Button' is clicked on

2019-01-08 18:41:51 - [MESSAGE][PASSED] - Object: 'Object Repository/Final Object Repo/New Registration - Registration Module Pages/Third Screen - Upload Supporting Doc- Preview/Inner Form Add Document Button' is clicked on

2019-01-08 18:41:51 - [TEST_STEP][PASSED] - delay: Delayed 3 second(s)

2019-01-08 18:41:54 - [MESSAGE][PASSED] - Delayed 3 second(s)

2019-01-08 18:41:54 - [TEST_STEP][PASSED] - click: Object: 'Object Repository/Final Object Repo/New Registration - Registration Module Pages/Third Screen - Upload Supporting Doc- Preview/Add Document Button' is clicked on

2019-01-08 18:41:56 - [MESSAGE][PASSED] - Object: 'Object Repository/Final Object Repo/New Registration - Registration Module Pages/Third Screen - Upload Supporting Doc- Preview/Add Document Button' is clicked on

2019-01-08 18:41:56 - [TEST_STEP][PASSED] - delay: Delayed 30 second(s)

2019-01-08 18:42:26 - [MESSAGE][PASSED] - Delayed 30 second(s)

2019-01-08 18:42:26 - [TEST_STEP][PASSED] - click: Object: 'Object Repository/Final Object Repo/New Registration - Registration Module Pages/Third Screen - Upload Supporting Doc- Preview/Supporting Doc Please Select Drop Down' is clicked on

2019-01-08 18:42:26 - [MESSAGE][PASSED] - Object: 'Object Repository/Final Object Repo/New Registration - Registration Module Pages/Third Screen - Upload Supporting Doc- Preview/Supporting Doc Please Select Drop Down' is clicked on

2019-01-08 18:42:26 - [TEST_STEP][PASSED] - delay: Delayed 4 second(s)

2019-01-08 18:42:30 - [MESSAGE][PASSED] - Delayed 4 second(s)

2019-01-08 18:42:30 - [TEST_STEP][PASSED] - click: Object: 'Object Repository/Final Object Repo/New Registration - Registration Module Pages/Third Screen - Upload Supporting Doc- Preview/Select to Upload Form 2' is clicked on

2019-01-08 18:42:30 - [MESSAGE][PASSED] - Object: 'Object Repository/Final Object Repo/New Registration - Registration Module Pages/Third Screen - Upload Supporting Doc- Preview/Select to Upload Form 2' is clicked on

2019-01-08 18:42:30 - [TEST_STEP][PASSED] - delay: Delayed 2 second(s)

2019-01-08 18:42:32 - [MESSAGE][PASSED] - Delayed 2 second(s)

2019-01-08 18:42:32 - [TEST_STEP][PASSED] - uploadFile: File 'C:\Users\Public\Pictures\Sample Pictures\Koala.jpg' sent to object: 'Object Repository/Final Object Repo/New Registration - Registration Module Pages/Third Screen - Upload Supporting Doc- Preview/Upload File Adding'

2019-01-08 18:42:32 - [MESSAGE][PASSED] - File 'C:\Users\Public\Pictures\Sample Pictures\Koala.jpg' sent to object: 'Object Repository/Final Object Repo/New Registration - Registration Module Pages/Third Screen - Upload Supporting Doc- Preview/Upload File Adding'

2019-01-08 18:42:32 - [TEST_STEP][PASSED] - click: Object: 'Object Repository/Final Object Repo/New Registration - Registration Module Pages/Third Screen - Upload Supporting Doc- Preview/Inner Form Add Document Button' is clicked on

2019-01-08 18:42:32 - [MESSAGE][PASSED] - Object: 'Object Repository/Final Object Repo/New Registration - Registration Module Pages/Third Screen - Upload Supporting Doc- Preview/Inner Form Add Document Button' is clicked on

2019-01-08 18:42:32 - [TEST_STEP][PASSED] - delay: Delayed 5 second(s)

2019-01-08 18:42:37 - [MESSAGE][PASSED] - Delayed 5 second(s)

2019-01-08 18:42:37 - [TEST_STEP][PASSED] - click: Object: 'Object Repository/Final Object Repo/New Registration - Registration Module Pages/Third Screen - Upload Supporting Doc- Preview/Add Document Button' is clicked on

2019-01-08 18:42:38 - [MESSAGE][PASSED] - Object: 'Object Repository/Final Object Repo/New Registration - Registration Module Pages/Third Screen - Upload Supporting Doc- Preview/Add Document Button' is clicked on

2019-01-08 18:42:38 - [TEST_STEP][PASSED] - delay: Delayed 30 second(s)

2019-01-08 18:43:08 - [MESSAGE][PASSED] - Delayed 30 second(s)

2019-01-08 18:43:08 - [TEST_STEP][PASSED] - click: Object: 'Object Repository/Final Object Repo/New Registration - Registration Module Pages/Third Screen - Upload Supporting Doc- Preview/Supporting Doc Please Select Drop Down' is clicked on

2019-01-08 18:43:08 - [MESSAGE][PASSED] - Object: 'Object Repository/Final Object Repo/New Registration - Registration Module Pages/Third Screen - Upload Supporting Doc- Preview/Supporting Doc Please Select Drop Down' is clicked on

2019-01-08 18:43:08 - [TEST_STEP][PASSED] - click: Object: 'Object Repository/Final Object Repo/New Registration - Registration Module Pages/Third Screen - Upload Supporting Doc- Preview/Select to Upload Borang SIP 1' is clicked on

2019-01-08 18:43:08 - [MESSAGE][PASSED] - Object: 'Object Repository/Final Object Repo/New Registration - Registration Module Pages/Third Screen - Upload Supporting Doc- Preview/Select to Upload Borang SIP 1' is clicked on

2019-01-08 18:43:08 - [TEST_STEP][PASSED] - delay: Delayed 2 second(s)

2019-01-08 18:43:10 - [MESSAGE][PASSED] - Delayed 2 second(s)

2019-01-08 18:43:10 - [TEST_STEP][PASSED] - uploadFile: File 'C:\Users\Public\Pictures\Sample Pictures\Koala.jpg' sent to object: 'Object Repository/Final Object Repo/New Registration - Registration Module Pages/Third Screen - Upload Supporting Doc- Preview/Upload File Adding'

2019-01-08 18:43:10 - [MESSAGE][PASSED] - File 'C:\Users\Public\Pictures\Sample Pictures\Koala.jpg' sent to object: 'Object Repository/Final Object Repo/New Registration - Registration Module Pages/Third Screen - Upload Supporting Doc- Preview/Upload File Adding'

2019-01-08 18:43:10 - [TEST_STEP][PASSED] - click: Object: 'Object Repository/Final Object Repo/New Registration - Registration Module Pages/Third Screen - Upload Supporting Doc- Preview/Inner Form Add Document Button' is clicked on

2019-01-08 18:43:10 - [MESSAGE][PASSED] - Object: 'Object Repository/Final Object Repo/New Registration - Registration Module Pages/Third Screen - Upload Supporting Doc- Preview/Inner Form Add Document Button' is clicked on

2019-01-08 18:43:10 - [TEST_STEP][PASSED] - delay: Delayed 5 second(s)

2019-01-08 18:43:15 - [MESSAGE][PASSED] - Delayed 5 second(s)

2019-01-08 18:43:15 - [TEST_STEP][PASSED] - click: Object: 'Object Repository/Final Object Repo/New Registration - Registration Module Pages/Third Screen - Upload Supporting Doc- Preview/Add Document Button' is clicked on

2019-01-08 18:43:15 - [MESSAGE][PASSED] - Object: 'Object Repository/Final Object Repo/New Registration - Registration Module Pages/Third Screen - Upload Supporting Doc- Preview/Add Document Button' is clicked on

2019-01-08 18:43:15 - [TEST_STEP][PASSED] - delay: Delayed 30 second(s)

2019-01-08 18:43:45 - [MESSAGE][PASSED] - Delayed 30 second(s)

2019-01-08 18:43:45 - [TEST_STEP][PASSED] - click: Object: 'Object Repository/Final Object Repo/New Registration - Registration Module Pages/Third Screen - Upload Supporting Doc- Preview/Supporting Doc Please Select Drop Down' is clicked on

2019-01-08 18:43:46 - [MESSAGE][PASSED] - Object: 'Object Repository/Final Object Repo/New Registration - Registration Module Pages/Third Screen - Upload Supporting Doc- Preview/Supporting Doc Please Select Drop Down' is clicked on

2019-01-08 18:43:46 - [TEST_STEP][PASSED] - delay: Delayed 3 second(s)

2019-01-08 18:43:49 - [MESSAGE][PASSED] - Delayed 3 second(s)

2019-01-08 18:43:49 - [TEST_STEP][PASSED] - click: Object: 'Object Repository/Final Object Repo/New Registration - Registration Module Pages/Third Screen - Upload Supporting Doc- Preview/Select to Upload Borang SIP 2' is clicked on

2019-01-08 18:43:49 - [MESSAGE][PASSED] - Object: 'Object Repository/Final Object Repo/New Registration - Registration Module Pages/Third Screen - Upload Supporting Doc- Preview/Select to Upload Borang SIP 2' is clicked on

2019-01-08 18:43:49 - [TEST_STEP][PASSED] - delay: Delayed 2 second(s)

2019-01-08 18:43:51 - [MESSAGE][PASSED] - Delayed 2 second(s)

2019-01-08 18:43:51 - [TEST_STEP][PASSED] - uploadFile: File 'C:\Users\Public\Pictures\Sample Pictures\Koala.jpg' sent to object: 'Object Repository/Final Object Repo/New Registration - Registration Module Pages/Third Screen - Upload Supporting Doc- Preview/Upload File Adding'

2019-01-08 18:43:51 - [MESSAGE][PASSED] - File 'C:\Users\Public\Pictures\Sample Pictures\Koala.jpg' sent to object: 'Object Repository/Final Object Repo/New Registration - Registration Module Pages/Third Screen - Upload Supporting Doc- Preview/Upload File Adding'

2019-01-08 18:43:51 - [TEST_STEP][PASSED] - delay: Delayed 5 second(s)

2019-01-08 18:43:56 - [MESSAGE][PASSED] - Delayed 5 second(s)

2019-01-08 18:43:56 - [TEST_STEP][PASSED] - click: Object: 'Object Repository/Final Object Repo/New Registration - Registration Module Pages/Third Screen - Upload Supporting Doc- Preview/Inner Form Add Document Button' is clicked on

2019-01-08 18:43:56 - [MESSAGE][PASSED] - Object: 'Object Repository/Final Object Repo/New Registration - Registration Module Pages/Third Screen - Upload Supporting Doc- Preview/Inner Form Add Document Button' is clicked on

2019-01-08 18:43:56 - [TEST_STEP][PASSED] - delay: Delayed 3 second(s)

2019-01-08 18:43:59 - [MESSAGE][PASSED] - Delayed 3 second(s)

2019-01-08 18:43:59 - [TEST_STEP][PASSED] - waitForElementClickable: Object 'Object Repository/Final Object Repo/New Registration - Registration Module Pages/Third Screen - Upload Supporting Doc- Preview/Save n Continue in Uploading Supporting Doc Page' is clickable

2019-01-08 18:44:00 - [MESSAGE][PASSED] - Object 'Object Repository/Final Object Repo/New Registration - Registration Module Pages/Third Screen - Upload Supporting Doc- Preview/Save n Continue in Uploading Supporting Doc Page' is clickable

2019-01-08 18:44:00 - [TEST_STEP][PASSED] - click: Object: 'Object Repository/Final Object Repo/New Registration - Registration Module Pages/Third Screen - Upload Supporting Doc- Preview/Save n Continue in Uploading Supporting Doc Page' is clicked on

2019-01-08 18:44:00 - [MESSAGE][PASSED] - Object: 'Object Repository/Final Object Repo/New Registration - Registration Module Pages/Third Screen - Upload Supporting Doc- Preview/Save n Continue in Uploading Supporting Doc Page' is clicked on

2019-01-08 18:44:00 - [MESSAGE][PASSED] - Call Test Case 'Test Cases/Final Aug 2018 - PKS Automation/Registration Module/New Registration/Flow of New Registration/Third Screen - Upload Supporting Doc - Preview' successfully

2019-01-08 18:44:00 - [TEST_STEP][PASSED] - callTestCase: Call Test Case 'Test Cases/Final Aug 2018 - PKS Automation/Registration Module/New Registration/Submit and Screenshot/Submit Registration and Screenshot' successfully

2019-01-08 18:44:00 - [TEST_CASE][PASSED] - Test Cases/Final Aug 2018 - PKS Automation/Registration Module/New Registration/Submit and Screenshot/Submit Registration and Screenshot: Test Cases/Final Aug 2018 - PKS Automation/Registration Module/New Registration/Submit and Screenshot/Submit Registration and Screenshot

2019-01-08 18:44:00 - [TEST_STEP][PASSED] - delay: Delayed 6 second(s)

2019-01-08 18:44:06 - [MESSAGE][PASSED] - Delayed 6 second(s)

2019-01-08 18:44:06 - [TEST_STEP][PASSED] - click: Object: 'Object Repository/Final Object Repo/New Registration - Registration Module Pages/Third Screen - Upload Supporting Doc- Preview/Preview Submit Button' is clicked on

2019-01-08 18:44:07 - [MESSAGE][PASSED] - Object: 'Object Repository/Final Object Repo/New Registration - Registration Module Pages/Third Screen - Upload Supporting Doc- Preview/Preview Submit Button' is clicked on

2019-01-08 18:44:07 - [TEST_STEP][PASSED] - delay: Delayed 2 second(s)

2019-01-08 18:44:09 - [MESSAGE][PASSED] - Delayed 2 second(s)

2019-01-08 18:44:09 - [TEST_STEP][PASSED] - click: Object: 'Object Repository/Final Object Repo/New Registration - Registration Module Pages/Third Screen - Upload Supporting Doc- Preview/Preview Submit - Confirm' is clicked on

2019-01-08 18:44:09 - [MESSAGE][PASSED] - Object: 'Object Repository/Final Object Repo/New Registration - Registration Module Pages/Third Screen - Upload Supporting Doc- Preview/Preview Submit - Confirm' is clicked on

2019-01-08 18:44:09 - [TEST_STEP][PASSED] - delay: Delayed 15 second(s)

2019-01-08 18:44:24 - [MESSAGE][PASSED] - Delayed 15 second(s)

2019-01-08 18:44:24 - [TEST_STEP][PASSED] - Statement - driver = com.kms.katalon.core.webui.driver.DriverFactory.getWebDriver(): null

2019-01-08 18:44:24 - [TEST_STEP][PASSED] - Statement - driver.manage().timeouts().implicitlyWait(10, SECONDS): null

2019-01-08 18:44:24 - [TEST_STEP][PASSED] - Statement - PresavePath = KatalonScreenshots: null

2019-01-08 18:44:24 - [TEST_STEP][PASSED] - Statement - pathPrefix = "C:\Users\Public\Pictures\Sample Pictures\Katalon Screenshots\Automate Ending Screen": null

2019-01-08 18:44:24 - [TEST_STEP][PASSED] - Statement - finalPath = <not implemented yet for class: org.codehaus.groovy.ast.expr.EmptyExpression>: null

2019-01-08 18:44:24 - [TEST_STEP][PASSED] - Statement - scrFile = driver.getScreenshotAs(FILE): null

2019-01-08 18:44:24 - [TEST_STEP][PASSED] - Statement - PreSaveFile = new java.io.File(PresavePath): null

2019-01-08 18:44:24 - [TEST_STEP][PASSED] - Statement - counter = 0: null

2019-01-08 18:44:24 - [TEST_STEP][PASSED] - Statement - If (PreSaveFile.exists()): null

2019-01-08 18:44:24 - [TEST_STEP][PASSED] - Statement - While (PreSaveFile.exists()): null

2019-01-08 18:44:24 - [TEST_STEP][PASSED] - Statement - counter = counter + 1: null

2019-01-08 18:44:24 - [TEST_STEP][PASSED] - Statement - PreSaveFile = new java.io.File(((pathPrefix + java.lang.Integer.toString(counter)) + .png)): null

2019-01-08 18:44:24 - [TEST_STEP][PASSED] - Statement - counter = counter + 1: null

2019-01-08 18:44:24 - [TEST_STEP][PASSED] - Statement - PreSaveFile = new java.io.File(((pathPrefix + java.lang.Integer.toString(counter)) + .png)): null

2019-01-08 18:44:24 - [TEST_STEP][PASSED] - Statement - counter = counter + 1: null

2019-01-08 18:44:24 - [TEST_STEP][PASSED] - Statement - PreSaveFile = new java.io.File(((pathPrefix + java.lang.Integer.toString(counter)) + .png)): null

2019-01-08 18:44:24 - [TEST_STEP][PASSED] - Statement - counter = counter + 1: null

2019-01-08 18:44:24 - [TEST_STEP][PASSED] - Statement - PreSaveFile = new java.io.File(((pathPrefix + java.lang.Integer.toString(counter)) + .png)): null

2019-01-08 18:44:24 - [TEST_STEP][PASSED] - Statement - counter = counter + 1: null

2019-01-08 18:44:24 - [TEST_STEP][PASSED] - Statement - PreSaveFile = new java.io.File(((pathPrefix + java.lang.Integer.toString(counter)) + .png)): null

2019-01-08 18:44:24 - [TEST_STEP][PASSED] - Statement - counter = counter + 1: null

2019-01-08 18:44:24 - [TEST_STEP][PASSED] - Statement - PreSaveFile = new java.io.File(((pathPrefix + java.lang.Integer.toString(counter)) + .png)): null

2019-01-08 18:44:24 - [TEST_STEP][PASSED] - Statement - counter = counter + 1: null

2019-01-08 18:44:24 - [TEST_STEP][PASSED] - Statement - PreSaveFile = new java.io.File(((pathPrefix + java.lang.Integer.toString(counter)) + .png)): null

2019-01-08 18:44:24 - [TEST_STEP][PASSED] - Statement - counter = counter + 1: null

2019-01-08 18:44:24 - [TEST_STEP][PASSED] - Statement - PreSaveFile = new java.io.File(((pathPrefix + java.lang.Integer.toString(counter)) + .png)): null

2019-01-08 18:44:24 - [TEST_STEP][PASSED] - Statement - counter = counter + 1: null

2019-01-08 18:44:24 - [TEST_STEP][PASSED] - Statement - PreSaveFile = new java.io.File(((pathPrefix + java.lang.Integer.toString(counter)) + .png)): null

2019-01-08 18:44:24 - [TEST_STEP][PASSED] - Statement - counter = counter + 1: null

2019-01-08 18:44:24 - [TEST_STEP][PASSED] - Statement - PreSaveFile = new java.io.File(((pathPrefix + java.lang.Integer.toString(counter)) + .png)): null

2019-01-08 18:44:24 - [TEST_STEP][PASSED] - Statement - counter = counter + 1: null

2019-01-08 18:44:24 - [TEST_STEP][PASSED] - Statement - PreSaveFile = new java.io.File(((pathPrefix + java.lang.Integer.toString(counter)) + .png)): null

2019-01-08 18:44:24 - [TEST_STEP][PASSED] - Statement - counter = counter + 1: null

2019-01-08 18:44:24 - [TEST_STEP][PASSED] - Statement - PreSaveFile = new java.io.File(((pathPrefix + java.lang.Integer.toString(counter)) + .png)): null

2019-01-08 18:44:24 - [TEST_STEP][PASSED] - Statement - counter = counter + 1: null

2019-01-08 18:44:24 - [TEST_STEP][PASSED] - Statement - PreSaveFile = new java.io.File(((pathPrefix + java.lang.Integer.toString(counter)) + .png)): null

2019-01-08 18:44:24 - [TEST_STEP][PASSED] - Statement - counter = counter + 1: null

2019-01-08 18:44:24 - [TEST_STEP][PASSED] - Statement - PreSaveFile = new java.io.File(((pathPrefix + java.lang.Integer.toString(counter)) + .png)): null

2019-01-08 18:44:24 - [TEST_STEP][PASSED] - Statement - counter = counter + 1: null

2019-01-08 18:44:24 - [TEST_STEP][PASSED] - Statement - PreSaveFile = new java.io.File(((pathPrefix + java.lang.Integer.toString(counter)) + .png)): null

2019-01-08 18:44:24 - [TEST_STEP][PASSED] - Statement - counter = counter + 1: null

2019-01-08 18:44:24 - [TEST_STEP][PASSED] - Statement - PreSaveFile = new java.io.File(((pathPrefix + java.lang.Integer.toString(counter)) + .png)): null

2019-01-08 18:44:24 - [TEST_STEP][PASSED] - Statement - counter = counter + 1: null

2019-01-08 18:44:24 - [TEST_STEP][PASSED] - Statement - PreSaveFile = new java.io.File(((pathPrefix + java.lang.Integer.toString(counter)) + .png)): null

2019-01-08 18:44:24 - [TEST_STEP][PASSED] - Statement - counter = counter + 1: null

2019-01-08 18:44:24 - [TEST_STEP][PASSED] - Statement - PreSaveFile = new java.io.File(((pathPrefix + java.lang.Integer.toString(counter)) + .png)): null

2019-01-08 18:44:24 - [TEST_STEP][PASSED] - Statement - counter = counter + 1: null

2019-01-08 18:44:24 - [TEST_STEP][PASSED] - Statement - PreSaveFile = new java.io.File(((pathPrefix + java.lang.Integer.toString(counter)) + .png)): null

2019-01-08 18:44:24 - [TEST_STEP][PASSED] - Statement - counter = counter + 1: null

2019-01-08 18:44:24 - [TEST_STEP][PASSED] - Statement - PreSaveFile = new java.io.File(((pathPrefix + java.lang.Integer.toString(counter)) + .png)): null

2019-01-08 18:44:24 - [TEST_STEP][PASSED] - Statement - counter = counter + 1: null

2019-01-08 18:44:24 - [TEST_STEP][PASSED] - Statement - PreSaveFile = new java.io.File(((pathPrefix + java.lang.Integer.toString(counter)) + .png)): null

2019-01-08 18:44:24 - [TEST_STEP][PASSED] - Statement - counter = counter + 1: null

2019-01-08 18:44:24 - [TEST_STEP][PASSED] - Statement - PreSaveFile = new java.io.File(((pathPrefix + java.lang.Integer.toString(counter)) + .png)): null

2019-01-08 18:44:24 - [TEST_STEP][PASSED] - Statement - counter = counter + 1: null

2019-01-08 18:44:24 - [TEST_STEP][PASSED] - Statement - PreSaveFile = new java.io.File(((pathPrefix + java.lang.Integer.toString(counter)) + .png)): null

2019-01-08 18:44:24 - [TEST_STEP][PASSED] - Statement - counter = counter + 1: null

2019-01-08 18:44:24 - [TEST_STEP][PASSED] - Statement - PreSaveFile = new java.io.File(((pathPrefix + java.lang.Integer.toString(counter)) + .png)): null

2019-01-08 18:44:24 - [TEST_STEP][PASSED] - Statement - counter = counter + 1: null

2019-01-08 18:44:24 - [TEST_STEP][PASSED] - Statement - PreSaveFile = new java.io.File(((pathPrefix + java.lang.Integer.toString(counter)) + .png)): null

2019-01-08 18:44:24 - [TEST_STEP][PASSED] - Statement - counter = counter + 1: null

2019-01-08 18:44:24 - [TEST_STEP][PASSED] - Statement - PreSaveFile = new java.io.File(((pathPrefix + java.lang.Integer.toString(counter)) + .png)): null

2019-01-08 18:44:24 - [TEST_STEP][PASSED] - Statement - counter = counter + 1: null

2019-01-08 18:44:24 - [TEST_STEP][PASSED] - Statement - PreSaveFile = new java.io.File(((pathPrefix + java.lang.Integer.toString(counter)) + .png)): null

2019-01-08 18:44:24 - [TEST_STEP][PASSED] - Statement - finalPath = pathPrefix + java.lang.Integer.toString(counter) + ".png": null

2019-01-08 18:44:24 - [TEST_STEP][PASSED] - Statement - SaveFile = new java.io.File(finalPath): null

2019-01-08 18:44:24 - [TEST_STEP][PASSED] - Statement - Try: null

2019-01-08 18:44:24 - [TEST_STEP][PASSED] - Statement - org.apache.commons.io.FileUtils.copyFile(scrFile, SaveFile): null

2019-01-08 18:44:24 - [TEST_STEP][PASSED] - Statement - out.println("file kept"): null

2019-01-08 18:44:24 - [TEST_STEP][PASSED] - delay: Delayed 10 second(s)

2019-01-08 18:44:34 - [MESSAGE][PASSED] - Delayed 10 second(s)

2019-01-08 18:44:34 - [MESSAGE][PASSED] - Call Test Case 'Test Cases/Final Aug 2018 - PKS Automation/Registration Module/New Registration/Submit and Screenshot/Submit Registration and Screenshot' successfully]]></system-out>
         <system-err><![CDATA[]]></system-err>
      </testcase>
      <testcase name="Test Cases/Final Aug 2018 - PKS Automation/Registration Module/Critical Path/New Registration/Partnership - Registered with Agency" classname="Test Cases/Final Aug 2018 - PKS Automation/Registration Module/Critical Path/New Registration/Partnership - Registered with Agency" status="PASSED">
         <system-out><![CDATA[2019-01-08 18:44:34 - [TEST_CASE][PASSED] - Test Cases/Final Aug 2018 - PKS Automation/Registration Module/Critical Path/New Registration/Partnership - Registered with Agency: Test Cases/Final Aug 2018 - PKS Automation/Registration Module/Critical Path/New Registration/Partnership - Registered with Agency

2019-01-08 18:44:35 - [TEST_STEP][PASSED] - callTestCase: Call Test Case 'Test Cases/Final Aug 2018 - PKS Automation/Registration Module/New Registration/Form 1/Form 1 - Partnership - Registered with other Agencies' successfully

2019-01-08 18:44:35 - [TEST_CASE][PASSED] - Test Cases/Final Aug 2018 - PKS Automation/Registration Module/New Registration/Form 1/Form 1 - Partnership - Registered with other Agencies: Test Cases/Final Aug 2018 - PKS Automation/Registration Module/New Registration/Form 1/Form 1 - Partnership - Registered with other Agencies

2019-01-08 18:44:35 - [TEST_STEP][PASSED] - openBrowser: Browser is opened with url: ''

2019-01-08 18:44:35 - [MESSAGE][WARNING] - A browser is already opened. Closing browser and opening a new one

2019-01-08 18:44:38 - [MESSAGE][PASSED] - Browser is opened with url: ''

2019-01-08 18:44:38 - [TEST_STEP][PASSED] - navigateToUrl: Navigate to 'https://assist2-uat.perkeso.gov.my/login' successfully

2019-01-08 18:44:39 - [MESSAGE][PASSED] - Navigate to 'https://assist2-uat.perkeso.gov.my/login' successfully

2019-01-08 18:44:39 - [TEST_STEP][PASSED] - setText: Text 'johorotc1@gmail.com' is set on object 'Object Repository/Final Object Repo/Login Page/Internal User/Email Address'

2019-01-08 18:44:39 - [MESSAGE][PASSED] - Text 'johorotc1@gmail.com' is set on object 'Object Repository/Final Object Repo/Login Page/Internal User/Email Address'

2019-01-08 18:44:39 - [TEST_STEP][PASSED] - click: Object: 'Object Repository/Final Object Repo/Login Page/Internal User/Next Button' is clicked on

2019-01-08 18:44:40 - [MESSAGE][PASSED] - Object: 'Object Repository/Final Object Repo/Login Page/Internal User/Next Button' is clicked on

2019-01-08 18:44:40 - [TEST_STEP][PASSED] - delay: Delayed 1 second(s)

2019-01-08 18:44:41 - [MESSAGE][PASSED] - Delayed 1 second(s)

2019-01-08 18:44:41 - [TEST_STEP][PASSED] - setEncryptedText: Text ****** has been set on object 'Object Repository/Final Object Repo/Login Page/Internal User/Password'

2019-01-08 18:44:41 - [MESSAGE][PASSED] - Text ****** has been set on object 'Object Repository/Final Object Repo/Login Page/Internal User/Password'

2019-01-08 18:44:41 - [TEST_STEP][PASSED] - click: Object: 'Object Repository/Final Object Repo/Login Page/Internal User/Login Button' is clicked on

2019-01-08 18:44:41 - [MESSAGE][PASSED] - Object: 'Object Repository/Final Object Repo/Login Page/Internal User/Login Button' is clicked on

2019-01-08 18:44:41 - [TEST_STEP][PASSED] - delay: Delayed 1 second(s)

2019-01-08 18:44:42 - [MESSAGE][PASSED] - Delayed 1 second(s)

2019-01-08 18:44:42 - [TEST_STEP][PASSED] - Statement - Try: Delayed 2 second(s)

2019-01-08 18:44:42 - [TEST_STEP][PASSED] - Statement - Checker = false: null

2019-01-08 18:44:42 - [TEST_STEP][PASSED] - Statement - Checker = com.kms.katalon.core.webui.keyword.WebUiBuiltInKeywords.verifyElementHasAttribute(com.kms.katalon.core.testobject.ObjectRepository.findTestObject(Final Object Repo/Landing Page/BM Detecting), "href", 20, OPTIONAL): Object 'Object Repository/Final Object Repo/Landing Page/BM Detecting' has attribute 'href'

2019-01-08 18:44:43 - [MESSAGE][PASSED] - Object 'Object Repository/Final Object Repo/Landing Page/BM Detecting' has attribute 'href'

2019-01-08 18:44:43 - [TEST_STEP][PASSED] - Statement - out.println(Checker): null

2019-01-08 18:44:43 - [TEST_STEP][PASSED] - Statement - If (Checker == false): null

2019-01-08 18:44:43 - [TEST_STEP][PASSED] - Statement - Else: null

2019-01-08 18:44:43 - [TEST_STEP][PASSED] - delay: Delayed 2 second(s)

2019-01-08 18:44:45 - [MESSAGE][PASSED] - Delayed 2 second(s)

2019-01-08 18:44:45 - [TEST_STEP][PASSED] - navigateToUrl: Navigate to 'https://assist2-uat.perkeso.gov.my/web/registration/registration' successfully

2019-01-08 18:44:47 - [MESSAGE][PASSED] - Navigate to 'https://assist2-uat.perkeso.gov.my/web/registration/registration' successfully

2019-01-08 18:44:47 - [TEST_STEP][PASSED] - click: Object: 'Object Repository/Final Object Repo/New Registration - Registration Module Pages/Form 1/AEC - No' is clicked on

2019-01-08 18:44:47 - [MESSAGE][PASSED] - Object: 'Object Repository/Final Object Repo/New Registration - Registration Module Pages/Form 1/AEC - No' is clicked on

2019-01-08 18:44:47 - [TEST_STEP][PASSED] - click: Object: 'Object Repository/Final Object Repo/New Registration - Registration Module Pages/Form 1/Business Entity' is clicked on

2019-01-08 18:44:47 - [MESSAGE][PASSED] - Object: 'Object Repository/Final Object Repo/New Registration - Registration Module Pages/Form 1/Business Entity' is clicked on

2019-01-08 18:44:47 - [TEST_STEP][PASSED] - click: Object: 'Object Repository/Final Object Repo/New Registration - Registration Module Pages/Form 1/Business Entity - Partnership' is clicked on

2019-01-08 18:44:47 - [MESSAGE][PASSED] - Object: 'Object Repository/Final Object Repo/New Registration - Registration Module Pages/Form 1/Business Entity - Partnership' is clicked on

2019-01-08 18:44:47 - [TEST_STEP][PASSED] - delay: Delayed 1 second(s)

2019-01-08 18:44:48 - [MESSAGE][PASSED] - Delayed 1 second(s)

2019-01-08 18:44:48 - [TEST_STEP][PASSED] - click: Object: 'Object Repository/Final Object Repo/New Registration - Registration Module Pages/Form 1/Sub Business Entity' is clicked on

2019-01-08 18:44:48 - [MESSAGE][PASSED] - Object: 'Object Repository/Final Object Repo/New Registration - Registration Module Pages/Form 1/Sub Business Entity' is clicked on

2019-01-08 18:44:48 - [TEST_STEP][PASSED] - click: Object: 'Object Repository/Final Object Repo/New Registration - Registration Module Pages/Form 1/Sub Business Entity - Registered with other Age' is clicked on

2019-01-08 18:44:49 - [MESSAGE][PASSED] - Object: 'Object Repository/Final Object Repo/New Registration - Registration Module Pages/Form 1/Sub Business Entity - Registered with other Age' is clicked on

2019-01-08 18:44:49 - [TEST_STEP][PASSED] - delay: Delayed 1 second(s)

2019-01-08 18:44:50 - [MESSAGE][PASSED] - Delayed 1 second(s)

2019-01-08 18:44:50 - [TEST_STEP][PASSED] - setText: Text '123' is set on object 'Object Repository/Final Object Repo/New Registration - Registration Module Pages/Form 1/Registration Number'

2019-01-08 18:44:50 - [MESSAGE][PASSED] - Text '123' is set on object 'Object Repository/Final Object Repo/New Registration - Registration Module Pages/Form 1/Registration Number'

2019-01-08 18:44:50 - [TEST_STEP][NOT_RUN] - click: NOT_RUN: click

2019-01-08 18:44:50 - [MESSAGE][NOT_RUN] - NOT_RUN: click

2019-01-08 18:44:50 - [TEST_STEP][PASSED] - click: Object: 'Object Repository/Final Object Repo/New Registration - Registration Module Pages/Form 1/Registered As a Branch - Yes' is clicked on

2019-01-08 18:44:50 - [MESSAGE][PASSED] - Object: 'Object Repository/Final Object Repo/New Registration - Registration Module Pages/Form 1/Registered As a Branch - Yes' is clicked on

2019-01-08 18:44:50 - [TEST_STEP][PASSED] - click: Object: 'Object Repository/Final Object Repo/New Registration - Registration Module Pages/Form 1/Acknowledgement' is clicked on

2019-01-08 18:44:50 - [MESSAGE][PASSED] - Object: 'Object Repository/Final Object Repo/New Registration - Registration Module Pages/Form 1/Acknowledgement' is clicked on

2019-01-08 18:44:50 - [TEST_STEP][PASSED] - setText: Text 'perkeso' is set on object 'Object Repository/Final Object Repo/New Registration - Registration Module Pages/Form 1/Industry name'

2019-01-08 18:44:51 - [MESSAGE][PASSED] - Text 'perkeso' is set on object 'Object Repository/Final Object Repo/New Registration - Registration Module Pages/Form 1/Industry name'

2019-01-08 18:44:51 - [TEST_STEP][PASSED] - setText: Text 'perkeso1' is set on object 'Object Repository/Final Object Repo/New Registration - Registration Module Pages/Form 1/Postal Address1'

2019-01-08 18:44:51 - [MESSAGE][PASSED] - Text 'perkeso1' is set on object 'Object Repository/Final Object Repo/New Registration - Registration Module Pages/Form 1/Postal Address1'

2019-01-08 18:44:51 - [TEST_STEP][PASSED] - setText: Text 'perkeso2' is set on object 'Object Repository/Final Object Repo/New Registration - Registration Module Pages/Form 1/Postal Address2'

2019-01-08 18:44:51 - [MESSAGE][PASSED] - Text 'perkeso2' is set on object 'Object Repository/Final Object Repo/New Registration - Registration Module Pages/Form 1/Postal Address2'

2019-01-08 18:44:51 - [TEST_STEP][PASSED] - setText: Text 'perkeso3' is set on object 'Object Repository/Final Object Repo/New Registration - Registration Module Pages/Form 1/Postal Address3'

2019-01-08 18:44:52 - [MESSAGE][PASSED] - Text 'perkeso3' is set on object 'Object Repository/Final Object Repo/New Registration - Registration Module Pages/Form 1/Postal Address3'

2019-01-08 18:44:52 - [TEST_STEP][PASSED] - click: Object: 'Object Repository/Final Object Repo/New Registration - Registration Module Pages/Form 1/State' is clicked on

2019-01-08 18:44:52 - [MESSAGE][PASSED] - Object: 'Object Repository/Final Object Repo/New Registration - Registration Module Pages/Form 1/State' is clicked on

2019-01-08 18:44:52 - [TEST_STEP][PASSED] - click: Object: 'Object Repository/Final Object Repo/New Registration - Registration Module Pages/Form 1/State - Johor' is clicked on

2019-01-08 18:44:52 - [MESSAGE][PASSED] - Object: 'Object Repository/Final Object Repo/New Registration - Registration Module Pages/Form 1/State - Johor' is clicked on

2019-01-08 18:44:52 - [TEST_STEP][PASSED] - delay: Delayed 1 second(s)

2019-01-08 18:44:53 - [MESSAGE][PASSED] - Delayed 1 second(s)

2019-01-08 18:44:53 - [TEST_STEP][PASSED] - click: Object: 'Object Repository/Final Object Repo/New Registration - Registration Module Pages/Form 1/City' is clicked on

2019-01-08 18:44:53 - [MESSAGE][PASSED] - Object: 'Object Repository/Final Object Repo/New Registration - Registration Module Pages/Form 1/City' is clicked on

2019-01-08 18:44:53 - [TEST_STEP][PASSED] - setText: Text 'joh' is set on object 'Object Repository/Final Object Repo/New Registration - Registration Module Pages/Form 1/Postcode - 810'

2019-01-08 18:44:53 - [MESSAGE][PASSED] - Text 'joh' is set on object 'Object Repository/Final Object Repo/New Registration - Registration Module Pages/Form 1/Postcode - 810'

2019-01-08 18:44:53 - [TEST_STEP][PASSED] - delay: Delayed 1 second(s)

2019-01-08 18:44:54 - [MESSAGE][PASSED] - Delayed 1 second(s)

2019-01-08 18:44:54 - [TEST_STEP][PASSED] - click: Object: 'Object Repository/Final Object Repo/New Registration - Registration Module Pages/Form 1/City - Johor Bharu' is clicked on

2019-01-08 18:44:55 - [MESSAGE][PASSED] - Object: 'Object Repository/Final Object Repo/New Registration - Registration Module Pages/Form 1/City - Johor Bharu' is clicked on

2019-01-08 18:44:55 - [TEST_STEP][PASSED] - delay: Delayed 1 second(s)

2019-01-08 18:44:56 - [MESSAGE][PASSED] - Delayed 1 second(s)

2019-01-08 18:44:56 - [TEST_STEP][PASSED] - click: Object: 'Object Repository/Final Object Repo/New Registration - Registration Module Pages/Form 1/Postcode' is clicked on

2019-01-08 18:44:56 - [MESSAGE][PASSED] - Object: 'Object Repository/Final Object Repo/New Registration - Registration Module Pages/Form 1/Postcode' is clicked on

2019-01-08 18:44:56 - [TEST_STEP][PASSED] - delay: Delayed 1 second(s)

2019-01-08 18:44:57 - [MESSAGE][PASSED] - Delayed 1 second(s)

2019-01-08 18:44:57 - [TEST_STEP][PASSED] - setText: Text '810' is set on object 'Object Repository/Final Object Repo/New Registration - Registration Module Pages/Form 1/Postcode - 810'

2019-01-08 18:44:57 - [MESSAGE][PASSED] - Text '810' is set on object 'Object Repository/Final Object Repo/New Registration - Registration Module Pages/Form 1/Postcode - 810'

2019-01-08 18:44:57 - [TEST_STEP][PASSED] - delay: Delayed 1 second(s)

2019-01-08 18:44:58 - [MESSAGE][PASSED] - Delayed 1 second(s)

2019-01-08 18:44:58 - [TEST_STEP][PASSED] - click: Object: 'Object Repository/Final Object Repo/New Registration - Registration Module Pages/Form 1/Postcode - 81000' is clicked on

2019-01-08 18:44:58 - [MESSAGE][PASSED] - Object: 'Object Repository/Final Object Repo/New Registration - Registration Module Pages/Form 1/Postcode - 81000' is clicked on

2019-01-08 18:44:58 - [TEST_STEP][PASSED] - delay: Delayed 1 second(s)

2019-01-08 18:44:59 - [MESSAGE][PASSED] - Delayed 1 second(s)

2019-01-08 18:44:59 - [TEST_STEP][PASSED] - setText: Text '100' is set on object 'Object Repository/Final Object Repo/New Registration - Registration Module Pages/Form 1/P.O.BOX'

2019-01-08 18:44:59 - [MESSAGE][PASSED] - Text '100' is set on object 'Object Repository/Final Object Repo/New Registration - Registration Module Pages/Form 1/P.O.BOX'

2019-01-08 18:44:59 - [TEST_STEP][PASSED] - setText: Text '100' is set on object 'Object Repository/Final Object Repo/New Registration - Registration Module Pages/Form 1/Locked Bag No'

2019-01-08 18:45:00 - [MESSAGE][PASSED] - Text '100' is set on object 'Object Repository/Final Object Repo/New Registration - Registration Module Pages/Form 1/Locked Bag No'

2019-01-08 18:45:00 - [TEST_STEP][PASSED] - click: Object: 'Object Repository/Final Object Repo/New Registration - Registration Module Pages/Form 1/SOCSO Office Location' is clicked on

2019-01-08 18:45:00 - [MESSAGE][PASSED] - Object: 'Object Repository/Final Object Repo/New Registration - Registration Module Pages/Form 1/SOCSO Office Location' is clicked on

2019-01-08 18:45:00 - [TEST_STEP][PASSED] - click: Object: 'Object Repository/Final Object Repo/New Registration - Registration Module Pages/Form 1/SOCSO Office Location - Pejabat PERKESO Negeri Johor' is clicked on

2019-01-08 18:45:00 - [MESSAGE][PASSED] - Object: 'Object Repository/Final Object Repo/New Registration - Registration Module Pages/Form 1/SOCSO Office Location - Pejabat PERKESO Negeri Johor' is clicked on

2019-01-08 18:45:00 - [TEST_STEP][PASSED] - delay: Delayed 1 second(s)

2019-01-08 18:45:01 - [MESSAGE][PASSED] - Delayed 1 second(s)

2019-01-08 18:45:01 - [TEST_STEP][PASSED] - check: Object 'Object Repository/Final Object Repo/New Registration - Registration Module Pages/Form 1/Indusrty Address Same As Postal Address' is checked

2019-01-08 18:45:01 - [MESSAGE][PASSED] - Object 'Object Repository/Final Object Repo/New Registration - Registration Module Pages/Form 1/Indusrty Address Same As Postal Address' is checked

2019-01-08 18:45:01 - [TEST_STEP][PASSED] - delay: Delayed 3 second(s)

2019-01-08 18:45:04 - [MESSAGE][PASSED] - Delayed 3 second(s)

2019-01-08 18:45:04 - [TEST_STEP][PASSED] - click: Object: 'Object Repository/Final Object Repo/New Registration - Registration Module Pages/Form 1/Indusry Address Same As Postal Address False' is clicked on

2019-01-08 18:45:05 - [MESSAGE][PASSED] - Object: 'Object Repository/Final Object Repo/New Registration - Registration Module Pages/Form 1/Indusry Address Same As Postal Address False' is clicked on

2019-01-08 18:45:05 - [TEST_STEP][PASSED] - delay: Delayed 1 second(s)

2019-01-08 18:45:06 - [MESSAGE][PASSED] - Delayed 1 second(s)

2019-01-08 18:45:06 - [TEST_STEP][PASSED] - setText: Text 'perkeso1' is set on object 'Object Repository/Final Object Repo/New Registration - Registration Module Pages/Form 1/Industry Address1'

2019-01-08 18:45:06 - [MESSAGE][PASSED] - Text 'perkeso1' is set on object 'Object Repository/Final Object Repo/New Registration - Registration Module Pages/Form 1/Industry Address1'

2019-01-08 18:45:06 - [TEST_STEP][PASSED] - setText: Text 'perkeso2' is set on object 'Object Repository/Final Object Repo/New Registration - Registration Module Pages/Form 1/Industry Address2'

2019-01-08 18:45:06 - [MESSAGE][PASSED] - Text 'perkeso2' is set on object 'Object Repository/Final Object Repo/New Registration - Registration Module Pages/Form 1/Industry Address2'

2019-01-08 18:45:06 - [TEST_STEP][PASSED] - setText: Text 'perkeso3' is set on object 'Object Repository/Final Object Repo/New Registration - Registration Module Pages/Form 1/Industry Address3'

2019-01-08 18:45:07 - [MESSAGE][PASSED] - Text 'perkeso3' is set on object 'Object Repository/Final Object Repo/New Registration - Registration Module Pages/Form 1/Industry Address3'

2019-01-08 18:45:07 - [TEST_STEP][PASSED] - click: Object: 'Object Repository/Final Object Repo/New Registration - Registration Module Pages/Form 1/Industry State' is clicked on

2019-01-08 18:45:07 - [MESSAGE][PASSED] - Object: 'Object Repository/Final Object Repo/New Registration - Registration Module Pages/Form 1/Industry State' is clicked on

2019-01-08 18:45:07 - [TEST_STEP][PASSED] - delay: Delayed 2 second(s)

2019-01-08 18:45:09 - [MESSAGE][PASSED] - Delayed 2 second(s)

2019-01-08 18:45:09 - [TEST_STEP][PASSED] - click: Object: 'Object Repository/Final Object Repo/New Registration - Registration Module Pages/Form 1/Industry State - Johor' is clicked on

2019-01-08 18:45:09 - [MESSAGE][PASSED] - Object: 'Object Repository/Final Object Repo/New Registration - Registration Module Pages/Form 1/Industry State - Johor' is clicked on

2019-01-08 18:45:09 - [TEST_STEP][PASSED] - delay: Delayed 2 second(s)

2019-01-08 18:45:11 - [MESSAGE][PASSED] - Delayed 2 second(s)

2019-01-08 18:45:11 - [TEST_STEP][PASSED] - click: Object: 'Object Repository/Final Object Repo/New Registration - Registration Module Pages/Form 1/Industry Ciry' is clicked on

2019-01-08 18:45:11 - [MESSAGE][PASSED] - Object: 'Object Repository/Final Object Repo/New Registration - Registration Module Pages/Form 1/Industry Ciry' is clicked on

2019-01-08 18:45:11 - [TEST_STEP][PASSED] - setText: Text 'joh' is set on object 'Object Repository/Final Object Repo/New Registration - Registration Module Pages/Form 1/Industry Ciry - joh'

2019-01-08 18:45:11 - [MESSAGE][PASSED] - Text 'joh' is set on object 'Object Repository/Final Object Repo/New Registration - Registration Module Pages/Form 1/Industry Ciry - joh'

2019-01-08 18:45:11 - [TEST_STEP][PASSED] - delay: Delayed 2 second(s)

2019-01-08 18:45:13 - [MESSAGE][PASSED] - Delayed 2 second(s)

2019-01-08 18:45:13 - [TEST_STEP][PASSED] - click: Object: 'Object Repository/Final Object Repo/New Registration - Registration Module Pages/Form 1/Industy State - Johor Bharu' is clicked on

2019-01-08 18:45:14 - [MESSAGE][PASSED] - Object: 'Object Repository/Final Object Repo/New Registration - Registration Module Pages/Form 1/Industy State - Johor Bharu' is clicked on

2019-01-08 18:45:14 - [TEST_STEP][PASSED] - delay: Delayed 1 second(s)

2019-01-08 18:45:15 - [MESSAGE][PASSED] - Delayed 1 second(s)

2019-01-08 18:45:15 - [TEST_STEP][PASSED] - click: Object: 'Object Repository/Final Object Repo/New Registration - Registration Module Pages/Form 1/Indusry PostCode' is clicked on

2019-01-08 18:45:15 - [MESSAGE][PASSED] - Object: 'Object Repository/Final Object Repo/New Registration - Registration Module Pages/Form 1/Indusry PostCode' is clicked on

2019-01-08 18:45:15 - [TEST_STEP][PASSED] - delay: Delayed 1 second(s)

2019-01-08 18:45:16 - [MESSAGE][PASSED] - Delayed 1 second(s)

2019-01-08 18:45:16 - [TEST_STEP][PASSED] - setText: Text '810' is set on object 'Object Repository/Final Object Repo/New Registration - Registration Module Pages/Form 1/Insutry Post Code - 810'

2019-01-08 18:45:16 - [MESSAGE][PASSED] - Text '810' is set on object 'Object Repository/Final Object Repo/New Registration - Registration Module Pages/Form 1/Insutry Post Code - 810'

2019-01-08 18:45:16 - [TEST_STEP][PASSED] - delay: Delayed 1 second(s)

2019-01-08 18:45:17 - [MESSAGE][PASSED] - Delayed 1 second(s)

2019-01-08 18:45:17 - [TEST_STEP][PASSED] - click: Object: 'Object Repository/Final Object Repo/New Registration - Registration Module Pages/Form 1/Insutry Post Code - 81000' is clicked on

2019-01-08 18:45:17 - [MESSAGE][PASSED] - Object: 'Object Repository/Final Object Repo/New Registration - Registration Module Pages/Form 1/Insutry Post Code - 81000' is clicked on

2019-01-08 18:45:17 - [TEST_STEP][PASSED] - delay: Delayed 1 second(s)

2019-01-08 18:45:18 - [MESSAGE][PASSED] - Delayed 1 second(s)

2019-01-08 18:45:18 - [TEST_STEP][PASSED] - setText: Text '100' is set on object 'Object Repository/Final Object Repo/New Registration - Registration Module Pages/Form 1/Industry P.O.BOX'

2019-01-08 18:45:18 - [MESSAGE][PASSED] - Text '100' is set on object 'Object Repository/Final Object Repo/New Registration - Registration Module Pages/Form 1/Industry P.O.BOX'

2019-01-08 18:45:18 - [TEST_STEP][PASSED] - setText: Text '100' is set on object 'Object Repository/Final Object Repo/New Registration - Registration Module Pages/Form 1/Industry Locked Bag No'

2019-01-08 18:45:19 - [MESSAGE][PASSED] - Text '100' is set on object 'Object Repository/Final Object Repo/New Registration - Registration Module Pages/Form 1/Industry Locked Bag No'

2019-01-08 18:45:19 - [TEST_STEP][PASSED] - setText: Text '123456789' is set on object 'Object Repository/Final Object Repo/New Registration - Registration Module Pages/Form 1/Telephone No'

2019-01-08 18:45:19 - [MESSAGE][PASSED] - Text '123456789' is set on object 'Object Repository/Final Object Repo/New Registration - Registration Module Pages/Form 1/Telephone No'

2019-01-08 18:45:19 - [TEST_STEP][PASSED] - setText: Text '123456789' is set on object 'Object Repository/Final Object Repo/New Registration - Registration Module Pages/Form 1/Mobile No'

2019-01-08 18:45:19 - [MESSAGE][PASSED] - Text '123456789' is set on object 'Object Repository/Final Object Repo/New Registration - Registration Module Pages/Form 1/Mobile No'

2019-01-08 18:45:19 - [TEST_STEP][PASSED] - setText: Text '123456789' is set on object 'Object Repository/Final Object Repo/New Registration - Registration Module Pages/Form 1/Fax No'

2019-01-08 18:45:20 - [MESSAGE][PASSED] - Text '123456789' is set on object 'Object Repository/Final Object Repo/New Registration - Registration Module Pages/Form 1/Fax No'

2019-01-08 18:45:20 - [TEST_STEP][PASSED] - click: Object: 'Object Repository/Final Object Repo/New Registration - Registration Module Pages/Form 1/Industry Code' is clicked on

2019-01-08 18:45:20 - [MESSAGE][PASSED] - Object: 'Object Repository/Final Object Repo/New Registration - Registration Module Pages/Form 1/Industry Code' is clicked on

2019-01-08 18:45:20 - [TEST_STEP][PASSED] - click: Object: 'Object Repository/Final Object Repo/New Registration - Registration Module Pages/Form 1/Indudustry Code - Crops and Animal' is clicked on

2019-01-08 18:45:20 - [MESSAGE][PASSED] - Object: 'Object Repository/Final Object Repo/New Registration - Registration Module Pages/Form 1/Indudustry Code - Crops and Animal' is clicked on

2019-01-08 18:45:20 - [TEST_STEP][PASSED] - delay: Delayed 1 second(s)

2019-01-08 18:45:21 - [MESSAGE][PASSED] - Delayed 1 second(s)

2019-01-08 18:45:21 - [TEST_STEP][PASSED] - click: Object: 'Object Repository/Final Object Repo/New Registration - Registration Module Pages/Form 1/Sub Industry Code List' is clicked on

2019-01-08 18:45:22 - [MESSAGE][PASSED] - Object: 'Object Repository/Final Object Repo/New Registration - Registration Module Pages/Form 1/Sub Industry Code List' is clicked on

2019-01-08 18:45:22 - [TEST_STEP][PASSED] - click: Object: 'Object Repository/Final Object Repo/New Registration - Registration Module Pages/Form 1/Sub Industry Code List - Growing of Maize' is clicked on

2019-01-08 18:45:22 - [MESSAGE][PASSED] - Object: 'Object Repository/Final Object Repo/New Registration - Registration Module Pages/Form 1/Sub Industry Code List - Growing of Maize' is clicked on

2019-01-08 18:45:22 - [TEST_STEP][PASSED] - setText: Text 'perkeso123@gmail.com' is set on object 'Object Repository/Final Object Repo/New Registration - Registration Module Pages/Form 1/Email'

2019-01-08 18:45:22 - [MESSAGE][PASSED] - Text 'perkeso123@gmail.com' is set on object 'Object Repository/Final Object Repo/New Registration - Registration Module Pages/Form 1/Email'

2019-01-08 18:45:22 - [TEST_STEP][PASSED] - click: Object: 'Object Repository/Final Object Repo/New Registration - Registration Module Pages/Form 1/Method of Contribution Payment' is clicked on

2019-01-08 18:45:23 - [MESSAGE][PASSED] - Object: 'Object Repository/Final Object Repo/New Registration - Registration Module Pages/Form 1/Method of Contribution Payment' is clicked on

2019-01-08 18:45:23 - [TEST_STEP][PASSED] - click: Object: 'Object Repository/Final Object Repo/New Registration - Registration Module Pages/Form 1/Method of Contribution Payment - Portal' is clicked on

2019-01-08 18:45:23 - [MESSAGE][PASSED] - Object: 'Object Repository/Final Object Repo/New Registration - Registration Module Pages/Form 1/Method of Contribution Payment - Portal' is clicked on

2019-01-08 18:45:23 - [TEST_STEP][PASSED] - click: Object: 'Object Repository/Final Object Repo/New Registration - Registration Module Pages/Form 1/Servide Type' is clicked on

2019-01-08 18:45:23 - [MESSAGE][PASSED] - Object: 'Object Repository/Final Object Repo/New Registration - Registration Module Pages/Form 1/Servide Type' is clicked on

2019-01-08 18:45:23 - [TEST_STEP][PASSED] - click: Object: 'Object Repository/Final Object Repo/New Registration - Registration Module Pages/Form 1/Servide Type - Professional Bodies' is clicked on

2019-01-08 18:45:23 - [MESSAGE][PASSED] - Object: 'Object Repository/Final Object Repo/New Registration - Registration Module Pages/Form 1/Servide Type - Professional Bodies' is clicked on

2019-01-08 18:45:23 - [TEST_STEP][PASSED] - click: Object: 'Object Repository/Final Object Repo/New Registration - Registration Module Pages/Form 1/Industry Venue' is clicked on

2019-01-08 18:45:23 - [MESSAGE][PASSED] - Object: 'Object Repository/Final Object Repo/New Registration - Registration Module Pages/Form 1/Industry Venue' is clicked on

2019-01-08 18:45:23 - [TEST_STEP][PASSED] - click: Object: 'Object Repository/Final Object Repo/New Registration - Registration Module Pages/Form 1/Industry Venue -  PPN JOHOR' is clicked on

2019-01-08 18:45:24 - [MESSAGE][PASSED] - Object: 'Object Repository/Final Object Repo/New Registration - Registration Module Pages/Form 1/Industry Venue -  PPN JOHOR' is clicked on

2019-01-08 18:45:24 - [TEST_STEP][PASSED] - click: Object: 'Object Repository/Final Object Repo/New Registration - Registration Module Pages/Form 1/Save  Continue' is clicked on

2019-01-08 18:45:24 - [MESSAGE][PASSED] - Object: 'Object Repository/Final Object Repo/New Registration - Registration Module Pages/Form 1/Save  Continue' is clicked on

2019-01-08 18:45:24 - [MESSAGE][PASSED] - Call Test Case 'Test Cases/Final Aug 2018 - PKS Automation/Registration Module/New Registration/Form 1/Form 1 - Partnership - Registered with other Agencies' successfully

2019-01-08 18:45:24 - [TEST_STEP][PASSED] - callTestCase: Call Test Case 'Test Cases/Final Aug 2018 - PKS Automation/Registration Module/New Registration/Form 2/Add 2 Eligible 2 Not Eligible' successfully

2019-01-08 18:45:24 - [TEST_CASE][PASSED] - Test Cases/Final Aug 2018 - PKS Automation/Registration Module/New Registration/Form 2/Add 2 Eligible 2 Not Eligible: Test Cases/Final Aug 2018 - PKS Automation/Registration Module/New Registration/Form 2/Add 2 Eligible 2 Not Eligible

2019-01-08 18:45:24 - [TEST_STEP][PASSED] - delay: Delayed 2 second(s)

2019-01-08 18:45:26 - [MESSAGE][PASSED] - Delayed 2 second(s)

2019-01-08 18:45:26 - [TEST_STEP][PASSED] - callTestCase: Call Test Case 'Test Cases/Final Aug 2018 - PKS Automation/Registration Module/New Registration/Form 2/Date Updater' successfully

2019-01-08 18:45:26 - [TEST_CASE][PASSED] - Test Cases/Final Aug 2018 - PKS Automation/Registration Module/New Registration/Form 2/Date Updater: Test Cases/Final Aug 2018 - PKS Automation/Registration Module/New Registration/Form 2/Date Updater

2019-01-08 18:45:26 - [TEST_STEP][PASSED] - Statement - TodayDate = new java.util.Date(): null

2019-01-08 18:45:26 - [TEST_STEP][PASSED] - Statement - CurrentDateNoFilter = new java.text.SimpleDateFormat(): null

2019-01-08 18:45:26 - [TEST_STEP][PASSED] - Statement - CurrentDateNoFilter.applyPattern("MM"): null

2019-01-08 18:45:26 - [TEST_STEP][PASSED] - Statement - monthContainerMatcher = java.lang.Integer.parseInt(CurrentDateNoFilter.format(TodayDate)): null

2019-01-08 18:45:26 - [TEST_STEP][PASSED] - Statement - monthContainerMatcher = monthContainerMatcher - 1: null

2019-01-08 18:45:26 - [TEST_STEP][PASSED] - Statement - CurrentMonth = monthContainerMatcher.toString(): null

2019-01-08 18:45:26 - [TEST_STEP][PASSED] - Statement - CurrentMonth = CurrentMonth: null

2019-01-08 18:45:26 - [TEST_STEP][PASSED] - Statement - CurrentDateNoFilter.applyPattern("yyyy"): null

2019-01-08 18:45:26 - [TEST_STEP][PASSED] - Statement - CurrentYear = CurrentDateNoFilter.format(TodayDate): null

2019-01-08 18:45:26 - [TEST_STEP][PASSED] - Statement - CurrentYear = CurrentYear: null

2019-01-08 18:45:26 - [TEST_STEP][PASSED] - Statement - intCurrentYear = java.lang.Integer.parseInt(CurrentDateNoFilter.format(TodayDate)): null

2019-01-08 18:45:26 - [TEST_STEP][PASSED] - Statement - eighteenYrsAgo = intCurrentYear - 18: null

2019-01-08 18:45:26 - [TEST_STEP][PASSED] - Statement - eighteenYrsBeforeThisYr = eighteenYrsAgo.toString(): null

2019-01-08 18:45:26 - [TEST_STEP][PASSED] - Statement - EighteenYrsBefore = eighteenYrsBeforeThisYr: null

2019-01-08 18:45:26 - [TEST_STEP][PASSED] - Statement - fiftysevenYrsAgo = intCurrentYear - 57: null

2019-01-08 18:45:26 - [TEST_STEP][PASSED] - Statement - fiftysevenYrsBeforeThisYr = fiftysevenYrsAgo.toString(): null

2019-01-08 18:45:26 - [TEST_STEP][PASSED] - Statement - FiftysevenYrsBefore = fiftysevenYrsBeforeThisYr: null

2019-01-08 18:45:26 - [TEST_STEP][PASSED] - Statement - leapYear = false: null

2019-01-08 18:45:26 - [TEST_STEP][PASSED] - Statement - leapYear = intCurrentYear % 4 == 0: null

2019-01-08 18:45:26 - [TEST_STEP][PASSED] - Statement - CurrentDateNoFilter.applyPattern("dd"): null

2019-01-08 18:45:26 - [TEST_STEP][PASSED] - Statement - CurrentDate = CurrentDateNoFilter.format(TodayDate): null

2019-01-08 18:45:26 - [TEST_STEP][PASSED] - Statement - CurrentDate = java.lang.Integer.parseInt(CurrentDate): null

2019-01-08 18:45:26 - [TEST_STEP][PASSED] - Statement - CurrentDate = CurrentDate: null

2019-01-08 18:45:26 - [TEST_STEP][PASSED] - Statement - CurrentDay = java.lang.Integer.parseInt(CurrentDate): null

2019-01-08 18:45:26 - [TEST_STEP][PASSED] - Statement - ConfAdder = <not implemented yet for class: org.codehaus.groovy.ast.expr.EmptyExpression>: null

2019-01-08 18:45:26 - [TEST_STEP][PASSED] - Statement - out.println(CurrentMonth): null

2019-01-08 18:45:26 - [TEST_STEP][PASSED] - Statement - out.println(CurrentDate): null

2019-01-08 18:45:26 - [TEST_STEP][PASSED] - Statement - switch (CurrentDate): null

2019-01-08 18:45:26 - [TEST_STEP][PASSED] - Statement - Default: null

2019-01-08 18:45:26 - [TEST_STEP][PASSED] - Statement - ConfAdder = true: null

2019-01-08 18:45:26 - [TEST_STEP][PASSED] - Statement - Break: null

2019-01-08 18:45:26 - [TEST_STEP][PASSED] - Statement - aDayBefore = <not implemented yet for class: org.codehaus.groovy.ast.expr.EmptyExpression>: null

2019-01-08 18:45:26 - [TEST_STEP][PASSED] - Statement - out.println(ConfAdder): null

2019-01-08 18:45:26 - [TEST_STEP][PASSED] - Statement - If (ConfAdder == true): null

2019-01-08 18:45:26 - [TEST_STEP][PASSED] - Statement - aDayBefore = CurrentDay + 1: null

2019-01-08 18:45:26 - [TEST_STEP][PASSED] - Statement - out.println(aDayBefore): null

2019-01-08 18:45:26 - [TEST_STEP][PASSED] - Statement - If (aDayBefore == 1 && CurrentMonth == 11): null

2019-01-08 18:45:26 - [TEST_STEP][PASSED] - Statement - DayBefore = aDayBefore.toString(): null

2019-01-08 18:45:26 - [TEST_STEP][PASSED] - Statement - OneDayBefore = DayBefore: null

2019-01-08 18:45:26 - [MESSAGE][PASSED] - Call Test Case 'Test Cases/Final Aug 2018 - PKS Automation/Registration Module/New Registration/Form 2/Date Updater' successfully

2019-01-08 18:45:26 - [TEST_STEP][PASSED] - delay: Delayed 1 second(s)

2019-01-08 18:45:27 - [MESSAGE][PASSED] - Delayed 1 second(s)

2019-01-08 18:45:27 - [TEST_STEP][PASSED] - Statement - CaseReferenceNo = com.kms.katalon.core.webui.keyword.WebUiBuiltInKeywords.getText(com.kms.katalon.core.testobject.ObjectRepository.findTestObject(Final Object Repo/New Registration - Registration Module Pages/Form 2/RefNo Acquiring)): Text of object 'Object Repository/Final Object Repo/New Registration - Registration Module Pages/Form 2/RefNo Acquiring' is: 'CRN01201900123652'

2019-01-08 18:45:27 - [MESSAGE][PASSED] - Text of object 'Object Repository/Final Object Repo/New Registration - Registration Module Pages/Form 2/RefNo Acquiring' is: 'CRN01201900123652'

2019-01-08 18:45:27 - [TEST_STEP][PASSED] - delay: Delayed 1 second(s)

2019-01-08 18:45:28 - [MESSAGE][PASSED] - Delayed 1 second(s)

2019-01-08 18:45:28 - [TEST_STEP][PASSED] - click: Object: 'Object Repository/Final Object Repo/New Registration - Registration Module Pages/Form 2/Add Employee Button' is clicked on

2019-01-08 18:45:28 - [MESSAGE][PASSED] - Object: 'Object Repository/Final Object Repo/New Registration - Registration Module Pages/Form 2/Add Employee Button' is clicked on

2019-01-08 18:45:28 - [TEST_STEP][PASSED] - delay: Delayed 4 second(s)

2019-01-08 18:45:32 - [MESSAGE][PASSED] - Delayed 4 second(s)

2019-01-08 18:45:32 - [TEST_STEP][PASSED] - setText: Text '010903091927' is set on object 'Object Repository/Final Object Repo/New Registration - Registration Module Pages/Form 2/NRIC Input'

2019-01-08 18:45:33 - [MESSAGE][PASSED] - Text '010903091927' is set on object 'Object Repository/Final Object Repo/New Registration - Registration Module Pages/Form 2/NRIC Input'

2019-01-08 18:45:33 - [TEST_STEP][PASSED] - click: Object: 'Object Repository/Final Object Repo/New Registration - Registration Module Pages/Form 2/button for search for IC' is clicked on

2019-01-08 18:45:33 - [MESSAGE][PASSED] - Object: 'Object Repository/Final Object Repo/New Registration - Registration Module Pages/Form 2/button for search for IC' is clicked on

2019-01-08 18:45:33 - [TEST_STEP][PASSED] - delay: Delayed 2 second(s)

2019-01-08 18:45:35 - [MESSAGE][PASSED] - Delayed 2 second(s)

2019-01-08 18:45:35 - [TEST_STEP][PASSED] - setText: Text 'Automate001 eligible 1' is set on object 'Object Repository/Final Object Repo/New Registration - Registration Module Pages/Form 2/Employee Name Input'

2019-01-08 18:45:35 - [MESSAGE][PASSED] - Text 'Automate001 eligible 1' is set on object 'Object Repository/Final Object Repo/New Registration - Registration Module Pages/Form 2/Employee Name Input'

2019-01-08 18:45:35 - [TEST_STEP][PASSED] - delay: Delayed 2 second(s)

2019-01-08 18:45:37 - [MESSAGE][PASSED] - Delayed 2 second(s)

2019-01-08 18:45:37 - [TEST_STEP][PASSED] - click: Object: 'Object Repository/Final Object Repo/New Registration - Registration Module Pages/Form 2/DatePicker Pop Up' is clicked on

2019-01-08 18:45:37 - [MESSAGE][PASSED] - Object: 'Object Repository/Final Object Repo/New Registration - Registration Module Pages/Form 2/DatePicker Pop Up' is clicked on

2019-01-08 18:45:37 - [TEST_STEP][PASSED] - click: Object: 'Object Repository/Final Object Repo/New Registration - Registration Module Pages/Form 2/DOB Month' is clicked on

2019-01-08 18:45:38 - [MESSAGE][PASSED] - Object: 'Object Repository/Final Object Repo/New Registration - Registration Module Pages/Form 2/DOB Month' is clicked on

2019-01-08 18:45:38 - [TEST_STEP][PASSED] - Statement - CurrentMonth = CurrentMonth: null

2019-01-08 18:45:38 - [TEST_STEP][PASSED] - Statement - selectMonth = new com.kms.katalon.core.testobject.TestObject(): null

2019-01-08 18:45:38 - [TEST_STEP][PASSED] - Statement - selectMonth.addProperty("xpath", EQUALS, "//body/div/div/div/select/option[@value='" + CurrentMonth + "']", true): null

2019-01-08 18:45:38 - [TEST_STEP][PASSED] - click: Object: '' is clicked on

2019-01-08 18:45:38 - [MESSAGE][PASSED] - Object: '' is clicked on

2019-01-08 18:45:38 - [TEST_STEP][PASSED] - click: Object: 'Object Repository/Final Object Repo/New Registration - Registration Module Pages/Form 2/DOB Year' is clicked on

2019-01-08 18:45:38 - [MESSAGE][PASSED] - Object: 'Object Repository/Final Object Repo/New Registration - Registration Module Pages/Form 2/DOB Year' is clicked on

2019-01-08 18:45:38 - [TEST_STEP][PASSED] - Statement - Eyearsbf = EighteenYrsBefore: null

2019-01-08 18:45:38 - [TEST_STEP][PASSED] - Statement - selectYear = new com.kms.katalon.core.testobject.TestObject(): null

2019-01-08 18:45:38 - [TEST_STEP][PASSED] - Statement - selectYear.addProperty("xpath", EQUALS, "//div/div/div/select/option[@value='" + Eyearsbf + "']", true): null

2019-01-08 18:45:38 - [TEST_STEP][PASSED] - click: Object: '' is clicked on

2019-01-08 18:45:38 - [MESSAGE][PASSED] - Object: '' is clicked on

2019-01-08 18:45:38 - [TEST_STEP][PASSED] - Statement - UpdatedSelectDate = com.kms.katalon.core.webui.keyword.WebUiBuiltInKeywords.modifyObjectProperty(com.kms.katalon.core.testobject.ObjectRepository.findTestObject(Final Object Repo/New Registration - Registration Module Pages/Form 2/DOB Date), "xpath", "equals", "//body/div/table/tbody/tr/td/a[text()="" + CurrentDate + ""]", true): Modify property of object successfully

2019-01-08 18:45:38 - [MESSAGE][PASSED] - Modify property of object successfully

2019-01-08 18:45:38 - [TEST_STEP][PASSED] - delay: Delayed 3 second(s)

2019-01-08 18:45:41 - [MESSAGE][PASSED] - Delayed 3 second(s)

2019-01-08 18:45:41 - [TEST_STEP][PASSED] - click: Object: 'Object Repository/Final Object Repo/New Registration - Registration Module Pages/Form 2/DOB Date' is clicked on

2019-01-08 18:45:41 - [MESSAGE][PASSED] - Object: 'Object Repository/Final Object Repo/New Registration - Registration Module Pages/Form 2/DOB Date' is clicked on

2019-01-08 18:45:41 - [TEST_STEP][PASSED] - delay: Delayed 2 second(s)

2019-01-08 18:45:43 - [MESSAGE][PASSED] - Delayed 2 second(s)

2019-01-08 18:45:43 - [TEST_STEP][PASSED] - click: Object: 'Object Repository/Final Object Repo/New Registration - Registration Module Pages/Form 2/EmploymentStartDate Pop Up' is clicked on

2019-01-08 18:45:43 - [MESSAGE][PASSED] - Object: 'Object Repository/Final Object Repo/New Registration - Registration Module Pages/Form 2/EmploymentStartDate Pop Up' is clicked on

2019-01-08 18:45:43 - [TEST_STEP][PASSED] - delay: Delayed 2 second(s)

2019-01-08 18:45:45 - [MESSAGE][PASSED] - Delayed 2 second(s)

2019-01-08 18:45:45 - [TEST_STEP][PASSED] - click: Object: 'Object Repository/Final Object Repo/New Registration - Registration Module Pages/Form 2/Socso Employment StartDate Month' is clicked on

2019-01-08 18:45:45 - [MESSAGE][PASSED] - Object: 'Object Repository/Final Object Repo/New Registration - Registration Module Pages/Form 2/Socso Employment StartDate Month' is clicked on

2019-01-08 18:45:45 - [TEST_STEP][PASSED] - delay: Delayed 1 second(s)

2019-01-08 18:45:46 - [MESSAGE][PASSED] - Delayed 1 second(s)

2019-01-08 18:45:46 - [TEST_STEP][PASSED] - click: Object: 'Object Repository/Final Object Repo/New Registration - Registration Module Pages/Form 2/Select Socso Employement Startdate Month' is clicked on

2019-01-08 18:45:47 - [MESSAGE][PASSED] - Object: 'Object Repository/Final Object Repo/New Registration - Registration Module Pages/Form 2/Select Socso Employement Startdate Month' is clicked on

2019-01-08 18:45:47 - [TEST_STEP][PASSED] - delay: Delayed 2 second(s)

2019-01-08 18:45:49 - [MESSAGE][PASSED] - Delayed 2 second(s)

2019-01-08 18:45:49 - [TEST_STEP][PASSED] - click: Object: 'Object Repository/Final Object Repo/New Registration - Registration Module Pages/Form 2/Socso Employment StartDate Year' is clicked on

2019-01-08 18:45:49 - [MESSAGE][PASSED] - Object: 'Object Repository/Final Object Repo/New Registration - Registration Module Pages/Form 2/Socso Employment StartDate Year' is clicked on

2019-01-08 18:45:49 - [TEST_STEP][PASSED] - delay: Delayed 1 second(s)

2019-01-08 18:45:50 - [MESSAGE][PASSED] - Delayed 1 second(s)

2019-01-08 18:45:50 - [TEST_STEP][PASSED] - click: Object: 'Object Repository/Final Object Repo/New Registration - Registration Module Pages/Form 2/Select Socso Employment Startdate Year' is clicked on

2019-01-08 18:45:50 - [MESSAGE][PASSED] - Object: 'Object Repository/Final Object Repo/New Registration - Registration Module Pages/Form 2/Select Socso Employment Startdate Year' is clicked on

2019-01-08 18:45:50 - [TEST_STEP][PASSED] - delay: Delayed 2 second(s)

2019-01-08 18:45:52 - [MESSAGE][PASSED] - Delayed 2 second(s)

2019-01-08 18:45:52 - [TEST_STEP][PASSED] - click: Object: 'Object Repository/Final Object Repo/New Registration - Registration Module Pages/Form 2/Socso Employment Start Date Day' is clicked on

2019-01-08 18:45:52 - [MESSAGE][PASSED] - Object: 'Object Repository/Final Object Repo/New Registration - Registration Module Pages/Form 2/Socso Employment Start Date Day' is clicked on

2019-01-08 18:45:52 - [TEST_STEP][PASSED] - delay: Delayed 2 second(s)

2019-01-08 18:45:54 - [MESSAGE][PASSED] - Delayed 2 second(s)

2019-01-08 18:45:54 - [TEST_STEP][PASSED] - click: Object: 'Object Repository/Final Object Repo/New Registration - Registration Module Pages/Form 2/Save Button for Add Employee' is clicked on

2019-01-08 18:45:54 - [MESSAGE][PASSED] - Object: 'Object Repository/Final Object Repo/New Registration - Registration Module Pages/Form 2/Save Button for Add Employee' is clicked on

2019-01-08 18:45:54 - [TEST_STEP][PASSED] - delay: Delayed 6 second(s)

2019-01-08 18:46:00 - [MESSAGE][PASSED] - Delayed 6 second(s)

2019-01-08 18:46:00 - [TEST_STEP][PASSED] - click: Object: 'Object Repository/Final Object Repo/New Registration - Registration Module Pages/Form 2/Add Employee Button' is clicked on

2019-01-08 18:46:00 - [MESSAGE][PASSED] - Object: 'Object Repository/Final Object Repo/New Registration - Registration Module Pages/Form 2/Add Employee Button' is clicked on

2019-01-08 18:46:00 - [TEST_STEP][PASSED] - delay: Delayed 4 second(s)

2019-01-08 18:46:04 - [MESSAGE][PASSED] - Delayed 4 second(s)

2019-01-08 18:46:04 - [TEST_STEP][PASSED] - setText: Text '620904059691' is set on object 'Object Repository/Final Object Repo/New Registration - Registration Module Pages/Form 2/NRIC Input'

2019-01-08 18:46:05 - [MESSAGE][PASSED] - Text '620904059691' is set on object 'Object Repository/Final Object Repo/New Registration - Registration Module Pages/Form 2/NRIC Input'

2019-01-08 18:46:05 - [TEST_STEP][PASSED] - click: Object: 'Object Repository/Final Object Repo/New Registration - Registration Module Pages/Form 2/button for search for IC' is clicked on

2019-01-08 18:46:05 - [MESSAGE][PASSED] - Object: 'Object Repository/Final Object Repo/New Registration - Registration Module Pages/Form 2/button for search for IC' is clicked on

2019-01-08 18:46:05 - [TEST_STEP][PASSED] - delay: Delayed 2 second(s)

2019-01-08 18:46:07 - [MESSAGE][PASSED] - Delayed 2 second(s)

2019-01-08 18:46:07 - [TEST_STEP][PASSED] - setText: Text 'Automate001 eligible 2' is set on object 'Object Repository/Final Object Repo/New Registration - Registration Module Pages/Form 2/Employee Name Input'

2019-01-08 18:46:07 - [MESSAGE][PASSED] - Text 'Automate001 eligible 2' is set on object 'Object Repository/Final Object Repo/New Registration - Registration Module Pages/Form 2/Employee Name Input'

2019-01-08 18:46:07 - [TEST_STEP][PASSED] - delay: Delayed 2 second(s)

2019-01-08 18:46:09 - [MESSAGE][PASSED] - Delayed 2 second(s)

2019-01-08 18:46:09 - [TEST_STEP][PASSED] - click: Object: 'Object Repository/Final Object Repo/New Registration - Registration Module Pages/Form 2/DatePicker Pop Up' is clicked on

2019-01-08 18:46:10 - [MESSAGE][PASSED] - Object: 'Object Repository/Final Object Repo/New Registration - Registration Module Pages/Form 2/DatePicker Pop Up' is clicked on

2019-01-08 18:46:10 - [TEST_STEP][PASSED] - delay: Delayed 2 second(s)

2019-01-08 18:46:12 - [MESSAGE][PASSED] - Delayed 2 second(s)

2019-01-08 18:46:12 - [TEST_STEP][PASSED] - click: Object: 'Object Repository/Final Object Repo/New Registration - Registration Module Pages/Form 2/DOB Month' is clicked on

2019-01-08 18:46:12 - [MESSAGE][PASSED] - Object: 'Object Repository/Final Object Repo/New Registration - Registration Module Pages/Form 2/DOB Month' is clicked on

2019-01-08 18:46:12 - [TEST_STEP][PASSED] - Statement - selectMonth = com.kms.katalon.core.webui.keyword.WebUiBuiltInKeywords.modifyObjectProperty(selectMonth, "xpath", "equals", "//body/div/div/div/select/option[@value="" + CurrentMonth + ""]", true): Modify property of object successfully

2019-01-08 18:46:12 - [MESSAGE][PASSED] - Modify property of object successfully

2019-01-08 18:46:12 - [TEST_STEP][PASSED] - click: Object: '' is clicked on

2019-01-08 18:46:12 - [MESSAGE][PASSED] - Object: '' is clicked on

2019-01-08 18:46:12 - [TEST_STEP][PASSED] - click: Object: 'Object Repository/Final Object Repo/New Registration - Registration Module Pages/Form 2/DOB Year' is clicked on

2019-01-08 18:46:12 - [MESSAGE][PASSED] - Object: 'Object Repository/Final Object Repo/New Registration - Registration Module Pages/Form 2/DOB Year' is clicked on

2019-01-08 18:46:12 - [TEST_STEP][PASSED] - Statement - selectYear = com.kms.katalon.core.webui.keyword.WebUiBuiltInKeywords.modifyObjectProperty(selectYear, "xpath", "equals", "//div/div/div/select/option[@value="" + FiftysevenYrsBefore + ""]", true): Modify property of object successfully

2019-01-08 18:46:12 - [MESSAGE][PASSED] - Modify property of object successfully

2019-01-08 18:46:12 - [TEST_STEP][PASSED] - click: Object: '' is clicked on

2019-01-08 18:46:12 - [MESSAGE][PASSED] - Object: '' is clicked on

2019-01-08 18:46:12 - [TEST_STEP][PASSED] - Statement - UpdatedSelectDate = com.kms.katalon.core.webui.keyword.WebUiBuiltInKeywords.modifyObjectProperty(com.kms.katalon.core.testobject.ObjectRepository.findTestObject(Final Object Repo/New Registration - Registration Module Pages/Form 2/DOB Date), "xpath", "equals", "//body/div/table/tbody/tr/td/a[text()="" + OneDayBefore + ""]", true): Modify property of object successfully

2019-01-08 18:46:12 - [MESSAGE][PASSED] - Modify property of object successfully

2019-01-08 18:46:12 - [TEST_STEP][PASSED] - click: Object: 'Object Repository/Final Object Repo/New Registration - Registration Module Pages/Form 2/DOB Date' is clicked on

2019-01-08 18:46:12 - [MESSAGE][PASSED] - Object: 'Object Repository/Final Object Repo/New Registration - Registration Module Pages/Form 2/DOB Date' is clicked on

2019-01-08 18:46:12 - [TEST_STEP][PASSED] - delay: Delayed 2 second(s)

2019-01-08 18:46:14 - [MESSAGE][PASSED] - Delayed 2 second(s)

2019-01-08 18:46:14 - [TEST_STEP][PASSED] - click: Object: 'Object Repository/Final Object Repo/New Registration - Registration Module Pages/Form 2/EmploymentStartDate Pop Up' is clicked on

2019-01-08 18:46:15 - [MESSAGE][PASSED] - Object: 'Object Repository/Final Object Repo/New Registration - Registration Module Pages/Form 2/EmploymentStartDate Pop Up' is clicked on

2019-01-08 18:46:15 - [TEST_STEP][PASSED] - delay: Delayed 2 second(s)

2019-01-08 18:46:17 - [MESSAGE][PASSED] - Delayed 2 second(s)

2019-01-08 18:46:17 - [TEST_STEP][PASSED] - click: Object: 'Object Repository/Final Object Repo/New Registration - Registration Module Pages/Form 2/Socso Employment StartDate Month' is clicked on

2019-01-08 18:46:17 - [MESSAGE][PASSED] - Object: 'Object Repository/Final Object Repo/New Registration - Registration Module Pages/Form 2/Socso Employment StartDate Month' is clicked on

2019-01-08 18:46:17 - [TEST_STEP][PASSED] - delay: Delayed 1 second(s)

2019-01-08 18:46:18 - [MESSAGE][PASSED] - Delayed 1 second(s)

2019-01-08 18:46:18 - [TEST_STEP][PASSED] - click: Object: 'Object Repository/Final Object Repo/New Registration - Registration Module Pages/Form 2/Select Socso Employement Startdate Month' is clicked on

2019-01-08 18:46:18 - [MESSAGE][PASSED] - Object: 'Object Repository/Final Object Repo/New Registration - Registration Module Pages/Form 2/Select Socso Employement Startdate Month' is clicked on

2019-01-08 18:46:18 - [TEST_STEP][PASSED] - delay: Delayed 2 second(s)

2019-01-08 18:46:20 - [MESSAGE][PASSED] - Delayed 2 second(s)

2019-01-08 18:46:20 - [TEST_STEP][PASSED] - click: Object: 'Object Repository/Final Object Repo/New Registration - Registration Module Pages/Form 2/Socso Employment StartDate Year' is clicked on

2019-01-08 18:46:20 - [MESSAGE][PASSED] - Object: 'Object Repository/Final Object Repo/New Registration - Registration Module Pages/Form 2/Socso Employment StartDate Year' is clicked on

2019-01-08 18:46:20 - [TEST_STEP][PASSED] - delay: Delayed 1 second(s)

2019-01-08 18:46:21 - [MESSAGE][PASSED] - Delayed 1 second(s)

2019-01-08 18:46:21 - [TEST_STEP][PASSED] - click: Object: 'Object Repository/Final Object Repo/New Registration - Registration Module Pages/Form 2/Select Socso Employment Startdate Year' is clicked on

2019-01-08 18:46:21 - [MESSAGE][PASSED] - Object: 'Object Repository/Final Object Repo/New Registration - Registration Module Pages/Form 2/Select Socso Employment Startdate Year' is clicked on

2019-01-08 18:46:21 - [TEST_STEP][PASSED] - delay: Delayed 2 second(s)

2019-01-08 18:46:23 - [MESSAGE][PASSED] - Delayed 2 second(s)

2019-01-08 18:46:23 - [TEST_STEP][PASSED] - click: Object: 'Object Repository/Final Object Repo/New Registration - Registration Module Pages/Form 2/Socso Employment Start Date Day' is clicked on

2019-01-08 18:46:23 - [MESSAGE][PASSED] - Object: 'Object Repository/Final Object Repo/New Registration - Registration Module Pages/Form 2/Socso Employment Start Date Day' is clicked on

2019-01-08 18:46:23 - [TEST_STEP][PASSED] - delay: Delayed 2 second(s)

2019-01-08 18:46:25 - [MESSAGE][PASSED] - Delayed 2 second(s)

2019-01-08 18:46:25 - [TEST_STEP][PASSED] - click: Object: 'Object Repository/Final Object Repo/New Registration - Registration Module Pages/Form 2/Save Button for Add Employee' is clicked on

2019-01-08 18:46:26 - [MESSAGE][PASSED] - Object: 'Object Repository/Final Object Repo/New Registration - Registration Module Pages/Form 2/Save Button for Add Employee' is clicked on

2019-01-08 18:46:26 - [TEST_STEP][PASSED] - delay: Delayed 4 second(s)

2019-01-08 18:46:30 - [MESSAGE][PASSED] - Delayed 4 second(s)

2019-01-08 18:46:30 - [TEST_STEP][PASSED] - delay: Delayed 30 second(s)

2019-01-08 18:47:00 - [MESSAGE][PASSED] - Delayed 30 second(s)

2019-01-08 18:47:00 - [TEST_STEP][PASSED] - click: Object: 'Object Repository/Final Object Repo/New Registration - Registration Module Pages/Form 2/Add Employee Button' is clicked on

2019-01-08 18:47:00 - [MESSAGE][PASSED] - Object: 'Object Repository/Final Object Repo/New Registration - Registration Module Pages/Form 2/Add Employee Button' is clicked on

2019-01-08 18:47:00 - [TEST_STEP][PASSED] - delay: Delayed 4 second(s)

2019-01-08 18:47:04 - [MESSAGE][PASSED] - Delayed 4 second(s)

2019-01-08 18:47:04 - [TEST_STEP][PASSED] - setText: Text '000209039145' is set on object 'Object Repository/Final Object Repo/New Registration - Registration Module Pages/Form 2/NRIC Input'

2019-01-08 18:47:04 - [MESSAGE][PASSED] - Text '000209039145' is set on object 'Object Repository/Final Object Repo/New Registration - Registration Module Pages/Form 2/NRIC Input'

2019-01-08 18:47:04 - [TEST_STEP][PASSED] - click: Object: 'Object Repository/Final Object Repo/New Registration - Registration Module Pages/Form 2/button for search for IC' is clicked on

2019-01-08 18:47:04 - [MESSAGE][PASSED] - Object: 'Object Repository/Final Object Repo/New Registration - Registration Module Pages/Form 2/button for search for IC' is clicked on

2019-01-08 18:47:04 - [TEST_STEP][PASSED] - delay: Delayed 2 second(s)

2019-01-08 18:47:06 - [MESSAGE][PASSED] - Delayed 2 second(s)

2019-01-08 18:47:06 - [TEST_STEP][PASSED] - setText: Text 'Automate001 not eligible 1' is set on object 'Object Repository/Final Object Repo/New Registration - Registration Module Pages/Form 2/Employee Name Input'

2019-01-08 18:47:07 - [MESSAGE][PASSED] - Text 'Automate001 not eligible 1' is set on object 'Object Repository/Final Object Repo/New Registration - Registration Module Pages/Form 2/Employee Name Input'

2019-01-08 18:47:07 - [TEST_STEP][PASSED] - delay: Delayed 2 second(s)

2019-01-08 18:47:09 - [MESSAGE][PASSED] - Delayed 2 second(s)

2019-01-08 18:47:09 - [TEST_STEP][PASSED] - click: Object: 'Object Repository/Final Object Repo/New Registration - Registration Module Pages/Form 2/DatePicker Pop Up' is clicked on

2019-01-08 18:47:09 - [MESSAGE][PASSED] - Object: 'Object Repository/Final Object Repo/New Registration - Registration Module Pages/Form 2/DatePicker Pop Up' is clicked on

2019-01-08 18:47:09 - [TEST_STEP][PASSED] - delay: Delayed 2 second(s)

2019-01-08 18:47:11 - [MESSAGE][PASSED] - Delayed 2 second(s)

2019-01-08 18:47:11 - [TEST_STEP][PASSED] - click: Object: 'Object Repository/Final Object Repo/New Registration - Registration Module Pages/Form 2/DOB Month' is clicked on

2019-01-08 18:47:11 - [MESSAGE][PASSED] - Object: 'Object Repository/Final Object Repo/New Registration - Registration Module Pages/Form 2/DOB Month' is clicked on

2019-01-08 18:47:11 - [TEST_STEP][PASSED] - Statement - selectMonth = com.kms.katalon.core.webui.keyword.WebUiBuiltInKeywords.modifyObjectProperty(selectMonth, "xpath", "equals", "//body/div/div/div/select/option[@value="" + CurrentMonth + ""]", true): Modify property of object successfully

2019-01-08 18:47:11 - [MESSAGE][PASSED] - Modify property of object successfully

2019-01-08 18:47:11 - [TEST_STEP][PASSED] - click: Object: '' is clicked on

2019-01-08 18:47:11 - [MESSAGE][PASSED] - Object: '' is clicked on

2019-01-08 18:47:11 - [TEST_STEP][PASSED] - click: Object: 'Object Repository/Final Object Repo/New Registration - Registration Module Pages/Form 2/DOB Year' is clicked on

2019-01-08 18:47:11 - [MESSAGE][PASSED] - Object: 'Object Repository/Final Object Repo/New Registration - Registration Module Pages/Form 2/DOB Year' is clicked on

2019-01-08 18:47:11 - [TEST_STEP][PASSED] - Statement - selectYear = com.kms.katalon.core.webui.keyword.WebUiBuiltInKeywords.modifyObjectProperty(selectYear, "xpath", "equals", "//div/div/div/select/option[@value="" + EighteenYrsBefore + ""]", true): Modify property of object successfully

2019-01-08 18:47:11 - [MESSAGE][PASSED] - Modify property of object successfully

2019-01-08 18:47:11 - [TEST_STEP][PASSED] - click: Object: '' is clicked on

2019-01-08 18:47:11 - [MESSAGE][PASSED] - Object: '' is clicked on

2019-01-08 18:47:11 - [TEST_STEP][PASSED] - Statement - UpdatedSelectDate = com.kms.katalon.core.webui.keyword.WebUiBuiltInKeywords.modifyObjectProperty(com.kms.katalon.core.testobject.ObjectRepository.findTestObject(Final Object Repo/New Registration - Registration Module Pages/Form 2/DOB Date), "xpath", "equals", "//body/div/table/tbody/tr/td/a[text()="" + OneDayBefore + ""]", true): Modify property of object successfully

2019-01-08 18:47:12 - [MESSAGE][PASSED] - Modify property of object successfully

2019-01-08 18:47:12 - [TEST_STEP][PASSED] - click: Object: 'Object Repository/Final Object Repo/New Registration - Registration Module Pages/Form 2/DOB Date' is clicked on

2019-01-08 18:47:12 - [MESSAGE][PASSED] - Object: 'Object Repository/Final Object Repo/New Registration - Registration Module Pages/Form 2/DOB Date' is clicked on

2019-01-08 18:47:12 - [TEST_STEP][PASSED] - delay: Delayed 2 second(s)

2019-01-08 18:47:14 - [MESSAGE][PASSED] - Delayed 2 second(s)

2019-01-08 18:47:14 - [TEST_STEP][PASSED] - click: Object: 'Object Repository/Final Object Repo/New Registration - Registration Module Pages/Form 2/EmploymentStartDate Pop Up' is clicked on

2019-01-08 18:47:14 - [MESSAGE][PASSED] - Object: 'Object Repository/Final Object Repo/New Registration - Registration Module Pages/Form 2/EmploymentStartDate Pop Up' is clicked on

2019-01-08 18:47:14 - [TEST_STEP][PASSED] - delay: Delayed 2 second(s)

2019-01-08 18:47:16 - [MESSAGE][PASSED] - Delayed 2 second(s)

2019-01-08 18:47:16 - [TEST_STEP][PASSED] - click: Object: 'Object Repository/Final Object Repo/New Registration - Registration Module Pages/Form 2/Socso Employment StartDate Month' is clicked on

2019-01-08 18:47:16 - [MESSAGE][PASSED] - Object: 'Object Repository/Final Object Repo/New Registration - Registration Module Pages/Form 2/Socso Employment StartDate Month' is clicked on

2019-01-08 18:47:16 - [TEST_STEP][PASSED] - delay: Delayed 1 second(s)

2019-01-08 18:47:17 - [MESSAGE][PASSED] - Delayed 1 second(s)

2019-01-08 18:47:17 - [TEST_STEP][PASSED] - click: Object: 'Object Repository/Final Object Repo/New Registration - Registration Module Pages/Form 2/Select Socso Employement Startdate Month' is clicked on

2019-01-08 18:47:17 - [MESSAGE][PASSED] - Object: 'Object Repository/Final Object Repo/New Registration - Registration Module Pages/Form 2/Select Socso Employement Startdate Month' is clicked on

2019-01-08 18:47:17 - [TEST_STEP][PASSED] - delay: Delayed 2 second(s)

2019-01-08 18:47:19 - [MESSAGE][PASSED] - Delayed 2 second(s)

2019-01-08 18:47:19 - [TEST_STEP][PASSED] - click: Object: 'Object Repository/Final Object Repo/New Registration - Registration Module Pages/Form 2/Socso Employment StartDate Year' is clicked on

2019-01-08 18:47:19 - [MESSAGE][PASSED] - Object: 'Object Repository/Final Object Repo/New Registration - Registration Module Pages/Form 2/Socso Employment StartDate Year' is clicked on

2019-01-08 18:47:19 - [TEST_STEP][PASSED] - delay: Delayed 1 second(s)

2019-01-08 18:47:20 - [MESSAGE][PASSED] - Delayed 1 second(s)

2019-01-08 18:47:20 - [TEST_STEP][PASSED] - click: Object: 'Object Repository/Final Object Repo/New Registration - Registration Module Pages/Form 2/Select Socso Employment Startdate Year' is clicked on

2019-01-08 18:47:20 - [MESSAGE][PASSED] - Object: 'Object Repository/Final Object Repo/New Registration - Registration Module Pages/Form 2/Select Socso Employment Startdate Year' is clicked on

2019-01-08 18:47:20 - [TEST_STEP][PASSED] - delay: Delayed 2 second(s)

2019-01-08 18:47:22 - [MESSAGE][PASSED] - Delayed 2 second(s)

2019-01-08 18:47:22 - [TEST_STEP][PASSED] - click: Object: 'Object Repository/Final Object Repo/New Registration - Registration Module Pages/Form 2/Socso Employment Start Date Day' is clicked on

2019-01-08 18:47:23 - [MESSAGE][PASSED] - Object: 'Object Repository/Final Object Repo/New Registration - Registration Module Pages/Form 2/Socso Employment Start Date Day' is clicked on

2019-01-08 18:47:23 - [TEST_STEP][PASSED] - delay: Delayed 2 second(s)

2019-01-08 18:47:25 - [MESSAGE][PASSED] - Delayed 2 second(s)

2019-01-08 18:47:25 - [TEST_STEP][PASSED] - click: Object: 'Object Repository/Final Object Repo/New Registration - Registration Module Pages/Form 2/Save Button for Add Employee' is clicked on

2019-01-08 18:47:25 - [MESSAGE][PASSED] - Object: 'Object Repository/Final Object Repo/New Registration - Registration Module Pages/Form 2/Save Button for Add Employee' is clicked on

2019-01-08 18:47:25 - [TEST_STEP][PASSED] - delay: Delayed 6 second(s)

2019-01-08 18:47:31 - [MESSAGE][PASSED] - Delayed 6 second(s)

2019-01-08 18:47:31 - [TEST_STEP][PASSED] - click: Object: 'Object Repository/Final Object Repo/New Registration - Registration Module Pages/Form 2/Add Employee Button' is clicked on

2019-01-08 18:47:31 - [MESSAGE][PASSED] - Object: 'Object Repository/Final Object Repo/New Registration - Registration Module Pages/Form 2/Add Employee Button' is clicked on

2019-01-08 18:47:31 - [TEST_STEP][PASSED] - delay: Delayed 4 second(s)

2019-01-08 18:47:35 - [MESSAGE][PASSED] - Delayed 4 second(s)

2019-01-08 18:47:35 - [TEST_STEP][PASSED] - setText: Text '600203039154' is set on object 'Object Repository/Final Object Repo/New Registration - Registration Module Pages/Form 2/NRIC Input'

2019-01-08 18:47:35 - [MESSAGE][PASSED] - Text '600203039154' is set on object 'Object Repository/Final Object Repo/New Registration - Registration Module Pages/Form 2/NRIC Input'

2019-01-08 18:47:35 - [TEST_STEP][PASSED] - click: Object: 'Object Repository/Final Object Repo/New Registration - Registration Module Pages/Form 2/button for search for IC' is clicked on

2019-01-08 18:47:35 - [MESSAGE][PASSED] - Object: 'Object Repository/Final Object Repo/New Registration - Registration Module Pages/Form 2/button for search for IC' is clicked on

2019-01-08 18:47:35 - [TEST_STEP][PASSED] - delay: Delayed 2 second(s)

2019-01-08 18:47:37 - [MESSAGE][PASSED] - Delayed 2 second(s)

2019-01-08 18:47:37 - [TEST_STEP][PASSED] - setText: Text 'Automate001 not eligible 2' is set on object 'Object Repository/Final Object Repo/New Registration - Registration Module Pages/Form 2/Employee Name Input'

2019-01-08 18:47:38 - [MESSAGE][PASSED] - Text 'Automate001 not eligible 2' is set on object 'Object Repository/Final Object Repo/New Registration - Registration Module Pages/Form 2/Employee Name Input'

2019-01-08 18:47:38 - [TEST_STEP][PASSED] - delay: Delayed 2 second(s)

2019-01-08 18:47:40 - [MESSAGE][PASSED] - Delayed 2 second(s)

2019-01-08 18:47:40 - [TEST_STEP][PASSED] - click: Object: 'Object Repository/Final Object Repo/New Registration - Registration Module Pages/Form 2/DatePicker Pop Up' is clicked on

2019-01-08 18:47:40 - [MESSAGE][PASSED] - Object: 'Object Repository/Final Object Repo/New Registration - Registration Module Pages/Form 2/DatePicker Pop Up' is clicked on

2019-01-08 18:47:40 - [TEST_STEP][PASSED] - delay: Delayed 2 second(s)

2019-01-08 18:47:42 - [MESSAGE][PASSED] - Delayed 2 second(s)

2019-01-08 18:47:42 - [TEST_STEP][PASSED] - click: Object: 'Object Repository/Final Object Repo/New Registration - Registration Module Pages/Form 2/DOB Month' is clicked on

2019-01-08 18:47:42 - [MESSAGE][PASSED] - Object: 'Object Repository/Final Object Repo/New Registration - Registration Module Pages/Form 2/DOB Month' is clicked on

2019-01-08 18:47:42 - [TEST_STEP][PASSED] - Statement - selectMonth = com.kms.katalon.core.webui.keyword.WebUiBuiltInKeywords.modifyObjectProperty(selectMonth, "xpath", "equals", "//body/div/div/div/select/option[@value="" + CurrentMonth + ""]", true): Modify property of object successfully

2019-01-08 18:47:42 - [MESSAGE][PASSED] - Modify property of object successfully

2019-01-08 18:47:42 - [TEST_STEP][PASSED] - click: Object: '' is clicked on

2019-01-08 18:47:42 - [MESSAGE][PASSED] - Object: '' is clicked on

2019-01-08 18:47:42 - [TEST_STEP][PASSED] - click: Object: 'Object Repository/Final Object Repo/New Registration - Registration Module Pages/Form 2/DOB Year' is clicked on

2019-01-08 18:47:43 - [MESSAGE][PASSED] - Object: 'Object Repository/Final Object Repo/New Registration - Registration Module Pages/Form 2/DOB Year' is clicked on

2019-01-08 18:47:43 - [TEST_STEP][PASSED] - Statement - selectYear = com.kms.katalon.core.webui.keyword.WebUiBuiltInKeywords.modifyObjectProperty(selectYear, "xpath", "equals", "//div/div/div/select/option[@value="" + FiftysevenYrsBefore + ""]", true): Modify property of object successfully

2019-01-08 18:47:43 - [MESSAGE][PASSED] - Modify property of object successfully

2019-01-08 18:47:43 - [TEST_STEP][PASSED] - click: Object: '' is clicked on

2019-01-08 18:47:43 - [MESSAGE][PASSED] - Object: '' is clicked on

2019-01-08 18:47:43 - [TEST_STEP][PASSED] - Statement - UpdatedSelectDate = com.kms.katalon.core.webui.keyword.WebUiBuiltInKeywords.modifyObjectProperty(com.kms.katalon.core.testobject.ObjectRepository.findTestObject(Final Object Repo/New Registration - Registration Module Pages/Form 2/DOB Date), "xpath", "equals", "//body/div/table/tbody/tr/td/a[text()="" + CurrentDate + ""]", true): Modify property of object successfully

2019-01-08 18:47:43 - [MESSAGE][PASSED] - Modify property of object successfully

2019-01-08 18:47:43 - [TEST_STEP][PASSED] - click: Object: 'Object Repository/Final Object Repo/New Registration - Registration Module Pages/Form 2/DOB Date' is clicked on

2019-01-08 18:47:43 - [MESSAGE][PASSED] - Object: 'Object Repository/Final Object Repo/New Registration - Registration Module Pages/Form 2/DOB Date' is clicked on

2019-01-08 18:47:43 - [TEST_STEP][PASSED] - click: Object: 'Object Repository/Final Object Repo/New Registration - Registration Module Pages/Form 2/EmploymentStartDate Pop Up' is clicked on

2019-01-08 18:47:43 - [MESSAGE][PASSED] - Object: 'Object Repository/Final Object Repo/New Registration - Registration Module Pages/Form 2/EmploymentStartDate Pop Up' is clicked on

2019-01-08 18:47:43 - [TEST_STEP][PASSED] - delay: Delayed 2 second(s)

2019-01-08 18:47:45 - [MESSAGE][PASSED] - Delayed 2 second(s)

2019-01-08 18:47:45 - [TEST_STEP][PASSED] - click: Object: 'Object Repository/Final Object Repo/New Registration - Registration Module Pages/Form 2/Socso Employment StartDate Month' is clicked on

2019-01-08 18:47:45 - [MESSAGE][PASSED] - Object: 'Object Repository/Final Object Repo/New Registration - Registration Module Pages/Form 2/Socso Employment StartDate Month' is clicked on

2019-01-08 18:47:45 - [TEST_STEP][PASSED] - delay: Delayed 1 second(s)

2019-01-08 18:47:46 - [MESSAGE][PASSED] - Delayed 1 second(s)

2019-01-08 18:47:46 - [TEST_STEP][PASSED] - click: Object: 'Object Repository/Final Object Repo/New Registration - Registration Module Pages/Form 2/Select Socso Employement Startdate Month' is clicked on

2019-01-08 18:47:46 - [MESSAGE][PASSED] - Object: 'Object Repository/Final Object Repo/New Registration - Registration Module Pages/Form 2/Select Socso Employement Startdate Month' is clicked on

2019-01-08 18:47:46 - [TEST_STEP][PASSED] - delay: Delayed 2 second(s)

2019-01-08 18:47:48 - [MESSAGE][PASSED] - Delayed 2 second(s)

2019-01-08 18:47:48 - [TEST_STEP][PASSED] - click: Object: 'Object Repository/Final Object Repo/New Registration - Registration Module Pages/Form 2/Socso Employment StartDate Year' is clicked on

2019-01-08 18:47:49 - [MESSAGE][PASSED] - Object: 'Object Repository/Final Object Repo/New Registration - Registration Module Pages/Form 2/Socso Employment StartDate Year' is clicked on

2019-01-08 18:47:49 - [TEST_STEP][PASSED] - delay: Delayed 1 second(s)

2019-01-08 18:47:50 - [MESSAGE][PASSED] - Delayed 1 second(s)

2019-01-08 18:47:50 - [TEST_STEP][PASSED] - click: Object: 'Object Repository/Final Object Repo/New Registration - Registration Module Pages/Form 2/Select Socso Employment Startdate Year' is clicked on

2019-01-08 18:47:50 - [MESSAGE][PASSED] - Object: 'Object Repository/Final Object Repo/New Registration - Registration Module Pages/Form 2/Select Socso Employment Startdate Year' is clicked on

2019-01-08 18:47:50 - [TEST_STEP][PASSED] - delay: Delayed 2 second(s)

2019-01-08 18:47:52 - [MESSAGE][PASSED] - Delayed 2 second(s)

2019-01-08 18:47:52 - [TEST_STEP][PASSED] - click: Object: 'Object Repository/Final Object Repo/New Registration - Registration Module Pages/Form 2/Socso Employment Start Date Day' is clicked on

2019-01-08 18:47:52 - [MESSAGE][PASSED] - Object: 'Object Repository/Final Object Repo/New Registration - Registration Module Pages/Form 2/Socso Employment Start Date Day' is clicked on

2019-01-08 18:47:52 - [TEST_STEP][PASSED] - delay: Delayed 2 second(s)

2019-01-08 18:47:54 - [MESSAGE][PASSED] - Delayed 2 second(s)

2019-01-08 18:47:54 - [TEST_STEP][PASSED] - click: Object: 'Object Repository/Final Object Repo/New Registration - Registration Module Pages/Form 2/Save Button for Add Employee' is clicked on

2019-01-08 18:47:54 - [MESSAGE][PASSED] - Object: 'Object Repository/Final Object Repo/New Registration - Registration Module Pages/Form 2/Save Button for Add Employee' is clicked on

2019-01-08 18:47:54 - [TEST_STEP][PASSED] - delay: Delayed 2 second(s)

2019-01-08 18:47:56 - [MESSAGE][PASSED] - Delayed 2 second(s)

2019-01-08 18:47:56 - [TEST_STEP][PASSED] - click: Object: 'Object Repository/Final Object Repo/New Registration - Registration Module Pages/Form 2/Save and Continue Form 2' is clicked on

2019-01-08 18:47:56 - [MESSAGE][PASSED] - Object: 'Object Repository/Final Object Repo/New Registration - Registration Module Pages/Form 2/Save and Continue Form 2' is clicked on

2019-01-08 18:47:56 - [MESSAGE][PASSED] - Call Test Case 'Test Cases/Final Aug 2018 - PKS Automation/Registration Module/New Registration/Form 2/Add 2 Eligible 2 Not Eligible' successfully

2019-01-08 18:47:56 - [TEST_STEP][PASSED] - callTestCase: Call Test Case 'Test Cases/Final Aug 2018 - PKS Automation/Registration Module/New Registration/Flow of New Registration/Third Screen - Upload Supporting Doc - Preview' successfully

2019-01-08 18:47:56 - [TEST_CASE][PASSED] - Test Cases/Final Aug 2018 - PKS Automation/Registration Module/New Registration/Flow of New Registration/Third Screen - Upload Supporting Doc - Preview: Test Cases/Final Aug 2018 - PKS Automation/Registration Module/New Registration/Flow of New Registration/Third Screen - Upload Supporting Doc - Preview

2019-01-08 18:47:56 - [TEST_STEP][PASSED] - waitForPageLoad: Wait for page load successfully

2019-01-08 18:47:57 - [MESSAGE][PASSED] - Wait for page load successfully

2019-01-08 18:47:57 - [TEST_STEP][PASSED] - Statement - CaseReferenceNo = com.kms.katalon.core.webui.keyword.WebUiBuiltInKeywords.getText(com.kms.katalon.core.testobject.ObjectRepository.findTestObject(Final Object Repo/New Registration - Registration Module Pages/Third Screen - Upload Supporting Doc- Preview/RefNo Acquiring)): Text of object 'Object Repository/Final Object Repo/New Registration - Registration Module Pages/Third Screen - Upload Supporting Doc- Preview/RefNo Acquiring' is: 'CRN01201900123652'

2019-01-08 18:47:57 - [MESSAGE][PASSED] - Text of object 'Object Repository/Final Object Repo/New Registration - Registration Module Pages/Third Screen - Upload Supporting Doc- Preview/RefNo Acquiring' is: 'CRN01201900123652'

2019-01-08 18:47:57 - [TEST_STEP][PASSED] - delay: Delayed 2 second(s)

2019-01-08 18:47:59 - [MESSAGE][PASSED] - Delayed 2 second(s)

2019-01-08 18:47:59 - [TEST_STEP][PASSED] - callTestCase: Call Test Case 'Test Cases/Final Aug 2018 - PKS Automation/Common/Reference Number Setter' successfully

2019-01-08 18:47:59 - [TEST_CASE][PASSED] - Test Cases/Final Aug 2018 - PKS Automation/Common/Reference Number Setter: Test Cases/Final Aug 2018 - PKS Automation/Common/Reference Number Setter

2019-01-08 18:47:59 - [TEST_STEP][PASSED] - Statement - RefNoOldFile = new java.io.File(C://Users//Admin//Desktop//PKS//Automation Reference Point//KatalonReference.txt): null

2019-01-08 18:47:59 - [TEST_STEP][PASSED] - Statement - RefNoOldFile.delete(): null

2019-01-08 18:47:59 - [TEST_STEP][PASSED] - delay: Delayed 5 second(s)

2019-01-08 18:48:04 - [MESSAGE][PASSED] - Delayed 5 second(s)

2019-01-08 18:48:04 - [TEST_STEP][PASSED] - Statement - RefNo = new java.io.File(C://Users//Admin//Desktop//PKS//Automation Reference Point//KatalonReference.txt): null

2019-01-08 18:48:04 - [TEST_STEP][PASSED] - Statement - f2 = new java.io.FileWriter(RefNo, false): null

2019-01-08 18:48:04 - [TEST_STEP][PASSED] - Statement - f2.write(CaseReferenceNo): null

2019-01-08 18:48:04 - [TEST_STEP][PASSED] - Statement - f2.close(): null

2019-01-08 18:48:04 - [TEST_STEP][PASSED] - Statement - out.println("


" + CaseReferenceNo + "


"): null

2019-01-08 18:48:04 - [MESSAGE][PASSED] - Call Test Case 'Test Cases/Final Aug 2018 - PKS Automation/Common/Reference Number Setter' successfully

2019-01-08 18:48:04 - [TEST_STEP][PASSED] - waitForElementClickable: Object 'Object Repository/Final Object Repo/New Registration - Registration Module Pages/Third Screen - Upload Supporting Doc- Preview/Save n Continue in SIP Employee Listing Page' is clickable

2019-01-08 18:48:04 - [MESSAGE][PASSED] - Object 'Object Repository/Final Object Repo/New Registration - Registration Module Pages/Third Screen - Upload Supporting Doc- Preview/Save n Continue in SIP Employee Listing Page' is clickable

2019-01-08 18:48:04 - [TEST_STEP][PASSED] - click: Object: 'Object Repository/Final Object Repo/New Registration - Registration Module Pages/Third Screen - Upload Supporting Doc- Preview/Save n Continue in SIP Employee Listing Page' is clicked on

2019-01-08 18:48:10 - [MESSAGE][PASSED] - Object: 'Object Repository/Final Object Repo/New Registration - Registration Module Pages/Third Screen - Upload Supporting Doc- Preview/Save n Continue in SIP Employee Listing Page' is clicked on

2019-01-08 18:48:10 - [TEST_STEP][PASSED] - delay: Delayed 7 second(s)

2019-01-08 18:48:17 - [MESSAGE][PASSED] - Delayed 7 second(s)

2019-01-08 18:48:17 - [TEST_STEP][PASSED] - click: Object: 'Object Repository/Final Object Repo/New Registration - Registration Module Pages/Third Screen - Upload Supporting Doc- Preview/Add Document Button' is clicked on

2019-01-08 18:48:17 - [MESSAGE][PASSED] - Object: 'Object Repository/Final Object Repo/New Registration - Registration Module Pages/Third Screen - Upload Supporting Doc- Preview/Add Document Button' is clicked on

2019-01-08 18:48:17 - [TEST_STEP][PASSED] - delay: Delayed 30 second(s)

2019-01-08 18:48:47 - [MESSAGE][PASSED] - Delayed 30 second(s)

2019-01-08 18:48:47 - [TEST_STEP][PASSED] - click: Object: 'Object Repository/Final Object Repo/New Registration - Registration Module Pages/Third Screen - Upload Supporting Doc- Preview/Supporting Doc Please Select Drop Down' is clicked on

2019-01-08 18:48:47 - [MESSAGE][PASSED] - Object: 'Object Repository/Final Object Repo/New Registration - Registration Module Pages/Third Screen - Upload Supporting Doc- Preview/Supporting Doc Please Select Drop Down' is clicked on

2019-01-08 18:48:47 - [TEST_STEP][PASSED] - delay: Delayed 2 second(s)

2019-01-08 18:48:49 - [MESSAGE][PASSED] - Delayed 2 second(s)

2019-01-08 18:48:49 - [TEST_STEP][PASSED] - click: Object: 'Object Repository/Final Object Repo/New Registration - Registration Module Pages/Third Screen - Upload Supporting Doc- Preview/Select to Upload Form 1' is clicked on

2019-01-08 18:48:49 - [MESSAGE][PASSED] - Object: 'Object Repository/Final Object Repo/New Registration - Registration Module Pages/Third Screen - Upload Supporting Doc- Preview/Select to Upload Form 1' is clicked on

2019-01-08 18:48:49 - [TEST_STEP][PASSED] - delay: Delayed 2 second(s)

2019-01-08 18:48:51 - [MESSAGE][PASSED] - Delayed 2 second(s)

2019-01-08 18:48:51 - [TEST_STEP][PASSED] - uploadFile: File 'C:\Users\Public\Pictures\Sample Pictures\Koala.jpg' sent to object: 'Object Repository/Final Object Repo/New Registration - Registration Module Pages/Third Screen - Upload Supporting Doc- Preview/Upload File Adding'

2019-01-08 18:48:51 - [MESSAGE][PASSED] - File 'C:\Users\Public\Pictures\Sample Pictures\Koala.jpg' sent to object: 'Object Repository/Final Object Repo/New Registration - Registration Module Pages/Third Screen - Upload Supporting Doc- Preview/Upload File Adding'

2019-01-08 18:48:51 - [TEST_STEP][PASSED] - delay: Delayed 5 second(s)

2019-01-08 18:48:56 - [MESSAGE][PASSED] - Delayed 5 second(s)

2019-01-08 18:48:56 - [TEST_STEP][PASSED] - click: Object: 'Object Repository/Final Object Repo/New Registration - Registration Module Pages/Third Screen - Upload Supporting Doc- Preview/Inner Form Add Document Button' is clicked on

2019-01-08 18:48:57 - [MESSAGE][PASSED] - Object: 'Object Repository/Final Object Repo/New Registration - Registration Module Pages/Third Screen - Upload Supporting Doc- Preview/Inner Form Add Document Button' is clicked on

2019-01-08 18:48:57 - [TEST_STEP][PASSED] - delay: Delayed 3 second(s)

2019-01-08 18:49:00 - [MESSAGE][PASSED] - Delayed 3 second(s)

2019-01-08 18:49:00 - [TEST_STEP][PASSED] - click: Object: 'Object Repository/Final Object Repo/New Registration - Registration Module Pages/Third Screen - Upload Supporting Doc- Preview/Add Document Button' is clicked on

2019-01-08 18:49:01 - [MESSAGE][PASSED] - Object: 'Object Repository/Final Object Repo/New Registration - Registration Module Pages/Third Screen - Upload Supporting Doc- Preview/Add Document Button' is clicked on

2019-01-08 18:49:01 - [TEST_STEP][PASSED] - delay: Delayed 30 second(s)

2019-01-08 18:49:31 - [MESSAGE][PASSED] - Delayed 30 second(s)

2019-01-08 18:49:31 - [TEST_STEP][PASSED] - click: Object: 'Object Repository/Final Object Repo/New Registration - Registration Module Pages/Third Screen - Upload Supporting Doc- Preview/Supporting Doc Please Select Drop Down' is clicked on

2019-01-08 18:49:31 - [MESSAGE][PASSED] - Object: 'Object Repository/Final Object Repo/New Registration - Registration Module Pages/Third Screen - Upload Supporting Doc- Preview/Supporting Doc Please Select Drop Down' is clicked on

2019-01-08 18:49:31 - [TEST_STEP][PASSED] - delay: Delayed 4 second(s)

2019-01-08 18:49:35 - [MESSAGE][PASSED] - Delayed 4 second(s)

2019-01-08 18:49:35 - [TEST_STEP][PASSED] - click: Object: 'Object Repository/Final Object Repo/New Registration - Registration Module Pages/Third Screen - Upload Supporting Doc- Preview/Select to Upload Form 2' is clicked on

2019-01-08 18:49:35 - [MESSAGE][PASSED] - Object: 'Object Repository/Final Object Repo/New Registration - Registration Module Pages/Third Screen - Upload Supporting Doc- Preview/Select to Upload Form 2' is clicked on

2019-01-08 18:49:35 - [TEST_STEP][PASSED] - delay: Delayed 2 second(s)

2019-01-08 18:49:37 - [MESSAGE][PASSED] - Delayed 2 second(s)

2019-01-08 18:49:37 - [TEST_STEP][PASSED] - uploadFile: File 'C:\Users\Public\Pictures\Sample Pictures\Koala.jpg' sent to object: 'Object Repository/Final Object Repo/New Registration - Registration Module Pages/Third Screen - Upload Supporting Doc- Preview/Upload File Adding'

2019-01-08 18:49:37 - [MESSAGE][PASSED] - File 'C:\Users\Public\Pictures\Sample Pictures\Koala.jpg' sent to object: 'Object Repository/Final Object Repo/New Registration - Registration Module Pages/Third Screen - Upload Supporting Doc- Preview/Upload File Adding'

2019-01-08 18:49:37 - [TEST_STEP][PASSED] - click: Object: 'Object Repository/Final Object Repo/New Registration - Registration Module Pages/Third Screen - Upload Supporting Doc- Preview/Inner Form Add Document Button' is clicked on

2019-01-08 18:49:38 - [MESSAGE][PASSED] - Object: 'Object Repository/Final Object Repo/New Registration - Registration Module Pages/Third Screen - Upload Supporting Doc- Preview/Inner Form Add Document Button' is clicked on

2019-01-08 18:49:38 - [TEST_STEP][PASSED] - delay: Delayed 5 second(s)

2019-01-08 18:49:43 - [MESSAGE][PASSED] - Delayed 5 second(s)

2019-01-08 18:49:43 - [TEST_STEP][PASSED] - click: Object: 'Object Repository/Final Object Repo/New Registration - Registration Module Pages/Third Screen - Upload Supporting Doc- Preview/Add Document Button' is clicked on

2019-01-08 18:49:43 - [MESSAGE][PASSED] - Object: 'Object Repository/Final Object Repo/New Registration - Registration Module Pages/Third Screen - Upload Supporting Doc- Preview/Add Document Button' is clicked on

2019-01-08 18:49:43 - [TEST_STEP][PASSED] - delay: Delayed 30 second(s)

2019-01-08 18:50:13 - [MESSAGE][PASSED] - Delayed 30 second(s)

2019-01-08 18:50:13 - [TEST_STEP][PASSED] - click: Object: 'Object Repository/Final Object Repo/New Registration - Registration Module Pages/Third Screen - Upload Supporting Doc- Preview/Supporting Doc Please Select Drop Down' is clicked on

2019-01-08 18:50:13 - [MESSAGE][PASSED] - Object: 'Object Repository/Final Object Repo/New Registration - Registration Module Pages/Third Screen - Upload Supporting Doc- Preview/Supporting Doc Please Select Drop Down' is clicked on

2019-01-08 18:50:13 - [TEST_STEP][PASSED] - click: Object: 'Object Repository/Final Object Repo/New Registration - Registration Module Pages/Third Screen - Upload Supporting Doc- Preview/Select to Upload Borang SIP 1' is clicked on

2019-01-08 18:50:13 - [MESSAGE][PASSED] - Object: 'Object Repository/Final Object Repo/New Registration - Registration Module Pages/Third Screen - Upload Supporting Doc- Preview/Select to Upload Borang SIP 1' is clicked on

2019-01-08 18:50:13 - [TEST_STEP][PASSED] - delay: Delayed 2 second(s)

2019-01-08 18:50:15 - [MESSAGE][PASSED] - Delayed 2 second(s)

2019-01-08 18:50:15 - [TEST_STEP][PASSED] - uploadFile: File 'C:\Users\Public\Pictures\Sample Pictures\Koala.jpg' sent to object: 'Object Repository/Final Object Repo/New Registration - Registration Module Pages/Third Screen - Upload Supporting Doc- Preview/Upload File Adding'

2019-01-08 18:50:15 - [MESSAGE][PASSED] - File 'C:\Users\Public\Pictures\Sample Pictures\Koala.jpg' sent to object: 'Object Repository/Final Object Repo/New Registration - Registration Module Pages/Third Screen - Upload Supporting Doc- Preview/Upload File Adding'

2019-01-08 18:50:15 - [TEST_STEP][PASSED] - click: Object: 'Object Repository/Final Object Repo/New Registration - Registration Module Pages/Third Screen - Upload Supporting Doc- Preview/Inner Form Add Document Button' is clicked on

2019-01-08 18:50:15 - [MESSAGE][PASSED] - Object: 'Object Repository/Final Object Repo/New Registration - Registration Module Pages/Third Screen - Upload Supporting Doc- Preview/Inner Form Add Document Button' is clicked on

2019-01-08 18:50:15 - [TEST_STEP][PASSED] - delay: Delayed 5 second(s)

2019-01-08 18:50:20 - [MESSAGE][PASSED] - Delayed 5 second(s)

2019-01-08 18:50:20 - [TEST_STEP][PASSED] - click: Object: 'Object Repository/Final Object Repo/New Registration - Registration Module Pages/Third Screen - Upload Supporting Doc- Preview/Add Document Button' is clicked on

2019-01-08 18:50:21 - [MESSAGE][PASSED] - Object: 'Object Repository/Final Object Repo/New Registration - Registration Module Pages/Third Screen - Upload Supporting Doc- Preview/Add Document Button' is clicked on

2019-01-08 18:50:21 - [TEST_STEP][PASSED] - delay: Delayed 30 second(s)

2019-01-08 18:50:51 - [MESSAGE][PASSED] - Delayed 30 second(s)

2019-01-08 18:50:51 - [TEST_STEP][PASSED] - click: Object: 'Object Repository/Final Object Repo/New Registration - Registration Module Pages/Third Screen - Upload Supporting Doc- Preview/Supporting Doc Please Select Drop Down' is clicked on

2019-01-08 18:50:51 - [MESSAGE][PASSED] - Object: 'Object Repository/Final Object Repo/New Registration - Registration Module Pages/Third Screen - Upload Supporting Doc- Preview/Supporting Doc Please Select Drop Down' is clicked on

2019-01-08 18:50:51 - [TEST_STEP][PASSED] - delay: Delayed 3 second(s)

2019-01-08 18:50:54 - [MESSAGE][PASSED] - Delayed 3 second(s)

2019-01-08 18:50:54 - [TEST_STEP][PASSED] - click: Object: 'Object Repository/Final Object Repo/New Registration - Registration Module Pages/Third Screen - Upload Supporting Doc- Preview/Select to Upload Borang SIP 2' is clicked on

2019-01-08 18:50:54 - [MESSAGE][PASSED] - Object: 'Object Repository/Final Object Repo/New Registration - Registration Module Pages/Third Screen - Upload Supporting Doc- Preview/Select to Upload Borang SIP 2' is clicked on

2019-01-08 18:50:54 - [TEST_STEP][PASSED] - delay: Delayed 2 second(s)

2019-01-08 18:50:56 - [MESSAGE][PASSED] - Delayed 2 second(s)

2019-01-08 18:50:56 - [TEST_STEP][PASSED] - uploadFile: File 'C:\Users\Public\Pictures\Sample Pictures\Koala.jpg' sent to object: 'Object Repository/Final Object Repo/New Registration - Registration Module Pages/Third Screen - Upload Supporting Doc- Preview/Upload File Adding'

2019-01-08 18:50:56 - [MESSAGE][PASSED] - File 'C:\Users\Public\Pictures\Sample Pictures\Koala.jpg' sent to object: 'Object Repository/Final Object Repo/New Registration - Registration Module Pages/Third Screen - Upload Supporting Doc- Preview/Upload File Adding'

2019-01-08 18:50:56 - [TEST_STEP][PASSED] - delay: Delayed 5 second(s)

2019-01-08 18:51:01 - [MESSAGE][PASSED] - Delayed 5 second(s)

2019-01-08 18:51:01 - [TEST_STEP][PASSED] - click: Object: 'Object Repository/Final Object Repo/New Registration - Registration Module Pages/Third Screen - Upload Supporting Doc- Preview/Inner Form Add Document Button' is clicked on

2019-01-08 18:51:01 - [MESSAGE][PASSED] - Object: 'Object Repository/Final Object Repo/New Registration - Registration Module Pages/Third Screen - Upload Supporting Doc- Preview/Inner Form Add Document Button' is clicked on

2019-01-08 18:51:01 - [TEST_STEP][PASSED] - delay: Delayed 3 second(s)

2019-01-08 18:51:04 - [MESSAGE][PASSED] - Delayed 3 second(s)

2019-01-08 18:51:04 - [TEST_STEP][PASSED] - waitForElementClickable: Object 'Object Repository/Final Object Repo/New Registration - Registration Module Pages/Third Screen - Upload Supporting Doc- Preview/Save n Continue in Uploading Supporting Doc Page' is clickable

2019-01-08 18:51:05 - [MESSAGE][PASSED] - Object 'Object Repository/Final Object Repo/New Registration - Registration Module Pages/Third Screen - Upload Supporting Doc- Preview/Save n Continue in Uploading Supporting Doc Page' is clickable

2019-01-08 18:51:05 - [TEST_STEP][PASSED] - click: Object: 'Object Repository/Final Object Repo/New Registration - Registration Module Pages/Third Screen - Upload Supporting Doc- Preview/Save n Continue in Uploading Supporting Doc Page' is clicked on

2019-01-08 18:51:06 - [MESSAGE][PASSED] - Object: 'Object Repository/Final Object Repo/New Registration - Registration Module Pages/Third Screen - Upload Supporting Doc- Preview/Save n Continue in Uploading Supporting Doc Page' is clicked on

2019-01-08 18:51:06 - [MESSAGE][PASSED] - Call Test Case 'Test Cases/Final Aug 2018 - PKS Automation/Registration Module/New Registration/Flow of New Registration/Third Screen - Upload Supporting Doc - Preview' successfully

2019-01-08 18:51:06 - [TEST_STEP][PASSED] - callTestCase: Call Test Case 'Test Cases/Final Aug 2018 - PKS Automation/Registration Module/New Registration/Submit and Screenshot/Submit Registration and Screenshot' successfully

2019-01-08 18:51:06 - [TEST_CASE][PASSED] - Test Cases/Final Aug 2018 - PKS Automation/Registration Module/New Registration/Submit and Screenshot/Submit Registration and Screenshot: Test Cases/Final Aug 2018 - PKS Automation/Registration Module/New Registration/Submit and Screenshot/Submit Registration and Screenshot

2019-01-08 18:51:06 - [TEST_STEP][PASSED] - delay: Delayed 6 second(s)

2019-01-08 18:51:12 - [MESSAGE][PASSED] - Delayed 6 second(s)

2019-01-08 18:51:12 - [TEST_STEP][PASSED] - click: Object: 'Object Repository/Final Object Repo/New Registration - Registration Module Pages/Third Screen - Upload Supporting Doc- Preview/Preview Submit Button' is clicked on

2019-01-08 18:51:12 - [MESSAGE][PASSED] - Object: 'Object Repository/Final Object Repo/New Registration - Registration Module Pages/Third Screen - Upload Supporting Doc- Preview/Preview Submit Button' is clicked on

2019-01-08 18:51:12 - [TEST_STEP][PASSED] - delay: Delayed 2 second(s)

2019-01-08 18:51:14 - [MESSAGE][PASSED] - Delayed 2 second(s)

2019-01-08 18:51:14 - [TEST_STEP][PASSED] - click: Object: 'Object Repository/Final Object Repo/New Registration - Registration Module Pages/Third Screen - Upload Supporting Doc- Preview/Preview Submit - Confirm' is clicked on

2019-01-08 18:51:14 - [MESSAGE][PASSED] - Object: 'Object Repository/Final Object Repo/New Registration - Registration Module Pages/Third Screen - Upload Supporting Doc- Preview/Preview Submit - Confirm' is clicked on

2019-01-08 18:51:14 - [TEST_STEP][PASSED] - delay: Delayed 15 second(s)

2019-01-08 18:51:29 - [MESSAGE][PASSED] - Delayed 15 second(s)

2019-01-08 18:51:29 - [TEST_STEP][PASSED] - Statement - driver = com.kms.katalon.core.webui.driver.DriverFactory.getWebDriver(): null

2019-01-08 18:51:29 - [TEST_STEP][PASSED] - Statement - driver.manage().timeouts().implicitlyWait(10, SECONDS): null

2019-01-08 18:51:29 - [TEST_STEP][PASSED] - Statement - PresavePath = KatalonScreenshots: null

2019-01-08 18:51:29 - [TEST_STEP][PASSED] - Statement - pathPrefix = "C:\Users\Public\Pictures\Sample Pictures\Katalon Screenshots\Automate Ending Screen": null

2019-01-08 18:51:29 - [TEST_STEP][PASSED] - Statement - finalPath = <not implemented yet for class: org.codehaus.groovy.ast.expr.EmptyExpression>: null

2019-01-08 18:51:29 - [TEST_STEP][PASSED] - Statement - scrFile = driver.getScreenshotAs(FILE): null

2019-01-08 18:51:30 - [TEST_STEP][PASSED] - Statement - PreSaveFile = new java.io.File(PresavePath): null

2019-01-08 18:51:30 - [TEST_STEP][PASSED] - Statement - counter = 0: null

2019-01-08 18:51:30 - [TEST_STEP][PASSED] - Statement - If (PreSaveFile.exists()): null

2019-01-08 18:51:30 - [TEST_STEP][PASSED] - Statement - While (PreSaveFile.exists()): null

2019-01-08 18:51:30 - [TEST_STEP][PASSED] - Statement - counter = counter + 1: null

2019-01-08 18:51:30 - [TEST_STEP][PASSED] - Statement - PreSaveFile = new java.io.File(((pathPrefix + java.lang.Integer.toString(counter)) + .png)): null

2019-01-08 18:51:30 - [TEST_STEP][PASSED] - Statement - counter = counter + 1: null

2019-01-08 18:51:30 - [TEST_STEP][PASSED] - Statement - PreSaveFile = new java.io.File(((pathPrefix + java.lang.Integer.toString(counter)) + .png)): null

2019-01-08 18:51:30 - [TEST_STEP][PASSED] - Statement - counter = counter + 1: null

2019-01-08 18:51:30 - [TEST_STEP][PASSED] - Statement - PreSaveFile = new java.io.File(((pathPrefix + java.lang.Integer.toString(counter)) + .png)): null

2019-01-08 18:51:30 - [TEST_STEP][PASSED] - Statement - counter = counter + 1: null

2019-01-08 18:51:30 - [TEST_STEP][PASSED] - Statement - PreSaveFile = new java.io.File(((pathPrefix + java.lang.Integer.toString(counter)) + .png)): null

2019-01-08 18:51:30 - [TEST_STEP][PASSED] - Statement - counter = counter + 1: null

2019-01-08 18:51:30 - [TEST_STEP][PASSED] - Statement - PreSaveFile = new java.io.File(((pathPrefix + java.lang.Integer.toString(counter)) + .png)): null

2019-01-08 18:51:30 - [TEST_STEP][PASSED] - Statement - counter = counter + 1: null

2019-01-08 18:51:30 - [TEST_STEP][PASSED] - Statement - PreSaveFile = new java.io.File(((pathPrefix + java.lang.Integer.toString(counter)) + .png)): null

2019-01-08 18:51:30 - [TEST_STEP][PASSED] - Statement - counter = counter + 1: null

2019-01-08 18:51:30 - [TEST_STEP][PASSED] - Statement - PreSaveFile = new java.io.File(((pathPrefix + java.lang.Integer.toString(counter)) + .png)): null

2019-01-08 18:51:30 - [TEST_STEP][PASSED] - Statement - counter = counter + 1: null

2019-01-08 18:51:30 - [TEST_STEP][PASSED] - Statement - PreSaveFile = new java.io.File(((pathPrefix + java.lang.Integer.toString(counter)) + .png)): null

2019-01-08 18:51:30 - [TEST_STEP][PASSED] - Statement - counter = counter + 1: null

2019-01-08 18:51:30 - [TEST_STEP][PASSED] - Statement - PreSaveFile = new java.io.File(((pathPrefix + java.lang.Integer.toString(counter)) + .png)): null

2019-01-08 18:51:30 - [TEST_STEP][PASSED] - Statement - counter = counter + 1: null

2019-01-08 18:51:30 - [TEST_STEP][PASSED] - Statement - PreSaveFile = new java.io.File(((pathPrefix + java.lang.Integer.toString(counter)) + .png)): null

2019-01-08 18:51:30 - [TEST_STEP][PASSED] - Statement - counter = counter + 1: null

2019-01-08 18:51:30 - [TEST_STEP][PASSED] - Statement - PreSaveFile = new java.io.File(((pathPrefix + java.lang.Integer.toString(counter)) + .png)): null

2019-01-08 18:51:30 - [TEST_STEP][PASSED] - Statement - counter = counter + 1: null

2019-01-08 18:51:30 - [TEST_STEP][PASSED] - Statement - PreSaveFile = new java.io.File(((pathPrefix + java.lang.Integer.toString(counter)) + .png)): null

2019-01-08 18:51:30 - [TEST_STEP][PASSED] - Statement - counter = counter + 1: null

2019-01-08 18:51:30 - [TEST_STEP][PASSED] - Statement - PreSaveFile = new java.io.File(((pathPrefix + java.lang.Integer.toString(counter)) + .png)): null

2019-01-08 18:51:30 - [TEST_STEP][PASSED] - Statement - counter = counter + 1: null

2019-01-08 18:51:30 - [TEST_STEP][PASSED] - Statement - PreSaveFile = new java.io.File(((pathPrefix + java.lang.Integer.toString(counter)) + .png)): null

2019-01-08 18:51:30 - [TEST_STEP][PASSED] - Statement - counter = counter + 1: null

2019-01-08 18:51:30 - [TEST_STEP][PASSED] - Statement - PreSaveFile = new java.io.File(((pathPrefix + java.lang.Integer.toString(counter)) + .png)): null

2019-01-08 18:51:30 - [TEST_STEP][PASSED] - Statement - counter = counter + 1: null

2019-01-08 18:51:30 - [TEST_STEP][PASSED] - Statement - PreSaveFile = new java.io.File(((pathPrefix + java.lang.Integer.toString(counter)) + .png)): null

2019-01-08 18:51:30 - [TEST_STEP][PASSED] - Statement - counter = counter + 1: null

2019-01-08 18:51:30 - [TEST_STEP][PASSED] - Statement - PreSaveFile = new java.io.File(((pathPrefix + java.lang.Integer.toString(counter)) + .png)): null

2019-01-08 18:51:30 - [TEST_STEP][PASSED] - Statement - counter = counter + 1: null

2019-01-08 18:51:30 - [TEST_STEP][PASSED] - Statement - PreSaveFile = new java.io.File(((pathPrefix + java.lang.Integer.toString(counter)) + .png)): null

2019-01-08 18:51:30 - [TEST_STEP][PASSED] - Statement - counter = counter + 1: null

2019-01-08 18:51:30 - [TEST_STEP][PASSED] - Statement - PreSaveFile = new java.io.File(((pathPrefix + java.lang.Integer.toString(counter)) + .png)): null

2019-01-08 18:51:30 - [TEST_STEP][PASSED] - Statement - counter = counter + 1: null

2019-01-08 18:51:30 - [TEST_STEP][PASSED] - Statement - PreSaveFile = new java.io.File(((pathPrefix + java.lang.Integer.toString(counter)) + .png)): null

2019-01-08 18:51:30 - [TEST_STEP][PASSED] - Statement - counter = counter + 1: null

2019-01-08 18:51:30 - [TEST_STEP][PASSED] - Statement - PreSaveFile = new java.io.File(((pathPrefix + java.lang.Integer.toString(counter)) + .png)): null

2019-01-08 18:51:30 - [TEST_STEP][PASSED] - Statement - counter = counter + 1: null

2019-01-08 18:51:30 - [TEST_STEP][PASSED] - Statement - PreSaveFile = new java.io.File(((pathPrefix + java.lang.Integer.toString(counter)) + .png)): null

2019-01-08 18:51:30 - [TEST_STEP][PASSED] - Statement - counter = counter + 1: null

2019-01-08 18:51:30 - [TEST_STEP][PASSED] - Statement - PreSaveFile = new java.io.File(((pathPrefix + java.lang.Integer.toString(counter)) + .png)): null

2019-01-08 18:51:30 - [TEST_STEP][PASSED] - Statement - counter = counter + 1: null

2019-01-08 18:51:30 - [TEST_STEP][PASSED] - Statement - PreSaveFile = new java.io.File(((pathPrefix + java.lang.Integer.toString(counter)) + .png)): null

2019-01-08 18:51:30 - [TEST_STEP][PASSED] - Statement - counter = counter + 1: null

2019-01-08 18:51:30 - [TEST_STEP][PASSED] - Statement - PreSaveFile = new java.io.File(((pathPrefix + java.lang.Integer.toString(counter)) + .png)): null

2019-01-08 18:51:30 - [TEST_STEP][PASSED] - Statement - counter = counter + 1: null

2019-01-08 18:51:30 - [TEST_STEP][PASSED] - Statement - PreSaveFile = new java.io.File(((pathPrefix + java.lang.Integer.toString(counter)) + .png)): null

2019-01-08 18:51:30 - [TEST_STEP][PASSED] - Statement - counter = counter + 1: null

2019-01-08 18:51:30 - [TEST_STEP][PASSED] - Statement - PreSaveFile = new java.io.File(((pathPrefix + java.lang.Integer.toString(counter)) + .png)): null

2019-01-08 18:51:30 - [TEST_STEP][PASSED] - Statement - counter = counter + 1: null

2019-01-08 18:51:30 - [TEST_STEP][PASSED] - Statement - PreSaveFile = new java.io.File(((pathPrefix + java.lang.Integer.toString(counter)) + .png)): null

2019-01-08 18:51:30 - [TEST_STEP][PASSED] - Statement - finalPath = pathPrefix + java.lang.Integer.toString(counter) + ".png": null

2019-01-08 18:51:30 - [TEST_STEP][PASSED] - Statement - SaveFile = new java.io.File(finalPath): null

2019-01-08 18:51:30 - [TEST_STEP][PASSED] - Statement - Try: null

2019-01-08 18:51:30 - [TEST_STEP][PASSED] - Statement - org.apache.commons.io.FileUtils.copyFile(scrFile, SaveFile): null

2019-01-08 18:51:30 - [TEST_STEP][PASSED] - Statement - out.println("file kept"): null

2019-01-08 18:51:30 - [TEST_STEP][PASSED] - delay: Delayed 10 second(s)

2019-01-08 18:51:40 - [MESSAGE][PASSED] - Delayed 10 second(s)

2019-01-08 18:51:40 - [MESSAGE][PASSED] - Call Test Case 'Test Cases/Final Aug 2018 - PKS Automation/Registration Module/New Registration/Submit and Screenshot/Submit Registration and Screenshot' successfully]]></system-out>
         <system-err><![CDATA[]]></system-err>
      </testcase>
      <testcase name="Test Cases/Final Aug 2018 - PKS Automation/Registration Module/Critical Path/New Registration/Partnership - Registered with SSM" classname="Test Cases/Final Aug 2018 - PKS Automation/Registration Module/Critical Path/New Registration/Partnership - Registered with SSM" status="PASSED">
         <system-out><![CDATA[2019-01-08 18:51:40 - [TEST_CASE][PASSED] - Test Cases/Final Aug 2018 - PKS Automation/Registration Module/Critical Path/New Registration/Partnership - Registered with SSM: Test Cases/Final Aug 2018 - PKS Automation/Registration Module/Critical Path/New Registration/Partnership - Registered with SSM

2019-01-08 18:51:40 - [TEST_STEP][PASSED] - callTestCase: Call Test Case 'Test Cases/Final Aug 2018 - PKS Automation/Registration Module/New Registration/Form 1/Form 1 - Partnership - Registered with SSM' successfully

2019-01-08 18:51:40 - [TEST_CASE][PASSED] - Test Cases/Final Aug 2018 - PKS Automation/Registration Module/New Registration/Form 1/Form 1 - Partnership - Registered with SSM: Test Cases/Final Aug 2018 - PKS Automation/Registration Module/New Registration/Form 1/Form 1 - Partnership - Registered with SSM

2019-01-08 18:51:40 - [TEST_STEP][PASSED] - openBrowser: Browser is opened with url: ''

2019-01-08 18:51:40 - [MESSAGE][WARNING] - A browser is already opened. Closing browser and opening a new one

2019-01-08 18:51:43 - [MESSAGE][PASSED] - Browser is opened with url: ''

2019-01-08 18:51:43 - [TEST_STEP][PASSED] - navigateToUrl: Navigate to 'https://assist2-uat.perkeso.gov.my/login' successfully

2019-01-08 18:51:44 - [MESSAGE][PASSED] - Navigate to 'https://assist2-uat.perkeso.gov.my/login' successfully

2019-01-08 18:51:44 - [TEST_STEP][PASSED] - setText: Text 'johorotc1@gmail.com' is set on object 'Object Repository/Final Object Repo/Login Page/Internal User/Email Address'

2019-01-08 18:51:45 - [MESSAGE][PASSED] - Text 'johorotc1@gmail.com' is set on object 'Object Repository/Final Object Repo/Login Page/Internal User/Email Address'

2019-01-08 18:51:45 - [TEST_STEP][PASSED] - click: Object: 'Object Repository/Final Object Repo/Login Page/Internal User/Next Button' is clicked on

2019-01-08 18:51:45 - [MESSAGE][PASSED] - Object: 'Object Repository/Final Object Repo/Login Page/Internal User/Next Button' is clicked on

2019-01-08 18:51:45 - [TEST_STEP][PASSED] - delay: Delayed 1 second(s)

2019-01-08 18:51:46 - [MESSAGE][PASSED] - Delayed 1 second(s)

2019-01-08 18:51:46 - [TEST_STEP][PASSED] - setEncryptedText: Text ****** has been set on object 'Object Repository/Final Object Repo/Login Page/Internal User/Password'

2019-01-08 18:51:46 - [MESSAGE][PASSED] - Text ****** has been set on object 'Object Repository/Final Object Repo/Login Page/Internal User/Password'

2019-01-08 18:51:46 - [TEST_STEP][PASSED] - click: Object: 'Object Repository/Final Object Repo/Login Page/Internal User/Login Button' is clicked on

2019-01-08 18:51:46 - [MESSAGE][PASSED] - Object: 'Object Repository/Final Object Repo/Login Page/Internal User/Login Button' is clicked on

2019-01-08 18:51:46 - [TEST_STEP][PASSED] - delay: Delayed 1 second(s)

2019-01-08 18:51:47 - [MESSAGE][PASSED] - Delayed 1 second(s)

2019-01-08 18:51:47 - [TEST_STEP][PASSED] - Statement - Try: Delayed 2 second(s)

2019-01-08 18:51:47 - [TEST_STEP][PASSED] - Statement - Checker = false: null

2019-01-08 18:51:47 - [TEST_STEP][PASSED] - Statement - Checker = com.kms.katalon.core.webui.keyword.WebUiBuiltInKeywords.verifyElementHasAttribute(com.kms.katalon.core.testobject.ObjectRepository.findTestObject(Final Object Repo/Landing Page/BM Detecting), "href", 20, OPTIONAL): Object 'Object Repository/Final Object Repo/Landing Page/BM Detecting' has attribute 'href'

2019-01-08 18:51:48 - [MESSAGE][PASSED] - Object 'Object Repository/Final Object Repo/Landing Page/BM Detecting' has attribute 'href'

2019-01-08 18:51:48 - [TEST_STEP][PASSED] - Statement - out.println(Checker): null

2019-01-08 18:51:48 - [TEST_STEP][PASSED] - Statement - If (Checker == false): null

2019-01-08 18:51:48 - [TEST_STEP][PASSED] - Statement - Else: null

2019-01-08 18:51:48 - [TEST_STEP][PASSED] - delay: Delayed 2 second(s)

2019-01-08 18:51:50 - [MESSAGE][PASSED] - Delayed 2 second(s)

2019-01-08 18:51:50 - [TEST_STEP][PASSED] - navigateToUrl: Navigate to 'https://assist2-uat.perkeso.gov.my/web/registration/registration' successfully

2019-01-08 18:51:52 - [MESSAGE][PASSED] - Navigate to 'https://assist2-uat.perkeso.gov.my/web/registration/registration' successfully

2019-01-08 18:51:52 - [TEST_STEP][PASSED] - click: Object: 'Object Repository/Final Object Repo/New Registration - Registration Module Pages/Form 1/AEC - No' is clicked on

2019-01-08 18:51:52 - [MESSAGE][PASSED] - Object: 'Object Repository/Final Object Repo/New Registration - Registration Module Pages/Form 1/AEC - No' is clicked on

2019-01-08 18:51:52 - [TEST_STEP][PASSED] - click: Object: 'Object Repository/Final Object Repo/New Registration - Registration Module Pages/Form 1/Business Entity' is clicked on

2019-01-08 18:51:52 - [MESSAGE][PASSED] - Object: 'Object Repository/Final Object Repo/New Registration - Registration Module Pages/Form 1/Business Entity' is clicked on

2019-01-08 18:51:52 - [TEST_STEP][PASSED] - click: Object: 'Object Repository/Final Object Repo/New Registration - Registration Module Pages/Form 1/Business Entity - Partnership' is clicked on

2019-01-08 18:51:52 - [MESSAGE][PASSED] - Object: 'Object Repository/Final Object Repo/New Registration - Registration Module Pages/Form 1/Business Entity - Partnership' is clicked on

2019-01-08 18:51:52 - [TEST_STEP][PASSED] - delay: Delayed 1 second(s)

2019-01-08 18:51:53 - [MESSAGE][PASSED] - Delayed 1 second(s)

2019-01-08 18:51:53 - [TEST_STEP][PASSED] - click: Object: 'Object Repository/Final Object Repo/New Registration - Registration Module Pages/Form 1/Sub Business Entity' is clicked on

2019-01-08 18:51:53 - [MESSAGE][PASSED] - Object: 'Object Repository/Final Object Repo/New Registration - Registration Module Pages/Form 1/Sub Business Entity' is clicked on

2019-01-08 18:51:53 - [TEST_STEP][PASSED] - click: Object: 'Object Repository/Final Object Repo/New Registration - Registration Module Pages/Form 1/Sub Business Entity - Registered with SSM' is clicked on

2019-01-08 18:51:54 - [MESSAGE][PASSED] - Object: 'Object Repository/Final Object Repo/New Registration - Registration Module Pages/Form 1/Sub Business Entity - Registered with SSM' is clicked on

2019-01-08 18:51:54 - [TEST_STEP][PASSED] - delay: Delayed 1 second(s)

2019-01-08 18:51:55 - [MESSAGE][PASSED] - Delayed 1 second(s)

2019-01-08 18:51:55 - [TEST_STEP][PASSED] - setText: Text '123' is set on object 'Object Repository/Final Object Repo/New Registration - Registration Module Pages/Form 1/Registration Number'

2019-01-08 18:51:55 - [MESSAGE][PASSED] - Text '123' is set on object 'Object Repository/Final Object Repo/New Registration - Registration Module Pages/Form 1/Registration Number'

2019-01-08 18:51:55 - [TEST_STEP][NOT_RUN] - click: NOT_RUN: click

2019-01-08 18:51:55 - [MESSAGE][NOT_RUN] - NOT_RUN: click

2019-01-08 18:51:55 - [TEST_STEP][PASSED] - click: Object: 'Object Repository/Final Object Repo/New Registration - Registration Module Pages/Form 1/Registered As a Branch - Yes' is clicked on

2019-01-08 18:51:55 - [MESSAGE][PASSED] - Object: 'Object Repository/Final Object Repo/New Registration - Registration Module Pages/Form 1/Registered As a Branch - Yes' is clicked on

2019-01-08 18:51:55 - [TEST_STEP][PASSED] - click: Object: 'Object Repository/Final Object Repo/New Registration - Registration Module Pages/Form 1/Acknowledgement' is clicked on

2019-01-08 18:51:55 - [MESSAGE][PASSED] - Object: 'Object Repository/Final Object Repo/New Registration - Registration Module Pages/Form 1/Acknowledgement' is clicked on

2019-01-08 18:51:55 - [TEST_STEP][PASSED] - setText: Text 'perkeso' is set on object 'Object Repository/Final Object Repo/New Registration - Registration Module Pages/Form 1/Industry name'

2019-01-08 18:51:55 - [MESSAGE][PASSED] - Text 'perkeso' is set on object 'Object Repository/Final Object Repo/New Registration - Registration Module Pages/Form 1/Industry name'

2019-01-08 18:51:55 - [TEST_STEP][PASSED] - setText: Text 'perkeso1' is set on object 'Object Repository/Final Object Repo/New Registration - Registration Module Pages/Form 1/Postal Address1'

2019-01-08 18:51:56 - [MESSAGE][PASSED] - Text 'perkeso1' is set on object 'Object Repository/Final Object Repo/New Registration - Registration Module Pages/Form 1/Postal Address1'

2019-01-08 18:51:56 - [TEST_STEP][PASSED] - setText: Text 'perkeso2' is set on object 'Object Repository/Final Object Repo/New Registration - Registration Module Pages/Form 1/Postal Address2'

2019-01-08 18:51:56 - [MESSAGE][PASSED] - Text 'perkeso2' is set on object 'Object Repository/Final Object Repo/New Registration - Registration Module Pages/Form 1/Postal Address2'

2019-01-08 18:51:56 - [TEST_STEP][PASSED] - setText: Text 'perkeso3' is set on object 'Object Repository/Final Object Repo/New Registration - Registration Module Pages/Form 1/Postal Address3'

2019-01-08 18:51:56 - [MESSAGE][PASSED] - Text 'perkeso3' is set on object 'Object Repository/Final Object Repo/New Registration - Registration Module Pages/Form 1/Postal Address3'

2019-01-08 18:51:56 - [TEST_STEP][PASSED] - click: Object: 'Object Repository/Final Object Repo/New Registration - Registration Module Pages/Form 1/State' is clicked on

2019-01-08 18:51:57 - [MESSAGE][PASSED] - Object: 'Object Repository/Final Object Repo/New Registration - Registration Module Pages/Form 1/State' is clicked on

2019-01-08 18:51:57 - [TEST_STEP][PASSED] - click: Object: 'Object Repository/Final Object Repo/New Registration - Registration Module Pages/Form 1/State - Johor' is clicked on

2019-01-08 18:51:57 - [MESSAGE][PASSED] - Object: 'Object Repository/Final Object Repo/New Registration - Registration Module Pages/Form 1/State - Johor' is clicked on

2019-01-08 18:51:57 - [TEST_STEP][PASSED] - delay: Delayed 1 second(s)

2019-01-08 18:51:58 - [MESSAGE][PASSED] - Delayed 1 second(s)

2019-01-08 18:51:58 - [TEST_STEP][PASSED] - click: Object: 'Object Repository/Final Object Repo/New Registration - Registration Module Pages/Form 1/City' is clicked on

2019-01-08 18:51:58 - [MESSAGE][PASSED] - Object: 'Object Repository/Final Object Repo/New Registration - Registration Module Pages/Form 1/City' is clicked on

2019-01-08 18:51:58 - [TEST_STEP][PASSED] - setText: Text 'joh' is set on object 'Object Repository/Final Object Repo/New Registration - Registration Module Pages/Form 1/Postcode - 810'

2019-01-08 18:51:58 - [MESSAGE][PASSED] - Text 'joh' is set on object 'Object Repository/Final Object Repo/New Registration - Registration Module Pages/Form 1/Postcode - 810'

2019-01-08 18:51:58 - [TEST_STEP][PASSED] - delay: Delayed 1 second(s)

2019-01-08 18:51:59 - [MESSAGE][PASSED] - Delayed 1 second(s)

2019-01-08 18:51:59 - [TEST_STEP][PASSED] - click: Object: 'Object Repository/Final Object Repo/New Registration - Registration Module Pages/Form 1/City - Johor Bharu' is clicked on

2019-01-08 18:52:00 - [MESSAGE][PASSED] - Object: 'Object Repository/Final Object Repo/New Registration - Registration Module Pages/Form 1/City - Johor Bharu' is clicked on

2019-01-08 18:52:00 - [TEST_STEP][PASSED] - delay: Delayed 1 second(s)

2019-01-08 18:52:01 - [MESSAGE][PASSED] - Delayed 1 second(s)

2019-01-08 18:52:01 - [TEST_STEP][PASSED] - click: Object: 'Object Repository/Final Object Repo/New Registration - Registration Module Pages/Form 1/Postcode' is clicked on

2019-01-08 18:52:01 - [MESSAGE][PASSED] - Object: 'Object Repository/Final Object Repo/New Registration - Registration Module Pages/Form 1/Postcode' is clicked on

2019-01-08 18:52:01 - [TEST_STEP][PASSED] - delay: Delayed 1 second(s)

2019-01-08 18:52:02 - [MESSAGE][PASSED] - Delayed 1 second(s)

2019-01-08 18:52:02 - [TEST_STEP][PASSED] - setText: Text '810' is set on object 'Object Repository/Final Object Repo/New Registration - Registration Module Pages/Form 1/Postcode - 810'

2019-01-08 18:52:02 - [MESSAGE][PASSED] - Text '810' is set on object 'Object Repository/Final Object Repo/New Registration - Registration Module Pages/Form 1/Postcode - 810'

2019-01-08 18:52:02 - [TEST_STEP][PASSED] - delay: Delayed 1 second(s)

2019-01-08 18:52:03 - [MESSAGE][PASSED] - Delayed 1 second(s)

2019-01-08 18:52:03 - [TEST_STEP][PASSED] - click: Object: 'Object Repository/Final Object Repo/New Registration - Registration Module Pages/Form 1/Postcode - 81000' is clicked on

2019-01-08 18:52:03 - [MESSAGE][PASSED] - Object: 'Object Repository/Final Object Repo/New Registration - Registration Module Pages/Form 1/Postcode - 81000' is clicked on

2019-01-08 18:52:03 - [TEST_STEP][PASSED] - delay: Delayed 1 second(s)

2019-01-08 18:52:04 - [MESSAGE][PASSED] - Delayed 1 second(s)

2019-01-08 18:52:04 - [TEST_STEP][PASSED] - setText: Text '100' is set on object 'Object Repository/Final Object Repo/New Registration - Registration Module Pages/Form 1/P.O.BOX'

2019-01-08 18:52:04 - [MESSAGE][PASSED] - Text '100' is set on object 'Object Repository/Final Object Repo/New Registration - Registration Module Pages/Form 1/P.O.BOX'

2019-01-08 18:52:04 - [TEST_STEP][PASSED] - setText: Text '100' is set on object 'Object Repository/Final Object Repo/New Registration - Registration Module Pages/Form 1/Locked Bag No'

2019-01-08 18:52:05 - [MESSAGE][PASSED] - Text '100' is set on object 'Object Repository/Final Object Repo/New Registration - Registration Module Pages/Form 1/Locked Bag No'

2019-01-08 18:52:05 - [TEST_STEP][PASSED] - click: Object: 'Object Repository/Final Object Repo/New Registration - Registration Module Pages/Form 1/SOCSO Office Location' is clicked on

2019-01-08 18:52:05 - [MESSAGE][PASSED] - Object: 'Object Repository/Final Object Repo/New Registration - Registration Module Pages/Form 1/SOCSO Office Location' is clicked on

2019-01-08 18:52:05 - [TEST_STEP][PASSED] - click: Object: 'Object Repository/Final Object Repo/New Registration - Registration Module Pages/Form 1/SOCSO Office Location - Pejabat PERKESO Negeri Johor' is clicked on

2019-01-08 18:52:05 - [MESSAGE][PASSED] - Object: 'Object Repository/Final Object Repo/New Registration - Registration Module Pages/Form 1/SOCSO Office Location - Pejabat PERKESO Negeri Johor' is clicked on

2019-01-08 18:52:05 - [TEST_STEP][PASSED] - delay: Delayed 1 second(s)

2019-01-08 18:52:06 - [MESSAGE][PASSED] - Delayed 1 second(s)

2019-01-08 18:52:06 - [TEST_STEP][PASSED] - check: Object 'Object Repository/Final Object Repo/New Registration - Registration Module Pages/Form 1/Indusrty Address Same As Postal Address' is checked

2019-01-08 18:52:06 - [MESSAGE][PASSED] - Object 'Object Repository/Final Object Repo/New Registration - Registration Module Pages/Form 1/Indusrty Address Same As Postal Address' is checked

2019-01-08 18:52:06 - [TEST_STEP][PASSED] - delay: Delayed 3 second(s)

2019-01-08 18:52:09 - [MESSAGE][PASSED] - Delayed 3 second(s)

2019-01-08 18:52:09 - [TEST_STEP][PASSED] - click: Object: 'Object Repository/Final Object Repo/New Registration - Registration Module Pages/Form 1/Indusry Address Same As Postal Address False' is clicked on

2019-01-08 18:52:09 - [MESSAGE][PASSED] - Object: 'Object Repository/Final Object Repo/New Registration - Registration Module Pages/Form 1/Indusry Address Same As Postal Address False' is clicked on

2019-01-08 18:52:09 - [TEST_STEP][PASSED] - delay: Delayed 1 second(s)

2019-01-08 18:52:10 - [MESSAGE][PASSED] - Delayed 1 second(s)

2019-01-08 18:52:10 - [TEST_STEP][PASSED] - setText: Text 'perkeso1' is set on object 'Object Repository/Final Object Repo/New Registration - Registration Module Pages/Form 1/Industry Address1'

2019-01-08 18:52:11 - [MESSAGE][PASSED] - Text 'perkeso1' is set on object 'Object Repository/Final Object Repo/New Registration - Registration Module Pages/Form 1/Industry Address1'

2019-01-08 18:52:11 - [TEST_STEP][PASSED] - setText: Text 'perkeso2' is set on object 'Object Repository/Final Object Repo/New Registration - Registration Module Pages/Form 1/Industry Address2'

2019-01-08 18:52:11 - [MESSAGE][PASSED] - Text 'perkeso2' is set on object 'Object Repository/Final Object Repo/New Registration - Registration Module Pages/Form 1/Industry Address2'

2019-01-08 18:52:11 - [TEST_STEP][PASSED] - setText: Text 'perkeso3' is set on object 'Object Repository/Final Object Repo/New Registration - Registration Module Pages/Form 1/Industry Address3'

2019-01-08 18:52:11 - [MESSAGE][PASSED] - Text 'perkeso3' is set on object 'Object Repository/Final Object Repo/New Registration - Registration Module Pages/Form 1/Industry Address3'

2019-01-08 18:52:11 - [TEST_STEP][PASSED] - click: Object: 'Object Repository/Final Object Repo/New Registration - Registration Module Pages/Form 1/Industry State' is clicked on

2019-01-08 18:52:12 - [MESSAGE][PASSED] - Object: 'Object Repository/Final Object Repo/New Registration - Registration Module Pages/Form 1/Industry State' is clicked on

2019-01-08 18:52:12 - [TEST_STEP][PASSED] - delay: Delayed 2 second(s)

2019-01-08 18:52:14 - [MESSAGE][PASSED] - Delayed 2 second(s)

2019-01-08 18:52:14 - [TEST_STEP][PASSED] - click: Object: 'Object Repository/Final Object Repo/New Registration - Registration Module Pages/Form 1/Industry State - Johor' is clicked on

2019-01-08 18:52:14 - [MESSAGE][PASSED] - Object: 'Object Repository/Final Object Repo/New Registration - Registration Module Pages/Form 1/Industry State - Johor' is clicked on

2019-01-08 18:52:14 - [TEST_STEP][PASSED] - delay: Delayed 2 second(s)

2019-01-08 18:52:16 - [MESSAGE][PASSED] - Delayed 2 second(s)

2019-01-08 18:52:16 - [TEST_STEP][PASSED] - click: Object: 'Object Repository/Final Object Repo/New Registration - Registration Module Pages/Form 1/Industry Ciry' is clicked on

2019-01-08 18:52:16 - [MESSAGE][PASSED] - Object: 'Object Repository/Final Object Repo/New Registration - Registration Module Pages/Form 1/Industry Ciry' is clicked on

2019-01-08 18:52:16 - [TEST_STEP][PASSED] - setText: Text 'joh' is set on object 'Object Repository/Final Object Repo/New Registration - Registration Module Pages/Form 1/Industry Ciry - joh'

2019-01-08 18:52:16 - [MESSAGE][PASSED] - Text 'joh' is set on object 'Object Repository/Final Object Repo/New Registration - Registration Module Pages/Form 1/Industry Ciry - joh'

2019-01-08 18:52:16 - [TEST_STEP][PASSED] - delay: Delayed 2 second(s)

2019-01-08 18:52:18 - [MESSAGE][PASSED] - Delayed 2 second(s)

2019-01-08 18:52:18 - [TEST_STEP][PASSED] - click: Object: 'Object Repository/Final Object Repo/New Registration - Registration Module Pages/Form 1/Industy State - Johor Bharu' is clicked on

2019-01-08 18:52:18 - [MESSAGE][PASSED] - Object: 'Object Repository/Final Object Repo/New Registration - Registration Module Pages/Form 1/Industy State - Johor Bharu' is clicked on

2019-01-08 18:52:18 - [TEST_STEP][PASSED] - delay: Delayed 1 second(s)

2019-01-08 18:52:19 - [MESSAGE][PASSED] - Delayed 1 second(s)

2019-01-08 18:52:19 - [TEST_STEP][PASSED] - click: Object: 'Object Repository/Final Object Repo/New Registration - Registration Module Pages/Form 1/Indusry PostCode' is clicked on

2019-01-08 18:52:20 - [MESSAGE][PASSED] - Object: 'Object Repository/Final Object Repo/New Registration - Registration Module Pages/Form 1/Indusry PostCode' is clicked on

2019-01-08 18:52:20 - [TEST_STEP][PASSED] - delay: Delayed 1 second(s)

2019-01-08 18:52:21 - [MESSAGE][PASSED] - Delayed 1 second(s)

2019-01-08 18:52:21 - [TEST_STEP][PASSED] - setText: Text '810' is set on object 'Object Repository/Final Object Repo/New Registration - Registration Module Pages/Form 1/Insutry Post Code - 810'

2019-01-08 18:52:21 - [MESSAGE][PASSED] - Text '810' is set on object 'Object Repository/Final Object Repo/New Registration - Registration Module Pages/Form 1/Insutry Post Code - 810'

2019-01-08 18:52:21 - [TEST_STEP][PASSED] - delay: Delayed 1 second(s)

2019-01-08 18:52:22 - [MESSAGE][PASSED] - Delayed 1 second(s)

2019-01-08 18:52:22 - [TEST_STEP][PASSED] - click: Object: 'Object Repository/Final Object Repo/New Registration - Registration Module Pages/Form 1/Insutry Post Code - 81000' is clicked on

2019-01-08 18:52:22 - [MESSAGE][PASSED] - Object: 'Object Repository/Final Object Repo/New Registration - Registration Module Pages/Form 1/Insutry Post Code - 81000' is clicked on

2019-01-08 18:52:22 - [TEST_STEP][PASSED] - delay: Delayed 1 second(s)

2019-01-08 18:52:23 - [MESSAGE][PASSED] - Delayed 1 second(s)

2019-01-08 18:52:23 - [TEST_STEP][PASSED] - setText: Text '100' is set on object 'Object Repository/Final Object Repo/New Registration - Registration Module Pages/Form 1/Industry P.O.BOX'

2019-01-08 18:52:23 - [MESSAGE][PASSED] - Text '100' is set on object 'Object Repository/Final Object Repo/New Registration - Registration Module Pages/Form 1/Industry P.O.BOX'

2019-01-08 18:52:23 - [TEST_STEP][PASSED] - setText: Text '100' is set on object 'Object Repository/Final Object Repo/New Registration - Registration Module Pages/Form 1/Industry Locked Bag No'

2019-01-08 18:52:24 - [MESSAGE][PASSED] - Text '100' is set on object 'Object Repository/Final Object Repo/New Registration - Registration Module Pages/Form 1/Industry Locked Bag No'

2019-01-08 18:52:24 - [TEST_STEP][PASSED] - setText: Text '123456789' is set on object 'Object Repository/Final Object Repo/New Registration - Registration Module Pages/Form 1/Telephone No'

2019-01-08 18:52:24 - [MESSAGE][PASSED] - Text '123456789' is set on object 'Object Repository/Final Object Repo/New Registration - Registration Module Pages/Form 1/Telephone No'

2019-01-08 18:52:24 - [TEST_STEP][PASSED] - setText: Text '123456789' is set on object 'Object Repository/Final Object Repo/New Registration - Registration Module Pages/Form 1/Mobile No'

2019-01-08 18:52:24 - [MESSAGE][PASSED] - Text '123456789' is set on object 'Object Repository/Final Object Repo/New Registration - Registration Module Pages/Form 1/Mobile No'

2019-01-08 18:52:24 - [TEST_STEP][PASSED] - setText: Text '123456789' is set on object 'Object Repository/Final Object Repo/New Registration - Registration Module Pages/Form 1/Fax No'

2019-01-08 18:52:25 - [MESSAGE][PASSED] - Text '123456789' is set on object 'Object Repository/Final Object Repo/New Registration - Registration Module Pages/Form 1/Fax No'

2019-01-08 18:52:25 - [TEST_STEP][PASSED] - click: Object: 'Object Repository/Final Object Repo/New Registration - Registration Module Pages/Form 1/Industry Code' is clicked on

2019-01-08 18:52:25 - [MESSAGE][PASSED] - Object: 'Object Repository/Final Object Repo/New Registration - Registration Module Pages/Form 1/Industry Code' is clicked on

2019-01-08 18:52:25 - [TEST_STEP][PASSED] - click: Object: 'Object Repository/Final Object Repo/New Registration - Registration Module Pages/Form 1/Indudustry Code - Crops and Animal' is clicked on

2019-01-08 18:52:25 - [MESSAGE][PASSED] - Object: 'Object Repository/Final Object Repo/New Registration - Registration Module Pages/Form 1/Indudustry Code - Crops and Animal' is clicked on

2019-01-08 18:52:25 - [TEST_STEP][PASSED] - delay: Delayed 1 second(s)

2019-01-08 18:52:26 - [MESSAGE][PASSED] - Delayed 1 second(s)

2019-01-08 18:52:26 - [TEST_STEP][PASSED] - click: Object: 'Object Repository/Final Object Repo/New Registration - Registration Module Pages/Form 1/Sub Industry Code List' is clicked on

2019-01-08 18:52:26 - [MESSAGE][PASSED] - Object: 'Object Repository/Final Object Repo/New Registration - Registration Module Pages/Form 1/Sub Industry Code List' is clicked on

2019-01-08 18:52:26 - [TEST_STEP][PASSED] - click: Object: 'Object Repository/Final Object Repo/New Registration - Registration Module Pages/Form 1/Sub Industry Code List - Growing of Maize' is clicked on

2019-01-08 18:52:27 - [MESSAGE][PASSED] - Object: 'Object Repository/Final Object Repo/New Registration - Registration Module Pages/Form 1/Sub Industry Code List - Growing of Maize' is clicked on

2019-01-08 18:52:27 - [TEST_STEP][PASSED] - setText: Text 'perkeso123@gmail.com' is set on object 'Object Repository/Final Object Repo/New Registration - Registration Module Pages/Form 1/Email'

2019-01-08 18:52:27 - [MESSAGE][PASSED] - Text 'perkeso123@gmail.com' is set on object 'Object Repository/Final Object Repo/New Registration - Registration Module Pages/Form 1/Email'

2019-01-08 18:52:27 - [TEST_STEP][PASSED] - click: Object: 'Object Repository/Final Object Repo/New Registration - Registration Module Pages/Form 1/Method of Contribution Payment' is clicked on

2019-01-08 18:52:27 - [MESSAGE][PASSED] - Object: 'Object Repository/Final Object Repo/New Registration - Registration Module Pages/Form 1/Method of Contribution Payment' is clicked on

2019-01-08 18:52:27 - [TEST_STEP][PASSED] - click: Object: 'Object Repository/Final Object Repo/New Registration - Registration Module Pages/Form 1/Method of Contribution Payment - Portal' is clicked on

2019-01-08 18:52:28 - [MESSAGE][PASSED] - Object: 'Object Repository/Final Object Repo/New Registration - Registration Module Pages/Form 1/Method of Contribution Payment - Portal' is clicked on

2019-01-08 18:52:28 - [TEST_STEP][PASSED] - click: Object: 'Object Repository/Final Object Repo/New Registration - Registration Module Pages/Form 1/Servide Type' is clicked on

2019-01-08 18:52:28 - [MESSAGE][PASSED] - Object: 'Object Repository/Final Object Repo/New Registration - Registration Module Pages/Form 1/Servide Type' is clicked on

2019-01-08 18:52:28 - [TEST_STEP][PASSED] - click: Object: 'Object Repository/Final Object Repo/New Registration - Registration Module Pages/Form 1/Servide Type - Professional Bodies' is clicked on

2019-01-08 18:52:28 - [MESSAGE][PASSED] - Object: 'Object Repository/Final Object Repo/New Registration - Registration Module Pages/Form 1/Servide Type - Professional Bodies' is clicked on

2019-01-08 18:52:28 - [TEST_STEP][PASSED] - click: Object: 'Object Repository/Final Object Repo/New Registration - Registration Module Pages/Form 1/Industry Venue' is clicked on

2019-01-08 18:52:28 - [MESSAGE][PASSED] - Object: 'Object Repository/Final Object Repo/New Registration - Registration Module Pages/Form 1/Industry Venue' is clicked on

2019-01-08 18:52:28 - [TEST_STEP][PASSED] - click: Object: 'Object Repository/Final Object Repo/New Registration - Registration Module Pages/Form 1/Industry Venue -  PPN JOHOR' is clicked on

2019-01-08 18:52:28 - [MESSAGE][PASSED] - Object: 'Object Repository/Final Object Repo/New Registration - Registration Module Pages/Form 1/Industry Venue -  PPN JOHOR' is clicked on

2019-01-08 18:52:28 - [TEST_STEP][PASSED] - click: Object: 'Object Repository/Final Object Repo/New Registration - Registration Module Pages/Form 1/Save  Continue' is clicked on

2019-01-08 18:52:29 - [MESSAGE][PASSED] - Object: 'Object Repository/Final Object Repo/New Registration - Registration Module Pages/Form 1/Save  Continue' is clicked on

2019-01-08 18:52:29 - [MESSAGE][PASSED] - Call Test Case 'Test Cases/Final Aug 2018 - PKS Automation/Registration Module/New Registration/Form 1/Form 1 - Partnership - Registered with SSM' successfully

2019-01-08 18:52:29 - [TEST_STEP][PASSED] - callTestCase: Call Test Case 'Test Cases/Final Aug 2018 - PKS Automation/Registration Module/New Registration/Form 2/Add 2 Eligible 2 Not Eligible' successfully

2019-01-08 18:52:29 - [TEST_CASE][PASSED] - Test Cases/Final Aug 2018 - PKS Automation/Registration Module/New Registration/Form 2/Add 2 Eligible 2 Not Eligible: Test Cases/Final Aug 2018 - PKS Automation/Registration Module/New Registration/Form 2/Add 2 Eligible 2 Not Eligible

2019-01-08 18:52:29 - [TEST_STEP][PASSED] - delay: Delayed 2 second(s)

2019-01-08 18:52:31 - [MESSAGE][PASSED] - Delayed 2 second(s)

2019-01-08 18:52:31 - [TEST_STEP][PASSED] - callTestCase: Call Test Case 'Test Cases/Final Aug 2018 - PKS Automation/Registration Module/New Registration/Form 2/Date Updater' successfully

2019-01-08 18:52:31 - [TEST_CASE][PASSED] - Test Cases/Final Aug 2018 - PKS Automation/Registration Module/New Registration/Form 2/Date Updater: Test Cases/Final Aug 2018 - PKS Automation/Registration Module/New Registration/Form 2/Date Updater

2019-01-08 18:52:31 - [TEST_STEP][PASSED] - Statement - TodayDate = new java.util.Date(): null

2019-01-08 18:52:31 - [TEST_STEP][PASSED] - Statement - CurrentDateNoFilter = new java.text.SimpleDateFormat(): null

2019-01-08 18:52:31 - [TEST_STEP][PASSED] - Statement - CurrentDateNoFilter.applyPattern("MM"): null

2019-01-08 18:52:31 - [TEST_STEP][PASSED] - Statement - monthContainerMatcher = java.lang.Integer.parseInt(CurrentDateNoFilter.format(TodayDate)): null

2019-01-08 18:52:31 - [TEST_STEP][PASSED] - Statement - monthContainerMatcher = monthContainerMatcher - 1: null

2019-01-08 18:52:31 - [TEST_STEP][PASSED] - Statement - CurrentMonth = monthContainerMatcher.toString(): null

2019-01-08 18:52:31 - [TEST_STEP][PASSED] - Statement - CurrentMonth = CurrentMonth: null

2019-01-08 18:52:31 - [TEST_STEP][PASSED] - Statement - CurrentDateNoFilter.applyPattern("yyyy"): null

2019-01-08 18:52:31 - [TEST_STEP][PASSED] - Statement - CurrentYear = CurrentDateNoFilter.format(TodayDate): null

2019-01-08 18:52:31 - [TEST_STEP][PASSED] - Statement - CurrentYear = CurrentYear: null

2019-01-08 18:52:31 - [TEST_STEP][PASSED] - Statement - intCurrentYear = java.lang.Integer.parseInt(CurrentDateNoFilter.format(TodayDate)): null

2019-01-08 18:52:31 - [TEST_STEP][PASSED] - Statement - eighteenYrsAgo = intCurrentYear - 18: null

2019-01-08 18:52:31 - [TEST_STEP][PASSED] - Statement - eighteenYrsBeforeThisYr = eighteenYrsAgo.toString(): null

2019-01-08 18:52:31 - [TEST_STEP][PASSED] - Statement - EighteenYrsBefore = eighteenYrsBeforeThisYr: null

2019-01-08 18:52:31 - [TEST_STEP][PASSED] - Statement - fiftysevenYrsAgo = intCurrentYear - 57: null

2019-01-08 18:52:31 - [TEST_STEP][PASSED] - Statement - fiftysevenYrsBeforeThisYr = fiftysevenYrsAgo.toString(): null

2019-01-08 18:52:31 - [TEST_STEP][PASSED] - Statement - FiftysevenYrsBefore = fiftysevenYrsBeforeThisYr: null

2019-01-08 18:52:31 - [TEST_STEP][PASSED] - Statement - leapYear = false: null

2019-01-08 18:52:31 - [TEST_STEP][PASSED] - Statement - leapYear = intCurrentYear % 4 == 0: null

2019-01-08 18:52:31 - [TEST_STEP][PASSED] - Statement - CurrentDateNoFilter.applyPattern("dd"): null

2019-01-08 18:52:31 - [TEST_STEP][PASSED] - Statement - CurrentDate = CurrentDateNoFilter.format(TodayDate): null

2019-01-08 18:52:31 - [TEST_STEP][PASSED] - Statement - CurrentDate = java.lang.Integer.parseInt(CurrentDate): null

2019-01-08 18:52:31 - [TEST_STEP][PASSED] - Statement - CurrentDate = CurrentDate: null

2019-01-08 18:52:31 - [TEST_STEP][PASSED] - Statement - CurrentDay = java.lang.Integer.parseInt(CurrentDate): null

2019-01-08 18:52:31 - [TEST_STEP][PASSED] - Statement - ConfAdder = <not implemented yet for class: org.codehaus.groovy.ast.expr.EmptyExpression>: null

2019-01-08 18:52:31 - [TEST_STEP][PASSED] - Statement - out.println(CurrentMonth): null

2019-01-08 18:52:31 - [TEST_STEP][PASSED] - Statement - out.println(CurrentDate): null

2019-01-08 18:52:31 - [TEST_STEP][PASSED] - Statement - switch (CurrentDate): null

2019-01-08 18:52:31 - [TEST_STEP][PASSED] - Statement - Default: null

2019-01-08 18:52:31 - [TEST_STEP][PASSED] - Statement - ConfAdder = true: null

2019-01-08 18:52:31 - [TEST_STEP][PASSED] - Statement - Break: null

2019-01-08 18:52:31 - [TEST_STEP][PASSED] - Statement - aDayBefore = <not implemented yet for class: org.codehaus.groovy.ast.expr.EmptyExpression>: null

2019-01-08 18:52:31 - [TEST_STEP][PASSED] - Statement - out.println(ConfAdder): null

2019-01-08 18:52:31 - [TEST_STEP][PASSED] - Statement - If (ConfAdder == true): null

2019-01-08 18:52:31 - [TEST_STEP][PASSED] - Statement - aDayBefore = CurrentDay + 1: null

2019-01-08 18:52:31 - [TEST_STEP][PASSED] - Statement - out.println(aDayBefore): null

2019-01-08 18:52:31 - [TEST_STEP][PASSED] - Statement - If (aDayBefore == 1 && CurrentMonth == 11): null

2019-01-08 18:52:31 - [TEST_STEP][PASSED] - Statement - DayBefore = aDayBefore.toString(): null

2019-01-08 18:52:31 - [TEST_STEP][PASSED] - Statement - OneDayBefore = DayBefore: null

2019-01-08 18:52:31 - [MESSAGE][PASSED] - Call Test Case 'Test Cases/Final Aug 2018 - PKS Automation/Registration Module/New Registration/Form 2/Date Updater' successfully

2019-01-08 18:52:31 - [TEST_STEP][PASSED] - delay: Delayed 1 second(s)

2019-01-08 18:52:32 - [MESSAGE][PASSED] - Delayed 1 second(s)

2019-01-08 18:52:32 - [TEST_STEP][PASSED] - Statement - CaseReferenceNo = com.kms.katalon.core.webui.keyword.WebUiBuiltInKeywords.getText(com.kms.katalon.core.testobject.ObjectRepository.findTestObject(Final Object Repo/New Registration - Registration Module Pages/Form 2/RefNo Acquiring)): Text of object 'Object Repository/Final Object Repo/New Registration - Registration Module Pages/Form 2/RefNo Acquiring' is: 'CRN01201900123653'

2019-01-08 18:52:32 - [MESSAGE][PASSED] - Text of object 'Object Repository/Final Object Repo/New Registration - Registration Module Pages/Form 2/RefNo Acquiring' is: 'CRN01201900123653'

2019-01-08 18:52:32 - [TEST_STEP][PASSED] - delay: Delayed 1 second(s)

2019-01-08 18:52:33 - [MESSAGE][PASSED] - Delayed 1 second(s)

2019-01-08 18:52:33 - [TEST_STEP][PASSED] - click: Object: 'Object Repository/Final Object Repo/New Registration - Registration Module Pages/Form 2/Add Employee Button' is clicked on

2019-01-08 18:52:33 - [MESSAGE][PASSED] - Object: 'Object Repository/Final Object Repo/New Registration - Registration Module Pages/Form 2/Add Employee Button' is clicked on

2019-01-08 18:52:33 - [TEST_STEP][PASSED] - delay: Delayed 4 second(s)

2019-01-08 18:52:37 - [MESSAGE][PASSED] - Delayed 4 second(s)

2019-01-08 18:52:37 - [TEST_STEP][PASSED] - setText: Text '010903091927' is set on object 'Object Repository/Final Object Repo/New Registration - Registration Module Pages/Form 2/NRIC Input'

2019-01-08 18:52:37 - [MESSAGE][PASSED] - Text '010903091927' is set on object 'Object Repository/Final Object Repo/New Registration - Registration Module Pages/Form 2/NRIC Input'

2019-01-08 18:52:37 - [TEST_STEP][PASSED] - click: Object: 'Object Repository/Final Object Repo/New Registration - Registration Module Pages/Form 2/button for search for IC' is clicked on

2019-01-08 18:52:37 - [MESSAGE][PASSED] - Object: 'Object Repository/Final Object Repo/New Registration - Registration Module Pages/Form 2/button for search for IC' is clicked on

2019-01-08 18:52:37 - [TEST_STEP][PASSED] - delay: Delayed 2 second(s)

2019-01-08 18:52:39 - [MESSAGE][PASSED] - Delayed 2 second(s)

2019-01-08 18:52:39 - [TEST_STEP][PASSED] - setText: Text 'Automate001 eligible 1' is set on object 'Object Repository/Final Object Repo/New Registration - Registration Module Pages/Form 2/Employee Name Input'

2019-01-08 18:52:40 - [MESSAGE][PASSED] - Text 'Automate001 eligible 1' is set on object 'Object Repository/Final Object Repo/New Registration - Registration Module Pages/Form 2/Employee Name Input'

2019-01-08 18:52:40 - [TEST_STEP][PASSED] - delay: Delayed 2 second(s)

2019-01-08 18:52:42 - [MESSAGE][PASSED] - Delayed 2 second(s)

2019-01-08 18:52:42 - [TEST_STEP][PASSED] - click: Object: 'Object Repository/Final Object Repo/New Registration - Registration Module Pages/Form 2/DatePicker Pop Up' is clicked on

2019-01-08 18:52:42 - [MESSAGE][PASSED] - Object: 'Object Repository/Final Object Repo/New Registration - Registration Module Pages/Form 2/DatePicker Pop Up' is clicked on

2019-01-08 18:52:42 - [TEST_STEP][PASSED] - click: Object: 'Object Repository/Final Object Repo/New Registration - Registration Module Pages/Form 2/DOB Month' is clicked on

2019-01-08 18:52:42 - [MESSAGE][PASSED] - Object: 'Object Repository/Final Object Repo/New Registration - Registration Module Pages/Form 2/DOB Month' is clicked on

2019-01-08 18:52:42 - [TEST_STEP][PASSED] - Statement - CurrentMonth = CurrentMonth: null

2019-01-08 18:52:42 - [TEST_STEP][PASSED] - Statement - selectMonth = new com.kms.katalon.core.testobject.TestObject(): null

2019-01-08 18:52:42 - [TEST_STEP][PASSED] - Statement - selectMonth.addProperty("xpath", EQUALS, "//body/div/div/div/select/option[@value='" + CurrentMonth + "']", true): null

2019-01-08 18:52:42 - [TEST_STEP][PASSED] - click: Object: '' is clicked on

2019-01-08 18:52:42 - [MESSAGE][PASSED] - Object: '' is clicked on

2019-01-08 18:52:42 - [TEST_STEP][PASSED] - click: Object: 'Object Repository/Final Object Repo/New Registration - Registration Module Pages/Form 2/DOB Year' is clicked on

2019-01-08 18:52:43 - [MESSAGE][PASSED] - Object: 'Object Repository/Final Object Repo/New Registration - Registration Module Pages/Form 2/DOB Year' is clicked on

2019-01-08 18:52:43 - [TEST_STEP][PASSED] - Statement - Eyearsbf = EighteenYrsBefore: null

2019-01-08 18:52:43 - [TEST_STEP][PASSED] - Statement - selectYear = new com.kms.katalon.core.testobject.TestObject(): null

2019-01-08 18:52:43 - [TEST_STEP][PASSED] - Statement - selectYear.addProperty("xpath", EQUALS, "//div/div/div/select/option[@value='" + Eyearsbf + "']", true): null

2019-01-08 18:52:43 - [TEST_STEP][PASSED] - click: Object: '' is clicked on

2019-01-08 18:52:43 - [MESSAGE][PASSED] - Object: '' is clicked on

2019-01-08 18:52:43 - [TEST_STEP][PASSED] - Statement - UpdatedSelectDate = com.kms.katalon.core.webui.keyword.WebUiBuiltInKeywords.modifyObjectProperty(com.kms.katalon.core.testobject.ObjectRepository.findTestObject(Final Object Repo/New Registration - Registration Module Pages/Form 2/DOB Date), "xpath", "equals", "//body/div/table/tbody/tr/td/a[text()="" + CurrentDate + ""]", true): Modify property of object successfully

2019-01-08 18:52:43 - [MESSAGE][PASSED] - Modify property of object successfully

2019-01-08 18:52:43 - [TEST_STEP][PASSED] - delay: Delayed 3 second(s)

2019-01-08 18:52:46 - [MESSAGE][PASSED] - Delayed 3 second(s)

2019-01-08 18:52:46 - [TEST_STEP][PASSED] - click: Object: 'Object Repository/Final Object Repo/New Registration - Registration Module Pages/Form 2/DOB Date' is clicked on

2019-01-08 18:52:46 - [MESSAGE][PASSED] - Object: 'Object Repository/Final Object Repo/New Registration - Registration Module Pages/Form 2/DOB Date' is clicked on

2019-01-08 18:52:46 - [TEST_STEP][PASSED] - delay: Delayed 2 second(s)

2019-01-08 18:52:48 - [MESSAGE][PASSED] - Delayed 2 second(s)

2019-01-08 18:52:48 - [TEST_STEP][PASSED] - click: Object: 'Object Repository/Final Object Repo/New Registration - Registration Module Pages/Form 2/EmploymentStartDate Pop Up' is clicked on

2019-01-08 18:52:48 - [MESSAGE][PASSED] - Object: 'Object Repository/Final Object Repo/New Registration - Registration Module Pages/Form 2/EmploymentStartDate Pop Up' is clicked on

2019-01-08 18:52:48 - [TEST_STEP][PASSED] - delay: Delayed 2 second(s)

2019-01-08 18:52:50 - [MESSAGE][PASSED] - Delayed 2 second(s)

2019-01-08 18:52:50 - [TEST_STEP][PASSED] - click: Object: 'Object Repository/Final Object Repo/New Registration - Registration Module Pages/Form 2/Socso Employment StartDate Month' is clicked on

2019-01-08 18:52:50 - [MESSAGE][PASSED] - Object: 'Object Repository/Final Object Repo/New Registration - Registration Module Pages/Form 2/Socso Employment StartDate Month' is clicked on

2019-01-08 18:52:50 - [TEST_STEP][PASSED] - delay: Delayed 1 second(s)

2019-01-08 18:52:51 - [MESSAGE][PASSED] - Delayed 1 second(s)

2019-01-08 18:52:51 - [TEST_STEP][PASSED] - click: Object: 'Object Repository/Final Object Repo/New Registration - Registration Module Pages/Form 2/Select Socso Employement Startdate Month' is clicked on

2019-01-08 18:52:51 - [MESSAGE][PASSED] - Object: 'Object Repository/Final Object Repo/New Registration - Registration Module Pages/Form 2/Select Socso Employement Startdate Month' is clicked on

2019-01-08 18:52:51 - [TEST_STEP][PASSED] - delay: Delayed 2 second(s)

2019-01-08 18:52:53 - [MESSAGE][PASSED] - Delayed 2 second(s)

2019-01-08 18:52:53 - [TEST_STEP][PASSED] - click: Object: 'Object Repository/Final Object Repo/New Registration - Registration Module Pages/Form 2/Socso Employment StartDate Year' is clicked on

2019-01-08 18:52:54 - [MESSAGE][PASSED] - Object: 'Object Repository/Final Object Repo/New Registration - Registration Module Pages/Form 2/Socso Employment StartDate Year' is clicked on

2019-01-08 18:52:54 - [TEST_STEP][PASSED] - delay: Delayed 1 second(s)

2019-01-08 18:52:55 - [MESSAGE][PASSED] - Delayed 1 second(s)

2019-01-08 18:52:55 - [TEST_STEP][PASSED] - click: Object: 'Object Repository/Final Object Repo/New Registration - Registration Module Pages/Form 2/Select Socso Employment Startdate Year' is clicked on

2019-01-08 18:52:55 - [MESSAGE][PASSED] - Object: 'Object Repository/Final Object Repo/New Registration - Registration Module Pages/Form 2/Select Socso Employment Startdate Year' is clicked on

2019-01-08 18:52:55 - [TEST_STEP][PASSED] - delay: Delayed 2 second(s)

2019-01-08 18:52:57 - [MESSAGE][PASSED] - Delayed 2 second(s)

2019-01-08 18:52:57 - [TEST_STEP][PASSED] - click: Object: 'Object Repository/Final Object Repo/New Registration - Registration Module Pages/Form 2/Socso Employment Start Date Day' is clicked on

2019-01-08 18:52:57 - [MESSAGE][PASSED] - Object: 'Object Repository/Final Object Repo/New Registration - Registration Module Pages/Form 2/Socso Employment Start Date Day' is clicked on

2019-01-08 18:52:57 - [TEST_STEP][PASSED] - delay: Delayed 2 second(s)

2019-01-08 18:52:59 - [MESSAGE][PASSED] - Delayed 2 second(s)

2019-01-08 18:52:59 - [TEST_STEP][PASSED] - click: Object: 'Object Repository/Final Object Repo/New Registration - Registration Module Pages/Form 2/Save Button for Add Employee' is clicked on

2019-01-08 18:52:59 - [MESSAGE][PASSED] - Object: 'Object Repository/Final Object Repo/New Registration - Registration Module Pages/Form 2/Save Button for Add Employee' is clicked on

2019-01-08 18:52:59 - [TEST_STEP][PASSED] - delay: Delayed 6 second(s)

2019-01-08 18:53:05 - [MESSAGE][PASSED] - Delayed 6 second(s)

2019-01-08 18:53:05 - [TEST_STEP][PASSED] - click: Object: 'Object Repository/Final Object Repo/New Registration - Registration Module Pages/Form 2/Add Employee Button' is clicked on

2019-01-08 18:53:05 - [MESSAGE][PASSED] - Object: 'Object Repository/Final Object Repo/New Registration - Registration Module Pages/Form 2/Add Employee Button' is clicked on

2019-01-08 18:53:05 - [TEST_STEP][PASSED] - delay: Delayed 4 second(s)

2019-01-08 18:53:09 - [MESSAGE][PASSED] - Delayed 4 second(s)

2019-01-08 18:53:09 - [TEST_STEP][PASSED] - setText: Text '620904059691' is set on object 'Object Repository/Final Object Repo/New Registration - Registration Module Pages/Form 2/NRIC Input'

2019-01-08 18:53:10 - [MESSAGE][PASSED] - Text '620904059691' is set on object 'Object Repository/Final Object Repo/New Registration - Registration Module Pages/Form 2/NRIC Input'

2019-01-08 18:53:10 - [TEST_STEP][PASSED] - click: Object: 'Object Repository/Final Object Repo/New Registration - Registration Module Pages/Form 2/button for search for IC' is clicked on

2019-01-08 18:53:10 - [MESSAGE][PASSED] - Object: 'Object Repository/Final Object Repo/New Registration - Registration Module Pages/Form 2/button for search for IC' is clicked on

2019-01-08 18:53:10 - [TEST_STEP][PASSED] - delay: Delayed 2 second(s)

2019-01-08 18:53:12 - [MESSAGE][PASSED] - Delayed 2 second(s)

2019-01-08 18:53:12 - [TEST_STEP][PASSED] - setText: Text 'Automate001 eligible 2' is set on object 'Object Repository/Final Object Repo/New Registration - Registration Module Pages/Form 2/Employee Name Input'

2019-01-08 18:53:12 - [MESSAGE][PASSED] - Text 'Automate001 eligible 2' is set on object 'Object Repository/Final Object Repo/New Registration - Registration Module Pages/Form 2/Employee Name Input'

2019-01-08 18:53:12 - [TEST_STEP][PASSED] - delay: Delayed 2 second(s)

2019-01-08 18:53:14 - [MESSAGE][PASSED] - Delayed 2 second(s)

2019-01-08 18:53:14 - [TEST_STEP][PASSED] - click: Object: 'Object Repository/Final Object Repo/New Registration - Registration Module Pages/Form 2/DatePicker Pop Up' is clicked on

2019-01-08 18:53:14 - [MESSAGE][PASSED] - Object: 'Object Repository/Final Object Repo/New Registration - Registration Module Pages/Form 2/DatePicker Pop Up' is clicked on

2019-01-08 18:53:14 - [TEST_STEP][PASSED] - delay: Delayed 2 second(s)

2019-01-08 18:53:16 - [MESSAGE][PASSED] - Delayed 2 second(s)

2019-01-08 18:53:16 - [TEST_STEP][PASSED] - click: Object: 'Object Repository/Final Object Repo/New Registration - Registration Module Pages/Form 2/DOB Month' is clicked on

2019-01-08 18:53:17 - [MESSAGE][PASSED] - Object: 'Object Repository/Final Object Repo/New Registration - Registration Module Pages/Form 2/DOB Month' is clicked on

2019-01-08 18:53:17 - [TEST_STEP][PASSED] - Statement - selectMonth = com.kms.katalon.core.webui.keyword.WebUiBuiltInKeywords.modifyObjectProperty(selectMonth, "xpath", "equals", "//body/div/div/div/select/option[@value="" + CurrentMonth + ""]", true): Modify property of object successfully

2019-01-08 18:53:17 - [MESSAGE][PASSED] - Modify property of object successfully

2019-01-08 18:53:17 - [TEST_STEP][PASSED] - click: Object: '' is clicked on

2019-01-08 18:53:17 - [MESSAGE][PASSED] - Object: '' is clicked on

2019-01-08 18:53:17 - [TEST_STEP][PASSED] - click: Object: 'Object Repository/Final Object Repo/New Registration - Registration Module Pages/Form 2/DOB Year' is clicked on

2019-01-08 18:53:17 - [MESSAGE][PASSED] - Object: 'Object Repository/Final Object Repo/New Registration - Registration Module Pages/Form 2/DOB Year' is clicked on

2019-01-08 18:53:17 - [TEST_STEP][PASSED] - Statement - selectYear = com.kms.katalon.core.webui.keyword.WebUiBuiltInKeywords.modifyObjectProperty(selectYear, "xpath", "equals", "//div/div/div/select/option[@value="" + FiftysevenYrsBefore + ""]", true): Modify property of object successfully

2019-01-08 18:53:17 - [MESSAGE][PASSED] - Modify property of object successfully

2019-01-08 18:53:17 - [TEST_STEP][PASSED] - click: Object: '' is clicked on

2019-01-08 18:53:17 - [MESSAGE][PASSED] - Object: '' is clicked on

2019-01-08 18:53:17 - [TEST_STEP][PASSED] - Statement - UpdatedSelectDate = com.kms.katalon.core.webui.keyword.WebUiBuiltInKeywords.modifyObjectProperty(com.kms.katalon.core.testobject.ObjectRepository.findTestObject(Final Object Repo/New Registration - Registration Module Pages/Form 2/DOB Date), "xpath", "equals", "//body/div/table/tbody/tr/td/a[text()="" + OneDayBefore + ""]", true): Modify property of object successfully

2019-01-08 18:53:17 - [MESSAGE][PASSED] - Modify property of object successfully

2019-01-08 18:53:17 - [TEST_STEP][PASSED] - click: Object: 'Object Repository/Final Object Repo/New Registration - Registration Module Pages/Form 2/DOB Date' is clicked on

2019-01-08 18:53:17 - [MESSAGE][PASSED] - Object: 'Object Repository/Final Object Repo/New Registration - Registration Module Pages/Form 2/DOB Date' is clicked on

2019-01-08 18:53:17 - [TEST_STEP][PASSED] - delay: Delayed 2 second(s)

2019-01-08 18:53:19 - [MESSAGE][PASSED] - Delayed 2 second(s)

2019-01-08 18:53:19 - [TEST_STEP][PASSED] - click: Object: 'Object Repository/Final Object Repo/New Registration - Registration Module Pages/Form 2/EmploymentStartDate Pop Up' is clicked on

2019-01-08 18:53:19 - [MESSAGE][PASSED] - Object: 'Object Repository/Final Object Repo/New Registration - Registration Module Pages/Form 2/EmploymentStartDate Pop Up' is clicked on

2019-01-08 18:53:19 - [TEST_STEP][PASSED] - delay: Delayed 2 second(s)

2019-01-08 18:53:21 - [MESSAGE][PASSED] - Delayed 2 second(s)

2019-01-08 18:53:21 - [TEST_STEP][PASSED] - click: Object: 'Object Repository/Final Object Repo/New Registration - Registration Module Pages/Form 2/Socso Employment StartDate Month' is clicked on

2019-01-08 18:53:21 - [MESSAGE][PASSED] - Object: 'Object Repository/Final Object Repo/New Registration - Registration Module Pages/Form 2/Socso Employment StartDate Month' is clicked on

2019-01-08 18:53:21 - [TEST_STEP][PASSED] - delay: Delayed 1 second(s)

2019-01-08 18:53:22 - [MESSAGE][PASSED] - Delayed 1 second(s)

2019-01-08 18:53:22 - [TEST_STEP][PASSED] - click: Object: 'Object Repository/Final Object Repo/New Registration - Registration Module Pages/Form 2/Select Socso Employement Startdate Month' is clicked on

2019-01-08 18:53:23 - [MESSAGE][PASSED] - Object: 'Object Repository/Final Object Repo/New Registration - Registration Module Pages/Form 2/Select Socso Employement Startdate Month' is clicked on

2019-01-08 18:53:23 - [TEST_STEP][PASSED] - delay: Delayed 2 second(s)

2019-01-08 18:53:25 - [MESSAGE][PASSED] - Delayed 2 second(s)

2019-01-08 18:53:25 - [TEST_STEP][PASSED] - click: Object: 'Object Repository/Final Object Repo/New Registration - Registration Module Pages/Form 2/Socso Employment StartDate Year' is clicked on

2019-01-08 18:53:25 - [MESSAGE][PASSED] - Object: 'Object Repository/Final Object Repo/New Registration - Registration Module Pages/Form 2/Socso Employment StartDate Year' is clicked on

2019-01-08 18:53:25 - [TEST_STEP][PASSED] - delay: Delayed 1 second(s)

2019-01-08 18:53:26 - [MESSAGE][PASSED] - Delayed 1 second(s)

2019-01-08 18:53:26 - [TEST_STEP][PASSED] - click: Object: 'Object Repository/Final Object Repo/New Registration - Registration Module Pages/Form 2/Select Socso Employment Startdate Year' is clicked on

2019-01-08 18:53:26 - [MESSAGE][PASSED] - Object: 'Object Repository/Final Object Repo/New Registration - Registration Module Pages/Form 2/Select Socso Employment Startdate Year' is clicked on

2019-01-08 18:53:26 - [TEST_STEP][PASSED] - delay: Delayed 2 second(s)

2019-01-08 18:53:28 - [MESSAGE][PASSED] - Delayed 2 second(s)

2019-01-08 18:53:28 - [TEST_STEP][PASSED] - click: Object: 'Object Repository/Final Object Repo/New Registration - Registration Module Pages/Form 2/Socso Employment Start Date Day' is clicked on

2019-01-08 18:53:28 - [MESSAGE][PASSED] - Object: 'Object Repository/Final Object Repo/New Registration - Registration Module Pages/Form 2/Socso Employment Start Date Day' is clicked on

2019-01-08 18:53:28 - [TEST_STEP][PASSED] - delay: Delayed 2 second(s)

2019-01-08 18:53:30 - [MESSAGE][PASSED] - Delayed 2 second(s)

2019-01-08 18:53:30 - [TEST_STEP][PASSED] - click: Object: 'Object Repository/Final Object Repo/New Registration - Registration Module Pages/Form 2/Save Button for Add Employee' is clicked on

2019-01-08 18:53:30 - [MESSAGE][PASSED] - Object: 'Object Repository/Final Object Repo/New Registration - Registration Module Pages/Form 2/Save Button for Add Employee' is clicked on

2019-01-08 18:53:30 - [TEST_STEP][PASSED] - delay: Delayed 4 second(s)

2019-01-08 18:53:34 - [MESSAGE][PASSED] - Delayed 4 second(s)

2019-01-08 18:53:34 - [TEST_STEP][PASSED] - delay: Delayed 30 second(s)

2019-01-08 18:54:04 - [MESSAGE][PASSED] - Delayed 30 second(s)

2019-01-08 18:54:04 - [TEST_STEP][PASSED] - click: Object: 'Object Repository/Final Object Repo/New Registration - Registration Module Pages/Form 2/Add Employee Button' is clicked on

2019-01-08 18:54:04 - [MESSAGE][PASSED] - Object: 'Object Repository/Final Object Repo/New Registration - Registration Module Pages/Form 2/Add Employee Button' is clicked on

2019-01-08 18:54:04 - [TEST_STEP][PASSED] - delay: Delayed 4 second(s)

2019-01-08 18:54:08 - [MESSAGE][PASSED] - Delayed 4 second(s)

2019-01-08 18:54:08 - [TEST_STEP][PASSED] - setText: Text '000209039145' is set on object 'Object Repository/Final Object Repo/New Registration - Registration Module Pages/Form 2/NRIC Input'

2019-01-08 18:54:09 - [MESSAGE][PASSED] - Text '000209039145' is set on object 'Object Repository/Final Object Repo/New Registration - Registration Module Pages/Form 2/NRIC Input'

2019-01-08 18:54:09 - [TEST_STEP][PASSED] - click: Object: 'Object Repository/Final Object Repo/New Registration - Registration Module Pages/Form 2/button for search for IC' is clicked on

2019-01-08 18:54:09 - [MESSAGE][PASSED] - Object: 'Object Repository/Final Object Repo/New Registration - Registration Module Pages/Form 2/button for search for IC' is clicked on

2019-01-08 18:54:09 - [TEST_STEP][PASSED] - delay: Delayed 2 second(s)

2019-01-08 18:54:11 - [MESSAGE][PASSED] - Delayed 2 second(s)

2019-01-08 18:54:11 - [TEST_STEP][PASSED] - setText: Text 'Automate001 not eligible 1' is set on object 'Object Repository/Final Object Repo/New Registration - Registration Module Pages/Form 2/Employee Name Input'

2019-01-08 18:54:11 - [MESSAGE][PASSED] - Text 'Automate001 not eligible 1' is set on object 'Object Repository/Final Object Repo/New Registration - Registration Module Pages/Form 2/Employee Name Input'

2019-01-08 18:54:11 - [TEST_STEP][PASSED] - delay: Delayed 2 second(s)

2019-01-08 18:54:13 - [MESSAGE][PASSED] - Delayed 2 second(s)

2019-01-08 18:54:13 - [TEST_STEP][PASSED] - click: Object: 'Object Repository/Final Object Repo/New Registration - Registration Module Pages/Form 2/DatePicker Pop Up' is clicked on

2019-01-08 18:54:14 - [MESSAGE][PASSED] - Object: 'Object Repository/Final Object Repo/New Registration - Registration Module Pages/Form 2/DatePicker Pop Up' is clicked on

2019-01-08 18:54:14 - [TEST_STEP][PASSED] - delay: Delayed 2 second(s)

2019-01-08 18:54:16 - [MESSAGE][PASSED] - Delayed 2 second(s)

2019-01-08 18:54:16 - [TEST_STEP][PASSED] - click: Object: 'Object Repository/Final Object Repo/New Registration - Registration Module Pages/Form 2/DOB Month' is clicked on

2019-01-08 18:54:16 - [MESSAGE][PASSED] - Object: 'Object Repository/Final Object Repo/New Registration - Registration Module Pages/Form 2/DOB Month' is clicked on

2019-01-08 18:54:16 - [TEST_STEP][PASSED] - Statement - selectMonth = com.kms.katalon.core.webui.keyword.WebUiBuiltInKeywords.modifyObjectProperty(selectMonth, "xpath", "equals", "//body/div/div/div/select/option[@value="" + CurrentMonth + ""]", true): Modify property of object successfully

2019-01-08 18:54:16 - [MESSAGE][PASSED] - Modify property of object successfully

2019-01-08 18:54:16 - [TEST_STEP][PASSED] - click: Object: '' is clicked on

2019-01-08 18:54:16 - [MESSAGE][PASSED] - Object: '' is clicked on

2019-01-08 18:54:16 - [TEST_STEP][PASSED] - click: Object: 'Object Repository/Final Object Repo/New Registration - Registration Module Pages/Form 2/DOB Year' is clicked on

2019-01-08 18:54:16 - [MESSAGE][PASSED] - Object: 'Object Repository/Final Object Repo/New Registration - Registration Module Pages/Form 2/DOB Year' is clicked on

2019-01-08 18:54:16 - [TEST_STEP][PASSED] - Statement - selectYear = com.kms.katalon.core.webui.keyword.WebUiBuiltInKeywords.modifyObjectProperty(selectYear, "xpath", "equals", "//div/div/div/select/option[@value="" + EighteenYrsBefore + ""]", true): Modify property of object successfully

2019-01-08 18:54:16 - [MESSAGE][PASSED] - Modify property of object successfully

2019-01-08 18:54:16 - [TEST_STEP][PASSED] - click: Object: '' is clicked on

2019-01-08 18:54:16 - [MESSAGE][PASSED] - Object: '' is clicked on

2019-01-08 18:54:16 - [TEST_STEP][PASSED] - Statement - UpdatedSelectDate = com.kms.katalon.core.webui.keyword.WebUiBuiltInKeywords.modifyObjectProperty(com.kms.katalon.core.testobject.ObjectRepository.findTestObject(Final Object Repo/New Registration - Registration Module Pages/Form 2/DOB Date), "xpath", "equals", "//body/div/table/tbody/tr/td/a[text()="" + OneDayBefore + ""]", true): Modify property of object successfully

2019-01-08 18:54:16 - [MESSAGE][PASSED] - Modify property of object successfully

2019-01-08 18:54:16 - [TEST_STEP][PASSED] - click: Object: 'Object Repository/Final Object Repo/New Registration - Registration Module Pages/Form 2/DOB Date' is clicked on

2019-01-08 18:54:16 - [MESSAGE][PASSED] - Object: 'Object Repository/Final Object Repo/New Registration - Registration Module Pages/Form 2/DOB Date' is clicked on

2019-01-08 18:54:16 - [TEST_STEP][PASSED] - delay: Delayed 2 second(s)

2019-01-08 18:54:18 - [MESSAGE][PASSED] - Delayed 2 second(s)

2019-01-08 18:54:18 - [TEST_STEP][PASSED] - click: Object: 'Object Repository/Final Object Repo/New Registration - Registration Module Pages/Form 2/EmploymentStartDate Pop Up' is clicked on

2019-01-08 18:54:18 - [MESSAGE][PASSED] - Object: 'Object Repository/Final Object Repo/New Registration - Registration Module Pages/Form 2/EmploymentStartDate Pop Up' is clicked on

2019-01-08 18:54:18 - [TEST_STEP][PASSED] - delay: Delayed 2 second(s)

2019-01-08 18:54:20 - [MESSAGE][PASSED] - Delayed 2 second(s)

2019-01-08 18:54:20 - [TEST_STEP][PASSED] - click: Object: 'Object Repository/Final Object Repo/New Registration - Registration Module Pages/Form 2/Socso Employment StartDate Month' is clicked on

2019-01-08 18:54:21 - [MESSAGE][PASSED] - Object: 'Object Repository/Final Object Repo/New Registration - Registration Module Pages/Form 2/Socso Employment StartDate Month' is clicked on

2019-01-08 18:54:21 - [TEST_STEP][PASSED] - delay: Delayed 1 second(s)

2019-01-08 18:54:22 - [MESSAGE][PASSED] - Delayed 1 second(s)

2019-01-08 18:54:22 - [TEST_STEP][PASSED] - click: Object: 'Object Repository/Final Object Repo/New Registration - Registration Module Pages/Form 2/Select Socso Employement Startdate Month' is clicked on

2019-01-08 18:54:22 - [MESSAGE][PASSED] - Object: 'Object Repository/Final Object Repo/New Registration - Registration Module Pages/Form 2/Select Socso Employement Startdate Month' is clicked on

2019-01-08 18:54:22 - [TEST_STEP][PASSED] - delay: Delayed 2 second(s)

2019-01-08 18:54:24 - [MESSAGE][PASSED] - Delayed 2 second(s)

2019-01-08 18:54:24 - [TEST_STEP][PASSED] - click: Object: 'Object Repository/Final Object Repo/New Registration - Registration Module Pages/Form 2/Socso Employment StartDate Year' is clicked on

2019-01-08 18:54:24 - [MESSAGE][PASSED] - Object: 'Object Repository/Final Object Repo/New Registration - Registration Module Pages/Form 2/Socso Employment StartDate Year' is clicked on

2019-01-08 18:54:24 - [TEST_STEP][PASSED] - delay: Delayed 1 second(s)

2019-01-08 18:54:25 - [MESSAGE][PASSED] - Delayed 1 second(s)

2019-01-08 18:54:25 - [TEST_STEP][PASSED] - click: Object: 'Object Repository/Final Object Repo/New Registration - Registration Module Pages/Form 2/Select Socso Employment Startdate Year' is clicked on

2019-01-08 18:54:25 - [MESSAGE][PASSED] - Object: 'Object Repository/Final Object Repo/New Registration - Registration Module Pages/Form 2/Select Socso Employment Startdate Year' is clicked on

2019-01-08 18:54:25 - [TEST_STEP][PASSED] - delay: Delayed 2 second(s)

2019-01-08 18:54:27 - [MESSAGE][PASSED] - Delayed 2 second(s)

2019-01-08 18:54:27 - [TEST_STEP][PASSED] - click: Object: 'Object Repository/Final Object Repo/New Registration - Registration Module Pages/Form 2/Socso Employment Start Date Day' is clicked on

2019-01-08 18:54:27 - [MESSAGE][PASSED] - Object: 'Object Repository/Final Object Repo/New Registration - Registration Module Pages/Form 2/Socso Employment Start Date Day' is clicked on

2019-01-08 18:54:27 - [TEST_STEP][PASSED] - delay: Delayed 2 second(s)

2019-01-08 18:54:29 - [MESSAGE][PASSED] - Delayed 2 second(s)

2019-01-08 18:54:29 - [TEST_STEP][PASSED] - click: Object: 'Object Repository/Final Object Repo/New Registration - Registration Module Pages/Form 2/Save Button for Add Employee' is clicked on

2019-01-08 18:54:29 - [MESSAGE][PASSED] - Object: 'Object Repository/Final Object Repo/New Registration - Registration Module Pages/Form 2/Save Button for Add Employee' is clicked on

2019-01-08 18:54:29 - [TEST_STEP][PASSED] - delay: Delayed 6 second(s)

2019-01-08 18:54:35 - [MESSAGE][PASSED] - Delayed 6 second(s)

2019-01-08 18:54:35 - [TEST_STEP][PASSED] - click: Object: 'Object Repository/Final Object Repo/New Registration - Registration Module Pages/Form 2/Add Employee Button' is clicked on

2019-01-08 18:54:36 - [MESSAGE][PASSED] - Object: 'Object Repository/Final Object Repo/New Registration - Registration Module Pages/Form 2/Add Employee Button' is clicked on

2019-01-08 18:54:36 - [TEST_STEP][PASSED] - delay: Delayed 4 second(s)

2019-01-08 18:54:40 - [MESSAGE][PASSED] - Delayed 4 second(s)

2019-01-08 18:54:40 - [TEST_STEP][PASSED] - setText: Text '600203039154' is set on object 'Object Repository/Final Object Repo/New Registration - Registration Module Pages/Form 2/NRIC Input'

2019-01-08 18:54:40 - [MESSAGE][PASSED] - Text '600203039154' is set on object 'Object Repository/Final Object Repo/New Registration - Registration Module Pages/Form 2/NRIC Input'

2019-01-08 18:54:40 - [TEST_STEP][PASSED] - click: Object: 'Object Repository/Final Object Repo/New Registration - Registration Module Pages/Form 2/button for search for IC' is clicked on

2019-01-08 18:54:40 - [MESSAGE][PASSED] - Object: 'Object Repository/Final Object Repo/New Registration - Registration Module Pages/Form 2/button for search for IC' is clicked on

2019-01-08 18:54:40 - [TEST_STEP][PASSED] - delay: Delayed 2 second(s)

2019-01-08 18:54:42 - [MESSAGE][PASSED] - Delayed 2 second(s)

2019-01-08 18:54:42 - [TEST_STEP][PASSED] - setText: Text 'Automate001 not eligible 2' is set on object 'Object Repository/Final Object Repo/New Registration - Registration Module Pages/Form 2/Employee Name Input'

2019-01-08 18:54:43 - [MESSAGE][PASSED] - Text 'Automate001 not eligible 2' is set on object 'Object Repository/Final Object Repo/New Registration - Registration Module Pages/Form 2/Employee Name Input'

2019-01-08 18:54:43 - [TEST_STEP][PASSED] - delay: Delayed 2 second(s)

2019-01-08 18:54:45 - [MESSAGE][PASSED] - Delayed 2 second(s)

2019-01-08 18:54:45 - [TEST_STEP][PASSED] - click: Object: 'Object Repository/Final Object Repo/New Registration - Registration Module Pages/Form 2/DatePicker Pop Up' is clicked on

2019-01-08 18:54:45 - [MESSAGE][PASSED] - Object: 'Object Repository/Final Object Repo/New Registration - Registration Module Pages/Form 2/DatePicker Pop Up' is clicked on

2019-01-08 18:54:45 - [TEST_STEP][PASSED] - delay: Delayed 2 second(s)

2019-01-08 18:54:47 - [MESSAGE][PASSED] - Delayed 2 second(s)

2019-01-08 18:54:47 - [TEST_STEP][PASSED] - click: Object: 'Object Repository/Final Object Repo/New Registration - Registration Module Pages/Form 2/DOB Month' is clicked on

2019-01-08 18:54:47 - [MESSAGE][PASSED] - Object: 'Object Repository/Final Object Repo/New Registration - Registration Module Pages/Form 2/DOB Month' is clicked on

2019-01-08 18:54:47 - [TEST_STEP][PASSED] - Statement - selectMonth = com.kms.katalon.core.webui.keyword.WebUiBuiltInKeywords.modifyObjectProperty(selectMonth, "xpath", "equals", "//body/div/div/div/select/option[@value="" + CurrentMonth + ""]", true): Modify property of object successfully

2019-01-08 18:54:47 - [MESSAGE][PASSED] - Modify property of object successfully

2019-01-08 18:54:47 - [TEST_STEP][PASSED] - click: Object: '' is clicked on

2019-01-08 18:54:47 - [MESSAGE][PASSED] - Object: '' is clicked on

2019-01-08 18:54:47 - [TEST_STEP][PASSED] - click: Object: 'Object Repository/Final Object Repo/New Registration - Registration Module Pages/Form 2/DOB Year' is clicked on

2019-01-08 18:54:47 - [MESSAGE][PASSED] - Object: 'Object Repository/Final Object Repo/New Registration - Registration Module Pages/Form 2/DOB Year' is clicked on

2019-01-08 18:54:47 - [TEST_STEP][PASSED] - Statement - selectYear = com.kms.katalon.core.webui.keyword.WebUiBuiltInKeywords.modifyObjectProperty(selectYear, "xpath", "equals", "//div/div/div/select/option[@value="" + FiftysevenYrsBefore + ""]", true): Modify property of object successfully

2019-01-08 18:54:47 - [MESSAGE][PASSED] - Modify property of object successfully

2019-01-08 18:54:47 - [TEST_STEP][PASSED] - click: Object: '' is clicked on

2019-01-08 18:54:47 - [MESSAGE][PASSED] - Object: '' is clicked on

2019-01-08 18:54:47 - [TEST_STEP][PASSED] - Statement - UpdatedSelectDate = com.kms.katalon.core.webui.keyword.WebUiBuiltInKeywords.modifyObjectProperty(com.kms.katalon.core.testobject.ObjectRepository.findTestObject(Final Object Repo/New Registration - Registration Module Pages/Form 2/DOB Date), "xpath", "equals", "//body/div/table/tbody/tr/td/a[text()="" + CurrentDate + ""]", true): Modify property of object successfully

2019-01-08 18:54:47 - [MESSAGE][PASSED] - Modify property of object successfully

2019-01-08 18:54:47 - [TEST_STEP][PASSED] - click: Object: 'Object Repository/Final Object Repo/New Registration - Registration Module Pages/Form 2/DOB Date' is clicked on

2019-01-08 18:54:48 - [MESSAGE][PASSED] - Object: 'Object Repository/Final Object Repo/New Registration - Registration Module Pages/Form 2/DOB Date' is clicked on

2019-01-08 18:54:48 - [TEST_STEP][PASSED] - click: Object: 'Object Repository/Final Object Repo/New Registration - Registration Module Pages/Form 2/EmploymentStartDate Pop Up' is clicked on

2019-01-08 18:54:48 - [MESSAGE][PASSED] - Object: 'Object Repository/Final Object Repo/New Registration - Registration Module Pages/Form 2/EmploymentStartDate Pop Up' is clicked on

2019-01-08 18:54:48 - [TEST_STEP][PASSED] - delay: Delayed 2 second(s)

2019-01-08 18:54:50 - [MESSAGE][PASSED] - Delayed 2 second(s)

2019-01-08 18:54:50 - [TEST_STEP][PASSED] - click: Object: 'Object Repository/Final Object Repo/New Registration - Registration Module Pages/Form 2/Socso Employment StartDate Month' is clicked on

2019-01-08 18:54:50 - [MESSAGE][PASSED] - Object: 'Object Repository/Final Object Repo/New Registration - Registration Module Pages/Form 2/Socso Employment StartDate Month' is clicked on

2019-01-08 18:54:50 - [TEST_STEP][PASSED] - delay: Delayed 1 second(s)

2019-01-08 18:54:51 - [MESSAGE][PASSED] - Delayed 1 second(s)

2019-01-08 18:54:51 - [TEST_STEP][PASSED] - click: Object: 'Object Repository/Final Object Repo/New Registration - Registration Module Pages/Form 2/Select Socso Employement Startdate Month' is clicked on

2019-01-08 18:54:51 - [MESSAGE][PASSED] - Object: 'Object Repository/Final Object Repo/New Registration - Registration Module Pages/Form 2/Select Socso Employement Startdate Month' is clicked on

2019-01-08 18:54:51 - [TEST_STEP][PASSED] - delay: Delayed 2 second(s)

2019-01-08 18:54:53 - [MESSAGE][PASSED] - Delayed 2 second(s)

2019-01-08 18:54:53 - [TEST_STEP][PASSED] - click: Object: 'Object Repository/Final Object Repo/New Registration - Registration Module Pages/Form 2/Socso Employment StartDate Year' is clicked on

2019-01-08 18:54:53 - [MESSAGE][PASSED] - Object: 'Object Repository/Final Object Repo/New Registration - Registration Module Pages/Form 2/Socso Employment StartDate Year' is clicked on

2019-01-08 18:54:53 - [TEST_STEP][PASSED] - delay: Delayed 1 second(s)

2019-01-08 18:54:54 - [MESSAGE][PASSED] - Delayed 1 second(s)

2019-01-08 18:54:54 - [TEST_STEP][PASSED] - click: Object: 'Object Repository/Final Object Repo/New Registration - Registration Module Pages/Form 2/Select Socso Employment Startdate Year' is clicked on

2019-01-08 18:54:54 - [MESSAGE][PASSED] - Object: 'Object Repository/Final Object Repo/New Registration - Registration Module Pages/Form 2/Select Socso Employment Startdate Year' is clicked on

2019-01-08 18:54:54 - [TEST_STEP][PASSED] - delay: Delayed 2 second(s)

2019-01-08 18:54:56 - [MESSAGE][PASSED] - Delayed 2 second(s)

2019-01-08 18:54:56 - [TEST_STEP][PASSED] - click: Object: 'Object Repository/Final Object Repo/New Registration - Registration Module Pages/Form 2/Socso Employment Start Date Day' is clicked on

2019-01-08 18:54:56 - [MESSAGE][PASSED] - Object: 'Object Repository/Final Object Repo/New Registration - Registration Module Pages/Form 2/Socso Employment Start Date Day' is clicked on

2019-01-08 18:54:56 - [TEST_STEP][PASSED] - delay: Delayed 2 second(s)

2019-01-08 18:54:58 - [MESSAGE][PASSED] - Delayed 2 second(s)

2019-01-08 18:54:58 - [TEST_STEP][PASSED] - click: Object: 'Object Repository/Final Object Repo/New Registration - Registration Module Pages/Form 2/Save Button for Add Employee' is clicked on

2019-01-08 18:54:59 - [MESSAGE][PASSED] - Object: 'Object Repository/Final Object Repo/New Registration - Registration Module Pages/Form 2/Save Button for Add Employee' is clicked on

2019-01-08 18:54:59 - [TEST_STEP][PASSED] - delay: Delayed 2 second(s)

2019-01-08 18:55:01 - [MESSAGE][PASSED] - Delayed 2 second(s)

2019-01-08 18:55:01 - [TEST_STEP][PASSED] - click: Object: 'Object Repository/Final Object Repo/New Registration - Registration Module Pages/Form 2/Save and Continue Form 2' is clicked on

2019-01-08 18:55:01 - [MESSAGE][PASSED] - Object: 'Object Repository/Final Object Repo/New Registration - Registration Module Pages/Form 2/Save and Continue Form 2' is clicked on

2019-01-08 18:55:01 - [MESSAGE][PASSED] - Call Test Case 'Test Cases/Final Aug 2018 - PKS Automation/Registration Module/New Registration/Form 2/Add 2 Eligible 2 Not Eligible' successfully

2019-01-08 18:55:01 - [TEST_STEP][PASSED] - callTestCase: Call Test Case 'Test Cases/Final Aug 2018 - PKS Automation/Registration Module/New Registration/Flow of New Registration/Third Screen - Upload Supporting Doc - Preview' successfully

2019-01-08 18:55:01 - [TEST_CASE][PASSED] - Test Cases/Final Aug 2018 - PKS Automation/Registration Module/New Registration/Flow of New Registration/Third Screen - Upload Supporting Doc - Preview: Test Cases/Final Aug 2018 - PKS Automation/Registration Module/New Registration/Flow of New Registration/Third Screen - Upload Supporting Doc - Preview

2019-01-08 18:55:01 - [TEST_STEP][PASSED] - waitForPageLoad: Wait for page load successfully

2019-01-08 18:55:02 - [MESSAGE][PASSED] - Wait for page load successfully

2019-01-08 18:55:02 - [TEST_STEP][PASSED] - Statement - CaseReferenceNo = com.kms.katalon.core.webui.keyword.WebUiBuiltInKeywords.getText(com.kms.katalon.core.testobject.ObjectRepository.findTestObject(Final Object Repo/New Registration - Registration Module Pages/Third Screen - Upload Supporting Doc- Preview/RefNo Acquiring)): Text of object 'Object Repository/Final Object Repo/New Registration - Registration Module Pages/Third Screen - Upload Supporting Doc- Preview/RefNo Acquiring' is: 'CRN01201900123653'

2019-01-08 18:55:02 - [MESSAGE][PASSED] - Text of object 'Object Repository/Final Object Repo/New Registration - Registration Module Pages/Third Screen - Upload Supporting Doc- Preview/RefNo Acquiring' is: 'CRN01201900123653'

2019-01-08 18:55:02 - [TEST_STEP][PASSED] - delay: Delayed 2 second(s)

2019-01-08 18:55:04 - [MESSAGE][PASSED] - Delayed 2 second(s)

2019-01-08 18:55:04 - [TEST_STEP][PASSED] - callTestCase: Call Test Case 'Test Cases/Final Aug 2018 - PKS Automation/Common/Reference Number Setter' successfully

2019-01-08 18:55:04 - [TEST_CASE][PASSED] - Test Cases/Final Aug 2018 - PKS Automation/Common/Reference Number Setter: Test Cases/Final Aug 2018 - PKS Automation/Common/Reference Number Setter

2019-01-08 18:55:04 - [TEST_STEP][PASSED] - Statement - RefNoOldFile = new java.io.File(C://Users//Admin//Desktop//PKS//Automation Reference Point//KatalonReference.txt): null

2019-01-08 18:55:04 - [TEST_STEP][PASSED] - Statement - RefNoOldFile.delete(): null

2019-01-08 18:55:04 - [TEST_STEP][PASSED] - delay: Delayed 5 second(s)

2019-01-08 18:55:09 - [MESSAGE][PASSED] - Delayed 5 second(s)

2019-01-08 18:55:09 - [TEST_STEP][PASSED] - Statement - RefNo = new java.io.File(C://Users//Admin//Desktop//PKS//Automation Reference Point//KatalonReference.txt): null

2019-01-08 18:55:09 - [TEST_STEP][PASSED] - Statement - f2 = new java.io.FileWriter(RefNo, false): null

2019-01-08 18:55:09 - [TEST_STEP][PASSED] - Statement - f2.write(CaseReferenceNo): null

2019-01-08 18:55:09 - [TEST_STEP][PASSED] - Statement - f2.close(): null

2019-01-08 18:55:09 - [TEST_STEP][PASSED] - Statement - out.println("


" + CaseReferenceNo + "


"): null

2019-01-08 18:55:09 - [MESSAGE][PASSED] - Call Test Case 'Test Cases/Final Aug 2018 - PKS Automation/Common/Reference Number Setter' successfully

2019-01-08 18:55:09 - [TEST_STEP][PASSED] - waitForElementClickable: Object 'Object Repository/Final Object Repo/New Registration - Registration Module Pages/Third Screen - Upload Supporting Doc- Preview/Save n Continue in SIP Employee Listing Page' is clickable

2019-01-08 18:55:09 - [MESSAGE][PASSED] - Object 'Object Repository/Final Object Repo/New Registration - Registration Module Pages/Third Screen - Upload Supporting Doc- Preview/Save n Continue in SIP Employee Listing Page' is clickable

2019-01-08 18:55:09 - [TEST_STEP][PASSED] - click: Object: 'Object Repository/Final Object Repo/New Registration - Registration Module Pages/Third Screen - Upload Supporting Doc- Preview/Save n Continue in SIP Employee Listing Page' is clicked on

2019-01-08 18:55:14 - [MESSAGE][PASSED] - Object: 'Object Repository/Final Object Repo/New Registration - Registration Module Pages/Third Screen - Upload Supporting Doc- Preview/Save n Continue in SIP Employee Listing Page' is clicked on

2019-01-08 18:55:14 - [TEST_STEP][PASSED] - delay: Delayed 7 second(s)

2019-01-08 18:55:21 - [MESSAGE][PASSED] - Delayed 7 second(s)

2019-01-08 18:55:21 - [TEST_STEP][PASSED] - click: Object: 'Object Repository/Final Object Repo/New Registration - Registration Module Pages/Third Screen - Upload Supporting Doc- Preview/Add Document Button' is clicked on

2019-01-08 18:55:22 - [MESSAGE][PASSED] - Object: 'Object Repository/Final Object Repo/New Registration - Registration Module Pages/Third Screen - Upload Supporting Doc- Preview/Add Document Button' is clicked on

2019-01-08 18:55:22 - [TEST_STEP][PASSED] - delay: Delayed 30 second(s)

2019-01-08 18:55:52 - [MESSAGE][PASSED] - Delayed 30 second(s)

2019-01-08 18:55:52 - [TEST_STEP][PASSED] - click: Object: 'Object Repository/Final Object Repo/New Registration - Registration Module Pages/Third Screen - Upload Supporting Doc- Preview/Supporting Doc Please Select Drop Down' is clicked on

2019-01-08 18:55:52 - [MESSAGE][PASSED] - Object: 'Object Repository/Final Object Repo/New Registration - Registration Module Pages/Third Screen - Upload Supporting Doc- Preview/Supporting Doc Please Select Drop Down' is clicked on

2019-01-08 18:55:52 - [TEST_STEP][PASSED] - delay: Delayed 2 second(s)

2019-01-08 18:55:54 - [MESSAGE][PASSED] - Delayed 2 second(s)

2019-01-08 18:55:54 - [TEST_STEP][PASSED] - click: Object: 'Object Repository/Final Object Repo/New Registration - Registration Module Pages/Third Screen - Upload Supporting Doc- Preview/Select to Upload Form 1' is clicked on

2019-01-08 18:55:54 - [MESSAGE][PASSED] - Object: 'Object Repository/Final Object Repo/New Registration - Registration Module Pages/Third Screen - Upload Supporting Doc- Preview/Select to Upload Form 1' is clicked on

2019-01-08 18:55:54 - [TEST_STEP][PASSED] - delay: Delayed 2 second(s)

2019-01-08 18:55:56 - [MESSAGE][PASSED] - Delayed 2 second(s)

2019-01-08 18:55:56 - [TEST_STEP][PASSED] - uploadFile: File 'C:\Users\Public\Pictures\Sample Pictures\Koala.jpg' sent to object: 'Object Repository/Final Object Repo/New Registration - Registration Module Pages/Third Screen - Upload Supporting Doc- Preview/Upload File Adding'

2019-01-08 18:55:56 - [MESSAGE][PASSED] - File 'C:\Users\Public\Pictures\Sample Pictures\Koala.jpg' sent to object: 'Object Repository/Final Object Repo/New Registration - Registration Module Pages/Third Screen - Upload Supporting Doc- Preview/Upload File Adding'

2019-01-08 18:55:56 - [TEST_STEP][PASSED] - delay: Delayed 5 second(s)

2019-01-08 18:56:01 - [MESSAGE][PASSED] - Delayed 5 second(s)

2019-01-08 18:56:01 - [TEST_STEP][PASSED] - click: Object: 'Object Repository/Final Object Repo/New Registration - Registration Module Pages/Third Screen - Upload Supporting Doc- Preview/Inner Form Add Document Button' is clicked on

2019-01-08 18:56:01 - [MESSAGE][PASSED] - Object: 'Object Repository/Final Object Repo/New Registration - Registration Module Pages/Third Screen - Upload Supporting Doc- Preview/Inner Form Add Document Button' is clicked on

2019-01-08 18:56:01 - [TEST_STEP][PASSED] - delay: Delayed 3 second(s)

2019-01-08 18:56:04 - [MESSAGE][PASSED] - Delayed 3 second(s)

2019-01-08 18:56:04 - [TEST_STEP][PASSED] - click: Object: 'Object Repository/Final Object Repo/New Registration - Registration Module Pages/Third Screen - Upload Supporting Doc- Preview/Add Document Button' is clicked on

2019-01-08 18:56:05 - [MESSAGE][PASSED] - Object: 'Object Repository/Final Object Repo/New Registration - Registration Module Pages/Third Screen - Upload Supporting Doc- Preview/Add Document Button' is clicked on

2019-01-08 18:56:05 - [TEST_STEP][PASSED] - delay: Delayed 30 second(s)

2019-01-08 18:56:35 - [MESSAGE][PASSED] - Delayed 30 second(s)

2019-01-08 18:56:35 - [TEST_STEP][PASSED] - click: Object: 'Object Repository/Final Object Repo/New Registration - Registration Module Pages/Third Screen - Upload Supporting Doc- Preview/Supporting Doc Please Select Drop Down' is clicked on

2019-01-08 18:56:36 - [MESSAGE][PASSED] - Object: 'Object Repository/Final Object Repo/New Registration - Registration Module Pages/Third Screen - Upload Supporting Doc- Preview/Supporting Doc Please Select Drop Down' is clicked on

2019-01-08 18:56:36 - [TEST_STEP][PASSED] - delay: Delayed 4 second(s)

2019-01-08 18:56:40 - [MESSAGE][PASSED] - Delayed 4 second(s)

2019-01-08 18:56:40 - [TEST_STEP][PASSED] - click: Object: 'Object Repository/Final Object Repo/New Registration - Registration Module Pages/Third Screen - Upload Supporting Doc- Preview/Select to Upload Form 2' is clicked on

2019-01-08 18:56:40 - [MESSAGE][PASSED] - Object: 'Object Repository/Final Object Repo/New Registration - Registration Module Pages/Third Screen - Upload Supporting Doc- Preview/Select to Upload Form 2' is clicked on

2019-01-08 18:56:40 - [TEST_STEP][PASSED] - delay: Delayed 2 second(s)

2019-01-08 18:56:42 - [MESSAGE][PASSED] - Delayed 2 second(s)

2019-01-08 18:56:42 - [TEST_STEP][PASSED] - uploadFile: File 'C:\Users\Public\Pictures\Sample Pictures\Koala.jpg' sent to object: 'Object Repository/Final Object Repo/New Registration - Registration Module Pages/Third Screen - Upload Supporting Doc- Preview/Upload File Adding'

2019-01-08 18:56:42 - [MESSAGE][PASSED] - File 'C:\Users\Public\Pictures\Sample Pictures\Koala.jpg' sent to object: 'Object Repository/Final Object Repo/New Registration - Registration Module Pages/Third Screen - Upload Supporting Doc- Preview/Upload File Adding'

2019-01-08 18:56:42 - [TEST_STEP][PASSED] - click: Object: 'Object Repository/Final Object Repo/New Registration - Registration Module Pages/Third Screen - Upload Supporting Doc- Preview/Inner Form Add Document Button' is clicked on

2019-01-08 18:56:42 - [MESSAGE][PASSED] - Object: 'Object Repository/Final Object Repo/New Registration - Registration Module Pages/Third Screen - Upload Supporting Doc- Preview/Inner Form Add Document Button' is clicked on

2019-01-08 18:56:42 - [TEST_STEP][PASSED] - delay: Delayed 5 second(s)

2019-01-08 18:56:47 - [MESSAGE][PASSED] - Delayed 5 second(s)

2019-01-08 18:56:47 - [TEST_STEP][PASSED] - click: Object: 'Object Repository/Final Object Repo/New Registration - Registration Module Pages/Third Screen - Upload Supporting Doc- Preview/Add Document Button' is clicked on

2019-01-08 18:56:47 - [MESSAGE][PASSED] - Object: 'Object Repository/Final Object Repo/New Registration - Registration Module Pages/Third Screen - Upload Supporting Doc- Preview/Add Document Button' is clicked on

2019-01-08 18:56:47 - [TEST_STEP][PASSED] - delay: Delayed 30 second(s)

2019-01-08 18:57:17 - [MESSAGE][PASSED] - Delayed 30 second(s)

2019-01-08 18:57:17 - [TEST_STEP][PASSED] - click: Object: 'Object Repository/Final Object Repo/New Registration - Registration Module Pages/Third Screen - Upload Supporting Doc- Preview/Supporting Doc Please Select Drop Down' is clicked on

2019-01-08 18:57:18 - [MESSAGE][PASSED] - Object: 'Object Repository/Final Object Repo/New Registration - Registration Module Pages/Third Screen - Upload Supporting Doc- Preview/Supporting Doc Please Select Drop Down' is clicked on

2019-01-08 18:57:18 - [TEST_STEP][PASSED] - click: Object: 'Object Repository/Final Object Repo/New Registration - Registration Module Pages/Third Screen - Upload Supporting Doc- Preview/Select to Upload Borang SIP 1' is clicked on

2019-01-08 18:57:18 - [MESSAGE][PASSED] - Object: 'Object Repository/Final Object Repo/New Registration - Registration Module Pages/Third Screen - Upload Supporting Doc- Preview/Select to Upload Borang SIP 1' is clicked on

2019-01-08 18:57:18 - [TEST_STEP][PASSED] - delay: Delayed 2 second(s)

2019-01-08 18:57:20 - [MESSAGE][PASSED] - Delayed 2 second(s)

2019-01-08 18:57:20 - [TEST_STEP][PASSED] - uploadFile: File 'C:\Users\Public\Pictures\Sample Pictures\Koala.jpg' sent to object: 'Object Repository/Final Object Repo/New Registration - Registration Module Pages/Third Screen - Upload Supporting Doc- Preview/Upload File Adding'

2019-01-08 18:57:20 - [MESSAGE][PASSED] - File 'C:\Users\Public\Pictures\Sample Pictures\Koala.jpg' sent to object: 'Object Repository/Final Object Repo/New Registration - Registration Module Pages/Third Screen - Upload Supporting Doc- Preview/Upload File Adding'

2019-01-08 18:57:20 - [TEST_STEP][PASSED] - click: Object: 'Object Repository/Final Object Repo/New Registration - Registration Module Pages/Third Screen - Upload Supporting Doc- Preview/Inner Form Add Document Button' is clicked on

2019-01-08 18:57:20 - [MESSAGE][PASSED] - Object: 'Object Repository/Final Object Repo/New Registration - Registration Module Pages/Third Screen - Upload Supporting Doc- Preview/Inner Form Add Document Button' is clicked on

2019-01-08 18:57:20 - [TEST_STEP][PASSED] - delay: Delayed 5 second(s)

2019-01-08 18:57:25 - [MESSAGE][PASSED] - Delayed 5 second(s)

2019-01-08 18:57:25 - [TEST_STEP][PASSED] - click: Object: 'Object Repository/Final Object Repo/New Registration - Registration Module Pages/Third Screen - Upload Supporting Doc- Preview/Add Document Button' is clicked on

2019-01-08 18:57:25 - [MESSAGE][PASSED] - Object: 'Object Repository/Final Object Repo/New Registration - Registration Module Pages/Third Screen - Upload Supporting Doc- Preview/Add Document Button' is clicked on

2019-01-08 18:57:25 - [TEST_STEP][PASSED] - delay: Delayed 30 second(s)

2019-01-08 18:57:55 - [MESSAGE][PASSED] - Delayed 30 second(s)

2019-01-08 18:57:55 - [TEST_STEP][PASSED] - click: Object: 'Object Repository/Final Object Repo/New Registration - Registration Module Pages/Third Screen - Upload Supporting Doc- Preview/Supporting Doc Please Select Drop Down' is clicked on

2019-01-08 18:57:55 - [MESSAGE][PASSED] - Object: 'Object Repository/Final Object Repo/New Registration - Registration Module Pages/Third Screen - Upload Supporting Doc- Preview/Supporting Doc Please Select Drop Down' is clicked on

2019-01-08 18:57:55 - [TEST_STEP][PASSED] - delay: Delayed 3 second(s)

2019-01-08 18:57:58 - [MESSAGE][PASSED] - Delayed 3 second(s)

2019-01-08 18:57:58 - [TEST_STEP][PASSED] - click: Object: 'Object Repository/Final Object Repo/New Registration - Registration Module Pages/Third Screen - Upload Supporting Doc- Preview/Select to Upload Borang SIP 2' is clicked on

2019-01-08 18:57:59 - [MESSAGE][PASSED] - Object: 'Object Repository/Final Object Repo/New Registration - Registration Module Pages/Third Screen - Upload Supporting Doc- Preview/Select to Upload Borang SIP 2' is clicked on

2019-01-08 18:57:59 - [TEST_STEP][PASSED] - delay: Delayed 2 second(s)

2019-01-08 18:58:01 - [MESSAGE][PASSED] - Delayed 2 second(s)

2019-01-08 18:58:01 - [TEST_STEP][PASSED] - uploadFile: File 'C:\Users\Public\Pictures\Sample Pictures\Koala.jpg' sent to object: 'Object Repository/Final Object Repo/New Registration - Registration Module Pages/Third Screen - Upload Supporting Doc- Preview/Upload File Adding'

2019-01-08 18:58:01 - [MESSAGE][PASSED] - File 'C:\Users\Public\Pictures\Sample Pictures\Koala.jpg' sent to object: 'Object Repository/Final Object Repo/New Registration - Registration Module Pages/Third Screen - Upload Supporting Doc- Preview/Upload File Adding'

2019-01-08 18:58:01 - [TEST_STEP][PASSED] - delay: Delayed 5 second(s)

2019-01-08 18:58:06 - [MESSAGE][PASSED] - Delayed 5 second(s)

2019-01-08 18:58:06 - [TEST_STEP][PASSED] - click: Object: 'Object Repository/Final Object Repo/New Registration - Registration Module Pages/Third Screen - Upload Supporting Doc- Preview/Inner Form Add Document Button' is clicked on

2019-01-08 18:58:06 - [MESSAGE][PASSED] - Object: 'Object Repository/Final Object Repo/New Registration - Registration Module Pages/Third Screen - Upload Supporting Doc- Preview/Inner Form Add Document Button' is clicked on

2019-01-08 18:58:06 - [TEST_STEP][PASSED] - delay: Delayed 3 second(s)

2019-01-08 18:58:09 - [MESSAGE][PASSED] - Delayed 3 second(s)

2019-01-08 18:58:09 - [TEST_STEP][PASSED] - waitForElementClickable: Object 'Object Repository/Final Object Repo/New Registration - Registration Module Pages/Third Screen - Upload Supporting Doc- Preview/Save n Continue in Uploading Supporting Doc Page' is clickable

2019-01-08 18:58:10 - [MESSAGE][PASSED] - Object 'Object Repository/Final Object Repo/New Registration - Registration Module Pages/Third Screen - Upload Supporting Doc- Preview/Save n Continue in Uploading Supporting Doc Page' is clickable

2019-01-08 18:58:10 - [TEST_STEP][PASSED] - click: Object: 'Object Repository/Final Object Repo/New Registration - Registration Module Pages/Third Screen - Upload Supporting Doc- Preview/Save n Continue in Uploading Supporting Doc Page' is clicked on

2019-01-08 18:58:10 - [MESSAGE][PASSED] - Object: 'Object Repository/Final Object Repo/New Registration - Registration Module Pages/Third Screen - Upload Supporting Doc- Preview/Save n Continue in Uploading Supporting Doc Page' is clicked on

2019-01-08 18:58:10 - [MESSAGE][PASSED] - Call Test Case 'Test Cases/Final Aug 2018 - PKS Automation/Registration Module/New Registration/Flow of New Registration/Third Screen - Upload Supporting Doc - Preview' successfully

2019-01-08 18:58:10 - [TEST_STEP][PASSED] - callTestCase: Call Test Case 'Test Cases/Final Aug 2018 - PKS Automation/Registration Module/New Registration/Submit and Screenshot/Submit Registration and Screenshot' successfully

2019-01-08 18:58:11 - [TEST_CASE][PASSED] - Test Cases/Final Aug 2018 - PKS Automation/Registration Module/New Registration/Submit and Screenshot/Submit Registration and Screenshot: Test Cases/Final Aug 2018 - PKS Automation/Registration Module/New Registration/Submit and Screenshot/Submit Registration and Screenshot

2019-01-08 18:58:11 - [TEST_STEP][PASSED] - delay: Delayed 6 second(s)

2019-01-08 18:58:17 - [MESSAGE][PASSED] - Delayed 6 second(s)

2019-01-08 18:58:17 - [TEST_STEP][PASSED] - click: Object: 'Object Repository/Final Object Repo/New Registration - Registration Module Pages/Third Screen - Upload Supporting Doc- Preview/Preview Submit Button' is clicked on

2019-01-08 18:58:17 - [MESSAGE][PASSED] - Object: 'Object Repository/Final Object Repo/New Registration - Registration Module Pages/Third Screen - Upload Supporting Doc- Preview/Preview Submit Button' is clicked on

2019-01-08 18:58:17 - [TEST_STEP][PASSED] - delay: Delayed 2 second(s)

2019-01-08 18:58:19 - [MESSAGE][PASSED] - Delayed 2 second(s)

2019-01-08 18:58:19 - [TEST_STEP][PASSED] - click: Object: 'Object Repository/Final Object Repo/New Registration - Registration Module Pages/Third Screen - Upload Supporting Doc- Preview/Preview Submit - Confirm' is clicked on

2019-01-08 18:58:19 - [MESSAGE][PASSED] - Object: 'Object Repository/Final Object Repo/New Registration - Registration Module Pages/Third Screen - Upload Supporting Doc- Preview/Preview Submit - Confirm' is clicked on

2019-01-08 18:58:19 - [TEST_STEP][PASSED] - delay: Delayed 15 second(s)

2019-01-08 18:58:34 - [MESSAGE][PASSED] - Delayed 15 second(s)

2019-01-08 18:58:34 - [TEST_STEP][PASSED] - Statement - driver = com.kms.katalon.core.webui.driver.DriverFactory.getWebDriver(): null

2019-01-08 18:58:34 - [TEST_STEP][PASSED] - Statement - driver.manage().timeouts().implicitlyWait(10, SECONDS): null

2019-01-08 18:58:34 - [TEST_STEP][PASSED] - Statement - PresavePath = KatalonScreenshots: null

2019-01-08 18:58:34 - [TEST_STEP][PASSED] - Statement - pathPrefix = "C:\Users\Public\Pictures\Sample Pictures\Katalon Screenshots\Automate Ending Screen": null

2019-01-08 18:58:34 - [TEST_STEP][PASSED] - Statement - finalPath = <not implemented yet for class: org.codehaus.groovy.ast.expr.EmptyExpression>: null

2019-01-08 18:58:34 - [TEST_STEP][PASSED] - Statement - scrFile = driver.getScreenshotAs(FILE): null

2019-01-08 18:58:35 - [TEST_STEP][PASSED] - Statement - PreSaveFile = new java.io.File(PresavePath): null

2019-01-08 18:58:35 - [TEST_STEP][PASSED] - Statement - counter = 0: null

2019-01-08 18:58:35 - [TEST_STEP][PASSED] - Statement - If (PreSaveFile.exists()): null

2019-01-08 18:58:35 - [TEST_STEP][PASSED] - Statement - While (PreSaveFile.exists()): null

2019-01-08 18:58:35 - [TEST_STEP][PASSED] - Statement - counter = counter + 1: null

2019-01-08 18:58:35 - [TEST_STEP][PASSED] - Statement - PreSaveFile = new java.io.File(((pathPrefix + java.lang.Integer.toString(counter)) + .png)): null

2019-01-08 18:58:35 - [TEST_STEP][PASSED] - Statement - counter = counter + 1: null

2019-01-08 18:58:35 - [TEST_STEP][PASSED] - Statement - PreSaveFile = new java.io.File(((pathPrefix + java.lang.Integer.toString(counter)) + .png)): null

2019-01-08 18:58:35 - [TEST_STEP][PASSED] - Statement - counter = counter + 1: null

2019-01-08 18:58:35 - [TEST_STEP][PASSED] - Statement - PreSaveFile = new java.io.File(((pathPrefix + java.lang.Integer.toString(counter)) + .png)): null

2019-01-08 18:58:35 - [TEST_STEP][PASSED] - Statement - counter = counter + 1: null

2019-01-08 18:58:35 - [TEST_STEP][PASSED] - Statement - PreSaveFile = new java.io.File(((pathPrefix + java.lang.Integer.toString(counter)) + .png)): null

2019-01-08 18:58:35 - [TEST_STEP][PASSED] - Statement - counter = counter + 1: null

2019-01-08 18:58:35 - [TEST_STEP][PASSED] - Statement - PreSaveFile = new java.io.File(((pathPrefix + java.lang.Integer.toString(counter)) + .png)): null

2019-01-08 18:58:35 - [TEST_STEP][PASSED] - Statement - counter = counter + 1: null

2019-01-08 18:58:35 - [TEST_STEP][PASSED] - Statement - PreSaveFile = new java.io.File(((pathPrefix + java.lang.Integer.toString(counter)) + .png)): null

2019-01-08 18:58:35 - [TEST_STEP][PASSED] - Statement - counter = counter + 1: null

2019-01-08 18:58:35 - [TEST_STEP][PASSED] - Statement - PreSaveFile = new java.io.File(((pathPrefix + java.lang.Integer.toString(counter)) + .png)): null

2019-01-08 18:58:35 - [TEST_STEP][PASSED] - Statement - counter = counter + 1: null

2019-01-08 18:58:35 - [TEST_STEP][PASSED] - Statement - PreSaveFile = new java.io.File(((pathPrefix + java.lang.Integer.toString(counter)) + .png)): null

2019-01-08 18:58:35 - [TEST_STEP][PASSED] - Statement - counter = counter + 1: null

2019-01-08 18:58:35 - [TEST_STEP][PASSED] - Statement - PreSaveFile = new java.io.File(((pathPrefix + java.lang.Integer.toString(counter)) + .png)): null

2019-01-08 18:58:35 - [TEST_STEP][PASSED] - Statement - counter = counter + 1: null

2019-01-08 18:58:35 - [TEST_STEP][PASSED] - Statement - PreSaveFile = new java.io.File(((pathPrefix + java.lang.Integer.toString(counter)) + .png)): null

2019-01-08 18:58:35 - [TEST_STEP][PASSED] - Statement - counter = counter + 1: null

2019-01-08 18:58:35 - [TEST_STEP][PASSED] - Statement - PreSaveFile = new java.io.File(((pathPrefix + java.lang.Integer.toString(counter)) + .png)): null

2019-01-08 18:58:35 - [TEST_STEP][PASSED] - Statement - counter = counter + 1: null

2019-01-08 18:58:35 - [TEST_STEP][PASSED] - Statement - PreSaveFile = new java.io.File(((pathPrefix + java.lang.Integer.toString(counter)) + .png)): null

2019-01-08 18:58:35 - [TEST_STEP][PASSED] - Statement - counter = counter + 1: null

2019-01-08 18:58:35 - [TEST_STEP][PASSED] - Statement - PreSaveFile = new java.io.File(((pathPrefix + java.lang.Integer.toString(counter)) + .png)): null

2019-01-08 18:58:35 - [TEST_STEP][PASSED] - Statement - counter = counter + 1: null

2019-01-08 18:58:35 - [TEST_STEP][PASSED] - Statement - PreSaveFile = new java.io.File(((pathPrefix + java.lang.Integer.toString(counter)) + .png)): null

2019-01-08 18:58:35 - [TEST_STEP][PASSED] - Statement - counter = counter + 1: null

2019-01-08 18:58:35 - [TEST_STEP][PASSED] - Statement - PreSaveFile = new java.io.File(((pathPrefix + java.lang.Integer.toString(counter)) + .png)): null

2019-01-08 18:58:35 - [TEST_STEP][PASSED] - Statement - counter = counter + 1: null

2019-01-08 18:58:35 - [TEST_STEP][PASSED] - Statement - PreSaveFile = new java.io.File(((pathPrefix + java.lang.Integer.toString(counter)) + .png)): null

2019-01-08 18:58:35 - [TEST_STEP][PASSED] - Statement - counter = counter + 1: null

2019-01-08 18:58:35 - [TEST_STEP][PASSED] - Statement - PreSaveFile = new java.io.File(((pathPrefix + java.lang.Integer.toString(counter)) + .png)): null

2019-01-08 18:58:35 - [TEST_STEP][PASSED] - Statement - counter = counter + 1: null

2019-01-08 18:58:35 - [TEST_STEP][PASSED] - Statement - PreSaveFile = new java.io.File(((pathPrefix + java.lang.Integer.toString(counter)) + .png)): null

2019-01-08 18:58:35 - [TEST_STEP][PASSED] - Statement - counter = counter + 1: null

2019-01-08 18:58:35 - [TEST_STEP][PASSED] - Statement - PreSaveFile = new java.io.File(((pathPrefix + java.lang.Integer.toString(counter)) + .png)): null

2019-01-08 18:58:35 - [TEST_STEP][PASSED] - Statement - counter = counter + 1: null

2019-01-08 18:58:35 - [TEST_STEP][PASSED] - Statement - PreSaveFile = new java.io.File(((pathPrefix + java.lang.Integer.toString(counter)) + .png)): null

2019-01-08 18:58:35 - [TEST_STEP][PASSED] - Statement - counter = counter + 1: null

2019-01-08 18:58:35 - [TEST_STEP][PASSED] - Statement - PreSaveFile = new java.io.File(((pathPrefix + java.lang.Integer.toString(counter)) + .png)): null

2019-01-08 18:58:35 - [TEST_STEP][PASSED] - Statement - counter = counter + 1: null

2019-01-08 18:58:35 - [TEST_STEP][PASSED] - Statement - PreSaveFile = new java.io.File(((pathPrefix + java.lang.Integer.toString(counter)) + .png)): null

2019-01-08 18:58:35 - [TEST_STEP][PASSED] - Statement - counter = counter + 1: null

2019-01-08 18:58:35 - [TEST_STEP][PASSED] - Statement - PreSaveFile = new java.io.File(((pathPrefix + java.lang.Integer.toString(counter)) + .png)): null

2019-01-08 18:58:35 - [TEST_STEP][PASSED] - Statement - counter = counter + 1: null

2019-01-08 18:58:35 - [TEST_STEP][PASSED] - Statement - PreSaveFile = new java.io.File(((pathPrefix + java.lang.Integer.toString(counter)) + .png)): null

2019-01-08 18:58:35 - [TEST_STEP][PASSED] - Statement - counter = counter + 1: null

2019-01-08 18:58:35 - [TEST_STEP][PASSED] - Statement - PreSaveFile = new java.io.File(((pathPrefix + java.lang.Integer.toString(counter)) + .png)): null

2019-01-08 18:58:35 - [TEST_STEP][PASSED] - Statement - counter = counter + 1: null

2019-01-08 18:58:35 - [TEST_STEP][PASSED] - Statement - PreSaveFile = new java.io.File(((pathPrefix + java.lang.Integer.toString(counter)) + .png)): null

2019-01-08 18:58:35 - [TEST_STEP][PASSED] - Statement - counter = counter + 1: null

2019-01-08 18:58:35 - [TEST_STEP][PASSED] - Statement - PreSaveFile = new java.io.File(((pathPrefix + java.lang.Integer.toString(counter)) + .png)): null

2019-01-08 18:58:35 - [TEST_STEP][PASSED] - Statement - counter = counter + 1: null

2019-01-08 18:58:35 - [TEST_STEP][PASSED] - Statement - PreSaveFile = new java.io.File(((pathPrefix + java.lang.Integer.toString(counter)) + .png)): null

2019-01-08 18:58:35 - [TEST_STEP][PASSED] - Statement - counter = counter + 1: null

2019-01-08 18:58:35 - [TEST_STEP][PASSED] - Statement - PreSaveFile = new java.io.File(((pathPrefix + java.lang.Integer.toString(counter)) + .png)): null

2019-01-08 18:58:35 - [TEST_STEP][PASSED] - Statement - finalPath = pathPrefix + java.lang.Integer.toString(counter) + ".png": null

2019-01-08 18:58:35 - [TEST_STEP][PASSED] - Statement - SaveFile = new java.io.File(finalPath): null

2019-01-08 18:58:35 - [TEST_STEP][PASSED] - Statement - Try: null

2019-01-08 18:58:35 - [TEST_STEP][PASSED] - Statement - org.apache.commons.io.FileUtils.copyFile(scrFile, SaveFile): null

2019-01-08 18:58:35 - [TEST_STEP][PASSED] - Statement - out.println("file kept"): null

2019-01-08 18:58:35 - [TEST_STEP][PASSED] - delay: Delayed 10 second(s)

2019-01-08 18:58:45 - [MESSAGE][PASSED] - Delayed 10 second(s)

2019-01-08 18:58:45 - [MESSAGE][PASSED] - Call Test Case 'Test Cases/Final Aug 2018 - PKS Automation/Registration Module/New Registration/Submit and Screenshot/Submit Registration and Screenshot' successfully]]></system-out>
         <system-err><![CDATA[]]></system-err>
      </testcase>
      <testcase name="Test Cases/Final Aug 2018 - PKS Automation/Registration Module/Critical Path/New Registration/Sole Proprietor - Registered with SSM" classname="Test Cases/Final Aug 2018 - PKS Automation/Registration Module/Critical Path/New Registration/Sole Proprietor - Registered with SSM" status="PASSED">
         <system-out><![CDATA[2019-01-08 18:58:45 - [TEST_CASE][PASSED] - Test Cases/Final Aug 2018 - PKS Automation/Registration Module/Critical Path/New Registration/Sole Proprietor - Registered with SSM: Test Cases/Final Aug 2018 - PKS Automation/Registration Module/Critical Path/New Registration/Sole Proprietor - Registered with SSM

2019-01-08 18:58:45 - [TEST_STEP][PASSED] - callTestCase: Call Test Case 'Test Cases/Final Aug 2018 - PKS Automation/Registration Module/New Registration/Form 1/Form 1 - Sole Proprietor - Registered with SSM' successfully

2019-01-08 18:58:45 - [TEST_CASE][PASSED] - Test Cases/Final Aug 2018 - PKS Automation/Registration Module/New Registration/Form 1/Form 1 - Sole Proprietor - Registered with SSM: Test Cases/Final Aug 2018 - PKS Automation/Registration Module/New Registration/Form 1/Form 1 - Sole Proprietor - Registered with SSM

2019-01-08 18:58:45 - [TEST_STEP][PASSED] - openBrowser: Browser is opened with url: ''

2019-01-08 18:58:45 - [MESSAGE][WARNING] - A browser is already opened. Closing browser and opening a new one

2019-01-08 18:58:48 - [MESSAGE][PASSED] - Browser is opened with url: ''

2019-01-08 18:58:48 - [TEST_STEP][PASSED] - navigateToUrl: Navigate to 'https://assist2-uat.perkeso.gov.my/login' successfully

2019-01-08 18:58:49 - [MESSAGE][PASSED] - Navigate to 'https://assist2-uat.perkeso.gov.my/login' successfully

2019-01-08 18:58:49 - [TEST_STEP][PASSED] - setText: Text 'johorotc1@gmail.com' is set on object 'Object Repository/Final Object Repo/Login Page/Internal User/Email Address'

2019-01-08 18:58:50 - [MESSAGE][PASSED] - Text 'johorotc1@gmail.com' is set on object 'Object Repository/Final Object Repo/Login Page/Internal User/Email Address'

2019-01-08 18:58:50 - [TEST_STEP][PASSED] - click: Object: 'Object Repository/Final Object Repo/Login Page/Internal User/Next Button' is clicked on

2019-01-08 18:58:50 - [MESSAGE][PASSED] - Object: 'Object Repository/Final Object Repo/Login Page/Internal User/Next Button' is clicked on

2019-01-08 18:58:50 - [TEST_STEP][PASSED] - delay: Delayed 1 second(s)

2019-01-08 18:58:51 - [MESSAGE][PASSED] - Delayed 1 second(s)

2019-01-08 18:58:51 - [TEST_STEP][PASSED] - setEncryptedText: Text ****** has been set on object 'Object Repository/Final Object Repo/Login Page/Internal User/Password'

2019-01-08 18:58:51 - [MESSAGE][PASSED] - Text ****** has been set on object 'Object Repository/Final Object Repo/Login Page/Internal User/Password'

2019-01-08 18:58:51 - [TEST_STEP][PASSED] - click: Object: 'Object Repository/Final Object Repo/Login Page/Internal User/Login Button' is clicked on

2019-01-08 18:58:51 - [MESSAGE][PASSED] - Object: 'Object Repository/Final Object Repo/Login Page/Internal User/Login Button' is clicked on

2019-01-08 18:58:51 - [TEST_STEP][PASSED] - delay: Delayed 1 second(s)

2019-01-08 18:58:52 - [MESSAGE][PASSED] - Delayed 1 second(s)

2019-01-08 18:58:52 - [TEST_STEP][PASSED] - Statement - Try: Delayed 2 second(s)

2019-01-08 18:58:52 - [TEST_STEP][PASSED] - Statement - Checker = false: null

2019-01-08 18:58:52 - [TEST_STEP][PASSED] - Statement - Checker = com.kms.katalon.core.webui.keyword.WebUiBuiltInKeywords.verifyElementHasAttribute(com.kms.katalon.core.testobject.ObjectRepository.findTestObject(Final Object Repo/Landing Page/BM Detecting), "href", 20, OPTIONAL): Object 'Object Repository/Final Object Repo/Landing Page/BM Detecting' has attribute 'href'

2019-01-08 18:58:53 - [MESSAGE][PASSED] - Object 'Object Repository/Final Object Repo/Landing Page/BM Detecting' has attribute 'href'

2019-01-08 18:58:53 - [TEST_STEP][PASSED] - Statement - out.println(Checker): null

2019-01-08 18:58:53 - [TEST_STEP][PASSED] - Statement - If (Checker == false): null

2019-01-08 18:58:53 - [TEST_STEP][PASSED] - Statement - Else: null

2019-01-08 18:58:53 - [TEST_STEP][PASSED] - delay: Delayed 2 second(s)

2019-01-08 18:58:55 - [MESSAGE][PASSED] - Delayed 2 second(s)

2019-01-08 18:58:55 - [TEST_STEP][PASSED] - navigateToUrl: Navigate to 'https://assist2-uat.perkeso.gov.my/web/registration/registration' successfully

2019-01-08 18:58:56 - [MESSAGE][PASSED] - Navigate to 'https://assist2-uat.perkeso.gov.my/web/registration/registration' successfully

2019-01-08 18:58:56 - [TEST_STEP][PASSED] - click: Object: 'Object Repository/Final Object Repo/New Registration - Registration Module Pages/Form 1/AEC - No' is clicked on

2019-01-08 18:58:57 - [MESSAGE][PASSED] - Object: 'Object Repository/Final Object Repo/New Registration - Registration Module Pages/Form 1/AEC - No' is clicked on

2019-01-08 18:58:57 - [TEST_STEP][PASSED] - click: Object: 'Object Repository/Final Object Repo/New Registration - Registration Module Pages/Form 1/Business Entity' is clicked on

2019-01-08 18:58:57 - [MESSAGE][PASSED] - Object: 'Object Repository/Final Object Repo/New Registration - Registration Module Pages/Form 1/Business Entity' is clicked on

2019-01-08 18:58:57 - [TEST_STEP][PASSED] - click: Object: 'Object Repository/Final Object Repo/New Registration - Registration Module Pages/Form 1/Business Entity - Sole Proprietor ' is clicked on

2019-01-08 18:58:57 - [MESSAGE][PASSED] - Object: 'Object Repository/Final Object Repo/New Registration - Registration Module Pages/Form 1/Business Entity - Sole Proprietor ' is clicked on

2019-01-08 18:58:57 - [TEST_STEP][PASSED] - delay: Delayed 1 second(s)

2019-01-08 18:58:58 - [MESSAGE][PASSED] - Delayed 1 second(s)

2019-01-08 18:58:58 - [TEST_STEP][PASSED] - click: Object: 'Object Repository/Final Object Repo/New Registration - Registration Module Pages/Form 1/Sub Business Entity' is clicked on

2019-01-08 18:58:58 - [MESSAGE][PASSED] - Object: 'Object Repository/Final Object Repo/New Registration - Registration Module Pages/Form 1/Sub Business Entity' is clicked on

2019-01-08 18:58:58 - [TEST_STEP][PASSED] - click: Object: 'Object Repository/Final Object Repo/New Registration - Registration Module Pages/Form 1/Sub Business Entity - Registered with SSM' is clicked on

2019-01-08 18:58:58 - [MESSAGE][PASSED] - Object: 'Object Repository/Final Object Repo/New Registration - Registration Module Pages/Form 1/Sub Business Entity - Registered with SSM' is clicked on

2019-01-08 18:58:58 - [TEST_STEP][PASSED] - delay: Delayed 1 second(s)

2019-01-08 18:58:59 - [MESSAGE][PASSED] - Delayed 1 second(s)

2019-01-08 18:58:59 - [TEST_STEP][PASSED] - setText: Text '123' is set on object 'Object Repository/Final Object Repo/New Registration - Registration Module Pages/Form 1/Registration Number'

2019-01-08 18:59:00 - [MESSAGE][PASSED] - Text '123' is set on object 'Object Repository/Final Object Repo/New Registration - Registration Module Pages/Form 1/Registration Number'

2019-01-08 18:59:00 - [TEST_STEP][NOT_RUN] - click: NOT_RUN: click

2019-01-08 18:59:00 - [MESSAGE][NOT_RUN] - NOT_RUN: click

2019-01-08 18:59:00 - [TEST_STEP][PASSED] - click: Object: 'Object Repository/Final Object Repo/New Registration - Registration Module Pages/Form 1/Registered As a Branch - Yes' is clicked on

2019-01-08 18:59:00 - [MESSAGE][PASSED] - Object: 'Object Repository/Final Object Repo/New Registration - Registration Module Pages/Form 1/Registered As a Branch - Yes' is clicked on

2019-01-08 18:59:00 - [TEST_STEP][PASSED] - click: Object: 'Object Repository/Final Object Repo/New Registration - Registration Module Pages/Form 1/Acknowledgement' is clicked on

2019-01-08 18:59:00 - [MESSAGE][PASSED] - Object: 'Object Repository/Final Object Repo/New Registration - Registration Module Pages/Form 1/Acknowledgement' is clicked on

2019-01-08 18:59:00 - [TEST_STEP][PASSED] - setText: Text 'perkeso' is set on object 'Object Repository/Final Object Repo/New Registration - Registration Module Pages/Form 1/Industry name'

2019-01-08 18:59:00 - [MESSAGE][PASSED] - Text 'perkeso' is set on object 'Object Repository/Final Object Repo/New Registration - Registration Module Pages/Form 1/Industry name'

2019-01-08 18:59:00 - [TEST_STEP][PASSED] - setText: Text 'perkeso1' is set on object 'Object Repository/Final Object Repo/New Registration - Registration Module Pages/Form 1/Postal Address1'

2019-01-08 18:59:01 - [MESSAGE][PASSED] - Text 'perkeso1' is set on object 'Object Repository/Final Object Repo/New Registration - Registration Module Pages/Form 1/Postal Address1'

2019-01-08 18:59:01 - [TEST_STEP][PASSED] - setText: Text 'perkeso2' is set on object 'Object Repository/Final Object Repo/New Registration - Registration Module Pages/Form 1/Postal Address2'

2019-01-08 18:59:01 - [MESSAGE][PASSED] - Text 'perkeso2' is set on object 'Object Repository/Final Object Repo/New Registration - Registration Module Pages/Form 1/Postal Address2'

2019-01-08 18:59:01 - [TEST_STEP][PASSED] - setText: Text 'perkeso3' is set on object 'Object Repository/Final Object Repo/New Registration - Registration Module Pages/Form 1/Postal Address3'

2019-01-08 18:59:01 - [MESSAGE][PASSED] - Text 'perkeso3' is set on object 'Object Repository/Final Object Repo/New Registration - Registration Module Pages/Form 1/Postal Address3'

2019-01-08 18:59:01 - [TEST_STEP][PASSED] - click: Object: 'Object Repository/Final Object Repo/New Registration - Registration Module Pages/Form 1/State' is clicked on

2019-01-08 18:59:01 - [MESSAGE][PASSED] - Object: 'Object Repository/Final Object Repo/New Registration - Registration Module Pages/Form 1/State' is clicked on

2019-01-08 18:59:01 - [TEST_STEP][PASSED] - click: Object: 'Object Repository/Final Object Repo/New Registration - Registration Module Pages/Form 1/State - Johor' is clicked on

2019-01-08 18:59:02 - [MESSAGE][PASSED] - Object: 'Object Repository/Final Object Repo/New Registration - Registration Module Pages/Form 1/State - Johor' is clicked on

2019-01-08 18:59:02 - [TEST_STEP][PASSED] - delay: Delayed 1 second(s)

2019-01-08 18:59:03 - [MESSAGE][PASSED] - Delayed 1 second(s)

2019-01-08 18:59:03 - [TEST_STEP][PASSED] - click: Object: 'Object Repository/Final Object Repo/New Registration - Registration Module Pages/Form 1/City' is clicked on

2019-01-08 18:59:03 - [MESSAGE][PASSED] - Object: 'Object Repository/Final Object Repo/New Registration - Registration Module Pages/Form 1/City' is clicked on

2019-01-08 18:59:03 - [TEST_STEP][PASSED] - setText: Text 'joh' is set on object 'Object Repository/Final Object Repo/New Registration - Registration Module Pages/Form 1/Postcode - 810'

2019-01-08 18:59:03 - [MESSAGE][PASSED] - Text 'joh' is set on object 'Object Repository/Final Object Repo/New Registration - Registration Module Pages/Form 1/Postcode - 810'

2019-01-08 18:59:03 - [TEST_STEP][PASSED] - delay: Delayed 1 second(s)

2019-01-08 18:59:04 - [MESSAGE][PASSED] - Delayed 1 second(s)

2019-01-08 18:59:04 - [TEST_STEP][PASSED] - click: Object: 'Object Repository/Final Object Repo/New Registration - Registration Module Pages/Form 1/City - Johor Bharu' is clicked on

2019-01-08 18:59:04 - [MESSAGE][PASSED] - Object: 'Object Repository/Final Object Repo/New Registration - Registration Module Pages/Form 1/City - Johor Bharu' is clicked on

2019-01-08 18:59:04 - [TEST_STEP][PASSED] - delay: Delayed 1 second(s)

2019-01-08 18:59:05 - [MESSAGE][PASSED] - Delayed 1 second(s)

2019-01-08 18:59:05 - [TEST_STEP][PASSED] - click: Object: 'Object Repository/Final Object Repo/New Registration - Registration Module Pages/Form 1/Postcode' is clicked on

2019-01-08 18:59:05 - [MESSAGE][PASSED] - Object: 'Object Repository/Final Object Repo/New Registration - Registration Module Pages/Form 1/Postcode' is clicked on

2019-01-08 18:59:05 - [TEST_STEP][PASSED] - delay: Delayed 1 second(s)

2019-01-08 18:59:06 - [MESSAGE][PASSED] - Delayed 1 second(s)

2019-01-08 18:59:06 - [TEST_STEP][PASSED] - setText: Text '810' is set on object 'Object Repository/Final Object Repo/New Registration - Registration Module Pages/Form 1/Postcode - 810'

2019-01-08 18:59:07 - [MESSAGE][PASSED] - Text '810' is set on object 'Object Repository/Final Object Repo/New Registration - Registration Module Pages/Form 1/Postcode - 810'

2019-01-08 18:59:07 - [TEST_STEP][PASSED] - delay: Delayed 1 second(s)

2019-01-08 18:59:08 - [MESSAGE][PASSED] - Delayed 1 second(s)

2019-01-08 18:59:08 - [TEST_STEP][PASSED] - click: Object: 'Object Repository/Final Object Repo/New Registration - Registration Module Pages/Form 1/Postcode - 81000' is clicked on

2019-01-08 18:59:08 - [MESSAGE][PASSED] - Object: 'Object Repository/Final Object Repo/New Registration - Registration Module Pages/Form 1/Postcode - 81000' is clicked on

2019-01-08 18:59:08 - [TEST_STEP][PASSED] - delay: Delayed 1 second(s)

2019-01-08 18:59:09 - [MESSAGE][PASSED] - Delayed 1 second(s)

2019-01-08 18:59:09 - [TEST_STEP][PASSED] - setText: Text '100' is set on object 'Object Repository/Final Object Repo/New Registration - Registration Module Pages/Form 1/P.O.BOX'

2019-01-08 18:59:09 - [MESSAGE][PASSED] - Text '100' is set on object 'Object Repository/Final Object Repo/New Registration - Registration Module Pages/Form 1/P.O.BOX'

2019-01-08 18:59:09 - [TEST_STEP][PASSED] - setText: Text '100' is set on object 'Object Repository/Final Object Repo/New Registration - Registration Module Pages/Form 1/Locked Bag No'

2019-01-08 18:59:09 - [MESSAGE][PASSED] - Text '100' is set on object 'Object Repository/Final Object Repo/New Registration - Registration Module Pages/Form 1/Locked Bag No'

2019-01-08 18:59:09 - [TEST_STEP][PASSED] - click: Object: 'Object Repository/Final Object Repo/New Registration - Registration Module Pages/Form 1/SOCSO Office Location' is clicked on

2019-01-08 18:59:10 - [MESSAGE][PASSED] - Object: 'Object Repository/Final Object Repo/New Registration - Registration Module Pages/Form 1/SOCSO Office Location' is clicked on

2019-01-08 18:59:10 - [TEST_STEP][PASSED] - click: Object: 'Object Repository/Final Object Repo/New Registration - Registration Module Pages/Form 1/SOCSO Office Location - Pejabat PERKESO Negeri Johor' is clicked on

2019-01-08 18:59:10 - [MESSAGE][PASSED] - Object: 'Object Repository/Final Object Repo/New Registration - Registration Module Pages/Form 1/SOCSO Office Location - Pejabat PERKESO Negeri Johor' is clicked on

2019-01-08 18:59:10 - [TEST_STEP][PASSED] - delay: Delayed 1 second(s)

2019-01-08 18:59:11 - [MESSAGE][PASSED] - Delayed 1 second(s)

2019-01-08 18:59:11 - [TEST_STEP][PASSED] - check: Object 'Object Repository/Final Object Repo/New Registration - Registration Module Pages/Form 1/Indusrty Address Same As Postal Address' is checked

2019-01-08 18:59:11 - [MESSAGE][PASSED] - Object 'Object Repository/Final Object Repo/New Registration - Registration Module Pages/Form 1/Indusrty Address Same As Postal Address' is checked

2019-01-08 18:59:11 - [TEST_STEP][PASSED] - delay: Delayed 3 second(s)

2019-01-08 18:59:14 - [MESSAGE][PASSED] - Delayed 3 second(s)

2019-01-08 18:59:14 - [TEST_STEP][PASSED] - click: Object: 'Object Repository/Final Object Repo/New Registration - Registration Module Pages/Form 1/Indusry Address Same As Postal Address False' is clicked on

2019-01-08 18:59:14 - [MESSAGE][PASSED] - Object: 'Object Repository/Final Object Repo/New Registration - Registration Module Pages/Form 1/Indusry Address Same As Postal Address False' is clicked on

2019-01-08 18:59:14 - [TEST_STEP][PASSED] - delay: Delayed 1 second(s)

2019-01-08 18:59:15 - [MESSAGE][PASSED] - Delayed 1 second(s)

2019-01-08 18:59:15 - [TEST_STEP][PASSED] - setText: Text 'perkeso1' is set on object 'Object Repository/Final Object Repo/New Registration - Registration Module Pages/Form 1/Industry Address1'

2019-01-08 18:59:16 - [MESSAGE][PASSED] - Text 'perkeso1' is set on object 'Object Repository/Final Object Repo/New Registration - Registration Module Pages/Form 1/Industry Address1'

2019-01-08 18:59:16 - [TEST_STEP][PASSED] - setText: Text 'perkeso2' is set on object 'Object Repository/Final Object Repo/New Registration - Registration Module Pages/Form 1/Industry Address2'

2019-01-08 18:59:16 - [MESSAGE][PASSED] - Text 'perkeso2' is set on object 'Object Repository/Final Object Repo/New Registration - Registration Module Pages/Form 1/Industry Address2'

2019-01-08 18:59:16 - [TEST_STEP][PASSED] - setText: Text 'perkeso3' is set on object 'Object Repository/Final Object Repo/New Registration - Registration Module Pages/Form 1/Industry Address3'

2019-01-08 18:59:16 - [MESSAGE][PASSED] - Text 'perkeso3' is set on object 'Object Repository/Final Object Repo/New Registration - Registration Module Pages/Form 1/Industry Address3'

2019-01-08 18:59:16 - [TEST_STEP][PASSED] - click: Object: 'Object Repository/Final Object Repo/New Registration - Registration Module Pages/Form 1/Industry State' is clicked on

2019-01-08 18:59:17 - [MESSAGE][PASSED] - Object: 'Object Repository/Final Object Repo/New Registration - Registration Module Pages/Form 1/Industry State' is clicked on

2019-01-08 18:59:17 - [TEST_STEP][PASSED] - delay: Delayed 2 second(s)

2019-01-08 18:59:19 - [MESSAGE][PASSED] - Delayed 2 second(s)

2019-01-08 18:59:19 - [TEST_STEP][PASSED] - click: Object: 'Object Repository/Final Object Repo/New Registration - Registration Module Pages/Form 1/Industry State - Johor' is clicked on

2019-01-08 18:59:19 - [MESSAGE][PASSED] - Object: 'Object Repository/Final Object Repo/New Registration - Registration Module Pages/Form 1/Industry State - Johor' is clicked on

2019-01-08 18:59:19 - [TEST_STEP][PASSED] - delay: Delayed 2 second(s)

2019-01-08 18:59:21 - [MESSAGE][PASSED] - Delayed 2 second(s)

2019-01-08 18:59:21 - [TEST_STEP][PASSED] - click: Object: 'Object Repository/Final Object Repo/New Registration - Registration Module Pages/Form 1/Industry Ciry' is clicked on

2019-01-08 18:59:21 - [MESSAGE][PASSED] - Object: 'Object Repository/Final Object Repo/New Registration - Registration Module Pages/Form 1/Industry Ciry' is clicked on

2019-01-08 18:59:21 - [TEST_STEP][PASSED] - setText: Text 'joh' is set on object 'Object Repository/Final Object Repo/New Registration - Registration Module Pages/Form 1/Industry Ciry - joh'

2019-01-08 18:59:21 - [MESSAGE][PASSED] - Text 'joh' is set on object 'Object Repository/Final Object Repo/New Registration - Registration Module Pages/Form 1/Industry Ciry - joh'

2019-01-08 18:59:21 - [TEST_STEP][PASSED] - delay: Delayed 2 second(s)

2019-01-08 18:59:23 - [MESSAGE][PASSED] - Delayed 2 second(s)

2019-01-08 18:59:23 - [TEST_STEP][PASSED] - click: Object: 'Object Repository/Final Object Repo/New Registration - Registration Module Pages/Form 1/Industy State - Johor Bharu' is clicked on

2019-01-08 18:59:23 - [MESSAGE][PASSED] - Object: 'Object Repository/Final Object Repo/New Registration - Registration Module Pages/Form 1/Industy State - Johor Bharu' is clicked on

2019-01-08 18:59:23 - [TEST_STEP][PASSED] - delay: Delayed 1 second(s)

2019-01-08 18:59:24 - [MESSAGE][PASSED] - Delayed 1 second(s)

2019-01-08 18:59:24 - [TEST_STEP][PASSED] - click: Object: 'Object Repository/Final Object Repo/New Registration - Registration Module Pages/Form 1/Indusry PostCode' is clicked on

2019-01-08 18:59:25 - [MESSAGE][PASSED] - Object: 'Object Repository/Final Object Repo/New Registration - Registration Module Pages/Form 1/Indusry PostCode' is clicked on

2019-01-08 18:59:25 - [TEST_STEP][PASSED] - delay: Delayed 1 second(s)

2019-01-08 18:59:26 - [MESSAGE][PASSED] - Delayed 1 second(s)

2019-01-08 18:59:26 - [TEST_STEP][PASSED] - setText: Text '810' is set on object 'Object Repository/Final Object Repo/New Registration - Registration Module Pages/Form 1/Insutry Post Code - 810'

2019-01-08 18:59:26 - [MESSAGE][PASSED] - Text '810' is set on object 'Object Repository/Final Object Repo/New Registration - Registration Module Pages/Form 1/Insutry Post Code - 810'

2019-01-08 18:59:26 - [TEST_STEP][PASSED] - delay: Delayed 1 second(s)

2019-01-08 18:59:27 - [MESSAGE][PASSED] - Delayed 1 second(s)

2019-01-08 18:59:27 - [TEST_STEP][PASSED] - click: Object: 'Object Repository/Final Object Repo/New Registration - Registration Module Pages/Form 1/Insutry Post Code - 81000' is clicked on

2019-01-08 18:59:27 - [MESSAGE][PASSED] - Object: 'Object Repository/Final Object Repo/New Registration - Registration Module Pages/Form 1/Insutry Post Code - 81000' is clicked on

2019-01-08 18:59:27 - [TEST_STEP][PASSED] - delay: Delayed 1 second(s)

2019-01-08 18:59:28 - [MESSAGE][PASSED] - Delayed 1 second(s)

2019-01-08 18:59:28 - [TEST_STEP][PASSED] - setText: Text '100' is set on object 'Object Repository/Final Object Repo/New Registration - Registration Module Pages/Form 1/Industry P.O.BOX'

2019-01-08 18:59:28 - [MESSAGE][PASSED] - Text '100' is set on object 'Object Repository/Final Object Repo/New Registration - Registration Module Pages/Form 1/Industry P.O.BOX'

2019-01-08 18:59:28 - [TEST_STEP][PASSED] - setText: Text '100' is set on object 'Object Repository/Final Object Repo/New Registration - Registration Module Pages/Form 1/Industry Locked Bag No'

2019-01-08 18:59:28 - [MESSAGE][PASSED] - Text '100' is set on object 'Object Repository/Final Object Repo/New Registration - Registration Module Pages/Form 1/Industry Locked Bag No'

2019-01-08 18:59:28 - [TEST_STEP][PASSED] - setText: Text '123456789' is set on object 'Object Repository/Final Object Repo/New Registration - Registration Module Pages/Form 1/Telephone No'

2019-01-08 18:59:29 - [MESSAGE][PASSED] - Text '123456789' is set on object 'Object Repository/Final Object Repo/New Registration - Registration Module Pages/Form 1/Telephone No'

2019-01-08 18:59:29 - [TEST_STEP][PASSED] - setText: Text '123456789' is set on object 'Object Repository/Final Object Repo/New Registration - Registration Module Pages/Form 1/Mobile No'

2019-01-08 18:59:29 - [MESSAGE][PASSED] - Text '123456789' is set on object 'Object Repository/Final Object Repo/New Registration - Registration Module Pages/Form 1/Mobile No'

2019-01-08 18:59:29 - [TEST_STEP][PASSED] - setText: Text '123456789' is set on object 'Object Repository/Final Object Repo/New Registration - Registration Module Pages/Form 1/Fax No'

2019-01-08 18:59:30 - [MESSAGE][PASSED] - Text '123456789' is set on object 'Object Repository/Final Object Repo/New Registration - Registration Module Pages/Form 1/Fax No'

2019-01-08 18:59:30 - [TEST_STEP][PASSED] - click: Object: 'Object Repository/Final Object Repo/New Registration - Registration Module Pages/Form 1/Industry Code' is clicked on

2019-01-08 18:59:30 - [MESSAGE][PASSED] - Object: 'Object Repository/Final Object Repo/New Registration - Registration Module Pages/Form 1/Industry Code' is clicked on

2019-01-08 18:59:30 - [TEST_STEP][PASSED] - click: Object: 'Object Repository/Final Object Repo/New Registration - Registration Module Pages/Form 1/Indudustry Code - Crops and Animal' is clicked on

2019-01-08 18:59:30 - [MESSAGE][PASSED] - Object: 'Object Repository/Final Object Repo/New Registration - Registration Module Pages/Form 1/Indudustry Code - Crops and Animal' is clicked on

2019-01-08 18:59:30 - [TEST_STEP][PASSED] - delay: Delayed 1 second(s)

2019-01-08 18:59:31 - [MESSAGE][PASSED] - Delayed 1 second(s)

2019-01-08 18:59:31 - [TEST_STEP][PASSED] - click: Object: 'Object Repository/Final Object Repo/New Registration - Registration Module Pages/Form 1/Sub Industry Code List' is clicked on

2019-01-08 18:59:31 - [MESSAGE][PASSED] - Object: 'Object Repository/Final Object Repo/New Registration - Registration Module Pages/Form 1/Sub Industry Code List' is clicked on

2019-01-08 18:59:31 - [TEST_STEP][PASSED] - click: Object: 'Object Repository/Final Object Repo/New Registration - Registration Module Pages/Form 1/Sub Industry Code List - Growing of Maize' is clicked on

2019-01-08 18:59:32 - [MESSAGE][PASSED] - Object: 'Object Repository/Final Object Repo/New Registration - Registration Module Pages/Form 1/Sub Industry Code List - Growing of Maize' is clicked on

2019-01-08 18:59:32 - [TEST_STEP][PASSED] - setText: Text 'perkeso123@gmail.com' is set on object 'Object Repository/Final Object Repo/New Registration - Registration Module Pages/Form 1/Email'

2019-01-08 18:59:32 - [MESSAGE][PASSED] - Text 'perkeso123@gmail.com' is set on object 'Object Repository/Final Object Repo/New Registration - Registration Module Pages/Form 1/Email'

2019-01-08 18:59:32 - [TEST_STEP][PASSED] - click: Object: 'Object Repository/Final Object Repo/New Registration - Registration Module Pages/Form 1/Method of Contribution Payment' is clicked on

2019-01-08 18:59:32 - [MESSAGE][PASSED] - Object: 'Object Repository/Final Object Repo/New Registration - Registration Module Pages/Form 1/Method of Contribution Payment' is clicked on

2019-01-08 18:59:32 - [TEST_STEP][PASSED] - click: Object: 'Object Repository/Final Object Repo/New Registration - Registration Module Pages/Form 1/Method of Contribution Payment - Portal' is clicked on

2019-01-08 18:59:33 - [MESSAGE][PASSED] - Object: 'Object Repository/Final Object Repo/New Registration - Registration Module Pages/Form 1/Method of Contribution Payment - Portal' is clicked on

2019-01-08 18:59:33 - [TEST_STEP][PASSED] - click: Object: 'Object Repository/Final Object Repo/New Registration - Registration Module Pages/Form 1/Servide Type' is clicked on

2019-01-08 18:59:33 - [MESSAGE][PASSED] - Object: 'Object Repository/Final Object Repo/New Registration - Registration Module Pages/Form 1/Servide Type' is clicked on

2019-01-08 18:59:33 - [TEST_STEP][PASSED] - click: Object: 'Object Repository/Final Object Repo/New Registration - Registration Module Pages/Form 1/Servide Type - Professional Bodies' is clicked on

2019-01-08 18:59:33 - [MESSAGE][PASSED] - Object: 'Object Repository/Final Object Repo/New Registration - Registration Module Pages/Form 1/Servide Type - Professional Bodies' is clicked on

2019-01-08 18:59:33 - [TEST_STEP][PASSED] - click: Object: 'Object Repository/Final Object Repo/New Registration - Registration Module Pages/Form 1/Industry Venue' is clicked on

2019-01-08 18:59:33 - [MESSAGE][PASSED] - Object: 'Object Repository/Final Object Repo/New Registration - Registration Module Pages/Form 1/Industry Venue' is clicked on

2019-01-08 18:59:33 - [TEST_STEP][PASSED] - click: Object: 'Object Repository/Final Object Repo/New Registration - Registration Module Pages/Form 1/Industry Venue -  PPN JOHOR' is clicked on

2019-01-08 18:59:33 - [MESSAGE][PASSED] - Object: 'Object Repository/Final Object Repo/New Registration - Registration Module Pages/Form 1/Industry Venue -  PPN JOHOR' is clicked on

2019-01-08 18:59:33 - [TEST_STEP][PASSED] - click: Object: 'Object Repository/Final Object Repo/New Registration - Registration Module Pages/Form 1/Save  Continue' is clicked on

2019-01-08 18:59:34 - [MESSAGE][PASSED] - Object: 'Object Repository/Final Object Repo/New Registration - Registration Module Pages/Form 1/Save  Continue' is clicked on

2019-01-08 18:59:34 - [MESSAGE][PASSED] - Call Test Case 'Test Cases/Final Aug 2018 - PKS Automation/Registration Module/New Registration/Form 1/Form 1 - Sole Proprietor - Registered with SSM' successfully

2019-01-08 18:59:34 - [TEST_STEP][PASSED] - callTestCase: Call Test Case 'Test Cases/Final Aug 2018 - PKS Automation/Registration Module/New Registration/Form 2/Add 2 Eligible 2 Not Eligible' successfully

2019-01-08 18:59:34 - [TEST_CASE][PASSED] - Test Cases/Final Aug 2018 - PKS Automation/Registration Module/New Registration/Form 2/Add 2 Eligible 2 Not Eligible: Test Cases/Final Aug 2018 - PKS Automation/Registration Module/New Registration/Form 2/Add 2 Eligible 2 Not Eligible

2019-01-08 18:59:34 - [TEST_STEP][PASSED] - delay: Delayed 2 second(s)

2019-01-08 18:59:36 - [MESSAGE][PASSED] - Delayed 2 second(s)

2019-01-08 18:59:36 - [TEST_STEP][PASSED] - callTestCase: Call Test Case 'Test Cases/Final Aug 2018 - PKS Automation/Registration Module/New Registration/Form 2/Date Updater' successfully

2019-01-08 18:59:36 - [TEST_CASE][PASSED] - Test Cases/Final Aug 2018 - PKS Automation/Registration Module/New Registration/Form 2/Date Updater: Test Cases/Final Aug 2018 - PKS Automation/Registration Module/New Registration/Form 2/Date Updater

2019-01-08 18:59:36 - [TEST_STEP][PASSED] - Statement - TodayDate = new java.util.Date(): null

2019-01-08 18:59:36 - [TEST_STEP][PASSED] - Statement - CurrentDateNoFilter = new java.text.SimpleDateFormat(): null

2019-01-08 18:59:36 - [TEST_STEP][PASSED] - Statement - CurrentDateNoFilter.applyPattern("MM"): null

2019-01-08 18:59:36 - [TEST_STEP][PASSED] - Statement - monthContainerMatcher = java.lang.Integer.parseInt(CurrentDateNoFilter.format(TodayDate)): null

2019-01-08 18:59:36 - [TEST_STEP][PASSED] - Statement - monthContainerMatcher = monthContainerMatcher - 1: null

2019-01-08 18:59:36 - [TEST_STEP][PASSED] - Statement - CurrentMonth = monthContainerMatcher.toString(): null

2019-01-08 18:59:36 - [TEST_STEP][PASSED] - Statement - CurrentMonth = CurrentMonth: null

2019-01-08 18:59:36 - [TEST_STEP][PASSED] - Statement - CurrentDateNoFilter.applyPattern("yyyy"): null

2019-01-08 18:59:36 - [TEST_STEP][PASSED] - Statement - CurrentYear = CurrentDateNoFilter.format(TodayDate): null

2019-01-08 18:59:36 - [TEST_STEP][PASSED] - Statement - CurrentYear = CurrentYear: null

2019-01-08 18:59:36 - [TEST_STEP][PASSED] - Statement - intCurrentYear = java.lang.Integer.parseInt(CurrentDateNoFilter.format(TodayDate)): null

2019-01-08 18:59:36 - [TEST_STEP][PASSED] - Statement - eighteenYrsAgo = intCurrentYear - 18: null

2019-01-08 18:59:36 - [TEST_STEP][PASSED] - Statement - eighteenYrsBeforeThisYr = eighteenYrsAgo.toString(): null

2019-01-08 18:59:36 - [TEST_STEP][PASSED] - Statement - EighteenYrsBefore = eighteenYrsBeforeThisYr: null

2019-01-08 18:59:36 - [TEST_STEP][PASSED] - Statement - fiftysevenYrsAgo = intCurrentYear - 57: null

2019-01-08 18:59:36 - [TEST_STEP][PASSED] - Statement - fiftysevenYrsBeforeThisYr = fiftysevenYrsAgo.toString(): null

2019-01-08 18:59:36 - [TEST_STEP][PASSED] - Statement - FiftysevenYrsBefore = fiftysevenYrsBeforeThisYr: null

2019-01-08 18:59:36 - [TEST_STEP][PASSED] - Statement - leapYear = false: null

2019-01-08 18:59:36 - [TEST_STEP][PASSED] - Statement - leapYear = intCurrentYear % 4 == 0: null

2019-01-08 18:59:36 - [TEST_STEP][PASSED] - Statement - CurrentDateNoFilter.applyPattern("dd"): null

2019-01-08 18:59:36 - [TEST_STEP][PASSED] - Statement - CurrentDate = CurrentDateNoFilter.format(TodayDate): null

2019-01-08 18:59:36 - [TEST_STEP][PASSED] - Statement - CurrentDate = java.lang.Integer.parseInt(CurrentDate): null

2019-01-08 18:59:36 - [TEST_STEP][PASSED] - Statement - CurrentDate = CurrentDate: null

2019-01-08 18:59:36 - [TEST_STEP][PASSED] - Statement - CurrentDay = java.lang.Integer.parseInt(CurrentDate): null

2019-01-08 18:59:36 - [TEST_STEP][PASSED] - Statement - ConfAdder = <not implemented yet for class: org.codehaus.groovy.ast.expr.EmptyExpression>: null

2019-01-08 18:59:36 - [TEST_STEP][PASSED] - Statement - out.println(CurrentMonth): null

2019-01-08 18:59:36 - [TEST_STEP][PASSED] - Statement - out.println(CurrentDate): null

2019-01-08 18:59:36 - [TEST_STEP][PASSED] - Statement - switch (CurrentDate): null

2019-01-08 18:59:36 - [TEST_STEP][PASSED] - Statement - Default: null

2019-01-08 18:59:36 - [TEST_STEP][PASSED] - Statement - ConfAdder = true: null

2019-01-08 18:59:36 - [TEST_STEP][PASSED] - Statement - Break: null

2019-01-08 18:59:36 - [TEST_STEP][PASSED] - Statement - aDayBefore = <not implemented yet for class: org.codehaus.groovy.ast.expr.EmptyExpression>: null

2019-01-08 18:59:36 - [TEST_STEP][PASSED] - Statement - out.println(ConfAdder): null

2019-01-08 18:59:36 - [TEST_STEP][PASSED] - Statement - If (ConfAdder == true): null

2019-01-08 18:59:36 - [TEST_STEP][PASSED] - Statement - aDayBefore = CurrentDay + 1: null

2019-01-08 18:59:36 - [TEST_STEP][PASSED] - Statement - out.println(aDayBefore): null

2019-01-08 18:59:36 - [TEST_STEP][PASSED] - Statement - If (aDayBefore == 1 && CurrentMonth == 11): null

2019-01-08 18:59:36 - [TEST_STEP][PASSED] - Statement - DayBefore = aDayBefore.toString(): null

2019-01-08 18:59:36 - [TEST_STEP][PASSED] - Statement - OneDayBefore = DayBefore: null

2019-01-08 18:59:36 - [MESSAGE][PASSED] - Call Test Case 'Test Cases/Final Aug 2018 - PKS Automation/Registration Module/New Registration/Form 2/Date Updater' successfully

2019-01-08 18:59:36 - [TEST_STEP][PASSED] - delay: Delayed 1 second(s)

2019-01-08 18:59:37 - [MESSAGE][PASSED] - Delayed 1 second(s)

2019-01-08 18:59:37 - [TEST_STEP][PASSED] - Statement - CaseReferenceNo = com.kms.katalon.core.webui.keyword.WebUiBuiltInKeywords.getText(com.kms.katalon.core.testobject.ObjectRepository.findTestObject(Final Object Repo/New Registration - Registration Module Pages/Form 2/RefNo Acquiring)): Text of object 'Object Repository/Final Object Repo/New Registration - Registration Module Pages/Form 2/RefNo Acquiring' is: 'CRN01201900123654'

2019-01-08 18:59:37 - [MESSAGE][PASSED] - Text of object 'Object Repository/Final Object Repo/New Registration - Registration Module Pages/Form 2/RefNo Acquiring' is: 'CRN01201900123654'

2019-01-08 18:59:37 - [TEST_STEP][PASSED] - delay: Delayed 1 second(s)

2019-01-08 18:59:38 - [MESSAGE][PASSED] - Delayed 1 second(s)

2019-01-08 18:59:38 - [TEST_STEP][PASSED] - click: Object: 'Object Repository/Final Object Repo/New Registration - Registration Module Pages/Form 2/Add Employee Button' is clicked on

2019-01-08 18:59:38 - [MESSAGE][PASSED] - Object: 'Object Repository/Final Object Repo/New Registration - Registration Module Pages/Form 2/Add Employee Button' is clicked on

2019-01-08 18:59:38 - [TEST_STEP][PASSED] - delay: Delayed 4 second(s)

2019-01-08 18:59:42 - [MESSAGE][PASSED] - Delayed 4 second(s)

2019-01-08 18:59:42 - [TEST_STEP][PASSED] - setText: Text '010903091927' is set on object 'Object Repository/Final Object Repo/New Registration - Registration Module Pages/Form 2/NRIC Input'

2019-01-08 18:59:42 - [MESSAGE][PASSED] - Text '010903091927' is set on object 'Object Repository/Final Object Repo/New Registration - Registration Module Pages/Form 2/NRIC Input'

2019-01-08 18:59:42 - [TEST_STEP][PASSED] - click: Object: 'Object Repository/Final Object Repo/New Registration - Registration Module Pages/Form 2/button for search for IC' is clicked on

2019-01-08 18:59:42 - [MESSAGE][PASSED] - Object: 'Object Repository/Final Object Repo/New Registration - Registration Module Pages/Form 2/button for search for IC' is clicked on

2019-01-08 18:59:42 - [TEST_STEP][PASSED] - delay: Delayed 2 second(s)

2019-01-08 18:59:44 - [MESSAGE][PASSED] - Delayed 2 second(s)

2019-01-08 18:59:44 - [TEST_STEP][PASSED] - setText: Text 'Automate001 eligible 1' is set on object 'Object Repository/Final Object Repo/New Registration - Registration Module Pages/Form 2/Employee Name Input'

2019-01-08 18:59:45 - [MESSAGE][PASSED] - Text 'Automate001 eligible 1' is set on object 'Object Repository/Final Object Repo/New Registration - Registration Module Pages/Form 2/Employee Name Input'

2019-01-08 18:59:45 - [TEST_STEP][PASSED] - delay: Delayed 2 second(s)

2019-01-08 18:59:47 - [MESSAGE][PASSED] - Delayed 2 second(s)

2019-01-08 18:59:47 - [TEST_STEP][PASSED] - click: Object: 'Object Repository/Final Object Repo/New Registration - Registration Module Pages/Form 2/DatePicker Pop Up' is clicked on

2019-01-08 18:59:47 - [MESSAGE][PASSED] - Object: 'Object Repository/Final Object Repo/New Registration - Registration Module Pages/Form 2/DatePicker Pop Up' is clicked on

2019-01-08 18:59:47 - [TEST_STEP][PASSED] - click: Object: 'Object Repository/Final Object Repo/New Registration - Registration Module Pages/Form 2/DOB Month' is clicked on

2019-01-08 18:59:47 - [MESSAGE][PASSED] - Object: 'Object Repository/Final Object Repo/New Registration - Registration Module Pages/Form 2/DOB Month' is clicked on

2019-01-08 18:59:47 - [TEST_STEP][PASSED] - Statement - CurrentMonth = CurrentMonth: null

2019-01-08 18:59:47 - [TEST_STEP][PASSED] - Statement - selectMonth = new com.kms.katalon.core.testobject.TestObject(): null

2019-01-08 18:59:47 - [TEST_STEP][PASSED] - Statement - selectMonth.addProperty("xpath", EQUALS, "//body/div/div/div/select/option[@value='" + CurrentMonth + "']", true): null

2019-01-08 18:59:47 - [TEST_STEP][PASSED] - click: Object: '' is clicked on

2019-01-08 18:59:47 - [MESSAGE][PASSED] - Object: '' is clicked on

2019-01-08 18:59:47 - [TEST_STEP][PASSED] - click: Object: 'Object Repository/Final Object Repo/New Registration - Registration Module Pages/Form 2/DOB Year' is clicked on

2019-01-08 18:59:48 - [MESSAGE][PASSED] - Object: 'Object Repository/Final Object Repo/New Registration - Registration Module Pages/Form 2/DOB Year' is clicked on

2019-01-08 18:59:48 - [TEST_STEP][PASSED] - Statement - Eyearsbf = EighteenYrsBefore: null

2019-01-08 18:59:48 - [TEST_STEP][PASSED] - Statement - selectYear = new com.kms.katalon.core.testobject.TestObject(): null

2019-01-08 18:59:48 - [TEST_STEP][PASSED] - Statement - selectYear.addProperty("xpath", EQUALS, "//div/div/div/select/option[@value='" + Eyearsbf + "']", true): null

2019-01-08 18:59:48 - [TEST_STEP][PASSED] - click: Object: '' is clicked on

2019-01-08 18:59:48 - [MESSAGE][PASSED] - Object: '' is clicked on

2019-01-08 18:59:48 - [TEST_STEP][PASSED] - Statement - UpdatedSelectDate = com.kms.katalon.core.webui.keyword.WebUiBuiltInKeywords.modifyObjectProperty(com.kms.katalon.core.testobject.ObjectRepository.findTestObject(Final Object Repo/New Registration - Registration Module Pages/Form 2/DOB Date), "xpath", "equals", "//body/div/table/tbody/tr/td/a[text()="" + CurrentDate + ""]", true): Modify property of object successfully

2019-01-08 18:59:48 - [MESSAGE][PASSED] - Modify property of object successfully

2019-01-08 18:59:48 - [TEST_STEP][PASSED] - delay: Delayed 3 second(s)

2019-01-08 18:59:51 - [MESSAGE][PASSED] - Delayed 3 second(s)

2019-01-08 18:59:51 - [TEST_STEP][PASSED] - click: Object: 'Object Repository/Final Object Repo/New Registration - Registration Module Pages/Form 2/DOB Date' is clicked on

2019-01-08 18:59:51 - [MESSAGE][PASSED] - Object: 'Object Repository/Final Object Repo/New Registration - Registration Module Pages/Form 2/DOB Date' is clicked on

2019-01-08 18:59:51 - [TEST_STEP][PASSED] - delay: Delayed 2 second(s)

2019-01-08 18:59:53 - [MESSAGE][PASSED] - Delayed 2 second(s)

2019-01-08 18:59:53 - [TEST_STEP][PASSED] - click: Object: 'Object Repository/Final Object Repo/New Registration - Registration Module Pages/Form 2/EmploymentStartDate Pop Up' is clicked on

2019-01-08 18:59:53 - [MESSAGE][PASSED] - Object: 'Object Repository/Final Object Repo/New Registration - Registration Module Pages/Form 2/EmploymentStartDate Pop Up' is clicked on

2019-01-08 18:59:53 - [TEST_STEP][PASSED] - delay: Delayed 2 second(s)

2019-01-08 18:59:55 - [MESSAGE][PASSED] - Delayed 2 second(s)

2019-01-08 18:59:55 - [TEST_STEP][PASSED] - click: Object: 'Object Repository/Final Object Repo/New Registration - Registration Module Pages/Form 2/Socso Employment StartDate Month' is clicked on

2019-01-08 18:59:55 - [MESSAGE][PASSED] - Object: 'Object Repository/Final Object Repo/New Registration - Registration Module Pages/Form 2/Socso Employment StartDate Month' is clicked on

2019-01-08 18:59:55 - [TEST_STEP][PASSED] - delay: Delayed 1 second(s)

2019-01-08 18:59:56 - [MESSAGE][PASSED] - Delayed 1 second(s)

2019-01-08 18:59:56 - [TEST_STEP][PASSED] - click: Object: 'Object Repository/Final Object Repo/New Registration - Registration Module Pages/Form 2/Select Socso Employement Startdate Month' is clicked on

2019-01-08 18:59:56 - [MESSAGE][PASSED] - Object: 'Object Repository/Final Object Repo/New Registration - Registration Module Pages/Form 2/Select Socso Employement Startdate Month' is clicked on

2019-01-08 18:59:56 - [TEST_STEP][PASSED] - delay: Delayed 2 second(s)

2019-01-08 18:59:58 - [MESSAGE][PASSED] - Delayed 2 second(s)

2019-01-08 18:59:58 - [TEST_STEP][PASSED] - click: Object: 'Object Repository/Final Object Repo/New Registration - Registration Module Pages/Form 2/Socso Employment StartDate Year' is clicked on

2019-01-08 18:59:59 - [MESSAGE][PASSED] - Object: 'Object Repository/Final Object Repo/New Registration - Registration Module Pages/Form 2/Socso Employment StartDate Year' is clicked on

2019-01-08 18:59:59 - [TEST_STEP][PASSED] - delay: Delayed 1 second(s)

2019-01-08 19:00:00 - [MESSAGE][PASSED] - Delayed 1 second(s)

2019-01-08 19:00:00 - [TEST_STEP][PASSED] - click: Object: 'Object Repository/Final Object Repo/New Registration - Registration Module Pages/Form 2/Select Socso Employment Startdate Year' is clicked on

2019-01-08 19:00:00 - [MESSAGE][PASSED] - Object: 'Object Repository/Final Object Repo/New Registration - Registration Module Pages/Form 2/Select Socso Employment Startdate Year' is clicked on

2019-01-08 19:00:00 - [TEST_STEP][PASSED] - delay: Delayed 2 second(s)

2019-01-08 19:00:02 - [MESSAGE][PASSED] - Delayed 2 second(s)

2019-01-08 19:00:02 - [TEST_STEP][PASSED] - click: Object: 'Object Repository/Final Object Repo/New Registration - Registration Module Pages/Form 2/Socso Employment Start Date Day' is clicked on

2019-01-08 19:00:02 - [MESSAGE][PASSED] - Object: 'Object Repository/Final Object Repo/New Registration - Registration Module Pages/Form 2/Socso Employment Start Date Day' is clicked on

2019-01-08 19:00:02 - [TEST_STEP][PASSED] - delay: Delayed 2 second(s)

2019-01-08 19:00:04 - [MESSAGE][PASSED] - Delayed 2 second(s)

2019-01-08 19:00:04 - [TEST_STEP][PASSED] - click: Object: 'Object Repository/Final Object Repo/New Registration - Registration Module Pages/Form 2/Save Button for Add Employee' is clicked on

2019-01-08 19:00:04 - [MESSAGE][PASSED] - Object: 'Object Repository/Final Object Repo/New Registration - Registration Module Pages/Form 2/Save Button for Add Employee' is clicked on

2019-01-08 19:00:04 - [TEST_STEP][PASSED] - delay: Delayed 6 second(s)

2019-01-08 19:00:10 - [MESSAGE][PASSED] - Delayed 6 second(s)

2019-01-08 19:00:10 - [TEST_STEP][PASSED] - click: Object: 'Object Repository/Final Object Repo/New Registration - Registration Module Pages/Form 2/Add Employee Button' is clicked on

2019-01-08 19:00:10 - [MESSAGE][PASSED] - Object: 'Object Repository/Final Object Repo/New Registration - Registration Module Pages/Form 2/Add Employee Button' is clicked on

2019-01-08 19:00:10 - [TEST_STEP][PASSED] - delay: Delayed 4 second(s)

2019-01-08 19:00:14 - [MESSAGE][PASSED] - Delayed 4 second(s)

2019-01-08 19:00:14 - [TEST_STEP][PASSED] - setText: Text '620904059691' is set on object 'Object Repository/Final Object Repo/New Registration - Registration Module Pages/Form 2/NRIC Input'

2019-01-08 19:00:15 - [MESSAGE][PASSED] - Text '620904059691' is set on object 'Object Repository/Final Object Repo/New Registration - Registration Module Pages/Form 2/NRIC Input'

2019-01-08 19:00:15 - [TEST_STEP][PASSED] - click: Object: 'Object Repository/Final Object Repo/New Registration - Registration Module Pages/Form 2/button for search for IC' is clicked on

2019-01-08 19:00:15 - [MESSAGE][PASSED] - Object: 'Object Repository/Final Object Repo/New Registration - Registration Module Pages/Form 2/button for search for IC' is clicked on

2019-01-08 19:00:15 - [TEST_STEP][PASSED] - delay: Delayed 2 second(s)

2019-01-08 19:00:17 - [MESSAGE][PASSED] - Delayed 2 second(s)

2019-01-08 19:00:17 - [TEST_STEP][PASSED] - setText: Text 'Automate001 eligible 2' is set on object 'Object Repository/Final Object Repo/New Registration - Registration Module Pages/Form 2/Employee Name Input'

2019-01-08 19:00:17 - [MESSAGE][PASSED] - Text 'Automate001 eligible 2' is set on object 'Object Repository/Final Object Repo/New Registration - Registration Module Pages/Form 2/Employee Name Input'

2019-01-08 19:00:17 - [TEST_STEP][PASSED] - delay: Delayed 2 second(s)

2019-01-08 19:00:19 - [MESSAGE][PASSED] - Delayed 2 second(s)

2019-01-08 19:00:19 - [TEST_STEP][PASSED] - click: Object: 'Object Repository/Final Object Repo/New Registration - Registration Module Pages/Form 2/DatePicker Pop Up' is clicked on

2019-01-08 19:00:19 - [MESSAGE][PASSED] - Object: 'Object Repository/Final Object Repo/New Registration - Registration Module Pages/Form 2/DatePicker Pop Up' is clicked on

2019-01-08 19:00:19 - [TEST_STEP][PASSED] - delay: Delayed 2 second(s)

2019-01-08 19:00:21 - [MESSAGE][PASSED] - Delayed 2 second(s)

2019-01-08 19:00:21 - [TEST_STEP][PASSED] - click: Object: 'Object Repository/Final Object Repo/New Registration - Registration Module Pages/Form 2/DOB Month' is clicked on

2019-01-08 19:00:21 - [MESSAGE][PASSED] - Object: 'Object Repository/Final Object Repo/New Registration - Registration Module Pages/Form 2/DOB Month' is clicked on

2019-01-08 19:00:21 - [TEST_STEP][PASSED] - Statement - selectMonth = com.kms.katalon.core.webui.keyword.WebUiBuiltInKeywords.modifyObjectProperty(selectMonth, "xpath", "equals", "//body/div/div/div/select/option[@value="" + CurrentMonth + ""]", true): Modify property of object successfully

2019-01-08 19:00:21 - [MESSAGE][PASSED] - Modify property of object successfully

2019-01-08 19:00:21 - [TEST_STEP][PASSED] - click: Object: '' is clicked on

2019-01-08 19:00:22 - [MESSAGE][PASSED] - Object: '' is clicked on

2019-01-08 19:00:22 - [TEST_STEP][PASSED] - click: Object: 'Object Repository/Final Object Repo/New Registration - Registration Module Pages/Form 2/DOB Year' is clicked on

2019-01-08 19:00:22 - [MESSAGE][PASSED] - Object: 'Object Repository/Final Object Repo/New Registration - Registration Module Pages/Form 2/DOB Year' is clicked on

2019-01-08 19:00:22 - [TEST_STEP][PASSED] - Statement - selectYear = com.kms.katalon.core.webui.keyword.WebUiBuiltInKeywords.modifyObjectProperty(selectYear, "xpath", "equals", "//div/div/div/select/option[@value="" + FiftysevenYrsBefore + ""]", true): Modify property of object successfully

2019-01-08 19:00:22 - [MESSAGE][PASSED] - Modify property of object successfully

2019-01-08 19:00:22 - [TEST_STEP][PASSED] - click: Object: '' is clicked on

2019-01-08 19:00:22 - [MESSAGE][PASSED] - Object: '' is clicked on

2019-01-08 19:00:22 - [TEST_STEP][PASSED] - Statement - UpdatedSelectDate = com.kms.katalon.core.webui.keyword.WebUiBuiltInKeywords.modifyObjectProperty(com.kms.katalon.core.testobject.ObjectRepository.findTestObject(Final Object Repo/New Registration - Registration Module Pages/Form 2/DOB Date), "xpath", "equals", "//body/div/table/tbody/tr/td/a[text()="" + OneDayBefore + ""]", true): Modify property of object successfully

2019-01-08 19:00:22 - [MESSAGE][PASSED] - Modify property of object successfully

2019-01-08 19:00:22 - [TEST_STEP][PASSED] - click: Object: 'Object Repository/Final Object Repo/New Registration - Registration Module Pages/Form 2/DOB Date' is clicked on

2019-01-08 19:00:22 - [MESSAGE][PASSED] - Object: 'Object Repository/Final Object Repo/New Registration - Registration Module Pages/Form 2/DOB Date' is clicked on

2019-01-08 19:00:22 - [TEST_STEP][PASSED] - delay: Delayed 2 second(s)

2019-01-08 19:00:24 - [MESSAGE][PASSED] - Delayed 2 second(s)

2019-01-08 19:00:24 - [TEST_STEP][PASSED] - click: Object: 'Object Repository/Final Object Repo/New Registration - Registration Module Pages/Form 2/EmploymentStartDate Pop Up' is clicked on

2019-01-08 19:00:24 - [MESSAGE][PASSED] - Object: 'Object Repository/Final Object Repo/New Registration - Registration Module Pages/Form 2/EmploymentStartDate Pop Up' is clicked on

2019-01-08 19:00:24 - [TEST_STEP][PASSED] - delay: Delayed 2 second(s)

2019-01-08 19:00:26 - [MESSAGE][PASSED] - Delayed 2 second(s)

2019-01-08 19:00:26 - [TEST_STEP][PASSED] - click: Object: 'Object Repository/Final Object Repo/New Registration - Registration Module Pages/Form 2/Socso Employment StartDate Month' is clicked on

2019-01-08 19:00:26 - [MESSAGE][PASSED] - Object: 'Object Repository/Final Object Repo/New Registration - Registration Module Pages/Form 2/Socso Employment StartDate Month' is clicked on

2019-01-08 19:00:26 - [TEST_STEP][PASSED] - delay: Delayed 1 second(s)

2019-01-08 19:00:27 - [MESSAGE][PASSED] - Delayed 1 second(s)

2019-01-08 19:00:27 - [TEST_STEP][PASSED] - click: Object: 'Object Repository/Final Object Repo/New Registration - Registration Module Pages/Form 2/Select Socso Employement Startdate Month' is clicked on

2019-01-08 19:00:27 - [MESSAGE][PASSED] - Object: 'Object Repository/Final Object Repo/New Registration - Registration Module Pages/Form 2/Select Socso Employement Startdate Month' is clicked on

2019-01-08 19:00:27 - [TEST_STEP][PASSED] - delay: Delayed 2 second(s)

2019-01-08 19:00:29 - [MESSAGE][PASSED] - Delayed 2 second(s)

2019-01-08 19:00:29 - [TEST_STEP][PASSED] - click: Object: 'Object Repository/Final Object Repo/New Registration - Registration Module Pages/Form 2/Socso Employment StartDate Year' is clicked on

2019-01-08 19:00:30 - [MESSAGE][PASSED] - Object: 'Object Repository/Final Object Repo/New Registration - Registration Module Pages/Form 2/Socso Employment StartDate Year' is clicked on

2019-01-08 19:00:30 - [TEST_STEP][PASSED] - delay: Delayed 1 second(s)

2019-01-08 19:00:31 - [MESSAGE][PASSED] - Delayed 1 second(s)

2019-01-08 19:00:31 - [TEST_STEP][PASSED] - click: Object: 'Object Repository/Final Object Repo/New Registration - Registration Module Pages/Form 2/Select Socso Employment Startdate Year' is clicked on

2019-01-08 19:00:31 - [MESSAGE][PASSED] - Object: 'Object Repository/Final Object Repo/New Registration - Registration Module Pages/Form 2/Select Socso Employment Startdate Year' is clicked on

2019-01-08 19:00:31 - [TEST_STEP][PASSED] - delay: Delayed 2 second(s)

2019-01-08 19:00:33 - [MESSAGE][PASSED] - Delayed 2 second(s)

2019-01-08 19:00:33 - [TEST_STEP][PASSED] - click: Object: 'Object Repository/Final Object Repo/New Registration - Registration Module Pages/Form 2/Socso Employment Start Date Day' is clicked on

2019-01-08 19:00:33 - [MESSAGE][PASSED] - Object: 'Object Repository/Final Object Repo/New Registration - Registration Module Pages/Form 2/Socso Employment Start Date Day' is clicked on

2019-01-08 19:00:33 - [TEST_STEP][PASSED] - delay: Delayed 2 second(s)

2019-01-08 19:00:35 - [MESSAGE][PASSED] - Delayed 2 second(s)

2019-01-08 19:00:35 - [TEST_STEP][PASSED] - click: Object: 'Object Repository/Final Object Repo/New Registration - Registration Module Pages/Form 2/Save Button for Add Employee' is clicked on

2019-01-08 19:00:35 - [MESSAGE][PASSED] - Object: 'Object Repository/Final Object Repo/New Registration - Registration Module Pages/Form 2/Save Button for Add Employee' is clicked on

2019-01-08 19:00:35 - [TEST_STEP][PASSED] - delay: Delayed 4 second(s)

2019-01-08 19:00:39 - [MESSAGE][PASSED] - Delayed 4 second(s)

2019-01-08 19:00:39 - [TEST_STEP][PASSED] - delay: Delayed 30 second(s)

2019-01-08 19:01:09 - [MESSAGE][PASSED] - Delayed 30 second(s)

2019-01-08 19:01:09 - [TEST_STEP][PASSED] - click: Object: 'Object Repository/Final Object Repo/New Registration - Registration Module Pages/Form 2/Add Employee Button' is clicked on

2019-01-08 19:01:09 - [MESSAGE][PASSED] - Object: 'Object Repository/Final Object Repo/New Registration - Registration Module Pages/Form 2/Add Employee Button' is clicked on

2019-01-08 19:01:09 - [TEST_STEP][PASSED] - delay: Delayed 4 second(s)

2019-01-08 19:01:13 - [MESSAGE][PASSED] - Delayed 4 second(s)

2019-01-08 19:01:13 - [TEST_STEP][PASSED] - setText: Text '000209039145' is set on object 'Object Repository/Final Object Repo/New Registration - Registration Module Pages/Form 2/NRIC Input'

2019-01-08 19:01:14 - [MESSAGE][PASSED] - Text '000209039145' is set on object 'Object Repository/Final Object Repo/New Registration - Registration Module Pages/Form 2/NRIC Input'

2019-01-08 19:01:14 - [TEST_STEP][PASSED] - click: Object: 'Object Repository/Final Object Repo/New Registration - Registration Module Pages/Form 2/button for search for IC' is clicked on

2019-01-08 19:01:14 - [MESSAGE][PASSED] - Object: 'Object Repository/Final Object Repo/New Registration - Registration Module Pages/Form 2/button for search for IC' is clicked on

2019-01-08 19:01:14 - [TEST_STEP][PASSED] - delay: Delayed 2 second(s)

2019-01-08 19:01:16 - [MESSAGE][PASSED] - Delayed 2 second(s)

2019-01-08 19:01:16 - [TEST_STEP][PASSED] - setText: Text 'Automate001 not eligible 1' is set on object 'Object Repository/Final Object Repo/New Registration - Registration Module Pages/Form 2/Employee Name Input'

2019-01-08 19:01:16 - [MESSAGE][PASSED] - Text 'Automate001 not eligible 1' is set on object 'Object Repository/Final Object Repo/New Registration - Registration Module Pages/Form 2/Employee Name Input'

2019-01-08 19:01:16 - [TEST_STEP][PASSED] - delay: Delayed 2 second(s)

2019-01-08 19:01:18 - [MESSAGE][PASSED] - Delayed 2 second(s)

2019-01-08 19:01:18 - [TEST_STEP][PASSED] - click: Object: 'Object Repository/Final Object Repo/New Registration - Registration Module Pages/Form 2/DatePicker Pop Up' is clicked on

2019-01-08 19:01:19 - [MESSAGE][PASSED] - Object: 'Object Repository/Final Object Repo/New Registration - Registration Module Pages/Form 2/DatePicker Pop Up' is clicked on

2019-01-08 19:01:19 - [TEST_STEP][PASSED] - delay: Delayed 2 second(s)

2019-01-08 19:01:21 - [MESSAGE][PASSED] - Delayed 2 second(s)

2019-01-08 19:01:21 - [TEST_STEP][PASSED] - click: Object: 'Object Repository/Final Object Repo/New Registration - Registration Module Pages/Form 2/DOB Month' is clicked on

2019-01-08 19:01:21 - [MESSAGE][PASSED] - Object: 'Object Repository/Final Object Repo/New Registration - Registration Module Pages/Form 2/DOB Month' is clicked on

2019-01-08 19:01:21 - [TEST_STEP][PASSED] - Statement - selectMonth = com.kms.katalon.core.webui.keyword.WebUiBuiltInKeywords.modifyObjectProperty(selectMonth, "xpath", "equals", "//body/div/div/div/select/option[@value="" + CurrentMonth + ""]", true): Modify property of object successfully

2019-01-08 19:01:21 - [MESSAGE][PASSED] - Modify property of object successfully

2019-01-08 19:01:21 - [TEST_STEP][PASSED] - click: Object: '' is clicked on

2019-01-08 19:01:21 - [MESSAGE][PASSED] - Object: '' is clicked on

2019-01-08 19:01:21 - [TEST_STEP][PASSED] - click: Object: 'Object Repository/Final Object Repo/New Registration - Registration Module Pages/Form 2/DOB Year' is clicked on

2019-01-08 19:01:21 - [MESSAGE][PASSED] - Object: 'Object Repository/Final Object Repo/New Registration - Registration Module Pages/Form 2/DOB Year' is clicked on

2019-01-08 19:01:21 - [TEST_STEP][PASSED] - Statement - selectYear = com.kms.katalon.core.webui.keyword.WebUiBuiltInKeywords.modifyObjectProperty(selectYear, "xpath", "equals", "//div/div/div/select/option[@value="" + EighteenYrsBefore + ""]", true): Modify property of object successfully

2019-01-08 19:01:21 - [MESSAGE][PASSED] - Modify property of object successfully

2019-01-08 19:01:21 - [TEST_STEP][PASSED] - click: Object: '' is clicked on

2019-01-08 19:01:21 - [MESSAGE][PASSED] - Object: '' is clicked on

2019-01-08 19:01:21 - [TEST_STEP][PASSED] - Statement - UpdatedSelectDate = com.kms.katalon.core.webui.keyword.WebUiBuiltInKeywords.modifyObjectProperty(com.kms.katalon.core.testobject.ObjectRepository.findTestObject(Final Object Repo/New Registration - Registration Module Pages/Form 2/DOB Date), "xpath", "equals", "//body/div/table/tbody/tr/td/a[text()="" + OneDayBefore + ""]", true): Modify property of object successfully

2019-01-08 19:01:21 - [MESSAGE][PASSED] - Modify property of object successfully

2019-01-08 19:01:21 - [TEST_STEP][PASSED] - click: Object: 'Object Repository/Final Object Repo/New Registration - Registration Module Pages/Form 2/DOB Date' is clicked on

2019-01-08 19:01:21 - [MESSAGE][PASSED] - Object: 'Object Repository/Final Object Repo/New Registration - Registration Module Pages/Form 2/DOB Date' is clicked on

2019-01-08 19:01:21 - [TEST_STEP][PASSED] - delay: Delayed 2 second(s)

2019-01-08 19:01:23 - [MESSAGE][PASSED] - Delayed 2 second(s)

2019-01-08 19:01:23 - [TEST_STEP][PASSED] - click: Object: 'Object Repository/Final Object Repo/New Registration - Registration Module Pages/Form 2/EmploymentStartDate Pop Up' is clicked on

2019-01-08 19:01:23 - [MESSAGE][PASSED] - Object: 'Object Repository/Final Object Repo/New Registration - Registration Module Pages/Form 2/EmploymentStartDate Pop Up' is clicked on

2019-01-08 19:01:23 - [TEST_STEP][PASSED] - delay: Delayed 2 second(s)

2019-01-08 19:01:25 - [MESSAGE][PASSED] - Delayed 2 second(s)

2019-01-08 19:01:25 - [TEST_STEP][PASSED] - click: Object: 'Object Repository/Final Object Repo/New Registration - Registration Module Pages/Form 2/Socso Employment StartDate Month' is clicked on

2019-01-08 19:01:26 - [MESSAGE][PASSED] - Object: 'Object Repository/Final Object Repo/New Registration - Registration Module Pages/Form 2/Socso Employment StartDate Month' is clicked on

2019-01-08 19:01:26 - [TEST_STEP][PASSED] - delay: Delayed 1 second(s)

2019-01-08 19:01:27 - [MESSAGE][PASSED] - Delayed 1 second(s)

2019-01-08 19:01:27 - [TEST_STEP][PASSED] - click: Object: 'Object Repository/Final Object Repo/New Registration - Registration Module Pages/Form 2/Select Socso Employement Startdate Month' is clicked on

2019-01-08 19:01:27 - [MESSAGE][PASSED] - Object: 'Object Repository/Final Object Repo/New Registration - Registration Module Pages/Form 2/Select Socso Employement Startdate Month' is clicked on

2019-01-08 19:01:27 - [TEST_STEP][PASSED] - delay: Delayed 2 second(s)

2019-01-08 19:01:29 - [MESSAGE][PASSED] - Delayed 2 second(s)

2019-01-08 19:01:29 - [TEST_STEP][PASSED] - click: Object: 'Object Repository/Final Object Repo/New Registration - Registration Module Pages/Form 2/Socso Employment StartDate Year' is clicked on

2019-01-08 19:01:29 - [MESSAGE][PASSED] - Object: 'Object Repository/Final Object Repo/New Registration - Registration Module Pages/Form 2/Socso Employment StartDate Year' is clicked on

2019-01-08 19:01:29 - [TEST_STEP][PASSED] - delay: Delayed 1 second(s)

2019-01-08 19:01:30 - [MESSAGE][PASSED] - Delayed 1 second(s)

2019-01-08 19:01:30 - [TEST_STEP][PASSED] - click: Object: 'Object Repository/Final Object Repo/New Registration - Registration Module Pages/Form 2/Select Socso Employment Startdate Year' is clicked on

2019-01-08 19:01:30 - [MESSAGE][PASSED] - Object: 'Object Repository/Final Object Repo/New Registration - Registration Module Pages/Form 2/Select Socso Employment Startdate Year' is clicked on

2019-01-08 19:01:30 - [TEST_STEP][PASSED] - delay: Delayed 2 second(s)

2019-01-08 19:01:32 - [MESSAGE][PASSED] - Delayed 2 second(s)

2019-01-08 19:01:32 - [TEST_STEP][PASSED] - click: Object: 'Object Repository/Final Object Repo/New Registration - Registration Module Pages/Form 2/Socso Employment Start Date Day' is clicked on

2019-01-08 19:01:32 - [MESSAGE][PASSED] - Object: 'Object Repository/Final Object Repo/New Registration - Registration Module Pages/Form 2/Socso Employment Start Date Day' is clicked on

2019-01-08 19:01:32 - [TEST_STEP][PASSED] - delay: Delayed 2 second(s)

2019-01-08 19:01:34 - [MESSAGE][PASSED] - Delayed 2 second(s)

2019-01-08 19:01:34 - [TEST_STEP][PASSED] - click: Object: 'Object Repository/Final Object Repo/New Registration - Registration Module Pages/Form 2/Save Button for Add Employee' is clicked on

2019-01-08 19:01:34 - [MESSAGE][PASSED] - Object: 'Object Repository/Final Object Repo/New Registration - Registration Module Pages/Form 2/Save Button for Add Employee' is clicked on

2019-01-08 19:01:34 - [TEST_STEP][PASSED] - delay: Delayed 6 second(s)

2019-01-08 19:01:40 - [MESSAGE][PASSED] - Delayed 6 second(s)

2019-01-08 19:01:40 - [TEST_STEP][PASSED] - click: Object: 'Object Repository/Final Object Repo/New Registration - Registration Module Pages/Form 2/Add Employee Button' is clicked on

2019-01-08 19:01:41 - [MESSAGE][PASSED] - Object: 'Object Repository/Final Object Repo/New Registration - Registration Module Pages/Form 2/Add Employee Button' is clicked on

2019-01-08 19:01:41 - [TEST_STEP][PASSED] - delay: Delayed 4 second(s)

2019-01-08 19:01:45 - [MESSAGE][PASSED] - Delayed 4 second(s)

2019-01-08 19:01:45 - [TEST_STEP][PASSED] - setText: Text '600203039154' is set on object 'Object Repository/Final Object Repo/New Registration - Registration Module Pages/Form 2/NRIC Input'

2019-01-08 19:01:45 - [MESSAGE][PASSED] - Text '600203039154' is set on object 'Object Repository/Final Object Repo/New Registration - Registration Module Pages/Form 2/NRIC Input'

2019-01-08 19:01:45 - [TEST_STEP][PASSED] - click: Object: 'Object Repository/Final Object Repo/New Registration - Registration Module Pages/Form 2/button for search for IC' is clicked on

2019-01-08 19:01:45 - [MESSAGE][PASSED] - Object: 'Object Repository/Final Object Repo/New Registration - Registration Module Pages/Form 2/button for search for IC' is clicked on

2019-01-08 19:01:45 - [TEST_STEP][PASSED] - delay: Delayed 2 second(s)

2019-01-08 19:01:47 - [MESSAGE][PASSED] - Delayed 2 second(s)

2019-01-08 19:01:47 - [TEST_STEP][PASSED] - setText: Text 'Automate001 not eligible 2' is set on object 'Object Repository/Final Object Repo/New Registration - Registration Module Pages/Form 2/Employee Name Input'

2019-01-08 19:01:48 - [MESSAGE][PASSED] - Text 'Automate001 not eligible 2' is set on object 'Object Repository/Final Object Repo/New Registration - Registration Module Pages/Form 2/Employee Name Input'

2019-01-08 19:01:48 - [TEST_STEP][PASSED] - delay: Delayed 2 second(s)

2019-01-08 19:01:50 - [MESSAGE][PASSED] - Delayed 2 second(s)

2019-01-08 19:01:50 - [TEST_STEP][PASSED] - click: Object: 'Object Repository/Final Object Repo/New Registration - Registration Module Pages/Form 2/DatePicker Pop Up' is clicked on

2019-01-08 19:01:50 - [MESSAGE][PASSED] - Object: 'Object Repository/Final Object Repo/New Registration - Registration Module Pages/Form 2/DatePicker Pop Up' is clicked on

2019-01-08 19:01:50 - [TEST_STEP][PASSED] - delay: Delayed 2 second(s)

2019-01-08 19:01:52 - [MESSAGE][PASSED] - Delayed 2 second(s)

2019-01-08 19:01:52 - [TEST_STEP][PASSED] - click: Object: 'Object Repository/Final Object Repo/New Registration - Registration Module Pages/Form 2/DOB Month' is clicked on

2019-01-08 19:01:52 - [MESSAGE][PASSED] - Object: 'Object Repository/Final Object Repo/New Registration - Registration Module Pages/Form 2/DOB Month' is clicked on

2019-01-08 19:01:52 - [TEST_STEP][PASSED] - Statement - selectMonth = com.kms.katalon.core.webui.keyword.WebUiBuiltInKeywords.modifyObjectProperty(selectMonth, "xpath", "equals", "//body/div/div/div/select/option[@value="" + CurrentMonth + ""]", true): Modify property of object successfully

2019-01-08 19:01:52 - [MESSAGE][PASSED] - Modify property of object successfully

2019-01-08 19:01:52 - [TEST_STEP][PASSED] - click: Object: '' is clicked on

2019-01-08 19:01:52 - [MESSAGE][PASSED] - Object: '' is clicked on

2019-01-08 19:01:52 - [TEST_STEP][PASSED] - click: Object: 'Object Repository/Final Object Repo/New Registration - Registration Module Pages/Form 2/DOB Year' is clicked on

2019-01-08 19:01:52 - [MESSAGE][PASSED] - Object: 'Object Repository/Final Object Repo/New Registration - Registration Module Pages/Form 2/DOB Year' is clicked on

2019-01-08 19:01:52 - [TEST_STEP][PASSED] - Statement - selectYear = com.kms.katalon.core.webui.keyword.WebUiBuiltInKeywords.modifyObjectProperty(selectYear, "xpath", "equals", "//div/div/div/select/option[@value="" + FiftysevenYrsBefore + ""]", true): Modify property of object successfully

2019-01-08 19:01:52 - [MESSAGE][PASSED] - Modify property of object successfully

2019-01-08 19:01:52 - [TEST_STEP][PASSED] - click: Object: '' is clicked on

2019-01-08 19:01:52 - [MESSAGE][PASSED] - Object: '' is clicked on

2019-01-08 19:01:52 - [TEST_STEP][PASSED] - Statement - UpdatedSelectDate = com.kms.katalon.core.webui.keyword.WebUiBuiltInKeywords.modifyObjectProperty(com.kms.katalon.core.testobject.ObjectRepository.findTestObject(Final Object Repo/New Registration - Registration Module Pages/Form 2/DOB Date), "xpath", "equals", "//body/div/table/tbody/tr/td/a[text()="" + CurrentDate + ""]", true): Modify property of object successfully

2019-01-08 19:01:52 - [MESSAGE][PASSED] - Modify property of object successfully

2019-01-08 19:01:52 - [TEST_STEP][PASSED] - click: Object: 'Object Repository/Final Object Repo/New Registration - Registration Module Pages/Form 2/DOB Date' is clicked on

2019-01-08 19:01:53 - [MESSAGE][PASSED] - Object: 'Object Repository/Final Object Repo/New Registration - Registration Module Pages/Form 2/DOB Date' is clicked on

2019-01-08 19:01:53 - [TEST_STEP][PASSED] - click: Object: 'Object Repository/Final Object Repo/New Registration - Registration Module Pages/Form 2/EmploymentStartDate Pop Up' is clicked on

2019-01-08 19:01:53 - [MESSAGE][PASSED] - Object: 'Object Repository/Final Object Repo/New Registration - Registration Module Pages/Form 2/EmploymentStartDate Pop Up' is clicked on

2019-01-08 19:01:53 - [TEST_STEP][PASSED] - delay: Delayed 2 second(s)

2019-01-08 19:01:55 - [MESSAGE][PASSED] - Delayed 2 second(s)

2019-01-08 19:01:55 - [TEST_STEP][PASSED] - click: Object: 'Object Repository/Final Object Repo/New Registration - Registration Module Pages/Form 2/Socso Employment StartDate Month' is clicked on

2019-01-08 19:01:55 - [MESSAGE][PASSED] - Object: 'Object Repository/Final Object Repo/New Registration - Registration Module Pages/Form 2/Socso Employment StartDate Month' is clicked on

2019-01-08 19:01:55 - [TEST_STEP][PASSED] - delay: Delayed 1 second(s)

2019-01-08 19:01:56 - [MESSAGE][PASSED] - Delayed 1 second(s)

2019-01-08 19:01:56 - [TEST_STEP][PASSED] - click: Object: 'Object Repository/Final Object Repo/New Registration - Registration Module Pages/Form 2/Select Socso Employement Startdate Month' is clicked on

2019-01-08 19:01:56 - [MESSAGE][PASSED] - Object: 'Object Repository/Final Object Repo/New Registration - Registration Module Pages/Form 2/Select Socso Employement Startdate Month' is clicked on

2019-01-08 19:01:56 - [TEST_STEP][PASSED] - delay: Delayed 2 second(s)

2019-01-08 19:01:58 - [MESSAGE][PASSED] - Delayed 2 second(s)

2019-01-08 19:01:58 - [TEST_STEP][PASSED] - click: Object: 'Object Repository/Final Object Repo/New Registration - Registration Module Pages/Form 2/Socso Employment StartDate Year' is clicked on

2019-01-08 19:01:58 - [MESSAGE][PASSED] - Object: 'Object Repository/Final Object Repo/New Registration - Registration Module Pages/Form 2/Socso Employment StartDate Year' is clicked on

2019-01-08 19:01:58 - [TEST_STEP][PASSED] - delay: Delayed 1 second(s)

2019-01-08 19:01:59 - [MESSAGE][PASSED] - Delayed 1 second(s)

2019-01-08 19:01:59 - [TEST_STEP][PASSED] - click: Object: 'Object Repository/Final Object Repo/New Registration - Registration Module Pages/Form 2/Select Socso Employment Startdate Year' is clicked on

2019-01-08 19:01:59 - [MESSAGE][PASSED] - Object: 'Object Repository/Final Object Repo/New Registration - Registration Module Pages/Form 2/Select Socso Employment Startdate Year' is clicked on

2019-01-08 19:01:59 - [TEST_STEP][PASSED] - delay: Delayed 2 second(s)

2019-01-08 19:02:01 - [MESSAGE][PASSED] - Delayed 2 second(s)

2019-01-08 19:02:01 - [TEST_STEP][PASSED] - click: Object: 'Object Repository/Final Object Repo/New Registration - Registration Module Pages/Form 2/Socso Employment Start Date Day' is clicked on

2019-01-08 19:02:01 - [MESSAGE][PASSED] - Object: 'Object Repository/Final Object Repo/New Registration - Registration Module Pages/Form 2/Socso Employment Start Date Day' is clicked on

2019-01-08 19:02:01 - [TEST_STEP][PASSED] - delay: Delayed 2 second(s)

2019-01-08 19:02:03 - [MESSAGE][PASSED] - Delayed 2 second(s)

2019-01-08 19:02:03 - [TEST_STEP][PASSED] - click: Object: 'Object Repository/Final Object Repo/New Registration - Registration Module Pages/Form 2/Save Button for Add Employee' is clicked on

2019-01-08 19:02:04 - [MESSAGE][PASSED] - Object: 'Object Repository/Final Object Repo/New Registration - Registration Module Pages/Form 2/Save Button for Add Employee' is clicked on

2019-01-08 19:02:04 - [TEST_STEP][PASSED] - delay: Delayed 2 second(s)

2019-01-08 19:02:06 - [MESSAGE][PASSED] - Delayed 2 second(s)

2019-01-08 19:02:06 - [TEST_STEP][PASSED] - click: Object: 'Object Repository/Final Object Repo/New Registration - Registration Module Pages/Form 2/Save and Continue Form 2' is clicked on

2019-01-08 19:02:06 - [MESSAGE][PASSED] - Object: 'Object Repository/Final Object Repo/New Registration - Registration Module Pages/Form 2/Save and Continue Form 2' is clicked on

2019-01-08 19:02:06 - [MESSAGE][PASSED] - Call Test Case 'Test Cases/Final Aug 2018 - PKS Automation/Registration Module/New Registration/Form 2/Add 2 Eligible 2 Not Eligible' successfully

2019-01-08 19:02:06 - [TEST_STEP][PASSED] - callTestCase: Call Test Case 'Test Cases/Final Aug 2018 - PKS Automation/Registration Module/New Registration/Flow of New Registration/Third Screen - Upload Supporting Doc - Preview' successfully

2019-01-08 19:02:06 - [TEST_CASE][PASSED] - Test Cases/Final Aug 2018 - PKS Automation/Registration Module/New Registration/Flow of New Registration/Third Screen - Upload Supporting Doc - Preview: Test Cases/Final Aug 2018 - PKS Automation/Registration Module/New Registration/Flow of New Registration/Third Screen - Upload Supporting Doc - Preview

2019-01-08 19:02:06 - [TEST_STEP][PASSED] - waitForPageLoad: Wait for page load successfully

2019-01-08 19:02:07 - [MESSAGE][PASSED] - Wait for page load successfully

2019-01-08 19:02:07 - [TEST_STEP][PASSED] - Statement - CaseReferenceNo = com.kms.katalon.core.webui.keyword.WebUiBuiltInKeywords.getText(com.kms.katalon.core.testobject.ObjectRepository.findTestObject(Final Object Repo/New Registration - Registration Module Pages/Third Screen - Upload Supporting Doc- Preview/RefNo Acquiring)): Text of object 'Object Repository/Final Object Repo/New Registration - Registration Module Pages/Third Screen - Upload Supporting Doc- Preview/RefNo Acquiring' is: 'CRN01201900123654'

2019-01-08 19:02:07 - [MESSAGE][PASSED] - Text of object 'Object Repository/Final Object Repo/New Registration - Registration Module Pages/Third Screen - Upload Supporting Doc- Preview/RefNo Acquiring' is: 'CRN01201900123654'

2019-01-08 19:02:07 - [TEST_STEP][PASSED] - delay: Delayed 2 second(s)

2019-01-08 19:02:09 - [MESSAGE][PASSED] - Delayed 2 second(s)

2019-01-08 19:02:09 - [TEST_STEP][PASSED] - callTestCase: Call Test Case 'Test Cases/Final Aug 2018 - PKS Automation/Common/Reference Number Setter' successfully

2019-01-08 19:02:09 - [TEST_CASE][PASSED] - Test Cases/Final Aug 2018 - PKS Automation/Common/Reference Number Setter: Test Cases/Final Aug 2018 - PKS Automation/Common/Reference Number Setter

2019-01-08 19:02:09 - [TEST_STEP][PASSED] - Statement - RefNoOldFile = new java.io.File(C://Users//Admin//Desktop//PKS//Automation Reference Point//KatalonReference.txt): null

2019-01-08 19:02:09 - [TEST_STEP][PASSED] - Statement - RefNoOldFile.delete(): null

2019-01-08 19:02:09 - [TEST_STEP][PASSED] - delay: Delayed 5 second(s)

2019-01-08 19:02:14 - [MESSAGE][PASSED] - Delayed 5 second(s)

2019-01-08 19:02:14 - [TEST_STEP][PASSED] - Statement - RefNo = new java.io.File(C://Users//Admin//Desktop//PKS//Automation Reference Point//KatalonReference.txt): null

2019-01-08 19:02:14 - [TEST_STEP][PASSED] - Statement - f2 = new java.io.FileWriter(RefNo, false): null

2019-01-08 19:02:14 - [TEST_STEP][PASSED] - Statement - f2.write(CaseReferenceNo): null

2019-01-08 19:02:14 - [TEST_STEP][PASSED] - Statement - f2.close(): null

2019-01-08 19:02:14 - [TEST_STEP][PASSED] - Statement - out.println("


" + CaseReferenceNo + "


"): null

2019-01-08 19:02:14 - [MESSAGE][PASSED] - Call Test Case 'Test Cases/Final Aug 2018 - PKS Automation/Common/Reference Number Setter' successfully

2019-01-08 19:02:14 - [TEST_STEP][PASSED] - waitForElementClickable: Object 'Object Repository/Final Object Repo/New Registration - Registration Module Pages/Third Screen - Upload Supporting Doc- Preview/Save n Continue in SIP Employee Listing Page' is clickable

2019-01-08 19:02:14 - [MESSAGE][PASSED] - Object 'Object Repository/Final Object Repo/New Registration - Registration Module Pages/Third Screen - Upload Supporting Doc- Preview/Save n Continue in SIP Employee Listing Page' is clickable

2019-01-08 19:02:14 - [TEST_STEP][PASSED] - click: Object: 'Object Repository/Final Object Repo/New Registration - Registration Module Pages/Third Screen - Upload Supporting Doc- Preview/Save n Continue in SIP Employee Listing Page' is clicked on

2019-01-08 19:02:19 - [MESSAGE][PASSED] - Object: 'Object Repository/Final Object Repo/New Registration - Registration Module Pages/Third Screen - Upload Supporting Doc- Preview/Save n Continue in SIP Employee Listing Page' is clicked on

2019-01-08 19:02:19 - [TEST_STEP][PASSED] - delay: Delayed 7 second(s)

2019-01-08 19:02:26 - [MESSAGE][PASSED] - Delayed 7 second(s)

2019-01-08 19:02:26 - [TEST_STEP][PASSED] - click: Object: 'Object Repository/Final Object Repo/New Registration - Registration Module Pages/Third Screen - Upload Supporting Doc- Preview/Add Document Button' is clicked on

2019-01-08 19:02:27 - [MESSAGE][PASSED] - Object: 'Object Repository/Final Object Repo/New Registration - Registration Module Pages/Third Screen - Upload Supporting Doc- Preview/Add Document Button' is clicked on

2019-01-08 19:02:27 - [TEST_STEP][PASSED] - delay: Delayed 30 second(s)

2019-01-08 19:02:57 - [MESSAGE][PASSED] - Delayed 30 second(s)

2019-01-08 19:02:57 - [TEST_STEP][PASSED] - click: Object: 'Object Repository/Final Object Repo/New Registration - Registration Module Pages/Third Screen - Upload Supporting Doc- Preview/Supporting Doc Please Select Drop Down' is clicked on

2019-01-08 19:02:57 - [MESSAGE][PASSED] - Object: 'Object Repository/Final Object Repo/New Registration - Registration Module Pages/Third Screen - Upload Supporting Doc- Preview/Supporting Doc Please Select Drop Down' is clicked on

2019-01-08 19:02:57 - [TEST_STEP][PASSED] - delay: Delayed 2 second(s)

2019-01-08 19:02:59 - [MESSAGE][PASSED] - Delayed 2 second(s)

2019-01-08 19:02:59 - [TEST_STEP][PASSED] - click: Object: 'Object Repository/Final Object Repo/New Registration - Registration Module Pages/Third Screen - Upload Supporting Doc- Preview/Select to Upload Form 1' is clicked on

2019-01-08 19:02:59 - [MESSAGE][PASSED] - Object: 'Object Repository/Final Object Repo/New Registration - Registration Module Pages/Third Screen - Upload Supporting Doc- Preview/Select to Upload Form 1' is clicked on

2019-01-08 19:02:59 - [TEST_STEP][PASSED] - delay: Delayed 2 second(s)

2019-01-08 19:03:01 - [MESSAGE][PASSED] - Delayed 2 second(s)

2019-01-08 19:03:01 - [TEST_STEP][PASSED] - uploadFile: File 'C:\Users\Public\Pictures\Sample Pictures\Koala.jpg' sent to object: 'Object Repository/Final Object Repo/New Registration - Registration Module Pages/Third Screen - Upload Supporting Doc- Preview/Upload File Adding'

2019-01-08 19:03:01 - [MESSAGE][PASSED] - File 'C:\Users\Public\Pictures\Sample Pictures\Koala.jpg' sent to object: 'Object Repository/Final Object Repo/New Registration - Registration Module Pages/Third Screen - Upload Supporting Doc- Preview/Upload File Adding'

2019-01-08 19:03:01 - [TEST_STEP][PASSED] - delay: Delayed 5 second(s)

2019-01-08 19:03:06 - [MESSAGE][PASSED] - Delayed 5 second(s)

2019-01-08 19:03:06 - [TEST_STEP][PASSED] - click: Object: 'Object Repository/Final Object Repo/New Registration - Registration Module Pages/Third Screen - Upload Supporting Doc- Preview/Inner Form Add Document Button' is clicked on

2019-01-08 19:03:06 - [MESSAGE][PASSED] - Object: 'Object Repository/Final Object Repo/New Registration - Registration Module Pages/Third Screen - Upload Supporting Doc- Preview/Inner Form Add Document Button' is clicked on

2019-01-08 19:03:06 - [TEST_STEP][PASSED] - delay: Delayed 3 second(s)

2019-01-08 19:03:09 - [MESSAGE][PASSED] - Delayed 3 second(s)

2019-01-08 19:03:09 - [TEST_STEP][PASSED] - click: Object: 'Object Repository/Final Object Repo/New Registration - Registration Module Pages/Third Screen - Upload Supporting Doc- Preview/Add Document Button' is clicked on

2019-01-08 19:03:11 - [MESSAGE][PASSED] - Object: 'Object Repository/Final Object Repo/New Registration - Registration Module Pages/Third Screen - Upload Supporting Doc- Preview/Add Document Button' is clicked on

2019-01-08 19:03:11 - [TEST_STEP][PASSED] - delay: Delayed 30 second(s)

2019-01-08 19:03:41 - [MESSAGE][PASSED] - Delayed 30 second(s)

2019-01-08 19:03:41 - [TEST_STEP][PASSED] - click: Object: 'Object Repository/Final Object Repo/New Registration - Registration Module Pages/Third Screen - Upload Supporting Doc- Preview/Supporting Doc Please Select Drop Down' is clicked on

2019-01-08 19:03:41 - [MESSAGE][PASSED] - Object: 'Object Repository/Final Object Repo/New Registration - Registration Module Pages/Third Screen - Upload Supporting Doc- Preview/Supporting Doc Please Select Drop Down' is clicked on

2019-01-08 19:03:41 - [TEST_STEP][PASSED] - delay: Delayed 4 second(s)

2019-01-08 19:03:45 - [MESSAGE][PASSED] - Delayed 4 second(s)

2019-01-08 19:03:45 - [TEST_STEP][PASSED] - click: Object: 'Object Repository/Final Object Repo/New Registration - Registration Module Pages/Third Screen - Upload Supporting Doc- Preview/Select to Upload Form 2' is clicked on

2019-01-08 19:03:45 - [MESSAGE][PASSED] - Object: 'Object Repository/Final Object Repo/New Registration - Registration Module Pages/Third Screen - Upload Supporting Doc- Preview/Select to Upload Form 2' is clicked on

2019-01-08 19:03:45 - [TEST_STEP][PASSED] - delay: Delayed 2 second(s)

2019-01-08 19:03:47 - [MESSAGE][PASSED] - Delayed 2 second(s)

2019-01-08 19:03:47 - [TEST_STEP][PASSED] - uploadFile: File 'C:\Users\Public\Pictures\Sample Pictures\Koala.jpg' sent to object: 'Object Repository/Final Object Repo/New Registration - Registration Module Pages/Third Screen - Upload Supporting Doc- Preview/Upload File Adding'

2019-01-08 19:03:47 - [MESSAGE][PASSED] - File 'C:\Users\Public\Pictures\Sample Pictures\Koala.jpg' sent to object: 'Object Repository/Final Object Repo/New Registration - Registration Module Pages/Third Screen - Upload Supporting Doc- Preview/Upload File Adding'

2019-01-08 19:03:47 - [TEST_STEP][PASSED] - click: Object: 'Object Repository/Final Object Repo/New Registration - Registration Module Pages/Third Screen - Upload Supporting Doc- Preview/Inner Form Add Document Button' is clicked on

2019-01-08 19:03:48 - [MESSAGE][PASSED] - Object: 'Object Repository/Final Object Repo/New Registration - Registration Module Pages/Third Screen - Upload Supporting Doc- Preview/Inner Form Add Document Button' is clicked on

2019-01-08 19:03:48 - [TEST_STEP][PASSED] - delay: Delayed 5 second(s)

2019-01-08 19:03:53 - [MESSAGE][PASSED] - Delayed 5 second(s)

2019-01-08 19:03:53 - [TEST_STEP][PASSED] - click: Object: 'Object Repository/Final Object Repo/New Registration - Registration Module Pages/Third Screen - Upload Supporting Doc- Preview/Add Document Button' is clicked on

2019-01-08 19:03:53 - [MESSAGE][PASSED] - Object: 'Object Repository/Final Object Repo/New Registration - Registration Module Pages/Third Screen - Upload Supporting Doc- Preview/Add Document Button' is clicked on

2019-01-08 19:03:53 - [TEST_STEP][PASSED] - delay: Delayed 30 second(s)

2019-01-08 19:04:23 - [MESSAGE][PASSED] - Delayed 30 second(s)

2019-01-08 19:04:23 - [TEST_STEP][PASSED] - click: Object: 'Object Repository/Final Object Repo/New Registration - Registration Module Pages/Third Screen - Upload Supporting Doc- Preview/Supporting Doc Please Select Drop Down' is clicked on

2019-01-08 19:04:23 - [MESSAGE][PASSED] - Object: 'Object Repository/Final Object Repo/New Registration - Registration Module Pages/Third Screen - Upload Supporting Doc- Preview/Supporting Doc Please Select Drop Down' is clicked on

2019-01-08 19:04:23 - [TEST_STEP][PASSED] - click: Object: 'Object Repository/Final Object Repo/New Registration - Registration Module Pages/Third Screen - Upload Supporting Doc- Preview/Select to Upload Borang SIP 1' is clicked on

2019-01-08 19:04:23 - [MESSAGE][PASSED] - Object: 'Object Repository/Final Object Repo/New Registration - Registration Module Pages/Third Screen - Upload Supporting Doc- Preview/Select to Upload Borang SIP 1' is clicked on

2019-01-08 19:04:23 - [TEST_STEP][PASSED] - delay: Delayed 2 second(s)

2019-01-08 19:04:25 - [MESSAGE][PASSED] - Delayed 2 second(s)

2019-01-08 19:04:25 - [TEST_STEP][PASSED] - uploadFile: File 'C:\Users\Public\Pictures\Sample Pictures\Koala.jpg' sent to object: 'Object Repository/Final Object Repo/New Registration - Registration Module Pages/Third Screen - Upload Supporting Doc- Preview/Upload File Adding'

2019-01-08 19:04:25 - [MESSAGE][PASSED] - File 'C:\Users\Public\Pictures\Sample Pictures\Koala.jpg' sent to object: 'Object Repository/Final Object Repo/New Registration - Registration Module Pages/Third Screen - Upload Supporting Doc- Preview/Upload File Adding'

2019-01-08 19:04:25 - [TEST_STEP][PASSED] - click: Object: 'Object Repository/Final Object Repo/New Registration - Registration Module Pages/Third Screen - Upload Supporting Doc- Preview/Inner Form Add Document Button' is clicked on

2019-01-08 19:04:25 - [MESSAGE][PASSED] - Object: 'Object Repository/Final Object Repo/New Registration - Registration Module Pages/Third Screen - Upload Supporting Doc- Preview/Inner Form Add Document Button' is clicked on

2019-01-08 19:04:25 - [TEST_STEP][PASSED] - delay: Delayed 5 second(s)

2019-01-08 19:04:30 - [MESSAGE][PASSED] - Delayed 5 second(s)

2019-01-08 19:04:30 - [TEST_STEP][PASSED] - click: Object: 'Object Repository/Final Object Repo/New Registration - Registration Module Pages/Third Screen - Upload Supporting Doc- Preview/Add Document Button' is clicked on

2019-01-08 19:04:31 - [MESSAGE][PASSED] - Object: 'Object Repository/Final Object Repo/New Registration - Registration Module Pages/Third Screen - Upload Supporting Doc- Preview/Add Document Button' is clicked on

2019-01-08 19:04:31 - [TEST_STEP][PASSED] - delay: Delayed 30 second(s)

2019-01-08 19:05:01 - [MESSAGE][PASSED] - Delayed 30 second(s)

2019-01-08 19:05:01 - [TEST_STEP][PASSED] - click: Object: 'Object Repository/Final Object Repo/New Registration - Registration Module Pages/Third Screen - Upload Supporting Doc- Preview/Supporting Doc Please Select Drop Down' is clicked on

2019-01-08 19:05:01 - [MESSAGE][PASSED] - Object: 'Object Repository/Final Object Repo/New Registration - Registration Module Pages/Third Screen - Upload Supporting Doc- Preview/Supporting Doc Please Select Drop Down' is clicked on

2019-01-08 19:05:01 - [TEST_STEP][PASSED] - delay: Delayed 3 second(s)

2019-01-08 19:05:04 - [MESSAGE][PASSED] - Delayed 3 second(s)

2019-01-08 19:05:04 - [TEST_STEP][PASSED] - click: Object: 'Object Repository/Final Object Repo/New Registration - Registration Module Pages/Third Screen - Upload Supporting Doc- Preview/Select to Upload Borang SIP 2' is clicked on

2019-01-08 19:05:04 - [MESSAGE][PASSED] - Object: 'Object Repository/Final Object Repo/New Registration - Registration Module Pages/Third Screen - Upload Supporting Doc- Preview/Select to Upload Borang SIP 2' is clicked on

2019-01-08 19:05:04 - [TEST_STEP][PASSED] - delay: Delayed 2 second(s)

2019-01-08 19:05:06 - [MESSAGE][PASSED] - Delayed 2 second(s)

2019-01-08 19:05:06 - [TEST_STEP][PASSED] - uploadFile: File 'C:\Users\Public\Pictures\Sample Pictures\Koala.jpg' sent to object: 'Object Repository/Final Object Repo/New Registration - Registration Module Pages/Third Screen - Upload Supporting Doc- Preview/Upload File Adding'

2019-01-08 19:05:06 - [MESSAGE][PASSED] - File 'C:\Users\Public\Pictures\Sample Pictures\Koala.jpg' sent to object: 'Object Repository/Final Object Repo/New Registration - Registration Module Pages/Third Screen - Upload Supporting Doc- Preview/Upload File Adding'

2019-01-08 19:05:06 - [TEST_STEP][PASSED] - delay: Delayed 5 second(s)

2019-01-08 19:05:11 - [MESSAGE][PASSED] - Delayed 5 second(s)

2019-01-08 19:05:11 - [TEST_STEP][PASSED] - click: Object: 'Object Repository/Final Object Repo/New Registration - Registration Module Pages/Third Screen - Upload Supporting Doc- Preview/Inner Form Add Document Button' is clicked on

2019-01-08 19:05:11 - [MESSAGE][PASSED] - Object: 'Object Repository/Final Object Repo/New Registration - Registration Module Pages/Third Screen - Upload Supporting Doc- Preview/Inner Form Add Document Button' is clicked on

2019-01-08 19:05:11 - [TEST_STEP][PASSED] - delay: Delayed 3 second(s)

2019-01-08 19:05:14 - [MESSAGE][PASSED] - Delayed 3 second(s)

2019-01-08 19:05:14 - [TEST_STEP][PASSED] - waitForElementClickable: Object 'Object Repository/Final Object Repo/New Registration - Registration Module Pages/Third Screen - Upload Supporting Doc- Preview/Save n Continue in Uploading Supporting Doc Page' is clickable

2019-01-08 19:05:16 - [MESSAGE][PASSED] - Object 'Object Repository/Final Object Repo/New Registration - Registration Module Pages/Third Screen - Upload Supporting Doc- Preview/Save n Continue in Uploading Supporting Doc Page' is clickable

2019-01-08 19:05:16 - [TEST_STEP][PASSED] - click: Object: 'Object Repository/Final Object Repo/New Registration - Registration Module Pages/Third Screen - Upload Supporting Doc- Preview/Save n Continue in Uploading Supporting Doc Page' is clicked on

2019-01-08 19:05:16 - [MESSAGE][PASSED] - Object: 'Object Repository/Final Object Repo/New Registration - Registration Module Pages/Third Screen - Upload Supporting Doc- Preview/Save n Continue in Uploading Supporting Doc Page' is clicked on

2019-01-08 19:05:16 - [MESSAGE][PASSED] - Call Test Case 'Test Cases/Final Aug 2018 - PKS Automation/Registration Module/New Registration/Flow of New Registration/Third Screen - Upload Supporting Doc - Preview' successfully

2019-01-08 19:05:16 - [TEST_STEP][PASSED] - callTestCase: Call Test Case 'Test Cases/Final Aug 2018 - PKS Automation/Registration Module/New Registration/Submit and Screenshot/Submit Registration and Screenshot' successfully

2019-01-08 19:05:16 - [TEST_CASE][PASSED] - Test Cases/Final Aug 2018 - PKS Automation/Registration Module/New Registration/Submit and Screenshot/Submit Registration and Screenshot: Test Cases/Final Aug 2018 - PKS Automation/Registration Module/New Registration/Submit and Screenshot/Submit Registration and Screenshot

2019-01-08 19:05:16 - [TEST_STEP][PASSED] - delay: Delayed 6 second(s)

2019-01-08 19:05:22 - [MESSAGE][PASSED] - Delayed 6 second(s)

2019-01-08 19:05:22 - [TEST_STEP][PASSED] - click: Object: 'Object Repository/Final Object Repo/New Registration - Registration Module Pages/Third Screen - Upload Supporting Doc- Preview/Preview Submit Button' is clicked on

2019-01-08 19:05:22 - [MESSAGE][PASSED] - Object: 'Object Repository/Final Object Repo/New Registration - Registration Module Pages/Third Screen - Upload Supporting Doc- Preview/Preview Submit Button' is clicked on

2019-01-08 19:05:22 - [TEST_STEP][PASSED] - delay: Delayed 2 second(s)

2019-01-08 19:05:24 - [MESSAGE][PASSED] - Delayed 2 second(s)

2019-01-08 19:05:24 - [TEST_STEP][PASSED] - click: Object: 'Object Repository/Final Object Repo/New Registration - Registration Module Pages/Third Screen - Upload Supporting Doc- Preview/Preview Submit - Confirm' is clicked on

2019-01-08 19:05:24 - [MESSAGE][PASSED] - Object: 'Object Repository/Final Object Repo/New Registration - Registration Module Pages/Third Screen - Upload Supporting Doc- Preview/Preview Submit - Confirm' is clicked on

2019-01-08 19:05:24 - [TEST_STEP][PASSED] - delay: Delayed 15 second(s)

2019-01-08 19:05:39 - [MESSAGE][PASSED] - Delayed 15 second(s)

2019-01-08 19:05:39 - [TEST_STEP][PASSED] - Statement - driver = com.kms.katalon.core.webui.driver.DriverFactory.getWebDriver(): null

2019-01-08 19:05:39 - [TEST_STEP][PASSED] - Statement - driver.manage().timeouts().implicitlyWait(10, SECONDS): null

2019-01-08 19:05:39 - [TEST_STEP][PASSED] - Statement - PresavePath = KatalonScreenshots: null

2019-01-08 19:05:39 - [TEST_STEP][PASSED] - Statement - pathPrefix = "C:\Users\Public\Pictures\Sample Pictures\Katalon Screenshots\Automate Ending Screen": null

2019-01-08 19:05:39 - [TEST_STEP][PASSED] - Statement - finalPath = <not implemented yet for class: org.codehaus.groovy.ast.expr.EmptyExpression>: null

2019-01-08 19:05:39 - [TEST_STEP][PASSED] - Statement - scrFile = driver.getScreenshotAs(FILE): null

2019-01-08 19:05:40 - [TEST_STEP][PASSED] - Statement - PreSaveFile = new java.io.File(PresavePath): null

2019-01-08 19:05:40 - [TEST_STEP][PASSED] - Statement - counter = 0: null

2019-01-08 19:05:40 - [TEST_STEP][PASSED] - Statement - If (PreSaveFile.exists()): null

2019-01-08 19:05:40 - [TEST_STEP][PASSED] - Statement - While (PreSaveFile.exists()): null

2019-01-08 19:05:40 - [TEST_STEP][PASSED] - Statement - counter = counter + 1: null

2019-01-08 19:05:40 - [TEST_STEP][PASSED] - Statement - PreSaveFile = new java.io.File(((pathPrefix + java.lang.Integer.toString(counter)) + .png)): null

2019-01-08 19:05:40 - [TEST_STEP][PASSED] - Statement - counter = counter + 1: null

2019-01-08 19:05:40 - [TEST_STEP][PASSED] - Statement - PreSaveFile = new java.io.File(((pathPrefix + java.lang.Integer.toString(counter)) + .png)): null

2019-01-08 19:05:40 - [TEST_STEP][PASSED] - Statement - counter = counter + 1: null

2019-01-08 19:05:40 - [TEST_STEP][PASSED] - Statement - PreSaveFile = new java.io.File(((pathPrefix + java.lang.Integer.toString(counter)) + .png)): null

2019-01-08 19:05:40 - [TEST_STEP][PASSED] - Statement - counter = counter + 1: null

2019-01-08 19:05:40 - [TEST_STEP][PASSED] - Statement - PreSaveFile = new java.io.File(((pathPrefix + java.lang.Integer.toString(counter)) + .png)): null

2019-01-08 19:05:40 - [TEST_STEP][PASSED] - Statement - counter = counter + 1: null

2019-01-08 19:05:40 - [TEST_STEP][PASSED] - Statement - PreSaveFile = new java.io.File(((pathPrefix + java.lang.Integer.toString(counter)) + .png)): null

2019-01-08 19:05:40 - [TEST_STEP][PASSED] - Statement - counter = counter + 1: null

2019-01-08 19:05:40 - [TEST_STEP][PASSED] - Statement - PreSaveFile = new java.io.File(((pathPrefix + java.lang.Integer.toString(counter)) + .png)): null

2019-01-08 19:05:40 - [TEST_STEP][PASSED] - Statement - counter = counter + 1: null

2019-01-08 19:05:40 - [TEST_STEP][PASSED] - Statement - PreSaveFile = new java.io.File(((pathPrefix + java.lang.Integer.toString(counter)) + .png)): null

2019-01-08 19:05:40 - [TEST_STEP][PASSED] - Statement - counter = counter + 1: null

2019-01-08 19:05:40 - [TEST_STEP][PASSED] - Statement - PreSaveFile = new java.io.File(((pathPrefix + java.lang.Integer.toString(counter)) + .png)): null

2019-01-08 19:05:40 - [TEST_STEP][PASSED] - Statement - counter = counter + 1: null

2019-01-08 19:05:40 - [TEST_STEP][PASSED] - Statement - PreSaveFile = new java.io.File(((pathPrefix + java.lang.Integer.toString(counter)) + .png)): null

2019-01-08 19:05:40 - [TEST_STEP][PASSED] - Statement - counter = counter + 1: null

2019-01-08 19:05:40 - [TEST_STEP][PASSED] - Statement - PreSaveFile = new java.io.File(((pathPrefix + java.lang.Integer.toString(counter)) + .png)): null

2019-01-08 19:05:40 - [TEST_STEP][PASSED] - Statement - counter = counter + 1: null

2019-01-08 19:05:40 - [TEST_STEP][PASSED] - Statement - PreSaveFile = new java.io.File(((pathPrefix + java.lang.Integer.toString(counter)) + .png)): null

2019-01-08 19:05:40 - [TEST_STEP][PASSED] - Statement - counter = counter + 1: null

2019-01-08 19:05:40 - [TEST_STEP][PASSED] - Statement - PreSaveFile = new java.io.File(((pathPrefix + java.lang.Integer.toString(counter)) + .png)): null

2019-01-08 19:05:40 - [TEST_STEP][PASSED] - Statement - counter = counter + 1: null

2019-01-08 19:05:40 - [TEST_STEP][PASSED] - Statement - PreSaveFile = new java.io.File(((pathPrefix + java.lang.Integer.toString(counter)) + .png)): null

2019-01-08 19:05:40 - [TEST_STEP][PASSED] - Statement - counter = counter + 1: null

2019-01-08 19:05:40 - [TEST_STEP][PASSED] - Statement - PreSaveFile = new java.io.File(((pathPrefix + java.lang.Integer.toString(counter)) + .png)): null

2019-01-08 19:05:40 - [TEST_STEP][PASSED] - Statement - counter = counter + 1: null

2019-01-08 19:05:40 - [TEST_STEP][PASSED] - Statement - PreSaveFile = new java.io.File(((pathPrefix + java.lang.Integer.toString(counter)) + .png)): null

2019-01-08 19:05:40 - [TEST_STEP][PASSED] - Statement - counter = counter + 1: null

2019-01-08 19:05:40 - [TEST_STEP][PASSED] - Statement - PreSaveFile = new java.io.File(((pathPrefix + java.lang.Integer.toString(counter)) + .png)): null

2019-01-08 19:05:40 - [TEST_STEP][PASSED] - Statement - counter = counter + 1: null

2019-01-08 19:05:40 - [TEST_STEP][PASSED] - Statement - PreSaveFile = new java.io.File(((pathPrefix + java.lang.Integer.toString(counter)) + .png)): null

2019-01-08 19:05:40 - [TEST_STEP][PASSED] - Statement - counter = counter + 1: null

2019-01-08 19:05:40 - [TEST_STEP][PASSED] - Statement - PreSaveFile = new java.io.File(((pathPrefix + java.lang.Integer.toString(counter)) + .png)): null

2019-01-08 19:05:40 - [TEST_STEP][PASSED] - Statement - counter = counter + 1: null

2019-01-08 19:05:40 - [TEST_STEP][PASSED] - Statement - PreSaveFile = new java.io.File(((pathPrefix + java.lang.Integer.toString(counter)) + .png)): null

2019-01-08 19:05:40 - [TEST_STEP][PASSED] - Statement - counter = counter + 1: null

2019-01-08 19:05:40 - [TEST_STEP][PASSED] - Statement - PreSaveFile = new java.io.File(((pathPrefix + java.lang.Integer.toString(counter)) + .png)): null

2019-01-08 19:05:40 - [TEST_STEP][PASSED] - Statement - counter = counter + 1: null

2019-01-08 19:05:40 - [TEST_STEP][PASSED] - Statement - PreSaveFile = new java.io.File(((pathPrefix + java.lang.Integer.toString(counter)) + .png)): null

2019-01-08 19:05:40 - [TEST_STEP][PASSED] - Statement - counter = counter + 1: null

2019-01-08 19:05:40 - [TEST_STEP][PASSED] - Statement - PreSaveFile = new java.io.File(((pathPrefix + java.lang.Integer.toString(counter)) + .png)): null

2019-01-08 19:05:40 - [TEST_STEP][PASSED] - Statement - counter = counter + 1: null

2019-01-08 19:05:40 - [TEST_STEP][PASSED] - Statement - PreSaveFile = new java.io.File(((pathPrefix + java.lang.Integer.toString(counter)) + .png)): null

2019-01-08 19:05:40 - [TEST_STEP][PASSED] - Statement - counter = counter + 1: null

2019-01-08 19:05:40 - [TEST_STEP][PASSED] - Statement - PreSaveFile = new java.io.File(((pathPrefix + java.lang.Integer.toString(counter)) + .png)): null

2019-01-08 19:05:40 - [TEST_STEP][PASSED] - Statement - counter = counter + 1: null

2019-01-08 19:05:40 - [TEST_STEP][PASSED] - Statement - PreSaveFile = new java.io.File(((pathPrefix + java.lang.Integer.toString(counter)) + .png)): null

2019-01-08 19:05:40 - [TEST_STEP][PASSED] - Statement - counter = counter + 1: null

2019-01-08 19:05:40 - [TEST_STEP][PASSED] - Statement - PreSaveFile = new java.io.File(((pathPrefix + java.lang.Integer.toString(counter)) + .png)): null

2019-01-08 19:05:40 - [TEST_STEP][PASSED] - Statement - counter = counter + 1: null

2019-01-08 19:05:40 - [TEST_STEP][PASSED] - Statement - PreSaveFile = new java.io.File(((pathPrefix + java.lang.Integer.toString(counter)) + .png)): null

2019-01-08 19:05:40 - [TEST_STEP][PASSED] - Statement - counter = counter + 1: null

2019-01-08 19:05:40 - [TEST_STEP][PASSED] - Statement - PreSaveFile = new java.io.File(((pathPrefix + java.lang.Integer.toString(counter)) + .png)): null

2019-01-08 19:05:40 - [TEST_STEP][PASSED] - Statement - counter = counter + 1: null

2019-01-08 19:05:40 - [TEST_STEP][PASSED] - Statement - PreSaveFile = new java.io.File(((pathPrefix + java.lang.Integer.toString(counter)) + .png)): null

2019-01-08 19:05:40 - [TEST_STEP][PASSED] - Statement - counter = counter + 1: null

2019-01-08 19:05:40 - [TEST_STEP][PASSED] - Statement - PreSaveFile = new java.io.File(((pathPrefix + java.lang.Integer.toString(counter)) + .png)): null

2019-01-08 19:05:40 - [TEST_STEP][PASSED] - Statement - finalPath = pathPrefix + java.lang.Integer.toString(counter) + ".png": null

2019-01-08 19:05:40 - [TEST_STEP][PASSED] - Statement - SaveFile = new java.io.File(finalPath): null

2019-01-08 19:05:40 - [TEST_STEP][PASSED] - Statement - Try: null

2019-01-08 19:05:40 - [TEST_STEP][PASSED] - Statement - org.apache.commons.io.FileUtils.copyFile(scrFile, SaveFile): null

2019-01-08 19:05:40 - [TEST_STEP][PASSED] - Statement - out.println("file kept"): null

2019-01-08 19:05:40 - [TEST_STEP][PASSED] - delay: Delayed 10 second(s)

2019-01-08 19:05:50 - [MESSAGE][PASSED] - Delayed 10 second(s)

2019-01-08 19:05:50 - [MESSAGE][PASSED] - Call Test Case 'Test Cases/Final Aug 2018 - PKS Automation/Registration Module/New Registration/Submit and Screenshot/Submit Registration and Screenshot' successfully]]></system-out>
         <system-err><![CDATA[]]></system-err>
      </testcase>
      <testcase name="Test Cases/Final Aug 2018 - PKS Automation/Registration Module/Critical Path/New Registration/Sole Proprietor - Registered with Agency" classname="Test Cases/Final Aug 2018 - PKS Automation/Registration Module/Critical Path/New Registration/Sole Proprietor - Registered with Agency" status="PASSED">
         <system-out><![CDATA[2019-01-08 19:05:50 - [TEST_CASE][PASSED] - Test Cases/Final Aug 2018 - PKS Automation/Registration Module/Critical Path/New Registration/Sole Proprietor - Registered with Agency: Test Cases/Final Aug 2018 - PKS Automation/Registration Module/Critical Path/New Registration/Sole Proprietor - Registered with Agency

2019-01-08 19:05:50 - [TEST_STEP][PASSED] - callTestCase: Call Test Case 'Test Cases/Final Aug 2018 - PKS Automation/Registration Module/New Registration/Form 1/Form 1 - Sole Proprietor - Registered with Agencies' successfully

2019-01-08 19:05:50 - [TEST_CASE][PASSED] - Test Cases/Final Aug 2018 - PKS Automation/Registration Module/New Registration/Form 1/Form 1 - Sole Proprietor - Registered with Agencies: Test Cases/Final Aug 2018 - PKS Automation/Registration Module/New Registration/Form 1/Form 1 - Sole Proprietor - Registered with Agencies

2019-01-08 19:05:51 - [TEST_STEP][PASSED] - openBrowser: Browser is opened with url: ''

2019-01-08 19:05:51 - [MESSAGE][WARNING] - A browser is already opened. Closing browser and opening a new one

2019-01-08 19:05:54 - [MESSAGE][PASSED] - Browser is opened with url: ''

2019-01-08 19:05:54 - [TEST_STEP][PASSED] - navigateToUrl: Navigate to 'https://assist2-uat.perkeso.gov.my/login' successfully

2019-01-08 19:05:55 - [MESSAGE][PASSED] - Navigate to 'https://assist2-uat.perkeso.gov.my/login' successfully

2019-01-08 19:05:55 - [TEST_STEP][PASSED] - setText: Text 'johorotc1@gmail.com' is set on object 'Object Repository/Final Object Repo/Login Page/Internal User/Email Address'

2019-01-08 19:05:55 - [MESSAGE][PASSED] - Text 'johorotc1@gmail.com' is set on object 'Object Repository/Final Object Repo/Login Page/Internal User/Email Address'

2019-01-08 19:05:55 - [TEST_STEP][PASSED] - click: Object: 'Object Repository/Final Object Repo/Login Page/Internal User/Next Button' is clicked on

2019-01-08 19:05:55 - [MESSAGE][PASSED] - Object: 'Object Repository/Final Object Repo/Login Page/Internal User/Next Button' is clicked on

2019-01-08 19:05:55 - [TEST_STEP][PASSED] - delay: Delayed 1 second(s)

2019-01-08 19:05:56 - [MESSAGE][PASSED] - Delayed 1 second(s)

2019-01-08 19:05:56 - [TEST_STEP][PASSED] - setEncryptedText: Text ****** has been set on object 'Object Repository/Final Object Repo/Login Page/Internal User/Password'

2019-01-08 19:05:56 - [MESSAGE][PASSED] - Text ****** has been set on object 'Object Repository/Final Object Repo/Login Page/Internal User/Password'

2019-01-08 19:05:56 - [TEST_STEP][PASSED] - click: Object: 'Object Repository/Final Object Repo/Login Page/Internal User/Login Button' is clicked on

2019-01-08 19:05:57 - [MESSAGE][PASSED] - Object: 'Object Repository/Final Object Repo/Login Page/Internal User/Login Button' is clicked on

2019-01-08 19:05:57 - [TEST_STEP][PASSED] - delay: Delayed 1 second(s)

2019-01-08 19:05:58 - [MESSAGE][PASSED] - Delayed 1 second(s)

2019-01-08 19:05:58 - [TEST_STEP][PASSED] - Statement - Try: Delayed 2 second(s)

2019-01-08 19:05:58 - [TEST_STEP][PASSED] - Statement - Checker = false: null

2019-01-08 19:05:58 - [TEST_STEP][PASSED] - Statement - Checker = com.kms.katalon.core.webui.keyword.WebUiBuiltInKeywords.verifyElementHasAttribute(com.kms.katalon.core.testobject.ObjectRepository.findTestObject(Final Object Repo/Landing Page/BM Detecting), "href", 20, OPTIONAL): Object 'Object Repository/Final Object Repo/Landing Page/BM Detecting' has attribute 'href'

2019-01-08 19:05:59 - [MESSAGE][PASSED] - Object 'Object Repository/Final Object Repo/Landing Page/BM Detecting' has attribute 'href'

2019-01-08 19:05:59 - [TEST_STEP][PASSED] - Statement - out.println(Checker): null

2019-01-08 19:05:59 - [TEST_STEP][PASSED] - Statement - If (Checker == false): null

2019-01-08 19:05:59 - [TEST_STEP][PASSED] - Statement - Else: null

2019-01-08 19:05:59 - [TEST_STEP][PASSED] - delay: Delayed 2 second(s)

2019-01-08 19:06:01 - [MESSAGE][PASSED] - Delayed 2 second(s)

2019-01-08 19:06:01 - [TEST_STEP][PASSED] - navigateToUrl: Navigate to 'https://assist2-uat.perkeso.gov.my/web/registration/registration' successfully

2019-01-08 19:06:02 - [MESSAGE][PASSED] - Navigate to 'https://assist2-uat.perkeso.gov.my/web/registration/registration' successfully

2019-01-08 19:06:02 - [TEST_STEP][PASSED] - click: Object: 'Object Repository/Final Object Repo/New Registration - Registration Module Pages/Form 1/AEC - No' is clicked on

2019-01-08 19:06:02 - [MESSAGE][PASSED] - Object: 'Object Repository/Final Object Repo/New Registration - Registration Module Pages/Form 1/AEC - No' is clicked on

2019-01-08 19:06:02 - [TEST_STEP][PASSED] - click: Object: 'Object Repository/Final Object Repo/New Registration - Registration Module Pages/Form 1/Business Entity' is clicked on

2019-01-08 19:06:03 - [MESSAGE][PASSED] - Object: 'Object Repository/Final Object Repo/New Registration - Registration Module Pages/Form 1/Business Entity' is clicked on

2019-01-08 19:06:03 - [TEST_STEP][PASSED] - click: Object: 'Object Repository/Final Object Repo/New Registration - Registration Module Pages/Form 1/Business Entity - Sole Proprietor ' is clicked on

2019-01-08 19:06:03 - [MESSAGE][PASSED] - Object: 'Object Repository/Final Object Repo/New Registration - Registration Module Pages/Form 1/Business Entity - Sole Proprietor ' is clicked on

2019-01-08 19:06:03 - [TEST_STEP][PASSED] - delay: Delayed 1 second(s)

2019-01-08 19:06:04 - [MESSAGE][PASSED] - Delayed 1 second(s)

2019-01-08 19:06:04 - [TEST_STEP][PASSED] - click: Object: 'Object Repository/Final Object Repo/New Registration - Registration Module Pages/Form 1/Sub Business Entity' is clicked on

2019-01-08 19:06:04 - [MESSAGE][PASSED] - Object: 'Object Repository/Final Object Repo/New Registration - Registration Module Pages/Form 1/Sub Business Entity' is clicked on

2019-01-08 19:06:04 - [TEST_STEP][PASSED] - click: Object: 'Object Repository/Final Object Repo/New Registration - Registration Module Pages/Form 1/Sub Business Entity - Registered with other Age' is clicked on

2019-01-08 19:06:04 - [MESSAGE][PASSED] - Object: 'Object Repository/Final Object Repo/New Registration - Registration Module Pages/Form 1/Sub Business Entity - Registered with other Age' is clicked on

2019-01-08 19:06:04 - [TEST_STEP][PASSED] - delay: Delayed 1 second(s)

2019-01-08 19:06:05 - [MESSAGE][PASSED] - Delayed 1 second(s)

2019-01-08 19:06:05 - [TEST_STEP][PASSED] - setText: Text '123' is set on object 'Object Repository/Final Object Repo/New Registration - Registration Module Pages/Form 1/Registration Number'

2019-01-08 19:06:05 - [MESSAGE][PASSED] - Text '123' is set on object 'Object Repository/Final Object Repo/New Registration - Registration Module Pages/Form 1/Registration Number'

2019-01-08 19:06:05 - [TEST_STEP][NOT_RUN] - click: NOT_RUN: click

2019-01-08 19:06:05 - [MESSAGE][NOT_RUN] - NOT_RUN: click

2019-01-08 19:06:05 - [TEST_STEP][PASSED] - click: Object: 'Object Repository/Final Object Repo/New Registration - Registration Module Pages/Form 1/Registered As a Branch - Yes' is clicked on

2019-01-08 19:06:06 - [MESSAGE][PASSED] - Object: 'Object Repository/Final Object Repo/New Registration - Registration Module Pages/Form 1/Registered As a Branch - Yes' is clicked on

2019-01-08 19:06:06 - [TEST_STEP][PASSED] - click: Object: 'Object Repository/Final Object Repo/New Registration - Registration Module Pages/Form 1/Acknowledgement' is clicked on

2019-01-08 19:06:06 - [MESSAGE][PASSED] - Object: 'Object Repository/Final Object Repo/New Registration - Registration Module Pages/Form 1/Acknowledgement' is clicked on

2019-01-08 19:06:06 - [TEST_STEP][PASSED] - setText: Text 'perkeso' is set on object 'Object Repository/Final Object Repo/New Registration - Registration Module Pages/Form 1/Industry name'

2019-01-08 19:06:06 - [MESSAGE][PASSED] - Text 'perkeso' is set on object 'Object Repository/Final Object Repo/New Registration - Registration Module Pages/Form 1/Industry name'

2019-01-08 19:06:06 - [TEST_STEP][PASSED] - setText: Text 'perkeso1' is set on object 'Object Repository/Final Object Repo/New Registration - Registration Module Pages/Form 1/Postal Address1'

2019-01-08 19:06:06 - [MESSAGE][PASSED] - Text 'perkeso1' is set on object 'Object Repository/Final Object Repo/New Registration - Registration Module Pages/Form 1/Postal Address1'

2019-01-08 19:06:06 - [TEST_STEP][PASSED] - setText: Text 'perkeso2' is set on object 'Object Repository/Final Object Repo/New Registration - Registration Module Pages/Form 1/Postal Address2'

2019-01-08 19:06:07 - [MESSAGE][PASSED] - Text 'perkeso2' is set on object 'Object Repository/Final Object Repo/New Registration - Registration Module Pages/Form 1/Postal Address2'

2019-01-08 19:06:07 - [TEST_STEP][PASSED] - setText: Text 'perkeso3' is set on object 'Object Repository/Final Object Repo/New Registration - Registration Module Pages/Form 1/Postal Address3'

2019-01-08 19:06:07 - [MESSAGE][PASSED] - Text 'perkeso3' is set on object 'Object Repository/Final Object Repo/New Registration - Registration Module Pages/Form 1/Postal Address3'

2019-01-08 19:06:07 - [TEST_STEP][PASSED] - click: Object: 'Object Repository/Final Object Repo/New Registration - Registration Module Pages/Form 1/State' is clicked on

2019-01-08 19:06:07 - [MESSAGE][PASSED] - Object: 'Object Repository/Final Object Repo/New Registration - Registration Module Pages/Form 1/State' is clicked on

2019-01-08 19:06:07 - [TEST_STEP][PASSED] - click: Object: 'Object Repository/Final Object Repo/New Registration - Registration Module Pages/Form 1/State - Johor' is clicked on

2019-01-08 19:06:08 - [MESSAGE][PASSED] - Object: 'Object Repository/Final Object Repo/New Registration - Registration Module Pages/Form 1/State - Johor' is clicked on

2019-01-08 19:06:08 - [TEST_STEP][PASSED] - delay: Delayed 1 second(s)

2019-01-08 19:06:09 - [MESSAGE][PASSED] - Delayed 1 second(s)

2019-01-08 19:06:09 - [TEST_STEP][PASSED] - click: Object: 'Object Repository/Final Object Repo/New Registration - Registration Module Pages/Form 1/City' is clicked on

2019-01-08 19:06:09 - [MESSAGE][PASSED] - Object: 'Object Repository/Final Object Repo/New Registration - Registration Module Pages/Form 1/City' is clicked on

2019-01-08 19:06:09 - [TEST_STEP][PASSED] - setText: Text 'joh' is set on object 'Object Repository/Final Object Repo/New Registration - Registration Module Pages/Form 1/Postcode - 810'

2019-01-08 19:06:09 - [MESSAGE][PASSED] - Text 'joh' is set on object 'Object Repository/Final Object Repo/New Registration - Registration Module Pages/Form 1/Postcode - 810'

2019-01-08 19:06:09 - [TEST_STEP][PASSED] - delay: Delayed 1 second(s)

2019-01-08 19:06:10 - [MESSAGE][PASSED] - Delayed 1 second(s)

2019-01-08 19:06:10 - [TEST_STEP][PASSED] - click: Object: 'Object Repository/Final Object Repo/New Registration - Registration Module Pages/Form 1/City - Johor Bharu' is clicked on

2019-01-08 19:06:10 - [MESSAGE][PASSED] - Object: 'Object Repository/Final Object Repo/New Registration - Registration Module Pages/Form 1/City - Johor Bharu' is clicked on

2019-01-08 19:06:10 - [TEST_STEP][PASSED] - delay: Delayed 1 second(s)

2019-01-08 19:06:11 - [MESSAGE][PASSED] - Delayed 1 second(s)

2019-01-08 19:06:11 - [TEST_STEP][PASSED] - click: Object: 'Object Repository/Final Object Repo/New Registration - Registration Module Pages/Form 1/Postcode' is clicked on

2019-01-08 19:06:11 - [MESSAGE][PASSED] - Object: 'Object Repository/Final Object Repo/New Registration - Registration Module Pages/Form 1/Postcode' is clicked on

2019-01-08 19:06:11 - [TEST_STEP][PASSED] - delay: Delayed 1 second(s)

2019-01-08 19:06:12 - [MESSAGE][PASSED] - Delayed 1 second(s)

2019-01-08 19:06:12 - [TEST_STEP][PASSED] - setText: Text '810' is set on object 'Object Repository/Final Object Repo/New Registration - Registration Module Pages/Form 1/Postcode - 810'

2019-01-08 19:06:13 - [MESSAGE][PASSED] - Text '810' is set on object 'Object Repository/Final Object Repo/New Registration - Registration Module Pages/Form 1/Postcode - 810'

2019-01-08 19:06:13 - [TEST_STEP][PASSED] - delay: Delayed 1 second(s)

2019-01-08 19:06:14 - [MESSAGE][PASSED] - Delayed 1 second(s)

2019-01-08 19:06:14 - [TEST_STEP][PASSED] - click: Object: 'Object Repository/Final Object Repo/New Registration - Registration Module Pages/Form 1/Postcode - 81000' is clicked on

2019-01-08 19:06:14 - [MESSAGE][PASSED] - Object: 'Object Repository/Final Object Repo/New Registration - Registration Module Pages/Form 1/Postcode - 81000' is clicked on

2019-01-08 19:06:14 - [TEST_STEP][PASSED] - delay: Delayed 1 second(s)

2019-01-08 19:06:15 - [MESSAGE][PASSED] - Delayed 1 second(s)

2019-01-08 19:06:15 - [TEST_STEP][PASSED] - setText: Text '100' is set on object 'Object Repository/Final Object Repo/New Registration - Registration Module Pages/Form 1/P.O.BOX'

2019-01-08 19:06:15 - [MESSAGE][PASSED] - Text '100' is set on object 'Object Repository/Final Object Repo/New Registration - Registration Module Pages/Form 1/P.O.BOX'

2019-01-08 19:06:15 - [TEST_STEP][PASSED] - setText: Text '100' is set on object 'Object Repository/Final Object Repo/New Registration - Registration Module Pages/Form 1/Locked Bag No'

2019-01-08 19:06:15 - [MESSAGE][PASSED] - Text '100' is set on object 'Object Repository/Final Object Repo/New Registration - Registration Module Pages/Form 1/Locked Bag No'

2019-01-08 19:06:15 - [TEST_STEP][PASSED] - click: Object: 'Object Repository/Final Object Repo/New Registration - Registration Module Pages/Form 1/SOCSO Office Location' is clicked on

2019-01-08 19:06:16 - [MESSAGE][PASSED] - Object: 'Object Repository/Final Object Repo/New Registration - Registration Module Pages/Form 1/SOCSO Office Location' is clicked on

2019-01-08 19:06:16 - [TEST_STEP][PASSED] - click: Object: 'Object Repository/Final Object Repo/New Registration - Registration Module Pages/Form 1/SOCSO Office Location - Pejabat PERKESO Negeri Johor' is clicked on

2019-01-08 19:06:16 - [MESSAGE][PASSED] - Object: 'Object Repository/Final Object Repo/New Registration - Registration Module Pages/Form 1/SOCSO Office Location - Pejabat PERKESO Negeri Johor' is clicked on

2019-01-08 19:06:16 - [TEST_STEP][PASSED] - delay: Delayed 1 second(s)

2019-01-08 19:06:17 - [MESSAGE][PASSED] - Delayed 1 second(s)

2019-01-08 19:06:17 - [TEST_STEP][PASSED] - check: Object 'Object Repository/Final Object Repo/New Registration - Registration Module Pages/Form 1/Indusrty Address Same As Postal Address' is checked

2019-01-08 19:06:17 - [MESSAGE][PASSED] - Object 'Object Repository/Final Object Repo/New Registration - Registration Module Pages/Form 1/Indusrty Address Same As Postal Address' is checked

2019-01-08 19:06:17 - [TEST_STEP][PASSED] - delay: Delayed 3 second(s)

2019-01-08 19:06:20 - [MESSAGE][PASSED] - Delayed 3 second(s)

2019-01-08 19:06:20 - [TEST_STEP][PASSED] - click: Object: 'Object Repository/Final Object Repo/New Registration - Registration Module Pages/Form 1/Indusry Address Same As Postal Address False' is clicked on

2019-01-08 19:06:20 - [MESSAGE][PASSED] - Object: 'Object Repository/Final Object Repo/New Registration - Registration Module Pages/Form 1/Indusry Address Same As Postal Address False' is clicked on

2019-01-08 19:06:20 - [TEST_STEP][PASSED] - delay: Delayed 1 second(s)

2019-01-08 19:06:21 - [MESSAGE][PASSED] - Delayed 1 second(s)

2019-01-08 19:06:21 - [TEST_STEP][PASSED] - setText: Text 'perkeso1' is set on object 'Object Repository/Final Object Repo/New Registration - Registration Module Pages/Form 1/Industry Address1'

2019-01-08 19:06:22 - [MESSAGE][PASSED] - Text 'perkeso1' is set on object 'Object Repository/Final Object Repo/New Registration - Registration Module Pages/Form 1/Industry Address1'

2019-01-08 19:06:22 - [TEST_STEP][PASSED] - setText: Text 'perkeso2' is set on object 'Object Repository/Final Object Repo/New Registration - Registration Module Pages/Form 1/Industry Address2'

2019-01-08 19:06:22 - [MESSAGE][PASSED] - Text 'perkeso2' is set on object 'Object Repository/Final Object Repo/New Registration - Registration Module Pages/Form 1/Industry Address2'

2019-01-08 19:06:22 - [TEST_STEP][PASSED] - setText: Text 'perkeso3' is set on object 'Object Repository/Final Object Repo/New Registration - Registration Module Pages/Form 1/Industry Address3'

2019-01-08 19:06:22 - [MESSAGE][PASSED] - Text 'perkeso3' is set on object 'Object Repository/Final Object Repo/New Registration - Registration Module Pages/Form 1/Industry Address3'

2019-01-08 19:06:22 - [TEST_STEP][PASSED] - click: Object: 'Object Repository/Final Object Repo/New Registration - Registration Module Pages/Form 1/Industry State' is clicked on

2019-01-08 19:06:22 - [MESSAGE][PASSED] - Object: 'Object Repository/Final Object Repo/New Registration - Registration Module Pages/Form 1/Industry State' is clicked on

2019-01-08 19:06:22 - [TEST_STEP][PASSED] - delay: Delayed 2 second(s)

2019-01-08 19:06:24 - [MESSAGE][PASSED] - Delayed 2 second(s)

2019-01-08 19:06:24 - [TEST_STEP][PASSED] - click: Object: 'Object Repository/Final Object Repo/New Registration - Registration Module Pages/Form 1/Industry State - Johor' is clicked on

2019-01-08 19:06:25 - [MESSAGE][PASSED] - Object: 'Object Repository/Final Object Repo/New Registration - Registration Module Pages/Form 1/Industry State - Johor' is clicked on

2019-01-08 19:06:25 - [TEST_STEP][PASSED] - delay: Delayed 2 second(s)

2019-01-08 19:06:27 - [MESSAGE][PASSED] - Delayed 2 second(s)

2019-01-08 19:06:27 - [TEST_STEP][PASSED] - click: Object: 'Object Repository/Final Object Repo/New Registration - Registration Module Pages/Form 1/Industry Ciry' is clicked on

2019-01-08 19:06:27 - [MESSAGE][PASSED] - Object: 'Object Repository/Final Object Repo/New Registration - Registration Module Pages/Form 1/Industry Ciry' is clicked on

2019-01-08 19:06:27 - [TEST_STEP][PASSED] - setText: Text 'joh' is set on object 'Object Repository/Final Object Repo/New Registration - Registration Module Pages/Form 1/Industry Ciry - joh'

2019-01-08 19:06:27 - [MESSAGE][PASSED] - Text 'joh' is set on object 'Object Repository/Final Object Repo/New Registration - Registration Module Pages/Form 1/Industry Ciry - joh'

2019-01-08 19:06:27 - [TEST_STEP][PASSED] - delay: Delayed 2 second(s)

2019-01-08 19:06:29 - [MESSAGE][PASSED] - Delayed 2 second(s)

2019-01-08 19:06:29 - [TEST_STEP][PASSED] - click: Object: 'Object Repository/Final Object Repo/New Registration - Registration Module Pages/Form 1/Industy State - Johor Bharu' is clicked on

2019-01-08 19:06:29 - [MESSAGE][PASSED] - Object: 'Object Repository/Final Object Repo/New Registration - Registration Module Pages/Form 1/Industy State - Johor Bharu' is clicked on

2019-01-08 19:06:29 - [TEST_STEP][PASSED] - delay: Delayed 1 second(s)

2019-01-08 19:06:30 - [MESSAGE][PASSED] - Delayed 1 second(s)

2019-01-08 19:06:30 - [TEST_STEP][PASSED] - click: Object: 'Object Repository/Final Object Repo/New Registration - Registration Module Pages/Form 1/Indusry PostCode' is clicked on

2019-01-08 19:06:30 - [MESSAGE][PASSED] - Object: 'Object Repository/Final Object Repo/New Registration - Registration Module Pages/Form 1/Indusry PostCode' is clicked on

2019-01-08 19:06:30 - [TEST_STEP][PASSED] - delay: Delayed 1 second(s)

2019-01-08 19:06:31 - [MESSAGE][PASSED] - Delayed 1 second(s)

2019-01-08 19:06:31 - [TEST_STEP][PASSED] - setText: Text '810' is set on object 'Object Repository/Final Object Repo/New Registration - Registration Module Pages/Form 1/Insutry Post Code - 810'

2019-01-08 19:06:32 - [MESSAGE][PASSED] - Text '810' is set on object 'Object Repository/Final Object Repo/New Registration - Registration Module Pages/Form 1/Insutry Post Code - 810'

2019-01-08 19:06:32 - [TEST_STEP][PASSED] - delay: Delayed 3 second(s)

2019-01-08 19:06:35 - [MESSAGE][PASSED] - Delayed 3 second(s)

2019-01-08 19:06:35 - [TEST_STEP][PASSED] - click: Object: 'Object Repository/Final Object Repo/New Registration - Registration Module Pages/Form 1/Insutry Post Code - 81000' is clicked on

2019-01-08 19:06:35 - [MESSAGE][PASSED] - Object: 'Object Repository/Final Object Repo/New Registration - Registration Module Pages/Form 1/Insutry Post Code - 81000' is clicked on

2019-01-08 19:06:35 - [TEST_STEP][PASSED] - delay: Delayed 1 second(s)

2019-01-08 19:06:36 - [MESSAGE][PASSED] - Delayed 1 second(s)

2019-01-08 19:06:36 - [TEST_STEP][PASSED] - setText: Text '100' is set on object 'Object Repository/Final Object Repo/New Registration - Registration Module Pages/Form 1/Industry P.O.BOX'

2019-01-08 19:06:36 - [MESSAGE][PASSED] - Text '100' is set on object 'Object Repository/Final Object Repo/New Registration - Registration Module Pages/Form 1/Industry P.O.BOX'

2019-01-08 19:06:36 - [TEST_STEP][PASSED] - setText: Text '100' is set on object 'Object Repository/Final Object Repo/New Registration - Registration Module Pages/Form 1/Industry Locked Bag No'

2019-01-08 19:06:36 - [MESSAGE][PASSED] - Text '100' is set on object 'Object Repository/Final Object Repo/New Registration - Registration Module Pages/Form 1/Industry Locked Bag No'

2019-01-08 19:06:36 - [TEST_STEP][PASSED] - setText: Text '123456789' is set on object 'Object Repository/Final Object Repo/New Registration - Registration Module Pages/Form 1/Telephone No'

2019-01-08 19:06:37 - [MESSAGE][PASSED] - Text '123456789' is set on object 'Object Repository/Final Object Repo/New Registration - Registration Module Pages/Form 1/Telephone No'

2019-01-08 19:06:37 - [TEST_STEP][PASSED] - setText: Text '123456789' is set on object 'Object Repository/Final Object Repo/New Registration - Registration Module Pages/Form 1/Mobile No'

2019-01-08 19:06:37 - [MESSAGE][PASSED] - Text '123456789' is set on object 'Object Repository/Final Object Repo/New Registration - Registration Module Pages/Form 1/Mobile No'

2019-01-08 19:06:37 - [TEST_STEP][PASSED] - setText: Text '123456789' is set on object 'Object Repository/Final Object Repo/New Registration - Registration Module Pages/Form 1/Fax No'

2019-01-08 19:06:38 - [MESSAGE][PASSED] - Text '123456789' is set on object 'Object Repository/Final Object Repo/New Registration - Registration Module Pages/Form 1/Fax No'

2019-01-08 19:06:38 - [TEST_STEP][PASSED] - click: Object: 'Object Repository/Final Object Repo/New Registration - Registration Module Pages/Form 1/Industry Code' is clicked on

2019-01-08 19:06:38 - [MESSAGE][PASSED] - Object: 'Object Repository/Final Object Repo/New Registration - Registration Module Pages/Form 1/Industry Code' is clicked on

2019-01-08 19:06:38 - [TEST_STEP][PASSED] - click: Object: 'Object Repository/Final Object Repo/New Registration - Registration Module Pages/Form 1/Indudustry Code - Crops and Animal' is clicked on

2019-01-08 19:06:38 - [MESSAGE][PASSED] - Object: 'Object Repository/Final Object Repo/New Registration - Registration Module Pages/Form 1/Indudustry Code - Crops and Animal' is clicked on

2019-01-08 19:06:38 - [TEST_STEP][PASSED] - delay: Delayed 1 second(s)

2019-01-08 19:06:39 - [MESSAGE][PASSED] - Delayed 1 second(s)

2019-01-08 19:06:39 - [TEST_STEP][PASSED] - click: Object: 'Object Repository/Final Object Repo/New Registration - Registration Module Pages/Form 1/Sub Industry Code List' is clicked on

2019-01-08 19:06:39 - [MESSAGE][PASSED] - Object: 'Object Repository/Final Object Repo/New Registration - Registration Module Pages/Form 1/Sub Industry Code List' is clicked on

2019-01-08 19:06:39 - [TEST_STEP][PASSED] - click: Object: 'Object Repository/Final Object Repo/New Registration - Registration Module Pages/Form 1/Sub Industry Code List - Growing of Maize' is clicked on

2019-01-08 19:06:40 - [MESSAGE][PASSED] - Object: 'Object Repository/Final Object Repo/New Registration - Registration Module Pages/Form 1/Sub Industry Code List - Growing of Maize' is clicked on

2019-01-08 19:06:40 - [TEST_STEP][PASSED] - setText: Text 'perkeso123@gmail.com' is set on object 'Object Repository/Final Object Repo/New Registration - Registration Module Pages/Form 1/Email'

2019-01-08 19:06:40 - [MESSAGE][PASSED] - Text 'perkeso123@gmail.com' is set on object 'Object Repository/Final Object Repo/New Registration - Registration Module Pages/Form 1/Email'

2019-01-08 19:06:40 - [TEST_STEP][PASSED] - click: Object: 'Object Repository/Final Object Repo/New Registration - Registration Module Pages/Form 1/Method of Contribution Payment' is clicked on

2019-01-08 19:06:40 - [MESSAGE][PASSED] - Object: 'Object Repository/Final Object Repo/New Registration - Registration Module Pages/Form 1/Method of Contribution Payment' is clicked on

2019-01-08 19:06:40 - [TEST_STEP][PASSED] - click: Object: 'Object Repository/Final Object Repo/New Registration - Registration Module Pages/Form 1/Method of Contribution Payment - Portal' is clicked on

2019-01-08 19:06:40 - [MESSAGE][PASSED] - Object: 'Object Repository/Final Object Repo/New Registration - Registration Module Pages/Form 1/Method of Contribution Payment - Portal' is clicked on

2019-01-08 19:06:40 - [TEST_STEP][PASSED] - click: Object: 'Object Repository/Final Object Repo/New Registration - Registration Module Pages/Form 1/Servide Type' is clicked on

2019-01-08 19:06:41 - [MESSAGE][PASSED] - Object: 'Object Repository/Final Object Repo/New Registration - Registration Module Pages/Form 1/Servide Type' is clicked on

2019-01-08 19:06:41 - [TEST_STEP][PASSED] - click: Object: 'Object Repository/Final Object Repo/New Registration - Registration Module Pages/Form 1/Servide Type - Professional Bodies' is clicked on

2019-01-08 19:06:41 - [MESSAGE][PASSED] - Object: 'Object Repository/Final Object Repo/New Registration - Registration Module Pages/Form 1/Servide Type - Professional Bodies' is clicked on

2019-01-08 19:06:41 - [TEST_STEP][PASSED] - click: Object: 'Object Repository/Final Object Repo/New Registration - Registration Module Pages/Form 1/Industry Venue' is clicked on

2019-01-08 19:06:41 - [MESSAGE][PASSED] - Object: 'Object Repository/Final Object Repo/New Registration - Registration Module Pages/Form 1/Industry Venue' is clicked on

2019-01-08 19:06:41 - [TEST_STEP][PASSED] - click: Object: 'Object Repository/Final Object Repo/New Registration - Registration Module Pages/Form 1/Industry Venue -  PPN JOHOR' is clicked on

2019-01-08 19:06:41 - [MESSAGE][PASSED] - Object: 'Object Repository/Final Object Repo/New Registration - Registration Module Pages/Form 1/Industry Venue -  PPN JOHOR' is clicked on

2019-01-08 19:06:41 - [TEST_STEP][PASSED] - click: Object: 'Object Repository/Final Object Repo/New Registration - Registration Module Pages/Form 1/Save  Continue' is clicked on

2019-01-08 19:06:41 - [MESSAGE][PASSED] - Object: 'Object Repository/Final Object Repo/New Registration - Registration Module Pages/Form 1/Save  Continue' is clicked on

2019-01-08 19:06:41 - [MESSAGE][PASSED] - Call Test Case 'Test Cases/Final Aug 2018 - PKS Automation/Registration Module/New Registration/Form 1/Form 1 - Sole Proprietor - Registered with Agencies' successfully

2019-01-08 19:06:41 - [TEST_STEP][PASSED] - callTestCase: Call Test Case 'Test Cases/Final Aug 2018 - PKS Automation/Registration Module/New Registration/Form 2/Add 2 Eligible 2 Not Eligible' successfully

2019-01-08 19:06:42 - [TEST_CASE][PASSED] - Test Cases/Final Aug 2018 - PKS Automation/Registration Module/New Registration/Form 2/Add 2 Eligible 2 Not Eligible: Test Cases/Final Aug 2018 - PKS Automation/Registration Module/New Registration/Form 2/Add 2 Eligible 2 Not Eligible

2019-01-08 19:06:42 - [TEST_STEP][PASSED] - delay: Delayed 2 second(s)

2019-01-08 19:06:44 - [MESSAGE][PASSED] - Delayed 2 second(s)

2019-01-08 19:06:44 - [TEST_STEP][PASSED] - callTestCase: Call Test Case 'Test Cases/Final Aug 2018 - PKS Automation/Registration Module/New Registration/Form 2/Date Updater' successfully

2019-01-08 19:06:44 - [TEST_CASE][PASSED] - Test Cases/Final Aug 2018 - PKS Automation/Registration Module/New Registration/Form 2/Date Updater: Test Cases/Final Aug 2018 - PKS Automation/Registration Module/New Registration/Form 2/Date Updater

2019-01-08 19:06:44 - [TEST_STEP][PASSED] - Statement - TodayDate = new java.util.Date(): null

2019-01-08 19:06:44 - [TEST_STEP][PASSED] - Statement - CurrentDateNoFilter = new java.text.SimpleDateFormat(): null

2019-01-08 19:06:44 - [TEST_STEP][PASSED] - Statement - CurrentDateNoFilter.applyPattern("MM"): null

2019-01-08 19:06:44 - [TEST_STEP][PASSED] - Statement - monthContainerMatcher = java.lang.Integer.parseInt(CurrentDateNoFilter.format(TodayDate)): null

2019-01-08 19:06:44 - [TEST_STEP][PASSED] - Statement - monthContainerMatcher = monthContainerMatcher - 1: null

2019-01-08 19:06:44 - [TEST_STEP][PASSED] - Statement - CurrentMonth = monthContainerMatcher.toString(): null

2019-01-08 19:06:44 - [TEST_STEP][PASSED] - Statement - CurrentMonth = CurrentMonth: null

2019-01-08 19:06:44 - [TEST_STEP][PASSED] - Statement - CurrentDateNoFilter.applyPattern("yyyy"): null

2019-01-08 19:06:44 - [TEST_STEP][PASSED] - Statement - CurrentYear = CurrentDateNoFilter.format(TodayDate): null

2019-01-08 19:06:44 - [TEST_STEP][PASSED] - Statement - CurrentYear = CurrentYear: null

2019-01-08 19:06:44 - [TEST_STEP][PASSED] - Statement - intCurrentYear = java.lang.Integer.parseInt(CurrentDateNoFilter.format(TodayDate)): null

2019-01-08 19:06:44 - [TEST_STEP][PASSED] - Statement - eighteenYrsAgo = intCurrentYear - 18: null

2019-01-08 19:06:44 - [TEST_STEP][PASSED] - Statement - eighteenYrsBeforeThisYr = eighteenYrsAgo.toString(): null

2019-01-08 19:06:44 - [TEST_STEP][PASSED] - Statement - EighteenYrsBefore = eighteenYrsBeforeThisYr: null

2019-01-08 19:06:44 - [TEST_STEP][PASSED] - Statement - fiftysevenYrsAgo = intCurrentYear - 57: null

2019-01-08 19:06:44 - [TEST_STEP][PASSED] - Statement - fiftysevenYrsBeforeThisYr = fiftysevenYrsAgo.toString(): null

2019-01-08 19:06:44 - [TEST_STEP][PASSED] - Statement - FiftysevenYrsBefore = fiftysevenYrsBeforeThisYr: null

2019-01-08 19:06:44 - [TEST_STEP][PASSED] - Statement - leapYear = false: null

2019-01-08 19:06:44 - [TEST_STEP][PASSED] - Statement - leapYear = intCurrentYear % 4 == 0: null

2019-01-08 19:06:44 - [TEST_STEP][PASSED] - Statement - CurrentDateNoFilter.applyPattern("dd"): null

2019-01-08 19:06:44 - [TEST_STEP][PASSED] - Statement - CurrentDate = CurrentDateNoFilter.format(TodayDate): null

2019-01-08 19:06:44 - [TEST_STEP][PASSED] - Statement - CurrentDate = java.lang.Integer.parseInt(CurrentDate): null

2019-01-08 19:06:44 - [TEST_STEP][PASSED] - Statement - CurrentDate = CurrentDate: null

2019-01-08 19:06:44 - [TEST_STEP][PASSED] - Statement - CurrentDay = java.lang.Integer.parseInt(CurrentDate): null

2019-01-08 19:06:44 - [TEST_STEP][PASSED] - Statement - ConfAdder = <not implemented yet for class: org.codehaus.groovy.ast.expr.EmptyExpression>: null

2019-01-08 19:06:44 - [TEST_STEP][PASSED] - Statement - out.println(CurrentMonth): null

2019-01-08 19:06:44 - [TEST_STEP][PASSED] - Statement - out.println(CurrentDate): null

2019-01-08 19:06:44 - [TEST_STEP][PASSED] - Statement - switch (CurrentDate): null

2019-01-08 19:06:44 - [TEST_STEP][PASSED] - Statement - Default: null

2019-01-08 19:06:44 - [TEST_STEP][PASSED] - Statement - ConfAdder = true: null

2019-01-08 19:06:44 - [TEST_STEP][PASSED] - Statement - Break: null

2019-01-08 19:06:44 - [TEST_STEP][PASSED] - Statement - aDayBefore = <not implemented yet for class: org.codehaus.groovy.ast.expr.EmptyExpression>: null

2019-01-08 19:06:44 - [TEST_STEP][PASSED] - Statement - out.println(ConfAdder): null

2019-01-08 19:06:44 - [TEST_STEP][PASSED] - Statement - If (ConfAdder == true): null

2019-01-08 19:06:44 - [TEST_STEP][PASSED] - Statement - aDayBefore = CurrentDay + 1: null

2019-01-08 19:06:44 - [TEST_STEP][PASSED] - Statement - out.println(aDayBefore): null

2019-01-08 19:06:44 - [TEST_STEP][PASSED] - Statement - If (aDayBefore == 1 && CurrentMonth == 11): null

2019-01-08 19:06:44 - [TEST_STEP][PASSED] - Statement - DayBefore = aDayBefore.toString(): null

2019-01-08 19:06:44 - [TEST_STEP][PASSED] - Statement - OneDayBefore = DayBefore: null

2019-01-08 19:06:44 - [MESSAGE][PASSED] - Call Test Case 'Test Cases/Final Aug 2018 - PKS Automation/Registration Module/New Registration/Form 2/Date Updater' successfully

2019-01-08 19:06:44 - [TEST_STEP][PASSED] - delay: Delayed 1 second(s)

2019-01-08 19:06:45 - [MESSAGE][PASSED] - Delayed 1 second(s)

2019-01-08 19:06:45 - [TEST_STEP][PASSED] - Statement - CaseReferenceNo = com.kms.katalon.core.webui.keyword.WebUiBuiltInKeywords.getText(com.kms.katalon.core.testobject.ObjectRepository.findTestObject(Final Object Repo/New Registration - Registration Module Pages/Form 2/RefNo Acquiring)): Text of object 'Object Repository/Final Object Repo/New Registration - Registration Module Pages/Form 2/RefNo Acquiring' is: 'CRN01201900123655'

2019-01-08 19:06:45 - [MESSAGE][PASSED] - Text of object 'Object Repository/Final Object Repo/New Registration - Registration Module Pages/Form 2/RefNo Acquiring' is: 'CRN01201900123655'

2019-01-08 19:06:45 - [TEST_STEP][PASSED] - delay: Delayed 1 second(s)

2019-01-08 19:06:46 - [MESSAGE][PASSED] - Delayed 1 second(s)

2019-01-08 19:06:46 - [TEST_STEP][PASSED] - click: Object: 'Object Repository/Final Object Repo/New Registration - Registration Module Pages/Form 2/Add Employee Button' is clicked on

2019-01-08 19:06:46 - [MESSAGE][PASSED] - Object: 'Object Repository/Final Object Repo/New Registration - Registration Module Pages/Form 2/Add Employee Button' is clicked on

2019-01-08 19:06:46 - [TEST_STEP][PASSED] - delay: Delayed 4 second(s)

2019-01-08 19:06:50 - [MESSAGE][PASSED] - Delayed 4 second(s)

2019-01-08 19:06:50 - [TEST_STEP][PASSED] - setText: Text '010903091927' is set on object 'Object Repository/Final Object Repo/New Registration - Registration Module Pages/Form 2/NRIC Input'

2019-01-08 19:06:50 - [MESSAGE][PASSED] - Text '010903091927' is set on object 'Object Repository/Final Object Repo/New Registration - Registration Module Pages/Form 2/NRIC Input'

2019-01-08 19:06:50 - [TEST_STEP][PASSED] - click: Object: 'Object Repository/Final Object Repo/New Registration - Registration Module Pages/Form 2/button for search for IC' is clicked on

2019-01-08 19:06:50 - [MESSAGE][PASSED] - Object: 'Object Repository/Final Object Repo/New Registration - Registration Module Pages/Form 2/button for search for IC' is clicked on

2019-01-08 19:06:50 - [TEST_STEP][PASSED] - delay: Delayed 2 second(s)

2019-01-08 19:06:52 - [MESSAGE][PASSED] - Delayed 2 second(s)

2019-01-08 19:06:52 - [TEST_STEP][PASSED] - setText: Text 'Automate001 eligible 1' is set on object 'Object Repository/Final Object Repo/New Registration - Registration Module Pages/Form 2/Employee Name Input'

2019-01-08 19:06:53 - [MESSAGE][PASSED] - Text 'Automate001 eligible 1' is set on object 'Object Repository/Final Object Repo/New Registration - Registration Module Pages/Form 2/Employee Name Input'

2019-01-08 19:06:53 - [TEST_STEP][PASSED] - delay: Delayed 2 second(s)

2019-01-08 19:06:55 - [MESSAGE][PASSED] - Delayed 2 second(s)

2019-01-08 19:06:55 - [TEST_STEP][PASSED] - click: Object: 'Object Repository/Final Object Repo/New Registration - Registration Module Pages/Form 2/DatePicker Pop Up' is clicked on

2019-01-08 19:06:55 - [MESSAGE][PASSED] - Object: 'Object Repository/Final Object Repo/New Registration - Registration Module Pages/Form 2/DatePicker Pop Up' is clicked on

2019-01-08 19:06:55 - [TEST_STEP][PASSED] - click: Object: 'Object Repository/Final Object Repo/New Registration - Registration Module Pages/Form 2/DOB Month' is clicked on

2019-01-08 19:06:55 - [MESSAGE][PASSED] - Object: 'Object Repository/Final Object Repo/New Registration - Registration Module Pages/Form 2/DOB Month' is clicked on

2019-01-08 19:06:55 - [TEST_STEP][PASSED] - Statement - CurrentMonth = CurrentMonth: null

2019-01-08 19:06:55 - [TEST_STEP][PASSED] - Statement - selectMonth = new com.kms.katalon.core.testobject.TestObject(): null

2019-01-08 19:06:55 - [TEST_STEP][PASSED] - Statement - selectMonth.addProperty("xpath", EQUALS, "//body/div/div/div/select/option[@value='" + CurrentMonth + "']", true): null

2019-01-08 19:06:55 - [TEST_STEP][PASSED] - click: Object: '' is clicked on

2019-01-08 19:06:55 - [MESSAGE][PASSED] - Object: '' is clicked on

2019-01-08 19:06:55 - [TEST_STEP][PASSED] - click: Object: 'Object Repository/Final Object Repo/New Registration - Registration Module Pages/Form 2/DOB Year' is clicked on

2019-01-08 19:06:56 - [MESSAGE][PASSED] - Object: 'Object Repository/Final Object Repo/New Registration - Registration Module Pages/Form 2/DOB Year' is clicked on

2019-01-08 19:06:56 - [TEST_STEP][PASSED] - Statement - Eyearsbf = EighteenYrsBefore: null

2019-01-08 19:06:56 - [TEST_STEP][PASSED] - Statement - selectYear = new com.kms.katalon.core.testobject.TestObject(): null

2019-01-08 19:06:56 - [TEST_STEP][PASSED] - Statement - selectYear.addProperty("xpath", EQUALS, "//div/div/div/select/option[@value='" + Eyearsbf + "']", true): null

2019-01-08 19:06:56 - [TEST_STEP][PASSED] - click: Object: '' is clicked on

2019-01-08 19:06:56 - [MESSAGE][PASSED] - Object: '' is clicked on

2019-01-08 19:06:56 - [TEST_STEP][PASSED] - Statement - UpdatedSelectDate = com.kms.katalon.core.webui.keyword.WebUiBuiltInKeywords.modifyObjectProperty(com.kms.katalon.core.testobject.ObjectRepository.findTestObject(Final Object Repo/New Registration - Registration Module Pages/Form 2/DOB Date), "xpath", "equals", "//body/div/table/tbody/tr/td/a[text()="" + CurrentDate + ""]", true): Modify property of object successfully

2019-01-08 19:06:56 - [MESSAGE][PASSED] - Modify property of object successfully

2019-01-08 19:06:56 - [TEST_STEP][PASSED] - delay: Delayed 3 second(s)

2019-01-08 19:06:59 - [MESSAGE][PASSED] - Delayed 3 second(s)

2019-01-08 19:06:59 - [TEST_STEP][PASSED] - click: Object: 'Object Repository/Final Object Repo/New Registration - Registration Module Pages/Form 2/DOB Date' is clicked on

2019-01-08 19:06:59 - [MESSAGE][PASSED] - Object: 'Object Repository/Final Object Repo/New Registration - Registration Module Pages/Form 2/DOB Date' is clicked on

2019-01-08 19:06:59 - [TEST_STEP][PASSED] - delay: Delayed 2 second(s)

2019-01-08 19:07:01 - [MESSAGE][PASSED] - Delayed 2 second(s)

2019-01-08 19:07:01 - [TEST_STEP][PASSED] - click: Object: 'Object Repository/Final Object Repo/New Registration - Registration Module Pages/Form 2/EmploymentStartDate Pop Up' is clicked on

2019-01-08 19:07:01 - [MESSAGE][PASSED] - Object: 'Object Repository/Final Object Repo/New Registration - Registration Module Pages/Form 2/EmploymentStartDate Pop Up' is clicked on

2019-01-08 19:07:01 - [TEST_STEP][PASSED] - delay: Delayed 2 second(s)

2019-01-08 19:07:03 - [MESSAGE][PASSED] - Delayed 2 second(s)

2019-01-08 19:07:03 - [TEST_STEP][PASSED] - click: Object: 'Object Repository/Final Object Repo/New Registration - Registration Module Pages/Form 2/Socso Employment StartDate Month' is clicked on

2019-01-08 19:07:03 - [MESSAGE][PASSED] - Object: 'Object Repository/Final Object Repo/New Registration - Registration Module Pages/Form 2/Socso Employment StartDate Month' is clicked on

2019-01-08 19:07:03 - [TEST_STEP][PASSED] - delay: Delayed 1 second(s)

2019-01-08 19:07:04 - [MESSAGE][PASSED] - Delayed 1 second(s)

2019-01-08 19:07:04 - [TEST_STEP][PASSED] - click: Object: 'Object Repository/Final Object Repo/New Registration - Registration Module Pages/Form 2/Select Socso Employement Startdate Month' is clicked on

2019-01-08 19:07:04 - [MESSAGE][PASSED] - Object: 'Object Repository/Final Object Repo/New Registration - Registration Module Pages/Form 2/Select Socso Employement Startdate Month' is clicked on

2019-01-08 19:07:04 - [TEST_STEP][PASSED] - delay: Delayed 2 second(s)

2019-01-08 19:07:06 - [MESSAGE][PASSED] - Delayed 2 second(s)

2019-01-08 19:07:06 - [TEST_STEP][PASSED] - click: Object: 'Object Repository/Final Object Repo/New Registration - Registration Module Pages/Form 2/Socso Employment StartDate Year' is clicked on

2019-01-08 19:07:07 - [MESSAGE][PASSED] - Object: 'Object Repository/Final Object Repo/New Registration - Registration Module Pages/Form 2/Socso Employment StartDate Year' is clicked on

2019-01-08 19:07:07 - [TEST_STEP][PASSED] - delay: Delayed 1 second(s)

2019-01-08 19:07:08 - [MESSAGE][PASSED] - Delayed 1 second(s)

2019-01-08 19:07:08 - [TEST_STEP][PASSED] - click: Object: 'Object Repository/Final Object Repo/New Registration - Registration Module Pages/Form 2/Select Socso Employment Startdate Year' is clicked on

2019-01-08 19:07:08 - [MESSAGE][PASSED] - Object: 'Object Repository/Final Object Repo/New Registration - Registration Module Pages/Form 2/Select Socso Employment Startdate Year' is clicked on

2019-01-08 19:07:08 - [TEST_STEP][PASSED] - delay: Delayed 2 second(s)

2019-01-08 19:07:10 - [MESSAGE][PASSED] - Delayed 2 second(s)

2019-01-08 19:07:10 - [TEST_STEP][PASSED] - click: Object: 'Object Repository/Final Object Repo/New Registration - Registration Module Pages/Form 2/Socso Employment Start Date Day' is clicked on

2019-01-08 19:07:10 - [MESSAGE][PASSED] - Object: 'Object Repository/Final Object Repo/New Registration - Registration Module Pages/Form 2/Socso Employment Start Date Day' is clicked on

2019-01-08 19:07:10 - [TEST_STEP][PASSED] - delay: Delayed 2 second(s)

2019-01-08 19:07:12 - [MESSAGE][PASSED] - Delayed 2 second(s)

2019-01-08 19:07:12 - [TEST_STEP][PASSED] - click: Object: 'Object Repository/Final Object Repo/New Registration - Registration Module Pages/Form 2/Save Button for Add Employee' is clicked on

2019-01-08 19:07:12 - [MESSAGE][PASSED] - Object: 'Object Repository/Final Object Repo/New Registration - Registration Module Pages/Form 2/Save Button for Add Employee' is clicked on

2019-01-08 19:07:12 - [TEST_STEP][PASSED] - delay: Delayed 6 second(s)

2019-01-08 19:07:18 - [MESSAGE][PASSED] - Delayed 6 second(s)

2019-01-08 19:07:18 - [TEST_STEP][PASSED] - click: Object: 'Object Repository/Final Object Repo/New Registration - Registration Module Pages/Form 2/Add Employee Button' is clicked on

2019-01-08 19:07:18 - [MESSAGE][PASSED] - Object: 'Object Repository/Final Object Repo/New Registration - Registration Module Pages/Form 2/Add Employee Button' is clicked on

2019-01-08 19:07:18 - [TEST_STEP][PASSED] - delay: Delayed 4 second(s)

2019-01-08 19:07:22 - [MESSAGE][PASSED] - Delayed 4 second(s)

2019-01-08 19:07:22 - [TEST_STEP][PASSED] - setText: Text '620904059691' is set on object 'Object Repository/Final Object Repo/New Registration - Registration Module Pages/Form 2/NRIC Input'

2019-01-08 19:07:23 - [MESSAGE][PASSED] - Text '620904059691' is set on object 'Object Repository/Final Object Repo/New Registration - Registration Module Pages/Form 2/NRIC Input'

2019-01-08 19:07:23 - [TEST_STEP][PASSED] - click: Object: 'Object Repository/Final Object Repo/New Registration - Registration Module Pages/Form 2/button for search for IC' is clicked on

2019-01-08 19:07:23 - [MESSAGE][PASSED] - Object: 'Object Repository/Final Object Repo/New Registration - Registration Module Pages/Form 2/button for search for IC' is clicked on

2019-01-08 19:07:23 - [TEST_STEP][PASSED] - delay: Delayed 2 second(s)

2019-01-08 19:07:25 - [MESSAGE][PASSED] - Delayed 2 second(s)

2019-01-08 19:07:25 - [TEST_STEP][PASSED] - setText: Text 'Automate001 eligible 2' is set on object 'Object Repository/Final Object Repo/New Registration - Registration Module Pages/Form 2/Employee Name Input'

2019-01-08 19:07:25 - [MESSAGE][PASSED] - Text 'Automate001 eligible 2' is set on object 'Object Repository/Final Object Repo/New Registration - Registration Module Pages/Form 2/Employee Name Input'

2019-01-08 19:07:25 - [TEST_STEP][PASSED] - delay: Delayed 2 second(s)

2019-01-08 19:07:27 - [MESSAGE][PASSED] - Delayed 2 second(s)

2019-01-08 19:07:27 - [TEST_STEP][PASSED] - click: Object: 'Object Repository/Final Object Repo/New Registration - Registration Module Pages/Form 2/DatePicker Pop Up' is clicked on

2019-01-08 19:07:27 - [MESSAGE][PASSED] - Object: 'Object Repository/Final Object Repo/New Registration - Registration Module Pages/Form 2/DatePicker Pop Up' is clicked on

2019-01-08 19:07:27 - [TEST_STEP][PASSED] - delay: Delayed 2 second(s)

2019-01-08 19:07:29 - [MESSAGE][PASSED] - Delayed 2 second(s)

2019-01-08 19:07:29 - [TEST_STEP][PASSED] - click: Object: 'Object Repository/Final Object Repo/New Registration - Registration Module Pages/Form 2/DOB Month' is clicked on

2019-01-08 19:07:30 - [MESSAGE][PASSED] - Object: 'Object Repository/Final Object Repo/New Registration - Registration Module Pages/Form 2/DOB Month' is clicked on

2019-01-08 19:07:30 - [TEST_STEP][PASSED] - Statement - selectMonth = com.kms.katalon.core.webui.keyword.WebUiBuiltInKeywords.modifyObjectProperty(selectMonth, "xpath", "equals", "//body/div/div/div/select/option[@value="" + CurrentMonth + ""]", true): Modify property of object successfully

2019-01-08 19:07:30 - [MESSAGE][PASSED] - Modify property of object successfully

2019-01-08 19:07:30 - [TEST_STEP][PASSED] - click: Object: '' is clicked on

2019-01-08 19:07:30 - [MESSAGE][PASSED] - Object: '' is clicked on

2019-01-08 19:07:30 - [TEST_STEP][PASSED] - click: Object: 'Object Repository/Final Object Repo/New Registration - Registration Module Pages/Form 2/DOB Year' is clicked on

2019-01-08 19:07:30 - [MESSAGE][PASSED] - Object: 'Object Repository/Final Object Repo/New Registration - Registration Module Pages/Form 2/DOB Year' is clicked on

2019-01-08 19:07:30 - [TEST_STEP][PASSED] - Statement - selectYear = com.kms.katalon.core.webui.keyword.WebUiBuiltInKeywords.modifyObjectProperty(selectYear, "xpath", "equals", "//div/div/div/select/option[@value="" + FiftysevenYrsBefore + ""]", true): Modify property of object successfully

2019-01-08 19:07:30 - [MESSAGE][PASSED] - Modify property of object successfully

2019-01-08 19:07:30 - [TEST_STEP][PASSED] - click: Object: '' is clicked on

2019-01-08 19:07:30 - [MESSAGE][PASSED] - Object: '' is clicked on

2019-01-08 19:07:30 - [TEST_STEP][PASSED] - Statement - UpdatedSelectDate = com.kms.katalon.core.webui.keyword.WebUiBuiltInKeywords.modifyObjectProperty(com.kms.katalon.core.testobject.ObjectRepository.findTestObject(Final Object Repo/New Registration - Registration Module Pages/Form 2/DOB Date), "xpath", "equals", "//body/div/table/tbody/tr/td/a[text()="" + OneDayBefore + ""]", true): Modify property of object successfully

2019-01-08 19:07:30 - [MESSAGE][PASSED] - Modify property of object successfully

2019-01-08 19:07:30 - [TEST_STEP][PASSED] - click: Object: 'Object Repository/Final Object Repo/New Registration - Registration Module Pages/Form 2/DOB Date' is clicked on

2019-01-08 19:07:30 - [MESSAGE][PASSED] - Object: 'Object Repository/Final Object Repo/New Registration - Registration Module Pages/Form 2/DOB Date' is clicked on

2019-01-08 19:07:30 - [TEST_STEP][PASSED] - delay: Delayed 2 second(s)

2019-01-08 19:07:32 - [MESSAGE][PASSED] - Delayed 2 second(s)

2019-01-08 19:07:32 - [TEST_STEP][PASSED] - click: Object: 'Object Repository/Final Object Repo/New Registration - Registration Module Pages/Form 2/EmploymentStartDate Pop Up' is clicked on

2019-01-08 19:07:32 - [MESSAGE][PASSED] - Object: 'Object Repository/Final Object Repo/New Registration - Registration Module Pages/Form 2/EmploymentStartDate Pop Up' is clicked on

2019-01-08 19:07:32 - [TEST_STEP][PASSED] - delay: Delayed 2 second(s)

2019-01-08 19:07:34 - [MESSAGE][PASSED] - Delayed 2 second(s)

2019-01-08 19:07:34 - [TEST_STEP][PASSED] - click: Object: 'Object Repository/Final Object Repo/New Registration - Registration Module Pages/Form 2/Socso Employment StartDate Month' is clicked on

2019-01-08 19:07:35 - [MESSAGE][PASSED] - Object: 'Object Repository/Final Object Repo/New Registration - Registration Module Pages/Form 2/Socso Employment StartDate Month' is clicked on

2019-01-08 19:07:35 - [TEST_STEP][PASSED] - delay: Delayed 1 second(s)

2019-01-08 19:07:36 - [MESSAGE][PASSED] - Delayed 1 second(s)

2019-01-08 19:07:36 - [TEST_STEP][PASSED] - click: Object: 'Object Repository/Final Object Repo/New Registration - Registration Module Pages/Form 2/Select Socso Employement Startdate Month' is clicked on

2019-01-08 19:07:36 - [MESSAGE][PASSED] - Object: 'Object Repository/Final Object Repo/New Registration - Registration Module Pages/Form 2/Select Socso Employement Startdate Month' is clicked on

2019-01-08 19:07:36 - [TEST_STEP][PASSED] - delay: Delayed 2 second(s)

2019-01-08 19:07:38 - [MESSAGE][PASSED] - Delayed 2 second(s)

2019-01-08 19:07:38 - [TEST_STEP][PASSED] - click: Object: 'Object Repository/Final Object Repo/New Registration - Registration Module Pages/Form 2/Socso Employment StartDate Year' is clicked on

2019-01-08 19:07:38 - [MESSAGE][PASSED] - Object: 'Object Repository/Final Object Repo/New Registration - Registration Module Pages/Form 2/Socso Employment StartDate Year' is clicked on

2019-01-08 19:07:38 - [TEST_STEP][PASSED] - delay: Delayed 1 second(s)

2019-01-08 19:07:39 - [MESSAGE][PASSED] - Delayed 1 second(s)

2019-01-08 19:07:39 - [TEST_STEP][PASSED] - click: Object: 'Object Repository/Final Object Repo/New Registration - Registration Module Pages/Form 2/Select Socso Employment Startdate Year' is clicked on

2019-01-08 19:07:39 - [MESSAGE][PASSED] - Object: 'Object Repository/Final Object Repo/New Registration - Registration Module Pages/Form 2/Select Socso Employment Startdate Year' is clicked on

2019-01-08 19:07:39 - [TEST_STEP][PASSED] - delay: Delayed 2 second(s)

2019-01-08 19:07:41 - [MESSAGE][PASSED] - Delayed 2 second(s)

2019-01-08 19:07:41 - [TEST_STEP][PASSED] - click: Object: 'Object Repository/Final Object Repo/New Registration - Registration Module Pages/Form 2/Socso Employment Start Date Day' is clicked on

2019-01-08 19:07:41 - [MESSAGE][PASSED] - Object: 'Object Repository/Final Object Repo/New Registration - Registration Module Pages/Form 2/Socso Employment Start Date Day' is clicked on

2019-01-08 19:07:41 - [TEST_STEP][PASSED] - delay: Delayed 2 second(s)

2019-01-08 19:07:43 - [MESSAGE][PASSED] - Delayed 2 second(s)

2019-01-08 19:07:43 - [TEST_STEP][PASSED] - click: Object: 'Object Repository/Final Object Repo/New Registration - Registration Module Pages/Form 2/Save Button for Add Employee' is clicked on

2019-01-08 19:07:43 - [MESSAGE][PASSED] - Object: 'Object Repository/Final Object Repo/New Registration - Registration Module Pages/Form 2/Save Button for Add Employee' is clicked on

2019-01-08 19:07:43 - [TEST_STEP][PASSED] - delay: Delayed 4 second(s)

2019-01-08 19:07:47 - [MESSAGE][PASSED] - Delayed 4 second(s)

2019-01-08 19:07:47 - [TEST_STEP][PASSED] - delay: Delayed 30 second(s)

2019-01-08 19:08:17 - [MESSAGE][PASSED] - Delayed 30 second(s)

2019-01-08 19:08:17 - [TEST_STEP][PASSED] - click: Object: 'Object Repository/Final Object Repo/New Registration - Registration Module Pages/Form 2/Add Employee Button' is clicked on

2019-01-08 19:08:18 - [MESSAGE][PASSED] - Object: 'Object Repository/Final Object Repo/New Registration - Registration Module Pages/Form 2/Add Employee Button' is clicked on

2019-01-08 19:08:18 - [TEST_STEP][PASSED] - delay: Delayed 4 second(s)

2019-01-08 19:08:22 - [MESSAGE][PASSED] - Delayed 4 second(s)

2019-01-08 19:08:22 - [TEST_STEP][PASSED] - setText: Text '000209039145' is set on object 'Object Repository/Final Object Repo/New Registration - Registration Module Pages/Form 2/NRIC Input'

2019-01-08 19:08:22 - [MESSAGE][PASSED] - Text '000209039145' is set on object 'Object Repository/Final Object Repo/New Registration - Registration Module Pages/Form 2/NRIC Input'

2019-01-08 19:08:22 - [TEST_STEP][PASSED] - click: Object: 'Object Repository/Final Object Repo/New Registration - Registration Module Pages/Form 2/button for search for IC' is clicked on

2019-01-08 19:08:22 - [MESSAGE][PASSED] - Object: 'Object Repository/Final Object Repo/New Registration - Registration Module Pages/Form 2/button for search for IC' is clicked on

2019-01-08 19:08:22 - [TEST_STEP][PASSED] - delay: Delayed 2 second(s)

2019-01-08 19:08:24 - [MESSAGE][PASSED] - Delayed 2 second(s)

2019-01-08 19:08:24 - [TEST_STEP][PASSED] - setText: Text 'Automate001 not eligible 1' is set on object 'Object Repository/Final Object Repo/New Registration - Registration Module Pages/Form 2/Employee Name Input'

2019-01-08 19:08:25 - [MESSAGE][PASSED] - Text 'Automate001 not eligible 1' is set on object 'Object Repository/Final Object Repo/New Registration - Registration Module Pages/Form 2/Employee Name Input'

2019-01-08 19:08:25 - [TEST_STEP][PASSED] - delay: Delayed 2 second(s)

2019-01-08 19:08:27 - [MESSAGE][PASSED] - Delayed 2 second(s)

2019-01-08 19:08:27 - [TEST_STEP][PASSED] - click: Object: 'Object Repository/Final Object Repo/New Registration - Registration Module Pages/Form 2/DatePicker Pop Up' is clicked on

2019-01-08 19:08:27 - [MESSAGE][PASSED] - Object: 'Object Repository/Final Object Repo/New Registration - Registration Module Pages/Form 2/DatePicker Pop Up' is clicked on

2019-01-08 19:08:27 - [TEST_STEP][PASSED] - delay: Delayed 2 second(s)

2019-01-08 19:08:29 - [MESSAGE][PASSED] - Delayed 2 second(s)

2019-01-08 19:08:29 - [TEST_STEP][PASSED] - click: Object: 'Object Repository/Final Object Repo/New Registration - Registration Module Pages/Form 2/DOB Month' is clicked on

2019-01-08 19:08:29 - [MESSAGE][PASSED] - Object: 'Object Repository/Final Object Repo/New Registration - Registration Module Pages/Form 2/DOB Month' is clicked on

2019-01-08 19:08:29 - [TEST_STEP][PASSED] - Statement - selectMonth = com.kms.katalon.core.webui.keyword.WebUiBuiltInKeywords.modifyObjectProperty(selectMonth, "xpath", "equals", "//body/div/div/div/select/option[@value="" + CurrentMonth + ""]", true): Modify property of object successfully

2019-01-08 19:08:29 - [MESSAGE][PASSED] - Modify property of object successfully

2019-01-08 19:08:29 - [TEST_STEP][PASSED] - click: Object: '' is clicked on

2019-01-08 19:08:29 - [MESSAGE][PASSED] - Object: '' is clicked on

2019-01-08 19:08:29 - [TEST_STEP][PASSED] - click: Object: 'Object Repository/Final Object Repo/New Registration - Registration Module Pages/Form 2/DOB Year' is clicked on

2019-01-08 19:08:29 - [MESSAGE][PASSED] - Object: 'Object Repository/Final Object Repo/New Registration - Registration Module Pages/Form 2/DOB Year' is clicked on

2019-01-08 19:08:29 - [TEST_STEP][PASSED] - Statement - selectYear = com.kms.katalon.core.webui.keyword.WebUiBuiltInKeywords.modifyObjectProperty(selectYear, "xpath", "equals", "//div/div/div/select/option[@value="" + EighteenYrsBefore + ""]", true): Modify property of object successfully

2019-01-08 19:08:29 - [MESSAGE][PASSED] - Modify property of object successfully

2019-01-08 19:08:29 - [TEST_STEP][PASSED] - click: Object: '' is clicked on

2019-01-08 19:08:29 - [MESSAGE][PASSED] - Object: '' is clicked on

2019-01-08 19:08:29 - [TEST_STEP][PASSED] - Statement - UpdatedSelectDate = com.kms.katalon.core.webui.keyword.WebUiBuiltInKeywords.modifyObjectProperty(com.kms.katalon.core.testobject.ObjectRepository.findTestObject(Final Object Repo/New Registration - Registration Module Pages/Form 2/DOB Date), "xpath", "equals", "//body/div/table/tbody/tr/td/a[text()="" + OneDayBefore + ""]", true): Modify property of object successfully

2019-01-08 19:08:29 - [MESSAGE][PASSED] - Modify property of object successfully

2019-01-08 19:08:29 - [TEST_STEP][PASSED] - click: Object: 'Object Repository/Final Object Repo/New Registration - Registration Module Pages/Form 2/DOB Date' is clicked on

2019-01-08 19:08:30 - [MESSAGE][PASSED] - Object: 'Object Repository/Final Object Repo/New Registration - Registration Module Pages/Form 2/DOB Date' is clicked on

2019-01-08 19:08:30 - [TEST_STEP][PASSED] - delay: Delayed 2 second(s)

2019-01-08 19:08:32 - [MESSAGE][PASSED] - Delayed 2 second(s)

2019-01-08 19:08:32 - [TEST_STEP][PASSED] - click: Object: 'Object Repository/Final Object Repo/New Registration - Registration Module Pages/Form 2/EmploymentStartDate Pop Up' is clicked on

2019-01-08 19:08:32 - [MESSAGE][PASSED] - Object: 'Object Repository/Final Object Repo/New Registration - Registration Module Pages/Form 2/EmploymentStartDate Pop Up' is clicked on

2019-01-08 19:08:32 - [TEST_STEP][PASSED] - delay: Delayed 2 second(s)

2019-01-08 19:08:34 - [MESSAGE][PASSED] - Delayed 2 second(s)

2019-01-08 19:08:34 - [TEST_STEP][PASSED] - click: Object: 'Object Repository/Final Object Repo/New Registration - Registration Module Pages/Form 2/Socso Employment StartDate Month' is clicked on

2019-01-08 19:08:34 - [MESSAGE][PASSED] - Object: 'Object Repository/Final Object Repo/New Registration - Registration Module Pages/Form 2/Socso Employment StartDate Month' is clicked on

2019-01-08 19:08:34 - [TEST_STEP][PASSED] - delay: Delayed 1 second(s)

2019-01-08 19:08:35 - [MESSAGE][PASSED] - Delayed 1 second(s)

2019-01-08 19:08:35 - [TEST_STEP][PASSED] - click: Object: 'Object Repository/Final Object Repo/New Registration - Registration Module Pages/Form 2/Select Socso Employement Startdate Month' is clicked on

2019-01-08 19:08:35 - [MESSAGE][PASSED] - Object: 'Object Repository/Final Object Repo/New Registration - Registration Module Pages/Form 2/Select Socso Employement Startdate Month' is clicked on

2019-01-08 19:08:35 - [TEST_STEP][PASSED] - delay: Delayed 2 second(s)

2019-01-08 19:08:37 - [MESSAGE][PASSED] - Delayed 2 second(s)

2019-01-08 19:08:37 - [TEST_STEP][PASSED] - click: Object: 'Object Repository/Final Object Repo/New Registration - Registration Module Pages/Form 2/Socso Employment StartDate Year' is clicked on

2019-01-08 19:08:37 - [MESSAGE][PASSED] - Object: 'Object Repository/Final Object Repo/New Registration - Registration Module Pages/Form 2/Socso Employment StartDate Year' is clicked on

2019-01-08 19:08:37 - [TEST_STEP][PASSED] - delay: Delayed 1 second(s)

2019-01-08 19:08:38 - [MESSAGE][PASSED] - Delayed 1 second(s)

2019-01-08 19:08:38 - [TEST_STEP][PASSED] - click: Object: 'Object Repository/Final Object Repo/New Registration - Registration Module Pages/Form 2/Select Socso Employment Startdate Year' is clicked on

2019-01-08 19:08:38 - [MESSAGE][PASSED] - Object: 'Object Repository/Final Object Repo/New Registration - Registration Module Pages/Form 2/Select Socso Employment Startdate Year' is clicked on

2019-01-08 19:08:38 - [TEST_STEP][PASSED] - delay: Delayed 2 second(s)

2019-01-08 19:08:40 - [MESSAGE][PASSED] - Delayed 2 second(s)

2019-01-08 19:08:40 - [TEST_STEP][PASSED] - click: Object: 'Object Repository/Final Object Repo/New Registration - Registration Module Pages/Form 2/Socso Employment Start Date Day' is clicked on

2019-01-08 19:08:41 - [MESSAGE][PASSED] - Object: 'Object Repository/Final Object Repo/New Registration - Registration Module Pages/Form 2/Socso Employment Start Date Day' is clicked on

2019-01-08 19:08:41 - [TEST_STEP][PASSED] - delay: Delayed 2 second(s)

2019-01-08 19:08:43 - [MESSAGE][PASSED] - Delayed 2 second(s)

2019-01-08 19:08:43 - [TEST_STEP][PASSED] - click: Object: 'Object Repository/Final Object Repo/New Registration - Registration Module Pages/Form 2/Save Button for Add Employee' is clicked on

2019-01-08 19:08:43 - [MESSAGE][PASSED] - Object: 'Object Repository/Final Object Repo/New Registration - Registration Module Pages/Form 2/Save Button for Add Employee' is clicked on

2019-01-08 19:08:43 - [TEST_STEP][PASSED] - delay: Delayed 6 second(s)

2019-01-08 19:08:49 - [MESSAGE][PASSED] - Delayed 6 second(s)

2019-01-08 19:08:49 - [TEST_STEP][PASSED] - click: Object: 'Object Repository/Final Object Repo/New Registration - Registration Module Pages/Form 2/Add Employee Button' is clicked on

2019-01-08 19:08:49 - [MESSAGE][PASSED] - Object: 'Object Repository/Final Object Repo/New Registration - Registration Module Pages/Form 2/Add Employee Button' is clicked on

2019-01-08 19:08:49 - [TEST_STEP][PASSED] - delay: Delayed 4 second(s)

2019-01-08 19:08:53 - [MESSAGE][PASSED] - Delayed 4 second(s)

2019-01-08 19:08:53 - [TEST_STEP][PASSED] - setText: Text '600203039154' is set on object 'Object Repository/Final Object Repo/New Registration - Registration Module Pages/Form 2/NRIC Input'

2019-01-08 19:08:53 - [MESSAGE][PASSED] - Text '600203039154' is set on object 'Object Repository/Final Object Repo/New Registration - Registration Module Pages/Form 2/NRIC Input'

2019-01-08 19:08:53 - [TEST_STEP][PASSED] - click: Object: 'Object Repository/Final Object Repo/New Registration - Registration Module Pages/Form 2/button for search for IC' is clicked on

2019-01-08 19:08:53 - [MESSAGE][PASSED] - Object: 'Object Repository/Final Object Repo/New Registration - Registration Module Pages/Form 2/button for search for IC' is clicked on

2019-01-08 19:08:53 - [TEST_STEP][PASSED] - delay: Delayed 2 second(s)

2019-01-08 19:08:55 - [MESSAGE][PASSED] - Delayed 2 second(s)

2019-01-08 19:08:55 - [TEST_STEP][PASSED] - setText: Text 'Automate001 not eligible 2' is set on object 'Object Repository/Final Object Repo/New Registration - Registration Module Pages/Form 2/Employee Name Input'

2019-01-08 19:08:56 - [MESSAGE][PASSED] - Text 'Automate001 not eligible 2' is set on object 'Object Repository/Final Object Repo/New Registration - Registration Module Pages/Form 2/Employee Name Input'

2019-01-08 19:08:56 - [TEST_STEP][PASSED] - delay: Delayed 2 second(s)

2019-01-08 19:08:58 - [MESSAGE][PASSED] - Delayed 2 second(s)

2019-01-08 19:08:58 - [TEST_STEP][PASSED] - click: Object: 'Object Repository/Final Object Repo/New Registration - Registration Module Pages/Form 2/DatePicker Pop Up' is clicked on

2019-01-08 19:08:58 - [MESSAGE][PASSED] - Object: 'Object Repository/Final Object Repo/New Registration - Registration Module Pages/Form 2/DatePicker Pop Up' is clicked on

2019-01-08 19:08:58 - [TEST_STEP][PASSED] - delay: Delayed 2 second(s)

2019-01-08 19:09:00 - [MESSAGE][PASSED] - Delayed 2 second(s)

2019-01-08 19:09:00 - [TEST_STEP][PASSED] - click: Object: 'Object Repository/Final Object Repo/New Registration - Registration Module Pages/Form 2/DOB Month' is clicked on

2019-01-08 19:09:00 - [MESSAGE][PASSED] - Object: 'Object Repository/Final Object Repo/New Registration - Registration Module Pages/Form 2/DOB Month' is clicked on

2019-01-08 19:09:00 - [TEST_STEP][PASSED] - Statement - selectMonth = com.kms.katalon.core.webui.keyword.WebUiBuiltInKeywords.modifyObjectProperty(selectMonth, "xpath", "equals", "//body/div/div/div/select/option[@value="" + CurrentMonth + ""]", true): Modify property of object successfully

2019-01-08 19:09:00 - [MESSAGE][PASSED] - Modify property of object successfully

2019-01-08 19:09:00 - [TEST_STEP][PASSED] - click: Object: '' is clicked on

2019-01-08 19:09:00 - [MESSAGE][PASSED] - Object: '' is clicked on

2019-01-08 19:09:00 - [TEST_STEP][PASSED] - click: Object: 'Object Repository/Final Object Repo/New Registration - Registration Module Pages/Form 2/DOB Year' is clicked on

2019-01-08 19:09:01 - [MESSAGE][PASSED] - Object: 'Object Repository/Final Object Repo/New Registration - Registration Module Pages/Form 2/DOB Year' is clicked on

2019-01-08 19:09:01 - [TEST_STEP][PASSED] - Statement - selectYear = com.kms.katalon.core.webui.keyword.WebUiBuiltInKeywords.modifyObjectProperty(selectYear, "xpath", "equals", "//div/div/div/select/option[@value="" + FiftysevenYrsBefore + ""]", true): Modify property of object successfully

2019-01-08 19:09:01 - [MESSAGE][PASSED] - Modify property of object successfully

2019-01-08 19:09:01 - [TEST_STEP][PASSED] - click: Object: '' is clicked on

2019-01-08 19:09:01 - [MESSAGE][PASSED] - Object: '' is clicked on

2019-01-08 19:09:01 - [TEST_STEP][PASSED] - Statement - UpdatedSelectDate = com.kms.katalon.core.webui.keyword.WebUiBuiltInKeywords.modifyObjectProperty(com.kms.katalon.core.testobject.ObjectRepository.findTestObject(Final Object Repo/New Registration - Registration Module Pages/Form 2/DOB Date), "xpath", "equals", "//body/div/table/tbody/tr/td/a[text()="" + CurrentDate + ""]", true): Modify property of object successfully

2019-01-08 19:09:01 - [MESSAGE][PASSED] - Modify property of object successfully

2019-01-08 19:09:01 - [TEST_STEP][PASSED] - click: Object: 'Object Repository/Final Object Repo/New Registration - Registration Module Pages/Form 2/DOB Date' is clicked on

2019-01-08 19:09:01 - [MESSAGE][PASSED] - Object: 'Object Repository/Final Object Repo/New Registration - Registration Module Pages/Form 2/DOB Date' is clicked on

2019-01-08 19:09:01 - [TEST_STEP][PASSED] - click: Object: 'Object Repository/Final Object Repo/New Registration - Registration Module Pages/Form 2/EmploymentStartDate Pop Up' is clicked on

2019-01-08 19:09:01 - [MESSAGE][PASSED] - Object: 'Object Repository/Final Object Repo/New Registration - Registration Module Pages/Form 2/EmploymentStartDate Pop Up' is clicked on

2019-01-08 19:09:01 - [TEST_STEP][PASSED] - delay: Delayed 2 second(s)

2019-01-08 19:09:03 - [MESSAGE][PASSED] - Delayed 2 second(s)

2019-01-08 19:09:03 - [TEST_STEP][PASSED] - click: Object: 'Object Repository/Final Object Repo/New Registration - Registration Module Pages/Form 2/Socso Employment StartDate Month' is clicked on

2019-01-08 19:09:03 - [MESSAGE][PASSED] - Object: 'Object Repository/Final Object Repo/New Registration - Registration Module Pages/Form 2/Socso Employment StartDate Month' is clicked on

2019-01-08 19:09:03 - [TEST_STEP][PASSED] - delay: Delayed 1 second(s)

2019-01-08 19:09:04 - [MESSAGE][PASSED] - Delayed 1 second(s)

2019-01-08 19:09:04 - [TEST_STEP][PASSED] - click: Object: 'Object Repository/Final Object Repo/New Registration - Registration Module Pages/Form 2/Select Socso Employement Startdate Month' is clicked on

2019-01-08 19:09:04 - [MESSAGE][PASSED] - Object: 'Object Repository/Final Object Repo/New Registration - Registration Module Pages/Form 2/Select Socso Employement Startdate Month' is clicked on

2019-01-08 19:09:04 - [TEST_STEP][PASSED] - delay: Delayed 2 second(s)

2019-01-08 19:09:06 - [MESSAGE][PASSED] - Delayed 2 second(s)

2019-01-08 19:09:06 - [TEST_STEP][PASSED] - click: Object: 'Object Repository/Final Object Repo/New Registration - Registration Module Pages/Form 2/Socso Employment StartDate Year' is clicked on

2019-01-08 19:09:07 - [MESSAGE][PASSED] - Object: 'Object Repository/Final Object Repo/New Registration - Registration Module Pages/Form 2/Socso Employment StartDate Year' is clicked on

2019-01-08 19:09:07 - [TEST_STEP][PASSED] - delay: Delayed 1 second(s)

2019-01-08 19:09:08 - [MESSAGE][PASSED] - Delayed 1 second(s)

2019-01-08 19:09:08 - [TEST_STEP][PASSED] - click: Object: 'Object Repository/Final Object Repo/New Registration - Registration Module Pages/Form 2/Select Socso Employment Startdate Year' is clicked on

2019-01-08 19:09:08 - [MESSAGE][PASSED] - Object: 'Object Repository/Final Object Repo/New Registration - Registration Module Pages/Form 2/Select Socso Employment Startdate Year' is clicked on

2019-01-08 19:09:08 - [TEST_STEP][PASSED] - delay: Delayed 2 second(s)

2019-01-08 19:09:10 - [MESSAGE][PASSED] - Delayed 2 second(s)

2019-01-08 19:09:10 - [TEST_STEP][PASSED] - click: Object: 'Object Repository/Final Object Repo/New Registration - Registration Module Pages/Form 2/Socso Employment Start Date Day' is clicked on

2019-01-08 19:09:10 - [MESSAGE][PASSED] - Object: 'Object Repository/Final Object Repo/New Registration - Registration Module Pages/Form 2/Socso Employment Start Date Day' is clicked on

2019-01-08 19:09:10 - [TEST_STEP][PASSED] - delay: Delayed 2 second(s)

2019-01-08 19:09:12 - [MESSAGE][PASSED] - Delayed 2 second(s)

2019-01-08 19:09:12 - [TEST_STEP][PASSED] - click: Object: 'Object Repository/Final Object Repo/New Registration - Registration Module Pages/Form 2/Save Button for Add Employee' is clicked on

2019-01-08 19:09:12 - [MESSAGE][PASSED] - Object: 'Object Repository/Final Object Repo/New Registration - Registration Module Pages/Form 2/Save Button for Add Employee' is clicked on

2019-01-08 19:09:12 - [TEST_STEP][PASSED] - delay: Delayed 2 second(s)

2019-01-08 19:09:14 - [MESSAGE][PASSED] - Delayed 2 second(s)

2019-01-08 19:09:14 - [TEST_STEP][PASSED] - click: Object: 'Object Repository/Final Object Repo/New Registration - Registration Module Pages/Form 2/Save and Continue Form 2' is clicked on

2019-01-08 19:09:14 - [MESSAGE][PASSED] - Object: 'Object Repository/Final Object Repo/New Registration - Registration Module Pages/Form 2/Save and Continue Form 2' is clicked on

2019-01-08 19:09:14 - [MESSAGE][PASSED] - Call Test Case 'Test Cases/Final Aug 2018 - PKS Automation/Registration Module/New Registration/Form 2/Add 2 Eligible 2 Not Eligible' successfully

2019-01-08 19:09:14 - [TEST_STEP][PASSED] - callTestCase: Call Test Case 'Test Cases/Final Aug 2018 - PKS Automation/Registration Module/New Registration/Flow of New Registration/Third Screen - Upload Supporting Doc - Preview' successfully

2019-01-08 19:09:14 - [TEST_CASE][PASSED] - Test Cases/Final Aug 2018 - PKS Automation/Registration Module/New Registration/Flow of New Registration/Third Screen - Upload Supporting Doc - Preview: Test Cases/Final Aug 2018 - PKS Automation/Registration Module/New Registration/Flow of New Registration/Third Screen - Upload Supporting Doc - Preview

2019-01-08 19:09:14 - [TEST_STEP][PASSED] - waitForPageLoad: Wait for page load successfully

2019-01-08 19:09:15 - [MESSAGE][PASSED] - Wait for page load successfully

2019-01-08 19:09:15 - [TEST_STEP][PASSED] - Statement - CaseReferenceNo = com.kms.katalon.core.webui.keyword.WebUiBuiltInKeywords.getText(com.kms.katalon.core.testobject.ObjectRepository.findTestObject(Final Object Repo/New Registration - Registration Module Pages/Third Screen - Upload Supporting Doc- Preview/RefNo Acquiring)): Text of object 'Object Repository/Final Object Repo/New Registration - Registration Module Pages/Third Screen - Upload Supporting Doc- Preview/RefNo Acquiring' is: 'CRN01201900123655'

2019-01-08 19:09:15 - [MESSAGE][PASSED] - Text of object 'Object Repository/Final Object Repo/New Registration - Registration Module Pages/Third Screen - Upload Supporting Doc- Preview/RefNo Acquiring' is: 'CRN01201900123655'

2019-01-08 19:09:15 - [TEST_STEP][PASSED] - delay: Delayed 2 second(s)

2019-01-08 19:09:17 - [MESSAGE][PASSED] - Delayed 2 second(s)

2019-01-08 19:09:17 - [TEST_STEP][PASSED] - callTestCase: Call Test Case 'Test Cases/Final Aug 2018 - PKS Automation/Common/Reference Number Setter' successfully

2019-01-08 19:09:17 - [TEST_CASE][PASSED] - Test Cases/Final Aug 2018 - PKS Automation/Common/Reference Number Setter: Test Cases/Final Aug 2018 - PKS Automation/Common/Reference Number Setter

2019-01-08 19:09:17 - [TEST_STEP][PASSED] - Statement - RefNoOldFile = new java.io.File(C://Users//Admin//Desktop//PKS//Automation Reference Point//KatalonReference.txt): null

2019-01-08 19:09:17 - [TEST_STEP][PASSED] - Statement - RefNoOldFile.delete(): null

2019-01-08 19:09:17 - [TEST_STEP][PASSED] - delay: Delayed 5 second(s)

2019-01-08 19:09:22 - [MESSAGE][PASSED] - Delayed 5 second(s)

2019-01-08 19:09:22 - [TEST_STEP][PASSED] - Statement - RefNo = new java.io.File(C://Users//Admin//Desktop//PKS//Automation Reference Point//KatalonReference.txt): null

2019-01-08 19:09:22 - [TEST_STEP][PASSED] - Statement - f2 = new java.io.FileWriter(RefNo, false): null

2019-01-08 19:09:22 - [TEST_STEP][PASSED] - Statement - f2.write(CaseReferenceNo): null

2019-01-08 19:09:22 - [TEST_STEP][PASSED] - Statement - f2.close(): null

2019-01-08 19:09:22 - [TEST_STEP][PASSED] - Statement - out.println("


" + CaseReferenceNo + "


"): null

2019-01-08 19:09:22 - [MESSAGE][PASSED] - Call Test Case 'Test Cases/Final Aug 2018 - PKS Automation/Common/Reference Number Setter' successfully

2019-01-08 19:09:22 - [TEST_STEP][PASSED] - waitForElementClickable: Object 'Object Repository/Final Object Repo/New Registration - Registration Module Pages/Third Screen - Upload Supporting Doc- Preview/Save n Continue in SIP Employee Listing Page' is clickable

2019-01-08 19:09:22 - [MESSAGE][PASSED] - Object 'Object Repository/Final Object Repo/New Registration - Registration Module Pages/Third Screen - Upload Supporting Doc- Preview/Save n Continue in SIP Employee Listing Page' is clickable

2019-01-08 19:09:22 - [TEST_STEP][PASSED] - click: Object: 'Object Repository/Final Object Repo/New Registration - Registration Module Pages/Third Screen - Upload Supporting Doc- Preview/Save n Continue in SIP Employee Listing Page' is clicked on

2019-01-08 19:09:28 - [MESSAGE][PASSED] - Object: 'Object Repository/Final Object Repo/New Registration - Registration Module Pages/Third Screen - Upload Supporting Doc- Preview/Save n Continue in SIP Employee Listing Page' is clicked on

2019-01-08 19:09:28 - [TEST_STEP][PASSED] - delay: Delayed 7 second(s)

2019-01-08 19:09:35 - [MESSAGE][PASSED] - Delayed 7 second(s)

2019-01-08 19:09:35 - [TEST_STEP][PASSED] - click: Object: 'Object Repository/Final Object Repo/New Registration - Registration Module Pages/Third Screen - Upload Supporting Doc- Preview/Add Document Button' is clicked on

2019-01-08 19:09:35 - [MESSAGE][PASSED] - Object: 'Object Repository/Final Object Repo/New Registration - Registration Module Pages/Third Screen - Upload Supporting Doc- Preview/Add Document Button' is clicked on

2019-01-08 19:09:35 - [TEST_STEP][PASSED] - delay: Delayed 30 second(s)

2019-01-08 19:10:05 - [MESSAGE][PASSED] - Delayed 30 second(s)

2019-01-08 19:10:05 - [TEST_STEP][PASSED] - click: Object: 'Object Repository/Final Object Repo/New Registration - Registration Module Pages/Third Screen - Upload Supporting Doc- Preview/Supporting Doc Please Select Drop Down' is clicked on

2019-01-08 19:10:05 - [MESSAGE][PASSED] - Object: 'Object Repository/Final Object Repo/New Registration - Registration Module Pages/Third Screen - Upload Supporting Doc- Preview/Supporting Doc Please Select Drop Down' is clicked on

2019-01-08 19:10:05 - [TEST_STEP][PASSED] - delay: Delayed 2 second(s)

2019-01-08 19:10:07 - [MESSAGE][PASSED] - Delayed 2 second(s)

2019-01-08 19:10:07 - [TEST_STEP][PASSED] - click: Object: 'Object Repository/Final Object Repo/New Registration - Registration Module Pages/Third Screen - Upload Supporting Doc- Preview/Select to Upload Form 1' is clicked on

2019-01-08 19:10:07 - [MESSAGE][PASSED] - Object: 'Object Repository/Final Object Repo/New Registration - Registration Module Pages/Third Screen - Upload Supporting Doc- Preview/Select to Upload Form 1' is clicked on

2019-01-08 19:10:07 - [TEST_STEP][PASSED] - delay: Delayed 2 second(s)

2019-01-08 19:10:09 - [MESSAGE][PASSED] - Delayed 2 second(s)

2019-01-08 19:10:09 - [TEST_STEP][PASSED] - uploadFile: File 'C:\Users\Public\Pictures\Sample Pictures\Koala.jpg' sent to object: 'Object Repository/Final Object Repo/New Registration - Registration Module Pages/Third Screen - Upload Supporting Doc- Preview/Upload File Adding'

2019-01-08 19:10:09 - [MESSAGE][PASSED] - File 'C:\Users\Public\Pictures\Sample Pictures\Koala.jpg' sent to object: 'Object Repository/Final Object Repo/New Registration - Registration Module Pages/Third Screen - Upload Supporting Doc- Preview/Upload File Adding'

2019-01-08 19:10:09 - [TEST_STEP][PASSED] - delay: Delayed 5 second(s)

2019-01-08 19:10:14 - [MESSAGE][PASSED] - Delayed 5 second(s)

2019-01-08 19:10:14 - [TEST_STEP][PASSED] - click: Object: 'Object Repository/Final Object Repo/New Registration - Registration Module Pages/Third Screen - Upload Supporting Doc- Preview/Inner Form Add Document Button' is clicked on

2019-01-08 19:10:15 - [MESSAGE][PASSED] - Object: 'Object Repository/Final Object Repo/New Registration - Registration Module Pages/Third Screen - Upload Supporting Doc- Preview/Inner Form Add Document Button' is clicked on

2019-01-08 19:10:15 - [TEST_STEP][PASSED] - delay: Delayed 3 second(s)

2019-01-08 19:10:18 - [MESSAGE][PASSED] - Delayed 3 second(s)

2019-01-08 19:10:18 - [TEST_STEP][PASSED] - click: Object: 'Object Repository/Final Object Repo/New Registration - Registration Module Pages/Third Screen - Upload Supporting Doc- Preview/Add Document Button' is clicked on

2019-01-08 19:10:19 - [MESSAGE][PASSED] - Object: 'Object Repository/Final Object Repo/New Registration - Registration Module Pages/Third Screen - Upload Supporting Doc- Preview/Add Document Button' is clicked on

2019-01-08 19:10:19 - [TEST_STEP][PASSED] - delay: Delayed 30 second(s)

2019-01-08 19:10:49 - [MESSAGE][PASSED] - Delayed 30 second(s)

2019-01-08 19:10:49 - [TEST_STEP][PASSED] - click: Object: 'Object Repository/Final Object Repo/New Registration - Registration Module Pages/Third Screen - Upload Supporting Doc- Preview/Supporting Doc Please Select Drop Down' is clicked on

2019-01-08 19:10:49 - [MESSAGE][PASSED] - Object: 'Object Repository/Final Object Repo/New Registration - Registration Module Pages/Third Screen - Upload Supporting Doc- Preview/Supporting Doc Please Select Drop Down' is clicked on

2019-01-08 19:10:49 - [TEST_STEP][PASSED] - delay: Delayed 4 second(s)

2019-01-08 19:10:53 - [MESSAGE][PASSED] - Delayed 4 second(s)

2019-01-08 19:10:53 - [TEST_STEP][PASSED] - click: Object: 'Object Repository/Final Object Repo/New Registration - Registration Module Pages/Third Screen - Upload Supporting Doc- Preview/Select to Upload Form 2' is clicked on

2019-01-08 19:10:53 - [MESSAGE][PASSED] - Object: 'Object Repository/Final Object Repo/New Registration - Registration Module Pages/Third Screen - Upload Supporting Doc- Preview/Select to Upload Form 2' is clicked on

2019-01-08 19:10:53 - [TEST_STEP][PASSED] - delay: Delayed 2 second(s)

2019-01-08 19:10:55 - [MESSAGE][PASSED] - Delayed 2 second(s)

2019-01-08 19:10:55 - [TEST_STEP][PASSED] - uploadFile: File 'C:\Users\Public\Pictures\Sample Pictures\Koala.jpg' sent to object: 'Object Repository/Final Object Repo/New Registration - Registration Module Pages/Third Screen - Upload Supporting Doc- Preview/Upload File Adding'

2019-01-08 19:10:55 - [MESSAGE][PASSED] - File 'C:\Users\Public\Pictures\Sample Pictures\Koala.jpg' sent to object: 'Object Repository/Final Object Repo/New Registration - Registration Module Pages/Third Screen - Upload Supporting Doc- Preview/Upload File Adding'

2019-01-08 19:10:55 - [TEST_STEP][PASSED] - click: Object: 'Object Repository/Final Object Repo/New Registration - Registration Module Pages/Third Screen - Upload Supporting Doc- Preview/Inner Form Add Document Button' is clicked on

2019-01-08 19:10:56 - [MESSAGE][PASSED] - Object: 'Object Repository/Final Object Repo/New Registration - Registration Module Pages/Third Screen - Upload Supporting Doc- Preview/Inner Form Add Document Button' is clicked on

2019-01-08 19:10:56 - [TEST_STEP][PASSED] - delay: Delayed 5 second(s)

2019-01-08 19:11:01 - [MESSAGE][PASSED] - Delayed 5 second(s)

2019-01-08 19:11:01 - [TEST_STEP][PASSED] - click: Object: 'Object Repository/Final Object Repo/New Registration - Registration Module Pages/Third Screen - Upload Supporting Doc- Preview/Add Document Button' is clicked on

2019-01-08 19:11:01 - [MESSAGE][PASSED] - Object: 'Object Repository/Final Object Repo/New Registration - Registration Module Pages/Third Screen - Upload Supporting Doc- Preview/Add Document Button' is clicked on

2019-01-08 19:11:01 - [TEST_STEP][PASSED] - delay: Delayed 30 second(s)

2019-01-08 19:11:31 - [MESSAGE][PASSED] - Delayed 30 second(s)

2019-01-08 19:11:31 - [TEST_STEP][PASSED] - click: Object: 'Object Repository/Final Object Repo/New Registration - Registration Module Pages/Third Screen - Upload Supporting Doc- Preview/Supporting Doc Please Select Drop Down' is clicked on

2019-01-08 19:11:31 - [MESSAGE][PASSED] - Object: 'Object Repository/Final Object Repo/New Registration - Registration Module Pages/Third Screen - Upload Supporting Doc- Preview/Supporting Doc Please Select Drop Down' is clicked on

2019-01-08 19:11:31 - [TEST_STEP][PASSED] - click: Object: 'Object Repository/Final Object Repo/New Registration - Registration Module Pages/Third Screen - Upload Supporting Doc- Preview/Select to Upload Borang SIP 1' is clicked on

2019-01-08 19:11:31 - [MESSAGE][PASSED] - Object: 'Object Repository/Final Object Repo/New Registration - Registration Module Pages/Third Screen - Upload Supporting Doc- Preview/Select to Upload Borang SIP 1' is clicked on

2019-01-08 19:11:31 - [TEST_STEP][PASSED] - delay: Delayed 2 second(s)

2019-01-08 19:11:33 - [MESSAGE][PASSED] - Delayed 2 second(s)

2019-01-08 19:11:33 - [TEST_STEP][PASSED] - uploadFile: File 'C:\Users\Public\Pictures\Sample Pictures\Koala.jpg' sent to object: 'Object Repository/Final Object Repo/New Registration - Registration Module Pages/Third Screen - Upload Supporting Doc- Preview/Upload File Adding'

2019-01-08 19:11:33 - [MESSAGE][PASSED] - File 'C:\Users\Public\Pictures\Sample Pictures\Koala.jpg' sent to object: 'Object Repository/Final Object Repo/New Registration - Registration Module Pages/Third Screen - Upload Supporting Doc- Preview/Upload File Adding'

2019-01-08 19:11:33 - [TEST_STEP][PASSED] - click: Object: 'Object Repository/Final Object Repo/New Registration - Registration Module Pages/Third Screen - Upload Supporting Doc- Preview/Inner Form Add Document Button' is clicked on

2019-01-08 19:11:33 - [MESSAGE][PASSED] - Object: 'Object Repository/Final Object Repo/New Registration - Registration Module Pages/Third Screen - Upload Supporting Doc- Preview/Inner Form Add Document Button' is clicked on

2019-01-08 19:11:33 - [TEST_STEP][PASSED] - delay: Delayed 5 second(s)

2019-01-08 19:11:38 - [MESSAGE][PASSED] - Delayed 5 second(s)

2019-01-08 19:11:38 - [TEST_STEP][PASSED] - click: Object: 'Object Repository/Final Object Repo/New Registration - Registration Module Pages/Third Screen - Upload Supporting Doc- Preview/Add Document Button' is clicked on

2019-01-08 19:11:39 - [MESSAGE][PASSED] - Object: 'Object Repository/Final Object Repo/New Registration - Registration Module Pages/Third Screen - Upload Supporting Doc- Preview/Add Document Button' is clicked on

2019-01-08 19:11:39 - [TEST_STEP][PASSED] - delay: Delayed 30 second(s)

2019-01-08 19:12:09 - [MESSAGE][PASSED] - Delayed 30 second(s)

2019-01-08 19:12:09 - [TEST_STEP][PASSED] - click: Object: 'Object Repository/Final Object Repo/New Registration - Registration Module Pages/Third Screen - Upload Supporting Doc- Preview/Supporting Doc Please Select Drop Down' is clicked on

2019-01-08 19:12:09 - [MESSAGE][PASSED] - Object: 'Object Repository/Final Object Repo/New Registration - Registration Module Pages/Third Screen - Upload Supporting Doc- Preview/Supporting Doc Please Select Drop Down' is clicked on

2019-01-08 19:12:09 - [TEST_STEP][PASSED] - delay: Delayed 3 second(s)

2019-01-08 19:12:12 - [MESSAGE][PASSED] - Delayed 3 second(s)

2019-01-08 19:12:12 - [TEST_STEP][PASSED] - click: Object: 'Object Repository/Final Object Repo/New Registration - Registration Module Pages/Third Screen - Upload Supporting Doc- Preview/Select to Upload Borang SIP 2' is clicked on

2019-01-08 19:12:12 - [MESSAGE][PASSED] - Object: 'Object Repository/Final Object Repo/New Registration - Registration Module Pages/Third Screen - Upload Supporting Doc- Preview/Select to Upload Borang SIP 2' is clicked on

2019-01-08 19:12:12 - [TEST_STEP][PASSED] - delay: Delayed 2 second(s)

2019-01-08 19:12:14 - [MESSAGE][PASSED] - Delayed 2 second(s)

2019-01-08 19:12:14 - [TEST_STEP][PASSED] - uploadFile: File 'C:\Users\Public\Pictures\Sample Pictures\Koala.jpg' sent to object: 'Object Repository/Final Object Repo/New Registration - Registration Module Pages/Third Screen - Upload Supporting Doc- Preview/Upload File Adding'

2019-01-08 19:12:14 - [MESSAGE][PASSED] - File 'C:\Users\Public\Pictures\Sample Pictures\Koala.jpg' sent to object: 'Object Repository/Final Object Repo/New Registration - Registration Module Pages/Third Screen - Upload Supporting Doc- Preview/Upload File Adding'

2019-01-08 19:12:14 - [TEST_STEP][PASSED] - delay: Delayed 5 second(s)

2019-01-08 19:12:19 - [MESSAGE][PASSED] - Delayed 5 second(s)

2019-01-08 19:12:19 - [TEST_STEP][PASSED] - click: Object: 'Object Repository/Final Object Repo/New Registration - Registration Module Pages/Third Screen - Upload Supporting Doc- Preview/Inner Form Add Document Button' is clicked on

2019-01-08 19:12:19 - [MESSAGE][PASSED] - Object: 'Object Repository/Final Object Repo/New Registration - Registration Module Pages/Third Screen - Upload Supporting Doc- Preview/Inner Form Add Document Button' is clicked on

2019-01-08 19:12:19 - [TEST_STEP][PASSED] - delay: Delayed 3 second(s)

2019-01-08 19:12:22 - [MESSAGE][PASSED] - Delayed 3 second(s)

2019-01-08 19:12:22 - [TEST_STEP][PASSED] - waitForElementClickable: Object 'Object Repository/Final Object Repo/New Registration - Registration Module Pages/Third Screen - Upload Supporting Doc- Preview/Save n Continue in Uploading Supporting Doc Page' is clickable

2019-01-08 19:12:24 - [MESSAGE][PASSED] - Object 'Object Repository/Final Object Repo/New Registration - Registration Module Pages/Third Screen - Upload Supporting Doc- Preview/Save n Continue in Uploading Supporting Doc Page' is clickable

2019-01-08 19:12:24 - [TEST_STEP][PASSED] - click: Object: 'Object Repository/Final Object Repo/New Registration - Registration Module Pages/Third Screen - Upload Supporting Doc- Preview/Save n Continue in Uploading Supporting Doc Page' is clicked on

2019-01-08 19:12:24 - [MESSAGE][PASSED] - Object: 'Object Repository/Final Object Repo/New Registration - Registration Module Pages/Third Screen - Upload Supporting Doc- Preview/Save n Continue in Uploading Supporting Doc Page' is clicked on

2019-01-08 19:12:24 - [MESSAGE][PASSED] - Call Test Case 'Test Cases/Final Aug 2018 - PKS Automation/Registration Module/New Registration/Flow of New Registration/Third Screen - Upload Supporting Doc - Preview' successfully

2019-01-08 19:12:24 - [TEST_STEP][PASSED] - callTestCase: Call Test Case 'Test Cases/Final Aug 2018 - PKS Automation/Registration Module/New Registration/Submit and Screenshot/Submit Registration and Screenshot' successfully

2019-01-08 19:12:24 - [TEST_CASE][PASSED] - Test Cases/Final Aug 2018 - PKS Automation/Registration Module/New Registration/Submit and Screenshot/Submit Registration and Screenshot: Test Cases/Final Aug 2018 - PKS Automation/Registration Module/New Registration/Submit and Screenshot/Submit Registration and Screenshot

2019-01-08 19:12:24 - [TEST_STEP][PASSED] - delay: Delayed 6 second(s)

2019-01-08 19:12:30 - [MESSAGE][PASSED] - Delayed 6 second(s)

2019-01-08 19:12:30 - [TEST_STEP][PASSED] - click: Object: 'Object Repository/Final Object Repo/New Registration - Registration Module Pages/Third Screen - Upload Supporting Doc- Preview/Preview Submit Button' is clicked on

2019-01-08 19:12:30 - [MESSAGE][PASSED] - Object: 'Object Repository/Final Object Repo/New Registration - Registration Module Pages/Third Screen - Upload Supporting Doc- Preview/Preview Submit Button' is clicked on

2019-01-08 19:12:30 - [TEST_STEP][PASSED] - delay: Delayed 2 second(s)

2019-01-08 19:12:32 - [MESSAGE][PASSED] - Delayed 2 second(s)

2019-01-08 19:12:32 - [TEST_STEP][PASSED] - click: Object: 'Object Repository/Final Object Repo/New Registration - Registration Module Pages/Third Screen - Upload Supporting Doc- Preview/Preview Submit - Confirm' is clicked on

2019-01-08 19:12:33 - [MESSAGE][PASSED] - Object: 'Object Repository/Final Object Repo/New Registration - Registration Module Pages/Third Screen - Upload Supporting Doc- Preview/Preview Submit - Confirm' is clicked on

2019-01-08 19:12:33 - [TEST_STEP][PASSED] - delay: Delayed 15 second(s)

2019-01-08 19:12:48 - [MESSAGE][PASSED] - Delayed 15 second(s)

2019-01-08 19:12:48 - [TEST_STEP][PASSED] - Statement - driver = com.kms.katalon.core.webui.driver.DriverFactory.getWebDriver(): null

2019-01-08 19:12:48 - [TEST_STEP][PASSED] - Statement - driver.manage().timeouts().implicitlyWait(10, SECONDS): null

2019-01-08 19:12:48 - [TEST_STEP][PASSED] - Statement - PresavePath = KatalonScreenshots: null

2019-01-08 19:12:48 - [TEST_STEP][PASSED] - Statement - pathPrefix = "C:\Users\Public\Pictures\Sample Pictures\Katalon Screenshots\Automate Ending Screen": null

2019-01-08 19:12:48 - [TEST_STEP][PASSED] - Statement - finalPath = <not implemented yet for class: org.codehaus.groovy.ast.expr.EmptyExpression>: null

2019-01-08 19:12:48 - [TEST_STEP][PASSED] - Statement - scrFile = driver.getScreenshotAs(FILE): null

2019-01-08 19:12:48 - [TEST_STEP][PASSED] - Statement - PreSaveFile = new java.io.File(PresavePath): null

2019-01-08 19:12:48 - [TEST_STEP][PASSED] - Statement - counter = 0: null

2019-01-08 19:12:48 - [TEST_STEP][PASSED] - Statement - If (PreSaveFile.exists()): null

2019-01-08 19:12:48 - [TEST_STEP][PASSED] - Statement - While (PreSaveFile.exists()): null

2019-01-08 19:12:48 - [TEST_STEP][PASSED] - Statement - counter = counter + 1: null

2019-01-08 19:12:48 - [TEST_STEP][PASSED] - Statement - PreSaveFile = new java.io.File(((pathPrefix + java.lang.Integer.toString(counter)) + .png)): null

2019-01-08 19:12:48 - [TEST_STEP][PASSED] - Statement - counter = counter + 1: null

2019-01-08 19:12:48 - [TEST_STEP][PASSED] - Statement - PreSaveFile = new java.io.File(((pathPrefix + java.lang.Integer.toString(counter)) + .png)): null

2019-01-08 19:12:48 - [TEST_STEP][PASSED] - Statement - counter = counter + 1: null

2019-01-08 19:12:48 - [TEST_STEP][PASSED] - Statement - PreSaveFile = new java.io.File(((pathPrefix + java.lang.Integer.toString(counter)) + .png)): null

2019-01-08 19:12:48 - [TEST_STEP][PASSED] - Statement - counter = counter + 1: null

2019-01-08 19:12:48 - [TEST_STEP][PASSED] - Statement - PreSaveFile = new java.io.File(((pathPrefix + java.lang.Integer.toString(counter)) + .png)): null

2019-01-08 19:12:48 - [TEST_STEP][PASSED] - Statement - counter = counter + 1: null

2019-01-08 19:12:48 - [TEST_STEP][PASSED] - Statement - PreSaveFile = new java.io.File(((pathPrefix + java.lang.Integer.toString(counter)) + .png)): null

2019-01-08 19:12:48 - [TEST_STEP][PASSED] - Statement - counter = counter + 1: null

2019-01-08 19:12:48 - [TEST_STEP][PASSED] - Statement - PreSaveFile = new java.io.File(((pathPrefix + java.lang.Integer.toString(counter)) + .png)): null

2019-01-08 19:12:48 - [TEST_STEP][PASSED] - Statement - counter = counter + 1: null

2019-01-08 19:12:48 - [TEST_STEP][PASSED] - Statement - PreSaveFile = new java.io.File(((pathPrefix + java.lang.Integer.toString(counter)) + .png)): null

2019-01-08 19:12:48 - [TEST_STEP][PASSED] - Statement - counter = counter + 1: null

2019-01-08 19:12:48 - [TEST_STEP][PASSED] - Statement - PreSaveFile = new java.io.File(((pathPrefix + java.lang.Integer.toString(counter)) + .png)): null

2019-01-08 19:12:48 - [TEST_STEP][PASSED] - Statement - counter = counter + 1: null

2019-01-08 19:12:48 - [TEST_STEP][PASSED] - Statement - PreSaveFile = new java.io.File(((pathPrefix + java.lang.Integer.toString(counter)) + .png)): null

2019-01-08 19:12:48 - [TEST_STEP][PASSED] - Statement - counter = counter + 1: null

2019-01-08 19:12:48 - [TEST_STEP][PASSED] - Statement - PreSaveFile = new java.io.File(((pathPrefix + java.lang.Integer.toString(counter)) + .png)): null

2019-01-08 19:12:48 - [TEST_STEP][PASSED] - Statement - counter = counter + 1: null

2019-01-08 19:12:48 - [TEST_STEP][PASSED] - Statement - PreSaveFile = new java.io.File(((pathPrefix + java.lang.Integer.toString(counter)) + .png)): null

2019-01-08 19:12:48 - [TEST_STEP][PASSED] - Statement - counter = counter + 1: null

2019-01-08 19:12:48 - [TEST_STEP][PASSED] - Statement - PreSaveFile = new java.io.File(((pathPrefix + java.lang.Integer.toString(counter)) + .png)): null

2019-01-08 19:12:48 - [TEST_STEP][PASSED] - Statement - counter = counter + 1: null

2019-01-08 19:12:48 - [TEST_STEP][PASSED] - Statement - PreSaveFile = new java.io.File(((pathPrefix + java.lang.Integer.toString(counter)) + .png)): null

2019-01-08 19:12:48 - [TEST_STEP][PASSED] - Statement - counter = counter + 1: null

2019-01-08 19:12:48 - [TEST_STEP][PASSED] - Statement - PreSaveFile = new java.io.File(((pathPrefix + java.lang.Integer.toString(counter)) + .png)): null

2019-01-08 19:12:48 - [TEST_STEP][PASSED] - Statement - counter = counter + 1: null

2019-01-08 19:12:48 - [TEST_STEP][PASSED] - Statement - PreSaveFile = new java.io.File(((pathPrefix + java.lang.Integer.toString(counter)) + .png)): null

2019-01-08 19:12:48 - [TEST_STEP][PASSED] - Statement - counter = counter + 1: null

2019-01-08 19:12:48 - [TEST_STEP][PASSED] - Statement - PreSaveFile = new java.io.File(((pathPrefix + java.lang.Integer.toString(counter)) + .png)): null

2019-01-08 19:12:48 - [TEST_STEP][PASSED] - Statement - counter = counter + 1: null

2019-01-08 19:12:48 - [TEST_STEP][PASSED] - Statement - PreSaveFile = new java.io.File(((pathPrefix + java.lang.Integer.toString(counter)) + .png)): null

2019-01-08 19:12:48 - [TEST_STEP][PASSED] - Statement - counter = counter + 1: null

2019-01-08 19:12:48 - [TEST_STEP][PASSED] - Statement - PreSaveFile = new java.io.File(((pathPrefix + java.lang.Integer.toString(counter)) + .png)): null

2019-01-08 19:12:48 - [TEST_STEP][PASSED] - Statement - counter = counter + 1: null

2019-01-08 19:12:48 - [TEST_STEP][PASSED] - Statement - PreSaveFile = new java.io.File(((pathPrefix + java.lang.Integer.toString(counter)) + .png)): null

2019-01-08 19:12:48 - [TEST_STEP][PASSED] - Statement - counter = counter + 1: null

2019-01-08 19:12:48 - [TEST_STEP][PASSED] - Statement - PreSaveFile = new java.io.File(((pathPrefix + java.lang.Integer.toString(counter)) + .png)): null

2019-01-08 19:12:48 - [TEST_STEP][PASSED] - Statement - counter = counter + 1: null

2019-01-08 19:12:48 - [TEST_STEP][PASSED] - Statement - PreSaveFile = new java.io.File(((pathPrefix + java.lang.Integer.toString(counter)) + .png)): null

2019-01-08 19:12:48 - [TEST_STEP][PASSED] - Statement - counter = counter + 1: null

2019-01-08 19:12:48 - [TEST_STEP][PASSED] - Statement - PreSaveFile = new java.io.File(((pathPrefix + java.lang.Integer.toString(counter)) + .png)): null

2019-01-08 19:12:48 - [TEST_STEP][PASSED] - Statement - counter = counter + 1: null

2019-01-08 19:12:48 - [TEST_STEP][PASSED] - Statement - PreSaveFile = new java.io.File(((pathPrefix + java.lang.Integer.toString(counter)) + .png)): null

2019-01-08 19:12:48 - [TEST_STEP][PASSED] - Statement - counter = counter + 1: null

2019-01-08 19:12:48 - [TEST_STEP][PASSED] - Statement - PreSaveFile = new java.io.File(((pathPrefix + java.lang.Integer.toString(counter)) + .png)): null

2019-01-08 19:12:48 - [TEST_STEP][PASSED] - Statement - counter = counter + 1: null

2019-01-08 19:12:48 - [TEST_STEP][PASSED] - Statement - PreSaveFile = new java.io.File(((pathPrefix + java.lang.Integer.toString(counter)) + .png)): null

2019-01-08 19:12:48 - [TEST_STEP][PASSED] - Statement - counter = counter + 1: null

2019-01-08 19:12:48 - [TEST_STEP][PASSED] - Statement - PreSaveFile = new java.io.File(((pathPrefix + java.lang.Integer.toString(counter)) + .png)): null

2019-01-08 19:12:48 - [TEST_STEP][PASSED] - Statement - counter = counter + 1: null

2019-01-08 19:12:48 - [TEST_STEP][PASSED] - Statement - PreSaveFile = new java.io.File(((pathPrefix + java.lang.Integer.toString(counter)) + .png)): null

2019-01-08 19:12:48 - [TEST_STEP][PASSED] - Statement - counter = counter + 1: null

2019-01-08 19:12:48 - [TEST_STEP][PASSED] - Statement - PreSaveFile = new java.io.File(((pathPrefix + java.lang.Integer.toString(counter)) + .png)): null

2019-01-08 19:12:48 - [TEST_STEP][PASSED] - Statement - counter = counter + 1: null

2019-01-08 19:12:48 - [TEST_STEP][PASSED] - Statement - PreSaveFile = new java.io.File(((pathPrefix + java.lang.Integer.toString(counter)) + .png)): null

2019-01-08 19:12:48 - [TEST_STEP][PASSED] - Statement - counter = counter + 1: null

2019-01-08 19:12:48 - [TEST_STEP][PASSED] - Statement - PreSaveFile = new java.io.File(((pathPrefix + java.lang.Integer.toString(counter)) + .png)): null

2019-01-08 19:12:48 - [TEST_STEP][PASSED] - Statement - counter = counter + 1: null

2019-01-08 19:12:48 - [TEST_STEP][PASSED] - Statement - PreSaveFile = new java.io.File(((pathPrefix + java.lang.Integer.toString(counter)) + .png)): null

2019-01-08 19:12:48 - [TEST_STEP][PASSED] - Statement - finalPath = pathPrefix + java.lang.Integer.toString(counter) + ".png": null

2019-01-08 19:12:48 - [TEST_STEP][PASSED] - Statement - SaveFile = new java.io.File(finalPath): null

2019-01-08 19:12:48 - [TEST_STEP][PASSED] - Statement - Try: null

2019-01-08 19:12:48 - [TEST_STEP][PASSED] - Statement - org.apache.commons.io.FileUtils.copyFile(scrFile, SaveFile): null

2019-01-08 19:12:48 - [TEST_STEP][PASSED] - Statement - out.println("file kept"): null

2019-01-08 19:12:48 - [TEST_STEP][PASSED] - delay: Delayed 10 second(s)

2019-01-08 19:12:58 - [MESSAGE][PASSED] - Delayed 10 second(s)

2019-01-08 19:12:58 - [MESSAGE][PASSED] - Call Test Case 'Test Cases/Final Aug 2018 - PKS Automation/Registration Module/New Registration/Submit and Screenshot/Submit Registration and Screenshot' successfully]]></system-out>
         <system-err><![CDATA[]]></system-err>
      </testcase>
      <testcase name="Test Cases/Final Aug 2018 - PKS Automation/Registration Module/Critical Path/New Registration/Sole Proprietor - Not Registered" classname="Test Cases/Final Aug 2018 - PKS Automation/Registration Module/Critical Path/New Registration/Sole Proprietor - Not Registered" status="PASSED">
         <system-out><![CDATA[2019-01-08 19:12:58 - [TEST_CASE][PASSED] - Test Cases/Final Aug 2018 - PKS Automation/Registration Module/Critical Path/New Registration/Sole Proprietor - Not Registered: Test Cases/Final Aug 2018 - PKS Automation/Registration Module/Critical Path/New Registration/Sole Proprietor - Not Registered

2019-01-08 19:12:59 - [TEST_STEP][PASSED] - callTestCase: Call Test Case 'Test Cases/Final Aug 2018 - PKS Automation/Registration Module/New Registration/Form 1/Form 1 - Sole Proprietor - Not Registered' successfully

2019-01-08 19:12:59 - [TEST_CASE][PASSED] - Test Cases/Final Aug 2018 - PKS Automation/Registration Module/New Registration/Form 1/Form 1 - Sole Proprietor - Not Registered: Test Cases/Final Aug 2018 - PKS Automation/Registration Module/New Registration/Form 1/Form 1 - Sole Proprietor - Not Registered

2019-01-08 19:12:59 - [TEST_STEP][PASSED] - openBrowser: Browser is opened with url: ''

2019-01-08 19:12:59 - [MESSAGE][WARNING] - A browser is already opened. Closing browser and opening a new one

2019-01-08 19:13:02 - [MESSAGE][PASSED] - Browser is opened with url: ''

2019-01-08 19:13:02 - [TEST_STEP][PASSED] - navigateToUrl: Navigate to 'https://assist2-uat.perkeso.gov.my/login' successfully

2019-01-08 19:13:03 - [MESSAGE][PASSED] - Navigate to 'https://assist2-uat.perkeso.gov.my/login' successfully

2019-01-08 19:13:03 - [TEST_STEP][PASSED] - setText: Text 'johorotc1@gmail.com' is set on object 'Object Repository/Final Object Repo/Login Page/Internal User/Email Address'

2019-01-08 19:13:03 - [MESSAGE][PASSED] - Text 'johorotc1@gmail.com' is set on object 'Object Repository/Final Object Repo/Login Page/Internal User/Email Address'

2019-01-08 19:13:03 - [TEST_STEP][PASSED] - click: Object: 'Object Repository/Final Object Repo/Login Page/Internal User/Next Button' is clicked on

2019-01-08 19:13:04 - [MESSAGE][PASSED] - Object: 'Object Repository/Final Object Repo/Login Page/Internal User/Next Button' is clicked on

2019-01-08 19:13:04 - [TEST_STEP][PASSED] - delay: Delayed 1 second(s)

2019-01-08 19:13:05 - [MESSAGE][PASSED] - Delayed 1 second(s)

2019-01-08 19:13:05 - [TEST_STEP][PASSED] - setEncryptedText: Text ****** has been set on object 'Object Repository/Final Object Repo/Login Page/Internal User/Password'

2019-01-08 19:13:05 - [MESSAGE][PASSED] - Text ****** has been set on object 'Object Repository/Final Object Repo/Login Page/Internal User/Password'

2019-01-08 19:13:05 - [TEST_STEP][PASSED] - click: Object: 'Object Repository/Final Object Repo/Login Page/Internal User/Login Button' is clicked on

2019-01-08 19:13:05 - [MESSAGE][PASSED] - Object: 'Object Repository/Final Object Repo/Login Page/Internal User/Login Button' is clicked on

2019-01-08 19:13:05 - [TEST_STEP][PASSED] - delay: Delayed 1 second(s)

2019-01-08 19:13:06 - [MESSAGE][PASSED] - Delayed 1 second(s)

2019-01-08 19:13:06 - [TEST_STEP][PASSED] - Statement - Try: Delayed 2 second(s)

2019-01-08 19:13:06 - [TEST_STEP][PASSED] - Statement - Checker = false: null

2019-01-08 19:13:06 - [TEST_STEP][PASSED] - Statement - Checker = com.kms.katalon.core.webui.keyword.WebUiBuiltInKeywords.verifyElementHasAttribute(com.kms.katalon.core.testobject.ObjectRepository.findTestObject(Final Object Repo/Landing Page/BM Detecting), "href", 20, OPTIONAL): Object 'Object Repository/Final Object Repo/Landing Page/BM Detecting' has attribute 'href'

2019-01-08 19:13:07 - [MESSAGE][PASSED] - Object 'Object Repository/Final Object Repo/Landing Page/BM Detecting' has attribute 'href'

2019-01-08 19:13:07 - [TEST_STEP][PASSED] - Statement - out.println(Checker): null

2019-01-08 19:13:07 - [TEST_STEP][PASSED] - Statement - If (Checker == false): null

2019-01-08 19:13:07 - [TEST_STEP][PASSED] - Statement - Else: null

2019-01-08 19:13:07 - [TEST_STEP][PASSED] - delay: Delayed 2 second(s)

2019-01-08 19:13:09 - [MESSAGE][PASSED] - Delayed 2 second(s)

2019-01-08 19:13:09 - [TEST_STEP][PASSED] - navigateToUrl: Navigate to 'https://assist2-uat.perkeso.gov.my/web/registration/registration' successfully

2019-01-08 19:13:10 - [MESSAGE][PASSED] - Navigate to 'https://assist2-uat.perkeso.gov.my/web/registration/registration' successfully

2019-01-08 19:13:10 - [TEST_STEP][PASSED] - click: Object: 'Object Repository/Final Object Repo/New Registration - Registration Module Pages/Form 1/AEC - No' is clicked on

2019-01-08 19:13:10 - [MESSAGE][PASSED] - Object: 'Object Repository/Final Object Repo/New Registration - Registration Module Pages/Form 1/AEC - No' is clicked on

2019-01-08 19:13:10 - [TEST_STEP][PASSED] - click: Object: 'Object Repository/Final Object Repo/New Registration - Registration Module Pages/Form 1/Business Entity' is clicked on

2019-01-08 19:13:11 - [MESSAGE][PASSED] - Object: 'Object Repository/Final Object Repo/New Registration - Registration Module Pages/Form 1/Business Entity' is clicked on

2019-01-08 19:13:11 - [TEST_STEP][PASSED] - click: Object: 'Object Repository/Final Object Repo/New Registration - Registration Module Pages/Form 1/Business Entity - Sole Proprietor ' is clicked on

2019-01-08 19:13:11 - [MESSAGE][PASSED] - Object: 'Object Repository/Final Object Repo/New Registration - Registration Module Pages/Form 1/Business Entity - Sole Proprietor ' is clicked on

2019-01-08 19:13:11 - [TEST_STEP][PASSED] - delay: Delayed 1 second(s)

2019-01-08 19:13:12 - [MESSAGE][PASSED] - Delayed 1 second(s)

2019-01-08 19:13:12 - [TEST_STEP][PASSED] - click: Object: 'Object Repository/Final Object Repo/New Registration - Registration Module Pages/Form 1/Sub Business Entity' is clicked on

2019-01-08 19:13:12 - [MESSAGE][PASSED] - Object: 'Object Repository/Final Object Repo/New Registration - Registration Module Pages/Form 1/Sub Business Entity' is clicked on

2019-01-08 19:13:12 - [TEST_STEP][PASSED] - click: Object: 'Object Repository/Final Object Repo/New Registration - Registration Module Pages/Form 1/Sub Business Entity - Not Registered' is clicked on

2019-01-08 19:13:12 - [MESSAGE][PASSED] - Object: 'Object Repository/Final Object Repo/New Registration - Registration Module Pages/Form 1/Sub Business Entity - Not Registered' is clicked on

2019-01-08 19:13:12 - [TEST_STEP][PASSED] - delay: Delayed 1 second(s)

2019-01-08 19:13:13 - [MESSAGE][PASSED] - Delayed 1 second(s)

2019-01-08 19:13:13 - [TEST_STEP][PASSED] - setText: Text '123' is set on object 'Object Repository/Final Object Repo/New Registration - Registration Module Pages/Form 1/Registration Number'

2019-01-08 19:13:13 - [MESSAGE][PASSED] - Text '123' is set on object 'Object Repository/Final Object Repo/New Registration - Registration Module Pages/Form 1/Registration Number'

2019-01-08 19:13:13 - [TEST_STEP][NOT_RUN] - click: NOT_RUN: click

2019-01-08 19:13:13 - [MESSAGE][NOT_RUN] - NOT_RUN: click

2019-01-08 19:13:13 - [TEST_STEP][PASSED] - click: Object: 'Object Repository/Final Object Repo/New Registration - Registration Module Pages/Form 1/Registered As a Branch - Yes' is clicked on

2019-01-08 19:13:14 - [MESSAGE][PASSED] - Object: 'Object Repository/Final Object Repo/New Registration - Registration Module Pages/Form 1/Registered As a Branch - Yes' is clicked on

2019-01-08 19:13:14 - [TEST_STEP][PASSED] - click: Object: 'Object Repository/Final Object Repo/New Registration - Registration Module Pages/Form 1/Acknowledgement' is clicked on

2019-01-08 19:13:14 - [MESSAGE][PASSED] - Object: 'Object Repository/Final Object Repo/New Registration - Registration Module Pages/Form 1/Acknowledgement' is clicked on

2019-01-08 19:13:14 - [TEST_STEP][PASSED] - setText: Text 'perkeso' is set on object 'Object Repository/Final Object Repo/New Registration - Registration Module Pages/Form 1/Industry name'

2019-01-08 19:13:14 - [MESSAGE][PASSED] - Text 'perkeso' is set on object 'Object Repository/Final Object Repo/New Registration - Registration Module Pages/Form 1/Industry name'

2019-01-08 19:13:14 - [TEST_STEP][PASSED] - setText: Text 'perkeso1' is set on object 'Object Repository/Final Object Repo/New Registration - Registration Module Pages/Form 1/Postal Address1'

2019-01-08 19:13:14 - [MESSAGE][PASSED] - Text 'perkeso1' is set on object 'Object Repository/Final Object Repo/New Registration - Registration Module Pages/Form 1/Postal Address1'

2019-01-08 19:13:14 - [TEST_STEP][PASSED] - setText: Text 'perkeso2' is set on object 'Object Repository/Final Object Repo/New Registration - Registration Module Pages/Form 1/Postal Address2'

2019-01-08 19:13:15 - [MESSAGE][PASSED] - Text 'perkeso2' is set on object 'Object Repository/Final Object Repo/New Registration - Registration Module Pages/Form 1/Postal Address2'

2019-01-08 19:13:15 - [TEST_STEP][PASSED] - setText: Text 'perkeso3' is set on object 'Object Repository/Final Object Repo/New Registration - Registration Module Pages/Form 1/Postal Address3'

2019-01-08 19:13:15 - [MESSAGE][PASSED] - Text 'perkeso3' is set on object 'Object Repository/Final Object Repo/New Registration - Registration Module Pages/Form 1/Postal Address3'

2019-01-08 19:13:15 - [TEST_STEP][PASSED] - click: Object: 'Object Repository/Final Object Repo/New Registration - Registration Module Pages/Form 1/State' is clicked on

2019-01-08 19:13:15 - [MESSAGE][PASSED] - Object: 'Object Repository/Final Object Repo/New Registration - Registration Module Pages/Form 1/State' is clicked on

2019-01-08 19:13:15 - [TEST_STEP][PASSED] - click: Object: 'Object Repository/Final Object Repo/New Registration - Registration Module Pages/Form 1/State - Johor' is clicked on

2019-01-08 19:13:16 - [MESSAGE][PASSED] - Object: 'Object Repository/Final Object Repo/New Registration - Registration Module Pages/Form 1/State - Johor' is clicked on

2019-01-08 19:13:16 - [TEST_STEP][PASSED] - delay: Delayed 2 second(s)

2019-01-08 19:13:18 - [MESSAGE][PASSED] - Delayed 2 second(s)

2019-01-08 19:13:18 - [TEST_STEP][PASSED] - click: Object: 'Object Repository/Final Object Repo/New Registration - Registration Module Pages/Form 1/City' is clicked on

2019-01-08 19:13:18 - [MESSAGE][PASSED] - Object: 'Object Repository/Final Object Repo/New Registration - Registration Module Pages/Form 1/City' is clicked on

2019-01-08 19:13:18 - [TEST_STEP][PASSED] - setText: Text 'joh' is set on object 'Object Repository/Final Object Repo/New Registration - Registration Module Pages/Form 1/Postcode - 810'

2019-01-08 19:13:18 - [MESSAGE][PASSED] - Text 'joh' is set on object 'Object Repository/Final Object Repo/New Registration - Registration Module Pages/Form 1/Postcode - 810'

2019-01-08 19:13:18 - [TEST_STEP][PASSED] - delay: Delayed 2 second(s)

2019-01-08 19:13:20 - [MESSAGE][PASSED] - Delayed 2 second(s)

2019-01-08 19:13:20 - [TEST_STEP][PASSED] - click: Object: 'Object Repository/Final Object Repo/New Registration - Registration Module Pages/Form 1/City - Johor Bharu' is clicked on

2019-01-08 19:13:20 - [MESSAGE][PASSED] - Object: 'Object Repository/Final Object Repo/New Registration - Registration Module Pages/Form 1/City - Johor Bharu' is clicked on

2019-01-08 19:13:20 - [TEST_STEP][PASSED] - delay: Delayed 1 second(s)

2019-01-08 19:13:21 - [MESSAGE][PASSED] - Delayed 1 second(s)

2019-01-08 19:13:21 - [TEST_STEP][PASSED] - click: Object: 'Object Repository/Final Object Repo/New Registration - Registration Module Pages/Form 1/Postcode' is clicked on

2019-01-08 19:13:21 - [MESSAGE][PASSED] - Object: 'Object Repository/Final Object Repo/New Registration - Registration Module Pages/Form 1/Postcode' is clicked on

2019-01-08 19:13:21 - [TEST_STEP][PASSED] - delay: Delayed 2 second(s)

2019-01-08 19:13:23 - [MESSAGE][PASSED] - Delayed 2 second(s)

2019-01-08 19:13:23 - [TEST_STEP][PASSED] - setText: Text '810' is set on object 'Object Repository/Final Object Repo/New Registration - Registration Module Pages/Form 1/Postcode - 810'

2019-01-08 19:13:24 - [MESSAGE][PASSED] - Text '810' is set on object 'Object Repository/Final Object Repo/New Registration - Registration Module Pages/Form 1/Postcode - 810'

2019-01-08 19:13:24 - [TEST_STEP][PASSED] - delay: Delayed 1 second(s)

2019-01-08 19:13:25 - [MESSAGE][PASSED] - Delayed 1 second(s)

2019-01-08 19:13:25 - [TEST_STEP][PASSED] - click: Object: 'Object Repository/Final Object Repo/New Registration - Registration Module Pages/Form 1/Postcode - 81000' is clicked on

2019-01-08 19:13:25 - [MESSAGE][PASSED] - Object: 'Object Repository/Final Object Repo/New Registration - Registration Module Pages/Form 1/Postcode - 81000' is clicked on

2019-01-08 19:13:25 - [TEST_STEP][PASSED] - delay: Delayed 1 second(s)

2019-01-08 19:13:26 - [MESSAGE][PASSED] - Delayed 1 second(s)

2019-01-08 19:13:26 - [TEST_STEP][PASSED] - setText: Text '100' is set on object 'Object Repository/Final Object Repo/New Registration - Registration Module Pages/Form 1/P.O.BOX'

2019-01-08 19:13:26 - [MESSAGE][PASSED] - Text '100' is set on object 'Object Repository/Final Object Repo/New Registration - Registration Module Pages/Form 1/P.O.BOX'

2019-01-08 19:13:26 - [TEST_STEP][PASSED] - setText: Text '100' is set on object 'Object Repository/Final Object Repo/New Registration - Registration Module Pages/Form 1/Locked Bag No'

2019-01-08 19:13:26 - [MESSAGE][PASSED] - Text '100' is set on object 'Object Repository/Final Object Repo/New Registration - Registration Module Pages/Form 1/Locked Bag No'

2019-01-08 19:13:26 - [TEST_STEP][PASSED] - click: Object: 'Object Repository/Final Object Repo/New Registration - Registration Module Pages/Form 1/SOCSO Office Location' is clicked on

2019-01-08 19:13:27 - [MESSAGE][PASSED] - Object: 'Object Repository/Final Object Repo/New Registration - Registration Module Pages/Form 1/SOCSO Office Location' is clicked on

2019-01-08 19:13:27 - [TEST_STEP][PASSED] - click: Object: 'Object Repository/Final Object Repo/New Registration - Registration Module Pages/Form 1/SOCSO Office Location - Pejabat PERKESO Negeri Johor' is clicked on

2019-01-08 19:13:27 - [MESSAGE][PASSED] - Object: 'Object Repository/Final Object Repo/New Registration - Registration Module Pages/Form 1/SOCSO Office Location - Pejabat PERKESO Negeri Johor' is clicked on

2019-01-08 19:13:27 - [TEST_STEP][PASSED] - delay: Delayed 1 second(s)

2019-01-08 19:13:28 - [MESSAGE][PASSED] - Delayed 1 second(s)

2019-01-08 19:13:28 - [TEST_STEP][PASSED] - check: Object 'Object Repository/Final Object Repo/New Registration - Registration Module Pages/Form 1/Indusrty Address Same As Postal Address' is checked

2019-01-08 19:13:28 - [MESSAGE][PASSED] - Object 'Object Repository/Final Object Repo/New Registration - Registration Module Pages/Form 1/Indusrty Address Same As Postal Address' is checked

2019-01-08 19:13:28 - [TEST_STEP][PASSED] - delay: Delayed 3 second(s)

2019-01-08 19:13:31 - [MESSAGE][PASSED] - Delayed 3 second(s)

2019-01-08 19:13:31 - [TEST_STEP][PASSED] - click: Object: 'Object Repository/Final Object Repo/New Registration - Registration Module Pages/Form 1/Indusry Address Same As Postal Address False' is clicked on

2019-01-08 19:13:31 - [MESSAGE][PASSED] - Object: 'Object Repository/Final Object Repo/New Registration - Registration Module Pages/Form 1/Indusry Address Same As Postal Address False' is clicked on

2019-01-08 19:13:31 - [TEST_STEP][PASSED] - delay: Delayed 1 second(s)

2019-01-08 19:13:32 - [MESSAGE][PASSED] - Delayed 1 second(s)

2019-01-08 19:13:32 - [TEST_STEP][PASSED] - setText: Text 'perkeso1' is set on object 'Object Repository/Final Object Repo/New Registration - Registration Module Pages/Form 1/Industry Address1'

2019-01-08 19:13:33 - [MESSAGE][PASSED] - Text 'perkeso1' is set on object 'Object Repository/Final Object Repo/New Registration - Registration Module Pages/Form 1/Industry Address1'

2019-01-08 19:13:33 - [TEST_STEP][PASSED] - setText: Text 'perkeso2' is set on object 'Object Repository/Final Object Repo/New Registration - Registration Module Pages/Form 1/Industry Address2'

2019-01-08 19:13:33 - [MESSAGE][PASSED] - Text 'perkeso2' is set on object 'Object Repository/Final Object Repo/New Registration - Registration Module Pages/Form 1/Industry Address2'

2019-01-08 19:13:33 - [TEST_STEP][PASSED] - setText: Text 'perkeso3' is set on object 'Object Repository/Final Object Repo/New Registration - Registration Module Pages/Form 1/Industry Address3'

2019-01-08 19:13:33 - [MESSAGE][PASSED] - Text 'perkeso3' is set on object 'Object Repository/Final Object Repo/New Registration - Registration Module Pages/Form 1/Industry Address3'

2019-01-08 19:13:33 - [TEST_STEP][PASSED] - click: Object: 'Object Repository/Final Object Repo/New Registration - Registration Module Pages/Form 1/Industry State' is clicked on

2019-01-08 19:13:33 - [MESSAGE][PASSED] - Object: 'Object Repository/Final Object Repo/New Registration - Registration Module Pages/Form 1/Industry State' is clicked on

2019-01-08 19:13:33 - [TEST_STEP][PASSED] - delay: Delayed 2 second(s)

2019-01-08 19:13:35 - [MESSAGE][PASSED] - Delayed 2 second(s)

2019-01-08 19:13:35 - [TEST_STEP][PASSED] - click: Object: 'Object Repository/Final Object Repo/New Registration - Registration Module Pages/Form 1/Industry State - Johor' is clicked on

2019-01-08 19:13:36 - [MESSAGE][PASSED] - Object: 'Object Repository/Final Object Repo/New Registration - Registration Module Pages/Form 1/Industry State - Johor' is clicked on

2019-01-08 19:13:36 - [TEST_STEP][PASSED] - delay: Delayed 2 second(s)

2019-01-08 19:13:38 - [MESSAGE][PASSED] - Delayed 2 second(s)

2019-01-08 19:13:38 - [TEST_STEP][PASSED] - click: Object: 'Object Repository/Final Object Repo/New Registration - Registration Module Pages/Form 1/Industry Ciry' is clicked on

2019-01-08 19:13:38 - [MESSAGE][PASSED] - Object: 'Object Repository/Final Object Repo/New Registration - Registration Module Pages/Form 1/Industry Ciry' is clicked on

2019-01-08 19:13:38 - [TEST_STEP][PASSED] - setText: Text 'joh' is set on object 'Object Repository/Final Object Repo/New Registration - Registration Module Pages/Form 1/Industry Ciry - joh'

2019-01-08 19:13:38 - [MESSAGE][PASSED] - Text 'joh' is set on object 'Object Repository/Final Object Repo/New Registration - Registration Module Pages/Form 1/Industry Ciry - joh'

2019-01-08 19:13:38 - [TEST_STEP][PASSED] - delay: Delayed 2 second(s)

2019-01-08 19:13:40 - [MESSAGE][PASSED] - Delayed 2 second(s)

2019-01-08 19:13:40 - [TEST_STEP][PASSED] - click: Object: 'Object Repository/Final Object Repo/New Registration - Registration Module Pages/Form 1/Industy State - Johor Bharu' is clicked on

2019-01-08 19:13:40 - [MESSAGE][PASSED] - Object: 'Object Repository/Final Object Repo/New Registration - Registration Module Pages/Form 1/Industy State - Johor Bharu' is clicked on

2019-01-08 19:13:40 - [TEST_STEP][PASSED] - delay: Delayed 1 second(s)

2019-01-08 19:13:41 - [MESSAGE][PASSED] - Delayed 1 second(s)

2019-01-08 19:13:41 - [TEST_STEP][PASSED] - click: Object: 'Object Repository/Final Object Repo/New Registration - Registration Module Pages/Form 1/Indusry PostCode' is clicked on

2019-01-08 19:13:41 - [MESSAGE][PASSED] - Object: 'Object Repository/Final Object Repo/New Registration - Registration Module Pages/Form 1/Indusry PostCode' is clicked on

2019-01-08 19:13:41 - [TEST_STEP][PASSED] - delay: Delayed 1 second(s)

2019-01-08 19:13:42 - [MESSAGE][PASSED] - Delayed 1 second(s)

2019-01-08 19:13:42 - [TEST_STEP][PASSED] - setText: Text '810' is set on object 'Object Repository/Final Object Repo/New Registration - Registration Module Pages/Form 1/Insutry Post Code - 810'

2019-01-08 19:13:43 - [MESSAGE][PASSED] - Text '810' is set on object 'Object Repository/Final Object Repo/New Registration - Registration Module Pages/Form 1/Insutry Post Code - 810'

2019-01-08 19:13:43 - [TEST_STEP][PASSED] - delay: Delayed 1 second(s)

2019-01-08 19:13:44 - [MESSAGE][PASSED] - Delayed 1 second(s)

2019-01-08 19:13:44 - [TEST_STEP][PASSED] - click: Object: 'Object Repository/Final Object Repo/New Registration - Registration Module Pages/Form 1/Insutry Post Code - 81000' is clicked on

2019-01-08 19:13:44 - [MESSAGE][PASSED] - Object: 'Object Repository/Final Object Repo/New Registration - Registration Module Pages/Form 1/Insutry Post Code - 81000' is clicked on

2019-01-08 19:13:44 - [TEST_STEP][PASSED] - delay: Delayed 1 second(s)

2019-01-08 19:13:45 - [MESSAGE][PASSED] - Delayed 1 second(s)

2019-01-08 19:13:45 - [TEST_STEP][PASSED] - setText: Text '100' is set on object 'Object Repository/Final Object Repo/New Registration - Registration Module Pages/Form 1/Industry P.O.BOX'

2019-01-08 19:13:45 - [MESSAGE][PASSED] - Text '100' is set on object 'Object Repository/Final Object Repo/New Registration - Registration Module Pages/Form 1/Industry P.O.BOX'

2019-01-08 19:13:45 - [TEST_STEP][PASSED] - setText: Text '100' is set on object 'Object Repository/Final Object Repo/New Registration - Registration Module Pages/Form 1/Industry Locked Bag No'

2019-01-08 19:13:45 - [MESSAGE][PASSED] - Text '100' is set on object 'Object Repository/Final Object Repo/New Registration - Registration Module Pages/Form 1/Industry Locked Bag No'

2019-01-08 19:13:45 - [TEST_STEP][PASSED] - setText: Text '123456789' is set on object 'Object Repository/Final Object Repo/New Registration - Registration Module Pages/Form 1/Telephone No'

2019-01-08 19:13:46 - [MESSAGE][PASSED] - Text '123456789' is set on object 'Object Repository/Final Object Repo/New Registration - Registration Module Pages/Form 1/Telephone No'

2019-01-08 19:13:46 - [TEST_STEP][PASSED] - setText: Text '123456789' is set on object 'Object Repository/Final Object Repo/New Registration - Registration Module Pages/Form 1/Mobile No'

2019-01-08 19:13:46 - [MESSAGE][PASSED] - Text '123456789' is set on object 'Object Repository/Final Object Repo/New Registration - Registration Module Pages/Form 1/Mobile No'

2019-01-08 19:13:46 - [TEST_STEP][PASSED] - setText: Text '123456789' is set on object 'Object Repository/Final Object Repo/New Registration - Registration Module Pages/Form 1/Fax No'

2019-01-08 19:13:46 - [MESSAGE][PASSED] - Text '123456789' is set on object 'Object Repository/Final Object Repo/New Registration - Registration Module Pages/Form 1/Fax No'

2019-01-08 19:13:46 - [TEST_STEP][PASSED] - click: Object: 'Object Repository/Final Object Repo/New Registration - Registration Module Pages/Form 1/Industry Code' is clicked on

2019-01-08 19:13:47 - [MESSAGE][PASSED] - Object: 'Object Repository/Final Object Repo/New Registration - Registration Module Pages/Form 1/Industry Code' is clicked on

2019-01-08 19:13:47 - [TEST_STEP][PASSED] - click: Object: 'Object Repository/Final Object Repo/New Registration - Registration Module Pages/Form 1/Indudustry Code - Crops and Animal' is clicked on

2019-01-08 19:13:47 - [MESSAGE][PASSED] - Object: 'Object Repository/Final Object Repo/New Registration - Registration Module Pages/Form 1/Indudustry Code - Crops and Animal' is clicked on

2019-01-08 19:13:47 - [TEST_STEP][PASSED] - delay: Delayed 1 second(s)

2019-01-08 19:13:48 - [MESSAGE][PASSED] - Delayed 1 second(s)

2019-01-08 19:13:48 - [TEST_STEP][PASSED] - click: Object: 'Object Repository/Final Object Repo/New Registration - Registration Module Pages/Form 1/Sub Industry Code List' is clicked on

2019-01-08 19:13:48 - [MESSAGE][PASSED] - Object: 'Object Repository/Final Object Repo/New Registration - Registration Module Pages/Form 1/Sub Industry Code List' is clicked on

2019-01-08 19:13:48 - [TEST_STEP][PASSED] - click: Object: 'Object Repository/Final Object Repo/New Registration - Registration Module Pages/Form 1/Sub Industry Code List - Growing of Maize' is clicked on

2019-01-08 19:13:48 - [MESSAGE][PASSED] - Object: 'Object Repository/Final Object Repo/New Registration - Registration Module Pages/Form 1/Sub Industry Code List - Growing of Maize' is clicked on

2019-01-08 19:13:48 - [TEST_STEP][PASSED] - setText: Text 'perkeso123@gmail.com' is set on object 'Object Repository/Final Object Repo/New Registration - Registration Module Pages/Form 1/Email'

2019-01-08 19:13:49 - [MESSAGE][PASSED] - Text 'perkeso123@gmail.com' is set on object 'Object Repository/Final Object Repo/New Registration - Registration Module Pages/Form 1/Email'

2019-01-08 19:13:49 - [TEST_STEP][PASSED] - click: Object: 'Object Repository/Final Object Repo/New Registration - Registration Module Pages/Form 1/Method of Contribution Payment' is clicked on

2019-01-08 19:13:49 - [MESSAGE][PASSED] - Object: 'Object Repository/Final Object Repo/New Registration - Registration Module Pages/Form 1/Method of Contribution Payment' is clicked on

2019-01-08 19:13:49 - [TEST_STEP][PASSED] - click: Object: 'Object Repository/Final Object Repo/New Registration - Registration Module Pages/Form 1/Method of Contribution Payment - Portal' is clicked on

2019-01-08 19:13:49 - [MESSAGE][PASSED] - Object: 'Object Repository/Final Object Repo/New Registration - Registration Module Pages/Form 1/Method of Contribution Payment - Portal' is clicked on

2019-01-08 19:13:49 - [TEST_STEP][PASSED] - click: Object: 'Object Repository/Final Object Repo/New Registration - Registration Module Pages/Form 1/Servide Type' is clicked on

2019-01-08 19:13:50 - [MESSAGE][PASSED] - Object: 'Object Repository/Final Object Repo/New Registration - Registration Module Pages/Form 1/Servide Type' is clicked on

2019-01-08 19:13:50 - [TEST_STEP][PASSED] - click: Object: 'Object Repository/Final Object Repo/New Registration - Registration Module Pages/Form 1/Servide Type - Professional Bodies' is clicked on

2019-01-08 19:13:50 - [MESSAGE][PASSED] - Object: 'Object Repository/Final Object Repo/New Registration - Registration Module Pages/Form 1/Servide Type - Professional Bodies' is clicked on

2019-01-08 19:13:50 - [TEST_STEP][PASSED] - click: Object: 'Object Repository/Final Object Repo/New Registration - Registration Module Pages/Form 1/Industry Venue' is clicked on

2019-01-08 19:13:50 - [MESSAGE][PASSED] - Object: 'Object Repository/Final Object Repo/New Registration - Registration Module Pages/Form 1/Industry Venue' is clicked on

2019-01-08 19:13:50 - [TEST_STEP][PASSED] - click: Object: 'Object Repository/Final Object Repo/New Registration - Registration Module Pages/Form 1/Industry Venue -  PPN JOHOR' is clicked on

2019-01-08 19:13:50 - [MESSAGE][PASSED] - Object: 'Object Repository/Final Object Repo/New Registration - Registration Module Pages/Form 1/Industry Venue -  PPN JOHOR' is clicked on

2019-01-08 19:13:50 - [TEST_STEP][PASSED] - click: Object: 'Object Repository/Final Object Repo/New Registration - Registration Module Pages/Form 1/Save  Continue' is clicked on

2019-01-08 19:13:50 - [MESSAGE][PASSED] - Object: 'Object Repository/Final Object Repo/New Registration - Registration Module Pages/Form 1/Save  Continue' is clicked on

2019-01-08 19:13:50 - [MESSAGE][PASSED] - Call Test Case 'Test Cases/Final Aug 2018 - PKS Automation/Registration Module/New Registration/Form 1/Form 1 - Sole Proprietor - Not Registered' successfully

2019-01-08 19:13:50 - [TEST_STEP][PASSED] - callTestCase: Call Test Case 'Test Cases/Final Aug 2018 - PKS Automation/Registration Module/New Registration/Form 2/Add 2 Eligible 2 Not Eligible' successfully

2019-01-08 19:13:50 - [TEST_CASE][PASSED] - Test Cases/Final Aug 2018 - PKS Automation/Registration Module/New Registration/Form 2/Add 2 Eligible 2 Not Eligible: Test Cases/Final Aug 2018 - PKS Automation/Registration Module/New Registration/Form 2/Add 2 Eligible 2 Not Eligible

2019-01-08 19:13:50 - [TEST_STEP][PASSED] - delay: Delayed 2 second(s)

2019-01-08 19:13:52 - [MESSAGE][PASSED] - Delayed 2 second(s)

2019-01-08 19:13:52 - [TEST_STEP][PASSED] - callTestCase: Call Test Case 'Test Cases/Final Aug 2018 - PKS Automation/Registration Module/New Registration/Form 2/Date Updater' successfully

2019-01-08 19:13:53 - [TEST_CASE][PASSED] - Test Cases/Final Aug 2018 - PKS Automation/Registration Module/New Registration/Form 2/Date Updater: Test Cases/Final Aug 2018 - PKS Automation/Registration Module/New Registration/Form 2/Date Updater

2019-01-08 19:13:53 - [TEST_STEP][PASSED] - Statement - TodayDate = new java.util.Date(): null

2019-01-08 19:13:53 - [TEST_STEP][PASSED] - Statement - CurrentDateNoFilter = new java.text.SimpleDateFormat(): null

2019-01-08 19:13:53 - [TEST_STEP][PASSED] - Statement - CurrentDateNoFilter.applyPattern("MM"): null

2019-01-08 19:13:53 - [TEST_STEP][PASSED] - Statement - monthContainerMatcher = java.lang.Integer.parseInt(CurrentDateNoFilter.format(TodayDate)): null

2019-01-08 19:13:53 - [TEST_STEP][PASSED] - Statement - monthContainerMatcher = monthContainerMatcher - 1: null

2019-01-08 19:13:53 - [TEST_STEP][PASSED] - Statement - CurrentMonth = monthContainerMatcher.toString(): null

2019-01-08 19:13:53 - [TEST_STEP][PASSED] - Statement - CurrentMonth = CurrentMonth: null

2019-01-08 19:13:53 - [TEST_STEP][PASSED] - Statement - CurrentDateNoFilter.applyPattern("yyyy"): null

2019-01-08 19:13:53 - [TEST_STEP][PASSED] - Statement - CurrentYear = CurrentDateNoFilter.format(TodayDate): null

2019-01-08 19:13:53 - [TEST_STEP][PASSED] - Statement - CurrentYear = CurrentYear: null

2019-01-08 19:13:53 - [TEST_STEP][PASSED] - Statement - intCurrentYear = java.lang.Integer.parseInt(CurrentDateNoFilter.format(TodayDate)): null

2019-01-08 19:13:53 - [TEST_STEP][PASSED] - Statement - eighteenYrsAgo = intCurrentYear - 18: null

2019-01-08 19:13:53 - [TEST_STEP][PASSED] - Statement - eighteenYrsBeforeThisYr = eighteenYrsAgo.toString(): null

2019-01-08 19:13:53 - [TEST_STEP][PASSED] - Statement - EighteenYrsBefore = eighteenYrsBeforeThisYr: null

2019-01-08 19:13:53 - [TEST_STEP][PASSED] - Statement - fiftysevenYrsAgo = intCurrentYear - 57: null

2019-01-08 19:13:53 - [TEST_STEP][PASSED] - Statement - fiftysevenYrsBeforeThisYr = fiftysevenYrsAgo.toString(): null

2019-01-08 19:13:53 - [TEST_STEP][PASSED] - Statement - FiftysevenYrsBefore = fiftysevenYrsBeforeThisYr: null

2019-01-08 19:13:53 - [TEST_STEP][PASSED] - Statement - leapYear = false: null

2019-01-08 19:13:53 - [TEST_STEP][PASSED] - Statement - leapYear = intCurrentYear % 4 == 0: null

2019-01-08 19:13:53 - [TEST_STEP][PASSED] - Statement - CurrentDateNoFilter.applyPattern("dd"): null

2019-01-08 19:13:53 - [TEST_STEP][PASSED] - Statement - CurrentDate = CurrentDateNoFilter.format(TodayDate): null

2019-01-08 19:13:53 - [TEST_STEP][PASSED] - Statement - CurrentDate = java.lang.Integer.parseInt(CurrentDate): null

2019-01-08 19:13:53 - [TEST_STEP][PASSED] - Statement - CurrentDate = CurrentDate: null

2019-01-08 19:13:53 - [TEST_STEP][PASSED] - Statement - CurrentDay = java.lang.Integer.parseInt(CurrentDate): null

2019-01-08 19:13:53 - [TEST_STEP][PASSED] - Statement - ConfAdder = <not implemented yet for class: org.codehaus.groovy.ast.expr.EmptyExpression>: null

2019-01-08 19:13:53 - [TEST_STEP][PASSED] - Statement - out.println(CurrentMonth): null

2019-01-08 19:13:53 - [TEST_STEP][PASSED] - Statement - out.println(CurrentDate): null

2019-01-08 19:13:53 - [TEST_STEP][PASSED] - Statement - switch (CurrentDate): null

2019-01-08 19:13:53 - [TEST_STEP][PASSED] - Statement - Default: null

2019-01-08 19:13:53 - [TEST_STEP][PASSED] - Statement - ConfAdder = true: null

2019-01-08 19:13:53 - [TEST_STEP][PASSED] - Statement - Break: null

2019-01-08 19:13:53 - [TEST_STEP][PASSED] - Statement - aDayBefore = <not implemented yet for class: org.codehaus.groovy.ast.expr.EmptyExpression>: null

2019-01-08 19:13:53 - [TEST_STEP][PASSED] - Statement - out.println(ConfAdder): null

2019-01-08 19:13:53 - [TEST_STEP][PASSED] - Statement - If (ConfAdder == true): null

2019-01-08 19:13:53 - [TEST_STEP][PASSED] - Statement - aDayBefore = CurrentDay + 1: null

2019-01-08 19:13:53 - [TEST_STEP][PASSED] - Statement - out.println(aDayBefore): null

2019-01-08 19:13:53 - [TEST_STEP][PASSED] - Statement - If (aDayBefore == 1 && CurrentMonth == 11): null

2019-01-08 19:13:53 - [TEST_STEP][PASSED] - Statement - DayBefore = aDayBefore.toString(): null

2019-01-08 19:13:53 - [TEST_STEP][PASSED] - Statement - OneDayBefore = DayBefore: null

2019-01-08 19:13:53 - [MESSAGE][PASSED] - Call Test Case 'Test Cases/Final Aug 2018 - PKS Automation/Registration Module/New Registration/Form 2/Date Updater' successfully

2019-01-08 19:13:53 - [TEST_STEP][PASSED] - delay: Delayed 1 second(s)

2019-01-08 19:13:54 - [MESSAGE][PASSED] - Delayed 1 second(s)

2019-01-08 19:13:54 - [TEST_STEP][PASSED] - Statement - CaseReferenceNo = com.kms.katalon.core.webui.keyword.WebUiBuiltInKeywords.getText(com.kms.katalon.core.testobject.ObjectRepository.findTestObject(Final Object Repo/New Registration - Registration Module Pages/Form 2/RefNo Acquiring)): Text of object 'Object Repository/Final Object Repo/New Registration - Registration Module Pages/Form 2/RefNo Acquiring' is: 'CRN01201900123656'

2019-01-08 19:13:54 - [MESSAGE][PASSED] - Text of object 'Object Repository/Final Object Repo/New Registration - Registration Module Pages/Form 2/RefNo Acquiring' is: 'CRN01201900123656'

2019-01-08 19:13:54 - [TEST_STEP][PASSED] - delay: Delayed 1 second(s)

2019-01-08 19:13:55 - [MESSAGE][PASSED] - Delayed 1 second(s)

2019-01-08 19:13:55 - [TEST_STEP][PASSED] - click: Object: 'Object Repository/Final Object Repo/New Registration - Registration Module Pages/Form 2/Add Employee Button' is clicked on

2019-01-08 19:13:55 - [MESSAGE][PASSED] - Object: 'Object Repository/Final Object Repo/New Registration - Registration Module Pages/Form 2/Add Employee Button' is clicked on

2019-01-08 19:13:55 - [TEST_STEP][PASSED] - delay: Delayed 4 second(s)

2019-01-08 19:13:59 - [MESSAGE][PASSED] - Delayed 4 second(s)

2019-01-08 19:13:59 - [TEST_STEP][PASSED] - setText: Text '010903091927' is set on object 'Object Repository/Final Object Repo/New Registration - Registration Module Pages/Form 2/NRIC Input'

2019-01-08 19:13:59 - [MESSAGE][PASSED] - Text '010903091927' is set on object 'Object Repository/Final Object Repo/New Registration - Registration Module Pages/Form 2/NRIC Input'

2019-01-08 19:13:59 - [TEST_STEP][PASSED] - click: Object: 'Object Repository/Final Object Repo/New Registration - Registration Module Pages/Form 2/button for search for IC' is clicked on

2019-01-08 19:13:59 - [MESSAGE][PASSED] - Object: 'Object Repository/Final Object Repo/New Registration - Registration Module Pages/Form 2/button for search for IC' is clicked on

2019-01-08 19:13:59 - [TEST_STEP][PASSED] - delay: Delayed 2 second(s)

2019-01-08 19:14:01 - [MESSAGE][PASSED] - Delayed 2 second(s)

2019-01-08 19:14:01 - [TEST_STEP][PASSED] - setText: Text 'Automate001 eligible 1' is set on object 'Object Repository/Final Object Repo/New Registration - Registration Module Pages/Form 2/Employee Name Input'

2019-01-08 19:14:02 - [MESSAGE][PASSED] - Text 'Automate001 eligible 1' is set on object 'Object Repository/Final Object Repo/New Registration - Registration Module Pages/Form 2/Employee Name Input'

2019-01-08 19:14:02 - [TEST_STEP][PASSED] - delay: Delayed 2 second(s)

2019-01-08 19:14:04 - [MESSAGE][PASSED] - Delayed 2 second(s)

2019-01-08 19:14:04 - [TEST_STEP][PASSED] - click: Object: 'Object Repository/Final Object Repo/New Registration - Registration Module Pages/Form 2/DatePicker Pop Up' is clicked on

2019-01-08 19:14:04 - [MESSAGE][PASSED] - Object: 'Object Repository/Final Object Repo/New Registration - Registration Module Pages/Form 2/DatePicker Pop Up' is clicked on

2019-01-08 19:14:04 - [TEST_STEP][PASSED] - click: Object: 'Object Repository/Final Object Repo/New Registration - Registration Module Pages/Form 2/DOB Month' is clicked on

2019-01-08 19:14:04 - [MESSAGE][PASSED] - Object: 'Object Repository/Final Object Repo/New Registration - Registration Module Pages/Form 2/DOB Month' is clicked on

2019-01-08 19:14:04 - [TEST_STEP][PASSED] - Statement - CurrentMonth = CurrentMonth: null

2019-01-08 19:14:04 - [TEST_STEP][PASSED] - Statement - selectMonth = new com.kms.katalon.core.testobject.TestObject(): null

2019-01-08 19:14:04 - [TEST_STEP][PASSED] - Statement - selectMonth.addProperty("xpath", EQUALS, "//body/div/div/div/select/option[@value='" + CurrentMonth + "']", true): null

2019-01-08 19:14:04 - [TEST_STEP][PASSED] - click: Object: '' is clicked on

2019-01-08 19:14:04 - [MESSAGE][PASSED] - Object: '' is clicked on

2019-01-08 19:14:04 - [TEST_STEP][PASSED] - click: Object: 'Object Repository/Final Object Repo/New Registration - Registration Module Pages/Form 2/DOB Year' is clicked on

2019-01-08 19:14:04 - [MESSAGE][PASSED] - Object: 'Object Repository/Final Object Repo/New Registration - Registration Module Pages/Form 2/DOB Year' is clicked on

2019-01-08 19:14:04 - [TEST_STEP][PASSED] - Statement - Eyearsbf = EighteenYrsBefore: null

2019-01-08 19:14:04 - [TEST_STEP][PASSED] - Statement - selectYear = new com.kms.katalon.core.testobject.TestObject(): null

2019-01-08 19:14:04 - [TEST_STEP][PASSED] - Statement - selectYear.addProperty("xpath", EQUALS, "//div/div/div/select/option[@value='" + Eyearsbf + "']", true): null

2019-01-08 19:14:04 - [TEST_STEP][PASSED] - click: Object: '' is clicked on

2019-01-08 19:14:05 - [MESSAGE][PASSED] - Object: '' is clicked on

2019-01-08 19:14:05 - [TEST_STEP][PASSED] - Statement - UpdatedSelectDate = com.kms.katalon.core.webui.keyword.WebUiBuiltInKeywords.modifyObjectProperty(com.kms.katalon.core.testobject.ObjectRepository.findTestObject(Final Object Repo/New Registration - Registration Module Pages/Form 2/DOB Date), "xpath", "equals", "//body/div/table/tbody/tr/td/a[text()="" + CurrentDate + ""]", true): Modify property of object successfully

2019-01-08 19:14:05 - [MESSAGE][PASSED] - Modify property of object successfully

2019-01-08 19:14:05 - [TEST_STEP][PASSED] - delay: Delayed 3 second(s)

2019-01-08 19:14:08 - [MESSAGE][PASSED] - Delayed 3 second(s)

2019-01-08 19:14:08 - [TEST_STEP][PASSED] - click: Object: 'Object Repository/Final Object Repo/New Registration - Registration Module Pages/Form 2/DOB Date' is clicked on

2019-01-08 19:14:08 - [MESSAGE][PASSED] - Object: 'Object Repository/Final Object Repo/New Registration - Registration Module Pages/Form 2/DOB Date' is clicked on

2019-01-08 19:14:08 - [TEST_STEP][PASSED] - delay: Delayed 2 second(s)

2019-01-08 19:14:10 - [MESSAGE][PASSED] - Delayed 2 second(s)

2019-01-08 19:14:10 - [TEST_STEP][PASSED] - click: Object: 'Object Repository/Final Object Repo/New Registration - Registration Module Pages/Form 2/EmploymentStartDate Pop Up' is clicked on

2019-01-08 19:14:10 - [MESSAGE][PASSED] - Object: 'Object Repository/Final Object Repo/New Registration - Registration Module Pages/Form 2/EmploymentStartDate Pop Up' is clicked on

2019-01-08 19:14:10 - [TEST_STEP][PASSED] - delay: Delayed 2 second(s)

2019-01-08 19:14:12 - [MESSAGE][PASSED] - Delayed 2 second(s)

2019-01-08 19:14:12 - [TEST_STEP][PASSED] - click: Object: 'Object Repository/Final Object Repo/New Registration - Registration Module Pages/Form 2/Socso Employment StartDate Month' is clicked on

2019-01-08 19:14:12 - [MESSAGE][PASSED] - Object: 'Object Repository/Final Object Repo/New Registration - Registration Module Pages/Form 2/Socso Employment StartDate Month' is clicked on

2019-01-08 19:14:12 - [TEST_STEP][PASSED] - delay: Delayed 1 second(s)

2019-01-08 19:14:13 - [MESSAGE][PASSED] - Delayed 1 second(s)

2019-01-08 19:14:13 - [TEST_STEP][PASSED] - click: Object: 'Object Repository/Final Object Repo/New Registration - Registration Module Pages/Form 2/Select Socso Employement Startdate Month' is clicked on

2019-01-08 19:14:13 - [MESSAGE][PASSED] - Object: 'Object Repository/Final Object Repo/New Registration - Registration Module Pages/Form 2/Select Socso Employement Startdate Month' is clicked on

2019-01-08 19:14:13 - [TEST_STEP][PASSED] - delay: Delayed 2 second(s)

2019-01-08 19:14:15 - [MESSAGE][PASSED] - Delayed 2 second(s)

2019-01-08 19:14:15 - [TEST_STEP][PASSED] - click: Object: 'Object Repository/Final Object Repo/New Registration - Registration Module Pages/Form 2/Socso Employment StartDate Year' is clicked on

2019-01-08 19:14:15 - [MESSAGE][PASSED] - Object: 'Object Repository/Final Object Repo/New Registration - Registration Module Pages/Form 2/Socso Employment StartDate Year' is clicked on

2019-01-08 19:14:15 - [TEST_STEP][PASSED] - delay: Delayed 1 second(s)

2019-01-08 19:14:16 - [MESSAGE][PASSED] - Delayed 1 second(s)

2019-01-08 19:14:16 - [TEST_STEP][PASSED] - click: Object: 'Object Repository/Final Object Repo/New Registration - Registration Module Pages/Form 2/Select Socso Employment Startdate Year' is clicked on

2019-01-08 19:14:17 - [MESSAGE][PASSED] - Object: 'Object Repository/Final Object Repo/New Registration - Registration Module Pages/Form 2/Select Socso Employment Startdate Year' is clicked on

2019-01-08 19:14:17 - [TEST_STEP][PASSED] - delay: Delayed 2 second(s)

2019-01-08 19:14:19 - [MESSAGE][PASSED] - Delayed 2 second(s)

2019-01-08 19:14:19 - [TEST_STEP][PASSED] - click: Object: 'Object Repository/Final Object Repo/New Registration - Registration Module Pages/Form 2/Socso Employment Start Date Day' is clicked on

2019-01-08 19:14:19 - [MESSAGE][PASSED] - Object: 'Object Repository/Final Object Repo/New Registration - Registration Module Pages/Form 2/Socso Employment Start Date Day' is clicked on

2019-01-08 19:14:19 - [TEST_STEP][PASSED] - delay: Delayed 2 second(s)

2019-01-08 19:14:21 - [MESSAGE][PASSED] - Delayed 2 second(s)

2019-01-08 19:14:21 - [TEST_STEP][PASSED] - click: Object: 'Object Repository/Final Object Repo/New Registration - Registration Module Pages/Form 2/Save Button for Add Employee' is clicked on

2019-01-08 19:14:21 - [MESSAGE][PASSED] - Object: 'Object Repository/Final Object Repo/New Registration - Registration Module Pages/Form 2/Save Button for Add Employee' is clicked on

2019-01-08 19:14:21 - [TEST_STEP][PASSED] - delay: Delayed 6 second(s)

2019-01-08 19:14:27 - [MESSAGE][PASSED] - Delayed 6 second(s)

2019-01-08 19:14:27 - [TEST_STEP][PASSED] - click: Object: 'Object Repository/Final Object Repo/New Registration - Registration Module Pages/Form 2/Add Employee Button' is clicked on

2019-01-08 19:14:27 - [MESSAGE][PASSED] - Object: 'Object Repository/Final Object Repo/New Registration - Registration Module Pages/Form 2/Add Employee Button' is clicked on

2019-01-08 19:14:27 - [TEST_STEP][PASSED] - delay: Delayed 4 second(s)

2019-01-08 19:14:31 - [MESSAGE][PASSED] - Delayed 4 second(s)

2019-01-08 19:14:31 - [TEST_STEP][PASSED] - setText: Text '620904059691' is set on object 'Object Repository/Final Object Repo/New Registration - Registration Module Pages/Form 2/NRIC Input'

2019-01-08 19:14:31 - [MESSAGE][PASSED] - Text '620904059691' is set on object 'Object Repository/Final Object Repo/New Registration - Registration Module Pages/Form 2/NRIC Input'

2019-01-08 19:14:31 - [TEST_STEP][PASSED] - click: Object: 'Object Repository/Final Object Repo/New Registration - Registration Module Pages/Form 2/button for search for IC' is clicked on

2019-01-08 19:14:32 - [MESSAGE][PASSED] - Object: 'Object Repository/Final Object Repo/New Registration - Registration Module Pages/Form 2/button for search for IC' is clicked on

2019-01-08 19:14:32 - [TEST_STEP][PASSED] - delay: Delayed 2 second(s)

2019-01-08 19:14:34 - [MESSAGE][PASSED] - Delayed 2 second(s)

2019-01-08 19:14:34 - [TEST_STEP][PASSED] - setText: Text 'Automate001 eligible 2' is set on object 'Object Repository/Final Object Repo/New Registration - Registration Module Pages/Form 2/Employee Name Input'

2019-01-08 19:14:34 - [MESSAGE][PASSED] - Text 'Automate001 eligible 2' is set on object 'Object Repository/Final Object Repo/New Registration - Registration Module Pages/Form 2/Employee Name Input'

2019-01-08 19:14:34 - [TEST_STEP][PASSED] - delay: Delayed 2 second(s)

2019-01-08 19:14:36 - [MESSAGE][PASSED] - Delayed 2 second(s)

2019-01-08 19:14:36 - [TEST_STEP][PASSED] - click: Object: 'Object Repository/Final Object Repo/New Registration - Registration Module Pages/Form 2/DatePicker Pop Up' is clicked on

2019-01-08 19:14:36 - [MESSAGE][PASSED] - Object: 'Object Repository/Final Object Repo/New Registration - Registration Module Pages/Form 2/DatePicker Pop Up' is clicked on

2019-01-08 19:14:36 - [TEST_STEP][PASSED] - delay: Delayed 2 second(s)

2019-01-08 19:14:38 - [MESSAGE][PASSED] - Delayed 2 second(s)

2019-01-08 19:14:38 - [TEST_STEP][PASSED] - click: Object: 'Object Repository/Final Object Repo/New Registration - Registration Module Pages/Form 2/DOB Month' is clicked on

2019-01-08 19:14:38 - [MESSAGE][PASSED] - Object: 'Object Repository/Final Object Repo/New Registration - Registration Module Pages/Form 2/DOB Month' is clicked on

2019-01-08 19:14:38 - [TEST_STEP][PASSED] - Statement - selectMonth = com.kms.katalon.core.webui.keyword.WebUiBuiltInKeywords.modifyObjectProperty(selectMonth, "xpath", "equals", "//body/div/div/div/select/option[@value="" + CurrentMonth + ""]", true): Modify property of object successfully

2019-01-08 19:14:38 - [MESSAGE][PASSED] - Modify property of object successfully

2019-01-08 19:14:38 - [TEST_STEP][PASSED] - click: Object: '' is clicked on

2019-01-08 19:14:38 - [MESSAGE][PASSED] - Object: '' is clicked on

2019-01-08 19:14:38 - [TEST_STEP][PASSED] - click: Object: 'Object Repository/Final Object Repo/New Registration - Registration Module Pages/Form 2/DOB Year' is clicked on

2019-01-08 19:14:39 - [MESSAGE][PASSED] - Object: 'Object Repository/Final Object Repo/New Registration - Registration Module Pages/Form 2/DOB Year' is clicked on

2019-01-08 19:14:39 - [TEST_STEP][PASSED] - Statement - selectYear = com.kms.katalon.core.webui.keyword.WebUiBuiltInKeywords.modifyObjectProperty(selectYear, "xpath", "equals", "//div/div/div/select/option[@value="" + FiftysevenYrsBefore + ""]", true): Modify property of object successfully

2019-01-08 19:14:39 - [MESSAGE][PASSED] - Modify property of object successfully

2019-01-08 19:14:39 - [TEST_STEP][PASSED] - click: Object: '' is clicked on

2019-01-08 19:14:39 - [MESSAGE][PASSED] - Object: '' is clicked on

2019-01-08 19:14:39 - [TEST_STEP][PASSED] - Statement - UpdatedSelectDate = com.kms.katalon.core.webui.keyword.WebUiBuiltInKeywords.modifyObjectProperty(com.kms.katalon.core.testobject.ObjectRepository.findTestObject(Final Object Repo/New Registration - Registration Module Pages/Form 2/DOB Date), "xpath", "equals", "//body/div/table/tbody/tr/td/a[text()="" + OneDayBefore + ""]", true): Modify property of object successfully

2019-01-08 19:14:39 - [MESSAGE][PASSED] - Modify property of object successfully

2019-01-08 19:14:39 - [TEST_STEP][PASSED] - click: Object: 'Object Repository/Final Object Repo/New Registration - Registration Module Pages/Form 2/DOB Date' is clicked on

2019-01-08 19:14:39 - [MESSAGE][PASSED] - Object: 'Object Repository/Final Object Repo/New Registration - Registration Module Pages/Form 2/DOB Date' is clicked on

2019-01-08 19:14:39 - [TEST_STEP][PASSED] - delay: Delayed 2 second(s)

2019-01-08 19:14:41 - [MESSAGE][PASSED] - Delayed 2 second(s)

2019-01-08 19:14:41 - [TEST_STEP][PASSED] - click: Object: 'Object Repository/Final Object Repo/New Registration - Registration Module Pages/Form 2/EmploymentStartDate Pop Up' is clicked on

2019-01-08 19:14:41 - [MESSAGE][PASSED] - Object: 'Object Repository/Final Object Repo/New Registration - Registration Module Pages/Form 2/EmploymentStartDate Pop Up' is clicked on

2019-01-08 19:14:41 - [TEST_STEP][PASSED] - delay: Delayed 2 second(s)

2019-01-08 19:14:43 - [MESSAGE][PASSED] - Delayed 2 second(s)

2019-01-08 19:14:43 - [TEST_STEP][PASSED] - click: Object: 'Object Repository/Final Object Repo/New Registration - Registration Module Pages/Form 2/Socso Employment StartDate Month' is clicked on

2019-01-08 19:14:43 - [MESSAGE][PASSED] - Object: 'Object Repository/Final Object Repo/New Registration - Registration Module Pages/Form 2/Socso Employment StartDate Month' is clicked on

2019-01-08 19:14:43 - [TEST_STEP][PASSED] - delay: Delayed 1 second(s)

2019-01-08 19:14:44 - [MESSAGE][PASSED] - Delayed 1 second(s)

2019-01-08 19:14:44 - [TEST_STEP][PASSED] - click: Object: 'Object Repository/Final Object Repo/New Registration - Registration Module Pages/Form 2/Select Socso Employement Startdate Month' is clicked on

2019-01-08 19:14:44 - [MESSAGE][PASSED] - Object: 'Object Repository/Final Object Repo/New Registration - Registration Module Pages/Form 2/Select Socso Employement Startdate Month' is clicked on

2019-01-08 19:14:44 - [TEST_STEP][PASSED] - delay: Delayed 2 second(s)

2019-01-08 19:14:46 - [MESSAGE][PASSED] - Delayed 2 second(s)

2019-01-08 19:14:46 - [TEST_STEP][PASSED] - click: Object: 'Object Repository/Final Object Repo/New Registration - Registration Module Pages/Form 2/Socso Employment StartDate Year' is clicked on

2019-01-08 19:14:47 - [MESSAGE][PASSED] - Object: 'Object Repository/Final Object Repo/New Registration - Registration Module Pages/Form 2/Socso Employment StartDate Year' is clicked on

2019-01-08 19:14:47 - [TEST_STEP][PASSED] - delay: Delayed 1 second(s)

2019-01-08 19:14:48 - [MESSAGE][PASSED] - Delayed 1 second(s)

2019-01-08 19:14:48 - [TEST_STEP][PASSED] - click: Object: 'Object Repository/Final Object Repo/New Registration - Registration Module Pages/Form 2/Select Socso Employment Startdate Year' is clicked on

2019-01-08 19:14:48 - [MESSAGE][PASSED] - Object: 'Object Repository/Final Object Repo/New Registration - Registration Module Pages/Form 2/Select Socso Employment Startdate Year' is clicked on

2019-01-08 19:14:48 - [TEST_STEP][PASSED] - delay: Delayed 2 second(s)

2019-01-08 19:14:50 - [MESSAGE][PASSED] - Delayed 2 second(s)

2019-01-08 19:14:50 - [TEST_STEP][PASSED] - click: Object: 'Object Repository/Final Object Repo/New Registration - Registration Module Pages/Form 2/Socso Employment Start Date Day' is clicked on

2019-01-08 19:14:50 - [MESSAGE][PASSED] - Object: 'Object Repository/Final Object Repo/New Registration - Registration Module Pages/Form 2/Socso Employment Start Date Day' is clicked on

2019-01-08 19:14:50 - [TEST_STEP][PASSED] - delay: Delayed 2 second(s)

2019-01-08 19:14:52 - [MESSAGE][PASSED] - Delayed 2 second(s)

2019-01-08 19:14:52 - [TEST_STEP][PASSED] - click: Object: 'Object Repository/Final Object Repo/New Registration - Registration Module Pages/Form 2/Save Button for Add Employee' is clicked on

2019-01-08 19:14:52 - [MESSAGE][PASSED] - Object: 'Object Repository/Final Object Repo/New Registration - Registration Module Pages/Form 2/Save Button for Add Employee' is clicked on

2019-01-08 19:14:52 - [TEST_STEP][PASSED] - delay: Delayed 4 second(s)

2019-01-08 19:14:56 - [MESSAGE][PASSED] - Delayed 4 second(s)

2019-01-08 19:14:56 - [TEST_STEP][PASSED] - delay: Delayed 30 second(s)

2019-01-08 19:15:26 - [MESSAGE][PASSED] - Delayed 30 second(s)

2019-01-08 19:15:26 - [TEST_STEP][PASSED] - click: Object: 'Object Repository/Final Object Repo/New Registration - Registration Module Pages/Form 2/Add Employee Button' is clicked on

2019-01-08 19:15:26 - [MESSAGE][PASSED] - Object: 'Object Repository/Final Object Repo/New Registration - Registration Module Pages/Form 2/Add Employee Button' is clicked on

2019-01-08 19:15:26 - [TEST_STEP][PASSED] - delay: Delayed 4 second(s)

2019-01-08 19:15:30 - [MESSAGE][PASSED] - Delayed 4 second(s)

2019-01-08 19:15:30 - [TEST_STEP][PASSED] - setText: Text '000209039145' is set on object 'Object Repository/Final Object Repo/New Registration - Registration Module Pages/Form 2/NRIC Input'

2019-01-08 19:15:31 - [MESSAGE][PASSED] - Text '000209039145' is set on object 'Object Repository/Final Object Repo/New Registration - Registration Module Pages/Form 2/NRIC Input'

2019-01-08 19:15:31 - [TEST_STEP][PASSED] - click: Object: 'Object Repository/Final Object Repo/New Registration - Registration Module Pages/Form 2/button for search for IC' is clicked on

2019-01-08 19:15:31 - [MESSAGE][PASSED] - Object: 'Object Repository/Final Object Repo/New Registration - Registration Module Pages/Form 2/button for search for IC' is clicked on

2019-01-08 19:15:31 - [TEST_STEP][PASSED] - delay: Delayed 2 second(s)

2019-01-08 19:15:33 - [MESSAGE][PASSED] - Delayed 2 second(s)

2019-01-08 19:15:33 - [TEST_STEP][PASSED] - setText: Text 'Automate001 not eligible 1' is set on object 'Object Repository/Final Object Repo/New Registration - Registration Module Pages/Form 2/Employee Name Input'

2019-01-08 19:15:33 - [MESSAGE][PASSED] - Text 'Automate001 not eligible 1' is set on object 'Object Repository/Final Object Repo/New Registration - Registration Module Pages/Form 2/Employee Name Input'

2019-01-08 19:15:33 - [TEST_STEP][PASSED] - delay: Delayed 2 second(s)

2019-01-08 19:15:35 - [MESSAGE][PASSED] - Delayed 2 second(s)

2019-01-08 19:15:35 - [TEST_STEP][PASSED] - click: Object: 'Object Repository/Final Object Repo/New Registration - Registration Module Pages/Form 2/DatePicker Pop Up' is clicked on

2019-01-08 19:15:35 - [MESSAGE][PASSED] - Object: 'Object Repository/Final Object Repo/New Registration - Registration Module Pages/Form 2/DatePicker Pop Up' is clicked on

2019-01-08 19:15:35 - [TEST_STEP][PASSED] - delay: Delayed 2 second(s)

2019-01-08 19:15:37 - [MESSAGE][PASSED] - Delayed 2 second(s)

2019-01-08 19:15:37 - [TEST_STEP][PASSED] - click: Object: 'Object Repository/Final Object Repo/New Registration - Registration Module Pages/Form 2/DOB Month' is clicked on

2019-01-08 19:15:38 - [MESSAGE][PASSED] - Object: 'Object Repository/Final Object Repo/New Registration - Registration Module Pages/Form 2/DOB Month' is clicked on

2019-01-08 19:15:38 - [TEST_STEP][PASSED] - Statement - selectMonth = com.kms.katalon.core.webui.keyword.WebUiBuiltInKeywords.modifyObjectProperty(selectMonth, "xpath", "equals", "//body/div/div/div/select/option[@value="" + CurrentMonth + ""]", true): Modify property of object successfully

2019-01-08 19:15:38 - [MESSAGE][PASSED] - Modify property of object successfully

2019-01-08 19:15:38 - [TEST_STEP][PASSED] - click: Object: '' is clicked on

2019-01-08 19:15:38 - [MESSAGE][PASSED] - Object: '' is clicked on

2019-01-08 19:15:38 - [TEST_STEP][PASSED] - click: Object: 'Object Repository/Final Object Repo/New Registration - Registration Module Pages/Form 2/DOB Year' is clicked on

2019-01-08 19:15:38 - [MESSAGE][PASSED] - Object: 'Object Repository/Final Object Repo/New Registration - Registration Module Pages/Form 2/DOB Year' is clicked on

2019-01-08 19:15:38 - [TEST_STEP][PASSED] - Statement - selectYear = com.kms.katalon.core.webui.keyword.WebUiBuiltInKeywords.modifyObjectProperty(selectYear, "xpath", "equals", "//div/div/div/select/option[@value="" + EighteenYrsBefore + ""]", true): Modify property of object successfully

2019-01-08 19:15:38 - [MESSAGE][PASSED] - Modify property of object successfully

2019-01-08 19:15:38 - [TEST_STEP][PASSED] - click: Object: '' is clicked on

2019-01-08 19:15:38 - [MESSAGE][PASSED] - Object: '' is clicked on

2019-01-08 19:15:38 - [TEST_STEP][PASSED] - Statement - UpdatedSelectDate = com.kms.katalon.core.webui.keyword.WebUiBuiltInKeywords.modifyObjectProperty(com.kms.katalon.core.testobject.ObjectRepository.findTestObject(Final Object Repo/New Registration - Registration Module Pages/Form 2/DOB Date), "xpath", "equals", "//body/div/table/tbody/tr/td/a[text()="" + OneDayBefore + ""]", true): Modify property of object successfully

2019-01-08 19:15:38 - [MESSAGE][PASSED] - Modify property of object successfully

2019-01-08 19:15:38 - [TEST_STEP][PASSED] - click: Object: 'Object Repository/Final Object Repo/New Registration - Registration Module Pages/Form 2/DOB Date' is clicked on

2019-01-08 19:15:38 - [MESSAGE][PASSED] - Object: 'Object Repository/Final Object Repo/New Registration - Registration Module Pages/Form 2/DOB Date' is clicked on

2019-01-08 19:15:38 - [TEST_STEP][PASSED] - delay: Delayed 2 second(s)

2019-01-08 19:15:40 - [MESSAGE][PASSED] - Delayed 2 second(s)

2019-01-08 19:15:40 - [TEST_STEP][PASSED] - click: Object: 'Object Repository/Final Object Repo/New Registration - Registration Module Pages/Form 2/EmploymentStartDate Pop Up' is clicked on

2019-01-08 19:15:40 - [MESSAGE][PASSED] - Object: 'Object Repository/Final Object Repo/New Registration - Registration Module Pages/Form 2/EmploymentStartDate Pop Up' is clicked on

2019-01-08 19:15:40 - [TEST_STEP][PASSED] - delay: Delayed 2 second(s)

2019-01-08 19:15:42 - [MESSAGE][PASSED] - Delayed 2 second(s)

2019-01-08 19:15:42 - [TEST_STEP][PASSED] - click: Object: 'Object Repository/Final Object Repo/New Registration - Registration Module Pages/Form 2/Socso Employment StartDate Month' is clicked on

2019-01-08 19:15:43 - [MESSAGE][PASSED] - Object: 'Object Repository/Final Object Repo/New Registration - Registration Module Pages/Form 2/Socso Employment StartDate Month' is clicked on

2019-01-08 19:15:43 - [TEST_STEP][PASSED] - delay: Delayed 1 second(s)

2019-01-08 19:15:44 - [MESSAGE][PASSED] - Delayed 1 second(s)

2019-01-08 19:15:44 - [TEST_STEP][PASSED] - click: Object: 'Object Repository/Final Object Repo/New Registration - Registration Module Pages/Form 2/Select Socso Employement Startdate Month' is clicked on

2019-01-08 19:15:44 - [MESSAGE][PASSED] - Object: 'Object Repository/Final Object Repo/New Registration - Registration Module Pages/Form 2/Select Socso Employement Startdate Month' is clicked on

2019-01-08 19:15:44 - [TEST_STEP][PASSED] - delay: Delayed 2 second(s)

2019-01-08 19:15:46 - [MESSAGE][PASSED] - Delayed 2 second(s)

2019-01-08 19:15:46 - [TEST_STEP][PASSED] - click: Object: 'Object Repository/Final Object Repo/New Registration - Registration Module Pages/Form 2/Socso Employment StartDate Year' is clicked on

2019-01-08 19:15:46 - [MESSAGE][PASSED] - Object: 'Object Repository/Final Object Repo/New Registration - Registration Module Pages/Form 2/Socso Employment StartDate Year' is clicked on

2019-01-08 19:15:46 - [TEST_STEP][PASSED] - delay: Delayed 1 second(s)

2019-01-08 19:15:47 - [MESSAGE][PASSED] - Delayed 1 second(s)

2019-01-08 19:15:47 - [TEST_STEP][PASSED] - click: Object: 'Object Repository/Final Object Repo/New Registration - Registration Module Pages/Form 2/Select Socso Employment Startdate Year' is clicked on

2019-01-08 19:15:47 - [MESSAGE][PASSED] - Object: 'Object Repository/Final Object Repo/New Registration - Registration Module Pages/Form 2/Select Socso Employment Startdate Year' is clicked on

2019-01-08 19:15:47 - [TEST_STEP][PASSED] - delay: Delayed 2 second(s)

2019-01-08 19:15:49 - [MESSAGE][PASSED] - Delayed 2 second(s)

2019-01-08 19:15:49 - [TEST_STEP][PASSED] - click: Object: 'Object Repository/Final Object Repo/New Registration - Registration Module Pages/Form 2/Socso Employment Start Date Day' is clicked on

2019-01-08 19:15:49 - [MESSAGE][PASSED] - Object: 'Object Repository/Final Object Repo/New Registration - Registration Module Pages/Form 2/Socso Employment Start Date Day' is clicked on

2019-01-08 19:15:49 - [TEST_STEP][PASSED] - delay: Delayed 2 second(s)

2019-01-08 19:15:51 - [MESSAGE][PASSED] - Delayed 2 second(s)

2019-01-08 19:15:51 - [TEST_STEP][PASSED] - click: Object: 'Object Repository/Final Object Repo/New Registration - Registration Module Pages/Form 2/Save Button for Add Employee' is clicked on

2019-01-08 19:15:51 - [MESSAGE][PASSED] - Object: 'Object Repository/Final Object Repo/New Registration - Registration Module Pages/Form 2/Save Button for Add Employee' is clicked on

2019-01-08 19:15:51 - [TEST_STEP][PASSED] - delay: Delayed 6 second(s)

2019-01-08 19:15:57 - [MESSAGE][PASSED] - Delayed 6 second(s)

2019-01-08 19:15:57 - [TEST_STEP][PASSED] - click: Object: 'Object Repository/Final Object Repo/New Registration - Registration Module Pages/Form 2/Add Employee Button' is clicked on

2019-01-08 19:15:57 - [MESSAGE][PASSED] - Object: 'Object Repository/Final Object Repo/New Registration - Registration Module Pages/Form 2/Add Employee Button' is clicked on

2019-01-08 19:15:57 - [TEST_STEP][PASSED] - delay: Delayed 4 second(s)

2019-01-08 19:16:01 - [MESSAGE][PASSED] - Delayed 4 second(s)

2019-01-08 19:16:01 - [TEST_STEP][PASSED] - setText: Text '600203039154' is set on object 'Object Repository/Final Object Repo/New Registration - Registration Module Pages/Form 2/NRIC Input'

2019-01-08 19:16:02 - [MESSAGE][PASSED] - Text '600203039154' is set on object 'Object Repository/Final Object Repo/New Registration - Registration Module Pages/Form 2/NRIC Input'

2019-01-08 19:16:02 - [TEST_STEP][PASSED] - click: Object: 'Object Repository/Final Object Repo/New Registration - Registration Module Pages/Form 2/button for search for IC' is clicked on

2019-01-08 19:16:02 - [MESSAGE][PASSED] - Object: 'Object Repository/Final Object Repo/New Registration - Registration Module Pages/Form 2/button for search for IC' is clicked on

2019-01-08 19:16:02 - [TEST_STEP][PASSED] - delay: Delayed 2 second(s)

2019-01-08 19:16:04 - [MESSAGE][PASSED] - Delayed 2 second(s)

2019-01-08 19:16:04 - [TEST_STEP][PASSED] - setText: Text 'Automate001 not eligible 2' is set on object 'Object Repository/Final Object Repo/New Registration - Registration Module Pages/Form 2/Employee Name Input'

2019-01-08 19:16:04 - [MESSAGE][PASSED] - Text 'Automate001 not eligible 2' is set on object 'Object Repository/Final Object Repo/New Registration - Registration Module Pages/Form 2/Employee Name Input'

2019-01-08 19:16:04 - [TEST_STEP][PASSED] - delay: Delayed 2 second(s)

2019-01-08 19:16:06 - [MESSAGE][PASSED] - Delayed 2 second(s)

2019-01-08 19:16:06 - [TEST_STEP][PASSED] - click: Object: 'Object Repository/Final Object Repo/New Registration - Registration Module Pages/Form 2/DatePicker Pop Up' is clicked on

2019-01-08 19:16:07 - [MESSAGE][PASSED] - Object: 'Object Repository/Final Object Repo/New Registration - Registration Module Pages/Form 2/DatePicker Pop Up' is clicked on

2019-01-08 19:16:07 - [TEST_STEP][PASSED] - delay: Delayed 2 second(s)

2019-01-08 19:16:09 - [MESSAGE][PASSED] - Delayed 2 second(s)

2019-01-08 19:16:09 - [TEST_STEP][PASSED] - click: Object: 'Object Repository/Final Object Repo/New Registration - Registration Module Pages/Form 2/DOB Month' is clicked on

2019-01-08 19:16:09 - [MESSAGE][PASSED] - Object: 'Object Repository/Final Object Repo/New Registration - Registration Module Pages/Form 2/DOB Month' is clicked on

2019-01-08 19:16:09 - [TEST_STEP][PASSED] - Statement - selectMonth = com.kms.katalon.core.webui.keyword.WebUiBuiltInKeywords.modifyObjectProperty(selectMonth, "xpath", "equals", "//body/div/div/div/select/option[@value="" + CurrentMonth + ""]", true): Modify property of object successfully

2019-01-08 19:16:09 - [MESSAGE][PASSED] - Modify property of object successfully

2019-01-08 19:16:09 - [TEST_STEP][PASSED] - click: Object: '' is clicked on

2019-01-08 19:16:09 - [MESSAGE][PASSED] - Object: '' is clicked on

2019-01-08 19:16:09 - [TEST_STEP][PASSED] - click: Object: 'Object Repository/Final Object Repo/New Registration - Registration Module Pages/Form 2/DOB Year' is clicked on

2019-01-08 19:16:09 - [MESSAGE][PASSED] - Object: 'Object Repository/Final Object Repo/New Registration - Registration Module Pages/Form 2/DOB Year' is clicked on

2019-01-08 19:16:09 - [TEST_STEP][PASSED] - Statement - selectYear = com.kms.katalon.core.webui.keyword.WebUiBuiltInKeywords.modifyObjectProperty(selectYear, "xpath", "equals", "//div/div/div/select/option[@value="" + FiftysevenYrsBefore + ""]", true): Modify property of object successfully

2019-01-08 19:16:09 - [MESSAGE][PASSED] - Modify property of object successfully

2019-01-08 19:16:09 - [TEST_STEP][PASSED] - click: Object: '' is clicked on

2019-01-08 19:16:09 - [MESSAGE][PASSED] - Object: '' is clicked on

2019-01-08 19:16:09 - [TEST_STEP][PASSED] - Statement - UpdatedSelectDate = com.kms.katalon.core.webui.keyword.WebUiBuiltInKeywords.modifyObjectProperty(com.kms.katalon.core.testobject.ObjectRepository.findTestObject(Final Object Repo/New Registration - Registration Module Pages/Form 2/DOB Date), "xpath", "equals", "//body/div/table/tbody/tr/td/a[text()="" + CurrentDate + ""]", true): Modify property of object successfully

2019-01-08 19:16:09 - [MESSAGE][PASSED] - Modify property of object successfully

2019-01-08 19:16:09 - [TEST_STEP][PASSED] - click: Object: 'Object Repository/Final Object Repo/New Registration - Registration Module Pages/Form 2/DOB Date' is clicked on

2019-01-08 19:16:09 - [MESSAGE][PASSED] - Object: 'Object Repository/Final Object Repo/New Registration - Registration Module Pages/Form 2/DOB Date' is clicked on

2019-01-08 19:16:09 - [TEST_STEP][PASSED] - click: Object: 'Object Repository/Final Object Repo/New Registration - Registration Module Pages/Form 2/EmploymentStartDate Pop Up' is clicked on

2019-01-08 19:16:10 - [MESSAGE][PASSED] - Object: 'Object Repository/Final Object Repo/New Registration - Registration Module Pages/Form 2/EmploymentStartDate Pop Up' is clicked on

2019-01-08 19:16:10 - [TEST_STEP][PASSED] - delay: Delayed 2 second(s)

2019-01-08 19:16:12 - [MESSAGE][PASSED] - Delayed 2 second(s)

2019-01-08 19:16:12 - [TEST_STEP][PASSED] - click: Object: 'Object Repository/Final Object Repo/New Registration - Registration Module Pages/Form 2/Socso Employment StartDate Month' is clicked on

2019-01-08 19:16:12 - [MESSAGE][PASSED] - Object: 'Object Repository/Final Object Repo/New Registration - Registration Module Pages/Form 2/Socso Employment StartDate Month' is clicked on

2019-01-08 19:16:12 - [TEST_STEP][PASSED] - delay: Delayed 1 second(s)

2019-01-08 19:16:13 - [MESSAGE][PASSED] - Delayed 1 second(s)

2019-01-08 19:16:13 - [TEST_STEP][PASSED] - click: Object: 'Object Repository/Final Object Repo/New Registration - Registration Module Pages/Form 2/Select Socso Employement Startdate Month' is clicked on

2019-01-08 19:16:13 - [MESSAGE][PASSED] - Object: 'Object Repository/Final Object Repo/New Registration - Registration Module Pages/Form 2/Select Socso Employement Startdate Month' is clicked on

2019-01-08 19:16:13 - [TEST_STEP][PASSED] - delay: Delayed 2 second(s)

2019-01-08 19:16:15 - [MESSAGE][PASSED] - Delayed 2 second(s)

2019-01-08 19:16:15 - [TEST_STEP][PASSED] - click: Object: 'Object Repository/Final Object Repo/New Registration - Registration Module Pages/Form 2/Socso Employment StartDate Year' is clicked on

2019-01-08 19:16:15 - [MESSAGE][PASSED] - Object: 'Object Repository/Final Object Repo/New Registration - Registration Module Pages/Form 2/Socso Employment StartDate Year' is clicked on

2019-01-08 19:16:15 - [TEST_STEP][PASSED] - delay: Delayed 1 second(s)

2019-01-08 19:16:16 - [MESSAGE][PASSED] - Delayed 1 second(s)

2019-01-08 19:16:16 - [TEST_STEP][PASSED] - click: Object: 'Object Repository/Final Object Repo/New Registration - Registration Module Pages/Form 2/Select Socso Employment Startdate Year' is clicked on

2019-01-08 19:16:16 - [MESSAGE][PASSED] - Object: 'Object Repository/Final Object Repo/New Registration - Registration Module Pages/Form 2/Select Socso Employment Startdate Year' is clicked on

2019-01-08 19:16:16 - [TEST_STEP][PASSED] - delay: Delayed 2 second(s)

2019-01-08 19:16:18 - [MESSAGE][PASSED] - Delayed 2 second(s)

2019-01-08 19:16:18 - [TEST_STEP][PASSED] - click: Object: 'Object Repository/Final Object Repo/New Registration - Registration Module Pages/Form 2/Socso Employment Start Date Day' is clicked on

2019-01-08 19:16:18 - [MESSAGE][PASSED] - Object: 'Object Repository/Final Object Repo/New Registration - Registration Module Pages/Form 2/Socso Employment Start Date Day' is clicked on

2019-01-08 19:16:18 - [TEST_STEP][PASSED] - delay: Delayed 2 second(s)

2019-01-08 19:16:20 - [MESSAGE][PASSED] - Delayed 2 second(s)

2019-01-08 19:16:20 - [TEST_STEP][PASSED] - click: Object: 'Object Repository/Final Object Repo/New Registration - Registration Module Pages/Form 2/Save Button for Add Employee' is clicked on

2019-01-08 19:16:21 - [MESSAGE][PASSED] - Object: 'Object Repository/Final Object Repo/New Registration - Registration Module Pages/Form 2/Save Button for Add Employee' is clicked on

2019-01-08 19:16:21 - [TEST_STEP][PASSED] - delay: Delayed 2 second(s)

2019-01-08 19:16:23 - [MESSAGE][PASSED] - Delayed 2 second(s)

2019-01-08 19:16:23 - [TEST_STEP][PASSED] - click: Object: 'Object Repository/Final Object Repo/New Registration - Registration Module Pages/Form 2/Save and Continue Form 2' is clicked on

2019-01-08 19:16:23 - [MESSAGE][PASSED] - Object: 'Object Repository/Final Object Repo/New Registration - Registration Module Pages/Form 2/Save and Continue Form 2' is clicked on

2019-01-08 19:16:23 - [MESSAGE][PASSED] - Call Test Case 'Test Cases/Final Aug 2018 - PKS Automation/Registration Module/New Registration/Form 2/Add 2 Eligible 2 Not Eligible' successfully

2019-01-08 19:16:23 - [TEST_STEP][PASSED] - callTestCase: Call Test Case 'Test Cases/Final Aug 2018 - PKS Automation/Registration Module/New Registration/Flow of New Registration/Third Screen - Upload Supporting Doc - Preview' successfully

2019-01-08 19:16:23 - [TEST_CASE][PASSED] - Test Cases/Final Aug 2018 - PKS Automation/Registration Module/New Registration/Flow of New Registration/Third Screen - Upload Supporting Doc - Preview: Test Cases/Final Aug 2018 - PKS Automation/Registration Module/New Registration/Flow of New Registration/Third Screen - Upload Supporting Doc - Preview

2019-01-08 19:16:23 - [TEST_STEP][PASSED] - waitForPageLoad: Wait for page load successfully

2019-01-08 19:16:24 - [MESSAGE][PASSED] - Wait for page load successfully

2019-01-08 19:16:24 - [TEST_STEP][PASSED] - Statement - CaseReferenceNo = com.kms.katalon.core.webui.keyword.WebUiBuiltInKeywords.getText(com.kms.katalon.core.testobject.ObjectRepository.findTestObject(Final Object Repo/New Registration - Registration Module Pages/Third Screen - Upload Supporting Doc- Preview/RefNo Acquiring)): Text of object 'Object Repository/Final Object Repo/New Registration - Registration Module Pages/Third Screen - Upload Supporting Doc- Preview/RefNo Acquiring' is: 'CRN01201900123656'

2019-01-08 19:16:24 - [MESSAGE][PASSED] - Text of object 'Object Repository/Final Object Repo/New Registration - Registration Module Pages/Third Screen - Upload Supporting Doc- Preview/RefNo Acquiring' is: 'CRN01201900123656'

2019-01-08 19:16:24 - [TEST_STEP][PASSED] - delay: Delayed 2 second(s)

2019-01-08 19:16:26 - [MESSAGE][PASSED] - Delayed 2 second(s)

2019-01-08 19:16:26 - [TEST_STEP][PASSED] - callTestCase: Call Test Case 'Test Cases/Final Aug 2018 - PKS Automation/Common/Reference Number Setter' successfully

2019-01-08 19:16:26 - [TEST_CASE][PASSED] - Test Cases/Final Aug 2018 - PKS Automation/Common/Reference Number Setter: Test Cases/Final Aug 2018 - PKS Automation/Common/Reference Number Setter

2019-01-08 19:16:26 - [TEST_STEP][PASSED] - Statement - RefNoOldFile = new java.io.File(C://Users//Admin//Desktop//PKS//Automation Reference Point//KatalonReference.txt): null

2019-01-08 19:16:26 - [TEST_STEP][PASSED] - Statement - RefNoOldFile.delete(): null

2019-01-08 19:16:26 - [TEST_STEP][PASSED] - delay: Delayed 5 second(s)

2019-01-08 19:16:31 - [MESSAGE][PASSED] - Delayed 5 second(s)

2019-01-08 19:16:31 - [TEST_STEP][PASSED] - Statement - RefNo = new java.io.File(C://Users//Admin//Desktop//PKS//Automation Reference Point//KatalonReference.txt): null

2019-01-08 19:16:31 - [TEST_STEP][PASSED] - Statement - f2 = new java.io.FileWriter(RefNo, false): null

2019-01-08 19:16:31 - [TEST_STEP][PASSED] - Statement - f2.write(CaseReferenceNo): null

2019-01-08 19:16:31 - [TEST_STEP][PASSED] - Statement - f2.close(): null

2019-01-08 19:16:31 - [TEST_STEP][PASSED] - Statement - out.println("


" + CaseReferenceNo + "


"): null

2019-01-08 19:16:31 - [MESSAGE][PASSED] - Call Test Case 'Test Cases/Final Aug 2018 - PKS Automation/Common/Reference Number Setter' successfully

2019-01-08 19:16:31 - [TEST_STEP][PASSED] - waitForElementClickable: Object 'Object Repository/Final Object Repo/New Registration - Registration Module Pages/Third Screen - Upload Supporting Doc- Preview/Save n Continue in SIP Employee Listing Page' is clickable

2019-01-08 19:16:31 - [MESSAGE][PASSED] - Object 'Object Repository/Final Object Repo/New Registration - Registration Module Pages/Third Screen - Upload Supporting Doc- Preview/Save n Continue in SIP Employee Listing Page' is clickable

2019-01-08 19:16:31 - [TEST_STEP][PASSED] - click: Object: 'Object Repository/Final Object Repo/New Registration - Registration Module Pages/Third Screen - Upload Supporting Doc- Preview/Save n Continue in SIP Employee Listing Page' is clicked on

2019-01-08 19:16:37 - [MESSAGE][PASSED] - Object: 'Object Repository/Final Object Repo/New Registration - Registration Module Pages/Third Screen - Upload Supporting Doc- Preview/Save n Continue in SIP Employee Listing Page' is clicked on

2019-01-08 19:16:37 - [TEST_STEP][PASSED] - delay: Delayed 7 second(s)

2019-01-08 19:16:44 - [MESSAGE][PASSED] - Delayed 7 second(s)

2019-01-08 19:16:44 - [TEST_STEP][PASSED] - click: Object: 'Object Repository/Final Object Repo/New Registration - Registration Module Pages/Third Screen - Upload Supporting Doc- Preview/Add Document Button' is clicked on

2019-01-08 19:16:44 - [MESSAGE][PASSED] - Object: 'Object Repository/Final Object Repo/New Registration - Registration Module Pages/Third Screen - Upload Supporting Doc- Preview/Add Document Button' is clicked on

2019-01-08 19:16:44 - [TEST_STEP][PASSED] - delay: Delayed 30 second(s)

2019-01-08 19:17:14 - [MESSAGE][PASSED] - Delayed 30 second(s)

2019-01-08 19:17:14 - [TEST_STEP][PASSED] - click: Object: 'Object Repository/Final Object Repo/New Registration - Registration Module Pages/Third Screen - Upload Supporting Doc- Preview/Supporting Doc Please Select Drop Down' is clicked on

2019-01-08 19:17:14 - [MESSAGE][PASSED] - Object: 'Object Repository/Final Object Repo/New Registration - Registration Module Pages/Third Screen - Upload Supporting Doc- Preview/Supporting Doc Please Select Drop Down' is clicked on

2019-01-08 19:17:14 - [TEST_STEP][PASSED] - delay: Delayed 2 second(s)

2019-01-08 19:17:16 - [MESSAGE][PASSED] - Delayed 2 second(s)

2019-01-08 19:17:16 - [TEST_STEP][PASSED] - click: Object: 'Object Repository/Final Object Repo/New Registration - Registration Module Pages/Third Screen - Upload Supporting Doc- Preview/Select to Upload Form 1' is clicked on

2019-01-08 19:17:16 - [MESSAGE][PASSED] - Object: 'Object Repository/Final Object Repo/New Registration - Registration Module Pages/Third Screen - Upload Supporting Doc- Preview/Select to Upload Form 1' is clicked on

2019-01-08 19:17:16 - [TEST_STEP][PASSED] - delay: Delayed 2 second(s)

2019-01-08 19:17:18 - [MESSAGE][PASSED] - Delayed 2 second(s)

2019-01-08 19:17:18 - [TEST_STEP][PASSED] - uploadFile: File 'C:\Users\Public\Pictures\Sample Pictures\Koala.jpg' sent to object: 'Object Repository/Final Object Repo/New Registration - Registration Module Pages/Third Screen - Upload Supporting Doc- Preview/Upload File Adding'

2019-01-08 19:17:18 - [MESSAGE][PASSED] - File 'C:\Users\Public\Pictures\Sample Pictures\Koala.jpg' sent to object: 'Object Repository/Final Object Repo/New Registration - Registration Module Pages/Third Screen - Upload Supporting Doc- Preview/Upload File Adding'

2019-01-08 19:17:18 - [TEST_STEP][PASSED] - delay: Delayed 5 second(s)

2019-01-08 19:17:23 - [MESSAGE][PASSED] - Delayed 5 second(s)

2019-01-08 19:17:23 - [TEST_STEP][PASSED] - click: Object: 'Object Repository/Final Object Repo/New Registration - Registration Module Pages/Third Screen - Upload Supporting Doc- Preview/Inner Form Add Document Button' is clicked on

2019-01-08 19:17:24 - [MESSAGE][PASSED] - Object: 'Object Repository/Final Object Repo/New Registration - Registration Module Pages/Third Screen - Upload Supporting Doc- Preview/Inner Form Add Document Button' is clicked on

2019-01-08 19:17:24 - [TEST_STEP][PASSED] - delay: Delayed 3 second(s)

2019-01-08 19:17:27 - [MESSAGE][PASSED] - Delayed 3 second(s)

2019-01-08 19:17:27 - [TEST_STEP][PASSED] - click: Object: 'Object Repository/Final Object Repo/New Registration - Registration Module Pages/Third Screen - Upload Supporting Doc- Preview/Add Document Button' is clicked on

2019-01-08 19:17:28 - [MESSAGE][PASSED] - Object: 'Object Repository/Final Object Repo/New Registration - Registration Module Pages/Third Screen - Upload Supporting Doc- Preview/Add Document Button' is clicked on

2019-01-08 19:17:28 - [TEST_STEP][PASSED] - delay: Delayed 30 second(s)

2019-01-08 19:17:58 - [MESSAGE][PASSED] - Delayed 30 second(s)

2019-01-08 19:17:58 - [TEST_STEP][PASSED] - click: Object: 'Object Repository/Final Object Repo/New Registration - Registration Module Pages/Third Screen - Upload Supporting Doc- Preview/Supporting Doc Please Select Drop Down' is clicked on

2019-01-08 19:17:58 - [MESSAGE][PASSED] - Object: 'Object Repository/Final Object Repo/New Registration - Registration Module Pages/Third Screen - Upload Supporting Doc- Preview/Supporting Doc Please Select Drop Down' is clicked on

2019-01-08 19:17:58 - [TEST_STEP][PASSED] - delay: Delayed 4 second(s)

2019-01-08 19:18:02 - [MESSAGE][PASSED] - Delayed 4 second(s)

2019-01-08 19:18:02 - [TEST_STEP][PASSED] - click: Object: 'Object Repository/Final Object Repo/New Registration - Registration Module Pages/Third Screen - Upload Supporting Doc- Preview/Select to Upload Form 2' is clicked on

2019-01-08 19:18:02 - [MESSAGE][PASSED] - Object: 'Object Repository/Final Object Repo/New Registration - Registration Module Pages/Third Screen - Upload Supporting Doc- Preview/Select to Upload Form 2' is clicked on

2019-01-08 19:18:02 - [TEST_STEP][PASSED] - delay: Delayed 2 second(s)

2019-01-08 19:18:04 - [MESSAGE][PASSED] - Delayed 2 second(s)

2019-01-08 19:18:04 - [TEST_STEP][PASSED] - uploadFile: File 'C:\Users\Public\Pictures\Sample Pictures\Koala.jpg' sent to object: 'Object Repository/Final Object Repo/New Registration - Registration Module Pages/Third Screen - Upload Supporting Doc- Preview/Upload File Adding'

2019-01-08 19:18:04 - [MESSAGE][PASSED] - File 'C:\Users\Public\Pictures\Sample Pictures\Koala.jpg' sent to object: 'Object Repository/Final Object Repo/New Registration - Registration Module Pages/Third Screen - Upload Supporting Doc- Preview/Upload File Adding'

2019-01-08 19:18:04 - [TEST_STEP][PASSED] - click: Object: 'Object Repository/Final Object Repo/New Registration - Registration Module Pages/Third Screen - Upload Supporting Doc- Preview/Inner Form Add Document Button' is clicked on

2019-01-08 19:18:04 - [MESSAGE][PASSED] - Object: 'Object Repository/Final Object Repo/New Registration - Registration Module Pages/Third Screen - Upload Supporting Doc- Preview/Inner Form Add Document Button' is clicked on

2019-01-08 19:18:04 - [TEST_STEP][PASSED] - delay: Delayed 5 second(s)

2019-01-08 19:18:09 - [MESSAGE][PASSED] - Delayed 5 second(s)

2019-01-08 19:18:09 - [TEST_STEP][PASSED] - click: Object: 'Object Repository/Final Object Repo/New Registration - Registration Module Pages/Third Screen - Upload Supporting Doc- Preview/Add Document Button' is clicked on

2019-01-08 19:18:10 - [MESSAGE][PASSED] - Object: 'Object Repository/Final Object Repo/New Registration - Registration Module Pages/Third Screen - Upload Supporting Doc- Preview/Add Document Button' is clicked on

2019-01-08 19:18:10 - [TEST_STEP][PASSED] - delay: Delayed 30 second(s)

2019-01-08 19:18:40 - [MESSAGE][PASSED] - Delayed 30 second(s)

2019-01-08 19:18:40 - [TEST_STEP][PASSED] - click: Object: 'Object Repository/Final Object Repo/New Registration - Registration Module Pages/Third Screen - Upload Supporting Doc- Preview/Supporting Doc Please Select Drop Down' is clicked on

2019-01-08 19:18:40 - [MESSAGE][PASSED] - Object: 'Object Repository/Final Object Repo/New Registration - Registration Module Pages/Third Screen - Upload Supporting Doc- Preview/Supporting Doc Please Select Drop Down' is clicked on

2019-01-08 19:18:40 - [TEST_STEP][PASSED] - click: Object: 'Object Repository/Final Object Repo/New Registration - Registration Module Pages/Third Screen - Upload Supporting Doc- Preview/Select to Upload Borang SIP 1' is clicked on

2019-01-08 19:18:40 - [MESSAGE][PASSED] - Object: 'Object Repository/Final Object Repo/New Registration - Registration Module Pages/Third Screen - Upload Supporting Doc- Preview/Select to Upload Borang SIP 1' is clicked on

2019-01-08 19:18:40 - [TEST_STEP][PASSED] - delay: Delayed 2 second(s)

2019-01-08 19:18:42 - [MESSAGE][PASSED] - Delayed 2 second(s)

2019-01-08 19:18:42 - [TEST_STEP][PASSED] - uploadFile: File 'C:\Users\Public\Pictures\Sample Pictures\Koala.jpg' sent to object: 'Object Repository/Final Object Repo/New Registration - Registration Module Pages/Third Screen - Upload Supporting Doc- Preview/Upload File Adding'

2019-01-08 19:18:42 - [MESSAGE][PASSED] - File 'C:\Users\Public\Pictures\Sample Pictures\Koala.jpg' sent to object: 'Object Repository/Final Object Repo/New Registration - Registration Module Pages/Third Screen - Upload Supporting Doc- Preview/Upload File Adding'

2019-01-08 19:18:42 - [TEST_STEP][PASSED] - click: Object: 'Object Repository/Final Object Repo/New Registration - Registration Module Pages/Third Screen - Upload Supporting Doc- Preview/Inner Form Add Document Button' is clicked on

2019-01-08 19:18:42 - [MESSAGE][PASSED] - Object: 'Object Repository/Final Object Repo/New Registration - Registration Module Pages/Third Screen - Upload Supporting Doc- Preview/Inner Form Add Document Button' is clicked on

2019-01-08 19:18:42 - [TEST_STEP][PASSED] - delay: Delayed 5 second(s)

2019-01-08 19:18:47 - [MESSAGE][PASSED] - Delayed 5 second(s)

2019-01-08 19:18:47 - [TEST_STEP][PASSED] - click: Object: 'Object Repository/Final Object Repo/New Registration - Registration Module Pages/Third Screen - Upload Supporting Doc- Preview/Add Document Button' is clicked on

2019-01-08 19:18:47 - [MESSAGE][PASSED] - Object: 'Object Repository/Final Object Repo/New Registration - Registration Module Pages/Third Screen - Upload Supporting Doc- Preview/Add Document Button' is clicked on

2019-01-08 19:18:47 - [TEST_STEP][PASSED] - delay: Delayed 30 second(s)

2019-01-08 19:19:17 - [MESSAGE][PASSED] - Delayed 30 second(s)

2019-01-08 19:19:17 - [TEST_STEP][PASSED] - click: Object: 'Object Repository/Final Object Repo/New Registration - Registration Module Pages/Third Screen - Upload Supporting Doc- Preview/Supporting Doc Please Select Drop Down' is clicked on

2019-01-08 19:19:18 - [MESSAGE][PASSED] - Object: 'Object Repository/Final Object Repo/New Registration - Registration Module Pages/Third Screen - Upload Supporting Doc- Preview/Supporting Doc Please Select Drop Down' is clicked on

2019-01-08 19:19:18 - [TEST_STEP][PASSED] - delay: Delayed 3 second(s)

2019-01-08 19:19:21 - [MESSAGE][PASSED] - Delayed 3 second(s)

2019-01-08 19:19:21 - [TEST_STEP][PASSED] - click: Object: 'Object Repository/Final Object Repo/New Registration - Registration Module Pages/Third Screen - Upload Supporting Doc- Preview/Select to Upload Borang SIP 2' is clicked on

2019-01-08 19:19:21 - [MESSAGE][PASSED] - Object: 'Object Repository/Final Object Repo/New Registration - Registration Module Pages/Third Screen - Upload Supporting Doc- Preview/Select to Upload Borang SIP 2' is clicked on

2019-01-08 19:19:21 - [TEST_STEP][PASSED] - delay: Delayed 2 second(s)

2019-01-08 19:19:23 - [MESSAGE][PASSED] - Delayed 2 second(s)

2019-01-08 19:19:23 - [TEST_STEP][PASSED] - uploadFile: File 'C:\Users\Public\Pictures\Sample Pictures\Koala.jpg' sent to object: 'Object Repository/Final Object Repo/New Registration - Registration Module Pages/Third Screen - Upload Supporting Doc- Preview/Upload File Adding'

2019-01-08 19:19:23 - [MESSAGE][PASSED] - File 'C:\Users\Public\Pictures\Sample Pictures\Koala.jpg' sent to object: 'Object Repository/Final Object Repo/New Registration - Registration Module Pages/Third Screen - Upload Supporting Doc- Preview/Upload File Adding'

2019-01-08 19:19:23 - [TEST_STEP][PASSED] - delay: Delayed 5 second(s)

2019-01-08 19:19:28 - [MESSAGE][PASSED] - Delayed 5 second(s)

2019-01-08 19:19:28 - [TEST_STEP][PASSED] - click: Object: 'Object Repository/Final Object Repo/New Registration - Registration Module Pages/Third Screen - Upload Supporting Doc- Preview/Inner Form Add Document Button' is clicked on

2019-01-08 19:19:28 - [MESSAGE][PASSED] - Object: 'Object Repository/Final Object Repo/New Registration - Registration Module Pages/Third Screen - Upload Supporting Doc- Preview/Inner Form Add Document Button' is clicked on

2019-01-08 19:19:28 - [TEST_STEP][PASSED] - delay: Delayed 3 second(s)

2019-01-08 19:19:31 - [MESSAGE][PASSED] - Delayed 3 second(s)

2019-01-08 19:19:31 - [TEST_STEP][PASSED] - waitForElementClickable: Object 'Object Repository/Final Object Repo/New Registration - Registration Module Pages/Third Screen - Upload Supporting Doc- Preview/Save n Continue in Uploading Supporting Doc Page' is clickable

2019-01-08 19:19:32 - [MESSAGE][PASSED] - Object 'Object Repository/Final Object Repo/New Registration - Registration Module Pages/Third Screen - Upload Supporting Doc- Preview/Save n Continue in Uploading Supporting Doc Page' is clickable

2019-01-08 19:19:32 - [TEST_STEP][PASSED] - click: Object: 'Object Repository/Final Object Repo/New Registration - Registration Module Pages/Third Screen - Upload Supporting Doc- Preview/Save n Continue in Uploading Supporting Doc Page' is clicked on

2019-01-08 19:19:32 - [MESSAGE][PASSED] - Object: 'Object Repository/Final Object Repo/New Registration - Registration Module Pages/Third Screen - Upload Supporting Doc- Preview/Save n Continue in Uploading Supporting Doc Page' is clicked on

2019-01-08 19:19:32 - [MESSAGE][PASSED] - Call Test Case 'Test Cases/Final Aug 2018 - PKS Automation/Registration Module/New Registration/Flow of New Registration/Third Screen - Upload Supporting Doc - Preview' successfully

2019-01-08 19:19:32 - [TEST_STEP][PASSED] - callTestCase: Call Test Case 'Test Cases/Final Aug 2018 - PKS Automation/Registration Module/New Registration/Submit and Screenshot/Submit Registration and Screenshot' successfully

2019-01-08 19:19:32 - [TEST_CASE][PASSED] - Test Cases/Final Aug 2018 - PKS Automation/Registration Module/New Registration/Submit and Screenshot/Submit Registration and Screenshot: Test Cases/Final Aug 2018 - PKS Automation/Registration Module/New Registration/Submit and Screenshot/Submit Registration and Screenshot

2019-01-08 19:19:32 - [TEST_STEP][PASSED] - delay: Delayed 6 second(s)

2019-01-08 19:19:38 - [MESSAGE][PASSED] - Delayed 6 second(s)

2019-01-08 19:19:38 - [TEST_STEP][PASSED] - click: Object: 'Object Repository/Final Object Repo/New Registration - Registration Module Pages/Third Screen - Upload Supporting Doc- Preview/Preview Submit Button' is clicked on

2019-01-08 19:19:38 - [MESSAGE][PASSED] - Object: 'Object Repository/Final Object Repo/New Registration - Registration Module Pages/Third Screen - Upload Supporting Doc- Preview/Preview Submit Button' is clicked on

2019-01-08 19:19:38 - [TEST_STEP][PASSED] - delay: Delayed 2 second(s)

2019-01-08 19:19:40 - [MESSAGE][PASSED] - Delayed 2 second(s)

2019-01-08 19:19:40 - [TEST_STEP][PASSED] - click: Object: 'Object Repository/Final Object Repo/New Registration - Registration Module Pages/Third Screen - Upload Supporting Doc- Preview/Preview Submit - Confirm' is clicked on

2019-01-08 19:19:41 - [MESSAGE][PASSED] - Object: 'Object Repository/Final Object Repo/New Registration - Registration Module Pages/Third Screen - Upload Supporting Doc- Preview/Preview Submit - Confirm' is clicked on

2019-01-08 19:19:41 - [TEST_STEP][PASSED] - delay: Delayed 15 second(s)

2019-01-08 19:19:56 - [MESSAGE][PASSED] - Delayed 15 second(s)

2019-01-08 19:19:56 - [TEST_STEP][PASSED] - Statement - driver = com.kms.katalon.core.webui.driver.DriverFactory.getWebDriver(): null

2019-01-08 19:19:56 - [TEST_STEP][PASSED] - Statement - driver.manage().timeouts().implicitlyWait(10, SECONDS): null

2019-01-08 19:19:56 - [TEST_STEP][PASSED] - Statement - PresavePath = KatalonScreenshots: null

2019-01-08 19:19:56 - [TEST_STEP][PASSED] - Statement - pathPrefix = "C:\Users\Public\Pictures\Sample Pictures\Katalon Screenshots\Automate Ending Screen": null

2019-01-08 19:19:56 - [TEST_STEP][PASSED] - Statement - finalPath = <not implemented yet for class: org.codehaus.groovy.ast.expr.EmptyExpression>: null

2019-01-08 19:19:56 - [TEST_STEP][PASSED] - Statement - scrFile = driver.getScreenshotAs(FILE): null

2019-01-08 19:19:56 - [TEST_STEP][PASSED] - Statement - PreSaveFile = new java.io.File(PresavePath): null

2019-01-08 19:19:56 - [TEST_STEP][PASSED] - Statement - counter = 0: null

2019-01-08 19:19:56 - [TEST_STEP][PASSED] - Statement - If (PreSaveFile.exists()): null

2019-01-08 19:19:56 - [TEST_STEP][PASSED] - Statement - While (PreSaveFile.exists()): null

2019-01-08 19:19:56 - [TEST_STEP][PASSED] - Statement - counter = counter + 1: null

2019-01-08 19:19:56 - [TEST_STEP][PASSED] - Statement - PreSaveFile = new java.io.File(((pathPrefix + java.lang.Integer.toString(counter)) + .png)): null

2019-01-08 19:19:56 - [TEST_STEP][PASSED] - Statement - counter = counter + 1: null

2019-01-08 19:19:56 - [TEST_STEP][PASSED] - Statement - PreSaveFile = new java.io.File(((pathPrefix + java.lang.Integer.toString(counter)) + .png)): null

2019-01-08 19:19:56 - [TEST_STEP][PASSED] - Statement - counter = counter + 1: null

2019-01-08 19:19:56 - [TEST_STEP][PASSED] - Statement - PreSaveFile = new java.io.File(((pathPrefix + java.lang.Integer.toString(counter)) + .png)): null

2019-01-08 19:19:56 - [TEST_STEP][PASSED] - Statement - counter = counter + 1: null

2019-01-08 19:19:56 - [TEST_STEP][PASSED] - Statement - PreSaveFile = new java.io.File(((pathPrefix + java.lang.Integer.toString(counter)) + .png)): null

2019-01-08 19:19:56 - [TEST_STEP][PASSED] - Statement - counter = counter + 1: null

2019-01-08 19:19:56 - [TEST_STEP][PASSED] - Statement - PreSaveFile = new java.io.File(((pathPrefix + java.lang.Integer.toString(counter)) + .png)): null

2019-01-08 19:19:56 - [TEST_STEP][PASSED] - Statement - counter = counter + 1: null

2019-01-08 19:19:56 - [TEST_STEP][PASSED] - Statement - PreSaveFile = new java.io.File(((pathPrefix + java.lang.Integer.toString(counter)) + .png)): null

2019-01-08 19:19:56 - [TEST_STEP][PASSED] - Statement - counter = counter + 1: null

2019-01-08 19:19:56 - [TEST_STEP][PASSED] - Statement - PreSaveFile = new java.io.File(((pathPrefix + java.lang.Integer.toString(counter)) + .png)): null

2019-01-08 19:19:56 - [TEST_STEP][PASSED] - Statement - counter = counter + 1: null

2019-01-08 19:19:56 - [TEST_STEP][PASSED] - Statement - PreSaveFile = new java.io.File(((pathPrefix + java.lang.Integer.toString(counter)) + .png)): null

2019-01-08 19:19:56 - [TEST_STEP][PASSED] - Statement - counter = counter + 1: null

2019-01-08 19:19:56 - [TEST_STEP][PASSED] - Statement - PreSaveFile = new java.io.File(((pathPrefix + java.lang.Integer.toString(counter)) + .png)): null

2019-01-08 19:19:56 - [TEST_STEP][PASSED] - Statement - counter = counter + 1: null

2019-01-08 19:19:56 - [TEST_STEP][PASSED] - Statement - PreSaveFile = new java.io.File(((pathPrefix + java.lang.Integer.toString(counter)) + .png)): null

2019-01-08 19:19:56 - [TEST_STEP][PASSED] - Statement - counter = counter + 1: null

2019-01-08 19:19:56 - [TEST_STEP][PASSED] - Statement - PreSaveFile = new java.io.File(((pathPrefix + java.lang.Integer.toString(counter)) + .png)): null

2019-01-08 19:19:56 - [TEST_STEP][PASSED] - Statement - counter = counter + 1: null

2019-01-08 19:19:56 - [TEST_STEP][PASSED] - Statement - PreSaveFile = new java.io.File(((pathPrefix + java.lang.Integer.toString(counter)) + .png)): null

2019-01-08 19:19:56 - [TEST_STEP][PASSED] - Statement - counter = counter + 1: null

2019-01-08 19:19:56 - [TEST_STEP][PASSED] - Statement - PreSaveFile = new java.io.File(((pathPrefix + java.lang.Integer.toString(counter)) + .png)): null

2019-01-08 19:19:56 - [TEST_STEP][PASSED] - Statement - counter = counter + 1: null

2019-01-08 19:19:56 - [TEST_STEP][PASSED] - Statement - PreSaveFile = new java.io.File(((pathPrefix + java.lang.Integer.toString(counter)) + .png)): null

2019-01-08 19:19:56 - [TEST_STEP][PASSED] - Statement - counter = counter + 1: null

2019-01-08 19:19:56 - [TEST_STEP][PASSED] - Statement - PreSaveFile = new java.io.File(((pathPrefix + java.lang.Integer.toString(counter)) + .png)): null

2019-01-08 19:19:56 - [TEST_STEP][PASSED] - Statement - counter = counter + 1: null

2019-01-08 19:19:56 - [TEST_STEP][PASSED] - Statement - PreSaveFile = new java.io.File(((pathPrefix + java.lang.Integer.toString(counter)) + .png)): null

2019-01-08 19:19:56 - [TEST_STEP][PASSED] - Statement - counter = counter + 1: null

2019-01-08 19:19:56 - [TEST_STEP][PASSED] - Statement - PreSaveFile = new java.io.File(((pathPrefix + java.lang.Integer.toString(counter)) + .png)): null

2019-01-08 19:19:56 - [TEST_STEP][PASSED] - Statement - counter = counter + 1: null

2019-01-08 19:19:56 - [TEST_STEP][PASSED] - Statement - PreSaveFile = new java.io.File(((pathPrefix + java.lang.Integer.toString(counter)) + .png)): null

2019-01-08 19:19:56 - [TEST_STEP][PASSED] - Statement - counter = counter + 1: null

2019-01-08 19:19:56 - [TEST_STEP][PASSED] - Statement - PreSaveFile = new java.io.File(((pathPrefix + java.lang.Integer.toString(counter)) + .png)): null

2019-01-08 19:19:56 - [TEST_STEP][PASSED] - Statement - counter = counter + 1: null

2019-01-08 19:19:56 - [TEST_STEP][PASSED] - Statement - PreSaveFile = new java.io.File(((pathPrefix + java.lang.Integer.toString(counter)) + .png)): null

2019-01-08 19:19:56 - [TEST_STEP][PASSED] - Statement - counter = counter + 1: null

2019-01-08 19:19:56 - [TEST_STEP][PASSED] - Statement - PreSaveFile = new java.io.File(((pathPrefix + java.lang.Integer.toString(counter)) + .png)): null

2019-01-08 19:19:56 - [TEST_STEP][PASSED] - Statement - counter = counter + 1: null

2019-01-08 19:19:56 - [TEST_STEP][PASSED] - Statement - PreSaveFile = new java.io.File(((pathPrefix + java.lang.Integer.toString(counter)) + .png)): null

2019-01-08 19:19:56 - [TEST_STEP][PASSED] - Statement - counter = counter + 1: null

2019-01-08 19:19:56 - [TEST_STEP][PASSED] - Statement - PreSaveFile = new java.io.File(((pathPrefix + java.lang.Integer.toString(counter)) + .png)): null

2019-01-08 19:19:56 - [TEST_STEP][PASSED] - Statement - counter = counter + 1: null

2019-01-08 19:19:56 - [TEST_STEP][PASSED] - Statement - PreSaveFile = new java.io.File(((pathPrefix + java.lang.Integer.toString(counter)) + .png)): null

2019-01-08 19:19:56 - [TEST_STEP][PASSED] - Statement - counter = counter + 1: null

2019-01-08 19:19:56 - [TEST_STEP][PASSED] - Statement - PreSaveFile = new java.io.File(((pathPrefix + java.lang.Integer.toString(counter)) + .png)): null

2019-01-08 19:19:56 - [TEST_STEP][PASSED] - Statement - counter = counter + 1: null

2019-01-08 19:19:56 - [TEST_STEP][PASSED] - Statement - PreSaveFile = new java.io.File(((pathPrefix + java.lang.Integer.toString(counter)) + .png)): null

2019-01-08 19:19:56 - [TEST_STEP][PASSED] - Statement - counter = counter + 1: null

2019-01-08 19:19:56 - [TEST_STEP][PASSED] - Statement - PreSaveFile = new java.io.File(((pathPrefix + java.lang.Integer.toString(counter)) + .png)): null

2019-01-08 19:19:56 - [TEST_STEP][PASSED] - Statement - counter = counter + 1: null

2019-01-08 19:19:56 - [TEST_STEP][PASSED] - Statement - PreSaveFile = new java.io.File(((pathPrefix + java.lang.Integer.toString(counter)) + .png)): null

2019-01-08 19:19:56 - [TEST_STEP][PASSED] - Statement - counter = counter + 1: null

2019-01-08 19:19:56 - [TEST_STEP][PASSED] - Statement - PreSaveFile = new java.io.File(((pathPrefix + java.lang.Integer.toString(counter)) + .png)): null

2019-01-08 19:19:56 - [TEST_STEP][PASSED] - Statement - counter = counter + 1: null

2019-01-08 19:19:56 - [TEST_STEP][PASSED] - Statement - PreSaveFile = new java.io.File(((pathPrefix + java.lang.Integer.toString(counter)) + .png)): null

2019-01-08 19:19:56 - [TEST_STEP][PASSED] - Statement - counter = counter + 1: null

2019-01-08 19:19:56 - [TEST_STEP][PASSED] - Statement - PreSaveFile = new java.io.File(((pathPrefix + java.lang.Integer.toString(counter)) + .png)): null

2019-01-08 19:19:56 - [TEST_STEP][PASSED] - Statement - counter = counter + 1: null

2019-01-08 19:19:56 - [TEST_STEP][PASSED] - Statement - PreSaveFile = new java.io.File(((pathPrefix + java.lang.Integer.toString(counter)) + .png)): null

2019-01-08 19:19:56 - [TEST_STEP][PASSED] - Statement - finalPath = pathPrefix + java.lang.Integer.toString(counter) + ".png": null

2019-01-08 19:19:56 - [TEST_STEP][PASSED] - Statement - SaveFile = new java.io.File(finalPath): null

2019-01-08 19:19:56 - [TEST_STEP][PASSED] - Statement - Try: null

2019-01-08 19:19:56 - [TEST_STEP][PASSED] - Statement - org.apache.commons.io.FileUtils.copyFile(scrFile, SaveFile): null

2019-01-08 19:19:56 - [TEST_STEP][PASSED] - Statement - out.println("file kept"): null

2019-01-08 19:19:56 - [TEST_STEP][PASSED] - delay: Delayed 10 second(s)

2019-01-08 19:20:06 - [MESSAGE][PASSED] - Delayed 10 second(s)

2019-01-08 19:20:06 - [MESSAGE][PASSED] - Call Test Case 'Test Cases/Final Aug 2018 - PKS Automation/Registration Module/New Registration/Submit and Screenshot/Submit Registration and Screenshot' successfully]]></system-out>
         <system-err><![CDATA[]]></system-err>
      </testcase>
      <testcase name="Test Cases/Final Aug 2018 - PKS Automation/Registration Module/Critical Path/New Registration/Register ASSIST Only/Other - Federal Government Agency" classname="Test Cases/Final Aug 2018 - PKS Automation/Registration Module/Critical Path/New Registration/Register ASSIST Only/Other - Federal Government Agency" status="PASSED">
         <system-out><![CDATA[2019-01-08 19:20:06 - [TEST_CASE][PASSED] - Test Cases/Final Aug 2018 - PKS Automation/Registration Module/Critical Path/New Registration/Register ASSIST Only/Other - Federal Government Agency: Test Cases/Final Aug 2018 - PKS Automation/Registration Module/Critical Path/New Registration/Register ASSIST Only/Other - Federal Government Agency

2019-01-08 19:20:07 - [TEST_STEP][PASSED] - callTestCase: Call Test Case 'Test Cases/Final Aug 2018 - PKS Automation/Registration Module/New Registration/Form 1/Form 1 - Other - Federal Government Agency' successfully

2019-01-08 19:20:07 - [TEST_CASE][PASSED] - Test Cases/Final Aug 2018 - PKS Automation/Registration Module/New Registration/Form 1/Form 1 - Other - Federal Government Agency: Test Cases/Final Aug 2018 - PKS Automation/Registration Module/New Registration/Form 1/Form 1 - Other - Federal Government Agency

2019-01-08 19:20:07 - [TEST_STEP][PASSED] - openBrowser: Browser is opened with url: ''

2019-01-08 19:20:07 - [MESSAGE][WARNING] - A browser is already opened. Closing browser and opening a new one

2019-01-08 19:20:10 - [MESSAGE][PASSED] - Browser is opened with url: ''

2019-01-08 19:20:10 - [TEST_STEP][PASSED] - navigateToUrl: Navigate to 'https://assist2-uat.perkeso.gov.my/login' successfully

2019-01-08 19:20:11 - [MESSAGE][PASSED] - Navigate to 'https://assist2-uat.perkeso.gov.my/login' successfully

2019-01-08 19:20:11 - [TEST_STEP][PASSED] - setText: Text 'klotc2@gmail.com' is set on object 'Object Repository/Final Object Repo/Login Page/Internal User/Email Address'

2019-01-08 19:20:11 - [MESSAGE][PASSED] - Text 'klotc2@gmail.com' is set on object 'Object Repository/Final Object Repo/Login Page/Internal User/Email Address'

2019-01-08 19:20:11 - [TEST_STEP][PASSED] - click: Object: 'Object Repository/Final Object Repo/Login Page/Internal User/Next Button' is clicked on

2019-01-08 19:20:11 - [MESSAGE][PASSED] - Object: 'Object Repository/Final Object Repo/Login Page/Internal User/Next Button' is clicked on

2019-01-08 19:20:11 - [TEST_STEP][PASSED] - delay: Delayed 1 second(s)

2019-01-08 19:20:12 - [MESSAGE][PASSED] - Delayed 1 second(s)

2019-01-08 19:20:12 - [TEST_STEP][PASSED] - setEncryptedText: Text ****** has been set on object 'Object Repository/Final Object Repo/Login Page/Internal User/Password'

2019-01-08 19:20:13 - [MESSAGE][PASSED] - Text ****** has been set on object 'Object Repository/Final Object Repo/Login Page/Internal User/Password'

2019-01-08 19:20:13 - [TEST_STEP][PASSED] - click: Object: 'Object Repository/Final Object Repo/Login Page/Internal User/Login Button' is clicked on

2019-01-08 19:20:13 - [MESSAGE][PASSED] - Object: 'Object Repository/Final Object Repo/Login Page/Internal User/Login Button' is clicked on

2019-01-08 19:20:13 - [TEST_STEP][PASSED] - delay: Delayed 1 second(s)

2019-01-08 19:20:14 - [MESSAGE][PASSED] - Delayed 1 second(s)

2019-01-08 19:20:14 - [TEST_STEP][PASSED] - Statement - Try: Delayed 2 second(s)

2019-01-08 19:20:14 - [TEST_STEP][PASSED] - Statement - Checker = false: null

2019-01-08 19:20:14 - [TEST_STEP][PASSED] - Statement - Checker = com.kms.katalon.core.webui.keyword.WebUiBuiltInKeywords.verifyElementHasAttribute(com.kms.katalon.core.testobject.ObjectRepository.findTestObject(Final Object Repo/Landing Page/BM Detecting), "href", 20, OPTIONAL): Object 'Object Repository/Final Object Repo/Landing Page/BM Detecting' has attribute 'href'

2019-01-08 19:20:15 - [MESSAGE][PASSED] - Object 'Object Repository/Final Object Repo/Landing Page/BM Detecting' has attribute 'href'

2019-01-08 19:20:15 - [TEST_STEP][PASSED] - Statement - out.println(Checker): null

2019-01-08 19:20:15 - [TEST_STEP][PASSED] - Statement - If (Checker == false): null

2019-01-08 19:20:15 - [TEST_STEP][PASSED] - Statement - Else: null

2019-01-08 19:20:15 - [TEST_STEP][PASSED] - delay: Delayed 2 second(s)

2019-01-08 19:20:17 - [MESSAGE][PASSED] - Delayed 2 second(s)

2019-01-08 19:20:17 - [TEST_STEP][PASSED] - navigateToUrl: Navigate to 'https://assist2-uat.perkeso.gov.my/web/registration/registration' successfully

2019-01-08 19:20:18 - [MESSAGE][PASSED] - Navigate to 'https://assist2-uat.perkeso.gov.my/web/registration/registration' successfully

2019-01-08 19:20:18 - [TEST_STEP][PASSED] - click: Object: 'Object Repository/Final Object Repo/New Registration - Registration Module Pages/Form 1/AEC - No' is clicked on

2019-01-08 19:20:18 - [MESSAGE][PASSED] - Object: 'Object Repository/Final Object Repo/New Registration - Registration Module Pages/Form 1/AEC - No' is clicked on

2019-01-08 19:20:18 - [TEST_STEP][PASSED] - click: Object: 'Object Repository/Final Object Repo/New Registration - Registration Module Pages/Form 1/Business Entity' is clicked on

2019-01-08 19:20:19 - [MESSAGE][PASSED] - Object: 'Object Repository/Final Object Repo/New Registration - Registration Module Pages/Form 1/Business Entity' is clicked on

2019-01-08 19:20:19 - [TEST_STEP][PASSED] - click: Object: 'Object Repository/Final Object Repo/New Registration - Registration Module Pages/Form 1/Business Entity - Other' is clicked on

2019-01-08 19:20:19 - [MESSAGE][PASSED] - Object: 'Object Repository/Final Object Repo/New Registration - Registration Module Pages/Form 1/Business Entity - Other' is clicked on

2019-01-08 19:20:19 - [TEST_STEP][PASSED] - delay: Delayed 1 second(s)

2019-01-08 19:20:20 - [MESSAGE][PASSED] - Delayed 1 second(s)

2019-01-08 19:20:20 - [TEST_STEP][PASSED] - click: Object: 'Object Repository/Final Object Repo/New Registration - Registration Module Pages/Form 1/Sub Business Entity' is clicked on

2019-01-08 19:20:20 - [MESSAGE][PASSED] - Object: 'Object Repository/Final Object Repo/New Registration - Registration Module Pages/Form 1/Sub Business Entity' is clicked on

2019-01-08 19:20:20 - [TEST_STEP][PASSED] - click: Object: 'Object Repository/Final Object Repo/New Registration - Registration Module Pages/Form 1/Sub Business Entity - Other/Sub Business Entity - Federal Government Agency' is clicked on

2019-01-08 19:20:20 - [MESSAGE][PASSED] - Object: 'Object Repository/Final Object Repo/New Registration - Registration Module Pages/Form 1/Sub Business Entity - Other/Sub Business Entity - Federal Government Agency' is clicked on

2019-01-08 19:20:20 - [TEST_STEP][PASSED] - delay: Delayed 1 second(s)

2019-01-08 19:20:21 - [MESSAGE][PASSED] - Delayed 1 second(s)

2019-01-08 19:20:21 - [TEST_STEP][PASSED] - click: Object: 'Object Repository/Final Object Repo/New Registration - Registration Module Pages/Form 1/Sub Business Entity List' is clicked on

2019-01-08 19:20:21 - [MESSAGE][PASSED] - Object: 'Object Repository/Final Object Repo/New Registration - Registration Module Pages/Form 1/Sub Business Entity List' is clicked on

2019-01-08 19:20:21 - [TEST_STEP][PASSED] - click: Object: 'Object Repository/Final Object Repo/New Registration - Registration Module Pages/Form 1/Sub Business Entity List - Other/Sub Business Entity List - Others - Federal Government Agency - Kementerian Pelajaran' is clicked on

2019-01-08 19:20:22 - [MESSAGE][PASSED] - Object: 'Object Repository/Final Object Repo/New Registration - Registration Module Pages/Form 1/Sub Business Entity List - Other/Sub Business Entity List - Others - Federal Government Agency - Kementerian Pelajaran' is clicked on

2019-01-08 19:20:22 - [TEST_STEP][PASSED] - delay: Delayed 1 second(s)

2019-01-08 19:20:23 - [MESSAGE][PASSED] - Delayed 1 second(s)

2019-01-08 19:20:23 - [TEST_STEP][PASSED] - setText: Text '123' is set on object 'Object Repository/Final Object Repo/New Registration - Registration Module Pages/Form 1/Registration Number'

2019-01-08 19:20:23 - [MESSAGE][PASSED] - Text '123' is set on object 'Object Repository/Final Object Repo/New Registration - Registration Module Pages/Form 1/Registration Number'

2019-01-08 19:20:23 - [TEST_STEP][NOT_RUN] - click: NOT_RUN: click

2019-01-08 19:20:23 - [MESSAGE][NOT_RUN] - NOT_RUN: click

2019-01-08 19:20:23 - [TEST_STEP][PASSED] - click: Object: 'Object Repository/Final Object Repo/New Registration - Registration Module Pages/Form 1/Registered As a Branch - Yes' is clicked on

2019-01-08 19:20:23 - [MESSAGE][PASSED] - Object: 'Object Repository/Final Object Repo/New Registration - Registration Module Pages/Form 1/Registered As a Branch - Yes' is clicked on

2019-01-08 19:20:23 - [TEST_STEP][NOT_RUN] - verifyElementNotClickable: NOT_RUN: verifyElementNotClickable

2019-01-08 19:20:23 - [MESSAGE][NOT_RUN] - NOT_RUN: verifyElementNotClickable

2019-01-08 19:20:23 - [TEST_STEP][PASSED] - verifyElementPresent: Object 'Object Repository/Final Object Repo/New Registration - Registration Module Pages/Form 1/Acknowledgement Disabled' is present

2019-01-08 19:20:23 - [MESSAGE][WARNING] - Timeout '0' is invalid. Using default page load timeout: '30'

2019-01-08 19:20:23 - [MESSAGE][PASSED] - Object 'Object Repository/Final Object Repo/New Registration - Registration Module Pages/Form 1/Acknowledgement Disabled' is present

2019-01-08 19:20:23 - [TEST_STEP][PASSED] - setText: Text 'perkeso' is set on object 'Object Repository/Final Object Repo/New Registration - Registration Module Pages/Form 1/Industry name'

2019-01-08 19:20:23 - [MESSAGE][PASSED] - Text 'perkeso' is set on object 'Object Repository/Final Object Repo/New Registration - Registration Module Pages/Form 1/Industry name'

2019-01-08 19:20:23 - [TEST_STEP][PASSED] - setText: Text 'perkeso1' is set on object 'Object Repository/Final Object Repo/New Registration - Registration Module Pages/Form 1/Postal Address1'

2019-01-08 19:20:24 - [MESSAGE][PASSED] - Text 'perkeso1' is set on object 'Object Repository/Final Object Repo/New Registration - Registration Module Pages/Form 1/Postal Address1'

2019-01-08 19:20:24 - [TEST_STEP][PASSED] - setText: Text 'perkeso2' is set on object 'Object Repository/Final Object Repo/New Registration - Registration Module Pages/Form 1/Postal Address2'

2019-01-08 19:20:24 - [MESSAGE][PASSED] - Text 'perkeso2' is set on object 'Object Repository/Final Object Repo/New Registration - Registration Module Pages/Form 1/Postal Address2'

2019-01-08 19:20:24 - [TEST_STEP][PASSED] - setText: Text 'perkeso3' is set on object 'Object Repository/Final Object Repo/New Registration - Registration Module Pages/Form 1/Postal Address3'

2019-01-08 19:20:24 - [MESSAGE][PASSED] - Text 'perkeso3' is set on object 'Object Repository/Final Object Repo/New Registration - Registration Module Pages/Form 1/Postal Address3'

2019-01-08 19:20:24 - [TEST_STEP][PASSED] - click: Object: 'Object Repository/Final Object Repo/New Registration - Registration Module Pages/Form 1/State' is clicked on

2019-01-08 19:20:25 - [MESSAGE][PASSED] - Object: 'Object Repository/Final Object Repo/New Registration - Registration Module Pages/Form 1/State' is clicked on

2019-01-08 19:20:25 - [TEST_STEP][PASSED] - click: Object: 'Object Repository/Final Object Repo/New Registration - Registration Module Pages/Form 1/State - Johor' is clicked on

2019-01-08 19:20:25 - [MESSAGE][PASSED] - Object: 'Object Repository/Final Object Repo/New Registration - Registration Module Pages/Form 1/State - Johor' is clicked on

2019-01-08 19:20:25 - [TEST_STEP][PASSED] - delay: Delayed 1 second(s)

2019-01-08 19:20:26 - [MESSAGE][PASSED] - Delayed 1 second(s)

2019-01-08 19:20:26 - [TEST_STEP][PASSED] - click: Object: 'Object Repository/Final Object Repo/New Registration - Registration Module Pages/Form 1/City' is clicked on

2019-01-08 19:20:26 - [MESSAGE][PASSED] - Object: 'Object Repository/Final Object Repo/New Registration - Registration Module Pages/Form 1/City' is clicked on

2019-01-08 19:20:26 - [TEST_STEP][PASSED] - setText: Text 'joh' is set on object 'Object Repository/Final Object Repo/New Registration - Registration Module Pages/Form 1/Postcode - 810'

2019-01-08 19:20:26 - [MESSAGE][PASSED] - Text 'joh' is set on object 'Object Repository/Final Object Repo/New Registration - Registration Module Pages/Form 1/Postcode - 810'

2019-01-08 19:20:26 - [TEST_STEP][PASSED] - delay: Delayed 1 second(s)

2019-01-08 19:20:27 - [MESSAGE][PASSED] - Delayed 1 second(s)

2019-01-08 19:20:27 - [TEST_STEP][PASSED] - click: Object: 'Object Repository/Final Object Repo/New Registration - Registration Module Pages/Form 1/City - Johor Bharu' is clicked on

2019-01-08 19:20:28 - [MESSAGE][PASSED] - Object: 'Object Repository/Final Object Repo/New Registration - Registration Module Pages/Form 1/City - Johor Bharu' is clicked on

2019-01-08 19:20:28 - [TEST_STEP][PASSED] - delay: Delayed 1 second(s)

2019-01-08 19:20:29 - [MESSAGE][PASSED] - Delayed 1 second(s)

2019-01-08 19:20:29 - [TEST_STEP][PASSED] - click: Object: 'Object Repository/Final Object Repo/New Registration - Registration Module Pages/Form 1/Postcode' is clicked on

2019-01-08 19:20:29 - [MESSAGE][PASSED] - Object: 'Object Repository/Final Object Repo/New Registration - Registration Module Pages/Form 1/Postcode' is clicked on

2019-01-08 19:20:29 - [TEST_STEP][PASSED] - delay: Delayed 1 second(s)

2019-01-08 19:20:30 - [MESSAGE][PASSED] - Delayed 1 second(s)

2019-01-08 19:20:30 - [TEST_STEP][PASSED] - setText: Text '810' is set on object 'Object Repository/Final Object Repo/New Registration - Registration Module Pages/Form 1/Postcode - 810'

2019-01-08 19:20:30 - [MESSAGE][PASSED] - Text '810' is set on object 'Object Repository/Final Object Repo/New Registration - Registration Module Pages/Form 1/Postcode - 810'

2019-01-08 19:20:30 - [TEST_STEP][PASSED] - delay: Delayed 1 second(s)

2019-01-08 19:20:31 - [MESSAGE][PASSED] - Delayed 1 second(s)

2019-01-08 19:20:31 - [TEST_STEP][PASSED] - click: Object: 'Object Repository/Final Object Repo/New Registration - Registration Module Pages/Form 1/Postcode - 81000' is clicked on

2019-01-08 19:20:31 - [MESSAGE][PASSED] - Object: 'Object Repository/Final Object Repo/New Registration - Registration Module Pages/Form 1/Postcode - 81000' is clicked on

2019-01-08 19:20:31 - [TEST_STEP][PASSED] - delay: Delayed 1 second(s)

2019-01-08 19:20:32 - [MESSAGE][PASSED] - Delayed 1 second(s)

2019-01-08 19:20:32 - [TEST_STEP][PASSED] - setText: Text '100' is set on object 'Object Repository/Final Object Repo/New Registration - Registration Module Pages/Form 1/P.O.BOX'

2019-01-08 19:20:32 - [MESSAGE][PASSED] - Text '100' is set on object 'Object Repository/Final Object Repo/New Registration - Registration Module Pages/Form 1/P.O.BOX'

2019-01-08 19:20:32 - [TEST_STEP][PASSED] - setText: Text '100' is set on object 'Object Repository/Final Object Repo/New Registration - Registration Module Pages/Form 1/Locked Bag No'

2019-01-08 19:20:33 - [MESSAGE][PASSED] - Text '100' is set on object 'Object Repository/Final Object Repo/New Registration - Registration Module Pages/Form 1/Locked Bag No'

2019-01-08 19:20:33 - [TEST_STEP][PASSED] - click: Object: 'Object Repository/Final Object Repo/New Registration - Registration Module Pages/Form 1/SOCSO Office Location' is clicked on

2019-01-08 19:20:33 - [MESSAGE][PASSED] - Object: 'Object Repository/Final Object Repo/New Registration - Registration Module Pages/Form 1/SOCSO Office Location' is clicked on

2019-01-08 19:20:33 - [TEST_STEP][PASSED] - click: Object: 'Object Repository/Final Object Repo/New Registration - Registration Module Pages/Form 1/SOCSO Office Location - Pejabat PERKESO Negeri Johor' is clicked on

2019-01-08 19:20:33 - [MESSAGE][PASSED] - Object: 'Object Repository/Final Object Repo/New Registration - Registration Module Pages/Form 1/SOCSO Office Location - Pejabat PERKESO Negeri Johor' is clicked on

2019-01-08 19:20:33 - [TEST_STEP][PASSED] - delay: Delayed 1 second(s)

2019-01-08 19:20:34 - [MESSAGE][PASSED] - Delayed 1 second(s)

2019-01-08 19:20:34 - [TEST_STEP][PASSED] - check: Object 'Object Repository/Final Object Repo/New Registration - Registration Module Pages/Form 1/Indusrty Address Same As Postal Address' is checked

2019-01-08 19:20:34 - [MESSAGE][PASSED] - Object 'Object Repository/Final Object Repo/New Registration - Registration Module Pages/Form 1/Indusrty Address Same As Postal Address' is checked

2019-01-08 19:20:34 - [TEST_STEP][PASSED] - delay: Delayed 3 second(s)

2019-01-08 19:20:37 - [MESSAGE][PASSED] - Delayed 3 second(s)

2019-01-08 19:20:37 - [TEST_STEP][PASSED] - click: Object: 'Object Repository/Final Object Repo/New Registration - Registration Module Pages/Form 1/Indusry Address Same As Postal Address False' is clicked on

2019-01-08 19:20:37 - [MESSAGE][PASSED] - Object: 'Object Repository/Final Object Repo/New Registration - Registration Module Pages/Form 1/Indusry Address Same As Postal Address False' is clicked on

2019-01-08 19:20:37 - [TEST_STEP][PASSED] - delay: Delayed 1 second(s)

2019-01-08 19:20:38 - [MESSAGE][PASSED] - Delayed 1 second(s)

2019-01-08 19:20:38 - [TEST_STEP][PASSED] - setText: Text 'perkeso1' is set on object 'Object Repository/Final Object Repo/New Registration - Registration Module Pages/Form 1/Industry Address1'

2019-01-08 19:20:39 - [MESSAGE][PASSED] - Text 'perkeso1' is set on object 'Object Repository/Final Object Repo/New Registration - Registration Module Pages/Form 1/Industry Address1'

2019-01-08 19:20:39 - [TEST_STEP][PASSED] - setText: Text 'perkeso2' is set on object 'Object Repository/Final Object Repo/New Registration - Registration Module Pages/Form 1/Industry Address2'

2019-01-08 19:20:39 - [MESSAGE][PASSED] - Text 'perkeso2' is set on object 'Object Repository/Final Object Repo/New Registration - Registration Module Pages/Form 1/Industry Address2'

2019-01-08 19:20:39 - [TEST_STEP][PASSED] - setText: Text 'perkeso3' is set on object 'Object Repository/Final Object Repo/New Registration - Registration Module Pages/Form 1/Industry Address3'

2019-01-08 19:20:39 - [MESSAGE][PASSED] - Text 'perkeso3' is set on object 'Object Repository/Final Object Repo/New Registration - Registration Module Pages/Form 1/Industry Address3'

2019-01-08 19:20:39 - [TEST_STEP][PASSED] - click: Object: 'Object Repository/Final Object Repo/New Registration - Registration Module Pages/Form 1/Industry State' is clicked on

2019-01-08 19:20:40 - [MESSAGE][PASSED] - Object: 'Object Repository/Final Object Repo/New Registration - Registration Module Pages/Form 1/Industry State' is clicked on

2019-01-08 19:20:40 - [TEST_STEP][PASSED] - delay: Delayed 2 second(s)

2019-01-08 19:20:42 - [MESSAGE][PASSED] - Delayed 2 second(s)

2019-01-08 19:20:42 - [TEST_STEP][PASSED] - click: Object: 'Object Repository/Final Object Repo/New Registration - Registration Module Pages/Form 1/Industry State - Johor' is clicked on

2019-01-08 19:20:42 - [MESSAGE][PASSED] - Object: 'Object Repository/Final Object Repo/New Registration - Registration Module Pages/Form 1/Industry State - Johor' is clicked on

2019-01-08 19:20:42 - [TEST_STEP][PASSED] - delay: Delayed 2 second(s)

2019-01-08 19:20:44 - [MESSAGE][PASSED] - Delayed 2 second(s)

2019-01-08 19:20:44 - [TEST_STEP][PASSED] - click: Object: 'Object Repository/Final Object Repo/New Registration - Registration Module Pages/Form 1/Industry Ciry' is clicked on

2019-01-08 19:20:44 - [MESSAGE][PASSED] - Object: 'Object Repository/Final Object Repo/New Registration - Registration Module Pages/Form 1/Industry Ciry' is clicked on

2019-01-08 19:20:44 - [TEST_STEP][PASSED] - setText: Text 'joh' is set on object 'Object Repository/Final Object Repo/New Registration - Registration Module Pages/Form 1/Industry Ciry - joh'

2019-01-08 19:20:44 - [MESSAGE][PASSED] - Text 'joh' is set on object 'Object Repository/Final Object Repo/New Registration - Registration Module Pages/Form 1/Industry Ciry - joh'

2019-01-08 19:20:44 - [TEST_STEP][PASSED] - delay: Delayed 2 second(s)

2019-01-08 19:20:46 - [MESSAGE][PASSED] - Delayed 2 second(s)

2019-01-08 19:20:46 - [TEST_STEP][PASSED] - click: Object: 'Object Repository/Final Object Repo/New Registration - Registration Module Pages/Form 1/Industy State - Johor Bharu' is clicked on

2019-01-08 19:20:46 - [MESSAGE][PASSED] - Object: 'Object Repository/Final Object Repo/New Registration - Registration Module Pages/Form 1/Industy State - Johor Bharu' is clicked on

2019-01-08 19:20:46 - [TEST_STEP][PASSED] - delay: Delayed 1 second(s)

2019-01-08 19:20:47 - [MESSAGE][PASSED] - Delayed 1 second(s)

2019-01-08 19:20:47 - [TEST_STEP][PASSED] - click: Object: 'Object Repository/Final Object Repo/New Registration - Registration Module Pages/Form 1/Indusry PostCode' is clicked on

2019-01-08 19:20:48 - [MESSAGE][PASSED] - Object: 'Object Repository/Final Object Repo/New Registration - Registration Module Pages/Form 1/Indusry PostCode' is clicked on

2019-01-08 19:20:48 - [TEST_STEP][PASSED] - delay: Delayed 1 second(s)

2019-01-08 19:20:49 - [MESSAGE][PASSED] - Delayed 1 second(s)

2019-01-08 19:20:49 - [TEST_STEP][PASSED] - setText: Text '810' is set on object 'Object Repository/Final Object Repo/New Registration - Registration Module Pages/Form 1/Insutry Post Code - 810'

2019-01-08 19:20:49 - [MESSAGE][PASSED] - Text '810' is set on object 'Object Repository/Final Object Repo/New Registration - Registration Module Pages/Form 1/Insutry Post Code - 810'

2019-01-08 19:20:49 - [TEST_STEP][PASSED] - delay: Delayed 1 second(s)

2019-01-08 19:20:50 - [MESSAGE][PASSED] - Delayed 1 second(s)

2019-01-08 19:20:50 - [TEST_STEP][PASSED] - click: Object: 'Object Repository/Final Object Repo/New Registration - Registration Module Pages/Form 1/Insutry Post Code - 81000' is clicked on

2019-01-08 19:20:50 - [MESSAGE][PASSED] - Object: 'Object Repository/Final Object Repo/New Registration - Registration Module Pages/Form 1/Insutry Post Code - 81000' is clicked on

2019-01-08 19:20:50 - [TEST_STEP][PASSED] - delay: Delayed 1 second(s)

2019-01-08 19:20:51 - [MESSAGE][PASSED] - Delayed 1 second(s)

2019-01-08 19:20:51 - [TEST_STEP][PASSED] - setText: Text '100' is set on object 'Object Repository/Final Object Repo/New Registration - Registration Module Pages/Form 1/Industry P.O.BOX'

2019-01-08 19:20:51 - [MESSAGE][PASSED] - Text '100' is set on object 'Object Repository/Final Object Repo/New Registration - Registration Module Pages/Form 1/Industry P.O.BOX'

2019-01-08 19:20:51 - [TEST_STEP][PASSED] - setText: Text '100' is set on object 'Object Repository/Final Object Repo/New Registration - Registration Module Pages/Form 1/Industry Locked Bag No'

2019-01-08 19:20:52 - [MESSAGE][PASSED] - Text '100' is set on object 'Object Repository/Final Object Repo/New Registration - Registration Module Pages/Form 1/Industry Locked Bag No'

2019-01-08 19:20:52 - [TEST_STEP][PASSED] - setText: Text '123456789' is set on object 'Object Repository/Final Object Repo/New Registration - Registration Module Pages/Form 1/Telephone No'

2019-01-08 19:20:52 - [MESSAGE][PASSED] - Text '123456789' is set on object 'Object Repository/Final Object Repo/New Registration - Registration Module Pages/Form 1/Telephone No'

2019-01-08 19:20:52 - [TEST_STEP][PASSED] - setText: Text '123456789' is set on object 'Object Repository/Final Object Repo/New Registration - Registration Module Pages/Form 1/Mobile No'

2019-01-08 19:20:52 - [MESSAGE][PASSED] - Text '123456789' is set on object 'Object Repository/Final Object Repo/New Registration - Registration Module Pages/Form 1/Mobile No'

2019-01-08 19:20:52 - [TEST_STEP][PASSED] - setText: Text '123456789' is set on object 'Object Repository/Final Object Repo/New Registration - Registration Module Pages/Form 1/Fax No'

2019-01-08 19:20:53 - [MESSAGE][PASSED] - Text '123456789' is set on object 'Object Repository/Final Object Repo/New Registration - Registration Module Pages/Form 1/Fax No'

2019-01-08 19:20:53 - [TEST_STEP][PASSED] - click: Object: 'Object Repository/Final Object Repo/New Registration - Registration Module Pages/Form 1/Industry Code' is clicked on

2019-01-08 19:20:53 - [MESSAGE][PASSED] - Object: 'Object Repository/Final Object Repo/New Registration - Registration Module Pages/Form 1/Industry Code' is clicked on

2019-01-08 19:20:53 - [TEST_STEP][PASSED] - click: Object: 'Object Repository/Final Object Repo/New Registration - Registration Module Pages/Form 1/Indudustry Code - Crops and Animal' is clicked on

2019-01-08 19:20:53 - [MESSAGE][PASSED] - Object: 'Object Repository/Final Object Repo/New Registration - Registration Module Pages/Form 1/Indudustry Code - Crops and Animal' is clicked on

2019-01-08 19:20:53 - [TEST_STEP][PASSED] - delay: Delayed 1 second(s)

2019-01-08 19:20:54 - [MESSAGE][PASSED] - Delayed 1 second(s)

2019-01-08 19:20:54 - [TEST_STEP][PASSED] - click: Object: 'Object Repository/Final Object Repo/New Registration - Registration Module Pages/Form 1/Sub Industry Code List' is clicked on

2019-01-08 19:20:54 - [MESSAGE][PASSED] - Object: 'Object Repository/Final Object Repo/New Registration - Registration Module Pages/Form 1/Sub Industry Code List' is clicked on

2019-01-08 19:20:54 - [TEST_STEP][PASSED] - click: Object: 'Object Repository/Final Object Repo/New Registration - Registration Module Pages/Form 1/Sub Industry Code List - Growing of Maize' is clicked on

2019-01-08 19:20:55 - [MESSAGE][PASSED] - Object: 'Object Repository/Final Object Repo/New Registration - Registration Module Pages/Form 1/Sub Industry Code List - Growing of Maize' is clicked on

2019-01-08 19:20:55 - [TEST_STEP][PASSED] - setText: Text 'perkeso123@gmail.com' is set on object 'Object Repository/Final Object Repo/New Registration - Registration Module Pages/Form 1/Email'

2019-01-08 19:20:55 - [MESSAGE][PASSED] - Text 'perkeso123@gmail.com' is set on object 'Object Repository/Final Object Repo/New Registration - Registration Module Pages/Form 1/Email'

2019-01-08 19:20:55 - [TEST_STEP][PASSED] - click: Object: 'Object Repository/Final Object Repo/New Registration - Registration Module Pages/Form 1/Method of Contribution Payment' is clicked on

2019-01-08 19:20:55 - [MESSAGE][PASSED] - Object: 'Object Repository/Final Object Repo/New Registration - Registration Module Pages/Form 1/Method of Contribution Payment' is clicked on

2019-01-08 19:20:55 - [TEST_STEP][PASSED] - click: Object: 'Object Repository/Final Object Repo/New Registration - Registration Module Pages/Form 1/Method of Contribution Payment - Portal' is clicked on

2019-01-08 19:20:56 - [MESSAGE][PASSED] - Object: 'Object Repository/Final Object Repo/New Registration - Registration Module Pages/Form 1/Method of Contribution Payment - Portal' is clicked on

2019-01-08 19:20:56 - [TEST_STEP][PASSED] - click: Object: 'Object Repository/Final Object Repo/New Registration - Registration Module Pages/Form 1/Servide Type' is clicked on

2019-01-08 19:20:56 - [MESSAGE][PASSED] - Object: 'Object Repository/Final Object Repo/New Registration - Registration Module Pages/Form 1/Servide Type' is clicked on

2019-01-08 19:20:56 - [TEST_STEP][PASSED] - click: Object: 'Object Repository/Final Object Repo/New Registration - Registration Module Pages/Form 1/Servide Type - Professional Bodies' is clicked on

2019-01-08 19:20:56 - [MESSAGE][PASSED] - Object: 'Object Repository/Final Object Repo/New Registration - Registration Module Pages/Form 1/Servide Type - Professional Bodies' is clicked on

2019-01-08 19:20:56 - [TEST_STEP][PASSED] - click: Object: 'Object Repository/Final Object Repo/New Registration - Registration Module Pages/Form 1/Industry Venue' is clicked on

2019-01-08 19:20:56 - [MESSAGE][PASSED] - Object: 'Object Repository/Final Object Repo/New Registration - Registration Module Pages/Form 1/Industry Venue' is clicked on

2019-01-08 19:20:56 - [TEST_STEP][PASSED] - click: Object: 'Object Repository/Final Object Repo/New Registration - Registration Module Pages/Form 1/Industry Venue -  PPN JOHOR' is clicked on

2019-01-08 19:20:56 - [MESSAGE][PASSED] - Object: 'Object Repository/Final Object Repo/New Registration - Registration Module Pages/Form 1/Industry Venue -  PPN JOHOR' is clicked on

2019-01-08 19:20:56 - [TEST_STEP][PASSED] - click: Object: 'Object Repository/Final Object Repo/New Registration - Registration Module Pages/Form 1/Save  Continue' is clicked on

2019-01-08 19:20:57 - [MESSAGE][PASSED] - Object: 'Object Repository/Final Object Repo/New Registration - Registration Module Pages/Form 1/Save  Continue' is clicked on

2019-01-08 19:20:57 - [MESSAGE][PASSED] - Call Test Case 'Test Cases/Final Aug 2018 - PKS Automation/Registration Module/New Registration/Form 1/Form 1 - Other - Federal Government Agency' successfully

2019-01-08 19:20:57 - [TEST_STEP][PASSED] - callTestCase: Call Test Case 'Test Cases/Final Aug 2018 - PKS Automation/Registration Module/New Registration/Form 2/Add 2 Not Eligible - No 3rd Screen' successfully

2019-01-08 19:20:57 - [TEST_CASE][PASSED] - Test Cases/Final Aug 2018 - PKS Automation/Registration Module/New Registration/Form 2/Add 2 Not Eligible - No 3rd Screen: Test Cases/Final Aug 2018 - PKS Automation/Registration Module/New Registration/Form 2/Add 2 Not Eligible - No 3rd Screen

2019-01-08 19:20:57 - [TEST_STEP][PASSED] - delay: Delayed 2 second(s)

2019-01-08 19:20:59 - [MESSAGE][PASSED] - Delayed 2 second(s)

2019-01-08 19:20:59 - [TEST_STEP][PASSED] - callTestCase: Call Test Case 'Test Cases/Final Aug 2018 - PKS Automation/Registration Module/New Registration/Form 2/Date Updater' successfully

2019-01-08 19:20:59 - [TEST_CASE][PASSED] - Test Cases/Final Aug 2018 - PKS Automation/Registration Module/New Registration/Form 2/Date Updater: Test Cases/Final Aug 2018 - PKS Automation/Registration Module/New Registration/Form 2/Date Updater

2019-01-08 19:20:59 - [TEST_STEP][PASSED] - Statement - TodayDate = new java.util.Date(): null

2019-01-08 19:20:59 - [TEST_STEP][PASSED] - Statement - CurrentDateNoFilter = new java.text.SimpleDateFormat(): null

2019-01-08 19:20:59 - [TEST_STEP][PASSED] - Statement - CurrentDateNoFilter.applyPattern("MM"): null

2019-01-08 19:20:59 - [TEST_STEP][PASSED] - Statement - monthContainerMatcher = java.lang.Integer.parseInt(CurrentDateNoFilter.format(TodayDate)): null

2019-01-08 19:20:59 - [TEST_STEP][PASSED] - Statement - monthContainerMatcher = monthContainerMatcher - 1: null

2019-01-08 19:20:59 - [TEST_STEP][PASSED] - Statement - CurrentMonth = monthContainerMatcher.toString(): null

2019-01-08 19:20:59 - [TEST_STEP][PASSED] - Statement - CurrentMonth = CurrentMonth: null

2019-01-08 19:20:59 - [TEST_STEP][PASSED] - Statement - CurrentDateNoFilter.applyPattern("yyyy"): null

2019-01-08 19:20:59 - [TEST_STEP][PASSED] - Statement - CurrentYear = CurrentDateNoFilter.format(TodayDate): null

2019-01-08 19:20:59 - [TEST_STEP][PASSED] - Statement - CurrentYear = CurrentYear: null

2019-01-08 19:20:59 - [TEST_STEP][PASSED] - Statement - intCurrentYear = java.lang.Integer.parseInt(CurrentDateNoFilter.format(TodayDate)): null

2019-01-08 19:20:59 - [TEST_STEP][PASSED] - Statement - eighteenYrsAgo = intCurrentYear - 18: null

2019-01-08 19:20:59 - [TEST_STEP][PASSED] - Statement - eighteenYrsBeforeThisYr = eighteenYrsAgo.toString(): null

2019-01-08 19:20:59 - [TEST_STEP][PASSED] - Statement - EighteenYrsBefore = eighteenYrsBeforeThisYr: null

2019-01-08 19:20:59 - [TEST_STEP][PASSED] - Statement - fiftysevenYrsAgo = intCurrentYear - 57: null

2019-01-08 19:20:59 - [TEST_STEP][PASSED] - Statement - fiftysevenYrsBeforeThisYr = fiftysevenYrsAgo.toString(): null

2019-01-08 19:20:59 - [TEST_STEP][PASSED] - Statement - FiftysevenYrsBefore = fiftysevenYrsBeforeThisYr: null

2019-01-08 19:20:59 - [TEST_STEP][PASSED] - Statement - leapYear = false: null

2019-01-08 19:20:59 - [TEST_STEP][PASSED] - Statement - leapYear = intCurrentYear % 4 == 0: null

2019-01-08 19:20:59 - [TEST_STEP][PASSED] - Statement - CurrentDateNoFilter.applyPattern("dd"): null

2019-01-08 19:20:59 - [TEST_STEP][PASSED] - Statement - CurrentDate = CurrentDateNoFilter.format(TodayDate): null

2019-01-08 19:20:59 - [TEST_STEP][PASSED] - Statement - CurrentDate = java.lang.Integer.parseInt(CurrentDate): null

2019-01-08 19:20:59 - [TEST_STEP][PASSED] - Statement - CurrentDate = CurrentDate: null

2019-01-08 19:20:59 - [TEST_STEP][PASSED] - Statement - CurrentDay = java.lang.Integer.parseInt(CurrentDate): null

2019-01-08 19:20:59 - [TEST_STEP][PASSED] - Statement - ConfAdder = <not implemented yet for class: org.codehaus.groovy.ast.expr.EmptyExpression>: null

2019-01-08 19:20:59 - [TEST_STEP][PASSED] - Statement - out.println(CurrentMonth): null

2019-01-08 19:20:59 - [TEST_STEP][PASSED] - Statement - out.println(CurrentDate): null

2019-01-08 19:20:59 - [TEST_STEP][PASSED] - Statement - switch (CurrentDate): null

2019-01-08 19:20:59 - [TEST_STEP][PASSED] - Statement - Default: null

2019-01-08 19:20:59 - [TEST_STEP][PASSED] - Statement - ConfAdder = true: null

2019-01-08 19:20:59 - [TEST_STEP][PASSED] - Statement - Break: null

2019-01-08 19:20:59 - [TEST_STEP][PASSED] - Statement - aDayBefore = <not implemented yet for class: org.codehaus.groovy.ast.expr.EmptyExpression>: null

2019-01-08 19:20:59 - [TEST_STEP][PASSED] - Statement - out.println(ConfAdder): null

2019-01-08 19:20:59 - [TEST_STEP][PASSED] - Statement - If (ConfAdder == true): null

2019-01-08 19:20:59 - [TEST_STEP][PASSED] - Statement - aDayBefore = CurrentDay + 1: null

2019-01-08 19:20:59 - [TEST_STEP][PASSED] - Statement - out.println(aDayBefore): null

2019-01-08 19:20:59 - [TEST_STEP][PASSED] - Statement - If (aDayBefore == 1 && CurrentMonth == 11): null

2019-01-08 19:20:59 - [TEST_STEP][PASSED] - Statement - DayBefore = aDayBefore.toString(): null

2019-01-08 19:20:59 - [TEST_STEP][PASSED] - Statement - OneDayBefore = DayBefore: null

2019-01-08 19:20:59 - [MESSAGE][PASSED] - Call Test Case 'Test Cases/Final Aug 2018 - PKS Automation/Registration Module/New Registration/Form 2/Date Updater' successfully

2019-01-08 19:20:59 - [TEST_STEP][PASSED] - Statement - CaseReferenceNo = com.kms.katalon.core.webui.keyword.WebUiBuiltInKeywords.getText(com.kms.katalon.core.testobject.ObjectRepository.findTestObject(Final Object Repo/New Registration - Registration Module Pages/Form 2/RefNo Acquiring)): Text of object 'Object Repository/Final Object Repo/New Registration - Registration Module Pages/Form 2/RefNo Acquiring' is: 'CRN01201900123657'

2019-01-08 19:20:59 - [MESSAGE][PASSED] - Text of object 'Object Repository/Final Object Repo/New Registration - Registration Module Pages/Form 2/RefNo Acquiring' is: 'CRN01201900123657'

2019-01-08 19:20:59 - [TEST_STEP][PASSED] - delay: Delayed 6 second(s)

2019-01-08 19:21:05 - [MESSAGE][PASSED] - Delayed 6 second(s)

2019-01-08 19:21:05 - [TEST_STEP][PASSED] - click: Object: 'Object Repository/Final Object Repo/New Registration - Registration Module Pages/Form 2/Add Employee Button' is clicked on

2019-01-08 19:21:05 - [MESSAGE][PASSED] - Object: 'Object Repository/Final Object Repo/New Registration - Registration Module Pages/Form 2/Add Employee Button' is clicked on

2019-01-08 19:21:05 - [TEST_STEP][PASSED] - delay: Delayed 4 second(s)

2019-01-08 19:21:09 - [MESSAGE][PASSED] - Delayed 4 second(s)

2019-01-08 19:21:09 - [TEST_STEP][PASSED] - setText: Text '000209039189' is set on object 'Object Repository/Final Object Repo/New Registration - Registration Module Pages/Form 2/NRIC Input'

2019-01-08 19:21:10 - [MESSAGE][PASSED] - Text '000209039189' is set on object 'Object Repository/Final Object Repo/New Registration - Registration Module Pages/Form 2/NRIC Input'

2019-01-08 19:21:10 - [TEST_STEP][PASSED] - click: Object: 'Object Repository/Final Object Repo/New Registration - Registration Module Pages/Form 2/button for search for IC' is clicked on

2019-01-08 19:21:10 - [MESSAGE][PASSED] - Object: 'Object Repository/Final Object Repo/New Registration - Registration Module Pages/Form 2/button for search for IC' is clicked on

2019-01-08 19:21:10 - [TEST_STEP][PASSED] - delay: Delayed 2 second(s)

2019-01-08 19:21:12 - [MESSAGE][PASSED] - Delayed 2 second(s)

2019-01-08 19:21:12 - [TEST_STEP][PASSED] - setText: Text 'Automate001 not eligible 1' is set on object 'Object Repository/Final Object Repo/New Registration - Registration Module Pages/Form 2/Employee Name Input'

2019-01-08 19:21:12 - [MESSAGE][PASSED] - Text 'Automate001 not eligible 1' is set on object 'Object Repository/Final Object Repo/New Registration - Registration Module Pages/Form 2/Employee Name Input'

2019-01-08 19:21:12 - [TEST_STEP][PASSED] - delay: Delayed 2 second(s)

2019-01-08 19:21:14 - [MESSAGE][PASSED] - Delayed 2 second(s)

2019-01-08 19:21:14 - [TEST_STEP][PASSED] - click: Object: 'Object Repository/Final Object Repo/New Registration - Registration Module Pages/Form 2/DatePicker Pop Up' is clicked on

2019-01-08 19:21:15 - [MESSAGE][PASSED] - Object: 'Object Repository/Final Object Repo/New Registration - Registration Module Pages/Form 2/DatePicker Pop Up' is clicked on

2019-01-08 19:21:15 - [TEST_STEP][PASSED] - click: Object: 'Object Repository/Final Object Repo/New Registration - Registration Module Pages/Form 2/DOB Month' is clicked on

2019-01-08 19:21:15 - [MESSAGE][PASSED] - Object: 'Object Repository/Final Object Repo/New Registration - Registration Module Pages/Form 2/DOB Month' is clicked on

2019-01-08 19:21:15 - [TEST_STEP][PASSED] - Statement - CurrentMonth = CurrentMonth: null

2019-01-08 19:21:15 - [TEST_STEP][PASSED] - Statement - selectMonth = new com.kms.katalon.core.testobject.TestObject(): null

2019-01-08 19:21:15 - [TEST_STEP][PASSED] - Statement - selectMonth.addProperty("xpath", EQUALS, "//body/div/div/div/select/option[@value='" + CurrentMonth + "']", true): null

2019-01-08 19:21:15 - [TEST_STEP][PASSED] - click: Object: '' is clicked on

2019-01-08 19:21:15 - [MESSAGE][PASSED] - Object: '' is clicked on

2019-01-08 19:21:15 - [TEST_STEP][PASSED] - delay: Delayed 2 second(s)

2019-01-08 19:21:17 - [MESSAGE][PASSED] - Delayed 2 second(s)

2019-01-08 19:21:17 - [TEST_STEP][PASSED] - click: Object: 'Object Repository/Final Object Repo/New Registration - Registration Module Pages/Form 2/DOB Year' is clicked on

2019-01-08 19:21:17 - [MESSAGE][PASSED] - Object: 'Object Repository/Final Object Repo/New Registration - Registration Module Pages/Form 2/DOB Year' is clicked on

2019-01-08 19:21:17 - [TEST_STEP][PASSED] - Statement - Eyearsbf = EighteenYrsBefore: null

2019-01-08 19:21:17 - [TEST_STEP][PASSED] - Statement - selectYear = new com.kms.katalon.core.testobject.TestObject(): null

2019-01-08 19:21:17 - [TEST_STEP][PASSED] - Statement - selectYear.addProperty("xpath", EQUALS, "//div/div/div/select/option[@value='" + Eyearsbf + "']", true): null

2019-01-08 19:21:17 - [TEST_STEP][PASSED] - click: Object: '' is clicked on

2019-01-08 19:21:17 - [MESSAGE][PASSED] - Object: '' is clicked on

2019-01-08 19:21:17 - [TEST_STEP][PASSED] - delay: Delayed 3 second(s)

2019-01-08 19:21:20 - [MESSAGE][PASSED] - Delayed 3 second(s)

2019-01-08 19:21:20 - [TEST_STEP][PASSED] - Statement - UpdatedSelectDate = com.kms.katalon.core.webui.keyword.WebUiBuiltInKeywords.modifyObjectProperty(com.kms.katalon.core.testobject.ObjectRepository.findTestObject(Final Object Repo/New Registration - Registration Module Pages/Form 2/DOB Date), "xpath", "equals", "//body/div/table/tbody/tr/td/a[text()="" + OneDayBefore + ""]", true): Modify property of object successfully

2019-01-08 19:21:20 - [MESSAGE][PASSED] - Modify property of object successfully

2019-01-08 19:21:20 - [TEST_STEP][PASSED] - delay: Delayed 3 second(s)

2019-01-08 19:21:23 - [MESSAGE][PASSED] - Delayed 3 second(s)

2019-01-08 19:21:23 - [TEST_STEP][PASSED] - click: Object: 'Object Repository/Final Object Repo/New Registration - Registration Module Pages/Form 2/DOB Date' is clicked on

2019-01-08 19:21:23 - [MESSAGE][PASSED] - Object: 'Object Repository/Final Object Repo/New Registration - Registration Module Pages/Form 2/DOB Date' is clicked on

2019-01-08 19:21:23 - [TEST_STEP][PASSED] - delay: Delayed 2 second(s)

2019-01-08 19:21:25 - [MESSAGE][PASSED] - Delayed 2 second(s)

2019-01-08 19:21:25 - [TEST_STEP][PASSED] - click: Object: 'Object Repository/Final Object Repo/New Registration - Registration Module Pages/Form 2/EmploymentStartDate Pop Up' is clicked on

2019-01-08 19:21:25 - [MESSAGE][PASSED] - Object: 'Object Repository/Final Object Repo/New Registration - Registration Module Pages/Form 2/EmploymentStartDate Pop Up' is clicked on

2019-01-08 19:21:25 - [TEST_STEP][PASSED] - delay: Delayed 2 second(s)

2019-01-08 19:21:27 - [MESSAGE][PASSED] - Delayed 2 second(s)

2019-01-08 19:21:27 - [TEST_STEP][PASSED] - click: Object: 'Object Repository/Final Object Repo/New Registration - Registration Module Pages/Form 2/Socso Employment StartDate Month' is clicked on

2019-01-08 19:21:28 - [MESSAGE][PASSED] - Object: 'Object Repository/Final Object Repo/New Registration - Registration Module Pages/Form 2/Socso Employment StartDate Month' is clicked on

2019-01-08 19:21:28 - [TEST_STEP][PASSED] - delay: Delayed 1 second(s)

2019-01-08 19:21:29 - [MESSAGE][PASSED] - Delayed 1 second(s)

2019-01-08 19:21:29 - [TEST_STEP][PASSED] - click: Object: 'Object Repository/Final Object Repo/New Registration - Registration Module Pages/Form 2/Select Socso Employement Startdate Month' is clicked on

2019-01-08 19:21:29 - [MESSAGE][PASSED] - Object: 'Object Repository/Final Object Repo/New Registration - Registration Module Pages/Form 2/Select Socso Employement Startdate Month' is clicked on

2019-01-08 19:21:29 - [TEST_STEP][PASSED] - delay: Delayed 2 second(s)

2019-01-08 19:21:31 - [MESSAGE][PASSED] - Delayed 2 second(s)

2019-01-08 19:21:31 - [TEST_STEP][PASSED] - click: Object: 'Object Repository/Final Object Repo/New Registration - Registration Module Pages/Form 2/Socso Employment StartDate Year' is clicked on

2019-01-08 19:21:31 - [MESSAGE][PASSED] - Object: 'Object Repository/Final Object Repo/New Registration - Registration Module Pages/Form 2/Socso Employment StartDate Year' is clicked on

2019-01-08 19:21:31 - [TEST_STEP][PASSED] - delay: Delayed 1 second(s)

2019-01-08 19:21:32 - [MESSAGE][PASSED] - Delayed 1 second(s)

2019-01-08 19:21:32 - [TEST_STEP][PASSED] - click: Object: 'Object Repository/Final Object Repo/New Registration - Registration Module Pages/Form 2/Select Socso Employment Startdate Year' is clicked on

2019-01-08 19:21:32 - [MESSAGE][PASSED] - Object: 'Object Repository/Final Object Repo/New Registration - Registration Module Pages/Form 2/Select Socso Employment Startdate Year' is clicked on

2019-01-08 19:21:32 - [TEST_STEP][PASSED] - delay: Delayed 2 second(s)

2019-01-08 19:21:34 - [MESSAGE][PASSED] - Delayed 2 second(s)

2019-01-08 19:21:34 - [TEST_STEP][PASSED] - click: Object: 'Object Repository/Final Object Repo/New Registration - Registration Module Pages/Form 2/Socso Employment Start Date Day' is clicked on

2019-01-08 19:21:34 - [MESSAGE][PASSED] - Object: 'Object Repository/Final Object Repo/New Registration - Registration Module Pages/Form 2/Socso Employment Start Date Day' is clicked on

2019-01-08 19:21:34 - [TEST_STEP][PASSED] - delay: Delayed 2 second(s)

2019-01-08 19:21:36 - [MESSAGE][PASSED] - Delayed 2 second(s)

2019-01-08 19:21:36 - [TEST_STEP][PASSED] - click: Object: 'Object Repository/Final Object Repo/New Registration - Registration Module Pages/Form 2/Save Button for Add Employee' is clicked on

2019-01-08 19:21:36 - [MESSAGE][PASSED] - Object: 'Object Repository/Final Object Repo/New Registration - Registration Module Pages/Form 2/Save Button for Add Employee' is clicked on

2019-01-08 19:21:36 - [TEST_STEP][PASSED] - delay: Delayed 6 second(s)

2019-01-08 19:21:42 - [MESSAGE][PASSED] - Delayed 6 second(s)

2019-01-08 19:21:42 - [TEST_STEP][PASSED] - click: Object: 'Object Repository/Final Object Repo/New Registration - Registration Module Pages/Form 2/Add Employee Button' is clicked on

2019-01-08 19:21:43 - [MESSAGE][PASSED] - Object: 'Object Repository/Final Object Repo/New Registration - Registration Module Pages/Form 2/Add Employee Button' is clicked on

2019-01-08 19:21:43 - [TEST_STEP][PASSED] - delay: Delayed 4 second(s)

2019-01-08 19:21:47 - [MESSAGE][PASSED] - Delayed 4 second(s)

2019-01-08 19:21:47 - [TEST_STEP][PASSED] - setText: Text '600203039194' is set on object 'Object Repository/Final Object Repo/New Registration - Registration Module Pages/Form 2/NRIC Input'

2019-01-08 19:21:47 - [MESSAGE][PASSED] - Text '600203039194' is set on object 'Object Repository/Final Object Repo/New Registration - Registration Module Pages/Form 2/NRIC Input'

2019-01-08 19:21:47 - [TEST_STEP][PASSED] - click: Object: 'Object Repository/Final Object Repo/New Registration - Registration Module Pages/Form 2/button for search for IC' is clicked on

2019-01-08 19:21:47 - [MESSAGE][PASSED] - Object: 'Object Repository/Final Object Repo/New Registration - Registration Module Pages/Form 2/button for search for IC' is clicked on

2019-01-08 19:21:47 - [TEST_STEP][PASSED] - delay: Delayed 2 second(s)

2019-01-08 19:21:49 - [MESSAGE][PASSED] - Delayed 2 second(s)

2019-01-08 19:21:49 - [TEST_STEP][PASSED] - setText: Text 'Automate001 not eligible 2' is set on object 'Object Repository/Final Object Repo/New Registration - Registration Module Pages/Form 2/Employee Name Input'

2019-01-08 19:21:50 - [MESSAGE][PASSED] - Text 'Automate001 not eligible 2' is set on object 'Object Repository/Final Object Repo/New Registration - Registration Module Pages/Form 2/Employee Name Input'

2019-01-08 19:21:50 - [TEST_STEP][PASSED] - delay: Delayed 2 second(s)

2019-01-08 19:21:52 - [MESSAGE][PASSED] - Delayed 2 second(s)

2019-01-08 19:21:52 - [TEST_STEP][PASSED] - click: Object: 'Object Repository/Final Object Repo/New Registration - Registration Module Pages/Form 2/DatePicker Pop Up' is clicked on

2019-01-08 19:21:52 - [MESSAGE][PASSED] - Object: 'Object Repository/Final Object Repo/New Registration - Registration Module Pages/Form 2/DatePicker Pop Up' is clicked on

2019-01-08 19:21:52 - [TEST_STEP][PASSED] - delay: Delayed 1 second(s)

2019-01-08 19:21:53 - [MESSAGE][PASSED] - Delayed 1 second(s)

2019-01-08 19:21:53 - [TEST_STEP][PASSED] - click: Object: 'Object Repository/Final Object Repo/New Registration - Registration Module Pages/Form 2/DOB Month' is clicked on

2019-01-08 19:21:53 - [MESSAGE][PASSED] - Object: 'Object Repository/Final Object Repo/New Registration - Registration Module Pages/Form 2/DOB Month' is clicked on

2019-01-08 19:21:53 - [TEST_STEP][PASSED] - Statement - selectMonth = com.kms.katalon.core.webui.keyword.WebUiBuiltInKeywords.modifyObjectProperty(selectMonth, "xpath", "equals", "//body/div/div/div/select/option[@value="" + CurrentMonth + ""]", true): Modify property of object successfully

2019-01-08 19:21:53 - [MESSAGE][PASSED] - Modify property of object successfully

2019-01-08 19:21:53 - [TEST_STEP][PASSED] - click: Object: '' is clicked on

2019-01-08 19:21:53 - [MESSAGE][PASSED] - Object: '' is clicked on

2019-01-08 19:21:53 - [TEST_STEP][PASSED] - click: Object: 'Object Repository/Final Object Repo/New Registration - Registration Module Pages/Form 2/DOB Year' is clicked on

2019-01-08 19:21:53 - [MESSAGE][PASSED] - Object: 'Object Repository/Final Object Repo/New Registration - Registration Module Pages/Form 2/DOB Year' is clicked on

2019-01-08 19:21:53 - [TEST_STEP][PASSED] - Statement - selectYear = com.kms.katalon.core.webui.keyword.WebUiBuiltInKeywords.modifyObjectProperty(selectYear, "xpath", "equals", "//div/div/div/select/option[@value="" + FiftysevenYrsBefore + ""]", true): Modify property of object successfully

2019-01-08 19:21:53 - [MESSAGE][PASSED] - Modify property of object successfully

2019-01-08 19:21:53 - [TEST_STEP][PASSED] - click: Object: '' is clicked on

2019-01-08 19:21:53 - [MESSAGE][PASSED] - Object: '' is clicked on

2019-01-08 19:21:53 - [TEST_STEP][PASSED] - Statement - UpdatedSelectDate = com.kms.katalon.core.webui.keyword.WebUiBuiltInKeywords.modifyObjectProperty(com.kms.katalon.core.testobject.ObjectRepository.findTestObject(Final Object Repo/New Registration - Registration Module Pages/Form 2/DOB Date), "xpath", "equals", "//body/div/table/tbody/tr/td/a[text()="" + CurrentDate + ""]", true): Modify property of object successfully

2019-01-08 19:21:53 - [MESSAGE][PASSED] - Modify property of object successfully

2019-01-08 19:21:53 - [TEST_STEP][PASSED] - delay: Delayed 3 second(s)

2019-01-08 19:21:56 - [MESSAGE][PASSED] - Delayed 3 second(s)

2019-01-08 19:21:56 - [TEST_STEP][PASSED] - click: Object: 'Object Repository/Final Object Repo/New Registration - Registration Module Pages/Form 2/DOB Date' is clicked on

2019-01-08 19:21:57 - [MESSAGE][PASSED] - Object: 'Object Repository/Final Object Repo/New Registration - Registration Module Pages/Form 2/DOB Date' is clicked on

2019-01-08 19:21:57 - [TEST_STEP][PASSED] - delay: Delayed 2 second(s)

2019-01-08 19:21:59 - [MESSAGE][PASSED] - Delayed 2 second(s)

2019-01-08 19:21:59 - [TEST_STEP][PASSED] - click: Object: 'Object Repository/Final Object Repo/New Registration - Registration Module Pages/Form 2/EmploymentStartDate Pop Up' is clicked on

2019-01-08 19:21:59 - [MESSAGE][PASSED] - Object: 'Object Repository/Final Object Repo/New Registration - Registration Module Pages/Form 2/EmploymentStartDate Pop Up' is clicked on

2019-01-08 19:21:59 - [TEST_STEP][PASSED] - delay: Delayed 2 second(s)

2019-01-08 19:22:01 - [MESSAGE][PASSED] - Delayed 2 second(s)

2019-01-08 19:22:01 - [TEST_STEP][PASSED] - click: Object: 'Object Repository/Final Object Repo/New Registration - Registration Module Pages/Form 2/Socso Employment StartDate Month' is clicked on

2019-01-08 19:22:01 - [MESSAGE][PASSED] - Object: 'Object Repository/Final Object Repo/New Registration - Registration Module Pages/Form 2/Socso Employment StartDate Month' is clicked on

2019-01-08 19:22:01 - [TEST_STEP][PASSED] - delay: Delayed 1 second(s)

2019-01-08 19:22:02 - [MESSAGE][PASSED] - Delayed 1 second(s)

2019-01-08 19:22:02 - [TEST_STEP][PASSED] - click: Object: 'Object Repository/Final Object Repo/New Registration - Registration Module Pages/Form 2/Select Socso Employement Startdate Month' is clicked on

2019-01-08 19:22:02 - [MESSAGE][PASSED] - Object: 'Object Repository/Final Object Repo/New Registration - Registration Module Pages/Form 2/Select Socso Employement Startdate Month' is clicked on

2019-01-08 19:22:02 - [TEST_STEP][PASSED] - delay: Delayed 2 second(s)

2019-01-08 19:22:04 - [MESSAGE][PASSED] - Delayed 2 second(s)

2019-01-08 19:22:04 - [TEST_STEP][PASSED] - click: Object: 'Object Repository/Final Object Repo/New Registration - Registration Module Pages/Form 2/Socso Employment StartDate Year' is clicked on

2019-01-08 19:22:04 - [MESSAGE][PASSED] - Object: 'Object Repository/Final Object Repo/New Registration - Registration Module Pages/Form 2/Socso Employment StartDate Year' is clicked on

2019-01-08 19:22:04 - [TEST_STEP][PASSED] - click: Object: 'Object Repository/Final Object Repo/New Registration - Registration Module Pages/Form 2/Select Socso Employment Startdate Year' is clicked on

2019-01-08 19:22:04 - [MESSAGE][PASSED] - Object: 'Object Repository/Final Object Repo/New Registration - Registration Module Pages/Form 2/Select Socso Employment Startdate Year' is clicked on

2019-01-08 19:22:04 - [TEST_STEP][PASSED] - delay: Delayed 2 second(s)

2019-01-08 19:22:06 - [MESSAGE][PASSED] - Delayed 2 second(s)

2019-01-08 19:22:06 - [TEST_STEP][PASSED] - click: Object: 'Object Repository/Final Object Repo/New Registration - Registration Module Pages/Form 2/Socso Employment Start Date Day' is clicked on

2019-01-08 19:22:07 - [MESSAGE][PASSED] - Object: 'Object Repository/Final Object Repo/New Registration - Registration Module Pages/Form 2/Socso Employment Start Date Day' is clicked on

2019-01-08 19:22:07 - [TEST_STEP][PASSED] - delay: Delayed 2 second(s)

2019-01-08 19:22:09 - [MESSAGE][PASSED] - Delayed 2 second(s)

2019-01-08 19:22:09 - [TEST_STEP][PASSED] - click: Object: 'Object Repository/Final Object Repo/New Registration - Registration Module Pages/Form 2/Save Button for Add Employee' is clicked on

2019-01-08 19:22:09 - [MESSAGE][PASSED] - Object: 'Object Repository/Final Object Repo/New Registration - Registration Module Pages/Form 2/Save Button for Add Employee' is clicked on

2019-01-08 19:22:09 - [TEST_STEP][PASSED] - delay: Delayed 2 second(s)

2019-01-08 19:22:11 - [MESSAGE][PASSED] - Delayed 2 second(s)

2019-01-08 19:22:11 - [TEST_STEP][PASSED] - click: Object: 'Object Repository/Final Object Repo/New Registration - Registration Module Pages/Form 2/Save and Continue Form 2' is clicked on

2019-01-08 19:22:11 - [MESSAGE][PASSED] - Object: 'Object Repository/Final Object Repo/New Registration - Registration Module Pages/Form 2/Save and Continue Form 2' is clicked on

2019-01-08 19:22:11 - [MESSAGE][PASSED] - Call Test Case 'Test Cases/Final Aug 2018 - PKS Automation/Registration Module/New Registration/Form 2/Add 2 Not Eligible - No 3rd Screen' successfully

2019-01-08 19:22:11 - [TEST_STEP][PASSED] - callTestCase: Call Test Case 'Test Cases/Final Aug 2018 - PKS Automation/Registration Module/New Registration/Flow of New Registration/No Third Screen - Upload 2 Supporting Doc - Preview' successfully

2019-01-08 19:22:11 - [TEST_CASE][PASSED] - Test Cases/Final Aug 2018 - PKS Automation/Registration Module/New Registration/Flow of New Registration/No Third Screen - Upload 2 Supporting Doc - Preview: Test Cases/Final Aug 2018 - PKS Automation/Registration Module/New Registration/Flow of New Registration/No Third Screen - Upload 2 Supporting Doc - Preview

2019-01-08 19:22:11 - [TEST_STEP][PASSED] - delay: Delayed 4 second(s)

2019-01-08 19:22:15 - [MESSAGE][PASSED] - Delayed 4 second(s)

2019-01-08 19:22:15 - [TEST_STEP][PASSED] - click: Object: 'Object Repository/Final Object Repo/New Registration - Registration Module Pages/Third Screen - Upload Supporting Doc- Preview/Add Document Button' is clicked on

2019-01-08 19:22:16 - [MESSAGE][PASSED] - Object: 'Object Repository/Final Object Repo/New Registration - Registration Module Pages/Third Screen - Upload Supporting Doc- Preview/Add Document Button' is clicked on

2019-01-08 19:22:16 - [TEST_STEP][PASSED] - delay: Delayed 4 second(s)

2019-01-08 19:22:20 - [MESSAGE][PASSED] - Delayed 4 second(s)

2019-01-08 19:22:20 - [TEST_STEP][PASSED] - click: Object: 'Object Repository/Final Object Repo/New Registration - Registration Module Pages/Third Screen - Upload Supporting Doc- Preview/Supporting Doc Please Select Drop Down' is clicked on

2019-01-08 19:22:20 - [MESSAGE][PASSED] - Object: 'Object Repository/Final Object Repo/New Registration - Registration Module Pages/Third Screen - Upload Supporting Doc- Preview/Supporting Doc Please Select Drop Down' is clicked on

2019-01-08 19:22:20 - [TEST_STEP][PASSED] - delay: Delayed 2 second(s)

2019-01-08 19:22:22 - [MESSAGE][PASSED] - Delayed 2 second(s)

2019-01-08 19:22:22 - [TEST_STEP][PASSED] - click: Object: 'Object Repository/Final Object Repo/New Registration - Registration Module Pages/Third Screen - Upload Supporting Doc- Preview/Select to Upload Form 1' is clicked on

2019-01-08 19:22:22 - [MESSAGE][PASSED] - Object: 'Object Repository/Final Object Repo/New Registration - Registration Module Pages/Third Screen - Upload Supporting Doc- Preview/Select to Upload Form 1' is clicked on

2019-01-08 19:22:22 - [TEST_STEP][PASSED] - delay: Delayed 2 second(s)

2019-01-08 19:22:24 - [MESSAGE][PASSED] - Delayed 2 second(s)

2019-01-08 19:22:24 - [TEST_STEP][PASSED] - uploadFile: File 'C:\Users\Public\Pictures\Sample Pictures\Koala.jpg' sent to object: 'Object Repository/Final Object Repo/New Registration - Registration Module Pages/Third Screen - Upload Supporting Doc- Preview/Upload File Adding'

2019-01-08 19:22:24 - [MESSAGE][PASSED] - File 'C:\Users\Public\Pictures\Sample Pictures\Koala.jpg' sent to object: 'Object Repository/Final Object Repo/New Registration - Registration Module Pages/Third Screen - Upload Supporting Doc- Preview/Upload File Adding'

2019-01-08 19:22:24 - [TEST_STEP][PASSED] - delay: Delayed 5 second(s)

2019-01-08 19:22:29 - [MESSAGE][PASSED] - Delayed 5 second(s)

2019-01-08 19:22:29 - [TEST_STEP][PASSED] - click: Object: 'Object Repository/Final Object Repo/New Registration - Registration Module Pages/Third Screen - Upload Supporting Doc- Preview/Inner Form Add Document Button' is clicked on

2019-01-08 19:22:29 - [MESSAGE][PASSED] - Object: 'Object Repository/Final Object Repo/New Registration - Registration Module Pages/Third Screen - Upload Supporting Doc- Preview/Inner Form Add Document Button' is clicked on

2019-01-08 19:22:29 - [TEST_STEP][PASSED] - delay: Delayed 3 second(s)

2019-01-08 19:22:32 - [MESSAGE][PASSED] - Delayed 3 second(s)

2019-01-08 19:22:32 - [TEST_STEP][PASSED] - click: Object: 'Object Repository/Final Object Repo/New Registration - Registration Module Pages/Third Screen - Upload Supporting Doc- Preview/Add Document Button' is clicked on

2019-01-08 19:22:34 - [MESSAGE][PASSED] - Object: 'Object Repository/Final Object Repo/New Registration - Registration Module Pages/Third Screen - Upload Supporting Doc- Preview/Add Document Button' is clicked on

2019-01-08 19:22:34 - [TEST_STEP][PASSED] - delay: Delayed 4 second(s)

2019-01-08 19:22:38 - [MESSAGE][PASSED] - Delayed 4 second(s)

2019-01-08 19:22:38 - [TEST_STEP][PASSED] - click: Object: 'Object Repository/Final Object Repo/New Registration - Registration Module Pages/Third Screen - Upload Supporting Doc- Preview/Supporting Doc Please Select Drop Down' is clicked on

2019-01-08 19:22:38 - [MESSAGE][PASSED] - Object: 'Object Repository/Final Object Repo/New Registration - Registration Module Pages/Third Screen - Upload Supporting Doc- Preview/Supporting Doc Please Select Drop Down' is clicked on

2019-01-08 19:22:38 - [TEST_STEP][PASSED] - delay: Delayed 2 second(s)

2019-01-08 19:22:40 - [MESSAGE][PASSED] - Delayed 2 second(s)

2019-01-08 19:22:40 - [TEST_STEP][PASSED] - click: Object: 'Object Repository/Final Object Repo/New Registration - Registration Module Pages/Third Screen - Upload Supporting Doc- Preview/Select to Upload Form 2' is clicked on

2019-01-08 19:22:40 - [MESSAGE][PASSED] - Object: 'Object Repository/Final Object Repo/New Registration - Registration Module Pages/Third Screen - Upload Supporting Doc- Preview/Select to Upload Form 2' is clicked on

2019-01-08 19:22:40 - [TEST_STEP][PASSED] - delay: Delayed 2 second(s)

2019-01-08 19:22:42 - [MESSAGE][PASSED] - Delayed 2 second(s)

2019-01-08 19:22:42 - [TEST_STEP][PASSED] - uploadFile: File 'C:\Users\Public\Pictures\Sample Pictures\Koala.jpg' sent to object: 'Object Repository/Final Object Repo/New Registration - Registration Module Pages/Third Screen - Upload Supporting Doc- Preview/Upload File Adding'

2019-01-08 19:22:42 - [MESSAGE][PASSED] - File 'C:\Users\Public\Pictures\Sample Pictures\Koala.jpg' sent to object: 'Object Repository/Final Object Repo/New Registration - Registration Module Pages/Third Screen - Upload Supporting Doc- Preview/Upload File Adding'

2019-01-08 19:22:42 - [TEST_STEP][PASSED] - delay: Delayed 5 second(s)

2019-01-08 19:22:47 - [MESSAGE][PASSED] - Delayed 5 second(s)

2019-01-08 19:22:47 - [TEST_STEP][PASSED] - click: Object: 'Object Repository/Final Object Repo/New Registration - Registration Module Pages/Third Screen - Upload Supporting Doc- Preview/Inner Form Add Document Button' is clicked on

2019-01-08 19:22:47 - [MESSAGE][PASSED] - Object: 'Object Repository/Final Object Repo/New Registration - Registration Module Pages/Third Screen - Upload Supporting Doc- Preview/Inner Form Add Document Button' is clicked on

2019-01-08 19:22:47 - [TEST_STEP][PASSED] - delay: Delayed 3 second(s)

2019-01-08 19:22:50 - [MESSAGE][PASSED] - Delayed 3 second(s)

2019-01-08 19:22:50 - [TEST_STEP][PASSED] - click: Object: 'Object Repository/Final Object Repo/New Registration - Registration Module Pages/Third Screen - Upload Supporting Doc- Preview/Save n Continue in Uploading Supporting Doc Page' is clicked on

2019-01-08 19:22:51 - [MESSAGE][PASSED] - Object: 'Object Repository/Final Object Repo/New Registration - Registration Module Pages/Third Screen - Upload Supporting Doc- Preview/Save n Continue in Uploading Supporting Doc Page' is clicked on

2019-01-08 19:22:51 - [MESSAGE][PASSED] - Call Test Case 'Test Cases/Final Aug 2018 - PKS Automation/Registration Module/New Registration/Flow of New Registration/No Third Screen - Upload 2 Supporting Doc - Preview' successfully

2019-01-08 19:22:51 - [TEST_STEP][PASSED] - callTestCase: Call Test Case 'Test Cases/Final Aug 2018 - PKS Automation/Registration Module/New Registration/Submit and Screenshot/Submit Registration and Screenshot' successfully

2019-01-08 19:22:51 - [TEST_CASE][PASSED] - Test Cases/Final Aug 2018 - PKS Automation/Registration Module/New Registration/Submit and Screenshot/Submit Registration and Screenshot: Test Cases/Final Aug 2018 - PKS Automation/Registration Module/New Registration/Submit and Screenshot/Submit Registration and Screenshot

2019-01-08 19:22:51 - [TEST_STEP][PASSED] - delay: Delayed 6 second(s)

2019-01-08 19:22:57 - [MESSAGE][PASSED] - Delayed 6 second(s)

2019-01-08 19:22:57 - [TEST_STEP][PASSED] - click: Object: 'Object Repository/Final Object Repo/New Registration - Registration Module Pages/Third Screen - Upload Supporting Doc- Preview/Preview Submit Button' is clicked on

2019-01-08 19:22:58 - [MESSAGE][PASSED] - Object: 'Object Repository/Final Object Repo/New Registration - Registration Module Pages/Third Screen - Upload Supporting Doc- Preview/Preview Submit Button' is clicked on

2019-01-08 19:22:58 - [TEST_STEP][PASSED] - delay: Delayed 2 second(s)

2019-01-08 19:23:00 - [MESSAGE][PASSED] - Delayed 2 second(s)

2019-01-08 19:23:00 - [TEST_STEP][PASSED] - click: Object: 'Object Repository/Final Object Repo/New Registration - Registration Module Pages/Third Screen - Upload Supporting Doc- Preview/Preview Submit - Confirm' is clicked on

2019-01-08 19:23:00 - [MESSAGE][PASSED] - Object: 'Object Repository/Final Object Repo/New Registration - Registration Module Pages/Third Screen - Upload Supporting Doc- Preview/Preview Submit - Confirm' is clicked on

2019-01-08 19:23:00 - [TEST_STEP][PASSED] - delay: Delayed 15 second(s)

2019-01-08 19:23:15 - [MESSAGE][PASSED] - Delayed 15 second(s)

2019-01-08 19:23:15 - [TEST_STEP][PASSED] - Statement - driver = com.kms.katalon.core.webui.driver.DriverFactory.getWebDriver(): null

2019-01-08 19:23:15 - [TEST_STEP][PASSED] - Statement - driver.manage().timeouts().implicitlyWait(10, SECONDS): null

2019-01-08 19:23:15 - [TEST_STEP][PASSED] - Statement - PresavePath = KatalonScreenshots: null

2019-01-08 19:23:15 - [TEST_STEP][PASSED] - Statement - pathPrefix = "C:\Users\Public\Pictures\Sample Pictures\Katalon Screenshots\Automate Ending Screen": null

2019-01-08 19:23:15 - [TEST_STEP][PASSED] - Statement - finalPath = <not implemented yet for class: org.codehaus.groovy.ast.expr.EmptyExpression>: null

2019-01-08 19:23:15 - [TEST_STEP][PASSED] - Statement - scrFile = driver.getScreenshotAs(FILE): null

2019-01-08 19:23:15 - [TEST_STEP][PASSED] - Statement - PreSaveFile = new java.io.File(PresavePath): null

2019-01-08 19:23:15 - [TEST_STEP][PASSED] - Statement - counter = 0: null

2019-01-08 19:23:15 - [TEST_STEP][PASSED] - Statement - If (PreSaveFile.exists()): null

2019-01-08 19:23:15 - [TEST_STEP][PASSED] - Statement - While (PreSaveFile.exists()): null

2019-01-08 19:23:15 - [TEST_STEP][PASSED] - Statement - counter = counter + 1: null

2019-01-08 19:23:15 - [TEST_STEP][PASSED] - Statement - PreSaveFile = new java.io.File(((pathPrefix + java.lang.Integer.toString(counter)) + .png)): null

2019-01-08 19:23:15 - [TEST_STEP][PASSED] - Statement - counter = counter + 1: null

2019-01-08 19:23:15 - [TEST_STEP][PASSED] - Statement - PreSaveFile = new java.io.File(((pathPrefix + java.lang.Integer.toString(counter)) + .png)): null

2019-01-08 19:23:15 - [TEST_STEP][PASSED] - Statement - counter = counter + 1: null

2019-01-08 19:23:15 - [TEST_STEP][PASSED] - Statement - PreSaveFile = new java.io.File(((pathPrefix + java.lang.Integer.toString(counter)) + .png)): null

2019-01-08 19:23:15 - [TEST_STEP][PASSED] - Statement - counter = counter + 1: null

2019-01-08 19:23:15 - [TEST_STEP][PASSED] - Statement - PreSaveFile = new java.io.File(((pathPrefix + java.lang.Integer.toString(counter)) + .png)): null

2019-01-08 19:23:15 - [TEST_STEP][PASSED] - Statement - counter = counter + 1: null

2019-01-08 19:23:15 - [TEST_STEP][PASSED] - Statement - PreSaveFile = new java.io.File(((pathPrefix + java.lang.Integer.toString(counter)) + .png)): null

2019-01-08 19:23:15 - [TEST_STEP][PASSED] - Statement - counter = counter + 1: null

2019-01-08 19:23:15 - [TEST_STEP][PASSED] - Statement - PreSaveFile = new java.io.File(((pathPrefix + java.lang.Integer.toString(counter)) + .png)): null

2019-01-08 19:23:15 - [TEST_STEP][PASSED] - Statement - counter = counter + 1: null

2019-01-08 19:23:15 - [TEST_STEP][PASSED] - Statement - PreSaveFile = new java.io.File(((pathPrefix + java.lang.Integer.toString(counter)) + .png)): null

2019-01-08 19:23:15 - [TEST_STEP][PASSED] - Statement - counter = counter + 1: null

2019-01-08 19:23:15 - [TEST_STEP][PASSED] - Statement - PreSaveFile = new java.io.File(((pathPrefix + java.lang.Integer.toString(counter)) + .png)): null

2019-01-08 19:23:15 - [TEST_STEP][PASSED] - Statement - counter = counter + 1: null

2019-01-08 19:23:15 - [TEST_STEP][PASSED] - Statement - PreSaveFile = new java.io.File(((pathPrefix + java.lang.Integer.toString(counter)) + .png)): null

2019-01-08 19:23:15 - [TEST_STEP][PASSED] - Statement - counter = counter + 1: null

2019-01-08 19:23:15 - [TEST_STEP][PASSED] - Statement - PreSaveFile = new java.io.File(((pathPrefix + java.lang.Integer.toString(counter)) + .png)): null

2019-01-08 19:23:15 - [TEST_STEP][PASSED] - Statement - counter = counter + 1: null

2019-01-08 19:23:15 - [TEST_STEP][PASSED] - Statement - PreSaveFile = new java.io.File(((pathPrefix + java.lang.Integer.toString(counter)) + .png)): null

2019-01-08 19:23:15 - [TEST_STEP][PASSED] - Statement - counter = counter + 1: null

2019-01-08 19:23:15 - [TEST_STEP][PASSED] - Statement - PreSaveFile = new java.io.File(((pathPrefix + java.lang.Integer.toString(counter)) + .png)): null

2019-01-08 19:23:15 - [TEST_STEP][PASSED] - Statement - counter = counter + 1: null

2019-01-08 19:23:15 - [TEST_STEP][PASSED] - Statement - PreSaveFile = new java.io.File(((pathPrefix + java.lang.Integer.toString(counter)) + .png)): null

2019-01-08 19:23:15 - [TEST_STEP][PASSED] - Statement - counter = counter + 1: null

2019-01-08 19:23:15 - [TEST_STEP][PASSED] - Statement - PreSaveFile = new java.io.File(((pathPrefix + java.lang.Integer.toString(counter)) + .png)): null

2019-01-08 19:23:15 - [TEST_STEP][PASSED] - Statement - counter = counter + 1: null

2019-01-08 19:23:15 - [TEST_STEP][PASSED] - Statement - PreSaveFile = new java.io.File(((pathPrefix + java.lang.Integer.toString(counter)) + .png)): null

2019-01-08 19:23:15 - [TEST_STEP][PASSED] - Statement - counter = counter + 1: null

2019-01-08 19:23:15 - [TEST_STEP][PASSED] - Statement - PreSaveFile = new java.io.File(((pathPrefix + java.lang.Integer.toString(counter)) + .png)): null

2019-01-08 19:23:15 - [TEST_STEP][PASSED] - Statement - counter = counter + 1: null

2019-01-08 19:23:15 - [TEST_STEP][PASSED] - Statement - PreSaveFile = new java.io.File(((pathPrefix + java.lang.Integer.toString(counter)) + .png)): null

2019-01-08 19:23:15 - [TEST_STEP][PASSED] - Statement - counter = counter + 1: null

2019-01-08 19:23:15 - [TEST_STEP][PASSED] - Statement - PreSaveFile = new java.io.File(((pathPrefix + java.lang.Integer.toString(counter)) + .png)): null

2019-01-08 19:23:15 - [TEST_STEP][PASSED] - Statement - counter = counter + 1: null

2019-01-08 19:23:15 - [TEST_STEP][PASSED] - Statement - PreSaveFile = new java.io.File(((pathPrefix + java.lang.Integer.toString(counter)) + .png)): null

2019-01-08 19:23:15 - [TEST_STEP][PASSED] - Statement - counter = counter + 1: null

2019-01-08 19:23:15 - [TEST_STEP][PASSED] - Statement - PreSaveFile = new java.io.File(((pathPrefix + java.lang.Integer.toString(counter)) + .png)): null

2019-01-08 19:23:15 - [TEST_STEP][PASSED] - Statement - counter = counter + 1: null

2019-01-08 19:23:15 - [TEST_STEP][PASSED] - Statement - PreSaveFile = new java.io.File(((pathPrefix + java.lang.Integer.toString(counter)) + .png)): null

2019-01-08 19:23:15 - [TEST_STEP][PASSED] - Statement - counter = counter + 1: null

2019-01-08 19:23:15 - [TEST_STEP][PASSED] - Statement - PreSaveFile = new java.io.File(((pathPrefix + java.lang.Integer.toString(counter)) + .png)): null

2019-01-08 19:23:15 - [TEST_STEP][PASSED] - Statement - counter = counter + 1: null

2019-01-08 19:23:15 - [TEST_STEP][PASSED] - Statement - PreSaveFile = new java.io.File(((pathPrefix + java.lang.Integer.toString(counter)) + .png)): null

2019-01-08 19:23:15 - [TEST_STEP][PASSED] - Statement - counter = counter + 1: null

2019-01-08 19:23:15 - [TEST_STEP][PASSED] - Statement - PreSaveFile = new java.io.File(((pathPrefix + java.lang.Integer.toString(counter)) + .png)): null

2019-01-08 19:23:15 - [TEST_STEP][PASSED] - Statement - counter = counter + 1: null

2019-01-08 19:23:15 - [TEST_STEP][PASSED] - Statement - PreSaveFile = new java.io.File(((pathPrefix + java.lang.Integer.toString(counter)) + .png)): null

2019-01-08 19:23:15 - [TEST_STEP][PASSED] - Statement - counter = counter + 1: null

2019-01-08 19:23:15 - [TEST_STEP][PASSED] - Statement - PreSaveFile = new java.io.File(((pathPrefix + java.lang.Integer.toString(counter)) + .png)): null

2019-01-08 19:23:15 - [TEST_STEP][PASSED] - Statement - counter = counter + 1: null

2019-01-08 19:23:15 - [TEST_STEP][PASSED] - Statement - PreSaveFile = new java.io.File(((pathPrefix + java.lang.Integer.toString(counter)) + .png)): null

2019-01-08 19:23:15 - [TEST_STEP][PASSED] - Statement - counter = counter + 1: null

2019-01-08 19:23:15 - [TEST_STEP][PASSED] - Statement - PreSaveFile = new java.io.File(((pathPrefix + java.lang.Integer.toString(counter)) + .png)): null

2019-01-08 19:23:15 - [TEST_STEP][PASSED] - Statement - counter = counter + 1: null

2019-01-08 19:23:15 - [TEST_STEP][PASSED] - Statement - PreSaveFile = new java.io.File(((pathPrefix + java.lang.Integer.toString(counter)) + .png)): null

2019-01-08 19:23:15 - [TEST_STEP][PASSED] - Statement - counter = counter + 1: null

2019-01-08 19:23:15 - [TEST_STEP][PASSED] - Statement - PreSaveFile = new java.io.File(((pathPrefix + java.lang.Integer.toString(counter)) + .png)): null

2019-01-08 19:23:15 - [TEST_STEP][PASSED] - Statement - counter = counter + 1: null

2019-01-08 19:23:15 - [TEST_STEP][PASSED] - Statement - PreSaveFile = new java.io.File(((pathPrefix + java.lang.Integer.toString(counter)) + .png)): null

2019-01-08 19:23:15 - [TEST_STEP][PASSED] - Statement - counter = counter + 1: null

2019-01-08 19:23:15 - [TEST_STEP][PASSED] - Statement - PreSaveFile = new java.io.File(((pathPrefix + java.lang.Integer.toString(counter)) + .png)): null

2019-01-08 19:23:15 - [TEST_STEP][PASSED] - Statement - counter = counter + 1: null

2019-01-08 19:23:15 - [TEST_STEP][PASSED] - Statement - PreSaveFile = new java.io.File(((pathPrefix + java.lang.Integer.toString(counter)) + .png)): null

2019-01-08 19:23:15 - [TEST_STEP][PASSED] - Statement - finalPath = pathPrefix + java.lang.Integer.toString(counter) + ".png": null

2019-01-08 19:23:15 - [TEST_STEP][PASSED] - Statement - SaveFile = new java.io.File(finalPath): null

2019-01-08 19:23:15 - [TEST_STEP][PASSED] - Statement - Try: null

2019-01-08 19:23:15 - [TEST_STEP][PASSED] - Statement - org.apache.commons.io.FileUtils.copyFile(scrFile, SaveFile): null

2019-01-08 19:23:15 - [TEST_STEP][PASSED] - Statement - out.println("file kept"): null

2019-01-08 19:23:15 - [TEST_STEP][PASSED] - delay: Delayed 10 second(s)

2019-01-08 19:23:25 - [MESSAGE][PASSED] - Delayed 10 second(s)

2019-01-08 19:23:25 - [MESSAGE][PASSED] - Call Test Case 'Test Cases/Final Aug 2018 - PKS Automation/Registration Module/New Registration/Submit and Screenshot/Submit Registration and Screenshot' successfully]]></system-out>
         <system-err><![CDATA[]]></system-err>
      </testcase>
      <testcase name="Test Cases/Final Aug 2018 - PKS Automation/Registration Module/Critical Path/New Registration/Register ASSIST Only/Other - Federal Statutory Body" classname="Test Cases/Final Aug 2018 - PKS Automation/Registration Module/Critical Path/New Registration/Register ASSIST Only/Other - Federal Statutory Body" status="PASSED">
         <system-out><![CDATA[2019-01-08 19:23:25 - [TEST_CASE][PASSED] - Test Cases/Final Aug 2018 - PKS Automation/Registration Module/Critical Path/New Registration/Register ASSIST Only/Other - Federal Statutory Body: Test Cases/Final Aug 2018 - PKS Automation/Registration Module/Critical Path/New Registration/Register ASSIST Only/Other - Federal Statutory Body

2019-01-08 19:23:25 - [TEST_STEP][PASSED] - callTestCase: Call Test Case 'Test Cases/Final Aug 2018 - PKS Automation/Registration Module/New Registration/Form 1/Form 1 - Other - Federal Statutory Body' successfully

2019-01-08 19:23:26 - [TEST_CASE][PASSED] - Test Cases/Final Aug 2018 - PKS Automation/Registration Module/New Registration/Form 1/Form 1 - Other - Federal Statutory Body: Test Cases/Final Aug 2018 - PKS Automation/Registration Module/New Registration/Form 1/Form 1 - Other - Federal Statutory Body

2019-01-08 19:23:26 - [TEST_STEP][PASSED] - openBrowser: Browser is opened with url: ''

2019-01-08 19:23:26 - [MESSAGE][WARNING] - A browser is already opened. Closing browser and opening a new one

2019-01-08 19:23:29 - [MESSAGE][PASSED] - Browser is opened with url: ''

2019-01-08 19:23:29 - [TEST_STEP][PASSED] - navigateToUrl: Navigate to 'https://assist2-uat.perkeso.gov.my/login' successfully

2019-01-08 19:23:30 - [MESSAGE][PASSED] - Navigate to 'https://assist2-uat.perkeso.gov.my/login' successfully

2019-01-08 19:23:30 - [TEST_STEP][PASSED] - setText: Text 'klotc3@gmail.com' is set on object 'Object Repository/Final Object Repo/Login Page/Internal User/Email Address'

2019-01-08 19:23:30 - [MESSAGE][PASSED] - Text 'klotc3@gmail.com' is set on object 'Object Repository/Final Object Repo/Login Page/Internal User/Email Address'

2019-01-08 19:23:30 - [TEST_STEP][PASSED] - click: Object: 'Object Repository/Final Object Repo/Login Page/Internal User/Next Button' is clicked on

2019-01-08 19:23:30 - [MESSAGE][PASSED] - Object: 'Object Repository/Final Object Repo/Login Page/Internal User/Next Button' is clicked on

2019-01-08 19:23:30 - [TEST_STEP][PASSED] - delay: Delayed 1 second(s)

2019-01-08 19:23:31 - [MESSAGE][PASSED] - Delayed 1 second(s)

2019-01-08 19:23:31 - [TEST_STEP][PASSED] - setEncryptedText: Text ****** has been set on object 'Object Repository/Final Object Repo/Login Page/Internal User/Password'

2019-01-08 19:23:31 - [MESSAGE][PASSED] - Text ****** has been set on object 'Object Repository/Final Object Repo/Login Page/Internal User/Password'

2019-01-08 19:23:31 - [TEST_STEP][PASSED] - click: Object: 'Object Repository/Final Object Repo/Login Page/Internal User/Login Button' is clicked on

2019-01-08 19:23:32 - [MESSAGE][PASSED] - Object: 'Object Repository/Final Object Repo/Login Page/Internal User/Login Button' is clicked on

2019-01-08 19:23:32 - [TEST_STEP][PASSED] - delay: Delayed 1 second(s)

2019-01-08 19:23:33 - [MESSAGE][PASSED] - Delayed 1 second(s)

2019-01-08 19:23:33 - [TEST_STEP][PASSED] - Statement - Try: Delayed 2 second(s)

2019-01-08 19:23:33 - [TEST_STEP][PASSED] - Statement - Checker = false: null

2019-01-08 19:23:33 - [TEST_STEP][PASSED] - Statement - Checker = com.kms.katalon.core.webui.keyword.WebUiBuiltInKeywords.verifyElementHasAttribute(com.kms.katalon.core.testobject.ObjectRepository.findTestObject(Final Object Repo/Landing Page/BM Detecting), "href", 20, OPTIONAL): Object 'Object Repository/Final Object Repo/Landing Page/BM Detecting' has attribute 'href'

2019-01-08 19:23:33 - [MESSAGE][PASSED] - Object 'Object Repository/Final Object Repo/Landing Page/BM Detecting' has attribute 'href'

2019-01-08 19:23:34 - [TEST_STEP][PASSED] - Statement - out.println(Checker): null

2019-01-08 19:23:34 - [TEST_STEP][PASSED] - Statement - If (Checker == false): null

2019-01-08 19:23:34 - [TEST_STEP][PASSED] - Statement - Else: null

2019-01-08 19:23:34 - [TEST_STEP][PASSED] - delay: Delayed 2 second(s)

2019-01-08 19:23:36 - [MESSAGE][PASSED] - Delayed 2 second(s)

2019-01-08 19:23:36 - [TEST_STEP][PASSED] - navigateToUrl: Navigate to 'https://assist2-uat.perkeso.gov.my/web/registration/registration' successfully

2019-01-08 19:23:37 - [MESSAGE][PASSED] - Navigate to 'https://assist2-uat.perkeso.gov.my/web/registration/registration' successfully

2019-01-08 19:23:37 - [TEST_STEP][PASSED] - click: Object: 'Object Repository/Final Object Repo/New Registration - Registration Module Pages/Form 1/AEC - No' is clicked on

2019-01-08 19:23:37 - [MESSAGE][PASSED] - Object: 'Object Repository/Final Object Repo/New Registration - Registration Module Pages/Form 1/AEC - No' is clicked on

2019-01-08 19:23:37 - [TEST_STEP][PASSED] - click: Object: 'Object Repository/Final Object Repo/New Registration - Registration Module Pages/Form 1/Business Entity' is clicked on

2019-01-08 19:23:37 - [MESSAGE][PASSED] - Object: 'Object Repository/Final Object Repo/New Registration - Registration Module Pages/Form 1/Business Entity' is clicked on

2019-01-08 19:23:37 - [TEST_STEP][PASSED] - click: Object: 'Object Repository/Final Object Repo/New Registration - Registration Module Pages/Form 1/Business Entity - Other' is clicked on

2019-01-08 19:23:38 - [MESSAGE][PASSED] - Object: 'Object Repository/Final Object Repo/New Registration - Registration Module Pages/Form 1/Business Entity - Other' is clicked on

2019-01-08 19:23:38 - [TEST_STEP][PASSED] - delay: Delayed 1 second(s)

2019-01-08 19:23:39 - [MESSAGE][PASSED] - Delayed 1 second(s)

2019-01-08 19:23:39 - [TEST_STEP][PASSED] - click: Object: 'Object Repository/Final Object Repo/New Registration - Registration Module Pages/Form 1/Sub Business Entity' is clicked on

2019-01-08 19:23:39 - [MESSAGE][PASSED] - Object: 'Object Repository/Final Object Repo/New Registration - Registration Module Pages/Form 1/Sub Business Entity' is clicked on

2019-01-08 19:23:39 - [TEST_STEP][PASSED] - click: Object: 'Object Repository/Final Object Repo/New Registration - Registration Module Pages/Form 1/Sub Business Entity - Other/Sub Business Entity  - Federal Statutory Body' is clicked on

2019-01-08 19:23:39 - [MESSAGE][PASSED] - Object: 'Object Repository/Final Object Repo/New Registration - Registration Module Pages/Form 1/Sub Business Entity - Other/Sub Business Entity  - Federal Statutory Body' is clicked on

2019-01-08 19:23:39 - [TEST_STEP][PASSED] - delay: Delayed 1 second(s)

2019-01-08 19:23:40 - [MESSAGE][PASSED] - Delayed 1 second(s)

2019-01-08 19:23:40 - [TEST_STEP][PASSED] - click: Object: 'Object Repository/Final Object Repo/New Registration - Registration Module Pages/Form 1/Sub Business Entity List' is clicked on

2019-01-08 19:23:40 - [MESSAGE][PASSED] - Object: 'Object Repository/Final Object Repo/New Registration - Registration Module Pages/Form 1/Sub Business Entity List' is clicked on

2019-01-08 19:23:40 - [TEST_STEP][PASSED] - click: Object: 'Object Repository/Final Object Repo/New Registration - Registration Module Pages/Form 1/Sub Business Entity List - Other/Sub Business Entity List - Others - Federal Statutory Body - Kementerian pelajaran' is clicked on

2019-01-08 19:23:40 - [MESSAGE][PASSED] - Object: 'Object Repository/Final Object Repo/New Registration - Registration Module Pages/Form 1/Sub Business Entity List - Other/Sub Business Entity List - Others - Federal Statutory Body - Kementerian pelajaran' is clicked on

2019-01-08 19:23:40 - [TEST_STEP][PASSED] - delay: Delayed 1 second(s)

2019-01-08 19:23:41 - [MESSAGE][PASSED] - Delayed 1 second(s)

2019-01-08 19:23:41 - [TEST_STEP][NOT_RUN] - setText: NOT_RUN: setText

2019-01-08 19:23:41 - [MESSAGE][NOT_RUN] - NOT_RUN: setText

2019-01-08 19:23:41 - [TEST_STEP][NOT_RUN] - click: NOT_RUN: click

2019-01-08 19:23:41 - [MESSAGE][NOT_RUN] - NOT_RUN: click

2019-01-08 19:23:41 - [TEST_STEP][PASSED] - click: Object: 'Object Repository/Final Object Repo/New Registration - Registration Module Pages/Form 1/Registered As a Branch - Yes' is clicked on

2019-01-08 19:23:42 - [MESSAGE][PASSED] - Object: 'Object Repository/Final Object Repo/New Registration - Registration Module Pages/Form 1/Registered As a Branch - Yes' is clicked on

2019-01-08 19:23:42 - [TEST_STEP][PASSED] - verifyElementPresent: Object 'Object Repository/Final Object Repo/New Registration - Registration Module Pages/Form 1/Acknowledgement Disabled' is present

2019-01-08 19:23:42 - [MESSAGE][WARNING] - Timeout '0' is invalid. Using default page load timeout: '30'

2019-01-08 19:23:42 - [MESSAGE][PASSED] - Object 'Object Repository/Final Object Repo/New Registration - Registration Module Pages/Form 1/Acknowledgement Disabled' is present

2019-01-08 19:23:42 - [TEST_STEP][NOT_RUN] - verifyElementNotClickable: NOT_RUN: verifyElementNotClickable

2019-01-08 19:23:42 - [MESSAGE][NOT_RUN] - NOT_RUN: verifyElementNotClickable

2019-01-08 19:23:42 - [TEST_STEP][PASSED] - click: Object: 'Object Repository/Final Object Repo/New Registration - Registration Module Pages/Form 1/Industry Name Selection' is clicked on

2019-01-08 19:23:42 - [MESSAGE][PASSED] - Object: 'Object Repository/Final Object Repo/New Registration - Registration Module Pages/Form 1/Industry Name Selection' is clicked on

2019-01-08 19:23:42 - [TEST_STEP][PASSED] - click: Object: 'Object Repository/Final Object Repo/New Registration - Registration Module Pages/Form 1/Industry Name List - Other/Others - Federal Statutory Body - Kementerian pelajaran - UNIVERSITI' is clicked on

2019-01-08 19:23:42 - [MESSAGE][PASSED] - Object: 'Object Repository/Final Object Repo/New Registration - Registration Module Pages/Form 1/Industry Name List - Other/Others - Federal Statutory Body - Kementerian pelajaran - UNIVERSITI' is clicked on

2019-01-08 19:23:42 - [TEST_STEP][PASSED] - setText: Text 'perkeso1' is set on object 'Object Repository/Final Object Repo/New Registration - Registration Module Pages/Form 1/Postal Address1'

2019-01-08 19:23:42 - [MESSAGE][PASSED] - Text 'perkeso1' is set on object 'Object Repository/Final Object Repo/New Registration - Registration Module Pages/Form 1/Postal Address1'

2019-01-08 19:23:42 - [TEST_STEP][PASSED] - setText: Text 'perkeso2' is set on object 'Object Repository/Final Object Repo/New Registration - Registration Module Pages/Form 1/Postal Address2'

2019-01-08 19:23:43 - [MESSAGE][PASSED] - Text 'perkeso2' is set on object 'Object Repository/Final Object Repo/New Registration - Registration Module Pages/Form 1/Postal Address2'

2019-01-08 19:23:43 - [TEST_STEP][PASSED] - setText: Text 'perkeso3' is set on object 'Object Repository/Final Object Repo/New Registration - Registration Module Pages/Form 1/Postal Address3'

2019-01-08 19:23:43 - [MESSAGE][PASSED] - Text 'perkeso3' is set on object 'Object Repository/Final Object Repo/New Registration - Registration Module Pages/Form 1/Postal Address3'

2019-01-08 19:23:43 - [TEST_STEP][PASSED] - click: Object: 'Object Repository/Final Object Repo/New Registration - Registration Module Pages/Form 1/State' is clicked on

2019-01-08 19:23:43 - [MESSAGE][PASSED] - Object: 'Object Repository/Final Object Repo/New Registration - Registration Module Pages/Form 1/State' is clicked on

2019-01-08 19:23:43 - [TEST_STEP][PASSED] - click: Object: 'Object Repository/Final Object Repo/New Registration - Registration Module Pages/Form 1/State - Johor' is clicked on

2019-01-08 19:23:43 - [MESSAGE][PASSED] - Object: 'Object Repository/Final Object Repo/New Registration - Registration Module Pages/Form 1/State - Johor' is clicked on

2019-01-08 19:23:43 - [TEST_STEP][PASSED] - delay: Delayed 1 second(s)

2019-01-08 19:23:44 - [MESSAGE][PASSED] - Delayed 1 second(s)

2019-01-08 19:23:44 - [TEST_STEP][PASSED] - click: Object: 'Object Repository/Final Object Repo/New Registration - Registration Module Pages/Form 1/City' is clicked on

2019-01-08 19:23:45 - [MESSAGE][PASSED] - Object: 'Object Repository/Final Object Repo/New Registration - Registration Module Pages/Form 1/City' is clicked on

2019-01-08 19:23:45 - [TEST_STEP][PASSED] - setText: Text 'joh' is set on object 'Object Repository/Final Object Repo/New Registration - Registration Module Pages/Form 1/Postcode - 810'

2019-01-08 19:23:45 - [MESSAGE][PASSED] - Text 'joh' is set on object 'Object Repository/Final Object Repo/New Registration - Registration Module Pages/Form 1/Postcode - 810'

2019-01-08 19:23:45 - [TEST_STEP][PASSED] - delay: Delayed 1 second(s)

2019-01-08 19:23:46 - [MESSAGE][PASSED] - Delayed 1 second(s)

2019-01-08 19:23:46 - [TEST_STEP][PASSED] - click: Object: 'Object Repository/Final Object Repo/New Registration - Registration Module Pages/Form 1/City - Johor Bharu' is clicked on

2019-01-08 19:23:46 - [MESSAGE][PASSED] - Object: 'Object Repository/Final Object Repo/New Registration - Registration Module Pages/Form 1/City - Johor Bharu' is clicked on

2019-01-08 19:23:46 - [TEST_STEP][PASSED] - delay: Delayed 1 second(s)

2019-01-08 19:23:47 - [MESSAGE][PASSED] - Delayed 1 second(s)

2019-01-08 19:23:47 - [TEST_STEP][PASSED] - click: Object: 'Object Repository/Final Object Repo/New Registration - Registration Module Pages/Form 1/Postcode' is clicked on

2019-01-08 19:23:47 - [MESSAGE][PASSED] - Object: 'Object Repository/Final Object Repo/New Registration - Registration Module Pages/Form 1/Postcode' is clicked on

2019-01-08 19:23:47 - [TEST_STEP][PASSED] - delay: Delayed 1 second(s)

2019-01-08 19:23:48 - [MESSAGE][PASSED] - Delayed 1 second(s)

2019-01-08 19:23:48 - [TEST_STEP][PASSED] - setText: Text '810' is set on object 'Object Repository/Final Object Repo/New Registration - Registration Module Pages/Form 1/Postcode - 810'

2019-01-08 19:23:48 - [MESSAGE][PASSED] - Text '810' is set on object 'Object Repository/Final Object Repo/New Registration - Registration Module Pages/Form 1/Postcode - 810'

2019-01-08 19:23:48 - [TEST_STEP][PASSED] - delay: Delayed 1 second(s)

2019-01-08 19:23:49 - [MESSAGE][PASSED] - Delayed 1 second(s)

2019-01-08 19:23:49 - [TEST_STEP][PASSED] - click: Object: 'Object Repository/Final Object Repo/New Registration - Registration Module Pages/Form 1/Postcode - 81000' is clicked on

2019-01-08 19:23:50 - [MESSAGE][PASSED] - Object: 'Object Repository/Final Object Repo/New Registration - Registration Module Pages/Form 1/Postcode - 81000' is clicked on

2019-01-08 19:23:50 - [TEST_STEP][PASSED] - delay: Delayed 1 second(s)

2019-01-08 19:23:51 - [MESSAGE][PASSED] - Delayed 1 second(s)

2019-01-08 19:23:51 - [TEST_STEP][PASSED] - setText: Text '100' is set on object 'Object Repository/Final Object Repo/New Registration - Registration Module Pages/Form 1/P.O.BOX'

2019-01-08 19:23:51 - [MESSAGE][PASSED] - Text '100' is set on object 'Object Repository/Final Object Repo/New Registration - Registration Module Pages/Form 1/P.O.BOX'

2019-01-08 19:23:51 - [TEST_STEP][PASSED] - setText: Text '100' is set on object 'Object Repository/Final Object Repo/New Registration - Registration Module Pages/Form 1/Locked Bag No'

2019-01-08 19:23:51 - [MESSAGE][PASSED] - Text '100' is set on object 'Object Repository/Final Object Repo/New Registration - Registration Module Pages/Form 1/Locked Bag No'

2019-01-08 19:23:51 - [TEST_STEP][PASSED] - click: Object: 'Object Repository/Final Object Repo/New Registration - Registration Module Pages/Form 1/SOCSO Office Location' is clicked on

2019-01-08 19:23:51 - [MESSAGE][PASSED] - Object: 'Object Repository/Final Object Repo/New Registration - Registration Module Pages/Form 1/SOCSO Office Location' is clicked on

2019-01-08 19:23:51 - [TEST_STEP][PASSED] - click: Object: 'Object Repository/Final Object Repo/New Registration - Registration Module Pages/Form 1/SOCSO Office Location - Pejabat PERKESO Negeri Johor' is clicked on

2019-01-08 19:23:52 - [MESSAGE][PASSED] - Object: 'Object Repository/Final Object Repo/New Registration - Registration Module Pages/Form 1/SOCSO Office Location - Pejabat PERKESO Negeri Johor' is clicked on

2019-01-08 19:23:52 - [TEST_STEP][PASSED] - delay: Delayed 1 second(s)

2019-01-08 19:23:53 - [MESSAGE][PASSED] - Delayed 1 second(s)

2019-01-08 19:23:53 - [TEST_STEP][PASSED] - check: Object 'Object Repository/Final Object Repo/New Registration - Registration Module Pages/Form 1/Indusrty Address Same As Postal Address' is checked

2019-01-08 19:23:53 - [MESSAGE][PASSED] - Object 'Object Repository/Final Object Repo/New Registration - Registration Module Pages/Form 1/Indusrty Address Same As Postal Address' is checked

2019-01-08 19:23:53 - [TEST_STEP][PASSED] - delay: Delayed 3 second(s)

2019-01-08 19:23:56 - [MESSAGE][PASSED] - Delayed 3 second(s)

2019-01-08 19:23:56 - [TEST_STEP][PASSED] - click: Object: 'Object Repository/Final Object Repo/New Registration - Registration Module Pages/Form 1/Indusry Address Same As Postal Address False' is clicked on

2019-01-08 19:23:56 - [MESSAGE][PASSED] - Object: 'Object Repository/Final Object Repo/New Registration - Registration Module Pages/Form 1/Indusry Address Same As Postal Address False' is clicked on

2019-01-08 19:23:56 - [TEST_STEP][PASSED] - delay: Delayed 1 second(s)

2019-01-08 19:23:57 - [MESSAGE][PASSED] - Delayed 1 second(s)

2019-01-08 19:23:57 - [TEST_STEP][PASSED] - setText: Text 'perkeso1' is set on object 'Object Repository/Final Object Repo/New Registration - Registration Module Pages/Form 1/Industry Address1'

2019-01-08 19:23:57 - [MESSAGE][PASSED] - Text 'perkeso1' is set on object 'Object Repository/Final Object Repo/New Registration - Registration Module Pages/Form 1/Industry Address1'

2019-01-08 19:23:57 - [TEST_STEP][PASSED] - setText: Text 'perkeso2' is set on object 'Object Repository/Final Object Repo/New Registration - Registration Module Pages/Form 1/Industry Address2'

2019-01-08 19:23:58 - [MESSAGE][PASSED] - Text 'perkeso2' is set on object 'Object Repository/Final Object Repo/New Registration - Registration Module Pages/Form 1/Industry Address2'

2019-01-08 19:23:58 - [TEST_STEP][PASSED] - setText: Text 'perkeso3' is set on object 'Object Repository/Final Object Repo/New Registration - Registration Module Pages/Form 1/Industry Address3'

2019-01-08 19:23:58 - [MESSAGE][PASSED] - Text 'perkeso3' is set on object 'Object Repository/Final Object Repo/New Registration - Registration Module Pages/Form 1/Industry Address3'

2019-01-08 19:23:58 - [TEST_STEP][PASSED] - click: Object: 'Object Repository/Final Object Repo/New Registration - Registration Module Pages/Form 1/Industry State' is clicked on

2019-01-08 19:23:58 - [MESSAGE][PASSED] - Object: 'Object Repository/Final Object Repo/New Registration - Registration Module Pages/Form 1/Industry State' is clicked on

2019-01-08 19:23:58 - [TEST_STEP][PASSED] - delay: Delayed 2 second(s)

2019-01-08 19:24:00 - [MESSAGE][PASSED] - Delayed 2 second(s)

2019-01-08 19:24:00 - [TEST_STEP][PASSED] - click: Object: 'Object Repository/Final Object Repo/New Registration - Registration Module Pages/Form 1/Industry State - Johor' is clicked on

2019-01-08 19:24:00 - [MESSAGE][PASSED] - Object: 'Object Repository/Final Object Repo/New Registration - Registration Module Pages/Form 1/Industry State - Johor' is clicked on

2019-01-08 19:24:00 - [TEST_STEP][PASSED] - delay: Delayed 2 second(s)

2019-01-08 19:24:02 - [MESSAGE][PASSED] - Delayed 2 second(s)

2019-01-08 19:24:02 - [TEST_STEP][PASSED] - click: Object: 'Object Repository/Final Object Repo/New Registration - Registration Module Pages/Form 1/Industry Ciry' is clicked on

2019-01-08 19:24:03 - [MESSAGE][PASSED] - Object: 'Object Repository/Final Object Repo/New Registration - Registration Module Pages/Form 1/Industry Ciry' is clicked on

2019-01-08 19:24:03 - [TEST_STEP][PASSED] - setText: Text 'joh' is set on object 'Object Repository/Final Object Repo/New Registration - Registration Module Pages/Form 1/Industry Ciry - joh'

2019-01-08 19:24:03 - [MESSAGE][PASSED] - Text 'joh' is set on object 'Object Repository/Final Object Repo/New Registration - Registration Module Pages/Form 1/Industry Ciry - joh'

2019-01-08 19:24:03 - [TEST_STEP][PASSED] - delay: Delayed 2 second(s)

2019-01-08 19:24:05 - [MESSAGE][PASSED] - Delayed 2 second(s)

2019-01-08 19:24:05 - [TEST_STEP][PASSED] - click: Object: 'Object Repository/Final Object Repo/New Registration - Registration Module Pages/Form 1/Industy State - Johor Bharu' is clicked on

2019-01-08 19:24:05 - [MESSAGE][PASSED] - Object: 'Object Repository/Final Object Repo/New Registration - Registration Module Pages/Form 1/Industy State - Johor Bharu' is clicked on

2019-01-08 19:24:05 - [TEST_STEP][PASSED] - delay: Delayed 1 second(s)

2019-01-08 19:24:06 - [MESSAGE][PASSED] - Delayed 1 second(s)

2019-01-08 19:24:06 - [TEST_STEP][PASSED] - click: Object: 'Object Repository/Final Object Repo/New Registration - Registration Module Pages/Form 1/Indusry PostCode' is clicked on

2019-01-08 19:24:06 - [MESSAGE][PASSED] - Object: 'Object Repository/Final Object Repo/New Registration - Registration Module Pages/Form 1/Indusry PostCode' is clicked on

2019-01-08 19:24:06 - [TEST_STEP][PASSED] - delay: Delayed 1 second(s)

2019-01-08 19:24:07 - [MESSAGE][PASSED] - Delayed 1 second(s)

2019-01-08 19:24:07 - [TEST_STEP][PASSED] - setText: Text '810' is set on object 'Object Repository/Final Object Repo/New Registration - Registration Module Pages/Form 1/Insutry Post Code - 810'

2019-01-08 19:24:07 - [MESSAGE][PASSED] - Text '810' is set on object 'Object Repository/Final Object Repo/New Registration - Registration Module Pages/Form 1/Insutry Post Code - 810'

2019-01-08 19:24:07 - [TEST_STEP][PASSED] - delay: Delayed 1 second(s)

2019-01-08 19:24:08 - [MESSAGE][PASSED] - Delayed 1 second(s)

2019-01-08 19:24:08 - [TEST_STEP][PASSED] - click: Object: 'Object Repository/Final Object Repo/New Registration - Registration Module Pages/Form 1/Insutry Post Code - 81000' is clicked on

2019-01-08 19:24:09 - [MESSAGE][PASSED] - Object: 'Object Repository/Final Object Repo/New Registration - Registration Module Pages/Form 1/Insutry Post Code - 81000' is clicked on

2019-01-08 19:24:09 - [TEST_STEP][PASSED] - delay: Delayed 1 second(s)

2019-01-08 19:24:10 - [MESSAGE][PASSED] - Delayed 1 second(s)

2019-01-08 19:24:10 - [TEST_STEP][PASSED] - setText: Text '100' is set on object 'Object Repository/Final Object Repo/New Registration - Registration Module Pages/Form 1/Industry P.O.BOX'

2019-01-08 19:24:10 - [MESSAGE][PASSED] - Text '100' is set on object 'Object Repository/Final Object Repo/New Registration - Registration Module Pages/Form 1/Industry P.O.BOX'

2019-01-08 19:24:10 - [TEST_STEP][PASSED] - setText: Text '100' is set on object 'Object Repository/Final Object Repo/New Registration - Registration Module Pages/Form 1/Industry Locked Bag No'

2019-01-08 19:24:10 - [MESSAGE][PASSED] - Text '100' is set on object 'Object Repository/Final Object Repo/New Registration - Registration Module Pages/Form 1/Industry Locked Bag No'

2019-01-08 19:24:10 - [TEST_STEP][PASSED] - setText: Text '123456789' is set on object 'Object Repository/Final Object Repo/New Registration - Registration Module Pages/Form 1/Telephone No'

2019-01-08 19:24:11 - [MESSAGE][PASSED] - Text '123456789' is set on object 'Object Repository/Final Object Repo/New Registration - Registration Module Pages/Form 1/Telephone No'

2019-01-08 19:24:11 - [TEST_STEP][PASSED] - setText: Text '123456789' is set on object 'Object Repository/Final Object Repo/New Registration - Registration Module Pages/Form 1/Mobile No'

2019-01-08 19:24:11 - [MESSAGE][PASSED] - Text '123456789' is set on object 'Object Repository/Final Object Repo/New Registration - Registration Module Pages/Form 1/Mobile No'

2019-01-08 19:24:11 - [TEST_STEP][PASSED] - setText: Text '123456789' is set on object 'Object Repository/Final Object Repo/New Registration - Registration Module Pages/Form 1/Fax No'

2019-01-08 19:24:11 - [MESSAGE][PASSED] - Text '123456789' is set on object 'Object Repository/Final Object Repo/New Registration - Registration Module Pages/Form 1/Fax No'

2019-01-08 19:24:11 - [TEST_STEP][PASSED] - click: Object: 'Object Repository/Final Object Repo/New Registration - Registration Module Pages/Form 1/Industry Code' is clicked on

2019-01-08 19:24:12 - [MESSAGE][PASSED] - Object: 'Object Repository/Final Object Repo/New Registration - Registration Module Pages/Form 1/Industry Code' is clicked on

2019-01-08 19:24:12 - [TEST_STEP][PASSED] - click: Object: 'Object Repository/Final Object Repo/New Registration - Registration Module Pages/Form 1/Indudustry Code - Crops and Animal' is clicked on

2019-01-08 19:24:12 - [MESSAGE][PASSED] - Object: 'Object Repository/Final Object Repo/New Registration - Registration Module Pages/Form 1/Indudustry Code - Crops and Animal' is clicked on

2019-01-08 19:24:12 - [TEST_STEP][PASSED] - delay: Delayed 1 second(s)

2019-01-08 19:24:13 - [MESSAGE][PASSED] - Delayed 1 second(s)

2019-01-08 19:24:13 - [TEST_STEP][PASSED] - click: Object: 'Object Repository/Final Object Repo/New Registration - Registration Module Pages/Form 1/Sub Industry Code List' is clicked on

2019-01-08 19:24:13 - [MESSAGE][PASSED] - Object: 'Object Repository/Final Object Repo/New Registration - Registration Module Pages/Form 1/Sub Industry Code List' is clicked on

2019-01-08 19:24:13 - [TEST_STEP][PASSED] - click: Object: 'Object Repository/Final Object Repo/New Registration - Registration Module Pages/Form 1/Sub Industry Code List - Growing of Maize' is clicked on

2019-01-08 19:24:13 - [MESSAGE][PASSED] - Object: 'Object Repository/Final Object Repo/New Registration - Registration Module Pages/Form 1/Sub Industry Code List - Growing of Maize' is clicked on

2019-01-08 19:24:13 - [TEST_STEP][PASSED] - setText: Text 'perkeso123@gmail.com' is set on object 'Object Repository/Final Object Repo/New Registration - Registration Module Pages/Form 1/Email'

2019-01-08 19:24:14 - [MESSAGE][PASSED] - Text 'perkeso123@gmail.com' is set on object 'Object Repository/Final Object Repo/New Registration - Registration Module Pages/Form 1/Email'

2019-01-08 19:24:14 - [TEST_STEP][PASSED] - click: Object: 'Object Repository/Final Object Repo/New Registration - Registration Module Pages/Form 1/Method of Contribution Payment' is clicked on

2019-01-08 19:24:14 - [MESSAGE][PASSED] - Object: 'Object Repository/Final Object Repo/New Registration - Registration Module Pages/Form 1/Method of Contribution Payment' is clicked on

2019-01-08 19:24:14 - [TEST_STEP][PASSED] - click: Object: 'Object Repository/Final Object Repo/New Registration - Registration Module Pages/Form 1/Method of Contribution Payment - Portal' is clicked on

2019-01-08 19:24:14 - [MESSAGE][PASSED] - Object: 'Object Repository/Final Object Repo/New Registration - Registration Module Pages/Form 1/Method of Contribution Payment - Portal' is clicked on

2019-01-08 19:24:14 - [TEST_STEP][PASSED] - click: Object: 'Object Repository/Final Object Repo/New Registration - Registration Module Pages/Form 1/Servide Type' is clicked on

2019-01-08 19:24:14 - [MESSAGE][PASSED] - Object: 'Object Repository/Final Object Repo/New Registration - Registration Module Pages/Form 1/Servide Type' is clicked on

2019-01-08 19:24:14 - [TEST_STEP][PASSED] - click: Object: 'Object Repository/Final Object Repo/New Registration - Registration Module Pages/Form 1/Servide Type - Professional Bodies' is clicked on

2019-01-08 19:24:15 - [MESSAGE][PASSED] - Object: 'Object Repository/Final Object Repo/New Registration - Registration Module Pages/Form 1/Servide Type - Professional Bodies' is clicked on

2019-01-08 19:24:15 - [TEST_STEP][PASSED] - click: Object: 'Object Repository/Final Object Repo/New Registration - Registration Module Pages/Form 1/Industry Venue' is clicked on

2019-01-08 19:24:15 - [MESSAGE][PASSED] - Object: 'Object Repository/Final Object Repo/New Registration - Registration Module Pages/Form 1/Industry Venue' is clicked on

2019-01-08 19:24:15 - [TEST_STEP][PASSED] - click: Object: 'Object Repository/Final Object Repo/New Registration - Registration Module Pages/Form 1/Industry Venue -  PPN JOHOR' is clicked on

2019-01-08 19:24:15 - [MESSAGE][PASSED] - Object: 'Object Repository/Final Object Repo/New Registration - Registration Module Pages/Form 1/Industry Venue -  PPN JOHOR' is clicked on

2019-01-08 19:24:15 - [TEST_STEP][PASSED] - click: Object: 'Object Repository/Final Object Repo/New Registration - Registration Module Pages/Form 1/Save  Continue' is clicked on

2019-01-08 19:24:15 - [MESSAGE][PASSED] - Object: 'Object Repository/Final Object Repo/New Registration - Registration Module Pages/Form 1/Save  Continue' is clicked on

2019-01-08 19:24:15 - [MESSAGE][PASSED] - Call Test Case 'Test Cases/Final Aug 2018 - PKS Automation/Registration Module/New Registration/Form 1/Form 1 - Other - Federal Statutory Body' successfully

2019-01-08 19:24:15 - [TEST_STEP][PASSED] - callTestCase: Call Test Case 'Test Cases/Final Aug 2018 - PKS Automation/Registration Module/New Registration/Form 2/Add 2 Not Eligible - No 3rd Screen' successfully

2019-01-08 19:24:15 - [TEST_CASE][PASSED] - Test Cases/Final Aug 2018 - PKS Automation/Registration Module/New Registration/Form 2/Add 2 Not Eligible - No 3rd Screen: Test Cases/Final Aug 2018 - PKS Automation/Registration Module/New Registration/Form 2/Add 2 Not Eligible - No 3rd Screen

2019-01-08 19:24:15 - [TEST_STEP][PASSED] - delay: Delayed 2 second(s)

2019-01-08 19:24:17 - [MESSAGE][PASSED] - Delayed 2 second(s)

2019-01-08 19:24:17 - [TEST_STEP][PASSED] - callTestCase: Call Test Case 'Test Cases/Final Aug 2018 - PKS Automation/Registration Module/New Registration/Form 2/Date Updater' successfully

2019-01-08 19:24:17 - [TEST_CASE][PASSED] - Test Cases/Final Aug 2018 - PKS Automation/Registration Module/New Registration/Form 2/Date Updater: Test Cases/Final Aug 2018 - PKS Automation/Registration Module/New Registration/Form 2/Date Updater

2019-01-08 19:24:17 - [TEST_STEP][PASSED] - Statement - TodayDate = new java.util.Date(): null

2019-01-08 19:24:17 - [TEST_STEP][PASSED] - Statement - CurrentDateNoFilter = new java.text.SimpleDateFormat(): null

2019-01-08 19:24:17 - [TEST_STEP][PASSED] - Statement - CurrentDateNoFilter.applyPattern("MM"): null

2019-01-08 19:24:17 - [TEST_STEP][PASSED] - Statement - monthContainerMatcher = java.lang.Integer.parseInt(CurrentDateNoFilter.format(TodayDate)): null

2019-01-08 19:24:17 - [TEST_STEP][PASSED] - Statement - monthContainerMatcher = monthContainerMatcher - 1: null

2019-01-08 19:24:17 - [TEST_STEP][PASSED] - Statement - CurrentMonth = monthContainerMatcher.toString(): null

2019-01-08 19:24:17 - [TEST_STEP][PASSED] - Statement - CurrentMonth = CurrentMonth: null

2019-01-08 19:24:17 - [TEST_STEP][PASSED] - Statement - CurrentDateNoFilter.applyPattern("yyyy"): null

2019-01-08 19:24:17 - [TEST_STEP][PASSED] - Statement - CurrentYear = CurrentDateNoFilter.format(TodayDate): null

2019-01-08 19:24:17 - [TEST_STEP][PASSED] - Statement - CurrentYear = CurrentYear: null

2019-01-08 19:24:17 - [TEST_STEP][PASSED] - Statement - intCurrentYear = java.lang.Integer.parseInt(CurrentDateNoFilter.format(TodayDate)): null

2019-01-08 19:24:17 - [TEST_STEP][PASSED] - Statement - eighteenYrsAgo = intCurrentYear - 18: null

2019-01-08 19:24:17 - [TEST_STEP][PASSED] - Statement - eighteenYrsBeforeThisYr = eighteenYrsAgo.toString(): null

2019-01-08 19:24:17 - [TEST_STEP][PASSED] - Statement - EighteenYrsBefore = eighteenYrsBeforeThisYr: null

2019-01-08 19:24:17 - [TEST_STEP][PASSED] - Statement - fiftysevenYrsAgo = intCurrentYear - 57: null

2019-01-08 19:24:17 - [TEST_STEP][PASSED] - Statement - fiftysevenYrsBeforeThisYr = fiftysevenYrsAgo.toString(): null

2019-01-08 19:24:17 - [TEST_STEP][PASSED] - Statement - FiftysevenYrsBefore = fiftysevenYrsBeforeThisYr: null

2019-01-08 19:24:17 - [TEST_STEP][PASSED] - Statement - leapYear = false: null

2019-01-08 19:24:17 - [TEST_STEP][PASSED] - Statement - leapYear = intCurrentYear % 4 == 0: null

2019-01-08 19:24:17 - [TEST_STEP][PASSED] - Statement - CurrentDateNoFilter.applyPattern("dd"): null

2019-01-08 19:24:17 - [TEST_STEP][PASSED] - Statement - CurrentDate = CurrentDateNoFilter.format(TodayDate): null

2019-01-08 19:24:17 - [TEST_STEP][PASSED] - Statement - CurrentDate = java.lang.Integer.parseInt(CurrentDate): null

2019-01-08 19:24:17 - [TEST_STEP][PASSED] - Statement - CurrentDate = CurrentDate: null

2019-01-08 19:24:17 - [TEST_STEP][PASSED] - Statement - CurrentDay = java.lang.Integer.parseInt(CurrentDate): null

2019-01-08 19:24:17 - [TEST_STEP][PASSED] - Statement - ConfAdder = <not implemented yet for class: org.codehaus.groovy.ast.expr.EmptyExpression>: null

2019-01-08 19:24:17 - [TEST_STEP][PASSED] - Statement - out.println(CurrentMonth): null

2019-01-08 19:24:17 - [TEST_STEP][PASSED] - Statement - out.println(CurrentDate): null

2019-01-08 19:24:17 - [TEST_STEP][PASSED] - Statement - switch (CurrentDate): null

2019-01-08 19:24:17 - [TEST_STEP][PASSED] - Statement - Default: null

2019-01-08 19:24:17 - [TEST_STEP][PASSED] - Statement - ConfAdder = true: null

2019-01-08 19:24:17 - [TEST_STEP][PASSED] - Statement - Break: null

2019-01-08 19:24:17 - [TEST_STEP][PASSED] - Statement - aDayBefore = <not implemented yet for class: org.codehaus.groovy.ast.expr.EmptyExpression>: null

2019-01-08 19:24:17 - [TEST_STEP][PASSED] - Statement - out.println(ConfAdder): null

2019-01-08 19:24:17 - [TEST_STEP][PASSED] - Statement - If (ConfAdder == true): null

2019-01-08 19:24:17 - [TEST_STEP][PASSED] - Statement - aDayBefore = CurrentDay + 1: null

2019-01-08 19:24:17 - [TEST_STEP][PASSED] - Statement - out.println(aDayBefore): null

2019-01-08 19:24:17 - [TEST_STEP][PASSED] - Statement - If (aDayBefore == 1 && CurrentMonth == 11): null

2019-01-08 19:24:17 - [TEST_STEP][PASSED] - Statement - DayBefore = aDayBefore.toString(): null

2019-01-08 19:24:17 - [TEST_STEP][PASSED] - Statement - OneDayBefore = DayBefore: null

2019-01-08 19:24:17 - [MESSAGE][PASSED] - Call Test Case 'Test Cases/Final Aug 2018 - PKS Automation/Registration Module/New Registration/Form 2/Date Updater' successfully

2019-01-08 19:24:17 - [TEST_STEP][PASSED] - Statement - CaseReferenceNo = com.kms.katalon.core.webui.keyword.WebUiBuiltInKeywords.getText(com.kms.katalon.core.testobject.ObjectRepository.findTestObject(Final Object Repo/New Registration - Registration Module Pages/Form 2/RefNo Acquiring)): Text of object 'Object Repository/Final Object Repo/New Registration - Registration Module Pages/Form 2/RefNo Acquiring' is: 'CRN01201900123658'

2019-01-08 19:24:17 - [MESSAGE][PASSED] - Text of object 'Object Repository/Final Object Repo/New Registration - Registration Module Pages/Form 2/RefNo Acquiring' is: 'CRN01201900123658'

2019-01-08 19:24:17 - [TEST_STEP][PASSED] - delay: Delayed 6 second(s)

2019-01-08 19:24:23 - [MESSAGE][PASSED] - Delayed 6 second(s)

2019-01-08 19:24:23 - [TEST_STEP][PASSED] - click: Object: 'Object Repository/Final Object Repo/New Registration - Registration Module Pages/Form 2/Add Employee Button' is clicked on

2019-01-08 19:24:24 - [MESSAGE][PASSED] - Object: 'Object Repository/Final Object Repo/New Registration - Registration Module Pages/Form 2/Add Employee Button' is clicked on

2019-01-08 19:24:24 - [TEST_STEP][PASSED] - delay: Delayed 4 second(s)

2019-01-08 19:24:28 - [MESSAGE][PASSED] - Delayed 4 second(s)

2019-01-08 19:24:28 - [TEST_STEP][PASSED] - setText: Text '000209039189' is set on object 'Object Repository/Final Object Repo/New Registration - Registration Module Pages/Form 2/NRIC Input'

2019-01-08 19:24:28 - [MESSAGE][PASSED] - Text '000209039189' is set on object 'Object Repository/Final Object Repo/New Registration - Registration Module Pages/Form 2/NRIC Input'

2019-01-08 19:24:28 - [TEST_STEP][PASSED] - click: Object: 'Object Repository/Final Object Repo/New Registration - Registration Module Pages/Form 2/button for search for IC' is clicked on

2019-01-08 19:24:28 - [MESSAGE][PASSED] - Object: 'Object Repository/Final Object Repo/New Registration - Registration Module Pages/Form 2/button for search for IC' is clicked on

2019-01-08 19:24:28 - [TEST_STEP][PASSED] - delay: Delayed 2 second(s)

2019-01-08 19:24:30 - [MESSAGE][PASSED] - Delayed 2 second(s)

2019-01-08 19:24:30 - [TEST_STEP][PASSED] - setText: Text 'Automate001 not eligible 1' is set on object 'Object Repository/Final Object Repo/New Registration - Registration Module Pages/Form 2/Employee Name Input'

2019-01-08 19:24:31 - [MESSAGE][PASSED] - Text 'Automate001 not eligible 1' is set on object 'Object Repository/Final Object Repo/New Registration - Registration Module Pages/Form 2/Employee Name Input'

2019-01-08 19:24:31 - [TEST_STEP][PASSED] - delay: Delayed 2 second(s)

2019-01-08 19:24:33 - [MESSAGE][PASSED] - Delayed 2 second(s)

2019-01-08 19:24:33 - [TEST_STEP][PASSED] - click: Object: 'Object Repository/Final Object Repo/New Registration - Registration Module Pages/Form 2/DatePicker Pop Up' is clicked on

2019-01-08 19:24:33 - [MESSAGE][PASSED] - Object: 'Object Repository/Final Object Repo/New Registration - Registration Module Pages/Form 2/DatePicker Pop Up' is clicked on

2019-01-08 19:24:33 - [TEST_STEP][PASSED] - click: Object: 'Object Repository/Final Object Repo/New Registration - Registration Module Pages/Form 2/DOB Month' is clicked on

2019-01-08 19:24:33 - [MESSAGE][PASSED] - Object: 'Object Repository/Final Object Repo/New Registration - Registration Module Pages/Form 2/DOB Month' is clicked on

2019-01-08 19:24:33 - [TEST_STEP][PASSED] - Statement - CurrentMonth = CurrentMonth: null

2019-01-08 19:24:33 - [TEST_STEP][PASSED] - Statement - selectMonth = new com.kms.katalon.core.testobject.TestObject(): null

2019-01-08 19:24:33 - [TEST_STEP][PASSED] - Statement - selectMonth.addProperty("xpath", EQUALS, "//body/div/div/div/select/option[@value='" + CurrentMonth + "']", true): null

2019-01-08 19:24:33 - [TEST_STEP][PASSED] - click: Object: '' is clicked on

2019-01-08 19:24:33 - [MESSAGE][PASSED] - Object: '' is clicked on

2019-01-08 19:24:33 - [TEST_STEP][PASSED] - delay: Delayed 2 second(s)

2019-01-08 19:24:35 - [MESSAGE][PASSED] - Delayed 2 second(s)

2019-01-08 19:24:35 - [TEST_STEP][PASSED] - click: Object: 'Object Repository/Final Object Repo/New Registration - Registration Module Pages/Form 2/DOB Year' is clicked on

2019-01-08 19:24:35 - [MESSAGE][PASSED] - Object: 'Object Repository/Final Object Repo/New Registration - Registration Module Pages/Form 2/DOB Year' is clicked on

2019-01-08 19:24:35 - [TEST_STEP][PASSED] - Statement - Eyearsbf = EighteenYrsBefore: null

2019-01-08 19:24:35 - [TEST_STEP][PASSED] - Statement - selectYear = new com.kms.katalon.core.testobject.TestObject(): null

2019-01-08 19:24:35 - [TEST_STEP][PASSED] - Statement - selectYear.addProperty("xpath", EQUALS, "//div/div/div/select/option[@value='" + Eyearsbf + "']", true): null

2019-01-08 19:24:35 - [TEST_STEP][PASSED] - click: Object: '' is clicked on

2019-01-08 19:24:35 - [MESSAGE][PASSED] - Object: '' is clicked on

2019-01-08 19:24:35 - [TEST_STEP][PASSED] - delay: Delayed 3 second(s)

2019-01-08 19:24:38 - [MESSAGE][PASSED] - Delayed 3 second(s)

2019-01-08 19:24:38 - [TEST_STEP][PASSED] - Statement - UpdatedSelectDate = com.kms.katalon.core.webui.keyword.WebUiBuiltInKeywords.modifyObjectProperty(com.kms.katalon.core.testobject.ObjectRepository.findTestObject(Final Object Repo/New Registration - Registration Module Pages/Form 2/DOB Date), "xpath", "equals", "//body/div/table/tbody/tr/td/a[text()="" + OneDayBefore + ""]", true): Modify property of object successfully

2019-01-08 19:24:38 - [MESSAGE][PASSED] - Modify property of object successfully

2019-01-08 19:24:38 - [TEST_STEP][PASSED] - delay: Delayed 3 second(s)

2019-01-08 19:24:41 - [MESSAGE][PASSED] - Delayed 3 second(s)

2019-01-08 19:24:41 - [TEST_STEP][PASSED] - click: Object: 'Object Repository/Final Object Repo/New Registration - Registration Module Pages/Form 2/DOB Date' is clicked on

2019-01-08 19:24:42 - [MESSAGE][PASSED] - Object: 'Object Repository/Final Object Repo/New Registration - Registration Module Pages/Form 2/DOB Date' is clicked on

2019-01-08 19:24:42 - [TEST_STEP][PASSED] - delay: Delayed 2 second(s)

2019-01-08 19:24:44 - [MESSAGE][PASSED] - Delayed 2 second(s)

2019-01-08 19:24:44 - [TEST_STEP][PASSED] - click: Object: 'Object Repository/Final Object Repo/New Registration - Registration Module Pages/Form 2/EmploymentStartDate Pop Up' is clicked on

2019-01-08 19:24:44 - [MESSAGE][PASSED] - Object: 'Object Repository/Final Object Repo/New Registration - Registration Module Pages/Form 2/EmploymentStartDate Pop Up' is clicked on

2019-01-08 19:24:44 - [TEST_STEP][PASSED] - delay: Delayed 2 second(s)

2019-01-08 19:24:46 - [MESSAGE][PASSED] - Delayed 2 second(s)

2019-01-08 19:24:46 - [TEST_STEP][PASSED] - click: Object: 'Object Repository/Final Object Repo/New Registration - Registration Module Pages/Form 2/Socso Employment StartDate Month' is clicked on

2019-01-08 19:24:46 - [MESSAGE][PASSED] - Object: 'Object Repository/Final Object Repo/New Registration - Registration Module Pages/Form 2/Socso Employment StartDate Month' is clicked on

2019-01-08 19:24:46 - [TEST_STEP][PASSED] - delay: Delayed 1 second(s)

2019-01-08 19:24:47 - [MESSAGE][PASSED] - Delayed 1 second(s)

2019-01-08 19:24:47 - [TEST_STEP][PASSED] - click: Object: 'Object Repository/Final Object Repo/New Registration - Registration Module Pages/Form 2/Select Socso Employement Startdate Month' is clicked on

2019-01-08 19:24:47 - [MESSAGE][PASSED] - Object: 'Object Repository/Final Object Repo/New Registration - Registration Module Pages/Form 2/Select Socso Employement Startdate Month' is clicked on

2019-01-08 19:24:47 - [TEST_STEP][PASSED] - delay: Delayed 2 second(s)

2019-01-08 19:24:49 - [MESSAGE][PASSED] - Delayed 2 second(s)

2019-01-08 19:24:49 - [TEST_STEP][PASSED] - click: Object: 'Object Repository/Final Object Repo/New Registration - Registration Module Pages/Form 2/Socso Employment StartDate Year' is clicked on

2019-01-08 19:24:49 - [MESSAGE][PASSED] - Object: 'Object Repository/Final Object Repo/New Registration - Registration Module Pages/Form 2/Socso Employment StartDate Year' is clicked on

2019-01-08 19:24:49 - [TEST_STEP][PASSED] - delay: Delayed 1 second(s)

2019-01-08 19:24:50 - [MESSAGE][PASSED] - Delayed 1 second(s)

2019-01-08 19:24:50 - [TEST_STEP][PASSED] - click: Object: 'Object Repository/Final Object Repo/New Registration - Registration Module Pages/Form 2/Select Socso Employment Startdate Year' is clicked on

2019-01-08 19:24:50 - [MESSAGE][PASSED] - Object: 'Object Repository/Final Object Repo/New Registration - Registration Module Pages/Form 2/Select Socso Employment Startdate Year' is clicked on

2019-01-08 19:24:50 - [TEST_STEP][PASSED] - delay: Delayed 2 second(s)

2019-01-08 19:24:52 - [MESSAGE][PASSED] - Delayed 2 second(s)

2019-01-08 19:24:52 - [TEST_STEP][PASSED] - click: Object: 'Object Repository/Final Object Repo/New Registration - Registration Module Pages/Form 2/Socso Employment Start Date Day' is clicked on

2019-01-08 19:24:53 - [MESSAGE][PASSED] - Object: 'Object Repository/Final Object Repo/New Registration - Registration Module Pages/Form 2/Socso Employment Start Date Day' is clicked on

2019-01-08 19:24:53 - [TEST_STEP][PASSED] - delay: Delayed 2 second(s)

2019-01-08 19:24:55 - [MESSAGE][PASSED] - Delayed 2 second(s)

2019-01-08 19:24:55 - [TEST_STEP][PASSED] - click: Object: 'Object Repository/Final Object Repo/New Registration - Registration Module Pages/Form 2/Save Button for Add Employee' is clicked on

2019-01-08 19:24:55 - [MESSAGE][PASSED] - Object: 'Object Repository/Final Object Repo/New Registration - Registration Module Pages/Form 2/Save Button for Add Employee' is clicked on

2019-01-08 19:24:55 - [TEST_STEP][PASSED] - delay: Delayed 6 second(s)

2019-01-08 19:25:01 - [MESSAGE][PASSED] - Delayed 6 second(s)

2019-01-08 19:25:01 - [TEST_STEP][PASSED] - click: Object: 'Object Repository/Final Object Repo/New Registration - Registration Module Pages/Form 2/Add Employee Button' is clicked on

2019-01-08 19:25:01 - [MESSAGE][PASSED] - Object: 'Object Repository/Final Object Repo/New Registration - Registration Module Pages/Form 2/Add Employee Button' is clicked on

2019-01-08 19:25:01 - [TEST_STEP][PASSED] - delay: Delayed 4 second(s)

2019-01-08 19:25:05 - [MESSAGE][PASSED] - Delayed 4 second(s)

2019-01-08 19:25:05 - [TEST_STEP][PASSED] - setText: Text '600203039194' is set on object 'Object Repository/Final Object Repo/New Registration - Registration Module Pages/Form 2/NRIC Input'

2019-01-08 19:25:05 - [MESSAGE][PASSED] - Text '600203039194' is set on object 'Object Repository/Final Object Repo/New Registration - Registration Module Pages/Form 2/NRIC Input'

2019-01-08 19:25:05 - [TEST_STEP][PASSED] - click: Object: 'Object Repository/Final Object Repo/New Registration - Registration Module Pages/Form 2/button for search for IC' is clicked on

2019-01-08 19:25:05 - [MESSAGE][PASSED] - Object: 'Object Repository/Final Object Repo/New Registration - Registration Module Pages/Form 2/button for search for IC' is clicked on

2019-01-08 19:25:05 - [TEST_STEP][PASSED] - delay: Delayed 2 second(s)

2019-01-08 19:25:07 - [MESSAGE][PASSED] - Delayed 2 second(s)

2019-01-08 19:25:07 - [TEST_STEP][PASSED] - setText: Text 'Automate001 not eligible 2' is set on object 'Object Repository/Final Object Repo/New Registration - Registration Module Pages/Form 2/Employee Name Input'

2019-01-08 19:25:08 - [MESSAGE][PASSED] - Text 'Automate001 not eligible 2' is set on object 'Object Repository/Final Object Repo/New Registration - Registration Module Pages/Form 2/Employee Name Input'

2019-01-08 19:25:08 - [TEST_STEP][PASSED] - delay: Delayed 2 second(s)

2019-01-08 19:25:10 - [MESSAGE][PASSED] - Delayed 2 second(s)

2019-01-08 19:25:10 - [TEST_STEP][PASSED] - click: Object: 'Object Repository/Final Object Repo/New Registration - Registration Module Pages/Form 2/DatePicker Pop Up' is clicked on

2019-01-08 19:25:10 - [MESSAGE][PASSED] - Object: 'Object Repository/Final Object Repo/New Registration - Registration Module Pages/Form 2/DatePicker Pop Up' is clicked on

2019-01-08 19:25:10 - [TEST_STEP][PASSED] - delay: Delayed 1 second(s)

2019-01-08 19:25:11 - [MESSAGE][PASSED] - Delayed 1 second(s)

2019-01-08 19:25:11 - [TEST_STEP][PASSED] - click: Object: 'Object Repository/Final Object Repo/New Registration - Registration Module Pages/Form 2/DOB Month' is clicked on

2019-01-08 19:25:11 - [MESSAGE][PASSED] - Object: 'Object Repository/Final Object Repo/New Registration - Registration Module Pages/Form 2/DOB Month' is clicked on

2019-01-08 19:25:11 - [TEST_STEP][PASSED] - Statement - selectMonth = com.kms.katalon.core.webui.keyword.WebUiBuiltInKeywords.modifyObjectProperty(selectMonth, "xpath", "equals", "//body/div/div/div/select/option[@value="" + CurrentMonth + ""]", true): Modify property of object successfully

2019-01-08 19:25:11 - [MESSAGE][PASSED] - Modify property of object successfully

2019-01-08 19:25:11 - [TEST_STEP][PASSED] - click: Object: '' is clicked on

2019-01-08 19:25:11 - [MESSAGE][PASSED] - Object: '' is clicked on

2019-01-08 19:25:11 - [TEST_STEP][PASSED] - click: Object: 'Object Repository/Final Object Repo/New Registration - Registration Module Pages/Form 2/DOB Year' is clicked on

2019-01-08 19:25:12 - [MESSAGE][PASSED] - Object: 'Object Repository/Final Object Repo/New Registration - Registration Module Pages/Form 2/DOB Year' is clicked on

2019-01-08 19:25:12 - [TEST_STEP][PASSED] - Statement - selectYear = com.kms.katalon.core.webui.keyword.WebUiBuiltInKeywords.modifyObjectProperty(selectYear, "xpath", "equals", "//div/div/div/select/option[@value="" + FiftysevenYrsBefore + ""]", true): Modify property of object successfully

2019-01-08 19:25:12 - [MESSAGE][PASSED] - Modify property of object successfully

2019-01-08 19:25:12 - [TEST_STEP][PASSED] - click: Object: '' is clicked on

2019-01-08 19:25:12 - [MESSAGE][PASSED] - Object: '' is clicked on

2019-01-08 19:25:12 - [TEST_STEP][PASSED] - Statement - UpdatedSelectDate = com.kms.katalon.core.webui.keyword.WebUiBuiltInKeywords.modifyObjectProperty(com.kms.katalon.core.testobject.ObjectRepository.findTestObject(Final Object Repo/New Registration - Registration Module Pages/Form 2/DOB Date), "xpath", "equals", "//body/div/table/tbody/tr/td/a[text()="" + CurrentDate + ""]", true): Modify property of object successfully

2019-01-08 19:25:12 - [MESSAGE][PASSED] - Modify property of object successfully

2019-01-08 19:25:12 - [TEST_STEP][PASSED] - delay: Delayed 3 second(s)

2019-01-08 19:25:15 - [MESSAGE][PASSED] - Delayed 3 second(s)

2019-01-08 19:25:15 - [TEST_STEP][PASSED] - click: Object: 'Object Repository/Final Object Repo/New Registration - Registration Module Pages/Form 2/DOB Date' is clicked on

2019-01-08 19:25:15 - [MESSAGE][PASSED] - Object: 'Object Repository/Final Object Repo/New Registration - Registration Module Pages/Form 2/DOB Date' is clicked on

2019-01-08 19:25:15 - [TEST_STEP][PASSED] - delay: Delayed 2 second(s)

2019-01-08 19:25:17 - [MESSAGE][PASSED] - Delayed 2 second(s)

2019-01-08 19:25:17 - [TEST_STEP][PASSED] - click: Object: 'Object Repository/Final Object Repo/New Registration - Registration Module Pages/Form 2/EmploymentStartDate Pop Up' is clicked on

2019-01-08 19:25:17 - [MESSAGE][PASSED] - Object: 'Object Repository/Final Object Repo/New Registration - Registration Module Pages/Form 2/EmploymentStartDate Pop Up' is clicked on

2019-01-08 19:25:17 - [TEST_STEP][PASSED] - delay: Delayed 2 second(s)

2019-01-08 19:25:19 - [MESSAGE][PASSED] - Delayed 2 second(s)

2019-01-08 19:25:19 - [TEST_STEP][PASSED] - click: Object: 'Object Repository/Final Object Repo/New Registration - Registration Module Pages/Form 2/Socso Employment StartDate Month' is clicked on

2019-01-08 19:25:19 - [MESSAGE][PASSED] - Object: 'Object Repository/Final Object Repo/New Registration - Registration Module Pages/Form 2/Socso Employment StartDate Month' is clicked on

2019-01-08 19:25:19 - [TEST_STEP][PASSED] - delay: Delayed 1 second(s)

2019-01-08 19:25:20 - [MESSAGE][PASSED] - Delayed 1 second(s)

2019-01-08 19:25:20 - [TEST_STEP][PASSED] - click: Object: 'Object Repository/Final Object Repo/New Registration - Registration Module Pages/Form 2/Select Socso Employement Startdate Month' is clicked on

2019-01-08 19:25:20 - [MESSAGE][PASSED] - Object: 'Object Repository/Final Object Repo/New Registration - Registration Module Pages/Form 2/Select Socso Employement Startdate Month' is clicked on

2019-01-08 19:25:20 - [TEST_STEP][PASSED] - delay: Delayed 2 second(s)

2019-01-08 19:25:22 - [MESSAGE][PASSED] - Delayed 2 second(s)

2019-01-08 19:25:22 - [TEST_STEP][PASSED] - click: Object: 'Object Repository/Final Object Repo/New Registration - Registration Module Pages/Form 2/Socso Employment StartDate Year' is clicked on

2019-01-08 19:25:23 - [MESSAGE][PASSED] - Object: 'Object Repository/Final Object Repo/New Registration - Registration Module Pages/Form 2/Socso Employment StartDate Year' is clicked on

2019-01-08 19:25:23 - [TEST_STEP][PASSED] - click: Object: 'Object Repository/Final Object Repo/New Registration - Registration Module Pages/Form 2/Select Socso Employment Startdate Year' is clicked on

2019-01-08 19:25:23 - [MESSAGE][PASSED] - Object: 'Object Repository/Final Object Repo/New Registration - Registration Module Pages/Form 2/Select Socso Employment Startdate Year' is clicked on

2019-01-08 19:25:23 - [TEST_STEP][PASSED] - delay: Delayed 2 second(s)

2019-01-08 19:25:25 - [MESSAGE][PASSED] - Delayed 2 second(s)

2019-01-08 19:25:25 - [TEST_STEP][PASSED] - click: Object: 'Object Repository/Final Object Repo/New Registration - Registration Module Pages/Form 2/Socso Employment Start Date Day' is clicked on

2019-01-08 19:25:25 - [MESSAGE][PASSED] - Object: 'Object Repository/Final Object Repo/New Registration - Registration Module Pages/Form 2/Socso Employment Start Date Day' is clicked on

2019-01-08 19:25:25 - [TEST_STEP][PASSED] - delay: Delayed 2 second(s)

2019-01-08 19:25:27 - [MESSAGE][PASSED] - Delayed 2 second(s)

2019-01-08 19:25:27 - [TEST_STEP][PASSED] - click: Object: 'Object Repository/Final Object Repo/New Registration - Registration Module Pages/Form 2/Save Button for Add Employee' is clicked on

2019-01-08 19:25:27 - [MESSAGE][PASSED] - Object: 'Object Repository/Final Object Repo/New Registration - Registration Module Pages/Form 2/Save Button for Add Employee' is clicked on

2019-01-08 19:25:27 - [TEST_STEP][PASSED] - delay: Delayed 2 second(s)

2019-01-08 19:25:29 - [MESSAGE][PASSED] - Delayed 2 second(s)

2019-01-08 19:25:29 - [TEST_STEP][PASSED] - click: Object: 'Object Repository/Final Object Repo/New Registration - Registration Module Pages/Form 2/Save and Continue Form 2' is clicked on

2019-01-08 19:25:29 - [MESSAGE][PASSED] - Object: 'Object Repository/Final Object Repo/New Registration - Registration Module Pages/Form 2/Save and Continue Form 2' is clicked on

2019-01-08 19:25:29 - [MESSAGE][PASSED] - Call Test Case 'Test Cases/Final Aug 2018 - PKS Automation/Registration Module/New Registration/Form 2/Add 2 Not Eligible - No 3rd Screen' successfully

2019-01-08 19:25:29 - [TEST_STEP][PASSED] - callTestCase: Call Test Case 'Test Cases/Final Aug 2018 - PKS Automation/Registration Module/New Registration/Flow of New Registration/No Third Screen - Upload 2 Supporting Doc - Preview' successfully

2019-01-08 19:25:29 - [TEST_CASE][PASSED] - Test Cases/Final Aug 2018 - PKS Automation/Registration Module/New Registration/Flow of New Registration/No Third Screen - Upload 2 Supporting Doc - Preview: Test Cases/Final Aug 2018 - PKS Automation/Registration Module/New Registration/Flow of New Registration/No Third Screen - Upload 2 Supporting Doc - Preview

2019-01-08 19:25:29 - [TEST_STEP][PASSED] - delay: Delayed 4 second(s)

2019-01-08 19:25:33 - [MESSAGE][PASSED] - Delayed 4 second(s)

2019-01-08 19:25:33 - [TEST_STEP][PASSED] - click: Object: 'Object Repository/Final Object Repo/New Registration - Registration Module Pages/Third Screen - Upload Supporting Doc- Preview/Add Document Button' is clicked on

2019-01-08 19:25:33 - [MESSAGE][PASSED] - Object: 'Object Repository/Final Object Repo/New Registration - Registration Module Pages/Third Screen - Upload Supporting Doc- Preview/Add Document Button' is clicked on

2019-01-08 19:25:33 - [TEST_STEP][PASSED] - delay: Delayed 4 second(s)

2019-01-08 19:25:37 - [MESSAGE][PASSED] - Delayed 4 second(s)

2019-01-08 19:25:37 - [TEST_STEP][PASSED] - click: Object: 'Object Repository/Final Object Repo/New Registration - Registration Module Pages/Third Screen - Upload Supporting Doc- Preview/Supporting Doc Please Select Drop Down' is clicked on

2019-01-08 19:25:38 - [MESSAGE][PASSED] - Object: 'Object Repository/Final Object Repo/New Registration - Registration Module Pages/Third Screen - Upload Supporting Doc- Preview/Supporting Doc Please Select Drop Down' is clicked on

2019-01-08 19:25:38 - [TEST_STEP][PASSED] - delay: Delayed 2 second(s)

2019-01-08 19:25:40 - [MESSAGE][PASSED] - Delayed 2 second(s)

2019-01-08 19:25:40 - [TEST_STEP][PASSED] - click: Object: 'Object Repository/Final Object Repo/New Registration - Registration Module Pages/Third Screen - Upload Supporting Doc- Preview/Select to Upload Form 1' is clicked on

2019-01-08 19:25:40 - [MESSAGE][PASSED] - Object: 'Object Repository/Final Object Repo/New Registration - Registration Module Pages/Third Screen - Upload Supporting Doc- Preview/Select to Upload Form 1' is clicked on

2019-01-08 19:25:40 - [TEST_STEP][PASSED] - delay: Delayed 2 second(s)

2019-01-08 19:25:42 - [MESSAGE][PASSED] - Delayed 2 second(s)

2019-01-08 19:25:42 - [TEST_STEP][PASSED] - uploadFile: File 'C:\Users\Public\Pictures\Sample Pictures\Koala.jpg' sent to object: 'Object Repository/Final Object Repo/New Registration - Registration Module Pages/Third Screen - Upload Supporting Doc- Preview/Upload File Adding'

2019-01-08 19:25:42 - [MESSAGE][PASSED] - File 'C:\Users\Public\Pictures\Sample Pictures\Koala.jpg' sent to object: 'Object Repository/Final Object Repo/New Registration - Registration Module Pages/Third Screen - Upload Supporting Doc- Preview/Upload File Adding'

2019-01-08 19:25:42 - [TEST_STEP][PASSED] - delay: Delayed 5 second(s)

2019-01-08 19:25:47 - [MESSAGE][PASSED] - Delayed 5 second(s)

2019-01-08 19:25:47 - [TEST_STEP][PASSED] - click: Object: 'Object Repository/Final Object Repo/New Registration - Registration Module Pages/Third Screen - Upload Supporting Doc- Preview/Inner Form Add Document Button' is clicked on

2019-01-08 19:25:47 - [MESSAGE][PASSED] - Object: 'Object Repository/Final Object Repo/New Registration - Registration Module Pages/Third Screen - Upload Supporting Doc- Preview/Inner Form Add Document Button' is clicked on

2019-01-08 19:25:47 - [TEST_STEP][PASSED] - delay: Delayed 3 second(s)

2019-01-08 19:25:50 - [MESSAGE][PASSED] - Delayed 3 second(s)

2019-01-08 19:25:50 - [TEST_STEP][PASSED] - click: Object: 'Object Repository/Final Object Repo/New Registration - Registration Module Pages/Third Screen - Upload Supporting Doc- Preview/Add Document Button' is clicked on

2019-01-08 19:25:52 - [MESSAGE][PASSED] - Object: 'Object Repository/Final Object Repo/New Registration - Registration Module Pages/Third Screen - Upload Supporting Doc- Preview/Add Document Button' is clicked on

2019-01-08 19:25:52 - [TEST_STEP][PASSED] - delay: Delayed 4 second(s)

2019-01-08 19:25:56 - [MESSAGE][PASSED] - Delayed 4 second(s)

2019-01-08 19:25:56 - [TEST_STEP][PASSED] - click: Object: 'Object Repository/Final Object Repo/New Registration - Registration Module Pages/Third Screen - Upload Supporting Doc- Preview/Supporting Doc Please Select Drop Down' is clicked on

2019-01-08 19:25:56 - [MESSAGE][PASSED] - Object: 'Object Repository/Final Object Repo/New Registration - Registration Module Pages/Third Screen - Upload Supporting Doc- Preview/Supporting Doc Please Select Drop Down' is clicked on

2019-01-08 19:25:56 - [TEST_STEP][PASSED] - delay: Delayed 2 second(s)

2019-01-08 19:25:58 - [MESSAGE][PASSED] - Delayed 2 second(s)

2019-01-08 19:25:58 - [TEST_STEP][PASSED] - click: Object: 'Object Repository/Final Object Repo/New Registration - Registration Module Pages/Third Screen - Upload Supporting Doc- Preview/Select to Upload Form 2' is clicked on

2019-01-08 19:25:58 - [MESSAGE][PASSED] - Object: 'Object Repository/Final Object Repo/New Registration - Registration Module Pages/Third Screen - Upload Supporting Doc- Preview/Select to Upload Form 2' is clicked on

2019-01-08 19:25:58 - [TEST_STEP][PASSED] - delay: Delayed 2 second(s)

2019-01-08 19:26:00 - [MESSAGE][PASSED] - Delayed 2 second(s)

2019-01-08 19:26:00 - [TEST_STEP][PASSED] - uploadFile: File 'C:\Users\Public\Pictures\Sample Pictures\Koala.jpg' sent to object: 'Object Repository/Final Object Repo/New Registration - Registration Module Pages/Third Screen - Upload Supporting Doc- Preview/Upload File Adding'

2019-01-08 19:26:00 - [MESSAGE][PASSED] - File 'C:\Users\Public\Pictures\Sample Pictures\Koala.jpg' sent to object: 'Object Repository/Final Object Repo/New Registration - Registration Module Pages/Third Screen - Upload Supporting Doc- Preview/Upload File Adding'

2019-01-08 19:26:00 - [TEST_STEP][PASSED] - delay: Delayed 5 second(s)

2019-01-08 19:26:05 - [MESSAGE][PASSED] - Delayed 5 second(s)

2019-01-08 19:26:05 - [TEST_STEP][PASSED] - click: Object: 'Object Repository/Final Object Repo/New Registration - Registration Module Pages/Third Screen - Upload Supporting Doc- Preview/Inner Form Add Document Button' is clicked on

2019-01-08 19:26:06 - [MESSAGE][PASSED] - Object: 'Object Repository/Final Object Repo/New Registration - Registration Module Pages/Third Screen - Upload Supporting Doc- Preview/Inner Form Add Document Button' is clicked on

2019-01-08 19:26:06 - [TEST_STEP][PASSED] - delay: Delayed 3 second(s)

2019-01-08 19:26:09 - [MESSAGE][PASSED] - Delayed 3 second(s)

2019-01-08 19:26:09 - [TEST_STEP][PASSED] - click: Object: 'Object Repository/Final Object Repo/New Registration - Registration Module Pages/Third Screen - Upload Supporting Doc- Preview/Save n Continue in Uploading Supporting Doc Page' is clicked on

2019-01-08 19:26:10 - [MESSAGE][PASSED] - Object: 'Object Repository/Final Object Repo/New Registration - Registration Module Pages/Third Screen - Upload Supporting Doc- Preview/Save n Continue in Uploading Supporting Doc Page' is clicked on

2019-01-08 19:26:10 - [MESSAGE][PASSED] - Call Test Case 'Test Cases/Final Aug 2018 - PKS Automation/Registration Module/New Registration/Flow of New Registration/No Third Screen - Upload 2 Supporting Doc - Preview' successfully

2019-01-08 19:26:10 - [TEST_STEP][PASSED] - callTestCase: Call Test Case 'Test Cases/Final Aug 2018 - PKS Automation/Registration Module/New Registration/Submit and Screenshot/Submit Registration and Screenshot' successfully

2019-01-08 19:26:10 - [TEST_CASE][PASSED] - Test Cases/Final Aug 2018 - PKS Automation/Registration Module/New Registration/Submit and Screenshot/Submit Registration and Screenshot: Test Cases/Final Aug 2018 - PKS Automation/Registration Module/New Registration/Submit and Screenshot/Submit Registration and Screenshot

2019-01-08 19:26:10 - [TEST_STEP][PASSED] - delay: Delayed 6 second(s)

2019-01-08 19:26:16 - [MESSAGE][PASSED] - Delayed 6 second(s)

2019-01-08 19:26:16 - [TEST_STEP][PASSED] - click: Object: 'Object Repository/Final Object Repo/New Registration - Registration Module Pages/Third Screen - Upload Supporting Doc- Preview/Preview Submit Button' is clicked on

2019-01-08 19:26:16 - [MESSAGE][PASSED] - Object: 'Object Repository/Final Object Repo/New Registration - Registration Module Pages/Third Screen - Upload Supporting Doc- Preview/Preview Submit Button' is clicked on

2019-01-08 19:26:16 - [TEST_STEP][PASSED] - delay: Delayed 2 second(s)

2019-01-08 19:26:18 - [MESSAGE][PASSED] - Delayed 2 second(s)

2019-01-08 19:26:18 - [TEST_STEP][PASSED] - click: Object: 'Object Repository/Final Object Repo/New Registration - Registration Module Pages/Third Screen - Upload Supporting Doc- Preview/Preview Submit - Confirm' is clicked on

2019-01-08 19:26:19 - [MESSAGE][PASSED] - Object: 'Object Repository/Final Object Repo/New Registration - Registration Module Pages/Third Screen - Upload Supporting Doc- Preview/Preview Submit - Confirm' is clicked on

2019-01-08 19:26:19 - [TEST_STEP][PASSED] - delay: Delayed 15 second(s)

2019-01-08 19:26:34 - [MESSAGE][PASSED] - Delayed 15 second(s)

2019-01-08 19:26:34 - [TEST_STEP][PASSED] - Statement - driver = com.kms.katalon.core.webui.driver.DriverFactory.getWebDriver(): null

2019-01-08 19:26:34 - [TEST_STEP][PASSED] - Statement - driver.manage().timeouts().implicitlyWait(10, SECONDS): null

2019-01-08 19:26:34 - [TEST_STEP][PASSED] - Statement - PresavePath = KatalonScreenshots: null

2019-01-08 19:26:34 - [TEST_STEP][PASSED] - Statement - pathPrefix = "C:\Users\Public\Pictures\Sample Pictures\Katalon Screenshots\Automate Ending Screen": null

2019-01-08 19:26:34 - [TEST_STEP][PASSED] - Statement - finalPath = <not implemented yet for class: org.codehaus.groovy.ast.expr.EmptyExpression>: null

2019-01-08 19:26:34 - [TEST_STEP][PASSED] - Statement - scrFile = driver.getScreenshotAs(FILE): null

2019-01-08 19:26:34 - [TEST_STEP][PASSED] - Statement - PreSaveFile = new java.io.File(PresavePath): null

2019-01-08 19:26:34 - [TEST_STEP][PASSED] - Statement - counter = 0: null

2019-01-08 19:26:34 - [TEST_STEP][PASSED] - Statement - If (PreSaveFile.exists()): null

2019-01-08 19:26:34 - [TEST_STEP][PASSED] - Statement - While (PreSaveFile.exists()): null

2019-01-08 19:26:34 - [TEST_STEP][PASSED] - Statement - counter = counter + 1: null

2019-01-08 19:26:34 - [TEST_STEP][PASSED] - Statement - PreSaveFile = new java.io.File(((pathPrefix + java.lang.Integer.toString(counter)) + .png)): null

2019-01-08 19:26:34 - [TEST_STEP][PASSED] - Statement - counter = counter + 1: null

2019-01-08 19:26:34 - [TEST_STEP][PASSED] - Statement - PreSaveFile = new java.io.File(((pathPrefix + java.lang.Integer.toString(counter)) + .png)): null

2019-01-08 19:26:34 - [TEST_STEP][PASSED] - Statement - counter = counter + 1: null

2019-01-08 19:26:34 - [TEST_STEP][PASSED] - Statement - PreSaveFile = new java.io.File(((pathPrefix + java.lang.Integer.toString(counter)) + .png)): null

2019-01-08 19:26:34 - [TEST_STEP][PASSED] - Statement - counter = counter + 1: null

2019-01-08 19:26:34 - [TEST_STEP][PASSED] - Statement - PreSaveFile = new java.io.File(((pathPrefix + java.lang.Integer.toString(counter)) + .png)): null

2019-01-08 19:26:34 - [TEST_STEP][PASSED] - Statement - counter = counter + 1: null

2019-01-08 19:26:34 - [TEST_STEP][PASSED] - Statement - PreSaveFile = new java.io.File(((pathPrefix + java.lang.Integer.toString(counter)) + .png)): null

2019-01-08 19:26:34 - [TEST_STEP][PASSED] - Statement - counter = counter + 1: null

2019-01-08 19:26:34 - [TEST_STEP][PASSED] - Statement - PreSaveFile = new java.io.File(((pathPrefix + java.lang.Integer.toString(counter)) + .png)): null

2019-01-08 19:26:34 - [TEST_STEP][PASSED] - Statement - counter = counter + 1: null

2019-01-08 19:26:34 - [TEST_STEP][PASSED] - Statement - PreSaveFile = new java.io.File(((pathPrefix + java.lang.Integer.toString(counter)) + .png)): null

2019-01-08 19:26:34 - [TEST_STEP][PASSED] - Statement - counter = counter + 1: null

2019-01-08 19:26:34 - [TEST_STEP][PASSED] - Statement - PreSaveFile = new java.io.File(((pathPrefix + java.lang.Integer.toString(counter)) + .png)): null

2019-01-08 19:26:34 - [TEST_STEP][PASSED] - Statement - counter = counter + 1: null

2019-01-08 19:26:34 - [TEST_STEP][PASSED] - Statement - PreSaveFile = new java.io.File(((pathPrefix + java.lang.Integer.toString(counter)) + .png)): null

2019-01-08 19:26:34 - [TEST_STEP][PASSED] - Statement - counter = counter + 1: null

2019-01-08 19:26:34 - [TEST_STEP][PASSED] - Statement - PreSaveFile = new java.io.File(((pathPrefix + java.lang.Integer.toString(counter)) + .png)): null

2019-01-08 19:26:34 - [TEST_STEP][PASSED] - Statement - counter = counter + 1: null

2019-01-08 19:26:34 - [TEST_STEP][PASSED] - Statement - PreSaveFile = new java.io.File(((pathPrefix + java.lang.Integer.toString(counter)) + .png)): null

2019-01-08 19:26:34 - [TEST_STEP][PASSED] - Statement - counter = counter + 1: null

2019-01-08 19:26:34 - [TEST_STEP][PASSED] - Statement - PreSaveFile = new java.io.File(((pathPrefix + java.lang.Integer.toString(counter)) + .png)): null

2019-01-08 19:26:34 - [TEST_STEP][PASSED] - Statement - counter = counter + 1: null

2019-01-08 19:26:34 - [TEST_STEP][PASSED] - Statement - PreSaveFile = new java.io.File(((pathPrefix + java.lang.Integer.toString(counter)) + .png)): null

2019-01-08 19:26:34 - [TEST_STEP][PASSED] - Statement - counter = counter + 1: null

2019-01-08 19:26:34 - [TEST_STEP][PASSED] - Statement - PreSaveFile = new java.io.File(((pathPrefix + java.lang.Integer.toString(counter)) + .png)): null

2019-01-08 19:26:34 - [TEST_STEP][PASSED] - Statement - counter = counter + 1: null

2019-01-08 19:26:34 - [TEST_STEP][PASSED] - Statement - PreSaveFile = new java.io.File(((pathPrefix + java.lang.Integer.toString(counter)) + .png)): null

2019-01-08 19:26:34 - [TEST_STEP][PASSED] - Statement - counter = counter + 1: null

2019-01-08 19:26:34 - [TEST_STEP][PASSED] - Statement - PreSaveFile = new java.io.File(((pathPrefix + java.lang.Integer.toString(counter)) + .png)): null

2019-01-08 19:26:34 - [TEST_STEP][PASSED] - Statement - counter = counter + 1: null

2019-01-08 19:26:34 - [TEST_STEP][PASSED] - Statement - PreSaveFile = new java.io.File(((pathPrefix + java.lang.Integer.toString(counter)) + .png)): null

2019-01-08 19:26:34 - [TEST_STEP][PASSED] - Statement - counter = counter + 1: null

2019-01-08 19:26:34 - [TEST_STEP][PASSED] - Statement - PreSaveFile = new java.io.File(((pathPrefix + java.lang.Integer.toString(counter)) + .png)): null

2019-01-08 19:26:34 - [TEST_STEP][PASSED] - Statement - counter = counter + 1: null

2019-01-08 19:26:34 - [TEST_STEP][PASSED] - Statement - PreSaveFile = new java.io.File(((pathPrefix + java.lang.Integer.toString(counter)) + .png)): null

2019-01-08 19:26:34 - [TEST_STEP][PASSED] - Statement - counter = counter + 1: null

2019-01-08 19:26:34 - [TEST_STEP][PASSED] - Statement - PreSaveFile = new java.io.File(((pathPrefix + java.lang.Integer.toString(counter)) + .png)): null

2019-01-08 19:26:34 - [TEST_STEP][PASSED] - Statement - counter = counter + 1: null

2019-01-08 19:26:34 - [TEST_STEP][PASSED] - Statement - PreSaveFile = new java.io.File(((pathPrefix + java.lang.Integer.toString(counter)) + .png)): null

2019-01-08 19:26:34 - [TEST_STEP][PASSED] - Statement - counter = counter + 1: null

2019-01-08 19:26:34 - [TEST_STEP][PASSED] - Statement - PreSaveFile = new java.io.File(((pathPrefix + java.lang.Integer.toString(counter)) + .png)): null

2019-01-08 19:26:34 - [TEST_STEP][PASSED] - Statement - counter = counter + 1: null

2019-01-08 19:26:34 - [TEST_STEP][PASSED] - Statement - PreSaveFile = new java.io.File(((pathPrefix + java.lang.Integer.toString(counter)) + .png)): null

2019-01-08 19:26:34 - [TEST_STEP][PASSED] - Statement - counter = counter + 1: null

2019-01-08 19:26:34 - [TEST_STEP][PASSED] - Statement - PreSaveFile = new java.io.File(((pathPrefix + java.lang.Integer.toString(counter)) + .png)): null

2019-01-08 19:26:34 - [TEST_STEP][PASSED] - Statement - counter = counter + 1: null

2019-01-08 19:26:34 - [TEST_STEP][PASSED] - Statement - PreSaveFile = new java.io.File(((pathPrefix + java.lang.Integer.toString(counter)) + .png)): null

2019-01-08 19:26:34 - [TEST_STEP][PASSED] - Statement - counter = counter + 1: null

2019-01-08 19:26:34 - [TEST_STEP][PASSED] - Statement - PreSaveFile = new java.io.File(((pathPrefix + java.lang.Integer.toString(counter)) + .png)): null

2019-01-08 19:26:34 - [TEST_STEP][PASSED] - Statement - counter = counter + 1: null

2019-01-08 19:26:34 - [TEST_STEP][PASSED] - Statement - PreSaveFile = new java.io.File(((pathPrefix + java.lang.Integer.toString(counter)) + .png)): null

2019-01-08 19:26:34 - [TEST_STEP][PASSED] - Statement - counter = counter + 1: null

2019-01-08 19:26:34 - [TEST_STEP][PASSED] - Statement - PreSaveFile = new java.io.File(((pathPrefix + java.lang.Integer.toString(counter)) + .png)): null

2019-01-08 19:26:34 - [TEST_STEP][PASSED] - Statement - counter = counter + 1: null

2019-01-08 19:26:34 - [TEST_STEP][PASSED] - Statement - PreSaveFile = new java.io.File(((pathPrefix + java.lang.Integer.toString(counter)) + .png)): null

2019-01-08 19:26:34 - [TEST_STEP][PASSED] - Statement - counter = counter + 1: null

2019-01-08 19:26:34 - [TEST_STEP][PASSED] - Statement - PreSaveFile = new java.io.File(((pathPrefix + java.lang.Integer.toString(counter)) + .png)): null

2019-01-08 19:26:34 - [TEST_STEP][PASSED] - Statement - counter = counter + 1: null

2019-01-08 19:26:34 - [TEST_STEP][PASSED] - Statement - PreSaveFile = new java.io.File(((pathPrefix + java.lang.Integer.toString(counter)) + .png)): null

2019-01-08 19:26:34 - [TEST_STEP][PASSED] - Statement - counter = counter + 1: null

2019-01-08 19:26:34 - [TEST_STEP][PASSED] - Statement - PreSaveFile = new java.io.File(((pathPrefix + java.lang.Integer.toString(counter)) + .png)): null

2019-01-08 19:26:34 - [TEST_STEP][PASSED] - Statement - counter = counter + 1: null

2019-01-08 19:26:34 - [TEST_STEP][PASSED] - Statement - PreSaveFile = new java.io.File(((pathPrefix + java.lang.Integer.toString(counter)) + .png)): null

2019-01-08 19:26:34 - [TEST_STEP][PASSED] - Statement - counter = counter + 1: null

2019-01-08 19:26:34 - [TEST_STEP][PASSED] - Statement - PreSaveFile = new java.io.File(((pathPrefix + java.lang.Integer.toString(counter)) + .png)): null

2019-01-08 19:26:34 - [TEST_STEP][PASSED] - Statement - finalPath = pathPrefix + java.lang.Integer.toString(counter) + ".png": null

2019-01-08 19:26:34 - [TEST_STEP][PASSED] - Statement - SaveFile = new java.io.File(finalPath): null

2019-01-08 19:26:34 - [TEST_STEP][PASSED] - Statement - Try: null

2019-01-08 19:26:34 - [TEST_STEP][PASSED] - Statement - org.apache.commons.io.FileUtils.copyFile(scrFile, SaveFile): null

2019-01-08 19:26:34 - [TEST_STEP][PASSED] - Statement - out.println("file kept"): null

2019-01-08 19:26:34 - [TEST_STEP][PASSED] - delay: Delayed 10 second(s)

2019-01-08 19:26:44 - [MESSAGE][PASSED] - Delayed 10 second(s)

2019-01-08 19:26:44 - [MESSAGE][PASSED] - Call Test Case 'Test Cases/Final Aug 2018 - PKS Automation/Registration Module/New Registration/Submit and Screenshot/Submit Registration and Screenshot' successfully]]></system-out>
         <system-err><![CDATA[]]></system-err>
      </testcase>
      <testcase name="Test Cases/Final Aug 2018 - PKS Automation/Registration Module/Critical Path/New Registration/Register ASSIST Only/Other - Local Authority" classname="Test Cases/Final Aug 2018 - PKS Automation/Registration Module/Critical Path/New Registration/Register ASSIST Only/Other - Local Authority" status="FAILED">
         <failure type="FAILED" message="(Stack trace: com.kms.katalon.core.exception.StepFailedException: Unable to click on object 'Object Repository/Final Object Repo/New Registration - Registration Module Pages/Form 1/Industry Name List - Other/Others - Local Authority - Perak - MAJLIS' (Root cause: com.kms.katalon.core.webui.exception.WebElementNotFoundException: Web element with id: 'Object Repository/Final Object Repo/New Registration - Registration Module Pages/Form 1/Industry Name List - Other/Others - Local Authority - Perak - MAJLIS' located by 'By.xpath: (//ul/li/span)[2]' not found)
	at com.kms.katalon.core.keyword.internal.KeywordMain.stepFailed(KeywordMain.groovy:36)
	at com.kms.katalon.core.webui.keyword.internal.WebUIKeywordMain.stepFailed(WebUIKeywordMain.groovy:65)
	at com.kms.katalon.core.webui.keyword.internal.WebUIKeywordMain.runKeyword(WebUIKeywordMain.groovy:27)
	at com.kms.katalon.core.webui.keyword.builtin.ClickKeyword.click(ClickKeyword.groovy:86)
	at com.kms.katalon.core.webui.keyword.builtin.ClickKeyword.execute(ClickKeyword.groovy:67)
	at com.kms.katalon.core.keyword.internal.KeywordExecutor.executeKeywordForPlatform(KeywordExecutor.groovy:53)
	at com.kms.katalon.core.webui.keyword.WebUiBuiltInKeywords.click(WebUiBuiltInKeywords.groovy:604)
	at com.kms.katalon.core.webui.keyword.WebUiBuiltInKeywords$click$6.call(Unknown Source)
	at org.codehaus.groovy.runtime.callsite.CallSiteArray.defaultCall(CallSiteArray.java:48)
	at org.codehaus.groovy.runtime.callsite.AbstractCallSite.call(AbstractCallSite.java:113)
	at org.codehaus.groovy.runtime.callsite.AbstractCallSite.call(AbstractCallSite.java:133)
	at Script1535099638576.run(Script1535099638576.groovy:95)
	at com.kms.katalon.core.main.ScriptEngine.run(ScriptEngine.java:183)
	at com.kms.katalon.core.main.ScriptEngine.runScriptAsRawText(ScriptEngine.java:108)
	at com.kms.katalon.core.main.TestCaseExecutor.runScript(TestCaseExecutor.java:294)
	at com.kms.katalon.core.main.TestCaseExecutor.doExecute(TestCaseExecutor.java:285)
	at com.kms.katalon.core.main.TestCaseExecutor.processExecutionPhase(TestCaseExecutor.java:264)
	at com.kms.katalon.core.main.TestCaseExecutor.accessMainPhase(TestCaseExecutor.java:256)
	at com.kms.katalon.core.main.TestCaseExecutor.execute(TestCaseExecutor.java:200)
	at com.kms.katalon.core.main.TestCaseMain.runTestCase(TestCaseMain.java:99)
	at com.kms.katalon.core.keyword.builtin.CallTestCaseKeyword$_callTestCase_closure1.doCall(CallTestCaseKeyword.groovy:60)
	at com.kms.katalon.core.keyword.builtin.CallTestCaseKeyword$_callTestCase_closure1.call(CallTestCaseKeyword.groovy)
	at com.kms.katalon.core.keyword.internal.KeywordMain.runKeyword(KeywordMain.groovy:54)
	at com.kms.katalon.core.keyword.builtin.CallTestCaseKeyword.callTestCase(CallTestCaseKeyword.groovy:81)
	at com.kms.katalon.core.keyword.builtin.CallTestCaseKeyword.execute(CallTestCaseKeyword.groovy:45)
	at com.kms.katalon.core.keyword.internal.KeywordExecutor.executeKeywordForPlatform(KeywordExecutor.groovy:53)
	at com.kms.katalon.core.keyword.BuiltinKeywords.callTestCase(BuiltinKeywords.groovy:334)
	at sun.reflect.GeneratedMethodAccessor13.invoke(Unknown Source)
	at sun.reflect.DelegatingMethodAccessorImpl.invoke(DelegatingMethodAccessorImpl.java:43)
	at java.lang.reflect.Method.invoke(Method.java:498)
	at org.codehaus.groovy.reflection.CachedMethod.invoke(CachedMethod.java:93)
	at groovy.lang.MetaMethod.doMethodInvoke(MetaMethod.java:325)
	at groovy.lang.MetaClassImpl.invokeStaticMethod(MetaClassImpl.java:1469)
	at org.codehaus.groovy.runtime.callsite.StaticMetaClassSite.call(StaticMetaClassSite.java:53)
	at org.codehaus.groovy.runtime.callsite.CallSiteArray.defaultCall(CallSiteArray.java:48)
	at org.codehaus.groovy.runtime.callsite.AbstractCallSite.call(AbstractCallSite.java:113)
	at org.codehaus.groovy.runtime.callsite.AbstractCallSite.call(AbstractCallSite.java:141)
	at Script1536725366999.run(Script1536725366999.groovy:16)
	at com.kms.katalon.core.main.ScriptEngine.run(ScriptEngine.java:183)
	at com.kms.katalon.core.main.ScriptEngine.runScriptAsRawText(ScriptEngine.java:108)
	at com.kms.katalon.core.main.TestCaseExecutor.runScript(TestCaseExecutor.java:294)
	at com.kms.katalon.core.main.TestCaseExecutor.doExecute(TestCaseExecutor.java:285)
	at com.kms.katalon.core.main.TestCaseExecutor.processExecutionPhase(TestCaseExecutor.java:264)
	at com.kms.katalon.core.main.TestCaseExecutor.accessMainPhase(TestCaseExecutor.java:256)
	at com.kms.katalon.core.main.TestCaseExecutor.execute(TestCaseExecutor.java:200)
	at com.kms.katalon.core.main.TestSuiteExecutor.accessTestCaseMainPhase(TestSuiteExecutor.java:129)
	at com.kms.katalon.core.main.TestSuiteExecutor.accessTestSuiteMainPhase(TestSuiteExecutor.java:112)
	at com.kms.katalon.core.main.TestSuiteExecutor.execute(TestSuiteExecutor.java:81)
	at com.kms.katalon.core.main.TestCaseMain.startTestSuite(TestCaseMain.java:142)
	at com.kms.katalon.core.main.TestCaseMain$startTestSuite$0.call(Unknown Source)
	at org.codehaus.groovy.runtime.callsite.CallSiteArray.defaultCall(CallSiteArray.java:48)
	at org.codehaus.groovy.runtime.callsite.AbstractCallSite.call(AbstractCallSite.java:113)
	at org.codehaus.groovy.runtime.callsite.AbstractCallSite.call(AbstractCallSite.java:141)
	at TempTestSuite1546940422064.run(TempTestSuite1546940422064.groovy:36)
	at groovy.lang.GroovyShell.runScriptOrMainOrTestOrRunnable(GroovyShell.java:263)
	at groovy.lang.GroovyShell.run(GroovyShell.java:518)
	at groovy.lang.GroovyShell.run(GroovyShell.java:507)
	at groovy.ui.GroovyMain.processOnce(GroovyMain.java:653)
	at groovy.ui.GroovyMain.run(GroovyMain.java:384)
	at groovy.ui.GroovyMain.process(GroovyMain.java:370)
	at groovy.ui.GroovyMain.processArgs(GroovyMain.java:129)
	at groovy.ui.GroovyMain.main(GroovyMain.java:109)
	at sun.reflect.NativeMethodAccessorImpl.invoke0(Native Method)
	at sun.reflect.NativeMethodAccessorImpl.invoke(NativeMethodAccessorImpl.java:62)
	at sun.reflect.DelegatingMethodAccessorImpl.invoke(DelegatingMethodAccessorImpl.java:43)
	at java.lang.reflect.Method.invoke(Method.java:498)
	at org.codehaus.groovy.tools.GroovyStarter.rootLoader(GroovyStarter.java:109)
	at org.codehaus.groovy.tools.GroovyStarter.main(GroovyStarter.java:131)
)"/>
         <system-out><![CDATA[2019-01-08 19:26:44 - [TEST_CASE][FAILED] - Test Cases/Final Aug 2018 - PKS Automation/Registration Module/Critical Path/New Registration/Register ASSIST Only/Other - Local Authority: Test Cases/Final Aug 2018 - PKS Automation/Registration Module/Critical Path/New Registration/Register ASSIST Only/Other - Local Authority FAILED because (of) (Stack trace: com.kms.katalon.core.exception.StepFailedException: Unable to click on object 'Object Repository/Final Object Repo/New Registration - Registration Module Pages/Form 1/Industry Name List - Other/Others - Local Authority - Perak - MAJLIS' (Root cause: com.kms.katalon.core.webui.exception.WebElementNotFoundException: Web element with id: 'Object Repository/Final Object Repo/New Registration - Registration Module Pages/Form 1/Industry Name List - Other/Others - Local Authority - Perak - MAJLIS' located by 'By.xpath: (//ul/li/span)[2]' not found)
	at com.kms.katalon.core.keyword.internal.KeywordMain.stepFailed(KeywordMain.groovy:36)
	at com.kms.katalon.core.webui.keyword.internal.WebUIKeywordMain.stepFailed(WebUIKeywordMain.groovy:65)
	at com.kms.katalon.core.webui.keyword.internal.WebUIKeywordMain.runKeyword(WebUIKeywordMain.groovy:27)
	at com.kms.katalon.core.webui.keyword.builtin.ClickKeyword.click(ClickKeyword.groovy:86)
	at com.kms.katalon.core.webui.keyword.builtin.ClickKeyword.execute(ClickKeyword.groovy:67)
	at com.kms.katalon.core.keyword.internal.KeywordExecutor.executeKeywordForPlatform(KeywordExecutor.groovy:53)
	at com.kms.katalon.core.webui.keyword.WebUiBuiltInKeywords.click(WebUiBuiltInKeywords.groovy:604)
	at com.kms.katalon.core.webui.keyword.WebUiBuiltInKeywords$click$6.call(Unknown Source)
	at org.codehaus.groovy.runtime.callsite.CallSiteArray.defaultCall(CallSiteArray.java:48)
	at org.codehaus.groovy.runtime.callsite.AbstractCallSite.call(AbstractCallSite.java:113)
	at org.codehaus.groovy.runtime.callsite.AbstractCallSite.call(AbstractCallSite.java:133)
	at Script1535099638576.run(Script1535099638576.groovy:95)
	at com.kms.katalon.core.main.ScriptEngine.run(ScriptEngine.java:183)
	at com.kms.katalon.core.main.ScriptEngine.runScriptAsRawText(ScriptEngine.java:108)
	at com.kms.katalon.core.main.TestCaseExecutor.runScript(TestCaseExecutor.java:294)
	at com.kms.katalon.core.main.TestCaseExecutor.doExecute(TestCaseExecutor.java:285)
	at com.kms.katalon.core.main.TestCaseExecutor.processExecutionPhase(TestCaseExecutor.java:264)
	at com.kms.katalon.core.main.TestCaseExecutor.accessMainPhase(TestCaseExecutor.java:256)
	at com.kms.katalon.core.main.TestCaseExecutor.execute(TestCaseExecutor.java:200)
	at com.kms.katalon.core.main.TestCaseMain.runTestCase(TestCaseMain.java:99)
	at com.kms.katalon.core.keyword.builtin.CallTestCaseKeyword$_callTestCase_closure1.doCall(CallTestCaseKeyword.groovy:60)
	at com.kms.katalon.core.keyword.builtin.CallTestCaseKeyword$_callTestCase_closure1.call(CallTestCaseKeyword.groovy)
	at com.kms.katalon.core.keyword.internal.KeywordMain.runKeyword(KeywordMain.groovy:54)
	at com.kms.katalon.core.keyword.builtin.CallTestCaseKeyword.callTestCase(CallTestCaseKeyword.groovy:81)
	at com.kms.katalon.core.keyword.builtin.CallTestCaseKeyword.execute(CallTestCaseKeyword.groovy:45)
	at com.kms.katalon.core.keyword.internal.KeywordExecutor.executeKeywordForPlatform(KeywordExecutor.groovy:53)
	at com.kms.katalon.core.keyword.BuiltinKeywords.callTestCase(BuiltinKeywords.groovy:334)
	at sun.reflect.GeneratedMethodAccessor13.invoke(Unknown Source)
	at sun.reflect.DelegatingMethodAccessorImpl.invoke(DelegatingMethodAccessorImpl.java:43)
	at java.lang.reflect.Method.invoke(Method.java:498)
	at org.codehaus.groovy.reflection.CachedMethod.invoke(CachedMethod.java:93)
	at groovy.lang.MetaMethod.doMethodInvoke(MetaMethod.java:325)
	at groovy.lang.MetaClassImpl.invokeStaticMethod(MetaClassImpl.java:1469)
	at org.codehaus.groovy.runtime.callsite.StaticMetaClassSite.call(StaticMetaClassSite.java:53)
	at org.codehaus.groovy.runtime.callsite.CallSiteArray.defaultCall(CallSiteArray.java:48)
	at org.codehaus.groovy.runtime.callsite.AbstractCallSite.call(AbstractCallSite.java:113)
	at org.codehaus.groovy.runtime.callsite.AbstractCallSite.call(AbstractCallSite.java:141)
	at Script1536725366999.run(Script1536725366999.groovy:16)
	at com.kms.katalon.core.main.ScriptEngine.run(ScriptEngine.java:183)
	at com.kms.katalon.core.main.ScriptEngine.runScriptAsRawText(ScriptEngine.java:108)
	at com.kms.katalon.core.main.TestCaseExecutor.runScript(TestCaseExecutor.java:294)
	at com.kms.katalon.core.main.TestCaseExecutor.doExecute(TestCaseExecutor.java:285)
	at com.kms.katalon.core.main.TestCaseExecutor.processExecutionPhase(TestCaseExecutor.java:264)
	at com.kms.katalon.core.main.TestCaseExecutor.accessMainPhase(TestCaseExecutor.java:256)
	at com.kms.katalon.core.main.TestCaseExecutor.execute(TestCaseExecutor.java:200)
	at com.kms.katalon.core.main.TestSuiteExecutor.accessTestCaseMainPhase(TestSuiteExecutor.java:129)
	at com.kms.katalon.core.main.TestSuiteExecutor.accessTestSuiteMainPhase(TestSuiteExecutor.java:112)
	at com.kms.katalon.core.main.TestSuiteExecutor.execute(TestSuiteExecutor.java:81)
	at com.kms.katalon.core.main.TestCaseMain.startTestSuite(TestCaseMain.java:142)
	at com.kms.katalon.core.main.TestCaseMain$startTestSuite$0.call(Unknown Source)
	at org.codehaus.groovy.runtime.callsite.CallSiteArray.defaultCall(CallSiteArray.java:48)
	at org.codehaus.groovy.runtime.callsite.AbstractCallSite.call(AbstractCallSite.java:113)
	at org.codehaus.groovy.runtime.callsite.AbstractCallSite.call(AbstractCallSite.java:141)
	at TempTestSuite1546940422064.run(TempTestSuite1546940422064.groovy:36)
	at groovy.lang.GroovyShell.runScriptOrMainOrTestOrRunnable(GroovyShell.java:263)
	at groovy.lang.GroovyShell.run(GroovyShell.java:518)
	at groovy.lang.GroovyShell.run(GroovyShell.java:507)
	at groovy.ui.GroovyMain.processOnce(GroovyMain.java:653)
	at groovy.ui.GroovyMain.run(GroovyMain.java:384)
	at groovy.ui.GroovyMain.process(GroovyMain.java:370)
	at groovy.ui.GroovyMain.processArgs(GroovyMain.java:129)
	at groovy.ui.GroovyMain.main(GroovyMain.java:109)
	at sun.reflect.NativeMethodAccessorImpl.invoke0(Native Method)
	at sun.reflect.NativeMethodAccessorImpl.invoke(NativeMethodAccessorImpl.java:62)
	at sun.reflect.DelegatingMethodAccessorImpl.invoke(DelegatingMethodAccessorImpl.java:43)
	at java.lang.reflect.Method.invoke(Method.java:498)
	at org.codehaus.groovy.tools.GroovyStarter.rootLoader(GroovyStarter.java:109)
	at org.codehaus.groovy.tools.GroovyStarter.main(GroovyStarter.java:131)
)

2019-01-08 19:26:44 - [TEST_STEP][FAILED] - callTestCase: Unable to call Test Case with id 'Test Cases/Final Aug 2018 - PKS Automation/Registration Module/New Registration/Form 1/Form 1 - Other - Local Authority' (Root cause: Call Test Case 'Test Cases/Final Aug 2018 - PKS Automation/Registration Module/New Registration/Form 1/Form 1 - Other - Local Authority' failed)

2019-01-08 19:26:44 - [TEST_CASE][FAILED] - Test Cases/Final Aug 2018 - PKS Automation/Registration Module/New Registration/Form 1/Form 1 - Other - Local Authority: Test Cases/Final Aug 2018 - PKS Automation/Registration Module/New Registration/Form 1/Form 1 - Other - Local Authority FAILED because (of) (Stack trace: com.kms.katalon.core.exception.StepFailedException: Unable to click on object 'Object Repository/Final Object Repo/New Registration - Registration Module Pages/Form 1/Industry Name List - Other/Others - Local Authority - Perak - MAJLIS' (Root cause: com.kms.katalon.core.webui.exception.WebElementNotFoundException: Web element with id: 'Object Repository/Final Object Repo/New Registration - Registration Module Pages/Form 1/Industry Name List - Other/Others - Local Authority - Perak - MAJLIS' located by 'By.xpath: (//ul/li/span)[2]' not found)
	at com.kms.katalon.core.keyword.internal.KeywordMain.stepFailed(KeywordMain.groovy:36)
	at com.kms.katalon.core.webui.keyword.internal.WebUIKeywordMain.stepFailed(WebUIKeywordMain.groovy:65)
	at com.kms.katalon.core.webui.keyword.internal.WebUIKeywordMain.runKeyword(WebUIKeywordMain.groovy:27)
	at com.kms.katalon.core.webui.keyword.builtin.ClickKeyword.click(ClickKeyword.groovy:86)
	at com.kms.katalon.core.webui.keyword.builtin.ClickKeyword.execute(ClickKeyword.groovy:67)
	at com.kms.katalon.core.keyword.internal.KeywordExecutor.executeKeywordForPlatform(KeywordExecutor.groovy:53)
	at com.kms.katalon.core.webui.keyword.WebUiBuiltInKeywords.click(WebUiBuiltInKeywords.groovy:604)
	at com.kms.katalon.core.webui.keyword.WebUiBuiltInKeywords$click$6.call(Unknown Source)
	at org.codehaus.groovy.runtime.callsite.CallSiteArray.defaultCall(CallSiteArray.java:48)
	at org.codehaus.groovy.runtime.callsite.AbstractCallSite.call(AbstractCallSite.java:113)
	at org.codehaus.groovy.runtime.callsite.AbstractCallSite.call(AbstractCallSite.java:133)
	at Script1535099638576.run(Script1535099638576.groovy:95)
	at com.kms.katalon.core.main.ScriptEngine.run(ScriptEngine.java:183)
	at com.kms.katalon.core.main.ScriptEngine.runScriptAsRawText(ScriptEngine.java:108)
	at com.kms.katalon.core.main.TestCaseExecutor.runScript(TestCaseExecutor.java:294)
	at com.kms.katalon.core.main.TestCaseExecutor.doExecute(TestCaseExecutor.java:285)
	at com.kms.katalon.core.main.TestCaseExecutor.processExecutionPhase(TestCaseExecutor.java:264)
	at com.kms.katalon.core.main.TestCaseExecutor.accessMainPhase(TestCaseExecutor.java:256)
	at com.kms.katalon.core.main.TestCaseExecutor.execute(TestCaseExecutor.java:200)
	at com.kms.katalon.core.main.TestCaseMain.runTestCase(TestCaseMain.java:99)
	at com.kms.katalon.core.keyword.builtin.CallTestCaseKeyword$_callTestCase_closure1.doCall(CallTestCaseKeyword.groovy:60)
	at com.kms.katalon.core.keyword.builtin.CallTestCaseKeyword$_callTestCase_closure1.call(CallTestCaseKeyword.groovy)
	at com.kms.katalon.core.keyword.internal.KeywordMain.runKeyword(KeywordMain.groovy:54)
	at com.kms.katalon.core.keyword.builtin.CallTestCaseKeyword.callTestCase(CallTestCaseKeyword.groovy:81)
	at com.kms.katalon.core.keyword.builtin.CallTestCaseKeyword.execute(CallTestCaseKeyword.groovy:45)
	at com.kms.katalon.core.keyword.internal.KeywordExecutor.executeKeywordForPlatform(KeywordExecutor.groovy:53)
	at com.kms.katalon.core.keyword.BuiltinKeywords.callTestCase(BuiltinKeywords.groovy:334)
	at sun.reflect.GeneratedMethodAccessor13.invoke(Unknown Source)
	at sun.reflect.DelegatingMethodAccessorImpl.invoke(DelegatingMethodAccessorImpl.java:43)
	at java.lang.reflect.Method.invoke(Method.java:498)
	at org.codehaus.groovy.reflection.CachedMethod.invoke(CachedMethod.java:93)
	at groovy.lang.MetaMethod.doMethodInvoke(MetaMethod.java:325)
	at groovy.lang.MetaClassImpl.invokeStaticMethod(MetaClassImpl.java:1469)
	at org.codehaus.groovy.runtime.callsite.StaticMetaClassSite.call(StaticMetaClassSite.java:53)
	at org.codehaus.groovy.runtime.callsite.CallSiteArray.defaultCall(CallSiteArray.java:48)
	at org.codehaus.groovy.runtime.callsite.AbstractCallSite.call(AbstractCallSite.java:113)
	at org.codehaus.groovy.runtime.callsite.AbstractCallSite.call(AbstractCallSite.java:141)
	at Script1536725366999.run(Script1536725366999.groovy:16)
	at com.kms.katalon.core.main.ScriptEngine.run(ScriptEngine.java:183)
	at com.kms.katalon.core.main.ScriptEngine.runScriptAsRawText(ScriptEngine.java:108)
	at com.kms.katalon.core.main.TestCaseExecutor.runScript(TestCaseExecutor.java:294)
	at com.kms.katalon.core.main.TestCaseExecutor.doExecute(TestCaseExecutor.java:285)
	at com.kms.katalon.core.main.TestCaseExecutor.processExecutionPhase(TestCaseExecutor.java:264)
	at com.kms.katalon.core.main.TestCaseExecutor.accessMainPhase(TestCaseExecutor.java:256)
	at com.kms.katalon.core.main.TestCaseExecutor.execute(TestCaseExecutor.java:200)
	at com.kms.katalon.core.main.TestSuiteExecutor.accessTestCaseMainPhase(TestSuiteExecutor.java:129)
	at com.kms.katalon.core.main.TestSuiteExecutor.accessTestSuiteMainPhase(TestSuiteExecutor.java:112)
	at com.kms.katalon.core.main.TestSuiteExecutor.execute(TestSuiteExecutor.java:81)
	at com.kms.katalon.core.main.TestCaseMain.startTestSuite(TestCaseMain.java:142)
	at com.kms.katalon.core.main.TestCaseMain$startTestSuite$0.call(Unknown Source)
	at org.codehaus.groovy.runtime.callsite.CallSiteArray.defaultCall(CallSiteArray.java:48)
	at org.codehaus.groovy.runtime.callsite.AbstractCallSite.call(AbstractCallSite.java:113)
	at org.codehaus.groovy.runtime.callsite.AbstractCallSite.call(AbstractCallSite.java:141)
	at TempTestSuite1546940422064.run(TempTestSuite1546940422064.groovy:36)
	at groovy.lang.GroovyShell.runScriptOrMainOrTestOrRunnable(GroovyShell.java:263)
	at groovy.lang.GroovyShell.run(GroovyShell.java:518)
	at groovy.lang.GroovyShell.run(GroovyShell.java:507)
	at groovy.ui.GroovyMain.processOnce(GroovyMain.java:653)
	at groovy.ui.GroovyMain.run(GroovyMain.java:384)
	at groovy.ui.GroovyMain.process(GroovyMain.java:370)
	at groovy.ui.GroovyMain.processArgs(GroovyMain.java:129)
	at groovy.ui.GroovyMain.main(GroovyMain.java:109)
	at sun.reflect.NativeMethodAccessorImpl.invoke0(Native Method)
	at sun.reflect.NativeMethodAccessorImpl.invoke(NativeMethodAccessorImpl.java:62)
	at sun.reflect.DelegatingMethodAccessorImpl.invoke(DelegatingMethodAccessorImpl.java:43)
	at java.lang.reflect.Method.invoke(Method.java:498)
	at org.codehaus.groovy.tools.GroovyStarter.rootLoader(GroovyStarter.java:109)
	at org.codehaus.groovy.tools.GroovyStarter.main(GroovyStarter.java:131)
)

2019-01-08 19:26:45 - [TEST_STEP][PASSED] - openBrowser: Browser is opened with url: ''

2019-01-08 19:26:45 - [MESSAGE][WARNING] - A browser is already opened. Closing browser and opening a new one

2019-01-08 19:26:48 - [MESSAGE][PASSED] - Browser is opened with url: ''

2019-01-08 19:26:48 - [TEST_STEP][PASSED] - navigateToUrl: Navigate to 'https://assist2-uat.perkeso.gov.my/login' successfully

2019-01-08 19:26:49 - [MESSAGE][PASSED] - Navigate to 'https://assist2-uat.perkeso.gov.my/login' successfully

2019-01-08 19:26:49 - [TEST_STEP][PASSED] - setText: Text 'johorotc1@gmail.com' is set on object 'Object Repository/Final Object Repo/Login Page/Internal User/Email Address'

2019-01-08 19:26:49 - [MESSAGE][PASSED] - Text 'johorotc1@gmail.com' is set on object 'Object Repository/Final Object Repo/Login Page/Internal User/Email Address'

2019-01-08 19:26:49 - [TEST_STEP][PASSED] - click: Object: 'Object Repository/Final Object Repo/Login Page/Internal User/Next Button' is clicked on

2019-01-08 19:26:49 - [MESSAGE][PASSED] - Object: 'Object Repository/Final Object Repo/Login Page/Internal User/Next Button' is clicked on

2019-01-08 19:26:49 - [TEST_STEP][PASSED] - delay: Delayed 1 second(s)

2019-01-08 19:26:50 - [MESSAGE][PASSED] - Delayed 1 second(s)

2019-01-08 19:26:50 - [TEST_STEP][PASSED] - setEncryptedText: Text ****** has been set on object 'Object Repository/Final Object Repo/Login Page/Internal User/Password'

2019-01-08 19:26:50 - [MESSAGE][PASSED] - Text ****** has been set on object 'Object Repository/Final Object Repo/Login Page/Internal User/Password'

2019-01-08 19:26:50 - [TEST_STEP][PASSED] - click: Object: 'Object Repository/Final Object Repo/Login Page/Internal User/Login Button' is clicked on

2019-01-08 19:26:50 - [MESSAGE][PASSED] - Object: 'Object Repository/Final Object Repo/Login Page/Internal User/Login Button' is clicked on

2019-01-08 19:26:50 - [TEST_STEP][PASSED] - delay: Delayed 1 second(s)

2019-01-08 19:26:51 - [MESSAGE][PASSED] - Delayed 1 second(s)

2019-01-08 19:26:51 - [TEST_STEP][PASSED] - Statement - Try: Delayed 2 second(s)

2019-01-08 19:26:51 - [TEST_STEP][PASSED] - Statement - Checker = false: null

2019-01-08 19:26:51 - [TEST_STEP][PASSED] - Statement - Checker = com.kms.katalon.core.webui.keyword.WebUiBuiltInKeywords.verifyElementHasAttribute(com.kms.katalon.core.testobject.ObjectRepository.findTestObject(Final Object Repo/Landing Page/BM Detecting), "href", 20, OPTIONAL): Object 'Object Repository/Final Object Repo/Landing Page/BM Detecting' has attribute 'href'

2019-01-08 19:26:52 - [MESSAGE][PASSED] - Object 'Object Repository/Final Object Repo/Landing Page/BM Detecting' has attribute 'href'

2019-01-08 19:26:52 - [TEST_STEP][PASSED] - Statement - out.println(Checker): null

2019-01-08 19:26:52 - [TEST_STEP][PASSED] - Statement - If (Checker == false): null

2019-01-08 19:26:52 - [TEST_STEP][PASSED] - Statement - Else: null

2019-01-08 19:26:52 - [TEST_STEP][PASSED] - delay: Delayed 2 second(s)

2019-01-08 19:26:54 - [MESSAGE][PASSED] - Delayed 2 second(s)

2019-01-08 19:26:54 - [TEST_STEP][PASSED] - navigateToUrl: Navigate to 'https://assist2-uat.perkeso.gov.my/web/registration/registration' successfully

2019-01-08 19:26:56 - [MESSAGE][PASSED] - Navigate to 'https://assist2-uat.perkeso.gov.my/web/registration/registration' successfully

2019-01-08 19:26:56 - [TEST_STEP][PASSED] - click: Object: 'Object Repository/Final Object Repo/New Registration - Registration Module Pages/Form 1/AEC - No' is clicked on

2019-01-08 19:26:56 - [MESSAGE][PASSED] - Object: 'Object Repository/Final Object Repo/New Registration - Registration Module Pages/Form 1/AEC - No' is clicked on

2019-01-08 19:26:56 - [TEST_STEP][PASSED] - click: Object: 'Object Repository/Final Object Repo/New Registration - Registration Module Pages/Form 1/Business Entity' is clicked on

2019-01-08 19:26:56 - [MESSAGE][PASSED] - Object: 'Object Repository/Final Object Repo/New Registration - Registration Module Pages/Form 1/Business Entity' is clicked on

2019-01-08 19:26:56 - [TEST_STEP][PASSED] - click: Object: 'Object Repository/Final Object Repo/New Registration - Registration Module Pages/Form 1/Business Entity - Other' is clicked on

2019-01-08 19:26:57 - [MESSAGE][PASSED] - Object: 'Object Repository/Final Object Repo/New Registration - Registration Module Pages/Form 1/Business Entity - Other' is clicked on

2019-01-08 19:26:57 - [TEST_STEP][PASSED] - delay: Delayed 1 second(s)

2019-01-08 19:26:58 - [MESSAGE][PASSED] - Delayed 1 second(s)

2019-01-08 19:26:58 - [TEST_STEP][PASSED] - click: Object: 'Object Repository/Final Object Repo/New Registration - Registration Module Pages/Form 1/Sub Business Entity' is clicked on

2019-01-08 19:26:58 - [MESSAGE][PASSED] - Object: 'Object Repository/Final Object Repo/New Registration - Registration Module Pages/Form 1/Sub Business Entity' is clicked on

2019-01-08 19:26:58 - [TEST_STEP][PASSED] - click: Object: 'Object Repository/Final Object Repo/New Registration - Registration Module Pages/Form 1/Sub Business Entity - Other/Sub Business Entity  - Local Authority' is clicked on

2019-01-08 19:26:58 - [MESSAGE][PASSED] - Object: 'Object Repository/Final Object Repo/New Registration - Registration Module Pages/Form 1/Sub Business Entity - Other/Sub Business Entity  - Local Authority' is clicked on

2019-01-08 19:26:58 - [TEST_STEP][PASSED] - delay: Delayed 1 second(s)

2019-01-08 19:26:59 - [MESSAGE][PASSED] - Delayed 1 second(s)

2019-01-08 19:26:59 - [TEST_STEP][PASSED] - click: Object: 'Object Repository/Final Object Repo/New Registration - Registration Module Pages/Form 1/Sub Business Entity List' is clicked on

2019-01-08 19:26:59 - [MESSAGE][PASSED] - Object: 'Object Repository/Final Object Repo/New Registration - Registration Module Pages/Form 1/Sub Business Entity List' is clicked on

2019-01-08 19:26:59 - [TEST_STEP][PASSED] - click: Object: 'Object Repository/Final Object Repo/New Registration - Registration Module Pages/Form 1/Sub Business Entity List - Other/Sub Business Entity List - Others - Local Authority - Perak' is clicked on

2019-01-08 19:26:59 - [MESSAGE][PASSED] - Object: 'Object Repository/Final Object Repo/New Registration - Registration Module Pages/Form 1/Sub Business Entity List - Other/Sub Business Entity List - Others - Local Authority - Perak' is clicked on

2019-01-08 19:26:59 - [TEST_STEP][PASSED] - delay: Delayed 1 second(s)

2019-01-08 19:27:00 - [MESSAGE][PASSED] - Delayed 1 second(s)

2019-01-08 19:27:00 - [TEST_STEP][NOT_RUN] - setText: NOT_RUN: setText

2019-01-08 19:27:00 - [MESSAGE][NOT_RUN] - NOT_RUN: setText

2019-01-08 19:27:00 - [TEST_STEP][NOT_RUN] - click: NOT_RUN: click

2019-01-08 19:27:00 - [MESSAGE][NOT_RUN] - NOT_RUN: click

2019-01-08 19:27:00 - [TEST_STEP][PASSED] - click: Object: 'Object Repository/Final Object Repo/New Registration - Registration Module Pages/Form 1/Registered As a Branch - Yes' is clicked on

2019-01-08 19:27:00 - [MESSAGE][PASSED] - Object: 'Object Repository/Final Object Repo/New Registration - Registration Module Pages/Form 1/Registered As a Branch - Yes' is clicked on

2019-01-08 19:27:00 - [TEST_STEP][PASSED] - delay: Delayed 1 second(s)

2019-01-08 19:27:01 - [MESSAGE][PASSED] - Delayed 1 second(s)

2019-01-08 19:27:01 - [TEST_STEP][NOT_RUN] - verifyElementNotClickable: NOT_RUN: verifyElementNotClickable

2019-01-08 19:27:01 - [MESSAGE][NOT_RUN] - NOT_RUN: verifyElementNotClickable

2019-01-08 19:27:01 - [TEST_STEP][PASSED] - verifyElementPresent: Object 'Object Repository/Final Object Repo/New Registration - Registration Module Pages/Form 1/Acknowledgement Disabled' is present

2019-01-08 19:27:01 - [MESSAGE][WARNING] - Timeout '0' is invalid. Using default page load timeout: '30'

2019-01-08 19:27:02 - [MESSAGE][PASSED] - Object 'Object Repository/Final Object Repo/New Registration - Registration Module Pages/Form 1/Acknowledgement Disabled' is present

2019-01-08 19:27:02 - [TEST_STEP][PASSED] - click: Object: 'Object Repository/Final Object Repo/New Registration - Registration Module Pages/Form 1/Industry Name Selection' is clicked on

2019-01-08 19:27:02 - [MESSAGE][PASSED] - Object: 'Object Repository/Final Object Repo/New Registration - Registration Module Pages/Form 1/Industry Name Selection' is clicked on

2019-01-08 19:27:02 - [TEST_STEP][FAILED] - click: Unable to click on object 'Object Repository/Final Object Repo/New Registration - Registration Module Pages/Form 1/Industry Name List - Other/Others - Local Authority - Perak - MAJLIS' (Root cause: com.kms.katalon.core.webui.exception.WebElementNotFoundException: Web element with id: 'Object Repository/Final Object Repo/New Registration - Registration Module Pages/Form 1/Industry Name List - Other/Others - Local Authority - Perak - MAJLIS' located by 'By.xpath: (//ul/li/span)[2]' not found)

2019-01-08 19:27:35 - [MESSAGE][FAILED] - Unable to click on object 'Object Repository/Final Object Repo/New Registration - Registration Module Pages/Form 1/Industry Name List - Other/Others - Local Authority - Perak - MAJLIS' (Root cause: com.kms.katalon.core.webui.exception.WebElementNotFoundException: Web element with id: 'Object Repository/Final Object Repo/New Registration - Registration Module Pages/Form 1/Industry Name List - Other/Others - Local Authority - Perak - MAJLIS' located by 'By.xpath: (//ul/li/span)[2]' not found)
[[ATTACHMENT|C:\\Users\\Admin\\Desktop\\PKS\\Perkeso Phase A\\Reports\\Critical Path\\20190108_174022\\1546946854881.png]]

2019-01-08 19:27:35 - [MESSAGE][FAILED] - Unable to call Test Case with id 'Test Cases/Final Aug 2018 - PKS Automation/Registration Module/New Registration/Form 1/Form 1 - Other - Local Authority' (Root cause: Call Test Case 'Test Cases/Final Aug 2018 - PKS Automation/Registration Module/New Registration/Form 1/Form 1 - Other - Local Authority' failed)]]></system-out>
         <system-err><![CDATA[2019-01-08 19:26:44 - [TEST_CASE][FAILED] - Test Cases/Final Aug 2018 - PKS Automation/Registration Module/Critical Path/New Registration/Register ASSIST Only/Other - Local Authority: Test Cases/Final Aug 2018 - PKS Automation/Registration Module/Critical Path/New Registration/Register ASSIST Only/Other - Local Authority FAILED because (of) (Stack trace: com.kms.katalon.core.exception.StepFailedException: Unable to click on object 'Object Repository/Final Object Repo/New Registration - Registration Module Pages/Form 1/Industry Name List - Other/Others - Local Authority - Perak - MAJLIS' (Root cause: com.kms.katalon.core.webui.exception.WebElementNotFoundException: Web element with id: 'Object Repository/Final Object Repo/New Registration - Registration Module Pages/Form 1/Industry Name List - Other/Others - Local Authority - Perak - MAJLIS' located by 'By.xpath: (//ul/li/span)[2]' not found)
	at com.kms.katalon.core.keyword.internal.KeywordMain.stepFailed(KeywordMain.groovy:36)
	at com.kms.katalon.core.webui.keyword.internal.WebUIKeywordMain.stepFailed(WebUIKeywordMain.groovy:65)
	at com.kms.katalon.core.webui.keyword.internal.WebUIKeywordMain.runKeyword(WebUIKeywordMain.groovy:27)
	at com.kms.katalon.core.webui.keyword.builtin.ClickKeyword.click(ClickKeyword.groovy:86)
	at com.kms.katalon.core.webui.keyword.builtin.ClickKeyword.execute(ClickKeyword.groovy:67)
	at com.kms.katalon.core.keyword.internal.KeywordExecutor.executeKeywordForPlatform(KeywordExecutor.groovy:53)
	at com.kms.katalon.core.webui.keyword.WebUiBuiltInKeywords.click(WebUiBuiltInKeywords.groovy:604)
	at com.kms.katalon.core.webui.keyword.WebUiBuiltInKeywords$click$6.call(Unknown Source)
	at org.codehaus.groovy.runtime.callsite.CallSiteArray.defaultCall(CallSiteArray.java:48)
	at org.codehaus.groovy.runtime.callsite.AbstractCallSite.call(AbstractCallSite.java:113)
	at org.codehaus.groovy.runtime.callsite.AbstractCallSite.call(AbstractCallSite.java:133)
	at Script1535099638576.run(Script1535099638576.groovy:95)
	at com.kms.katalon.core.main.ScriptEngine.run(ScriptEngine.java:183)
	at com.kms.katalon.core.main.ScriptEngine.runScriptAsRawText(ScriptEngine.java:108)
	at com.kms.katalon.core.main.TestCaseExecutor.runScript(TestCaseExecutor.java:294)
	at com.kms.katalon.core.main.TestCaseExecutor.doExecute(TestCaseExecutor.java:285)
	at com.kms.katalon.core.main.TestCaseExecutor.processExecutionPhase(TestCaseExecutor.java:264)
	at com.kms.katalon.core.main.TestCaseExecutor.accessMainPhase(TestCaseExecutor.java:256)
	at com.kms.katalon.core.main.TestCaseExecutor.execute(TestCaseExecutor.java:200)
	at com.kms.katalon.core.main.TestCaseMain.runTestCase(TestCaseMain.java:99)
	at com.kms.katalon.core.keyword.builtin.CallTestCaseKeyword$_callTestCase_closure1.doCall(CallTestCaseKeyword.groovy:60)
	at com.kms.katalon.core.keyword.builtin.CallTestCaseKeyword$_callTestCase_closure1.call(CallTestCaseKeyword.groovy)
	at com.kms.katalon.core.keyword.internal.KeywordMain.runKeyword(KeywordMain.groovy:54)
	at com.kms.katalon.core.keyword.builtin.CallTestCaseKeyword.callTestCase(CallTestCaseKeyword.groovy:81)
	at com.kms.katalon.core.keyword.builtin.CallTestCaseKeyword.execute(CallTestCaseKeyword.groovy:45)
	at com.kms.katalon.core.keyword.internal.KeywordExecutor.executeKeywordForPlatform(KeywordExecutor.groovy:53)
	at com.kms.katalon.core.keyword.BuiltinKeywords.callTestCase(BuiltinKeywords.groovy:334)
	at sun.reflect.GeneratedMethodAccessor13.invoke(Unknown Source)
	at sun.reflect.DelegatingMethodAccessorImpl.invoke(DelegatingMethodAccessorImpl.java:43)
	at java.lang.reflect.Method.invoke(Method.java:498)
	at org.codehaus.groovy.reflection.CachedMethod.invoke(CachedMethod.java:93)
	at groovy.lang.MetaMethod.doMethodInvoke(MetaMethod.java:325)
	at groovy.lang.MetaClassImpl.invokeStaticMethod(MetaClassImpl.java:1469)
	at org.codehaus.groovy.runtime.callsite.StaticMetaClassSite.call(StaticMetaClassSite.java:53)
	at org.codehaus.groovy.runtime.callsite.CallSiteArray.defaultCall(CallSiteArray.java:48)
	at org.codehaus.groovy.runtime.callsite.AbstractCallSite.call(AbstractCallSite.java:113)
	at org.codehaus.groovy.runtime.callsite.AbstractCallSite.call(AbstractCallSite.java:141)
	at Script1536725366999.run(Script1536725366999.groovy:16)
	at com.kms.katalon.core.main.ScriptEngine.run(ScriptEngine.java:183)
	at com.kms.katalon.core.main.ScriptEngine.runScriptAsRawText(ScriptEngine.java:108)
	at com.kms.katalon.core.main.TestCaseExecutor.runScript(TestCaseExecutor.java:294)
	at com.kms.katalon.core.main.TestCaseExecutor.doExecute(TestCaseExecutor.java:285)
	at com.kms.katalon.core.main.TestCaseExecutor.processExecutionPhase(TestCaseExecutor.java:264)
	at com.kms.katalon.core.main.TestCaseExecutor.accessMainPhase(TestCaseExecutor.java:256)
	at com.kms.katalon.core.main.TestCaseExecutor.execute(TestCaseExecutor.java:200)
	at com.kms.katalon.core.main.TestSuiteExecutor.accessTestCaseMainPhase(TestSuiteExecutor.java:129)
	at com.kms.katalon.core.main.TestSuiteExecutor.accessTestSuiteMainPhase(TestSuiteExecutor.java:112)
	at com.kms.katalon.core.main.TestSuiteExecutor.execute(TestSuiteExecutor.java:81)
	at com.kms.katalon.core.main.TestCaseMain.startTestSuite(TestCaseMain.java:142)
	at com.kms.katalon.core.main.TestCaseMain$startTestSuite$0.call(Unknown Source)
	at org.codehaus.groovy.runtime.callsite.CallSiteArray.defaultCall(CallSiteArray.java:48)
	at org.codehaus.groovy.runtime.callsite.AbstractCallSite.call(AbstractCallSite.java:113)
	at org.codehaus.groovy.runtime.callsite.AbstractCallSite.call(AbstractCallSite.java:141)
	at TempTestSuite1546940422064.run(TempTestSuite1546940422064.groovy:36)
	at groovy.lang.GroovyShell.runScriptOrMainOrTestOrRunnable(GroovyShell.java:263)
	at groovy.lang.GroovyShell.run(GroovyShell.java:518)
	at groovy.lang.GroovyShell.run(GroovyShell.java:507)
	at groovy.ui.GroovyMain.processOnce(GroovyMain.java:653)
	at groovy.ui.GroovyMain.run(GroovyMain.java:384)
	at groovy.ui.GroovyMain.process(GroovyMain.java:370)
	at groovy.ui.GroovyMain.processArgs(GroovyMain.java:129)
	at groovy.ui.GroovyMain.main(GroovyMain.java:109)
	at sun.reflect.NativeMethodAccessorImpl.invoke0(Native Method)
	at sun.reflect.NativeMethodAccessorImpl.invoke(NativeMethodAccessorImpl.java:62)
	at sun.reflect.DelegatingMethodAccessorImpl.invoke(DelegatingMethodAccessorImpl.java:43)
	at java.lang.reflect.Method.invoke(Method.java:498)
	at org.codehaus.groovy.tools.GroovyStarter.rootLoader(GroovyStarter.java:109)
	at org.codehaus.groovy.tools.GroovyStarter.main(GroovyStarter.java:131)
)]]></system-err>
      </testcase>
      <testcase name="Test Cases/Final Aug 2018 - PKS Automation/Registration Module/Critical Path/New Registration/Register ASSIST Only/Other - State Government Body" classname="Test Cases/Final Aug 2018 - PKS Automation/Registration Module/Critical Path/New Registration/Register ASSIST Only/Other - State Government Body" status="PASSED">
         <system-out><![CDATA[2019-01-08 19:27:35 - [TEST_CASE][PASSED] - Test Cases/Final Aug 2018 - PKS Automation/Registration Module/Critical Path/New Registration/Register ASSIST Only/Other - State Government Body: Test Cases/Final Aug 2018 - PKS Automation/Registration Module/Critical Path/New Registration/Register ASSIST Only/Other - State Government Body

2019-01-08 19:27:35 - [TEST_STEP][PASSED] - callTestCase: Call Test Case 'Test Cases/Final Aug 2018 - PKS Automation/Registration Module/New Registration/Form 1/Form 1 - Other - State Government Agency' successfully

2019-01-08 19:27:35 - [TEST_CASE][PASSED] - Test Cases/Final Aug 2018 - PKS Automation/Registration Module/New Registration/Form 1/Form 1 - Other - State Government Agency: Test Cases/Final Aug 2018 - PKS Automation/Registration Module/New Registration/Form 1/Form 1 - Other - State Government Agency

2019-01-08 19:27:35 - [TEST_STEP][PASSED] - openBrowser: Browser is opened with url: ''

2019-01-08 19:27:35 - [MESSAGE][WARNING] - A browser is already opened. Closing browser and opening a new one

2019-01-08 19:27:38 - [MESSAGE][PASSED] - Browser is opened with url: ''

2019-01-08 19:27:38 - [TEST_STEP][PASSED] - navigateToUrl: Navigate to 'https://assist2-uat.perkeso.gov.my/login' successfully

2019-01-08 19:27:39 - [MESSAGE][PASSED] - Navigate to 'https://assist2-uat.perkeso.gov.my/login' successfully

2019-01-08 19:27:39 - [TEST_STEP][PASSED] - delay: Delayed 3 second(s)

2019-01-08 19:27:42 - [MESSAGE][PASSED] - Delayed 3 second(s)

2019-01-08 19:27:42 - [TEST_STEP][PASSED] - setText: Text 'johorotc1@gmail.com' is set on object 'Object Repository/Final Object Repo/Login Page/Internal User/Email Address'

2019-01-08 19:27:43 - [MESSAGE][PASSED] - Text 'johorotc1@gmail.com' is set on object 'Object Repository/Final Object Repo/Login Page/Internal User/Email Address'

2019-01-08 19:27:43 - [TEST_STEP][PASSED] - click: Object: 'Object Repository/Final Object Repo/Login Page/Internal User/Next Button' is clicked on

2019-01-08 19:27:43 - [MESSAGE][PASSED] - Object: 'Object Repository/Final Object Repo/Login Page/Internal User/Next Button' is clicked on

2019-01-08 19:27:43 - [TEST_STEP][PASSED] - delay: Delayed 1 second(s)

2019-01-08 19:27:44 - [MESSAGE][PASSED] - Delayed 1 second(s)

2019-01-08 19:27:44 - [TEST_STEP][PASSED] - setEncryptedText: Text ****** has been set on object 'Object Repository/Final Object Repo/Login Page/Internal User/Password'

2019-01-08 19:27:44 - [MESSAGE][PASSED] - Text ****** has been set on object 'Object Repository/Final Object Repo/Login Page/Internal User/Password'

2019-01-08 19:27:44 - [TEST_STEP][PASSED] - click: Object: 'Object Repository/Final Object Repo/Login Page/Internal User/Login Button' is clicked on

2019-01-08 19:27:44 - [MESSAGE][PASSED] - Object: 'Object Repository/Final Object Repo/Login Page/Internal User/Login Button' is clicked on

2019-01-08 19:27:44 - [TEST_STEP][PASSED] - delay: Delayed 1 second(s)

2019-01-08 19:27:45 - [MESSAGE][PASSED] - Delayed 1 second(s)

2019-01-08 19:27:45 - [TEST_STEP][PASSED] - Statement - Try: Delayed 2 second(s)

2019-01-08 19:27:45 - [TEST_STEP][PASSED] - Statement - Checker = false: null

2019-01-08 19:27:45 - [TEST_STEP][PASSED] - Statement - Checker = com.kms.katalon.core.webui.keyword.WebUiBuiltInKeywords.verifyElementHasAttribute(com.kms.katalon.core.testobject.ObjectRepository.findTestObject(Final Object Repo/Landing Page/BM Detecting), "href", 20, OPTIONAL): Object 'Object Repository/Final Object Repo/Landing Page/BM Detecting' has attribute 'href'

2019-01-08 19:27:46 - [MESSAGE][PASSED] - Object 'Object Repository/Final Object Repo/Landing Page/BM Detecting' has attribute 'href'

2019-01-08 19:27:46 - [TEST_STEP][PASSED] - Statement - out.println(Checker): null

2019-01-08 19:27:46 - [TEST_STEP][PASSED] - Statement - If (Checker == false): null

2019-01-08 19:27:46 - [TEST_STEP][PASSED] - Statement - Else: null

2019-01-08 19:27:46 - [TEST_STEP][PASSED] - delay: Delayed 2 second(s)

2019-01-08 19:27:48 - [MESSAGE][PASSED] - Delayed 2 second(s)

2019-01-08 19:27:48 - [TEST_STEP][PASSED] - navigateToUrl: Navigate to 'https://assist2-uat.perkeso.gov.my/web/registration/registration' successfully

2019-01-08 19:27:50 - [MESSAGE][PASSED] - Navigate to 'https://assist2-uat.perkeso.gov.my/web/registration/registration' successfully

2019-01-08 19:27:50 - [TEST_STEP][PASSED] - click: Object: 'Object Repository/Final Object Repo/New Registration - Registration Module Pages/Form 1/AEC - No' is clicked on

2019-01-08 19:27:50 - [MESSAGE][PASSED] - Object: 'Object Repository/Final Object Repo/New Registration - Registration Module Pages/Form 1/AEC - No' is clicked on

2019-01-08 19:27:50 - [TEST_STEP][PASSED] - click: Object: 'Object Repository/Final Object Repo/New Registration - Registration Module Pages/Form 1/Business Entity' is clicked on

2019-01-08 19:27:50 - [MESSAGE][PASSED] - Object: 'Object Repository/Final Object Repo/New Registration - Registration Module Pages/Form 1/Business Entity' is clicked on

2019-01-08 19:27:50 - [TEST_STEP][PASSED] - click: Object: 'Object Repository/Final Object Repo/New Registration - Registration Module Pages/Form 1/Business Entity - Other' is clicked on

2019-01-08 19:27:50 - [MESSAGE][PASSED] - Object: 'Object Repository/Final Object Repo/New Registration - Registration Module Pages/Form 1/Business Entity - Other' is clicked on

2019-01-08 19:27:50 - [TEST_STEP][PASSED] - delay: Delayed 1 second(s)

2019-01-08 19:27:51 - [MESSAGE][PASSED] - Delayed 1 second(s)

2019-01-08 19:27:51 - [TEST_STEP][PASSED] - click: Object: 'Object Repository/Final Object Repo/New Registration - Registration Module Pages/Form 1/Sub Business Entity' is clicked on

2019-01-08 19:27:51 - [MESSAGE][PASSED] - Object: 'Object Repository/Final Object Repo/New Registration - Registration Module Pages/Form 1/Sub Business Entity' is clicked on

2019-01-08 19:27:51 - [TEST_STEP][PASSED] - click: Object: 'Object Repository/Final Object Repo/New Registration - Registration Module Pages/Form 1/Sub Business Entity - Other/Sub Business Entity  - State Government Agency' is clicked on

2019-01-08 19:27:52 - [MESSAGE][PASSED] - Object: 'Object Repository/Final Object Repo/New Registration - Registration Module Pages/Form 1/Sub Business Entity - Other/Sub Business Entity  - State Government Agency' is clicked on

2019-01-08 19:27:52 - [TEST_STEP][PASSED] - delay: Delayed 1 second(s)

2019-01-08 19:27:53 - [MESSAGE][PASSED] - Delayed 1 second(s)

2019-01-08 19:27:53 - [TEST_STEP][PASSED] - click: Object: 'Object Repository/Final Object Repo/New Registration - Registration Module Pages/Form 1/Sub Business Entity List' is clicked on

2019-01-08 19:27:53 - [MESSAGE][PASSED] - Object: 'Object Repository/Final Object Repo/New Registration - Registration Module Pages/Form 1/Sub Business Entity List' is clicked on

2019-01-08 19:27:53 - [TEST_STEP][PASSED] - click: Object: 'Object Repository/Final Object Repo/New Registration - Registration Module Pages/Form 1/Sub Business Entity List - Other/Sub Business Entity List - Others - State Government Agency - Perlis' is clicked on

2019-01-08 19:27:53 - [MESSAGE][PASSED] - Object: 'Object Repository/Final Object Repo/New Registration - Registration Module Pages/Form 1/Sub Business Entity List - Other/Sub Business Entity List - Others - State Government Agency - Perlis' is clicked on

2019-01-08 19:27:53 - [TEST_STEP][PASSED] - delay: Delayed 1 second(s)

2019-01-08 19:27:54 - [MESSAGE][PASSED] - Delayed 1 second(s)

2019-01-08 19:27:54 - [TEST_STEP][PASSED] - setText: Text '123' is set on object 'Object Repository/Final Object Repo/New Registration - Registration Module Pages/Form 1/Registration Number'

2019-01-08 19:27:54 - [MESSAGE][PASSED] - Text '123' is set on object 'Object Repository/Final Object Repo/New Registration - Registration Module Pages/Form 1/Registration Number'

2019-01-08 19:27:54 - [TEST_STEP][NOT_RUN] - click: NOT_RUN: click

2019-01-08 19:27:54 - [MESSAGE][NOT_RUN] - NOT_RUN: click

2019-01-08 19:27:54 - [TEST_STEP][PASSED] - click: Object: 'Object Repository/Final Object Repo/New Registration - Registration Module Pages/Form 1/Registered As a Branch - Yes' is clicked on

2019-01-08 19:27:54 - [MESSAGE][PASSED] - Object: 'Object Repository/Final Object Repo/New Registration - Registration Module Pages/Form 1/Registered As a Branch - Yes' is clicked on

2019-01-08 19:27:54 - [TEST_STEP][PASSED] - verifyElementPresent: Object 'Object Repository/Final Object Repo/New Registration - Registration Module Pages/Form 1/Acknowledgement Disabled' is present

2019-01-08 19:27:54 - [MESSAGE][WARNING] - Timeout '0' is invalid. Using default page load timeout: '30'

2019-01-08 19:27:55 - [MESSAGE][PASSED] - Object 'Object Repository/Final Object Repo/New Registration - Registration Module Pages/Form 1/Acknowledgement Disabled' is present

2019-01-08 19:27:55 - [TEST_STEP][NOT_RUN] - verifyElementNotClickable: NOT_RUN: verifyElementNotClickable

2019-01-08 19:27:55 - [MESSAGE][NOT_RUN] - NOT_RUN: verifyElementNotClickable

2019-01-08 19:27:55 - [TEST_STEP][PASSED] - setText: Text 'perkeso' is set on object 'Object Repository/Final Object Repo/New Registration - Registration Module Pages/Form 1/Industry name'

2019-01-08 19:27:55 - [MESSAGE][PASSED] - Text 'perkeso' is set on object 'Object Repository/Final Object Repo/New Registration - Registration Module Pages/Form 1/Industry name'

2019-01-08 19:27:55 - [TEST_STEP][PASSED] - setText: Text 'perkeso1' is set on object 'Object Repository/Final Object Repo/New Registration - Registration Module Pages/Form 1/Postal Address1'

2019-01-08 19:27:55 - [MESSAGE][PASSED] - Text 'perkeso1' is set on object 'Object Repository/Final Object Repo/New Registration - Registration Module Pages/Form 1/Postal Address1'

2019-01-08 19:27:55 - [TEST_STEP][PASSED] - setText: Text 'perkeso2' is set on object 'Object Repository/Final Object Repo/New Registration - Registration Module Pages/Form 1/Postal Address2'

2019-01-08 19:27:56 - [MESSAGE][PASSED] - Text 'perkeso2' is set on object 'Object Repository/Final Object Repo/New Registration - Registration Module Pages/Form 1/Postal Address2'

2019-01-08 19:27:56 - [TEST_STEP][PASSED] - setText: Text 'perkeso3' is set on object 'Object Repository/Final Object Repo/New Registration - Registration Module Pages/Form 1/Postal Address3'

2019-01-08 19:27:56 - [MESSAGE][PASSED] - Text 'perkeso3' is set on object 'Object Repository/Final Object Repo/New Registration - Registration Module Pages/Form 1/Postal Address3'

2019-01-08 19:27:56 - [TEST_STEP][PASSED] - click: Object: 'Object Repository/Final Object Repo/New Registration - Registration Module Pages/Form 1/State' is clicked on

2019-01-08 19:27:56 - [MESSAGE][PASSED] - Object: 'Object Repository/Final Object Repo/New Registration - Registration Module Pages/Form 1/State' is clicked on

2019-01-08 19:27:56 - [TEST_STEP][PASSED] - click: Object: 'Object Repository/Final Object Repo/New Registration - Registration Module Pages/Form 1/State - Johor' is clicked on

2019-01-08 19:27:56 - [MESSAGE][PASSED] - Object: 'Object Repository/Final Object Repo/New Registration - Registration Module Pages/Form 1/State - Johor' is clicked on

2019-01-08 19:27:56 - [TEST_STEP][PASSED] - delay: Delayed 1 second(s)

2019-01-08 19:27:57 - [MESSAGE][PASSED] - Delayed 1 second(s)

2019-01-08 19:27:57 - [TEST_STEP][PASSED] - click: Object: 'Object Repository/Final Object Repo/New Registration - Registration Module Pages/Form 1/City' is clicked on

2019-01-08 19:27:57 - [MESSAGE][PASSED] - Object: 'Object Repository/Final Object Repo/New Registration - Registration Module Pages/Form 1/City' is clicked on

2019-01-08 19:27:57 - [TEST_STEP][PASSED] - setText: Text 'joh' is set on object 'Object Repository/Final Object Repo/New Registration - Registration Module Pages/Form 1/Postcode - 810'

2019-01-08 19:27:58 - [MESSAGE][PASSED] - Text 'joh' is set on object 'Object Repository/Final Object Repo/New Registration - Registration Module Pages/Form 1/Postcode - 810'

2019-01-08 19:27:58 - [TEST_STEP][PASSED] - delay: Delayed 1 second(s)

2019-01-08 19:27:59 - [MESSAGE][PASSED] - Delayed 1 second(s)

2019-01-08 19:27:59 - [TEST_STEP][PASSED] - click: Object: 'Object Repository/Final Object Repo/New Registration - Registration Module Pages/Form 1/City - Johor Bharu' is clicked on

2019-01-08 19:27:59 - [MESSAGE][PASSED] - Object: 'Object Repository/Final Object Repo/New Registration - Registration Module Pages/Form 1/City - Johor Bharu' is clicked on

2019-01-08 19:27:59 - [TEST_STEP][PASSED] - delay: Delayed 1 second(s)

2019-01-08 19:28:00 - [MESSAGE][PASSED] - Delayed 1 second(s)

2019-01-08 19:28:00 - [TEST_STEP][PASSED] - click: Object: 'Object Repository/Final Object Repo/New Registration - Registration Module Pages/Form 1/Postcode' is clicked on

2019-01-08 19:28:00 - [MESSAGE][PASSED] - Object: 'Object Repository/Final Object Repo/New Registration - Registration Module Pages/Form 1/Postcode' is clicked on

2019-01-08 19:28:00 - [TEST_STEP][PASSED] - delay: Delayed 1 second(s)

2019-01-08 19:28:01 - [MESSAGE][PASSED] - Delayed 1 second(s)

2019-01-08 19:28:01 - [TEST_STEP][PASSED] - setText: Text '810' is set on object 'Object Repository/Final Object Repo/New Registration - Registration Module Pages/Form 1/Postcode - 810'

2019-01-08 19:28:01 - [MESSAGE][PASSED] - Text '810' is set on object 'Object Repository/Final Object Repo/New Registration - Registration Module Pages/Form 1/Postcode - 810'

2019-01-08 19:28:01 - [TEST_STEP][PASSED] - delay: Delayed 3 second(s)

2019-01-08 19:28:04 - [MESSAGE][PASSED] - Delayed 3 second(s)

2019-01-08 19:28:04 - [TEST_STEP][PASSED] - click: Object: 'Object Repository/Final Object Repo/New Registration - Registration Module Pages/Form 1/Postcode - 81000' is clicked on

2019-01-08 19:28:05 - [MESSAGE][PASSED] - Object: 'Object Repository/Final Object Repo/New Registration - Registration Module Pages/Form 1/Postcode - 81000' is clicked on

2019-01-08 19:28:05 - [TEST_STEP][PASSED] - delay: Delayed 1 second(s)

2019-01-08 19:28:06 - [MESSAGE][PASSED] - Delayed 1 second(s)

2019-01-08 19:28:06 - [TEST_STEP][PASSED] - setText: Text '100' is set on object 'Object Repository/Final Object Repo/New Registration - Registration Module Pages/Form 1/P.O.BOX'

2019-01-08 19:28:06 - [MESSAGE][PASSED] - Text '100' is set on object 'Object Repository/Final Object Repo/New Registration - Registration Module Pages/Form 1/P.O.BOX'

2019-01-08 19:28:06 - [TEST_STEP][PASSED] - setText: Text '100' is set on object 'Object Repository/Final Object Repo/New Registration - Registration Module Pages/Form 1/Locked Bag No'

2019-01-08 19:28:06 - [MESSAGE][PASSED] - Text '100' is set on object 'Object Repository/Final Object Repo/New Registration - Registration Module Pages/Form 1/Locked Bag No'

2019-01-08 19:28:06 - [TEST_STEP][PASSED] - click: Object: 'Object Repository/Final Object Repo/New Registration - Registration Module Pages/Form 1/SOCSO Office Location' is clicked on

2019-01-08 19:28:06 - [MESSAGE][PASSED] - Object: 'Object Repository/Final Object Repo/New Registration - Registration Module Pages/Form 1/SOCSO Office Location' is clicked on

2019-01-08 19:28:06 - [TEST_STEP][PASSED] - click: Object: 'Object Repository/Final Object Repo/New Registration - Registration Module Pages/Form 1/SOCSO Office Location - Pejabat PERKESO Negeri Johor' is clicked on

2019-01-08 19:28:07 - [MESSAGE][PASSED] - Object: 'Object Repository/Final Object Repo/New Registration - Registration Module Pages/Form 1/SOCSO Office Location - Pejabat PERKESO Negeri Johor' is clicked on

2019-01-08 19:28:07 - [TEST_STEP][PASSED] - delay: Delayed 1 second(s)

2019-01-08 19:28:08 - [MESSAGE][PASSED] - Delayed 1 second(s)

2019-01-08 19:28:08 - [TEST_STEP][PASSED] - check: Object 'Object Repository/Final Object Repo/New Registration - Registration Module Pages/Form 1/Indusrty Address Same As Postal Address' is checked

2019-01-08 19:28:08 - [MESSAGE][PASSED] - Object 'Object Repository/Final Object Repo/New Registration - Registration Module Pages/Form 1/Indusrty Address Same As Postal Address' is checked

2019-01-08 19:28:08 - [TEST_STEP][PASSED] - delay: Delayed 3 second(s)

2019-01-08 19:28:11 - [MESSAGE][PASSED] - Delayed 3 second(s)

2019-01-08 19:28:11 - [TEST_STEP][PASSED] - click: Object: 'Object Repository/Final Object Repo/New Registration - Registration Module Pages/Form 1/Indusry Address Same As Postal Address False' is clicked on

2019-01-08 19:28:11 - [MESSAGE][PASSED] - Object: 'Object Repository/Final Object Repo/New Registration - Registration Module Pages/Form 1/Indusry Address Same As Postal Address False' is clicked on

2019-01-08 19:28:11 - [TEST_STEP][PASSED] - delay: Delayed 1 second(s)

2019-01-08 19:28:12 - [MESSAGE][PASSED] - Delayed 1 second(s)

2019-01-08 19:28:12 - [TEST_STEP][PASSED] - setText: Text 'perkeso1' is set on object 'Object Repository/Final Object Repo/New Registration - Registration Module Pages/Form 1/Industry Address1'

2019-01-08 19:28:12 - [MESSAGE][PASSED] - Text 'perkeso1' is set on object 'Object Repository/Final Object Repo/New Registration - Registration Module Pages/Form 1/Industry Address1'

2019-01-08 19:28:12 - [TEST_STEP][PASSED] - setText: Text 'perkeso2' is set on object 'Object Repository/Final Object Repo/New Registration - Registration Module Pages/Form 1/Industry Address2'

2019-01-08 19:28:13 - [MESSAGE][PASSED] - Text 'perkeso2' is set on object 'Object Repository/Final Object Repo/New Registration - Registration Module Pages/Form 1/Industry Address2'

2019-01-08 19:28:13 - [TEST_STEP][PASSED] - setText: Text 'perkeso3' is set on object 'Object Repository/Final Object Repo/New Registration - Registration Module Pages/Form 1/Industry Address3'

2019-01-08 19:28:13 - [MESSAGE][PASSED] - Text 'perkeso3' is set on object 'Object Repository/Final Object Repo/New Registration - Registration Module Pages/Form 1/Industry Address3'

2019-01-08 19:28:13 - [TEST_STEP][PASSED] - click: Object: 'Object Repository/Final Object Repo/New Registration - Registration Module Pages/Form 1/Industry State' is clicked on

2019-01-08 19:28:13 - [MESSAGE][PASSED] - Object: 'Object Repository/Final Object Repo/New Registration - Registration Module Pages/Form 1/Industry State' is clicked on

2019-01-08 19:28:13 - [TEST_STEP][PASSED] - delay: Delayed 2 second(s)

2019-01-08 19:28:15 - [MESSAGE][PASSED] - Delayed 2 second(s)

2019-01-08 19:28:15 - [TEST_STEP][PASSED] - click: Object: 'Object Repository/Final Object Repo/New Registration - Registration Module Pages/Form 1/Industry State - Johor' is clicked on

2019-01-08 19:28:15 - [MESSAGE][PASSED] - Object: 'Object Repository/Final Object Repo/New Registration - Registration Module Pages/Form 1/Industry State - Johor' is clicked on

2019-01-08 19:28:15 - [TEST_STEP][PASSED] - delay: Delayed 2 second(s)

2019-01-08 19:28:17 - [MESSAGE][PASSED] - Delayed 2 second(s)

2019-01-08 19:28:17 - [TEST_STEP][PASSED] - click: Object: 'Object Repository/Final Object Repo/New Registration - Registration Module Pages/Form 1/Industry Ciry' is clicked on

2019-01-08 19:28:18 - [MESSAGE][PASSED] - Object: 'Object Repository/Final Object Repo/New Registration - Registration Module Pages/Form 1/Industry Ciry' is clicked on

2019-01-08 19:28:18 - [TEST_STEP][PASSED] - setText: Text 'joh' is set on object 'Object Repository/Final Object Repo/New Registration - Registration Module Pages/Form 1/Industry Ciry - joh'

2019-01-08 19:28:18 - [MESSAGE][PASSED] - Text 'joh' is set on object 'Object Repository/Final Object Repo/New Registration - Registration Module Pages/Form 1/Industry Ciry - joh'

2019-01-08 19:28:18 - [TEST_STEP][PASSED] - delay: Delayed 2 second(s)

2019-01-08 19:28:20 - [MESSAGE][PASSED] - Delayed 2 second(s)

2019-01-08 19:28:20 - [TEST_STEP][PASSED] - click: Object: 'Object Repository/Final Object Repo/New Registration - Registration Module Pages/Form 1/Industy State - Johor Bharu' is clicked on

2019-01-08 19:28:20 - [MESSAGE][PASSED] - Object: 'Object Repository/Final Object Repo/New Registration - Registration Module Pages/Form 1/Industy State - Johor Bharu' is clicked on

2019-01-08 19:28:20 - [TEST_STEP][PASSED] - delay: Delayed 1 second(s)

2019-01-08 19:28:21 - [MESSAGE][PASSED] - Delayed 1 second(s)

2019-01-08 19:28:21 - [TEST_STEP][PASSED] - click: Object: 'Object Repository/Final Object Repo/New Registration - Registration Module Pages/Form 1/Indusry PostCode' is clicked on

2019-01-08 19:28:21 - [MESSAGE][PASSED] - Object: 'Object Repository/Final Object Repo/New Registration - Registration Module Pages/Form 1/Indusry PostCode' is clicked on

2019-01-08 19:28:21 - [TEST_STEP][PASSED] - delay: Delayed 1 second(s)

2019-01-08 19:28:22 - [MESSAGE][PASSED] - Delayed 1 second(s)

2019-01-08 19:28:22 - [TEST_STEP][PASSED] - setText: Text '810' is set on object 'Object Repository/Final Object Repo/New Registration - Registration Module Pages/Form 1/Insutry Post Code - 810'

2019-01-08 19:28:22 - [MESSAGE][PASSED] - Text '810' is set on object 'Object Repository/Final Object Repo/New Registration - Registration Module Pages/Form 1/Insutry Post Code - 810'

2019-01-08 19:28:22 - [TEST_STEP][PASSED] - delay: Delayed 1 second(s)

2019-01-08 19:28:23 - [MESSAGE][PASSED] - Delayed 1 second(s)

2019-01-08 19:28:23 - [TEST_STEP][PASSED] - click: Object: 'Object Repository/Final Object Repo/New Registration - Registration Module Pages/Form 1/Insutry Post Code - 81000' is clicked on

2019-01-08 19:28:24 - [MESSAGE][PASSED] - Object: 'Object Repository/Final Object Repo/New Registration - Registration Module Pages/Form 1/Insutry Post Code - 81000' is clicked on

2019-01-08 19:28:24 - [TEST_STEP][PASSED] - delay: Delayed 1 second(s)

2019-01-08 19:28:25 - [MESSAGE][PASSED] - Delayed 1 second(s)

2019-01-08 19:28:25 - [TEST_STEP][PASSED] - setText: Text '100' is set on object 'Object Repository/Final Object Repo/New Registration - Registration Module Pages/Form 1/Industry P.O.BOX'

2019-01-08 19:28:25 - [MESSAGE][PASSED] - Text '100' is set on object 'Object Repository/Final Object Repo/New Registration - Registration Module Pages/Form 1/Industry P.O.BOX'

2019-01-08 19:28:25 - [TEST_STEP][PASSED] - setText: Text '100' is set on object 'Object Repository/Final Object Repo/New Registration - Registration Module Pages/Form 1/Industry Locked Bag No'

2019-01-08 19:28:25 - [MESSAGE][PASSED] - Text '100' is set on object 'Object Repository/Final Object Repo/New Registration - Registration Module Pages/Form 1/Industry Locked Bag No'

2019-01-08 19:28:25 - [TEST_STEP][PASSED] - setText: Text '123456789' is set on object 'Object Repository/Final Object Repo/New Registration - Registration Module Pages/Form 1/Telephone No'

2019-01-08 19:28:25 - [MESSAGE][PASSED] - Text '123456789' is set on object 'Object Repository/Final Object Repo/New Registration - Registration Module Pages/Form 1/Telephone No'

2019-01-08 19:28:25 - [TEST_STEP][PASSED] - setText: Text '123456789' is set on object 'Object Repository/Final Object Repo/New Registration - Registration Module Pages/Form 1/Mobile No'

2019-01-08 19:28:26 - [MESSAGE][PASSED] - Text '123456789' is set on object 'Object Repository/Final Object Repo/New Registration - Registration Module Pages/Form 1/Mobile No'

2019-01-08 19:28:26 - [TEST_STEP][PASSED] - setText: Text '123456789' is set on object 'Object Repository/Final Object Repo/New Registration - Registration Module Pages/Form 1/Fax No'

2019-01-08 19:28:26 - [MESSAGE][PASSED] - Text '123456789' is set on object 'Object Repository/Final Object Repo/New Registration - Registration Module Pages/Form 1/Fax No'

2019-01-08 19:28:26 - [TEST_STEP][PASSED] - click: Object: 'Object Repository/Final Object Repo/New Registration - Registration Module Pages/Form 1/Industry Code' is clicked on

2019-01-08 19:28:26 - [MESSAGE][PASSED] - Object: 'Object Repository/Final Object Repo/New Registration - Registration Module Pages/Form 1/Industry Code' is clicked on

2019-01-08 19:28:26 - [TEST_STEP][PASSED] - click: Object: 'Object Repository/Final Object Repo/New Registration - Registration Module Pages/Form 1/Indudustry Code - Crops and Animal' is clicked on

2019-01-08 19:28:27 - [MESSAGE][PASSED] - Object: 'Object Repository/Final Object Repo/New Registration - Registration Module Pages/Form 1/Indudustry Code - Crops and Animal' is clicked on

2019-01-08 19:28:27 - [TEST_STEP][PASSED] - delay: Delayed 1 second(s)

2019-01-08 19:28:28 - [MESSAGE][PASSED] - Delayed 1 second(s)

2019-01-08 19:28:28 - [TEST_STEP][PASSED] - click: Object: 'Object Repository/Final Object Repo/New Registration - Registration Module Pages/Form 1/Sub Industry Code List' is clicked on

2019-01-08 19:28:28 - [MESSAGE][PASSED] - Object: 'Object Repository/Final Object Repo/New Registration - Registration Module Pages/Form 1/Sub Industry Code List' is clicked on

2019-01-08 19:28:28 - [TEST_STEP][PASSED] - click: Object: 'Object Repository/Final Object Repo/New Registration - Registration Module Pages/Form 1/Sub Industry Code List - Growing of Maize' is clicked on

2019-01-08 19:28:28 - [MESSAGE][PASSED] - Object: 'Object Repository/Final Object Repo/New Registration - Registration Module Pages/Form 1/Sub Industry Code List - Growing of Maize' is clicked on

2019-01-08 19:28:28 - [TEST_STEP][PASSED] - setText: Text 'perkeso123@gmail.com' is set on object 'Object Repository/Final Object Repo/New Registration - Registration Module Pages/Form 1/Email'

2019-01-08 19:28:29 - [MESSAGE][PASSED] - Text 'perkeso123@gmail.com' is set on object 'Object Repository/Final Object Repo/New Registration - Registration Module Pages/Form 1/Email'

2019-01-08 19:28:29 - [TEST_STEP][PASSED] - click: Object: 'Object Repository/Final Object Repo/New Registration - Registration Module Pages/Form 1/Method of Contribution Payment' is clicked on

2019-01-08 19:28:29 - [MESSAGE][PASSED] - Object: 'Object Repository/Final Object Repo/New Registration - Registration Module Pages/Form 1/Method of Contribution Payment' is clicked on

2019-01-08 19:28:29 - [TEST_STEP][PASSED] - click: Object: 'Object Repository/Final Object Repo/New Registration - Registration Module Pages/Form 1/Method of Contribution Payment - Portal' is clicked on

2019-01-08 19:28:29 - [MESSAGE][PASSED] - Object: 'Object Repository/Final Object Repo/New Registration - Registration Module Pages/Form 1/Method of Contribution Payment - Portal' is clicked on

2019-01-08 19:28:29 - [TEST_STEP][PASSED] - click: Object: 'Object Repository/Final Object Repo/New Registration - Registration Module Pages/Form 1/Servide Type' is clicked on

2019-01-08 19:28:29 - [MESSAGE][PASSED] - Object: 'Object Repository/Final Object Repo/New Registration - Registration Module Pages/Form 1/Servide Type' is clicked on

2019-01-08 19:28:29 - [TEST_STEP][PASSED] - click: Object: 'Object Repository/Final Object Repo/New Registration - Registration Module Pages/Form 1/Servide Type - Professional Bodies' is clicked on

2019-01-08 19:28:30 - [MESSAGE][PASSED] - Object: 'Object Repository/Final Object Repo/New Registration - Registration Module Pages/Form 1/Servide Type - Professional Bodies' is clicked on

2019-01-08 19:28:30 - [TEST_STEP][PASSED] - click: Object: 'Object Repository/Final Object Repo/New Registration - Registration Module Pages/Form 1/Industry Venue' is clicked on

2019-01-08 19:28:30 - [MESSAGE][PASSED] - Object: 'Object Repository/Final Object Repo/New Registration - Registration Module Pages/Form 1/Industry Venue' is clicked on

2019-01-08 19:28:30 - [TEST_STEP][PASSED] - click: Object: 'Object Repository/Final Object Repo/New Registration - Registration Module Pages/Form 1/Industry Venue -  PPN JOHOR' is clicked on

2019-01-08 19:28:30 - [MESSAGE][PASSED] - Object: 'Object Repository/Final Object Repo/New Registration - Registration Module Pages/Form 1/Industry Venue -  PPN JOHOR' is clicked on

2019-01-08 19:28:30 - [TEST_STEP][PASSED] - click: Object: 'Object Repository/Final Object Repo/New Registration - Registration Module Pages/Form 1/Save  Continue' is clicked on

2019-01-08 19:28:30 - [MESSAGE][PASSED] - Object: 'Object Repository/Final Object Repo/New Registration - Registration Module Pages/Form 1/Save  Continue' is clicked on

2019-01-08 19:28:30 - [MESSAGE][PASSED] - Call Test Case 'Test Cases/Final Aug 2018 - PKS Automation/Registration Module/New Registration/Form 1/Form 1 - Other - State Government Agency' successfully

2019-01-08 19:28:30 - [TEST_STEP][PASSED] - callTestCase: Call Test Case 'Test Cases/Final Aug 2018 - PKS Automation/Registration Module/New Registration/Form 2/Add 2 Not Eligible - No 3rd Screen' successfully

2019-01-08 19:28:30 - [TEST_CASE][PASSED] - Test Cases/Final Aug 2018 - PKS Automation/Registration Module/New Registration/Form 2/Add 2 Not Eligible - No 3rd Screen: Test Cases/Final Aug 2018 - PKS Automation/Registration Module/New Registration/Form 2/Add 2 Not Eligible - No 3rd Screen

2019-01-08 19:28:30 - [TEST_STEP][PASSED] - delay: Delayed 2 second(s)

2019-01-08 19:28:32 - [MESSAGE][PASSED] - Delayed 2 second(s)

2019-01-08 19:28:32 - [TEST_STEP][PASSED] - callTestCase: Call Test Case 'Test Cases/Final Aug 2018 - PKS Automation/Registration Module/New Registration/Form 2/Date Updater' successfully

2019-01-08 19:28:32 - [TEST_CASE][PASSED] - Test Cases/Final Aug 2018 - PKS Automation/Registration Module/New Registration/Form 2/Date Updater: Test Cases/Final Aug 2018 - PKS Automation/Registration Module/New Registration/Form 2/Date Updater

2019-01-08 19:28:32 - [TEST_STEP][PASSED] - Statement - TodayDate = new java.util.Date(): null

2019-01-08 19:28:32 - [TEST_STEP][PASSED] - Statement - CurrentDateNoFilter = new java.text.SimpleDateFormat(): null

2019-01-08 19:28:32 - [TEST_STEP][PASSED] - Statement - CurrentDateNoFilter.applyPattern("MM"): null

2019-01-08 19:28:32 - [TEST_STEP][PASSED] - Statement - monthContainerMatcher = java.lang.Integer.parseInt(CurrentDateNoFilter.format(TodayDate)): null

2019-01-08 19:28:32 - [TEST_STEP][PASSED] - Statement - monthContainerMatcher = monthContainerMatcher - 1: null

2019-01-08 19:28:32 - [TEST_STEP][PASSED] - Statement - CurrentMonth = monthContainerMatcher.toString(): null

2019-01-08 19:28:32 - [TEST_STEP][PASSED] - Statement - CurrentMonth = CurrentMonth: null

2019-01-08 19:28:32 - [TEST_STEP][PASSED] - Statement - CurrentDateNoFilter.applyPattern("yyyy"): null

2019-01-08 19:28:32 - [TEST_STEP][PASSED] - Statement - CurrentYear = CurrentDateNoFilter.format(TodayDate): null

2019-01-08 19:28:32 - [TEST_STEP][PASSED] - Statement - CurrentYear = CurrentYear: null

2019-01-08 19:28:32 - [TEST_STEP][PASSED] - Statement - intCurrentYear = java.lang.Integer.parseInt(CurrentDateNoFilter.format(TodayDate)): null

2019-01-08 19:28:32 - [TEST_STEP][PASSED] - Statement - eighteenYrsAgo = intCurrentYear - 18: null

2019-01-08 19:28:32 - [TEST_STEP][PASSED] - Statement - eighteenYrsBeforeThisYr = eighteenYrsAgo.toString(): null

2019-01-08 19:28:32 - [TEST_STEP][PASSED] - Statement - EighteenYrsBefore = eighteenYrsBeforeThisYr: null

2019-01-08 19:28:32 - [TEST_STEP][PASSED] - Statement - fiftysevenYrsAgo = intCurrentYear - 57: null

2019-01-08 19:28:32 - [TEST_STEP][PASSED] - Statement - fiftysevenYrsBeforeThisYr = fiftysevenYrsAgo.toString(): null

2019-01-08 19:28:32 - [TEST_STEP][PASSED] - Statement - FiftysevenYrsBefore = fiftysevenYrsBeforeThisYr: null

2019-01-08 19:28:32 - [TEST_STEP][PASSED] - Statement - leapYear = false: null

2019-01-08 19:28:32 - [TEST_STEP][PASSED] - Statement - leapYear = intCurrentYear % 4 == 0: null

2019-01-08 19:28:32 - [TEST_STEP][PASSED] - Statement - CurrentDateNoFilter.applyPattern("dd"): null

2019-01-08 19:28:32 - [TEST_STEP][PASSED] - Statement - CurrentDate = CurrentDateNoFilter.format(TodayDate): null

2019-01-08 19:28:32 - [TEST_STEP][PASSED] - Statement - CurrentDate = java.lang.Integer.parseInt(CurrentDate): null

2019-01-08 19:28:32 - [TEST_STEP][PASSED] - Statement - CurrentDate = CurrentDate: null

2019-01-08 19:28:32 - [TEST_STEP][PASSED] - Statement - CurrentDay = java.lang.Integer.parseInt(CurrentDate): null

2019-01-08 19:28:32 - [TEST_STEP][PASSED] - Statement - ConfAdder = <not implemented yet for class: org.codehaus.groovy.ast.expr.EmptyExpression>: null

2019-01-08 19:28:32 - [TEST_STEP][PASSED] - Statement - out.println(CurrentMonth): null

2019-01-08 19:28:32 - [TEST_STEP][PASSED] - Statement - out.println(CurrentDate): null

2019-01-08 19:28:32 - [TEST_STEP][PASSED] - Statement - switch (CurrentDate): null

2019-01-08 19:28:32 - [TEST_STEP][PASSED] - Statement - Default: null

2019-01-08 19:28:32 - [TEST_STEP][PASSED] - Statement - ConfAdder = true: null

2019-01-08 19:28:32 - [TEST_STEP][PASSED] - Statement - Break: null

2019-01-08 19:28:32 - [TEST_STEP][PASSED] - Statement - aDayBefore = <not implemented yet for class: org.codehaus.groovy.ast.expr.EmptyExpression>: null

2019-01-08 19:28:32 - [TEST_STEP][PASSED] - Statement - out.println(ConfAdder): null

2019-01-08 19:28:32 - [TEST_STEP][PASSED] - Statement - If (ConfAdder == true): null

2019-01-08 19:28:32 - [TEST_STEP][PASSED] - Statement - aDayBefore = CurrentDay + 1: null

2019-01-08 19:28:32 - [TEST_STEP][PASSED] - Statement - out.println(aDayBefore): null

2019-01-08 19:28:32 - [TEST_STEP][PASSED] - Statement - If (aDayBefore == 1 && CurrentMonth == 11): null

2019-01-08 19:28:32 - [TEST_STEP][PASSED] - Statement - DayBefore = aDayBefore.toString(): null

2019-01-08 19:28:32 - [TEST_STEP][PASSED] - Statement - OneDayBefore = DayBefore: null

2019-01-08 19:28:32 - [MESSAGE][PASSED] - Call Test Case 'Test Cases/Final Aug 2018 - PKS Automation/Registration Module/New Registration/Form 2/Date Updater' successfully

2019-01-08 19:28:32 - [TEST_STEP][PASSED] - Statement - CaseReferenceNo = com.kms.katalon.core.webui.keyword.WebUiBuiltInKeywords.getText(com.kms.katalon.core.testobject.ObjectRepository.findTestObject(Final Object Repo/New Registration - Registration Module Pages/Form 2/RefNo Acquiring)): Text of object 'Object Repository/Final Object Repo/New Registration - Registration Module Pages/Form 2/RefNo Acquiring' is: 'CRN01201900123659'

2019-01-08 19:28:32 - [MESSAGE][PASSED] - Text of object 'Object Repository/Final Object Repo/New Registration - Registration Module Pages/Form 2/RefNo Acquiring' is: 'CRN01201900123659'

2019-01-08 19:28:32 - [TEST_STEP][PASSED] - delay: Delayed 6 second(s)

2019-01-08 19:28:38 - [MESSAGE][PASSED] - Delayed 6 second(s)

2019-01-08 19:28:38 - [TEST_STEP][PASSED] - click: Object: 'Object Repository/Final Object Repo/New Registration - Registration Module Pages/Form 2/Add Employee Button' is clicked on

2019-01-08 19:28:39 - [MESSAGE][PASSED] - Object: 'Object Repository/Final Object Repo/New Registration - Registration Module Pages/Form 2/Add Employee Button' is clicked on

2019-01-08 19:28:39 - [TEST_STEP][PASSED] - delay: Delayed 4 second(s)

2019-01-08 19:28:43 - [MESSAGE][PASSED] - Delayed 4 second(s)

2019-01-08 19:28:43 - [TEST_STEP][PASSED] - setText: Text '000209039189' is set on object 'Object Repository/Final Object Repo/New Registration - Registration Module Pages/Form 2/NRIC Input'

2019-01-08 19:28:43 - [MESSAGE][PASSED] - Text '000209039189' is set on object 'Object Repository/Final Object Repo/New Registration - Registration Module Pages/Form 2/NRIC Input'

2019-01-08 19:28:43 - [TEST_STEP][PASSED] - click: Object: 'Object Repository/Final Object Repo/New Registration - Registration Module Pages/Form 2/button for search for IC' is clicked on

2019-01-08 19:28:43 - [MESSAGE][PASSED] - Object: 'Object Repository/Final Object Repo/New Registration - Registration Module Pages/Form 2/button for search for IC' is clicked on

2019-01-08 19:28:43 - [TEST_STEP][PASSED] - delay: Delayed 2 second(s)

2019-01-08 19:28:45 - [MESSAGE][PASSED] - Delayed 2 second(s)

2019-01-08 19:28:45 - [TEST_STEP][PASSED] - setText: Text 'Automate001 not eligible 1' is set on object 'Object Repository/Final Object Repo/New Registration - Registration Module Pages/Form 2/Employee Name Input'

2019-01-08 19:28:46 - [MESSAGE][PASSED] - Text 'Automate001 not eligible 1' is set on object 'Object Repository/Final Object Repo/New Registration - Registration Module Pages/Form 2/Employee Name Input'

2019-01-08 19:28:46 - [TEST_STEP][PASSED] - delay: Delayed 2 second(s)

2019-01-08 19:28:48 - [MESSAGE][PASSED] - Delayed 2 second(s)

2019-01-08 19:28:48 - [TEST_STEP][PASSED] - click: Object: 'Object Repository/Final Object Repo/New Registration - Registration Module Pages/Form 2/DatePicker Pop Up' is clicked on

2019-01-08 19:28:48 - [MESSAGE][PASSED] - Object: 'Object Repository/Final Object Repo/New Registration - Registration Module Pages/Form 2/DatePicker Pop Up' is clicked on

2019-01-08 19:28:48 - [TEST_STEP][PASSED] - click: Object: 'Object Repository/Final Object Repo/New Registration - Registration Module Pages/Form 2/DOB Month' is clicked on

2019-01-08 19:28:48 - [MESSAGE][PASSED] - Object: 'Object Repository/Final Object Repo/New Registration - Registration Module Pages/Form 2/DOB Month' is clicked on

2019-01-08 19:28:48 - [TEST_STEP][PASSED] - Statement - CurrentMonth = CurrentMonth: null

2019-01-08 19:28:48 - [TEST_STEP][PASSED] - Statement - selectMonth = new com.kms.katalon.core.testobject.TestObject(): null

2019-01-08 19:28:48 - [TEST_STEP][PASSED] - Statement - selectMonth.addProperty("xpath", EQUALS, "//body/div/div/div/select/option[@value='" + CurrentMonth + "']", true): null

2019-01-08 19:28:48 - [TEST_STEP][PASSED] - click: Object: '' is clicked on

2019-01-08 19:28:48 - [MESSAGE][PASSED] - Object: '' is clicked on

2019-01-08 19:28:48 - [TEST_STEP][PASSED] - delay: Delayed 2 second(s)

2019-01-08 19:28:50 - [MESSAGE][PASSED] - Delayed 2 second(s)

2019-01-08 19:28:50 - [TEST_STEP][PASSED] - click: Object: 'Object Repository/Final Object Repo/New Registration - Registration Module Pages/Form 2/DOB Year' is clicked on

2019-01-08 19:28:50 - [MESSAGE][PASSED] - Object: 'Object Repository/Final Object Repo/New Registration - Registration Module Pages/Form 2/DOB Year' is clicked on

2019-01-08 19:28:50 - [TEST_STEP][PASSED] - Statement - Eyearsbf = EighteenYrsBefore: null

2019-01-08 19:28:50 - [TEST_STEP][PASSED] - Statement - selectYear = new com.kms.katalon.core.testobject.TestObject(): null

2019-01-08 19:28:50 - [TEST_STEP][PASSED] - Statement - selectYear.addProperty("xpath", EQUALS, "//div/div/div/select/option[@value='" + Eyearsbf + "']", true): null

2019-01-08 19:28:50 - [TEST_STEP][PASSED] - click: Object: '' is clicked on

2019-01-08 19:28:50 - [MESSAGE][PASSED] - Object: '' is clicked on

2019-01-08 19:28:50 - [TEST_STEP][PASSED] - delay: Delayed 3 second(s)

2019-01-08 19:28:53 - [MESSAGE][PASSED] - Delayed 3 second(s)

2019-01-08 19:28:53 - [TEST_STEP][PASSED] - Statement - UpdatedSelectDate = com.kms.katalon.core.webui.keyword.WebUiBuiltInKeywords.modifyObjectProperty(com.kms.katalon.core.testobject.ObjectRepository.findTestObject(Final Object Repo/New Registration - Registration Module Pages/Form 2/DOB Date), "xpath", "equals", "//body/div/table/tbody/tr/td/a[text()="" + OneDayBefore + ""]", true): Modify property of object successfully

2019-01-08 19:28:53 - [MESSAGE][PASSED] - Modify property of object successfully

2019-01-08 19:28:53 - [TEST_STEP][PASSED] - delay: Delayed 3 second(s)

2019-01-08 19:28:56 - [MESSAGE][PASSED] - Delayed 3 second(s)

2019-01-08 19:28:56 - [TEST_STEP][PASSED] - click: Object: 'Object Repository/Final Object Repo/New Registration - Registration Module Pages/Form 2/DOB Date' is clicked on

2019-01-08 19:28:57 - [MESSAGE][PASSED] - Object: 'Object Repository/Final Object Repo/New Registration - Registration Module Pages/Form 2/DOB Date' is clicked on

2019-01-08 19:28:57 - [TEST_STEP][PASSED] - delay: Delayed 2 second(s)

2019-01-08 19:28:59 - [MESSAGE][PASSED] - Delayed 2 second(s)

2019-01-08 19:28:59 - [TEST_STEP][PASSED] - click: Object: 'Object Repository/Final Object Repo/New Registration - Registration Module Pages/Form 2/EmploymentStartDate Pop Up' is clicked on

2019-01-08 19:28:59 - [MESSAGE][PASSED] - Object: 'Object Repository/Final Object Repo/New Registration - Registration Module Pages/Form 2/EmploymentStartDate Pop Up' is clicked on

2019-01-08 19:28:59 - [TEST_STEP][PASSED] - delay: Delayed 2 second(s)

2019-01-08 19:29:01 - [MESSAGE][PASSED] - Delayed 2 second(s)

2019-01-08 19:29:01 - [TEST_STEP][PASSED] - click: Object: 'Object Repository/Final Object Repo/New Registration - Registration Module Pages/Form 2/Socso Employment StartDate Month' is clicked on

2019-01-08 19:29:01 - [MESSAGE][PASSED] - Object: 'Object Repository/Final Object Repo/New Registration - Registration Module Pages/Form 2/Socso Employment StartDate Month' is clicked on

2019-01-08 19:29:01 - [TEST_STEP][PASSED] - delay: Delayed 1 second(s)

2019-01-08 19:29:02 - [MESSAGE][PASSED] - Delayed 1 second(s)

2019-01-08 19:29:02 - [TEST_STEP][PASSED] - click: Object: 'Object Repository/Final Object Repo/New Registration - Registration Module Pages/Form 2/Select Socso Employement Startdate Month' is clicked on

2019-01-08 19:29:02 - [MESSAGE][PASSED] - Object: 'Object Repository/Final Object Repo/New Registration - Registration Module Pages/Form 2/Select Socso Employement Startdate Month' is clicked on

2019-01-08 19:29:02 - [TEST_STEP][PASSED] - delay: Delayed 2 second(s)

2019-01-08 19:29:04 - [MESSAGE][PASSED] - Delayed 2 second(s)

2019-01-08 19:29:04 - [TEST_STEP][PASSED] - click: Object: 'Object Repository/Final Object Repo/New Registration - Registration Module Pages/Form 2/Socso Employment StartDate Year' is clicked on

2019-01-08 19:29:04 - [MESSAGE][PASSED] - Object: 'Object Repository/Final Object Repo/New Registration - Registration Module Pages/Form 2/Socso Employment StartDate Year' is clicked on

2019-01-08 19:29:04 - [TEST_STEP][PASSED] - delay: Delayed 1 second(s)

2019-01-08 19:29:05 - [MESSAGE][PASSED] - Delayed 1 second(s)

2019-01-08 19:29:05 - [TEST_STEP][PASSED] - click: Object: 'Object Repository/Final Object Repo/New Registration - Registration Module Pages/Form 2/Select Socso Employment Startdate Year' is clicked on

2019-01-08 19:29:05 - [MESSAGE][PASSED] - Object: 'Object Repository/Final Object Repo/New Registration - Registration Module Pages/Form 2/Select Socso Employment Startdate Year' is clicked on

2019-01-08 19:29:05 - [TEST_STEP][PASSED] - delay: Delayed 2 second(s)

2019-01-08 19:29:07 - [MESSAGE][PASSED] - Delayed 2 second(s)

2019-01-08 19:29:07 - [TEST_STEP][PASSED] - click: Object: 'Object Repository/Final Object Repo/New Registration - Registration Module Pages/Form 2/Socso Employment Start Date Day' is clicked on

2019-01-08 19:29:08 - [MESSAGE][PASSED] - Object: 'Object Repository/Final Object Repo/New Registration - Registration Module Pages/Form 2/Socso Employment Start Date Day' is clicked on

2019-01-08 19:29:08 - [TEST_STEP][PASSED] - delay: Delayed 2 second(s)

2019-01-08 19:29:10 - [MESSAGE][PASSED] - Delayed 2 second(s)

2019-01-08 19:29:10 - [TEST_STEP][PASSED] - click: Object: 'Object Repository/Final Object Repo/New Registration - Registration Module Pages/Form 2/Save Button for Add Employee' is clicked on

2019-01-08 19:29:10 - [MESSAGE][PASSED] - Object: 'Object Repository/Final Object Repo/New Registration - Registration Module Pages/Form 2/Save Button for Add Employee' is clicked on

2019-01-08 19:29:10 - [TEST_STEP][PASSED] - delay: Delayed 6 second(s)

2019-01-08 19:29:16 - [MESSAGE][PASSED] - Delayed 6 second(s)

2019-01-08 19:29:16 - [TEST_STEP][PASSED] - click: Object: 'Object Repository/Final Object Repo/New Registration - Registration Module Pages/Form 2/Add Employee Button' is clicked on

2019-01-08 19:29:16 - [MESSAGE][PASSED] - Object: 'Object Repository/Final Object Repo/New Registration - Registration Module Pages/Form 2/Add Employee Button' is clicked on

2019-01-08 19:29:16 - [TEST_STEP][PASSED] - delay: Delayed 4 second(s)

2019-01-08 19:29:20 - [MESSAGE][PASSED] - Delayed 4 second(s)

2019-01-08 19:29:20 - [TEST_STEP][PASSED] - setText: Text '600203039194' is set on object 'Object Repository/Final Object Repo/New Registration - Registration Module Pages/Form 2/NRIC Input'

2019-01-08 19:29:20 - [MESSAGE][PASSED] - Text '600203039194' is set on object 'Object Repository/Final Object Repo/New Registration - Registration Module Pages/Form 2/NRIC Input'

2019-01-08 19:29:20 - [TEST_STEP][PASSED] - click: Object: 'Object Repository/Final Object Repo/New Registration - Registration Module Pages/Form 2/button for search for IC' is clicked on

2019-01-08 19:29:20 - [MESSAGE][PASSED] - Object: 'Object Repository/Final Object Repo/New Registration - Registration Module Pages/Form 2/button for search for IC' is clicked on

2019-01-08 19:29:20 - [TEST_STEP][PASSED] - delay: Delayed 2 second(s)

2019-01-08 19:29:22 - [MESSAGE][PASSED] - Delayed 2 second(s)

2019-01-08 19:29:22 - [TEST_STEP][PASSED] - setText: Text 'Automate001 not eligible 2' is set on object 'Object Repository/Final Object Repo/New Registration - Registration Module Pages/Form 2/Employee Name Input'

2019-01-08 19:29:23 - [MESSAGE][PASSED] - Text 'Automate001 not eligible 2' is set on object 'Object Repository/Final Object Repo/New Registration - Registration Module Pages/Form 2/Employee Name Input'

2019-01-08 19:29:23 - [TEST_STEP][PASSED] - delay: Delayed 2 second(s)

2019-01-08 19:29:25 - [MESSAGE][PASSED] - Delayed 2 second(s)

2019-01-08 19:29:25 - [TEST_STEP][PASSED] - click: Object: 'Object Repository/Final Object Repo/New Registration - Registration Module Pages/Form 2/DatePicker Pop Up' is clicked on

2019-01-08 19:29:25 - [MESSAGE][PASSED] - Object: 'Object Repository/Final Object Repo/New Registration - Registration Module Pages/Form 2/DatePicker Pop Up' is clicked on

2019-01-08 19:29:25 - [TEST_STEP][PASSED] - delay: Delayed 1 second(s)

2019-01-08 19:29:26 - [MESSAGE][PASSED] - Delayed 1 second(s)

2019-01-08 19:29:26 - [TEST_STEP][PASSED] - click: Object: 'Object Repository/Final Object Repo/New Registration - Registration Module Pages/Form 2/DOB Month' is clicked on

2019-01-08 19:29:26 - [MESSAGE][PASSED] - Object: 'Object Repository/Final Object Repo/New Registration - Registration Module Pages/Form 2/DOB Month' is clicked on

2019-01-08 19:29:26 - [TEST_STEP][PASSED] - Statement - selectMonth = com.kms.katalon.core.webui.keyword.WebUiBuiltInKeywords.modifyObjectProperty(selectMonth, "xpath", "equals", "//body/div/div/div/select/option[@value="" + CurrentMonth + ""]", true): Modify property of object successfully

2019-01-08 19:29:26 - [MESSAGE][PASSED] - Modify property of object successfully

2019-01-08 19:29:26 - [TEST_STEP][PASSED] - click: Object: '' is clicked on

2019-01-08 19:29:26 - [MESSAGE][PASSED] - Object: '' is clicked on

2019-01-08 19:29:26 - [TEST_STEP][PASSED] - click: Object: 'Object Repository/Final Object Repo/New Registration - Registration Module Pages/Form 2/DOB Year' is clicked on

2019-01-08 19:29:27 - [MESSAGE][PASSED] - Object: 'Object Repository/Final Object Repo/New Registration - Registration Module Pages/Form 2/DOB Year' is clicked on

2019-01-08 19:29:27 - [TEST_STEP][PASSED] - Statement - selectYear = com.kms.katalon.core.webui.keyword.WebUiBuiltInKeywords.modifyObjectProperty(selectYear, "xpath", "equals", "//div/div/div/select/option[@value="" + FiftysevenYrsBefore + ""]", true): Modify property of object successfully

2019-01-08 19:29:27 - [MESSAGE][PASSED] - Modify property of object successfully

2019-01-08 19:29:27 - [TEST_STEP][PASSED] - click: Object: '' is clicked on

2019-01-08 19:29:27 - [MESSAGE][PASSED] - Object: '' is clicked on

2019-01-08 19:29:27 - [TEST_STEP][PASSED] - Statement - UpdatedSelectDate = com.kms.katalon.core.webui.keyword.WebUiBuiltInKeywords.modifyObjectProperty(com.kms.katalon.core.testobject.ObjectRepository.findTestObject(Final Object Repo/New Registration - Registration Module Pages/Form 2/DOB Date), "xpath", "equals", "//body/div/table/tbody/tr/td/a[text()="" + CurrentDate + ""]", true): Modify property of object successfully

2019-01-08 19:29:27 - [MESSAGE][PASSED] - Modify property of object successfully

2019-01-08 19:29:27 - [TEST_STEP][PASSED] - delay: Delayed 3 second(s)

2019-01-08 19:29:30 - [MESSAGE][PASSED] - Delayed 3 second(s)

2019-01-08 19:29:30 - [TEST_STEP][PASSED] - click: Object: 'Object Repository/Final Object Repo/New Registration - Registration Module Pages/Form 2/DOB Date' is clicked on

2019-01-08 19:29:30 - [MESSAGE][PASSED] - Object: 'Object Repository/Final Object Repo/New Registration - Registration Module Pages/Form 2/DOB Date' is clicked on

2019-01-08 19:29:30 - [TEST_STEP][PASSED] - delay: Delayed 2 second(s)

2019-01-08 19:29:32 - [MESSAGE][PASSED] - Delayed 2 second(s)

2019-01-08 19:29:32 - [TEST_STEP][PASSED] - click: Object: 'Object Repository/Final Object Repo/New Registration - Registration Module Pages/Form 2/EmploymentStartDate Pop Up' is clicked on

2019-01-08 19:29:32 - [MESSAGE][PASSED] - Object: 'Object Repository/Final Object Repo/New Registration - Registration Module Pages/Form 2/EmploymentStartDate Pop Up' is clicked on

2019-01-08 19:29:32 - [TEST_STEP][PASSED] - delay: Delayed 2 second(s)

2019-01-08 19:29:34 - [MESSAGE][PASSED] - Delayed 2 second(s)

2019-01-08 19:29:34 - [TEST_STEP][PASSED] - click: Object: 'Object Repository/Final Object Repo/New Registration - Registration Module Pages/Form 2/Socso Employment StartDate Month' is clicked on

2019-01-08 19:29:34 - [MESSAGE][PASSED] - Object: 'Object Repository/Final Object Repo/New Registration - Registration Module Pages/Form 2/Socso Employment StartDate Month' is clicked on

2019-01-08 19:29:34 - [TEST_STEP][PASSED] - delay: Delayed 1 second(s)

2019-01-08 19:29:35 - [MESSAGE][PASSED] - Delayed 1 second(s)

2019-01-08 19:29:35 - [TEST_STEP][PASSED] - click: Object: 'Object Repository/Final Object Repo/New Registration - Registration Module Pages/Form 2/Select Socso Employement Startdate Month' is clicked on

2019-01-08 19:29:35 - [MESSAGE][PASSED] - Object: 'Object Repository/Final Object Repo/New Registration - Registration Module Pages/Form 2/Select Socso Employement Startdate Month' is clicked on

2019-01-08 19:29:35 - [TEST_STEP][PASSED] - delay: Delayed 2 second(s)

2019-01-08 19:29:37 - [MESSAGE][PASSED] - Delayed 2 second(s)

2019-01-08 19:29:37 - [TEST_STEP][PASSED] - click: Object: 'Object Repository/Final Object Repo/New Registration - Registration Module Pages/Form 2/Socso Employment StartDate Year' is clicked on

2019-01-08 19:29:38 - [MESSAGE][PASSED] - Object: 'Object Repository/Final Object Repo/New Registration - Registration Module Pages/Form 2/Socso Employment StartDate Year' is clicked on

2019-01-08 19:29:38 - [TEST_STEP][PASSED] - click: Object: 'Object Repository/Final Object Repo/New Registration - Registration Module Pages/Form 2/Select Socso Employment Startdate Year' is clicked on

2019-01-08 19:29:38 - [MESSAGE][PASSED] - Object: 'Object Repository/Final Object Repo/New Registration - Registration Module Pages/Form 2/Select Socso Employment Startdate Year' is clicked on

2019-01-08 19:29:38 - [TEST_STEP][PASSED] - delay: Delayed 2 second(s)

2019-01-08 19:29:40 - [MESSAGE][PASSED] - Delayed 2 second(s)

2019-01-08 19:29:40 - [TEST_STEP][PASSED] - click: Object: 'Object Repository/Final Object Repo/New Registration - Registration Module Pages/Form 2/Socso Employment Start Date Day' is clicked on

2019-01-08 19:29:40 - [MESSAGE][PASSED] - Object: 'Object Repository/Final Object Repo/New Registration - Registration Module Pages/Form 2/Socso Employment Start Date Day' is clicked on

2019-01-08 19:29:40 - [TEST_STEP][PASSED] - delay: Delayed 2 second(s)

2019-01-08 19:29:42 - [MESSAGE][PASSED] - Delayed 2 second(s)

2019-01-08 19:29:42 - [TEST_STEP][PASSED] - click: Object: 'Object Repository/Final Object Repo/New Registration - Registration Module Pages/Form 2/Save Button for Add Employee' is clicked on

2019-01-08 19:29:42 - [MESSAGE][PASSED] - Object: 'Object Repository/Final Object Repo/New Registration - Registration Module Pages/Form 2/Save Button for Add Employee' is clicked on

2019-01-08 19:29:42 - [TEST_STEP][PASSED] - delay: Delayed 2 second(s)

2019-01-08 19:29:44 - [MESSAGE][PASSED] - Delayed 2 second(s)

2019-01-08 19:29:44 - [TEST_STEP][PASSED] - click: Object: 'Object Repository/Final Object Repo/New Registration - Registration Module Pages/Form 2/Save and Continue Form 2' is clicked on

2019-01-08 19:29:44 - [MESSAGE][PASSED] - Object: 'Object Repository/Final Object Repo/New Registration - Registration Module Pages/Form 2/Save and Continue Form 2' is clicked on

2019-01-08 19:29:44 - [MESSAGE][PASSED] - Call Test Case 'Test Cases/Final Aug 2018 - PKS Automation/Registration Module/New Registration/Form 2/Add 2 Not Eligible - No 3rd Screen' successfully

2019-01-08 19:29:44 - [TEST_STEP][PASSED] - callTestCase: Call Test Case 'Test Cases/Final Aug 2018 - PKS Automation/Registration Module/New Registration/Flow of New Registration/No Third Screen - Upload 2 Supporting Doc - Preview' successfully

2019-01-08 19:29:44 - [TEST_CASE][PASSED] - Test Cases/Final Aug 2018 - PKS Automation/Registration Module/New Registration/Flow of New Registration/No Third Screen - Upload 2 Supporting Doc - Preview: Test Cases/Final Aug 2018 - PKS Automation/Registration Module/New Registration/Flow of New Registration/No Third Screen - Upload 2 Supporting Doc - Preview

2019-01-08 19:29:44 - [TEST_STEP][PASSED] - delay: Delayed 4 second(s)

2019-01-08 19:29:48 - [MESSAGE][PASSED] - Delayed 4 second(s)

2019-01-08 19:29:48 - [TEST_STEP][PASSED] - click: Object: 'Object Repository/Final Object Repo/New Registration - Registration Module Pages/Third Screen - Upload Supporting Doc- Preview/Add Document Button' is clicked on

2019-01-08 19:29:48 - [MESSAGE][PASSED] - Object: 'Object Repository/Final Object Repo/New Registration - Registration Module Pages/Third Screen - Upload Supporting Doc- Preview/Add Document Button' is clicked on

2019-01-08 19:29:48 - [TEST_STEP][PASSED] - delay: Delayed 4 second(s)

2019-01-08 19:29:52 - [MESSAGE][PASSED] - Delayed 4 second(s)

2019-01-08 19:29:52 - [TEST_STEP][PASSED] - click: Object: 'Object Repository/Final Object Repo/New Registration - Registration Module Pages/Third Screen - Upload Supporting Doc- Preview/Supporting Doc Please Select Drop Down' is clicked on

2019-01-08 19:29:53 - [MESSAGE][PASSED] - Object: 'Object Repository/Final Object Repo/New Registration - Registration Module Pages/Third Screen - Upload Supporting Doc- Preview/Supporting Doc Please Select Drop Down' is clicked on

2019-01-08 19:29:53 - [TEST_STEP][PASSED] - delay: Delayed 2 second(s)

2019-01-08 19:29:55 - [MESSAGE][PASSED] - Delayed 2 second(s)

2019-01-08 19:29:55 - [TEST_STEP][PASSED] - click: Object: 'Object Repository/Final Object Repo/New Registration - Registration Module Pages/Third Screen - Upload Supporting Doc- Preview/Select to Upload Form 1' is clicked on

2019-01-08 19:29:55 - [MESSAGE][PASSED] - Object: 'Object Repository/Final Object Repo/New Registration - Registration Module Pages/Third Screen - Upload Supporting Doc- Preview/Select to Upload Form 1' is clicked on

2019-01-08 19:29:55 - [TEST_STEP][PASSED] - delay: Delayed 2 second(s)

2019-01-08 19:29:57 - [MESSAGE][PASSED] - Delayed 2 second(s)

2019-01-08 19:29:57 - [TEST_STEP][PASSED] - uploadFile: File 'C:\Users\Public\Pictures\Sample Pictures\Koala.jpg' sent to object: 'Object Repository/Final Object Repo/New Registration - Registration Module Pages/Third Screen - Upload Supporting Doc- Preview/Upload File Adding'

2019-01-08 19:29:57 - [MESSAGE][PASSED] - File 'C:\Users\Public\Pictures\Sample Pictures\Koala.jpg' sent to object: 'Object Repository/Final Object Repo/New Registration - Registration Module Pages/Third Screen - Upload Supporting Doc- Preview/Upload File Adding'

2019-01-08 19:29:57 - [TEST_STEP][PASSED] - delay: Delayed 5 second(s)

2019-01-08 19:30:02 - [MESSAGE][PASSED] - Delayed 5 second(s)

2019-01-08 19:30:02 - [TEST_STEP][PASSED] - click: Object: 'Object Repository/Final Object Repo/New Registration - Registration Module Pages/Third Screen - Upload Supporting Doc- Preview/Inner Form Add Document Button' is clicked on

2019-01-08 19:30:02 - [MESSAGE][PASSED] - Object: 'Object Repository/Final Object Repo/New Registration - Registration Module Pages/Third Screen - Upload Supporting Doc- Preview/Inner Form Add Document Button' is clicked on

2019-01-08 19:30:02 - [TEST_STEP][PASSED] - delay: Delayed 3 second(s)

2019-01-08 19:30:05 - [MESSAGE][PASSED] - Delayed 3 second(s)

2019-01-08 19:30:05 - [TEST_STEP][PASSED] - click: Object: 'Object Repository/Final Object Repo/New Registration - Registration Module Pages/Third Screen - Upload Supporting Doc- Preview/Add Document Button' is clicked on

2019-01-08 19:30:07 - [MESSAGE][PASSED] - Object: 'Object Repository/Final Object Repo/New Registration - Registration Module Pages/Third Screen - Upload Supporting Doc- Preview/Add Document Button' is clicked on

2019-01-08 19:30:07 - [TEST_STEP][PASSED] - delay: Delayed 4 second(s)

2019-01-08 19:30:11 - [MESSAGE][PASSED] - Delayed 4 second(s)

2019-01-08 19:30:11 - [TEST_STEP][PASSED] - click: Object: 'Object Repository/Final Object Repo/New Registration - Registration Module Pages/Third Screen - Upload Supporting Doc- Preview/Supporting Doc Please Select Drop Down' is clicked on

2019-01-08 19:30:11 - [MESSAGE][PASSED] - Object: 'Object Repository/Final Object Repo/New Registration - Registration Module Pages/Third Screen - Upload Supporting Doc- Preview/Supporting Doc Please Select Drop Down' is clicked on

2019-01-08 19:30:11 - [TEST_STEP][PASSED] - delay: Delayed 2 second(s)

2019-01-08 19:30:13 - [MESSAGE][PASSED] - Delayed 2 second(s)

2019-01-08 19:30:13 - [TEST_STEP][PASSED] - click: Object: 'Object Repository/Final Object Repo/New Registration - Registration Module Pages/Third Screen - Upload Supporting Doc- Preview/Select to Upload Form 2' is clicked on

2019-01-08 19:30:13 - [MESSAGE][PASSED] - Object: 'Object Repository/Final Object Repo/New Registration - Registration Module Pages/Third Screen - Upload Supporting Doc- Preview/Select to Upload Form 2' is clicked on

2019-01-08 19:30:13 - [TEST_STEP][PASSED] - delay: Delayed 2 second(s)

2019-01-08 19:30:15 - [MESSAGE][PASSED] - Delayed 2 second(s)

2019-01-08 19:30:15 - [TEST_STEP][PASSED] - uploadFile: File 'C:\Users\Public\Pictures\Sample Pictures\Koala.jpg' sent to object: 'Object Repository/Final Object Repo/New Registration - Registration Module Pages/Third Screen - Upload Supporting Doc- Preview/Upload File Adding'

2019-01-08 19:30:15 - [MESSAGE][PASSED] - File 'C:\Users\Public\Pictures\Sample Pictures\Koala.jpg' sent to object: 'Object Repository/Final Object Repo/New Registration - Registration Module Pages/Third Screen - Upload Supporting Doc- Preview/Upload File Adding'

2019-01-08 19:30:15 - [TEST_STEP][PASSED] - delay: Delayed 5 second(s)

2019-01-08 19:30:20 - [MESSAGE][PASSED] - Delayed 5 second(s)

2019-01-08 19:30:20 - [TEST_STEP][PASSED] - click: Object: 'Object Repository/Final Object Repo/New Registration - Registration Module Pages/Third Screen - Upload Supporting Doc- Preview/Inner Form Add Document Button' is clicked on

2019-01-08 19:30:20 - [MESSAGE][PASSED] - Object: 'Object Repository/Final Object Repo/New Registration - Registration Module Pages/Third Screen - Upload Supporting Doc- Preview/Inner Form Add Document Button' is clicked on

2019-01-08 19:30:20 - [TEST_STEP][PASSED] - delay: Delayed 3 second(s)

2019-01-08 19:30:23 - [MESSAGE][PASSED] - Delayed 3 second(s)

2019-01-08 19:30:23 - [TEST_STEP][PASSED] - click: Object: 'Object Repository/Final Object Repo/New Registration - Registration Module Pages/Third Screen - Upload Supporting Doc- Preview/Save n Continue in Uploading Supporting Doc Page' is clicked on

2019-01-08 19:30:25 - [MESSAGE][PASSED] - Object: 'Object Repository/Final Object Repo/New Registration - Registration Module Pages/Third Screen - Upload Supporting Doc- Preview/Save n Continue in Uploading Supporting Doc Page' is clicked on

2019-01-08 19:30:25 - [MESSAGE][PASSED] - Call Test Case 'Test Cases/Final Aug 2018 - PKS Automation/Registration Module/New Registration/Flow of New Registration/No Third Screen - Upload 2 Supporting Doc - Preview' successfully

2019-01-08 19:30:25 - [TEST_STEP][PASSED] - callTestCase: Call Test Case 'Test Cases/Final Aug 2018 - PKS Automation/Registration Module/New Registration/Submit and Screenshot/Submit Registration and Screenshot' successfully

2019-01-08 19:30:25 - [TEST_CASE][PASSED] - Test Cases/Final Aug 2018 - PKS Automation/Registration Module/New Registration/Submit and Screenshot/Submit Registration and Screenshot: Test Cases/Final Aug 2018 - PKS Automation/Registration Module/New Registration/Submit and Screenshot/Submit Registration and Screenshot

2019-01-08 19:30:25 - [TEST_STEP][PASSED] - delay: Delayed 6 second(s)

2019-01-08 19:30:31 - [MESSAGE][PASSED] - Delayed 6 second(s)

2019-01-08 19:30:31 - [TEST_STEP][PASSED] - click: Object: 'Object Repository/Final Object Repo/New Registration - Registration Module Pages/Third Screen - Upload Supporting Doc- Preview/Preview Submit Button' is clicked on

2019-01-08 19:30:31 - [MESSAGE][PASSED] - Object: 'Object Repository/Final Object Repo/New Registration - Registration Module Pages/Third Screen - Upload Supporting Doc- Preview/Preview Submit Button' is clicked on

2019-01-08 19:30:31 - [TEST_STEP][PASSED] - delay: Delayed 2 second(s)

2019-01-08 19:30:33 - [MESSAGE][PASSED] - Delayed 2 second(s)

2019-01-08 19:30:33 - [TEST_STEP][PASSED] - click: Object: 'Object Repository/Final Object Repo/New Registration - Registration Module Pages/Third Screen - Upload Supporting Doc- Preview/Preview Submit - Confirm' is clicked on

2019-01-08 19:30:33 - [MESSAGE][PASSED] - Object: 'Object Repository/Final Object Repo/New Registration - Registration Module Pages/Third Screen - Upload Supporting Doc- Preview/Preview Submit - Confirm' is clicked on

2019-01-08 19:30:33 - [TEST_STEP][PASSED] - delay: Delayed 15 second(s)

2019-01-08 19:30:48 - [MESSAGE][PASSED] - Delayed 15 second(s)

2019-01-08 19:30:48 - [TEST_STEP][PASSED] - Statement - driver = com.kms.katalon.core.webui.driver.DriverFactory.getWebDriver(): null

2019-01-08 19:30:48 - [TEST_STEP][PASSED] - Statement - driver.manage().timeouts().implicitlyWait(10, SECONDS): null

2019-01-08 19:30:48 - [TEST_STEP][PASSED] - Statement - PresavePath = KatalonScreenshots: null

2019-01-08 19:30:48 - [TEST_STEP][PASSED] - Statement - pathPrefix = "C:\Users\Public\Pictures\Sample Pictures\Katalon Screenshots\Automate Ending Screen": null

2019-01-08 19:30:48 - [TEST_STEP][PASSED] - Statement - finalPath = <not implemented yet for class: org.codehaus.groovy.ast.expr.EmptyExpression>: null

2019-01-08 19:30:48 - [TEST_STEP][PASSED] - Statement - scrFile = driver.getScreenshotAs(FILE): null

2019-01-08 19:30:48 - [TEST_STEP][PASSED] - Statement - PreSaveFile = new java.io.File(PresavePath): null

2019-01-08 19:30:48 - [TEST_STEP][PASSED] - Statement - counter = 0: null

2019-01-08 19:30:48 - [TEST_STEP][PASSED] - Statement - If (PreSaveFile.exists()): null

2019-01-08 19:30:48 - [TEST_STEP][PASSED] - Statement - While (PreSaveFile.exists()): null

2019-01-08 19:30:48 - [TEST_STEP][PASSED] - Statement - counter = counter + 1: null

2019-01-08 19:30:48 - [TEST_STEP][PASSED] - Statement - PreSaveFile = new java.io.File(((pathPrefix + java.lang.Integer.toString(counter)) + .png)): null

2019-01-08 19:30:48 - [TEST_STEP][PASSED] - Statement - counter = counter + 1: null

2019-01-08 19:30:48 - [TEST_STEP][PASSED] - Statement - PreSaveFile = new java.io.File(((pathPrefix + java.lang.Integer.toString(counter)) + .png)): null

2019-01-08 19:30:48 - [TEST_STEP][PASSED] - Statement - counter = counter + 1: null

2019-01-08 19:30:48 - [TEST_STEP][PASSED] - Statement - PreSaveFile = new java.io.File(((pathPrefix + java.lang.Integer.toString(counter)) + .png)): null

2019-01-08 19:30:48 - [TEST_STEP][PASSED] - Statement - counter = counter + 1: null

2019-01-08 19:30:48 - [TEST_STEP][PASSED] - Statement - PreSaveFile = new java.io.File(((pathPrefix + java.lang.Integer.toString(counter)) + .png)): null

2019-01-08 19:30:48 - [TEST_STEP][PASSED] - Statement - counter = counter + 1: null

2019-01-08 19:30:48 - [TEST_STEP][PASSED] - Statement - PreSaveFile = new java.io.File(((pathPrefix + java.lang.Integer.toString(counter)) + .png)): null

2019-01-08 19:30:48 - [TEST_STEP][PASSED] - Statement - counter = counter + 1: null

2019-01-08 19:30:48 - [TEST_STEP][PASSED] - Statement - PreSaveFile = new java.io.File(((pathPrefix + java.lang.Integer.toString(counter)) + .png)): null

2019-01-08 19:30:48 - [TEST_STEP][PASSED] - Statement - counter = counter + 1: null

2019-01-08 19:30:48 - [TEST_STEP][PASSED] - Statement - PreSaveFile = new java.io.File(((pathPrefix + java.lang.Integer.toString(counter)) + .png)): null

2019-01-08 19:30:48 - [TEST_STEP][PASSED] - Statement - counter = counter + 1: null

2019-01-08 19:30:48 - [TEST_STEP][PASSED] - Statement - PreSaveFile = new java.io.File(((pathPrefix + java.lang.Integer.toString(counter)) + .png)): null

2019-01-08 19:30:48 - [TEST_STEP][PASSED] - Statement - counter = counter + 1: null

2019-01-08 19:30:48 - [TEST_STEP][PASSED] - Statement - PreSaveFile = new java.io.File(((pathPrefix + java.lang.Integer.toString(counter)) + .png)): null

2019-01-08 19:30:48 - [TEST_STEP][PASSED] - Statement - counter = counter + 1: null

2019-01-08 19:30:48 - [TEST_STEP][PASSED] - Statement - PreSaveFile = new java.io.File(((pathPrefix + java.lang.Integer.toString(counter)) + .png)): null

2019-01-08 19:30:48 - [TEST_STEP][PASSED] - Statement - counter = counter + 1: null

2019-01-08 19:30:49 - [TEST_STEP][PASSED] - Statement - PreSaveFile = new java.io.File(((pathPrefix + java.lang.Integer.toString(counter)) + .png)): null

2019-01-08 19:30:49 - [TEST_STEP][PASSED] - Statement - counter = counter + 1: null

2019-01-08 19:30:49 - [TEST_STEP][PASSED] - Statement - PreSaveFile = new java.io.File(((pathPrefix + java.lang.Integer.toString(counter)) + .png)): null

2019-01-08 19:30:49 - [TEST_STEP][PASSED] - Statement - counter = counter + 1: null

2019-01-08 19:30:49 - [TEST_STEP][PASSED] - Statement - PreSaveFile = new java.io.File(((pathPrefix + java.lang.Integer.toString(counter)) + .png)): null

2019-01-08 19:30:49 - [TEST_STEP][PASSED] - Statement - counter = counter + 1: null

2019-01-08 19:30:49 - [TEST_STEP][PASSED] - Statement - PreSaveFile = new java.io.File(((pathPrefix + java.lang.Integer.toString(counter)) + .png)): null

2019-01-08 19:30:49 - [TEST_STEP][PASSED] - Statement - counter = counter + 1: null

2019-01-08 19:30:49 - [TEST_STEP][PASSED] - Statement - PreSaveFile = new java.io.File(((pathPrefix + java.lang.Integer.toString(counter)) + .png)): null

2019-01-08 19:30:49 - [TEST_STEP][PASSED] - Statement - counter = counter + 1: null

2019-01-08 19:30:49 - [TEST_STEP][PASSED] - Statement - PreSaveFile = new java.io.File(((pathPrefix + java.lang.Integer.toString(counter)) + .png)): null

2019-01-08 19:30:49 - [TEST_STEP][PASSED] - Statement - counter = counter + 1: null

2019-01-08 19:30:49 - [TEST_STEP][PASSED] - Statement - PreSaveFile = new java.io.File(((pathPrefix + java.lang.Integer.toString(counter)) + .png)): null

2019-01-08 19:30:49 - [TEST_STEP][PASSED] - Statement - counter = counter + 1: null

2019-01-08 19:30:49 - [TEST_STEP][PASSED] - Statement - PreSaveFile = new java.io.File(((pathPrefix + java.lang.Integer.toString(counter)) + .png)): null

2019-01-08 19:30:49 - [TEST_STEP][PASSED] - Statement - counter = counter + 1: null

2019-01-08 19:30:49 - [TEST_STEP][PASSED] - Statement - PreSaveFile = new java.io.File(((pathPrefix + java.lang.Integer.toString(counter)) + .png)): null

2019-01-08 19:30:49 - [TEST_STEP][PASSED] - Statement - counter = counter + 1: null

2019-01-08 19:30:49 - [TEST_STEP][PASSED] - Statement - PreSaveFile = new java.io.File(((pathPrefix + java.lang.Integer.toString(counter)) + .png)): null

2019-01-08 19:30:49 - [TEST_STEP][PASSED] - Statement - counter = counter + 1: null

2019-01-08 19:30:49 - [TEST_STEP][PASSED] - Statement - PreSaveFile = new java.io.File(((pathPrefix + java.lang.Integer.toString(counter)) + .png)): null

2019-01-08 19:30:49 - [TEST_STEP][PASSED] - Statement - counter = counter + 1: null

2019-01-08 19:30:49 - [TEST_STEP][PASSED] - Statement - PreSaveFile = new java.io.File(((pathPrefix + java.lang.Integer.toString(counter)) + .png)): null

2019-01-08 19:30:49 - [TEST_STEP][PASSED] - Statement - counter = counter + 1: null

2019-01-08 19:30:49 - [TEST_STEP][PASSED] - Statement - PreSaveFile = new java.io.File(((pathPrefix + java.lang.Integer.toString(counter)) + .png)): null

2019-01-08 19:30:49 - [TEST_STEP][PASSED] - Statement - counter = counter + 1: null

2019-01-08 19:30:49 - [TEST_STEP][PASSED] - Statement - PreSaveFile = new java.io.File(((pathPrefix + java.lang.Integer.toString(counter)) + .png)): null

2019-01-08 19:30:49 - [TEST_STEP][PASSED] - Statement - counter = counter + 1: null

2019-01-08 19:30:49 - [TEST_STEP][PASSED] - Statement - PreSaveFile = new java.io.File(((pathPrefix + java.lang.Integer.toString(counter)) + .png)): null

2019-01-08 19:30:49 - [TEST_STEP][PASSED] - Statement - counter = counter + 1: null

2019-01-08 19:30:49 - [TEST_STEP][PASSED] - Statement - PreSaveFile = new java.io.File(((pathPrefix + java.lang.Integer.toString(counter)) + .png)): null

2019-01-08 19:30:49 - [TEST_STEP][PASSED] - Statement - counter = counter + 1: null

2019-01-08 19:30:49 - [TEST_STEP][PASSED] - Statement - PreSaveFile = new java.io.File(((pathPrefix + java.lang.Integer.toString(counter)) + .png)): null

2019-01-08 19:30:49 - [TEST_STEP][PASSED] - Statement - counter = counter + 1: null

2019-01-08 19:30:49 - [TEST_STEP][PASSED] - Statement - PreSaveFile = new java.io.File(((pathPrefix + java.lang.Integer.toString(counter)) + .png)): null

2019-01-08 19:30:49 - [TEST_STEP][PASSED] - Statement - counter = counter + 1: null

2019-01-08 19:30:49 - [TEST_STEP][PASSED] - Statement - PreSaveFile = new java.io.File(((pathPrefix + java.lang.Integer.toString(counter)) + .png)): null

2019-01-08 19:30:49 - [TEST_STEP][PASSED] - Statement - counter = counter + 1: null

2019-01-08 19:30:49 - [TEST_STEP][PASSED] - Statement - PreSaveFile = new java.io.File(((pathPrefix + java.lang.Integer.toString(counter)) + .png)): null

2019-01-08 19:30:49 - [TEST_STEP][PASSED] - Statement - counter = counter + 1: null

2019-01-08 19:30:49 - [TEST_STEP][PASSED] - Statement - PreSaveFile = new java.io.File(((pathPrefix + java.lang.Integer.toString(counter)) + .png)): null

2019-01-08 19:30:49 - [TEST_STEP][PASSED] - Statement - counter = counter + 1: null

2019-01-08 19:30:49 - [TEST_STEP][PASSED] - Statement - PreSaveFile = new java.io.File(((pathPrefix + java.lang.Integer.toString(counter)) + .png)): null

2019-01-08 19:30:49 - [TEST_STEP][PASSED] - Statement - counter = counter + 1: null

2019-01-08 19:30:49 - [TEST_STEP][PASSED] - Statement - PreSaveFile = new java.io.File(((pathPrefix + java.lang.Integer.toString(counter)) + .png)): null

2019-01-08 19:30:49 - [TEST_STEP][PASSED] - Statement - counter = counter + 1: null

2019-01-08 19:30:49 - [TEST_STEP][PASSED] - Statement - PreSaveFile = new java.io.File(((pathPrefix + java.lang.Integer.toString(counter)) + .png)): null

2019-01-08 19:30:49 - [TEST_STEP][PASSED] - Statement - counter = counter + 1: null

2019-01-08 19:30:49 - [TEST_STEP][PASSED] - Statement - PreSaveFile = new java.io.File(((pathPrefix + java.lang.Integer.toString(counter)) + .png)): null

2019-01-08 19:30:49 - [TEST_STEP][PASSED] - Statement - finalPath = pathPrefix + java.lang.Integer.toString(counter) + ".png": null

2019-01-08 19:30:49 - [TEST_STEP][PASSED] - Statement - SaveFile = new java.io.File(finalPath): null

2019-01-08 19:30:49 - [TEST_STEP][PASSED] - Statement - Try: null

2019-01-08 19:30:49 - [TEST_STEP][PASSED] - Statement - org.apache.commons.io.FileUtils.copyFile(scrFile, SaveFile): null

2019-01-08 19:30:49 - [TEST_STEP][PASSED] - Statement - out.println("file kept"): null

2019-01-08 19:30:49 - [TEST_STEP][PASSED] - delay: Delayed 10 second(s)

2019-01-08 19:30:59 - [MESSAGE][PASSED] - Delayed 10 second(s)

2019-01-08 19:30:59 - [MESSAGE][PASSED] - Call Test Case 'Test Cases/Final Aug 2018 - PKS Automation/Registration Module/New Registration/Submit and Screenshot/Submit Registration and Screenshot' successfully]]></system-out>
         <system-err><![CDATA[]]></system-err>
      </testcase>
      <testcase name="Test Cases/Final Aug 2018 - PKS Automation/Registration Module/Critical Path/New Registration/Register ASSIST Only/Other - State Statutory Body" classname="Test Cases/Final Aug 2018 - PKS Automation/Registration Module/Critical Path/New Registration/Register ASSIST Only/Other - State Statutory Body" status="PASSED">
         <system-out><![CDATA[2019-01-08 19:30:59 - [TEST_CASE][PASSED] - Test Cases/Final Aug 2018 - PKS Automation/Registration Module/Critical Path/New Registration/Register ASSIST Only/Other - State Statutory Body: Test Cases/Final Aug 2018 - PKS Automation/Registration Module/Critical Path/New Registration/Register ASSIST Only/Other - State Statutory Body

2019-01-08 19:30:59 - [TEST_STEP][PASSED] - callTestCase: Call Test Case 'Test Cases/Final Aug 2018 - PKS Automation/Registration Module/New Registration/Form 1/Form 1 - Other - State Statutory Body' successfully

2019-01-08 19:30:59 - [TEST_CASE][PASSED] - Test Cases/Final Aug 2018 - PKS Automation/Registration Module/New Registration/Form 1/Form 1 - Other - State Statutory Body: Test Cases/Final Aug 2018 - PKS Automation/Registration Module/New Registration/Form 1/Form 1 - Other - State Statutory Body

2019-01-08 19:30:59 - [TEST_STEP][PASSED] - openBrowser: Browser is opened with url: ''

2019-01-08 19:30:59 - [MESSAGE][WARNING] - A browser is already opened. Closing browser and opening a new one

2019-01-08 19:31:02 - [MESSAGE][PASSED] - Browser is opened with url: ''

2019-01-08 19:31:02 - [TEST_STEP][PASSED] - navigateToUrl: Navigate to 'https://assist2-uat.perkeso.gov.my/login' successfully

2019-01-08 19:31:03 - [MESSAGE][PASSED] - Navigate to 'https://assist2-uat.perkeso.gov.my/login' successfully

2019-01-08 19:31:03 - [TEST_STEP][PASSED] - setText: Text 'johorotc1@gmail.com' is set on object 'Object Repository/Final Object Repo/Login Page/Internal User/Email Address'

2019-01-08 19:31:04 - [MESSAGE][PASSED] - Text 'johorotc1@gmail.com' is set on object 'Object Repository/Final Object Repo/Login Page/Internal User/Email Address'

2019-01-08 19:31:04 - [TEST_STEP][PASSED] - click: Object: 'Object Repository/Final Object Repo/Login Page/Internal User/Next Button' is clicked on

2019-01-08 19:31:04 - [MESSAGE][PASSED] - Object: 'Object Repository/Final Object Repo/Login Page/Internal User/Next Button' is clicked on

2019-01-08 19:31:04 - [TEST_STEP][PASSED] - delay: Delayed 1 second(s)

2019-01-08 19:31:05 - [MESSAGE][PASSED] - Delayed 1 second(s)

2019-01-08 19:31:05 - [TEST_STEP][PASSED] - setEncryptedText: Text ****** has been set on object 'Object Repository/Final Object Repo/Login Page/Internal User/Password'

2019-01-08 19:31:05 - [MESSAGE][PASSED] - Text ****** has been set on object 'Object Repository/Final Object Repo/Login Page/Internal User/Password'

2019-01-08 19:31:05 - [TEST_STEP][PASSED] - click: Object: 'Object Repository/Final Object Repo/Login Page/Internal User/Login Button' is clicked on

2019-01-08 19:31:05 - [MESSAGE][PASSED] - Object: 'Object Repository/Final Object Repo/Login Page/Internal User/Login Button' is clicked on

2019-01-08 19:31:05 - [TEST_STEP][PASSED] - delay: Delayed 1 second(s)

2019-01-08 19:31:06 - [MESSAGE][PASSED] - Delayed 1 second(s)

2019-01-08 19:31:06 - [TEST_STEP][PASSED] - Statement - Try: Delayed 2 second(s)

2019-01-08 19:31:06 - [TEST_STEP][PASSED] - Statement - Checker = false: null

2019-01-08 19:31:06 - [TEST_STEP][PASSED] - Statement - Checker = com.kms.katalon.core.webui.keyword.WebUiBuiltInKeywords.verifyElementHasAttribute(com.kms.katalon.core.testobject.ObjectRepository.findTestObject(Final Object Repo/Landing Page/BM Detecting), "href", 20, OPTIONAL): Object 'Object Repository/Final Object Repo/Landing Page/BM Detecting' has attribute 'href'

2019-01-08 19:31:07 - [MESSAGE][PASSED] - Object 'Object Repository/Final Object Repo/Landing Page/BM Detecting' has attribute 'href'

2019-01-08 19:31:07 - [TEST_STEP][PASSED] - Statement - out.println(Checker): null

2019-01-08 19:31:07 - [TEST_STEP][PASSED] - Statement - If (Checker == false): null

2019-01-08 19:31:07 - [TEST_STEP][PASSED] - Statement - Else: null

2019-01-08 19:31:07 - [TEST_STEP][PASSED] - delay: Delayed 2 second(s)

2019-01-08 19:31:09 - [MESSAGE][PASSED] - Delayed 2 second(s)

2019-01-08 19:31:09 - [TEST_STEP][PASSED] - navigateToUrl: Navigate to 'https://assist2-uat.perkeso.gov.my/web/registration/registration' successfully

2019-01-08 19:31:11 - [MESSAGE][PASSED] - Navigate to 'https://assist2-uat.perkeso.gov.my/web/registration/registration' successfully

2019-01-08 19:31:11 - [TEST_STEP][PASSED] - click: Object: 'Object Repository/Final Object Repo/New Registration - Registration Module Pages/Form 1/AEC - No' is clicked on

2019-01-08 19:31:11 - [MESSAGE][PASSED] - Object: 'Object Repository/Final Object Repo/New Registration - Registration Module Pages/Form 1/AEC - No' is clicked on

2019-01-08 19:31:11 - [TEST_STEP][PASSED] - click: Object: 'Object Repository/Final Object Repo/New Registration - Registration Module Pages/Form 1/Business Entity' is clicked on

2019-01-08 19:31:11 - [MESSAGE][PASSED] - Object: 'Object Repository/Final Object Repo/New Registration - Registration Module Pages/Form 1/Business Entity' is clicked on

2019-01-08 19:31:11 - [TEST_STEP][PASSED] - click: Object: 'Object Repository/Final Object Repo/New Registration - Registration Module Pages/Form 1/Business Entity - Other' is clicked on

2019-01-08 19:31:11 - [MESSAGE][PASSED] - Object: 'Object Repository/Final Object Repo/New Registration - Registration Module Pages/Form 1/Business Entity - Other' is clicked on

2019-01-08 19:31:11 - [TEST_STEP][PASSED] - delay: Delayed 1 second(s)

2019-01-08 19:31:12 - [MESSAGE][PASSED] - Delayed 1 second(s)

2019-01-08 19:31:12 - [TEST_STEP][PASSED] - click: Object: 'Object Repository/Final Object Repo/New Registration - Registration Module Pages/Form 1/Sub Business Entity' is clicked on

2019-01-08 19:31:12 - [MESSAGE][PASSED] - Object: 'Object Repository/Final Object Repo/New Registration - Registration Module Pages/Form 1/Sub Business Entity' is clicked on

2019-01-08 19:31:12 - [TEST_STEP][PASSED] - click: Object: 'Object Repository/Final Object Repo/New Registration - Registration Module Pages/Form 1/Sub Business Entity - Other/Sub Business Entity - State Statutory Body' is clicked on

2019-01-08 19:31:13 - [MESSAGE][PASSED] - Object: 'Object Repository/Final Object Repo/New Registration - Registration Module Pages/Form 1/Sub Business Entity - Other/Sub Business Entity - State Statutory Body' is clicked on

2019-01-08 19:31:13 - [TEST_STEP][PASSED] - delay: Delayed 1 second(s)

2019-01-08 19:31:14 - [MESSAGE][PASSED] - Delayed 1 second(s)

2019-01-08 19:31:14 - [TEST_STEP][PASSED] - click: Object: 'Object Repository/Final Object Repo/New Registration - Registration Module Pages/Form 1/Sub Business Entity List' is clicked on

2019-01-08 19:31:14 - [MESSAGE][PASSED] - Object: 'Object Repository/Final Object Repo/New Registration - Registration Module Pages/Form 1/Sub Business Entity List' is clicked on

2019-01-08 19:31:14 - [TEST_STEP][PASSED] - click: Object: 'Object Repository/Final Object Repo/New Registration - Registration Module Pages/Form 1/Sub Business Entity List - Other/Sub Business Entity List - Others - State Statutory Body -Selangor' is clicked on

2019-01-08 19:31:14 - [MESSAGE][PASSED] - Object: 'Object Repository/Final Object Repo/New Registration - Registration Module Pages/Form 1/Sub Business Entity List - Other/Sub Business Entity List - Others - State Statutory Body -Selangor' is clicked on

2019-01-08 19:31:14 - [TEST_STEP][PASSED] - delay: Delayed 1 second(s)

2019-01-08 19:31:15 - [MESSAGE][PASSED] - Delayed 1 second(s)

2019-01-08 19:31:15 - [TEST_STEP][NOT_RUN] - setText: NOT_RUN: setText

2019-01-08 19:31:15 - [MESSAGE][NOT_RUN] - NOT_RUN: setText

2019-01-08 19:31:15 - [TEST_STEP][NOT_RUN] - click: NOT_RUN: click

2019-01-08 19:31:15 - [MESSAGE][NOT_RUN] - NOT_RUN: click

2019-01-08 19:31:15 - [TEST_STEP][PASSED] - click: Object: 'Object Repository/Final Object Repo/New Registration - Registration Module Pages/Form 1/Registered As a Branch - Yes' is clicked on

2019-01-08 19:31:15 - [MESSAGE][PASSED] - Object: 'Object Repository/Final Object Repo/New Registration - Registration Module Pages/Form 1/Registered As a Branch - Yes' is clicked on

2019-01-08 19:31:15 - [TEST_STEP][PASSED] - verifyElementPresent: Object 'Object Repository/Final Object Repo/New Registration - Registration Module Pages/Form 1/Acknowledgement Disabled' is present

2019-01-08 19:31:15 - [MESSAGE][WARNING] - Timeout '0' is invalid. Using default page load timeout: '30'

2019-01-08 19:31:15 - [MESSAGE][PASSED] - Object 'Object Repository/Final Object Repo/New Registration - Registration Module Pages/Form 1/Acknowledgement Disabled' is present

2019-01-08 19:31:15 - [TEST_STEP][NOT_RUN] - verifyElementNotChecked: NOT_RUN: verifyElementNotChecked

2019-01-08 19:31:15 - [MESSAGE][NOT_RUN] - NOT_RUN: verifyElementNotChecked

2019-01-08 19:31:15 - [TEST_STEP][PASSED] - click: Object: 'Object Repository/Final Object Repo/New Registration - Registration Module Pages/Form 1/Industry Name Selection' is clicked on

2019-01-08 19:31:15 - [MESSAGE][PASSED] - Object: 'Object Repository/Final Object Repo/New Registration - Registration Module Pages/Form 1/Industry Name Selection' is clicked on

2019-01-08 19:31:15 - [TEST_STEP][PASSED] - click: Object: 'Object Repository/Final Object Repo/New Registration - Registration Module Pages/Form 1/Industry Name List - Other/Others - State Statutory Body -Jabatan Ketua Menteri Sab - Perbadanan' is clicked on

2019-01-08 19:31:16 - [MESSAGE][PASSED] - Object: 'Object Repository/Final Object Repo/New Registration - Registration Module Pages/Form 1/Industry Name List - Other/Others - State Statutory Body -Jabatan Ketua Menteri Sab - Perbadanan' is clicked on

2019-01-08 19:31:16 - [TEST_STEP][PASSED] - setText: Text 'perkeso1' is set on object 'Object Repository/Final Object Repo/New Registration - Registration Module Pages/Form 1/Postal Address1'

2019-01-08 19:31:16 - [MESSAGE][PASSED] - Text 'perkeso1' is set on object 'Object Repository/Final Object Repo/New Registration - Registration Module Pages/Form 1/Postal Address1'

2019-01-08 19:31:16 - [TEST_STEP][PASSED] - setText: Text 'perkeso2' is set on object 'Object Repository/Final Object Repo/New Registration - Registration Module Pages/Form 1/Postal Address2'

2019-01-08 19:31:16 - [MESSAGE][PASSED] - Text 'perkeso2' is set on object 'Object Repository/Final Object Repo/New Registration - Registration Module Pages/Form 1/Postal Address2'

2019-01-08 19:31:16 - [TEST_STEP][PASSED] - setText: Text 'perkeso3' is set on object 'Object Repository/Final Object Repo/New Registration - Registration Module Pages/Form 1/Postal Address3'

2019-01-08 19:31:17 - [MESSAGE][PASSED] - Text 'perkeso3' is set on object 'Object Repository/Final Object Repo/New Registration - Registration Module Pages/Form 1/Postal Address3'

2019-01-08 19:31:17 - [TEST_STEP][PASSED] - click: Object: 'Object Repository/Final Object Repo/New Registration - Registration Module Pages/Form 1/State' is clicked on

2019-01-08 19:31:17 - [MESSAGE][PASSED] - Object: 'Object Repository/Final Object Repo/New Registration - Registration Module Pages/Form 1/State' is clicked on

2019-01-08 19:31:17 - [TEST_STEP][PASSED] - click: Object: 'Object Repository/Final Object Repo/New Registration - Registration Module Pages/Form 1/State - Johor' is clicked on

2019-01-08 19:31:17 - [MESSAGE][PASSED] - Object: 'Object Repository/Final Object Repo/New Registration - Registration Module Pages/Form 1/State - Johor' is clicked on

2019-01-08 19:31:17 - [TEST_STEP][PASSED] - delay: Delayed 2 second(s)

2019-01-08 19:31:19 - [MESSAGE][PASSED] - Delayed 2 second(s)

2019-01-08 19:31:19 - [TEST_STEP][PASSED] - click: Object: 'Object Repository/Final Object Repo/New Registration - Registration Module Pages/Form 1/City' is clicked on

2019-01-08 19:31:19 - [MESSAGE][PASSED] - Object: 'Object Repository/Final Object Repo/New Registration - Registration Module Pages/Form 1/City' is clicked on

2019-01-08 19:31:19 - [TEST_STEP][PASSED] - setText: Text 'joh' is set on object 'Object Repository/Final Object Repo/New Registration - Registration Module Pages/Form 1/Postcode - 810'

2019-01-08 19:31:20 - [MESSAGE][PASSED] - Text 'joh' is set on object 'Object Repository/Final Object Repo/New Registration - Registration Module Pages/Form 1/Postcode - 810'

2019-01-08 19:31:20 - [TEST_STEP][PASSED] - delay: Delayed 2 second(s)

2019-01-08 19:31:22 - [MESSAGE][PASSED] - Delayed 2 second(s)

2019-01-08 19:31:22 - [TEST_STEP][PASSED] - click: Object: 'Object Repository/Final Object Repo/New Registration - Registration Module Pages/Form 1/City - Johor Bharu' is clicked on

2019-01-08 19:31:22 - [MESSAGE][PASSED] - Object: 'Object Repository/Final Object Repo/New Registration - Registration Module Pages/Form 1/City - Johor Bharu' is clicked on

2019-01-08 19:31:22 - [TEST_STEP][PASSED] - delay: Delayed 1 second(s)

2019-01-08 19:31:23 - [MESSAGE][PASSED] - Delayed 1 second(s)

2019-01-08 19:31:23 - [TEST_STEP][PASSED] - click: Object: 'Object Repository/Final Object Repo/New Registration - Registration Module Pages/Form 1/Postcode' is clicked on

2019-01-08 19:31:23 - [MESSAGE][PASSED] - Object: 'Object Repository/Final Object Repo/New Registration - Registration Module Pages/Form 1/Postcode' is clicked on

2019-01-08 19:31:23 - [TEST_STEP][PASSED] - delay: Delayed 1 second(s)

2019-01-08 19:31:24 - [MESSAGE][PASSED] - Delayed 1 second(s)

2019-01-08 19:31:24 - [TEST_STEP][PASSED] - setText: Text '810' is set on object 'Object Repository/Final Object Repo/New Registration - Registration Module Pages/Form 1/Postcode - 810'

2019-01-08 19:31:24 - [MESSAGE][PASSED] - Text '810' is set on object 'Object Repository/Final Object Repo/New Registration - Registration Module Pages/Form 1/Postcode - 810'

2019-01-08 19:31:24 - [TEST_STEP][PASSED] - delay: Delayed 2 second(s)

2019-01-08 19:31:26 - [MESSAGE][PASSED] - Delayed 2 second(s)

2019-01-08 19:31:26 - [TEST_STEP][PASSED] - click: Object: 'Object Repository/Final Object Repo/New Registration - Registration Module Pages/Form 1/Postcode - 81000' is clicked on

2019-01-08 19:31:26 - [MESSAGE][PASSED] - Object: 'Object Repository/Final Object Repo/New Registration - Registration Module Pages/Form 1/Postcode - 81000' is clicked on

2019-01-08 19:31:26 - [TEST_STEP][PASSED] - delay: Delayed 1 second(s)

2019-01-08 19:31:27 - [MESSAGE][PASSED] - Delayed 1 second(s)

2019-01-08 19:31:27 - [TEST_STEP][PASSED] - setText: Text '100' is set on object 'Object Repository/Final Object Repo/New Registration - Registration Module Pages/Form 1/P.O.BOX'

2019-01-08 19:31:28 - [MESSAGE][PASSED] - Text '100' is set on object 'Object Repository/Final Object Repo/New Registration - Registration Module Pages/Form 1/P.O.BOX'

2019-01-08 19:31:28 - [TEST_STEP][PASSED] - setText: Text '100' is set on object 'Object Repository/Final Object Repo/New Registration - Registration Module Pages/Form 1/Locked Bag No'

2019-01-08 19:31:28 - [MESSAGE][PASSED] - Text '100' is set on object 'Object Repository/Final Object Repo/New Registration - Registration Module Pages/Form 1/Locked Bag No'

2019-01-08 19:31:28 - [TEST_STEP][PASSED] - click: Object: 'Object Repository/Final Object Repo/New Registration - Registration Module Pages/Form 1/SOCSO Office Location' is clicked on

2019-01-08 19:31:28 - [MESSAGE][PASSED] - Object: 'Object Repository/Final Object Repo/New Registration - Registration Module Pages/Form 1/SOCSO Office Location' is clicked on

2019-01-08 19:31:28 - [TEST_STEP][PASSED] - click: Object: 'Object Repository/Final Object Repo/New Registration - Registration Module Pages/Form 1/SOCSO Office Location - Pejabat PERKESO Negeri Johor' is clicked on

2019-01-08 19:31:28 - [MESSAGE][PASSED] - Object: 'Object Repository/Final Object Repo/New Registration - Registration Module Pages/Form 1/SOCSO Office Location - Pejabat PERKESO Negeri Johor' is clicked on

2019-01-08 19:31:28 - [TEST_STEP][PASSED] - delay: Delayed 1 second(s)

2019-01-08 19:31:29 - [MESSAGE][PASSED] - Delayed 1 second(s)

2019-01-08 19:31:29 - [TEST_STEP][PASSED] - check: Object 'Object Repository/Final Object Repo/New Registration - Registration Module Pages/Form 1/Indusrty Address Same As Postal Address' is checked

2019-01-08 19:31:30 - [MESSAGE][PASSED] - Object 'Object Repository/Final Object Repo/New Registration - Registration Module Pages/Form 1/Indusrty Address Same As Postal Address' is checked

2019-01-08 19:31:30 - [TEST_STEP][PASSED] - delay: Delayed 3 second(s)

2019-01-08 19:31:33 - [MESSAGE][PASSED] - Delayed 3 second(s)

2019-01-08 19:31:33 - [TEST_STEP][PASSED] - click: Object: 'Object Repository/Final Object Repo/New Registration - Registration Module Pages/Form 1/Indusry Address Same As Postal Address False' is clicked on

2019-01-08 19:31:33 - [MESSAGE][PASSED] - Object: 'Object Repository/Final Object Repo/New Registration - Registration Module Pages/Form 1/Indusry Address Same As Postal Address False' is clicked on

2019-01-08 19:31:33 - [TEST_STEP][PASSED] - delay: Delayed 1 second(s)

2019-01-08 19:31:34 - [MESSAGE][PASSED] - Delayed 1 second(s)

2019-01-08 19:31:34 - [TEST_STEP][PASSED] - setText: Text 'perkeso1' is set on object 'Object Repository/Final Object Repo/New Registration - Registration Module Pages/Form 1/Industry Address1'

2019-01-08 19:31:34 - [MESSAGE][PASSED] - Text 'perkeso1' is set on object 'Object Repository/Final Object Repo/New Registration - Registration Module Pages/Form 1/Industry Address1'

2019-01-08 19:31:34 - [TEST_STEP][PASSED] - setText: Text 'perkeso2' is set on object 'Object Repository/Final Object Repo/New Registration - Registration Module Pages/Form 1/Industry Address2'

2019-01-08 19:31:35 - [MESSAGE][PASSED] - Text 'perkeso2' is set on object 'Object Repository/Final Object Repo/New Registration - Registration Module Pages/Form 1/Industry Address2'

2019-01-08 19:31:35 - [TEST_STEP][PASSED] - setText: Text 'perkeso3' is set on object 'Object Repository/Final Object Repo/New Registration - Registration Module Pages/Form 1/Industry Address3'

2019-01-08 19:31:35 - [MESSAGE][PASSED] - Text 'perkeso3' is set on object 'Object Repository/Final Object Repo/New Registration - Registration Module Pages/Form 1/Industry Address3'

2019-01-08 19:31:35 - [TEST_STEP][PASSED] - click: Object: 'Object Repository/Final Object Repo/New Registration - Registration Module Pages/Form 1/Industry State' is clicked on

2019-01-08 19:31:35 - [MESSAGE][PASSED] - Object: 'Object Repository/Final Object Repo/New Registration - Registration Module Pages/Form 1/Industry State' is clicked on

2019-01-08 19:31:35 - [TEST_STEP][PASSED] - delay: Delayed 2 second(s)

2019-01-08 19:31:37 - [MESSAGE][PASSED] - Delayed 2 second(s)

2019-01-08 19:31:37 - [TEST_STEP][PASSED] - click: Object: 'Object Repository/Final Object Repo/New Registration - Registration Module Pages/Form 1/Industry State - Johor' is clicked on

2019-01-08 19:31:37 - [MESSAGE][PASSED] - Object: 'Object Repository/Final Object Repo/New Registration - Registration Module Pages/Form 1/Industry State - Johor' is clicked on

2019-01-08 19:31:37 - [TEST_STEP][PASSED] - delay: Delayed 2 second(s)

2019-01-08 19:31:39 - [MESSAGE][PASSED] - Delayed 2 second(s)

2019-01-08 19:31:39 - [TEST_STEP][PASSED] - click: Object: 'Object Repository/Final Object Repo/New Registration - Registration Module Pages/Form 1/Industry Ciry' is clicked on

2019-01-08 19:31:39 - [MESSAGE][PASSED] - Object: 'Object Repository/Final Object Repo/New Registration - Registration Module Pages/Form 1/Industry Ciry' is clicked on

2019-01-08 19:31:39 - [TEST_STEP][PASSED] - setText: Text 'joh' is set on object 'Object Repository/Final Object Repo/New Registration - Registration Module Pages/Form 1/Industry Ciry - joh'

2019-01-08 19:31:40 - [MESSAGE][PASSED] - Text 'joh' is set on object 'Object Repository/Final Object Repo/New Registration - Registration Module Pages/Form 1/Industry Ciry - joh'

2019-01-08 19:31:40 - [TEST_STEP][PASSED] - delay: Delayed 2 second(s)

2019-01-08 19:31:42 - [MESSAGE][PASSED] - Delayed 2 second(s)

2019-01-08 19:31:42 - [TEST_STEP][PASSED] - click: Object: 'Object Repository/Final Object Repo/New Registration - Registration Module Pages/Form 1/Industy State - Johor Bharu' is clicked on

2019-01-08 19:31:42 - [MESSAGE][PASSED] - Object: 'Object Repository/Final Object Repo/New Registration - Registration Module Pages/Form 1/Industy State - Johor Bharu' is clicked on

2019-01-08 19:31:42 - [TEST_STEP][PASSED] - delay: Delayed 1 second(s)

2019-01-08 19:31:43 - [MESSAGE][PASSED] - Delayed 1 second(s)

2019-01-08 19:31:43 - [TEST_STEP][PASSED] - click: Object: 'Object Repository/Final Object Repo/New Registration - Registration Module Pages/Form 1/Indusry PostCode' is clicked on

2019-01-08 19:31:43 - [MESSAGE][PASSED] - Object: 'Object Repository/Final Object Repo/New Registration - Registration Module Pages/Form 1/Indusry PostCode' is clicked on

2019-01-08 19:31:43 - [TEST_STEP][PASSED] - delay: Delayed 1 second(s)

2019-01-08 19:31:44 - [MESSAGE][PASSED] - Delayed 1 second(s)

2019-01-08 19:31:44 - [TEST_STEP][PASSED] - setText: Text '810' is set on object 'Object Repository/Final Object Repo/New Registration - Registration Module Pages/Form 1/Insutry Post Code - 810'

2019-01-08 19:31:44 - [MESSAGE][PASSED] - Text '810' is set on object 'Object Repository/Final Object Repo/New Registration - Registration Module Pages/Form 1/Insutry Post Code - 810'

2019-01-08 19:31:44 - [TEST_STEP][PASSED] - delay: Delayed 1 second(s)

2019-01-08 19:31:45 - [MESSAGE][PASSED] - Delayed 1 second(s)

2019-01-08 19:31:45 - [TEST_STEP][PASSED] - click: Object: 'Object Repository/Final Object Repo/New Registration - Registration Module Pages/Form 1/Insutry Post Code - 81000' is clicked on

2019-01-08 19:31:45 - [MESSAGE][PASSED] - Object: 'Object Repository/Final Object Repo/New Registration - Registration Module Pages/Form 1/Insutry Post Code - 81000' is clicked on

2019-01-08 19:31:45 - [TEST_STEP][PASSED] - delay: Delayed 1 second(s)

2019-01-08 19:31:46 - [MESSAGE][PASSED] - Delayed 1 second(s)

2019-01-08 19:31:46 - [TEST_STEP][PASSED] - setText: Text '100' is set on object 'Object Repository/Final Object Repo/New Registration - Registration Module Pages/Form 1/Industry P.O.BOX'

2019-01-08 19:31:47 - [MESSAGE][PASSED] - Text '100' is set on object 'Object Repository/Final Object Repo/New Registration - Registration Module Pages/Form 1/Industry P.O.BOX'

2019-01-08 19:31:47 - [TEST_STEP][PASSED] - setText: Text '100' is set on object 'Object Repository/Final Object Repo/New Registration - Registration Module Pages/Form 1/Industry Locked Bag No'

2019-01-08 19:31:47 - [MESSAGE][PASSED] - Text '100' is set on object 'Object Repository/Final Object Repo/New Registration - Registration Module Pages/Form 1/Industry Locked Bag No'

2019-01-08 19:31:47 - [TEST_STEP][PASSED] - setText: Text '123456789' is set on object 'Object Repository/Final Object Repo/New Registration - Registration Module Pages/Form 1/Telephone No'

2019-01-08 19:31:47 - [MESSAGE][PASSED] - Text '123456789' is set on object 'Object Repository/Final Object Repo/New Registration - Registration Module Pages/Form 1/Telephone No'

2019-01-08 19:31:47 - [TEST_STEP][PASSED] - setText: Text '123456789' is set on object 'Object Repository/Final Object Repo/New Registration - Registration Module Pages/Form 1/Mobile No'

2019-01-08 19:31:48 - [MESSAGE][PASSED] - Text '123456789' is set on object 'Object Repository/Final Object Repo/New Registration - Registration Module Pages/Form 1/Mobile No'

2019-01-08 19:31:48 - [TEST_STEP][PASSED] - setText: Text '123456789' is set on object 'Object Repository/Final Object Repo/New Registration - Registration Module Pages/Form 1/Fax No'

2019-01-08 19:31:48 - [MESSAGE][PASSED] - Text '123456789' is set on object 'Object Repository/Final Object Repo/New Registration - Registration Module Pages/Form 1/Fax No'

2019-01-08 19:31:48 - [TEST_STEP][PASSED] - click: Object: 'Object Repository/Final Object Repo/New Registration - Registration Module Pages/Form 1/Industry Code' is clicked on

2019-01-08 19:31:48 - [MESSAGE][PASSED] - Object: 'Object Repository/Final Object Repo/New Registration - Registration Module Pages/Form 1/Industry Code' is clicked on

2019-01-08 19:31:48 - [TEST_STEP][PASSED] - click: Object: 'Object Repository/Final Object Repo/New Registration - Registration Module Pages/Form 1/Indudustry Code - Crops and Animal' is clicked on

2019-01-08 19:31:49 - [MESSAGE][PASSED] - Object: 'Object Repository/Final Object Repo/New Registration - Registration Module Pages/Form 1/Indudustry Code - Crops and Animal' is clicked on

2019-01-08 19:31:49 - [TEST_STEP][PASSED] - delay: Delayed 1 second(s)

2019-01-08 19:31:50 - [MESSAGE][PASSED] - Delayed 1 second(s)

2019-01-08 19:31:50 - [TEST_STEP][PASSED] - click: Object: 'Object Repository/Final Object Repo/New Registration - Registration Module Pages/Form 1/Sub Industry Code List' is clicked on

2019-01-08 19:31:50 - [MESSAGE][PASSED] - Object: 'Object Repository/Final Object Repo/New Registration - Registration Module Pages/Form 1/Sub Industry Code List' is clicked on

2019-01-08 19:31:50 - [TEST_STEP][PASSED] - click: Object: 'Object Repository/Final Object Repo/New Registration - Registration Module Pages/Form 1/Sub Industry Code List - Growing of Maize' is clicked on

2019-01-08 19:31:50 - [MESSAGE][PASSED] - Object: 'Object Repository/Final Object Repo/New Registration - Registration Module Pages/Form 1/Sub Industry Code List - Growing of Maize' is clicked on

2019-01-08 19:31:50 - [TEST_STEP][PASSED] - setText: Text 'perkeso123@gmail.com' is set on object 'Object Repository/Final Object Repo/New Registration - Registration Module Pages/Form 1/Email'

2019-01-08 19:31:51 - [MESSAGE][PASSED] - Text 'perkeso123@gmail.com' is set on object 'Object Repository/Final Object Repo/New Registration - Registration Module Pages/Form 1/Email'

2019-01-08 19:31:51 - [TEST_STEP][PASSED] - click: Object: 'Object Repository/Final Object Repo/New Registration - Registration Module Pages/Form 1/Method of Contribution Payment' is clicked on

2019-01-08 19:31:51 - [MESSAGE][PASSED] - Object: 'Object Repository/Final Object Repo/New Registration - Registration Module Pages/Form 1/Method of Contribution Payment' is clicked on

2019-01-08 19:31:51 - [TEST_STEP][PASSED] - click: Object: 'Object Repository/Final Object Repo/New Registration - Registration Module Pages/Form 1/Method of Contribution Payment - Portal' is clicked on

2019-01-08 19:31:51 - [MESSAGE][PASSED] - Object: 'Object Repository/Final Object Repo/New Registration - Registration Module Pages/Form 1/Method of Contribution Payment - Portal' is clicked on

2019-01-08 19:31:51 - [TEST_STEP][PASSED] - click: Object: 'Object Repository/Final Object Repo/New Registration - Registration Module Pages/Form 1/Servide Type' is clicked on

2019-01-08 19:31:51 - [MESSAGE][PASSED] - Object: 'Object Repository/Final Object Repo/New Registration - Registration Module Pages/Form 1/Servide Type' is clicked on

2019-01-08 19:31:51 - [TEST_STEP][PASSED] - click: Object: 'Object Repository/Final Object Repo/New Registration - Registration Module Pages/Form 1/Servide Type - Professional Bodies' is clicked on

2019-01-08 19:31:52 - [MESSAGE][PASSED] - Object: 'Object Repository/Final Object Repo/New Registration - Registration Module Pages/Form 1/Servide Type - Professional Bodies' is clicked on

2019-01-08 19:31:52 - [TEST_STEP][PASSED] - click: Object: 'Object Repository/Final Object Repo/New Registration - Registration Module Pages/Form 1/Industry Venue' is clicked on

2019-01-08 19:31:52 - [MESSAGE][PASSED] - Object: 'Object Repository/Final Object Repo/New Registration - Registration Module Pages/Form 1/Industry Venue' is clicked on

2019-01-08 19:31:52 - [TEST_STEP][PASSED] - click: Object: 'Object Repository/Final Object Repo/New Registration - Registration Module Pages/Form 1/Industry Venue -  PPN JOHOR' is clicked on

2019-01-08 19:31:52 - [MESSAGE][PASSED] - Object: 'Object Repository/Final Object Repo/New Registration - Registration Module Pages/Form 1/Industry Venue -  PPN JOHOR' is clicked on

2019-01-08 19:31:52 - [TEST_STEP][PASSED] - click: Object: 'Object Repository/Final Object Repo/New Registration - Registration Module Pages/Form 1/Save  Continue' is clicked on

2019-01-08 19:31:52 - [MESSAGE][PASSED] - Object: 'Object Repository/Final Object Repo/New Registration - Registration Module Pages/Form 1/Save  Continue' is clicked on

2019-01-08 19:31:52 - [MESSAGE][PASSED] - Call Test Case 'Test Cases/Final Aug 2018 - PKS Automation/Registration Module/New Registration/Form 1/Form 1 - Other - State Statutory Body' successfully

2019-01-08 19:31:52 - [TEST_STEP][PASSED] - callTestCase: Call Test Case 'Test Cases/Final Aug 2018 - PKS Automation/Registration Module/New Registration/Form 2/Add 2 Not Eligible - No 3rd Screen' successfully

2019-01-08 19:31:52 - [TEST_CASE][PASSED] - Test Cases/Final Aug 2018 - PKS Automation/Registration Module/New Registration/Form 2/Add 2 Not Eligible - No 3rd Screen: Test Cases/Final Aug 2018 - PKS Automation/Registration Module/New Registration/Form 2/Add 2 Not Eligible - No 3rd Screen

2019-01-08 19:31:52 - [TEST_STEP][PASSED] - delay: Delayed 2 second(s)

2019-01-08 19:31:54 - [MESSAGE][PASSED] - Delayed 2 second(s)

2019-01-08 19:31:54 - [TEST_STEP][PASSED] - callTestCase: Call Test Case 'Test Cases/Final Aug 2018 - PKS Automation/Registration Module/New Registration/Form 2/Date Updater' successfully

2019-01-08 19:31:54 - [TEST_CASE][PASSED] - Test Cases/Final Aug 2018 - PKS Automation/Registration Module/New Registration/Form 2/Date Updater: Test Cases/Final Aug 2018 - PKS Automation/Registration Module/New Registration/Form 2/Date Updater

2019-01-08 19:31:54 - [TEST_STEP][PASSED] - Statement - TodayDate = new java.util.Date(): null

2019-01-08 19:31:54 - [TEST_STEP][PASSED] - Statement - CurrentDateNoFilter = new java.text.SimpleDateFormat(): null

2019-01-08 19:31:54 - [TEST_STEP][PASSED] - Statement - CurrentDateNoFilter.applyPattern("MM"): null

2019-01-08 19:31:54 - [TEST_STEP][PASSED] - Statement - monthContainerMatcher = java.lang.Integer.parseInt(CurrentDateNoFilter.format(TodayDate)): null

2019-01-08 19:31:54 - [TEST_STEP][PASSED] - Statement - monthContainerMatcher = monthContainerMatcher - 1: null

2019-01-08 19:31:54 - [TEST_STEP][PASSED] - Statement - CurrentMonth = monthContainerMatcher.toString(): null

2019-01-08 19:31:54 - [TEST_STEP][PASSED] - Statement - CurrentMonth = CurrentMonth: null

2019-01-08 19:31:54 - [TEST_STEP][PASSED] - Statement - CurrentDateNoFilter.applyPattern("yyyy"): null

2019-01-08 19:31:54 - [TEST_STEP][PASSED] - Statement - CurrentYear = CurrentDateNoFilter.format(TodayDate): null

2019-01-08 19:31:54 - [TEST_STEP][PASSED] - Statement - CurrentYear = CurrentYear: null

2019-01-08 19:31:54 - [TEST_STEP][PASSED] - Statement - intCurrentYear = java.lang.Integer.parseInt(CurrentDateNoFilter.format(TodayDate)): null

2019-01-08 19:31:54 - [TEST_STEP][PASSED] - Statement - eighteenYrsAgo = intCurrentYear - 18: null

2019-01-08 19:31:54 - [TEST_STEP][PASSED] - Statement - eighteenYrsBeforeThisYr = eighteenYrsAgo.toString(): null

2019-01-08 19:31:54 - [TEST_STEP][PASSED] - Statement - EighteenYrsBefore = eighteenYrsBeforeThisYr: null

2019-01-08 19:31:54 - [TEST_STEP][PASSED] - Statement - fiftysevenYrsAgo = intCurrentYear - 57: null

2019-01-08 19:31:54 - [TEST_STEP][PASSED] - Statement - fiftysevenYrsBeforeThisYr = fiftysevenYrsAgo.toString(): null

2019-01-08 19:31:54 - [TEST_STEP][PASSED] - Statement - FiftysevenYrsBefore = fiftysevenYrsBeforeThisYr: null

2019-01-08 19:31:54 - [TEST_STEP][PASSED] - Statement - leapYear = false: null

2019-01-08 19:31:54 - [TEST_STEP][PASSED] - Statement - leapYear = intCurrentYear % 4 == 0: null

2019-01-08 19:31:54 - [TEST_STEP][PASSED] - Statement - CurrentDateNoFilter.applyPattern("dd"): null

2019-01-08 19:31:54 - [TEST_STEP][PASSED] - Statement - CurrentDate = CurrentDateNoFilter.format(TodayDate): null

2019-01-08 19:31:54 - [TEST_STEP][PASSED] - Statement - CurrentDate = java.lang.Integer.parseInt(CurrentDate): null

2019-01-08 19:31:54 - [TEST_STEP][PASSED] - Statement - CurrentDate = CurrentDate: null

2019-01-08 19:31:54 - [TEST_STEP][PASSED] - Statement - CurrentDay = java.lang.Integer.parseInt(CurrentDate): null

2019-01-08 19:31:54 - [TEST_STEP][PASSED] - Statement - ConfAdder = <not implemented yet for class: org.codehaus.groovy.ast.expr.EmptyExpression>: null

2019-01-08 19:31:54 - [TEST_STEP][PASSED] - Statement - out.println(CurrentMonth): null

2019-01-08 19:31:54 - [TEST_STEP][PASSED] - Statement - out.println(CurrentDate): null

2019-01-08 19:31:54 - [TEST_STEP][PASSED] - Statement - switch (CurrentDate): null

2019-01-08 19:31:54 - [TEST_STEP][PASSED] - Statement - Default: null

2019-01-08 19:31:54 - [TEST_STEP][PASSED] - Statement - ConfAdder = true: null

2019-01-08 19:31:54 - [TEST_STEP][PASSED] - Statement - Break: null

2019-01-08 19:31:54 - [TEST_STEP][PASSED] - Statement - aDayBefore = <not implemented yet for class: org.codehaus.groovy.ast.expr.EmptyExpression>: null

2019-01-08 19:31:54 - [TEST_STEP][PASSED] - Statement - out.println(ConfAdder): null

2019-01-08 19:31:54 - [TEST_STEP][PASSED] - Statement - If (ConfAdder == true): null

2019-01-08 19:31:54 - [TEST_STEP][PASSED] - Statement - aDayBefore = CurrentDay + 1: null

2019-01-08 19:31:54 - [TEST_STEP][PASSED] - Statement - out.println(aDayBefore): null

2019-01-08 19:31:54 - [TEST_STEP][PASSED] - Statement - If (aDayBefore == 1 && CurrentMonth == 11): null

2019-01-08 19:31:54 - [TEST_STEP][PASSED] - Statement - DayBefore = aDayBefore.toString(): null

2019-01-08 19:31:54 - [TEST_STEP][PASSED] - Statement - OneDayBefore = DayBefore: null

2019-01-08 19:31:54 - [MESSAGE][PASSED] - Call Test Case 'Test Cases/Final Aug 2018 - PKS Automation/Registration Module/New Registration/Form 2/Date Updater' successfully

2019-01-08 19:31:54 - [TEST_STEP][PASSED] - Statement - CaseReferenceNo = com.kms.katalon.core.webui.keyword.WebUiBuiltInKeywords.getText(com.kms.katalon.core.testobject.ObjectRepository.findTestObject(Final Object Repo/New Registration - Registration Module Pages/Form 2/RefNo Acquiring)): Text of object 'Object Repository/Final Object Repo/New Registration - Registration Module Pages/Form 2/RefNo Acquiring' is: 'CRN01201900123660'

2019-01-08 19:31:54 - [MESSAGE][PASSED] - Text of object 'Object Repository/Final Object Repo/New Registration - Registration Module Pages/Form 2/RefNo Acquiring' is: 'CRN01201900123660'

2019-01-08 19:31:54 - [TEST_STEP][PASSED] - delay: Delayed 6 second(s)

2019-01-08 19:32:00 - [MESSAGE][PASSED] - Delayed 6 second(s)

2019-01-08 19:32:00 - [TEST_STEP][PASSED] - click: Object: 'Object Repository/Final Object Repo/New Registration - Registration Module Pages/Form 2/Add Employee Button' is clicked on

2019-01-08 19:32:01 - [MESSAGE][PASSED] - Object: 'Object Repository/Final Object Repo/New Registration - Registration Module Pages/Form 2/Add Employee Button' is clicked on

2019-01-08 19:32:01 - [TEST_STEP][PASSED] - delay: Delayed 4 second(s)

2019-01-08 19:32:05 - [MESSAGE][PASSED] - Delayed 4 second(s)

2019-01-08 19:32:05 - [TEST_STEP][PASSED] - setText: Text '000209039189' is set on object 'Object Repository/Final Object Repo/New Registration - Registration Module Pages/Form 2/NRIC Input'

2019-01-08 19:32:05 - [MESSAGE][PASSED] - Text '000209039189' is set on object 'Object Repository/Final Object Repo/New Registration - Registration Module Pages/Form 2/NRIC Input'

2019-01-08 19:32:05 - [TEST_STEP][PASSED] - click: Object: 'Object Repository/Final Object Repo/New Registration - Registration Module Pages/Form 2/button for search for IC' is clicked on

2019-01-08 19:32:05 - [MESSAGE][PASSED] - Object: 'Object Repository/Final Object Repo/New Registration - Registration Module Pages/Form 2/button for search for IC' is clicked on

2019-01-08 19:32:05 - [TEST_STEP][PASSED] - delay: Delayed 2 second(s)

2019-01-08 19:32:07 - [MESSAGE][PASSED] - Delayed 2 second(s)

2019-01-08 19:32:07 - [TEST_STEP][PASSED] - setText: Text 'Automate001 not eligible 1' is set on object 'Object Repository/Final Object Repo/New Registration - Registration Module Pages/Form 2/Employee Name Input'

2019-01-08 19:32:08 - [MESSAGE][PASSED] - Text 'Automate001 not eligible 1' is set on object 'Object Repository/Final Object Repo/New Registration - Registration Module Pages/Form 2/Employee Name Input'

2019-01-08 19:32:08 - [TEST_STEP][PASSED] - delay: Delayed 2 second(s)

2019-01-08 19:32:10 - [MESSAGE][PASSED] - Delayed 2 second(s)

2019-01-08 19:32:10 - [TEST_STEP][PASSED] - click: Object: 'Object Repository/Final Object Repo/New Registration - Registration Module Pages/Form 2/DatePicker Pop Up' is clicked on

2019-01-08 19:32:10 - [MESSAGE][PASSED] - Object: 'Object Repository/Final Object Repo/New Registration - Registration Module Pages/Form 2/DatePicker Pop Up' is clicked on

2019-01-08 19:32:10 - [TEST_STEP][PASSED] - click: Object: 'Object Repository/Final Object Repo/New Registration - Registration Module Pages/Form 2/DOB Month' is clicked on

2019-01-08 19:32:10 - [MESSAGE][PASSED] - Object: 'Object Repository/Final Object Repo/New Registration - Registration Module Pages/Form 2/DOB Month' is clicked on

2019-01-08 19:32:10 - [TEST_STEP][PASSED] - Statement - CurrentMonth = CurrentMonth: null

2019-01-08 19:32:10 - [TEST_STEP][PASSED] - Statement - selectMonth = new com.kms.katalon.core.testobject.TestObject(): null

2019-01-08 19:32:10 - [TEST_STEP][PASSED] - Statement - selectMonth.addProperty("xpath", EQUALS, "//body/div/div/div/select/option[@value='" + CurrentMonth + "']", true): null

2019-01-08 19:32:10 - [TEST_STEP][PASSED] - click: Object: '' is clicked on

2019-01-08 19:32:10 - [MESSAGE][PASSED] - Object: '' is clicked on

2019-01-08 19:32:10 - [TEST_STEP][PASSED] - delay: Delayed 2 second(s)

2019-01-08 19:32:12 - [MESSAGE][PASSED] - Delayed 2 second(s)

2019-01-08 19:32:12 - [TEST_STEP][PASSED] - click: Object: 'Object Repository/Final Object Repo/New Registration - Registration Module Pages/Form 2/DOB Year' is clicked on

2019-01-08 19:32:12 - [MESSAGE][PASSED] - Object: 'Object Repository/Final Object Repo/New Registration - Registration Module Pages/Form 2/DOB Year' is clicked on

2019-01-08 19:32:12 - [TEST_STEP][PASSED] - Statement - Eyearsbf = EighteenYrsBefore: null

2019-01-08 19:32:12 - [TEST_STEP][PASSED] - Statement - selectYear = new com.kms.katalon.core.testobject.TestObject(): null

2019-01-08 19:32:12 - [TEST_STEP][PASSED] - Statement - selectYear.addProperty("xpath", EQUALS, "//div/div/div/select/option[@value='" + Eyearsbf + "']", true): null

2019-01-08 19:32:12 - [TEST_STEP][PASSED] - click: Object: '' is clicked on

2019-01-08 19:32:12 - [MESSAGE][PASSED] - Object: '' is clicked on

2019-01-08 19:32:12 - [TEST_STEP][PASSED] - delay: Delayed 3 second(s)

2019-01-08 19:32:15 - [MESSAGE][PASSED] - Delayed 3 second(s)

2019-01-08 19:32:15 - [TEST_STEP][PASSED] - Statement - UpdatedSelectDate = com.kms.katalon.core.webui.keyword.WebUiBuiltInKeywords.modifyObjectProperty(com.kms.katalon.core.testobject.ObjectRepository.findTestObject(Final Object Repo/New Registration - Registration Module Pages/Form 2/DOB Date), "xpath", "equals", "//body/div/table/tbody/tr/td/a[text()="" + OneDayBefore + ""]", true): Modify property of object successfully

2019-01-08 19:32:15 - [MESSAGE][PASSED] - Modify property of object successfully

2019-01-08 19:32:15 - [TEST_STEP][PASSED] - delay: Delayed 3 second(s)

2019-01-08 19:32:18 - [MESSAGE][PASSED] - Delayed 3 second(s)

2019-01-08 19:32:18 - [TEST_STEP][PASSED] - click: Object: 'Object Repository/Final Object Repo/New Registration - Registration Module Pages/Form 2/DOB Date' is clicked on

2019-01-08 19:32:19 - [MESSAGE][PASSED] - Object: 'Object Repository/Final Object Repo/New Registration - Registration Module Pages/Form 2/DOB Date' is clicked on

2019-01-08 19:32:19 - [TEST_STEP][PASSED] - delay: Delayed 2 second(s)

2019-01-08 19:32:21 - [MESSAGE][PASSED] - Delayed 2 second(s)

2019-01-08 19:32:21 - [TEST_STEP][PASSED] - click: Object: 'Object Repository/Final Object Repo/New Registration - Registration Module Pages/Form 2/EmploymentStartDate Pop Up' is clicked on

2019-01-08 19:32:21 - [MESSAGE][PASSED] - Object: 'Object Repository/Final Object Repo/New Registration - Registration Module Pages/Form 2/EmploymentStartDate Pop Up' is clicked on

2019-01-08 19:32:21 - [TEST_STEP][PASSED] - delay: Delayed 2 second(s)

2019-01-08 19:32:23 - [MESSAGE][PASSED] - Delayed 2 second(s)

2019-01-08 19:32:23 - [TEST_STEP][PASSED] - click: Object: 'Object Repository/Final Object Repo/New Registration - Registration Module Pages/Form 2/Socso Employment StartDate Month' is clicked on

2019-01-08 19:32:23 - [MESSAGE][PASSED] - Object: 'Object Repository/Final Object Repo/New Registration - Registration Module Pages/Form 2/Socso Employment StartDate Month' is clicked on

2019-01-08 19:32:23 - [TEST_STEP][PASSED] - delay: Delayed 1 second(s)

2019-01-08 19:32:24 - [MESSAGE][PASSED] - Delayed 1 second(s)

2019-01-08 19:32:24 - [TEST_STEP][PASSED] - click: Object: 'Object Repository/Final Object Repo/New Registration - Registration Module Pages/Form 2/Select Socso Employement Startdate Month' is clicked on

2019-01-08 19:32:24 - [MESSAGE][PASSED] - Object: 'Object Repository/Final Object Repo/New Registration - Registration Module Pages/Form 2/Select Socso Employement Startdate Month' is clicked on

2019-01-08 19:32:24 - [TEST_STEP][PASSED] - delay: Delayed 2 second(s)

2019-01-08 19:32:26 - [MESSAGE][PASSED] - Delayed 2 second(s)

2019-01-08 19:32:26 - [TEST_STEP][PASSED] - click: Object: 'Object Repository/Final Object Repo/New Registration - Registration Module Pages/Form 2/Socso Employment StartDate Year' is clicked on

2019-01-08 19:32:26 - [MESSAGE][PASSED] - Object: 'Object Repository/Final Object Repo/New Registration - Registration Module Pages/Form 2/Socso Employment StartDate Year' is clicked on

2019-01-08 19:32:26 - [TEST_STEP][PASSED] - delay: Delayed 1 second(s)

2019-01-08 19:32:27 - [MESSAGE][PASSED] - Delayed 1 second(s)

2019-01-08 19:32:27 - [TEST_STEP][PASSED] - click: Object: 'Object Repository/Final Object Repo/New Registration - Registration Module Pages/Form 2/Select Socso Employment Startdate Year' is clicked on

2019-01-08 19:32:27 - [MESSAGE][PASSED] - Object: 'Object Repository/Final Object Repo/New Registration - Registration Module Pages/Form 2/Select Socso Employment Startdate Year' is clicked on

2019-01-08 19:32:27 - [TEST_STEP][PASSED] - delay: Delayed 2 second(s)

2019-01-08 19:32:29 - [MESSAGE][PASSED] - Delayed 2 second(s)

2019-01-08 19:32:29 - [TEST_STEP][PASSED] - click: Object: 'Object Repository/Final Object Repo/New Registration - Registration Module Pages/Form 2/Socso Employment Start Date Day' is clicked on

2019-01-08 19:32:30 - [MESSAGE][PASSED] - Object: 'Object Repository/Final Object Repo/New Registration - Registration Module Pages/Form 2/Socso Employment Start Date Day' is clicked on

2019-01-08 19:32:30 - [TEST_STEP][PASSED] - delay: Delayed 2 second(s)

2019-01-08 19:32:32 - [MESSAGE][PASSED] - Delayed 2 second(s)

2019-01-08 19:32:32 - [TEST_STEP][PASSED] - click: Object: 'Object Repository/Final Object Repo/New Registration - Registration Module Pages/Form 2/Save Button for Add Employee' is clicked on

2019-01-08 19:32:32 - [MESSAGE][PASSED] - Object: 'Object Repository/Final Object Repo/New Registration - Registration Module Pages/Form 2/Save Button for Add Employee' is clicked on

2019-01-08 19:32:32 - [TEST_STEP][PASSED] - delay: Delayed 6 second(s)

2019-01-08 19:32:38 - [MESSAGE][PASSED] - Delayed 6 second(s)

2019-01-08 19:32:38 - [TEST_STEP][PASSED] - click: Object: 'Object Repository/Final Object Repo/New Registration - Registration Module Pages/Form 2/Add Employee Button' is clicked on

2019-01-08 19:32:38 - [MESSAGE][PASSED] - Object: 'Object Repository/Final Object Repo/New Registration - Registration Module Pages/Form 2/Add Employee Button' is clicked on

2019-01-08 19:32:38 - [TEST_STEP][PASSED] - delay: Delayed 4 second(s)

2019-01-08 19:32:42 - [MESSAGE][PASSED] - Delayed 4 second(s)

2019-01-08 19:32:42 - [TEST_STEP][PASSED] - setText: Text '600203039194' is set on object 'Object Repository/Final Object Repo/New Registration - Registration Module Pages/Form 2/NRIC Input'

2019-01-08 19:32:42 - [MESSAGE][PASSED] - Text '600203039194' is set on object 'Object Repository/Final Object Repo/New Registration - Registration Module Pages/Form 2/NRIC Input'

2019-01-08 19:32:42 - [TEST_STEP][PASSED] - click: Object: 'Object Repository/Final Object Repo/New Registration - Registration Module Pages/Form 2/button for search for IC' is clicked on

2019-01-08 19:32:43 - [MESSAGE][PASSED] - Object: 'Object Repository/Final Object Repo/New Registration - Registration Module Pages/Form 2/button for search for IC' is clicked on

2019-01-08 19:32:43 - [TEST_STEP][PASSED] - delay: Delayed 2 second(s)

2019-01-08 19:32:45 - [MESSAGE][PASSED] - Delayed 2 second(s)

2019-01-08 19:32:45 - [TEST_STEP][PASSED] - setText: Text 'Automate001 not eligible 2' is set on object 'Object Repository/Final Object Repo/New Registration - Registration Module Pages/Form 2/Employee Name Input'

2019-01-08 19:32:45 - [MESSAGE][PASSED] - Text 'Automate001 not eligible 2' is set on object 'Object Repository/Final Object Repo/New Registration - Registration Module Pages/Form 2/Employee Name Input'

2019-01-08 19:32:45 - [TEST_STEP][PASSED] - delay: Delayed 2 second(s)

2019-01-08 19:32:47 - [MESSAGE][PASSED] - Delayed 2 second(s)

2019-01-08 19:32:47 - [TEST_STEP][PASSED] - click: Object: 'Object Repository/Final Object Repo/New Registration - Registration Module Pages/Form 2/DatePicker Pop Up' is clicked on

2019-01-08 19:32:47 - [MESSAGE][PASSED] - Object: 'Object Repository/Final Object Repo/New Registration - Registration Module Pages/Form 2/DatePicker Pop Up' is clicked on

2019-01-08 19:32:47 - [TEST_STEP][PASSED] - delay: Delayed 1 second(s)

2019-01-08 19:32:48 - [MESSAGE][PASSED] - Delayed 1 second(s)

2019-01-08 19:32:48 - [TEST_STEP][PASSED] - click: Object: 'Object Repository/Final Object Repo/New Registration - Registration Module Pages/Form 2/DOB Month' is clicked on

2019-01-08 19:32:48 - [MESSAGE][PASSED] - Object: 'Object Repository/Final Object Repo/New Registration - Registration Module Pages/Form 2/DOB Month' is clicked on

2019-01-08 19:32:48 - [TEST_STEP][PASSED] - Statement - selectMonth = com.kms.katalon.core.webui.keyword.WebUiBuiltInKeywords.modifyObjectProperty(selectMonth, "xpath", "equals", "//body/div/div/div/select/option[@value="" + CurrentMonth + ""]", true): Modify property of object successfully

2019-01-08 19:32:48 - [MESSAGE][PASSED] - Modify property of object successfully

2019-01-08 19:32:48 - [TEST_STEP][PASSED] - click: Object: '' is clicked on

2019-01-08 19:32:49 - [MESSAGE][PASSED] - Object: '' is clicked on

2019-01-08 19:32:49 - [TEST_STEP][PASSED] - click: Object: 'Object Repository/Final Object Repo/New Registration - Registration Module Pages/Form 2/DOB Year' is clicked on

2019-01-08 19:32:49 - [MESSAGE][PASSED] - Object: 'Object Repository/Final Object Repo/New Registration - Registration Module Pages/Form 2/DOB Year' is clicked on

2019-01-08 19:32:49 - [TEST_STEP][PASSED] - Statement - selectYear = com.kms.katalon.core.webui.keyword.WebUiBuiltInKeywords.modifyObjectProperty(selectYear, "xpath", "equals", "//div/div/div/select/option[@value="" + FiftysevenYrsBefore + ""]", true): Modify property of object successfully

2019-01-08 19:32:49 - [MESSAGE][PASSED] - Modify property of object successfully

2019-01-08 19:32:49 - [TEST_STEP][PASSED] - click: Object: '' is clicked on

2019-01-08 19:32:49 - [MESSAGE][PASSED] - Object: '' is clicked on

2019-01-08 19:32:49 - [TEST_STEP][PASSED] - Statement - UpdatedSelectDate = com.kms.katalon.core.webui.keyword.WebUiBuiltInKeywords.modifyObjectProperty(com.kms.katalon.core.testobject.ObjectRepository.findTestObject(Final Object Repo/New Registration - Registration Module Pages/Form 2/DOB Date), "xpath", "equals", "//body/div/table/tbody/tr/td/a[text()="" + CurrentDate + ""]", true): Modify property of object successfully

2019-01-08 19:32:49 - [MESSAGE][PASSED] - Modify property of object successfully

2019-01-08 19:32:49 - [TEST_STEP][PASSED] - delay: Delayed 3 second(s)

2019-01-08 19:32:52 - [MESSAGE][PASSED] - Delayed 3 second(s)

2019-01-08 19:32:52 - [TEST_STEP][PASSED] - click: Object: 'Object Repository/Final Object Repo/New Registration - Registration Module Pages/Form 2/DOB Date' is clicked on

2019-01-08 19:32:52 - [MESSAGE][PASSED] - Object: 'Object Repository/Final Object Repo/New Registration - Registration Module Pages/Form 2/DOB Date' is clicked on

2019-01-08 19:32:52 - [TEST_STEP][PASSED] - delay: Delayed 2 second(s)

2019-01-08 19:32:54 - [MESSAGE][PASSED] - Delayed 2 second(s)

2019-01-08 19:32:54 - [TEST_STEP][PASSED] - click: Object: 'Object Repository/Final Object Repo/New Registration - Registration Module Pages/Form 2/EmploymentStartDate Pop Up' is clicked on

2019-01-08 19:32:54 - [MESSAGE][PASSED] - Object: 'Object Repository/Final Object Repo/New Registration - Registration Module Pages/Form 2/EmploymentStartDate Pop Up' is clicked on

2019-01-08 19:32:54 - [TEST_STEP][PASSED] - delay: Delayed 2 second(s)

2019-01-08 19:32:56 - [MESSAGE][PASSED] - Delayed 2 second(s)

2019-01-08 19:32:56 - [TEST_STEP][PASSED] - click: Object: 'Object Repository/Final Object Repo/New Registration - Registration Module Pages/Form 2/Socso Employment StartDate Month' is clicked on

2019-01-08 19:32:56 - [MESSAGE][PASSED] - Object: 'Object Repository/Final Object Repo/New Registration - Registration Module Pages/Form 2/Socso Employment StartDate Month' is clicked on

2019-01-08 19:32:56 - [TEST_STEP][PASSED] - delay: Delayed 1 second(s)

2019-01-08 19:32:57 - [MESSAGE][PASSED] - Delayed 1 second(s)

2019-01-08 19:32:57 - [TEST_STEP][PASSED] - click: Object: 'Object Repository/Final Object Repo/New Registration - Registration Module Pages/Form 2/Select Socso Employement Startdate Month' is clicked on

2019-01-08 19:32:57 - [MESSAGE][PASSED] - Object: 'Object Repository/Final Object Repo/New Registration - Registration Module Pages/Form 2/Select Socso Employement Startdate Month' is clicked on

2019-01-08 19:32:57 - [TEST_STEP][PASSED] - delay: Delayed 2 second(s)

2019-01-08 19:32:59 - [MESSAGE][PASSED] - Delayed 2 second(s)

2019-01-08 19:32:59 - [TEST_STEP][PASSED] - click: Object: 'Object Repository/Final Object Repo/New Registration - Registration Module Pages/Form 2/Socso Employment StartDate Year' is clicked on

2019-01-08 19:33:00 - [MESSAGE][PASSED] - Object: 'Object Repository/Final Object Repo/New Registration - Registration Module Pages/Form 2/Socso Employment StartDate Year' is clicked on

2019-01-08 19:33:00 - [TEST_STEP][PASSED] - click: Object: 'Object Repository/Final Object Repo/New Registration - Registration Module Pages/Form 2/Select Socso Employment Startdate Year' is clicked on

2019-01-08 19:33:00 - [MESSAGE][PASSED] - Object: 'Object Repository/Final Object Repo/New Registration - Registration Module Pages/Form 2/Select Socso Employment Startdate Year' is clicked on

2019-01-08 19:33:00 - [TEST_STEP][PASSED] - delay: Delayed 2 second(s)

2019-01-08 19:33:02 - [MESSAGE][PASSED] - Delayed 2 second(s)

2019-01-08 19:33:02 - [TEST_STEP][PASSED] - click: Object: 'Object Repository/Final Object Repo/New Registration - Registration Module Pages/Form 2/Socso Employment Start Date Day' is clicked on

2019-01-08 19:33:02 - [MESSAGE][PASSED] - Object: 'Object Repository/Final Object Repo/New Registration - Registration Module Pages/Form 2/Socso Employment Start Date Day' is clicked on

2019-01-08 19:33:02 - [TEST_STEP][PASSED] - delay: Delayed 2 second(s)

2019-01-08 19:33:04 - [MESSAGE][PASSED] - Delayed 2 second(s)

2019-01-08 19:33:04 - [TEST_STEP][PASSED] - click: Object: 'Object Repository/Final Object Repo/New Registration - Registration Module Pages/Form 2/Save Button for Add Employee' is clicked on

2019-01-08 19:33:04 - [MESSAGE][PASSED] - Object: 'Object Repository/Final Object Repo/New Registration - Registration Module Pages/Form 2/Save Button for Add Employee' is clicked on

2019-01-08 19:33:04 - [TEST_STEP][PASSED] - delay: Delayed 2 second(s)

2019-01-08 19:33:06 - [MESSAGE][PASSED] - Delayed 2 second(s)

2019-01-08 19:33:06 - [TEST_STEP][PASSED] - click: Object: 'Object Repository/Final Object Repo/New Registration - Registration Module Pages/Form 2/Save and Continue Form 2' is clicked on

2019-01-08 19:33:06 - [MESSAGE][PASSED] - Object: 'Object Repository/Final Object Repo/New Registration - Registration Module Pages/Form 2/Save and Continue Form 2' is clicked on

2019-01-08 19:33:06 - [MESSAGE][PASSED] - Call Test Case 'Test Cases/Final Aug 2018 - PKS Automation/Registration Module/New Registration/Form 2/Add 2 Not Eligible - No 3rd Screen' successfully

2019-01-08 19:33:06 - [TEST_STEP][PASSED] - callTestCase: Call Test Case 'Test Cases/Final Aug 2018 - PKS Automation/Registration Module/New Registration/Flow of New Registration/No Third Screen - Upload 2 Supporting Doc - Preview' successfully

2019-01-08 19:33:06 - [TEST_CASE][PASSED] - Test Cases/Final Aug 2018 - PKS Automation/Registration Module/New Registration/Flow of New Registration/No Third Screen - Upload 2 Supporting Doc - Preview: Test Cases/Final Aug 2018 - PKS Automation/Registration Module/New Registration/Flow of New Registration/No Third Screen - Upload 2 Supporting Doc - Preview

2019-01-08 19:33:06 - [TEST_STEP][PASSED] - delay: Delayed 4 second(s)

2019-01-08 19:33:10 - [MESSAGE][PASSED] - Delayed 4 second(s)

2019-01-08 19:33:10 - [TEST_STEP][PASSED] - click: Object: 'Object Repository/Final Object Repo/New Registration - Registration Module Pages/Third Screen - Upload Supporting Doc- Preview/Add Document Button' is clicked on

2019-01-08 19:33:11 - [MESSAGE][PASSED] - Object: 'Object Repository/Final Object Repo/New Registration - Registration Module Pages/Third Screen - Upload Supporting Doc- Preview/Add Document Button' is clicked on

2019-01-08 19:33:11 - [TEST_STEP][PASSED] - delay: Delayed 4 second(s)

2019-01-08 19:33:15 - [MESSAGE][PASSED] - Delayed 4 second(s)

2019-01-08 19:33:15 - [TEST_STEP][PASSED] - click: Object: 'Object Repository/Final Object Repo/New Registration - Registration Module Pages/Third Screen - Upload Supporting Doc- Preview/Supporting Doc Please Select Drop Down' is clicked on

2019-01-08 19:33:15 - [MESSAGE][PASSED] - Object: 'Object Repository/Final Object Repo/New Registration - Registration Module Pages/Third Screen - Upload Supporting Doc- Preview/Supporting Doc Please Select Drop Down' is clicked on

2019-01-08 19:33:15 - [TEST_STEP][PASSED] - delay: Delayed 2 second(s)

2019-01-08 19:33:17 - [MESSAGE][PASSED] - Delayed 2 second(s)

2019-01-08 19:33:17 - [TEST_STEP][PASSED] - click: Object: 'Object Repository/Final Object Repo/New Registration - Registration Module Pages/Third Screen - Upload Supporting Doc- Preview/Select to Upload Form 1' is clicked on

2019-01-08 19:33:17 - [MESSAGE][PASSED] - Object: 'Object Repository/Final Object Repo/New Registration - Registration Module Pages/Third Screen - Upload Supporting Doc- Preview/Select to Upload Form 1' is clicked on

2019-01-08 19:33:17 - [TEST_STEP][PASSED] - delay: Delayed 2 second(s)

2019-01-08 19:33:19 - [MESSAGE][PASSED] - Delayed 2 second(s)

2019-01-08 19:33:19 - [TEST_STEP][PASSED] - uploadFile: File 'C:\Users\Public\Pictures\Sample Pictures\Koala.jpg' sent to object: 'Object Repository/Final Object Repo/New Registration - Registration Module Pages/Third Screen - Upload Supporting Doc- Preview/Upload File Adding'

2019-01-08 19:33:19 - [MESSAGE][PASSED] - File 'C:\Users\Public\Pictures\Sample Pictures\Koala.jpg' sent to object: 'Object Repository/Final Object Repo/New Registration - Registration Module Pages/Third Screen - Upload Supporting Doc- Preview/Upload File Adding'

2019-01-08 19:33:19 - [TEST_STEP][PASSED] - delay: Delayed 5 second(s)

2019-01-08 19:33:24 - [MESSAGE][PASSED] - Delayed 5 second(s)

2019-01-08 19:33:24 - [TEST_STEP][PASSED] - click: Object: 'Object Repository/Final Object Repo/New Registration - Registration Module Pages/Third Screen - Upload Supporting Doc- Preview/Inner Form Add Document Button' is clicked on

2019-01-08 19:33:24 - [MESSAGE][PASSED] - Object: 'Object Repository/Final Object Repo/New Registration - Registration Module Pages/Third Screen - Upload Supporting Doc- Preview/Inner Form Add Document Button' is clicked on

2019-01-08 19:33:24 - [TEST_STEP][PASSED] - delay: Delayed 3 second(s)

2019-01-08 19:33:27 - [MESSAGE][PASSED] - Delayed 3 second(s)

2019-01-08 19:33:27 - [TEST_STEP][PASSED] - click: Object: 'Object Repository/Final Object Repo/New Registration - Registration Module Pages/Third Screen - Upload Supporting Doc- Preview/Add Document Button' is clicked on

2019-01-08 19:33:29 - [MESSAGE][PASSED] - Object: 'Object Repository/Final Object Repo/New Registration - Registration Module Pages/Third Screen - Upload Supporting Doc- Preview/Add Document Button' is clicked on

2019-01-08 19:33:29 - [TEST_STEP][PASSED] - delay: Delayed 4 second(s)

2019-01-08 19:33:33 - [MESSAGE][PASSED] - Delayed 4 second(s)

2019-01-08 19:33:33 - [TEST_STEP][PASSED] - click: Object: 'Object Repository/Final Object Repo/New Registration - Registration Module Pages/Third Screen - Upload Supporting Doc- Preview/Supporting Doc Please Select Drop Down' is clicked on

2019-01-08 19:33:33 - [MESSAGE][PASSED] - Object: 'Object Repository/Final Object Repo/New Registration - Registration Module Pages/Third Screen - Upload Supporting Doc- Preview/Supporting Doc Please Select Drop Down' is clicked on

2019-01-08 19:33:33 - [TEST_STEP][PASSED] - delay: Delayed 2 second(s)

2019-01-08 19:33:35 - [MESSAGE][PASSED] - Delayed 2 second(s)

2019-01-08 19:33:35 - [TEST_STEP][PASSED] - click: Object: 'Object Repository/Final Object Repo/New Registration - Registration Module Pages/Third Screen - Upload Supporting Doc- Preview/Select to Upload Form 2' is clicked on

2019-01-08 19:33:35 - [MESSAGE][PASSED] - Object: 'Object Repository/Final Object Repo/New Registration - Registration Module Pages/Third Screen - Upload Supporting Doc- Preview/Select to Upload Form 2' is clicked on

2019-01-08 19:33:35 - [TEST_STEP][PASSED] - delay: Delayed 2 second(s)

2019-01-08 19:33:37 - [MESSAGE][PASSED] - Delayed 2 second(s)

2019-01-08 19:33:37 - [TEST_STEP][PASSED] - uploadFile: File 'C:\Users\Public\Pictures\Sample Pictures\Koala.jpg' sent to object: 'Object Repository/Final Object Repo/New Registration - Registration Module Pages/Third Screen - Upload Supporting Doc- Preview/Upload File Adding'

2019-01-08 19:33:37 - [MESSAGE][PASSED] - File 'C:\Users\Public\Pictures\Sample Pictures\Koala.jpg' sent to object: 'Object Repository/Final Object Repo/New Registration - Registration Module Pages/Third Screen - Upload Supporting Doc- Preview/Upload File Adding'

2019-01-08 19:33:37 - [TEST_STEP][PASSED] - delay: Delayed 5 second(s)

2019-01-08 19:33:42 - [MESSAGE][PASSED] - Delayed 5 second(s)

2019-01-08 19:33:42 - [TEST_STEP][PASSED] - click: Object: 'Object Repository/Final Object Repo/New Registration - Registration Module Pages/Third Screen - Upload Supporting Doc- Preview/Inner Form Add Document Button' is clicked on

2019-01-08 19:33:42 - [MESSAGE][PASSED] - Object: 'Object Repository/Final Object Repo/New Registration - Registration Module Pages/Third Screen - Upload Supporting Doc- Preview/Inner Form Add Document Button' is clicked on

2019-01-08 19:33:42 - [TEST_STEP][PASSED] - delay: Delayed 3 second(s)

2019-01-08 19:33:45 - [MESSAGE][PASSED] - Delayed 3 second(s)

2019-01-08 19:33:45 - [TEST_STEP][PASSED] - click: Object: 'Object Repository/Final Object Repo/New Registration - Registration Module Pages/Third Screen - Upload Supporting Doc- Preview/Save n Continue in Uploading Supporting Doc Page' is clicked on

2019-01-08 19:33:47 - [MESSAGE][PASSED] - Object: 'Object Repository/Final Object Repo/New Registration - Registration Module Pages/Third Screen - Upload Supporting Doc- Preview/Save n Continue in Uploading Supporting Doc Page' is clicked on

2019-01-08 19:33:47 - [MESSAGE][PASSED] - Call Test Case 'Test Cases/Final Aug 2018 - PKS Automation/Registration Module/New Registration/Flow of New Registration/No Third Screen - Upload 2 Supporting Doc - Preview' successfully

2019-01-08 19:33:47 - [TEST_STEP][PASSED] - callTestCase: Call Test Case 'Test Cases/Final Aug 2018 - PKS Automation/Registration Module/New Registration/Submit and Screenshot/Submit Registration and Screenshot' successfully

2019-01-08 19:33:47 - [TEST_CASE][PASSED] - Test Cases/Final Aug 2018 - PKS Automation/Registration Module/New Registration/Submit and Screenshot/Submit Registration and Screenshot: Test Cases/Final Aug 2018 - PKS Automation/Registration Module/New Registration/Submit and Screenshot/Submit Registration and Screenshot

2019-01-08 19:33:47 - [TEST_STEP][PASSED] - delay: Delayed 6 second(s)

2019-01-08 19:33:53 - [MESSAGE][PASSED] - Delayed 6 second(s)

2019-01-08 19:33:53 - [TEST_STEP][PASSED] - click: Object: 'Object Repository/Final Object Repo/New Registration - Registration Module Pages/Third Screen - Upload Supporting Doc- Preview/Preview Submit Button' is clicked on

2019-01-08 19:33:53 - [MESSAGE][PASSED] - Object: 'Object Repository/Final Object Repo/New Registration - Registration Module Pages/Third Screen - Upload Supporting Doc- Preview/Preview Submit Button' is clicked on

2019-01-08 19:33:53 - [TEST_STEP][PASSED] - delay: Delayed 2 second(s)

2019-01-08 19:33:55 - [MESSAGE][PASSED] - Delayed 2 second(s)

2019-01-08 19:33:55 - [TEST_STEP][PASSED] - click: Object: 'Object Repository/Final Object Repo/New Registration - Registration Module Pages/Third Screen - Upload Supporting Doc- Preview/Preview Submit - Confirm' is clicked on

2019-01-08 19:33:55 - [MESSAGE][PASSED] - Object: 'Object Repository/Final Object Repo/New Registration - Registration Module Pages/Third Screen - Upload Supporting Doc- Preview/Preview Submit - Confirm' is clicked on

2019-01-08 19:33:55 - [TEST_STEP][PASSED] - delay: Delayed 15 second(s)

2019-01-08 19:34:10 - [MESSAGE][PASSED] - Delayed 15 second(s)

2019-01-08 19:34:10 - [TEST_STEP][PASSED] - Statement - driver = com.kms.katalon.core.webui.driver.DriverFactory.getWebDriver(): null

2019-01-08 19:34:10 - [TEST_STEP][PASSED] - Statement - driver.manage().timeouts().implicitlyWait(10, SECONDS): null

2019-01-08 19:34:10 - [TEST_STEP][PASSED] - Statement - PresavePath = KatalonScreenshots: null

2019-01-08 19:34:10 - [TEST_STEP][PASSED] - Statement - pathPrefix = "C:\Users\Public\Pictures\Sample Pictures\Katalon Screenshots\Automate Ending Screen": null

2019-01-08 19:34:10 - [TEST_STEP][PASSED] - Statement - finalPath = <not implemented yet for class: org.codehaus.groovy.ast.expr.EmptyExpression>: null

2019-01-08 19:34:10 - [TEST_STEP][PASSED] - Statement - scrFile = driver.getScreenshotAs(FILE): null

2019-01-08 19:34:11 - [TEST_STEP][PASSED] - Statement - PreSaveFile = new java.io.File(PresavePath): null

2019-01-08 19:34:11 - [TEST_STEP][PASSED] - Statement - counter = 0: null

2019-01-08 19:34:11 - [TEST_STEP][PASSED] - Statement - If (PreSaveFile.exists()): null

2019-01-08 19:34:11 - [TEST_STEP][PASSED] - Statement - While (PreSaveFile.exists()): null

2019-01-08 19:34:11 - [TEST_STEP][PASSED] - Statement - counter = counter + 1: null

2019-01-08 19:34:11 - [TEST_STEP][PASSED] - Statement - PreSaveFile = new java.io.File(((pathPrefix + java.lang.Integer.toString(counter)) + .png)): null

2019-01-08 19:34:11 - [TEST_STEP][PASSED] - Statement - counter = counter + 1: null

2019-01-08 19:34:11 - [TEST_STEP][PASSED] - Statement - PreSaveFile = new java.io.File(((pathPrefix + java.lang.Integer.toString(counter)) + .png)): null

2019-01-08 19:34:11 - [TEST_STEP][PASSED] - Statement - counter = counter + 1: null

2019-01-08 19:34:11 - [TEST_STEP][PASSED] - Statement - PreSaveFile = new java.io.File(((pathPrefix + java.lang.Integer.toString(counter)) + .png)): null

2019-01-08 19:34:11 - [TEST_STEP][PASSED] - Statement - counter = counter + 1: null

2019-01-08 19:34:11 - [TEST_STEP][PASSED] - Statement - PreSaveFile = new java.io.File(((pathPrefix + java.lang.Integer.toString(counter)) + .png)): null

2019-01-08 19:34:11 - [TEST_STEP][PASSED] - Statement - counter = counter + 1: null

2019-01-08 19:34:11 - [TEST_STEP][PASSED] - Statement - PreSaveFile = new java.io.File(((pathPrefix + java.lang.Integer.toString(counter)) + .png)): null

2019-01-08 19:34:11 - [TEST_STEP][PASSED] - Statement - counter = counter + 1: null

2019-01-08 19:34:11 - [TEST_STEP][PASSED] - Statement - PreSaveFile = new java.io.File(((pathPrefix + java.lang.Integer.toString(counter)) + .png)): null

2019-01-08 19:34:11 - [TEST_STEP][PASSED] - Statement - counter = counter + 1: null

2019-01-08 19:34:11 - [TEST_STEP][PASSED] - Statement - PreSaveFile = new java.io.File(((pathPrefix + java.lang.Integer.toString(counter)) + .png)): null

2019-01-08 19:34:11 - [TEST_STEP][PASSED] - Statement - counter = counter + 1: null

2019-01-08 19:34:11 - [TEST_STEP][PASSED] - Statement - PreSaveFile = new java.io.File(((pathPrefix + java.lang.Integer.toString(counter)) + .png)): null

2019-01-08 19:34:11 - [TEST_STEP][PASSED] - Statement - counter = counter + 1: null

2019-01-08 19:34:11 - [TEST_STEP][PASSED] - Statement - PreSaveFile = new java.io.File(((pathPrefix + java.lang.Integer.toString(counter)) + .png)): null

2019-01-08 19:34:11 - [TEST_STEP][PASSED] - Statement - counter = counter + 1: null

2019-01-08 19:34:11 - [TEST_STEP][PASSED] - Statement - PreSaveFile = new java.io.File(((pathPrefix + java.lang.Integer.toString(counter)) + .png)): null

2019-01-08 19:34:11 - [TEST_STEP][PASSED] - Statement - counter = counter + 1: null

2019-01-08 19:34:11 - [TEST_STEP][PASSED] - Statement - PreSaveFile = new java.io.File(((pathPrefix + java.lang.Integer.toString(counter)) + .png)): null

2019-01-08 19:34:11 - [TEST_STEP][PASSED] - Statement - counter = counter + 1: null

2019-01-08 19:34:11 - [TEST_STEP][PASSED] - Statement - PreSaveFile = new java.io.File(((pathPrefix + java.lang.Integer.toString(counter)) + .png)): null

2019-01-08 19:34:11 - [TEST_STEP][PASSED] - Statement - counter = counter + 1: null

2019-01-08 19:34:11 - [TEST_STEP][PASSED] - Statement - PreSaveFile = new java.io.File(((pathPrefix + java.lang.Integer.toString(counter)) + .png)): null

2019-01-08 19:34:11 - [TEST_STEP][PASSED] - Statement - counter = counter + 1: null

2019-01-08 19:34:11 - [TEST_STEP][PASSED] - Statement - PreSaveFile = new java.io.File(((pathPrefix + java.lang.Integer.toString(counter)) + .png)): null

2019-01-08 19:34:11 - [TEST_STEP][PASSED] - Statement - counter = counter + 1: null

2019-01-08 19:34:11 - [TEST_STEP][PASSED] - Statement - PreSaveFile = new java.io.File(((pathPrefix + java.lang.Integer.toString(counter)) + .png)): null

2019-01-08 19:34:11 - [TEST_STEP][PASSED] - Statement - counter = counter + 1: null

2019-01-08 19:34:11 - [TEST_STEP][PASSED] - Statement - PreSaveFile = new java.io.File(((pathPrefix + java.lang.Integer.toString(counter)) + .png)): null

2019-01-08 19:34:11 - [TEST_STEP][PASSED] - Statement - counter = counter + 1: null

2019-01-08 19:34:11 - [TEST_STEP][PASSED] - Statement - PreSaveFile = new java.io.File(((pathPrefix + java.lang.Integer.toString(counter)) + .png)): null

2019-01-08 19:34:11 - [TEST_STEP][PASSED] - Statement - counter = counter + 1: null

2019-01-08 19:34:11 - [TEST_STEP][PASSED] - Statement - PreSaveFile = new java.io.File(((pathPrefix + java.lang.Integer.toString(counter)) + .png)): null

2019-01-08 19:34:11 - [TEST_STEP][PASSED] - Statement - counter = counter + 1: null

2019-01-08 19:34:11 - [TEST_STEP][PASSED] - Statement - PreSaveFile = new java.io.File(((pathPrefix + java.lang.Integer.toString(counter)) + .png)): null

2019-01-08 19:34:11 - [TEST_STEP][PASSED] - Statement - counter = counter + 1: null

2019-01-08 19:34:11 - [TEST_STEP][PASSED] - Statement - PreSaveFile = new java.io.File(((pathPrefix + java.lang.Integer.toString(counter)) + .png)): null

2019-01-08 19:34:11 - [TEST_STEP][PASSED] - Statement - counter = counter + 1: null

2019-01-08 19:34:11 - [TEST_STEP][PASSED] - Statement - PreSaveFile = new java.io.File(((pathPrefix + java.lang.Integer.toString(counter)) + .png)): null

2019-01-08 19:34:11 - [TEST_STEP][PASSED] - Statement - counter = counter + 1: null

2019-01-08 19:34:11 - [TEST_STEP][PASSED] - Statement - PreSaveFile = new java.io.File(((pathPrefix + java.lang.Integer.toString(counter)) + .png)): null

2019-01-08 19:34:11 - [TEST_STEP][PASSED] - Statement - counter = counter + 1: null

2019-01-08 19:34:11 - [TEST_STEP][PASSED] - Statement - PreSaveFile = new java.io.File(((pathPrefix + java.lang.Integer.toString(counter)) + .png)): null

2019-01-08 19:34:11 - [TEST_STEP][PASSED] - Statement - counter = counter + 1: null

2019-01-08 19:34:11 - [TEST_STEP][PASSED] - Statement - PreSaveFile = new java.io.File(((pathPrefix + java.lang.Integer.toString(counter)) + .png)): null

2019-01-08 19:34:11 - [TEST_STEP][PASSED] - Statement - counter = counter + 1: null

2019-01-08 19:34:11 - [TEST_STEP][PASSED] - Statement - PreSaveFile = new java.io.File(((pathPrefix + java.lang.Integer.toString(counter)) + .png)): null

2019-01-08 19:34:11 - [TEST_STEP][PASSED] - Statement - counter = counter + 1: null

2019-01-08 19:34:11 - [TEST_STEP][PASSED] - Statement - PreSaveFile = new java.io.File(((pathPrefix + java.lang.Integer.toString(counter)) + .png)): null

2019-01-08 19:34:11 - [TEST_STEP][PASSED] - Statement - counter = counter + 1: null

2019-01-08 19:34:11 - [TEST_STEP][PASSED] - Statement - PreSaveFile = new java.io.File(((pathPrefix + java.lang.Integer.toString(counter)) + .png)): null

2019-01-08 19:34:11 - [TEST_STEP][PASSED] - Statement - counter = counter + 1: null

2019-01-08 19:34:11 - [TEST_STEP][PASSED] - Statement - PreSaveFile = new java.io.File(((pathPrefix + java.lang.Integer.toString(counter)) + .png)): null

2019-01-08 19:34:11 - [TEST_STEP][PASSED] - Statement - counter = counter + 1: null

2019-01-08 19:34:11 - [TEST_STEP][PASSED] - Statement - PreSaveFile = new java.io.File(((pathPrefix + java.lang.Integer.toString(counter)) + .png)): null

2019-01-08 19:34:11 - [TEST_STEP][PASSED] - Statement - counter = counter + 1: null

2019-01-08 19:34:11 - [TEST_STEP][PASSED] - Statement - PreSaveFile = new java.io.File(((pathPrefix + java.lang.Integer.toString(counter)) + .png)): null

2019-01-08 19:34:11 - [TEST_STEP][PASSED] - Statement - counter = counter + 1: null

2019-01-08 19:34:11 - [TEST_STEP][PASSED] - Statement - PreSaveFile = new java.io.File(((pathPrefix + java.lang.Integer.toString(counter)) + .png)): null

2019-01-08 19:34:11 - [TEST_STEP][PASSED] - Statement - counter = counter + 1: null

2019-01-08 19:34:11 - [TEST_STEP][PASSED] - Statement - PreSaveFile = new java.io.File(((pathPrefix + java.lang.Integer.toString(counter)) + .png)): null

2019-01-08 19:34:11 - [TEST_STEP][PASSED] - Statement - counter = counter + 1: null

2019-01-08 19:34:11 - [TEST_STEP][PASSED] - Statement - PreSaveFile = new java.io.File(((pathPrefix + java.lang.Integer.toString(counter)) + .png)): null

2019-01-08 19:34:11 - [TEST_STEP][PASSED] - Statement - counter = counter + 1: null

2019-01-08 19:34:11 - [TEST_STEP][PASSED] - Statement - PreSaveFile = new java.io.File(((pathPrefix + java.lang.Integer.toString(counter)) + .png)): null

2019-01-08 19:34:11 - [TEST_STEP][PASSED] - Statement - counter = counter + 1: null

2019-01-08 19:34:11 - [TEST_STEP][PASSED] - Statement - PreSaveFile = new java.io.File(((pathPrefix + java.lang.Integer.toString(counter)) + .png)): null

2019-01-08 19:34:11 - [TEST_STEP][PASSED] - Statement - counter = counter + 1: null

2019-01-08 19:34:11 - [TEST_STEP][PASSED] - Statement - PreSaveFile = new java.io.File(((pathPrefix + java.lang.Integer.toString(counter)) + .png)): null

2019-01-08 19:34:11 - [TEST_STEP][PASSED] - Statement - finalPath = pathPrefix + java.lang.Integer.toString(counter) + ".png": null

2019-01-08 19:34:11 - [TEST_STEP][PASSED] - Statement - SaveFile = new java.io.File(finalPath): null

2019-01-08 19:34:11 - [TEST_STEP][PASSED] - Statement - Try: null

2019-01-08 19:34:11 - [TEST_STEP][PASSED] - Statement - org.apache.commons.io.FileUtils.copyFile(scrFile, SaveFile): null

2019-01-08 19:34:11 - [TEST_STEP][PASSED] - Statement - out.println("file kept"): null

2019-01-08 19:34:11 - [TEST_STEP][PASSED] - delay: Delayed 10 second(s)

2019-01-08 19:34:21 - [MESSAGE][PASSED] - Delayed 10 second(s)

2019-01-08 19:34:21 - [MESSAGE][PASSED] - Call Test Case 'Test Cases/Final Aug 2018 - PKS Automation/Registration Module/New Registration/Submit and Screenshot/Submit Registration and Screenshot' successfully]]></system-out>
         <system-err><![CDATA[]]></system-err>
      </testcase>
      <testcase name="Test Cases/Final Aug 2018 - PKS Automation/Registration Module/Critical Path/Update Add New Employee/Update Add New Employee With Eligible Employee" classname="Test Cases/Final Aug 2018 - PKS Automation/Registration Module/Critical Path/Update Add New Employee/Update Add New Employee With Eligible Employee" status="PASSED">
         <system-out><![CDATA[2019-01-08 19:34:21 - [TEST_CASE][PASSED] - Test Cases/Final Aug 2018 - PKS Automation/Registration Module/Critical Path/Update Add New Employee/Update Add New Employee With Eligible Employee: Test Cases/Final Aug 2018 - PKS Automation/Registration Module/Critical Path/Update Add New Employee/Update Add New Employee With Eligible Employee

2019-01-08 19:34:21 - [TEST_STEP][PASSED] - openBrowser: Browser is opened with url: ''

2019-01-08 19:34:21 - [MESSAGE][WARNING] - A browser is already opened. Closing browser and opening a new one

2019-01-08 19:34:24 - [MESSAGE][PASSED] - Browser is opened with url: ''

2019-01-08 19:34:24 - [TEST_STEP][PASSED] - navigateToUrl: Navigate to 'https://assist2-uat.perkeso.gov.my/login' successfully

2019-01-08 19:34:25 - [MESSAGE][PASSED] - Navigate to 'https://assist2-uat.perkeso.gov.my/login' successfully

2019-01-08 19:34:25 - [TEST_STEP][PASSED] - callTestCase: Call Test Case 'Test Cases/Final Aug 2018 - PKS Automation/Registration Module/New Registration/Form 2/Date Updater' successfully

2019-01-08 19:34:25 - [TEST_CASE][PASSED] - Test Cases/Final Aug 2018 - PKS Automation/Registration Module/New Registration/Form 2/Date Updater: Test Cases/Final Aug 2018 - PKS Automation/Registration Module/New Registration/Form 2/Date Updater

2019-01-08 19:34:25 - [TEST_STEP][PASSED] - Statement - TodayDate = new java.util.Date(): null

2019-01-08 19:34:25 - [TEST_STEP][PASSED] - Statement - CurrentDateNoFilter = new java.text.SimpleDateFormat(): null

2019-01-08 19:34:25 - [TEST_STEP][PASSED] - Statement - CurrentDateNoFilter.applyPattern("MM"): null

2019-01-08 19:34:25 - [TEST_STEP][PASSED] - Statement - monthContainerMatcher = java.lang.Integer.parseInt(CurrentDateNoFilter.format(TodayDate)): null

2019-01-08 19:34:25 - [TEST_STEP][PASSED] - Statement - monthContainerMatcher = monthContainerMatcher - 1: null

2019-01-08 19:34:25 - [TEST_STEP][PASSED] - Statement - CurrentMonth = monthContainerMatcher.toString(): null

2019-01-08 19:34:25 - [TEST_STEP][PASSED] - Statement - CurrentMonth = CurrentMonth: null

2019-01-08 19:34:25 - [TEST_STEP][PASSED] - Statement - CurrentDateNoFilter.applyPattern("yyyy"): null

2019-01-08 19:34:25 - [TEST_STEP][PASSED] - Statement - CurrentYear = CurrentDateNoFilter.format(TodayDate): null

2019-01-08 19:34:25 - [TEST_STEP][PASSED] - Statement - CurrentYear = CurrentYear: null

2019-01-08 19:34:25 - [TEST_STEP][PASSED] - Statement - intCurrentYear = java.lang.Integer.parseInt(CurrentDateNoFilter.format(TodayDate)): null

2019-01-08 19:34:25 - [TEST_STEP][PASSED] - Statement - eighteenYrsAgo = intCurrentYear - 18: null

2019-01-08 19:34:25 - [TEST_STEP][PASSED] - Statement - eighteenYrsBeforeThisYr = eighteenYrsAgo.toString(): null

2019-01-08 19:34:25 - [TEST_STEP][PASSED] - Statement - EighteenYrsBefore = eighteenYrsBeforeThisYr: null

2019-01-08 19:34:25 - [TEST_STEP][PASSED] - Statement - fiftysevenYrsAgo = intCurrentYear - 57: null

2019-01-08 19:34:25 - [TEST_STEP][PASSED] - Statement - fiftysevenYrsBeforeThisYr = fiftysevenYrsAgo.toString(): null

2019-01-08 19:34:25 - [TEST_STEP][PASSED] - Statement - FiftysevenYrsBefore = fiftysevenYrsBeforeThisYr: null

2019-01-08 19:34:25 - [TEST_STEP][PASSED] - Statement - leapYear = false: null

2019-01-08 19:34:25 - [TEST_STEP][PASSED] - Statement - leapYear = intCurrentYear % 4 == 0: null

2019-01-08 19:34:25 - [TEST_STEP][PASSED] - Statement - CurrentDateNoFilter.applyPattern("dd"): null

2019-01-08 19:34:25 - [TEST_STEP][PASSED] - Statement - CurrentDate = CurrentDateNoFilter.format(TodayDate): null

2019-01-08 19:34:25 - [TEST_STEP][PASSED] - Statement - CurrentDate = java.lang.Integer.parseInt(CurrentDate): null

2019-01-08 19:34:25 - [TEST_STEP][PASSED] - Statement - CurrentDate = CurrentDate: null

2019-01-08 19:34:25 - [TEST_STEP][PASSED] - Statement - CurrentDay = java.lang.Integer.parseInt(CurrentDate): null

2019-01-08 19:34:25 - [TEST_STEP][PASSED] - Statement - ConfAdder = <not implemented yet for class: org.codehaus.groovy.ast.expr.EmptyExpression>: null

2019-01-08 19:34:25 - [TEST_STEP][PASSED] - Statement - out.println(CurrentMonth): null

2019-01-08 19:34:25 - [TEST_STEP][PASSED] - Statement - out.println(CurrentDate): null

2019-01-08 19:34:25 - [TEST_STEP][PASSED] - Statement - switch (CurrentDate): null

2019-01-08 19:34:25 - [TEST_STEP][PASSED] - Statement - Default: null

2019-01-08 19:34:25 - [TEST_STEP][PASSED] - Statement - ConfAdder = true: null

2019-01-08 19:34:25 - [TEST_STEP][PASSED] - Statement - Break: null

2019-01-08 19:34:25 - [TEST_STEP][PASSED] - Statement - aDayBefore = <not implemented yet for class: org.codehaus.groovy.ast.expr.EmptyExpression>: null

2019-01-08 19:34:25 - [TEST_STEP][PASSED] - Statement - out.println(ConfAdder): null

2019-01-08 19:34:25 - [TEST_STEP][PASSED] - Statement - If (ConfAdder == true): null

2019-01-08 19:34:25 - [TEST_STEP][PASSED] - Statement - aDayBefore = CurrentDay + 1: null

2019-01-08 19:34:25 - [TEST_STEP][PASSED] - Statement - out.println(aDayBefore): null

2019-01-08 19:34:25 - [TEST_STEP][PASSED] - Statement - If (aDayBefore == 1 && CurrentMonth == 11): null

2019-01-08 19:34:25 - [TEST_STEP][PASSED] - Statement - DayBefore = aDayBefore.toString(): null

2019-01-08 19:34:25 - [TEST_STEP][PASSED] - Statement - OneDayBefore = DayBefore: null

2019-01-08 19:34:25 - [MESSAGE][PASSED] - Call Test Case 'Test Cases/Final Aug 2018 - PKS Automation/Registration Module/New Registration/Form 2/Date Updater' successfully

2019-01-08 19:34:25 - [TEST_STEP][PASSED] - delay: Delayed 2 second(s)

2019-01-08 19:34:27 - [MESSAGE][PASSED] - Delayed 2 second(s)

2019-01-08 19:34:27 - [TEST_STEP][PASSED] - setText: Text 'klotc2@gmail.com' is set on object 'Object Repository/Final Object Repo/Page_Update Add New Employee - ASSIST/Email TextBox'

2019-01-08 19:34:27 - [MESSAGE][PASSED] - Text 'klotc2@gmail.com' is set on object 'Object Repository/Final Object Repo/Page_Update Add New Employee - ASSIST/Email TextBox'

2019-01-08 19:34:27 - [TEST_STEP][PASSED] - click: Object: 'Object Repository/Final Object Repo/Page_Update Add New Employee - ASSIST/Next Button' is clicked on

2019-01-08 19:34:28 - [MESSAGE][PASSED] - Object: 'Object Repository/Final Object Repo/Page_Update Add New Employee - ASSIST/Next Button' is clicked on

2019-01-08 19:34:28 - [TEST_STEP][PASSED] - delay: Delayed 2 second(s)

2019-01-08 19:34:30 - [MESSAGE][PASSED] - Delayed 2 second(s)

2019-01-08 19:34:30 - [TEST_STEP][PASSED] - setText: Text 'Test1@3456789' is set on object 'Object Repository/Final Object Repo/Page_Update Add New Employee - ASSIST/Password TextBox'

2019-01-08 19:34:30 - [MESSAGE][PASSED] - Text 'Test1@3456789' is set on object 'Object Repository/Final Object Repo/Page_Update Add New Employee - ASSIST/Password TextBox'

2019-01-08 19:34:30 - [TEST_STEP][PASSED] - delay: Delayed 2 second(s)

2019-01-08 19:34:32 - [MESSAGE][PASSED] - Delayed 2 second(s)

2019-01-08 19:34:32 - [TEST_STEP][PASSED] - click: Object: 'Object Repository/Final Object Repo/Page_Update Add New Employee - ASSIST/Login Button' is clicked on

2019-01-08 19:34:32 - [MESSAGE][PASSED] - Object: 'Object Repository/Final Object Repo/Page_Update Add New Employee - ASSIST/Login Button' is clicked on

2019-01-08 19:34:32 - [TEST_STEP][PASSED] - Statement - Try: null

2019-01-08 19:34:32 - [TEST_STEP][PASSED] - Statement - Checker = com.kms.katalon.core.webui.keyword.WebUiBuiltInKeywords.verifyElementNotPresent("Final Object Repo/Landing Page/Select to English", 3): null

2019-01-08 19:34:32 - [TEST_STEP][PASSED] - Statement - Catch (Exception e): null

2019-01-08 19:34:32 - [TEST_STEP][PASSED] - Statement - e.printStackTrace(): null

2019-01-08 19:34:32 - [TEST_STEP][PASSED] - delay: Delayed 5 second(s)

2019-01-08 19:34:37 - [MESSAGE][PASSED] - Delayed 5 second(s)

2019-01-08 19:34:37 - [TEST_STEP][PASSED] - click: Object: 'Object Repository/Final Object Repo/Page_Update Add New Employee - ASSIST/My Sites Drop Down' is clicked on

2019-01-08 19:34:37 - [MESSAGE][PASSED] - Object: 'Object Repository/Final Object Repo/Page_Update Add New Employee - ASSIST/My Sites Drop Down' is clicked on

2019-01-08 19:34:37 - [TEST_STEP][PASSED] - click: Object: 'Object Repository/Final Object Repo/Page_Update Add New Employee - ASSIST/Select to Registration Module' is clicked on

2019-01-08 19:34:38 - [MESSAGE][PASSED] - Object: 'Object Repository/Final Object Repo/Page_Update Add New Employee - ASSIST/Select to Registration Module' is clicked on

2019-01-08 19:34:38 - [TEST_STEP][PASSED] - navigateToUrl: Navigate to 'https://assist2-uat.perkeso.gov.my/web/registration/myassist' successfully

2019-01-08 19:34:39 - [MESSAGE][PASSED] - Navigate to 'https://assist2-uat.perkeso.gov.my/web/registration/myassist' successfully

2019-01-08 19:34:39 - [TEST_STEP][PASSED] - mouseOver: Object: 'Object Repository/Final Object Repo/Page_Update Add New Employee - ASSIST/Select to Update Akta 4 Tab' is hovered

2019-01-08 19:34:39 - [MESSAGE][PASSED] - Object: 'Object Repository/Final Object Repo/Page_Update Add New Employee - ASSIST/Select to Update Akta 4 Tab' is hovered

2019-01-08 19:34:39 - [TEST_STEP][PASSED] - delay: Delayed 2 second(s)

2019-01-08 19:34:41 - [MESSAGE][PASSED] - Delayed 2 second(s)

2019-01-08 19:34:41 - [TEST_STEP][PASSED] - click: Object: 'Object Repository/Final Object Repo/Page_Update Add New Employee - ASSIST/Select to Update Add New Employee' is clicked on

2019-01-08 19:34:42 - [MESSAGE][PASSED] - Object: 'Object Repository/Final Object Repo/Page_Update Add New Employee - ASSIST/Select to Update Add New Employee' is clicked on

2019-01-08 19:34:42 - [TEST_STEP][PASSED] - delay: Delayed 2 second(s)

2019-01-08 19:34:44 - [MESSAGE][PASSED] - Delayed 2 second(s)

2019-01-08 19:34:44 - [TEST_STEP][PASSED] - setText: Text 'E1102069801V' is set on object 'Object Repository/Final Object Repo/Page_Update Add New Employee - ASSIST/Employer Code input textbox'

2019-01-08 19:34:44 - [MESSAGE][PASSED] - Text 'E1102069801V' is set on object 'Object Repository/Final Object Repo/Page_Update Add New Employee - ASSIST/Employer Code input textbox'

2019-01-08 19:34:44 - [TEST_STEP][PASSED] - delay: Delayed 2 second(s)

2019-01-08 19:34:46 - [MESSAGE][PASSED] - Delayed 2 second(s)

2019-01-08 19:34:46 - [TEST_STEP][PASSED] - click: Object: 'Object Repository/Final Object Repo/Page_Update Add New Employee - ASSIST/Search Button for Employer Code' is clicked on

2019-01-08 19:34:47 - [MESSAGE][PASSED] - Object: 'Object Repository/Final Object Repo/Page_Update Add New Employee - ASSIST/Search Button for Employer Code' is clicked on

2019-01-08 19:34:47 - [TEST_STEP][PASSED] - delay: Delayed 4 second(s)

2019-01-08 19:34:51 - [MESSAGE][PASSED] - Delayed 4 second(s)

2019-01-08 19:34:51 - [TEST_STEP][PASSED] - click: Object: 'Object Repository/Final Object Repo/Page_Update Add New Employee - ASSIST/Click to Edit Case' is clicked on

2019-01-08 19:34:54 - [MESSAGE][PASSED] - Object: 'Object Repository/Final Object Repo/Page_Update Add New Employee - ASSIST/Click to Edit Case' is clicked on

2019-01-08 19:34:54 - [TEST_STEP][PASSED] - callTestCase: Call Test Case 'Test Cases/Final Aug 2018 - PKS Automation/Registration Module/Workflow/Update Add New Employee/Template/Employee Adding/Employee Adding Action No Repeat IC' successfully

2019-01-08 19:34:54 - [TEST_CASE][PASSED] - Test Cases/Final Aug 2018 - PKS Automation/Registration Module/Workflow/Update Add New Employee/Template/Employee Adding/Employee Adding Action No Repeat IC: Test Cases/Final Aug 2018 - PKS Automation/Registration Module/Workflow/Update Add New Employee/Template/Employee Adding/Employee Adding Action No Repeat IC

2019-01-08 19:34:54 - [TEST_STEP][PASSED] - delay: Delayed 4 second(s)

2019-01-08 19:34:58 - [MESSAGE][PASSED] - Delayed 4 second(s)

2019-01-08 19:34:58 - [TEST_STEP][PASSED] - click: Object: 'Object Repository/Final Object Repo/Page_Update Add New Employee - ASSIST/Add Employee Button' is clicked on

2019-01-08 19:34:58 - [MESSAGE][PASSED] - Object: 'Object Repository/Final Object Repo/Page_Update Add New Employee - ASSIST/Add Employee Button' is clicked on

2019-01-08 19:34:58 - [TEST_STEP][PASSED] - delay: Delayed 3 second(s)

2019-01-08 19:35:01 - [MESSAGE][PASSED] - Delayed 3 second(s)

2019-01-08 19:35:01 - [TEST_STEP][PASSED] - Statement - While (com.kms.katalon.core.webui.keyword.WebUiBuiltInKeywords.verifyElementNotVisible(com.kms.katalon.core.testobject.ObjectRepository.findTestObject(Final Object Repo/Page_Update Add New Employee - ASSIST/No Duplicate Employee Cross), OPTIONAL)): Object 'Object Repository/Final Object Repo/Page_Update Add New Employee - ASSIST/No Duplicate Employee Cross' is visible

2019-01-08 19:35:01 - [MESSAGE][PASSED] - Object 'Object Repository/Final Object Repo/Page_Update Add New Employee - ASSIST/No Duplicate Employee Cross' is NOT visible

2019-01-08 19:35:01 - [TEST_STEP][PASSED] - callTestCase: Call Test Case 'Test Cases/Final Aug 2018 - PKS Automation/Common/IC Generator' successfully

2019-01-08 19:35:01 - [TEST_CASE][PASSED] - Test Cases/Final Aug 2018 - PKS Automation/Common/IC Generator: Test Cases/Final Aug 2018 - PKS Automation/Common/IC Generator

2019-01-08 19:35:02 - [TEST_STEP][PASSED] - Statement - rnd = new java.util.Random(): null

2019-01-08 19:35:02 - [TEST_STEP][PASSED] - Statement - snum = rnd.nextInt(899999 + 1) + 100000: null

2019-01-08 19:35:02 - [TEST_STEP][PASSED] - Statement - tnum = rnd.nextInt(899999 + 1) + 100000: null

2019-01-08 19:35:02 - [TEST_STEP][PASSED] - Statement - IC = java.lang.Integer.toString(snum) + java.lang.Integer.toString(tnum): null

2019-01-08 19:35:02 - [TEST_STEP][PASSED] - Statement - ICtoAdd = IC: null

2019-01-08 19:35:02 - [TEST_STEP][PASSED] - Statement - out.println(ICtoAdd): null

2019-01-08 19:35:02 - [MESSAGE][PASSED] - Call Test Case 'Test Cases/Final Aug 2018 - PKS Automation/Common/IC Generator' successfully

2019-01-08 19:35:02 - [TEST_STEP][PASSED] - delay: Delayed 1 second(s)

2019-01-08 19:35:03 - [MESSAGE][PASSED] - Delayed 1 second(s)

2019-01-08 19:35:03 - [TEST_STEP][PASSED] - setText: Text '725504392202' is set on object 'Object Repository/Final Object Repo/Page_Update Add New Employee - ASSIST/NRIC Input'

2019-01-08 19:35:03 - [MESSAGE][PASSED] - Text '725504392202' is set on object 'Object Repository/Final Object Repo/Page_Update Add New Employee - ASSIST/NRIC Input'

2019-01-08 19:35:03 - [TEST_STEP][PASSED] - delay: Delayed 2 second(s)

2019-01-08 19:35:05 - [MESSAGE][PASSED] - Delayed 2 second(s)

2019-01-08 19:35:05 - [TEST_STEP][PASSED] - click: Object: 'Object Repository/Final Object Repo/Page_Update Add New Employee - ASSIST/button for search for IC' is clicked on

2019-01-08 19:35:05 - [MESSAGE][PASSED] - Object: 'Object Repository/Final Object Repo/Page_Update Add New Employee - ASSIST/button for search for IC' is clicked on

2019-01-08 19:35:05 - [TEST_STEP][PASSED] - delay: Object 'Object Repository/Final Object Repo/Page_Update Add New Employee - ASSIST/No Duplicate Employee Cross' is visible

2019-01-08 19:35:06 - [MESSAGE][PASSED] - Delayed 1 second(s)

2019-01-08 19:35:07 - [MESSAGE][WARNING] - Object 'Object Repository/Final Object Repo/Page_Update Add New Employee - ASSIST/No Duplicate Employee Cross' is visible
[[ATTACHMENT|C:\\Users\\Admin\\Desktop\\PKS\\Perkeso Phase A\\Reports\\Critical Path\\20190108_174022\\1546947306750.png]]

2019-01-08 19:35:07 - [TEST_STEP][PASSED] - delay: Delayed 2 second(s)

2019-01-08 19:35:09 - [MESSAGE][PASSED] - Delayed 2 second(s)

2019-01-08 19:35:09 - [TEST_STEP][PASSED] - setText: Text 'Automate002 eligible 1' is set on object 'Object Repository/Final Object Repo/Page_Update Add New Employee - ASSIST/Employee Name Input'

2019-01-08 19:35:09 - [MESSAGE][PASSED] - Text 'Automate002 eligible 1' is set on object 'Object Repository/Final Object Repo/Page_Update Add New Employee - ASSIST/Employee Name Input'

2019-01-08 19:35:09 - [TEST_STEP][PASSED] - delay: Delayed 2 second(s)

2019-01-08 19:35:11 - [MESSAGE][PASSED] - Delayed 2 second(s)

2019-01-08 19:35:11 - [TEST_STEP][PASSED] - click: Object: 'Object Repository/Final Object Repo/Page_Update Add New Employee - ASSIST/DatePicker Pop Up' is clicked on

2019-01-08 19:35:11 - [MESSAGE][PASSED] - Object: 'Object Repository/Final Object Repo/Page_Update Add New Employee - ASSIST/DatePicker Pop Up' is clicked on

2019-01-08 19:35:11 - [TEST_STEP][PASSED] - click: Object: 'Object Repository/Final Object Repo/Page_Update Add New Employee - ASSIST/DOB Month' is clicked on

2019-01-08 19:35:12 - [MESSAGE][PASSED] - Object: 'Object Repository/Final Object Repo/Page_Update Add New Employee - ASSIST/DOB Month' is clicked on

2019-01-08 19:35:12 - [TEST_STEP][PASSED] - Statement - CurrentMonth = CurrentMonth: null

2019-01-08 19:35:12 - [TEST_STEP][PASSED] - Statement - selectMonth = new com.kms.katalon.core.testobject.TestObject(): null

2019-01-08 19:35:12 - [TEST_STEP][PASSED] - Statement - selectMonth.addProperty("xpath", EQUALS, "//body/div/div/div/select/option[@value='" + CurrentMonth + "']", true): null

2019-01-08 19:35:12 - [TEST_STEP][PASSED] - click: Object: '' is clicked on

2019-01-08 19:35:12 - [MESSAGE][PASSED] - Object: '' is clicked on

2019-01-08 19:35:12 - [TEST_STEP][PASSED] - click: Object: 'Object Repository/Final Object Repo/Page_Update Add New Employee - ASSIST/DOB Year' is clicked on

2019-01-08 19:35:12 - [MESSAGE][PASSED] - Object: 'Object Repository/Final Object Repo/Page_Update Add New Employee - ASSIST/DOB Year' is clicked on

2019-01-08 19:35:12 - [TEST_STEP][PASSED] - Statement - Eyearsbf = EighteenYrsBefore: null

2019-01-08 19:35:12 - [TEST_STEP][PASSED] - Statement - selectYear = new com.kms.katalon.core.testobject.TestObject(): null

2019-01-08 19:35:12 - [TEST_STEP][PASSED] - Statement - selectYear.addProperty("xpath", EQUALS, "//div/div/div/select/option[@value='" + Eyearsbf + "']", true): null

2019-01-08 19:35:12 - [TEST_STEP][PASSED] - click: Object: '' is clicked on

2019-01-08 19:35:12 - [MESSAGE][PASSED] - Object: '' is clicked on

2019-01-08 19:35:12 - [TEST_STEP][PASSED] - Statement - UpdatedSelectDate = com.kms.katalon.core.webui.keyword.WebUiBuiltInKeywords.modifyObjectProperty(com.kms.katalon.core.testobject.ObjectRepository.findTestObject(Final Object Repo/Page_Update Add New Employee - ASSIST/DOB Date), "xpath", "equals", "//body/div/table/tbody/tr/td/a[text()="" + CurrentDate + ""]", true): Modify property of object successfully

2019-01-08 19:35:12 - [MESSAGE][PASSED] - Modify property of object successfully

2019-01-08 19:35:12 - [TEST_STEP][PASSED] - delay: Delayed 3 second(s)

2019-01-08 19:35:15 - [MESSAGE][PASSED] - Delayed 3 second(s)

2019-01-08 19:35:15 - [TEST_STEP][PASSED] - click: Object: 'Object Repository/Final Object Repo/Page_Update Add New Employee - ASSIST/DOB Date' is clicked on

2019-01-08 19:35:15 - [MESSAGE][PASSED] - Object: 'Object Repository/Final Object Repo/Page_Update Add New Employee - ASSIST/DOB Date' is clicked on

2019-01-08 19:35:15 - [TEST_STEP][PASSED] - delay: Delayed 2 second(s)

2019-01-08 19:35:17 - [MESSAGE][PASSED] - Delayed 2 second(s)

2019-01-08 19:35:17 - [TEST_STEP][PASSED] - click: Object: 'Object Repository/Final Object Repo/Page_Update Add New Employee - ASSIST/EmploymentStartDate Pop Up' is clicked on

2019-01-08 19:35:17 - [MESSAGE][PASSED] - Object: 'Object Repository/Final Object Repo/Page_Update Add New Employee - ASSIST/EmploymentStartDate Pop Up' is clicked on

2019-01-08 19:35:17 - [TEST_STEP][PASSED] - delay: Delayed 2 second(s)

2019-01-08 19:35:19 - [MESSAGE][PASSED] - Delayed 2 second(s)

2019-01-08 19:35:19 - [TEST_STEP][PASSED] - click: Object: 'Object Repository/Final Object Repo/Page_Update Add New Employee - ASSIST/Socso Employment StartDate Month' is clicked on

2019-01-08 19:35:19 - [MESSAGE][PASSED] - Object: 'Object Repository/Final Object Repo/Page_Update Add New Employee - ASSIST/Socso Employment StartDate Month' is clicked on

2019-01-08 19:35:19 - [TEST_STEP][PASSED] - delay: Delayed 1 second(s)

2019-01-08 19:35:20 - [MESSAGE][PASSED] - Delayed 1 second(s)

2019-01-08 19:35:20 - [TEST_STEP][PASSED] - click: Object: 'Object Repository/Final Object Repo/Page_Update Add New Employee - ASSIST/Select Socso Employement Startdate Month' is clicked on

2019-01-08 19:35:21 - [MESSAGE][PASSED] - Object: 'Object Repository/Final Object Repo/Page_Update Add New Employee - ASSIST/Select Socso Employement Startdate Month' is clicked on

2019-01-08 19:35:21 - [TEST_STEP][PASSED] - delay: Delayed 2 second(s)

2019-01-08 19:35:23 - [MESSAGE][PASSED] - Delayed 2 second(s)

2019-01-08 19:35:23 - [TEST_STEP][PASSED] - click: Object: 'Object Repository/Final Object Repo/Page_Update Add New Employee - ASSIST/Socso Employment StartDate Year' is clicked on

2019-01-08 19:35:23 - [MESSAGE][PASSED] - Object: 'Object Repository/Final Object Repo/Page_Update Add New Employee - ASSIST/Socso Employment StartDate Year' is clicked on

2019-01-08 19:35:23 - [TEST_STEP][PASSED] - delay: Delayed 1 second(s)

2019-01-08 19:35:24 - [MESSAGE][PASSED] - Delayed 1 second(s)

2019-01-08 19:35:24 - [TEST_STEP][PASSED] - click: Object: 'Object Repository/Final Object Repo/Page_Update Add New Employee - ASSIST/Select Socso Employment Startdate Year' is clicked on

2019-01-08 19:35:24 - [MESSAGE][PASSED] - Object: 'Object Repository/Final Object Repo/Page_Update Add New Employee - ASSIST/Select Socso Employment Startdate Year' is clicked on

2019-01-08 19:35:24 - [TEST_STEP][PASSED] - delay: Delayed 2 second(s)

2019-01-08 19:35:26 - [MESSAGE][PASSED] - Delayed 2 second(s)

2019-01-08 19:35:26 - [TEST_STEP][PASSED] - click: Object: 'Object Repository/Final Object Repo/Page_Update Add New Employee - ASSIST/Socso Employment Start Date Day' is clicked on

2019-01-08 19:35:26 - [MESSAGE][PASSED] - Object: 'Object Repository/Final Object Repo/Page_Update Add New Employee - ASSIST/Socso Employment Start Date Day' is clicked on

2019-01-08 19:35:26 - [TEST_STEP][PASSED] - delay: Delayed 2 second(s)

2019-01-08 19:35:28 - [MESSAGE][PASSED] - Delayed 2 second(s)

2019-01-08 19:35:28 - [TEST_STEP][PASSED] - click: Object: 'Object Repository/Final Object Repo/Page_Update Add New Employee - ASSIST/Save Button for Add Employee' is clicked on

2019-01-08 19:35:28 - [MESSAGE][PASSED] - Object: 'Object Repository/Final Object Repo/Page_Update Add New Employee - ASSIST/Save Button for Add Employee' is clicked on

2019-01-08 19:35:28 - [TEST_STEP][PASSED] - delay: Delayed 20 second(s)

2019-01-08 19:35:48 - [MESSAGE][PASSED] - Delayed 20 second(s)

2019-01-08 19:35:48 - [TEST_STEP][PASSED] - click: Object: 'Object Repository/Final Object Repo/Page_Update Add New Employee - ASSIST/Add Employee Button' is clicked on

2019-01-08 19:35:48 - [MESSAGE][PASSED] - Object: 'Object Repository/Final Object Repo/Page_Update Add New Employee - ASSIST/Add Employee Button' is clicked on

2019-01-08 19:35:48 - [TEST_STEP][PASSED] - delay: Delayed 4 second(s)

2019-01-08 19:35:52 - [MESSAGE][PASSED] - Delayed 4 second(s)

2019-01-08 19:35:52 - [TEST_STEP][PASSED] - Statement - While (com.kms.katalon.core.webui.keyword.WebUiBuiltInKeywords.verifyElementNotVisible(com.kms.katalon.core.testobject.ObjectRepository.findTestObject(Final Object Repo/Page_Update Add New Employee - ASSIST/No Duplicate Employee Cross), OPTIONAL)): Object 'Object Repository/Final Object Repo/Page_Update Add New Employee - ASSIST/No Duplicate Employee Cross' is visible

2019-01-08 19:35:53 - [MESSAGE][PASSED] - Object 'Object Repository/Final Object Repo/Page_Update Add New Employee - ASSIST/No Duplicate Employee Cross' is NOT visible

2019-01-08 19:35:53 - [TEST_STEP][PASSED] - callTestCase: Call Test Case 'Test Cases/Final Aug 2018 - PKS Automation/Common/IC Generator' successfully

2019-01-08 19:35:53 - [TEST_CASE][PASSED] - Test Cases/Final Aug 2018 - PKS Automation/Common/IC Generator: Test Cases/Final Aug 2018 - PKS Automation/Common/IC Generator

2019-01-08 19:35:53 - [TEST_STEP][PASSED] - Statement - rnd = new java.util.Random(): null

2019-01-08 19:35:53 - [TEST_STEP][PASSED] - Statement - snum = rnd.nextInt(899999 + 1) + 100000: null

2019-01-08 19:35:53 - [TEST_STEP][PASSED] - Statement - tnum = rnd.nextInt(899999 + 1) + 100000: null

2019-01-08 19:35:53 - [TEST_STEP][PASSED] - Statement - IC = java.lang.Integer.toString(snum) + java.lang.Integer.toString(tnum): null

2019-01-08 19:35:53 - [TEST_STEP][PASSED] - Statement - ICtoAdd = IC: null

2019-01-08 19:35:53 - [TEST_STEP][PASSED] - Statement - out.println(ICtoAdd): null

2019-01-08 19:35:53 - [MESSAGE][PASSED] - Call Test Case 'Test Cases/Final Aug 2018 - PKS Automation/Common/IC Generator' successfully

2019-01-08 19:35:53 - [TEST_STEP][PASSED] - delay: Delayed 1 second(s)

2019-01-08 19:35:54 - [MESSAGE][PASSED] - Delayed 1 second(s)

2019-01-08 19:35:54 - [TEST_STEP][PASSED] - setText: Text '907194761973' is set on object 'Object Repository/Final Object Repo/Page_Update Add New Employee - ASSIST/NRIC Input'

2019-01-08 19:35:54 - [MESSAGE][PASSED] - Text '907194761973' is set on object 'Object Repository/Final Object Repo/Page_Update Add New Employee - ASSIST/NRIC Input'

2019-01-08 19:35:54 - [TEST_STEP][PASSED] - delay: Delayed 2 second(s)

2019-01-08 19:35:56 - [MESSAGE][PASSED] - Delayed 2 second(s)

2019-01-08 19:35:56 - [TEST_STEP][PASSED] - click: Object: 'Object Repository/Final Object Repo/Page_Update Add New Employee - ASSIST/button for search for IC' is clicked on

2019-01-08 19:35:56 - [MESSAGE][PASSED] - Object: 'Object Repository/Final Object Repo/Page_Update Add New Employee - ASSIST/button for search for IC' is clicked on

2019-01-08 19:35:56 - [TEST_STEP][PASSED] - delay: Object 'Object Repository/Final Object Repo/Page_Update Add New Employee - ASSIST/No Duplicate Employee Cross' is visible

2019-01-08 19:35:57 - [MESSAGE][PASSED] - Delayed 1 second(s)

2019-01-08 19:35:58 - [MESSAGE][WARNING] - Object 'Object Repository/Final Object Repo/Page_Update Add New Employee - ASSIST/No Duplicate Employee Cross' is visible
[[ATTACHMENT|C:\\Users\\Admin\\Desktop\\PKS\\Perkeso Phase A\\Reports\\Critical Path\\20190108_174022\\1546947357717.png]]

2019-01-08 19:35:58 - [TEST_STEP][PASSED] - delay: Delayed 2 second(s)

2019-01-08 19:36:00 - [MESSAGE][PASSED] - Delayed 2 second(s)

2019-01-08 19:36:00 - [TEST_STEP][PASSED] - setText: Text 'Automate002 eligible 2' is set on object 'Object Repository/Final Object Repo/Page_Update Add New Employee - ASSIST/Employee Name Input'

2019-01-08 19:36:00 - [MESSAGE][PASSED] - Text 'Automate002 eligible 2' is set on object 'Object Repository/Final Object Repo/Page_Update Add New Employee - ASSIST/Employee Name Input'

2019-01-08 19:36:00 - [TEST_STEP][PASSED] - delay: Delayed 3 second(s)

2019-01-08 19:36:03 - [MESSAGE][PASSED] - Delayed 3 second(s)

2019-01-08 19:36:03 - [TEST_STEP][PASSED] - click: Object: 'Object Repository/Final Object Repo/Page_Update Add New Employee - ASSIST/DatePicker Pop Up' is clicked on

2019-01-08 19:36:03 - [MESSAGE][PASSED] - Object: 'Object Repository/Final Object Repo/Page_Update Add New Employee - ASSIST/DatePicker Pop Up' is clicked on

2019-01-08 19:36:03 - [TEST_STEP][PASSED] - delay: Delayed 2 second(s)

2019-01-08 19:36:05 - [MESSAGE][PASSED] - Delayed 2 second(s)

2019-01-08 19:36:05 - [TEST_STEP][PASSED] - click: Object: 'Object Repository/Final Object Repo/Page_Update Add New Employee - ASSIST/DOB Month' is clicked on

2019-01-08 19:36:05 - [MESSAGE][PASSED] - Object: 'Object Repository/Final Object Repo/Page_Update Add New Employee - ASSIST/DOB Month' is clicked on

2019-01-08 19:36:05 - [TEST_STEP][PASSED] - Statement - selectMonth = com.kms.katalon.core.webui.keyword.WebUiBuiltInKeywords.modifyObjectProperty(selectMonth, "xpath", "equals", "//body/div/div/div/select/option[@value="" + CurrentMonth + ""]", true): Modify property of object successfully

2019-01-08 19:36:05 - [MESSAGE][PASSED] - Modify property of object successfully

2019-01-08 19:36:05 - [TEST_STEP][PASSED] - click: Object: '' is clicked on

2019-01-08 19:36:06 - [MESSAGE][PASSED] - Object: '' is clicked on

2019-01-08 19:36:06 - [TEST_STEP][PASSED] - delay: Delayed 2 second(s)

2019-01-08 19:36:08 - [MESSAGE][PASSED] - Delayed 2 second(s)

2019-01-08 19:36:08 - [TEST_STEP][PASSED] - click: Object: 'Object Repository/Final Object Repo/Page_Update Add New Employee - ASSIST/DOB Year' is clicked on

2019-01-08 19:36:08 - [MESSAGE][PASSED] - Object: 'Object Repository/Final Object Repo/Page_Update Add New Employee - ASSIST/DOB Year' is clicked on

2019-01-08 19:36:08 - [TEST_STEP][PASSED] - Statement - selectYear = com.kms.katalon.core.webui.keyword.WebUiBuiltInKeywords.modifyObjectProperty(selectYear, "xpath", "equals", "//div/div/div/select/option[@value="" + FiftysevenYrsBefore + ""]", true): Modify property of object successfully

2019-01-08 19:36:08 - [MESSAGE][PASSED] - Modify property of object successfully

2019-01-08 19:36:08 - [TEST_STEP][PASSED] - click: Object: '' is clicked on

2019-01-08 19:36:08 - [MESSAGE][PASSED] - Object: '' is clicked on

2019-01-08 19:36:08 - [TEST_STEP][PASSED] - delay: Delayed 2 second(s)

2019-01-08 19:36:10 - [MESSAGE][PASSED] - Delayed 2 second(s)

2019-01-08 19:36:10 - [TEST_STEP][PASSED] - Statement - UpdatedSelectDate = com.kms.katalon.core.webui.keyword.WebUiBuiltInKeywords.modifyObjectProperty(com.kms.katalon.core.testobject.ObjectRepository.findTestObject(Final Object Repo/Page_Update Add New Employee - ASSIST/DOB Date), "xpath", "equals", "//body/div/table/tbody/tr/td/a[text()="" + OneDayBefore + ""]", true): Modify property of object successfully

2019-01-08 19:36:10 - [MESSAGE][PASSED] - Modify property of object successfully

2019-01-08 19:36:10 - [TEST_STEP][PASSED] - click: Object: 'Object Repository/Final Object Repo/Page_Update Add New Employee - ASSIST/DOB Date' is clicked on

2019-01-08 19:36:10 - [MESSAGE][PASSED] - Object: 'Object Repository/Final Object Repo/Page_Update Add New Employee - ASSIST/DOB Date' is clicked on

2019-01-08 19:36:10 - [TEST_STEP][PASSED] - delay: Delayed 2 second(s)

2019-01-08 19:36:12 - [MESSAGE][PASSED] - Delayed 2 second(s)

2019-01-08 19:36:12 - [TEST_STEP][PASSED] - click: Object: 'Object Repository/Final Object Repo/Page_Update Add New Employee - ASSIST/EmploymentStartDate Pop Up' is clicked on

2019-01-08 19:36:12 - [MESSAGE][PASSED] - Object: 'Object Repository/Final Object Repo/Page_Update Add New Employee - ASSIST/EmploymentStartDate Pop Up' is clicked on

2019-01-08 19:36:12 - [TEST_STEP][PASSED] - delay: Delayed 2 second(s)

2019-01-08 19:36:14 - [MESSAGE][PASSED] - Delayed 2 second(s)

2019-01-08 19:36:14 - [TEST_STEP][PASSED] - click: Object: 'Object Repository/Final Object Repo/Page_Update Add New Employee - ASSIST/Socso Employment StartDate Month' is clicked on

2019-01-08 19:36:14 - [MESSAGE][PASSED] - Object: 'Object Repository/Final Object Repo/Page_Update Add New Employee - ASSIST/Socso Employment StartDate Month' is clicked on

2019-01-08 19:36:14 - [TEST_STEP][PASSED] - delay: Delayed 1 second(s)

2019-01-08 19:36:15 - [MESSAGE][PASSED] - Delayed 1 second(s)

2019-01-08 19:36:15 - [TEST_STEP][PASSED] - click: Object: 'Object Repository/Final Object Repo/Page_Update Add New Employee - ASSIST/Select Socso Employement Startdate Month' is clicked on

2019-01-08 19:36:16 - [MESSAGE][PASSED] - Object: 'Object Repository/Final Object Repo/Page_Update Add New Employee - ASSIST/Select Socso Employement Startdate Month' is clicked on

2019-01-08 19:36:16 - [TEST_STEP][PASSED] - delay: Delayed 2 second(s)

2019-01-08 19:36:18 - [MESSAGE][PASSED] - Delayed 2 second(s)

2019-01-08 19:36:18 - [TEST_STEP][PASSED] - click: Object: 'Object Repository/Final Object Repo/Page_Update Add New Employee - ASSIST/Socso Employment StartDate Year' is clicked on

2019-01-08 19:36:18 - [MESSAGE][PASSED] - Object: 'Object Repository/Final Object Repo/Page_Update Add New Employee - ASSIST/Socso Employment StartDate Year' is clicked on

2019-01-08 19:36:18 - [TEST_STEP][PASSED] - delay: Delayed 1 second(s)

2019-01-08 19:36:19 - [MESSAGE][PASSED] - Delayed 1 second(s)

2019-01-08 19:36:19 - [TEST_STEP][PASSED] - click: Object: 'Object Repository/Final Object Repo/Page_Update Add New Employee - ASSIST/Select Socso Employment Startdate Year' is clicked on

2019-01-08 19:36:19 - [MESSAGE][PASSED] - Object: 'Object Repository/Final Object Repo/Page_Update Add New Employee - ASSIST/Select Socso Employment Startdate Year' is clicked on

2019-01-08 19:36:19 - [TEST_STEP][PASSED] - delay: Delayed 2 second(s)

2019-01-08 19:36:21 - [MESSAGE][PASSED] - Delayed 2 second(s)

2019-01-08 19:36:21 - [TEST_STEP][PASSED] - click: Object: 'Object Repository/Final Object Repo/Page_Update Add New Employee - ASSIST/Socso Employment Start Date Day' is clicked on

2019-01-08 19:36:21 - [MESSAGE][PASSED] - Object: 'Object Repository/Final Object Repo/Page_Update Add New Employee - ASSIST/Socso Employment Start Date Day' is clicked on

2019-01-08 19:36:21 - [TEST_STEP][PASSED] - delay: Delayed 2 second(s)

2019-01-08 19:36:23 - [MESSAGE][PASSED] - Delayed 2 second(s)

2019-01-08 19:36:23 - [TEST_STEP][PASSED] - click: Object: 'Object Repository/Final Object Repo/Page_Update Add New Employee - ASSIST/Save Button for Add Employee' is clicked on

2019-01-08 19:36:23 - [MESSAGE][PASSED] - Object: 'Object Repository/Final Object Repo/Page_Update Add New Employee - ASSIST/Save Button for Add Employee' is clicked on

2019-01-08 19:36:23 - [TEST_STEP][PASSED] - delay: Delayed 20 second(s)

2019-01-08 19:36:43 - [MESSAGE][PASSED] - Delayed 20 second(s)

2019-01-08 19:36:43 - [TEST_STEP][PASSED] - waitForElementClickable: Object 'Object Repository/Final Object Repo/Page_Update Add New Employee - ASSIST/Add Employee Button' is clickable

2019-01-08 19:36:43 - [MESSAGE][PASSED] - Object 'Object Repository/Final Object Repo/Page_Update Add New Employee - ASSIST/Add Employee Button' is clickable

2019-01-08 19:36:43 - [TEST_STEP][PASSED] - click: Object: 'Object Repository/Final Object Repo/Page_Update Add New Employee - ASSIST/Add Employee Button' is clicked on

2019-01-08 19:36:43 - [MESSAGE][PASSED] - Object: 'Object Repository/Final Object Repo/Page_Update Add New Employee - ASSIST/Add Employee Button' is clicked on

2019-01-08 19:36:43 - [TEST_STEP][PASSED] - delay: Delayed 4 second(s)

2019-01-08 19:36:47 - [MESSAGE][PASSED] - Delayed 4 second(s)

2019-01-08 19:36:47 - [TEST_STEP][PASSED] - Statement - While (com.kms.katalon.core.webui.keyword.WebUiBuiltInKeywords.verifyElementNotVisible(com.kms.katalon.core.testobject.ObjectRepository.findTestObject(Final Object Repo/Page_Update Add New Employee - ASSIST/No Duplicate Employee Cross), OPTIONAL)): Object 'Object Repository/Final Object Repo/Page_Update Add New Employee - ASSIST/No Duplicate Employee Cross' is visible

2019-01-08 19:36:48 - [MESSAGE][PASSED] - Object 'Object Repository/Final Object Repo/Page_Update Add New Employee - ASSIST/No Duplicate Employee Cross' is NOT visible

2019-01-08 19:36:48 - [TEST_STEP][PASSED] - callTestCase: Call Test Case 'Test Cases/Final Aug 2018 - PKS Automation/Common/IC Generator' successfully

2019-01-08 19:36:48 - [TEST_CASE][PASSED] - Test Cases/Final Aug 2018 - PKS Automation/Common/IC Generator: Test Cases/Final Aug 2018 - PKS Automation/Common/IC Generator

2019-01-08 19:36:48 - [TEST_STEP][PASSED] - Statement - rnd = new java.util.Random(): null

2019-01-08 19:36:48 - [TEST_STEP][PASSED] - Statement - snum = rnd.nextInt(899999 + 1) + 100000: null

2019-01-08 19:36:48 - [TEST_STEP][PASSED] - Statement - tnum = rnd.nextInt(899999 + 1) + 100000: null

2019-01-08 19:36:48 - [TEST_STEP][PASSED] - Statement - IC = java.lang.Integer.toString(snum) + java.lang.Integer.toString(tnum): null

2019-01-08 19:36:48 - [TEST_STEP][PASSED] - Statement - ICtoAdd = IC: null

2019-01-08 19:36:48 - [TEST_STEP][PASSED] - Statement - out.println(ICtoAdd): null

2019-01-08 19:36:48 - [MESSAGE][PASSED] - Call Test Case 'Test Cases/Final Aug 2018 - PKS Automation/Common/IC Generator' successfully

2019-01-08 19:36:48 - [TEST_STEP][PASSED] - delay: Delayed 1 second(s)

2019-01-08 19:36:49 - [MESSAGE][PASSED] - Delayed 1 second(s)

2019-01-08 19:36:49 - [TEST_STEP][PASSED] - setText: Text '707315851954' is set on object 'Object Repository/Final Object Repo/Page_Update Add New Employee - ASSIST/NRIC Input'

2019-01-08 19:36:49 - [MESSAGE][PASSED] - Text '707315851954' is set on object 'Object Repository/Final Object Repo/Page_Update Add New Employee - ASSIST/NRIC Input'

2019-01-08 19:36:49 - [TEST_STEP][PASSED] - delay: Delayed 2 second(s)

2019-01-08 19:36:51 - [MESSAGE][PASSED] - Delayed 2 second(s)

2019-01-08 19:36:51 - [TEST_STEP][PASSED] - click: Object: 'Object Repository/Final Object Repo/Page_Update Add New Employee - ASSIST/button for search for IC' is clicked on

2019-01-08 19:36:51 - [MESSAGE][PASSED] - Object: 'Object Repository/Final Object Repo/Page_Update Add New Employee - ASSIST/button for search for IC' is clicked on

2019-01-08 19:36:51 - [TEST_STEP][PASSED] - delay: Object 'Object Repository/Final Object Repo/Page_Update Add New Employee - ASSIST/No Duplicate Employee Cross' is visible

2019-01-08 19:36:52 - [MESSAGE][PASSED] - Delayed 1 second(s)

2019-01-08 19:36:53 - [MESSAGE][WARNING] - Object 'Object Repository/Final Object Repo/Page_Update Add New Employee - ASSIST/No Duplicate Employee Cross' is visible
[[ATTACHMENT|C:\\Users\\Admin\\Desktop\\PKS\\Perkeso Phase A\\Reports\\Critical Path\\20190108_174022\\1546947412685.png]]

2019-01-08 19:36:53 - [TEST_STEP][PASSED] - delay: Delayed 2 second(s)

2019-01-08 19:36:55 - [MESSAGE][PASSED] - Delayed 2 second(s)

2019-01-08 19:36:55 - [TEST_STEP][PASSED] - setText: Text 'Automate002 not eligible 1' is set on object 'Object Repository/Final Object Repo/Page_Update Add New Employee - ASSIST/Employee Name Input'

2019-01-08 19:36:55 - [MESSAGE][PASSED] - Text 'Automate002 not eligible 1' is set on object 'Object Repository/Final Object Repo/Page_Update Add New Employee - ASSIST/Employee Name Input'

2019-01-08 19:36:55 - [TEST_STEP][PASSED] - delay: Delayed 2 second(s)

2019-01-08 19:36:57 - [MESSAGE][PASSED] - Delayed 2 second(s)

2019-01-08 19:36:57 - [TEST_STEP][PASSED] - click: Object: 'Object Repository/Final Object Repo/Page_Update Add New Employee - ASSIST/DatePicker Pop Up' is clicked on

2019-01-08 19:36:57 - [MESSAGE][PASSED] - Object: 'Object Repository/Final Object Repo/Page_Update Add New Employee - ASSIST/DatePicker Pop Up' is clicked on

2019-01-08 19:36:57 - [TEST_STEP][PASSED] - delay: Delayed 2 second(s)

2019-01-08 19:36:59 - [MESSAGE][PASSED] - Delayed 2 second(s)

2019-01-08 19:36:59 - [TEST_STEP][PASSED] - click: Object: 'Object Repository/Final Object Repo/Page_Update Add New Employee - ASSIST/DOB Month' is clicked on

2019-01-08 19:36:59 - [MESSAGE][PASSED] - Object: 'Object Repository/Final Object Repo/Page_Update Add New Employee - ASSIST/DOB Month' is clicked on

2019-01-08 19:36:59 - [TEST_STEP][PASSED] - Statement - selectMonth = com.kms.katalon.core.webui.keyword.WebUiBuiltInKeywords.modifyObjectProperty(selectMonth, "xpath", "equals", "//body/div/div/div/select/option[@value="" + CurrentMonth + ""]", true): Modify property of object successfully

2019-01-08 19:36:59 - [MESSAGE][PASSED] - Modify property of object successfully

2019-01-08 19:36:59 - [TEST_STEP][PASSED] - click: Object: '' is clicked on

2019-01-08 19:37:00 - [MESSAGE][PASSED] - Object: '' is clicked on

2019-01-08 19:37:00 - [TEST_STEP][PASSED] - delay: Delayed 2 second(s)

2019-01-08 19:37:02 - [MESSAGE][PASSED] - Delayed 2 second(s)

2019-01-08 19:37:02 - [TEST_STEP][PASSED] - click: Object: 'Object Repository/Final Object Repo/Page_Update Add New Employee - ASSIST/DOB Year' is clicked on

2019-01-08 19:37:02 - [MESSAGE][PASSED] - Object: 'Object Repository/Final Object Repo/Page_Update Add New Employee - ASSIST/DOB Year' is clicked on

2019-01-08 19:37:02 - [TEST_STEP][PASSED] - Statement - selectYear = com.kms.katalon.core.webui.keyword.WebUiBuiltInKeywords.modifyObjectProperty(selectYear, "xpath", "equals", "//div/div/div/select/option[@value="" + EighteenYrsBefore + ""]", true): Modify property of object successfully

2019-01-08 19:37:02 - [MESSAGE][PASSED] - Modify property of object successfully

2019-01-08 19:37:02 - [TEST_STEP][PASSED] - click: Object: '' is clicked on

2019-01-08 19:37:02 - [MESSAGE][PASSED] - Object: '' is clicked on

2019-01-08 19:37:02 - [TEST_STEP][PASSED] - delay: Delayed 2 second(s)

2019-01-08 19:37:04 - [MESSAGE][PASSED] - Delayed 2 second(s)

2019-01-08 19:37:04 - [TEST_STEP][PASSED] - Statement - UpdatedSelectDate = com.kms.katalon.core.webui.keyword.WebUiBuiltInKeywords.modifyObjectProperty(com.kms.katalon.core.testobject.ObjectRepository.findTestObject(Final Object Repo/Page_Update Add New Employee - ASSIST/DOB Date), "xpath", "equals", "//body/div/table/tbody/tr/td/a[text()="" + OneDayBefore + ""]", true): Modify property of object successfully

2019-01-08 19:37:04 - [MESSAGE][PASSED] - Modify property of object successfully

2019-01-08 19:37:04 - [TEST_STEP][PASSED] - click: Object: 'Object Repository/Final Object Repo/Page_Update Add New Employee - ASSIST/DOB Date' is clicked on

2019-01-08 19:37:04 - [MESSAGE][PASSED] - Object: 'Object Repository/Final Object Repo/Page_Update Add New Employee - ASSIST/DOB Date' is clicked on

2019-01-08 19:37:04 - [TEST_STEP][PASSED] - delay: Delayed 2 second(s)

2019-01-08 19:37:06 - [MESSAGE][PASSED] - Delayed 2 second(s)

2019-01-08 19:37:06 - [TEST_STEP][PASSED] - click: Object: 'Object Repository/Final Object Repo/Page_Update Add New Employee - ASSIST/EmploymentStartDate Pop Up' is clicked on

2019-01-08 19:37:06 - [MESSAGE][PASSED] - Object: 'Object Repository/Final Object Repo/Page_Update Add New Employee - ASSIST/EmploymentStartDate Pop Up' is clicked on

2019-01-08 19:37:06 - [TEST_STEP][PASSED] - delay: Delayed 2 second(s)

2019-01-08 19:37:08 - [MESSAGE][PASSED] - Delayed 2 second(s)

2019-01-08 19:37:08 - [TEST_STEP][PASSED] - click: Object: 'Object Repository/Final Object Repo/Page_Update Add New Employee - ASSIST/Socso Employment StartDate Month' is clicked on

2019-01-08 19:37:08 - [MESSAGE][PASSED] - Object: 'Object Repository/Final Object Repo/Page_Update Add New Employee - ASSIST/Socso Employment StartDate Month' is clicked on

2019-01-08 19:37:08 - [TEST_STEP][PASSED] - delay: Delayed 1 second(s)

2019-01-08 19:37:09 - [MESSAGE][PASSED] - Delayed 1 second(s)

2019-01-08 19:37:09 - [TEST_STEP][PASSED] - click: Object: 'Object Repository/Final Object Repo/Page_Update Add New Employee - ASSIST/Select Socso Employement Startdate Month' is clicked on

2019-01-08 19:37:10 - [MESSAGE][PASSED] - Object: 'Object Repository/Final Object Repo/Page_Update Add New Employee - ASSIST/Select Socso Employement Startdate Month' is clicked on

2019-01-08 19:37:10 - [TEST_STEP][PASSED] - delay: Delayed 2 second(s)

2019-01-08 19:37:12 - [MESSAGE][PASSED] - Delayed 2 second(s)

2019-01-08 19:37:12 - [TEST_STEP][PASSED] - click: Object: 'Object Repository/Final Object Repo/Page_Update Add New Employee - ASSIST/Socso Employment StartDate Year' is clicked on

2019-01-08 19:37:12 - [MESSAGE][PASSED] - Object: 'Object Repository/Final Object Repo/Page_Update Add New Employee - ASSIST/Socso Employment StartDate Year' is clicked on

2019-01-08 19:37:12 - [TEST_STEP][PASSED] - delay: Delayed 1 second(s)

2019-01-08 19:37:13 - [MESSAGE][PASSED] - Delayed 1 second(s)

2019-01-08 19:37:13 - [TEST_STEP][PASSED] - click: Object: 'Object Repository/Final Object Repo/Page_Update Add New Employee - ASSIST/Select Socso Employment Startdate Year' is clicked on

2019-01-08 19:37:13 - [MESSAGE][PASSED] - Object: 'Object Repository/Final Object Repo/Page_Update Add New Employee - ASSIST/Select Socso Employment Startdate Year' is clicked on

2019-01-08 19:37:13 - [TEST_STEP][PASSED] - delay: Delayed 2 second(s)

2019-01-08 19:37:15 - [MESSAGE][PASSED] - Delayed 2 second(s)

2019-01-08 19:37:15 - [TEST_STEP][PASSED] - click: Object: 'Object Repository/Final Object Repo/Page_Update Add New Employee - ASSIST/Socso Employment Start Date Day' is clicked on

2019-01-08 19:37:15 - [MESSAGE][PASSED] - Object: 'Object Repository/Final Object Repo/Page_Update Add New Employee - ASSIST/Socso Employment Start Date Day' is clicked on

2019-01-08 19:37:15 - [TEST_STEP][PASSED] - delay: Delayed 2 second(s)

2019-01-08 19:37:17 - [MESSAGE][PASSED] - Delayed 2 second(s)

2019-01-08 19:37:17 - [TEST_STEP][PASSED] - click: Object: 'Object Repository/Final Object Repo/Page_Update Add New Employee - ASSIST/Save Button for Add Employee' is clicked on

2019-01-08 19:37:17 - [MESSAGE][PASSED] - Object: 'Object Repository/Final Object Repo/Page_Update Add New Employee - ASSIST/Save Button for Add Employee' is clicked on

2019-01-08 19:37:17 - [TEST_STEP][PASSED] - delay: Delayed 20 second(s)

2019-01-08 19:37:37 - [MESSAGE][PASSED] - Delayed 20 second(s)

2019-01-08 19:37:37 - [TEST_STEP][PASSED] - click: Object: 'Object Repository/Final Object Repo/Page_Update Add New Employee - ASSIST/Add Employee Button' is clicked on

2019-01-08 19:37:37 - [MESSAGE][PASSED] - Object: 'Object Repository/Final Object Repo/Page_Update Add New Employee - ASSIST/Add Employee Button' is clicked on

2019-01-08 19:37:37 - [TEST_STEP][PASSED] - delay: Delayed 4 second(s)

2019-01-08 19:37:41 - [MESSAGE][PASSED] - Delayed 4 second(s)

2019-01-08 19:37:41 - [TEST_STEP][PASSED] - Statement - While (com.kms.katalon.core.webui.keyword.WebUiBuiltInKeywords.verifyElementNotVisible(com.kms.katalon.core.testobject.ObjectRepository.findTestObject(Final Object Repo/Page_Update Add New Employee - ASSIST/No Duplicate Employee Cross), OPTIONAL)): Object 'Object Repository/Final Object Repo/Page_Update Add New Employee - ASSIST/No Duplicate Employee Cross' is visible

2019-01-08 19:37:42 - [MESSAGE][PASSED] - Object 'Object Repository/Final Object Repo/Page_Update Add New Employee - ASSIST/No Duplicate Employee Cross' is NOT visible

2019-01-08 19:37:42 - [TEST_STEP][PASSED] - callTestCase: Call Test Case 'Test Cases/Final Aug 2018 - PKS Automation/Common/IC Generator' successfully

2019-01-08 19:37:42 - [TEST_CASE][PASSED] - Test Cases/Final Aug 2018 - PKS Automation/Common/IC Generator: Test Cases/Final Aug 2018 - PKS Automation/Common/IC Generator

2019-01-08 19:37:42 - [TEST_STEP][PASSED] - Statement - rnd = new java.util.Random(): null

2019-01-08 19:37:42 - [TEST_STEP][PASSED] - Statement - snum = rnd.nextInt(899999 + 1) + 100000: null

2019-01-08 19:37:42 - [TEST_STEP][PASSED] - Statement - tnum = rnd.nextInt(899999 + 1) + 100000: null

2019-01-08 19:37:42 - [TEST_STEP][PASSED] - Statement - IC = java.lang.Integer.toString(snum) + java.lang.Integer.toString(tnum): null

2019-01-08 19:37:42 - [TEST_STEP][PASSED] - Statement - ICtoAdd = IC: null

2019-01-08 19:37:42 - [TEST_STEP][PASSED] - Statement - out.println(ICtoAdd): null

2019-01-08 19:37:42 - [MESSAGE][PASSED] - Call Test Case 'Test Cases/Final Aug 2018 - PKS Automation/Common/IC Generator' successfully

2019-01-08 19:37:42 - [TEST_STEP][PASSED] - delay: Delayed 1 second(s)

2019-01-08 19:37:43 - [MESSAGE][PASSED] - Delayed 1 second(s)

2019-01-08 19:37:43 - [TEST_STEP][PASSED] - setText: Text '292657317207' is set on object 'Object Repository/Final Object Repo/Page_Update Add New Employee - ASSIST/NRIC Input'

2019-01-08 19:37:43 - [MESSAGE][PASSED] - Text '292657317207' is set on object 'Object Repository/Final Object Repo/Page_Update Add New Employee - ASSIST/NRIC Input'

2019-01-08 19:37:43 - [TEST_STEP][PASSED] - delay: Delayed 2 second(s)

2019-01-08 19:37:45 - [MESSAGE][PASSED] - Delayed 2 second(s)

2019-01-08 19:37:45 - [TEST_STEP][PASSED] - click: Object: 'Object Repository/Final Object Repo/Page_Update Add New Employee - ASSIST/button for search for IC' is clicked on

2019-01-08 19:37:45 - [MESSAGE][PASSED] - Object: 'Object Repository/Final Object Repo/Page_Update Add New Employee - ASSIST/button for search for IC' is clicked on

2019-01-08 19:37:45 - [TEST_STEP][PASSED] - delay: Object 'Object Repository/Final Object Repo/Page_Update Add New Employee - ASSIST/No Duplicate Employee Cross' is visible

2019-01-08 19:37:46 - [MESSAGE][PASSED] - Delayed 1 second(s)

2019-01-08 19:37:46 - [MESSAGE][WARNING] - Object 'Object Repository/Final Object Repo/Page_Update Add New Employee - ASSIST/No Duplicate Employee Cross' is visible
[[ATTACHMENT|C:\\Users\\Admin\\Desktop\\PKS\\Perkeso Phase A\\Reports\\Critical Path\\20190108_174022\\1546947466665.png]]

2019-01-08 19:37:46 - [TEST_STEP][PASSED] - delay: Delayed 2 second(s)

2019-01-08 19:37:48 - [MESSAGE][PASSED] - Delayed 2 second(s)

2019-01-08 19:37:48 - [TEST_STEP][PASSED] - setText: Text 'Automate002 not eligible 2' is set on object 'Object Repository/Final Object Repo/Page_Update Add New Employee - ASSIST/Employee Name Input'

2019-01-08 19:37:49 - [MESSAGE][PASSED] - Text 'Automate002 not eligible 2' is set on object 'Object Repository/Final Object Repo/Page_Update Add New Employee - ASSIST/Employee Name Input'

2019-01-08 19:37:49 - [TEST_STEP][PASSED] - delay: Delayed 2 second(s)

2019-01-08 19:37:51 - [MESSAGE][PASSED] - Delayed 2 second(s)

2019-01-08 19:37:51 - [TEST_STEP][PASSED] - click: Object: 'Object Repository/Final Object Repo/Page_Update Add New Employee - ASSIST/DatePicker Pop Up' is clicked on

2019-01-08 19:37:51 - [MESSAGE][PASSED] - Object: 'Object Repository/Final Object Repo/Page_Update Add New Employee - ASSIST/DatePicker Pop Up' is clicked on

2019-01-08 19:37:51 - [TEST_STEP][PASSED] - delay: Delayed 2 second(s)

2019-01-08 19:37:53 - [MESSAGE][PASSED] - Delayed 2 second(s)

2019-01-08 19:37:53 - [TEST_STEP][PASSED] - click: Object: 'Object Repository/Final Object Repo/Page_Update Add New Employee - ASSIST/DOB Month' is clicked on

2019-01-08 19:37:53 - [MESSAGE][PASSED] - Object: 'Object Repository/Final Object Repo/Page_Update Add New Employee - ASSIST/DOB Month' is clicked on

2019-01-08 19:37:53 - [TEST_STEP][PASSED] - Statement - selectMonth = com.kms.katalon.core.webui.keyword.WebUiBuiltInKeywords.modifyObjectProperty(selectMonth, "xpath", "equals", "//body/div/div/div/select/option[@value="" + CurrentMonth + ""]", true): Modify property of object successfully

2019-01-08 19:37:53 - [MESSAGE][PASSED] - Modify property of object successfully

2019-01-08 19:37:53 - [TEST_STEP][PASSED] - click: Object: '' is clicked on

2019-01-08 19:37:54 - [MESSAGE][PASSED] - Object: '' is clicked on

2019-01-08 19:37:54 - [TEST_STEP][PASSED] - delay: Delayed 2 second(s)

2019-01-08 19:37:56 - [MESSAGE][PASSED] - Delayed 2 second(s)

2019-01-08 19:37:56 - [TEST_STEP][PASSED] - click: Object: 'Object Repository/Final Object Repo/Page_Update Add New Employee - ASSIST/DOB Year' is clicked on

2019-01-08 19:37:56 - [MESSAGE][PASSED] - Object: 'Object Repository/Final Object Repo/Page_Update Add New Employee - ASSIST/DOB Year' is clicked on

2019-01-08 19:37:56 - [TEST_STEP][PASSED] - Statement - selectYear = com.kms.katalon.core.webui.keyword.WebUiBuiltInKeywords.modifyObjectProperty(selectYear, "xpath", "equals", "//div/div/div/select/option[@value="" + FiftysevenYrsBefore + ""]", true): Modify property of object successfully

2019-01-08 19:37:56 - [MESSAGE][PASSED] - Modify property of object successfully

2019-01-08 19:37:56 - [TEST_STEP][PASSED] - click: Object: '' is clicked on

2019-01-08 19:37:56 - [MESSAGE][PASSED] - Object: '' is clicked on

2019-01-08 19:37:56 - [TEST_STEP][PASSED] - delay: Delayed 2 second(s)

2019-01-08 19:37:58 - [MESSAGE][PASSED] - Delayed 2 second(s)

2019-01-08 19:37:58 - [TEST_STEP][PASSED] - Statement - UpdatedSelectDate = com.kms.katalon.core.webui.keyword.WebUiBuiltInKeywords.modifyObjectProperty(com.kms.katalon.core.testobject.ObjectRepository.findTestObject(Final Object Repo/Page_Update Add New Employee - ASSIST/DOB Date), "xpath", "equals", "//body/div/table/tbody/tr/td/a[text()="" + CurrentDate + ""]", true): Modify property of object successfully

2019-01-08 19:37:58 - [MESSAGE][PASSED] - Modify property of object successfully

2019-01-08 19:37:58 - [TEST_STEP][PASSED] - click: Object: 'Object Repository/Final Object Repo/Page_Update Add New Employee - ASSIST/DOB Date' is clicked on

2019-01-08 19:37:58 - [MESSAGE][PASSED] - Object: 'Object Repository/Final Object Repo/Page_Update Add New Employee - ASSIST/DOB Date' is clicked on

2019-01-08 19:37:58 - [TEST_STEP][PASSED] - click: Object: 'Object Repository/Final Object Repo/Page_Update Add New Employee - ASSIST/EmploymentStartDate Pop Up' is clicked on

2019-01-08 19:37:58 - [MESSAGE][PASSED] - Object: 'Object Repository/Final Object Repo/Page_Update Add New Employee - ASSIST/EmploymentStartDate Pop Up' is clicked on

2019-01-08 19:37:58 - [TEST_STEP][PASSED] - delay: Delayed 2 second(s)

2019-01-08 19:38:00 - [MESSAGE][PASSED] - Delayed 2 second(s)

2019-01-08 19:38:00 - [TEST_STEP][PASSED] - click: Object: 'Object Repository/Final Object Repo/Page_Update Add New Employee - ASSIST/Socso Employment StartDate Month' is clicked on

2019-01-08 19:38:00 - [MESSAGE][PASSED] - Object: 'Object Repository/Final Object Repo/Page_Update Add New Employee - ASSIST/Socso Employment StartDate Month' is clicked on

2019-01-08 19:38:00 - [TEST_STEP][PASSED] - delay: Delayed 1 second(s)

2019-01-08 19:38:01 - [MESSAGE][PASSED] - Delayed 1 second(s)

2019-01-08 19:38:01 - [TEST_STEP][PASSED] - click: Object: 'Object Repository/Final Object Repo/Page_Update Add New Employee - ASSIST/Select Socso Employement Startdate Month' is clicked on

2019-01-08 19:38:02 - [MESSAGE][PASSED] - Object: 'Object Repository/Final Object Repo/Page_Update Add New Employee - ASSIST/Select Socso Employement Startdate Month' is clicked on

2019-01-08 19:38:02 - [TEST_STEP][PASSED] - delay: Delayed 2 second(s)

2019-01-08 19:38:04 - [MESSAGE][PASSED] - Delayed 2 second(s)

2019-01-08 19:38:04 - [TEST_STEP][PASSED] - click: Object: 'Object Repository/Final Object Repo/Page_Update Add New Employee - ASSIST/Socso Employment StartDate Year' is clicked on

2019-01-08 19:38:04 - [MESSAGE][PASSED] - Object: 'Object Repository/Final Object Repo/Page_Update Add New Employee - ASSIST/Socso Employment StartDate Year' is clicked on

2019-01-08 19:38:04 - [TEST_STEP][PASSED] - delay: Delayed 1 second(s)

2019-01-08 19:38:05 - [MESSAGE][PASSED] - Delayed 1 second(s)

2019-01-08 19:38:05 - [TEST_STEP][PASSED] - click: Object: 'Object Repository/Final Object Repo/Page_Update Add New Employee - ASSIST/Select Socso Employment Startdate Year' is clicked on

2019-01-08 19:38:05 - [MESSAGE][PASSED] - Object: 'Object Repository/Final Object Repo/Page_Update Add New Employee - ASSIST/Select Socso Employment Startdate Year' is clicked on

2019-01-08 19:38:05 - [TEST_STEP][PASSED] - delay: Delayed 2 second(s)

2019-01-08 19:38:07 - [MESSAGE][PASSED] - Delayed 2 second(s)

2019-01-08 19:38:07 - [TEST_STEP][PASSED] - click: Object: 'Object Repository/Final Object Repo/Page_Update Add New Employee - ASSIST/Socso Employment Start Date Day' is clicked on

2019-01-08 19:38:07 - [MESSAGE][PASSED] - Object: 'Object Repository/Final Object Repo/Page_Update Add New Employee - ASSIST/Socso Employment Start Date Day' is clicked on

2019-01-08 19:38:07 - [TEST_STEP][PASSED] - delay: Delayed 2 second(s)

2019-01-08 19:38:09 - [MESSAGE][PASSED] - Delayed 2 second(s)

2019-01-08 19:38:09 - [TEST_STEP][PASSED] - click: Object: 'Object Repository/Final Object Repo/Page_Update Add New Employee - ASSIST/Save Button for Add Employee' is clicked on

2019-01-08 19:38:09 - [MESSAGE][PASSED] - Object: 'Object Repository/Final Object Repo/Page_Update Add New Employee - ASSIST/Save Button for Add Employee' is clicked on

2019-01-08 19:38:09 - [MESSAGE][PASSED] - Call Test Case 'Test Cases/Final Aug 2018 - PKS Automation/Registration Module/Workflow/Update Add New Employee/Template/Employee Adding/Employee Adding Action No Repeat IC' successfully

2019-01-08 19:38:09 - [TEST_STEP][PASSED] - delay: Delayed 4 second(s)

2019-01-08 19:38:13 - [MESSAGE][PASSED] - Delayed 4 second(s)

2019-01-08 19:38:13 - [TEST_STEP][PASSED] - Statement - CaseReferenceNo = com.kms.katalon.core.webui.keyword.WebUiBuiltInKeywords.getText(com.kms.katalon.core.testobject.ObjectRepository.findTestObject(Final Object Repo/Page_Update Add New Employee - ASSIST/RefNo)): Text of object 'Object Repository/Final Object Repo/Page_Update Add New Employee - ASSIST/RefNo' is: 'CAN01201900002571'

2019-01-08 19:38:13 - [MESSAGE][PASSED] - Text of object 'Object Repository/Final Object Repo/Page_Update Add New Employee - ASSIST/RefNo' is: 'CAN01201900002571'

2019-01-08 19:38:13 - [TEST_STEP][PASSED] - callTestCase: Call Test Case 'Test Cases/Final Aug 2018 - PKS Automation/Common/Reference Number Setter' successfully

2019-01-08 19:38:13 - [TEST_CASE][PASSED] - Test Cases/Final Aug 2018 - PKS Automation/Common/Reference Number Setter: Test Cases/Final Aug 2018 - PKS Automation/Common/Reference Number Setter

2019-01-08 19:38:13 - [TEST_STEP][PASSED] - Statement - RefNoOldFile = new java.io.File(C://Users//Admin//Desktop//PKS//Automation Reference Point//KatalonReference.txt): null

2019-01-08 19:38:13 - [TEST_STEP][PASSED] - Statement - RefNoOldFile.delete(): null

2019-01-08 19:38:13 - [TEST_STEP][PASSED] - delay: Delayed 5 second(s)

2019-01-08 19:38:18 - [MESSAGE][PASSED] - Delayed 5 second(s)

2019-01-08 19:38:18 - [TEST_STEP][PASSED] - Statement - RefNo = new java.io.File(C://Users//Admin//Desktop//PKS//Automation Reference Point//KatalonReference.txt): null

2019-01-08 19:38:18 - [TEST_STEP][PASSED] - Statement - f2 = new java.io.FileWriter(RefNo, false): null

2019-01-08 19:38:18 - [TEST_STEP][PASSED] - Statement - f2.write(CaseReferenceNo): null

2019-01-08 19:38:18 - [TEST_STEP][PASSED] - Statement - f2.close(): null

2019-01-08 19:38:18 - [TEST_STEP][PASSED] - Statement - out.println("


" + CaseReferenceNo + "


"): null

2019-01-08 19:38:18 - [MESSAGE][PASSED] - Call Test Case 'Test Cases/Final Aug 2018 - PKS Automation/Common/Reference Number Setter' successfully

2019-01-08 19:38:18 - [TEST_STEP][PASSED] - delay: Delayed 5 second(s)

2019-01-08 19:38:23 - [MESSAGE][PASSED] - Delayed 5 second(s)

2019-01-08 19:38:23 - [TEST_STEP][PASSED] - click: Object: 'Object Repository/Final Object Repo/Page_Update Add New Employee - ASSIST/Save  Continue Button' is clicked on

2019-01-08 19:38:24 - [MESSAGE][PASSED] - Object: 'Object Repository/Final Object Repo/Page_Update Add New Employee - ASSIST/Save  Continue Button' is clicked on

2019-01-08 19:38:24 - [TEST_STEP][PASSED] - delay: Delayed 4 second(s)

2019-01-08 19:38:28 - [MESSAGE][PASSED] - Delayed 4 second(s)

2019-01-08 19:38:28 - [TEST_STEP][PASSED] - click: Object: 'Object Repository/Final Object Repo/Page_Update Add New Employee - ASSIST/Save  Continue Third Screen' is clicked on

2019-01-08 19:38:31 - [MESSAGE][PASSED] - Object: 'Object Repository/Final Object Repo/Page_Update Add New Employee - ASSIST/Save  Continue Third Screen' is clicked on

2019-01-08 19:38:31 - [TEST_STEP][PASSED] - delay: Delayed 10 second(s)

2019-01-08 19:38:41 - [MESSAGE][PASSED] - Delayed 10 second(s)

2019-01-08 19:38:41 - [TEST_STEP][PASSED] - click: Object: 'Object Repository/Final Object Repo/Page_Update Add New Employee - ASSIST/Save   Continue Supporting Doc Page' is clicked on

2019-01-08 19:38:41 - [MESSAGE][PASSED] - Object: 'Object Repository/Final Object Repo/Page_Update Add New Employee - ASSIST/Save   Continue Supporting Doc Page' is clicked on

2019-01-08 19:38:41 - [TEST_STEP][PASSED] - delay: Delayed 4 second(s)

2019-01-08 19:38:45 - [MESSAGE][PASSED] - Delayed 4 second(s)

2019-01-08 19:38:45 - [TEST_STEP][PASSED] - click: Object: 'Object Repository/Final Object Repo/Page_Update Add New Employee - ASSIST/Submit Button' is clicked on

2019-01-08 19:38:45 - [MESSAGE][PASSED] - Object: 'Object Repository/Final Object Repo/Page_Update Add New Employee - ASSIST/Submit Button' is clicked on

2019-01-08 19:38:45 - [TEST_STEP][PASSED] - delay: Delayed 4 second(s)

2019-01-08 19:38:49 - [MESSAGE][PASSED] - Delayed 4 second(s)

2019-01-08 19:38:49 - [TEST_STEP][PASSED] - click: Object: 'Object Repository/Final Object Repo/Page_Update Add New Employee - ASSIST/Confirm Submit Button' is clicked on

2019-01-08 19:38:49 - [MESSAGE][PASSED] - Object: 'Object Repository/Final Object Repo/Page_Update Add New Employee - ASSIST/Confirm Submit Button' is clicked on

2019-01-08 19:38:49 - [TEST_STEP][PASSED] - delay: Delayed 30 second(s)

2019-01-08 19:39:19 - [MESSAGE][PASSED] - Delayed 30 second(s)

2019-01-08 19:39:19 - [TEST_STEP][PASSED] - callTestCase: Call Test Case 'Test Cases/Final Aug 2018 - PKS Automation/Common/Screenshoting tool' successfully

2019-01-08 19:39:19 - [TEST_CASE][PASSED] - Test Cases/Final Aug 2018 - PKS Automation/Common/Screenshoting tool: Test Cases/Final Aug 2018 - PKS Automation/Common/Screenshoting tool

2019-01-08 19:39:20 - [TEST_STEP][PASSED] - delay: Delayed 15 second(s)

2019-01-08 19:39:35 - [MESSAGE][PASSED] - Delayed 15 second(s)

2019-01-08 19:39:35 - [TEST_STEP][PASSED] - Statement - driver = com.kms.katalon.core.webui.driver.DriverFactory.getWebDriver(): null

2019-01-08 19:39:35 - [TEST_STEP][PASSED] - Statement - driver.manage().timeouts().implicitlyWait(10, SECONDS): null

2019-01-08 19:39:35 - [TEST_STEP][PASSED] - Statement - PresavePath = KatalonScreenshots: null

2019-01-08 19:39:35 - [TEST_STEP][PASSED] - Statement - pathPrefix = "C:\Users\Public\Pictures\Sample Pictures\Katalon Screenshots\Automate Ending Screen": null

2019-01-08 19:39:35 - [TEST_STEP][PASSED] - Statement - finalPath = <not implemented yet for class: org.codehaus.groovy.ast.expr.EmptyExpression>: null

2019-01-08 19:39:35 - [TEST_STEP][PASSED] - Statement - scrFile = driver.getScreenshotAs(FILE): null

2019-01-08 19:39:36 - [TEST_STEP][PASSED] - Statement - PreSaveFile = new java.io.File(PresavePath): null

2019-01-08 19:39:36 - [TEST_STEP][PASSED] - Statement - counter = 0: null

2019-01-08 19:39:36 - [TEST_STEP][PASSED] - Statement - If (PreSaveFile.exists()): null

2019-01-08 19:39:36 - [TEST_STEP][PASSED] - Statement - While (PreSaveFile.exists()): null

2019-01-08 19:39:36 - [TEST_STEP][PASSED] - Statement - counter = counter + 1: null

2019-01-08 19:39:36 - [TEST_STEP][PASSED] - Statement - PreSaveFile = new java.io.File(((pathPrefix + java.lang.Integer.toString(counter)) + .png)): null

2019-01-08 19:39:36 - [TEST_STEP][PASSED] - Statement - counter = counter + 1: null

2019-01-08 19:39:36 - [TEST_STEP][PASSED] - Statement - PreSaveFile = new java.io.File(((pathPrefix + java.lang.Integer.toString(counter)) + .png)): null

2019-01-08 19:39:36 - [TEST_STEP][PASSED] - Statement - counter = counter + 1: null

2019-01-08 19:39:36 - [TEST_STEP][PASSED] - Statement - PreSaveFile = new java.io.File(((pathPrefix + java.lang.Integer.toString(counter)) + .png)): null

2019-01-08 19:39:36 - [TEST_STEP][PASSED] - Statement - counter = counter + 1: null

2019-01-08 19:39:36 - [TEST_STEP][PASSED] - Statement - PreSaveFile = new java.io.File(((pathPrefix + java.lang.Integer.toString(counter)) + .png)): null

2019-01-08 19:39:36 - [TEST_STEP][PASSED] - Statement - counter = counter + 1: null

2019-01-08 19:39:36 - [TEST_STEP][PASSED] - Statement - PreSaveFile = new java.io.File(((pathPrefix + java.lang.Integer.toString(counter)) + .png)): null

2019-01-08 19:39:36 - [TEST_STEP][PASSED] - Statement - counter = counter + 1: null

2019-01-08 19:39:36 - [TEST_STEP][PASSED] - Statement - PreSaveFile = new java.io.File(((pathPrefix + java.lang.Integer.toString(counter)) + .png)): null

2019-01-08 19:39:36 - [TEST_STEP][PASSED] - Statement - counter = counter + 1: null

2019-01-08 19:39:36 - [TEST_STEP][PASSED] - Statement - PreSaveFile = new java.io.File(((pathPrefix + java.lang.Integer.toString(counter)) + .png)): null

2019-01-08 19:39:36 - [TEST_STEP][PASSED] - Statement - counter = counter + 1: null

2019-01-08 19:39:36 - [TEST_STEP][PASSED] - Statement - PreSaveFile = new java.io.File(((pathPrefix + java.lang.Integer.toString(counter)) + .png)): null

2019-01-08 19:39:36 - [TEST_STEP][PASSED] - Statement - counter = counter + 1: null

2019-01-08 19:39:36 - [TEST_STEP][PASSED] - Statement - PreSaveFile = new java.io.File(((pathPrefix + java.lang.Integer.toString(counter)) + .png)): null

2019-01-08 19:39:36 - [TEST_STEP][PASSED] - Statement - counter = counter + 1: null

2019-01-08 19:39:36 - [TEST_STEP][PASSED] - Statement - PreSaveFile = new java.io.File(((pathPrefix + java.lang.Integer.toString(counter)) + .png)): null

2019-01-08 19:39:36 - [TEST_STEP][PASSED] - Statement - counter = counter + 1: null

2019-01-08 19:39:36 - [TEST_STEP][PASSED] - Statement - PreSaveFile = new java.io.File(((pathPrefix + java.lang.Integer.toString(counter)) + .png)): null

2019-01-08 19:39:36 - [TEST_STEP][PASSED] - Statement - counter = counter + 1: null

2019-01-08 19:39:36 - [TEST_STEP][PASSED] - Statement - PreSaveFile = new java.io.File(((pathPrefix + java.lang.Integer.toString(counter)) + .png)): null

2019-01-08 19:39:36 - [TEST_STEP][PASSED] - Statement - counter = counter + 1: null

2019-01-08 19:39:36 - [TEST_STEP][PASSED] - Statement - PreSaveFile = new java.io.File(((pathPrefix + java.lang.Integer.toString(counter)) + .png)): null

2019-01-08 19:39:36 - [TEST_STEP][PASSED] - Statement - counter = counter + 1: null

2019-01-08 19:39:36 - [TEST_STEP][PASSED] - Statement - PreSaveFile = new java.io.File(((pathPrefix + java.lang.Integer.toString(counter)) + .png)): null

2019-01-08 19:39:36 - [TEST_STEP][PASSED] - Statement - counter = counter + 1: null

2019-01-08 19:39:36 - [TEST_STEP][PASSED] - Statement - PreSaveFile = new java.io.File(((pathPrefix + java.lang.Integer.toString(counter)) + .png)): null

2019-01-08 19:39:36 - [TEST_STEP][PASSED] - Statement - counter = counter + 1: null

2019-01-08 19:39:36 - [TEST_STEP][PASSED] - Statement - PreSaveFile = new java.io.File(((pathPrefix + java.lang.Integer.toString(counter)) + .png)): null

2019-01-08 19:39:36 - [TEST_STEP][PASSED] - Statement - counter = counter + 1: null

2019-01-08 19:39:36 - [TEST_STEP][PASSED] - Statement - PreSaveFile = new java.io.File(((pathPrefix + java.lang.Integer.toString(counter)) + .png)): null

2019-01-08 19:39:36 - [TEST_STEP][PASSED] - Statement - counter = counter + 1: null

2019-01-08 19:39:36 - [TEST_STEP][PASSED] - Statement - PreSaveFile = new java.io.File(((pathPrefix + java.lang.Integer.toString(counter)) + .png)): null

2019-01-08 19:39:36 - [TEST_STEP][PASSED] - Statement - counter = counter + 1: null

2019-01-08 19:39:36 - [TEST_STEP][PASSED] - Statement - PreSaveFile = new java.io.File(((pathPrefix + java.lang.Integer.toString(counter)) + .png)): null

2019-01-08 19:39:36 - [TEST_STEP][PASSED] - Statement - counter = counter + 1: null

2019-01-08 19:39:36 - [TEST_STEP][PASSED] - Statement - PreSaveFile = new java.io.File(((pathPrefix + java.lang.Integer.toString(counter)) + .png)): null

2019-01-08 19:39:36 - [TEST_STEP][PASSED] - Statement - counter = counter + 1: null

2019-01-08 19:39:36 - [TEST_STEP][PASSED] - Statement - PreSaveFile = new java.io.File(((pathPrefix + java.lang.Integer.toString(counter)) + .png)): null

2019-01-08 19:39:36 - [TEST_STEP][PASSED] - Statement - counter = counter + 1: null

2019-01-08 19:39:36 - [TEST_STEP][PASSED] - Statement - PreSaveFile = new java.io.File(((pathPrefix + java.lang.Integer.toString(counter)) + .png)): null

2019-01-08 19:39:36 - [TEST_STEP][PASSED] - Statement - counter = counter + 1: null

2019-01-08 19:39:36 - [TEST_STEP][PASSED] - Statement - PreSaveFile = new java.io.File(((pathPrefix + java.lang.Integer.toString(counter)) + .png)): null

2019-01-08 19:39:36 - [TEST_STEP][PASSED] - Statement - counter = counter + 1: null

2019-01-08 19:39:36 - [TEST_STEP][PASSED] - Statement - PreSaveFile = new java.io.File(((pathPrefix + java.lang.Integer.toString(counter)) + .png)): null

2019-01-08 19:39:36 - [TEST_STEP][PASSED] - Statement - counter = counter + 1: null

2019-01-08 19:39:36 - [TEST_STEP][PASSED] - Statement - PreSaveFile = new java.io.File(((pathPrefix + java.lang.Integer.toString(counter)) + .png)): null

2019-01-08 19:39:36 - [TEST_STEP][PASSED] - Statement - counter = counter + 1: null

2019-01-08 19:39:36 - [TEST_STEP][PASSED] - Statement - PreSaveFile = new java.io.File(((pathPrefix + java.lang.Integer.toString(counter)) + .png)): null

2019-01-08 19:39:36 - [TEST_STEP][PASSED] - Statement - counter = counter + 1: null

2019-01-08 19:39:36 - [TEST_STEP][PASSED] - Statement - PreSaveFile = new java.io.File(((pathPrefix + java.lang.Integer.toString(counter)) + .png)): null

2019-01-08 19:39:36 - [TEST_STEP][PASSED] - Statement - counter = counter + 1: null

2019-01-08 19:39:36 - [TEST_STEP][PASSED] - Statement - PreSaveFile = new java.io.File(((pathPrefix + java.lang.Integer.toString(counter)) + .png)): null

2019-01-08 19:39:36 - [TEST_STEP][PASSED] - Statement - counter = counter + 1: null

2019-01-08 19:39:36 - [TEST_STEP][PASSED] - Statement - PreSaveFile = new java.io.File(((pathPrefix + java.lang.Integer.toString(counter)) + .png)): null

2019-01-08 19:39:36 - [TEST_STEP][PASSED] - Statement - counter = counter + 1: null

2019-01-08 19:39:36 - [TEST_STEP][PASSED] - Statement - PreSaveFile = new java.io.File(((pathPrefix + java.lang.Integer.toString(counter)) + .png)): null

2019-01-08 19:39:36 - [TEST_STEP][PASSED] - Statement - counter = counter + 1: null

2019-01-08 19:39:36 - [TEST_STEP][PASSED] - Statement - PreSaveFile = new java.io.File(((pathPrefix + java.lang.Integer.toString(counter)) + .png)): null

2019-01-08 19:39:36 - [TEST_STEP][PASSED] - Statement - counter = counter + 1: null

2019-01-08 19:39:36 - [TEST_STEP][PASSED] - Statement - PreSaveFile = new java.io.File(((pathPrefix + java.lang.Integer.toString(counter)) + .png)): null

2019-01-08 19:39:36 - [TEST_STEP][PASSED] - Statement - counter = counter + 1: null

2019-01-08 19:39:36 - [TEST_STEP][PASSED] - Statement - PreSaveFile = new java.io.File(((pathPrefix + java.lang.Integer.toString(counter)) + .png)): null

2019-01-08 19:39:36 - [TEST_STEP][PASSED] - Statement - counter = counter + 1: null

2019-01-08 19:39:36 - [TEST_STEP][PASSED] - Statement - PreSaveFile = new java.io.File(((pathPrefix + java.lang.Integer.toString(counter)) + .png)): null

2019-01-08 19:39:36 - [TEST_STEP][PASSED] - Statement - counter = counter + 1: null

2019-01-08 19:39:36 - [TEST_STEP][PASSED] - Statement - PreSaveFile = new java.io.File(((pathPrefix + java.lang.Integer.toString(counter)) + .png)): null

2019-01-08 19:39:36 - [TEST_STEP][PASSED] - Statement - counter = counter + 1: null

2019-01-08 19:39:36 - [TEST_STEP][PASSED] - Statement - PreSaveFile = new java.io.File(((pathPrefix + java.lang.Integer.toString(counter)) + .png)): null

2019-01-08 19:39:36 - [TEST_STEP][PASSED] - Statement - counter = counter + 1: null

2019-01-08 19:39:36 - [TEST_STEP][PASSED] - Statement - PreSaveFile = new java.io.File(((pathPrefix + java.lang.Integer.toString(counter)) + .png)): null

2019-01-08 19:39:36 - [TEST_STEP][PASSED] - Statement - finalPath = pathPrefix + java.lang.Integer.toString(counter) + ".png": null

2019-01-08 19:39:36 - [TEST_STEP][PASSED] - Statement - SaveFile = new java.io.File(finalPath): null

2019-01-08 19:39:36 - [TEST_STEP][PASSED] - Statement - Try: null

2019-01-08 19:39:36 - [TEST_STEP][PASSED] - Statement - org.apache.commons.io.FileUtils.copyFile(scrFile, SaveFile): null

2019-01-08 19:39:36 - [TEST_STEP][PASSED] - Statement - out.println("file kept"): null

2019-01-08 19:39:36 - [TEST_STEP][PASSED] - delay: Delayed 10 second(s)

2019-01-08 19:39:46 - [MESSAGE][PASSED] - Delayed 10 second(s)

2019-01-08 19:39:46 - [MESSAGE][PASSED] - Call Test Case 'Test Cases/Final Aug 2018 - PKS Automation/Common/Screenshoting tool' successfully

2019-01-08 19:39:46 - [TEST_STEP][PASSED] - callTestCase: Call Test Case 'Test Cases/Final Aug 2018 - PKS Automation/Registration Module/Log Out/log out avoiding katalon tagging' successfully

2019-01-08 19:39:46 - [TEST_CASE][PASSED] - Test Cases/Final Aug 2018 - PKS Automation/Registration Module/Log Out/log out avoiding katalon tagging: Test Cases/Final Aug 2018 - PKS Automation/Registration Module/Log Out/log out avoiding katalon tagging

2019-01-08 19:39:46 - [TEST_STEP][PASSED] - navigateToUrl: Navigate to 'https://assist2-uat.perkeso.gov.my/c/portal/logout' successfully

2019-01-08 19:39:47 - [MESSAGE][PASSED] - Navigate to 'https://assist2-uat.perkeso.gov.my/c/portal/logout' successfully

2019-01-08 19:39:47 - [MESSAGE][PASSED] - Call Test Case 'Test Cases/Final Aug 2018 - PKS Automation/Registration Module/Log Out/log out avoiding katalon tagging' successfully]]></system-out>
         <system-err><![CDATA[]]></system-err>
      </testcase>
      <testcase name="Test Cases/Final Aug 2018 - PKS Automation/Registration Module/Critical Path/Update Add New Employee/Update Add New Employee Without Eligible Employee" classname="Test Cases/Final Aug 2018 - PKS Automation/Registration Module/Critical Path/Update Add New Employee/Update Add New Employee Without Eligible Employee" status="PASSED">
         <system-out><![CDATA[2019-01-08 19:39:47 - [TEST_CASE][PASSED] - Test Cases/Final Aug 2018 - PKS Automation/Registration Module/Critical Path/Update Add New Employee/Update Add New Employee Without Eligible Employee: Test Cases/Final Aug 2018 - PKS Automation/Registration Module/Critical Path/Update Add New Employee/Update Add New Employee Without Eligible Employee

2019-01-08 19:39:47 - [TEST_STEP][PASSED] - openBrowser: Browser is opened with url: ''

2019-01-08 19:39:47 - [MESSAGE][WARNING] - A browser is already opened. Closing browser and opening a new one

2019-01-08 19:39:50 - [MESSAGE][PASSED] - Browser is opened with url: ''

2019-01-08 19:39:50 - [TEST_STEP][PASSED] - navigateToUrl: Navigate to 'https://assist2-uat.perkeso.gov.my/login' successfully

2019-01-08 19:39:51 - [MESSAGE][PASSED] - Navigate to 'https://assist2-uat.perkeso.gov.my/login' successfully

2019-01-08 19:39:51 - [TEST_STEP][PASSED] - delay: Delayed 2 second(s)

2019-01-08 19:39:53 - [MESSAGE][PASSED] - Delayed 2 second(s)

2019-01-08 19:39:53 - [TEST_STEP][PASSED] - callTestCase: Call Test Case 'Test Cases/Final Aug 2018 - PKS Automation/Registration Module/New Registration/Form 2/Date Updater' successfully

2019-01-08 19:39:53 - [TEST_CASE][PASSED] - Test Cases/Final Aug 2018 - PKS Automation/Registration Module/New Registration/Form 2/Date Updater: Test Cases/Final Aug 2018 - PKS Automation/Registration Module/New Registration/Form 2/Date Updater

2019-01-08 19:39:53 - [TEST_STEP][PASSED] - Statement - TodayDate = new java.util.Date(): null

2019-01-08 19:39:53 - [TEST_STEP][PASSED] - Statement - CurrentDateNoFilter = new java.text.SimpleDateFormat(): null

2019-01-08 19:39:53 - [TEST_STEP][PASSED] - Statement - CurrentDateNoFilter.applyPattern("MM"): null

2019-01-08 19:39:53 - [TEST_STEP][PASSED] - Statement - monthContainerMatcher = java.lang.Integer.parseInt(CurrentDateNoFilter.format(TodayDate)): null

2019-01-08 19:39:53 - [TEST_STEP][PASSED] - Statement - monthContainerMatcher = monthContainerMatcher - 1: null

2019-01-08 19:39:53 - [TEST_STEP][PASSED] - Statement - CurrentMonth = monthContainerMatcher.toString(): null

2019-01-08 19:39:53 - [TEST_STEP][PASSED] - Statement - CurrentMonth = CurrentMonth: null

2019-01-08 19:39:53 - [TEST_STEP][PASSED] - Statement - CurrentDateNoFilter.applyPattern("yyyy"): null

2019-01-08 19:39:53 - [TEST_STEP][PASSED] - Statement - CurrentYear = CurrentDateNoFilter.format(TodayDate): null

2019-01-08 19:39:53 - [TEST_STEP][PASSED] - Statement - CurrentYear = CurrentYear: null

2019-01-08 19:39:53 - [TEST_STEP][PASSED] - Statement - intCurrentYear = java.lang.Integer.parseInt(CurrentDateNoFilter.format(TodayDate)): null

2019-01-08 19:39:53 - [TEST_STEP][PASSED] - Statement - eighteenYrsAgo = intCurrentYear - 18: null

2019-01-08 19:39:53 - [TEST_STEP][PASSED] - Statement - eighteenYrsBeforeThisYr = eighteenYrsAgo.toString(): null

2019-01-08 19:39:53 - [TEST_STEP][PASSED] - Statement - EighteenYrsBefore = eighteenYrsBeforeThisYr: null

2019-01-08 19:39:53 - [TEST_STEP][PASSED] - Statement - fiftysevenYrsAgo = intCurrentYear - 57: null

2019-01-08 19:39:53 - [TEST_STEP][PASSED] - Statement - fiftysevenYrsBeforeThisYr = fiftysevenYrsAgo.toString(): null

2019-01-08 19:39:53 - [TEST_STEP][PASSED] - Statement - FiftysevenYrsBefore = fiftysevenYrsBeforeThisYr: null

2019-01-08 19:39:53 - [TEST_STEP][PASSED] - Statement - leapYear = false: null

2019-01-08 19:39:53 - [TEST_STEP][PASSED] - Statement - leapYear = intCurrentYear % 4 == 0: null

2019-01-08 19:39:53 - [TEST_STEP][PASSED] - Statement - CurrentDateNoFilter.applyPattern("dd"): null

2019-01-08 19:39:53 - [TEST_STEP][PASSED] - Statement - CurrentDate = CurrentDateNoFilter.format(TodayDate): null

2019-01-08 19:39:53 - [TEST_STEP][PASSED] - Statement - CurrentDate = java.lang.Integer.parseInt(CurrentDate): null

2019-01-08 19:39:53 - [TEST_STEP][PASSED] - Statement - CurrentDate = CurrentDate: null

2019-01-08 19:39:53 - [TEST_STEP][PASSED] - Statement - CurrentDay = java.lang.Integer.parseInt(CurrentDate): null

2019-01-08 19:39:53 - [TEST_STEP][PASSED] - Statement - ConfAdder = <not implemented yet for class: org.codehaus.groovy.ast.expr.EmptyExpression>: null

2019-01-08 19:39:53 - [TEST_STEP][PASSED] - Statement - out.println(CurrentMonth): null

2019-01-08 19:39:53 - [TEST_STEP][PASSED] - Statement - out.println(CurrentDate): null

2019-01-08 19:39:53 - [TEST_STEP][PASSED] - Statement - switch (CurrentDate): null

2019-01-08 19:39:53 - [TEST_STEP][PASSED] - Statement - Default: null

2019-01-08 19:39:53 - [TEST_STEP][PASSED] - Statement - ConfAdder = true: null

2019-01-08 19:39:53 - [TEST_STEP][PASSED] - Statement - Break: null

2019-01-08 19:39:53 - [TEST_STEP][PASSED] - Statement - aDayBefore = <not implemented yet for class: org.codehaus.groovy.ast.expr.EmptyExpression>: null

2019-01-08 19:39:53 - [TEST_STEP][PASSED] - Statement - out.println(ConfAdder): null

2019-01-08 19:39:53 - [TEST_STEP][PASSED] - Statement - If (ConfAdder == true): null

2019-01-08 19:39:53 - [TEST_STEP][PASSED] - Statement - aDayBefore = CurrentDay + 1: null

2019-01-08 19:39:53 - [TEST_STEP][PASSED] - Statement - out.println(aDayBefore): null

2019-01-08 19:39:53 - [TEST_STEP][PASSED] - Statement - If (aDayBefore == 1 && CurrentMonth == 11): null

2019-01-08 19:39:53 - [TEST_STEP][PASSED] - Statement - DayBefore = aDayBefore.toString(): null

2019-01-08 19:39:53 - [TEST_STEP][PASSED] - Statement - OneDayBefore = DayBefore: null

2019-01-08 19:39:53 - [MESSAGE][PASSED] - Call Test Case 'Test Cases/Final Aug 2018 - PKS Automation/Registration Module/New Registration/Form 2/Date Updater' successfully

2019-01-08 19:39:53 - [TEST_STEP][PASSED] - delay: Delayed 2 second(s)

2019-01-08 19:39:55 - [MESSAGE][PASSED] - Delayed 2 second(s)

2019-01-08 19:39:55 - [TEST_STEP][PASSED] - setText: Text 'klotc2@gmail.com' is set on object 'Object Repository/Final Object Repo/Page_Update Add New Employee - ASSIST/Email TextBox'

2019-01-08 19:39:56 - [MESSAGE][PASSED] - Text 'klotc2@gmail.com' is set on object 'Object Repository/Final Object Repo/Page_Update Add New Employee - ASSIST/Email TextBox'

2019-01-08 19:39:56 - [TEST_STEP][PASSED] - click: Object: 'Object Repository/Final Object Repo/Page_Update Add New Employee - ASSIST/Next Button' is clicked on

2019-01-08 19:39:56 - [MESSAGE][PASSED] - Object: 'Object Repository/Final Object Repo/Page_Update Add New Employee - ASSIST/Next Button' is clicked on

2019-01-08 19:39:56 - [TEST_STEP][PASSED] - delay: Delayed 2 second(s)

2019-01-08 19:39:58 - [MESSAGE][PASSED] - Delayed 2 second(s)

2019-01-08 19:39:58 - [TEST_STEP][PASSED] - setText: Text 'Test1@3456789' is set on object 'Object Repository/Final Object Repo/Page_Update Add New Employee - ASSIST/Password TextBox'

2019-01-08 19:39:58 - [MESSAGE][PASSED] - Text 'Test1@3456789' is set on object 'Object Repository/Final Object Repo/Page_Update Add New Employee - ASSIST/Password TextBox'

2019-01-08 19:39:58 - [TEST_STEP][PASSED] - delay: Delayed 2 second(s)

2019-01-08 19:40:00 - [MESSAGE][PASSED] - Delayed 2 second(s)

2019-01-08 19:40:00 - [TEST_STEP][PASSED] - click: Object: 'Object Repository/Final Object Repo/Page_Update Add New Employee - ASSIST/Login Button' is clicked on

2019-01-08 19:40:00 - [MESSAGE][PASSED] - Object: 'Object Repository/Final Object Repo/Page_Update Add New Employee - ASSIST/Login Button' is clicked on

2019-01-08 19:40:00 - [TEST_STEP][PASSED] - Statement - Try: null

2019-01-08 19:40:00 - [TEST_STEP][PASSED] - Statement - Checker = com.kms.katalon.core.webui.keyword.WebUiBuiltInKeywords.verifyElementNotPresent("Final Object Repo/Landing Page/Select to English", 3): null

2019-01-08 19:40:00 - [TEST_STEP][PASSED] - Statement - Catch (Exception e): null

2019-01-08 19:40:00 - [TEST_STEP][PASSED] - Statement - e.printStackTrace(): null

2019-01-08 19:40:00 - [TEST_STEP][PASSED] - delay: Delayed 4 second(s)

2019-01-08 19:40:04 - [MESSAGE][PASSED] - Delayed 4 second(s)

2019-01-08 19:40:04 - [TEST_STEP][PASSED] - click: Object: 'Object Repository/Final Object Repo/Page_Update Add New Employee - ASSIST/My Sites Drop Down' is clicked on

2019-01-08 19:40:05 - [MESSAGE][PASSED] - Object: 'Object Repository/Final Object Repo/Page_Update Add New Employee - ASSIST/My Sites Drop Down' is clicked on

2019-01-08 19:40:05 - [TEST_STEP][PASSED] - click: Object: 'Object Repository/Final Object Repo/Page_Update Add New Employee - ASSIST/Select to Registration Module' is clicked on

2019-01-08 19:40:06 - [MESSAGE][PASSED] - Object: 'Object Repository/Final Object Repo/Page_Update Add New Employee - ASSIST/Select to Registration Module' is clicked on

2019-01-08 19:40:06 - [TEST_STEP][PASSED] - navigateToUrl: Navigate to 'https://assist2-uat.perkeso.gov.my/web/registration/myassist' successfully

2019-01-08 19:40:06 - [MESSAGE][PASSED] - Navigate to 'https://assist2-uat.perkeso.gov.my/web/registration/myassist' successfully

2019-01-08 19:40:06 - [TEST_STEP][PASSED] - mouseOver: Object: 'Object Repository/Final Object Repo/Page_Update Add New Employee - ASSIST/Select to Update Akta 4 Tab' is hovered

2019-01-08 19:40:06 - [MESSAGE][PASSED] - Object: 'Object Repository/Final Object Repo/Page_Update Add New Employee - ASSIST/Select to Update Akta 4 Tab' is hovered

2019-01-08 19:40:06 - [TEST_STEP][PASSED] - delay: Delayed 2 second(s)

2019-01-08 19:40:08 - [MESSAGE][PASSED] - Delayed 2 second(s)

2019-01-08 19:40:08 - [TEST_STEP][PASSED] - click: Object: 'Object Repository/Final Object Repo/Page_Update Add New Employee - ASSIST/Select to Update Add New Employee' is clicked on

2019-01-08 19:40:09 - [MESSAGE][PASSED] - Object: 'Object Repository/Final Object Repo/Page_Update Add New Employee - ASSIST/Select to Update Add New Employee' is clicked on

2019-01-08 19:40:09 - [TEST_STEP][PASSED] - delay: Delayed 2 second(s)

2019-01-08 19:40:11 - [MESSAGE][PASSED] - Delayed 2 second(s)

2019-01-08 19:40:11 - [TEST_STEP][PASSED] - setText: Text 'E1102069801V' is set on object 'Object Repository/Final Object Repo/Page_Update Add New Employee - ASSIST/Employer Code input textbox'

2019-01-08 19:40:11 - [MESSAGE][PASSED] - Text 'E1102069801V' is set on object 'Object Repository/Final Object Repo/Page_Update Add New Employee - ASSIST/Employer Code input textbox'

2019-01-08 19:40:11 - [TEST_STEP][PASSED] - delay: Delayed 2 second(s)

2019-01-08 19:40:13 - [MESSAGE][PASSED] - Delayed 2 second(s)

2019-01-08 19:40:13 - [TEST_STEP][PASSED] - click: Object: 'Object Repository/Final Object Repo/Page_Update Add New Employee - ASSIST/Search Button for Employer Code' is clicked on

2019-01-08 19:40:14 - [MESSAGE][PASSED] - Object: 'Object Repository/Final Object Repo/Page_Update Add New Employee - ASSIST/Search Button for Employer Code' is clicked on

2019-01-08 19:40:14 - [TEST_STEP][PASSED] - delay: Delayed 4 second(s)

2019-01-08 19:40:18 - [MESSAGE][PASSED] - Delayed 4 second(s)

2019-01-08 19:40:18 - [TEST_STEP][PASSED] - click: Object: 'Object Repository/Final Object Repo/Page_Update Add New Employee - ASSIST/Click to Edit Case' is clicked on

2019-01-08 19:40:20 - [MESSAGE][PASSED] - Object: 'Object Repository/Final Object Repo/Page_Update Add New Employee - ASSIST/Click to Edit Case' is clicked on

2019-01-08 19:40:20 - [TEST_STEP][PASSED] - callTestCase: Call Test Case 'Test Cases/Final Aug 2018 - PKS Automation/Registration Module/Workflow/Update Add New Employee/Template/Employee Adding/Employee Adding Action No Repeat IC - No Eligible Only' successfully

2019-01-08 19:40:20 - [TEST_CASE][PASSED] - Test Cases/Final Aug 2018 - PKS Automation/Registration Module/Workflow/Update Add New Employee/Template/Employee Adding/Employee Adding Action No Repeat IC - No Eligible Only: Test Cases/Final Aug 2018 - PKS Automation/Registration Module/Workflow/Update Add New Employee/Template/Employee Adding/Employee Adding Action No Repeat IC - No Eligible Only

2019-01-08 19:40:21 - [TEST_STEP][PASSED] - delay: Delayed 4 second(s)

2019-01-08 19:40:25 - [MESSAGE][PASSED] - Delayed 4 second(s)

2019-01-08 19:40:25 - [TEST_STEP][PASSED] - click: Object: 'Object Repository/Final Object Repo/Page_Update Add New Employee - ASSIST/Add Employee Button' is clicked on

2019-01-08 19:40:25 - [MESSAGE][PASSED] - Object: 'Object Repository/Final Object Repo/Page_Update Add New Employee - ASSIST/Add Employee Button' is clicked on

2019-01-08 19:40:25 - [TEST_STEP][PASSED] - Statement - CurrentMonth = CurrentMonth: null

2019-01-08 19:40:25 - [TEST_STEP][PASSED] - Statement - selectMonth = new com.kms.katalon.core.testobject.TestObject(): null

2019-01-08 19:40:25 - [TEST_STEP][PASSED] - Statement - selectYear = new com.kms.katalon.core.testobject.TestObject(): null

2019-01-08 19:40:25 - [TEST_STEP][PASSED] - delay: Delayed 4 second(s)

2019-01-08 19:40:29 - [MESSAGE][PASSED] - Delayed 4 second(s)

2019-01-08 19:40:29 - [TEST_STEP][PASSED] - Statement - While (com.kms.katalon.core.webui.keyword.WebUiBuiltInKeywords.verifyElementNotVisible(com.kms.katalon.core.testobject.ObjectRepository.findTestObject(Final Object Repo/Page_Update Add New Employee - ASSIST/No Duplicate Employee Cross), OPTIONAL)): Object 'Object Repository/Final Object Repo/Page_Update Add New Employee - ASSIST/No Duplicate Employee Cross' is visible

2019-01-08 19:40:29 - [MESSAGE][PASSED] - Object 'Object Repository/Final Object Repo/Page_Update Add New Employee - ASSIST/No Duplicate Employee Cross' is NOT visible

2019-01-08 19:40:29 - [TEST_STEP][PASSED] - callTestCase: Call Test Case 'Test Cases/Final Aug 2018 - PKS Automation/Common/IC Generator' successfully

2019-01-08 19:40:29 - [TEST_CASE][PASSED] - Test Cases/Final Aug 2018 - PKS Automation/Common/IC Generator: Test Cases/Final Aug 2018 - PKS Automation/Common/IC Generator

2019-01-08 19:40:29 - [TEST_STEP][PASSED] - Statement - rnd = new java.util.Random(): null

2019-01-08 19:40:29 - [TEST_STEP][PASSED] - Statement - snum = rnd.nextInt(899999 + 1) + 100000: null

2019-01-08 19:40:29 - [TEST_STEP][PASSED] - Statement - tnum = rnd.nextInt(899999 + 1) + 100000: null

2019-01-08 19:40:29 - [TEST_STEP][PASSED] - Statement - IC = java.lang.Integer.toString(snum) + java.lang.Integer.toString(tnum): null

2019-01-08 19:40:29 - [TEST_STEP][PASSED] - Statement - ICtoAdd = IC: null

2019-01-08 19:40:29 - [TEST_STEP][PASSED] - Statement - out.println(ICtoAdd): null

2019-01-08 19:40:29 - [MESSAGE][PASSED] - Call Test Case 'Test Cases/Final Aug 2018 - PKS Automation/Common/IC Generator' successfully

2019-01-08 19:40:29 - [TEST_STEP][PASSED] - delay: Delayed 1 second(s)

2019-01-08 19:40:30 - [MESSAGE][PASSED] - Delayed 1 second(s)

2019-01-08 19:40:30 - [TEST_STEP][PASSED] - setText: Text '875996577960' is set on object 'Object Repository/Final Object Repo/Page_Update Add New Employee - ASSIST/NRIC Input'

2019-01-08 19:40:31 - [MESSAGE][PASSED] - Text '875996577960' is set on object 'Object Repository/Final Object Repo/Page_Update Add New Employee - ASSIST/NRIC Input'

2019-01-08 19:40:31 - [TEST_STEP][PASSED] - delay: Delayed 2 second(s)

2019-01-08 19:40:33 - [MESSAGE][PASSED] - Delayed 2 second(s)

2019-01-08 19:40:33 - [TEST_STEP][PASSED] - click: Object: 'Object Repository/Final Object Repo/Page_Update Add New Employee - ASSIST/button for search for IC' is clicked on

2019-01-08 19:40:33 - [MESSAGE][PASSED] - Object: 'Object Repository/Final Object Repo/Page_Update Add New Employee - ASSIST/button for search for IC' is clicked on

2019-01-08 19:40:33 - [TEST_STEP][PASSED] - delay: Object 'Object Repository/Final Object Repo/Page_Update Add New Employee - ASSIST/No Duplicate Employee Cross' is visible

2019-01-08 19:40:34 - [MESSAGE][PASSED] - Delayed 1 second(s)

2019-01-08 19:40:34 - [MESSAGE][WARNING] - Object 'Object Repository/Final Object Repo/Page_Update Add New Employee - ASSIST/No Duplicate Employee Cross' is visible
[[ATTACHMENT|C:\\Users\\Admin\\Desktop\\PKS\\Perkeso Phase A\\Reports\\Critical Path\\20190108_174022\\1546947634318.png]]

2019-01-08 19:40:34 - [TEST_STEP][PASSED] - delay: Delayed 2 second(s)

2019-01-08 19:40:36 - [MESSAGE][PASSED] - Delayed 2 second(s)

2019-01-08 19:40:36 - [TEST_STEP][PASSED] - setText: Text 'Automate002 not eligible 1' is set on object 'Object Repository/Final Object Repo/Page_Update Add New Employee - ASSIST/Employee Name Input'

2019-01-08 19:40:37 - [MESSAGE][PASSED] - Text 'Automate002 not eligible 1' is set on object 'Object Repository/Final Object Repo/Page_Update Add New Employee - ASSIST/Employee Name Input'

2019-01-08 19:40:37 - [TEST_STEP][PASSED] - delay: Delayed 2 second(s)

2019-01-08 19:40:39 - [MESSAGE][PASSED] - Delayed 2 second(s)

2019-01-08 19:40:39 - [TEST_STEP][PASSED] - click: Object: 'Object Repository/Final Object Repo/Page_Update Add New Employee - ASSIST/DatePicker Pop Up' is clicked on

2019-01-08 19:40:39 - [MESSAGE][PASSED] - Object: 'Object Repository/Final Object Repo/Page_Update Add New Employee - ASSIST/DatePicker Pop Up' is clicked on

2019-01-08 19:40:39 - [TEST_STEP][PASSED] - delay: Delayed 2 second(s)

2019-01-08 19:40:41 - [MESSAGE][PASSED] - Delayed 2 second(s)

2019-01-08 19:40:41 - [TEST_STEP][PASSED] - click: Object: 'Object Repository/Final Object Repo/Page_Update Add New Employee - ASSIST/DOB Month' is clicked on

2019-01-08 19:40:41 - [MESSAGE][PASSED] - Object: 'Object Repository/Final Object Repo/Page_Update Add New Employee - ASSIST/DOB Month' is clicked on

2019-01-08 19:40:41 - [TEST_STEP][PASSED] - Statement - selectMonth = com.kms.katalon.core.webui.keyword.WebUiBuiltInKeywords.modifyObjectProperty(selectMonth, "xpath", "equals", "//body/div/div/div/select/option[@value="" + CurrentMonth + ""]", true): Modify property of object successfully

2019-01-08 19:40:41 - [MESSAGE][PASSED] - Modify property of object successfully

2019-01-08 19:40:41 - [TEST_STEP][PASSED] - click: Object: '' is clicked on

2019-01-08 19:40:41 - [MESSAGE][PASSED] - Object: '' is clicked on

2019-01-08 19:40:41 - [TEST_STEP][PASSED] - click: Object: 'Object Repository/Final Object Repo/Page_Update Add New Employee - ASSIST/DOB Year' is clicked on

2019-01-08 19:40:41 - [MESSAGE][PASSED] - Object: 'Object Repository/Final Object Repo/Page_Update Add New Employee - ASSIST/DOB Year' is clicked on

2019-01-08 19:40:41 - [TEST_STEP][PASSED] - Statement - selectYear = com.kms.katalon.core.webui.keyword.WebUiBuiltInKeywords.modifyObjectProperty(selectYear, "xpath", "equals", "//div/div/div/select/option[@value="" + EighteenYrsBefore + ""]", true): Modify property of object successfully

2019-01-08 19:40:41 - [MESSAGE][PASSED] - Modify property of object successfully

2019-01-08 19:40:41 - [TEST_STEP][PASSED] - click: Object: '' is clicked on

2019-01-08 19:40:42 - [MESSAGE][PASSED] - Object: '' is clicked on

2019-01-08 19:40:42 - [TEST_STEP][PASSED] - Statement - UpdatedSelectDate = com.kms.katalon.core.webui.keyword.WebUiBuiltInKeywords.modifyObjectProperty(com.kms.katalon.core.testobject.ObjectRepository.findTestObject(Final Object Repo/Page_Update Add New Employee - ASSIST/DOB Date), "xpath", "equals", "//body/div/table/tbody/tr/td/a[text()="" + OneDayBefore + ""]", true): Modify property of object successfully

2019-01-08 19:40:42 - [MESSAGE][PASSED] - Modify property of object successfully

2019-01-08 19:40:42 - [TEST_STEP][PASSED] - click: Object: 'Object Repository/Final Object Repo/Page_Update Add New Employee - ASSIST/DOB Date' is clicked on

2019-01-08 19:40:42 - [MESSAGE][PASSED] - Object: 'Object Repository/Final Object Repo/Page_Update Add New Employee - ASSIST/DOB Date' is clicked on

2019-01-08 19:40:42 - [TEST_STEP][PASSED] - delay: Delayed 2 second(s)

2019-01-08 19:40:44 - [MESSAGE][PASSED] - Delayed 2 second(s)

2019-01-08 19:40:44 - [TEST_STEP][PASSED] - click: Object: 'Object Repository/Final Object Repo/Page_Update Add New Employee - ASSIST/EmploymentStartDate Pop Up' is clicked on

2019-01-08 19:40:44 - [MESSAGE][PASSED] - Object: 'Object Repository/Final Object Repo/Page_Update Add New Employee - ASSIST/EmploymentStartDate Pop Up' is clicked on

2019-01-08 19:40:44 - [TEST_STEP][PASSED] - delay: Delayed 2 second(s)

2019-01-08 19:40:46 - [MESSAGE][PASSED] - Delayed 2 second(s)

2019-01-08 19:40:46 - [TEST_STEP][PASSED] - click: Object: 'Object Repository/Final Object Repo/Page_Update Add New Employee - ASSIST/Socso Employment StartDate Month' is clicked on

2019-01-08 19:40:46 - [MESSAGE][PASSED] - Object: 'Object Repository/Final Object Repo/Page_Update Add New Employee - ASSIST/Socso Employment StartDate Month' is clicked on

2019-01-08 19:40:46 - [TEST_STEP][PASSED] - delay: Delayed 1 second(s)

2019-01-08 19:40:47 - [MESSAGE][PASSED] - Delayed 1 second(s)

2019-01-08 19:40:47 - [TEST_STEP][PASSED] - click: Object: 'Object Repository/Final Object Repo/Page_Update Add New Employee - ASSIST/Select Socso Employement Startdate Month' is clicked on

2019-01-08 19:40:47 - [MESSAGE][PASSED] - Object: 'Object Repository/Final Object Repo/Page_Update Add New Employee - ASSIST/Select Socso Employement Startdate Month' is clicked on

2019-01-08 19:40:47 - [TEST_STEP][PASSED] - delay: Delayed 2 second(s)

2019-01-08 19:40:49 - [MESSAGE][PASSED] - Delayed 2 second(s)

2019-01-08 19:40:49 - [TEST_STEP][PASSED] - click: Object: 'Object Repository/Final Object Repo/Page_Update Add New Employee - ASSIST/Socso Employment StartDate Year' is clicked on

2019-01-08 19:40:49 - [MESSAGE][PASSED] - Object: 'Object Repository/Final Object Repo/Page_Update Add New Employee - ASSIST/Socso Employment StartDate Year' is clicked on

2019-01-08 19:40:49 - [TEST_STEP][PASSED] - delay: Delayed 1 second(s)

2019-01-08 19:40:50 - [MESSAGE][PASSED] - Delayed 1 second(s)

2019-01-08 19:40:50 - [TEST_STEP][PASSED] - click: Object: 'Object Repository/Final Object Repo/Page_Update Add New Employee - ASSIST/Select Socso Employment Startdate Year' is clicked on

2019-01-08 19:40:51 - [MESSAGE][PASSED] - Object: 'Object Repository/Final Object Repo/Page_Update Add New Employee - ASSIST/Select Socso Employment Startdate Year' is clicked on

2019-01-08 19:40:51 - [TEST_STEP][PASSED] - delay: Delayed 2 second(s)

2019-01-08 19:40:53 - [MESSAGE][PASSED] - Delayed 2 second(s)

2019-01-08 19:40:53 - [TEST_STEP][PASSED] - click: Object: 'Object Repository/Final Object Repo/Page_Update Add New Employee - ASSIST/Socso Employment Start Date Day' is clicked on

2019-01-08 19:40:53 - [MESSAGE][PASSED] - Object: 'Object Repository/Final Object Repo/Page_Update Add New Employee - ASSIST/Socso Employment Start Date Day' is clicked on

2019-01-08 19:40:53 - [TEST_STEP][PASSED] - delay: Delayed 2 second(s)

2019-01-08 19:40:55 - [MESSAGE][PASSED] - Delayed 2 second(s)

2019-01-08 19:40:55 - [TEST_STEP][PASSED] - click: Object: 'Object Repository/Final Object Repo/Page_Update Add New Employee - ASSIST/Save Button for Add Employee' is clicked on

2019-01-08 19:40:55 - [MESSAGE][PASSED] - Object: 'Object Repository/Final Object Repo/Page_Update Add New Employee - ASSIST/Save Button for Add Employee' is clicked on

2019-01-08 19:40:55 - [TEST_STEP][PASSED] - delay: Delayed 10 second(s)

2019-01-08 19:41:05 - [MESSAGE][PASSED] - Delayed 10 second(s)

2019-01-08 19:41:05 - [TEST_STEP][PASSED] - click: Object: 'Object Repository/Final Object Repo/Page_Update Add New Employee - ASSIST/Add Employee Button' is clicked on

2019-01-08 19:41:05 - [MESSAGE][PASSED] - Object: 'Object Repository/Final Object Repo/Page_Update Add New Employee - ASSIST/Add Employee Button' is clicked on

2019-01-08 19:41:05 - [TEST_STEP][PASSED] - delay: Delayed 4 second(s)

2019-01-08 19:41:09 - [MESSAGE][PASSED] - Delayed 4 second(s)

2019-01-08 19:41:09 - [TEST_STEP][PASSED] - Statement - While (com.kms.katalon.core.webui.keyword.WebUiBuiltInKeywords.verifyElementNotVisible(com.kms.katalon.core.testobject.ObjectRepository.findTestObject(Final Object Repo/Page_Update Add New Employee - ASSIST/No Duplicate Employee Cross), OPTIONAL)): Object 'Object Repository/Final Object Repo/Page_Update Add New Employee - ASSIST/No Duplicate Employee Cross' is visible

2019-01-08 19:41:09 - [MESSAGE][PASSED] - Object 'Object Repository/Final Object Repo/Page_Update Add New Employee - ASSIST/No Duplicate Employee Cross' is NOT visible

2019-01-08 19:41:09 - [TEST_STEP][PASSED] - callTestCase: Call Test Case 'Test Cases/Final Aug 2018 - PKS Automation/Common/IC Generator' successfully

2019-01-08 19:41:09 - [TEST_CASE][PASSED] - Test Cases/Final Aug 2018 - PKS Automation/Common/IC Generator: Test Cases/Final Aug 2018 - PKS Automation/Common/IC Generator

2019-01-08 19:41:09 - [TEST_STEP][PASSED] - Statement - rnd = new java.util.Random(): null

2019-01-08 19:41:09 - [TEST_STEP][PASSED] - Statement - snum = rnd.nextInt(899999 + 1) + 100000: null

2019-01-08 19:41:09 - [TEST_STEP][PASSED] - Statement - tnum = rnd.nextInt(899999 + 1) + 100000: null

2019-01-08 19:41:09 - [TEST_STEP][PASSED] - Statement - IC = java.lang.Integer.toString(snum) + java.lang.Integer.toString(tnum): null

2019-01-08 19:41:09 - [TEST_STEP][PASSED] - Statement - ICtoAdd = IC: null

2019-01-08 19:41:09 - [TEST_STEP][PASSED] - Statement - out.println(ICtoAdd): null

2019-01-08 19:41:09 - [MESSAGE][PASSED] - Call Test Case 'Test Cases/Final Aug 2018 - PKS Automation/Common/IC Generator' successfully

2019-01-08 19:41:09 - [TEST_STEP][PASSED] - delay: Delayed 1 second(s)

2019-01-08 19:41:10 - [MESSAGE][PASSED] - Delayed 1 second(s)

2019-01-08 19:41:10 - [TEST_STEP][PASSED] - setText: Text '281614947257' is set on object 'Object Repository/Final Object Repo/Page_Update Add New Employee - ASSIST/NRIC Input'

2019-01-08 19:41:11 - [MESSAGE][PASSED] - Text '281614947257' is set on object 'Object Repository/Final Object Repo/Page_Update Add New Employee - ASSIST/NRIC Input'

2019-01-08 19:41:11 - [TEST_STEP][PASSED] - delay: Delayed 2 second(s)

2019-01-08 19:41:13 - [MESSAGE][PASSED] - Delayed 2 second(s)

2019-01-08 19:41:13 - [TEST_STEP][PASSED] - click: Object: 'Object Repository/Final Object Repo/Page_Update Add New Employee - ASSIST/button for search for IC' is clicked on

2019-01-08 19:41:13 - [MESSAGE][PASSED] - Object: 'Object Repository/Final Object Repo/Page_Update Add New Employee - ASSIST/button for search for IC' is clicked on

2019-01-08 19:41:13 - [TEST_STEP][PASSED] - delay: Object 'Object Repository/Final Object Repo/Page_Update Add New Employee - ASSIST/No Duplicate Employee Cross' is visible

2019-01-08 19:41:14 - [MESSAGE][PASSED] - Delayed 1 second(s)

2019-01-08 19:41:14 - [MESSAGE][WARNING] - Object 'Object Repository/Final Object Repo/Page_Update Add New Employee - ASSIST/No Duplicate Employee Cross' is visible
[[ATTACHMENT|C:\\Users\\Admin\\Desktop\\PKS\\Perkeso Phase A\\Reports\\Critical Path\\20190108_174022\\1546947674332.png]]

2019-01-08 19:41:14 - [TEST_STEP][PASSED] - delay: Delayed 2 second(s)

2019-01-08 19:41:16 - [MESSAGE][PASSED] - Delayed 2 second(s)

2019-01-08 19:41:16 - [TEST_STEP][PASSED] - setText: Text 'Automate002 not eligible 2' is set on object 'Object Repository/Final Object Repo/Page_Update Add New Employee - ASSIST/Employee Name Input'

2019-01-08 19:41:17 - [MESSAGE][PASSED] - Text 'Automate002 not eligible 2' is set on object 'Object Repository/Final Object Repo/Page_Update Add New Employee - ASSIST/Employee Name Input'

2019-01-08 19:41:17 - [TEST_STEP][PASSED] - delay: Delayed 2 second(s)

2019-01-08 19:41:19 - [MESSAGE][PASSED] - Delayed 2 second(s)

2019-01-08 19:41:19 - [TEST_STEP][PASSED] - click: Object: 'Object Repository/Final Object Repo/Page_Update Add New Employee - ASSIST/DatePicker Pop Up' is clicked on

2019-01-08 19:41:19 - [MESSAGE][PASSED] - Object: 'Object Repository/Final Object Repo/Page_Update Add New Employee - ASSIST/DatePicker Pop Up' is clicked on

2019-01-08 19:41:19 - [TEST_STEP][PASSED] - delay: Delayed 2 second(s)

2019-01-08 19:41:21 - [MESSAGE][PASSED] - Delayed 2 second(s)

2019-01-08 19:41:21 - [TEST_STEP][PASSED] - click: Object: 'Object Repository/Final Object Repo/Page_Update Add New Employee - ASSIST/DOB Month' is clicked on

2019-01-08 19:41:21 - [MESSAGE][PASSED] - Object: 'Object Repository/Final Object Repo/Page_Update Add New Employee - ASSIST/DOB Month' is clicked on

2019-01-08 19:41:21 - [TEST_STEP][PASSED] - Statement - selectMonth = com.kms.katalon.core.webui.keyword.WebUiBuiltInKeywords.modifyObjectProperty(selectMonth, "xpath", "equals", "//body/div/div/div/select/option[@value="" + CurrentMonth + ""]", true): Modify property of object successfully

2019-01-08 19:41:21 - [MESSAGE][PASSED] - Modify property of object successfully

2019-01-08 19:41:21 - [TEST_STEP][PASSED] - click: Object: '' is clicked on

2019-01-08 19:41:21 - [MESSAGE][PASSED] - Object: '' is clicked on

2019-01-08 19:41:21 - [TEST_STEP][PASSED] - click: Object: 'Object Repository/Final Object Repo/Page_Update Add New Employee - ASSIST/DOB Year' is clicked on

2019-01-08 19:41:21 - [MESSAGE][PASSED] - Object: 'Object Repository/Final Object Repo/Page_Update Add New Employee - ASSIST/DOB Year' is clicked on

2019-01-08 19:41:21 - [TEST_STEP][PASSED] - Statement - selectYear = com.kms.katalon.core.webui.keyword.WebUiBuiltInKeywords.modifyObjectProperty(selectYear, "xpath", "equals", "//div/div/div/select/option[@value="" + FiftysevenYrsBefore + ""]", true): Modify property of object successfully

2019-01-08 19:41:21 - [MESSAGE][PASSED] - Modify property of object successfully

2019-01-08 19:41:21 - [TEST_STEP][PASSED] - click: Object: '' is clicked on

2019-01-08 19:41:22 - [MESSAGE][PASSED] - Object: '' is clicked on

2019-01-08 19:41:22 - [TEST_STEP][PASSED] - Statement - UpdatedSelectDate = com.kms.katalon.core.webui.keyword.WebUiBuiltInKeywords.modifyObjectProperty(com.kms.katalon.core.testobject.ObjectRepository.findTestObject(Final Object Repo/Page_Update Add New Employee - ASSIST/DOB Date), "xpath", "equals", "//body/div/table/tbody/tr/td/a[text()="" + CurrentDate + ""]", true): Modify property of object successfully

2019-01-08 19:41:22 - [MESSAGE][PASSED] - Modify property of object successfully

2019-01-08 19:41:22 - [TEST_STEP][PASSED] - click: Object: 'Object Repository/Final Object Repo/Page_Update Add New Employee - ASSIST/DOB Date' is clicked on

2019-01-08 19:41:22 - [MESSAGE][PASSED] - Object: 'Object Repository/Final Object Repo/Page_Update Add New Employee - ASSIST/DOB Date' is clicked on

2019-01-08 19:41:22 - [TEST_STEP][PASSED] - click: Object: 'Object Repository/Final Object Repo/Page_Update Add New Employee - ASSIST/EmploymentStartDate Pop Up' is clicked on

2019-01-08 19:41:22 - [MESSAGE][PASSED] - Object: 'Object Repository/Final Object Repo/Page_Update Add New Employee - ASSIST/EmploymentStartDate Pop Up' is clicked on

2019-01-08 19:41:22 - [TEST_STEP][PASSED] - delay: Delayed 2 second(s)

2019-01-08 19:41:24 - [MESSAGE][PASSED] - Delayed 2 second(s)

2019-01-08 19:41:24 - [TEST_STEP][PASSED] - click: Object: 'Object Repository/Final Object Repo/Page_Update Add New Employee - ASSIST/Socso Employment StartDate Month' is clicked on

2019-01-08 19:41:24 - [MESSAGE][PASSED] - Object: 'Object Repository/Final Object Repo/Page_Update Add New Employee - ASSIST/Socso Employment StartDate Month' is clicked on

2019-01-08 19:41:24 - [TEST_STEP][PASSED] - delay: Delayed 1 second(s)

2019-01-08 19:41:25 - [MESSAGE][PASSED] - Delayed 1 second(s)

2019-01-08 19:41:25 - [TEST_STEP][PASSED] - click: Object: 'Object Repository/Final Object Repo/Page_Update Add New Employee - ASSIST/Select Socso Employement Startdate Month' is clicked on

2019-01-08 19:41:25 - [MESSAGE][PASSED] - Object: 'Object Repository/Final Object Repo/Page_Update Add New Employee - ASSIST/Select Socso Employement Startdate Month' is clicked on

2019-01-08 19:41:25 - [TEST_STEP][PASSED] - delay: Delayed 2 second(s)

2019-01-08 19:41:27 - [MESSAGE][PASSED] - Delayed 2 second(s)

2019-01-08 19:41:27 - [TEST_STEP][PASSED] - click: Object: 'Object Repository/Final Object Repo/Page_Update Add New Employee - ASSIST/Socso Employment StartDate Year' is clicked on

2019-01-08 19:41:27 - [MESSAGE][PASSED] - Object: 'Object Repository/Final Object Repo/Page_Update Add New Employee - ASSIST/Socso Employment StartDate Year' is clicked on

2019-01-08 19:41:27 - [TEST_STEP][PASSED] - delay: Delayed 1 second(s)

2019-01-08 19:41:28 - [MESSAGE][PASSED] - Delayed 1 second(s)

2019-01-08 19:41:28 - [TEST_STEP][PASSED] - click: Object: 'Object Repository/Final Object Repo/Page_Update Add New Employee - ASSIST/Select Socso Employment Startdate Year' is clicked on

2019-01-08 19:41:29 - [MESSAGE][PASSED] - Object: 'Object Repository/Final Object Repo/Page_Update Add New Employee - ASSIST/Select Socso Employment Startdate Year' is clicked on

2019-01-08 19:41:29 - [TEST_STEP][PASSED] - delay: Delayed 2 second(s)

2019-01-08 19:41:31 - [MESSAGE][PASSED] - Delayed 2 second(s)

2019-01-08 19:41:31 - [TEST_STEP][PASSED] - click: Object: 'Object Repository/Final Object Repo/Page_Update Add New Employee - ASSIST/Socso Employment Start Date Day' is clicked on

2019-01-08 19:41:31 - [MESSAGE][PASSED] - Object: 'Object Repository/Final Object Repo/Page_Update Add New Employee - ASSIST/Socso Employment Start Date Day' is clicked on

2019-01-08 19:41:31 - [TEST_STEP][PASSED] - delay: Delayed 4 second(s)

2019-01-08 19:41:35 - [MESSAGE][PASSED] - Delayed 4 second(s)

2019-01-08 19:41:35 - [TEST_STEP][PASSED] - click: Object: 'Object Repository/Final Object Repo/Page_Update Add New Employee - ASSIST/Save Button for Add Employee' is clicked on

2019-01-08 19:41:35 - [MESSAGE][PASSED] - Object: 'Object Repository/Final Object Repo/Page_Update Add New Employee - ASSIST/Save Button for Add Employee' is clicked on

2019-01-08 19:41:35 - [MESSAGE][PASSED] - Call Test Case 'Test Cases/Final Aug 2018 - PKS Automation/Registration Module/Workflow/Update Add New Employee/Template/Employee Adding/Employee Adding Action No Repeat IC - No Eligible Only' successfully

2019-01-08 19:41:35 - [TEST_STEP][PASSED] - delay: Delayed 4 second(s)

2019-01-08 19:41:39 - [MESSAGE][PASSED] - Delayed 4 second(s)

2019-01-08 19:41:39 - [TEST_STEP][PASSED] - Statement - CaseReferenceNo = com.kms.katalon.core.webui.keyword.WebUiBuiltInKeywords.getText(com.kms.katalon.core.testobject.ObjectRepository.findTestObject(Final Object Repo/Page_Update Add New Employee - ASSIST/RefNo)): Text of object 'Object Repository/Final Object Repo/Page_Update Add New Employee - ASSIST/RefNo' is: 'CAN01201900002572'

2019-01-08 19:41:39 - [MESSAGE][PASSED] - Text of object 'Object Repository/Final Object Repo/Page_Update Add New Employee - ASSIST/RefNo' is: 'CAN01201900002572'

2019-01-08 19:41:39 - [TEST_STEP][PASSED] - callTestCase: Call Test Case 'Test Cases/Final Aug 2018 - PKS Automation/Common/Reference Number Setter' successfully

2019-01-08 19:41:39 - [TEST_CASE][PASSED] - Test Cases/Final Aug 2018 - PKS Automation/Common/Reference Number Setter: Test Cases/Final Aug 2018 - PKS Automation/Common/Reference Number Setter

2019-01-08 19:41:39 - [TEST_STEP][PASSED] - Statement - RefNoOldFile = new java.io.File(C://Users//Admin//Desktop//PKS//Automation Reference Point//KatalonReference.txt): null

2019-01-08 19:41:39 - [TEST_STEP][PASSED] - Statement - RefNoOldFile.delete(): null

2019-01-08 19:41:39 - [TEST_STEP][PASSED] - delay: Delayed 5 second(s)

2019-01-08 19:41:44 - [MESSAGE][PASSED] - Delayed 5 second(s)

2019-01-08 19:41:44 - [TEST_STEP][PASSED] - Statement - RefNo = new java.io.File(C://Users//Admin//Desktop//PKS//Automation Reference Point//KatalonReference.txt): null

2019-01-08 19:41:44 - [TEST_STEP][PASSED] - Statement - f2 = new java.io.FileWriter(RefNo, false): null

2019-01-08 19:41:44 - [TEST_STEP][PASSED] - Statement - f2.write(CaseReferenceNo): null

2019-01-08 19:41:44 - [TEST_STEP][PASSED] - Statement - f2.close(): null

2019-01-08 19:41:44 - [TEST_STEP][PASSED] - Statement - out.println("


" + CaseReferenceNo + "


"): null

2019-01-08 19:41:44 - [MESSAGE][PASSED] - Call Test Case 'Test Cases/Final Aug 2018 - PKS Automation/Common/Reference Number Setter' successfully

2019-01-08 19:41:44 - [TEST_STEP][PASSED] - delay: Delayed 5 second(s)

2019-01-08 19:41:49 - [MESSAGE][PASSED] - Delayed 5 second(s)

2019-01-08 19:41:49 - [TEST_STEP][PASSED] - click: Object: 'Object Repository/Final Object Repo/Page_Update Add New Employee - ASSIST/Save  Continue Button' is clicked on

2019-01-08 19:41:49 - [MESSAGE][PASSED] - Object: 'Object Repository/Final Object Repo/Page_Update Add New Employee - ASSIST/Save  Continue Button' is clicked on

2019-01-08 19:41:49 - [TEST_STEP][PASSED] - delay: Delayed 10 second(s)

2019-01-08 19:41:59 - [MESSAGE][PASSED] - Delayed 10 second(s)

2019-01-08 19:41:59 - [TEST_STEP][PASSED] - click: Object: 'Object Repository/Final Object Repo/Page_Update Add New Employee - ASSIST/Save   Continue Supporting Doc Page' is clicked on

2019-01-08 19:41:59 - [MESSAGE][PASSED] - Object: 'Object Repository/Final Object Repo/Page_Update Add New Employee - ASSIST/Save   Continue Supporting Doc Page' is clicked on

2019-01-08 19:41:59 - [TEST_STEP][PASSED] - delay: Delayed 4 second(s)

2019-01-08 19:42:03 - [MESSAGE][PASSED] - Delayed 4 second(s)

2019-01-08 19:42:03 - [TEST_STEP][PASSED] - click: Object: 'Object Repository/Final Object Repo/Page_Update Add New Employee - ASSIST/Submit Button' is clicked on

2019-01-08 19:42:04 - [MESSAGE][PASSED] - Object: 'Object Repository/Final Object Repo/Page_Update Add New Employee - ASSIST/Submit Button' is clicked on

2019-01-08 19:42:04 - [TEST_STEP][PASSED] - delay: Delayed 4 second(s)

2019-01-08 19:42:08 - [MESSAGE][PASSED] - Delayed 4 second(s)

2019-01-08 19:42:08 - [TEST_STEP][PASSED] - click: Object: 'Object Repository/Final Object Repo/Page_Update Add New Employee - ASSIST/Confirm Submit Button' is clicked on

2019-01-08 19:42:08 - [MESSAGE][PASSED] - Object: 'Object Repository/Final Object Repo/Page_Update Add New Employee - ASSIST/Confirm Submit Button' is clicked on

2019-01-08 19:42:08 - [TEST_STEP][PASSED] - delay: Delayed 30 second(s)

2019-01-08 19:42:38 - [MESSAGE][PASSED] - Delayed 30 second(s)

2019-01-08 19:42:38 - [TEST_STEP][PASSED] - callTestCase: Call Test Case 'Test Cases/Final Aug 2018 - PKS Automation/Common/Screenshoting tool' successfully

2019-01-08 19:42:38 - [TEST_CASE][PASSED] - Test Cases/Final Aug 2018 - PKS Automation/Common/Screenshoting tool: Test Cases/Final Aug 2018 - PKS Automation/Common/Screenshoting tool

2019-01-08 19:42:38 - [TEST_STEP][PASSED] - delay: Delayed 15 second(s)

2019-01-08 19:42:53 - [MESSAGE][PASSED] - Delayed 15 second(s)

2019-01-08 19:42:53 - [TEST_STEP][PASSED] - Statement - driver = com.kms.katalon.core.webui.driver.DriverFactory.getWebDriver(): null

2019-01-08 19:42:53 - [TEST_STEP][PASSED] - Statement - driver.manage().timeouts().implicitlyWait(10, SECONDS): null

2019-01-08 19:42:53 - [TEST_STEP][PASSED] - Statement - PresavePath = KatalonScreenshots: null

2019-01-08 19:42:53 - [TEST_STEP][PASSED] - Statement - pathPrefix = "C:\Users\Public\Pictures\Sample Pictures\Katalon Screenshots\Automate Ending Screen": null

2019-01-08 19:42:53 - [TEST_STEP][PASSED] - Statement - finalPath = <not implemented yet for class: org.codehaus.groovy.ast.expr.EmptyExpression>: null

2019-01-08 19:42:53 - [TEST_STEP][PASSED] - Statement - scrFile = driver.getScreenshotAs(FILE): null

2019-01-08 19:42:53 - [TEST_STEP][PASSED] - Statement - PreSaveFile = new java.io.File(PresavePath): null

2019-01-08 19:42:53 - [TEST_STEP][PASSED] - Statement - counter = 0: null

2019-01-08 19:42:53 - [TEST_STEP][PASSED] - Statement - If (PreSaveFile.exists()): null

2019-01-08 19:42:53 - [TEST_STEP][PASSED] - Statement - While (PreSaveFile.exists()): null

2019-01-08 19:42:53 - [TEST_STEP][PASSED] - Statement - counter = counter + 1: null

2019-01-08 19:42:53 - [TEST_STEP][PASSED] - Statement - PreSaveFile = new java.io.File(((pathPrefix + java.lang.Integer.toString(counter)) + .png)): null

2019-01-08 19:42:53 - [TEST_STEP][PASSED] - Statement - counter = counter + 1: null

2019-01-08 19:42:53 - [TEST_STEP][PASSED] - Statement - PreSaveFile = new java.io.File(((pathPrefix + java.lang.Integer.toString(counter)) + .png)): null

2019-01-08 19:42:53 - [TEST_STEP][PASSED] - Statement - counter = counter + 1: null

2019-01-08 19:42:53 - [TEST_STEP][PASSED] - Statement - PreSaveFile = new java.io.File(((pathPrefix + java.lang.Integer.toString(counter)) + .png)): null

2019-01-08 19:42:53 - [TEST_STEP][PASSED] - Statement - counter = counter + 1: null

2019-01-08 19:42:53 - [TEST_STEP][PASSED] - Statement - PreSaveFile = new java.io.File(((pathPrefix + java.lang.Integer.toString(counter)) + .png)): null

2019-01-08 19:42:53 - [TEST_STEP][PASSED] - Statement - counter = counter + 1: null

2019-01-08 19:42:53 - [TEST_STEP][PASSED] - Statement - PreSaveFile = new java.io.File(((pathPrefix + java.lang.Integer.toString(counter)) + .png)): null

2019-01-08 19:42:53 - [TEST_STEP][PASSED] - Statement - counter = counter + 1: null

2019-01-08 19:42:53 - [TEST_STEP][PASSED] - Statement - PreSaveFile = new java.io.File(((pathPrefix + java.lang.Integer.toString(counter)) + .png)): null

2019-01-08 19:42:53 - [TEST_STEP][PASSED] - Statement - counter = counter + 1: null

2019-01-08 19:42:53 - [TEST_STEP][PASSED] - Statement - PreSaveFile = new java.io.File(((pathPrefix + java.lang.Integer.toString(counter)) + .png)): null

2019-01-08 19:42:53 - [TEST_STEP][PASSED] - Statement - counter = counter + 1: null

2019-01-08 19:42:53 - [TEST_STEP][PASSED] - Statement - PreSaveFile = new java.io.File(((pathPrefix + java.lang.Integer.toString(counter)) + .png)): null

2019-01-08 19:42:53 - [TEST_STEP][PASSED] - Statement - counter = counter + 1: null

2019-01-08 19:42:53 - [TEST_STEP][PASSED] - Statement - PreSaveFile = new java.io.File(((pathPrefix + java.lang.Integer.toString(counter)) + .png)): null

2019-01-08 19:42:53 - [TEST_STEP][PASSED] - Statement - counter = counter + 1: null

2019-01-08 19:42:53 - [TEST_STEP][PASSED] - Statement - PreSaveFile = new java.io.File(((pathPrefix + java.lang.Integer.toString(counter)) + .png)): null

2019-01-08 19:42:53 - [TEST_STEP][PASSED] - Statement - counter = counter + 1: null

2019-01-08 19:42:53 - [TEST_STEP][PASSED] - Statement - PreSaveFile = new java.io.File(((pathPrefix + java.lang.Integer.toString(counter)) + .png)): null

2019-01-08 19:42:53 - [TEST_STEP][PASSED] - Statement - counter = counter + 1: null

2019-01-08 19:42:53 - [TEST_STEP][PASSED] - Statement - PreSaveFile = new java.io.File(((pathPrefix + java.lang.Integer.toString(counter)) + .png)): null

2019-01-08 19:42:53 - [TEST_STEP][PASSED] - Statement - counter = counter + 1: null

2019-01-08 19:42:53 - [TEST_STEP][PASSED] - Statement - PreSaveFile = new java.io.File(((pathPrefix + java.lang.Integer.toString(counter)) + .png)): null

2019-01-08 19:42:53 - [TEST_STEP][PASSED] - Statement - counter = counter + 1: null

2019-01-08 19:42:53 - [TEST_STEP][PASSED] - Statement - PreSaveFile = new java.io.File(((pathPrefix + java.lang.Integer.toString(counter)) + .png)): null

2019-01-08 19:42:53 - [TEST_STEP][PASSED] - Statement - counter = counter + 1: null

2019-01-08 19:42:53 - [TEST_STEP][PASSED] - Statement - PreSaveFile = new java.io.File(((pathPrefix + java.lang.Integer.toString(counter)) + .png)): null

2019-01-08 19:42:53 - [TEST_STEP][PASSED] - Statement - counter = counter + 1: null

2019-01-08 19:42:53 - [TEST_STEP][PASSED] - Statement - PreSaveFile = new java.io.File(((pathPrefix + java.lang.Integer.toString(counter)) + .png)): null

2019-01-08 19:42:53 - [TEST_STEP][PASSED] - Statement - counter = counter + 1: null

2019-01-08 19:42:53 - [TEST_STEP][PASSED] - Statement - PreSaveFile = new java.io.File(((pathPrefix + java.lang.Integer.toString(counter)) + .png)): null

2019-01-08 19:42:53 - [TEST_STEP][PASSED] - Statement - counter = counter + 1: null

2019-01-08 19:42:53 - [TEST_STEP][PASSED] - Statement - PreSaveFile = new java.io.File(((pathPrefix + java.lang.Integer.toString(counter)) + .png)): null

2019-01-08 19:42:53 - [TEST_STEP][PASSED] - Statement - counter = counter + 1: null

2019-01-08 19:42:53 - [TEST_STEP][PASSED] - Statement - PreSaveFile = new java.io.File(((pathPrefix + java.lang.Integer.toString(counter)) + .png)): null

2019-01-08 19:42:53 - [TEST_STEP][PASSED] - Statement - counter = counter + 1: null

2019-01-08 19:42:53 - [TEST_STEP][PASSED] - Statement - PreSaveFile = new java.io.File(((pathPrefix + java.lang.Integer.toString(counter)) + .png)): null

2019-01-08 19:42:53 - [TEST_STEP][PASSED] - Statement - counter = counter + 1: null

2019-01-08 19:42:53 - [TEST_STEP][PASSED] - Statement - PreSaveFile = new java.io.File(((pathPrefix + java.lang.Integer.toString(counter)) + .png)): null

2019-01-08 19:42:53 - [TEST_STEP][PASSED] - Statement - counter = counter + 1: null

2019-01-08 19:42:53 - [TEST_STEP][PASSED] - Statement - PreSaveFile = new java.io.File(((pathPrefix + java.lang.Integer.toString(counter)) + .png)): null

2019-01-08 19:42:53 - [TEST_STEP][PASSED] - Statement - counter = counter + 1: null

2019-01-08 19:42:53 - [TEST_STEP][PASSED] - Statement - PreSaveFile = new java.io.File(((pathPrefix + java.lang.Integer.toString(counter)) + .png)): null

2019-01-08 19:42:53 - [TEST_STEP][PASSED] - Statement - counter = counter + 1: null

2019-01-08 19:42:53 - [TEST_STEP][PASSED] - Statement - PreSaveFile = new java.io.File(((pathPrefix + java.lang.Integer.toString(counter)) + .png)): null

2019-01-08 19:42:53 - [TEST_STEP][PASSED] - Statement - counter = counter + 1: null

2019-01-08 19:42:53 - [TEST_STEP][PASSED] - Statement - PreSaveFile = new java.io.File(((pathPrefix + java.lang.Integer.toString(counter)) + .png)): null

2019-01-08 19:42:53 - [TEST_STEP][PASSED] - Statement - counter = counter + 1: null

2019-01-08 19:42:53 - [TEST_STEP][PASSED] - Statement - PreSaveFile = new java.io.File(((pathPrefix + java.lang.Integer.toString(counter)) + .png)): null

2019-01-08 19:42:53 - [TEST_STEP][PASSED] - Statement - counter = counter + 1: null

2019-01-08 19:42:53 - [TEST_STEP][PASSED] - Statement - PreSaveFile = new java.io.File(((pathPrefix + java.lang.Integer.toString(counter)) + .png)): null

2019-01-08 19:42:53 - [TEST_STEP][PASSED] - Statement - counter = counter + 1: null

2019-01-08 19:42:53 - [TEST_STEP][PASSED] - Statement - PreSaveFile = new java.io.File(((pathPrefix + java.lang.Integer.toString(counter)) + .png)): null

2019-01-08 19:42:53 - [TEST_STEP][PASSED] - Statement - counter = counter + 1: null

2019-01-08 19:42:53 - [TEST_STEP][PASSED] - Statement - PreSaveFile = new java.io.File(((pathPrefix + java.lang.Integer.toString(counter)) + .png)): null

2019-01-08 19:42:53 - [TEST_STEP][PASSED] - Statement - counter = counter + 1: null

2019-01-08 19:42:53 - [TEST_STEP][PASSED] - Statement - PreSaveFile = new java.io.File(((pathPrefix + java.lang.Integer.toString(counter)) + .png)): null

2019-01-08 19:42:53 - [TEST_STEP][PASSED] - Statement - counter = counter + 1: null

2019-01-08 19:42:53 - [TEST_STEP][PASSED] - Statement - PreSaveFile = new java.io.File(((pathPrefix + java.lang.Integer.toString(counter)) + .png)): null

2019-01-08 19:42:53 - [TEST_STEP][PASSED] - Statement - counter = counter + 1: null

2019-01-08 19:42:53 - [TEST_STEP][PASSED] - Statement - PreSaveFile = new java.io.File(((pathPrefix + java.lang.Integer.toString(counter)) + .png)): null

2019-01-08 19:42:53 - [TEST_STEP][PASSED] - Statement - counter = counter + 1: null

2019-01-08 19:42:53 - [TEST_STEP][PASSED] - Statement - PreSaveFile = new java.io.File(((pathPrefix + java.lang.Integer.toString(counter)) + .png)): null

2019-01-08 19:42:53 - [TEST_STEP][PASSED] - Statement - counter = counter + 1: null

2019-01-08 19:42:53 - [TEST_STEP][PASSED] - Statement - PreSaveFile = new java.io.File(((pathPrefix + java.lang.Integer.toString(counter)) + .png)): null

2019-01-08 19:42:53 - [TEST_STEP][PASSED] - Statement - counter = counter + 1: null

2019-01-08 19:42:53 - [TEST_STEP][PASSED] - Statement - PreSaveFile = new java.io.File(((pathPrefix + java.lang.Integer.toString(counter)) + .png)): null

2019-01-08 19:42:53 - [TEST_STEP][PASSED] - Statement - counter = counter + 1: null

2019-01-08 19:42:53 - [TEST_STEP][PASSED] - Statement - PreSaveFile = new java.io.File(((pathPrefix + java.lang.Integer.toString(counter)) + .png)): null

2019-01-08 19:42:53 - [TEST_STEP][PASSED] - Statement - counter = counter + 1: null

2019-01-08 19:42:53 - [TEST_STEP][PASSED] - Statement - PreSaveFile = new java.io.File(((pathPrefix + java.lang.Integer.toString(counter)) + .png)): null

2019-01-08 19:42:53 - [TEST_STEP][PASSED] - Statement - counter = counter + 1: null

2019-01-08 19:42:53 - [TEST_STEP][PASSED] - Statement - PreSaveFile = new java.io.File(((pathPrefix + java.lang.Integer.toString(counter)) + .png)): null

2019-01-08 19:42:53 - [TEST_STEP][PASSED] - Statement - finalPath = pathPrefix + java.lang.Integer.toString(counter) + ".png": null

2019-01-08 19:42:53 - [TEST_STEP][PASSED] - Statement - SaveFile = new java.io.File(finalPath): null

2019-01-08 19:42:53 - [TEST_STEP][PASSED] - Statement - Try: null

2019-01-08 19:42:53 - [TEST_STEP][PASSED] - Statement - org.apache.commons.io.FileUtils.copyFile(scrFile, SaveFile): null

2019-01-08 19:42:53 - [TEST_STEP][PASSED] - Statement - out.println("file kept"): null

2019-01-08 19:42:53 - [TEST_STEP][PASSED] - delay: Delayed 10 second(s)

2019-01-08 19:43:03 - [MESSAGE][PASSED] - Delayed 10 second(s)

2019-01-08 19:43:03 - [MESSAGE][PASSED] - Call Test Case 'Test Cases/Final Aug 2018 - PKS Automation/Common/Screenshoting tool' successfully

2019-01-08 19:43:03 - [TEST_STEP][PASSED] - callTestCase: Call Test Case 'Test Cases/Final Aug 2018 - PKS Automation/Registration Module/Log Out/log out avoiding katalon tagging' successfully

2019-01-08 19:43:03 - [TEST_CASE][PASSED] - Test Cases/Final Aug 2018 - PKS Automation/Registration Module/Log Out/log out avoiding katalon tagging: Test Cases/Final Aug 2018 - PKS Automation/Registration Module/Log Out/log out avoiding katalon tagging

2019-01-08 19:43:03 - [TEST_STEP][PASSED] - navigateToUrl: Navigate to 'https://assist2-uat.perkeso.gov.my/c/portal/logout' successfully

2019-01-08 19:43:04 - [MESSAGE][PASSED] - Navigate to 'https://assist2-uat.perkeso.gov.my/c/portal/logout' successfully

2019-01-08 19:43:04 - [MESSAGE][PASSED] - Call Test Case 'Test Cases/Final Aug 2018 - PKS Automation/Registration Module/Log Out/log out avoiding katalon tagging' successfully]]></system-out>
         <system-err><![CDATA[]]></system-err>
      </testcase>
      <testcase name="Test Cases/Final Aug 2018 - PKS Automation/Registration Module/Critical Path/Update Employee Info by Employer" classname="Test Cases/Final Aug 2018 - PKS Automation/Registration Module/Critical Path/Update Employee Info by Employer" status="PASSED">
         <system-out><![CDATA[2019-01-08 19:43:04 - [TEST_CASE][PASSED] - Test Cases/Final Aug 2018 - PKS Automation/Registration Module/Critical Path/Update Employee Info by Employer: Test Cases/Final Aug 2018 - PKS Automation/Registration Module/Critical Path/Update Employee Info by Employer

2019-01-08 19:43:05 - [TEST_STEP][PASSED] - openBrowser: Browser is opened with url: ''

2019-01-08 19:43:05 - [MESSAGE][WARNING] - A browser is already opened. Closing browser and opening a new one

2019-01-08 19:43:08 - [MESSAGE][PASSED] - Browser is opened with url: ''

2019-01-08 19:43:08 - [TEST_STEP][PASSED] - navigateToUrl: Navigate to 'https://assist2-uat.perkeso.gov.my/login' successfully

2019-01-08 19:43:09 - [MESSAGE][PASSED] - Navigate to 'https://assist2-uat.perkeso.gov.my/login' successfully

2019-01-08 19:43:09 - [TEST_STEP][PASSED] - setText: Text 'johorotc1@gmail.com' is set on object 'Object Repository/Final Object Repo/Login Page/Internal User/Email Address'

2019-01-08 19:43:09 - [MESSAGE][PASSED] - Text 'johorotc1@gmail.com' is set on object 'Object Repository/Final Object Repo/Login Page/Internal User/Email Address'

2019-01-08 19:43:09 - [TEST_STEP][PASSED] - click: Object: 'Object Repository/Final Object Repo/Login Page/Internal User/Next Button' is clicked on

2019-01-08 19:43:09 - [MESSAGE][PASSED] - Object: 'Object Repository/Final Object Repo/Login Page/Internal User/Next Button' is clicked on

2019-01-08 19:43:09 - [TEST_STEP][PASSED] - delay: Delayed 1 second(s)

2019-01-08 19:43:10 - [MESSAGE][PASSED] - Delayed 1 second(s)

2019-01-08 19:43:10 - [TEST_STEP][PASSED] - setEncryptedText: Text ****** has been set on object 'Object Repository/Final Object Repo/Login Page/Internal User/Password'

2019-01-08 19:43:10 - [MESSAGE][PASSED] - Text ****** has been set on object 'Object Repository/Final Object Repo/Login Page/Internal User/Password'

2019-01-08 19:43:10 - [TEST_STEP][PASSED] - click: Object: 'Object Repository/Final Object Repo/Login Page/Internal User/Login Button' is clicked on

2019-01-08 19:43:11 - [MESSAGE][PASSED] - Object: 'Object Repository/Final Object Repo/Login Page/Internal User/Login Button' is clicked on

2019-01-08 19:43:11 - [TEST_STEP][PASSED] - Statement - Try: null

2019-01-08 19:43:11 - [TEST_STEP][PASSED] - Statement - Checker = com.kms.katalon.core.webui.keyword.WebUiBuiltInKeywords.verifyElementNotPresent("Final Object Repo/Landing Page/Select to English", 3): null

2019-01-08 19:43:11 - [TEST_STEP][PASSED] - Statement - Catch (Exception e): null

2019-01-08 19:43:11 - [TEST_STEP][PASSED] - Statement - e.printStackTrace(): null

2019-01-08 19:43:11 - [TEST_STEP][PASSED] - delay: Delayed 4 second(s)

2019-01-08 19:43:15 - [MESSAGE][PASSED] - Delayed 4 second(s)

2019-01-08 19:43:15 - [TEST_STEP][PASSED] - navigateToUrl: Navigate to 'https://assist2-uat.perkeso.gov.my/web/registration/update/update-employee-information-employer-' successfully

2019-01-08 19:43:16 - [MESSAGE][PASSED] - Navigate to 'https://assist2-uat.perkeso.gov.my/web/registration/update/update-employee-information-employer-' successfully

2019-01-08 19:43:16 - [TEST_STEP][PASSED] - setText: Text 'E1102001065V' is set on object 'Object Repository/Final Object Repo/Page_Update Employee Information By Employer/Employer Code'

2019-01-08 19:43:16 - [MESSAGE][PASSED] - Text 'E1102001065V' is set on object 'Object Repository/Final Object Repo/Page_Update Employee Information By Employer/Employer Code'

2019-01-08 19:43:16 - [TEST_STEP][PASSED] - click: Object: 'Object Repository/Final Object Repo/Page_Update Employee Information By Employer/Search Employer Code' is clicked on

2019-01-08 19:43:16 - [MESSAGE][PASSED] - Object: 'Object Repository/Final Object Repo/Page_Update Employee Information By Employer/Search Employer Code' is clicked on

2019-01-08 19:43:16 - [TEST_STEP][PASSED] - click: Object: 'Object Repository/Final Object Repo/Page_Update Employee Information By Employer/Edit Button' is clicked on

2019-01-08 19:43:20 - [MESSAGE][PASSED] - Object: 'Object Repository/Final Object Repo/Page_Update Employee Information By Employer/Edit Button' is clicked on

2019-01-08 19:43:20 - [TEST_STEP][PASSED] - click: Object: 'Object Repository/Final Object Repo/Page_Update Employee Information By Employer/Employee Name or New Identification' is clicked on

2019-01-08 19:43:20 - [MESSAGE][PASSED] - Object: 'Object Repository/Final Object Repo/Page_Update Employee Information By Employer/Employee Name or New Identification' is clicked on

2019-01-08 19:43:20 - [TEST_STEP][PASSED] - delay: Delayed 1 second(s)

2019-01-08 19:43:21 - [MESSAGE][PASSED] - Delayed 1 second(s)

2019-01-08 19:43:21 - [TEST_STEP][PASSED] - click: Object: 'Object Repository/Final Object Repo/Page_Update Employee Information By Employer/Selection - Employee Name' is clicked on

2019-01-08 19:43:21 - [MESSAGE][PASSED] - Object: 'Object Repository/Final Object Repo/Page_Update Employee Information By Employer/Selection - Employee Name' is clicked on

2019-01-08 19:43:21 - [TEST_STEP][PASSED] - delay: Delayed 1 second(s)

2019-01-08 19:43:22 - [MESSAGE][PASSED] - Delayed 1 second(s)

2019-01-08 19:43:22 - [TEST_STEP][PASSED] - setText: Text 'FFFC' is set on object 'Object Repository/Final Object Repo/Page_Update Employee Information By Employer/Employee Name'

2019-01-08 19:43:22 - [MESSAGE][PASSED] - Text 'FFFC' is set on object 'Object Repository/Final Object Repo/Page_Update Employee Information By Employer/Employee Name'

2019-01-08 19:43:22 - [TEST_STEP][PASSED] - delay: Delayed 2 second(s)

2019-01-08 19:43:24 - [MESSAGE][PASSED] - Delayed 2 second(s)

2019-01-08 19:43:24 - [TEST_STEP][PASSED] - click: Object: 'Object Repository/Final Object Repo/Page_Update Employee Information By Employer/Search Employee' is clicked on

2019-01-08 19:43:25 - [MESSAGE][PASSED] - Object: 'Object Repository/Final Object Repo/Page_Update Employee Information By Employer/Search Employee' is clicked on

2019-01-08 19:43:25 - [TEST_STEP][PASSED] - delay: Delayed 3 second(s)

2019-01-08 19:43:28 - [MESSAGE][PASSED] - Delayed 3 second(s)

2019-01-08 19:43:28 - [TEST_STEP][PASSED] - click: Object: 'Object Repository/Final Object Repo/Page_Update Employee Information By Employer/Employee Edit Button' is clicked on

2019-01-08 19:43:28 - [MESSAGE][PASSED] - Object: 'Object Repository/Final Object Repo/Page_Update Employee Information By Employer/Employee Edit Button' is clicked on

2019-01-08 19:43:28 - [TEST_STEP][PASSED] - delay: Delayed 3 second(s)

2019-01-08 19:43:31 - [MESSAGE][PASSED] - Delayed 3 second(s)

2019-01-08 19:43:31 - [TEST_STEP][PASSED] - clearText: Text of object 'Object Repository/Final Object Repo/Page_Update Employee Information By Employer/Page_Update Employee Information by Employer (Normal Flow)/Old ID' is cleared

2019-01-08 19:43:31 - [MESSAGE][PASSED] - Text of object 'Object Repository/Final Object Repo/Page_Update Employee Information By Employer/Page_Update Employee Information by Employer (Normal Flow)/Old ID' is cleared

2019-01-08 19:43:31 - [TEST_STEP][PASSED] - setText: Text '12345678' is set on object 'Object Repository/Final Object Repo/Page_Update Employee Information By Employer/Page_Update Employee Information by Employer (Normal Flow)/Old ID'

2019-01-08 19:43:31 - [MESSAGE][PASSED] - Text '12345678' is set on object 'Object Repository/Final Object Repo/Page_Update Employee Information By Employer/Page_Update Employee Information by Employer (Normal Flow)/Old ID'

2019-01-08 19:43:31 - [TEST_STEP][PASSED] - clearText: Text of object 'Object Repository/Final Object Repo/Page_Update Employee Information By Employer/Page_Update Employee Information by Employer (Normal Flow)/Employee Name' is cleared

2019-01-08 19:43:31 - [MESSAGE][PASSED] - Text of object 'Object Repository/Final Object Repo/Page_Update Employee Information By Employer/Page_Update Employee Information by Employer (Normal Flow)/Employee Name' is cleared

2019-01-08 19:43:31 - [TEST_STEP][PASSED] - setText: Text 'fffc' is set on object 'Object Repository/Final Object Repo/Page_Update Employee Information By Employer/Page_Update Employee Information by Employer (Normal Flow)/Employee Name'

2019-01-08 19:43:31 - [MESSAGE][PASSED] - Text 'fffc' is set on object 'Object Repository/Final Object Repo/Page_Update Employee Information By Employer/Page_Update Employee Information by Employer (Normal Flow)/Employee Name'

2019-01-08 19:43:31 - [TEST_STEP][PASSED] - click: Object: 'Object Repository/Final Object Repo/Page_Update Employee Information By Employer/Page_Update Employee Information by Employer (Normal Flow)/Male' is clicked on

2019-01-08 19:43:32 - [MESSAGE][PASSED] - Object: 'Object Repository/Final Object Repo/Page_Update Employee Information By Employer/Page_Update Employee Information by Employer (Normal Flow)/Male' is clicked on

2019-01-08 19:43:32 - [TEST_STEP][PASSED] - click: Object: 'Object Repository/Final Object Repo/Page_Update Employee Information By Employer/Save' is clicked on

2019-01-08 19:43:32 - [MESSAGE][PASSED] - Object: 'Object Repository/Final Object Repo/Page_Update Employee Information By Employer/Save' is clicked on

2019-01-08 19:43:32 - [TEST_STEP][PASSED] - delay: Delayed 5 second(s)

2019-01-08 19:43:37 - [MESSAGE][PASSED] - Delayed 5 second(s)

2019-01-08 19:43:37 - [TEST_STEP][PASSED] - click: Object: 'Object Repository/Final Object Repo/Page_Update Employee Information By Employer/Save  Continue in  Employee Information Page' is clicked on

2019-01-08 19:43:37 - [MESSAGE][PASSED] - Object: 'Object Repository/Final Object Repo/Page_Update Employee Information By Employer/Save  Continue in  Employee Information Page' is clicked on

2019-01-08 19:43:37 - [TEST_STEP][PASSED] - delay: Delayed 5 second(s)

2019-01-08 19:43:42 - [MESSAGE][PASSED] - Delayed 5 second(s)

2019-01-08 19:43:42 - [TEST_STEP][PASSED] - click: Object: 'Object Repository/Final Object Repo/Page_Update Employee Information By Employer/Save  Continue in Uploading Page 1' is clicked on

2019-01-08 19:43:42 - [MESSAGE][PASSED] - Object: 'Object Repository/Final Object Repo/Page_Update Employee Information By Employer/Save  Continue in Uploading Page 1' is clicked on

2019-01-08 19:43:42 - [TEST_STEP][PASSED] - delay: Delayed 5 second(s)

2019-01-08 19:43:47 - [MESSAGE][PASSED] - Delayed 5 second(s)

2019-01-08 19:43:47 - [TEST_STEP][PASSED] - click: Object: 'Object Repository/Final Object Repo/Page_Update Employee Information By Employer/Submit' is clicked on

2019-01-08 19:43:47 - [MESSAGE][PASSED] - Object: 'Object Repository/Final Object Repo/Page_Update Employee Information By Employer/Submit' is clicked on

2019-01-08 19:43:47 - [TEST_STEP][PASSED] - delay: Delayed 5 second(s)

2019-01-08 19:43:52 - [MESSAGE][PASSED] - Delayed 5 second(s)

2019-01-08 19:43:52 - [TEST_STEP][PASSED] - click: Object: 'Object Repository/Final Object Repo/Page_Update Employee Information By Employer/Confirm' is clicked on

2019-01-08 19:43:53 - [MESSAGE][PASSED] - Object: 'Object Repository/Final Object Repo/Page_Update Employee Information By Employer/Confirm' is clicked on]]></system-out>
         <system-err><![CDATA[]]></system-err>
      </testcase>
      <testcase name="Test Cases/Final Aug 2018 - PKS Automation/Registration Module/Critical Path/Update Employer Information" classname="Test Cases/Final Aug 2018 - PKS Automation/Registration Module/Critical Path/Update Employer Information" status="PASSED">
         <system-out><![CDATA[2019-01-08 19:43:53 - [TEST_CASE][PASSED] - Test Cases/Final Aug 2018 - PKS Automation/Registration Module/Critical Path/Update Employer Information: Test Cases/Final Aug 2018 - PKS Automation/Registration Module/Critical Path/Update Employer Information

2019-01-08 19:43:53 - [TEST_STEP][PASSED] - openBrowser: Browser is opened with url: ''

2019-01-08 19:43:53 - [MESSAGE][WARNING] - A browser is already opened. Closing browser and opening a new one

2019-01-08 19:43:56 - [MESSAGE][PASSED] - Browser is opened with url: ''

2019-01-08 19:43:56 - [TEST_STEP][PASSED] - navigateToUrl: Navigate to 'https://assist2-uat.perkeso.gov.my/login' successfully

2019-01-08 19:43:57 - [MESSAGE][PASSED] - Navigate to 'https://assist2-uat.perkeso.gov.my/login' successfully

2019-01-08 19:43:57 - [TEST_STEP][PASSED] - setText: Text 'johorotc1@gmail.com' is set on object 'Object Repository/Final Object Repo/Login Page/Internal User/Email Address'

2019-01-08 19:43:57 - [MESSAGE][PASSED] - Text 'johorotc1@gmail.com' is set on object 'Object Repository/Final Object Repo/Login Page/Internal User/Email Address'

2019-01-08 19:43:57 - [TEST_STEP][PASSED] - click: Object: 'Object Repository/Final Object Repo/Login Page/Internal User/Next Button' is clicked on

2019-01-08 19:43:57 - [MESSAGE][PASSED] - Object: 'Object Repository/Final Object Repo/Login Page/Internal User/Next Button' is clicked on

2019-01-08 19:43:57 - [TEST_STEP][PASSED] - delay: Delayed 1 second(s)

2019-01-08 19:43:58 - [MESSAGE][PASSED] - Delayed 1 second(s)

2019-01-08 19:43:58 - [TEST_STEP][PASSED] - setEncryptedText: Text ****** has been set on object 'Object Repository/Final Object Repo/Login Page/Internal User/Password'

2019-01-08 19:43:58 - [MESSAGE][PASSED] - Text ****** has been set on object 'Object Repository/Final Object Repo/Login Page/Internal User/Password'

2019-01-08 19:43:58 - [TEST_STEP][PASSED] - click: Object: 'Object Repository/Final Object Repo/Login Page/Internal User/Login Button' is clicked on

2019-01-08 19:43:58 - [MESSAGE][PASSED] - Object: 'Object Repository/Final Object Repo/Login Page/Internal User/Login Button' is clicked on

2019-01-08 19:43:58 - [TEST_STEP][PASSED] - Statement - Try: null

2019-01-08 19:43:58 - [TEST_STEP][PASSED] - Statement - Checker = com.kms.katalon.core.webui.keyword.WebUiBuiltInKeywords.verifyElementNotPresent("Final Object Repo/Landing Page/Select to English", 3): null

2019-01-08 19:43:58 - [TEST_STEP][PASSED] - Statement - Catch (Exception e): null

2019-01-08 19:43:58 - [TEST_STEP][PASSED] - Statement - e.printStackTrace(): null

2019-01-08 19:43:59 - [TEST_STEP][PASSED] - delay: Delayed 4 second(s)

2019-01-08 19:44:03 - [MESSAGE][PASSED] - Delayed 4 second(s)

2019-01-08 19:44:03 - [TEST_STEP][PASSED] - navigateToUrl: Navigate to 'https://assist2-uat.perkeso.gov.my/web/registration/update/update-employer-information' successfully

2019-01-08 19:44:03 - [MESSAGE][PASSED] - Navigate to 'https://assist2-uat.perkeso.gov.my/web/registration/update/update-employer-information' successfully

2019-01-08 19:44:03 - [TEST_STEP][PASSED] - setText: Text 'E1102001065V ' is set on object 'Object Repository/Final Object Repo/Page_Update Employer Information/Employer Code'

2019-01-08 19:44:04 - [MESSAGE][PASSED] - Text 'E1102001065V ' is set on object 'Object Repository/Final Object Repo/Page_Update Employer Information/Employer Code'

2019-01-08 19:44:04 - [TEST_STEP][PASSED] - click: Object: 'Object Repository/Final Object Repo/Page_Update Employer Information/Search Button' is clicked on

2019-01-08 19:44:04 - [MESSAGE][PASSED] - Object: 'Object Repository/Final Object Repo/Page_Update Employer Information/Search Button' is clicked on

2019-01-08 19:44:04 - [TEST_STEP][PASSED] - click: Object: 'Object Repository/Final Object Repo/Page_Update Employer Information/Edit Button' is clicked on

2019-01-08 19:44:07 - [MESSAGE][PASSED] - Object: 'Object Repository/Final Object Repo/Page_Update Employer Information/Edit Button' is clicked on

2019-01-08 19:44:07 - [TEST_STEP][NOT_RUN] - clearText: NOT_RUN: clearText

2019-01-08 19:44:07 - [MESSAGE][NOT_RUN] - NOT_RUN: clearText

2019-01-08 19:44:07 - [TEST_STEP][NOT_RUN] - setText: NOT_RUN: setText

2019-01-08 19:44:07 - [MESSAGE][NOT_RUN] - NOT_RUN: setText

2019-01-08 19:44:07 - [TEST_STEP][PASSED] - clearText: Text of object 'Object Repository/Final Object Repo/Page_Update Employer Information/Page_Update Employer Information (Normal Flow)/Address' is cleared

2019-01-08 19:44:07 - [MESSAGE][PASSED] - Text of object 'Object Repository/Final Object Repo/Page_Update Employer Information/Page_Update Employer Information (Normal Flow)/Address' is cleared

2019-01-08 19:44:07 - [TEST_STEP][PASSED] - setText: Text 'address' is set on object 'Object Repository/Final Object Repo/Page_Update Employer Information/Page_Update Employer Information (Normal Flow)/Address'

2019-01-08 19:44:08 - [MESSAGE][PASSED] - Text 'address' is set on object 'Object Repository/Final Object Repo/Page_Update Employer Information/Page_Update Employer Information (Normal Flow)/Address'

2019-01-08 19:44:08 - [TEST_STEP][PASSED] - clearText: Text of object 'Object Repository/Final Object Repo/Page_Update Employer Information/Page_Update Employer Information (Normal Flow)/input_P.O. Box' is cleared

2019-01-08 19:44:08 - [MESSAGE][PASSED] - Text of object 'Object Repository/Final Object Repo/Page_Update Employer Information/Page_Update Employer Information (Normal Flow)/input_P.O. Box' is cleared

2019-01-08 19:44:08 - [TEST_STEP][PASSED] - setText: Text '100' is set on object 'Object Repository/Final Object Repo/Page_Update Employer Information/Page_Update Employer Information (Normal Flow)/input_P.O. Box'

2019-01-08 19:44:08 - [MESSAGE][PASSED] - Text '100' is set on object 'Object Repository/Final Object Repo/Page_Update Employer Information/Page_Update Employer Information (Normal Flow)/input_P.O. Box'

2019-01-08 19:44:08 - [TEST_STEP][PASSED] - clearText: Text of object 'Object Repository/Final Object Repo/Page_Update Employer Information/Page_Update Employer Information (Normal Flow)/Locked Bag No' is cleared

2019-01-08 19:44:08 - [MESSAGE][PASSED] - Text of object 'Object Repository/Final Object Repo/Page_Update Employer Information/Page_Update Employer Information (Normal Flow)/Locked Bag No' is cleared

2019-01-08 19:44:08 - [TEST_STEP][PASSED] - setText: Text '100' is set on object 'Object Repository/Final Object Repo/Page_Update Employer Information/Page_Update Employer Information (Normal Flow)/Locked Bag No'

2019-01-08 19:44:08 - [MESSAGE][PASSED] - Text '100' is set on object 'Object Repository/Final Object Repo/Page_Update Employer Information/Page_Update Employer Information (Normal Flow)/Locked Bag No'

2019-01-08 19:44:08 - [TEST_STEP][PASSED] - clearText: Text of object 'Object Repository/Final Object Repo/Page_Update Employer Information/Page_Update Employer Information (Normal Flow)/Email' is cleared

2019-01-08 19:44:08 - [MESSAGE][PASSED] - Text of object 'Object Repository/Final Object Repo/Page_Update Employer Information/Page_Update Employer Information (Normal Flow)/Email' is cleared

2019-01-08 19:44:08 - [TEST_STEP][PASSED] - setText: Text 'perkeso@gmail.com' is set on object 'Object Repository/Final Object Repo/Page_Update Employer Information/Page_Update Employer Information (Normal Flow)/Email'

2019-01-08 19:44:09 - [MESSAGE][PASSED] - Text 'perkeso@gmail.com' is set on object 'Object Repository/Final Object Repo/Page_Update Employer Information/Page_Update Employer Information (Normal Flow)/Email'

2019-01-08 19:44:09 - [TEST_STEP][PASSED] - delay: Delayed 4 second(s)

2019-01-08 19:44:13 - [MESSAGE][PASSED] - Delayed 4 second(s)

2019-01-08 19:44:13 - [TEST_STEP][PASSED] - click: Object: 'Object Repository/Final Object Repo/Page_Update Employer Information/Save  Continue' is clicked on

2019-01-08 19:44:13 - [MESSAGE][PASSED] - Object: 'Object Repository/Final Object Repo/Page_Update Employer Information/Save  Continue' is clicked on

2019-01-08 19:44:13 - [TEST_STEP][PASSED] - delay: Delayed 4 second(s)

2019-01-08 19:44:17 - [MESSAGE][PASSED] - Delayed 4 second(s)

2019-01-08 19:44:17 - [TEST_STEP][PASSED] - click: Object: 'Object Repository/Final Object Repo/Page_Update Employer Information/Page_Update Employer Information UO (Query -OTC -UO)/Add Document' is clicked on

2019-01-08 19:44:17 - [MESSAGE][PASSED] - Object: 'Object Repository/Final Object Repo/Page_Update Employer Information/Page_Update Employer Information UO (Query -OTC -UO)/Add Document' is clicked on

2019-01-08 19:44:17 - [TEST_STEP][PASSED] - delay: Delayed 3 second(s)

2019-01-08 19:44:20 - [MESSAGE][PASSED] - Delayed 3 second(s)

2019-01-08 19:44:20 - [TEST_STEP][PASSED] - click: Object: 'Object Repository/Final Object Repo/Page_Update Employer Information/Page_Update Employer Information UO (Query -OTC -UO)/Document Type' is clicked on

2019-01-08 19:44:20 - [MESSAGE][PASSED] - Object: 'Object Repository/Final Object Repo/Page_Update Employer Information/Page_Update Employer Information UO (Query -OTC -UO)/Document Type' is clicked on

2019-01-08 19:44:20 - [TEST_STEP][PASSED] - click: Object: 'Object Repository/Final Object Repo/Page_Update Employer Information/Page_Update Employer Information UO (Query -OTC -UO)/Document Type - Other' is clicked on

2019-01-08 19:44:21 - [MESSAGE][PASSED] - Object: 'Object Repository/Final Object Repo/Page_Update Employer Information/Page_Update Employer Information UO (Query -OTC -UO)/Document Type - Other' is clicked on

2019-01-08 19:44:21 - [TEST_STEP][PASSED] - delay: Delayed 2 second(s)

2019-01-08 19:44:23 - [MESSAGE][PASSED] - Delayed 2 second(s)

2019-01-08 19:44:23 - [TEST_STEP][PASSED] - sendKeys: Keys 'C:\Users\Public\Pictures\Sample Pictures\Koala.jpg' sent to object: 'Object Repository/Final Object Repo/Page_Update Employer Information/Page_Update Employer Information UO (Query -OTC -UO)/Uploading File'

2019-01-08 19:44:23 - [MESSAGE][PASSED] - Keys 'C:\Users\Public\Pictures\Sample Pictures\Koala.jpg' sent to object: 'Object Repository/Final Object Repo/Page_Update Employer Information/Page_Update Employer Information UO (Query -OTC -UO)/Uploading File'

2019-01-08 19:44:23 - [TEST_STEP][PASSED] - delay: Delayed 2 second(s)

2019-01-08 19:44:25 - [MESSAGE][PASSED] - Delayed 2 second(s)

2019-01-08 19:44:25 - [TEST_STEP][PASSED] - click: Object: 'Object Repository/Final Object Repo/Page_Update Employer Information/Page_Update Employer Information UO (Query -OTC -UO)/Add Document in Uploading Page' is clicked on

2019-01-08 19:44:25 - [MESSAGE][PASSED] - Object: 'Object Repository/Final Object Repo/Page_Update Employer Information/Page_Update Employer Information UO (Query -OTC -UO)/Add Document in Uploading Page' is clicked on

2019-01-08 19:44:25 - [TEST_STEP][PASSED] - delay: Delayed 4 second(s)

2019-01-08 19:44:29 - [MESSAGE][PASSED] - Delayed 4 second(s)

2019-01-08 19:44:29 - [TEST_STEP][PASSED] - click: Object: 'Object Repository/Final Object Repo/Page_Update Employer Information/Save  Continue (1)' is clicked on

2019-01-08 19:44:29 - [MESSAGE][PASSED] - Object: 'Object Repository/Final Object Repo/Page_Update Employer Information/Save  Continue (1)' is clicked on

2019-01-08 19:44:29 - [TEST_STEP][PASSED] - delay: Delayed 4 second(s)

2019-01-08 19:44:33 - [MESSAGE][PASSED] - Delayed 4 second(s)

2019-01-08 19:44:33 - [TEST_STEP][PASSED] - click: Object: 'Object Repository/Final Object Repo/Page_Update Employer Information/Submit - Copy' is clicked on

2019-01-08 19:44:34 - [MESSAGE][PASSED] - Object: 'Object Repository/Final Object Repo/Page_Update Employer Information/Submit - Copy' is clicked on

2019-01-08 19:44:34 - [TEST_STEP][PASSED] - delay: Delayed 2 second(s)

2019-01-08 19:44:36 - [MESSAGE][PASSED] - Delayed 2 second(s)

2019-01-08 19:44:36 - [TEST_STEP][PASSED] - click: Object: 'Object Repository/Final Object Repo/Page_Update Employer Information/Confirm' is clicked on

2019-01-08 19:44:36 - [MESSAGE][PASSED] - Object: 'Object Repository/Final Object Repo/Page_Update Employer Information/Confirm' is clicked on]]></system-out>
         <system-err><![CDATA[]]></system-err>
      </testcase>
      <testcase name="Test Cases/Final Aug 2018 - PKS Automation/Registration Module/Critical Path/Update Add Supporting Document" classname="Test Cases/Final Aug 2018 - PKS Automation/Registration Module/Critical Path/Update Add Supporting Document" status="PASSED">
         <system-out><![CDATA[2019-01-08 19:44:36 - [TEST_CASE][PASSED] - Test Cases/Final Aug 2018 - PKS Automation/Registration Module/Critical Path/Update Add Supporting Document: Test Cases/Final Aug 2018 - PKS Automation/Registration Module/Critical Path/Update Add Supporting Document

2019-01-08 19:44:36 - [TEST_STEP][PASSED] - openBrowser: Browser is opened with url: ''

2019-01-08 19:44:36 - [MESSAGE][WARNING] - A browser is already opened. Closing browser and opening a new one

2019-01-08 19:44:39 - [MESSAGE][PASSED] - Browser is opened with url: ''

2019-01-08 19:44:39 - [TEST_STEP][PASSED] - navigateToUrl: Navigate to 'https://assist2-uat.perkeso.gov.my/login' successfully

2019-01-08 19:44:40 - [MESSAGE][PASSED] - Navigate to 'https://assist2-uat.perkeso.gov.my/login' successfully

2019-01-08 19:44:40 - [TEST_STEP][PASSED] - setText: Text 'johorotc1@gmail.com' is set on object 'Object Repository/Final Object Repo/Login Page/Internal User/Email Address'

2019-01-08 19:44:40 - [MESSAGE][PASSED] - Text 'johorotc1@gmail.com' is set on object 'Object Repository/Final Object Repo/Login Page/Internal User/Email Address'

2019-01-08 19:44:40 - [TEST_STEP][PASSED] - click: Object: 'Object Repository/Final Object Repo/Login Page/Internal User/Next Button' is clicked on

2019-01-08 19:44:41 - [MESSAGE][PASSED] - Object: 'Object Repository/Final Object Repo/Login Page/Internal User/Next Button' is clicked on

2019-01-08 19:44:41 - [TEST_STEP][PASSED] - delay: Delayed 1 second(s)

2019-01-08 19:44:42 - [MESSAGE][PASSED] - Delayed 1 second(s)

2019-01-08 19:44:42 - [TEST_STEP][PASSED] - setEncryptedText: Text ****** has been set on object 'Object Repository/Final Object Repo/Login Page/Internal User/Password'

2019-01-08 19:44:42 - [MESSAGE][PASSED] - Text ****** has been set on object 'Object Repository/Final Object Repo/Login Page/Internal User/Password'

2019-01-08 19:44:42 - [TEST_STEP][PASSED] - click: Object: 'Object Repository/Final Object Repo/Login Page/Internal User/Login Button' is clicked on

2019-01-08 19:44:42 - [MESSAGE][PASSED] - Object: 'Object Repository/Final Object Repo/Login Page/Internal User/Login Button' is clicked on

2019-01-08 19:44:42 - [TEST_STEP][PASSED] - Statement - Try: null

2019-01-08 19:44:42 - [TEST_STEP][PASSED] - Statement - Checker = com.kms.katalon.core.webui.keyword.WebUiBuiltInKeywords.verifyElementNotPresent("Final Object Repo/Landing Page/Select to English", 3): null

2019-01-08 19:44:42 - [TEST_STEP][PASSED] - Statement - Catch (Exception e): null

2019-01-08 19:44:42 - [TEST_STEP][PASSED] - Statement - e.printStackTrace(): null

2019-01-08 19:44:42 - [TEST_STEP][PASSED] - delay: Delayed 4 second(s)

2019-01-08 19:44:46 - [MESSAGE][PASSED] - Delayed 4 second(s)

2019-01-08 19:44:46 - [TEST_STEP][PASSED] - navigateToUrl: Navigate to 'https://assist2-uat.perkeso.gov.my/web/registration/update/update-add-supporting-document' successfully

2019-01-08 19:44:47 - [MESSAGE][PASSED] - Navigate to 'https://assist2-uat.perkeso.gov.my/web/registration/update/update-add-supporting-document' successfully

2019-01-08 19:44:47 - [TEST_STEP][PASSED] - setText: Text 'E1102001065V' is set on object 'Object Repository/Final Object Repo/Page_Update Add Supporting Document/Employer Code'

2019-01-08 19:44:47 - [MESSAGE][PASSED] - Text 'E1102001065V' is set on object 'Object Repository/Final Object Repo/Page_Update Add Supporting Document/Employer Code'

2019-01-08 19:44:47 - [TEST_STEP][PASSED] - click: Object: 'Object Repository/Final Object Repo/Page_Update Add Supporting Document/Search' is clicked on

2019-01-08 19:44:47 - [MESSAGE][PASSED] - Object: 'Object Repository/Final Object Repo/Page_Update Add Supporting Document/Search' is clicked on

2019-01-08 19:44:47 - [TEST_STEP][PASSED] - click: Object: 'Object Repository/Final Object Repo/Page_Update Add Supporting Document/Edit' is clicked on

2019-01-08 19:44:49 - [MESSAGE][PASSED] - Object: 'Object Repository/Final Object Repo/Page_Update Add Supporting Document/Edit' is clicked on

2019-01-08 19:44:49 - [TEST_STEP][PASSED] - click: Object: 'Object Repository/Final Object Repo/Page_Update Add Supporting Document/Add Document' is clicked on

2019-01-08 19:44:50 - [MESSAGE][PASSED] - Object: 'Object Repository/Final Object Repo/Page_Update Add Supporting Document/Add Document' is clicked on

2019-01-08 19:44:50 - [TEST_STEP][PASSED] - delay: Delayed 2 second(s)

2019-01-08 19:44:52 - [MESSAGE][PASSED] - Delayed 2 second(s)

2019-01-08 19:44:52 - [TEST_STEP][PASSED] - click: Object: 'Object Repository/Final Object Repo/Page_Update Add Supporting Document/Document Type' is clicked on

2019-01-08 19:44:52 - [MESSAGE][PASSED] - Object: 'Object Repository/Final Object Repo/Page_Update Add Supporting Document/Document Type' is clicked on

2019-01-08 19:44:52 - [TEST_STEP][PASSED] - delay: Delayed 2 second(s)

2019-01-08 19:44:54 - [MESSAGE][PASSED] - Delayed 2 second(s)

2019-01-08 19:44:54 - [TEST_STEP][PASSED] - click: Object: 'Object Repository/Final Object Repo/Page_Update Add Supporting Document/Document Type - Other' is clicked on

2019-01-08 19:44:54 - [MESSAGE][PASSED] - Object: 'Object Repository/Final Object Repo/Page_Update Add Supporting Document/Document Type - Other' is clicked on

2019-01-08 19:44:54 - [TEST_STEP][PASSED] - delay: Delayed 2 second(s)

2019-01-08 19:44:56 - [MESSAGE][PASSED] - Delayed 2 second(s)

2019-01-08 19:44:56 - [TEST_STEP][PASSED] - sendKeys: Keys 'C:\Users\Public\Pictures\Sample Pictures\Koala.jpg' sent to object: 'Object Repository/Final Object Repo/Page_Update Add Supporting Document/Uploading File'

2019-01-08 19:44:56 - [MESSAGE][PASSED] - Keys 'C:\Users\Public\Pictures\Sample Pictures\Koala.jpg' sent to object: 'Object Repository/Final Object Repo/Page_Update Add Supporting Document/Uploading File'

2019-01-08 19:44:56 - [TEST_STEP][PASSED] - delay: Delayed 2 second(s)

2019-01-08 19:44:58 - [MESSAGE][PASSED] - Delayed 2 second(s)

2019-01-08 19:44:58 - [TEST_STEP][PASSED] - click: Object: 'Object Repository/Final Object Repo/Page_Update Add Supporting Document/Add Document in uploading page' is clicked on

2019-01-08 19:44:58 - [MESSAGE][PASSED] - Object: 'Object Repository/Final Object Repo/Page_Update Add Supporting Document/Add Document in uploading page' is clicked on

2019-01-08 19:44:58 - [TEST_STEP][PASSED] - delay: Delayed 2 second(s)

2019-01-08 19:45:00 - [MESSAGE][PASSED] - Delayed 2 second(s)

2019-01-08 19:45:00 - [TEST_STEP][PASSED] - click: Object: 'Object Repository/Final Object Repo/Page_Update Add Supporting Document/Save and Continue in Uploading Page' is clicked on

2019-01-08 19:45:03 - [MESSAGE][PASSED] - Object: 'Object Repository/Final Object Repo/Page_Update Add Supporting Document/Save and Continue in Uploading Page' is clicked on

2019-01-08 19:45:03 - [TEST_STEP][PASSED] - delay: Delayed 2 second(s)

2019-01-08 19:45:05 - [MESSAGE][PASSED] - Delayed 2 second(s)

2019-01-08 19:45:05 - [TEST_STEP][PASSED] - click: Object: 'Object Repository/Final Object Repo/Page_Update Add Supporting Document/Submit' is clicked on

2019-01-08 19:45:07 - [MESSAGE][PASSED] - Object: 'Object Repository/Final Object Repo/Page_Update Add Supporting Document/Submit' is clicked on]]></system-out>
         <system-err><![CDATA[]]></system-err>
      </testcase>
      <testcase name="Test Cases/Final Aug 2018 - PKS Automation/Registration Module/Update Director and Owner Information/Update Director and Owner Information" classname="Test Cases/Final Aug 2018 - PKS Automation/Registration Module/Update Director and Owner Information/Update Director and Owner Information" status="PASSED">
         <system-out><![CDATA[2019-01-08 19:45:07 - [TEST_CASE][PASSED] - Test Cases/Final Aug 2018 - PKS Automation/Registration Module/Update Director and Owner Information/Update Director and Owner Information: Test Cases/Final Aug 2018 - PKS Automation/Registration Module/Update Director and Owner Information/Update Director and Owner Information

2019-01-08 19:45:08 - [TEST_STEP][PASSED] - openBrowser: Browser is opened with url: ''

2019-01-08 19:45:08 - [MESSAGE][WARNING] - A browser is already opened. Closing browser and opening a new one

2019-01-08 19:45:10 - [MESSAGE][PASSED] - Browser is opened with url: ''

2019-01-08 19:45:10 - [TEST_STEP][PASSED] - navigateToUrl: Navigate to 'https://assist2-uat.perkeso.gov.my/login' successfully

2019-01-08 19:45:12 - [MESSAGE][PASSED] - Navigate to 'https://assist2-uat.perkeso.gov.my/login' successfully

2019-01-08 19:45:12 - [TEST_STEP][PASSED] - setText: Text 'johorotc1@gmail.com' is set on object 'Object Repository/Final Object Repo/Login Page/Internal User/Email Address'

2019-01-08 19:45:12 - [MESSAGE][PASSED] - Text 'johorotc1@gmail.com' is set on object 'Object Repository/Final Object Repo/Login Page/Internal User/Email Address'

2019-01-08 19:45:12 - [TEST_STEP][PASSED] - click: Object: 'Object Repository/Final Object Repo/Login Page/Internal User/Next Button' is clicked on

2019-01-08 19:45:12 - [MESSAGE][PASSED] - Object: 'Object Repository/Final Object Repo/Login Page/Internal User/Next Button' is clicked on

2019-01-08 19:45:12 - [TEST_STEP][PASSED] - delay: Delayed 1 second(s)

2019-01-08 19:45:13 - [MESSAGE][PASSED] - Delayed 1 second(s)

2019-01-08 19:45:13 - [TEST_STEP][PASSED] - setEncryptedText: Text ****** has been set on object 'Object Repository/Final Object Repo/Login Page/Internal User/Password'

2019-01-08 19:45:13 - [MESSAGE][PASSED] - Text ****** has been set on object 'Object Repository/Final Object Repo/Login Page/Internal User/Password'

2019-01-08 19:45:13 - [TEST_STEP][PASSED] - click: Object: 'Object Repository/Final Object Repo/Login Page/Internal User/Login Button' is clicked on

2019-01-08 19:45:13 - [MESSAGE][PASSED] - Object: 'Object Repository/Final Object Repo/Login Page/Internal User/Login Button' is clicked on

2019-01-08 19:45:13 - [TEST_STEP][PASSED] - delay: Delayed 1 second(s)

2019-01-08 19:45:14 - [MESSAGE][PASSED] - Delayed 1 second(s)

2019-01-08 19:45:14 - [TEST_STEP][PASSED] - Statement - Try: Delayed 2 second(s)

2019-01-08 19:45:14 - [TEST_STEP][PASSED] - Statement - Checker = false: null

2019-01-08 19:45:14 - [TEST_STEP][PASSED] - Statement - Checker = com.kms.katalon.core.webui.keyword.WebUiBuiltInKeywords.verifyElementHasAttribute(com.kms.katalon.core.testobject.ObjectRepository.findTestObject(Final Object Repo/Landing Page/BM Detecting), "href", 20, OPTIONAL): Object 'Object Repository/Final Object Repo/Landing Page/BM Detecting' has attribute 'href'

2019-01-08 19:45:15 - [MESSAGE][PASSED] - Object 'Object Repository/Final Object Repo/Landing Page/BM Detecting' has attribute 'href'

2019-01-08 19:45:15 - [TEST_STEP][PASSED] - Statement - out.println(Checker): null

2019-01-08 19:45:15 - [TEST_STEP][PASSED] - Statement - If (Checker == false): null

2019-01-08 19:45:15 - [TEST_STEP][PASSED] - Statement - Else: null

2019-01-08 19:45:15 - [TEST_STEP][PASSED] - delay: Delayed 2 second(s)

2019-01-08 19:45:17 - [MESSAGE][PASSED] - Delayed 2 second(s)

2019-01-08 19:45:17 - [TEST_STEP][PASSED] - navigateToUrl: Navigate to 'https://assist2-uat.perkeso.gov.my/web/registration/update/update-director/owner-information' successfully

2019-01-08 19:45:18 - [MESSAGE][PASSED] - Navigate to 'https://assist2-uat.perkeso.gov.my/web/registration/update/update-director/owner-information' successfully

2019-01-08 19:45:18 - [TEST_STEP][PASSED] - setText: Text 'E1102001065V' is set on object 'Object Repository/Final Object Repo/Page_Update DirectorOwner Information/Employer Code'

2019-01-08 19:45:18 - [MESSAGE][PASSED] - Text 'E1102001065V' is set on object 'Object Repository/Final Object Repo/Page_Update DirectorOwner Information/Employer Code'

2019-01-08 19:45:18 - [TEST_STEP][PASSED] - click: Object: 'Object Repository/Final Object Repo/Page_Update DirectorOwner Information/Search' is clicked on

2019-01-08 19:45:18 - [MESSAGE][PASSED] - Object: 'Object Repository/Final Object Repo/Page_Update DirectorOwner Information/Search' is clicked on

2019-01-08 19:45:18 - [TEST_STEP][PASSED] - click: Object: 'Object Repository/Final Object Repo/Page_Update DirectorOwner Information/Edit' is clicked on

2019-01-08 19:45:23 - [MESSAGE][PASSED] - Object: 'Object Repository/Final Object Repo/Page_Update DirectorOwner Information/Edit' is clicked on

2019-01-08 19:45:23 - [TEST_STEP][PASSED] - delay: Delayed 3 second(s)

2019-01-08 19:45:26 - [MESSAGE][PASSED] - Delayed 3 second(s)

2019-01-08 19:45:26 - [TEST_STEP][PASSED] - click: Object: 'Object Repository/Final Object Repo/Page_Update DirectorOwner Information/Add Director' is clicked on

2019-01-08 19:45:26 - [MESSAGE][PASSED] - Object: 'Object Repository/Final Object Repo/Page_Update DirectorOwner Information/Add Director' is clicked on

2019-01-08 19:45:26 - [TEST_STEP][PASSED] - click: Object: 'Object Repository/Final Object Repo/Page_Update DirectorOwner Information/Identification Type' is clicked on

2019-01-08 19:45:28 - [MESSAGE][PASSED] - Object: 'Object Repository/Final Object Repo/Page_Update DirectorOwner Information/Identification Type' is clicked on

2019-01-08 19:45:28 - [TEST_STEP][PASSED] - click: Object: 'Object Repository/Final Object Repo/Page_Update DirectorOwner Information/Identification Type - IC' is clicked on

2019-01-08 19:45:28 - [MESSAGE][PASSED] - Object: 'Object Repository/Final Object Repo/Page_Update DirectorOwner Information/Identification Type - IC' is clicked on

2019-01-08 19:45:28 - [TEST_STEP][PASSED] - setText: Text '123456789012' is set on object 'Object Repository/Final Object Repo/Page_Update DirectorOwner Information/IC Number'

2019-01-08 19:45:29 - [MESSAGE][PASSED] - Text '123456789012' is set on object 'Object Repository/Final Object Repo/Page_Update DirectorOwner Information/IC Number'

2019-01-08 19:45:29 - [TEST_STEP][PASSED] - setText: Text 'perkeso' is set on object 'Object Repository/Final Object Repo/Page_Update DirectorOwner Information/input_DirectorOwner Name__sear'

2019-01-08 19:45:29 - [MESSAGE][PASSED] - Text 'perkeso' is set on object 'Object Repository/Final Object Repo/Page_Update DirectorOwner Information/input_DirectorOwner Name__sear'

2019-01-08 19:45:29 - [TEST_STEP][PASSED] - sendKeys: Keys 'address1' sent to object: 'Object Repository/Final Object Repo/Page_Update DirectorOwner Information/Address1'

2019-01-08 19:45:30 - [MESSAGE][PASSED] - Keys 'address1' sent to object: 'Object Repository/Final Object Repo/Page_Update DirectorOwner Information/Address1'

2019-01-08 19:45:30 - [TEST_STEP][PASSED] - sendKeys: Keys 'address2' sent to object: 'Object Repository/Final Object Repo/Page_Update DirectorOwner Information/Address2'

2019-01-08 19:45:30 - [MESSAGE][PASSED] - Keys 'address2' sent to object: 'Object Repository/Final Object Repo/Page_Update DirectorOwner Information/Address2'

2019-01-08 19:45:30 - [TEST_STEP][PASSED] - setText: Text 'address3' is set on object 'Object Repository/Final Object Repo/Page_Update DirectorOwner Information/Address3'

2019-01-08 19:45:30 - [MESSAGE][PASSED] - Text 'address3' is set on object 'Object Repository/Final Object Repo/Page_Update DirectorOwner Information/Address3'

2019-01-08 19:45:30 - [TEST_STEP][PASSED] - click: Object: 'Object Repository/Final Object Repo/Page_Update DirectorOwner Information/State' is clicked on

2019-01-08 19:45:30 - [MESSAGE][PASSED] - Object: 'Object Repository/Final Object Repo/Page_Update DirectorOwner Information/State' is clicked on

2019-01-08 19:45:30 - [TEST_STEP][PASSED] - delay: Delayed 2 second(s)

2019-01-08 19:45:32 - [MESSAGE][PASSED] - Delayed 2 second(s)

2019-01-08 19:45:32 - [TEST_STEP][PASSED] - click: Object: 'Object Repository/Final Object Repo/Page_Update DirectorOwner Information/State - Johor' is clicked on

2019-01-08 19:45:33 - [MESSAGE][PASSED] - Object: 'Object Repository/Final Object Repo/Page_Update DirectorOwner Information/State - Johor' is clicked on

2019-01-08 19:45:33 - [TEST_STEP][PASSED] - click: Object: 'Object Repository/Final Object Repo/Page_Update DirectorOwner Information/City' is clicked on

2019-01-08 19:45:33 - [MESSAGE][PASSED] - Object: 'Object Repository/Final Object Repo/Page_Update DirectorOwner Information/City' is clicked on

2019-01-08 19:45:33 - [TEST_STEP][PASSED] - delay: Delayed 2 second(s)

2019-01-08 19:45:35 - [MESSAGE][PASSED] - Delayed 2 second(s)

2019-01-08 19:45:35 - [TEST_STEP][PASSED] - setText: Text 'joh' is set on object 'Object Repository/Final Object Repo/Page_Update DirectorOwner Information/City - joh'

2019-01-08 19:45:35 - [MESSAGE][PASSED] - Text 'joh' is set on object 'Object Repository/Final Object Repo/Page_Update DirectorOwner Information/City - joh'

2019-01-08 19:45:35 - [TEST_STEP][PASSED] - delay: Delayed 2 second(s)

2019-01-08 19:45:37 - [MESSAGE][PASSED] - Delayed 2 second(s)

2019-01-08 19:45:37 - [TEST_STEP][PASSED] - click: Object: 'Object Repository/Final Object Repo/Page_Update DirectorOwner Information/span_JOHOR BAHRU' is clicked on

2019-01-08 19:45:37 - [MESSAGE][PASSED] - Object: 'Object Repository/Final Object Repo/Page_Update DirectorOwner Information/span_JOHOR BAHRU' is clicked on

2019-01-08 19:45:37 - [TEST_STEP][PASSED] - click: Object: 'Object Repository/Final Object Repo/Page_Update DirectorOwner Information/PostCode' is clicked on

2019-01-08 19:45:38 - [MESSAGE][PASSED] - Object: 'Object Repository/Final Object Repo/Page_Update DirectorOwner Information/PostCode' is clicked on

2019-01-08 19:45:38 - [TEST_STEP][PASSED] - delay: Delayed 2 second(s)

2019-01-08 19:45:40 - [MESSAGE][PASSED] - Delayed 2 second(s)

2019-01-08 19:45:40 - [TEST_STEP][PASSED] - setText: Text '810' is set on object 'Object Repository/Final Object Repo/Page_Update DirectorOwner Information/Post Code'

2019-01-08 19:45:40 - [MESSAGE][PASSED] - Text '810' is set on object 'Object Repository/Final Object Repo/Page_Update DirectorOwner Information/Post Code'

2019-01-08 19:45:40 - [TEST_STEP][PASSED] - delay: Delayed 3 second(s)

2019-01-08 19:45:43 - [MESSAGE][PASSED] - Delayed 3 second(s)

2019-01-08 19:45:43 - [TEST_STEP][PASSED] - click: Object: 'Object Repository/Final Object Repo/Page_Update DirectorOwner Information/span_81000' is clicked on

2019-01-08 19:45:44 - [MESSAGE][PASSED] - Object: 'Object Repository/Final Object Repo/Page_Update DirectorOwner Information/span_81000' is clicked on

2019-01-08 19:45:44 - [TEST_STEP][PASSED] - setText: Text '100' is set on object 'Object Repository/Final Object Repo/Page_Update DirectorOwner Information/input_P.O. Box'

2019-01-08 19:45:44 - [MESSAGE][PASSED] - Text '100' is set on object 'Object Repository/Final Object Repo/Page_Update DirectorOwner Information/input_P.O. Box'

2019-01-08 19:45:44 - [TEST_STEP][PASSED] - setText: Text '100' is set on object 'Object Repository/Final Object Repo/Page_Update DirectorOwner Information/Locked Bag No'

2019-01-08 19:45:44 - [MESSAGE][PASSED] - Text '100' is set on object 'Object Repository/Final Object Repo/Page_Update DirectorOwner Information/Locked Bag No'

2019-01-08 19:45:44 - [TEST_STEP][PASSED] - setText: Text '123456789' is set on object 'Object Repository/Final Object Repo/Page_Update DirectorOwner Information/Telephone Number'

2019-01-08 19:45:45 - [MESSAGE][PASSED] - Text '123456789' is set on object 'Object Repository/Final Object Repo/Page_Update DirectorOwner Information/Telephone Number'

2019-01-08 19:45:45 - [TEST_STEP][PASSED] - setText: Text '123456789' is set on object 'Object Repository/Final Object Repo/Page_Update DirectorOwner Information/Mobile Number'

2019-01-08 19:45:45 - [MESSAGE][PASSED] - Text '123456789' is set on object 'Object Repository/Final Object Repo/Page_Update DirectorOwner Information/Mobile Number'

2019-01-08 19:45:45 - [TEST_STEP][PASSED] - setText: Text '123456789' is set on object 'Object Repository/Final Object Repo/Page_Update DirectorOwner Information/Fax Number'

2019-01-08 19:45:45 - [MESSAGE][PASSED] - Text '123456789' is set on object 'Object Repository/Final Object Repo/Page_Update DirectorOwner Information/Fax Number'

2019-01-08 19:45:45 - [TEST_STEP][PASSED] - setText: Text 'perkeso@gmail.com' is set on object 'Object Repository/Final Object Repo/Page_Update DirectorOwner Information/Email'

2019-01-08 19:45:46 - [MESSAGE][PASSED] - Text 'perkeso@gmail.com' is set on object 'Object Repository/Final Object Repo/Page_Update DirectorOwner Information/Email'

2019-01-08 19:45:46 - [TEST_STEP][PASSED] - click: Object: 'Object Repository/Final Object Repo/Page_Update DirectorOwner Information/Marital Status' is clicked on

2019-01-08 19:45:46 - [MESSAGE][PASSED] - Object: 'Object Repository/Final Object Repo/Page_Update DirectorOwner Information/Marital Status' is clicked on

2019-01-08 19:45:46 - [TEST_STEP][PASSED] - click: Object: 'Object Repository/Final Object Repo/Page_Update DirectorOwner Information/span_Widow  Widower' is clicked on

2019-01-08 19:45:46 - [MESSAGE][PASSED] - Object: 'Object Repository/Final Object Repo/Page_Update DirectorOwner Information/span_Widow  Widower' is clicked on

2019-01-08 19:45:46 - [TEST_STEP][PASSED] - click: Object: 'Object Repository/Final Object Repo/Page_Update DirectorOwner Information/a_SAVE' is clicked on

2019-01-08 19:45:46 - [MESSAGE][PASSED] - Object: 'Object Repository/Final Object Repo/Page_Update DirectorOwner Information/a_SAVE' is clicked on]]></system-out>
         <system-err><![CDATA[]]></system-err>
      </testcase>
      <testcase name="Test Cases/Final Aug 2018 - PKS Automation/Registration Module/Workflow/Update Add New Employee/Template/New Company for Update Add New - Employer" classname="Test Cases/Final Aug 2018 - PKS Automation/Registration Module/Workflow/Update Add New Employee/Template/New Company for Update Add New - Employer" status="FAILED">
         <failure type="FAILED" message="(Stack trace: com.kms.katalon.core.exception.StepFailedException: Unable to get text of object 'Object Repository/Final Object Repo/Page_Update Add New Employee - ASSIST/getEmpCode' (Root cause: com.kms.katalon.core.webui.exception.WebElementNotFoundException: Web element with id: 'Object Repository/Final Object Repo/Page_Update Add New Employee - ASSIST/getEmpCode' located by 'By.xpath: (//body/div/div/div/div/div/div/div/div/div/div/div/div/div/div/div/div/span)[2]' not found)
	at com.kms.katalon.core.keyword.internal.KeywordMain.stepFailed(KeywordMain.groovy:32)
	at com.kms.katalon.core.webui.keyword.internal.WebUIKeywordMain.stepFailed(WebUIKeywordMain.groovy:65)
	at com.kms.katalon.core.webui.keyword.internal.WebUIKeywordMain.runKeyword(WebUIKeywordMain.groovy:27)
	at com.kms.katalon.core.webui.keyword.builtin.GetTextKeyword.getText(GetTextKeyword.groovy:88)
	at com.kms.katalon.core.webui.keyword.builtin.GetTextKeyword.execute(GetTextKeyword.groovy:67)
	at com.kms.katalon.core.keyword.internal.KeywordExecutor.executeKeywordForPlatform(KeywordExecutor.groovy:53)
	at com.kms.katalon.core.webui.keyword.WebUiBuiltInKeywords.getText(WebUiBuiltInKeywords.groovy:888)
	at com.kms.katalon.core.webui.keyword.WebUiBuiltInKeywords$getText$7.call(Unknown Source)
	at org.codehaus.groovy.runtime.callsite.CallSiteArray.defaultCall(CallSiteArray.java:48)
	at org.codehaus.groovy.runtime.callsite.AbstractCallSite.call(AbstractCallSite.java:113)
	at org.codehaus.groovy.runtime.callsite.AbstractCallSite.call(AbstractCallSite.java:125)
	at Script1537255938886.run(Script1537255938886.groovy:118)
	at com.kms.katalon.core.main.ScriptEngine.run(ScriptEngine.java:183)
	at com.kms.katalon.core.main.ScriptEngine.runScriptAsRawText(ScriptEngine.java:108)
	at com.kms.katalon.core.main.TestCaseExecutor.runScript(TestCaseExecutor.java:294)
	at com.kms.katalon.core.main.TestCaseExecutor.doExecute(TestCaseExecutor.java:285)
	at com.kms.katalon.core.main.TestCaseExecutor.processExecutionPhase(TestCaseExecutor.java:264)
	at com.kms.katalon.core.main.TestCaseExecutor.accessMainPhase(TestCaseExecutor.java:256)
	at com.kms.katalon.core.main.TestCaseExecutor.execute(TestCaseExecutor.java:200)
	at com.kms.katalon.core.main.TestSuiteExecutor.accessTestCaseMainPhase(TestSuiteExecutor.java:129)
	at com.kms.katalon.core.main.TestSuiteExecutor.accessTestSuiteMainPhase(TestSuiteExecutor.java:112)
	at com.kms.katalon.core.main.TestSuiteExecutor.execute(TestSuiteExecutor.java:81)
	at com.kms.katalon.core.main.TestCaseMain.startTestSuite(TestCaseMain.java:142)
	at com.kms.katalon.core.main.TestCaseMain$startTestSuite$0.call(Unknown Source)
	at org.codehaus.groovy.runtime.callsite.CallSiteArray.defaultCall(CallSiteArray.java:48)
	at org.codehaus.groovy.runtime.callsite.AbstractCallSite.call(AbstractCallSite.java:113)
	at org.codehaus.groovy.runtime.callsite.AbstractCallSite.call(AbstractCallSite.java:141)
	at TempTestSuite1546940422064.run(TempTestSuite1546940422064.groovy:36)
	at groovy.lang.GroovyShell.runScriptOrMainOrTestOrRunnable(GroovyShell.java:263)
	at groovy.lang.GroovyShell.run(GroovyShell.java:518)
	at groovy.lang.GroovyShell.run(GroovyShell.java:507)
	at groovy.ui.GroovyMain.processOnce(GroovyMain.java:653)
	at groovy.ui.GroovyMain.run(GroovyMain.java:384)
	at groovy.ui.GroovyMain.process(GroovyMain.java:370)
	at groovy.ui.GroovyMain.processArgs(GroovyMain.java:129)
	at groovy.ui.GroovyMain.main(GroovyMain.java:109)
	at sun.reflect.NativeMethodAccessorImpl.invoke0(Native Method)
	at sun.reflect.NativeMethodAccessorImpl.invoke(NativeMethodAccessorImpl.java:62)
	at sun.reflect.DelegatingMethodAccessorImpl.invoke(DelegatingMethodAccessorImpl.java:43)
	at java.lang.reflect.Method.invoke(Method.java:498)
	at org.codehaus.groovy.tools.GroovyStarter.rootLoader(GroovyStarter.java:109)
	at org.codehaus.groovy.tools.GroovyStarter.main(GroovyStarter.java:131)
)"/>
         <system-out><![CDATA[2019-01-08 19:45:46 - [TEST_CASE][FAILED] - Test Cases/Final Aug 2018 - PKS Automation/Registration Module/Workflow/Update Add New Employee/Template/New Company for Update Add New - Employer: Test Cases/Final Aug 2018 - PKS Automation/Registration Module/Workflow/Update Add New Employee/Template/New Company for Update Add New - Employer FAILED because (of) (Stack trace: com.kms.katalon.core.exception.StepFailedException: Unable to get text of object 'Object Repository/Final Object Repo/Page_Update Add New Employee - ASSIST/getEmpCode' (Root cause: com.kms.katalon.core.webui.exception.WebElementNotFoundException: Web element with id: 'Object Repository/Final Object Repo/Page_Update Add New Employee - ASSIST/getEmpCode' located by 'By.xpath: (//body/div/div/div/div/div/div/div/div/div/div/div/div/div/div/div/div/span)[2]' not found)
	at com.kms.katalon.core.keyword.internal.KeywordMain.stepFailed(KeywordMain.groovy:32)
	at com.kms.katalon.core.webui.keyword.internal.WebUIKeywordMain.stepFailed(WebUIKeywordMain.groovy:65)
	at com.kms.katalon.core.webui.keyword.internal.WebUIKeywordMain.runKeyword(WebUIKeywordMain.groovy:27)
	at com.kms.katalon.core.webui.keyword.builtin.GetTextKeyword.getText(GetTextKeyword.groovy:88)
	at com.kms.katalon.core.webui.keyword.builtin.GetTextKeyword.execute(GetTextKeyword.groovy:67)
	at com.kms.katalon.core.keyword.internal.KeywordExecutor.executeKeywordForPlatform(KeywordExecutor.groovy:53)
	at com.kms.katalon.core.webui.keyword.WebUiBuiltInKeywords.getText(WebUiBuiltInKeywords.groovy:888)
	at com.kms.katalon.core.webui.keyword.WebUiBuiltInKeywords$getText$7.call(Unknown Source)
	at org.codehaus.groovy.runtime.callsite.CallSiteArray.defaultCall(CallSiteArray.java:48)
	at org.codehaus.groovy.runtime.callsite.AbstractCallSite.call(AbstractCallSite.java:113)
	at org.codehaus.groovy.runtime.callsite.AbstractCallSite.call(AbstractCallSite.java:125)
	at Script1537255938886.run(Script1537255938886.groovy:118)
	at com.kms.katalon.core.main.ScriptEngine.run(ScriptEngine.java:183)
	at com.kms.katalon.core.main.ScriptEngine.runScriptAsRawText(ScriptEngine.java:108)
	at com.kms.katalon.core.main.TestCaseExecutor.runScript(TestCaseExecutor.java:294)
	at com.kms.katalon.core.main.TestCaseExecutor.doExecute(TestCaseExecutor.java:285)
	at com.kms.katalon.core.main.TestCaseExecutor.processExecutionPhase(TestCaseExecutor.java:264)
	at com.kms.katalon.core.main.TestCaseExecutor.accessMainPhase(TestCaseExecutor.java:256)
	at com.kms.katalon.core.main.TestCaseExecutor.execute(TestCaseExecutor.java:200)
	at com.kms.katalon.core.main.TestSuiteExecutor.accessTestCaseMainPhase(TestSuiteExecutor.java:129)
	at com.kms.katalon.core.main.TestSuiteExecutor.accessTestSuiteMainPhase(TestSuiteExecutor.java:112)
	at com.kms.katalon.core.main.TestSuiteExecutor.execute(TestSuiteExecutor.java:81)
	at com.kms.katalon.core.main.TestCaseMain.startTestSuite(TestCaseMain.java:142)
	at com.kms.katalon.core.main.TestCaseMain$startTestSuite$0.call(Unknown Source)
	at org.codehaus.groovy.runtime.callsite.CallSiteArray.defaultCall(CallSiteArray.java:48)
	at org.codehaus.groovy.runtime.callsite.AbstractCallSite.call(AbstractCallSite.java:113)
	at org.codehaus.groovy.runtime.callsite.AbstractCallSite.call(AbstractCallSite.java:141)
	at TempTestSuite1546940422064.run(TempTestSuite1546940422064.groovy:36)
	at groovy.lang.GroovyShell.runScriptOrMainOrTestOrRunnable(GroovyShell.java:263)
	at groovy.lang.GroovyShell.run(GroovyShell.java:518)
	at groovy.lang.GroovyShell.run(GroovyShell.java:507)
	at groovy.ui.GroovyMain.processOnce(GroovyMain.java:653)
	at groovy.ui.GroovyMain.run(GroovyMain.java:384)
	at groovy.ui.GroovyMain.process(GroovyMain.java:370)
	at groovy.ui.GroovyMain.processArgs(GroovyMain.java:129)
	at groovy.ui.GroovyMain.main(GroovyMain.java:109)
	at sun.reflect.NativeMethodAccessorImpl.invoke0(Native Method)
	at sun.reflect.NativeMethodAccessorImpl.invoke(NativeMethodAccessorImpl.java:62)
	at sun.reflect.DelegatingMethodAccessorImpl.invoke(DelegatingMethodAccessorImpl.java:43)
	at java.lang.reflect.Method.invoke(Method.java:498)
	at org.codehaus.groovy.tools.GroovyStarter.rootLoader(GroovyStarter.java:109)
	at org.codehaus.groovy.tools.GroovyStarter.main(GroovyStarter.java:131)
)

2019-01-08 19:45:47 - [TEST_STEP][PASSED] - callTestCase: Call Test Case 'Test Cases/Final Aug 2018 - PKS Automation/Create Employer Acc/Create Employer Account' successfully

2019-01-08 19:45:47 - [TEST_CASE][PASSED] - Test Cases/Final Aug 2018 - PKS Automation/Create Employer Acc/Create Employer Account: Test Cases/Final Aug 2018 - PKS Automation/Create Employer Acc/Create Employer Account

2019-01-08 19:45:47 - [TEST_STEP][PASSED] - callTestCase: Call Test Case 'Test Cases/Final Aug 2018 - PKS Automation/Create Employer Acc/Template/Register Employer' successfully

2019-01-08 19:45:47 - [TEST_CASE][PASSED] - Test Cases/Final Aug 2018 - PKS Automation/Create Employer Acc/Template/Register Employer: Test Cases/Final Aug 2018 - PKS Automation/Create Employer Acc/Template/Register Employer

2019-01-08 19:45:47 - [TEST_STEP][PASSED] - openBrowser: Browser is opened with url: ''

2019-01-08 19:45:47 - [MESSAGE][WARNING] - A browser is already opened. Closing browser and opening a new one

2019-01-08 19:45:50 - [MESSAGE][PASSED] - Browser is opened with url: ''

2019-01-08 19:45:50 - [TEST_STEP][PASSED] - navigateToUrl: Navigate to 'https://assist2-uat.perkeso.gov.my/login' successfully

2019-01-08 19:45:52 - [MESSAGE][PASSED] - Navigate to 'https://assist2-uat.perkeso.gov.my/login' successfully

2019-01-08 19:45:52 - [TEST_STEP][PASSED] - setText: Text 'johorotc1@gmail.com' is set on object 'Object Repository/Final Object Repo/Login Page/Internal User/Email Address'

2019-01-08 19:45:52 - [MESSAGE][PASSED] - Text 'johorotc1@gmail.com' is set on object 'Object Repository/Final Object Repo/Login Page/Internal User/Email Address'

2019-01-08 19:45:52 - [TEST_STEP][PASSED] - click: Object: 'Object Repository/Final Object Repo/Login Page/Internal User/Next Button' is clicked on

2019-01-08 19:45:52 - [MESSAGE][PASSED] - Object: 'Object Repository/Final Object Repo/Login Page/Internal User/Next Button' is clicked on

2019-01-08 19:45:52 - [TEST_STEP][PASSED] - delay: Delayed 1 second(s)

2019-01-08 19:45:53 - [MESSAGE][PASSED] - Delayed 1 second(s)

2019-01-08 19:45:53 - [TEST_STEP][PASSED] - setEncryptedText: Text ****** has been set on object 'Object Repository/Final Object Repo/Login Page/Internal User/Password'

2019-01-08 19:45:53 - [MESSAGE][PASSED] - Text ****** has been set on object 'Object Repository/Final Object Repo/Login Page/Internal User/Password'

2019-01-08 19:45:53 - [TEST_STEP][PASSED] - click: Object: 'Object Repository/Final Object Repo/Login Page/Internal User/Login Button' is clicked on

2019-01-08 19:45:53 - [MESSAGE][PASSED] - Object: 'Object Repository/Final Object Repo/Login Page/Internal User/Login Button' is clicked on

2019-01-08 19:45:53 - [TEST_STEP][PASSED] - delay: Delayed 1 second(s)

2019-01-08 19:45:54 - [MESSAGE][PASSED] - Delayed 1 second(s)

2019-01-08 19:45:54 - [TEST_STEP][PASSED] - navigateToUrl: Navigate to 'https://assist2-uat.perkeso.gov.my/web/base/portal-id/registration' successfully

2019-01-08 19:45:56 - [MESSAGE][PASSED] - Navigate to 'https://assist2-uat.perkeso.gov.my/web/base/portal-id/registration' successfully

2019-01-08 19:45:56 - [TEST_STEP][PASSED] - setText: Text 'AUTOMATION EMPLOYER' is set on object 'Object Repository/Final Object Repo/Creating Employer Account/Page_Registration - ASSIST (Base)/Employer Name'

2019-01-08 19:45:57 - [MESSAGE][PASSED] - Text 'AUTOMATION EMPLOYER' is set on object 'Object Repository/Final Object Repo/Creating Employer Account/Page_Registration - ASSIST (Base)/Employer Name'

2019-01-08 19:45:57 - [TEST_STEP][PASSED] - delay: Delayed 2 second(s)

2019-01-08 19:45:59 - [MESSAGE][PASSED] - Delayed 2 second(s)

2019-01-08 19:45:59 - [TEST_STEP][PASSED] - click: Object: 'Object Repository/Final Object Repo/Creating Employer Account/Page_Registration - ASSIST (Base)/Registration Type' is clicked on

2019-01-08 19:45:59 - [MESSAGE][PASSED] - Object: 'Object Repository/Final Object Repo/Creating Employer Account/Page_Registration - ASSIST (Base)/Registration Type' is clicked on

2019-01-08 19:45:59 - [TEST_STEP][PASSED] - delay: Delayed 2 second(s)

2019-01-08 19:46:01 - [MESSAGE][PASSED] - Delayed 2 second(s)

2019-01-08 19:46:01 - [TEST_STEP][PASSED] - click: Object: 'Object Repository/Final Object Repo/Creating Employer Account/Page_Registration - ASSIST (Base)/Registration Type - Registration No' is clicked on

2019-01-08 19:46:01 - [MESSAGE][PASSED] - Object: 'Object Repository/Final Object Repo/Creating Employer Account/Page_Registration - ASSIST (Base)/Registration Type - Registration No' is clicked on

2019-01-08 19:46:01 - [TEST_STEP][PASSED] - delay: Delayed 2 second(s)

2019-01-08 19:46:03 - [MESSAGE][PASSED] - Delayed 2 second(s)

2019-01-08 19:46:03 - [TEST_STEP][PASSED] - setText: Text 'AUTOMATE001' is set on object 'Object Repository/Final Object Repo/Creating Employer Account/Page_Registration - ASSIST (Base)/Registration Number'

2019-01-08 19:46:03 - [MESSAGE][PASSED] - Text 'AUTOMATE001' is set on object 'Object Repository/Final Object Repo/Creating Employer Account/Page_Registration - ASSIST (Base)/Registration Number'

2019-01-08 19:46:03 - [TEST_STEP][PASSED] - delay: Delayed 2 second(s)

2019-01-08 19:46:05 - [MESSAGE][PASSED] - Delayed 2 second(s)

2019-01-08 19:46:05 - [TEST_STEP][PASSED] - setText: Text 'ADDRESS 1' is set on object 'Object Repository/Final Object Repo/Creating Employer Account/Page_Registration - ASSIST (Base)/Postal Address 1'

2019-01-08 19:46:06 - [MESSAGE][PASSED] - Text 'ADDRESS 1' is set on object 'Object Repository/Final Object Repo/Creating Employer Account/Page_Registration - ASSIST (Base)/Postal Address 1'

2019-01-08 19:46:06 - [TEST_STEP][PASSED] - setText: Text 'ADDRESS 2' is set on object 'Object Repository/Final Object Repo/Creating Employer Account/Page_Registration - ASSIST (Base)/Postal Address 2'

2019-01-08 19:46:06 - [MESSAGE][PASSED] - Text 'ADDRESS 2' is set on object 'Object Repository/Final Object Repo/Creating Employer Account/Page_Registration - ASSIST (Base)/Postal Address 2'

2019-01-08 19:46:06 - [TEST_STEP][PASSED] - click: Object: 'Object Repository/Final Object Repo/Creating Employer Account/Page_Registration - ASSIST (Base)/State' is clicked on

2019-01-08 19:46:06 - [MESSAGE][PASSED] - Object: 'Object Repository/Final Object Repo/Creating Employer Account/Page_Registration - ASSIST (Base)/State' is clicked on

2019-01-08 19:46:06 - [TEST_STEP][PASSED] - delay: Delayed 2 second(s)

2019-01-08 19:46:08 - [MESSAGE][PASSED] - Delayed 2 second(s)

2019-01-08 19:46:08 - [TEST_STEP][PASSED] - click: Object: 'Object Repository/Final Object Repo/Creating Employer Account/Page_Registration - ASSIST (Base)/State - Johor' is clicked on

2019-01-08 19:46:08 - [MESSAGE][PASSED] - Object: 'Object Repository/Final Object Repo/Creating Employer Account/Page_Registration - ASSIST (Base)/State - Johor' is clicked on

2019-01-08 19:46:08 - [TEST_STEP][PASSED] - delay: Delayed 2 second(s)

2019-01-08 19:46:10 - [MESSAGE][PASSED] - Delayed 2 second(s)

2019-01-08 19:46:10 - [TEST_STEP][PASSED] - click: Object: 'Object Repository/Final Object Repo/Creating Employer Account/Page_Registration - ASSIST (Base)/City' is clicked on

2019-01-08 19:46:10 - [MESSAGE][PASSED] - Object: 'Object Repository/Final Object Repo/Creating Employer Account/Page_Registration - ASSIST (Base)/City' is clicked on

2019-01-08 19:46:10 - [TEST_STEP][PASSED] - delay: Delayed 2 second(s)

2019-01-08 19:46:12 - [MESSAGE][PASSED] - Delayed 2 second(s)

2019-01-08 19:46:12 - [TEST_STEP][PASSED] - setText: Text 'joh' is set on object 'Object Repository/Final Object Repo/Creating Employer Account/Page_Registration - ASSIST (Base)/City - joh'

2019-01-08 19:46:13 - [MESSAGE][PASSED] - Text 'joh' is set on object 'Object Repository/Final Object Repo/Creating Employer Account/Page_Registration - ASSIST (Base)/City - joh'

2019-01-08 19:46:13 - [TEST_STEP][PASSED] - delay: Delayed 2 second(s)

2019-01-08 19:46:15 - [MESSAGE][PASSED] - Delayed 2 second(s)

2019-01-08 19:46:15 - [TEST_STEP][PASSED] - click: Object: 'Object Repository/Final Object Repo/Creating Employer Account/Page_Registration - ASSIST (Base)/City - Johor Bharu' is clicked on

2019-01-08 19:46:15 - [MESSAGE][PASSED] - Object: 'Object Repository/Final Object Repo/Creating Employer Account/Page_Registration - ASSIST (Base)/City - Johor Bharu' is clicked on

2019-01-08 19:46:15 - [TEST_STEP][PASSED] - delay: Delayed 2 second(s)

2019-01-08 19:46:17 - [MESSAGE][PASSED] - Delayed 2 second(s)

2019-01-08 19:46:17 - [TEST_STEP][PASSED] - click: Object: 'Object Repository/Final Object Repo/Creating Employer Account/Page_Registration - ASSIST (Base)/Post Code' is clicked on

2019-01-08 19:46:17 - [MESSAGE][PASSED] - Object: 'Object Repository/Final Object Repo/Creating Employer Account/Page_Registration - ASSIST (Base)/Post Code' is clicked on

2019-01-08 19:46:17 - [TEST_STEP][PASSED] - delay: Delayed 2 second(s)

2019-01-08 19:46:19 - [MESSAGE][PASSED] - Delayed 2 second(s)

2019-01-08 19:46:19 - [TEST_STEP][PASSED] - setText: Text '810' is set on object 'Object Repository/Final Object Repo/Creating Employer Account/Page_Registration - ASSIST (Base)/Post Code - 810'

2019-01-08 19:46:19 - [MESSAGE][PASSED] - Text '810' is set on object 'Object Repository/Final Object Repo/Creating Employer Account/Page_Registration - ASSIST (Base)/Post Code - 810'

2019-01-08 19:46:19 - [TEST_STEP][PASSED] - delay: Delayed 2 second(s)

2019-01-08 19:46:21 - [MESSAGE][PASSED] - Delayed 2 second(s)

2019-01-08 19:46:21 - [TEST_STEP][PASSED] - click: Object: 'Object Repository/Final Object Repo/Creating Employer Account/Page_Registration - ASSIST (Base)/Post Code - 81000' is clicked on

2019-01-08 19:46:21 - [MESSAGE][PASSED] - Object: 'Object Repository/Final Object Repo/Creating Employer Account/Page_Registration - ASSIST (Base)/Post Code - 81000' is clicked on

2019-01-08 19:46:21 - [TEST_STEP][PASSED] - delay: Delayed 2 second(s)

2019-01-08 19:46:23 - [MESSAGE][PASSED] - Delayed 2 second(s)

2019-01-08 19:46:23 - [TEST_STEP][PASSED] - setText: Text 'PERKESO' is set on object 'Object Repository/Final Object Repo/Creating Employer Account/Page_Registration - ASSIST (Base)/Full Name'

2019-01-08 19:46:24 - [MESSAGE][PASSED] - Text 'PERKESO' is set on object 'Object Repository/Final Object Repo/Creating Employer Account/Page_Registration - ASSIST (Base)/Full Name'

2019-01-08 19:46:24 - [TEST_STEP][PASSED] - Statement - rnd = new java.util.Random(): null

2019-01-08 19:46:24 - [TEST_STEP][PASSED] - Statement - snum = rnd.nextInt(899999 + 1) + 100000: null

2019-01-08 19:46:24 - [TEST_STEP][PASSED] - Statement - tnum = rnd.nextInt(899999 + 1) + 100000: null

2019-01-08 19:46:24 - [TEST_STEP][PASSED] - Statement - IC = java.lang.Integer.toString(snum) + java.lang.Integer.toString(tnum): null

2019-01-08 19:46:24 - [TEST_STEP][PASSED] - Statement - out.println(IC): null

2019-01-08 19:46:24 - [TEST_STEP][PASSED] - setText: Text '456148365848' is set on object 'Object Repository/Final Object Repo/Creating Employer Account/Page_Registration - ASSIST (Base)/Identification Number'

2019-01-08 19:46:24 - [MESSAGE][PASSED] - Text '456148365848' is set on object 'Object Repository/Final Object Repo/Creating Employer Account/Page_Registration - ASSIST (Base)/Identification Number'

2019-01-08 19:46:24 - [TEST_STEP][PASSED] - delay: Delayed 2 second(s)

2019-01-08 19:46:26 - [MESSAGE][PASSED] - Delayed 2 second(s)

2019-01-08 19:46:26 - [TEST_STEP][PASSED] - setText: Text '123456789012' is set on object 'Object Repository/Final Object Repo/Creating Employer Account/Page_Registration - ASSIST (Base)/Contact Number'

2019-01-08 19:46:26 - [MESSAGE][PASSED] - Text '123456789012' is set on object 'Object Repository/Final Object Repo/Creating Employer Account/Page_Registration - ASSIST (Base)/Contact Number'

2019-01-08 19:46:26 - [TEST_STEP][PASSED] - Statement - Email = "perkeso" + IC + "@gmail.com": null

2019-01-08 19:46:26 - [TEST_STEP][PASSED] - delay: Delayed 2 second(s)

2019-01-08 19:46:28 - [MESSAGE][PASSED] - Delayed 2 second(s)

2019-01-08 19:46:28 - [TEST_STEP][PASSED] - callTestCase: Call Test Case 'Test Cases/Final Aug 2018 - PKS Automation/Create Employer Acc/Template/Employer Email Settler' successfully

2019-01-08 19:46:28 - [TEST_CASE][PASSED] - Test Cases/Final Aug 2018 - PKS Automation/Create Employer Acc/Template/Employer Email Settler: Test Cases/Final Aug 2018 - PKS Automation/Create Employer Acc/Template/Employer Email Settler

2019-01-08 19:46:29 - [TEST_STEP][PASSED] - Statement - EmpEmailOld = new java.io.File(C://Users//Admin//Desktop//PKS//Automation Reference Point//EmpEmail.txt): null

2019-01-08 19:46:29 - [TEST_STEP][PASSED] - Statement - EmpEmailOld.delete(): null

2019-01-08 19:46:29 - [TEST_STEP][PASSED] - delay: Delayed 5 second(s)

2019-01-08 19:46:34 - [MESSAGE][PASSED] - Delayed 5 second(s)

2019-01-08 19:46:34 - [TEST_STEP][PASSED] - Statement - EmpEmail = new java.io.File(C://Users//Admin//Desktop//PKS//Automation Reference Point//EmpEmail.txt): null

2019-01-08 19:46:34 - [TEST_STEP][PASSED] - Statement - f2 = new java.io.FileWriter(EmpEmail, false): null

2019-01-08 19:46:34 - [TEST_STEP][PASSED] - Statement - f2.write(Email): null

2019-01-08 19:46:34 - [TEST_STEP][PASSED] - Statement - f2.close(): null

2019-01-08 19:46:34 - [TEST_STEP][PASSED] - Statement - out.println(Email): null

2019-01-08 19:46:34 - [MESSAGE][PASSED] - Call Test Case 'Test Cases/Final Aug 2018 - PKS Automation/Create Employer Acc/Template/Employer Email Settler' successfully

2019-01-08 19:46:34 - [TEST_STEP][PASSED] - delay: Delayed 2 second(s)

2019-01-08 19:46:36 - [MESSAGE][PASSED] - Delayed 2 second(s)

2019-01-08 19:46:36 - [TEST_STEP][PASSED] - setText: Text 'perkeso456148365848@gmail.com' is set on object 'Object Repository/Final Object Repo/Creating Employer Account/Page_Registration - ASSIST (Base)/Email'

2019-01-08 19:46:36 - [MESSAGE][PASSED] - Text 'perkeso456148365848@gmail.com' is set on object 'Object Repository/Final Object Repo/Creating Employer Account/Page_Registration - ASSIST (Base)/Email'

2019-01-08 19:46:36 - [TEST_STEP][PASSED] - setText: Text '123' is set on object 'Object Repository/Final Object Repo/Creating Employer Account/Page_Registration - ASSIST (Base)/Security Phase'

2019-01-08 19:46:36 - [MESSAGE][PASSED] - Text '123' is set on object 'Object Repository/Final Object Repo/Creating Employer Account/Page_Registration - ASSIST (Base)/Security Phase'

2019-01-08 19:46:36 - [TEST_STEP][PASSED] - click: Object: 'Object Repository/Final Object Repo/Creating Employer Account/Page_Registration - ASSIST (Base)/Save  Continue' is clicked on

2019-01-08 19:46:37 - [MESSAGE][PASSED] - Object: 'Object Repository/Final Object Repo/Creating Employer Account/Page_Registration - ASSIST (Base)/Save  Continue' is clicked on

2019-01-08 19:46:37 - [TEST_STEP][PASSED] - delay: Delayed 2 second(s)

2019-01-08 19:46:39 - [MESSAGE][PASSED] - Delayed 2 second(s)

2019-01-08 19:46:39 - [TEST_STEP][PASSED] - click: Object: 'Object Repository/Final Object Repo/Creating Employer Account/Page_Registration - ASSIST (Base)/Add Document' is clicked on

2019-01-08 19:46:39 - [MESSAGE][PASSED] - Object: 'Object Repository/Final Object Repo/Creating Employer Account/Page_Registration - ASSIST (Base)/Add Document' is clicked on

2019-01-08 19:46:39 - [TEST_STEP][PASSED] - delay: Delayed 2 second(s)

2019-01-08 19:46:41 - [MESSAGE][PASSED] - Delayed 2 second(s)

2019-01-08 19:46:41 - [TEST_STEP][PASSED] - click: Object: 'Object Repository/Final Object Repo/Creating Employer Account/Page_Registration - ASSIST (Base)/Document Type' is clicked on

2019-01-08 19:46:41 - [MESSAGE][PASSED] - Object: 'Object Repository/Final Object Repo/Creating Employer Account/Page_Registration - ASSIST (Base)/Document Type' is clicked on

2019-01-08 19:46:41 - [TEST_STEP][PASSED] - delay: Delayed 2 second(s)

2019-01-08 19:46:43 - [MESSAGE][PASSED] - Delayed 2 second(s)

2019-01-08 19:46:43 - [TEST_STEP][PASSED] - click: Object: 'Object Repository/Final Object Repo/Creating Employer Account/Page_Registration - ASSIST (Base)/Document Type - Letter of Authorization' is clicked on

2019-01-08 19:46:43 - [MESSAGE][PASSED] - Object: 'Object Repository/Final Object Repo/Creating Employer Account/Page_Registration - ASSIST (Base)/Document Type - Letter of Authorization' is clicked on

2019-01-08 19:46:43 - [TEST_STEP][PASSED] - delay: Delayed 2 second(s)

2019-01-08 19:46:45 - [MESSAGE][PASSED] - Delayed 2 second(s)

2019-01-08 19:46:45 - [TEST_STEP][PASSED] - sendKeys: Keys 'C:\Users\Public\Pictures\Sample Pictures\Koala.jpg' sent to object: 'Object Repository/Final Object Repo/Creating Employer Account/Page_Registration - ASSIST (Base)/Uploading File'

2019-01-08 19:46:45 - [MESSAGE][PASSED] - Keys 'C:\Users\Public\Pictures\Sample Pictures\Koala.jpg' sent to object: 'Object Repository/Final Object Repo/Creating Employer Account/Page_Registration - ASSIST (Base)/Uploading File'

2019-01-08 19:46:45 - [TEST_STEP][PASSED] - delay: Delayed 2 second(s)

2019-01-08 19:46:47 - [MESSAGE][PASSED] - Delayed 2 second(s)

2019-01-08 19:46:47 - [TEST_STEP][PASSED] - click: Object: 'Object Repository/Final Object Repo/Creating Employer Account/Page_Registration - ASSIST (Base)/Add Document in Uploading File' is clicked on

2019-01-08 19:46:47 - [MESSAGE][PASSED] - Object: 'Object Repository/Final Object Repo/Creating Employer Account/Page_Registration - ASSIST (Base)/Add Document in Uploading File' is clicked on

2019-01-08 19:46:47 - [TEST_STEP][PASSED] - delay: Delayed 2 second(s)

2019-01-08 19:46:49 - [MESSAGE][PASSED] - Delayed 2 second(s)

2019-01-08 19:46:49 - [TEST_STEP][PASSED] - click: Object: 'Object Repository/Final Object Repo/Creating Employer Account/Page_Registration - ASSIST (Base)/Save' is clicked on

2019-01-08 19:46:50 - [MESSAGE][PASSED] - Object: 'Object Repository/Final Object Repo/Creating Employer Account/Page_Registration - ASSIST (Base)/Save' is clicked on

2019-01-08 19:46:50 - [TEST_STEP][PASSED] - delay: Delayed 2 second(s)

2019-01-08 19:46:52 - [MESSAGE][PASSED] - Delayed 2 second(s)

2019-01-08 19:46:52 - [TEST_STEP][PASSED] - click: Object: 'Object Repository/Final Object Repo/Creating Employer Account/Page_Registration - ASSIST (Base)/Submit' is clicked on

2019-01-08 19:46:52 - [MESSAGE][PASSED] - Object: 'Object Repository/Final Object Repo/Creating Employer Account/Page_Registration - ASSIST (Base)/Submit' is clicked on

2019-01-08 19:46:52 - [TEST_STEP][PASSED] - delay: Delayed 2 second(s)

2019-01-08 19:46:54 - [MESSAGE][PASSED] - Delayed 2 second(s)

2019-01-08 19:46:54 - [TEST_STEP][PASSED] - click: Object: 'Object Repository/Final Object Repo/Creating Employer Account/Page_Registration - ASSIST (Base)/Confirm' is clicked on

2019-01-08 19:46:54 - [MESSAGE][PASSED] - Object: 'Object Repository/Final Object Repo/Creating Employer Account/Page_Registration - ASSIST (Base)/Confirm' is clicked on

2019-01-08 19:46:54 - [MESSAGE][PASSED] - Call Test Case 'Test Cases/Final Aug 2018 - PKS Automation/Create Employer Acc/Template/Register Employer' successfully

2019-01-08 19:46:54 - [TEST_STEP][PASSED] - delay: Delayed 1 second(s)

2019-01-08 19:46:55 - [MESSAGE][PASSED] - Delayed 1 second(s)

2019-01-08 19:46:55 - [TEST_STEP][PASSED] - navigateToUrl: Navigate to 'https://assist2-uat.perkeso.gov.my/c/portal/logout' successfully

2019-01-08 19:46:57 - [MESSAGE][PASSED] - Navigate to 'https://assist2-uat.perkeso.gov.my/c/portal/logout' successfully

2019-01-08 19:46:57 - [TEST_STEP][PASSED] - delay: Delayed 1 second(s)

2019-01-08 19:46:58 - [MESSAGE][PASSED] - Delayed 1 second(s)

2019-01-08 19:46:58 - [TEST_STEP][PASSED] - callTestCase: Call Test Case 'Test Cases/Final Aug 2018 - PKS Automation/Create Employer Acc/Template/Change Password of Employer' successfully

2019-01-08 19:46:58 - [TEST_CASE][PASSED] - Test Cases/Final Aug 2018 - PKS Automation/Create Employer Acc/Template/Change Password of Employer: Test Cases/Final Aug 2018 - PKS Automation/Create Employer Acc/Template/Change Password of Employer

2019-01-08 19:46:58 - [TEST_STEP][PASSED] - openBrowser: Browser is opened with url: ''

2019-01-08 19:46:58 - [MESSAGE][WARNING] - A browser is already opened. Closing browser and opening a new one

2019-01-08 19:47:01 - [MESSAGE][PASSED] - Browser is opened with url: ''

2019-01-08 19:47:01 - [TEST_STEP][PASSED] - navigateToUrl: Navigate to 'https://assist2-uat.perkeso.gov.my/login' successfully

2019-01-08 19:47:02 - [MESSAGE][PASSED] - Navigate to 'https://assist2-uat.perkeso.gov.my/login' successfully

2019-01-08 19:47:02 - [TEST_STEP][PASSED] - delay: Delayed 5 second(s)

2019-01-08 19:47:07 - [MESSAGE][PASSED] - Delayed 5 second(s)

2019-01-08 19:47:07 - [TEST_STEP][PASSED] - setText: Text 'test@liferay.com' is set on object 'Object Repository/Final Object Repo/Login Page/Internal User/Email Address'

2019-01-08 19:47:07 - [MESSAGE][PASSED] - Text 'test@liferay.com' is set on object 'Object Repository/Final Object Repo/Login Page/Internal User/Email Address'

2019-01-08 19:47:07 - [TEST_STEP][PASSED] - click: Object: 'Object Repository/Final Object Repo/Login Page/Internal User/Next Button' is clicked on

2019-01-08 19:47:08 - [MESSAGE][PASSED] - Object: 'Object Repository/Final Object Repo/Login Page/Internal User/Next Button' is clicked on

2019-01-08 19:47:08 - [TEST_STEP][PASSED] - delay: Delayed 2 second(s)

2019-01-08 19:47:10 - [MESSAGE][PASSED] - Delayed 2 second(s)

2019-01-08 19:47:10 - [TEST_STEP][PASSED] - setText: Text 'test' is set on object 'Object Repository/Final Object Repo/Login Page/Internal User/Password'

2019-01-08 19:47:10 - [MESSAGE][PASSED] - Text 'test' is set on object 'Object Repository/Final Object Repo/Login Page/Internal User/Password'

2019-01-08 19:47:10 - [TEST_STEP][PASSED] - delay: Delayed 2 second(s)

2019-01-08 19:47:12 - [MESSAGE][PASSED] - Delayed 2 second(s)

2019-01-08 19:47:12 - [TEST_STEP][PASSED] - click: Object: 'Object Repository/Final Object Repo/Login Page/Internal User/Login Button' is clicked on

2019-01-08 19:47:12 - [MESSAGE][PASSED] - Object: 'Object Repository/Final Object Repo/Login Page/Internal User/Login Button' is clicked on

2019-01-08 19:47:12 - [TEST_STEP][PASSED] - delay: Delayed 3 second(s)

2019-01-08 19:47:15 - [MESSAGE][PASSED] - Delayed 3 second(s)

2019-01-08 19:47:15 - [TEST_STEP][PASSED] - navigateToUrl: Navigate to 'https://assist2-uat.perkeso.gov.my/group/control_panel/manage?p_p_id=125&p_p_lifecycle=0&p_p_state=maximized&p_p_mode=view&refererPlid=20455&_125_usersListView=flat-users&_125_toolbarItem=view-all-users&_125_saveUsersListView=true&_125_struts_action=%2Fusers_admin%2Fview' successfully

2019-01-08 19:47:17 - [MESSAGE][PASSED] - Navigate to 'https://assist2-uat.perkeso.gov.my/group/control_panel/manage?p_p_id=125&p_p_lifecycle=0&p_p_state=maximized&p_p_mode=view&refererPlid=20455&_125_usersListView=flat-users&_125_toolbarItem=view-all-users&_125_saveUsersListView=true&_125_struts_action=%2Fusers_admin%2Fview' successfully

2019-01-08 19:47:17 - [TEST_STEP][PASSED] - delay: Delayed 3 second(s)

2019-01-08 19:47:20 - [MESSAGE][PASSED] - Delayed 3 second(s)

2019-01-08 19:47:20 - [TEST_STEP][PASSED] - setText: Text 'perkeso456148365848@gmail.com' is set on object 'Object Repository/Final Object Repo/Creating Employer Account/Page_Users and Organizations - ASSIST/Employer name'

2019-01-08 19:47:20 - [MESSAGE][PASSED] - Text 'perkeso456148365848@gmail.com' is set on object 'Object Repository/Final Object Repo/Creating Employer Account/Page_Users and Organizations - ASSIST/Employer name'

2019-01-08 19:47:20 - [TEST_STEP][PASSED] - delay: Delayed 3 second(s)

2019-01-08 19:47:23 - [MESSAGE][PASSED] - Delayed 3 second(s)

2019-01-08 19:47:23 - [TEST_STEP][PASSED] - click: Object: 'Object Repository/Final Object Repo/Creating Employer Account/Page_Users and Organizations - ASSIST/Search' is clicked on

2019-01-08 19:47:23 - [MESSAGE][PASSED] - Object: 'Object Repository/Final Object Repo/Creating Employer Account/Page_Users and Organizations - ASSIST/Search' is clicked on

2019-01-08 19:47:23 - [TEST_STEP][PASSED] - delay: Delayed 3 second(s)

2019-01-08 19:47:26 - [MESSAGE][PASSED] - Delayed 3 second(s)

2019-01-08 19:47:26 - [TEST_STEP][PASSED] - click: Object: 'Object Repository/Final Object Repo/Creating Employer Account/Page_Users and Organizations - ASSIST/Action' is clicked on

2019-01-08 19:47:27 - [MESSAGE][PASSED] - Object: 'Object Repository/Final Object Repo/Creating Employer Account/Page_Users and Organizations - ASSIST/Action' is clicked on

2019-01-08 19:47:27 - [TEST_STEP][PASSED] - delay: Delayed 3 second(s)

2019-01-08 19:47:30 - [MESSAGE][PASSED] - Delayed 3 second(s)

2019-01-08 19:47:30 - [TEST_STEP][PASSED] - click: Object: 'Object Repository/Final Object Repo/Creating Employer Account/Page_Users and Organizations - ASSIST/Edit' is clicked on

2019-01-08 19:47:31 - [MESSAGE][PASSED] - Object: 'Object Repository/Final Object Repo/Creating Employer Account/Page_Users and Organizations - ASSIST/Edit' is clicked on

2019-01-08 19:47:31 - [TEST_STEP][PASSED] - delay: Delayed 3 second(s)

2019-01-08 19:47:34 - [MESSAGE][PASSED] - Delayed 3 second(s)

2019-01-08 19:47:34 - [TEST_STEP][PASSED] - click: Object: 'Object Repository/Final Object Repo/Creating Employer Account/Page_PERKESO - Users and Organizati/a_Password (Modified)' is clicked on

2019-01-08 19:47:34 - [MESSAGE][PASSED] - Object: 'Object Repository/Final Object Repo/Creating Employer Account/Page_PERKESO - Users and Organizati/a_Password (Modified)' is clicked on

2019-01-08 19:47:34 - [TEST_STEP][PASSED] - delay: Delayed 3 second(s)

2019-01-08 19:47:37 - [MESSAGE][PASSED] - Delayed 3 second(s)

2019-01-08 19:47:37 - [TEST_STEP][PASSED] - setEncryptedText: Text ****** has been set on object 'Object Repository/Final Object Repo/Creating Employer Account/Page_PERKESO - Users and Organizati/input__125_password1'

2019-01-08 19:47:37 - [MESSAGE][PASSED] - Text ****** has been set on object 'Object Repository/Final Object Repo/Creating Employer Account/Page_PERKESO - Users and Organizati/input__125_password1'

2019-01-08 19:47:37 - [TEST_STEP][PASSED] - delay: Delayed 3 second(s)

2019-01-08 19:47:40 - [MESSAGE][PASSED] - Delayed 3 second(s)

2019-01-08 19:47:40 - [TEST_STEP][PASSED] - setEncryptedText: Text ****** has been set on object 'Object Repository/Final Object Repo/Creating Employer Account/Page_PERKESO - Users and Organizati/input__125_password2'

2019-01-08 19:47:41 - [MESSAGE][PASSED] - Text ****** has been set on object 'Object Repository/Final Object Repo/Creating Employer Account/Page_PERKESO - Users and Organizati/input__125_password2'

2019-01-08 19:47:41 - [TEST_STEP][PASSED] - delay: Delayed 3 second(s)

2019-01-08 19:47:44 - [MESSAGE][PASSED] - Delayed 3 second(s)

2019-01-08 19:47:44 - [TEST_STEP][PASSED] - click: Object: 'Object Repository/Final Object Repo/Creating Employer Account/Page_PERKESO - Users and Organizati/Save' is clicked on

2019-01-08 19:47:45 - [MESSAGE][PASSED] - Object: 'Object Repository/Final Object Repo/Creating Employer Account/Page_PERKESO - Users and Organizati/Save' is clicked on

2019-01-08 19:47:45 - [MESSAGE][PASSED] - Call Test Case 'Test Cases/Final Aug 2018 - PKS Automation/Create Employer Acc/Template/Change Password of Employer' successfully

2019-01-08 19:47:45 - [TEST_STEP][PASSED] - delay: Delayed 1 second(s)

2019-01-08 19:47:46 - [MESSAGE][PASSED] - Delayed 1 second(s)

2019-01-08 19:47:46 - [TEST_STEP][PASSED] - navigateToUrl: Navigate to 'https://assist2-uat.perkeso.gov.my/c/portal/logout' successfully

2019-01-08 19:47:47 - [MESSAGE][PASSED] - Navigate to 'https://assist2-uat.perkeso.gov.my/c/portal/logout' successfully

2019-01-08 19:47:47 - [TEST_STEP][PASSED] - delay: Delayed 1 second(s)

2019-01-08 19:47:48 - [MESSAGE][PASSED] - Delayed 1 second(s)

2019-01-08 19:47:48 - [TEST_STEP][PASSED] - callTestCase: Call Test Case 'Test Cases/Final Aug 2018 - PKS Automation/Create Employer Acc/Template/Login to Employer Account (First Time)' successfully

2019-01-08 19:47:48 - [TEST_CASE][PASSED] - Test Cases/Final Aug 2018 - PKS Automation/Create Employer Acc/Template/Login to Employer Account (First Time): Test Cases/Final Aug 2018 - PKS Automation/Create Employer Acc/Template/Login to Employer Account (First Time)

2019-01-08 19:47:49 - [TEST_STEP][PASSED] - openBrowser: Browser is opened with url: ''

2019-01-08 19:47:49 - [MESSAGE][WARNING] - A browser is already opened. Closing browser and opening a new one

2019-01-08 19:47:51 - [MESSAGE][PASSED] - Browser is opened with url: ''

2019-01-08 19:47:51 - [TEST_STEP][PASSED] - navigateToUrl: Navigate to 'https://assist2-uat.perkeso.gov.my/employer/login' successfully

2019-01-08 19:47:52 - [MESSAGE][PASSED] - Navigate to 'https://assist2-uat.perkeso.gov.my/employer/login' successfully

2019-01-08 19:47:52 - [TEST_STEP][PASSED] - delay: Delayed 3 second(s)

2019-01-08 19:47:55 - [MESSAGE][PASSED] - Delayed 3 second(s)

2019-01-08 19:47:55 - [TEST_STEP][PASSED] - callTestCase: Call Test Case 'Test Cases/Final Aug 2018 - PKS Automation/Create Employer Acc/Template/Employer Email Getter' successfully

2019-01-08 19:47:56 - [TEST_CASE][PASSED] - Test Cases/Final Aug 2018 - PKS Automation/Create Employer Acc/Template/Employer Email Getter: Test Cases/Final Aug 2018 - PKS Automation/Create Employer Acc/Template/Employer Email Getter

2019-01-08 19:47:56 - [TEST_STEP][PASSED] - Statement - Try: null

2019-01-08 19:47:56 - [TEST_STEP][PASSED] - Statement - EmpEmail = new java.io.File(C://Users//Admin//Desktop//PKS//Automation Reference Point//EmpEmail.txt): null

2019-01-08 19:47:56 - [TEST_STEP][PASSED] - Statement - bufferread = new java.io.BufferedReader(new java.io.FileReader(EmpEmail)): null

2019-01-08 19:47:56 - [TEST_STEP][PASSED] - Statement - readedVal = bufferread.readLine(): null

2019-01-08 19:47:56 - [TEST_STEP][PASSED] - Statement - out.println(readedVal): null

2019-01-08 19:47:56 - [TEST_STEP][PASSED] - Statement - Email = readedVal: null

2019-01-08 19:47:56 - [MESSAGE][PASSED] - Call Test Case 'Test Cases/Final Aug 2018 - PKS Automation/Create Employer Acc/Template/Employer Email Getter' successfully

2019-01-08 19:47:56 - [TEST_STEP][PASSED] - setText: Text 'perkeso456148365848@gmail.com' is set on object 'Object Repository/Final Object Repo/Login Page/External Login Page/Email'

2019-01-08 19:47:56 - [MESSAGE][PASSED] - Text 'perkeso456148365848@gmail.com' is set on object 'Object Repository/Final Object Repo/Login Page/External Login Page/Email'

2019-01-08 19:47:56 - [TEST_STEP][PASSED] - click: Object: 'Object Repository/Final Object Repo/Login Page/External Login Page/Next' is clicked on

2019-01-08 19:47:56 - [MESSAGE][PASSED] - Object: 'Object Repository/Final Object Repo/Login Page/External Login Page/Next' is clicked on

2019-01-08 19:47:56 - [TEST_STEP][PASSED] - delay: Delayed 3 second(s)

2019-01-08 19:47:59 - [MESSAGE][PASSED] - Delayed 3 second(s)

2019-01-08 19:47:59 - [TEST_STEP][PASSED] - setEncryptedText: Text ****** has been set on object 'Object Repository/Final Object Repo/Login Page/External Login Page/Password'

2019-01-08 19:48:00 - [MESSAGE][PASSED] - Text ****** has been set on object 'Object Repository/Final Object Repo/Login Page/External Login Page/Password'

2019-01-08 19:48:00 - [TEST_STEP][PASSED] - click: Object: 'Object Repository/Final Object Repo/Login Page/External Login Page/Login' is clicked on

2019-01-08 19:48:00 - [MESSAGE][PASSED] - Object: 'Object Repository/Final Object Repo/Login Page/External Login Page/Login' is clicked on

2019-01-08 19:48:00 - [TEST_STEP][PASSED] - delay: Delayed 3 second(s)

2019-01-08 19:48:03 - [MESSAGE][PASSED] - Delayed 3 second(s)

2019-01-08 19:48:03 - [TEST_STEP][PASSED] - click: Object: 'Object Repository/Final Object Repo/Creating Employer Account/Page_Terms of Use - ASSIST/button_I Agree' is clicked on

2019-01-08 19:48:03 - [MESSAGE][PASSED] - Object: 'Object Repository/Final Object Repo/Creating Employer Account/Page_Terms of Use - ASSIST/button_I Agree' is clicked on

2019-01-08 19:48:03 - [TEST_STEP][PASSED] - delay: Delayed 2 second(s)

2019-01-08 19:48:05 - [MESSAGE][PASSED] - Delayed 2 second(s)

2019-01-08 19:48:05 - [TEST_STEP][PASSED] - setEncryptedText: Text ****** has been set on object 'Object Repository/Final Object Repo/Creating Employer Account/Page_New Password - ASSIST/input_password1'

2019-01-08 19:48:05 - [MESSAGE][PASSED] - Text ****** has been set on object 'Object Repository/Final Object Repo/Creating Employer Account/Page_New Password - ASSIST/input_password1'

2019-01-08 19:48:05 - [TEST_STEP][PASSED] - setEncryptedText: Text ****** has been set on object 'Object Repository/Final Object Repo/Creating Employer Account/Page_New Password - ASSIST/input_password2'

2019-01-08 19:48:05 - [MESSAGE][PASSED] - Text ****** has been set on object 'Object Repository/Final Object Repo/Creating Employer Account/Page_New Password - ASSIST/input_password2'

2019-01-08 19:48:05 - [TEST_STEP][PASSED] - delay: Delayed 2 second(s)

2019-01-08 19:48:07 - [MESSAGE][PASSED] - Delayed 2 second(s)

2019-01-08 19:48:07 - [TEST_STEP][PASSED] - click: Object: 'Object Repository/Final Object Repo/Creating Employer Account/Page_New Password - ASSIST/Save' is clicked on

2019-01-08 19:48:07 - [MESSAGE][PASSED] - Object: 'Object Repository/Final Object Repo/Creating Employer Account/Page_New Password - ASSIST/Save' is clicked on

2019-01-08 19:48:07 - [TEST_STEP][PASSED] - delay: Delayed 2 second(s)

2019-01-08 19:48:09 - [MESSAGE][PASSED] - Delayed 2 second(s)

2019-01-08 19:48:09 - [TEST_STEP][PASSED] - setText: Text 'test' is set on object 'Object Repository/Final Object Repo/Creating Employer Account/Page_Password Reminder - ASSIST/Reminder Query Answer'

2019-01-08 19:48:10 - [MESSAGE][PASSED] - Text 'test' is set on object 'Object Repository/Final Object Repo/Creating Employer Account/Page_Password Reminder - ASSIST/Reminder Query Answer'

2019-01-08 19:48:10 - [TEST_STEP][PASSED] - delay: Delayed 2 second(s)

2019-01-08 19:48:12 - [MESSAGE][PASSED] - Delayed 2 second(s)

2019-01-08 19:48:12 - [TEST_STEP][PASSED] - doubleClick: Object: 'Object Repository/Final Object Repo/Creating Employer Account/Page_Password Reminder - ASSIST/Save' is double clicked on

2019-01-08 19:48:12 - [MESSAGE][PASSED] - Object: 'Object Repository/Final Object Repo/Creating Employer Account/Page_Password Reminder - ASSIST/Save' is double clicked on

2019-01-08 19:48:12 - [MESSAGE][PASSED] - Call Test Case 'Test Cases/Final Aug 2018 - PKS Automation/Create Employer Acc/Template/Login to Employer Account (First Time)' successfully

2019-01-08 19:48:12 - [MESSAGE][PASSED] - Call Test Case 'Test Cases/Final Aug 2018 - PKS Automation/Create Employer Acc/Create Employer Account' successfully

2019-01-08 19:48:12 - [TEST_STEP][PASSED] - callTestCase: Call Test Case 'Test Cases/Final Aug 2018 - PKS Automation/Registration Module/Log Out/log out avoiding katalon tagging' successfully

2019-01-08 19:48:12 - [TEST_CASE][PASSED] - Test Cases/Final Aug 2018 - PKS Automation/Registration Module/Log Out/log out avoiding katalon tagging: Test Cases/Final Aug 2018 - PKS Automation/Registration Module/Log Out/log out avoiding katalon tagging

2019-01-08 19:48:12 - [TEST_STEP][PASSED] - navigateToUrl: Navigate to 'https://assist2-uat.perkeso.gov.my/c/portal/logout' successfully

2019-01-08 19:48:15 - [MESSAGE][PASSED] - Navigate to 'https://assist2-uat.perkeso.gov.my/c/portal/logout' successfully

2019-01-08 19:48:15 - [MESSAGE][PASSED] - Call Test Case 'Test Cases/Final Aug 2018 - PKS Automation/Registration Module/Log Out/log out avoiding katalon tagging' successfully

2019-01-08 19:48:15 - [TEST_STEP][PASSED] - callTestCase: Call Test Case 'Test Cases/Final Aug 2018 - PKS Automation/Create Employer Acc/Login to Employer Account (Second time)' successfully

2019-01-08 19:48:15 - [TEST_CASE][PASSED] - Test Cases/Final Aug 2018 - PKS Automation/Create Employer Acc/Login to Employer Account (Second time): Test Cases/Final Aug 2018 - PKS Automation/Create Employer Acc/Login to Employer Account (Second time)

2019-01-08 19:48:15 - [TEST_STEP][PASSED] - openBrowser: Browser is opened with url: ''

2019-01-08 19:48:15 - [MESSAGE][WARNING] - A browser is already opened. Closing browser and opening a new one

2019-01-08 19:48:18 - [MESSAGE][PASSED] - Browser is opened with url: ''

2019-01-08 19:48:18 - [TEST_STEP][PASSED] - navigateToUrl: Navigate to 'https://assist2-uat.perkeso.gov.my/employer/login' successfully

2019-01-08 19:48:19 - [MESSAGE][PASSED] - Navigate to 'https://assist2-uat.perkeso.gov.my/employer/login' successfully

2019-01-08 19:48:19 - [TEST_STEP][PASSED] - delay: Delayed 3 second(s)

2019-01-08 19:48:22 - [MESSAGE][PASSED] - Delayed 3 second(s)

2019-01-08 19:48:22 - [TEST_STEP][PASSED] - callTestCase: Call Test Case 'Test Cases/Final Aug 2018 - PKS Automation/Create Employer Acc/Template/Employer Email Getter' successfully

2019-01-08 19:48:22 - [TEST_CASE][PASSED] - Test Cases/Final Aug 2018 - PKS Automation/Create Employer Acc/Template/Employer Email Getter: Test Cases/Final Aug 2018 - PKS Automation/Create Employer Acc/Template/Employer Email Getter

2019-01-08 19:48:22 - [TEST_STEP][PASSED] - Statement - Try: null

2019-01-08 19:48:22 - [TEST_STEP][PASSED] - Statement - EmpEmail = new java.io.File(C://Users//Admin//Desktop//PKS//Automation Reference Point//EmpEmail.txt): null

2019-01-08 19:48:22 - [TEST_STEP][PASSED] - Statement - bufferread = new java.io.BufferedReader(new java.io.FileReader(EmpEmail)): null

2019-01-08 19:48:22 - [TEST_STEP][PASSED] - Statement - readedVal = bufferread.readLine(): null

2019-01-08 19:48:22 - [TEST_STEP][PASSED] - Statement - out.println(readedVal): null

2019-01-08 19:48:22 - [TEST_STEP][PASSED] - Statement - Email = readedVal: null

2019-01-08 19:48:22 - [MESSAGE][PASSED] - Call Test Case 'Test Cases/Final Aug 2018 - PKS Automation/Create Employer Acc/Template/Employer Email Getter' successfully

2019-01-08 19:48:22 - [TEST_STEP][PASSED] - setText: Text 'perkeso456148365848@gmail.com' is set on object 'Object Repository/Final Object Repo/Login Page/External Login Page/Email'

2019-01-08 19:48:23 - [MESSAGE][PASSED] - Text 'perkeso456148365848@gmail.com' is set on object 'Object Repository/Final Object Repo/Login Page/External Login Page/Email'

2019-01-08 19:48:23 - [TEST_STEP][PASSED] - click: Object: 'Object Repository/Final Object Repo/Login Page/External Login Page/Next' is clicked on

2019-01-08 19:48:23 - [MESSAGE][PASSED] - Object: 'Object Repository/Final Object Repo/Login Page/External Login Page/Next' is clicked on

2019-01-08 19:48:23 - [TEST_STEP][PASSED] - delay: Delayed 3 second(s)

2019-01-08 19:48:26 - [MESSAGE][PASSED] - Delayed 3 second(s)

2019-01-08 19:48:26 - [TEST_STEP][PASSED] - setEncryptedText: Text ****** has been set on object 'Object Repository/Final Object Repo/Login Page/External Login Page/Password'

2019-01-08 19:48:26 - [MESSAGE][PASSED] - Text ****** has been set on object 'Object Repository/Final Object Repo/Login Page/External Login Page/Password'

2019-01-08 19:48:26 - [TEST_STEP][PASSED] - click: Object: 'Object Repository/Final Object Repo/Login Page/External Login Page/Login' is clicked on

2019-01-08 19:48:26 - [MESSAGE][PASSED] - Object: 'Object Repository/Final Object Repo/Login Page/External Login Page/Login' is clicked on

2019-01-08 19:48:26 - [TEST_STEP][PASSED] - delay: Delayed 5 second(s)

2019-01-08 19:48:31 - [MESSAGE][PASSED] - Delayed 5 second(s)

2019-01-08 19:48:31 - [MESSAGE][PASSED] - Call Test Case 'Test Cases/Final Aug 2018 - PKS Automation/Create Employer Acc/Login to Employer Account (Second time)' successfully

2019-01-08 19:48:31 - [TEST_STEP][PASSED] - delay: Delayed 4 second(s)

2019-01-08 19:48:35 - [MESSAGE][PASSED] - Delayed 4 second(s)

2019-01-08 19:48:35 - [TEST_STEP][PASSED] - Statement - Try: Delayed 2 second(s)

2019-01-08 19:48:35 - [TEST_STEP][PASSED] - Statement - Checker = false: null

2019-01-08 19:48:35 - [TEST_STEP][PASSED] - Statement - Checker = com.kms.katalon.core.webui.keyword.WebUiBuiltInKeywords.verifyElementHasAttribute(com.kms.katalon.core.testobject.ObjectRepository.findTestObject(Final Object Repo/Landing Page/BM Detecting), "href", 20, OPTIONAL): Object 'Object Repository/Final Object Repo/Landing Page/BM Detecting' has attribute 'href'

2019-01-08 19:48:35 - [MESSAGE][PASSED] - Object 'Object Repository/Final Object Repo/Landing Page/BM Detecting' has attribute 'href'

2019-01-08 19:48:35 - [TEST_STEP][PASSED] - Statement - out.println(Checker): null

2019-01-08 19:48:35 - [TEST_STEP][PASSED] - Statement - If (Checker == false): null

2019-01-08 19:48:35 - [TEST_STEP][PASSED] - Statement - Else: null

2019-01-08 19:48:35 - [TEST_STEP][PASSED] - delay: Delayed 2 second(s)

2019-01-08 19:48:37 - [MESSAGE][PASSED] - Delayed 2 second(s)

2019-01-08 19:48:37 - [TEST_STEP][PASSED] - delay: Delayed 4 second(s)

2019-01-08 19:48:41 - [MESSAGE][PASSED] - Delayed 4 second(s)

2019-01-08 19:48:41 - [TEST_STEP][PASSED] - click: Object: 'Object Repository/Final Object Repo/Landing Page/My Sites Drop Down' is clicked on

2019-01-08 19:48:41 - [MESSAGE][PASSED] - Object: 'Object Repository/Final Object Repo/Landing Page/My Sites Drop Down' is clicked on

2019-01-08 19:48:41 - [TEST_STEP][PASSED] - click: Object: 'Object Repository/Final Object Repo/Landing Page/Select to Registration Module' is clicked on

2019-01-08 19:48:44 - [MESSAGE][PASSED] - Object: 'Object Repository/Final Object Repo/Landing Page/Select to Registration Module' is clicked on

2019-01-08 19:48:44 - [TEST_STEP][PASSED] - click: Object: 'Object Repository/Final Object Repo/Landing Page/Registration Button' is clicked on

2019-01-08 19:48:45 - [MESSAGE][PASSED] - Object: 'Object Repository/Final Object Repo/Landing Page/Registration Button' is clicked on

2019-01-08 19:48:45 - [TEST_STEP][PASSED] - delay: Delayed 2 second(s)

2019-01-08 19:48:47 - [MESSAGE][PASSED] - Delayed 2 second(s)

2019-01-08 19:48:47 - [TEST_STEP][PASSED] - click: Object: 'Object Repository/Final Object Repo/New Registration - Registration Module Pages/New Reg - OTC to RO/Special Case - OTC - Form 1/AEC NO' is clicked on

2019-01-08 19:48:48 - [MESSAGE][PASSED] - Object: 'Object Repository/Final Object Repo/New Registration - Registration Module Pages/New Reg - OTC to RO/Special Case - OTC - Form 1/AEC NO' is clicked on

2019-01-08 19:48:48 - [TEST_STEP][PASSED] - click: Object: 'Object Repository/Final Object Repo/New Registration - Registration Module Pages/New Reg - OTC to RO/Special Case - OTC - Form 1/Business Entity - Please Select' is clicked on

2019-01-08 19:48:48 - [MESSAGE][PASSED] - Object: 'Object Repository/Final Object Repo/New Registration - Registration Module Pages/New Reg - OTC to RO/Special Case - OTC - Form 1/Business Entity - Please Select' is clicked on

2019-01-08 19:48:48 - [TEST_STEP][PASSED] - click: Object: 'Object Repository/Final Object Repo/New Registration - Registration Module Pages/New Reg - OTC to RO/Special Case - OTC - Form 1/Selected - Corporation' is clicked on

2019-01-08 19:48:48 - [MESSAGE][PASSED] - Object: 'Object Repository/Final Object Repo/New Registration - Registration Module Pages/New Reg - OTC to RO/Special Case - OTC - Form 1/Selected - Corporation' is clicked on

2019-01-08 19:48:48 - [TEST_STEP][PASSED] - delay: Delayed 2 second(s)

2019-01-08 19:48:50 - [MESSAGE][PASSED] - Delayed 2 second(s)

2019-01-08 19:48:50 - [TEST_STEP][PASSED] - click: Object: 'Object Repository/Final Object Repo/New Registration - Registration Module Pages/New Reg - OTC to RO/Special Case - OTC - Form 1/Sub Business Entity - Please Select' is clicked on

2019-01-08 19:48:50 - [MESSAGE][PASSED] - Object: 'Object Repository/Final Object Repo/New Registration - Registration Module Pages/New Reg - OTC to RO/Special Case - OTC - Form 1/Sub Business Entity - Please Select' is clicked on

2019-01-08 19:48:50 - [TEST_STEP][PASSED] - delay: Delayed 2 second(s)

2019-01-08 19:48:52 - [MESSAGE][PASSED] - Delayed 2 second(s)

2019-01-08 19:48:52 - [TEST_STEP][PASSED] - click: Object: 'Object Repository/Final Object Repo/New Registration - Registration Module Pages/New Reg - OTC to RO/Special Case - OTC - Form 1/Selected - Sendirian Berhad' is clicked on

2019-01-08 19:48:53 - [MESSAGE][PASSED] - Object: 'Object Repository/Final Object Repo/New Registration - Registration Module Pages/New Reg - OTC to RO/Special Case - OTC - Form 1/Selected - Sendirian Berhad' is clicked on

2019-01-08 19:48:53 - [TEST_STEP][PASSED] - setText: Text 'AUTOMATE001' is set on object 'Object Repository/Final Object Repo/New Registration - Registration Module Pages/New Reg - OTC to RO/Special Case - OTC - Form 1/Input BRN Number'

2019-01-08 19:48:53 - [MESSAGE][PASSED] - Text 'AUTOMATE001' is set on object 'Object Repository/Final Object Repo/New Registration - Registration Module Pages/New Reg - OTC to RO/Special Case - OTC - Form 1/Input BRN Number'

2019-01-08 19:48:53 - [TEST_STEP][PASSED] - delay: Delayed 2 second(s)

2019-01-08 19:48:55 - [MESSAGE][PASSED] - Delayed 2 second(s)

2019-01-08 19:48:55 - [TEST_STEP][PASSED] - click: Object: 'Object Repository/Final Object Repo/New Registration - Registration Module Pages/New Reg - OTC to RO/Special Case - OTC - Form 1/BRN Search' is clicked on

2019-01-08 19:48:55 - [MESSAGE][PASSED] - Object: 'Object Repository/Final Object Repo/New Registration - Registration Module Pages/New Reg - OTC to RO/Special Case - OTC - Form 1/BRN Search' is clicked on

2019-01-08 19:48:55 - [TEST_STEP][PASSED] - delay: Delayed 4 second(s)

2019-01-08 19:48:59 - [MESSAGE][PASSED] - Delayed 4 second(s)

2019-01-08 19:48:59 - [TEST_STEP][PASSED] - click: Object: 'Object Repository/Final Object Repo/New Registration - Registration Module Pages/New Reg - OTC to RO/Special Case - OTC - Form 1/Registered with SSM - After Feb 2017' is clicked on

2019-01-08 19:48:59 - [MESSAGE][PASSED] - Object: 'Object Repository/Final Object Repo/New Registration - Registration Module Pages/New Reg - OTC to RO/Special Case - OTC - Form 1/Registered with SSM - After Feb 2017' is clicked on

2019-01-08 19:48:59 - [TEST_STEP][PASSED] - delay: Delayed 2 second(s)

2019-01-08 19:49:01 - [MESSAGE][PASSED] - Delayed 2 second(s)

2019-01-08 19:49:01 - [TEST_STEP][PASSED] - click: Object: 'Object Repository/Final Object Repo/New Registration - Registration Module Pages/Form 1/Registered As a Branch - Yes' is clicked on

2019-01-08 19:49:01 - [MESSAGE][PASSED] - Object: 'Object Repository/Final Object Repo/New Registration - Registration Module Pages/Form 1/Registered As a Branch - Yes' is clicked on

2019-01-08 19:49:01 - [TEST_STEP][PASSED] - click: Object: 'Object Repository/Final Object Repo/New Registration - Registration Module Pages/New Reg - OTC to RO/Special Case - OTC - Form 1/Acknowledgement Ticked' is clicked on

2019-01-08 19:49:02 - [MESSAGE][PASSED] - Object: 'Object Repository/Final Object Repo/New Registration - Registration Module Pages/New Reg - OTC to RO/Special Case - OTC - Form 1/Acknowledgement Ticked' is clicked on

2019-01-08 19:49:02 - [TEST_STEP][PASSED] - setText: Text 'perkeso456148365848@gmail.com' is set on object 'Object Repository/Final Object Repo/New Registration - Registration Module Pages/Form 1/Email'

2019-01-08 19:49:02 - [MESSAGE][PASSED] - Text 'perkeso456148365848@gmail.com' is set on object 'Object Repository/Final Object Repo/New Registration - Registration Module Pages/Form 1/Email'

2019-01-08 19:49:02 - [TEST_STEP][PASSED] - click: Object: 'Object Repository/Final Object Repo/New Registration - Registration Module Pages/New Reg - OTC to RO/Special Case - OTC - Form 1/Submit Button' is clicked on

2019-01-08 19:49:03 - [MESSAGE][PASSED] - Object: 'Object Repository/Final Object Repo/New Registration - Registration Module Pages/New Reg - OTC to RO/Special Case - OTC - Form 1/Submit Button' is clicked on

2019-01-08 19:49:03 - [TEST_STEP][PASSED] - callTestCase: Call Test Case 'Test Cases/Final Aug 2018 - PKS Automation/Registration Module/New Registration/Form 2/Add 1 Eligible - Employer Account Use' successfully

2019-01-08 19:49:03 - [TEST_CASE][PASSED] - Test Cases/Final Aug 2018 - PKS Automation/Registration Module/New Registration/Form 2/Add 1 Eligible - Employer Account Use: Test Cases/Final Aug 2018 - PKS Automation/Registration Module/New Registration/Form 2/Add 1 Eligible - Employer Account Use

2019-01-08 19:49:03 - [TEST_STEP][PASSED] - delay: Delayed 2 second(s)

2019-01-08 19:49:05 - [MESSAGE][PASSED] - Delayed 2 second(s)

2019-01-08 19:49:05 - [TEST_STEP][PASSED] - callTestCase: Call Test Case 'Test Cases/Final Aug 2018 - PKS Automation/Registration Module/New Registration/Form 2/Date Updater' successfully

2019-01-08 19:49:05 - [TEST_CASE][PASSED] - Test Cases/Final Aug 2018 - PKS Automation/Registration Module/New Registration/Form 2/Date Updater: Test Cases/Final Aug 2018 - PKS Automation/Registration Module/New Registration/Form 2/Date Updater

2019-01-08 19:49:05 - [TEST_STEP][PASSED] - Statement - TodayDate = new java.util.Date(): null

2019-01-08 19:49:05 - [TEST_STEP][PASSED] - Statement - CurrentDateNoFilter = new java.text.SimpleDateFormat(): null

2019-01-08 19:49:05 - [TEST_STEP][PASSED] - Statement - CurrentDateNoFilter.applyPattern("MM"): null

2019-01-08 19:49:05 - [TEST_STEP][PASSED] - Statement - monthContainerMatcher = java.lang.Integer.parseInt(CurrentDateNoFilter.format(TodayDate)): null

2019-01-08 19:49:05 - [TEST_STEP][PASSED] - Statement - monthContainerMatcher = monthContainerMatcher - 1: null

2019-01-08 19:49:05 - [TEST_STEP][PASSED] - Statement - CurrentMonth = monthContainerMatcher.toString(): null

2019-01-08 19:49:05 - [TEST_STEP][PASSED] - Statement - CurrentMonth = CurrentMonth: null

2019-01-08 19:49:05 - [TEST_STEP][PASSED] - Statement - CurrentDateNoFilter.applyPattern("yyyy"): null

2019-01-08 19:49:05 - [TEST_STEP][PASSED] - Statement - CurrentYear = CurrentDateNoFilter.format(TodayDate): null

2019-01-08 19:49:05 - [TEST_STEP][PASSED] - Statement - CurrentYear = CurrentYear: null

2019-01-08 19:49:05 - [TEST_STEP][PASSED] - Statement - intCurrentYear = java.lang.Integer.parseInt(CurrentDateNoFilter.format(TodayDate)): null

2019-01-08 19:49:05 - [TEST_STEP][PASSED] - Statement - eighteenYrsAgo = intCurrentYear - 18: null

2019-01-08 19:49:05 - [TEST_STEP][PASSED] - Statement - eighteenYrsBeforeThisYr = eighteenYrsAgo.toString(): null

2019-01-08 19:49:05 - [TEST_STEP][PASSED] - Statement - EighteenYrsBefore = eighteenYrsBeforeThisYr: null

2019-01-08 19:49:05 - [TEST_STEP][PASSED] - Statement - fiftysevenYrsAgo = intCurrentYear - 57: null

2019-01-08 19:49:05 - [TEST_STEP][PASSED] - Statement - fiftysevenYrsBeforeThisYr = fiftysevenYrsAgo.toString(): null

2019-01-08 19:49:05 - [TEST_STEP][PASSED] - Statement - FiftysevenYrsBefore = fiftysevenYrsBeforeThisYr: null

2019-01-08 19:49:05 - [TEST_STEP][PASSED] - Statement - leapYear = false: null

2019-01-08 19:49:05 - [TEST_STEP][PASSED] - Statement - leapYear = intCurrentYear % 4 == 0: null

2019-01-08 19:49:05 - [TEST_STEP][PASSED] - Statement - CurrentDateNoFilter.applyPattern("dd"): null

2019-01-08 19:49:05 - [TEST_STEP][PASSED] - Statement - CurrentDate = CurrentDateNoFilter.format(TodayDate): null

2019-01-08 19:49:05 - [TEST_STEP][PASSED] - Statement - CurrentDate = java.lang.Integer.parseInt(CurrentDate): null

2019-01-08 19:49:05 - [TEST_STEP][PASSED] - Statement - CurrentDate = CurrentDate: null

2019-01-08 19:49:05 - [TEST_STEP][PASSED] - Statement - CurrentDay = java.lang.Integer.parseInt(CurrentDate): null

2019-01-08 19:49:05 - [TEST_STEP][PASSED] - Statement - ConfAdder = <not implemented yet for class: org.codehaus.groovy.ast.expr.EmptyExpression>: null

2019-01-08 19:49:05 - [TEST_STEP][PASSED] - Statement - out.println(CurrentMonth): null

2019-01-08 19:49:05 - [TEST_STEP][PASSED] - Statement - out.println(CurrentDate): null

2019-01-08 19:49:05 - [TEST_STEP][PASSED] - Statement - switch (CurrentDate): null

2019-01-08 19:49:05 - [TEST_STEP][PASSED] - Statement - Default: null

2019-01-08 19:49:05 - [TEST_STEP][PASSED] - Statement - ConfAdder = true: null

2019-01-08 19:49:05 - [TEST_STEP][PASSED] - Statement - Break: null

2019-01-08 19:49:05 - [TEST_STEP][PASSED] - Statement - aDayBefore = <not implemented yet for class: org.codehaus.groovy.ast.expr.EmptyExpression>: null

2019-01-08 19:49:05 - [TEST_STEP][PASSED] - Statement - out.println(ConfAdder): null

2019-01-08 19:49:05 - [TEST_STEP][PASSED] - Statement - If (ConfAdder == true): null

2019-01-08 19:49:05 - [TEST_STEP][PASSED] - Statement - aDayBefore = CurrentDay + 1: null

2019-01-08 19:49:05 - [TEST_STEP][PASSED] - Statement - out.println(aDayBefore): null

2019-01-08 19:49:05 - [TEST_STEP][PASSED] - Statement - If (aDayBefore == 1 && CurrentMonth == 11): null

2019-01-08 19:49:05 - [TEST_STEP][PASSED] - Statement - DayBefore = aDayBefore.toString(): null

2019-01-08 19:49:05 - [TEST_STEP][PASSED] - Statement - OneDayBefore = DayBefore: null

2019-01-08 19:49:05 - [MESSAGE][PASSED] - Call Test Case 'Test Cases/Final Aug 2018 - PKS Automation/Registration Module/New Registration/Form 2/Date Updater' successfully

2019-01-08 19:49:05 - [TEST_STEP][PASSED] - delay: Delayed 1 second(s)

2019-01-08 19:49:06 - [MESSAGE][PASSED] - Delayed 1 second(s)

2019-01-08 19:49:06 - [TEST_STEP][PASSED] - Statement - CaseReferenceNo = com.kms.katalon.core.webui.keyword.WebUiBuiltInKeywords.getText(com.kms.katalon.core.testobject.ObjectRepository.findTestObject(Final Object Repo/New Registration - Registration Module Pages/Form 2/RefNo Acquiring)): Text of object 'Object Repository/Final Object Repo/New Registration - Registration Module Pages/Form 2/RefNo Acquiring' is: 'CRN01201900123661'

2019-01-08 19:49:06 - [MESSAGE][PASSED] - Text of object 'Object Repository/Final Object Repo/New Registration - Registration Module Pages/Form 2/RefNo Acquiring' is: 'CRN01201900123661'

2019-01-08 19:49:06 - [TEST_STEP][PASSED] - delay: Delayed 1 second(s)

2019-01-08 19:49:07 - [MESSAGE][PASSED] - Delayed 1 second(s)

2019-01-08 19:49:07 - [TEST_STEP][PASSED] - click: Object: 'Object Repository/Final Object Repo/New Registration - Registration Module Pages/Form 2/Add Employee Button' is clicked on

2019-01-08 19:49:07 - [MESSAGE][PASSED] - Object: 'Object Repository/Final Object Repo/New Registration - Registration Module Pages/Form 2/Add Employee Button' is clicked on

2019-01-08 19:49:07 - [TEST_STEP][PASSED] - delay: Delayed 1 second(s)

2019-01-08 19:49:08 - [MESSAGE][PASSED] - Delayed 1 second(s)

2019-01-08 19:49:08 - [TEST_STEP][PASSED] - setText: Text '010903091948' is set on object 'Object Repository/Final Object Repo/New Registration - Registration Module Pages/Form 2/NRIC Input'

2019-01-08 19:49:09 - [MESSAGE][PASSED] - Text '010903091948' is set on object 'Object Repository/Final Object Repo/New Registration - Registration Module Pages/Form 2/NRIC Input'

2019-01-08 19:49:09 - [TEST_STEP][PASSED] - delay: Delayed 2 second(s)

2019-01-08 19:49:11 - [MESSAGE][PASSED] - Delayed 2 second(s)

2019-01-08 19:49:11 - [TEST_STEP][PASSED] - setText: Text 'Automate001 eligible 1' is set on object 'Object Repository/Final Object Repo/New Registration - Registration Module Pages/Form 2/Employee Name Input'

2019-01-08 19:49:11 - [MESSAGE][PASSED] - Text 'Automate001 eligible 1' is set on object 'Object Repository/Final Object Repo/New Registration - Registration Module Pages/Form 2/Employee Name Input'

2019-01-08 19:49:11 - [TEST_STEP][PASSED] - delay: Delayed 2 second(s)

2019-01-08 19:49:13 - [MESSAGE][PASSED] - Delayed 2 second(s)

2019-01-08 19:49:13 - [TEST_STEP][PASSED] - click: Object: 'Object Repository/Final Object Repo/New Registration - Registration Module Pages/Form 2/DatePicker Pop Up' is clicked on

2019-01-08 19:49:13 - [MESSAGE][PASSED] - Object: 'Object Repository/Final Object Repo/New Registration - Registration Module Pages/Form 2/DatePicker Pop Up' is clicked on

2019-01-08 19:49:13 - [TEST_STEP][PASSED] - click: Object: 'Object Repository/Final Object Repo/New Registration - Registration Module Pages/Form 2/DOB Month' is clicked on

2019-01-08 19:49:13 - [MESSAGE][PASSED] - Object: 'Object Repository/Final Object Repo/New Registration - Registration Module Pages/Form 2/DOB Month' is clicked on

2019-01-08 19:49:13 - [TEST_STEP][PASSED] - Statement - CurrentMonth = CurrentMonth: null

2019-01-08 19:49:13 - [TEST_STEP][PASSED] - Statement - selectMonth = new com.kms.katalon.core.testobject.TestObject(): null

2019-01-08 19:49:13 - [TEST_STEP][PASSED] - Statement - selectMonth.addProperty("xpath", EQUALS, "//body/div/div/div/select/option[@value='" + CurrentMonth + "']", true): null

2019-01-08 19:49:13 - [TEST_STEP][PASSED] - click: Object: '' is clicked on

2019-01-08 19:49:13 - [MESSAGE][PASSED] - Object: '' is clicked on

2019-01-08 19:49:13 - [TEST_STEP][PASSED] - click: Object: 'Object Repository/Final Object Repo/New Registration - Registration Module Pages/Form 2/DOB Year' is clicked on

2019-01-08 19:49:14 - [MESSAGE][PASSED] - Object: 'Object Repository/Final Object Repo/New Registration - Registration Module Pages/Form 2/DOB Year' is clicked on

2019-01-08 19:49:14 - [TEST_STEP][PASSED] - Statement - Eyearsbf = EighteenYrsBefore: null

2019-01-08 19:49:14 - [TEST_STEP][PASSED] - Statement - selectYear = new com.kms.katalon.core.testobject.TestObject(): null

2019-01-08 19:49:14 - [TEST_STEP][PASSED] - Statement - selectYear.addProperty("xpath", EQUALS, "//div/div/div/select/option[@value='" + Eyearsbf + "']", true): null

2019-01-08 19:49:14 - [TEST_STEP][PASSED] - click: Object: '' is clicked on

2019-01-08 19:49:14 - [MESSAGE][PASSED] - Object: '' is clicked on

2019-01-08 19:49:14 - [TEST_STEP][PASSED] - Statement - UpdatedSelectDate = com.kms.katalon.core.webui.keyword.WebUiBuiltInKeywords.modifyObjectProperty(com.kms.katalon.core.testobject.ObjectRepository.findTestObject(Final Object Repo/New Registration - Registration Module Pages/Form 2/DOB Date), "xpath", "equals", "//body/div/table/tbody/tr/td/a[text()="" + CurrentDate + ""]", true): Modify property of object successfully

2019-01-08 19:49:14 - [MESSAGE][PASSED] - Modify property of object successfully

2019-01-08 19:49:14 - [TEST_STEP][PASSED] - delay: Delayed 3 second(s)

2019-01-08 19:49:17 - [MESSAGE][PASSED] - Delayed 3 second(s)

2019-01-08 19:49:17 - [TEST_STEP][PASSED] - click: Object: 'Object Repository/Final Object Repo/New Registration - Registration Module Pages/Form 2/DOB Date' is clicked on

2019-01-08 19:49:17 - [MESSAGE][PASSED] - Object: 'Object Repository/Final Object Repo/New Registration - Registration Module Pages/Form 2/DOB Date' is clicked on

2019-01-08 19:49:17 - [TEST_STEP][PASSED] - delay: Delayed 2 second(s)

2019-01-08 19:49:19 - [MESSAGE][PASSED] - Delayed 2 second(s)

2019-01-08 19:49:19 - [TEST_STEP][PASSED] - click: Object: 'Object Repository/Final Object Repo/New Registration - Registration Module Pages/Form 2/EmploymentStartDate Pop Up' is clicked on

2019-01-08 19:49:19 - [MESSAGE][PASSED] - Object: 'Object Repository/Final Object Repo/New Registration - Registration Module Pages/Form 2/EmploymentStartDate Pop Up' is clicked on

2019-01-08 19:49:19 - [TEST_STEP][PASSED] - delay: Delayed 2 second(s)

2019-01-08 19:49:21 - [MESSAGE][PASSED] - Delayed 2 second(s)

2019-01-08 19:49:21 - [TEST_STEP][PASSED] - click: Object: 'Object Repository/Final Object Repo/New Registration - Registration Module Pages/Form 2/Socso Employment StartDate Month' is clicked on

2019-01-08 19:49:21 - [MESSAGE][PASSED] - Object: 'Object Repository/Final Object Repo/New Registration - Registration Module Pages/Form 2/Socso Employment StartDate Month' is clicked on

2019-01-08 19:49:21 - [TEST_STEP][PASSED] - delay: Delayed 1 second(s)

2019-01-08 19:49:22 - [MESSAGE][PASSED] - Delayed 1 second(s)

2019-01-08 19:49:22 - [TEST_STEP][PASSED] - click: Object: 'Object Repository/Final Object Repo/New Registration - Registration Module Pages/Form 2/Select Socso Employement Startdate Month' is clicked on

2019-01-08 19:49:22 - [MESSAGE][PASSED] - Object: 'Object Repository/Final Object Repo/New Registration - Registration Module Pages/Form 2/Select Socso Employement Startdate Month' is clicked on

2019-01-08 19:49:22 - [TEST_STEP][PASSED] - delay: Delayed 2 second(s)

2019-01-08 19:49:24 - [MESSAGE][PASSED] - Delayed 2 second(s)

2019-01-08 19:49:24 - [TEST_STEP][PASSED] - click: Object: 'Object Repository/Final Object Repo/New Registration - Registration Module Pages/Form 2/Socso Employment StartDate Year' is clicked on

2019-01-08 19:49:25 - [MESSAGE][PASSED] - Object: 'Object Repository/Final Object Repo/New Registration - Registration Module Pages/Form 2/Socso Employment StartDate Year' is clicked on

2019-01-08 19:49:25 - [TEST_STEP][PASSED] - delay: Delayed 1 second(s)

2019-01-08 19:49:26 - [MESSAGE][PASSED] - Delayed 1 second(s)

2019-01-08 19:49:26 - [TEST_STEP][PASSED] - click: Object: 'Object Repository/Final Object Repo/New Registration - Registration Module Pages/Form 2/Select Socso Employment Startdate Year' is clicked on

2019-01-08 19:49:26 - [MESSAGE][PASSED] - Object: 'Object Repository/Final Object Repo/New Registration - Registration Module Pages/Form 2/Select Socso Employment Startdate Year' is clicked on

2019-01-08 19:49:26 - [TEST_STEP][PASSED] - delay: Delayed 2 second(s)

2019-01-08 19:49:28 - [MESSAGE][PASSED] - Delayed 2 second(s)

2019-01-08 19:49:28 - [TEST_STEP][PASSED] - click: Object: 'Object Repository/Final Object Repo/New Registration - Registration Module Pages/Form 2/Socso Employment Start Date Day' is clicked on

2019-01-08 19:49:28 - [MESSAGE][PASSED] - Object: 'Object Repository/Final Object Repo/New Registration - Registration Module Pages/Form 2/Socso Employment Start Date Day' is clicked on

2019-01-08 19:49:28 - [TEST_STEP][PASSED] - delay: Delayed 2 second(s)

2019-01-08 19:49:30 - [MESSAGE][PASSED] - Delayed 2 second(s)

2019-01-08 19:49:30 - [TEST_STEP][PASSED] - click: Object: 'Object Repository/Final Object Repo/New Registration - Registration Module Pages/Form 2/Save Button for Add Employee' is clicked on

2019-01-08 19:49:30 - [MESSAGE][PASSED] - Object: 'Object Repository/Final Object Repo/New Registration - Registration Module Pages/Form 2/Save Button for Add Employee' is clicked on

2019-01-08 19:49:30 - [TEST_STEP][PASSED] - delay: Delayed 6 second(s)

2019-01-08 19:49:36 - [MESSAGE][PASSED] - Delayed 6 second(s)

2019-01-08 19:49:36 - [TEST_STEP][PASSED] - click: Object: 'Object Repository/Final Object Repo/New Registration - Registration Module Pages/Form 2/Save and Continue Form 2' is clicked on

2019-01-08 19:49:36 - [MESSAGE][PASSED] - Object: 'Object Repository/Final Object Repo/New Registration - Registration Module Pages/Form 2/Save and Continue Form 2' is clicked on

2019-01-08 19:49:36 - [MESSAGE][PASSED] - Call Test Case 'Test Cases/Final Aug 2018 - PKS Automation/Registration Module/New Registration/Form 2/Add 1 Eligible - Employer Account Use' successfully

2019-01-08 19:49:36 - [TEST_STEP][PASSED] - callTestCase: Call Test Case 'Test Cases/Final Aug 2018 - PKS Automation/Registration Module/New Registration/Flow of New Registration/Third Screen - Upload Supporting Doc - Preview' successfully

2019-01-08 19:49:36 - [TEST_CASE][PASSED] - Test Cases/Final Aug 2018 - PKS Automation/Registration Module/New Registration/Flow of New Registration/Third Screen - Upload Supporting Doc - Preview: Test Cases/Final Aug 2018 - PKS Automation/Registration Module/New Registration/Flow of New Registration/Third Screen - Upload Supporting Doc - Preview

2019-01-08 19:49:36 - [TEST_STEP][PASSED] - waitForPageLoad: Wait for page load successfully

2019-01-08 19:49:37 - [MESSAGE][PASSED] - Wait for page load successfully

2019-01-08 19:49:37 - [TEST_STEP][PASSED] - Statement - CaseReferenceNo = com.kms.katalon.core.webui.keyword.WebUiBuiltInKeywords.getText(com.kms.katalon.core.testobject.ObjectRepository.findTestObject(Final Object Repo/New Registration - Registration Module Pages/Third Screen - Upload Supporting Doc- Preview/RefNo Acquiring)): Text of object 'Object Repository/Final Object Repo/New Registration - Registration Module Pages/Third Screen - Upload Supporting Doc- Preview/RefNo Acquiring' is: 'CRN01201900123661'

2019-01-08 19:49:37 - [MESSAGE][PASSED] - Text of object 'Object Repository/Final Object Repo/New Registration - Registration Module Pages/Third Screen - Upload Supporting Doc- Preview/RefNo Acquiring' is: 'CRN01201900123661'

2019-01-08 19:49:37 - [TEST_STEP][PASSED] - delay: Delayed 2 second(s)

2019-01-08 19:49:39 - [MESSAGE][PASSED] - Delayed 2 second(s)

2019-01-08 19:49:39 - [TEST_STEP][PASSED] - callTestCase: Call Test Case 'Test Cases/Final Aug 2018 - PKS Automation/Common/Reference Number Setter' successfully

2019-01-08 19:49:39 - [TEST_CASE][PASSED] - Test Cases/Final Aug 2018 - PKS Automation/Common/Reference Number Setter: Test Cases/Final Aug 2018 - PKS Automation/Common/Reference Number Setter

2019-01-08 19:49:39 - [TEST_STEP][PASSED] - Statement - RefNoOldFile = new java.io.File(C://Users//Admin//Desktop//PKS//Automation Reference Point//KatalonReference.txt): null

2019-01-08 19:49:39 - [TEST_STEP][PASSED] - Statement - RefNoOldFile.delete(): null

2019-01-08 19:49:39 - [TEST_STEP][PASSED] - delay: Delayed 5 second(s)

2019-01-08 19:49:44 - [MESSAGE][PASSED] - Delayed 5 second(s)

2019-01-08 19:49:44 - [TEST_STEP][PASSED] - Statement - RefNo = new java.io.File(C://Users//Admin//Desktop//PKS//Automation Reference Point//KatalonReference.txt): null

2019-01-08 19:49:44 - [TEST_STEP][PASSED] - Statement - f2 = new java.io.FileWriter(RefNo, false): null

2019-01-08 19:49:44 - [TEST_STEP][PASSED] - Statement - f2.write(CaseReferenceNo): null

2019-01-08 19:49:44 - [TEST_STEP][PASSED] - Statement - f2.close(): null

2019-01-08 19:49:44 - [TEST_STEP][PASSED] - Statement - out.println("


" + CaseReferenceNo + "


"): null

2019-01-08 19:49:44 - [MESSAGE][PASSED] - Call Test Case 'Test Cases/Final Aug 2018 - PKS Automation/Common/Reference Number Setter' successfully

2019-01-08 19:49:44 - [TEST_STEP][PASSED] - waitForElementClickable: Object 'Object Repository/Final Object Repo/New Registration - Registration Module Pages/Third Screen - Upload Supporting Doc- Preview/Save n Continue in SIP Employee Listing Page' is clickable

2019-01-08 19:49:44 - [MESSAGE][PASSED] - Object 'Object Repository/Final Object Repo/New Registration - Registration Module Pages/Third Screen - Upload Supporting Doc- Preview/Save n Continue in SIP Employee Listing Page' is clickable

2019-01-08 19:49:44 - [TEST_STEP][PASSED] - click: Object: 'Object Repository/Final Object Repo/New Registration - Registration Module Pages/Third Screen - Upload Supporting Doc- Preview/Save n Continue in SIP Employee Listing Page' is clicked on

2019-01-08 19:49:51 - [MESSAGE][PASSED] - Object: 'Object Repository/Final Object Repo/New Registration - Registration Module Pages/Third Screen - Upload Supporting Doc- Preview/Save n Continue in SIP Employee Listing Page' is clicked on

2019-01-08 19:49:51 - [TEST_STEP][PASSED] - delay: Delayed 7 second(s)

2019-01-08 19:49:58 - [MESSAGE][PASSED] - Delayed 7 second(s)

2019-01-08 19:49:58 - [TEST_STEP][PASSED] - click: Object: 'Object Repository/Final Object Repo/New Registration - Registration Module Pages/Third Screen - Upload Supporting Doc- Preview/Add Document Button' is clicked on

2019-01-08 19:49:58 - [MESSAGE][PASSED] - Object: 'Object Repository/Final Object Repo/New Registration - Registration Module Pages/Third Screen - Upload Supporting Doc- Preview/Add Document Button' is clicked on

2019-01-08 19:49:58 - [TEST_STEP][PASSED] - delay: Delayed 30 second(s)

2019-01-08 19:50:28 - [MESSAGE][PASSED] - Delayed 30 second(s)

2019-01-08 19:50:28 - [TEST_STEP][PASSED] - click: Object: 'Object Repository/Final Object Repo/New Registration - Registration Module Pages/Third Screen - Upload Supporting Doc- Preview/Supporting Doc Please Select Drop Down' is clicked on

2019-01-08 19:50:28 - [MESSAGE][PASSED] - Object: 'Object Repository/Final Object Repo/New Registration - Registration Module Pages/Third Screen - Upload Supporting Doc- Preview/Supporting Doc Please Select Drop Down' is clicked on

2019-01-08 19:50:28 - [TEST_STEP][PASSED] - delay: Delayed 2 second(s)

2019-01-08 19:50:30 - [MESSAGE][PASSED] - Delayed 2 second(s)

2019-01-08 19:50:30 - [TEST_STEP][PASSED] - click: Object: 'Object Repository/Final Object Repo/New Registration - Registration Module Pages/Third Screen - Upload Supporting Doc- Preview/Select to Upload Form 1' is clicked on

2019-01-08 19:50:30 - [MESSAGE][PASSED] - Object: 'Object Repository/Final Object Repo/New Registration - Registration Module Pages/Third Screen - Upload Supporting Doc- Preview/Select to Upload Form 1' is clicked on

2019-01-08 19:50:30 - [TEST_STEP][PASSED] - delay: Delayed 2 second(s)

2019-01-08 19:50:32 - [MESSAGE][PASSED] - Delayed 2 second(s)

2019-01-08 19:50:32 - [TEST_STEP][PASSED] - uploadFile: File 'C:\Users\Public\Pictures\Sample Pictures\Koala.jpg' sent to object: 'Object Repository/Final Object Repo/New Registration - Registration Module Pages/Third Screen - Upload Supporting Doc- Preview/Upload File Adding'

2019-01-08 19:50:32 - [MESSAGE][PASSED] - File 'C:\Users\Public\Pictures\Sample Pictures\Koala.jpg' sent to object: 'Object Repository/Final Object Repo/New Registration - Registration Module Pages/Third Screen - Upload Supporting Doc- Preview/Upload File Adding'

2019-01-08 19:50:32 - [TEST_STEP][PASSED] - delay: Delayed 5 second(s)

2019-01-08 19:50:37 - [MESSAGE][PASSED] - Delayed 5 second(s)

2019-01-08 19:50:37 - [TEST_STEP][PASSED] - click: Object: 'Object Repository/Final Object Repo/New Registration - Registration Module Pages/Third Screen - Upload Supporting Doc- Preview/Inner Form Add Document Button' is clicked on

2019-01-08 19:50:38 - [MESSAGE][PASSED] - Object: 'Object Repository/Final Object Repo/New Registration - Registration Module Pages/Third Screen - Upload Supporting Doc- Preview/Inner Form Add Document Button' is clicked on

2019-01-08 19:50:38 - [TEST_STEP][PASSED] - delay: Delayed 3 second(s)

2019-01-08 19:50:41 - [MESSAGE][PASSED] - Delayed 3 second(s)

2019-01-08 19:50:41 - [TEST_STEP][PASSED] - click: Object: 'Object Repository/Final Object Repo/New Registration - Registration Module Pages/Third Screen - Upload Supporting Doc- Preview/Add Document Button' is clicked on

2019-01-08 19:50:42 - [MESSAGE][PASSED] - Object: 'Object Repository/Final Object Repo/New Registration - Registration Module Pages/Third Screen - Upload Supporting Doc- Preview/Add Document Button' is clicked on

2019-01-08 19:50:42 - [TEST_STEP][PASSED] - delay: Delayed 30 second(s)

2019-01-08 19:51:12 - [MESSAGE][PASSED] - Delayed 30 second(s)

2019-01-08 19:51:12 - [TEST_STEP][PASSED] - click: Object: 'Object Repository/Final Object Repo/New Registration - Registration Module Pages/Third Screen - Upload Supporting Doc- Preview/Supporting Doc Please Select Drop Down' is clicked on

2019-01-08 19:51:12 - [MESSAGE][PASSED] - Object: 'Object Repository/Final Object Repo/New Registration - Registration Module Pages/Third Screen - Upload Supporting Doc- Preview/Supporting Doc Please Select Drop Down' is clicked on

2019-01-08 19:51:12 - [TEST_STEP][PASSED] - delay: Delayed 4 second(s)

2019-01-08 19:51:16 - [MESSAGE][PASSED] - Delayed 4 second(s)

2019-01-08 19:51:16 - [TEST_STEP][PASSED] - click: Object: 'Object Repository/Final Object Repo/New Registration - Registration Module Pages/Third Screen - Upload Supporting Doc- Preview/Select to Upload Form 2' is clicked on

2019-01-08 19:51:16 - [MESSAGE][PASSED] - Object: 'Object Repository/Final Object Repo/New Registration - Registration Module Pages/Third Screen - Upload Supporting Doc- Preview/Select to Upload Form 2' is clicked on

2019-01-08 19:51:16 - [TEST_STEP][PASSED] - delay: Delayed 2 second(s)

2019-01-08 19:51:18 - [MESSAGE][PASSED] - Delayed 2 second(s)

2019-01-08 19:51:18 - [TEST_STEP][PASSED] - uploadFile: File 'C:\Users\Public\Pictures\Sample Pictures\Koala.jpg' sent to object: 'Object Repository/Final Object Repo/New Registration - Registration Module Pages/Third Screen - Upload Supporting Doc- Preview/Upload File Adding'

2019-01-08 19:51:19 - [MESSAGE][PASSED] - File 'C:\Users\Public\Pictures\Sample Pictures\Koala.jpg' sent to object: 'Object Repository/Final Object Repo/New Registration - Registration Module Pages/Third Screen - Upload Supporting Doc- Preview/Upload File Adding'

2019-01-08 19:51:19 - [TEST_STEP][PASSED] - click: Object: 'Object Repository/Final Object Repo/New Registration - Registration Module Pages/Third Screen - Upload Supporting Doc- Preview/Inner Form Add Document Button' is clicked on

2019-01-08 19:51:19 - [MESSAGE][PASSED] - Object: 'Object Repository/Final Object Repo/New Registration - Registration Module Pages/Third Screen - Upload Supporting Doc- Preview/Inner Form Add Document Button' is clicked on

2019-01-08 19:51:19 - [TEST_STEP][PASSED] - delay: Delayed 5 second(s)

2019-01-08 19:51:24 - [MESSAGE][PASSED] - Delayed 5 second(s)

2019-01-08 19:51:24 - [TEST_STEP][PASSED] - click: Object: 'Object Repository/Final Object Repo/New Registration - Registration Module Pages/Third Screen - Upload Supporting Doc- Preview/Add Document Button' is clicked on

2019-01-08 19:51:24 - [MESSAGE][PASSED] - Object: 'Object Repository/Final Object Repo/New Registration - Registration Module Pages/Third Screen - Upload Supporting Doc- Preview/Add Document Button' is clicked on

2019-01-08 19:51:24 - [TEST_STEP][PASSED] - delay: Delayed 30 second(s)

2019-01-08 19:51:54 - [MESSAGE][PASSED] - Delayed 30 second(s)

2019-01-08 19:51:54 - [TEST_STEP][PASSED] - click: Object: 'Object Repository/Final Object Repo/New Registration - Registration Module Pages/Third Screen - Upload Supporting Doc- Preview/Supporting Doc Please Select Drop Down' is clicked on

2019-01-08 19:51:54 - [MESSAGE][PASSED] - Object: 'Object Repository/Final Object Repo/New Registration - Registration Module Pages/Third Screen - Upload Supporting Doc- Preview/Supporting Doc Please Select Drop Down' is clicked on

2019-01-08 19:51:54 - [TEST_STEP][PASSED] - click: Object: 'Object Repository/Final Object Repo/New Registration - Registration Module Pages/Third Screen - Upload Supporting Doc- Preview/Select to Upload Borang SIP 1' is clicked on

2019-01-08 19:51:54 - [MESSAGE][PASSED] - Object: 'Object Repository/Final Object Repo/New Registration - Registration Module Pages/Third Screen - Upload Supporting Doc- Preview/Select to Upload Borang SIP 1' is clicked on

2019-01-08 19:51:54 - [TEST_STEP][PASSED] - delay: Delayed 2 second(s)

2019-01-08 19:51:56 - [MESSAGE][PASSED] - Delayed 2 second(s)

2019-01-08 19:51:56 - [TEST_STEP][PASSED] - uploadFile: File 'C:\Users\Public\Pictures\Sample Pictures\Koala.jpg' sent to object: 'Object Repository/Final Object Repo/New Registration - Registration Module Pages/Third Screen - Upload Supporting Doc- Preview/Upload File Adding'

2019-01-08 19:51:56 - [MESSAGE][PASSED] - File 'C:\Users\Public\Pictures\Sample Pictures\Koala.jpg' sent to object: 'Object Repository/Final Object Repo/New Registration - Registration Module Pages/Third Screen - Upload Supporting Doc- Preview/Upload File Adding'

2019-01-08 19:51:56 - [TEST_STEP][PASSED] - click: Object: 'Object Repository/Final Object Repo/New Registration - Registration Module Pages/Third Screen - Upload Supporting Doc- Preview/Inner Form Add Document Button' is clicked on

2019-01-08 19:51:57 - [MESSAGE][PASSED] - Object: 'Object Repository/Final Object Repo/New Registration - Registration Module Pages/Third Screen - Upload Supporting Doc- Preview/Inner Form Add Document Button' is clicked on

2019-01-08 19:51:57 - [TEST_STEP][PASSED] - delay: Delayed 5 second(s)

2019-01-08 19:52:02 - [MESSAGE][PASSED] - Delayed 5 second(s)

2019-01-08 19:52:02 - [TEST_STEP][PASSED] - click: Object: 'Object Repository/Final Object Repo/New Registration - Registration Module Pages/Third Screen - Upload Supporting Doc- Preview/Add Document Button' is clicked on

2019-01-08 19:52:02 - [MESSAGE][PASSED] - Object: 'Object Repository/Final Object Repo/New Registration - Registration Module Pages/Third Screen - Upload Supporting Doc- Preview/Add Document Button' is clicked on

2019-01-08 19:52:02 - [TEST_STEP][PASSED] - delay: Delayed 30 second(s)

2019-01-08 19:52:32 - [MESSAGE][PASSED] - Delayed 30 second(s)

2019-01-08 19:52:32 - [TEST_STEP][PASSED] - click: Object: 'Object Repository/Final Object Repo/New Registration - Registration Module Pages/Third Screen - Upload Supporting Doc- Preview/Supporting Doc Please Select Drop Down' is clicked on

2019-01-08 19:52:32 - [MESSAGE][PASSED] - Object: 'Object Repository/Final Object Repo/New Registration - Registration Module Pages/Third Screen - Upload Supporting Doc- Preview/Supporting Doc Please Select Drop Down' is clicked on

2019-01-08 19:52:32 - [TEST_STEP][PASSED] - delay: Delayed 3 second(s)

2019-01-08 19:52:35 - [MESSAGE][PASSED] - Delayed 3 second(s)

2019-01-08 19:52:35 - [TEST_STEP][PASSED] - click: Object: 'Object Repository/Final Object Repo/New Registration - Registration Module Pages/Third Screen - Upload Supporting Doc- Preview/Select to Upload Borang SIP 2' is clicked on

2019-01-08 19:52:35 - [MESSAGE][PASSED] - Object: 'Object Repository/Final Object Repo/New Registration - Registration Module Pages/Third Screen - Upload Supporting Doc- Preview/Select to Upload Borang SIP 2' is clicked on

2019-01-08 19:52:35 - [TEST_STEP][PASSED] - delay: Delayed 2 second(s)

2019-01-08 19:52:37 - [MESSAGE][PASSED] - Delayed 2 second(s)

2019-01-08 19:52:37 - [TEST_STEP][PASSED] - uploadFile: File 'C:\Users\Public\Pictures\Sample Pictures\Koala.jpg' sent to object: 'Object Repository/Final Object Repo/New Registration - Registration Module Pages/Third Screen - Upload Supporting Doc- Preview/Upload File Adding'

2019-01-08 19:52:37 - [MESSAGE][PASSED] - File 'C:\Users\Public\Pictures\Sample Pictures\Koala.jpg' sent to object: 'Object Repository/Final Object Repo/New Registration - Registration Module Pages/Third Screen - Upload Supporting Doc- Preview/Upload File Adding'

2019-01-08 19:52:37 - [TEST_STEP][PASSED] - delay: Delayed 5 second(s)

2019-01-08 19:52:42 - [MESSAGE][PASSED] - Delayed 5 second(s)

2019-01-08 19:52:42 - [TEST_STEP][PASSED] - click: Object: 'Object Repository/Final Object Repo/New Registration - Registration Module Pages/Third Screen - Upload Supporting Doc- Preview/Inner Form Add Document Button' is clicked on

2019-01-08 19:52:42 - [MESSAGE][PASSED] - Object: 'Object Repository/Final Object Repo/New Registration - Registration Module Pages/Third Screen - Upload Supporting Doc- Preview/Inner Form Add Document Button' is clicked on

2019-01-08 19:52:42 - [TEST_STEP][PASSED] - delay: Delayed 3 second(s)

2019-01-08 19:52:45 - [MESSAGE][PASSED] - Delayed 3 second(s)

2019-01-08 19:52:45 - [TEST_STEP][PASSED] - waitForElementClickable: Object 'Object Repository/Final Object Repo/New Registration - Registration Module Pages/Third Screen - Upload Supporting Doc- Preview/Save n Continue in Uploading Supporting Doc Page' is clickable

2019-01-08 19:52:47 - [MESSAGE][PASSED] - Object 'Object Repository/Final Object Repo/New Registration - Registration Module Pages/Third Screen - Upload Supporting Doc- Preview/Save n Continue in Uploading Supporting Doc Page' is clickable

2019-01-08 19:52:47 - [TEST_STEP][PASSED] - click: Object: 'Object Repository/Final Object Repo/New Registration - Registration Module Pages/Third Screen - Upload Supporting Doc- Preview/Save n Continue in Uploading Supporting Doc Page' is clicked on

2019-01-08 19:52:47 - [MESSAGE][PASSED] - Object: 'Object Repository/Final Object Repo/New Registration - Registration Module Pages/Third Screen - Upload Supporting Doc- Preview/Save n Continue in Uploading Supporting Doc Page' is clicked on

2019-01-08 19:52:47 - [MESSAGE][PASSED] - Call Test Case 'Test Cases/Final Aug 2018 - PKS Automation/Registration Module/New Registration/Flow of New Registration/Third Screen - Upload Supporting Doc - Preview' successfully

2019-01-08 19:52:47 - [TEST_STEP][PASSED] - setText: Text 'Tester' is set on object 'Object Repository/Final Object Repo/New Registration - Registration Module Pages/New Reg - OTC to RO/Special Case - All Related Objects/Employer Preview Name'

2019-01-08 19:52:52 - [MESSAGE][PASSED] - Text 'Tester' is set on object 'Object Repository/Final Object Repo/New Registration - Registration Module Pages/New Reg - OTC to RO/Special Case - All Related Objects/Employer Preview Name'

2019-01-08 19:52:52 - [TEST_STEP][PASSED] - click: Object: 'Object Repository/Final Object Repo/New Registration - Registration Module Pages/New Reg - OTC to RO/Special Case - All Related Objects/IC Type Drop Down' is clicked on

2019-01-08 19:52:52 - [MESSAGE][PASSED] - Object: 'Object Repository/Final Object Repo/New Registration - Registration Module Pages/New Reg - OTC to RO/Special Case - All Related Objects/IC Type Drop Down' is clicked on

2019-01-08 19:52:52 - [TEST_STEP][PASSED] - click: Object: 'Object Repository/Final Object Repo/New Registration - Registration Module Pages/New Reg - OTC to RO/Special Case - All Related Objects/Select to NRIC' is clicked on

2019-01-08 19:52:52 - [MESSAGE][PASSED] - Object: 'Object Repository/Final Object Repo/New Registration - Registration Module Pages/New Reg - OTC to RO/Special Case - All Related Objects/Select to NRIC' is clicked on

2019-01-08 19:52:52 - [TEST_STEP][PASSED] - setText: Text '133245561223' is set on object 'Object Repository/Final Object Repo/New Registration - Registration Module Pages/New Reg - OTC to RO/Special Case - All Related Objects/IC Value'

2019-01-08 19:52:53 - [MESSAGE][PASSED] - Text '133245561223' is set on object 'Object Repository/Final Object Repo/New Registration - Registration Module Pages/New Reg - OTC to RO/Special Case - All Related Objects/IC Value'

2019-01-08 19:52:53 - [TEST_STEP][PASSED] - setText: Text 'Auto' is set on object 'Object Repository/Final Object Repo/New Registration - Registration Module Pages/New Reg - OTC to RO/Special Case - All Related Objects/Designation'

2019-01-08 19:52:53 - [MESSAGE][PASSED] - Text 'Auto' is set on object 'Object Repository/Final Object Repo/New Registration - Registration Module Pages/New Reg - OTC to RO/Special Case - All Related Objects/Designation'

2019-01-08 19:52:53 - [TEST_STEP][PASSED] - callTestCase: Call Test Case 'Test Cases/Final Aug 2018 - PKS Automation/Registration Module/New Registration/Submit and Screenshot/Submit Registration and Screenshot - Copy' successfully

2019-01-08 19:52:53 - [TEST_CASE][PASSED] - Test Cases/Final Aug 2018 - PKS Automation/Registration Module/New Registration/Submit and Screenshot/Submit Registration and Screenshot - Copy: Test Cases/Final Aug 2018 - PKS Automation/Registration Module/New Registration/Submit and Screenshot/Submit Registration and Screenshot - Copy

2019-01-08 19:52:53 - [TEST_STEP][PASSED] - delay: Delayed 6 second(s)

2019-01-08 19:52:59 - [MESSAGE][PASSED] - Delayed 6 second(s)

2019-01-08 19:52:59 - [TEST_STEP][PASSED] - click: Object: 'Object Repository/Final Object Repo/New Registration - Registration Module Pages/Third Screen - Upload Supporting Doc- Preview/Preview Submit Button' is clicked on

2019-01-08 19:53:00 - [MESSAGE][PASSED] - Object: 'Object Repository/Final Object Repo/New Registration - Registration Module Pages/Third Screen - Upload Supporting Doc- Preview/Preview Submit Button' is clicked on

2019-01-08 19:53:00 - [TEST_STEP][PASSED] - delay: Delayed 2 second(s)

2019-01-08 19:53:02 - [MESSAGE][PASSED] - Delayed 2 second(s)

2019-01-08 19:53:02 - [TEST_STEP][PASSED] - click: Object: 'Object Repository/Final Object Repo/New Registration - Registration Module Pages/Third Screen - Upload Supporting Doc- Preview/Preview Submit - Confirm' is clicked on

2019-01-08 19:53:02 - [MESSAGE][PASSED] - Object: 'Object Repository/Final Object Repo/New Registration - Registration Module Pages/Third Screen - Upload Supporting Doc- Preview/Preview Submit - Confirm' is clicked on

2019-01-08 19:53:02 - [TEST_STEP][PASSED] - delay: Delayed 15 second(s)

2019-01-08 19:53:17 - [MESSAGE][PASSED] - Delayed 15 second(s)

2019-01-08 19:53:17 - [TEST_STEP][PASSED] - Statement - driver = com.kms.katalon.core.webui.driver.DriverFactory.getWebDriver(): null

2019-01-08 19:53:17 - [TEST_STEP][PASSED] - Statement - driver.manage().timeouts().implicitlyWait(10, SECONDS): null

2019-01-08 19:53:17 - [TEST_STEP][PASSED] - Statement - PresavePath = KatalonScreenshots: null

2019-01-08 19:53:17 - [TEST_STEP][PASSED] - Statement - pathPrefix = "C:\Users\Public\Pictures\Sample Pictures\Katalon Screenshots\Automate Ending Screen": null

2019-01-08 19:53:17 - [TEST_STEP][PASSED] - Statement - finalPath = <not implemented yet for class: org.codehaus.groovy.ast.expr.EmptyExpression>: null

2019-01-08 19:53:17 - [TEST_STEP][PASSED] - Statement - scrFile = driver.getScreenshotAs(FILE): null

2019-01-08 19:53:17 - [TEST_STEP][PASSED] - Statement - PreSaveFile = new java.io.File(PresavePath): null

2019-01-08 19:53:17 - [TEST_STEP][PASSED] - Statement - counter = 0: null

2019-01-08 19:53:17 - [TEST_STEP][PASSED] - Statement - If (PreSaveFile.exists()): null

2019-01-08 19:53:17 - [TEST_STEP][PASSED] - Statement - While (PreSaveFile.exists()): null

2019-01-08 19:53:17 - [TEST_STEP][PASSED] - Statement - counter = counter + 1: null

2019-01-08 19:53:17 - [TEST_STEP][PASSED] - Statement - PreSaveFile = new java.io.File(((pathPrefix + java.lang.Integer.toString(counter)) + .png)): null

2019-01-08 19:53:17 - [TEST_STEP][PASSED] - Statement - counter = counter + 1: null

2019-01-08 19:53:17 - [TEST_STEP][PASSED] - Statement - PreSaveFile = new java.io.File(((pathPrefix + java.lang.Integer.toString(counter)) + .png)): null

2019-01-08 19:53:17 - [TEST_STEP][PASSED] - Statement - counter = counter + 1: null

2019-01-08 19:53:17 - [TEST_STEP][PASSED] - Statement - PreSaveFile = new java.io.File(((pathPrefix + java.lang.Integer.toString(counter)) + .png)): null

2019-01-08 19:53:17 - [TEST_STEP][PASSED] - Statement - counter = counter + 1: null

2019-01-08 19:53:17 - [TEST_STEP][PASSED] - Statement - PreSaveFile = new java.io.File(((pathPrefix + java.lang.Integer.toString(counter)) + .png)): null

2019-01-08 19:53:17 - [TEST_STEP][PASSED] - Statement - counter = counter + 1: null

2019-01-08 19:53:17 - [TEST_STEP][PASSED] - Statement - PreSaveFile = new java.io.File(((pathPrefix + java.lang.Integer.toString(counter)) + .png)): null

2019-01-08 19:53:17 - [TEST_STEP][PASSED] - Statement - counter = counter + 1: null

2019-01-08 19:53:17 - [TEST_STEP][PASSED] - Statement - PreSaveFile = new java.io.File(((pathPrefix + java.lang.Integer.toString(counter)) + .png)): null

2019-01-08 19:53:17 - [TEST_STEP][PASSED] - Statement - counter = counter + 1: null

2019-01-08 19:53:17 - [TEST_STEP][PASSED] - Statement - PreSaveFile = new java.io.File(((pathPrefix + java.lang.Integer.toString(counter)) + .png)): null

2019-01-08 19:53:17 - [TEST_STEP][PASSED] - Statement - counter = counter + 1: null

2019-01-08 19:53:17 - [TEST_STEP][PASSED] - Statement - PreSaveFile = new java.io.File(((pathPrefix + java.lang.Integer.toString(counter)) + .png)): null

2019-01-08 19:53:17 - [TEST_STEP][PASSED] - Statement - counter = counter + 1: null

2019-01-08 19:53:17 - [TEST_STEP][PASSED] - Statement - PreSaveFile = new java.io.File(((pathPrefix + java.lang.Integer.toString(counter)) + .png)): null

2019-01-08 19:53:17 - [TEST_STEP][PASSED] - Statement - counter = counter + 1: null

2019-01-08 19:53:17 - [TEST_STEP][PASSED] - Statement - PreSaveFile = new java.io.File(((pathPrefix + java.lang.Integer.toString(counter)) + .png)): null

2019-01-08 19:53:17 - [TEST_STEP][PASSED] - Statement - counter = counter + 1: null

2019-01-08 19:53:17 - [TEST_STEP][PASSED] - Statement - PreSaveFile = new java.io.File(((pathPrefix + java.lang.Integer.toString(counter)) + .png)): null

2019-01-08 19:53:17 - [TEST_STEP][PASSED] - Statement - counter = counter + 1: null

2019-01-08 19:53:17 - [TEST_STEP][PASSED] - Statement - PreSaveFile = new java.io.File(((pathPrefix + java.lang.Integer.toString(counter)) + .png)): null

2019-01-08 19:53:17 - [TEST_STEP][PASSED] - Statement - counter = counter + 1: null

2019-01-08 19:53:17 - [TEST_STEP][PASSED] - Statement - PreSaveFile = new java.io.File(((pathPrefix + java.lang.Integer.toString(counter)) + .png)): null

2019-01-08 19:53:17 - [TEST_STEP][PASSED] - Statement - counter = counter + 1: null

2019-01-08 19:53:17 - [TEST_STEP][PASSED] - Statement - PreSaveFile = new java.io.File(((pathPrefix + java.lang.Integer.toString(counter)) + .png)): null

2019-01-08 19:53:17 - [TEST_STEP][PASSED] - Statement - counter = counter + 1: null

2019-01-08 19:53:17 - [TEST_STEP][PASSED] - Statement - PreSaveFile = new java.io.File(((pathPrefix + java.lang.Integer.toString(counter)) + .png)): null

2019-01-08 19:53:17 - [TEST_STEP][PASSED] - Statement - counter = counter + 1: null

2019-01-08 19:53:17 - [TEST_STEP][PASSED] - Statement - PreSaveFile = new java.io.File(((pathPrefix + java.lang.Integer.toString(counter)) + .png)): null

2019-01-08 19:53:17 - [TEST_STEP][PASSED] - Statement - counter = counter + 1: null

2019-01-08 19:53:17 - [TEST_STEP][PASSED] - Statement - PreSaveFile = new java.io.File(((pathPrefix + java.lang.Integer.toString(counter)) + .png)): null

2019-01-08 19:53:17 - [TEST_STEP][PASSED] - Statement - counter = counter + 1: null

2019-01-08 19:53:17 - [TEST_STEP][PASSED] - Statement - PreSaveFile = new java.io.File(((pathPrefix + java.lang.Integer.toString(counter)) + .png)): null

2019-01-08 19:53:17 - [TEST_STEP][PASSED] - Statement - counter = counter + 1: null

2019-01-08 19:53:17 - [TEST_STEP][PASSED] - Statement - PreSaveFile = new java.io.File(((pathPrefix + java.lang.Integer.toString(counter)) + .png)): null

2019-01-08 19:53:17 - [TEST_STEP][PASSED] - Statement - counter = counter + 1: null

2019-01-08 19:53:17 - [TEST_STEP][PASSED] - Statement - PreSaveFile = new java.io.File(((pathPrefix + java.lang.Integer.toString(counter)) + .png)): null

2019-01-08 19:53:17 - [TEST_STEP][PASSED] - Statement - counter = counter + 1: null

2019-01-08 19:53:17 - [TEST_STEP][PASSED] - Statement - PreSaveFile = new java.io.File(((pathPrefix + java.lang.Integer.toString(counter)) + .png)): null

2019-01-08 19:53:17 - [TEST_STEP][PASSED] - Statement - counter = counter + 1: null

2019-01-08 19:53:17 - [TEST_STEP][PASSED] - Statement - PreSaveFile = new java.io.File(((pathPrefix + java.lang.Integer.toString(counter)) + .png)): null

2019-01-08 19:53:17 - [TEST_STEP][PASSED] - Statement - counter = counter + 1: null

2019-01-08 19:53:17 - [TEST_STEP][PASSED] - Statement - PreSaveFile = new java.io.File(((pathPrefix + java.lang.Integer.toString(counter)) + .png)): null

2019-01-08 19:53:17 - [TEST_STEP][PASSED] - Statement - counter = counter + 1: null

2019-01-08 19:53:17 - [TEST_STEP][PASSED] - Statement - PreSaveFile = new java.io.File(((pathPrefix + java.lang.Integer.toString(counter)) + .png)): null

2019-01-08 19:53:17 - [TEST_STEP][PASSED] - Statement - counter = counter + 1: null

2019-01-08 19:53:17 - [TEST_STEP][PASSED] - Statement - PreSaveFile = new java.io.File(((pathPrefix + java.lang.Integer.toString(counter)) + .png)): null

2019-01-08 19:53:17 - [TEST_STEP][PASSED] - Statement - counter = counter + 1: null

2019-01-08 19:53:17 - [TEST_STEP][PASSED] - Statement - PreSaveFile = new java.io.File(((pathPrefix + java.lang.Integer.toString(counter)) + .png)): null

2019-01-08 19:53:17 - [TEST_STEP][PASSED] - Statement - counter = counter + 1: null

2019-01-08 19:53:17 - [TEST_STEP][PASSED] - Statement - PreSaveFile = new java.io.File(((pathPrefix + java.lang.Integer.toString(counter)) + .png)): null

2019-01-08 19:53:17 - [TEST_STEP][PASSED] - Statement - counter = counter + 1: null

2019-01-08 19:53:17 - [TEST_STEP][PASSED] - Statement - PreSaveFile = new java.io.File(((pathPrefix + java.lang.Integer.toString(counter)) + .png)): null

2019-01-08 19:53:17 - [TEST_STEP][PASSED] - Statement - counter = counter + 1: null

2019-01-08 19:53:17 - [TEST_STEP][PASSED] - Statement - PreSaveFile = new java.io.File(((pathPrefix + java.lang.Integer.toString(counter)) + .png)): null

2019-01-08 19:53:17 - [TEST_STEP][PASSED] - Statement - counter = counter + 1: null

2019-01-08 19:53:17 - [TEST_STEP][PASSED] - Statement - PreSaveFile = new java.io.File(((pathPrefix + java.lang.Integer.toString(counter)) + .png)): null

2019-01-08 19:53:17 - [TEST_STEP][PASSED] - Statement - counter = counter + 1: null

2019-01-08 19:53:17 - [TEST_STEP][PASSED] - Statement - PreSaveFile = new java.io.File(((pathPrefix + java.lang.Integer.toString(counter)) + .png)): null

2019-01-08 19:53:17 - [TEST_STEP][PASSED] - Statement - counter = counter + 1: null

2019-01-08 19:53:17 - [TEST_STEP][PASSED] - Statement - PreSaveFile = new java.io.File(((pathPrefix + java.lang.Integer.toString(counter)) + .png)): null

2019-01-08 19:53:17 - [TEST_STEP][PASSED] - Statement - counter = counter + 1: null

2019-01-08 19:53:17 - [TEST_STEP][PASSED] - Statement - PreSaveFile = new java.io.File(((pathPrefix + java.lang.Integer.toString(counter)) + .png)): null

2019-01-08 19:53:17 - [TEST_STEP][PASSED] - Statement - counter = counter + 1: null

2019-01-08 19:53:17 - [TEST_STEP][PASSED] - Statement - PreSaveFile = new java.io.File(((pathPrefix + java.lang.Integer.toString(counter)) + .png)): null

2019-01-08 19:53:17 - [TEST_STEP][PASSED] - Statement - counter = counter + 1: null

2019-01-08 19:53:17 - [TEST_STEP][PASSED] - Statement - PreSaveFile = new java.io.File(((pathPrefix + java.lang.Integer.toString(counter)) + .png)): null

2019-01-08 19:53:17 - [TEST_STEP][PASSED] - Statement - counter = counter + 1: null

2019-01-08 19:53:17 - [TEST_STEP][PASSED] - Statement - PreSaveFile = new java.io.File(((pathPrefix + java.lang.Integer.toString(counter)) + .png)): null

2019-01-08 19:53:17 - [TEST_STEP][PASSED] - Statement - counter = counter + 1: null

2019-01-08 19:53:17 - [TEST_STEP][PASSED] - Statement - PreSaveFile = new java.io.File(((pathPrefix + java.lang.Integer.toString(counter)) + .png)): null

2019-01-08 19:53:17 - [TEST_STEP][PASSED] - Statement - counter = counter + 1: null

2019-01-08 19:53:17 - [TEST_STEP][PASSED] - Statement - PreSaveFile = new java.io.File(((pathPrefix + java.lang.Integer.toString(counter)) + .png)): null

2019-01-08 19:53:17 - [TEST_STEP][PASSED] - Statement - counter = counter + 1: null

2019-01-08 19:53:17 - [TEST_STEP][PASSED] - Statement - PreSaveFile = new java.io.File(((pathPrefix + java.lang.Integer.toString(counter)) + .png)): null

2019-01-08 19:53:17 - [TEST_STEP][PASSED] - Statement - finalPath = pathPrefix + java.lang.Integer.toString(counter) + ".png": null

2019-01-08 19:53:17 - [TEST_STEP][PASSED] - Statement - SaveFile = new java.io.File(finalPath): null

2019-01-08 19:53:17 - [TEST_STEP][PASSED] - Statement - Try: null

2019-01-08 19:53:17 - [TEST_STEP][PASSED] - Statement - org.apache.commons.io.FileUtils.copyFile(scrFile, SaveFile): null

2019-01-08 19:53:17 - [TEST_STEP][PASSED] - Statement - out.println("file kept"): null

2019-01-08 19:53:17 - [TEST_STEP][PASSED] - delay: Delayed 10 second(s)

2019-01-08 19:53:27 - [MESSAGE][PASSED] - Delayed 10 second(s)

2019-01-08 19:53:27 - [MESSAGE][PASSED] - Call Test Case 'Test Cases/Final Aug 2018 - PKS Automation/Registration Module/New Registration/Submit and Screenshot/Submit Registration and Screenshot - Copy' successfully

2019-01-08 19:53:27 - [TEST_STEP][FAILED] - Statement - UpdateAddNewECode = com.kms.katalon.core.webui.keyword.WebUiBuiltInKeywords.getText(com.kms.katalon.core.testobject.ObjectRepository.findTestObject(Object Repository/Final Object Repo/Page_Update Add New Employee - ASSIST/getEmpCode)): Unable to get text of object 'Object Repository/Final Object Repo/Page_Update Add New Employee - ASSIST/getEmpCode' (Root cause: com.kms.katalon.core.webui.exception.WebElementNotFoundException: Web element with id: 'Object Repository/Final Object Repo/Page_Update Add New Employee - ASSIST/getEmpCode' located by 'By.xpath: (//body/div/div/div/div/div/div/div/div/div/div/div/div/div/div/div/div/span)[2]' not found)

2019-01-08 19:54:23 - [MESSAGE][FAILED] - Unable to get text of object 'Object Repository/Final Object Repo/Page_Update Add New Employee - ASSIST/getEmpCode' (Root cause: com.kms.katalon.core.webui.exception.WebElementNotFoundException: Web element with id: 'Object Repository/Final Object Repo/Page_Update Add New Employee - ASSIST/getEmpCode' located by 'By.xpath: (//body/div/div/div/div/div/div/div/div/div/div/div/div/div/div/div/div/span)[2]' not found)
[[ATTACHMENT|C:\\Users\\Admin\\Desktop\\PKS\\Perkeso Phase A\\Reports\\Critical Path\\20190108_174022\\1546948462677.png]]

2019-01-08 19:54:23 - [TEST_STEP][FAILED] - callTestCase: Unable to call Test Case with id 'Test Cases/Final Aug 2018 - PKS Automation/Common/Emp Code Setter' (Root cause: Call Test Case 'Test Cases/Final Aug 2018 - PKS Automation/Common/Emp Code Setter' failed because of error(s))

2019-01-08 19:54:23 - [TEST_CASE][ERROR] - Test Cases/Final Aug 2018 - PKS Automation/Common/Emp Code Setter: Test Cases/Final Aug 2018 - PKS Automation/Common/Emp Code Setter FAILED because (of) (Stack trace: java.lang.NullPointerException
	at org.codehaus.groovy.runtime.IOGroovyMethods.write(IOGroovyMethods.java:191)
	at org.codehaus.groovy.runtime.dgm$883.invoke(Unknown Source)
	at org.codehaus.groovy.runtime.callsite.PojoMetaMethodSite$PojoMetaMethodSiteNoUnwrapNoCoerce.invoke(PojoMetaMethodSite.java:274)
	at org.codehaus.groovy.runtime.callsite.PojoMetaMethodSite.call(PojoMetaMethodSite.java:56)
	at org.codehaus.groovy.runtime.callsite.CallSiteArray.defaultCall(CallSiteArray.java:48)
	at org.codehaus.groovy.runtime.callsite.AbstractCallSite.call(AbstractCallSite.java:113)
	at org.codehaus.groovy.runtime.callsite.AbstractCallSite.call(AbstractCallSite.java:125)
	at Script1536053649496.run(Script1536053649496.groovy:29)
	at com.kms.katalon.core.main.ScriptEngine.run(ScriptEngine.java:183)
	at com.kms.katalon.core.main.ScriptEngine.runScriptAsRawText(ScriptEngine.java:108)
	at com.kms.katalon.core.main.TestCaseExecutor.runScript(TestCaseExecutor.java:294)
	at com.kms.katalon.core.main.TestCaseExecutor.doExecute(TestCaseExecutor.java:285)
	at com.kms.katalon.core.main.TestCaseExecutor.processExecutionPhase(TestCaseExecutor.java:264)
	at com.kms.katalon.core.main.TestCaseExecutor.accessMainPhase(TestCaseExecutor.java:256)
	at com.kms.katalon.core.main.TestCaseExecutor.execute(TestCaseExecutor.java:200)
	at com.kms.katalon.core.main.TestCaseMain.runTestCase(TestCaseMain.java:99)
	at com.kms.katalon.core.keyword.builtin.CallTestCaseKeyword$_callTestCase_closure1.doCall(CallTestCaseKeyword.groovy:60)
	at com.kms.katalon.core.keyword.builtin.CallTestCaseKeyword$_callTestCase_closure1.call(CallTestCaseKeyword.groovy)
	at com.kms.katalon.core.keyword.internal.KeywordMain.runKeyword(KeywordMain.groovy:54)
	at com.kms.katalon.core.keyword.builtin.CallTestCaseKeyword.callTestCase(CallTestCaseKeyword.groovy:81)
	at com.kms.katalon.core.keyword.builtin.CallTestCaseKeyword.execute(CallTestCaseKeyword.groovy:45)
	at com.kms.katalon.core.keyword.internal.KeywordExecutor.executeKeywordForPlatform(KeywordExecutor.groovy:53)
	at com.kms.katalon.core.keyword.BuiltinKeywords.callTestCase(BuiltinKeywords.groovy:334)
	at sun.reflect.GeneratedMethodAccessor13.invoke(Unknown Source)
	at sun.reflect.DelegatingMethodAccessorImpl.invoke(DelegatingMethodAccessorImpl.java:43)
	at java.lang.reflect.Method.invoke(Method.java:498)
	at org.codehaus.groovy.reflection.CachedMethod.invoke(CachedMethod.java:93)
	at groovy.lang.MetaMethod.doMethodInvoke(MetaMethod.java:325)
	at groovy.lang.MetaClassImpl.invokeStaticMethod(MetaClassImpl.java:1469)
	at org.codehaus.groovy.runtime.callsite.StaticMetaClassSite.call(StaticMetaClassSite.java:53)
	at org.codehaus.groovy.runtime.callsite.CallSiteArray.defaultCall(CallSiteArray.java:48)
	at org.codehaus.groovy.runtime.callsite.AbstractCallSite.call(AbstractCallSite.java:113)
	at org.codehaus.groovy.runtime.callsite.AbstractCallSite.call(AbstractCallSite.java:141)
	at Script1537255938886.run(Script1537255938886.groovy:120)
	at com.kms.katalon.core.main.ScriptEngine.run(ScriptEngine.java:183)
	at com.kms.katalon.core.main.ScriptEngine.runScriptAsRawText(ScriptEngine.java:108)
	at com.kms.katalon.core.main.TestCaseExecutor.runScript(TestCaseExecutor.java:294)
	at com.kms.katalon.core.main.TestCaseExecutor.doExecute(TestCaseExecutor.java:285)
	at com.kms.katalon.core.main.TestCaseExecutor.processExecutionPhase(TestCaseExecutor.java:264)
	at com.kms.katalon.core.main.TestCaseExecutor.accessMainPhase(TestCaseExecutor.java:256)
	at com.kms.katalon.core.main.TestCaseExecutor.execute(TestCaseExecutor.java:200)
	at com.kms.katalon.core.main.TestSuiteExecutor.accessTestCaseMainPhase(TestSuiteExecutor.java:129)
	at com.kms.katalon.core.main.TestSuiteExecutor.accessTestSuiteMainPhase(TestSuiteExecutor.java:112)
	at com.kms.katalon.core.main.TestSuiteExecutor.execute(TestSuiteExecutor.java:81)
	at com.kms.katalon.core.main.TestCaseMain.startTestSuite(TestCaseMain.java:142)
	at com.kms.katalon.core.main.TestCaseMain$startTestSuite$0.call(Unknown Source)
	at org.codehaus.groovy.runtime.callsite.CallSiteArray.defaultCall(CallSiteArray.java:48)
	at org.codehaus.groovy.runtime.callsite.AbstractCallSite.call(AbstractCallSite.java:113)
	at org.codehaus.groovy.runtime.callsite.AbstractCallSite.call(AbstractCallSite.java:141)
	at TempTestSuite1546940422064.run(TempTestSuite1546940422064.groovy:36)
	at groovy.lang.GroovyShell.runScriptOrMainOrTestOrRunnable(GroovyShell.java:263)
	at groovy.lang.GroovyShell.run(GroovyShell.java:518)
	at groovy.lang.GroovyShell.run(GroovyShell.java:507)
	at groovy.ui.GroovyMain.processOnce(GroovyMain.java:653)
	at groovy.ui.GroovyMain.run(GroovyMain.java:384)
	at groovy.ui.GroovyMain.process(GroovyMain.java:370)
	at groovy.ui.GroovyMain.processArgs(GroovyMain.java:129)
	at groovy.ui.GroovyMain.main(GroovyMain.java:109)
	at sun.reflect.NativeMethodAccessorImpl.invoke0(Native Method)
	at sun.reflect.NativeMethodAccessorImpl.invoke(NativeMethodAccessorImpl.java:62)
	at sun.reflect.DelegatingMethodAccessorImpl.invoke(DelegatingMethodAccessorImpl.java:43)
	at java.lang.reflect.Method.invoke(Method.java:498)
	at org.codehaus.groovy.tools.GroovyStarter.rootLoader(GroovyStarter.java:109)
	at org.codehaus.groovy.tools.GroovyStarter.main(GroovyStarter.java:131)
)

2019-01-08 19:54:23 - [TEST_STEP][PASSED] - Statement - EmpCodeOld = new java.io.File(C://Users//Admin//Desktop//PKS//Automation Reference Point//EmpCode.txt): null

2019-01-08 19:54:23 - [TEST_STEP][PASSED] - Statement - EmpCodeOld.delete(): null

2019-01-08 19:54:23 - [TEST_STEP][PASSED] - Statement - EmpCode = new java.io.File(C://Users//Admin//Desktop//PKS//Automation Reference Point//EmpCode.txt): null

2019-01-08 19:54:23 - [TEST_STEP][PASSED] - Statement - f2 = new java.io.FileWriter(EmpCode, false): null

2019-01-08 19:54:23 - [TEST_STEP][PASSED] - Statement - f2.write(UpdateAddNewECode): null

2019-01-08 19:54:23 - [MESSAGE][FAILED] - Unable to call Test Case with id 'Test Cases/Final Aug 2018 - PKS Automation/Common/Emp Code Setter' (Root cause: Call Test Case 'Test Cases/Final Aug 2018 - PKS Automation/Common/Emp Code Setter' failed because of error(s))]]></system-out>
         <system-err><![CDATA[2019-01-08 19:45:46 - [TEST_CASE][FAILED] - Test Cases/Final Aug 2018 - PKS Automation/Registration Module/Workflow/Update Add New Employee/Template/New Company for Update Add New - Employer: Test Cases/Final Aug 2018 - PKS Automation/Registration Module/Workflow/Update Add New Employee/Template/New Company for Update Add New - Employer FAILED because (of) (Stack trace: com.kms.katalon.core.exception.StepFailedException: Unable to get text of object 'Object Repository/Final Object Repo/Page_Update Add New Employee - ASSIST/getEmpCode' (Root cause: com.kms.katalon.core.webui.exception.WebElementNotFoundException: Web element with id: 'Object Repository/Final Object Repo/Page_Update Add New Employee - ASSIST/getEmpCode' located by 'By.xpath: (//body/div/div/div/div/div/div/div/div/div/div/div/div/div/div/div/div/span)[2]' not found)
	at com.kms.katalon.core.keyword.internal.KeywordMain.stepFailed(KeywordMain.groovy:32)
	at com.kms.katalon.core.webui.keyword.internal.WebUIKeywordMain.stepFailed(WebUIKeywordMain.groovy:65)
	at com.kms.katalon.core.webui.keyword.internal.WebUIKeywordMain.runKeyword(WebUIKeywordMain.groovy:27)
	at com.kms.katalon.core.webui.keyword.builtin.GetTextKeyword.getText(GetTextKeyword.groovy:88)
	at com.kms.katalon.core.webui.keyword.builtin.GetTextKeyword.execute(GetTextKeyword.groovy:67)
	at com.kms.katalon.core.keyword.internal.KeywordExecutor.executeKeywordForPlatform(KeywordExecutor.groovy:53)
	at com.kms.katalon.core.webui.keyword.WebUiBuiltInKeywords.getText(WebUiBuiltInKeywords.groovy:888)
	at com.kms.katalon.core.webui.keyword.WebUiBuiltInKeywords$getText$7.call(Unknown Source)
	at org.codehaus.groovy.runtime.callsite.CallSiteArray.defaultCall(CallSiteArray.java:48)
	at org.codehaus.groovy.runtime.callsite.AbstractCallSite.call(AbstractCallSite.java:113)
	at org.codehaus.groovy.runtime.callsite.AbstractCallSite.call(AbstractCallSite.java:125)
	at Script1537255938886.run(Script1537255938886.groovy:118)
	at com.kms.katalon.core.main.ScriptEngine.run(ScriptEngine.java:183)
	at com.kms.katalon.core.main.ScriptEngine.runScriptAsRawText(ScriptEngine.java:108)
	at com.kms.katalon.core.main.TestCaseExecutor.runScript(TestCaseExecutor.java:294)
	at com.kms.katalon.core.main.TestCaseExecutor.doExecute(TestCaseExecutor.java:285)
	at com.kms.katalon.core.main.TestCaseExecutor.processExecutionPhase(TestCaseExecutor.java:264)
	at com.kms.katalon.core.main.TestCaseExecutor.accessMainPhase(TestCaseExecutor.java:256)
	at com.kms.katalon.core.main.TestCaseExecutor.execute(TestCaseExecutor.java:200)
	at com.kms.katalon.core.main.TestSuiteExecutor.accessTestCaseMainPhase(TestSuiteExecutor.java:129)
	at com.kms.katalon.core.main.TestSuiteExecutor.accessTestSuiteMainPhase(TestSuiteExecutor.java:112)
	at com.kms.katalon.core.main.TestSuiteExecutor.execute(TestSuiteExecutor.java:81)
	at com.kms.katalon.core.main.TestCaseMain.startTestSuite(TestCaseMain.java:142)
	at com.kms.katalon.core.main.TestCaseMain$startTestSuite$0.call(Unknown Source)
	at org.codehaus.groovy.runtime.callsite.CallSiteArray.defaultCall(CallSiteArray.java:48)
	at org.codehaus.groovy.runtime.callsite.AbstractCallSite.call(AbstractCallSite.java:113)
	at org.codehaus.groovy.runtime.callsite.AbstractCallSite.call(AbstractCallSite.java:141)
	at TempTestSuite1546940422064.run(TempTestSuite1546940422064.groovy:36)
	at groovy.lang.GroovyShell.runScriptOrMainOrTestOrRunnable(GroovyShell.java:263)
	at groovy.lang.GroovyShell.run(GroovyShell.java:518)
	at groovy.lang.GroovyShell.run(GroovyShell.java:507)
	at groovy.ui.GroovyMain.processOnce(GroovyMain.java:653)
	at groovy.ui.GroovyMain.run(GroovyMain.java:384)
	at groovy.ui.GroovyMain.process(GroovyMain.java:370)
	at groovy.ui.GroovyMain.processArgs(GroovyMain.java:129)
	at groovy.ui.GroovyMain.main(GroovyMain.java:109)
	at sun.reflect.NativeMethodAccessorImpl.invoke0(Native Method)
	at sun.reflect.NativeMethodAccessorImpl.invoke(NativeMethodAccessorImpl.java:62)
	at sun.reflect.DelegatingMethodAccessorImpl.invoke(DelegatingMethodAccessorImpl.java:43)
	at java.lang.reflect.Method.invoke(Method.java:498)
	at org.codehaus.groovy.tools.GroovyStarter.rootLoader(GroovyStarter.java:109)
	at org.codehaus.groovy.tools.GroovyStarter.main(GroovyStarter.java:131)
)]]></system-err>
      </testcase>
      <system-out><![CDATA[2019-01-08 17:40:24 - [TEST_SUITE][FAILED] - Critical Path: Test Cases/Final Aug 2018 - PKS Automation/Registration Module/Critical Path/New Registration/Register ASSIST Only/Other - Local Authority FAILED because (of) (Stack trace: com.kms.katalon.core.exception.StepFailedException: Unable to click on object 'Object Repository/Final Object Repo/New Registration - Registration Module Pages/Form 1/Industry Name List - Other/Others - Local Authority - Perak - MAJLIS' (Root cause: com.kms.katalon.core.webui.exception.WebElementNotFoundException: Web element with id: 'Object Repository/Final Object Repo/New Registration - Registration Module Pages/Form 1/Industry Name List - Other/Others - Local Authority - Perak - MAJLIS' located by 'By.xpath: (//ul/li/span)[2]' not found)
	at com.kms.katalon.core.keyword.internal.KeywordMain.stepFailed(KeywordMain.groovy:36)
	at com.kms.katalon.core.webui.keyword.internal.WebUIKeywordMain.stepFailed(WebUIKeywordMain.groovy:65)
	at com.kms.katalon.core.webui.keyword.internal.WebUIKeywordMain.runKeyword(WebUIKeywordMain.groovy:27)
	at com.kms.katalon.core.webui.keyword.builtin.ClickKeyword.click(ClickKeyword.groovy:86)
	at com.kms.katalon.core.webui.keyword.builtin.ClickKeyword.execute(ClickKeyword.groovy:67)
	at com.kms.katalon.core.keyword.internal.KeywordExecutor.executeKeywordForPlatform(KeywordExecutor.groovy:53)
	at com.kms.katalon.core.webui.keyword.WebUiBuiltInKeywords.click(WebUiBuiltInKeywords.groovy:604)
	at com.kms.katalon.core.webui.keyword.WebUiBuiltInKeywords$click$6.call(Unknown Source)
	at org.codehaus.groovy.runtime.callsite.CallSiteArray.defaultCall(CallSiteArray.java:48)
	at org.codehaus.groovy.runtime.callsite.AbstractCallSite.call(AbstractCallSite.java:113)
	at org.codehaus.groovy.runtime.callsite.AbstractCallSite.call(AbstractCallSite.java:133)
	at Script1535099638576.run(Script1535099638576.groovy:95)
	at com.kms.katalon.core.main.ScriptEngine.run(ScriptEngine.java:183)
	at com.kms.katalon.core.main.ScriptEngine.runScriptAsRawText(ScriptEngine.java:108)
	at com.kms.katalon.core.main.TestCaseExecutor.runScript(TestCaseExecutor.java:294)
	at com.kms.katalon.core.main.TestCaseExecutor.doExecute(TestCaseExecutor.java:285)
	at com.kms.katalon.core.main.TestCaseExecutor.processExecutionPhase(TestCaseExecutor.java:264)
	at com.kms.katalon.core.main.TestCaseExecutor.accessMainPhase(TestCaseExecutor.java:256)
	at com.kms.katalon.core.main.TestCaseExecutor.execute(TestCaseExecutor.java:200)
	at com.kms.katalon.core.main.TestCaseMain.runTestCase(TestCaseMain.java:99)
	at com.kms.katalon.core.keyword.builtin.CallTestCaseKeyword$_callTestCase_closure1.doCall(CallTestCaseKeyword.groovy:60)
	at com.kms.katalon.core.keyword.builtin.CallTestCaseKeyword$_callTestCase_closure1.call(CallTestCaseKeyword.groovy)
	at com.kms.katalon.core.keyword.internal.KeywordMain.runKeyword(KeywordMain.groovy:54)
	at com.kms.katalon.core.keyword.builtin.CallTestCaseKeyword.callTestCase(CallTestCaseKeyword.groovy:81)
	at com.kms.katalon.core.keyword.builtin.CallTestCaseKeyword.execute(CallTestCaseKeyword.groovy:45)
	at com.kms.katalon.core.keyword.internal.KeywordExecutor.executeKeywordForPlatform(KeywordExecutor.groovy:53)
	at com.kms.katalon.core.keyword.BuiltinKeywords.callTestCase(BuiltinKeywords.groovy:334)
	at sun.reflect.GeneratedMethodAccessor13.invoke(Unknown Source)
	at sun.reflect.DelegatingMethodAccessorImpl.invoke(DelegatingMethodAccessorImpl.java:43)
	at java.lang.reflect.Method.invoke(Method.java:498)
	at org.codehaus.groovy.reflection.CachedMethod.invoke(CachedMethod.java:93)
	at groovy.lang.MetaMethod.doMethodInvoke(MetaMethod.java:325)
	at groovy.lang.MetaClassImpl.invokeStaticMethod(MetaClassImpl.java:1469)
	at org.codehaus.groovy.runtime.callsite.StaticMetaClassSite.call(StaticMetaClassSite.java:53)
	at org.codehaus.groovy.runtime.callsite.CallSiteArray.defaultCall(CallSiteArray.java:48)
	at org.codehaus.groovy.runtime.callsite.AbstractCallSite.call(AbstractCallSite.java:113)
	at org.codehaus.groovy.runtime.callsite.AbstractCallSite.call(AbstractCallSite.java:141)
	at Script1536725366999.run(Script1536725366999.groovy:16)
	at com.kms.katalon.core.main.ScriptEngine.run(ScriptEngine.java:183)
	at com.kms.katalon.core.main.ScriptEngine.runScriptAsRawText(ScriptEngine.java:108)
	at com.kms.katalon.core.main.TestCaseExecutor.runScript(TestCaseExecutor.java:294)
	at com.kms.katalon.core.main.TestCaseExecutor.doExecute(TestCaseExecutor.java:285)
	at com.kms.katalon.core.main.TestCaseExecutor.processExecutionPhase(TestCaseExecutor.java:264)
	at com.kms.katalon.core.main.TestCaseExecutor.accessMainPhase(TestCaseExecutor.java:256)
	at com.kms.katalon.core.main.TestCaseExecutor.execute(TestCaseExecutor.java:200)
	at com.kms.katalon.core.main.TestSuiteExecutor.accessTestCaseMainPhase(TestSuiteExecutor.java:129)
	at com.kms.katalon.core.main.TestSuiteExecutor.accessTestSuiteMainPhase(TestSuiteExecutor.java:112)
	at com.kms.katalon.core.main.TestSuiteExecutor.execute(TestSuiteExecutor.java:81)
	at com.kms.katalon.core.main.TestCaseMain.startTestSuite(TestCaseMain.java:142)
	at com.kms.katalon.core.main.TestCaseMain$startTestSuite$0.call(Unknown Source)
	at org.codehaus.groovy.runtime.callsite.CallSiteArray.defaultCall(CallSiteArray.java:48)
	at org.codehaus.groovy.runtime.callsite.AbstractCallSite.call(AbstractCallSite.java:113)
	at org.codehaus.groovy.runtime.callsite.AbstractCallSite.call(AbstractCallSite.java:141)
	at TempTestSuite1546940422064.run(TempTestSuite1546940422064.groovy:36)
	at groovy.lang.GroovyShell.runScriptOrMainOrTestOrRunnable(GroovyShell.java:263)
	at groovy.lang.GroovyShell.run(GroovyShell.java:518)
	at groovy.lang.GroovyShell.run(GroovyShell.java:507)
	at groovy.ui.GroovyMain.processOnce(GroovyMain.java:653)
	at groovy.ui.GroovyMain.run(GroovyMain.java:384)
	at groovy.ui.GroovyMain.process(GroovyMain.java:370)
	at groovy.ui.GroovyMain.processArgs(GroovyMain.java:129)
	at groovy.ui.GroovyMain.main(GroovyMain.java:109)
	at sun.reflect.NativeMethodAccessorImpl.invoke0(Native Method)
	at sun.reflect.NativeMethodAccessorImpl.invoke(NativeMethodAccessorImpl.java:62)
	at sun.reflect.DelegatingMethodAccessorImpl.invoke(DelegatingMethodAccessorImpl.java:43)
	at java.lang.reflect.Method.invoke(Method.java:498)
	at org.codehaus.groovy.tools.GroovyStarter.rootLoader(GroovyStarter.java:109)
	at org.codehaus.groovy.tools.GroovyStarter.main(GroovyStarter.java:131)
)]]></system-out>
      <system-err><![CDATA[2019-01-08 17:40:24 - [TEST_SUITE][FAILED] - Critical Path: Test Cases/Final Aug 2018 - PKS Automation/Registration Module/Critical Path/New Registration/Register ASSIST Only/Other - Local Authority FAILED because (of) (Stack trace: com.kms.katalon.core.exception.StepFailedException: Unable to click on object 'Object Repository/Final Object Repo/New Registration - Registration Module Pages/Form 1/Industry Name List - Other/Others - Local Authority - Perak - MAJLIS' (Root cause: com.kms.katalon.core.webui.exception.WebElementNotFoundException: Web element with id: 'Object Repository/Final Object Repo/New Registration - Registration Module Pages/Form 1/Industry Name List - Other/Others - Local Authority - Perak - MAJLIS' located by 'By.xpath: (//ul/li/span)[2]' not found)
	at com.kms.katalon.core.keyword.internal.KeywordMain.stepFailed(KeywordMain.groovy:36)
	at com.kms.katalon.core.webui.keyword.internal.WebUIKeywordMain.stepFailed(WebUIKeywordMain.groovy:65)
	at com.kms.katalon.core.webui.keyword.internal.WebUIKeywordMain.runKeyword(WebUIKeywordMain.groovy:27)
	at com.kms.katalon.core.webui.keyword.builtin.ClickKeyword.click(ClickKeyword.groovy:86)
	at com.kms.katalon.core.webui.keyword.builtin.ClickKeyword.execute(ClickKeyword.groovy:67)
	at com.kms.katalon.core.keyword.internal.KeywordExecutor.executeKeywordForPlatform(KeywordExecutor.groovy:53)
	at com.kms.katalon.core.webui.keyword.WebUiBuiltInKeywords.click(WebUiBuiltInKeywords.groovy:604)
	at com.kms.katalon.core.webui.keyword.WebUiBuiltInKeywords$click$6.call(Unknown Source)
	at org.codehaus.groovy.runtime.callsite.CallSiteArray.defaultCall(CallSiteArray.java:48)
	at org.codehaus.groovy.runtime.callsite.AbstractCallSite.call(AbstractCallSite.java:113)
	at org.codehaus.groovy.runtime.callsite.AbstractCallSite.call(AbstractCallSite.java:133)
	at Script1535099638576.run(Script1535099638576.groovy:95)
	at com.kms.katalon.core.main.ScriptEngine.run(ScriptEngine.java:183)
	at com.kms.katalon.core.main.ScriptEngine.runScriptAsRawText(ScriptEngine.java:108)
	at com.kms.katalon.core.main.TestCaseExecutor.runScript(TestCaseExecutor.java:294)
	at com.kms.katalon.core.main.TestCaseExecutor.doExecute(TestCaseExecutor.java:285)
	at com.kms.katalon.core.main.TestCaseExecutor.processExecutionPhase(TestCaseExecutor.java:264)
	at com.kms.katalon.core.main.TestCaseExecutor.accessMainPhase(TestCaseExecutor.java:256)
	at com.kms.katalon.core.main.TestCaseExecutor.execute(TestCaseExecutor.java:200)
	at com.kms.katalon.core.main.TestCaseMain.runTestCase(TestCaseMain.java:99)
	at com.kms.katalon.core.keyword.builtin.CallTestCaseKeyword$_callTestCase_closure1.doCall(CallTestCaseKeyword.groovy:60)
	at com.kms.katalon.core.keyword.builtin.CallTestCaseKeyword$_callTestCase_closure1.call(CallTestCaseKeyword.groovy)
	at com.kms.katalon.core.keyword.internal.KeywordMain.runKeyword(KeywordMain.groovy:54)
	at com.kms.katalon.core.keyword.builtin.CallTestCaseKeyword.callTestCase(CallTestCaseKeyword.groovy:81)
	at com.kms.katalon.core.keyword.builtin.CallTestCaseKeyword.execute(CallTestCaseKeyword.groovy:45)
	at com.kms.katalon.core.keyword.internal.KeywordExecutor.executeKeywordForPlatform(KeywordExecutor.groovy:53)
	at com.kms.katalon.core.keyword.BuiltinKeywords.callTestCase(BuiltinKeywords.groovy:334)
	at sun.reflect.GeneratedMethodAccessor13.invoke(Unknown Source)
	at sun.reflect.DelegatingMethodAccessorImpl.invoke(DelegatingMethodAccessorImpl.java:43)
	at java.lang.reflect.Method.invoke(Method.java:498)
	at org.codehaus.groovy.reflection.CachedMethod.invoke(CachedMethod.java:93)
	at groovy.lang.MetaMethod.doMethodInvoke(MetaMethod.java:325)
	at groovy.lang.MetaClassImpl.invokeStaticMethod(MetaClassImpl.java:1469)
	at org.codehaus.groovy.runtime.callsite.StaticMetaClassSite.call(StaticMetaClassSite.java:53)
	at org.codehaus.groovy.runtime.callsite.CallSiteArray.defaultCall(CallSiteArray.java:48)
	at org.codehaus.groovy.runtime.callsite.AbstractCallSite.call(AbstractCallSite.java:113)
	at org.codehaus.groovy.runtime.callsite.AbstractCallSite.call(AbstractCallSite.java:141)
	at Script1536725366999.run(Script1536725366999.groovy:16)
	at com.kms.katalon.core.main.ScriptEngine.run(ScriptEngine.java:183)
	at com.kms.katalon.core.main.ScriptEngine.runScriptAsRawText(ScriptEngine.java:108)
	at com.kms.katalon.core.main.TestCaseExecutor.runScript(TestCaseExecutor.java:294)
	at com.kms.katalon.core.main.TestCaseExecutor.doExecute(TestCaseExecutor.java:285)
	at com.kms.katalon.core.main.TestCaseExecutor.processExecutionPhase(TestCaseExecutor.java:264)
	at com.kms.katalon.core.main.TestCaseExecutor.accessMainPhase(TestCaseExecutor.java:256)
	at com.kms.katalon.core.main.TestCaseExecutor.execute(TestCaseExecutor.java:200)
	at com.kms.katalon.core.main.TestSuiteExecutor.accessTestCaseMainPhase(TestSuiteExecutor.java:129)
	at com.kms.katalon.core.main.TestSuiteExecutor.accessTestSuiteMainPhase(TestSuiteExecutor.java:112)
	at com.kms.katalon.core.main.TestSuiteExecutor.execute(TestSuiteExecutor.java:81)
	at com.kms.katalon.core.main.TestCaseMain.startTestSuite(TestCaseMain.java:142)
	at com.kms.katalon.core.main.TestCaseMain$startTestSuite$0.call(Unknown Source)
	at org.codehaus.groovy.runtime.callsite.CallSiteArray.defaultCall(CallSiteArray.java:48)
	at org.codehaus.groovy.runtime.callsite.AbstractCallSite.call(AbstractCallSite.java:113)
	at org.codehaus.groovy.runtime.callsite.AbstractCallSite.call(AbstractCallSite.java:141)
	at TempTestSuite1546940422064.run(TempTestSuite1546940422064.groovy:36)
	at groovy.lang.GroovyShell.runScriptOrMainOrTestOrRunnable(GroovyShell.java:263)
	at groovy.lang.GroovyShell.run(GroovyShell.java:518)
	at groovy.lang.GroovyShell.run(GroovyShell.java:507)
	at groovy.ui.GroovyMain.processOnce(GroovyMain.java:653)
	at groovy.ui.GroovyMain.run(GroovyMain.java:384)
	at groovy.ui.GroovyMain.process(GroovyMain.java:370)
	at groovy.ui.GroovyMain.processArgs(GroovyMain.java:129)
	at groovy.ui.GroovyMain.main(GroovyMain.java:109)
	at sun.reflect.NativeMethodAccessorImpl.invoke0(Native Method)
	at sun.reflect.NativeMethodAccessorImpl.invoke(NativeMethodAccessorImpl.java:62)
	at sun.reflect.DelegatingMethodAccessorImpl.invoke(DelegatingMethodAccessorImpl.java:43)
	at java.lang.reflect.Method.invoke(Method.java:498)
	at org.codehaus.groovy.tools.GroovyStarter.rootLoader(GroovyStarter.java:109)
	at org.codehaus.groovy.tools.GroovyStarter.main(GroovyStarter.java:131)
)]]></system-err>
   </testsuite>
</testsuites>
