<?xml version="1.0" encoding="UTF-8"?>
<testsuites name="Update Employee Information (Employee)" time="2042" tests="6" failures="6" errors="0">
   <testsuite name="Update Employee Information (Employee)" tests="6" failures="6" errors="0" time="2042" timestamp="2018-12-06 16:02:42" hostname="Admin - Win7Test02" id="Test Suites/Workflow/Update Employee Information (Employee)">
      <properties>
         <property name="deviceName" value=""/>
         <property name="devicePlatform" value=""/>
         <property name="logFolder" value="C:\\Users\\Admin\\Desktop\\PKS\\Perkeso Phase A\\Reports\\Workflow\\Update Employee Information (Employee)\\20181206_160240"/>
         <property name="logFiles" value="C:\\Users\\Admin\\Desktop\\PKS\\Perkeso Phase A\\Reports\\Workflow\\Update Employee Information (Employee)\\20181206_160240\\execution0.log"/>
         <property name="attachments" value="C:\\Users\\Admin\\Desktop\\PKS\\Perkeso Phase A\\Reports\\Workflow\\Update Employee Information (Employee)\\20181206_160240\\1544083784255.png, C:\\Users\\Admin\\Desktop\\PKS\\Perkeso Phase A\\Reports\\Workflow\\Update Employee Information (Employee)\\20181206_160240\\1544083788917.png, C:\\Users\\Admin\\Desktop\\PKS\\Perkeso Phase A\\Reports\\Workflow\\Update Employee Information (Employee)\\20181206_160240\\1544084168808.png, C:\\Users\\Admin\\Desktop\\PKS\\Perkeso Phase A\\Reports\\Workflow\\Update Employee Information (Employee)\\20181206_160240\\1544084202002.png, C:\\Users\\Admin\\Desktop\\PKS\\Perkeso Phase A\\Reports\\Workflow\\Update Employee Information (Employee)\\20181206_160240\\1544084235986.png, C:\\Users\\Admin\\Desktop\\PKS\\Perkeso Phase A\\Reports\\Workflow\\Update Employee Information (Employee)\\20181206_160240\\1544084269556.png, C:\\Users\\Admin\\Desktop\\PKS\\Perkeso Phase A\\Reports\\Workflow\\Update Employee Information (Employee)\\20181206_160240\\1544084287618.png, C:\\Users\\Admin\\Desktop\\PKS\\Perkeso Phase A\\Reports\\Workflow\\Update Employee Information (Employee)\\20181206_160240\\1544084321421.png, C:\\Users\\Admin\\Desktop\\PKS\\Perkeso Phase A\\Reports\\Workflow\\Update Employee Information (Employee)\\20181206_160240\\1544084355448.png, C:\\Users\\Admin\\Desktop\\PKS\\Perkeso Phase A\\Reports\\Workflow\\Update Employee Information (Employee)\\20181206_160240\\1544084389037.png, C:\\Users\\Admin\\Desktop\\PKS\\Perkeso Phase A\\Reports\\Workflow\\Update Employee Information (Employee)\\20181206_160240\\1544084405808.png, C:\\Users\\Admin\\Desktop\\PKS\\Perkeso Phase A\\Reports\\Workflow\\Update Employee Information (Employee)\\20181206_160240\\1544084438842.png, C:\\Users\\Admin\\Desktop\\PKS\\Perkeso Phase A\\Reports\\Workflow\\Update Employee Information (Employee)\\20181206_160240\\1544084472864.png, C:\\Users\\Admin\\Desktop\\PKS\\Perkeso Phase A\\Reports\\Workflow\\Update Employee Information (Employee)\\20181206_160240\\1544084506421.png, C:\\Users\\Admin\\Desktop\\PKS\\Perkeso Phase A\\Reports\\Workflow\\Update Employee Information (Employee)\\20181206_160240\\1544084523591.png, C:\\Users\\Admin\\Desktop\\PKS\\Perkeso Phase A\\Reports\\Workflow\\Update Employee Information (Employee)\\20181206_160240\\1544084556467.png, C:\\Users\\Admin\\Desktop\\PKS\\Perkeso Phase A\\Reports\\Workflow\\Update Employee Information (Employee)\\20181206_160240\\1544084590479.png, C:\\Users\\Admin\\Desktop\\PKS\\Perkeso Phase A\\Reports\\Workflow\\Update Employee Information (Employee)\\20181206_160240\\1544084624046.png, C:\\Users\\Admin\\Desktop\\PKS\\Perkeso Phase A\\Reports\\Workflow\\Update Employee Information (Employee)\\20181206_160240\\1544085043157.png, C:\\Users\\Admin\\Desktop\\PKS\\Perkeso Phase A\\Reports\\Workflow\\Update Employee Information (Employee)\\20181206_160240\\1544085047859.png"/>
         <property name="hostName" value="Admin - Win7Test02"/>
         <property name="os" value="Windows 7 64bit"/>
         <property name="katalonVersion" value="5.8.6.1"/>
         <property name="browser" value="Chrome 70.0.3538.110"/>
         <property name="hostAddress" value="10.20.3.72"/>
         <property name="sessionId" value="0407404edea0ca7a19c9d9e86ca772d7"/>
         <property name="seleniumVersion" value="3.7.1"/>
         <property name="proxyInformation" value="ProxyInformation{proxyOption=NO_PROXY, proxyServerType=HTTP, password=, proxyServerAddress=, proxyServerPort=0}"/>
         <property name="platform" value="Windows 7"/>
      </properties>
      <testcase name="Test Cases/Final Aug 2018 - PKS Automation/Registration Module/Workflow/Update Employee Information (Employee)/OTC to UO (Approve)" classname="Test Cases/Final Aug 2018 - PKS Automation/Registration Module/Workflow/Update Employee Information (Employee)/OTC to UO (Approve)" status="PASSED">
         <system-out><![CDATA[2018-12-06 16:02:42 - [TEST_CASE][PASSED] - Test Cases/Final Aug 2018 - PKS Automation/Registration Module/Workflow/Update Employee Information (Employee)/OTC to UO (Approve): Test Cases/Final Aug 2018 - PKS Automation/Registration Module/Workflow/Update Employee Information (Employee)/OTC to UO (Approve)

2018-12-06 16:02:43 - [TEST_STEP][PASSED] - callTestCase: Call Test Case 'Test Cases/Final Aug 2018 - PKS Automation/Registration Module/Workflow/Update Employee Information (Employee)/Template/Update Employee Information - Special Case (OTC)' successfully

2018-12-06 16:02:43 - [TEST_CASE][PASSED] - Test Cases/Final Aug 2018 - PKS Automation/Registration Module/Workflow/Update Employee Information (Employee)/Template/Update Employee Information - Special Case (OTC): Test Cases/Final Aug 2018 - PKS Automation/Registration Module/Workflow/Update Employee Information (Employee)/Template/Update Employee Information - Special Case (OTC)

2018-12-06 16:02:43 - [TEST_STEP][PASSED] - openBrowser: Browser is opened with url: ''

2018-12-06 16:02:48 - [MESSAGE][PASSED] - Browser is opened with url: ''

2018-12-06 16:02:48 - [TEST_STEP][PASSED] - navigateToUrl: Navigate to 'https://assist2-uat.perkeso.gov.my/login' successfully

2018-12-06 16:02:49 - [MESSAGE][PASSED] - Navigate to 'https://assist2-uat.perkeso.gov.my/login' successfully

2018-12-06 16:02:49 - [TEST_STEP][PASSED] - setText: Text 'johorotc1@gmail.com' is set on object 'Object Repository/Final Object Repo/Login Page/Internal User/Email Address'

2018-12-06 16:02:49 - [MESSAGE][PASSED] - Text 'johorotc1@gmail.com' is set on object 'Object Repository/Final Object Repo/Login Page/Internal User/Email Address'

2018-12-06 16:02:49 - [TEST_STEP][PASSED] - click: Object: 'Object Repository/Final Object Repo/Login Page/Internal User/Next Button' is clicked on

2018-12-06 16:02:49 - [MESSAGE][PASSED] - Object: 'Object Repository/Final Object Repo/Login Page/Internal User/Next Button' is clicked on

2018-12-06 16:02:49 - [TEST_STEP][PASSED] - delay: Delayed 1 second(s)

2018-12-06 16:02:50 - [MESSAGE][PASSED] - Delayed 1 second(s)

2018-12-06 16:02:50 - [TEST_STEP][PASSED] - setEncryptedText: Text ****** has been set on object 'Object Repository/Final Object Repo/Login Page/Internal User/Password'

2018-12-06 16:02:51 - [MESSAGE][PASSED] - Text ****** has been set on object 'Object Repository/Final Object Repo/Login Page/Internal User/Password'

2018-12-06 16:02:51 - [TEST_STEP][PASSED] - click: Object: 'Object Repository/Final Object Repo/Login Page/Internal User/Login Button' is clicked on

2018-12-06 16:02:51 - [MESSAGE][PASSED] - Object: 'Object Repository/Final Object Repo/Login Page/Internal User/Login Button' is clicked on

2018-12-06 16:02:51 - [TEST_STEP][PASSED] - Statement - tester = com.kms.katalon.core.testobject.ObjectRepository.findTestObject(Final Object Repo/Landing Page/Select to English): Finding Test Object with id 'Object Repository/Final Object Repo/Landing Page/Select to English'

2018-12-06 16:02:51 - [TEST_STEP][PASSED] - Statement - Try: Delayed 2 second(s)

2018-12-06 16:02:51 - [TEST_STEP][PASSED] - Statement - Checker = com.kms.katalon.core.webui.keyword.WebUiBuiltInKeywords.verifyElementNotPresent(tester, 3): Web element with id: 'Object Repository/Final Object Repo/Landing Page/Select to English' located by 'By.xpath: //a[@class = 'taglib-language-list-text' and @lang = 'en-US' and (contains(text(), 'EN') or contains(., 'EN'))]' is not present after '3' second(s)

2018-12-06 16:02:53 - [MESSAGE][PASSED] - Web element with id: 'Object Repository/Final Object Repo/Landing Page/Select to English' located by 'By.xpath: //a[@class = 'taglib-language-list-text' and @lang = 'en-US' and (contains(text(), 'EN') or contains(., 'EN'))]' is not present after '3' second(s)

2018-12-06 16:02:53 - [TEST_STEP][PASSED] - Statement - If (Checker == false): null

2018-12-06 16:02:53 - [TEST_STEP][PASSED] - delay: Delayed 2 second(s)

2018-12-06 16:02:55 - [MESSAGE][PASSED] - Delayed 2 second(s)

2018-12-06 16:02:55 - [TEST_STEP][PASSED] - delay: Delayed 5 second(s)

2018-12-06 16:03:00 - [MESSAGE][PASSED] - Delayed 5 second(s)

2018-12-06 16:03:00 - [TEST_STEP][PASSED] - navigateToUrl: Navigate to 'https://assist2-uat.perkeso.gov.my/web/registration/update/update-employee-information-employee-' successfully

2018-12-06 16:03:02 - [MESSAGE][PASSED] - Navigate to 'https://assist2-uat.perkeso.gov.my/web/registration/update/update-employee-information-employee-' successfully

2018-12-06 16:03:02 - [TEST_STEP][PASSED] - click: Object: 'Object Repository/Final Object Repo/Page_Update Employee Information By Employee/Type of Identification' is clicked on

2018-12-06 16:03:02 - [MESSAGE][PASSED] - Object: 'Object Repository/Final Object Repo/Page_Update Employee Information By Employee/Type of Identification' is clicked on

2018-12-06 16:03:02 - [TEST_STEP][PASSED] - click: Object: 'Object Repository/Final Object Repo/Page Update Employee Information By Employee/Type of Identification - Name' is clicked on

2018-12-06 16:03:02 - [MESSAGE][PASSED] - Object: 'Object Repository/Final Object Repo/Page Update Employee Information By Employee/Type of Identification - Name' is clicked on

2018-12-06 16:03:02 - [TEST_STEP][PASSED] - setText: Text 'YUKI JR B' is set on object 'Object Repository/Final Object Repo/Page_Update Employee Information By Employee/New Identification'

2018-12-06 16:03:03 - [MESSAGE][PASSED] - Text 'YUKI JR B' is set on object 'Object Repository/Final Object Repo/Page_Update Employee Information By Employee/New Identification'

2018-12-06 16:03:03 - [TEST_STEP][PASSED] - click: Object: 'Object Repository/Final Object Repo/Page_Update Employee Information By Employee/Search Button' is clicked on

2018-12-06 16:03:03 - [MESSAGE][PASSED] - Object: 'Object Repository/Final Object Repo/Page_Update Employee Information By Employee/Search Button' is clicked on

2018-12-06 16:03:03 - [TEST_STEP][PASSED] - click: Object: 'Object Repository/Final Object Repo/Page_Update Employee Information By Employee/Edit Button' is clicked on

2018-12-06 16:03:06 - [MESSAGE][PASSED] - Object: 'Object Repository/Final Object Repo/Page_Update Employee Information By Employee/Edit Button' is clicked on

2018-12-06 16:03:06 - [TEST_STEP][PASSED] - delay: Delayed 2 second(s)

2018-12-06 16:03:08 - [MESSAGE][PASSED] - Delayed 2 second(s)

2018-12-06 16:03:08 - [TEST_STEP][PASSED] - click: Object: 'Object Repository/Final Object Repo/Page_Update Employee Information By Employee/Employee Information Edit Button' is clicked on

2018-12-06 16:03:09 - [MESSAGE][PASSED] - Object: 'Object Repository/Final Object Repo/Page_Update Employee Information By Employee/Employee Information Edit Button' is clicked on

2018-12-06 16:03:09 - [TEST_STEP][PASSED] - delay: Delayed 2 second(s)

2018-12-06 16:03:11 - [MESSAGE][PASSED] - Delayed 2 second(s)

2018-12-06 16:03:11 - [TEST_STEP][PASSED] - click: Object: 'Object Repository/Final Object Repo/Page_Update Employee Information By Employee/New Identification Number' is clicked on

2018-12-06 16:03:11 - [MESSAGE][PASSED] - Object: 'Object Repository/Final Object Repo/Page_Update Employee Information By Employee/New Identification Number' is clicked on

2018-12-06 16:03:11 - [TEST_STEP][PASSED] - setText: Text '' is set on object 'Object Repository/Final Object Repo/Page_Update Employee Information By Employee/New Identification Number'

2018-12-06 16:03:11 - [MESSAGE][PASSED] - Text '' is set on object 'Object Repository/Final Object Repo/Page_Update Employee Information By Employee/New Identification Number'

2018-12-06 16:03:11 - [TEST_STEP][PASSED] - Statement - rnd = new java.util.Random(): null

2018-12-06 16:03:11 - [TEST_STEP][PASSED] - Statement - snum = rnd.nextInt(899999 + 1) + 100000: null

2018-12-06 16:03:11 - [TEST_STEP][PASSED] - Statement - tnum = rnd.nextInt(899999 + 1) + 100000: null

2018-12-06 16:03:11 - [TEST_STEP][PASSED] - Statement - IC = java.lang.Integer.toString(snum) + java.lang.Integer.toString(tnum): null

2018-12-06 16:03:11 - [TEST_STEP][PASSED] - Statement - out.println(IC): null

2018-12-06 16:03:11 - [TEST_STEP][PASSED] - setText: Text '597404241265' is set on object 'Object Repository/Final Object Repo/Page_Update Employee Information By Employee/New Identification Number'

2018-12-06 16:03:11 - [MESSAGE][PASSED] - Text '597404241265' is set on object 'Object Repository/Final Object Repo/Page_Update Employee Information By Employee/New Identification Number'

2018-12-06 16:03:11 - [TEST_STEP][PASSED] - delay: Delayed 2 second(s)

2018-12-06 16:03:13 - [MESSAGE][PASSED] - Delayed 2 second(s)

2018-12-06 16:03:13 - [TEST_STEP][PASSED] - click: Object: 'Object Repository/Final Object Repo/Page_Update Employee Information By Employee/Save' is clicked on

2018-12-06 16:03:14 - [MESSAGE][PASSED] - Object: 'Object Repository/Final Object Repo/Page_Update Employee Information By Employee/Save' is clicked on

2018-12-06 16:03:14 - [TEST_STEP][PASSED] - delay: Delayed 10 second(s)

2018-12-06 16:03:24 - [MESSAGE][PASSED] - Delayed 10 second(s)

2018-12-06 16:03:24 - [TEST_STEP][PASSED] - click: Object: 'Object Repository/Final Object Repo/Page_Update Employee Information By Employee/Save  Continue in Update Employee Information' is clicked on

2018-12-06 16:03:24 - [MESSAGE][PASSED] - Object: 'Object Repository/Final Object Repo/Page_Update Employee Information By Employee/Save  Continue in Update Employee Information' is clicked on

2018-12-06 16:03:24 - [TEST_STEP][PASSED] - delay: Delayed 2 second(s)

2018-12-06 16:03:26 - [MESSAGE][PASSED] - Delayed 2 second(s)

2018-12-06 16:03:26 - [TEST_STEP][PASSED] - click: Object: 'Object Repository/Final Object Repo/Page_Update Employee Information By Employee/Save  Continue in Uploading Page' is clicked on

2018-12-06 16:03:27 - [MESSAGE][PASSED] - Object: 'Object Repository/Final Object Repo/Page_Update Employee Information By Employee/Save  Continue in Uploading Page' is clicked on

2018-12-06 16:03:27 - [TEST_STEP][PASSED] - delay: Delayed 2 second(s)

2018-12-06 16:03:29 - [MESSAGE][PASSED] - Delayed 2 second(s)

2018-12-06 16:03:29 - [TEST_STEP][PASSED] - Statement - CaseReferenceNo = com.kms.katalon.core.webui.keyword.WebUiBuiltInKeywords.getText(com.kms.katalon.core.testobject.ObjectRepository.findTestObject(Final Object Repo/Page_Update Employer Information/Reference Number in Update Employee Information Page)): Text of object 'Object Repository/Final Object Repo/Page_Update Employer Information/Reference Number in Update Employee Information Page' is: 'CUN122018C100005836'

2018-12-06 16:03:31 - [MESSAGE][PASSED] - Text of object 'Object Repository/Final Object Repo/Page_Update Employer Information/Reference Number in Update Employee Information Page' is: 'CUN122018C100005836'

2018-12-06 16:03:31 - [TEST_STEP][PASSED] - callTestCase: Call Test Case 'Test Cases/Final Aug 2018 - PKS Automation/Common/Reference Number Setter' successfully

2018-12-06 16:03:31 - [TEST_CASE][PASSED] - Test Cases/Final Aug 2018 - PKS Automation/Common/Reference Number Setter: Test Cases/Final Aug 2018 - PKS Automation/Common/Reference Number Setter

2018-12-06 16:03:31 - [TEST_STEP][PASSED] - Statement - RefNoOldFile = new java.io.File(C://Users//Admin//Desktop//PKS//Automation Reference Point//KatalonReference.txt): null

2018-12-06 16:03:31 - [TEST_STEP][PASSED] - Statement - RefNoOldFile.delete(): null

2018-12-06 16:03:31 - [TEST_STEP][PASSED] - delay: Delayed 5 second(s)

2018-12-06 16:03:36 - [MESSAGE][PASSED] - Delayed 5 second(s)

2018-12-06 16:03:36 - [TEST_STEP][PASSED] - Statement - RefNo = new java.io.File(C://Users//Admin//Desktop//PKS//Automation Reference Point//KatalonReference.txt): null

2018-12-06 16:03:36 - [TEST_STEP][PASSED] - Statement - f2 = new java.io.FileWriter(RefNo, false): null

2018-12-06 16:03:36 - [TEST_STEP][PASSED] - Statement - f2.write(CaseReferenceNo): null

2018-12-06 16:03:36 - [TEST_STEP][PASSED] - Statement - f2.close(): null

2018-12-06 16:03:36 - [TEST_STEP][PASSED] - Statement - out.println("


" + CaseReferenceNo + "


"): null

2018-12-06 16:03:36 - [MESSAGE][PASSED] - Call Test Case 'Test Cases/Final Aug 2018 - PKS Automation/Common/Reference Number Setter' successfully

2018-12-06 16:03:36 - [TEST_STEP][PASSED] - delay: Delayed 2 second(s)

2018-12-06 16:03:38 - [MESSAGE][PASSED] - Delayed 2 second(s)

2018-12-06 16:03:38 - [TEST_STEP][PASSED] - click: Object: 'Object Repository/Final Object Repo/Page_Update Employee Information By Employee/Submit' is clicked on

2018-12-06 16:03:39 - [MESSAGE][PASSED] - Object: 'Object Repository/Final Object Repo/Page_Update Employee Information By Employee/Submit' is clicked on

2018-12-06 16:03:39 - [TEST_STEP][PASSED] - delay: Delayed 2 second(s)

2018-12-06 16:03:41 - [MESSAGE][PASSED] - Delayed 2 second(s)

2018-12-06 16:03:41 - [TEST_STEP][PASSED] - click: Object: 'Object Repository/Final Object Repo/Page_Update Employee Information By Employee/Confirm Button' is clicked on

2018-12-06 16:03:41 - [MESSAGE][PASSED] - Object: 'Object Repository/Final Object Repo/Page_Update Employee Information By Employee/Confirm Button' is clicked on

2018-12-06 16:03:41 - [TEST_STEP][PASSED] - delay: Delayed 2 second(s)

2018-12-06 16:03:43 - [MESSAGE][PASSED] - Delayed 2 second(s)

2018-12-06 16:03:43 - [TEST_STEP][PASSED] - click: Object: 'Object Repository/Final Object Repo/Page_Update Employee Information By Employee/Successful Message Routed to UO' is clicked on

2018-12-06 16:03:44 - [MESSAGE][PASSED] - Object: 'Object Repository/Final Object Repo/Page_Update Employee Information By Employee/Successful Message Routed to UO' is clicked on

2018-12-06 16:03:44 - [MESSAGE][PASSED] - Call Test Case 'Test Cases/Final Aug 2018 - PKS Automation/Registration Module/Workflow/Update Employee Information (Employee)/Template/Update Employee Information - Special Case (OTC)' successfully

2018-12-06 16:03:44 - [TEST_STEP][PASSED] - callTestCase: Call Test Case 'Test Cases/Final Aug 2018 - PKS Automation/Registration Module/Workflow/Update Employee Information (Employee)/Template/Update Employee Information - Special Case - UO (Approve)' successfully

2018-12-06 16:03:44 - [TEST_CASE][PASSED] - Test Cases/Final Aug 2018 - PKS Automation/Registration Module/Workflow/Update Employee Information (Employee)/Template/Update Employee Information - Special Case - UO (Approve): Test Cases/Final Aug 2018 - PKS Automation/Registration Module/Workflow/Update Employee Information (Employee)/Template/Update Employee Information - Special Case - UO (Approve)

2018-12-06 16:03:45 - [TEST_STEP][NOT_RUN] - callTestCase: NOT_RUN: callTestCase

2018-12-06 16:03:45 - [MESSAGE][NOT_RUN] - NOT_RUN: callTestCase

2018-12-06 16:03:45 - [TEST_STEP][PASSED] - delay: Delayed 2 second(s)

2018-12-06 16:03:47 - [MESSAGE][PASSED] - Delayed 2 second(s)

2018-12-06 16:03:47 - [TEST_STEP][PASSED] - navigateToUrl: Navigate to 'https://assist2-uat.perkeso.gov.my/c/portal/logout' successfully

2018-12-06 16:03:48 - [MESSAGE][PASSED] - Navigate to 'https://assist2-uat.perkeso.gov.my/c/portal/logout' successfully

2018-12-06 16:03:48 - [TEST_STEP][PASSED] - delay: Delayed 2 second(s)

2018-12-06 16:03:50 - [MESSAGE][PASSED] - Delayed 2 second(s)

2018-12-06 16:03:50 - [TEST_STEP][PASSED] - callTestCase: Call Test Case 'Test Cases/Final Aug 2018 - PKS Automation/Common/Reference Number Getter' successfully

2018-12-06 16:03:50 - [TEST_CASE][PASSED] - Test Cases/Final Aug 2018 - PKS Automation/Common/Reference Number Getter: Test Cases/Final Aug 2018 - PKS Automation/Common/Reference Number Getter

2018-12-06 16:03:50 - [TEST_STEP][PASSED] - Statement - Try: null

2018-12-06 16:03:50 - [TEST_STEP][PASSED] - Statement - RefNo = new java.io.File(C://Users//Admin//Desktop//PKS//Automation Reference Point//KatalonReference.txt): null

2018-12-06 16:03:50 - [TEST_STEP][PASSED] - Statement - bufferread = new java.io.BufferedReader(new java.io.FileReader(RefNo)): null

2018-12-06 16:03:50 - [TEST_STEP][PASSED] - Statement - readedVal = bufferread.readLine(): null

2018-12-06 16:03:50 - [TEST_STEP][PASSED] - Statement - out.println(CaseReferenceNo): null

2018-12-06 16:03:50 - [TEST_STEP][PASSED] - Statement - out.println(readedVal): null

2018-12-06 16:03:50 - [TEST_STEP][PASSED] - Statement - CaseReferenceNo = "": null

2018-12-06 16:03:50 - [TEST_STEP][PASSED] - Statement - CaseReferenceNo = readedVal: null

2018-12-06 16:03:50 - [MESSAGE][PASSED] - Call Test Case 'Test Cases/Final Aug 2018 - PKS Automation/Common/Reference Number Getter' successfully

2018-12-06 16:03:50 - [TEST_STEP][PASSED] - callTestCase: Call Test Case 'Test Cases/Final Aug 2018 - PKS Automation/Common/Workflow Owner Finder' successfully

2018-12-06 16:03:50 - [TEST_CASE][PASSED] - Test Cases/Final Aug 2018 - PKS Automation/Common/Workflow Owner Finder: Test Cases/Final Aug 2018 - PKS Automation/Common/Workflow Owner Finder

2018-12-06 16:03:51 - [TEST_STEP][PASSED] - openBrowser: Browser is opened with url: ''

2018-12-06 16:03:51 - [MESSAGE][WARNING] - A browser is already opened. Closing browser and opening a new one

2018-12-06 16:03:54 - [MESSAGE][PASSED] - Browser is opened with url: ''

2018-12-06 16:03:54 - [TEST_STEP][PASSED] - navigateToUrl: Navigate to 'https://assist2-uat.perkeso.gov.my/login' successfully

2018-12-06 16:03:55 - [MESSAGE][PASSED] - Navigate to 'https://assist2-uat.perkeso.gov.my/login' successfully

2018-12-06 16:03:55 - [TEST_STEP][PASSED] - delay: Delayed 5 second(s)

2018-12-06 16:04:00 - [MESSAGE][PASSED] - Delayed 5 second(s)

2018-12-06 16:04:00 - [TEST_STEP][PASSED] - setText: Text 'test@liferay.com' is set on object 'Object Repository/Final Object Repo/Login Page/Internal User/Email Address'

2018-12-06 16:04:00 - [MESSAGE][PASSED] - Text 'test@liferay.com' is set on object 'Object Repository/Final Object Repo/Login Page/Internal User/Email Address'

2018-12-06 16:04:00 - [TEST_STEP][PASSED] - click: Object: 'Object Repository/Final Object Repo/Login Page/Internal User/Next Button' is clicked on

2018-12-06 16:04:00 - [MESSAGE][PASSED] - Object: 'Object Repository/Final Object Repo/Login Page/Internal User/Next Button' is clicked on

2018-12-06 16:04:00 - [TEST_STEP][PASSED] - delay: Delayed 2 second(s)

2018-12-06 16:04:02 - [MESSAGE][PASSED] - Delayed 2 second(s)

2018-12-06 16:04:02 - [TEST_STEP][PASSED] - setText: Text 'test' is set on object 'Object Repository/Final Object Repo/Login Page/Internal User/Password'

2018-12-06 16:04:03 - [MESSAGE][PASSED] - Text 'test' is set on object 'Object Repository/Final Object Repo/Login Page/Internal User/Password'

2018-12-06 16:04:03 - [TEST_STEP][PASSED] - delay: Delayed 2 second(s)

2018-12-06 16:04:05 - [MESSAGE][PASSED] - Delayed 2 second(s)

2018-12-06 16:04:05 - [TEST_STEP][PASSED] - click: Object: 'Object Repository/Final Object Repo/Login Page/Internal User/Login Button' is clicked on

2018-12-06 16:04:05 - [MESSAGE][PASSED] - Object: 'Object Repository/Final Object Repo/Login Page/Internal User/Login Button' is clicked on

2018-12-06 16:04:05 - [TEST_STEP][PASSED] - Statement - tester = com.kms.katalon.core.testobject.ObjectRepository.findTestObject(Final Object Repo/Landing Page/Select to English): Finding Test Object with id 'Object Repository/Final Object Repo/Landing Page/Select to English'

2018-12-06 16:04:05 - [TEST_STEP][PASSED] - Statement - Try: Delayed 2 second(s)

2018-12-06 16:04:05 - [TEST_STEP][PASSED] - Statement - Checker = com.kms.katalon.core.webui.keyword.WebUiBuiltInKeywords.verifyElementNotPresent(tester, 3): Web element with id: 'Object Repository/Final Object Repo/Landing Page/Select to English' located by 'By.xpath: //a[@class = 'taglib-language-list-text' and @lang = 'en-US' and (contains(text(), 'EN') or contains(., 'EN'))]' is not present after '3' second(s)

2018-12-06 16:04:07 - [MESSAGE][PASSED] - Web element with id: 'Object Repository/Final Object Repo/Landing Page/Select to English' located by 'By.xpath: //a[@class = 'taglib-language-list-text' and @lang = 'en-US' and (contains(text(), 'EN') or contains(., 'EN'))]' is not present after '3' second(s)

2018-12-06 16:04:07 - [TEST_STEP][PASSED] - Statement - If (Checker == false): null

2018-12-06 16:04:07 - [TEST_STEP][PASSED] - delay: Delayed 2 second(s)

2018-12-06 16:04:09 - [MESSAGE][PASSED] - Delayed 2 second(s)

2018-12-06 16:04:09 - [TEST_STEP][PASSED] - delay: Delayed 5 second(s)

2018-12-06 16:04:14 - [MESSAGE][PASSED] - Delayed 5 second(s)

2018-12-06 16:04:14 - [TEST_STEP][PASSED] - mouseOver: Object: 'Object Repository/Final Object Repo/Landing Page/WorkFlow Menu' is hovered

2018-12-06 16:04:14 - [MESSAGE][PASSED] - Object: 'Object Repository/Final Object Repo/Landing Page/WorkFlow Menu' is hovered

2018-12-06 16:04:14 - [TEST_STEP][PASSED] - delay: Delayed 2 second(s)

2018-12-06 16:04:16 - [MESSAGE][PASSED] - Delayed 2 second(s)

2018-12-06 16:04:16 - [TEST_STEP][PASSED] - click: Object: 'Object Repository/Final Object Repo/Landing Page/Select to Workflow Listing' is clicked on

2018-12-06 16:04:17 - [MESSAGE][PASSED] - Object: 'Object Repository/Final Object Repo/Landing Page/Select to Workflow Listing' is clicked on

2018-12-06 16:04:17 - [TEST_STEP][PASSED] - delay: Delayed 2 second(s)

2018-12-06 16:04:19 - [MESSAGE][PASSED] - Delayed 2 second(s)

2018-12-06 16:04:19 - [TEST_STEP][PASSED] - click: Object: 'Object Repository/Final Object Repo/WorkFlow Listing Page/Search Information - To Put Ref No' is clicked on

2018-12-06 16:04:19 - [MESSAGE][PASSED] - Object: 'Object Repository/Final Object Repo/WorkFlow Listing Page/Search Information - To Put Ref No' is clicked on

2018-12-06 16:04:19 - [TEST_STEP][PASSED] - delay: Delayed 2 second(s)

2018-12-06 16:04:21 - [MESSAGE][PASSED] - Delayed 2 second(s)

2018-12-06 16:04:21 - [TEST_STEP][PASSED] - callTestCase: Call Test Case 'Test Cases/Final Aug 2018 - PKS Automation/Common/Reference Number Getter' successfully

2018-12-06 16:04:22 - [TEST_CASE][PASSED] - Test Cases/Final Aug 2018 - PKS Automation/Common/Reference Number Getter: Test Cases/Final Aug 2018 - PKS Automation/Common/Reference Number Getter

2018-12-06 16:04:22 - [TEST_STEP][PASSED] - Statement - Try: null

2018-12-06 16:04:22 - [TEST_STEP][PASSED] - Statement - RefNo = new java.io.File(C://Users//Admin//Desktop//PKS//Automation Reference Point//KatalonReference.txt): null

2018-12-06 16:04:22 - [TEST_STEP][PASSED] - Statement - bufferread = new java.io.BufferedReader(new java.io.FileReader(RefNo)): null

2018-12-06 16:04:22 - [TEST_STEP][PASSED] - Statement - readedVal = bufferread.readLine(): null

2018-12-06 16:04:22 - [TEST_STEP][PASSED] - Statement - out.println(CaseReferenceNo): null

2018-12-06 16:04:22 - [TEST_STEP][PASSED] - Statement - out.println(readedVal): null

2018-12-06 16:04:22 - [TEST_STEP][PASSED] - Statement - CaseReferenceNo = "": null

2018-12-06 16:04:22 - [TEST_STEP][PASSED] - Statement - CaseReferenceNo = readedVal: null

2018-12-06 16:04:22 - [MESSAGE][PASSED] - Call Test Case 'Test Cases/Final Aug 2018 - PKS Automation/Common/Reference Number Getter' successfully

2018-12-06 16:04:22 - [TEST_STEP][PASSED] - setText: Text 'CUN122018C100005836' is set on object 'Object Repository/Final Object Repo/WorkFlow Listing Page/Ref No Set Text'

2018-12-06 16:04:22 - [MESSAGE][PASSED] - Text 'CUN122018C100005836' is set on object 'Object Repository/Final Object Repo/WorkFlow Listing Page/Ref No Set Text'

2018-12-06 16:04:22 - [TEST_STEP][PASSED] - delay: Delayed 2 second(s)

2018-12-06 16:04:24 - [MESSAGE][PASSED] - Delayed 2 second(s)

2018-12-06 16:04:24 - [TEST_STEP][PASSED] - click: Object: 'Object Repository/Final Object Repo/WorkFlow Listing Page/Search Ref No Search Button' is clicked on

2018-12-06 16:04:24 - [MESSAGE][PASSED] - Object: 'Object Repository/Final Object Repo/WorkFlow Listing Page/Search Ref No Search Button' is clicked on

2018-12-06 16:04:24 - [TEST_STEP][PASSED] - delay: Delayed 6 second(s)

2018-12-06 16:04:30 - [MESSAGE][PASSED] - Delayed 6 second(s)

2018-12-06 16:04:30 - [TEST_STEP][PASSED] - click: Object: 'Object Repository/Final Object Repo/WorkFlow Listing Page/Click Continue Tooltip' is clicked on

2018-12-06 16:04:31 - [MESSAGE][PASSED] - Object: 'Object Repository/Final Object Repo/WorkFlow Listing Page/Click Continue Tooltip' is clicked on

2018-12-06 16:04:31 - [TEST_STEP][PASSED] - delay: Delayed 5 second(s)

2018-12-06 16:04:36 - [MESSAGE][PASSED] - Delayed 5 second(s)

2018-12-06 16:04:36 - [TEST_STEP][PASSED] - doubleClick: Object: 'Object Repository/Final Object Repo/WorkFlow Listing Page/Workflow Found - Listing 1' is double clicked on

2018-12-06 16:04:36 - [MESSAGE][PASSED] - Object: 'Object Repository/Final Object Repo/WorkFlow Listing Page/Workflow Found - Listing 1' is double clicked on

2018-12-06 16:04:36 - [TEST_STEP][PASSED] - Statement - println(OwnerID): null

2018-12-06 16:04:36 - [TEST_STEP][PASSED] - Statement - OwnerID = com.kms.katalon.core.webui.keyword.WebUiBuiltInKeywords.getText(com.kms.katalon.core.testobject.ObjectRepository.findTestObject(Final Object Repo/WorkFlow Listing Page/Workflow Found - Listing 1), STOP_ON_FAILURE): Text of object 'Object Repository/Final Object Repo/WorkFlow Listing Page/Workflow Found - Listing 1' is: 'JOHORuo2'

2018-12-06 16:04:36 - [MESSAGE][PASSED] - Text of object 'Object Repository/Final Object Repo/WorkFlow Listing Page/Workflow Found - Listing 1' is: 'JOHORuo2'

2018-12-06 16:04:36 - [TEST_STEP][PASSED] - Statement - OwnerID = OwnerID.toLowerCase() + "@gmail.com": null

2018-12-06 16:04:36 - [TEST_STEP][PASSED] - Statement - println(OwnerID): null

2018-12-06 16:04:36 - [TEST_STEP][PASSED] - delay: Delayed 2 second(s)

2018-12-06 16:04:38 - [MESSAGE][PASSED] - Delayed 2 second(s)

2018-12-06 16:04:38 - [MESSAGE][PASSED] - Call Test Case 'Test Cases/Final Aug 2018 - PKS Automation/Common/Workflow Owner Finder' successfully

2018-12-06 16:04:38 - [TEST_STEP][PASSED] - delay: Delayed 2 second(s)

2018-12-06 16:04:40 - [MESSAGE][PASSED] - Delayed 2 second(s)

2018-12-06 16:04:40 - [TEST_STEP][PASSED] - navigateToUrl: Navigate to 'https://assist2-uat.perkeso.gov.my/c/portal/logout' successfully

2018-12-06 16:04:41 - [MESSAGE][PASSED] - Navigate to 'https://assist2-uat.perkeso.gov.my/c/portal/logout' successfully

2018-12-06 16:04:41 - [TEST_STEP][PASSED] - delay: Delayed 2 second(s)

2018-12-06 16:04:43 - [MESSAGE][PASSED] - Delayed 2 second(s)

2018-12-06 16:04:43 - [TEST_STEP][PASSED] - callTestCase: Call Test Case 'Test Cases/Final Aug 2018 - PKS Automation/Registration Module/Workflow/Login and Search Case For Workflow' successfully

2018-12-06 16:04:43 - [TEST_CASE][PASSED] - Test Cases/Final Aug 2018 - PKS Automation/Registration Module/Workflow/Login and Search Case For Workflow: Test Cases/Final Aug 2018 - PKS Automation/Registration Module/Workflow/Login and Search Case For Workflow

2018-12-06 16:04:44 - [TEST_STEP][PASSED] - navigateToUrl: Navigate to 'https://assist2-uat.perkeso.gov.my/login' successfully

2018-12-06 16:04:44 - [MESSAGE][PASSED] - Navigate to 'https://assist2-uat.perkeso.gov.my/login' successfully

2018-12-06 16:04:44 - [TEST_STEP][PASSED] - setText: Text 'johoruo2@gmail.com' is set on object 'Object Repository/Final Object Repo/Login Page/Internal User/Email Address'

2018-12-06 16:04:44 - [MESSAGE][PASSED] - Text 'johoruo2@gmail.com' is set on object 'Object Repository/Final Object Repo/Login Page/Internal User/Email Address'

2018-12-06 16:04:44 - [TEST_STEP][PASSED] - click: Object: 'Object Repository/Final Object Repo/Login Page/Internal User/Next Button' is clicked on

2018-12-06 16:04:45 - [MESSAGE][PASSED] - Object: 'Object Repository/Final Object Repo/Login Page/Internal User/Next Button' is clicked on

2018-12-06 16:04:45 - [TEST_STEP][PASSED] - delay: Delayed 1 second(s)

2018-12-06 16:04:46 - [MESSAGE][PASSED] - Delayed 1 second(s)

2018-12-06 16:04:46 - [TEST_STEP][PASSED] - setEncryptedText: Text ****** has been set on object 'Object Repository/Final Object Repo/Login Page/Internal User/Password'

2018-12-06 16:04:46 - [MESSAGE][PASSED] - Text ****** has been set on object 'Object Repository/Final Object Repo/Login Page/Internal User/Password'

2018-12-06 16:04:46 - [TEST_STEP][PASSED] - click: Object: 'Object Repository/Final Object Repo/Login Page/Internal User/Login Button' is clicked on

2018-12-06 16:04:46 - [MESSAGE][PASSED] - Object: 'Object Repository/Final Object Repo/Login Page/Internal User/Login Button' is clicked on

2018-12-06 16:04:46 - [TEST_STEP][PASSED] - delay: Delayed 2 second(s)

2018-12-06 16:04:48 - [MESSAGE][PASSED] - Delayed 2 second(s)

2018-12-06 16:04:48 - [TEST_STEP][PASSED] - Statement - Try: Delayed 2 second(s)

2018-12-06 16:04:48 - [TEST_STEP][PASSED] - Statement - Checker = false: null

2018-12-06 16:04:48 - [TEST_STEP][PASSED] - Statement - Checker = com.kms.katalon.core.webui.keyword.WebUiBuiltInKeywords.verifyElementHasAttribute(com.kms.katalon.core.testobject.ObjectRepository.findTestObject(Final Object Repo/Landing Page/BM Detecting), "href", 20, OPTIONAL): Object 'Object Repository/Final Object Repo/Landing Page/BM Detecting' has attribute 'href'

2018-12-06 16:04:49 - [MESSAGE][PASSED] - Object 'Object Repository/Final Object Repo/Landing Page/BM Detecting' has attribute 'href'

2018-12-06 16:04:49 - [TEST_STEP][PASSED] - Statement - out.println(Checker): null

2018-12-06 16:04:49 - [TEST_STEP][PASSED] - Statement - If (Checker == false): null

2018-12-06 16:04:49 - [TEST_STEP][PASSED] - Statement - Else: null

2018-12-06 16:04:49 - [TEST_STEP][PASSED] - delay: Delayed 2 second(s)

2018-12-06 16:04:51 - [MESSAGE][PASSED] - Delayed 2 second(s)

2018-12-06 16:04:51 - [TEST_STEP][PASSED] - click: Object: 'Object Repository/Final Object Repo/Page_MyASSIST - ASSIST - Search Pending Case For Add Supporting Document/Search Information' is clicked on

2018-12-06 16:04:51 - [MESSAGE][PASSED] - Object: 'Object Repository/Final Object Repo/Page_MyASSIST - ASSIST - Search Pending Case For Add Supporting Document/Search Information' is clicked on

2018-12-06 16:04:51 - [TEST_STEP][PASSED] - delay: Delayed 3 second(s)

2018-12-06 16:04:54 - [MESSAGE][PASSED] - Delayed 3 second(s)

2018-12-06 16:04:54 - [TEST_STEP][PASSED] - sendKeys: Keys 'CUN122018C100005836' sent to object: 'Object Repository/Final Object Repo/Page_MyASSIST - ASSIST - Search Pending Case For Add Supporting Document/Reference No'

2018-12-06 16:04:54 - [MESSAGE][PASSED] - Keys 'CUN122018C100005836' sent to object: 'Object Repository/Final Object Repo/Page_MyASSIST - ASSIST - Search Pending Case For Add Supporting Document/Reference No'

2018-12-06 16:04:54 - [TEST_STEP][PASSED] - click: Object: 'Object Repository/Final Object Repo/Page_MyASSIST - ASSIST - Search Pending Case For Add Supporting Document/Search Reference No' is clicked on

2018-12-06 16:04:55 - [MESSAGE][PASSED] - Object: 'Object Repository/Final Object Repo/Page_MyASSIST - ASSIST - Search Pending Case For Add Supporting Document/Search Reference No' is clicked on

2018-12-06 16:04:55 - [TEST_STEP][PASSED] - delay: Delayed 2 second(s)

2018-12-06 16:04:57 - [MESSAGE][PASSED] - Delayed 2 second(s)

2018-12-06 16:04:57 - [TEST_STEP][PASSED] - click: Object: 'Object Repository/Final Object Repo/Page_MyASSIST - ASSIST - Search Pending Case For Add Supporting Document/Continue' is clicked on

2018-12-06 16:05:01 - [MESSAGE][PASSED] - Object: 'Object Repository/Final Object Repo/Page_MyASSIST - ASSIST - Search Pending Case For Add Supporting Document/Continue' is clicked on

2018-12-06 16:05:01 - [TEST_STEP][PASSED] - delay: Delayed 20 second(s)

2018-12-06 16:05:21 - [MESSAGE][PASSED] - Delayed 20 second(s)

2018-12-06 16:05:21 - [MESSAGE][PASSED] - Call Test Case 'Test Cases/Final Aug 2018 - PKS Automation/Registration Module/Workflow/Login and Search Case For Workflow' successfully

2018-12-06 16:05:21 - [TEST_STEP][PASSED] - click: Object: 'Object Repository/Final Object Repo/Page_Update Employee Information By Employee/Page_Update Employee Information By Employee (Approve)/Continue' is clicked on

2018-12-06 16:05:24 - [MESSAGE][PASSED] - Object: 'Object Repository/Final Object Repo/Page_Update Employee Information By Employee/Page_Update Employee Information By Employee (Approve)/Continue' is clicked on

2018-12-06 16:05:24 - [TEST_STEP][PASSED] - delay: Delayed 2 second(s)

2018-12-06 16:05:26 - [MESSAGE][PASSED] - Delayed 2 second(s)

2018-12-06 16:05:26 - [TEST_STEP][PASSED] - click: Object: 'Object Repository/Final Object Repo/Page_Update Employee Information By Employee/Page_Update Employee Information By Employee (Approve)/Save  Continue in Update Employee Information Page' is clicked on

2018-12-06 16:05:26 - [MESSAGE][PASSED] - Object: 'Object Repository/Final Object Repo/Page_Update Employee Information By Employee/Page_Update Employee Information By Employee (Approve)/Save  Continue in Update Employee Information Page' is clicked on

2018-12-06 16:05:26 - [TEST_STEP][PASSED] - delay: Delayed 2 second(s)

2018-12-06 16:05:28 - [MESSAGE][PASSED] - Delayed 2 second(s)

2018-12-06 16:05:28 - [TEST_STEP][PASSED] - click: Object: 'Object Repository/Final Object Repo/Page_Update Employee Information By Employee/Page_Update Employee Information By Employee (Approve)/Save  Continue in Upload Supporting Doucument Page' is clicked on

2018-12-06 16:05:29 - [MESSAGE][PASSED] - Object: 'Object Repository/Final Object Repo/Page_Update Employee Information By Employee/Page_Update Employee Information By Employee (Approve)/Save  Continue in Upload Supporting Doucument Page' is clicked on

2018-12-06 16:05:29 - [TEST_STEP][PASSED] - delay: Delayed 2 second(s)

2018-12-06 16:05:31 - [MESSAGE][PASSED] - Delayed 2 second(s)

2018-12-06 16:05:31 - [TEST_STEP][PASSED] - click: Object: 'Object Repository/Final Object Repo/Page_Update Employee Information By Employee/Page_Update Employee Information By Employee (Approve)/Approve' is clicked on

2018-12-06 16:05:33 - [MESSAGE][PASSED] - Object: 'Object Repository/Final Object Repo/Page_Update Employee Information By Employee/Page_Update Employee Information By Employee (Approve)/Approve' is clicked on

2018-12-06 16:05:33 - [TEST_STEP][PASSED] - delay: Delayed 2 second(s)

2018-12-06 16:05:35 - [MESSAGE][PASSED] - Delayed 2 second(s)

2018-12-06 16:05:35 - [TEST_STEP][PASSED] - click: Object: 'Object Repository/Final Object Repo/Page_Update Employee Information By Employee/Page_Update Employee Information By Employee (Approve)/Confirm' is clicked on

2018-12-06 16:05:35 - [MESSAGE][PASSED] - Object: 'Object Repository/Final Object Repo/Page_Update Employee Information By Employee/Page_Update Employee Information By Employee (Approve)/Confirm' is clicked on

2018-12-06 16:05:35 - [TEST_STEP][PASSED] - delay: Delayed 2 second(s)

2018-12-06 16:05:37 - [MESSAGE][PASSED] - Delayed 2 second(s)

2018-12-06 16:05:37 - [TEST_STEP][PASSED] - click: Object: 'Object Repository/Final Object Repo/Page_Update Employee Information By Employee/Page_Update Employee Information By Employee (Approve)/Message Your Request    Update Emp' is clicked on

2018-12-06 16:05:41 - [MESSAGE][PASSED] - Object: 'Object Repository/Final Object Repo/Page_Update Employee Information By Employee/Page_Update Employee Information By Employee (Approve)/Message Your Request    Update Emp' is clicked on

2018-12-06 16:05:41 - [TEST_STEP][PASSED] - click: Object: 'Object Repository/Final Object Repo/Page_Update Employee Information By Employee/Page_Update Employee Information By Employee (Approve)/Letter of successful update' is clicked on

2018-12-06 16:05:42 - [MESSAGE][PASSED] - Object: 'Object Repository/Final Object Repo/Page_Update Employee Information By Employee/Page_Update Employee Information By Employee (Approve)/Letter of successful update' is clicked on

2018-12-06 16:05:42 - [MESSAGE][PASSED] - Call Test Case 'Test Cases/Final Aug 2018 - PKS Automation/Registration Module/Workflow/Update Employee Information (Employee)/Template/Update Employee Information - Special Case - UO (Approve)' successfully]]></system-out>
         <system-err><![CDATA[]]></system-err>
      </testcase>
      <testcase name="Test Cases/Final Aug 2018 - PKS Automation/Registration Module/Workflow/Update Employee Information (Employee)/OTC to UO (Query)" classname="Test Cases/Final Aug 2018 - PKS Automation/Registration Module/Workflow/Update Employee Information (Employee)/OTC to UO (Query)" status="FAILED">
         <failure type="FAILED" message="(Stack trace: com.kms.katalon.core.exception.StepFailedException: Unable to send keys 'C:\Users\Public\Pictures\Sample Pictures\Koala.jpg' to object 'Object Repository/Final Object Repo/Page_Update Employee Information By Employee/Page_Update Employee Information by Employee (Query -OTC -UO)/Uploading File' (Root cause: com.kms.katalon.core.webui.exception.WebElementNotFoundException: Web element with id: 'Object Repository/Final Object Repo/Page_Update Employee Information By Employee/Page_Update Employee Information by Employee (Query -OTC -UO)/Uploading File' located by 'By.xpath: //input[@type = 'file' and @id = '_searchforemployer_WAR_registrationportlet_uploadFile']' not found)
	at com.kms.katalon.core.keyword.internal.KeywordMain.stepFailed(KeywordMain.groovy:32)
	at com.kms.katalon.core.webui.keyword.internal.WebUIKeywordMain.stepFailed(WebUIKeywordMain.groovy:65)
	at com.kms.katalon.core.webui.keyword.internal.WebUIKeywordMain.runKeyword(WebUIKeywordMain.groovy:27)
	at com.kms.katalon.core.webui.keyword.builtin.SendKeysKeyword.sendKeys(SendKeysKeyword.groovy:60)
	at com.kms.katalon.core.webui.keyword.builtin.SendKeysKeyword.execute(SendKeysKeyword.groovy:38)
	at com.kms.katalon.core.keyword.internal.KeywordExecutor.executeKeywordForPlatform(KeywordExecutor.groovy:53)
	at com.kms.katalon.core.webui.keyword.WebUiBuiltInKeywords.sendKeys(WebUiBuiltInKeywords.groovy:834)
	at com.kms.katalon.core.webui.keyword.WebUiBuiltInKeywords$sendKeys$11.call(Unknown Source)
	at org.codehaus.groovy.runtime.callsite.CallSiteArray.defaultCall(CallSiteArray.java:48)
	at org.codehaus.groovy.runtime.callsite.AbstractCallSite.call(AbstractCallSite.java:113)
	at org.codehaus.groovy.runtime.callsite.AbstractCallSite.call(AbstractCallSite.java:133)
	at Script1537850574768.run(Script1537850574768.groovy:96)
	at com.kms.katalon.core.main.ScriptEngine.run(ScriptEngine.java:183)
	at com.kms.katalon.core.main.ScriptEngine.runScriptAsRawText(ScriptEngine.java:108)
	at com.kms.katalon.core.main.TestCaseExecutor.runScript(TestCaseExecutor.java:294)
	at com.kms.katalon.core.main.TestCaseExecutor.doExecute(TestCaseExecutor.java:285)
	at com.kms.katalon.core.main.TestCaseExecutor.processExecutionPhase(TestCaseExecutor.java:264)
	at com.kms.katalon.core.main.TestCaseExecutor.accessMainPhase(TestCaseExecutor.java:256)
	at com.kms.katalon.core.main.TestCaseExecutor.execute(TestCaseExecutor.java:200)
	at com.kms.katalon.core.main.TestCaseMain.runTestCase(TestCaseMain.java:99)
	at com.kms.katalon.core.keyword.builtin.CallTestCaseKeyword$_callTestCase_closure1.doCall(CallTestCaseKeyword.groovy:60)
	at com.kms.katalon.core.keyword.builtin.CallTestCaseKeyword$_callTestCase_closure1.call(CallTestCaseKeyword.groovy)
	at com.kms.katalon.core.keyword.internal.KeywordMain.runKeyword(KeywordMain.groovy:54)
	at com.kms.katalon.core.keyword.builtin.CallTestCaseKeyword.callTestCase(CallTestCaseKeyword.groovy:81)
	at com.kms.katalon.core.keyword.builtin.CallTestCaseKeyword.execute(CallTestCaseKeyword.groovy:45)
	at com.kms.katalon.core.keyword.internal.KeywordExecutor.executeKeywordForPlatform(KeywordExecutor.groovy:53)
	at com.kms.katalon.core.keyword.BuiltinKeywords.callTestCase(BuiltinKeywords.groovy:334)
	at sun.reflect.NativeMethodAccessorImpl.invoke0(Native Method)
	at sun.reflect.NativeMethodAccessorImpl.invoke(NativeMethodAccessorImpl.java:62)
	at sun.reflect.DelegatingMethodAccessorImpl.invoke(DelegatingMethodAccessorImpl.java:43)
	at java.lang.reflect.Method.invoke(Method.java:498)
	at org.codehaus.groovy.reflection.CachedMethod.invoke(CachedMethod.java:93)
	at groovy.lang.MetaMethod.doMethodInvoke(MetaMethod.java:325)
	at groovy.lang.MetaClassImpl.invokeStaticMethod(MetaClassImpl.java:1469)
	at org.codehaus.groovy.runtime.callsite.StaticMetaClassSite.call(StaticMetaClassSite.java:53)
	at org.codehaus.groovy.runtime.callsite.CallSiteArray.defaultCall(CallSiteArray.java:48)
	at org.codehaus.groovy.runtime.callsite.AbstractCallSite.call(AbstractCallSite.java:113)
	at org.codehaus.groovy.runtime.callsite.AbstractCallSite.call(AbstractCallSite.java:141)
	at Script1536216788499.run(Script1536216788499.groovy:25)
	at com.kms.katalon.core.main.ScriptEngine.run(ScriptEngine.java:183)
	at com.kms.katalon.core.main.ScriptEngine.runScriptAsRawText(ScriptEngine.java:108)
	at com.kms.katalon.core.main.TestCaseExecutor.runScript(TestCaseExecutor.java:294)
	at com.kms.katalon.core.main.TestCaseExecutor.doExecute(TestCaseExecutor.java:285)
	at com.kms.katalon.core.main.TestCaseExecutor.processExecutionPhase(TestCaseExecutor.java:264)
	at com.kms.katalon.core.main.TestCaseExecutor.accessMainPhase(TestCaseExecutor.java:256)
	at com.kms.katalon.core.main.TestCaseExecutor.execute(TestCaseExecutor.java:200)
	at com.kms.katalon.core.main.TestSuiteExecutor.accessTestCaseMainPhase(TestSuiteExecutor.java:129)
	at com.kms.katalon.core.main.TestSuiteExecutor.accessTestSuiteMainPhase(TestSuiteExecutor.java:112)
	at com.kms.katalon.core.main.TestSuiteExecutor.execute(TestSuiteExecutor.java:81)
	at com.kms.katalon.core.main.TestCaseMain.startTestSuite(TestCaseMain.java:142)
	at com.kms.katalon.core.main.TestCaseMain$startTestSuite$0.call(Unknown Source)
	at org.codehaus.groovy.runtime.callsite.CallSiteArray.defaultCall(CallSiteArray.java:48)
	at org.codehaus.groovy.runtime.callsite.AbstractCallSite.call(AbstractCallSite.java:113)
	at org.codehaus.groovy.runtime.callsite.AbstractCallSite.call(AbstractCallSite.java:141)
	at TempTestSuite1544083360207.run(TempTestSuite1544083360207.groovy:36)
	at groovy.lang.GroovyShell.runScriptOrMainOrTestOrRunnable(GroovyShell.java:263)
	at groovy.lang.GroovyShell.run(GroovyShell.java:518)
	at groovy.lang.GroovyShell.run(GroovyShell.java:507)
	at groovy.ui.GroovyMain.processOnce(GroovyMain.java:653)
	at groovy.ui.GroovyMain.run(GroovyMain.java:384)
	at groovy.ui.GroovyMain.process(GroovyMain.java:370)
	at groovy.ui.GroovyMain.processArgs(GroovyMain.java:129)
	at groovy.ui.GroovyMain.main(GroovyMain.java:109)
	at sun.reflect.NativeMethodAccessorImpl.invoke0(Native Method)
	at sun.reflect.NativeMethodAccessorImpl.invoke(NativeMethodAccessorImpl.java:62)
	at sun.reflect.DelegatingMethodAccessorImpl.invoke(DelegatingMethodAccessorImpl.java:43)
	at java.lang.reflect.Method.invoke(Method.java:498)
	at org.codehaus.groovy.tools.GroovyStarter.rootLoader(GroovyStarter.java:109)
	at org.codehaus.groovy.tools.GroovyStarter.main(GroovyStarter.java:131)
)"/>
         <system-out><![CDATA[2018-12-06 16:05:42 - [TEST_CASE][FAILED] - Test Cases/Final Aug 2018 - PKS Automation/Registration Module/Workflow/Update Employee Information (Employee)/OTC to UO (Query): Test Cases/Final Aug 2018 - PKS Automation/Registration Module/Workflow/Update Employee Information (Employee)/OTC to UO (Query) FAILED because (of) (Stack trace: com.kms.katalon.core.exception.StepFailedException: Unable to send keys 'C:\Users\Public\Pictures\Sample Pictures\Koala.jpg' to object 'Object Repository/Final Object Repo/Page_Update Employee Information By Employee/Page_Update Employee Information by Employee (Query -OTC -UO)/Uploading File' (Root cause: com.kms.katalon.core.webui.exception.WebElementNotFoundException: Web element with id: 'Object Repository/Final Object Repo/Page_Update Employee Information By Employee/Page_Update Employee Information by Employee (Query -OTC -UO)/Uploading File' located by 'By.xpath: //input[@type = 'file' and @id = '_searchforemployer_WAR_registrationportlet_uploadFile']' not found)
	at com.kms.katalon.core.keyword.internal.KeywordMain.stepFailed(KeywordMain.groovy:32)
	at com.kms.katalon.core.webui.keyword.internal.WebUIKeywordMain.stepFailed(WebUIKeywordMain.groovy:65)
	at com.kms.katalon.core.webui.keyword.internal.WebUIKeywordMain.runKeyword(WebUIKeywordMain.groovy:27)
	at com.kms.katalon.core.webui.keyword.builtin.SendKeysKeyword.sendKeys(SendKeysKeyword.groovy:60)
	at com.kms.katalon.core.webui.keyword.builtin.SendKeysKeyword.execute(SendKeysKeyword.groovy:38)
	at com.kms.katalon.core.keyword.internal.KeywordExecutor.executeKeywordForPlatform(KeywordExecutor.groovy:53)
	at com.kms.katalon.core.webui.keyword.WebUiBuiltInKeywords.sendKeys(WebUiBuiltInKeywords.groovy:834)
	at com.kms.katalon.core.webui.keyword.WebUiBuiltInKeywords$sendKeys$11.call(Unknown Source)
	at org.codehaus.groovy.runtime.callsite.CallSiteArray.defaultCall(CallSiteArray.java:48)
	at org.codehaus.groovy.runtime.callsite.AbstractCallSite.call(AbstractCallSite.java:113)
	at org.codehaus.groovy.runtime.callsite.AbstractCallSite.call(AbstractCallSite.java:133)
	at Script1537850574768.run(Script1537850574768.groovy:96)
	at com.kms.katalon.core.main.ScriptEngine.run(ScriptEngine.java:183)
	at com.kms.katalon.core.main.ScriptEngine.runScriptAsRawText(ScriptEngine.java:108)
	at com.kms.katalon.core.main.TestCaseExecutor.runScript(TestCaseExecutor.java:294)
	at com.kms.katalon.core.main.TestCaseExecutor.doExecute(TestCaseExecutor.java:285)
	at com.kms.katalon.core.main.TestCaseExecutor.processExecutionPhase(TestCaseExecutor.java:264)
	at com.kms.katalon.core.main.TestCaseExecutor.accessMainPhase(TestCaseExecutor.java:256)
	at com.kms.katalon.core.main.TestCaseExecutor.execute(TestCaseExecutor.java:200)
	at com.kms.katalon.core.main.TestCaseMain.runTestCase(TestCaseMain.java:99)
	at com.kms.katalon.core.keyword.builtin.CallTestCaseKeyword$_callTestCase_closure1.doCall(CallTestCaseKeyword.groovy:60)
	at com.kms.katalon.core.keyword.builtin.CallTestCaseKeyword$_callTestCase_closure1.call(CallTestCaseKeyword.groovy)
	at com.kms.katalon.core.keyword.internal.KeywordMain.runKeyword(KeywordMain.groovy:54)
	at com.kms.katalon.core.keyword.builtin.CallTestCaseKeyword.callTestCase(CallTestCaseKeyword.groovy:81)
	at com.kms.katalon.core.keyword.builtin.CallTestCaseKeyword.execute(CallTestCaseKeyword.groovy:45)
	at com.kms.katalon.core.keyword.internal.KeywordExecutor.executeKeywordForPlatform(KeywordExecutor.groovy:53)
	at com.kms.katalon.core.keyword.BuiltinKeywords.callTestCase(BuiltinKeywords.groovy:334)
	at sun.reflect.NativeMethodAccessorImpl.invoke0(Native Method)
	at sun.reflect.NativeMethodAccessorImpl.invoke(NativeMethodAccessorImpl.java:62)
	at sun.reflect.DelegatingMethodAccessorImpl.invoke(DelegatingMethodAccessorImpl.java:43)
	at java.lang.reflect.Method.invoke(Method.java:498)
	at org.codehaus.groovy.reflection.CachedMethod.invoke(CachedMethod.java:93)
	at groovy.lang.MetaMethod.doMethodInvoke(MetaMethod.java:325)
	at groovy.lang.MetaClassImpl.invokeStaticMethod(MetaClassImpl.java:1469)
	at org.codehaus.groovy.runtime.callsite.StaticMetaClassSite.call(StaticMetaClassSite.java:53)
	at org.codehaus.groovy.runtime.callsite.CallSiteArray.defaultCall(CallSiteArray.java:48)
	at org.codehaus.groovy.runtime.callsite.AbstractCallSite.call(AbstractCallSite.java:113)
	at org.codehaus.groovy.runtime.callsite.AbstractCallSite.call(AbstractCallSite.java:141)
	at Script1536216788499.run(Script1536216788499.groovy:25)
	at com.kms.katalon.core.main.ScriptEngine.run(ScriptEngine.java:183)
	at com.kms.katalon.core.main.ScriptEngine.runScriptAsRawText(ScriptEngine.java:108)
	at com.kms.katalon.core.main.TestCaseExecutor.runScript(TestCaseExecutor.java:294)
	at com.kms.katalon.core.main.TestCaseExecutor.doExecute(TestCaseExecutor.java:285)
	at com.kms.katalon.core.main.TestCaseExecutor.processExecutionPhase(TestCaseExecutor.java:264)
	at com.kms.katalon.core.main.TestCaseExecutor.accessMainPhase(TestCaseExecutor.java:256)
	at com.kms.katalon.core.main.TestCaseExecutor.execute(TestCaseExecutor.java:200)
	at com.kms.katalon.core.main.TestSuiteExecutor.accessTestCaseMainPhase(TestSuiteExecutor.java:129)
	at com.kms.katalon.core.main.TestSuiteExecutor.accessTestSuiteMainPhase(TestSuiteExecutor.java:112)
	at com.kms.katalon.core.main.TestSuiteExecutor.execute(TestSuiteExecutor.java:81)
	at com.kms.katalon.core.main.TestCaseMain.startTestSuite(TestCaseMain.java:142)
	at com.kms.katalon.core.main.TestCaseMain$startTestSuite$0.call(Unknown Source)
	at org.codehaus.groovy.runtime.callsite.CallSiteArray.defaultCall(CallSiteArray.java:48)
	at org.codehaus.groovy.runtime.callsite.AbstractCallSite.call(AbstractCallSite.java:113)
	at org.codehaus.groovy.runtime.callsite.AbstractCallSite.call(AbstractCallSite.java:141)
	at TempTestSuite1544083360207.run(TempTestSuite1544083360207.groovy:36)
	at groovy.lang.GroovyShell.runScriptOrMainOrTestOrRunnable(GroovyShell.java:263)
	at groovy.lang.GroovyShell.run(GroovyShell.java:518)
	at groovy.lang.GroovyShell.run(GroovyShell.java:507)
	at groovy.ui.GroovyMain.processOnce(GroovyMain.java:653)
	at groovy.ui.GroovyMain.run(GroovyMain.java:384)
	at groovy.ui.GroovyMain.process(GroovyMain.java:370)
	at groovy.ui.GroovyMain.processArgs(GroovyMain.java:129)
	at groovy.ui.GroovyMain.main(GroovyMain.java:109)
	at sun.reflect.NativeMethodAccessorImpl.invoke0(Native Method)
	at sun.reflect.NativeMethodAccessorImpl.invoke(NativeMethodAccessorImpl.java:62)
	at sun.reflect.DelegatingMethodAccessorImpl.invoke(DelegatingMethodAccessorImpl.java:43)
	at java.lang.reflect.Method.invoke(Method.java:498)
	at org.codehaus.groovy.tools.GroovyStarter.rootLoader(GroovyStarter.java:109)
	at org.codehaus.groovy.tools.GroovyStarter.main(GroovyStarter.java:131)
)

2018-12-06 16:05:42 - [TEST_STEP][PASSED] - callTestCase: Call Test Case 'Test Cases/Final Aug 2018 - PKS Automation/Registration Module/Workflow/Update Employee Information (Employee)/Template/Update Employee Information - Special Case (OTC)' successfully

2018-12-06 16:05:42 - [TEST_CASE][PASSED] - Test Cases/Final Aug 2018 - PKS Automation/Registration Module/Workflow/Update Employee Information (Employee)/Template/Update Employee Information - Special Case (OTC): Test Cases/Final Aug 2018 - PKS Automation/Registration Module/Workflow/Update Employee Information (Employee)/Template/Update Employee Information - Special Case (OTC)

2018-12-06 16:05:42 - [TEST_STEP][PASSED] - openBrowser: Browser is opened with url: ''

2018-12-06 16:05:42 - [MESSAGE][WARNING] - A browser is already opened. Closing browser and opening a new one

2018-12-06 16:05:45 - [MESSAGE][PASSED] - Browser is opened with url: ''

2018-12-06 16:05:45 - [TEST_STEP][PASSED] - navigateToUrl: Navigate to 'https://assist2-uat.perkeso.gov.my/login' successfully

2018-12-06 16:05:46 - [MESSAGE][PASSED] - Navigate to 'https://assist2-uat.perkeso.gov.my/login' successfully

2018-12-06 16:05:46 - [TEST_STEP][PASSED] - setText: Text 'johorotc1@gmail.com' is set on object 'Object Repository/Final Object Repo/Login Page/Internal User/Email Address'

2018-12-06 16:05:46 - [MESSAGE][PASSED] - Text 'johorotc1@gmail.com' is set on object 'Object Repository/Final Object Repo/Login Page/Internal User/Email Address'

2018-12-06 16:05:46 - [TEST_STEP][PASSED] - click: Object: 'Object Repository/Final Object Repo/Login Page/Internal User/Next Button' is clicked on

2018-12-06 16:05:47 - [MESSAGE][PASSED] - Object: 'Object Repository/Final Object Repo/Login Page/Internal User/Next Button' is clicked on

2018-12-06 16:05:47 - [TEST_STEP][PASSED] - delay: Delayed 1 second(s)

2018-12-06 16:05:48 - [MESSAGE][PASSED] - Delayed 1 second(s)

2018-12-06 16:05:48 - [TEST_STEP][PASSED] - setEncryptedText: Text ****** has been set on object 'Object Repository/Final Object Repo/Login Page/Internal User/Password'

2018-12-06 16:05:48 - [MESSAGE][PASSED] - Text ****** has been set on object 'Object Repository/Final Object Repo/Login Page/Internal User/Password'

2018-12-06 16:05:48 - [TEST_STEP][PASSED] - click: Object: 'Object Repository/Final Object Repo/Login Page/Internal User/Login Button' is clicked on

2018-12-06 16:05:48 - [MESSAGE][PASSED] - Object: 'Object Repository/Final Object Repo/Login Page/Internal User/Login Button' is clicked on

2018-12-06 16:05:48 - [TEST_STEP][PASSED] - Statement - tester = com.kms.katalon.core.testobject.ObjectRepository.findTestObject(Final Object Repo/Landing Page/Select to English): Finding Test Object with id 'Object Repository/Final Object Repo/Landing Page/Select to English'

2018-12-06 16:05:48 - [TEST_STEP][PASSED] - Statement - Try: Delayed 2 second(s)

2018-12-06 16:05:48 - [TEST_STEP][PASSED] - Statement - Checker = com.kms.katalon.core.webui.keyword.WebUiBuiltInKeywords.verifyElementNotPresent(tester, 3): Web element with id: 'Object Repository/Final Object Repo/Landing Page/Select to English' located by 'By.xpath: //a[@class = 'taglib-language-list-text' and @lang = 'en-US' and (contains(text(), 'EN') or contains(., 'EN'))]' is not present after '3' second(s)

2018-12-06 16:05:50 - [MESSAGE][PASSED] - Web element with id: 'Object Repository/Final Object Repo/Landing Page/Select to English' located by 'By.xpath: //a[@class = 'taglib-language-list-text' and @lang = 'en-US' and (contains(text(), 'EN') or contains(., 'EN'))]' is not present after '3' second(s)

2018-12-06 16:05:50 - [TEST_STEP][PASSED] - Statement - If (Checker == false): null

2018-12-06 16:05:50 - [TEST_STEP][PASSED] - delay: Delayed 2 second(s)

2018-12-06 16:05:52 - [MESSAGE][PASSED] - Delayed 2 second(s)

2018-12-06 16:05:52 - [TEST_STEP][PASSED] - delay: Delayed 5 second(s)

2018-12-06 16:05:57 - [MESSAGE][PASSED] - Delayed 5 second(s)

2018-12-06 16:05:57 - [TEST_STEP][PASSED] - navigateToUrl: Navigate to 'https://assist2-uat.perkeso.gov.my/web/registration/update/update-employee-information-employee-' successfully

2018-12-06 16:05:58 - [MESSAGE][PASSED] - Navigate to 'https://assist2-uat.perkeso.gov.my/web/registration/update/update-employee-information-employee-' successfully

2018-12-06 16:05:58 - [TEST_STEP][PASSED] - click: Object: 'Object Repository/Final Object Repo/Page_Update Employee Information By Employee/Type of Identification' is clicked on

2018-12-06 16:05:58 - [MESSAGE][PASSED] - Object: 'Object Repository/Final Object Repo/Page_Update Employee Information By Employee/Type of Identification' is clicked on

2018-12-06 16:05:58 - [TEST_STEP][PASSED] - click: Object: 'Object Repository/Final Object Repo/Page Update Employee Information By Employee/Type of Identification - Name' is clicked on

2018-12-06 16:05:58 - [MESSAGE][PASSED] - Object: 'Object Repository/Final Object Repo/Page Update Employee Information By Employee/Type of Identification - Name' is clicked on

2018-12-06 16:05:58 - [TEST_STEP][PASSED] - setText: Text 'YUKI JR B' is set on object 'Object Repository/Final Object Repo/Page_Update Employee Information By Employee/New Identification'

2018-12-06 16:05:59 - [MESSAGE][PASSED] - Text 'YUKI JR B' is set on object 'Object Repository/Final Object Repo/Page_Update Employee Information By Employee/New Identification'

2018-12-06 16:05:59 - [TEST_STEP][PASSED] - click: Object: 'Object Repository/Final Object Repo/Page_Update Employee Information By Employee/Search Button' is clicked on

2018-12-06 16:05:59 - [MESSAGE][PASSED] - Object: 'Object Repository/Final Object Repo/Page_Update Employee Information By Employee/Search Button' is clicked on

2018-12-06 16:05:59 - [TEST_STEP][PASSED] - click: Object: 'Object Repository/Final Object Repo/Page_Update Employee Information By Employee/Edit Button' is clicked on

2018-12-06 16:06:02 - [MESSAGE][PASSED] - Object: 'Object Repository/Final Object Repo/Page_Update Employee Information By Employee/Edit Button' is clicked on

2018-12-06 16:06:02 - [TEST_STEP][PASSED] - delay: Delayed 2 second(s)

2018-12-06 16:06:04 - [MESSAGE][PASSED] - Delayed 2 second(s)

2018-12-06 16:06:04 - [TEST_STEP][PASSED] - click: Object: 'Object Repository/Final Object Repo/Page_Update Employee Information By Employee/Employee Information Edit Button' is clicked on

2018-12-06 16:06:05 - [MESSAGE][PASSED] - Object: 'Object Repository/Final Object Repo/Page_Update Employee Information By Employee/Employee Information Edit Button' is clicked on

2018-12-06 16:06:05 - [TEST_STEP][PASSED] - delay: Delayed 2 second(s)

2018-12-06 16:06:07 - [MESSAGE][PASSED] - Delayed 2 second(s)

2018-12-06 16:06:07 - [TEST_STEP][PASSED] - click: Object: 'Object Repository/Final Object Repo/Page_Update Employee Information By Employee/New Identification Number' is clicked on

2018-12-06 16:06:07 - [MESSAGE][PASSED] - Object: 'Object Repository/Final Object Repo/Page_Update Employee Information By Employee/New Identification Number' is clicked on

2018-12-06 16:06:07 - [TEST_STEP][PASSED] - setText: Text '' is set on object 'Object Repository/Final Object Repo/Page_Update Employee Information By Employee/New Identification Number'

2018-12-06 16:06:07 - [MESSAGE][PASSED] - Text '' is set on object 'Object Repository/Final Object Repo/Page_Update Employee Information By Employee/New Identification Number'

2018-12-06 16:06:07 - [TEST_STEP][PASSED] - Statement - rnd = new java.util.Random(): null

2018-12-06 16:06:07 - [TEST_STEP][PASSED] - Statement - snum = rnd.nextInt(899999 + 1) + 100000: null

2018-12-06 16:06:07 - [TEST_STEP][PASSED] - Statement - tnum = rnd.nextInt(899999 + 1) + 100000: null

2018-12-06 16:06:07 - [TEST_STEP][PASSED] - Statement - IC = java.lang.Integer.toString(snum) + java.lang.Integer.toString(tnum): null

2018-12-06 16:06:07 - [TEST_STEP][PASSED] - Statement - out.println(IC): null

2018-12-06 16:06:07 - [TEST_STEP][PASSED] - setText: Text '821884912416' is set on object 'Object Repository/Final Object Repo/Page_Update Employee Information By Employee/New Identification Number'

2018-12-06 16:06:08 - [MESSAGE][PASSED] - Text '821884912416' is set on object 'Object Repository/Final Object Repo/Page_Update Employee Information By Employee/New Identification Number'

2018-12-06 16:06:08 - [TEST_STEP][PASSED] - delay: Delayed 2 second(s)

2018-12-06 16:06:10 - [MESSAGE][PASSED] - Delayed 2 second(s)

2018-12-06 16:06:10 - [TEST_STEP][PASSED] - click: Object: 'Object Repository/Final Object Repo/Page_Update Employee Information By Employee/Save' is clicked on

2018-12-06 16:06:10 - [MESSAGE][PASSED] - Object: 'Object Repository/Final Object Repo/Page_Update Employee Information By Employee/Save' is clicked on

2018-12-06 16:06:10 - [TEST_STEP][PASSED] - delay: Delayed 10 second(s)

2018-12-06 16:06:20 - [MESSAGE][PASSED] - Delayed 10 second(s)

2018-12-06 16:06:20 - [TEST_STEP][PASSED] - click: Object: 'Object Repository/Final Object Repo/Page_Update Employee Information By Employee/Save  Continue in Update Employee Information' is clicked on

2018-12-06 16:06:20 - [MESSAGE][PASSED] - Object: 'Object Repository/Final Object Repo/Page_Update Employee Information By Employee/Save  Continue in Update Employee Information' is clicked on

2018-12-06 16:06:20 - [TEST_STEP][PASSED] - delay: Delayed 2 second(s)

2018-12-06 16:06:22 - [MESSAGE][PASSED] - Delayed 2 second(s)

2018-12-06 16:06:22 - [TEST_STEP][PASSED] - click: Object: 'Object Repository/Final Object Repo/Page_Update Employee Information By Employee/Save  Continue in Uploading Page' is clicked on

2018-12-06 16:06:23 - [MESSAGE][PASSED] - Object: 'Object Repository/Final Object Repo/Page_Update Employee Information By Employee/Save  Continue in Uploading Page' is clicked on

2018-12-06 16:06:23 - [TEST_STEP][PASSED] - delay: Delayed 2 second(s)

2018-12-06 16:06:25 - [MESSAGE][PASSED] - Delayed 2 second(s)

2018-12-06 16:06:25 - [TEST_STEP][PASSED] - Statement - CaseReferenceNo = com.kms.katalon.core.webui.keyword.WebUiBuiltInKeywords.getText(com.kms.katalon.core.testobject.ObjectRepository.findTestObject(Final Object Repo/Page_Update Employer Information/Reference Number in Update Employee Information Page)): Text of object 'Object Repository/Final Object Repo/Page_Update Employer Information/Reference Number in Update Employee Information Page' is: 'CUN122018C100005837'

2018-12-06 16:06:27 - [MESSAGE][PASSED] - Text of object 'Object Repository/Final Object Repo/Page_Update Employer Information/Reference Number in Update Employee Information Page' is: 'CUN122018C100005837'

2018-12-06 16:06:27 - [TEST_STEP][PASSED] - callTestCase: Call Test Case 'Test Cases/Final Aug 2018 - PKS Automation/Common/Reference Number Setter' successfully

2018-12-06 16:06:27 - [TEST_CASE][PASSED] - Test Cases/Final Aug 2018 - PKS Automation/Common/Reference Number Setter: Test Cases/Final Aug 2018 - PKS Automation/Common/Reference Number Setter

2018-12-06 16:06:27 - [TEST_STEP][PASSED] - Statement - RefNoOldFile = new java.io.File(C://Users//Admin//Desktop//PKS//Automation Reference Point//KatalonReference.txt): null

2018-12-06 16:06:27 - [TEST_STEP][PASSED] - Statement - RefNoOldFile.delete(): null

2018-12-06 16:06:27 - [TEST_STEP][PASSED] - delay: Delayed 5 second(s)

2018-12-06 16:06:32 - [MESSAGE][PASSED] - Delayed 5 second(s)

2018-12-06 16:06:32 - [TEST_STEP][PASSED] - Statement - RefNo = new java.io.File(C://Users//Admin//Desktop//PKS//Automation Reference Point//KatalonReference.txt): null

2018-12-06 16:06:32 - [TEST_STEP][PASSED] - Statement - f2 = new java.io.FileWriter(RefNo, false): null

2018-12-06 16:06:32 - [TEST_STEP][PASSED] - Statement - f2.write(CaseReferenceNo): null

2018-12-06 16:06:32 - [TEST_STEP][PASSED] - Statement - f2.close(): null

2018-12-06 16:06:32 - [TEST_STEP][PASSED] - Statement - out.println("


" + CaseReferenceNo + "


"): null

2018-12-06 16:06:32 - [MESSAGE][PASSED] - Call Test Case 'Test Cases/Final Aug 2018 - PKS Automation/Common/Reference Number Setter' successfully

2018-12-06 16:06:32 - [TEST_STEP][PASSED] - delay: Delayed 2 second(s)

2018-12-06 16:06:34 - [MESSAGE][PASSED] - Delayed 2 second(s)

2018-12-06 16:06:34 - [TEST_STEP][PASSED] - click: Object: 'Object Repository/Final Object Repo/Page_Update Employee Information By Employee/Submit' is clicked on

2018-12-06 16:06:34 - [MESSAGE][PASSED] - Object: 'Object Repository/Final Object Repo/Page_Update Employee Information By Employee/Submit' is clicked on

2018-12-06 16:06:34 - [TEST_STEP][PASSED] - delay: Delayed 2 second(s)

2018-12-06 16:06:36 - [MESSAGE][PASSED] - Delayed 2 second(s)

2018-12-06 16:06:36 - [TEST_STEP][PASSED] - click: Object: 'Object Repository/Final Object Repo/Page_Update Employee Information By Employee/Confirm Button' is clicked on

2018-12-06 16:06:36 - [MESSAGE][PASSED] - Object: 'Object Repository/Final Object Repo/Page_Update Employee Information By Employee/Confirm Button' is clicked on

2018-12-06 16:06:36 - [TEST_STEP][PASSED] - delay: Delayed 2 second(s)

2018-12-06 16:06:38 - [MESSAGE][PASSED] - Delayed 2 second(s)

2018-12-06 16:06:38 - [TEST_STEP][PASSED] - click: Object: 'Object Repository/Final Object Repo/Page_Update Employee Information By Employee/Successful Message Routed to UO' is clicked on

2018-12-06 16:06:40 - [MESSAGE][PASSED] - Object: 'Object Repository/Final Object Repo/Page_Update Employee Information By Employee/Successful Message Routed to UO' is clicked on

2018-12-06 16:06:40 - [MESSAGE][PASSED] - Call Test Case 'Test Cases/Final Aug 2018 - PKS Automation/Registration Module/Workflow/Update Employee Information (Employee)/Template/Update Employee Information - Special Case (OTC)' successfully

2018-12-06 16:06:40 - [TEST_STEP][FAILED] - callTestCase: Unable to call Test Case with id 'Test Cases/Final Aug 2018 - PKS Automation/Registration Module/Workflow/Update Employee Information (Employee)/Template/Update Employee Information - Special Case - UO (Query)' (Root cause: Call Test Case 'Test Cases/Final Aug 2018 - PKS Automation/Registration Module/Workflow/Update Employee Information (Employee)/Template/Update Employee Information - Special Case - UO (Query)' failed)

2018-12-06 16:06:40 - [TEST_CASE][FAILED] - Test Cases/Final Aug 2018 - PKS Automation/Registration Module/Workflow/Update Employee Information (Employee)/Template/Update Employee Information - Special Case - UO (Query): Test Cases/Final Aug 2018 - PKS Automation/Registration Module/Workflow/Update Employee Information (Employee)/Template/Update Employee Information - Special Case - UO (Query) FAILED because (of) (Stack trace: com.kms.katalon.core.exception.StepFailedException: Unable to send keys 'C:\Users\Public\Pictures\Sample Pictures\Koala.jpg' to object 'Object Repository/Final Object Repo/Page_Update Employee Information By Employee/Page_Update Employee Information by Employee (Query -OTC -UO)/Uploading File' (Root cause: com.kms.katalon.core.webui.exception.WebElementNotFoundException: Web element with id: 'Object Repository/Final Object Repo/Page_Update Employee Information By Employee/Page_Update Employee Information by Employee (Query -OTC -UO)/Uploading File' located by 'By.xpath: //input[@type = 'file' and @id = '_searchforemployer_WAR_registrationportlet_uploadFile']' not found)
	at com.kms.katalon.core.keyword.internal.KeywordMain.stepFailed(KeywordMain.groovy:32)
	at com.kms.katalon.core.webui.keyword.internal.WebUIKeywordMain.stepFailed(WebUIKeywordMain.groovy:65)
	at com.kms.katalon.core.webui.keyword.internal.WebUIKeywordMain.runKeyword(WebUIKeywordMain.groovy:27)
	at com.kms.katalon.core.webui.keyword.builtin.SendKeysKeyword.sendKeys(SendKeysKeyword.groovy:60)
	at com.kms.katalon.core.webui.keyword.builtin.SendKeysKeyword.execute(SendKeysKeyword.groovy:38)
	at com.kms.katalon.core.keyword.internal.KeywordExecutor.executeKeywordForPlatform(KeywordExecutor.groovy:53)
	at com.kms.katalon.core.webui.keyword.WebUiBuiltInKeywords.sendKeys(WebUiBuiltInKeywords.groovy:834)
	at com.kms.katalon.core.webui.keyword.WebUiBuiltInKeywords$sendKeys$11.call(Unknown Source)
	at org.codehaus.groovy.runtime.callsite.CallSiteArray.defaultCall(CallSiteArray.java:48)
	at org.codehaus.groovy.runtime.callsite.AbstractCallSite.call(AbstractCallSite.java:113)
	at org.codehaus.groovy.runtime.callsite.AbstractCallSite.call(AbstractCallSite.java:133)
	at Script1537850574768.run(Script1537850574768.groovy:96)
	at com.kms.katalon.core.main.ScriptEngine.run(ScriptEngine.java:183)
	at com.kms.katalon.core.main.ScriptEngine.runScriptAsRawText(ScriptEngine.java:108)
	at com.kms.katalon.core.main.TestCaseExecutor.runScript(TestCaseExecutor.java:294)
	at com.kms.katalon.core.main.TestCaseExecutor.doExecute(TestCaseExecutor.java:285)
	at com.kms.katalon.core.main.TestCaseExecutor.processExecutionPhase(TestCaseExecutor.java:264)
	at com.kms.katalon.core.main.TestCaseExecutor.accessMainPhase(TestCaseExecutor.java:256)
	at com.kms.katalon.core.main.TestCaseExecutor.execute(TestCaseExecutor.java:200)
	at com.kms.katalon.core.main.TestCaseMain.runTestCase(TestCaseMain.java:99)
	at com.kms.katalon.core.keyword.builtin.CallTestCaseKeyword$_callTestCase_closure1.doCall(CallTestCaseKeyword.groovy:60)
	at com.kms.katalon.core.keyword.builtin.CallTestCaseKeyword$_callTestCase_closure1.call(CallTestCaseKeyword.groovy)
	at com.kms.katalon.core.keyword.internal.KeywordMain.runKeyword(KeywordMain.groovy:54)
	at com.kms.katalon.core.keyword.builtin.CallTestCaseKeyword.callTestCase(CallTestCaseKeyword.groovy:81)
	at com.kms.katalon.core.keyword.builtin.CallTestCaseKeyword.execute(CallTestCaseKeyword.groovy:45)
	at com.kms.katalon.core.keyword.internal.KeywordExecutor.executeKeywordForPlatform(KeywordExecutor.groovy:53)
	at com.kms.katalon.core.keyword.BuiltinKeywords.callTestCase(BuiltinKeywords.groovy:334)
	at sun.reflect.NativeMethodAccessorImpl.invoke0(Native Method)
	at sun.reflect.NativeMethodAccessorImpl.invoke(NativeMethodAccessorImpl.java:62)
	at sun.reflect.DelegatingMethodAccessorImpl.invoke(DelegatingMethodAccessorImpl.java:43)
	at java.lang.reflect.Method.invoke(Method.java:498)
	at org.codehaus.groovy.reflection.CachedMethod.invoke(CachedMethod.java:93)
	at groovy.lang.MetaMethod.doMethodInvoke(MetaMethod.java:325)
	at groovy.lang.MetaClassImpl.invokeStaticMethod(MetaClassImpl.java:1469)
	at org.codehaus.groovy.runtime.callsite.StaticMetaClassSite.call(StaticMetaClassSite.java:53)
	at org.codehaus.groovy.runtime.callsite.CallSiteArray.defaultCall(CallSiteArray.java:48)
	at org.codehaus.groovy.runtime.callsite.AbstractCallSite.call(AbstractCallSite.java:113)
	at org.codehaus.groovy.runtime.callsite.AbstractCallSite.call(AbstractCallSite.java:141)
	at Script1536216788499.run(Script1536216788499.groovy:25)
	at com.kms.katalon.core.main.ScriptEngine.run(ScriptEngine.java:183)
	at com.kms.katalon.core.main.ScriptEngine.runScriptAsRawText(ScriptEngine.java:108)
	at com.kms.katalon.core.main.TestCaseExecutor.runScript(TestCaseExecutor.java:294)
	at com.kms.katalon.core.main.TestCaseExecutor.doExecute(TestCaseExecutor.java:285)
	at com.kms.katalon.core.main.TestCaseExecutor.processExecutionPhase(TestCaseExecutor.java:264)
	at com.kms.katalon.core.main.TestCaseExecutor.accessMainPhase(TestCaseExecutor.java:256)
	at com.kms.katalon.core.main.TestCaseExecutor.execute(TestCaseExecutor.java:200)
	at com.kms.katalon.core.main.TestSuiteExecutor.accessTestCaseMainPhase(TestSuiteExecutor.java:129)
	at com.kms.katalon.core.main.TestSuiteExecutor.accessTestSuiteMainPhase(TestSuiteExecutor.java:112)
	at com.kms.katalon.core.main.TestSuiteExecutor.execute(TestSuiteExecutor.java:81)
	at com.kms.katalon.core.main.TestCaseMain.startTestSuite(TestCaseMain.java:142)
	at com.kms.katalon.core.main.TestCaseMain$startTestSuite$0.call(Unknown Source)
	at org.codehaus.groovy.runtime.callsite.CallSiteArray.defaultCall(CallSiteArray.java:48)
	at org.codehaus.groovy.runtime.callsite.AbstractCallSite.call(AbstractCallSite.java:113)
	at org.codehaus.groovy.runtime.callsite.AbstractCallSite.call(AbstractCallSite.java:141)
	at TempTestSuite1544083360207.run(TempTestSuite1544083360207.groovy:36)
	at groovy.lang.GroovyShell.runScriptOrMainOrTestOrRunnable(GroovyShell.java:263)
	at groovy.lang.GroovyShell.run(GroovyShell.java:518)
	at groovy.lang.GroovyShell.run(GroovyShell.java:507)
	at groovy.ui.GroovyMain.processOnce(GroovyMain.java:653)
	at groovy.ui.GroovyMain.run(GroovyMain.java:384)
	at groovy.ui.GroovyMain.process(GroovyMain.java:370)
	at groovy.ui.GroovyMain.processArgs(GroovyMain.java:129)
	at groovy.ui.GroovyMain.main(GroovyMain.java:109)
	at sun.reflect.NativeMethodAccessorImpl.invoke0(Native Method)
	at sun.reflect.NativeMethodAccessorImpl.invoke(NativeMethodAccessorImpl.java:62)
	at sun.reflect.DelegatingMethodAccessorImpl.invoke(DelegatingMethodAccessorImpl.java:43)
	at java.lang.reflect.Method.invoke(Method.java:498)
	at org.codehaus.groovy.tools.GroovyStarter.rootLoader(GroovyStarter.java:109)
	at org.codehaus.groovy.tools.GroovyStarter.main(GroovyStarter.java:131)
)

2018-12-06 16:06:40 - [TEST_STEP][NOT_RUN] - callTestCase: NOT_RUN: callTestCase

2018-12-06 16:06:40 - [MESSAGE][NOT_RUN] - NOT_RUN: callTestCase

2018-12-06 16:06:40 - [TEST_STEP][PASSED] - delay: Delayed 2 second(s)

2018-12-06 16:06:42 - [MESSAGE][PASSED] - Delayed 2 second(s)

2018-12-06 16:06:42 - [TEST_STEP][PASSED] - navigateToUrl: Navigate to 'https://assist2-uat.perkeso.gov.my/c/portal/logout' successfully

2018-12-06 16:06:43 - [MESSAGE][PASSED] - Navigate to 'https://assist2-uat.perkeso.gov.my/c/portal/logout' successfully

2018-12-06 16:06:43 - [TEST_STEP][PASSED] - delay: Delayed 2 second(s)

2018-12-06 16:06:45 - [MESSAGE][PASSED] - Delayed 2 second(s)

2018-12-06 16:06:45 - [TEST_STEP][PASSED] - callTestCase: Call Test Case 'Test Cases/Final Aug 2018 - PKS Automation/Common/Reference Number Getter' successfully

2018-12-06 16:06:45 - [TEST_CASE][PASSED] - Test Cases/Final Aug 2018 - PKS Automation/Common/Reference Number Getter: Test Cases/Final Aug 2018 - PKS Automation/Common/Reference Number Getter

2018-12-06 16:06:45 - [TEST_STEP][PASSED] - Statement - Try: null

2018-12-06 16:06:45 - [TEST_STEP][PASSED] - Statement - RefNo = new java.io.File(C://Users//Admin//Desktop//PKS//Automation Reference Point//KatalonReference.txt): null

2018-12-06 16:06:45 - [TEST_STEP][PASSED] - Statement - bufferread = new java.io.BufferedReader(new java.io.FileReader(RefNo)): null

2018-12-06 16:06:45 - [TEST_STEP][PASSED] - Statement - readedVal = bufferread.readLine(): null

2018-12-06 16:06:45 - [TEST_STEP][PASSED] - Statement - out.println(CaseReferenceNo): null

2018-12-06 16:06:45 - [TEST_STEP][PASSED] - Statement - out.println(readedVal): null

2018-12-06 16:06:45 - [TEST_STEP][PASSED] - Statement - CaseReferenceNo = "": null

2018-12-06 16:06:45 - [TEST_STEP][PASSED] - Statement - CaseReferenceNo = readedVal: null

2018-12-06 16:06:45 - [MESSAGE][PASSED] - Call Test Case 'Test Cases/Final Aug 2018 - PKS Automation/Common/Reference Number Getter' successfully

2018-12-06 16:06:45 - [TEST_STEP][PASSED] - callTestCase: Call Test Case 'Test Cases/Final Aug 2018 - PKS Automation/Common/Workflow Owner Finder' successfully

2018-12-06 16:06:45 - [TEST_CASE][PASSED] - Test Cases/Final Aug 2018 - PKS Automation/Common/Workflow Owner Finder: Test Cases/Final Aug 2018 - PKS Automation/Common/Workflow Owner Finder

2018-12-06 16:06:45 - [TEST_STEP][PASSED] - openBrowser: Browser is opened with url: ''

2018-12-06 16:06:45 - [MESSAGE][WARNING] - A browser is already opened. Closing browser and opening a new one

2018-12-06 16:06:48 - [MESSAGE][PASSED] - Browser is opened with url: ''

2018-12-06 16:06:48 - [TEST_STEP][PASSED] - navigateToUrl: Navigate to 'https://assist2-uat.perkeso.gov.my/login' successfully

2018-12-06 16:06:49 - [MESSAGE][PASSED] - Navigate to 'https://assist2-uat.perkeso.gov.my/login' successfully

2018-12-06 16:06:49 - [TEST_STEP][PASSED] - delay: Delayed 5 second(s)

2018-12-06 16:06:54 - [MESSAGE][PASSED] - Delayed 5 second(s)

2018-12-06 16:06:54 - [TEST_STEP][PASSED] - setText: Text 'test@liferay.com' is set on object 'Object Repository/Final Object Repo/Login Page/Internal User/Email Address'

2018-12-06 16:06:54 - [MESSAGE][PASSED] - Text 'test@liferay.com' is set on object 'Object Repository/Final Object Repo/Login Page/Internal User/Email Address'

2018-12-06 16:06:54 - [TEST_STEP][PASSED] - click: Object: 'Object Repository/Final Object Repo/Login Page/Internal User/Next Button' is clicked on

2018-12-06 16:06:54 - [MESSAGE][PASSED] - Object: 'Object Repository/Final Object Repo/Login Page/Internal User/Next Button' is clicked on

2018-12-06 16:06:54 - [TEST_STEP][PASSED] - delay: Delayed 2 second(s)

2018-12-06 16:06:56 - [MESSAGE][PASSED] - Delayed 2 second(s)

2018-12-06 16:06:56 - [TEST_STEP][PASSED] - setText: Text 'test' is set on object 'Object Repository/Final Object Repo/Login Page/Internal User/Password'

2018-12-06 16:06:57 - [MESSAGE][PASSED] - Text 'test' is set on object 'Object Repository/Final Object Repo/Login Page/Internal User/Password'

2018-12-06 16:06:57 - [TEST_STEP][PASSED] - delay: Delayed 2 second(s)

2018-12-06 16:06:59 - [MESSAGE][PASSED] - Delayed 2 second(s)

2018-12-06 16:06:59 - [TEST_STEP][PASSED] - click: Object: 'Object Repository/Final Object Repo/Login Page/Internal User/Login Button' is clicked on

2018-12-06 16:06:59 - [MESSAGE][PASSED] - Object: 'Object Repository/Final Object Repo/Login Page/Internal User/Login Button' is clicked on

2018-12-06 16:06:59 - [TEST_STEP][PASSED] - Statement - tester = com.kms.katalon.core.testobject.ObjectRepository.findTestObject(Final Object Repo/Landing Page/Select to English): Finding Test Object with id 'Object Repository/Final Object Repo/Landing Page/Select to English'

2018-12-06 16:06:59 - [TEST_STEP][PASSED] - Statement - Try: Delayed 2 second(s)

2018-12-06 16:06:59 - [TEST_STEP][PASSED] - Statement - Checker = com.kms.katalon.core.webui.keyword.WebUiBuiltInKeywords.verifyElementNotPresent(tester, 3): Web element with id: 'Object Repository/Final Object Repo/Landing Page/Select to English' located by 'By.xpath: //a[@class = 'taglib-language-list-text' and @lang = 'en-US' and (contains(text(), 'EN') or contains(., 'EN'))]' is not present after '3' second(s)

2018-12-06 16:07:01 - [MESSAGE][PASSED] - Web element with id: 'Object Repository/Final Object Repo/Landing Page/Select to English' located by 'By.xpath: //a[@class = 'taglib-language-list-text' and @lang = 'en-US' and (contains(text(), 'EN') or contains(., 'EN'))]' is not present after '3' second(s)

2018-12-06 16:07:01 - [TEST_STEP][PASSED] - Statement - If (Checker == false): null

2018-12-06 16:07:01 - [TEST_STEP][PASSED] - delay: Delayed 2 second(s)

2018-12-06 16:07:03 - [MESSAGE][PASSED] - Delayed 2 second(s)

2018-12-06 16:07:03 - [TEST_STEP][PASSED] - delay: Delayed 5 second(s)

2018-12-06 16:07:08 - [MESSAGE][PASSED] - Delayed 5 second(s)

2018-12-06 16:07:08 - [TEST_STEP][PASSED] - mouseOver: Object: 'Object Repository/Final Object Repo/Landing Page/WorkFlow Menu' is hovered

2018-12-06 16:07:08 - [MESSAGE][PASSED] - Object: 'Object Repository/Final Object Repo/Landing Page/WorkFlow Menu' is hovered

2018-12-06 16:07:08 - [TEST_STEP][PASSED] - delay: Delayed 2 second(s)

2018-12-06 16:07:10 - [MESSAGE][PASSED] - Delayed 2 second(s)

2018-12-06 16:07:10 - [TEST_STEP][PASSED] - click: Object: 'Object Repository/Final Object Repo/Landing Page/Select to Workflow Listing' is clicked on

2018-12-06 16:07:11 - [MESSAGE][PASSED] - Object: 'Object Repository/Final Object Repo/Landing Page/Select to Workflow Listing' is clicked on

2018-12-06 16:07:11 - [TEST_STEP][PASSED] - delay: Delayed 2 second(s)

2018-12-06 16:07:13 - [MESSAGE][PASSED] - Delayed 2 second(s)

2018-12-06 16:07:13 - [TEST_STEP][PASSED] - click: Object: 'Object Repository/Final Object Repo/WorkFlow Listing Page/Search Information - To Put Ref No' is clicked on

2018-12-06 16:07:13 - [MESSAGE][PASSED] - Object: 'Object Repository/Final Object Repo/WorkFlow Listing Page/Search Information - To Put Ref No' is clicked on

2018-12-06 16:07:13 - [TEST_STEP][PASSED] - delay: Delayed 2 second(s)

2018-12-06 16:07:16 - [MESSAGE][PASSED] - Delayed 2 second(s)

2018-12-06 16:07:16 - [TEST_STEP][PASSED] - callTestCase: Call Test Case 'Test Cases/Final Aug 2018 - PKS Automation/Common/Reference Number Getter' successfully

2018-12-06 16:07:16 - [TEST_CASE][PASSED] - Test Cases/Final Aug 2018 - PKS Automation/Common/Reference Number Getter: Test Cases/Final Aug 2018 - PKS Automation/Common/Reference Number Getter

2018-12-06 16:07:16 - [TEST_STEP][PASSED] - Statement - Try: null

2018-12-06 16:07:16 - [TEST_STEP][PASSED] - Statement - RefNo = new java.io.File(C://Users//Admin//Desktop//PKS//Automation Reference Point//KatalonReference.txt): null

2018-12-06 16:07:16 - [TEST_STEP][PASSED] - Statement - bufferread = new java.io.BufferedReader(new java.io.FileReader(RefNo)): null

2018-12-06 16:07:16 - [TEST_STEP][PASSED] - Statement - readedVal = bufferread.readLine(): null

2018-12-06 16:07:16 - [TEST_STEP][PASSED] - Statement - out.println(CaseReferenceNo): null

2018-12-06 16:07:16 - [TEST_STEP][PASSED] - Statement - out.println(readedVal): null

2018-12-06 16:07:16 - [TEST_STEP][PASSED] - Statement - CaseReferenceNo = "": null

2018-12-06 16:07:16 - [TEST_STEP][PASSED] - Statement - CaseReferenceNo = readedVal: null

2018-12-06 16:07:16 - [MESSAGE][PASSED] - Call Test Case 'Test Cases/Final Aug 2018 - PKS Automation/Common/Reference Number Getter' successfully

2018-12-06 16:07:16 - [TEST_STEP][PASSED] - setText: Text 'CUN122018C100005837' is set on object 'Object Repository/Final Object Repo/WorkFlow Listing Page/Ref No Set Text'

2018-12-06 16:07:16 - [MESSAGE][PASSED] - Text 'CUN122018C100005837' is set on object 'Object Repository/Final Object Repo/WorkFlow Listing Page/Ref No Set Text'

2018-12-06 16:07:16 - [TEST_STEP][PASSED] - delay: Delayed 2 second(s)

2018-12-06 16:07:18 - [MESSAGE][PASSED] - Delayed 2 second(s)

2018-12-06 16:07:18 - [TEST_STEP][PASSED] - click: Object: 'Object Repository/Final Object Repo/WorkFlow Listing Page/Search Ref No Search Button' is clicked on

2018-12-06 16:07:18 - [MESSAGE][PASSED] - Object: 'Object Repository/Final Object Repo/WorkFlow Listing Page/Search Ref No Search Button' is clicked on

2018-12-06 16:07:18 - [TEST_STEP][PASSED] - delay: Delayed 6 second(s)

2018-12-06 16:07:24 - [MESSAGE][PASSED] - Delayed 6 second(s)

2018-12-06 16:07:24 - [TEST_STEP][PASSED] - click: Object: 'Object Repository/Final Object Repo/WorkFlow Listing Page/Click Continue Tooltip' is clicked on

2018-12-06 16:07:25 - [MESSAGE][PASSED] - Object: 'Object Repository/Final Object Repo/WorkFlow Listing Page/Click Continue Tooltip' is clicked on

2018-12-06 16:07:25 - [TEST_STEP][PASSED] - delay: Delayed 5 second(s)

2018-12-06 16:07:30 - [MESSAGE][PASSED] - Delayed 5 second(s)

2018-12-06 16:07:30 - [TEST_STEP][PASSED] - doubleClick: Object: 'Object Repository/Final Object Repo/WorkFlow Listing Page/Workflow Found - Listing 1' is double clicked on

2018-12-06 16:07:30 - [MESSAGE][PASSED] - Object: 'Object Repository/Final Object Repo/WorkFlow Listing Page/Workflow Found - Listing 1' is double clicked on

2018-12-06 16:07:30 - [TEST_STEP][PASSED] - Statement - println(OwnerID): null

2018-12-06 16:07:30 - [TEST_STEP][PASSED] - Statement - OwnerID = com.kms.katalon.core.webui.keyword.WebUiBuiltInKeywords.getText(com.kms.katalon.core.testobject.ObjectRepository.findTestObject(Final Object Repo/WorkFlow Listing Page/Workflow Found - Listing 1), STOP_ON_FAILURE): Text of object 'Object Repository/Final Object Repo/WorkFlow Listing Page/Workflow Found - Listing 1' is: 'JOHORuo3'

2018-12-06 16:07:31 - [MESSAGE][PASSED] - Text of object 'Object Repository/Final Object Repo/WorkFlow Listing Page/Workflow Found - Listing 1' is: 'JOHORuo3'

2018-12-06 16:07:31 - [TEST_STEP][PASSED] - Statement - OwnerID = OwnerID.toLowerCase() + "@gmail.com": null

2018-12-06 16:07:31 - [TEST_STEP][PASSED] - Statement - println(OwnerID): null

2018-12-06 16:07:31 - [TEST_STEP][PASSED] - delay: Delayed 2 second(s)

2018-12-06 16:07:33 - [MESSAGE][PASSED] - Delayed 2 second(s)

2018-12-06 16:07:33 - [MESSAGE][PASSED] - Call Test Case 'Test Cases/Final Aug 2018 - PKS Automation/Common/Workflow Owner Finder' successfully

2018-12-06 16:07:33 - [TEST_STEP][PASSED] - delay: Delayed 2 second(s)

2018-12-06 16:07:35 - [MESSAGE][PASSED] - Delayed 2 second(s)

2018-12-06 16:07:35 - [TEST_STEP][PASSED] - navigateToUrl: Navigate to 'https://assist2-uat.perkeso.gov.my/c/portal/logout' successfully

2018-12-06 16:07:35 - [MESSAGE][PASSED] - Navigate to 'https://assist2-uat.perkeso.gov.my/c/portal/logout' successfully

2018-12-06 16:07:35 - [TEST_STEP][PASSED] - delay: Delayed 2 second(s)

2018-12-06 16:07:37 - [MESSAGE][PASSED] - Delayed 2 second(s)

2018-12-06 16:07:37 - [TEST_STEP][PASSED] - callTestCase: Call Test Case 'Test Cases/Final Aug 2018 - PKS Automation/Registration Module/Workflow/Login and Search Case For Workflow' successfully

2018-12-06 16:07:37 - [TEST_CASE][PASSED] - Test Cases/Final Aug 2018 - PKS Automation/Registration Module/Workflow/Login and Search Case For Workflow: Test Cases/Final Aug 2018 - PKS Automation/Registration Module/Workflow/Login and Search Case For Workflow

2018-12-06 16:07:38 - [TEST_STEP][PASSED] - navigateToUrl: Navigate to 'https://assist2-uat.perkeso.gov.my/login' successfully

2018-12-06 16:07:38 - [MESSAGE][PASSED] - Navigate to 'https://assist2-uat.perkeso.gov.my/login' successfully

2018-12-06 16:07:38 - [TEST_STEP][PASSED] - setText: Text 'johoruo3@gmail.com' is set on object 'Object Repository/Final Object Repo/Login Page/Internal User/Email Address'

2018-12-06 16:07:38 - [MESSAGE][PASSED] - Text 'johoruo3@gmail.com' is set on object 'Object Repository/Final Object Repo/Login Page/Internal User/Email Address'

2018-12-06 16:07:38 - [TEST_STEP][PASSED] - click: Object: 'Object Repository/Final Object Repo/Login Page/Internal User/Next Button' is clicked on

2018-12-06 16:07:39 - [MESSAGE][PASSED] - Object: 'Object Repository/Final Object Repo/Login Page/Internal User/Next Button' is clicked on

2018-12-06 16:07:39 - [TEST_STEP][PASSED] - delay: Delayed 1 second(s)

2018-12-06 16:07:40 - [MESSAGE][PASSED] - Delayed 1 second(s)

2018-12-06 16:07:40 - [TEST_STEP][PASSED] - setEncryptedText: Text ****** has been set on object 'Object Repository/Final Object Repo/Login Page/Internal User/Password'

2018-12-06 16:07:40 - [MESSAGE][PASSED] - Text ****** has been set on object 'Object Repository/Final Object Repo/Login Page/Internal User/Password'

2018-12-06 16:07:40 - [TEST_STEP][PASSED] - click: Object: 'Object Repository/Final Object Repo/Login Page/Internal User/Login Button' is clicked on

2018-12-06 16:07:40 - [MESSAGE][PASSED] - Object: 'Object Repository/Final Object Repo/Login Page/Internal User/Login Button' is clicked on

2018-12-06 16:07:40 - [TEST_STEP][PASSED] - delay: Delayed 2 second(s)

2018-12-06 16:07:42 - [MESSAGE][PASSED] - Delayed 2 second(s)

2018-12-06 16:07:42 - [TEST_STEP][PASSED] - Statement - Try: Delayed 2 second(s)

2018-12-06 16:07:42 - [TEST_STEP][PASSED] - Statement - Checker = false: null

2018-12-06 16:07:42 - [TEST_STEP][PASSED] - Statement - Checker = com.kms.katalon.core.webui.keyword.WebUiBuiltInKeywords.verifyElementHasAttribute(com.kms.katalon.core.testobject.ObjectRepository.findTestObject(Final Object Repo/Landing Page/BM Detecting), "href", 20, OPTIONAL): Object 'Object Repository/Final Object Repo/Landing Page/BM Detecting' has attribute 'href'

2018-12-06 16:07:42 - [MESSAGE][PASSED] - Object 'Object Repository/Final Object Repo/Landing Page/BM Detecting' has attribute 'href'

2018-12-06 16:07:42 - [TEST_STEP][PASSED] - Statement - out.println(Checker): null

2018-12-06 16:07:42 - [TEST_STEP][PASSED] - Statement - If (Checker == false): null

2018-12-06 16:07:42 - [TEST_STEP][PASSED] - Statement - Else: null

2018-12-06 16:07:42 - [TEST_STEP][PASSED] - delay: Delayed 2 second(s)

2018-12-06 16:07:44 - [MESSAGE][PASSED] - Delayed 2 second(s)

2018-12-06 16:07:44 - [TEST_STEP][PASSED] - click: Object: 'Object Repository/Final Object Repo/Page_MyASSIST - ASSIST - Search Pending Case For Add Supporting Document/Search Information' is clicked on

2018-12-06 16:07:44 - [MESSAGE][PASSED] - Object: 'Object Repository/Final Object Repo/Page_MyASSIST - ASSIST - Search Pending Case For Add Supporting Document/Search Information' is clicked on

2018-12-06 16:07:44 - [TEST_STEP][PASSED] - delay: Delayed 3 second(s)

2018-12-06 16:07:47 - [MESSAGE][PASSED] - Delayed 3 second(s)

2018-12-06 16:07:47 - [TEST_STEP][PASSED] - sendKeys: Keys 'CUN122018C100005837' sent to object: 'Object Repository/Final Object Repo/Page_MyASSIST - ASSIST - Search Pending Case For Add Supporting Document/Reference No'

2018-12-06 16:07:48 - [MESSAGE][PASSED] - Keys 'CUN122018C100005837' sent to object: 'Object Repository/Final Object Repo/Page_MyASSIST - ASSIST - Search Pending Case For Add Supporting Document/Reference No'

2018-12-06 16:07:48 - [TEST_STEP][PASSED] - click: Object: 'Object Repository/Final Object Repo/Page_MyASSIST - ASSIST - Search Pending Case For Add Supporting Document/Search Reference No' is clicked on

2018-12-06 16:07:48 - [MESSAGE][PASSED] - Object: 'Object Repository/Final Object Repo/Page_MyASSIST - ASSIST - Search Pending Case For Add Supporting Document/Search Reference No' is clicked on

2018-12-06 16:07:48 - [TEST_STEP][PASSED] - delay: Delayed 2 second(s)

2018-12-06 16:07:50 - [MESSAGE][PASSED] - Delayed 2 second(s)

2018-12-06 16:07:50 - [TEST_STEP][PASSED] - click: Object: 'Object Repository/Final Object Repo/Page_MyASSIST - ASSIST - Search Pending Case For Add Supporting Document/Continue' is clicked on

2018-12-06 16:07:54 - [MESSAGE][PASSED] - Object: 'Object Repository/Final Object Repo/Page_MyASSIST - ASSIST - Search Pending Case For Add Supporting Document/Continue' is clicked on

2018-12-06 16:07:54 - [TEST_STEP][PASSED] - delay: Delayed 20 second(s)

2018-12-06 16:08:14 - [MESSAGE][PASSED] - Delayed 20 second(s)

2018-12-06 16:08:14 - [MESSAGE][PASSED] - Call Test Case 'Test Cases/Final Aug 2018 - PKS Automation/Registration Module/Workflow/Login and Search Case For Workflow' successfully

2018-12-06 16:08:14 - [TEST_STEP][PASSED] - click: Object: 'Object Repository/Final Object Repo/Page_Update Employee Information By Employee/Page_Update Employee Information By Employee (Approve)/Continue' is clicked on

2018-12-06 16:08:17 - [MESSAGE][PASSED] - Object: 'Object Repository/Final Object Repo/Page_Update Employee Information By Employee/Page_Update Employee Information By Employee (Approve)/Continue' is clicked on

2018-12-06 16:08:17 - [TEST_STEP][PASSED] - delay: Delayed 2 second(s)

2018-12-06 16:08:19 - [MESSAGE][PASSED] - Delayed 2 second(s)

2018-12-06 16:08:19 - [TEST_STEP][PASSED] - click: Object: 'Object Repository/Final Object Repo/Page_Update Employee Information By Employer/Page_Update Employee Information by Employer (Approve)/Save  Continue in Update Employee Information Page' is clicked on

2018-12-06 16:08:19 - [MESSAGE][PASSED] - Object: 'Object Repository/Final Object Repo/Page_Update Employee Information By Employer/Page_Update Employee Information by Employer (Approve)/Save  Continue in Update Employee Information Page' is clicked on

2018-12-06 16:08:19 - [TEST_STEP][PASSED] - delay: Delayed 2 second(s)

2018-12-06 16:08:21 - [MESSAGE][PASSED] - Delayed 2 second(s)

2018-12-06 16:08:21 - [TEST_STEP][PASSED] - setText: Text 'remark' is set on object 'Object Repository/Final Object Repo/Page_Update Employee Information By Employee/Page_Update Employee Information By Employee (Query)/Query - remark'

2018-12-06 16:08:23 - [MESSAGE][PASSED] - Text 'remark' is set on object 'Object Repository/Final Object Repo/Page_Update Employee Information By Employee/Page_Update Employee Information By Employee (Query)/Query - remark'

2018-12-06 16:08:23 - [TEST_STEP][PASSED] - click: Object: 'Object Repository/Final Object Repo/Page_Update Employee Information By Employer/Page_Update Employee Information by Employer (Approve)/Save  Continue in Upload Supporting Doucument Page' is clicked on

2018-12-06 16:08:23 - [MESSAGE][PASSED] - Object: 'Object Repository/Final Object Repo/Page_Update Employee Information By Employer/Page_Update Employee Information by Employer (Approve)/Save  Continue in Upload Supporting Doucument Page' is clicked on

2018-12-06 16:08:23 - [TEST_STEP][PASSED] - delay: Delayed 2 second(s)

2018-12-06 16:08:25 - [MESSAGE][PASSED] - Delayed 2 second(s)

2018-12-06 16:08:25 - [TEST_STEP][PASSED] - click: Object: 'Object Repository/Final Object Repo/Page_Update Employee Information By Employee/Page_Update Employee Information By Employee (Query)/Query' is clicked on

2018-12-06 16:08:27 - [MESSAGE][PASSED] - Object: 'Object Repository/Final Object Repo/Page_Update Employee Information By Employee/Page_Update Employee Information By Employee (Query)/Query' is clicked on

2018-12-06 16:08:27 - [TEST_STEP][PASSED] - delay: Delayed 2 second(s)

2018-12-06 16:08:29 - [MESSAGE][PASSED] - Delayed 2 second(s)

2018-12-06 16:08:29 - [TEST_STEP][PASSED] - click: Object: 'Object Repository/Final Object Repo/Page_Update Employee Information By Employee/Page_Update Employee Information By Employee (Query)/Confirm' is clicked on

2018-12-06 16:08:29 - [MESSAGE][PASSED] - Object: 'Object Repository/Final Object Repo/Page_Update Employee Information By Employee/Page_Update Employee Information By Employee (Query)/Confirm' is clicked on

2018-12-06 16:08:29 - [TEST_STEP][PASSED] - delay: Delayed 2 second(s)

2018-12-06 16:08:31 - [MESSAGE][PASSED] - Delayed 2 second(s)

2018-12-06 16:08:31 - [TEST_STEP][PASSED] - click: Object: 'Object Repository/Final Object Repo/Page_Update Employee Information By Employee/Page_Update Employee Information By Employee (Query)/Message The Case Is Under Query' is clicked on

2018-12-06 16:08:35 - [MESSAGE][PASSED] - Object: 'Object Repository/Final Object Repo/Page_Update Employee Information By Employee/Page_Update Employee Information By Employee (Query)/Message The Case Is Under Query' is clicked on

2018-12-06 16:08:35 - [TEST_STEP][PASSED] - click: Object: 'Object Repository/Final Object Repo/Page_Update Employee Information By Employee/Page_Update Employee Information By Employee (Query)/Letter of inquiry' is clicked on

2018-12-06 16:08:36 - [MESSAGE][PASSED] - Object: 'Object Repository/Final Object Repo/Page_Update Employee Information By Employee/Page_Update Employee Information By Employee (Query)/Letter of inquiry' is clicked on

2018-12-06 16:08:36 - [TEST_STEP][PASSED] - delay: Delayed 1 second(s)

2018-12-06 16:08:37 - [MESSAGE][PASSED] - Delayed 1 second(s)

2018-12-06 16:08:37 - [TEST_STEP][PASSED] - navigateToUrl: Navigate to 'https://assist2-uat.perkeso.gov.my/c/portal/logout' successfully

2018-12-06 16:08:38 - [MESSAGE][PASSED] - Navigate to 'https://assist2-uat.perkeso.gov.my/c/portal/logout' successfully

2018-12-06 16:08:38 - [TEST_STEP][PASSED] - delay: Delayed 1 second(s)

2018-12-06 16:08:39 - [MESSAGE][PASSED] - Delayed 1 second(s)

2018-12-06 16:08:39 - [TEST_STEP][PASSED] - callTestCase: Call Test Case 'Test Cases/Final Aug 2018 - PKS Automation/Registration Module/Workflow/Search Pending Case For Add Supporting Document (OTC)' successfully

2018-12-06 16:08:39 - [TEST_CASE][PASSED] - Test Cases/Final Aug 2018 - PKS Automation/Registration Module/Workflow/Search Pending Case For Add Supporting Document (OTC): Test Cases/Final Aug 2018 - PKS Automation/Registration Module/Workflow/Search Pending Case For Add Supporting Document (OTC)

2018-12-06 16:08:39 - [TEST_STEP][PASSED] - openBrowser: Browser is opened with url: ''

2018-12-06 16:08:39 - [MESSAGE][WARNING] - A browser is already opened. Closing browser and opening a new one

2018-12-06 16:08:42 - [MESSAGE][PASSED] - Browser is opened with url: ''

2018-12-06 16:08:42 - [TEST_STEP][PASSED] - navigateToUrl: Navigate to 'https://assist2-uat.perkeso.gov.my/login' successfully

2018-12-06 16:08:43 - [MESSAGE][PASSED] - Navigate to 'https://assist2-uat.perkeso.gov.my/login' successfully

2018-12-06 16:08:43 - [TEST_STEP][PASSED] - setText: Text 'johorotc1@gmail.com' is set on object 'Object Repository/Final Object Repo/Login Page/Internal User/Email Address'

2018-12-06 16:08:44 - [MESSAGE][PASSED] - Text 'johorotc1@gmail.com' is set on object 'Object Repository/Final Object Repo/Login Page/Internal User/Email Address'

2018-12-06 16:08:44 - [TEST_STEP][PASSED] - click: Object: 'Object Repository/Final Object Repo/Login Page/Internal User/Next Button' is clicked on

2018-12-06 16:08:44 - [MESSAGE][PASSED] - Object: 'Object Repository/Final Object Repo/Login Page/Internal User/Next Button' is clicked on

2018-12-06 16:08:44 - [TEST_STEP][PASSED] - delay: Delayed 1 second(s)

2018-12-06 16:08:45 - [MESSAGE][PASSED] - Delayed 1 second(s)

2018-12-06 16:08:45 - [TEST_STEP][PASSED] - setEncryptedText: Text ****** has been set on object 'Object Repository/Final Object Repo/Login Page/Internal User/Password'

2018-12-06 16:08:45 - [MESSAGE][PASSED] - Text ****** has been set on object 'Object Repository/Final Object Repo/Login Page/Internal User/Password'

2018-12-06 16:08:45 - [TEST_STEP][PASSED] - click: Object: 'Object Repository/Final Object Repo/Login Page/Internal User/Login Button' is clicked on

2018-12-06 16:08:45 - [MESSAGE][PASSED] - Object: 'Object Repository/Final Object Repo/Login Page/Internal User/Login Button' is clicked on

2018-12-06 16:08:45 - [TEST_STEP][PASSED] - delay: Delayed 1 second(s)

2018-12-06 16:08:46 - [MESSAGE][PASSED] - Delayed 1 second(s)

2018-12-06 16:08:46 - [TEST_STEP][PASSED] - Statement - Try: Delayed 2 second(s)

2018-12-06 16:08:46 - [TEST_STEP][PASSED] - Statement - Checker = false: null

2018-12-06 16:08:46 - [TEST_STEP][PASSED] - Statement - Checker = com.kms.katalon.core.webui.keyword.WebUiBuiltInKeywords.verifyElementHasAttribute(com.kms.katalon.core.testobject.ObjectRepository.findTestObject(Final Object Repo/Landing Page/BM Detecting), "href", 20, OPTIONAL): Object 'Object Repository/Final Object Repo/Landing Page/BM Detecting' has attribute 'href'

2018-12-06 16:08:47 - [MESSAGE][PASSED] - Object 'Object Repository/Final Object Repo/Landing Page/BM Detecting' has attribute 'href'

2018-12-06 16:08:47 - [TEST_STEP][PASSED] - Statement - out.println(Checker): null

2018-12-06 16:08:47 - [TEST_STEP][PASSED] - Statement - If (Checker == false): null

2018-12-06 16:08:47 - [TEST_STEP][PASSED] - Statement - Else: null

2018-12-06 16:08:47 - [TEST_STEP][PASSED] - delay: Delayed 2 second(s)

2018-12-06 16:08:49 - [MESSAGE][PASSED] - Delayed 2 second(s)

2018-12-06 16:08:49 - [TEST_STEP][PASSED] - navigateToUrl: Navigate to 'https://assist2-uat.perkeso.gov.my/web/registration/search/search-pending-case-for-add-supporting-document' successfully

2018-12-06 16:08:50 - [MESSAGE][PASSED] - Navigate to 'https://assist2-uat.perkeso.gov.my/web/registration/search/search-pending-case-for-add-supporting-document' successfully

2018-12-06 16:08:50 - [TEST_STEP][PASSED] - click: Object: 'Object Repository/Final Object Repo/Page_Search Pending Case For Add Suporting Document/Search By' is clicked on

2018-12-06 16:08:51 - [MESSAGE][PASSED] - Object: 'Object Repository/Final Object Repo/Page_Search Pending Case For Add Suporting Document/Search By' is clicked on

2018-12-06 16:08:51 - [TEST_STEP][PASSED] - click: Object: 'Object Repository/Final Object Repo/Page_Search Pending Case For Add Suporting Document/Search By - Reference ID' is clicked on

2018-12-06 16:08:51 - [MESSAGE][PASSED] - Object: 'Object Repository/Final Object Repo/Page_Search Pending Case For Add Suporting Document/Search By - Reference ID' is clicked on

2018-12-06 16:08:51 - [TEST_STEP][PASSED] - delay: Delayed 2 second(s)

2018-12-06 16:08:53 - [MESSAGE][PASSED] - Delayed 2 second(s)

2018-12-06 16:08:53 - [TEST_STEP][PASSED] - setText: Text 'CUN122018C100005837' is set on object 'Object Repository/Final Object Repo/Page_Search Pending Case For Add Suporting Document/Reference ID'

2018-12-06 16:08:53 - [MESSAGE][PASSED] - Text 'CUN122018C100005837' is set on object 'Object Repository/Final Object Repo/Page_Search Pending Case For Add Suporting Document/Reference ID'

2018-12-06 16:08:53 - [TEST_STEP][PASSED] - click: Object: 'Object Repository/Final Object Repo/Page_Search Pending Case For Add Suporting Document/Search' is clicked on

2018-12-06 16:08:53 - [MESSAGE][PASSED] - Object: 'Object Repository/Final Object Repo/Page_Search Pending Case For Add Suporting Document/Search' is clicked on

2018-12-06 16:08:53 - [TEST_STEP][PASSED] - delay: Delayed 2 second(s)

2018-12-06 16:08:55 - [MESSAGE][PASSED] - Delayed 2 second(s)

2018-12-06 16:08:55 - [TEST_STEP][PASSED] - click: Object: 'Object Repository/Final Object Repo/Page_Search Pending Case For Add Suporting Document/Edit' is clicked on

2018-12-06 16:08:59 - [MESSAGE][PASSED] - Object: 'Object Repository/Final Object Repo/Page_Search Pending Case For Add Suporting Document/Edit' is clicked on

2018-12-06 16:08:59 - [MESSAGE][PASSED] - Call Test Case 'Test Cases/Final Aug 2018 - PKS Automation/Registration Module/Workflow/Search Pending Case For Add Supporting Document (OTC)' successfully

2018-12-06 16:08:59 - [TEST_STEP][PASSED] - click: Object: 'Object Repository/Final Object Repo/Page_Update Employee Information By Employee/Page_Update Employee Information by Employee (Query -OTC -UO)/Next' is clicked on

2018-12-06 16:09:02 - [MESSAGE][PASSED] - Object: 'Object Repository/Final Object Repo/Page_Update Employee Information By Employee/Page_Update Employee Information by Employee (Query -OTC -UO)/Next' is clicked on

2018-12-06 16:09:02 - [TEST_STEP][PASSED] - delay: Delayed 2 second(s)

2018-12-06 16:09:04 - [MESSAGE][PASSED] - Delayed 2 second(s)

2018-12-06 16:09:04 - [TEST_STEP][PASSED] - click: Object: 'Object Repository/Final Object Repo/Page_Update Employee Information By Employee/Page_Update Employee Information by Employee (Query -OTC -UO)/Add Document' is clicked on

2018-12-06 16:09:04 - [MESSAGE][PASSED] - Object: 'Object Repository/Final Object Repo/Page_Update Employee Information By Employee/Page_Update Employee Information by Employee (Query -OTC -UO)/Add Document' is clicked on

2018-12-06 16:09:04 - [TEST_STEP][PASSED] - delay: Delayed 2 second(s)

2018-12-06 16:09:06 - [MESSAGE][PASSED] - Delayed 2 second(s)

2018-12-06 16:09:06 - [TEST_STEP][PASSED] - click: Object: 'Object Repository/Final Object Repo/Page_Update Employee Information By Employee/Page_Update Employee Information by Employee (Query -OTC -UO)/Document Type' is clicked on

2018-12-06 16:09:07 - [MESSAGE][PASSED] - Object: 'Object Repository/Final Object Repo/Page_Update Employee Information By Employee/Page_Update Employee Information by Employee (Query -OTC -UO)/Document Type' is clicked on

2018-12-06 16:09:07 - [TEST_STEP][PASSED] - delay: Delayed 2 second(s)

2018-12-06 16:09:09 - [MESSAGE][PASSED] - Delayed 2 second(s)

2018-12-06 16:09:09 - [TEST_STEP][PASSED] - click: Object: 'Object Repository/Final Object Repo/Page_Update Employee Information By Employee/Page_Update Employee Information by Employee (Query -OTC -UO)/Document Type - Other' is clicked on

2018-12-06 16:09:09 - [MESSAGE][PASSED] - Object: 'Object Repository/Final Object Repo/Page_Update Employee Information By Employee/Page_Update Employee Information by Employee (Query -OTC -UO)/Document Type - Other' is clicked on

2018-12-06 16:09:09 - [TEST_STEP][PASSED] - delay: Delayed 2 second(s)

2018-12-06 16:09:11 - [MESSAGE][PASSED] - Delayed 2 second(s)

2018-12-06 16:09:11 - [TEST_STEP][FAILED] - sendKeys: Unable to send keys 'C:\Users\Public\Pictures\Sample Pictures\Koala.jpg' to object 'Object Repository/Final Object Repo/Page_Update Employee Information By Employee/Page_Update Employee Information by Employee (Query -OTC -UO)/Uploading File' (Root cause: com.kms.katalon.core.webui.exception.WebElementNotFoundException: Web element with id: 'Object Repository/Final Object Repo/Page_Update Employee Information By Employee/Page_Update Employee Information by Employee (Query -OTC -UO)/Uploading File' located by 'By.xpath: //input[@type = 'file' and @id = '_searchforemployer_WAR_registrationportlet_uploadFile']' not found)

2018-12-06 16:09:44 - [MESSAGE][FAILED] - Unable to send keys 'C:\Users\Public\Pictures\Sample Pictures\Koala.jpg' to object 'Object Repository/Final Object Repo/Page_Update Employee Information By Employee/Page_Update Employee Information by Employee (Query -OTC -UO)/Uploading File' (Root cause: com.kms.katalon.core.webui.exception.WebElementNotFoundException: Web element with id: 'Object Repository/Final Object Repo/Page_Update Employee Information By Employee/Page_Update Employee Information by Employee (Query -OTC -UO)/Uploading File' located by 'By.xpath: //input[@type = 'file' and @id = '_searchforemployer_WAR_registrationportlet_uploadFile']' not found)
[[ATTACHMENT|C:\\Users\\Admin\\Desktop\\PKS\\Perkeso Phase A\\Reports\\Workflow\\Update Employee Information (Employee)\\20181206_160240\\1544083784255.png]]

2018-12-06 16:09:44 - [TEST_STEP][PASSED] - delay: Delayed 2 second(s)

2018-12-06 16:09:46 - [MESSAGE][PASSED] - Delayed 2 second(s)

2018-12-06 16:09:46 - [TEST_STEP][PASSED] - click: Object: 'Object Repository/Final Object Repo/Page_Update Employee Information By Employee/Page_Update Employee Information by Employee (Query -OTC -UO)/Add Document in Uploading Page' is clicked on

2018-12-06 16:09:46 - [MESSAGE][PASSED] - Object: 'Object Repository/Final Object Repo/Page_Update Employee Information By Employee/Page_Update Employee Information by Employee (Query -OTC -UO)/Add Document in Uploading Page' is clicked on

2018-12-06 16:09:46 - [TEST_STEP][PASSED] - delay: Delayed 2 second(s)

2018-12-06 16:09:48 - [MESSAGE][PASSED] - Delayed 2 second(s)

2018-12-06 16:09:48 - [TEST_STEP][FAILED] - click: Unable to click on object 'Object Repository/Final Object Repo/Page_Update Employee Information By Employee/Page_Update Employee Information by Employee (Query -OTC -UO)/Exit' (Root cause: org.openqa.selenium.ElementNotVisibleException: element not interactable
  (Session info: chrome=70.0.3538.110)
  (Driver info: chromedriver=2.43.600210 (68dcf5eebde37173d4027fa8635e332711d2874a),platform=Windows NT 6.1.7601 SP1 x86_64) (WARNING: The server did not provide any stacktrace information)
Command duration or timeout: 0 milliseconds
Build info: version: '3.7.1', revision: '8a0099a', time: '2017-11-06T21:07:36.161Z'
System info: host: 'WIN7TEST02', ip: '10.20.3.72', os.name: 'Windows 7', os.arch: 'amd64', os.version: '6.1', java.version: '1.8.0_181'
Driver info: com.kms.katalon.selenium.driver.CChromeDriver
Capabilities {acceptInsecureCerts: false, acceptSslCerts: false, applicationCacheEnabled: false, browserConnectionEnabled: false, browserName: chrome, chrome: {chromedriverVersion: 2.43.600210 (68dcf5eebde371..., userDataDir: C:\Users\Admin\AppData\Loca...}, cssSelectorsEnabled: true, databaseEnabled: false, goog:chromeOptions: {debuggerAddress: localhost:54881}, handlesAlerts: true, hasTouchScreen: false, javascriptEnabled: true, locationContextEnabled: true, mobileEmulationEnabled: false, nativeEvents: true, networkConnectionEnabled: false, pageLoadStrategy: normal, platform: XP, platformName: XP, rotatable: false, setWindowRect: true, takesHeapSnapshot: true, takesScreenshot: true, unexpectedAlertBehaviour: , unhandledPromptBehavior: , version: 70.0.3538.110, webStorageEnabled: true}
Session ID: ca7b4f5b718c27e3c538a1649a169416)

2018-12-06 16:09:49 - [MESSAGE][FAILED] - Unable to click on object 'Object Repository/Final Object Repo/Page_Update Employee Information By Employee/Page_Update Employee Information by Employee (Query -OTC -UO)/Exit' (Root cause: org.openqa.selenium.ElementNotVisibleException: element not interactable
  (Session info: chrome=70.0.3538.110)
  (Driver info: chromedriver=2.43.600210 (68dcf5eebde37173d4027fa8635e332711d2874a),platform=Windows NT 6.1.7601 SP1 x86_64) (WARNING: The server did not provide any stacktrace information)
Command duration or timeout: 0 milliseconds
Build info: version: '3.7.1', revision: '8a0099a', time: '2017-11-06T21:07:36.161Z'
System info: host: 'WIN7TEST02', ip: '10.20.3.72', os.name: 'Windows 7', os.arch: 'amd64', os.version: '6.1', java.version: '1.8.0_181'
Driver info: com.kms.katalon.selenium.driver.CChromeDriver
Capabilities {acceptInsecureCerts: false, acceptSslCerts: false, applicationCacheEnabled: false, browserConnectionEnabled: false, browserName: chrome, chrome: {chromedriverVersion: 2.43.600210 (68dcf5eebde371..., userDataDir: C:\Users\Admin\AppData\Loca...}, cssSelectorsEnabled: true, databaseEnabled: false, goog:chromeOptions: {debuggerAddress: localhost:54881}, handlesAlerts: true, hasTouchScreen: false, javascriptEnabled: true, locationContextEnabled: true, mobileEmulationEnabled: false, nativeEvents: true, networkConnectionEnabled: false, pageLoadStrategy: normal, platform: XP, platformName: XP, rotatable: false, setWindowRect: true, takesHeapSnapshot: true, takesScreenshot: true, unexpectedAlertBehaviour: , unhandledPromptBehavior: , version: 70.0.3538.110, webStorageEnabled: true}
Session ID: ca7b4f5b718c27e3c538a1649a169416)
[[ATTACHMENT|C:\\Users\\Admin\\Desktop\\PKS\\Perkeso Phase A\\Reports\\Workflow\\Update Employee Information (Employee)\\20181206_160240\\1544083788917.png]]

2018-12-06 16:09:49 - [TEST_STEP][PASSED] - delay: Delayed 1 second(s)

2018-12-06 16:09:50 - [MESSAGE][PASSED] - Delayed 1 second(s)

2018-12-06 16:09:50 - [TEST_STEP][PASSED] - navigateToUrl: Navigate to 'https://assist2-uat.perkeso.gov.my/c/portal/logout' successfully

2018-12-06 16:09:51 - [MESSAGE][PASSED] - Navigate to 'https://assist2-uat.perkeso.gov.my/c/portal/logout' successfully

2018-12-06 16:09:51 - [TEST_STEP][PASSED] - delay: Delayed 1 second(s)

2018-12-06 16:09:52 - [MESSAGE][PASSED] - Delayed 1 second(s)

2018-12-06 16:09:52 - [TEST_STEP][PASSED] - callTestCase: null

2018-12-06 16:09:52 - [MESSAGE][FAILED] - Unable to call Test Case with id 'Test Cases/Final Aug 2018 - PKS Automation/Registration Module/Workflow/Update Employee Information (Employee)/Template/Update Employee Information - Special Case - UO (Query)' (Root cause: Call Test Case 'Test Cases/Final Aug 2018 - PKS Automation/Registration Module/Workflow/Update Employee Information (Employee)/Template/Update Employee Information - Special Case - UO (Query)' failed)]]></system-out>
         <system-err><![CDATA[2018-12-06 16:05:42 - [TEST_CASE][FAILED] - Test Cases/Final Aug 2018 - PKS Automation/Registration Module/Workflow/Update Employee Information (Employee)/OTC to UO (Query): Test Cases/Final Aug 2018 - PKS Automation/Registration Module/Workflow/Update Employee Information (Employee)/OTC to UO (Query) FAILED because (of) (Stack trace: com.kms.katalon.core.exception.StepFailedException: Unable to send keys 'C:\Users\Public\Pictures\Sample Pictures\Koala.jpg' to object 'Object Repository/Final Object Repo/Page_Update Employee Information By Employee/Page_Update Employee Information by Employee (Query -OTC -UO)/Uploading File' (Root cause: com.kms.katalon.core.webui.exception.WebElementNotFoundException: Web element with id: 'Object Repository/Final Object Repo/Page_Update Employee Information By Employee/Page_Update Employee Information by Employee (Query -OTC -UO)/Uploading File' located by 'By.xpath: //input[@type = 'file' and @id = '_searchforemployer_WAR_registrationportlet_uploadFile']' not found)
	at com.kms.katalon.core.keyword.internal.KeywordMain.stepFailed(KeywordMain.groovy:32)
	at com.kms.katalon.core.webui.keyword.internal.WebUIKeywordMain.stepFailed(WebUIKeywordMain.groovy:65)
	at com.kms.katalon.core.webui.keyword.internal.WebUIKeywordMain.runKeyword(WebUIKeywordMain.groovy:27)
	at com.kms.katalon.core.webui.keyword.builtin.SendKeysKeyword.sendKeys(SendKeysKeyword.groovy:60)
	at com.kms.katalon.core.webui.keyword.builtin.SendKeysKeyword.execute(SendKeysKeyword.groovy:38)
	at com.kms.katalon.core.keyword.internal.KeywordExecutor.executeKeywordForPlatform(KeywordExecutor.groovy:53)
	at com.kms.katalon.core.webui.keyword.WebUiBuiltInKeywords.sendKeys(WebUiBuiltInKeywords.groovy:834)
	at com.kms.katalon.core.webui.keyword.WebUiBuiltInKeywords$sendKeys$11.call(Unknown Source)
	at org.codehaus.groovy.runtime.callsite.CallSiteArray.defaultCall(CallSiteArray.java:48)
	at org.codehaus.groovy.runtime.callsite.AbstractCallSite.call(AbstractCallSite.java:113)
	at org.codehaus.groovy.runtime.callsite.AbstractCallSite.call(AbstractCallSite.java:133)
	at Script1537850574768.run(Script1537850574768.groovy:96)
	at com.kms.katalon.core.main.ScriptEngine.run(ScriptEngine.java:183)
	at com.kms.katalon.core.main.ScriptEngine.runScriptAsRawText(ScriptEngine.java:108)
	at com.kms.katalon.core.main.TestCaseExecutor.runScript(TestCaseExecutor.java:294)
	at com.kms.katalon.core.main.TestCaseExecutor.doExecute(TestCaseExecutor.java:285)
	at com.kms.katalon.core.main.TestCaseExecutor.processExecutionPhase(TestCaseExecutor.java:264)
	at com.kms.katalon.core.main.TestCaseExecutor.accessMainPhase(TestCaseExecutor.java:256)
	at com.kms.katalon.core.main.TestCaseExecutor.execute(TestCaseExecutor.java:200)
	at com.kms.katalon.core.main.TestCaseMain.runTestCase(TestCaseMain.java:99)
	at com.kms.katalon.core.keyword.builtin.CallTestCaseKeyword$_callTestCase_closure1.doCall(CallTestCaseKeyword.groovy:60)
	at com.kms.katalon.core.keyword.builtin.CallTestCaseKeyword$_callTestCase_closure1.call(CallTestCaseKeyword.groovy)
	at com.kms.katalon.core.keyword.internal.KeywordMain.runKeyword(KeywordMain.groovy:54)
	at com.kms.katalon.core.keyword.builtin.CallTestCaseKeyword.callTestCase(CallTestCaseKeyword.groovy:81)
	at com.kms.katalon.core.keyword.builtin.CallTestCaseKeyword.execute(CallTestCaseKeyword.groovy:45)
	at com.kms.katalon.core.keyword.internal.KeywordExecutor.executeKeywordForPlatform(KeywordExecutor.groovy:53)
	at com.kms.katalon.core.keyword.BuiltinKeywords.callTestCase(BuiltinKeywords.groovy:334)
	at sun.reflect.NativeMethodAccessorImpl.invoke0(Native Method)
	at sun.reflect.NativeMethodAccessorImpl.invoke(NativeMethodAccessorImpl.java:62)
	at sun.reflect.DelegatingMethodAccessorImpl.invoke(DelegatingMethodAccessorImpl.java:43)
	at java.lang.reflect.Method.invoke(Method.java:498)
	at org.codehaus.groovy.reflection.CachedMethod.invoke(CachedMethod.java:93)
	at groovy.lang.MetaMethod.doMethodInvoke(MetaMethod.java:325)
	at groovy.lang.MetaClassImpl.invokeStaticMethod(MetaClassImpl.java:1469)
	at org.codehaus.groovy.runtime.callsite.StaticMetaClassSite.call(StaticMetaClassSite.java:53)
	at org.codehaus.groovy.runtime.callsite.CallSiteArray.defaultCall(CallSiteArray.java:48)
	at org.codehaus.groovy.runtime.callsite.AbstractCallSite.call(AbstractCallSite.java:113)
	at org.codehaus.groovy.runtime.callsite.AbstractCallSite.call(AbstractCallSite.java:141)
	at Script1536216788499.run(Script1536216788499.groovy:25)
	at com.kms.katalon.core.main.ScriptEngine.run(ScriptEngine.java:183)
	at com.kms.katalon.core.main.ScriptEngine.runScriptAsRawText(ScriptEngine.java:108)
	at com.kms.katalon.core.main.TestCaseExecutor.runScript(TestCaseExecutor.java:294)
	at com.kms.katalon.core.main.TestCaseExecutor.doExecute(TestCaseExecutor.java:285)
	at com.kms.katalon.core.main.TestCaseExecutor.processExecutionPhase(TestCaseExecutor.java:264)
	at com.kms.katalon.core.main.TestCaseExecutor.accessMainPhase(TestCaseExecutor.java:256)
	at com.kms.katalon.core.main.TestCaseExecutor.execute(TestCaseExecutor.java:200)
	at com.kms.katalon.core.main.TestSuiteExecutor.accessTestCaseMainPhase(TestSuiteExecutor.java:129)
	at com.kms.katalon.core.main.TestSuiteExecutor.accessTestSuiteMainPhase(TestSuiteExecutor.java:112)
	at com.kms.katalon.core.main.TestSuiteExecutor.execute(TestSuiteExecutor.java:81)
	at com.kms.katalon.core.main.TestCaseMain.startTestSuite(TestCaseMain.java:142)
	at com.kms.katalon.core.main.TestCaseMain$startTestSuite$0.call(Unknown Source)
	at org.codehaus.groovy.runtime.callsite.CallSiteArray.defaultCall(CallSiteArray.java:48)
	at org.codehaus.groovy.runtime.callsite.AbstractCallSite.call(AbstractCallSite.java:113)
	at org.codehaus.groovy.runtime.callsite.AbstractCallSite.call(AbstractCallSite.java:141)
	at TempTestSuite1544083360207.run(TempTestSuite1544083360207.groovy:36)
	at groovy.lang.GroovyShell.runScriptOrMainOrTestOrRunnable(GroovyShell.java:263)
	at groovy.lang.GroovyShell.run(GroovyShell.java:518)
	at groovy.lang.GroovyShell.run(GroovyShell.java:507)
	at groovy.ui.GroovyMain.processOnce(GroovyMain.java:653)
	at groovy.ui.GroovyMain.run(GroovyMain.java:384)
	at groovy.ui.GroovyMain.process(GroovyMain.java:370)
	at groovy.ui.GroovyMain.processArgs(GroovyMain.java:129)
	at groovy.ui.GroovyMain.main(GroovyMain.java:109)
	at sun.reflect.NativeMethodAccessorImpl.invoke0(Native Method)
	at sun.reflect.NativeMethodAccessorImpl.invoke(NativeMethodAccessorImpl.java:62)
	at sun.reflect.DelegatingMethodAccessorImpl.invoke(DelegatingMethodAccessorImpl.java:43)
	at java.lang.reflect.Method.invoke(Method.java:498)
	at org.codehaus.groovy.tools.GroovyStarter.rootLoader(GroovyStarter.java:109)
	at org.codehaus.groovy.tools.GroovyStarter.main(GroovyStarter.java:131)
)]]></system-err>
      </testcase>
      <testcase name="Test Cases/Final Aug 2018 - PKS Automation/Registration Module/Workflow/Update Employee Information (Employee)/OTC to UO (Reject)" classname="Test Cases/Final Aug 2018 - PKS Automation/Registration Module/Workflow/Update Employee Information (Employee)/OTC to UO (Reject)" status="PASSED">
         <system-out><![CDATA[2018-12-06 16:09:52 - [TEST_CASE][PASSED] - Test Cases/Final Aug 2018 - PKS Automation/Registration Module/Workflow/Update Employee Information (Employee)/OTC to UO (Reject): Test Cases/Final Aug 2018 - PKS Automation/Registration Module/Workflow/Update Employee Information (Employee)/OTC to UO (Reject)

2018-12-06 16:09:52 - [TEST_STEP][PASSED] - callTestCase: Call Test Case 'Test Cases/Final Aug 2018 - PKS Automation/Registration Module/Workflow/Update Employee Information (Employee)/Template/Update Employee Information - Special Case (OTC)' successfully

2018-12-06 16:09:52 - [TEST_CASE][PASSED] - Test Cases/Final Aug 2018 - PKS Automation/Registration Module/Workflow/Update Employee Information (Employee)/Template/Update Employee Information - Special Case (OTC): Test Cases/Final Aug 2018 - PKS Automation/Registration Module/Workflow/Update Employee Information (Employee)/Template/Update Employee Information - Special Case (OTC)

2018-12-06 16:09:52 - [TEST_STEP][PASSED] - openBrowser: Browser is opened with url: ''

2018-12-06 16:09:52 - [MESSAGE][WARNING] - A browser is already opened. Closing browser and opening a new one

2018-12-06 16:09:55 - [MESSAGE][PASSED] - Browser is opened with url: ''

2018-12-06 16:09:55 - [TEST_STEP][PASSED] - navigateToUrl: Navigate to 'https://assist2-uat.perkeso.gov.my/login' successfully

2018-12-06 16:09:56 - [MESSAGE][PASSED] - Navigate to 'https://assist2-uat.perkeso.gov.my/login' successfully

2018-12-06 16:09:56 - [TEST_STEP][PASSED] - setText: Text 'johorotc1@gmail.com' is set on object 'Object Repository/Final Object Repo/Login Page/Internal User/Email Address'

2018-12-06 16:09:56 - [MESSAGE][PASSED] - Text 'johorotc1@gmail.com' is set on object 'Object Repository/Final Object Repo/Login Page/Internal User/Email Address'

2018-12-06 16:09:56 - [TEST_STEP][PASSED] - click: Object: 'Object Repository/Final Object Repo/Login Page/Internal User/Next Button' is clicked on

2018-12-06 16:09:56 - [MESSAGE][PASSED] - Object: 'Object Repository/Final Object Repo/Login Page/Internal User/Next Button' is clicked on

2018-12-06 16:09:56 - [TEST_STEP][PASSED] - delay: Delayed 1 second(s)

2018-12-06 16:09:57 - [MESSAGE][PASSED] - Delayed 1 second(s)

2018-12-06 16:09:57 - [TEST_STEP][PASSED] - setEncryptedText: Text ****** has been set on object 'Object Repository/Final Object Repo/Login Page/Internal User/Password'

2018-12-06 16:09:58 - [MESSAGE][PASSED] - Text ****** has been set on object 'Object Repository/Final Object Repo/Login Page/Internal User/Password'

2018-12-06 16:09:58 - [TEST_STEP][PASSED] - click: Object: 'Object Repository/Final Object Repo/Login Page/Internal User/Login Button' is clicked on

2018-12-06 16:09:58 - [MESSAGE][PASSED] - Object: 'Object Repository/Final Object Repo/Login Page/Internal User/Login Button' is clicked on

2018-12-06 16:09:58 - [TEST_STEP][PASSED] - Statement - tester = com.kms.katalon.core.testobject.ObjectRepository.findTestObject(Final Object Repo/Landing Page/Select to English): Finding Test Object with id 'Object Repository/Final Object Repo/Landing Page/Select to English'

2018-12-06 16:09:58 - [TEST_STEP][PASSED] - Statement - Try: Delayed 2 second(s)

2018-12-06 16:09:58 - [TEST_STEP][PASSED] - Statement - Checker = com.kms.katalon.core.webui.keyword.WebUiBuiltInKeywords.verifyElementNotPresent(tester, 3): Web element with id: 'Object Repository/Final Object Repo/Landing Page/Select to English' located by 'By.xpath: //a[@class = 'taglib-language-list-text' and @lang = 'en-US' and (contains(text(), 'EN') or contains(., 'EN'))]' is not present after '3' second(s)

2018-12-06 16:10:00 - [MESSAGE][PASSED] - Web element with id: 'Object Repository/Final Object Repo/Landing Page/Select to English' located by 'By.xpath: //a[@class = 'taglib-language-list-text' and @lang = 'en-US' and (contains(text(), 'EN') or contains(., 'EN'))]' is not present after '3' second(s)

2018-12-06 16:10:00 - [TEST_STEP][PASSED] - Statement - If (Checker == false): null

2018-12-06 16:10:00 - [TEST_STEP][PASSED] - delay: Delayed 2 second(s)

2018-12-06 16:10:02 - [MESSAGE][PASSED] - Delayed 2 second(s)

2018-12-06 16:10:02 - [TEST_STEP][PASSED] - delay: Delayed 5 second(s)

2018-12-06 16:10:07 - [MESSAGE][PASSED] - Delayed 5 second(s)

2018-12-06 16:10:07 - [TEST_STEP][PASSED] - navigateToUrl: Navigate to 'https://assist2-uat.perkeso.gov.my/web/registration/update/update-employee-information-employee-' successfully

2018-12-06 16:10:08 - [MESSAGE][PASSED] - Navigate to 'https://assist2-uat.perkeso.gov.my/web/registration/update/update-employee-information-employee-' successfully

2018-12-06 16:10:08 - [TEST_STEP][PASSED] - click: Object: 'Object Repository/Final Object Repo/Page_Update Employee Information By Employee/Type of Identification' is clicked on

2018-12-06 16:10:08 - [MESSAGE][PASSED] - Object: 'Object Repository/Final Object Repo/Page_Update Employee Information By Employee/Type of Identification' is clicked on

2018-12-06 16:10:08 - [TEST_STEP][PASSED] - click: Object: 'Object Repository/Final Object Repo/Page Update Employee Information By Employee/Type of Identification - Name' is clicked on

2018-12-06 16:10:08 - [MESSAGE][PASSED] - Object: 'Object Repository/Final Object Repo/Page Update Employee Information By Employee/Type of Identification - Name' is clicked on

2018-12-06 16:10:08 - [TEST_STEP][PASSED] - setText: Text 'YUKI JR B' is set on object 'Object Repository/Final Object Repo/Page_Update Employee Information By Employee/New Identification'

2018-12-06 16:10:09 - [MESSAGE][PASSED] - Text 'YUKI JR B' is set on object 'Object Repository/Final Object Repo/Page_Update Employee Information By Employee/New Identification'

2018-12-06 16:10:09 - [TEST_STEP][PASSED] - click: Object: 'Object Repository/Final Object Repo/Page_Update Employee Information By Employee/Search Button' is clicked on

2018-12-06 16:10:09 - [MESSAGE][PASSED] - Object: 'Object Repository/Final Object Repo/Page_Update Employee Information By Employee/Search Button' is clicked on

2018-12-06 16:10:09 - [TEST_STEP][PASSED] - click: Object: 'Object Repository/Final Object Repo/Page_Update Employee Information By Employee/Edit Button' is clicked on

2018-12-06 16:10:13 - [MESSAGE][PASSED] - Object: 'Object Repository/Final Object Repo/Page_Update Employee Information By Employee/Edit Button' is clicked on

2018-12-06 16:10:13 - [TEST_STEP][PASSED] - delay: Delayed 2 second(s)

2018-12-06 16:10:15 - [MESSAGE][PASSED] - Delayed 2 second(s)

2018-12-06 16:10:15 - [TEST_STEP][PASSED] - click: Object: 'Object Repository/Final Object Repo/Page_Update Employee Information By Employee/Employee Information Edit Button' is clicked on

2018-12-06 16:10:15 - [MESSAGE][PASSED] - Object: 'Object Repository/Final Object Repo/Page_Update Employee Information By Employee/Employee Information Edit Button' is clicked on

2018-12-06 16:10:15 - [TEST_STEP][PASSED] - delay: Delayed 2 second(s)

2018-12-06 16:10:17 - [MESSAGE][PASSED] - Delayed 2 second(s)

2018-12-06 16:10:17 - [TEST_STEP][PASSED] - click: Object: 'Object Repository/Final Object Repo/Page_Update Employee Information By Employee/New Identification Number' is clicked on

2018-12-06 16:10:17 - [MESSAGE][PASSED] - Object: 'Object Repository/Final Object Repo/Page_Update Employee Information By Employee/New Identification Number' is clicked on

2018-12-06 16:10:17 - [TEST_STEP][PASSED] - setText: Text '' is set on object 'Object Repository/Final Object Repo/Page_Update Employee Information By Employee/New Identification Number'

2018-12-06 16:10:18 - [MESSAGE][PASSED] - Text '' is set on object 'Object Repository/Final Object Repo/Page_Update Employee Information By Employee/New Identification Number'

2018-12-06 16:10:18 - [TEST_STEP][PASSED] - Statement - rnd = new java.util.Random(): null

2018-12-06 16:10:18 - [TEST_STEP][PASSED] - Statement - snum = rnd.nextInt(899999 + 1) + 100000: null

2018-12-06 16:10:18 - [TEST_STEP][PASSED] - Statement - tnum = rnd.nextInt(899999 + 1) + 100000: null

2018-12-06 16:10:18 - [TEST_STEP][PASSED] - Statement - IC = java.lang.Integer.toString(snum) + java.lang.Integer.toString(tnum): null

2018-12-06 16:10:18 - [TEST_STEP][PASSED] - Statement - out.println(IC): null

2018-12-06 16:10:18 - [TEST_STEP][PASSED] - setText: Text '212127861338' is set on object 'Object Repository/Final Object Repo/Page_Update Employee Information By Employee/New Identification Number'

2018-12-06 16:10:18 - [MESSAGE][PASSED] - Text '212127861338' is set on object 'Object Repository/Final Object Repo/Page_Update Employee Information By Employee/New Identification Number'

2018-12-06 16:10:18 - [TEST_STEP][PASSED] - delay: Delayed 2 second(s)

2018-12-06 16:10:20 - [MESSAGE][PASSED] - Delayed 2 second(s)

2018-12-06 16:10:20 - [TEST_STEP][PASSED] - click: Object: 'Object Repository/Final Object Repo/Page_Update Employee Information By Employee/Save' is clicked on

2018-12-06 16:10:20 - [MESSAGE][PASSED] - Object: 'Object Repository/Final Object Repo/Page_Update Employee Information By Employee/Save' is clicked on

2018-12-06 16:10:20 - [TEST_STEP][PASSED] - delay: Delayed 10 second(s)

2018-12-06 16:10:30 - [MESSAGE][PASSED] - Delayed 10 second(s)

2018-12-06 16:10:30 - [TEST_STEP][PASSED] - click: Object: 'Object Repository/Final Object Repo/Page_Update Employee Information By Employee/Save  Continue in Update Employee Information' is clicked on

2018-12-06 16:10:30 - [MESSAGE][PASSED] - Object: 'Object Repository/Final Object Repo/Page_Update Employee Information By Employee/Save  Continue in Update Employee Information' is clicked on

2018-12-06 16:10:30 - [TEST_STEP][PASSED] - delay: Delayed 2 second(s)

2018-12-06 16:10:32 - [MESSAGE][PASSED] - Delayed 2 second(s)

2018-12-06 16:10:32 - [TEST_STEP][PASSED] - click: Object: 'Object Repository/Final Object Repo/Page_Update Employee Information By Employee/Save  Continue in Uploading Page' is clicked on

2018-12-06 16:10:34 - [MESSAGE][PASSED] - Object: 'Object Repository/Final Object Repo/Page_Update Employee Information By Employee/Save  Continue in Uploading Page' is clicked on

2018-12-06 16:10:34 - [TEST_STEP][PASSED] - delay: Delayed 2 second(s)

2018-12-06 16:10:36 - [MESSAGE][PASSED] - Delayed 2 second(s)

2018-12-06 16:10:36 - [TEST_STEP][PASSED] - Statement - CaseReferenceNo = com.kms.katalon.core.webui.keyword.WebUiBuiltInKeywords.getText(com.kms.katalon.core.testobject.ObjectRepository.findTestObject(Final Object Repo/Page_Update Employer Information/Reference Number in Update Employee Information Page)): Text of object 'Object Repository/Final Object Repo/Page_Update Employer Information/Reference Number in Update Employee Information Page' is: 'CUN122018C100005838'

2018-12-06 16:10:37 - [MESSAGE][PASSED] - Text of object 'Object Repository/Final Object Repo/Page_Update Employer Information/Reference Number in Update Employee Information Page' is: 'CUN122018C100005838'

2018-12-06 16:10:37 - [TEST_STEP][PASSED] - callTestCase: Call Test Case 'Test Cases/Final Aug 2018 - PKS Automation/Common/Reference Number Setter' successfully

2018-12-06 16:10:37 - [TEST_CASE][PASSED] - Test Cases/Final Aug 2018 - PKS Automation/Common/Reference Number Setter: Test Cases/Final Aug 2018 - PKS Automation/Common/Reference Number Setter

2018-12-06 16:10:37 - [TEST_STEP][PASSED] - Statement - RefNoOldFile = new java.io.File(C://Users//Admin//Desktop//PKS//Automation Reference Point//KatalonReference.txt): null

2018-12-06 16:10:37 - [TEST_STEP][PASSED] - Statement - RefNoOldFile.delete(): null

2018-12-06 16:10:37 - [TEST_STEP][PASSED] - delay: Delayed 5 second(s)

2018-12-06 16:10:42 - [MESSAGE][PASSED] - Delayed 5 second(s)

2018-12-06 16:10:42 - [TEST_STEP][PASSED] - Statement - RefNo = new java.io.File(C://Users//Admin//Desktop//PKS//Automation Reference Point//KatalonReference.txt): null

2018-12-06 16:10:42 - [TEST_STEP][PASSED] - Statement - f2 = new java.io.FileWriter(RefNo, false): null

2018-12-06 16:10:42 - [TEST_STEP][PASSED] - Statement - f2.write(CaseReferenceNo): null

2018-12-06 16:10:42 - [TEST_STEP][PASSED] - Statement - f2.close(): null

2018-12-06 16:10:42 - [TEST_STEP][PASSED] - Statement - out.println("


" + CaseReferenceNo + "


"): null

2018-12-06 16:10:42 - [MESSAGE][PASSED] - Call Test Case 'Test Cases/Final Aug 2018 - PKS Automation/Common/Reference Number Setter' successfully

2018-12-06 16:10:42 - [TEST_STEP][PASSED] - delay: Delayed 2 second(s)

2018-12-06 16:10:44 - [MESSAGE][PASSED] - Delayed 2 second(s)

2018-12-06 16:10:44 - [TEST_STEP][PASSED] - click: Object: 'Object Repository/Final Object Repo/Page_Update Employee Information By Employee/Submit' is clicked on

2018-12-06 16:10:44 - [MESSAGE][PASSED] - Object: 'Object Repository/Final Object Repo/Page_Update Employee Information By Employee/Submit' is clicked on

2018-12-06 16:10:44 - [TEST_STEP][PASSED] - delay: Delayed 2 second(s)

2018-12-06 16:10:47 - [MESSAGE][PASSED] - Delayed 2 second(s)

2018-12-06 16:10:47 - [TEST_STEP][PASSED] - click: Object: 'Object Repository/Final Object Repo/Page_Update Employee Information By Employee/Confirm Button' is clicked on

2018-12-06 16:10:47 - [MESSAGE][PASSED] - Object: 'Object Repository/Final Object Repo/Page_Update Employee Information By Employee/Confirm Button' is clicked on

2018-12-06 16:10:47 - [TEST_STEP][PASSED] - delay: Delayed 2 second(s)

2018-12-06 16:10:49 - [MESSAGE][PASSED] - Delayed 2 second(s)

2018-12-06 16:10:49 - [TEST_STEP][PASSED] - click: Object: 'Object Repository/Final Object Repo/Page_Update Employee Information By Employee/Successful Message Routed to UO' is clicked on

2018-12-06 16:10:50 - [MESSAGE][PASSED] - Object: 'Object Repository/Final Object Repo/Page_Update Employee Information By Employee/Successful Message Routed to UO' is clicked on

2018-12-06 16:10:50 - [MESSAGE][PASSED] - Call Test Case 'Test Cases/Final Aug 2018 - PKS Automation/Registration Module/Workflow/Update Employee Information (Employee)/Template/Update Employee Information - Special Case (OTC)' successfully

2018-12-06 16:10:50 - [TEST_STEP][PASSED] - callTestCase: Call Test Case 'Test Cases/Final Aug 2018 - PKS Automation/Registration Module/Workflow/Update Employee Information (Employee)/Template/Update Employee Information - Special Case - UO (Reject)' successfully

2018-12-06 16:10:50 - [TEST_CASE][PASSED] - Test Cases/Final Aug 2018 - PKS Automation/Registration Module/Workflow/Update Employee Information (Employee)/Template/Update Employee Information - Special Case - UO (Reject): Test Cases/Final Aug 2018 - PKS Automation/Registration Module/Workflow/Update Employee Information (Employee)/Template/Update Employee Information - Special Case - UO (Reject)

2018-12-06 16:10:51 - [TEST_STEP][NOT_RUN] - callTestCase: NOT_RUN: callTestCase

2018-12-06 16:10:51 - [MESSAGE][NOT_RUN] - NOT_RUN: callTestCase

2018-12-06 16:10:51 - [TEST_STEP][PASSED] - delay: Delayed 2 second(s)

2018-12-06 16:10:53 - [MESSAGE][PASSED] - Delayed 2 second(s)

2018-12-06 16:10:53 - [TEST_STEP][PASSED] - navigateToUrl: Navigate to 'https://assist2-uat.perkeso.gov.my/c/portal/logout' successfully

2018-12-06 16:10:54 - [MESSAGE][PASSED] - Navigate to 'https://assist2-uat.perkeso.gov.my/c/portal/logout' successfully

2018-12-06 16:10:54 - [TEST_STEP][PASSED] - delay: Delayed 2 second(s)

2018-12-06 16:10:56 - [MESSAGE][PASSED] - Delayed 2 second(s)

2018-12-06 16:10:56 - [TEST_STEP][PASSED] - callTestCase: Call Test Case 'Test Cases/Final Aug 2018 - PKS Automation/Common/Reference Number Getter' successfully

2018-12-06 16:10:56 - [TEST_CASE][PASSED] - Test Cases/Final Aug 2018 - PKS Automation/Common/Reference Number Getter: Test Cases/Final Aug 2018 - PKS Automation/Common/Reference Number Getter

2018-12-06 16:10:56 - [TEST_STEP][PASSED] - Statement - Try: null

2018-12-06 16:10:56 - [TEST_STEP][PASSED] - Statement - RefNo = new java.io.File(C://Users//Admin//Desktop//PKS//Automation Reference Point//KatalonReference.txt): null

2018-12-06 16:10:56 - [TEST_STEP][PASSED] - Statement - bufferread = new java.io.BufferedReader(new java.io.FileReader(RefNo)): null

2018-12-06 16:10:56 - [TEST_STEP][PASSED] - Statement - readedVal = bufferread.readLine(): null

2018-12-06 16:10:56 - [TEST_STEP][PASSED] - Statement - out.println(CaseReferenceNo): null

2018-12-06 16:10:56 - [TEST_STEP][PASSED] - Statement - out.println(readedVal): null

2018-12-06 16:10:56 - [TEST_STEP][PASSED] - Statement - CaseReferenceNo = "": null

2018-12-06 16:10:56 - [TEST_STEP][PASSED] - Statement - CaseReferenceNo = readedVal: null

2018-12-06 16:10:56 - [MESSAGE][PASSED] - Call Test Case 'Test Cases/Final Aug 2018 - PKS Automation/Common/Reference Number Getter' successfully

2018-12-06 16:10:56 - [TEST_STEP][PASSED] - callTestCase: Call Test Case 'Test Cases/Final Aug 2018 - PKS Automation/Common/Workflow Owner Finder' successfully

2018-12-06 16:10:56 - [TEST_CASE][PASSED] - Test Cases/Final Aug 2018 - PKS Automation/Common/Workflow Owner Finder: Test Cases/Final Aug 2018 - PKS Automation/Common/Workflow Owner Finder

2018-12-06 16:10:56 - [TEST_STEP][PASSED] - openBrowser: Browser is opened with url: ''

2018-12-06 16:10:56 - [MESSAGE][WARNING] - A browser is already opened. Closing browser and opening a new one

2018-12-06 16:10:59 - [MESSAGE][PASSED] - Browser is opened with url: ''

2018-12-06 16:10:59 - [TEST_STEP][PASSED] - navigateToUrl: Navigate to 'https://assist2-uat.perkeso.gov.my/login' successfully

2018-12-06 16:11:00 - [MESSAGE][PASSED] - Navigate to 'https://assist2-uat.perkeso.gov.my/login' successfully

2018-12-06 16:11:00 - [TEST_STEP][PASSED] - delay: Delayed 5 second(s)

2018-12-06 16:11:05 - [MESSAGE][PASSED] - Delayed 5 second(s)

2018-12-06 16:11:05 - [TEST_STEP][PASSED] - setText: Text 'test@liferay.com' is set on object 'Object Repository/Final Object Repo/Login Page/Internal User/Email Address'

2018-12-06 16:11:06 - [MESSAGE][PASSED] - Text 'test@liferay.com' is set on object 'Object Repository/Final Object Repo/Login Page/Internal User/Email Address'

2018-12-06 16:11:06 - [TEST_STEP][PASSED] - click: Object: 'Object Repository/Final Object Repo/Login Page/Internal User/Next Button' is clicked on

2018-12-06 16:11:06 - [MESSAGE][PASSED] - Object: 'Object Repository/Final Object Repo/Login Page/Internal User/Next Button' is clicked on

2018-12-06 16:11:06 - [TEST_STEP][PASSED] - delay: Delayed 2 second(s)

2018-12-06 16:11:08 - [MESSAGE][PASSED] - Delayed 2 second(s)

2018-12-06 16:11:08 - [TEST_STEP][PASSED] - setText: Text 'test' is set on object 'Object Repository/Final Object Repo/Login Page/Internal User/Password'

2018-12-06 16:11:08 - [MESSAGE][PASSED] - Text 'test' is set on object 'Object Repository/Final Object Repo/Login Page/Internal User/Password'

2018-12-06 16:11:08 - [TEST_STEP][PASSED] - delay: Delayed 2 second(s)

2018-12-06 16:11:10 - [MESSAGE][PASSED] - Delayed 2 second(s)

2018-12-06 16:11:10 - [TEST_STEP][PASSED] - click: Object: 'Object Repository/Final Object Repo/Login Page/Internal User/Login Button' is clicked on

2018-12-06 16:11:10 - [MESSAGE][PASSED] - Object: 'Object Repository/Final Object Repo/Login Page/Internal User/Login Button' is clicked on

2018-12-06 16:11:10 - [TEST_STEP][PASSED] - Statement - tester = com.kms.katalon.core.testobject.ObjectRepository.findTestObject(Final Object Repo/Landing Page/Select to English): Finding Test Object with id 'Object Repository/Final Object Repo/Landing Page/Select to English'

2018-12-06 16:11:10 - [TEST_STEP][PASSED] - Statement - Try: Delayed 2 second(s)

2018-12-06 16:11:10 - [TEST_STEP][PASSED] - Statement - Checker = com.kms.katalon.core.webui.keyword.WebUiBuiltInKeywords.verifyElementNotPresent(tester, 3): Web element with id: 'Object Repository/Final Object Repo/Landing Page/Select to English' located by 'By.xpath: //a[@class = 'taglib-language-list-text' and @lang = 'en-US' and (contains(text(), 'EN') or contains(., 'EN'))]' is not present after '3' second(s)

2018-12-06 16:11:12 - [MESSAGE][PASSED] - Web element with id: 'Object Repository/Final Object Repo/Landing Page/Select to English' located by 'By.xpath: //a[@class = 'taglib-language-list-text' and @lang = 'en-US' and (contains(text(), 'EN') or contains(., 'EN'))]' is not present after '3' second(s)

2018-12-06 16:11:12 - [TEST_STEP][PASSED] - Statement - If (Checker == false): null

2018-12-06 16:11:12 - [TEST_STEP][PASSED] - delay: Delayed 2 second(s)

2018-12-06 16:11:14 - [MESSAGE][PASSED] - Delayed 2 second(s)

2018-12-06 16:11:14 - [TEST_STEP][PASSED] - delay: Delayed 5 second(s)

2018-12-06 16:11:19 - [MESSAGE][PASSED] - Delayed 5 second(s)

2018-12-06 16:11:19 - [TEST_STEP][PASSED] - mouseOver: Object: 'Object Repository/Final Object Repo/Landing Page/WorkFlow Menu' is hovered

2018-12-06 16:11:19 - [MESSAGE][PASSED] - Object: 'Object Repository/Final Object Repo/Landing Page/WorkFlow Menu' is hovered

2018-12-06 16:11:19 - [TEST_STEP][PASSED] - delay: Delayed 2 second(s)

2018-12-06 16:11:21 - [MESSAGE][PASSED] - Delayed 2 second(s)

2018-12-06 16:11:21 - [TEST_STEP][PASSED] - click: Object: 'Object Repository/Final Object Repo/Landing Page/Select to Workflow Listing' is clicked on

2018-12-06 16:11:23 - [MESSAGE][PASSED] - Object: 'Object Repository/Final Object Repo/Landing Page/Select to Workflow Listing' is clicked on

2018-12-06 16:11:23 - [TEST_STEP][PASSED] - delay: Delayed 2 second(s)

2018-12-06 16:11:25 - [MESSAGE][PASSED] - Delayed 2 second(s)

2018-12-06 16:11:25 - [TEST_STEP][PASSED] - click: Object: 'Object Repository/Final Object Repo/WorkFlow Listing Page/Search Information - To Put Ref No' is clicked on

2018-12-06 16:11:25 - [MESSAGE][PASSED] - Object: 'Object Repository/Final Object Repo/WorkFlow Listing Page/Search Information - To Put Ref No' is clicked on

2018-12-06 16:11:25 - [TEST_STEP][PASSED] - delay: Delayed 2 second(s)

2018-12-06 16:11:27 - [MESSAGE][PASSED] - Delayed 2 second(s)

2018-12-06 16:11:27 - [TEST_STEP][PASSED] - callTestCase: Call Test Case 'Test Cases/Final Aug 2018 - PKS Automation/Common/Reference Number Getter' successfully

2018-12-06 16:11:27 - [TEST_CASE][PASSED] - Test Cases/Final Aug 2018 - PKS Automation/Common/Reference Number Getter: Test Cases/Final Aug 2018 - PKS Automation/Common/Reference Number Getter

2018-12-06 16:11:27 - [TEST_STEP][PASSED] - Statement - Try: null

2018-12-06 16:11:27 - [TEST_STEP][PASSED] - Statement - RefNo = new java.io.File(C://Users//Admin//Desktop//PKS//Automation Reference Point//KatalonReference.txt): null

2018-12-06 16:11:27 - [TEST_STEP][PASSED] - Statement - bufferread = new java.io.BufferedReader(new java.io.FileReader(RefNo)): null

2018-12-06 16:11:27 - [TEST_STEP][PASSED] - Statement - readedVal = bufferread.readLine(): null

2018-12-06 16:11:27 - [TEST_STEP][PASSED] - Statement - out.println(CaseReferenceNo): null

2018-12-06 16:11:27 - [TEST_STEP][PASSED] - Statement - out.println(readedVal): null

2018-12-06 16:11:27 - [TEST_STEP][PASSED] - Statement - CaseReferenceNo = "": null

2018-12-06 16:11:27 - [TEST_STEP][PASSED] - Statement - CaseReferenceNo = readedVal: null

2018-12-06 16:11:27 - [MESSAGE][PASSED] - Call Test Case 'Test Cases/Final Aug 2018 - PKS Automation/Common/Reference Number Getter' successfully

2018-12-06 16:11:27 - [TEST_STEP][PASSED] - setText: Text 'CUN122018C100005838' is set on object 'Object Repository/Final Object Repo/WorkFlow Listing Page/Ref No Set Text'

2018-12-06 16:11:27 - [MESSAGE][PASSED] - Text 'CUN122018C100005838' is set on object 'Object Repository/Final Object Repo/WorkFlow Listing Page/Ref No Set Text'

2018-12-06 16:11:27 - [TEST_STEP][PASSED] - delay: Delayed 2 second(s)

2018-12-06 16:11:29 - [MESSAGE][PASSED] - Delayed 2 second(s)

2018-12-06 16:11:29 - [TEST_STEP][PASSED] - click: Object: 'Object Repository/Final Object Repo/WorkFlow Listing Page/Search Ref No Search Button' is clicked on

2018-12-06 16:11:30 - [MESSAGE][PASSED] - Object: 'Object Repository/Final Object Repo/WorkFlow Listing Page/Search Ref No Search Button' is clicked on

2018-12-06 16:11:30 - [TEST_STEP][PASSED] - delay: Delayed 6 second(s)

2018-12-06 16:11:36 - [MESSAGE][PASSED] - Delayed 6 second(s)

2018-12-06 16:11:36 - [TEST_STEP][PASSED] - click: Object: 'Object Repository/Final Object Repo/WorkFlow Listing Page/Click Continue Tooltip' is clicked on

2018-12-06 16:11:37 - [MESSAGE][PASSED] - Object: 'Object Repository/Final Object Repo/WorkFlow Listing Page/Click Continue Tooltip' is clicked on

2018-12-06 16:11:37 - [TEST_STEP][PASSED] - delay: Delayed 5 second(s)

2018-12-06 16:11:42 - [MESSAGE][PASSED] - Delayed 5 second(s)

2018-12-06 16:11:42 - [TEST_STEP][PASSED] - doubleClick: Object: 'Object Repository/Final Object Repo/WorkFlow Listing Page/Workflow Found - Listing 1' is double clicked on

2018-12-06 16:11:42 - [MESSAGE][PASSED] - Object: 'Object Repository/Final Object Repo/WorkFlow Listing Page/Workflow Found - Listing 1' is double clicked on

2018-12-06 16:11:42 - [TEST_STEP][PASSED] - Statement - println(OwnerID): null

2018-12-06 16:11:42 - [TEST_STEP][PASSED] - Statement - OwnerID = com.kms.katalon.core.webui.keyword.WebUiBuiltInKeywords.getText(com.kms.katalon.core.testobject.ObjectRepository.findTestObject(Final Object Repo/WorkFlow Listing Page/Workflow Found - Listing 1), STOP_ON_FAILURE): Text of object 'Object Repository/Final Object Repo/WorkFlow Listing Page/Workflow Found - Listing 1' is: 'JOHORuo1'

2018-12-06 16:11:42 - [MESSAGE][PASSED] - Text of object 'Object Repository/Final Object Repo/WorkFlow Listing Page/Workflow Found - Listing 1' is: 'JOHORuo1'

2018-12-06 16:11:42 - [TEST_STEP][PASSED] - Statement - OwnerID = OwnerID.toLowerCase() + "@gmail.com": null

2018-12-06 16:11:42 - [TEST_STEP][PASSED] - Statement - println(OwnerID): null

2018-12-06 16:11:42 - [TEST_STEP][PASSED] - delay: Delayed 2 second(s)

2018-12-06 16:11:44 - [MESSAGE][PASSED] - Delayed 2 second(s)

2018-12-06 16:11:44 - [MESSAGE][PASSED] - Call Test Case 'Test Cases/Final Aug 2018 - PKS Automation/Common/Workflow Owner Finder' successfully

2018-12-06 16:11:44 - [TEST_STEP][PASSED] - delay: Delayed 2 second(s)

2018-12-06 16:11:46 - [MESSAGE][PASSED] - Delayed 2 second(s)

2018-12-06 16:11:46 - [TEST_STEP][PASSED] - navigateToUrl: Navigate to 'https://assist2-uat.perkeso.gov.my/c/portal/logout' successfully

2018-12-06 16:11:47 - [MESSAGE][PASSED] - Navigate to 'https://assist2-uat.perkeso.gov.my/c/portal/logout' successfully

2018-12-06 16:11:47 - [TEST_STEP][PASSED] - delay: Delayed 2 second(s)

2018-12-06 16:11:49 - [MESSAGE][PASSED] - Delayed 2 second(s)

2018-12-06 16:11:49 - [TEST_STEP][PASSED] - callTestCase: Call Test Case 'Test Cases/Final Aug 2018 - PKS Automation/Registration Module/Workflow/Login and Search Case For Workflow' successfully

2018-12-06 16:11:49 - [TEST_CASE][PASSED] - Test Cases/Final Aug 2018 - PKS Automation/Registration Module/Workflow/Login and Search Case For Workflow: Test Cases/Final Aug 2018 - PKS Automation/Registration Module/Workflow/Login and Search Case For Workflow

2018-12-06 16:11:49 - [TEST_STEP][PASSED] - navigateToUrl: Navigate to 'https://assist2-uat.perkeso.gov.my/login' successfully

2018-12-06 16:11:49 - [MESSAGE][PASSED] - Navigate to 'https://assist2-uat.perkeso.gov.my/login' successfully

2018-12-06 16:11:49 - [TEST_STEP][PASSED] - setText: Text 'johoruo1@gmail.com' is set on object 'Object Repository/Final Object Repo/Login Page/Internal User/Email Address'

2018-12-06 16:11:50 - [MESSAGE][PASSED] - Text 'johoruo1@gmail.com' is set on object 'Object Repository/Final Object Repo/Login Page/Internal User/Email Address'

2018-12-06 16:11:50 - [TEST_STEP][PASSED] - click: Object: 'Object Repository/Final Object Repo/Login Page/Internal User/Next Button' is clicked on

2018-12-06 16:11:50 - [MESSAGE][PASSED] - Object: 'Object Repository/Final Object Repo/Login Page/Internal User/Next Button' is clicked on

2018-12-06 16:11:50 - [TEST_STEP][PASSED] - delay: Delayed 1 second(s)

2018-12-06 16:11:51 - [MESSAGE][PASSED] - Delayed 1 second(s)

2018-12-06 16:11:51 - [TEST_STEP][PASSED] - setEncryptedText: Text ****** has been set on object 'Object Repository/Final Object Repo/Login Page/Internal User/Password'

2018-12-06 16:11:51 - [MESSAGE][PASSED] - Text ****** has been set on object 'Object Repository/Final Object Repo/Login Page/Internal User/Password'

2018-12-06 16:11:51 - [TEST_STEP][PASSED] - click: Object: 'Object Repository/Final Object Repo/Login Page/Internal User/Login Button' is clicked on

2018-12-06 16:11:52 - [MESSAGE][PASSED] - Object: 'Object Repository/Final Object Repo/Login Page/Internal User/Login Button' is clicked on

2018-12-06 16:11:52 - [TEST_STEP][PASSED] - delay: Delayed 2 second(s)

2018-12-06 16:11:54 - [MESSAGE][PASSED] - Delayed 2 second(s)

2018-12-06 16:11:54 - [TEST_STEP][PASSED] - Statement - Try: Delayed 2 second(s)

2018-12-06 16:11:54 - [TEST_STEP][PASSED] - Statement - Checker = false: null

2018-12-06 16:11:54 - [TEST_STEP][PASSED] - Statement - Checker = com.kms.katalon.core.webui.keyword.WebUiBuiltInKeywords.verifyElementHasAttribute(com.kms.katalon.core.testobject.ObjectRepository.findTestObject(Final Object Repo/Landing Page/BM Detecting), "href", 20, OPTIONAL): Object 'Object Repository/Final Object Repo/Landing Page/BM Detecting' has attribute 'href'

2018-12-06 16:11:54 - [MESSAGE][PASSED] - Object 'Object Repository/Final Object Repo/Landing Page/BM Detecting' has attribute 'href'

2018-12-06 16:11:54 - [TEST_STEP][PASSED] - Statement - out.println(Checker): null

2018-12-06 16:11:54 - [TEST_STEP][PASSED] - Statement - If (Checker == false): null

2018-12-06 16:11:54 - [TEST_STEP][PASSED] - Statement - Else: null

2018-12-06 16:11:54 - [TEST_STEP][PASSED] - delay: Delayed 2 second(s)

2018-12-06 16:11:56 - [MESSAGE][PASSED] - Delayed 2 second(s)

2018-12-06 16:11:56 - [TEST_STEP][PASSED] - click: Object: 'Object Repository/Final Object Repo/Page_MyASSIST - ASSIST - Search Pending Case For Add Supporting Document/Search Information' is clicked on

2018-12-06 16:11:56 - [MESSAGE][PASSED] - Object: 'Object Repository/Final Object Repo/Page_MyASSIST - ASSIST - Search Pending Case For Add Supporting Document/Search Information' is clicked on

2018-12-06 16:11:56 - [TEST_STEP][PASSED] - delay: Delayed 3 second(s)

2018-12-06 16:11:59 - [MESSAGE][PASSED] - Delayed 3 second(s)

2018-12-06 16:11:59 - [TEST_STEP][PASSED] - sendKeys: Keys 'CUN122018C100005838' sent to object: 'Object Repository/Final Object Repo/Page_MyASSIST - ASSIST - Search Pending Case For Add Supporting Document/Reference No'

2018-12-06 16:11:59 - [MESSAGE][PASSED] - Keys 'CUN122018C100005838' sent to object: 'Object Repository/Final Object Repo/Page_MyASSIST - ASSIST - Search Pending Case For Add Supporting Document/Reference No'

2018-12-06 16:11:59 - [TEST_STEP][PASSED] - click: Object: 'Object Repository/Final Object Repo/Page_MyASSIST - ASSIST - Search Pending Case For Add Supporting Document/Search Reference No' is clicked on

2018-12-06 16:11:59 - [MESSAGE][PASSED] - Object: 'Object Repository/Final Object Repo/Page_MyASSIST - ASSIST - Search Pending Case For Add Supporting Document/Search Reference No' is clicked on

2018-12-06 16:11:59 - [TEST_STEP][PASSED] - delay: Delayed 2 second(s)

2018-12-06 16:12:01 - [MESSAGE][PASSED] - Delayed 2 second(s)

2018-12-06 16:12:01 - [TEST_STEP][PASSED] - click: Object: 'Object Repository/Final Object Repo/Page_MyASSIST - ASSIST - Search Pending Case For Add Supporting Document/Continue' is clicked on

2018-12-06 16:12:05 - [MESSAGE][PASSED] - Object: 'Object Repository/Final Object Repo/Page_MyASSIST - ASSIST - Search Pending Case For Add Supporting Document/Continue' is clicked on

2018-12-06 16:12:05 - [TEST_STEP][PASSED] - delay: Delayed 20 second(s)

2018-12-06 16:12:25 - [MESSAGE][PASSED] - Delayed 20 second(s)

2018-12-06 16:12:25 - [MESSAGE][PASSED] - Call Test Case 'Test Cases/Final Aug 2018 - PKS Automation/Registration Module/Workflow/Login and Search Case For Workflow' successfully

2018-12-06 16:12:25 - [TEST_STEP][PASSED] - delay: Delayed 2 second(s)

2018-12-06 16:12:27 - [MESSAGE][PASSED] - Delayed 2 second(s)

2018-12-06 16:12:27 - [TEST_STEP][PASSED] - click: Object: 'Object Repository/Final Object Repo/Page_Update Employee Information By Employee/Page_Update Employee Information By Employee (Approve)/Continue' is clicked on

2018-12-06 16:12:31 - [MESSAGE][PASSED] - Object: 'Object Repository/Final Object Repo/Page_Update Employee Information By Employee/Page_Update Employee Information By Employee (Approve)/Continue' is clicked on

2018-12-06 16:12:31 - [TEST_STEP][PASSED] - delay: Delayed 10 second(s)

2018-12-06 16:12:41 - [MESSAGE][PASSED] - Delayed 10 second(s)

2018-12-06 16:12:41 - [TEST_STEP][PASSED] - click: Object: 'Object Repository/Final Object Repo/Page_Update Employee Information By Employer/Page_Update Employee Information by Employer (Approve)/Save  Continue in Update Employee Information Page' is clicked on

2018-12-06 16:12:41 - [MESSAGE][PASSED] - Object: 'Object Repository/Final Object Repo/Page_Update Employee Information By Employer/Page_Update Employee Information by Employer (Approve)/Save  Continue in Update Employee Information Page' is clicked on

2018-12-06 16:12:41 - [TEST_STEP][PASSED] - delay: Delayed 2 second(s)

2018-12-06 16:12:43 - [MESSAGE][PASSED] - Delayed 2 second(s)

2018-12-06 16:12:43 - [TEST_STEP][PASSED] - click: Object: 'Object Repository/Final Object Repo/Page_Update Employee Information By Employer/Page_Update Employee Information by Employer (Approve)/Save  Continue in Upload Supporting Doucument Page' is clicked on

2018-12-06 16:12:44 - [MESSAGE][PASSED] - Object: 'Object Repository/Final Object Repo/Page_Update Employee Information By Employer/Page_Update Employee Information by Employer (Approve)/Save  Continue in Upload Supporting Doucument Page' is clicked on

2018-12-06 16:12:44 - [TEST_STEP][PASSED] - delay: Delayed 2 second(s)

2018-12-06 16:12:46 - [MESSAGE][PASSED] - Delayed 2 second(s)

2018-12-06 16:12:46 - [TEST_STEP][PASSED] - click: Object: 'Object Repository/Final Object Repo/Page_Update Employee Information By Employee/Page_Update Employee Information by Employee (Reject)/Reject' is clicked on

2018-12-06 16:12:48 - [MESSAGE][PASSED] - Object: 'Object Repository/Final Object Repo/Page_Update Employee Information By Employee/Page_Update Employee Information by Employee (Reject)/Reject' is clicked on

2018-12-06 16:12:48 - [TEST_STEP][PASSED] - delay: Delayed 2 second(s)

2018-12-06 16:12:50 - [MESSAGE][PASSED] - Delayed 2 second(s)

2018-12-06 16:12:50 - [TEST_STEP][PASSED] - click: Object: 'Object Repository/Final Object Repo/Page_Update Employee Information By Employee/Page_Update Employee Information by Employee (Reject)/Confirm' is clicked on

2018-12-06 16:12:50 - [MESSAGE][PASSED] - Object: 'Object Repository/Final Object Repo/Page_Update Employee Information By Employee/Page_Update Employee Information by Employee (Reject)/Confirm' is clicked on

2018-12-06 16:12:50 - [TEST_STEP][PASSED] - delay: Delayed 2 second(s)

2018-12-06 16:12:52 - [MESSAGE][PASSED] - Delayed 2 second(s)

2018-12-06 16:12:52 - [TEST_STEP][PASSED] - verifyElementVisible: Object 'Object Repository/Final Object Repo/Page_Update Employee Information By Employee/Page_Update Employee Information by Employee (Reject)/Message This Case has been Rejected' is visible

2018-12-06 16:12:56 - [MESSAGE][PASSED] - Object 'Object Repository/Final Object Repo/Page_Update Employee Information By Employee/Page_Update Employee Information by Employee (Reject)/Message This Case has been Rejected' is visible

2018-12-06 16:12:56 - [TEST_STEP][PASSED] - verifyElementVisible: Object 'Object Repository/Final Object Repo/Page_Update Employee Information By Employee/Page_Update Employee Information by Employee (Reject)/Letter of update rejection' is visible

2018-12-06 16:12:56 - [MESSAGE][PASSED] - Object 'Object Repository/Final Object Repo/Page_Update Employee Information By Employee/Page_Update Employee Information by Employee (Reject)/Letter of update rejection' is visible

2018-12-06 16:12:56 - [MESSAGE][PASSED] - Call Test Case 'Test Cases/Final Aug 2018 - PKS Automation/Registration Module/Workflow/Update Employee Information (Employee)/Template/Update Employee Information - Special Case - UO (Reject)' successfully]]></system-out>
         <system-err><![CDATA[]]></system-err>
      </testcase>
      <testcase name="Test Cases/Final Aug 2018 - PKS Automation/Registration Module/Workflow/Update Employee Information (Employee)/OTC to UO (Under enforcement)" classname="Test Cases/Final Aug 2018 - PKS Automation/Registration Module/Workflow/Update Employee Information (Employee)/OTC to UO (Under enforcement)" status="PASSED">
         <system-out><![CDATA[2018-12-06 16:12:56 - [TEST_CASE][PASSED] - Test Cases/Final Aug 2018 - PKS Automation/Registration Module/Workflow/Update Employee Information (Employee)/OTC to UO (Under enforcement): Test Cases/Final Aug 2018 - PKS Automation/Registration Module/Workflow/Update Employee Information (Employee)/OTC to UO (Under enforcement)

2018-12-06 16:12:56 - [TEST_STEP][PASSED] - callTestCase: Call Test Case 'Test Cases/Final Aug 2018 - PKS Automation/Registration Module/Workflow/Update Employee Information (Employee)/Template/Update Employee Information - Special Case (OTC)' successfully

2018-12-06 16:12:56 - [TEST_CASE][PASSED] - Test Cases/Final Aug 2018 - PKS Automation/Registration Module/Workflow/Update Employee Information (Employee)/Template/Update Employee Information - Special Case (OTC): Test Cases/Final Aug 2018 - PKS Automation/Registration Module/Workflow/Update Employee Information (Employee)/Template/Update Employee Information - Special Case (OTC)

2018-12-06 16:12:56 - [TEST_STEP][PASSED] - openBrowser: Browser is opened with url: ''

2018-12-06 16:12:56 - [MESSAGE][WARNING] - A browser is already opened. Closing browser and opening a new one

2018-12-06 16:12:59 - [MESSAGE][PASSED] - Browser is opened with url: ''

2018-12-06 16:12:59 - [TEST_STEP][PASSED] - navigateToUrl: Navigate to 'https://assist2-uat.perkeso.gov.my/login' successfully

2018-12-06 16:13:00 - [MESSAGE][PASSED] - Navigate to 'https://assist2-uat.perkeso.gov.my/login' successfully

2018-12-06 16:13:00 - [TEST_STEP][PASSED] - setText: Text 'johorotc1@gmail.com' is set on object 'Object Repository/Final Object Repo/Login Page/Internal User/Email Address'

2018-12-06 16:13:00 - [MESSAGE][PASSED] - Text 'johorotc1@gmail.com' is set on object 'Object Repository/Final Object Repo/Login Page/Internal User/Email Address'

2018-12-06 16:13:00 - [TEST_STEP][PASSED] - click: Object: 'Object Repository/Final Object Repo/Login Page/Internal User/Next Button' is clicked on

2018-12-06 16:13:01 - [MESSAGE][PASSED] - Object: 'Object Repository/Final Object Repo/Login Page/Internal User/Next Button' is clicked on

2018-12-06 16:13:01 - [TEST_STEP][PASSED] - delay: Delayed 1 second(s)

2018-12-06 16:13:02 - [MESSAGE][PASSED] - Delayed 1 second(s)

2018-12-06 16:13:02 - [TEST_STEP][PASSED] - setEncryptedText: Text ****** has been set on object 'Object Repository/Final Object Repo/Login Page/Internal User/Password'

2018-12-06 16:13:02 - [MESSAGE][PASSED] - Text ****** has been set on object 'Object Repository/Final Object Repo/Login Page/Internal User/Password'

2018-12-06 16:13:02 - [TEST_STEP][PASSED] - click: Object: 'Object Repository/Final Object Repo/Login Page/Internal User/Login Button' is clicked on

2018-12-06 16:13:02 - [MESSAGE][PASSED] - Object: 'Object Repository/Final Object Repo/Login Page/Internal User/Login Button' is clicked on

2018-12-06 16:13:02 - [TEST_STEP][PASSED] - Statement - tester = com.kms.katalon.core.testobject.ObjectRepository.findTestObject(Final Object Repo/Landing Page/Select to English): Finding Test Object with id 'Object Repository/Final Object Repo/Landing Page/Select to English'

2018-12-06 16:13:02 - [TEST_STEP][PASSED] - Statement - Try: Delayed 2 second(s)

2018-12-06 16:13:02 - [TEST_STEP][PASSED] - Statement - Checker = com.kms.katalon.core.webui.keyword.WebUiBuiltInKeywords.verifyElementNotPresent(tester, 3): Web element with id: 'Object Repository/Final Object Repo/Landing Page/Select to English' located by 'By.xpath: //a[@class = 'taglib-language-list-text' and @lang = 'en-US' and (contains(text(), 'EN') or contains(., 'EN'))]' is not present after '3' second(s)

2018-12-06 16:13:04 - [MESSAGE][PASSED] - Web element with id: 'Object Repository/Final Object Repo/Landing Page/Select to English' located by 'By.xpath: //a[@class = 'taglib-language-list-text' and @lang = 'en-US' and (contains(text(), 'EN') or contains(., 'EN'))]' is not present after '3' second(s)

2018-12-06 16:13:04 - [TEST_STEP][PASSED] - Statement - If (Checker == false): null

2018-12-06 16:13:04 - [TEST_STEP][PASSED] - delay: Delayed 2 second(s)

2018-12-06 16:13:06 - [MESSAGE][PASSED] - Delayed 2 second(s)

2018-12-06 16:13:06 - [TEST_STEP][PASSED] - delay: Delayed 5 second(s)

2018-12-06 16:13:11 - [MESSAGE][PASSED] - Delayed 5 second(s)

2018-12-06 16:13:11 - [TEST_STEP][PASSED] - navigateToUrl: Navigate to 'https://assist2-uat.perkeso.gov.my/web/registration/update/update-employee-information-employee-' successfully

2018-12-06 16:13:12 - [MESSAGE][PASSED] - Navigate to 'https://assist2-uat.perkeso.gov.my/web/registration/update/update-employee-information-employee-' successfully

2018-12-06 16:13:12 - [TEST_STEP][PASSED] - click: Object: 'Object Repository/Final Object Repo/Page_Update Employee Information By Employee/Type of Identification' is clicked on

2018-12-06 16:13:12 - [MESSAGE][PASSED] - Object: 'Object Repository/Final Object Repo/Page_Update Employee Information By Employee/Type of Identification' is clicked on

2018-12-06 16:13:12 - [TEST_STEP][PASSED] - click: Object: 'Object Repository/Final Object Repo/Page Update Employee Information By Employee/Type of Identification - Name' is clicked on

2018-12-06 16:13:12 - [MESSAGE][PASSED] - Object: 'Object Repository/Final Object Repo/Page Update Employee Information By Employee/Type of Identification - Name' is clicked on

2018-12-06 16:13:12 - [TEST_STEP][PASSED] - setText: Text 'YUKI JR B' is set on object 'Object Repository/Final Object Repo/Page_Update Employee Information By Employee/New Identification'

2018-12-06 16:13:12 - [MESSAGE][PASSED] - Text 'YUKI JR B' is set on object 'Object Repository/Final Object Repo/Page_Update Employee Information By Employee/New Identification'

2018-12-06 16:13:12 - [TEST_STEP][PASSED] - click: Object: 'Object Repository/Final Object Repo/Page_Update Employee Information By Employee/Search Button' is clicked on

2018-12-06 16:13:13 - [MESSAGE][PASSED] - Object: 'Object Repository/Final Object Repo/Page_Update Employee Information By Employee/Search Button' is clicked on

2018-12-06 16:13:13 - [TEST_STEP][PASSED] - click: Object: 'Object Repository/Final Object Repo/Page_Update Employee Information By Employee/Edit Button' is clicked on

2018-12-06 16:13:16 - [MESSAGE][PASSED] - Object: 'Object Repository/Final Object Repo/Page_Update Employee Information By Employee/Edit Button' is clicked on

2018-12-06 16:13:16 - [TEST_STEP][PASSED] - delay: Delayed 2 second(s)

2018-12-06 16:13:18 - [MESSAGE][PASSED] - Delayed 2 second(s)

2018-12-06 16:13:18 - [TEST_STEP][PASSED] - click: Object: 'Object Repository/Final Object Repo/Page_Update Employee Information By Employee/Employee Information Edit Button' is clicked on

2018-12-06 16:13:19 - [MESSAGE][PASSED] - Object: 'Object Repository/Final Object Repo/Page_Update Employee Information By Employee/Employee Information Edit Button' is clicked on

2018-12-06 16:13:19 - [TEST_STEP][PASSED] - delay: Delayed 2 second(s)

2018-12-06 16:13:21 - [MESSAGE][PASSED] - Delayed 2 second(s)

2018-12-06 16:13:21 - [TEST_STEP][PASSED] - click: Object: 'Object Repository/Final Object Repo/Page_Update Employee Information By Employee/New Identification Number' is clicked on

2018-12-06 16:13:21 - [MESSAGE][PASSED] - Object: 'Object Repository/Final Object Repo/Page_Update Employee Information By Employee/New Identification Number' is clicked on

2018-12-06 16:13:21 - [TEST_STEP][PASSED] - setText: Text '' is set on object 'Object Repository/Final Object Repo/Page_Update Employee Information By Employee/New Identification Number'

2018-12-06 16:13:21 - [MESSAGE][PASSED] - Text '' is set on object 'Object Repository/Final Object Repo/Page_Update Employee Information By Employee/New Identification Number'

2018-12-06 16:13:21 - [TEST_STEP][PASSED] - Statement - rnd = new java.util.Random(): null

2018-12-06 16:13:21 - [TEST_STEP][PASSED] - Statement - snum = rnd.nextInt(899999 + 1) + 100000: null

2018-12-06 16:13:21 - [TEST_STEP][PASSED] - Statement - tnum = rnd.nextInt(899999 + 1) + 100000: null

2018-12-06 16:13:21 - [TEST_STEP][PASSED] - Statement - IC = java.lang.Integer.toString(snum) + java.lang.Integer.toString(tnum): null

2018-12-06 16:13:21 - [TEST_STEP][PASSED] - Statement - out.println(IC): null

2018-12-06 16:13:21 - [TEST_STEP][PASSED] - setText: Text '536732825841' is set on object 'Object Repository/Final Object Repo/Page_Update Employee Information By Employee/New Identification Number'

2018-12-06 16:13:21 - [MESSAGE][PASSED] - Text '536732825841' is set on object 'Object Repository/Final Object Repo/Page_Update Employee Information By Employee/New Identification Number'

2018-12-06 16:13:21 - [TEST_STEP][PASSED] - delay: Delayed 2 second(s)

2018-12-06 16:13:23 - [MESSAGE][PASSED] - Delayed 2 second(s)

2018-12-06 16:13:23 - [TEST_STEP][PASSED] - click: Object: 'Object Repository/Final Object Repo/Page_Update Employee Information By Employee/Save' is clicked on

2018-12-06 16:13:24 - [MESSAGE][PASSED] - Object: 'Object Repository/Final Object Repo/Page_Update Employee Information By Employee/Save' is clicked on

2018-12-06 16:13:24 - [TEST_STEP][PASSED] - delay: Delayed 10 second(s)

2018-12-06 16:13:34 - [MESSAGE][PASSED] - Delayed 10 second(s)

2018-12-06 16:13:34 - [TEST_STEP][PASSED] - click: Object: 'Object Repository/Final Object Repo/Page_Update Employee Information By Employee/Save  Continue in Update Employee Information' is clicked on

2018-12-06 16:13:37 - [MESSAGE][PASSED] - Object: 'Object Repository/Final Object Repo/Page_Update Employee Information By Employee/Save  Continue in Update Employee Information' is clicked on

2018-12-06 16:13:37 - [TEST_STEP][PASSED] - delay: Delayed 2 second(s)

2018-12-06 16:13:39 - [MESSAGE][PASSED] - Delayed 2 second(s)

2018-12-06 16:13:39 - [TEST_STEP][PASSED] - click: Object: 'Object Repository/Final Object Repo/Page_Update Employee Information By Employee/Save  Continue in Uploading Page' is clicked on

2018-12-06 16:13:39 - [MESSAGE][PASSED] - Object: 'Object Repository/Final Object Repo/Page_Update Employee Information By Employee/Save  Continue in Uploading Page' is clicked on

2018-12-06 16:13:39 - [TEST_STEP][PASSED] - delay: Delayed 2 second(s)

2018-12-06 16:13:41 - [MESSAGE][PASSED] - Delayed 2 second(s)

2018-12-06 16:13:41 - [TEST_STEP][PASSED] - Statement - CaseReferenceNo = com.kms.katalon.core.webui.keyword.WebUiBuiltInKeywords.getText(com.kms.katalon.core.testobject.ObjectRepository.findTestObject(Final Object Repo/Page_Update Employer Information/Reference Number in Update Employee Information Page)): Text of object 'Object Repository/Final Object Repo/Page_Update Employer Information/Reference Number in Update Employee Information Page' is: 'CUN122018C100005839'

2018-12-06 16:13:43 - [MESSAGE][PASSED] - Text of object 'Object Repository/Final Object Repo/Page_Update Employer Information/Reference Number in Update Employee Information Page' is: 'CUN122018C100005839'

2018-12-06 16:13:43 - [TEST_STEP][PASSED] - callTestCase: Call Test Case 'Test Cases/Final Aug 2018 - PKS Automation/Common/Reference Number Setter' successfully

2018-12-06 16:13:43 - [TEST_CASE][PASSED] - Test Cases/Final Aug 2018 - PKS Automation/Common/Reference Number Setter: Test Cases/Final Aug 2018 - PKS Automation/Common/Reference Number Setter

2018-12-06 16:13:43 - [TEST_STEP][PASSED] - Statement - RefNoOldFile = new java.io.File(C://Users//Admin//Desktop//PKS//Automation Reference Point//KatalonReference.txt): null

2018-12-06 16:13:43 - [TEST_STEP][PASSED] - Statement - RefNoOldFile.delete(): null

2018-12-06 16:13:43 - [TEST_STEP][PASSED] - delay: Delayed 5 second(s)

2018-12-06 16:13:48 - [MESSAGE][PASSED] - Delayed 5 second(s)

2018-12-06 16:13:48 - [TEST_STEP][PASSED] - Statement - RefNo = new java.io.File(C://Users//Admin//Desktop//PKS//Automation Reference Point//KatalonReference.txt): null

2018-12-06 16:13:48 - [TEST_STEP][PASSED] - Statement - f2 = new java.io.FileWriter(RefNo, false): null

2018-12-06 16:13:48 - [TEST_STEP][PASSED] - Statement - f2.write(CaseReferenceNo): null

2018-12-06 16:13:48 - [TEST_STEP][PASSED] - Statement - f2.close(): null

2018-12-06 16:13:48 - [TEST_STEP][PASSED] - Statement - out.println("


" + CaseReferenceNo + "


"): null

2018-12-06 16:13:48 - [MESSAGE][PASSED] - Call Test Case 'Test Cases/Final Aug 2018 - PKS Automation/Common/Reference Number Setter' successfully

2018-12-06 16:13:48 - [TEST_STEP][PASSED] - delay: Delayed 2 second(s)

2018-12-06 16:13:50 - [MESSAGE][PASSED] - Delayed 2 second(s)

2018-12-06 16:13:50 - [TEST_STEP][PASSED] - click: Object: 'Object Repository/Final Object Repo/Page_Update Employee Information By Employee/Submit' is clicked on

2018-12-06 16:13:50 - [MESSAGE][PASSED] - Object: 'Object Repository/Final Object Repo/Page_Update Employee Information By Employee/Submit' is clicked on

2018-12-06 16:13:50 - [TEST_STEP][PASSED] - delay: Delayed 2 second(s)

2018-12-06 16:13:52 - [MESSAGE][PASSED] - Delayed 2 second(s)

2018-12-06 16:13:52 - [TEST_STEP][PASSED] - click: Object: 'Object Repository/Final Object Repo/Page_Update Employee Information By Employee/Confirm Button' is clicked on

2018-12-06 16:13:52 - [MESSAGE][PASSED] - Object: 'Object Repository/Final Object Repo/Page_Update Employee Information By Employee/Confirm Button' is clicked on

2018-12-06 16:13:52 - [TEST_STEP][PASSED] - delay: Delayed 2 second(s)

2018-12-06 16:13:54 - [MESSAGE][PASSED] - Delayed 2 second(s)

2018-12-06 16:13:54 - [TEST_STEP][PASSED] - click: Object: 'Object Repository/Final Object Repo/Page_Update Employee Information By Employee/Successful Message Routed to UO' is clicked on

2018-12-06 16:13:56 - [MESSAGE][PASSED] - Object: 'Object Repository/Final Object Repo/Page_Update Employee Information By Employee/Successful Message Routed to UO' is clicked on

2018-12-06 16:13:56 - [MESSAGE][PASSED] - Call Test Case 'Test Cases/Final Aug 2018 - PKS Automation/Registration Module/Workflow/Update Employee Information (Employee)/Template/Update Employee Information - Special Case (OTC)' successfully

2018-12-06 16:13:56 - [TEST_STEP][PASSED] - callTestCase: Call Test Case 'Test Cases/Final Aug 2018 - PKS Automation/Registration Module/Workflow/Update Employee Information (Employee)/Template/Update Employee Information - Special Case - UO (Under enforcement)' successfully

2018-12-06 16:13:56 - [TEST_CASE][PASSED] - Test Cases/Final Aug 2018 - PKS Automation/Registration Module/Workflow/Update Employee Information (Employee)/Template/Update Employee Information - Special Case - UO (Under enforcement): Test Cases/Final Aug 2018 - PKS Automation/Registration Module/Workflow/Update Employee Information (Employee)/Template/Update Employee Information - Special Case - UO (Under enforcement)

2018-12-06 16:13:56 - [TEST_STEP][NOT_RUN] - callTestCase: NOT_RUN: callTestCase

2018-12-06 16:13:56 - [MESSAGE][NOT_RUN] - NOT_RUN: callTestCase

2018-12-06 16:13:56 - [TEST_STEP][PASSED] - delay: Delayed 2 second(s)

2018-12-06 16:13:58 - [MESSAGE][PASSED] - Delayed 2 second(s)

2018-12-06 16:13:58 - [TEST_STEP][PASSED] - navigateToUrl: Navigate to 'https://assist2-uat.perkeso.gov.my/c/portal/logout' successfully

2018-12-06 16:13:59 - [MESSAGE][PASSED] - Navigate to 'https://assist2-uat.perkeso.gov.my/c/portal/logout' successfully

2018-12-06 16:13:59 - [TEST_STEP][PASSED] - delay: Delayed 2 second(s)

2018-12-06 16:14:01 - [MESSAGE][PASSED] - Delayed 2 second(s)

2018-12-06 16:14:01 - [TEST_STEP][PASSED] - callTestCase: Call Test Case 'Test Cases/Final Aug 2018 - PKS Automation/Common/Reference Number Getter' successfully

2018-12-06 16:14:01 - [TEST_CASE][PASSED] - Test Cases/Final Aug 2018 - PKS Automation/Common/Reference Number Getter: Test Cases/Final Aug 2018 - PKS Automation/Common/Reference Number Getter

2018-12-06 16:14:01 - [TEST_STEP][PASSED] - Statement - Try: null

2018-12-06 16:14:01 - [TEST_STEP][PASSED] - Statement - RefNo = new java.io.File(C://Users//Admin//Desktop//PKS//Automation Reference Point//KatalonReference.txt): null

2018-12-06 16:14:01 - [TEST_STEP][PASSED] - Statement - bufferread = new java.io.BufferedReader(new java.io.FileReader(RefNo)): null

2018-12-06 16:14:01 - [TEST_STEP][PASSED] - Statement - readedVal = bufferread.readLine(): null

2018-12-06 16:14:01 - [TEST_STEP][PASSED] - Statement - out.println(CaseReferenceNo): null

2018-12-06 16:14:01 - [TEST_STEP][PASSED] - Statement - out.println(readedVal): null

2018-12-06 16:14:01 - [TEST_STEP][PASSED] - Statement - CaseReferenceNo = "": null

2018-12-06 16:14:01 - [TEST_STEP][PASSED] - Statement - CaseReferenceNo = readedVal: null

2018-12-06 16:14:01 - [MESSAGE][PASSED] - Call Test Case 'Test Cases/Final Aug 2018 - PKS Automation/Common/Reference Number Getter' successfully

2018-12-06 16:14:01 - [TEST_STEP][PASSED] - callTestCase: Call Test Case 'Test Cases/Final Aug 2018 - PKS Automation/Common/Workflow Owner Finder' successfully

2018-12-06 16:14:01 - [TEST_CASE][PASSED] - Test Cases/Final Aug 2018 - PKS Automation/Common/Workflow Owner Finder: Test Cases/Final Aug 2018 - PKS Automation/Common/Workflow Owner Finder

2018-12-06 16:14:01 - [TEST_STEP][PASSED] - openBrowser: Browser is opened with url: ''

2018-12-06 16:14:01 - [MESSAGE][WARNING] - A browser is already opened. Closing browser and opening a new one

2018-12-06 16:14:04 - [MESSAGE][PASSED] - Browser is opened with url: ''

2018-12-06 16:14:04 - [TEST_STEP][PASSED] - navigateToUrl: Navigate to 'https://assist2-uat.perkeso.gov.my/login' successfully

2018-12-06 16:14:05 - [MESSAGE][PASSED] - Navigate to 'https://assist2-uat.perkeso.gov.my/login' successfully

2018-12-06 16:14:05 - [TEST_STEP][PASSED] - delay: Delayed 5 second(s)

2018-12-06 16:14:10 - [MESSAGE][PASSED] - Delayed 5 second(s)

2018-12-06 16:14:10 - [TEST_STEP][PASSED] - setText: Text 'test@liferay.com' is set on object 'Object Repository/Final Object Repo/Login Page/Internal User/Email Address'

2018-12-06 16:14:10 - [MESSAGE][PASSED] - Text 'test@liferay.com' is set on object 'Object Repository/Final Object Repo/Login Page/Internal User/Email Address'

2018-12-06 16:14:10 - [TEST_STEP][PASSED] - click: Object: 'Object Repository/Final Object Repo/Login Page/Internal User/Next Button' is clicked on

2018-12-06 16:14:11 - [MESSAGE][PASSED] - Object: 'Object Repository/Final Object Repo/Login Page/Internal User/Next Button' is clicked on

2018-12-06 16:14:11 - [TEST_STEP][PASSED] - delay: Delayed 2 second(s)

2018-12-06 16:14:13 - [MESSAGE][PASSED] - Delayed 2 second(s)

2018-12-06 16:14:13 - [TEST_STEP][PASSED] - setText: Text 'test' is set on object 'Object Repository/Final Object Repo/Login Page/Internal User/Password'

2018-12-06 16:14:13 - [MESSAGE][PASSED] - Text 'test' is set on object 'Object Repository/Final Object Repo/Login Page/Internal User/Password'

2018-12-06 16:14:13 - [TEST_STEP][PASSED] - delay: Delayed 2 second(s)

2018-12-06 16:14:15 - [MESSAGE][PASSED] - Delayed 2 second(s)

2018-12-06 16:14:15 - [TEST_STEP][PASSED] - click: Object: 'Object Repository/Final Object Repo/Login Page/Internal User/Login Button' is clicked on

2018-12-06 16:14:15 - [MESSAGE][PASSED] - Object: 'Object Repository/Final Object Repo/Login Page/Internal User/Login Button' is clicked on

2018-12-06 16:14:15 - [TEST_STEP][PASSED] - Statement - tester = com.kms.katalon.core.testobject.ObjectRepository.findTestObject(Final Object Repo/Landing Page/Select to English): Finding Test Object with id 'Object Repository/Final Object Repo/Landing Page/Select to English'

2018-12-06 16:14:15 - [TEST_STEP][PASSED] - Statement - Try: Delayed 2 second(s)

2018-12-06 16:14:15 - [TEST_STEP][PASSED] - Statement - Checker = com.kms.katalon.core.webui.keyword.WebUiBuiltInKeywords.verifyElementNotPresent(tester, 3): Web element with id: 'Object Repository/Final Object Repo/Landing Page/Select to English' located by 'By.xpath: //a[@class = 'taglib-language-list-text' and @lang = 'en-US' and (contains(text(), 'EN') or contains(., 'EN'))]' is not present after '3' second(s)

2018-12-06 16:14:18 - [MESSAGE][PASSED] - Web element with id: 'Object Repository/Final Object Repo/Landing Page/Select to English' located by 'By.xpath: //a[@class = 'taglib-language-list-text' and @lang = 'en-US' and (contains(text(), 'EN') or contains(., 'EN'))]' is not present after '3' second(s)

2018-12-06 16:14:18 - [TEST_STEP][PASSED] - Statement - If (Checker == false): null

2018-12-06 16:14:18 - [TEST_STEP][PASSED] - delay: Delayed 2 second(s)

2018-12-06 16:14:20 - [MESSAGE][PASSED] - Delayed 2 second(s)

2018-12-06 16:14:20 - [TEST_STEP][PASSED] - delay: Delayed 5 second(s)

2018-12-06 16:14:25 - [MESSAGE][PASSED] - Delayed 5 second(s)

2018-12-06 16:14:25 - [TEST_STEP][PASSED] - mouseOver: Object: 'Object Repository/Final Object Repo/Landing Page/WorkFlow Menu' is hovered

2018-12-06 16:14:25 - [MESSAGE][PASSED] - Object: 'Object Repository/Final Object Repo/Landing Page/WorkFlow Menu' is hovered

2018-12-06 16:14:25 - [TEST_STEP][PASSED] - delay: Delayed 2 second(s)

2018-12-06 16:14:27 - [MESSAGE][PASSED] - Delayed 2 second(s)

2018-12-06 16:14:27 - [TEST_STEP][PASSED] - click: Object: 'Object Repository/Final Object Repo/Landing Page/Select to Workflow Listing' is clicked on

2018-12-06 16:14:28 - [MESSAGE][PASSED] - Object: 'Object Repository/Final Object Repo/Landing Page/Select to Workflow Listing' is clicked on

2018-12-06 16:14:28 - [TEST_STEP][PASSED] - delay: Delayed 2 second(s)

2018-12-06 16:14:30 - [MESSAGE][PASSED] - Delayed 2 second(s)

2018-12-06 16:14:30 - [TEST_STEP][PASSED] - click: Object: 'Object Repository/Final Object Repo/WorkFlow Listing Page/Search Information - To Put Ref No' is clicked on

2018-12-06 16:14:30 - [MESSAGE][PASSED] - Object: 'Object Repository/Final Object Repo/WorkFlow Listing Page/Search Information - To Put Ref No' is clicked on

2018-12-06 16:14:30 - [TEST_STEP][PASSED] - delay: Delayed 2 second(s)

2018-12-06 16:14:32 - [MESSAGE][PASSED] - Delayed 2 second(s)

2018-12-06 16:14:32 - [TEST_STEP][PASSED] - callTestCase: Call Test Case 'Test Cases/Final Aug 2018 - PKS Automation/Common/Reference Number Getter' successfully

2018-12-06 16:14:33 - [TEST_CASE][PASSED] - Test Cases/Final Aug 2018 - PKS Automation/Common/Reference Number Getter: Test Cases/Final Aug 2018 - PKS Automation/Common/Reference Number Getter

2018-12-06 16:14:33 - [TEST_STEP][PASSED] - Statement - Try: null

2018-12-06 16:14:33 - [TEST_STEP][PASSED] - Statement - RefNo = new java.io.File(C://Users//Admin//Desktop//PKS//Automation Reference Point//KatalonReference.txt): null

2018-12-06 16:14:33 - [TEST_STEP][PASSED] - Statement - bufferread = new java.io.BufferedReader(new java.io.FileReader(RefNo)): null

2018-12-06 16:14:33 - [TEST_STEP][PASSED] - Statement - readedVal = bufferread.readLine(): null

2018-12-06 16:14:33 - [TEST_STEP][PASSED] - Statement - out.println(CaseReferenceNo): null

2018-12-06 16:14:33 - [TEST_STEP][PASSED] - Statement - out.println(readedVal): null

2018-12-06 16:14:33 - [TEST_STEP][PASSED] - Statement - CaseReferenceNo = "": null

2018-12-06 16:14:33 - [TEST_STEP][PASSED] - Statement - CaseReferenceNo = readedVal: null

2018-12-06 16:14:33 - [MESSAGE][PASSED] - Call Test Case 'Test Cases/Final Aug 2018 - PKS Automation/Common/Reference Number Getter' successfully

2018-12-06 16:14:33 - [TEST_STEP][PASSED] - setText: Text 'CUN122018C100005839' is set on object 'Object Repository/Final Object Repo/WorkFlow Listing Page/Ref No Set Text'

2018-12-06 16:14:33 - [MESSAGE][PASSED] - Text 'CUN122018C100005839' is set on object 'Object Repository/Final Object Repo/WorkFlow Listing Page/Ref No Set Text'

2018-12-06 16:14:33 - [TEST_STEP][PASSED] - delay: Delayed 2 second(s)

2018-12-06 16:14:35 - [MESSAGE][PASSED] - Delayed 2 second(s)

2018-12-06 16:14:35 - [TEST_STEP][PASSED] - click: Object: 'Object Repository/Final Object Repo/WorkFlow Listing Page/Search Ref No Search Button' is clicked on

2018-12-06 16:14:35 - [MESSAGE][PASSED] - Object: 'Object Repository/Final Object Repo/WorkFlow Listing Page/Search Ref No Search Button' is clicked on

2018-12-06 16:14:35 - [TEST_STEP][PASSED] - delay: Delayed 6 second(s)

2018-12-06 16:14:41 - [MESSAGE][PASSED] - Delayed 6 second(s)

2018-12-06 16:14:41 - [TEST_STEP][PASSED] - click: Object: 'Object Repository/Final Object Repo/WorkFlow Listing Page/Click Continue Tooltip' is clicked on

2018-12-06 16:14:42 - [MESSAGE][PASSED] - Object: 'Object Repository/Final Object Repo/WorkFlow Listing Page/Click Continue Tooltip' is clicked on

2018-12-06 16:14:42 - [TEST_STEP][PASSED] - delay: Delayed 5 second(s)

2018-12-06 16:14:47 - [MESSAGE][PASSED] - Delayed 5 second(s)

2018-12-06 16:14:47 - [TEST_STEP][PASSED] - doubleClick: Object: 'Object Repository/Final Object Repo/WorkFlow Listing Page/Workflow Found - Listing 1' is double clicked on

2018-12-06 16:14:48 - [MESSAGE][PASSED] - Object: 'Object Repository/Final Object Repo/WorkFlow Listing Page/Workflow Found - Listing 1' is double clicked on

2018-12-06 16:14:48 - [TEST_STEP][PASSED] - Statement - println(OwnerID): null

2018-12-06 16:14:48 - [TEST_STEP][PASSED] - Statement - OwnerID = com.kms.katalon.core.webui.keyword.WebUiBuiltInKeywords.getText(com.kms.katalon.core.testobject.ObjectRepository.findTestObject(Final Object Repo/WorkFlow Listing Page/Workflow Found - Listing 1), STOP_ON_FAILURE): Text of object 'Object Repository/Final Object Repo/WorkFlow Listing Page/Workflow Found - Listing 1' is: 'JOHORuo2'

2018-12-06 16:14:48 - [MESSAGE][PASSED] - Text of object 'Object Repository/Final Object Repo/WorkFlow Listing Page/Workflow Found - Listing 1' is: 'JOHORuo2'

2018-12-06 16:14:48 - [TEST_STEP][PASSED] - Statement - OwnerID = OwnerID.toLowerCase() + "@gmail.com": null

2018-12-06 16:14:48 - [TEST_STEP][PASSED] - Statement - println(OwnerID): null

2018-12-06 16:14:48 - [TEST_STEP][PASSED] - delay: Delayed 2 second(s)

2018-12-06 16:14:50 - [MESSAGE][PASSED] - Delayed 2 second(s)

2018-12-06 16:14:50 - [MESSAGE][PASSED] - Call Test Case 'Test Cases/Final Aug 2018 - PKS Automation/Common/Workflow Owner Finder' successfully

2018-12-06 16:14:50 - [TEST_STEP][PASSED] - delay: Delayed 2 second(s)

2018-12-06 16:14:52 - [MESSAGE][PASSED] - Delayed 2 second(s)

2018-12-06 16:14:52 - [TEST_STEP][PASSED] - navigateToUrl: Navigate to 'https://assist2-uat.perkeso.gov.my/c/portal/logout' successfully

2018-12-06 16:14:53 - [MESSAGE][PASSED] - Navigate to 'https://assist2-uat.perkeso.gov.my/c/portal/logout' successfully

2018-12-06 16:14:53 - [TEST_STEP][PASSED] - delay: Delayed 2 second(s)

2018-12-06 16:14:55 - [MESSAGE][PASSED] - Delayed 2 second(s)

2018-12-06 16:14:55 - [TEST_STEP][PASSED] - callTestCase: Call Test Case 'Test Cases/Final Aug 2018 - PKS Automation/Registration Module/Workflow/Login and Search Case For Workflow' successfully

2018-12-06 16:14:55 - [TEST_CASE][PASSED] - Test Cases/Final Aug 2018 - PKS Automation/Registration Module/Workflow/Login and Search Case For Workflow: Test Cases/Final Aug 2018 - PKS Automation/Registration Module/Workflow/Login and Search Case For Workflow

2018-12-06 16:14:55 - [TEST_STEP][PASSED] - navigateToUrl: Navigate to 'https://assist2-uat.perkeso.gov.my/login' successfully

2018-12-06 16:14:55 - [MESSAGE][PASSED] - Navigate to 'https://assist2-uat.perkeso.gov.my/login' successfully

2018-12-06 16:14:55 - [TEST_STEP][PASSED] - setText: Text 'johoruo2@gmail.com' is set on object 'Object Repository/Final Object Repo/Login Page/Internal User/Email Address'

2018-12-06 16:14:56 - [MESSAGE][PASSED] - Text 'johoruo2@gmail.com' is set on object 'Object Repository/Final Object Repo/Login Page/Internal User/Email Address'

2018-12-06 16:14:56 - [TEST_STEP][PASSED] - click: Object: 'Object Repository/Final Object Repo/Login Page/Internal User/Next Button' is clicked on

2018-12-06 16:14:56 - [MESSAGE][PASSED] - Object: 'Object Repository/Final Object Repo/Login Page/Internal User/Next Button' is clicked on

2018-12-06 16:14:56 - [TEST_STEP][PASSED] - delay: Delayed 1 second(s)

2018-12-06 16:14:57 - [MESSAGE][PASSED] - Delayed 1 second(s)

2018-12-06 16:14:57 - [TEST_STEP][PASSED] - setEncryptedText: Text ****** has been set on object 'Object Repository/Final Object Repo/Login Page/Internal User/Password'

2018-12-06 16:14:57 - [MESSAGE][PASSED] - Text ****** has been set on object 'Object Repository/Final Object Repo/Login Page/Internal User/Password'

2018-12-06 16:14:57 - [TEST_STEP][PASSED] - click: Object: 'Object Repository/Final Object Repo/Login Page/Internal User/Login Button' is clicked on

2018-12-06 16:14:57 - [MESSAGE][PASSED] - Object: 'Object Repository/Final Object Repo/Login Page/Internal User/Login Button' is clicked on

2018-12-06 16:14:57 - [TEST_STEP][PASSED] - delay: Delayed 2 second(s)

2018-12-06 16:14:59 - [MESSAGE][PASSED] - Delayed 2 second(s)

2018-12-06 16:14:59 - [TEST_STEP][PASSED] - Statement - Try: Delayed 2 second(s)

2018-12-06 16:14:59 - [TEST_STEP][PASSED] - Statement - Checker = false: null

2018-12-06 16:14:59 - [TEST_STEP][PASSED] - Statement - Checker = com.kms.katalon.core.webui.keyword.WebUiBuiltInKeywords.verifyElementHasAttribute(com.kms.katalon.core.testobject.ObjectRepository.findTestObject(Final Object Repo/Landing Page/BM Detecting), "href", 20, OPTIONAL): Object 'Object Repository/Final Object Repo/Landing Page/BM Detecting' has attribute 'href'

2018-12-06 16:14:59 - [MESSAGE][PASSED] - Object 'Object Repository/Final Object Repo/Landing Page/BM Detecting' has attribute 'href'

2018-12-06 16:14:59 - [TEST_STEP][PASSED] - Statement - out.println(Checker): null

2018-12-06 16:14:59 - [TEST_STEP][PASSED] - Statement - If (Checker == false): null

2018-12-06 16:14:59 - [TEST_STEP][PASSED] - Statement - Else: null

2018-12-06 16:14:59 - [TEST_STEP][PASSED] - delay: Delayed 2 second(s)

2018-12-06 16:15:01 - [MESSAGE][PASSED] - Delayed 2 second(s)

2018-12-06 16:15:01 - [TEST_STEP][PASSED] - click: Object: 'Object Repository/Final Object Repo/Page_MyASSIST - ASSIST - Search Pending Case For Add Supporting Document/Search Information' is clicked on

2018-12-06 16:15:02 - [MESSAGE][PASSED] - Object: 'Object Repository/Final Object Repo/Page_MyASSIST - ASSIST - Search Pending Case For Add Supporting Document/Search Information' is clicked on

2018-12-06 16:15:02 - [TEST_STEP][PASSED] - delay: Delayed 3 second(s)

2018-12-06 16:15:05 - [MESSAGE][PASSED] - Delayed 3 second(s)

2018-12-06 16:15:05 - [TEST_STEP][PASSED] - sendKeys: Keys 'CUN122018C100005839' sent to object: 'Object Repository/Final Object Repo/Page_MyASSIST - ASSIST - Search Pending Case For Add Supporting Document/Reference No'

2018-12-06 16:15:05 - [MESSAGE][PASSED] - Keys 'CUN122018C100005839' sent to object: 'Object Repository/Final Object Repo/Page_MyASSIST - ASSIST - Search Pending Case For Add Supporting Document/Reference No'

2018-12-06 16:15:05 - [TEST_STEP][PASSED] - click: Object: 'Object Repository/Final Object Repo/Page_MyASSIST - ASSIST - Search Pending Case For Add Supporting Document/Search Reference No' is clicked on

2018-12-06 16:15:05 - [MESSAGE][PASSED] - Object: 'Object Repository/Final Object Repo/Page_MyASSIST - ASSIST - Search Pending Case For Add Supporting Document/Search Reference No' is clicked on

2018-12-06 16:15:05 - [TEST_STEP][PASSED] - delay: Delayed 2 second(s)

2018-12-06 16:15:07 - [MESSAGE][PASSED] - Delayed 2 second(s)

2018-12-06 16:15:07 - [TEST_STEP][PASSED] - click: Object: 'Object Repository/Final Object Repo/Page_MyASSIST - ASSIST - Search Pending Case For Add Supporting Document/Continue' is clicked on

2018-12-06 16:15:11 - [MESSAGE][PASSED] - Object: 'Object Repository/Final Object Repo/Page_MyASSIST - ASSIST - Search Pending Case For Add Supporting Document/Continue' is clicked on

2018-12-06 16:15:11 - [TEST_STEP][PASSED] - delay: Delayed 20 second(s)

2018-12-06 16:15:31 - [MESSAGE][PASSED] - Delayed 20 second(s)

2018-12-06 16:15:31 - [MESSAGE][PASSED] - Call Test Case 'Test Cases/Final Aug 2018 - PKS Automation/Registration Module/Workflow/Login and Search Case For Workflow' successfully

2018-12-06 16:15:31 - [TEST_STEP][PASSED] - click: Object: 'Object Repository/Final Object Repo/Page_Update Employee Information By Employee/Page_Update Employee Information By Employee (Approve)/Continue' is clicked on

2018-12-06 16:15:34 - [MESSAGE][PASSED] - Object: 'Object Repository/Final Object Repo/Page_Update Employee Information By Employee/Page_Update Employee Information By Employee (Approve)/Continue' is clicked on

2018-12-06 16:15:34 - [TEST_STEP][PASSED] - delay: Delayed 2 second(s)

2018-12-06 16:15:36 - [MESSAGE][PASSED] - Delayed 2 second(s)

2018-12-06 16:15:36 - [TEST_STEP][PASSED] - click: Object: 'Object Repository/Final Object Repo/Page_Update Employee Information By Employer/Page_Update Employee Information by Employer (Approve)/Save  Continue in Update Employee Information Page' is clicked on

2018-12-06 16:15:37 - [MESSAGE][PASSED] - Object: 'Object Repository/Final Object Repo/Page_Update Employee Information By Employer/Page_Update Employee Information by Employer (Approve)/Save  Continue in Update Employee Information Page' is clicked on

2018-12-06 16:15:37 - [TEST_STEP][PASSED] - delay: Delayed 2 second(s)

2018-12-06 16:15:39 - [MESSAGE][PASSED] - Delayed 2 second(s)

2018-12-06 16:15:39 - [TEST_STEP][PASSED] - click: Object: 'Object Repository/Final Object Repo/Page_Update Employee Information By Employer/Page_Update Employee Information by Employer (Approve)/Save  Continue in Upload Supporting Doucument Page' is clicked on

2018-12-06 16:15:40 - [MESSAGE][PASSED] - Object: 'Object Repository/Final Object Repo/Page_Update Employee Information By Employer/Page_Update Employee Information by Employer (Approve)/Save  Continue in Upload Supporting Doucument Page' is clicked on

2018-12-06 16:15:40 - [TEST_STEP][PASSED] - delay: Delayed 2 second(s)

2018-12-06 16:15:42 - [MESSAGE][PASSED] - Delayed 2 second(s)

2018-12-06 16:15:42 - [TEST_STEP][PASSED] - click: Object: 'Object Repository/Final Object Repo/Page_Update Employee Information By Employee/Page_Update Employee Information by Employee (Under enforcement)/Under enforcement' is clicked on

2018-12-06 16:15:43 - [MESSAGE][PASSED] - Object: 'Object Repository/Final Object Repo/Page_Update Employee Information By Employee/Page_Update Employee Information by Employee (Under enforcement)/Under enforcement' is clicked on

2018-12-06 16:15:43 - [TEST_STEP][PASSED] - delay: Delayed 2 second(s)

2018-12-06 16:15:45 - [MESSAGE][PASSED] - Delayed 2 second(s)

2018-12-06 16:15:45 - [TEST_STEP][PASSED] - setText: Text 'remark' is set on object 'Object Repository/Final Object Repo/Page_Update Employee Information By Employee/Page_Update Employee Information by Employee (Under enforcement)/Under enforcement - remark'

2018-12-06 16:15:46 - [MESSAGE][PASSED] - Text 'remark' is set on object 'Object Repository/Final Object Repo/Page_Update Employee Information By Employee/Page_Update Employee Information by Employee (Under enforcement)/Under enforcement - remark'

2018-12-06 16:15:46 - [TEST_STEP][PASSED] - delay: Delayed 2 second(s)

2018-12-06 16:15:48 - [MESSAGE][PASSED] - Delayed 2 second(s)

2018-12-06 16:15:48 - [TEST_STEP][PASSED] - click: Object: 'Object Repository/Final Object Repo/Page_Update Employee Information By Employee/Page_Update Employee Information by Employee (Under enforcement)/Save  Continue in Under enforcement Page' is clicked on

2018-12-06 16:15:48 - [MESSAGE][PASSED] - Object: 'Object Repository/Final Object Repo/Page_Update Employee Information By Employee/Page_Update Employee Information by Employee (Under enforcement)/Save  Continue in Under enforcement Page' is clicked on

2018-12-06 16:15:48 - [TEST_STEP][PASSED] - click: Object: 'Object Repository/Final Object Repo/Page_Update Employee Information By Employee/Page_Update Employee Information by Employee (Under enforcement)/Message The case is under enforcement' is clicked on

2018-12-06 16:15:51 - [MESSAGE][PASSED] - Object: 'Object Repository/Final Object Repo/Page_Update Employee Information By Employee/Page_Update Employee Information by Employee (Under enforcement)/Message The case is under enforcement' is clicked on

2018-12-06 16:15:51 - [MESSAGE][PASSED] - Call Test Case 'Test Cases/Final Aug 2018 - PKS Automation/Registration Module/Workflow/Update Employee Information (Employee)/Template/Update Employee Information - Special Case - UO (Under enforcement)' successfully]]></system-out>
         <system-err><![CDATA[]]></system-err>
      </testcase>
      <testcase name="Test Cases/Final Aug 2018 - PKS Automation/Registration Module/Workflow/Update Employee Information (Employee)/PAU to UO (Approve)" classname="Test Cases/Final Aug 2018 - PKS Automation/Registration Module/Workflow/Update Employee Information (Employee)/PAU to UO (Approve)" status="FAILED">
         <failure type="FAILED" message="(Stack trace: com.kms.katalon.core.exception.StepFailedException: Unable to click on object (Root cause: java.lang.IllegalArgumentException: Object is null)
	at com.kms.katalon.core.keyword.internal.KeywordMain.stepFailed(KeywordMain.groovy:32)
	at com.kms.katalon.core.webui.keyword.internal.WebUIKeywordMain.stepFailed(WebUIKeywordMain.groovy:65)
	at com.kms.katalon.core.webui.keyword.internal.WebUIKeywordMain.runKeyword(WebUIKeywordMain.groovy:27)
	at com.kms.katalon.core.webui.keyword.builtin.ClickKeyword.click(ClickKeyword.groovy:86)
	at com.kms.katalon.core.webui.keyword.builtin.ClickKeyword.execute(ClickKeyword.groovy:67)
	at com.kms.katalon.core.keyword.internal.KeywordExecutor.executeKeywordForPlatform(KeywordExecutor.groovy:53)
	at com.kms.katalon.core.webui.keyword.WebUiBuiltInKeywords.click(WebUiBuiltInKeywords.groovy:616)
	at com.kms.katalon.core.webui.keyword.WebUiBuiltInKeywords$click$2.call(Unknown Source)
	at org.codehaus.groovy.runtime.callsite.CallSiteArray.defaultCall(CallSiteArray.java:48)
	at org.codehaus.groovy.runtime.callsite.AbstractCallSite.call(AbstractCallSite.java:113)
	at org.codehaus.groovy.runtime.callsite.AbstractCallSite.call(AbstractCallSite.java:125)
	at Script1536217453448.run(Script1536217453448.groovy:57)
	at com.kms.katalon.core.main.ScriptEngine.run(ScriptEngine.java:183)
	at com.kms.katalon.core.main.ScriptEngine.runScriptAsRawText(ScriptEngine.java:108)
	at com.kms.katalon.core.main.TestCaseExecutor.runScript(TestCaseExecutor.java:294)
	at com.kms.katalon.core.main.TestCaseExecutor.doExecute(TestCaseExecutor.java:285)
	at com.kms.katalon.core.main.TestCaseExecutor.processExecutionPhase(TestCaseExecutor.java:264)
	at com.kms.katalon.core.main.TestCaseExecutor.accessMainPhase(TestCaseExecutor.java:256)
	at com.kms.katalon.core.main.TestCaseExecutor.execute(TestCaseExecutor.java:200)
	at com.kms.katalon.core.main.TestCaseMain.runTestCase(TestCaseMain.java:99)
	at com.kms.katalon.core.keyword.builtin.CallTestCaseKeyword$_callTestCase_closure1.doCall(CallTestCaseKeyword.groovy:60)
	at com.kms.katalon.core.keyword.builtin.CallTestCaseKeyword$_callTestCase_closure1.call(CallTestCaseKeyword.groovy)
	at com.kms.katalon.core.keyword.internal.KeywordMain.runKeyword(KeywordMain.groovy:54)
	at com.kms.katalon.core.keyword.builtin.CallTestCaseKeyword.callTestCase(CallTestCaseKeyword.groovy:81)
	at com.kms.katalon.core.keyword.builtin.CallTestCaseKeyword.execute(CallTestCaseKeyword.groovy:45)
	at com.kms.katalon.core.keyword.internal.KeywordExecutor.executeKeywordForPlatform(KeywordExecutor.groovy:53)
	at com.kms.katalon.core.keyword.BuiltinKeywords.callTestCase(BuiltinKeywords.groovy:334)
	at sun.reflect.GeneratedMethodAccessor13.invoke(Unknown Source)
	at sun.reflect.DelegatingMethodAccessorImpl.invoke(DelegatingMethodAccessorImpl.java:43)
	at java.lang.reflect.Method.invoke(Method.java:498)
	at org.codehaus.groovy.reflection.CachedMethod.invoke(CachedMethod.java:93)
	at groovy.lang.MetaMethod.doMethodInvoke(MetaMethod.java:325)
	at groovy.lang.MetaClassImpl.invokeStaticMethod(MetaClassImpl.java:1469)
	at org.codehaus.groovy.runtime.callsite.StaticMetaClassSite.call(StaticMetaClassSite.java:53)
	at org.codehaus.groovy.runtime.callsite.CallSiteArray.defaultCall(CallSiteArray.java:48)
	at org.codehaus.groovy.runtime.callsite.AbstractCallSite.call(AbstractCallSite.java:113)
	at org.codehaus.groovy.runtime.callsite.AbstractCallSite.call(AbstractCallSite.java:141)
	at Script1536217482638.run(Script1536217482638.groovy:22)
	at com.kms.katalon.core.main.ScriptEngine.run(ScriptEngine.java:183)
	at com.kms.katalon.core.main.ScriptEngine.runScriptAsRawText(ScriptEngine.java:108)
	at com.kms.katalon.core.main.TestCaseExecutor.runScript(TestCaseExecutor.java:294)
	at com.kms.katalon.core.main.TestCaseExecutor.doExecute(TestCaseExecutor.java:285)
	at com.kms.katalon.core.main.TestCaseExecutor.processExecutionPhase(TestCaseExecutor.java:264)
	at com.kms.katalon.core.main.TestCaseExecutor.accessMainPhase(TestCaseExecutor.java:256)
	at com.kms.katalon.core.main.TestCaseExecutor.execute(TestCaseExecutor.java:200)
	at com.kms.katalon.core.main.TestSuiteExecutor.accessTestCaseMainPhase(TestSuiteExecutor.java:129)
	at com.kms.katalon.core.main.TestSuiteExecutor.accessTestSuiteMainPhase(TestSuiteExecutor.java:112)
	at com.kms.katalon.core.main.TestSuiteExecutor.execute(TestSuiteExecutor.java:81)
	at com.kms.katalon.core.main.TestCaseMain.startTestSuite(TestCaseMain.java:142)
	at com.kms.katalon.core.main.TestCaseMain$startTestSuite$0.call(Unknown Source)
	at org.codehaus.groovy.runtime.callsite.CallSiteArray.defaultCall(CallSiteArray.java:48)
	at org.codehaus.groovy.runtime.callsite.AbstractCallSite.call(AbstractCallSite.java:113)
	at org.codehaus.groovy.runtime.callsite.AbstractCallSite.call(AbstractCallSite.java:141)
	at TempTestSuite1544083360207.run(TempTestSuite1544083360207.groovy:36)
	at groovy.lang.GroovyShell.runScriptOrMainOrTestOrRunnable(GroovyShell.java:263)
	at groovy.lang.GroovyShell.run(GroovyShell.java:518)
	at groovy.lang.GroovyShell.run(GroovyShell.java:507)
	at groovy.ui.GroovyMain.processOnce(GroovyMain.java:653)
	at groovy.ui.GroovyMain.run(GroovyMain.java:384)
	at groovy.ui.GroovyMain.process(GroovyMain.java:370)
	at groovy.ui.GroovyMain.processArgs(GroovyMain.java:129)
	at groovy.ui.GroovyMain.main(GroovyMain.java:109)
	at sun.reflect.NativeMethodAccessorImpl.invoke0(Native Method)
	at sun.reflect.NativeMethodAccessorImpl.invoke(NativeMethodAccessorImpl.java:62)
	at sun.reflect.DelegatingMethodAccessorImpl.invoke(DelegatingMethodAccessorImpl.java:43)
	at java.lang.reflect.Method.invoke(Method.java:498)
	at org.codehaus.groovy.tools.GroovyStarter.rootLoader(GroovyStarter.java:109)
	at org.codehaus.groovy.tools.GroovyStarter.main(GroovyStarter.java:131)
)"/>
         <system-out><![CDATA[2018-12-06 16:15:51 - [TEST_CASE][FAILED] - Test Cases/Final Aug 2018 - PKS Automation/Registration Module/Workflow/Update Employee Information (Employee)/PAU to UO (Approve): Test Cases/Final Aug 2018 - PKS Automation/Registration Module/Workflow/Update Employee Information (Employee)/PAU to UO (Approve) FAILED because (of) (Stack trace: com.kms.katalon.core.exception.StepFailedException: Unable to click on object (Root cause: java.lang.IllegalArgumentException: Object is null)
	at com.kms.katalon.core.keyword.internal.KeywordMain.stepFailed(KeywordMain.groovy:32)
	at com.kms.katalon.core.webui.keyword.internal.WebUIKeywordMain.stepFailed(WebUIKeywordMain.groovy:65)
	at com.kms.katalon.core.webui.keyword.internal.WebUIKeywordMain.runKeyword(WebUIKeywordMain.groovy:27)
	at com.kms.katalon.core.webui.keyword.builtin.ClickKeyword.click(ClickKeyword.groovy:86)
	at com.kms.katalon.core.webui.keyword.builtin.ClickKeyword.execute(ClickKeyword.groovy:67)
	at com.kms.katalon.core.keyword.internal.KeywordExecutor.executeKeywordForPlatform(KeywordExecutor.groovy:53)
	at com.kms.katalon.core.webui.keyword.WebUiBuiltInKeywords.click(WebUiBuiltInKeywords.groovy:616)
	at com.kms.katalon.core.webui.keyword.WebUiBuiltInKeywords$click$2.call(Unknown Source)
	at org.codehaus.groovy.runtime.callsite.CallSiteArray.defaultCall(CallSiteArray.java:48)
	at org.codehaus.groovy.runtime.callsite.AbstractCallSite.call(AbstractCallSite.java:113)
	at org.codehaus.groovy.runtime.callsite.AbstractCallSite.call(AbstractCallSite.java:125)
	at Script1536217453448.run(Script1536217453448.groovy:57)
	at com.kms.katalon.core.main.ScriptEngine.run(ScriptEngine.java:183)
	at com.kms.katalon.core.main.ScriptEngine.runScriptAsRawText(ScriptEngine.java:108)
	at com.kms.katalon.core.main.TestCaseExecutor.runScript(TestCaseExecutor.java:294)
	at com.kms.katalon.core.main.TestCaseExecutor.doExecute(TestCaseExecutor.java:285)
	at com.kms.katalon.core.main.TestCaseExecutor.processExecutionPhase(TestCaseExecutor.java:264)
	at com.kms.katalon.core.main.TestCaseExecutor.accessMainPhase(TestCaseExecutor.java:256)
	at com.kms.katalon.core.main.TestCaseExecutor.execute(TestCaseExecutor.java:200)
	at com.kms.katalon.core.main.TestCaseMain.runTestCase(TestCaseMain.java:99)
	at com.kms.katalon.core.keyword.builtin.CallTestCaseKeyword$_callTestCase_closure1.doCall(CallTestCaseKeyword.groovy:60)
	at com.kms.katalon.core.keyword.builtin.CallTestCaseKeyword$_callTestCase_closure1.call(CallTestCaseKeyword.groovy)
	at com.kms.katalon.core.keyword.internal.KeywordMain.runKeyword(KeywordMain.groovy:54)
	at com.kms.katalon.core.keyword.builtin.CallTestCaseKeyword.callTestCase(CallTestCaseKeyword.groovy:81)
	at com.kms.katalon.core.keyword.builtin.CallTestCaseKeyword.execute(CallTestCaseKeyword.groovy:45)
	at com.kms.katalon.core.keyword.internal.KeywordExecutor.executeKeywordForPlatform(KeywordExecutor.groovy:53)
	at com.kms.katalon.core.keyword.BuiltinKeywords.callTestCase(BuiltinKeywords.groovy:334)
	at sun.reflect.GeneratedMethodAccessor13.invoke(Unknown Source)
	at sun.reflect.DelegatingMethodAccessorImpl.invoke(DelegatingMethodAccessorImpl.java:43)
	at java.lang.reflect.Method.invoke(Method.java:498)
	at org.codehaus.groovy.reflection.CachedMethod.invoke(CachedMethod.java:93)
	at groovy.lang.MetaMethod.doMethodInvoke(MetaMethod.java:325)
	at groovy.lang.MetaClassImpl.invokeStaticMethod(MetaClassImpl.java:1469)
	at org.codehaus.groovy.runtime.callsite.StaticMetaClassSite.call(StaticMetaClassSite.java:53)
	at org.codehaus.groovy.runtime.callsite.CallSiteArray.defaultCall(CallSiteArray.java:48)
	at org.codehaus.groovy.runtime.callsite.AbstractCallSite.call(AbstractCallSite.java:113)
	at org.codehaus.groovy.runtime.callsite.AbstractCallSite.call(AbstractCallSite.java:141)
	at Script1536217482638.run(Script1536217482638.groovy:22)
	at com.kms.katalon.core.main.ScriptEngine.run(ScriptEngine.java:183)
	at com.kms.katalon.core.main.ScriptEngine.runScriptAsRawText(ScriptEngine.java:108)
	at com.kms.katalon.core.main.TestCaseExecutor.runScript(TestCaseExecutor.java:294)
	at com.kms.katalon.core.main.TestCaseExecutor.doExecute(TestCaseExecutor.java:285)
	at com.kms.katalon.core.main.TestCaseExecutor.processExecutionPhase(TestCaseExecutor.java:264)
	at com.kms.katalon.core.main.TestCaseExecutor.accessMainPhase(TestCaseExecutor.java:256)
	at com.kms.katalon.core.main.TestCaseExecutor.execute(TestCaseExecutor.java:200)
	at com.kms.katalon.core.main.TestSuiteExecutor.accessTestCaseMainPhase(TestSuiteExecutor.java:129)
	at com.kms.katalon.core.main.TestSuiteExecutor.accessTestSuiteMainPhase(TestSuiteExecutor.java:112)
	at com.kms.katalon.core.main.TestSuiteExecutor.execute(TestSuiteExecutor.java:81)
	at com.kms.katalon.core.main.TestCaseMain.startTestSuite(TestCaseMain.java:142)
	at com.kms.katalon.core.main.TestCaseMain$startTestSuite$0.call(Unknown Source)
	at org.codehaus.groovy.runtime.callsite.CallSiteArray.defaultCall(CallSiteArray.java:48)
	at org.codehaus.groovy.runtime.callsite.AbstractCallSite.call(AbstractCallSite.java:113)
	at org.codehaus.groovy.runtime.callsite.AbstractCallSite.call(AbstractCallSite.java:141)
	at TempTestSuite1544083360207.run(TempTestSuite1544083360207.groovy:36)
	at groovy.lang.GroovyShell.runScriptOrMainOrTestOrRunnable(GroovyShell.java:263)
	at groovy.lang.GroovyShell.run(GroovyShell.java:518)
	at groovy.lang.GroovyShell.run(GroovyShell.java:507)
	at groovy.ui.GroovyMain.processOnce(GroovyMain.java:653)
	at groovy.ui.GroovyMain.run(GroovyMain.java:384)
	at groovy.ui.GroovyMain.process(GroovyMain.java:370)
	at groovy.ui.GroovyMain.processArgs(GroovyMain.java:129)
	at groovy.ui.GroovyMain.main(GroovyMain.java:109)
	at sun.reflect.NativeMethodAccessorImpl.invoke0(Native Method)
	at sun.reflect.NativeMethodAccessorImpl.invoke(NativeMethodAccessorImpl.java:62)
	at sun.reflect.DelegatingMethodAccessorImpl.invoke(DelegatingMethodAccessorImpl.java:43)
	at java.lang.reflect.Method.invoke(Method.java:498)
	at org.codehaus.groovy.tools.GroovyStarter.rootLoader(GroovyStarter.java:109)
	at org.codehaus.groovy.tools.GroovyStarter.main(GroovyStarter.java:131)
)

2018-12-06 16:15:52 - [TEST_STEP][FAILED] - callTestCase: Unable to call Test Case with id 'Test Cases/Final Aug 2018 - PKS Automation/Registration Module/Workflow/Update Employee Information (Employee)/Template/Update Employee Information - Special Case (PAU)' (Root cause: Call Test Case 'Test Cases/Final Aug 2018 - PKS Automation/Registration Module/Workflow/Update Employee Information (Employee)/Template/Update Employee Information - Special Case (PAU)' failed)

2018-12-06 16:15:52 - [TEST_CASE][FAILED] - Test Cases/Final Aug 2018 - PKS Automation/Registration Module/Workflow/Update Employee Information (Employee)/Template/Update Employee Information - Special Case (PAU): Test Cases/Final Aug 2018 - PKS Automation/Registration Module/Workflow/Update Employee Information (Employee)/Template/Update Employee Information - Special Case (PAU) FAILED because (of) (Stack trace: com.kms.katalon.core.exception.StepFailedException: Unable to click on object (Root cause: java.lang.IllegalArgumentException: Object is null)
	at com.kms.katalon.core.keyword.internal.KeywordMain.stepFailed(KeywordMain.groovy:32)
	at com.kms.katalon.core.webui.keyword.internal.WebUIKeywordMain.stepFailed(WebUIKeywordMain.groovy:65)
	at com.kms.katalon.core.webui.keyword.internal.WebUIKeywordMain.runKeyword(WebUIKeywordMain.groovy:27)
	at com.kms.katalon.core.webui.keyword.builtin.ClickKeyword.click(ClickKeyword.groovy:86)
	at com.kms.katalon.core.webui.keyword.builtin.ClickKeyword.execute(ClickKeyword.groovy:67)
	at com.kms.katalon.core.keyword.internal.KeywordExecutor.executeKeywordForPlatform(KeywordExecutor.groovy:53)
	at com.kms.katalon.core.webui.keyword.WebUiBuiltInKeywords.click(WebUiBuiltInKeywords.groovy:616)
	at com.kms.katalon.core.webui.keyword.WebUiBuiltInKeywords$click$2.call(Unknown Source)
	at org.codehaus.groovy.runtime.callsite.CallSiteArray.defaultCall(CallSiteArray.java:48)
	at org.codehaus.groovy.runtime.callsite.AbstractCallSite.call(AbstractCallSite.java:113)
	at org.codehaus.groovy.runtime.callsite.AbstractCallSite.call(AbstractCallSite.java:125)
	at Script1536217453448.run(Script1536217453448.groovy:57)
	at com.kms.katalon.core.main.ScriptEngine.run(ScriptEngine.java:183)
	at com.kms.katalon.core.main.ScriptEngine.runScriptAsRawText(ScriptEngine.java:108)
	at com.kms.katalon.core.main.TestCaseExecutor.runScript(TestCaseExecutor.java:294)
	at com.kms.katalon.core.main.TestCaseExecutor.doExecute(TestCaseExecutor.java:285)
	at com.kms.katalon.core.main.TestCaseExecutor.processExecutionPhase(TestCaseExecutor.java:264)
	at com.kms.katalon.core.main.TestCaseExecutor.accessMainPhase(TestCaseExecutor.java:256)
	at com.kms.katalon.core.main.TestCaseExecutor.execute(TestCaseExecutor.java:200)
	at com.kms.katalon.core.main.TestCaseMain.runTestCase(TestCaseMain.java:99)
	at com.kms.katalon.core.keyword.builtin.CallTestCaseKeyword$_callTestCase_closure1.doCall(CallTestCaseKeyword.groovy:60)
	at com.kms.katalon.core.keyword.builtin.CallTestCaseKeyword$_callTestCase_closure1.call(CallTestCaseKeyword.groovy)
	at com.kms.katalon.core.keyword.internal.KeywordMain.runKeyword(KeywordMain.groovy:54)
	at com.kms.katalon.core.keyword.builtin.CallTestCaseKeyword.callTestCase(CallTestCaseKeyword.groovy:81)
	at com.kms.katalon.core.keyword.builtin.CallTestCaseKeyword.execute(CallTestCaseKeyword.groovy:45)
	at com.kms.katalon.core.keyword.internal.KeywordExecutor.executeKeywordForPlatform(KeywordExecutor.groovy:53)
	at com.kms.katalon.core.keyword.BuiltinKeywords.callTestCase(BuiltinKeywords.groovy:334)
	at sun.reflect.GeneratedMethodAccessor13.invoke(Unknown Source)
	at sun.reflect.DelegatingMethodAccessorImpl.invoke(DelegatingMethodAccessorImpl.java:43)
	at java.lang.reflect.Method.invoke(Method.java:498)
	at org.codehaus.groovy.reflection.CachedMethod.invoke(CachedMethod.java:93)
	at groovy.lang.MetaMethod.doMethodInvoke(MetaMethod.java:325)
	at groovy.lang.MetaClassImpl.invokeStaticMethod(MetaClassImpl.java:1469)
	at org.codehaus.groovy.runtime.callsite.StaticMetaClassSite.call(StaticMetaClassSite.java:53)
	at org.codehaus.groovy.runtime.callsite.CallSiteArray.defaultCall(CallSiteArray.java:48)
	at org.codehaus.groovy.runtime.callsite.AbstractCallSite.call(AbstractCallSite.java:113)
	at org.codehaus.groovy.runtime.callsite.AbstractCallSite.call(AbstractCallSite.java:141)
	at Script1536217482638.run(Script1536217482638.groovy:22)
	at com.kms.katalon.core.main.ScriptEngine.run(ScriptEngine.java:183)
	at com.kms.katalon.core.main.ScriptEngine.runScriptAsRawText(ScriptEngine.java:108)
	at com.kms.katalon.core.main.TestCaseExecutor.runScript(TestCaseExecutor.java:294)
	at com.kms.katalon.core.main.TestCaseExecutor.doExecute(TestCaseExecutor.java:285)
	at com.kms.katalon.core.main.TestCaseExecutor.processExecutionPhase(TestCaseExecutor.java:264)
	at com.kms.katalon.core.main.TestCaseExecutor.accessMainPhase(TestCaseExecutor.java:256)
	at com.kms.katalon.core.main.TestCaseExecutor.execute(TestCaseExecutor.java:200)
	at com.kms.katalon.core.main.TestSuiteExecutor.accessTestCaseMainPhase(TestSuiteExecutor.java:129)
	at com.kms.katalon.core.main.TestSuiteExecutor.accessTestSuiteMainPhase(TestSuiteExecutor.java:112)
	at com.kms.katalon.core.main.TestSuiteExecutor.execute(TestSuiteExecutor.java:81)
	at com.kms.katalon.core.main.TestCaseMain.startTestSuite(TestCaseMain.java:142)
	at com.kms.katalon.core.main.TestCaseMain$startTestSuite$0.call(Unknown Source)
	at org.codehaus.groovy.runtime.callsite.CallSiteArray.defaultCall(CallSiteArray.java:48)
	at org.codehaus.groovy.runtime.callsite.AbstractCallSite.call(AbstractCallSite.java:113)
	at org.codehaus.groovy.runtime.callsite.AbstractCallSite.call(AbstractCallSite.java:141)
	at TempTestSuite1544083360207.run(TempTestSuite1544083360207.groovy:36)
	at groovy.lang.GroovyShell.runScriptOrMainOrTestOrRunnable(GroovyShell.java:263)
	at groovy.lang.GroovyShell.run(GroovyShell.java:518)
	at groovy.lang.GroovyShell.run(GroovyShell.java:507)
	at groovy.ui.GroovyMain.processOnce(GroovyMain.java:653)
	at groovy.ui.GroovyMain.run(GroovyMain.java:384)
	at groovy.ui.GroovyMain.process(GroovyMain.java:370)
	at groovy.ui.GroovyMain.processArgs(GroovyMain.java:129)
	at groovy.ui.GroovyMain.main(GroovyMain.java:109)
	at sun.reflect.NativeMethodAccessorImpl.invoke0(Native Method)
	at sun.reflect.NativeMethodAccessorImpl.invoke(NativeMethodAccessorImpl.java:62)
	at sun.reflect.DelegatingMethodAccessorImpl.invoke(DelegatingMethodAccessorImpl.java:43)
	at java.lang.reflect.Method.invoke(Method.java:498)
	at org.codehaus.groovy.tools.GroovyStarter.rootLoader(GroovyStarter.java:109)
	at org.codehaus.groovy.tools.GroovyStarter.main(GroovyStarter.java:131)
)

2018-12-06 16:15:52 - [TEST_STEP][PASSED] - openBrowser: Browser is opened with url: ''

2018-12-06 16:15:52 - [MESSAGE][WARNING] - A browser is already opened. Closing browser and opening a new one

2018-12-06 16:15:55 - [MESSAGE][PASSED] - Browser is opened with url: ''

2018-12-06 16:15:55 - [TEST_STEP][PASSED] - navigateToUrl: Navigate to 'https://assist2-uat.perkeso.gov.my/login' successfully

2018-12-06 16:15:56 - [MESSAGE][PASSED] - Navigate to 'https://assist2-uat.perkeso.gov.my/login' successfully

2018-12-06 16:15:56 - [TEST_STEP][PASSED] - setText: Text 'johorpau1@gmail.com' is set on object 'Object Repository/Final Object Repo/Login Page/Internal User/Email Address'

2018-12-06 16:15:56 - [MESSAGE][PASSED] - Text 'johorpau1@gmail.com' is set on object 'Object Repository/Final Object Repo/Login Page/Internal User/Email Address'

2018-12-06 16:15:56 - [TEST_STEP][PASSED] - click: Object: 'Object Repository/Final Object Repo/Login Page/Internal User/Next Button' is clicked on

2018-12-06 16:15:56 - [MESSAGE][PASSED] - Object: 'Object Repository/Final Object Repo/Login Page/Internal User/Next Button' is clicked on

2018-12-06 16:15:56 - [TEST_STEP][PASSED] - delay: Delayed 1 second(s)

2018-12-06 16:15:57 - [MESSAGE][PASSED] - Delayed 1 second(s)

2018-12-06 16:15:57 - [TEST_STEP][PASSED] - setEncryptedText: Text ****** has been set on object 'Object Repository/Final Object Repo/Login Page/Internal User/Password'

2018-12-06 16:15:58 - [MESSAGE][PASSED] - Text ****** has been set on object 'Object Repository/Final Object Repo/Login Page/Internal User/Password'

2018-12-06 16:15:58 - [TEST_STEP][PASSED] - click: Object: 'Object Repository/Final Object Repo/Login Page/Internal User/Login Button' is clicked on

2018-12-06 16:15:58 - [MESSAGE][PASSED] - Object: 'Object Repository/Final Object Repo/Login Page/Internal User/Login Button' is clicked on

2018-12-06 16:15:58 - [TEST_STEP][PASSED] - Statement - tester = com.kms.katalon.core.testobject.ObjectRepository.findTestObject(Final Object Repo/Landing Page/Select to English): Finding Test Object with id 'Object Repository/Final Object Repo/Landing Page/Select to English'

2018-12-06 16:15:58 - [TEST_STEP][PASSED] - Statement - Try: Delayed 2 second(s)

2018-12-06 16:15:58 - [TEST_STEP][PASSED] - Statement - Checker = com.kms.katalon.core.webui.keyword.WebUiBuiltInKeywords.verifyElementNotPresent(tester, 3): Web element with id: 'Object Repository/Final Object Repo/Landing Page/Select to English' located by 'By.xpath: //a[@class = 'taglib-language-list-text' and @lang = 'en-US' and (contains(text(), 'EN') or contains(., 'EN'))]' is not present after '3' second(s)

2018-12-06 16:16:00 - [MESSAGE][PASSED] - Web element with id: 'Object Repository/Final Object Repo/Landing Page/Select to English' located by 'By.xpath: //a[@class = 'taglib-language-list-text' and @lang = 'en-US' and (contains(text(), 'EN') or contains(., 'EN'))]' is not present after '3' second(s)

2018-12-06 16:16:00 - [TEST_STEP][PASSED] - Statement - If (Checker == false): null

2018-12-06 16:16:00 - [TEST_STEP][PASSED] - delay: Delayed 2 second(s)

2018-12-06 16:16:02 - [MESSAGE][PASSED] - Delayed 2 second(s)

2018-12-06 16:16:02 - [TEST_STEP][PASSED] - delay: Delayed 5 second(s)

2018-12-06 16:16:07 - [MESSAGE][PASSED] - Delayed 5 second(s)

2018-12-06 16:16:07 - [TEST_STEP][PASSED] - navigateToUrl: Navigate to 'https://assist2-uat.perkeso.gov.my/web/registration/update/update-employee-information-employee-' successfully

2018-12-06 16:16:08 - [MESSAGE][PASSED] - Navigate to 'https://assist2-uat.perkeso.gov.my/web/registration/update/update-employee-information-employee-' successfully

2018-12-06 16:16:08 - [TEST_STEP][PASSED] - click: Object: 'Object Repository/Final Object Repo/Page_Update Employee Information By Employee/Type of Identification' is clicked on

2018-12-06 16:16:08 - [MESSAGE][PASSED] - Object: 'Object Repository/Final Object Repo/Page_Update Employee Information By Employee/Type of Identification' is clicked on

2018-12-06 16:16:08 - [TEST_STEP][FAILED] - click: Unable to click on object (Root cause: java.lang.IllegalArgumentException: Object is null)

2018-12-06 16:16:08 - [MESSAGE][WARNING] - Test object with id 'Object Repository/Final Object Repo/Page_Update Employee Information By Employee/Type of Identification - Name' does not exist

2018-12-06 16:16:08 - [MESSAGE][WARNING] - Test object with id 'Object Repository/' does not exist

2018-12-06 16:16:09 - [MESSAGE][FAILED] - Unable to click on object (Root cause: java.lang.IllegalArgumentException: Object is null)
[[ATTACHMENT|C:\\Users\\Admin\\Desktop\\PKS\\Perkeso Phase A\\Reports\\Workflow\\Update Employee Information (Employee)\\20181206_160240\\1544084168808.png]]

2018-12-06 16:16:09 - [TEST_STEP][PASSED] - setText: Text 'YUKI JR B' is set on object 'Object Repository/Final Object Repo/Page_Update Employee Information By Employee/New Identification'

2018-12-06 16:16:09 - [MESSAGE][PASSED] - Text 'YUKI JR B' is set on object 'Object Repository/Final Object Repo/Page_Update Employee Information By Employee/New Identification'

2018-12-06 16:16:09 - [TEST_STEP][PASSED] - click: Object: 'Object Repository/Final Object Repo/Page_Update Employee Information By Employee/Search Button' is clicked on

2018-12-06 16:16:09 - [MESSAGE][PASSED] - Object: 'Object Repository/Final Object Repo/Page_Update Employee Information By Employee/Search Button' is clicked on

2018-12-06 16:16:09 - [TEST_STEP][FAILED] - click: Unable to click on object 'Object Repository/Final Object Repo/Page_Update Employee Information By Employee/Edit Button' (Root cause: com.kms.katalon.core.webui.exception.WebElementNotFoundException: Web element with id: 'Object Repository/Final Object Repo/Page_Update Employee Information By Employee/Edit Button' located by 'By.xpath: //i[@data-original-title = 'Edit']' not found)

2018-12-06 16:16:42 - [MESSAGE][FAILED] - Unable to click on object 'Object Repository/Final Object Repo/Page_Update Employee Information By Employee/Edit Button' (Root cause: com.kms.katalon.core.webui.exception.WebElementNotFoundException: Web element with id: 'Object Repository/Final Object Repo/Page_Update Employee Information By Employee/Edit Button' located by 'By.xpath: //i[@data-original-title = 'Edit']' not found)
[[ATTACHMENT|C:\\Users\\Admin\\Desktop\\PKS\\Perkeso Phase A\\Reports\\Workflow\\Update Employee Information (Employee)\\20181206_160240\\1544084202002.png]]

2018-12-06 16:16:42 - [TEST_STEP][PASSED] - delay: Delayed 2 second(s)

2018-12-06 16:16:44 - [MESSAGE][PASSED] - Delayed 2 second(s)

2018-12-06 16:16:44 - [TEST_STEP][FAILED] - click: Unable to click on object 'Object Repository/Final Object Repo/Page_Update Employee Information By Employee/Employee Information Edit Button' (Root cause: com.kms.katalon.core.webui.exception.WebElementNotFoundException: Web element with id: 'Object Repository/Final Object Repo/Page_Update Employee Information By Employee/Employee Information Edit Button' located by 'By.xpath: //i[@data-original-title = 'Edit']' not found)

2018-12-06 16:17:16 - [MESSAGE][FAILED] - Unable to click on object 'Object Repository/Final Object Repo/Page_Update Employee Information By Employee/Employee Information Edit Button' (Root cause: com.kms.katalon.core.webui.exception.WebElementNotFoundException: Web element with id: 'Object Repository/Final Object Repo/Page_Update Employee Information By Employee/Employee Information Edit Button' located by 'By.xpath: //i[@data-original-title = 'Edit']' not found)
[[ATTACHMENT|C:\\Users\\Admin\\Desktop\\PKS\\Perkeso Phase A\\Reports\\Workflow\\Update Employee Information (Employee)\\20181206_160240\\1544084235986.png]]

2018-12-06 16:17:16 - [TEST_STEP][PASSED] - delay: Delayed 2 second(s)

2018-12-06 16:17:18 - [MESSAGE][PASSED] - Delayed 2 second(s)

2018-12-06 16:17:18 - [TEST_STEP][FAILED] - click: Unable to click on object 'Object Repository/Final Object Repo/Page_Update Employee Information By Employee/New Identification Number' (Root cause: java.lang.NullPointerException)

2018-12-06 16:17:49 - [MESSAGE][FAILED] - Unable to click on object 'Object Repository/Final Object Repo/Page_Update Employee Information By Employee/New Identification Number' (Root cause: java.lang.NullPointerException)
[[ATTACHMENT|C:\\Users\\Admin\\Desktop\\PKS\\Perkeso Phase A\\Reports\\Workflow\\Update Employee Information (Employee)\\20181206_160240\\1544084269556.png]]

2018-12-06 16:17:49 - [MESSAGE][FAILED] - Unable to call Test Case with id 'Test Cases/Final Aug 2018 - PKS Automation/Registration Module/Workflow/Update Employee Information (Employee)/Template/Update Employee Information - Special Case (PAU)' (Root cause: Call Test Case 'Test Cases/Final Aug 2018 - PKS Automation/Registration Module/Workflow/Update Employee Information (Employee)/Template/Update Employee Information - Special Case (PAU)' failed)]]></system-out>
         <system-err><![CDATA[2018-12-06 16:15:51 - [TEST_CASE][FAILED] - Test Cases/Final Aug 2018 - PKS Automation/Registration Module/Workflow/Update Employee Information (Employee)/PAU to UO (Approve): Test Cases/Final Aug 2018 - PKS Automation/Registration Module/Workflow/Update Employee Information (Employee)/PAU to UO (Approve) FAILED because (of) (Stack trace: com.kms.katalon.core.exception.StepFailedException: Unable to click on object (Root cause: java.lang.IllegalArgumentException: Object is null)
	at com.kms.katalon.core.keyword.internal.KeywordMain.stepFailed(KeywordMain.groovy:32)
	at com.kms.katalon.core.webui.keyword.internal.WebUIKeywordMain.stepFailed(WebUIKeywordMain.groovy:65)
	at com.kms.katalon.core.webui.keyword.internal.WebUIKeywordMain.runKeyword(WebUIKeywordMain.groovy:27)
	at com.kms.katalon.core.webui.keyword.builtin.ClickKeyword.click(ClickKeyword.groovy:86)
	at com.kms.katalon.core.webui.keyword.builtin.ClickKeyword.execute(ClickKeyword.groovy:67)
	at com.kms.katalon.core.keyword.internal.KeywordExecutor.executeKeywordForPlatform(KeywordExecutor.groovy:53)
	at com.kms.katalon.core.webui.keyword.WebUiBuiltInKeywords.click(WebUiBuiltInKeywords.groovy:616)
	at com.kms.katalon.core.webui.keyword.WebUiBuiltInKeywords$click$2.call(Unknown Source)
	at org.codehaus.groovy.runtime.callsite.CallSiteArray.defaultCall(CallSiteArray.java:48)
	at org.codehaus.groovy.runtime.callsite.AbstractCallSite.call(AbstractCallSite.java:113)
	at org.codehaus.groovy.runtime.callsite.AbstractCallSite.call(AbstractCallSite.java:125)
	at Script1536217453448.run(Script1536217453448.groovy:57)
	at com.kms.katalon.core.main.ScriptEngine.run(ScriptEngine.java:183)
	at com.kms.katalon.core.main.ScriptEngine.runScriptAsRawText(ScriptEngine.java:108)
	at com.kms.katalon.core.main.TestCaseExecutor.runScript(TestCaseExecutor.java:294)
	at com.kms.katalon.core.main.TestCaseExecutor.doExecute(TestCaseExecutor.java:285)
	at com.kms.katalon.core.main.TestCaseExecutor.processExecutionPhase(TestCaseExecutor.java:264)
	at com.kms.katalon.core.main.TestCaseExecutor.accessMainPhase(TestCaseExecutor.java:256)
	at com.kms.katalon.core.main.TestCaseExecutor.execute(TestCaseExecutor.java:200)
	at com.kms.katalon.core.main.TestCaseMain.runTestCase(TestCaseMain.java:99)
	at com.kms.katalon.core.keyword.builtin.CallTestCaseKeyword$_callTestCase_closure1.doCall(CallTestCaseKeyword.groovy:60)
	at com.kms.katalon.core.keyword.builtin.CallTestCaseKeyword$_callTestCase_closure1.call(CallTestCaseKeyword.groovy)
	at com.kms.katalon.core.keyword.internal.KeywordMain.runKeyword(KeywordMain.groovy:54)
	at com.kms.katalon.core.keyword.builtin.CallTestCaseKeyword.callTestCase(CallTestCaseKeyword.groovy:81)
	at com.kms.katalon.core.keyword.builtin.CallTestCaseKeyword.execute(CallTestCaseKeyword.groovy:45)
	at com.kms.katalon.core.keyword.internal.KeywordExecutor.executeKeywordForPlatform(KeywordExecutor.groovy:53)
	at com.kms.katalon.core.keyword.BuiltinKeywords.callTestCase(BuiltinKeywords.groovy:334)
	at sun.reflect.GeneratedMethodAccessor13.invoke(Unknown Source)
	at sun.reflect.DelegatingMethodAccessorImpl.invoke(DelegatingMethodAccessorImpl.java:43)
	at java.lang.reflect.Method.invoke(Method.java:498)
	at org.codehaus.groovy.reflection.CachedMethod.invoke(CachedMethod.java:93)
	at groovy.lang.MetaMethod.doMethodInvoke(MetaMethod.java:325)
	at groovy.lang.MetaClassImpl.invokeStaticMethod(MetaClassImpl.java:1469)
	at org.codehaus.groovy.runtime.callsite.StaticMetaClassSite.call(StaticMetaClassSite.java:53)
	at org.codehaus.groovy.runtime.callsite.CallSiteArray.defaultCall(CallSiteArray.java:48)
	at org.codehaus.groovy.runtime.callsite.AbstractCallSite.call(AbstractCallSite.java:113)
	at org.codehaus.groovy.runtime.callsite.AbstractCallSite.call(AbstractCallSite.java:141)
	at Script1536217482638.run(Script1536217482638.groovy:22)
	at com.kms.katalon.core.main.ScriptEngine.run(ScriptEngine.java:183)
	at com.kms.katalon.core.main.ScriptEngine.runScriptAsRawText(ScriptEngine.java:108)
	at com.kms.katalon.core.main.TestCaseExecutor.runScript(TestCaseExecutor.java:294)
	at com.kms.katalon.core.main.TestCaseExecutor.doExecute(TestCaseExecutor.java:285)
	at com.kms.katalon.core.main.TestCaseExecutor.processExecutionPhase(TestCaseExecutor.java:264)
	at com.kms.katalon.core.main.TestCaseExecutor.accessMainPhase(TestCaseExecutor.java:256)
	at com.kms.katalon.core.main.TestCaseExecutor.execute(TestCaseExecutor.java:200)
	at com.kms.katalon.core.main.TestSuiteExecutor.accessTestCaseMainPhase(TestSuiteExecutor.java:129)
	at com.kms.katalon.core.main.TestSuiteExecutor.accessTestSuiteMainPhase(TestSuiteExecutor.java:112)
	at com.kms.katalon.core.main.TestSuiteExecutor.execute(TestSuiteExecutor.java:81)
	at com.kms.katalon.core.main.TestCaseMain.startTestSuite(TestCaseMain.java:142)
	at com.kms.katalon.core.main.TestCaseMain$startTestSuite$0.call(Unknown Source)
	at org.codehaus.groovy.runtime.callsite.CallSiteArray.defaultCall(CallSiteArray.java:48)
	at org.codehaus.groovy.runtime.callsite.AbstractCallSite.call(AbstractCallSite.java:113)
	at org.codehaus.groovy.runtime.callsite.AbstractCallSite.call(AbstractCallSite.java:141)
	at TempTestSuite1544083360207.run(TempTestSuite1544083360207.groovy:36)
	at groovy.lang.GroovyShell.runScriptOrMainOrTestOrRunnable(GroovyShell.java:263)
	at groovy.lang.GroovyShell.run(GroovyShell.java:518)
	at groovy.lang.GroovyShell.run(GroovyShell.java:507)
	at groovy.ui.GroovyMain.processOnce(GroovyMain.java:653)
	at groovy.ui.GroovyMain.run(GroovyMain.java:384)
	at groovy.ui.GroovyMain.process(GroovyMain.java:370)
	at groovy.ui.GroovyMain.processArgs(GroovyMain.java:129)
	at groovy.ui.GroovyMain.main(GroovyMain.java:109)
	at sun.reflect.NativeMethodAccessorImpl.invoke0(Native Method)
	at sun.reflect.NativeMethodAccessorImpl.invoke(NativeMethodAccessorImpl.java:62)
	at sun.reflect.DelegatingMethodAccessorImpl.invoke(DelegatingMethodAccessorImpl.java:43)
	at java.lang.reflect.Method.invoke(Method.java:498)
	at org.codehaus.groovy.tools.GroovyStarter.rootLoader(GroovyStarter.java:109)
	at org.codehaus.groovy.tools.GroovyStarter.main(GroovyStarter.java:131)
)]]></system-err>
      </testcase>
      <testcase name="Test Cases/Final Aug 2018 - PKS Automation/Registration Module/Workflow/Update Employee Information (Employee)/PAU to UO (Query)" classname="Test Cases/Final Aug 2018 - PKS Automation/Registration Module/Workflow/Update Employee Information (Employee)/PAU to UO (Query)" status="FAILED">
         <failure type="FAILED" message="(Stack trace: com.kms.katalon.core.exception.StepFailedException: Unable to click on object (Root cause: java.lang.IllegalArgumentException: Object is null)
	at com.kms.katalon.core.keyword.internal.KeywordMain.stepFailed(KeywordMain.groovy:32)
	at com.kms.katalon.core.webui.keyword.internal.WebUIKeywordMain.stepFailed(WebUIKeywordMain.groovy:65)
	at com.kms.katalon.core.webui.keyword.internal.WebUIKeywordMain.runKeyword(WebUIKeywordMain.groovy:27)
	at com.kms.katalon.core.webui.keyword.builtin.ClickKeyword.click(ClickKeyword.groovy:86)
	at com.kms.katalon.core.webui.keyword.builtin.ClickKeyword.execute(ClickKeyword.groovy:67)
	at com.kms.katalon.core.keyword.internal.KeywordExecutor.executeKeywordForPlatform(KeywordExecutor.groovy:53)
	at com.kms.katalon.core.webui.keyword.WebUiBuiltInKeywords.click(WebUiBuiltInKeywords.groovy:616)
	at com.kms.katalon.core.webui.keyword.WebUiBuiltInKeywords$click$2.call(Unknown Source)
	at Script1536217453448.run(Script1536217453448.groovy:57)
	at com.kms.katalon.core.main.ScriptEngine.run(ScriptEngine.java:183)
	at com.kms.katalon.core.main.ScriptEngine.runScriptAsRawText(ScriptEngine.java:108)
	at com.kms.katalon.core.main.TestCaseExecutor.runScript(TestCaseExecutor.java:294)
	at com.kms.katalon.core.main.TestCaseExecutor.doExecute(TestCaseExecutor.java:285)
	at com.kms.katalon.core.main.TestCaseExecutor.processExecutionPhase(TestCaseExecutor.java:264)
	at com.kms.katalon.core.main.TestCaseExecutor.accessMainPhase(TestCaseExecutor.java:256)
	at com.kms.katalon.core.main.TestCaseExecutor.execute(TestCaseExecutor.java:200)
	at com.kms.katalon.core.main.TestCaseMain.runTestCase(TestCaseMain.java:99)
	at com.kms.katalon.core.keyword.builtin.CallTestCaseKeyword$_callTestCase_closure1.doCall(CallTestCaseKeyword.groovy:60)
	at com.kms.katalon.core.keyword.builtin.CallTestCaseKeyword$_callTestCase_closure1.call(CallTestCaseKeyword.groovy)
	at com.kms.katalon.core.keyword.internal.KeywordMain.runKeyword(KeywordMain.groovy:54)
	at com.kms.katalon.core.keyword.builtin.CallTestCaseKeyword.callTestCase(CallTestCaseKeyword.groovy:81)
	at com.kms.katalon.core.keyword.builtin.CallTestCaseKeyword.execute(CallTestCaseKeyword.groovy:45)
	at com.kms.katalon.core.keyword.internal.KeywordExecutor.executeKeywordForPlatform(KeywordExecutor.groovy:53)
	at com.kms.katalon.core.keyword.BuiltinKeywords.callTestCase(BuiltinKeywords.groovy:334)
	at sun.reflect.GeneratedMethodAccessor13.invoke(Unknown Source)
	at sun.reflect.DelegatingMethodAccessorImpl.invoke(DelegatingMethodAccessorImpl.java:43)
	at java.lang.reflect.Method.invoke(Method.java:498)
	at org.codehaus.groovy.reflection.CachedMethod.invoke(CachedMethod.java:93)
	at groovy.lang.MetaMethod.doMethodInvoke(MetaMethod.java:325)
	at groovy.lang.MetaClassImpl.invokeStaticMethod(MetaClassImpl.java:1469)
	at org.codehaus.groovy.runtime.callsite.StaticMetaClassSite.call(StaticMetaClassSite.java:53)
	at org.codehaus.groovy.runtime.callsite.CallSiteArray.defaultCall(CallSiteArray.java:48)
	at org.codehaus.groovy.runtime.callsite.AbstractCallSite.call(AbstractCallSite.java:113)
	at org.codehaus.groovy.runtime.callsite.AbstractCallSite.call(AbstractCallSite.java:141)
	at Script1536217513198.run(Script1536217513198.groovy:22)
	at com.kms.katalon.core.main.ScriptEngine.run(ScriptEngine.java:183)
	at com.kms.katalon.core.main.ScriptEngine.runScriptAsRawText(ScriptEngine.java:108)
	at com.kms.katalon.core.main.TestCaseExecutor.runScript(TestCaseExecutor.java:294)
	at com.kms.katalon.core.main.TestCaseExecutor.doExecute(TestCaseExecutor.java:285)
	at com.kms.katalon.core.main.TestCaseExecutor.processExecutionPhase(TestCaseExecutor.java:264)
	at com.kms.katalon.core.main.TestCaseExecutor.accessMainPhase(TestCaseExecutor.java:256)
	at com.kms.katalon.core.main.TestCaseExecutor.execute(TestCaseExecutor.java:200)
	at com.kms.katalon.core.main.TestSuiteExecutor.accessTestCaseMainPhase(TestSuiteExecutor.java:129)
	at com.kms.katalon.core.main.TestSuiteExecutor.accessTestSuiteMainPhase(TestSuiteExecutor.java:112)
	at com.kms.katalon.core.main.TestSuiteExecutor.execute(TestSuiteExecutor.java:81)
	at com.kms.katalon.core.main.TestCaseMain.startTestSuite(TestCaseMain.java:142)
	at com.kms.katalon.core.main.TestCaseMain$startTestSuite$0.call(Unknown Source)
	at org.codehaus.groovy.runtime.callsite.CallSiteArray.defaultCall(CallSiteArray.java:48)
	at org.codehaus.groovy.runtime.callsite.AbstractCallSite.call(AbstractCallSite.java:113)
	at org.codehaus.groovy.runtime.callsite.AbstractCallSite.call(AbstractCallSite.java:141)
	at TempTestSuite1544083360207.run(TempTestSuite1544083360207.groovy:36)
	at groovy.lang.GroovyShell.runScriptOrMainOrTestOrRunnable(GroovyShell.java:263)
	at groovy.lang.GroovyShell.run(GroovyShell.java:518)
	at groovy.lang.GroovyShell.run(GroovyShell.java:507)
	at groovy.ui.GroovyMain.processOnce(GroovyMain.java:653)
	at groovy.ui.GroovyMain.run(GroovyMain.java:384)
	at groovy.ui.GroovyMain.process(GroovyMain.java:370)
	at groovy.ui.GroovyMain.processArgs(GroovyMain.java:129)
	at groovy.ui.GroovyMain.main(GroovyMain.java:109)
	at sun.reflect.NativeMethodAccessorImpl.invoke0(Native Method)
	at sun.reflect.NativeMethodAccessorImpl.invoke(NativeMethodAccessorImpl.java:62)
	at sun.reflect.DelegatingMethodAccessorImpl.invoke(DelegatingMethodAccessorImpl.java:43)
	at java.lang.reflect.Method.invoke(Method.java:498)
	at org.codehaus.groovy.tools.GroovyStarter.rootLoader(GroovyStarter.java:109)
	at org.codehaus.groovy.tools.GroovyStarter.main(GroovyStarter.java:131)
)"/>
         <system-out><![CDATA[2018-12-06 16:17:49 - [TEST_CASE][FAILED] - Test Cases/Final Aug 2018 - PKS Automation/Registration Module/Workflow/Update Employee Information (Employee)/PAU to UO (Query): Test Cases/Final Aug 2018 - PKS Automation/Registration Module/Workflow/Update Employee Information (Employee)/PAU to UO (Query) FAILED because (of) (Stack trace: com.kms.katalon.core.exception.StepFailedException: Unable to click on object (Root cause: java.lang.IllegalArgumentException: Object is null)
	at com.kms.katalon.core.keyword.internal.KeywordMain.stepFailed(KeywordMain.groovy:32)
	at com.kms.katalon.core.webui.keyword.internal.WebUIKeywordMain.stepFailed(WebUIKeywordMain.groovy:65)
	at com.kms.katalon.core.webui.keyword.internal.WebUIKeywordMain.runKeyword(WebUIKeywordMain.groovy:27)
	at com.kms.katalon.core.webui.keyword.builtin.ClickKeyword.click(ClickKeyword.groovy:86)
	at com.kms.katalon.core.webui.keyword.builtin.ClickKeyword.execute(ClickKeyword.groovy:67)
	at com.kms.katalon.core.keyword.internal.KeywordExecutor.executeKeywordForPlatform(KeywordExecutor.groovy:53)
	at com.kms.katalon.core.webui.keyword.WebUiBuiltInKeywords.click(WebUiBuiltInKeywords.groovy:616)
	at com.kms.katalon.core.webui.keyword.WebUiBuiltInKeywords$click$2.call(Unknown Source)
	at Script1536217453448.run(Script1536217453448.groovy:57)
	at com.kms.katalon.core.main.ScriptEngine.run(ScriptEngine.java:183)
	at com.kms.katalon.core.main.ScriptEngine.runScriptAsRawText(ScriptEngine.java:108)
	at com.kms.katalon.core.main.TestCaseExecutor.runScript(TestCaseExecutor.java:294)
	at com.kms.katalon.core.main.TestCaseExecutor.doExecute(TestCaseExecutor.java:285)
	at com.kms.katalon.core.main.TestCaseExecutor.processExecutionPhase(TestCaseExecutor.java:264)
	at com.kms.katalon.core.main.TestCaseExecutor.accessMainPhase(TestCaseExecutor.java:256)
	at com.kms.katalon.core.main.TestCaseExecutor.execute(TestCaseExecutor.java:200)
	at com.kms.katalon.core.main.TestCaseMain.runTestCase(TestCaseMain.java:99)
	at com.kms.katalon.core.keyword.builtin.CallTestCaseKeyword$_callTestCase_closure1.doCall(CallTestCaseKeyword.groovy:60)
	at com.kms.katalon.core.keyword.builtin.CallTestCaseKeyword$_callTestCase_closure1.call(CallTestCaseKeyword.groovy)
	at com.kms.katalon.core.keyword.internal.KeywordMain.runKeyword(KeywordMain.groovy:54)
	at com.kms.katalon.core.keyword.builtin.CallTestCaseKeyword.callTestCase(CallTestCaseKeyword.groovy:81)
	at com.kms.katalon.core.keyword.builtin.CallTestCaseKeyword.execute(CallTestCaseKeyword.groovy:45)
	at com.kms.katalon.core.keyword.internal.KeywordExecutor.executeKeywordForPlatform(KeywordExecutor.groovy:53)
	at com.kms.katalon.core.keyword.BuiltinKeywords.callTestCase(BuiltinKeywords.groovy:334)
	at sun.reflect.GeneratedMethodAccessor13.invoke(Unknown Source)
	at sun.reflect.DelegatingMethodAccessorImpl.invoke(DelegatingMethodAccessorImpl.java:43)
	at java.lang.reflect.Method.invoke(Method.java:498)
	at org.codehaus.groovy.reflection.CachedMethod.invoke(CachedMethod.java:93)
	at groovy.lang.MetaMethod.doMethodInvoke(MetaMethod.java:325)
	at groovy.lang.MetaClassImpl.invokeStaticMethod(MetaClassImpl.java:1469)
	at org.codehaus.groovy.runtime.callsite.StaticMetaClassSite.call(StaticMetaClassSite.java:53)
	at org.codehaus.groovy.runtime.callsite.CallSiteArray.defaultCall(CallSiteArray.java:48)
	at org.codehaus.groovy.runtime.callsite.AbstractCallSite.call(AbstractCallSite.java:113)
	at org.codehaus.groovy.runtime.callsite.AbstractCallSite.call(AbstractCallSite.java:141)
	at Script1536217513198.run(Script1536217513198.groovy:22)
	at com.kms.katalon.core.main.ScriptEngine.run(ScriptEngine.java:183)
	at com.kms.katalon.core.main.ScriptEngine.runScriptAsRawText(ScriptEngine.java:108)
	at com.kms.katalon.core.main.TestCaseExecutor.runScript(TestCaseExecutor.java:294)
	at com.kms.katalon.core.main.TestCaseExecutor.doExecute(TestCaseExecutor.java:285)
	at com.kms.katalon.core.main.TestCaseExecutor.processExecutionPhase(TestCaseExecutor.java:264)
	at com.kms.katalon.core.main.TestCaseExecutor.accessMainPhase(TestCaseExecutor.java:256)
	at com.kms.katalon.core.main.TestCaseExecutor.execute(TestCaseExecutor.java:200)
	at com.kms.katalon.core.main.TestSuiteExecutor.accessTestCaseMainPhase(TestSuiteExecutor.java:129)
	at com.kms.katalon.core.main.TestSuiteExecutor.accessTestSuiteMainPhase(TestSuiteExecutor.java:112)
	at com.kms.katalon.core.main.TestSuiteExecutor.execute(TestSuiteExecutor.java:81)
	at com.kms.katalon.core.main.TestCaseMain.startTestSuite(TestCaseMain.java:142)
	at com.kms.katalon.core.main.TestCaseMain$startTestSuite$0.call(Unknown Source)
	at org.codehaus.groovy.runtime.callsite.CallSiteArray.defaultCall(CallSiteArray.java:48)
	at org.codehaus.groovy.runtime.callsite.AbstractCallSite.call(AbstractCallSite.java:113)
	at org.codehaus.groovy.runtime.callsite.AbstractCallSite.call(AbstractCallSite.java:141)
	at TempTestSuite1544083360207.run(TempTestSuite1544083360207.groovy:36)
	at groovy.lang.GroovyShell.runScriptOrMainOrTestOrRunnable(GroovyShell.java:263)
	at groovy.lang.GroovyShell.run(GroovyShell.java:518)
	at groovy.lang.GroovyShell.run(GroovyShell.java:507)
	at groovy.ui.GroovyMain.processOnce(GroovyMain.java:653)
	at groovy.ui.GroovyMain.run(GroovyMain.java:384)
	at groovy.ui.GroovyMain.process(GroovyMain.java:370)
	at groovy.ui.GroovyMain.processArgs(GroovyMain.java:129)
	at groovy.ui.GroovyMain.main(GroovyMain.java:109)
	at sun.reflect.NativeMethodAccessorImpl.invoke0(Native Method)
	at sun.reflect.NativeMethodAccessorImpl.invoke(NativeMethodAccessorImpl.java:62)
	at sun.reflect.DelegatingMethodAccessorImpl.invoke(DelegatingMethodAccessorImpl.java:43)
	at java.lang.reflect.Method.invoke(Method.java:498)
	at org.codehaus.groovy.tools.GroovyStarter.rootLoader(GroovyStarter.java:109)
	at org.codehaus.groovy.tools.GroovyStarter.main(GroovyStarter.java:131)
)

2018-12-06 16:17:50 - [TEST_STEP][FAILED] - callTestCase: Unable to call Test Case with id 'Test Cases/Final Aug 2018 - PKS Automation/Registration Module/Workflow/Update Employee Information (Employee)/Template/Update Employee Information - Special Case (PAU)' (Root cause: Call Test Case 'Test Cases/Final Aug 2018 - PKS Automation/Registration Module/Workflow/Update Employee Information (Employee)/Template/Update Employee Information - Special Case (PAU)' failed)

2018-12-06 16:17:50 - [TEST_CASE][FAILED] - Test Cases/Final Aug 2018 - PKS Automation/Registration Module/Workflow/Update Employee Information (Employee)/Template/Update Employee Information - Special Case (PAU): Test Cases/Final Aug 2018 - PKS Automation/Registration Module/Workflow/Update Employee Information (Employee)/Template/Update Employee Information - Special Case (PAU) FAILED because (of) (Stack trace: com.kms.katalon.core.exception.StepFailedException: Unable to click on object (Root cause: java.lang.IllegalArgumentException: Object is null)
	at com.kms.katalon.core.keyword.internal.KeywordMain.stepFailed(KeywordMain.groovy:32)
	at com.kms.katalon.core.webui.keyword.internal.WebUIKeywordMain.stepFailed(WebUIKeywordMain.groovy:65)
	at com.kms.katalon.core.webui.keyword.internal.WebUIKeywordMain.runKeyword(WebUIKeywordMain.groovy:27)
	at com.kms.katalon.core.webui.keyword.builtin.ClickKeyword.click(ClickKeyword.groovy:86)
	at com.kms.katalon.core.webui.keyword.builtin.ClickKeyword.execute(ClickKeyword.groovy:67)
	at com.kms.katalon.core.keyword.internal.KeywordExecutor.executeKeywordForPlatform(KeywordExecutor.groovy:53)
	at com.kms.katalon.core.webui.keyword.WebUiBuiltInKeywords.click(WebUiBuiltInKeywords.groovy:616)
	at com.kms.katalon.core.webui.keyword.WebUiBuiltInKeywords$click$2.call(Unknown Source)
	at Script1536217453448.run(Script1536217453448.groovy:57)
	at com.kms.katalon.core.main.ScriptEngine.run(ScriptEngine.java:183)
	at com.kms.katalon.core.main.ScriptEngine.runScriptAsRawText(ScriptEngine.java:108)
	at com.kms.katalon.core.main.TestCaseExecutor.runScript(TestCaseExecutor.java:294)
	at com.kms.katalon.core.main.TestCaseExecutor.doExecute(TestCaseExecutor.java:285)
	at com.kms.katalon.core.main.TestCaseExecutor.processExecutionPhase(TestCaseExecutor.java:264)
	at com.kms.katalon.core.main.TestCaseExecutor.accessMainPhase(TestCaseExecutor.java:256)
	at com.kms.katalon.core.main.TestCaseExecutor.execute(TestCaseExecutor.java:200)
	at com.kms.katalon.core.main.TestCaseMain.runTestCase(TestCaseMain.java:99)
	at com.kms.katalon.core.keyword.builtin.CallTestCaseKeyword$_callTestCase_closure1.doCall(CallTestCaseKeyword.groovy:60)
	at com.kms.katalon.core.keyword.builtin.CallTestCaseKeyword$_callTestCase_closure1.call(CallTestCaseKeyword.groovy)
	at com.kms.katalon.core.keyword.internal.KeywordMain.runKeyword(KeywordMain.groovy:54)
	at com.kms.katalon.core.keyword.builtin.CallTestCaseKeyword.callTestCase(CallTestCaseKeyword.groovy:81)
	at com.kms.katalon.core.keyword.builtin.CallTestCaseKeyword.execute(CallTestCaseKeyword.groovy:45)
	at com.kms.katalon.core.keyword.internal.KeywordExecutor.executeKeywordForPlatform(KeywordExecutor.groovy:53)
	at com.kms.katalon.core.keyword.BuiltinKeywords.callTestCase(BuiltinKeywords.groovy:334)
	at sun.reflect.GeneratedMethodAccessor13.invoke(Unknown Source)
	at sun.reflect.DelegatingMethodAccessorImpl.invoke(DelegatingMethodAccessorImpl.java:43)
	at java.lang.reflect.Method.invoke(Method.java:498)
	at org.codehaus.groovy.reflection.CachedMethod.invoke(CachedMethod.java:93)
	at groovy.lang.MetaMethod.doMethodInvoke(MetaMethod.java:325)
	at groovy.lang.MetaClassImpl.invokeStaticMethod(MetaClassImpl.java:1469)
	at org.codehaus.groovy.runtime.callsite.StaticMetaClassSite.call(StaticMetaClassSite.java:53)
	at org.codehaus.groovy.runtime.callsite.CallSiteArray.defaultCall(CallSiteArray.java:48)
	at org.codehaus.groovy.runtime.callsite.AbstractCallSite.call(AbstractCallSite.java:113)
	at org.codehaus.groovy.runtime.callsite.AbstractCallSite.call(AbstractCallSite.java:141)
	at Script1536217513198.run(Script1536217513198.groovy:22)
	at com.kms.katalon.core.main.ScriptEngine.run(ScriptEngine.java:183)
	at com.kms.katalon.core.main.ScriptEngine.runScriptAsRawText(ScriptEngine.java:108)
	at com.kms.katalon.core.main.TestCaseExecutor.runScript(TestCaseExecutor.java:294)
	at com.kms.katalon.core.main.TestCaseExecutor.doExecute(TestCaseExecutor.java:285)
	at com.kms.katalon.core.main.TestCaseExecutor.processExecutionPhase(TestCaseExecutor.java:264)
	at com.kms.katalon.core.main.TestCaseExecutor.accessMainPhase(TestCaseExecutor.java:256)
	at com.kms.katalon.core.main.TestCaseExecutor.execute(TestCaseExecutor.java:200)
	at com.kms.katalon.core.main.TestSuiteExecutor.accessTestCaseMainPhase(TestSuiteExecutor.java:129)
	at com.kms.katalon.core.main.TestSuiteExecutor.accessTestSuiteMainPhase(TestSuiteExecutor.java:112)
	at com.kms.katalon.core.main.TestSuiteExecutor.execute(TestSuiteExecutor.java:81)
	at com.kms.katalon.core.main.TestCaseMain.startTestSuite(TestCaseMain.java:142)
	at com.kms.katalon.core.main.TestCaseMain$startTestSuite$0.call(Unknown Source)
	at org.codehaus.groovy.runtime.callsite.CallSiteArray.defaultCall(CallSiteArray.java:48)
	at org.codehaus.groovy.runtime.callsite.AbstractCallSite.call(AbstractCallSite.java:113)
	at org.codehaus.groovy.runtime.callsite.AbstractCallSite.call(AbstractCallSite.java:141)
	at TempTestSuite1544083360207.run(TempTestSuite1544083360207.groovy:36)
	at groovy.lang.GroovyShell.runScriptOrMainOrTestOrRunnable(GroovyShell.java:263)
	at groovy.lang.GroovyShell.run(GroovyShell.java:518)
	at groovy.lang.GroovyShell.run(GroovyShell.java:507)
	at groovy.ui.GroovyMain.processOnce(GroovyMain.java:653)
	at groovy.ui.GroovyMain.run(GroovyMain.java:384)
	at groovy.ui.GroovyMain.process(GroovyMain.java:370)
	at groovy.ui.GroovyMain.processArgs(GroovyMain.java:129)
	at groovy.ui.GroovyMain.main(GroovyMain.java:109)
	at sun.reflect.NativeMethodAccessorImpl.invoke0(Native Method)
	at sun.reflect.NativeMethodAccessorImpl.invoke(NativeMethodAccessorImpl.java:62)
	at sun.reflect.DelegatingMethodAccessorImpl.invoke(DelegatingMethodAccessorImpl.java:43)
	at java.lang.reflect.Method.invoke(Method.java:498)
	at org.codehaus.groovy.tools.GroovyStarter.rootLoader(GroovyStarter.java:109)
	at org.codehaus.groovy.tools.GroovyStarter.main(GroovyStarter.java:131)
)

2018-12-06 16:17:50 - [TEST_STEP][PASSED] - openBrowser: Browser is opened with url: ''

2018-12-06 16:17:50 - [MESSAGE][WARNING] - A browser is already opened. Closing browser and opening a new one

2018-12-06 16:17:53 - [MESSAGE][PASSED] - Browser is opened with url: ''

2018-12-06 16:17:53 - [TEST_STEP][PASSED] - navigateToUrl: Navigate to 'https://assist2-uat.perkeso.gov.my/login' successfully

2018-12-06 16:17:54 - [MESSAGE][PASSED] - Navigate to 'https://assist2-uat.perkeso.gov.my/login' successfully

2018-12-06 16:17:54 - [TEST_STEP][PASSED] - setText: Text 'johorpau1@gmail.com' is set on object 'Object Repository/Final Object Repo/Login Page/Internal User/Email Address'

2018-12-06 16:17:54 - [MESSAGE][PASSED] - Text 'johorpau1@gmail.com' is set on object 'Object Repository/Final Object Repo/Login Page/Internal User/Email Address'

2018-12-06 16:17:54 - [TEST_STEP][PASSED] - click: Object: 'Object Repository/Final Object Repo/Login Page/Internal User/Next Button' is clicked on

2018-12-06 16:17:54 - [MESSAGE][PASSED] - Object: 'Object Repository/Final Object Repo/Login Page/Internal User/Next Button' is clicked on

2018-12-06 16:17:54 - [TEST_STEP][PASSED] - delay: Delayed 1 second(s)

2018-12-06 16:17:55 - [MESSAGE][PASSED] - Delayed 1 second(s)

2018-12-06 16:17:55 - [TEST_STEP][PASSED] - setEncryptedText: Text ****** has been set on object 'Object Repository/Final Object Repo/Login Page/Internal User/Password'

2018-12-06 16:17:56 - [MESSAGE][PASSED] - Text ****** has been set on object 'Object Repository/Final Object Repo/Login Page/Internal User/Password'

2018-12-06 16:17:56 - [TEST_STEP][PASSED] - click: Object: 'Object Repository/Final Object Repo/Login Page/Internal User/Login Button' is clicked on

2018-12-06 16:17:56 - [MESSAGE][PASSED] - Object: 'Object Repository/Final Object Repo/Login Page/Internal User/Login Button' is clicked on

2018-12-06 16:17:56 - [TEST_STEP][PASSED] - Statement - tester = com.kms.katalon.core.testobject.ObjectRepository.findTestObject(Final Object Repo/Landing Page/Select to English): Finding Test Object with id 'Object Repository/Final Object Repo/Landing Page/Select to English'

2018-12-06 16:17:56 - [TEST_STEP][PASSED] - Statement - Try: Delayed 2 second(s)

2018-12-06 16:17:56 - [TEST_STEP][PASSED] - Statement - Checker = com.kms.katalon.core.webui.keyword.WebUiBuiltInKeywords.verifyElementNotPresent(tester, 3): Web element with id: 'Object Repository/Final Object Repo/Landing Page/Select to English' located by 'By.xpath: //a[@class = 'taglib-language-list-text' and @lang = 'en-US' and (contains(text(), 'EN') or contains(., 'EN'))]' is not present after '3' second(s)

2018-12-06 16:17:59 - [MESSAGE][PASSED] - Web element with id: 'Object Repository/Final Object Repo/Landing Page/Select to English' located by 'By.xpath: //a[@class = 'taglib-language-list-text' and @lang = 'en-US' and (contains(text(), 'EN') or contains(., 'EN'))]' is not present after '3' second(s)

2018-12-06 16:17:59 - [TEST_STEP][PASSED] - Statement - If (Checker == false): null

2018-12-06 16:17:59 - [TEST_STEP][PASSED] - delay: Delayed 2 second(s)

2018-12-06 16:18:01 - [MESSAGE][PASSED] - Delayed 2 second(s)

2018-12-06 16:18:01 - [TEST_STEP][PASSED] - delay: Delayed 5 second(s)

2018-12-06 16:18:06 - [MESSAGE][PASSED] - Delayed 5 second(s)

2018-12-06 16:18:06 - [TEST_STEP][PASSED] - navigateToUrl: Navigate to 'https://assist2-uat.perkeso.gov.my/web/registration/update/update-employee-information-employee-' successfully

2018-12-06 16:18:07 - [MESSAGE][PASSED] - Navigate to 'https://assist2-uat.perkeso.gov.my/web/registration/update/update-employee-information-employee-' successfully

2018-12-06 16:18:07 - [TEST_STEP][PASSED] - click: Object: 'Object Repository/Final Object Repo/Page_Update Employee Information By Employee/Type of Identification' is clicked on

2018-12-06 16:18:07 - [MESSAGE][PASSED] - Object: 'Object Repository/Final Object Repo/Page_Update Employee Information By Employee/Type of Identification' is clicked on

2018-12-06 16:18:07 - [TEST_STEP][FAILED] - click: Unable to click on object (Root cause: java.lang.IllegalArgumentException: Object is null)

2018-12-06 16:18:07 - [MESSAGE][WARNING] - Test object with id 'Object Repository/Final Object Repo/Page_Update Employee Information By Employee/Type of Identification - Name' does not exist

2018-12-06 16:18:07 - [MESSAGE][WARNING] - Test object with id 'Object Repository/' does not exist

2018-12-06 16:18:07 - [MESSAGE][FAILED] - Unable to click on object (Root cause: java.lang.IllegalArgumentException: Object is null)
[[ATTACHMENT|C:\\Users\\Admin\\Desktop\\PKS\\Perkeso Phase A\\Reports\\Workflow\\Update Employee Information (Employee)\\20181206_160240\\1544084287618.png]]

2018-12-06 16:18:07 - [TEST_STEP][PASSED] - setText: Text 'YUKI JR B' is set on object 'Object Repository/Final Object Repo/Page_Update Employee Information By Employee/New Identification'

2018-12-06 16:18:08 - [MESSAGE][PASSED] - Text 'YUKI JR B' is set on object 'Object Repository/Final Object Repo/Page_Update Employee Information By Employee/New Identification'

2018-12-06 16:18:08 - [TEST_STEP][PASSED] - click: Object: 'Object Repository/Final Object Repo/Page_Update Employee Information By Employee/Search Button' is clicked on

2018-12-06 16:18:08 - [MESSAGE][PASSED] - Object: 'Object Repository/Final Object Repo/Page_Update Employee Information By Employee/Search Button' is clicked on

2018-12-06 16:18:08 - [TEST_STEP][FAILED] - click: Unable to click on object 'Object Repository/Final Object Repo/Page_Update Employee Information By Employee/Edit Button' (Root cause: com.kms.katalon.core.webui.exception.WebElementNotFoundException: Web element with id: 'Object Repository/Final Object Repo/Page_Update Employee Information By Employee/Edit Button' located by 'By.xpath: //i[@data-original-title = 'Edit']' not found)

2018-12-06 16:18:41 - [MESSAGE][FAILED] - Unable to click on object 'Object Repository/Final Object Repo/Page_Update Employee Information By Employee/Edit Button' (Root cause: com.kms.katalon.core.webui.exception.WebElementNotFoundException: Web element with id: 'Object Repository/Final Object Repo/Page_Update Employee Information By Employee/Edit Button' located by 'By.xpath: //i[@data-original-title = 'Edit']' not found)
[[ATTACHMENT|C:\\Users\\Admin\\Desktop\\PKS\\Perkeso Phase A\\Reports\\Workflow\\Update Employee Information (Employee)\\20181206_160240\\1544084321421.png]]

2018-12-06 16:18:41 - [TEST_STEP][PASSED] - delay: Delayed 2 second(s)

2018-12-06 16:18:43 - [MESSAGE][PASSED] - Delayed 2 second(s)

2018-12-06 16:18:43 - [TEST_STEP][FAILED] - click: Unable to click on object 'Object Repository/Final Object Repo/Page_Update Employee Information By Employee/Employee Information Edit Button' (Root cause: com.kms.katalon.core.webui.exception.WebElementNotFoundException: Web element with id: 'Object Repository/Final Object Repo/Page_Update Employee Information By Employee/Employee Information Edit Button' located by 'By.xpath: //i[@data-original-title = 'Edit']' not found)

2018-12-06 16:19:15 - [MESSAGE][FAILED] - Unable to click on object 'Object Repository/Final Object Repo/Page_Update Employee Information By Employee/Employee Information Edit Button' (Root cause: com.kms.katalon.core.webui.exception.WebElementNotFoundException: Web element with id: 'Object Repository/Final Object Repo/Page_Update Employee Information By Employee/Employee Information Edit Button' located by 'By.xpath: //i[@data-original-title = 'Edit']' not found)
[[ATTACHMENT|C:\\Users\\Admin\\Desktop\\PKS\\Perkeso Phase A\\Reports\\Workflow\\Update Employee Information (Employee)\\20181206_160240\\1544084355448.png]]

2018-12-06 16:19:15 - [TEST_STEP][PASSED] - delay: Delayed 2 second(s)

2018-12-06 16:19:17 - [MESSAGE][PASSED] - Delayed 2 second(s)

2018-12-06 16:19:17 - [TEST_STEP][FAILED] - click: Unable to click on object 'Object Repository/Final Object Repo/Page_Update Employee Information By Employee/New Identification Number' (Root cause: java.lang.NullPointerException)

2018-12-06 16:19:49 - [MESSAGE][FAILED] - Unable to click on object 'Object Repository/Final Object Repo/Page_Update Employee Information By Employee/New Identification Number' (Root cause: java.lang.NullPointerException)
[[ATTACHMENT|C:\\Users\\Admin\\Desktop\\PKS\\Perkeso Phase A\\Reports\\Workflow\\Update Employee Information (Employee)\\20181206_160240\\1544084389037.png]]

2018-12-06 16:19:49 - [MESSAGE][FAILED] - Unable to call Test Case with id 'Test Cases/Final Aug 2018 - PKS Automation/Registration Module/Workflow/Update Employee Information (Employee)/Template/Update Employee Information - Special Case (PAU)' (Root cause: Call Test Case 'Test Cases/Final Aug 2018 - PKS Automation/Registration Module/Workflow/Update Employee Information (Employee)/Template/Update Employee Information - Special Case (PAU)' failed)]]></system-out>
         <system-err><![CDATA[2018-12-06 16:17:49 - [TEST_CASE][FAILED] - Test Cases/Final Aug 2018 - PKS Automation/Registration Module/Workflow/Update Employee Information (Employee)/PAU to UO (Query): Test Cases/Final Aug 2018 - PKS Automation/Registration Module/Workflow/Update Employee Information (Employee)/PAU to UO (Query) FAILED because (of) (Stack trace: com.kms.katalon.core.exception.StepFailedException: Unable to click on object (Root cause: java.lang.IllegalArgumentException: Object is null)
	at com.kms.katalon.core.keyword.internal.KeywordMain.stepFailed(KeywordMain.groovy:32)
	at com.kms.katalon.core.webui.keyword.internal.WebUIKeywordMain.stepFailed(WebUIKeywordMain.groovy:65)
	at com.kms.katalon.core.webui.keyword.internal.WebUIKeywordMain.runKeyword(WebUIKeywordMain.groovy:27)
	at com.kms.katalon.core.webui.keyword.builtin.ClickKeyword.click(ClickKeyword.groovy:86)
	at com.kms.katalon.core.webui.keyword.builtin.ClickKeyword.execute(ClickKeyword.groovy:67)
	at com.kms.katalon.core.keyword.internal.KeywordExecutor.executeKeywordForPlatform(KeywordExecutor.groovy:53)
	at com.kms.katalon.core.webui.keyword.WebUiBuiltInKeywords.click(WebUiBuiltInKeywords.groovy:616)
	at com.kms.katalon.core.webui.keyword.WebUiBuiltInKeywords$click$2.call(Unknown Source)
	at Script1536217453448.run(Script1536217453448.groovy:57)
	at com.kms.katalon.core.main.ScriptEngine.run(ScriptEngine.java:183)
	at com.kms.katalon.core.main.ScriptEngine.runScriptAsRawText(ScriptEngine.java:108)
	at com.kms.katalon.core.main.TestCaseExecutor.runScript(TestCaseExecutor.java:294)
	at com.kms.katalon.core.main.TestCaseExecutor.doExecute(TestCaseExecutor.java:285)
	at com.kms.katalon.core.main.TestCaseExecutor.processExecutionPhase(TestCaseExecutor.java:264)
	at com.kms.katalon.core.main.TestCaseExecutor.accessMainPhase(TestCaseExecutor.java:256)
	at com.kms.katalon.core.main.TestCaseExecutor.execute(TestCaseExecutor.java:200)
	at com.kms.katalon.core.main.TestCaseMain.runTestCase(TestCaseMain.java:99)
	at com.kms.katalon.core.keyword.builtin.CallTestCaseKeyword$_callTestCase_closure1.doCall(CallTestCaseKeyword.groovy:60)
	at com.kms.katalon.core.keyword.builtin.CallTestCaseKeyword$_callTestCase_closure1.call(CallTestCaseKeyword.groovy)
	at com.kms.katalon.core.keyword.internal.KeywordMain.runKeyword(KeywordMain.groovy:54)
	at com.kms.katalon.core.keyword.builtin.CallTestCaseKeyword.callTestCase(CallTestCaseKeyword.groovy:81)
	at com.kms.katalon.core.keyword.builtin.CallTestCaseKeyword.execute(CallTestCaseKeyword.groovy:45)
	at com.kms.katalon.core.keyword.internal.KeywordExecutor.executeKeywordForPlatform(KeywordExecutor.groovy:53)
	at com.kms.katalon.core.keyword.BuiltinKeywords.callTestCase(BuiltinKeywords.groovy:334)
	at sun.reflect.GeneratedMethodAccessor13.invoke(Unknown Source)
	at sun.reflect.DelegatingMethodAccessorImpl.invoke(DelegatingMethodAccessorImpl.java:43)
	at java.lang.reflect.Method.invoke(Method.java:498)
	at org.codehaus.groovy.reflection.CachedMethod.invoke(CachedMethod.java:93)
	at groovy.lang.MetaMethod.doMethodInvoke(MetaMethod.java:325)
	at groovy.lang.MetaClassImpl.invokeStaticMethod(MetaClassImpl.java:1469)
	at org.codehaus.groovy.runtime.callsite.StaticMetaClassSite.call(StaticMetaClassSite.java:53)
	at org.codehaus.groovy.runtime.callsite.CallSiteArray.defaultCall(CallSiteArray.java:48)
	at org.codehaus.groovy.runtime.callsite.AbstractCallSite.call(AbstractCallSite.java:113)
	at org.codehaus.groovy.runtime.callsite.AbstractCallSite.call(AbstractCallSite.java:141)
	at Script1536217513198.run(Script1536217513198.groovy:22)
	at com.kms.katalon.core.main.ScriptEngine.run(ScriptEngine.java:183)
	at com.kms.katalon.core.main.ScriptEngine.runScriptAsRawText(ScriptEngine.java:108)
	at com.kms.katalon.core.main.TestCaseExecutor.runScript(TestCaseExecutor.java:294)
	at com.kms.katalon.core.main.TestCaseExecutor.doExecute(TestCaseExecutor.java:285)
	at com.kms.katalon.core.main.TestCaseExecutor.processExecutionPhase(TestCaseExecutor.java:264)
	at com.kms.katalon.core.main.TestCaseExecutor.accessMainPhase(TestCaseExecutor.java:256)
	at com.kms.katalon.core.main.TestCaseExecutor.execute(TestCaseExecutor.java:200)
	at com.kms.katalon.core.main.TestSuiteExecutor.accessTestCaseMainPhase(TestSuiteExecutor.java:129)
	at com.kms.katalon.core.main.TestSuiteExecutor.accessTestSuiteMainPhase(TestSuiteExecutor.java:112)
	at com.kms.katalon.core.main.TestSuiteExecutor.execute(TestSuiteExecutor.java:81)
	at com.kms.katalon.core.main.TestCaseMain.startTestSuite(TestCaseMain.java:142)
	at com.kms.katalon.core.main.TestCaseMain$startTestSuite$0.call(Unknown Source)
	at org.codehaus.groovy.runtime.callsite.CallSiteArray.defaultCall(CallSiteArray.java:48)
	at org.codehaus.groovy.runtime.callsite.AbstractCallSite.call(AbstractCallSite.java:113)
	at org.codehaus.groovy.runtime.callsite.AbstractCallSite.call(AbstractCallSite.java:141)
	at TempTestSuite1544083360207.run(TempTestSuite1544083360207.groovy:36)
	at groovy.lang.GroovyShell.runScriptOrMainOrTestOrRunnable(GroovyShell.java:263)
	at groovy.lang.GroovyShell.run(GroovyShell.java:518)
	at groovy.lang.GroovyShell.run(GroovyShell.java:507)
	at groovy.ui.GroovyMain.processOnce(GroovyMain.java:653)
	at groovy.ui.GroovyMain.run(GroovyMain.java:384)
	at groovy.ui.GroovyMain.process(GroovyMain.java:370)
	at groovy.ui.GroovyMain.processArgs(GroovyMain.java:129)
	at groovy.ui.GroovyMain.main(GroovyMain.java:109)
	at sun.reflect.NativeMethodAccessorImpl.invoke0(Native Method)
	at sun.reflect.NativeMethodAccessorImpl.invoke(NativeMethodAccessorImpl.java:62)
	at sun.reflect.DelegatingMethodAccessorImpl.invoke(DelegatingMethodAccessorImpl.java:43)
	at java.lang.reflect.Method.invoke(Method.java:498)
	at org.codehaus.groovy.tools.GroovyStarter.rootLoader(GroovyStarter.java:109)
	at org.codehaus.groovy.tools.GroovyStarter.main(GroovyStarter.java:131)
)]]></system-err>
      </testcase>
      <testcase name="Test Cases/Final Aug 2018 - PKS Automation/Registration Module/Workflow/Update Employee Information (Employee)/PAU to UO (Reject)" classname="Test Cases/Final Aug 2018 - PKS Automation/Registration Module/Workflow/Update Employee Information (Employee)/PAU to UO (Reject)" status="FAILED">
         <failure type="FAILED" message="(Stack trace: com.kms.katalon.core.exception.StepFailedException: Unable to click on object (Root cause: java.lang.IllegalArgumentException: Object is null)
	at com.kms.katalon.core.keyword.internal.KeywordMain.stepFailed(KeywordMain.groovy:32)
	at com.kms.katalon.core.webui.keyword.internal.WebUIKeywordMain.stepFailed(WebUIKeywordMain.groovy:65)
	at com.kms.katalon.core.webui.keyword.internal.WebUIKeywordMain.runKeyword(WebUIKeywordMain.groovy:27)
	at com.kms.katalon.core.webui.keyword.builtin.ClickKeyword.click(ClickKeyword.groovy:86)
	at com.kms.katalon.core.webui.keyword.builtin.ClickKeyword.execute(ClickKeyword.groovy:67)
	at com.kms.katalon.core.keyword.internal.KeywordExecutor.executeKeywordForPlatform(KeywordExecutor.groovy:53)
	at com.kms.katalon.core.webui.keyword.WebUiBuiltInKeywords.click(WebUiBuiltInKeywords.groovy:616)
	at com.kms.katalon.core.webui.keyword.WebUiBuiltInKeywords$click$2.call(Unknown Source)
	at Script1536217453448.run(Script1536217453448.groovy:57)
	at com.kms.katalon.core.main.ScriptEngine.run(ScriptEngine.java:183)
	at com.kms.katalon.core.main.ScriptEngine.runScriptAsRawText(ScriptEngine.java:108)
	at com.kms.katalon.core.main.TestCaseExecutor.runScript(TestCaseExecutor.java:294)
	at com.kms.katalon.core.main.TestCaseExecutor.doExecute(TestCaseExecutor.java:285)
	at com.kms.katalon.core.main.TestCaseExecutor.processExecutionPhase(TestCaseExecutor.java:264)
	at com.kms.katalon.core.main.TestCaseExecutor.accessMainPhase(TestCaseExecutor.java:256)
	at com.kms.katalon.core.main.TestCaseExecutor.execute(TestCaseExecutor.java:200)
	at com.kms.katalon.core.main.TestCaseMain.runTestCase(TestCaseMain.java:99)
	at com.kms.katalon.core.keyword.builtin.CallTestCaseKeyword$_callTestCase_closure1.doCall(CallTestCaseKeyword.groovy:60)
	at com.kms.katalon.core.keyword.builtin.CallTestCaseKeyword$_callTestCase_closure1.call(CallTestCaseKeyword.groovy)
	at com.kms.katalon.core.keyword.internal.KeywordMain.runKeyword(KeywordMain.groovy:54)
	at com.kms.katalon.core.keyword.builtin.CallTestCaseKeyword.callTestCase(CallTestCaseKeyword.groovy:81)
	at com.kms.katalon.core.keyword.builtin.CallTestCaseKeyword.execute(CallTestCaseKeyword.groovy:45)
	at com.kms.katalon.core.keyword.internal.KeywordExecutor.executeKeywordForPlatform(KeywordExecutor.groovy:53)
	at com.kms.katalon.core.keyword.BuiltinKeywords.callTestCase(BuiltinKeywords.groovy:334)
	at sun.reflect.GeneratedMethodAccessor13.invoke(Unknown Source)
	at sun.reflect.DelegatingMethodAccessorImpl.invoke(DelegatingMethodAccessorImpl.java:43)
	at java.lang.reflect.Method.invoke(Method.java:498)
	at org.codehaus.groovy.reflection.CachedMethod.invoke(CachedMethod.java:93)
	at groovy.lang.MetaMethod.doMethodInvoke(MetaMethod.java:325)
	at groovy.lang.MetaClassImpl.invokeStaticMethod(MetaClassImpl.java:1469)
	at org.codehaus.groovy.runtime.callsite.StaticMetaClassSite.call(StaticMetaClassSite.java:53)
	at org.codehaus.groovy.runtime.callsite.CallSiteArray.defaultCall(CallSiteArray.java:48)
	at org.codehaus.groovy.runtime.callsite.AbstractCallSite.call(AbstractCallSite.java:113)
	at org.codehaus.groovy.runtime.callsite.AbstractCallSite.call(AbstractCallSite.java:141)
	at Script1536217494859.run(Script1536217494859.groovy:22)
	at com.kms.katalon.core.main.ScriptEngine.run(ScriptEngine.java:183)
	at com.kms.katalon.core.main.ScriptEngine.runScriptAsRawText(ScriptEngine.java:108)
	at com.kms.katalon.core.main.TestCaseExecutor.runScript(TestCaseExecutor.java:294)
	at com.kms.katalon.core.main.TestCaseExecutor.doExecute(TestCaseExecutor.java:285)
	at com.kms.katalon.core.main.TestCaseExecutor.processExecutionPhase(TestCaseExecutor.java:264)
	at com.kms.katalon.core.main.TestCaseExecutor.accessMainPhase(TestCaseExecutor.java:256)
	at com.kms.katalon.core.main.TestCaseExecutor.execute(TestCaseExecutor.java:200)
	at com.kms.katalon.core.main.TestSuiteExecutor.accessTestCaseMainPhase(TestSuiteExecutor.java:129)
	at com.kms.katalon.core.main.TestSuiteExecutor.accessTestSuiteMainPhase(TestSuiteExecutor.java:112)
	at com.kms.katalon.core.main.TestSuiteExecutor.execute(TestSuiteExecutor.java:81)
	at com.kms.katalon.core.main.TestCaseMain.startTestSuite(TestCaseMain.java:142)
	at com.kms.katalon.core.main.TestCaseMain$startTestSuite$0.call(Unknown Source)
	at org.codehaus.groovy.runtime.callsite.CallSiteArray.defaultCall(CallSiteArray.java:48)
	at org.codehaus.groovy.runtime.callsite.AbstractCallSite.call(AbstractCallSite.java:113)
	at org.codehaus.groovy.runtime.callsite.AbstractCallSite.call(AbstractCallSite.java:141)
	at TempTestSuite1544083360207.run(TempTestSuite1544083360207.groovy:36)
	at groovy.lang.GroovyShell.runScriptOrMainOrTestOrRunnable(GroovyShell.java:263)
	at groovy.lang.GroovyShell.run(GroovyShell.java:518)
	at groovy.lang.GroovyShell.run(GroovyShell.java:507)
	at groovy.ui.GroovyMain.processOnce(GroovyMain.java:653)
	at groovy.ui.GroovyMain.run(GroovyMain.java:384)
	at groovy.ui.GroovyMain.process(GroovyMain.java:370)
	at groovy.ui.GroovyMain.processArgs(GroovyMain.java:129)
	at groovy.ui.GroovyMain.main(GroovyMain.java:109)
	at sun.reflect.NativeMethodAccessorImpl.invoke0(Native Method)
	at sun.reflect.NativeMethodAccessorImpl.invoke(NativeMethodAccessorImpl.java:62)
	at sun.reflect.DelegatingMethodAccessorImpl.invoke(DelegatingMethodAccessorImpl.java:43)
	at java.lang.reflect.Method.invoke(Method.java:498)
	at org.codehaus.groovy.tools.GroovyStarter.rootLoader(GroovyStarter.java:109)
	at org.codehaus.groovy.tools.GroovyStarter.main(GroovyStarter.java:131)
)"/>
         <system-out><![CDATA[2018-12-06 16:19:49 - [TEST_CASE][FAILED] - Test Cases/Final Aug 2018 - PKS Automation/Registration Module/Workflow/Update Employee Information (Employee)/PAU to UO (Reject): Test Cases/Final Aug 2018 - PKS Automation/Registration Module/Workflow/Update Employee Information (Employee)/PAU to UO (Reject) FAILED because (of) (Stack trace: com.kms.katalon.core.exception.StepFailedException: Unable to click on object (Root cause: java.lang.IllegalArgumentException: Object is null)
	at com.kms.katalon.core.keyword.internal.KeywordMain.stepFailed(KeywordMain.groovy:32)
	at com.kms.katalon.core.webui.keyword.internal.WebUIKeywordMain.stepFailed(WebUIKeywordMain.groovy:65)
	at com.kms.katalon.core.webui.keyword.internal.WebUIKeywordMain.runKeyword(WebUIKeywordMain.groovy:27)
	at com.kms.katalon.core.webui.keyword.builtin.ClickKeyword.click(ClickKeyword.groovy:86)
	at com.kms.katalon.core.webui.keyword.builtin.ClickKeyword.execute(ClickKeyword.groovy:67)
	at com.kms.katalon.core.keyword.internal.KeywordExecutor.executeKeywordForPlatform(KeywordExecutor.groovy:53)
	at com.kms.katalon.core.webui.keyword.WebUiBuiltInKeywords.click(WebUiBuiltInKeywords.groovy:616)
	at com.kms.katalon.core.webui.keyword.WebUiBuiltInKeywords$click$2.call(Unknown Source)
	at Script1536217453448.run(Script1536217453448.groovy:57)
	at com.kms.katalon.core.main.ScriptEngine.run(ScriptEngine.java:183)
	at com.kms.katalon.core.main.ScriptEngine.runScriptAsRawText(ScriptEngine.java:108)
	at com.kms.katalon.core.main.TestCaseExecutor.runScript(TestCaseExecutor.java:294)
	at com.kms.katalon.core.main.TestCaseExecutor.doExecute(TestCaseExecutor.java:285)
	at com.kms.katalon.core.main.TestCaseExecutor.processExecutionPhase(TestCaseExecutor.java:264)
	at com.kms.katalon.core.main.TestCaseExecutor.accessMainPhase(TestCaseExecutor.java:256)
	at com.kms.katalon.core.main.TestCaseExecutor.execute(TestCaseExecutor.java:200)
	at com.kms.katalon.core.main.TestCaseMain.runTestCase(TestCaseMain.java:99)
	at com.kms.katalon.core.keyword.builtin.CallTestCaseKeyword$_callTestCase_closure1.doCall(CallTestCaseKeyword.groovy:60)
	at com.kms.katalon.core.keyword.builtin.CallTestCaseKeyword$_callTestCase_closure1.call(CallTestCaseKeyword.groovy)
	at com.kms.katalon.core.keyword.internal.KeywordMain.runKeyword(KeywordMain.groovy:54)
	at com.kms.katalon.core.keyword.builtin.CallTestCaseKeyword.callTestCase(CallTestCaseKeyword.groovy:81)
	at com.kms.katalon.core.keyword.builtin.CallTestCaseKeyword.execute(CallTestCaseKeyword.groovy:45)
	at com.kms.katalon.core.keyword.internal.KeywordExecutor.executeKeywordForPlatform(KeywordExecutor.groovy:53)
	at com.kms.katalon.core.keyword.BuiltinKeywords.callTestCase(BuiltinKeywords.groovy:334)
	at sun.reflect.GeneratedMethodAccessor13.invoke(Unknown Source)
	at sun.reflect.DelegatingMethodAccessorImpl.invoke(DelegatingMethodAccessorImpl.java:43)
	at java.lang.reflect.Method.invoke(Method.java:498)
	at org.codehaus.groovy.reflection.CachedMethod.invoke(CachedMethod.java:93)
	at groovy.lang.MetaMethod.doMethodInvoke(MetaMethod.java:325)
	at groovy.lang.MetaClassImpl.invokeStaticMethod(MetaClassImpl.java:1469)
	at org.codehaus.groovy.runtime.callsite.StaticMetaClassSite.call(StaticMetaClassSite.java:53)
	at org.codehaus.groovy.runtime.callsite.CallSiteArray.defaultCall(CallSiteArray.java:48)
	at org.codehaus.groovy.runtime.callsite.AbstractCallSite.call(AbstractCallSite.java:113)
	at org.codehaus.groovy.runtime.callsite.AbstractCallSite.call(AbstractCallSite.java:141)
	at Script1536217494859.run(Script1536217494859.groovy:22)
	at com.kms.katalon.core.main.ScriptEngine.run(ScriptEngine.java:183)
	at com.kms.katalon.core.main.ScriptEngine.runScriptAsRawText(ScriptEngine.java:108)
	at com.kms.katalon.core.main.TestCaseExecutor.runScript(TestCaseExecutor.java:294)
	at com.kms.katalon.core.main.TestCaseExecutor.doExecute(TestCaseExecutor.java:285)
	at com.kms.katalon.core.main.TestCaseExecutor.processExecutionPhase(TestCaseExecutor.java:264)
	at com.kms.katalon.core.main.TestCaseExecutor.accessMainPhase(TestCaseExecutor.java:256)
	at com.kms.katalon.core.main.TestCaseExecutor.execute(TestCaseExecutor.java:200)
	at com.kms.katalon.core.main.TestSuiteExecutor.accessTestCaseMainPhase(TestSuiteExecutor.java:129)
	at com.kms.katalon.core.main.TestSuiteExecutor.accessTestSuiteMainPhase(TestSuiteExecutor.java:112)
	at com.kms.katalon.core.main.TestSuiteExecutor.execute(TestSuiteExecutor.java:81)
	at com.kms.katalon.core.main.TestCaseMain.startTestSuite(TestCaseMain.java:142)
	at com.kms.katalon.core.main.TestCaseMain$startTestSuite$0.call(Unknown Source)
	at org.codehaus.groovy.runtime.callsite.CallSiteArray.defaultCall(CallSiteArray.java:48)
	at org.codehaus.groovy.runtime.callsite.AbstractCallSite.call(AbstractCallSite.java:113)
	at org.codehaus.groovy.runtime.callsite.AbstractCallSite.call(AbstractCallSite.java:141)
	at TempTestSuite1544083360207.run(TempTestSuite1544083360207.groovy:36)
	at groovy.lang.GroovyShell.runScriptOrMainOrTestOrRunnable(GroovyShell.java:263)
	at groovy.lang.GroovyShell.run(GroovyShell.java:518)
	at groovy.lang.GroovyShell.run(GroovyShell.java:507)
	at groovy.ui.GroovyMain.processOnce(GroovyMain.java:653)
	at groovy.ui.GroovyMain.run(GroovyMain.java:384)
	at groovy.ui.GroovyMain.process(GroovyMain.java:370)
	at groovy.ui.GroovyMain.processArgs(GroovyMain.java:129)
	at groovy.ui.GroovyMain.main(GroovyMain.java:109)
	at sun.reflect.NativeMethodAccessorImpl.invoke0(Native Method)
	at sun.reflect.NativeMethodAccessorImpl.invoke(NativeMethodAccessorImpl.java:62)
	at sun.reflect.DelegatingMethodAccessorImpl.invoke(DelegatingMethodAccessorImpl.java:43)
	at java.lang.reflect.Method.invoke(Method.java:498)
	at org.codehaus.groovy.tools.GroovyStarter.rootLoader(GroovyStarter.java:109)
	at org.codehaus.groovy.tools.GroovyStarter.main(GroovyStarter.java:131)
)

2018-12-06 16:19:49 - [TEST_STEP][FAILED] - callTestCase: Unable to call Test Case with id 'Test Cases/Final Aug 2018 - PKS Automation/Registration Module/Workflow/Update Employee Information (Employee)/Template/Update Employee Information - Special Case (PAU)' (Root cause: Call Test Case 'Test Cases/Final Aug 2018 - PKS Automation/Registration Module/Workflow/Update Employee Information (Employee)/Template/Update Employee Information - Special Case (PAU)' failed)

2018-12-06 16:19:49 - [TEST_CASE][FAILED] - Test Cases/Final Aug 2018 - PKS Automation/Registration Module/Workflow/Update Employee Information (Employee)/Template/Update Employee Information - Special Case (PAU): Test Cases/Final Aug 2018 - PKS Automation/Registration Module/Workflow/Update Employee Information (Employee)/Template/Update Employee Information - Special Case (PAU) FAILED because (of) (Stack trace: com.kms.katalon.core.exception.StepFailedException: Unable to click on object (Root cause: java.lang.IllegalArgumentException: Object is null)
	at com.kms.katalon.core.keyword.internal.KeywordMain.stepFailed(KeywordMain.groovy:32)
	at com.kms.katalon.core.webui.keyword.internal.WebUIKeywordMain.stepFailed(WebUIKeywordMain.groovy:65)
	at com.kms.katalon.core.webui.keyword.internal.WebUIKeywordMain.runKeyword(WebUIKeywordMain.groovy:27)
	at com.kms.katalon.core.webui.keyword.builtin.ClickKeyword.click(ClickKeyword.groovy:86)
	at com.kms.katalon.core.webui.keyword.builtin.ClickKeyword.execute(ClickKeyword.groovy:67)
	at com.kms.katalon.core.keyword.internal.KeywordExecutor.executeKeywordForPlatform(KeywordExecutor.groovy:53)
	at com.kms.katalon.core.webui.keyword.WebUiBuiltInKeywords.click(WebUiBuiltInKeywords.groovy:616)
	at com.kms.katalon.core.webui.keyword.WebUiBuiltInKeywords$click$2.call(Unknown Source)
	at Script1536217453448.run(Script1536217453448.groovy:57)
	at com.kms.katalon.core.main.ScriptEngine.run(ScriptEngine.java:183)
	at com.kms.katalon.core.main.ScriptEngine.runScriptAsRawText(ScriptEngine.java:108)
	at com.kms.katalon.core.main.TestCaseExecutor.runScript(TestCaseExecutor.java:294)
	at com.kms.katalon.core.main.TestCaseExecutor.doExecute(TestCaseExecutor.java:285)
	at com.kms.katalon.core.main.TestCaseExecutor.processExecutionPhase(TestCaseExecutor.java:264)
	at com.kms.katalon.core.main.TestCaseExecutor.accessMainPhase(TestCaseExecutor.java:256)
	at com.kms.katalon.core.main.TestCaseExecutor.execute(TestCaseExecutor.java:200)
	at com.kms.katalon.core.main.TestCaseMain.runTestCase(TestCaseMain.java:99)
	at com.kms.katalon.core.keyword.builtin.CallTestCaseKeyword$_callTestCase_closure1.doCall(CallTestCaseKeyword.groovy:60)
	at com.kms.katalon.core.keyword.builtin.CallTestCaseKeyword$_callTestCase_closure1.call(CallTestCaseKeyword.groovy)
	at com.kms.katalon.core.keyword.internal.KeywordMain.runKeyword(KeywordMain.groovy:54)
	at com.kms.katalon.core.keyword.builtin.CallTestCaseKeyword.callTestCase(CallTestCaseKeyword.groovy:81)
	at com.kms.katalon.core.keyword.builtin.CallTestCaseKeyword.execute(CallTestCaseKeyword.groovy:45)
	at com.kms.katalon.core.keyword.internal.KeywordExecutor.executeKeywordForPlatform(KeywordExecutor.groovy:53)
	at com.kms.katalon.core.keyword.BuiltinKeywords.callTestCase(BuiltinKeywords.groovy:334)
	at sun.reflect.GeneratedMethodAccessor13.invoke(Unknown Source)
	at sun.reflect.DelegatingMethodAccessorImpl.invoke(DelegatingMethodAccessorImpl.java:43)
	at java.lang.reflect.Method.invoke(Method.java:498)
	at org.codehaus.groovy.reflection.CachedMethod.invoke(CachedMethod.java:93)
	at groovy.lang.MetaMethod.doMethodInvoke(MetaMethod.java:325)
	at groovy.lang.MetaClassImpl.invokeStaticMethod(MetaClassImpl.java:1469)
	at org.codehaus.groovy.runtime.callsite.StaticMetaClassSite.call(StaticMetaClassSite.java:53)
	at org.codehaus.groovy.runtime.callsite.CallSiteArray.defaultCall(CallSiteArray.java:48)
	at org.codehaus.groovy.runtime.callsite.AbstractCallSite.call(AbstractCallSite.java:113)
	at org.codehaus.groovy.runtime.callsite.AbstractCallSite.call(AbstractCallSite.java:141)
	at Script1536217494859.run(Script1536217494859.groovy:22)
	at com.kms.katalon.core.main.ScriptEngine.run(ScriptEngine.java:183)
	at com.kms.katalon.core.main.ScriptEngine.runScriptAsRawText(ScriptEngine.java:108)
	at com.kms.katalon.core.main.TestCaseExecutor.runScript(TestCaseExecutor.java:294)
	at com.kms.katalon.core.main.TestCaseExecutor.doExecute(TestCaseExecutor.java:285)
	at com.kms.katalon.core.main.TestCaseExecutor.processExecutionPhase(TestCaseExecutor.java:264)
	at com.kms.katalon.core.main.TestCaseExecutor.accessMainPhase(TestCaseExecutor.java:256)
	at com.kms.katalon.core.main.TestCaseExecutor.execute(TestCaseExecutor.java:200)
	at com.kms.katalon.core.main.TestSuiteExecutor.accessTestCaseMainPhase(TestSuiteExecutor.java:129)
	at com.kms.katalon.core.main.TestSuiteExecutor.accessTestSuiteMainPhase(TestSuiteExecutor.java:112)
	at com.kms.katalon.core.main.TestSuiteExecutor.execute(TestSuiteExecutor.java:81)
	at com.kms.katalon.core.main.TestCaseMain.startTestSuite(TestCaseMain.java:142)
	at com.kms.katalon.core.main.TestCaseMain$startTestSuite$0.call(Unknown Source)
	at org.codehaus.groovy.runtime.callsite.CallSiteArray.defaultCall(CallSiteArray.java:48)
	at org.codehaus.groovy.runtime.callsite.AbstractCallSite.call(AbstractCallSite.java:113)
	at org.codehaus.groovy.runtime.callsite.AbstractCallSite.call(AbstractCallSite.java:141)
	at TempTestSuite1544083360207.run(TempTestSuite1544083360207.groovy:36)
	at groovy.lang.GroovyShell.runScriptOrMainOrTestOrRunnable(GroovyShell.java:263)
	at groovy.lang.GroovyShell.run(GroovyShell.java:518)
	at groovy.lang.GroovyShell.run(GroovyShell.java:507)
	at groovy.ui.GroovyMain.processOnce(GroovyMain.java:653)
	at groovy.ui.GroovyMain.run(GroovyMain.java:384)
	at groovy.ui.GroovyMain.process(GroovyMain.java:370)
	at groovy.ui.GroovyMain.processArgs(GroovyMain.java:129)
	at groovy.ui.GroovyMain.main(GroovyMain.java:109)
	at sun.reflect.NativeMethodAccessorImpl.invoke0(Native Method)
	at sun.reflect.NativeMethodAccessorImpl.invoke(NativeMethodAccessorImpl.java:62)
	at sun.reflect.DelegatingMethodAccessorImpl.invoke(DelegatingMethodAccessorImpl.java:43)
	at java.lang.reflect.Method.invoke(Method.java:498)
	at org.codehaus.groovy.tools.GroovyStarter.rootLoader(GroovyStarter.java:109)
	at org.codehaus.groovy.tools.GroovyStarter.main(GroovyStarter.java:131)
)

2018-12-06 16:19:49 - [TEST_STEP][PASSED] - openBrowser: Browser is opened with url: ''

2018-12-06 16:19:49 - [MESSAGE][WARNING] - A browser is already opened. Closing browser and opening a new one

2018-12-06 16:19:52 - [MESSAGE][PASSED] - Browser is opened with url: ''

2018-12-06 16:19:52 - [TEST_STEP][PASSED] - navigateToUrl: Navigate to 'https://assist2-uat.perkeso.gov.my/login' successfully

2018-12-06 16:19:53 - [MESSAGE][PASSED] - Navigate to 'https://assist2-uat.perkeso.gov.my/login' successfully

2018-12-06 16:19:53 - [TEST_STEP][PASSED] - setText: Text 'johorpau1@gmail.com' is set on object 'Object Repository/Final Object Repo/Login Page/Internal User/Email Address'

2018-12-06 16:19:53 - [MESSAGE][PASSED] - Text 'johorpau1@gmail.com' is set on object 'Object Repository/Final Object Repo/Login Page/Internal User/Email Address'

2018-12-06 16:19:53 - [TEST_STEP][PASSED] - click: Object: 'Object Repository/Final Object Repo/Login Page/Internal User/Next Button' is clicked on

2018-12-06 16:19:54 - [MESSAGE][PASSED] - Object: 'Object Repository/Final Object Repo/Login Page/Internal User/Next Button' is clicked on

2018-12-06 16:19:54 - [TEST_STEP][PASSED] - delay: Delayed 1 second(s)

2018-12-06 16:19:55 - [MESSAGE][PASSED] - Delayed 1 second(s)

2018-12-06 16:19:55 - [TEST_STEP][PASSED] - setEncryptedText: Text ****** has been set on object 'Object Repository/Final Object Repo/Login Page/Internal User/Password'

2018-12-06 16:19:55 - [MESSAGE][PASSED] - Text ****** has been set on object 'Object Repository/Final Object Repo/Login Page/Internal User/Password'

2018-12-06 16:19:55 - [TEST_STEP][PASSED] - click: Object: 'Object Repository/Final Object Repo/Login Page/Internal User/Login Button' is clicked on

2018-12-06 16:19:55 - [MESSAGE][PASSED] - Object: 'Object Repository/Final Object Repo/Login Page/Internal User/Login Button' is clicked on

2018-12-06 16:19:55 - [TEST_STEP][PASSED] - Statement - tester = com.kms.katalon.core.testobject.ObjectRepository.findTestObject(Final Object Repo/Landing Page/Select to English): Finding Test Object with id 'Object Repository/Final Object Repo/Landing Page/Select to English'

2018-12-06 16:19:55 - [TEST_STEP][PASSED] - Statement - Try: Delayed 2 second(s)

2018-12-06 16:19:55 - [TEST_STEP][PASSED] - Statement - Checker = com.kms.katalon.core.webui.keyword.WebUiBuiltInKeywords.verifyElementNotPresent(tester, 3): Web element with id: 'Object Repository/Final Object Repo/Landing Page/Select to English' located by 'By.xpath: //a[@class = 'taglib-language-list-text' and @lang = 'en-US' and (contains(text(), 'EN') or contains(., 'EN'))]' is not present after '3' second(s)

2018-12-06 16:19:57 - [MESSAGE][PASSED] - Web element with id: 'Object Repository/Final Object Repo/Landing Page/Select to English' located by 'By.xpath: //a[@class = 'taglib-language-list-text' and @lang = 'en-US' and (contains(text(), 'EN') or contains(., 'EN'))]' is not present after '3' second(s)

2018-12-06 16:19:57 - [TEST_STEP][PASSED] - Statement - If (Checker == false): null

2018-12-06 16:19:57 - [TEST_STEP][PASSED] - delay: Delayed 2 second(s)

2018-12-06 16:19:59 - [MESSAGE][PASSED] - Delayed 2 second(s)

2018-12-06 16:19:59 - [TEST_STEP][PASSED] - delay: Delayed 5 second(s)

2018-12-06 16:20:04 - [MESSAGE][PASSED] - Delayed 5 second(s)

2018-12-06 16:20:04 - [TEST_STEP][PASSED] - navigateToUrl: Navigate to 'https://assist2-uat.perkeso.gov.my/web/registration/update/update-employee-information-employee-' successfully

2018-12-06 16:20:05 - [MESSAGE][PASSED] - Navigate to 'https://assist2-uat.perkeso.gov.my/web/registration/update/update-employee-information-employee-' successfully

2018-12-06 16:20:05 - [TEST_STEP][PASSED] - click: Object: 'Object Repository/Final Object Repo/Page_Update Employee Information By Employee/Type of Identification' is clicked on

2018-12-06 16:20:05 - [MESSAGE][PASSED] - Object: 'Object Repository/Final Object Repo/Page_Update Employee Information By Employee/Type of Identification' is clicked on

2018-12-06 16:20:05 - [TEST_STEP][FAILED] - click: Unable to click on object (Root cause: java.lang.IllegalArgumentException: Object is null)

2018-12-06 16:20:05 - [MESSAGE][WARNING] - Test object with id 'Object Repository/Final Object Repo/Page_Update Employee Information By Employee/Type of Identification - Name' does not exist

2018-12-06 16:20:05 - [MESSAGE][WARNING] - Test object with id 'Object Repository/' does not exist

2018-12-06 16:20:06 - [MESSAGE][FAILED] - Unable to click on object (Root cause: java.lang.IllegalArgumentException: Object is null)
[[ATTACHMENT|C:\\Users\\Admin\\Desktop\\PKS\\Perkeso Phase A\\Reports\\Workflow\\Update Employee Information (Employee)\\20181206_160240\\1544084405808.png]]

2018-12-06 16:20:06 - [TEST_STEP][PASSED] - setText: Text 'YUKI JR B' is set on object 'Object Repository/Final Object Repo/Page_Update Employee Information By Employee/New Identification'

2018-12-06 16:20:06 - [MESSAGE][PASSED] - Text 'YUKI JR B' is set on object 'Object Repository/Final Object Repo/Page_Update Employee Information By Employee/New Identification'

2018-12-06 16:20:06 - [TEST_STEP][PASSED] - click: Object: 'Object Repository/Final Object Repo/Page_Update Employee Information By Employee/Search Button' is clicked on

2018-12-06 16:20:06 - [MESSAGE][PASSED] - Object: 'Object Repository/Final Object Repo/Page_Update Employee Information By Employee/Search Button' is clicked on

2018-12-06 16:20:06 - [TEST_STEP][FAILED] - click: Unable to click on object 'Object Repository/Final Object Repo/Page_Update Employee Information By Employee/Edit Button' (Root cause: com.kms.katalon.core.webui.exception.WebElementNotFoundException: Web element with id: 'Object Repository/Final Object Repo/Page_Update Employee Information By Employee/Edit Button' located by 'By.xpath: //i[@data-original-title = 'Edit']' not found)

2018-12-06 16:20:39 - [MESSAGE][FAILED] - Unable to click on object 'Object Repository/Final Object Repo/Page_Update Employee Information By Employee/Edit Button' (Root cause: com.kms.katalon.core.webui.exception.WebElementNotFoundException: Web element with id: 'Object Repository/Final Object Repo/Page_Update Employee Information By Employee/Edit Button' located by 'By.xpath: //i[@data-original-title = 'Edit']' not found)
[[ATTACHMENT|C:\\Users\\Admin\\Desktop\\PKS\\Perkeso Phase A\\Reports\\Workflow\\Update Employee Information (Employee)\\20181206_160240\\1544084438842.png]]

2018-12-06 16:20:39 - [TEST_STEP][PASSED] - delay: Delayed 2 second(s)

2018-12-06 16:20:41 - [MESSAGE][PASSED] - Delayed 2 second(s)

2018-12-06 16:20:41 - [TEST_STEP][FAILED] - click: Unable to click on object 'Object Repository/Final Object Repo/Page_Update Employee Information By Employee/Employee Information Edit Button' (Root cause: com.kms.katalon.core.webui.exception.WebElementNotFoundException: Web element with id: 'Object Repository/Final Object Repo/Page_Update Employee Information By Employee/Employee Information Edit Button' located by 'By.xpath: //i[@data-original-title = 'Edit']' not found)

2018-12-06 16:21:13 - [MESSAGE][FAILED] - Unable to click on object 'Object Repository/Final Object Repo/Page_Update Employee Information By Employee/Employee Information Edit Button' (Root cause: com.kms.katalon.core.webui.exception.WebElementNotFoundException: Web element with id: 'Object Repository/Final Object Repo/Page_Update Employee Information By Employee/Employee Information Edit Button' located by 'By.xpath: //i[@data-original-title = 'Edit']' not found)
[[ATTACHMENT|C:\\Users\\Admin\\Desktop\\PKS\\Perkeso Phase A\\Reports\\Workflow\\Update Employee Information (Employee)\\20181206_160240\\1544084472864.png]]

2018-12-06 16:21:13 - [TEST_STEP][PASSED] - delay: Delayed 2 second(s)

2018-12-06 16:21:15 - [MESSAGE][PASSED] - Delayed 2 second(s)

2018-12-06 16:21:15 - [TEST_STEP][FAILED] - click: Unable to click on object 'Object Repository/Final Object Repo/Page_Update Employee Information By Employee/New Identification Number' (Root cause: java.lang.NullPointerException)

2018-12-06 16:21:46 - [MESSAGE][FAILED] - Unable to click on object 'Object Repository/Final Object Repo/Page_Update Employee Information By Employee/New Identification Number' (Root cause: java.lang.NullPointerException)
[[ATTACHMENT|C:\\Users\\Admin\\Desktop\\PKS\\Perkeso Phase A\\Reports\\Workflow\\Update Employee Information (Employee)\\20181206_160240\\1544084506421.png]]

2018-12-06 16:21:46 - [MESSAGE][FAILED] - Unable to call Test Case with id 'Test Cases/Final Aug 2018 - PKS Automation/Registration Module/Workflow/Update Employee Information (Employee)/Template/Update Employee Information - Special Case (PAU)' (Root cause: Call Test Case 'Test Cases/Final Aug 2018 - PKS Automation/Registration Module/Workflow/Update Employee Information (Employee)/Template/Update Employee Information - Special Case (PAU)' failed)]]></system-out>
         <system-err><![CDATA[2018-12-06 16:19:49 - [TEST_CASE][FAILED] - Test Cases/Final Aug 2018 - PKS Automation/Registration Module/Workflow/Update Employee Information (Employee)/PAU to UO (Reject): Test Cases/Final Aug 2018 - PKS Automation/Registration Module/Workflow/Update Employee Information (Employee)/PAU to UO (Reject) FAILED because (of) (Stack trace: com.kms.katalon.core.exception.StepFailedException: Unable to click on object (Root cause: java.lang.IllegalArgumentException: Object is null)
	at com.kms.katalon.core.keyword.internal.KeywordMain.stepFailed(KeywordMain.groovy:32)
	at com.kms.katalon.core.webui.keyword.internal.WebUIKeywordMain.stepFailed(WebUIKeywordMain.groovy:65)
	at com.kms.katalon.core.webui.keyword.internal.WebUIKeywordMain.runKeyword(WebUIKeywordMain.groovy:27)
	at com.kms.katalon.core.webui.keyword.builtin.ClickKeyword.click(ClickKeyword.groovy:86)
	at com.kms.katalon.core.webui.keyword.builtin.ClickKeyword.execute(ClickKeyword.groovy:67)
	at com.kms.katalon.core.keyword.internal.KeywordExecutor.executeKeywordForPlatform(KeywordExecutor.groovy:53)
	at com.kms.katalon.core.webui.keyword.WebUiBuiltInKeywords.click(WebUiBuiltInKeywords.groovy:616)
	at com.kms.katalon.core.webui.keyword.WebUiBuiltInKeywords$click$2.call(Unknown Source)
	at Script1536217453448.run(Script1536217453448.groovy:57)
	at com.kms.katalon.core.main.ScriptEngine.run(ScriptEngine.java:183)
	at com.kms.katalon.core.main.ScriptEngine.runScriptAsRawText(ScriptEngine.java:108)
	at com.kms.katalon.core.main.TestCaseExecutor.runScript(TestCaseExecutor.java:294)
	at com.kms.katalon.core.main.TestCaseExecutor.doExecute(TestCaseExecutor.java:285)
	at com.kms.katalon.core.main.TestCaseExecutor.processExecutionPhase(TestCaseExecutor.java:264)
	at com.kms.katalon.core.main.TestCaseExecutor.accessMainPhase(TestCaseExecutor.java:256)
	at com.kms.katalon.core.main.TestCaseExecutor.execute(TestCaseExecutor.java:200)
	at com.kms.katalon.core.main.TestCaseMain.runTestCase(TestCaseMain.java:99)
	at com.kms.katalon.core.keyword.builtin.CallTestCaseKeyword$_callTestCase_closure1.doCall(CallTestCaseKeyword.groovy:60)
	at com.kms.katalon.core.keyword.builtin.CallTestCaseKeyword$_callTestCase_closure1.call(CallTestCaseKeyword.groovy)
	at com.kms.katalon.core.keyword.internal.KeywordMain.runKeyword(KeywordMain.groovy:54)
	at com.kms.katalon.core.keyword.builtin.CallTestCaseKeyword.callTestCase(CallTestCaseKeyword.groovy:81)
	at com.kms.katalon.core.keyword.builtin.CallTestCaseKeyword.execute(CallTestCaseKeyword.groovy:45)
	at com.kms.katalon.core.keyword.internal.KeywordExecutor.executeKeywordForPlatform(KeywordExecutor.groovy:53)
	at com.kms.katalon.core.keyword.BuiltinKeywords.callTestCase(BuiltinKeywords.groovy:334)
	at sun.reflect.GeneratedMethodAccessor13.invoke(Unknown Source)
	at sun.reflect.DelegatingMethodAccessorImpl.invoke(DelegatingMethodAccessorImpl.java:43)
	at java.lang.reflect.Method.invoke(Method.java:498)
	at org.codehaus.groovy.reflection.CachedMethod.invoke(CachedMethod.java:93)
	at groovy.lang.MetaMethod.doMethodInvoke(MetaMethod.java:325)
	at groovy.lang.MetaClassImpl.invokeStaticMethod(MetaClassImpl.java:1469)
	at org.codehaus.groovy.runtime.callsite.StaticMetaClassSite.call(StaticMetaClassSite.java:53)
	at org.codehaus.groovy.runtime.callsite.CallSiteArray.defaultCall(CallSiteArray.java:48)
	at org.codehaus.groovy.runtime.callsite.AbstractCallSite.call(AbstractCallSite.java:113)
	at org.codehaus.groovy.runtime.callsite.AbstractCallSite.call(AbstractCallSite.java:141)
	at Script1536217494859.run(Script1536217494859.groovy:22)
	at com.kms.katalon.core.main.ScriptEngine.run(ScriptEngine.java:183)
	at com.kms.katalon.core.main.ScriptEngine.runScriptAsRawText(ScriptEngine.java:108)
	at com.kms.katalon.core.main.TestCaseExecutor.runScript(TestCaseExecutor.java:294)
	at com.kms.katalon.core.main.TestCaseExecutor.doExecute(TestCaseExecutor.java:285)
	at com.kms.katalon.core.main.TestCaseExecutor.processExecutionPhase(TestCaseExecutor.java:264)
	at com.kms.katalon.core.main.TestCaseExecutor.accessMainPhase(TestCaseExecutor.java:256)
	at com.kms.katalon.core.main.TestCaseExecutor.execute(TestCaseExecutor.java:200)
	at com.kms.katalon.core.main.TestSuiteExecutor.accessTestCaseMainPhase(TestSuiteExecutor.java:129)
	at com.kms.katalon.core.main.TestSuiteExecutor.accessTestSuiteMainPhase(TestSuiteExecutor.java:112)
	at com.kms.katalon.core.main.TestSuiteExecutor.execute(TestSuiteExecutor.java:81)
	at com.kms.katalon.core.main.TestCaseMain.startTestSuite(TestCaseMain.java:142)
	at com.kms.katalon.core.main.TestCaseMain$startTestSuite$0.call(Unknown Source)
	at org.codehaus.groovy.runtime.callsite.CallSiteArray.defaultCall(CallSiteArray.java:48)
	at org.codehaus.groovy.runtime.callsite.AbstractCallSite.call(AbstractCallSite.java:113)
	at org.codehaus.groovy.runtime.callsite.AbstractCallSite.call(AbstractCallSite.java:141)
	at TempTestSuite1544083360207.run(TempTestSuite1544083360207.groovy:36)
	at groovy.lang.GroovyShell.runScriptOrMainOrTestOrRunnable(GroovyShell.java:263)
	at groovy.lang.GroovyShell.run(GroovyShell.java:518)
	at groovy.lang.GroovyShell.run(GroovyShell.java:507)
	at groovy.ui.GroovyMain.processOnce(GroovyMain.java:653)
	at groovy.ui.GroovyMain.run(GroovyMain.java:384)
	at groovy.ui.GroovyMain.process(GroovyMain.java:370)
	at groovy.ui.GroovyMain.processArgs(GroovyMain.java:129)
	at groovy.ui.GroovyMain.main(GroovyMain.java:109)
	at sun.reflect.NativeMethodAccessorImpl.invoke0(Native Method)
	at sun.reflect.NativeMethodAccessorImpl.invoke(NativeMethodAccessorImpl.java:62)
	at sun.reflect.DelegatingMethodAccessorImpl.invoke(DelegatingMethodAccessorImpl.java:43)
	at java.lang.reflect.Method.invoke(Method.java:498)
	at org.codehaus.groovy.tools.GroovyStarter.rootLoader(GroovyStarter.java:109)
	at org.codehaus.groovy.tools.GroovyStarter.main(GroovyStarter.java:131)
)]]></system-err>
      </testcase>
      <testcase name="Test Cases/Final Aug 2018 - PKS Automation/Registration Module/Workflow/Update Employee Information (Employee)/PAU to UO (Under enforcement)" classname="Test Cases/Final Aug 2018 - PKS Automation/Registration Module/Workflow/Update Employee Information (Employee)/PAU to UO (Under enforcement)" status="FAILED">
         <failure type="FAILED" message="(Stack trace: com.kms.katalon.core.exception.StepFailedException: Unable to click on object (Root cause: java.lang.IllegalArgumentException: Object is null)
	at com.kms.katalon.core.keyword.internal.KeywordMain.stepFailed(KeywordMain.groovy:32)
	at com.kms.katalon.core.webui.keyword.internal.WebUIKeywordMain.stepFailed(WebUIKeywordMain.groovy:65)
	at com.kms.katalon.core.webui.keyword.internal.WebUIKeywordMain.runKeyword(WebUIKeywordMain.groovy:27)
	at com.kms.katalon.core.webui.keyword.builtin.ClickKeyword.click(ClickKeyword.groovy:86)
	at com.kms.katalon.core.webui.keyword.builtin.ClickKeyword.execute(ClickKeyword.groovy:67)
	at com.kms.katalon.core.keyword.internal.KeywordExecutor.executeKeywordForPlatform(KeywordExecutor.groovy:53)
	at com.kms.katalon.core.webui.keyword.WebUiBuiltInKeywords.click(WebUiBuiltInKeywords.groovy:616)
	at com.kms.katalon.core.webui.keyword.WebUiBuiltInKeywords$click$2.call(Unknown Source)
	at Script1536217453448.run(Script1536217453448.groovy:57)
	at com.kms.katalon.core.main.ScriptEngine.run(ScriptEngine.java:183)
	at com.kms.katalon.core.main.ScriptEngine.runScriptAsRawText(ScriptEngine.java:108)
	at com.kms.katalon.core.main.TestCaseExecutor.runScript(TestCaseExecutor.java:294)
	at com.kms.katalon.core.main.TestCaseExecutor.doExecute(TestCaseExecutor.java:285)
	at com.kms.katalon.core.main.TestCaseExecutor.processExecutionPhase(TestCaseExecutor.java:264)
	at com.kms.katalon.core.main.TestCaseExecutor.accessMainPhase(TestCaseExecutor.java:256)
	at com.kms.katalon.core.main.TestCaseExecutor.execute(TestCaseExecutor.java:200)
	at com.kms.katalon.core.main.TestCaseMain.runTestCase(TestCaseMain.java:99)
	at com.kms.katalon.core.keyword.builtin.CallTestCaseKeyword$_callTestCase_closure1.doCall(CallTestCaseKeyword.groovy:60)
	at com.kms.katalon.core.keyword.builtin.CallTestCaseKeyword$_callTestCase_closure1.call(CallTestCaseKeyword.groovy)
	at com.kms.katalon.core.keyword.internal.KeywordMain.runKeyword(KeywordMain.groovy:54)
	at com.kms.katalon.core.keyword.builtin.CallTestCaseKeyword.callTestCase(CallTestCaseKeyword.groovy:81)
	at com.kms.katalon.core.keyword.builtin.CallTestCaseKeyword.execute(CallTestCaseKeyword.groovy:45)
	at com.kms.katalon.core.keyword.internal.KeywordExecutor.executeKeywordForPlatform(KeywordExecutor.groovy:53)
	at com.kms.katalon.core.keyword.BuiltinKeywords.callTestCase(BuiltinKeywords.groovy:334)
	at sun.reflect.GeneratedMethodAccessor13.invoke(Unknown Source)
	at sun.reflect.DelegatingMethodAccessorImpl.invoke(DelegatingMethodAccessorImpl.java:43)
	at java.lang.reflect.Method.invoke(Method.java:498)
	at org.codehaus.groovy.reflection.CachedMethod.invoke(CachedMethod.java:93)
	at groovy.lang.MetaMethod.doMethodInvoke(MetaMethod.java:325)
	at groovy.lang.MetaClassImpl.invokeStaticMethod(MetaClassImpl.java:1469)
	at org.codehaus.groovy.runtime.callsite.StaticMetaClassSite.call(StaticMetaClassSite.java:53)
	at org.codehaus.groovy.runtime.callsite.CallSiteArray.defaultCall(CallSiteArray.java:48)
	at org.codehaus.groovy.runtime.callsite.AbstractCallSite.call(AbstractCallSite.java:113)
	at org.codehaus.groovy.runtime.callsite.AbstractCallSite.call(AbstractCallSite.java:141)
	at Script1536217503604.run(Script1536217503604.groovy:22)
	at com.kms.katalon.core.main.ScriptEngine.run(ScriptEngine.java:183)
	at com.kms.katalon.core.main.ScriptEngine.runScriptAsRawText(ScriptEngine.java:108)
	at com.kms.katalon.core.main.TestCaseExecutor.runScript(TestCaseExecutor.java:294)
	at com.kms.katalon.core.main.TestCaseExecutor.doExecute(TestCaseExecutor.java:285)
	at com.kms.katalon.core.main.TestCaseExecutor.processExecutionPhase(TestCaseExecutor.java:264)
	at com.kms.katalon.core.main.TestCaseExecutor.accessMainPhase(TestCaseExecutor.java:256)
	at com.kms.katalon.core.main.TestCaseExecutor.execute(TestCaseExecutor.java:200)
	at com.kms.katalon.core.main.TestSuiteExecutor.accessTestCaseMainPhase(TestSuiteExecutor.java:129)
	at com.kms.katalon.core.main.TestSuiteExecutor.accessTestSuiteMainPhase(TestSuiteExecutor.java:112)
	at com.kms.katalon.core.main.TestSuiteExecutor.execute(TestSuiteExecutor.java:81)
	at com.kms.katalon.core.main.TestCaseMain.startTestSuite(TestCaseMain.java:142)
	at com.kms.katalon.core.main.TestCaseMain$startTestSuite$0.call(Unknown Source)
	at org.codehaus.groovy.runtime.callsite.CallSiteArray.defaultCall(CallSiteArray.java:48)
	at org.codehaus.groovy.runtime.callsite.AbstractCallSite.call(AbstractCallSite.java:113)
	at org.codehaus.groovy.runtime.callsite.AbstractCallSite.call(AbstractCallSite.java:141)
	at TempTestSuite1544083360207.run(TempTestSuite1544083360207.groovy:36)
	at groovy.lang.GroovyShell.runScriptOrMainOrTestOrRunnable(GroovyShell.java:263)
	at groovy.lang.GroovyShell.run(GroovyShell.java:518)
	at groovy.lang.GroovyShell.run(GroovyShell.java:507)
	at groovy.ui.GroovyMain.processOnce(GroovyMain.java:653)
	at groovy.ui.GroovyMain.run(GroovyMain.java:384)
	at groovy.ui.GroovyMain.process(GroovyMain.java:370)
	at groovy.ui.GroovyMain.processArgs(GroovyMain.java:129)
	at groovy.ui.GroovyMain.main(GroovyMain.java:109)
	at sun.reflect.NativeMethodAccessorImpl.invoke0(Native Method)
	at sun.reflect.NativeMethodAccessorImpl.invoke(NativeMethodAccessorImpl.java:62)
	at sun.reflect.DelegatingMethodAccessorImpl.invoke(DelegatingMethodAccessorImpl.java:43)
	at java.lang.reflect.Method.invoke(Method.java:498)
	at org.codehaus.groovy.tools.GroovyStarter.rootLoader(GroovyStarter.java:109)
	at org.codehaus.groovy.tools.GroovyStarter.main(GroovyStarter.java:131)
)"/>
         <system-out><![CDATA[2018-12-06 16:21:46 - [TEST_CASE][FAILED] - Test Cases/Final Aug 2018 - PKS Automation/Registration Module/Workflow/Update Employee Information (Employee)/PAU to UO (Under enforcement): Test Cases/Final Aug 2018 - PKS Automation/Registration Module/Workflow/Update Employee Information (Employee)/PAU to UO (Under enforcement) FAILED because (of) (Stack trace: com.kms.katalon.core.exception.StepFailedException: Unable to click on object (Root cause: java.lang.IllegalArgumentException: Object is null)
	at com.kms.katalon.core.keyword.internal.KeywordMain.stepFailed(KeywordMain.groovy:32)
	at com.kms.katalon.core.webui.keyword.internal.WebUIKeywordMain.stepFailed(WebUIKeywordMain.groovy:65)
	at com.kms.katalon.core.webui.keyword.internal.WebUIKeywordMain.runKeyword(WebUIKeywordMain.groovy:27)
	at com.kms.katalon.core.webui.keyword.builtin.ClickKeyword.click(ClickKeyword.groovy:86)
	at com.kms.katalon.core.webui.keyword.builtin.ClickKeyword.execute(ClickKeyword.groovy:67)
	at com.kms.katalon.core.keyword.internal.KeywordExecutor.executeKeywordForPlatform(KeywordExecutor.groovy:53)
	at com.kms.katalon.core.webui.keyword.WebUiBuiltInKeywords.click(WebUiBuiltInKeywords.groovy:616)
	at com.kms.katalon.core.webui.keyword.WebUiBuiltInKeywords$click$2.call(Unknown Source)
	at Script1536217453448.run(Script1536217453448.groovy:57)
	at com.kms.katalon.core.main.ScriptEngine.run(ScriptEngine.java:183)
	at com.kms.katalon.core.main.ScriptEngine.runScriptAsRawText(ScriptEngine.java:108)
	at com.kms.katalon.core.main.TestCaseExecutor.runScript(TestCaseExecutor.java:294)
	at com.kms.katalon.core.main.TestCaseExecutor.doExecute(TestCaseExecutor.java:285)
	at com.kms.katalon.core.main.TestCaseExecutor.processExecutionPhase(TestCaseExecutor.java:264)
	at com.kms.katalon.core.main.TestCaseExecutor.accessMainPhase(TestCaseExecutor.java:256)
	at com.kms.katalon.core.main.TestCaseExecutor.execute(TestCaseExecutor.java:200)
	at com.kms.katalon.core.main.TestCaseMain.runTestCase(TestCaseMain.java:99)
	at com.kms.katalon.core.keyword.builtin.CallTestCaseKeyword$_callTestCase_closure1.doCall(CallTestCaseKeyword.groovy:60)
	at com.kms.katalon.core.keyword.builtin.CallTestCaseKeyword$_callTestCase_closure1.call(CallTestCaseKeyword.groovy)
	at com.kms.katalon.core.keyword.internal.KeywordMain.runKeyword(KeywordMain.groovy:54)
	at com.kms.katalon.core.keyword.builtin.CallTestCaseKeyword.callTestCase(CallTestCaseKeyword.groovy:81)
	at com.kms.katalon.core.keyword.builtin.CallTestCaseKeyword.execute(CallTestCaseKeyword.groovy:45)
	at com.kms.katalon.core.keyword.internal.KeywordExecutor.executeKeywordForPlatform(KeywordExecutor.groovy:53)
	at com.kms.katalon.core.keyword.BuiltinKeywords.callTestCase(BuiltinKeywords.groovy:334)
	at sun.reflect.GeneratedMethodAccessor13.invoke(Unknown Source)
	at sun.reflect.DelegatingMethodAccessorImpl.invoke(DelegatingMethodAccessorImpl.java:43)
	at java.lang.reflect.Method.invoke(Method.java:498)
	at org.codehaus.groovy.reflection.CachedMethod.invoke(CachedMethod.java:93)
	at groovy.lang.MetaMethod.doMethodInvoke(MetaMethod.java:325)
	at groovy.lang.MetaClassImpl.invokeStaticMethod(MetaClassImpl.java:1469)
	at org.codehaus.groovy.runtime.callsite.StaticMetaClassSite.call(StaticMetaClassSite.java:53)
	at org.codehaus.groovy.runtime.callsite.CallSiteArray.defaultCall(CallSiteArray.java:48)
	at org.codehaus.groovy.runtime.callsite.AbstractCallSite.call(AbstractCallSite.java:113)
	at org.codehaus.groovy.runtime.callsite.AbstractCallSite.call(AbstractCallSite.java:141)
	at Script1536217503604.run(Script1536217503604.groovy:22)
	at com.kms.katalon.core.main.ScriptEngine.run(ScriptEngine.java:183)
	at com.kms.katalon.core.main.ScriptEngine.runScriptAsRawText(ScriptEngine.java:108)
	at com.kms.katalon.core.main.TestCaseExecutor.runScript(TestCaseExecutor.java:294)
	at com.kms.katalon.core.main.TestCaseExecutor.doExecute(TestCaseExecutor.java:285)
	at com.kms.katalon.core.main.TestCaseExecutor.processExecutionPhase(TestCaseExecutor.java:264)
	at com.kms.katalon.core.main.TestCaseExecutor.accessMainPhase(TestCaseExecutor.java:256)
	at com.kms.katalon.core.main.TestCaseExecutor.execute(TestCaseExecutor.java:200)
	at com.kms.katalon.core.main.TestSuiteExecutor.accessTestCaseMainPhase(TestSuiteExecutor.java:129)
	at com.kms.katalon.core.main.TestSuiteExecutor.accessTestSuiteMainPhase(TestSuiteExecutor.java:112)
	at com.kms.katalon.core.main.TestSuiteExecutor.execute(TestSuiteExecutor.java:81)
	at com.kms.katalon.core.main.TestCaseMain.startTestSuite(TestCaseMain.java:142)
	at com.kms.katalon.core.main.TestCaseMain$startTestSuite$0.call(Unknown Source)
	at org.codehaus.groovy.runtime.callsite.CallSiteArray.defaultCall(CallSiteArray.java:48)
	at org.codehaus.groovy.runtime.callsite.AbstractCallSite.call(AbstractCallSite.java:113)
	at org.codehaus.groovy.runtime.callsite.AbstractCallSite.call(AbstractCallSite.java:141)
	at TempTestSuite1544083360207.run(TempTestSuite1544083360207.groovy:36)
	at groovy.lang.GroovyShell.runScriptOrMainOrTestOrRunnable(GroovyShell.java:263)
	at groovy.lang.GroovyShell.run(GroovyShell.java:518)
	at groovy.lang.GroovyShell.run(GroovyShell.java:507)
	at groovy.ui.GroovyMain.processOnce(GroovyMain.java:653)
	at groovy.ui.GroovyMain.run(GroovyMain.java:384)
	at groovy.ui.GroovyMain.process(GroovyMain.java:370)
	at groovy.ui.GroovyMain.processArgs(GroovyMain.java:129)
	at groovy.ui.GroovyMain.main(GroovyMain.java:109)
	at sun.reflect.NativeMethodAccessorImpl.invoke0(Native Method)
	at sun.reflect.NativeMethodAccessorImpl.invoke(NativeMethodAccessorImpl.java:62)
	at sun.reflect.DelegatingMethodAccessorImpl.invoke(DelegatingMethodAccessorImpl.java:43)
	at java.lang.reflect.Method.invoke(Method.java:498)
	at org.codehaus.groovy.tools.GroovyStarter.rootLoader(GroovyStarter.java:109)
	at org.codehaus.groovy.tools.GroovyStarter.main(GroovyStarter.java:131)
)

2018-12-06 16:21:47 - [TEST_STEP][FAILED] - callTestCase: Unable to call Test Case with id 'Test Cases/Final Aug 2018 - PKS Automation/Registration Module/Workflow/Update Employee Information (Employee)/Template/Update Employee Information - Special Case (PAU)' (Root cause: Call Test Case 'Test Cases/Final Aug 2018 - PKS Automation/Registration Module/Workflow/Update Employee Information (Employee)/Template/Update Employee Information - Special Case (PAU)' failed)

2018-12-06 16:21:47 - [TEST_CASE][FAILED] - Test Cases/Final Aug 2018 - PKS Automation/Registration Module/Workflow/Update Employee Information (Employee)/Template/Update Employee Information - Special Case (PAU): Test Cases/Final Aug 2018 - PKS Automation/Registration Module/Workflow/Update Employee Information (Employee)/Template/Update Employee Information - Special Case (PAU) FAILED because (of) (Stack trace: com.kms.katalon.core.exception.StepFailedException: Unable to click on object (Root cause: java.lang.IllegalArgumentException: Object is null)
	at com.kms.katalon.core.keyword.internal.KeywordMain.stepFailed(KeywordMain.groovy:32)
	at com.kms.katalon.core.webui.keyword.internal.WebUIKeywordMain.stepFailed(WebUIKeywordMain.groovy:65)
	at com.kms.katalon.core.webui.keyword.internal.WebUIKeywordMain.runKeyword(WebUIKeywordMain.groovy:27)
	at com.kms.katalon.core.webui.keyword.builtin.ClickKeyword.click(ClickKeyword.groovy:86)
	at com.kms.katalon.core.webui.keyword.builtin.ClickKeyword.execute(ClickKeyword.groovy:67)
	at com.kms.katalon.core.keyword.internal.KeywordExecutor.executeKeywordForPlatform(KeywordExecutor.groovy:53)
	at com.kms.katalon.core.webui.keyword.WebUiBuiltInKeywords.click(WebUiBuiltInKeywords.groovy:616)
	at com.kms.katalon.core.webui.keyword.WebUiBuiltInKeywords$click$2.call(Unknown Source)
	at Script1536217453448.run(Script1536217453448.groovy:57)
	at com.kms.katalon.core.main.ScriptEngine.run(ScriptEngine.java:183)
	at com.kms.katalon.core.main.ScriptEngine.runScriptAsRawText(ScriptEngine.java:108)
	at com.kms.katalon.core.main.TestCaseExecutor.runScript(TestCaseExecutor.java:294)
	at com.kms.katalon.core.main.TestCaseExecutor.doExecute(TestCaseExecutor.java:285)
	at com.kms.katalon.core.main.TestCaseExecutor.processExecutionPhase(TestCaseExecutor.java:264)
	at com.kms.katalon.core.main.TestCaseExecutor.accessMainPhase(TestCaseExecutor.java:256)
	at com.kms.katalon.core.main.TestCaseExecutor.execute(TestCaseExecutor.java:200)
	at com.kms.katalon.core.main.TestCaseMain.runTestCase(TestCaseMain.java:99)
	at com.kms.katalon.core.keyword.builtin.CallTestCaseKeyword$_callTestCase_closure1.doCall(CallTestCaseKeyword.groovy:60)
	at com.kms.katalon.core.keyword.builtin.CallTestCaseKeyword$_callTestCase_closure1.call(CallTestCaseKeyword.groovy)
	at com.kms.katalon.core.keyword.internal.KeywordMain.runKeyword(KeywordMain.groovy:54)
	at com.kms.katalon.core.keyword.builtin.CallTestCaseKeyword.callTestCase(CallTestCaseKeyword.groovy:81)
	at com.kms.katalon.core.keyword.builtin.CallTestCaseKeyword.execute(CallTestCaseKeyword.groovy:45)
	at com.kms.katalon.core.keyword.internal.KeywordExecutor.executeKeywordForPlatform(KeywordExecutor.groovy:53)
	at com.kms.katalon.core.keyword.BuiltinKeywords.callTestCase(BuiltinKeywords.groovy:334)
	at sun.reflect.GeneratedMethodAccessor13.invoke(Unknown Source)
	at sun.reflect.DelegatingMethodAccessorImpl.invoke(DelegatingMethodAccessorImpl.java:43)
	at java.lang.reflect.Method.invoke(Method.java:498)
	at org.codehaus.groovy.reflection.CachedMethod.invoke(CachedMethod.java:93)
	at groovy.lang.MetaMethod.doMethodInvoke(MetaMethod.java:325)
	at groovy.lang.MetaClassImpl.invokeStaticMethod(MetaClassImpl.java:1469)
	at org.codehaus.groovy.runtime.callsite.StaticMetaClassSite.call(StaticMetaClassSite.java:53)
	at org.codehaus.groovy.runtime.callsite.CallSiteArray.defaultCall(CallSiteArray.java:48)
	at org.codehaus.groovy.runtime.callsite.AbstractCallSite.call(AbstractCallSite.java:113)
	at org.codehaus.groovy.runtime.callsite.AbstractCallSite.call(AbstractCallSite.java:141)
	at Script1536217503604.run(Script1536217503604.groovy:22)
	at com.kms.katalon.core.main.ScriptEngine.run(ScriptEngine.java:183)
	at com.kms.katalon.core.main.ScriptEngine.runScriptAsRawText(ScriptEngine.java:108)
	at com.kms.katalon.core.main.TestCaseExecutor.runScript(TestCaseExecutor.java:294)
	at com.kms.katalon.core.main.TestCaseExecutor.doExecute(TestCaseExecutor.java:285)
	at com.kms.katalon.core.main.TestCaseExecutor.processExecutionPhase(TestCaseExecutor.java:264)
	at com.kms.katalon.core.main.TestCaseExecutor.accessMainPhase(TestCaseExecutor.java:256)
	at com.kms.katalon.core.main.TestCaseExecutor.execute(TestCaseExecutor.java:200)
	at com.kms.katalon.core.main.TestSuiteExecutor.accessTestCaseMainPhase(TestSuiteExecutor.java:129)
	at com.kms.katalon.core.main.TestSuiteExecutor.accessTestSuiteMainPhase(TestSuiteExecutor.java:112)
	at com.kms.katalon.core.main.TestSuiteExecutor.execute(TestSuiteExecutor.java:81)
	at com.kms.katalon.core.main.TestCaseMain.startTestSuite(TestCaseMain.java:142)
	at com.kms.katalon.core.main.TestCaseMain$startTestSuite$0.call(Unknown Source)
	at org.codehaus.groovy.runtime.callsite.CallSiteArray.defaultCall(CallSiteArray.java:48)
	at org.codehaus.groovy.runtime.callsite.AbstractCallSite.call(AbstractCallSite.java:113)
	at org.codehaus.groovy.runtime.callsite.AbstractCallSite.call(AbstractCallSite.java:141)
	at TempTestSuite1544083360207.run(TempTestSuite1544083360207.groovy:36)
	at groovy.lang.GroovyShell.runScriptOrMainOrTestOrRunnable(GroovyShell.java:263)
	at groovy.lang.GroovyShell.run(GroovyShell.java:518)
	at groovy.lang.GroovyShell.run(GroovyShell.java:507)
	at groovy.ui.GroovyMain.processOnce(GroovyMain.java:653)
	at groovy.ui.GroovyMain.run(GroovyMain.java:384)
	at groovy.ui.GroovyMain.process(GroovyMain.java:370)
	at groovy.ui.GroovyMain.processArgs(GroovyMain.java:129)
	at groovy.ui.GroovyMain.main(GroovyMain.java:109)
	at sun.reflect.NativeMethodAccessorImpl.invoke0(Native Method)
	at sun.reflect.NativeMethodAccessorImpl.invoke(NativeMethodAccessorImpl.java:62)
	at sun.reflect.DelegatingMethodAccessorImpl.invoke(DelegatingMethodAccessorImpl.java:43)
	at java.lang.reflect.Method.invoke(Method.java:498)
	at org.codehaus.groovy.tools.GroovyStarter.rootLoader(GroovyStarter.java:109)
	at org.codehaus.groovy.tools.GroovyStarter.main(GroovyStarter.java:131)
)

2018-12-06 16:21:47 - [TEST_STEP][PASSED] - openBrowser: Browser is opened with url: ''

2018-12-06 16:21:47 - [MESSAGE][WARNING] - A browser is already opened. Closing browser and opening a new one

2018-12-06 16:21:50 - [MESSAGE][PASSED] - Browser is opened with url: ''

2018-12-06 16:21:50 - [TEST_STEP][PASSED] - navigateToUrl: Navigate to 'https://assist2-uat.perkeso.gov.my/login' successfully

2018-12-06 16:21:51 - [MESSAGE][PASSED] - Navigate to 'https://assist2-uat.perkeso.gov.my/login' successfully

2018-12-06 16:21:51 - [TEST_STEP][PASSED] - setText: Text 'johorpau1@gmail.com' is set on object 'Object Repository/Final Object Repo/Login Page/Internal User/Email Address'

2018-12-06 16:21:51 - [MESSAGE][PASSED] - Text 'johorpau1@gmail.com' is set on object 'Object Repository/Final Object Repo/Login Page/Internal User/Email Address'

2018-12-06 16:21:51 - [TEST_STEP][PASSED] - click: Object: 'Object Repository/Final Object Repo/Login Page/Internal User/Next Button' is clicked on

2018-12-06 16:21:51 - [MESSAGE][PASSED] - Object: 'Object Repository/Final Object Repo/Login Page/Internal User/Next Button' is clicked on

2018-12-06 16:21:51 - [TEST_STEP][PASSED] - delay: Delayed 1 second(s)

2018-12-06 16:21:52 - [MESSAGE][PASSED] - Delayed 1 second(s)

2018-12-06 16:21:52 - [TEST_STEP][PASSED] - setEncryptedText: Text ****** has been set on object 'Object Repository/Final Object Repo/Login Page/Internal User/Password'

2018-12-06 16:21:53 - [MESSAGE][PASSED] - Text ****** has been set on object 'Object Repository/Final Object Repo/Login Page/Internal User/Password'

2018-12-06 16:21:53 - [TEST_STEP][PASSED] - click: Object: 'Object Repository/Final Object Repo/Login Page/Internal User/Login Button' is clicked on

2018-12-06 16:21:53 - [MESSAGE][PASSED] - Object: 'Object Repository/Final Object Repo/Login Page/Internal User/Login Button' is clicked on

2018-12-06 16:21:53 - [TEST_STEP][PASSED] - Statement - tester = com.kms.katalon.core.testobject.ObjectRepository.findTestObject(Final Object Repo/Landing Page/Select to English): Finding Test Object with id 'Object Repository/Final Object Repo/Landing Page/Select to English'

2018-12-06 16:21:53 - [TEST_STEP][PASSED] - Statement - Try: Delayed 2 second(s)

2018-12-06 16:21:53 - [TEST_STEP][PASSED] - Statement - Checker = com.kms.katalon.core.webui.keyword.WebUiBuiltInKeywords.verifyElementNotPresent(tester, 3): Web element with id: 'Object Repository/Final Object Repo/Landing Page/Select to English' located by 'By.xpath: //a[@class = 'taglib-language-list-text' and @lang = 'en-US' and (contains(text(), 'EN') or contains(., 'EN'))]' is not present after '3' second(s)

2018-12-06 16:21:55 - [MESSAGE][PASSED] - Web element with id: 'Object Repository/Final Object Repo/Landing Page/Select to English' located by 'By.xpath: //a[@class = 'taglib-language-list-text' and @lang = 'en-US' and (contains(text(), 'EN') or contains(., 'EN'))]' is not present after '3' second(s)

2018-12-06 16:21:55 - [TEST_STEP][PASSED] - Statement - If (Checker == false): null

2018-12-06 16:21:55 - [TEST_STEP][PASSED] - delay: Delayed 2 second(s)

2018-12-06 16:21:57 - [MESSAGE][PASSED] - Delayed 2 second(s)

2018-12-06 16:21:57 - [TEST_STEP][PASSED] - delay: Delayed 5 second(s)

2018-12-06 16:22:02 - [MESSAGE][PASSED] - Delayed 5 second(s)

2018-12-06 16:22:02 - [TEST_STEP][PASSED] - navigateToUrl: Navigate to 'https://assist2-uat.perkeso.gov.my/web/registration/update/update-employee-information-employee-' successfully

2018-12-06 16:22:03 - [MESSAGE][PASSED] - Navigate to 'https://assist2-uat.perkeso.gov.my/web/registration/update/update-employee-information-employee-' successfully

2018-12-06 16:22:03 - [TEST_STEP][PASSED] - click: Object: 'Object Repository/Final Object Repo/Page_Update Employee Information By Employee/Type of Identification' is clicked on

2018-12-06 16:22:03 - [MESSAGE][PASSED] - Object: 'Object Repository/Final Object Repo/Page_Update Employee Information By Employee/Type of Identification' is clicked on

2018-12-06 16:22:03 - [TEST_STEP][FAILED] - click: Unable to click on object (Root cause: java.lang.IllegalArgumentException: Object is null)

2018-12-06 16:22:03 - [MESSAGE][WARNING] - Test object with id 'Object Repository/Final Object Repo/Page_Update Employee Information By Employee/Type of Identification - Name' does not exist

2018-12-06 16:22:03 - [MESSAGE][WARNING] - Test object with id 'Object Repository/' does not exist

2018-12-06 16:22:03 - [MESSAGE][FAILED] - Unable to click on object (Root cause: java.lang.IllegalArgumentException: Object is null)
[[ATTACHMENT|C:\\Users\\Admin\\Desktop\\PKS\\Perkeso Phase A\\Reports\\Workflow\\Update Employee Information (Employee)\\20181206_160240\\1544084523591.png]]

2018-12-06 16:22:03 - [TEST_STEP][PASSED] - setText: Text 'YUKI JR B' is set on object 'Object Repository/Final Object Repo/Page_Update Employee Information By Employee/New Identification'

2018-12-06 16:22:04 - [MESSAGE][PASSED] - Text 'YUKI JR B' is set on object 'Object Repository/Final Object Repo/Page_Update Employee Information By Employee/New Identification'

2018-12-06 16:22:04 - [TEST_STEP][PASSED] - click: Object: 'Object Repository/Final Object Repo/Page_Update Employee Information By Employee/Search Button' is clicked on

2018-12-06 16:22:04 - [MESSAGE][PASSED] - Object: 'Object Repository/Final Object Repo/Page_Update Employee Information By Employee/Search Button' is clicked on

2018-12-06 16:22:04 - [TEST_STEP][FAILED] - click: Unable to click on object 'Object Repository/Final Object Repo/Page_Update Employee Information By Employee/Edit Button' (Root cause: com.kms.katalon.core.webui.exception.WebElementNotFoundException: Web element with id: 'Object Repository/Final Object Repo/Page_Update Employee Information By Employee/Edit Button' located by 'By.xpath: //i[@data-original-title = 'Edit']' not found)

2018-12-06 16:22:36 - [MESSAGE][FAILED] - Unable to click on object 'Object Repository/Final Object Repo/Page_Update Employee Information By Employee/Edit Button' (Root cause: com.kms.katalon.core.webui.exception.WebElementNotFoundException: Web element with id: 'Object Repository/Final Object Repo/Page_Update Employee Information By Employee/Edit Button' located by 'By.xpath: //i[@data-original-title = 'Edit']' not found)
[[ATTACHMENT|C:\\Users\\Admin\\Desktop\\PKS\\Perkeso Phase A\\Reports\\Workflow\\Update Employee Information (Employee)\\20181206_160240\\1544084556467.png]]

2018-12-06 16:22:36 - [TEST_STEP][PASSED] - delay: Delayed 2 second(s)

2018-12-06 16:22:38 - [MESSAGE][PASSED] - Delayed 2 second(s)

2018-12-06 16:22:38 - [TEST_STEP][FAILED] - click: Unable to click on object 'Object Repository/Final Object Repo/Page_Update Employee Information By Employee/Employee Information Edit Button' (Root cause: com.kms.katalon.core.webui.exception.WebElementNotFoundException: Web element with id: 'Object Repository/Final Object Repo/Page_Update Employee Information By Employee/Employee Information Edit Button' located by 'By.xpath: //i[@data-original-title = 'Edit']' not found)

2018-12-06 16:23:10 - [MESSAGE][FAILED] - Unable to click on object 'Object Repository/Final Object Repo/Page_Update Employee Information By Employee/Employee Information Edit Button' (Root cause: com.kms.katalon.core.webui.exception.WebElementNotFoundException: Web element with id: 'Object Repository/Final Object Repo/Page_Update Employee Information By Employee/Employee Information Edit Button' located by 'By.xpath: //i[@data-original-title = 'Edit']' not found)
[[ATTACHMENT|C:\\Users\\Admin\\Desktop\\PKS\\Perkeso Phase A\\Reports\\Workflow\\Update Employee Information (Employee)\\20181206_160240\\1544084590479.png]]

2018-12-06 16:23:10 - [TEST_STEP][PASSED] - delay: Delayed 2 second(s)

2018-12-06 16:23:12 - [MESSAGE][PASSED] - Delayed 2 second(s)

2018-12-06 16:23:12 - [TEST_STEP][FAILED] - click: Unable to click on object 'Object Repository/Final Object Repo/Page_Update Employee Information By Employee/New Identification Number' (Root cause: java.lang.NullPointerException)

2018-12-06 16:23:44 - [MESSAGE][FAILED] - Unable to click on object 'Object Repository/Final Object Repo/Page_Update Employee Information By Employee/New Identification Number' (Root cause: java.lang.NullPointerException)
[[ATTACHMENT|C:\\Users\\Admin\\Desktop\\PKS\\Perkeso Phase A\\Reports\\Workflow\\Update Employee Information (Employee)\\20181206_160240\\1544084624046.png]]

2018-12-06 16:23:44 - [MESSAGE][FAILED] - Unable to call Test Case with id 'Test Cases/Final Aug 2018 - PKS Automation/Registration Module/Workflow/Update Employee Information (Employee)/Template/Update Employee Information - Special Case (PAU)' (Root cause: Call Test Case 'Test Cases/Final Aug 2018 - PKS Automation/Registration Module/Workflow/Update Employee Information (Employee)/Template/Update Employee Information - Special Case (PAU)' failed)]]></system-out>
         <system-err><![CDATA[2018-12-06 16:21:46 - [TEST_CASE][FAILED] - Test Cases/Final Aug 2018 - PKS Automation/Registration Module/Workflow/Update Employee Information (Employee)/PAU to UO (Under enforcement): Test Cases/Final Aug 2018 - PKS Automation/Registration Module/Workflow/Update Employee Information (Employee)/PAU to UO (Under enforcement) FAILED because (of) (Stack trace: com.kms.katalon.core.exception.StepFailedException: Unable to click on object (Root cause: java.lang.IllegalArgumentException: Object is null)
	at com.kms.katalon.core.keyword.internal.KeywordMain.stepFailed(KeywordMain.groovy:32)
	at com.kms.katalon.core.webui.keyword.internal.WebUIKeywordMain.stepFailed(WebUIKeywordMain.groovy:65)
	at com.kms.katalon.core.webui.keyword.internal.WebUIKeywordMain.runKeyword(WebUIKeywordMain.groovy:27)
	at com.kms.katalon.core.webui.keyword.builtin.ClickKeyword.click(ClickKeyword.groovy:86)
	at com.kms.katalon.core.webui.keyword.builtin.ClickKeyword.execute(ClickKeyword.groovy:67)
	at com.kms.katalon.core.keyword.internal.KeywordExecutor.executeKeywordForPlatform(KeywordExecutor.groovy:53)
	at com.kms.katalon.core.webui.keyword.WebUiBuiltInKeywords.click(WebUiBuiltInKeywords.groovy:616)
	at com.kms.katalon.core.webui.keyword.WebUiBuiltInKeywords$click$2.call(Unknown Source)
	at Script1536217453448.run(Script1536217453448.groovy:57)
	at com.kms.katalon.core.main.ScriptEngine.run(ScriptEngine.java:183)
	at com.kms.katalon.core.main.ScriptEngine.runScriptAsRawText(ScriptEngine.java:108)
	at com.kms.katalon.core.main.TestCaseExecutor.runScript(TestCaseExecutor.java:294)
	at com.kms.katalon.core.main.TestCaseExecutor.doExecute(TestCaseExecutor.java:285)
	at com.kms.katalon.core.main.TestCaseExecutor.processExecutionPhase(TestCaseExecutor.java:264)
	at com.kms.katalon.core.main.TestCaseExecutor.accessMainPhase(TestCaseExecutor.java:256)
	at com.kms.katalon.core.main.TestCaseExecutor.execute(TestCaseExecutor.java:200)
	at com.kms.katalon.core.main.TestCaseMain.runTestCase(TestCaseMain.java:99)
	at com.kms.katalon.core.keyword.builtin.CallTestCaseKeyword$_callTestCase_closure1.doCall(CallTestCaseKeyword.groovy:60)
	at com.kms.katalon.core.keyword.builtin.CallTestCaseKeyword$_callTestCase_closure1.call(CallTestCaseKeyword.groovy)
	at com.kms.katalon.core.keyword.internal.KeywordMain.runKeyword(KeywordMain.groovy:54)
	at com.kms.katalon.core.keyword.builtin.CallTestCaseKeyword.callTestCase(CallTestCaseKeyword.groovy:81)
	at com.kms.katalon.core.keyword.builtin.CallTestCaseKeyword.execute(CallTestCaseKeyword.groovy:45)
	at com.kms.katalon.core.keyword.internal.KeywordExecutor.executeKeywordForPlatform(KeywordExecutor.groovy:53)
	at com.kms.katalon.core.keyword.BuiltinKeywords.callTestCase(BuiltinKeywords.groovy:334)
	at sun.reflect.GeneratedMethodAccessor13.invoke(Unknown Source)
	at sun.reflect.DelegatingMethodAccessorImpl.invoke(DelegatingMethodAccessorImpl.java:43)
	at java.lang.reflect.Method.invoke(Method.java:498)
	at org.codehaus.groovy.reflection.CachedMethod.invoke(CachedMethod.java:93)
	at groovy.lang.MetaMethod.doMethodInvoke(MetaMethod.java:325)
	at groovy.lang.MetaClassImpl.invokeStaticMethod(MetaClassImpl.java:1469)
	at org.codehaus.groovy.runtime.callsite.StaticMetaClassSite.call(StaticMetaClassSite.java:53)
	at org.codehaus.groovy.runtime.callsite.CallSiteArray.defaultCall(CallSiteArray.java:48)
	at org.codehaus.groovy.runtime.callsite.AbstractCallSite.call(AbstractCallSite.java:113)
	at org.codehaus.groovy.runtime.callsite.AbstractCallSite.call(AbstractCallSite.java:141)
	at Script1536217503604.run(Script1536217503604.groovy:22)
	at com.kms.katalon.core.main.ScriptEngine.run(ScriptEngine.java:183)
	at com.kms.katalon.core.main.ScriptEngine.runScriptAsRawText(ScriptEngine.java:108)
	at com.kms.katalon.core.main.TestCaseExecutor.runScript(TestCaseExecutor.java:294)
	at com.kms.katalon.core.main.TestCaseExecutor.doExecute(TestCaseExecutor.java:285)
	at com.kms.katalon.core.main.TestCaseExecutor.processExecutionPhase(TestCaseExecutor.java:264)
	at com.kms.katalon.core.main.TestCaseExecutor.accessMainPhase(TestCaseExecutor.java:256)
	at com.kms.katalon.core.main.TestCaseExecutor.execute(TestCaseExecutor.java:200)
	at com.kms.katalon.core.main.TestSuiteExecutor.accessTestCaseMainPhase(TestSuiteExecutor.java:129)
	at com.kms.katalon.core.main.TestSuiteExecutor.accessTestSuiteMainPhase(TestSuiteExecutor.java:112)
	at com.kms.katalon.core.main.TestSuiteExecutor.execute(TestSuiteExecutor.java:81)
	at com.kms.katalon.core.main.TestCaseMain.startTestSuite(TestCaseMain.java:142)
	at com.kms.katalon.core.main.TestCaseMain$startTestSuite$0.call(Unknown Source)
	at org.codehaus.groovy.runtime.callsite.CallSiteArray.defaultCall(CallSiteArray.java:48)
	at org.codehaus.groovy.runtime.callsite.AbstractCallSite.call(AbstractCallSite.java:113)
	at org.codehaus.groovy.runtime.callsite.AbstractCallSite.call(AbstractCallSite.java:141)
	at TempTestSuite1544083360207.run(TempTestSuite1544083360207.groovy:36)
	at groovy.lang.GroovyShell.runScriptOrMainOrTestOrRunnable(GroovyShell.java:263)
	at groovy.lang.GroovyShell.run(GroovyShell.java:518)
	at groovy.lang.GroovyShell.run(GroovyShell.java:507)
	at groovy.ui.GroovyMain.processOnce(GroovyMain.java:653)
	at groovy.ui.GroovyMain.run(GroovyMain.java:384)
	at groovy.ui.GroovyMain.process(GroovyMain.java:370)
	at groovy.ui.GroovyMain.processArgs(GroovyMain.java:129)
	at groovy.ui.GroovyMain.main(GroovyMain.java:109)
	at sun.reflect.NativeMethodAccessorImpl.invoke0(Native Method)
	at sun.reflect.NativeMethodAccessorImpl.invoke(NativeMethodAccessorImpl.java:62)
	at sun.reflect.DelegatingMethodAccessorImpl.invoke(DelegatingMethodAccessorImpl.java:43)
	at java.lang.reflect.Method.invoke(Method.java:498)
	at org.codehaus.groovy.tools.GroovyStarter.rootLoader(GroovyStarter.java:109)
	at org.codehaus.groovy.tools.GroovyStarter.main(GroovyStarter.java:131)
)]]></system-err>
      </testcase>
      <testcase name="Test Cases/Final Aug 2018 - PKS Automation/Registration Module/Workflow/Update Employee Information (Employee)/PKRBO to UO (Approve)" classname="Test Cases/Final Aug 2018 - PKS Automation/Registration Module/Workflow/Update Employee Information (Employee)/PKRBO to UO (Approve)" status="PASSED">
         <system-out><![CDATA[2018-12-06 16:23:44 - [TEST_CASE][PASSED] - Test Cases/Final Aug 2018 - PKS Automation/Registration Module/Workflow/Update Employee Information (Employee)/PKRBO to UO (Approve): Test Cases/Final Aug 2018 - PKS Automation/Registration Module/Workflow/Update Employee Information (Employee)/PKRBO to UO (Approve)

2018-12-06 16:23:44 - [TEST_STEP][PASSED] - callTestCase: Call Test Case 'Test Cases/Final Aug 2018 - PKS Automation/Registration Module/Workflow/Update Employee Information (Employee)/Template/Update Employee Information - Special Case (PKRBO)' successfully

2018-12-06 16:23:44 - [TEST_CASE][PASSED] - Test Cases/Final Aug 2018 - PKS Automation/Registration Module/Workflow/Update Employee Information (Employee)/Template/Update Employee Information - Special Case (PKRBO): Test Cases/Final Aug 2018 - PKS Automation/Registration Module/Workflow/Update Employee Information (Employee)/Template/Update Employee Information - Special Case (PKRBO)

2018-12-06 16:23:45 - [TEST_STEP][PASSED] - openBrowser: Browser is opened with url: ''

2018-12-06 16:23:45 - [MESSAGE][WARNING] - A browser is already opened. Closing browser and opening a new one

2018-12-06 16:23:47 - [MESSAGE][PASSED] - Browser is opened with url: ''

2018-12-06 16:23:47 - [TEST_STEP][PASSED] - navigateToUrl: Navigate to 'https://assist2-uat.perkeso.gov.my/login' successfully

2018-12-06 16:23:49 - [MESSAGE][PASSED] - Navigate to 'https://assist2-uat.perkeso.gov.my/login' successfully

2018-12-06 16:23:49 - [TEST_STEP][PASSED] - setText: Text 'johorotc1@gmail.com' is set on object 'Object Repository/Final Object Repo/Login Page/Internal User/Email Address'

2018-12-06 16:23:49 - [MESSAGE][PASSED] - Text 'johorotc1@gmail.com' is set on object 'Object Repository/Final Object Repo/Login Page/Internal User/Email Address'

2018-12-06 16:23:49 - [TEST_STEP][PASSED] - click: Object: 'Object Repository/Final Object Repo/Login Page/Internal User/Next Button' is clicked on

2018-12-06 16:23:49 - [MESSAGE][PASSED] - Object: 'Object Repository/Final Object Repo/Login Page/Internal User/Next Button' is clicked on

2018-12-06 16:23:49 - [TEST_STEP][PASSED] - delay: Delayed 1 second(s)

2018-12-06 16:23:50 - [MESSAGE][PASSED] - Delayed 1 second(s)

2018-12-06 16:23:50 - [TEST_STEP][PASSED] - setEncryptedText: Text ****** has been set on object 'Object Repository/Final Object Repo/Login Page/Internal User/Password'

2018-12-06 16:23:51 - [MESSAGE][PASSED] - Text ****** has been set on object 'Object Repository/Final Object Repo/Login Page/Internal User/Password'

2018-12-06 16:23:51 - [TEST_STEP][PASSED] - click: Object: 'Object Repository/Final Object Repo/Login Page/Internal User/Login Button' is clicked on

2018-12-06 16:23:51 - [MESSAGE][PASSED] - Object: 'Object Repository/Final Object Repo/Login Page/Internal User/Login Button' is clicked on

2018-12-06 16:23:51 - [TEST_STEP][PASSED] - Statement - tester = com.kms.katalon.core.testobject.ObjectRepository.findTestObject(Final Object Repo/Landing Page/Select to English): Finding Test Object with id 'Object Repository/Final Object Repo/Landing Page/Select to English'

2018-12-06 16:23:51 - [TEST_STEP][PASSED] - Statement - Try: Delayed 2 second(s)

2018-12-06 16:23:51 - [TEST_STEP][PASSED] - Statement - Checker = com.kms.katalon.core.webui.keyword.WebUiBuiltInKeywords.verifyElementNotPresent(tester, 3): Web element with id: 'Object Repository/Final Object Repo/Landing Page/Select to English' located by 'By.xpath: //a[@class = 'taglib-language-list-text' and @lang = 'en-US' and (contains(text(), 'EN') or contains(., 'EN'))]' is not present after '3' second(s)

2018-12-06 16:23:53 - [MESSAGE][PASSED] - Web element with id: 'Object Repository/Final Object Repo/Landing Page/Select to English' located by 'By.xpath: //a[@class = 'taglib-language-list-text' and @lang = 'en-US' and (contains(text(), 'EN') or contains(., 'EN'))]' is not present after '3' second(s)

2018-12-06 16:23:53 - [TEST_STEP][PASSED] - Statement - If (Checker == false): null

2018-12-06 16:23:53 - [TEST_STEP][PASSED] - delay: Delayed 2 second(s)

2018-12-06 16:23:55 - [MESSAGE][PASSED] - Delayed 2 second(s)

2018-12-06 16:23:55 - [TEST_STEP][PASSED] - delay: Delayed 5 second(s)

2018-12-06 16:24:00 - [MESSAGE][PASSED] - Delayed 5 second(s)

2018-12-06 16:24:00 - [TEST_STEP][PASSED] - navigateToUrl: Navigate to 'https://assist2-uat.perkeso.gov.my/web/registration/update/update-employee-information-employee-' successfully

2018-12-06 16:24:01 - [MESSAGE][PASSED] - Navigate to 'https://assist2-uat.perkeso.gov.my/web/registration/update/update-employee-information-employee-' successfully

2018-12-06 16:24:01 - [TEST_STEP][PASSED] - click: Object: 'Object Repository/Final Object Repo/Page_Update Employee Information By Employee/Type of Identification' is clicked on

2018-12-06 16:24:01 - [MESSAGE][PASSED] - Object: 'Object Repository/Final Object Repo/Page_Update Employee Information By Employee/Type of Identification' is clicked on

2018-12-06 16:24:01 - [TEST_STEP][PASSED] - click: Object: 'Object Repository/Final Object Repo/Page Update Employee Information By Employee/Type of Identification - Name' is clicked on

2018-12-06 16:24:01 - [MESSAGE][PASSED] - Object: 'Object Repository/Final Object Repo/Page Update Employee Information By Employee/Type of Identification - Name' is clicked on

2018-12-06 16:24:01 - [TEST_STEP][PASSED] - setText: Text 'YUKI JR B' is set on object 'Object Repository/Final Object Repo/Page_Update Employee Information By Employee/New Identification'

2018-12-06 16:24:01 - [MESSAGE][PASSED] - Text 'YUKI JR B' is set on object 'Object Repository/Final Object Repo/Page_Update Employee Information By Employee/New Identification'

2018-12-06 16:24:01 - [TEST_STEP][PASSED] - click: Object: 'Object Repository/Final Object Repo/Page_Update Employee Information By Employee/Search Button' is clicked on

2018-12-06 16:24:02 - [MESSAGE][PASSED] - Object: 'Object Repository/Final Object Repo/Page_Update Employee Information By Employee/Search Button' is clicked on

2018-12-06 16:24:02 - [TEST_STEP][PASSED] - click: Object: 'Object Repository/Final Object Repo/Page_Update Employee Information By Employee/Edit Button' is clicked on

2018-12-06 16:24:05 - [MESSAGE][PASSED] - Object: 'Object Repository/Final Object Repo/Page_Update Employee Information By Employee/Edit Button' is clicked on

2018-12-06 16:24:05 - [TEST_STEP][PASSED] - delay: Delayed 2 second(s)

2018-12-06 16:24:07 - [MESSAGE][PASSED] - Delayed 2 second(s)

2018-12-06 16:24:07 - [TEST_STEP][PASSED] - click: Object: 'Object Repository/Final Object Repo/Page_Update Employee Information By Employee/Employee Information Edit Button' is clicked on

2018-12-06 16:24:08 - [MESSAGE][PASSED] - Object: 'Object Repository/Final Object Repo/Page_Update Employee Information By Employee/Employee Information Edit Button' is clicked on

2018-12-06 16:24:08 - [TEST_STEP][PASSED] - delay: Delayed 2 second(s)

2018-12-06 16:24:10 - [MESSAGE][PASSED] - Delayed 2 second(s)

2018-12-06 16:24:10 - [TEST_STEP][PASSED] - click: Object: 'Object Repository/Final Object Repo/Page_Update Employee Information By Employee/New Identification Number' is clicked on

2018-12-06 16:24:10 - [MESSAGE][PASSED] - Object: 'Object Repository/Final Object Repo/Page_Update Employee Information By Employee/New Identification Number' is clicked on

2018-12-06 16:24:10 - [TEST_STEP][PASSED] - setText: Text '' is set on object 'Object Repository/Final Object Repo/Page_Update Employee Information By Employee/New Identification Number'

2018-12-06 16:24:10 - [MESSAGE][PASSED] - Text '' is set on object 'Object Repository/Final Object Repo/Page_Update Employee Information By Employee/New Identification Number'

2018-12-06 16:24:10 - [TEST_STEP][PASSED] - Statement - rnd = new java.util.Random(): null

2018-12-06 16:24:10 - [TEST_STEP][PASSED] - Statement - snum = rnd.nextInt(899999 + 1) + 100000: null

2018-12-06 16:24:10 - [TEST_STEP][PASSED] - Statement - tnum = rnd.nextInt(899999 + 1) + 100000: null

2018-12-06 16:24:10 - [TEST_STEP][PASSED] - Statement - IC = java.lang.Integer.toString(snum) + java.lang.Integer.toString(tnum): null

2018-12-06 16:24:10 - [TEST_STEP][PASSED] - Statement - out.println(IC): null

2018-12-06 16:24:10 - [TEST_STEP][PASSED] - setText: Text '755834297953' is set on object 'Object Repository/Final Object Repo/Page_Update Employee Information By Employee/New Identification Number'

2018-12-06 16:24:10 - [MESSAGE][PASSED] - Text '755834297953' is set on object 'Object Repository/Final Object Repo/Page_Update Employee Information By Employee/New Identification Number'

2018-12-06 16:24:10 - [TEST_STEP][PASSED] - delay: Delayed 5 second(s)

2018-12-06 16:24:15 - [MESSAGE][PASSED] - Delayed 5 second(s)

2018-12-06 16:24:15 - [TEST_STEP][PASSED] - click: Object: 'Object Repository/Final Object Repo/Page_Update Employee Information By Employee/Save' is clicked on

2018-12-06 16:24:16 - [MESSAGE][PASSED] - Object: 'Object Repository/Final Object Repo/Page_Update Employee Information By Employee/Save' is clicked on

2018-12-06 16:24:16 - [TEST_STEP][PASSED] - delay: Delayed 5 second(s)

2018-12-06 16:24:21 - [MESSAGE][PASSED] - Delayed 5 second(s)

2018-12-06 16:24:21 - [TEST_STEP][PASSED] - click: Object: 'Object Repository/Final Object Repo/Page_Update Employee Information By Employee/Save  Continue in Update Employee Information' is clicked on

2018-12-06 16:24:21 - [MESSAGE][PASSED] - Object: 'Object Repository/Final Object Repo/Page_Update Employee Information By Employee/Save  Continue in Update Employee Information' is clicked on

2018-12-06 16:24:21 - [TEST_STEP][PASSED] - delay: Delayed 5 second(s)

2018-12-06 16:24:26 - [MESSAGE][PASSED] - Delayed 5 second(s)

2018-12-06 16:24:26 - [TEST_STEP][PASSED] - click: Object: 'Object Repository/Final Object Repo/Page_Update Employee Information By Employee/Save  Continue in Uploading Page' is clicked on

2018-12-06 16:24:26 - [MESSAGE][PASSED] - Object: 'Object Repository/Final Object Repo/Page_Update Employee Information By Employee/Save  Continue in Uploading Page' is clicked on

2018-12-06 16:24:26 - [TEST_STEP][PASSED] - delay: Delayed 2 second(s)

2018-12-06 16:24:28 - [MESSAGE][PASSED] - Delayed 2 second(s)

2018-12-06 16:24:28 - [TEST_STEP][PASSED] - Statement - CaseReferenceNo = com.kms.katalon.core.webui.keyword.WebUiBuiltInKeywords.getText(com.kms.katalon.core.testobject.ObjectRepository.findTestObject(Final Object Repo/Page_Update Employer Information/Reference Number in Update Employee Information Page)): Text of object 'Object Repository/Final Object Repo/Page_Update Employer Information/Reference Number in Update Employee Information Page' is: 'CUN122018C100005840'

2018-12-06 16:24:30 - [MESSAGE][PASSED] - Text of object 'Object Repository/Final Object Repo/Page_Update Employer Information/Reference Number in Update Employee Information Page' is: 'CUN122018C100005840'

2018-12-06 16:24:30 - [TEST_STEP][PASSED] - callTestCase: Call Test Case 'Test Cases/Final Aug 2018 - PKS Automation/Common/Reference Number Setter' successfully

2018-12-06 16:24:30 - [TEST_CASE][PASSED] - Test Cases/Final Aug 2018 - PKS Automation/Common/Reference Number Setter: Test Cases/Final Aug 2018 - PKS Automation/Common/Reference Number Setter

2018-12-06 16:24:30 - [TEST_STEP][PASSED] - Statement - RefNoOldFile = new java.io.File(C://Users//Admin//Desktop//PKS//Automation Reference Point//KatalonReference.txt): null

2018-12-06 16:24:30 - [TEST_STEP][PASSED] - Statement - RefNoOldFile.delete(): null

2018-12-06 16:24:30 - [TEST_STEP][PASSED] - delay: Delayed 5 second(s)

2018-12-06 16:24:35 - [MESSAGE][PASSED] - Delayed 5 second(s)

2018-12-06 16:24:35 - [TEST_STEP][PASSED] - Statement - RefNo = new java.io.File(C://Users//Admin//Desktop//PKS//Automation Reference Point//KatalonReference.txt): null

2018-12-06 16:24:35 - [TEST_STEP][PASSED] - Statement - f2 = new java.io.FileWriter(RefNo, false): null

2018-12-06 16:24:35 - [TEST_STEP][PASSED] - Statement - f2.write(CaseReferenceNo): null

2018-12-06 16:24:35 - [TEST_STEP][PASSED] - Statement - f2.close(): null

2018-12-06 16:24:35 - [TEST_STEP][PASSED] - Statement - out.println("


" + CaseReferenceNo + "


"): null

2018-12-06 16:24:35 - [MESSAGE][PASSED] - Call Test Case 'Test Cases/Final Aug 2018 - PKS Automation/Common/Reference Number Setter' successfully

2018-12-06 16:24:35 - [TEST_STEP][PASSED] - delay: Delayed 2 second(s)

2018-12-06 16:24:37 - [MESSAGE][PASSED] - Delayed 2 second(s)

2018-12-06 16:24:37 - [TEST_STEP][PASSED] - click: Object: 'Object Repository/Final Object Repo/Page_Update Employee Information By Employee/Submit' is clicked on

2018-12-06 16:24:37 - [MESSAGE][PASSED] - Object: 'Object Repository/Final Object Repo/Page_Update Employee Information By Employee/Submit' is clicked on

2018-12-06 16:24:37 - [TEST_STEP][PASSED] - delay: Delayed 2 second(s)

2018-12-06 16:24:39 - [MESSAGE][PASSED] - Delayed 2 second(s)

2018-12-06 16:24:39 - [TEST_STEP][PASSED] - click: Object: 'Object Repository/Final Object Repo/Page_Update Employee Information By Employee/Confirm Button' is clicked on

2018-12-06 16:24:39 - [MESSAGE][PASSED] - Object: 'Object Repository/Final Object Repo/Page_Update Employee Information By Employee/Confirm Button' is clicked on

2018-12-06 16:24:39 - [TEST_STEP][PASSED] - delay: Delayed 2 second(s)

2018-12-06 16:24:41 - [MESSAGE][PASSED] - Delayed 2 second(s)

2018-12-06 16:24:41 - [TEST_STEP][PASSED] - click: Object: 'Object Repository/Final Object Repo/Page_Update Employee Information By Employee/Successful Message Routed to UO' is clicked on

2018-12-06 16:24:43 - [MESSAGE][PASSED] - Object: 'Object Repository/Final Object Repo/Page_Update Employee Information By Employee/Successful Message Routed to UO' is clicked on

2018-12-06 16:24:43 - [MESSAGE][PASSED] - Call Test Case 'Test Cases/Final Aug 2018 - PKS Automation/Registration Module/Workflow/Update Employee Information (Employee)/Template/Update Employee Information - Special Case (PKRBO)' successfully

2018-12-06 16:24:43 - [TEST_STEP][PASSED] - callTestCase: Call Test Case 'Test Cases/Final Aug 2018 - PKS Automation/Registration Module/Workflow/Update Employee Information (Employee)/Template/Update Employee Information - Special Case - UO (Approve)' successfully

2018-12-06 16:24:43 - [TEST_CASE][PASSED] - Test Cases/Final Aug 2018 - PKS Automation/Registration Module/Workflow/Update Employee Information (Employee)/Template/Update Employee Information - Special Case - UO (Approve): Test Cases/Final Aug 2018 - PKS Automation/Registration Module/Workflow/Update Employee Information (Employee)/Template/Update Employee Information - Special Case - UO (Approve)

2018-12-06 16:24:43 - [TEST_STEP][NOT_RUN] - callTestCase: NOT_RUN: callTestCase

2018-12-06 16:24:43 - [MESSAGE][NOT_RUN] - NOT_RUN: callTestCase

2018-12-06 16:24:43 - [TEST_STEP][PASSED] - delay: Delayed 2 second(s)

2018-12-06 16:24:45 - [MESSAGE][PASSED] - Delayed 2 second(s)

2018-12-06 16:24:45 - [TEST_STEP][PASSED] - navigateToUrl: Navigate to 'https://assist2-uat.perkeso.gov.my/c/portal/logout' successfully

2018-12-06 16:24:46 - [MESSAGE][PASSED] - Navigate to 'https://assist2-uat.perkeso.gov.my/c/portal/logout' successfully

2018-12-06 16:24:46 - [TEST_STEP][PASSED] - delay: Delayed 2 second(s)

2018-12-06 16:24:48 - [MESSAGE][PASSED] - Delayed 2 second(s)

2018-12-06 16:24:48 - [TEST_STEP][PASSED] - callTestCase: Call Test Case 'Test Cases/Final Aug 2018 - PKS Automation/Common/Reference Number Getter' successfully

2018-12-06 16:24:48 - [TEST_CASE][PASSED] - Test Cases/Final Aug 2018 - PKS Automation/Common/Reference Number Getter: Test Cases/Final Aug 2018 - PKS Automation/Common/Reference Number Getter

2018-12-06 16:24:48 - [TEST_STEP][PASSED] - Statement - Try: null

2018-12-06 16:24:48 - [TEST_STEP][PASSED] - Statement - RefNo = new java.io.File(C://Users//Admin//Desktop//PKS//Automation Reference Point//KatalonReference.txt): null

2018-12-06 16:24:48 - [TEST_STEP][PASSED] - Statement - bufferread = new java.io.BufferedReader(new java.io.FileReader(RefNo)): null

2018-12-06 16:24:48 - [TEST_STEP][PASSED] - Statement - readedVal = bufferread.readLine(): null

2018-12-06 16:24:48 - [TEST_STEP][PASSED] - Statement - out.println(CaseReferenceNo): null

2018-12-06 16:24:48 - [TEST_STEP][PASSED] - Statement - out.println(readedVal): null

2018-12-06 16:24:48 - [TEST_STEP][PASSED] - Statement - CaseReferenceNo = "": null

2018-12-06 16:24:48 - [TEST_STEP][PASSED] - Statement - CaseReferenceNo = readedVal: null

2018-12-06 16:24:48 - [MESSAGE][PASSED] - Call Test Case 'Test Cases/Final Aug 2018 - PKS Automation/Common/Reference Number Getter' successfully

2018-12-06 16:24:48 - [TEST_STEP][PASSED] - callTestCase: Call Test Case 'Test Cases/Final Aug 2018 - PKS Automation/Common/Workflow Owner Finder' successfully

2018-12-06 16:24:48 - [TEST_CASE][PASSED] - Test Cases/Final Aug 2018 - PKS Automation/Common/Workflow Owner Finder: Test Cases/Final Aug 2018 - PKS Automation/Common/Workflow Owner Finder

2018-12-06 16:24:48 - [TEST_STEP][PASSED] - openBrowser: Browser is opened with url: ''

2018-12-06 16:24:48 - [MESSAGE][WARNING] - A browser is already opened. Closing browser and opening a new one

2018-12-06 16:24:51 - [MESSAGE][PASSED] - Browser is opened with url: ''

2018-12-06 16:24:51 - [TEST_STEP][PASSED] - navigateToUrl: Navigate to 'https://assist2-uat.perkeso.gov.my/login' successfully

2018-12-06 16:24:52 - [MESSAGE][PASSED] - Navigate to 'https://assist2-uat.perkeso.gov.my/login' successfully

2018-12-06 16:24:52 - [TEST_STEP][PASSED] - delay: Delayed 5 second(s)

2018-12-06 16:24:57 - [MESSAGE][PASSED] - Delayed 5 second(s)

2018-12-06 16:24:57 - [TEST_STEP][PASSED] - setText: Text 'test@liferay.com' is set on object 'Object Repository/Final Object Repo/Login Page/Internal User/Email Address'

2018-12-06 16:24:57 - [MESSAGE][PASSED] - Text 'test@liferay.com' is set on object 'Object Repository/Final Object Repo/Login Page/Internal User/Email Address'

2018-12-06 16:24:57 - [TEST_STEP][PASSED] - click: Object: 'Object Repository/Final Object Repo/Login Page/Internal User/Next Button' is clicked on

2018-12-06 16:24:58 - [MESSAGE][PASSED] - Object: 'Object Repository/Final Object Repo/Login Page/Internal User/Next Button' is clicked on

2018-12-06 16:24:58 - [TEST_STEP][PASSED] - delay: Delayed 2 second(s)

2018-12-06 16:25:00 - [MESSAGE][PASSED] - Delayed 2 second(s)

2018-12-06 16:25:00 - [TEST_STEP][PASSED] - setText: Text 'test' is set on object 'Object Repository/Final Object Repo/Login Page/Internal User/Password'

2018-12-06 16:25:00 - [MESSAGE][PASSED] - Text 'test' is set on object 'Object Repository/Final Object Repo/Login Page/Internal User/Password'

2018-12-06 16:25:00 - [TEST_STEP][PASSED] - delay: Delayed 2 second(s)

2018-12-06 16:25:02 - [MESSAGE][PASSED] - Delayed 2 second(s)

2018-12-06 16:25:02 - [TEST_STEP][PASSED] - click: Object: 'Object Repository/Final Object Repo/Login Page/Internal User/Login Button' is clicked on

2018-12-06 16:25:02 - [MESSAGE][PASSED] - Object: 'Object Repository/Final Object Repo/Login Page/Internal User/Login Button' is clicked on

2018-12-06 16:25:02 - [TEST_STEP][PASSED] - Statement - tester = com.kms.katalon.core.testobject.ObjectRepository.findTestObject(Final Object Repo/Landing Page/Select to English): Finding Test Object with id 'Object Repository/Final Object Repo/Landing Page/Select to English'

2018-12-06 16:25:02 - [TEST_STEP][PASSED] - Statement - Try: Delayed 2 second(s)

2018-12-06 16:25:02 - [TEST_STEP][PASSED] - Statement - Checker = com.kms.katalon.core.webui.keyword.WebUiBuiltInKeywords.verifyElementNotPresent(tester, 3): Web element with id: 'Object Repository/Final Object Repo/Landing Page/Select to English' located by 'By.xpath: //a[@class = 'taglib-language-list-text' and @lang = 'en-US' and (contains(text(), 'EN') or contains(., 'EN'))]' is not present after '3' second(s)

2018-12-06 16:25:04 - [MESSAGE][PASSED] - Web element with id: 'Object Repository/Final Object Repo/Landing Page/Select to English' located by 'By.xpath: //a[@class = 'taglib-language-list-text' and @lang = 'en-US' and (contains(text(), 'EN') or contains(., 'EN'))]' is not present after '3' second(s)

2018-12-06 16:25:04 - [TEST_STEP][PASSED] - Statement - If (Checker == false): null

2018-12-06 16:25:04 - [TEST_STEP][PASSED] - delay: Delayed 2 second(s)

2018-12-06 16:25:06 - [MESSAGE][PASSED] - Delayed 2 second(s)

2018-12-06 16:25:06 - [TEST_STEP][PASSED] - delay: Delayed 5 second(s)

2018-12-06 16:25:11 - [MESSAGE][PASSED] - Delayed 5 second(s)

2018-12-06 16:25:11 - [TEST_STEP][PASSED] - mouseOver: Object: 'Object Repository/Final Object Repo/Landing Page/WorkFlow Menu' is hovered

2018-12-06 16:25:11 - [MESSAGE][PASSED] - Object: 'Object Repository/Final Object Repo/Landing Page/WorkFlow Menu' is hovered

2018-12-06 16:25:11 - [TEST_STEP][PASSED] - delay: Delayed 2 second(s)

2018-12-06 16:25:13 - [MESSAGE][PASSED] - Delayed 2 second(s)

2018-12-06 16:25:13 - [TEST_STEP][PASSED] - click: Object: 'Object Repository/Final Object Repo/Landing Page/Select to Workflow Listing' is clicked on

2018-12-06 16:25:14 - [MESSAGE][PASSED] - Object: 'Object Repository/Final Object Repo/Landing Page/Select to Workflow Listing' is clicked on

2018-12-06 16:25:14 - [TEST_STEP][PASSED] - delay: Delayed 2 second(s)

2018-12-06 16:25:16 - [MESSAGE][PASSED] - Delayed 2 second(s)

2018-12-06 16:25:16 - [TEST_STEP][PASSED] - click: Object: 'Object Repository/Final Object Repo/WorkFlow Listing Page/Search Information - To Put Ref No' is clicked on

2018-12-06 16:25:16 - [MESSAGE][PASSED] - Object: 'Object Repository/Final Object Repo/WorkFlow Listing Page/Search Information - To Put Ref No' is clicked on

2018-12-06 16:25:16 - [TEST_STEP][PASSED] - delay: Delayed 2 second(s)

2018-12-06 16:25:18 - [MESSAGE][PASSED] - Delayed 2 second(s)

2018-12-06 16:25:18 - [TEST_STEP][PASSED] - callTestCase: Call Test Case 'Test Cases/Final Aug 2018 - PKS Automation/Common/Reference Number Getter' successfully

2018-12-06 16:25:18 - [TEST_CASE][PASSED] - Test Cases/Final Aug 2018 - PKS Automation/Common/Reference Number Getter: Test Cases/Final Aug 2018 - PKS Automation/Common/Reference Number Getter

2018-12-06 16:25:18 - [TEST_STEP][PASSED] - Statement - Try: null

2018-12-06 16:25:18 - [TEST_STEP][PASSED] - Statement - RefNo = new java.io.File(C://Users//Admin//Desktop//PKS//Automation Reference Point//KatalonReference.txt): null

2018-12-06 16:25:18 - [TEST_STEP][PASSED] - Statement - bufferread = new java.io.BufferedReader(new java.io.FileReader(RefNo)): null

2018-12-06 16:25:18 - [TEST_STEP][PASSED] - Statement - readedVal = bufferread.readLine(): null

2018-12-06 16:25:18 - [TEST_STEP][PASSED] - Statement - out.println(CaseReferenceNo): null

2018-12-06 16:25:19 - [TEST_STEP][PASSED] - Statement - out.println(readedVal): null

2018-12-06 16:25:19 - [TEST_STEP][PASSED] - Statement - CaseReferenceNo = "": null

2018-12-06 16:25:19 - [TEST_STEP][PASSED] - Statement - CaseReferenceNo = readedVal: null

2018-12-06 16:25:19 - [MESSAGE][PASSED] - Call Test Case 'Test Cases/Final Aug 2018 - PKS Automation/Common/Reference Number Getter' successfully

2018-12-06 16:25:19 - [TEST_STEP][PASSED] - setText: Text 'CUN122018C100005840' is set on object 'Object Repository/Final Object Repo/WorkFlow Listing Page/Ref No Set Text'

2018-12-06 16:25:19 - [MESSAGE][PASSED] - Text 'CUN122018C100005840' is set on object 'Object Repository/Final Object Repo/WorkFlow Listing Page/Ref No Set Text'

2018-12-06 16:25:19 - [TEST_STEP][PASSED] - delay: Delayed 2 second(s)

2018-12-06 16:25:21 - [MESSAGE][PASSED] - Delayed 2 second(s)

2018-12-06 16:25:21 - [TEST_STEP][PASSED] - click: Object: 'Object Repository/Final Object Repo/WorkFlow Listing Page/Search Ref No Search Button' is clicked on

2018-12-06 16:25:21 - [MESSAGE][PASSED] - Object: 'Object Repository/Final Object Repo/WorkFlow Listing Page/Search Ref No Search Button' is clicked on

2018-12-06 16:25:21 - [TEST_STEP][PASSED] - delay: Delayed 6 second(s)

2018-12-06 16:25:27 - [MESSAGE][PASSED] - Delayed 6 second(s)

2018-12-06 16:25:27 - [TEST_STEP][PASSED] - click: Object: 'Object Repository/Final Object Repo/WorkFlow Listing Page/Click Continue Tooltip' is clicked on

2018-12-06 16:25:28 - [MESSAGE][PASSED] - Object: 'Object Repository/Final Object Repo/WorkFlow Listing Page/Click Continue Tooltip' is clicked on

2018-12-06 16:25:28 - [TEST_STEP][PASSED] - delay: Delayed 5 second(s)

2018-12-06 16:25:33 - [MESSAGE][PASSED] - Delayed 5 second(s)

2018-12-06 16:25:33 - [TEST_STEP][PASSED] - doubleClick: Object: 'Object Repository/Final Object Repo/WorkFlow Listing Page/Workflow Found - Listing 1' is double clicked on

2018-12-06 16:25:33 - [MESSAGE][PASSED] - Object: 'Object Repository/Final Object Repo/WorkFlow Listing Page/Workflow Found - Listing 1' is double clicked on

2018-12-06 16:25:33 - [TEST_STEP][PASSED] - Statement - println(OwnerID): null

2018-12-06 16:25:33 - [TEST_STEP][PASSED] - Statement - OwnerID = com.kms.katalon.core.webui.keyword.WebUiBuiltInKeywords.getText(com.kms.katalon.core.testobject.ObjectRepository.findTestObject(Final Object Repo/WorkFlow Listing Page/Workflow Found - Listing 1), STOP_ON_FAILURE): Text of object 'Object Repository/Final Object Repo/WorkFlow Listing Page/Workflow Found - Listing 1' is: 'JOHORuo1'

2018-12-06 16:25:34 - [MESSAGE][PASSED] - Text of object 'Object Repository/Final Object Repo/WorkFlow Listing Page/Workflow Found - Listing 1' is: 'JOHORuo1'

2018-12-06 16:25:34 - [TEST_STEP][PASSED] - Statement - OwnerID = OwnerID.toLowerCase() + "@gmail.com": null

2018-12-06 16:25:34 - [TEST_STEP][PASSED] - Statement - println(OwnerID): null

2018-12-06 16:25:34 - [TEST_STEP][PASSED] - delay: Delayed 2 second(s)

2018-12-06 16:25:36 - [MESSAGE][PASSED] - Delayed 2 second(s)

2018-12-06 16:25:36 - [MESSAGE][PASSED] - Call Test Case 'Test Cases/Final Aug 2018 - PKS Automation/Common/Workflow Owner Finder' successfully

2018-12-06 16:25:36 - [TEST_STEP][PASSED] - delay: Delayed 2 second(s)

2018-12-06 16:25:38 - [MESSAGE][PASSED] - Delayed 2 second(s)

2018-12-06 16:25:38 - [TEST_STEP][PASSED] - navigateToUrl: Navigate to 'https://assist2-uat.perkeso.gov.my/c/portal/logout' successfully

2018-12-06 16:25:38 - [MESSAGE][PASSED] - Navigate to 'https://assist2-uat.perkeso.gov.my/c/portal/logout' successfully

2018-12-06 16:25:38 - [TEST_STEP][PASSED] - delay: Delayed 2 second(s)

2018-12-06 16:25:40 - [MESSAGE][PASSED] - Delayed 2 second(s)

2018-12-06 16:25:40 - [TEST_STEP][PASSED] - callTestCase: Call Test Case 'Test Cases/Final Aug 2018 - PKS Automation/Registration Module/Workflow/Login and Search Case For Workflow' successfully

2018-12-06 16:25:40 - [TEST_CASE][PASSED] - Test Cases/Final Aug 2018 - PKS Automation/Registration Module/Workflow/Login and Search Case For Workflow: Test Cases/Final Aug 2018 - PKS Automation/Registration Module/Workflow/Login and Search Case For Workflow

2018-12-06 16:25:40 - [TEST_STEP][PASSED] - navigateToUrl: Navigate to 'https://assist2-uat.perkeso.gov.my/login' successfully

2018-12-06 16:25:41 - [MESSAGE][PASSED] - Navigate to 'https://assist2-uat.perkeso.gov.my/login' successfully

2018-12-06 16:25:41 - [TEST_STEP][PASSED] - setText: Text 'johoruo1@gmail.com' is set on object 'Object Repository/Final Object Repo/Login Page/Internal User/Email Address'

2018-12-06 16:25:41 - [MESSAGE][PASSED] - Text 'johoruo1@gmail.com' is set on object 'Object Repository/Final Object Repo/Login Page/Internal User/Email Address'

2018-12-06 16:25:41 - [TEST_STEP][PASSED] - click: Object: 'Object Repository/Final Object Repo/Login Page/Internal User/Next Button' is clicked on

2018-12-06 16:25:42 - [MESSAGE][PASSED] - Object: 'Object Repository/Final Object Repo/Login Page/Internal User/Next Button' is clicked on

2018-12-06 16:25:42 - [TEST_STEP][PASSED] - delay: Delayed 1 second(s)

2018-12-06 16:25:43 - [MESSAGE][PASSED] - Delayed 1 second(s)

2018-12-06 16:25:43 - [TEST_STEP][PASSED] - setEncryptedText: Text ****** has been set on object 'Object Repository/Final Object Repo/Login Page/Internal User/Password'

2018-12-06 16:25:43 - [MESSAGE][PASSED] - Text ****** has been set on object 'Object Repository/Final Object Repo/Login Page/Internal User/Password'

2018-12-06 16:25:43 - [TEST_STEP][PASSED] - click: Object: 'Object Repository/Final Object Repo/Login Page/Internal User/Login Button' is clicked on

2018-12-06 16:25:43 - [MESSAGE][PASSED] - Object: 'Object Repository/Final Object Repo/Login Page/Internal User/Login Button' is clicked on

2018-12-06 16:25:43 - [TEST_STEP][PASSED] - delay: Delayed 2 second(s)

2018-12-06 16:25:45 - [MESSAGE][PASSED] - Delayed 2 second(s)

2018-12-06 16:25:45 - [TEST_STEP][PASSED] - Statement - Try: Delayed 2 second(s)

2018-12-06 16:25:45 - [TEST_STEP][PASSED] - Statement - Checker = false: null

2018-12-06 16:25:45 - [TEST_STEP][PASSED] - Statement - Checker = com.kms.katalon.core.webui.keyword.WebUiBuiltInKeywords.verifyElementHasAttribute(com.kms.katalon.core.testobject.ObjectRepository.findTestObject(Final Object Repo/Landing Page/BM Detecting), "href", 20, OPTIONAL): Object 'Object Repository/Final Object Repo/Landing Page/BM Detecting' has attribute 'href'

2018-12-06 16:25:45 - [MESSAGE][PASSED] - Object 'Object Repository/Final Object Repo/Landing Page/BM Detecting' has attribute 'href'

2018-12-06 16:25:45 - [TEST_STEP][PASSED] - Statement - out.println(Checker): null

2018-12-06 16:25:45 - [TEST_STEP][PASSED] - Statement - If (Checker == false): null

2018-12-06 16:25:45 - [TEST_STEP][PASSED] - Statement - Else: null

2018-12-06 16:25:45 - [TEST_STEP][PASSED] - delay: Delayed 2 second(s)

2018-12-06 16:25:47 - [MESSAGE][PASSED] - Delayed 2 second(s)

2018-12-06 16:25:47 - [TEST_STEP][PASSED] - click: Object: 'Object Repository/Final Object Repo/Page_MyASSIST - ASSIST - Search Pending Case For Add Supporting Document/Search Information' is clicked on

2018-12-06 16:25:47 - [MESSAGE][PASSED] - Object: 'Object Repository/Final Object Repo/Page_MyASSIST - ASSIST - Search Pending Case For Add Supporting Document/Search Information' is clicked on

2018-12-06 16:25:47 - [TEST_STEP][PASSED] - delay: Delayed 3 second(s)

2018-12-06 16:25:50 - [MESSAGE][PASSED] - Delayed 3 second(s)

2018-12-06 16:25:50 - [TEST_STEP][PASSED] - sendKeys: Keys 'CUN122018C100005840' sent to object: 'Object Repository/Final Object Repo/Page_MyASSIST - ASSIST - Search Pending Case For Add Supporting Document/Reference No'

2018-12-06 16:25:51 - [MESSAGE][PASSED] - Keys 'CUN122018C100005840' sent to object: 'Object Repository/Final Object Repo/Page_MyASSIST - ASSIST - Search Pending Case For Add Supporting Document/Reference No'

2018-12-06 16:25:51 - [TEST_STEP][PASSED] - click: Object: 'Object Repository/Final Object Repo/Page_MyASSIST - ASSIST - Search Pending Case For Add Supporting Document/Search Reference No' is clicked on

2018-12-06 16:25:51 - [MESSAGE][PASSED] - Object: 'Object Repository/Final Object Repo/Page_MyASSIST - ASSIST - Search Pending Case For Add Supporting Document/Search Reference No' is clicked on

2018-12-06 16:25:51 - [TEST_STEP][PASSED] - delay: Delayed 2 second(s)

2018-12-06 16:25:53 - [MESSAGE][PASSED] - Delayed 2 second(s)

2018-12-06 16:25:53 - [TEST_STEP][PASSED] - click: Object: 'Object Repository/Final Object Repo/Page_MyASSIST - ASSIST - Search Pending Case For Add Supporting Document/Continue' is clicked on

2018-12-06 16:25:58 - [MESSAGE][PASSED] - Object: 'Object Repository/Final Object Repo/Page_MyASSIST - ASSIST - Search Pending Case For Add Supporting Document/Continue' is clicked on

2018-12-06 16:25:58 - [TEST_STEP][PASSED] - delay: Delayed 20 second(s)

2018-12-06 16:26:18 - [MESSAGE][PASSED] - Delayed 20 second(s)

2018-12-06 16:26:18 - [MESSAGE][PASSED] - Call Test Case 'Test Cases/Final Aug 2018 - PKS Automation/Registration Module/Workflow/Login and Search Case For Workflow' successfully

2018-12-06 16:26:18 - [TEST_STEP][PASSED] - click: Object: 'Object Repository/Final Object Repo/Page_Update Employee Information By Employee/Page_Update Employee Information By Employee (Approve)/Continue' is clicked on

2018-12-06 16:26:21 - [MESSAGE][PASSED] - Object: 'Object Repository/Final Object Repo/Page_Update Employee Information By Employee/Page_Update Employee Information By Employee (Approve)/Continue' is clicked on

2018-12-06 16:26:21 - [TEST_STEP][PASSED] - delay: Delayed 2 second(s)

2018-12-06 16:26:23 - [MESSAGE][PASSED] - Delayed 2 second(s)

2018-12-06 16:26:23 - [TEST_STEP][PASSED] - click: Object: 'Object Repository/Final Object Repo/Page_Update Employee Information By Employee/Page_Update Employee Information By Employee (Approve)/Save  Continue in Update Employee Information Page' is clicked on

2018-12-06 16:26:23 - [MESSAGE][PASSED] - Object: 'Object Repository/Final Object Repo/Page_Update Employee Information By Employee/Page_Update Employee Information By Employee (Approve)/Save  Continue in Update Employee Information Page' is clicked on

2018-12-06 16:26:23 - [TEST_STEP][PASSED] - delay: Delayed 2 second(s)

2018-12-06 16:26:25 - [MESSAGE][PASSED] - Delayed 2 second(s)

2018-12-06 16:26:25 - [TEST_STEP][PASSED] - click: Object: 'Object Repository/Final Object Repo/Page_Update Employee Information By Employee/Page_Update Employee Information By Employee (Approve)/Save  Continue in Upload Supporting Doucument Page' is clicked on

2018-12-06 16:26:26 - [MESSAGE][PASSED] - Object: 'Object Repository/Final Object Repo/Page_Update Employee Information By Employee/Page_Update Employee Information By Employee (Approve)/Save  Continue in Upload Supporting Doucument Page' is clicked on

2018-12-06 16:26:26 - [TEST_STEP][PASSED] - delay: Delayed 2 second(s)

2018-12-06 16:26:28 - [MESSAGE][PASSED] - Delayed 2 second(s)

2018-12-06 16:26:28 - [TEST_STEP][PASSED] - click: Object: 'Object Repository/Final Object Repo/Page_Update Employee Information By Employee/Page_Update Employee Information By Employee (Approve)/Approve' is clicked on

2018-12-06 16:26:30 - [MESSAGE][PASSED] - Object: 'Object Repository/Final Object Repo/Page_Update Employee Information By Employee/Page_Update Employee Information By Employee (Approve)/Approve' is clicked on

2018-12-06 16:26:30 - [TEST_STEP][PASSED] - delay: Delayed 2 second(s)

2018-12-06 16:26:32 - [MESSAGE][PASSED] - Delayed 2 second(s)

2018-12-06 16:26:32 - [TEST_STEP][PASSED] - click: Object: 'Object Repository/Final Object Repo/Page_Update Employee Information By Employee/Page_Update Employee Information By Employee (Approve)/Confirm' is clicked on

2018-12-06 16:26:32 - [MESSAGE][PASSED] - Object: 'Object Repository/Final Object Repo/Page_Update Employee Information By Employee/Page_Update Employee Information By Employee (Approve)/Confirm' is clicked on

2018-12-06 16:26:32 - [TEST_STEP][PASSED] - delay: Delayed 2 second(s)

2018-12-06 16:26:34 - [MESSAGE][PASSED] - Delayed 2 second(s)

2018-12-06 16:26:34 - [TEST_STEP][PASSED] - click: Object: 'Object Repository/Final Object Repo/Page_Update Employee Information By Employee/Page_Update Employee Information By Employee (Approve)/Message Your Request    Update Emp' is clicked on

2018-12-06 16:26:39 - [MESSAGE][PASSED] - Object: 'Object Repository/Final Object Repo/Page_Update Employee Information By Employee/Page_Update Employee Information By Employee (Approve)/Message Your Request    Update Emp' is clicked on

2018-12-06 16:26:39 - [TEST_STEP][PASSED] - click: Object: 'Object Repository/Final Object Repo/Page_Update Employee Information By Employee/Page_Update Employee Information By Employee (Approve)/Letter of successful update' is clicked on

2018-12-06 16:26:39 - [MESSAGE][PASSED] - Object: 'Object Repository/Final Object Repo/Page_Update Employee Information By Employee/Page_Update Employee Information By Employee (Approve)/Letter of successful update' is clicked on

2018-12-06 16:26:39 - [MESSAGE][PASSED] - Call Test Case 'Test Cases/Final Aug 2018 - PKS Automation/Registration Module/Workflow/Update Employee Information (Employee)/Template/Update Employee Information - Special Case - UO (Approve)' successfully]]></system-out>
         <system-err><![CDATA[]]></system-err>
      </testcase>
      <testcase name="Test Cases/Final Aug 2018 - PKS Automation/Registration Module/Workflow/Update Employee Information (Employee)/PKRBO to UO (Query)" classname="Test Cases/Final Aug 2018 - PKS Automation/Registration Module/Workflow/Update Employee Information (Employee)/PKRBO to UO (Query)" status="FAILED">
         <failure type="FAILED" message="(Stack trace: com.kms.katalon.core.exception.StepFailedException: Unable to send keys 'C:\Users\Public\Pictures\Sample Pictures\Koala.jpg' to object 'Object Repository/Final Object Repo/Page_Update Employee Information By Employee/Page_Update Employee Information by Employee (Query -OTC -UO)/Uploading File' (Root cause: com.kms.katalon.core.webui.exception.WebElementNotFoundException: Web element with id: 'Object Repository/Final Object Repo/Page_Update Employee Information By Employee/Page_Update Employee Information by Employee (Query -OTC -UO)/Uploading File' located by 'By.xpath: //input[@type = 'file' and @id = '_searchforemployer_WAR_registrationportlet_uploadFile']' not found)
	at com.kms.katalon.core.keyword.internal.KeywordMain.stepFailed(KeywordMain.groovy:32)
	at com.kms.katalon.core.webui.keyword.internal.WebUIKeywordMain.stepFailed(WebUIKeywordMain.groovy:65)
	at com.kms.katalon.core.webui.keyword.internal.WebUIKeywordMain.runKeyword(WebUIKeywordMain.groovy:27)
	at com.kms.katalon.core.webui.keyword.builtin.SendKeysKeyword.sendKeys(SendKeysKeyword.groovy:60)
	at com.kms.katalon.core.webui.keyword.builtin.SendKeysKeyword.execute(SendKeysKeyword.groovy:38)
	at com.kms.katalon.core.keyword.internal.KeywordExecutor.executeKeywordForPlatform(KeywordExecutor.groovy:53)
	at com.kms.katalon.core.webui.keyword.WebUiBuiltInKeywords.sendKeys(WebUiBuiltInKeywords.groovy:834)
	at com.kms.katalon.core.webui.keyword.WebUiBuiltInKeywords$sendKeys$11.call(Unknown Source)
	at Script1537850574768.run(Script1537850574768.groovy:96)
	at com.kms.katalon.core.main.ScriptEngine.run(ScriptEngine.java:183)
	at com.kms.katalon.core.main.ScriptEngine.runScriptAsRawText(ScriptEngine.java:108)
	at com.kms.katalon.core.main.TestCaseExecutor.runScript(TestCaseExecutor.java:294)
	at com.kms.katalon.core.main.TestCaseExecutor.doExecute(TestCaseExecutor.java:285)
	at com.kms.katalon.core.main.TestCaseExecutor.processExecutionPhase(TestCaseExecutor.java:264)
	at com.kms.katalon.core.main.TestCaseExecutor.accessMainPhase(TestCaseExecutor.java:256)
	at com.kms.katalon.core.main.TestCaseExecutor.execute(TestCaseExecutor.java:200)
	at com.kms.katalon.core.main.TestCaseMain.runTestCase(TestCaseMain.java:99)
	at com.kms.katalon.core.keyword.builtin.CallTestCaseKeyword$_callTestCase_closure1.doCall(CallTestCaseKeyword.groovy:60)
	at com.kms.katalon.core.keyword.builtin.CallTestCaseKeyword$_callTestCase_closure1.call(CallTestCaseKeyword.groovy)
	at com.kms.katalon.core.keyword.internal.KeywordMain.runKeyword(KeywordMain.groovy:54)
	at com.kms.katalon.core.keyword.builtin.CallTestCaseKeyword.callTestCase(CallTestCaseKeyword.groovy:81)
	at com.kms.katalon.core.keyword.builtin.CallTestCaseKeyword.execute(CallTestCaseKeyword.groovy:45)
	at com.kms.katalon.core.keyword.internal.KeywordExecutor.executeKeywordForPlatform(KeywordExecutor.groovy:53)
	at com.kms.katalon.core.keyword.BuiltinKeywords.callTestCase(BuiltinKeywords.groovy:334)
	at sun.reflect.GeneratedMethodAccessor13.invoke(Unknown Source)
	at sun.reflect.DelegatingMethodAccessorImpl.invoke(DelegatingMethodAccessorImpl.java:43)
	at java.lang.reflect.Method.invoke(Method.java:498)
	at org.codehaus.groovy.reflection.CachedMethod.invoke(CachedMethod.java:93)
	at groovy.lang.MetaMethod.doMethodInvoke(MetaMethod.java:325)
	at groovy.lang.MetaClassImpl.invokeStaticMethod(MetaClassImpl.java:1469)
	at org.codehaus.groovy.runtime.callsite.StaticMetaClassSite.call(StaticMetaClassSite.java:53)
	at org.codehaus.groovy.runtime.callsite.CallSiteArray.defaultCall(CallSiteArray.java:48)
	at org.codehaus.groovy.runtime.callsite.AbstractCallSite.call(AbstractCallSite.java:113)
	at org.codehaus.groovy.runtime.callsite.AbstractCallSite.call(AbstractCallSite.java:141)
	at Script1536216950308.run(Script1536216950308.groovy:25)
	at com.kms.katalon.core.main.ScriptEngine.run(ScriptEngine.java:183)
	at com.kms.katalon.core.main.ScriptEngine.runScriptAsRawText(ScriptEngine.java:108)
	at com.kms.katalon.core.main.TestCaseExecutor.runScript(TestCaseExecutor.java:294)
	at com.kms.katalon.core.main.TestCaseExecutor.doExecute(TestCaseExecutor.java:285)
	at com.kms.katalon.core.main.TestCaseExecutor.processExecutionPhase(TestCaseExecutor.java:264)
	at com.kms.katalon.core.main.TestCaseExecutor.accessMainPhase(TestCaseExecutor.java:256)
	at com.kms.katalon.core.main.TestCaseExecutor.execute(TestCaseExecutor.java:200)
	at com.kms.katalon.core.main.TestSuiteExecutor.accessTestCaseMainPhase(TestSuiteExecutor.java:129)
	at com.kms.katalon.core.main.TestSuiteExecutor.accessTestSuiteMainPhase(TestSuiteExecutor.java:112)
	at com.kms.katalon.core.main.TestSuiteExecutor.execute(TestSuiteExecutor.java:81)
	at com.kms.katalon.core.main.TestCaseMain.startTestSuite(TestCaseMain.java:142)
	at com.kms.katalon.core.main.TestCaseMain$startTestSuite$0.call(Unknown Source)
	at org.codehaus.groovy.runtime.callsite.CallSiteArray.defaultCall(CallSiteArray.java:48)
	at org.codehaus.groovy.runtime.callsite.AbstractCallSite.call(AbstractCallSite.java:113)
	at org.codehaus.groovy.runtime.callsite.AbstractCallSite.call(AbstractCallSite.java:141)
	at TempTestSuite1544083360207.run(TempTestSuite1544083360207.groovy:36)
	at groovy.lang.GroovyShell.runScriptOrMainOrTestOrRunnable(GroovyShell.java:263)
	at groovy.lang.GroovyShell.run(GroovyShell.java:518)
	at groovy.lang.GroovyShell.run(GroovyShell.java:507)
	at groovy.ui.GroovyMain.processOnce(GroovyMain.java:653)
	at groovy.ui.GroovyMain.run(GroovyMain.java:384)
	at groovy.ui.GroovyMain.process(GroovyMain.java:370)
	at groovy.ui.GroovyMain.processArgs(GroovyMain.java:129)
	at groovy.ui.GroovyMain.main(GroovyMain.java:109)
	at sun.reflect.NativeMethodAccessorImpl.invoke0(Native Method)
	at sun.reflect.NativeMethodAccessorImpl.invoke(NativeMethodAccessorImpl.java:62)
	at sun.reflect.DelegatingMethodAccessorImpl.invoke(DelegatingMethodAccessorImpl.java:43)
	at java.lang.reflect.Method.invoke(Method.java:498)
	at org.codehaus.groovy.tools.GroovyStarter.rootLoader(GroovyStarter.java:109)
	at org.codehaus.groovy.tools.GroovyStarter.main(GroovyStarter.java:131)
)"/>
         <system-out><![CDATA[2018-12-06 16:26:39 - [TEST_CASE][FAILED] - Test Cases/Final Aug 2018 - PKS Automation/Registration Module/Workflow/Update Employee Information (Employee)/PKRBO to UO (Query): Test Cases/Final Aug 2018 - PKS Automation/Registration Module/Workflow/Update Employee Information (Employee)/PKRBO to UO (Query) FAILED because (of) (Stack trace: com.kms.katalon.core.exception.StepFailedException: Unable to send keys 'C:\Users\Public\Pictures\Sample Pictures\Koala.jpg' to object 'Object Repository/Final Object Repo/Page_Update Employee Information By Employee/Page_Update Employee Information by Employee (Query -OTC -UO)/Uploading File' (Root cause: com.kms.katalon.core.webui.exception.WebElementNotFoundException: Web element with id: 'Object Repository/Final Object Repo/Page_Update Employee Information By Employee/Page_Update Employee Information by Employee (Query -OTC -UO)/Uploading File' located by 'By.xpath: //input[@type = 'file' and @id = '_searchforemployer_WAR_registrationportlet_uploadFile']' not found)
	at com.kms.katalon.core.keyword.internal.KeywordMain.stepFailed(KeywordMain.groovy:32)
	at com.kms.katalon.core.webui.keyword.internal.WebUIKeywordMain.stepFailed(WebUIKeywordMain.groovy:65)
	at com.kms.katalon.core.webui.keyword.internal.WebUIKeywordMain.runKeyword(WebUIKeywordMain.groovy:27)
	at com.kms.katalon.core.webui.keyword.builtin.SendKeysKeyword.sendKeys(SendKeysKeyword.groovy:60)
	at com.kms.katalon.core.webui.keyword.builtin.SendKeysKeyword.execute(SendKeysKeyword.groovy:38)
	at com.kms.katalon.core.keyword.internal.KeywordExecutor.executeKeywordForPlatform(KeywordExecutor.groovy:53)
	at com.kms.katalon.core.webui.keyword.WebUiBuiltInKeywords.sendKeys(WebUiBuiltInKeywords.groovy:834)
	at com.kms.katalon.core.webui.keyword.WebUiBuiltInKeywords$sendKeys$11.call(Unknown Source)
	at Script1537850574768.run(Script1537850574768.groovy:96)
	at com.kms.katalon.core.main.ScriptEngine.run(ScriptEngine.java:183)
	at com.kms.katalon.core.main.ScriptEngine.runScriptAsRawText(ScriptEngine.java:108)
	at com.kms.katalon.core.main.TestCaseExecutor.runScript(TestCaseExecutor.java:294)
	at com.kms.katalon.core.main.TestCaseExecutor.doExecute(TestCaseExecutor.java:285)
	at com.kms.katalon.core.main.TestCaseExecutor.processExecutionPhase(TestCaseExecutor.java:264)
	at com.kms.katalon.core.main.TestCaseExecutor.accessMainPhase(TestCaseExecutor.java:256)
	at com.kms.katalon.core.main.TestCaseExecutor.execute(TestCaseExecutor.java:200)
	at com.kms.katalon.core.main.TestCaseMain.runTestCase(TestCaseMain.java:99)
	at com.kms.katalon.core.keyword.builtin.CallTestCaseKeyword$_callTestCase_closure1.doCall(CallTestCaseKeyword.groovy:60)
	at com.kms.katalon.core.keyword.builtin.CallTestCaseKeyword$_callTestCase_closure1.call(CallTestCaseKeyword.groovy)
	at com.kms.katalon.core.keyword.internal.KeywordMain.runKeyword(KeywordMain.groovy:54)
	at com.kms.katalon.core.keyword.builtin.CallTestCaseKeyword.callTestCase(CallTestCaseKeyword.groovy:81)
	at com.kms.katalon.core.keyword.builtin.CallTestCaseKeyword.execute(CallTestCaseKeyword.groovy:45)
	at com.kms.katalon.core.keyword.internal.KeywordExecutor.executeKeywordForPlatform(KeywordExecutor.groovy:53)
	at com.kms.katalon.core.keyword.BuiltinKeywords.callTestCase(BuiltinKeywords.groovy:334)
	at sun.reflect.GeneratedMethodAccessor13.invoke(Unknown Source)
	at sun.reflect.DelegatingMethodAccessorImpl.invoke(DelegatingMethodAccessorImpl.java:43)
	at java.lang.reflect.Method.invoke(Method.java:498)
	at org.codehaus.groovy.reflection.CachedMethod.invoke(CachedMethod.java:93)
	at groovy.lang.MetaMethod.doMethodInvoke(MetaMethod.java:325)
	at groovy.lang.MetaClassImpl.invokeStaticMethod(MetaClassImpl.java:1469)
	at org.codehaus.groovy.runtime.callsite.StaticMetaClassSite.call(StaticMetaClassSite.java:53)
	at org.codehaus.groovy.runtime.callsite.CallSiteArray.defaultCall(CallSiteArray.java:48)
	at org.codehaus.groovy.runtime.callsite.AbstractCallSite.call(AbstractCallSite.java:113)
	at org.codehaus.groovy.runtime.callsite.AbstractCallSite.call(AbstractCallSite.java:141)
	at Script1536216950308.run(Script1536216950308.groovy:25)
	at com.kms.katalon.core.main.ScriptEngine.run(ScriptEngine.java:183)
	at com.kms.katalon.core.main.ScriptEngine.runScriptAsRawText(ScriptEngine.java:108)
	at com.kms.katalon.core.main.TestCaseExecutor.runScript(TestCaseExecutor.java:294)
	at com.kms.katalon.core.main.TestCaseExecutor.doExecute(TestCaseExecutor.java:285)
	at com.kms.katalon.core.main.TestCaseExecutor.processExecutionPhase(TestCaseExecutor.java:264)
	at com.kms.katalon.core.main.TestCaseExecutor.accessMainPhase(TestCaseExecutor.java:256)
	at com.kms.katalon.core.main.TestCaseExecutor.execute(TestCaseExecutor.java:200)
	at com.kms.katalon.core.main.TestSuiteExecutor.accessTestCaseMainPhase(TestSuiteExecutor.java:129)
	at com.kms.katalon.core.main.TestSuiteExecutor.accessTestSuiteMainPhase(TestSuiteExecutor.java:112)
	at com.kms.katalon.core.main.TestSuiteExecutor.execute(TestSuiteExecutor.java:81)
	at com.kms.katalon.core.main.TestCaseMain.startTestSuite(TestCaseMain.java:142)
	at com.kms.katalon.core.main.TestCaseMain$startTestSuite$0.call(Unknown Source)
	at org.codehaus.groovy.runtime.callsite.CallSiteArray.defaultCall(CallSiteArray.java:48)
	at org.codehaus.groovy.runtime.callsite.AbstractCallSite.call(AbstractCallSite.java:113)
	at org.codehaus.groovy.runtime.callsite.AbstractCallSite.call(AbstractCallSite.java:141)
	at TempTestSuite1544083360207.run(TempTestSuite1544083360207.groovy:36)
	at groovy.lang.GroovyShell.runScriptOrMainOrTestOrRunnable(GroovyShell.java:263)
	at groovy.lang.GroovyShell.run(GroovyShell.java:518)
	at groovy.lang.GroovyShell.run(GroovyShell.java:507)
	at groovy.ui.GroovyMain.processOnce(GroovyMain.java:653)
	at groovy.ui.GroovyMain.run(GroovyMain.java:384)
	at groovy.ui.GroovyMain.process(GroovyMain.java:370)
	at groovy.ui.GroovyMain.processArgs(GroovyMain.java:129)
	at groovy.ui.GroovyMain.main(GroovyMain.java:109)
	at sun.reflect.NativeMethodAccessorImpl.invoke0(Native Method)
	at sun.reflect.NativeMethodAccessorImpl.invoke(NativeMethodAccessorImpl.java:62)
	at sun.reflect.DelegatingMethodAccessorImpl.invoke(DelegatingMethodAccessorImpl.java:43)
	at java.lang.reflect.Method.invoke(Method.java:498)
	at org.codehaus.groovy.tools.GroovyStarter.rootLoader(GroovyStarter.java:109)
	at org.codehaus.groovy.tools.GroovyStarter.main(GroovyStarter.java:131)
)

2018-12-06 16:26:41 - [TEST_STEP][PASSED] - callTestCase: Call Test Case 'Test Cases/Final Aug 2018 - PKS Automation/Registration Module/Workflow/Update Employee Information (Employee)/Template/Update Employee Information - Special Case (PKRBO)' successfully

2018-12-06 16:26:41 - [TEST_CASE][PASSED] - Test Cases/Final Aug 2018 - PKS Automation/Registration Module/Workflow/Update Employee Information (Employee)/Template/Update Employee Information - Special Case (PKRBO): Test Cases/Final Aug 2018 - PKS Automation/Registration Module/Workflow/Update Employee Information (Employee)/Template/Update Employee Information - Special Case (PKRBO)

2018-12-06 16:26:41 - [TEST_STEP][PASSED] - openBrowser: Browser is opened with url: ''

2018-12-06 16:26:41 - [MESSAGE][WARNING] - A browser is already opened. Closing browser and opening a new one

2018-12-06 16:26:44 - [MESSAGE][PASSED] - Browser is opened with url: ''

2018-12-06 16:26:44 - [TEST_STEP][PASSED] - navigateToUrl: Navigate to 'https://assist2-uat.perkeso.gov.my/login' successfully

2018-12-06 16:26:45 - [MESSAGE][PASSED] - Navigate to 'https://assist2-uat.perkeso.gov.my/login' successfully

2018-12-06 16:26:45 - [TEST_STEP][PASSED] - setText: Text 'johorotc1@gmail.com' is set on object 'Object Repository/Final Object Repo/Login Page/Internal User/Email Address'

2018-12-06 16:26:45 - [MESSAGE][PASSED] - Text 'johorotc1@gmail.com' is set on object 'Object Repository/Final Object Repo/Login Page/Internal User/Email Address'

2018-12-06 16:26:45 - [TEST_STEP][PASSED] - click: Object: 'Object Repository/Final Object Repo/Login Page/Internal User/Next Button' is clicked on

2018-12-06 16:26:46 - [MESSAGE][PASSED] - Object: 'Object Repository/Final Object Repo/Login Page/Internal User/Next Button' is clicked on

2018-12-06 16:26:46 - [TEST_STEP][PASSED] - delay: Delayed 1 second(s)

2018-12-06 16:26:47 - [MESSAGE][PASSED] - Delayed 1 second(s)

2018-12-06 16:26:47 - [TEST_STEP][PASSED] - setEncryptedText: Text ****** has been set on object 'Object Repository/Final Object Repo/Login Page/Internal User/Password'

2018-12-06 16:26:47 - [MESSAGE][PASSED] - Text ****** has been set on object 'Object Repository/Final Object Repo/Login Page/Internal User/Password'

2018-12-06 16:26:47 - [TEST_STEP][PASSED] - click: Object: 'Object Repository/Final Object Repo/Login Page/Internal User/Login Button' is clicked on

2018-12-06 16:26:47 - [MESSAGE][PASSED] - Object: 'Object Repository/Final Object Repo/Login Page/Internal User/Login Button' is clicked on

2018-12-06 16:26:47 - [TEST_STEP][PASSED] - Statement - tester = com.kms.katalon.core.testobject.ObjectRepository.findTestObject(Final Object Repo/Landing Page/Select to English): Finding Test Object with id 'Object Repository/Final Object Repo/Landing Page/Select to English'

2018-12-06 16:26:47 - [TEST_STEP][PASSED] - Statement - Try: Delayed 2 second(s)

2018-12-06 16:26:47 - [TEST_STEP][PASSED] - Statement - Checker = com.kms.katalon.core.webui.keyword.WebUiBuiltInKeywords.verifyElementNotPresent(tester, 3): Web element with id: 'Object Repository/Final Object Repo/Landing Page/Select to English' located by 'By.xpath: //a[@class = 'taglib-language-list-text' and @lang = 'en-US' and (contains(text(), 'EN') or contains(., 'EN'))]' is not present after '3' second(s)

2018-12-06 16:26:49 - [MESSAGE][PASSED] - Web element with id: 'Object Repository/Final Object Repo/Landing Page/Select to English' located by 'By.xpath: //a[@class = 'taglib-language-list-text' and @lang = 'en-US' and (contains(text(), 'EN') or contains(., 'EN'))]' is not present after '3' second(s)

2018-12-06 16:26:49 - [TEST_STEP][PASSED] - Statement - If (Checker == false): null

2018-12-06 16:26:49 - [TEST_STEP][PASSED] - delay: Delayed 2 second(s)

2018-12-06 16:26:51 - [MESSAGE][PASSED] - Delayed 2 second(s)

2018-12-06 16:26:51 - [TEST_STEP][PASSED] - delay: Delayed 5 second(s)

2018-12-06 16:26:56 - [MESSAGE][PASSED] - Delayed 5 second(s)

2018-12-06 16:26:56 - [TEST_STEP][PASSED] - navigateToUrl: Navigate to 'https://assist2-uat.perkeso.gov.my/web/registration/update/update-employee-information-employee-' successfully

2018-12-06 16:26:57 - [MESSAGE][PASSED] - Navigate to 'https://assist2-uat.perkeso.gov.my/web/registration/update/update-employee-information-employee-' successfully

2018-12-06 16:26:57 - [TEST_STEP][PASSED] - click: Object: 'Object Repository/Final Object Repo/Page_Update Employee Information By Employee/Type of Identification' is clicked on

2018-12-06 16:26:57 - [MESSAGE][PASSED] - Object: 'Object Repository/Final Object Repo/Page_Update Employee Information By Employee/Type of Identification' is clicked on

2018-12-06 16:26:57 - [TEST_STEP][PASSED] - click: Object: 'Object Repository/Final Object Repo/Page Update Employee Information By Employee/Type of Identification - Name' is clicked on

2018-12-06 16:26:57 - [MESSAGE][PASSED] - Object: 'Object Repository/Final Object Repo/Page Update Employee Information By Employee/Type of Identification - Name' is clicked on

2018-12-06 16:26:57 - [TEST_STEP][PASSED] - setText: Text 'YUKI JR B' is set on object 'Object Repository/Final Object Repo/Page_Update Employee Information By Employee/New Identification'

2018-12-06 16:26:57 - [MESSAGE][PASSED] - Text 'YUKI JR B' is set on object 'Object Repository/Final Object Repo/Page_Update Employee Information By Employee/New Identification'

2018-12-06 16:26:57 - [TEST_STEP][PASSED] - click: Object: 'Object Repository/Final Object Repo/Page_Update Employee Information By Employee/Search Button' is clicked on

2018-12-06 16:26:58 - [MESSAGE][PASSED] - Object: 'Object Repository/Final Object Repo/Page_Update Employee Information By Employee/Search Button' is clicked on

2018-12-06 16:26:58 - [TEST_STEP][PASSED] - click: Object: 'Object Repository/Final Object Repo/Page_Update Employee Information By Employee/Edit Button' is clicked on

2018-12-06 16:27:02 - [MESSAGE][PASSED] - Object: 'Object Repository/Final Object Repo/Page_Update Employee Information By Employee/Edit Button' is clicked on

2018-12-06 16:27:02 - [TEST_STEP][PASSED] - delay: Delayed 2 second(s)

2018-12-06 16:27:04 - [MESSAGE][PASSED] - Delayed 2 second(s)

2018-12-06 16:27:04 - [TEST_STEP][PASSED] - click: Object: 'Object Repository/Final Object Repo/Page_Update Employee Information By Employee/Employee Information Edit Button' is clicked on

2018-12-06 16:27:04 - [MESSAGE][PASSED] - Object: 'Object Repository/Final Object Repo/Page_Update Employee Information By Employee/Employee Information Edit Button' is clicked on

2018-12-06 16:27:04 - [TEST_STEP][PASSED] - delay: Delayed 2 second(s)

2018-12-06 16:27:06 - [MESSAGE][PASSED] - Delayed 2 second(s)

2018-12-06 16:27:06 - [TEST_STEP][PASSED] - click: Object: 'Object Repository/Final Object Repo/Page_Update Employee Information By Employee/New Identification Number' is clicked on

2018-12-06 16:27:06 - [MESSAGE][PASSED] - Object: 'Object Repository/Final Object Repo/Page_Update Employee Information By Employee/New Identification Number' is clicked on

2018-12-06 16:27:06 - [TEST_STEP][PASSED] - setText: Text '' is set on object 'Object Repository/Final Object Repo/Page_Update Employee Information By Employee/New Identification Number'

2018-12-06 16:27:06 - [MESSAGE][PASSED] - Text '' is set on object 'Object Repository/Final Object Repo/Page_Update Employee Information By Employee/New Identification Number'

2018-12-06 16:27:06 - [TEST_STEP][PASSED] - Statement - rnd = new java.util.Random(): null

2018-12-06 16:27:06 - [TEST_STEP][PASSED] - Statement - snum = rnd.nextInt(899999 + 1) + 100000: null

2018-12-06 16:27:06 - [TEST_STEP][PASSED] - Statement - tnum = rnd.nextInt(899999 + 1) + 100000: null

2018-12-06 16:27:06 - [TEST_STEP][PASSED] - Statement - IC = java.lang.Integer.toString(snum) + java.lang.Integer.toString(tnum): null

2018-12-06 16:27:06 - [TEST_STEP][PASSED] - Statement - out.println(IC): null

2018-12-06 16:27:06 - [TEST_STEP][PASSED] - setText: Text '998088130521' is set on object 'Object Repository/Final Object Repo/Page_Update Employee Information By Employee/New Identification Number'

2018-12-06 16:27:07 - [MESSAGE][PASSED] - Text '998088130521' is set on object 'Object Repository/Final Object Repo/Page_Update Employee Information By Employee/New Identification Number'

2018-12-06 16:27:07 - [TEST_STEP][PASSED] - delay: Delayed 5 second(s)

2018-12-06 16:27:12 - [MESSAGE][PASSED] - Delayed 5 second(s)

2018-12-06 16:27:12 - [TEST_STEP][PASSED] - click: Object: 'Object Repository/Final Object Repo/Page_Update Employee Information By Employee/Save' is clicked on

2018-12-06 16:27:12 - [MESSAGE][PASSED] - Object: 'Object Repository/Final Object Repo/Page_Update Employee Information By Employee/Save' is clicked on

2018-12-06 16:27:12 - [TEST_STEP][PASSED] - delay: Delayed 5 second(s)

2018-12-06 16:27:17 - [MESSAGE][PASSED] - Delayed 5 second(s)

2018-12-06 16:27:17 - [TEST_STEP][PASSED] - click: Object: 'Object Repository/Final Object Repo/Page_Update Employee Information By Employee/Save  Continue in Update Employee Information' is clicked on

2018-12-06 16:27:17 - [MESSAGE][PASSED] - Object: 'Object Repository/Final Object Repo/Page_Update Employee Information By Employee/Save  Continue in Update Employee Information' is clicked on

2018-12-06 16:27:17 - [TEST_STEP][PASSED] - delay: Delayed 5 second(s)

2018-12-06 16:27:22 - [MESSAGE][PASSED] - Delayed 5 second(s)

2018-12-06 16:27:22 - [TEST_STEP][PASSED] - click: Object: 'Object Repository/Final Object Repo/Page_Update Employee Information By Employee/Save  Continue in Uploading Page' is clicked on

2018-12-06 16:27:22 - [MESSAGE][PASSED] - Object: 'Object Repository/Final Object Repo/Page_Update Employee Information By Employee/Save  Continue in Uploading Page' is clicked on

2018-12-06 16:27:22 - [TEST_STEP][PASSED] - delay: Delayed 2 second(s)

2018-12-06 16:27:24 - [MESSAGE][PASSED] - Delayed 2 second(s)

2018-12-06 16:27:24 - [TEST_STEP][PASSED] - Statement - CaseReferenceNo = com.kms.katalon.core.webui.keyword.WebUiBuiltInKeywords.getText(com.kms.katalon.core.testobject.ObjectRepository.findTestObject(Final Object Repo/Page_Update Employer Information/Reference Number in Update Employee Information Page)): Text of object 'Object Repository/Final Object Repo/Page_Update Employer Information/Reference Number in Update Employee Information Page' is: 'CUN122018C100005841'

2018-12-06 16:27:26 - [MESSAGE][PASSED] - Text of object 'Object Repository/Final Object Repo/Page_Update Employer Information/Reference Number in Update Employee Information Page' is: 'CUN122018C100005841'

2018-12-06 16:27:26 - [TEST_STEP][PASSED] - callTestCase: Call Test Case 'Test Cases/Final Aug 2018 - PKS Automation/Common/Reference Number Setter' successfully

2018-12-06 16:27:26 - [TEST_CASE][PASSED] - Test Cases/Final Aug 2018 - PKS Automation/Common/Reference Number Setter: Test Cases/Final Aug 2018 - PKS Automation/Common/Reference Number Setter

2018-12-06 16:27:26 - [TEST_STEP][PASSED] - Statement - RefNoOldFile = new java.io.File(C://Users//Admin//Desktop//PKS//Automation Reference Point//KatalonReference.txt): null

2018-12-06 16:27:26 - [TEST_STEP][PASSED] - Statement - RefNoOldFile.delete(): null

2018-12-06 16:27:26 - [TEST_STEP][PASSED] - delay: Delayed 5 second(s)

2018-12-06 16:27:31 - [MESSAGE][PASSED] - Delayed 5 second(s)

2018-12-06 16:27:31 - [TEST_STEP][PASSED] - Statement - RefNo = new java.io.File(C://Users//Admin//Desktop//PKS//Automation Reference Point//KatalonReference.txt): null

2018-12-06 16:27:31 - [TEST_STEP][PASSED] - Statement - f2 = new java.io.FileWriter(RefNo, false): null

2018-12-06 16:27:31 - [TEST_STEP][PASSED] - Statement - f2.write(CaseReferenceNo): null

2018-12-06 16:27:31 - [TEST_STEP][PASSED] - Statement - f2.close(): null

2018-12-06 16:27:31 - [TEST_STEP][PASSED] - Statement - out.println("


" + CaseReferenceNo + "


"): null

2018-12-06 16:27:31 - [MESSAGE][PASSED] - Call Test Case 'Test Cases/Final Aug 2018 - PKS Automation/Common/Reference Number Setter' successfully

2018-12-06 16:27:31 - [TEST_STEP][PASSED] - delay: Delayed 2 second(s)

2018-12-06 16:27:33 - [MESSAGE][PASSED] - Delayed 2 second(s)

2018-12-06 16:27:33 - [TEST_STEP][PASSED] - click: Object: 'Object Repository/Final Object Repo/Page_Update Employee Information By Employee/Submit' is clicked on

2018-12-06 16:27:33 - [MESSAGE][PASSED] - Object: 'Object Repository/Final Object Repo/Page_Update Employee Information By Employee/Submit' is clicked on

2018-12-06 16:27:33 - [TEST_STEP][PASSED] - delay: Delayed 2 second(s)

2018-12-06 16:27:35 - [MESSAGE][PASSED] - Delayed 2 second(s)

2018-12-06 16:27:35 - [TEST_STEP][PASSED] - click: Object: 'Object Repository/Final Object Repo/Page_Update Employee Information By Employee/Confirm Button' is clicked on

2018-12-06 16:27:36 - [MESSAGE][PASSED] - Object: 'Object Repository/Final Object Repo/Page_Update Employee Information By Employee/Confirm Button' is clicked on

2018-12-06 16:27:36 - [TEST_STEP][PASSED] - delay: Delayed 2 second(s)

2018-12-06 16:27:38 - [MESSAGE][PASSED] - Delayed 2 second(s)

2018-12-06 16:27:38 - [TEST_STEP][PASSED] - click: Object: 'Object Repository/Final Object Repo/Page_Update Employee Information By Employee/Successful Message Routed to UO' is clicked on

2018-12-06 16:27:39 - [MESSAGE][PASSED] - Object: 'Object Repository/Final Object Repo/Page_Update Employee Information By Employee/Successful Message Routed to UO' is clicked on

2018-12-06 16:27:39 - [MESSAGE][PASSED] - Call Test Case 'Test Cases/Final Aug 2018 - PKS Automation/Registration Module/Workflow/Update Employee Information (Employee)/Template/Update Employee Information - Special Case (PKRBO)' successfully

2018-12-06 16:27:39 - [TEST_STEP][FAILED] - callTestCase: Unable to call Test Case with id 'Test Cases/Final Aug 2018 - PKS Automation/Registration Module/Workflow/Update Employee Information (Employee)/Template/Update Employee Information - Special Case - UO (Query)' (Root cause: Call Test Case 'Test Cases/Final Aug 2018 - PKS Automation/Registration Module/Workflow/Update Employee Information (Employee)/Template/Update Employee Information - Special Case - UO (Query)' failed)

2018-12-06 16:27:39 - [TEST_CASE][FAILED] - Test Cases/Final Aug 2018 - PKS Automation/Registration Module/Workflow/Update Employee Information (Employee)/Template/Update Employee Information - Special Case - UO (Query): Test Cases/Final Aug 2018 - PKS Automation/Registration Module/Workflow/Update Employee Information (Employee)/Template/Update Employee Information - Special Case - UO (Query) FAILED because (of) (Stack trace: com.kms.katalon.core.exception.StepFailedException: Unable to send keys 'C:\Users\Public\Pictures\Sample Pictures\Koala.jpg' to object 'Object Repository/Final Object Repo/Page_Update Employee Information By Employee/Page_Update Employee Information by Employee (Query -OTC -UO)/Uploading File' (Root cause: com.kms.katalon.core.webui.exception.WebElementNotFoundException: Web element with id: 'Object Repository/Final Object Repo/Page_Update Employee Information By Employee/Page_Update Employee Information by Employee (Query -OTC -UO)/Uploading File' located by 'By.xpath: //input[@type = 'file' and @id = '_searchforemployer_WAR_registrationportlet_uploadFile']' not found)
	at com.kms.katalon.core.keyword.internal.KeywordMain.stepFailed(KeywordMain.groovy:32)
	at com.kms.katalon.core.webui.keyword.internal.WebUIKeywordMain.stepFailed(WebUIKeywordMain.groovy:65)
	at com.kms.katalon.core.webui.keyword.internal.WebUIKeywordMain.runKeyword(WebUIKeywordMain.groovy:27)
	at com.kms.katalon.core.webui.keyword.builtin.SendKeysKeyword.sendKeys(SendKeysKeyword.groovy:60)
	at com.kms.katalon.core.webui.keyword.builtin.SendKeysKeyword.execute(SendKeysKeyword.groovy:38)
	at com.kms.katalon.core.keyword.internal.KeywordExecutor.executeKeywordForPlatform(KeywordExecutor.groovy:53)
	at com.kms.katalon.core.webui.keyword.WebUiBuiltInKeywords.sendKeys(WebUiBuiltInKeywords.groovy:834)
	at com.kms.katalon.core.webui.keyword.WebUiBuiltInKeywords$sendKeys$11.call(Unknown Source)
	at Script1537850574768.run(Script1537850574768.groovy:96)
	at com.kms.katalon.core.main.ScriptEngine.run(ScriptEngine.java:183)
	at com.kms.katalon.core.main.ScriptEngine.runScriptAsRawText(ScriptEngine.java:108)
	at com.kms.katalon.core.main.TestCaseExecutor.runScript(TestCaseExecutor.java:294)
	at com.kms.katalon.core.main.TestCaseExecutor.doExecute(TestCaseExecutor.java:285)
	at com.kms.katalon.core.main.TestCaseExecutor.processExecutionPhase(TestCaseExecutor.java:264)
	at com.kms.katalon.core.main.TestCaseExecutor.accessMainPhase(TestCaseExecutor.java:256)
	at com.kms.katalon.core.main.TestCaseExecutor.execute(TestCaseExecutor.java:200)
	at com.kms.katalon.core.main.TestCaseMain.runTestCase(TestCaseMain.java:99)
	at com.kms.katalon.core.keyword.builtin.CallTestCaseKeyword$_callTestCase_closure1.doCall(CallTestCaseKeyword.groovy:60)
	at com.kms.katalon.core.keyword.builtin.CallTestCaseKeyword$_callTestCase_closure1.call(CallTestCaseKeyword.groovy)
	at com.kms.katalon.core.keyword.internal.KeywordMain.runKeyword(KeywordMain.groovy:54)
	at com.kms.katalon.core.keyword.builtin.CallTestCaseKeyword.callTestCase(CallTestCaseKeyword.groovy:81)
	at com.kms.katalon.core.keyword.builtin.CallTestCaseKeyword.execute(CallTestCaseKeyword.groovy:45)
	at com.kms.katalon.core.keyword.internal.KeywordExecutor.executeKeywordForPlatform(KeywordExecutor.groovy:53)
	at com.kms.katalon.core.keyword.BuiltinKeywords.callTestCase(BuiltinKeywords.groovy:334)
	at sun.reflect.GeneratedMethodAccessor13.invoke(Unknown Source)
	at sun.reflect.DelegatingMethodAccessorImpl.invoke(DelegatingMethodAccessorImpl.java:43)
	at java.lang.reflect.Method.invoke(Method.java:498)
	at org.codehaus.groovy.reflection.CachedMethod.invoke(CachedMethod.java:93)
	at groovy.lang.MetaMethod.doMethodInvoke(MetaMethod.java:325)
	at groovy.lang.MetaClassImpl.invokeStaticMethod(MetaClassImpl.java:1469)
	at org.codehaus.groovy.runtime.callsite.StaticMetaClassSite.call(StaticMetaClassSite.java:53)
	at org.codehaus.groovy.runtime.callsite.CallSiteArray.defaultCall(CallSiteArray.java:48)
	at org.codehaus.groovy.runtime.callsite.AbstractCallSite.call(AbstractCallSite.java:113)
	at org.codehaus.groovy.runtime.callsite.AbstractCallSite.call(AbstractCallSite.java:141)
	at Script1536216950308.run(Script1536216950308.groovy:25)
	at com.kms.katalon.core.main.ScriptEngine.run(ScriptEngine.java:183)
	at com.kms.katalon.core.main.ScriptEngine.runScriptAsRawText(ScriptEngine.java:108)
	at com.kms.katalon.core.main.TestCaseExecutor.runScript(TestCaseExecutor.java:294)
	at com.kms.katalon.core.main.TestCaseExecutor.doExecute(TestCaseExecutor.java:285)
	at com.kms.katalon.core.main.TestCaseExecutor.processExecutionPhase(TestCaseExecutor.java:264)
	at com.kms.katalon.core.main.TestCaseExecutor.accessMainPhase(TestCaseExecutor.java:256)
	at com.kms.katalon.core.main.TestCaseExecutor.execute(TestCaseExecutor.java:200)
	at com.kms.katalon.core.main.TestSuiteExecutor.accessTestCaseMainPhase(TestSuiteExecutor.java:129)
	at com.kms.katalon.core.main.TestSuiteExecutor.accessTestSuiteMainPhase(TestSuiteExecutor.java:112)
	at com.kms.katalon.core.main.TestSuiteExecutor.execute(TestSuiteExecutor.java:81)
	at com.kms.katalon.core.main.TestCaseMain.startTestSuite(TestCaseMain.java:142)
	at com.kms.katalon.core.main.TestCaseMain$startTestSuite$0.call(Unknown Source)
	at org.codehaus.groovy.runtime.callsite.CallSiteArray.defaultCall(CallSiteArray.java:48)
	at org.codehaus.groovy.runtime.callsite.AbstractCallSite.call(AbstractCallSite.java:113)
	at org.codehaus.groovy.runtime.callsite.AbstractCallSite.call(AbstractCallSite.java:141)
	at TempTestSuite1544083360207.run(TempTestSuite1544083360207.groovy:36)
	at groovy.lang.GroovyShell.runScriptOrMainOrTestOrRunnable(GroovyShell.java:263)
	at groovy.lang.GroovyShell.run(GroovyShell.java:518)
	at groovy.lang.GroovyShell.run(GroovyShell.java:507)
	at groovy.ui.GroovyMain.processOnce(GroovyMain.java:653)
	at groovy.ui.GroovyMain.run(GroovyMain.java:384)
	at groovy.ui.GroovyMain.process(GroovyMain.java:370)
	at groovy.ui.GroovyMain.processArgs(GroovyMain.java:129)
	at groovy.ui.GroovyMain.main(GroovyMain.java:109)
	at sun.reflect.NativeMethodAccessorImpl.invoke0(Native Method)
	at sun.reflect.NativeMethodAccessorImpl.invoke(NativeMethodAccessorImpl.java:62)
	at sun.reflect.DelegatingMethodAccessorImpl.invoke(DelegatingMethodAccessorImpl.java:43)
	at java.lang.reflect.Method.invoke(Method.java:498)
	at org.codehaus.groovy.tools.GroovyStarter.rootLoader(GroovyStarter.java:109)
	at org.codehaus.groovy.tools.GroovyStarter.main(GroovyStarter.java:131)
)

2018-12-06 16:27:39 - [TEST_STEP][NOT_RUN] - callTestCase: NOT_RUN: callTestCase

2018-12-06 16:27:39 - [MESSAGE][NOT_RUN] - NOT_RUN: callTestCase

2018-12-06 16:27:39 - [TEST_STEP][PASSED] - delay: Delayed 2 second(s)

2018-12-06 16:27:41 - [MESSAGE][PASSED] - Delayed 2 second(s)

2018-12-06 16:27:41 - [TEST_STEP][PASSED] - navigateToUrl: Navigate to 'https://assist2-uat.perkeso.gov.my/c/portal/logout' successfully

2018-12-06 16:27:42 - [MESSAGE][PASSED] - Navigate to 'https://assist2-uat.perkeso.gov.my/c/portal/logout' successfully

2018-12-06 16:27:42 - [TEST_STEP][PASSED] - delay: Delayed 2 second(s)

2018-12-06 16:27:44 - [MESSAGE][PASSED] - Delayed 2 second(s)

2018-12-06 16:27:44 - [TEST_STEP][PASSED] - callTestCase: Call Test Case 'Test Cases/Final Aug 2018 - PKS Automation/Common/Reference Number Getter' successfully

2018-12-06 16:27:44 - [TEST_CASE][PASSED] - Test Cases/Final Aug 2018 - PKS Automation/Common/Reference Number Getter: Test Cases/Final Aug 2018 - PKS Automation/Common/Reference Number Getter

2018-12-06 16:27:44 - [TEST_STEP][PASSED] - Statement - Try: null

2018-12-06 16:27:44 - [TEST_STEP][PASSED] - Statement - RefNo = new java.io.File(C://Users//Admin//Desktop//PKS//Automation Reference Point//KatalonReference.txt): null

2018-12-06 16:27:44 - [TEST_STEP][PASSED] - Statement - bufferread = new java.io.BufferedReader(new java.io.FileReader(RefNo)): null

2018-12-06 16:27:44 - [TEST_STEP][PASSED] - Statement - readedVal = bufferread.readLine(): null

2018-12-06 16:27:44 - [TEST_STEP][PASSED] - Statement - out.println(CaseReferenceNo): null

2018-12-06 16:27:44 - [TEST_STEP][PASSED] - Statement - out.println(readedVal): null

2018-12-06 16:27:44 - [TEST_STEP][PASSED] - Statement - CaseReferenceNo = "": null

2018-12-06 16:27:44 - [TEST_STEP][PASSED] - Statement - CaseReferenceNo = readedVal: null

2018-12-06 16:27:44 - [MESSAGE][PASSED] - Call Test Case 'Test Cases/Final Aug 2018 - PKS Automation/Common/Reference Number Getter' successfully

2018-12-06 16:27:44 - [TEST_STEP][PASSED] - callTestCase: Call Test Case 'Test Cases/Final Aug 2018 - PKS Automation/Common/Workflow Owner Finder' successfully

2018-12-06 16:27:44 - [TEST_CASE][PASSED] - Test Cases/Final Aug 2018 - PKS Automation/Common/Workflow Owner Finder: Test Cases/Final Aug 2018 - PKS Automation/Common/Workflow Owner Finder

2018-12-06 16:27:44 - [TEST_STEP][PASSED] - openBrowser: Browser is opened with url: ''

2018-12-06 16:27:44 - [MESSAGE][WARNING] - A browser is already opened. Closing browser and opening a new one

2018-12-06 16:27:47 - [MESSAGE][PASSED] - Browser is opened with url: ''

2018-12-06 16:27:47 - [TEST_STEP][PASSED] - navigateToUrl: Navigate to 'https://assist2-uat.perkeso.gov.my/login' successfully

2018-12-06 16:27:48 - [MESSAGE][PASSED] - Navigate to 'https://assist2-uat.perkeso.gov.my/login' successfully

2018-12-06 16:27:48 - [TEST_STEP][PASSED] - delay: Delayed 5 second(s)

2018-12-06 16:27:53 - [MESSAGE][PASSED] - Delayed 5 second(s)

2018-12-06 16:27:53 - [TEST_STEP][PASSED] - setText: Text 'test@liferay.com' is set on object 'Object Repository/Final Object Repo/Login Page/Internal User/Email Address'

2018-12-06 16:27:53 - [MESSAGE][PASSED] - Text 'test@liferay.com' is set on object 'Object Repository/Final Object Repo/Login Page/Internal User/Email Address'

2018-12-06 16:27:53 - [TEST_STEP][PASSED] - click: Object: 'Object Repository/Final Object Repo/Login Page/Internal User/Next Button' is clicked on

2018-12-06 16:27:54 - [MESSAGE][PASSED] - Object: 'Object Repository/Final Object Repo/Login Page/Internal User/Next Button' is clicked on

2018-12-06 16:27:54 - [TEST_STEP][PASSED] - delay: Delayed 2 second(s)

2018-12-06 16:27:56 - [MESSAGE][PASSED] - Delayed 2 second(s)

2018-12-06 16:27:56 - [TEST_STEP][PASSED] - setText: Text 'test' is set on object 'Object Repository/Final Object Repo/Login Page/Internal User/Password'

2018-12-06 16:27:56 - [MESSAGE][PASSED] - Text 'test' is set on object 'Object Repository/Final Object Repo/Login Page/Internal User/Password'

2018-12-06 16:27:56 - [TEST_STEP][PASSED] - delay: Delayed 2 second(s)

2018-12-06 16:27:58 - [MESSAGE][PASSED] - Delayed 2 second(s)

2018-12-06 16:27:58 - [TEST_STEP][PASSED] - click: Object: 'Object Repository/Final Object Repo/Login Page/Internal User/Login Button' is clicked on

2018-12-06 16:27:58 - [MESSAGE][PASSED] - Object: 'Object Repository/Final Object Repo/Login Page/Internal User/Login Button' is clicked on

2018-12-06 16:27:58 - [TEST_STEP][PASSED] - Statement - tester = com.kms.katalon.core.testobject.ObjectRepository.findTestObject(Final Object Repo/Landing Page/Select to English): Finding Test Object with id 'Object Repository/Final Object Repo/Landing Page/Select to English'

2018-12-06 16:27:58 - [TEST_STEP][PASSED] - Statement - Try: Delayed 2 second(s)

2018-12-06 16:27:58 - [TEST_STEP][PASSED] - Statement - Checker = com.kms.katalon.core.webui.keyword.WebUiBuiltInKeywords.verifyElementNotPresent(tester, 3): Web element with id: 'Object Repository/Final Object Repo/Landing Page/Select to English' located by 'By.xpath: //a[@class = 'taglib-language-list-text' and @lang = 'en-US' and (contains(text(), 'EN') or contains(., 'EN'))]' is not present after '3' second(s)

2018-12-06 16:28:00 - [MESSAGE][PASSED] - Web element with id: 'Object Repository/Final Object Repo/Landing Page/Select to English' located by 'By.xpath: //a[@class = 'taglib-language-list-text' and @lang = 'en-US' and (contains(text(), 'EN') or contains(., 'EN'))]' is not present after '3' second(s)

2018-12-06 16:28:00 - [TEST_STEP][PASSED] - Statement - If (Checker == false): null

2018-12-06 16:28:00 - [TEST_STEP][PASSED] - delay: Delayed 2 second(s)

2018-12-06 16:28:02 - [MESSAGE][PASSED] - Delayed 2 second(s)

2018-12-06 16:28:02 - [TEST_STEP][PASSED] - delay: Delayed 5 second(s)

2018-12-06 16:28:07 - [MESSAGE][PASSED] - Delayed 5 second(s)

2018-12-06 16:28:07 - [TEST_STEP][PASSED] - mouseOver: Object: 'Object Repository/Final Object Repo/Landing Page/WorkFlow Menu' is hovered

2018-12-06 16:28:07 - [MESSAGE][PASSED] - Object: 'Object Repository/Final Object Repo/Landing Page/WorkFlow Menu' is hovered

2018-12-06 16:28:07 - [TEST_STEP][PASSED] - delay: Delayed 2 second(s)

2018-12-06 16:28:09 - [MESSAGE][PASSED] - Delayed 2 second(s)

2018-12-06 16:28:09 - [TEST_STEP][PASSED] - click: Object: 'Object Repository/Final Object Repo/Landing Page/Select to Workflow Listing' is clicked on

2018-12-06 16:28:11 - [MESSAGE][PASSED] - Object: 'Object Repository/Final Object Repo/Landing Page/Select to Workflow Listing' is clicked on

2018-12-06 16:28:11 - [TEST_STEP][PASSED] - delay: Delayed 2 second(s)

2018-12-06 16:28:13 - [MESSAGE][PASSED] - Delayed 2 second(s)

2018-12-06 16:28:13 - [TEST_STEP][PASSED] - click: Object: 'Object Repository/Final Object Repo/WorkFlow Listing Page/Search Information - To Put Ref No' is clicked on

2018-12-06 16:28:13 - [MESSAGE][PASSED] - Object: 'Object Repository/Final Object Repo/WorkFlow Listing Page/Search Information - To Put Ref No' is clicked on

2018-12-06 16:28:13 - [TEST_STEP][PASSED] - delay: Delayed 2 second(s)

2018-12-06 16:28:15 - [MESSAGE][PASSED] - Delayed 2 second(s)

2018-12-06 16:28:15 - [TEST_STEP][PASSED] - callTestCase: Call Test Case 'Test Cases/Final Aug 2018 - PKS Automation/Common/Reference Number Getter' successfully

2018-12-06 16:28:15 - [TEST_CASE][PASSED] - Test Cases/Final Aug 2018 - PKS Automation/Common/Reference Number Getter: Test Cases/Final Aug 2018 - PKS Automation/Common/Reference Number Getter

2018-12-06 16:28:15 - [TEST_STEP][PASSED] - Statement - Try: null

2018-12-06 16:28:15 - [TEST_STEP][PASSED] - Statement - RefNo = new java.io.File(C://Users//Admin//Desktop//PKS//Automation Reference Point//KatalonReference.txt): null

2018-12-06 16:28:15 - [TEST_STEP][PASSED] - Statement - bufferread = new java.io.BufferedReader(new java.io.FileReader(RefNo)): null

2018-12-06 16:28:15 - [TEST_STEP][PASSED] - Statement - readedVal = bufferread.readLine(): null

2018-12-06 16:28:15 - [TEST_STEP][PASSED] - Statement - out.println(CaseReferenceNo): null

2018-12-06 16:28:15 - [TEST_STEP][PASSED] - Statement - out.println(readedVal): null

2018-12-06 16:28:15 - [TEST_STEP][PASSED] - Statement - CaseReferenceNo = "": null

2018-12-06 16:28:15 - [TEST_STEP][PASSED] - Statement - CaseReferenceNo = readedVal: null

2018-12-06 16:28:15 - [MESSAGE][PASSED] - Call Test Case 'Test Cases/Final Aug 2018 - PKS Automation/Common/Reference Number Getter' successfully

2018-12-06 16:28:15 - [TEST_STEP][PASSED] - setText: Text 'CUN122018C100005841' is set on object 'Object Repository/Final Object Repo/WorkFlow Listing Page/Ref No Set Text'

2018-12-06 16:28:15 - [MESSAGE][PASSED] - Text 'CUN122018C100005841' is set on object 'Object Repository/Final Object Repo/WorkFlow Listing Page/Ref No Set Text'

2018-12-06 16:28:15 - [TEST_STEP][PASSED] - delay: Delayed 2 second(s)

2018-12-06 16:28:17 - [MESSAGE][PASSED] - Delayed 2 second(s)

2018-12-06 16:28:17 - [TEST_STEP][PASSED] - click: Object: 'Object Repository/Final Object Repo/WorkFlow Listing Page/Search Ref No Search Button' is clicked on

2018-12-06 16:28:18 - [MESSAGE][PASSED] - Object: 'Object Repository/Final Object Repo/WorkFlow Listing Page/Search Ref No Search Button' is clicked on

2018-12-06 16:28:18 - [TEST_STEP][PASSED] - delay: Delayed 6 second(s)

2018-12-06 16:28:24 - [MESSAGE][PASSED] - Delayed 6 second(s)

2018-12-06 16:28:24 - [TEST_STEP][PASSED] - click: Object: 'Object Repository/Final Object Repo/WorkFlow Listing Page/Click Continue Tooltip' is clicked on

2018-12-06 16:28:25 - [MESSAGE][PASSED] - Object: 'Object Repository/Final Object Repo/WorkFlow Listing Page/Click Continue Tooltip' is clicked on

2018-12-06 16:28:25 - [TEST_STEP][PASSED] - delay: Delayed 5 second(s)

2018-12-06 16:28:30 - [MESSAGE][PASSED] - Delayed 5 second(s)

2018-12-06 16:28:30 - [TEST_STEP][PASSED] - doubleClick: Object: 'Object Repository/Final Object Repo/WorkFlow Listing Page/Workflow Found - Listing 1' is double clicked on

2018-12-06 16:28:30 - [MESSAGE][PASSED] - Object: 'Object Repository/Final Object Repo/WorkFlow Listing Page/Workflow Found - Listing 1' is double clicked on

2018-12-06 16:28:30 - [TEST_STEP][PASSED] - Statement - println(OwnerID): null

2018-12-06 16:28:30 - [TEST_STEP][PASSED] - Statement - OwnerID = com.kms.katalon.core.webui.keyword.WebUiBuiltInKeywords.getText(com.kms.katalon.core.testobject.ObjectRepository.findTestObject(Final Object Repo/WorkFlow Listing Page/Workflow Found - Listing 1), STOP_ON_FAILURE): Text of object 'Object Repository/Final Object Repo/WorkFlow Listing Page/Workflow Found - Listing 1' is: 'JOHORuo2'

2018-12-06 16:28:30 - [MESSAGE][PASSED] - Text of object 'Object Repository/Final Object Repo/WorkFlow Listing Page/Workflow Found - Listing 1' is: 'JOHORuo2'

2018-12-06 16:28:30 - [TEST_STEP][PASSED] - Statement - OwnerID = OwnerID.toLowerCase() + "@gmail.com": null

2018-12-06 16:28:30 - [TEST_STEP][PASSED] - Statement - println(OwnerID): null

2018-12-06 16:28:30 - [TEST_STEP][PASSED] - delay: Delayed 2 second(s)

2018-12-06 16:28:32 - [MESSAGE][PASSED] - Delayed 2 second(s)

2018-12-06 16:28:32 - [MESSAGE][PASSED] - Call Test Case 'Test Cases/Final Aug 2018 - PKS Automation/Common/Workflow Owner Finder' successfully

2018-12-06 16:28:32 - [TEST_STEP][PASSED] - delay: Delayed 2 second(s)

2018-12-06 16:28:34 - [MESSAGE][PASSED] - Delayed 2 second(s)

2018-12-06 16:28:34 - [TEST_STEP][PASSED] - navigateToUrl: Navigate to 'https://assist2-uat.perkeso.gov.my/c/portal/logout' successfully

2018-12-06 16:28:35 - [MESSAGE][PASSED] - Navigate to 'https://assist2-uat.perkeso.gov.my/c/portal/logout' successfully

2018-12-06 16:28:35 - [TEST_STEP][PASSED] - delay: Delayed 2 second(s)

2018-12-06 16:28:37 - [MESSAGE][PASSED] - Delayed 2 second(s)

2018-12-06 16:28:37 - [TEST_STEP][PASSED] - callTestCase: Call Test Case 'Test Cases/Final Aug 2018 - PKS Automation/Registration Module/Workflow/Login and Search Case For Workflow' successfully

2018-12-06 16:28:37 - [TEST_CASE][PASSED] - Test Cases/Final Aug 2018 - PKS Automation/Registration Module/Workflow/Login and Search Case For Workflow: Test Cases/Final Aug 2018 - PKS Automation/Registration Module/Workflow/Login and Search Case For Workflow

2018-12-06 16:28:37 - [TEST_STEP][PASSED] - navigateToUrl: Navigate to 'https://assist2-uat.perkeso.gov.my/login' successfully

2018-12-06 16:28:37 - [MESSAGE][PASSED] - Navigate to 'https://assist2-uat.perkeso.gov.my/login' successfully

2018-12-06 16:28:37 - [TEST_STEP][PASSED] - setText: Text 'johoruo2@gmail.com' is set on object 'Object Repository/Final Object Repo/Login Page/Internal User/Email Address'

2018-12-06 16:28:38 - [MESSAGE][PASSED] - Text 'johoruo2@gmail.com' is set on object 'Object Repository/Final Object Repo/Login Page/Internal User/Email Address'

2018-12-06 16:28:38 - [TEST_STEP][PASSED] - click: Object: 'Object Repository/Final Object Repo/Login Page/Internal User/Next Button' is clicked on

2018-12-06 16:28:38 - [MESSAGE][PASSED] - Object: 'Object Repository/Final Object Repo/Login Page/Internal User/Next Button' is clicked on

2018-12-06 16:28:38 - [TEST_STEP][PASSED] - delay: Delayed 1 second(s)

2018-12-06 16:28:39 - [MESSAGE][PASSED] - Delayed 1 second(s)

2018-12-06 16:28:39 - [TEST_STEP][PASSED] - setEncryptedText: Text ****** has been set on object 'Object Repository/Final Object Repo/Login Page/Internal User/Password'

2018-12-06 16:28:39 - [MESSAGE][PASSED] - Text ****** has been set on object 'Object Repository/Final Object Repo/Login Page/Internal User/Password'

2018-12-06 16:28:39 - [TEST_STEP][PASSED] - click: Object: 'Object Repository/Final Object Repo/Login Page/Internal User/Login Button' is clicked on

2018-12-06 16:28:40 - [MESSAGE][PASSED] - Object: 'Object Repository/Final Object Repo/Login Page/Internal User/Login Button' is clicked on

2018-12-06 16:28:40 - [TEST_STEP][PASSED] - delay: Delayed 2 second(s)

2018-12-06 16:28:42 - [MESSAGE][PASSED] - Delayed 2 second(s)

2018-12-06 16:28:42 - [TEST_STEP][PASSED] - Statement - Try: Delayed 2 second(s)

2018-12-06 16:28:42 - [TEST_STEP][PASSED] - Statement - Checker = false: null

2018-12-06 16:28:42 - [TEST_STEP][PASSED] - Statement - Checker = com.kms.katalon.core.webui.keyword.WebUiBuiltInKeywords.verifyElementHasAttribute(com.kms.katalon.core.testobject.ObjectRepository.findTestObject(Final Object Repo/Landing Page/BM Detecting), "href", 20, OPTIONAL): Object 'Object Repository/Final Object Repo/Landing Page/BM Detecting' has attribute 'href'

2018-12-06 16:28:42 - [MESSAGE][PASSED] - Object 'Object Repository/Final Object Repo/Landing Page/BM Detecting' has attribute 'href'

2018-12-06 16:28:42 - [TEST_STEP][PASSED] - Statement - out.println(Checker): null

2018-12-06 16:28:42 - [TEST_STEP][PASSED] - Statement - If (Checker == false): null

2018-12-06 16:28:42 - [TEST_STEP][PASSED] - Statement - Else: null

2018-12-06 16:28:42 - [TEST_STEP][PASSED] - delay: Delayed 2 second(s)

2018-12-06 16:28:44 - [MESSAGE][PASSED] - Delayed 2 second(s)

2018-12-06 16:28:44 - [TEST_STEP][PASSED] - click: Object: 'Object Repository/Final Object Repo/Page_MyASSIST - ASSIST - Search Pending Case For Add Supporting Document/Search Information' is clicked on

2018-12-06 16:28:44 - [MESSAGE][PASSED] - Object: 'Object Repository/Final Object Repo/Page_MyASSIST - ASSIST - Search Pending Case For Add Supporting Document/Search Information' is clicked on

2018-12-06 16:28:44 - [TEST_STEP][PASSED] - delay: Delayed 3 second(s)

2018-12-06 16:28:47 - [MESSAGE][PASSED] - Delayed 3 second(s)

2018-12-06 16:28:47 - [TEST_STEP][PASSED] - sendKeys: Keys 'CUN122018C100005841' sent to object: 'Object Repository/Final Object Repo/Page_MyASSIST - ASSIST - Search Pending Case For Add Supporting Document/Reference No'

2018-12-06 16:28:47 - [MESSAGE][PASSED] - Keys 'CUN122018C100005841' sent to object: 'Object Repository/Final Object Repo/Page_MyASSIST - ASSIST - Search Pending Case For Add Supporting Document/Reference No'

2018-12-06 16:28:47 - [TEST_STEP][PASSED] - click: Object: 'Object Repository/Final Object Repo/Page_MyASSIST - ASSIST - Search Pending Case For Add Supporting Document/Search Reference No' is clicked on

2018-12-06 16:28:47 - [MESSAGE][PASSED] - Object: 'Object Repository/Final Object Repo/Page_MyASSIST - ASSIST - Search Pending Case For Add Supporting Document/Search Reference No' is clicked on

2018-12-06 16:28:47 - [TEST_STEP][PASSED] - delay: Delayed 2 second(s)

2018-12-06 16:28:49 - [MESSAGE][PASSED] - Delayed 2 second(s)

2018-12-06 16:28:49 - [TEST_STEP][PASSED] - click: Object: 'Object Repository/Final Object Repo/Page_MyASSIST - ASSIST - Search Pending Case For Add Supporting Document/Continue' is clicked on

2018-12-06 16:28:53 - [MESSAGE][PASSED] - Object: 'Object Repository/Final Object Repo/Page_MyASSIST - ASSIST - Search Pending Case For Add Supporting Document/Continue' is clicked on

2018-12-06 16:28:53 - [TEST_STEP][PASSED] - delay: Delayed 20 second(s)

2018-12-06 16:29:13 - [MESSAGE][PASSED] - Delayed 20 second(s)

2018-12-06 16:29:13 - [MESSAGE][PASSED] - Call Test Case 'Test Cases/Final Aug 2018 - PKS Automation/Registration Module/Workflow/Login and Search Case For Workflow' successfully

2018-12-06 16:29:13 - [TEST_STEP][PASSED] - click: Object: 'Object Repository/Final Object Repo/Page_Update Employee Information By Employee/Page_Update Employee Information By Employee (Approve)/Continue' is clicked on

2018-12-06 16:29:17 - [MESSAGE][PASSED] - Object: 'Object Repository/Final Object Repo/Page_Update Employee Information By Employee/Page_Update Employee Information By Employee (Approve)/Continue' is clicked on

2018-12-06 16:29:17 - [TEST_STEP][PASSED] - delay: Delayed 2 second(s)

2018-12-06 16:29:19 - [MESSAGE][PASSED] - Delayed 2 second(s)

2018-12-06 16:29:19 - [TEST_STEP][PASSED] - click: Object: 'Object Repository/Final Object Repo/Page_Update Employee Information By Employer/Page_Update Employee Information by Employer (Approve)/Save  Continue in Update Employee Information Page' is clicked on

2018-12-06 16:29:19 - [MESSAGE][PASSED] - Object: 'Object Repository/Final Object Repo/Page_Update Employee Information By Employer/Page_Update Employee Information by Employer (Approve)/Save  Continue in Update Employee Information Page' is clicked on

2018-12-06 16:29:19 - [TEST_STEP][PASSED] - delay: Delayed 2 second(s)

2018-12-06 16:29:21 - [MESSAGE][PASSED] - Delayed 2 second(s)

2018-12-06 16:29:21 - [TEST_STEP][PASSED] - setText: Text 'remark' is set on object 'Object Repository/Final Object Repo/Page_Update Employee Information By Employee/Page_Update Employee Information By Employee (Query)/Query - remark'

2018-12-06 16:29:22 - [MESSAGE][PASSED] - Text 'remark' is set on object 'Object Repository/Final Object Repo/Page_Update Employee Information By Employee/Page_Update Employee Information By Employee (Query)/Query - remark'

2018-12-06 16:29:22 - [TEST_STEP][PASSED] - click: Object: 'Object Repository/Final Object Repo/Page_Update Employee Information By Employer/Page_Update Employee Information by Employer (Approve)/Save  Continue in Upload Supporting Doucument Page' is clicked on

2018-12-06 16:29:23 - [MESSAGE][PASSED] - Object: 'Object Repository/Final Object Repo/Page_Update Employee Information By Employer/Page_Update Employee Information by Employer (Approve)/Save  Continue in Upload Supporting Doucument Page' is clicked on

2018-12-06 16:29:23 - [TEST_STEP][PASSED] - delay: Delayed 2 second(s)

2018-12-06 16:29:25 - [MESSAGE][PASSED] - Delayed 2 second(s)

2018-12-06 16:29:25 - [TEST_STEP][PASSED] - click: Object: 'Object Repository/Final Object Repo/Page_Update Employee Information By Employee/Page_Update Employee Information By Employee (Query)/Query' is clicked on

2018-12-06 16:29:27 - [MESSAGE][PASSED] - Object: 'Object Repository/Final Object Repo/Page_Update Employee Information By Employee/Page_Update Employee Information By Employee (Query)/Query' is clicked on

2018-12-06 16:29:27 - [TEST_STEP][PASSED] - delay: Delayed 2 second(s)

2018-12-06 16:29:29 - [MESSAGE][PASSED] - Delayed 2 second(s)

2018-12-06 16:29:29 - [TEST_STEP][PASSED] - click: Object: 'Object Repository/Final Object Repo/Page_Update Employee Information By Employee/Page_Update Employee Information By Employee (Query)/Confirm' is clicked on

2018-12-06 16:29:29 - [MESSAGE][PASSED] - Object: 'Object Repository/Final Object Repo/Page_Update Employee Information By Employee/Page_Update Employee Information By Employee (Query)/Confirm' is clicked on

2018-12-06 16:29:29 - [TEST_STEP][PASSED] - delay: Delayed 2 second(s)

2018-12-06 16:29:31 - [MESSAGE][PASSED] - Delayed 2 second(s)

2018-12-06 16:29:31 - [TEST_STEP][PASSED] - click: Object: 'Object Repository/Final Object Repo/Page_Update Employee Information By Employee/Page_Update Employee Information By Employee (Query)/Message The Case Is Under Query' is clicked on

2018-12-06 16:29:35 - [MESSAGE][PASSED] - Object: 'Object Repository/Final Object Repo/Page_Update Employee Information By Employee/Page_Update Employee Information By Employee (Query)/Message The Case Is Under Query' is clicked on

2018-12-06 16:29:35 - [TEST_STEP][PASSED] - click: Object: 'Object Repository/Final Object Repo/Page_Update Employee Information By Employee/Page_Update Employee Information By Employee (Query)/Letter of inquiry' is clicked on

2018-12-06 16:29:35 - [MESSAGE][PASSED] - Object: 'Object Repository/Final Object Repo/Page_Update Employee Information By Employee/Page_Update Employee Information By Employee (Query)/Letter of inquiry' is clicked on

2018-12-06 16:29:35 - [TEST_STEP][PASSED] - delay: Delayed 1 second(s)

2018-12-06 16:29:36 - [MESSAGE][PASSED] - Delayed 1 second(s)

2018-12-06 16:29:36 - [TEST_STEP][PASSED] - navigateToUrl: Navigate to 'https://assist2-uat.perkeso.gov.my/c/portal/logout' successfully

2018-12-06 16:29:37 - [MESSAGE][PASSED] - Navigate to 'https://assist2-uat.perkeso.gov.my/c/portal/logout' successfully

2018-12-06 16:29:37 - [TEST_STEP][PASSED] - delay: Delayed 1 second(s)

2018-12-06 16:29:38 - [MESSAGE][PASSED] - Delayed 1 second(s)

2018-12-06 16:29:38 - [TEST_STEP][PASSED] - callTestCase: Call Test Case 'Test Cases/Final Aug 2018 - PKS Automation/Registration Module/Workflow/Search Pending Case For Add Supporting Document (OTC)' successfully

2018-12-06 16:29:38 - [TEST_CASE][PASSED] - Test Cases/Final Aug 2018 - PKS Automation/Registration Module/Workflow/Search Pending Case For Add Supporting Document (OTC): Test Cases/Final Aug 2018 - PKS Automation/Registration Module/Workflow/Search Pending Case For Add Supporting Document (OTC)

2018-12-06 16:29:38 - [TEST_STEP][PASSED] - openBrowser: Browser is opened with url: ''

2018-12-06 16:29:38 - [MESSAGE][WARNING] - A browser is already opened. Closing browser and opening a new one

2018-12-06 16:29:41 - [MESSAGE][PASSED] - Browser is opened with url: ''

2018-12-06 16:29:41 - [TEST_STEP][PASSED] - navigateToUrl: Navigate to 'https://assist2-uat.perkeso.gov.my/login' successfully

2018-12-06 16:29:42 - [MESSAGE][PASSED] - Navigate to 'https://assist2-uat.perkeso.gov.my/login' successfully

2018-12-06 16:29:42 - [TEST_STEP][PASSED] - setText: Text 'johorotc1@gmail.com' is set on object 'Object Repository/Final Object Repo/Login Page/Internal User/Email Address'

2018-12-06 16:29:43 - [MESSAGE][PASSED] - Text 'johorotc1@gmail.com' is set on object 'Object Repository/Final Object Repo/Login Page/Internal User/Email Address'

2018-12-06 16:29:43 - [TEST_STEP][PASSED] - click: Object: 'Object Repository/Final Object Repo/Login Page/Internal User/Next Button' is clicked on

2018-12-06 16:29:43 - [MESSAGE][PASSED] - Object: 'Object Repository/Final Object Repo/Login Page/Internal User/Next Button' is clicked on

2018-12-06 16:29:43 - [TEST_STEP][PASSED] - delay: Delayed 1 second(s)

2018-12-06 16:29:44 - [MESSAGE][PASSED] - Delayed 1 second(s)

2018-12-06 16:29:44 - [TEST_STEP][PASSED] - setEncryptedText: Text ****** has been set on object 'Object Repository/Final Object Repo/Login Page/Internal User/Password'

2018-12-06 16:29:44 - [MESSAGE][PASSED] - Text ****** has been set on object 'Object Repository/Final Object Repo/Login Page/Internal User/Password'

2018-12-06 16:29:44 - [TEST_STEP][PASSED] - click: Object: 'Object Repository/Final Object Repo/Login Page/Internal User/Login Button' is clicked on

2018-12-06 16:29:44 - [MESSAGE][PASSED] - Object: 'Object Repository/Final Object Repo/Login Page/Internal User/Login Button' is clicked on

2018-12-06 16:29:44 - [TEST_STEP][PASSED] - delay: Delayed 1 second(s)

2018-12-06 16:29:45 - [MESSAGE][PASSED] - Delayed 1 second(s)

2018-12-06 16:29:45 - [TEST_STEP][PASSED] - Statement - Try: Delayed 2 second(s)

2018-12-06 16:29:45 - [TEST_STEP][PASSED] - Statement - Checker = false: null

2018-12-06 16:29:45 - [TEST_STEP][PASSED] - Statement - Checker = com.kms.katalon.core.webui.keyword.WebUiBuiltInKeywords.verifyElementHasAttribute(com.kms.katalon.core.testobject.ObjectRepository.findTestObject(Final Object Repo/Landing Page/BM Detecting), "href", 20, OPTIONAL): Object 'Object Repository/Final Object Repo/Landing Page/BM Detecting' has attribute 'href'

2018-12-06 16:29:46 - [MESSAGE][PASSED] - Object 'Object Repository/Final Object Repo/Landing Page/BM Detecting' has attribute 'href'

2018-12-06 16:29:46 - [TEST_STEP][PASSED] - Statement - out.println(Checker): null

2018-12-06 16:29:46 - [TEST_STEP][PASSED] - Statement - If (Checker == false): null

2018-12-06 16:29:46 - [TEST_STEP][PASSED] - Statement - Else: null

2018-12-06 16:29:46 - [TEST_STEP][PASSED] - delay: Delayed 2 second(s)

2018-12-06 16:29:48 - [MESSAGE][PASSED] - Delayed 2 second(s)

2018-12-06 16:29:48 - [TEST_STEP][PASSED] - navigateToUrl: Navigate to 'https://assist2-uat.perkeso.gov.my/web/registration/search/search-pending-case-for-add-supporting-document' successfully

2018-12-06 16:29:49 - [MESSAGE][PASSED] - Navigate to 'https://assist2-uat.perkeso.gov.my/web/registration/search/search-pending-case-for-add-supporting-document' successfully

2018-12-06 16:29:49 - [TEST_STEP][PASSED] - click: Object: 'Object Repository/Final Object Repo/Page_Search Pending Case For Add Suporting Document/Search By' is clicked on

2018-12-06 16:29:49 - [MESSAGE][PASSED] - Object: 'Object Repository/Final Object Repo/Page_Search Pending Case For Add Suporting Document/Search By' is clicked on

2018-12-06 16:29:49 - [TEST_STEP][PASSED] - click: Object: 'Object Repository/Final Object Repo/Page_Search Pending Case For Add Suporting Document/Search By - Reference ID' is clicked on

2018-12-06 16:29:50 - [MESSAGE][PASSED] - Object: 'Object Repository/Final Object Repo/Page_Search Pending Case For Add Suporting Document/Search By - Reference ID' is clicked on

2018-12-06 16:29:50 - [TEST_STEP][PASSED] - delay: Delayed 2 second(s)

2018-12-06 16:29:52 - [MESSAGE][PASSED] - Delayed 2 second(s)

2018-12-06 16:29:52 - [TEST_STEP][PASSED] - setText: Text 'CUN122018C100005841' is set on object 'Object Repository/Final Object Repo/Page_Search Pending Case For Add Suporting Document/Reference ID'

2018-12-06 16:29:52 - [MESSAGE][PASSED] - Text 'CUN122018C100005841' is set on object 'Object Repository/Final Object Repo/Page_Search Pending Case For Add Suporting Document/Reference ID'

2018-12-06 16:29:52 - [TEST_STEP][PASSED] - click: Object: 'Object Repository/Final Object Repo/Page_Search Pending Case For Add Suporting Document/Search' is clicked on

2018-12-06 16:29:52 - [MESSAGE][PASSED] - Object: 'Object Repository/Final Object Repo/Page_Search Pending Case For Add Suporting Document/Search' is clicked on

2018-12-06 16:29:52 - [TEST_STEP][PASSED] - delay: Delayed 2 second(s)

2018-12-06 16:29:54 - [MESSAGE][PASSED] - Delayed 2 second(s)

2018-12-06 16:29:54 - [TEST_STEP][PASSED] - click: Object: 'Object Repository/Final Object Repo/Page_Search Pending Case For Add Suporting Document/Edit' is clicked on

2018-12-06 16:29:58 - [MESSAGE][PASSED] - Object: 'Object Repository/Final Object Repo/Page_Search Pending Case For Add Suporting Document/Edit' is clicked on

2018-12-06 16:29:58 - [MESSAGE][PASSED] - Call Test Case 'Test Cases/Final Aug 2018 - PKS Automation/Registration Module/Workflow/Search Pending Case For Add Supporting Document (OTC)' successfully

2018-12-06 16:29:58 - [TEST_STEP][PASSED] - click: Object: 'Object Repository/Final Object Repo/Page_Update Employee Information By Employee/Page_Update Employee Information by Employee (Query -OTC -UO)/Next' is clicked on

2018-12-06 16:30:01 - [MESSAGE][PASSED] - Object: 'Object Repository/Final Object Repo/Page_Update Employee Information By Employee/Page_Update Employee Information by Employee (Query -OTC -UO)/Next' is clicked on

2018-12-06 16:30:01 - [TEST_STEP][PASSED] - delay: Delayed 2 second(s)

2018-12-06 16:30:03 - [MESSAGE][PASSED] - Delayed 2 second(s)

2018-12-06 16:30:03 - [TEST_STEP][PASSED] - click: Object: 'Object Repository/Final Object Repo/Page_Update Employee Information By Employee/Page_Update Employee Information by Employee (Query -OTC -UO)/Add Document' is clicked on

2018-12-06 16:30:03 - [MESSAGE][PASSED] - Object: 'Object Repository/Final Object Repo/Page_Update Employee Information By Employee/Page_Update Employee Information by Employee (Query -OTC -UO)/Add Document' is clicked on

2018-12-06 16:30:03 - [TEST_STEP][PASSED] - delay: Delayed 2 second(s)

2018-12-06 16:30:05 - [MESSAGE][PASSED] - Delayed 2 second(s)

2018-12-06 16:30:05 - [TEST_STEP][PASSED] - click: Object: 'Object Repository/Final Object Repo/Page_Update Employee Information By Employee/Page_Update Employee Information by Employee (Query -OTC -UO)/Document Type' is clicked on

2018-12-06 16:30:06 - [MESSAGE][PASSED] - Object: 'Object Repository/Final Object Repo/Page_Update Employee Information By Employee/Page_Update Employee Information by Employee (Query -OTC -UO)/Document Type' is clicked on

2018-12-06 16:30:06 - [TEST_STEP][PASSED] - delay: Delayed 2 second(s)

2018-12-06 16:30:08 - [MESSAGE][PASSED] - Delayed 2 second(s)

2018-12-06 16:30:08 - [TEST_STEP][PASSED] - click: Object: 'Object Repository/Final Object Repo/Page_Update Employee Information By Employee/Page_Update Employee Information by Employee (Query -OTC -UO)/Document Type - Other' is clicked on

2018-12-06 16:30:08 - [MESSAGE][PASSED] - Object: 'Object Repository/Final Object Repo/Page_Update Employee Information By Employee/Page_Update Employee Information by Employee (Query -OTC -UO)/Document Type - Other' is clicked on

2018-12-06 16:30:08 - [TEST_STEP][PASSED] - delay: Delayed 2 second(s)

2018-12-06 16:30:10 - [MESSAGE][PASSED] - Delayed 2 second(s)

2018-12-06 16:30:10 - [TEST_STEP][FAILED] - sendKeys: Unable to send keys 'C:\Users\Public\Pictures\Sample Pictures\Koala.jpg' to object 'Object Repository/Final Object Repo/Page_Update Employee Information By Employee/Page_Update Employee Information by Employee (Query -OTC -UO)/Uploading File' (Root cause: com.kms.katalon.core.webui.exception.WebElementNotFoundException: Web element with id: 'Object Repository/Final Object Repo/Page_Update Employee Information By Employee/Page_Update Employee Information by Employee (Query -OTC -UO)/Uploading File' located by 'By.xpath: //input[@type = 'file' and @id = '_searchforemployer_WAR_registrationportlet_uploadFile']' not found)

2018-12-06 16:30:43 - [MESSAGE][FAILED] - Unable to send keys 'C:\Users\Public\Pictures\Sample Pictures\Koala.jpg' to object 'Object Repository/Final Object Repo/Page_Update Employee Information By Employee/Page_Update Employee Information by Employee (Query -OTC -UO)/Uploading File' (Root cause: com.kms.katalon.core.webui.exception.WebElementNotFoundException: Web element with id: 'Object Repository/Final Object Repo/Page_Update Employee Information By Employee/Page_Update Employee Information by Employee (Query -OTC -UO)/Uploading File' located by 'By.xpath: //input[@type = 'file' and @id = '_searchforemployer_WAR_registrationportlet_uploadFile']' not found)
[[ATTACHMENT|C:\\Users\\Admin\\Desktop\\PKS\\Perkeso Phase A\\Reports\\Workflow\\Update Employee Information (Employee)\\20181206_160240\\1544085043157.png]]

2018-12-06 16:30:43 - [TEST_STEP][PASSED] - delay: Delayed 2 second(s)

2018-12-06 16:30:45 - [MESSAGE][PASSED] - Delayed 2 second(s)

2018-12-06 16:30:45 - [TEST_STEP][PASSED] - click: Object: 'Object Repository/Final Object Repo/Page_Update Employee Information By Employee/Page_Update Employee Information by Employee (Query -OTC -UO)/Add Document in Uploading Page' is clicked on

2018-12-06 16:30:45 - [MESSAGE][PASSED] - Object: 'Object Repository/Final Object Repo/Page_Update Employee Information By Employee/Page_Update Employee Information by Employee (Query -OTC -UO)/Add Document in Uploading Page' is clicked on

2018-12-06 16:30:45 - [TEST_STEP][PASSED] - delay: Delayed 2 second(s)

2018-12-06 16:30:47 - [MESSAGE][PASSED] - Delayed 2 second(s)

2018-12-06 16:30:47 - [TEST_STEP][FAILED] - click: Unable to click on object 'Object Repository/Final Object Repo/Page_Update Employee Information By Employee/Page_Update Employee Information by Employee (Query -OTC -UO)/Exit' (Root cause: org.openqa.selenium.ElementNotVisibleException: element not interactable
  (Session info: chrome=70.0.3538.110)
  (Driver info: chromedriver=2.43.600210 (68dcf5eebde37173d4027fa8635e332711d2874a),platform=Windows NT 6.1.7601 SP1 x86_64) (WARNING: The server did not provide any stacktrace information)
Command duration or timeout: 0 milliseconds
Build info: version: '3.7.1', revision: '8a0099a', time: '2017-11-06T21:07:36.161Z'
System info: host: 'WIN7TEST02', ip: '10.20.3.72', os.name: 'Windows 7', os.arch: 'amd64', os.version: '6.1', java.version: '1.8.0_181'
Driver info: com.kms.katalon.selenium.driver.CChromeDriver
Capabilities {acceptInsecureCerts: false, acceptSslCerts: false, applicationCacheEnabled: false, browserConnectionEnabled: false, browserName: chrome, chrome: {chromedriverVersion: 2.43.600210 (68dcf5eebde371..., userDataDir: C:\Users\Admin\AppData\Loca...}, cssSelectorsEnabled: true, databaseEnabled: false, goog:chromeOptions: {debuggerAddress: localhost:55322}, handlesAlerts: true, hasTouchScreen: false, javascriptEnabled: true, locationContextEnabled: true, mobileEmulationEnabled: false, nativeEvents: true, networkConnectionEnabled: false, pageLoadStrategy: normal, platform: XP, platformName: XP, rotatable: false, setWindowRect: true, takesHeapSnapshot: true, takesScreenshot: true, unexpectedAlertBehaviour: , unhandledPromptBehavior: , version: 70.0.3538.110, webStorageEnabled: true}
Session ID: 181af97f7d7535e0d363d9365365c7ff)

2018-12-06 16:30:48 - [MESSAGE][FAILED] - Unable to click on object 'Object Repository/Final Object Repo/Page_Update Employee Information By Employee/Page_Update Employee Information by Employee (Query -OTC -UO)/Exit' (Root cause: org.openqa.selenium.ElementNotVisibleException: element not interactable
  (Session info: chrome=70.0.3538.110)
  (Driver info: chromedriver=2.43.600210 (68dcf5eebde37173d4027fa8635e332711d2874a),platform=Windows NT 6.1.7601 SP1 x86_64) (WARNING: The server did not provide any stacktrace information)
Command duration or timeout: 0 milliseconds
Build info: version: '3.7.1', revision: '8a0099a', time: '2017-11-06T21:07:36.161Z'
System info: host: 'WIN7TEST02', ip: '10.20.3.72', os.name: 'Windows 7', os.arch: 'amd64', os.version: '6.1', java.version: '1.8.0_181'
Driver info: com.kms.katalon.selenium.driver.CChromeDriver
Capabilities {acceptInsecureCerts: false, acceptSslCerts: false, applicationCacheEnabled: false, browserConnectionEnabled: false, browserName: chrome, chrome: {chromedriverVersion: 2.43.600210 (68dcf5eebde371..., userDataDir: C:\Users\Admin\AppData\Loca...}, cssSelectorsEnabled: true, databaseEnabled: false, goog:chromeOptions: {debuggerAddress: localhost:55322}, handlesAlerts: true, hasTouchScreen: false, javascriptEnabled: true, locationContextEnabled: true, mobileEmulationEnabled: false, nativeEvents: true, networkConnectionEnabled: false, pageLoadStrategy: normal, platform: XP, platformName: XP, rotatable: false, setWindowRect: true, takesHeapSnapshot: true, takesScreenshot: true, unexpectedAlertBehaviour: , unhandledPromptBehavior: , version: 70.0.3538.110, webStorageEnabled: true}
Session ID: 181af97f7d7535e0d363d9365365c7ff)
[[ATTACHMENT|C:\\Users\\Admin\\Desktop\\PKS\\Perkeso Phase A\\Reports\\Workflow\\Update Employee Information (Employee)\\20181206_160240\\1544085047859.png]]

2018-12-06 16:30:48 - [TEST_STEP][PASSED] - delay: Delayed 1 second(s)

2018-12-06 16:30:49 - [MESSAGE][PASSED] - Delayed 1 second(s)

2018-12-06 16:30:49 - [TEST_STEP][PASSED] - navigateToUrl: Navigate to 'https://assist2-uat.perkeso.gov.my/c/portal/logout' successfully

2018-12-06 16:30:50 - [MESSAGE][PASSED] - Navigate to 'https://assist2-uat.perkeso.gov.my/c/portal/logout' successfully

2018-12-06 16:30:50 - [TEST_STEP][PASSED] - delay: Delayed 1 second(s)

2018-12-06 16:30:51 - [MESSAGE][PASSED] - Delayed 1 second(s)

2018-12-06 16:30:51 - [TEST_STEP][PASSED] - callTestCase: null

2018-12-06 16:30:51 - [MESSAGE][FAILED] - Unable to call Test Case with id 'Test Cases/Final Aug 2018 - PKS Automation/Registration Module/Workflow/Update Employee Information (Employee)/Template/Update Employee Information - Special Case - UO (Query)' (Root cause: Call Test Case 'Test Cases/Final Aug 2018 - PKS Automation/Registration Module/Workflow/Update Employee Information (Employee)/Template/Update Employee Information - Special Case - UO (Query)' failed)]]></system-out>
         <system-err><![CDATA[2018-12-06 16:26:39 - [TEST_CASE][FAILED] - Test Cases/Final Aug 2018 - PKS Automation/Registration Module/Workflow/Update Employee Information (Employee)/PKRBO to UO (Query): Test Cases/Final Aug 2018 - PKS Automation/Registration Module/Workflow/Update Employee Information (Employee)/PKRBO to UO (Query) FAILED because (of) (Stack trace: com.kms.katalon.core.exception.StepFailedException: Unable to send keys 'C:\Users\Public\Pictures\Sample Pictures\Koala.jpg' to object 'Object Repository/Final Object Repo/Page_Update Employee Information By Employee/Page_Update Employee Information by Employee (Query -OTC -UO)/Uploading File' (Root cause: com.kms.katalon.core.webui.exception.WebElementNotFoundException: Web element with id: 'Object Repository/Final Object Repo/Page_Update Employee Information By Employee/Page_Update Employee Information by Employee (Query -OTC -UO)/Uploading File' located by 'By.xpath: //input[@type = 'file' and @id = '_searchforemployer_WAR_registrationportlet_uploadFile']' not found)
	at com.kms.katalon.core.keyword.internal.KeywordMain.stepFailed(KeywordMain.groovy:32)
	at com.kms.katalon.core.webui.keyword.internal.WebUIKeywordMain.stepFailed(WebUIKeywordMain.groovy:65)
	at com.kms.katalon.core.webui.keyword.internal.WebUIKeywordMain.runKeyword(WebUIKeywordMain.groovy:27)
	at com.kms.katalon.core.webui.keyword.builtin.SendKeysKeyword.sendKeys(SendKeysKeyword.groovy:60)
	at com.kms.katalon.core.webui.keyword.builtin.SendKeysKeyword.execute(SendKeysKeyword.groovy:38)
	at com.kms.katalon.core.keyword.internal.KeywordExecutor.executeKeywordForPlatform(KeywordExecutor.groovy:53)
	at com.kms.katalon.core.webui.keyword.WebUiBuiltInKeywords.sendKeys(WebUiBuiltInKeywords.groovy:834)
	at com.kms.katalon.core.webui.keyword.WebUiBuiltInKeywords$sendKeys$11.call(Unknown Source)
	at Script1537850574768.run(Script1537850574768.groovy:96)
	at com.kms.katalon.core.main.ScriptEngine.run(ScriptEngine.java:183)
	at com.kms.katalon.core.main.ScriptEngine.runScriptAsRawText(ScriptEngine.java:108)
	at com.kms.katalon.core.main.TestCaseExecutor.runScript(TestCaseExecutor.java:294)
	at com.kms.katalon.core.main.TestCaseExecutor.doExecute(TestCaseExecutor.java:285)
	at com.kms.katalon.core.main.TestCaseExecutor.processExecutionPhase(TestCaseExecutor.java:264)
	at com.kms.katalon.core.main.TestCaseExecutor.accessMainPhase(TestCaseExecutor.java:256)
	at com.kms.katalon.core.main.TestCaseExecutor.execute(TestCaseExecutor.java:200)
	at com.kms.katalon.core.main.TestCaseMain.runTestCase(TestCaseMain.java:99)
	at com.kms.katalon.core.keyword.builtin.CallTestCaseKeyword$_callTestCase_closure1.doCall(CallTestCaseKeyword.groovy:60)
	at com.kms.katalon.core.keyword.builtin.CallTestCaseKeyword$_callTestCase_closure1.call(CallTestCaseKeyword.groovy)
	at com.kms.katalon.core.keyword.internal.KeywordMain.runKeyword(KeywordMain.groovy:54)
	at com.kms.katalon.core.keyword.builtin.CallTestCaseKeyword.callTestCase(CallTestCaseKeyword.groovy:81)
	at com.kms.katalon.core.keyword.builtin.CallTestCaseKeyword.execute(CallTestCaseKeyword.groovy:45)
	at com.kms.katalon.core.keyword.internal.KeywordExecutor.executeKeywordForPlatform(KeywordExecutor.groovy:53)
	at com.kms.katalon.core.keyword.BuiltinKeywords.callTestCase(BuiltinKeywords.groovy:334)
	at sun.reflect.GeneratedMethodAccessor13.invoke(Unknown Source)
	at sun.reflect.DelegatingMethodAccessorImpl.invoke(DelegatingMethodAccessorImpl.java:43)
	at java.lang.reflect.Method.invoke(Method.java:498)
	at org.codehaus.groovy.reflection.CachedMethod.invoke(CachedMethod.java:93)
	at groovy.lang.MetaMethod.doMethodInvoke(MetaMethod.java:325)
	at groovy.lang.MetaClassImpl.invokeStaticMethod(MetaClassImpl.java:1469)
	at org.codehaus.groovy.runtime.callsite.StaticMetaClassSite.call(StaticMetaClassSite.java:53)
	at org.codehaus.groovy.runtime.callsite.CallSiteArray.defaultCall(CallSiteArray.java:48)
	at org.codehaus.groovy.runtime.callsite.AbstractCallSite.call(AbstractCallSite.java:113)
	at org.codehaus.groovy.runtime.callsite.AbstractCallSite.call(AbstractCallSite.java:141)
	at Script1536216950308.run(Script1536216950308.groovy:25)
	at com.kms.katalon.core.main.ScriptEngine.run(ScriptEngine.java:183)
	at com.kms.katalon.core.main.ScriptEngine.runScriptAsRawText(ScriptEngine.java:108)
	at com.kms.katalon.core.main.TestCaseExecutor.runScript(TestCaseExecutor.java:294)
	at com.kms.katalon.core.main.TestCaseExecutor.doExecute(TestCaseExecutor.java:285)
	at com.kms.katalon.core.main.TestCaseExecutor.processExecutionPhase(TestCaseExecutor.java:264)
	at com.kms.katalon.core.main.TestCaseExecutor.accessMainPhase(TestCaseExecutor.java:256)
	at com.kms.katalon.core.main.TestCaseExecutor.execute(TestCaseExecutor.java:200)
	at com.kms.katalon.core.main.TestSuiteExecutor.accessTestCaseMainPhase(TestSuiteExecutor.java:129)
	at com.kms.katalon.core.main.TestSuiteExecutor.accessTestSuiteMainPhase(TestSuiteExecutor.java:112)
	at com.kms.katalon.core.main.TestSuiteExecutor.execute(TestSuiteExecutor.java:81)
	at com.kms.katalon.core.main.TestCaseMain.startTestSuite(TestCaseMain.java:142)
	at com.kms.katalon.core.main.TestCaseMain$startTestSuite$0.call(Unknown Source)
	at org.codehaus.groovy.runtime.callsite.CallSiteArray.defaultCall(CallSiteArray.java:48)
	at org.codehaus.groovy.runtime.callsite.AbstractCallSite.call(AbstractCallSite.java:113)
	at org.codehaus.groovy.runtime.callsite.AbstractCallSite.call(AbstractCallSite.java:141)
	at TempTestSuite1544083360207.run(TempTestSuite1544083360207.groovy:36)
	at groovy.lang.GroovyShell.runScriptOrMainOrTestOrRunnable(GroovyShell.java:263)
	at groovy.lang.GroovyShell.run(GroovyShell.java:518)
	at groovy.lang.GroovyShell.run(GroovyShell.java:507)
	at groovy.ui.GroovyMain.processOnce(GroovyMain.java:653)
	at groovy.ui.GroovyMain.run(GroovyMain.java:384)
	at groovy.ui.GroovyMain.process(GroovyMain.java:370)
	at groovy.ui.GroovyMain.processArgs(GroovyMain.java:129)
	at groovy.ui.GroovyMain.main(GroovyMain.java:109)
	at sun.reflect.NativeMethodAccessorImpl.invoke0(Native Method)
	at sun.reflect.NativeMethodAccessorImpl.invoke(NativeMethodAccessorImpl.java:62)
	at sun.reflect.DelegatingMethodAccessorImpl.invoke(DelegatingMethodAccessorImpl.java:43)
	at java.lang.reflect.Method.invoke(Method.java:498)
	at org.codehaus.groovy.tools.GroovyStarter.rootLoader(GroovyStarter.java:109)
	at org.codehaus.groovy.tools.GroovyStarter.main(GroovyStarter.java:131)
)]]></system-err>
      </testcase>
      <testcase name="Test Cases/Final Aug 2018 - PKS Automation/Registration Module/Workflow/Update Employee Information (Employee)/PKRBO to UO (Reject)" classname="Test Cases/Final Aug 2018 - PKS Automation/Registration Module/Workflow/Update Employee Information (Employee)/PKRBO to UO (Reject)" status="PASSED">
         <system-out><![CDATA[2018-12-06 16:30:51 - [TEST_CASE][PASSED] - Test Cases/Final Aug 2018 - PKS Automation/Registration Module/Workflow/Update Employee Information (Employee)/PKRBO to UO (Reject): Test Cases/Final Aug 2018 - PKS Automation/Registration Module/Workflow/Update Employee Information (Employee)/PKRBO to UO (Reject)

2018-12-06 16:30:51 - [TEST_STEP][PASSED] - callTestCase: Call Test Case 'Test Cases/Final Aug 2018 - PKS Automation/Registration Module/Workflow/Update Employee Information (Employee)/Template/Update Employee Information - Special Case (PKRBO)' successfully

2018-12-06 16:30:51 - [TEST_CASE][PASSED] - Test Cases/Final Aug 2018 - PKS Automation/Registration Module/Workflow/Update Employee Information (Employee)/Template/Update Employee Information - Special Case (PKRBO): Test Cases/Final Aug 2018 - PKS Automation/Registration Module/Workflow/Update Employee Information (Employee)/Template/Update Employee Information - Special Case (PKRBO)

2018-12-06 16:30:51 - [TEST_STEP][PASSED] - openBrowser: Browser is opened with url: ''

2018-12-06 16:30:51 - [MESSAGE][WARNING] - A browser is already opened. Closing browser and opening a new one

2018-12-06 16:30:54 - [MESSAGE][PASSED] - Browser is opened with url: ''

2018-12-06 16:30:54 - [TEST_STEP][PASSED] - navigateToUrl: Navigate to 'https://assist2-uat.perkeso.gov.my/login' successfully

2018-12-06 16:30:55 - [MESSAGE][PASSED] - Navigate to 'https://assist2-uat.perkeso.gov.my/login' successfully

2018-12-06 16:30:55 - [TEST_STEP][PASSED] - setText: Text 'johorotc1@gmail.com' is set on object 'Object Repository/Final Object Repo/Login Page/Internal User/Email Address'

2018-12-06 16:30:55 - [MESSAGE][PASSED] - Text 'johorotc1@gmail.com' is set on object 'Object Repository/Final Object Repo/Login Page/Internal User/Email Address'

2018-12-06 16:30:55 - [TEST_STEP][PASSED] - click: Object: 'Object Repository/Final Object Repo/Login Page/Internal User/Next Button' is clicked on

2018-12-06 16:30:55 - [MESSAGE][PASSED] - Object: 'Object Repository/Final Object Repo/Login Page/Internal User/Next Button' is clicked on

2018-12-06 16:30:55 - [TEST_STEP][PASSED] - delay: Delayed 1 second(s)

2018-12-06 16:30:56 - [MESSAGE][PASSED] - Delayed 1 second(s)

2018-12-06 16:30:56 - [TEST_STEP][PASSED] - setEncryptedText: Text ****** has been set on object 'Object Repository/Final Object Repo/Login Page/Internal User/Password'

2018-12-06 16:30:57 - [MESSAGE][PASSED] - Text ****** has been set on object 'Object Repository/Final Object Repo/Login Page/Internal User/Password'

2018-12-06 16:30:57 - [TEST_STEP][PASSED] - click: Object: 'Object Repository/Final Object Repo/Login Page/Internal User/Login Button' is clicked on

2018-12-06 16:30:57 - [MESSAGE][PASSED] - Object: 'Object Repository/Final Object Repo/Login Page/Internal User/Login Button' is clicked on

2018-12-06 16:30:57 - [TEST_STEP][PASSED] - Statement - tester = com.kms.katalon.core.testobject.ObjectRepository.findTestObject(Final Object Repo/Landing Page/Select to English): Finding Test Object with id 'Object Repository/Final Object Repo/Landing Page/Select to English'

2018-12-06 16:30:57 - [TEST_STEP][PASSED] - Statement - Try: Delayed 2 second(s)

2018-12-06 16:30:57 - [TEST_STEP][PASSED] - Statement - Checker = com.kms.katalon.core.webui.keyword.WebUiBuiltInKeywords.verifyElementNotPresent(tester, 3): Web element with id: 'Object Repository/Final Object Repo/Landing Page/Select to English' located by 'By.xpath: //a[@class = 'taglib-language-list-text' and @lang = 'en-US' and (contains(text(), 'EN') or contains(., 'EN'))]' is not present after '3' second(s)

2018-12-06 16:30:59 - [MESSAGE][PASSED] - Web element with id: 'Object Repository/Final Object Repo/Landing Page/Select to English' located by 'By.xpath: //a[@class = 'taglib-language-list-text' and @lang = 'en-US' and (contains(text(), 'EN') or contains(., 'EN'))]' is not present after '3' second(s)

2018-12-06 16:30:59 - [TEST_STEP][PASSED] - Statement - If (Checker == false): null

2018-12-06 16:30:59 - [TEST_STEP][PASSED] - delay: Delayed 2 second(s)

2018-12-06 16:31:01 - [MESSAGE][PASSED] - Delayed 2 second(s)

2018-12-06 16:31:01 - [TEST_STEP][PASSED] - delay: Delayed 5 second(s)

2018-12-06 16:31:06 - [MESSAGE][PASSED] - Delayed 5 second(s)

2018-12-06 16:31:06 - [TEST_STEP][PASSED] - navigateToUrl: Navigate to 'https://assist2-uat.perkeso.gov.my/web/registration/update/update-employee-information-employee-' successfully

2018-12-06 16:31:07 - [MESSAGE][PASSED] - Navigate to 'https://assist2-uat.perkeso.gov.my/web/registration/update/update-employee-information-employee-' successfully

2018-12-06 16:31:07 - [TEST_STEP][PASSED] - click: Object: 'Object Repository/Final Object Repo/Page_Update Employee Information By Employee/Type of Identification' is clicked on

2018-12-06 16:31:07 - [MESSAGE][PASSED] - Object: 'Object Repository/Final Object Repo/Page_Update Employee Information By Employee/Type of Identification' is clicked on

2018-12-06 16:31:07 - [TEST_STEP][PASSED] - click: Object: 'Object Repository/Final Object Repo/Page Update Employee Information By Employee/Type of Identification - Name' is clicked on

2018-12-06 16:31:07 - [MESSAGE][PASSED] - Object: 'Object Repository/Final Object Repo/Page Update Employee Information By Employee/Type of Identification - Name' is clicked on

2018-12-06 16:31:07 - [TEST_STEP][PASSED] - setText: Text 'YUKI JR B' is set on object 'Object Repository/Final Object Repo/Page_Update Employee Information By Employee/New Identification'

2018-12-06 16:31:08 - [MESSAGE][PASSED] - Text 'YUKI JR B' is set on object 'Object Repository/Final Object Repo/Page_Update Employee Information By Employee/New Identification'

2018-12-06 16:31:08 - [TEST_STEP][PASSED] - click: Object: 'Object Repository/Final Object Repo/Page_Update Employee Information By Employee/Search Button' is clicked on

2018-12-06 16:31:08 - [MESSAGE][PASSED] - Object: 'Object Repository/Final Object Repo/Page_Update Employee Information By Employee/Search Button' is clicked on

2018-12-06 16:31:08 - [TEST_STEP][PASSED] - click: Object: 'Object Repository/Final Object Repo/Page_Update Employee Information By Employee/Edit Button' is clicked on

2018-12-06 16:31:11 - [MESSAGE][PASSED] - Object: 'Object Repository/Final Object Repo/Page_Update Employee Information By Employee/Edit Button' is clicked on

2018-12-06 16:31:11 - [TEST_STEP][PASSED] - delay: Delayed 2 second(s)

2018-12-06 16:31:13 - [MESSAGE][PASSED] - Delayed 2 second(s)

2018-12-06 16:31:13 - [TEST_STEP][PASSED] - click: Object: 'Object Repository/Final Object Repo/Page_Update Employee Information By Employee/Employee Information Edit Button' is clicked on

2018-12-06 16:31:13 - [MESSAGE][PASSED] - Object: 'Object Repository/Final Object Repo/Page_Update Employee Information By Employee/Employee Information Edit Button' is clicked on

2018-12-06 16:31:13 - [TEST_STEP][PASSED] - delay: Delayed 2 second(s)

2018-12-06 16:31:15 - [MESSAGE][PASSED] - Delayed 2 second(s)

2018-12-06 16:31:15 - [TEST_STEP][PASSED] - click: Object: 'Object Repository/Final Object Repo/Page_Update Employee Information By Employee/New Identification Number' is clicked on

2018-12-06 16:31:15 - [MESSAGE][PASSED] - Object: 'Object Repository/Final Object Repo/Page_Update Employee Information By Employee/New Identification Number' is clicked on

2018-12-06 16:31:15 - [TEST_STEP][PASSED] - setText: Text '' is set on object 'Object Repository/Final Object Repo/Page_Update Employee Information By Employee/New Identification Number'

2018-12-06 16:31:16 - [MESSAGE][PASSED] - Text '' is set on object 'Object Repository/Final Object Repo/Page_Update Employee Information By Employee/New Identification Number'

2018-12-06 16:31:16 - [TEST_STEP][PASSED] - Statement - rnd = new java.util.Random(): null

2018-12-06 16:31:16 - [TEST_STEP][PASSED] - Statement - snum = rnd.nextInt(899999 + 1) + 100000: null

2018-12-06 16:31:16 - [TEST_STEP][PASSED] - Statement - tnum = rnd.nextInt(899999 + 1) + 100000: null

2018-12-06 16:31:16 - [TEST_STEP][PASSED] - Statement - IC = java.lang.Integer.toString(snum) + java.lang.Integer.toString(tnum): null

2018-12-06 16:31:16 - [TEST_STEP][PASSED] - Statement - out.println(IC): null

2018-12-06 16:31:16 - [TEST_STEP][PASSED] - setText: Text '284641853379' is set on object 'Object Repository/Final Object Repo/Page_Update Employee Information By Employee/New Identification Number'

2018-12-06 16:31:16 - [MESSAGE][PASSED] - Text '284641853379' is set on object 'Object Repository/Final Object Repo/Page_Update Employee Information By Employee/New Identification Number'

2018-12-06 16:31:16 - [TEST_STEP][PASSED] - delay: Delayed 5 second(s)

2018-12-06 16:31:21 - [MESSAGE][PASSED] - Delayed 5 second(s)

2018-12-06 16:31:21 - [TEST_STEP][PASSED] - click: Object: 'Object Repository/Final Object Repo/Page_Update Employee Information By Employee/Save' is clicked on

2018-12-06 16:31:21 - [MESSAGE][PASSED] - Object: 'Object Repository/Final Object Repo/Page_Update Employee Information By Employee/Save' is clicked on

2018-12-06 16:31:21 - [TEST_STEP][PASSED] - delay: Delayed 5 second(s)

2018-12-06 16:31:26 - [MESSAGE][PASSED] - Delayed 5 second(s)

2018-12-06 16:31:26 - [TEST_STEP][PASSED] - click: Object: 'Object Repository/Final Object Repo/Page_Update Employee Information By Employee/Save  Continue in Update Employee Information' is clicked on

2018-12-06 16:31:27 - [MESSAGE][PASSED] - Object: 'Object Repository/Final Object Repo/Page_Update Employee Information By Employee/Save  Continue in Update Employee Information' is clicked on

2018-12-06 16:31:27 - [TEST_STEP][PASSED] - delay: Delayed 5 second(s)

2018-12-06 16:31:32 - [MESSAGE][PASSED] - Delayed 5 second(s)

2018-12-06 16:31:32 - [TEST_STEP][PASSED] - click: Object: 'Object Repository/Final Object Repo/Page_Update Employee Information By Employee/Save  Continue in Uploading Page' is clicked on

2018-12-06 16:31:32 - [MESSAGE][PASSED] - Object: 'Object Repository/Final Object Repo/Page_Update Employee Information By Employee/Save  Continue in Uploading Page' is clicked on

2018-12-06 16:31:32 - [TEST_STEP][PASSED] - delay: Delayed 2 second(s)

2018-12-06 16:31:34 - [MESSAGE][PASSED] - Delayed 2 second(s)

2018-12-06 16:31:34 - [TEST_STEP][PASSED] - Statement - CaseReferenceNo = com.kms.katalon.core.webui.keyword.WebUiBuiltInKeywords.getText(com.kms.katalon.core.testobject.ObjectRepository.findTestObject(Final Object Repo/Page_Update Employer Information/Reference Number in Update Employee Information Page)): Text of object 'Object Repository/Final Object Repo/Page_Update Employer Information/Reference Number in Update Employee Information Page' is: 'CUN122018C100005842'

2018-12-06 16:31:36 - [MESSAGE][PASSED] - Text of object 'Object Repository/Final Object Repo/Page_Update Employer Information/Reference Number in Update Employee Information Page' is: 'CUN122018C100005842'

2018-12-06 16:31:36 - [TEST_STEP][PASSED] - callTestCase: Call Test Case 'Test Cases/Final Aug 2018 - PKS Automation/Common/Reference Number Setter' successfully

2018-12-06 16:31:36 - [TEST_CASE][PASSED] - Test Cases/Final Aug 2018 - PKS Automation/Common/Reference Number Setter: Test Cases/Final Aug 2018 - PKS Automation/Common/Reference Number Setter

2018-12-06 16:31:36 - [TEST_STEP][PASSED] - Statement - RefNoOldFile = new java.io.File(C://Users//Admin//Desktop//PKS//Automation Reference Point//KatalonReference.txt): null

2018-12-06 16:31:36 - [TEST_STEP][PASSED] - Statement - RefNoOldFile.delete(): null

2018-12-06 16:31:36 - [TEST_STEP][PASSED] - delay: Delayed 5 second(s)

2018-12-06 16:31:41 - [MESSAGE][PASSED] - Delayed 5 second(s)

2018-12-06 16:31:41 - [TEST_STEP][PASSED] - Statement - RefNo = new java.io.File(C://Users//Admin//Desktop//PKS//Automation Reference Point//KatalonReference.txt): null

2018-12-06 16:31:41 - [TEST_STEP][PASSED] - Statement - f2 = new java.io.FileWriter(RefNo, false): null

2018-12-06 16:31:41 - [TEST_STEP][PASSED] - Statement - f2.write(CaseReferenceNo): null

2018-12-06 16:31:41 - [TEST_STEP][PASSED] - Statement - f2.close(): null

2018-12-06 16:31:41 - [TEST_STEP][PASSED] - Statement - out.println("


" + CaseReferenceNo + "


"): null

2018-12-06 16:31:41 - [MESSAGE][PASSED] - Call Test Case 'Test Cases/Final Aug 2018 - PKS Automation/Common/Reference Number Setter' successfully

2018-12-06 16:31:41 - [TEST_STEP][PASSED] - delay: Delayed 2 second(s)

2018-12-06 16:31:43 - [MESSAGE][PASSED] - Delayed 2 second(s)

2018-12-06 16:31:43 - [TEST_STEP][PASSED] - click: Object: 'Object Repository/Final Object Repo/Page_Update Employee Information By Employee/Submit' is clicked on

2018-12-06 16:31:43 - [MESSAGE][PASSED] - Object: 'Object Repository/Final Object Repo/Page_Update Employee Information By Employee/Submit' is clicked on

2018-12-06 16:31:43 - [TEST_STEP][PASSED] - delay: Delayed 2 second(s)

2018-12-06 16:31:45 - [MESSAGE][PASSED] - Delayed 2 second(s)

2018-12-06 16:31:45 - [TEST_STEP][PASSED] - click: Object: 'Object Repository/Final Object Repo/Page_Update Employee Information By Employee/Confirm Button' is clicked on

2018-12-06 16:31:45 - [MESSAGE][PASSED] - Object: 'Object Repository/Final Object Repo/Page_Update Employee Information By Employee/Confirm Button' is clicked on

2018-12-06 16:31:45 - [TEST_STEP][PASSED] - delay: Delayed 2 second(s)

2018-12-06 16:31:47 - [MESSAGE][PASSED] - Delayed 2 second(s)

2018-12-06 16:31:47 - [TEST_STEP][PASSED] - click: Object: 'Object Repository/Final Object Repo/Page_Update Employee Information By Employee/Successful Message Routed to UO' is clicked on

2018-12-06 16:31:49 - [MESSAGE][PASSED] - Object: 'Object Repository/Final Object Repo/Page_Update Employee Information By Employee/Successful Message Routed to UO' is clicked on

2018-12-06 16:31:49 - [MESSAGE][PASSED] - Call Test Case 'Test Cases/Final Aug 2018 - PKS Automation/Registration Module/Workflow/Update Employee Information (Employee)/Template/Update Employee Information - Special Case (PKRBO)' successfully

2018-12-06 16:31:49 - [TEST_STEP][PASSED] - callTestCase: Call Test Case 'Test Cases/Final Aug 2018 - PKS Automation/Registration Module/Workflow/Update Employee Information (Employee)/Template/Update Employee Information - Special Case - UO (Reject)' successfully

2018-12-06 16:31:49 - [TEST_CASE][PASSED] - Test Cases/Final Aug 2018 - PKS Automation/Registration Module/Workflow/Update Employee Information (Employee)/Template/Update Employee Information - Special Case - UO (Reject): Test Cases/Final Aug 2018 - PKS Automation/Registration Module/Workflow/Update Employee Information (Employee)/Template/Update Employee Information - Special Case - UO (Reject)

2018-12-06 16:31:49 - [TEST_STEP][NOT_RUN] - callTestCase: NOT_RUN: callTestCase

2018-12-06 16:31:49 - [MESSAGE][NOT_RUN] - NOT_RUN: callTestCase

2018-12-06 16:31:49 - [TEST_STEP][PASSED] - delay: Delayed 2 second(s)

2018-12-06 16:31:51 - [MESSAGE][PASSED] - Delayed 2 second(s)

2018-12-06 16:31:51 - [TEST_STEP][PASSED] - navigateToUrl: Navigate to 'https://assist2-uat.perkeso.gov.my/c/portal/logout' successfully

2018-12-06 16:31:52 - [MESSAGE][PASSED] - Navigate to 'https://assist2-uat.perkeso.gov.my/c/portal/logout' successfully

2018-12-06 16:31:52 - [TEST_STEP][PASSED] - delay: Delayed 2 second(s)

2018-12-06 16:31:54 - [MESSAGE][PASSED] - Delayed 2 second(s)

2018-12-06 16:31:54 - [TEST_STEP][PASSED] - callTestCase: Call Test Case 'Test Cases/Final Aug 2018 - PKS Automation/Common/Reference Number Getter' successfully

2018-12-06 16:31:54 - [TEST_CASE][PASSED] - Test Cases/Final Aug 2018 - PKS Automation/Common/Reference Number Getter: Test Cases/Final Aug 2018 - PKS Automation/Common/Reference Number Getter

2018-12-06 16:31:54 - [TEST_STEP][PASSED] - Statement - Try: null

2018-12-06 16:31:54 - [TEST_STEP][PASSED] - Statement - RefNo = new java.io.File(C://Users//Admin//Desktop//PKS//Automation Reference Point//KatalonReference.txt): null

2018-12-06 16:31:54 - [TEST_STEP][PASSED] - Statement - bufferread = new java.io.BufferedReader(new java.io.FileReader(RefNo)): null

2018-12-06 16:31:54 - [TEST_STEP][PASSED] - Statement - readedVal = bufferread.readLine(): null

2018-12-06 16:31:54 - [TEST_STEP][PASSED] - Statement - out.println(CaseReferenceNo): null

2018-12-06 16:31:54 - [TEST_STEP][PASSED] - Statement - out.println(readedVal): null

2018-12-06 16:31:54 - [TEST_STEP][PASSED] - Statement - CaseReferenceNo = "": null

2018-12-06 16:31:54 - [TEST_STEP][PASSED] - Statement - CaseReferenceNo = readedVal: null

2018-12-06 16:31:54 - [MESSAGE][PASSED] - Call Test Case 'Test Cases/Final Aug 2018 - PKS Automation/Common/Reference Number Getter' successfully

2018-12-06 16:31:54 - [TEST_STEP][PASSED] - callTestCase: Call Test Case 'Test Cases/Final Aug 2018 - PKS Automation/Common/Workflow Owner Finder' successfully

2018-12-06 16:31:54 - [TEST_CASE][PASSED] - Test Cases/Final Aug 2018 - PKS Automation/Common/Workflow Owner Finder: Test Cases/Final Aug 2018 - PKS Automation/Common/Workflow Owner Finder

2018-12-06 16:31:54 - [TEST_STEP][PASSED] - openBrowser: Browser is opened with url: ''

2018-12-06 16:31:54 - [MESSAGE][WARNING] - A browser is already opened. Closing browser and opening a new one

2018-12-06 16:31:57 - [MESSAGE][PASSED] - Browser is opened with url: ''

2018-12-06 16:31:57 - [TEST_STEP][PASSED] - navigateToUrl: Navigate to 'https://assist2-uat.perkeso.gov.my/login' successfully

2018-12-06 16:31:58 - [MESSAGE][PASSED] - Navigate to 'https://assist2-uat.perkeso.gov.my/login' successfully

2018-12-06 16:31:58 - [TEST_STEP][PASSED] - delay: Delayed 5 second(s)

2018-12-06 16:32:03 - [MESSAGE][PASSED] - Delayed 5 second(s)

2018-12-06 16:32:03 - [TEST_STEP][PASSED] - setText: Text 'test@liferay.com' is set on object 'Object Repository/Final Object Repo/Login Page/Internal User/Email Address'

2018-12-06 16:32:03 - [MESSAGE][PASSED] - Text 'test@liferay.com' is set on object 'Object Repository/Final Object Repo/Login Page/Internal User/Email Address'

2018-12-06 16:32:03 - [TEST_STEP][PASSED] - click: Object: 'Object Repository/Final Object Repo/Login Page/Internal User/Next Button' is clicked on

2018-12-06 16:32:03 - [MESSAGE][PASSED] - Object: 'Object Repository/Final Object Repo/Login Page/Internal User/Next Button' is clicked on

2018-12-06 16:32:03 - [TEST_STEP][PASSED] - delay: Delayed 2 second(s)

2018-12-06 16:32:05 - [MESSAGE][PASSED] - Delayed 2 second(s)

2018-12-06 16:32:05 - [TEST_STEP][PASSED] - setText: Text 'test' is set on object 'Object Repository/Final Object Repo/Login Page/Internal User/Password'

2018-12-06 16:32:06 - [MESSAGE][PASSED] - Text 'test' is set on object 'Object Repository/Final Object Repo/Login Page/Internal User/Password'

2018-12-06 16:32:06 - [TEST_STEP][PASSED] - delay: Delayed 2 second(s)

2018-12-06 16:32:08 - [MESSAGE][PASSED] - Delayed 2 second(s)

2018-12-06 16:32:08 - [TEST_STEP][PASSED] - click: Object: 'Object Repository/Final Object Repo/Login Page/Internal User/Login Button' is clicked on

2018-12-06 16:32:08 - [MESSAGE][PASSED] - Object: 'Object Repository/Final Object Repo/Login Page/Internal User/Login Button' is clicked on

2018-12-06 16:32:08 - [TEST_STEP][PASSED] - Statement - tester = com.kms.katalon.core.testobject.ObjectRepository.findTestObject(Final Object Repo/Landing Page/Select to English): Finding Test Object with id 'Object Repository/Final Object Repo/Landing Page/Select to English'

2018-12-06 16:32:08 - [TEST_STEP][PASSED] - Statement - Try: Delayed 2 second(s)

2018-12-06 16:32:08 - [TEST_STEP][PASSED] - Statement - Checker = com.kms.katalon.core.webui.keyword.WebUiBuiltInKeywords.verifyElementNotPresent(tester, 3): Web element with id: 'Object Repository/Final Object Repo/Landing Page/Select to English' located by 'By.xpath: //a[@class = 'taglib-language-list-text' and @lang = 'en-US' and (contains(text(), 'EN') or contains(., 'EN'))]' is not present after '3' second(s)

2018-12-06 16:32:10 - [MESSAGE][PASSED] - Web element with id: 'Object Repository/Final Object Repo/Landing Page/Select to English' located by 'By.xpath: //a[@class = 'taglib-language-list-text' and @lang = 'en-US' and (contains(text(), 'EN') or contains(., 'EN'))]' is not present after '3' second(s)

2018-12-06 16:32:10 - [TEST_STEP][PASSED] - Statement - If (Checker == false): null

2018-12-06 16:32:10 - [TEST_STEP][PASSED] - delay: Delayed 2 second(s)

2018-12-06 16:32:12 - [MESSAGE][PASSED] - Delayed 2 second(s)

2018-12-06 16:32:12 - [TEST_STEP][PASSED] - delay: Delayed 5 second(s)

2018-12-06 16:32:17 - [MESSAGE][PASSED] - Delayed 5 second(s)

2018-12-06 16:32:17 - [TEST_STEP][PASSED] - mouseOver: Object: 'Object Repository/Final Object Repo/Landing Page/WorkFlow Menu' is hovered

2018-12-06 16:32:17 - [MESSAGE][PASSED] - Object: 'Object Repository/Final Object Repo/Landing Page/WorkFlow Menu' is hovered

2018-12-06 16:32:17 - [TEST_STEP][PASSED] - delay: Delayed 2 second(s)

2018-12-06 16:32:19 - [MESSAGE][PASSED] - Delayed 2 second(s)

2018-12-06 16:32:19 - [TEST_STEP][PASSED] - click: Object: 'Object Repository/Final Object Repo/Landing Page/Select to Workflow Listing' is clicked on

2018-12-06 16:32:20 - [MESSAGE][PASSED] - Object: 'Object Repository/Final Object Repo/Landing Page/Select to Workflow Listing' is clicked on

2018-12-06 16:32:20 - [TEST_STEP][PASSED] - delay: Delayed 2 second(s)

2018-12-06 16:32:22 - [MESSAGE][PASSED] - Delayed 2 second(s)

2018-12-06 16:32:22 - [TEST_STEP][PASSED] - click: Object: 'Object Repository/Final Object Repo/WorkFlow Listing Page/Search Information - To Put Ref No' is clicked on

2018-12-06 16:32:22 - [MESSAGE][PASSED] - Object: 'Object Repository/Final Object Repo/WorkFlow Listing Page/Search Information - To Put Ref No' is clicked on

2018-12-06 16:32:22 - [TEST_STEP][PASSED] - delay: Delayed 2 second(s)

2018-12-06 16:32:24 - [MESSAGE][PASSED] - Delayed 2 second(s)

2018-12-06 16:32:24 - [TEST_STEP][PASSED] - callTestCase: Call Test Case 'Test Cases/Final Aug 2018 - PKS Automation/Common/Reference Number Getter' successfully

2018-12-06 16:32:24 - [TEST_CASE][PASSED] - Test Cases/Final Aug 2018 - PKS Automation/Common/Reference Number Getter: Test Cases/Final Aug 2018 - PKS Automation/Common/Reference Number Getter

2018-12-06 16:32:24 - [TEST_STEP][PASSED] - Statement - Try: null

2018-12-06 16:32:24 - [TEST_STEP][PASSED] - Statement - RefNo = new java.io.File(C://Users//Admin//Desktop//PKS//Automation Reference Point//KatalonReference.txt): null

2018-12-06 16:32:24 - [TEST_STEP][PASSED] - Statement - bufferread = new java.io.BufferedReader(new java.io.FileReader(RefNo)): null

2018-12-06 16:32:24 - [TEST_STEP][PASSED] - Statement - readedVal = bufferread.readLine(): null

2018-12-06 16:32:24 - [TEST_STEP][PASSED] - Statement - out.println(CaseReferenceNo): null

2018-12-06 16:32:24 - [TEST_STEP][PASSED] - Statement - out.println(readedVal): null

2018-12-06 16:32:24 - [TEST_STEP][PASSED] - Statement - CaseReferenceNo = "": null

2018-12-06 16:32:24 - [TEST_STEP][PASSED] - Statement - CaseReferenceNo = readedVal: null

2018-12-06 16:32:24 - [MESSAGE][PASSED] - Call Test Case 'Test Cases/Final Aug 2018 - PKS Automation/Common/Reference Number Getter' successfully

2018-12-06 16:32:24 - [TEST_STEP][PASSED] - setText: Text 'CUN122018C100005842' is set on object 'Object Repository/Final Object Repo/WorkFlow Listing Page/Ref No Set Text'

2018-12-06 16:32:24 - [MESSAGE][PASSED] - Text 'CUN122018C100005842' is set on object 'Object Repository/Final Object Repo/WorkFlow Listing Page/Ref No Set Text'

2018-12-06 16:32:24 - [TEST_STEP][PASSED] - delay: Delayed 2 second(s)

2018-12-06 16:32:26 - [MESSAGE][PASSED] - Delayed 2 second(s)

2018-12-06 16:32:26 - [TEST_STEP][PASSED] - click: Object: 'Object Repository/Final Object Repo/WorkFlow Listing Page/Search Ref No Search Button' is clicked on

2018-12-06 16:32:27 - [MESSAGE][PASSED] - Object: 'Object Repository/Final Object Repo/WorkFlow Listing Page/Search Ref No Search Button' is clicked on

2018-12-06 16:32:27 - [TEST_STEP][PASSED] - delay: Delayed 6 second(s)

2018-12-06 16:32:33 - [MESSAGE][PASSED] - Delayed 6 second(s)

2018-12-06 16:32:33 - [TEST_STEP][PASSED] - click: Object: 'Object Repository/Final Object Repo/WorkFlow Listing Page/Click Continue Tooltip' is clicked on

2018-12-06 16:32:34 - [MESSAGE][PASSED] - Object: 'Object Repository/Final Object Repo/WorkFlow Listing Page/Click Continue Tooltip' is clicked on

2018-12-06 16:32:34 - [TEST_STEP][PASSED] - delay: Delayed 5 second(s)

2018-12-06 16:32:39 - [MESSAGE][PASSED] - Delayed 5 second(s)

2018-12-06 16:32:39 - [TEST_STEP][PASSED] - doubleClick: Object: 'Object Repository/Final Object Repo/WorkFlow Listing Page/Workflow Found - Listing 1' is double clicked on

2018-12-06 16:32:39 - [MESSAGE][PASSED] - Object: 'Object Repository/Final Object Repo/WorkFlow Listing Page/Workflow Found - Listing 1' is double clicked on

2018-12-06 16:32:39 - [TEST_STEP][PASSED] - Statement - println(OwnerID): null

2018-12-06 16:32:39 - [TEST_STEP][PASSED] - Statement - OwnerID = com.kms.katalon.core.webui.keyword.WebUiBuiltInKeywords.getText(com.kms.katalon.core.testobject.ObjectRepository.findTestObject(Final Object Repo/WorkFlow Listing Page/Workflow Found - Listing 1), STOP_ON_FAILURE): Text of object 'Object Repository/Final Object Repo/WorkFlow Listing Page/Workflow Found - Listing 1' is: 'JOHORuo3'

2018-12-06 16:32:39 - [MESSAGE][PASSED] - Text of object 'Object Repository/Final Object Repo/WorkFlow Listing Page/Workflow Found - Listing 1' is: 'JOHORuo3'

2018-12-06 16:32:39 - [TEST_STEP][PASSED] - Statement - OwnerID = OwnerID.toLowerCase() + "@gmail.com": null

2018-12-06 16:32:39 - [TEST_STEP][PASSED] - Statement - println(OwnerID): null

2018-12-06 16:32:39 - [TEST_STEP][PASSED] - delay: Delayed 2 second(s)

2018-12-06 16:32:41 - [MESSAGE][PASSED] - Delayed 2 second(s)

2018-12-06 16:32:41 - [MESSAGE][PASSED] - Call Test Case 'Test Cases/Final Aug 2018 - PKS Automation/Common/Workflow Owner Finder' successfully

2018-12-06 16:32:41 - [TEST_STEP][PASSED] - delay: Delayed 2 second(s)

2018-12-06 16:32:43 - [MESSAGE][PASSED] - Delayed 2 second(s)

2018-12-06 16:32:43 - [TEST_STEP][PASSED] - navigateToUrl: Navigate to 'https://assist2-uat.perkeso.gov.my/c/portal/logout' successfully

2018-12-06 16:32:44 - [MESSAGE][PASSED] - Navigate to 'https://assist2-uat.perkeso.gov.my/c/portal/logout' successfully

2018-12-06 16:32:44 - [TEST_STEP][PASSED] - delay: Delayed 2 second(s)

2018-12-06 16:32:46 - [MESSAGE][PASSED] - Delayed 2 second(s)

2018-12-06 16:32:46 - [TEST_STEP][PASSED] - callTestCase: Call Test Case 'Test Cases/Final Aug 2018 - PKS Automation/Registration Module/Workflow/Login and Search Case For Workflow' successfully

2018-12-06 16:32:46 - [TEST_CASE][PASSED] - Test Cases/Final Aug 2018 - PKS Automation/Registration Module/Workflow/Login and Search Case For Workflow: Test Cases/Final Aug 2018 - PKS Automation/Registration Module/Workflow/Login and Search Case For Workflow

2018-12-06 16:32:46 - [TEST_STEP][PASSED] - navigateToUrl: Navigate to 'https://assist2-uat.perkeso.gov.my/login' successfully

2018-12-06 16:32:47 - [MESSAGE][PASSED] - Navigate to 'https://assist2-uat.perkeso.gov.my/login' successfully

2018-12-06 16:32:47 - [TEST_STEP][PASSED] - setText: Text 'johoruo3@gmail.com' is set on object 'Object Repository/Final Object Repo/Login Page/Internal User/Email Address'

2018-12-06 16:32:47 - [MESSAGE][PASSED] - Text 'johoruo3@gmail.com' is set on object 'Object Repository/Final Object Repo/Login Page/Internal User/Email Address'

2018-12-06 16:32:47 - [TEST_STEP][PASSED] - click: Object: 'Object Repository/Final Object Repo/Login Page/Internal User/Next Button' is clicked on

2018-12-06 16:32:47 - [MESSAGE][PASSED] - Object: 'Object Repository/Final Object Repo/Login Page/Internal User/Next Button' is clicked on

2018-12-06 16:32:47 - [TEST_STEP][PASSED] - delay: Delayed 1 second(s)

2018-12-06 16:32:48 - [MESSAGE][PASSED] - Delayed 1 second(s)

2018-12-06 16:32:48 - [TEST_STEP][PASSED] - setEncryptedText: Text ****** has been set on object 'Object Repository/Final Object Repo/Login Page/Internal User/Password'

2018-12-06 16:32:48 - [MESSAGE][PASSED] - Text ****** has been set on object 'Object Repository/Final Object Repo/Login Page/Internal User/Password'

2018-12-06 16:32:48 - [TEST_STEP][PASSED] - click: Object: 'Object Repository/Final Object Repo/Login Page/Internal User/Login Button' is clicked on

2018-12-06 16:32:49 - [MESSAGE][PASSED] - Object: 'Object Repository/Final Object Repo/Login Page/Internal User/Login Button' is clicked on

2018-12-06 16:32:49 - [TEST_STEP][PASSED] - delay: Delayed 2 second(s)

2018-12-06 16:32:51 - [MESSAGE][PASSED] - Delayed 2 second(s)

2018-12-06 16:32:51 - [TEST_STEP][PASSED] - Statement - Try: Delayed 2 second(s)

2018-12-06 16:32:51 - [TEST_STEP][PASSED] - Statement - Checker = false: null

2018-12-06 16:32:51 - [TEST_STEP][PASSED] - Statement - Checker = com.kms.katalon.core.webui.keyword.WebUiBuiltInKeywords.verifyElementHasAttribute(com.kms.katalon.core.testobject.ObjectRepository.findTestObject(Final Object Repo/Landing Page/BM Detecting), "href", 20, OPTIONAL): Object 'Object Repository/Final Object Repo/Landing Page/BM Detecting' has attribute 'href'

2018-12-06 16:32:51 - [MESSAGE][PASSED] - Object 'Object Repository/Final Object Repo/Landing Page/BM Detecting' has attribute 'href'

2018-12-06 16:32:51 - [TEST_STEP][PASSED] - Statement - out.println(Checker): null

2018-12-06 16:32:51 - [TEST_STEP][PASSED] - Statement - If (Checker == false): null

2018-12-06 16:32:51 - [TEST_STEP][PASSED] - Statement - Else: null

2018-12-06 16:32:51 - [TEST_STEP][PASSED] - delay: Delayed 2 second(s)

2018-12-06 16:32:53 - [MESSAGE][PASSED] - Delayed 2 second(s)

2018-12-06 16:32:53 - [TEST_STEP][PASSED] - click: Object: 'Object Repository/Final Object Repo/Page_MyASSIST - ASSIST - Search Pending Case For Add Supporting Document/Search Information' is clicked on

2018-12-06 16:32:53 - [MESSAGE][PASSED] - Object: 'Object Repository/Final Object Repo/Page_MyASSIST - ASSIST - Search Pending Case For Add Supporting Document/Search Information' is clicked on

2018-12-06 16:32:53 - [TEST_STEP][PASSED] - delay: Delayed 3 second(s)

2018-12-06 16:32:56 - [MESSAGE][PASSED] - Delayed 3 second(s)

2018-12-06 16:32:56 - [TEST_STEP][PASSED] - sendKeys: Keys 'CUN122018C100005842' sent to object: 'Object Repository/Final Object Repo/Page_MyASSIST - ASSIST - Search Pending Case For Add Supporting Document/Reference No'

2018-12-06 16:32:56 - [MESSAGE][PASSED] - Keys 'CUN122018C100005842' sent to object: 'Object Repository/Final Object Repo/Page_MyASSIST - ASSIST - Search Pending Case For Add Supporting Document/Reference No'

2018-12-06 16:32:56 - [TEST_STEP][PASSED] - click: Object: 'Object Repository/Final Object Repo/Page_MyASSIST - ASSIST - Search Pending Case For Add Supporting Document/Search Reference No' is clicked on

2018-12-06 16:32:56 - [MESSAGE][PASSED] - Object: 'Object Repository/Final Object Repo/Page_MyASSIST - ASSIST - Search Pending Case For Add Supporting Document/Search Reference No' is clicked on

2018-12-06 16:32:56 - [TEST_STEP][PASSED] - delay: Delayed 2 second(s)

2018-12-06 16:32:58 - [MESSAGE][PASSED] - Delayed 2 second(s)

2018-12-06 16:32:58 - [TEST_STEP][PASSED] - click: Object: 'Object Repository/Final Object Repo/Page_MyASSIST - ASSIST - Search Pending Case For Add Supporting Document/Continue' is clicked on

2018-12-06 16:33:02 - [MESSAGE][PASSED] - Object: 'Object Repository/Final Object Repo/Page_MyASSIST - ASSIST - Search Pending Case For Add Supporting Document/Continue' is clicked on

2018-12-06 16:33:02 - [TEST_STEP][PASSED] - delay: Delayed 20 second(s)

2018-12-06 16:33:22 - [MESSAGE][PASSED] - Delayed 20 second(s)

2018-12-06 16:33:22 - [MESSAGE][PASSED] - Call Test Case 'Test Cases/Final Aug 2018 - PKS Automation/Registration Module/Workflow/Login and Search Case For Workflow' successfully

2018-12-06 16:33:22 - [TEST_STEP][PASSED] - delay: Delayed 2 second(s)

2018-12-06 16:33:24 - [MESSAGE][PASSED] - Delayed 2 second(s)

2018-12-06 16:33:24 - [TEST_STEP][PASSED] - click: Object: 'Object Repository/Final Object Repo/Page_Update Employee Information By Employee/Page_Update Employee Information By Employee (Approve)/Continue' is clicked on

2018-12-06 16:33:27 - [MESSAGE][PASSED] - Object: 'Object Repository/Final Object Repo/Page_Update Employee Information By Employee/Page_Update Employee Information By Employee (Approve)/Continue' is clicked on

2018-12-06 16:33:27 - [TEST_STEP][PASSED] - delay: Delayed 10 second(s)

2018-12-06 16:33:37 - [MESSAGE][PASSED] - Delayed 10 second(s)

2018-12-06 16:33:37 - [TEST_STEP][PASSED] - click: Object: 'Object Repository/Final Object Repo/Page_Update Employee Information By Employer/Page_Update Employee Information by Employer (Approve)/Save  Continue in Update Employee Information Page' is clicked on

2018-12-06 16:33:38 - [MESSAGE][PASSED] - Object: 'Object Repository/Final Object Repo/Page_Update Employee Information By Employer/Page_Update Employee Information by Employer (Approve)/Save  Continue in Update Employee Information Page' is clicked on

2018-12-06 16:33:38 - [TEST_STEP][PASSED] - delay: Delayed 2 second(s)

2018-12-06 16:33:40 - [MESSAGE][PASSED] - Delayed 2 second(s)

2018-12-06 16:33:40 - [TEST_STEP][PASSED] - click: Object: 'Object Repository/Final Object Repo/Page_Update Employee Information By Employer/Page_Update Employee Information by Employer (Approve)/Save  Continue in Upload Supporting Doucument Page' is clicked on

2018-12-06 16:33:41 - [MESSAGE][PASSED] - Object: 'Object Repository/Final Object Repo/Page_Update Employee Information By Employer/Page_Update Employee Information by Employer (Approve)/Save  Continue in Upload Supporting Doucument Page' is clicked on

2018-12-06 16:33:41 - [TEST_STEP][PASSED] - delay: Delayed 2 second(s)

2018-12-06 16:33:43 - [MESSAGE][PASSED] - Delayed 2 second(s)

2018-12-06 16:33:43 - [TEST_STEP][PASSED] - click: Object: 'Object Repository/Final Object Repo/Page_Update Employee Information By Employee/Page_Update Employee Information by Employee (Reject)/Reject' is clicked on

2018-12-06 16:33:45 - [MESSAGE][PASSED] - Object: 'Object Repository/Final Object Repo/Page_Update Employee Information By Employee/Page_Update Employee Information by Employee (Reject)/Reject' is clicked on

2018-12-06 16:33:45 - [TEST_STEP][PASSED] - delay: Delayed 2 second(s)

2018-12-06 16:33:47 - [MESSAGE][PASSED] - Delayed 2 second(s)

2018-12-06 16:33:47 - [TEST_STEP][PASSED] - click: Object: 'Object Repository/Final Object Repo/Page_Update Employee Information By Employee/Page_Update Employee Information by Employee (Reject)/Confirm' is clicked on

2018-12-06 16:33:47 - [MESSAGE][PASSED] - Object: 'Object Repository/Final Object Repo/Page_Update Employee Information By Employee/Page_Update Employee Information by Employee (Reject)/Confirm' is clicked on

2018-12-06 16:33:47 - [TEST_STEP][PASSED] - delay: Delayed 2 second(s)

2018-12-06 16:33:49 - [MESSAGE][PASSED] - Delayed 2 second(s)

2018-12-06 16:33:49 - [TEST_STEP][PASSED] - verifyElementVisible: Object 'Object Repository/Final Object Repo/Page_Update Employee Information By Employee/Page_Update Employee Information by Employee (Reject)/Message This Case has been Rejected' is visible

2018-12-06 16:33:52 - [MESSAGE][PASSED] - Object 'Object Repository/Final Object Repo/Page_Update Employee Information By Employee/Page_Update Employee Information by Employee (Reject)/Message This Case has been Rejected' is visible

2018-12-06 16:33:52 - [TEST_STEP][PASSED] - verifyElementVisible: Object 'Object Repository/Final Object Repo/Page_Update Employee Information By Employee/Page_Update Employee Information by Employee (Reject)/Letter of update rejection' is visible

2018-12-06 16:33:52 - [MESSAGE][PASSED] - Object 'Object Repository/Final Object Repo/Page_Update Employee Information By Employee/Page_Update Employee Information by Employee (Reject)/Letter of update rejection' is visible

2018-12-06 16:33:52 - [MESSAGE][PASSED] - Call Test Case 'Test Cases/Final Aug 2018 - PKS Automation/Registration Module/Workflow/Update Employee Information (Employee)/Template/Update Employee Information - Special Case - UO (Reject)' successfully]]></system-out>
         <system-err><![CDATA[]]></system-err>
      </testcase>
      <testcase name="Test Cases/Final Aug 2018 - PKS Automation/Registration Module/Workflow/Update Employee Information (Employee)/PKRBO to UO (Under enforcement)" classname="Test Cases/Final Aug 2018 - PKS Automation/Registration Module/Workflow/Update Employee Information (Employee)/PKRBO to UO (Under enforcement)" status="PASSED">
         <system-out><![CDATA[2018-12-06 16:33:52 - [TEST_CASE][PASSED] - Test Cases/Final Aug 2018 - PKS Automation/Registration Module/Workflow/Update Employee Information (Employee)/PKRBO to UO (Under enforcement): Test Cases/Final Aug 2018 - PKS Automation/Registration Module/Workflow/Update Employee Information (Employee)/PKRBO to UO (Under enforcement)

2018-12-06 16:33:52 - [TEST_STEP][PASSED] - callTestCase: Call Test Case 'Test Cases/Final Aug 2018 - PKS Automation/Registration Module/Workflow/Update Employee Information (Employee)/Template/Update Employee Information - Special Case (PKRBO)' successfully

2018-12-06 16:33:53 - [TEST_CASE][PASSED] - Test Cases/Final Aug 2018 - PKS Automation/Registration Module/Workflow/Update Employee Information (Employee)/Template/Update Employee Information - Special Case (PKRBO): Test Cases/Final Aug 2018 - PKS Automation/Registration Module/Workflow/Update Employee Information (Employee)/Template/Update Employee Information - Special Case (PKRBO)

2018-12-06 16:33:53 - [TEST_STEP][PASSED] - openBrowser: Browser is opened with url: ''

2018-12-06 16:33:53 - [MESSAGE][WARNING] - A browser is already opened. Closing browser and opening a new one

2018-12-06 16:33:55 - [MESSAGE][PASSED] - Browser is opened with url: ''

2018-12-06 16:33:55 - [TEST_STEP][PASSED] - navigateToUrl: Navigate to 'https://assist2-uat.perkeso.gov.my/login' successfully

2018-12-06 16:33:56 - [MESSAGE][PASSED] - Navigate to 'https://assist2-uat.perkeso.gov.my/login' successfully

2018-12-06 16:33:56 - [TEST_STEP][PASSED] - setText: Text 'johorotc1@gmail.com' is set on object 'Object Repository/Final Object Repo/Login Page/Internal User/Email Address'

2018-12-06 16:33:57 - [MESSAGE][PASSED] - Text 'johorotc1@gmail.com' is set on object 'Object Repository/Final Object Repo/Login Page/Internal User/Email Address'

2018-12-06 16:33:57 - [TEST_STEP][PASSED] - click: Object: 'Object Repository/Final Object Repo/Login Page/Internal User/Next Button' is clicked on

2018-12-06 16:33:57 - [MESSAGE][PASSED] - Object: 'Object Repository/Final Object Repo/Login Page/Internal User/Next Button' is clicked on

2018-12-06 16:33:57 - [TEST_STEP][PASSED] - delay: Delayed 1 second(s)

2018-12-06 16:33:58 - [MESSAGE][PASSED] - Delayed 1 second(s)

2018-12-06 16:33:58 - [TEST_STEP][PASSED] - setEncryptedText: Text ****** has been set on object 'Object Repository/Final Object Repo/Login Page/Internal User/Password'

2018-12-06 16:33:58 - [MESSAGE][PASSED] - Text ****** has been set on object 'Object Repository/Final Object Repo/Login Page/Internal User/Password'

2018-12-06 16:33:58 - [TEST_STEP][PASSED] - click: Object: 'Object Repository/Final Object Repo/Login Page/Internal User/Login Button' is clicked on

2018-12-06 16:33:58 - [MESSAGE][PASSED] - Object: 'Object Repository/Final Object Repo/Login Page/Internal User/Login Button' is clicked on

2018-12-06 16:33:58 - [TEST_STEP][PASSED] - Statement - tester = com.kms.katalon.core.testobject.ObjectRepository.findTestObject(Final Object Repo/Landing Page/Select to English): Finding Test Object with id 'Object Repository/Final Object Repo/Landing Page/Select to English'

2018-12-06 16:33:58 - [TEST_STEP][PASSED] - Statement - Try: Delayed 2 second(s)

2018-12-06 16:33:58 - [TEST_STEP][PASSED] - Statement - Checker = com.kms.katalon.core.webui.keyword.WebUiBuiltInKeywords.verifyElementNotPresent(tester, 3): Web element with id: 'Object Repository/Final Object Repo/Landing Page/Select to English' located by 'By.xpath: //a[@class = 'taglib-language-list-text' and @lang = 'en-US' and (contains(text(), 'EN') or contains(., 'EN'))]' is not present after '3' second(s)

2018-12-06 16:34:00 - [MESSAGE][PASSED] - Web element with id: 'Object Repository/Final Object Repo/Landing Page/Select to English' located by 'By.xpath: //a[@class = 'taglib-language-list-text' and @lang = 'en-US' and (contains(text(), 'EN') or contains(., 'EN'))]' is not present after '3' second(s)

2018-12-06 16:34:00 - [TEST_STEP][PASSED] - Statement - If (Checker == false): null

2018-12-06 16:34:00 - [TEST_STEP][PASSED] - delay: Delayed 2 second(s)

2018-12-06 16:34:02 - [MESSAGE][PASSED] - Delayed 2 second(s)

2018-12-06 16:34:02 - [TEST_STEP][PASSED] - delay: Delayed 5 second(s)

2018-12-06 16:34:07 - [MESSAGE][PASSED] - Delayed 5 second(s)

2018-12-06 16:34:07 - [TEST_STEP][PASSED] - navigateToUrl: Navigate to 'https://assist2-uat.perkeso.gov.my/web/registration/update/update-employee-information-employee-' successfully

2018-12-06 16:34:08 - [MESSAGE][PASSED] - Navigate to 'https://assist2-uat.perkeso.gov.my/web/registration/update/update-employee-information-employee-' successfully

2018-12-06 16:34:08 - [TEST_STEP][PASSED] - click: Object: 'Object Repository/Final Object Repo/Page_Update Employee Information By Employee/Type of Identification' is clicked on

2018-12-06 16:34:08 - [MESSAGE][PASSED] - Object: 'Object Repository/Final Object Repo/Page_Update Employee Information By Employee/Type of Identification' is clicked on

2018-12-06 16:34:08 - [TEST_STEP][PASSED] - click: Object: 'Object Repository/Final Object Repo/Page Update Employee Information By Employee/Type of Identification - Name' is clicked on

2018-12-06 16:34:09 - [MESSAGE][PASSED] - Object: 'Object Repository/Final Object Repo/Page Update Employee Information By Employee/Type of Identification - Name' is clicked on

2018-12-06 16:34:09 - [TEST_STEP][PASSED] - setText: Text 'YUKI JR B' is set on object 'Object Repository/Final Object Repo/Page_Update Employee Information By Employee/New Identification'

2018-12-06 16:34:09 - [MESSAGE][PASSED] - Text 'YUKI JR B' is set on object 'Object Repository/Final Object Repo/Page_Update Employee Information By Employee/New Identification'

2018-12-06 16:34:09 - [TEST_STEP][PASSED] - click: Object: 'Object Repository/Final Object Repo/Page_Update Employee Information By Employee/Search Button' is clicked on

2018-12-06 16:34:09 - [MESSAGE][PASSED] - Object: 'Object Repository/Final Object Repo/Page_Update Employee Information By Employee/Search Button' is clicked on

2018-12-06 16:34:09 - [TEST_STEP][PASSED] - click: Object: 'Object Repository/Final Object Repo/Page_Update Employee Information By Employee/Edit Button' is clicked on

2018-12-06 16:34:13 - [MESSAGE][PASSED] - Object: 'Object Repository/Final Object Repo/Page_Update Employee Information By Employee/Edit Button' is clicked on

2018-12-06 16:34:13 - [TEST_STEP][PASSED] - delay: Delayed 2 second(s)

2018-12-06 16:34:15 - [MESSAGE][PASSED] - Delayed 2 second(s)

2018-12-06 16:34:15 - [TEST_STEP][PASSED] - click: Object: 'Object Repository/Final Object Repo/Page_Update Employee Information By Employee/Employee Information Edit Button' is clicked on

2018-12-06 16:34:15 - [MESSAGE][PASSED] - Object: 'Object Repository/Final Object Repo/Page_Update Employee Information By Employee/Employee Information Edit Button' is clicked on

2018-12-06 16:34:15 - [TEST_STEP][PASSED] - delay: Delayed 2 second(s)

2018-12-06 16:34:17 - [MESSAGE][PASSED] - Delayed 2 second(s)

2018-12-06 16:34:17 - [TEST_STEP][PASSED] - click: Object: 'Object Repository/Final Object Repo/Page_Update Employee Information By Employee/New Identification Number' is clicked on

2018-12-06 16:34:17 - [MESSAGE][PASSED] - Object: 'Object Repository/Final Object Repo/Page_Update Employee Information By Employee/New Identification Number' is clicked on

2018-12-06 16:34:17 - [TEST_STEP][PASSED] - setText: Text '' is set on object 'Object Repository/Final Object Repo/Page_Update Employee Information By Employee/New Identification Number'

2018-12-06 16:34:18 - [MESSAGE][PASSED] - Text '' is set on object 'Object Repository/Final Object Repo/Page_Update Employee Information By Employee/New Identification Number'

2018-12-06 16:34:18 - [TEST_STEP][PASSED] - Statement - rnd = new java.util.Random(): null

2018-12-06 16:34:18 - [TEST_STEP][PASSED] - Statement - snum = rnd.nextInt(899999 + 1) + 100000: null

2018-12-06 16:34:18 - [TEST_STEP][PASSED] - Statement - tnum = rnd.nextInt(899999 + 1) + 100000: null

2018-12-06 16:34:18 - [TEST_STEP][PASSED] - Statement - IC = java.lang.Integer.toString(snum) + java.lang.Integer.toString(tnum): null

2018-12-06 16:34:18 - [TEST_STEP][PASSED] - Statement - out.println(IC): null

2018-12-06 16:34:18 - [TEST_STEP][PASSED] - setText: Text '126082592110' is set on object 'Object Repository/Final Object Repo/Page_Update Employee Information By Employee/New Identification Number'

2018-12-06 16:34:18 - [MESSAGE][PASSED] - Text '126082592110' is set on object 'Object Repository/Final Object Repo/Page_Update Employee Information By Employee/New Identification Number'

2018-12-06 16:34:18 - [TEST_STEP][PASSED] - delay: Delayed 5 second(s)

2018-12-06 16:34:23 - [MESSAGE][PASSED] - Delayed 5 second(s)

2018-12-06 16:34:23 - [TEST_STEP][PASSED] - click: Object: 'Object Repository/Final Object Repo/Page_Update Employee Information By Employee/Save' is clicked on

2018-12-06 16:34:23 - [MESSAGE][PASSED] - Object: 'Object Repository/Final Object Repo/Page_Update Employee Information By Employee/Save' is clicked on

2018-12-06 16:34:23 - [TEST_STEP][PASSED] - delay: Delayed 5 second(s)

2018-12-06 16:34:28 - [MESSAGE][PASSED] - Delayed 5 second(s)

2018-12-06 16:34:28 - [TEST_STEP][PASSED] - click: Object: 'Object Repository/Final Object Repo/Page_Update Employee Information By Employee/Save  Continue in Update Employee Information' is clicked on

2018-12-06 16:34:28 - [MESSAGE][PASSED] - Object: 'Object Repository/Final Object Repo/Page_Update Employee Information By Employee/Save  Continue in Update Employee Information' is clicked on

2018-12-06 16:34:28 - [TEST_STEP][PASSED] - delay: Delayed 5 second(s)

2018-12-06 16:34:33 - [MESSAGE][PASSED] - Delayed 5 second(s)

2018-12-06 16:34:33 - [TEST_STEP][PASSED] - click: Object: 'Object Repository/Final Object Repo/Page_Update Employee Information By Employee/Save  Continue in Uploading Page' is clicked on

2018-12-06 16:34:34 - [MESSAGE][PASSED] - Object: 'Object Repository/Final Object Repo/Page_Update Employee Information By Employee/Save  Continue in Uploading Page' is clicked on

2018-12-06 16:34:34 - [TEST_STEP][PASSED] - delay: Delayed 2 second(s)

2018-12-06 16:34:36 - [MESSAGE][PASSED] - Delayed 2 second(s)

2018-12-06 16:34:36 - [TEST_STEP][PASSED] - Statement - CaseReferenceNo = com.kms.katalon.core.webui.keyword.WebUiBuiltInKeywords.getText(com.kms.katalon.core.testobject.ObjectRepository.findTestObject(Final Object Repo/Page_Update Employer Information/Reference Number in Update Employee Information Page)): Text of object 'Object Repository/Final Object Repo/Page_Update Employer Information/Reference Number in Update Employee Information Page' is: 'CUN122018C100005843'

2018-12-06 16:34:37 - [MESSAGE][PASSED] - Text of object 'Object Repository/Final Object Repo/Page_Update Employer Information/Reference Number in Update Employee Information Page' is: 'CUN122018C100005843'

2018-12-06 16:34:37 - [TEST_STEP][PASSED] - callTestCase: Call Test Case 'Test Cases/Final Aug 2018 - PKS Automation/Common/Reference Number Setter' successfully

2018-12-06 16:34:37 - [TEST_CASE][PASSED] - Test Cases/Final Aug 2018 - PKS Automation/Common/Reference Number Setter: Test Cases/Final Aug 2018 - PKS Automation/Common/Reference Number Setter

2018-12-06 16:34:37 - [TEST_STEP][PASSED] - Statement - RefNoOldFile = new java.io.File(C://Users//Admin//Desktop//PKS//Automation Reference Point//KatalonReference.txt): null

2018-12-06 16:34:37 - [TEST_STEP][PASSED] - Statement - RefNoOldFile.delete(): null

2018-12-06 16:34:37 - [TEST_STEP][PASSED] - delay: Delayed 5 second(s)

2018-12-06 16:34:42 - [MESSAGE][PASSED] - Delayed 5 second(s)

2018-12-06 16:34:42 - [TEST_STEP][PASSED] - Statement - RefNo = new java.io.File(C://Users//Admin//Desktop//PKS//Automation Reference Point//KatalonReference.txt): null

2018-12-06 16:34:42 - [TEST_STEP][PASSED] - Statement - f2 = new java.io.FileWriter(RefNo, false): null

2018-12-06 16:34:42 - [TEST_STEP][PASSED] - Statement - f2.write(CaseReferenceNo): null

2018-12-06 16:34:42 - [TEST_STEP][PASSED] - Statement - f2.close(): null

2018-12-06 16:34:42 - [TEST_STEP][PASSED] - Statement - out.println("


" + CaseReferenceNo + "


"): null

2018-12-06 16:34:42 - [MESSAGE][PASSED] - Call Test Case 'Test Cases/Final Aug 2018 - PKS Automation/Common/Reference Number Setter' successfully

2018-12-06 16:34:42 - [TEST_STEP][PASSED] - delay: Delayed 2 second(s)

2018-12-06 16:34:44 - [MESSAGE][PASSED] - Delayed 2 second(s)

2018-12-06 16:34:44 - [TEST_STEP][PASSED] - click: Object: 'Object Repository/Final Object Repo/Page_Update Employee Information By Employee/Submit' is clicked on

2018-12-06 16:34:44 - [MESSAGE][PASSED] - Object: 'Object Repository/Final Object Repo/Page_Update Employee Information By Employee/Submit' is clicked on

2018-12-06 16:34:44 - [TEST_STEP][PASSED] - delay: Delayed 2 second(s)

2018-12-06 16:34:46 - [MESSAGE][PASSED] - Delayed 2 second(s)

2018-12-06 16:34:46 - [TEST_STEP][PASSED] - click: Object: 'Object Repository/Final Object Repo/Page_Update Employee Information By Employee/Confirm Button' is clicked on

2018-12-06 16:34:46 - [MESSAGE][PASSED] - Object: 'Object Repository/Final Object Repo/Page_Update Employee Information By Employee/Confirm Button' is clicked on

2018-12-06 16:34:46 - [TEST_STEP][PASSED] - delay: Delayed 2 second(s)

2018-12-06 16:34:48 - [MESSAGE][PASSED] - Delayed 2 second(s)

2018-12-06 16:34:48 - [TEST_STEP][PASSED] - click: Object: 'Object Repository/Final Object Repo/Page_Update Employee Information By Employee/Successful Message Routed to UO' is clicked on

2018-12-06 16:34:50 - [MESSAGE][PASSED] - Object: 'Object Repository/Final Object Repo/Page_Update Employee Information By Employee/Successful Message Routed to UO' is clicked on

2018-12-06 16:34:50 - [MESSAGE][PASSED] - Call Test Case 'Test Cases/Final Aug 2018 - PKS Automation/Registration Module/Workflow/Update Employee Information (Employee)/Template/Update Employee Information - Special Case (PKRBO)' successfully

2018-12-06 16:34:50 - [TEST_STEP][PASSED] - callTestCase: Call Test Case 'Test Cases/Final Aug 2018 - PKS Automation/Registration Module/Workflow/Update Employee Information (Employee)/Template/Update Employee Information - Special Case - UO (Under enforcement)' successfully

2018-12-06 16:34:50 - [TEST_CASE][PASSED] - Test Cases/Final Aug 2018 - PKS Automation/Registration Module/Workflow/Update Employee Information (Employee)/Template/Update Employee Information - Special Case - UO (Under enforcement): Test Cases/Final Aug 2018 - PKS Automation/Registration Module/Workflow/Update Employee Information (Employee)/Template/Update Employee Information - Special Case - UO (Under enforcement)

2018-12-06 16:34:50 - [TEST_STEP][NOT_RUN] - callTestCase: NOT_RUN: callTestCase

2018-12-06 16:34:50 - [MESSAGE][NOT_RUN] - NOT_RUN: callTestCase

2018-12-06 16:34:50 - [TEST_STEP][PASSED] - delay: Delayed 2 second(s)

2018-12-06 16:34:52 - [MESSAGE][PASSED] - Delayed 2 second(s)

2018-12-06 16:34:52 - [TEST_STEP][PASSED] - navigateToUrl: Navigate to 'https://assist2-uat.perkeso.gov.my/c/portal/logout' successfully

2018-12-06 16:34:53 - [MESSAGE][PASSED] - Navigate to 'https://assist2-uat.perkeso.gov.my/c/portal/logout' successfully

2018-12-06 16:34:53 - [TEST_STEP][PASSED] - delay: Delayed 2 second(s)

2018-12-06 16:34:55 - [MESSAGE][PASSED] - Delayed 2 second(s)

2018-12-06 16:34:55 - [TEST_STEP][PASSED] - callTestCase: Call Test Case 'Test Cases/Final Aug 2018 - PKS Automation/Common/Reference Number Getter' successfully

2018-12-06 16:34:55 - [TEST_CASE][PASSED] - Test Cases/Final Aug 2018 - PKS Automation/Common/Reference Number Getter: Test Cases/Final Aug 2018 - PKS Automation/Common/Reference Number Getter

2018-12-06 16:34:55 - [TEST_STEP][PASSED] - Statement - Try: null

2018-12-06 16:34:55 - [TEST_STEP][PASSED] - Statement - RefNo = new java.io.File(C://Users//Admin//Desktop//PKS//Automation Reference Point//KatalonReference.txt): null

2018-12-06 16:34:55 - [TEST_STEP][PASSED] - Statement - bufferread = new java.io.BufferedReader(new java.io.FileReader(RefNo)): null

2018-12-06 16:34:55 - [TEST_STEP][PASSED] - Statement - readedVal = bufferread.readLine(): null

2018-12-06 16:34:55 - [TEST_STEP][PASSED] - Statement - out.println(CaseReferenceNo): null

2018-12-06 16:34:55 - [TEST_STEP][PASSED] - Statement - out.println(readedVal): null

2018-12-06 16:34:55 - [TEST_STEP][PASSED] - Statement - CaseReferenceNo = "": null

2018-12-06 16:34:55 - [TEST_STEP][PASSED] - Statement - CaseReferenceNo = readedVal: null

2018-12-06 16:34:55 - [MESSAGE][PASSED] - Call Test Case 'Test Cases/Final Aug 2018 - PKS Automation/Common/Reference Number Getter' successfully

2018-12-06 16:34:55 - [TEST_STEP][PASSED] - callTestCase: Call Test Case 'Test Cases/Final Aug 2018 - PKS Automation/Common/Workflow Owner Finder' successfully

2018-12-06 16:34:55 - [TEST_CASE][PASSED] - Test Cases/Final Aug 2018 - PKS Automation/Common/Workflow Owner Finder: Test Cases/Final Aug 2018 - PKS Automation/Common/Workflow Owner Finder

2018-12-06 16:34:55 - [TEST_STEP][PASSED] - openBrowser: Browser is opened with url: ''

2018-12-06 16:34:55 - [MESSAGE][WARNING] - A browser is already opened. Closing browser and opening a new one

2018-12-06 16:34:58 - [MESSAGE][PASSED] - Browser is opened with url: ''

2018-12-06 16:34:58 - [TEST_STEP][PASSED] - navigateToUrl: Navigate to 'https://assist2-uat.perkeso.gov.my/login' successfully

2018-12-06 16:34:59 - [MESSAGE][PASSED] - Navigate to 'https://assist2-uat.perkeso.gov.my/login' successfully

2018-12-06 16:34:59 - [TEST_STEP][PASSED] - delay: Delayed 5 second(s)

2018-12-06 16:35:04 - [MESSAGE][PASSED] - Delayed 5 second(s)

2018-12-06 16:35:04 - [TEST_STEP][PASSED] - setText: Text 'test@liferay.com' is set on object 'Object Repository/Final Object Repo/Login Page/Internal User/Email Address'

2018-12-06 16:35:04 - [MESSAGE][PASSED] - Text 'test@liferay.com' is set on object 'Object Repository/Final Object Repo/Login Page/Internal User/Email Address'

2018-12-06 16:35:04 - [TEST_STEP][PASSED] - click: Object: 'Object Repository/Final Object Repo/Login Page/Internal User/Next Button' is clicked on

2018-12-06 16:35:05 - [MESSAGE][PASSED] - Object: 'Object Repository/Final Object Repo/Login Page/Internal User/Next Button' is clicked on

2018-12-06 16:35:05 - [TEST_STEP][PASSED] - delay: Delayed 2 second(s)

2018-12-06 16:35:07 - [MESSAGE][PASSED] - Delayed 2 second(s)

2018-12-06 16:35:07 - [TEST_STEP][PASSED] - setText: Text 'test' is set on object 'Object Repository/Final Object Repo/Login Page/Internal User/Password'

2018-12-06 16:35:07 - [MESSAGE][PASSED] - Text 'test' is set on object 'Object Repository/Final Object Repo/Login Page/Internal User/Password'

2018-12-06 16:35:07 - [TEST_STEP][PASSED] - delay: Delayed 2 second(s)

2018-12-06 16:35:09 - [MESSAGE][PASSED] - Delayed 2 second(s)

2018-12-06 16:35:09 - [TEST_STEP][PASSED] - click: Object: 'Object Repository/Final Object Repo/Login Page/Internal User/Login Button' is clicked on

2018-12-06 16:35:09 - [MESSAGE][PASSED] - Object: 'Object Repository/Final Object Repo/Login Page/Internal User/Login Button' is clicked on

2018-12-06 16:35:09 - [TEST_STEP][PASSED] - Statement - tester = com.kms.katalon.core.testobject.ObjectRepository.findTestObject(Final Object Repo/Landing Page/Select to English): Finding Test Object with id 'Object Repository/Final Object Repo/Landing Page/Select to English'

2018-12-06 16:35:09 - [TEST_STEP][PASSED] - Statement - Try: Delayed 2 second(s)

2018-12-06 16:35:09 - [TEST_STEP][PASSED] - Statement - Checker = com.kms.katalon.core.webui.keyword.WebUiBuiltInKeywords.verifyElementNotPresent(tester, 3): Web element with id: 'Object Repository/Final Object Repo/Landing Page/Select to English' located by 'By.xpath: //a[@class = 'taglib-language-list-text' and @lang = 'en-US' and (contains(text(), 'EN') or contains(., 'EN'))]' is not present after '3' second(s)

2018-12-06 16:35:11 - [MESSAGE][PASSED] - Web element with id: 'Object Repository/Final Object Repo/Landing Page/Select to English' located by 'By.xpath: //a[@class = 'taglib-language-list-text' and @lang = 'en-US' and (contains(text(), 'EN') or contains(., 'EN'))]' is not present after '3' second(s)

2018-12-06 16:35:11 - [TEST_STEP][PASSED] - Statement - If (Checker == false): null

2018-12-06 16:35:11 - [TEST_STEP][PASSED] - delay: Delayed 2 second(s)

2018-12-06 16:35:13 - [MESSAGE][PASSED] - Delayed 2 second(s)

2018-12-06 16:35:13 - [TEST_STEP][PASSED] - delay: Delayed 5 second(s)

2018-12-06 16:35:18 - [MESSAGE][PASSED] - Delayed 5 second(s)

2018-12-06 16:35:18 - [TEST_STEP][PASSED] - mouseOver: Object: 'Object Repository/Final Object Repo/Landing Page/WorkFlow Menu' is hovered

2018-12-06 16:35:19 - [MESSAGE][PASSED] - Object: 'Object Repository/Final Object Repo/Landing Page/WorkFlow Menu' is hovered

2018-12-06 16:35:19 - [TEST_STEP][PASSED] - delay: Delayed 2 second(s)

2018-12-06 16:35:21 - [MESSAGE][PASSED] - Delayed 2 second(s)

2018-12-06 16:35:21 - [TEST_STEP][PASSED] - click: Object: 'Object Repository/Final Object Repo/Landing Page/Select to Workflow Listing' is clicked on

2018-12-06 16:35:22 - [MESSAGE][PASSED] - Object: 'Object Repository/Final Object Repo/Landing Page/Select to Workflow Listing' is clicked on

2018-12-06 16:35:22 - [TEST_STEP][PASSED] - delay: Delayed 2 second(s)

2018-12-06 16:35:24 - [MESSAGE][PASSED] - Delayed 2 second(s)

2018-12-06 16:35:24 - [TEST_STEP][PASSED] - click: Object: 'Object Repository/Final Object Repo/WorkFlow Listing Page/Search Information - To Put Ref No' is clicked on

2018-12-06 16:35:24 - [MESSAGE][PASSED] - Object: 'Object Repository/Final Object Repo/WorkFlow Listing Page/Search Information - To Put Ref No' is clicked on

2018-12-06 16:35:24 - [TEST_STEP][PASSED] - delay: Delayed 2 second(s)

2018-12-06 16:35:26 - [MESSAGE][PASSED] - Delayed 2 second(s)

2018-12-06 16:35:26 - [TEST_STEP][PASSED] - callTestCase: Call Test Case 'Test Cases/Final Aug 2018 - PKS Automation/Common/Reference Number Getter' successfully

2018-12-06 16:35:26 - [TEST_CASE][PASSED] - Test Cases/Final Aug 2018 - PKS Automation/Common/Reference Number Getter: Test Cases/Final Aug 2018 - PKS Automation/Common/Reference Number Getter

2018-12-06 16:35:26 - [TEST_STEP][PASSED] - Statement - Try: null

2018-12-06 16:35:26 - [TEST_STEP][PASSED] - Statement - RefNo = new java.io.File(C://Users//Admin//Desktop//PKS//Automation Reference Point//KatalonReference.txt): null

2018-12-06 16:35:26 - [TEST_STEP][PASSED] - Statement - bufferread = new java.io.BufferedReader(new java.io.FileReader(RefNo)): null

2018-12-06 16:35:26 - [TEST_STEP][PASSED] - Statement - readedVal = bufferread.readLine(): null

2018-12-06 16:35:26 - [TEST_STEP][PASSED] - Statement - out.println(CaseReferenceNo): null

2018-12-06 16:35:26 - [TEST_STEP][PASSED] - Statement - out.println(readedVal): null

2018-12-06 16:35:26 - [TEST_STEP][PASSED] - Statement - CaseReferenceNo = "": null

2018-12-06 16:35:26 - [TEST_STEP][PASSED] - Statement - CaseReferenceNo = readedVal: null

2018-12-06 16:35:26 - [MESSAGE][PASSED] - Call Test Case 'Test Cases/Final Aug 2018 - PKS Automation/Common/Reference Number Getter' successfully

2018-12-06 16:35:26 - [TEST_STEP][PASSED] - setText: Text 'CUN122018C100005843' is set on object 'Object Repository/Final Object Repo/WorkFlow Listing Page/Ref No Set Text'

2018-12-06 16:35:26 - [MESSAGE][PASSED] - Text 'CUN122018C100005843' is set on object 'Object Repository/Final Object Repo/WorkFlow Listing Page/Ref No Set Text'

2018-12-06 16:35:26 - [TEST_STEP][PASSED] - delay: Delayed 2 second(s)

2018-12-06 16:35:28 - [MESSAGE][PASSED] - Delayed 2 second(s)

2018-12-06 16:35:28 - [TEST_STEP][PASSED] - click: Object: 'Object Repository/Final Object Repo/WorkFlow Listing Page/Search Ref No Search Button' is clicked on

2018-12-06 16:35:29 - [MESSAGE][PASSED] - Object: 'Object Repository/Final Object Repo/WorkFlow Listing Page/Search Ref No Search Button' is clicked on

2018-12-06 16:35:29 - [TEST_STEP][PASSED] - delay: Delayed 6 second(s)

2018-12-06 16:35:35 - [MESSAGE][PASSED] - Delayed 6 second(s)

2018-12-06 16:35:35 - [TEST_STEP][PASSED] - click: Object: 'Object Repository/Final Object Repo/WorkFlow Listing Page/Click Continue Tooltip' is clicked on

2018-12-06 16:35:36 - [MESSAGE][PASSED] - Object: 'Object Repository/Final Object Repo/WorkFlow Listing Page/Click Continue Tooltip' is clicked on

2018-12-06 16:35:36 - [TEST_STEP][PASSED] - delay: Delayed 5 second(s)

2018-12-06 16:35:41 - [MESSAGE][PASSED] - Delayed 5 second(s)

2018-12-06 16:35:41 - [TEST_STEP][PASSED] - doubleClick: Object: 'Object Repository/Final Object Repo/WorkFlow Listing Page/Workflow Found - Listing 1' is double clicked on

2018-12-06 16:35:41 - [MESSAGE][PASSED] - Object: 'Object Repository/Final Object Repo/WorkFlow Listing Page/Workflow Found - Listing 1' is double clicked on

2018-12-06 16:35:41 - [TEST_STEP][PASSED] - Statement - println(OwnerID): null

2018-12-06 16:35:41 - [TEST_STEP][PASSED] - Statement - OwnerID = com.kms.katalon.core.webui.keyword.WebUiBuiltInKeywords.getText(com.kms.katalon.core.testobject.ObjectRepository.findTestObject(Final Object Repo/WorkFlow Listing Page/Workflow Found - Listing 1), STOP_ON_FAILURE): Text of object 'Object Repository/Final Object Repo/WorkFlow Listing Page/Workflow Found - Listing 1' is: 'JOHORuo1'

2018-12-06 16:35:41 - [MESSAGE][PASSED] - Text of object 'Object Repository/Final Object Repo/WorkFlow Listing Page/Workflow Found - Listing 1' is: 'JOHORuo1'

2018-12-06 16:35:41 - [TEST_STEP][PASSED] - Statement - OwnerID = OwnerID.toLowerCase() + "@gmail.com": null

2018-12-06 16:35:41 - [TEST_STEP][PASSED] - Statement - println(OwnerID): null

2018-12-06 16:35:41 - [TEST_STEP][PASSED] - delay: Delayed 2 second(s)

2018-12-06 16:35:43 - [MESSAGE][PASSED] - Delayed 2 second(s)

2018-12-06 16:35:43 - [MESSAGE][PASSED] - Call Test Case 'Test Cases/Final Aug 2018 - PKS Automation/Common/Workflow Owner Finder' successfully

2018-12-06 16:35:43 - [TEST_STEP][PASSED] - delay: Delayed 2 second(s)

2018-12-06 16:35:45 - [MESSAGE][PASSED] - Delayed 2 second(s)

2018-12-06 16:35:45 - [TEST_STEP][PASSED] - navigateToUrl: Navigate to 'https://assist2-uat.perkeso.gov.my/c/portal/logout' successfully

2018-12-06 16:35:46 - [MESSAGE][PASSED] - Navigate to 'https://assist2-uat.perkeso.gov.my/c/portal/logout' successfully

2018-12-06 16:35:46 - [TEST_STEP][PASSED] - delay: Delayed 2 second(s)

2018-12-06 16:35:48 - [MESSAGE][PASSED] - Delayed 2 second(s)

2018-12-06 16:35:48 - [TEST_STEP][PASSED] - callTestCase: Call Test Case 'Test Cases/Final Aug 2018 - PKS Automation/Registration Module/Workflow/Login and Search Case For Workflow' successfully

2018-12-06 16:35:48 - [TEST_CASE][PASSED] - Test Cases/Final Aug 2018 - PKS Automation/Registration Module/Workflow/Login and Search Case For Workflow: Test Cases/Final Aug 2018 - PKS Automation/Registration Module/Workflow/Login and Search Case For Workflow

2018-12-06 16:35:48 - [TEST_STEP][PASSED] - navigateToUrl: Navigate to 'https://assist2-uat.perkeso.gov.my/login' successfully

2018-12-06 16:35:48 - [MESSAGE][PASSED] - Navigate to 'https://assist2-uat.perkeso.gov.my/login' successfully

2018-12-06 16:35:48 - [TEST_STEP][PASSED] - setText: Text 'johoruo1@gmail.com' is set on object 'Object Repository/Final Object Repo/Login Page/Internal User/Email Address'

2018-12-06 16:35:49 - [MESSAGE][PASSED] - Text 'johoruo1@gmail.com' is set on object 'Object Repository/Final Object Repo/Login Page/Internal User/Email Address'

2018-12-06 16:35:49 - [TEST_STEP][PASSED] - click: Object: 'Object Repository/Final Object Repo/Login Page/Internal User/Next Button' is clicked on

2018-12-06 16:35:49 - [MESSAGE][PASSED] - Object: 'Object Repository/Final Object Repo/Login Page/Internal User/Next Button' is clicked on

2018-12-06 16:35:49 - [TEST_STEP][PASSED] - delay: Delayed 1 second(s)

2018-12-06 16:35:50 - [MESSAGE][PASSED] - Delayed 1 second(s)

2018-12-06 16:35:50 - [TEST_STEP][PASSED] - setEncryptedText: Text ****** has been set on object 'Object Repository/Final Object Repo/Login Page/Internal User/Password'

2018-12-06 16:35:50 - [MESSAGE][PASSED] - Text ****** has been set on object 'Object Repository/Final Object Repo/Login Page/Internal User/Password'

2018-12-06 16:35:50 - [TEST_STEP][PASSED] - click: Object: 'Object Repository/Final Object Repo/Login Page/Internal User/Login Button' is clicked on

2018-12-06 16:35:51 - [MESSAGE][PASSED] - Object: 'Object Repository/Final Object Repo/Login Page/Internal User/Login Button' is clicked on

2018-12-06 16:35:51 - [TEST_STEP][PASSED] - delay: Delayed 2 second(s)

2018-12-06 16:35:53 - [MESSAGE][PASSED] - Delayed 2 second(s)

2018-12-06 16:35:53 - [TEST_STEP][PASSED] - Statement - Try: Delayed 2 second(s)

2018-12-06 16:35:53 - [TEST_STEP][PASSED] - Statement - Checker = false: null

2018-12-06 16:35:53 - [TEST_STEP][PASSED] - Statement - Checker = com.kms.katalon.core.webui.keyword.WebUiBuiltInKeywords.verifyElementHasAttribute(com.kms.katalon.core.testobject.ObjectRepository.findTestObject(Final Object Repo/Landing Page/BM Detecting), "href", 20, OPTIONAL): Object 'Object Repository/Final Object Repo/Landing Page/BM Detecting' has attribute 'href'

2018-12-06 16:35:53 - [MESSAGE][PASSED] - Object 'Object Repository/Final Object Repo/Landing Page/BM Detecting' has attribute 'href'

2018-12-06 16:35:53 - [TEST_STEP][PASSED] - Statement - out.println(Checker): null

2018-12-06 16:35:53 - [TEST_STEP][PASSED] - Statement - If (Checker == false): null

2018-12-06 16:35:53 - [TEST_STEP][PASSED] - Statement - Else: null

2018-12-06 16:35:53 - [TEST_STEP][PASSED] - delay: Delayed 2 second(s)

2018-12-06 16:35:55 - [MESSAGE][PASSED] - Delayed 2 second(s)

2018-12-06 16:35:55 - [TEST_STEP][PASSED] - click: Object: 'Object Repository/Final Object Repo/Page_MyASSIST - ASSIST - Search Pending Case For Add Supporting Document/Search Information' is clicked on

2018-12-06 16:35:55 - [MESSAGE][PASSED] - Object: 'Object Repository/Final Object Repo/Page_MyASSIST - ASSIST - Search Pending Case For Add Supporting Document/Search Information' is clicked on

2018-12-06 16:35:55 - [TEST_STEP][PASSED] - delay: Delayed 3 second(s)

2018-12-06 16:35:58 - [MESSAGE][PASSED] - Delayed 3 second(s)

2018-12-06 16:35:58 - [TEST_STEP][PASSED] - sendKeys: Keys 'CUN122018C100005843' sent to object: 'Object Repository/Final Object Repo/Page_MyASSIST - ASSIST - Search Pending Case For Add Supporting Document/Reference No'

2018-12-06 16:35:58 - [MESSAGE][PASSED] - Keys 'CUN122018C100005843' sent to object: 'Object Repository/Final Object Repo/Page_MyASSIST - ASSIST - Search Pending Case For Add Supporting Document/Reference No'

2018-12-06 16:35:58 - [TEST_STEP][PASSED] - click: Object: 'Object Repository/Final Object Repo/Page_MyASSIST - ASSIST - Search Pending Case For Add Supporting Document/Search Reference No' is clicked on

2018-12-06 16:35:58 - [MESSAGE][PASSED] - Object: 'Object Repository/Final Object Repo/Page_MyASSIST - ASSIST - Search Pending Case For Add Supporting Document/Search Reference No' is clicked on

2018-12-06 16:35:58 - [TEST_STEP][PASSED] - delay: Delayed 2 second(s)

2018-12-06 16:36:00 - [MESSAGE][PASSED] - Delayed 2 second(s)

2018-12-06 16:36:00 - [TEST_STEP][PASSED] - click: Object: 'Object Repository/Final Object Repo/Page_MyASSIST - ASSIST - Search Pending Case For Add Supporting Document/Continue' is clicked on

2018-12-06 16:36:04 - [MESSAGE][PASSED] - Object: 'Object Repository/Final Object Repo/Page_MyASSIST - ASSIST - Search Pending Case For Add Supporting Document/Continue' is clicked on

2018-12-06 16:36:04 - [TEST_STEP][PASSED] - delay: Delayed 20 second(s)

2018-12-06 16:36:24 - [MESSAGE][PASSED] - Delayed 20 second(s)

2018-12-06 16:36:24 - [MESSAGE][PASSED] - Call Test Case 'Test Cases/Final Aug 2018 - PKS Automation/Registration Module/Workflow/Login and Search Case For Workflow' successfully

2018-12-06 16:36:24 - [TEST_STEP][PASSED] - click: Object: 'Object Repository/Final Object Repo/Page_Update Employee Information By Employee/Page_Update Employee Information By Employee (Approve)/Continue' is clicked on

2018-12-06 16:36:27 - [MESSAGE][PASSED] - Object: 'Object Repository/Final Object Repo/Page_Update Employee Information By Employee/Page_Update Employee Information By Employee (Approve)/Continue' is clicked on

2018-12-06 16:36:27 - [TEST_STEP][PASSED] - delay: Delayed 2 second(s)

2018-12-06 16:36:29 - [MESSAGE][PASSED] - Delayed 2 second(s)

2018-12-06 16:36:29 - [TEST_STEP][PASSED] - click: Object: 'Object Repository/Final Object Repo/Page_Update Employee Information By Employer/Page_Update Employee Information by Employer (Approve)/Save  Continue in Update Employee Information Page' is clicked on

2018-12-06 16:36:29 - [MESSAGE][PASSED] - Object: 'Object Repository/Final Object Repo/Page_Update Employee Information By Employer/Page_Update Employee Information by Employer (Approve)/Save  Continue in Update Employee Information Page' is clicked on

2018-12-06 16:36:29 - [TEST_STEP][PASSED] - delay: Delayed 2 second(s)

2018-12-06 16:36:31 - [MESSAGE][PASSED] - Delayed 2 second(s)

2018-12-06 16:36:31 - [TEST_STEP][PASSED] - click: Object: 'Object Repository/Final Object Repo/Page_Update Employee Information By Employer/Page_Update Employee Information by Employer (Approve)/Save  Continue in Upload Supporting Doucument Page' is clicked on

2018-12-06 16:36:32 - [MESSAGE][PASSED] - Object: 'Object Repository/Final Object Repo/Page_Update Employee Information By Employer/Page_Update Employee Information by Employer (Approve)/Save  Continue in Upload Supporting Doucument Page' is clicked on

2018-12-06 16:36:32 - [TEST_STEP][PASSED] - delay: Delayed 2 second(s)

2018-12-06 16:36:34 - [MESSAGE][PASSED] - Delayed 2 second(s)

2018-12-06 16:36:34 - [TEST_STEP][PASSED] - click: Object: 'Object Repository/Final Object Repo/Page_Update Employee Information By Employee/Page_Update Employee Information by Employee (Under enforcement)/Under enforcement' is clicked on

2018-12-06 16:36:36 - [MESSAGE][PASSED] - Object: 'Object Repository/Final Object Repo/Page_Update Employee Information By Employee/Page_Update Employee Information by Employee (Under enforcement)/Under enforcement' is clicked on

2018-12-06 16:36:36 - [TEST_STEP][PASSED] - delay: Delayed 2 second(s)

2018-12-06 16:36:38 - [MESSAGE][PASSED] - Delayed 2 second(s)

2018-12-06 16:36:38 - [TEST_STEP][PASSED] - setText: Text 'remark' is set on object 'Object Repository/Final Object Repo/Page_Update Employee Information By Employee/Page_Update Employee Information by Employee (Under enforcement)/Under enforcement - remark'

2018-12-06 16:36:39 - [MESSAGE][PASSED] - Text 'remark' is set on object 'Object Repository/Final Object Repo/Page_Update Employee Information By Employee/Page_Update Employee Information by Employee (Under enforcement)/Under enforcement - remark'

2018-12-06 16:36:39 - [TEST_STEP][PASSED] - delay: Delayed 2 second(s)

2018-12-06 16:36:41 - [MESSAGE][PASSED] - Delayed 2 second(s)

2018-12-06 16:36:41 - [TEST_STEP][PASSED] - click: Object: 'Object Repository/Final Object Repo/Page_Update Employee Information By Employee/Page_Update Employee Information by Employee (Under enforcement)/Save  Continue in Under enforcement Page' is clicked on

2018-12-06 16:36:41 - [MESSAGE][PASSED] - Object: 'Object Repository/Final Object Repo/Page_Update Employee Information By Employee/Page_Update Employee Information by Employee (Under enforcement)/Save  Continue in Under enforcement Page' is clicked on

2018-12-06 16:36:41 - [TEST_STEP][PASSED] - click: Object: 'Object Repository/Final Object Repo/Page_Update Employee Information By Employee/Page_Update Employee Information by Employee (Under enforcement)/Message The case is under enforcement' is clicked on

2018-12-06 16:36:45 - [MESSAGE][PASSED] - Object: 'Object Repository/Final Object Repo/Page_Update Employee Information By Employee/Page_Update Employee Information by Employee (Under enforcement)/Message The case is under enforcement' is clicked on

2018-12-06 16:36:45 - [MESSAGE][PASSED] - Call Test Case 'Test Cases/Final Aug 2018 - PKS Automation/Registration Module/Workflow/Update Employee Information (Employee)/Template/Update Employee Information - Special Case - UO (Under enforcement)' successfully]]></system-out>
         <system-err><![CDATA[]]></system-err>
      </testcase>
      <system-out><![CDATA[2018-12-06 16:02:42 - [TEST_SUITE][FAILED] - Update Employee Information (Employee): Test Cases/Final Aug 2018 - PKS Automation/Registration Module/Workflow/Update Employee Information (Employee)/OTC to UO (Query) FAILED because (of) (Stack trace: com.kms.katalon.core.exception.StepFailedException: Unable to send keys 'C:\Users\Public\Pictures\Sample Pictures\Koala.jpg' to object 'Object Repository/Final Object Repo/Page_Update Employee Information By Employee/Page_Update Employee Information by Employee (Query -OTC -UO)/Uploading File' (Root cause: com.kms.katalon.core.webui.exception.WebElementNotFoundException: Web element with id: 'Object Repository/Final Object Repo/Page_Update Employee Information By Employee/Page_Update Employee Information by Employee (Query -OTC -UO)/Uploading File' located by 'By.xpath: //input[@type = 'file' and @id = '_searchforemployer_WAR_registrationportlet_uploadFile']' not found)
	at com.kms.katalon.core.keyword.internal.KeywordMain.stepFailed(KeywordMain.groovy:32)
	at com.kms.katalon.core.webui.keyword.internal.WebUIKeywordMain.stepFailed(WebUIKeywordMain.groovy:65)
	at com.kms.katalon.core.webui.keyword.internal.WebUIKeywordMain.runKeyword(WebUIKeywordMain.groovy:27)
	at com.kms.katalon.core.webui.keyword.builtin.SendKeysKeyword.sendKeys(SendKeysKeyword.groovy:60)
	at com.kms.katalon.core.webui.keyword.builtin.SendKeysKeyword.execute(SendKeysKeyword.groovy:38)
	at com.kms.katalon.core.keyword.internal.KeywordExecutor.executeKeywordForPlatform(KeywordExecutor.groovy:53)
	at com.kms.katalon.core.webui.keyword.WebUiBuiltInKeywords.sendKeys(WebUiBuiltInKeywords.groovy:834)
	at com.kms.katalon.core.webui.keyword.WebUiBuiltInKeywords$sendKeys$11.call(Unknown Source)
	at org.codehaus.groovy.runtime.callsite.CallSiteArray.defaultCall(CallSiteArray.java:48)
	at org.codehaus.groovy.runtime.callsite.AbstractCallSite.call(AbstractCallSite.java:113)
	at org.codehaus.groovy.runtime.callsite.AbstractCallSite.call(AbstractCallSite.java:133)
	at Script1537850574768.run(Script1537850574768.groovy:96)
	at com.kms.katalon.core.main.ScriptEngine.run(ScriptEngine.java:183)
	at com.kms.katalon.core.main.ScriptEngine.runScriptAsRawText(ScriptEngine.java:108)
	at com.kms.katalon.core.main.TestCaseExecutor.runScript(TestCaseExecutor.java:294)
	at com.kms.katalon.core.main.TestCaseExecutor.doExecute(TestCaseExecutor.java:285)
	at com.kms.katalon.core.main.TestCaseExecutor.processExecutionPhase(TestCaseExecutor.java:264)
	at com.kms.katalon.core.main.TestCaseExecutor.accessMainPhase(TestCaseExecutor.java:256)
	at com.kms.katalon.core.main.TestCaseExecutor.execute(TestCaseExecutor.java:200)
	at com.kms.katalon.core.main.TestCaseMain.runTestCase(TestCaseMain.java:99)
	at com.kms.katalon.core.keyword.builtin.CallTestCaseKeyword$_callTestCase_closure1.doCall(CallTestCaseKeyword.groovy:60)
	at com.kms.katalon.core.keyword.builtin.CallTestCaseKeyword$_callTestCase_closure1.call(CallTestCaseKeyword.groovy)
	at com.kms.katalon.core.keyword.internal.KeywordMain.runKeyword(KeywordMain.groovy:54)
	at com.kms.katalon.core.keyword.builtin.CallTestCaseKeyword.callTestCase(CallTestCaseKeyword.groovy:81)
	at com.kms.katalon.core.keyword.builtin.CallTestCaseKeyword.execute(CallTestCaseKeyword.groovy:45)
	at com.kms.katalon.core.keyword.internal.KeywordExecutor.executeKeywordForPlatform(KeywordExecutor.groovy:53)
	at com.kms.katalon.core.keyword.BuiltinKeywords.callTestCase(BuiltinKeywords.groovy:334)
	at sun.reflect.NativeMethodAccessorImpl.invoke0(Native Method)
	at sun.reflect.NativeMethodAccessorImpl.invoke(NativeMethodAccessorImpl.java:62)
	at sun.reflect.DelegatingMethodAccessorImpl.invoke(DelegatingMethodAccessorImpl.java:43)
	at java.lang.reflect.Method.invoke(Method.java:498)
	at org.codehaus.groovy.reflection.CachedMethod.invoke(CachedMethod.java:93)
	at groovy.lang.MetaMethod.doMethodInvoke(MetaMethod.java:325)
	at groovy.lang.MetaClassImpl.invokeStaticMethod(MetaClassImpl.java:1469)
	at org.codehaus.groovy.runtime.callsite.StaticMetaClassSite.call(StaticMetaClassSite.java:53)
	at org.codehaus.groovy.runtime.callsite.CallSiteArray.defaultCall(CallSiteArray.java:48)
	at org.codehaus.groovy.runtime.callsite.AbstractCallSite.call(AbstractCallSite.java:113)
	at org.codehaus.groovy.runtime.callsite.AbstractCallSite.call(AbstractCallSite.java:141)
	at Script1536216788499.run(Script1536216788499.groovy:25)
	at com.kms.katalon.core.main.ScriptEngine.run(ScriptEngine.java:183)
	at com.kms.katalon.core.main.ScriptEngine.runScriptAsRawText(ScriptEngine.java:108)
	at com.kms.katalon.core.main.TestCaseExecutor.runScript(TestCaseExecutor.java:294)
	at com.kms.katalon.core.main.TestCaseExecutor.doExecute(TestCaseExecutor.java:285)
	at com.kms.katalon.core.main.TestCaseExecutor.processExecutionPhase(TestCaseExecutor.java:264)
	at com.kms.katalon.core.main.TestCaseExecutor.accessMainPhase(TestCaseExecutor.java:256)
	at com.kms.katalon.core.main.TestCaseExecutor.execute(TestCaseExecutor.java:200)
	at com.kms.katalon.core.main.TestSuiteExecutor.accessTestCaseMainPhase(TestSuiteExecutor.java:129)
	at com.kms.katalon.core.main.TestSuiteExecutor.accessTestSuiteMainPhase(TestSuiteExecutor.java:112)
	at com.kms.katalon.core.main.TestSuiteExecutor.execute(TestSuiteExecutor.java:81)
	at com.kms.katalon.core.main.TestCaseMain.startTestSuite(TestCaseMain.java:142)
	at com.kms.katalon.core.main.TestCaseMain$startTestSuite$0.call(Unknown Source)
	at org.codehaus.groovy.runtime.callsite.CallSiteArray.defaultCall(CallSiteArray.java:48)
	at org.codehaus.groovy.runtime.callsite.AbstractCallSite.call(AbstractCallSite.java:113)
	at org.codehaus.groovy.runtime.callsite.AbstractCallSite.call(AbstractCallSite.java:141)
	at TempTestSuite1544083360207.run(TempTestSuite1544083360207.groovy:36)
	at groovy.lang.GroovyShell.runScriptOrMainOrTestOrRunnable(GroovyShell.java:263)
	at groovy.lang.GroovyShell.run(GroovyShell.java:518)
	at groovy.lang.GroovyShell.run(GroovyShell.java:507)
	at groovy.ui.GroovyMain.processOnce(GroovyMain.java:653)
	at groovy.ui.GroovyMain.run(GroovyMain.java:384)
	at groovy.ui.GroovyMain.process(GroovyMain.java:370)
	at groovy.ui.GroovyMain.processArgs(GroovyMain.java:129)
	at groovy.ui.GroovyMain.main(GroovyMain.java:109)
	at sun.reflect.NativeMethodAccessorImpl.invoke0(Native Method)
	at sun.reflect.NativeMethodAccessorImpl.invoke(NativeMethodAccessorImpl.java:62)
	at sun.reflect.DelegatingMethodAccessorImpl.invoke(DelegatingMethodAccessorImpl.java:43)
	at java.lang.reflect.Method.invoke(Method.java:498)
	at org.codehaus.groovy.tools.GroovyStarter.rootLoader(GroovyStarter.java:109)
	at org.codehaus.groovy.tools.GroovyStarter.main(GroovyStarter.java:131)
)]]></system-out>
      <system-err><![CDATA[2018-12-06 16:02:42 - [TEST_SUITE][FAILED] - Update Employee Information (Employee): Test Cases/Final Aug 2018 - PKS Automation/Registration Module/Workflow/Update Employee Information (Employee)/OTC to UO (Query) FAILED because (of) (Stack trace: com.kms.katalon.core.exception.StepFailedException: Unable to send keys 'C:\Users\Public\Pictures\Sample Pictures\Koala.jpg' to object 'Object Repository/Final Object Repo/Page_Update Employee Information By Employee/Page_Update Employee Information by Employee (Query -OTC -UO)/Uploading File' (Root cause: com.kms.katalon.core.webui.exception.WebElementNotFoundException: Web element with id: 'Object Repository/Final Object Repo/Page_Update Employee Information By Employee/Page_Update Employee Information by Employee (Query -OTC -UO)/Uploading File' located by 'By.xpath: //input[@type = 'file' and @id = '_searchforemployer_WAR_registrationportlet_uploadFile']' not found)
	at com.kms.katalon.core.keyword.internal.KeywordMain.stepFailed(KeywordMain.groovy:32)
	at com.kms.katalon.core.webui.keyword.internal.WebUIKeywordMain.stepFailed(WebUIKeywordMain.groovy:65)
	at com.kms.katalon.core.webui.keyword.internal.WebUIKeywordMain.runKeyword(WebUIKeywordMain.groovy:27)
	at com.kms.katalon.core.webui.keyword.builtin.SendKeysKeyword.sendKeys(SendKeysKeyword.groovy:60)
	at com.kms.katalon.core.webui.keyword.builtin.SendKeysKeyword.execute(SendKeysKeyword.groovy:38)
	at com.kms.katalon.core.keyword.internal.KeywordExecutor.executeKeywordForPlatform(KeywordExecutor.groovy:53)
	at com.kms.katalon.core.webui.keyword.WebUiBuiltInKeywords.sendKeys(WebUiBuiltInKeywords.groovy:834)
	at com.kms.katalon.core.webui.keyword.WebUiBuiltInKeywords$sendKeys$11.call(Unknown Source)
	at org.codehaus.groovy.runtime.callsite.CallSiteArray.defaultCall(CallSiteArray.java:48)
	at org.codehaus.groovy.runtime.callsite.AbstractCallSite.call(AbstractCallSite.java:113)
	at org.codehaus.groovy.runtime.callsite.AbstractCallSite.call(AbstractCallSite.java:133)
	at Script1537850574768.run(Script1537850574768.groovy:96)
	at com.kms.katalon.core.main.ScriptEngine.run(ScriptEngine.java:183)
	at com.kms.katalon.core.main.ScriptEngine.runScriptAsRawText(ScriptEngine.java:108)
	at com.kms.katalon.core.main.TestCaseExecutor.runScript(TestCaseExecutor.java:294)
	at com.kms.katalon.core.main.TestCaseExecutor.doExecute(TestCaseExecutor.java:285)
	at com.kms.katalon.core.main.TestCaseExecutor.processExecutionPhase(TestCaseExecutor.java:264)
	at com.kms.katalon.core.main.TestCaseExecutor.accessMainPhase(TestCaseExecutor.java:256)
	at com.kms.katalon.core.main.TestCaseExecutor.execute(TestCaseExecutor.java:200)
	at com.kms.katalon.core.main.TestCaseMain.runTestCase(TestCaseMain.java:99)
	at com.kms.katalon.core.keyword.builtin.CallTestCaseKeyword$_callTestCase_closure1.doCall(CallTestCaseKeyword.groovy:60)
	at com.kms.katalon.core.keyword.builtin.CallTestCaseKeyword$_callTestCase_closure1.call(CallTestCaseKeyword.groovy)
	at com.kms.katalon.core.keyword.internal.KeywordMain.runKeyword(KeywordMain.groovy:54)
	at com.kms.katalon.core.keyword.builtin.CallTestCaseKeyword.callTestCase(CallTestCaseKeyword.groovy:81)
	at com.kms.katalon.core.keyword.builtin.CallTestCaseKeyword.execute(CallTestCaseKeyword.groovy:45)
	at com.kms.katalon.core.keyword.internal.KeywordExecutor.executeKeywordForPlatform(KeywordExecutor.groovy:53)
	at com.kms.katalon.core.keyword.BuiltinKeywords.callTestCase(BuiltinKeywords.groovy:334)
	at sun.reflect.NativeMethodAccessorImpl.invoke0(Native Method)
	at sun.reflect.NativeMethodAccessorImpl.invoke(NativeMethodAccessorImpl.java:62)
	at sun.reflect.DelegatingMethodAccessorImpl.invoke(DelegatingMethodAccessorImpl.java:43)
	at java.lang.reflect.Method.invoke(Method.java:498)
	at org.codehaus.groovy.reflection.CachedMethod.invoke(CachedMethod.java:93)
	at groovy.lang.MetaMethod.doMethodInvoke(MetaMethod.java:325)
	at groovy.lang.MetaClassImpl.invokeStaticMethod(MetaClassImpl.java:1469)
	at org.codehaus.groovy.runtime.callsite.StaticMetaClassSite.call(StaticMetaClassSite.java:53)
	at org.codehaus.groovy.runtime.callsite.CallSiteArray.defaultCall(CallSiteArray.java:48)
	at org.codehaus.groovy.runtime.callsite.AbstractCallSite.call(AbstractCallSite.java:113)
	at org.codehaus.groovy.runtime.callsite.AbstractCallSite.call(AbstractCallSite.java:141)
	at Script1536216788499.run(Script1536216788499.groovy:25)
	at com.kms.katalon.core.main.ScriptEngine.run(ScriptEngine.java:183)
	at com.kms.katalon.core.main.ScriptEngine.runScriptAsRawText(ScriptEngine.java:108)
	at com.kms.katalon.core.main.TestCaseExecutor.runScript(TestCaseExecutor.java:294)
	at com.kms.katalon.core.main.TestCaseExecutor.doExecute(TestCaseExecutor.java:285)
	at com.kms.katalon.core.main.TestCaseExecutor.processExecutionPhase(TestCaseExecutor.java:264)
	at com.kms.katalon.core.main.TestCaseExecutor.accessMainPhase(TestCaseExecutor.java:256)
	at com.kms.katalon.core.main.TestCaseExecutor.execute(TestCaseExecutor.java:200)
	at com.kms.katalon.core.main.TestSuiteExecutor.accessTestCaseMainPhase(TestSuiteExecutor.java:129)
	at com.kms.katalon.core.main.TestSuiteExecutor.accessTestSuiteMainPhase(TestSuiteExecutor.java:112)
	at com.kms.katalon.core.main.TestSuiteExecutor.execute(TestSuiteExecutor.java:81)
	at com.kms.katalon.core.main.TestCaseMain.startTestSuite(TestCaseMain.java:142)
	at com.kms.katalon.core.main.TestCaseMain$startTestSuite$0.call(Unknown Source)
	at org.codehaus.groovy.runtime.callsite.CallSiteArray.defaultCall(CallSiteArray.java:48)
	at org.codehaus.groovy.runtime.callsite.AbstractCallSite.call(AbstractCallSite.java:113)
	at org.codehaus.groovy.runtime.callsite.AbstractCallSite.call(AbstractCallSite.java:141)
	at TempTestSuite1544083360207.run(TempTestSuite1544083360207.groovy:36)
	at groovy.lang.GroovyShell.runScriptOrMainOrTestOrRunnable(GroovyShell.java:263)
	at groovy.lang.GroovyShell.run(GroovyShell.java:518)
	at groovy.lang.GroovyShell.run(GroovyShell.java:507)
	at groovy.ui.GroovyMain.processOnce(GroovyMain.java:653)
	at groovy.ui.GroovyMain.run(GroovyMain.java:384)
	at groovy.ui.GroovyMain.process(GroovyMain.java:370)
	at groovy.ui.GroovyMain.processArgs(GroovyMain.java:129)
	at groovy.ui.GroovyMain.main(GroovyMain.java:109)
	at sun.reflect.NativeMethodAccessorImpl.invoke0(Native Method)
	at sun.reflect.NativeMethodAccessorImpl.invoke(NativeMethodAccessorImpl.java:62)
	at sun.reflect.DelegatingMethodAccessorImpl.invoke(DelegatingMethodAccessorImpl.java:43)
	at java.lang.reflect.Method.invoke(Method.java:498)
	at org.codehaus.groovy.tools.GroovyStarter.rootLoader(GroovyStarter.java:109)
	at org.codehaus.groovy.tools.GroovyStarter.main(GroovyStarter.java:131)
)]]></system-err>
   </testsuite>
</testsuites>
