<?xml version="1.0" encoding="UTF-8"?>
<testsuites name="Request SSN" time="2381" tests="6" failures="0" errors="0">
   <testsuite name="Request SSN" tests="6" failures="0" errors="0" time="2381" timestamp="2018-12-06 09:47:43" hostname="Admin - Win7Test02" id="Test Suites/Workflow/Request SSN">
      <properties>
         <property name="deviceName" value=""/>
         <property name="devicePlatform" value=""/>
         <property name="logFolder" value="C:\\Users\\Admin\\Desktop\\PKS\\Perkeso Phase A\\Reports\\Workflow\\Request SSN\\20181206_094740"/>
         <property name="logFiles" value="C:\\Users\\Admin\\Desktop\\PKS\\Perkeso Phase A\\Reports\\Workflow\\Request SSN\\20181206_094740\\execution0.log"/>
         <property name="attachments" value=""/>
         <property name="hostName" value="Admin - Win7Test02"/>
         <property name="os" value="Windows 7 64bit"/>
         <property name="katalonVersion" value="5.8.6.1"/>
         <property name="browser" value="Chrome 70.0.3538.110"/>
         <property name="hostAddress" value="10.20.3.72"/>
         <property name="sessionId" value="074eb0e334ec581f7bcf886f9072afdb"/>
         <property name="seleniumVersion" value="3.7.1"/>
         <property name="proxyInformation" value="ProxyInformation{proxyOption=NO_PROXY, proxyServerType=HTTP, password=, proxyServerAddress=, proxyServerPort=0}"/>
         <property name="platform" value="Windows 7"/>
      </properties>
      <testcase name="Test Cases/Final Aug 2018 - PKS Automation/Registration Module/Workflow/Request SSN/OTC - RIO - RO (Approve)" classname="Test Cases/Final Aug 2018 - PKS Automation/Registration Module/Workflow/Request SSN/OTC - RIO - RO (Approve)" status="PASSED">
         <system-out><![CDATA[2018-12-06 09:47:43 - [TEST_CASE][PASSED] - Test Cases/Final Aug 2018 - PKS Automation/Registration Module/Workflow/Request SSN/OTC - RIO - RO (Approve): Test Cases/Final Aug 2018 - PKS Automation/Registration Module/Workflow/Request SSN/OTC - RIO - RO (Approve)

2018-12-06 09:47:44 - [TEST_STEP][PASSED] - callTestCase: Call Test Case 'Test Cases/Final Aug 2018 - PKS Automation/Registration Module/Workflow/Request SSN/Template/Request SSN - OTC (Using Current Employer Code)' successfully

2018-12-06 09:47:44 - [TEST_CASE][PASSED] - Test Cases/Final Aug 2018 - PKS Automation/Registration Module/Workflow/Request SSN/Template/Request SSN - OTC (Using Current Employer Code): Test Cases/Final Aug 2018 - PKS Automation/Registration Module/Workflow/Request SSN/Template/Request SSN - OTC (Using Current Employer Code)

2018-12-06 09:47:44 - [TEST_STEP][PASSED] - openBrowser: Browser is opened with url: ''

2018-12-06 09:47:48 - [MESSAGE][PASSED] - Browser is opened with url: ''

2018-12-06 09:47:48 - [TEST_STEP][PASSED] - navigateToUrl: Navigate to 'https://assist2-uat.perkeso.gov.my/login' successfully

2018-12-06 09:47:50 - [MESSAGE][PASSED] - Navigate to 'https://assist2-uat.perkeso.gov.my/login' successfully

2018-12-06 09:47:50 - [TEST_STEP][PASSED] - setText: Text 'johorotc1@gmail.com' is set on object 'Object Repository/Final Object Repo/Login Page/Internal User/Email Address'

2018-12-06 09:47:50 - [MESSAGE][PASSED] - Text 'johorotc1@gmail.com' is set on object 'Object Repository/Final Object Repo/Login Page/Internal User/Email Address'

2018-12-06 09:47:50 - [TEST_STEP][PASSED] - click: Object: 'Object Repository/Final Object Repo/Login Page/Internal User/Next Button' is clicked on

2018-12-06 09:47:50 - [MESSAGE][PASSED] - Object: 'Object Repository/Final Object Repo/Login Page/Internal User/Next Button' is clicked on

2018-12-06 09:47:50 - [TEST_STEP][PASSED] - delay: Delayed 1 second(s)

2018-12-06 09:47:51 - [MESSAGE][PASSED] - Delayed 1 second(s)

2018-12-06 09:47:51 - [TEST_STEP][PASSED] - setEncryptedText: Text ****** has been set on object 'Object Repository/Final Object Repo/Login Page/Internal User/Password'

2018-12-06 09:47:52 - [MESSAGE][PASSED] - Text ****** has been set on object 'Object Repository/Final Object Repo/Login Page/Internal User/Password'

2018-12-06 09:47:52 - [TEST_STEP][PASSED] - click: Object: 'Object Repository/Final Object Repo/Login Page/Internal User/Login Button' is clicked on

2018-12-06 09:47:52 - [MESSAGE][PASSED] - Object: 'Object Repository/Final Object Repo/Login Page/Internal User/Login Button' is clicked on

2018-12-06 09:47:52 - [TEST_STEP][PASSED] - delay: Delayed 1 second(s)

2018-12-06 09:47:53 - [MESSAGE][PASSED] - Delayed 1 second(s)

2018-12-06 09:47:53 - [TEST_STEP][PASSED] - Statement - tester = com.kms.katalon.core.testobject.ObjectRepository.findTestObject(Final Object Repo/Landing Page/Select to English): Finding Test Object with id 'Object Repository/Final Object Repo/Landing Page/Select to English'

2018-12-06 09:47:53 - [TEST_STEP][PASSED] - Statement - Try: Delayed 2 second(s)

2018-12-06 09:47:53 - [TEST_STEP][PASSED] - Statement - Checker = com.kms.katalon.core.webui.keyword.WebUiBuiltInKeywords.verifyElementNotPresent(tester, 5): Web element with id: 'Object Repository/Final Object Repo/Landing Page/Select to English' located by 'By.xpath: //a[@class = 'taglib-language-list-text' and @lang = 'en-US' and (contains(text(), 'EN') or contains(., 'EN'))]' is not present after '5' second(s)

2018-12-06 09:47:54 - [MESSAGE][PASSED] - Web element with id: 'Object Repository/Final Object Repo/Landing Page/Select to English' located by 'By.xpath: //a[@class = 'taglib-language-list-text' and @lang = 'en-US' and (contains(text(), 'EN') or contains(., 'EN'))]' is not present after '5' second(s)

2018-12-06 09:47:54 - [TEST_STEP][PASSED] - Statement - If (Checker == false): null

2018-12-06 09:47:54 - [TEST_STEP][PASSED] - delay: Delayed 2 second(s)

2018-12-06 09:47:56 - [MESSAGE][PASSED] - Delayed 2 second(s)

2018-12-06 09:47:56 - [TEST_STEP][PASSED] - delay: Delayed 5 second(s)

2018-12-06 09:48:01 - [MESSAGE][PASSED] - Delayed 5 second(s)

2018-12-06 09:48:01 - [TEST_STEP][PASSED] - delay: Delayed 1 second(s)

2018-12-06 09:48:02 - [MESSAGE][PASSED] - Delayed 1 second(s)

2018-12-06 09:48:02 - [TEST_STEP][PASSED] - navigateToUrl: Navigate to 'https://assist2-uat.perkeso.gov.my/web/registration/request-ssn' successfully

2018-12-06 09:48:06 - [MESSAGE][PASSED] - Navigate to 'https://assist2-uat.perkeso.gov.my/web/registration/request-ssn' successfully

2018-12-06 09:48:06 - [TEST_STEP][PASSED] - setText: Text 'perkeso' is set on object 'Object Repository/Final Object Repo/Page_Request SSN - ASSIST/AI - Name'

2018-12-06 09:48:07 - [MESSAGE][PASSED] - Text 'perkeso' is set on object 'Object Repository/Final Object Repo/Page_Request SSN - ASSIST/AI - Name'

2018-12-06 09:48:07 - [TEST_STEP][PASSED] - click: Object: 'Object Repository/Final Object Repo/Page_Request SSN - ASSIST/AI - DOB' is clicked on

2018-12-06 09:48:07 - [MESSAGE][PASSED] - Object: 'Object Repository/Final Object Repo/Page_Request SSN - ASSIST/AI - DOB' is clicked on

2018-12-06 09:48:07 - [TEST_STEP][PASSED] - selectOptionByValue: All options with value '1995' are selected in object 'Object Repository/Final Object Repo/Page_Request SSN - ASSIST/AI - DOB - Year' 

2018-12-06 09:48:08 - [MESSAGE][PASSED] - All options with value '1995' are selected in object 'Object Repository/Final Object Repo/Page_Request SSN - ASSIST/AI - DOB - Year' 

2018-12-06 09:48:08 - [TEST_STEP][PASSED] - delay: Delayed 3 second(s)

2018-12-06 09:48:11 - [MESSAGE][PASSED] - Delayed 3 second(s)

2018-12-06 09:48:11 - [TEST_STEP][PASSED] - doubleClick: Object: 'Object Repository/Final Object Repo/Page_Request SSN - ASSIST/AI - DOB - Year - Date' is double clicked on

2018-12-06 09:48:11 - [MESSAGE][PASSED] - Object: 'Object Repository/Final Object Repo/Page_Request SSN - ASSIST/AI - DOB - Year - Date' is double clicked on

2018-12-06 09:48:11 - [TEST_STEP][PASSED] - click: Object: 'Object Repository/Final Object Repo/Page_Request SSN - ASSIST/AI - Male' is clicked on

2018-12-06 09:48:11 - [MESSAGE][PASSED] - Object: 'Object Repository/Final Object Repo/Page_Request SSN - ASSIST/AI - Male' is clicked on

2018-12-06 09:48:11 - [TEST_STEP][PASSED] - click: Object: 'Object Repository/Final Object Repo/Page_Request SSN - ASSIST/AI- Race' is clicked on

2018-12-06 09:48:12 - [MESSAGE][PASSED] - Object: 'Object Repository/Final Object Repo/Page_Request SSN - ASSIST/AI- Race' is clicked on

2018-12-06 09:48:12 - [TEST_STEP][PASSED] - click: Object: 'Object Repository/Final Object Repo/Page_Request SSN - ASSIST/AI - Race - Melayu' is clicked on

2018-12-06 09:48:12 - [MESSAGE][PASSED] - Object: 'Object Repository/Final Object Repo/Page_Request SSN - ASSIST/AI - Race - Melayu' is clicked on

2018-12-06 09:48:12 - [TEST_STEP][PASSED] - click: Object: 'Object Repository/Final Object Repo/Page_Request SSN - ASSIST/AI - Religion' is clicked on

2018-12-06 09:48:12 - [MESSAGE][PASSED] - Object: 'Object Repository/Final Object Repo/Page_Request SSN - ASSIST/AI - Religion' is clicked on

2018-12-06 09:48:12 - [TEST_STEP][PASSED] - click: Object: 'Object Repository/Final Object Repo/Page_Request SSN - ASSIST/AI - Religion - Islam' is clicked on

2018-12-06 09:48:12 - [MESSAGE][PASSED] - Object: 'Object Repository/Final Object Repo/Page_Request SSN - ASSIST/AI - Religion - Islam' is clicked on

2018-12-06 09:48:12 - [TEST_STEP][PASSED] - setText: Text '12345' is set on object 'Object Repository/Final Object Repo/Page_Request SSN - ASSIST/AI - Birth Certificate'

2018-12-06 09:48:13 - [MESSAGE][PASSED] - Text '12345' is set on object 'Object Repository/Final Object Repo/Page_Request SSN - ASSIST/AI - Birth Certificate'

2018-12-06 09:48:13 - [TEST_STEP][PASSED] - click: Object: 'Object Repository/Final Object Repo/Page_Request SSN - ASSIST/AI - Nationality' is clicked on

2018-12-06 09:48:13 - [MESSAGE][PASSED] - Object: 'Object Repository/Final Object Repo/Page_Request SSN - ASSIST/AI - Nationality' is clicked on

2018-12-06 09:48:13 - [TEST_STEP][PASSED] - click: Object: 'Object Repository/Final Object Repo/Page_Request SSN - ASSIST/AI - Nationality - Afghanistan' is clicked on

2018-12-06 09:48:14 - [MESSAGE][PASSED] - Object: 'Object Repository/Final Object Repo/Page_Request SSN - ASSIST/AI - Nationality - Afghanistan' is clicked on

2018-12-06 09:48:14 - [TEST_STEP][PASSED] - setText: Text 'PERKESO ADDRESS1' is set on object 'Object Repository/Final Object Repo/Page_Request SSN - ASSIST/AI - Address1'

2018-12-06 09:48:15 - [MESSAGE][PASSED] - Text 'PERKESO ADDRESS1' is set on object 'Object Repository/Final Object Repo/Page_Request SSN - ASSIST/AI - Address1'

2018-12-06 09:48:15 - [TEST_STEP][PASSED] - setText: Text 'PERKESO ADDRESS2' is set on object 'Object Repository/Final Object Repo/Page_Request SSN - ASSIST/AI - Address2'

2018-12-06 09:48:16 - [MESSAGE][PASSED] - Text 'PERKESO ADDRESS2' is set on object 'Object Repository/Final Object Repo/Page_Request SSN - ASSIST/AI - Address2'

2018-12-06 09:48:16 - [TEST_STEP][PASSED] - setText: Text 'PERKESO ADDRESS3' is set on object 'Object Repository/Final Object Repo/Page_Request SSN - ASSIST/AI - Address3'

2018-12-06 09:48:17 - [MESSAGE][PASSED] - Text 'PERKESO ADDRESS3' is set on object 'Object Repository/Final Object Repo/Page_Request SSN - ASSIST/AI - Address3'

2018-12-06 09:48:17 - [TEST_STEP][PASSED] - click: Object: 'Object Repository/Final Object Repo/Page_Request SSN - ASSIST/AI - State' is clicked on

2018-12-06 09:48:18 - [MESSAGE][PASSED] - Object: 'Object Repository/Final Object Repo/Page_Request SSN - ASSIST/AI - State' is clicked on

2018-12-06 09:48:18 - [TEST_STEP][PASSED] - click: Object: 'Object Repository/Final Object Repo/Page_Request SSN - ASSIST/AI - Current Employer State - Johor' is clicked on

2018-12-06 09:48:18 - [MESSAGE][PASSED] - Object: 'Object Repository/Final Object Repo/Page_Request SSN - ASSIST/AI - Current Employer State - Johor' is clicked on

2018-12-06 09:48:18 - [TEST_STEP][PASSED] - click: Object: 'Object Repository/Final Object Repo/Page_Request SSN - ASSIST/AI - City' is clicked on

2018-12-06 09:48:18 - [MESSAGE][PASSED] - Object: 'Object Repository/Final Object Repo/Page_Request SSN - ASSIST/AI - City' is clicked on

2018-12-06 09:48:18 - [TEST_STEP][PASSED] - setText: Text 'JOH' is set on object 'Object Repository/Final Object Repo/Page_Request SSN - ASSIST/AI - City - JOH'

2018-12-06 09:48:19 - [MESSAGE][PASSED] - Text 'JOH' is set on object 'Object Repository/Final Object Repo/Page_Request SSN - ASSIST/AI - City - JOH'

2018-12-06 09:48:19 - [TEST_STEP][PASSED] - delay: Delayed 3 second(s)

2018-12-06 09:48:22 - [MESSAGE][PASSED] - Delayed 3 second(s)

2018-12-06 09:48:22 - [TEST_STEP][PASSED] - click: Object: 'Object Repository/Final Object Repo/Page_Request SSN - ASSIST/AI - City - Johor Bharu' is clicked on

2018-12-06 09:48:22 - [MESSAGE][PASSED] - Object: 'Object Repository/Final Object Repo/Page_Request SSN - ASSIST/AI - City - Johor Bharu' is clicked on

2018-12-06 09:48:22 - [TEST_STEP][PASSED] - click: Object: 'Object Repository/Final Object Repo/Page_Request SSN - ASSIST/AI - Post Code' is clicked on

2018-12-06 09:48:22 - [MESSAGE][PASSED] - Object: 'Object Repository/Final Object Repo/Page_Request SSN - ASSIST/AI - Post Code' is clicked on

2018-12-06 09:48:22 - [TEST_STEP][PASSED] - setText: Text '810' is set on object 'Object Repository/Final Object Repo/Page_Request SSN - ASSIST/AI - City - JOH'

2018-12-06 09:48:23 - [MESSAGE][PASSED] - Text '810' is set on object 'Object Repository/Final Object Repo/Page_Request SSN - ASSIST/AI - City - JOH'

2018-12-06 09:48:23 - [TEST_STEP][PASSED] - delay: Delayed 3 second(s)

2018-12-06 09:48:26 - [MESSAGE][PASSED] - Delayed 3 second(s)

2018-12-06 09:48:26 - [TEST_STEP][PASSED] - click: Object: 'Object Repository/Final Object Repo/Page_Request SSN - ASSIST/AI - PostCode - 81000' is clicked on

2018-12-06 09:48:26 - [MESSAGE][PASSED] - Object: 'Object Repository/Final Object Repo/Page_Request SSN - ASSIST/AI - PostCode - 81000' is clicked on

2018-12-06 09:48:26 - [TEST_STEP][PASSED] - setText: Text '100' is set on object 'Object Repository/Final Object Repo/Page_Request SSN - ASSIST/P.O.BOX'

2018-12-06 09:48:27 - [MESSAGE][PASSED] - Text '100' is set on object 'Object Repository/Final Object Repo/Page_Request SSN - ASSIST/P.O.BOX'

2018-12-06 09:48:27 - [TEST_STEP][PASSED] - setText: Text '100' is set on object 'Object Repository/Final Object Repo/Page_Request SSN - ASSIST/Locked Bag No'

2018-12-06 09:48:27 - [MESSAGE][PASSED] - Text '100' is set on object 'Object Repository/Final Object Repo/Page_Request SSN - ASSIST/Locked Bag No'

2018-12-06 09:48:27 - [TEST_STEP][PASSED] - delay: Delayed 2 second(s)

2018-12-06 09:48:29 - [MESSAGE][PASSED] - Delayed 2 second(s)

2018-12-06 09:48:29 - [TEST_STEP][PASSED] - setText: Text '123456789' is set on object 'Object Repository/Final Object Repo/Page_Request SSN - ASSIST/AI - Telephone No'

2018-12-06 09:48:30 - [MESSAGE][PASSED] - Text '123456789' is set on object 'Object Repository/Final Object Repo/Page_Request SSN - ASSIST/AI - Telephone No'

2018-12-06 09:48:30 - [TEST_STEP][PASSED] - click: Object: 'Object Repository/Final Object Repo/Page_Request SSN - ASSIST/AI - Occupation' is clicked on

2018-12-06 09:48:30 - [MESSAGE][PASSED] - Object: 'Object Repository/Final Object Repo/Page_Request SSN - ASSIST/AI - Occupation' is clicked on

2018-12-06 09:48:30 - [TEST_STEP][PASSED] - click: Object: 'Object Repository/Final Object Repo/Page_Request SSN - ASSIST/AI - Occupation - NUMERICAL AND MATERIAL R' is clicked on

2018-12-06 09:48:31 - [MESSAGE][PASSED] - Object: 'Object Repository/Final Object Repo/Page_Request SSN - ASSIST/AI - Occupation - NUMERICAL AND MATERIAL R' is clicked on

2018-12-06 09:48:31 - [TEST_STEP][PASSED] - delay: Delayed 2 second(s)

2018-12-06 09:48:33 - [MESSAGE][PASSED] - Delayed 2 second(s)

2018-12-06 09:48:33 - [TEST_STEP][PASSED] - click: Object: 'Object Repository/Final Object Repo/Page_Request SSN - ASSIST/AI - Sub Occupation' is clicked on

2018-12-06 09:48:33 - [MESSAGE][PASSED] - Object: 'Object Repository/Final Object Repo/Page_Request SSN - ASSIST/AI - Sub Occupation' is clicked on

2018-12-06 09:48:33 - [TEST_STEP][PASSED] - click: Object: 'Object Repository/Final Object Repo/Page_Request SSN - ASSIST/AI - Sub Occupation - Stock Clerks' is clicked on

2018-12-06 09:48:33 - [MESSAGE][PASSED] - Object: 'Object Repository/Final Object Repo/Page_Request SSN - ASSIST/AI - Sub Occupation - Stock Clerks' is clicked on

2018-12-06 09:48:33 - [TEST_STEP][PASSED] - delay: Delayed 2 second(s)

2018-12-06 09:48:35 - [MESSAGE][PASSED] - Delayed 2 second(s)

2018-12-06 09:48:35 - [TEST_STEP][PASSED] - click: Object: 'Object Repository/Final Object Repo/Page_Request SSN - ASSIST/AI - Sub Occupation List' is clicked on

2018-12-06 09:48:35 - [MESSAGE][PASSED] - Object: 'Object Repository/Final Object Repo/Page_Request SSN - ASSIST/AI - Sub Occupation List' is clicked on

2018-12-06 09:48:35 - [TEST_STEP][PASSED] - click: Object: 'Object Repository/Final Object Repo/Page_Request SSN - ASSIST/AI - Sub Occupation List - Clerk raw material' is clicked on

2018-12-06 09:48:36 - [MESSAGE][PASSED] - Object: 'Object Repository/Final Object Repo/Page_Request SSN - ASSIST/AI - Sub Occupation List - Clerk raw material' is clicked on

2018-12-06 09:48:36 - [TEST_STEP][PASSED] - click: Object: 'Object Repository/Final Object Repo/Page_Request SSN - ASSIST/AI - Employment Start Date' is clicked on

2018-12-06 09:48:36 - [MESSAGE][PASSED] - Object: 'Object Repository/Final Object Repo/Page_Request SSN - ASSIST/AI - Employment Start Date' is clicked on

2018-12-06 09:48:36 - [TEST_STEP][PASSED] - click: Object: 'Object Repository/Final Object Repo/Page_Request SSN - ASSIST/AI - DOB - Year - Date' is clicked on

2018-12-06 09:48:36 - [MESSAGE][PASSED] - Object: 'Object Repository/Final Object Repo/Page_Request SSN - ASSIST/AI - DOB - Year - Date' is clicked on

2018-12-06 09:48:36 - [TEST_STEP][PASSED] - setText: Text 'E1102001065V' is set on object 'Object Repository/Final Object Repo/Page_Request SSN - ASSIST/AI - Current Employer Code'

2018-12-06 09:48:37 - [MESSAGE][PASSED] - Text 'E1102001065V' is set on object 'Object Repository/Final Object Repo/Page_Request SSN - ASSIST/AI - Current Employer Code'

2018-12-06 09:48:37 - [TEST_STEP][PASSED] - delay: Delayed 2 second(s)

2018-12-06 09:48:39 - [MESSAGE][PASSED] - Delayed 2 second(s)

2018-12-06 09:48:39 - [TEST_STEP][PASSED] - click: Object: 'Object Repository/Final Object Repo/Page_Request SSN - ASSIST/AI - Current Employer Code - Search' is clicked on

2018-12-06 09:48:40 - [MESSAGE][PASSED] - Object: 'Object Repository/Final Object Repo/Page_Request SSN - ASSIST/AI - Current Employer Code - Search' is clicked on

2018-12-06 09:48:40 - [TEST_STEP][PASSED] - delay: Delayed 2 second(s)

2018-12-06 09:48:42 - [MESSAGE][PASSED] - Delayed 2 second(s)

2018-12-06 09:48:42 - [TEST_STEP][NOT_RUN] - setText: NOT_RUN: setText

2018-12-06 09:48:42 - [MESSAGE][NOT_RUN] - NOT_RUN: setText

2018-12-06 09:48:42 - [TEST_STEP][NOT_RUN] - setText: NOT_RUN: setText

2018-12-06 09:48:42 - [MESSAGE][NOT_RUN] - NOT_RUN: setText

2018-12-06 09:48:42 - [TEST_STEP][NOT_RUN] - setText: NOT_RUN: setText

2018-12-06 09:48:42 - [MESSAGE][NOT_RUN] - NOT_RUN: setText

2018-12-06 09:48:42 - [TEST_STEP][NOT_RUN] - setText: NOT_RUN: setText

2018-12-06 09:48:42 - [MESSAGE][NOT_RUN] - NOT_RUN: setText

2018-12-06 09:48:42 - [TEST_STEP][NOT_RUN] - click: NOT_RUN: click

2018-12-06 09:48:42 - [MESSAGE][NOT_RUN] - NOT_RUN: click

2018-12-06 09:48:42 - [TEST_STEP][NOT_RUN] - click: NOT_RUN: click

2018-12-06 09:48:42 - [MESSAGE][NOT_RUN] - NOT_RUN: click

2018-12-06 09:48:42 - [TEST_STEP][NOT_RUN] - click: NOT_RUN: click

2018-12-06 09:48:42 - [MESSAGE][NOT_RUN] - NOT_RUN: click

2018-12-06 09:48:42 - [TEST_STEP][NOT_RUN] - setText: NOT_RUN: setText

2018-12-06 09:48:42 - [MESSAGE][NOT_RUN] - NOT_RUN: setText

2018-12-06 09:48:42 - [TEST_STEP][NOT_RUN] - delay: NOT_RUN: delay

2018-12-06 09:48:42 - [MESSAGE][NOT_RUN] - NOT_RUN: delay

2018-12-06 09:48:42 - [TEST_STEP][NOT_RUN] - click: NOT_RUN: click

2018-12-06 09:48:42 - [MESSAGE][NOT_RUN] - NOT_RUN: click

2018-12-06 09:48:42 - [TEST_STEP][NOT_RUN] - click: NOT_RUN: click

2018-12-06 09:48:42 - [MESSAGE][NOT_RUN] - NOT_RUN: click

2018-12-06 09:48:42 - [TEST_STEP][NOT_RUN] - setText: NOT_RUN: setText

2018-12-06 09:48:42 - [MESSAGE][NOT_RUN] - NOT_RUN: setText

2018-12-06 09:48:42 - [TEST_STEP][NOT_RUN] - delay: NOT_RUN: delay

2018-12-06 09:48:42 - [MESSAGE][NOT_RUN] - NOT_RUN: delay

2018-12-06 09:48:42 - [TEST_STEP][NOT_RUN] - click: NOT_RUN: click

2018-12-06 09:48:42 - [MESSAGE][NOT_RUN] - NOT_RUN: click

2018-12-06 09:48:42 - [TEST_STEP][NOT_RUN] - setText: NOT_RUN: setText

2018-12-06 09:48:42 - [MESSAGE][NOT_RUN] - NOT_RUN: setText

2018-12-06 09:48:42 - [TEST_STEP][NOT_RUN] - setText: NOT_RUN: setText

2018-12-06 09:48:42 - [MESSAGE][NOT_RUN] - NOT_RUN: setText

2018-12-06 09:48:42 - [TEST_STEP][NOT_RUN] - click: NOT_RUN: click

2018-12-06 09:48:42 - [MESSAGE][NOT_RUN] - NOT_RUN: click

2018-12-06 09:48:42 - [TEST_STEP][NOT_RUN] - click: NOT_RUN: click

2018-12-06 09:48:42 - [MESSAGE][NOT_RUN] - NOT_RUN: click

2018-12-06 09:48:42 - [TEST_STEP][NOT_RUN] - setText: NOT_RUN: setText

2018-12-06 09:48:42 - [MESSAGE][NOT_RUN] - NOT_RUN: setText

2018-12-06 09:48:42 - [TEST_STEP][NOT_RUN] - click: NOT_RUN: click

2018-12-06 09:48:42 - [MESSAGE][NOT_RUN] - NOT_RUN: click

2018-12-06 09:48:42 - [TEST_STEP][NOT_RUN] - click: NOT_RUN: click

2018-12-06 09:48:42 - [MESSAGE][NOT_RUN] - NOT_RUN: click

2018-12-06 09:48:42 - [TEST_STEP][NOT_RUN] - click: NOT_RUN: click

2018-12-06 09:48:42 - [MESSAGE][NOT_RUN] - NOT_RUN: click

2018-12-06 09:48:42 - [TEST_STEP][NOT_RUN] - click: NOT_RUN: click

2018-12-06 09:48:42 - [MESSAGE][NOT_RUN] - NOT_RUN: click

2018-12-06 09:48:42 - [TEST_STEP][NOT_RUN] - click: NOT_RUN: click

2018-12-06 09:48:42 - [MESSAGE][NOT_RUN] - NOT_RUN: click

2018-12-06 09:48:42 - [TEST_STEP][NOT_RUN] - click: NOT_RUN: click

2018-12-06 09:48:42 - [MESSAGE][NOT_RUN] - NOT_RUN: click

2018-12-06 09:48:42 - [TEST_STEP][NOT_RUN] - setText: NOT_RUN: setText

2018-12-06 09:48:42 - [MESSAGE][NOT_RUN] - NOT_RUN: setText

2018-12-06 09:48:42 - [TEST_STEP][NOT_RUN] - setText: NOT_RUN: setText

2018-12-06 09:48:42 - [MESSAGE][NOT_RUN] - NOT_RUN: setText

2018-12-06 09:48:42 - [TEST_STEP][NOT_RUN] - setText: NOT_RUN: setText

2018-12-06 09:48:42 - [MESSAGE][NOT_RUN] - NOT_RUN: setText

2018-12-06 09:48:42 - [TEST_STEP][NOT_RUN] - click: NOT_RUN: click

2018-12-06 09:48:42 - [MESSAGE][NOT_RUN] - NOT_RUN: click

2018-12-06 09:48:42 - [TEST_STEP][NOT_RUN] - click: NOT_RUN: click

2018-12-06 09:48:42 - [MESSAGE][NOT_RUN] - NOT_RUN: click

2018-12-06 09:48:42 - [TEST_STEP][NOT_RUN] - click: NOT_RUN: click

2018-12-06 09:48:42 - [MESSAGE][NOT_RUN] - NOT_RUN: click

2018-12-06 09:48:42 - [TEST_STEP][NOT_RUN] - setText: NOT_RUN: setText

2018-12-06 09:48:42 - [MESSAGE][NOT_RUN] - NOT_RUN: setText

2018-12-06 09:48:42 - [TEST_STEP][NOT_RUN] - delay: NOT_RUN: delay

2018-12-06 09:48:42 - [MESSAGE][NOT_RUN] - NOT_RUN: delay

2018-12-06 09:48:42 - [TEST_STEP][NOT_RUN] - click: NOT_RUN: click

2018-12-06 09:48:42 - [MESSAGE][NOT_RUN] - NOT_RUN: click

2018-12-06 09:48:42 - [TEST_STEP][NOT_RUN] - click: NOT_RUN: click

2018-12-06 09:48:42 - [MESSAGE][NOT_RUN] - NOT_RUN: click

2018-12-06 09:48:42 - [TEST_STEP][NOT_RUN] - click: NOT_RUN: click

2018-12-06 09:48:42 - [MESSAGE][NOT_RUN] - NOT_RUN: click

2018-12-06 09:48:42 - [TEST_STEP][NOT_RUN] - setText: NOT_RUN: setText

2018-12-06 09:48:42 - [MESSAGE][NOT_RUN] - NOT_RUN: setText

2018-12-06 09:48:42 - [TEST_STEP][NOT_RUN] - delay: NOT_RUN: delay

2018-12-06 09:48:42 - [MESSAGE][NOT_RUN] - NOT_RUN: delay

2018-12-06 09:48:42 - [TEST_STEP][NOT_RUN] - click: NOT_RUN: click

2018-12-06 09:48:42 - [MESSAGE][NOT_RUN] - NOT_RUN: click

2018-12-06 09:48:42 - [TEST_STEP][NOT_RUN] - delay: NOT_RUN: delay

2018-12-06 09:48:42 - [MESSAGE][NOT_RUN] - NOT_RUN: delay

2018-12-06 09:48:42 - [TEST_STEP][NOT_RUN] - setText: NOT_RUN: setText

2018-12-06 09:48:42 - [MESSAGE][NOT_RUN] - NOT_RUN: setText

2018-12-06 09:48:42 - [TEST_STEP][NOT_RUN] - setText: NOT_RUN: setText

2018-12-06 09:48:42 - [MESSAGE][NOT_RUN] - NOT_RUN: setText

2018-12-06 09:48:43 - [TEST_STEP][NOT_RUN] - setText: NOT_RUN: setText

2018-12-06 09:48:43 - [MESSAGE][NOT_RUN] - NOT_RUN: setText

2018-12-06 09:48:43 - [TEST_STEP][NOT_RUN] - click: NOT_RUN: click

2018-12-06 09:48:43 - [MESSAGE][NOT_RUN] - NOT_RUN: click

2018-12-06 09:48:43 - [TEST_STEP][NOT_RUN] - click: NOT_RUN: click

2018-12-06 09:48:43 - [MESSAGE][NOT_RUN] - NOT_RUN: click

2018-12-06 09:48:43 - [TEST_STEP][NOT_RUN] - setText: NOT_RUN: setText

2018-12-06 09:48:43 - [MESSAGE][NOT_RUN] - NOT_RUN: setText

2018-12-06 09:48:43 - [TEST_STEP][NOT_RUN] - click: NOT_RUN: click

2018-12-06 09:48:43 - [MESSAGE][NOT_RUN] - NOT_RUN: click

2018-12-06 09:48:43 - [TEST_STEP][NOT_RUN] - click: NOT_RUN: click

2018-12-06 09:48:43 - [MESSAGE][NOT_RUN] - NOT_RUN: click

2018-12-06 09:48:43 - [TEST_STEP][NOT_RUN] - click: NOT_RUN: click

2018-12-06 09:48:43 - [MESSAGE][NOT_RUN] - NOT_RUN: click

2018-12-06 09:48:43 - [TEST_STEP][NOT_RUN] - click: NOT_RUN: click

2018-12-06 09:48:43 - [MESSAGE][NOT_RUN] - NOT_RUN: click

2018-12-06 09:48:43 - [TEST_STEP][NOT_RUN] - click: NOT_RUN: click

2018-12-06 09:48:43 - [MESSAGE][NOT_RUN] - NOT_RUN: click

2018-12-06 09:48:43 - [TEST_STEP][NOT_RUN] - click: NOT_RUN: click

2018-12-06 09:48:43 - [MESSAGE][NOT_RUN] - NOT_RUN: click

2018-12-06 09:48:43 - [TEST_STEP][NOT_RUN] - setText: NOT_RUN: setText

2018-12-06 09:48:43 - [MESSAGE][NOT_RUN] - NOT_RUN: setText

2018-12-06 09:48:43 - [TEST_STEP][NOT_RUN] - setText: NOT_RUN: setText

2018-12-06 09:48:43 - [MESSAGE][NOT_RUN] - NOT_RUN: setText

2018-12-06 09:48:43 - [TEST_STEP][NOT_RUN] - setText: NOT_RUN: setText

2018-12-06 09:48:43 - [MESSAGE][NOT_RUN] - NOT_RUN: setText

2018-12-06 09:48:43 - [TEST_STEP][NOT_RUN] - click: NOT_RUN: click

2018-12-06 09:48:43 - [MESSAGE][NOT_RUN] - NOT_RUN: click

2018-12-06 09:48:43 - [TEST_STEP][NOT_RUN] - click: NOT_RUN: click

2018-12-06 09:48:43 - [MESSAGE][NOT_RUN] - NOT_RUN: click

2018-12-06 09:48:43 - [TEST_STEP][NOT_RUN] - click: NOT_RUN: click

2018-12-06 09:48:43 - [MESSAGE][NOT_RUN] - NOT_RUN: click

2018-12-06 09:48:43 - [TEST_STEP][NOT_RUN] - delay: NOT_RUN: delay

2018-12-06 09:48:43 - [MESSAGE][NOT_RUN] - NOT_RUN: delay

2018-12-06 09:48:43 - [TEST_STEP][NOT_RUN] - setText: NOT_RUN: setText

2018-12-06 09:48:43 - [MESSAGE][NOT_RUN] - NOT_RUN: setText

2018-12-06 09:48:43 - [TEST_STEP][NOT_RUN] - delay: NOT_RUN: delay

2018-12-06 09:48:43 - [MESSAGE][NOT_RUN] - NOT_RUN: delay

2018-12-06 09:48:43 - [TEST_STEP][NOT_RUN] - click: NOT_RUN: click

2018-12-06 09:48:43 - [MESSAGE][NOT_RUN] - NOT_RUN: click

2018-12-06 09:48:43 - [TEST_STEP][NOT_RUN] - doubleClick: NOT_RUN: doubleClick

2018-12-06 09:48:43 - [MESSAGE][NOT_RUN] - NOT_RUN: doubleClick

2018-12-06 09:48:43 - [TEST_STEP][NOT_RUN] - click: NOT_RUN: click

2018-12-06 09:48:44 - [MESSAGE][NOT_RUN] - NOT_RUN: click

2018-12-06 09:48:44 - [TEST_STEP][NOT_RUN] - setText: NOT_RUN: setText

2018-12-06 09:48:44 - [MESSAGE][NOT_RUN] - NOT_RUN: setText

2018-12-06 09:48:44 - [TEST_STEP][NOT_RUN] - delay: NOT_RUN: delay

2018-12-06 09:48:44 - [MESSAGE][NOT_RUN] - NOT_RUN: delay

2018-12-06 09:48:44 - [TEST_STEP][NOT_RUN] - click: NOT_RUN: click

2018-12-06 09:48:44 - [MESSAGE][NOT_RUN] - NOT_RUN: click

2018-12-06 09:48:44 - [TEST_STEP][NOT_RUN] - delay: NOT_RUN: delay

2018-12-06 09:48:44 - [MESSAGE][NOT_RUN] - NOT_RUN: delay

2018-12-06 09:48:44 - [TEST_STEP][NOT_RUN] - setText: NOT_RUN: setText

2018-12-06 09:48:44 - [MESSAGE][NOT_RUN] - NOT_RUN: setText

2018-12-06 09:48:44 - [TEST_STEP][PASSED] - click: Object: 'Object Repository/Final Object Repo/Page_Request SSN - ASSIST/Save  Continue' is clicked on

2018-12-06 09:48:44 - [MESSAGE][PASSED] - Object: 'Object Repository/Final Object Repo/Page_Request SSN - ASSIST/Save  Continue' is clicked on

2018-12-06 09:48:44 - [TEST_STEP][PASSED] - delay: Delayed 3 second(s)

2018-12-06 09:48:47 - [MESSAGE][PASSED] - Delayed 3 second(s)

2018-12-06 09:48:47 - [TEST_STEP][PASSED] - Statement - CaseReferenceNo = com.kms.katalon.core.webui.keyword.WebUiBuiltInKeywords.getText(com.kms.katalon.core.testobject.ObjectRepository.findTestObject(Final Object Repo/Page_Request SSN - ASSIST/Reference Number in Uploading Page - OTC)): Text of object 'Object Repository/Final Object Repo/Page_Request SSN - ASSIST/Reference Number in Uploading Page - OTC' is: 'SSN12201800001173'

2018-12-06 09:48:48 - [MESSAGE][PASSED] - Text of object 'Object Repository/Final Object Repo/Page_Request SSN - ASSIST/Reference Number in Uploading Page - OTC' is: 'SSN12201800001173'

2018-12-06 09:48:48 - [TEST_STEP][PASSED] - Statement - out.println(CaseReferenceNo): null

2018-12-06 09:48:48 - [TEST_STEP][PASSED] - callTestCase: Call Test Case 'Test Cases/Final Aug 2018 - PKS Automation/Common/Reference Number Setter' successfully

2018-12-06 09:48:48 - [TEST_CASE][PASSED] - Test Cases/Final Aug 2018 - PKS Automation/Common/Reference Number Setter: Test Cases/Final Aug 2018 - PKS Automation/Common/Reference Number Setter

2018-12-06 09:48:48 - [TEST_STEP][PASSED] - Statement - RefNoOldFile = new java.io.File(C://Users//Admin//Desktop//PKS//Automation Reference Point//KatalonReference.txt): null

2018-12-06 09:48:48 - [TEST_STEP][PASSED] - Statement - RefNoOldFile.delete(): null

2018-12-06 09:48:48 - [TEST_STEP][PASSED] - delay: Delayed 5 second(s)

2018-12-06 09:48:53 - [MESSAGE][PASSED] - Delayed 5 second(s)

2018-12-06 09:48:53 - [TEST_STEP][PASSED] - Statement - RefNo = new java.io.File(C://Users//Admin//Desktop//PKS//Automation Reference Point//KatalonReference.txt): null

2018-12-06 09:48:53 - [TEST_STEP][PASSED] - Statement - f2 = new java.io.FileWriter(RefNo, false): null

2018-12-06 09:48:53 - [TEST_STEP][PASSED] - Statement - f2.write(CaseReferenceNo): null

2018-12-06 09:48:53 - [TEST_STEP][PASSED] - Statement - f2.close(): null

2018-12-06 09:48:53 - [TEST_STEP][PASSED] - Statement - out.println("


" + CaseReferenceNo + "


"): null

2018-12-06 09:48:53 - [MESSAGE][PASSED] - Call Test Case 'Test Cases/Final Aug 2018 - PKS Automation/Common/Reference Number Setter' successfully

2018-12-06 09:48:53 - [TEST_STEP][PASSED] - click: Object: 'Object Repository/Final Object Repo/Page_Request SSN - ASSIST/Add Document Button' is clicked on

2018-12-06 09:48:54 - [MESSAGE][PASSED] - Object: 'Object Repository/Final Object Repo/Page_Request SSN - ASSIST/Add Document Button' is clicked on

2018-12-06 09:48:54 - [TEST_STEP][PASSED] - delay: Delayed 2 second(s)

2018-12-06 09:48:56 - [MESSAGE][PASSED] - Delayed 2 second(s)

2018-12-06 09:48:56 - [TEST_STEP][PASSED] - click: Object: 'Object Repository/Final Object Repo/Page_Request SSN - ASSIST/Document Type' is clicked on

2018-12-06 09:48:57 - [MESSAGE][PASSED] - Object: 'Object Repository/Final Object Repo/Page_Request SSN - ASSIST/Document Type' is clicked on

2018-12-06 09:48:57 - [TEST_STEP][PASSED] - click: Object: 'Object Repository/Final Object Repo/Page_Request SSN - ASSIST/Document Type - Birth Certificate' is clicked on

2018-12-06 09:48:57 - [MESSAGE][PASSED] - Object: 'Object Repository/Final Object Repo/Page_Request SSN - ASSIST/Document Type - Birth Certificate' is clicked on

2018-12-06 09:48:57 - [TEST_STEP][PASSED] - sendKeys: Keys 'C:\Users\Public\Pictures\Sample Pictures\Koala.jpg' sent to object: 'Object Repository/Final Object Repo/Page_Request SSN - ASSIST/Upload File'

2018-12-06 09:48:57 - [MESSAGE][PASSED] - Keys 'C:\Users\Public\Pictures\Sample Pictures\Koala.jpg' sent to object: 'Object Repository/Final Object Repo/Page_Request SSN - ASSIST/Upload File'

2018-12-06 09:48:57 - [TEST_STEP][PASSED] - click: Object: 'Object Repository/Final Object Repo/Page_Request SSN - ASSIST/Add Document' is clicked on

2018-12-06 09:48:57 - [MESSAGE][PASSED] - Object: 'Object Repository/Final Object Repo/Page_Request SSN - ASSIST/Add Document' is clicked on

2018-12-06 09:48:57 - [TEST_STEP][PASSED] - delay: Delayed 2 second(s)

2018-12-06 09:48:59 - [MESSAGE][PASSED] - Delayed 2 second(s)

2018-12-06 09:48:59 - [TEST_STEP][PASSED] - click: Object: 'Object Repository/Final Object Repo/Page_Request SSN - ASSIST/Save  Continue in Uploading Document Page' is clicked on

2018-12-06 09:49:01 - [MESSAGE][PASSED] - Object: 'Object Repository/Final Object Repo/Page_Request SSN - ASSIST/Save  Continue in Uploading Document Page' is clicked on

2018-12-06 09:49:01 - [TEST_STEP][PASSED] - delay: Delayed 2 second(s)

2018-12-06 09:49:03 - [MESSAGE][PASSED] - Delayed 2 second(s)

2018-12-06 09:49:03 - [TEST_STEP][PASSED] - click: Object: 'Object Repository/Final Object Repo/Page_Request SSN - ASSIST/Submit' is clicked on

2018-12-06 09:49:06 - [MESSAGE][PASSED] - Object: 'Object Repository/Final Object Repo/Page_Request SSN - ASSIST/Submit' is clicked on

2018-12-06 09:49:06 - [TEST_STEP][PASSED] - delay: Delayed 2 second(s)

2018-12-06 09:49:08 - [MESSAGE][PASSED] - Delayed 2 second(s)

2018-12-06 09:49:08 - [TEST_STEP][PASSED] - click: Object: 'Object Repository/Final Object Repo/Page_Request SSN - ASSIST/Confirm' is clicked on

2018-12-06 09:49:08 - [MESSAGE][PASSED] - Object: 'Object Repository/Final Object Repo/Page_Request SSN - ASSIST/Confirm' is clicked on

2018-12-06 09:49:08 - [TEST_STEP][PASSED] - delay: Delayed 2 second(s)

2018-12-06 09:49:10 - [MESSAGE][PASSED] - Delayed 2 second(s)

2018-12-06 09:49:10 - [TEST_STEP][PASSED] - verifyElementVisible: Object 'Object Repository/Final Object Repo/Page_Request SSN - ASSIST/Message This Case will be routed to RIO' is visible

2018-12-06 09:49:16 - [MESSAGE][PASSED] - Object 'Object Repository/Final Object Repo/Page_Request SSN - ASSIST/Message This Case will be routed to RIO' is visible

2018-12-06 09:49:16 - [TEST_STEP][PASSED] - delay: Delayed 2 second(s)

2018-12-06 09:49:18 - [MESSAGE][PASSED] - Delayed 2 second(s)

2018-12-06 09:49:18 - [TEST_STEP][PASSED] - verifyElementVisible: Object 'Object Repository/Final Object Repo/Page_Request SSN - ASSIST/Letter of acknowledgement' is visible

2018-12-06 09:49:18 - [MESSAGE][PASSED] - Object 'Object Repository/Final Object Repo/Page_Request SSN - ASSIST/Letter of acknowledgement' is visible

2018-12-06 09:49:18 - [MESSAGE][PASSED] - Call Test Case 'Test Cases/Final Aug 2018 - PKS Automation/Registration Module/Workflow/Request SSN/Template/Request SSN - OTC (Using Current Employer Code)' successfully

2018-12-06 09:49:18 - [TEST_STEP][PASSED] - callTestCase: Call Test Case 'Test Cases/Final Aug 2018 - PKS Automation/Registration Module/Workflow/Request SSN/Template/Request SSN RIO - RO (Approve)' successfully

2018-12-06 09:49:18 - [TEST_CASE][PASSED] - Test Cases/Final Aug 2018 - PKS Automation/Registration Module/Workflow/Request SSN/Template/Request SSN RIO - RO (Approve): Test Cases/Final Aug 2018 - PKS Automation/Registration Module/Workflow/Request SSN/Template/Request SSN RIO - RO (Approve)

2018-12-06 09:49:19 - [TEST_STEP][NOT_RUN] - callTestCase: NOT_RUN: callTestCase

2018-12-06 09:49:19 - [MESSAGE][NOT_RUN] - NOT_RUN: callTestCase

2018-12-06 09:49:19 - [TEST_STEP][PASSED] - delay: Delayed 2 second(s)

2018-12-06 09:49:21 - [MESSAGE][PASSED] - Delayed 2 second(s)

2018-12-06 09:49:21 - [TEST_STEP][PASSED] - navigateToUrl: Navigate to 'https://assist2-uat.perkeso.gov.my/c/portal/logout' successfully

2018-12-06 09:49:22 - [MESSAGE][PASSED] - Navigate to 'https://assist2-uat.perkeso.gov.my/c/portal/logout' successfully

2018-12-06 09:49:22 - [TEST_STEP][PASSED] - delay: Delayed 2 second(s)

2018-12-06 09:49:24 - [MESSAGE][PASSED] - Delayed 2 second(s)

2018-12-06 09:49:24 - [TEST_STEP][PASSED] - callTestCase: Call Test Case 'Test Cases/Final Aug 2018 - PKS Automation/Common/Workflow Owner Finder' successfully

2018-12-06 09:49:24 - [TEST_CASE][PASSED] - Test Cases/Final Aug 2018 - PKS Automation/Common/Workflow Owner Finder: Test Cases/Final Aug 2018 - PKS Automation/Common/Workflow Owner Finder

2018-12-06 09:49:24 - [TEST_STEP][PASSED] - openBrowser: Browser is opened with url: ''

2018-12-06 09:49:24 - [MESSAGE][WARNING] - A browser is already opened. Closing browser and opening a new one

2018-12-06 09:49:27 - [MESSAGE][PASSED] - Browser is opened with url: ''

2018-12-06 09:49:27 - [TEST_STEP][PASSED] - navigateToUrl: Navigate to 'https://assist2-uat.perkeso.gov.my/login' successfully

2018-12-06 09:49:28 - [MESSAGE][PASSED] - Navigate to 'https://assist2-uat.perkeso.gov.my/login' successfully

2018-12-06 09:49:28 - [TEST_STEP][PASSED] - delay: Delayed 5 second(s)

2018-12-06 09:49:33 - [MESSAGE][PASSED] - Delayed 5 second(s)

2018-12-06 09:49:33 - [TEST_STEP][PASSED] - setText: Text 'test@liferay.com' is set on object 'Object Repository/Final Object Repo/Login Page/Internal User/Email Address'

2018-12-06 09:49:33 - [MESSAGE][PASSED] - Text 'test@liferay.com' is set on object 'Object Repository/Final Object Repo/Login Page/Internal User/Email Address'

2018-12-06 09:49:33 - [TEST_STEP][PASSED] - click: Object: 'Object Repository/Final Object Repo/Login Page/Internal User/Next Button' is clicked on

2018-12-06 09:49:34 - [MESSAGE][PASSED] - Object: 'Object Repository/Final Object Repo/Login Page/Internal User/Next Button' is clicked on

2018-12-06 09:49:34 - [TEST_STEP][PASSED] - delay: Delayed 2 second(s)

2018-12-06 09:49:36 - [MESSAGE][PASSED] - Delayed 2 second(s)

2018-12-06 09:49:36 - [TEST_STEP][PASSED] - setText: Text 'test' is set on object 'Object Repository/Final Object Repo/Login Page/Internal User/Password'

2018-12-06 09:49:36 - [MESSAGE][PASSED] - Text 'test' is set on object 'Object Repository/Final Object Repo/Login Page/Internal User/Password'

2018-12-06 09:49:36 - [TEST_STEP][PASSED] - delay: Delayed 2 second(s)

2018-12-06 09:49:38 - [MESSAGE][PASSED] - Delayed 2 second(s)

2018-12-06 09:49:38 - [TEST_STEP][PASSED] - click: Object: 'Object Repository/Final Object Repo/Login Page/Internal User/Login Button' is clicked on

2018-12-06 09:49:38 - [MESSAGE][PASSED] - Object: 'Object Repository/Final Object Repo/Login Page/Internal User/Login Button' is clicked on

2018-12-06 09:49:38 - [TEST_STEP][PASSED] - Statement - tester = com.kms.katalon.core.testobject.ObjectRepository.findTestObject(Final Object Repo/Landing Page/Select to English): Finding Test Object with id 'Object Repository/Final Object Repo/Landing Page/Select to English'

2018-12-06 09:49:38 - [TEST_STEP][PASSED] - Statement - Try: Delayed 2 second(s)

2018-12-06 09:49:38 - [TEST_STEP][PASSED] - Statement - Checker = com.kms.katalon.core.webui.keyword.WebUiBuiltInKeywords.verifyElementNotPresent(tester, 3): Web element with id: 'Object Repository/Final Object Repo/Landing Page/Select to English' located by 'By.xpath: //a[@class = 'taglib-language-list-text' and @lang = 'en-US' and (contains(text(), 'EN') or contains(., 'EN'))]' is not present after '3' second(s)

2018-12-06 09:49:40 - [MESSAGE][PASSED] - Web element with id: 'Object Repository/Final Object Repo/Landing Page/Select to English' located by 'By.xpath: //a[@class = 'taglib-language-list-text' and @lang = 'en-US' and (contains(text(), 'EN') or contains(., 'EN'))]' is not present after '3' second(s)

2018-12-06 09:49:40 - [TEST_STEP][PASSED] - Statement - If (Checker == false): null

2018-12-06 09:49:40 - [TEST_STEP][PASSED] - delay: Delayed 2 second(s)

2018-12-06 09:49:42 - [MESSAGE][PASSED] - Delayed 2 second(s)

2018-12-06 09:49:42 - [TEST_STEP][PASSED] - delay: Delayed 5 second(s)

2018-12-06 09:49:47 - [MESSAGE][PASSED] - Delayed 5 second(s)

2018-12-06 09:49:47 - [TEST_STEP][PASSED] - mouseOver: Object: 'Object Repository/Final Object Repo/Landing Page/WorkFlow Menu' is hovered

2018-12-06 09:49:47 - [MESSAGE][PASSED] - Object: 'Object Repository/Final Object Repo/Landing Page/WorkFlow Menu' is hovered

2018-12-06 09:49:47 - [TEST_STEP][PASSED] - delay: Delayed 2 second(s)

2018-12-06 09:49:49 - [MESSAGE][PASSED] - Delayed 2 second(s)

2018-12-06 09:49:49 - [TEST_STEP][PASSED] - click: Object: 'Object Repository/Final Object Repo/Landing Page/Select to Workflow Listing' is clicked on

2018-12-06 09:49:50 - [MESSAGE][PASSED] - Object: 'Object Repository/Final Object Repo/Landing Page/Select to Workflow Listing' is clicked on

2018-12-06 09:49:50 - [TEST_STEP][PASSED] - delay: Delayed 2 second(s)

2018-12-06 09:49:52 - [MESSAGE][PASSED] - Delayed 2 second(s)

2018-12-06 09:49:52 - [TEST_STEP][PASSED] - click: Object: 'Object Repository/Final Object Repo/WorkFlow Listing Page/Search Information - To Put Ref No' is clicked on

2018-12-06 09:49:53 - [MESSAGE][PASSED] - Object: 'Object Repository/Final Object Repo/WorkFlow Listing Page/Search Information - To Put Ref No' is clicked on

2018-12-06 09:49:53 - [TEST_STEP][PASSED] - delay: Delayed 2 second(s)

2018-12-06 09:49:55 - [MESSAGE][PASSED] - Delayed 2 second(s)

2018-12-06 09:49:55 - [TEST_STEP][PASSED] - callTestCase: Call Test Case 'Test Cases/Final Aug 2018 - PKS Automation/Common/Reference Number Getter' successfully

2018-12-06 09:49:55 - [TEST_CASE][PASSED] - Test Cases/Final Aug 2018 - PKS Automation/Common/Reference Number Getter: Test Cases/Final Aug 2018 - PKS Automation/Common/Reference Number Getter

2018-12-06 09:49:55 - [TEST_STEP][PASSED] - Statement - Try: null

2018-12-06 09:49:55 - [TEST_STEP][PASSED] - Statement - RefNo = new java.io.File(C://Users//Admin//Desktop//PKS//Automation Reference Point//KatalonReference.txt): null

2018-12-06 09:49:55 - [TEST_STEP][PASSED] - Statement - bufferread = new java.io.BufferedReader(new java.io.FileReader(RefNo)): null

2018-12-06 09:49:55 - [TEST_STEP][PASSED] - Statement - readedVal = bufferread.readLine(): null

2018-12-06 09:49:55 - [TEST_STEP][PASSED] - Statement - out.println(CaseReferenceNo): null

2018-12-06 09:49:55 - [TEST_STEP][PASSED] - Statement - out.println(readedVal): null

2018-12-06 09:49:55 - [TEST_STEP][PASSED] - Statement - CaseReferenceNo = "": null

2018-12-06 09:49:55 - [TEST_STEP][PASSED] - Statement - CaseReferenceNo = readedVal: null

2018-12-06 09:49:55 - [MESSAGE][PASSED] - Call Test Case 'Test Cases/Final Aug 2018 - PKS Automation/Common/Reference Number Getter' successfully

2018-12-06 09:49:55 - [TEST_STEP][PASSED] - setText: Text 'SSN12201800001173' is set on object 'Object Repository/Final Object Repo/WorkFlow Listing Page/Ref No Set Text'

2018-12-06 09:49:55 - [MESSAGE][PASSED] - Text 'SSN12201800001173' is set on object 'Object Repository/Final Object Repo/WorkFlow Listing Page/Ref No Set Text'

2018-12-06 09:49:55 - [TEST_STEP][PASSED] - delay: Delayed 2 second(s)

2018-12-06 09:49:57 - [MESSAGE][PASSED] - Delayed 2 second(s)

2018-12-06 09:49:57 - [TEST_STEP][PASSED] - click: Object: 'Object Repository/Final Object Repo/WorkFlow Listing Page/Search Ref No Search Button' is clicked on

2018-12-06 09:49:57 - [MESSAGE][PASSED] - Object: 'Object Repository/Final Object Repo/WorkFlow Listing Page/Search Ref No Search Button' is clicked on

2018-12-06 09:49:57 - [TEST_STEP][PASSED] - delay: Delayed 6 second(s)

2018-12-06 09:50:03 - [MESSAGE][PASSED] - Delayed 6 second(s)

2018-12-06 09:50:03 - [TEST_STEP][PASSED] - click: Object: 'Object Repository/Final Object Repo/WorkFlow Listing Page/Click Continue Tooltip' is clicked on

2018-12-06 09:50:05 - [MESSAGE][PASSED] - Object: 'Object Repository/Final Object Repo/WorkFlow Listing Page/Click Continue Tooltip' is clicked on

2018-12-06 09:50:05 - [TEST_STEP][PASSED] - delay: Delayed 5 second(s)

2018-12-06 09:50:10 - [MESSAGE][PASSED] - Delayed 5 second(s)

2018-12-06 09:50:10 - [TEST_STEP][PASSED] - doubleClick: Object: 'Object Repository/Final Object Repo/WorkFlow Listing Page/Workflow Found - Listing 1' is double clicked on

2018-12-06 09:50:10 - [MESSAGE][PASSED] - Object: 'Object Repository/Final Object Repo/WorkFlow Listing Page/Workflow Found - Listing 1' is double clicked on

2018-12-06 09:50:10 - [TEST_STEP][PASSED] - Statement - println(OwnerID): null

2018-12-06 09:50:10 - [TEST_STEP][PASSED] - Statement - OwnerID = com.kms.katalon.core.webui.keyword.WebUiBuiltInKeywords.getText(com.kms.katalon.core.testobject.ObjectRepository.findTestObject(Final Object Repo/WorkFlow Listing Page/Workflow Found - Listing 1), STOP_ON_FAILURE): Text of object 'Object Repository/Final Object Repo/WorkFlow Listing Page/Workflow Found - Listing 1' is: 'JOHORrio1'

2018-12-06 09:50:10 - [MESSAGE][PASSED] - Text of object 'Object Repository/Final Object Repo/WorkFlow Listing Page/Workflow Found - Listing 1' is: 'JOHORrio1'

2018-12-06 09:50:10 - [TEST_STEP][PASSED] - Statement - OwnerID = OwnerID.toLowerCase() + "@gmail.com": null

2018-12-06 09:50:10 - [TEST_STEP][PASSED] - Statement - println(OwnerID): null

2018-12-06 09:50:10 - [TEST_STEP][PASSED] - delay: Delayed 2 second(s)

2018-12-06 09:50:12 - [MESSAGE][PASSED] - Delayed 2 second(s)

2018-12-06 09:50:12 - [MESSAGE][PASSED] - Call Test Case 'Test Cases/Final Aug 2018 - PKS Automation/Common/Workflow Owner Finder' successfully

2018-12-06 09:50:12 - [TEST_STEP][PASSED] - delay: Delayed 2 second(s)

2018-12-06 09:50:14 - [MESSAGE][PASSED] - Delayed 2 second(s)

2018-12-06 09:50:14 - [TEST_STEP][PASSED] - navigateToUrl: Navigate to 'https://assist2-uat.perkeso.gov.my/c/portal/logout' successfully

2018-12-06 09:50:18 - [MESSAGE][PASSED] - Navigate to 'https://assist2-uat.perkeso.gov.my/c/portal/logout' successfully

2018-12-06 09:50:18 - [TEST_STEP][PASSED] - delay: Delayed 2 second(s)

2018-12-06 09:50:20 - [MESSAGE][PASSED] - Delayed 2 second(s)

2018-12-06 09:50:20 - [TEST_STEP][PASSED] - callTestCase: Call Test Case 'Test Cases/Final Aug 2018 - PKS Automation/Registration Module/Workflow/Login and Search Case For Workflow' successfully

2018-12-06 09:50:20 - [TEST_CASE][PASSED] - Test Cases/Final Aug 2018 - PKS Automation/Registration Module/Workflow/Login and Search Case For Workflow: Test Cases/Final Aug 2018 - PKS Automation/Registration Module/Workflow/Login and Search Case For Workflow

2018-12-06 09:50:21 - [TEST_STEP][PASSED] - navigateToUrl: Navigate to 'https://assist2-uat.perkeso.gov.my/login' successfully

2018-12-06 09:50:21 - [MESSAGE][PASSED] - Navigate to 'https://assist2-uat.perkeso.gov.my/login' successfully

2018-12-06 09:50:21 - [TEST_STEP][PASSED] - setText: Text 'johorrio1@gmail.com' is set on object 'Object Repository/Final Object Repo/Login Page/Internal User/Email Address'

2018-12-06 09:50:22 - [MESSAGE][PASSED] - Text 'johorrio1@gmail.com' is set on object 'Object Repository/Final Object Repo/Login Page/Internal User/Email Address'

2018-12-06 09:50:22 - [TEST_STEP][PASSED] - click: Object: 'Object Repository/Final Object Repo/Login Page/Internal User/Next Button' is clicked on

2018-12-06 09:50:22 - [MESSAGE][PASSED] - Object: 'Object Repository/Final Object Repo/Login Page/Internal User/Next Button' is clicked on

2018-12-06 09:50:22 - [TEST_STEP][PASSED] - delay: Delayed 1 second(s)

2018-12-06 09:50:23 - [MESSAGE][PASSED] - Delayed 1 second(s)

2018-12-06 09:50:23 - [TEST_STEP][PASSED] - setEncryptedText: Text ****** has been set on object 'Object Repository/Final Object Repo/Login Page/Internal User/Password'

2018-12-06 09:50:23 - [MESSAGE][PASSED] - Text ****** has been set on object 'Object Repository/Final Object Repo/Login Page/Internal User/Password'

2018-12-06 09:50:23 - [TEST_STEP][PASSED] - click: Object: 'Object Repository/Final Object Repo/Login Page/Internal User/Login Button' is clicked on

2018-12-06 09:50:23 - [MESSAGE][PASSED] - Object: 'Object Repository/Final Object Repo/Login Page/Internal User/Login Button' is clicked on

2018-12-06 09:50:23 - [TEST_STEP][PASSED] - delay: Delayed 2 second(s)

2018-12-06 09:50:25 - [MESSAGE][PASSED] - Delayed 2 second(s)

2018-12-06 09:50:25 - [TEST_STEP][PASSED] - Statement - Try: Delayed 2 second(s)

2018-12-06 09:50:25 - [TEST_STEP][PASSED] - Statement - Checker = false: null

2018-12-06 09:50:25 - [TEST_STEP][PASSED] - Statement - Checker = com.kms.katalon.core.webui.keyword.WebUiBuiltInKeywords.verifyElementHasAttribute(com.kms.katalon.core.testobject.ObjectRepository.findTestObject(Final Object Repo/Landing Page/BM Detecting), "href", 20, OPTIONAL): Object 'Object Repository/Final Object Repo/Landing Page/BM Detecting' has attribute 'href'

2018-12-06 09:50:25 - [MESSAGE][PASSED] - Object 'Object Repository/Final Object Repo/Landing Page/BM Detecting' has attribute 'href'

2018-12-06 09:50:25 - [TEST_STEP][PASSED] - Statement - out.println(Checker): null

2018-12-06 09:50:25 - [TEST_STEP][PASSED] - Statement - If (Checker == false): null

2018-12-06 09:50:25 - [TEST_STEP][PASSED] - Statement - Else: null

2018-12-06 09:50:25 - [TEST_STEP][PASSED] - delay: Delayed 2 second(s)

2018-12-06 09:50:27 - [MESSAGE][PASSED] - Delayed 2 second(s)

2018-12-06 09:50:27 - [TEST_STEP][PASSED] - click: Object: 'Object Repository/Final Object Repo/Page_MyASSIST - ASSIST - Search Pending Case For Add Supporting Document/Search Information' is clicked on

2018-12-06 09:50:27 - [MESSAGE][PASSED] - Object: 'Object Repository/Final Object Repo/Page_MyASSIST - ASSIST - Search Pending Case For Add Supporting Document/Search Information' is clicked on

2018-12-06 09:50:27 - [TEST_STEP][PASSED] - delay: Delayed 3 second(s)

2018-12-06 09:50:30 - [MESSAGE][PASSED] - Delayed 3 second(s)

2018-12-06 09:50:30 - [TEST_STEP][PASSED] - sendKeys: Keys 'SSN12201800001173' sent to object: 'Object Repository/Final Object Repo/Page_MyASSIST - ASSIST - Search Pending Case For Add Supporting Document/Reference No'

2018-12-06 09:50:31 - [MESSAGE][PASSED] - Keys 'SSN12201800001173' sent to object: 'Object Repository/Final Object Repo/Page_MyASSIST - ASSIST - Search Pending Case For Add Supporting Document/Reference No'

2018-12-06 09:50:31 - [TEST_STEP][PASSED] - click: Object: 'Object Repository/Final Object Repo/Page_MyASSIST - ASSIST - Search Pending Case For Add Supporting Document/Search Reference No' is clicked on

2018-12-06 09:50:31 - [MESSAGE][PASSED] - Object: 'Object Repository/Final Object Repo/Page_MyASSIST - ASSIST - Search Pending Case For Add Supporting Document/Search Reference No' is clicked on

2018-12-06 09:50:31 - [TEST_STEP][PASSED] - delay: Delayed 2 second(s)

2018-12-06 09:50:33 - [MESSAGE][PASSED] - Delayed 2 second(s)

2018-12-06 09:50:33 - [TEST_STEP][PASSED] - click: Object: 'Object Repository/Final Object Repo/Page_MyASSIST - ASSIST - Search Pending Case For Add Supporting Document/Continue' is clicked on

2018-12-06 09:50:40 - [MESSAGE][PASSED] - Object: 'Object Repository/Final Object Repo/Page_MyASSIST - ASSIST - Search Pending Case For Add Supporting Document/Continue' is clicked on

2018-12-06 09:50:40 - [TEST_STEP][PASSED] - delay: Delayed 20 second(s)

2018-12-06 09:51:00 - [MESSAGE][PASSED] - Delayed 20 second(s)

2018-12-06 09:51:00 - [MESSAGE][PASSED] - Call Test Case 'Test Cases/Final Aug 2018 - PKS Automation/Registration Module/Workflow/Login and Search Case For Workflow' successfully

2018-12-06 09:51:00 - [TEST_STEP][PASSED] - callTestCase: Call Test Case 'Test Cases/Final Aug 2018 - PKS Automation/Registration Module/Workflow/Request SSN/Template/Request SSN - RIO' successfully

2018-12-06 09:51:00 - [TEST_CASE][PASSED] - Test Cases/Final Aug 2018 - PKS Automation/Registration Module/Workflow/Request SSN/Template/Request SSN - RIO: Test Cases/Final Aug 2018 - PKS Automation/Registration Module/Workflow/Request SSN/Template/Request SSN - RIO

2018-12-06 09:51:00 - [TEST_STEP][NOT_RUN] - openBrowser: NOT_RUN: openBrowser

2018-12-06 09:51:00 - [MESSAGE][NOT_RUN] - NOT_RUN: openBrowser

2018-12-06 09:51:00 - [TEST_STEP][NOT_RUN] - navigateToUrl: NOT_RUN: navigateToUrl

2018-12-06 09:51:00 - [MESSAGE][NOT_RUN] - NOT_RUN: navigateToUrl

2018-12-06 09:51:00 - [TEST_STEP][NOT_RUN] - setText: NOT_RUN: setText

2018-12-06 09:51:00 - [MESSAGE][NOT_RUN] - NOT_RUN: setText

2018-12-06 09:51:00 - [TEST_STEP][NOT_RUN] - click: NOT_RUN: click

2018-12-06 09:51:00 - [MESSAGE][NOT_RUN] - NOT_RUN: click

2018-12-06 09:51:00 - [TEST_STEP][NOT_RUN] - delay: NOT_RUN: delay

2018-12-06 09:51:00 - [MESSAGE][NOT_RUN] - NOT_RUN: delay

2018-12-06 09:51:00 - [TEST_STEP][NOT_RUN] - setEncryptedText: NOT_RUN: setEncryptedText

2018-12-06 09:51:00 - [MESSAGE][NOT_RUN] - NOT_RUN: setEncryptedText

2018-12-06 09:51:00 - [TEST_STEP][NOT_RUN] - click: NOT_RUN: click

2018-12-06 09:51:00 - [MESSAGE][NOT_RUN] - NOT_RUN: click

2018-12-06 09:51:00 - [TEST_STEP][NOT_RUN] - delay: NOT_RUN: delay

2018-12-06 09:51:00 - [MESSAGE][NOT_RUN] - NOT_RUN: delay

2018-12-06 09:51:00 - [TEST_STEP][NOT_RUN] - click: NOT_RUN: click

2018-12-06 09:51:00 - [MESSAGE][NOT_RUN] - NOT_RUN: click

2018-12-06 09:51:00 - [TEST_STEP][NOT_RUN] - sendKeys: NOT_RUN: sendKeys

2018-12-06 09:51:00 - [MESSAGE][NOT_RUN] - NOT_RUN: sendKeys

2018-12-06 09:51:00 - [TEST_STEP][NOT_RUN] - click: NOT_RUN: click

2018-12-06 09:51:00 - [MESSAGE][NOT_RUN] - NOT_RUN: click

2018-12-06 09:51:00 - [TEST_STEP][NOT_RUN] - delay: NOT_RUN: delay

2018-12-06 09:51:00 - [MESSAGE][NOT_RUN] - NOT_RUN: delay

2018-12-06 09:51:00 - [TEST_STEP][NOT_RUN] - click: NOT_RUN: click

2018-12-06 09:51:00 - [MESSAGE][NOT_RUN] - NOT_RUN: click

2018-12-06 09:51:00 - [TEST_STEP][PASSED] - delay: Delayed 2 second(s)

2018-12-06 09:51:02 - [MESSAGE][PASSED] - Delayed 2 second(s)

2018-12-06 09:51:02 - [TEST_STEP][PASSED] - click: Object: 'Object Repository/Final Object Repo/Page_Request SSN - ASSIST/Page_Request SSN - ASSIST - RIO/Recommend For SSN' is clicked on

2018-12-06 09:51:02 - [MESSAGE][PASSED] - Object: 'Object Repository/Final Object Repo/Page_Request SSN - ASSIST/Page_Request SSN - ASSIST - RIO/Recommend For SSN' is clicked on

2018-12-06 09:51:02 - [TEST_STEP][PASSED] - click: Object: 'Object Repository/Final Object Repo/Page_Request SSN - ASSIST/Page_Request SSN - ASSIST - RIO/Recommend For SSN  - Yes' is clicked on

2018-12-06 09:51:03 - [MESSAGE][PASSED] - Object: 'Object Repository/Final Object Repo/Page_Request SSN - ASSIST/Page_Request SSN - ASSIST - RIO/Recommend For SSN  - Yes' is clicked on

2018-12-06 09:51:03 - [TEST_STEP][PASSED] - delay: Delayed 2 second(s)

2018-12-06 09:51:05 - [MESSAGE][PASSED] - Delayed 2 second(s)

2018-12-06 09:51:05 - [TEST_STEP][PASSED] - click: Object: 'Object Repository/Final Object Repo/Page_Request SSN - ASSIST/Page_Request SSN - ASSIST - RIO/Save  Continue in SSN page' is clicked on

2018-12-06 09:51:05 - [MESSAGE][PASSED] - Object: 'Object Repository/Final Object Repo/Page_Request SSN - ASSIST/Page_Request SSN - ASSIST - RIO/Save  Continue in SSN page' is clicked on

2018-12-06 09:51:05 - [TEST_STEP][PASSED] - delay: Delayed 2 second(s)

2018-12-06 09:51:07 - [MESSAGE][PASSED] - Delayed 2 second(s)

2018-12-06 09:51:07 - [TEST_STEP][PASSED] - click: Object: 'Object Repository/Final Object Repo/Page_Request SSN - ASSIST/Page_Request SSN - ASSIST - RIO/Save  Continue in Upload Document Page' is clicked on

2018-12-06 09:51:10 - [MESSAGE][PASSED] - Object: 'Object Repository/Final Object Repo/Page_Request SSN - ASSIST/Page_Request SSN - ASSIST - RIO/Save  Continue in Upload Document Page' is clicked on

2018-12-06 09:51:10 - [TEST_STEP][PASSED] - delay: Delayed 2 second(s)

2018-12-06 09:51:12 - [MESSAGE][PASSED] - Delayed 2 second(s)

2018-12-06 09:51:12 - [TEST_STEP][PASSED] - click: Object: 'Object Repository/Final Object Repo/Page_Request SSN - ASSIST/Page_Request SSN - ASSIST - RIO/Submit' is clicked on

2018-12-06 09:51:14 - [MESSAGE][PASSED] - Object: 'Object Repository/Final Object Repo/Page_Request SSN - ASSIST/Page_Request SSN - ASSIST - RIO/Submit' is clicked on

2018-12-06 09:51:14 - [TEST_STEP][PASSED] - delay: Delayed 2 second(s)

2018-12-06 09:51:16 - [MESSAGE][PASSED] - Delayed 2 second(s)

2018-12-06 09:51:16 - [TEST_STEP][PASSED] - click: Object: 'Object Repository/Final Object Repo/Page_Request SSN - ASSIST/Page_Request SSN - ASSIST - RIO/Confirm' is clicked on

2018-12-06 09:51:17 - [MESSAGE][PASSED] - Object: 'Object Repository/Final Object Repo/Page_Request SSN - ASSIST/Page_Request SSN - ASSIST - RIO/Confirm' is clicked on

2018-12-06 09:51:17 - [MESSAGE][PASSED] - Call Test Case 'Test Cases/Final Aug 2018 - PKS Automation/Registration Module/Workflow/Request SSN/Template/Request SSN - RIO' successfully

2018-12-06 09:51:17 - [TEST_STEP][PASSED] - delay: Delayed 2 second(s)

2018-12-06 09:51:19 - [MESSAGE][PASSED] - Delayed 2 second(s)

2018-12-06 09:51:19 - [TEST_STEP][PASSED] - navigateToUrl: Navigate to 'https://assist2-uat.perkeso.gov.my/c/portal/logout' successfully

2018-12-06 09:51:23 - [MESSAGE][PASSED] - Navigate to 'https://assist2-uat.perkeso.gov.my/c/portal/logout' successfully

2018-12-06 09:51:23 - [TEST_STEP][PASSED] - delay: Delayed 2 second(s)

2018-12-06 09:51:25 - [MESSAGE][PASSED] - Delayed 2 second(s)

2018-12-06 09:51:25 - [TEST_STEP][PASSED] - callTestCase: Call Test Case 'Test Cases/Final Aug 2018 - PKS Automation/Common/Workflow Owner Finder' successfully

2018-12-06 09:51:25 - [TEST_CASE][PASSED] - Test Cases/Final Aug 2018 - PKS Automation/Common/Workflow Owner Finder: Test Cases/Final Aug 2018 - PKS Automation/Common/Workflow Owner Finder

2018-12-06 09:51:25 - [TEST_STEP][PASSED] - openBrowser: Browser is opened with url: ''

2018-12-06 09:51:25 - [MESSAGE][WARNING] - A browser is already opened. Closing browser and opening a new one

2018-12-06 09:51:28 - [MESSAGE][PASSED] - Browser is opened with url: ''

2018-12-06 09:51:28 - [TEST_STEP][PASSED] - navigateToUrl: Navigate to 'https://assist2-uat.perkeso.gov.my/login' successfully

2018-12-06 09:51:29 - [MESSAGE][PASSED] - Navigate to 'https://assist2-uat.perkeso.gov.my/login' successfully

2018-12-06 09:51:29 - [TEST_STEP][PASSED] - delay: Delayed 5 second(s)

2018-12-06 09:51:34 - [MESSAGE][PASSED] - Delayed 5 second(s)

2018-12-06 09:51:34 - [TEST_STEP][PASSED] - setText: Text 'test@liferay.com' is set on object 'Object Repository/Final Object Repo/Login Page/Internal User/Email Address'

2018-12-06 09:51:35 - [MESSAGE][PASSED] - Text 'test@liferay.com' is set on object 'Object Repository/Final Object Repo/Login Page/Internal User/Email Address'

2018-12-06 09:51:35 - [TEST_STEP][PASSED] - click: Object: 'Object Repository/Final Object Repo/Login Page/Internal User/Next Button' is clicked on

2018-12-06 09:51:35 - [MESSAGE][PASSED] - Object: 'Object Repository/Final Object Repo/Login Page/Internal User/Next Button' is clicked on

2018-12-06 09:51:35 - [TEST_STEP][PASSED] - delay: Delayed 2 second(s)

2018-12-06 09:51:37 - [MESSAGE][PASSED] - Delayed 2 second(s)

2018-12-06 09:51:37 - [TEST_STEP][PASSED] - setText: Text 'test' is set on object 'Object Repository/Final Object Repo/Login Page/Internal User/Password'

2018-12-06 09:51:37 - [MESSAGE][PASSED] - Text 'test' is set on object 'Object Repository/Final Object Repo/Login Page/Internal User/Password'

2018-12-06 09:51:37 - [TEST_STEP][PASSED] - delay: Delayed 2 second(s)

2018-12-06 09:51:39 - [MESSAGE][PASSED] - Delayed 2 second(s)

2018-12-06 09:51:39 - [TEST_STEP][PASSED] - click: Object: 'Object Repository/Final Object Repo/Login Page/Internal User/Login Button' is clicked on

2018-12-06 09:51:39 - [MESSAGE][PASSED] - Object: 'Object Repository/Final Object Repo/Login Page/Internal User/Login Button' is clicked on

2018-12-06 09:51:39 - [TEST_STEP][PASSED] - Statement - tester = com.kms.katalon.core.testobject.ObjectRepository.findTestObject(Final Object Repo/Landing Page/Select to English): Finding Test Object with id 'Object Repository/Final Object Repo/Landing Page/Select to English'

2018-12-06 09:51:39 - [TEST_STEP][PASSED] - Statement - Try: Delayed 2 second(s)

2018-12-06 09:51:39 - [TEST_STEP][PASSED] - Statement - Checker = com.kms.katalon.core.webui.keyword.WebUiBuiltInKeywords.verifyElementNotPresent(tester, 3): Web element with id: 'Object Repository/Final Object Repo/Landing Page/Select to English' located by 'By.xpath: //a[@class = 'taglib-language-list-text' and @lang = 'en-US' and (contains(text(), 'EN') or contains(., 'EN'))]' is not present after '3' second(s)

2018-12-06 09:51:41 - [MESSAGE][PASSED] - Web element with id: 'Object Repository/Final Object Repo/Landing Page/Select to English' located by 'By.xpath: //a[@class = 'taglib-language-list-text' and @lang = 'en-US' and (contains(text(), 'EN') or contains(., 'EN'))]' is not present after '3' second(s)

2018-12-06 09:51:41 - [TEST_STEP][PASSED] - Statement - If (Checker == false): null

2018-12-06 09:51:41 - [TEST_STEP][PASSED] - delay: Delayed 2 second(s)

2018-12-06 09:51:43 - [MESSAGE][PASSED] - Delayed 2 second(s)

2018-12-06 09:51:43 - [TEST_STEP][PASSED] - delay: Delayed 5 second(s)

2018-12-06 09:51:48 - [MESSAGE][PASSED] - Delayed 5 second(s)

2018-12-06 09:51:48 - [TEST_STEP][PASSED] - mouseOver: Object: 'Object Repository/Final Object Repo/Landing Page/WorkFlow Menu' is hovered

2018-12-06 09:51:48 - [MESSAGE][PASSED] - Object: 'Object Repository/Final Object Repo/Landing Page/WorkFlow Menu' is hovered

2018-12-06 09:51:48 - [TEST_STEP][PASSED] - delay: Delayed 2 second(s)

2018-12-06 09:51:50 - [MESSAGE][PASSED] - Delayed 2 second(s)

2018-12-06 09:51:50 - [TEST_STEP][PASSED] - click: Object: 'Object Repository/Final Object Repo/Landing Page/Select to Workflow Listing' is clicked on

2018-12-06 09:51:51 - [MESSAGE][PASSED] - Object: 'Object Repository/Final Object Repo/Landing Page/Select to Workflow Listing' is clicked on

2018-12-06 09:51:51 - [TEST_STEP][PASSED] - delay: Delayed 2 second(s)

2018-12-06 09:51:53 - [MESSAGE][PASSED] - Delayed 2 second(s)

2018-12-06 09:51:53 - [TEST_STEP][PASSED] - click: Object: 'Object Repository/Final Object Repo/WorkFlow Listing Page/Search Information - To Put Ref No' is clicked on

2018-12-06 09:51:53 - [MESSAGE][PASSED] - Object: 'Object Repository/Final Object Repo/WorkFlow Listing Page/Search Information - To Put Ref No' is clicked on

2018-12-06 09:51:53 - [TEST_STEP][PASSED] - delay: Delayed 2 second(s)

2018-12-06 09:51:55 - [MESSAGE][PASSED] - Delayed 2 second(s)

2018-12-06 09:51:55 - [TEST_STEP][PASSED] - callTestCase: Call Test Case 'Test Cases/Final Aug 2018 - PKS Automation/Common/Reference Number Getter' successfully

2018-12-06 09:51:56 - [TEST_CASE][PASSED] - Test Cases/Final Aug 2018 - PKS Automation/Common/Reference Number Getter: Test Cases/Final Aug 2018 - PKS Automation/Common/Reference Number Getter

2018-12-06 09:51:56 - [TEST_STEP][PASSED] - Statement - Try: null

2018-12-06 09:51:56 - [TEST_STEP][PASSED] - Statement - RefNo = new java.io.File(C://Users//Admin//Desktop//PKS//Automation Reference Point//KatalonReference.txt): null

2018-12-06 09:51:56 - [TEST_STEP][PASSED] - Statement - bufferread = new java.io.BufferedReader(new java.io.FileReader(RefNo)): null

2018-12-06 09:51:56 - [TEST_STEP][PASSED] - Statement - readedVal = bufferread.readLine(): null

2018-12-06 09:51:56 - [TEST_STEP][PASSED] - Statement - out.println(CaseReferenceNo): null

2018-12-06 09:51:56 - [TEST_STEP][PASSED] - Statement - out.println(readedVal): null

2018-12-06 09:51:56 - [TEST_STEP][PASSED] - Statement - CaseReferenceNo = "": null

2018-12-06 09:51:56 - [TEST_STEP][PASSED] - Statement - CaseReferenceNo = readedVal: null

2018-12-06 09:51:56 - [MESSAGE][PASSED] - Call Test Case 'Test Cases/Final Aug 2018 - PKS Automation/Common/Reference Number Getter' successfully

2018-12-06 09:51:56 - [TEST_STEP][PASSED] - setText: Text 'SSN12201800001173' is set on object 'Object Repository/Final Object Repo/WorkFlow Listing Page/Ref No Set Text'

2018-12-06 09:51:56 - [MESSAGE][PASSED] - Text 'SSN12201800001173' is set on object 'Object Repository/Final Object Repo/WorkFlow Listing Page/Ref No Set Text'

2018-12-06 09:51:56 - [TEST_STEP][PASSED] - delay: Delayed 2 second(s)

2018-12-06 09:51:58 - [MESSAGE][PASSED] - Delayed 2 second(s)

2018-12-06 09:51:58 - [TEST_STEP][PASSED] - click: Object: 'Object Repository/Final Object Repo/WorkFlow Listing Page/Search Ref No Search Button' is clicked on

2018-12-06 09:51:58 - [MESSAGE][PASSED] - Object: 'Object Repository/Final Object Repo/WorkFlow Listing Page/Search Ref No Search Button' is clicked on

2018-12-06 09:51:58 - [TEST_STEP][PASSED] - delay: Delayed 6 second(s)

2018-12-06 09:52:04 - [MESSAGE][PASSED] - Delayed 6 second(s)

2018-12-06 09:52:04 - [TEST_STEP][PASSED] - click: Object: 'Object Repository/Final Object Repo/WorkFlow Listing Page/Click Continue Tooltip' is clicked on

2018-12-06 09:52:05 - [MESSAGE][PASSED] - Object: 'Object Repository/Final Object Repo/WorkFlow Listing Page/Click Continue Tooltip' is clicked on

2018-12-06 09:52:05 - [TEST_STEP][PASSED] - delay: Delayed 5 second(s)

2018-12-06 09:52:10 - [MESSAGE][PASSED] - Delayed 5 second(s)

2018-12-06 09:52:10 - [TEST_STEP][PASSED] - doubleClick: Object: 'Object Repository/Final Object Repo/WorkFlow Listing Page/Workflow Found - Listing 1' is double clicked on

2018-12-06 09:52:10 - [MESSAGE][PASSED] - Object: 'Object Repository/Final Object Repo/WorkFlow Listing Page/Workflow Found - Listing 1' is double clicked on

2018-12-06 09:52:10 - [TEST_STEP][PASSED] - Statement - println(OwnerID): null

2018-12-06 09:52:10 - [TEST_STEP][PASSED] - Statement - OwnerID = com.kms.katalon.core.webui.keyword.WebUiBuiltInKeywords.getText(com.kms.katalon.core.testobject.ObjectRepository.findTestObject(Final Object Repo/WorkFlow Listing Page/Workflow Found - Listing 1), STOP_ON_FAILURE): Text of object 'Object Repository/Final Object Repo/WorkFlow Listing Page/Workflow Found - Listing 1' is: 'JOHORro1'

2018-12-06 09:52:10 - [MESSAGE][PASSED] - Text of object 'Object Repository/Final Object Repo/WorkFlow Listing Page/Workflow Found - Listing 1' is: 'JOHORro1'

2018-12-06 09:52:10 - [TEST_STEP][PASSED] - Statement - OwnerID = OwnerID.toLowerCase() + "@gmail.com": null

2018-12-06 09:52:10 - [TEST_STEP][PASSED] - Statement - println(OwnerID): null

2018-12-06 09:52:10 - [TEST_STEP][PASSED] - delay: Delayed 2 second(s)

2018-12-06 09:52:12 - [MESSAGE][PASSED] - Delayed 2 second(s)

2018-12-06 09:52:12 - [MESSAGE][PASSED] - Call Test Case 'Test Cases/Final Aug 2018 - PKS Automation/Common/Workflow Owner Finder' successfully

2018-12-06 09:52:12 - [TEST_STEP][PASSED] - delay: Delayed 2 second(s)

2018-12-06 09:52:15 - [MESSAGE][PASSED] - Delayed 2 second(s)

2018-12-06 09:52:15 - [TEST_STEP][PASSED] - navigateToUrl: Navigate to 'https://assist2-uat.perkeso.gov.my/c/portal/logout' successfully

2018-12-06 09:52:15 - [MESSAGE][PASSED] - Navigate to 'https://assist2-uat.perkeso.gov.my/c/portal/logout' successfully

2018-12-06 09:52:15 - [TEST_STEP][PASSED] - delay: Delayed 2 second(s)

2018-12-06 09:52:17 - [MESSAGE][PASSED] - Delayed 2 second(s)

2018-12-06 09:52:17 - [TEST_STEP][PASSED] - callTestCase: Call Test Case 'Test Cases/Final Aug 2018 - PKS Automation/Registration Module/Workflow/Login and Search Case For Workflow' successfully

2018-12-06 09:52:17 - [TEST_CASE][PASSED] - Test Cases/Final Aug 2018 - PKS Automation/Registration Module/Workflow/Login and Search Case For Workflow: Test Cases/Final Aug 2018 - PKS Automation/Registration Module/Workflow/Login and Search Case For Workflow

2018-12-06 09:52:17 - [TEST_STEP][PASSED] - navigateToUrl: Navigate to 'https://assist2-uat.perkeso.gov.my/login' successfully

2018-12-06 09:52:18 - [MESSAGE][PASSED] - Navigate to 'https://assist2-uat.perkeso.gov.my/login' successfully

2018-12-06 09:52:18 - [TEST_STEP][PASSED] - setText: Text 'johorro1@gmail.com' is set on object 'Object Repository/Final Object Repo/Login Page/Internal User/Email Address'

2018-12-06 09:52:18 - [MESSAGE][PASSED] - Text 'johorro1@gmail.com' is set on object 'Object Repository/Final Object Repo/Login Page/Internal User/Email Address'

2018-12-06 09:52:18 - [TEST_STEP][PASSED] - click: Object: 'Object Repository/Final Object Repo/Login Page/Internal User/Next Button' is clicked on

2018-12-06 09:52:18 - [MESSAGE][PASSED] - Object: 'Object Repository/Final Object Repo/Login Page/Internal User/Next Button' is clicked on

2018-12-06 09:52:18 - [TEST_STEP][PASSED] - delay: Delayed 1 second(s)

2018-12-06 09:52:19 - [MESSAGE][PASSED] - Delayed 1 second(s)

2018-12-06 09:52:19 - [TEST_STEP][PASSED] - setEncryptedText: Text ****** has been set on object 'Object Repository/Final Object Repo/Login Page/Internal User/Password'

2018-12-06 09:52:20 - [MESSAGE][PASSED] - Text ****** has been set on object 'Object Repository/Final Object Repo/Login Page/Internal User/Password'

2018-12-06 09:52:20 - [TEST_STEP][PASSED] - click: Object: 'Object Repository/Final Object Repo/Login Page/Internal User/Login Button' is clicked on

2018-12-06 09:52:20 - [MESSAGE][PASSED] - Object: 'Object Repository/Final Object Repo/Login Page/Internal User/Login Button' is clicked on

2018-12-06 09:52:20 - [TEST_STEP][PASSED] - delay: Delayed 2 second(s)

2018-12-06 09:52:22 - [MESSAGE][PASSED] - Delayed 2 second(s)

2018-12-06 09:52:22 - [TEST_STEP][PASSED] - Statement - Try: Delayed 2 second(s)

2018-12-06 09:52:22 - [TEST_STEP][PASSED] - Statement - Checker = false: null

2018-12-06 09:52:22 - [TEST_STEP][PASSED] - Statement - Checker = com.kms.katalon.core.webui.keyword.WebUiBuiltInKeywords.verifyElementHasAttribute(com.kms.katalon.core.testobject.ObjectRepository.findTestObject(Final Object Repo/Landing Page/BM Detecting), "href", 20, OPTIONAL): Object 'Object Repository/Final Object Repo/Landing Page/BM Detecting' has attribute 'href'

2018-12-06 09:52:22 - [MESSAGE][PASSED] - Object 'Object Repository/Final Object Repo/Landing Page/BM Detecting' has attribute 'href'

2018-12-06 09:52:22 - [TEST_STEP][PASSED] - Statement - out.println(Checker): null

2018-12-06 09:52:22 - [TEST_STEP][PASSED] - Statement - If (Checker == false): null

2018-12-06 09:52:22 - [TEST_STEP][PASSED] - Statement - Else: null

2018-12-06 09:52:22 - [TEST_STEP][PASSED] - delay: Delayed 2 second(s)

2018-12-06 09:52:24 - [MESSAGE][PASSED] - Delayed 2 second(s)

2018-12-06 09:52:24 - [TEST_STEP][PASSED] - click: Object: 'Object Repository/Final Object Repo/Page_MyASSIST - ASSIST - Search Pending Case For Add Supporting Document/Search Information' is clicked on

2018-12-06 09:52:24 - [MESSAGE][PASSED] - Object: 'Object Repository/Final Object Repo/Page_MyASSIST - ASSIST - Search Pending Case For Add Supporting Document/Search Information' is clicked on

2018-12-06 09:52:24 - [TEST_STEP][PASSED] - delay: Delayed 3 second(s)

2018-12-06 09:52:27 - [MESSAGE][PASSED] - Delayed 3 second(s)

2018-12-06 09:52:27 - [TEST_STEP][PASSED] - sendKeys: Keys 'SSN12201800001173' sent to object: 'Object Repository/Final Object Repo/Page_MyASSIST - ASSIST - Search Pending Case For Add Supporting Document/Reference No'

2018-12-06 09:52:27 - [MESSAGE][PASSED] - Keys 'SSN12201800001173' sent to object: 'Object Repository/Final Object Repo/Page_MyASSIST - ASSIST - Search Pending Case For Add Supporting Document/Reference No'

2018-12-06 09:52:27 - [TEST_STEP][PASSED] - click: Object: 'Object Repository/Final Object Repo/Page_MyASSIST - ASSIST - Search Pending Case For Add Supporting Document/Search Reference No' is clicked on

2018-12-06 09:52:28 - [MESSAGE][PASSED] - Object: 'Object Repository/Final Object Repo/Page_MyASSIST - ASSIST - Search Pending Case For Add Supporting Document/Search Reference No' is clicked on

2018-12-06 09:52:28 - [TEST_STEP][PASSED] - delay: Delayed 2 second(s)

2018-12-06 09:52:30 - [MESSAGE][PASSED] - Delayed 2 second(s)

2018-12-06 09:52:30 - [TEST_STEP][PASSED] - click: Object: 'Object Repository/Final Object Repo/Page_MyASSIST - ASSIST - Search Pending Case For Add Supporting Document/Continue' is clicked on

2018-12-06 09:52:36 - [MESSAGE][PASSED] - Object: 'Object Repository/Final Object Repo/Page_MyASSIST - ASSIST - Search Pending Case For Add Supporting Document/Continue' is clicked on

2018-12-06 09:52:36 - [TEST_STEP][PASSED] - delay: Delayed 20 second(s)

2018-12-06 09:52:56 - [MESSAGE][PASSED] - Delayed 20 second(s)

2018-12-06 09:52:56 - [MESSAGE][PASSED] - Call Test Case 'Test Cases/Final Aug 2018 - PKS Automation/Registration Module/Workflow/Login and Search Case For Workflow' successfully

2018-12-06 09:52:56 - [TEST_STEP][PASSED] - callTestCase: Call Test Case 'Test Cases/Final Aug 2018 - PKS Automation/Registration Module/Workflow/Request SSN/Template/Request SSN - RO (Approve)' successfully

2018-12-06 09:52:56 - [TEST_CASE][PASSED] - Test Cases/Final Aug 2018 - PKS Automation/Registration Module/Workflow/Request SSN/Template/Request SSN - RO (Approve): Test Cases/Final Aug 2018 - PKS Automation/Registration Module/Workflow/Request SSN/Template/Request SSN - RO (Approve)

2018-12-06 09:52:57 - [TEST_STEP][NOT_RUN] - openBrowser: NOT_RUN: openBrowser

2018-12-06 09:52:57 - [MESSAGE][NOT_RUN] - NOT_RUN: openBrowser

2018-12-06 09:52:57 - [TEST_STEP][NOT_RUN] - navigateToUrl: NOT_RUN: navigateToUrl

2018-12-06 09:52:57 - [MESSAGE][NOT_RUN] - NOT_RUN: navigateToUrl

2018-12-06 09:52:57 - [TEST_STEP][NOT_RUN] - setText: NOT_RUN: setText

2018-12-06 09:52:57 - [MESSAGE][NOT_RUN] - NOT_RUN: setText

2018-12-06 09:52:57 - [TEST_STEP][NOT_RUN] - click: NOT_RUN: click

2018-12-06 09:52:57 - [MESSAGE][NOT_RUN] - NOT_RUN: click

2018-12-06 09:52:57 - [TEST_STEP][NOT_RUN] - delay: NOT_RUN: delay

2018-12-06 09:52:57 - [MESSAGE][NOT_RUN] - NOT_RUN: delay

2018-12-06 09:52:57 - [TEST_STEP][NOT_RUN] - setEncryptedText: NOT_RUN: setEncryptedText

2018-12-06 09:52:57 - [MESSAGE][NOT_RUN] - NOT_RUN: setEncryptedText

2018-12-06 09:52:57 - [TEST_STEP][NOT_RUN] - click: NOT_RUN: click

2018-12-06 09:52:57 - [MESSAGE][NOT_RUN] - NOT_RUN: click

2018-12-06 09:52:57 - [TEST_STEP][NOT_RUN] - delay: NOT_RUN: delay

2018-12-06 09:52:57 - [MESSAGE][NOT_RUN] - NOT_RUN: delay

2018-12-06 09:52:57 - [TEST_STEP][NOT_RUN] - click: NOT_RUN: click

2018-12-06 09:52:57 - [MESSAGE][NOT_RUN] - NOT_RUN: click

2018-12-06 09:52:57 - [TEST_STEP][NOT_RUN] - delay: NOT_RUN: delay

2018-12-06 09:52:57 - [MESSAGE][NOT_RUN] - NOT_RUN: delay

2018-12-06 09:52:57 - [TEST_STEP][NOT_RUN] - sendKeys: NOT_RUN: sendKeys

2018-12-06 09:52:57 - [MESSAGE][NOT_RUN] - NOT_RUN: sendKeys

2018-12-06 09:52:57 - [TEST_STEP][NOT_RUN] - click: NOT_RUN: click

2018-12-06 09:52:57 - [MESSAGE][NOT_RUN] - NOT_RUN: click

2018-12-06 09:52:57 - [TEST_STEP][NOT_RUN] - delay: NOT_RUN: delay

2018-12-06 09:52:57 - [MESSAGE][NOT_RUN] - NOT_RUN: delay

2018-12-06 09:52:57 - [TEST_STEP][NOT_RUN] - click: NOT_RUN: click

2018-12-06 09:52:57 - [MESSAGE][NOT_RUN] - NOT_RUN: click

2018-12-06 09:52:57 - [TEST_STEP][PASSED] - click: Object: 'Object Repository/Final Object Repo/Page_Request SSN - ASSIST/Page_Request SSN - ASSIST - RO/Approval For SSN' is clicked on

2018-12-06 09:52:57 - [MESSAGE][PASSED] - Object: 'Object Repository/Final Object Repo/Page_Request SSN - ASSIST/Page_Request SSN - ASSIST - RO/Approval For SSN' is clicked on

2018-12-06 09:52:57 - [TEST_STEP][PASSED] - click: Object: 'Object Repository/Final Object Repo/Page_Request SSN - ASSIST/Page_Request SSN - ASSIST - RO/Approval For SSN - Approve' is clicked on

2018-12-06 09:52:57 - [MESSAGE][PASSED] - Object: 'Object Repository/Final Object Repo/Page_Request SSN - ASSIST/Page_Request SSN - ASSIST - RO/Approval For SSN - Approve' is clicked on

2018-12-06 09:52:57 - [TEST_STEP][PASSED] - delay: Delayed 2 second(s)

2018-12-06 09:52:59 - [MESSAGE][PASSED] - Delayed 2 second(s)

2018-12-06 09:52:59 - [TEST_STEP][PASSED] - click: Object: 'Object Repository/Final Object Repo/Page_Request SSN - ASSIST/Page_Request SSN - ASSIST - RO/Save  Continue in SSN Page' is clicked on

2018-12-06 09:52:59 - [MESSAGE][PASSED] - Object: 'Object Repository/Final Object Repo/Page_Request SSN - ASSIST/Page_Request SSN - ASSIST - RO/Save  Continue in SSN Page' is clicked on

2018-12-06 09:52:59 - [TEST_STEP][PASSED] - delay: Delayed 2 second(s)

2018-12-06 09:53:01 - [MESSAGE][PASSED] - Delayed 2 second(s)

2018-12-06 09:53:01 - [TEST_STEP][PASSED] - click: Object: 'Object Repository/Final Object Repo/Page_Request SSN - ASSIST/Page_Request SSN - ASSIST - RO/Save  Continue in Uploading Document Page' is clicked on

2018-12-06 09:53:04 - [MESSAGE][PASSED] - Object: 'Object Repository/Final Object Repo/Page_Request SSN - ASSIST/Page_Request SSN - ASSIST - RO/Save  Continue in Uploading Document Page' is clicked on

2018-12-06 09:53:04 - [TEST_STEP][PASSED] - delay: Delayed 2 second(s)

2018-12-06 09:53:06 - [MESSAGE][PASSED] - Delayed 2 second(s)

2018-12-06 09:53:06 - [TEST_STEP][PASSED] - click: Object: 'Object Repository/Final Object Repo/Page_Request SSN - ASSIST/Page_Request SSN - ASSIST - RO/Submit' is clicked on

2018-12-06 09:53:08 - [MESSAGE][PASSED] - Object: 'Object Repository/Final Object Repo/Page_Request SSN - ASSIST/Page_Request SSN - ASSIST - RO/Submit' is clicked on

2018-12-06 09:53:08 - [TEST_STEP][PASSED] - delay: Delayed 2 second(s)

2018-12-06 09:53:10 - [MESSAGE][PASSED] - Delayed 2 second(s)

2018-12-06 09:53:10 - [TEST_STEP][PASSED] - click: Object: 'Object Repository/Final Object Repo/Page_Request SSN - ASSIST/Page_Request SSN - ASSIST - RO/Confirm' is clicked on

2018-12-06 09:53:11 - [MESSAGE][PASSED] - Object: 'Object Repository/Final Object Repo/Page_Request SSN - ASSIST/Page_Request SSN - ASSIST - RO/Confirm' is clicked on

2018-12-06 09:53:11 - [TEST_STEP][PASSED] - delay: Delayed 2 second(s)

2018-12-06 09:53:13 - [MESSAGE][PASSED] - Delayed 2 second(s)

2018-12-06 09:53:13 - [TEST_STEP][PASSED] - verifyElementVisible: Object 'Object Repository/Final Object Repo/Page_Request SSN - ASSIST/Page_Request SSN - ASSIST - RO/Successfull Message Your application has submitted' is visible

2018-12-06 09:53:20 - [MESSAGE][PASSED] - Object 'Object Repository/Final Object Repo/Page_Request SSN - ASSIST/Page_Request SSN - ASSIST - RO/Successfull Message Your application has submitted' is visible

2018-12-06 09:53:20 - [TEST_STEP][PASSED] - delay: Delayed 2 second(s)

2018-12-06 09:53:22 - [MESSAGE][PASSED] - Delayed 2 second(s)

2018-12-06 09:53:22 - [TEST_STEP][PASSED] - verifyElementVisible: Object 'Object Repository/Final Object Repo/Page_Request SSN - ASSIST/Page_Request SSN - ASSIST - RO/Letter of approval' is visible

2018-12-06 09:53:22 - [MESSAGE][PASSED] - Object 'Object Repository/Final Object Repo/Page_Request SSN - ASSIST/Page_Request SSN - ASSIST - RO/Letter of approval' is visible

2018-12-06 09:53:22 - [MESSAGE][PASSED] - Call Test Case 'Test Cases/Final Aug 2018 - PKS Automation/Registration Module/Workflow/Request SSN/Template/Request SSN - RO (Approve)' successfully

2018-12-06 09:53:22 - [MESSAGE][PASSED] - Call Test Case 'Test Cases/Final Aug 2018 - PKS Automation/Registration Module/Workflow/Request SSN/Template/Request SSN RIO - RO (Approve)' successfully]]></system-out>
         <system-err><![CDATA[]]></system-err>
      </testcase>
      <testcase name="Test Cases/Final Aug 2018 - PKS Automation/Registration Module/Workflow/Request SSN/OTC - RIO - RO (Query)" classname="Test Cases/Final Aug 2018 - PKS Automation/Registration Module/Workflow/Request SSN/OTC - RIO - RO (Query)" status="PASSED">
         <system-out><![CDATA[2018-12-06 09:53:22 - [TEST_CASE][PASSED] - Test Cases/Final Aug 2018 - PKS Automation/Registration Module/Workflow/Request SSN/OTC - RIO - RO (Query): Test Cases/Final Aug 2018 - PKS Automation/Registration Module/Workflow/Request SSN/OTC - RIO - RO (Query)

2018-12-06 09:53:22 - [TEST_STEP][PASSED] - callTestCase: Call Test Case 'Test Cases/Final Aug 2018 - PKS Automation/Registration Module/Workflow/Request SSN/Template/Request SSN - OTC' successfully

2018-12-06 09:53:22 - [TEST_CASE][PASSED] - Test Cases/Final Aug 2018 - PKS Automation/Registration Module/Workflow/Request SSN/Template/Request SSN - OTC: Test Cases/Final Aug 2018 - PKS Automation/Registration Module/Workflow/Request SSN/Template/Request SSN - OTC

2018-12-06 09:53:23 - [TEST_STEP][PASSED] - openBrowser: Browser is opened with url: ''

2018-12-06 09:53:23 - [MESSAGE][WARNING] - A browser is already opened. Closing browser and opening a new one

2018-12-06 09:53:26 - [MESSAGE][PASSED] - Browser is opened with url: ''

2018-12-06 09:53:26 - [TEST_STEP][PASSED] - navigateToUrl: Navigate to 'https://assist2-uat.perkeso.gov.my/login' successfully

2018-12-06 09:53:27 - [MESSAGE][PASSED] - Navigate to 'https://assist2-uat.perkeso.gov.my/login' successfully

2018-12-06 09:53:27 - [TEST_STEP][PASSED] - setText: Text 'johorotc1@gmail.com' is set on object 'Object Repository/Final Object Repo/Login Page/Internal User/Email Address'

2018-12-06 09:53:27 - [MESSAGE][PASSED] - Text 'johorotc1@gmail.com' is set on object 'Object Repository/Final Object Repo/Login Page/Internal User/Email Address'

2018-12-06 09:53:27 - [TEST_STEP][PASSED] - click: Object: 'Object Repository/Final Object Repo/Login Page/Internal User/Next Button' is clicked on

2018-12-06 09:53:27 - [MESSAGE][PASSED] - Object: 'Object Repository/Final Object Repo/Login Page/Internal User/Next Button' is clicked on

2018-12-06 09:53:27 - [TEST_STEP][PASSED] - delay: Delayed 1 second(s)

2018-12-06 09:53:28 - [MESSAGE][PASSED] - Delayed 1 second(s)

2018-12-06 09:53:28 - [TEST_STEP][PASSED] - setEncryptedText: Text ****** has been set on object 'Object Repository/Final Object Repo/Login Page/Internal User/Password'

2018-12-06 09:53:28 - [MESSAGE][PASSED] - Text ****** has been set on object 'Object Repository/Final Object Repo/Login Page/Internal User/Password'

2018-12-06 09:53:28 - [TEST_STEP][PASSED] - click: Object: 'Object Repository/Final Object Repo/Login Page/Internal User/Login Button' is clicked on

2018-12-06 09:53:29 - [MESSAGE][PASSED] - Object: 'Object Repository/Final Object Repo/Login Page/Internal User/Login Button' is clicked on

2018-12-06 09:53:29 - [TEST_STEP][PASSED] - Statement - Try: null

2018-12-06 09:53:29 - [TEST_STEP][PASSED] - Statement - Checker = com.kms.katalon.core.webui.keyword.WebUiBuiltInKeywords.verifyElementNotPresent("Final Object Repo/Landing Page/Select to English", 3): null

2018-12-06 09:53:29 - [TEST_STEP][PASSED] - Statement - Catch (Exception e): null

2018-12-06 09:53:29 - [TEST_STEP][PASSED] - Statement - e.printStackTrace(): null

2018-12-06 09:53:29 - [TEST_STEP][PASSED] - delay: Delayed 5 second(s)

2018-12-06 09:53:34 - [MESSAGE][PASSED] - Delayed 5 second(s)

2018-12-06 09:53:34 - [TEST_STEP][PASSED] - delay: Delayed 1 second(s)

2018-12-06 09:53:35 - [MESSAGE][PASSED] - Delayed 1 second(s)

2018-12-06 09:53:35 - [TEST_STEP][PASSED] - navigateToUrl: Navigate to 'https://assist2-uat.perkeso.gov.my/web/registration/request-ssn' successfully

2018-12-06 09:53:39 - [MESSAGE][PASSED] - Navigate to 'https://assist2-uat.perkeso.gov.my/web/registration/request-ssn' successfully

2018-12-06 09:53:39 - [TEST_STEP][PASSED] - setText: Text 'perkeso' is set on object 'Object Repository/Final Object Repo/Page_Request SSN - ASSIST/AI - Name'

2018-12-06 09:53:40 - [MESSAGE][PASSED] - Text 'perkeso' is set on object 'Object Repository/Final Object Repo/Page_Request SSN - ASSIST/AI - Name'

2018-12-06 09:53:40 - [TEST_STEP][PASSED] - click: Object: 'Object Repository/Final Object Repo/Page_Request SSN - ASSIST/AI - DOB' is clicked on

2018-12-06 09:53:40 - [MESSAGE][PASSED] - Object: 'Object Repository/Final Object Repo/Page_Request SSN - ASSIST/AI - DOB' is clicked on

2018-12-06 09:53:40 - [TEST_STEP][PASSED] - selectOptionByValue: All options with value '1995' are selected in object 'Object Repository/Final Object Repo/Page_Request SSN - ASSIST/AI - DOB - Year' 

2018-12-06 09:53:40 - [MESSAGE][PASSED] - All options with value '1995' are selected in object 'Object Repository/Final Object Repo/Page_Request SSN - ASSIST/AI - DOB - Year' 

2018-12-06 09:53:40 - [TEST_STEP][PASSED] - delay: Delayed 3 second(s)

2018-12-06 09:53:43 - [MESSAGE][PASSED] - Delayed 3 second(s)

2018-12-06 09:53:43 - [TEST_STEP][PASSED] - doubleClick: Object: 'Object Repository/Final Object Repo/Page_Request SSN - ASSIST/AI - DOB - Year - Date' is double clicked on

2018-12-06 09:53:44 - [MESSAGE][PASSED] - Object: 'Object Repository/Final Object Repo/Page_Request SSN - ASSIST/AI - DOB - Year - Date' is double clicked on

2018-12-06 09:53:44 - [TEST_STEP][PASSED] - click: Object: 'Object Repository/Final Object Repo/Page_Request SSN - ASSIST/AI - Male' is clicked on

2018-12-06 09:53:45 - [MESSAGE][PASSED] - Object: 'Object Repository/Final Object Repo/Page_Request SSN - ASSIST/AI - Male' is clicked on

2018-12-06 09:53:45 - [TEST_STEP][PASSED] - click: Object: 'Object Repository/Final Object Repo/Page_Request SSN - ASSIST/AI- Race' is clicked on

2018-12-06 09:53:45 - [MESSAGE][PASSED] - Object: 'Object Repository/Final Object Repo/Page_Request SSN - ASSIST/AI- Race' is clicked on

2018-12-06 09:53:45 - [TEST_STEP][PASSED] - click: Object: 'Object Repository/Final Object Repo/Page_Request SSN - ASSIST/AI - Race - Melayu' is clicked on

2018-12-06 09:53:45 - [MESSAGE][PASSED] - Object: 'Object Repository/Final Object Repo/Page_Request SSN - ASSIST/AI - Race - Melayu' is clicked on

2018-12-06 09:53:45 - [TEST_STEP][PASSED] - click: Object: 'Object Repository/Final Object Repo/Page_Request SSN - ASSIST/AI - Religion' is clicked on

2018-12-06 09:53:45 - [MESSAGE][PASSED] - Object: 'Object Repository/Final Object Repo/Page_Request SSN - ASSIST/AI - Religion' is clicked on

2018-12-06 09:53:45 - [TEST_STEP][PASSED] - click: Object: 'Object Repository/Final Object Repo/Page_Request SSN - ASSIST/AI - Religion - Islam' is clicked on

2018-12-06 09:53:46 - [MESSAGE][PASSED] - Object: 'Object Repository/Final Object Repo/Page_Request SSN - ASSIST/AI - Religion - Islam' is clicked on

2018-12-06 09:53:46 - [TEST_STEP][PASSED] - setText: Text '12345' is set on object 'Object Repository/Final Object Repo/Page_Request SSN - ASSIST/AI - Birth Certificate'

2018-12-06 09:53:46 - [MESSAGE][PASSED] - Text '12345' is set on object 'Object Repository/Final Object Repo/Page_Request SSN - ASSIST/AI - Birth Certificate'

2018-12-06 09:53:46 - [TEST_STEP][PASSED] - click: Object: 'Object Repository/Final Object Repo/Page_Request SSN - ASSIST/AI - Nationality' is clicked on

2018-12-06 09:53:46 - [MESSAGE][PASSED] - Object: 'Object Repository/Final Object Repo/Page_Request SSN - ASSIST/AI - Nationality' is clicked on

2018-12-06 09:53:46 - [TEST_STEP][PASSED] - click: Object: 'Object Repository/Final Object Repo/Page_Request SSN - ASSIST/AI - Nationality - Afghanistan' is clicked on

2018-12-06 09:53:47 - [MESSAGE][PASSED] - Object: 'Object Repository/Final Object Repo/Page_Request SSN - ASSIST/AI - Nationality - Afghanistan' is clicked on

2018-12-06 09:53:47 - [TEST_STEP][PASSED] - setText: Text 'PERKESO ADDRESS1' is set on object 'Object Repository/Final Object Repo/Page_Request SSN - ASSIST/AI - Address1'

2018-12-06 09:53:48 - [MESSAGE][PASSED] - Text 'PERKESO ADDRESS1' is set on object 'Object Repository/Final Object Repo/Page_Request SSN - ASSIST/AI - Address1'

2018-12-06 09:53:48 - [TEST_STEP][PASSED] - setText: Text 'PERKESO ADDRESS2' is set on object 'Object Repository/Final Object Repo/Page_Request SSN - ASSIST/AI - Address2'

2018-12-06 09:53:49 - [MESSAGE][PASSED] - Text 'PERKESO ADDRESS2' is set on object 'Object Repository/Final Object Repo/Page_Request SSN - ASSIST/AI - Address2'

2018-12-06 09:53:49 - [TEST_STEP][PASSED] - setText: Text 'PERKESO ADDRESS3' is set on object 'Object Repository/Final Object Repo/Page_Request SSN - ASSIST/AI - Address3'

2018-12-06 09:53:50 - [MESSAGE][PASSED] - Text 'PERKESO ADDRESS3' is set on object 'Object Repository/Final Object Repo/Page_Request SSN - ASSIST/AI - Address3'

2018-12-06 09:53:50 - [TEST_STEP][PASSED] - click: Object: 'Object Repository/Final Object Repo/Page_Request SSN - ASSIST/AI - State' is clicked on

2018-12-06 09:53:51 - [MESSAGE][PASSED] - Object: 'Object Repository/Final Object Repo/Page_Request SSN - ASSIST/AI - State' is clicked on

2018-12-06 09:53:51 - [TEST_STEP][PASSED] - click: Object: 'Object Repository/Final Object Repo/Page_Request SSN - ASSIST/AI - Current Employer State - Johor' is clicked on

2018-12-06 09:53:51 - [MESSAGE][PASSED] - Object: 'Object Repository/Final Object Repo/Page_Request SSN - ASSIST/AI - Current Employer State - Johor' is clicked on

2018-12-06 09:53:51 - [TEST_STEP][PASSED] - click: Object: 'Object Repository/Final Object Repo/Page_Request SSN - ASSIST/AI - City' is clicked on

2018-12-06 09:53:51 - [MESSAGE][PASSED] - Object: 'Object Repository/Final Object Repo/Page_Request SSN - ASSIST/AI - City' is clicked on

2018-12-06 09:53:51 - [TEST_STEP][PASSED] - setText: Text 'JOH' is set on object 'Object Repository/Final Object Repo/Page_Request SSN - ASSIST/AI - City - JOH'

2018-12-06 09:53:52 - [MESSAGE][PASSED] - Text 'JOH' is set on object 'Object Repository/Final Object Repo/Page_Request SSN - ASSIST/AI - City - JOH'

2018-12-06 09:53:52 - [TEST_STEP][PASSED] - delay: Delayed 3 second(s)

2018-12-06 09:53:55 - [MESSAGE][PASSED] - Delayed 3 second(s)

2018-12-06 09:53:55 - [TEST_STEP][PASSED] - click: Object: 'Object Repository/Final Object Repo/Page_Request SSN - ASSIST/AI - City - Johor Bharu' is clicked on

2018-12-06 09:53:55 - [MESSAGE][PASSED] - Object: 'Object Repository/Final Object Repo/Page_Request SSN - ASSIST/AI - City - Johor Bharu' is clicked on

2018-12-06 09:53:55 - [TEST_STEP][PASSED] - click: Object: 'Object Repository/Final Object Repo/Page_Request SSN - ASSIST/AI - Post Code' is clicked on

2018-12-06 09:53:55 - [MESSAGE][PASSED] - Object: 'Object Repository/Final Object Repo/Page_Request SSN - ASSIST/AI - Post Code' is clicked on

2018-12-06 09:53:55 - [TEST_STEP][PASSED] - setText: Text '810' is set on object 'Object Repository/Final Object Repo/Page_Request SSN - ASSIST/AI - City - JOH'

2018-12-06 09:53:56 - [MESSAGE][PASSED] - Text '810' is set on object 'Object Repository/Final Object Repo/Page_Request SSN - ASSIST/AI - City - JOH'

2018-12-06 09:53:56 - [TEST_STEP][PASSED] - delay: Delayed 3 second(s)

2018-12-06 09:53:59 - [MESSAGE][PASSED] - Delayed 3 second(s)

2018-12-06 09:53:59 - [TEST_STEP][PASSED] - click: Object: 'Object Repository/Final Object Repo/Page_Request SSN - ASSIST/AI - PostCode - 81000' is clicked on

2018-12-06 09:53:59 - [MESSAGE][PASSED] - Object: 'Object Repository/Final Object Repo/Page_Request SSN - ASSIST/AI - PostCode - 81000' is clicked on

2018-12-06 09:53:59 - [TEST_STEP][PASSED] - setText: Text '100' is set on object 'Object Repository/Final Object Repo/Page_Request SSN - ASSIST/P.O.BOX'

2018-12-06 09:54:00 - [MESSAGE][PASSED] - Text '100' is set on object 'Object Repository/Final Object Repo/Page_Request SSN - ASSIST/P.O.BOX'

2018-12-06 09:54:00 - [TEST_STEP][PASSED] - setText: Text '100' is set on object 'Object Repository/Final Object Repo/Page_Request SSN - ASSIST/Locked Bag No'

2018-12-06 09:54:00 - [MESSAGE][PASSED] - Text '100' is set on object 'Object Repository/Final Object Repo/Page_Request SSN - ASSIST/Locked Bag No'

2018-12-06 09:54:00 - [TEST_STEP][PASSED] - delay: Delayed 2 second(s)

2018-12-06 09:54:02 - [MESSAGE][PASSED] - Delayed 2 second(s)

2018-12-06 09:54:02 - [TEST_STEP][PASSED] - setText: Text '123456789' is set on object 'Object Repository/Final Object Repo/Page_Request SSN - ASSIST/AI - Telephone No'

2018-12-06 09:54:03 - [MESSAGE][PASSED] - Text '123456789' is set on object 'Object Repository/Final Object Repo/Page_Request SSN - ASSIST/AI - Telephone No'

2018-12-06 09:54:03 - [TEST_STEP][PASSED] - click: Object: 'Object Repository/Final Object Repo/Page_Request SSN - ASSIST/AI - Occupation' is clicked on

2018-12-06 09:54:03 - [MESSAGE][PASSED] - Object: 'Object Repository/Final Object Repo/Page_Request SSN - ASSIST/AI - Occupation' is clicked on

2018-12-06 09:54:03 - [TEST_STEP][PASSED] - click: Object: 'Object Repository/Final Object Repo/Page_Request SSN - ASSIST/AI - Occupation - NUMERICAL AND MATERIAL R' is clicked on

2018-12-06 09:54:04 - [MESSAGE][PASSED] - Object: 'Object Repository/Final Object Repo/Page_Request SSN - ASSIST/AI - Occupation - NUMERICAL AND MATERIAL R' is clicked on

2018-12-06 09:54:04 - [TEST_STEP][PASSED] - delay: Delayed 2 second(s)

2018-12-06 09:54:06 - [MESSAGE][PASSED] - Delayed 2 second(s)

2018-12-06 09:54:06 - [TEST_STEP][PASSED] - click: Object: 'Object Repository/Final Object Repo/Page_Request SSN - ASSIST/AI - Sub Occupation' is clicked on

2018-12-06 09:54:06 - [MESSAGE][PASSED] - Object: 'Object Repository/Final Object Repo/Page_Request SSN - ASSIST/AI - Sub Occupation' is clicked on

2018-12-06 09:54:06 - [TEST_STEP][PASSED] - click: Object: 'Object Repository/Final Object Repo/Page_Request SSN - ASSIST/AI - Sub Occupation - Stock Clerks' is clicked on

2018-12-06 09:54:06 - [MESSAGE][PASSED] - Object: 'Object Repository/Final Object Repo/Page_Request SSN - ASSIST/AI - Sub Occupation - Stock Clerks' is clicked on

2018-12-06 09:54:06 - [TEST_STEP][PASSED] - delay: Delayed 2 second(s)

2018-12-06 09:54:08 - [MESSAGE][PASSED] - Delayed 2 second(s)

2018-12-06 09:54:08 - [TEST_STEP][PASSED] - click: Object: 'Object Repository/Final Object Repo/Page_Request SSN - ASSIST/AI - Sub Occupation List' is clicked on

2018-12-06 09:54:08 - [MESSAGE][PASSED] - Object: 'Object Repository/Final Object Repo/Page_Request SSN - ASSIST/AI - Sub Occupation List' is clicked on

2018-12-06 09:54:08 - [TEST_STEP][PASSED] - click: Object: 'Object Repository/Final Object Repo/Page_Request SSN - ASSIST/AI - Sub Occupation List - Clerk raw material' is clicked on

2018-12-06 09:54:09 - [MESSAGE][PASSED] - Object: 'Object Repository/Final Object Repo/Page_Request SSN - ASSIST/AI - Sub Occupation List - Clerk raw material' is clicked on

2018-12-06 09:54:09 - [TEST_STEP][PASSED] - click: Object: 'Object Repository/Final Object Repo/Page_Request SSN - ASSIST/AI - Employment Start Date' is clicked on

2018-12-06 09:54:09 - [MESSAGE][PASSED] - Object: 'Object Repository/Final Object Repo/Page_Request SSN - ASSIST/AI - Employment Start Date' is clicked on

2018-12-06 09:54:09 - [TEST_STEP][PASSED] - click: Object: 'Object Repository/Final Object Repo/Page_Request SSN - ASSIST/AI - DOB - Year - Date' is clicked on

2018-12-06 09:54:09 - [MESSAGE][PASSED] - Object: 'Object Repository/Final Object Repo/Page_Request SSN - ASSIST/AI - DOB - Year - Date' is clicked on

2018-12-06 09:54:09 - [TEST_STEP][PASSED] - setText: Text 'perkeso' is set on object 'Object Repository/Final Object Repo/Page_Request SSN - ASSIST/AI - Current Employer Name'

2018-12-06 09:54:10 - [MESSAGE][PASSED] - Text 'perkeso' is set on object 'Object Repository/Final Object Repo/Page_Request SSN - ASSIST/AI - Current Employer Name'

2018-12-06 09:54:10 - [TEST_STEP][PASSED] - setText: Text 'perkeso1' is set on object 'Object Repository/Final Object Repo/Page_Request SSN - ASSIST/AI - Current Employer Address1'

2018-12-06 09:54:11 - [MESSAGE][PASSED] - Text 'perkeso1' is set on object 'Object Repository/Final Object Repo/Page_Request SSN - ASSIST/AI - Current Employer Address1'

2018-12-06 09:54:11 - [TEST_STEP][PASSED] - setText: Text 'perkeso2' is set on object 'Object Repository/Final Object Repo/Page_Request SSN - ASSIST/AI - Current Employer Address2'

2018-12-06 09:54:11 - [MESSAGE][PASSED] - Text 'perkeso2' is set on object 'Object Repository/Final Object Repo/Page_Request SSN - ASSIST/AI - Current Employer Address2'

2018-12-06 09:54:11 - [TEST_STEP][PASSED] - setText: Text 'perkeso3' is set on object 'Object Repository/Final Object Repo/Page_Request SSN - ASSIST/AI - Current Employer Address3'

2018-12-06 09:54:12 - [MESSAGE][PASSED] - Text 'perkeso3' is set on object 'Object Repository/Final Object Repo/Page_Request SSN - ASSIST/AI - Current Employer Address3'

2018-12-06 09:54:12 - [TEST_STEP][PASSED] - click: Object: 'Object Repository/Final Object Repo/Page_Request SSN - ASSIST/AI - Current Employer State' is clicked on

2018-12-06 09:54:12 - [MESSAGE][PASSED] - Object: 'Object Repository/Final Object Repo/Page_Request SSN - ASSIST/AI - Current Employer State' is clicked on

2018-12-06 09:54:12 - [TEST_STEP][PASSED] - click: Object: 'Object Repository/Final Object Repo/Page_Request SSN - ASSIST/AI - Current Employer State - Johor 1' is clicked on

2018-12-06 09:54:13 - [MESSAGE][PASSED] - Object: 'Object Repository/Final Object Repo/Page_Request SSN - ASSIST/AI - Current Employer State - Johor 1' is clicked on

2018-12-06 09:54:13 - [TEST_STEP][PASSED] - click: Object: 'Object Repository/Final Object Repo/Page_Request SSN - ASSIST/AI - Current Employer City' is clicked on

2018-12-06 09:54:13 - [MESSAGE][PASSED] - Object: 'Object Repository/Final Object Repo/Page_Request SSN - ASSIST/AI - Current Employer City' is clicked on

2018-12-06 09:54:13 - [TEST_STEP][PASSED] - setText: Text 'joh' is set on object 'Object Repository/Final Object Repo/Page_Request SSN - ASSIST/AI - City - JOH'

2018-12-06 09:54:13 - [MESSAGE][PASSED] - Text 'joh' is set on object 'Object Repository/Final Object Repo/Page_Request SSN - ASSIST/AI - City - JOH'

2018-12-06 09:54:13 - [TEST_STEP][PASSED] - delay: Delayed 2 second(s)

2018-12-06 09:54:15 - [MESSAGE][PASSED] - Delayed 2 second(s)

2018-12-06 09:54:15 - [TEST_STEP][PASSED] - click: Object: 'Object Repository/Final Object Repo/Page_Request SSN - ASSIST/AI - City - Johor Bharu' is clicked on

2018-12-06 09:54:15 - [MESSAGE][PASSED] - Object: 'Object Repository/Final Object Repo/Page_Request SSN - ASSIST/AI - City - Johor Bharu' is clicked on

2018-12-06 09:54:15 - [TEST_STEP][PASSED] - click: Object: 'Object Repository/Final Object Repo/Page_Request SSN - ASSIST/AI - Current Employer Postcode' is clicked on

2018-12-06 09:54:16 - [MESSAGE][PASSED] - Object: 'Object Repository/Final Object Repo/Page_Request SSN - ASSIST/AI - Current Employer Postcode' is clicked on

2018-12-06 09:54:16 - [TEST_STEP][PASSED] - setText: Text '810' is set on object 'Object Repository/Final Object Repo/Page_Request SSN - ASSIST/AI - City - JOH'

2018-12-06 09:54:16 - [MESSAGE][PASSED] - Text '810' is set on object 'Object Repository/Final Object Repo/Page_Request SSN - ASSIST/AI - City - JOH'

2018-12-06 09:54:16 - [TEST_STEP][PASSED] - delay: Delayed 2 second(s)

2018-12-06 09:54:18 - [MESSAGE][PASSED] - Delayed 2 second(s)

2018-12-06 09:54:18 - [TEST_STEP][PASSED] - click: Object: 'Object Repository/Final Object Repo/Page_Request SSN - ASSIST/AI - PostCode - 81000' is clicked on

2018-12-06 09:54:19 - [MESSAGE][PASSED] - Object: 'Object Repository/Final Object Repo/Page_Request SSN - ASSIST/AI - PostCode - 81000' is clicked on

2018-12-06 09:54:19 - [TEST_STEP][NOT_RUN] - setText: NOT_RUN: setText

2018-12-06 09:54:19 - [MESSAGE][NOT_RUN] - NOT_RUN: setText

2018-12-06 09:54:19 - [TEST_STEP][NOT_RUN] - setText: NOT_RUN: setText

2018-12-06 09:54:19 - [MESSAGE][NOT_RUN] - NOT_RUN: setText

2018-12-06 09:54:19 - [TEST_STEP][NOT_RUN] - click: NOT_RUN: click

2018-12-06 09:54:19 - [MESSAGE][NOT_RUN] - NOT_RUN: click

2018-12-06 09:54:19 - [TEST_STEP][NOT_RUN] - click: NOT_RUN: click

2018-12-06 09:54:19 - [MESSAGE][NOT_RUN] - NOT_RUN: click

2018-12-06 09:54:19 - [TEST_STEP][NOT_RUN] - setText: NOT_RUN: setText

2018-12-06 09:54:19 - [MESSAGE][NOT_RUN] - NOT_RUN: setText

2018-12-06 09:54:19 - [TEST_STEP][NOT_RUN] - click: NOT_RUN: click

2018-12-06 09:54:19 - [MESSAGE][NOT_RUN] - NOT_RUN: click

2018-12-06 09:54:19 - [TEST_STEP][NOT_RUN] - click: NOT_RUN: click

2018-12-06 09:54:19 - [MESSAGE][NOT_RUN] - NOT_RUN: click

2018-12-06 09:54:19 - [TEST_STEP][NOT_RUN] - click: NOT_RUN: click

2018-12-06 09:54:19 - [MESSAGE][NOT_RUN] - NOT_RUN: click

2018-12-06 09:54:19 - [TEST_STEP][NOT_RUN] - click: NOT_RUN: click

2018-12-06 09:54:19 - [MESSAGE][NOT_RUN] - NOT_RUN: click

2018-12-06 09:54:19 - [TEST_STEP][NOT_RUN] - click: NOT_RUN: click

2018-12-06 09:54:19 - [MESSAGE][NOT_RUN] - NOT_RUN: click

2018-12-06 09:54:19 - [TEST_STEP][NOT_RUN] - click: NOT_RUN: click

2018-12-06 09:54:19 - [MESSAGE][NOT_RUN] - NOT_RUN: click

2018-12-06 09:54:19 - [TEST_STEP][NOT_RUN] - setText: NOT_RUN: setText

2018-12-06 09:54:19 - [MESSAGE][NOT_RUN] - NOT_RUN: setText

2018-12-06 09:54:19 - [TEST_STEP][NOT_RUN] - setText: NOT_RUN: setText

2018-12-06 09:54:19 - [MESSAGE][NOT_RUN] - NOT_RUN: setText

2018-12-06 09:54:19 - [TEST_STEP][NOT_RUN] - setText: NOT_RUN: setText

2018-12-06 09:54:19 - [MESSAGE][NOT_RUN] - NOT_RUN: setText

2018-12-06 09:54:19 - [TEST_STEP][NOT_RUN] - click: NOT_RUN: click

2018-12-06 09:54:19 - [MESSAGE][NOT_RUN] - NOT_RUN: click

2018-12-06 09:54:19 - [TEST_STEP][NOT_RUN] - click: NOT_RUN: click

2018-12-06 09:54:19 - [MESSAGE][NOT_RUN] - NOT_RUN: click

2018-12-06 09:54:19 - [TEST_STEP][NOT_RUN] - click: NOT_RUN: click

2018-12-06 09:54:19 - [MESSAGE][NOT_RUN] - NOT_RUN: click

2018-12-06 09:54:19 - [TEST_STEP][NOT_RUN] - setText: NOT_RUN: setText

2018-12-06 09:54:19 - [MESSAGE][NOT_RUN] - NOT_RUN: setText

2018-12-06 09:54:19 - [TEST_STEP][NOT_RUN] - delay: NOT_RUN: delay

2018-12-06 09:54:19 - [MESSAGE][NOT_RUN] - NOT_RUN: delay

2018-12-06 09:54:19 - [TEST_STEP][NOT_RUN] - click: NOT_RUN: click

2018-12-06 09:54:19 - [MESSAGE][NOT_RUN] - NOT_RUN: click

2018-12-06 09:54:19 - [TEST_STEP][NOT_RUN] - click: NOT_RUN: click

2018-12-06 09:54:19 - [MESSAGE][NOT_RUN] - NOT_RUN: click

2018-12-06 09:54:19 - [TEST_STEP][NOT_RUN] - click: NOT_RUN: click

2018-12-06 09:54:19 - [MESSAGE][NOT_RUN] - NOT_RUN: click

2018-12-06 09:54:19 - [TEST_STEP][NOT_RUN] - setText: NOT_RUN: setText

2018-12-06 09:54:19 - [MESSAGE][NOT_RUN] - NOT_RUN: setText

2018-12-06 09:54:19 - [TEST_STEP][NOT_RUN] - delay: NOT_RUN: delay

2018-12-06 09:54:19 - [MESSAGE][NOT_RUN] - NOT_RUN: delay

2018-12-06 09:54:19 - [TEST_STEP][NOT_RUN] - click: NOT_RUN: click

2018-12-06 09:54:19 - [MESSAGE][NOT_RUN] - NOT_RUN: click

2018-12-06 09:54:19 - [TEST_STEP][NOT_RUN] - delay: NOT_RUN: delay

2018-12-06 09:54:19 - [MESSAGE][NOT_RUN] - NOT_RUN: delay

2018-12-06 09:54:19 - [TEST_STEP][NOT_RUN] - setText: NOT_RUN: setText

2018-12-06 09:54:19 - [MESSAGE][NOT_RUN] - NOT_RUN: setText

2018-12-06 09:54:19 - [TEST_STEP][NOT_RUN] - setText: NOT_RUN: setText

2018-12-06 09:54:19 - [MESSAGE][NOT_RUN] - NOT_RUN: setText

2018-12-06 09:54:19 - [TEST_STEP][NOT_RUN] - setText: NOT_RUN: setText

2018-12-06 09:54:19 - [MESSAGE][NOT_RUN] - NOT_RUN: setText

2018-12-06 09:54:19 - [TEST_STEP][NOT_RUN] - click: NOT_RUN: click

2018-12-06 09:54:19 - [MESSAGE][NOT_RUN] - NOT_RUN: click

2018-12-06 09:54:19 - [TEST_STEP][NOT_RUN] - click: NOT_RUN: click

2018-12-06 09:54:19 - [MESSAGE][NOT_RUN] - NOT_RUN: click

2018-12-06 09:54:19 - [TEST_STEP][NOT_RUN] - setText: NOT_RUN: setText

2018-12-06 09:54:19 - [MESSAGE][NOT_RUN] - NOT_RUN: setText

2018-12-06 09:54:19 - [TEST_STEP][NOT_RUN] - click: NOT_RUN: click

2018-12-06 09:54:19 - [MESSAGE][NOT_RUN] - NOT_RUN: click

2018-12-06 09:54:19 - [TEST_STEP][NOT_RUN] - click: NOT_RUN: click

2018-12-06 09:54:19 - [MESSAGE][NOT_RUN] - NOT_RUN: click

2018-12-06 09:54:19 - [TEST_STEP][NOT_RUN] - click: NOT_RUN: click

2018-12-06 09:54:19 - [MESSAGE][NOT_RUN] - NOT_RUN: click

2018-12-06 09:54:19 - [TEST_STEP][NOT_RUN] - click: NOT_RUN: click

2018-12-06 09:54:19 - [MESSAGE][NOT_RUN] - NOT_RUN: click

2018-12-06 09:54:19 - [TEST_STEP][NOT_RUN] - click: NOT_RUN: click

2018-12-06 09:54:19 - [MESSAGE][NOT_RUN] - NOT_RUN: click

2018-12-06 09:54:19 - [TEST_STEP][NOT_RUN] - click: NOT_RUN: click

2018-12-06 09:54:19 - [MESSAGE][NOT_RUN] - NOT_RUN: click

2018-12-06 09:54:19 - [TEST_STEP][NOT_RUN] - setText: NOT_RUN: setText

2018-12-06 09:54:19 - [MESSAGE][NOT_RUN] - NOT_RUN: setText

2018-12-06 09:54:19 - [TEST_STEP][NOT_RUN] - setText: NOT_RUN: setText

2018-12-06 09:54:19 - [MESSAGE][NOT_RUN] - NOT_RUN: setText

2018-12-06 09:54:19 - [TEST_STEP][NOT_RUN] - setText: NOT_RUN: setText

2018-12-06 09:54:19 - [MESSAGE][NOT_RUN] - NOT_RUN: setText

2018-12-06 09:54:19 - [TEST_STEP][NOT_RUN] - click: NOT_RUN: click

2018-12-06 09:54:19 - [MESSAGE][NOT_RUN] - NOT_RUN: click

2018-12-06 09:54:19 - [TEST_STEP][NOT_RUN] - click: NOT_RUN: click

2018-12-06 09:54:19 - [MESSAGE][NOT_RUN] - NOT_RUN: click

2018-12-06 09:54:19 - [TEST_STEP][NOT_RUN] - click: NOT_RUN: click

2018-12-06 09:54:19 - [MESSAGE][NOT_RUN] - NOT_RUN: click

2018-12-06 09:54:19 - [TEST_STEP][NOT_RUN] - delay: NOT_RUN: delay

2018-12-06 09:54:19 - [MESSAGE][NOT_RUN] - NOT_RUN: delay

2018-12-06 09:54:19 - [TEST_STEP][NOT_RUN] - setText: NOT_RUN: setText

2018-12-06 09:54:19 - [MESSAGE][NOT_RUN] - NOT_RUN: setText

2018-12-06 09:54:19 - [TEST_STEP][NOT_RUN] - delay: NOT_RUN: delay

2018-12-06 09:54:19 - [MESSAGE][NOT_RUN] - NOT_RUN: delay

2018-12-06 09:54:19 - [TEST_STEP][NOT_RUN] - click: NOT_RUN: click

2018-12-06 09:54:19 - [MESSAGE][NOT_RUN] - NOT_RUN: click

2018-12-06 09:54:19 - [TEST_STEP][NOT_RUN] - doubleClick: NOT_RUN: doubleClick

2018-12-06 09:54:19 - [MESSAGE][NOT_RUN] - NOT_RUN: doubleClick

2018-12-06 09:54:19 - [TEST_STEP][NOT_RUN] - click: NOT_RUN: click

2018-12-06 09:54:19 - [MESSAGE][NOT_RUN] - NOT_RUN: click

2018-12-06 09:54:19 - [TEST_STEP][NOT_RUN] - setText: NOT_RUN: setText

2018-12-06 09:54:19 - [MESSAGE][NOT_RUN] - NOT_RUN: setText

2018-12-06 09:54:19 - [TEST_STEP][NOT_RUN] - delay: NOT_RUN: delay

2018-12-06 09:54:19 - [MESSAGE][NOT_RUN] - NOT_RUN: delay

2018-12-06 09:54:19 - [TEST_STEP][NOT_RUN] - click: NOT_RUN: click

2018-12-06 09:54:19 - [MESSAGE][NOT_RUN] - NOT_RUN: click

2018-12-06 09:54:19 - [TEST_STEP][NOT_RUN] - delay: NOT_RUN: delay

2018-12-06 09:54:19 - [MESSAGE][NOT_RUN] - NOT_RUN: delay

2018-12-06 09:54:19 - [TEST_STEP][NOT_RUN] - setText: NOT_RUN: setText

2018-12-06 09:54:19 - [MESSAGE][NOT_RUN] - NOT_RUN: setText

2018-12-06 09:54:19 - [TEST_STEP][PASSED] - click: Object: 'Object Repository/Final Object Repo/Page_Request SSN - ASSIST/Save  Continue' is clicked on

2018-12-06 09:54:20 - [MESSAGE][PASSED] - Object: 'Object Repository/Final Object Repo/Page_Request SSN - ASSIST/Save  Continue' is clicked on

2018-12-06 09:54:20 - [TEST_STEP][PASSED] - delay: Delayed 3 second(s)

2018-12-06 09:54:23 - [MESSAGE][PASSED] - Delayed 3 second(s)

2018-12-06 09:54:23 - [TEST_STEP][PASSED] - Statement - CaseReferenceNo = com.kms.katalon.core.webui.keyword.WebUiBuiltInKeywords.getText(com.kms.katalon.core.testobject.ObjectRepository.findTestObject(Final Object Repo/Page_Request SSN - ASSIST/Reference Number in Uploading Page)): Text of object 'Object Repository/Final Object Repo/Page_Request SSN - ASSIST/Reference Number in Uploading Page' is: 'SSN12201800001174'

2018-12-06 09:54:23 - [MESSAGE][PASSED] - Text of object 'Object Repository/Final Object Repo/Page_Request SSN - ASSIST/Reference Number in Uploading Page' is: 'SSN12201800001174'

2018-12-06 09:54:23 - [TEST_STEP][PASSED] - callTestCase: Call Test Case 'Test Cases/Final Aug 2018 - PKS Automation/Common/Reference Number Setter' successfully

2018-12-06 09:54:23 - [TEST_CASE][PASSED] - Test Cases/Final Aug 2018 - PKS Automation/Common/Reference Number Setter: Test Cases/Final Aug 2018 - PKS Automation/Common/Reference Number Setter

2018-12-06 09:54:23 - [TEST_STEP][PASSED] - Statement - RefNoOldFile = new java.io.File(C://Users//Admin//Desktop//PKS//Automation Reference Point//KatalonReference.txt): null

2018-12-06 09:54:23 - [TEST_STEP][PASSED] - Statement - RefNoOldFile.delete(): null

2018-12-06 09:54:23 - [TEST_STEP][PASSED] - delay: Delayed 5 second(s)

2018-12-06 09:54:28 - [MESSAGE][PASSED] - Delayed 5 second(s)

2018-12-06 09:54:28 - [TEST_STEP][PASSED] - Statement - RefNo = new java.io.File(C://Users//Admin//Desktop//PKS//Automation Reference Point//KatalonReference.txt): null

2018-12-06 09:54:28 - [TEST_STEP][PASSED] - Statement - f2 = new java.io.FileWriter(RefNo, false): null

2018-12-06 09:54:28 - [TEST_STEP][PASSED] - Statement - f2.write(CaseReferenceNo): null

2018-12-06 09:54:28 - [TEST_STEP][PASSED] - Statement - f2.close(): null

2018-12-06 09:54:28 - [TEST_STEP][PASSED] - Statement - out.println("


" + CaseReferenceNo + "


"): null

2018-12-06 09:54:28 - [MESSAGE][PASSED] - Call Test Case 'Test Cases/Final Aug 2018 - PKS Automation/Common/Reference Number Setter' successfully

2018-12-06 09:54:28 - [TEST_STEP][PASSED] - click: Object: 'Object Repository/Final Object Repo/Page_Request SSN - ASSIST/Add Document Button' is clicked on

2018-12-06 09:54:28 - [MESSAGE][PASSED] - Object: 'Object Repository/Final Object Repo/Page_Request SSN - ASSIST/Add Document Button' is clicked on

2018-12-06 09:54:28 - [TEST_STEP][PASSED] - delay: Delayed 2 second(s)

2018-12-06 09:54:30 - [MESSAGE][PASSED] - Delayed 2 second(s)

2018-12-06 09:54:30 - [TEST_STEP][PASSED] - click: Object: 'Object Repository/Final Object Repo/Page_Request SSN - ASSIST/Document Type' is clicked on

2018-12-06 09:54:31 - [MESSAGE][PASSED] - Object: 'Object Repository/Final Object Repo/Page_Request SSN - ASSIST/Document Type' is clicked on

2018-12-06 09:54:31 - [TEST_STEP][PASSED] - delay: Delayed 2 second(s)

2018-12-06 09:54:33 - [MESSAGE][PASSED] - Delayed 2 second(s)

2018-12-06 09:54:33 - [TEST_STEP][PASSED] - click: Object: 'Object Repository/Final Object Repo/Page_Request SSN - ASSIST/Document Type - Birth Certificate' is clicked on

2018-12-06 09:54:34 - [MESSAGE][PASSED] - Object: 'Object Repository/Final Object Repo/Page_Request SSN - ASSIST/Document Type - Birth Certificate' is clicked on

2018-12-06 09:54:34 - [TEST_STEP][PASSED] - delay: Delayed 2 second(s)

2018-12-06 09:54:36 - [MESSAGE][PASSED] - Delayed 2 second(s)

2018-12-06 09:54:36 - [TEST_STEP][PASSED] - sendKeys: Keys 'C:\Users\Public\Pictures\Sample Pictures\Koala.jpg' sent to object: 'Object Repository/Final Object Repo/Page_Request SSN - ASSIST/Upload File'

2018-12-06 09:54:36 - [MESSAGE][PASSED] - Keys 'C:\Users\Public\Pictures\Sample Pictures\Koala.jpg' sent to object: 'Object Repository/Final Object Repo/Page_Request SSN - ASSIST/Upload File'

2018-12-06 09:54:36 - [TEST_STEP][PASSED] - click: Object: 'Object Repository/Final Object Repo/Page_Request SSN - ASSIST/Add Document' is clicked on

2018-12-06 09:54:36 - [MESSAGE][PASSED] - Object: 'Object Repository/Final Object Repo/Page_Request SSN - ASSIST/Add Document' is clicked on

2018-12-06 09:54:36 - [TEST_STEP][PASSED] - delay: Delayed 10 second(s)

2018-12-06 09:54:46 - [MESSAGE][PASSED] - Delayed 10 second(s)

2018-12-06 09:54:46 - [TEST_STEP][PASSED] - click: Object: 'Object Repository/Final Object Repo/Page_Request SSN - ASSIST/Save  Continue in Uploading Document Page' is clicked on

2018-12-06 09:54:46 - [MESSAGE][PASSED] - Object: 'Object Repository/Final Object Repo/Page_Request SSN - ASSIST/Save  Continue in Uploading Document Page' is clicked on

2018-12-06 09:54:46 - [TEST_STEP][PASSED] - delay: Delayed 2 second(s)

2018-12-06 09:54:48 - [MESSAGE][PASSED] - Delayed 2 second(s)

2018-12-06 09:54:48 - [TEST_STEP][PASSED] - click: Object: 'Object Repository/Final Object Repo/Page_Request SSN - ASSIST/Submit' is clicked on

2018-12-06 09:54:51 - [MESSAGE][PASSED] - Object: 'Object Repository/Final Object Repo/Page_Request SSN - ASSIST/Submit' is clicked on

2018-12-06 09:54:51 - [TEST_STEP][PASSED] - delay: Delayed 2 second(s)

2018-12-06 09:54:53 - [MESSAGE][PASSED] - Delayed 2 second(s)

2018-12-06 09:54:53 - [TEST_STEP][PASSED] - click: Object: 'Object Repository/Final Object Repo/Page_Request SSN - ASSIST/Confirm' is clicked on

2018-12-06 09:54:53 - [MESSAGE][PASSED] - Object: 'Object Repository/Final Object Repo/Page_Request SSN - ASSIST/Confirm' is clicked on

2018-12-06 09:54:53 - [TEST_STEP][PASSED] - delay: Delayed 2 second(s)

2018-12-06 09:54:55 - [MESSAGE][PASSED] - Delayed 2 second(s)

2018-12-06 09:54:55 - [TEST_STEP][PASSED] - verifyElementVisible: Object 'Object Repository/Final Object Repo/Page_Request SSN - ASSIST/Message This Case will be routed to RIO' is visible

2018-12-06 09:55:01 - [MESSAGE][PASSED] - Object 'Object Repository/Final Object Repo/Page_Request SSN - ASSIST/Message This Case will be routed to RIO' is visible

2018-12-06 09:55:01 - [TEST_STEP][PASSED] - delay: Delayed 2 second(s)

2018-12-06 09:55:03 - [MESSAGE][PASSED] - Delayed 2 second(s)

2018-12-06 09:55:03 - [TEST_STEP][PASSED] - verifyElementVisible: Object 'Object Repository/Final Object Repo/Page_Request SSN - ASSIST/Letter of acknowledgement' is visible

2018-12-06 09:55:03 - [MESSAGE][PASSED] - Object 'Object Repository/Final Object Repo/Page_Request SSN - ASSIST/Letter of acknowledgement' is visible

2018-12-06 09:55:03 - [MESSAGE][PASSED] - Call Test Case 'Test Cases/Final Aug 2018 - PKS Automation/Registration Module/Workflow/Request SSN/Template/Request SSN - OTC' successfully

2018-12-06 09:55:03 - [TEST_STEP][PASSED] - callTestCase: Call Test Case 'Test Cases/Final Aug 2018 - PKS Automation/Registration Module/Workflow/Request SSN/Template/Request SSN RIO - RO (Query)' successfully

2018-12-06 09:55:03 - [TEST_CASE][PASSED] - Test Cases/Final Aug 2018 - PKS Automation/Registration Module/Workflow/Request SSN/Template/Request SSN RIO - RO (Query): Test Cases/Final Aug 2018 - PKS Automation/Registration Module/Workflow/Request SSN/Template/Request SSN RIO - RO (Query)

2018-12-06 09:55:03 - [TEST_STEP][NOT_RUN] - callTestCase: NOT_RUN: callTestCase

2018-12-06 09:55:03 - [MESSAGE][NOT_RUN] - NOT_RUN: callTestCase

2018-12-06 09:55:03 - [TEST_STEP][PASSED] - delay: Delayed 2 second(s)

2018-12-06 09:55:05 - [MESSAGE][PASSED] - Delayed 2 second(s)

2018-12-06 09:55:05 - [TEST_STEP][PASSED] - navigateToUrl: Navigate to 'https://assist2-uat.perkeso.gov.my/c/portal/logout' successfully

2018-12-06 09:55:06 - [MESSAGE][PASSED] - Navigate to 'https://assist2-uat.perkeso.gov.my/c/portal/logout' successfully

2018-12-06 09:55:06 - [TEST_STEP][PASSED] - delay: Delayed 2 second(s)

2018-12-06 09:55:08 - [MESSAGE][PASSED] - Delayed 2 second(s)

2018-12-06 09:55:08 - [TEST_STEP][PASSED] - callTestCase: Call Test Case 'Test Cases/Final Aug 2018 - PKS Automation/Common/Reference Number Getter' successfully

2018-12-06 09:55:08 - [TEST_CASE][PASSED] - Test Cases/Final Aug 2018 - PKS Automation/Common/Reference Number Getter: Test Cases/Final Aug 2018 - PKS Automation/Common/Reference Number Getter

2018-12-06 09:55:08 - [TEST_STEP][PASSED] - Statement - Try: null

2018-12-06 09:55:08 - [TEST_STEP][PASSED] - Statement - RefNo = new java.io.File(C://Users//Admin//Desktop//PKS//Automation Reference Point//KatalonReference.txt): null

2018-12-06 09:55:08 - [TEST_STEP][PASSED] - Statement - bufferread = new java.io.BufferedReader(new java.io.FileReader(RefNo)): null

2018-12-06 09:55:08 - [TEST_STEP][PASSED] - Statement - readedVal = bufferread.readLine(): null

2018-12-06 09:55:08 - [TEST_STEP][PASSED] - Statement - out.println(CaseReferenceNo): null

2018-12-06 09:55:08 - [TEST_STEP][PASSED] - Statement - out.println(readedVal): null

2018-12-06 09:55:08 - [TEST_STEP][PASSED] - Statement - CaseReferenceNo = "": null

2018-12-06 09:55:08 - [TEST_STEP][PASSED] - Statement - CaseReferenceNo = readedVal: null

2018-12-06 09:55:08 - [MESSAGE][PASSED] - Call Test Case 'Test Cases/Final Aug 2018 - PKS Automation/Common/Reference Number Getter' successfully

2018-12-06 09:55:08 - [TEST_STEP][PASSED] - callTestCase: Call Test Case 'Test Cases/Final Aug 2018 - PKS Automation/Common/Workflow Owner Finder' successfully

2018-12-06 09:55:08 - [TEST_CASE][PASSED] - Test Cases/Final Aug 2018 - PKS Automation/Common/Workflow Owner Finder: Test Cases/Final Aug 2018 - PKS Automation/Common/Workflow Owner Finder

2018-12-06 09:55:08 - [TEST_STEP][PASSED] - openBrowser: Browser is opened with url: ''

2018-12-06 09:55:08 - [MESSAGE][WARNING] - A browser is already opened. Closing browser and opening a new one

2018-12-06 09:55:11 - [MESSAGE][PASSED] - Browser is opened with url: ''

2018-12-06 09:55:11 - [TEST_STEP][PASSED] - navigateToUrl: Navigate to 'https://assist2-uat.perkeso.gov.my/login' successfully

2018-12-06 09:55:12 - [MESSAGE][PASSED] - Navigate to 'https://assist2-uat.perkeso.gov.my/login' successfully

2018-12-06 09:55:12 - [TEST_STEP][PASSED] - delay: Delayed 5 second(s)

2018-12-06 09:55:17 - [MESSAGE][PASSED] - Delayed 5 second(s)

2018-12-06 09:55:17 - [TEST_STEP][PASSED] - setText: Text 'test@liferay.com' is set on object 'Object Repository/Final Object Repo/Login Page/Internal User/Email Address'

2018-12-06 09:55:18 - [MESSAGE][PASSED] - Text 'test@liferay.com' is set on object 'Object Repository/Final Object Repo/Login Page/Internal User/Email Address'

2018-12-06 09:55:18 - [TEST_STEP][PASSED] - click: Object: 'Object Repository/Final Object Repo/Login Page/Internal User/Next Button' is clicked on

2018-12-06 09:55:18 - [MESSAGE][PASSED] - Object: 'Object Repository/Final Object Repo/Login Page/Internal User/Next Button' is clicked on

2018-12-06 09:55:18 - [TEST_STEP][PASSED] - delay: Delayed 2 second(s)

2018-12-06 09:55:20 - [MESSAGE][PASSED] - Delayed 2 second(s)

2018-12-06 09:55:20 - [TEST_STEP][PASSED] - setText: Text 'test' is set on object 'Object Repository/Final Object Repo/Login Page/Internal User/Password'

2018-12-06 09:55:20 - [MESSAGE][PASSED] - Text 'test' is set on object 'Object Repository/Final Object Repo/Login Page/Internal User/Password'

2018-12-06 09:55:20 - [TEST_STEP][PASSED] - delay: Delayed 2 second(s)

2018-12-06 09:55:22 - [MESSAGE][PASSED] - Delayed 2 second(s)

2018-12-06 09:55:22 - [TEST_STEP][PASSED] - click: Object: 'Object Repository/Final Object Repo/Login Page/Internal User/Login Button' is clicked on

2018-12-06 09:55:22 - [MESSAGE][PASSED] - Object: 'Object Repository/Final Object Repo/Login Page/Internal User/Login Button' is clicked on

2018-12-06 09:55:22 - [TEST_STEP][PASSED] - Statement - tester = com.kms.katalon.core.testobject.ObjectRepository.findTestObject(Final Object Repo/Landing Page/Select to English): Finding Test Object with id 'Object Repository/Final Object Repo/Landing Page/Select to English'

2018-12-06 09:55:22 - [TEST_STEP][PASSED] - Statement - Try: Delayed 2 second(s)

2018-12-06 09:55:22 - [TEST_STEP][PASSED] - Statement - Checker = com.kms.katalon.core.webui.keyword.WebUiBuiltInKeywords.verifyElementNotPresent(tester, 3): Web element with id: 'Object Repository/Final Object Repo/Landing Page/Select to English' located by 'By.xpath: //a[@class = 'taglib-language-list-text' and @lang = 'en-US' and (contains(text(), 'EN') or contains(., 'EN'))]' is not present after '3' second(s)

2018-12-06 09:55:24 - [MESSAGE][PASSED] - Web element with id: 'Object Repository/Final Object Repo/Landing Page/Select to English' located by 'By.xpath: //a[@class = 'taglib-language-list-text' and @lang = 'en-US' and (contains(text(), 'EN') or contains(., 'EN'))]' is not present after '3' second(s)

2018-12-06 09:55:24 - [TEST_STEP][PASSED] - Statement - If (Checker == false): null

2018-12-06 09:55:24 - [TEST_STEP][PASSED] - delay: Delayed 2 second(s)

2018-12-06 09:55:26 - [MESSAGE][PASSED] - Delayed 2 second(s)

2018-12-06 09:55:26 - [TEST_STEP][PASSED] - delay: Delayed 5 second(s)

2018-12-06 09:55:31 - [MESSAGE][PASSED] - Delayed 5 second(s)

2018-12-06 09:55:31 - [TEST_STEP][PASSED] - mouseOver: Object: 'Object Repository/Final Object Repo/Landing Page/WorkFlow Menu' is hovered

2018-12-06 09:55:31 - [MESSAGE][PASSED] - Object: 'Object Repository/Final Object Repo/Landing Page/WorkFlow Menu' is hovered

2018-12-06 09:55:31 - [TEST_STEP][PASSED] - delay: Delayed 2 second(s)

2018-12-06 09:55:33 - [MESSAGE][PASSED] - Delayed 2 second(s)

2018-12-06 09:55:33 - [TEST_STEP][PASSED] - click: Object: 'Object Repository/Final Object Repo/Landing Page/Select to Workflow Listing' is clicked on

2018-12-06 09:55:35 - [MESSAGE][PASSED] - Object: 'Object Repository/Final Object Repo/Landing Page/Select to Workflow Listing' is clicked on

2018-12-06 09:55:35 - [TEST_STEP][PASSED] - delay: Delayed 2 second(s)

2018-12-06 09:55:37 - [MESSAGE][PASSED] - Delayed 2 second(s)

2018-12-06 09:55:37 - [TEST_STEP][PASSED] - click: Object: 'Object Repository/Final Object Repo/WorkFlow Listing Page/Search Information - To Put Ref No' is clicked on

2018-12-06 09:55:37 - [MESSAGE][PASSED] - Object: 'Object Repository/Final Object Repo/WorkFlow Listing Page/Search Information - To Put Ref No' is clicked on

2018-12-06 09:55:37 - [TEST_STEP][PASSED] - delay: Delayed 2 second(s)

2018-12-06 09:55:39 - [MESSAGE][PASSED] - Delayed 2 second(s)

2018-12-06 09:55:39 - [TEST_STEP][PASSED] - callTestCase: Call Test Case 'Test Cases/Final Aug 2018 - PKS Automation/Common/Reference Number Getter' successfully

2018-12-06 09:55:39 - [TEST_CASE][PASSED] - Test Cases/Final Aug 2018 - PKS Automation/Common/Reference Number Getter: Test Cases/Final Aug 2018 - PKS Automation/Common/Reference Number Getter

2018-12-06 09:55:39 - [TEST_STEP][PASSED] - Statement - Try: null

2018-12-06 09:55:39 - [TEST_STEP][PASSED] - Statement - RefNo = new java.io.File(C://Users//Admin//Desktop//PKS//Automation Reference Point//KatalonReference.txt): null

2018-12-06 09:55:39 - [TEST_STEP][PASSED] - Statement - bufferread = new java.io.BufferedReader(new java.io.FileReader(RefNo)): null

2018-12-06 09:55:39 - [TEST_STEP][PASSED] - Statement - readedVal = bufferread.readLine(): null

2018-12-06 09:55:39 - [TEST_STEP][PASSED] - Statement - out.println(CaseReferenceNo): null

2018-12-06 09:55:39 - [TEST_STEP][PASSED] - Statement - out.println(readedVal): null

2018-12-06 09:55:39 - [TEST_STEP][PASSED] - Statement - CaseReferenceNo = "": null

2018-12-06 09:55:39 - [TEST_STEP][PASSED] - Statement - CaseReferenceNo = readedVal: null

2018-12-06 09:55:39 - [MESSAGE][PASSED] - Call Test Case 'Test Cases/Final Aug 2018 - PKS Automation/Common/Reference Number Getter' successfully

2018-12-06 09:55:39 - [TEST_STEP][PASSED] - setText: Text 'SSN12201800001174' is set on object 'Object Repository/Final Object Repo/WorkFlow Listing Page/Ref No Set Text'

2018-12-06 09:55:39 - [MESSAGE][PASSED] - Text 'SSN12201800001174' is set on object 'Object Repository/Final Object Repo/WorkFlow Listing Page/Ref No Set Text'

2018-12-06 09:55:39 - [TEST_STEP][PASSED] - delay: Delayed 2 second(s)

2018-12-06 09:55:41 - [MESSAGE][PASSED] - Delayed 2 second(s)

2018-12-06 09:55:41 - [TEST_STEP][PASSED] - click: Object: 'Object Repository/Final Object Repo/WorkFlow Listing Page/Search Ref No Search Button' is clicked on

2018-12-06 09:55:41 - [MESSAGE][PASSED] - Object: 'Object Repository/Final Object Repo/WorkFlow Listing Page/Search Ref No Search Button' is clicked on

2018-12-06 09:55:41 - [TEST_STEP][PASSED] - delay: Delayed 6 second(s)

2018-12-06 09:55:48 - [MESSAGE][PASSED] - Delayed 6 second(s)

2018-12-06 09:55:48 - [TEST_STEP][PASSED] - click: Object: 'Object Repository/Final Object Repo/WorkFlow Listing Page/Click Continue Tooltip' is clicked on

2018-12-06 09:55:49 - [MESSAGE][PASSED] - Object: 'Object Repository/Final Object Repo/WorkFlow Listing Page/Click Continue Tooltip' is clicked on

2018-12-06 09:55:49 - [TEST_STEP][PASSED] - delay: Delayed 5 second(s)

2018-12-06 09:55:54 - [MESSAGE][PASSED] - Delayed 5 second(s)

2018-12-06 09:55:54 - [TEST_STEP][PASSED] - doubleClick: Object: 'Object Repository/Final Object Repo/WorkFlow Listing Page/Workflow Found - Listing 1' is double clicked on

2018-12-06 09:55:54 - [MESSAGE][PASSED] - Object: 'Object Repository/Final Object Repo/WorkFlow Listing Page/Workflow Found - Listing 1' is double clicked on

2018-12-06 09:55:54 - [TEST_STEP][PASSED] - Statement - println(OwnerID): null

2018-12-06 09:55:54 - [TEST_STEP][PASSED] - Statement - OwnerID = com.kms.katalon.core.webui.keyword.WebUiBuiltInKeywords.getText(com.kms.katalon.core.testobject.ObjectRepository.findTestObject(Final Object Repo/WorkFlow Listing Page/Workflow Found - Listing 1), STOP_ON_FAILURE): Text of object 'Object Repository/Final Object Repo/WorkFlow Listing Page/Workflow Found - Listing 1' is: 'JOHORrio3'

2018-12-06 09:55:54 - [MESSAGE][PASSED] - Text of object 'Object Repository/Final Object Repo/WorkFlow Listing Page/Workflow Found - Listing 1' is: 'JOHORrio3'

2018-12-06 09:55:54 - [TEST_STEP][PASSED] - Statement - OwnerID = OwnerID.toLowerCase() + "@gmail.com": null

2018-12-06 09:55:54 - [TEST_STEP][PASSED] - Statement - println(OwnerID): null

2018-12-06 09:55:54 - [TEST_STEP][PASSED] - delay: Delayed 2 second(s)

2018-12-06 09:55:56 - [MESSAGE][PASSED] - Delayed 2 second(s)

2018-12-06 09:55:56 - [MESSAGE][PASSED] - Call Test Case 'Test Cases/Final Aug 2018 - PKS Automation/Common/Workflow Owner Finder' successfully

2018-12-06 09:55:56 - [TEST_STEP][PASSED] - delay: Delayed 2 second(s)

2018-12-06 09:55:58 - [MESSAGE][PASSED] - Delayed 2 second(s)

2018-12-06 09:55:58 - [TEST_STEP][PASSED] - navigateToUrl: Navigate to 'https://assist2-uat.perkeso.gov.my/c/portal/logout' successfully

2018-12-06 09:55:59 - [MESSAGE][PASSED] - Navigate to 'https://assist2-uat.perkeso.gov.my/c/portal/logout' successfully

2018-12-06 09:55:59 - [TEST_STEP][PASSED] - delay: Delayed 2 second(s)

2018-12-06 09:56:01 - [MESSAGE][PASSED] - Delayed 2 second(s)

2018-12-06 09:56:01 - [TEST_STEP][PASSED] - callTestCase: Call Test Case 'Test Cases/Final Aug 2018 - PKS Automation/Registration Module/Workflow/Login and Search Case For Workflow' successfully

2018-12-06 09:56:01 - [TEST_CASE][PASSED] - Test Cases/Final Aug 2018 - PKS Automation/Registration Module/Workflow/Login and Search Case For Workflow: Test Cases/Final Aug 2018 - PKS Automation/Registration Module/Workflow/Login and Search Case For Workflow

2018-12-06 09:56:01 - [TEST_STEP][PASSED] - navigateToUrl: Navigate to 'https://assist2-uat.perkeso.gov.my/login' successfully

2018-12-06 09:56:01 - [MESSAGE][PASSED] - Navigate to 'https://assist2-uat.perkeso.gov.my/login' successfully

2018-12-06 09:56:01 - [TEST_STEP][PASSED] - setText: Text 'johorrio3@gmail.com' is set on object 'Object Repository/Final Object Repo/Login Page/Internal User/Email Address'

2018-12-06 09:56:02 - [MESSAGE][PASSED] - Text 'johorrio3@gmail.com' is set on object 'Object Repository/Final Object Repo/Login Page/Internal User/Email Address'

2018-12-06 09:56:02 - [TEST_STEP][PASSED] - click: Object: 'Object Repository/Final Object Repo/Login Page/Internal User/Next Button' is clicked on

2018-12-06 09:56:02 - [MESSAGE][PASSED] - Object: 'Object Repository/Final Object Repo/Login Page/Internal User/Next Button' is clicked on

2018-12-06 09:56:02 - [TEST_STEP][PASSED] - delay: Delayed 1 second(s)

2018-12-06 09:56:03 - [MESSAGE][PASSED] - Delayed 1 second(s)

2018-12-06 09:56:03 - [TEST_STEP][PASSED] - setEncryptedText: Text ****** has been set on object 'Object Repository/Final Object Repo/Login Page/Internal User/Password'

2018-12-06 09:56:03 - [MESSAGE][PASSED] - Text ****** has been set on object 'Object Repository/Final Object Repo/Login Page/Internal User/Password'

2018-12-06 09:56:03 - [TEST_STEP][PASSED] - click: Object: 'Object Repository/Final Object Repo/Login Page/Internal User/Login Button' is clicked on

2018-12-06 09:56:03 - [MESSAGE][PASSED] - Object: 'Object Repository/Final Object Repo/Login Page/Internal User/Login Button' is clicked on

2018-12-06 09:56:03 - [TEST_STEP][PASSED] - delay: Delayed 2 second(s)

2018-12-06 09:56:05 - [MESSAGE][PASSED] - Delayed 2 second(s)

2018-12-06 09:56:05 - [TEST_STEP][PASSED] - Statement - Try: Delayed 2 second(s)

2018-12-06 09:56:05 - [TEST_STEP][PASSED] - Statement - Checker = false: null

2018-12-06 09:56:05 - [TEST_STEP][PASSED] - Statement - Checker = com.kms.katalon.core.webui.keyword.WebUiBuiltInKeywords.verifyElementHasAttribute(com.kms.katalon.core.testobject.ObjectRepository.findTestObject(Final Object Repo/Landing Page/BM Detecting), "href", 20, OPTIONAL): Object 'Object Repository/Final Object Repo/Landing Page/BM Detecting' has attribute 'href'

2018-12-06 09:56:05 - [MESSAGE][PASSED] - Object 'Object Repository/Final Object Repo/Landing Page/BM Detecting' has attribute 'href'

2018-12-06 09:56:05 - [TEST_STEP][PASSED] - Statement - out.println(Checker): null

2018-12-06 09:56:05 - [TEST_STEP][PASSED] - Statement - If (Checker == false): null

2018-12-06 09:56:05 - [TEST_STEP][PASSED] - Statement - Else: null

2018-12-06 09:56:05 - [TEST_STEP][PASSED] - delay: Delayed 2 second(s)

2018-12-06 09:56:07 - [MESSAGE][PASSED] - Delayed 2 second(s)

2018-12-06 09:56:07 - [TEST_STEP][PASSED] - click: Object: 'Object Repository/Final Object Repo/Page_MyASSIST - ASSIST - Search Pending Case For Add Supporting Document/Search Information' is clicked on

2018-12-06 09:56:07 - [MESSAGE][PASSED] - Object: 'Object Repository/Final Object Repo/Page_MyASSIST - ASSIST - Search Pending Case For Add Supporting Document/Search Information' is clicked on

2018-12-06 09:56:07 - [TEST_STEP][PASSED] - delay: Delayed 3 second(s)

2018-12-06 09:56:10 - [MESSAGE][PASSED] - Delayed 3 second(s)

2018-12-06 09:56:10 - [TEST_STEP][PASSED] - sendKeys: Keys 'SSN12201800001174' sent to object: 'Object Repository/Final Object Repo/Page_MyASSIST - ASSIST - Search Pending Case For Add Supporting Document/Reference No'

2018-12-06 09:56:11 - [MESSAGE][PASSED] - Keys 'SSN12201800001174' sent to object: 'Object Repository/Final Object Repo/Page_MyASSIST - ASSIST - Search Pending Case For Add Supporting Document/Reference No'

2018-12-06 09:56:11 - [TEST_STEP][PASSED] - click: Object: 'Object Repository/Final Object Repo/Page_MyASSIST - ASSIST - Search Pending Case For Add Supporting Document/Search Reference No' is clicked on

2018-12-06 09:56:11 - [MESSAGE][PASSED] - Object: 'Object Repository/Final Object Repo/Page_MyASSIST - ASSIST - Search Pending Case For Add Supporting Document/Search Reference No' is clicked on

2018-12-06 09:56:11 - [TEST_STEP][PASSED] - delay: Delayed 2 second(s)

2018-12-06 09:56:13 - [MESSAGE][PASSED] - Delayed 2 second(s)

2018-12-06 09:56:13 - [TEST_STEP][PASSED] - click: Object: 'Object Repository/Final Object Repo/Page_MyASSIST - ASSIST - Search Pending Case For Add Supporting Document/Continue' is clicked on

2018-12-06 09:56:19 - [MESSAGE][PASSED] - Object: 'Object Repository/Final Object Repo/Page_MyASSIST - ASSIST - Search Pending Case For Add Supporting Document/Continue' is clicked on

2018-12-06 09:56:19 - [TEST_STEP][PASSED] - delay: Delayed 20 second(s)

2018-12-06 09:56:39 - [MESSAGE][PASSED] - Delayed 20 second(s)

2018-12-06 09:56:39 - [MESSAGE][PASSED] - Call Test Case 'Test Cases/Final Aug 2018 - PKS Automation/Registration Module/Workflow/Login and Search Case For Workflow' successfully

2018-12-06 09:56:39 - [TEST_STEP][PASSED] - callTestCase: Call Test Case 'Test Cases/Final Aug 2018 - PKS Automation/Registration Module/Workflow/Request SSN/Template/Request SSN - RIO' successfully

2018-12-06 09:56:39 - [TEST_CASE][PASSED] - Test Cases/Final Aug 2018 - PKS Automation/Registration Module/Workflow/Request SSN/Template/Request SSN - RIO: Test Cases/Final Aug 2018 - PKS Automation/Registration Module/Workflow/Request SSN/Template/Request SSN - RIO

2018-12-06 09:56:39 - [TEST_STEP][NOT_RUN] - openBrowser: NOT_RUN: openBrowser

2018-12-06 09:56:39 - [MESSAGE][NOT_RUN] - NOT_RUN: openBrowser

2018-12-06 09:56:39 - [TEST_STEP][NOT_RUN] - navigateToUrl: NOT_RUN: navigateToUrl

2018-12-06 09:56:39 - [MESSAGE][NOT_RUN] - NOT_RUN: navigateToUrl

2018-12-06 09:56:39 - [TEST_STEP][NOT_RUN] - setText: NOT_RUN: setText

2018-12-06 09:56:39 - [MESSAGE][NOT_RUN] - NOT_RUN: setText

2018-12-06 09:56:39 - [TEST_STEP][NOT_RUN] - click: NOT_RUN: click

2018-12-06 09:56:39 - [MESSAGE][NOT_RUN] - NOT_RUN: click

2018-12-06 09:56:39 - [TEST_STEP][NOT_RUN] - delay: NOT_RUN: delay

2018-12-06 09:56:39 - [MESSAGE][NOT_RUN] - NOT_RUN: delay

2018-12-06 09:56:39 - [TEST_STEP][NOT_RUN] - setEncryptedText: NOT_RUN: setEncryptedText

2018-12-06 09:56:39 - [MESSAGE][NOT_RUN] - NOT_RUN: setEncryptedText

2018-12-06 09:56:39 - [TEST_STEP][NOT_RUN] - click: NOT_RUN: click

2018-12-06 09:56:39 - [MESSAGE][NOT_RUN] - NOT_RUN: click

2018-12-06 09:56:39 - [TEST_STEP][NOT_RUN] - delay: NOT_RUN: delay

2018-12-06 09:56:39 - [MESSAGE][NOT_RUN] - NOT_RUN: delay

2018-12-06 09:56:39 - [TEST_STEP][NOT_RUN] - click: NOT_RUN: click

2018-12-06 09:56:39 - [MESSAGE][NOT_RUN] - NOT_RUN: click

2018-12-06 09:56:39 - [TEST_STEP][NOT_RUN] - sendKeys: NOT_RUN: sendKeys

2018-12-06 09:56:39 - [MESSAGE][NOT_RUN] - NOT_RUN: sendKeys

2018-12-06 09:56:39 - [TEST_STEP][NOT_RUN] - click: NOT_RUN: click

2018-12-06 09:56:39 - [MESSAGE][NOT_RUN] - NOT_RUN: click

2018-12-06 09:56:39 - [TEST_STEP][NOT_RUN] - delay: NOT_RUN: delay

2018-12-06 09:56:39 - [MESSAGE][NOT_RUN] - NOT_RUN: delay

2018-12-06 09:56:39 - [TEST_STEP][NOT_RUN] - click: NOT_RUN: click

2018-12-06 09:56:39 - [MESSAGE][NOT_RUN] - NOT_RUN: click

2018-12-06 09:56:39 - [TEST_STEP][PASSED] - delay: Delayed 2 second(s)

2018-12-06 09:56:41 - [MESSAGE][PASSED] - Delayed 2 second(s)

2018-12-06 09:56:41 - [TEST_STEP][PASSED] - click: Object: 'Object Repository/Final Object Repo/Page_Request SSN - ASSIST/Page_Request SSN - ASSIST - RIO/Recommend For SSN' is clicked on

2018-12-06 09:56:42 - [MESSAGE][PASSED] - Object: 'Object Repository/Final Object Repo/Page_Request SSN - ASSIST/Page_Request SSN - ASSIST - RIO/Recommend For SSN' is clicked on

2018-12-06 09:56:42 - [TEST_STEP][PASSED] - click: Object: 'Object Repository/Final Object Repo/Page_Request SSN - ASSIST/Page_Request SSN - ASSIST - RIO/Recommend For SSN  - Yes' is clicked on

2018-12-06 09:56:42 - [MESSAGE][PASSED] - Object: 'Object Repository/Final Object Repo/Page_Request SSN - ASSIST/Page_Request SSN - ASSIST - RIO/Recommend For SSN  - Yes' is clicked on

2018-12-06 09:56:42 - [TEST_STEP][PASSED] - delay: Delayed 2 second(s)

2018-12-06 09:56:44 - [MESSAGE][PASSED] - Delayed 2 second(s)

2018-12-06 09:56:44 - [TEST_STEP][PASSED] - click: Object: 'Object Repository/Final Object Repo/Page_Request SSN - ASSIST/Page_Request SSN - ASSIST - RIO/Save  Continue in SSN page' is clicked on

2018-12-06 09:56:44 - [MESSAGE][PASSED] - Object: 'Object Repository/Final Object Repo/Page_Request SSN - ASSIST/Page_Request SSN - ASSIST - RIO/Save  Continue in SSN page' is clicked on

2018-12-06 09:56:44 - [TEST_STEP][PASSED] - delay: Delayed 2 second(s)

2018-12-06 09:56:46 - [MESSAGE][PASSED] - Delayed 2 second(s)

2018-12-06 09:56:46 - [TEST_STEP][PASSED] - click: Object: 'Object Repository/Final Object Repo/Page_Request SSN - ASSIST/Page_Request SSN - ASSIST - RIO/Save  Continue in Upload Document Page' is clicked on

2018-12-06 09:56:49 - [MESSAGE][PASSED] - Object: 'Object Repository/Final Object Repo/Page_Request SSN - ASSIST/Page_Request SSN - ASSIST - RIO/Save  Continue in Upload Document Page' is clicked on

2018-12-06 09:56:49 - [TEST_STEP][PASSED] - delay: Delayed 2 second(s)

2018-12-06 09:56:51 - [MESSAGE][PASSED] - Delayed 2 second(s)

2018-12-06 09:56:51 - [TEST_STEP][PASSED] - click: Object: 'Object Repository/Final Object Repo/Page_Request SSN - ASSIST/Page_Request SSN - ASSIST - RIO/Submit' is clicked on

2018-12-06 09:56:53 - [MESSAGE][PASSED] - Object: 'Object Repository/Final Object Repo/Page_Request SSN - ASSIST/Page_Request SSN - ASSIST - RIO/Submit' is clicked on

2018-12-06 09:56:53 - [TEST_STEP][PASSED] - delay: Delayed 2 second(s)

2018-12-06 09:56:55 - [MESSAGE][PASSED] - Delayed 2 second(s)

2018-12-06 09:56:55 - [TEST_STEP][PASSED] - click: Object: 'Object Repository/Final Object Repo/Page_Request SSN - ASSIST/Page_Request SSN - ASSIST - RIO/Confirm' is clicked on

2018-12-06 09:56:56 - [MESSAGE][PASSED] - Object: 'Object Repository/Final Object Repo/Page_Request SSN - ASSIST/Page_Request SSN - ASSIST - RIO/Confirm' is clicked on

2018-12-06 09:56:56 - [MESSAGE][PASSED] - Call Test Case 'Test Cases/Final Aug 2018 - PKS Automation/Registration Module/Workflow/Request SSN/Template/Request SSN - RIO' successfully

2018-12-06 09:56:56 - [TEST_STEP][PASSED] - delay: Delayed 2 second(s)

2018-12-06 09:56:58 - [MESSAGE][PASSED] - Delayed 2 second(s)

2018-12-06 09:56:58 - [TEST_STEP][PASSED] - navigateToUrl: Navigate to 'https://assist2-uat.perkeso.gov.my/c/portal/logout' successfully

2018-12-06 09:57:02 - [MESSAGE][PASSED] - Navigate to 'https://assist2-uat.perkeso.gov.my/c/portal/logout' successfully

2018-12-06 09:57:02 - [TEST_STEP][PASSED] - delay: Delayed 2 second(s)

2018-12-06 09:57:04 - [MESSAGE][PASSED] - Delayed 2 second(s)

2018-12-06 09:57:04 - [TEST_STEP][PASSED] - callTestCase: Call Test Case 'Test Cases/Final Aug 2018 - PKS Automation/Common/Workflow Owner Finder' successfully

2018-12-06 09:57:04 - [TEST_CASE][PASSED] - Test Cases/Final Aug 2018 - PKS Automation/Common/Workflow Owner Finder: Test Cases/Final Aug 2018 - PKS Automation/Common/Workflow Owner Finder

2018-12-06 09:57:05 - [TEST_STEP][PASSED] - openBrowser: Browser is opened with url: ''

2018-12-06 09:57:05 - [MESSAGE][WARNING] - A browser is already opened. Closing browser and opening a new one

2018-12-06 09:57:07 - [MESSAGE][PASSED] - Browser is opened with url: ''

2018-12-06 09:57:07 - [TEST_STEP][PASSED] - navigateToUrl: Navigate to 'https://assist2-uat.perkeso.gov.my/login' successfully

2018-12-06 09:57:08 - [MESSAGE][PASSED] - Navigate to 'https://assist2-uat.perkeso.gov.my/login' successfully

2018-12-06 09:57:08 - [TEST_STEP][PASSED] - delay: Delayed 5 second(s)

2018-12-06 09:57:13 - [MESSAGE][PASSED] - Delayed 5 second(s)

2018-12-06 09:57:13 - [TEST_STEP][PASSED] - setText: Text 'test@liferay.com' is set on object 'Object Repository/Final Object Repo/Login Page/Internal User/Email Address'

2018-12-06 09:57:14 - [MESSAGE][PASSED] - Text 'test@liferay.com' is set on object 'Object Repository/Final Object Repo/Login Page/Internal User/Email Address'

2018-12-06 09:57:14 - [TEST_STEP][PASSED] - click: Object: 'Object Repository/Final Object Repo/Login Page/Internal User/Next Button' is clicked on

2018-12-06 09:57:14 - [MESSAGE][PASSED] - Object: 'Object Repository/Final Object Repo/Login Page/Internal User/Next Button' is clicked on

2018-12-06 09:57:14 - [TEST_STEP][PASSED] - delay: Delayed 2 second(s)

2018-12-06 09:57:16 - [MESSAGE][PASSED] - Delayed 2 second(s)

2018-12-06 09:57:16 - [TEST_STEP][PASSED] - setText: Text 'test' is set on object 'Object Repository/Final Object Repo/Login Page/Internal User/Password'

2018-12-06 09:57:16 - [MESSAGE][PASSED] - Text 'test' is set on object 'Object Repository/Final Object Repo/Login Page/Internal User/Password'

2018-12-06 09:57:16 - [TEST_STEP][PASSED] - delay: Delayed 2 second(s)

2018-12-06 09:57:18 - [MESSAGE][PASSED] - Delayed 2 second(s)

2018-12-06 09:57:18 - [TEST_STEP][PASSED] - click: Object: 'Object Repository/Final Object Repo/Login Page/Internal User/Login Button' is clicked on

2018-12-06 09:57:19 - [MESSAGE][PASSED] - Object: 'Object Repository/Final Object Repo/Login Page/Internal User/Login Button' is clicked on

2018-12-06 09:57:19 - [TEST_STEP][PASSED] - Statement - tester = com.kms.katalon.core.testobject.ObjectRepository.findTestObject(Final Object Repo/Landing Page/Select to English): Finding Test Object with id 'Object Repository/Final Object Repo/Landing Page/Select to English'

2018-12-06 09:57:19 - [TEST_STEP][PASSED] - Statement - Try: Delayed 2 second(s)

2018-12-06 09:57:19 - [TEST_STEP][PASSED] - Statement - Checker = com.kms.katalon.core.webui.keyword.WebUiBuiltInKeywords.verifyElementNotPresent(tester, 3): Web element with id: 'Object Repository/Final Object Repo/Landing Page/Select to English' located by 'By.xpath: //a[@class = 'taglib-language-list-text' and @lang = 'en-US' and (contains(text(), 'EN') or contains(., 'EN'))]' is not present after '3' second(s)

2018-12-06 09:57:20 - [MESSAGE][PASSED] - Web element with id: 'Object Repository/Final Object Repo/Landing Page/Select to English' located by 'By.xpath: //a[@class = 'taglib-language-list-text' and @lang = 'en-US' and (contains(text(), 'EN') or contains(., 'EN'))]' is not present after '3' second(s)

2018-12-06 09:57:20 - [TEST_STEP][PASSED] - Statement - If (Checker == false): null

2018-12-06 09:57:20 - [TEST_STEP][PASSED] - delay: Delayed 2 second(s)

2018-12-06 09:57:22 - [MESSAGE][PASSED] - Delayed 2 second(s)

2018-12-06 09:57:22 - [TEST_STEP][PASSED] - delay: Delayed 5 second(s)

2018-12-06 09:57:27 - [MESSAGE][PASSED] - Delayed 5 second(s)

2018-12-06 09:57:27 - [TEST_STEP][PASSED] - mouseOver: Object: 'Object Repository/Final Object Repo/Landing Page/WorkFlow Menu' is hovered

2018-12-06 09:57:27 - [MESSAGE][PASSED] - Object: 'Object Repository/Final Object Repo/Landing Page/WorkFlow Menu' is hovered

2018-12-06 09:57:27 - [TEST_STEP][PASSED] - delay: Delayed 2 second(s)

2018-12-06 09:57:29 - [MESSAGE][PASSED] - Delayed 2 second(s)

2018-12-06 09:57:29 - [TEST_STEP][PASSED] - click: Object: 'Object Repository/Final Object Repo/Landing Page/Select to Workflow Listing' is clicked on

2018-12-06 09:57:30 - [MESSAGE][PASSED] - Object: 'Object Repository/Final Object Repo/Landing Page/Select to Workflow Listing' is clicked on

2018-12-06 09:57:30 - [TEST_STEP][PASSED] - delay: Delayed 2 second(s)

2018-12-06 09:57:32 - [MESSAGE][PASSED] - Delayed 2 second(s)

2018-12-06 09:57:32 - [TEST_STEP][PASSED] - click: Object: 'Object Repository/Final Object Repo/WorkFlow Listing Page/Search Information - To Put Ref No' is clicked on

2018-12-06 09:57:33 - [MESSAGE][PASSED] - Object: 'Object Repository/Final Object Repo/WorkFlow Listing Page/Search Information - To Put Ref No' is clicked on

2018-12-06 09:57:33 - [TEST_STEP][PASSED] - delay: Delayed 2 second(s)

2018-12-06 09:57:35 - [MESSAGE][PASSED] - Delayed 2 second(s)

2018-12-06 09:57:35 - [TEST_STEP][PASSED] - callTestCase: Call Test Case 'Test Cases/Final Aug 2018 - PKS Automation/Common/Reference Number Getter' successfully

2018-12-06 09:57:35 - [TEST_CASE][PASSED] - Test Cases/Final Aug 2018 - PKS Automation/Common/Reference Number Getter: Test Cases/Final Aug 2018 - PKS Automation/Common/Reference Number Getter

2018-12-06 09:57:35 - [TEST_STEP][PASSED] - Statement - Try: null

2018-12-06 09:57:35 - [TEST_STEP][PASSED] - Statement - RefNo = new java.io.File(C://Users//Admin//Desktop//PKS//Automation Reference Point//KatalonReference.txt): null

2018-12-06 09:57:35 - [TEST_STEP][PASSED] - Statement - bufferread = new java.io.BufferedReader(new java.io.FileReader(RefNo)): null

2018-12-06 09:57:35 - [TEST_STEP][PASSED] - Statement - readedVal = bufferread.readLine(): null

2018-12-06 09:57:35 - [TEST_STEP][PASSED] - Statement - out.println(CaseReferenceNo): null

2018-12-06 09:57:35 - [TEST_STEP][PASSED] - Statement - out.println(readedVal): null

2018-12-06 09:57:35 - [TEST_STEP][PASSED] - Statement - CaseReferenceNo = "": null

2018-12-06 09:57:35 - [TEST_STEP][PASSED] - Statement - CaseReferenceNo = readedVal: null

2018-12-06 09:57:35 - [MESSAGE][PASSED] - Call Test Case 'Test Cases/Final Aug 2018 - PKS Automation/Common/Reference Number Getter' successfully

2018-12-06 09:57:35 - [TEST_STEP][PASSED] - setText: Text 'SSN12201800001174' is set on object 'Object Repository/Final Object Repo/WorkFlow Listing Page/Ref No Set Text'

2018-12-06 09:57:35 - [MESSAGE][PASSED] - Text 'SSN12201800001174' is set on object 'Object Repository/Final Object Repo/WorkFlow Listing Page/Ref No Set Text'

2018-12-06 09:57:35 - [TEST_STEP][PASSED] - delay: Delayed 2 second(s)

2018-12-06 09:57:37 - [MESSAGE][PASSED] - Delayed 2 second(s)

2018-12-06 09:57:37 - [TEST_STEP][PASSED] - click: Object: 'Object Repository/Final Object Repo/WorkFlow Listing Page/Search Ref No Search Button' is clicked on

2018-12-06 09:57:37 - [MESSAGE][PASSED] - Object: 'Object Repository/Final Object Repo/WorkFlow Listing Page/Search Ref No Search Button' is clicked on

2018-12-06 09:57:37 - [TEST_STEP][PASSED] - delay: Delayed 6 second(s)

2018-12-06 09:57:43 - [MESSAGE][PASSED] - Delayed 6 second(s)

2018-12-06 09:57:43 - [TEST_STEP][PASSED] - click: Object: 'Object Repository/Final Object Repo/WorkFlow Listing Page/Click Continue Tooltip' is clicked on

2018-12-06 09:57:44 - [MESSAGE][PASSED] - Object: 'Object Repository/Final Object Repo/WorkFlow Listing Page/Click Continue Tooltip' is clicked on

2018-12-06 09:57:44 - [TEST_STEP][PASSED] - delay: Delayed 5 second(s)

2018-12-06 09:57:49 - [MESSAGE][PASSED] - Delayed 5 second(s)

2018-12-06 09:57:49 - [TEST_STEP][PASSED] - doubleClick: Object: 'Object Repository/Final Object Repo/WorkFlow Listing Page/Workflow Found - Listing 1' is double clicked on

2018-12-06 09:57:49 - [MESSAGE][PASSED] - Object: 'Object Repository/Final Object Repo/WorkFlow Listing Page/Workflow Found - Listing 1' is double clicked on

2018-12-06 09:57:49 - [TEST_STEP][PASSED] - Statement - println(OwnerID): null

2018-12-06 09:57:49 - [TEST_STEP][PASSED] - Statement - OwnerID = com.kms.katalon.core.webui.keyword.WebUiBuiltInKeywords.getText(com.kms.katalon.core.testobject.ObjectRepository.findTestObject(Final Object Repo/WorkFlow Listing Page/Workflow Found - Listing 1), STOP_ON_FAILURE): Text of object 'Object Repository/Final Object Repo/WorkFlow Listing Page/Workflow Found - Listing 1' is: 'JOHORro2'

2018-12-06 09:57:50 - [MESSAGE][PASSED] - Text of object 'Object Repository/Final Object Repo/WorkFlow Listing Page/Workflow Found - Listing 1' is: 'JOHORro2'

2018-12-06 09:57:50 - [TEST_STEP][PASSED] - Statement - OwnerID = OwnerID.toLowerCase() + "@gmail.com": null

2018-12-06 09:57:50 - [TEST_STEP][PASSED] - Statement - println(OwnerID): null

2018-12-06 09:57:50 - [TEST_STEP][PASSED] - delay: Delayed 2 second(s)

2018-12-06 09:57:52 - [MESSAGE][PASSED] - Delayed 2 second(s)

2018-12-06 09:57:52 - [MESSAGE][PASSED] - Call Test Case 'Test Cases/Final Aug 2018 - PKS Automation/Common/Workflow Owner Finder' successfully

2018-12-06 09:57:52 - [TEST_STEP][PASSED] - delay: Delayed 2 second(s)

2018-12-06 09:57:54 - [MESSAGE][PASSED] - Delayed 2 second(s)

2018-12-06 09:57:54 - [TEST_STEP][PASSED] - navigateToUrl: Navigate to 'https://assist2-uat.perkeso.gov.my/c/portal/logout' successfully

2018-12-06 09:57:54 - [MESSAGE][PASSED] - Navigate to 'https://assist2-uat.perkeso.gov.my/c/portal/logout' successfully

2018-12-06 09:57:54 - [TEST_STEP][PASSED] - delay: Delayed 2 second(s)

2018-12-06 09:57:56 - [MESSAGE][PASSED] - Delayed 2 second(s)

2018-12-06 09:57:56 - [TEST_STEP][PASSED] - callTestCase: Call Test Case 'Test Cases/Final Aug 2018 - PKS Automation/Registration Module/Workflow/Login and Search Case For Workflow' successfully

2018-12-06 09:57:56 - [TEST_CASE][PASSED] - Test Cases/Final Aug 2018 - PKS Automation/Registration Module/Workflow/Login and Search Case For Workflow: Test Cases/Final Aug 2018 - PKS Automation/Registration Module/Workflow/Login and Search Case For Workflow

2018-12-06 09:57:56 - [TEST_STEP][PASSED] - navigateToUrl: Navigate to 'https://assist2-uat.perkeso.gov.my/login' successfully

2018-12-06 09:57:57 - [MESSAGE][PASSED] - Navigate to 'https://assist2-uat.perkeso.gov.my/login' successfully

2018-12-06 09:57:57 - [TEST_STEP][PASSED] - setText: Text 'johorro2@gmail.com' is set on object 'Object Repository/Final Object Repo/Login Page/Internal User/Email Address'

2018-12-06 09:57:57 - [MESSAGE][PASSED] - Text 'johorro2@gmail.com' is set on object 'Object Repository/Final Object Repo/Login Page/Internal User/Email Address'

2018-12-06 09:57:57 - [TEST_STEP][PASSED] - click: Object: 'Object Repository/Final Object Repo/Login Page/Internal User/Next Button' is clicked on

2018-12-06 09:57:57 - [MESSAGE][PASSED] - Object: 'Object Repository/Final Object Repo/Login Page/Internal User/Next Button' is clicked on

2018-12-06 09:57:57 - [TEST_STEP][PASSED] - delay: Delayed 1 second(s)

2018-12-06 09:57:58 - [MESSAGE][PASSED] - Delayed 1 second(s)

2018-12-06 09:57:58 - [TEST_STEP][PASSED] - setEncryptedText: Text ****** has been set on object 'Object Repository/Final Object Repo/Login Page/Internal User/Password'

2018-12-06 09:57:59 - [MESSAGE][PASSED] - Text ****** has been set on object 'Object Repository/Final Object Repo/Login Page/Internal User/Password'

2018-12-06 09:57:59 - [TEST_STEP][PASSED] - click: Object: 'Object Repository/Final Object Repo/Login Page/Internal User/Login Button' is clicked on

2018-12-06 09:57:59 - [MESSAGE][PASSED] - Object: 'Object Repository/Final Object Repo/Login Page/Internal User/Login Button' is clicked on

2018-12-06 09:57:59 - [TEST_STEP][PASSED] - delay: Delayed 2 second(s)

2018-12-06 09:58:01 - [MESSAGE][PASSED] - Delayed 2 second(s)

2018-12-06 09:58:01 - [TEST_STEP][PASSED] - Statement - Try: Delayed 2 second(s)

2018-12-06 09:58:01 - [TEST_STEP][PASSED] - Statement - Checker = false: null

2018-12-06 09:58:01 - [TEST_STEP][PASSED] - Statement - Checker = com.kms.katalon.core.webui.keyword.WebUiBuiltInKeywords.verifyElementHasAttribute(com.kms.katalon.core.testobject.ObjectRepository.findTestObject(Final Object Repo/Landing Page/BM Detecting), "href", 20, OPTIONAL): Object 'Object Repository/Final Object Repo/Landing Page/BM Detecting' has attribute 'href'

2018-12-06 09:58:01 - [MESSAGE][PASSED] - Object 'Object Repository/Final Object Repo/Landing Page/BM Detecting' has attribute 'href'

2018-12-06 09:58:01 - [TEST_STEP][PASSED] - Statement - out.println(Checker): null

2018-12-06 09:58:01 - [TEST_STEP][PASSED] - Statement - If (Checker == false): null

2018-12-06 09:58:01 - [TEST_STEP][PASSED] - Statement - Else: null

2018-12-06 09:58:01 - [TEST_STEP][PASSED] - delay: Delayed 2 second(s)

2018-12-06 09:58:03 - [MESSAGE][PASSED] - Delayed 2 second(s)

2018-12-06 09:58:03 - [TEST_STEP][PASSED] - click: Object: 'Object Repository/Final Object Repo/Page_MyASSIST - ASSIST - Search Pending Case For Add Supporting Document/Search Information' is clicked on

2018-12-06 09:58:03 - [MESSAGE][PASSED] - Object: 'Object Repository/Final Object Repo/Page_MyASSIST - ASSIST - Search Pending Case For Add Supporting Document/Search Information' is clicked on

2018-12-06 09:58:03 - [TEST_STEP][PASSED] - delay: Delayed 3 second(s)

2018-12-06 09:58:06 - [MESSAGE][PASSED] - Delayed 3 second(s)

2018-12-06 09:58:06 - [TEST_STEP][PASSED] - sendKeys: Keys 'SSN12201800001174' sent to object: 'Object Repository/Final Object Repo/Page_MyASSIST - ASSIST - Search Pending Case For Add Supporting Document/Reference No'

2018-12-06 09:58:06 - [MESSAGE][PASSED] - Keys 'SSN12201800001174' sent to object: 'Object Repository/Final Object Repo/Page_MyASSIST - ASSIST - Search Pending Case For Add Supporting Document/Reference No'

2018-12-06 09:58:06 - [TEST_STEP][PASSED] - click: Object: 'Object Repository/Final Object Repo/Page_MyASSIST - ASSIST - Search Pending Case For Add Supporting Document/Search Reference No' is clicked on

2018-12-06 09:58:06 - [MESSAGE][PASSED] - Object: 'Object Repository/Final Object Repo/Page_MyASSIST - ASSIST - Search Pending Case For Add Supporting Document/Search Reference No' is clicked on

2018-12-06 09:58:06 - [TEST_STEP][PASSED] - delay: Delayed 2 second(s)

2018-12-06 09:58:08 - [MESSAGE][PASSED] - Delayed 2 second(s)

2018-12-06 09:58:08 - [TEST_STEP][PASSED] - click: Object: 'Object Repository/Final Object Repo/Page_MyASSIST - ASSIST - Search Pending Case For Add Supporting Document/Continue' is clicked on

2018-12-06 09:58:15 - [MESSAGE][PASSED] - Object: 'Object Repository/Final Object Repo/Page_MyASSIST - ASSIST - Search Pending Case For Add Supporting Document/Continue' is clicked on

2018-12-06 09:58:15 - [TEST_STEP][PASSED] - delay: Delayed 20 second(s)

2018-12-06 09:58:35 - [MESSAGE][PASSED] - Delayed 20 second(s)

2018-12-06 09:58:35 - [MESSAGE][PASSED] - Call Test Case 'Test Cases/Final Aug 2018 - PKS Automation/Registration Module/Workflow/Login and Search Case For Workflow' successfully

2018-12-06 09:58:35 - [TEST_STEP][PASSED] - callTestCase: Call Test Case 'Test Cases/Final Aug 2018 - PKS Automation/Registration Module/Workflow/Request SSN/Template/Request SSN - RO (Query)' successfully

2018-12-06 09:58:35 - [TEST_CASE][PASSED] - Test Cases/Final Aug 2018 - PKS Automation/Registration Module/Workflow/Request SSN/Template/Request SSN - RO (Query): Test Cases/Final Aug 2018 - PKS Automation/Registration Module/Workflow/Request SSN/Template/Request SSN - RO (Query)

2018-12-06 09:58:36 - [TEST_STEP][NOT_RUN] - openBrowser: NOT_RUN: openBrowser

2018-12-06 09:58:36 - [MESSAGE][NOT_RUN] - NOT_RUN: openBrowser

2018-12-06 09:58:36 - [TEST_STEP][NOT_RUN] - navigateToUrl: NOT_RUN: navigateToUrl

2018-12-06 09:58:36 - [MESSAGE][NOT_RUN] - NOT_RUN: navigateToUrl

2018-12-06 09:58:36 - [TEST_STEP][NOT_RUN] - setText: NOT_RUN: setText

2018-12-06 09:58:36 - [MESSAGE][NOT_RUN] - NOT_RUN: setText

2018-12-06 09:58:36 - [TEST_STEP][NOT_RUN] - click: NOT_RUN: click

2018-12-06 09:58:36 - [MESSAGE][NOT_RUN] - NOT_RUN: click

2018-12-06 09:58:36 - [TEST_STEP][NOT_RUN] - delay: NOT_RUN: delay

2018-12-06 09:58:36 - [MESSAGE][NOT_RUN] - NOT_RUN: delay

2018-12-06 09:58:36 - [TEST_STEP][NOT_RUN] - setEncryptedText: NOT_RUN: setEncryptedText

2018-12-06 09:58:36 - [MESSAGE][NOT_RUN] - NOT_RUN: setEncryptedText

2018-12-06 09:58:36 - [TEST_STEP][NOT_RUN] - click: NOT_RUN: click

2018-12-06 09:58:36 - [MESSAGE][NOT_RUN] - NOT_RUN: click

2018-12-06 09:58:36 - [TEST_STEP][NOT_RUN] - delay: NOT_RUN: delay

2018-12-06 09:58:36 - [MESSAGE][NOT_RUN] - NOT_RUN: delay

2018-12-06 09:58:36 - [TEST_STEP][NOT_RUN] - click: NOT_RUN: click

2018-12-06 09:58:36 - [MESSAGE][NOT_RUN] - NOT_RUN: click

2018-12-06 09:58:36 - [TEST_STEP][NOT_RUN] - delay: NOT_RUN: delay

2018-12-06 09:58:36 - [MESSAGE][NOT_RUN] - NOT_RUN: delay

2018-12-06 09:58:36 - [TEST_STEP][NOT_RUN] - sendKeys: NOT_RUN: sendKeys

2018-12-06 09:58:36 - [MESSAGE][NOT_RUN] - NOT_RUN: sendKeys

2018-12-06 09:58:36 - [TEST_STEP][NOT_RUN] - click: NOT_RUN: click

2018-12-06 09:58:36 - [MESSAGE][NOT_RUN] - NOT_RUN: click

2018-12-06 09:58:36 - [TEST_STEP][NOT_RUN] - delay: NOT_RUN: delay

2018-12-06 09:58:36 - [MESSAGE][NOT_RUN] - NOT_RUN: delay

2018-12-06 09:58:36 - [TEST_STEP][NOT_RUN] - click: NOT_RUN: click

2018-12-06 09:58:36 - [MESSAGE][NOT_RUN] - NOT_RUN: click

2018-12-06 09:58:36 - [TEST_STEP][PASSED] - click: Object: 'Object Repository/Final Object Repo/Page_Request SSN - ASSIST/Page_Request SSN - ASSIST - RO/Approval For SSN' is clicked on

2018-12-06 09:58:36 - [MESSAGE][PASSED] - Object: 'Object Repository/Final Object Repo/Page_Request SSN - ASSIST/Page_Request SSN - ASSIST - RO/Approval For SSN' is clicked on

2018-12-06 09:58:36 - [TEST_STEP][PASSED] - click: Object: 'Object Repository/Final Object Repo/Page_Request SSN - ASSIST/Page_Request SSN - ASSIST - RO/Approval For SSN - Approve' is clicked on

2018-12-06 09:58:36 - [MESSAGE][PASSED] - Object: 'Object Repository/Final Object Repo/Page_Request SSN - ASSIST/Page_Request SSN - ASSIST - RO/Approval For SSN - Approve' is clicked on

2018-12-06 09:58:36 - [TEST_STEP][PASSED] - delay: Delayed 2 second(s)

2018-12-06 09:58:38 - [MESSAGE][PASSED] - Delayed 2 second(s)

2018-12-06 09:58:38 - [TEST_STEP][PASSED] - click: Object: 'Object Repository/Final Object Repo/Page_Request SSN - ASSIST/Page_Request SSN - ASSIST - RO/Save  Continue in SSN Page' is clicked on

2018-12-06 09:58:38 - [MESSAGE][PASSED] - Object: 'Object Repository/Final Object Repo/Page_Request SSN - ASSIST/Page_Request SSN - ASSIST - RO/Save  Continue in SSN Page' is clicked on

2018-12-06 09:58:38 - [TEST_STEP][PASSED] - delay: Delayed 2 second(s)

2018-12-06 09:58:40 - [MESSAGE][PASSED] - Delayed 2 second(s)

2018-12-06 09:58:40 - [TEST_STEP][PASSED] - setText: Text 'Query' is set on object 'Object Repository/Final Object Repo/Page_Request SSN - ASSIST/Page_Request SSN - ASSIST - RO/Page_Request SSN - ASSIST  (Query)/Remark'

2018-12-06 09:58:43 - [MESSAGE][PASSED] - Text 'Query' is set on object 'Object Repository/Final Object Repo/Page_Request SSN - ASSIST/Page_Request SSN - ASSIST - RO/Page_Request SSN - ASSIST  (Query)/Remark'

2018-12-06 09:58:43 - [TEST_STEP][PASSED] - delay: Delayed 2 second(s)

2018-12-06 09:58:45 - [MESSAGE][PASSED] - Delayed 2 second(s)

2018-12-06 09:58:45 - [TEST_STEP][PASSED] - click: Object: 'Object Repository/Final Object Repo/Page_Request SSN - ASSIST/Page_Request SSN - ASSIST - RO/Save  Continue in Uploading Document Page' is clicked on

2018-12-06 09:58:45 - [MESSAGE][PASSED] - Object: 'Object Repository/Final Object Repo/Page_Request SSN - ASSIST/Page_Request SSN - ASSIST - RO/Save  Continue in Uploading Document Page' is clicked on

2018-12-06 09:58:45 - [TEST_STEP][PASSED] - delay: Delayed 2 second(s)

2018-12-06 09:58:47 - [MESSAGE][PASSED] - Delayed 2 second(s)

2018-12-06 09:58:47 - [TEST_STEP][PASSED] - click: Object: 'Object Repository/Final Object Repo/Page_Request SSN - ASSIST/Page_Request SSN - ASSIST - RO/Page_Request SSN - ASSIST  (Query)/Query' is clicked on

2018-12-06 09:58:50 - [MESSAGE][PASSED] - Object: 'Object Repository/Final Object Repo/Page_Request SSN - ASSIST/Page_Request SSN - ASSIST - RO/Page_Request SSN - ASSIST  (Query)/Query' is clicked on

2018-12-06 09:58:50 - [TEST_STEP][PASSED] - delay: Delayed 2 second(s)

2018-12-06 09:58:52 - [MESSAGE][PASSED] - Delayed 2 second(s)

2018-12-06 09:58:52 - [TEST_STEP][PASSED] - click: Object: 'Object Repository/Final Object Repo/Page_Request SSN - ASSIST/Page_Request SSN - ASSIST - RO/Page_Request SSN - ASSIST  (Query)/Confirm' is clicked on

2018-12-06 09:59:00 - [MESSAGE][PASSED] - Object: 'Object Repository/Final Object Repo/Page_Request SSN - ASSIST/Page_Request SSN - ASSIST - RO/Page_Request SSN - ASSIST  (Query)/Confirm' is clicked on

2018-12-06 09:59:00 - [TEST_STEP][PASSED] - delay: Delayed 2 second(s)

2018-12-06 09:59:02 - [MESSAGE][PASSED] - Delayed 2 second(s)

2018-12-06 09:59:02 - [TEST_STEP][PASSED] - verifyElementVisible: Object 'Object Repository/Final Object Repo/Page_Request SSN - ASSIST/Page_Request SSN - ASSIST - RO/Page_Request SSN - ASSIST  (Query)/Message Case Is Under Query' is visible

2018-12-06 09:59:02 - [MESSAGE][PASSED] - Object 'Object Repository/Final Object Repo/Page_Request SSN - ASSIST/Page_Request SSN - ASSIST - RO/Page_Request SSN - ASSIST  (Query)/Message Case Is Under Query' is visible

2018-12-06 09:59:02 - [TEST_STEP][PASSED] - delay: Delayed 2 second(s)

2018-12-06 09:59:04 - [MESSAGE][PASSED] - Delayed 2 second(s)

2018-12-06 09:59:04 - [TEST_STEP][PASSED] - verifyElementVisible: Object 'Object Repository/Final Object Repo/Page_Request SSN - ASSIST/Page_Request SSN - ASSIST - RO/Page_Request SSN - ASSIST  (Query)/Letter of inquiry' is visible

2018-12-06 09:59:04 - [MESSAGE][PASSED] - Object 'Object Repository/Final Object Repo/Page_Request SSN - ASSIST/Page_Request SSN - ASSIST - RO/Page_Request SSN - ASSIST  (Query)/Letter of inquiry' is visible

2018-12-06 09:59:04 - [MESSAGE][PASSED] - Call Test Case 'Test Cases/Final Aug 2018 - PKS Automation/Registration Module/Workflow/Request SSN/Template/Request SSN - RO (Query)' successfully

2018-12-06 09:59:04 - [TEST_STEP][PASSED] - delay: Delayed 2 second(s)

2018-12-06 09:59:06 - [MESSAGE][PASSED] - Delayed 2 second(s)

2018-12-06 09:59:06 - [TEST_STEP][PASSED] - callTestCase: Call Test Case 'Test Cases/Final Aug 2018 - PKS Automation/Registration Module/Workflow/Request SSN/Template/Request SSN  RO (Approve after Query)' successfully

2018-12-06 09:59:06 - [TEST_CASE][PASSED] - Test Cases/Final Aug 2018 - PKS Automation/Registration Module/Workflow/Request SSN/Template/Request SSN  RO (Approve after Query): Test Cases/Final Aug 2018 - PKS Automation/Registration Module/Workflow/Request SSN/Template/Request SSN  RO (Approve after Query)

2018-12-06 09:59:06 - [TEST_STEP][PASSED] - openBrowser: Browser is opened with url: ''

2018-12-06 09:59:06 - [MESSAGE][WARNING] - A browser is already opened. Closing browser and opening a new one

2018-12-06 09:59:09 - [MESSAGE][PASSED] - Browser is opened with url: ''

2018-12-06 09:59:09 - [TEST_STEP][PASSED] - navigateToUrl: Navigate to 'https://assist2-uat.perkeso.gov.my/login' successfully

2018-12-06 09:59:10 - [MESSAGE][PASSED] - Navigate to 'https://assist2-uat.perkeso.gov.my/login' successfully

2018-12-06 09:59:10 - [TEST_STEP][PASSED] - setText: Text 'johorotc1@gmail.com' is set on object 'Object Repository/Final Object Repo/Login Page/Internal User/Email Address'

2018-12-06 09:59:11 - [MESSAGE][PASSED] - Text 'johorotc1@gmail.com' is set on object 'Object Repository/Final Object Repo/Login Page/Internal User/Email Address'

2018-12-06 09:59:11 - [TEST_STEP][PASSED] - click: Object: 'Object Repository/Final Object Repo/Login Page/Internal User/Next Button' is clicked on

2018-12-06 09:59:11 - [MESSAGE][PASSED] - Object: 'Object Repository/Final Object Repo/Login Page/Internal User/Next Button' is clicked on

2018-12-06 09:59:11 - [TEST_STEP][PASSED] - delay: Delayed 1 second(s)

2018-12-06 09:59:12 - [MESSAGE][PASSED] - Delayed 1 second(s)

2018-12-06 09:59:12 - [TEST_STEP][PASSED] - setEncryptedText: Text ****** has been set on object 'Object Repository/Final Object Repo/Login Page/Internal User/Password'

2018-12-06 09:59:12 - [MESSAGE][PASSED] - Text ****** has been set on object 'Object Repository/Final Object Repo/Login Page/Internal User/Password'

2018-12-06 09:59:12 - [TEST_STEP][PASSED] - click: Object: 'Object Repository/Final Object Repo/Login Page/Internal User/Login Button' is clicked on

2018-12-06 09:59:12 - [MESSAGE][PASSED] - Object: 'Object Repository/Final Object Repo/Login Page/Internal User/Login Button' is clicked on

2018-12-06 09:59:12 - [TEST_STEP][PASSED] - Statement - Try: null

2018-12-06 09:59:12 - [TEST_STEP][PASSED] - Statement - Checker = com.kms.katalon.core.webui.keyword.WebUiBuiltInKeywords.verifyElementNotPresent("Final Object Repo/Landing Page/Select to English", 3): null

2018-12-06 09:59:12 - [TEST_STEP][PASSED] - Statement - Catch (Exception e): null

2018-12-06 09:59:12 - [TEST_STEP][PASSED] - Statement - e.printStackTrace(): null

2018-12-06 09:59:12 - [TEST_STEP][PASSED] - delay: Delayed 5 second(s)

2018-12-06 09:59:17 - [MESSAGE][PASSED] - Delayed 5 second(s)

2018-12-06 09:59:17 - [TEST_STEP][PASSED] - delay: Delayed 1 second(s)

2018-12-06 09:59:18 - [MESSAGE][PASSED] - Delayed 1 second(s)

2018-12-06 09:59:18 - [TEST_STEP][PASSED] - navigateToUrl: Navigate to 'https://assist2-uat.perkeso.gov.my/web/registration/search/search-pending-case-for-add-supporting-document' successfully

2018-12-06 09:59:19 - [MESSAGE][PASSED] - Navigate to 'https://assist2-uat.perkeso.gov.my/web/registration/search/search-pending-case-for-add-supporting-document' successfully

2018-12-06 09:59:19 - [TEST_STEP][PASSED] - click: Object: 'Object Repository/Final Object Repo/Page_Search Pending Case For Add Suporting Document/Search By' is clicked on

2018-12-06 09:59:20 - [MESSAGE][PASSED] - Object: 'Object Repository/Final Object Repo/Page_Search Pending Case For Add Suporting Document/Search By' is clicked on

2018-12-06 09:59:20 - [TEST_STEP][PASSED] - click: Object: 'Object Repository/Final Object Repo/Page_Search Pending Case For Add Suporting Document/Search By - Reference ID' is clicked on

2018-12-06 09:59:20 - [MESSAGE][PASSED] - Object: 'Object Repository/Final Object Repo/Page_Search Pending Case For Add Suporting Document/Search By - Reference ID' is clicked on

2018-12-06 09:59:20 - [TEST_STEP][PASSED] - delay: Delayed 2 second(s)

2018-12-06 09:59:22 - [MESSAGE][PASSED] - Delayed 2 second(s)

2018-12-06 09:59:22 - [TEST_STEP][PASSED] - setText: Text 'SSN12201800001174' is set on object 'Object Repository/Final Object Repo/Page_Search Pending Case For Add Suporting Document/Reference ID'

2018-12-06 09:59:22 - [MESSAGE][PASSED] - Text 'SSN12201800001174' is set on object 'Object Repository/Final Object Repo/Page_Search Pending Case For Add Suporting Document/Reference ID'

2018-12-06 09:59:22 - [TEST_STEP][PASSED] - click: Object: 'Object Repository/Final Object Repo/Page_Search Pending Case For Add Suporting Document/Search' is clicked on

2018-12-06 09:59:22 - [MESSAGE][PASSED] - Object: 'Object Repository/Final Object Repo/Page_Search Pending Case For Add Suporting Document/Search' is clicked on

2018-12-06 09:59:22 - [TEST_STEP][PASSED] - delay: Delayed 2 second(s)

2018-12-06 09:59:24 - [MESSAGE][PASSED] - Delayed 2 second(s)

2018-12-06 09:59:24 - [TEST_STEP][PASSED] - click: Object: 'Object Repository/Final Object Repo/Page_Search Pending Case For Add Suporting Document/Edit' is clicked on

2018-12-06 09:59:31 - [MESSAGE][PASSED] - Object: 'Object Repository/Final Object Repo/Page_Search Pending Case For Add Suporting Document/Edit' is clicked on

2018-12-06 09:59:31 - [TEST_STEP][PASSED] - delay: Delayed 2 second(s)

2018-12-06 09:59:33 - [MESSAGE][PASSED] - Delayed 2 second(s)

2018-12-06 09:59:33 - [TEST_STEP][PASSED] - click: Object: 'Object Repository/Final Object Repo/Page_Request SSN - ASSIST/Page_Request SSN - ASSIST - RO/Page_Request SSN - ASSIST (Query -OTC -RO)/Next' is clicked on

2018-12-06 09:59:36 - [MESSAGE][PASSED] - Object: 'Object Repository/Final Object Repo/Page_Request SSN - ASSIST/Page_Request SSN - ASSIST - RO/Page_Request SSN - ASSIST (Query -OTC -RO)/Next' is clicked on

2018-12-06 09:59:36 - [TEST_STEP][PASSED] - delay: Delayed 2 second(s)

2018-12-06 09:59:38 - [MESSAGE][PASSED] - Delayed 2 second(s)

2018-12-06 09:59:38 - [TEST_STEP][PASSED] - click: Object: 'Object Repository/Final Object Repo/Page_Request SSN - ASSIST/Add Document Button' is clicked on

2018-12-06 09:59:38 - [MESSAGE][PASSED] - Object: 'Object Repository/Final Object Repo/Page_Request SSN - ASSIST/Add Document Button' is clicked on

2018-12-06 09:59:38 - [TEST_STEP][PASSED] - delay: Delayed 2 second(s)

2018-12-06 09:59:40 - [MESSAGE][PASSED] - Delayed 2 second(s)

2018-12-06 09:59:40 - [TEST_STEP][PASSED] - click: Object: 'Object Repository/Final Object Repo/Page_Request SSN - ASSIST/Document Type' is clicked on

2018-12-06 09:59:41 - [MESSAGE][PASSED] - Object: 'Object Repository/Final Object Repo/Page_Request SSN - ASSIST/Document Type' is clicked on

2018-12-06 09:59:41 - [TEST_STEP][PASSED] - click: Object: 'Object Repository/Final Object Repo/Page_Request SSN - ASSIST/Document Type - Birth Certificate' is clicked on

2018-12-06 09:59:41 - [MESSAGE][PASSED] - Object: 'Object Repository/Final Object Repo/Page_Request SSN - ASSIST/Document Type - Birth Certificate' is clicked on

2018-12-06 09:59:41 - [TEST_STEP][PASSED] - sendKeys: Keys 'C:\Users\Public\Pictures\Sample Pictures\Koala.jpg' sent to object: 'Object Repository/Final Object Repo/Page_Request SSN - ASSIST/Upload File'

2018-12-06 09:59:41 - [MESSAGE][PASSED] - Keys 'C:\Users\Public\Pictures\Sample Pictures\Koala.jpg' sent to object: 'Object Repository/Final Object Repo/Page_Request SSN - ASSIST/Upload File'

2018-12-06 09:59:41 - [TEST_STEP][PASSED] - click: Object: 'Object Repository/Final Object Repo/Page_Request SSN - ASSIST/Add Document' is clicked on

2018-12-06 09:59:42 - [MESSAGE][PASSED] - Object: 'Object Repository/Final Object Repo/Page_Request SSN - ASSIST/Add Document' is clicked on

2018-12-06 09:59:42 - [TEST_STEP][PASSED] - delay: Delayed 2 second(s)

2018-12-06 09:59:44 - [MESSAGE][PASSED] - Delayed 2 second(s)

2018-12-06 09:59:44 - [TEST_STEP][PASSED] - click: Object: 'Object Repository/Final Object Repo/Page_Request SSN - ASSIST/Page_Request SSN - ASSIST - RO/Page_Request SSN - ASSIST (Query -OTC -RO)/Exit' is clicked on

2018-12-06 09:59:47 - [MESSAGE][PASSED] - Object: 'Object Repository/Final Object Repo/Page_Request SSN - ASSIST/Page_Request SSN - ASSIST - RO/Page_Request SSN - ASSIST (Query -OTC -RO)/Exit' is clicked on

2018-12-06 09:59:47 - [TEST_STEP][PASSED] - delay: Delayed 2 second(s)

2018-12-06 09:59:49 - [MESSAGE][PASSED] - Delayed 2 second(s)

2018-12-06 09:59:49 - [TEST_STEP][PASSED] - navigateToUrl: Navigate to 'https://assist2-uat.perkeso.gov.my/c/portal/logout' successfully

2018-12-06 09:59:49 - [MESSAGE][PASSED] - Navigate to 'https://assist2-uat.perkeso.gov.my/c/portal/logout' successfully

2018-12-06 09:59:49 - [TEST_STEP][PASSED] - delay: Delayed 2 second(s)

2018-12-06 09:59:51 - [MESSAGE][PASSED] - Delayed 2 second(s)

2018-12-06 09:59:51 - [TEST_STEP][PASSED] - callTestCase: Call Test Case 'Test Cases/Final Aug 2018 - PKS Automation/Registration Module/Workflow/Login and Search Case For Workflow' successfully

2018-12-06 09:59:51 - [TEST_CASE][PASSED] - Test Cases/Final Aug 2018 - PKS Automation/Registration Module/Workflow/Login and Search Case For Workflow: Test Cases/Final Aug 2018 - PKS Automation/Registration Module/Workflow/Login and Search Case For Workflow

2018-12-06 09:59:51 - [TEST_STEP][PASSED] - navigateToUrl: Navigate to 'https://assist2-uat.perkeso.gov.my/login' successfully

2018-12-06 09:59:52 - [MESSAGE][PASSED] - Navigate to 'https://assist2-uat.perkeso.gov.my/login' successfully

2018-12-06 09:59:52 - [TEST_STEP][PASSED] - setText: Text 'johorro2@gmail.com' is set on object 'Object Repository/Final Object Repo/Login Page/Internal User/Email Address'

2018-12-06 09:59:52 - [MESSAGE][PASSED] - Text 'johorro2@gmail.com' is set on object 'Object Repository/Final Object Repo/Login Page/Internal User/Email Address'

2018-12-06 09:59:52 - [TEST_STEP][PASSED] - click: Object: 'Object Repository/Final Object Repo/Login Page/Internal User/Next Button' is clicked on

2018-12-06 09:59:53 - [MESSAGE][PASSED] - Object: 'Object Repository/Final Object Repo/Login Page/Internal User/Next Button' is clicked on

2018-12-06 09:59:53 - [TEST_STEP][PASSED] - delay: Delayed 1 second(s)

2018-12-06 09:59:54 - [MESSAGE][PASSED] - Delayed 1 second(s)

2018-12-06 09:59:54 - [TEST_STEP][PASSED] - setEncryptedText: Text ****** has been set on object 'Object Repository/Final Object Repo/Login Page/Internal User/Password'

2018-12-06 09:59:54 - [MESSAGE][PASSED] - Text ****** has been set on object 'Object Repository/Final Object Repo/Login Page/Internal User/Password'

2018-12-06 09:59:54 - [TEST_STEP][PASSED] - click: Object: 'Object Repository/Final Object Repo/Login Page/Internal User/Login Button' is clicked on

2018-12-06 09:59:54 - [MESSAGE][PASSED] - Object: 'Object Repository/Final Object Repo/Login Page/Internal User/Login Button' is clicked on

2018-12-06 09:59:54 - [TEST_STEP][PASSED] - delay: Delayed 2 second(s)

2018-12-06 09:59:56 - [MESSAGE][PASSED] - Delayed 2 second(s)

2018-12-06 09:59:56 - [TEST_STEP][PASSED] - Statement - Try: Delayed 2 second(s)

2018-12-06 09:59:56 - [TEST_STEP][PASSED] - Statement - Checker = false: null

2018-12-06 09:59:56 - [TEST_STEP][PASSED] - Statement - Checker = com.kms.katalon.core.webui.keyword.WebUiBuiltInKeywords.verifyElementHasAttribute(com.kms.katalon.core.testobject.ObjectRepository.findTestObject(Final Object Repo/Landing Page/BM Detecting), "href", 20, OPTIONAL): Object 'Object Repository/Final Object Repo/Landing Page/BM Detecting' has attribute 'href'

2018-12-06 09:59:56 - [MESSAGE][PASSED] - Object 'Object Repository/Final Object Repo/Landing Page/BM Detecting' has attribute 'href'

2018-12-06 09:59:56 - [TEST_STEP][PASSED] - Statement - out.println(Checker): null

2018-12-06 09:59:56 - [TEST_STEP][PASSED] - Statement - If (Checker == false): null

2018-12-06 09:59:56 - [TEST_STEP][PASSED] - Statement - Else: null

2018-12-06 09:59:56 - [TEST_STEP][PASSED] - delay: Delayed 2 second(s)

2018-12-06 09:59:58 - [MESSAGE][PASSED] - Delayed 2 second(s)

2018-12-06 09:59:58 - [TEST_STEP][PASSED] - click: Object: 'Object Repository/Final Object Repo/Page_MyASSIST - ASSIST - Search Pending Case For Add Supporting Document/Search Information' is clicked on

2018-12-06 09:59:58 - [MESSAGE][PASSED] - Object: 'Object Repository/Final Object Repo/Page_MyASSIST - ASSIST - Search Pending Case For Add Supporting Document/Search Information' is clicked on

2018-12-06 09:59:58 - [TEST_STEP][PASSED] - delay: Delayed 3 second(s)

2018-12-06 10:00:01 - [MESSAGE][PASSED] - Delayed 3 second(s)

2018-12-06 10:00:01 - [TEST_STEP][PASSED] - sendKeys: Keys 'SSN12201800001174' sent to object: 'Object Repository/Final Object Repo/Page_MyASSIST - ASSIST - Search Pending Case For Add Supporting Document/Reference No'

2018-12-06 10:00:01 - [MESSAGE][PASSED] - Keys 'SSN12201800001174' sent to object: 'Object Repository/Final Object Repo/Page_MyASSIST - ASSIST - Search Pending Case For Add Supporting Document/Reference No'

2018-12-06 10:00:01 - [TEST_STEP][PASSED] - click: Object: 'Object Repository/Final Object Repo/Page_MyASSIST - ASSIST - Search Pending Case For Add Supporting Document/Search Reference No' is clicked on

2018-12-06 10:00:02 - [MESSAGE][PASSED] - Object: 'Object Repository/Final Object Repo/Page_MyASSIST - ASSIST - Search Pending Case For Add Supporting Document/Search Reference No' is clicked on

2018-12-06 10:00:02 - [TEST_STEP][PASSED] - delay: Delayed 2 second(s)

2018-12-06 10:00:04 - [MESSAGE][PASSED] - Delayed 2 second(s)

2018-12-06 10:00:04 - [TEST_STEP][PASSED] - click: Object: 'Object Repository/Final Object Repo/Page_MyASSIST - ASSIST - Search Pending Case For Add Supporting Document/Continue' is clicked on

2018-12-06 10:00:10 - [MESSAGE][PASSED] - Object: 'Object Repository/Final Object Repo/Page_MyASSIST - ASSIST - Search Pending Case For Add Supporting Document/Continue' is clicked on

2018-12-06 10:00:10 - [TEST_STEP][PASSED] - delay: Delayed 20 second(s)

2018-12-06 10:00:30 - [MESSAGE][PASSED] - Delayed 20 second(s)

2018-12-06 10:00:30 - [MESSAGE][PASSED] - Call Test Case 'Test Cases/Final Aug 2018 - PKS Automation/Registration Module/Workflow/Login and Search Case For Workflow' successfully

2018-12-06 10:00:30 - [TEST_STEP][PASSED] - callTestCase: Call Test Case 'Test Cases/Final Aug 2018 - PKS Automation/Registration Module/Workflow/Request SSN/Template/Request SSN - RO (Approve)' successfully

2018-12-06 10:00:30 - [TEST_CASE][PASSED] - Test Cases/Final Aug 2018 - PKS Automation/Registration Module/Workflow/Request SSN/Template/Request SSN - RO (Approve): Test Cases/Final Aug 2018 - PKS Automation/Registration Module/Workflow/Request SSN/Template/Request SSN - RO (Approve)

2018-12-06 10:00:30 - [TEST_STEP][NOT_RUN] - openBrowser: NOT_RUN: openBrowser

2018-12-06 10:00:30 - [MESSAGE][NOT_RUN] - NOT_RUN: openBrowser

2018-12-06 10:00:30 - [TEST_STEP][NOT_RUN] - navigateToUrl: NOT_RUN: navigateToUrl

2018-12-06 10:00:30 - [MESSAGE][NOT_RUN] - NOT_RUN: navigateToUrl

2018-12-06 10:00:30 - [TEST_STEP][NOT_RUN] - setText: NOT_RUN: setText

2018-12-06 10:00:30 - [MESSAGE][NOT_RUN] - NOT_RUN: setText

2018-12-06 10:00:30 - [TEST_STEP][NOT_RUN] - click: NOT_RUN: click

2018-12-06 10:00:30 - [MESSAGE][NOT_RUN] - NOT_RUN: click

2018-12-06 10:00:30 - [TEST_STEP][NOT_RUN] - delay: NOT_RUN: delay

2018-12-06 10:00:30 - [MESSAGE][NOT_RUN] - NOT_RUN: delay

2018-12-06 10:00:30 - [TEST_STEP][NOT_RUN] - setEncryptedText: NOT_RUN: setEncryptedText

2018-12-06 10:00:30 - [MESSAGE][NOT_RUN] - NOT_RUN: setEncryptedText

2018-12-06 10:00:30 - [TEST_STEP][NOT_RUN] - click: NOT_RUN: click

2018-12-06 10:00:30 - [MESSAGE][NOT_RUN] - NOT_RUN: click

2018-12-06 10:00:30 - [TEST_STEP][NOT_RUN] - delay: NOT_RUN: delay

2018-12-06 10:00:30 - [MESSAGE][NOT_RUN] - NOT_RUN: delay

2018-12-06 10:00:30 - [TEST_STEP][NOT_RUN] - click: NOT_RUN: click

2018-12-06 10:00:30 - [MESSAGE][NOT_RUN] - NOT_RUN: click

2018-12-06 10:00:30 - [TEST_STEP][NOT_RUN] - delay: NOT_RUN: delay

2018-12-06 10:00:30 - [MESSAGE][NOT_RUN] - NOT_RUN: delay

2018-12-06 10:00:30 - [TEST_STEP][NOT_RUN] - sendKeys: NOT_RUN: sendKeys

2018-12-06 10:00:30 - [MESSAGE][NOT_RUN] - NOT_RUN: sendKeys

2018-12-06 10:00:30 - [TEST_STEP][NOT_RUN] - click: NOT_RUN: click

2018-12-06 10:00:30 - [MESSAGE][NOT_RUN] - NOT_RUN: click

2018-12-06 10:00:30 - [TEST_STEP][NOT_RUN] - delay: NOT_RUN: delay

2018-12-06 10:00:30 - [MESSAGE][NOT_RUN] - NOT_RUN: delay

2018-12-06 10:00:30 - [TEST_STEP][NOT_RUN] - click: NOT_RUN: click

2018-12-06 10:00:30 - [MESSAGE][NOT_RUN] - NOT_RUN: click

2018-12-06 10:00:30 - [TEST_STEP][PASSED] - click: Object: 'Object Repository/Final Object Repo/Page_Request SSN - ASSIST/Page_Request SSN - ASSIST - RO/Approval For SSN' is clicked on

2018-12-06 10:00:31 - [MESSAGE][PASSED] - Object: 'Object Repository/Final Object Repo/Page_Request SSN - ASSIST/Page_Request SSN - ASSIST - RO/Approval For SSN' is clicked on

2018-12-06 10:00:31 - [TEST_STEP][PASSED] - click: Object: 'Object Repository/Final Object Repo/Page_Request SSN - ASSIST/Page_Request SSN - ASSIST - RO/Approval For SSN - Approve' is clicked on

2018-12-06 10:00:31 - [MESSAGE][PASSED] - Object: 'Object Repository/Final Object Repo/Page_Request SSN - ASSIST/Page_Request SSN - ASSIST - RO/Approval For SSN - Approve' is clicked on

2018-12-06 10:00:31 - [TEST_STEP][PASSED] - delay: Delayed 2 second(s)

2018-12-06 10:00:33 - [MESSAGE][PASSED] - Delayed 2 second(s)

2018-12-06 10:00:33 - [TEST_STEP][PASSED] - click: Object: 'Object Repository/Final Object Repo/Page_Request SSN - ASSIST/Page_Request SSN - ASSIST - RO/Save  Continue in SSN Page' is clicked on

2018-12-06 10:00:33 - [MESSAGE][PASSED] - Object: 'Object Repository/Final Object Repo/Page_Request SSN - ASSIST/Page_Request SSN - ASSIST - RO/Save  Continue in SSN Page' is clicked on

2018-12-06 10:00:33 - [TEST_STEP][PASSED] - delay: Delayed 2 second(s)

2018-12-06 10:00:35 - [MESSAGE][PASSED] - Delayed 2 second(s)

2018-12-06 10:00:35 - [TEST_STEP][PASSED] - click: Object: 'Object Repository/Final Object Repo/Page_Request SSN - ASSIST/Page_Request SSN - ASSIST - RO/Save  Continue in Uploading Document Page' is clicked on

2018-12-06 10:00:40 - [MESSAGE][PASSED] - Object: 'Object Repository/Final Object Repo/Page_Request SSN - ASSIST/Page_Request SSN - ASSIST - RO/Save  Continue in Uploading Document Page' is clicked on

2018-12-06 10:00:40 - [TEST_STEP][PASSED] - delay: Delayed 2 second(s)

2018-12-06 10:00:42 - [MESSAGE][PASSED] - Delayed 2 second(s)

2018-12-06 10:00:42 - [TEST_STEP][PASSED] - click: Object: 'Object Repository/Final Object Repo/Page_Request SSN - ASSIST/Page_Request SSN - ASSIST - RO/Submit' is clicked on

2018-12-06 10:00:44 - [MESSAGE][PASSED] - Object: 'Object Repository/Final Object Repo/Page_Request SSN - ASSIST/Page_Request SSN - ASSIST - RO/Submit' is clicked on

2018-12-06 10:00:44 - [TEST_STEP][PASSED] - delay: Delayed 2 second(s)

2018-12-06 10:00:46 - [MESSAGE][PASSED] - Delayed 2 second(s)

2018-12-06 10:00:46 - [TEST_STEP][PASSED] - click: Object: 'Object Repository/Final Object Repo/Page_Request SSN - ASSIST/Page_Request SSN - ASSIST - RO/Confirm' is clicked on

2018-12-06 10:00:47 - [MESSAGE][PASSED] - Object: 'Object Repository/Final Object Repo/Page_Request SSN - ASSIST/Page_Request SSN - ASSIST - RO/Confirm' is clicked on

2018-12-06 10:00:47 - [TEST_STEP][PASSED] - delay: Delayed 2 second(s)

2018-12-06 10:00:49 - [MESSAGE][PASSED] - Delayed 2 second(s)

2018-12-06 10:00:49 - [TEST_STEP][PASSED] - verifyElementVisible: Object 'Object Repository/Final Object Repo/Page_Request SSN - ASSIST/Page_Request SSN - ASSIST - RO/Successfull Message Your application has submitted' is visible

2018-12-06 10:00:55 - [MESSAGE][PASSED] - Object 'Object Repository/Final Object Repo/Page_Request SSN - ASSIST/Page_Request SSN - ASSIST - RO/Successfull Message Your application has submitted' is visible

2018-12-06 10:00:55 - [TEST_STEP][PASSED] - delay: Delayed 2 second(s)

2018-12-06 10:00:57 - [MESSAGE][PASSED] - Delayed 2 second(s)

2018-12-06 10:00:57 - [TEST_STEP][PASSED] - verifyElementVisible: Object 'Object Repository/Final Object Repo/Page_Request SSN - ASSIST/Page_Request SSN - ASSIST - RO/Letter of approval' is visible

2018-12-06 10:00:57 - [MESSAGE][PASSED] - Object 'Object Repository/Final Object Repo/Page_Request SSN - ASSIST/Page_Request SSN - ASSIST - RO/Letter of approval' is visible

2018-12-06 10:00:57 - [MESSAGE][PASSED] - Call Test Case 'Test Cases/Final Aug 2018 - PKS Automation/Registration Module/Workflow/Request SSN/Template/Request SSN - RO (Approve)' successfully

2018-12-06 10:00:57 - [MESSAGE][PASSED] - Call Test Case 'Test Cases/Final Aug 2018 - PKS Automation/Registration Module/Workflow/Request SSN/Template/Request SSN  RO (Approve after Query)' successfully

2018-12-06 10:00:57 - [MESSAGE][PASSED] - Call Test Case 'Test Cases/Final Aug 2018 - PKS Automation/Registration Module/Workflow/Request SSN/Template/Request SSN RIO - RO (Query)' successfully]]></system-out>
         <system-err><![CDATA[]]></system-err>
      </testcase>
      <testcase name="Test Cases/Final Aug 2018 - PKS Automation/Registration Module/Workflow/Request SSN/OTC - RIO - RO (Under enforcement)" classname="Test Cases/Final Aug 2018 - PKS Automation/Registration Module/Workflow/Request SSN/OTC - RIO - RO (Under enforcement)" status="PASSED">
         <system-out><![CDATA[2018-12-06 10:00:57 - [TEST_CASE][PASSED] - Test Cases/Final Aug 2018 - PKS Automation/Registration Module/Workflow/Request SSN/OTC - RIO - RO (Under enforcement): Test Cases/Final Aug 2018 - PKS Automation/Registration Module/Workflow/Request SSN/OTC - RIO - RO (Under enforcement)

2018-12-06 10:00:57 - [TEST_STEP][PASSED] - callTestCase: Call Test Case 'Test Cases/Final Aug 2018 - PKS Automation/Registration Module/Workflow/Request SSN/Template/Request SSN - OTC' successfully

2018-12-06 10:00:57 - [TEST_CASE][PASSED] - Test Cases/Final Aug 2018 - PKS Automation/Registration Module/Workflow/Request SSN/Template/Request SSN - OTC: Test Cases/Final Aug 2018 - PKS Automation/Registration Module/Workflow/Request SSN/Template/Request SSN - OTC

2018-12-06 10:00:57 - [TEST_STEP][PASSED] - openBrowser: Browser is opened with url: ''

2018-12-06 10:00:57 - [MESSAGE][WARNING] - A browser is already opened. Closing browser and opening a new one

2018-12-06 10:01:00 - [MESSAGE][PASSED] - Browser is opened with url: ''

2018-12-06 10:01:00 - [TEST_STEP][PASSED] - navigateToUrl: Navigate to 'https://assist2-uat.perkeso.gov.my/login' successfully

2018-12-06 10:01:01 - [MESSAGE][PASSED] - Navigate to 'https://assist2-uat.perkeso.gov.my/login' successfully

2018-12-06 10:01:01 - [TEST_STEP][PASSED] - setText: Text 'johorotc1@gmail.com' is set on object 'Object Repository/Final Object Repo/Login Page/Internal User/Email Address'

2018-12-06 10:01:02 - [MESSAGE][PASSED] - Text 'johorotc1@gmail.com' is set on object 'Object Repository/Final Object Repo/Login Page/Internal User/Email Address'

2018-12-06 10:01:02 - [TEST_STEP][PASSED] - click: Object: 'Object Repository/Final Object Repo/Login Page/Internal User/Next Button' is clicked on

2018-12-06 10:01:02 - [MESSAGE][PASSED] - Object: 'Object Repository/Final Object Repo/Login Page/Internal User/Next Button' is clicked on

2018-12-06 10:01:02 - [TEST_STEP][PASSED] - delay: Delayed 1 second(s)

2018-12-06 10:01:03 - [MESSAGE][PASSED] - Delayed 1 second(s)

2018-12-06 10:01:03 - [TEST_STEP][PASSED] - setEncryptedText: Text ****** has been set on object 'Object Repository/Final Object Repo/Login Page/Internal User/Password'

2018-12-06 10:01:03 - [MESSAGE][PASSED] - Text ****** has been set on object 'Object Repository/Final Object Repo/Login Page/Internal User/Password'

2018-12-06 10:01:03 - [TEST_STEP][PASSED] - click: Object: 'Object Repository/Final Object Repo/Login Page/Internal User/Login Button' is clicked on

2018-12-06 10:01:03 - [MESSAGE][PASSED] - Object: 'Object Repository/Final Object Repo/Login Page/Internal User/Login Button' is clicked on

2018-12-06 10:01:03 - [TEST_STEP][PASSED] - Statement - Try: null

2018-12-06 10:01:03 - [TEST_STEP][PASSED] - Statement - Checker = com.kms.katalon.core.webui.keyword.WebUiBuiltInKeywords.verifyElementNotPresent("Final Object Repo/Landing Page/Select to English", 3): null

2018-12-06 10:01:03 - [TEST_STEP][PASSED] - Statement - Catch (Exception e): null

2018-12-06 10:01:03 - [TEST_STEP][PASSED] - Statement - e.printStackTrace(): null

2018-12-06 10:01:03 - [TEST_STEP][PASSED] - delay: Delayed 5 second(s)

2018-12-06 10:01:08 - [MESSAGE][PASSED] - Delayed 5 second(s)

2018-12-06 10:01:08 - [TEST_STEP][PASSED] - delay: Delayed 1 second(s)

2018-12-06 10:01:09 - [MESSAGE][PASSED] - Delayed 1 second(s)

2018-12-06 10:01:09 - [TEST_STEP][PASSED] - navigateToUrl: Navigate to 'https://assist2-uat.perkeso.gov.my/web/registration/request-ssn' successfully

2018-12-06 10:01:14 - [MESSAGE][PASSED] - Navigate to 'https://assist2-uat.perkeso.gov.my/web/registration/request-ssn' successfully

2018-12-06 10:01:14 - [TEST_STEP][PASSED] - setText: Text 'perkeso' is set on object 'Object Repository/Final Object Repo/Page_Request SSN - ASSIST/AI - Name'

2018-12-06 10:01:14 - [MESSAGE][PASSED] - Text 'perkeso' is set on object 'Object Repository/Final Object Repo/Page_Request SSN - ASSIST/AI - Name'

2018-12-06 10:01:14 - [TEST_STEP][PASSED] - click: Object: 'Object Repository/Final Object Repo/Page_Request SSN - ASSIST/AI - DOB' is clicked on

2018-12-06 10:01:15 - [MESSAGE][PASSED] - Object: 'Object Repository/Final Object Repo/Page_Request SSN - ASSIST/AI - DOB' is clicked on

2018-12-06 10:01:15 - [TEST_STEP][PASSED] - selectOptionByValue: All options with value '1995' are selected in object 'Object Repository/Final Object Repo/Page_Request SSN - ASSIST/AI - DOB - Year' 

2018-12-06 10:01:15 - [MESSAGE][PASSED] - All options with value '1995' are selected in object 'Object Repository/Final Object Repo/Page_Request SSN - ASSIST/AI - DOB - Year' 

2018-12-06 10:01:15 - [TEST_STEP][PASSED] - delay: Delayed 3 second(s)

2018-12-06 10:01:18 - [MESSAGE][PASSED] - Delayed 3 second(s)

2018-12-06 10:01:18 - [TEST_STEP][PASSED] - doubleClick: Object: 'Object Repository/Final Object Repo/Page_Request SSN - ASSIST/AI - DOB - Year - Date' is double clicked on

2018-12-06 10:01:18 - [MESSAGE][PASSED] - Object: 'Object Repository/Final Object Repo/Page_Request SSN - ASSIST/AI - DOB - Year - Date' is double clicked on

2018-12-06 10:01:18 - [TEST_STEP][PASSED] - click: Object: 'Object Repository/Final Object Repo/Page_Request SSN - ASSIST/AI - Male' is clicked on

2018-12-06 10:01:18 - [MESSAGE][PASSED] - Object: 'Object Repository/Final Object Repo/Page_Request SSN - ASSIST/AI - Male' is clicked on

2018-12-06 10:01:18 - [TEST_STEP][PASSED] - click: Object: 'Object Repository/Final Object Repo/Page_Request SSN - ASSIST/AI- Race' is clicked on

2018-12-06 10:01:19 - [MESSAGE][PASSED] - Object: 'Object Repository/Final Object Repo/Page_Request SSN - ASSIST/AI- Race' is clicked on

2018-12-06 10:01:19 - [TEST_STEP][PASSED] - click: Object: 'Object Repository/Final Object Repo/Page_Request SSN - ASSIST/AI - Race - Melayu' is clicked on

2018-12-06 10:01:19 - [MESSAGE][PASSED] - Object: 'Object Repository/Final Object Repo/Page_Request SSN - ASSIST/AI - Race - Melayu' is clicked on

2018-12-06 10:01:19 - [TEST_STEP][PASSED] - click: Object: 'Object Repository/Final Object Repo/Page_Request SSN - ASSIST/AI - Religion' is clicked on

2018-12-06 10:01:19 - [MESSAGE][PASSED] - Object: 'Object Repository/Final Object Repo/Page_Request SSN - ASSIST/AI - Religion' is clicked on

2018-12-06 10:01:19 - [TEST_STEP][PASSED] - click: Object: 'Object Repository/Final Object Repo/Page_Request SSN - ASSIST/AI - Religion - Islam' is clicked on

2018-12-06 10:01:19 - [MESSAGE][PASSED] - Object: 'Object Repository/Final Object Repo/Page_Request SSN - ASSIST/AI - Religion - Islam' is clicked on

2018-12-06 10:01:19 - [TEST_STEP][PASSED] - setText: Text '12345' is set on object 'Object Repository/Final Object Repo/Page_Request SSN - ASSIST/AI - Birth Certificate'

2018-12-06 10:01:20 - [MESSAGE][PASSED] - Text '12345' is set on object 'Object Repository/Final Object Repo/Page_Request SSN - ASSIST/AI - Birth Certificate'

2018-12-06 10:01:20 - [TEST_STEP][PASSED] - click: Object: 'Object Repository/Final Object Repo/Page_Request SSN - ASSIST/AI - Nationality' is clicked on

2018-12-06 10:01:20 - [MESSAGE][PASSED] - Object: 'Object Repository/Final Object Repo/Page_Request SSN - ASSIST/AI - Nationality' is clicked on

2018-12-06 10:01:20 - [TEST_STEP][PASSED] - click: Object: 'Object Repository/Final Object Repo/Page_Request SSN - ASSIST/AI - Nationality - Afghanistan' is clicked on

2018-12-06 10:01:21 - [MESSAGE][PASSED] - Object: 'Object Repository/Final Object Repo/Page_Request SSN - ASSIST/AI - Nationality - Afghanistan' is clicked on

2018-12-06 10:01:21 - [TEST_STEP][PASSED] - setText: Text 'PERKESO ADDRESS1' is set on object 'Object Repository/Final Object Repo/Page_Request SSN - ASSIST/AI - Address1'

2018-12-06 10:01:22 - [MESSAGE][PASSED] - Text 'PERKESO ADDRESS1' is set on object 'Object Repository/Final Object Repo/Page_Request SSN - ASSIST/AI - Address1'

2018-12-06 10:01:22 - [TEST_STEP][PASSED] - setText: Text 'PERKESO ADDRESS2' is set on object 'Object Repository/Final Object Repo/Page_Request SSN - ASSIST/AI - Address2'

2018-12-06 10:01:23 - [MESSAGE][PASSED] - Text 'PERKESO ADDRESS2' is set on object 'Object Repository/Final Object Repo/Page_Request SSN - ASSIST/AI - Address2'

2018-12-06 10:01:23 - [TEST_STEP][PASSED] - setText: Text 'PERKESO ADDRESS3' is set on object 'Object Repository/Final Object Repo/Page_Request SSN - ASSIST/AI - Address3'

2018-12-06 10:01:24 - [MESSAGE][PASSED] - Text 'PERKESO ADDRESS3' is set on object 'Object Repository/Final Object Repo/Page_Request SSN - ASSIST/AI - Address3'

2018-12-06 10:01:24 - [TEST_STEP][PASSED] - click: Object: 'Object Repository/Final Object Repo/Page_Request SSN - ASSIST/AI - State' is clicked on

2018-12-06 10:01:25 - [MESSAGE][PASSED] - Object: 'Object Repository/Final Object Repo/Page_Request SSN - ASSIST/AI - State' is clicked on

2018-12-06 10:01:25 - [TEST_STEP][PASSED] - click: Object: 'Object Repository/Final Object Repo/Page_Request SSN - ASSIST/AI - Current Employer State - Johor' is clicked on

2018-12-06 10:01:25 - [MESSAGE][PASSED] - Object: 'Object Repository/Final Object Repo/Page_Request SSN - ASSIST/AI - Current Employer State - Johor' is clicked on

2018-12-06 10:01:25 - [TEST_STEP][PASSED] - click: Object: 'Object Repository/Final Object Repo/Page_Request SSN - ASSIST/AI - City' is clicked on

2018-12-06 10:01:25 - [MESSAGE][PASSED] - Object: 'Object Repository/Final Object Repo/Page_Request SSN - ASSIST/AI - City' is clicked on

2018-12-06 10:01:25 - [TEST_STEP][PASSED] - setText: Text 'JOH' is set on object 'Object Repository/Final Object Repo/Page_Request SSN - ASSIST/AI - City - JOH'

2018-12-06 10:01:26 - [MESSAGE][PASSED] - Text 'JOH' is set on object 'Object Repository/Final Object Repo/Page_Request SSN - ASSIST/AI - City - JOH'

2018-12-06 10:01:26 - [TEST_STEP][PASSED] - delay: Delayed 3 second(s)

2018-12-06 10:01:29 - [MESSAGE][PASSED] - Delayed 3 second(s)

2018-12-06 10:01:29 - [TEST_STEP][PASSED] - click: Object: 'Object Repository/Final Object Repo/Page_Request SSN - ASSIST/AI - City - Johor Bharu' is clicked on

2018-12-06 10:01:29 - [MESSAGE][PASSED] - Object: 'Object Repository/Final Object Repo/Page_Request SSN - ASSIST/AI - City - Johor Bharu' is clicked on

2018-12-06 10:01:29 - [TEST_STEP][PASSED] - click: Object: 'Object Repository/Final Object Repo/Page_Request SSN - ASSIST/AI - Post Code' is clicked on

2018-12-06 10:01:30 - [MESSAGE][PASSED] - Object: 'Object Repository/Final Object Repo/Page_Request SSN - ASSIST/AI - Post Code' is clicked on

2018-12-06 10:01:30 - [TEST_STEP][PASSED] - setText: Text '810' is set on object 'Object Repository/Final Object Repo/Page_Request SSN - ASSIST/AI - City - JOH'

2018-12-06 10:01:30 - [MESSAGE][PASSED] - Text '810' is set on object 'Object Repository/Final Object Repo/Page_Request SSN - ASSIST/AI - City - JOH'

2018-12-06 10:01:30 - [TEST_STEP][PASSED] - delay: Delayed 3 second(s)

2018-12-06 10:01:33 - [MESSAGE][PASSED] - Delayed 3 second(s)

2018-12-06 10:01:33 - [TEST_STEP][PASSED] - click: Object: 'Object Repository/Final Object Repo/Page_Request SSN - ASSIST/AI - PostCode - 81000' is clicked on

2018-12-06 10:01:33 - [MESSAGE][PASSED] - Object: 'Object Repository/Final Object Repo/Page_Request SSN - ASSIST/AI - PostCode - 81000' is clicked on

2018-12-06 10:01:33 - [TEST_STEP][PASSED] - setText: Text '100' is set on object 'Object Repository/Final Object Repo/Page_Request SSN - ASSIST/P.O.BOX'

2018-12-06 10:01:34 - [MESSAGE][PASSED] - Text '100' is set on object 'Object Repository/Final Object Repo/Page_Request SSN - ASSIST/P.O.BOX'

2018-12-06 10:01:34 - [TEST_STEP][PASSED] - setText: Text '100' is set on object 'Object Repository/Final Object Repo/Page_Request SSN - ASSIST/Locked Bag No'

2018-12-06 10:01:34 - [MESSAGE][PASSED] - Text '100' is set on object 'Object Repository/Final Object Repo/Page_Request SSN - ASSIST/Locked Bag No'

2018-12-06 10:01:34 - [TEST_STEP][PASSED] - delay: Delayed 2 second(s)

2018-12-06 10:01:36 - [MESSAGE][PASSED] - Delayed 2 second(s)

2018-12-06 10:01:36 - [TEST_STEP][PASSED] - setText: Text '123456789' is set on object 'Object Repository/Final Object Repo/Page_Request SSN - ASSIST/AI - Telephone No'

2018-12-06 10:01:37 - [MESSAGE][PASSED] - Text '123456789' is set on object 'Object Repository/Final Object Repo/Page_Request SSN - ASSIST/AI - Telephone No'

2018-12-06 10:01:37 - [TEST_STEP][PASSED] - click: Object: 'Object Repository/Final Object Repo/Page_Request SSN - ASSIST/AI - Occupation' is clicked on

2018-12-06 10:01:37 - [MESSAGE][PASSED] - Object: 'Object Repository/Final Object Repo/Page_Request SSN - ASSIST/AI - Occupation' is clicked on

2018-12-06 10:01:37 - [TEST_STEP][PASSED] - click: Object: 'Object Repository/Final Object Repo/Page_Request SSN - ASSIST/AI - Occupation - NUMERICAL AND MATERIAL R' is clicked on

2018-12-06 10:01:38 - [MESSAGE][PASSED] - Object: 'Object Repository/Final Object Repo/Page_Request SSN - ASSIST/AI - Occupation - NUMERICAL AND MATERIAL R' is clicked on

2018-12-06 10:01:38 - [TEST_STEP][PASSED] - delay: Delayed 2 second(s)

2018-12-06 10:01:40 - [MESSAGE][PASSED] - Delayed 2 second(s)

2018-12-06 10:01:40 - [TEST_STEP][PASSED] - click: Object: 'Object Repository/Final Object Repo/Page_Request SSN - ASSIST/AI - Sub Occupation' is clicked on

2018-12-06 10:01:40 - [MESSAGE][PASSED] - Object: 'Object Repository/Final Object Repo/Page_Request SSN - ASSIST/AI - Sub Occupation' is clicked on

2018-12-06 10:01:40 - [TEST_STEP][PASSED] - click: Object: 'Object Repository/Final Object Repo/Page_Request SSN - ASSIST/AI - Sub Occupation - Stock Clerks' is clicked on

2018-12-06 10:01:40 - [MESSAGE][PASSED] - Object: 'Object Repository/Final Object Repo/Page_Request SSN - ASSIST/AI - Sub Occupation - Stock Clerks' is clicked on

2018-12-06 10:01:40 - [TEST_STEP][PASSED] - delay: Delayed 2 second(s)

2018-12-06 10:01:42 - [MESSAGE][PASSED] - Delayed 2 second(s)

2018-12-06 10:01:42 - [TEST_STEP][PASSED] - click: Object: 'Object Repository/Final Object Repo/Page_Request SSN - ASSIST/AI - Sub Occupation List' is clicked on

2018-12-06 10:01:42 - [MESSAGE][PASSED] - Object: 'Object Repository/Final Object Repo/Page_Request SSN - ASSIST/AI - Sub Occupation List' is clicked on

2018-12-06 10:01:42 - [TEST_STEP][PASSED] - click: Object: 'Object Repository/Final Object Repo/Page_Request SSN - ASSIST/AI - Sub Occupation List - Clerk raw material' is clicked on

2018-12-06 10:01:43 - [MESSAGE][PASSED] - Object: 'Object Repository/Final Object Repo/Page_Request SSN - ASSIST/AI - Sub Occupation List - Clerk raw material' is clicked on

2018-12-06 10:01:43 - [TEST_STEP][PASSED] - click: Object: 'Object Repository/Final Object Repo/Page_Request SSN - ASSIST/AI - Employment Start Date' is clicked on

2018-12-06 10:01:43 - [MESSAGE][PASSED] - Object: 'Object Repository/Final Object Repo/Page_Request SSN - ASSIST/AI - Employment Start Date' is clicked on

2018-12-06 10:01:43 - [TEST_STEP][PASSED] - click: Object: 'Object Repository/Final Object Repo/Page_Request SSN - ASSIST/AI - DOB - Year - Date' is clicked on

2018-12-06 10:01:43 - [MESSAGE][PASSED] - Object: 'Object Repository/Final Object Repo/Page_Request SSN - ASSIST/AI - DOB - Year - Date' is clicked on

2018-12-06 10:01:43 - [TEST_STEP][PASSED] - setText: Text 'perkeso' is set on object 'Object Repository/Final Object Repo/Page_Request SSN - ASSIST/AI - Current Employer Name'

2018-12-06 10:01:44 - [MESSAGE][PASSED] - Text 'perkeso' is set on object 'Object Repository/Final Object Repo/Page_Request SSN - ASSIST/AI - Current Employer Name'

2018-12-06 10:01:44 - [TEST_STEP][PASSED] - setText: Text 'perkeso1' is set on object 'Object Repository/Final Object Repo/Page_Request SSN - ASSIST/AI - Current Employer Address1'

2018-12-06 10:01:45 - [MESSAGE][PASSED] - Text 'perkeso1' is set on object 'Object Repository/Final Object Repo/Page_Request SSN - ASSIST/AI - Current Employer Address1'

2018-12-06 10:01:45 - [TEST_STEP][PASSED] - setText: Text 'perkeso2' is set on object 'Object Repository/Final Object Repo/Page_Request SSN - ASSIST/AI - Current Employer Address2'

2018-12-06 10:01:46 - [MESSAGE][PASSED] - Text 'perkeso2' is set on object 'Object Repository/Final Object Repo/Page_Request SSN - ASSIST/AI - Current Employer Address2'

2018-12-06 10:01:46 - [TEST_STEP][PASSED] - setText: Text 'perkeso3' is set on object 'Object Repository/Final Object Repo/Page_Request SSN - ASSIST/AI - Current Employer Address3'

2018-12-06 10:01:46 - [MESSAGE][PASSED] - Text 'perkeso3' is set on object 'Object Repository/Final Object Repo/Page_Request SSN - ASSIST/AI - Current Employer Address3'

2018-12-06 10:01:46 - [TEST_STEP][PASSED] - click: Object: 'Object Repository/Final Object Repo/Page_Request SSN - ASSIST/AI - Current Employer State' is clicked on

2018-12-06 10:01:46 - [MESSAGE][PASSED] - Object: 'Object Repository/Final Object Repo/Page_Request SSN - ASSIST/AI - Current Employer State' is clicked on

2018-12-06 10:01:46 - [TEST_STEP][PASSED] - click: Object: 'Object Repository/Final Object Repo/Page_Request SSN - ASSIST/AI - Current Employer State - Johor 1' is clicked on

2018-12-06 10:01:47 - [MESSAGE][PASSED] - Object: 'Object Repository/Final Object Repo/Page_Request SSN - ASSIST/AI - Current Employer State - Johor 1' is clicked on

2018-12-06 10:01:47 - [TEST_STEP][PASSED] - click: Object: 'Object Repository/Final Object Repo/Page_Request SSN - ASSIST/AI - Current Employer City' is clicked on

2018-12-06 10:01:47 - [MESSAGE][PASSED] - Object: 'Object Repository/Final Object Repo/Page_Request SSN - ASSIST/AI - Current Employer City' is clicked on

2018-12-06 10:01:47 - [TEST_STEP][PASSED] - setText: Text 'joh' is set on object 'Object Repository/Final Object Repo/Page_Request SSN - ASSIST/AI - City - JOH'

2018-12-06 10:01:48 - [MESSAGE][PASSED] - Text 'joh' is set on object 'Object Repository/Final Object Repo/Page_Request SSN - ASSIST/AI - City - JOH'

2018-12-06 10:01:48 - [TEST_STEP][PASSED] - delay: Delayed 2 second(s)

2018-12-06 10:01:50 - [MESSAGE][PASSED] - Delayed 2 second(s)

2018-12-06 10:01:50 - [TEST_STEP][PASSED] - click: Object: 'Object Repository/Final Object Repo/Page_Request SSN - ASSIST/AI - City - Johor Bharu' is clicked on

2018-12-06 10:01:50 - [MESSAGE][PASSED] - Object: 'Object Repository/Final Object Repo/Page_Request SSN - ASSIST/AI - City - Johor Bharu' is clicked on

2018-12-06 10:01:50 - [TEST_STEP][PASSED] - click: Object: 'Object Repository/Final Object Repo/Page_Request SSN - ASSIST/AI - Current Employer Postcode' is clicked on

2018-12-06 10:01:50 - [MESSAGE][PASSED] - Object: 'Object Repository/Final Object Repo/Page_Request SSN - ASSIST/AI - Current Employer Postcode' is clicked on

2018-12-06 10:01:50 - [TEST_STEP][PASSED] - setText: Text '810' is set on object 'Object Repository/Final Object Repo/Page_Request SSN - ASSIST/AI - City - JOH'

2018-12-06 10:01:51 - [MESSAGE][PASSED] - Text '810' is set on object 'Object Repository/Final Object Repo/Page_Request SSN - ASSIST/AI - City - JOH'

2018-12-06 10:01:51 - [TEST_STEP][PASSED] - delay: Delayed 2 second(s)

2018-12-06 10:01:53 - [MESSAGE][PASSED] - Delayed 2 second(s)

2018-12-06 10:01:53 - [TEST_STEP][PASSED] - click: Object: 'Object Repository/Final Object Repo/Page_Request SSN - ASSIST/AI - PostCode - 81000' is clicked on

2018-12-06 10:01:53 - [MESSAGE][PASSED] - Object: 'Object Repository/Final Object Repo/Page_Request SSN - ASSIST/AI - PostCode - 81000' is clicked on

2018-12-06 10:01:53 - [TEST_STEP][NOT_RUN] - setText: NOT_RUN: setText

2018-12-06 10:01:53 - [MESSAGE][NOT_RUN] - NOT_RUN: setText

2018-12-06 10:01:53 - [TEST_STEP][NOT_RUN] - setText: NOT_RUN: setText

2018-12-06 10:01:53 - [MESSAGE][NOT_RUN] - NOT_RUN: setText

2018-12-06 10:01:53 - [TEST_STEP][NOT_RUN] - click: NOT_RUN: click

2018-12-06 10:01:53 - [MESSAGE][NOT_RUN] - NOT_RUN: click

2018-12-06 10:01:53 - [TEST_STEP][NOT_RUN] - click: NOT_RUN: click

2018-12-06 10:01:53 - [MESSAGE][NOT_RUN] - NOT_RUN: click

2018-12-06 10:01:53 - [TEST_STEP][NOT_RUN] - setText: NOT_RUN: setText

2018-12-06 10:01:53 - [MESSAGE][NOT_RUN] - NOT_RUN: setText

2018-12-06 10:01:53 - [TEST_STEP][NOT_RUN] - click: NOT_RUN: click

2018-12-06 10:01:53 - [MESSAGE][NOT_RUN] - NOT_RUN: click

2018-12-06 10:01:53 - [TEST_STEP][NOT_RUN] - click: NOT_RUN: click

2018-12-06 10:01:53 - [MESSAGE][NOT_RUN] - NOT_RUN: click

2018-12-06 10:01:53 - [TEST_STEP][NOT_RUN] - click: NOT_RUN: click

2018-12-06 10:01:53 - [MESSAGE][NOT_RUN] - NOT_RUN: click

2018-12-06 10:01:53 - [TEST_STEP][NOT_RUN] - click: NOT_RUN: click

2018-12-06 10:01:53 - [MESSAGE][NOT_RUN] - NOT_RUN: click

2018-12-06 10:01:53 - [TEST_STEP][NOT_RUN] - click: NOT_RUN: click

2018-12-06 10:01:53 - [MESSAGE][NOT_RUN] - NOT_RUN: click

2018-12-06 10:01:53 - [TEST_STEP][NOT_RUN] - click: NOT_RUN: click

2018-12-06 10:01:53 - [MESSAGE][NOT_RUN] - NOT_RUN: click

2018-12-06 10:01:53 - [TEST_STEP][NOT_RUN] - setText: NOT_RUN: setText

2018-12-06 10:01:53 - [MESSAGE][NOT_RUN] - NOT_RUN: setText

2018-12-06 10:01:53 - [TEST_STEP][NOT_RUN] - setText: NOT_RUN: setText

2018-12-06 10:01:53 - [MESSAGE][NOT_RUN] - NOT_RUN: setText

2018-12-06 10:01:53 - [TEST_STEP][NOT_RUN] - setText: NOT_RUN: setText

2018-12-06 10:01:53 - [MESSAGE][NOT_RUN] - NOT_RUN: setText

2018-12-06 10:01:53 - [TEST_STEP][NOT_RUN] - click: NOT_RUN: click

2018-12-06 10:01:53 - [MESSAGE][NOT_RUN] - NOT_RUN: click

2018-12-06 10:01:53 - [TEST_STEP][NOT_RUN] - click: NOT_RUN: click

2018-12-06 10:01:53 - [MESSAGE][NOT_RUN] - NOT_RUN: click

2018-12-06 10:01:53 - [TEST_STEP][NOT_RUN] - click: NOT_RUN: click

2018-12-06 10:01:53 - [MESSAGE][NOT_RUN] - NOT_RUN: click

2018-12-06 10:01:53 - [TEST_STEP][NOT_RUN] - setText: NOT_RUN: setText

2018-12-06 10:01:53 - [MESSAGE][NOT_RUN] - NOT_RUN: setText

2018-12-06 10:01:53 - [TEST_STEP][NOT_RUN] - delay: NOT_RUN: delay

2018-12-06 10:01:53 - [MESSAGE][NOT_RUN] - NOT_RUN: delay

2018-12-06 10:01:53 - [TEST_STEP][NOT_RUN] - click: NOT_RUN: click

2018-12-06 10:01:53 - [MESSAGE][NOT_RUN] - NOT_RUN: click

2018-12-06 10:01:53 - [TEST_STEP][NOT_RUN] - click: NOT_RUN: click

2018-12-06 10:01:53 - [MESSAGE][NOT_RUN] - NOT_RUN: click

2018-12-06 10:01:53 - [TEST_STEP][NOT_RUN] - click: NOT_RUN: click

2018-12-06 10:01:53 - [MESSAGE][NOT_RUN] - NOT_RUN: click

2018-12-06 10:01:53 - [TEST_STEP][NOT_RUN] - setText: NOT_RUN: setText

2018-12-06 10:01:53 - [MESSAGE][NOT_RUN] - NOT_RUN: setText

2018-12-06 10:01:53 - [TEST_STEP][NOT_RUN] - delay: NOT_RUN: delay

2018-12-06 10:01:53 - [MESSAGE][NOT_RUN] - NOT_RUN: delay

2018-12-06 10:01:53 - [TEST_STEP][NOT_RUN] - click: NOT_RUN: click

2018-12-06 10:01:53 - [MESSAGE][NOT_RUN] - NOT_RUN: click

2018-12-06 10:01:53 - [TEST_STEP][NOT_RUN] - delay: NOT_RUN: delay

2018-12-06 10:01:53 - [MESSAGE][NOT_RUN] - NOT_RUN: delay

2018-12-06 10:01:53 - [TEST_STEP][NOT_RUN] - setText: NOT_RUN: setText

2018-12-06 10:01:53 - [MESSAGE][NOT_RUN] - NOT_RUN: setText

2018-12-06 10:01:53 - [TEST_STEP][NOT_RUN] - setText: NOT_RUN: setText

2018-12-06 10:01:53 - [MESSAGE][NOT_RUN] - NOT_RUN: setText

2018-12-06 10:01:53 - [TEST_STEP][NOT_RUN] - setText: NOT_RUN: setText

2018-12-06 10:01:53 - [MESSAGE][NOT_RUN] - NOT_RUN: setText

2018-12-06 10:01:53 - [TEST_STEP][NOT_RUN] - click: NOT_RUN: click

2018-12-06 10:01:53 - [MESSAGE][NOT_RUN] - NOT_RUN: click

2018-12-06 10:01:53 - [TEST_STEP][NOT_RUN] - click: NOT_RUN: click

2018-12-06 10:01:53 - [MESSAGE][NOT_RUN] - NOT_RUN: click

2018-12-06 10:01:53 - [TEST_STEP][NOT_RUN] - setText: NOT_RUN: setText

2018-12-06 10:01:53 - [MESSAGE][NOT_RUN] - NOT_RUN: setText

2018-12-06 10:01:53 - [TEST_STEP][NOT_RUN] - click: NOT_RUN: click

2018-12-06 10:01:53 - [MESSAGE][NOT_RUN] - NOT_RUN: click

2018-12-06 10:01:53 - [TEST_STEP][NOT_RUN] - click: NOT_RUN: click

2018-12-06 10:01:53 - [MESSAGE][NOT_RUN] - NOT_RUN: click

2018-12-06 10:01:53 - [TEST_STEP][NOT_RUN] - click: NOT_RUN: click

2018-12-06 10:01:53 - [MESSAGE][NOT_RUN] - NOT_RUN: click

2018-12-06 10:01:53 - [TEST_STEP][NOT_RUN] - click: NOT_RUN: click

2018-12-06 10:01:53 - [MESSAGE][NOT_RUN] - NOT_RUN: click

2018-12-06 10:01:53 - [TEST_STEP][NOT_RUN] - click: NOT_RUN: click

2018-12-06 10:01:53 - [MESSAGE][NOT_RUN] - NOT_RUN: click

2018-12-06 10:01:53 - [TEST_STEP][NOT_RUN] - click: NOT_RUN: click

2018-12-06 10:01:53 - [MESSAGE][NOT_RUN] - NOT_RUN: click

2018-12-06 10:01:53 - [TEST_STEP][NOT_RUN] - setText: NOT_RUN: setText

2018-12-06 10:01:53 - [MESSAGE][NOT_RUN] - NOT_RUN: setText

2018-12-06 10:01:53 - [TEST_STEP][NOT_RUN] - setText: NOT_RUN: setText

2018-12-06 10:01:53 - [MESSAGE][NOT_RUN] - NOT_RUN: setText

2018-12-06 10:01:53 - [TEST_STEP][NOT_RUN] - setText: NOT_RUN: setText

2018-12-06 10:01:53 - [MESSAGE][NOT_RUN] - NOT_RUN: setText

2018-12-06 10:01:53 - [TEST_STEP][NOT_RUN] - click: NOT_RUN: click

2018-12-06 10:01:53 - [MESSAGE][NOT_RUN] - NOT_RUN: click

2018-12-06 10:01:53 - [TEST_STEP][NOT_RUN] - click: NOT_RUN: click

2018-12-06 10:01:53 - [MESSAGE][NOT_RUN] - NOT_RUN: click

2018-12-06 10:01:53 - [TEST_STEP][NOT_RUN] - click: NOT_RUN: click

2018-12-06 10:01:53 - [MESSAGE][NOT_RUN] - NOT_RUN: click

2018-12-06 10:01:54 - [TEST_STEP][NOT_RUN] - delay: NOT_RUN: delay

2018-12-06 10:01:54 - [MESSAGE][NOT_RUN] - NOT_RUN: delay

2018-12-06 10:01:54 - [TEST_STEP][NOT_RUN] - setText: NOT_RUN: setText

2018-12-06 10:01:54 - [MESSAGE][NOT_RUN] - NOT_RUN: setText

2018-12-06 10:01:54 - [TEST_STEP][NOT_RUN] - delay: NOT_RUN: delay

2018-12-06 10:01:54 - [MESSAGE][NOT_RUN] - NOT_RUN: delay

2018-12-06 10:01:54 - [TEST_STEP][NOT_RUN] - click: NOT_RUN: click

2018-12-06 10:01:54 - [MESSAGE][NOT_RUN] - NOT_RUN: click

2018-12-06 10:01:54 - [TEST_STEP][NOT_RUN] - doubleClick: NOT_RUN: doubleClick

2018-12-06 10:01:54 - [MESSAGE][NOT_RUN] - NOT_RUN: doubleClick

2018-12-06 10:01:54 - [TEST_STEP][NOT_RUN] - click: NOT_RUN: click

2018-12-06 10:01:54 - [MESSAGE][NOT_RUN] - NOT_RUN: click

2018-12-06 10:01:54 - [TEST_STEP][NOT_RUN] - setText: NOT_RUN: setText

2018-12-06 10:01:54 - [MESSAGE][NOT_RUN] - NOT_RUN: setText

2018-12-06 10:01:54 - [TEST_STEP][NOT_RUN] - delay: NOT_RUN: delay

2018-12-06 10:01:54 - [MESSAGE][NOT_RUN] - NOT_RUN: delay

2018-12-06 10:01:54 - [TEST_STEP][NOT_RUN] - click: NOT_RUN: click

2018-12-06 10:01:54 - [MESSAGE][NOT_RUN] - NOT_RUN: click

2018-12-06 10:01:54 - [TEST_STEP][NOT_RUN] - delay: NOT_RUN: delay

2018-12-06 10:01:54 - [MESSAGE][NOT_RUN] - NOT_RUN: delay

2018-12-06 10:01:54 - [TEST_STEP][NOT_RUN] - setText: NOT_RUN: setText

2018-12-06 10:01:54 - [MESSAGE][NOT_RUN] - NOT_RUN: setText

2018-12-06 10:01:54 - [TEST_STEP][PASSED] - click: Object: 'Object Repository/Final Object Repo/Page_Request SSN - ASSIST/Save  Continue' is clicked on

2018-12-06 10:01:54 - [MESSAGE][PASSED] - Object: 'Object Repository/Final Object Repo/Page_Request SSN - ASSIST/Save  Continue' is clicked on

2018-12-06 10:01:54 - [TEST_STEP][PASSED] - delay: Delayed 3 second(s)

2018-12-06 10:01:57 - [MESSAGE][PASSED] - Delayed 3 second(s)

2018-12-06 10:01:57 - [TEST_STEP][PASSED] - Statement - CaseReferenceNo = com.kms.katalon.core.webui.keyword.WebUiBuiltInKeywords.getText(com.kms.katalon.core.testobject.ObjectRepository.findTestObject(Final Object Repo/Page_Request SSN - ASSIST/Reference Number in Uploading Page)): Text of object 'Object Repository/Final Object Repo/Page_Request SSN - ASSIST/Reference Number in Uploading Page' is: 'SSN12201800001175'

2018-12-06 10:01:57 - [MESSAGE][PASSED] - Text of object 'Object Repository/Final Object Repo/Page_Request SSN - ASSIST/Reference Number in Uploading Page' is: 'SSN12201800001175'

2018-12-06 10:01:57 - [TEST_STEP][PASSED] - callTestCase: Call Test Case 'Test Cases/Final Aug 2018 - PKS Automation/Common/Reference Number Setter' successfully

2018-12-06 10:01:57 - [TEST_CASE][PASSED] - Test Cases/Final Aug 2018 - PKS Automation/Common/Reference Number Setter: Test Cases/Final Aug 2018 - PKS Automation/Common/Reference Number Setter

2018-12-06 10:01:57 - [TEST_STEP][PASSED] - Statement - RefNoOldFile = new java.io.File(C://Users//Admin//Desktop//PKS//Automation Reference Point//KatalonReference.txt): null

2018-12-06 10:01:57 - [TEST_STEP][PASSED] - Statement - RefNoOldFile.delete(): null

2018-12-06 10:01:57 - [TEST_STEP][PASSED] - delay: Delayed 5 second(s)

2018-12-06 10:02:02 - [MESSAGE][PASSED] - Delayed 5 second(s)

2018-12-06 10:02:02 - [TEST_STEP][PASSED] - Statement - RefNo = new java.io.File(C://Users//Admin//Desktop//PKS//Automation Reference Point//KatalonReference.txt): null

2018-12-06 10:02:02 - [TEST_STEP][PASSED] - Statement - f2 = new java.io.FileWriter(RefNo, false): null

2018-12-06 10:02:02 - [TEST_STEP][PASSED] - Statement - f2.write(CaseReferenceNo): null

2018-12-06 10:02:02 - [TEST_STEP][PASSED] - Statement - f2.close(): null

2018-12-06 10:02:02 - [TEST_STEP][PASSED] - Statement - out.println("


" + CaseReferenceNo + "


"): null

2018-12-06 10:02:02 - [MESSAGE][PASSED] - Call Test Case 'Test Cases/Final Aug 2018 - PKS Automation/Common/Reference Number Setter' successfully

2018-12-06 10:02:02 - [TEST_STEP][PASSED] - click: Object: 'Object Repository/Final Object Repo/Page_Request SSN - ASSIST/Add Document Button' is clicked on

2018-12-06 10:02:03 - [MESSAGE][PASSED] - Object: 'Object Repository/Final Object Repo/Page_Request SSN - ASSIST/Add Document Button' is clicked on

2018-12-06 10:02:03 - [TEST_STEP][PASSED] - delay: Delayed 2 second(s)

2018-12-06 10:02:05 - [MESSAGE][PASSED] - Delayed 2 second(s)

2018-12-06 10:02:05 - [TEST_STEP][PASSED] - click: Object: 'Object Repository/Final Object Repo/Page_Request SSN - ASSIST/Document Type' is clicked on

2018-12-06 10:02:05 - [MESSAGE][PASSED] - Object: 'Object Repository/Final Object Repo/Page_Request SSN - ASSIST/Document Type' is clicked on

2018-12-06 10:02:05 - [TEST_STEP][PASSED] - delay: Delayed 2 second(s)

2018-12-06 10:02:07 - [MESSAGE][PASSED] - Delayed 2 second(s)

2018-12-06 10:02:07 - [TEST_STEP][PASSED] - click: Object: 'Object Repository/Final Object Repo/Page_Request SSN - ASSIST/Document Type - Birth Certificate' is clicked on

2018-12-06 10:02:08 - [MESSAGE][PASSED] - Object: 'Object Repository/Final Object Repo/Page_Request SSN - ASSIST/Document Type - Birth Certificate' is clicked on

2018-12-06 10:02:08 - [TEST_STEP][PASSED] - delay: Delayed 2 second(s)

2018-12-06 10:02:10 - [MESSAGE][PASSED] - Delayed 2 second(s)

2018-12-06 10:02:10 - [TEST_STEP][PASSED] - sendKeys: Keys 'C:\Users\Public\Pictures\Sample Pictures\Koala.jpg' sent to object: 'Object Repository/Final Object Repo/Page_Request SSN - ASSIST/Upload File'

2018-12-06 10:02:10 - [MESSAGE][PASSED] - Keys 'C:\Users\Public\Pictures\Sample Pictures\Koala.jpg' sent to object: 'Object Repository/Final Object Repo/Page_Request SSN - ASSIST/Upload File'

2018-12-06 10:02:10 - [TEST_STEP][PASSED] - click: Object: 'Object Repository/Final Object Repo/Page_Request SSN - ASSIST/Add Document' is clicked on

2018-12-06 10:02:10 - [MESSAGE][PASSED] - Object: 'Object Repository/Final Object Repo/Page_Request SSN - ASSIST/Add Document' is clicked on

2018-12-06 10:02:10 - [TEST_STEP][PASSED] - delay: Delayed 10 second(s)

2018-12-06 10:02:20 - [MESSAGE][PASSED] - Delayed 10 second(s)

2018-12-06 10:02:20 - [TEST_STEP][PASSED] - click: Object: 'Object Repository/Final Object Repo/Page_Request SSN - ASSIST/Save  Continue in Uploading Document Page' is clicked on

2018-12-06 10:02:20 - [MESSAGE][PASSED] - Object: 'Object Repository/Final Object Repo/Page_Request SSN - ASSIST/Save  Continue in Uploading Document Page' is clicked on

2018-12-06 10:02:20 - [TEST_STEP][PASSED] - delay: Delayed 2 second(s)

2018-12-06 10:02:22 - [MESSAGE][PASSED] - Delayed 2 second(s)

2018-12-06 10:02:22 - [TEST_STEP][PASSED] - click: Object: 'Object Repository/Final Object Repo/Page_Request SSN - ASSIST/Submit' is clicked on

2018-12-06 10:02:25 - [MESSAGE][PASSED] - Object: 'Object Repository/Final Object Repo/Page_Request SSN - ASSIST/Submit' is clicked on

2018-12-06 10:02:25 - [TEST_STEP][PASSED] - delay: Delayed 2 second(s)

2018-12-06 10:02:27 - [MESSAGE][PASSED] - Delayed 2 second(s)

2018-12-06 10:02:27 - [TEST_STEP][PASSED] - click: Object: 'Object Repository/Final Object Repo/Page_Request SSN - ASSIST/Confirm' is clicked on

2018-12-06 10:02:27 - [MESSAGE][PASSED] - Object: 'Object Repository/Final Object Repo/Page_Request SSN - ASSIST/Confirm' is clicked on

2018-12-06 10:02:27 - [TEST_STEP][PASSED] - delay: Delayed 2 second(s)

2018-12-06 10:02:29 - [MESSAGE][PASSED] - Delayed 2 second(s)

2018-12-06 10:02:29 - [TEST_STEP][PASSED] - verifyElementVisible: Object 'Object Repository/Final Object Repo/Page_Request SSN - ASSIST/Message This Case will be routed to RIO' is visible

2018-12-06 10:02:34 - [MESSAGE][PASSED] - Object 'Object Repository/Final Object Repo/Page_Request SSN - ASSIST/Message This Case will be routed to RIO' is visible

2018-12-06 10:02:34 - [TEST_STEP][PASSED] - delay: Delayed 2 second(s)

2018-12-06 10:02:36 - [MESSAGE][PASSED] - Delayed 2 second(s)

2018-12-06 10:02:36 - [TEST_STEP][PASSED] - verifyElementVisible: Object 'Object Repository/Final Object Repo/Page_Request SSN - ASSIST/Letter of acknowledgement' is visible

2018-12-06 10:02:37 - [MESSAGE][PASSED] - Object 'Object Repository/Final Object Repo/Page_Request SSN - ASSIST/Letter of acknowledgement' is visible

2018-12-06 10:02:37 - [MESSAGE][PASSED] - Call Test Case 'Test Cases/Final Aug 2018 - PKS Automation/Registration Module/Workflow/Request SSN/Template/Request SSN - OTC' successfully

2018-12-06 10:02:37 - [TEST_STEP][PASSED] - callTestCase: Call Test Case 'Test Cases/Final Aug 2018 - PKS Automation/Registration Module/Workflow/Request SSN/Template/Request SSN RIO - RO (Under Enforcement)' successfully

2018-12-06 10:02:37 - [TEST_CASE][PASSED] - Test Cases/Final Aug 2018 - PKS Automation/Registration Module/Workflow/Request SSN/Template/Request SSN RIO - RO (Under Enforcement): Test Cases/Final Aug 2018 - PKS Automation/Registration Module/Workflow/Request SSN/Template/Request SSN RIO - RO (Under Enforcement)

2018-12-06 10:02:37 - [TEST_STEP][NOT_RUN] - callTestCase: NOT_RUN: callTestCase

2018-12-06 10:02:37 - [MESSAGE][NOT_RUN] - NOT_RUN: callTestCase

2018-12-06 10:02:37 - [TEST_STEP][PASSED] - delay: Delayed 2 second(s)

2018-12-06 10:02:39 - [MESSAGE][PASSED] - Delayed 2 second(s)

2018-12-06 10:02:39 - [TEST_STEP][PASSED] - navigateToUrl: Navigate to 'https://assist2-uat.perkeso.gov.my/c/portal/logout' successfully

2018-12-06 10:02:40 - [MESSAGE][PASSED] - Navigate to 'https://assist2-uat.perkeso.gov.my/c/portal/logout' successfully

2018-12-06 10:02:40 - [TEST_STEP][PASSED] - delay: Delayed 2 second(s)

2018-12-06 10:02:42 - [MESSAGE][PASSED] - Delayed 2 second(s)

2018-12-06 10:02:42 - [TEST_STEP][PASSED] - callTestCase: Call Test Case 'Test Cases/Final Aug 2018 - PKS Automation/Common/Reference Number Getter' successfully

2018-12-06 10:02:42 - [TEST_CASE][PASSED] - Test Cases/Final Aug 2018 - PKS Automation/Common/Reference Number Getter: Test Cases/Final Aug 2018 - PKS Automation/Common/Reference Number Getter

2018-12-06 10:02:42 - [TEST_STEP][PASSED] - Statement - Try: null

2018-12-06 10:02:42 - [TEST_STEP][PASSED] - Statement - RefNo = new java.io.File(C://Users//Admin//Desktop//PKS//Automation Reference Point//KatalonReference.txt): null

2018-12-06 10:02:42 - [TEST_STEP][PASSED] - Statement - bufferread = new java.io.BufferedReader(new java.io.FileReader(RefNo)): null

2018-12-06 10:02:42 - [TEST_STEP][PASSED] - Statement - readedVal = bufferread.readLine(): null

2018-12-06 10:02:42 - [TEST_STEP][PASSED] - Statement - out.println(CaseReferenceNo): null

2018-12-06 10:02:42 - [TEST_STEP][PASSED] - Statement - out.println(readedVal): null

2018-12-06 10:02:42 - [TEST_STEP][PASSED] - Statement - CaseReferenceNo = "": null

2018-12-06 10:02:42 - [TEST_STEP][PASSED] - Statement - CaseReferenceNo = readedVal: null

2018-12-06 10:02:42 - [MESSAGE][PASSED] - Call Test Case 'Test Cases/Final Aug 2018 - PKS Automation/Common/Reference Number Getter' successfully

2018-12-06 10:02:42 - [TEST_STEP][PASSED] - callTestCase: Call Test Case 'Test Cases/Final Aug 2018 - PKS Automation/Common/Workflow Owner Finder' successfully

2018-12-06 10:02:42 - [TEST_CASE][PASSED] - Test Cases/Final Aug 2018 - PKS Automation/Common/Workflow Owner Finder: Test Cases/Final Aug 2018 - PKS Automation/Common/Workflow Owner Finder

2018-12-06 10:02:42 - [TEST_STEP][PASSED] - openBrowser: Browser is opened with url: ''

2018-12-06 10:02:42 - [MESSAGE][WARNING] - A browser is already opened. Closing browser and opening a new one

2018-12-06 10:02:45 - [MESSAGE][PASSED] - Browser is opened with url: ''

2018-12-06 10:02:45 - [TEST_STEP][PASSED] - navigateToUrl: Navigate to 'https://assist2-uat.perkeso.gov.my/login' successfully

2018-12-06 10:02:46 - [MESSAGE][PASSED] - Navigate to 'https://assist2-uat.perkeso.gov.my/login' successfully

2018-12-06 10:02:46 - [TEST_STEP][PASSED] - delay: Delayed 5 second(s)

2018-12-06 10:02:51 - [MESSAGE][PASSED] - Delayed 5 second(s)

2018-12-06 10:02:51 - [TEST_STEP][PASSED] - setText: Text 'test@liferay.com' is set on object 'Object Repository/Final Object Repo/Login Page/Internal User/Email Address'

2018-12-06 10:02:51 - [MESSAGE][PASSED] - Text 'test@liferay.com' is set on object 'Object Repository/Final Object Repo/Login Page/Internal User/Email Address'

2018-12-06 10:02:51 - [TEST_STEP][PASSED] - click: Object: 'Object Repository/Final Object Repo/Login Page/Internal User/Next Button' is clicked on

2018-12-06 10:02:52 - [MESSAGE][PASSED] - Object: 'Object Repository/Final Object Repo/Login Page/Internal User/Next Button' is clicked on

2018-12-06 10:02:52 - [TEST_STEP][PASSED] - delay: Delayed 2 second(s)

2018-12-06 10:02:54 - [MESSAGE][PASSED] - Delayed 2 second(s)

2018-12-06 10:02:54 - [TEST_STEP][PASSED] - setText: Text 'test' is set on object 'Object Repository/Final Object Repo/Login Page/Internal User/Password'

2018-12-06 10:02:54 - [MESSAGE][PASSED] - Text 'test' is set on object 'Object Repository/Final Object Repo/Login Page/Internal User/Password'

2018-12-06 10:02:54 - [TEST_STEP][PASSED] - delay: Delayed 2 second(s)

2018-12-06 10:02:56 - [MESSAGE][PASSED] - Delayed 2 second(s)

2018-12-06 10:02:56 - [TEST_STEP][PASSED] - click: Object: 'Object Repository/Final Object Repo/Login Page/Internal User/Login Button' is clicked on

2018-12-06 10:02:56 - [MESSAGE][PASSED] - Object: 'Object Repository/Final Object Repo/Login Page/Internal User/Login Button' is clicked on

2018-12-06 10:02:56 - [TEST_STEP][PASSED] - Statement - tester = com.kms.katalon.core.testobject.ObjectRepository.findTestObject(Final Object Repo/Landing Page/Select to English): Finding Test Object with id 'Object Repository/Final Object Repo/Landing Page/Select to English'

2018-12-06 10:02:56 - [TEST_STEP][PASSED] - Statement - Try: Delayed 2 second(s)

2018-12-06 10:02:56 - [TEST_STEP][PASSED] - Statement - Checker = com.kms.katalon.core.webui.keyword.WebUiBuiltInKeywords.verifyElementNotPresent(tester, 3): Web element with id: 'Object Repository/Final Object Repo/Landing Page/Select to English' located by 'By.xpath: //a[@class = 'taglib-language-list-text' and @lang = 'en-US' and (contains(text(), 'EN') or contains(., 'EN'))]' is not present after '3' second(s)

2018-12-06 10:02:58 - [MESSAGE][PASSED] - Web element with id: 'Object Repository/Final Object Repo/Landing Page/Select to English' located by 'By.xpath: //a[@class = 'taglib-language-list-text' and @lang = 'en-US' and (contains(text(), 'EN') or contains(., 'EN'))]' is not present after '3' second(s)

2018-12-06 10:02:58 - [TEST_STEP][PASSED] - Statement - If (Checker == false): null

2018-12-06 10:02:58 - [TEST_STEP][PASSED] - delay: Delayed 2 second(s)

2018-12-06 10:03:00 - [MESSAGE][PASSED] - Delayed 2 second(s)

2018-12-06 10:03:00 - [TEST_STEP][PASSED] - delay: Delayed 5 second(s)

2018-12-06 10:03:05 - [MESSAGE][PASSED] - Delayed 5 second(s)

2018-12-06 10:03:05 - [TEST_STEP][PASSED] - mouseOver: Object: 'Object Repository/Final Object Repo/Landing Page/WorkFlow Menu' is hovered

2018-12-06 10:03:05 - [MESSAGE][PASSED] - Object: 'Object Repository/Final Object Repo/Landing Page/WorkFlow Menu' is hovered

2018-12-06 10:03:05 - [TEST_STEP][PASSED] - delay: Delayed 2 second(s)

2018-12-06 10:03:07 - [MESSAGE][PASSED] - Delayed 2 second(s)

2018-12-06 10:03:07 - [TEST_STEP][PASSED] - click: Object: 'Object Repository/Final Object Repo/Landing Page/Select to Workflow Listing' is clicked on

2018-12-06 10:03:08 - [MESSAGE][PASSED] - Object: 'Object Repository/Final Object Repo/Landing Page/Select to Workflow Listing' is clicked on

2018-12-06 10:03:08 - [TEST_STEP][PASSED] - delay: Delayed 2 second(s)

2018-12-06 10:03:10 - [MESSAGE][PASSED] - Delayed 2 second(s)

2018-12-06 10:03:10 - [TEST_STEP][PASSED] - click: Object: 'Object Repository/Final Object Repo/WorkFlow Listing Page/Search Information - To Put Ref No' is clicked on

2018-12-06 10:03:10 - [MESSAGE][PASSED] - Object: 'Object Repository/Final Object Repo/WorkFlow Listing Page/Search Information - To Put Ref No' is clicked on

2018-12-06 10:03:10 - [TEST_STEP][PASSED] - delay: Delayed 2 second(s)

2018-12-06 10:03:12 - [MESSAGE][PASSED] - Delayed 2 second(s)

2018-12-06 10:03:12 - [TEST_STEP][PASSED] - callTestCase: Call Test Case 'Test Cases/Final Aug 2018 - PKS Automation/Common/Reference Number Getter' successfully

2018-12-06 10:03:12 - [TEST_CASE][PASSED] - Test Cases/Final Aug 2018 - PKS Automation/Common/Reference Number Getter: Test Cases/Final Aug 2018 - PKS Automation/Common/Reference Number Getter

2018-12-06 10:03:12 - [TEST_STEP][PASSED] - Statement - Try: null

2018-12-06 10:03:12 - [TEST_STEP][PASSED] - Statement - RefNo = new java.io.File(C://Users//Admin//Desktop//PKS//Automation Reference Point//KatalonReference.txt): null

2018-12-06 10:03:12 - [TEST_STEP][PASSED] - Statement - bufferread = new java.io.BufferedReader(new java.io.FileReader(RefNo)): null

2018-12-06 10:03:12 - [TEST_STEP][PASSED] - Statement - readedVal = bufferread.readLine(): null

2018-12-06 10:03:12 - [TEST_STEP][PASSED] - Statement - out.println(CaseReferenceNo): null

2018-12-06 10:03:12 - [TEST_STEP][PASSED] - Statement - out.println(readedVal): null

2018-12-06 10:03:12 - [TEST_STEP][PASSED] - Statement - CaseReferenceNo = "": null

2018-12-06 10:03:12 - [TEST_STEP][PASSED] - Statement - CaseReferenceNo = readedVal: null

2018-12-06 10:03:12 - [MESSAGE][PASSED] - Call Test Case 'Test Cases/Final Aug 2018 - PKS Automation/Common/Reference Number Getter' successfully

2018-12-06 10:03:12 - [TEST_STEP][PASSED] - setText: Text 'SSN12201800001175' is set on object 'Object Repository/Final Object Repo/WorkFlow Listing Page/Ref No Set Text'

2018-12-06 10:03:13 - [MESSAGE][PASSED] - Text 'SSN12201800001175' is set on object 'Object Repository/Final Object Repo/WorkFlow Listing Page/Ref No Set Text'

2018-12-06 10:03:13 - [TEST_STEP][PASSED] - delay: Delayed 2 second(s)

2018-12-06 10:03:15 - [MESSAGE][PASSED] - Delayed 2 second(s)

2018-12-06 10:03:15 - [TEST_STEP][PASSED] - click: Object: 'Object Repository/Final Object Repo/WorkFlow Listing Page/Search Ref No Search Button' is clicked on

2018-12-06 10:03:15 - [MESSAGE][PASSED] - Object: 'Object Repository/Final Object Repo/WorkFlow Listing Page/Search Ref No Search Button' is clicked on

2018-12-06 10:03:15 - [TEST_STEP][PASSED] - delay: Delayed 6 second(s)

2018-12-06 10:03:21 - [MESSAGE][PASSED] - Delayed 6 second(s)

2018-12-06 10:03:21 - [TEST_STEP][PASSED] - click: Object: 'Object Repository/Final Object Repo/WorkFlow Listing Page/Click Continue Tooltip' is clicked on

2018-12-06 10:03:22 - [MESSAGE][PASSED] - Object: 'Object Repository/Final Object Repo/WorkFlow Listing Page/Click Continue Tooltip' is clicked on

2018-12-06 10:03:22 - [TEST_STEP][PASSED] - delay: Delayed 5 second(s)

2018-12-06 10:03:27 - [MESSAGE][PASSED] - Delayed 5 second(s)

2018-12-06 10:03:27 - [TEST_STEP][PASSED] - doubleClick: Object: 'Object Repository/Final Object Repo/WorkFlow Listing Page/Workflow Found - Listing 1' is double clicked on

2018-12-06 10:03:27 - [MESSAGE][PASSED] - Object: 'Object Repository/Final Object Repo/WorkFlow Listing Page/Workflow Found - Listing 1' is double clicked on

2018-12-06 10:03:27 - [TEST_STEP][PASSED] - Statement - println(OwnerID): null

2018-12-06 10:03:27 - [TEST_STEP][PASSED] - Statement - OwnerID = com.kms.katalon.core.webui.keyword.WebUiBuiltInKeywords.getText(com.kms.katalon.core.testobject.ObjectRepository.findTestObject(Final Object Repo/WorkFlow Listing Page/Workflow Found - Listing 1), STOP_ON_FAILURE): Text of object 'Object Repository/Final Object Repo/WorkFlow Listing Page/Workflow Found - Listing 1' is: 'JOHORrio2'

2018-12-06 10:03:27 - [MESSAGE][PASSED] - Text of object 'Object Repository/Final Object Repo/WorkFlow Listing Page/Workflow Found - Listing 1' is: 'JOHORrio2'

2018-12-06 10:03:27 - [TEST_STEP][PASSED] - Statement - OwnerID = OwnerID.toLowerCase() + "@gmail.com": null

2018-12-06 10:03:27 - [TEST_STEP][PASSED] - Statement - println(OwnerID): null

2018-12-06 10:03:27 - [TEST_STEP][PASSED] - delay: Delayed 2 second(s)

2018-12-06 10:03:29 - [MESSAGE][PASSED] - Delayed 2 second(s)

2018-12-06 10:03:29 - [MESSAGE][PASSED] - Call Test Case 'Test Cases/Final Aug 2018 - PKS Automation/Common/Workflow Owner Finder' successfully

2018-12-06 10:03:29 - [TEST_STEP][PASSED] - delay: Delayed 2 second(s)

2018-12-06 10:03:31 - [MESSAGE][PASSED] - Delayed 2 second(s)

2018-12-06 10:03:31 - [TEST_STEP][PASSED] - navigateToUrl: Navigate to 'https://assist2-uat.perkeso.gov.my/c/portal/logout' successfully

2018-12-06 10:03:32 - [MESSAGE][PASSED] - Navigate to 'https://assist2-uat.perkeso.gov.my/c/portal/logout' successfully

2018-12-06 10:03:32 - [TEST_STEP][PASSED] - delay: Delayed 2 second(s)

2018-12-06 10:03:34 - [MESSAGE][PASSED] - Delayed 2 second(s)

2018-12-06 10:03:34 - [TEST_STEP][PASSED] - callTestCase: Call Test Case 'Test Cases/Final Aug 2018 - PKS Automation/Registration Module/Workflow/Login and Search Case For Workflow' successfully

2018-12-06 10:03:34 - [TEST_CASE][PASSED] - Test Cases/Final Aug 2018 - PKS Automation/Registration Module/Workflow/Login and Search Case For Workflow: Test Cases/Final Aug 2018 - PKS Automation/Registration Module/Workflow/Login and Search Case For Workflow

2018-12-06 10:03:34 - [TEST_STEP][PASSED] - navigateToUrl: Navigate to 'https://assist2-uat.perkeso.gov.my/login' successfully

2018-12-06 10:03:35 - [MESSAGE][PASSED] - Navigate to 'https://assist2-uat.perkeso.gov.my/login' successfully

2018-12-06 10:03:35 - [TEST_STEP][PASSED] - setText: Text 'johorrio2@gmail.com' is set on object 'Object Repository/Final Object Repo/Login Page/Internal User/Email Address'

2018-12-06 10:03:35 - [MESSAGE][PASSED] - Text 'johorrio2@gmail.com' is set on object 'Object Repository/Final Object Repo/Login Page/Internal User/Email Address'

2018-12-06 10:03:35 - [TEST_STEP][PASSED] - click: Object: 'Object Repository/Final Object Repo/Login Page/Internal User/Next Button' is clicked on

2018-12-06 10:03:35 - [MESSAGE][PASSED] - Object: 'Object Repository/Final Object Repo/Login Page/Internal User/Next Button' is clicked on

2018-12-06 10:03:35 - [TEST_STEP][PASSED] - delay: Delayed 1 second(s)

2018-12-06 10:03:36 - [MESSAGE][PASSED] - Delayed 1 second(s)

2018-12-06 10:03:36 - [TEST_STEP][PASSED] - setEncryptedText: Text ****** has been set on object 'Object Repository/Final Object Repo/Login Page/Internal User/Password'

2018-12-06 10:03:37 - [MESSAGE][PASSED] - Text ****** has been set on object 'Object Repository/Final Object Repo/Login Page/Internal User/Password'

2018-12-06 10:03:37 - [TEST_STEP][PASSED] - click: Object: 'Object Repository/Final Object Repo/Login Page/Internal User/Login Button' is clicked on

2018-12-06 10:03:37 - [MESSAGE][PASSED] - Object: 'Object Repository/Final Object Repo/Login Page/Internal User/Login Button' is clicked on

2018-12-06 10:03:37 - [TEST_STEP][PASSED] - delay: Delayed 2 second(s)

2018-12-06 10:03:39 - [MESSAGE][PASSED] - Delayed 2 second(s)

2018-12-06 10:03:39 - [TEST_STEP][PASSED] - Statement - Try: Delayed 2 second(s)

2018-12-06 10:03:39 - [TEST_STEP][PASSED] - Statement - Checker = false: null

2018-12-06 10:03:39 - [TEST_STEP][PASSED] - Statement - Checker = com.kms.katalon.core.webui.keyword.WebUiBuiltInKeywords.verifyElementHasAttribute(com.kms.katalon.core.testobject.ObjectRepository.findTestObject(Final Object Repo/Landing Page/BM Detecting), "href", 20, OPTIONAL): Object 'Object Repository/Final Object Repo/Landing Page/BM Detecting' has attribute 'href'

2018-12-06 10:03:39 - [MESSAGE][PASSED] - Object 'Object Repository/Final Object Repo/Landing Page/BM Detecting' has attribute 'href'

2018-12-06 10:03:39 - [TEST_STEP][PASSED] - Statement - out.println(Checker): null

2018-12-06 10:03:39 - [TEST_STEP][PASSED] - Statement - If (Checker == false): null

2018-12-06 10:03:39 - [TEST_STEP][PASSED] - Statement - Else: null

2018-12-06 10:03:39 - [TEST_STEP][PASSED] - delay: Delayed 2 second(s)

2018-12-06 10:03:41 - [MESSAGE][PASSED] - Delayed 2 second(s)

2018-12-06 10:03:41 - [TEST_STEP][PASSED] - click: Object: 'Object Repository/Final Object Repo/Page_MyASSIST - ASSIST - Search Pending Case For Add Supporting Document/Search Information' is clicked on

2018-12-06 10:03:41 - [MESSAGE][PASSED] - Object: 'Object Repository/Final Object Repo/Page_MyASSIST - ASSIST - Search Pending Case For Add Supporting Document/Search Information' is clicked on

2018-12-06 10:03:41 - [TEST_STEP][PASSED] - delay: Delayed 3 second(s)

2018-12-06 10:03:44 - [MESSAGE][PASSED] - Delayed 3 second(s)

2018-12-06 10:03:44 - [TEST_STEP][PASSED] - sendKeys: Keys 'SSN12201800001175' sent to object: 'Object Repository/Final Object Repo/Page_MyASSIST - ASSIST - Search Pending Case For Add Supporting Document/Reference No'

2018-12-06 10:03:44 - [MESSAGE][PASSED] - Keys 'SSN12201800001175' sent to object: 'Object Repository/Final Object Repo/Page_MyASSIST - ASSIST - Search Pending Case For Add Supporting Document/Reference No'

2018-12-06 10:03:44 - [TEST_STEP][PASSED] - click: Object: 'Object Repository/Final Object Repo/Page_MyASSIST - ASSIST - Search Pending Case For Add Supporting Document/Search Reference No' is clicked on

2018-12-06 10:03:45 - [MESSAGE][PASSED] - Object: 'Object Repository/Final Object Repo/Page_MyASSIST - ASSIST - Search Pending Case For Add Supporting Document/Search Reference No' is clicked on

2018-12-06 10:03:45 - [TEST_STEP][PASSED] - delay: Delayed 2 second(s)

2018-12-06 10:03:47 - [MESSAGE][PASSED] - Delayed 2 second(s)

2018-12-06 10:03:47 - [TEST_STEP][PASSED] - click: Object: 'Object Repository/Final Object Repo/Page_MyASSIST - ASSIST - Search Pending Case For Add Supporting Document/Continue' is clicked on

2018-12-06 10:03:53 - [MESSAGE][PASSED] - Object: 'Object Repository/Final Object Repo/Page_MyASSIST - ASSIST - Search Pending Case For Add Supporting Document/Continue' is clicked on

2018-12-06 10:03:53 - [TEST_STEP][PASSED] - delay: Delayed 20 second(s)

2018-12-06 10:04:13 - [MESSAGE][PASSED] - Delayed 20 second(s)

2018-12-06 10:04:13 - [MESSAGE][PASSED] - Call Test Case 'Test Cases/Final Aug 2018 - PKS Automation/Registration Module/Workflow/Login and Search Case For Workflow' successfully

2018-12-06 10:04:13 - [TEST_STEP][PASSED] - callTestCase: Call Test Case 'Test Cases/Final Aug 2018 - PKS Automation/Registration Module/Workflow/Request SSN/Template/Request SSN - RIO' successfully

2018-12-06 10:04:13 - [TEST_CASE][PASSED] - Test Cases/Final Aug 2018 - PKS Automation/Registration Module/Workflow/Request SSN/Template/Request SSN - RIO: Test Cases/Final Aug 2018 - PKS Automation/Registration Module/Workflow/Request SSN/Template/Request SSN - RIO

2018-12-06 10:04:13 - [TEST_STEP][NOT_RUN] - openBrowser: NOT_RUN: openBrowser

2018-12-06 10:04:13 - [MESSAGE][NOT_RUN] - NOT_RUN: openBrowser

2018-12-06 10:04:13 - [TEST_STEP][NOT_RUN] - navigateToUrl: NOT_RUN: navigateToUrl

2018-12-06 10:04:13 - [MESSAGE][NOT_RUN] - NOT_RUN: navigateToUrl

2018-12-06 10:04:13 - [TEST_STEP][NOT_RUN] - setText: NOT_RUN: setText

2018-12-06 10:04:13 - [MESSAGE][NOT_RUN] - NOT_RUN: setText

2018-12-06 10:04:13 - [TEST_STEP][NOT_RUN] - click: NOT_RUN: click

2018-12-06 10:04:13 - [MESSAGE][NOT_RUN] - NOT_RUN: click

2018-12-06 10:04:13 - [TEST_STEP][NOT_RUN] - delay: NOT_RUN: delay

2018-12-06 10:04:13 - [MESSAGE][NOT_RUN] - NOT_RUN: delay

2018-12-06 10:04:13 - [TEST_STEP][NOT_RUN] - setEncryptedText: NOT_RUN: setEncryptedText

2018-12-06 10:04:13 - [MESSAGE][NOT_RUN] - NOT_RUN: setEncryptedText

2018-12-06 10:04:13 - [TEST_STEP][NOT_RUN] - click: NOT_RUN: click

2018-12-06 10:04:13 - [MESSAGE][NOT_RUN] - NOT_RUN: click

2018-12-06 10:04:13 - [TEST_STEP][NOT_RUN] - delay: NOT_RUN: delay

2018-12-06 10:04:13 - [MESSAGE][NOT_RUN] - NOT_RUN: delay

2018-12-06 10:04:13 - [TEST_STEP][NOT_RUN] - click: NOT_RUN: click

2018-12-06 10:04:13 - [MESSAGE][NOT_RUN] - NOT_RUN: click

2018-12-06 10:04:13 - [TEST_STEP][NOT_RUN] - sendKeys: NOT_RUN: sendKeys

2018-12-06 10:04:13 - [MESSAGE][NOT_RUN] - NOT_RUN: sendKeys

2018-12-06 10:04:13 - [TEST_STEP][NOT_RUN] - click: NOT_RUN: click

2018-12-06 10:04:13 - [MESSAGE][NOT_RUN] - NOT_RUN: click

2018-12-06 10:04:13 - [TEST_STEP][NOT_RUN] - delay: NOT_RUN: delay

2018-12-06 10:04:13 - [MESSAGE][NOT_RUN] - NOT_RUN: delay

2018-12-06 10:04:13 - [TEST_STEP][NOT_RUN] - click: NOT_RUN: click

2018-12-06 10:04:13 - [MESSAGE][NOT_RUN] - NOT_RUN: click

2018-12-06 10:04:13 - [TEST_STEP][PASSED] - delay: Delayed 2 second(s)

2018-12-06 10:04:15 - [MESSAGE][PASSED] - Delayed 2 second(s)

2018-12-06 10:04:15 - [TEST_STEP][PASSED] - click: Object: 'Object Repository/Final Object Repo/Page_Request SSN - ASSIST/Page_Request SSN - ASSIST - RIO/Recommend For SSN' is clicked on

2018-12-06 10:04:15 - [MESSAGE][PASSED] - Object: 'Object Repository/Final Object Repo/Page_Request SSN - ASSIST/Page_Request SSN - ASSIST - RIO/Recommend For SSN' is clicked on

2018-12-06 10:04:15 - [TEST_STEP][PASSED] - click: Object: 'Object Repository/Final Object Repo/Page_Request SSN - ASSIST/Page_Request SSN - ASSIST - RIO/Recommend For SSN  - Yes' is clicked on

2018-12-06 10:04:16 - [MESSAGE][PASSED] - Object: 'Object Repository/Final Object Repo/Page_Request SSN - ASSIST/Page_Request SSN - ASSIST - RIO/Recommend For SSN  - Yes' is clicked on

2018-12-06 10:04:16 - [TEST_STEP][PASSED] - delay: Delayed 2 second(s)

2018-12-06 10:04:18 - [MESSAGE][PASSED] - Delayed 2 second(s)

2018-12-06 10:04:18 - [TEST_STEP][PASSED] - click: Object: 'Object Repository/Final Object Repo/Page_Request SSN - ASSIST/Page_Request SSN - ASSIST - RIO/Save  Continue in SSN page' is clicked on

2018-12-06 10:04:18 - [MESSAGE][PASSED] - Object: 'Object Repository/Final Object Repo/Page_Request SSN - ASSIST/Page_Request SSN - ASSIST - RIO/Save  Continue in SSN page' is clicked on

2018-12-06 10:04:18 - [TEST_STEP][PASSED] - delay: Delayed 2 second(s)

2018-12-06 10:04:20 - [MESSAGE][PASSED] - Delayed 2 second(s)

2018-12-06 10:04:20 - [TEST_STEP][PASSED] - click: Object: 'Object Repository/Final Object Repo/Page_Request SSN - ASSIST/Page_Request SSN - ASSIST - RIO/Save  Continue in Upload Document Page' is clicked on

2018-12-06 10:04:23 - [MESSAGE][PASSED] - Object: 'Object Repository/Final Object Repo/Page_Request SSN - ASSIST/Page_Request SSN - ASSIST - RIO/Save  Continue in Upload Document Page' is clicked on

2018-12-06 10:04:23 - [TEST_STEP][PASSED] - delay: Delayed 2 second(s)

2018-12-06 10:04:25 - [MESSAGE][PASSED] - Delayed 2 second(s)

2018-12-06 10:04:25 - [TEST_STEP][PASSED] - click: Object: 'Object Repository/Final Object Repo/Page_Request SSN - ASSIST/Page_Request SSN - ASSIST - RIO/Submit' is clicked on

2018-12-06 10:04:28 - [MESSAGE][PASSED] - Object: 'Object Repository/Final Object Repo/Page_Request SSN - ASSIST/Page_Request SSN - ASSIST - RIO/Submit' is clicked on

2018-12-06 10:04:28 - [TEST_STEP][PASSED] - delay: Delayed 2 second(s)

2018-12-06 10:04:30 - [MESSAGE][PASSED] - Delayed 2 second(s)

2018-12-06 10:04:30 - [TEST_STEP][PASSED] - click: Object: 'Object Repository/Final Object Repo/Page_Request SSN - ASSIST/Page_Request SSN - ASSIST - RIO/Confirm' is clicked on

2018-12-06 10:04:30 - [MESSAGE][PASSED] - Object: 'Object Repository/Final Object Repo/Page_Request SSN - ASSIST/Page_Request SSN - ASSIST - RIO/Confirm' is clicked on

2018-12-06 10:04:30 - [MESSAGE][PASSED] - Call Test Case 'Test Cases/Final Aug 2018 - PKS Automation/Registration Module/Workflow/Request SSN/Template/Request SSN - RIO' successfully

2018-12-06 10:04:30 - [TEST_STEP][PASSED] - delay: Delayed 2 second(s)

2018-12-06 10:04:32 - [MESSAGE][PASSED] - Delayed 2 second(s)

2018-12-06 10:04:32 - [TEST_STEP][PASSED] - navigateToUrl: Navigate to 'https://assist2-uat.perkeso.gov.my/c/portal/logout' successfully

2018-12-06 10:04:37 - [MESSAGE][PASSED] - Navigate to 'https://assist2-uat.perkeso.gov.my/c/portal/logout' successfully

2018-12-06 10:04:37 - [TEST_STEP][PASSED] - delay: Delayed 2 second(s)

2018-12-06 10:04:39 - [MESSAGE][PASSED] - Delayed 2 second(s)

2018-12-06 10:04:39 - [TEST_STEP][PASSED] - callTestCase: Call Test Case 'Test Cases/Final Aug 2018 - PKS Automation/Common/Workflow Owner Finder' successfully

2018-12-06 10:04:39 - [TEST_CASE][PASSED] - Test Cases/Final Aug 2018 - PKS Automation/Common/Workflow Owner Finder: Test Cases/Final Aug 2018 - PKS Automation/Common/Workflow Owner Finder

2018-12-06 10:04:39 - [TEST_STEP][PASSED] - openBrowser: Browser is opened with url: ''

2018-12-06 10:04:39 - [MESSAGE][WARNING] - A browser is already opened. Closing browser and opening a new one

2018-12-06 10:04:42 - [MESSAGE][PASSED] - Browser is opened with url: ''

2018-12-06 10:04:42 - [TEST_STEP][PASSED] - navigateToUrl: Navigate to 'https://assist2-uat.perkeso.gov.my/login' successfully

2018-12-06 10:04:43 - [MESSAGE][PASSED] - Navigate to 'https://assist2-uat.perkeso.gov.my/login' successfully

2018-12-06 10:04:43 - [TEST_STEP][PASSED] - delay: Delayed 5 second(s)

2018-12-06 10:04:48 - [MESSAGE][PASSED] - Delayed 5 second(s)

2018-12-06 10:04:48 - [TEST_STEP][PASSED] - setText: Text 'test@liferay.com' is set on object 'Object Repository/Final Object Repo/Login Page/Internal User/Email Address'

2018-12-06 10:04:48 - [MESSAGE][PASSED] - Text 'test@liferay.com' is set on object 'Object Repository/Final Object Repo/Login Page/Internal User/Email Address'

2018-12-06 10:04:48 - [TEST_STEP][PASSED] - click: Object: 'Object Repository/Final Object Repo/Login Page/Internal User/Next Button' is clicked on

2018-12-06 10:04:49 - [MESSAGE][PASSED] - Object: 'Object Repository/Final Object Repo/Login Page/Internal User/Next Button' is clicked on

2018-12-06 10:04:49 - [TEST_STEP][PASSED] - delay: Delayed 2 second(s)

2018-12-06 10:04:51 - [MESSAGE][PASSED] - Delayed 2 second(s)

2018-12-06 10:04:51 - [TEST_STEP][PASSED] - setText: Text 'test' is set on object 'Object Repository/Final Object Repo/Login Page/Internal User/Password'

2018-12-06 10:04:51 - [MESSAGE][PASSED] - Text 'test' is set on object 'Object Repository/Final Object Repo/Login Page/Internal User/Password'

2018-12-06 10:04:51 - [TEST_STEP][PASSED] - delay: Delayed 2 second(s)

2018-12-06 10:04:53 - [MESSAGE][PASSED] - Delayed 2 second(s)

2018-12-06 10:04:53 - [TEST_STEP][PASSED] - click: Object: 'Object Repository/Final Object Repo/Login Page/Internal User/Login Button' is clicked on

2018-12-06 10:04:53 - [MESSAGE][PASSED] - Object: 'Object Repository/Final Object Repo/Login Page/Internal User/Login Button' is clicked on

2018-12-06 10:04:53 - [TEST_STEP][PASSED] - Statement - tester = com.kms.katalon.core.testobject.ObjectRepository.findTestObject(Final Object Repo/Landing Page/Select to English): Finding Test Object with id 'Object Repository/Final Object Repo/Landing Page/Select to English'

2018-12-06 10:04:53 - [TEST_STEP][PASSED] - Statement - Try: Delayed 2 second(s)

2018-12-06 10:04:53 - [TEST_STEP][PASSED] - Statement - Checker = com.kms.katalon.core.webui.keyword.WebUiBuiltInKeywords.verifyElementNotPresent(tester, 3): Web element with id: 'Object Repository/Final Object Repo/Landing Page/Select to English' located by 'By.xpath: //a[@class = 'taglib-language-list-text' and @lang = 'en-US' and (contains(text(), 'EN') or contains(., 'EN'))]' is not present after '3' second(s)

2018-12-06 10:04:56 - [MESSAGE][PASSED] - Web element with id: 'Object Repository/Final Object Repo/Landing Page/Select to English' located by 'By.xpath: //a[@class = 'taglib-language-list-text' and @lang = 'en-US' and (contains(text(), 'EN') or contains(., 'EN'))]' is not present after '3' second(s)

2018-12-06 10:04:56 - [TEST_STEP][PASSED] - Statement - If (Checker == false): null

2018-12-06 10:04:56 - [TEST_STEP][PASSED] - delay: Delayed 2 second(s)

2018-12-06 10:04:58 - [MESSAGE][PASSED] - Delayed 2 second(s)

2018-12-06 10:04:58 - [TEST_STEP][PASSED] - delay: Delayed 5 second(s)

2018-12-06 10:05:03 - [MESSAGE][PASSED] - Delayed 5 second(s)

2018-12-06 10:05:03 - [TEST_STEP][PASSED] - mouseOver: Object: 'Object Repository/Final Object Repo/Landing Page/WorkFlow Menu' is hovered

2018-12-06 10:05:03 - [MESSAGE][PASSED] - Object: 'Object Repository/Final Object Repo/Landing Page/WorkFlow Menu' is hovered

2018-12-06 10:05:03 - [TEST_STEP][PASSED] - delay: Delayed 2 second(s)

2018-12-06 10:05:05 - [MESSAGE][PASSED] - Delayed 2 second(s)

2018-12-06 10:05:05 - [TEST_STEP][PASSED] - click: Object: 'Object Repository/Final Object Repo/Landing Page/Select to Workflow Listing' is clicked on

2018-12-06 10:05:06 - [MESSAGE][PASSED] - Object: 'Object Repository/Final Object Repo/Landing Page/Select to Workflow Listing' is clicked on

2018-12-06 10:05:06 - [TEST_STEP][PASSED] - delay: Delayed 2 second(s)

2018-12-06 10:05:08 - [MESSAGE][PASSED] - Delayed 2 second(s)

2018-12-06 10:05:08 - [TEST_STEP][PASSED] - click: Object: 'Object Repository/Final Object Repo/WorkFlow Listing Page/Search Information - To Put Ref No' is clicked on

2018-12-06 10:05:09 - [MESSAGE][PASSED] - Object: 'Object Repository/Final Object Repo/WorkFlow Listing Page/Search Information - To Put Ref No' is clicked on

2018-12-06 10:05:09 - [TEST_STEP][PASSED] - delay: Delayed 2 second(s)

2018-12-06 10:05:11 - [MESSAGE][PASSED] - Delayed 2 second(s)

2018-12-06 10:05:11 - [TEST_STEP][PASSED] - callTestCase: Call Test Case 'Test Cases/Final Aug 2018 - PKS Automation/Common/Reference Number Getter' successfully

2018-12-06 10:05:11 - [TEST_CASE][PASSED] - Test Cases/Final Aug 2018 - PKS Automation/Common/Reference Number Getter: Test Cases/Final Aug 2018 - PKS Automation/Common/Reference Number Getter

2018-12-06 10:05:11 - [TEST_STEP][PASSED] - Statement - Try: null

2018-12-06 10:05:11 - [TEST_STEP][PASSED] - Statement - RefNo = new java.io.File(C://Users//Admin//Desktop//PKS//Automation Reference Point//KatalonReference.txt): null

2018-12-06 10:05:11 - [TEST_STEP][PASSED] - Statement - bufferread = new java.io.BufferedReader(new java.io.FileReader(RefNo)): null

2018-12-06 10:05:11 - [TEST_STEP][PASSED] - Statement - readedVal = bufferread.readLine(): null

2018-12-06 10:05:11 - [TEST_STEP][PASSED] - Statement - out.println(CaseReferenceNo): null

2018-12-06 10:05:11 - [TEST_STEP][PASSED] - Statement - out.println(readedVal): null

2018-12-06 10:05:11 - [TEST_STEP][PASSED] - Statement - CaseReferenceNo = "": null

2018-12-06 10:05:11 - [TEST_STEP][PASSED] - Statement - CaseReferenceNo = readedVal: null

2018-12-06 10:05:11 - [MESSAGE][PASSED] - Call Test Case 'Test Cases/Final Aug 2018 - PKS Automation/Common/Reference Number Getter' successfully

2018-12-06 10:05:11 - [TEST_STEP][PASSED] - setText: Text 'SSN12201800001175' is set on object 'Object Repository/Final Object Repo/WorkFlow Listing Page/Ref No Set Text'

2018-12-06 10:05:11 - [MESSAGE][PASSED] - Text 'SSN12201800001175' is set on object 'Object Repository/Final Object Repo/WorkFlow Listing Page/Ref No Set Text'

2018-12-06 10:05:11 - [TEST_STEP][PASSED] - delay: Delayed 2 second(s)

2018-12-06 10:05:13 - [MESSAGE][PASSED] - Delayed 2 second(s)

2018-12-06 10:05:13 - [TEST_STEP][PASSED] - click: Object: 'Object Repository/Final Object Repo/WorkFlow Listing Page/Search Ref No Search Button' is clicked on

2018-12-06 10:05:13 - [MESSAGE][PASSED] - Object: 'Object Repository/Final Object Repo/WorkFlow Listing Page/Search Ref No Search Button' is clicked on

2018-12-06 10:05:13 - [TEST_STEP][PASSED] - delay: Delayed 6 second(s)

2018-12-06 10:05:19 - [MESSAGE][PASSED] - Delayed 6 second(s)

2018-12-06 10:05:19 - [TEST_STEP][PASSED] - click: Object: 'Object Repository/Final Object Repo/WorkFlow Listing Page/Click Continue Tooltip' is clicked on

2018-12-06 10:05:20 - [MESSAGE][PASSED] - Object: 'Object Repository/Final Object Repo/WorkFlow Listing Page/Click Continue Tooltip' is clicked on

2018-12-06 10:05:20 - [TEST_STEP][PASSED] - delay: Delayed 5 second(s)

2018-12-06 10:05:25 - [MESSAGE][PASSED] - Delayed 5 second(s)

2018-12-06 10:05:25 - [TEST_STEP][PASSED] - doubleClick: Object: 'Object Repository/Final Object Repo/WorkFlow Listing Page/Workflow Found - Listing 1' is double clicked on

2018-12-06 10:05:26 - [MESSAGE][PASSED] - Object: 'Object Repository/Final Object Repo/WorkFlow Listing Page/Workflow Found - Listing 1' is double clicked on

2018-12-06 10:05:26 - [TEST_STEP][PASSED] - Statement - println(OwnerID): null

2018-12-06 10:05:26 - [TEST_STEP][PASSED] - Statement - OwnerID = com.kms.katalon.core.webui.keyword.WebUiBuiltInKeywords.getText(com.kms.katalon.core.testobject.ObjectRepository.findTestObject(Final Object Repo/WorkFlow Listing Page/Workflow Found - Listing 1), STOP_ON_FAILURE): Text of object 'Object Repository/Final Object Repo/WorkFlow Listing Page/Workflow Found - Listing 1' is: 'JOHORro3'

2018-12-06 10:05:26 - [MESSAGE][PASSED] - Text of object 'Object Repository/Final Object Repo/WorkFlow Listing Page/Workflow Found - Listing 1' is: 'JOHORro3'

2018-12-06 10:05:26 - [TEST_STEP][PASSED] - Statement - OwnerID = OwnerID.toLowerCase() + "@gmail.com": null

2018-12-06 10:05:26 - [TEST_STEP][PASSED] - Statement - println(OwnerID): null

2018-12-06 10:05:26 - [TEST_STEP][PASSED] - delay: Delayed 2 second(s)

2018-12-06 10:05:28 - [MESSAGE][PASSED] - Delayed 2 second(s)

2018-12-06 10:05:28 - [MESSAGE][PASSED] - Call Test Case 'Test Cases/Final Aug 2018 - PKS Automation/Common/Workflow Owner Finder' successfully

2018-12-06 10:05:28 - [TEST_STEP][PASSED] - delay: Delayed 2 second(s)

2018-12-06 10:05:30 - [MESSAGE][PASSED] - Delayed 2 second(s)

2018-12-06 10:05:30 - [TEST_STEP][PASSED] - navigateToUrl: Navigate to 'https://assist2-uat.perkeso.gov.my/c/portal/logout' successfully

2018-12-06 10:05:30 - [MESSAGE][PASSED] - Navigate to 'https://assist2-uat.perkeso.gov.my/c/portal/logout' successfully

2018-12-06 10:05:30 - [TEST_STEP][PASSED] - delay: Delayed 2 second(s)

2018-12-06 10:05:32 - [MESSAGE][PASSED] - Delayed 2 second(s)

2018-12-06 10:05:32 - [TEST_STEP][PASSED] - callTestCase: Call Test Case 'Test Cases/Final Aug 2018 - PKS Automation/Registration Module/Workflow/Login and Search Case For Workflow' successfully

2018-12-06 10:05:32 - [TEST_CASE][PASSED] - Test Cases/Final Aug 2018 - PKS Automation/Registration Module/Workflow/Login and Search Case For Workflow: Test Cases/Final Aug 2018 - PKS Automation/Registration Module/Workflow/Login and Search Case For Workflow

2018-12-06 10:05:33 - [TEST_STEP][PASSED] - navigateToUrl: Navigate to 'https://assist2-uat.perkeso.gov.my/login' successfully

2018-12-06 10:05:33 - [MESSAGE][PASSED] - Navigate to 'https://assist2-uat.perkeso.gov.my/login' successfully

2018-12-06 10:05:33 - [TEST_STEP][PASSED] - setText: Text 'johorro3@gmail.com' is set on object 'Object Repository/Final Object Repo/Login Page/Internal User/Email Address'

2018-12-06 10:05:33 - [MESSAGE][PASSED] - Text 'johorro3@gmail.com' is set on object 'Object Repository/Final Object Repo/Login Page/Internal User/Email Address'

2018-12-06 10:05:33 - [TEST_STEP][PASSED] - click: Object: 'Object Repository/Final Object Repo/Login Page/Internal User/Next Button' is clicked on

2018-12-06 10:05:33 - [MESSAGE][PASSED] - Object: 'Object Repository/Final Object Repo/Login Page/Internal User/Next Button' is clicked on

2018-12-06 10:05:33 - [TEST_STEP][PASSED] - delay: Delayed 1 second(s)

2018-12-06 10:05:34 - [MESSAGE][PASSED] - Delayed 1 second(s)

2018-12-06 10:05:34 - [TEST_STEP][PASSED] - setEncryptedText: Text ****** has been set on object 'Object Repository/Final Object Repo/Login Page/Internal User/Password'

2018-12-06 10:05:35 - [MESSAGE][PASSED] - Text ****** has been set on object 'Object Repository/Final Object Repo/Login Page/Internal User/Password'

2018-12-06 10:05:35 - [TEST_STEP][PASSED] - click: Object: 'Object Repository/Final Object Repo/Login Page/Internal User/Login Button' is clicked on

2018-12-06 10:05:35 - [MESSAGE][PASSED] - Object: 'Object Repository/Final Object Repo/Login Page/Internal User/Login Button' is clicked on

2018-12-06 10:05:35 - [TEST_STEP][PASSED] - delay: Delayed 2 second(s)

2018-12-06 10:05:37 - [MESSAGE][PASSED] - Delayed 2 second(s)

2018-12-06 10:05:37 - [TEST_STEP][PASSED] - Statement - Try: Delayed 2 second(s)

2018-12-06 10:05:37 - [TEST_STEP][PASSED] - Statement - Checker = false: null

2018-12-06 10:05:37 - [TEST_STEP][PASSED] - Statement - Checker = com.kms.katalon.core.webui.keyword.WebUiBuiltInKeywords.verifyElementHasAttribute(com.kms.katalon.core.testobject.ObjectRepository.findTestObject(Final Object Repo/Landing Page/BM Detecting), "href", 20, OPTIONAL): Object 'Object Repository/Final Object Repo/Landing Page/BM Detecting' has attribute 'href'

2018-12-06 10:05:37 - [MESSAGE][PASSED] - Object 'Object Repository/Final Object Repo/Landing Page/BM Detecting' has attribute 'href'

2018-12-06 10:05:37 - [TEST_STEP][PASSED] - Statement - out.println(Checker): null

2018-12-06 10:05:37 - [TEST_STEP][PASSED] - Statement - If (Checker == false): null

2018-12-06 10:05:37 - [TEST_STEP][PASSED] - Statement - Else: null

2018-12-06 10:05:37 - [TEST_STEP][PASSED] - delay: Delayed 2 second(s)

2018-12-06 10:05:39 - [MESSAGE][PASSED] - Delayed 2 second(s)

2018-12-06 10:05:39 - [TEST_STEP][PASSED] - click: Object: 'Object Repository/Final Object Repo/Page_MyASSIST - ASSIST - Search Pending Case For Add Supporting Document/Search Information' is clicked on

2018-12-06 10:05:39 - [MESSAGE][PASSED] - Object: 'Object Repository/Final Object Repo/Page_MyASSIST - ASSIST - Search Pending Case For Add Supporting Document/Search Information' is clicked on

2018-12-06 10:05:39 - [TEST_STEP][PASSED] - delay: Delayed 3 second(s)

2018-12-06 10:05:42 - [MESSAGE][PASSED] - Delayed 3 second(s)

2018-12-06 10:05:42 - [TEST_STEP][PASSED] - sendKeys: Keys 'SSN12201800001175' sent to object: 'Object Repository/Final Object Repo/Page_MyASSIST - ASSIST - Search Pending Case For Add Supporting Document/Reference No'

2018-12-06 10:05:42 - [MESSAGE][PASSED] - Keys 'SSN12201800001175' sent to object: 'Object Repository/Final Object Repo/Page_MyASSIST - ASSIST - Search Pending Case For Add Supporting Document/Reference No'

2018-12-06 10:05:42 - [TEST_STEP][PASSED] - click: Object: 'Object Repository/Final Object Repo/Page_MyASSIST - ASSIST - Search Pending Case For Add Supporting Document/Search Reference No' is clicked on

2018-12-06 10:05:43 - [MESSAGE][PASSED] - Object: 'Object Repository/Final Object Repo/Page_MyASSIST - ASSIST - Search Pending Case For Add Supporting Document/Search Reference No' is clicked on

2018-12-06 10:05:43 - [TEST_STEP][PASSED] - delay: Delayed 2 second(s)

2018-12-06 10:05:45 - [MESSAGE][PASSED] - Delayed 2 second(s)

2018-12-06 10:05:45 - [TEST_STEP][PASSED] - click: Object: 'Object Repository/Final Object Repo/Page_MyASSIST - ASSIST - Search Pending Case For Add Supporting Document/Continue' is clicked on

2018-12-06 10:05:51 - [MESSAGE][PASSED] - Object: 'Object Repository/Final Object Repo/Page_MyASSIST - ASSIST - Search Pending Case For Add Supporting Document/Continue' is clicked on

2018-12-06 10:05:51 - [TEST_STEP][PASSED] - delay: Delayed 20 second(s)

2018-12-06 10:06:11 - [MESSAGE][PASSED] - Delayed 20 second(s)

2018-12-06 10:06:11 - [MESSAGE][PASSED] - Call Test Case 'Test Cases/Final Aug 2018 - PKS Automation/Registration Module/Workflow/Login and Search Case For Workflow' successfully

2018-12-06 10:06:11 - [TEST_STEP][PASSED] - callTestCase: Call Test Case 'Test Cases/Final Aug 2018 - PKS Automation/Registration Module/Workflow/Request SSN/Template/Request SSN - RO (Under enforcement)' successfully

2018-12-06 10:06:11 - [TEST_CASE][PASSED] - Test Cases/Final Aug 2018 - PKS Automation/Registration Module/Workflow/Request SSN/Template/Request SSN - RO (Under enforcement): Test Cases/Final Aug 2018 - PKS Automation/Registration Module/Workflow/Request SSN/Template/Request SSN - RO (Under enforcement)

2018-12-06 10:06:12 - [TEST_STEP][NOT_RUN] - openBrowser: NOT_RUN: openBrowser

2018-12-06 10:06:12 - [MESSAGE][NOT_RUN] - NOT_RUN: openBrowser

2018-12-06 10:06:12 - [TEST_STEP][NOT_RUN] - navigateToUrl: NOT_RUN: navigateToUrl

2018-12-06 10:06:12 - [MESSAGE][NOT_RUN] - NOT_RUN: navigateToUrl

2018-12-06 10:06:12 - [TEST_STEP][NOT_RUN] - setText: NOT_RUN: setText

2018-12-06 10:06:12 - [MESSAGE][NOT_RUN] - NOT_RUN: setText

2018-12-06 10:06:12 - [TEST_STEP][NOT_RUN] - click: NOT_RUN: click

2018-12-06 10:06:12 - [MESSAGE][NOT_RUN] - NOT_RUN: click

2018-12-06 10:06:12 - [TEST_STEP][NOT_RUN] - delay: NOT_RUN: delay

2018-12-06 10:06:12 - [MESSAGE][NOT_RUN] - NOT_RUN: delay

2018-12-06 10:06:12 - [TEST_STEP][NOT_RUN] - setEncryptedText: NOT_RUN: setEncryptedText

2018-12-06 10:06:12 - [MESSAGE][NOT_RUN] - NOT_RUN: setEncryptedText

2018-12-06 10:06:12 - [TEST_STEP][NOT_RUN] - click: NOT_RUN: click

2018-12-06 10:06:12 - [MESSAGE][NOT_RUN] - NOT_RUN: click

2018-12-06 10:06:12 - [TEST_STEP][NOT_RUN] - delay: NOT_RUN: delay

2018-12-06 10:06:12 - [MESSAGE][NOT_RUN] - NOT_RUN: delay

2018-12-06 10:06:12 - [TEST_STEP][NOT_RUN] - click: NOT_RUN: click

2018-12-06 10:06:12 - [MESSAGE][NOT_RUN] - NOT_RUN: click

2018-12-06 10:06:12 - [TEST_STEP][NOT_RUN] - delay: NOT_RUN: delay

2018-12-06 10:06:12 - [MESSAGE][NOT_RUN] - NOT_RUN: delay

2018-12-06 10:06:12 - [TEST_STEP][NOT_RUN] - sendKeys: NOT_RUN: sendKeys

2018-12-06 10:06:12 - [MESSAGE][NOT_RUN] - NOT_RUN: sendKeys

2018-12-06 10:06:12 - [TEST_STEP][NOT_RUN] - click: NOT_RUN: click

2018-12-06 10:06:12 - [MESSAGE][NOT_RUN] - NOT_RUN: click

2018-12-06 10:06:12 - [TEST_STEP][NOT_RUN] - delay: NOT_RUN: delay

2018-12-06 10:06:12 - [MESSAGE][NOT_RUN] - NOT_RUN: delay

2018-12-06 10:06:12 - [TEST_STEP][NOT_RUN] - click: NOT_RUN: click

2018-12-06 10:06:12 - [MESSAGE][NOT_RUN] - NOT_RUN: click

2018-12-06 10:06:12 - [TEST_STEP][PASSED] - click: Object: 'Object Repository/Final Object Repo/Page_Request SSN - ASSIST/Page_Request SSN - ASSIST - RO/Approval For SSN' is clicked on

2018-12-06 10:06:12 - [MESSAGE][PASSED] - Object: 'Object Repository/Final Object Repo/Page_Request SSN - ASSIST/Page_Request SSN - ASSIST - RO/Approval For SSN' is clicked on

2018-12-06 10:06:12 - [TEST_STEP][PASSED] - click: Object: 'Object Repository/Final Object Repo/Page_Request SSN - ASSIST/Page_Request SSN - ASSIST - RO/Approval For SSN - Approve' is clicked on

2018-12-06 10:06:12 - [MESSAGE][PASSED] - Object: 'Object Repository/Final Object Repo/Page_Request SSN - ASSIST/Page_Request SSN - ASSIST - RO/Approval For SSN - Approve' is clicked on

2018-12-06 10:06:12 - [TEST_STEP][PASSED] - delay: Delayed 2 second(s)

2018-12-06 10:06:14 - [MESSAGE][PASSED] - Delayed 2 second(s)

2018-12-06 10:06:14 - [TEST_STEP][PASSED] - click: Object: 'Object Repository/Final Object Repo/Page_Request SSN - ASSIST/Page_Request SSN - ASSIST - RO/Save  Continue in SSN Page' is clicked on

2018-12-06 10:06:14 - [MESSAGE][PASSED] - Object: 'Object Repository/Final Object Repo/Page_Request SSN - ASSIST/Page_Request SSN - ASSIST - RO/Save  Continue in SSN Page' is clicked on

2018-12-06 10:06:14 - [TEST_STEP][PASSED] - delay: Delayed 2 second(s)

2018-12-06 10:06:16 - [MESSAGE][PASSED] - Delayed 2 second(s)

2018-12-06 10:06:16 - [TEST_STEP][PASSED] - click: Object: 'Object Repository/Final Object Repo/Page_Request SSN - ASSIST/Page_Request SSN - ASSIST - RO/Save  Continue in Uploading Document Page' is clicked on

2018-12-06 10:06:19 - [MESSAGE][PASSED] - Object: 'Object Repository/Final Object Repo/Page_Request SSN - ASSIST/Page_Request SSN - ASSIST - RO/Save  Continue in Uploading Document Page' is clicked on

2018-12-06 10:06:19 - [TEST_STEP][PASSED] - delay: Delayed 2 second(s)

2018-12-06 10:06:21 - [MESSAGE][PASSED] - Delayed 2 second(s)

2018-12-06 10:06:21 - [TEST_STEP][PASSED] - click: Object: 'Object Repository/Final Object Repo/Page_Request SSN - ASSIST/Page_Request SSN - ASSIST - RO/Page_Request SSN - ASSIST (Under enforcement)/Under Enforcement' is clicked on

2018-12-06 10:06:23 - [MESSAGE][PASSED] - Object: 'Object Repository/Final Object Repo/Page_Request SSN - ASSIST/Page_Request SSN - ASSIST - RO/Page_Request SSN - ASSIST (Under enforcement)/Under Enforcement' is clicked on

2018-12-06 10:06:23 - [TEST_STEP][PASSED] - delay: Delayed 2 second(s)

2018-12-06 10:06:25 - [MESSAGE][PASSED] - Delayed 2 second(s)

2018-12-06 10:06:25 - [TEST_STEP][PASSED] - sendKeys: Keys 'Remark' sent to object: 'Object Repository/Final Object Repo/Page_Request SSN - ASSIST/Page_Request SSN - ASSIST - RO/Page_Request SSN - ASSIST (Under enforcement)/Under Endorcement - Remark'

2018-12-06 10:06:26 - [MESSAGE][PASSED] - Keys 'Remark' sent to object: 'Object Repository/Final Object Repo/Page_Request SSN - ASSIST/Page_Request SSN - ASSIST - RO/Page_Request SSN - ASSIST (Under enforcement)/Under Endorcement - Remark'

2018-12-06 10:06:26 - [TEST_STEP][PASSED] - delay: Delayed 2 second(s)

2018-12-06 10:06:28 - [MESSAGE][PASSED] - Delayed 2 second(s)

2018-12-06 10:06:28 - [TEST_STEP][PASSED] - click: Object: 'Object Repository/Final Object Repo/Page_Request SSN - ASSIST/Page_Request SSN - ASSIST - RO/Page_Request SSN - ASSIST (Under enforcement)/Save  Continue in Under Enforcement Page' is clicked on

2018-12-06 10:06:28 - [MESSAGE][PASSED] - Object: 'Object Repository/Final Object Repo/Page_Request SSN - ASSIST/Page_Request SSN - ASSIST - RO/Page_Request SSN - ASSIST (Under enforcement)/Save  Continue in Under Enforcement Page' is clicked on

2018-12-06 10:06:28 - [TEST_STEP][PASSED] - delay: Delayed 2 second(s)

2018-12-06 10:06:30 - [MESSAGE][PASSED] - Delayed 2 second(s)

2018-12-06 10:06:30 - [TEST_STEP][PASSED] - verifyElementVisible: Object 'Object Repository/Final Object Repo/Page_Request SSN - ASSIST/Page_Request SSN - ASSIST - RO/Page_Request SSN - ASSIST (Under enforcement)/Message The case is under enforceme' is visible

2018-12-06 10:06:33 - [MESSAGE][PASSED] - Object 'Object Repository/Final Object Repo/Page_Request SSN - ASSIST/Page_Request SSN - ASSIST - RO/Page_Request SSN - ASSIST (Under enforcement)/Message The case is under enforceme' is visible

2018-12-06 10:06:33 - [TEST_STEP][PASSED] - delay: Delayed 2 second(s)

2018-12-06 10:06:35 - [MESSAGE][PASSED] - Delayed 2 second(s)

2018-12-06 10:06:35 - [TEST_STEP][PASSED] - click: Object: 'Object Repository/Final Object Repo/Page_Request SSN - ASSIST/Page_Request SSN - ASSIST - RO/Page_Request SSN - ASSIST (Under enforcement)/OK' is clicked on

2018-12-06 10:06:36 - [MESSAGE][PASSED] - Object: 'Object Repository/Final Object Repo/Page_Request SSN - ASSIST/Page_Request SSN - ASSIST - RO/Page_Request SSN - ASSIST (Under enforcement)/OK' is clicked on

2018-12-06 10:06:36 - [MESSAGE][PASSED] - Call Test Case 'Test Cases/Final Aug 2018 - PKS Automation/Registration Module/Workflow/Request SSN/Template/Request SSN - RO (Under enforcement)' successfully

2018-12-06 10:06:36 - [MESSAGE][PASSED] - Call Test Case 'Test Cases/Final Aug 2018 - PKS Automation/Registration Module/Workflow/Request SSN/Template/Request SSN RIO - RO (Under Enforcement)' successfully]]></system-out>
         <system-err><![CDATA[]]></system-err>
      </testcase>
      <testcase name="Test Cases/Final Aug 2018 - PKS Automation/Registration Module/Workflow/Request SSN/PKRBO - RIO - RO (Approve)" classname="Test Cases/Final Aug 2018 - PKS Automation/Registration Module/Workflow/Request SSN/PKRBO - RIO - RO (Approve)" status="PASSED">
         <system-out><![CDATA[2018-12-06 10:06:36 - [TEST_CASE][PASSED] - Test Cases/Final Aug 2018 - PKS Automation/Registration Module/Workflow/Request SSN/PKRBO - RIO - RO (Approve): Test Cases/Final Aug 2018 - PKS Automation/Registration Module/Workflow/Request SSN/PKRBO - RIO - RO (Approve)

2018-12-06 10:06:37 - [TEST_STEP][PASSED] - callTestCase: Call Test Case 'Test Cases/Final Aug 2018 - PKS Automation/Registration Module/Workflow/Request SSN/Template/Request SSN - PKRBO' successfully

2018-12-06 10:06:37 - [TEST_CASE][PASSED] - Test Cases/Final Aug 2018 - PKS Automation/Registration Module/Workflow/Request SSN/Template/Request SSN - PKRBO: Test Cases/Final Aug 2018 - PKS Automation/Registration Module/Workflow/Request SSN/Template/Request SSN - PKRBO

2018-12-06 10:06:37 - [TEST_STEP][PASSED] - openBrowser: Browser is opened with url: ''

2018-12-06 10:06:37 - [MESSAGE][WARNING] - A browser is already opened. Closing browser and opening a new one

2018-12-06 10:06:40 - [MESSAGE][PASSED] - Browser is opened with url: ''

2018-12-06 10:06:40 - [TEST_STEP][PASSED] - navigateToUrl: Navigate to 'https://assist2-uat.perkeso.gov.my/login' successfully

2018-12-06 10:06:41 - [MESSAGE][PASSED] - Navigate to 'https://assist2-uat.perkeso.gov.my/login' successfully

2018-12-06 10:06:41 - [TEST_STEP][PASSED] - setText: Text 'johorpkrbo1@gmail.com' is set on object 'Object Repository/Final Object Repo/Login Page/Internal User/Email Address'

2018-12-06 10:06:42 - [MESSAGE][PASSED] - Text 'johorpkrbo1@gmail.com' is set on object 'Object Repository/Final Object Repo/Login Page/Internal User/Email Address'

2018-12-06 10:06:42 - [TEST_STEP][PASSED] - click: Object: 'Object Repository/Final Object Repo/Login Page/Internal User/Next Button' is clicked on

2018-12-06 10:06:42 - [MESSAGE][PASSED] - Object: 'Object Repository/Final Object Repo/Login Page/Internal User/Next Button' is clicked on

2018-12-06 10:06:42 - [TEST_STEP][PASSED] - delay: Delayed 1 second(s)

2018-12-06 10:06:43 - [MESSAGE][PASSED] - Delayed 1 second(s)

2018-12-06 10:06:43 - [TEST_STEP][PASSED] - setEncryptedText: Text ****** has been set on object 'Object Repository/Final Object Repo/Login Page/Internal User/Password'

2018-12-06 10:06:43 - [MESSAGE][PASSED] - Text ****** has been set on object 'Object Repository/Final Object Repo/Login Page/Internal User/Password'

2018-12-06 10:06:43 - [TEST_STEP][PASSED] - click: Object: 'Object Repository/Final Object Repo/Login Page/Internal User/Login Button' is clicked on

2018-12-06 10:06:43 - [MESSAGE][PASSED] - Object: 'Object Repository/Final Object Repo/Login Page/Internal User/Login Button' is clicked on

2018-12-06 10:06:43 - [TEST_STEP][PASSED] - Statement - Try: null

2018-12-06 10:06:43 - [TEST_STEP][PASSED] - Statement - Checker = com.kms.katalon.core.webui.keyword.WebUiBuiltInKeywords.verifyElementNotPresent("Final Object Repo/Landing Page/Select to English", 3): null

2018-12-06 10:06:43 - [TEST_STEP][PASSED] - Statement - Catch (Exception e): null

2018-12-06 10:06:43 - [TEST_STEP][PASSED] - Statement - e.printStackTrace(): null

2018-12-06 10:06:43 - [TEST_STEP][PASSED] - delay: Delayed 5 second(s)

2018-12-06 10:06:48 - [MESSAGE][PASSED] - Delayed 5 second(s)

2018-12-06 10:06:48 - [TEST_STEP][PASSED] - delay: Delayed 1 second(s)

2018-12-06 10:06:49 - [MESSAGE][PASSED] - Delayed 1 second(s)

2018-12-06 10:06:49 - [TEST_STEP][PASSED] - navigateToUrl: Navigate to 'https://assist2-uat.perkeso.gov.my/web/registration/request-ssn' successfully

2018-12-06 10:06:53 - [MESSAGE][PASSED] - Navigate to 'https://assist2-uat.perkeso.gov.my/web/registration/request-ssn' successfully

2018-12-06 10:06:53 - [TEST_STEP][PASSED] - setText: Text 'perkeso' is set on object 'Object Repository/Final Object Repo/Page_Request SSN - ASSIST/AI - Name'

2018-12-06 10:06:54 - [MESSAGE][PASSED] - Text 'perkeso' is set on object 'Object Repository/Final Object Repo/Page_Request SSN - ASSIST/AI - Name'

2018-12-06 10:06:54 - [TEST_STEP][PASSED] - click: Object: 'Object Repository/Final Object Repo/Page_Request SSN - ASSIST/AI - DOB' is clicked on

2018-12-06 10:06:55 - [MESSAGE][PASSED] - Object: 'Object Repository/Final Object Repo/Page_Request SSN - ASSIST/AI - DOB' is clicked on

2018-12-06 10:06:55 - [TEST_STEP][PASSED] - selectOptionByValue: All options with value '1995' are selected in object 'Object Repository/Final Object Repo/Page_Request SSN - ASSIST/AI - DOB - Year' 

2018-12-06 10:06:55 - [MESSAGE][PASSED] - All options with value '1995' are selected in object 'Object Repository/Final Object Repo/Page_Request SSN - ASSIST/AI - DOB - Year' 

2018-12-06 10:06:55 - [TEST_STEP][PASSED] - delay: Delayed 3 second(s)

2018-12-06 10:06:58 - [MESSAGE][PASSED] - Delayed 3 second(s)

2018-12-06 10:06:58 - [TEST_STEP][PASSED] - doubleClick: Object: 'Object Repository/Final Object Repo/Page_Request SSN - ASSIST/AI - DOB - Year - Date' is double clicked on

2018-12-06 10:06:58 - [MESSAGE][PASSED] - Object: 'Object Repository/Final Object Repo/Page_Request SSN - ASSIST/AI - DOB - Year - Date' is double clicked on

2018-12-06 10:06:58 - [TEST_STEP][PASSED] - click: Object: 'Object Repository/Final Object Repo/Page_Request SSN - ASSIST/AI - Male' is clicked on

2018-12-06 10:06:58 - [MESSAGE][PASSED] - Object: 'Object Repository/Final Object Repo/Page_Request SSN - ASSIST/AI - Male' is clicked on

2018-12-06 10:06:58 - [TEST_STEP][PASSED] - click: Object: 'Object Repository/Final Object Repo/Page_Request SSN - ASSIST/AI- Race' is clicked on

2018-12-06 10:06:58 - [MESSAGE][PASSED] - Object: 'Object Repository/Final Object Repo/Page_Request SSN - ASSIST/AI- Race' is clicked on

2018-12-06 10:06:58 - [TEST_STEP][PASSED] - click: Object: 'Object Repository/Final Object Repo/Page_Request SSN - ASSIST/AI - Race - Melayu' is clicked on

2018-12-06 10:06:59 - [MESSAGE][PASSED] - Object: 'Object Repository/Final Object Repo/Page_Request SSN - ASSIST/AI - Race - Melayu' is clicked on

2018-12-06 10:06:59 - [TEST_STEP][PASSED] - click: Object: 'Object Repository/Final Object Repo/Page_Request SSN - ASSIST/AI - Religion' is clicked on

2018-12-06 10:06:59 - [MESSAGE][PASSED] - Object: 'Object Repository/Final Object Repo/Page_Request SSN - ASSIST/AI - Religion' is clicked on

2018-12-06 10:06:59 - [TEST_STEP][PASSED] - click: Object: 'Object Repository/Final Object Repo/Page_Request SSN - ASSIST/AI - Religion - Islam' is clicked on

2018-12-06 10:06:59 - [MESSAGE][PASSED] - Object: 'Object Repository/Final Object Repo/Page_Request SSN - ASSIST/AI - Religion - Islam' is clicked on

2018-12-06 10:06:59 - [TEST_STEP][PASSED] - setText: Text '12345' is set on object 'Object Repository/Final Object Repo/Page_Request SSN - ASSIST/AI - Birth Certificate'

2018-12-06 10:07:00 - [MESSAGE][PASSED] - Text '12345' is set on object 'Object Repository/Final Object Repo/Page_Request SSN - ASSIST/AI - Birth Certificate'

2018-12-06 10:07:00 - [TEST_STEP][PASSED] - click: Object: 'Object Repository/Final Object Repo/Page_Request SSN - ASSIST/AI - Nationality' is clicked on

2018-12-06 10:07:00 - [MESSAGE][PASSED] - Object: 'Object Repository/Final Object Repo/Page_Request SSN - ASSIST/AI - Nationality' is clicked on

2018-12-06 10:07:00 - [TEST_STEP][PASSED] - click: Object: 'Object Repository/Final Object Repo/Page_Request SSN - ASSIST/AI - Nationality - Afghanistan' is clicked on

2018-12-06 10:07:00 - [MESSAGE][PASSED] - Object: 'Object Repository/Final Object Repo/Page_Request SSN - ASSIST/AI - Nationality - Afghanistan' is clicked on

2018-12-06 10:07:00 - [TEST_STEP][PASSED] - setText: Text 'PERKESO ADDRESS1' is set on object 'Object Repository/Final Object Repo/Page_Request SSN - ASSIST/AI - Address1'

2018-12-06 10:07:01 - [MESSAGE][PASSED] - Text 'PERKESO ADDRESS1' is set on object 'Object Repository/Final Object Repo/Page_Request SSN - ASSIST/AI - Address1'

2018-12-06 10:07:01 - [TEST_STEP][PASSED] - setText: Text 'PERKESO ADDRESS2' is set on object 'Object Repository/Final Object Repo/Page_Request SSN - ASSIST/AI - Address2'

2018-12-06 10:07:03 - [MESSAGE][PASSED] - Text 'PERKESO ADDRESS2' is set on object 'Object Repository/Final Object Repo/Page_Request SSN - ASSIST/AI - Address2'

2018-12-06 10:07:03 - [TEST_STEP][PASSED] - setText: Text 'PERKESO ADDRESS3' is set on object 'Object Repository/Final Object Repo/Page_Request SSN - ASSIST/AI - Address3'

2018-12-06 10:07:04 - [MESSAGE][PASSED] - Text 'PERKESO ADDRESS3' is set on object 'Object Repository/Final Object Repo/Page_Request SSN - ASSIST/AI - Address3'

2018-12-06 10:07:04 - [TEST_STEP][PASSED] - click: Object: 'Object Repository/Final Object Repo/Page_Request SSN - ASSIST/AI - State' is clicked on

2018-12-06 10:07:04 - [MESSAGE][PASSED] - Object: 'Object Repository/Final Object Repo/Page_Request SSN - ASSIST/AI - State' is clicked on

2018-12-06 10:07:04 - [TEST_STEP][PASSED] - click: Object: 'Object Repository/Final Object Repo/Page_Request SSN - ASSIST/AI - Current Employer State - Johor' is clicked on

2018-12-06 10:07:05 - [MESSAGE][PASSED] - Object: 'Object Repository/Final Object Repo/Page_Request SSN - ASSIST/AI - Current Employer State - Johor' is clicked on

2018-12-06 10:07:05 - [TEST_STEP][PASSED] - click: Object: 'Object Repository/Final Object Repo/Page_Request SSN - ASSIST/AI - City' is clicked on

2018-12-06 10:07:05 - [MESSAGE][PASSED] - Object: 'Object Repository/Final Object Repo/Page_Request SSN - ASSIST/AI - City' is clicked on

2018-12-06 10:07:05 - [TEST_STEP][PASSED] - setText: Text 'JOH' is set on object 'Object Repository/Final Object Repo/Page_Request SSN - ASSIST/AI - City - JOH'

2018-12-06 10:07:05 - [MESSAGE][PASSED] - Text 'JOH' is set on object 'Object Repository/Final Object Repo/Page_Request SSN - ASSIST/AI - City - JOH'

2018-12-06 10:07:05 - [TEST_STEP][PASSED] - delay: Delayed 3 second(s)

2018-12-06 10:07:08 - [MESSAGE][PASSED] - Delayed 3 second(s)

2018-12-06 10:07:08 - [TEST_STEP][PASSED] - click: Object: 'Object Repository/Final Object Repo/Page_Request SSN - ASSIST/AI - City - Johor Bharu' is clicked on

2018-12-06 10:07:08 - [MESSAGE][PASSED] - Object: 'Object Repository/Final Object Repo/Page_Request SSN - ASSIST/AI - City - Johor Bharu' is clicked on

2018-12-06 10:07:08 - [TEST_STEP][PASSED] - click: Object: 'Object Repository/Final Object Repo/Page_Request SSN - ASSIST/AI - Post Code' is clicked on

2018-12-06 10:07:09 - [MESSAGE][PASSED] - Object: 'Object Repository/Final Object Repo/Page_Request SSN - ASSIST/AI - Post Code' is clicked on

2018-12-06 10:07:09 - [TEST_STEP][PASSED] - setText: Text '810' is set on object 'Object Repository/Final Object Repo/Page_Request SSN - ASSIST/AI - City - JOH'

2018-12-06 10:07:09 - [MESSAGE][PASSED] - Text '810' is set on object 'Object Repository/Final Object Repo/Page_Request SSN - ASSIST/AI - City - JOH'

2018-12-06 10:07:09 - [TEST_STEP][PASSED] - delay: Delayed 3 second(s)

2018-12-06 10:07:12 - [MESSAGE][PASSED] - Delayed 3 second(s)

2018-12-06 10:07:12 - [TEST_STEP][PASSED] - click: Object: 'Object Repository/Final Object Repo/Page_Request SSN - ASSIST/AI - PostCode - 81000' is clicked on

2018-12-06 10:07:13 - [MESSAGE][PASSED] - Object: 'Object Repository/Final Object Repo/Page_Request SSN - ASSIST/AI - PostCode - 81000' is clicked on

2018-12-06 10:07:13 - [TEST_STEP][PASSED] - setText: Text '100' is set on object 'Object Repository/Final Object Repo/Page_Request SSN - ASSIST/P.O.BOX'

2018-12-06 10:07:13 - [MESSAGE][PASSED] - Text '100' is set on object 'Object Repository/Final Object Repo/Page_Request SSN - ASSIST/P.O.BOX'

2018-12-06 10:07:13 - [TEST_STEP][PASSED] - setText: Text '100' is set on object 'Object Repository/Final Object Repo/Page_Request SSN - ASSIST/Locked Bag No'

2018-12-06 10:07:14 - [MESSAGE][PASSED] - Text '100' is set on object 'Object Repository/Final Object Repo/Page_Request SSN - ASSIST/Locked Bag No'

2018-12-06 10:07:14 - [TEST_STEP][PASSED] - delay: Delayed 2 second(s)

2018-12-06 10:07:16 - [MESSAGE][PASSED] - Delayed 2 second(s)

2018-12-06 10:07:16 - [TEST_STEP][PASSED] - setText: Text '123456789' is set on object 'Object Repository/Final Object Repo/Page_Request SSN - ASSIST/AI - Telephone No'

2018-12-06 10:07:17 - [MESSAGE][PASSED] - Text '123456789' is set on object 'Object Repository/Final Object Repo/Page_Request SSN - ASSIST/AI - Telephone No'

2018-12-06 10:07:17 - [TEST_STEP][PASSED] - click: Object: 'Object Repository/Final Object Repo/Page_Request SSN - ASSIST/AI - Occupation' is clicked on

2018-12-06 10:07:17 - [MESSAGE][PASSED] - Object: 'Object Repository/Final Object Repo/Page_Request SSN - ASSIST/AI - Occupation' is clicked on

2018-12-06 10:07:17 - [TEST_STEP][PASSED] - click: Object: 'Object Repository/Final Object Repo/Page_Request SSN - ASSIST/AI - Occupation - NUMERICAL AND MATERIAL R' is clicked on

2018-12-06 10:07:17 - [MESSAGE][PASSED] - Object: 'Object Repository/Final Object Repo/Page_Request SSN - ASSIST/AI - Occupation - NUMERICAL AND MATERIAL R' is clicked on

2018-12-06 10:07:17 - [TEST_STEP][PASSED] - delay: Delayed 2 second(s)

2018-12-06 10:07:19 - [MESSAGE][PASSED] - Delayed 2 second(s)

2018-12-06 10:07:19 - [TEST_STEP][PASSED] - click: Object: 'Object Repository/Final Object Repo/Page_Request SSN - ASSIST/AI - Sub Occupation' is clicked on

2018-12-06 10:07:19 - [MESSAGE][PASSED] - Object: 'Object Repository/Final Object Repo/Page_Request SSN - ASSIST/AI - Sub Occupation' is clicked on

2018-12-06 10:07:19 - [TEST_STEP][PASSED] - click: Object: 'Object Repository/Final Object Repo/Page_Request SSN - ASSIST/AI - Sub Occupation - Stock Clerks' is clicked on

2018-12-06 10:07:20 - [MESSAGE][PASSED] - Object: 'Object Repository/Final Object Repo/Page_Request SSN - ASSIST/AI - Sub Occupation - Stock Clerks' is clicked on

2018-12-06 10:07:20 - [TEST_STEP][PASSED] - delay: Delayed 2 second(s)

2018-12-06 10:07:22 - [MESSAGE][PASSED] - Delayed 2 second(s)

2018-12-06 10:07:22 - [TEST_STEP][PASSED] - click: Object: 'Object Repository/Final Object Repo/Page_Request SSN - ASSIST/AI - Sub Occupation List' is clicked on

2018-12-06 10:07:22 - [MESSAGE][PASSED] - Object: 'Object Repository/Final Object Repo/Page_Request SSN - ASSIST/AI - Sub Occupation List' is clicked on

2018-12-06 10:07:22 - [TEST_STEP][PASSED] - click: Object: 'Object Repository/Final Object Repo/Page_Request SSN - ASSIST/AI - Sub Occupation List - Clerk raw material' is clicked on

2018-12-06 10:07:22 - [MESSAGE][PASSED] - Object: 'Object Repository/Final Object Repo/Page_Request SSN - ASSIST/AI - Sub Occupation List - Clerk raw material' is clicked on

2018-12-06 10:07:22 - [TEST_STEP][PASSED] - click: Object: 'Object Repository/Final Object Repo/Page_Request SSN - ASSIST/AI - Employment Start Date' is clicked on

2018-12-06 10:07:22 - [MESSAGE][PASSED] - Object: 'Object Repository/Final Object Repo/Page_Request SSN - ASSIST/AI - Employment Start Date' is clicked on

2018-12-06 10:07:22 - [TEST_STEP][PASSED] - click: Object: 'Object Repository/Final Object Repo/Page_Request SSN - ASSIST/AI - DOB - Year - Date' is clicked on

2018-12-06 10:07:23 - [MESSAGE][PASSED] - Object: 'Object Repository/Final Object Repo/Page_Request SSN - ASSIST/AI - DOB - Year - Date' is clicked on

2018-12-06 10:07:23 - [TEST_STEP][PASSED] - setText: Text 'perkeso' is set on object 'Object Repository/Final Object Repo/Page_Request SSN - ASSIST/AI - Current Employer Name'

2018-12-06 10:07:23 - [MESSAGE][PASSED] - Text 'perkeso' is set on object 'Object Repository/Final Object Repo/Page_Request SSN - ASSIST/AI - Current Employer Name'

2018-12-06 10:07:23 - [TEST_STEP][PASSED] - setText: Text 'perkeso1' is set on object 'Object Repository/Final Object Repo/Page_Request SSN - ASSIST/AI - Current Employer Address1'

2018-12-06 10:07:24 - [MESSAGE][PASSED] - Text 'perkeso1' is set on object 'Object Repository/Final Object Repo/Page_Request SSN - ASSIST/AI - Current Employer Address1'

2018-12-06 10:07:24 - [TEST_STEP][PASSED] - setText: Text 'perkeso2' is set on object 'Object Repository/Final Object Repo/Page_Request SSN - ASSIST/AI - Current Employer Address2'

2018-12-06 10:07:25 - [MESSAGE][PASSED] - Text 'perkeso2' is set on object 'Object Repository/Final Object Repo/Page_Request SSN - ASSIST/AI - Current Employer Address2'

2018-12-06 10:07:25 - [TEST_STEP][PASSED] - setText: Text 'perkeso3' is set on object 'Object Repository/Final Object Repo/Page_Request SSN - ASSIST/AI - Current Employer Address3'

2018-12-06 10:07:25 - [MESSAGE][PASSED] - Text 'perkeso3' is set on object 'Object Repository/Final Object Repo/Page_Request SSN - ASSIST/AI - Current Employer Address3'

2018-12-06 10:07:25 - [TEST_STEP][PASSED] - click: Object: 'Object Repository/Final Object Repo/Page_Request SSN - ASSIST/AI - Current Employer State' is clicked on

2018-12-06 10:07:26 - [MESSAGE][PASSED] - Object: 'Object Repository/Final Object Repo/Page_Request SSN - ASSIST/AI - Current Employer State' is clicked on

2018-12-06 10:07:26 - [TEST_STEP][PASSED] - click: Object: 'Object Repository/Final Object Repo/Page_Request SSN - ASSIST/AI - Current Employer State - Johor 1' is clicked on

2018-12-06 10:07:26 - [MESSAGE][PASSED] - Object: 'Object Repository/Final Object Repo/Page_Request SSN - ASSIST/AI - Current Employer State - Johor 1' is clicked on

2018-12-06 10:07:26 - [TEST_STEP][PASSED] - click: Object: 'Object Repository/Final Object Repo/Page_Request SSN - ASSIST/AI - Current Employer City' is clicked on

2018-12-06 10:07:26 - [MESSAGE][PASSED] - Object: 'Object Repository/Final Object Repo/Page_Request SSN - ASSIST/AI - Current Employer City' is clicked on

2018-12-06 10:07:26 - [TEST_STEP][PASSED] - setText: Text 'joh' is set on object 'Object Repository/Final Object Repo/Page_Request SSN - ASSIST/AI - City - JOH'

2018-12-06 10:07:27 - [MESSAGE][PASSED] - Text 'joh' is set on object 'Object Repository/Final Object Repo/Page_Request SSN - ASSIST/AI - City - JOH'

2018-12-06 10:07:27 - [TEST_STEP][PASSED] - delay: Delayed 2 second(s)

2018-12-06 10:07:29 - [MESSAGE][PASSED] - Delayed 2 second(s)

2018-12-06 10:07:29 - [TEST_STEP][PASSED] - click: Object: 'Object Repository/Final Object Repo/Page_Request SSN - ASSIST/AI - City - Johor Bharu' is clicked on

2018-12-06 10:07:29 - [MESSAGE][PASSED] - Object: 'Object Repository/Final Object Repo/Page_Request SSN - ASSIST/AI - City - Johor Bharu' is clicked on

2018-12-06 10:07:29 - [TEST_STEP][PASSED] - click: Object: 'Object Repository/Final Object Repo/Page_Request SSN - ASSIST/AI - Current Employer Postcode' is clicked on

2018-12-06 10:07:29 - [MESSAGE][PASSED] - Object: 'Object Repository/Final Object Repo/Page_Request SSN - ASSIST/AI - Current Employer Postcode' is clicked on

2018-12-06 10:07:29 - [TEST_STEP][PASSED] - setText: Text '810' is set on object 'Object Repository/Final Object Repo/Page_Request SSN - ASSIST/AI - City - JOH'

2018-12-06 10:07:30 - [MESSAGE][PASSED] - Text '810' is set on object 'Object Repository/Final Object Repo/Page_Request SSN - ASSIST/AI - City - JOH'

2018-12-06 10:07:30 - [TEST_STEP][PASSED] - delay: Delayed 2 second(s)

2018-12-06 10:07:32 - [MESSAGE][PASSED] - Delayed 2 second(s)

2018-12-06 10:07:32 - [TEST_STEP][PASSED] - click: Object: 'Object Repository/Final Object Repo/Page_Request SSN - ASSIST/AI - PostCode - 81000' is clicked on

2018-12-06 10:07:32 - [MESSAGE][PASSED] - Object: 'Object Repository/Final Object Repo/Page_Request SSN - ASSIST/AI - PostCode - 81000' is clicked on

2018-12-06 10:07:32 - [TEST_STEP][NOT_RUN] - setText: NOT_RUN: setText

2018-12-06 10:07:32 - [MESSAGE][NOT_RUN] - NOT_RUN: setText

2018-12-06 10:07:32 - [TEST_STEP][NOT_RUN] - setText: NOT_RUN: setText

2018-12-06 10:07:32 - [MESSAGE][NOT_RUN] - NOT_RUN: setText

2018-12-06 10:07:32 - [TEST_STEP][NOT_RUN] - click: NOT_RUN: click

2018-12-06 10:07:32 - [MESSAGE][NOT_RUN] - NOT_RUN: click

2018-12-06 10:07:32 - [TEST_STEP][NOT_RUN] - click: NOT_RUN: click

2018-12-06 10:07:32 - [MESSAGE][NOT_RUN] - NOT_RUN: click

2018-12-06 10:07:32 - [TEST_STEP][NOT_RUN] - setText: NOT_RUN: setText

2018-12-06 10:07:32 - [MESSAGE][NOT_RUN] - NOT_RUN: setText

2018-12-06 10:07:32 - [TEST_STEP][NOT_RUN] - click: NOT_RUN: click

2018-12-06 10:07:32 - [MESSAGE][NOT_RUN] - NOT_RUN: click

2018-12-06 10:07:32 - [TEST_STEP][NOT_RUN] - click: NOT_RUN: click

2018-12-06 10:07:32 - [MESSAGE][NOT_RUN] - NOT_RUN: click

2018-12-06 10:07:32 - [TEST_STEP][NOT_RUN] - click: NOT_RUN: click

2018-12-06 10:07:32 - [MESSAGE][NOT_RUN] - NOT_RUN: click

2018-12-06 10:07:32 - [TEST_STEP][NOT_RUN] - click: NOT_RUN: click

2018-12-06 10:07:32 - [MESSAGE][NOT_RUN] - NOT_RUN: click

2018-12-06 10:07:32 - [TEST_STEP][NOT_RUN] - click: NOT_RUN: click

2018-12-06 10:07:32 - [MESSAGE][NOT_RUN] - NOT_RUN: click

2018-12-06 10:07:32 - [TEST_STEP][NOT_RUN] - click: NOT_RUN: click

2018-12-06 10:07:32 - [MESSAGE][NOT_RUN] - NOT_RUN: click

2018-12-06 10:07:32 - [TEST_STEP][NOT_RUN] - setText: NOT_RUN: setText

2018-12-06 10:07:32 - [MESSAGE][NOT_RUN] - NOT_RUN: setText

2018-12-06 10:07:32 - [TEST_STEP][NOT_RUN] - setText: NOT_RUN: setText

2018-12-06 10:07:32 - [MESSAGE][NOT_RUN] - NOT_RUN: setText

2018-12-06 10:07:32 - [TEST_STEP][NOT_RUN] - setText: NOT_RUN: setText

2018-12-06 10:07:32 - [MESSAGE][NOT_RUN] - NOT_RUN: setText

2018-12-06 10:07:32 - [TEST_STEP][NOT_RUN] - click: NOT_RUN: click

2018-12-06 10:07:32 - [MESSAGE][NOT_RUN] - NOT_RUN: click

2018-12-06 10:07:32 - [TEST_STEP][NOT_RUN] - click: NOT_RUN: click

2018-12-06 10:07:32 - [MESSAGE][NOT_RUN] - NOT_RUN: click

2018-12-06 10:07:32 - [TEST_STEP][NOT_RUN] - click: NOT_RUN: click

2018-12-06 10:07:32 - [MESSAGE][NOT_RUN] - NOT_RUN: click

2018-12-06 10:07:32 - [TEST_STEP][NOT_RUN] - setText: NOT_RUN: setText

2018-12-06 10:07:32 - [MESSAGE][NOT_RUN] - NOT_RUN: setText

2018-12-06 10:07:32 - [TEST_STEP][NOT_RUN] - delay: NOT_RUN: delay

2018-12-06 10:07:32 - [MESSAGE][NOT_RUN] - NOT_RUN: delay

2018-12-06 10:07:32 - [TEST_STEP][NOT_RUN] - click: NOT_RUN: click

2018-12-06 10:07:32 - [MESSAGE][NOT_RUN] - NOT_RUN: click

2018-12-06 10:07:32 - [TEST_STEP][NOT_RUN] - click: NOT_RUN: click

2018-12-06 10:07:32 - [MESSAGE][NOT_RUN] - NOT_RUN: click

2018-12-06 10:07:32 - [TEST_STEP][NOT_RUN] - click: NOT_RUN: click

2018-12-06 10:07:32 - [MESSAGE][NOT_RUN] - NOT_RUN: click

2018-12-06 10:07:32 - [TEST_STEP][NOT_RUN] - setText: NOT_RUN: setText

2018-12-06 10:07:32 - [MESSAGE][NOT_RUN] - NOT_RUN: setText

2018-12-06 10:07:32 - [TEST_STEP][NOT_RUN] - delay: NOT_RUN: delay

2018-12-06 10:07:32 - [MESSAGE][NOT_RUN] - NOT_RUN: delay

2018-12-06 10:07:32 - [TEST_STEP][NOT_RUN] - click: NOT_RUN: click

2018-12-06 10:07:32 - [MESSAGE][NOT_RUN] - NOT_RUN: click

2018-12-06 10:07:32 - [TEST_STEP][NOT_RUN] - delay: NOT_RUN: delay

2018-12-06 10:07:32 - [MESSAGE][NOT_RUN] - NOT_RUN: delay

2018-12-06 10:07:32 - [TEST_STEP][NOT_RUN] - setText: NOT_RUN: setText

2018-12-06 10:07:32 - [MESSAGE][NOT_RUN] - NOT_RUN: setText

2018-12-06 10:07:32 - [TEST_STEP][NOT_RUN] - setText: NOT_RUN: setText

2018-12-06 10:07:32 - [MESSAGE][NOT_RUN] - NOT_RUN: setText

2018-12-06 10:07:32 - [TEST_STEP][NOT_RUN] - setText: NOT_RUN: setText

2018-12-06 10:07:32 - [MESSAGE][NOT_RUN] - NOT_RUN: setText

2018-12-06 10:07:32 - [TEST_STEP][NOT_RUN] - click: NOT_RUN: click

2018-12-06 10:07:32 - [MESSAGE][NOT_RUN] - NOT_RUN: click

2018-12-06 10:07:32 - [TEST_STEP][NOT_RUN] - click: NOT_RUN: click

2018-12-06 10:07:32 - [MESSAGE][NOT_RUN] - NOT_RUN: click

2018-12-06 10:07:32 - [TEST_STEP][NOT_RUN] - setText: NOT_RUN: setText

2018-12-06 10:07:32 - [MESSAGE][NOT_RUN] - NOT_RUN: setText

2018-12-06 10:07:32 - [TEST_STEP][NOT_RUN] - click: NOT_RUN: click

2018-12-06 10:07:32 - [MESSAGE][NOT_RUN] - NOT_RUN: click

2018-12-06 10:07:32 - [TEST_STEP][NOT_RUN] - click: NOT_RUN: click

2018-12-06 10:07:32 - [MESSAGE][NOT_RUN] - NOT_RUN: click

2018-12-06 10:07:32 - [TEST_STEP][NOT_RUN] - click: NOT_RUN: click

2018-12-06 10:07:32 - [MESSAGE][NOT_RUN] - NOT_RUN: click

2018-12-06 10:07:32 - [TEST_STEP][NOT_RUN] - click: NOT_RUN: click

2018-12-06 10:07:32 - [MESSAGE][NOT_RUN] - NOT_RUN: click

2018-12-06 10:07:32 - [TEST_STEP][NOT_RUN] - click: NOT_RUN: click

2018-12-06 10:07:32 - [MESSAGE][NOT_RUN] - NOT_RUN: click

2018-12-06 10:07:32 - [TEST_STEP][NOT_RUN] - click: NOT_RUN: click

2018-12-06 10:07:32 - [MESSAGE][NOT_RUN] - NOT_RUN: click

2018-12-06 10:07:32 - [TEST_STEP][NOT_RUN] - setText: NOT_RUN: setText

2018-12-06 10:07:32 - [MESSAGE][NOT_RUN] - NOT_RUN: setText

2018-12-06 10:07:32 - [TEST_STEP][NOT_RUN] - setText: NOT_RUN: setText

2018-12-06 10:07:32 - [MESSAGE][NOT_RUN] - NOT_RUN: setText

2018-12-06 10:07:32 - [TEST_STEP][NOT_RUN] - setText: NOT_RUN: setText

2018-12-06 10:07:32 - [MESSAGE][NOT_RUN] - NOT_RUN: setText

2018-12-06 10:07:33 - [TEST_STEP][NOT_RUN] - click: NOT_RUN: click

2018-12-06 10:07:33 - [MESSAGE][NOT_RUN] - NOT_RUN: click

2018-12-06 10:07:33 - [TEST_STEP][NOT_RUN] - click: NOT_RUN: click

2018-12-06 10:07:33 - [MESSAGE][NOT_RUN] - NOT_RUN: click

2018-12-06 10:07:33 - [TEST_STEP][NOT_RUN] - click: NOT_RUN: click

2018-12-06 10:07:33 - [MESSAGE][NOT_RUN] - NOT_RUN: click

2018-12-06 10:07:33 - [TEST_STEP][NOT_RUN] - delay: NOT_RUN: delay

2018-12-06 10:07:33 - [MESSAGE][NOT_RUN] - NOT_RUN: delay

2018-12-06 10:07:33 - [TEST_STEP][NOT_RUN] - setText: NOT_RUN: setText

2018-12-06 10:07:33 - [MESSAGE][NOT_RUN] - NOT_RUN: setText

2018-12-06 10:07:33 - [TEST_STEP][NOT_RUN] - delay: NOT_RUN: delay

2018-12-06 10:07:33 - [MESSAGE][NOT_RUN] - NOT_RUN: delay

2018-12-06 10:07:33 - [TEST_STEP][NOT_RUN] - click: NOT_RUN: click

2018-12-06 10:07:33 - [MESSAGE][NOT_RUN] - NOT_RUN: click

2018-12-06 10:07:33 - [TEST_STEP][NOT_RUN] - doubleClick: NOT_RUN: doubleClick

2018-12-06 10:07:33 - [MESSAGE][NOT_RUN] - NOT_RUN: doubleClick

2018-12-06 10:07:33 - [TEST_STEP][NOT_RUN] - click: NOT_RUN: click

2018-12-06 10:07:33 - [MESSAGE][NOT_RUN] - NOT_RUN: click

2018-12-06 10:07:33 - [TEST_STEP][NOT_RUN] - setText: NOT_RUN: setText

2018-12-06 10:07:33 - [MESSAGE][NOT_RUN] - NOT_RUN: setText

2018-12-06 10:07:33 - [TEST_STEP][NOT_RUN] - delay: NOT_RUN: delay

2018-12-06 10:07:33 - [MESSAGE][NOT_RUN] - NOT_RUN: delay

2018-12-06 10:07:33 - [TEST_STEP][NOT_RUN] - click: NOT_RUN: click

2018-12-06 10:07:33 - [MESSAGE][NOT_RUN] - NOT_RUN: click

2018-12-06 10:07:33 - [TEST_STEP][NOT_RUN] - delay: NOT_RUN: delay

2018-12-06 10:07:33 - [MESSAGE][NOT_RUN] - NOT_RUN: delay

2018-12-06 10:07:33 - [TEST_STEP][NOT_RUN] - setText: NOT_RUN: setText

2018-12-06 10:07:33 - [MESSAGE][NOT_RUN] - NOT_RUN: setText

2018-12-06 10:07:33 - [TEST_STEP][PASSED] - click: Object: 'Object Repository/Final Object Repo/Page_Request SSN - ASSIST/Save  Continue' is clicked on

2018-12-06 10:07:33 - [MESSAGE][PASSED] - Object: 'Object Repository/Final Object Repo/Page_Request SSN - ASSIST/Save  Continue' is clicked on

2018-12-06 10:07:33 - [TEST_STEP][PASSED] - delay: Delayed 3 second(s)

2018-12-06 10:07:36 - [MESSAGE][PASSED] - Delayed 3 second(s)

2018-12-06 10:07:36 - [TEST_STEP][PASSED] - Statement - CaseReferenceNo = com.kms.katalon.core.webui.keyword.WebUiBuiltInKeywords.getText(com.kms.katalon.core.testobject.ObjectRepository.findTestObject(Final Object Repo/Page_Request SSN - ASSIST/Reference Number in Uploading Page)): Text of object 'Object Repository/Final Object Repo/Page_Request SSN - ASSIST/Reference Number in Uploading Page' is: 'SSN12201800001176'

2018-12-06 10:07:36 - [MESSAGE][PASSED] - Text of object 'Object Repository/Final Object Repo/Page_Request SSN - ASSIST/Reference Number in Uploading Page' is: 'SSN12201800001176'

2018-12-06 10:07:36 - [TEST_STEP][PASSED] - callTestCase: Call Test Case 'Test Cases/Final Aug 2018 - PKS Automation/Common/Reference Number Setter' successfully

2018-12-06 10:07:36 - [TEST_CASE][PASSED] - Test Cases/Final Aug 2018 - PKS Automation/Common/Reference Number Setter: Test Cases/Final Aug 2018 - PKS Automation/Common/Reference Number Setter

2018-12-06 10:07:36 - [TEST_STEP][PASSED] - Statement - RefNoOldFile = new java.io.File(C://Users//Admin//Desktop//PKS//Automation Reference Point//KatalonReference.txt): null

2018-12-06 10:07:36 - [TEST_STEP][PASSED] - Statement - RefNoOldFile.delete(): null

2018-12-06 10:07:36 - [TEST_STEP][PASSED] - delay: Delayed 5 second(s)

2018-12-06 10:07:41 - [MESSAGE][PASSED] - Delayed 5 second(s)

2018-12-06 10:07:41 - [TEST_STEP][PASSED] - Statement - RefNo = new java.io.File(C://Users//Admin//Desktop//PKS//Automation Reference Point//KatalonReference.txt): null

2018-12-06 10:07:41 - [TEST_STEP][PASSED] - Statement - f2 = new java.io.FileWriter(RefNo, false): null

2018-12-06 10:07:41 - [TEST_STEP][PASSED] - Statement - f2.write(CaseReferenceNo): null

2018-12-06 10:07:41 - [TEST_STEP][PASSED] - Statement - f2.close(): null

2018-12-06 10:07:41 - [TEST_STEP][PASSED] - Statement - out.println("


" + CaseReferenceNo + "


"): null

2018-12-06 10:07:41 - [MESSAGE][PASSED] - Call Test Case 'Test Cases/Final Aug 2018 - PKS Automation/Common/Reference Number Setter' successfully

2018-12-06 10:07:41 - [TEST_STEP][PASSED] - click: Object: 'Object Repository/Final Object Repo/Page_Request SSN - ASSIST/Add Document Button' is clicked on

2018-12-06 10:07:42 - [MESSAGE][PASSED] - Object: 'Object Repository/Final Object Repo/Page_Request SSN - ASSIST/Add Document Button' is clicked on

2018-12-06 10:07:42 - [TEST_STEP][PASSED] - delay: Delayed 2 second(s)

2018-12-06 10:07:44 - [MESSAGE][PASSED] - Delayed 2 second(s)

2018-12-06 10:07:44 - [TEST_STEP][PASSED] - click: Object: 'Object Repository/Final Object Repo/Page_Request SSN - ASSIST/Document Type' is clicked on

2018-12-06 10:07:45 - [MESSAGE][PASSED] - Object: 'Object Repository/Final Object Repo/Page_Request SSN - ASSIST/Document Type' is clicked on

2018-12-06 10:07:45 - [TEST_STEP][PASSED] - click: Object: 'Object Repository/Final Object Repo/Page_Request SSN - ASSIST/Document Type - Birth Certificate' is clicked on

2018-12-06 10:07:45 - [MESSAGE][PASSED] - Object: 'Object Repository/Final Object Repo/Page_Request SSN - ASSIST/Document Type - Birth Certificate' is clicked on

2018-12-06 10:07:45 - [TEST_STEP][PASSED] - sendKeys: Keys 'C:\Users\Public\Pictures\Sample Pictures\Koala.jpg' sent to object: 'Object Repository/Final Object Repo/Page_Request SSN - ASSIST/Upload File'

2018-12-06 10:07:45 - [MESSAGE][PASSED] - Keys 'C:\Users\Public\Pictures\Sample Pictures\Koala.jpg' sent to object: 'Object Repository/Final Object Repo/Page_Request SSN - ASSIST/Upload File'

2018-12-06 10:07:45 - [TEST_STEP][PASSED] - click: Object: 'Object Repository/Final Object Repo/Page_Request SSN - ASSIST/Add Document' is clicked on

2018-12-06 10:07:46 - [MESSAGE][PASSED] - Object: 'Object Repository/Final Object Repo/Page_Request SSN - ASSIST/Add Document' is clicked on

2018-12-06 10:07:46 - [TEST_STEP][PASSED] - delay: Delayed 20 second(s)

2018-12-06 10:08:06 - [MESSAGE][PASSED] - Delayed 20 second(s)

2018-12-06 10:08:06 - [TEST_STEP][PASSED] - click: Object: 'Object Repository/Final Object Repo/Page_Request SSN - ASSIST/Save  Continue in Uploading Document Page' is clicked on

2018-12-06 10:08:06 - [MESSAGE][PASSED] - Object: 'Object Repository/Final Object Repo/Page_Request SSN - ASSIST/Save  Continue in Uploading Document Page' is clicked on

2018-12-06 10:08:06 - [TEST_STEP][PASSED] - delay: Delayed 2 second(s)

2018-12-06 10:08:08 - [MESSAGE][PASSED] - Delayed 2 second(s)

2018-12-06 10:08:08 - [TEST_STEP][PASSED] - click: Object: 'Object Repository/Final Object Repo/Page_Request SSN - ASSIST/Submit' is clicked on

2018-12-06 10:08:11 - [MESSAGE][PASSED] - Object: 'Object Repository/Final Object Repo/Page_Request SSN - ASSIST/Submit' is clicked on

2018-12-06 10:08:11 - [TEST_STEP][PASSED] - delay: Delayed 2 second(s)

2018-12-06 10:08:13 - [MESSAGE][PASSED] - Delayed 2 second(s)

2018-12-06 10:08:13 - [TEST_STEP][PASSED] - click: Object: 'Object Repository/Final Object Repo/Page_Request SSN - ASSIST/Confirm' is clicked on

2018-12-06 10:08:13 - [MESSAGE][PASSED] - Object: 'Object Repository/Final Object Repo/Page_Request SSN - ASSIST/Confirm' is clicked on

2018-12-06 10:08:13 - [TEST_STEP][PASSED] - delay: Delayed 2 second(s)

2018-12-06 10:08:15 - [MESSAGE][PASSED] - Delayed 2 second(s)

2018-12-06 10:08:15 - [TEST_STEP][PASSED] - verifyElementVisible: Object 'Object Repository/Final Object Repo/Page_Request SSN - ASSIST/Message This Case will be routed to RIO' is visible

2018-12-06 10:08:20 - [MESSAGE][PASSED] - Object 'Object Repository/Final Object Repo/Page_Request SSN - ASSIST/Message This Case will be routed to RIO' is visible

2018-12-06 10:08:20 - [TEST_STEP][PASSED] - delay: Delayed 2 second(s)

2018-12-06 10:08:22 - [MESSAGE][PASSED] - Delayed 2 second(s)

2018-12-06 10:08:22 - [TEST_STEP][PASSED] - verifyElementVisible: Object 'Object Repository/Final Object Repo/Page_Request SSN - ASSIST/Letter of acknowledgement' is visible

2018-12-06 10:08:22 - [MESSAGE][PASSED] - Object 'Object Repository/Final Object Repo/Page_Request SSN - ASSIST/Letter of acknowledgement' is visible

2018-12-06 10:08:22 - [MESSAGE][PASSED] - Call Test Case 'Test Cases/Final Aug 2018 - PKS Automation/Registration Module/Workflow/Request SSN/Template/Request SSN - PKRBO' successfully

2018-12-06 10:08:22 - [TEST_STEP][PASSED] - callTestCase: Call Test Case 'Test Cases/Final Aug 2018 - PKS Automation/Registration Module/Workflow/Request SSN/Template/Request SSN RIO - RO (Approve and Using Current Employer Code)' successfully

2018-12-06 10:08:22 - [TEST_CASE][PASSED] - Test Cases/Final Aug 2018 - PKS Automation/Registration Module/Workflow/Request SSN/Template/Request SSN RIO - RO (Approve and Using Current Employer Code): Test Cases/Final Aug 2018 - PKS Automation/Registration Module/Workflow/Request SSN/Template/Request SSN RIO - RO (Approve and Using Current Employer Code)

2018-12-06 10:08:22 - [TEST_STEP][PASSED] - callTestCase: Call Test Case 'Test Cases/Final Aug 2018 - PKS Automation/Registration Module/Workflow/Request SSN/Template/Request SSN - OTC (Using Current Employer Code)' successfully

2018-12-06 10:08:22 - [TEST_CASE][PASSED] - Test Cases/Final Aug 2018 - PKS Automation/Registration Module/Workflow/Request SSN/Template/Request SSN - OTC (Using Current Employer Code): Test Cases/Final Aug 2018 - PKS Automation/Registration Module/Workflow/Request SSN/Template/Request SSN - OTC (Using Current Employer Code)

2018-12-06 10:08:23 - [TEST_STEP][PASSED] - openBrowser: Browser is opened with url: ''

2018-12-06 10:08:23 - [MESSAGE][WARNING] - A browser is already opened. Closing browser and opening a new one

2018-12-06 10:08:25 - [MESSAGE][PASSED] - Browser is opened with url: ''

2018-12-06 10:08:25 - [TEST_STEP][PASSED] - navigateToUrl: Navigate to 'https://assist2-uat.perkeso.gov.my/login' successfully

2018-12-06 10:08:26 - [MESSAGE][PASSED] - Navigate to 'https://assist2-uat.perkeso.gov.my/login' successfully

2018-12-06 10:08:26 - [TEST_STEP][PASSED] - setText: Text 'johorotc1@gmail.com' is set on object 'Object Repository/Final Object Repo/Login Page/Internal User/Email Address'

2018-12-06 10:08:27 - [MESSAGE][PASSED] - Text 'johorotc1@gmail.com' is set on object 'Object Repository/Final Object Repo/Login Page/Internal User/Email Address'

2018-12-06 10:08:27 - [TEST_STEP][PASSED] - click: Object: 'Object Repository/Final Object Repo/Login Page/Internal User/Next Button' is clicked on

2018-12-06 10:08:27 - [MESSAGE][PASSED] - Object: 'Object Repository/Final Object Repo/Login Page/Internal User/Next Button' is clicked on

2018-12-06 10:08:27 - [TEST_STEP][PASSED] - delay: Delayed 1 second(s)

2018-12-06 10:08:28 - [MESSAGE][PASSED] - Delayed 1 second(s)

2018-12-06 10:08:28 - [TEST_STEP][PASSED] - setEncryptedText: Text ****** has been set on object 'Object Repository/Final Object Repo/Login Page/Internal User/Password'

2018-12-06 10:08:28 - [MESSAGE][PASSED] - Text ****** has been set on object 'Object Repository/Final Object Repo/Login Page/Internal User/Password'

2018-12-06 10:08:28 - [TEST_STEP][PASSED] - click: Object: 'Object Repository/Final Object Repo/Login Page/Internal User/Login Button' is clicked on

2018-12-06 10:08:28 - [MESSAGE][PASSED] - Object: 'Object Repository/Final Object Repo/Login Page/Internal User/Login Button' is clicked on

2018-12-06 10:08:28 - [TEST_STEP][PASSED] - delay: Delayed 1 second(s)

2018-12-06 10:08:29 - [MESSAGE][PASSED] - Delayed 1 second(s)

2018-12-06 10:08:29 - [TEST_STEP][PASSED] - Statement - tester = com.kms.katalon.core.testobject.ObjectRepository.findTestObject(Final Object Repo/Landing Page/Select to English): Finding Test Object with id 'Object Repository/Final Object Repo/Landing Page/Select to English'

2018-12-06 10:08:29 - [TEST_STEP][PASSED] - Statement - Try: Delayed 2 second(s)

2018-12-06 10:08:29 - [TEST_STEP][PASSED] - Statement - Checker = com.kms.katalon.core.webui.keyword.WebUiBuiltInKeywords.verifyElementNotPresent(tester, 5): Web element with id: 'Object Repository/Final Object Repo/Landing Page/Select to English' located by 'By.xpath: //a[@class = 'taglib-language-list-text' and @lang = 'en-US' and (contains(text(), 'EN') or contains(., 'EN'))]' is not present after '5' second(s)

2018-12-06 10:08:31 - [MESSAGE][PASSED] - Web element with id: 'Object Repository/Final Object Repo/Landing Page/Select to English' located by 'By.xpath: //a[@class = 'taglib-language-list-text' and @lang = 'en-US' and (contains(text(), 'EN') or contains(., 'EN'))]' is not present after '5' second(s)

2018-12-06 10:08:31 - [TEST_STEP][PASSED] - Statement - If (Checker == false): null

2018-12-06 10:08:31 - [TEST_STEP][PASSED] - delay: Delayed 2 second(s)

2018-12-06 10:08:33 - [MESSAGE][PASSED] - Delayed 2 second(s)

2018-12-06 10:08:33 - [TEST_STEP][PASSED] - delay: Delayed 5 second(s)

2018-12-06 10:08:38 - [MESSAGE][PASSED] - Delayed 5 second(s)

2018-12-06 10:08:38 - [TEST_STEP][PASSED] - delay: Delayed 1 second(s)

2018-12-06 10:08:39 - [MESSAGE][PASSED] - Delayed 1 second(s)

2018-12-06 10:08:39 - [TEST_STEP][PASSED] - navigateToUrl: Navigate to 'https://assist2-uat.perkeso.gov.my/web/registration/request-ssn' successfully

2018-12-06 10:08:43 - [MESSAGE][PASSED] - Navigate to 'https://assist2-uat.perkeso.gov.my/web/registration/request-ssn' successfully

2018-12-06 10:08:43 - [TEST_STEP][PASSED] - setText: Text 'perkeso' is set on object 'Object Repository/Final Object Repo/Page_Request SSN - ASSIST/AI - Name'

2018-12-06 10:08:44 - [MESSAGE][PASSED] - Text 'perkeso' is set on object 'Object Repository/Final Object Repo/Page_Request SSN - ASSIST/AI - Name'

2018-12-06 10:08:44 - [TEST_STEP][PASSED] - click: Object: 'Object Repository/Final Object Repo/Page_Request SSN - ASSIST/AI - DOB' is clicked on

2018-12-06 10:08:44 - [MESSAGE][PASSED] - Object: 'Object Repository/Final Object Repo/Page_Request SSN - ASSIST/AI - DOB' is clicked on

2018-12-06 10:08:44 - [TEST_STEP][PASSED] - selectOptionByValue: All options with value '1995' are selected in object 'Object Repository/Final Object Repo/Page_Request SSN - ASSIST/AI - DOB - Year' 

2018-12-06 10:08:44 - [MESSAGE][PASSED] - All options with value '1995' are selected in object 'Object Repository/Final Object Repo/Page_Request SSN - ASSIST/AI - DOB - Year' 

2018-12-06 10:08:44 - [TEST_STEP][PASSED] - delay: Delayed 3 second(s)

2018-12-06 10:08:47 - [MESSAGE][PASSED] - Delayed 3 second(s)

2018-12-06 10:08:47 - [TEST_STEP][PASSED] - doubleClick: Object: 'Object Repository/Final Object Repo/Page_Request SSN - ASSIST/AI - DOB - Year - Date' is double clicked on

2018-12-06 10:08:48 - [MESSAGE][PASSED] - Object: 'Object Repository/Final Object Repo/Page_Request SSN - ASSIST/AI - DOB - Year - Date' is double clicked on

2018-12-06 10:08:48 - [TEST_STEP][PASSED] - click: Object: 'Object Repository/Final Object Repo/Page_Request SSN - ASSIST/AI - Male' is clicked on

2018-12-06 10:08:48 - [MESSAGE][PASSED] - Object: 'Object Repository/Final Object Repo/Page_Request SSN - ASSIST/AI - Male' is clicked on

2018-12-06 10:08:48 - [TEST_STEP][PASSED] - click: Object: 'Object Repository/Final Object Repo/Page_Request SSN - ASSIST/AI- Race' is clicked on

2018-12-06 10:08:48 - [MESSAGE][PASSED] - Object: 'Object Repository/Final Object Repo/Page_Request SSN - ASSIST/AI- Race' is clicked on

2018-12-06 10:08:48 - [TEST_STEP][PASSED] - click: Object: 'Object Repository/Final Object Repo/Page_Request SSN - ASSIST/AI - Race - Melayu' is clicked on

2018-12-06 10:08:48 - [MESSAGE][PASSED] - Object: 'Object Repository/Final Object Repo/Page_Request SSN - ASSIST/AI - Race - Melayu' is clicked on

2018-12-06 10:08:48 - [TEST_STEP][PASSED] - click: Object: 'Object Repository/Final Object Repo/Page_Request SSN - ASSIST/AI - Religion' is clicked on

2018-12-06 10:08:48 - [MESSAGE][PASSED] - Object: 'Object Repository/Final Object Repo/Page_Request SSN - ASSIST/AI - Religion' is clicked on

2018-12-06 10:08:48 - [TEST_STEP][PASSED] - click: Object: 'Object Repository/Final Object Repo/Page_Request SSN - ASSIST/AI - Religion - Islam' is clicked on

2018-12-06 10:08:49 - [MESSAGE][PASSED] - Object: 'Object Repository/Final Object Repo/Page_Request SSN - ASSIST/AI - Religion - Islam' is clicked on

2018-12-06 10:08:49 - [TEST_STEP][PASSED] - setText: Text '12345' is set on object 'Object Repository/Final Object Repo/Page_Request SSN - ASSIST/AI - Birth Certificate'

2018-12-06 10:08:49 - [MESSAGE][PASSED] - Text '12345' is set on object 'Object Repository/Final Object Repo/Page_Request SSN - ASSIST/AI - Birth Certificate'

2018-12-06 10:08:49 - [TEST_STEP][PASSED] - click: Object: 'Object Repository/Final Object Repo/Page_Request SSN - ASSIST/AI - Nationality' is clicked on

2018-12-06 10:08:50 - [MESSAGE][PASSED] - Object: 'Object Repository/Final Object Repo/Page_Request SSN - ASSIST/AI - Nationality' is clicked on

2018-12-06 10:08:50 - [TEST_STEP][PASSED] - click: Object: 'Object Repository/Final Object Repo/Page_Request SSN - ASSIST/AI - Nationality - Afghanistan' is clicked on

2018-12-06 10:08:50 - [MESSAGE][PASSED] - Object: 'Object Repository/Final Object Repo/Page_Request SSN - ASSIST/AI - Nationality - Afghanistan' is clicked on

2018-12-06 10:08:50 - [TEST_STEP][PASSED] - setText: Text 'PERKESO ADDRESS1' is set on object 'Object Repository/Final Object Repo/Page_Request SSN - ASSIST/AI - Address1'

2018-12-06 10:08:51 - [MESSAGE][PASSED] - Text 'PERKESO ADDRESS1' is set on object 'Object Repository/Final Object Repo/Page_Request SSN - ASSIST/AI - Address1'

2018-12-06 10:08:51 - [TEST_STEP][PASSED] - setText: Text 'PERKESO ADDRESS2' is set on object 'Object Repository/Final Object Repo/Page_Request SSN - ASSIST/AI - Address2'

2018-12-06 10:08:52 - [MESSAGE][PASSED] - Text 'PERKESO ADDRESS2' is set on object 'Object Repository/Final Object Repo/Page_Request SSN - ASSIST/AI - Address2'

2018-12-06 10:08:52 - [TEST_STEP][PASSED] - setText: Text 'PERKESO ADDRESS3' is set on object 'Object Repository/Final Object Repo/Page_Request SSN - ASSIST/AI - Address3'

2018-12-06 10:08:54 - [MESSAGE][PASSED] - Text 'PERKESO ADDRESS3' is set on object 'Object Repository/Final Object Repo/Page_Request SSN - ASSIST/AI - Address3'

2018-12-06 10:08:54 - [TEST_STEP][PASSED] - click: Object: 'Object Repository/Final Object Repo/Page_Request SSN - ASSIST/AI - State' is clicked on

2018-12-06 10:08:54 - [MESSAGE][PASSED] - Object: 'Object Repository/Final Object Repo/Page_Request SSN - ASSIST/AI - State' is clicked on

2018-12-06 10:08:54 - [TEST_STEP][PASSED] - click: Object: 'Object Repository/Final Object Repo/Page_Request SSN - ASSIST/AI - Current Employer State - Johor' is clicked on

2018-12-06 10:08:54 - [MESSAGE][PASSED] - Object: 'Object Repository/Final Object Repo/Page_Request SSN - ASSIST/AI - Current Employer State - Johor' is clicked on

2018-12-06 10:08:54 - [TEST_STEP][PASSED] - click: Object: 'Object Repository/Final Object Repo/Page_Request SSN - ASSIST/AI - City' is clicked on

2018-12-06 10:08:55 - [MESSAGE][PASSED] - Object: 'Object Repository/Final Object Repo/Page_Request SSN - ASSIST/AI - City' is clicked on

2018-12-06 10:08:55 - [TEST_STEP][PASSED] - setText: Text 'JOH' is set on object 'Object Repository/Final Object Repo/Page_Request SSN - ASSIST/AI - City - JOH'

2018-12-06 10:08:55 - [MESSAGE][PASSED] - Text 'JOH' is set on object 'Object Repository/Final Object Repo/Page_Request SSN - ASSIST/AI - City - JOH'

2018-12-06 10:08:55 - [TEST_STEP][PASSED] - delay: Delayed 3 second(s)

2018-12-06 10:08:58 - [MESSAGE][PASSED] - Delayed 3 second(s)

2018-12-06 10:08:58 - [TEST_STEP][PASSED] - click: Object: 'Object Repository/Final Object Repo/Page_Request SSN - ASSIST/AI - City - Johor Bharu' is clicked on

2018-12-06 10:08:58 - [MESSAGE][PASSED] - Object: 'Object Repository/Final Object Repo/Page_Request SSN - ASSIST/AI - City - Johor Bharu' is clicked on

2018-12-06 10:08:58 - [TEST_STEP][PASSED] - click: Object: 'Object Repository/Final Object Repo/Page_Request SSN - ASSIST/AI - Post Code' is clicked on

2018-12-06 10:08:59 - [MESSAGE][PASSED] - Object: 'Object Repository/Final Object Repo/Page_Request SSN - ASSIST/AI - Post Code' is clicked on

2018-12-06 10:08:59 - [TEST_STEP][PASSED] - setText: Text '810' is set on object 'Object Repository/Final Object Repo/Page_Request SSN - ASSIST/AI - City - JOH'

2018-12-06 10:08:59 - [MESSAGE][PASSED] - Text '810' is set on object 'Object Repository/Final Object Repo/Page_Request SSN - ASSIST/AI - City - JOH'

2018-12-06 10:08:59 - [TEST_STEP][PASSED] - delay: Delayed 3 second(s)

2018-12-06 10:09:02 - [MESSAGE][PASSED] - Delayed 3 second(s)

2018-12-06 10:09:02 - [TEST_STEP][PASSED] - click: Object: 'Object Repository/Final Object Repo/Page_Request SSN - ASSIST/AI - PostCode - 81000' is clicked on

2018-12-06 10:09:03 - [MESSAGE][PASSED] - Object: 'Object Repository/Final Object Repo/Page_Request SSN - ASSIST/AI - PostCode - 81000' is clicked on

2018-12-06 10:09:03 - [TEST_STEP][PASSED] - setText: Text '100' is set on object 'Object Repository/Final Object Repo/Page_Request SSN - ASSIST/P.O.BOX'

2018-12-06 10:09:03 - [MESSAGE][PASSED] - Text '100' is set on object 'Object Repository/Final Object Repo/Page_Request SSN - ASSIST/P.O.BOX'

2018-12-06 10:09:03 - [TEST_STEP][PASSED] - setText: Text '100' is set on object 'Object Repository/Final Object Repo/Page_Request SSN - ASSIST/Locked Bag No'

2018-12-06 10:09:03 - [MESSAGE][PASSED] - Text '100' is set on object 'Object Repository/Final Object Repo/Page_Request SSN - ASSIST/Locked Bag No'

2018-12-06 10:09:03 - [TEST_STEP][PASSED] - delay: Delayed 2 second(s)

2018-12-06 10:09:05 - [MESSAGE][PASSED] - Delayed 2 second(s)

2018-12-06 10:09:05 - [TEST_STEP][PASSED] - setText: Text '123456789' is set on object 'Object Repository/Final Object Repo/Page_Request SSN - ASSIST/AI - Telephone No'

2018-12-06 10:09:06 - [MESSAGE][PASSED] - Text '123456789' is set on object 'Object Repository/Final Object Repo/Page_Request SSN - ASSIST/AI - Telephone No'

2018-12-06 10:09:06 - [TEST_STEP][PASSED] - click: Object: 'Object Repository/Final Object Repo/Page_Request SSN - ASSIST/AI - Occupation' is clicked on

2018-12-06 10:09:07 - [MESSAGE][PASSED] - Object: 'Object Repository/Final Object Repo/Page_Request SSN - ASSIST/AI - Occupation' is clicked on

2018-12-06 10:09:07 - [TEST_STEP][PASSED] - click: Object: 'Object Repository/Final Object Repo/Page_Request SSN - ASSIST/AI - Occupation - NUMERICAL AND MATERIAL R' is clicked on

2018-12-06 10:09:07 - [MESSAGE][PASSED] - Object: 'Object Repository/Final Object Repo/Page_Request SSN - ASSIST/AI - Occupation - NUMERICAL AND MATERIAL R' is clicked on

2018-12-06 10:09:07 - [TEST_STEP][PASSED] - delay: Delayed 2 second(s)

2018-12-06 10:09:09 - [MESSAGE][PASSED] - Delayed 2 second(s)

2018-12-06 10:09:09 - [TEST_STEP][PASSED] - click: Object: 'Object Repository/Final Object Repo/Page_Request SSN - ASSIST/AI - Sub Occupation' is clicked on

2018-12-06 10:09:09 - [MESSAGE][PASSED] - Object: 'Object Repository/Final Object Repo/Page_Request SSN - ASSIST/AI - Sub Occupation' is clicked on

2018-12-06 10:09:09 - [TEST_STEP][PASSED] - click: Object: 'Object Repository/Final Object Repo/Page_Request SSN - ASSIST/AI - Sub Occupation - Stock Clerks' is clicked on

2018-12-06 10:09:09 - [MESSAGE][PASSED] - Object: 'Object Repository/Final Object Repo/Page_Request SSN - ASSIST/AI - Sub Occupation - Stock Clerks' is clicked on

2018-12-06 10:09:09 - [TEST_STEP][PASSED] - delay: Delayed 2 second(s)

2018-12-06 10:09:11 - [MESSAGE][PASSED] - Delayed 2 second(s)

2018-12-06 10:09:11 - [TEST_STEP][PASSED] - click: Object: 'Object Repository/Final Object Repo/Page_Request SSN - ASSIST/AI - Sub Occupation List' is clicked on

2018-12-06 10:09:12 - [MESSAGE][PASSED] - Object: 'Object Repository/Final Object Repo/Page_Request SSN - ASSIST/AI - Sub Occupation List' is clicked on

2018-12-06 10:09:12 - [TEST_STEP][PASSED] - click: Object: 'Object Repository/Final Object Repo/Page_Request SSN - ASSIST/AI - Sub Occupation List - Clerk raw material' is clicked on

2018-12-06 10:09:12 - [MESSAGE][PASSED] - Object: 'Object Repository/Final Object Repo/Page_Request SSN - ASSIST/AI - Sub Occupation List - Clerk raw material' is clicked on

2018-12-06 10:09:12 - [TEST_STEP][PASSED] - click: Object: 'Object Repository/Final Object Repo/Page_Request SSN - ASSIST/AI - Employment Start Date' is clicked on

2018-12-06 10:09:12 - [MESSAGE][PASSED] - Object: 'Object Repository/Final Object Repo/Page_Request SSN - ASSIST/AI - Employment Start Date' is clicked on

2018-12-06 10:09:12 - [TEST_STEP][PASSED] - click: Object: 'Object Repository/Final Object Repo/Page_Request SSN - ASSIST/AI - DOB - Year - Date' is clicked on

2018-12-06 10:09:13 - [MESSAGE][PASSED] - Object: 'Object Repository/Final Object Repo/Page_Request SSN - ASSIST/AI - DOB - Year - Date' is clicked on

2018-12-06 10:09:13 - [TEST_STEP][PASSED] - setText: Text 'E1102001065V' is set on object 'Object Repository/Final Object Repo/Page_Request SSN - ASSIST/AI - Current Employer Code'

2018-12-06 10:09:14 - [MESSAGE][PASSED] - Text 'E1102001065V' is set on object 'Object Repository/Final Object Repo/Page_Request SSN - ASSIST/AI - Current Employer Code'

2018-12-06 10:09:14 - [TEST_STEP][PASSED] - delay: Delayed 2 second(s)

2018-12-06 10:09:16 - [MESSAGE][PASSED] - Delayed 2 second(s)

2018-12-06 10:09:16 - [TEST_STEP][PASSED] - click: Object: 'Object Repository/Final Object Repo/Page_Request SSN - ASSIST/AI - Current Employer Code - Search' is clicked on

2018-12-06 10:09:16 - [MESSAGE][PASSED] - Object: 'Object Repository/Final Object Repo/Page_Request SSN - ASSIST/AI - Current Employer Code - Search' is clicked on

2018-12-06 10:09:16 - [TEST_STEP][PASSED] - delay: Delayed 2 second(s)

2018-12-06 10:09:18 - [MESSAGE][PASSED] - Delayed 2 second(s)

2018-12-06 10:09:18 - [TEST_STEP][NOT_RUN] - setText: NOT_RUN: setText

2018-12-06 10:09:18 - [MESSAGE][NOT_RUN] - NOT_RUN: setText

2018-12-06 10:09:18 - [TEST_STEP][NOT_RUN] - setText: NOT_RUN: setText

2018-12-06 10:09:18 - [MESSAGE][NOT_RUN] - NOT_RUN: setText

2018-12-06 10:09:18 - [TEST_STEP][NOT_RUN] - setText: NOT_RUN: setText

2018-12-06 10:09:18 - [MESSAGE][NOT_RUN] - NOT_RUN: setText

2018-12-06 10:09:18 - [TEST_STEP][NOT_RUN] - setText: NOT_RUN: setText

2018-12-06 10:09:18 - [MESSAGE][NOT_RUN] - NOT_RUN: setText

2018-12-06 10:09:18 - [TEST_STEP][NOT_RUN] - click: NOT_RUN: click

2018-12-06 10:09:18 - [MESSAGE][NOT_RUN] - NOT_RUN: click

2018-12-06 10:09:18 - [TEST_STEP][NOT_RUN] - click: NOT_RUN: click

2018-12-06 10:09:18 - [MESSAGE][NOT_RUN] - NOT_RUN: click

2018-12-06 10:09:18 - [TEST_STEP][NOT_RUN] - click: NOT_RUN: click

2018-12-06 10:09:18 - [MESSAGE][NOT_RUN] - NOT_RUN: click

2018-12-06 10:09:18 - [TEST_STEP][NOT_RUN] - setText: NOT_RUN: setText

2018-12-06 10:09:18 - [MESSAGE][NOT_RUN] - NOT_RUN: setText

2018-12-06 10:09:18 - [TEST_STEP][NOT_RUN] - delay: NOT_RUN: delay

2018-12-06 10:09:18 - [MESSAGE][NOT_RUN] - NOT_RUN: delay

2018-12-06 10:09:18 - [TEST_STEP][NOT_RUN] - click: NOT_RUN: click

2018-12-06 10:09:18 - [MESSAGE][NOT_RUN] - NOT_RUN: click

2018-12-06 10:09:18 - [TEST_STEP][NOT_RUN] - click: NOT_RUN: click

2018-12-06 10:09:18 - [MESSAGE][NOT_RUN] - NOT_RUN: click

2018-12-06 10:09:18 - [TEST_STEP][NOT_RUN] - setText: NOT_RUN: setText

2018-12-06 10:09:18 - [MESSAGE][NOT_RUN] - NOT_RUN: setText

2018-12-06 10:09:18 - [TEST_STEP][NOT_RUN] - delay: NOT_RUN: delay

2018-12-06 10:09:18 - [MESSAGE][NOT_RUN] - NOT_RUN: delay

2018-12-06 10:09:18 - [TEST_STEP][NOT_RUN] - click: NOT_RUN: click

2018-12-06 10:09:18 - [MESSAGE][NOT_RUN] - NOT_RUN: click

2018-12-06 10:09:18 - [TEST_STEP][NOT_RUN] - setText: NOT_RUN: setText

2018-12-06 10:09:18 - [MESSAGE][NOT_RUN] - NOT_RUN: setText

2018-12-06 10:09:18 - [TEST_STEP][NOT_RUN] - setText: NOT_RUN: setText

2018-12-06 10:09:18 - [MESSAGE][NOT_RUN] - NOT_RUN: setText

2018-12-06 10:09:18 - [TEST_STEP][NOT_RUN] - click: NOT_RUN: click

2018-12-06 10:09:18 - [MESSAGE][NOT_RUN] - NOT_RUN: click

2018-12-06 10:09:18 - [TEST_STEP][NOT_RUN] - click: NOT_RUN: click

2018-12-06 10:09:18 - [MESSAGE][NOT_RUN] - NOT_RUN: click

2018-12-06 10:09:18 - [TEST_STEP][NOT_RUN] - setText: NOT_RUN: setText

2018-12-06 10:09:18 - [MESSAGE][NOT_RUN] - NOT_RUN: setText

2018-12-06 10:09:18 - [TEST_STEP][NOT_RUN] - click: NOT_RUN: click

2018-12-06 10:09:18 - [MESSAGE][NOT_RUN] - NOT_RUN: click

2018-12-06 10:09:18 - [TEST_STEP][NOT_RUN] - click: NOT_RUN: click

2018-12-06 10:09:18 - [MESSAGE][NOT_RUN] - NOT_RUN: click

2018-12-06 10:09:18 - [TEST_STEP][NOT_RUN] - click: NOT_RUN: click

2018-12-06 10:09:18 - [MESSAGE][NOT_RUN] - NOT_RUN: click

2018-12-06 10:09:18 - [TEST_STEP][NOT_RUN] - click: NOT_RUN: click

2018-12-06 10:09:18 - [MESSAGE][NOT_RUN] - NOT_RUN: click

2018-12-06 10:09:18 - [TEST_STEP][NOT_RUN] - click: NOT_RUN: click

2018-12-06 10:09:18 - [MESSAGE][NOT_RUN] - NOT_RUN: click

2018-12-06 10:09:18 - [TEST_STEP][NOT_RUN] - click: NOT_RUN: click

2018-12-06 10:09:18 - [MESSAGE][NOT_RUN] - NOT_RUN: click

2018-12-06 10:09:18 - [TEST_STEP][NOT_RUN] - setText: NOT_RUN: setText

2018-12-06 10:09:18 - [MESSAGE][NOT_RUN] - NOT_RUN: setText

2018-12-06 10:09:18 - [TEST_STEP][NOT_RUN] - setText: NOT_RUN: setText

2018-12-06 10:09:18 - [MESSAGE][NOT_RUN] - NOT_RUN: setText

2018-12-06 10:09:18 - [TEST_STEP][NOT_RUN] - setText: NOT_RUN: setText

2018-12-06 10:09:18 - [MESSAGE][NOT_RUN] - NOT_RUN: setText

2018-12-06 10:09:18 - [TEST_STEP][NOT_RUN] - click: NOT_RUN: click

2018-12-06 10:09:18 - [MESSAGE][NOT_RUN] - NOT_RUN: click

2018-12-06 10:09:18 - [TEST_STEP][NOT_RUN] - click: NOT_RUN: click

2018-12-06 10:09:18 - [MESSAGE][NOT_RUN] - NOT_RUN: click

2018-12-06 10:09:18 - [TEST_STEP][NOT_RUN] - click: NOT_RUN: click

2018-12-06 10:09:18 - [MESSAGE][NOT_RUN] - NOT_RUN: click

2018-12-06 10:09:18 - [TEST_STEP][NOT_RUN] - setText: NOT_RUN: setText

2018-12-06 10:09:18 - [MESSAGE][NOT_RUN] - NOT_RUN: setText

2018-12-06 10:09:18 - [TEST_STEP][NOT_RUN] - delay: NOT_RUN: delay

2018-12-06 10:09:18 - [MESSAGE][NOT_RUN] - NOT_RUN: delay

2018-12-06 10:09:18 - [TEST_STEP][NOT_RUN] - click: NOT_RUN: click

2018-12-06 10:09:18 - [MESSAGE][NOT_RUN] - NOT_RUN: click

2018-12-06 10:09:18 - [TEST_STEP][NOT_RUN] - click: NOT_RUN: click

2018-12-06 10:09:18 - [MESSAGE][NOT_RUN] - NOT_RUN: click

2018-12-06 10:09:18 - [TEST_STEP][NOT_RUN] - click: NOT_RUN: click

2018-12-06 10:09:18 - [MESSAGE][NOT_RUN] - NOT_RUN: click

2018-12-06 10:09:18 - [TEST_STEP][NOT_RUN] - setText: NOT_RUN: setText

2018-12-06 10:09:18 - [MESSAGE][NOT_RUN] - NOT_RUN: setText

2018-12-06 10:09:18 - [TEST_STEP][NOT_RUN] - delay: NOT_RUN: delay

2018-12-06 10:09:18 - [MESSAGE][NOT_RUN] - NOT_RUN: delay

2018-12-06 10:09:18 - [TEST_STEP][NOT_RUN] - click: NOT_RUN: click

2018-12-06 10:09:18 - [MESSAGE][NOT_RUN] - NOT_RUN: click

2018-12-06 10:09:18 - [TEST_STEP][NOT_RUN] - delay: NOT_RUN: delay

2018-12-06 10:09:19 - [MESSAGE][NOT_RUN] - NOT_RUN: delay

2018-12-06 10:09:19 - [TEST_STEP][NOT_RUN] - setText: NOT_RUN: setText

2018-12-06 10:09:19 - [MESSAGE][NOT_RUN] - NOT_RUN: setText

2018-12-06 10:09:19 - [TEST_STEP][NOT_RUN] - setText: NOT_RUN: setText

2018-12-06 10:09:19 - [MESSAGE][NOT_RUN] - NOT_RUN: setText

2018-12-06 10:09:19 - [TEST_STEP][NOT_RUN] - setText: NOT_RUN: setText

2018-12-06 10:09:19 - [MESSAGE][NOT_RUN] - NOT_RUN: setText

2018-12-06 10:09:19 - [TEST_STEP][NOT_RUN] - click: NOT_RUN: click

2018-12-06 10:09:19 - [MESSAGE][NOT_RUN] - NOT_RUN: click

2018-12-06 10:09:19 - [TEST_STEP][NOT_RUN] - click: NOT_RUN: click

2018-12-06 10:09:19 - [MESSAGE][NOT_RUN] - NOT_RUN: click

2018-12-06 10:09:19 - [TEST_STEP][NOT_RUN] - setText: NOT_RUN: setText

2018-12-06 10:09:19 - [MESSAGE][NOT_RUN] - NOT_RUN: setText

2018-12-06 10:09:19 - [TEST_STEP][NOT_RUN] - click: NOT_RUN: click

2018-12-06 10:09:19 - [MESSAGE][NOT_RUN] - NOT_RUN: click

2018-12-06 10:09:19 - [TEST_STEP][NOT_RUN] - click: NOT_RUN: click

2018-12-06 10:09:19 - [MESSAGE][NOT_RUN] - NOT_RUN: click

2018-12-06 10:09:19 - [TEST_STEP][NOT_RUN] - click: NOT_RUN: click

2018-12-06 10:09:19 - [MESSAGE][NOT_RUN] - NOT_RUN: click

2018-12-06 10:09:19 - [TEST_STEP][NOT_RUN] - click: NOT_RUN: click

2018-12-06 10:09:19 - [MESSAGE][NOT_RUN] - NOT_RUN: click

2018-12-06 10:09:19 - [TEST_STEP][NOT_RUN] - click: NOT_RUN: click

2018-12-06 10:09:19 - [MESSAGE][NOT_RUN] - NOT_RUN: click

2018-12-06 10:09:19 - [TEST_STEP][NOT_RUN] - click: NOT_RUN: click

2018-12-06 10:09:19 - [MESSAGE][NOT_RUN] - NOT_RUN: click

2018-12-06 10:09:19 - [TEST_STEP][NOT_RUN] - setText: NOT_RUN: setText

2018-12-06 10:09:19 - [MESSAGE][NOT_RUN] - NOT_RUN: setText

2018-12-06 10:09:19 - [TEST_STEP][NOT_RUN] - setText: NOT_RUN: setText

2018-12-06 10:09:19 - [MESSAGE][NOT_RUN] - NOT_RUN: setText

2018-12-06 10:09:19 - [TEST_STEP][NOT_RUN] - setText: NOT_RUN: setText

2018-12-06 10:09:19 - [MESSAGE][NOT_RUN] - NOT_RUN: setText

2018-12-06 10:09:19 - [TEST_STEP][NOT_RUN] - click: NOT_RUN: click

2018-12-06 10:09:19 - [MESSAGE][NOT_RUN] - NOT_RUN: click

2018-12-06 10:09:19 - [TEST_STEP][NOT_RUN] - click: NOT_RUN: click

2018-12-06 10:09:19 - [MESSAGE][NOT_RUN] - NOT_RUN: click

2018-12-06 10:09:19 - [TEST_STEP][NOT_RUN] - click: NOT_RUN: click

2018-12-06 10:09:19 - [MESSAGE][NOT_RUN] - NOT_RUN: click

2018-12-06 10:09:19 - [TEST_STEP][NOT_RUN] - delay: NOT_RUN: delay

2018-12-06 10:09:19 - [MESSAGE][NOT_RUN] - NOT_RUN: delay

2018-12-06 10:09:19 - [TEST_STEP][NOT_RUN] - setText: NOT_RUN: setText

2018-12-06 10:09:19 - [MESSAGE][NOT_RUN] - NOT_RUN: setText

2018-12-06 10:09:19 - [TEST_STEP][NOT_RUN] - delay: NOT_RUN: delay

2018-12-06 10:09:19 - [MESSAGE][NOT_RUN] - NOT_RUN: delay

2018-12-06 10:09:19 - [TEST_STEP][NOT_RUN] - click: NOT_RUN: click

2018-12-06 10:09:19 - [MESSAGE][NOT_RUN] - NOT_RUN: click

2018-12-06 10:09:19 - [TEST_STEP][NOT_RUN] - doubleClick: NOT_RUN: doubleClick

2018-12-06 10:09:20 - [MESSAGE][NOT_RUN] - NOT_RUN: doubleClick

2018-12-06 10:09:20 - [TEST_STEP][NOT_RUN] - click: NOT_RUN: click

2018-12-06 10:09:20 - [MESSAGE][NOT_RUN] - NOT_RUN: click

2018-12-06 10:09:20 - [TEST_STEP][NOT_RUN] - setText: NOT_RUN: setText

2018-12-06 10:09:20 - [MESSAGE][NOT_RUN] - NOT_RUN: setText

2018-12-06 10:09:20 - [TEST_STEP][NOT_RUN] - delay: NOT_RUN: delay

2018-12-06 10:09:20 - [MESSAGE][NOT_RUN] - NOT_RUN: delay

2018-12-06 10:09:20 - [TEST_STEP][NOT_RUN] - click: NOT_RUN: click

2018-12-06 10:09:20 - [MESSAGE][NOT_RUN] - NOT_RUN: click

2018-12-06 10:09:20 - [TEST_STEP][NOT_RUN] - delay: NOT_RUN: delay

2018-12-06 10:09:20 - [MESSAGE][NOT_RUN] - NOT_RUN: delay

2018-12-06 10:09:20 - [TEST_STEP][NOT_RUN] - setText: NOT_RUN: setText

2018-12-06 10:09:20 - [MESSAGE][NOT_RUN] - NOT_RUN: setText

2018-12-06 10:09:20 - [TEST_STEP][PASSED] - click: Object: 'Object Repository/Final Object Repo/Page_Request SSN - ASSIST/Save  Continue' is clicked on

2018-12-06 10:09:20 - [MESSAGE][PASSED] - Object: 'Object Repository/Final Object Repo/Page_Request SSN - ASSIST/Save  Continue' is clicked on

2018-12-06 10:09:20 - [TEST_STEP][PASSED] - delay: Delayed 3 second(s)

2018-12-06 10:09:23 - [MESSAGE][PASSED] - Delayed 3 second(s)

2018-12-06 10:09:23 - [TEST_STEP][PASSED] - Statement - CaseReferenceNo = com.kms.katalon.core.webui.keyword.WebUiBuiltInKeywords.getText(com.kms.katalon.core.testobject.ObjectRepository.findTestObject(Final Object Repo/Page_Request SSN - ASSIST/Reference Number in Uploading Page - OTC)): Text of object 'Object Repository/Final Object Repo/Page_Request SSN - ASSIST/Reference Number in Uploading Page - OTC' is: 'SSN12201800001177'

2018-12-06 10:09:23 - [MESSAGE][PASSED] - Text of object 'Object Repository/Final Object Repo/Page_Request SSN - ASSIST/Reference Number in Uploading Page - OTC' is: 'SSN12201800001177'

2018-12-06 10:09:23 - [TEST_STEP][PASSED] - Statement - out.println(CaseReferenceNo): null

2018-12-06 10:09:23 - [TEST_STEP][PASSED] - callTestCase: Call Test Case 'Test Cases/Final Aug 2018 - PKS Automation/Common/Reference Number Setter' successfully

2018-12-06 10:09:24 - [TEST_CASE][PASSED] - Test Cases/Final Aug 2018 - PKS Automation/Common/Reference Number Setter: Test Cases/Final Aug 2018 - PKS Automation/Common/Reference Number Setter

2018-12-06 10:09:24 - [TEST_STEP][PASSED] - Statement - RefNoOldFile = new java.io.File(C://Users//Admin//Desktop//PKS//Automation Reference Point//KatalonReference.txt): null

2018-12-06 10:09:24 - [TEST_STEP][PASSED] - Statement - RefNoOldFile.delete(): null

2018-12-06 10:09:24 - [TEST_STEP][PASSED] - delay: Delayed 5 second(s)

2018-12-06 10:09:29 - [MESSAGE][PASSED] - Delayed 5 second(s)

2018-12-06 10:09:29 - [TEST_STEP][PASSED] - Statement - RefNo = new java.io.File(C://Users//Admin//Desktop//PKS//Automation Reference Point//KatalonReference.txt): null

2018-12-06 10:09:29 - [TEST_STEP][PASSED] - Statement - f2 = new java.io.FileWriter(RefNo, false): null

2018-12-06 10:09:29 - [TEST_STEP][PASSED] - Statement - f2.write(CaseReferenceNo): null

2018-12-06 10:09:29 - [TEST_STEP][PASSED] - Statement - f2.close(): null

2018-12-06 10:09:29 - [TEST_STEP][PASSED] - Statement - out.println("


" + CaseReferenceNo + "


"): null

2018-12-06 10:09:29 - [MESSAGE][PASSED] - Call Test Case 'Test Cases/Final Aug 2018 - PKS Automation/Common/Reference Number Setter' successfully

2018-12-06 10:09:29 - [TEST_STEP][PASSED] - click: Object: 'Object Repository/Final Object Repo/Page_Request SSN - ASSIST/Add Document Button' is clicked on

2018-12-06 10:09:29 - [MESSAGE][PASSED] - Object: 'Object Repository/Final Object Repo/Page_Request SSN - ASSIST/Add Document Button' is clicked on

2018-12-06 10:09:29 - [TEST_STEP][PASSED] - delay: Delayed 2 second(s)

2018-12-06 10:09:31 - [MESSAGE][PASSED] - Delayed 2 second(s)

2018-12-06 10:09:31 - [TEST_STEP][PASSED] - click: Object: 'Object Repository/Final Object Repo/Page_Request SSN - ASSIST/Document Type' is clicked on

2018-12-06 10:09:32 - [MESSAGE][PASSED] - Object: 'Object Repository/Final Object Repo/Page_Request SSN - ASSIST/Document Type' is clicked on

2018-12-06 10:09:32 - [TEST_STEP][PASSED] - click: Object: 'Object Repository/Final Object Repo/Page_Request SSN - ASSIST/Document Type - Birth Certificate' is clicked on

2018-12-06 10:09:32 - [MESSAGE][PASSED] - Object: 'Object Repository/Final Object Repo/Page_Request SSN - ASSIST/Document Type - Birth Certificate' is clicked on

2018-12-06 10:09:32 - [TEST_STEP][PASSED] - sendKeys: Keys 'C:\Users\Public\Pictures\Sample Pictures\Koala.jpg' sent to object: 'Object Repository/Final Object Repo/Page_Request SSN - ASSIST/Upload File'

2018-12-06 10:09:33 - [MESSAGE][PASSED] - Keys 'C:\Users\Public\Pictures\Sample Pictures\Koala.jpg' sent to object: 'Object Repository/Final Object Repo/Page_Request SSN - ASSIST/Upload File'

2018-12-06 10:09:33 - [TEST_STEP][PASSED] - click: Object: 'Object Repository/Final Object Repo/Page_Request SSN - ASSIST/Add Document' is clicked on

2018-12-06 10:09:33 - [MESSAGE][PASSED] - Object: 'Object Repository/Final Object Repo/Page_Request SSN - ASSIST/Add Document' is clicked on

2018-12-06 10:09:33 - [TEST_STEP][PASSED] - delay: Delayed 2 second(s)

2018-12-06 10:09:35 - [MESSAGE][PASSED] - Delayed 2 second(s)

2018-12-06 10:09:35 - [TEST_STEP][PASSED] - click: Object: 'Object Repository/Final Object Repo/Page_Request SSN - ASSIST/Save  Continue in Uploading Document Page' is clicked on

2018-12-06 10:09:37 - [MESSAGE][PASSED] - Object: 'Object Repository/Final Object Repo/Page_Request SSN - ASSIST/Save  Continue in Uploading Document Page' is clicked on

2018-12-06 10:09:37 - [TEST_STEP][PASSED] - delay: Delayed 2 second(s)

2018-12-06 10:09:39 - [MESSAGE][PASSED] - Delayed 2 second(s)

2018-12-06 10:09:39 - [TEST_STEP][PASSED] - click: Object: 'Object Repository/Final Object Repo/Page_Request SSN - ASSIST/Submit' is clicked on

2018-12-06 10:09:41 - [MESSAGE][PASSED] - Object: 'Object Repository/Final Object Repo/Page_Request SSN - ASSIST/Submit' is clicked on

2018-12-06 10:09:41 - [TEST_STEP][PASSED] - delay: Delayed 2 second(s)

2018-12-06 10:09:43 - [MESSAGE][PASSED] - Delayed 2 second(s)

2018-12-06 10:09:43 - [TEST_STEP][PASSED] - click: Object: 'Object Repository/Final Object Repo/Page_Request SSN - ASSIST/Confirm' is clicked on

2018-12-06 10:09:44 - [MESSAGE][PASSED] - Object: 'Object Repository/Final Object Repo/Page_Request SSN - ASSIST/Confirm' is clicked on

2018-12-06 10:09:44 - [TEST_STEP][PASSED] - delay: Delayed 2 second(s)

2018-12-06 10:09:46 - [MESSAGE][PASSED] - Delayed 2 second(s)

2018-12-06 10:09:46 - [TEST_STEP][PASSED] - verifyElementVisible: Object 'Object Repository/Final Object Repo/Page_Request SSN - ASSIST/Message This Case will be routed to RIO' is visible

2018-12-06 10:09:51 - [MESSAGE][PASSED] - Object 'Object Repository/Final Object Repo/Page_Request SSN - ASSIST/Message This Case will be routed to RIO' is visible

2018-12-06 10:09:51 - [TEST_STEP][PASSED] - delay: Delayed 2 second(s)

2018-12-06 10:09:53 - [MESSAGE][PASSED] - Delayed 2 second(s)

2018-12-06 10:09:53 - [TEST_STEP][PASSED] - verifyElementVisible: Object 'Object Repository/Final Object Repo/Page_Request SSN - ASSIST/Letter of acknowledgement' is visible

2018-12-06 10:09:53 - [MESSAGE][PASSED] - Object 'Object Repository/Final Object Repo/Page_Request SSN - ASSIST/Letter of acknowledgement' is visible

2018-12-06 10:09:53 - [MESSAGE][PASSED] - Call Test Case 'Test Cases/Final Aug 2018 - PKS Automation/Registration Module/Workflow/Request SSN/Template/Request SSN - OTC (Using Current Employer Code)' successfully

2018-12-06 10:09:53 - [TEST_STEP][PASSED] - delay: Delayed 2 second(s)

2018-12-06 10:09:55 - [MESSAGE][PASSED] - Delayed 2 second(s)

2018-12-06 10:09:55 - [TEST_STEP][PASSED] - navigateToUrl: Navigate to 'https://assist2-uat.perkeso.gov.my/c/portal/logout' successfully

2018-12-06 10:09:56 - [MESSAGE][PASSED] - Navigate to 'https://assist2-uat.perkeso.gov.my/c/portal/logout' successfully

2018-12-06 10:09:56 - [TEST_STEP][PASSED] - delay: Delayed 2 second(s)

2018-12-06 10:09:58 - [MESSAGE][PASSED] - Delayed 2 second(s)

2018-12-06 10:09:58 - [TEST_STEP][PASSED] - callTestCase: Call Test Case 'Test Cases/Final Aug 2018 - PKS Automation/Common/Workflow Owner Finder' successfully

2018-12-06 10:09:58 - [TEST_CASE][PASSED] - Test Cases/Final Aug 2018 - PKS Automation/Common/Workflow Owner Finder: Test Cases/Final Aug 2018 - PKS Automation/Common/Workflow Owner Finder

2018-12-06 10:09:58 - [TEST_STEP][PASSED] - openBrowser: Browser is opened with url: ''

2018-12-06 10:09:58 - [MESSAGE][WARNING] - A browser is already opened. Closing browser and opening a new one

2018-12-06 10:10:01 - [MESSAGE][PASSED] - Browser is opened with url: ''

2018-12-06 10:10:01 - [TEST_STEP][PASSED] - navigateToUrl: Navigate to 'https://assist2-uat.perkeso.gov.my/login' successfully

2018-12-06 10:10:02 - [MESSAGE][PASSED] - Navigate to 'https://assist2-uat.perkeso.gov.my/login' successfully

2018-12-06 10:10:02 - [TEST_STEP][PASSED] - delay: Delayed 5 second(s)

2018-12-06 10:10:07 - [MESSAGE][PASSED] - Delayed 5 second(s)

2018-12-06 10:10:07 - [TEST_STEP][PASSED] - setText: Text 'test@liferay.com' is set on object 'Object Repository/Final Object Repo/Login Page/Internal User/Email Address'

2018-12-06 10:10:08 - [MESSAGE][PASSED] - Text 'test@liferay.com' is set on object 'Object Repository/Final Object Repo/Login Page/Internal User/Email Address'

2018-12-06 10:10:08 - [TEST_STEP][PASSED] - click: Object: 'Object Repository/Final Object Repo/Login Page/Internal User/Next Button' is clicked on

2018-12-06 10:10:08 - [MESSAGE][PASSED] - Object: 'Object Repository/Final Object Repo/Login Page/Internal User/Next Button' is clicked on

2018-12-06 10:10:08 - [TEST_STEP][PASSED] - delay: Delayed 2 second(s)

2018-12-06 10:10:10 - [MESSAGE][PASSED] - Delayed 2 second(s)

2018-12-06 10:10:10 - [TEST_STEP][PASSED] - setText: Text 'test' is set on object 'Object Repository/Final Object Repo/Login Page/Internal User/Password'

2018-12-06 10:10:10 - [MESSAGE][PASSED] - Text 'test' is set on object 'Object Repository/Final Object Repo/Login Page/Internal User/Password'

2018-12-06 10:10:10 - [TEST_STEP][PASSED] - delay: Delayed 2 second(s)

2018-12-06 10:10:12 - [MESSAGE][PASSED] - Delayed 2 second(s)

2018-12-06 10:10:12 - [TEST_STEP][PASSED] - click: Object: 'Object Repository/Final Object Repo/Login Page/Internal User/Login Button' is clicked on

2018-12-06 10:10:12 - [MESSAGE][PASSED] - Object: 'Object Repository/Final Object Repo/Login Page/Internal User/Login Button' is clicked on

2018-12-06 10:10:12 - [TEST_STEP][PASSED] - Statement - tester = com.kms.katalon.core.testobject.ObjectRepository.findTestObject(Final Object Repo/Landing Page/Select to English): Finding Test Object with id 'Object Repository/Final Object Repo/Landing Page/Select to English'

2018-12-06 10:10:12 - [TEST_STEP][PASSED] - Statement - Try: Delayed 2 second(s)

2018-12-06 10:10:12 - [TEST_STEP][PASSED] - Statement - Checker = com.kms.katalon.core.webui.keyword.WebUiBuiltInKeywords.verifyElementNotPresent(tester, 3): Web element with id: 'Object Repository/Final Object Repo/Landing Page/Select to English' located by 'By.xpath: //a[@class = 'taglib-language-list-text' and @lang = 'en-US' and (contains(text(), 'EN') or contains(., 'EN'))]' is not present after '3' second(s)

2018-12-06 10:10:14 - [MESSAGE][PASSED] - Web element with id: 'Object Repository/Final Object Repo/Landing Page/Select to English' located by 'By.xpath: //a[@class = 'taglib-language-list-text' and @lang = 'en-US' and (contains(text(), 'EN') or contains(., 'EN'))]' is not present after '3' second(s)

2018-12-06 10:10:14 - [TEST_STEP][PASSED] - Statement - If (Checker == false): null

2018-12-06 10:10:14 - [TEST_STEP][PASSED] - delay: Delayed 2 second(s)

2018-12-06 10:10:16 - [MESSAGE][PASSED] - Delayed 2 second(s)

2018-12-06 10:10:16 - [TEST_STEP][PASSED] - delay: Delayed 5 second(s)

2018-12-06 10:10:21 - [MESSAGE][PASSED] - Delayed 5 second(s)

2018-12-06 10:10:21 - [TEST_STEP][PASSED] - mouseOver: Object: 'Object Repository/Final Object Repo/Landing Page/WorkFlow Menu' is hovered

2018-12-06 10:10:21 - [MESSAGE][PASSED] - Object: 'Object Repository/Final Object Repo/Landing Page/WorkFlow Menu' is hovered

2018-12-06 10:10:21 - [TEST_STEP][PASSED] - delay: Delayed 2 second(s)

2018-12-06 10:10:23 - [MESSAGE][PASSED] - Delayed 2 second(s)

2018-12-06 10:10:23 - [TEST_STEP][PASSED] - click: Object: 'Object Repository/Final Object Repo/Landing Page/Select to Workflow Listing' is clicked on

2018-12-06 10:10:25 - [MESSAGE][PASSED] - Object: 'Object Repository/Final Object Repo/Landing Page/Select to Workflow Listing' is clicked on

2018-12-06 10:10:25 - [TEST_STEP][PASSED] - delay: Delayed 2 second(s)

2018-12-06 10:10:27 - [MESSAGE][PASSED] - Delayed 2 second(s)

2018-12-06 10:10:27 - [TEST_STEP][PASSED] - click: Object: 'Object Repository/Final Object Repo/WorkFlow Listing Page/Search Information - To Put Ref No' is clicked on

2018-12-06 10:10:27 - [MESSAGE][PASSED] - Object: 'Object Repository/Final Object Repo/WorkFlow Listing Page/Search Information - To Put Ref No' is clicked on

2018-12-06 10:10:27 - [TEST_STEP][PASSED] - delay: Delayed 2 second(s)

2018-12-06 10:10:29 - [MESSAGE][PASSED] - Delayed 2 second(s)

2018-12-06 10:10:29 - [TEST_STEP][PASSED] - callTestCase: Call Test Case 'Test Cases/Final Aug 2018 - PKS Automation/Common/Reference Number Getter' successfully

2018-12-06 10:10:29 - [TEST_CASE][PASSED] - Test Cases/Final Aug 2018 - PKS Automation/Common/Reference Number Getter: Test Cases/Final Aug 2018 - PKS Automation/Common/Reference Number Getter

2018-12-06 10:10:29 - [TEST_STEP][PASSED] - Statement - Try: null

2018-12-06 10:10:29 - [TEST_STEP][PASSED] - Statement - RefNo = new java.io.File(C://Users//Admin//Desktop//PKS//Automation Reference Point//KatalonReference.txt): null

2018-12-06 10:10:29 - [TEST_STEP][PASSED] - Statement - bufferread = new java.io.BufferedReader(new java.io.FileReader(RefNo)): null

2018-12-06 10:10:29 - [TEST_STEP][PASSED] - Statement - readedVal = bufferread.readLine(): null

2018-12-06 10:10:29 - [TEST_STEP][PASSED] - Statement - out.println(CaseReferenceNo): null

2018-12-06 10:10:29 - [TEST_STEP][PASSED] - Statement - out.println(readedVal): null

2018-12-06 10:10:29 - [TEST_STEP][PASSED] - Statement - CaseReferenceNo = "": null

2018-12-06 10:10:29 - [TEST_STEP][PASSED] - Statement - CaseReferenceNo = readedVal: null

2018-12-06 10:10:29 - [MESSAGE][PASSED] - Call Test Case 'Test Cases/Final Aug 2018 - PKS Automation/Common/Reference Number Getter' successfully

2018-12-06 10:10:29 - [TEST_STEP][PASSED] - setText: Text 'SSN12201800001177' is set on object 'Object Repository/Final Object Repo/WorkFlow Listing Page/Ref No Set Text'

2018-12-06 10:10:29 - [MESSAGE][PASSED] - Text 'SSN12201800001177' is set on object 'Object Repository/Final Object Repo/WorkFlow Listing Page/Ref No Set Text'

2018-12-06 10:10:29 - [TEST_STEP][PASSED] - delay: Delayed 2 second(s)

2018-12-06 10:10:31 - [MESSAGE][PASSED] - Delayed 2 second(s)

2018-12-06 10:10:31 - [TEST_STEP][PASSED] - click: Object: 'Object Repository/Final Object Repo/WorkFlow Listing Page/Search Ref No Search Button' is clicked on

2018-12-06 10:10:31 - [MESSAGE][PASSED] - Object: 'Object Repository/Final Object Repo/WorkFlow Listing Page/Search Ref No Search Button' is clicked on

2018-12-06 10:10:31 - [TEST_STEP][PASSED] - delay: Delayed 6 second(s)

2018-12-06 10:10:37 - [MESSAGE][PASSED] - Delayed 6 second(s)

2018-12-06 10:10:37 - [TEST_STEP][PASSED] - click: Object: 'Object Repository/Final Object Repo/WorkFlow Listing Page/Click Continue Tooltip' is clicked on

2018-12-06 10:10:38 - [MESSAGE][PASSED] - Object: 'Object Repository/Final Object Repo/WorkFlow Listing Page/Click Continue Tooltip' is clicked on

2018-12-06 10:10:38 - [TEST_STEP][PASSED] - delay: Delayed 5 second(s)

2018-12-06 10:10:43 - [MESSAGE][PASSED] - Delayed 5 second(s)

2018-12-06 10:10:43 - [TEST_STEP][PASSED] - doubleClick: Object: 'Object Repository/Final Object Repo/WorkFlow Listing Page/Workflow Found - Listing 1' is double clicked on

2018-12-06 10:10:44 - [MESSAGE][PASSED] - Object: 'Object Repository/Final Object Repo/WorkFlow Listing Page/Workflow Found - Listing 1' is double clicked on

2018-12-06 10:10:44 - [TEST_STEP][PASSED] - Statement - println(OwnerID): null

2018-12-06 10:10:44 - [TEST_STEP][PASSED] - Statement - OwnerID = com.kms.katalon.core.webui.keyword.WebUiBuiltInKeywords.getText(com.kms.katalon.core.testobject.ObjectRepository.findTestObject(Final Object Repo/WorkFlow Listing Page/Workflow Found - Listing 1), STOP_ON_FAILURE): Text of object 'Object Repository/Final Object Repo/WorkFlow Listing Page/Workflow Found - Listing 1' is: 'JOHORrio3'

2018-12-06 10:10:44 - [MESSAGE][PASSED] - Text of object 'Object Repository/Final Object Repo/WorkFlow Listing Page/Workflow Found - Listing 1' is: 'JOHORrio3'

2018-12-06 10:10:44 - [TEST_STEP][PASSED] - Statement - OwnerID = OwnerID.toLowerCase() + "@gmail.com": null

2018-12-06 10:10:44 - [TEST_STEP][PASSED] - Statement - println(OwnerID): null

2018-12-06 10:10:44 - [TEST_STEP][PASSED] - delay: Delayed 2 second(s)

2018-12-06 10:10:46 - [MESSAGE][PASSED] - Delayed 2 second(s)

2018-12-06 10:10:46 - [MESSAGE][PASSED] - Call Test Case 'Test Cases/Final Aug 2018 - PKS Automation/Common/Workflow Owner Finder' successfully

2018-12-06 10:10:46 - [TEST_STEP][PASSED] - delay: Delayed 2 second(s)

2018-12-06 10:10:48 - [MESSAGE][PASSED] - Delayed 2 second(s)

2018-12-06 10:10:48 - [TEST_STEP][PASSED] - navigateToUrl: Navigate to 'https://assist2-uat.perkeso.gov.my/c/portal/logout' successfully

2018-12-06 10:10:49 - [MESSAGE][PASSED] - Navigate to 'https://assist2-uat.perkeso.gov.my/c/portal/logout' successfully

2018-12-06 10:10:49 - [TEST_STEP][PASSED] - delay: Delayed 2 second(s)

2018-12-06 10:10:51 - [MESSAGE][PASSED] - Delayed 2 second(s)

2018-12-06 10:10:51 - [TEST_STEP][PASSED] - callTestCase: Call Test Case 'Test Cases/Final Aug 2018 - PKS Automation/Registration Module/Workflow/Login and Search Case For Workflow' successfully

2018-12-06 10:10:51 - [TEST_CASE][PASSED] - Test Cases/Final Aug 2018 - PKS Automation/Registration Module/Workflow/Login and Search Case For Workflow: Test Cases/Final Aug 2018 - PKS Automation/Registration Module/Workflow/Login and Search Case For Workflow

2018-12-06 10:10:51 - [TEST_STEP][PASSED] - navigateToUrl: Navigate to 'https://assist2-uat.perkeso.gov.my/login' successfully

2018-12-06 10:10:51 - [MESSAGE][PASSED] - Navigate to 'https://assist2-uat.perkeso.gov.my/login' successfully

2018-12-06 10:10:51 - [TEST_STEP][PASSED] - setText: Text 'johorrio3@gmail.com' is set on object 'Object Repository/Final Object Repo/Login Page/Internal User/Email Address'

2018-12-06 10:10:52 - [MESSAGE][PASSED] - Text 'johorrio3@gmail.com' is set on object 'Object Repository/Final Object Repo/Login Page/Internal User/Email Address'

2018-12-06 10:10:52 - [TEST_STEP][PASSED] - click: Object: 'Object Repository/Final Object Repo/Login Page/Internal User/Next Button' is clicked on

2018-12-06 10:10:52 - [MESSAGE][PASSED] - Object: 'Object Repository/Final Object Repo/Login Page/Internal User/Next Button' is clicked on

2018-12-06 10:10:52 - [TEST_STEP][PASSED] - delay: Delayed 1 second(s)

2018-12-06 10:10:53 - [MESSAGE][PASSED] - Delayed 1 second(s)

2018-12-06 10:10:53 - [TEST_STEP][PASSED] - setEncryptedText: Text ****** has been set on object 'Object Repository/Final Object Repo/Login Page/Internal User/Password'

2018-12-06 10:10:53 - [MESSAGE][PASSED] - Text ****** has been set on object 'Object Repository/Final Object Repo/Login Page/Internal User/Password'

2018-12-06 10:10:53 - [TEST_STEP][PASSED] - click: Object: 'Object Repository/Final Object Repo/Login Page/Internal User/Login Button' is clicked on

2018-12-06 10:10:53 - [MESSAGE][PASSED] - Object: 'Object Repository/Final Object Repo/Login Page/Internal User/Login Button' is clicked on

2018-12-06 10:10:53 - [TEST_STEP][PASSED] - delay: Delayed 2 second(s)

2018-12-06 10:10:55 - [MESSAGE][PASSED] - Delayed 2 second(s)

2018-12-06 10:10:55 - [TEST_STEP][PASSED] - Statement - Try: Delayed 2 second(s)

2018-12-06 10:10:55 - [TEST_STEP][PASSED] - Statement - Checker = false: null

2018-12-06 10:10:55 - [TEST_STEP][PASSED] - Statement - Checker = com.kms.katalon.core.webui.keyword.WebUiBuiltInKeywords.verifyElementHasAttribute(com.kms.katalon.core.testobject.ObjectRepository.findTestObject(Final Object Repo/Landing Page/BM Detecting), "href", 20, OPTIONAL): Object 'Object Repository/Final Object Repo/Landing Page/BM Detecting' has attribute 'href'

2018-12-06 10:10:55 - [MESSAGE][PASSED] - Object 'Object Repository/Final Object Repo/Landing Page/BM Detecting' has attribute 'href'

2018-12-06 10:10:55 - [TEST_STEP][PASSED] - Statement - out.println(Checker): null

2018-12-06 10:10:55 - [TEST_STEP][PASSED] - Statement - If (Checker == false): null

2018-12-06 10:10:55 - [TEST_STEP][PASSED] - Statement - Else: null

2018-12-06 10:10:55 - [TEST_STEP][PASSED] - delay: Delayed 2 second(s)

2018-12-06 10:10:57 - [MESSAGE][PASSED] - Delayed 2 second(s)

2018-12-06 10:10:57 - [TEST_STEP][PASSED] - click: Object: 'Object Repository/Final Object Repo/Page_MyASSIST - ASSIST - Search Pending Case For Add Supporting Document/Search Information' is clicked on

2018-12-06 10:10:57 - [MESSAGE][PASSED] - Object: 'Object Repository/Final Object Repo/Page_MyASSIST - ASSIST - Search Pending Case For Add Supporting Document/Search Information' is clicked on

2018-12-06 10:10:57 - [TEST_STEP][PASSED] - delay: Delayed 3 second(s)

2018-12-06 10:11:00 - [MESSAGE][PASSED] - Delayed 3 second(s)

2018-12-06 10:11:00 - [TEST_STEP][PASSED] - sendKeys: Keys 'SSN12201800001177' sent to object: 'Object Repository/Final Object Repo/Page_MyASSIST - ASSIST - Search Pending Case For Add Supporting Document/Reference No'

2018-12-06 10:11:01 - [MESSAGE][PASSED] - Keys 'SSN12201800001177' sent to object: 'Object Repository/Final Object Repo/Page_MyASSIST - ASSIST - Search Pending Case For Add Supporting Document/Reference No'

2018-12-06 10:11:01 - [TEST_STEP][PASSED] - click: Object: 'Object Repository/Final Object Repo/Page_MyASSIST - ASSIST - Search Pending Case For Add Supporting Document/Search Reference No' is clicked on

2018-12-06 10:11:01 - [MESSAGE][PASSED] - Object: 'Object Repository/Final Object Repo/Page_MyASSIST - ASSIST - Search Pending Case For Add Supporting Document/Search Reference No' is clicked on

2018-12-06 10:11:01 - [TEST_STEP][PASSED] - delay: Delayed 2 second(s)

2018-12-06 10:11:03 - [MESSAGE][PASSED] - Delayed 2 second(s)

2018-12-06 10:11:03 - [TEST_STEP][PASSED] - click: Object: 'Object Repository/Final Object Repo/Page_MyASSIST - ASSIST - Search Pending Case For Add Supporting Document/Continue' is clicked on

2018-12-06 10:11:10 - [MESSAGE][PASSED] - Object: 'Object Repository/Final Object Repo/Page_MyASSIST - ASSIST - Search Pending Case For Add Supporting Document/Continue' is clicked on

2018-12-06 10:11:10 - [TEST_STEP][PASSED] - delay: Delayed 20 second(s)

2018-12-06 10:11:30 - [MESSAGE][PASSED] - Delayed 20 second(s)

2018-12-06 10:11:30 - [MESSAGE][PASSED] - Call Test Case 'Test Cases/Final Aug 2018 - PKS Automation/Registration Module/Workflow/Login and Search Case For Workflow' successfully

2018-12-06 10:11:30 - [TEST_STEP][PASSED] - callTestCase: Call Test Case 'Test Cases/Final Aug 2018 - PKS Automation/Registration Module/Workflow/Request SSN/Template/Request SSN - RIO' successfully

2018-12-06 10:11:30 - [TEST_CASE][PASSED] - Test Cases/Final Aug 2018 - PKS Automation/Registration Module/Workflow/Request SSN/Template/Request SSN - RIO: Test Cases/Final Aug 2018 - PKS Automation/Registration Module/Workflow/Request SSN/Template/Request SSN - RIO

2018-12-06 10:11:30 - [TEST_STEP][NOT_RUN] - openBrowser: NOT_RUN: openBrowser

2018-12-06 10:11:30 - [MESSAGE][NOT_RUN] - NOT_RUN: openBrowser

2018-12-06 10:11:30 - [TEST_STEP][NOT_RUN] - navigateToUrl: NOT_RUN: navigateToUrl

2018-12-06 10:11:30 - [MESSAGE][NOT_RUN] - NOT_RUN: navigateToUrl

2018-12-06 10:11:30 - [TEST_STEP][NOT_RUN] - setText: NOT_RUN: setText

2018-12-06 10:11:30 - [MESSAGE][NOT_RUN] - NOT_RUN: setText

2018-12-06 10:11:30 - [TEST_STEP][NOT_RUN] - click: NOT_RUN: click

2018-12-06 10:11:30 - [MESSAGE][NOT_RUN] - NOT_RUN: click

2018-12-06 10:11:30 - [TEST_STEP][NOT_RUN] - delay: NOT_RUN: delay

2018-12-06 10:11:30 - [MESSAGE][NOT_RUN] - NOT_RUN: delay

2018-12-06 10:11:30 - [TEST_STEP][NOT_RUN] - setEncryptedText: NOT_RUN: setEncryptedText

2018-12-06 10:11:30 - [MESSAGE][NOT_RUN] - NOT_RUN: setEncryptedText

2018-12-06 10:11:30 - [TEST_STEP][NOT_RUN] - click: NOT_RUN: click

2018-12-06 10:11:30 - [MESSAGE][NOT_RUN] - NOT_RUN: click

2018-12-06 10:11:30 - [TEST_STEP][NOT_RUN] - delay: NOT_RUN: delay

2018-12-06 10:11:30 - [MESSAGE][NOT_RUN] - NOT_RUN: delay

2018-12-06 10:11:30 - [TEST_STEP][NOT_RUN] - click: NOT_RUN: click

2018-12-06 10:11:30 - [MESSAGE][NOT_RUN] - NOT_RUN: click

2018-12-06 10:11:30 - [TEST_STEP][NOT_RUN] - sendKeys: NOT_RUN: sendKeys

2018-12-06 10:11:30 - [MESSAGE][NOT_RUN] - NOT_RUN: sendKeys

2018-12-06 10:11:30 - [TEST_STEP][NOT_RUN] - click: NOT_RUN: click

2018-12-06 10:11:30 - [MESSAGE][NOT_RUN] - NOT_RUN: click

2018-12-06 10:11:30 - [TEST_STEP][NOT_RUN] - delay: NOT_RUN: delay

2018-12-06 10:11:30 - [MESSAGE][NOT_RUN] - NOT_RUN: delay

2018-12-06 10:11:30 - [TEST_STEP][NOT_RUN] - click: NOT_RUN: click

2018-12-06 10:11:30 - [MESSAGE][NOT_RUN] - NOT_RUN: click

2018-12-06 10:11:30 - [TEST_STEP][PASSED] - delay: Delayed 2 second(s)

2018-12-06 10:11:32 - [MESSAGE][PASSED] - Delayed 2 second(s)

2018-12-06 10:11:32 - [TEST_STEP][PASSED] - click: Object: 'Object Repository/Final Object Repo/Page_Request SSN - ASSIST/Page_Request SSN - ASSIST - RIO/Recommend For SSN' is clicked on

2018-12-06 10:11:32 - [MESSAGE][PASSED] - Object: 'Object Repository/Final Object Repo/Page_Request SSN - ASSIST/Page_Request SSN - ASSIST - RIO/Recommend For SSN' is clicked on

2018-12-06 10:11:32 - [TEST_STEP][PASSED] - click: Object: 'Object Repository/Final Object Repo/Page_Request SSN - ASSIST/Page_Request SSN - ASSIST - RIO/Recommend For SSN  - Yes' is clicked on

2018-12-06 10:11:32 - [MESSAGE][PASSED] - Object: 'Object Repository/Final Object Repo/Page_Request SSN - ASSIST/Page_Request SSN - ASSIST - RIO/Recommend For SSN  - Yes' is clicked on

2018-12-06 10:11:32 - [TEST_STEP][PASSED] - delay: Delayed 2 second(s)

2018-12-06 10:11:34 - [MESSAGE][PASSED] - Delayed 2 second(s)

2018-12-06 10:11:34 - [TEST_STEP][PASSED] - click: Object: 'Object Repository/Final Object Repo/Page_Request SSN - ASSIST/Page_Request SSN - ASSIST - RIO/Save  Continue in SSN page' is clicked on

2018-12-06 10:11:35 - [MESSAGE][PASSED] - Object: 'Object Repository/Final Object Repo/Page_Request SSN - ASSIST/Page_Request SSN - ASSIST - RIO/Save  Continue in SSN page' is clicked on

2018-12-06 10:11:35 - [TEST_STEP][PASSED] - delay: Delayed 2 second(s)

2018-12-06 10:11:37 - [MESSAGE][PASSED] - Delayed 2 second(s)

2018-12-06 10:11:37 - [TEST_STEP][PASSED] - click: Object: 'Object Repository/Final Object Repo/Page_Request SSN - ASSIST/Page_Request SSN - ASSIST - RIO/Save  Continue in Upload Document Page' is clicked on

2018-12-06 10:11:39 - [MESSAGE][PASSED] - Object: 'Object Repository/Final Object Repo/Page_Request SSN - ASSIST/Page_Request SSN - ASSIST - RIO/Save  Continue in Upload Document Page' is clicked on

2018-12-06 10:11:39 - [TEST_STEP][PASSED] - delay: Delayed 2 second(s)

2018-12-06 10:11:41 - [MESSAGE][PASSED] - Delayed 2 second(s)

2018-12-06 10:11:41 - [TEST_STEP][PASSED] - click: Object: 'Object Repository/Final Object Repo/Page_Request SSN - ASSIST/Page_Request SSN - ASSIST - RIO/Submit' is clicked on

2018-12-06 10:11:44 - [MESSAGE][PASSED] - Object: 'Object Repository/Final Object Repo/Page_Request SSN - ASSIST/Page_Request SSN - ASSIST - RIO/Submit' is clicked on

2018-12-06 10:11:44 - [TEST_STEP][PASSED] - delay: Delayed 2 second(s)

2018-12-06 10:11:46 - [MESSAGE][PASSED] - Delayed 2 second(s)

2018-12-06 10:11:46 - [TEST_STEP][PASSED] - click: Object: 'Object Repository/Final Object Repo/Page_Request SSN - ASSIST/Page_Request SSN - ASSIST - RIO/Confirm' is clicked on

2018-12-06 10:11:46 - [MESSAGE][PASSED] - Object: 'Object Repository/Final Object Repo/Page_Request SSN - ASSIST/Page_Request SSN - ASSIST - RIO/Confirm' is clicked on

2018-12-06 10:11:46 - [MESSAGE][PASSED] - Call Test Case 'Test Cases/Final Aug 2018 - PKS Automation/Registration Module/Workflow/Request SSN/Template/Request SSN - RIO' successfully

2018-12-06 10:11:46 - [TEST_STEP][PASSED] - delay: Delayed 2 second(s)

2018-12-06 10:11:48 - [MESSAGE][PASSED] - Delayed 2 second(s)

2018-12-06 10:11:48 - [TEST_STEP][PASSED] - navigateToUrl: Navigate to 'https://assist2-uat.perkeso.gov.my/c/portal/logout' successfully

2018-12-06 10:11:53 - [MESSAGE][PASSED] - Navigate to 'https://assist2-uat.perkeso.gov.my/c/portal/logout' successfully

2018-12-06 10:11:53 - [TEST_STEP][PASSED] - delay: Delayed 2 second(s)

2018-12-06 10:11:55 - [MESSAGE][PASSED] - Delayed 2 second(s)

2018-12-06 10:11:55 - [TEST_STEP][PASSED] - callTestCase: Call Test Case 'Test Cases/Final Aug 2018 - PKS Automation/Common/Workflow Owner Finder' successfully

2018-12-06 10:11:55 - [TEST_CASE][PASSED] - Test Cases/Final Aug 2018 - PKS Automation/Common/Workflow Owner Finder: Test Cases/Final Aug 2018 - PKS Automation/Common/Workflow Owner Finder

2018-12-06 10:11:55 - [TEST_STEP][PASSED] - openBrowser: Browser is opened with url: ''

2018-12-06 10:11:55 - [MESSAGE][WARNING] - A browser is already opened. Closing browser and opening a new one

2018-12-06 10:11:58 - [MESSAGE][PASSED] - Browser is opened with url: ''

2018-12-06 10:11:58 - [TEST_STEP][PASSED] - navigateToUrl: Navigate to 'https://assist2-uat.perkeso.gov.my/login' successfully

2018-12-06 10:11:59 - [MESSAGE][PASSED] - Navigate to 'https://assist2-uat.perkeso.gov.my/login' successfully

2018-12-06 10:11:59 - [TEST_STEP][PASSED] - delay: Delayed 5 second(s)

2018-12-06 10:12:04 - [MESSAGE][PASSED] - Delayed 5 second(s)

2018-12-06 10:12:04 - [TEST_STEP][PASSED] - setText: Text 'test@liferay.com' is set on object 'Object Repository/Final Object Repo/Login Page/Internal User/Email Address'

2018-12-06 10:12:04 - [MESSAGE][PASSED] - Text 'test@liferay.com' is set on object 'Object Repository/Final Object Repo/Login Page/Internal User/Email Address'

2018-12-06 10:12:04 - [TEST_STEP][PASSED] - click: Object: 'Object Repository/Final Object Repo/Login Page/Internal User/Next Button' is clicked on

2018-12-06 10:12:05 - [MESSAGE][PASSED] - Object: 'Object Repository/Final Object Repo/Login Page/Internal User/Next Button' is clicked on

2018-12-06 10:12:05 - [TEST_STEP][PASSED] - delay: Delayed 2 second(s)

2018-12-06 10:12:07 - [MESSAGE][PASSED] - Delayed 2 second(s)

2018-12-06 10:12:08 - [TEST_STEP][PASSED] - setText: Text 'test' is set on object 'Object Repository/Final Object Repo/Login Page/Internal User/Password'

2018-12-06 10:12:08 - [MESSAGE][PASSED] - Text 'test' is set on object 'Object Repository/Final Object Repo/Login Page/Internal User/Password'

2018-12-06 10:12:08 - [TEST_STEP][PASSED] - delay: Delayed 2 second(s)

2018-12-06 10:12:10 - [MESSAGE][PASSED] - Delayed 2 second(s)

2018-12-06 10:12:10 - [TEST_STEP][PASSED] - click: Object: 'Object Repository/Final Object Repo/Login Page/Internal User/Login Button' is clicked on

2018-12-06 10:12:10 - [MESSAGE][PASSED] - Object: 'Object Repository/Final Object Repo/Login Page/Internal User/Login Button' is clicked on

2018-12-06 10:12:10 - [TEST_STEP][PASSED] - Statement - tester = com.kms.katalon.core.testobject.ObjectRepository.findTestObject(Final Object Repo/Landing Page/Select to English): Finding Test Object with id 'Object Repository/Final Object Repo/Landing Page/Select to English'

2018-12-06 10:12:10 - [TEST_STEP][PASSED] - Statement - Try: Delayed 2 second(s)

2018-12-06 10:12:10 - [TEST_STEP][PASSED] - Statement - Checker = com.kms.katalon.core.webui.keyword.WebUiBuiltInKeywords.verifyElementNotPresent(tester, 3): Web element with id: 'Object Repository/Final Object Repo/Landing Page/Select to English' located by 'By.xpath: //a[@class = 'taglib-language-list-text' and @lang = 'en-US' and (contains(text(), 'EN') or contains(., 'EN'))]' is not present after '3' second(s)

2018-12-06 10:12:12 - [MESSAGE][PASSED] - Web element with id: 'Object Repository/Final Object Repo/Landing Page/Select to English' located by 'By.xpath: //a[@class = 'taglib-language-list-text' and @lang = 'en-US' and (contains(text(), 'EN') or contains(., 'EN'))]' is not present after '3' second(s)

2018-12-06 10:12:12 - [TEST_STEP][PASSED] - Statement - If (Checker == false): null

2018-12-06 10:12:12 - [TEST_STEP][PASSED] - delay: Delayed 2 second(s)

2018-12-06 10:12:14 - [MESSAGE][PASSED] - Delayed 2 second(s)

2018-12-06 10:12:14 - [TEST_STEP][PASSED] - delay: Delayed 5 second(s)

2018-12-06 10:12:19 - [MESSAGE][PASSED] - Delayed 5 second(s)

2018-12-06 10:12:19 - [TEST_STEP][PASSED] - mouseOver: Object: 'Object Repository/Final Object Repo/Landing Page/WorkFlow Menu' is hovered

2018-12-06 10:12:19 - [MESSAGE][PASSED] - Object: 'Object Repository/Final Object Repo/Landing Page/WorkFlow Menu' is hovered

2018-12-06 10:12:19 - [TEST_STEP][PASSED] - delay: Delayed 2 second(s)

2018-12-06 10:12:21 - [MESSAGE][PASSED] - Delayed 2 second(s)

2018-12-06 10:12:21 - [TEST_STEP][PASSED] - click: Object: 'Object Repository/Final Object Repo/Landing Page/Select to Workflow Listing' is clicked on

2018-12-06 10:12:22 - [MESSAGE][PASSED] - Object: 'Object Repository/Final Object Repo/Landing Page/Select to Workflow Listing' is clicked on

2018-12-06 10:12:22 - [TEST_STEP][PASSED] - delay: Delayed 2 second(s)

2018-12-06 10:12:24 - [MESSAGE][PASSED] - Delayed 2 second(s)

2018-12-06 10:12:24 - [TEST_STEP][PASSED] - click: Object: 'Object Repository/Final Object Repo/WorkFlow Listing Page/Search Information - To Put Ref No' is clicked on

2018-12-06 10:12:25 - [MESSAGE][PASSED] - Object: 'Object Repository/Final Object Repo/WorkFlow Listing Page/Search Information - To Put Ref No' is clicked on

2018-12-06 10:12:25 - [TEST_STEP][PASSED] - delay: Delayed 2 second(s)

2018-12-06 10:12:27 - [MESSAGE][PASSED] - Delayed 2 second(s)

2018-12-06 10:12:27 - [TEST_STEP][PASSED] - callTestCase: Call Test Case 'Test Cases/Final Aug 2018 - PKS Automation/Common/Reference Number Getter' successfully

2018-12-06 10:12:27 - [TEST_CASE][PASSED] - Test Cases/Final Aug 2018 - PKS Automation/Common/Reference Number Getter: Test Cases/Final Aug 2018 - PKS Automation/Common/Reference Number Getter

2018-12-06 10:12:27 - [TEST_STEP][PASSED] - Statement - Try: null

2018-12-06 10:12:27 - [TEST_STEP][PASSED] - Statement - RefNo = new java.io.File(C://Users//Admin//Desktop//PKS//Automation Reference Point//KatalonReference.txt): null

2018-12-06 10:12:27 - [TEST_STEP][PASSED] - Statement - bufferread = new java.io.BufferedReader(new java.io.FileReader(RefNo)): null

2018-12-06 10:12:27 - [TEST_STEP][PASSED] - Statement - readedVal = bufferread.readLine(): null

2018-12-06 10:12:27 - [TEST_STEP][PASSED] - Statement - out.println(CaseReferenceNo): null

2018-12-06 10:12:27 - [TEST_STEP][PASSED] - Statement - out.println(readedVal): null

2018-12-06 10:12:27 - [TEST_STEP][PASSED] - Statement - CaseReferenceNo = "": null

2018-12-06 10:12:27 - [TEST_STEP][PASSED] - Statement - CaseReferenceNo = readedVal: null

2018-12-06 10:12:27 - [MESSAGE][PASSED] - Call Test Case 'Test Cases/Final Aug 2018 - PKS Automation/Common/Reference Number Getter' successfully

2018-12-06 10:12:27 - [TEST_STEP][PASSED] - setText: Text 'SSN12201800001177' is set on object 'Object Repository/Final Object Repo/WorkFlow Listing Page/Ref No Set Text'

2018-12-06 10:12:27 - [MESSAGE][PASSED] - Text 'SSN12201800001177' is set on object 'Object Repository/Final Object Repo/WorkFlow Listing Page/Ref No Set Text'

2018-12-06 10:12:27 - [TEST_STEP][PASSED] - delay: Delayed 2 second(s)

2018-12-06 10:12:29 - [MESSAGE][PASSED] - Delayed 2 second(s)

2018-12-06 10:12:29 - [TEST_STEP][PASSED] - click: Object: 'Object Repository/Final Object Repo/WorkFlow Listing Page/Search Ref No Search Button' is clicked on

2018-12-06 10:12:29 - [MESSAGE][PASSED] - Object: 'Object Repository/Final Object Repo/WorkFlow Listing Page/Search Ref No Search Button' is clicked on

2018-12-06 10:12:29 - [TEST_STEP][PASSED] - delay: Delayed 6 second(s)

2018-12-06 10:12:35 - [MESSAGE][PASSED] - Delayed 6 second(s)

2018-12-06 10:12:35 - [TEST_STEP][PASSED] - click: Object: 'Object Repository/Final Object Repo/WorkFlow Listing Page/Click Continue Tooltip' is clicked on

2018-12-06 10:12:36 - [MESSAGE][PASSED] - Object: 'Object Repository/Final Object Repo/WorkFlow Listing Page/Click Continue Tooltip' is clicked on

2018-12-06 10:12:36 - [TEST_STEP][PASSED] - delay: Delayed 5 second(s)

2018-12-06 10:12:41 - [MESSAGE][PASSED] - Delayed 5 second(s)

2018-12-06 10:12:41 - [TEST_STEP][PASSED] - doubleClick: Object: 'Object Repository/Final Object Repo/WorkFlow Listing Page/Workflow Found - Listing 1' is double clicked on

2018-12-06 10:12:41 - [MESSAGE][PASSED] - Object: 'Object Repository/Final Object Repo/WorkFlow Listing Page/Workflow Found - Listing 1' is double clicked on

2018-12-06 10:12:41 - [TEST_STEP][PASSED] - Statement - println(OwnerID): null

2018-12-06 10:12:41 - [TEST_STEP][PASSED] - Statement - OwnerID = com.kms.katalon.core.webui.keyword.WebUiBuiltInKeywords.getText(com.kms.katalon.core.testobject.ObjectRepository.findTestObject(Final Object Repo/WorkFlow Listing Page/Workflow Found - Listing 1), STOP_ON_FAILURE): Text of object 'Object Repository/Final Object Repo/WorkFlow Listing Page/Workflow Found - Listing 1' is: 'JOHORro1'

2018-12-06 10:12:41 - [MESSAGE][PASSED] - Text of object 'Object Repository/Final Object Repo/WorkFlow Listing Page/Workflow Found - Listing 1' is: 'JOHORro1'

2018-12-06 10:12:41 - [TEST_STEP][PASSED] - Statement - OwnerID = OwnerID.toLowerCase() + "@gmail.com": null

2018-12-06 10:12:41 - [TEST_STEP][PASSED] - Statement - println(OwnerID): null

2018-12-06 10:12:41 - [TEST_STEP][PASSED] - delay: Delayed 2 second(s)

2018-12-06 10:12:43 - [MESSAGE][PASSED] - Delayed 2 second(s)

2018-12-06 10:12:43 - [MESSAGE][PASSED] - Call Test Case 'Test Cases/Final Aug 2018 - PKS Automation/Common/Workflow Owner Finder' successfully

2018-12-06 10:12:43 - [TEST_STEP][PASSED] - delay: Delayed 2 second(s)

2018-12-06 10:12:45 - [MESSAGE][PASSED] - Delayed 2 second(s)

2018-12-06 10:12:45 - [TEST_STEP][PASSED] - navigateToUrl: Navigate to 'https://assist2-uat.perkeso.gov.my/c/portal/logout' successfully

2018-12-06 10:12:46 - [MESSAGE][PASSED] - Navigate to 'https://assist2-uat.perkeso.gov.my/c/portal/logout' successfully

2018-12-06 10:12:46 - [TEST_STEP][PASSED] - delay: Delayed 2 second(s)

2018-12-06 10:12:48 - [MESSAGE][PASSED] - Delayed 2 second(s)

2018-12-06 10:12:48 - [TEST_STEP][PASSED] - callTestCase: Call Test Case 'Test Cases/Final Aug 2018 - PKS Automation/Registration Module/Workflow/Login and Search Case For Workflow' successfully

2018-12-06 10:12:48 - [TEST_CASE][PASSED] - Test Cases/Final Aug 2018 - PKS Automation/Registration Module/Workflow/Login and Search Case For Workflow: Test Cases/Final Aug 2018 - PKS Automation/Registration Module/Workflow/Login and Search Case For Workflow

2018-12-06 10:12:48 - [TEST_STEP][PASSED] - navigateToUrl: Navigate to 'https://assist2-uat.perkeso.gov.my/login' successfully

2018-12-06 10:12:49 - [MESSAGE][PASSED] - Navigate to 'https://assist2-uat.perkeso.gov.my/login' successfully

2018-12-06 10:12:49 - [TEST_STEP][PASSED] - setText: Text 'johorro1@gmail.com' is set on object 'Object Repository/Final Object Repo/Login Page/Internal User/Email Address'

2018-12-06 10:12:49 - [MESSAGE][PASSED] - Text 'johorro1@gmail.com' is set on object 'Object Repository/Final Object Repo/Login Page/Internal User/Email Address'

2018-12-06 10:12:49 - [TEST_STEP][PASSED] - click: Object: 'Object Repository/Final Object Repo/Login Page/Internal User/Next Button' is clicked on

2018-12-06 10:12:49 - [MESSAGE][PASSED] - Object: 'Object Repository/Final Object Repo/Login Page/Internal User/Next Button' is clicked on

2018-12-06 10:12:49 - [TEST_STEP][PASSED] - delay: Delayed 1 second(s)

2018-12-06 10:12:50 - [MESSAGE][PASSED] - Delayed 1 second(s)

2018-12-06 10:12:50 - [TEST_STEP][PASSED] - setEncryptedText: Text ****** has been set on object 'Object Repository/Final Object Repo/Login Page/Internal User/Password'

2018-12-06 10:12:51 - [MESSAGE][PASSED] - Text ****** has been set on object 'Object Repository/Final Object Repo/Login Page/Internal User/Password'

2018-12-06 10:12:51 - [TEST_STEP][PASSED] - click: Object: 'Object Repository/Final Object Repo/Login Page/Internal User/Login Button' is clicked on

2018-12-06 10:12:51 - [MESSAGE][PASSED] - Object: 'Object Repository/Final Object Repo/Login Page/Internal User/Login Button' is clicked on

2018-12-06 10:12:51 - [TEST_STEP][PASSED] - delay: Delayed 2 second(s)

2018-12-06 10:12:53 - [MESSAGE][PASSED] - Delayed 2 second(s)

2018-12-06 10:12:53 - [TEST_STEP][PASSED] - Statement - Try: Delayed 2 second(s)

2018-12-06 10:12:53 - [TEST_STEP][PASSED] - Statement - Checker = false: null

2018-12-06 10:12:53 - [TEST_STEP][PASSED] - Statement - Checker = com.kms.katalon.core.webui.keyword.WebUiBuiltInKeywords.verifyElementHasAttribute(com.kms.katalon.core.testobject.ObjectRepository.findTestObject(Final Object Repo/Landing Page/BM Detecting), "href", 20, OPTIONAL): Object 'Object Repository/Final Object Repo/Landing Page/BM Detecting' has attribute 'href'

2018-12-06 10:12:53 - [MESSAGE][PASSED] - Object 'Object Repository/Final Object Repo/Landing Page/BM Detecting' has attribute 'href'

2018-12-06 10:12:53 - [TEST_STEP][PASSED] - Statement - out.println(Checker): null

2018-12-06 10:12:53 - [TEST_STEP][PASSED] - Statement - If (Checker == false): null

2018-12-06 10:12:53 - [TEST_STEP][PASSED] - Statement - Else: null

2018-12-06 10:12:53 - [TEST_STEP][PASSED] - delay: Delayed 2 second(s)

2018-12-06 10:12:55 - [MESSAGE][PASSED] - Delayed 2 second(s)

2018-12-06 10:12:55 - [TEST_STEP][PASSED] - click: Object: 'Object Repository/Final Object Repo/Page_MyASSIST - ASSIST - Search Pending Case For Add Supporting Document/Search Information' is clicked on

2018-12-06 10:12:55 - [MESSAGE][PASSED] - Object: 'Object Repository/Final Object Repo/Page_MyASSIST - ASSIST - Search Pending Case For Add Supporting Document/Search Information' is clicked on

2018-12-06 10:12:55 - [TEST_STEP][PASSED] - delay: Delayed 3 second(s)

2018-12-06 10:12:58 - [MESSAGE][PASSED] - Delayed 3 second(s)

2018-12-06 10:12:58 - [TEST_STEP][PASSED] - sendKeys: Keys 'SSN12201800001177' sent to object: 'Object Repository/Final Object Repo/Page_MyASSIST - ASSIST - Search Pending Case For Add Supporting Document/Reference No'

2018-12-06 10:12:58 - [MESSAGE][PASSED] - Keys 'SSN12201800001177' sent to object: 'Object Repository/Final Object Repo/Page_MyASSIST - ASSIST - Search Pending Case For Add Supporting Document/Reference No'

2018-12-06 10:12:58 - [TEST_STEP][PASSED] - click: Object: 'Object Repository/Final Object Repo/Page_MyASSIST - ASSIST - Search Pending Case For Add Supporting Document/Search Reference No' is clicked on

2018-12-06 10:12:59 - [MESSAGE][PASSED] - Object: 'Object Repository/Final Object Repo/Page_MyASSIST - ASSIST - Search Pending Case For Add Supporting Document/Search Reference No' is clicked on

2018-12-06 10:12:59 - [TEST_STEP][PASSED] - delay: Delayed 2 second(s)

2018-12-06 10:13:01 - [MESSAGE][PASSED] - Delayed 2 second(s)

2018-12-06 10:13:01 - [TEST_STEP][PASSED] - click: Object: 'Object Repository/Final Object Repo/Page_MyASSIST - ASSIST - Search Pending Case For Add Supporting Document/Continue' is clicked on

2018-12-06 10:13:07 - [MESSAGE][PASSED] - Object: 'Object Repository/Final Object Repo/Page_MyASSIST - ASSIST - Search Pending Case For Add Supporting Document/Continue' is clicked on

2018-12-06 10:13:07 - [TEST_STEP][PASSED] - delay: Delayed 20 second(s)

2018-12-06 10:13:27 - [MESSAGE][PASSED] - Delayed 20 second(s)

2018-12-06 10:13:27 - [MESSAGE][PASSED] - Call Test Case 'Test Cases/Final Aug 2018 - PKS Automation/Registration Module/Workflow/Login and Search Case For Workflow' successfully

2018-12-06 10:13:27 - [TEST_STEP][PASSED] - callTestCase: Call Test Case 'Test Cases/Final Aug 2018 - PKS Automation/Registration Module/Workflow/Request SSN/Template/Request SSN - RO (Approve)' successfully

2018-12-06 10:13:27 - [TEST_CASE][PASSED] - Test Cases/Final Aug 2018 - PKS Automation/Registration Module/Workflow/Request SSN/Template/Request SSN - RO (Approve): Test Cases/Final Aug 2018 - PKS Automation/Registration Module/Workflow/Request SSN/Template/Request SSN - RO (Approve)

2018-12-06 10:13:27 - [TEST_STEP][NOT_RUN] - openBrowser: NOT_RUN: openBrowser

2018-12-06 10:13:27 - [MESSAGE][NOT_RUN] - NOT_RUN: openBrowser

2018-12-06 10:13:27 - [TEST_STEP][NOT_RUN] - navigateToUrl: NOT_RUN: navigateToUrl

2018-12-06 10:13:27 - [MESSAGE][NOT_RUN] - NOT_RUN: navigateToUrl

2018-12-06 10:13:27 - [TEST_STEP][NOT_RUN] - setText: NOT_RUN: setText

2018-12-06 10:13:27 - [MESSAGE][NOT_RUN] - NOT_RUN: setText

2018-12-06 10:13:27 - [TEST_STEP][NOT_RUN] - click: NOT_RUN: click

2018-12-06 10:13:27 - [MESSAGE][NOT_RUN] - NOT_RUN: click

2018-12-06 10:13:27 - [TEST_STEP][NOT_RUN] - delay: NOT_RUN: delay

2018-12-06 10:13:27 - [MESSAGE][NOT_RUN] - NOT_RUN: delay

2018-12-06 10:13:27 - [TEST_STEP][NOT_RUN] - setEncryptedText: NOT_RUN: setEncryptedText

2018-12-06 10:13:27 - [MESSAGE][NOT_RUN] - NOT_RUN: setEncryptedText

2018-12-06 10:13:27 - [TEST_STEP][NOT_RUN] - click: NOT_RUN: click

2018-12-06 10:13:27 - [MESSAGE][NOT_RUN] - NOT_RUN: click

2018-12-06 10:13:27 - [TEST_STEP][NOT_RUN] - delay: NOT_RUN: delay

2018-12-06 10:13:27 - [MESSAGE][NOT_RUN] - NOT_RUN: delay

2018-12-06 10:13:27 - [TEST_STEP][NOT_RUN] - click: NOT_RUN: click

2018-12-06 10:13:27 - [MESSAGE][NOT_RUN] - NOT_RUN: click

2018-12-06 10:13:27 - [TEST_STEP][NOT_RUN] - delay: NOT_RUN: delay

2018-12-06 10:13:27 - [MESSAGE][NOT_RUN] - NOT_RUN: delay

2018-12-06 10:13:27 - [TEST_STEP][NOT_RUN] - sendKeys: NOT_RUN: sendKeys

2018-12-06 10:13:27 - [MESSAGE][NOT_RUN] - NOT_RUN: sendKeys

2018-12-06 10:13:27 - [TEST_STEP][NOT_RUN] - click: NOT_RUN: click

2018-12-06 10:13:27 - [MESSAGE][NOT_RUN] - NOT_RUN: click

2018-12-06 10:13:27 - [TEST_STEP][NOT_RUN] - delay: NOT_RUN: delay

2018-12-06 10:13:27 - [MESSAGE][NOT_RUN] - NOT_RUN: delay

2018-12-06 10:13:27 - [TEST_STEP][NOT_RUN] - click: NOT_RUN: click

2018-12-06 10:13:27 - [MESSAGE][NOT_RUN] - NOT_RUN: click

2018-12-06 10:13:27 - [TEST_STEP][PASSED] - click: Object: 'Object Repository/Final Object Repo/Page_Request SSN - ASSIST/Page_Request SSN - ASSIST - RO/Approval For SSN' is clicked on

2018-12-06 10:13:27 - [MESSAGE][PASSED] - Object: 'Object Repository/Final Object Repo/Page_Request SSN - ASSIST/Page_Request SSN - ASSIST - RO/Approval For SSN' is clicked on

2018-12-06 10:13:27 - [TEST_STEP][PASSED] - click: Object: 'Object Repository/Final Object Repo/Page_Request SSN - ASSIST/Page_Request SSN - ASSIST - RO/Approval For SSN - Approve' is clicked on

2018-12-06 10:13:28 - [MESSAGE][PASSED] - Object: 'Object Repository/Final Object Repo/Page_Request SSN - ASSIST/Page_Request SSN - ASSIST - RO/Approval For SSN - Approve' is clicked on

2018-12-06 10:13:28 - [TEST_STEP][PASSED] - delay: Delayed 2 second(s)

2018-12-06 10:13:30 - [MESSAGE][PASSED] - Delayed 2 second(s)

2018-12-06 10:13:30 - [TEST_STEP][PASSED] - click: Object: 'Object Repository/Final Object Repo/Page_Request SSN - ASSIST/Page_Request SSN - ASSIST - RO/Save  Continue in SSN Page' is clicked on

2018-12-06 10:13:30 - [MESSAGE][PASSED] - Object: 'Object Repository/Final Object Repo/Page_Request SSN - ASSIST/Page_Request SSN - ASSIST - RO/Save  Continue in SSN Page' is clicked on

2018-12-06 10:13:30 - [TEST_STEP][PASSED] - delay: Delayed 2 second(s)

2018-12-06 10:13:32 - [MESSAGE][PASSED] - Delayed 2 second(s)

2018-12-06 10:13:32 - [TEST_STEP][PASSED] - click: Object: 'Object Repository/Final Object Repo/Page_Request SSN - ASSIST/Page_Request SSN - ASSIST - RO/Save  Continue in Uploading Document Page' is clicked on

2018-12-06 10:13:35 - [MESSAGE][PASSED] - Object: 'Object Repository/Final Object Repo/Page_Request SSN - ASSIST/Page_Request SSN - ASSIST - RO/Save  Continue in Uploading Document Page' is clicked on

2018-12-06 10:13:35 - [TEST_STEP][PASSED] - delay: Delayed 2 second(s)

2018-12-06 10:13:37 - [MESSAGE][PASSED] - Delayed 2 second(s)

2018-12-06 10:13:37 - [TEST_STEP][PASSED] - click: Object: 'Object Repository/Final Object Repo/Page_Request SSN - ASSIST/Page_Request SSN - ASSIST - RO/Submit' is clicked on

2018-12-06 10:13:39 - [MESSAGE][PASSED] - Object: 'Object Repository/Final Object Repo/Page_Request SSN - ASSIST/Page_Request SSN - ASSIST - RO/Submit' is clicked on

2018-12-06 10:13:39 - [TEST_STEP][PASSED] - delay: Delayed 2 second(s)

2018-12-06 10:13:41 - [MESSAGE][PASSED] - Delayed 2 second(s)

2018-12-06 10:13:41 - [TEST_STEP][PASSED] - click: Object: 'Object Repository/Final Object Repo/Page_Request SSN - ASSIST/Page_Request SSN - ASSIST - RO/Confirm' is clicked on

2018-12-06 10:13:42 - [MESSAGE][PASSED] - Object: 'Object Repository/Final Object Repo/Page_Request SSN - ASSIST/Page_Request SSN - ASSIST - RO/Confirm' is clicked on

2018-12-06 10:13:42 - [TEST_STEP][PASSED] - delay: Delayed 2 second(s)

2018-12-06 10:13:44 - [MESSAGE][PASSED] - Delayed 2 second(s)

2018-12-06 10:13:44 - [TEST_STEP][PASSED] - verifyElementVisible: Object 'Object Repository/Final Object Repo/Page_Request SSN - ASSIST/Page_Request SSN - ASSIST - RO/Successfull Message Your application has submitted' is visible

2018-12-06 10:13:51 - [MESSAGE][PASSED] - Object 'Object Repository/Final Object Repo/Page_Request SSN - ASSIST/Page_Request SSN - ASSIST - RO/Successfull Message Your application has submitted' is visible

2018-12-06 10:13:51 - [TEST_STEP][PASSED] - delay: Delayed 2 second(s)

2018-12-06 10:13:53 - [MESSAGE][PASSED] - Delayed 2 second(s)

2018-12-06 10:13:53 - [TEST_STEP][PASSED] - verifyElementVisible: Object 'Object Repository/Final Object Repo/Page_Request SSN - ASSIST/Page_Request SSN - ASSIST - RO/Letter of approval' is visible

2018-12-06 10:13:53 - [MESSAGE][PASSED] - Object 'Object Repository/Final Object Repo/Page_Request SSN - ASSIST/Page_Request SSN - ASSIST - RO/Letter of approval' is visible

2018-12-06 10:13:53 - [MESSAGE][PASSED] - Call Test Case 'Test Cases/Final Aug 2018 - PKS Automation/Registration Module/Workflow/Request SSN/Template/Request SSN - RO (Approve)' successfully

2018-12-06 10:13:53 - [MESSAGE][PASSED] - Call Test Case 'Test Cases/Final Aug 2018 - PKS Automation/Registration Module/Workflow/Request SSN/Template/Request SSN RIO - RO (Approve and Using Current Employer Code)' successfully]]></system-out>
         <system-err><![CDATA[]]></system-err>
      </testcase>
      <testcase name="Test Cases/Final Aug 2018 - PKS Automation/Registration Module/Workflow/Request SSN/PKRBO - RIO - RO (Query)" classname="Test Cases/Final Aug 2018 - PKS Automation/Registration Module/Workflow/Request SSN/PKRBO - RIO - RO (Query)" status="PASSED">
         <system-out><![CDATA[2018-12-06 10:13:53 - [TEST_CASE][PASSED] - Test Cases/Final Aug 2018 - PKS Automation/Registration Module/Workflow/Request SSN/PKRBO - RIO - RO (Query): Test Cases/Final Aug 2018 - PKS Automation/Registration Module/Workflow/Request SSN/PKRBO - RIO - RO (Query)

2018-12-06 10:13:53 - [TEST_STEP][PASSED] - callTestCase: Call Test Case 'Test Cases/Final Aug 2018 - PKS Automation/Registration Module/Workflow/Request SSN/Template/Request SSN - PKRBO' successfully

2018-12-06 10:13:53 - [TEST_CASE][PASSED] - Test Cases/Final Aug 2018 - PKS Automation/Registration Module/Workflow/Request SSN/Template/Request SSN - PKRBO: Test Cases/Final Aug 2018 - PKS Automation/Registration Module/Workflow/Request SSN/Template/Request SSN - PKRBO

2018-12-06 10:13:53 - [TEST_STEP][PASSED] - openBrowser: Browser is opened with url: ''

2018-12-06 10:13:53 - [MESSAGE][WARNING] - A browser is already opened. Closing browser and opening a new one

2018-12-06 10:13:56 - [MESSAGE][PASSED] - Browser is opened with url: ''

2018-12-06 10:13:56 - [TEST_STEP][PASSED] - navigateToUrl: Navigate to 'https://assist2-uat.perkeso.gov.my/login' successfully

2018-12-06 10:13:57 - [MESSAGE][PASSED] - Navigate to 'https://assist2-uat.perkeso.gov.my/login' successfully

2018-12-06 10:13:57 - [TEST_STEP][PASSED] - setText: Text 'johorpkrbo1@gmail.com' is set on object 'Object Repository/Final Object Repo/Login Page/Internal User/Email Address'

2018-12-06 10:13:58 - [MESSAGE][PASSED] - Text 'johorpkrbo1@gmail.com' is set on object 'Object Repository/Final Object Repo/Login Page/Internal User/Email Address'

2018-12-06 10:13:58 - [TEST_STEP][PASSED] - click: Object: 'Object Repository/Final Object Repo/Login Page/Internal User/Next Button' is clicked on

2018-12-06 10:13:58 - [MESSAGE][PASSED] - Object: 'Object Repository/Final Object Repo/Login Page/Internal User/Next Button' is clicked on

2018-12-06 10:13:58 - [TEST_STEP][PASSED] - delay: Delayed 1 second(s)

2018-12-06 10:13:59 - [MESSAGE][PASSED] - Delayed 1 second(s)

2018-12-06 10:13:59 - [TEST_STEP][PASSED] - setEncryptedText: Text ****** has been set on object 'Object Repository/Final Object Repo/Login Page/Internal User/Password'

2018-12-06 10:13:59 - [MESSAGE][PASSED] - Text ****** has been set on object 'Object Repository/Final Object Repo/Login Page/Internal User/Password'

2018-12-06 10:13:59 - [TEST_STEP][PASSED] - click: Object: 'Object Repository/Final Object Repo/Login Page/Internal User/Login Button' is clicked on

2018-12-06 10:13:59 - [MESSAGE][PASSED] - Object: 'Object Repository/Final Object Repo/Login Page/Internal User/Login Button' is clicked on

2018-12-06 10:13:59 - [TEST_STEP][PASSED] - Statement - Try: null

2018-12-06 10:13:59 - [TEST_STEP][PASSED] - Statement - Checker = com.kms.katalon.core.webui.keyword.WebUiBuiltInKeywords.verifyElementNotPresent("Final Object Repo/Landing Page/Select to English", 3): null

2018-12-06 10:13:59 - [TEST_STEP][PASSED] - Statement - Catch (Exception e): null

2018-12-06 10:13:59 - [TEST_STEP][PASSED] - Statement - e.printStackTrace(): null

2018-12-06 10:13:59 - [TEST_STEP][PASSED] - delay: Delayed 5 second(s)

2018-12-06 10:14:04 - [MESSAGE][PASSED] - Delayed 5 second(s)

2018-12-06 10:14:04 - [TEST_STEP][PASSED] - delay: Delayed 1 second(s)

2018-12-06 10:14:05 - [MESSAGE][PASSED] - Delayed 1 second(s)

2018-12-06 10:14:05 - [TEST_STEP][PASSED] - navigateToUrl: Navigate to 'https://assist2-uat.perkeso.gov.my/web/registration/request-ssn' successfully

2018-12-06 10:14:09 - [MESSAGE][PASSED] - Navigate to 'https://assist2-uat.perkeso.gov.my/web/registration/request-ssn' successfully

2018-12-06 10:14:09 - [TEST_STEP][PASSED] - setText: Text 'perkeso' is set on object 'Object Repository/Final Object Repo/Page_Request SSN - ASSIST/AI - Name'

2018-12-06 10:14:10 - [MESSAGE][PASSED] - Text 'perkeso' is set on object 'Object Repository/Final Object Repo/Page_Request SSN - ASSIST/AI - Name'

2018-12-06 10:14:10 - [TEST_STEP][PASSED] - click: Object: 'Object Repository/Final Object Repo/Page_Request SSN - ASSIST/AI - DOB' is clicked on

2018-12-06 10:14:10 - [MESSAGE][PASSED] - Object: 'Object Repository/Final Object Repo/Page_Request SSN - ASSIST/AI - DOB' is clicked on

2018-12-06 10:14:10 - [TEST_STEP][PASSED] - selectOptionByValue: All options with value '1995' are selected in object 'Object Repository/Final Object Repo/Page_Request SSN - ASSIST/AI - DOB - Year' 

2018-12-06 10:14:11 - [MESSAGE][PASSED] - All options with value '1995' are selected in object 'Object Repository/Final Object Repo/Page_Request SSN - ASSIST/AI - DOB - Year' 

2018-12-06 10:14:11 - [TEST_STEP][PASSED] - delay: Delayed 3 second(s)

2018-12-06 10:14:14 - [MESSAGE][PASSED] - Delayed 3 second(s)

2018-12-06 10:14:14 - [TEST_STEP][PASSED] - doubleClick: Object: 'Object Repository/Final Object Repo/Page_Request SSN - ASSIST/AI - DOB - Year - Date' is double clicked on

2018-12-06 10:14:14 - [MESSAGE][PASSED] - Object: 'Object Repository/Final Object Repo/Page_Request SSN - ASSIST/AI - DOB - Year - Date' is double clicked on

2018-12-06 10:14:14 - [TEST_STEP][PASSED] - click: Object: 'Object Repository/Final Object Repo/Page_Request SSN - ASSIST/AI - Male' is clicked on

2018-12-06 10:14:14 - [MESSAGE][PASSED] - Object: 'Object Repository/Final Object Repo/Page_Request SSN - ASSIST/AI - Male' is clicked on

2018-12-06 10:14:14 - [TEST_STEP][PASSED] - click: Object: 'Object Repository/Final Object Repo/Page_Request SSN - ASSIST/AI- Race' is clicked on

2018-12-06 10:14:14 - [MESSAGE][PASSED] - Object: 'Object Repository/Final Object Repo/Page_Request SSN - ASSIST/AI- Race' is clicked on

2018-12-06 10:14:14 - [TEST_STEP][PASSED] - click: Object: 'Object Repository/Final Object Repo/Page_Request SSN - ASSIST/AI - Race - Melayu' is clicked on

2018-12-06 10:14:15 - [MESSAGE][PASSED] - Object: 'Object Repository/Final Object Repo/Page_Request SSN - ASSIST/AI - Race - Melayu' is clicked on

2018-12-06 10:14:15 - [TEST_STEP][PASSED] - click: Object: 'Object Repository/Final Object Repo/Page_Request SSN - ASSIST/AI - Religion' is clicked on

2018-12-06 10:14:15 - [MESSAGE][PASSED] - Object: 'Object Repository/Final Object Repo/Page_Request SSN - ASSIST/AI - Religion' is clicked on

2018-12-06 10:14:15 - [TEST_STEP][PASSED] - click: Object: 'Object Repository/Final Object Repo/Page_Request SSN - ASSIST/AI - Religion - Islam' is clicked on

2018-12-06 10:14:15 - [MESSAGE][PASSED] - Object: 'Object Repository/Final Object Repo/Page_Request SSN - ASSIST/AI - Religion - Islam' is clicked on

2018-12-06 10:14:15 - [TEST_STEP][PASSED] - setText: Text '12345' is set on object 'Object Repository/Final Object Repo/Page_Request SSN - ASSIST/AI - Birth Certificate'

2018-12-06 10:14:16 - [MESSAGE][PASSED] - Text '12345' is set on object 'Object Repository/Final Object Repo/Page_Request SSN - ASSIST/AI - Birth Certificate'

2018-12-06 10:14:16 - [TEST_STEP][PASSED] - click: Object: 'Object Repository/Final Object Repo/Page_Request SSN - ASSIST/AI - Nationality' is clicked on

2018-12-06 10:14:16 - [MESSAGE][PASSED] - Object: 'Object Repository/Final Object Repo/Page_Request SSN - ASSIST/AI - Nationality' is clicked on

2018-12-06 10:14:16 - [TEST_STEP][PASSED] - click: Object: 'Object Repository/Final Object Repo/Page_Request SSN - ASSIST/AI - Nationality - Afghanistan' is clicked on

2018-12-06 10:14:16 - [MESSAGE][PASSED] - Object: 'Object Repository/Final Object Repo/Page_Request SSN - ASSIST/AI - Nationality - Afghanistan' is clicked on

2018-12-06 10:14:16 - [TEST_STEP][PASSED] - setText: Text 'PERKESO ADDRESS1' is set on object 'Object Repository/Final Object Repo/Page_Request SSN - ASSIST/AI - Address1'

2018-12-06 10:14:18 - [MESSAGE][PASSED] - Text 'PERKESO ADDRESS1' is set on object 'Object Repository/Final Object Repo/Page_Request SSN - ASSIST/AI - Address1'

2018-12-06 10:14:18 - [TEST_STEP][PASSED] - setText: Text 'PERKESO ADDRESS2' is set on object 'Object Repository/Final Object Repo/Page_Request SSN - ASSIST/AI - Address2'

2018-12-06 10:14:19 - [MESSAGE][PASSED] - Text 'PERKESO ADDRESS2' is set on object 'Object Repository/Final Object Repo/Page_Request SSN - ASSIST/AI - Address2'

2018-12-06 10:14:19 - [TEST_STEP][PASSED] - setText: Text 'PERKESO ADDRESS3' is set on object 'Object Repository/Final Object Repo/Page_Request SSN - ASSIST/AI - Address3'

2018-12-06 10:14:20 - [MESSAGE][PASSED] - Text 'PERKESO ADDRESS3' is set on object 'Object Repository/Final Object Repo/Page_Request SSN - ASSIST/AI - Address3'

2018-12-06 10:14:20 - [TEST_STEP][PASSED] - click: Object: 'Object Repository/Final Object Repo/Page_Request SSN - ASSIST/AI - State' is clicked on

2018-12-06 10:14:20 - [MESSAGE][PASSED] - Object: 'Object Repository/Final Object Repo/Page_Request SSN - ASSIST/AI - State' is clicked on

2018-12-06 10:14:20 - [TEST_STEP][PASSED] - click: Object: 'Object Repository/Final Object Repo/Page_Request SSN - ASSIST/AI - Current Employer State - Johor' is clicked on

2018-12-06 10:14:21 - [MESSAGE][PASSED] - Object: 'Object Repository/Final Object Repo/Page_Request SSN - ASSIST/AI - Current Employer State - Johor' is clicked on

2018-12-06 10:14:21 - [TEST_STEP][PASSED] - click: Object: 'Object Repository/Final Object Repo/Page_Request SSN - ASSIST/AI - City' is clicked on

2018-12-06 10:14:21 - [MESSAGE][PASSED] - Object: 'Object Repository/Final Object Repo/Page_Request SSN - ASSIST/AI - City' is clicked on

2018-12-06 10:14:21 - [TEST_STEP][PASSED] - setText: Text 'JOH' is set on object 'Object Repository/Final Object Repo/Page_Request SSN - ASSIST/AI - City - JOH'

2018-12-06 10:14:22 - [MESSAGE][PASSED] - Text 'JOH' is set on object 'Object Repository/Final Object Repo/Page_Request SSN - ASSIST/AI - City - JOH'

2018-12-06 10:14:22 - [TEST_STEP][PASSED] - delay: Delayed 3 second(s)

2018-12-06 10:14:25 - [MESSAGE][PASSED] - Delayed 3 second(s)

2018-12-06 10:14:25 - [TEST_STEP][PASSED] - click: Object: 'Object Repository/Final Object Repo/Page_Request SSN - ASSIST/AI - City - Johor Bharu' is clicked on

2018-12-06 10:14:25 - [MESSAGE][PASSED] - Object: 'Object Repository/Final Object Repo/Page_Request SSN - ASSIST/AI - City - Johor Bharu' is clicked on

2018-12-06 10:14:25 - [TEST_STEP][PASSED] - click: Object: 'Object Repository/Final Object Repo/Page_Request SSN - ASSIST/AI - Post Code' is clicked on

2018-12-06 10:14:25 - [MESSAGE][PASSED] - Object: 'Object Repository/Final Object Repo/Page_Request SSN - ASSIST/AI - Post Code' is clicked on

2018-12-06 10:14:25 - [TEST_STEP][PASSED] - setText: Text '810' is set on object 'Object Repository/Final Object Repo/Page_Request SSN - ASSIST/AI - City - JOH'

2018-12-06 10:14:26 - [MESSAGE][PASSED] - Text '810' is set on object 'Object Repository/Final Object Repo/Page_Request SSN - ASSIST/AI - City - JOH'

2018-12-06 10:14:26 - [TEST_STEP][PASSED] - delay: Delayed 3 second(s)

2018-12-06 10:14:29 - [MESSAGE][PASSED] - Delayed 3 second(s)

2018-12-06 10:14:29 - [TEST_STEP][PASSED] - click: Object: 'Object Repository/Final Object Repo/Page_Request SSN - ASSIST/AI - PostCode - 81000' is clicked on

2018-12-06 10:14:29 - [MESSAGE][PASSED] - Object: 'Object Repository/Final Object Repo/Page_Request SSN - ASSIST/AI - PostCode - 81000' is clicked on

2018-12-06 10:14:29 - [TEST_STEP][PASSED] - setText: Text '100' is set on object 'Object Repository/Final Object Repo/Page_Request SSN - ASSIST/P.O.BOX'

2018-12-06 10:14:29 - [MESSAGE][PASSED] - Text '100' is set on object 'Object Repository/Final Object Repo/Page_Request SSN - ASSIST/P.O.BOX'

2018-12-06 10:14:29 - [TEST_STEP][PASSED] - setText: Text '100' is set on object 'Object Repository/Final Object Repo/Page_Request SSN - ASSIST/Locked Bag No'

2018-12-06 10:14:30 - [MESSAGE][PASSED] - Text '100' is set on object 'Object Repository/Final Object Repo/Page_Request SSN - ASSIST/Locked Bag No'

2018-12-06 10:14:30 - [TEST_STEP][PASSED] - delay: Delayed 2 second(s)

2018-12-06 10:14:32 - [MESSAGE][PASSED] - Delayed 2 second(s)

2018-12-06 10:14:32 - [TEST_STEP][PASSED] - setText: Text '123456789' is set on object 'Object Repository/Final Object Repo/Page_Request SSN - ASSIST/AI - Telephone No'

2018-12-06 10:14:33 - [MESSAGE][PASSED] - Text '123456789' is set on object 'Object Repository/Final Object Repo/Page_Request SSN - ASSIST/AI - Telephone No'

2018-12-06 10:14:33 - [TEST_STEP][PASSED] - click: Object: 'Object Repository/Final Object Repo/Page_Request SSN - ASSIST/AI - Occupation' is clicked on

2018-12-06 10:14:33 - [MESSAGE][PASSED] - Object: 'Object Repository/Final Object Repo/Page_Request SSN - ASSIST/AI - Occupation' is clicked on

2018-12-06 10:14:33 - [TEST_STEP][PASSED] - click: Object: 'Object Repository/Final Object Repo/Page_Request SSN - ASSIST/AI - Occupation - NUMERICAL AND MATERIAL R' is clicked on

2018-12-06 10:14:33 - [MESSAGE][PASSED] - Object: 'Object Repository/Final Object Repo/Page_Request SSN - ASSIST/AI - Occupation - NUMERICAL AND MATERIAL R' is clicked on

2018-12-06 10:14:33 - [TEST_STEP][PASSED] - delay: Delayed 2 second(s)

2018-12-06 10:14:35 - [MESSAGE][PASSED] - Delayed 2 second(s)

2018-12-06 10:14:35 - [TEST_STEP][PASSED] - click: Object: 'Object Repository/Final Object Repo/Page_Request SSN - ASSIST/AI - Sub Occupation' is clicked on

2018-12-06 10:14:36 - [MESSAGE][PASSED] - Object: 'Object Repository/Final Object Repo/Page_Request SSN - ASSIST/AI - Sub Occupation' is clicked on

2018-12-06 10:14:36 - [TEST_STEP][PASSED] - click: Object: 'Object Repository/Final Object Repo/Page_Request SSN - ASSIST/AI - Sub Occupation - Stock Clerks' is clicked on

2018-12-06 10:14:36 - [MESSAGE][PASSED] - Object: 'Object Repository/Final Object Repo/Page_Request SSN - ASSIST/AI - Sub Occupation - Stock Clerks' is clicked on

2018-12-06 10:14:36 - [TEST_STEP][PASSED] - delay: Delayed 2 second(s)

2018-12-06 10:14:38 - [MESSAGE][PASSED] - Delayed 2 second(s)

2018-12-06 10:14:38 - [TEST_STEP][PASSED] - click: Object: 'Object Repository/Final Object Repo/Page_Request SSN - ASSIST/AI - Sub Occupation List' is clicked on

2018-12-06 10:14:38 - [MESSAGE][PASSED] - Object: 'Object Repository/Final Object Repo/Page_Request SSN - ASSIST/AI - Sub Occupation List' is clicked on

2018-12-06 10:14:38 - [TEST_STEP][PASSED] - click: Object: 'Object Repository/Final Object Repo/Page_Request SSN - ASSIST/AI - Sub Occupation List - Clerk raw material' is clicked on

2018-12-06 10:14:38 - [MESSAGE][PASSED] - Object: 'Object Repository/Final Object Repo/Page_Request SSN - ASSIST/AI - Sub Occupation List - Clerk raw material' is clicked on

2018-12-06 10:14:38 - [TEST_STEP][PASSED] - click: Object: 'Object Repository/Final Object Repo/Page_Request SSN - ASSIST/AI - Employment Start Date' is clicked on

2018-12-06 10:14:39 - [MESSAGE][PASSED] - Object: 'Object Repository/Final Object Repo/Page_Request SSN - ASSIST/AI - Employment Start Date' is clicked on

2018-12-06 10:14:39 - [TEST_STEP][PASSED] - click: Object: 'Object Repository/Final Object Repo/Page_Request SSN - ASSIST/AI - DOB - Year - Date' is clicked on

2018-12-06 10:14:39 - [MESSAGE][PASSED] - Object: 'Object Repository/Final Object Repo/Page_Request SSN - ASSIST/AI - DOB - Year - Date' is clicked on

2018-12-06 10:14:39 - [TEST_STEP][PASSED] - setText: Text 'perkeso' is set on object 'Object Repository/Final Object Repo/Page_Request SSN - ASSIST/AI - Current Employer Name'

2018-12-06 10:14:40 - [MESSAGE][PASSED] - Text 'perkeso' is set on object 'Object Repository/Final Object Repo/Page_Request SSN - ASSIST/AI - Current Employer Name'

2018-12-06 10:14:40 - [TEST_STEP][PASSED] - setText: Text 'perkeso1' is set on object 'Object Repository/Final Object Repo/Page_Request SSN - ASSIST/AI - Current Employer Address1'

2018-12-06 10:14:40 - [MESSAGE][PASSED] - Text 'perkeso1' is set on object 'Object Repository/Final Object Repo/Page_Request SSN - ASSIST/AI - Current Employer Address1'

2018-12-06 10:14:40 - [TEST_STEP][PASSED] - setText: Text 'perkeso2' is set on object 'Object Repository/Final Object Repo/Page_Request SSN - ASSIST/AI - Current Employer Address2'

2018-12-06 10:14:41 - [MESSAGE][PASSED] - Text 'perkeso2' is set on object 'Object Repository/Final Object Repo/Page_Request SSN - ASSIST/AI - Current Employer Address2'

2018-12-06 10:14:41 - [TEST_STEP][PASSED] - setText: Text 'perkeso3' is set on object 'Object Repository/Final Object Repo/Page_Request SSN - ASSIST/AI - Current Employer Address3'

2018-12-06 10:14:42 - [MESSAGE][PASSED] - Text 'perkeso3' is set on object 'Object Repository/Final Object Repo/Page_Request SSN - ASSIST/AI - Current Employer Address3'

2018-12-06 10:14:42 - [TEST_STEP][PASSED] - click: Object: 'Object Repository/Final Object Repo/Page_Request SSN - ASSIST/AI - Current Employer State' is clicked on

2018-12-06 10:14:42 - [MESSAGE][PASSED] - Object: 'Object Repository/Final Object Repo/Page_Request SSN - ASSIST/AI - Current Employer State' is clicked on

2018-12-06 10:14:42 - [TEST_STEP][PASSED] - click: Object: 'Object Repository/Final Object Repo/Page_Request SSN - ASSIST/AI - Current Employer State - Johor 1' is clicked on

2018-12-06 10:14:42 - [MESSAGE][PASSED] - Object: 'Object Repository/Final Object Repo/Page_Request SSN - ASSIST/AI - Current Employer State - Johor 1' is clicked on

2018-12-06 10:14:42 - [TEST_STEP][PASSED] - click: Object: 'Object Repository/Final Object Repo/Page_Request SSN - ASSIST/AI - Current Employer City' is clicked on

2018-12-06 10:14:43 - [MESSAGE][PASSED] - Object: 'Object Repository/Final Object Repo/Page_Request SSN - ASSIST/AI - Current Employer City' is clicked on

2018-12-06 10:14:43 - [TEST_STEP][PASSED] - setText: Text 'joh' is set on object 'Object Repository/Final Object Repo/Page_Request SSN - ASSIST/AI - City - JOH'

2018-12-06 10:14:43 - [MESSAGE][PASSED] - Text 'joh' is set on object 'Object Repository/Final Object Repo/Page_Request SSN - ASSIST/AI - City - JOH'

2018-12-06 10:14:43 - [TEST_STEP][PASSED] - delay: Delayed 2 second(s)

2018-12-06 10:14:45 - [MESSAGE][PASSED] - Delayed 2 second(s)

2018-12-06 10:14:45 - [TEST_STEP][PASSED] - click: Object: 'Object Repository/Final Object Repo/Page_Request SSN - ASSIST/AI - City - Johor Bharu' is clicked on

2018-12-06 10:14:45 - [MESSAGE][PASSED] - Object: 'Object Repository/Final Object Repo/Page_Request SSN - ASSIST/AI - City - Johor Bharu' is clicked on

2018-12-06 10:14:45 - [TEST_STEP][PASSED] - click: Object: 'Object Repository/Final Object Repo/Page_Request SSN - ASSIST/AI - Current Employer Postcode' is clicked on

2018-12-06 10:14:46 - [MESSAGE][PASSED] - Object: 'Object Repository/Final Object Repo/Page_Request SSN - ASSIST/AI - Current Employer Postcode' is clicked on

2018-12-06 10:14:46 - [TEST_STEP][PASSED] - setText: Text '810' is set on object 'Object Repository/Final Object Repo/Page_Request SSN - ASSIST/AI - City - JOH'

2018-12-06 10:14:46 - [MESSAGE][PASSED] - Text '810' is set on object 'Object Repository/Final Object Repo/Page_Request SSN - ASSIST/AI - City - JOH'

2018-12-06 10:14:46 - [TEST_STEP][PASSED] - delay: Delayed 2 second(s)

2018-12-06 10:14:48 - [MESSAGE][PASSED] - Delayed 2 second(s)

2018-12-06 10:14:48 - [TEST_STEP][PASSED] - click: Object: 'Object Repository/Final Object Repo/Page_Request SSN - ASSIST/AI - PostCode - 81000' is clicked on

2018-12-06 10:14:49 - [MESSAGE][PASSED] - Object: 'Object Repository/Final Object Repo/Page_Request SSN - ASSIST/AI - PostCode - 81000' is clicked on

2018-12-06 10:14:49 - [TEST_STEP][NOT_RUN] - setText: NOT_RUN: setText

2018-12-06 10:14:49 - [MESSAGE][NOT_RUN] - NOT_RUN: setText

2018-12-06 10:14:49 - [TEST_STEP][NOT_RUN] - setText: NOT_RUN: setText

2018-12-06 10:14:49 - [MESSAGE][NOT_RUN] - NOT_RUN: setText

2018-12-06 10:14:49 - [TEST_STEP][NOT_RUN] - click: NOT_RUN: click

2018-12-06 10:14:49 - [MESSAGE][NOT_RUN] - NOT_RUN: click

2018-12-06 10:14:49 - [TEST_STEP][NOT_RUN] - click: NOT_RUN: click

2018-12-06 10:14:49 - [MESSAGE][NOT_RUN] - NOT_RUN: click

2018-12-06 10:14:49 - [TEST_STEP][NOT_RUN] - setText: NOT_RUN: setText

2018-12-06 10:14:49 - [MESSAGE][NOT_RUN] - NOT_RUN: setText

2018-12-06 10:14:49 - [TEST_STEP][NOT_RUN] - click: NOT_RUN: click

2018-12-06 10:14:49 - [MESSAGE][NOT_RUN] - NOT_RUN: click

2018-12-06 10:14:49 - [TEST_STEP][NOT_RUN] - click: NOT_RUN: click

2018-12-06 10:14:49 - [MESSAGE][NOT_RUN] - NOT_RUN: click

2018-12-06 10:14:49 - [TEST_STEP][NOT_RUN] - click: NOT_RUN: click

2018-12-06 10:14:49 - [MESSAGE][NOT_RUN] - NOT_RUN: click

2018-12-06 10:14:49 - [TEST_STEP][NOT_RUN] - click: NOT_RUN: click

2018-12-06 10:14:49 - [MESSAGE][NOT_RUN] - NOT_RUN: click

2018-12-06 10:14:49 - [TEST_STEP][NOT_RUN] - click: NOT_RUN: click

2018-12-06 10:14:49 - [MESSAGE][NOT_RUN] - NOT_RUN: click

2018-12-06 10:14:49 - [TEST_STEP][NOT_RUN] - click: NOT_RUN: click

2018-12-06 10:14:49 - [MESSAGE][NOT_RUN] - NOT_RUN: click

2018-12-06 10:14:49 - [TEST_STEP][NOT_RUN] - setText: NOT_RUN: setText

2018-12-06 10:14:49 - [MESSAGE][NOT_RUN] - NOT_RUN: setText

2018-12-06 10:14:49 - [TEST_STEP][NOT_RUN] - setText: NOT_RUN: setText

2018-12-06 10:14:49 - [MESSAGE][NOT_RUN] - NOT_RUN: setText

2018-12-06 10:14:49 - [TEST_STEP][NOT_RUN] - setText: NOT_RUN: setText

2018-12-06 10:14:49 - [MESSAGE][NOT_RUN] - NOT_RUN: setText

2018-12-06 10:14:49 - [TEST_STEP][NOT_RUN] - click: NOT_RUN: click

2018-12-06 10:14:49 - [MESSAGE][NOT_RUN] - NOT_RUN: click

2018-12-06 10:14:49 - [TEST_STEP][NOT_RUN] - click: NOT_RUN: click

2018-12-06 10:14:49 - [MESSAGE][NOT_RUN] - NOT_RUN: click

2018-12-06 10:14:49 - [TEST_STEP][NOT_RUN] - click: NOT_RUN: click

2018-12-06 10:14:49 - [MESSAGE][NOT_RUN] - NOT_RUN: click

2018-12-06 10:14:49 - [TEST_STEP][NOT_RUN] - setText: NOT_RUN: setText

2018-12-06 10:14:49 - [MESSAGE][NOT_RUN] - NOT_RUN: setText

2018-12-06 10:14:49 - [TEST_STEP][NOT_RUN] - delay: NOT_RUN: delay

2018-12-06 10:14:49 - [MESSAGE][NOT_RUN] - NOT_RUN: delay

2018-12-06 10:14:49 - [TEST_STEP][NOT_RUN] - click: NOT_RUN: click

2018-12-06 10:14:49 - [MESSAGE][NOT_RUN] - NOT_RUN: click

2018-12-06 10:14:49 - [TEST_STEP][NOT_RUN] - click: NOT_RUN: click

2018-12-06 10:14:49 - [MESSAGE][NOT_RUN] - NOT_RUN: click

2018-12-06 10:14:49 - [TEST_STEP][NOT_RUN] - click: NOT_RUN: click

2018-12-06 10:14:49 - [MESSAGE][NOT_RUN] - NOT_RUN: click

2018-12-06 10:14:49 - [TEST_STEP][NOT_RUN] - setText: NOT_RUN: setText

2018-12-06 10:14:49 - [MESSAGE][NOT_RUN] - NOT_RUN: setText

2018-12-06 10:14:49 - [TEST_STEP][NOT_RUN] - delay: NOT_RUN: delay

2018-12-06 10:14:49 - [MESSAGE][NOT_RUN] - NOT_RUN: delay

2018-12-06 10:14:49 - [TEST_STEP][NOT_RUN] - click: NOT_RUN: click

2018-12-06 10:14:49 - [MESSAGE][NOT_RUN] - NOT_RUN: click

2018-12-06 10:14:49 - [TEST_STEP][NOT_RUN] - delay: NOT_RUN: delay

2018-12-06 10:14:49 - [MESSAGE][NOT_RUN] - NOT_RUN: delay

2018-12-06 10:14:49 - [TEST_STEP][NOT_RUN] - setText: NOT_RUN: setText

2018-12-06 10:14:49 - [MESSAGE][NOT_RUN] - NOT_RUN: setText

2018-12-06 10:14:49 - [TEST_STEP][NOT_RUN] - setText: NOT_RUN: setText

2018-12-06 10:14:49 - [MESSAGE][NOT_RUN] - NOT_RUN: setText

2018-12-06 10:14:49 - [TEST_STEP][NOT_RUN] - setText: NOT_RUN: setText

2018-12-06 10:14:49 - [MESSAGE][NOT_RUN] - NOT_RUN: setText

2018-12-06 10:14:49 - [TEST_STEP][NOT_RUN] - click: NOT_RUN: click

2018-12-06 10:14:49 - [MESSAGE][NOT_RUN] - NOT_RUN: click

2018-12-06 10:14:49 - [TEST_STEP][NOT_RUN] - click: NOT_RUN: click

2018-12-06 10:14:49 - [MESSAGE][NOT_RUN] - NOT_RUN: click

2018-12-06 10:14:49 - [TEST_STEP][NOT_RUN] - setText: NOT_RUN: setText

2018-12-06 10:14:49 - [MESSAGE][NOT_RUN] - NOT_RUN: setText

2018-12-06 10:14:49 - [TEST_STEP][NOT_RUN] - click: NOT_RUN: click

2018-12-06 10:14:49 - [MESSAGE][NOT_RUN] - NOT_RUN: click

2018-12-06 10:14:49 - [TEST_STEP][NOT_RUN] - click: NOT_RUN: click

2018-12-06 10:14:49 - [MESSAGE][NOT_RUN] - NOT_RUN: click

2018-12-06 10:14:49 - [TEST_STEP][NOT_RUN] - click: NOT_RUN: click

2018-12-06 10:14:49 - [MESSAGE][NOT_RUN] - NOT_RUN: click

2018-12-06 10:14:49 - [TEST_STEP][NOT_RUN] - click: NOT_RUN: click

2018-12-06 10:14:49 - [MESSAGE][NOT_RUN] - NOT_RUN: click

2018-12-06 10:14:49 - [TEST_STEP][NOT_RUN] - click: NOT_RUN: click

2018-12-06 10:14:49 - [MESSAGE][NOT_RUN] - NOT_RUN: click

2018-12-06 10:14:49 - [TEST_STEP][NOT_RUN] - click: NOT_RUN: click

2018-12-06 10:14:49 - [MESSAGE][NOT_RUN] - NOT_RUN: click

2018-12-06 10:14:49 - [TEST_STEP][NOT_RUN] - setText: NOT_RUN: setText

2018-12-06 10:14:49 - [MESSAGE][NOT_RUN] - NOT_RUN: setText

2018-12-06 10:14:49 - [TEST_STEP][NOT_RUN] - setText: NOT_RUN: setText

2018-12-06 10:14:49 - [MESSAGE][NOT_RUN] - NOT_RUN: setText

2018-12-06 10:14:49 - [TEST_STEP][NOT_RUN] - setText: NOT_RUN: setText

2018-12-06 10:14:49 - [MESSAGE][NOT_RUN] - NOT_RUN: setText

2018-12-06 10:14:49 - [TEST_STEP][NOT_RUN] - click: NOT_RUN: click

2018-12-06 10:14:49 - [MESSAGE][NOT_RUN] - NOT_RUN: click

2018-12-06 10:14:49 - [TEST_STEP][NOT_RUN] - click: NOT_RUN: click

2018-12-06 10:14:49 - [MESSAGE][NOT_RUN] - NOT_RUN: click

2018-12-06 10:14:49 - [TEST_STEP][NOT_RUN] - click: NOT_RUN: click

2018-12-06 10:14:49 - [MESSAGE][NOT_RUN] - NOT_RUN: click

2018-12-06 10:14:49 - [TEST_STEP][NOT_RUN] - delay: NOT_RUN: delay

2018-12-06 10:14:49 - [MESSAGE][NOT_RUN] - NOT_RUN: delay

2018-12-06 10:14:49 - [TEST_STEP][NOT_RUN] - setText: NOT_RUN: setText

2018-12-06 10:14:49 - [MESSAGE][NOT_RUN] - NOT_RUN: setText

2018-12-06 10:14:49 - [TEST_STEP][NOT_RUN] - delay: NOT_RUN: delay

2018-12-06 10:14:49 - [MESSAGE][NOT_RUN] - NOT_RUN: delay

2018-12-06 10:14:49 - [TEST_STEP][NOT_RUN] - click: NOT_RUN: click

2018-12-06 10:14:49 - [MESSAGE][NOT_RUN] - NOT_RUN: click

2018-12-06 10:14:49 - [TEST_STEP][NOT_RUN] - doubleClick: NOT_RUN: doubleClick

2018-12-06 10:14:49 - [MESSAGE][NOT_RUN] - NOT_RUN: doubleClick

2018-12-06 10:14:49 - [TEST_STEP][NOT_RUN] - click: NOT_RUN: click

2018-12-06 10:14:49 - [MESSAGE][NOT_RUN] - NOT_RUN: click

2018-12-06 10:14:49 - [TEST_STEP][NOT_RUN] - setText: NOT_RUN: setText

2018-12-06 10:14:49 - [MESSAGE][NOT_RUN] - NOT_RUN: setText

2018-12-06 10:14:49 - [TEST_STEP][NOT_RUN] - delay: NOT_RUN: delay

2018-12-06 10:14:49 - [MESSAGE][NOT_RUN] - NOT_RUN: delay

2018-12-06 10:14:49 - [TEST_STEP][NOT_RUN] - click: NOT_RUN: click

2018-12-06 10:14:49 - [MESSAGE][NOT_RUN] - NOT_RUN: click

2018-12-06 10:14:49 - [TEST_STEP][NOT_RUN] - delay: NOT_RUN: delay

2018-12-06 10:14:49 - [MESSAGE][NOT_RUN] - NOT_RUN: delay

2018-12-06 10:14:49 - [TEST_STEP][NOT_RUN] - setText: NOT_RUN: setText

2018-12-06 10:14:49 - [MESSAGE][NOT_RUN] - NOT_RUN: setText

2018-12-06 10:14:50 - [TEST_STEP][PASSED] - click: Object: 'Object Repository/Final Object Repo/Page_Request SSN - ASSIST/Save  Continue' is clicked on

2018-12-06 10:14:50 - [MESSAGE][PASSED] - Object: 'Object Repository/Final Object Repo/Page_Request SSN - ASSIST/Save  Continue' is clicked on

2018-12-06 10:14:50 - [TEST_STEP][PASSED] - delay: Delayed 3 second(s)

2018-12-06 10:14:53 - [MESSAGE][PASSED] - Delayed 3 second(s)

2018-12-06 10:14:53 - [TEST_STEP][PASSED] - Statement - CaseReferenceNo = com.kms.katalon.core.webui.keyword.WebUiBuiltInKeywords.getText(com.kms.katalon.core.testobject.ObjectRepository.findTestObject(Final Object Repo/Page_Request SSN - ASSIST/Reference Number in Uploading Page)): Text of object 'Object Repository/Final Object Repo/Page_Request SSN - ASSIST/Reference Number in Uploading Page' is: 'SSN12201800001178'

2018-12-06 10:14:53 - [MESSAGE][PASSED] - Text of object 'Object Repository/Final Object Repo/Page_Request SSN - ASSIST/Reference Number in Uploading Page' is: 'SSN12201800001178'

2018-12-06 10:14:53 - [TEST_STEP][PASSED] - callTestCase: Call Test Case 'Test Cases/Final Aug 2018 - PKS Automation/Common/Reference Number Setter' successfully

2018-12-06 10:14:53 - [TEST_CASE][PASSED] - Test Cases/Final Aug 2018 - PKS Automation/Common/Reference Number Setter: Test Cases/Final Aug 2018 - PKS Automation/Common/Reference Number Setter

2018-12-06 10:14:53 - [TEST_STEP][PASSED] - Statement - RefNoOldFile = new java.io.File(C://Users//Admin//Desktop//PKS//Automation Reference Point//KatalonReference.txt): null

2018-12-06 10:14:53 - [TEST_STEP][PASSED] - Statement - RefNoOldFile.delete(): null

2018-12-06 10:14:53 - [TEST_STEP][PASSED] - delay: Delayed 5 second(s)

2018-12-06 10:14:58 - [MESSAGE][PASSED] - Delayed 5 second(s)

2018-12-06 10:14:58 - [TEST_STEP][PASSED] - Statement - RefNo = new java.io.File(C://Users//Admin//Desktop//PKS//Automation Reference Point//KatalonReference.txt): null

2018-12-06 10:14:58 - [TEST_STEP][PASSED] - Statement - f2 = new java.io.FileWriter(RefNo, false): null

2018-12-06 10:14:58 - [TEST_STEP][PASSED] - Statement - f2.write(CaseReferenceNo): null

2018-12-06 10:14:58 - [TEST_STEP][PASSED] - Statement - f2.close(): null

2018-12-06 10:14:58 - [TEST_STEP][PASSED] - Statement - out.println("


" + CaseReferenceNo + "


"): null

2018-12-06 10:14:58 - [MESSAGE][PASSED] - Call Test Case 'Test Cases/Final Aug 2018 - PKS Automation/Common/Reference Number Setter' successfully

2018-12-06 10:14:58 - [TEST_STEP][PASSED] - click: Object: 'Object Repository/Final Object Repo/Page_Request SSN - ASSIST/Add Document Button' is clicked on

2018-12-06 10:14:59 - [MESSAGE][PASSED] - Object: 'Object Repository/Final Object Repo/Page_Request SSN - ASSIST/Add Document Button' is clicked on

2018-12-06 10:14:59 - [TEST_STEP][PASSED] - delay: Delayed 2 second(s)

2018-12-06 10:15:01 - [MESSAGE][PASSED] - Delayed 2 second(s)

2018-12-06 10:15:01 - [TEST_STEP][PASSED] - click: Object: 'Object Repository/Final Object Repo/Page_Request SSN - ASSIST/Document Type' is clicked on

2018-12-06 10:15:01 - [MESSAGE][PASSED] - Object: 'Object Repository/Final Object Repo/Page_Request SSN - ASSIST/Document Type' is clicked on

2018-12-06 10:15:01 - [TEST_STEP][PASSED] - click: Object: 'Object Repository/Final Object Repo/Page_Request SSN - ASSIST/Document Type - Birth Certificate' is clicked on

2018-12-06 10:15:02 - [MESSAGE][PASSED] - Object: 'Object Repository/Final Object Repo/Page_Request SSN - ASSIST/Document Type - Birth Certificate' is clicked on

2018-12-06 10:15:02 - [TEST_STEP][PASSED] - sendKeys: Keys 'C:\Users\Public\Pictures\Sample Pictures\Koala.jpg' sent to object: 'Object Repository/Final Object Repo/Page_Request SSN - ASSIST/Upload File'

2018-12-06 10:15:02 - [MESSAGE][PASSED] - Keys 'C:\Users\Public\Pictures\Sample Pictures\Koala.jpg' sent to object: 'Object Repository/Final Object Repo/Page_Request SSN - ASSIST/Upload File'

2018-12-06 10:15:02 - [TEST_STEP][PASSED] - click: Object: 'Object Repository/Final Object Repo/Page_Request SSN - ASSIST/Add Document' is clicked on

2018-12-06 10:15:02 - [MESSAGE][PASSED] - Object: 'Object Repository/Final Object Repo/Page_Request SSN - ASSIST/Add Document' is clicked on

2018-12-06 10:15:02 - [TEST_STEP][PASSED] - delay: Delayed 20 second(s)

2018-12-06 10:15:22 - [MESSAGE][PASSED] - Delayed 20 second(s)

2018-12-06 10:15:22 - [TEST_STEP][PASSED] - click: Object: 'Object Repository/Final Object Repo/Page_Request SSN - ASSIST/Save  Continue in Uploading Document Page' is clicked on

2018-12-06 10:15:22 - [MESSAGE][PASSED] - Object: 'Object Repository/Final Object Repo/Page_Request SSN - ASSIST/Save  Continue in Uploading Document Page' is clicked on

2018-12-06 10:15:22 - [TEST_STEP][PASSED] - delay: Delayed 2 second(s)

2018-12-06 10:15:24 - [MESSAGE][PASSED] - Delayed 2 second(s)

2018-12-06 10:15:24 - [TEST_STEP][PASSED] - click: Object: 'Object Repository/Final Object Repo/Page_Request SSN - ASSIST/Submit' is clicked on

2018-12-06 10:15:27 - [MESSAGE][PASSED] - Object: 'Object Repository/Final Object Repo/Page_Request SSN - ASSIST/Submit' is clicked on

2018-12-06 10:15:27 - [TEST_STEP][PASSED] - delay: Delayed 2 second(s)

2018-12-06 10:15:29 - [MESSAGE][PASSED] - Delayed 2 second(s)

2018-12-06 10:15:29 - [TEST_STEP][PASSED] - click: Object: 'Object Repository/Final Object Repo/Page_Request SSN - ASSIST/Confirm' is clicked on

2018-12-06 10:15:29 - [MESSAGE][PASSED] - Object: 'Object Repository/Final Object Repo/Page_Request SSN - ASSIST/Confirm' is clicked on

2018-12-06 10:15:29 - [TEST_STEP][PASSED] - delay: Delayed 2 second(s)

2018-12-06 10:15:31 - [MESSAGE][PASSED] - Delayed 2 second(s)

2018-12-06 10:15:31 - [TEST_STEP][PASSED] - verifyElementVisible: Object 'Object Repository/Final Object Repo/Page_Request SSN - ASSIST/Message This Case will be routed to RIO' is visible

2018-12-06 10:15:36 - [MESSAGE][PASSED] - Object 'Object Repository/Final Object Repo/Page_Request SSN - ASSIST/Message This Case will be routed to RIO' is visible

2018-12-06 10:15:36 - [TEST_STEP][PASSED] - delay: Delayed 2 second(s)

2018-12-06 10:15:38 - [MESSAGE][PASSED] - Delayed 2 second(s)

2018-12-06 10:15:38 - [TEST_STEP][PASSED] - verifyElementVisible: Object 'Object Repository/Final Object Repo/Page_Request SSN - ASSIST/Letter of acknowledgement' is visible

2018-12-06 10:15:39 - [MESSAGE][PASSED] - Object 'Object Repository/Final Object Repo/Page_Request SSN - ASSIST/Letter of acknowledgement' is visible

2018-12-06 10:15:39 - [MESSAGE][PASSED] - Call Test Case 'Test Cases/Final Aug 2018 - PKS Automation/Registration Module/Workflow/Request SSN/Template/Request SSN - PKRBO' successfully

2018-12-06 10:15:39 - [TEST_STEP][PASSED] - callTestCase: Call Test Case 'Test Cases/Final Aug 2018 - PKS Automation/Registration Module/Workflow/Request SSN/Template/Request SSN RIO - RO (Query)' successfully

2018-12-06 10:15:39 - [TEST_CASE][PASSED] - Test Cases/Final Aug 2018 - PKS Automation/Registration Module/Workflow/Request SSN/Template/Request SSN RIO - RO (Query): Test Cases/Final Aug 2018 - PKS Automation/Registration Module/Workflow/Request SSN/Template/Request SSN RIO - RO (Query)

2018-12-06 10:15:39 - [TEST_STEP][NOT_RUN] - callTestCase: NOT_RUN: callTestCase

2018-12-06 10:15:39 - [MESSAGE][NOT_RUN] - NOT_RUN: callTestCase

2018-12-06 10:15:39 - [TEST_STEP][PASSED] - delay: Delayed 2 second(s)

2018-12-06 10:15:41 - [MESSAGE][PASSED] - Delayed 2 second(s)

2018-12-06 10:15:41 - [TEST_STEP][PASSED] - navigateToUrl: Navigate to 'https://assist2-uat.perkeso.gov.my/c/portal/logout' successfully

2018-12-06 10:15:41 - [MESSAGE][PASSED] - Navigate to 'https://assist2-uat.perkeso.gov.my/c/portal/logout' successfully

2018-12-06 10:15:41 - [TEST_STEP][PASSED] - delay: Delayed 2 second(s)

2018-12-06 10:15:43 - [MESSAGE][PASSED] - Delayed 2 second(s)

2018-12-06 10:15:43 - [TEST_STEP][PASSED] - callTestCase: Call Test Case 'Test Cases/Final Aug 2018 - PKS Automation/Common/Reference Number Getter' successfully

2018-12-06 10:15:43 - [TEST_CASE][PASSED] - Test Cases/Final Aug 2018 - PKS Automation/Common/Reference Number Getter: Test Cases/Final Aug 2018 - PKS Automation/Common/Reference Number Getter

2018-12-06 10:15:43 - [TEST_STEP][PASSED] - Statement - Try: null

2018-12-06 10:15:43 - [TEST_STEP][PASSED] - Statement - RefNo = new java.io.File(C://Users//Admin//Desktop//PKS//Automation Reference Point//KatalonReference.txt): null

2018-12-06 10:15:43 - [TEST_STEP][PASSED] - Statement - bufferread = new java.io.BufferedReader(new java.io.FileReader(RefNo)): null

2018-12-06 10:15:43 - [TEST_STEP][PASSED] - Statement - readedVal = bufferread.readLine(): null

2018-12-06 10:15:43 - [TEST_STEP][PASSED] - Statement - out.println(CaseReferenceNo): null

2018-12-06 10:15:43 - [TEST_STEP][PASSED] - Statement - out.println(readedVal): null

2018-12-06 10:15:43 - [TEST_STEP][PASSED] - Statement - CaseReferenceNo = "": null

2018-12-06 10:15:43 - [TEST_STEP][PASSED] - Statement - CaseReferenceNo = readedVal: null

2018-12-06 10:15:43 - [MESSAGE][PASSED] - Call Test Case 'Test Cases/Final Aug 2018 - PKS Automation/Common/Reference Number Getter' successfully

2018-12-06 10:15:43 - [TEST_STEP][PASSED] - callTestCase: Call Test Case 'Test Cases/Final Aug 2018 - PKS Automation/Common/Workflow Owner Finder' successfully

2018-12-06 10:15:44 - [TEST_CASE][PASSED] - Test Cases/Final Aug 2018 - PKS Automation/Common/Workflow Owner Finder: Test Cases/Final Aug 2018 - PKS Automation/Common/Workflow Owner Finder

2018-12-06 10:15:44 - [TEST_STEP][PASSED] - openBrowser: Browser is opened with url: ''

2018-12-06 10:15:44 - [MESSAGE][WARNING] - A browser is already opened. Closing browser and opening a new one

2018-12-06 10:15:46 - [MESSAGE][PASSED] - Browser is opened with url: ''

2018-12-06 10:15:46 - [TEST_STEP][PASSED] - navigateToUrl: Navigate to 'https://assist2-uat.perkeso.gov.my/login' successfully

2018-12-06 10:15:47 - [MESSAGE][PASSED] - Navigate to 'https://assist2-uat.perkeso.gov.my/login' successfully

2018-12-06 10:15:47 - [TEST_STEP][PASSED] - delay: Delayed 5 second(s)

2018-12-06 10:15:52 - [MESSAGE][PASSED] - Delayed 5 second(s)

2018-12-06 10:15:52 - [TEST_STEP][PASSED] - setText: Text 'test@liferay.com' is set on object 'Object Repository/Final Object Repo/Login Page/Internal User/Email Address'

2018-12-06 10:15:53 - [MESSAGE][PASSED] - Text 'test@liferay.com' is set on object 'Object Repository/Final Object Repo/Login Page/Internal User/Email Address'

2018-12-06 10:15:53 - [TEST_STEP][PASSED] - click: Object: 'Object Repository/Final Object Repo/Login Page/Internal User/Next Button' is clicked on

2018-12-06 10:15:53 - [MESSAGE][PASSED] - Object: 'Object Repository/Final Object Repo/Login Page/Internal User/Next Button' is clicked on

2018-12-06 10:15:53 - [TEST_STEP][PASSED] - delay: Delayed 2 second(s)

2018-12-06 10:15:55 - [MESSAGE][PASSED] - Delayed 2 second(s)

2018-12-06 10:15:55 - [TEST_STEP][PASSED] - setText: Text 'test' is set on object 'Object Repository/Final Object Repo/Login Page/Internal User/Password'

2018-12-06 10:15:55 - [MESSAGE][PASSED] - Text 'test' is set on object 'Object Repository/Final Object Repo/Login Page/Internal User/Password'

2018-12-06 10:15:55 - [TEST_STEP][PASSED] - delay: Delayed 2 second(s)

2018-12-06 10:15:57 - [MESSAGE][PASSED] - Delayed 2 second(s)

2018-12-06 10:15:57 - [TEST_STEP][PASSED] - click: Object: 'Object Repository/Final Object Repo/Login Page/Internal User/Login Button' is clicked on

2018-12-06 10:15:57 - [MESSAGE][PASSED] - Object: 'Object Repository/Final Object Repo/Login Page/Internal User/Login Button' is clicked on

2018-12-06 10:15:57 - [TEST_STEP][PASSED] - Statement - tester = com.kms.katalon.core.testobject.ObjectRepository.findTestObject(Final Object Repo/Landing Page/Select to English): Finding Test Object with id 'Object Repository/Final Object Repo/Landing Page/Select to English'

2018-12-06 10:15:57 - [TEST_STEP][PASSED] - Statement - Try: Delayed 2 second(s)

2018-12-06 10:15:57 - [TEST_STEP][PASSED] - Statement - Checker = com.kms.katalon.core.webui.keyword.WebUiBuiltInKeywords.verifyElementNotPresent(tester, 3): Web element with id: 'Object Repository/Final Object Repo/Landing Page/Select to English' located by 'By.xpath: //a[@class = 'taglib-language-list-text' and @lang = 'en-US' and (contains(text(), 'EN') or contains(., 'EN'))]' is not present after '3' second(s)

2018-12-06 10:15:59 - [MESSAGE][PASSED] - Web element with id: 'Object Repository/Final Object Repo/Landing Page/Select to English' located by 'By.xpath: //a[@class = 'taglib-language-list-text' and @lang = 'en-US' and (contains(text(), 'EN') or contains(., 'EN'))]' is not present after '3' second(s)

2018-12-06 10:15:59 - [TEST_STEP][PASSED] - Statement - If (Checker == false): null

2018-12-06 10:15:59 - [TEST_STEP][PASSED] - delay: Delayed 2 second(s)

2018-12-06 10:16:01 - [MESSAGE][PASSED] - Delayed 2 second(s)

2018-12-06 10:16:01 - [TEST_STEP][PASSED] - delay: Delayed 5 second(s)

2018-12-06 10:16:06 - [MESSAGE][PASSED] - Delayed 5 second(s)

2018-12-06 10:16:06 - [TEST_STEP][PASSED] - mouseOver: Object: 'Object Repository/Final Object Repo/Landing Page/WorkFlow Menu' is hovered

2018-12-06 10:16:06 - [MESSAGE][PASSED] - Object: 'Object Repository/Final Object Repo/Landing Page/WorkFlow Menu' is hovered

2018-12-06 10:16:06 - [TEST_STEP][PASSED] - delay: Delayed 2 second(s)

2018-12-06 10:16:08 - [MESSAGE][PASSED] - Delayed 2 second(s)

2018-12-06 10:16:08 - [TEST_STEP][PASSED] - click: Object: 'Object Repository/Final Object Repo/Landing Page/Select to Workflow Listing' is clicked on

2018-12-06 10:16:10 - [MESSAGE][PASSED] - Object: 'Object Repository/Final Object Repo/Landing Page/Select to Workflow Listing' is clicked on

2018-12-06 10:16:10 - [TEST_STEP][PASSED] - delay: Delayed 2 second(s)

2018-12-06 10:16:12 - [MESSAGE][PASSED] - Delayed 2 second(s)

2018-12-06 10:16:12 - [TEST_STEP][PASSED] - click: Object: 'Object Repository/Final Object Repo/WorkFlow Listing Page/Search Information - To Put Ref No' is clicked on

2018-12-06 10:16:12 - [MESSAGE][PASSED] - Object: 'Object Repository/Final Object Repo/WorkFlow Listing Page/Search Information - To Put Ref No' is clicked on

2018-12-06 10:16:12 - [TEST_STEP][PASSED] - delay: Delayed 2 second(s)

2018-12-06 10:16:14 - [MESSAGE][PASSED] - Delayed 2 second(s)

2018-12-06 10:16:14 - [TEST_STEP][PASSED] - callTestCase: Call Test Case 'Test Cases/Final Aug 2018 - PKS Automation/Common/Reference Number Getter' successfully

2018-12-06 10:16:14 - [TEST_CASE][PASSED] - Test Cases/Final Aug 2018 - PKS Automation/Common/Reference Number Getter: Test Cases/Final Aug 2018 - PKS Automation/Common/Reference Number Getter

2018-12-06 10:16:14 - [TEST_STEP][PASSED] - Statement - Try: null

2018-12-06 10:16:14 - [TEST_STEP][PASSED] - Statement - RefNo = new java.io.File(C://Users//Admin//Desktop//PKS//Automation Reference Point//KatalonReference.txt): null

2018-12-06 10:16:14 - [TEST_STEP][PASSED] - Statement - bufferread = new java.io.BufferedReader(new java.io.FileReader(RefNo)): null

2018-12-06 10:16:14 - [TEST_STEP][PASSED] - Statement - readedVal = bufferread.readLine(): null

2018-12-06 10:16:14 - [TEST_STEP][PASSED] - Statement - out.println(CaseReferenceNo): null

2018-12-06 10:16:14 - [TEST_STEP][PASSED] - Statement - out.println(readedVal): null

2018-12-06 10:16:14 - [TEST_STEP][PASSED] - Statement - CaseReferenceNo = "": null

2018-12-06 10:16:14 - [TEST_STEP][PASSED] - Statement - CaseReferenceNo = readedVal: null

2018-12-06 10:16:14 - [MESSAGE][PASSED] - Call Test Case 'Test Cases/Final Aug 2018 - PKS Automation/Common/Reference Number Getter' successfully

2018-12-06 10:16:14 - [TEST_STEP][PASSED] - setText: Text 'SSN12201800001178' is set on object 'Object Repository/Final Object Repo/WorkFlow Listing Page/Ref No Set Text'

2018-12-06 10:16:14 - [MESSAGE][PASSED] - Text 'SSN12201800001178' is set on object 'Object Repository/Final Object Repo/WorkFlow Listing Page/Ref No Set Text'

2018-12-06 10:16:14 - [TEST_STEP][PASSED] - delay: Delayed 2 second(s)

2018-12-06 10:16:16 - [MESSAGE][PASSED] - Delayed 2 second(s)

2018-12-06 10:16:16 - [TEST_STEP][PASSED] - click: Object: 'Object Repository/Final Object Repo/WorkFlow Listing Page/Search Ref No Search Button' is clicked on

2018-12-06 10:16:17 - [MESSAGE][PASSED] - Object: 'Object Repository/Final Object Repo/WorkFlow Listing Page/Search Ref No Search Button' is clicked on

2018-12-06 10:16:17 - [TEST_STEP][PASSED] - delay: Delayed 6 second(s)

2018-12-06 10:16:23 - [MESSAGE][PASSED] - Delayed 6 second(s)

2018-12-06 10:16:23 - [TEST_STEP][PASSED] - click: Object: 'Object Repository/Final Object Repo/WorkFlow Listing Page/Click Continue Tooltip' is clicked on

2018-12-06 10:16:24 - [MESSAGE][PASSED] - Object: 'Object Repository/Final Object Repo/WorkFlow Listing Page/Click Continue Tooltip' is clicked on

2018-12-06 10:16:24 - [TEST_STEP][PASSED] - delay: Delayed 5 second(s)

2018-12-06 10:16:29 - [MESSAGE][PASSED] - Delayed 5 second(s)

2018-12-06 10:16:29 - [TEST_STEP][PASSED] - doubleClick: Object: 'Object Repository/Final Object Repo/WorkFlow Listing Page/Workflow Found - Listing 1' is double clicked on

2018-12-06 10:16:29 - [MESSAGE][PASSED] - Object: 'Object Repository/Final Object Repo/WorkFlow Listing Page/Workflow Found - Listing 1' is double clicked on

2018-12-06 10:16:29 - [TEST_STEP][PASSED] - Statement - println(OwnerID): null

2018-12-06 10:16:29 - [TEST_STEP][PASSED] - Statement - OwnerID = com.kms.katalon.core.webui.keyword.WebUiBuiltInKeywords.getText(com.kms.katalon.core.testobject.ObjectRepository.findTestObject(Final Object Repo/WorkFlow Listing Page/Workflow Found - Listing 1), STOP_ON_FAILURE): Text of object 'Object Repository/Final Object Repo/WorkFlow Listing Page/Workflow Found - Listing 1' is: 'JOHORrio2'

2018-12-06 10:16:29 - [MESSAGE][PASSED] - Text of object 'Object Repository/Final Object Repo/WorkFlow Listing Page/Workflow Found - Listing 1' is: 'JOHORrio2'

2018-12-06 10:16:29 - [TEST_STEP][PASSED] - Statement - OwnerID = OwnerID.toLowerCase() + "@gmail.com": null

2018-12-06 10:16:29 - [TEST_STEP][PASSED] - Statement - println(OwnerID): null

2018-12-06 10:16:29 - [TEST_STEP][PASSED] - delay: Delayed 2 second(s)

2018-12-06 10:16:31 - [MESSAGE][PASSED] - Delayed 2 second(s)

2018-12-06 10:16:31 - [MESSAGE][PASSED] - Call Test Case 'Test Cases/Final Aug 2018 - PKS Automation/Common/Workflow Owner Finder' successfully

2018-12-06 10:16:31 - [TEST_STEP][PASSED] - delay: Delayed 2 second(s)

2018-12-06 10:16:33 - [MESSAGE][PASSED] - Delayed 2 second(s)

2018-12-06 10:16:33 - [TEST_STEP][PASSED] - navigateToUrl: Navigate to 'https://assist2-uat.perkeso.gov.my/c/portal/logout' successfully

2018-12-06 10:16:34 - [MESSAGE][PASSED] - Navigate to 'https://assist2-uat.perkeso.gov.my/c/portal/logout' successfully

2018-12-06 10:16:34 - [TEST_STEP][PASSED] - delay: Delayed 2 second(s)

2018-12-06 10:16:36 - [MESSAGE][PASSED] - Delayed 2 second(s)

2018-12-06 10:16:36 - [TEST_STEP][PASSED] - callTestCase: Call Test Case 'Test Cases/Final Aug 2018 - PKS Automation/Registration Module/Workflow/Login and Search Case For Workflow' successfully

2018-12-06 10:16:36 - [TEST_CASE][PASSED] - Test Cases/Final Aug 2018 - PKS Automation/Registration Module/Workflow/Login and Search Case For Workflow: Test Cases/Final Aug 2018 - PKS Automation/Registration Module/Workflow/Login and Search Case For Workflow

2018-12-06 10:16:36 - [TEST_STEP][PASSED] - navigateToUrl: Navigate to 'https://assist2-uat.perkeso.gov.my/login' successfully

2018-12-06 10:16:36 - [MESSAGE][PASSED] - Navigate to 'https://assist2-uat.perkeso.gov.my/login' successfully

2018-12-06 10:16:36 - [TEST_STEP][PASSED] - setText: Text 'johorrio2@gmail.com' is set on object 'Object Repository/Final Object Repo/Login Page/Internal User/Email Address'

2018-12-06 10:16:37 - [MESSAGE][PASSED] - Text 'johorrio2@gmail.com' is set on object 'Object Repository/Final Object Repo/Login Page/Internal User/Email Address'

2018-12-06 10:16:37 - [TEST_STEP][PASSED] - click: Object: 'Object Repository/Final Object Repo/Login Page/Internal User/Next Button' is clicked on

2018-12-06 10:16:37 - [MESSAGE][PASSED] - Object: 'Object Repository/Final Object Repo/Login Page/Internal User/Next Button' is clicked on

2018-12-06 10:16:37 - [TEST_STEP][PASSED] - delay: Delayed 1 second(s)

2018-12-06 10:16:38 - [MESSAGE][PASSED] - Delayed 1 second(s)

2018-12-06 10:16:38 - [TEST_STEP][PASSED] - setEncryptedText: Text ****** has been set on object 'Object Repository/Final Object Repo/Login Page/Internal User/Password'

2018-12-06 10:16:38 - [MESSAGE][PASSED] - Text ****** has been set on object 'Object Repository/Final Object Repo/Login Page/Internal User/Password'

2018-12-06 10:16:38 - [TEST_STEP][PASSED] - click: Object: 'Object Repository/Final Object Repo/Login Page/Internal User/Login Button' is clicked on

2018-12-06 10:16:38 - [MESSAGE][PASSED] - Object: 'Object Repository/Final Object Repo/Login Page/Internal User/Login Button' is clicked on

2018-12-06 10:16:38 - [TEST_STEP][PASSED] - delay: Delayed 2 second(s)

2018-12-06 10:16:40 - [MESSAGE][PASSED] - Delayed 2 second(s)

2018-12-06 10:16:40 - [TEST_STEP][PASSED] - Statement - Try: Delayed 2 second(s)

2018-12-06 10:16:40 - [TEST_STEP][PASSED] - Statement - Checker = false: null

2018-12-06 10:16:40 - [TEST_STEP][PASSED] - Statement - Checker = com.kms.katalon.core.webui.keyword.WebUiBuiltInKeywords.verifyElementHasAttribute(com.kms.katalon.core.testobject.ObjectRepository.findTestObject(Final Object Repo/Landing Page/BM Detecting), "href", 20, OPTIONAL): Object 'Object Repository/Final Object Repo/Landing Page/BM Detecting' has attribute 'href'

2018-12-06 10:16:40 - [MESSAGE][PASSED] - Object 'Object Repository/Final Object Repo/Landing Page/BM Detecting' has attribute 'href'

2018-12-06 10:16:40 - [TEST_STEP][PASSED] - Statement - out.println(Checker): null

2018-12-06 10:16:40 - [TEST_STEP][PASSED] - Statement - If (Checker == false): null

2018-12-06 10:16:40 - [TEST_STEP][PASSED] - Statement - Else: null

2018-12-06 10:16:40 - [TEST_STEP][PASSED] - delay: Delayed 2 second(s)

2018-12-06 10:16:42 - [MESSAGE][PASSED] - Delayed 2 second(s)

2018-12-06 10:16:42 - [TEST_STEP][PASSED] - click: Object: 'Object Repository/Final Object Repo/Page_MyASSIST - ASSIST - Search Pending Case For Add Supporting Document/Search Information' is clicked on

2018-12-06 10:16:43 - [MESSAGE][PASSED] - Object: 'Object Repository/Final Object Repo/Page_MyASSIST - ASSIST - Search Pending Case For Add Supporting Document/Search Information' is clicked on

2018-12-06 10:16:43 - [TEST_STEP][PASSED] - delay: Delayed 3 second(s)

2018-12-06 10:16:46 - [MESSAGE][PASSED] - Delayed 3 second(s)

2018-12-06 10:16:46 - [TEST_STEP][PASSED] - sendKeys: Keys 'SSN12201800001178' sent to object: 'Object Repository/Final Object Repo/Page_MyASSIST - ASSIST - Search Pending Case For Add Supporting Document/Reference No'

2018-12-06 10:16:46 - [MESSAGE][PASSED] - Keys 'SSN12201800001178' sent to object: 'Object Repository/Final Object Repo/Page_MyASSIST - ASSIST - Search Pending Case For Add Supporting Document/Reference No'

2018-12-06 10:16:46 - [TEST_STEP][PASSED] - click: Object: 'Object Repository/Final Object Repo/Page_MyASSIST - ASSIST - Search Pending Case For Add Supporting Document/Search Reference No' is clicked on

2018-12-06 10:16:46 - [MESSAGE][PASSED] - Object: 'Object Repository/Final Object Repo/Page_MyASSIST - ASSIST - Search Pending Case For Add Supporting Document/Search Reference No' is clicked on

2018-12-06 10:16:46 - [TEST_STEP][PASSED] - delay: Delayed 2 second(s)

2018-12-06 10:16:48 - [MESSAGE][PASSED] - Delayed 2 second(s)

2018-12-06 10:16:48 - [TEST_STEP][PASSED] - click: Object: 'Object Repository/Final Object Repo/Page_MyASSIST - ASSIST - Search Pending Case For Add Supporting Document/Continue' is clicked on

2018-12-06 10:16:55 - [MESSAGE][PASSED] - Object: 'Object Repository/Final Object Repo/Page_MyASSIST - ASSIST - Search Pending Case For Add Supporting Document/Continue' is clicked on

2018-12-06 10:16:55 - [TEST_STEP][PASSED] - delay: Delayed 20 second(s)

2018-12-06 10:17:15 - [MESSAGE][PASSED] - Delayed 20 second(s)

2018-12-06 10:17:15 - [MESSAGE][PASSED] - Call Test Case 'Test Cases/Final Aug 2018 - PKS Automation/Registration Module/Workflow/Login and Search Case For Workflow' successfully

2018-12-06 10:17:15 - [TEST_STEP][PASSED] - callTestCase: Call Test Case 'Test Cases/Final Aug 2018 - PKS Automation/Registration Module/Workflow/Request SSN/Template/Request SSN - RIO' successfully

2018-12-06 10:17:15 - [TEST_CASE][PASSED] - Test Cases/Final Aug 2018 - PKS Automation/Registration Module/Workflow/Request SSN/Template/Request SSN - RIO: Test Cases/Final Aug 2018 - PKS Automation/Registration Module/Workflow/Request SSN/Template/Request SSN - RIO

2018-12-06 10:17:15 - [TEST_STEP][NOT_RUN] - openBrowser: NOT_RUN: openBrowser

2018-12-06 10:17:15 - [MESSAGE][NOT_RUN] - NOT_RUN: openBrowser

2018-12-06 10:17:15 - [TEST_STEP][NOT_RUN] - navigateToUrl: NOT_RUN: navigateToUrl

2018-12-06 10:17:15 - [MESSAGE][NOT_RUN] - NOT_RUN: navigateToUrl

2018-12-06 10:17:15 - [TEST_STEP][NOT_RUN] - setText: NOT_RUN: setText

2018-12-06 10:17:15 - [MESSAGE][NOT_RUN] - NOT_RUN: setText

2018-12-06 10:17:15 - [TEST_STEP][NOT_RUN] - click: NOT_RUN: click

2018-12-06 10:17:15 - [MESSAGE][NOT_RUN] - NOT_RUN: click

2018-12-06 10:17:15 - [TEST_STEP][NOT_RUN] - delay: NOT_RUN: delay

2018-12-06 10:17:15 - [MESSAGE][NOT_RUN] - NOT_RUN: delay

2018-12-06 10:17:15 - [TEST_STEP][NOT_RUN] - setEncryptedText: NOT_RUN: setEncryptedText

2018-12-06 10:17:15 - [MESSAGE][NOT_RUN] - NOT_RUN: setEncryptedText

2018-12-06 10:17:15 - [TEST_STEP][NOT_RUN] - click: NOT_RUN: click

2018-12-06 10:17:15 - [MESSAGE][NOT_RUN] - NOT_RUN: click

2018-12-06 10:17:15 - [TEST_STEP][NOT_RUN] - delay: NOT_RUN: delay

2018-12-06 10:17:15 - [MESSAGE][NOT_RUN] - NOT_RUN: delay

2018-12-06 10:17:15 - [TEST_STEP][NOT_RUN] - click: NOT_RUN: click

2018-12-06 10:17:15 - [MESSAGE][NOT_RUN] - NOT_RUN: click

2018-12-06 10:17:15 - [TEST_STEP][NOT_RUN] - sendKeys: NOT_RUN: sendKeys

2018-12-06 10:17:15 - [MESSAGE][NOT_RUN] - NOT_RUN: sendKeys

2018-12-06 10:17:15 - [TEST_STEP][NOT_RUN] - click: NOT_RUN: click

2018-12-06 10:17:15 - [MESSAGE][NOT_RUN] - NOT_RUN: click

2018-12-06 10:17:15 - [TEST_STEP][NOT_RUN] - delay: NOT_RUN: delay

2018-12-06 10:17:15 - [MESSAGE][NOT_RUN] - NOT_RUN: delay

2018-12-06 10:17:15 - [TEST_STEP][NOT_RUN] - click: NOT_RUN: click

2018-12-06 10:17:15 - [MESSAGE][NOT_RUN] - NOT_RUN: click

2018-12-06 10:17:15 - [TEST_STEP][PASSED] - delay: Delayed 2 second(s)

2018-12-06 10:17:17 - [MESSAGE][PASSED] - Delayed 2 second(s)

2018-12-06 10:17:17 - [TEST_STEP][PASSED] - click: Object: 'Object Repository/Final Object Repo/Page_Request SSN - ASSIST/Page_Request SSN - ASSIST - RIO/Recommend For SSN' is clicked on

2018-12-06 10:17:17 - [MESSAGE][PASSED] - Object: 'Object Repository/Final Object Repo/Page_Request SSN - ASSIST/Page_Request SSN - ASSIST - RIO/Recommend For SSN' is clicked on

2018-12-06 10:17:17 - [TEST_STEP][PASSED] - click: Object: 'Object Repository/Final Object Repo/Page_Request SSN - ASSIST/Page_Request SSN - ASSIST - RIO/Recommend For SSN  - Yes' is clicked on

2018-12-06 10:17:18 - [MESSAGE][PASSED] - Object: 'Object Repository/Final Object Repo/Page_Request SSN - ASSIST/Page_Request SSN - ASSIST - RIO/Recommend For SSN  - Yes' is clicked on

2018-12-06 10:17:18 - [TEST_STEP][PASSED] - delay: Delayed 2 second(s)

2018-12-06 10:17:20 - [MESSAGE][PASSED] - Delayed 2 second(s)

2018-12-06 10:17:20 - [TEST_STEP][PASSED] - click: Object: 'Object Repository/Final Object Repo/Page_Request SSN - ASSIST/Page_Request SSN - ASSIST - RIO/Save  Continue in SSN page' is clicked on

2018-12-06 10:17:20 - [MESSAGE][PASSED] - Object: 'Object Repository/Final Object Repo/Page_Request SSN - ASSIST/Page_Request SSN - ASSIST - RIO/Save  Continue in SSN page' is clicked on

2018-12-06 10:17:20 - [TEST_STEP][PASSED] - delay: Delayed 2 second(s)

2018-12-06 10:17:22 - [MESSAGE][PASSED] - Delayed 2 second(s)

2018-12-06 10:17:22 - [TEST_STEP][PASSED] - click: Object: 'Object Repository/Final Object Repo/Page_Request SSN - ASSIST/Page_Request SSN - ASSIST - RIO/Save  Continue in Upload Document Page' is clicked on

2018-12-06 10:17:24 - [MESSAGE][PASSED] - Object: 'Object Repository/Final Object Repo/Page_Request SSN - ASSIST/Page_Request SSN - ASSIST - RIO/Save  Continue in Upload Document Page' is clicked on

2018-12-06 10:17:24 - [TEST_STEP][PASSED] - delay: Delayed 2 second(s)

2018-12-06 10:17:26 - [MESSAGE][PASSED] - Delayed 2 second(s)

2018-12-06 10:17:26 - [TEST_STEP][PASSED] - click: Object: 'Object Repository/Final Object Repo/Page_Request SSN - ASSIST/Page_Request SSN - ASSIST - RIO/Submit' is clicked on

2018-12-06 10:17:29 - [MESSAGE][PASSED] - Object: 'Object Repository/Final Object Repo/Page_Request SSN - ASSIST/Page_Request SSN - ASSIST - RIO/Submit' is clicked on

2018-12-06 10:17:29 - [TEST_STEP][PASSED] - delay: Delayed 2 second(s)

2018-12-06 10:17:31 - [MESSAGE][PASSED] - Delayed 2 second(s)

2018-12-06 10:17:31 - [TEST_STEP][PASSED] - click: Object: 'Object Repository/Final Object Repo/Page_Request SSN - ASSIST/Page_Request SSN - ASSIST - RIO/Confirm' is clicked on

2018-12-06 10:17:31 - [MESSAGE][PASSED] - Object: 'Object Repository/Final Object Repo/Page_Request SSN - ASSIST/Page_Request SSN - ASSIST - RIO/Confirm' is clicked on

2018-12-06 10:17:31 - [MESSAGE][PASSED] - Call Test Case 'Test Cases/Final Aug 2018 - PKS Automation/Registration Module/Workflow/Request SSN/Template/Request SSN - RIO' successfully

2018-12-06 10:17:31 - [TEST_STEP][PASSED] - delay: Delayed 2 second(s)

2018-12-06 10:17:33 - [MESSAGE][PASSED] - Delayed 2 second(s)

2018-12-06 10:17:33 - [TEST_STEP][PASSED] - navigateToUrl: Navigate to 'https://assist2-uat.perkeso.gov.my/c/portal/logout' successfully

2018-12-06 10:17:38 - [MESSAGE][PASSED] - Navigate to 'https://assist2-uat.perkeso.gov.my/c/portal/logout' successfully

2018-12-06 10:17:38 - [TEST_STEP][PASSED] - delay: Delayed 2 second(s)

2018-12-06 10:17:40 - [MESSAGE][PASSED] - Delayed 2 second(s)

2018-12-06 10:17:40 - [TEST_STEP][PASSED] - callTestCase: Call Test Case 'Test Cases/Final Aug 2018 - PKS Automation/Common/Workflow Owner Finder' successfully

2018-12-06 10:17:40 - [TEST_CASE][PASSED] - Test Cases/Final Aug 2018 - PKS Automation/Common/Workflow Owner Finder: Test Cases/Final Aug 2018 - PKS Automation/Common/Workflow Owner Finder

2018-12-06 10:17:40 - [TEST_STEP][PASSED] - openBrowser: Browser is opened with url: ''

2018-12-06 10:17:40 - [MESSAGE][WARNING] - A browser is already opened. Closing browser and opening a new one

2018-12-06 10:17:43 - [MESSAGE][PASSED] - Browser is opened with url: ''

2018-12-06 10:17:43 - [TEST_STEP][PASSED] - navigateToUrl: Navigate to 'https://assist2-uat.perkeso.gov.my/login' successfully

2018-12-06 10:17:44 - [MESSAGE][PASSED] - Navigate to 'https://assist2-uat.perkeso.gov.my/login' successfully

2018-12-06 10:17:44 - [TEST_STEP][PASSED] - delay: Delayed 5 second(s)

2018-12-06 10:17:49 - [MESSAGE][PASSED] - Delayed 5 second(s)

2018-12-06 10:17:49 - [TEST_STEP][PASSED] - setText: Text 'test@liferay.com' is set on object 'Object Repository/Final Object Repo/Login Page/Internal User/Email Address'

2018-12-06 10:17:49 - [MESSAGE][PASSED] - Text 'test@liferay.com' is set on object 'Object Repository/Final Object Repo/Login Page/Internal User/Email Address'

2018-12-06 10:17:49 - [TEST_STEP][PASSED] - click: Object: 'Object Repository/Final Object Repo/Login Page/Internal User/Next Button' is clicked on

2018-12-06 10:17:49 - [MESSAGE][PASSED] - Object: 'Object Repository/Final Object Repo/Login Page/Internal User/Next Button' is clicked on

2018-12-06 10:17:49 - [TEST_STEP][PASSED] - delay: Delayed 2 second(s)

2018-12-06 10:17:51 - [MESSAGE][PASSED] - Delayed 2 second(s)

2018-12-06 10:17:51 - [TEST_STEP][PASSED] - setText: Text 'test' is set on object 'Object Repository/Final Object Repo/Login Page/Internal User/Password'

2018-12-06 10:17:52 - [MESSAGE][PASSED] - Text 'test' is set on object 'Object Repository/Final Object Repo/Login Page/Internal User/Password'

2018-12-06 10:17:52 - [TEST_STEP][PASSED] - delay: Delayed 2 second(s)

2018-12-06 10:17:54 - [MESSAGE][PASSED] - Delayed 2 second(s)

2018-12-06 10:17:54 - [TEST_STEP][PASSED] - click: Object: 'Object Repository/Final Object Repo/Login Page/Internal User/Login Button' is clicked on

2018-12-06 10:17:54 - [MESSAGE][PASSED] - Object: 'Object Repository/Final Object Repo/Login Page/Internal User/Login Button' is clicked on

2018-12-06 10:17:54 - [TEST_STEP][PASSED] - Statement - tester = com.kms.katalon.core.testobject.ObjectRepository.findTestObject(Final Object Repo/Landing Page/Select to English): Finding Test Object with id 'Object Repository/Final Object Repo/Landing Page/Select to English'

2018-12-06 10:17:54 - [TEST_STEP][PASSED] - Statement - Try: Delayed 2 second(s)

2018-12-06 10:17:54 - [TEST_STEP][PASSED] - Statement - Checker = com.kms.katalon.core.webui.keyword.WebUiBuiltInKeywords.verifyElementNotPresent(tester, 3): Web element with id: 'Object Repository/Final Object Repo/Landing Page/Select to English' located by 'By.xpath: //a[@class = 'taglib-language-list-text' and @lang = 'en-US' and (contains(text(), 'EN') or contains(., 'EN'))]' is not present after '3' second(s)

2018-12-06 10:17:56 - [MESSAGE][PASSED] - Web element with id: 'Object Repository/Final Object Repo/Landing Page/Select to English' located by 'By.xpath: //a[@class = 'taglib-language-list-text' and @lang = 'en-US' and (contains(text(), 'EN') or contains(., 'EN'))]' is not present after '3' second(s)

2018-12-06 10:17:56 - [TEST_STEP][PASSED] - Statement - If (Checker == false): null

2018-12-06 10:17:56 - [TEST_STEP][PASSED] - delay: Delayed 2 second(s)

2018-12-06 10:17:58 - [MESSAGE][PASSED] - Delayed 2 second(s)

2018-12-06 10:17:58 - [TEST_STEP][PASSED] - delay: Delayed 5 second(s)

2018-12-06 10:18:03 - [MESSAGE][PASSED] - Delayed 5 second(s)

2018-12-06 10:18:03 - [TEST_STEP][PASSED] - mouseOver: Object: 'Object Repository/Final Object Repo/Landing Page/WorkFlow Menu' is hovered

2018-12-06 10:18:03 - [MESSAGE][PASSED] - Object: 'Object Repository/Final Object Repo/Landing Page/WorkFlow Menu' is hovered

2018-12-06 10:18:03 - [TEST_STEP][PASSED] - delay: Delayed 2 second(s)

2018-12-06 10:18:05 - [MESSAGE][PASSED] - Delayed 2 second(s)

2018-12-06 10:18:05 - [TEST_STEP][PASSED] - click: Object: 'Object Repository/Final Object Repo/Landing Page/Select to Workflow Listing' is clicked on

2018-12-06 10:18:06 - [MESSAGE][PASSED] - Object: 'Object Repository/Final Object Repo/Landing Page/Select to Workflow Listing' is clicked on

2018-12-06 10:18:06 - [TEST_STEP][PASSED] - delay: Delayed 2 second(s)

2018-12-06 10:18:08 - [MESSAGE][PASSED] - Delayed 2 second(s)

2018-12-06 10:18:08 - [TEST_STEP][PASSED] - click: Object: 'Object Repository/Final Object Repo/WorkFlow Listing Page/Search Information - To Put Ref No' is clicked on

2018-12-06 10:18:08 - [MESSAGE][PASSED] - Object: 'Object Repository/Final Object Repo/WorkFlow Listing Page/Search Information - To Put Ref No' is clicked on

2018-12-06 10:18:08 - [TEST_STEP][PASSED] - delay: Delayed 2 second(s)

2018-12-06 10:18:10 - [MESSAGE][PASSED] - Delayed 2 second(s)

2018-12-06 10:18:10 - [TEST_STEP][PASSED] - callTestCase: Call Test Case 'Test Cases/Final Aug 2018 - PKS Automation/Common/Reference Number Getter' successfully

2018-12-06 10:18:10 - [TEST_CASE][PASSED] - Test Cases/Final Aug 2018 - PKS Automation/Common/Reference Number Getter: Test Cases/Final Aug 2018 - PKS Automation/Common/Reference Number Getter

2018-12-06 10:18:10 - [TEST_STEP][PASSED] - Statement - Try: null

2018-12-06 10:18:10 - [TEST_STEP][PASSED] - Statement - RefNo = new java.io.File(C://Users//Admin//Desktop//PKS//Automation Reference Point//KatalonReference.txt): null

2018-12-06 10:18:10 - [TEST_STEP][PASSED] - Statement - bufferread = new java.io.BufferedReader(new java.io.FileReader(RefNo)): null

2018-12-06 10:18:10 - [TEST_STEP][PASSED] - Statement - readedVal = bufferread.readLine(): null

2018-12-06 10:18:10 - [TEST_STEP][PASSED] - Statement - out.println(CaseReferenceNo): null

2018-12-06 10:18:10 - [TEST_STEP][PASSED] - Statement - out.println(readedVal): null

2018-12-06 10:18:10 - [TEST_STEP][PASSED] - Statement - CaseReferenceNo = "": null

2018-12-06 10:18:10 - [TEST_STEP][PASSED] - Statement - CaseReferenceNo = readedVal: null

2018-12-06 10:18:10 - [MESSAGE][PASSED] - Call Test Case 'Test Cases/Final Aug 2018 - PKS Automation/Common/Reference Number Getter' successfully

2018-12-06 10:18:10 - [TEST_STEP][PASSED] - setText: Text 'SSN12201800001178' is set on object 'Object Repository/Final Object Repo/WorkFlow Listing Page/Ref No Set Text'

2018-12-06 10:18:11 - [MESSAGE][PASSED] - Text 'SSN12201800001178' is set on object 'Object Repository/Final Object Repo/WorkFlow Listing Page/Ref No Set Text'

2018-12-06 10:18:11 - [TEST_STEP][PASSED] - delay: Delayed 2 second(s)

2018-12-06 10:18:13 - [MESSAGE][PASSED] - Delayed 2 second(s)

2018-12-06 10:18:13 - [TEST_STEP][PASSED] - click: Object: 'Object Repository/Final Object Repo/WorkFlow Listing Page/Search Ref No Search Button' is clicked on

2018-12-06 10:18:13 - [MESSAGE][PASSED] - Object: 'Object Repository/Final Object Repo/WorkFlow Listing Page/Search Ref No Search Button' is clicked on

2018-12-06 10:18:13 - [TEST_STEP][PASSED] - delay: Delayed 6 second(s)

2018-12-06 10:18:19 - [MESSAGE][PASSED] - Delayed 6 second(s)

2018-12-06 10:18:19 - [TEST_STEP][PASSED] - click: Object: 'Object Repository/Final Object Repo/WorkFlow Listing Page/Click Continue Tooltip' is clicked on

2018-12-06 10:18:22 - [MESSAGE][PASSED] - Object: 'Object Repository/Final Object Repo/WorkFlow Listing Page/Click Continue Tooltip' is clicked on

2018-12-06 10:18:22 - [TEST_STEP][PASSED] - delay: Delayed 5 second(s)

2018-12-06 10:18:27 - [MESSAGE][PASSED] - Delayed 5 second(s)

2018-12-06 10:18:27 - [TEST_STEP][PASSED] - doubleClick: Object: 'Object Repository/Final Object Repo/WorkFlow Listing Page/Workflow Found - Listing 1' is double clicked on

2018-12-06 10:18:27 - [MESSAGE][PASSED] - Object: 'Object Repository/Final Object Repo/WorkFlow Listing Page/Workflow Found - Listing 1' is double clicked on

2018-12-06 10:18:27 - [TEST_STEP][PASSED] - Statement - println(OwnerID): null

2018-12-06 10:18:27 - [TEST_STEP][PASSED] - Statement - OwnerID = com.kms.katalon.core.webui.keyword.WebUiBuiltInKeywords.getText(com.kms.katalon.core.testobject.ObjectRepository.findTestObject(Final Object Repo/WorkFlow Listing Page/Workflow Found - Listing 1), STOP_ON_FAILURE): Text of object 'Object Repository/Final Object Repo/WorkFlow Listing Page/Workflow Found - Listing 1' is: 'JOHORro2'

2018-12-06 10:18:27 - [MESSAGE][PASSED] - Text of object 'Object Repository/Final Object Repo/WorkFlow Listing Page/Workflow Found - Listing 1' is: 'JOHORro2'

2018-12-06 10:18:27 - [TEST_STEP][PASSED] - Statement - OwnerID = OwnerID.toLowerCase() + "@gmail.com": null

2018-12-06 10:18:27 - [TEST_STEP][PASSED] - Statement - println(OwnerID): null

2018-12-06 10:18:27 - [TEST_STEP][PASSED] - delay: Delayed 2 second(s)

2018-12-06 10:18:29 - [MESSAGE][PASSED] - Delayed 2 second(s)

2018-12-06 10:18:29 - [MESSAGE][PASSED] - Call Test Case 'Test Cases/Final Aug 2018 - PKS Automation/Common/Workflow Owner Finder' successfully

2018-12-06 10:18:29 - [TEST_STEP][PASSED] - delay: Delayed 2 second(s)

2018-12-06 10:18:31 - [MESSAGE][PASSED] - Delayed 2 second(s)

2018-12-06 10:18:31 - [TEST_STEP][PASSED] - navigateToUrl: Navigate to 'https://assist2-uat.perkeso.gov.my/c/portal/logout' successfully

2018-12-06 10:18:32 - [MESSAGE][PASSED] - Navigate to 'https://assist2-uat.perkeso.gov.my/c/portal/logout' successfully

2018-12-06 10:18:32 - [TEST_STEP][PASSED] - delay: Delayed 2 second(s)

2018-12-06 10:18:34 - [MESSAGE][PASSED] - Delayed 2 second(s)

2018-12-06 10:18:34 - [TEST_STEP][PASSED] - callTestCase: Call Test Case 'Test Cases/Final Aug 2018 - PKS Automation/Registration Module/Workflow/Login and Search Case For Workflow' successfully

2018-12-06 10:18:34 - [TEST_CASE][PASSED] - Test Cases/Final Aug 2018 - PKS Automation/Registration Module/Workflow/Login and Search Case For Workflow: Test Cases/Final Aug 2018 - PKS Automation/Registration Module/Workflow/Login and Search Case For Workflow

2018-12-06 10:18:34 - [TEST_STEP][PASSED] - navigateToUrl: Navigate to 'https://assist2-uat.perkeso.gov.my/login' successfully

2018-12-06 10:18:35 - [MESSAGE][PASSED] - Navigate to 'https://assist2-uat.perkeso.gov.my/login' successfully

2018-12-06 10:18:35 - [TEST_STEP][PASSED] - setText: Text 'johorro2@gmail.com' is set on object 'Object Repository/Final Object Repo/Login Page/Internal User/Email Address'

2018-12-06 10:18:35 - [MESSAGE][PASSED] - Text 'johorro2@gmail.com' is set on object 'Object Repository/Final Object Repo/Login Page/Internal User/Email Address'

2018-12-06 10:18:35 - [TEST_STEP][PASSED] - click: Object: 'Object Repository/Final Object Repo/Login Page/Internal User/Next Button' is clicked on

2018-12-06 10:18:36 - [MESSAGE][PASSED] - Object: 'Object Repository/Final Object Repo/Login Page/Internal User/Next Button' is clicked on

2018-12-06 10:18:36 - [TEST_STEP][PASSED] - delay: Delayed 1 second(s)

2018-12-06 10:18:37 - [MESSAGE][PASSED] - Delayed 1 second(s)

2018-12-06 10:18:37 - [TEST_STEP][PASSED] - setEncryptedText: Text ****** has been set on object 'Object Repository/Final Object Repo/Login Page/Internal User/Password'

2018-12-06 10:18:37 - [MESSAGE][PASSED] - Text ****** has been set on object 'Object Repository/Final Object Repo/Login Page/Internal User/Password'

2018-12-06 10:18:37 - [TEST_STEP][PASSED] - click: Object: 'Object Repository/Final Object Repo/Login Page/Internal User/Login Button' is clicked on

2018-12-06 10:18:37 - [MESSAGE][PASSED] - Object: 'Object Repository/Final Object Repo/Login Page/Internal User/Login Button' is clicked on

2018-12-06 10:18:37 - [TEST_STEP][PASSED] - delay: Delayed 2 second(s)

2018-12-06 10:18:39 - [MESSAGE][PASSED] - Delayed 2 second(s)

2018-12-06 10:18:39 - [TEST_STEP][PASSED] - Statement - Try: Delayed 2 second(s)

2018-12-06 10:18:39 - [TEST_STEP][PASSED] - Statement - Checker = false: null

2018-12-06 10:18:39 - [TEST_STEP][PASSED] - Statement - Checker = com.kms.katalon.core.webui.keyword.WebUiBuiltInKeywords.verifyElementHasAttribute(com.kms.katalon.core.testobject.ObjectRepository.findTestObject(Final Object Repo/Landing Page/BM Detecting), "href", 20, OPTIONAL): Object 'Object Repository/Final Object Repo/Landing Page/BM Detecting' has attribute 'href'

2018-12-06 10:18:39 - [MESSAGE][PASSED] - Object 'Object Repository/Final Object Repo/Landing Page/BM Detecting' has attribute 'href'

2018-12-06 10:18:39 - [TEST_STEP][PASSED] - Statement - out.println(Checker): null

2018-12-06 10:18:39 - [TEST_STEP][PASSED] - Statement - If (Checker == false): null

2018-12-06 10:18:39 - [TEST_STEP][PASSED] - Statement - Else: null

2018-12-06 10:18:39 - [TEST_STEP][PASSED] - delay: Delayed 2 second(s)

2018-12-06 10:18:41 - [MESSAGE][PASSED] - Delayed 2 second(s)

2018-12-06 10:18:41 - [TEST_STEP][PASSED] - click: Object: 'Object Repository/Final Object Repo/Page_MyASSIST - ASSIST - Search Pending Case For Add Supporting Document/Search Information' is clicked on

2018-12-06 10:18:41 - [MESSAGE][PASSED] - Object: 'Object Repository/Final Object Repo/Page_MyASSIST - ASSIST - Search Pending Case For Add Supporting Document/Search Information' is clicked on

2018-12-06 10:18:41 - [TEST_STEP][PASSED] - delay: Delayed 3 second(s)

2018-12-06 10:18:44 - [MESSAGE][PASSED] - Delayed 3 second(s)

2018-12-06 10:18:44 - [TEST_STEP][PASSED] - sendKeys: Keys 'SSN12201800001178' sent to object: 'Object Repository/Final Object Repo/Page_MyASSIST - ASSIST - Search Pending Case For Add Supporting Document/Reference No'

2018-12-06 10:18:44 - [MESSAGE][PASSED] - Keys 'SSN12201800001178' sent to object: 'Object Repository/Final Object Repo/Page_MyASSIST - ASSIST - Search Pending Case For Add Supporting Document/Reference No'

2018-12-06 10:18:44 - [TEST_STEP][PASSED] - click: Object: 'Object Repository/Final Object Repo/Page_MyASSIST - ASSIST - Search Pending Case For Add Supporting Document/Search Reference No' is clicked on

2018-12-06 10:18:45 - [MESSAGE][PASSED] - Object: 'Object Repository/Final Object Repo/Page_MyASSIST - ASSIST - Search Pending Case For Add Supporting Document/Search Reference No' is clicked on

2018-12-06 10:18:45 - [TEST_STEP][PASSED] - delay: Delayed 2 second(s)

2018-12-06 10:18:47 - [MESSAGE][PASSED] - Delayed 2 second(s)

2018-12-06 10:18:47 - [TEST_STEP][PASSED] - click: Object: 'Object Repository/Final Object Repo/Page_MyASSIST - ASSIST - Search Pending Case For Add Supporting Document/Continue' is clicked on

2018-12-06 10:18:54 - [MESSAGE][PASSED] - Object: 'Object Repository/Final Object Repo/Page_MyASSIST - ASSIST - Search Pending Case For Add Supporting Document/Continue' is clicked on

2018-12-06 10:18:54 - [TEST_STEP][PASSED] - delay: Delayed 20 second(s)

2018-12-06 10:19:14 - [MESSAGE][PASSED] - Delayed 20 second(s)

2018-12-06 10:19:14 - [MESSAGE][PASSED] - Call Test Case 'Test Cases/Final Aug 2018 - PKS Automation/Registration Module/Workflow/Login and Search Case For Workflow' successfully

2018-12-06 10:19:14 - [TEST_STEP][PASSED] - callTestCase: Call Test Case 'Test Cases/Final Aug 2018 - PKS Automation/Registration Module/Workflow/Request SSN/Template/Request SSN - RO (Query)' successfully

2018-12-06 10:19:14 - [TEST_CASE][PASSED] - Test Cases/Final Aug 2018 - PKS Automation/Registration Module/Workflow/Request SSN/Template/Request SSN - RO (Query): Test Cases/Final Aug 2018 - PKS Automation/Registration Module/Workflow/Request SSN/Template/Request SSN - RO (Query)

2018-12-06 10:19:14 - [TEST_STEP][NOT_RUN] - openBrowser: NOT_RUN: openBrowser

2018-12-06 10:19:14 - [MESSAGE][NOT_RUN] - NOT_RUN: openBrowser

2018-12-06 10:19:14 - [TEST_STEP][NOT_RUN] - navigateToUrl: NOT_RUN: navigateToUrl

2018-12-06 10:19:14 - [MESSAGE][NOT_RUN] - NOT_RUN: navigateToUrl

2018-12-06 10:19:14 - [TEST_STEP][NOT_RUN] - setText: NOT_RUN: setText

2018-12-06 10:19:14 - [MESSAGE][NOT_RUN] - NOT_RUN: setText

2018-12-06 10:19:14 - [TEST_STEP][NOT_RUN] - click: NOT_RUN: click

2018-12-06 10:19:14 - [MESSAGE][NOT_RUN] - NOT_RUN: click

2018-12-06 10:19:14 - [TEST_STEP][NOT_RUN] - delay: NOT_RUN: delay

2018-12-06 10:19:14 - [MESSAGE][NOT_RUN] - NOT_RUN: delay

2018-12-06 10:19:14 - [TEST_STEP][NOT_RUN] - setEncryptedText: NOT_RUN: setEncryptedText

2018-12-06 10:19:14 - [MESSAGE][NOT_RUN] - NOT_RUN: setEncryptedText

2018-12-06 10:19:14 - [TEST_STEP][NOT_RUN] - click: NOT_RUN: click

2018-12-06 10:19:14 - [MESSAGE][NOT_RUN] - NOT_RUN: click

2018-12-06 10:19:14 - [TEST_STEP][NOT_RUN] - delay: NOT_RUN: delay

2018-12-06 10:19:14 - [MESSAGE][NOT_RUN] - NOT_RUN: delay

2018-12-06 10:19:14 - [TEST_STEP][NOT_RUN] - click: NOT_RUN: click

2018-12-06 10:19:14 - [MESSAGE][NOT_RUN] - NOT_RUN: click

2018-12-06 10:19:14 - [TEST_STEP][NOT_RUN] - delay: NOT_RUN: delay

2018-12-06 10:19:14 - [MESSAGE][NOT_RUN] - NOT_RUN: delay

2018-12-06 10:19:14 - [TEST_STEP][NOT_RUN] - sendKeys: NOT_RUN: sendKeys

2018-12-06 10:19:14 - [MESSAGE][NOT_RUN] - NOT_RUN: sendKeys

2018-12-06 10:19:14 - [TEST_STEP][NOT_RUN] - click: NOT_RUN: click

2018-12-06 10:19:14 - [MESSAGE][NOT_RUN] - NOT_RUN: click

2018-12-06 10:19:14 - [TEST_STEP][NOT_RUN] - delay: NOT_RUN: delay

2018-12-06 10:19:14 - [MESSAGE][NOT_RUN] - NOT_RUN: delay

2018-12-06 10:19:14 - [TEST_STEP][NOT_RUN] - click: NOT_RUN: click

2018-12-06 10:19:14 - [MESSAGE][NOT_RUN] - NOT_RUN: click

2018-12-06 10:19:14 - [TEST_STEP][PASSED] - click: Object: 'Object Repository/Final Object Repo/Page_Request SSN - ASSIST/Page_Request SSN - ASSIST - RO/Approval For SSN' is clicked on

2018-12-06 10:19:14 - [MESSAGE][PASSED] - Object: 'Object Repository/Final Object Repo/Page_Request SSN - ASSIST/Page_Request SSN - ASSIST - RO/Approval For SSN' is clicked on

2018-12-06 10:19:14 - [TEST_STEP][PASSED] - click: Object: 'Object Repository/Final Object Repo/Page_Request SSN - ASSIST/Page_Request SSN - ASSIST - RO/Approval For SSN - Approve' is clicked on

2018-12-06 10:19:14 - [MESSAGE][PASSED] - Object: 'Object Repository/Final Object Repo/Page_Request SSN - ASSIST/Page_Request SSN - ASSIST - RO/Approval For SSN - Approve' is clicked on

2018-12-06 10:19:14 - [TEST_STEP][PASSED] - delay: Delayed 2 second(s)

2018-12-06 10:19:16 - [MESSAGE][PASSED] - Delayed 2 second(s)

2018-12-06 10:19:16 - [TEST_STEP][PASSED] - click: Object: 'Object Repository/Final Object Repo/Page_Request SSN - ASSIST/Page_Request SSN - ASSIST - RO/Save  Continue in SSN Page' is clicked on

2018-12-06 10:19:17 - [MESSAGE][PASSED] - Object: 'Object Repository/Final Object Repo/Page_Request SSN - ASSIST/Page_Request SSN - ASSIST - RO/Save  Continue in SSN Page' is clicked on

2018-12-06 10:19:17 - [TEST_STEP][PASSED] - delay: Delayed 2 second(s)

2018-12-06 10:19:19 - [MESSAGE][PASSED] - Delayed 2 second(s)

2018-12-06 10:19:19 - [TEST_STEP][PASSED] - setText: Text 'Query' is set on object 'Object Repository/Final Object Repo/Page_Request SSN - ASSIST/Page_Request SSN - ASSIST - RO/Page_Request SSN - ASSIST  (Query)/Remark'

2018-12-06 10:19:22 - [MESSAGE][PASSED] - Text 'Query' is set on object 'Object Repository/Final Object Repo/Page_Request SSN - ASSIST/Page_Request SSN - ASSIST - RO/Page_Request SSN - ASSIST  (Query)/Remark'

2018-12-06 10:19:22 - [TEST_STEP][PASSED] - delay: Delayed 2 second(s)

2018-12-06 10:19:24 - [MESSAGE][PASSED] - Delayed 2 second(s)

2018-12-06 10:19:24 - [TEST_STEP][PASSED] - click: Object: 'Object Repository/Final Object Repo/Page_Request SSN - ASSIST/Page_Request SSN - ASSIST - RO/Save  Continue in Uploading Document Page' is clicked on

2018-12-06 10:19:24 - [MESSAGE][PASSED] - Object: 'Object Repository/Final Object Repo/Page_Request SSN - ASSIST/Page_Request SSN - ASSIST - RO/Save  Continue in Uploading Document Page' is clicked on

2018-12-06 10:19:24 - [TEST_STEP][PASSED] - delay: Delayed 2 second(s)

2018-12-06 10:19:26 - [MESSAGE][PASSED] - Delayed 2 second(s)

2018-12-06 10:19:26 - [TEST_STEP][PASSED] - click: Object: 'Object Repository/Final Object Repo/Page_Request SSN - ASSIST/Page_Request SSN - ASSIST - RO/Page_Request SSN - ASSIST  (Query)/Query' is clicked on

2018-12-06 10:19:28 - [MESSAGE][PASSED] - Object: 'Object Repository/Final Object Repo/Page_Request SSN - ASSIST/Page_Request SSN - ASSIST - RO/Page_Request SSN - ASSIST  (Query)/Query' is clicked on

2018-12-06 10:19:28 - [TEST_STEP][PASSED] - delay: Delayed 2 second(s)

2018-12-06 10:19:30 - [MESSAGE][PASSED] - Delayed 2 second(s)

2018-12-06 10:19:30 - [TEST_STEP][PASSED] - click: Object: 'Object Repository/Final Object Repo/Page_Request SSN - ASSIST/Page_Request SSN - ASSIST - RO/Page_Request SSN - ASSIST  (Query)/Confirm' is clicked on

2018-12-06 10:19:39 - [MESSAGE][PASSED] - Object: 'Object Repository/Final Object Repo/Page_Request SSN - ASSIST/Page_Request SSN - ASSIST - RO/Page_Request SSN - ASSIST  (Query)/Confirm' is clicked on

2018-12-06 10:19:39 - [TEST_STEP][PASSED] - delay: Delayed 2 second(s)

2018-12-06 10:19:41 - [MESSAGE][PASSED] - Delayed 2 second(s)

2018-12-06 10:19:41 - [TEST_STEP][PASSED] - verifyElementVisible: Object 'Object Repository/Final Object Repo/Page_Request SSN - ASSIST/Page_Request SSN - ASSIST - RO/Page_Request SSN - ASSIST  (Query)/Message Case Is Under Query' is visible

2018-12-06 10:19:41 - [MESSAGE][PASSED] - Object 'Object Repository/Final Object Repo/Page_Request SSN - ASSIST/Page_Request SSN - ASSIST - RO/Page_Request SSN - ASSIST  (Query)/Message Case Is Under Query' is visible

2018-12-06 10:19:41 - [TEST_STEP][PASSED] - delay: Delayed 2 second(s)

2018-12-06 10:19:43 - [MESSAGE][PASSED] - Delayed 2 second(s)

2018-12-06 10:19:43 - [TEST_STEP][PASSED] - verifyElementVisible: Object 'Object Repository/Final Object Repo/Page_Request SSN - ASSIST/Page_Request SSN - ASSIST - RO/Page_Request SSN - ASSIST  (Query)/Letter of inquiry' is visible

2018-12-06 10:19:43 - [MESSAGE][PASSED] - Object 'Object Repository/Final Object Repo/Page_Request SSN - ASSIST/Page_Request SSN - ASSIST - RO/Page_Request SSN - ASSIST  (Query)/Letter of inquiry' is visible

2018-12-06 10:19:43 - [MESSAGE][PASSED] - Call Test Case 'Test Cases/Final Aug 2018 - PKS Automation/Registration Module/Workflow/Request SSN/Template/Request SSN - RO (Query)' successfully

2018-12-06 10:19:43 - [TEST_STEP][PASSED] - delay: Delayed 2 second(s)

2018-12-06 10:19:45 - [MESSAGE][PASSED] - Delayed 2 second(s)

2018-12-06 10:19:45 - [TEST_STEP][PASSED] - callTestCase: Call Test Case 'Test Cases/Final Aug 2018 - PKS Automation/Registration Module/Workflow/Request SSN/Template/Request SSN  RO (Approve after Query)' successfully

2018-12-06 10:19:45 - [TEST_CASE][PASSED] - Test Cases/Final Aug 2018 - PKS Automation/Registration Module/Workflow/Request SSN/Template/Request SSN  RO (Approve after Query): Test Cases/Final Aug 2018 - PKS Automation/Registration Module/Workflow/Request SSN/Template/Request SSN  RO (Approve after Query)

2018-12-06 10:19:45 - [TEST_STEP][PASSED] - openBrowser: Browser is opened with url: ''

2018-12-06 10:19:45 - [MESSAGE][WARNING] - A browser is already opened. Closing browser and opening a new one

2018-12-06 10:19:48 - [MESSAGE][PASSED] - Browser is opened with url: ''

2018-12-06 10:19:48 - [TEST_STEP][PASSED] - navigateToUrl: Navigate to 'https://assist2-uat.perkeso.gov.my/login' successfully

2018-12-06 10:19:49 - [MESSAGE][PASSED] - Navigate to 'https://assist2-uat.perkeso.gov.my/login' successfully

2018-12-06 10:19:49 - [TEST_STEP][PASSED] - setText: Text 'johorotc1@gmail.com' is set on object 'Object Repository/Final Object Repo/Login Page/Internal User/Email Address'

2018-12-06 10:19:49 - [MESSAGE][PASSED] - Text 'johorotc1@gmail.com' is set on object 'Object Repository/Final Object Repo/Login Page/Internal User/Email Address'

2018-12-06 10:19:49 - [TEST_STEP][PASSED] - click: Object: 'Object Repository/Final Object Repo/Login Page/Internal User/Next Button' is clicked on

2018-12-06 10:19:49 - [MESSAGE][PASSED] - Object: 'Object Repository/Final Object Repo/Login Page/Internal User/Next Button' is clicked on

2018-12-06 10:19:49 - [TEST_STEP][PASSED] - delay: Delayed 1 second(s)

2018-12-06 10:19:50 - [MESSAGE][PASSED] - Delayed 1 second(s)

2018-12-06 10:19:50 - [TEST_STEP][PASSED] - setEncryptedText: Text ****** has been set on object 'Object Repository/Final Object Repo/Login Page/Internal User/Password'

2018-12-06 10:19:51 - [MESSAGE][PASSED] - Text ****** has been set on object 'Object Repository/Final Object Repo/Login Page/Internal User/Password'

2018-12-06 10:19:51 - [TEST_STEP][PASSED] - click: Object: 'Object Repository/Final Object Repo/Login Page/Internal User/Login Button' is clicked on

2018-12-06 10:19:51 - [MESSAGE][PASSED] - Object: 'Object Repository/Final Object Repo/Login Page/Internal User/Login Button' is clicked on

2018-12-06 10:19:51 - [TEST_STEP][PASSED] - Statement - Try: null

2018-12-06 10:19:51 - [TEST_STEP][PASSED] - Statement - Checker = com.kms.katalon.core.webui.keyword.WebUiBuiltInKeywords.verifyElementNotPresent("Final Object Repo/Landing Page/Select to English", 3): null

2018-12-06 10:19:51 - [TEST_STEP][PASSED] - Statement - Catch (Exception e): null

2018-12-06 10:19:51 - [TEST_STEP][PASSED] - Statement - e.printStackTrace(): null

2018-12-06 10:19:51 - [TEST_STEP][PASSED] - delay: Delayed 5 second(s)

2018-12-06 10:19:56 - [MESSAGE][PASSED] - Delayed 5 second(s)

2018-12-06 10:19:56 - [TEST_STEP][PASSED] - delay: Delayed 1 second(s)

2018-12-06 10:19:57 - [MESSAGE][PASSED] - Delayed 1 second(s)

2018-12-06 10:19:57 - [TEST_STEP][PASSED] - navigateToUrl: Navigate to 'https://assist2-uat.perkeso.gov.my/web/registration/search/search-pending-case-for-add-supporting-document' successfully

2018-12-06 10:19:58 - [MESSAGE][PASSED] - Navigate to 'https://assist2-uat.perkeso.gov.my/web/registration/search/search-pending-case-for-add-supporting-document' successfully

2018-12-06 10:19:58 - [TEST_STEP][PASSED] - click: Object: 'Object Repository/Final Object Repo/Page_Search Pending Case For Add Suporting Document/Search By' is clicked on

2018-12-06 10:19:58 - [MESSAGE][PASSED] - Object: 'Object Repository/Final Object Repo/Page_Search Pending Case For Add Suporting Document/Search By' is clicked on

2018-12-06 10:19:58 - [TEST_STEP][PASSED] - click: Object: 'Object Repository/Final Object Repo/Page_Search Pending Case For Add Suporting Document/Search By - Reference ID' is clicked on

2018-12-06 10:19:58 - [MESSAGE][PASSED] - Object: 'Object Repository/Final Object Repo/Page_Search Pending Case For Add Suporting Document/Search By - Reference ID' is clicked on

2018-12-06 10:19:58 - [TEST_STEP][PASSED] - delay: Delayed 2 second(s)

2018-12-06 10:20:00 - [MESSAGE][PASSED] - Delayed 2 second(s)

2018-12-06 10:20:00 - [TEST_STEP][PASSED] - setText: Text 'SSN12201800001178' is set on object 'Object Repository/Final Object Repo/Page_Search Pending Case For Add Suporting Document/Reference ID'

2018-12-06 10:20:00 - [MESSAGE][PASSED] - Text 'SSN12201800001178' is set on object 'Object Repository/Final Object Repo/Page_Search Pending Case For Add Suporting Document/Reference ID'

2018-12-06 10:20:00 - [TEST_STEP][PASSED] - click: Object: 'Object Repository/Final Object Repo/Page_Search Pending Case For Add Suporting Document/Search' is clicked on

2018-12-06 10:20:01 - [MESSAGE][PASSED] - Object: 'Object Repository/Final Object Repo/Page_Search Pending Case For Add Suporting Document/Search' is clicked on

2018-12-06 10:20:01 - [TEST_STEP][PASSED] - delay: Delayed 2 second(s)

2018-12-06 10:20:03 - [MESSAGE][PASSED] - Delayed 2 second(s)

2018-12-06 10:20:03 - [TEST_STEP][PASSED] - click: Object: 'Object Repository/Final Object Repo/Page_Search Pending Case For Add Suporting Document/Edit' is clicked on

2018-12-06 10:20:09 - [MESSAGE][PASSED] - Object: 'Object Repository/Final Object Repo/Page_Search Pending Case For Add Suporting Document/Edit' is clicked on

2018-12-06 10:20:09 - [TEST_STEP][PASSED] - delay: Delayed 2 second(s)

2018-12-06 10:20:11 - [MESSAGE][PASSED] - Delayed 2 second(s)

2018-12-06 10:20:11 - [TEST_STEP][PASSED] - click: Object: 'Object Repository/Final Object Repo/Page_Request SSN - ASSIST/Page_Request SSN - ASSIST - RO/Page_Request SSN - ASSIST (Query -OTC -RO)/Next' is clicked on

2018-12-06 10:20:14 - [MESSAGE][PASSED] - Object: 'Object Repository/Final Object Repo/Page_Request SSN - ASSIST/Page_Request SSN - ASSIST - RO/Page_Request SSN - ASSIST (Query -OTC -RO)/Next' is clicked on

2018-12-06 10:20:14 - [TEST_STEP][PASSED] - delay: Delayed 2 second(s)

2018-12-06 10:20:16 - [MESSAGE][PASSED] - Delayed 2 second(s)

2018-12-06 10:20:16 - [TEST_STEP][PASSED] - click: Object: 'Object Repository/Final Object Repo/Page_Request SSN - ASSIST/Add Document Button' is clicked on

2018-12-06 10:20:16 - [MESSAGE][PASSED] - Object: 'Object Repository/Final Object Repo/Page_Request SSN - ASSIST/Add Document Button' is clicked on

2018-12-06 10:20:16 - [TEST_STEP][PASSED] - delay: Delayed 2 second(s)

2018-12-06 10:20:18 - [MESSAGE][PASSED] - Delayed 2 second(s)

2018-12-06 10:20:18 - [TEST_STEP][PASSED] - click: Object: 'Object Repository/Final Object Repo/Page_Request SSN - ASSIST/Document Type' is clicked on

2018-12-06 10:20:19 - [MESSAGE][PASSED] - Object: 'Object Repository/Final Object Repo/Page_Request SSN - ASSIST/Document Type' is clicked on

2018-12-06 10:20:19 - [TEST_STEP][PASSED] - click: Object: 'Object Repository/Final Object Repo/Page_Request SSN - ASSIST/Document Type - Birth Certificate' is clicked on

2018-12-06 10:20:19 - [MESSAGE][PASSED] - Object: 'Object Repository/Final Object Repo/Page_Request SSN - ASSIST/Document Type - Birth Certificate' is clicked on

2018-12-06 10:20:19 - [TEST_STEP][PASSED] - sendKeys: Keys 'C:\Users\Public\Pictures\Sample Pictures\Koala.jpg' sent to object: 'Object Repository/Final Object Repo/Page_Request SSN - ASSIST/Upload File'

2018-12-06 10:20:19 - [MESSAGE][PASSED] - Keys 'C:\Users\Public\Pictures\Sample Pictures\Koala.jpg' sent to object: 'Object Repository/Final Object Repo/Page_Request SSN - ASSIST/Upload File'

2018-12-06 10:20:19 - [TEST_STEP][PASSED] - click: Object: 'Object Repository/Final Object Repo/Page_Request SSN - ASSIST/Add Document' is clicked on

2018-12-06 10:20:20 - [MESSAGE][PASSED] - Object: 'Object Repository/Final Object Repo/Page_Request SSN - ASSIST/Add Document' is clicked on

2018-12-06 10:20:20 - [TEST_STEP][PASSED] - delay: Delayed 2 second(s)

2018-12-06 10:20:22 - [MESSAGE][PASSED] - Delayed 2 second(s)

2018-12-06 10:20:22 - [TEST_STEP][PASSED] - click: Object: 'Object Repository/Final Object Repo/Page_Request SSN - ASSIST/Page_Request SSN - ASSIST - RO/Page_Request SSN - ASSIST (Query -OTC -RO)/Exit' is clicked on

2018-12-06 10:20:24 - [MESSAGE][PASSED] - Object: 'Object Repository/Final Object Repo/Page_Request SSN - ASSIST/Page_Request SSN - ASSIST - RO/Page_Request SSN - ASSIST (Query -OTC -RO)/Exit' is clicked on

2018-12-06 10:20:24 - [TEST_STEP][PASSED] - delay: Delayed 2 second(s)

2018-12-06 10:20:26 - [MESSAGE][PASSED] - Delayed 2 second(s)

2018-12-06 10:20:26 - [TEST_STEP][PASSED] - navigateToUrl: Navigate to 'https://assist2-uat.perkeso.gov.my/c/portal/logout' successfully

2018-12-06 10:20:27 - [MESSAGE][PASSED] - Navigate to 'https://assist2-uat.perkeso.gov.my/c/portal/logout' successfully

2018-12-06 10:20:27 - [TEST_STEP][PASSED] - delay: Delayed 2 second(s)

2018-12-06 10:20:29 - [MESSAGE][PASSED] - Delayed 2 second(s)

2018-12-06 10:20:29 - [TEST_STEP][PASSED] - callTestCase: Call Test Case 'Test Cases/Final Aug 2018 - PKS Automation/Registration Module/Workflow/Login and Search Case For Workflow' successfully

2018-12-06 10:20:29 - [TEST_CASE][PASSED] - Test Cases/Final Aug 2018 - PKS Automation/Registration Module/Workflow/Login and Search Case For Workflow: Test Cases/Final Aug 2018 - PKS Automation/Registration Module/Workflow/Login and Search Case For Workflow

2018-12-06 10:20:29 - [TEST_STEP][PASSED] - navigateToUrl: Navigate to 'https://assist2-uat.perkeso.gov.my/login' successfully

2018-12-06 10:20:30 - [MESSAGE][PASSED] - Navigate to 'https://assist2-uat.perkeso.gov.my/login' successfully

2018-12-06 10:20:30 - [TEST_STEP][PASSED] - setText: Text 'johorro2@gmail.com' is set on object 'Object Repository/Final Object Repo/Login Page/Internal User/Email Address'

2018-12-06 10:20:30 - [MESSAGE][PASSED] - Text 'johorro2@gmail.com' is set on object 'Object Repository/Final Object Repo/Login Page/Internal User/Email Address'

2018-12-06 10:20:30 - [TEST_STEP][PASSED] - click: Object: 'Object Repository/Final Object Repo/Login Page/Internal User/Next Button' is clicked on

2018-12-06 10:20:30 - [MESSAGE][PASSED] - Object: 'Object Repository/Final Object Repo/Login Page/Internal User/Next Button' is clicked on

2018-12-06 10:20:30 - [TEST_STEP][PASSED] - delay: Delayed 1 second(s)

2018-12-06 10:20:31 - [MESSAGE][PASSED] - Delayed 1 second(s)

2018-12-06 10:20:31 - [TEST_STEP][PASSED] - setEncryptedText: Text ****** has been set on object 'Object Repository/Final Object Repo/Login Page/Internal User/Password'

2018-12-06 10:20:31 - [MESSAGE][PASSED] - Text ****** has been set on object 'Object Repository/Final Object Repo/Login Page/Internal User/Password'

2018-12-06 10:20:31 - [TEST_STEP][PASSED] - click: Object: 'Object Repository/Final Object Repo/Login Page/Internal User/Login Button' is clicked on

2018-12-06 10:20:32 - [MESSAGE][PASSED] - Object: 'Object Repository/Final Object Repo/Login Page/Internal User/Login Button' is clicked on

2018-12-06 10:20:32 - [TEST_STEP][PASSED] - delay: Delayed 2 second(s)

2018-12-06 10:20:34 - [MESSAGE][PASSED] - Delayed 2 second(s)

2018-12-06 10:20:34 - [TEST_STEP][PASSED] - Statement - Try: Delayed 2 second(s)

2018-12-06 10:20:34 - [TEST_STEP][PASSED] - Statement - Checker = false: null

2018-12-06 10:20:34 - [TEST_STEP][PASSED] - Statement - Checker = com.kms.katalon.core.webui.keyword.WebUiBuiltInKeywords.verifyElementHasAttribute(com.kms.katalon.core.testobject.ObjectRepository.findTestObject(Final Object Repo/Landing Page/BM Detecting), "href", 20, OPTIONAL): Object 'Object Repository/Final Object Repo/Landing Page/BM Detecting' has attribute 'href'

2018-12-06 10:20:34 - [MESSAGE][PASSED] - Object 'Object Repository/Final Object Repo/Landing Page/BM Detecting' has attribute 'href'

2018-12-06 10:20:34 - [TEST_STEP][PASSED] - Statement - out.println(Checker): null

2018-12-06 10:20:34 - [TEST_STEP][PASSED] - Statement - If (Checker == false): null

2018-12-06 10:20:34 - [TEST_STEP][PASSED] - Statement - Else: null

2018-12-06 10:20:34 - [TEST_STEP][PASSED] - delay: Delayed 2 second(s)

2018-12-06 10:20:36 - [MESSAGE][PASSED] - Delayed 2 second(s)

2018-12-06 10:20:36 - [TEST_STEP][PASSED] - click: Object: 'Object Repository/Final Object Repo/Page_MyASSIST - ASSIST - Search Pending Case For Add Supporting Document/Search Information' is clicked on

2018-12-06 10:20:36 - [MESSAGE][PASSED] - Object: 'Object Repository/Final Object Repo/Page_MyASSIST - ASSIST - Search Pending Case For Add Supporting Document/Search Information' is clicked on

2018-12-06 10:20:36 - [TEST_STEP][PASSED] - delay: Delayed 3 second(s)

2018-12-06 10:20:39 - [MESSAGE][PASSED] - Delayed 3 second(s)

2018-12-06 10:20:39 - [TEST_STEP][PASSED] - sendKeys: Keys 'SSN12201800001178' sent to object: 'Object Repository/Final Object Repo/Page_MyASSIST - ASSIST - Search Pending Case For Add Supporting Document/Reference No'

2018-12-06 10:20:39 - [MESSAGE][PASSED] - Keys 'SSN12201800001178' sent to object: 'Object Repository/Final Object Repo/Page_MyASSIST - ASSIST - Search Pending Case For Add Supporting Document/Reference No'

2018-12-06 10:20:39 - [TEST_STEP][PASSED] - click: Object: 'Object Repository/Final Object Repo/Page_MyASSIST - ASSIST - Search Pending Case For Add Supporting Document/Search Reference No' is clicked on

2018-12-06 10:20:39 - [MESSAGE][PASSED] - Object: 'Object Repository/Final Object Repo/Page_MyASSIST - ASSIST - Search Pending Case For Add Supporting Document/Search Reference No' is clicked on

2018-12-06 10:20:39 - [TEST_STEP][PASSED] - delay: Delayed 2 second(s)

2018-12-06 10:20:41 - [MESSAGE][PASSED] - Delayed 2 second(s)

2018-12-06 10:20:41 - [TEST_STEP][PASSED] - click: Object: 'Object Repository/Final Object Repo/Page_MyASSIST - ASSIST - Search Pending Case For Add Supporting Document/Continue' is clicked on

2018-12-06 10:20:48 - [MESSAGE][PASSED] - Object: 'Object Repository/Final Object Repo/Page_MyASSIST - ASSIST - Search Pending Case For Add Supporting Document/Continue' is clicked on

2018-12-06 10:20:48 - [TEST_STEP][PASSED] - delay: Delayed 20 second(s)

2018-12-06 10:21:08 - [MESSAGE][PASSED] - Delayed 20 second(s)

2018-12-06 10:21:08 - [MESSAGE][PASSED] - Call Test Case 'Test Cases/Final Aug 2018 - PKS Automation/Registration Module/Workflow/Login and Search Case For Workflow' successfully

2018-12-06 10:21:08 - [TEST_STEP][PASSED] - callTestCase: Call Test Case 'Test Cases/Final Aug 2018 - PKS Automation/Registration Module/Workflow/Request SSN/Template/Request SSN - RO (Approve)' successfully

2018-12-06 10:21:08 - [TEST_CASE][PASSED] - Test Cases/Final Aug 2018 - PKS Automation/Registration Module/Workflow/Request SSN/Template/Request SSN - RO (Approve): Test Cases/Final Aug 2018 - PKS Automation/Registration Module/Workflow/Request SSN/Template/Request SSN - RO (Approve)

2018-12-06 10:21:08 - [TEST_STEP][NOT_RUN] - openBrowser: NOT_RUN: openBrowser

2018-12-06 10:21:08 - [MESSAGE][NOT_RUN] - NOT_RUN: openBrowser

2018-12-06 10:21:08 - [TEST_STEP][NOT_RUN] - navigateToUrl: NOT_RUN: navigateToUrl

2018-12-06 10:21:08 - [MESSAGE][NOT_RUN] - NOT_RUN: navigateToUrl

2018-12-06 10:21:08 - [TEST_STEP][NOT_RUN] - setText: NOT_RUN: setText

2018-12-06 10:21:08 - [MESSAGE][NOT_RUN] - NOT_RUN: setText

2018-12-06 10:21:08 - [TEST_STEP][NOT_RUN] - click: NOT_RUN: click

2018-12-06 10:21:08 - [MESSAGE][NOT_RUN] - NOT_RUN: click

2018-12-06 10:21:08 - [TEST_STEP][NOT_RUN] - delay: NOT_RUN: delay

2018-12-06 10:21:08 - [MESSAGE][NOT_RUN] - NOT_RUN: delay

2018-12-06 10:21:08 - [TEST_STEP][NOT_RUN] - setEncryptedText: NOT_RUN: setEncryptedText

2018-12-06 10:21:08 - [MESSAGE][NOT_RUN] - NOT_RUN: setEncryptedText

2018-12-06 10:21:08 - [TEST_STEP][NOT_RUN] - click: NOT_RUN: click

2018-12-06 10:21:08 - [MESSAGE][NOT_RUN] - NOT_RUN: click

2018-12-06 10:21:08 - [TEST_STEP][NOT_RUN] - delay: NOT_RUN: delay

2018-12-06 10:21:08 - [MESSAGE][NOT_RUN] - NOT_RUN: delay

2018-12-06 10:21:08 - [TEST_STEP][NOT_RUN] - click: NOT_RUN: click

2018-12-06 10:21:08 - [MESSAGE][NOT_RUN] - NOT_RUN: click

2018-12-06 10:21:08 - [TEST_STEP][NOT_RUN] - delay: NOT_RUN: delay

2018-12-06 10:21:08 - [MESSAGE][NOT_RUN] - NOT_RUN: delay

2018-12-06 10:21:08 - [TEST_STEP][NOT_RUN] - sendKeys: NOT_RUN: sendKeys

2018-12-06 10:21:08 - [MESSAGE][NOT_RUN] - NOT_RUN: sendKeys

2018-12-06 10:21:08 - [TEST_STEP][NOT_RUN] - click: NOT_RUN: click

2018-12-06 10:21:08 - [MESSAGE][NOT_RUN] - NOT_RUN: click

2018-12-06 10:21:08 - [TEST_STEP][NOT_RUN] - delay: NOT_RUN: delay

2018-12-06 10:21:08 - [MESSAGE][NOT_RUN] - NOT_RUN: delay

2018-12-06 10:21:08 - [TEST_STEP][NOT_RUN] - click: NOT_RUN: click

2018-12-06 10:21:08 - [MESSAGE][NOT_RUN] - NOT_RUN: click

2018-12-06 10:21:08 - [TEST_STEP][PASSED] - click: Object: 'Object Repository/Final Object Repo/Page_Request SSN - ASSIST/Page_Request SSN - ASSIST - RO/Approval For SSN' is clicked on

2018-12-06 10:21:08 - [MESSAGE][PASSED] - Object: 'Object Repository/Final Object Repo/Page_Request SSN - ASSIST/Page_Request SSN - ASSIST - RO/Approval For SSN' is clicked on

2018-12-06 10:21:08 - [TEST_STEP][PASSED] - click: Object: 'Object Repository/Final Object Repo/Page_Request SSN - ASSIST/Page_Request SSN - ASSIST - RO/Approval For SSN - Approve' is clicked on

2018-12-06 10:21:08 - [MESSAGE][PASSED] - Object: 'Object Repository/Final Object Repo/Page_Request SSN - ASSIST/Page_Request SSN - ASSIST - RO/Approval For SSN - Approve' is clicked on

2018-12-06 10:21:08 - [TEST_STEP][PASSED] - delay: Delayed 2 second(s)

2018-12-06 10:21:11 - [MESSAGE][PASSED] - Delayed 2 second(s)

2018-12-06 10:21:11 - [TEST_STEP][PASSED] - click: Object: 'Object Repository/Final Object Repo/Page_Request SSN - ASSIST/Page_Request SSN - ASSIST - RO/Save  Continue in SSN Page' is clicked on

2018-12-06 10:21:11 - [MESSAGE][PASSED] - Object: 'Object Repository/Final Object Repo/Page_Request SSN - ASSIST/Page_Request SSN - ASSIST - RO/Save  Continue in SSN Page' is clicked on

2018-12-06 10:21:11 - [TEST_STEP][PASSED] - delay: Delayed 2 second(s)

2018-12-06 10:21:13 - [MESSAGE][PASSED] - Delayed 2 second(s)

2018-12-06 10:21:13 - [TEST_STEP][PASSED] - click: Object: 'Object Repository/Final Object Repo/Page_Request SSN - ASSIST/Page_Request SSN - ASSIST - RO/Save  Continue in Uploading Document Page' is clicked on

2018-12-06 10:21:15 - [MESSAGE][PASSED] - Object: 'Object Repository/Final Object Repo/Page_Request SSN - ASSIST/Page_Request SSN - ASSIST - RO/Save  Continue in Uploading Document Page' is clicked on

2018-12-06 10:21:15 - [TEST_STEP][PASSED] - delay: Delayed 2 second(s)

2018-12-06 10:21:17 - [MESSAGE][PASSED] - Delayed 2 second(s)

2018-12-06 10:21:17 - [TEST_STEP][PASSED] - click: Object: 'Object Repository/Final Object Repo/Page_Request SSN - ASSIST/Page_Request SSN - ASSIST - RO/Submit' is clicked on

2018-12-06 10:21:19 - [MESSAGE][PASSED] - Object: 'Object Repository/Final Object Repo/Page_Request SSN - ASSIST/Page_Request SSN - ASSIST - RO/Submit' is clicked on

2018-12-06 10:21:19 - [TEST_STEP][PASSED] - delay: Delayed 2 second(s)

2018-12-06 10:21:21 - [MESSAGE][PASSED] - Delayed 2 second(s)

2018-12-06 10:21:21 - [TEST_STEP][PASSED] - click: Object: 'Object Repository/Final Object Repo/Page_Request SSN - ASSIST/Page_Request SSN - ASSIST - RO/Confirm' is clicked on

2018-12-06 10:21:21 - [MESSAGE][PASSED] - Object: 'Object Repository/Final Object Repo/Page_Request SSN - ASSIST/Page_Request SSN - ASSIST - RO/Confirm' is clicked on

2018-12-06 10:21:21 - [TEST_STEP][PASSED] - delay: Delayed 2 second(s)

2018-12-06 10:21:23 - [MESSAGE][PASSED] - Delayed 2 second(s)

2018-12-06 10:21:23 - [TEST_STEP][PASSED] - verifyElementVisible: Object 'Object Repository/Final Object Repo/Page_Request SSN - ASSIST/Page_Request SSN - ASSIST - RO/Successfull Message Your application has submitted' is visible

2018-12-06 10:21:30 - [MESSAGE][PASSED] - Object 'Object Repository/Final Object Repo/Page_Request SSN - ASSIST/Page_Request SSN - ASSIST - RO/Successfull Message Your application has submitted' is visible

2018-12-06 10:21:30 - [TEST_STEP][PASSED] - delay: Delayed 2 second(s)

2018-12-06 10:21:32 - [MESSAGE][PASSED] - Delayed 2 second(s)

2018-12-06 10:21:32 - [TEST_STEP][PASSED] - verifyElementVisible: Object 'Object Repository/Final Object Repo/Page_Request SSN - ASSIST/Page_Request SSN - ASSIST - RO/Letter of approval' is visible

2018-12-06 10:21:32 - [MESSAGE][PASSED] - Object 'Object Repository/Final Object Repo/Page_Request SSN - ASSIST/Page_Request SSN - ASSIST - RO/Letter of approval' is visible

2018-12-06 10:21:32 - [MESSAGE][PASSED] - Call Test Case 'Test Cases/Final Aug 2018 - PKS Automation/Registration Module/Workflow/Request SSN/Template/Request SSN - RO (Approve)' successfully

2018-12-06 10:21:32 - [MESSAGE][PASSED] - Call Test Case 'Test Cases/Final Aug 2018 - PKS Automation/Registration Module/Workflow/Request SSN/Template/Request SSN  RO (Approve after Query)' successfully

2018-12-06 10:21:32 - [MESSAGE][PASSED] - Call Test Case 'Test Cases/Final Aug 2018 - PKS Automation/Registration Module/Workflow/Request SSN/Template/Request SSN RIO - RO (Query)' successfully]]></system-out>
         <system-err><![CDATA[]]></system-err>
      </testcase>
      <testcase name="Test Cases/Final Aug 2018 - PKS Automation/Registration Module/Workflow/Request SSN/PKRBO - RIO - RO (Under enforcement)" classname="Test Cases/Final Aug 2018 - PKS Automation/Registration Module/Workflow/Request SSN/PKRBO - RIO - RO (Under enforcement)" status="PASSED">
         <system-out><![CDATA[2018-12-06 10:21:32 - [TEST_CASE][PASSED] - Test Cases/Final Aug 2018 - PKS Automation/Registration Module/Workflow/Request SSN/PKRBO - RIO - RO (Under enforcement): Test Cases/Final Aug 2018 - PKS Automation/Registration Module/Workflow/Request SSN/PKRBO - RIO - RO (Under enforcement)

2018-12-06 10:21:32 - [TEST_STEP][PASSED] - callTestCase: Call Test Case 'Test Cases/Final Aug 2018 - PKS Automation/Registration Module/Workflow/Request SSN/Template/Request SSN - PKRBO' successfully

2018-12-06 10:21:32 - [TEST_CASE][PASSED] - Test Cases/Final Aug 2018 - PKS Automation/Registration Module/Workflow/Request SSN/Template/Request SSN - PKRBO: Test Cases/Final Aug 2018 - PKS Automation/Registration Module/Workflow/Request SSN/Template/Request SSN - PKRBO

2018-12-06 10:21:32 - [TEST_STEP][PASSED] - openBrowser: Browser is opened with url: ''

2018-12-06 10:21:32 - [MESSAGE][WARNING] - A browser is already opened. Closing browser and opening a new one

2018-12-06 10:21:36 - [MESSAGE][PASSED] - Browser is opened with url: ''

2018-12-06 10:21:36 - [TEST_STEP][PASSED] - navigateToUrl: Navigate to 'https://assist2-uat.perkeso.gov.my/login' successfully

2018-12-06 10:21:37 - [MESSAGE][PASSED] - Navigate to 'https://assist2-uat.perkeso.gov.my/login' successfully

2018-12-06 10:21:37 - [TEST_STEP][PASSED] - setText: Text 'johorpkrbo1@gmail.com' is set on object 'Object Repository/Final Object Repo/Login Page/Internal User/Email Address'

2018-12-06 10:21:37 - [MESSAGE][PASSED] - Text 'johorpkrbo1@gmail.com' is set on object 'Object Repository/Final Object Repo/Login Page/Internal User/Email Address'

2018-12-06 10:21:37 - [TEST_STEP][PASSED] - click: Object: 'Object Repository/Final Object Repo/Login Page/Internal User/Next Button' is clicked on

2018-12-06 10:21:37 - [MESSAGE][PASSED] - Object: 'Object Repository/Final Object Repo/Login Page/Internal User/Next Button' is clicked on

2018-12-06 10:21:37 - [TEST_STEP][PASSED] - delay: Delayed 1 second(s)

2018-12-06 10:21:38 - [MESSAGE][PASSED] - Delayed 1 second(s)

2018-12-06 10:21:38 - [TEST_STEP][PASSED] - setEncryptedText: Text ****** has been set on object 'Object Repository/Final Object Repo/Login Page/Internal User/Password'

2018-12-06 10:21:39 - [MESSAGE][PASSED] - Text ****** has been set on object 'Object Repository/Final Object Repo/Login Page/Internal User/Password'

2018-12-06 10:21:39 - [TEST_STEP][PASSED] - click: Object: 'Object Repository/Final Object Repo/Login Page/Internal User/Login Button' is clicked on

2018-12-06 10:21:39 - [MESSAGE][PASSED] - Object: 'Object Repository/Final Object Repo/Login Page/Internal User/Login Button' is clicked on

2018-12-06 10:21:39 - [TEST_STEP][PASSED] - Statement - Try: null

2018-12-06 10:21:39 - [TEST_STEP][PASSED] - Statement - Checker = com.kms.katalon.core.webui.keyword.WebUiBuiltInKeywords.verifyElementNotPresent("Final Object Repo/Landing Page/Select to English", 3): null

2018-12-06 10:21:39 - [TEST_STEP][PASSED] - Statement - Catch (Exception e): null

2018-12-06 10:21:39 - [TEST_STEP][PASSED] - Statement - e.printStackTrace(): null

2018-12-06 10:21:39 - [TEST_STEP][PASSED] - delay: Delayed 5 second(s)

2018-12-06 10:21:44 - [MESSAGE][PASSED] - Delayed 5 second(s)

2018-12-06 10:21:44 - [TEST_STEP][PASSED] - delay: Delayed 1 second(s)

2018-12-06 10:21:45 - [MESSAGE][PASSED] - Delayed 1 second(s)

2018-12-06 10:21:45 - [TEST_STEP][PASSED] - navigateToUrl: Navigate to 'https://assist2-uat.perkeso.gov.my/web/registration/request-ssn' successfully

2018-12-06 10:21:49 - [MESSAGE][PASSED] - Navigate to 'https://assist2-uat.perkeso.gov.my/web/registration/request-ssn' successfully

2018-12-06 10:21:49 - [TEST_STEP][PASSED] - setText: Text 'perkeso' is set on object 'Object Repository/Final Object Repo/Page_Request SSN - ASSIST/AI - Name'

2018-12-06 10:21:50 - [MESSAGE][PASSED] - Text 'perkeso' is set on object 'Object Repository/Final Object Repo/Page_Request SSN - ASSIST/AI - Name'

2018-12-06 10:21:50 - [TEST_STEP][PASSED] - click: Object: 'Object Repository/Final Object Repo/Page_Request SSN - ASSIST/AI - DOB' is clicked on

2018-12-06 10:21:50 - [MESSAGE][PASSED] - Object: 'Object Repository/Final Object Repo/Page_Request SSN - ASSIST/AI - DOB' is clicked on

2018-12-06 10:21:50 - [TEST_STEP][PASSED] - selectOptionByValue: All options with value '1995' are selected in object 'Object Repository/Final Object Repo/Page_Request SSN - ASSIST/AI - DOB - Year' 

2018-12-06 10:21:50 - [MESSAGE][PASSED] - All options with value '1995' are selected in object 'Object Repository/Final Object Repo/Page_Request SSN - ASSIST/AI - DOB - Year' 

2018-12-06 10:21:50 - [TEST_STEP][PASSED] - delay: Delayed 3 second(s)

2018-12-06 10:21:53 - [MESSAGE][PASSED] - Delayed 3 second(s)

2018-12-06 10:21:53 - [TEST_STEP][PASSED] - doubleClick: Object: 'Object Repository/Final Object Repo/Page_Request SSN - ASSIST/AI - DOB - Year - Date' is double clicked on

2018-12-06 10:21:54 - [MESSAGE][PASSED] - Object: 'Object Repository/Final Object Repo/Page_Request SSN - ASSIST/AI - DOB - Year - Date' is double clicked on

2018-12-06 10:21:54 - [TEST_STEP][PASSED] - click: Object: 'Object Repository/Final Object Repo/Page_Request SSN - ASSIST/AI - Male' is clicked on

2018-12-06 10:21:54 - [MESSAGE][PASSED] - Object: 'Object Repository/Final Object Repo/Page_Request SSN - ASSIST/AI - Male' is clicked on

2018-12-06 10:21:54 - [TEST_STEP][PASSED] - click: Object: 'Object Repository/Final Object Repo/Page_Request SSN - ASSIST/AI- Race' is clicked on

2018-12-06 10:21:54 - [MESSAGE][PASSED] - Object: 'Object Repository/Final Object Repo/Page_Request SSN - ASSIST/AI- Race' is clicked on

2018-12-06 10:21:54 - [TEST_STEP][PASSED] - click: Object: 'Object Repository/Final Object Repo/Page_Request SSN - ASSIST/AI - Race - Melayu' is clicked on

2018-12-06 10:21:54 - [MESSAGE][PASSED] - Object: 'Object Repository/Final Object Repo/Page_Request SSN - ASSIST/AI - Race - Melayu' is clicked on

2018-12-06 10:21:54 - [TEST_STEP][PASSED] - click: Object: 'Object Repository/Final Object Repo/Page_Request SSN - ASSIST/AI - Religion' is clicked on

2018-12-06 10:21:55 - [MESSAGE][PASSED] - Object: 'Object Repository/Final Object Repo/Page_Request SSN - ASSIST/AI - Religion' is clicked on

2018-12-06 10:21:55 - [TEST_STEP][PASSED] - click: Object: 'Object Repository/Final Object Repo/Page_Request SSN - ASSIST/AI - Religion - Islam' is clicked on

2018-12-06 10:21:55 - [MESSAGE][PASSED] - Object: 'Object Repository/Final Object Repo/Page_Request SSN - ASSIST/AI - Religion - Islam' is clicked on

2018-12-06 10:21:55 - [TEST_STEP][PASSED] - setText: Text '12345' is set on object 'Object Repository/Final Object Repo/Page_Request SSN - ASSIST/AI - Birth Certificate'

2018-12-06 10:21:55 - [MESSAGE][PASSED] - Text '12345' is set on object 'Object Repository/Final Object Repo/Page_Request SSN - ASSIST/AI - Birth Certificate'

2018-12-06 10:21:55 - [TEST_STEP][PASSED] - click: Object: 'Object Repository/Final Object Repo/Page_Request SSN - ASSIST/AI - Nationality' is clicked on

2018-12-06 10:21:56 - [MESSAGE][PASSED] - Object: 'Object Repository/Final Object Repo/Page_Request SSN - ASSIST/AI - Nationality' is clicked on

2018-12-06 10:21:56 - [TEST_STEP][PASSED] - click: Object: 'Object Repository/Final Object Repo/Page_Request SSN - ASSIST/AI - Nationality - Afghanistan' is clicked on

2018-12-06 10:21:56 - [MESSAGE][PASSED] - Object: 'Object Repository/Final Object Repo/Page_Request SSN - ASSIST/AI - Nationality - Afghanistan' is clicked on

2018-12-06 10:21:56 - [TEST_STEP][PASSED] - setText: Text 'PERKESO ADDRESS1' is set on object 'Object Repository/Final Object Repo/Page_Request SSN - ASSIST/AI - Address1'

2018-12-06 10:21:57 - [MESSAGE][PASSED] - Text 'PERKESO ADDRESS1' is set on object 'Object Repository/Final Object Repo/Page_Request SSN - ASSIST/AI - Address1'

2018-12-06 10:21:57 - [TEST_STEP][PASSED] - setText: Text 'PERKESO ADDRESS2' is set on object 'Object Repository/Final Object Repo/Page_Request SSN - ASSIST/AI - Address2'

2018-12-06 10:21:59 - [MESSAGE][PASSED] - Text 'PERKESO ADDRESS2' is set on object 'Object Repository/Final Object Repo/Page_Request SSN - ASSIST/AI - Address2'

2018-12-06 10:21:59 - [TEST_STEP][PASSED] - setText: Text 'PERKESO ADDRESS3' is set on object 'Object Repository/Final Object Repo/Page_Request SSN - ASSIST/AI - Address3'

2018-12-06 10:22:00 - [MESSAGE][PASSED] - Text 'PERKESO ADDRESS3' is set on object 'Object Repository/Final Object Repo/Page_Request SSN - ASSIST/AI - Address3'

2018-12-06 10:22:00 - [TEST_STEP][PASSED] - click: Object: 'Object Repository/Final Object Repo/Page_Request SSN - ASSIST/AI - State' is clicked on

2018-12-06 10:22:00 - [MESSAGE][PASSED] - Object: 'Object Repository/Final Object Repo/Page_Request SSN - ASSIST/AI - State' is clicked on

2018-12-06 10:22:00 - [TEST_STEP][PASSED] - click: Object: 'Object Repository/Final Object Repo/Page_Request SSN - ASSIST/AI - Current Employer State - Johor' is clicked on

2018-12-06 10:22:01 - [MESSAGE][PASSED] - Object: 'Object Repository/Final Object Repo/Page_Request SSN - ASSIST/AI - Current Employer State - Johor' is clicked on

2018-12-06 10:22:01 - [TEST_STEP][PASSED] - click: Object: 'Object Repository/Final Object Repo/Page_Request SSN - ASSIST/AI - City' is clicked on

2018-12-06 10:22:01 - [MESSAGE][PASSED] - Object: 'Object Repository/Final Object Repo/Page_Request SSN - ASSIST/AI - City' is clicked on

2018-12-06 10:22:01 - [TEST_STEP][PASSED] - setText: Text 'JOH' is set on object 'Object Repository/Final Object Repo/Page_Request SSN - ASSIST/AI - City - JOH'

2018-12-06 10:22:01 - [MESSAGE][PASSED] - Text 'JOH' is set on object 'Object Repository/Final Object Repo/Page_Request SSN - ASSIST/AI - City - JOH'

2018-12-06 10:22:01 - [TEST_STEP][PASSED] - delay: Delayed 3 second(s)

2018-12-06 10:22:04 - [MESSAGE][PASSED] - Delayed 3 second(s)

2018-12-06 10:22:04 - [TEST_STEP][PASSED] - click: Object: 'Object Repository/Final Object Repo/Page_Request SSN - ASSIST/AI - City - Johor Bharu' is clicked on

2018-12-06 10:22:05 - [MESSAGE][PASSED] - Object: 'Object Repository/Final Object Repo/Page_Request SSN - ASSIST/AI - City - Johor Bharu' is clicked on

2018-12-06 10:22:05 - [TEST_STEP][PASSED] - click: Object: 'Object Repository/Final Object Repo/Page_Request SSN - ASSIST/AI - Post Code' is clicked on

2018-12-06 10:22:05 - [MESSAGE][PASSED] - Object: 'Object Repository/Final Object Repo/Page_Request SSN - ASSIST/AI - Post Code' is clicked on

2018-12-06 10:22:05 - [TEST_STEP][PASSED] - setText: Text '810' is set on object 'Object Repository/Final Object Repo/Page_Request SSN - ASSIST/AI - City - JOH'

2018-12-06 10:22:06 - [MESSAGE][PASSED] - Text '810' is set on object 'Object Repository/Final Object Repo/Page_Request SSN - ASSIST/AI - City - JOH'

2018-12-06 10:22:06 - [TEST_STEP][PASSED] - delay: Delayed 3 second(s)

2018-12-06 10:22:09 - [MESSAGE][PASSED] - Delayed 3 second(s)

2018-12-06 10:22:09 - [TEST_STEP][PASSED] - click: Object: 'Object Repository/Final Object Repo/Page_Request SSN - ASSIST/AI - PostCode - 81000' is clicked on

2018-12-06 10:22:09 - [MESSAGE][PASSED] - Object: 'Object Repository/Final Object Repo/Page_Request SSN - ASSIST/AI - PostCode - 81000' is clicked on

2018-12-06 10:22:09 - [TEST_STEP][PASSED] - setText: Text '100' is set on object 'Object Repository/Final Object Repo/Page_Request SSN - ASSIST/P.O.BOX'

2018-12-06 10:22:10 - [MESSAGE][PASSED] - Text '100' is set on object 'Object Repository/Final Object Repo/Page_Request SSN - ASSIST/P.O.BOX'

2018-12-06 10:22:10 - [TEST_STEP][PASSED] - setText: Text '100' is set on object 'Object Repository/Final Object Repo/Page_Request SSN - ASSIST/Locked Bag No'

2018-12-06 10:22:10 - [MESSAGE][PASSED] - Text '100' is set on object 'Object Repository/Final Object Repo/Page_Request SSN - ASSIST/Locked Bag No'

2018-12-06 10:22:10 - [TEST_STEP][PASSED] - delay: Delayed 2 second(s)

2018-12-06 10:22:12 - [MESSAGE][PASSED] - Delayed 2 second(s)

2018-12-06 10:22:12 - [TEST_STEP][PASSED] - setText: Text '123456789' is set on object 'Object Repository/Final Object Repo/Page_Request SSN - ASSIST/AI - Telephone No'

2018-12-06 10:22:13 - [MESSAGE][PASSED] - Text '123456789' is set on object 'Object Repository/Final Object Repo/Page_Request SSN - ASSIST/AI - Telephone No'

2018-12-06 10:22:13 - [TEST_STEP][PASSED] - click: Object: 'Object Repository/Final Object Repo/Page_Request SSN - ASSIST/AI - Occupation' is clicked on

2018-12-06 10:22:13 - [MESSAGE][PASSED] - Object: 'Object Repository/Final Object Repo/Page_Request SSN - ASSIST/AI - Occupation' is clicked on

2018-12-06 10:22:13 - [TEST_STEP][PASSED] - click: Object: 'Object Repository/Final Object Repo/Page_Request SSN - ASSIST/AI - Occupation - NUMERICAL AND MATERIAL R' is clicked on

2018-12-06 10:22:13 - [MESSAGE][PASSED] - Object: 'Object Repository/Final Object Repo/Page_Request SSN - ASSIST/AI - Occupation - NUMERICAL AND MATERIAL R' is clicked on

2018-12-06 10:22:13 - [TEST_STEP][PASSED] - delay: Delayed 2 second(s)

2018-12-06 10:22:15 - [MESSAGE][PASSED] - Delayed 2 second(s)

2018-12-06 10:22:15 - [TEST_STEP][PASSED] - click: Object: 'Object Repository/Final Object Repo/Page_Request SSN - ASSIST/AI - Sub Occupation' is clicked on

2018-12-06 10:22:16 - [MESSAGE][PASSED] - Object: 'Object Repository/Final Object Repo/Page_Request SSN - ASSIST/AI - Sub Occupation' is clicked on

2018-12-06 10:22:16 - [TEST_STEP][PASSED] - click: Object: 'Object Repository/Final Object Repo/Page_Request SSN - ASSIST/AI - Sub Occupation - Stock Clerks' is clicked on

2018-12-06 10:22:16 - [MESSAGE][PASSED] - Object: 'Object Repository/Final Object Repo/Page_Request SSN - ASSIST/AI - Sub Occupation - Stock Clerks' is clicked on

2018-12-06 10:22:16 - [TEST_STEP][PASSED] - delay: Delayed 2 second(s)

2018-12-06 10:22:18 - [MESSAGE][PASSED] - Delayed 2 second(s)

2018-12-06 10:22:18 - [TEST_STEP][PASSED] - click: Object: 'Object Repository/Final Object Repo/Page_Request SSN - ASSIST/AI - Sub Occupation List' is clicked on

2018-12-06 10:22:18 - [MESSAGE][PASSED] - Object: 'Object Repository/Final Object Repo/Page_Request SSN - ASSIST/AI - Sub Occupation List' is clicked on

2018-12-06 10:22:18 - [TEST_STEP][PASSED] - click: Object: 'Object Repository/Final Object Repo/Page_Request SSN - ASSIST/AI - Sub Occupation List - Clerk raw material' is clicked on

2018-12-06 10:22:19 - [MESSAGE][PASSED] - Object: 'Object Repository/Final Object Repo/Page_Request SSN - ASSIST/AI - Sub Occupation List - Clerk raw material' is clicked on

2018-12-06 10:22:19 - [TEST_STEP][PASSED] - click: Object: 'Object Repository/Final Object Repo/Page_Request SSN - ASSIST/AI - Employment Start Date' is clicked on

2018-12-06 10:22:19 - [MESSAGE][PASSED] - Object: 'Object Repository/Final Object Repo/Page_Request SSN - ASSIST/AI - Employment Start Date' is clicked on

2018-12-06 10:22:19 - [TEST_STEP][PASSED] - click: Object: 'Object Repository/Final Object Repo/Page_Request SSN - ASSIST/AI - DOB - Year - Date' is clicked on

2018-12-06 10:22:19 - [MESSAGE][PASSED] - Object: 'Object Repository/Final Object Repo/Page_Request SSN - ASSIST/AI - DOB - Year - Date' is clicked on

2018-12-06 10:22:19 - [TEST_STEP][PASSED] - setText: Text 'perkeso' is set on object 'Object Repository/Final Object Repo/Page_Request SSN - ASSIST/AI - Current Employer Name'

2018-12-06 10:22:20 - [MESSAGE][PASSED] - Text 'perkeso' is set on object 'Object Repository/Final Object Repo/Page_Request SSN - ASSIST/AI - Current Employer Name'

2018-12-06 10:22:20 - [TEST_STEP][PASSED] - setText: Text 'perkeso1' is set on object 'Object Repository/Final Object Repo/Page_Request SSN - ASSIST/AI - Current Employer Address1'

2018-12-06 10:22:21 - [MESSAGE][PASSED] - Text 'perkeso1' is set on object 'Object Repository/Final Object Repo/Page_Request SSN - ASSIST/AI - Current Employer Address1'

2018-12-06 10:22:21 - [TEST_STEP][PASSED] - setText: Text 'perkeso2' is set on object 'Object Repository/Final Object Repo/Page_Request SSN - ASSIST/AI - Current Employer Address2'

2018-12-06 10:22:21 - [MESSAGE][PASSED] - Text 'perkeso2' is set on object 'Object Repository/Final Object Repo/Page_Request SSN - ASSIST/AI - Current Employer Address2'

2018-12-06 10:22:21 - [TEST_STEP][PASSED] - setText: Text 'perkeso3' is set on object 'Object Repository/Final Object Repo/Page_Request SSN - ASSIST/AI - Current Employer Address3'

2018-12-06 10:22:22 - [MESSAGE][PASSED] - Text 'perkeso3' is set on object 'Object Repository/Final Object Repo/Page_Request SSN - ASSIST/AI - Current Employer Address3'

2018-12-06 10:22:22 - [TEST_STEP][PASSED] - click: Object: 'Object Repository/Final Object Repo/Page_Request SSN - ASSIST/AI - Current Employer State' is clicked on

2018-12-06 10:22:22 - [MESSAGE][PASSED] - Object: 'Object Repository/Final Object Repo/Page_Request SSN - ASSIST/AI - Current Employer State' is clicked on

2018-12-06 10:22:22 - [TEST_STEP][PASSED] - click: Object: 'Object Repository/Final Object Repo/Page_Request SSN - ASSIST/AI - Current Employer State - Johor 1' is clicked on

2018-12-06 10:22:23 - [MESSAGE][PASSED] - Object: 'Object Repository/Final Object Repo/Page_Request SSN - ASSIST/AI - Current Employer State - Johor 1' is clicked on

2018-12-06 10:22:23 - [TEST_STEP][PASSED] - click: Object: 'Object Repository/Final Object Repo/Page_Request SSN - ASSIST/AI - Current Employer City' is clicked on

2018-12-06 10:22:23 - [MESSAGE][PASSED] - Object: 'Object Repository/Final Object Repo/Page_Request SSN - ASSIST/AI - Current Employer City' is clicked on

2018-12-06 10:22:23 - [TEST_STEP][PASSED] - setText: Text 'joh' is set on object 'Object Repository/Final Object Repo/Page_Request SSN - ASSIST/AI - City - JOH'

2018-12-06 10:22:23 - [MESSAGE][PASSED] - Text 'joh' is set on object 'Object Repository/Final Object Repo/Page_Request SSN - ASSIST/AI - City - JOH'

2018-12-06 10:22:23 - [TEST_STEP][PASSED] - delay: Delayed 2 second(s)

2018-12-06 10:22:25 - [MESSAGE][PASSED] - Delayed 2 second(s)

2018-12-06 10:22:25 - [TEST_STEP][PASSED] - click: Object: 'Object Repository/Final Object Repo/Page_Request SSN - ASSIST/AI - City - Johor Bharu' is clicked on

2018-12-06 10:22:26 - [MESSAGE][PASSED] - Object: 'Object Repository/Final Object Repo/Page_Request SSN - ASSIST/AI - City - Johor Bharu' is clicked on

2018-12-06 10:22:26 - [TEST_STEP][PASSED] - click: Object: 'Object Repository/Final Object Repo/Page_Request SSN - ASSIST/AI - Current Employer Postcode' is clicked on

2018-12-06 10:22:26 - [MESSAGE][PASSED] - Object: 'Object Repository/Final Object Repo/Page_Request SSN - ASSIST/AI - Current Employer Postcode' is clicked on

2018-12-06 10:22:26 - [TEST_STEP][PASSED] - setText: Text '810' is set on object 'Object Repository/Final Object Repo/Page_Request SSN - ASSIST/AI - City - JOH'

2018-12-06 10:22:27 - [MESSAGE][PASSED] - Text '810' is set on object 'Object Repository/Final Object Repo/Page_Request SSN - ASSIST/AI - City - JOH'

2018-12-06 10:22:27 - [TEST_STEP][PASSED] - delay: Delayed 2 second(s)

2018-12-06 10:22:29 - [MESSAGE][PASSED] - Delayed 2 second(s)

2018-12-06 10:22:29 - [TEST_STEP][PASSED] - click: Object: 'Object Repository/Final Object Repo/Page_Request SSN - ASSIST/AI - PostCode - 81000' is clicked on

2018-12-06 10:22:29 - [MESSAGE][PASSED] - Object: 'Object Repository/Final Object Repo/Page_Request SSN - ASSIST/AI - PostCode - 81000' is clicked on

2018-12-06 10:22:29 - [TEST_STEP][NOT_RUN] - setText: NOT_RUN: setText

2018-12-06 10:22:29 - [MESSAGE][NOT_RUN] - NOT_RUN: setText

2018-12-06 10:22:29 - [TEST_STEP][NOT_RUN] - setText: NOT_RUN: setText

2018-12-06 10:22:29 - [MESSAGE][NOT_RUN] - NOT_RUN: setText

2018-12-06 10:22:29 - [TEST_STEP][NOT_RUN] - click: NOT_RUN: click

2018-12-06 10:22:29 - [MESSAGE][NOT_RUN] - NOT_RUN: click

2018-12-06 10:22:29 - [TEST_STEP][NOT_RUN] - click: NOT_RUN: click

2018-12-06 10:22:29 - [MESSAGE][NOT_RUN] - NOT_RUN: click

2018-12-06 10:22:29 - [TEST_STEP][NOT_RUN] - setText: NOT_RUN: setText

2018-12-06 10:22:29 - [MESSAGE][NOT_RUN] - NOT_RUN: setText

2018-12-06 10:22:29 - [TEST_STEP][NOT_RUN] - click: NOT_RUN: click

2018-12-06 10:22:29 - [MESSAGE][NOT_RUN] - NOT_RUN: click

2018-12-06 10:22:29 - [TEST_STEP][NOT_RUN] - click: NOT_RUN: click

2018-12-06 10:22:29 - [MESSAGE][NOT_RUN] - NOT_RUN: click

2018-12-06 10:22:29 - [TEST_STEP][NOT_RUN] - click: NOT_RUN: click

2018-12-06 10:22:29 - [MESSAGE][NOT_RUN] - NOT_RUN: click

2018-12-06 10:22:29 - [TEST_STEP][NOT_RUN] - click: NOT_RUN: click

2018-12-06 10:22:29 - [MESSAGE][NOT_RUN] - NOT_RUN: click

2018-12-06 10:22:29 - [TEST_STEP][NOT_RUN] - click: NOT_RUN: click

2018-12-06 10:22:29 - [MESSAGE][NOT_RUN] - NOT_RUN: click

2018-12-06 10:22:29 - [TEST_STEP][NOT_RUN] - click: NOT_RUN: click

2018-12-06 10:22:29 - [MESSAGE][NOT_RUN] - NOT_RUN: click

2018-12-06 10:22:29 - [TEST_STEP][NOT_RUN] - setText: NOT_RUN: setText

2018-12-06 10:22:29 - [MESSAGE][NOT_RUN] - NOT_RUN: setText

2018-12-06 10:22:29 - [TEST_STEP][NOT_RUN] - setText: NOT_RUN: setText

2018-12-06 10:22:29 - [MESSAGE][NOT_RUN] - NOT_RUN: setText

2018-12-06 10:22:29 - [TEST_STEP][NOT_RUN] - setText: NOT_RUN: setText

2018-12-06 10:22:29 - [MESSAGE][NOT_RUN] - NOT_RUN: setText

2018-12-06 10:22:29 - [TEST_STEP][NOT_RUN] - click: NOT_RUN: click

2018-12-06 10:22:29 - [MESSAGE][NOT_RUN] - NOT_RUN: click

2018-12-06 10:22:29 - [TEST_STEP][NOT_RUN] - click: NOT_RUN: click

2018-12-06 10:22:29 - [MESSAGE][NOT_RUN] - NOT_RUN: click

2018-12-06 10:22:29 - [TEST_STEP][NOT_RUN] - click: NOT_RUN: click

2018-12-06 10:22:29 - [MESSAGE][NOT_RUN] - NOT_RUN: click

2018-12-06 10:22:29 - [TEST_STEP][NOT_RUN] - setText: NOT_RUN: setText

2018-12-06 10:22:29 - [MESSAGE][NOT_RUN] - NOT_RUN: setText

2018-12-06 10:22:29 - [TEST_STEP][NOT_RUN] - delay: NOT_RUN: delay

2018-12-06 10:22:29 - [MESSAGE][NOT_RUN] - NOT_RUN: delay

2018-12-06 10:22:29 - [TEST_STEP][NOT_RUN] - click: NOT_RUN: click

2018-12-06 10:22:29 - [MESSAGE][NOT_RUN] - NOT_RUN: click

2018-12-06 10:22:29 - [TEST_STEP][NOT_RUN] - click: NOT_RUN: click

2018-12-06 10:22:29 - [MESSAGE][NOT_RUN] - NOT_RUN: click

2018-12-06 10:22:29 - [TEST_STEP][NOT_RUN] - click: NOT_RUN: click

2018-12-06 10:22:29 - [MESSAGE][NOT_RUN] - NOT_RUN: click

2018-12-06 10:22:29 - [TEST_STEP][NOT_RUN] - setText: NOT_RUN: setText

2018-12-06 10:22:29 - [MESSAGE][NOT_RUN] - NOT_RUN: setText

2018-12-06 10:22:29 - [TEST_STEP][NOT_RUN] - delay: NOT_RUN: delay

2018-12-06 10:22:29 - [MESSAGE][NOT_RUN] - NOT_RUN: delay

2018-12-06 10:22:29 - [TEST_STEP][NOT_RUN] - click: NOT_RUN: click

2018-12-06 10:22:29 - [MESSAGE][NOT_RUN] - NOT_RUN: click

2018-12-06 10:22:29 - [TEST_STEP][NOT_RUN] - delay: NOT_RUN: delay

2018-12-06 10:22:29 - [MESSAGE][NOT_RUN] - NOT_RUN: delay

2018-12-06 10:22:29 - [TEST_STEP][NOT_RUN] - setText: NOT_RUN: setText

2018-12-06 10:22:29 - [MESSAGE][NOT_RUN] - NOT_RUN: setText

2018-12-06 10:22:29 - [TEST_STEP][NOT_RUN] - setText: NOT_RUN: setText

2018-12-06 10:22:29 - [MESSAGE][NOT_RUN] - NOT_RUN: setText

2018-12-06 10:22:29 - [TEST_STEP][NOT_RUN] - setText: NOT_RUN: setText

2018-12-06 10:22:29 - [MESSAGE][NOT_RUN] - NOT_RUN: setText

2018-12-06 10:22:29 - [TEST_STEP][NOT_RUN] - click: NOT_RUN: click

2018-12-06 10:22:29 - [MESSAGE][NOT_RUN] - NOT_RUN: click

2018-12-06 10:22:29 - [TEST_STEP][NOT_RUN] - click: NOT_RUN: click

2018-12-06 10:22:29 - [MESSAGE][NOT_RUN] - NOT_RUN: click

2018-12-06 10:22:29 - [TEST_STEP][NOT_RUN] - setText: NOT_RUN: setText

2018-12-06 10:22:29 - [MESSAGE][NOT_RUN] - NOT_RUN: setText

2018-12-06 10:22:29 - [TEST_STEP][NOT_RUN] - click: NOT_RUN: click

2018-12-06 10:22:29 - [MESSAGE][NOT_RUN] - NOT_RUN: click

2018-12-06 10:22:29 - [TEST_STEP][NOT_RUN] - click: NOT_RUN: click

2018-12-06 10:22:29 - [MESSAGE][NOT_RUN] - NOT_RUN: click

2018-12-06 10:22:29 - [TEST_STEP][NOT_RUN] - click: NOT_RUN: click

2018-12-06 10:22:29 - [MESSAGE][NOT_RUN] - NOT_RUN: click

2018-12-06 10:22:29 - [TEST_STEP][NOT_RUN] - click: NOT_RUN: click

2018-12-06 10:22:29 - [MESSAGE][NOT_RUN] - NOT_RUN: click

2018-12-06 10:22:29 - [TEST_STEP][NOT_RUN] - click: NOT_RUN: click

2018-12-06 10:22:29 - [MESSAGE][NOT_RUN] - NOT_RUN: click

2018-12-06 10:22:29 - [TEST_STEP][NOT_RUN] - click: NOT_RUN: click

2018-12-06 10:22:29 - [MESSAGE][NOT_RUN] - NOT_RUN: click

2018-12-06 10:22:29 - [TEST_STEP][NOT_RUN] - setText: NOT_RUN: setText

2018-12-06 10:22:29 - [MESSAGE][NOT_RUN] - NOT_RUN: setText

2018-12-06 10:22:29 - [TEST_STEP][NOT_RUN] - setText: NOT_RUN: setText

2018-12-06 10:22:30 - [MESSAGE][NOT_RUN] - NOT_RUN: setText

2018-12-06 10:22:30 - [TEST_STEP][NOT_RUN] - setText: NOT_RUN: setText

2018-12-06 10:22:30 - [MESSAGE][NOT_RUN] - NOT_RUN: setText

2018-12-06 10:22:30 - [TEST_STEP][NOT_RUN] - click: NOT_RUN: click

2018-12-06 10:22:30 - [MESSAGE][NOT_RUN] - NOT_RUN: click

2018-12-06 10:22:30 - [TEST_STEP][NOT_RUN] - click: NOT_RUN: click

2018-12-06 10:22:30 - [MESSAGE][NOT_RUN] - NOT_RUN: click

2018-12-06 10:22:30 - [TEST_STEP][NOT_RUN] - click: NOT_RUN: click

2018-12-06 10:22:30 - [MESSAGE][NOT_RUN] - NOT_RUN: click

2018-12-06 10:22:30 - [TEST_STEP][NOT_RUN] - delay: NOT_RUN: delay

2018-12-06 10:22:30 - [MESSAGE][NOT_RUN] - NOT_RUN: delay

2018-12-06 10:22:30 - [TEST_STEP][NOT_RUN] - setText: NOT_RUN: setText

2018-12-06 10:22:30 - [MESSAGE][NOT_RUN] - NOT_RUN: setText

2018-12-06 10:22:30 - [TEST_STEP][NOT_RUN] - delay: NOT_RUN: delay

2018-12-06 10:22:30 - [MESSAGE][NOT_RUN] - NOT_RUN: delay

2018-12-06 10:22:30 - [TEST_STEP][NOT_RUN] - click: NOT_RUN: click

2018-12-06 10:22:30 - [MESSAGE][NOT_RUN] - NOT_RUN: click

2018-12-06 10:22:30 - [TEST_STEP][NOT_RUN] - doubleClick: NOT_RUN: doubleClick

2018-12-06 10:22:30 - [MESSAGE][NOT_RUN] - NOT_RUN: doubleClick

2018-12-06 10:22:30 - [TEST_STEP][NOT_RUN] - click: NOT_RUN: click

2018-12-06 10:22:30 - [MESSAGE][NOT_RUN] - NOT_RUN: click

2018-12-06 10:22:30 - [TEST_STEP][NOT_RUN] - setText: NOT_RUN: setText

2018-12-06 10:22:30 - [MESSAGE][NOT_RUN] - NOT_RUN: setText

2018-12-06 10:22:30 - [TEST_STEP][NOT_RUN] - delay: NOT_RUN: delay

2018-12-06 10:22:30 - [MESSAGE][NOT_RUN] - NOT_RUN: delay

2018-12-06 10:22:30 - [TEST_STEP][NOT_RUN] - click: NOT_RUN: click

2018-12-06 10:22:30 - [MESSAGE][NOT_RUN] - NOT_RUN: click

2018-12-06 10:22:30 - [TEST_STEP][NOT_RUN] - delay: NOT_RUN: delay

2018-12-06 10:22:30 - [MESSAGE][NOT_RUN] - NOT_RUN: delay

2018-12-06 10:22:30 - [TEST_STEP][NOT_RUN] - setText: NOT_RUN: setText

2018-12-06 10:22:30 - [MESSAGE][NOT_RUN] - NOT_RUN: setText

2018-12-06 10:22:30 - [TEST_STEP][PASSED] - click: Object: 'Object Repository/Final Object Repo/Page_Request SSN - ASSIST/Save  Continue' is clicked on

2018-12-06 10:22:30 - [MESSAGE][PASSED] - Object: 'Object Repository/Final Object Repo/Page_Request SSN - ASSIST/Save  Continue' is clicked on

2018-12-06 10:22:30 - [TEST_STEP][PASSED] - delay: Delayed 3 second(s)

2018-12-06 10:22:33 - [MESSAGE][PASSED] - Delayed 3 second(s)

2018-12-06 10:22:33 - [TEST_STEP][PASSED] - Statement - CaseReferenceNo = com.kms.katalon.core.webui.keyword.WebUiBuiltInKeywords.getText(com.kms.katalon.core.testobject.ObjectRepository.findTestObject(Final Object Repo/Page_Request SSN - ASSIST/Reference Number in Uploading Page)): Text of object 'Object Repository/Final Object Repo/Page_Request SSN - ASSIST/Reference Number in Uploading Page' is: 'SSN12201800001179'

2018-12-06 10:22:34 - [MESSAGE][PASSED] - Text of object 'Object Repository/Final Object Repo/Page_Request SSN - ASSIST/Reference Number in Uploading Page' is: 'SSN12201800001179'

2018-12-06 10:22:34 - [TEST_STEP][PASSED] - callTestCase: Call Test Case 'Test Cases/Final Aug 2018 - PKS Automation/Common/Reference Number Setter' successfully

2018-12-06 10:22:34 - [TEST_CASE][PASSED] - Test Cases/Final Aug 2018 - PKS Automation/Common/Reference Number Setter: Test Cases/Final Aug 2018 - PKS Automation/Common/Reference Number Setter

2018-12-06 10:22:34 - [TEST_STEP][PASSED] - Statement - RefNoOldFile = new java.io.File(C://Users//Admin//Desktop//PKS//Automation Reference Point//KatalonReference.txt): null

2018-12-06 10:22:34 - [TEST_STEP][PASSED] - Statement - RefNoOldFile.delete(): null

2018-12-06 10:22:34 - [TEST_STEP][PASSED] - delay: Delayed 5 second(s)

2018-12-06 10:22:39 - [MESSAGE][PASSED] - Delayed 5 second(s)

2018-12-06 10:22:39 - [TEST_STEP][PASSED] - Statement - RefNo = new java.io.File(C://Users//Admin//Desktop//PKS//Automation Reference Point//KatalonReference.txt): null

2018-12-06 10:22:39 - [TEST_STEP][PASSED] - Statement - f2 = new java.io.FileWriter(RefNo, false): null

2018-12-06 10:22:39 - [TEST_STEP][PASSED] - Statement - f2.write(CaseReferenceNo): null

2018-12-06 10:22:39 - [TEST_STEP][PASSED] - Statement - f2.close(): null

2018-12-06 10:22:39 - [TEST_STEP][PASSED] - Statement - out.println("


" + CaseReferenceNo + "


"): null

2018-12-06 10:22:39 - [MESSAGE][PASSED] - Call Test Case 'Test Cases/Final Aug 2018 - PKS Automation/Common/Reference Number Setter' successfully

2018-12-06 10:22:39 - [TEST_STEP][PASSED] - click: Object: 'Object Repository/Final Object Repo/Page_Request SSN - ASSIST/Add Document Button' is clicked on

2018-12-06 10:22:39 - [MESSAGE][PASSED] - Object: 'Object Repository/Final Object Repo/Page_Request SSN - ASSIST/Add Document Button' is clicked on

2018-12-06 10:22:39 - [TEST_STEP][PASSED] - delay: Delayed 2 second(s)

2018-12-06 10:22:41 - [MESSAGE][PASSED] - Delayed 2 second(s)

2018-12-06 10:22:41 - [TEST_STEP][PASSED] - click: Object: 'Object Repository/Final Object Repo/Page_Request SSN - ASSIST/Document Type' is clicked on

2018-12-06 10:22:42 - [MESSAGE][PASSED] - Object: 'Object Repository/Final Object Repo/Page_Request SSN - ASSIST/Document Type' is clicked on

2018-12-06 10:22:42 - [TEST_STEP][PASSED] - click: Object: 'Object Repository/Final Object Repo/Page_Request SSN - ASSIST/Document Type - Birth Certificate' is clicked on

2018-12-06 10:22:42 - [MESSAGE][PASSED] - Object: 'Object Repository/Final Object Repo/Page_Request SSN - ASSIST/Document Type - Birth Certificate' is clicked on

2018-12-06 10:22:43 - [TEST_STEP][PASSED] - sendKeys: Keys 'C:\Users\Public\Pictures\Sample Pictures\Koala.jpg' sent to object: 'Object Repository/Final Object Repo/Page_Request SSN - ASSIST/Upload File'

2018-12-06 10:22:44 - [MESSAGE][PASSED] - Keys 'C:\Users\Public\Pictures\Sample Pictures\Koala.jpg' sent to object: 'Object Repository/Final Object Repo/Page_Request SSN - ASSIST/Upload File'

2018-12-06 10:22:44 - [TEST_STEP][PASSED] - click: Object: 'Object Repository/Final Object Repo/Page_Request SSN - ASSIST/Add Document' is clicked on

2018-12-06 10:22:44 - [MESSAGE][PASSED] - Object: 'Object Repository/Final Object Repo/Page_Request SSN - ASSIST/Add Document' is clicked on

2018-12-06 10:22:44 - [TEST_STEP][PASSED] - delay: Delayed 20 second(s)

2018-12-06 10:23:04 - [MESSAGE][PASSED] - Delayed 20 second(s)

2018-12-06 10:23:04 - [TEST_STEP][PASSED] - click: Object: 'Object Repository/Final Object Repo/Page_Request SSN - ASSIST/Save  Continue in Uploading Document Page' is clicked on

2018-12-06 10:23:04 - [MESSAGE][PASSED] - Object: 'Object Repository/Final Object Repo/Page_Request SSN - ASSIST/Save  Continue in Uploading Document Page' is clicked on

2018-12-06 10:23:05 - [TEST_STEP][PASSED] - delay: Delayed 2 second(s)

2018-12-06 10:23:07 - [MESSAGE][PASSED] - Delayed 2 second(s)

2018-12-06 10:23:07 - [TEST_STEP][PASSED] - click: Object: 'Object Repository/Final Object Repo/Page_Request SSN - ASSIST/Submit' is clicked on

2018-12-06 10:23:08 - [MESSAGE][PASSED] - Object: 'Object Repository/Final Object Repo/Page_Request SSN - ASSIST/Submit' is clicked on

2018-12-06 10:23:08 - [TEST_STEP][PASSED] - delay: Delayed 2 second(s)

2018-12-06 10:23:10 - [MESSAGE][PASSED] - Delayed 2 second(s)

2018-12-06 10:23:10 - [TEST_STEP][PASSED] - click: Object: 'Object Repository/Final Object Repo/Page_Request SSN - ASSIST/Confirm' is clicked on

2018-12-06 10:23:11 - [MESSAGE][PASSED] - Object: 'Object Repository/Final Object Repo/Page_Request SSN - ASSIST/Confirm' is clicked on

2018-12-06 10:23:11 - [TEST_STEP][PASSED] - delay: Delayed 2 second(s)

2018-12-06 10:23:13 - [MESSAGE][PASSED] - Delayed 2 second(s)

2018-12-06 10:23:13 - [TEST_STEP][PASSED] - verifyElementVisible: Object 'Object Repository/Final Object Repo/Page_Request SSN - ASSIST/Message This Case will be routed to RIO' is visible

2018-12-06 10:23:18 - [MESSAGE][PASSED] - Object 'Object Repository/Final Object Repo/Page_Request SSN - ASSIST/Message This Case will be routed to RIO' is visible

2018-12-06 10:23:18 - [TEST_STEP][PASSED] - delay: Delayed 2 second(s)

2018-12-06 10:23:20 - [MESSAGE][PASSED] - Delayed 2 second(s)

2018-12-06 10:23:20 - [TEST_STEP][PASSED] - verifyElementVisible: Object 'Object Repository/Final Object Repo/Page_Request SSN - ASSIST/Letter of acknowledgement' is visible

2018-12-06 10:23:21 - [MESSAGE][PASSED] - Object 'Object Repository/Final Object Repo/Page_Request SSN - ASSIST/Letter of acknowledgement' is visible

2018-12-06 10:23:21 - [MESSAGE][PASSED] - Call Test Case 'Test Cases/Final Aug 2018 - PKS Automation/Registration Module/Workflow/Request SSN/Template/Request SSN - PKRBO' successfully

2018-12-06 10:23:21 - [TEST_STEP][PASSED] - callTestCase: Call Test Case 'Test Cases/Final Aug 2018 - PKS Automation/Registration Module/Workflow/Request SSN/Template/Request SSN RIO - RO (Under Enforcement)' successfully

2018-12-06 10:23:21 - [TEST_CASE][PASSED] - Test Cases/Final Aug 2018 - PKS Automation/Registration Module/Workflow/Request SSN/Template/Request SSN RIO - RO (Under Enforcement): Test Cases/Final Aug 2018 - PKS Automation/Registration Module/Workflow/Request SSN/Template/Request SSN RIO - RO (Under Enforcement)

2018-12-06 10:23:21 - [TEST_STEP][NOT_RUN] - callTestCase: NOT_RUN: callTestCase

2018-12-06 10:23:21 - [MESSAGE][NOT_RUN] - NOT_RUN: callTestCase

2018-12-06 10:23:21 - [TEST_STEP][PASSED] - delay: Delayed 2 second(s)

2018-12-06 10:23:23 - [MESSAGE][PASSED] - Delayed 2 second(s)

2018-12-06 10:23:23 - [TEST_STEP][PASSED] - navigateToUrl: Navigate to 'https://assist2-uat.perkeso.gov.my/c/portal/logout' successfully

2018-12-06 10:23:23 - [MESSAGE][PASSED] - Navigate to 'https://assist2-uat.perkeso.gov.my/c/portal/logout' successfully

2018-12-06 10:23:23 - [TEST_STEP][PASSED] - delay: Delayed 2 second(s)

2018-12-06 10:23:25 - [MESSAGE][PASSED] - Delayed 2 second(s)

2018-12-06 10:23:25 - [TEST_STEP][PASSED] - callTestCase: Call Test Case 'Test Cases/Final Aug 2018 - PKS Automation/Common/Reference Number Getter' successfully

2018-12-06 10:23:25 - [TEST_CASE][PASSED] - Test Cases/Final Aug 2018 - PKS Automation/Common/Reference Number Getter: Test Cases/Final Aug 2018 - PKS Automation/Common/Reference Number Getter

2018-12-06 10:23:25 - [TEST_STEP][PASSED] - Statement - Try: null

2018-12-06 10:23:25 - [TEST_STEP][PASSED] - Statement - RefNo = new java.io.File(C://Users//Admin//Desktop//PKS//Automation Reference Point//KatalonReference.txt): null

2018-12-06 10:23:25 - [TEST_STEP][PASSED] - Statement - bufferread = new java.io.BufferedReader(new java.io.FileReader(RefNo)): null

2018-12-06 10:23:25 - [TEST_STEP][PASSED] - Statement - readedVal = bufferread.readLine(): null

2018-12-06 10:23:25 - [TEST_STEP][PASSED] - Statement - out.println(CaseReferenceNo): null

2018-12-06 10:23:25 - [TEST_STEP][PASSED] - Statement - out.println(readedVal): null

2018-12-06 10:23:25 - [TEST_STEP][PASSED] - Statement - CaseReferenceNo = "": null

2018-12-06 10:23:25 - [TEST_STEP][PASSED] - Statement - CaseReferenceNo = readedVal: null

2018-12-06 10:23:25 - [MESSAGE][PASSED] - Call Test Case 'Test Cases/Final Aug 2018 - PKS Automation/Common/Reference Number Getter' successfully

2018-12-06 10:23:25 - [TEST_STEP][PASSED] - callTestCase: Call Test Case 'Test Cases/Final Aug 2018 - PKS Automation/Common/Workflow Owner Finder' successfully

2018-12-06 10:23:25 - [TEST_CASE][PASSED] - Test Cases/Final Aug 2018 - PKS Automation/Common/Workflow Owner Finder: Test Cases/Final Aug 2018 - PKS Automation/Common/Workflow Owner Finder

2018-12-06 10:23:25 - [TEST_STEP][PASSED] - openBrowser: Browser is opened with url: ''

2018-12-06 10:23:25 - [MESSAGE][WARNING] - A browser is already opened. Closing browser and opening a new one

2018-12-06 10:23:29 - [MESSAGE][PASSED] - Browser is opened with url: ''

2018-12-06 10:23:29 - [TEST_STEP][PASSED] - navigateToUrl: Navigate to 'https://assist2-uat.perkeso.gov.my/login' successfully

2018-12-06 10:23:30 - [MESSAGE][PASSED] - Navigate to 'https://assist2-uat.perkeso.gov.my/login' successfully

2018-12-06 10:23:30 - [TEST_STEP][PASSED] - delay: Delayed 5 second(s)

2018-12-06 10:23:35 - [MESSAGE][PASSED] - Delayed 5 second(s)

2018-12-06 10:23:35 - [TEST_STEP][PASSED] - setText: Text 'test@liferay.com' is set on object 'Object Repository/Final Object Repo/Login Page/Internal User/Email Address'

2018-12-06 10:23:35 - [MESSAGE][PASSED] - Text 'test@liferay.com' is set on object 'Object Repository/Final Object Repo/Login Page/Internal User/Email Address'

2018-12-06 10:23:35 - [TEST_STEP][PASSED] - click: Object: 'Object Repository/Final Object Repo/Login Page/Internal User/Next Button' is clicked on

2018-12-06 10:23:35 - [MESSAGE][PASSED] - Object: 'Object Repository/Final Object Repo/Login Page/Internal User/Next Button' is clicked on

2018-12-06 10:23:35 - [TEST_STEP][PASSED] - delay: Delayed 2 second(s)

2018-12-06 10:23:37 - [MESSAGE][PASSED] - Delayed 2 second(s)

2018-12-06 10:23:37 - [TEST_STEP][PASSED] - setText: Text 'test' is set on object 'Object Repository/Final Object Repo/Login Page/Internal User/Password'

2018-12-06 10:23:38 - [MESSAGE][PASSED] - Text 'test' is set on object 'Object Repository/Final Object Repo/Login Page/Internal User/Password'

2018-12-06 10:23:38 - [TEST_STEP][PASSED] - delay: Delayed 2 second(s)

2018-12-06 10:23:40 - [MESSAGE][PASSED] - Delayed 2 second(s)

2018-12-06 10:23:40 - [TEST_STEP][PASSED] - click: Object: 'Object Repository/Final Object Repo/Login Page/Internal User/Login Button' is clicked on

2018-12-06 10:23:40 - [MESSAGE][PASSED] - Object: 'Object Repository/Final Object Repo/Login Page/Internal User/Login Button' is clicked on

2018-12-06 10:23:40 - [TEST_STEP][PASSED] - Statement - tester = com.kms.katalon.core.testobject.ObjectRepository.findTestObject(Final Object Repo/Landing Page/Select to English): Finding Test Object with id 'Object Repository/Final Object Repo/Landing Page/Select to English'

2018-12-06 10:23:40 - [TEST_STEP][PASSED] - Statement - Try: Delayed 2 second(s)

2018-12-06 10:23:40 - [TEST_STEP][PASSED] - Statement - Checker = com.kms.katalon.core.webui.keyword.WebUiBuiltInKeywords.verifyElementNotPresent(tester, 3): Web element with id: 'Object Repository/Final Object Repo/Landing Page/Select to English' located by 'By.xpath: //a[@class = 'taglib-language-list-text' and @lang = 'en-US' and (contains(text(), 'EN') or contains(., 'EN'))]' is not present after '3' second(s)

2018-12-06 10:23:42 - [MESSAGE][PASSED] - Web element with id: 'Object Repository/Final Object Repo/Landing Page/Select to English' located by 'By.xpath: //a[@class = 'taglib-language-list-text' and @lang = 'en-US' and (contains(text(), 'EN') or contains(., 'EN'))]' is not present after '3' second(s)

2018-12-06 10:23:42 - [TEST_STEP][PASSED] - Statement - If (Checker == false): null

2018-12-06 10:23:42 - [TEST_STEP][PASSED] - delay: Delayed 2 second(s)

2018-12-06 10:23:44 - [MESSAGE][PASSED] - Delayed 2 second(s)

2018-12-06 10:23:44 - [TEST_STEP][PASSED] - delay: Delayed 5 second(s)

2018-12-06 10:23:49 - [MESSAGE][PASSED] - Delayed 5 second(s)

2018-12-06 10:23:49 - [TEST_STEP][PASSED] - mouseOver: Object: 'Object Repository/Final Object Repo/Landing Page/WorkFlow Menu' is hovered

2018-12-06 10:23:49 - [MESSAGE][PASSED] - Object: 'Object Repository/Final Object Repo/Landing Page/WorkFlow Menu' is hovered

2018-12-06 10:23:49 - [TEST_STEP][PASSED] - delay: Delayed 2 second(s)

2018-12-06 10:23:51 - [MESSAGE][PASSED] - Delayed 2 second(s)

2018-12-06 10:23:51 - [TEST_STEP][PASSED] - click: Object: 'Object Repository/Final Object Repo/Landing Page/Select to Workflow Listing' is clicked on

2018-12-06 10:23:52 - [MESSAGE][PASSED] - Object: 'Object Repository/Final Object Repo/Landing Page/Select to Workflow Listing' is clicked on

2018-12-06 10:23:52 - [TEST_STEP][PASSED] - delay: Delayed 2 second(s)

2018-12-06 10:23:54 - [MESSAGE][PASSED] - Delayed 2 second(s)

2018-12-06 10:23:54 - [TEST_STEP][PASSED] - click: Object: 'Object Repository/Final Object Repo/WorkFlow Listing Page/Search Information - To Put Ref No' is clicked on

2018-12-06 10:23:54 - [MESSAGE][PASSED] - Object: 'Object Repository/Final Object Repo/WorkFlow Listing Page/Search Information - To Put Ref No' is clicked on

2018-12-06 10:23:54 - [TEST_STEP][PASSED] - delay: Delayed 2 second(s)

2018-12-06 10:23:56 - [MESSAGE][PASSED] - Delayed 2 second(s)

2018-12-06 10:23:56 - [TEST_STEP][PASSED] - callTestCase: Call Test Case 'Test Cases/Final Aug 2018 - PKS Automation/Common/Reference Number Getter' successfully

2018-12-06 10:23:57 - [TEST_CASE][PASSED] - Test Cases/Final Aug 2018 - PKS Automation/Common/Reference Number Getter: Test Cases/Final Aug 2018 - PKS Automation/Common/Reference Number Getter

2018-12-06 10:23:57 - [TEST_STEP][PASSED] - Statement - Try: null

2018-12-06 10:23:57 - [TEST_STEP][PASSED] - Statement - RefNo = new java.io.File(C://Users//Admin//Desktop//PKS//Automation Reference Point//KatalonReference.txt): null

2018-12-06 10:23:57 - [TEST_STEP][PASSED] - Statement - bufferread = new java.io.BufferedReader(new java.io.FileReader(RefNo)): null

2018-12-06 10:23:57 - [TEST_STEP][PASSED] - Statement - readedVal = bufferread.readLine(): null

2018-12-06 10:23:57 - [TEST_STEP][PASSED] - Statement - out.println(CaseReferenceNo): null

2018-12-06 10:23:57 - [TEST_STEP][PASSED] - Statement - out.println(readedVal): null

2018-12-06 10:23:57 - [TEST_STEP][PASSED] - Statement - CaseReferenceNo = "": null

2018-12-06 10:23:57 - [TEST_STEP][PASSED] - Statement - CaseReferenceNo = readedVal: null

2018-12-06 10:23:57 - [MESSAGE][PASSED] - Call Test Case 'Test Cases/Final Aug 2018 - PKS Automation/Common/Reference Number Getter' successfully

2018-12-06 10:23:57 - [TEST_STEP][PASSED] - setText: Text 'SSN12201800001179' is set on object 'Object Repository/Final Object Repo/WorkFlow Listing Page/Ref No Set Text'

2018-12-06 10:23:57 - [MESSAGE][PASSED] - Text 'SSN12201800001179' is set on object 'Object Repository/Final Object Repo/WorkFlow Listing Page/Ref No Set Text'

2018-12-06 10:23:57 - [TEST_STEP][PASSED] - delay: Delayed 2 second(s)

2018-12-06 10:23:59 - [MESSAGE][PASSED] - Delayed 2 second(s)

2018-12-06 10:23:59 - [TEST_STEP][PASSED] - click: Object: 'Object Repository/Final Object Repo/WorkFlow Listing Page/Search Ref No Search Button' is clicked on

2018-12-06 10:23:59 - [MESSAGE][PASSED] - Object: 'Object Repository/Final Object Repo/WorkFlow Listing Page/Search Ref No Search Button' is clicked on

2018-12-06 10:23:59 - [TEST_STEP][PASSED] - delay: Delayed 6 second(s)

2018-12-06 10:24:05 - [MESSAGE][PASSED] - Delayed 6 second(s)

2018-12-06 10:24:05 - [TEST_STEP][PASSED] - click: Object: 'Object Repository/Final Object Repo/WorkFlow Listing Page/Click Continue Tooltip' is clicked on

2018-12-06 10:24:06 - [MESSAGE][PASSED] - Object: 'Object Repository/Final Object Repo/WorkFlow Listing Page/Click Continue Tooltip' is clicked on

2018-12-06 10:24:06 - [TEST_STEP][PASSED] - delay: Delayed 5 second(s)

2018-12-06 10:24:11 - [MESSAGE][PASSED] - Delayed 5 second(s)

2018-12-06 10:24:11 - [TEST_STEP][PASSED] - doubleClick: Object: 'Object Repository/Final Object Repo/WorkFlow Listing Page/Workflow Found - Listing 1' is double clicked on

2018-12-06 10:24:11 - [MESSAGE][PASSED] - Object: 'Object Repository/Final Object Repo/WorkFlow Listing Page/Workflow Found - Listing 1' is double clicked on

2018-12-06 10:24:11 - [TEST_STEP][PASSED] - Statement - println(OwnerID): null

2018-12-06 10:24:11 - [TEST_STEP][PASSED] - Statement - OwnerID = com.kms.katalon.core.webui.keyword.WebUiBuiltInKeywords.getText(com.kms.katalon.core.testobject.ObjectRepository.findTestObject(Final Object Repo/WorkFlow Listing Page/Workflow Found - Listing 1), STOP_ON_FAILURE): Text of object 'Object Repository/Final Object Repo/WorkFlow Listing Page/Workflow Found - Listing 1' is: 'JOHORrio1'

2018-12-06 10:24:11 - [MESSAGE][PASSED] - Text of object 'Object Repository/Final Object Repo/WorkFlow Listing Page/Workflow Found - Listing 1' is: 'JOHORrio1'

2018-12-06 10:24:11 - [TEST_STEP][PASSED] - Statement - OwnerID = OwnerID.toLowerCase() + "@gmail.com": null

2018-12-06 10:24:11 - [TEST_STEP][PASSED] - Statement - println(OwnerID): null

2018-12-06 10:24:11 - [TEST_STEP][PASSED] - delay: Delayed 2 second(s)

2018-12-06 10:24:13 - [MESSAGE][PASSED] - Delayed 2 second(s)

2018-12-06 10:24:14 - [MESSAGE][PASSED] - Call Test Case 'Test Cases/Final Aug 2018 - PKS Automation/Common/Workflow Owner Finder' successfully

2018-12-06 10:24:14 - [TEST_STEP][PASSED] - delay: Delayed 2 second(s)

2018-12-06 10:24:16 - [MESSAGE][PASSED] - Delayed 2 second(s)

2018-12-06 10:24:16 - [TEST_STEP][PASSED] - navigateToUrl: Navigate to 'https://assist2-uat.perkeso.gov.my/c/portal/logout' successfully

2018-12-06 10:24:16 - [MESSAGE][PASSED] - Navigate to 'https://assist2-uat.perkeso.gov.my/c/portal/logout' successfully

2018-12-06 10:24:16 - [TEST_STEP][PASSED] - delay: Delayed 2 second(s)

2018-12-06 10:24:18 - [MESSAGE][PASSED] - Delayed 2 second(s)

2018-12-06 10:24:18 - [TEST_STEP][PASSED] - callTestCase: Call Test Case 'Test Cases/Final Aug 2018 - PKS Automation/Registration Module/Workflow/Login and Search Case For Workflow' successfully

2018-12-06 10:24:18 - [TEST_CASE][PASSED] - Test Cases/Final Aug 2018 - PKS Automation/Registration Module/Workflow/Login and Search Case For Workflow: Test Cases/Final Aug 2018 - PKS Automation/Registration Module/Workflow/Login and Search Case For Workflow

2018-12-06 10:24:18 - [TEST_STEP][PASSED] - navigateToUrl: Navigate to 'https://assist2-uat.perkeso.gov.my/login' successfully

2018-12-06 10:24:19 - [MESSAGE][PASSED] - Navigate to 'https://assist2-uat.perkeso.gov.my/login' successfully

2018-12-06 10:24:19 - [TEST_STEP][PASSED] - setText: Text 'johorrio1@gmail.com' is set on object 'Object Repository/Final Object Repo/Login Page/Internal User/Email Address'

2018-12-06 10:24:19 - [MESSAGE][PASSED] - Text 'johorrio1@gmail.com' is set on object 'Object Repository/Final Object Repo/Login Page/Internal User/Email Address'

2018-12-06 10:24:19 - [TEST_STEP][PASSED] - click: Object: 'Object Repository/Final Object Repo/Login Page/Internal User/Next Button' is clicked on

2018-12-06 10:24:19 - [MESSAGE][PASSED] - Object: 'Object Repository/Final Object Repo/Login Page/Internal User/Next Button' is clicked on

2018-12-06 10:24:19 - [TEST_STEP][PASSED] - delay: Delayed 1 second(s)

2018-12-06 10:24:20 - [MESSAGE][PASSED] - Delayed 1 second(s)

2018-12-06 10:24:20 - [TEST_STEP][PASSED] - setEncryptedText: Text ****** has been set on object 'Object Repository/Final Object Repo/Login Page/Internal User/Password'

2018-12-06 10:24:21 - [MESSAGE][PASSED] - Text ****** has been set on object 'Object Repository/Final Object Repo/Login Page/Internal User/Password'

2018-12-06 10:24:21 - [TEST_STEP][PASSED] - click: Object: 'Object Repository/Final Object Repo/Login Page/Internal User/Login Button' is clicked on

2018-12-06 10:24:21 - [MESSAGE][PASSED] - Object: 'Object Repository/Final Object Repo/Login Page/Internal User/Login Button' is clicked on

2018-12-06 10:24:21 - [TEST_STEP][PASSED] - delay: Delayed 2 second(s)

2018-12-06 10:24:23 - [MESSAGE][PASSED] - Delayed 2 second(s)

2018-12-06 10:24:23 - [TEST_STEP][PASSED] - Statement - Try: Delayed 2 second(s)

2018-12-06 10:24:23 - [TEST_STEP][PASSED] - Statement - Checker = false: null

2018-12-06 10:24:23 - [TEST_STEP][PASSED] - Statement - Checker = com.kms.katalon.core.webui.keyword.WebUiBuiltInKeywords.verifyElementHasAttribute(com.kms.katalon.core.testobject.ObjectRepository.findTestObject(Final Object Repo/Landing Page/BM Detecting), "href", 20, OPTIONAL): Object 'Object Repository/Final Object Repo/Landing Page/BM Detecting' has attribute 'href'

2018-12-06 10:24:23 - [MESSAGE][PASSED] - Object 'Object Repository/Final Object Repo/Landing Page/BM Detecting' has attribute 'href'

2018-12-06 10:24:23 - [TEST_STEP][PASSED] - Statement - out.println(Checker): null

2018-12-06 10:24:23 - [TEST_STEP][PASSED] - Statement - If (Checker == false): null

2018-12-06 10:24:23 - [TEST_STEP][PASSED] - Statement - Else: null

2018-12-06 10:24:23 - [TEST_STEP][PASSED] - delay: Delayed 2 second(s)

2018-12-06 10:24:25 - [MESSAGE][PASSED] - Delayed 2 second(s)

2018-12-06 10:24:25 - [TEST_STEP][PASSED] - click: Object: 'Object Repository/Final Object Repo/Page_MyASSIST - ASSIST - Search Pending Case For Add Supporting Document/Search Information' is clicked on

2018-12-06 10:24:25 - [MESSAGE][PASSED] - Object: 'Object Repository/Final Object Repo/Page_MyASSIST - ASSIST - Search Pending Case For Add Supporting Document/Search Information' is clicked on

2018-12-06 10:24:25 - [TEST_STEP][PASSED] - delay: Delayed 3 second(s)

2018-12-06 10:24:28 - [MESSAGE][PASSED] - Delayed 3 second(s)

2018-12-06 10:24:28 - [TEST_STEP][PASSED] - sendKeys: Keys 'SSN12201800001179' sent to object: 'Object Repository/Final Object Repo/Page_MyASSIST - ASSIST - Search Pending Case For Add Supporting Document/Reference No'

2018-12-06 10:24:28 - [MESSAGE][PASSED] - Keys 'SSN12201800001179' sent to object: 'Object Repository/Final Object Repo/Page_MyASSIST - ASSIST - Search Pending Case For Add Supporting Document/Reference No'

2018-12-06 10:24:28 - [TEST_STEP][PASSED] - click: Object: 'Object Repository/Final Object Repo/Page_MyASSIST - ASSIST - Search Pending Case For Add Supporting Document/Search Reference No' is clicked on

2018-12-06 10:24:29 - [MESSAGE][PASSED] - Object: 'Object Repository/Final Object Repo/Page_MyASSIST - ASSIST - Search Pending Case For Add Supporting Document/Search Reference No' is clicked on

2018-12-06 10:24:29 - [TEST_STEP][PASSED] - delay: Delayed 2 second(s)

2018-12-06 10:24:31 - [MESSAGE][PASSED] - Delayed 2 second(s)

2018-12-06 10:24:31 - [TEST_STEP][PASSED] - click: Object: 'Object Repository/Final Object Repo/Page_MyASSIST - ASSIST - Search Pending Case For Add Supporting Document/Continue' is clicked on

2018-12-06 10:24:37 - [MESSAGE][PASSED] - Object: 'Object Repository/Final Object Repo/Page_MyASSIST - ASSIST - Search Pending Case For Add Supporting Document/Continue' is clicked on

2018-12-06 10:24:37 - [TEST_STEP][PASSED] - delay: Delayed 20 second(s)

2018-12-06 10:24:57 - [MESSAGE][PASSED] - Delayed 20 second(s)

2018-12-06 10:24:57 - [MESSAGE][PASSED] - Call Test Case 'Test Cases/Final Aug 2018 - PKS Automation/Registration Module/Workflow/Login and Search Case For Workflow' successfully

2018-12-06 10:24:57 - [TEST_STEP][PASSED] - callTestCase: Call Test Case 'Test Cases/Final Aug 2018 - PKS Automation/Registration Module/Workflow/Request SSN/Template/Request SSN - RIO' successfully

2018-12-06 10:24:57 - [TEST_CASE][PASSED] - Test Cases/Final Aug 2018 - PKS Automation/Registration Module/Workflow/Request SSN/Template/Request SSN - RIO: Test Cases/Final Aug 2018 - PKS Automation/Registration Module/Workflow/Request SSN/Template/Request SSN - RIO

2018-12-06 10:24:57 - [TEST_STEP][NOT_RUN] - openBrowser: NOT_RUN: openBrowser

2018-12-06 10:24:57 - [MESSAGE][NOT_RUN] - NOT_RUN: openBrowser

2018-12-06 10:24:57 - [TEST_STEP][NOT_RUN] - navigateToUrl: NOT_RUN: navigateToUrl

2018-12-06 10:24:57 - [MESSAGE][NOT_RUN] - NOT_RUN: navigateToUrl

2018-12-06 10:24:57 - [TEST_STEP][NOT_RUN] - setText: NOT_RUN: setText

2018-12-06 10:24:57 - [MESSAGE][NOT_RUN] - NOT_RUN: setText

2018-12-06 10:24:57 - [TEST_STEP][NOT_RUN] - click: NOT_RUN: click

2018-12-06 10:24:57 - [MESSAGE][NOT_RUN] - NOT_RUN: click

2018-12-06 10:24:57 - [TEST_STEP][NOT_RUN] - delay: NOT_RUN: delay

2018-12-06 10:24:57 - [MESSAGE][NOT_RUN] - NOT_RUN: delay

2018-12-06 10:24:57 - [TEST_STEP][NOT_RUN] - setEncryptedText: NOT_RUN: setEncryptedText

2018-12-06 10:24:57 - [MESSAGE][NOT_RUN] - NOT_RUN: setEncryptedText

2018-12-06 10:24:57 - [TEST_STEP][NOT_RUN] - click: NOT_RUN: click

2018-12-06 10:24:57 - [MESSAGE][NOT_RUN] - NOT_RUN: click

2018-12-06 10:24:57 - [TEST_STEP][NOT_RUN] - delay: NOT_RUN: delay

2018-12-06 10:24:57 - [MESSAGE][NOT_RUN] - NOT_RUN: delay

2018-12-06 10:24:57 - [TEST_STEP][NOT_RUN] - click: NOT_RUN: click

2018-12-06 10:24:57 - [MESSAGE][NOT_RUN] - NOT_RUN: click

2018-12-06 10:24:57 - [TEST_STEP][NOT_RUN] - sendKeys: NOT_RUN: sendKeys

2018-12-06 10:24:57 - [MESSAGE][NOT_RUN] - NOT_RUN: sendKeys

2018-12-06 10:24:57 - [TEST_STEP][NOT_RUN] - click: NOT_RUN: click

2018-12-06 10:24:57 - [MESSAGE][NOT_RUN] - NOT_RUN: click

2018-12-06 10:24:57 - [TEST_STEP][NOT_RUN] - delay: NOT_RUN: delay

2018-12-06 10:24:57 - [MESSAGE][NOT_RUN] - NOT_RUN: delay

2018-12-06 10:24:57 - [TEST_STEP][NOT_RUN] - click: NOT_RUN: click

2018-12-06 10:24:57 - [MESSAGE][NOT_RUN] - NOT_RUN: click

2018-12-06 10:24:57 - [TEST_STEP][PASSED] - delay: Delayed 2 second(s)

2018-12-06 10:24:59 - [MESSAGE][PASSED] - Delayed 2 second(s)

2018-12-06 10:24:59 - [TEST_STEP][PASSED] - click: Object: 'Object Repository/Final Object Repo/Page_Request SSN - ASSIST/Page_Request SSN - ASSIST - RIO/Recommend For SSN' is clicked on

2018-12-06 10:24:59 - [MESSAGE][PASSED] - Object: 'Object Repository/Final Object Repo/Page_Request SSN - ASSIST/Page_Request SSN - ASSIST - RIO/Recommend For SSN' is clicked on

2018-12-06 10:24:59 - [TEST_STEP][PASSED] - click: Object: 'Object Repository/Final Object Repo/Page_Request SSN - ASSIST/Page_Request SSN - ASSIST - RIO/Recommend For SSN  - Yes' is clicked on

2018-12-06 10:25:00 - [MESSAGE][PASSED] - Object: 'Object Repository/Final Object Repo/Page_Request SSN - ASSIST/Page_Request SSN - ASSIST - RIO/Recommend For SSN  - Yes' is clicked on

2018-12-06 10:25:00 - [TEST_STEP][PASSED] - delay: Delayed 2 second(s)

2018-12-06 10:25:02 - [MESSAGE][PASSED] - Delayed 2 second(s)

2018-12-06 10:25:02 - [TEST_STEP][PASSED] - click: Object: 'Object Repository/Final Object Repo/Page_Request SSN - ASSIST/Page_Request SSN - ASSIST - RIO/Save  Continue in SSN page' is clicked on

2018-12-06 10:25:02 - [MESSAGE][PASSED] - Object: 'Object Repository/Final Object Repo/Page_Request SSN - ASSIST/Page_Request SSN - ASSIST - RIO/Save  Continue in SSN page' is clicked on

2018-12-06 10:25:02 - [TEST_STEP][PASSED] - delay: Delayed 2 second(s)

2018-12-06 10:25:04 - [MESSAGE][PASSED] - Delayed 2 second(s)

2018-12-06 10:25:04 - [TEST_STEP][PASSED] - click: Object: 'Object Repository/Final Object Repo/Page_Request SSN - ASSIST/Page_Request SSN - ASSIST - RIO/Save  Continue in Upload Document Page' is clicked on

2018-12-06 10:25:07 - [MESSAGE][PASSED] - Object: 'Object Repository/Final Object Repo/Page_Request SSN - ASSIST/Page_Request SSN - ASSIST - RIO/Save  Continue in Upload Document Page' is clicked on

2018-12-06 10:25:07 - [TEST_STEP][PASSED] - delay: Delayed 2 second(s)

2018-12-06 10:25:09 - [MESSAGE][PASSED] - Delayed 2 second(s)

2018-12-06 10:25:09 - [TEST_STEP][PASSED] - click: Object: 'Object Repository/Final Object Repo/Page_Request SSN - ASSIST/Page_Request SSN - ASSIST - RIO/Submit' is clicked on

2018-12-06 10:25:11 - [MESSAGE][PASSED] - Object: 'Object Repository/Final Object Repo/Page_Request SSN - ASSIST/Page_Request SSN - ASSIST - RIO/Submit' is clicked on

2018-12-06 10:25:11 - [TEST_STEP][PASSED] - delay: Delayed 2 second(s)

2018-12-06 10:25:13 - [MESSAGE][PASSED] - Delayed 2 second(s)

2018-12-06 10:25:13 - [TEST_STEP][PASSED] - click: Object: 'Object Repository/Final Object Repo/Page_Request SSN - ASSIST/Page_Request SSN - ASSIST - RIO/Confirm' is clicked on

2018-12-06 10:25:13 - [MESSAGE][PASSED] - Object: 'Object Repository/Final Object Repo/Page_Request SSN - ASSIST/Page_Request SSN - ASSIST - RIO/Confirm' is clicked on

2018-12-06 10:25:13 - [MESSAGE][PASSED] - Call Test Case 'Test Cases/Final Aug 2018 - PKS Automation/Registration Module/Workflow/Request SSN/Template/Request SSN - RIO' successfully

2018-12-06 10:25:13 - [TEST_STEP][PASSED] - delay: Delayed 2 second(s)

2018-12-06 10:25:15 - [MESSAGE][PASSED] - Delayed 2 second(s)

2018-12-06 10:25:15 - [TEST_STEP][PASSED] - navigateToUrl: Navigate to 'https://assist2-uat.perkeso.gov.my/c/portal/logout' successfully

2018-12-06 10:25:20 - [MESSAGE][PASSED] - Navigate to 'https://assist2-uat.perkeso.gov.my/c/portal/logout' successfully

2018-12-06 10:25:20 - [TEST_STEP][PASSED] - delay: Delayed 2 second(s)

2018-12-06 10:25:22 - [MESSAGE][PASSED] - Delayed 2 second(s)

2018-12-06 10:25:22 - [TEST_STEP][PASSED] - callTestCase: Call Test Case 'Test Cases/Final Aug 2018 - PKS Automation/Common/Workflow Owner Finder' successfully

2018-12-06 10:25:22 - [TEST_CASE][PASSED] - Test Cases/Final Aug 2018 - PKS Automation/Common/Workflow Owner Finder: Test Cases/Final Aug 2018 - PKS Automation/Common/Workflow Owner Finder

2018-12-06 10:25:22 - [TEST_STEP][PASSED] - openBrowser: Browser is opened with url: ''

2018-12-06 10:25:22 - [MESSAGE][WARNING] - A browser is already opened. Closing browser and opening a new one

2018-12-06 10:25:25 - [MESSAGE][PASSED] - Browser is opened with url: ''

2018-12-06 10:25:25 - [TEST_STEP][PASSED] - navigateToUrl: Navigate to 'https://assist2-uat.perkeso.gov.my/login' successfully

2018-12-06 10:25:26 - [MESSAGE][PASSED] - Navigate to 'https://assist2-uat.perkeso.gov.my/login' successfully

2018-12-06 10:25:26 - [TEST_STEP][PASSED] - delay: Delayed 5 second(s)

2018-12-06 10:25:31 - [MESSAGE][PASSED] - Delayed 5 second(s)

2018-12-06 10:25:31 - [TEST_STEP][PASSED] - setText: Text 'test@liferay.com' is set on object 'Object Repository/Final Object Repo/Login Page/Internal User/Email Address'

2018-12-06 10:25:32 - [MESSAGE][PASSED] - Text 'test@liferay.com' is set on object 'Object Repository/Final Object Repo/Login Page/Internal User/Email Address'

2018-12-06 10:25:32 - [TEST_STEP][PASSED] - click: Object: 'Object Repository/Final Object Repo/Login Page/Internal User/Next Button' is clicked on

2018-12-06 10:25:32 - [MESSAGE][PASSED] - Object: 'Object Repository/Final Object Repo/Login Page/Internal User/Next Button' is clicked on

2018-12-06 10:25:32 - [TEST_STEP][PASSED] - delay: Delayed 2 second(s)

2018-12-06 10:25:34 - [MESSAGE][PASSED] - Delayed 2 second(s)

2018-12-06 10:25:34 - [TEST_STEP][PASSED] - setText: Text 'test' is set on object 'Object Repository/Final Object Repo/Login Page/Internal User/Password'

2018-12-06 10:25:34 - [MESSAGE][PASSED] - Text 'test' is set on object 'Object Repository/Final Object Repo/Login Page/Internal User/Password'

2018-12-06 10:25:34 - [TEST_STEP][PASSED] - delay: Delayed 2 second(s)

2018-12-06 10:25:36 - [MESSAGE][PASSED] - Delayed 2 second(s)

2018-12-06 10:25:36 - [TEST_STEP][PASSED] - click: Object: 'Object Repository/Final Object Repo/Login Page/Internal User/Login Button' is clicked on

2018-12-06 10:25:36 - [MESSAGE][PASSED] - Object: 'Object Repository/Final Object Repo/Login Page/Internal User/Login Button' is clicked on

2018-12-06 10:25:36 - [TEST_STEP][PASSED] - Statement - tester = com.kms.katalon.core.testobject.ObjectRepository.findTestObject(Final Object Repo/Landing Page/Select to English): Finding Test Object with id 'Object Repository/Final Object Repo/Landing Page/Select to English'

2018-12-06 10:25:36 - [TEST_STEP][PASSED] - Statement - Try: Delayed 2 second(s)

2018-12-06 10:25:36 - [TEST_STEP][PASSED] - Statement - Checker = com.kms.katalon.core.webui.keyword.WebUiBuiltInKeywords.verifyElementNotPresent(tester, 3): Web element with id: 'Object Repository/Final Object Repo/Landing Page/Select to English' located by 'By.xpath: //a[@class = 'taglib-language-list-text' and @lang = 'en-US' and (contains(text(), 'EN') or contains(., 'EN'))]' is not present after '3' second(s)

2018-12-06 10:25:38 - [MESSAGE][PASSED] - Web element with id: 'Object Repository/Final Object Repo/Landing Page/Select to English' located by 'By.xpath: //a[@class = 'taglib-language-list-text' and @lang = 'en-US' and (contains(text(), 'EN') or contains(., 'EN'))]' is not present after '3' second(s)

2018-12-06 10:25:38 - [TEST_STEP][PASSED] - Statement - If (Checker == false): null

2018-12-06 10:25:38 - [TEST_STEP][PASSED] - delay: Delayed 2 second(s)

2018-12-06 10:25:40 - [MESSAGE][PASSED] - Delayed 2 second(s)

2018-12-06 10:25:40 - [TEST_STEP][PASSED] - delay: Delayed 5 second(s)

2018-12-06 10:25:45 - [MESSAGE][PASSED] - Delayed 5 second(s)

2018-12-06 10:25:45 - [TEST_STEP][PASSED] - mouseOver: Object: 'Object Repository/Final Object Repo/Landing Page/WorkFlow Menu' is hovered

2018-12-06 10:25:45 - [MESSAGE][PASSED] - Object: 'Object Repository/Final Object Repo/Landing Page/WorkFlow Menu' is hovered

2018-12-06 10:25:45 - [TEST_STEP][PASSED] - delay: Delayed 2 second(s)

2018-12-06 10:25:47 - [MESSAGE][PASSED] - Delayed 2 second(s)

2018-12-06 10:25:47 - [TEST_STEP][PASSED] - click: Object: 'Object Repository/Final Object Repo/Landing Page/Select to Workflow Listing' is clicked on

2018-12-06 10:25:48 - [MESSAGE][PASSED] - Object: 'Object Repository/Final Object Repo/Landing Page/Select to Workflow Listing' is clicked on

2018-12-06 10:25:48 - [TEST_STEP][PASSED] - delay: Delayed 2 second(s)

2018-12-06 10:25:50 - [MESSAGE][PASSED] - Delayed 2 second(s)

2018-12-06 10:25:50 - [TEST_STEP][PASSED] - click: Object: 'Object Repository/Final Object Repo/WorkFlow Listing Page/Search Information - To Put Ref No' is clicked on

2018-12-06 10:25:51 - [MESSAGE][PASSED] - Object: 'Object Repository/Final Object Repo/WorkFlow Listing Page/Search Information - To Put Ref No' is clicked on

2018-12-06 10:25:51 - [TEST_STEP][PASSED] - delay: Delayed 2 second(s)

2018-12-06 10:25:53 - [MESSAGE][PASSED] - Delayed 2 second(s)

2018-12-06 10:25:53 - [TEST_STEP][PASSED] - callTestCase: Call Test Case 'Test Cases/Final Aug 2018 - PKS Automation/Common/Reference Number Getter' successfully

2018-12-06 10:25:53 - [TEST_CASE][PASSED] - Test Cases/Final Aug 2018 - PKS Automation/Common/Reference Number Getter: Test Cases/Final Aug 2018 - PKS Automation/Common/Reference Number Getter

2018-12-06 10:25:53 - [TEST_STEP][PASSED] - Statement - Try: null

2018-12-06 10:25:53 - [TEST_STEP][PASSED] - Statement - RefNo = new java.io.File(C://Users//Admin//Desktop//PKS//Automation Reference Point//KatalonReference.txt): null

2018-12-06 10:25:53 - [TEST_STEP][PASSED] - Statement - bufferread = new java.io.BufferedReader(new java.io.FileReader(RefNo)): null

2018-12-06 10:25:53 - [TEST_STEP][PASSED] - Statement - readedVal = bufferread.readLine(): null

2018-12-06 10:25:53 - [TEST_STEP][PASSED] - Statement - out.println(CaseReferenceNo): null

2018-12-06 10:25:53 - [TEST_STEP][PASSED] - Statement - out.println(readedVal): null

2018-12-06 10:25:53 - [TEST_STEP][PASSED] - Statement - CaseReferenceNo = "": null

2018-12-06 10:25:53 - [TEST_STEP][PASSED] - Statement - CaseReferenceNo = readedVal: null

2018-12-06 10:25:53 - [MESSAGE][PASSED] - Call Test Case 'Test Cases/Final Aug 2018 - PKS Automation/Common/Reference Number Getter' successfully

2018-12-06 10:25:53 - [TEST_STEP][PASSED] - setText: Text 'SSN12201800001179' is set on object 'Object Repository/Final Object Repo/WorkFlow Listing Page/Ref No Set Text'

2018-12-06 10:25:53 - [MESSAGE][PASSED] - Text 'SSN12201800001179' is set on object 'Object Repository/Final Object Repo/WorkFlow Listing Page/Ref No Set Text'

2018-12-06 10:25:53 - [TEST_STEP][PASSED] - delay: Delayed 2 second(s)

2018-12-06 10:25:55 - [MESSAGE][PASSED] - Delayed 2 second(s)

2018-12-06 10:25:55 - [TEST_STEP][PASSED] - click: Object: 'Object Repository/Final Object Repo/WorkFlow Listing Page/Search Ref No Search Button' is clicked on

2018-12-06 10:25:55 - [MESSAGE][PASSED] - Object: 'Object Repository/Final Object Repo/WorkFlow Listing Page/Search Ref No Search Button' is clicked on

2018-12-06 10:25:55 - [TEST_STEP][PASSED] - delay: Delayed 6 second(s)

2018-12-06 10:26:01 - [MESSAGE][PASSED] - Delayed 6 second(s)

2018-12-06 10:26:01 - [TEST_STEP][PASSED] - click: Object: 'Object Repository/Final Object Repo/WorkFlow Listing Page/Click Continue Tooltip' is clicked on

2018-12-06 10:26:02 - [MESSAGE][PASSED] - Object: 'Object Repository/Final Object Repo/WorkFlow Listing Page/Click Continue Tooltip' is clicked on

2018-12-06 10:26:02 - [TEST_STEP][PASSED] - delay: Delayed 5 second(s)

2018-12-06 10:26:07 - [MESSAGE][PASSED] - Delayed 5 second(s)

2018-12-06 10:26:07 - [TEST_STEP][PASSED] - doubleClick: Object: 'Object Repository/Final Object Repo/WorkFlow Listing Page/Workflow Found - Listing 1' is double clicked on

2018-12-06 10:26:08 - [MESSAGE][PASSED] - Object: 'Object Repository/Final Object Repo/WorkFlow Listing Page/Workflow Found - Listing 1' is double clicked on

2018-12-06 10:26:08 - [TEST_STEP][PASSED] - Statement - println(OwnerID): null

2018-12-06 10:26:08 - [TEST_STEP][PASSED] - Statement - OwnerID = com.kms.katalon.core.webui.keyword.WebUiBuiltInKeywords.getText(com.kms.katalon.core.testobject.ObjectRepository.findTestObject(Final Object Repo/WorkFlow Listing Page/Workflow Found - Listing 1), STOP_ON_FAILURE): Text of object 'Object Repository/Final Object Repo/WorkFlow Listing Page/Workflow Found - Listing 1' is: 'JOHORro3'

2018-12-06 10:26:08 - [MESSAGE][PASSED] - Text of object 'Object Repository/Final Object Repo/WorkFlow Listing Page/Workflow Found - Listing 1' is: 'JOHORro3'

2018-12-06 10:26:08 - [TEST_STEP][PASSED] - Statement - OwnerID = OwnerID.toLowerCase() + "@gmail.com": null

2018-12-06 10:26:08 - [TEST_STEP][PASSED] - Statement - println(OwnerID): null

2018-12-06 10:26:08 - [TEST_STEP][PASSED] - delay: Delayed 2 second(s)

2018-12-06 10:26:10 - [MESSAGE][PASSED] - Delayed 2 second(s)

2018-12-06 10:26:10 - [MESSAGE][PASSED] - Call Test Case 'Test Cases/Final Aug 2018 - PKS Automation/Common/Workflow Owner Finder' successfully

2018-12-06 10:26:10 - [TEST_STEP][PASSED] - delay: Delayed 2 second(s)

2018-12-06 10:26:12 - [MESSAGE][PASSED] - Delayed 2 second(s)

2018-12-06 10:26:12 - [TEST_STEP][PASSED] - navigateToUrl: Navigate to 'https://assist2-uat.perkeso.gov.my/c/portal/logout' successfully

2018-12-06 10:26:13 - [MESSAGE][PASSED] - Navigate to 'https://assist2-uat.perkeso.gov.my/c/portal/logout' successfully

2018-12-06 10:26:13 - [TEST_STEP][PASSED] - delay: Delayed 2 second(s)

2018-12-06 10:26:15 - [MESSAGE][PASSED] - Delayed 2 second(s)

2018-12-06 10:26:15 - [TEST_STEP][PASSED] - callTestCase: Call Test Case 'Test Cases/Final Aug 2018 - PKS Automation/Registration Module/Workflow/Login and Search Case For Workflow' successfully

2018-12-06 10:26:15 - [TEST_CASE][PASSED] - Test Cases/Final Aug 2018 - PKS Automation/Registration Module/Workflow/Login and Search Case For Workflow: Test Cases/Final Aug 2018 - PKS Automation/Registration Module/Workflow/Login and Search Case For Workflow

2018-12-06 10:26:15 - [TEST_STEP][PASSED] - navigateToUrl: Navigate to 'https://assist2-uat.perkeso.gov.my/login' successfully

2018-12-06 10:26:15 - [MESSAGE][PASSED] - Navigate to 'https://assist2-uat.perkeso.gov.my/login' successfully

2018-12-06 10:26:15 - [TEST_STEP][PASSED] - setText: Text 'johorro3@gmail.com' is set on object 'Object Repository/Final Object Repo/Login Page/Internal User/Email Address'

2018-12-06 10:26:15 - [MESSAGE][PASSED] - Text 'johorro3@gmail.com' is set on object 'Object Repository/Final Object Repo/Login Page/Internal User/Email Address'

2018-12-06 10:26:15 - [TEST_STEP][PASSED] - click: Object: 'Object Repository/Final Object Repo/Login Page/Internal User/Next Button' is clicked on

2018-12-06 10:26:16 - [MESSAGE][PASSED] - Object: 'Object Repository/Final Object Repo/Login Page/Internal User/Next Button' is clicked on

2018-12-06 10:26:16 - [TEST_STEP][PASSED] - delay: Delayed 1 second(s)

2018-12-06 10:26:17 - [MESSAGE][PASSED] - Delayed 1 second(s)

2018-12-06 10:26:17 - [TEST_STEP][PASSED] - setEncryptedText: Text ****** has been set on object 'Object Repository/Final Object Repo/Login Page/Internal User/Password'

2018-12-06 10:26:17 - [MESSAGE][PASSED] - Text ****** has been set on object 'Object Repository/Final Object Repo/Login Page/Internal User/Password'

2018-12-06 10:26:17 - [TEST_STEP][PASSED] - click: Object: 'Object Repository/Final Object Repo/Login Page/Internal User/Login Button' is clicked on

2018-12-06 10:26:17 - [MESSAGE][PASSED] - Object: 'Object Repository/Final Object Repo/Login Page/Internal User/Login Button' is clicked on

2018-12-06 10:26:17 - [TEST_STEP][PASSED] - delay: Delayed 2 second(s)

2018-12-06 10:26:19 - [MESSAGE][PASSED] - Delayed 2 second(s)

2018-12-06 10:26:19 - [TEST_STEP][PASSED] - Statement - Try: Delayed 2 second(s)

2018-12-06 10:26:19 - [TEST_STEP][PASSED] - Statement - Checker = false: null

2018-12-06 10:26:19 - [TEST_STEP][PASSED] - Statement - Checker = com.kms.katalon.core.webui.keyword.WebUiBuiltInKeywords.verifyElementHasAttribute(com.kms.katalon.core.testobject.ObjectRepository.findTestObject(Final Object Repo/Landing Page/BM Detecting), "href", 20, OPTIONAL): Object 'Object Repository/Final Object Repo/Landing Page/BM Detecting' has attribute 'href'

2018-12-06 10:26:19 - [MESSAGE][PASSED] - Object 'Object Repository/Final Object Repo/Landing Page/BM Detecting' has attribute 'href'

2018-12-06 10:26:19 - [TEST_STEP][PASSED] - Statement - out.println(Checker): null

2018-12-06 10:26:19 - [TEST_STEP][PASSED] - Statement - If (Checker == false): null

2018-12-06 10:26:19 - [TEST_STEP][PASSED] - Statement - Else: null

2018-12-06 10:26:19 - [TEST_STEP][PASSED] - delay: Delayed 2 second(s)

2018-12-06 10:26:21 - [MESSAGE][PASSED] - Delayed 2 second(s)

2018-12-06 10:26:21 - [TEST_STEP][PASSED] - click: Object: 'Object Repository/Final Object Repo/Page_MyASSIST - ASSIST - Search Pending Case For Add Supporting Document/Search Information' is clicked on

2018-12-06 10:26:21 - [MESSAGE][PASSED] - Object: 'Object Repository/Final Object Repo/Page_MyASSIST - ASSIST - Search Pending Case For Add Supporting Document/Search Information' is clicked on

2018-12-06 10:26:21 - [TEST_STEP][PASSED] - delay: Delayed 3 second(s)

2018-12-06 10:26:24 - [MESSAGE][PASSED] - Delayed 3 second(s)

2018-12-06 10:26:24 - [TEST_STEP][PASSED] - sendKeys: Keys 'SSN12201800001179' sent to object: 'Object Repository/Final Object Repo/Page_MyASSIST - ASSIST - Search Pending Case For Add Supporting Document/Reference No'

2018-12-06 10:26:25 - [MESSAGE][PASSED] - Keys 'SSN12201800001179' sent to object: 'Object Repository/Final Object Repo/Page_MyASSIST - ASSIST - Search Pending Case For Add Supporting Document/Reference No'

2018-12-06 10:26:25 - [TEST_STEP][PASSED] - click: Object: 'Object Repository/Final Object Repo/Page_MyASSIST - ASSIST - Search Pending Case For Add Supporting Document/Search Reference No' is clicked on

2018-12-06 10:26:25 - [MESSAGE][PASSED] - Object: 'Object Repository/Final Object Repo/Page_MyASSIST - ASSIST - Search Pending Case For Add Supporting Document/Search Reference No' is clicked on

2018-12-06 10:26:25 - [TEST_STEP][PASSED] - delay: Delayed 2 second(s)

2018-12-06 10:26:27 - [MESSAGE][PASSED] - Delayed 2 second(s)

2018-12-06 10:26:27 - [TEST_STEP][PASSED] - click: Object: 'Object Repository/Final Object Repo/Page_MyASSIST - ASSIST - Search Pending Case For Add Supporting Document/Continue' is clicked on

2018-12-06 10:26:33 - [MESSAGE][PASSED] - Object: 'Object Repository/Final Object Repo/Page_MyASSIST - ASSIST - Search Pending Case For Add Supporting Document/Continue' is clicked on

2018-12-06 10:26:33 - [TEST_STEP][PASSED] - delay: Delayed 20 second(s)

2018-12-06 10:26:53 - [MESSAGE][PASSED] - Delayed 20 second(s)

2018-12-06 10:26:53 - [MESSAGE][PASSED] - Call Test Case 'Test Cases/Final Aug 2018 - PKS Automation/Registration Module/Workflow/Login and Search Case For Workflow' successfully

2018-12-06 10:26:53 - [TEST_STEP][PASSED] - callTestCase: Call Test Case 'Test Cases/Final Aug 2018 - PKS Automation/Registration Module/Workflow/Request SSN/Template/Request SSN - RO (Under enforcement)' successfully

2018-12-06 10:26:53 - [TEST_CASE][PASSED] - Test Cases/Final Aug 2018 - PKS Automation/Registration Module/Workflow/Request SSN/Template/Request SSN - RO (Under enforcement): Test Cases/Final Aug 2018 - PKS Automation/Registration Module/Workflow/Request SSN/Template/Request SSN - RO (Under enforcement)

2018-12-06 10:26:53 - [TEST_STEP][NOT_RUN] - openBrowser: NOT_RUN: openBrowser

2018-12-06 10:26:53 - [MESSAGE][NOT_RUN] - NOT_RUN: openBrowser

2018-12-06 10:26:53 - [TEST_STEP][NOT_RUN] - navigateToUrl: NOT_RUN: navigateToUrl

2018-12-06 10:26:53 - [MESSAGE][NOT_RUN] - NOT_RUN: navigateToUrl

2018-12-06 10:26:53 - [TEST_STEP][NOT_RUN] - setText: NOT_RUN: setText

2018-12-06 10:26:53 - [MESSAGE][NOT_RUN] - NOT_RUN: setText

2018-12-06 10:26:53 - [TEST_STEP][NOT_RUN] - click: NOT_RUN: click

2018-12-06 10:26:53 - [MESSAGE][NOT_RUN] - NOT_RUN: click

2018-12-06 10:26:53 - [TEST_STEP][NOT_RUN] - delay: NOT_RUN: delay

2018-12-06 10:26:53 - [MESSAGE][NOT_RUN] - NOT_RUN: delay

2018-12-06 10:26:53 - [TEST_STEP][NOT_RUN] - setEncryptedText: NOT_RUN: setEncryptedText

2018-12-06 10:26:53 - [MESSAGE][NOT_RUN] - NOT_RUN: setEncryptedText

2018-12-06 10:26:53 - [TEST_STEP][NOT_RUN] - click: NOT_RUN: click

2018-12-06 10:26:53 - [MESSAGE][NOT_RUN] - NOT_RUN: click

2018-12-06 10:26:53 - [TEST_STEP][NOT_RUN] - delay: NOT_RUN: delay

2018-12-06 10:26:53 - [MESSAGE][NOT_RUN] - NOT_RUN: delay

2018-12-06 10:26:53 - [TEST_STEP][NOT_RUN] - click: NOT_RUN: click

2018-12-06 10:26:53 - [MESSAGE][NOT_RUN] - NOT_RUN: click

2018-12-06 10:26:53 - [TEST_STEP][NOT_RUN] - delay: NOT_RUN: delay

2018-12-06 10:26:53 - [MESSAGE][NOT_RUN] - NOT_RUN: delay

2018-12-06 10:26:53 - [TEST_STEP][NOT_RUN] - sendKeys: NOT_RUN: sendKeys

2018-12-06 10:26:53 - [MESSAGE][NOT_RUN] - NOT_RUN: sendKeys

2018-12-06 10:26:53 - [TEST_STEP][NOT_RUN] - click: NOT_RUN: click

2018-12-06 10:26:53 - [MESSAGE][NOT_RUN] - NOT_RUN: click

2018-12-06 10:26:53 - [TEST_STEP][NOT_RUN] - delay: NOT_RUN: delay

2018-12-06 10:26:53 - [MESSAGE][NOT_RUN] - NOT_RUN: delay

2018-12-06 10:26:53 - [TEST_STEP][NOT_RUN] - click: NOT_RUN: click

2018-12-06 10:26:53 - [MESSAGE][NOT_RUN] - NOT_RUN: click

2018-12-06 10:26:53 - [TEST_STEP][PASSED] - click: Object: 'Object Repository/Final Object Repo/Page_Request SSN - ASSIST/Page_Request SSN - ASSIST - RO/Approval For SSN' is clicked on

2018-12-06 10:26:54 - [MESSAGE][PASSED] - Object: 'Object Repository/Final Object Repo/Page_Request SSN - ASSIST/Page_Request SSN - ASSIST - RO/Approval For SSN' is clicked on

2018-12-06 10:26:54 - [TEST_STEP][PASSED] - click: Object: 'Object Repository/Final Object Repo/Page_Request SSN - ASSIST/Page_Request SSN - ASSIST - RO/Approval For SSN - Approve' is clicked on

2018-12-06 10:26:54 - [MESSAGE][PASSED] - Object: 'Object Repository/Final Object Repo/Page_Request SSN - ASSIST/Page_Request SSN - ASSIST - RO/Approval For SSN - Approve' is clicked on

2018-12-06 10:26:54 - [TEST_STEP][PASSED] - delay: Delayed 2 second(s)

2018-12-06 10:26:56 - [MESSAGE][PASSED] - Delayed 2 second(s)

2018-12-06 10:26:56 - [TEST_STEP][PASSED] - click: Object: 'Object Repository/Final Object Repo/Page_Request SSN - ASSIST/Page_Request SSN - ASSIST - RO/Save  Continue in SSN Page' is clicked on

2018-12-06 10:26:56 - [MESSAGE][PASSED] - Object: 'Object Repository/Final Object Repo/Page_Request SSN - ASSIST/Page_Request SSN - ASSIST - RO/Save  Continue in SSN Page' is clicked on

2018-12-06 10:26:56 - [TEST_STEP][PASSED] - delay: Delayed 2 second(s)

2018-12-06 10:26:58 - [MESSAGE][PASSED] - Delayed 2 second(s)

2018-12-06 10:26:58 - [TEST_STEP][PASSED] - click: Object: 'Object Repository/Final Object Repo/Page_Request SSN - ASSIST/Page_Request SSN - ASSIST - RO/Save  Continue in Uploading Document Page' is clicked on

2018-12-06 10:27:07 - [MESSAGE][PASSED] - Object: 'Object Repository/Final Object Repo/Page_Request SSN - ASSIST/Page_Request SSN - ASSIST - RO/Save  Continue in Uploading Document Page' is clicked on

2018-12-06 10:27:07 - [TEST_STEP][PASSED] - delay: Delayed 2 second(s)

2018-12-06 10:27:09 - [MESSAGE][PASSED] - Delayed 2 second(s)

2018-12-06 10:27:09 - [TEST_STEP][PASSED] - click: Object: 'Object Repository/Final Object Repo/Page_Request SSN - ASSIST/Page_Request SSN - ASSIST - RO/Page_Request SSN - ASSIST (Under enforcement)/Under Enforcement' is clicked on

2018-12-06 10:27:12 - [MESSAGE][PASSED] - Object: 'Object Repository/Final Object Repo/Page_Request SSN - ASSIST/Page_Request SSN - ASSIST - RO/Page_Request SSN - ASSIST (Under enforcement)/Under Enforcement' is clicked on

2018-12-06 10:27:12 - [TEST_STEP][PASSED] - delay: Delayed 2 second(s)

2018-12-06 10:27:14 - [MESSAGE][PASSED] - Delayed 2 second(s)

2018-12-06 10:27:14 - [TEST_STEP][PASSED] - sendKeys: Keys 'Remark' sent to object: 'Object Repository/Final Object Repo/Page_Request SSN - ASSIST/Page_Request SSN - ASSIST - RO/Page_Request SSN - ASSIST (Under enforcement)/Under Endorcement - Remark'

2018-12-06 10:27:14 - [MESSAGE][PASSED] - Keys 'Remark' sent to object: 'Object Repository/Final Object Repo/Page_Request SSN - ASSIST/Page_Request SSN - ASSIST - RO/Page_Request SSN - ASSIST (Under enforcement)/Under Endorcement - Remark'

2018-12-06 10:27:14 - [TEST_STEP][PASSED] - delay: Delayed 2 second(s)

2018-12-06 10:27:16 - [MESSAGE][PASSED] - Delayed 2 second(s)

2018-12-06 10:27:16 - [TEST_STEP][PASSED] - click: Object: 'Object Repository/Final Object Repo/Page_Request SSN - ASSIST/Page_Request SSN - ASSIST - RO/Page_Request SSN - ASSIST (Under enforcement)/Save  Continue in Under Enforcement Page' is clicked on

2018-12-06 10:27:16 - [MESSAGE][PASSED] - Object: 'Object Repository/Final Object Repo/Page_Request SSN - ASSIST/Page_Request SSN - ASSIST - RO/Page_Request SSN - ASSIST (Under enforcement)/Save  Continue in Under Enforcement Page' is clicked on

2018-12-06 10:27:16 - [TEST_STEP][PASSED] - delay: Delayed 2 second(s)

2018-12-06 10:27:18 - [MESSAGE][PASSED] - Delayed 2 second(s)

2018-12-06 10:27:18 - [TEST_STEP][PASSED] - verifyElementVisible: Object 'Object Repository/Final Object Repo/Page_Request SSN - ASSIST/Page_Request SSN - ASSIST - RO/Page_Request SSN - ASSIST (Under enforcement)/Message The case is under enforceme' is visible

2018-12-06 10:27:21 - [MESSAGE][PASSED] - Object 'Object Repository/Final Object Repo/Page_Request SSN - ASSIST/Page_Request SSN - ASSIST - RO/Page_Request SSN - ASSIST (Under enforcement)/Message The case is under enforceme' is visible

2018-12-06 10:27:21 - [TEST_STEP][PASSED] - delay: Delayed 2 second(s)

2018-12-06 10:27:23 - [MESSAGE][PASSED] - Delayed 2 second(s)

2018-12-06 10:27:23 - [TEST_STEP][PASSED] - click: Object: 'Object Repository/Final Object Repo/Page_Request SSN - ASSIST/Page_Request SSN - ASSIST - RO/Page_Request SSN - ASSIST (Under enforcement)/OK' is clicked on

2018-12-06 10:27:24 - [MESSAGE][PASSED] - Object: 'Object Repository/Final Object Repo/Page_Request SSN - ASSIST/Page_Request SSN - ASSIST - RO/Page_Request SSN - ASSIST (Under enforcement)/OK' is clicked on

2018-12-06 10:27:24 - [MESSAGE][PASSED] - Call Test Case 'Test Cases/Final Aug 2018 - PKS Automation/Registration Module/Workflow/Request SSN/Template/Request SSN - RO (Under enforcement)' successfully

2018-12-06 10:27:24 - [MESSAGE][PASSED] - Call Test Case 'Test Cases/Final Aug 2018 - PKS Automation/Registration Module/Workflow/Request SSN/Template/Request SSN RIO - RO (Under Enforcement)' successfully]]></system-out>
         <system-err><![CDATA[]]></system-err>
      </testcase>
      <system-out><![CDATA[2018-12-06 09:47:43 - [TEST_SUITE][PASSED] - Request SSN: Test Cases/Final Aug 2018 - PKS Automation/Registration Module/Workflow/Request SSN/PKRBO - RIO - RO (Under enforcement)]]></system-out>
      <system-err><![CDATA[]]></system-err>
   </testsuite>
</testsuites>
