<?xml version="1.0" encoding="UTF-8"?>
<testsuites name="Form 3 EIS - Cessation as Employer" time="3766" tests="11" failures="1" errors="0">
   <testsuite name="Form 3 EIS - Cessation as Employer" tests="11" failures="1" errors="0" time="3766" timestamp="2018-12-14 10:55:19" hostname="Admin - Win7Test02" id="Test Suites/Workflow/Form 3 EIS - Cessation as Employer">
      <properties>
         <property name="deviceName" value=""/>
         <property name="devicePlatform" value=""/>
         <property name="logFolder" value="C:\\Users\\Admin\\Desktop\\PKS\\Perkeso Phase A\\Reports\\Workflow\\Form 3 EIS - Cessation as Employer\\20181214_094343"/>
         <property name="logFiles" value="C:\\Users\\Admin\\Desktop\\PKS\\Perkeso Phase A\\Reports\\Workflow\\Form 3 EIS - Cessation as Employer\\20181214_094343\\execution0.log"/>
         <property name="attachments" value="C:\\Users\\Admin\\Desktop\\PKS\\Perkeso Phase A\\Reports\\Workflow\\Form 3 EIS - Cessation as Employer\\20181214_094343\\1544758378152.png, C:\\Users\\Admin\\Desktop\\PKS\\Perkeso Phase A\\Reports\\Workflow\\Form 3 EIS - Cessation as Employer\\20181214_094343\\1544758412895.png, C:\\Users\\Admin\\Desktop\\PKS\\Perkeso Phase A\\Reports\\Workflow\\Form 3 EIS - Cessation as Employer\\20181214_094343\\1544758448126.png, C:\\Users\\Admin\\Desktop\\PKS\\Perkeso Phase A\\Reports\\Workflow\\Form 3 EIS - Cessation as Employer\\20181214_094343\\1544758487281.png, C:\\Users\\Admin\\Desktop\\PKS\\Perkeso Phase A\\Reports\\Workflow\\Form 3 EIS - Cessation as Employer\\20181214_094343\\1544758521173.png, C:\\Users\\Admin\\Desktop\\PKS\\Perkeso Phase A\\Reports\\Workflow\\Form 3 EIS - Cessation as Employer\\20181214_094343\\1544758556243.png, C:\\Users\\Admin\\Desktop\\PKS\\Perkeso Phase A\\Reports\\Workflow\\Form 3 EIS - Cessation as Employer\\20181214_094343\\1544758592502.png, C:\\Users\\Admin\\Desktop\\PKS\\Perkeso Phase A\\Reports\\Workflow\\Form 3 EIS - Cessation as Employer\\20181214_094343\\1544758627870.png"/>
         <property name="hostName" value="Admin - Win7Test02"/>
         <property name="os" value="Windows 7 64bit"/>
         <property name="katalonVersion" value="5.8.6.1"/>
         <property name="browser" value="Chrome 70.0.3538.110"/>
         <property name="hostAddress" value="10.20.3.72"/>
         <property name="sessionId" value="c9032d259fb2eb3c255a3f097397459e"/>
         <property name="seleniumVersion" value="3.7.1"/>
         <property name="proxyInformation" value="ProxyInformation{proxyOption=NO_PROXY, proxyServerType=HTTP, password=, proxyServerAddress=, proxyServerPort=0}"/>
         <property name="platform" value="Windows 7"/>
      </properties>
      <testcase name="Test Cases/Final Aug 2018 - PKS Automation/Registration Module/Workflow/Form 3 EIS - Cessation As Employer/Employer to UO (Approve)" classname="Test Cases/Final Aug 2018 - PKS Automation/Registration Module/Workflow/Form 3 EIS - Cessation As Employer/Employer to UO (Approve)" status="PASSED">
         <system-out><![CDATA[2018-12-14 10:55:20 - [TEST_CASE][PASSED] - Test Cases/Final Aug 2018 - PKS Automation/Registration Module/Workflow/Form 3 EIS - Cessation As Employer/Employer to UO (Approve): Test Cases/Final Aug 2018 - PKS Automation/Registration Module/Workflow/Form 3 EIS - Cessation As Employer/Employer to UO (Approve)

2018-12-14 10:55:20 - [TEST_STEP][PASSED] - callTestCase: Call Test Case 'Test Cases/Final Aug 2018 - PKS Automation/Registration Module/Workflow/Form 3 EIS - Cessation As Employer/Template/Form 3 A - Cessation As Employer (Employer)' successfully

2018-12-14 10:55:20 - [TEST_CASE][PASSED] - Test Cases/Final Aug 2018 - PKS Automation/Registration Module/Workflow/Form 3 EIS - Cessation As Employer/Template/Form 3 A - Cessation As Employer (Employer): Test Cases/Final Aug 2018 - PKS Automation/Registration Module/Workflow/Form 3 EIS - Cessation As Employer/Template/Form 3 A - Cessation As Employer (Employer)

2018-12-14 10:55:21 - [TEST_STEP][PASSED] - callTestCase: Call Test Case 'Test Cases/Final Aug 2018 - PKS Automation/Registration Module/Workflow/Update Add New Employee/Template/New Company for Update Add New - Employer' successfully

2018-12-14 10:55:21 - [TEST_CASE][PASSED] - Test Cases/Final Aug 2018 - PKS Automation/Registration Module/Workflow/Update Add New Employee/Template/New Company for Update Add New - Employer: Test Cases/Final Aug 2018 - PKS Automation/Registration Module/Workflow/Update Add New Employee/Template/New Company for Update Add New - Employer

2018-12-14 10:55:21 - [TEST_STEP][PASSED] - callTestCase: Call Test Case 'Test Cases/Final Aug 2018 - PKS Automation/Create Employer Acc/Create Employer Account' successfully

2018-12-14 10:55:21 - [TEST_CASE][PASSED] - Test Cases/Final Aug 2018 - PKS Automation/Create Employer Acc/Create Employer Account: Test Cases/Final Aug 2018 - PKS Automation/Create Employer Acc/Create Employer Account

2018-12-14 10:55:21 - [TEST_STEP][PASSED] - callTestCase: Call Test Case 'Test Cases/Final Aug 2018 - PKS Automation/Create Employer Acc/Template/Register Employer' successfully

2018-12-14 10:55:22 - [TEST_CASE][PASSED] - Test Cases/Final Aug 2018 - PKS Automation/Create Employer Acc/Template/Register Employer: Test Cases/Final Aug 2018 - PKS Automation/Create Employer Acc/Template/Register Employer

2018-12-14 10:55:22 - [TEST_STEP][PASSED] - openBrowser: Browser is opened with url: ''

2018-12-14 10:55:26 - [MESSAGE][PASSED] - Browser is opened with url: ''

2018-12-14 10:55:26 - [TEST_STEP][PASSED] - navigateToUrl: Navigate to 'https://assist2-uat.perkeso.gov.my/login' successfully

2018-12-14 10:55:27 - [MESSAGE][PASSED] - Navigate to 'https://assist2-uat.perkeso.gov.my/login' successfully

2018-12-14 10:55:27 - [TEST_STEP][PASSED] - setText: Text 'johorotc1@gmail.com' is set on object 'Object Repository/Final Object Repo/Login Page/Internal User/Email Address'

2018-12-14 10:55:27 - [MESSAGE][PASSED] - Text 'johorotc1@gmail.com' is set on object 'Object Repository/Final Object Repo/Login Page/Internal User/Email Address'

2018-12-14 10:55:27 - [TEST_STEP][PASSED] - click: Object: 'Object Repository/Final Object Repo/Login Page/Internal User/Next Button' is clicked on

2018-12-14 10:55:27 - [MESSAGE][PASSED] - Object: 'Object Repository/Final Object Repo/Login Page/Internal User/Next Button' is clicked on

2018-12-14 10:55:27 - [TEST_STEP][PASSED] - delay: Delayed 1 second(s)

2018-12-14 10:55:28 - [MESSAGE][PASSED] - Delayed 1 second(s)

2018-12-14 10:55:28 - [TEST_STEP][PASSED] - setEncryptedText: Text ****** has been set on object 'Object Repository/Final Object Repo/Login Page/Internal User/Password'

2018-12-14 10:55:29 - [MESSAGE][PASSED] - Text ****** has been set on object 'Object Repository/Final Object Repo/Login Page/Internal User/Password'

2018-12-14 10:55:29 - [TEST_STEP][PASSED] - click: Object: 'Object Repository/Final Object Repo/Login Page/Internal User/Login Button' is clicked on

2018-12-14 10:55:29 - [MESSAGE][PASSED] - Object: 'Object Repository/Final Object Repo/Login Page/Internal User/Login Button' is clicked on

2018-12-14 10:55:29 - [TEST_STEP][PASSED] - delay: Delayed 1 second(s)

2018-12-14 10:55:30 - [MESSAGE][PASSED] - Delayed 1 second(s)

2018-12-14 10:55:30 - [TEST_STEP][PASSED] - navigateToUrl: Navigate to 'https://assist2-uat.perkeso.gov.my/web/base/portal-id/registration' successfully

2018-12-14 10:55:34 - [MESSAGE][PASSED] - Navigate to 'https://assist2-uat.perkeso.gov.my/web/base/portal-id/registration' successfully

2018-12-14 10:55:34 - [TEST_STEP][PASSED] - setText: Text 'AUTOMATION EMPLOYER' is set on object 'Object Repository/Final Object Repo/Creating Employer Account/Page_Registration - ASSIST (Base)/Employer Name'

2018-12-14 10:55:34 - [MESSAGE][PASSED] - Text 'AUTOMATION EMPLOYER' is set on object 'Object Repository/Final Object Repo/Creating Employer Account/Page_Registration - ASSIST (Base)/Employer Name'

2018-12-14 10:55:34 - [TEST_STEP][PASSED] - delay: Delayed 2 second(s)

2018-12-14 10:55:36 - [MESSAGE][PASSED] - Delayed 2 second(s)

2018-12-14 10:55:36 - [TEST_STEP][PASSED] - click: Object: 'Object Repository/Final Object Repo/Creating Employer Account/Page_Registration - ASSIST (Base)/Registration Type' is clicked on

2018-12-14 10:55:36 - [MESSAGE][PASSED] - Object: 'Object Repository/Final Object Repo/Creating Employer Account/Page_Registration - ASSIST (Base)/Registration Type' is clicked on

2018-12-14 10:55:36 - [TEST_STEP][PASSED] - delay: Delayed 2 second(s)

2018-12-14 10:55:38 - [MESSAGE][PASSED] - Delayed 2 second(s)

2018-12-14 10:55:38 - [TEST_STEP][PASSED] - click: Object: 'Object Repository/Final Object Repo/Creating Employer Account/Page_Registration - ASSIST (Base)/Registration Type - Registration No' is clicked on

2018-12-14 10:55:39 - [MESSAGE][PASSED] - Object: 'Object Repository/Final Object Repo/Creating Employer Account/Page_Registration - ASSIST (Base)/Registration Type - Registration No' is clicked on

2018-12-14 10:55:39 - [TEST_STEP][PASSED] - delay: Delayed 2 second(s)

2018-12-14 10:55:41 - [MESSAGE][PASSED] - Delayed 2 second(s)

2018-12-14 10:55:41 - [TEST_STEP][PASSED] - setText: Text 'AUTOMATE001' is set on object 'Object Repository/Final Object Repo/Creating Employer Account/Page_Registration - ASSIST (Base)/Registration Number'

2018-12-14 10:55:41 - [MESSAGE][PASSED] - Text 'AUTOMATE001' is set on object 'Object Repository/Final Object Repo/Creating Employer Account/Page_Registration - ASSIST (Base)/Registration Number'

2018-12-14 10:55:41 - [TEST_STEP][PASSED] - delay: Delayed 2 second(s)

2018-12-14 10:55:43 - [MESSAGE][PASSED] - Delayed 2 second(s)

2018-12-14 10:55:43 - [TEST_STEP][PASSED] - setText: Text 'ADDRESS 1' is set on object 'Object Repository/Final Object Repo/Creating Employer Account/Page_Registration - ASSIST (Base)/Postal Address 1'

2018-12-14 10:55:43 - [MESSAGE][PASSED] - Text 'ADDRESS 1' is set on object 'Object Repository/Final Object Repo/Creating Employer Account/Page_Registration - ASSIST (Base)/Postal Address 1'

2018-12-14 10:55:43 - [TEST_STEP][PASSED] - setText: Text 'ADDRESS 2' is set on object 'Object Repository/Final Object Repo/Creating Employer Account/Page_Registration - ASSIST (Base)/Postal Address 2'

2018-12-14 10:55:44 - [MESSAGE][PASSED] - Text 'ADDRESS 2' is set on object 'Object Repository/Final Object Repo/Creating Employer Account/Page_Registration - ASSIST (Base)/Postal Address 2'

2018-12-14 10:55:44 - [TEST_STEP][PASSED] - click: Object: 'Object Repository/Final Object Repo/Creating Employer Account/Page_Registration - ASSIST (Base)/State' is clicked on

2018-12-14 10:55:44 - [MESSAGE][PASSED] - Object: 'Object Repository/Final Object Repo/Creating Employer Account/Page_Registration - ASSIST (Base)/State' is clicked on

2018-12-14 10:55:44 - [TEST_STEP][PASSED] - delay: Delayed 2 second(s)

2018-12-14 10:55:46 - [MESSAGE][PASSED] - Delayed 2 second(s)

2018-12-14 10:55:46 - [TEST_STEP][PASSED] - click: Object: 'Object Repository/Final Object Repo/Creating Employer Account/Page_Registration - ASSIST (Base)/State - Johor' is clicked on

2018-12-14 10:55:46 - [MESSAGE][PASSED] - Object: 'Object Repository/Final Object Repo/Creating Employer Account/Page_Registration - ASSIST (Base)/State - Johor' is clicked on

2018-12-14 10:55:46 - [TEST_STEP][PASSED] - delay: Delayed 2 second(s)

2018-12-14 10:55:48 - [MESSAGE][PASSED] - Delayed 2 second(s)

2018-12-14 10:55:48 - [TEST_STEP][PASSED] - click: Object: 'Object Repository/Final Object Repo/Creating Employer Account/Page_Registration - ASSIST (Base)/City' is clicked on

2018-12-14 10:55:48 - [MESSAGE][PASSED] - Object: 'Object Repository/Final Object Repo/Creating Employer Account/Page_Registration - ASSIST (Base)/City' is clicked on

2018-12-14 10:55:48 - [TEST_STEP][PASSED] - delay: Delayed 2 second(s)

2018-12-14 10:55:50 - [MESSAGE][PASSED] - Delayed 2 second(s)

2018-12-14 10:55:50 - [TEST_STEP][PASSED] - setText: Text 'joh' is set on object 'Object Repository/Final Object Repo/Creating Employer Account/Page_Registration - ASSIST (Base)/City - joh'

2018-12-14 10:55:51 - [MESSAGE][PASSED] - Text 'joh' is set on object 'Object Repository/Final Object Repo/Creating Employer Account/Page_Registration - ASSIST (Base)/City - joh'

2018-12-14 10:55:51 - [TEST_STEP][PASSED] - delay: Delayed 2 second(s)

2018-12-14 10:55:53 - [MESSAGE][PASSED] - Delayed 2 second(s)

2018-12-14 10:55:53 - [TEST_STEP][PASSED] - click: Object: 'Object Repository/Final Object Repo/Creating Employer Account/Page_Registration - ASSIST (Base)/City - Johor Bharu' is clicked on

2018-12-14 10:55:53 - [MESSAGE][PASSED] - Object: 'Object Repository/Final Object Repo/Creating Employer Account/Page_Registration - ASSIST (Base)/City - Johor Bharu' is clicked on

2018-12-14 10:55:53 - [TEST_STEP][PASSED] - delay: Delayed 2 second(s)

2018-12-14 10:55:55 - [MESSAGE][PASSED] - Delayed 2 second(s)

2018-12-14 10:55:55 - [TEST_STEP][PASSED] - click: Object: 'Object Repository/Final Object Repo/Creating Employer Account/Page_Registration - ASSIST (Base)/Post Code' is clicked on

2018-12-14 10:55:55 - [MESSAGE][PASSED] - Object: 'Object Repository/Final Object Repo/Creating Employer Account/Page_Registration - ASSIST (Base)/Post Code' is clicked on

2018-12-14 10:55:55 - [TEST_STEP][PASSED] - delay: Delayed 2 second(s)

2018-12-14 10:55:57 - [MESSAGE][PASSED] - Delayed 2 second(s)

2018-12-14 10:55:57 - [TEST_STEP][PASSED] - setText: Text '810' is set on object 'Object Repository/Final Object Repo/Creating Employer Account/Page_Registration - ASSIST (Base)/Post Code - 810'

2018-12-14 10:55:57 - [MESSAGE][PASSED] - Text '810' is set on object 'Object Repository/Final Object Repo/Creating Employer Account/Page_Registration - ASSIST (Base)/Post Code - 810'

2018-12-14 10:55:57 - [TEST_STEP][PASSED] - delay: Delayed 2 second(s)

2018-12-14 10:55:59 - [MESSAGE][PASSED] - Delayed 2 second(s)

2018-12-14 10:55:59 - [TEST_STEP][PASSED] - click: Object: 'Object Repository/Final Object Repo/Creating Employer Account/Page_Registration - ASSIST (Base)/Post Code - 81000' is clicked on

2018-12-14 10:55:59 - [MESSAGE][PASSED] - Object: 'Object Repository/Final Object Repo/Creating Employer Account/Page_Registration - ASSIST (Base)/Post Code - 81000' is clicked on

2018-12-14 10:55:59 - [TEST_STEP][PASSED] - delay: Delayed 2 second(s)

2018-12-14 10:56:01 - [MESSAGE][PASSED] - Delayed 2 second(s)

2018-12-14 10:56:01 - [TEST_STEP][PASSED] - setText: Text 'PERKESO' is set on object 'Object Repository/Final Object Repo/Creating Employer Account/Page_Registration - ASSIST (Base)/Full Name'

2018-12-14 10:56:02 - [MESSAGE][PASSED] - Text 'PERKESO' is set on object 'Object Repository/Final Object Repo/Creating Employer Account/Page_Registration - ASSIST (Base)/Full Name'

2018-12-14 10:56:02 - [TEST_STEP][PASSED] - Statement - rnd = new java.util.Random(): null

2018-12-14 10:56:02 - [TEST_STEP][PASSED] - Statement - snum = rnd.nextInt(899999 + 1) + 100000: null

2018-12-14 10:56:02 - [TEST_STEP][PASSED] - Statement - tnum = rnd.nextInt(899999 + 1) + 100000: null

2018-12-14 10:56:02 - [TEST_STEP][PASSED] - Statement - IC = java.lang.Integer.toString(snum) + java.lang.Integer.toString(tnum): null

2018-12-14 10:56:02 - [TEST_STEP][PASSED] - Statement - out.println(IC): null

2018-12-14 10:56:02 - [TEST_STEP][PASSED] - setText: Text '673407166794' is set on object 'Object Repository/Final Object Repo/Creating Employer Account/Page_Registration - ASSIST (Base)/Identification Number'

2018-12-14 10:56:02 - [MESSAGE][PASSED] - Text '673407166794' is set on object 'Object Repository/Final Object Repo/Creating Employer Account/Page_Registration - ASSIST (Base)/Identification Number'

2018-12-14 10:56:02 - [TEST_STEP][PASSED] - delay: Delayed 2 second(s)

2018-12-14 10:56:04 - [MESSAGE][PASSED] - Delayed 2 second(s)

2018-12-14 10:56:04 - [TEST_STEP][PASSED] - setText: Text '123456789012' is set on object 'Object Repository/Final Object Repo/Creating Employer Account/Page_Registration - ASSIST (Base)/Contact Number'

2018-12-14 10:56:04 - [MESSAGE][PASSED] - Text '123456789012' is set on object 'Object Repository/Final Object Repo/Creating Employer Account/Page_Registration - ASSIST (Base)/Contact Number'

2018-12-14 10:56:04 - [TEST_STEP][PASSED] - Statement - Email = "perkeso" + IC + "@gmail.com": null

2018-12-14 10:56:04 - [TEST_STEP][PASSED] - delay: Delayed 2 second(s)

2018-12-14 10:56:06 - [MESSAGE][PASSED] - Delayed 2 second(s)

2018-12-14 10:56:06 - [TEST_STEP][PASSED] - callTestCase: Call Test Case 'Test Cases/Final Aug 2018 - PKS Automation/Create Employer Acc/Template/Employer Email Settler' successfully

2018-12-14 10:56:06 - [TEST_CASE][PASSED] - Test Cases/Final Aug 2018 - PKS Automation/Create Employer Acc/Template/Employer Email Settler: Test Cases/Final Aug 2018 - PKS Automation/Create Employer Acc/Template/Employer Email Settler

2018-12-14 10:56:07 - [TEST_STEP][PASSED] - Statement - EmpEmailOld = new java.io.File(C://Users//Admin//Desktop//PKS//Automation Reference Point//EmpEmail.txt): null

2018-12-14 10:56:07 - [TEST_STEP][PASSED] - Statement - EmpEmailOld.delete(): null

2018-12-14 10:56:07 - [TEST_STEP][PASSED] - delay: Delayed 5 second(s)

2018-12-14 10:56:12 - [MESSAGE][PASSED] - Delayed 5 second(s)

2018-12-14 10:56:12 - [TEST_STEP][PASSED] - Statement - EmpEmail = new java.io.File(C://Users//Admin//Desktop//PKS//Automation Reference Point//EmpEmail.txt): null

2018-12-14 10:56:12 - [TEST_STEP][PASSED] - Statement - f2 = new java.io.FileWriter(EmpEmail, false): null

2018-12-14 10:56:12 - [TEST_STEP][PASSED] - Statement - f2.write(Email): null

2018-12-14 10:56:12 - [TEST_STEP][PASSED] - Statement - f2.close(): null

2018-12-14 10:56:12 - [TEST_STEP][PASSED] - Statement - out.println(Email): null

2018-12-14 10:56:12 - [MESSAGE][PASSED] - Call Test Case 'Test Cases/Final Aug 2018 - PKS Automation/Create Employer Acc/Template/Employer Email Settler' successfully

2018-12-14 10:56:12 - [TEST_STEP][PASSED] - delay: Delayed 2 second(s)

2018-12-14 10:56:14 - [MESSAGE][PASSED] - Delayed 2 second(s)

2018-12-14 10:56:14 - [TEST_STEP][PASSED] - setText: Text 'perkeso673407166794@gmail.com' is set on object 'Object Repository/Final Object Repo/Creating Employer Account/Page_Registration - ASSIST (Base)/Email'

2018-12-14 10:56:14 - [MESSAGE][PASSED] - Text 'perkeso673407166794@gmail.com' is set on object 'Object Repository/Final Object Repo/Creating Employer Account/Page_Registration - ASSIST (Base)/Email'

2018-12-14 10:56:14 - [TEST_STEP][PASSED] - setText: Text '123' is set on object 'Object Repository/Final Object Repo/Creating Employer Account/Page_Registration - ASSIST (Base)/Security Phase'

2018-12-14 10:56:15 - [MESSAGE][PASSED] - Text '123' is set on object 'Object Repository/Final Object Repo/Creating Employer Account/Page_Registration - ASSIST (Base)/Security Phase'

2018-12-14 10:56:15 - [TEST_STEP][PASSED] - click: Object: 'Object Repository/Final Object Repo/Creating Employer Account/Page_Registration - ASSIST (Base)/Save  Continue' is clicked on

2018-12-14 10:56:15 - [MESSAGE][PASSED] - Object: 'Object Repository/Final Object Repo/Creating Employer Account/Page_Registration - ASSIST (Base)/Save  Continue' is clicked on

2018-12-14 10:56:15 - [TEST_STEP][PASSED] - delay: Delayed 2 second(s)

2018-12-14 10:56:17 - [MESSAGE][PASSED] - Delayed 2 second(s)

2018-12-14 10:56:17 - [TEST_STEP][PASSED] - click: Object: 'Object Repository/Final Object Repo/Creating Employer Account/Page_Registration - ASSIST (Base)/Add Document' is clicked on

2018-12-14 10:56:17 - [MESSAGE][PASSED] - Object: 'Object Repository/Final Object Repo/Creating Employer Account/Page_Registration - ASSIST (Base)/Add Document' is clicked on

2018-12-14 10:56:17 - [TEST_STEP][PASSED] - delay: Delayed 2 second(s)

2018-12-14 10:56:19 - [MESSAGE][PASSED] - Delayed 2 second(s)

2018-12-14 10:56:19 - [TEST_STEP][PASSED] - click: Object: 'Object Repository/Final Object Repo/Creating Employer Account/Page_Registration - ASSIST (Base)/Document Type' is clicked on

2018-12-14 10:56:19 - [MESSAGE][PASSED] - Object: 'Object Repository/Final Object Repo/Creating Employer Account/Page_Registration - ASSIST (Base)/Document Type' is clicked on

2018-12-14 10:56:19 - [TEST_STEP][PASSED] - delay: Delayed 2 second(s)

2018-12-14 10:56:21 - [MESSAGE][PASSED] - Delayed 2 second(s)

2018-12-14 10:56:21 - [TEST_STEP][PASSED] - click: Object: 'Object Repository/Final Object Repo/Creating Employer Account/Page_Registration - ASSIST (Base)/Document Type - Letter of Authorization' is clicked on

2018-12-14 10:56:22 - [MESSAGE][PASSED] - Object: 'Object Repository/Final Object Repo/Creating Employer Account/Page_Registration - ASSIST (Base)/Document Type - Letter of Authorization' is clicked on

2018-12-14 10:56:22 - [TEST_STEP][PASSED] - delay: Delayed 2 second(s)

2018-12-14 10:56:24 - [MESSAGE][PASSED] - Delayed 2 second(s)

2018-12-14 10:56:24 - [TEST_STEP][PASSED] - sendKeys: Keys 'C:\Users\Public\Pictures\Sample Pictures\Koala.jpg' sent to object: 'Object Repository/Final Object Repo/Creating Employer Account/Page_Registration - ASSIST (Base)/Uploading File'

2018-12-14 10:56:24 - [MESSAGE][PASSED] - Keys 'C:\Users\Public\Pictures\Sample Pictures\Koala.jpg' sent to object: 'Object Repository/Final Object Repo/Creating Employer Account/Page_Registration - ASSIST (Base)/Uploading File'

2018-12-14 10:56:24 - [TEST_STEP][PASSED] - delay: Delayed 2 second(s)

2018-12-14 10:56:26 - [MESSAGE][PASSED] - Delayed 2 second(s)

2018-12-14 10:56:26 - [TEST_STEP][PASSED] - click: Object: 'Object Repository/Final Object Repo/Creating Employer Account/Page_Registration - ASSIST (Base)/Add Document in Uploading File' is clicked on

2018-12-14 10:56:26 - [MESSAGE][PASSED] - Object: 'Object Repository/Final Object Repo/Creating Employer Account/Page_Registration - ASSIST (Base)/Add Document in Uploading File' is clicked on

2018-12-14 10:56:26 - [TEST_STEP][PASSED] - delay: Delayed 2 second(s)

2018-12-14 10:56:28 - [MESSAGE][PASSED] - Delayed 2 second(s)

2018-12-14 10:56:28 - [TEST_STEP][PASSED] - click: Object: 'Object Repository/Final Object Repo/Creating Employer Account/Page_Registration - ASSIST (Base)/Save' is clicked on

2018-12-14 10:56:28 - [MESSAGE][PASSED] - Object: 'Object Repository/Final Object Repo/Creating Employer Account/Page_Registration - ASSIST (Base)/Save' is clicked on

2018-12-14 10:56:28 - [TEST_STEP][PASSED] - delay: Delayed 2 second(s)

2018-12-14 10:56:30 - [MESSAGE][PASSED] - Delayed 2 second(s)

2018-12-14 10:56:30 - [TEST_STEP][PASSED] - click: Object: 'Object Repository/Final Object Repo/Creating Employer Account/Page_Registration - ASSIST (Base)/Submit' is clicked on

2018-12-14 10:56:32 - [MESSAGE][PASSED] - Object: 'Object Repository/Final Object Repo/Creating Employer Account/Page_Registration - ASSIST (Base)/Submit' is clicked on

2018-12-14 10:56:32 - [TEST_STEP][PASSED] - delay: Delayed 2 second(s)

2018-12-14 10:56:34 - [MESSAGE][PASSED] - Delayed 2 second(s)

2018-12-14 10:56:34 - [TEST_STEP][PASSED] - click: Object: 'Object Repository/Final Object Repo/Creating Employer Account/Page_Registration - ASSIST (Base)/Confirm' is clicked on

2018-12-14 10:56:34 - [MESSAGE][PASSED] - Object: 'Object Repository/Final Object Repo/Creating Employer Account/Page_Registration - ASSIST (Base)/Confirm' is clicked on

2018-12-14 10:56:34 - [MESSAGE][PASSED] - Call Test Case 'Test Cases/Final Aug 2018 - PKS Automation/Create Employer Acc/Template/Register Employer' successfully

2018-12-14 10:56:34 - [TEST_STEP][PASSED] - delay: Delayed 1 second(s)

2018-12-14 10:56:35 - [MESSAGE][PASSED] - Delayed 1 second(s)

2018-12-14 10:56:35 - [TEST_STEP][PASSED] - navigateToUrl: Navigate to 'https://assist2-uat.perkeso.gov.my/c/portal/logout' successfully

2018-12-14 10:56:37 - [MESSAGE][PASSED] - Navigate to 'https://assist2-uat.perkeso.gov.my/c/portal/logout' successfully

2018-12-14 10:56:37 - [TEST_STEP][PASSED] - delay: Delayed 1 second(s)

2018-12-14 10:56:38 - [MESSAGE][PASSED] - Delayed 1 second(s)

2018-12-14 10:56:38 - [TEST_STEP][PASSED] - callTestCase: Call Test Case 'Test Cases/Final Aug 2018 - PKS Automation/Create Employer Acc/Template/Change Password of Employer' successfully

2018-12-14 10:56:38 - [TEST_CASE][PASSED] - Test Cases/Final Aug 2018 - PKS Automation/Create Employer Acc/Template/Change Password of Employer: Test Cases/Final Aug 2018 - PKS Automation/Create Employer Acc/Template/Change Password of Employer

2018-12-14 10:56:38 - [TEST_STEP][PASSED] - openBrowser: Browser is opened with url: ''

2018-12-14 10:56:38 - [MESSAGE][WARNING] - A browser is already opened. Closing browser and opening a new one

2018-12-14 10:56:43 - [MESSAGE][PASSED] - Browser is opened with url: ''

2018-12-14 10:56:43 - [TEST_STEP][PASSED] - navigateToUrl: Navigate to 'https://assist2-uat.perkeso.gov.my/login' successfully

2018-12-14 10:56:44 - [MESSAGE][PASSED] - Navigate to 'https://assist2-uat.perkeso.gov.my/login' successfully

2018-12-14 10:56:44 - [TEST_STEP][PASSED] - delay: Delayed 5 second(s)

2018-12-14 10:56:49 - [MESSAGE][PASSED] - Delayed 5 second(s)

2018-12-14 10:56:49 - [TEST_STEP][PASSED] - setText: Text 'test@liferay.com' is set on object 'Object Repository/Final Object Repo/Login Page/Internal User/Email Address'

2018-12-14 10:56:49 - [MESSAGE][PASSED] - Text 'test@liferay.com' is set on object 'Object Repository/Final Object Repo/Login Page/Internal User/Email Address'

2018-12-14 10:56:49 - [TEST_STEP][PASSED] - click: Object: 'Object Repository/Final Object Repo/Login Page/Internal User/Next Button' is clicked on

2018-12-14 10:56:50 - [MESSAGE][PASSED] - Object: 'Object Repository/Final Object Repo/Login Page/Internal User/Next Button' is clicked on

2018-12-14 10:56:50 - [TEST_STEP][PASSED] - delay: Delayed 2 second(s)

2018-12-14 10:56:52 - [MESSAGE][PASSED] - Delayed 2 second(s)

2018-12-14 10:56:52 - [TEST_STEP][PASSED] - setText: Text 'test' is set on object 'Object Repository/Final Object Repo/Login Page/Internal User/Password'

2018-12-14 10:56:52 - [MESSAGE][PASSED] - Text 'test' is set on object 'Object Repository/Final Object Repo/Login Page/Internal User/Password'

2018-12-14 10:56:52 - [TEST_STEP][PASSED] - delay: Delayed 2 second(s)

2018-12-14 10:56:54 - [MESSAGE][PASSED] - Delayed 2 second(s)

2018-12-14 10:56:54 - [TEST_STEP][PASSED] - click: Object: 'Object Repository/Final Object Repo/Login Page/Internal User/Login Button' is clicked on

2018-12-14 10:56:54 - [MESSAGE][PASSED] - Object: 'Object Repository/Final Object Repo/Login Page/Internal User/Login Button' is clicked on

2018-12-14 10:56:54 - [TEST_STEP][PASSED] - delay: Delayed 3 second(s)

2018-12-14 10:56:57 - [MESSAGE][PASSED] - Delayed 3 second(s)

2018-12-14 10:56:57 - [TEST_STEP][PASSED] - navigateToUrl: Navigate to 'https://assist2-uat.perkeso.gov.my/group/control_panel/manage?p_p_id=125&p_p_lifecycle=0&p_p_state=maximized&p_p_mode=view&refererPlid=20455&_125_usersListView=flat-users&_125_toolbarItem=view-all-users&_125_saveUsersListView=true&_125_struts_action=%2Fusers_admin%2Fview' successfully

2018-12-14 10:56:59 - [MESSAGE][PASSED] - Navigate to 'https://assist2-uat.perkeso.gov.my/group/control_panel/manage?p_p_id=125&p_p_lifecycle=0&p_p_state=maximized&p_p_mode=view&refererPlid=20455&_125_usersListView=flat-users&_125_toolbarItem=view-all-users&_125_saveUsersListView=true&_125_struts_action=%2Fusers_admin%2Fview' successfully

2018-12-14 10:56:59 - [TEST_STEP][PASSED] - delay: Delayed 3 second(s)

2018-12-14 10:57:02 - [MESSAGE][PASSED] - Delayed 3 second(s)

2018-12-14 10:57:02 - [TEST_STEP][PASSED] - setText: Text 'perkeso673407166794@gmail.com' is set on object 'Object Repository/Final Object Repo/Creating Employer Account/Page_Users and Organizations - ASSIST/Employer name'

2018-12-14 10:57:02 - [MESSAGE][PASSED] - Text 'perkeso673407166794@gmail.com' is set on object 'Object Repository/Final Object Repo/Creating Employer Account/Page_Users and Organizations - ASSIST/Employer name'

2018-12-14 10:57:02 - [TEST_STEP][PASSED] - delay: Delayed 3 second(s)

2018-12-14 10:57:05 - [MESSAGE][PASSED] - Delayed 3 second(s)

2018-12-14 10:57:05 - [TEST_STEP][PASSED] - click: Object: 'Object Repository/Final Object Repo/Creating Employer Account/Page_Users and Organizations - ASSIST/Search' is clicked on

2018-12-14 10:57:05 - [MESSAGE][PASSED] - Object: 'Object Repository/Final Object Repo/Creating Employer Account/Page_Users and Organizations - ASSIST/Search' is clicked on

2018-12-14 10:57:05 - [TEST_STEP][PASSED] - delay: Delayed 3 second(s)

2018-12-14 10:57:08 - [MESSAGE][PASSED] - Delayed 3 second(s)

2018-12-14 10:57:09 - [TEST_STEP][PASSED] - click: Object: 'Object Repository/Final Object Repo/Creating Employer Account/Page_Users and Organizations - ASSIST/Action' is clicked on

2018-12-14 10:57:09 - [MESSAGE][PASSED] - Object: 'Object Repository/Final Object Repo/Creating Employer Account/Page_Users and Organizations - ASSIST/Action' is clicked on

2018-12-14 10:57:09 - [TEST_STEP][PASSED] - delay: Delayed 3 second(s)

2018-12-14 10:57:12 - [MESSAGE][PASSED] - Delayed 3 second(s)

2018-12-14 10:57:12 - [TEST_STEP][PASSED] - click: Object: 'Object Repository/Final Object Repo/Creating Employer Account/Page_Users and Organizations - ASSIST/Edit' is clicked on

2018-12-14 10:57:13 - [MESSAGE][PASSED] - Object: 'Object Repository/Final Object Repo/Creating Employer Account/Page_Users and Organizations - ASSIST/Edit' is clicked on

2018-12-14 10:57:13 - [TEST_STEP][PASSED] - delay: Delayed 3 second(s)

2018-12-14 10:57:16 - [MESSAGE][PASSED] - Delayed 3 second(s)

2018-12-14 10:57:16 - [TEST_STEP][PASSED] - click: Object: 'Object Repository/Final Object Repo/Creating Employer Account/Page_PERKESO - Users and Organizati/a_Password (Modified)' is clicked on

2018-12-14 10:57:16 - [MESSAGE][PASSED] - Object: 'Object Repository/Final Object Repo/Creating Employer Account/Page_PERKESO - Users and Organizati/a_Password (Modified)' is clicked on

2018-12-14 10:57:16 - [TEST_STEP][PASSED] - delay: Delayed 3 second(s)

2018-12-14 10:57:19 - [MESSAGE][PASSED] - Delayed 3 second(s)

2018-12-14 10:57:19 - [TEST_STEP][PASSED] - setEncryptedText: Text ****** has been set on object 'Object Repository/Final Object Repo/Creating Employer Account/Page_PERKESO - Users and Organizati/input__125_password1'

2018-12-14 10:57:19 - [MESSAGE][PASSED] - Text ****** has been set on object 'Object Repository/Final Object Repo/Creating Employer Account/Page_PERKESO - Users and Organizati/input__125_password1'

2018-12-14 10:57:19 - [TEST_STEP][PASSED] - delay: Delayed 3 second(s)

2018-12-14 10:57:22 - [MESSAGE][PASSED] - Delayed 3 second(s)

2018-12-14 10:57:22 - [TEST_STEP][PASSED] - setEncryptedText: Text ****** has been set on object 'Object Repository/Final Object Repo/Creating Employer Account/Page_PERKESO - Users and Organizati/input__125_password2'

2018-12-14 10:57:23 - [MESSAGE][PASSED] - Text ****** has been set on object 'Object Repository/Final Object Repo/Creating Employer Account/Page_PERKESO - Users and Organizati/input__125_password2'

2018-12-14 10:57:23 - [TEST_STEP][PASSED] - delay: Delayed 3 second(s)

2018-12-14 10:57:26 - [MESSAGE][PASSED] - Delayed 3 second(s)

2018-12-14 10:57:26 - [TEST_STEP][PASSED] - click: Object: 'Object Repository/Final Object Repo/Creating Employer Account/Page_PERKESO - Users and Organizati/Save' is clicked on

2018-12-14 10:57:28 - [MESSAGE][PASSED] - Object: 'Object Repository/Final Object Repo/Creating Employer Account/Page_PERKESO - Users and Organizati/Save' is clicked on

2018-12-14 10:57:28 - [MESSAGE][PASSED] - Call Test Case 'Test Cases/Final Aug 2018 - PKS Automation/Create Employer Acc/Template/Change Password of Employer' successfully

2018-12-14 10:57:28 - [TEST_STEP][PASSED] - delay: Delayed 1 second(s)

2018-12-14 10:57:29 - [MESSAGE][PASSED] - Delayed 1 second(s)

2018-12-14 10:57:29 - [TEST_STEP][PASSED] - navigateToUrl: Navigate to 'https://assist2-uat.perkeso.gov.my/c/portal/logout' successfully

2018-12-14 10:57:29 - [MESSAGE][PASSED] - Navigate to 'https://assist2-uat.perkeso.gov.my/c/portal/logout' successfully

2018-12-14 10:57:29 - [TEST_STEP][PASSED] - delay: Delayed 1 second(s)

2018-12-14 10:57:30 - [MESSAGE][PASSED] - Delayed 1 second(s)

2018-12-14 10:57:30 - [TEST_STEP][PASSED] - callTestCase: Call Test Case 'Test Cases/Final Aug 2018 - PKS Automation/Create Employer Acc/Template/Login to Employer Account (First Time)' successfully

2018-12-14 10:57:31 - [TEST_CASE][PASSED] - Test Cases/Final Aug 2018 - PKS Automation/Create Employer Acc/Template/Login to Employer Account (First Time): Test Cases/Final Aug 2018 - PKS Automation/Create Employer Acc/Template/Login to Employer Account (First Time)

2018-12-14 10:57:31 - [TEST_STEP][PASSED] - openBrowser: Browser is opened with url: ''

2018-12-14 10:57:31 - [MESSAGE][WARNING] - A browser is already opened. Closing browser and opening a new one

2018-12-14 10:57:34 - [MESSAGE][PASSED] - Browser is opened with url: ''

2018-12-14 10:57:34 - [TEST_STEP][PASSED] - navigateToUrl: Navigate to 'https://assist2-uat.perkeso.gov.my/employer/login' successfully

2018-12-14 10:57:35 - [MESSAGE][PASSED] - Navigate to 'https://assist2-uat.perkeso.gov.my/employer/login' successfully

2018-12-14 10:57:35 - [TEST_STEP][PASSED] - delay: Delayed 3 second(s)

2018-12-14 10:57:38 - [MESSAGE][PASSED] - Delayed 3 second(s)

2018-12-14 10:57:38 - [TEST_STEP][PASSED] - callTestCase: Call Test Case 'Test Cases/Final Aug 2018 - PKS Automation/Create Employer Acc/Template/Employer Email Getter' successfully

2018-12-14 10:57:38 - [TEST_CASE][PASSED] - Test Cases/Final Aug 2018 - PKS Automation/Create Employer Acc/Template/Employer Email Getter: Test Cases/Final Aug 2018 - PKS Automation/Create Employer Acc/Template/Employer Email Getter

2018-12-14 10:57:39 - [TEST_STEP][PASSED] - Statement - Try: null

2018-12-14 10:57:39 - [TEST_STEP][PASSED] - Statement - EmpEmail = new java.io.File(C://Users//Admin//Desktop//PKS//Automation Reference Point//EmpEmail.txt): null

2018-12-14 10:57:39 - [TEST_STEP][PASSED] - Statement - bufferread = new java.io.BufferedReader(new java.io.FileReader(EmpEmail)): null

2018-12-14 10:57:39 - [TEST_STEP][PASSED] - Statement - readedVal = bufferread.readLine(): null

2018-12-14 10:57:39 - [TEST_STEP][PASSED] - Statement - out.println(readedVal): null

2018-12-14 10:57:39 - [TEST_STEP][PASSED] - Statement - Email = readedVal: null

2018-12-14 10:57:39 - [MESSAGE][PASSED] - Call Test Case 'Test Cases/Final Aug 2018 - PKS Automation/Create Employer Acc/Template/Employer Email Getter' successfully

2018-12-14 10:57:39 - [TEST_STEP][PASSED] - setText: Text 'perkeso673407166794@gmail.com' is set on object 'Object Repository/Final Object Repo/Login Page/External Login Page/Email'

2018-12-14 10:57:39 - [MESSAGE][PASSED] - Text 'perkeso673407166794@gmail.com' is set on object 'Object Repository/Final Object Repo/Login Page/External Login Page/Email'

2018-12-14 10:57:39 - [TEST_STEP][PASSED] - click: Object: 'Object Repository/Final Object Repo/Login Page/External Login Page/Next' is clicked on

2018-12-14 10:57:39 - [MESSAGE][PASSED] - Object: 'Object Repository/Final Object Repo/Login Page/External Login Page/Next' is clicked on

2018-12-14 10:57:39 - [TEST_STEP][PASSED] - delay: Delayed 3 second(s)

2018-12-14 10:57:42 - [MESSAGE][PASSED] - Delayed 3 second(s)

2018-12-14 10:57:42 - [TEST_STEP][PASSED] - setEncryptedText: Text ****** has been set on object 'Object Repository/Final Object Repo/Login Page/External Login Page/Password'

2018-12-14 10:57:43 - [MESSAGE][PASSED] - Text ****** has been set on object 'Object Repository/Final Object Repo/Login Page/External Login Page/Password'

2018-12-14 10:57:43 - [TEST_STEP][PASSED] - click: Object: 'Object Repository/Final Object Repo/Login Page/External Login Page/Login' is clicked on

2018-12-14 10:57:43 - [MESSAGE][PASSED] - Object: 'Object Repository/Final Object Repo/Login Page/External Login Page/Login' is clicked on

2018-12-14 10:57:43 - [TEST_STEP][PASSED] - delay: Delayed 3 second(s)

2018-12-14 10:57:46 - [MESSAGE][PASSED] - Delayed 3 second(s)

2018-12-14 10:57:46 - [TEST_STEP][PASSED] - click: Object: 'Object Repository/Final Object Repo/Creating Employer Account/Page_Terms of Use - ASSIST/button_I Agree' is clicked on

2018-12-14 10:57:49 - [MESSAGE][PASSED] - Object: 'Object Repository/Final Object Repo/Creating Employer Account/Page_Terms of Use - ASSIST/button_I Agree' is clicked on

2018-12-14 10:57:49 - [TEST_STEP][PASSED] - delay: Delayed 2 second(s)

2018-12-14 10:57:51 - [MESSAGE][PASSED] - Delayed 2 second(s)

2018-12-14 10:57:51 - [TEST_STEP][PASSED] - setEncryptedText: Text ****** has been set on object 'Object Repository/Final Object Repo/Creating Employer Account/Page_New Password - ASSIST/input_password1'

2018-12-14 10:57:51 - [MESSAGE][PASSED] - Text ****** has been set on object 'Object Repository/Final Object Repo/Creating Employer Account/Page_New Password - ASSIST/input_password1'

2018-12-14 10:57:51 - [TEST_STEP][PASSED] - setEncryptedText: Text ****** has been set on object 'Object Repository/Final Object Repo/Creating Employer Account/Page_New Password - ASSIST/input_password2'

2018-12-14 10:57:52 - [MESSAGE][PASSED] - Text ****** has been set on object 'Object Repository/Final Object Repo/Creating Employer Account/Page_New Password - ASSIST/input_password2'

2018-12-14 10:57:52 - [TEST_STEP][PASSED] - delay: Delayed 2 second(s)

2018-12-14 10:57:54 - [MESSAGE][PASSED] - Delayed 2 second(s)

2018-12-14 10:57:54 - [TEST_STEP][PASSED] - click: Object: 'Object Repository/Final Object Repo/Creating Employer Account/Page_New Password - ASSIST/Save' is clicked on

2018-12-14 10:57:54 - [MESSAGE][PASSED] - Object: 'Object Repository/Final Object Repo/Creating Employer Account/Page_New Password - ASSIST/Save' is clicked on

2018-12-14 10:57:54 - [TEST_STEP][PASSED] - delay: Delayed 2 second(s)

2018-12-14 10:57:56 - [MESSAGE][PASSED] - Delayed 2 second(s)

2018-12-14 10:57:56 - [TEST_STEP][PASSED] - setText: Text 'test' is set on object 'Object Repository/Final Object Repo/Creating Employer Account/Page_Password Reminder - ASSIST/Reminder Query Answer'

2018-12-14 10:57:56 - [MESSAGE][PASSED] - Text 'test' is set on object 'Object Repository/Final Object Repo/Creating Employer Account/Page_Password Reminder - ASSIST/Reminder Query Answer'

2018-12-14 10:57:56 - [TEST_STEP][PASSED] - delay: Delayed 2 second(s)

2018-12-14 10:57:58 - [MESSAGE][PASSED] - Delayed 2 second(s)

2018-12-14 10:57:58 - [TEST_STEP][PASSED] - doubleClick: Object: 'Object Repository/Final Object Repo/Creating Employer Account/Page_Password Reminder - ASSIST/Save' is double clicked on

2018-12-14 10:57:58 - [MESSAGE][PASSED] - Object: 'Object Repository/Final Object Repo/Creating Employer Account/Page_Password Reminder - ASSIST/Save' is double clicked on

2018-12-14 10:57:58 - [MESSAGE][PASSED] - Call Test Case 'Test Cases/Final Aug 2018 - PKS Automation/Create Employer Acc/Template/Login to Employer Account (First Time)' successfully

2018-12-14 10:57:58 - [MESSAGE][PASSED] - Call Test Case 'Test Cases/Final Aug 2018 - PKS Automation/Create Employer Acc/Create Employer Account' successfully

2018-12-14 10:57:58 - [TEST_STEP][PASSED] - callTestCase: Call Test Case 'Test Cases/Final Aug 2018 - PKS Automation/Registration Module/Log Out/log out avoiding katalon tagging' successfully

2018-12-14 10:57:58 - [TEST_CASE][PASSED] - Test Cases/Final Aug 2018 - PKS Automation/Registration Module/Log Out/log out avoiding katalon tagging: Test Cases/Final Aug 2018 - PKS Automation/Registration Module/Log Out/log out avoiding katalon tagging

2018-12-14 10:57:58 - [TEST_STEP][PASSED] - navigateToUrl: Navigate to 'https://assist2-uat.perkeso.gov.my/c/portal/logout' successfully

2018-12-14 10:58:01 - [MESSAGE][PASSED] - Navigate to 'https://assist2-uat.perkeso.gov.my/c/portal/logout' successfully

2018-12-14 10:58:01 - [MESSAGE][PASSED] - Call Test Case 'Test Cases/Final Aug 2018 - PKS Automation/Registration Module/Log Out/log out avoiding katalon tagging' successfully

2018-12-14 10:58:01 - [TEST_STEP][PASSED] - callTestCase: Call Test Case 'Test Cases/Final Aug 2018 - PKS Automation/Create Employer Acc/Login to Employer Account (Second time)' successfully

2018-12-14 10:58:01 - [TEST_CASE][PASSED] - Test Cases/Final Aug 2018 - PKS Automation/Create Employer Acc/Login to Employer Account (Second time): Test Cases/Final Aug 2018 - PKS Automation/Create Employer Acc/Login to Employer Account (Second time)

2018-12-14 10:58:02 - [TEST_STEP][PASSED] - openBrowser: Browser is opened with url: ''

2018-12-14 10:58:02 - [MESSAGE][WARNING] - A browser is already opened. Closing browser and opening a new one

2018-12-14 10:58:06 - [MESSAGE][PASSED] - Browser is opened with url: ''

2018-12-14 10:58:06 - [TEST_STEP][PASSED] - navigateToUrl: Navigate to 'https://assist2-uat.perkeso.gov.my/employer/login' successfully

2018-12-14 10:58:07 - [MESSAGE][PASSED] - Navigate to 'https://assist2-uat.perkeso.gov.my/employer/login' successfully

2018-12-14 10:58:07 - [TEST_STEP][PASSED] - delay: Delayed 3 second(s)

2018-12-14 10:58:10 - [MESSAGE][PASSED] - Delayed 3 second(s)

2018-12-14 10:58:10 - [TEST_STEP][PASSED] - callTestCase: Call Test Case 'Test Cases/Final Aug 2018 - PKS Automation/Create Employer Acc/Template/Employer Email Getter' successfully

2018-12-14 10:58:10 - [TEST_CASE][PASSED] - Test Cases/Final Aug 2018 - PKS Automation/Create Employer Acc/Template/Employer Email Getter: Test Cases/Final Aug 2018 - PKS Automation/Create Employer Acc/Template/Employer Email Getter

2018-12-14 10:58:10 - [TEST_STEP][PASSED] - Statement - Try: null

2018-12-14 10:58:10 - [TEST_STEP][PASSED] - Statement - EmpEmail = new java.io.File(C://Users//Admin//Desktop//PKS//Automation Reference Point//EmpEmail.txt): null

2018-12-14 10:58:10 - [TEST_STEP][PASSED] - Statement - bufferread = new java.io.BufferedReader(new java.io.FileReader(EmpEmail)): null

2018-12-14 10:58:10 - [TEST_STEP][PASSED] - Statement - readedVal = bufferread.readLine(): null

2018-12-14 10:58:10 - [TEST_STEP][PASSED] - Statement - out.println(readedVal): null

2018-12-14 10:58:10 - [TEST_STEP][PASSED] - Statement - Email = readedVal: null

2018-12-14 10:58:10 - [MESSAGE][PASSED] - Call Test Case 'Test Cases/Final Aug 2018 - PKS Automation/Create Employer Acc/Template/Employer Email Getter' successfully

2018-12-14 10:58:10 - [TEST_STEP][PASSED] - setText: Text 'perkeso673407166794@gmail.com' is set on object 'Object Repository/Final Object Repo/Login Page/External Login Page/Email'

2018-12-14 10:58:10 - [MESSAGE][PASSED] - Text 'perkeso673407166794@gmail.com' is set on object 'Object Repository/Final Object Repo/Login Page/External Login Page/Email'

2018-12-14 10:58:10 - [TEST_STEP][PASSED] - click: Object: 'Object Repository/Final Object Repo/Login Page/External Login Page/Next' is clicked on

2018-12-14 10:58:11 - [MESSAGE][PASSED] - Object: 'Object Repository/Final Object Repo/Login Page/External Login Page/Next' is clicked on

2018-12-14 10:58:11 - [TEST_STEP][PASSED] - delay: Delayed 3 second(s)

2018-12-14 10:58:14 - [MESSAGE][PASSED] - Delayed 3 second(s)

2018-12-14 10:58:14 - [TEST_STEP][PASSED] - setEncryptedText: Text ****** has been set on object 'Object Repository/Final Object Repo/Login Page/External Login Page/Password'

2018-12-14 10:58:14 - [MESSAGE][PASSED] - Text ****** has been set on object 'Object Repository/Final Object Repo/Login Page/External Login Page/Password'

2018-12-14 10:58:14 - [TEST_STEP][PASSED] - click: Object: 'Object Repository/Final Object Repo/Login Page/External Login Page/Login' is clicked on

2018-12-14 10:58:14 - [MESSAGE][PASSED] - Object: 'Object Repository/Final Object Repo/Login Page/External Login Page/Login' is clicked on

2018-12-14 10:58:14 - [TEST_STEP][PASSED] - delay: Delayed 5 second(s)

2018-12-14 10:58:19 - [MESSAGE][PASSED] - Delayed 5 second(s)

2018-12-14 10:58:19 - [MESSAGE][PASSED] - Call Test Case 'Test Cases/Final Aug 2018 - PKS Automation/Create Employer Acc/Login to Employer Account (Second time)' successfully

2018-12-14 10:58:19 - [TEST_STEP][PASSED] - delay: Delayed 4 second(s)

2018-12-14 10:58:23 - [MESSAGE][PASSED] - Delayed 4 second(s)

2018-12-14 10:58:23 - [TEST_STEP][PASSED] - Statement - Try: Delayed 2 second(s)

2018-12-14 10:58:23 - [TEST_STEP][PASSED] - Statement - Checker = false: null

2018-12-14 10:58:23 - [TEST_STEP][PASSED] - Statement - Checker = com.kms.katalon.core.webui.keyword.WebUiBuiltInKeywords.verifyElementHasAttribute(com.kms.katalon.core.testobject.ObjectRepository.findTestObject(Final Object Repo/Landing Page/BM Detecting), "href", 20, OPTIONAL): Object 'Object Repository/Final Object Repo/Landing Page/BM Detecting' has attribute 'href'

2018-12-14 10:58:23 - [MESSAGE][PASSED] - Object 'Object Repository/Final Object Repo/Landing Page/BM Detecting' has attribute 'href'

2018-12-14 10:58:23 - [TEST_STEP][PASSED] - Statement - out.println(Checker): null

2018-12-14 10:58:23 - [TEST_STEP][PASSED] - Statement - If (Checker == false): null

2018-12-14 10:58:23 - [TEST_STEP][PASSED] - Statement - Else: null

2018-12-14 10:58:23 - [TEST_STEP][PASSED] - delay: Delayed 2 second(s)

2018-12-14 10:58:25 - [MESSAGE][PASSED] - Delayed 2 second(s)

2018-12-14 10:58:25 - [TEST_STEP][PASSED] - delay: Delayed 4 second(s)

2018-12-14 10:58:29 - [MESSAGE][PASSED] - Delayed 4 second(s)

2018-12-14 10:58:29 - [TEST_STEP][PASSED] - click: Object: 'Object Repository/Final Object Repo/Landing Page/My Sites Drop Down' is clicked on

2018-12-14 10:58:29 - [MESSAGE][PASSED] - Object: 'Object Repository/Final Object Repo/Landing Page/My Sites Drop Down' is clicked on

2018-12-14 10:58:29 - [TEST_STEP][PASSED] - click: Object: 'Object Repository/Final Object Repo/Landing Page/Select to Registration Module' is clicked on

2018-12-14 10:58:32 - [MESSAGE][PASSED] - Object: 'Object Repository/Final Object Repo/Landing Page/Select to Registration Module' is clicked on

2018-12-14 10:58:32 - [TEST_STEP][PASSED] - click: Object: 'Object Repository/Final Object Repo/Landing Page/Registration Button' is clicked on

2018-12-14 10:58:34 - [MESSAGE][PASSED] - Object: 'Object Repository/Final Object Repo/Landing Page/Registration Button' is clicked on

2018-12-14 10:58:34 - [TEST_STEP][PASSED] - delay: Delayed 2 second(s)

2018-12-14 10:58:36 - [MESSAGE][PASSED] - Delayed 2 second(s)

2018-12-14 10:58:36 - [TEST_STEP][PASSED] - click: Object: 'Object Repository/Final Object Repo/New Registration - Registration Module Pages/New Reg - OTC to RO/Special Case - OTC - Form 1/AEC NO' is clicked on

2018-12-14 10:58:36 - [MESSAGE][PASSED] - Object: 'Object Repository/Final Object Repo/New Registration - Registration Module Pages/New Reg - OTC to RO/Special Case - OTC - Form 1/AEC NO' is clicked on

2018-12-14 10:58:36 - [TEST_STEP][PASSED] - click: Object: 'Object Repository/Final Object Repo/New Registration - Registration Module Pages/New Reg - OTC to RO/Special Case - OTC - Form 1/Business Entity - Please Select' is clicked on

2018-12-14 10:58:36 - [MESSAGE][PASSED] - Object: 'Object Repository/Final Object Repo/New Registration - Registration Module Pages/New Reg - OTC to RO/Special Case - OTC - Form 1/Business Entity - Please Select' is clicked on

2018-12-14 10:58:36 - [TEST_STEP][PASSED] - click: Object: 'Object Repository/Final Object Repo/New Registration - Registration Module Pages/New Reg - OTC to RO/Special Case - OTC - Form 1/Selected - Corporation' is clicked on

2018-12-14 10:58:36 - [MESSAGE][PASSED] - Object: 'Object Repository/Final Object Repo/New Registration - Registration Module Pages/New Reg - OTC to RO/Special Case - OTC - Form 1/Selected - Corporation' is clicked on

2018-12-14 10:58:36 - [TEST_STEP][PASSED] - delay: Delayed 2 second(s)

2018-12-14 10:58:38 - [MESSAGE][PASSED] - Delayed 2 second(s)

2018-12-14 10:58:38 - [TEST_STEP][PASSED] - click: Object: 'Object Repository/Final Object Repo/New Registration - Registration Module Pages/New Reg - OTC to RO/Special Case - OTC - Form 1/Sub Business Entity - Please Select' is clicked on

2018-12-14 10:58:38 - [MESSAGE][PASSED] - Object: 'Object Repository/Final Object Repo/New Registration - Registration Module Pages/New Reg - OTC to RO/Special Case - OTC - Form 1/Sub Business Entity - Please Select' is clicked on

2018-12-14 10:58:38 - [TEST_STEP][PASSED] - delay: Delayed 2 second(s)

2018-12-14 10:58:40 - [MESSAGE][PASSED] - Delayed 2 second(s)

2018-12-14 10:58:40 - [TEST_STEP][PASSED] - click: Object: 'Object Repository/Final Object Repo/New Registration - Registration Module Pages/New Reg - OTC to RO/Special Case - OTC - Form 1/Selected - Sendirian Berhad' is clicked on

2018-12-14 10:58:41 - [MESSAGE][PASSED] - Object: 'Object Repository/Final Object Repo/New Registration - Registration Module Pages/New Reg - OTC to RO/Special Case - OTC - Form 1/Selected - Sendirian Berhad' is clicked on

2018-12-14 10:58:41 - [TEST_STEP][PASSED] - setText: Text 'AUTOMATE001' is set on object 'Object Repository/Final Object Repo/New Registration - Registration Module Pages/New Reg - OTC to RO/Special Case - OTC - Form 1/Input BRN Number'

2018-12-14 10:58:41 - [MESSAGE][PASSED] - Text 'AUTOMATE001' is set on object 'Object Repository/Final Object Repo/New Registration - Registration Module Pages/New Reg - OTC to RO/Special Case - OTC - Form 1/Input BRN Number'

2018-12-14 10:58:41 - [TEST_STEP][PASSED] - delay: Delayed 2 second(s)

2018-12-14 10:58:43 - [MESSAGE][PASSED] - Delayed 2 second(s)

2018-12-14 10:58:43 - [TEST_STEP][PASSED] - click: Object: 'Object Repository/Final Object Repo/New Registration - Registration Module Pages/New Reg - OTC to RO/Special Case - OTC - Form 1/BRN Search' is clicked on

2018-12-14 10:58:43 - [MESSAGE][PASSED] - Object: 'Object Repository/Final Object Repo/New Registration - Registration Module Pages/New Reg - OTC to RO/Special Case - OTC - Form 1/BRN Search' is clicked on

2018-12-14 10:58:43 - [TEST_STEP][PASSED] - delay: Delayed 4 second(s)

2018-12-14 10:58:47 - [MESSAGE][PASSED] - Delayed 4 second(s)

2018-12-14 10:58:47 - [TEST_STEP][PASSED] - click: Object: 'Object Repository/Final Object Repo/New Registration - Registration Module Pages/New Reg - OTC to RO/Special Case - OTC - Form 1/Registered with SSM - After Feb 2017' is clicked on

2018-12-14 10:58:47 - [MESSAGE][PASSED] - Object: 'Object Repository/Final Object Repo/New Registration - Registration Module Pages/New Reg - OTC to RO/Special Case - OTC - Form 1/Registered with SSM - After Feb 2017' is clicked on

2018-12-14 10:58:47 - [TEST_STEP][PASSED] - delay: Delayed 2 second(s)

2018-12-14 10:58:49 - [MESSAGE][PASSED] - Delayed 2 second(s)

2018-12-14 10:58:49 - [TEST_STEP][PASSED] - click: Object: 'Object Repository/Final Object Repo/New Registration - Registration Module Pages/Form 1/Registered As a Branch - Yes' is clicked on

2018-12-14 10:58:50 - [MESSAGE][PASSED] - Object: 'Object Repository/Final Object Repo/New Registration - Registration Module Pages/Form 1/Registered As a Branch - Yes' is clicked on

2018-12-14 10:58:50 - [TEST_STEP][PASSED] - click: Object: 'Object Repository/Final Object Repo/New Registration - Registration Module Pages/New Reg - OTC to RO/Special Case - OTC - Form 1/Acknowledgement Ticked' is clicked on

2018-12-14 10:58:50 - [MESSAGE][PASSED] - Object: 'Object Repository/Final Object Repo/New Registration - Registration Module Pages/New Reg - OTC to RO/Special Case - OTC - Form 1/Acknowledgement Ticked' is clicked on

2018-12-14 10:58:50 - [TEST_STEP][PASSED] - setText: Text 'perkeso673407166794@gmail.com' is set on object 'Object Repository/Final Object Repo/New Registration - Registration Module Pages/Form 1/Email'

2018-12-14 10:58:51 - [MESSAGE][PASSED] - Text 'perkeso673407166794@gmail.com' is set on object 'Object Repository/Final Object Repo/New Registration - Registration Module Pages/Form 1/Email'

2018-12-14 10:58:51 - [TEST_STEP][PASSED] - click: Object: 'Object Repository/Final Object Repo/New Registration - Registration Module Pages/New Reg - OTC to RO/Special Case - OTC - Form 1/Submit Button' is clicked on

2018-12-14 10:58:51 - [MESSAGE][PASSED] - Object: 'Object Repository/Final Object Repo/New Registration - Registration Module Pages/New Reg - OTC to RO/Special Case - OTC - Form 1/Submit Button' is clicked on

2018-12-14 10:58:51 - [TEST_STEP][PASSED] - callTestCase: Call Test Case 'Test Cases/Final Aug 2018 - PKS Automation/Registration Module/New Registration/Form 2/Add 1 Eligible - Employer Account Use' successfully

2018-12-14 10:58:51 - [TEST_CASE][PASSED] - Test Cases/Final Aug 2018 - PKS Automation/Registration Module/New Registration/Form 2/Add 1 Eligible - Employer Account Use: Test Cases/Final Aug 2018 - PKS Automation/Registration Module/New Registration/Form 2/Add 1 Eligible - Employer Account Use

2018-12-14 10:58:51 - [TEST_STEP][PASSED] - delay: Delayed 2 second(s)

2018-12-14 10:58:53 - [MESSAGE][PASSED] - Delayed 2 second(s)

2018-12-14 10:58:53 - [TEST_STEP][PASSED] - callTestCase: Call Test Case 'Test Cases/Final Aug 2018 - PKS Automation/Registration Module/New Registration/Form 2/Date Updater' successfully

2018-12-14 10:58:53 - [TEST_CASE][PASSED] - Test Cases/Final Aug 2018 - PKS Automation/Registration Module/New Registration/Form 2/Date Updater: Test Cases/Final Aug 2018 - PKS Automation/Registration Module/New Registration/Form 2/Date Updater

2018-12-14 10:58:54 - [TEST_STEP][PASSED] - Statement - TodayDate = new java.util.Date(): null

2018-12-14 10:58:54 - [TEST_STEP][PASSED] - Statement - CurrentDateNoFilter = new java.text.SimpleDateFormat(): null

2018-12-14 10:58:54 - [TEST_STEP][PASSED] - Statement - CurrentDateNoFilter.applyPattern("MM"): null

2018-12-14 10:58:54 - [TEST_STEP][PASSED] - Statement - monthContainerMatcher = java.lang.Integer.parseInt(CurrentDateNoFilter.format(TodayDate)): null

2018-12-14 10:58:54 - [TEST_STEP][PASSED] - Statement - monthContainerMatcher = monthContainerMatcher - 1: null

2018-12-14 10:58:54 - [TEST_STEP][PASSED] - Statement - CurrentMonth = monthContainerMatcher.toString(): null

2018-12-14 10:58:54 - [TEST_STEP][PASSED] - Statement - CurrentMonth = CurrentMonth: null

2018-12-14 10:58:54 - [TEST_STEP][PASSED] - Statement - CurrentDateNoFilter.applyPattern("yyyy"): null

2018-12-14 10:58:54 - [TEST_STEP][PASSED] - Statement - CurrentYear = CurrentDateNoFilter.format(TodayDate): null

2018-12-14 10:58:54 - [TEST_STEP][PASSED] - Statement - CurrentYear = CurrentYear: null

2018-12-14 10:58:54 - [TEST_STEP][PASSED] - Statement - intCurrentYear = java.lang.Integer.parseInt(CurrentDateNoFilter.format(TodayDate)): null

2018-12-14 10:58:54 - [TEST_STEP][PASSED] - Statement - eighteenYrsAgo = intCurrentYear - 18: null

2018-12-14 10:58:54 - [TEST_STEP][PASSED] - Statement - eighteenYrsBeforeThisYr = eighteenYrsAgo.toString(): null

2018-12-14 10:58:54 - [TEST_STEP][PASSED] - Statement - EighteenYrsBefore = eighteenYrsBeforeThisYr: null

2018-12-14 10:58:54 - [TEST_STEP][PASSED] - Statement - fiftysevenYrsAgo = intCurrentYear - 57: null

2018-12-14 10:58:54 - [TEST_STEP][PASSED] - Statement - fiftysevenYrsBeforeThisYr = fiftysevenYrsAgo.toString(): null

2018-12-14 10:58:54 - [TEST_STEP][PASSED] - Statement - FiftysevenYrsBefore = fiftysevenYrsBeforeThisYr: null

2018-12-14 10:58:54 - [TEST_STEP][PASSED] - Statement - leapYear = false: null

2018-12-14 10:58:54 - [TEST_STEP][PASSED] - Statement - leapYear = intCurrentYear % 4 == 0: null

2018-12-14 10:58:54 - [TEST_STEP][PASSED] - Statement - CurrentDateNoFilter.applyPattern("dd"): null

2018-12-14 10:58:54 - [TEST_STEP][PASSED] - Statement - CurrentDate = CurrentDateNoFilter.format(TodayDate): null

2018-12-14 10:58:54 - [TEST_STEP][PASSED] - Statement - CurrentDate = java.lang.Integer.parseInt(CurrentDate): null

2018-12-14 10:58:54 - [TEST_STEP][PASSED] - Statement - CurrentDate = CurrentDate: null

2018-12-14 10:58:54 - [TEST_STEP][PASSED] - Statement - CurrentDay = java.lang.Integer.parseInt(CurrentDate): null

2018-12-14 10:58:54 - [TEST_STEP][PASSED] - Statement - ConfAdder = <not implemented yet for class: org.codehaus.groovy.ast.expr.EmptyExpression>: null

2018-12-14 10:58:54 - [TEST_STEP][PASSED] - Statement - out.println(CurrentMonth): null

2018-12-14 10:58:54 - [TEST_STEP][PASSED] - Statement - out.println(CurrentDate): null

2018-12-14 10:58:54 - [TEST_STEP][PASSED] - Statement - switch (CurrentDate): null

2018-12-14 10:58:54 - [TEST_STEP][PASSED] - Statement - Default: null

2018-12-14 10:58:54 - [TEST_STEP][PASSED] - Statement - ConfAdder = true: null

2018-12-14 10:58:54 - [TEST_STEP][PASSED] - Statement - Break: null

2018-12-14 10:58:54 - [TEST_STEP][PASSED] - Statement - aDayBefore = <not implemented yet for class: org.codehaus.groovy.ast.expr.EmptyExpression>: null

2018-12-14 10:58:54 - [TEST_STEP][PASSED] - Statement - out.println(ConfAdder): null

2018-12-14 10:58:54 - [TEST_STEP][PASSED] - Statement - If (ConfAdder == true): null

2018-12-14 10:58:54 - [TEST_STEP][PASSED] - Statement - aDayBefore = CurrentDay + 1: null

2018-12-14 10:58:54 - [TEST_STEP][PASSED] - Statement - out.println(aDayBefore): null

2018-12-14 10:58:54 - [TEST_STEP][PASSED] - Statement - If (aDayBefore == 1 && CurrentMonth == 11): null

2018-12-14 10:58:54 - [TEST_STEP][PASSED] - Statement - DayBefore = aDayBefore.toString(): null

2018-12-14 10:58:54 - [TEST_STEP][PASSED] - Statement - OneDayBefore = DayBefore: null

2018-12-14 10:58:54 - [MESSAGE][PASSED] - Call Test Case 'Test Cases/Final Aug 2018 - PKS Automation/Registration Module/New Registration/Form 2/Date Updater' successfully

2018-12-14 10:58:54 - [TEST_STEP][PASSED] - delay: Delayed 1 second(s)

2018-12-14 10:58:55 - [MESSAGE][PASSED] - Delayed 1 second(s)

2018-12-14 10:58:55 - [TEST_STEP][PASSED] - Statement - CaseReferenceNo = com.kms.katalon.core.webui.keyword.WebUiBuiltInKeywords.getText(com.kms.katalon.core.testobject.ObjectRepository.findTestObject(Final Object Repo/New Registration - Registration Module Pages/Form 2/RefNo Acquiring)): Text of object 'Object Repository/Final Object Repo/New Registration - Registration Module Pages/Form 2/RefNo Acquiring' is: 'CRN12201800123334'

2018-12-14 10:58:55 - [MESSAGE][PASSED] - Text of object 'Object Repository/Final Object Repo/New Registration - Registration Module Pages/Form 2/RefNo Acquiring' is: 'CRN12201800123334'

2018-12-14 10:58:55 - [TEST_STEP][PASSED] - delay: Delayed 1 second(s)

2018-12-14 10:58:56 - [MESSAGE][PASSED] - Delayed 1 second(s)

2018-12-14 10:58:56 - [TEST_STEP][PASSED] - click: Object: 'Object Repository/Final Object Repo/New Registration - Registration Module Pages/Form 2/Add Employee Button' is clicked on

2018-12-14 10:58:56 - [MESSAGE][PASSED] - Object: 'Object Repository/Final Object Repo/New Registration - Registration Module Pages/Form 2/Add Employee Button' is clicked on

2018-12-14 10:58:56 - [TEST_STEP][PASSED] - delay: Delayed 1 second(s)

2018-12-14 10:58:57 - [MESSAGE][PASSED] - Delayed 1 second(s)

2018-12-14 10:58:57 - [TEST_STEP][PASSED] - setText: Text '010903091948' is set on object 'Object Repository/Final Object Repo/New Registration - Registration Module Pages/Form 2/NRIC Input'

2018-12-14 10:58:58 - [MESSAGE][PASSED] - Text '010903091948' is set on object 'Object Repository/Final Object Repo/New Registration - Registration Module Pages/Form 2/NRIC Input'

2018-12-14 10:58:58 - [TEST_STEP][PASSED] - delay: Delayed 2 second(s)

2018-12-14 10:59:00 - [MESSAGE][PASSED] - Delayed 2 second(s)

2018-12-14 10:59:00 - [TEST_STEP][PASSED] - setText: Text 'Automate001 eligible 1' is set on object 'Object Repository/Final Object Repo/New Registration - Registration Module Pages/Form 2/Employee Name Input'

2018-12-14 10:59:01 - [MESSAGE][PASSED] - Text 'Automate001 eligible 1' is set on object 'Object Repository/Final Object Repo/New Registration - Registration Module Pages/Form 2/Employee Name Input'

2018-12-14 10:59:01 - [TEST_STEP][PASSED] - delay: Delayed 2 second(s)

2018-12-14 10:59:03 - [MESSAGE][PASSED] - Delayed 2 second(s)

2018-12-14 10:59:03 - [TEST_STEP][PASSED] - click: Object: 'Object Repository/Final Object Repo/New Registration - Registration Module Pages/Form 2/DatePicker Pop Up' is clicked on

2018-12-14 10:59:03 - [MESSAGE][PASSED] - Object: 'Object Repository/Final Object Repo/New Registration - Registration Module Pages/Form 2/DatePicker Pop Up' is clicked on

2018-12-14 10:59:03 - [TEST_STEP][PASSED] - click: Object: 'Object Repository/Final Object Repo/New Registration - Registration Module Pages/Form 2/DOB Month' is clicked on

2018-12-14 10:59:03 - [MESSAGE][PASSED] - Object: 'Object Repository/Final Object Repo/New Registration - Registration Module Pages/Form 2/DOB Month' is clicked on

2018-12-14 10:59:03 - [TEST_STEP][PASSED] - Statement - CurrentMonth = CurrentMonth: null

2018-12-14 10:59:03 - [TEST_STEP][PASSED] - Statement - selectMonth = new com.kms.katalon.core.testobject.TestObject(): null

2018-12-14 10:59:04 - [TEST_STEP][PASSED] - Statement - selectMonth.addProperty("xpath", EQUALS, "//body/div/div/div/select/option[@value='" + CurrentMonth + "']", true): null

2018-12-14 10:59:04 - [TEST_STEP][PASSED] - click: Object: '' is clicked on

2018-12-14 10:59:04 - [MESSAGE][PASSED] - Object: '' is clicked on

2018-12-14 10:59:04 - [TEST_STEP][PASSED] - click: Object: 'Object Repository/Final Object Repo/New Registration - Registration Module Pages/Form 2/DOB Year' is clicked on

2018-12-14 10:59:04 - [MESSAGE][PASSED] - Object: 'Object Repository/Final Object Repo/New Registration - Registration Module Pages/Form 2/DOB Year' is clicked on

2018-12-14 10:59:04 - [TEST_STEP][PASSED] - Statement - Eyearsbf = EighteenYrsBefore: null

2018-12-14 10:59:04 - [TEST_STEP][PASSED] - Statement - selectYear = new com.kms.katalon.core.testobject.TestObject(): null

2018-12-14 10:59:04 - [TEST_STEP][PASSED] - Statement - selectYear.addProperty("xpath", EQUALS, "//div/div/div/select/option[@value='" + Eyearsbf + "']", true): null

2018-12-14 10:59:04 - [TEST_STEP][PASSED] - click: Object: '' is clicked on

2018-12-14 10:59:04 - [MESSAGE][PASSED] - Object: '' is clicked on

2018-12-14 10:59:04 - [TEST_STEP][PASSED] - Statement - UpdatedSelectDate = com.kms.katalon.core.webui.keyword.WebUiBuiltInKeywords.modifyObjectProperty(com.kms.katalon.core.testobject.ObjectRepository.findTestObject(Final Object Repo/New Registration - Registration Module Pages/Form 2/DOB Date), "xpath", "equals", "//body/div/table/tbody/tr/td/a[text()="" + CurrentDate + ""]", true): Modify property of object successfully

2018-12-14 10:59:04 - [MESSAGE][PASSED] - Modify property of object successfully

2018-12-14 10:59:04 - [TEST_STEP][PASSED] - delay: Delayed 3 second(s)

2018-12-14 10:59:07 - [MESSAGE][PASSED] - Delayed 3 second(s)

2018-12-14 10:59:07 - [TEST_STEP][PASSED] - click: Object: 'Object Repository/Final Object Repo/New Registration - Registration Module Pages/Form 2/DOB Date' is clicked on

2018-12-14 10:59:07 - [MESSAGE][PASSED] - Object: 'Object Repository/Final Object Repo/New Registration - Registration Module Pages/Form 2/DOB Date' is clicked on

2018-12-14 10:59:07 - [TEST_STEP][PASSED] - delay: Delayed 2 second(s)

2018-12-14 10:59:09 - [MESSAGE][PASSED] - Delayed 2 second(s)

2018-12-14 10:59:09 - [TEST_STEP][PASSED] - click: Object: 'Object Repository/Final Object Repo/New Registration - Registration Module Pages/Form 2/EmploymentStartDate Pop Up' is clicked on

2018-12-14 10:59:09 - [MESSAGE][PASSED] - Object: 'Object Repository/Final Object Repo/New Registration - Registration Module Pages/Form 2/EmploymentStartDate Pop Up' is clicked on

2018-12-14 10:59:09 - [TEST_STEP][PASSED] - delay: Delayed 2 second(s)

2018-12-14 10:59:11 - [MESSAGE][PASSED] - Delayed 2 second(s)

2018-12-14 10:59:11 - [TEST_STEP][PASSED] - click: Object: 'Object Repository/Final Object Repo/New Registration - Registration Module Pages/Form 2/Socso Employment StartDate Month' is clicked on

2018-12-14 10:59:12 - [MESSAGE][PASSED] - Object: 'Object Repository/Final Object Repo/New Registration - Registration Module Pages/Form 2/Socso Employment StartDate Month' is clicked on

2018-12-14 10:59:12 - [TEST_STEP][PASSED] - delay: Delayed 1 second(s)

2018-12-14 10:59:13 - [MESSAGE][PASSED] - Delayed 1 second(s)

2018-12-14 10:59:13 - [TEST_STEP][PASSED] - click: Object: 'Object Repository/Final Object Repo/New Registration - Registration Module Pages/Form 2/Select Socso Employement Startdate Month' is clicked on

2018-12-14 10:59:13 - [MESSAGE][PASSED] - Object: 'Object Repository/Final Object Repo/New Registration - Registration Module Pages/Form 2/Select Socso Employement Startdate Month' is clicked on

2018-12-14 10:59:13 - [TEST_STEP][PASSED] - delay: Delayed 2 second(s)

2018-12-14 10:59:15 - [MESSAGE][PASSED] - Delayed 2 second(s)

2018-12-14 10:59:15 - [TEST_STEP][PASSED] - click: Object: 'Object Repository/Final Object Repo/New Registration - Registration Module Pages/Form 2/Socso Employment StartDate Year' is clicked on

2018-12-14 10:59:15 - [MESSAGE][PASSED] - Object: 'Object Repository/Final Object Repo/New Registration - Registration Module Pages/Form 2/Socso Employment StartDate Year' is clicked on

2018-12-14 10:59:15 - [TEST_STEP][PASSED] - delay: Delayed 1 second(s)

2018-12-14 10:59:16 - [MESSAGE][PASSED] - Delayed 1 second(s)

2018-12-14 10:59:16 - [TEST_STEP][PASSED] - click: Object: 'Object Repository/Final Object Repo/New Registration - Registration Module Pages/Form 2/Select Socso Employment Startdate Year' is clicked on

2018-12-14 10:59:16 - [MESSAGE][PASSED] - Object: 'Object Repository/Final Object Repo/New Registration - Registration Module Pages/Form 2/Select Socso Employment Startdate Year' is clicked on

2018-12-14 10:59:16 - [TEST_STEP][PASSED] - delay: Delayed 2 second(s)

2018-12-14 10:59:18 - [MESSAGE][PASSED] - Delayed 2 second(s)

2018-12-14 10:59:18 - [TEST_STEP][PASSED] - click: Object: 'Object Repository/Final Object Repo/New Registration - Registration Module Pages/Form 2/Socso Employment Start Date Day' is clicked on

2018-12-14 10:59:18 - [MESSAGE][PASSED] - Object: 'Object Repository/Final Object Repo/New Registration - Registration Module Pages/Form 2/Socso Employment Start Date Day' is clicked on

2018-12-14 10:59:18 - [TEST_STEP][PASSED] - delay: Delayed 2 second(s)

2018-12-14 10:59:20 - [MESSAGE][PASSED] - Delayed 2 second(s)

2018-12-14 10:59:20 - [TEST_STEP][PASSED] - click: Object: 'Object Repository/Final Object Repo/New Registration - Registration Module Pages/Form 2/Save Button for Add Employee' is clicked on

2018-12-14 10:59:20 - [MESSAGE][PASSED] - Object: 'Object Repository/Final Object Repo/New Registration - Registration Module Pages/Form 2/Save Button for Add Employee' is clicked on

2018-12-14 10:59:20 - [TEST_STEP][PASSED] - delay: Delayed 6 second(s)

2018-12-14 10:59:26 - [MESSAGE][PASSED] - Delayed 6 second(s)

2018-12-14 10:59:26 - [TEST_STEP][PASSED] - click: Object: 'Object Repository/Final Object Repo/New Registration - Registration Module Pages/Form 2/Save and Continue Form 2' is clicked on

2018-12-14 10:59:27 - [MESSAGE][PASSED] - Object: 'Object Repository/Final Object Repo/New Registration - Registration Module Pages/Form 2/Save and Continue Form 2' is clicked on

2018-12-14 10:59:27 - [MESSAGE][PASSED] - Call Test Case 'Test Cases/Final Aug 2018 - PKS Automation/Registration Module/New Registration/Form 2/Add 1 Eligible - Employer Account Use' successfully

2018-12-14 10:59:27 - [TEST_STEP][PASSED] - callTestCase: Call Test Case 'Test Cases/Final Aug 2018 - PKS Automation/Registration Module/New Registration/Flow of New Registration/Third Screen - Upload Supporting Doc - Preview' successfully

2018-12-14 10:59:27 - [TEST_CASE][PASSED] - Test Cases/Final Aug 2018 - PKS Automation/Registration Module/New Registration/Flow of New Registration/Third Screen - Upload Supporting Doc - Preview: Test Cases/Final Aug 2018 - PKS Automation/Registration Module/New Registration/Flow of New Registration/Third Screen - Upload Supporting Doc - Preview

2018-12-14 10:59:27 - [TEST_STEP][PASSED] - waitForPageLoad: Wait for page load successfully

2018-12-14 10:59:29 - [MESSAGE][PASSED] - Wait for page load successfully

2018-12-14 10:59:29 - [TEST_STEP][PASSED] - Statement - CaseReferenceNo = com.kms.katalon.core.webui.keyword.WebUiBuiltInKeywords.getText(com.kms.katalon.core.testobject.ObjectRepository.findTestObject(Final Object Repo/New Registration - Registration Module Pages/Third Screen - Upload Supporting Doc- Preview/RefNo Acquiring)): Text of object 'Object Repository/Final Object Repo/New Registration - Registration Module Pages/Third Screen - Upload Supporting Doc- Preview/RefNo Acquiring' is: 'CRN12201800123334'

2018-12-14 10:59:29 - [MESSAGE][PASSED] - Text of object 'Object Repository/Final Object Repo/New Registration - Registration Module Pages/Third Screen - Upload Supporting Doc- Preview/RefNo Acquiring' is: 'CRN12201800123334'

2018-12-14 10:59:29 - [TEST_STEP][PASSED] - delay: Delayed 2 second(s)

2018-12-14 10:59:31 - [MESSAGE][PASSED] - Delayed 2 second(s)

2018-12-14 10:59:31 - [TEST_STEP][PASSED] - callTestCase: Call Test Case 'Test Cases/Final Aug 2018 - PKS Automation/Common/Reference Number Setter' successfully

2018-12-14 10:59:31 - [TEST_CASE][PASSED] - Test Cases/Final Aug 2018 - PKS Automation/Common/Reference Number Setter: Test Cases/Final Aug 2018 - PKS Automation/Common/Reference Number Setter

2018-12-14 10:59:31 - [TEST_STEP][PASSED] - Statement - RefNoOldFile = new java.io.File(C://Users//Admin//Desktop//PKS//Automation Reference Point//KatalonReference.txt): null

2018-12-14 10:59:31 - [TEST_STEP][PASSED] - Statement - RefNoOldFile.delete(): null

2018-12-14 10:59:31 - [TEST_STEP][PASSED] - delay: Delayed 5 second(s)

2018-12-14 10:59:36 - [MESSAGE][PASSED] - Delayed 5 second(s)

2018-12-14 10:59:36 - [TEST_STEP][PASSED] - Statement - RefNo = new java.io.File(C://Users//Admin//Desktop//PKS//Automation Reference Point//KatalonReference.txt): null

2018-12-14 10:59:36 - [TEST_STEP][PASSED] - Statement - f2 = new java.io.FileWriter(RefNo, false): null

2018-12-14 10:59:36 - [TEST_STEP][PASSED] - Statement - f2.write(CaseReferenceNo): null

2018-12-14 10:59:36 - [TEST_STEP][PASSED] - Statement - f2.close(): null

2018-12-14 10:59:36 - [TEST_STEP][PASSED] - Statement - out.println("


" + CaseReferenceNo + "


"): null

2018-12-14 10:59:36 - [MESSAGE][PASSED] - Call Test Case 'Test Cases/Final Aug 2018 - PKS Automation/Common/Reference Number Setter' successfully

2018-12-14 10:59:36 - [TEST_STEP][PASSED] - waitForElementClickable: Object 'Object Repository/Final Object Repo/New Registration - Registration Module Pages/Third Screen - Upload Supporting Doc- Preview/Save n Continue in SIP Employee Listing Page' is clickable

2018-12-14 10:59:36 - [MESSAGE][PASSED] - Object 'Object Repository/Final Object Repo/New Registration - Registration Module Pages/Third Screen - Upload Supporting Doc- Preview/Save n Continue in SIP Employee Listing Page' is clickable

2018-12-14 10:59:36 - [TEST_STEP][PASSED] - click: Object: 'Object Repository/Final Object Repo/New Registration - Registration Module Pages/Third Screen - Upload Supporting Doc- Preview/Save n Continue in SIP Employee Listing Page' is clicked on

2018-12-14 10:59:42 - [MESSAGE][PASSED] - Object: 'Object Repository/Final Object Repo/New Registration - Registration Module Pages/Third Screen - Upload Supporting Doc- Preview/Save n Continue in SIP Employee Listing Page' is clicked on

2018-12-14 10:59:42 - [TEST_STEP][PASSED] - delay: Delayed 7 second(s)

2018-12-14 10:59:49 - [MESSAGE][PASSED] - Delayed 7 second(s)

2018-12-14 10:59:49 - [TEST_STEP][PASSED] - click: Object: 'Object Repository/Final Object Repo/New Registration - Registration Module Pages/Third Screen - Upload Supporting Doc- Preview/Add Document Button' is clicked on

2018-12-14 10:59:49 - [MESSAGE][PASSED] - Object: 'Object Repository/Final Object Repo/New Registration - Registration Module Pages/Third Screen - Upload Supporting Doc- Preview/Add Document Button' is clicked on

2018-12-14 10:59:49 - [TEST_STEP][PASSED] - delay: Delayed 30 second(s)

2018-12-14 11:00:19 - [MESSAGE][PASSED] - Delayed 30 second(s)

2018-12-14 11:00:19 - [TEST_STEP][PASSED] - click: Object: 'Object Repository/Final Object Repo/New Registration - Registration Module Pages/Third Screen - Upload Supporting Doc- Preview/Supporting Doc Please Select Drop Down' is clicked on

2018-12-14 11:00:19 - [MESSAGE][PASSED] - Object: 'Object Repository/Final Object Repo/New Registration - Registration Module Pages/Third Screen - Upload Supporting Doc- Preview/Supporting Doc Please Select Drop Down' is clicked on

2018-12-14 11:00:19 - [TEST_STEP][PASSED] - delay: Delayed 2 second(s)

2018-12-14 11:00:21 - [MESSAGE][PASSED] - Delayed 2 second(s)

2018-12-14 11:00:21 - [TEST_STEP][PASSED] - click: Object: 'Object Repository/Final Object Repo/New Registration - Registration Module Pages/Third Screen - Upload Supporting Doc- Preview/Select to Upload Form 1' is clicked on

2018-12-14 11:00:21 - [MESSAGE][PASSED] - Object: 'Object Repository/Final Object Repo/New Registration - Registration Module Pages/Third Screen - Upload Supporting Doc- Preview/Select to Upload Form 1' is clicked on

2018-12-14 11:00:21 - [TEST_STEP][PASSED] - delay: Delayed 2 second(s)

2018-12-14 11:00:23 - [MESSAGE][PASSED] - Delayed 2 second(s)

2018-12-14 11:00:23 - [TEST_STEP][PASSED] - uploadFile: File 'C:\Users\Public\Pictures\Sample Pictures\Koala.jpg' sent to object: 'Object Repository/Final Object Repo/New Registration - Registration Module Pages/Third Screen - Upload Supporting Doc- Preview/Upload File Adding'

2018-12-14 11:00:23 - [MESSAGE][PASSED] - File 'C:\Users\Public\Pictures\Sample Pictures\Koala.jpg' sent to object: 'Object Repository/Final Object Repo/New Registration - Registration Module Pages/Third Screen - Upload Supporting Doc- Preview/Upload File Adding'

2018-12-14 11:00:23 - [TEST_STEP][PASSED] - delay: Delayed 5 second(s)

2018-12-14 11:00:28 - [MESSAGE][PASSED] - Delayed 5 second(s)

2018-12-14 11:00:28 - [TEST_STEP][PASSED] - click: Object: 'Object Repository/Final Object Repo/New Registration - Registration Module Pages/Third Screen - Upload Supporting Doc- Preview/Inner Form Add Document Button' is clicked on

2018-12-14 11:00:29 - [MESSAGE][PASSED] - Object: 'Object Repository/Final Object Repo/New Registration - Registration Module Pages/Third Screen - Upload Supporting Doc- Preview/Inner Form Add Document Button' is clicked on

2018-12-14 11:00:29 - [TEST_STEP][PASSED] - delay: Delayed 3 second(s)

2018-12-14 11:00:32 - [MESSAGE][PASSED] - Delayed 3 second(s)

2018-12-14 11:00:32 - [TEST_STEP][PASSED] - click: Object: 'Object Repository/Final Object Repo/New Registration - Registration Module Pages/Third Screen - Upload Supporting Doc- Preview/Add Document Button' is clicked on

2018-12-14 11:00:34 - [MESSAGE][PASSED] - Object: 'Object Repository/Final Object Repo/New Registration - Registration Module Pages/Third Screen - Upload Supporting Doc- Preview/Add Document Button' is clicked on

2018-12-14 11:00:34 - [TEST_STEP][PASSED] - delay: Delayed 30 second(s)

2018-12-14 11:01:04 - [MESSAGE][PASSED] - Delayed 30 second(s)

2018-12-14 11:01:04 - [TEST_STEP][PASSED] - click: Object: 'Object Repository/Final Object Repo/New Registration - Registration Module Pages/Third Screen - Upload Supporting Doc- Preview/Supporting Doc Please Select Drop Down' is clicked on

2018-12-14 11:01:04 - [MESSAGE][PASSED] - Object: 'Object Repository/Final Object Repo/New Registration - Registration Module Pages/Third Screen - Upload Supporting Doc- Preview/Supporting Doc Please Select Drop Down' is clicked on

2018-12-14 11:01:04 - [TEST_STEP][PASSED] - delay: Delayed 4 second(s)

2018-12-14 11:01:08 - [MESSAGE][PASSED] - Delayed 4 second(s)

2018-12-14 11:01:08 - [TEST_STEP][PASSED] - click: Object: 'Object Repository/Final Object Repo/New Registration - Registration Module Pages/Third Screen - Upload Supporting Doc- Preview/Select to Upload Form 2' is clicked on

2018-12-14 11:01:08 - [MESSAGE][PASSED] - Object: 'Object Repository/Final Object Repo/New Registration - Registration Module Pages/Third Screen - Upload Supporting Doc- Preview/Select to Upload Form 2' is clicked on

2018-12-14 11:01:08 - [TEST_STEP][PASSED] - delay: Delayed 2 second(s)

2018-12-14 11:01:10 - [MESSAGE][PASSED] - Delayed 2 second(s)

2018-12-14 11:01:10 - [TEST_STEP][PASSED] - uploadFile: File 'C:\Users\Public\Pictures\Sample Pictures\Koala.jpg' sent to object: 'Object Repository/Final Object Repo/New Registration - Registration Module Pages/Third Screen - Upload Supporting Doc- Preview/Upload File Adding'

2018-12-14 11:01:10 - [MESSAGE][PASSED] - File 'C:\Users\Public\Pictures\Sample Pictures\Koala.jpg' sent to object: 'Object Repository/Final Object Repo/New Registration - Registration Module Pages/Third Screen - Upload Supporting Doc- Preview/Upload File Adding'

2018-12-14 11:01:10 - [TEST_STEP][PASSED] - click: Object: 'Object Repository/Final Object Repo/New Registration - Registration Module Pages/Third Screen - Upload Supporting Doc- Preview/Inner Form Add Document Button' is clicked on

2018-12-14 11:01:11 - [MESSAGE][PASSED] - Object: 'Object Repository/Final Object Repo/New Registration - Registration Module Pages/Third Screen - Upload Supporting Doc- Preview/Inner Form Add Document Button' is clicked on

2018-12-14 11:01:11 - [TEST_STEP][PASSED] - delay: Delayed 5 second(s)

2018-12-14 11:01:16 - [MESSAGE][PASSED] - Delayed 5 second(s)

2018-12-14 11:01:16 - [TEST_STEP][PASSED] - click: Object: 'Object Repository/Final Object Repo/New Registration - Registration Module Pages/Third Screen - Upload Supporting Doc- Preview/Add Document Button' is clicked on

2018-12-14 11:01:16 - [MESSAGE][PASSED] - Object: 'Object Repository/Final Object Repo/New Registration - Registration Module Pages/Third Screen - Upload Supporting Doc- Preview/Add Document Button' is clicked on

2018-12-14 11:01:16 - [TEST_STEP][PASSED] - delay: Delayed 30 second(s)

2018-12-14 11:01:46 - [MESSAGE][PASSED] - Delayed 30 second(s)

2018-12-14 11:01:46 - [TEST_STEP][PASSED] - click: Object: 'Object Repository/Final Object Repo/New Registration - Registration Module Pages/Third Screen - Upload Supporting Doc- Preview/Supporting Doc Please Select Drop Down' is clicked on

2018-12-14 11:01:46 - [MESSAGE][PASSED] - Object: 'Object Repository/Final Object Repo/New Registration - Registration Module Pages/Third Screen - Upload Supporting Doc- Preview/Supporting Doc Please Select Drop Down' is clicked on

2018-12-14 11:01:46 - [TEST_STEP][PASSED] - click: Object: 'Object Repository/Final Object Repo/New Registration - Registration Module Pages/Third Screen - Upload Supporting Doc- Preview/Select to Upload Borang SIP 1' is clicked on

2018-12-14 11:01:46 - [MESSAGE][PASSED] - Object: 'Object Repository/Final Object Repo/New Registration - Registration Module Pages/Third Screen - Upload Supporting Doc- Preview/Select to Upload Borang SIP 1' is clicked on

2018-12-14 11:01:46 - [TEST_STEP][PASSED] - delay: Delayed 2 second(s)

2018-12-14 11:01:48 - [MESSAGE][PASSED] - Delayed 2 second(s)

2018-12-14 11:01:48 - [TEST_STEP][PASSED] - uploadFile: File 'C:\Users\Public\Pictures\Sample Pictures\Koala.jpg' sent to object: 'Object Repository/Final Object Repo/New Registration - Registration Module Pages/Third Screen - Upload Supporting Doc- Preview/Upload File Adding'

2018-12-14 11:01:48 - [MESSAGE][PASSED] - File 'C:\Users\Public\Pictures\Sample Pictures\Koala.jpg' sent to object: 'Object Repository/Final Object Repo/New Registration - Registration Module Pages/Third Screen - Upload Supporting Doc- Preview/Upload File Adding'

2018-12-14 11:01:48 - [TEST_STEP][PASSED] - click: Object: 'Object Repository/Final Object Repo/New Registration - Registration Module Pages/Third Screen - Upload Supporting Doc- Preview/Inner Form Add Document Button' is clicked on

2018-12-14 11:01:48 - [MESSAGE][PASSED] - Object: 'Object Repository/Final Object Repo/New Registration - Registration Module Pages/Third Screen - Upload Supporting Doc- Preview/Inner Form Add Document Button' is clicked on

2018-12-14 11:01:48 - [TEST_STEP][PASSED] - delay: Delayed 5 second(s)

2018-12-14 11:01:53 - [MESSAGE][PASSED] - Delayed 5 second(s)

2018-12-14 11:01:53 - [TEST_STEP][PASSED] - click: Object: 'Object Repository/Final Object Repo/New Registration - Registration Module Pages/Third Screen - Upload Supporting Doc- Preview/Add Document Button' is clicked on

2018-12-14 11:01:54 - [MESSAGE][PASSED] - Object: 'Object Repository/Final Object Repo/New Registration - Registration Module Pages/Third Screen - Upload Supporting Doc- Preview/Add Document Button' is clicked on

2018-12-14 11:01:54 - [TEST_STEP][PASSED] - delay: Delayed 30 second(s)

2018-12-14 11:02:24 - [MESSAGE][PASSED] - Delayed 30 second(s)

2018-12-14 11:02:24 - [TEST_STEP][PASSED] - click: Object: 'Object Repository/Final Object Repo/New Registration - Registration Module Pages/Third Screen - Upload Supporting Doc- Preview/Supporting Doc Please Select Drop Down' is clicked on

2018-12-14 11:02:24 - [MESSAGE][PASSED] - Object: 'Object Repository/Final Object Repo/New Registration - Registration Module Pages/Third Screen - Upload Supporting Doc- Preview/Supporting Doc Please Select Drop Down' is clicked on

2018-12-14 11:02:24 - [TEST_STEP][PASSED] - delay: Delayed 3 second(s)

2018-12-14 11:02:27 - [MESSAGE][PASSED] - Delayed 3 second(s)

2018-12-14 11:02:27 - [TEST_STEP][PASSED] - click: Object: 'Object Repository/Final Object Repo/New Registration - Registration Module Pages/Third Screen - Upload Supporting Doc- Preview/Select to Upload Borang SIP 2' is clicked on

2018-12-14 11:02:27 - [MESSAGE][PASSED] - Object: 'Object Repository/Final Object Repo/New Registration - Registration Module Pages/Third Screen - Upload Supporting Doc- Preview/Select to Upload Borang SIP 2' is clicked on

2018-12-14 11:02:27 - [TEST_STEP][PASSED] - delay: Delayed 2 second(s)

2018-12-14 11:02:29 - [MESSAGE][PASSED] - Delayed 2 second(s)

2018-12-14 11:02:29 - [TEST_STEP][PASSED] - uploadFile: File 'C:\Users\Public\Pictures\Sample Pictures\Koala.jpg' sent to object: 'Object Repository/Final Object Repo/New Registration - Registration Module Pages/Third Screen - Upload Supporting Doc- Preview/Upload File Adding'

2018-12-14 11:02:29 - [MESSAGE][PASSED] - File 'C:\Users\Public\Pictures\Sample Pictures\Koala.jpg' sent to object: 'Object Repository/Final Object Repo/New Registration - Registration Module Pages/Third Screen - Upload Supporting Doc- Preview/Upload File Adding'

2018-12-14 11:02:29 - [TEST_STEP][PASSED] - delay: Delayed 5 second(s)

2018-12-14 11:02:34 - [MESSAGE][PASSED] - Delayed 5 second(s)

2018-12-14 11:02:34 - [TEST_STEP][PASSED] - click: Object: 'Object Repository/Final Object Repo/New Registration - Registration Module Pages/Third Screen - Upload Supporting Doc- Preview/Inner Form Add Document Button' is clicked on

2018-12-14 11:02:34 - [MESSAGE][PASSED] - Object: 'Object Repository/Final Object Repo/New Registration - Registration Module Pages/Third Screen - Upload Supporting Doc- Preview/Inner Form Add Document Button' is clicked on

2018-12-14 11:02:34 - [TEST_STEP][PASSED] - delay: Delayed 3 second(s)

2018-12-14 11:02:37 - [MESSAGE][PASSED] - Delayed 3 second(s)

2018-12-14 11:02:37 - [TEST_STEP][PASSED] - waitForElementClickable: Object 'Object Repository/Final Object Repo/New Registration - Registration Module Pages/Third Screen - Upload Supporting Doc- Preview/Save n Continue in Uploading Supporting Doc Page' is clickable

2018-12-14 11:02:39 - [MESSAGE][PASSED] - Object 'Object Repository/Final Object Repo/New Registration - Registration Module Pages/Third Screen - Upload Supporting Doc- Preview/Save n Continue in Uploading Supporting Doc Page' is clickable

2018-12-14 11:02:39 - [TEST_STEP][PASSED] - click: Object: 'Object Repository/Final Object Repo/New Registration - Registration Module Pages/Third Screen - Upload Supporting Doc- Preview/Save n Continue in Uploading Supporting Doc Page' is clicked on

2018-12-14 11:02:39 - [MESSAGE][PASSED] - Object: 'Object Repository/Final Object Repo/New Registration - Registration Module Pages/Third Screen - Upload Supporting Doc- Preview/Save n Continue in Uploading Supporting Doc Page' is clicked on

2018-12-14 11:02:39 - [MESSAGE][PASSED] - Call Test Case 'Test Cases/Final Aug 2018 - PKS Automation/Registration Module/New Registration/Flow of New Registration/Third Screen - Upload Supporting Doc - Preview' successfully

2018-12-14 11:02:39 - [TEST_STEP][PASSED] - setText: Text 'Tester' is set on object 'Object Repository/Final Object Repo/New Registration - Registration Module Pages/New Reg - OTC to RO/Special Case - All Related Objects/Employer Preview Name'

2018-12-14 11:02:44 - [MESSAGE][PASSED] - Text 'Tester' is set on object 'Object Repository/Final Object Repo/New Registration - Registration Module Pages/New Reg - OTC to RO/Special Case - All Related Objects/Employer Preview Name'

2018-12-14 11:02:44 - [TEST_STEP][PASSED] - click: Object: 'Object Repository/Final Object Repo/New Registration - Registration Module Pages/New Reg - OTC to RO/Special Case - All Related Objects/IC Type Drop Down' is clicked on

2018-12-14 11:02:44 - [MESSAGE][PASSED] - Object: 'Object Repository/Final Object Repo/New Registration - Registration Module Pages/New Reg - OTC to RO/Special Case - All Related Objects/IC Type Drop Down' is clicked on

2018-12-14 11:02:44 - [TEST_STEP][PASSED] - click: Object: 'Object Repository/Final Object Repo/New Registration - Registration Module Pages/New Reg - OTC to RO/Special Case - All Related Objects/Select to NRIC' is clicked on

2018-12-14 11:02:44 - [MESSAGE][PASSED] - Object: 'Object Repository/Final Object Repo/New Registration - Registration Module Pages/New Reg - OTC to RO/Special Case - All Related Objects/Select to NRIC' is clicked on

2018-12-14 11:02:44 - [TEST_STEP][PASSED] - setText: Text '133245561223' is set on object 'Object Repository/Final Object Repo/New Registration - Registration Module Pages/New Reg - OTC to RO/Special Case - All Related Objects/IC Value'

2018-12-14 11:02:45 - [MESSAGE][PASSED] - Text '133245561223' is set on object 'Object Repository/Final Object Repo/New Registration - Registration Module Pages/New Reg - OTC to RO/Special Case - All Related Objects/IC Value'

2018-12-14 11:02:45 - [TEST_STEP][PASSED] - setText: Text 'Auto' is set on object 'Object Repository/Final Object Repo/New Registration - Registration Module Pages/New Reg - OTC to RO/Special Case - All Related Objects/Designation'

2018-12-14 11:02:45 - [MESSAGE][PASSED] - Text 'Auto' is set on object 'Object Repository/Final Object Repo/New Registration - Registration Module Pages/New Reg - OTC to RO/Special Case - All Related Objects/Designation'

2018-12-14 11:02:45 - [TEST_STEP][PASSED] - callTestCase: Call Test Case 'Test Cases/Final Aug 2018 - PKS Automation/Registration Module/New Registration/Submit and Screenshot/Submit Registration and Screenshot - Copy' successfully

2018-12-14 11:02:45 - [TEST_CASE][PASSED] - Test Cases/Final Aug 2018 - PKS Automation/Registration Module/New Registration/Submit and Screenshot/Submit Registration and Screenshot - Copy: Test Cases/Final Aug 2018 - PKS Automation/Registration Module/New Registration/Submit and Screenshot/Submit Registration and Screenshot - Copy

2018-12-14 11:02:45 - [TEST_STEP][PASSED] - delay: Delayed 6 second(s)

2018-12-14 11:02:51 - [MESSAGE][PASSED] - Delayed 6 second(s)

2018-12-14 11:02:51 - [TEST_STEP][PASSED] - click: Object: 'Object Repository/Final Object Repo/New Registration - Registration Module Pages/Third Screen - Upload Supporting Doc- Preview/Preview Submit Button' is clicked on

2018-12-14 11:02:51 - [MESSAGE][PASSED] - Object: 'Object Repository/Final Object Repo/New Registration - Registration Module Pages/Third Screen - Upload Supporting Doc- Preview/Preview Submit Button' is clicked on

2018-12-14 11:02:51 - [TEST_STEP][PASSED] - delay: Delayed 2 second(s)

2018-12-14 11:02:53 - [MESSAGE][PASSED] - Delayed 2 second(s)

2018-12-14 11:02:53 - [TEST_STEP][PASSED] - click: Object: 'Object Repository/Final Object Repo/New Registration - Registration Module Pages/Third Screen - Upload Supporting Doc- Preview/Preview Submit - Confirm' is clicked on

2018-12-14 11:02:54 - [MESSAGE][PASSED] - Object: 'Object Repository/Final Object Repo/New Registration - Registration Module Pages/Third Screen - Upload Supporting Doc- Preview/Preview Submit - Confirm' is clicked on

2018-12-14 11:02:54 - [TEST_STEP][PASSED] - delay: Delayed 15 second(s)

2018-12-14 11:03:09 - [MESSAGE][PASSED] - Delayed 15 second(s)

2018-12-14 11:03:09 - [TEST_STEP][PASSED] - Statement - driver = com.kms.katalon.core.webui.driver.DriverFactory.getWebDriver(): null

2018-12-14 11:03:09 - [TEST_STEP][PASSED] - Statement - driver.manage().timeouts().implicitlyWait(10, SECONDS): null

2018-12-14 11:03:09 - [TEST_STEP][PASSED] - Statement - PresavePath = KatalonScreenshots: null

2018-12-14 11:03:09 - [TEST_STEP][PASSED] - Statement - pathPrefix = "C:\Users\Public\Pictures\Sample Pictures\Katalon Screenshots\Automate Ending Screen": null

2018-12-14 11:03:09 - [TEST_STEP][PASSED] - Statement - finalPath = <not implemented yet for class: org.codehaus.groovy.ast.expr.EmptyExpression>: null

2018-12-14 11:03:09 - [TEST_STEP][PASSED] - Statement - scrFile = driver.getScreenshotAs(FILE): null

2018-12-14 11:03:09 - [TEST_STEP][PASSED] - Statement - PreSaveFile = new java.io.File(PresavePath): null

2018-12-14 11:03:09 - [TEST_STEP][PASSED] - Statement - counter = 0: null

2018-12-14 11:03:09 - [TEST_STEP][PASSED] - Statement - If (PreSaveFile.exists()): null

2018-12-14 11:03:09 - [TEST_STEP][PASSED] - Statement - While (PreSaveFile.exists()): null

2018-12-14 11:03:09 - [TEST_STEP][PASSED] - Statement - counter = counter + 1: null

2018-12-14 11:03:09 - [TEST_STEP][PASSED] - Statement - PreSaveFile = new java.io.File(((pathPrefix + java.lang.Integer.toString(counter)) + .png)): null

2018-12-14 11:03:09 - [TEST_STEP][PASSED] - Statement - counter = counter + 1: null

2018-12-14 11:03:09 - [TEST_STEP][PASSED] - Statement - PreSaveFile = new java.io.File(((pathPrefix + java.lang.Integer.toString(counter)) + .png)): null

2018-12-14 11:03:09 - [TEST_STEP][PASSED] - Statement - counter = counter + 1: null

2018-12-14 11:03:09 - [TEST_STEP][PASSED] - Statement - PreSaveFile = new java.io.File(((pathPrefix + java.lang.Integer.toString(counter)) + .png)): null

2018-12-14 11:03:09 - [TEST_STEP][PASSED] - Statement - counter = counter + 1: null

2018-12-14 11:03:09 - [TEST_STEP][PASSED] - Statement - PreSaveFile = new java.io.File(((pathPrefix + java.lang.Integer.toString(counter)) + .png)): null

2018-12-14 11:03:09 - [TEST_STEP][PASSED] - Statement - counter = counter + 1: null

2018-12-14 11:03:09 - [TEST_STEP][PASSED] - Statement - PreSaveFile = new java.io.File(((pathPrefix + java.lang.Integer.toString(counter)) + .png)): null

2018-12-14 11:03:09 - [TEST_STEP][PASSED] - Statement - counter = counter + 1: null

2018-12-14 11:03:09 - [TEST_STEP][PASSED] - Statement - PreSaveFile = new java.io.File(((pathPrefix + java.lang.Integer.toString(counter)) + .png)): null

2018-12-14 11:03:09 - [TEST_STEP][PASSED] - Statement - counter = counter + 1: null

2018-12-14 11:03:09 - [TEST_STEP][PASSED] - Statement - PreSaveFile = new java.io.File(((pathPrefix + java.lang.Integer.toString(counter)) + .png)): null

2018-12-14 11:03:09 - [TEST_STEP][PASSED] - Statement - counter = counter + 1: null

2018-12-14 11:03:09 - [TEST_STEP][PASSED] - Statement - PreSaveFile = new java.io.File(((pathPrefix + java.lang.Integer.toString(counter)) + .png)): null

2018-12-14 11:03:09 - [TEST_STEP][PASSED] - Statement - counter = counter + 1: null

2018-12-14 11:03:09 - [TEST_STEP][PASSED] - Statement - PreSaveFile = new java.io.File(((pathPrefix + java.lang.Integer.toString(counter)) + .png)): null

2018-12-14 11:03:09 - [TEST_STEP][PASSED] - Statement - counter = counter + 1: null

2018-12-14 11:03:09 - [TEST_STEP][PASSED] - Statement - PreSaveFile = new java.io.File(((pathPrefix + java.lang.Integer.toString(counter)) + .png)): null

2018-12-14 11:03:09 - [TEST_STEP][PASSED] - Statement - counter = counter + 1: null

2018-12-14 11:03:09 - [TEST_STEP][PASSED] - Statement - PreSaveFile = new java.io.File(((pathPrefix + java.lang.Integer.toString(counter)) + .png)): null

2018-12-14 11:03:09 - [TEST_STEP][PASSED] - Statement - counter = counter + 1: null

2018-12-14 11:03:09 - [TEST_STEP][PASSED] - Statement - PreSaveFile = new java.io.File(((pathPrefix + java.lang.Integer.toString(counter)) + .png)): null

2018-12-14 11:03:09 - [TEST_STEP][PASSED] - Statement - counter = counter + 1: null

2018-12-14 11:03:09 - [TEST_STEP][PASSED] - Statement - PreSaveFile = new java.io.File(((pathPrefix + java.lang.Integer.toString(counter)) + .png)): null

2018-12-14 11:03:09 - [TEST_STEP][PASSED] - Statement - counter = counter + 1: null

2018-12-14 11:03:09 - [TEST_STEP][PASSED] - Statement - PreSaveFile = new java.io.File(((pathPrefix + java.lang.Integer.toString(counter)) + .png)): null

2018-12-14 11:03:09 - [TEST_STEP][PASSED] - Statement - counter = counter + 1: null

2018-12-14 11:03:09 - [TEST_STEP][PASSED] - Statement - PreSaveFile = new java.io.File(((pathPrefix + java.lang.Integer.toString(counter)) + .png)): null

2018-12-14 11:03:09 - [TEST_STEP][PASSED] - Statement - counter = counter + 1: null

2018-12-14 11:03:09 - [TEST_STEP][PASSED] - Statement - PreSaveFile = new java.io.File(((pathPrefix + java.lang.Integer.toString(counter)) + .png)): null

2018-12-14 11:03:09 - [TEST_STEP][PASSED] - Statement - counter = counter + 1: null

2018-12-14 11:03:09 - [TEST_STEP][PASSED] - Statement - PreSaveFile = new java.io.File(((pathPrefix + java.lang.Integer.toString(counter)) + .png)): null

2018-12-14 11:03:09 - [TEST_STEP][PASSED] - Statement - counter = counter + 1: null

2018-12-14 11:03:09 - [TEST_STEP][PASSED] - Statement - PreSaveFile = new java.io.File(((pathPrefix + java.lang.Integer.toString(counter)) + .png)): null

2018-12-14 11:03:09 - [TEST_STEP][PASSED] - Statement - counter = counter + 1: null

2018-12-14 11:03:09 - [TEST_STEP][PASSED] - Statement - PreSaveFile = new java.io.File(((pathPrefix + java.lang.Integer.toString(counter)) + .png)): null

2018-12-14 11:03:09 - [TEST_STEP][PASSED] - Statement - counter = counter + 1: null

2018-12-14 11:03:09 - [TEST_STEP][PASSED] - Statement - PreSaveFile = new java.io.File(((pathPrefix + java.lang.Integer.toString(counter)) + .png)): null

2018-12-14 11:03:09 - [TEST_STEP][PASSED] - Statement - counter = counter + 1: null

2018-12-14 11:03:09 - [TEST_STEP][PASSED] - Statement - PreSaveFile = new java.io.File(((pathPrefix + java.lang.Integer.toString(counter)) + .png)): null

2018-12-14 11:03:09 - [TEST_STEP][PASSED] - Statement - counter = counter + 1: null

2018-12-14 11:03:09 - [TEST_STEP][PASSED] - Statement - PreSaveFile = new java.io.File(((pathPrefix + java.lang.Integer.toString(counter)) + .png)): null

2018-12-14 11:03:09 - [TEST_STEP][PASSED] - Statement - counter = counter + 1: null

2018-12-14 11:03:09 - [TEST_STEP][PASSED] - Statement - PreSaveFile = new java.io.File(((pathPrefix + java.lang.Integer.toString(counter)) + .png)): null

2018-12-14 11:03:09 - [TEST_STEP][PASSED] - Statement - counter = counter + 1: null

2018-12-14 11:03:09 - [TEST_STEP][PASSED] - Statement - PreSaveFile = new java.io.File(((pathPrefix + java.lang.Integer.toString(counter)) + .png)): null

2018-12-14 11:03:09 - [TEST_STEP][PASSED] - Statement - counter = counter + 1: null

2018-12-14 11:03:09 - [TEST_STEP][PASSED] - Statement - PreSaveFile = new java.io.File(((pathPrefix + java.lang.Integer.toString(counter)) + .png)): null

2018-12-14 11:03:09 - [TEST_STEP][PASSED] - Statement - counter = counter + 1: null

2018-12-14 11:03:09 - [TEST_STEP][PASSED] - Statement - PreSaveFile = new java.io.File(((pathPrefix + java.lang.Integer.toString(counter)) + .png)): null

2018-12-14 11:03:09 - [TEST_STEP][PASSED] - Statement - counter = counter + 1: null

2018-12-14 11:03:09 - [TEST_STEP][PASSED] - Statement - PreSaveFile = new java.io.File(((pathPrefix + java.lang.Integer.toString(counter)) + .png)): null

2018-12-14 11:03:09 - [TEST_STEP][PASSED] - Statement - counter = counter + 1: null

2018-12-14 11:03:09 - [TEST_STEP][PASSED] - Statement - PreSaveFile = new java.io.File(((pathPrefix + java.lang.Integer.toString(counter)) + .png)): null

2018-12-14 11:03:09 - [TEST_STEP][PASSED] - Statement - counter = counter + 1: null

2018-12-14 11:03:09 - [TEST_STEP][PASSED] - Statement - PreSaveFile = new java.io.File(((pathPrefix + java.lang.Integer.toString(counter)) + .png)): null

2018-12-14 11:03:09 - [TEST_STEP][PASSED] - Statement - counter = counter + 1: null

2018-12-14 11:03:09 - [TEST_STEP][PASSED] - Statement - PreSaveFile = new java.io.File(((pathPrefix + java.lang.Integer.toString(counter)) + .png)): null

2018-12-14 11:03:09 - [TEST_STEP][PASSED] - Statement - counter = counter + 1: null

2018-12-14 11:03:09 - [TEST_STEP][PASSED] - Statement - PreSaveFile = new java.io.File(((pathPrefix + java.lang.Integer.toString(counter)) + .png)): null

2018-12-14 11:03:09 - [TEST_STEP][PASSED] - Statement - counter = counter + 1: null

2018-12-14 11:03:09 - [TEST_STEP][PASSED] - Statement - PreSaveFile = new java.io.File(((pathPrefix + java.lang.Integer.toString(counter)) + .png)): null

2018-12-14 11:03:09 - [TEST_STEP][PASSED] - Statement - counter = counter + 1: null

2018-12-14 11:03:09 - [TEST_STEP][PASSED] - Statement - PreSaveFile = new java.io.File(((pathPrefix + java.lang.Integer.toString(counter)) + .png)): null

2018-12-14 11:03:09 - [TEST_STEP][PASSED] - Statement - counter = counter + 1: null

2018-12-14 11:03:09 - [TEST_STEP][PASSED] - Statement - PreSaveFile = new java.io.File(((pathPrefix + java.lang.Integer.toString(counter)) + .png)): null

2018-12-14 11:03:09 - [TEST_STEP][PASSED] - Statement - counter = counter + 1: null

2018-12-14 11:03:09 - [TEST_STEP][PASSED] - Statement - PreSaveFile = new java.io.File(((pathPrefix + java.lang.Integer.toString(counter)) + .png)): null

2018-12-14 11:03:09 - [TEST_STEP][PASSED] - Statement - counter = counter + 1: null

2018-12-14 11:03:09 - [TEST_STEP][PASSED] - Statement - PreSaveFile = new java.io.File(((pathPrefix + java.lang.Integer.toString(counter)) + .png)): null

2018-12-14 11:03:09 - [TEST_STEP][PASSED] - Statement - counter = counter + 1: null

2018-12-14 11:03:09 - [TEST_STEP][PASSED] - Statement - PreSaveFile = new java.io.File(((pathPrefix + java.lang.Integer.toString(counter)) + .png)): null

2018-12-14 11:03:09 - [TEST_STEP][PASSED] - Statement - counter = counter + 1: null

2018-12-14 11:03:09 - [TEST_STEP][PASSED] - Statement - PreSaveFile = new java.io.File(((pathPrefix + java.lang.Integer.toString(counter)) + .png)): null

2018-12-14 11:03:09 - [TEST_STEP][PASSED] - Statement - counter = counter + 1: null

2018-12-14 11:03:10 - [TEST_STEP][PASSED] - Statement - PreSaveFile = new java.io.File(((pathPrefix + java.lang.Integer.toString(counter)) + .png)): null

2018-12-14 11:03:10 - [TEST_STEP][PASSED] - Statement - counter = counter + 1: null

2018-12-14 11:03:10 - [TEST_STEP][PASSED] - Statement - PreSaveFile = new java.io.File(((pathPrefix + java.lang.Integer.toString(counter)) + .png)): null

2018-12-14 11:03:10 - [TEST_STEP][PASSED] - Statement - counter = counter + 1: null

2018-12-14 11:03:10 - [TEST_STEP][PASSED] - Statement - PreSaveFile = new java.io.File(((pathPrefix + java.lang.Integer.toString(counter)) + .png)): null

2018-12-14 11:03:10 - [TEST_STEP][PASSED] - Statement - counter = counter + 1: null

2018-12-14 11:03:10 - [TEST_STEP][PASSED] - Statement - PreSaveFile = new java.io.File(((pathPrefix + java.lang.Integer.toString(counter)) + .png)): null

2018-12-14 11:03:10 - [TEST_STEP][PASSED] - Statement - counter = counter + 1: null

2018-12-14 11:03:10 - [TEST_STEP][PASSED] - Statement - PreSaveFile = new java.io.File(((pathPrefix + java.lang.Integer.toString(counter)) + .png)): null

2018-12-14 11:03:10 - [TEST_STEP][PASSED] - Statement - counter = counter + 1: null

2018-12-14 11:03:10 - [TEST_STEP][PASSED] - Statement - PreSaveFile = new java.io.File(((pathPrefix + java.lang.Integer.toString(counter)) + .png)): null

2018-12-14 11:03:10 - [TEST_STEP][PASSED] - Statement - counter = counter + 1: null

2018-12-14 11:03:10 - [TEST_STEP][PASSED] - Statement - PreSaveFile = new java.io.File(((pathPrefix + java.lang.Integer.toString(counter)) + .png)): null

2018-12-14 11:03:10 - [TEST_STEP][PASSED] - Statement - counter = counter + 1: null

2018-12-14 11:03:10 - [TEST_STEP][PASSED] - Statement - PreSaveFile = new java.io.File(((pathPrefix + java.lang.Integer.toString(counter)) + .png)): null

2018-12-14 11:03:10 - [TEST_STEP][PASSED] - Statement - counter = counter + 1: null

2018-12-14 11:03:10 - [TEST_STEP][PASSED] - Statement - PreSaveFile = new java.io.File(((pathPrefix + java.lang.Integer.toString(counter)) + .png)): null

2018-12-14 11:03:10 - [TEST_STEP][PASSED] - Statement - counter = counter + 1: null

2018-12-14 11:03:10 - [TEST_STEP][PASSED] - Statement - PreSaveFile = new java.io.File(((pathPrefix + java.lang.Integer.toString(counter)) + .png)): null

2018-12-14 11:03:10 - [TEST_STEP][PASSED] - Statement - counter = counter + 1: null

2018-12-14 11:03:10 - [TEST_STEP][PASSED] - Statement - PreSaveFile = new java.io.File(((pathPrefix + java.lang.Integer.toString(counter)) + .png)): null

2018-12-14 11:03:10 - [TEST_STEP][PASSED] - Statement - counter = counter + 1: null

2018-12-14 11:03:10 - [TEST_STEP][PASSED] - Statement - PreSaveFile = new java.io.File(((pathPrefix + java.lang.Integer.toString(counter)) + .png)): null

2018-12-14 11:03:10 - [TEST_STEP][PASSED] - Statement - counter = counter + 1: null

2018-12-14 11:03:10 - [TEST_STEP][PASSED] - Statement - PreSaveFile = new java.io.File(((pathPrefix + java.lang.Integer.toString(counter)) + .png)): null

2018-12-14 11:03:10 - [TEST_STEP][PASSED] - Statement - counter = counter + 1: null

2018-12-14 11:03:10 - [TEST_STEP][PASSED] - Statement - PreSaveFile = new java.io.File(((pathPrefix + java.lang.Integer.toString(counter)) + .png)): null

2018-12-14 11:03:10 - [TEST_STEP][PASSED] - Statement - counter = counter + 1: null

2018-12-14 11:03:10 - [TEST_STEP][PASSED] - Statement - PreSaveFile = new java.io.File(((pathPrefix + java.lang.Integer.toString(counter)) + .png)): null

2018-12-14 11:03:10 - [TEST_STEP][PASSED] - Statement - counter = counter + 1: null

2018-12-14 11:03:10 - [TEST_STEP][PASSED] - Statement - PreSaveFile = new java.io.File(((pathPrefix + java.lang.Integer.toString(counter)) + .png)): null

2018-12-14 11:03:10 - [TEST_STEP][PASSED] - Statement - counter = counter + 1: null

2018-12-14 11:03:10 - [TEST_STEP][PASSED] - Statement - PreSaveFile = new java.io.File(((pathPrefix + java.lang.Integer.toString(counter)) + .png)): null

2018-12-14 11:03:10 - [TEST_STEP][PASSED] - Statement - counter = counter + 1: null

2018-12-14 11:03:10 - [TEST_STEP][PASSED] - Statement - PreSaveFile = new java.io.File(((pathPrefix + java.lang.Integer.toString(counter)) + .png)): null

2018-12-14 11:03:10 - [TEST_STEP][PASSED] - Statement - counter = counter + 1: null

2018-12-14 11:03:10 - [TEST_STEP][PASSED] - Statement - PreSaveFile = new java.io.File(((pathPrefix + java.lang.Integer.toString(counter)) + .png)): null

2018-12-14 11:03:10 - [TEST_STEP][PASSED] - Statement - counter = counter + 1: null

2018-12-14 11:03:10 - [TEST_STEP][PASSED] - Statement - PreSaveFile = new java.io.File(((pathPrefix + java.lang.Integer.toString(counter)) + .png)): null

2018-12-14 11:03:10 - [TEST_STEP][PASSED] - Statement - counter = counter + 1: null

2018-12-14 11:03:10 - [TEST_STEP][PASSED] - Statement - PreSaveFile = new java.io.File(((pathPrefix + java.lang.Integer.toString(counter)) + .png)): null

2018-12-14 11:03:10 - [TEST_STEP][PASSED] - Statement - counter = counter + 1: null

2018-12-14 11:03:10 - [TEST_STEP][PASSED] - Statement - PreSaveFile = new java.io.File(((pathPrefix + java.lang.Integer.toString(counter)) + .png)): null

2018-12-14 11:03:10 - [TEST_STEP][PASSED] - Statement - counter = counter + 1: null

2018-12-14 11:03:10 - [TEST_STEP][PASSED] - Statement - PreSaveFile = new java.io.File(((pathPrefix + java.lang.Integer.toString(counter)) + .png)): null

2018-12-14 11:03:10 - [TEST_STEP][PASSED] - Statement - counter = counter + 1: null

2018-12-14 11:03:10 - [TEST_STEP][PASSED] - Statement - PreSaveFile = new java.io.File(((pathPrefix + java.lang.Integer.toString(counter)) + .png)): null

2018-12-14 11:03:10 - [TEST_STEP][PASSED] - Statement - counter = counter + 1: null

2018-12-14 11:03:10 - [TEST_STEP][PASSED] - Statement - PreSaveFile = new java.io.File(((pathPrefix + java.lang.Integer.toString(counter)) + .png)): null

2018-12-14 11:03:10 - [TEST_STEP][PASSED] - Statement - counter = counter + 1: null

2018-12-14 11:03:10 - [TEST_STEP][PASSED] - Statement - PreSaveFile = new java.io.File(((pathPrefix + java.lang.Integer.toString(counter)) + .png)): null

2018-12-14 11:03:10 - [TEST_STEP][PASSED] - Statement - counter = counter + 1: null

2018-12-14 11:03:10 - [TEST_STEP][PASSED] - Statement - PreSaveFile = new java.io.File(((pathPrefix + java.lang.Integer.toString(counter)) + .png)): null

2018-12-14 11:03:10 - [TEST_STEP][PASSED] - Statement - counter = counter + 1: null

2018-12-14 11:03:10 - [TEST_STEP][PASSED] - Statement - PreSaveFile = new java.io.File(((pathPrefix + java.lang.Integer.toString(counter)) + .png)): null

2018-12-14 11:03:10 - [TEST_STEP][PASSED] - Statement - counter = counter + 1: null

2018-12-14 11:03:10 - [TEST_STEP][PASSED] - Statement - PreSaveFile = new java.io.File(((pathPrefix + java.lang.Integer.toString(counter)) + .png)): null

2018-12-14 11:03:10 - [TEST_STEP][PASSED] - Statement - counter = counter + 1: null

2018-12-14 11:03:10 - [TEST_STEP][PASSED] - Statement - PreSaveFile = new java.io.File(((pathPrefix + java.lang.Integer.toString(counter)) + .png)): null

2018-12-14 11:03:10 - [TEST_STEP][PASSED] - Statement - counter = counter + 1: null

2018-12-14 11:03:10 - [TEST_STEP][PASSED] - Statement - PreSaveFile = new java.io.File(((pathPrefix + java.lang.Integer.toString(counter)) + .png)): null

2018-12-14 11:03:10 - [TEST_STEP][PASSED] - Statement - counter = counter + 1: null

2018-12-14 11:03:10 - [TEST_STEP][PASSED] - Statement - PreSaveFile = new java.io.File(((pathPrefix + java.lang.Integer.toString(counter)) + .png)): null

2018-12-14 11:03:10 - [TEST_STEP][PASSED] - Statement - counter = counter + 1: null

2018-12-14 11:03:10 - [TEST_STEP][PASSED] - Statement - PreSaveFile = new java.io.File(((pathPrefix + java.lang.Integer.toString(counter)) + .png)): null

2018-12-14 11:03:10 - [TEST_STEP][PASSED] - Statement - counter = counter + 1: null

2018-12-14 11:03:10 - [TEST_STEP][PASSED] - Statement - PreSaveFile = new java.io.File(((pathPrefix + java.lang.Integer.toString(counter)) + .png)): null

2018-12-14 11:03:10 - [TEST_STEP][PASSED] - Statement - counter = counter + 1: null

2018-12-14 11:03:10 - [TEST_STEP][PASSED] - Statement - PreSaveFile = new java.io.File(((pathPrefix + java.lang.Integer.toString(counter)) + .png)): null

2018-12-14 11:03:10 - [TEST_STEP][PASSED] - Statement - counter = counter + 1: null

2018-12-14 11:03:10 - [TEST_STEP][PASSED] - Statement - PreSaveFile = new java.io.File(((pathPrefix + java.lang.Integer.toString(counter)) + .png)): null

2018-12-14 11:03:10 - [TEST_STEP][PASSED] - Statement - counter = counter + 1: null

2018-12-14 11:03:10 - [TEST_STEP][PASSED] - Statement - PreSaveFile = new java.io.File(((pathPrefix + java.lang.Integer.toString(counter)) + .png)): null

2018-12-14 11:03:10 - [TEST_STEP][PASSED] - Statement - counter = counter + 1: null

2018-12-14 11:03:10 - [TEST_STEP][PASSED] - Statement - PreSaveFile = new java.io.File(((pathPrefix + java.lang.Integer.toString(counter)) + .png)): null

2018-12-14 11:03:10 - [TEST_STEP][PASSED] - Statement - counter = counter + 1: null

2018-12-14 11:03:10 - [TEST_STEP][PASSED] - Statement - PreSaveFile = new java.io.File(((pathPrefix + java.lang.Integer.toString(counter)) + .png)): null

2018-12-14 11:03:10 - [TEST_STEP][PASSED] - Statement - counter = counter + 1: null

2018-12-14 11:03:10 - [TEST_STEP][PASSED] - Statement - PreSaveFile = new java.io.File(((pathPrefix + java.lang.Integer.toString(counter)) + .png)): null

2018-12-14 11:03:10 - [TEST_STEP][PASSED] - Statement - counter = counter + 1: null

2018-12-14 11:03:10 - [TEST_STEP][PASSED] - Statement - PreSaveFile = new java.io.File(((pathPrefix + java.lang.Integer.toString(counter)) + .png)): null

2018-12-14 11:03:10 - [TEST_STEP][PASSED] - Statement - counter = counter + 1: null

2018-12-14 11:03:10 - [TEST_STEP][PASSED] - Statement - PreSaveFile = new java.io.File(((pathPrefix + java.lang.Integer.toString(counter)) + .png)): null

2018-12-14 11:03:10 - [TEST_STEP][PASSED] - Statement - counter = counter + 1: null

2018-12-14 11:03:10 - [TEST_STEP][PASSED] - Statement - PreSaveFile = new java.io.File(((pathPrefix + java.lang.Integer.toString(counter)) + .png)): null

2018-12-14 11:03:10 - [TEST_STEP][PASSED] - Statement - counter = counter + 1: null

2018-12-14 11:03:10 - [TEST_STEP][PASSED] - Statement - PreSaveFile = new java.io.File(((pathPrefix + java.lang.Integer.toString(counter)) + .png)): null

2018-12-14 11:03:10 - [TEST_STEP][PASSED] - Statement - counter = counter + 1: null

2018-12-14 11:03:10 - [TEST_STEP][PASSED] - Statement - PreSaveFile = new java.io.File(((pathPrefix + java.lang.Integer.toString(counter)) + .png)): null

2018-12-14 11:03:10 - [TEST_STEP][PASSED] - Statement - counter = counter + 1: null

2018-12-14 11:03:10 - [TEST_STEP][PASSED] - Statement - PreSaveFile = new java.io.File(((pathPrefix + java.lang.Integer.toString(counter)) + .png)): null

2018-12-14 11:03:10 - [TEST_STEP][PASSED] - Statement - counter = counter + 1: null

2018-12-14 11:03:10 - [TEST_STEP][PASSED] - Statement - PreSaveFile = new java.io.File(((pathPrefix + java.lang.Integer.toString(counter)) + .png)): null

2018-12-14 11:03:10 - [TEST_STEP][PASSED] - Statement - counter = counter + 1: null

2018-12-14 11:03:10 - [TEST_STEP][PASSED] - Statement - PreSaveFile = new java.io.File(((pathPrefix + java.lang.Integer.toString(counter)) + .png)): null

2018-12-14 11:03:10 - [TEST_STEP][PASSED] - Statement - counter = counter + 1: null

2018-12-14 11:03:10 - [TEST_STEP][PASSED] - Statement - PreSaveFile = new java.io.File(((pathPrefix + java.lang.Integer.toString(counter)) + .png)): null

2018-12-14 11:03:10 - [TEST_STEP][PASSED] - Statement - counter = counter + 1: null

2018-12-14 11:03:10 - [TEST_STEP][PASSED] - Statement - PreSaveFile = new java.io.File(((pathPrefix + java.lang.Integer.toString(counter)) + .png)): null

2018-12-14 11:03:10 - [TEST_STEP][PASSED] - Statement - counter = counter + 1: null

2018-12-14 11:03:10 - [TEST_STEP][PASSED] - Statement - PreSaveFile = new java.io.File(((pathPrefix + java.lang.Integer.toString(counter)) + .png)): null

2018-12-14 11:03:10 - [TEST_STEP][PASSED] - Statement - counter = counter + 1: null

2018-12-14 11:03:10 - [TEST_STEP][PASSED] - Statement - PreSaveFile = new java.io.File(((pathPrefix + java.lang.Integer.toString(counter)) + .png)): null

2018-12-14 11:03:10 - [TEST_STEP][PASSED] - Statement - counter = counter + 1: null

2018-12-14 11:03:10 - [TEST_STEP][PASSED] - Statement - PreSaveFile = new java.io.File(((pathPrefix + java.lang.Integer.toString(counter)) + .png)): null

2018-12-14 11:03:10 - [TEST_STEP][PASSED] - Statement - counter = counter + 1: null

2018-12-14 11:03:10 - [TEST_STEP][PASSED] - Statement - PreSaveFile = new java.io.File(((pathPrefix + java.lang.Integer.toString(counter)) + .png)): null

2018-12-14 11:03:10 - [TEST_STEP][PASSED] - Statement - counter = counter + 1: null

2018-12-14 11:03:10 - [TEST_STEP][PASSED] - Statement - PreSaveFile = new java.io.File(((pathPrefix + java.lang.Integer.toString(counter)) + .png)): null

2018-12-14 11:03:10 - [TEST_STEP][PASSED] - Statement - counter = counter + 1: null

2018-12-14 11:03:10 - [TEST_STEP][PASSED] - Statement - PreSaveFile = new java.io.File(((pathPrefix + java.lang.Integer.toString(counter)) + .png)): null

2018-12-14 11:03:10 - [TEST_STEP][PASSED] - Statement - counter = counter + 1: null

2018-12-14 11:03:10 - [TEST_STEP][PASSED] - Statement - PreSaveFile = new java.io.File(((pathPrefix + java.lang.Integer.toString(counter)) + .png)): null

2018-12-14 11:03:10 - [TEST_STEP][PASSED] - Statement - counter = counter + 1: null

2018-12-14 11:03:10 - [TEST_STEP][PASSED] - Statement - PreSaveFile = new java.io.File(((pathPrefix + java.lang.Integer.toString(counter)) + .png)): null

2018-12-14 11:03:10 - [TEST_STEP][PASSED] - Statement - counter = counter + 1: null

2018-12-14 11:03:10 - [TEST_STEP][PASSED] - Statement - PreSaveFile = new java.io.File(((pathPrefix + java.lang.Integer.toString(counter)) + .png)): null

2018-12-14 11:03:10 - [TEST_STEP][PASSED] - Statement - counter = counter + 1: null

2018-12-14 11:03:10 - [TEST_STEP][PASSED] - Statement - PreSaveFile = new java.io.File(((pathPrefix + java.lang.Integer.toString(counter)) + .png)): null

2018-12-14 11:03:10 - [TEST_STEP][PASSED] - Statement - counter = counter + 1: null

2018-12-14 11:03:10 - [TEST_STEP][PASSED] - Statement - PreSaveFile = new java.io.File(((pathPrefix + java.lang.Integer.toString(counter)) + .png)): null

2018-12-14 11:03:10 - [TEST_STEP][PASSED] - Statement - counter = counter + 1: null

2018-12-14 11:03:10 - [TEST_STEP][PASSED] - Statement - PreSaveFile = new java.io.File(((pathPrefix + java.lang.Integer.toString(counter)) + .png)): null

2018-12-14 11:03:10 - [TEST_STEP][PASSED] - Statement - counter = counter + 1: null

2018-12-14 11:03:10 - [TEST_STEP][PASSED] - Statement - PreSaveFile = new java.io.File(((pathPrefix + java.lang.Integer.toString(counter)) + .png)): null

2018-12-14 11:03:10 - [TEST_STEP][PASSED] - Statement - counter = counter + 1: null

2018-12-14 11:03:10 - [TEST_STEP][PASSED] - Statement - PreSaveFile = new java.io.File(((pathPrefix + java.lang.Integer.toString(counter)) + .png)): null

2018-12-14 11:03:10 - [TEST_STEP][PASSED] - Statement - counter = counter + 1: null

2018-12-14 11:03:10 - [TEST_STEP][PASSED] - Statement - PreSaveFile = new java.io.File(((pathPrefix + java.lang.Integer.toString(counter)) + .png)): null

2018-12-14 11:03:10 - [TEST_STEP][PASSED] - Statement - counter = counter + 1: null

2018-12-14 11:03:10 - [TEST_STEP][PASSED] - Statement - PreSaveFile = new java.io.File(((pathPrefix + java.lang.Integer.toString(counter)) + .png)): null

2018-12-14 11:03:10 - [TEST_STEP][PASSED] - Statement - counter = counter + 1: null

2018-12-14 11:03:10 - [TEST_STEP][PASSED] - Statement - PreSaveFile = new java.io.File(((pathPrefix + java.lang.Integer.toString(counter)) + .png)): null

2018-12-14 11:03:10 - [TEST_STEP][PASSED] - Statement - counter = counter + 1: null

2018-12-14 11:03:10 - [TEST_STEP][PASSED] - Statement - PreSaveFile = new java.io.File(((pathPrefix + java.lang.Integer.toString(counter)) + .png)): null

2018-12-14 11:03:10 - [TEST_STEP][PASSED] - Statement - counter = counter + 1: null

2018-12-14 11:03:10 - [TEST_STEP][PASSED] - Statement - PreSaveFile = new java.io.File(((pathPrefix + java.lang.Integer.toString(counter)) + .png)): null

2018-12-14 11:03:10 - [TEST_STEP][PASSED] - Statement - counter = counter + 1: null

2018-12-14 11:03:10 - [TEST_STEP][PASSED] - Statement - PreSaveFile = new java.io.File(((pathPrefix + java.lang.Integer.toString(counter)) + .png)): null

2018-12-14 11:03:10 - [TEST_STEP][PASSED] - Statement - counter = counter + 1: null

2018-12-14 11:03:10 - [TEST_STEP][PASSED] - Statement - PreSaveFile = new java.io.File(((pathPrefix + java.lang.Integer.toString(counter)) + .png)): null

2018-12-14 11:03:10 - [TEST_STEP][PASSED] - Statement - counter = counter + 1: null

2018-12-14 11:03:10 - [TEST_STEP][PASSED] - Statement - PreSaveFile = new java.io.File(((pathPrefix + java.lang.Integer.toString(counter)) + .png)): null

2018-12-14 11:03:10 - [TEST_STEP][PASSED] - Statement - counter = counter + 1: null

2018-12-14 11:03:10 - [TEST_STEP][PASSED] - Statement - PreSaveFile = new java.io.File(((pathPrefix + java.lang.Integer.toString(counter)) + .png)): null

2018-12-14 11:03:10 - [TEST_STEP][PASSED] - Statement - counter = counter + 1: null

2018-12-14 11:03:10 - [TEST_STEP][PASSED] - Statement - PreSaveFile = new java.io.File(((pathPrefix + java.lang.Integer.toString(counter)) + .png)): null

2018-12-14 11:03:10 - [TEST_STEP][PASSED] - Statement - counter = counter + 1: null

2018-12-14 11:03:10 - [TEST_STEP][PASSED] - Statement - PreSaveFile = new java.io.File(((pathPrefix + java.lang.Integer.toString(counter)) + .png)): null

2018-12-14 11:03:10 - [TEST_STEP][PASSED] - Statement - counter = counter + 1: null

2018-12-14 11:03:10 - [TEST_STEP][PASSED] - Statement - PreSaveFile = new java.io.File(((pathPrefix + java.lang.Integer.toString(counter)) + .png)): null

2018-12-14 11:03:10 - [TEST_STEP][PASSED] - Statement - counter = counter + 1: null

2018-12-14 11:03:10 - [TEST_STEP][PASSED] - Statement - PreSaveFile = new java.io.File(((pathPrefix + java.lang.Integer.toString(counter)) + .png)): null

2018-12-14 11:03:10 - [TEST_STEP][PASSED] - Statement - counter = counter + 1: null

2018-12-14 11:03:10 - [TEST_STEP][PASSED] - Statement - PreSaveFile = new java.io.File(((pathPrefix + java.lang.Integer.toString(counter)) + .png)): null

2018-12-14 11:03:10 - [TEST_STEP][PASSED] - Statement - counter = counter + 1: null

2018-12-14 11:03:10 - [TEST_STEP][PASSED] - Statement - PreSaveFile = new java.io.File(((pathPrefix + java.lang.Integer.toString(counter)) + .png)): null

2018-12-14 11:03:10 - [TEST_STEP][PASSED] - Statement - counter = counter + 1: null

2018-12-14 11:03:10 - [TEST_STEP][PASSED] - Statement - PreSaveFile = new java.io.File(((pathPrefix + java.lang.Integer.toString(counter)) + .png)): null

2018-12-14 11:03:10 - [TEST_STEP][PASSED] - Statement - counter = counter + 1: null

2018-12-14 11:03:10 - [TEST_STEP][PASSED] - Statement - PreSaveFile = new java.io.File(((pathPrefix + java.lang.Integer.toString(counter)) + .png)): null

2018-12-14 11:03:10 - [TEST_STEP][PASSED] - Statement - counter = counter + 1: null

2018-12-14 11:03:10 - [TEST_STEP][PASSED] - Statement - PreSaveFile = new java.io.File(((pathPrefix + java.lang.Integer.toString(counter)) + .png)): null

2018-12-14 11:03:10 - [TEST_STEP][PASSED] - Statement - counter = counter + 1: null

2018-12-14 11:03:10 - [TEST_STEP][PASSED] - Statement - PreSaveFile = new java.io.File(((pathPrefix + java.lang.Integer.toString(counter)) + .png)): null

2018-12-14 11:03:10 - [TEST_STEP][PASSED] - Statement - counter = counter + 1: null

2018-12-14 11:03:10 - [TEST_STEP][PASSED] - Statement - PreSaveFile = new java.io.File(((pathPrefix + java.lang.Integer.toString(counter)) + .png)): null

2018-12-14 11:03:10 - [TEST_STEP][PASSED] - Statement - counter = counter + 1: null

2018-12-14 11:03:10 - [TEST_STEP][PASSED] - Statement - PreSaveFile = new java.io.File(((pathPrefix + java.lang.Integer.toString(counter)) + .png)): null

2018-12-14 11:03:10 - [TEST_STEP][PASSED] - Statement - counter = counter + 1: null

2018-12-14 11:03:10 - [TEST_STEP][PASSED] - Statement - PreSaveFile = new java.io.File(((pathPrefix + java.lang.Integer.toString(counter)) + .png)): null

2018-12-14 11:03:10 - [TEST_STEP][PASSED] - Statement - counter = counter + 1: null

2018-12-14 11:03:10 - [TEST_STEP][PASSED] - Statement - PreSaveFile = new java.io.File(((pathPrefix + java.lang.Integer.toString(counter)) + .png)): null

2018-12-14 11:03:10 - [TEST_STEP][PASSED] - Statement - counter = counter + 1: null

2018-12-14 11:03:10 - [TEST_STEP][PASSED] - Statement - PreSaveFile = new java.io.File(((pathPrefix + java.lang.Integer.toString(counter)) + .png)): null

2018-12-14 11:03:10 - [TEST_STEP][PASSED] - Statement - counter = counter + 1: null

2018-12-14 11:03:10 - [TEST_STEP][PASSED] - Statement - PreSaveFile = new java.io.File(((pathPrefix + java.lang.Integer.toString(counter)) + .png)): null

2018-12-14 11:03:10 - [TEST_STEP][PASSED] - Statement - counter = counter + 1: null

2018-12-14 11:03:10 - [TEST_STEP][PASSED] - Statement - PreSaveFile = new java.io.File(((pathPrefix + java.lang.Integer.toString(counter)) + .png)): null

2018-12-14 11:03:10 - [TEST_STEP][PASSED] - Statement - counter = counter + 1: null

2018-12-14 11:03:10 - [TEST_STEP][PASSED] - Statement - PreSaveFile = new java.io.File(((pathPrefix + java.lang.Integer.toString(counter)) + .png)): null

2018-12-14 11:03:10 - [TEST_STEP][PASSED] - Statement - counter = counter + 1: null

2018-12-14 11:03:10 - [TEST_STEP][PASSED] - Statement - PreSaveFile = new java.io.File(((pathPrefix + java.lang.Integer.toString(counter)) + .png)): null

2018-12-14 11:03:10 - [TEST_STEP][PASSED] - Statement - counter = counter + 1: null

2018-12-14 11:03:10 - [TEST_STEP][PASSED] - Statement - PreSaveFile = new java.io.File(((pathPrefix + java.lang.Integer.toString(counter)) + .png)): null

2018-12-14 11:03:10 - [TEST_STEP][PASSED] - Statement - counter = counter + 1: null

2018-12-14 11:03:10 - [TEST_STEP][PASSED] - Statement - PreSaveFile = new java.io.File(((pathPrefix + java.lang.Integer.toString(counter)) + .png)): null

2018-12-14 11:03:10 - [TEST_STEP][PASSED] - Statement - counter = counter + 1: null

2018-12-14 11:03:10 - [TEST_STEP][PASSED] - Statement - PreSaveFile = new java.io.File(((pathPrefix + java.lang.Integer.toString(counter)) + .png)): null

2018-12-14 11:03:10 - [TEST_STEP][PASSED] - Statement - counter = counter + 1: null

2018-12-14 11:03:10 - [TEST_STEP][PASSED] - Statement - PreSaveFile = new java.io.File(((pathPrefix + java.lang.Integer.toString(counter)) + .png)): null

2018-12-14 11:03:10 - [TEST_STEP][PASSED] - Statement - counter = counter + 1: null

2018-12-14 11:03:10 - [TEST_STEP][PASSED] - Statement - PreSaveFile = new java.io.File(((pathPrefix + java.lang.Integer.toString(counter)) + .png)): null

2018-12-14 11:03:10 - [TEST_STEP][PASSED] - Statement - counter = counter + 1: null

2018-12-14 11:03:10 - [TEST_STEP][PASSED] - Statement - PreSaveFile = new java.io.File(((pathPrefix + java.lang.Integer.toString(counter)) + .png)): null

2018-12-14 11:03:10 - [TEST_STEP][PASSED] - Statement - counter = counter + 1: null

2018-12-14 11:03:10 - [TEST_STEP][PASSED] - Statement - PreSaveFile = new java.io.File(((pathPrefix + java.lang.Integer.toString(counter)) + .png)): null

2018-12-14 11:03:10 - [TEST_STEP][PASSED] - Statement - counter = counter + 1: null

2018-12-14 11:03:10 - [TEST_STEP][PASSED] - Statement - PreSaveFile = new java.io.File(((pathPrefix + java.lang.Integer.toString(counter)) + .png)): null

2018-12-14 11:03:10 - [TEST_STEP][PASSED] - Statement - counter = counter + 1: null

2018-12-14 11:03:10 - [TEST_STEP][PASSED] - Statement - PreSaveFile = new java.io.File(((pathPrefix + java.lang.Integer.toString(counter)) + .png)): null

2018-12-14 11:03:10 - [TEST_STEP][PASSED] - Statement - counter = counter + 1: null

2018-12-14 11:03:10 - [TEST_STEP][PASSED] - Statement - PreSaveFile = new java.io.File(((pathPrefix + java.lang.Integer.toString(counter)) + .png)): null

2018-12-14 11:03:10 - [TEST_STEP][PASSED] - Statement - counter = counter + 1: null

2018-12-14 11:03:10 - [TEST_STEP][PASSED] - Statement - PreSaveFile = new java.io.File(((pathPrefix + java.lang.Integer.toString(counter)) + .png)): null

2018-12-14 11:03:10 - [TEST_STEP][PASSED] - Statement - counter = counter + 1: null

2018-12-14 11:03:10 - [TEST_STEP][PASSED] - Statement - PreSaveFile = new java.io.File(((pathPrefix + java.lang.Integer.toString(counter)) + .png)): null

2018-12-14 11:03:10 - [TEST_STEP][PASSED] - Statement - counter = counter + 1: null

2018-12-14 11:03:10 - [TEST_STEP][PASSED] - Statement - PreSaveFile = new java.io.File(((pathPrefix + java.lang.Integer.toString(counter)) + .png)): null

2018-12-14 11:03:10 - [TEST_STEP][PASSED] - Statement - counter = counter + 1: null

2018-12-14 11:03:10 - [TEST_STEP][PASSED] - Statement - PreSaveFile = new java.io.File(((pathPrefix + java.lang.Integer.toString(counter)) + .png)): null

2018-12-14 11:03:10 - [TEST_STEP][PASSED] - Statement - counter = counter + 1: null

2018-12-14 11:03:10 - [TEST_STEP][PASSED] - Statement - PreSaveFile = new java.io.File(((pathPrefix + java.lang.Integer.toString(counter)) + .png)): null

2018-12-14 11:03:10 - [TEST_STEP][PASSED] - Statement - counter = counter + 1: null

2018-12-14 11:03:10 - [TEST_STEP][PASSED] - Statement - PreSaveFile = new java.io.File(((pathPrefix + java.lang.Integer.toString(counter)) + .png)): null

2018-12-14 11:03:10 - [TEST_STEP][PASSED] - Statement - counter = counter + 1: null

2018-12-14 11:03:10 - [TEST_STEP][PASSED] - Statement - PreSaveFile = new java.io.File(((pathPrefix + java.lang.Integer.toString(counter)) + .png)): null

2018-12-14 11:03:10 - [TEST_STEP][PASSED] - Statement - counter = counter + 1: null

2018-12-14 11:03:10 - [TEST_STEP][PASSED] - Statement - PreSaveFile = new java.io.File(((pathPrefix + java.lang.Integer.toString(counter)) + .png)): null

2018-12-14 11:03:10 - [TEST_STEP][PASSED] - Statement - counter = counter + 1: null

2018-12-14 11:03:10 - [TEST_STEP][PASSED] - Statement - PreSaveFile = new java.io.File(((pathPrefix + java.lang.Integer.toString(counter)) + .png)): null

2018-12-14 11:03:10 - [TEST_STEP][PASSED] - Statement - counter = counter + 1: null

2018-12-14 11:03:10 - [TEST_STEP][PASSED] - Statement - PreSaveFile = new java.io.File(((pathPrefix + java.lang.Integer.toString(counter)) + .png)): null

2018-12-14 11:03:10 - [TEST_STEP][PASSED] - Statement - counter = counter + 1: null

2018-12-14 11:03:10 - [TEST_STEP][PASSED] - Statement - PreSaveFile = new java.io.File(((pathPrefix + java.lang.Integer.toString(counter)) + .png)): null

2018-12-14 11:03:10 - [TEST_STEP][PASSED] - Statement - counter = counter + 1: null

2018-12-14 11:03:10 - [TEST_STEP][PASSED] - Statement - PreSaveFile = new java.io.File(((pathPrefix + java.lang.Integer.toString(counter)) + .png)): null

2018-12-14 11:03:10 - [TEST_STEP][PASSED] - Statement - counter = counter + 1: null

2018-12-14 11:03:10 - [TEST_STEP][PASSED] - Statement - PreSaveFile = new java.io.File(((pathPrefix + java.lang.Integer.toString(counter)) + .png)): null

2018-12-14 11:03:10 - [TEST_STEP][PASSED] - Statement - counter = counter + 1: null

2018-12-14 11:03:10 - [TEST_STEP][PASSED] - Statement - PreSaveFile = new java.io.File(((pathPrefix + java.lang.Integer.toString(counter)) + .png)): null

2018-12-14 11:03:10 - [TEST_STEP][PASSED] - Statement - counter = counter + 1: null

2018-12-14 11:03:10 - [TEST_STEP][PASSED] - Statement - PreSaveFile = new java.io.File(((pathPrefix + java.lang.Integer.toString(counter)) + .png)): null

2018-12-14 11:03:10 - [TEST_STEP][PASSED] - Statement - counter = counter + 1: null

2018-12-14 11:03:10 - [TEST_STEP][PASSED] - Statement - PreSaveFile = new java.io.File(((pathPrefix + java.lang.Integer.toString(counter)) + .png)): null

2018-12-14 11:03:10 - [TEST_STEP][PASSED] - Statement - counter = counter + 1: null

2018-12-14 11:03:10 - [TEST_STEP][PASSED] - Statement - PreSaveFile = new java.io.File(((pathPrefix + java.lang.Integer.toString(counter)) + .png)): null

2018-12-14 11:03:10 - [TEST_STEP][PASSED] - Statement - counter = counter + 1: null

2018-12-14 11:03:10 - [TEST_STEP][PASSED] - Statement - PreSaveFile = new java.io.File(((pathPrefix + java.lang.Integer.toString(counter)) + .png)): null

2018-12-14 11:03:10 - [TEST_STEP][PASSED] - Statement - counter = counter + 1: null

2018-12-14 11:03:10 - [TEST_STEP][PASSED] - Statement - PreSaveFile = new java.io.File(((pathPrefix + java.lang.Integer.toString(counter)) + .png)): null

2018-12-14 11:03:10 - [TEST_STEP][PASSED] - Statement - counter = counter + 1: null

2018-12-14 11:03:10 - [TEST_STEP][PASSED] - Statement - PreSaveFile = new java.io.File(((pathPrefix + java.lang.Integer.toString(counter)) + .png)): null

2018-12-14 11:03:10 - [TEST_STEP][PASSED] - Statement - counter = counter + 1: null

2018-12-14 11:03:10 - [TEST_STEP][PASSED] - Statement - PreSaveFile = new java.io.File(((pathPrefix + java.lang.Integer.toString(counter)) + .png)): null

2018-12-14 11:03:10 - [TEST_STEP][PASSED] - Statement - counter = counter + 1: null

2018-12-14 11:03:10 - [TEST_STEP][PASSED] - Statement - PreSaveFile = new java.io.File(((pathPrefix + java.lang.Integer.toString(counter)) + .png)): null

2018-12-14 11:03:10 - [TEST_STEP][PASSED] - Statement - counter = counter + 1: null

2018-12-14 11:03:10 - [TEST_STEP][PASSED] - Statement - PreSaveFile = new java.io.File(((pathPrefix + java.lang.Integer.toString(counter)) + .png)): null

2018-12-14 11:03:10 - [TEST_STEP][PASSED] - Statement - counter = counter + 1: null

2018-12-14 11:03:10 - [TEST_STEP][PASSED] - Statement - PreSaveFile = new java.io.File(((pathPrefix + java.lang.Integer.toString(counter)) + .png)): null

2018-12-14 11:03:10 - [TEST_STEP][PASSED] - Statement - counter = counter + 1: null

2018-12-14 11:03:10 - [TEST_STEP][PASSED] - Statement - PreSaveFile = new java.io.File(((pathPrefix + java.lang.Integer.toString(counter)) + .png)): null

2018-12-14 11:03:10 - [TEST_STEP][PASSED] - Statement - counter = counter + 1: null

2018-12-14 11:03:10 - [TEST_STEP][PASSED] - Statement - PreSaveFile = new java.io.File(((pathPrefix + java.lang.Integer.toString(counter)) + .png)): null

2018-12-14 11:03:10 - [TEST_STEP][PASSED] - Statement - counter = counter + 1: null

2018-12-14 11:03:10 - [TEST_STEP][PASSED] - Statement - PreSaveFile = new java.io.File(((pathPrefix + java.lang.Integer.toString(counter)) + .png)): null

2018-12-14 11:03:10 - [TEST_STEP][PASSED] - Statement - counter = counter + 1: null

2018-12-14 11:03:10 - [TEST_STEP][PASSED] - Statement - PreSaveFile = new java.io.File(((pathPrefix + java.lang.Integer.toString(counter)) + .png)): null

2018-12-14 11:03:10 - [TEST_STEP][PASSED] - Statement - counter = counter + 1: null

2018-12-14 11:03:10 - [TEST_STEP][PASSED] - Statement - PreSaveFile = new java.io.File(((pathPrefix + java.lang.Integer.toString(counter)) + .png)): null

2018-12-14 11:03:10 - [TEST_STEP][PASSED] - Statement - counter = counter + 1: null

2018-12-14 11:03:10 - [TEST_STEP][PASSED] - Statement - PreSaveFile = new java.io.File(((pathPrefix + java.lang.Integer.toString(counter)) + .png)): null

2018-12-14 11:03:10 - [TEST_STEP][PASSED] - Statement - counter = counter + 1: null

2018-12-14 11:03:10 - [TEST_STEP][PASSED] - Statement - PreSaveFile = new java.io.File(((pathPrefix + java.lang.Integer.toString(counter)) + .png)): null

2018-12-14 11:03:10 - [TEST_STEP][PASSED] - Statement - counter = counter + 1: null

2018-12-14 11:03:10 - [TEST_STEP][PASSED] - Statement - PreSaveFile = new java.io.File(((pathPrefix + java.lang.Integer.toString(counter)) + .png)): null

2018-12-14 11:03:10 - [TEST_STEP][PASSED] - Statement - counter = counter + 1: null

2018-12-14 11:03:10 - [TEST_STEP][PASSED] - Statement - PreSaveFile = new java.io.File(((pathPrefix + java.lang.Integer.toString(counter)) + .png)): null

2018-12-14 11:03:10 - [TEST_STEP][PASSED] - Statement - counter = counter + 1: null

2018-12-14 11:03:10 - [TEST_STEP][PASSED] - Statement - PreSaveFile = new java.io.File(((pathPrefix + java.lang.Integer.toString(counter)) + .png)): null

2018-12-14 11:03:10 - [TEST_STEP][PASSED] - Statement - counter = counter + 1: null

2018-12-14 11:03:10 - [TEST_STEP][PASSED] - Statement - PreSaveFile = new java.io.File(((pathPrefix + java.lang.Integer.toString(counter)) + .png)): null

2018-12-14 11:03:10 - [TEST_STEP][PASSED] - Statement - counter = counter + 1: null

2018-12-14 11:03:10 - [TEST_STEP][PASSED] - Statement - PreSaveFile = new java.io.File(((pathPrefix + java.lang.Integer.toString(counter)) + .png)): null

2018-12-14 11:03:10 - [TEST_STEP][PASSED] - Statement - counter = counter + 1: null

2018-12-14 11:03:10 - [TEST_STEP][PASSED] - Statement - PreSaveFile = new java.io.File(((pathPrefix + java.lang.Integer.toString(counter)) + .png)): null

2018-12-14 11:03:10 - [TEST_STEP][PASSED] - Statement - counter = counter + 1: null

2018-12-14 11:03:10 - [TEST_STEP][PASSED] - Statement - PreSaveFile = new java.io.File(((pathPrefix + java.lang.Integer.toString(counter)) + .png)): null

2018-12-14 11:03:10 - [TEST_STEP][PASSED] - Statement - counter = counter + 1: null

2018-12-14 11:03:10 - [TEST_STEP][PASSED] - Statement - PreSaveFile = new java.io.File(((pathPrefix + java.lang.Integer.toString(counter)) + .png)): null

2018-12-14 11:03:10 - [TEST_STEP][PASSED] - Statement - counter = counter + 1: null

2018-12-14 11:03:10 - [TEST_STEP][PASSED] - Statement - PreSaveFile = new java.io.File(((pathPrefix + java.lang.Integer.toString(counter)) + .png)): null

2018-12-14 11:03:10 - [TEST_STEP][PASSED] - Statement - counter = counter + 1: null

2018-12-14 11:03:10 - [TEST_STEP][PASSED] - Statement - PreSaveFile = new java.io.File(((pathPrefix + java.lang.Integer.toString(counter)) + .png)): null

2018-12-14 11:03:10 - [TEST_STEP][PASSED] - Statement - counter = counter + 1: null

2018-12-14 11:03:10 - [TEST_STEP][PASSED] - Statement - PreSaveFile = new java.io.File(((pathPrefix + java.lang.Integer.toString(counter)) + .png)): null

2018-12-14 11:03:10 - [TEST_STEP][PASSED] - Statement - counter = counter + 1: null

2018-12-14 11:03:10 - [TEST_STEP][PASSED] - Statement - PreSaveFile = new java.io.File(((pathPrefix + java.lang.Integer.toString(counter)) + .png)): null

2018-12-14 11:03:10 - [TEST_STEP][PASSED] - Statement - counter = counter + 1: null

2018-12-14 11:03:10 - [TEST_STEP][PASSED] - Statement - PreSaveFile = new java.io.File(((pathPrefix + java.lang.Integer.toString(counter)) + .png)): null

2018-12-14 11:03:10 - [TEST_STEP][PASSED] - Statement - counter = counter + 1: null

2018-12-14 11:03:10 - [TEST_STEP][PASSED] - Statement - PreSaveFile = new java.io.File(((pathPrefix + java.lang.Integer.toString(counter)) + .png)): null

2018-12-14 11:03:10 - [TEST_STEP][PASSED] - Statement - counter = counter + 1: null

2018-12-14 11:03:10 - [TEST_STEP][PASSED] - Statement - PreSaveFile = new java.io.File(((pathPrefix + java.lang.Integer.toString(counter)) + .png)): null

2018-12-14 11:03:10 - [TEST_STEP][PASSED] - Statement - counter = counter + 1: null

2018-12-14 11:03:10 - [TEST_STEP][PASSED] - Statement - PreSaveFile = new java.io.File(((pathPrefix + java.lang.Integer.toString(counter)) + .png)): null

2018-12-14 11:03:10 - [TEST_STEP][PASSED] - Statement - counter = counter + 1: null

2018-12-14 11:03:10 - [TEST_STEP][PASSED] - Statement - PreSaveFile = new java.io.File(((pathPrefix + java.lang.Integer.toString(counter)) + .png)): null

2018-12-14 11:03:10 - [TEST_STEP][PASSED] - Statement - counter = counter + 1: null

2018-12-14 11:03:10 - [TEST_STEP][PASSED] - Statement - PreSaveFile = new java.io.File(((pathPrefix + java.lang.Integer.toString(counter)) + .png)): null

2018-12-14 11:03:10 - [TEST_STEP][PASSED] - Statement - counter = counter + 1: null

2018-12-14 11:03:10 - [TEST_STEP][PASSED] - Statement - PreSaveFile = new java.io.File(((pathPrefix + java.lang.Integer.toString(counter)) + .png)): null

2018-12-14 11:03:10 - [TEST_STEP][PASSED] - Statement - counter = counter + 1: null

2018-12-14 11:03:10 - [TEST_STEP][PASSED] - Statement - PreSaveFile = new java.io.File(((pathPrefix + java.lang.Integer.toString(counter)) + .png)): null

2018-12-14 11:03:10 - [TEST_STEP][PASSED] - Statement - counter = counter + 1: null

2018-12-14 11:03:10 - [TEST_STEP][PASSED] - Statement - PreSaveFile = new java.io.File(((pathPrefix + java.lang.Integer.toString(counter)) + .png)): null

2018-12-14 11:03:10 - [TEST_STEP][PASSED] - Statement - counter = counter + 1: null

2018-12-14 11:03:10 - [TEST_STEP][PASSED] - Statement - PreSaveFile = new java.io.File(((pathPrefix + java.lang.Integer.toString(counter)) + .png)): null

2018-12-14 11:03:10 - [TEST_STEP][PASSED] - Statement - counter = counter + 1: null

2018-12-14 11:03:10 - [TEST_STEP][PASSED] - Statement - PreSaveFile = new java.io.File(((pathPrefix + java.lang.Integer.toString(counter)) + .png)): null

2018-12-14 11:03:10 - [TEST_STEP][PASSED] - Statement - counter = counter + 1: null

2018-12-14 11:03:10 - [TEST_STEP][PASSED] - Statement - PreSaveFile = new java.io.File(((pathPrefix + java.lang.Integer.toString(counter)) + .png)): null

2018-12-14 11:03:10 - [TEST_STEP][PASSED] - Statement - counter = counter + 1: null

2018-12-14 11:03:10 - [TEST_STEP][PASSED] - Statement - PreSaveFile = new java.io.File(((pathPrefix + java.lang.Integer.toString(counter)) + .png)): null

2018-12-14 11:03:10 - [TEST_STEP][PASSED] - Statement - counter = counter + 1: null

2018-12-14 11:03:10 - [TEST_STEP][PASSED] - Statement - PreSaveFile = new java.io.File(((pathPrefix + java.lang.Integer.toString(counter)) + .png)): null

2018-12-14 11:03:10 - [TEST_STEP][PASSED] - Statement - counter = counter + 1: null

2018-12-14 11:03:10 - [TEST_STEP][PASSED] - Statement - PreSaveFile = new java.io.File(((pathPrefix + java.lang.Integer.toString(counter)) + .png)): null

2018-12-14 11:03:10 - [TEST_STEP][PASSED] - Statement - counter = counter + 1: null

2018-12-14 11:03:10 - [TEST_STEP][PASSED] - Statement - PreSaveFile = new java.io.File(((pathPrefix + java.lang.Integer.toString(counter)) + .png)): null

2018-12-14 11:03:10 - [TEST_STEP][PASSED] - Statement - counter = counter + 1: null

2018-12-14 11:03:10 - [TEST_STEP][PASSED] - Statement - PreSaveFile = new java.io.File(((pathPrefix + java.lang.Integer.toString(counter)) + .png)): null

2018-12-14 11:03:10 - [TEST_STEP][PASSED] - Statement - counter = counter + 1: null

2018-12-14 11:03:10 - [TEST_STEP][PASSED] - Statement - PreSaveFile = new java.io.File(((pathPrefix + java.lang.Integer.toString(counter)) + .png)): null

2018-12-14 11:03:10 - [TEST_STEP][PASSED] - Statement - counter = counter + 1: null

2018-12-14 11:03:10 - [TEST_STEP][PASSED] - Statement - PreSaveFile = new java.io.File(((pathPrefix + java.lang.Integer.toString(counter)) + .png)): null

2018-12-14 11:03:10 - [TEST_STEP][PASSED] - Statement - counter = counter + 1: null

2018-12-14 11:03:10 - [TEST_STEP][PASSED] - Statement - PreSaveFile = new java.io.File(((pathPrefix + java.lang.Integer.toString(counter)) + .png)): null

2018-12-14 11:03:10 - [TEST_STEP][PASSED] - Statement - counter = counter + 1: null

2018-12-14 11:03:10 - [TEST_STEP][PASSED] - Statement - PreSaveFile = new java.io.File(((pathPrefix + java.lang.Integer.toString(counter)) + .png)): null

2018-12-14 11:03:10 - [TEST_STEP][PASSED] - Statement - counter = counter + 1: null

2018-12-14 11:03:10 - [TEST_STEP][PASSED] - Statement - PreSaveFile = new java.io.File(((pathPrefix + java.lang.Integer.toString(counter)) + .png)): null

2018-12-14 11:03:10 - [TEST_STEP][PASSED] - Statement - counter = counter + 1: null

2018-12-14 11:03:10 - [TEST_STEP][PASSED] - Statement - PreSaveFile = new java.io.File(((pathPrefix + java.lang.Integer.toString(counter)) + .png)): null

2018-12-14 11:03:10 - [TEST_STEP][PASSED] - Statement - counter = counter + 1: null

2018-12-14 11:03:10 - [TEST_STEP][PASSED] - Statement - PreSaveFile = new java.io.File(((pathPrefix + java.lang.Integer.toString(counter)) + .png)): null

2018-12-14 11:03:10 - [TEST_STEP][PASSED] - Statement - counter = counter + 1: null

2018-12-14 11:03:10 - [TEST_STEP][PASSED] - Statement - PreSaveFile = new java.io.File(((pathPrefix + java.lang.Integer.toString(counter)) + .png)): null

2018-12-14 11:03:10 - [TEST_STEP][PASSED] - Statement - counter = counter + 1: null

2018-12-14 11:03:10 - [TEST_STEP][PASSED] - Statement - PreSaveFile = new java.io.File(((pathPrefix + java.lang.Integer.toString(counter)) + .png)): null

2018-12-14 11:03:10 - [TEST_STEP][PASSED] - Statement - counter = counter + 1: null

2018-12-14 11:03:10 - [TEST_STEP][PASSED] - Statement - PreSaveFile = new java.io.File(((pathPrefix + java.lang.Integer.toString(counter)) + .png)): null

2018-12-14 11:03:10 - [TEST_STEP][PASSED] - Statement - counter = counter + 1: null

2018-12-14 11:03:10 - [TEST_STEP][PASSED] - Statement - PreSaveFile = new java.io.File(((pathPrefix + java.lang.Integer.toString(counter)) + .png)): null

2018-12-14 11:03:10 - [TEST_STEP][PASSED] - Statement - counter = counter + 1: null

2018-12-14 11:03:10 - [TEST_STEP][PASSED] - Statement - PreSaveFile = new java.io.File(((pathPrefix + java.lang.Integer.toString(counter)) + .png)): null

2018-12-14 11:03:10 - [TEST_STEP][PASSED] - Statement - counter = counter + 1: null

2018-12-14 11:03:10 - [TEST_STEP][PASSED] - Statement - PreSaveFile = new java.io.File(((pathPrefix + java.lang.Integer.toString(counter)) + .png)): null

2018-12-14 11:03:10 - [TEST_STEP][PASSED] - Statement - counter = counter + 1: null

2018-12-14 11:03:10 - [TEST_STEP][PASSED] - Statement - PreSaveFile = new java.io.File(((pathPrefix + java.lang.Integer.toString(counter)) + .png)): null

2018-12-14 11:03:10 - [TEST_STEP][PASSED] - Statement - counter = counter + 1: null

2018-12-14 11:03:10 - [TEST_STEP][PASSED] - Statement - PreSaveFile = new java.io.File(((pathPrefix + java.lang.Integer.toString(counter)) + .png)): null

2018-12-14 11:03:10 - [TEST_STEP][PASSED] - Statement - counter = counter + 1: null

2018-12-14 11:03:10 - [TEST_STEP][PASSED] - Statement - PreSaveFile = new java.io.File(((pathPrefix + java.lang.Integer.toString(counter)) + .png)): null

2018-12-14 11:03:10 - [TEST_STEP][PASSED] - Statement - counter = counter + 1: null

2018-12-14 11:03:10 - [TEST_STEP][PASSED] - Statement - PreSaveFile = new java.io.File(((pathPrefix + java.lang.Integer.toString(counter)) + .png)): null

2018-12-14 11:03:10 - [TEST_STEP][PASSED] - Statement - counter = counter + 1: null

2018-12-14 11:03:10 - [TEST_STEP][PASSED] - Statement - PreSaveFile = new java.io.File(((pathPrefix + java.lang.Integer.toString(counter)) + .png)): null

2018-12-14 11:03:10 - [TEST_STEP][PASSED] - Statement - counter = counter + 1: null

2018-12-14 11:03:10 - [TEST_STEP][PASSED] - Statement - PreSaveFile = new java.io.File(((pathPrefix + java.lang.Integer.toString(counter)) + .png)): null

2018-12-14 11:03:10 - [TEST_STEP][PASSED] - Statement - counter = counter + 1: null

2018-12-14 11:03:10 - [TEST_STEP][PASSED] - Statement - PreSaveFile = new java.io.File(((pathPrefix + java.lang.Integer.toString(counter)) + .png)): null

2018-12-14 11:03:10 - [TEST_STEP][PASSED] - Statement - counter = counter + 1: null

2018-12-14 11:03:10 - [TEST_STEP][PASSED] - Statement - PreSaveFile = new java.io.File(((pathPrefix + java.lang.Integer.toString(counter)) + .png)): null

2018-12-14 11:03:10 - [TEST_STEP][PASSED] - Statement - counter = counter + 1: null

2018-12-14 11:03:10 - [TEST_STEP][PASSED] - Statement - PreSaveFile = new java.io.File(((pathPrefix + java.lang.Integer.toString(counter)) + .png)): null

2018-12-14 11:03:10 - [TEST_STEP][PASSED] - Statement - counter = counter + 1: null

2018-12-14 11:03:10 - [TEST_STEP][PASSED] - Statement - PreSaveFile = new java.io.File(((pathPrefix + java.lang.Integer.toString(counter)) + .png)): null

2018-12-14 11:03:10 - [TEST_STEP][PASSED] - Statement - counter = counter + 1: null

2018-12-14 11:03:10 - [TEST_STEP][PASSED] - Statement - PreSaveFile = new java.io.File(((pathPrefix + java.lang.Integer.toString(counter)) + .png)): null

2018-12-14 11:03:10 - [TEST_STEP][PASSED] - Statement - counter = counter + 1: null

2018-12-14 11:03:10 - [TEST_STEP][PASSED] - Statement - PreSaveFile = new java.io.File(((pathPrefix + java.lang.Integer.toString(counter)) + .png)): null

2018-12-14 11:03:10 - [TEST_STEP][PASSED] - Statement - counter = counter + 1: null

2018-12-14 11:03:10 - [TEST_STEP][PASSED] - Statement - PreSaveFile = new java.io.File(((pathPrefix + java.lang.Integer.toString(counter)) + .png)): null

2018-12-14 11:03:10 - [TEST_STEP][PASSED] - Statement - counter = counter + 1: null

2018-12-14 11:03:10 - [TEST_STEP][PASSED] - Statement - PreSaveFile = new java.io.File(((pathPrefix + java.lang.Integer.toString(counter)) + .png)): null

2018-12-14 11:03:10 - [TEST_STEP][PASSED] - Statement - counter = counter + 1: null

2018-12-14 11:03:10 - [TEST_STEP][PASSED] - Statement - PreSaveFile = new java.io.File(((pathPrefix + java.lang.Integer.toString(counter)) + .png)): null

2018-12-14 11:03:10 - [TEST_STEP][PASSED] - Statement - counter = counter + 1: null

2018-12-14 11:03:10 - [TEST_STEP][PASSED] - Statement - PreSaveFile = new java.io.File(((pathPrefix + java.lang.Integer.toString(counter)) + .png)): null

2018-12-14 11:03:10 - [TEST_STEP][PASSED] - Statement - counter = counter + 1: null

2018-12-14 11:03:10 - [TEST_STEP][PASSED] - Statement - PreSaveFile = new java.io.File(((pathPrefix + java.lang.Integer.toString(counter)) + .png)): null

2018-12-14 11:03:10 - [TEST_STEP][PASSED] - Statement - counter = counter + 1: null

2018-12-14 11:03:10 - [TEST_STEP][PASSED] - Statement - PreSaveFile = new java.io.File(((pathPrefix + java.lang.Integer.toString(counter)) + .png)): null

2018-12-14 11:03:10 - [TEST_STEP][PASSED] - Statement - counter = counter + 1: null

2018-12-14 11:03:10 - [TEST_STEP][PASSED] - Statement - PreSaveFile = new java.io.File(((pathPrefix + java.lang.Integer.toString(counter)) + .png)): null

2018-12-14 11:03:10 - [TEST_STEP][PASSED] - Statement - counter = counter + 1: null

2018-12-14 11:03:10 - [TEST_STEP][PASSED] - Statement - PreSaveFile = new java.io.File(((pathPrefix + java.lang.Integer.toString(counter)) + .png)): null

2018-12-14 11:03:10 - [TEST_STEP][PASSED] - Statement - counter = counter + 1: null

2018-12-14 11:03:10 - [TEST_STEP][PASSED] - Statement - PreSaveFile = new java.io.File(((pathPrefix + java.lang.Integer.toString(counter)) + .png)): null

2018-12-14 11:03:10 - [TEST_STEP][PASSED] - Statement - counter = counter + 1: null

2018-12-14 11:03:10 - [TEST_STEP][PASSED] - Statement - PreSaveFile = new java.io.File(((pathPrefix + java.lang.Integer.toString(counter)) + .png)): null

2018-12-14 11:03:10 - [TEST_STEP][PASSED] - Statement - counter = counter + 1: null

2018-12-14 11:03:10 - [TEST_STEP][PASSED] - Statement - PreSaveFile = new java.io.File(((pathPrefix + java.lang.Integer.toString(counter)) + .png)): null

2018-12-14 11:03:10 - [TEST_STEP][PASSED] - Statement - counter = counter + 1: null

2018-12-14 11:03:10 - [TEST_STEP][PASSED] - Statement - PreSaveFile = new java.io.File(((pathPrefix + java.lang.Integer.toString(counter)) + .png)): null

2018-12-14 11:03:10 - [TEST_STEP][PASSED] - Statement - counter = counter + 1: null

2018-12-14 11:03:10 - [TEST_STEP][PASSED] - Statement - PreSaveFile = new java.io.File(((pathPrefix + java.lang.Integer.toString(counter)) + .png)): null

2018-12-14 11:03:10 - [TEST_STEP][PASSED] - Statement - counter = counter + 1: null

2018-12-14 11:03:10 - [TEST_STEP][PASSED] - Statement - PreSaveFile = new java.io.File(((pathPrefix + java.lang.Integer.toString(counter)) + .png)): null

2018-12-14 11:03:10 - [TEST_STEP][PASSED] - Statement - counter = counter + 1: null

2018-12-14 11:03:10 - [TEST_STEP][PASSED] - Statement - PreSaveFile = new java.io.File(((pathPrefix + java.lang.Integer.toString(counter)) + .png)): null

2018-12-14 11:03:10 - [TEST_STEP][PASSED] - Statement - counter = counter + 1: null

2018-12-14 11:03:10 - [TEST_STEP][PASSED] - Statement - PreSaveFile = new java.io.File(((pathPrefix + java.lang.Integer.toString(counter)) + .png)): null

2018-12-14 11:03:10 - [TEST_STEP][PASSED] - Statement - counter = counter + 1: null

2018-12-14 11:03:10 - [TEST_STEP][PASSED] - Statement - PreSaveFile = new java.io.File(((pathPrefix + java.lang.Integer.toString(counter)) + .png)): null

2018-12-14 11:03:10 - [TEST_STEP][PASSED] - Statement - counter = counter + 1: null

2018-12-14 11:03:10 - [TEST_STEP][PASSED] - Statement - PreSaveFile = new java.io.File(((pathPrefix + java.lang.Integer.toString(counter)) + .png)): null

2018-12-14 11:03:10 - [TEST_STEP][PASSED] - Statement - counter = counter + 1: null

2018-12-14 11:03:10 - [TEST_STEP][PASSED] - Statement - PreSaveFile = new java.io.File(((pathPrefix + java.lang.Integer.toString(counter)) + .png)): null

2018-12-14 11:03:10 - [TEST_STEP][PASSED] - Statement - counter = counter + 1: null

2018-12-14 11:03:10 - [TEST_STEP][PASSED] - Statement - PreSaveFile = new java.io.File(((pathPrefix + java.lang.Integer.toString(counter)) + .png)): null

2018-12-14 11:03:10 - [TEST_STEP][PASSED] - Statement - counter = counter + 1: null

2018-12-14 11:03:10 - [TEST_STEP][PASSED] - Statement - PreSaveFile = new java.io.File(((pathPrefix + java.lang.Integer.toString(counter)) + .png)): null

2018-12-14 11:03:10 - [TEST_STEP][PASSED] - Statement - counter = counter + 1: null

2018-12-14 11:03:10 - [TEST_STEP][PASSED] - Statement - PreSaveFile = new java.io.File(((pathPrefix + java.lang.Integer.toString(counter)) + .png)): null

2018-12-14 11:03:10 - [TEST_STEP][PASSED] - Statement - counter = counter + 1: null

2018-12-14 11:03:10 - [TEST_STEP][PASSED] - Statement - PreSaveFile = new java.io.File(((pathPrefix + java.lang.Integer.toString(counter)) + .png)): null

2018-12-14 11:03:10 - [TEST_STEP][PASSED] - Statement - counter = counter + 1: null

2018-12-14 11:03:10 - [TEST_STEP][PASSED] - Statement - PreSaveFile = new java.io.File(((pathPrefix + java.lang.Integer.toString(counter)) + .png)): null

2018-12-14 11:03:10 - [TEST_STEP][PASSED] - Statement - counter = counter + 1: null

2018-12-14 11:03:10 - [TEST_STEP][PASSED] - Statement - PreSaveFile = new java.io.File(((pathPrefix + java.lang.Integer.toString(counter)) + .png)): null

2018-12-14 11:03:10 - [TEST_STEP][PASSED] - Statement - counter = counter + 1: null

2018-12-14 11:03:10 - [TEST_STEP][PASSED] - Statement - PreSaveFile = new java.io.File(((pathPrefix + java.lang.Integer.toString(counter)) + .png)): null

2018-12-14 11:03:10 - [TEST_STEP][PASSED] - Statement - counter = counter + 1: null

2018-12-14 11:03:10 - [TEST_STEP][PASSED] - Statement - PreSaveFile = new java.io.File(((pathPrefix + java.lang.Integer.toString(counter)) + .png)): null

2018-12-14 11:03:10 - [TEST_STEP][PASSED] - Statement - counter = counter + 1: null

2018-12-14 11:03:10 - [TEST_STEP][PASSED] - Statement - PreSaveFile = new java.io.File(((pathPrefix + java.lang.Integer.toString(counter)) + .png)): null

2018-12-14 11:03:10 - [TEST_STEP][PASSED] - Statement - counter = counter + 1: null

2018-12-14 11:03:10 - [TEST_STEP][PASSED] - Statement - PreSaveFile = new java.io.File(((pathPrefix + java.lang.Integer.toString(counter)) + .png)): null

2018-12-14 11:03:10 - [TEST_STEP][PASSED] - Statement - counter = counter + 1: null

2018-12-14 11:03:10 - [TEST_STEP][PASSED] - Statement - PreSaveFile = new java.io.File(((pathPrefix + java.lang.Integer.toString(counter)) + .png)): null

2018-12-14 11:03:10 - [TEST_STEP][PASSED] - Statement - counter = counter + 1: null

2018-12-14 11:03:10 - [TEST_STEP][PASSED] - Statement - PreSaveFile = new java.io.File(((pathPrefix + java.lang.Integer.toString(counter)) + .png)): null

2018-12-14 11:03:10 - [TEST_STEP][PASSED] - Statement - counter = counter + 1: null

2018-12-14 11:03:10 - [TEST_STEP][PASSED] - Statement - PreSaveFile = new java.io.File(((pathPrefix + java.lang.Integer.toString(counter)) + .png)): null

2018-12-14 11:03:10 - [TEST_STEP][PASSED] - Statement - counter = counter + 1: null

2018-12-14 11:03:10 - [TEST_STEP][PASSED] - Statement - PreSaveFile = new java.io.File(((pathPrefix + java.lang.Integer.toString(counter)) + .png)): null

2018-12-14 11:03:10 - [TEST_STEP][PASSED] - Statement - counter = counter + 1: null

2018-12-14 11:03:10 - [TEST_STEP][PASSED] - Statement - PreSaveFile = new java.io.File(((pathPrefix + java.lang.Integer.toString(counter)) + .png)): null

2018-12-14 11:03:10 - [TEST_STEP][PASSED] - Statement - counter = counter + 1: null

2018-12-14 11:03:10 - [TEST_STEP][PASSED] - Statement - PreSaveFile = new java.io.File(((pathPrefix + java.lang.Integer.toString(counter)) + .png)): null

2018-12-14 11:03:10 - [TEST_STEP][PASSED] - Statement - counter = counter + 1: null

2018-12-14 11:03:10 - [TEST_STEP][PASSED] - Statement - PreSaveFile = new java.io.File(((pathPrefix + java.lang.Integer.toString(counter)) + .png)): null

2018-12-14 11:03:10 - [TEST_STEP][PASSED] - Statement - counter = counter + 1: null

2018-12-14 11:03:10 - [TEST_STEP][PASSED] - Statement - PreSaveFile = new java.io.File(((pathPrefix + java.lang.Integer.toString(counter)) + .png)): null

2018-12-14 11:03:10 - [TEST_STEP][PASSED] - Statement - counter = counter + 1: null

2018-12-14 11:03:10 - [TEST_STEP][PASSED] - Statement - PreSaveFile = new java.io.File(((pathPrefix + java.lang.Integer.toString(counter)) + .png)): null

2018-12-14 11:03:10 - [TEST_STEP][PASSED] - Statement - counter = counter + 1: null

2018-12-14 11:03:10 - [TEST_STEP][PASSED] - Statement - PreSaveFile = new java.io.File(((pathPrefix + java.lang.Integer.toString(counter)) + .png)): null

2018-12-14 11:03:10 - [TEST_STEP][PASSED] - Statement - counter = counter + 1: null

2018-12-14 11:03:10 - [TEST_STEP][PASSED] - Statement - PreSaveFile = new java.io.File(((pathPrefix + java.lang.Integer.toString(counter)) + .png)): null

2018-12-14 11:03:10 - [TEST_STEP][PASSED] - Statement - counter = counter + 1: null

2018-12-14 11:03:10 - [TEST_STEP][PASSED] - Statement - PreSaveFile = new java.io.File(((pathPrefix + java.lang.Integer.toString(counter)) + .png)): null

2018-12-14 11:03:10 - [TEST_STEP][PASSED] - Statement - counter = counter + 1: null

2018-12-14 11:03:10 - [TEST_STEP][PASSED] - Statement - PreSaveFile = new java.io.File(((pathPrefix + java.lang.Integer.toString(counter)) + .png)): null

2018-12-14 11:03:10 - [TEST_STEP][PASSED] - Statement - counter = counter + 1: null

2018-12-14 11:03:10 - [TEST_STEP][PASSED] - Statement - PreSaveFile = new java.io.File(((pathPrefix + java.lang.Integer.toString(counter)) + .png)): null

2018-12-14 11:03:10 - [TEST_STEP][PASSED] - Statement - counter = counter + 1: null

2018-12-14 11:03:10 - [TEST_STEP][PASSED] - Statement - PreSaveFile = new java.io.File(((pathPrefix + java.lang.Integer.toString(counter)) + .png)): null

2018-12-14 11:03:10 - [TEST_STEP][PASSED] - Statement - counter = counter + 1: null

2018-12-14 11:03:10 - [TEST_STEP][PASSED] - Statement - PreSaveFile = new java.io.File(((pathPrefix + java.lang.Integer.toString(counter)) + .png)): null

2018-12-14 11:03:10 - [TEST_STEP][PASSED] - Statement - counter = counter + 1: null

2018-12-14 11:03:10 - [TEST_STEP][PASSED] - Statement - PreSaveFile = new java.io.File(((pathPrefix + java.lang.Integer.toString(counter)) + .png)): null

2018-12-14 11:03:10 - [TEST_STEP][PASSED] - Statement - counter = counter + 1: null

2018-12-14 11:03:10 - [TEST_STEP][PASSED] - Statement - PreSaveFile = new java.io.File(((pathPrefix + java.lang.Integer.toString(counter)) + .png)): null

2018-12-14 11:03:10 - [TEST_STEP][PASSED] - Statement - counter = counter + 1: null

2018-12-14 11:03:10 - [TEST_STEP][PASSED] - Statement - PreSaveFile = new java.io.File(((pathPrefix + java.lang.Integer.toString(counter)) + .png)): null

2018-12-14 11:03:10 - [TEST_STEP][PASSED] - Statement - counter = counter + 1: null

2018-12-14 11:03:10 - [TEST_STEP][PASSED] - Statement - PreSaveFile = new java.io.File(((pathPrefix + java.lang.Integer.toString(counter)) + .png)): null

2018-12-14 11:03:10 - [TEST_STEP][PASSED] - Statement - counter = counter + 1: null

2018-12-14 11:03:10 - [TEST_STEP][PASSED] - Statement - PreSaveFile = new java.io.File(((pathPrefix + java.lang.Integer.toString(counter)) + .png)): null

2018-12-14 11:03:10 - [TEST_STEP][PASSED] - Statement - counter = counter + 1: null

2018-12-14 11:03:10 - [TEST_STEP][PASSED] - Statement - PreSaveFile = new java.io.File(((pathPrefix + java.lang.Integer.toString(counter)) + .png)): null

2018-12-14 11:03:10 - [TEST_STEP][PASSED] - Statement - counter = counter + 1: null

2018-12-14 11:03:10 - [TEST_STEP][PASSED] - Statement - PreSaveFile = new java.io.File(((pathPrefix + java.lang.Integer.toString(counter)) + .png)): null

2018-12-14 11:03:10 - [TEST_STEP][PASSED] - Statement - counter = counter + 1: null

2018-12-14 11:03:10 - [TEST_STEP][PASSED] - Statement - PreSaveFile = new java.io.File(((pathPrefix + java.lang.Integer.toString(counter)) + .png)): null

2018-12-14 11:03:10 - [TEST_STEP][PASSED] - Statement - counter = counter + 1: null

2018-12-14 11:03:10 - [TEST_STEP][PASSED] - Statement - PreSaveFile = new java.io.File(((pathPrefix + java.lang.Integer.toString(counter)) + .png)): null

2018-12-14 11:03:10 - [TEST_STEP][PASSED] - Statement - counter = counter + 1: null

2018-12-14 11:03:10 - [TEST_STEP][PASSED] - Statement - PreSaveFile = new java.io.File(((pathPrefix + java.lang.Integer.toString(counter)) + .png)): null

2018-12-14 11:03:10 - [TEST_STEP][PASSED] - Statement - counter = counter + 1: null

2018-12-14 11:03:10 - [TEST_STEP][PASSED] - Statement - PreSaveFile = new java.io.File(((pathPrefix + java.lang.Integer.toString(counter)) + .png)): null

2018-12-14 11:03:10 - [TEST_STEP][PASSED] - Statement - counter = counter + 1: null

2018-12-14 11:03:10 - [TEST_STEP][PASSED] - Statement - PreSaveFile = new java.io.File(((pathPrefix + java.lang.Integer.toString(counter)) + .png)): null

2018-12-14 11:03:10 - [TEST_STEP][PASSED] - Statement - counter = counter + 1: null

2018-12-14 11:03:10 - [TEST_STEP][PASSED] - Statement - PreSaveFile = new java.io.File(((pathPrefix + java.lang.Integer.toString(counter)) + .png)): null

2018-12-14 11:03:10 - [TEST_STEP][PASSED] - Statement - counter = counter + 1: null

2018-12-14 11:03:10 - [TEST_STEP][PASSED] - Statement - PreSaveFile = new java.io.File(((pathPrefix + java.lang.Integer.toString(counter)) + .png)): null

2018-12-14 11:03:11 - [TEST_STEP][PASSED] - Statement - counter = counter + 1: null

2018-12-14 11:03:11 - [TEST_STEP][PASSED] - Statement - PreSaveFile = new java.io.File(((pathPrefix + java.lang.Integer.toString(counter)) + .png)): null

2018-12-14 11:03:11 - [TEST_STEP][PASSED] - Statement - counter = counter + 1: null

2018-12-14 11:03:11 - [TEST_STEP][PASSED] - Statement - PreSaveFile = new java.io.File(((pathPrefix + java.lang.Integer.toString(counter)) + .png)): null

2018-12-14 11:03:11 - [TEST_STEP][PASSED] - Statement - counter = counter + 1: null

2018-12-14 11:03:11 - [TEST_STEP][PASSED] - Statement - PreSaveFile = new java.io.File(((pathPrefix + java.lang.Integer.toString(counter)) + .png)): null

2018-12-14 11:03:11 - [TEST_STEP][PASSED] - Statement - counter = counter + 1: null

2018-12-14 11:03:11 - [TEST_STEP][PASSED] - Statement - PreSaveFile = new java.io.File(((pathPrefix + java.lang.Integer.toString(counter)) + .png)): null

2018-12-14 11:03:11 - [TEST_STEP][PASSED] - Statement - counter = counter + 1: null

2018-12-14 11:03:11 - [TEST_STEP][PASSED] - Statement - PreSaveFile = new java.io.File(((pathPrefix + java.lang.Integer.toString(counter)) + .png)): null

2018-12-14 11:03:11 - [TEST_STEP][PASSED] - Statement - counter = counter + 1: null

2018-12-14 11:03:11 - [TEST_STEP][PASSED] - Statement - PreSaveFile = new java.io.File(((pathPrefix + java.lang.Integer.toString(counter)) + .png)): null

2018-12-14 11:03:11 - [TEST_STEP][PASSED] - Statement - counter = counter + 1: null

2018-12-14 11:03:11 - [TEST_STEP][PASSED] - Statement - PreSaveFile = new java.io.File(((pathPrefix + java.lang.Integer.toString(counter)) + .png)): null

2018-12-14 11:03:11 - [TEST_STEP][PASSED] - Statement - counter = counter + 1: null

2018-12-14 11:03:11 - [TEST_STEP][PASSED] - Statement - PreSaveFile = new java.io.File(((pathPrefix + java.lang.Integer.toString(counter)) + .png)): null

2018-12-14 11:03:11 - [TEST_STEP][PASSED] - Statement - counter = counter + 1: null

2018-12-14 11:03:11 - [TEST_STEP][PASSED] - Statement - PreSaveFile = new java.io.File(((pathPrefix + java.lang.Integer.toString(counter)) + .png)): null

2018-12-14 11:03:11 - [TEST_STEP][PASSED] - Statement - counter = counter + 1: null

2018-12-14 11:03:11 - [TEST_STEP][PASSED] - Statement - PreSaveFile = new java.io.File(((pathPrefix + java.lang.Integer.toString(counter)) + .png)): null

2018-12-14 11:03:11 - [TEST_STEP][PASSED] - Statement - counter = counter + 1: null

2018-12-14 11:03:11 - [TEST_STEP][PASSED] - Statement - PreSaveFile = new java.io.File(((pathPrefix + java.lang.Integer.toString(counter)) + .png)): null

2018-12-14 11:03:11 - [TEST_STEP][PASSED] - Statement - counter = counter + 1: null

2018-12-14 11:03:11 - [TEST_STEP][PASSED] - Statement - PreSaveFile = new java.io.File(((pathPrefix + java.lang.Integer.toString(counter)) + .png)): null

2018-12-14 11:03:11 - [TEST_STEP][PASSED] - Statement - counter = counter + 1: null

2018-12-14 11:03:11 - [TEST_STEP][PASSED] - Statement - PreSaveFile = new java.io.File(((pathPrefix + java.lang.Integer.toString(counter)) + .png)): null

2018-12-14 11:03:11 - [TEST_STEP][PASSED] - Statement - counter = counter + 1: null

2018-12-14 11:03:11 - [TEST_STEP][PASSED] - Statement - PreSaveFile = new java.io.File(((pathPrefix + java.lang.Integer.toString(counter)) + .png)): null

2018-12-14 11:03:11 - [TEST_STEP][PASSED] - Statement - counter = counter + 1: null

2018-12-14 11:03:11 - [TEST_STEP][PASSED] - Statement - PreSaveFile = new java.io.File(((pathPrefix + java.lang.Integer.toString(counter)) + .png)): null

2018-12-14 11:03:11 - [TEST_STEP][PASSED] - Statement - counter = counter + 1: null

2018-12-14 11:03:11 - [TEST_STEP][PASSED] - Statement - PreSaveFile = new java.io.File(((pathPrefix + java.lang.Integer.toString(counter)) + .png)): null

2018-12-14 11:03:11 - [TEST_STEP][PASSED] - Statement - counter = counter + 1: null

2018-12-14 11:03:11 - [TEST_STEP][PASSED] - Statement - PreSaveFile = new java.io.File(((pathPrefix + java.lang.Integer.toString(counter)) + .png)): null

2018-12-14 11:03:11 - [TEST_STEP][PASSED] - Statement - counter = counter + 1: null

2018-12-14 11:03:11 - [TEST_STEP][PASSED] - Statement - PreSaveFile = new java.io.File(((pathPrefix + java.lang.Integer.toString(counter)) + .png)): null

2018-12-14 11:03:11 - [TEST_STEP][PASSED] - Statement - counter = counter + 1: null

2018-12-14 11:03:11 - [TEST_STEP][PASSED] - Statement - PreSaveFile = new java.io.File(((pathPrefix + java.lang.Integer.toString(counter)) + .png)): null

2018-12-14 11:03:11 - [TEST_STEP][PASSED] - Statement - counter = counter + 1: null

2018-12-14 11:03:11 - [TEST_STEP][PASSED] - Statement - PreSaveFile = new java.io.File(((pathPrefix + java.lang.Integer.toString(counter)) + .png)): null

2018-12-14 11:03:11 - [TEST_STEP][PASSED] - Statement - counter = counter + 1: null

2018-12-14 11:03:11 - [TEST_STEP][PASSED] - Statement - PreSaveFile = new java.io.File(((pathPrefix + java.lang.Integer.toString(counter)) + .png)): null

2018-12-14 11:03:11 - [TEST_STEP][PASSED] - Statement - counter = counter + 1: null

2018-12-14 11:03:11 - [TEST_STEP][PASSED] - Statement - PreSaveFile = new java.io.File(((pathPrefix + java.lang.Integer.toString(counter)) + .png)): null

2018-12-14 11:03:11 - [TEST_STEP][PASSED] - Statement - counter = counter + 1: null

2018-12-14 11:03:11 - [TEST_STEP][PASSED] - Statement - PreSaveFile = new java.io.File(((pathPrefix + java.lang.Integer.toString(counter)) + .png)): null

2018-12-14 11:03:11 - [TEST_STEP][PASSED] - Statement - counter = counter + 1: null

2018-12-14 11:03:11 - [TEST_STEP][PASSED] - Statement - PreSaveFile = new java.io.File(((pathPrefix + java.lang.Integer.toString(counter)) + .png)): null

2018-12-14 11:03:11 - [TEST_STEP][PASSED] - Statement - counter = counter + 1: null

2018-12-14 11:03:11 - [TEST_STEP][PASSED] - Statement - PreSaveFile = new java.io.File(((pathPrefix + java.lang.Integer.toString(counter)) + .png)): null

2018-12-14 11:03:11 - [TEST_STEP][PASSED] - Statement - counter = counter + 1: null

2018-12-14 11:03:11 - [TEST_STEP][PASSED] - Statement - PreSaveFile = new java.io.File(((pathPrefix + java.lang.Integer.toString(counter)) + .png)): null

2018-12-14 11:03:11 - [TEST_STEP][PASSED] - Statement - counter = counter + 1: null

2018-12-14 11:03:11 - [TEST_STEP][PASSED] - Statement - PreSaveFile = new java.io.File(((pathPrefix + java.lang.Integer.toString(counter)) + .png)): null

2018-12-14 11:03:11 - [TEST_STEP][PASSED] - Statement - counter = counter + 1: null

2018-12-14 11:03:11 - [TEST_STEP][PASSED] - Statement - PreSaveFile = new java.io.File(((pathPrefix + java.lang.Integer.toString(counter)) + .png)): null

2018-12-14 11:03:11 - [TEST_STEP][PASSED] - Statement - counter = counter + 1: null

2018-12-14 11:03:11 - [TEST_STEP][PASSED] - Statement - PreSaveFile = new java.io.File(((pathPrefix + java.lang.Integer.toString(counter)) + .png)): null

2018-12-14 11:03:11 - [TEST_STEP][PASSED] - Statement - counter = counter + 1: null

2018-12-14 11:03:11 - [TEST_STEP][PASSED] - Statement - PreSaveFile = new java.io.File(((pathPrefix + java.lang.Integer.toString(counter)) + .png)): null

2018-12-14 11:03:11 - [TEST_STEP][PASSED] - Statement - counter = counter + 1: null

2018-12-14 11:03:11 - [TEST_STEP][PASSED] - Statement - PreSaveFile = new java.io.File(((pathPrefix + java.lang.Integer.toString(counter)) + .png)): null

2018-12-14 11:03:11 - [TEST_STEP][PASSED] - Statement - counter = counter + 1: null

2018-12-14 11:03:11 - [TEST_STEP][PASSED] - Statement - PreSaveFile = new java.io.File(((pathPrefix + java.lang.Integer.toString(counter)) + .png)): null

2018-12-14 11:03:11 - [TEST_STEP][PASSED] - Statement - counter = counter + 1: null

2018-12-14 11:03:11 - [TEST_STEP][PASSED] - Statement - PreSaveFile = new java.io.File(((pathPrefix + java.lang.Integer.toString(counter)) + .png)): null

2018-12-14 11:03:11 - [TEST_STEP][PASSED] - Statement - counter = counter + 1: null

2018-12-14 11:03:11 - [TEST_STEP][PASSED] - Statement - PreSaveFile = new java.io.File(((pathPrefix + java.lang.Integer.toString(counter)) + .png)): null

2018-12-14 11:03:11 - [TEST_STEP][PASSED] - Statement - counter = counter + 1: null

2018-12-14 11:03:11 - [TEST_STEP][PASSED] - Statement - PreSaveFile = new java.io.File(((pathPrefix + java.lang.Integer.toString(counter)) + .png)): null

2018-12-14 11:03:11 - [TEST_STEP][PASSED] - Statement - counter = counter + 1: null

2018-12-14 11:03:11 - [TEST_STEP][PASSED] - Statement - PreSaveFile = new java.io.File(((pathPrefix + java.lang.Integer.toString(counter)) + .png)): null

2018-12-14 11:03:11 - [TEST_STEP][PASSED] - Statement - counter = counter + 1: null

2018-12-14 11:03:11 - [TEST_STEP][PASSED] - Statement - PreSaveFile = new java.io.File(((pathPrefix + java.lang.Integer.toString(counter)) + .png)): null

2018-12-14 11:03:11 - [TEST_STEP][PASSED] - Statement - counter = counter + 1: null

2018-12-14 11:03:11 - [TEST_STEP][PASSED] - Statement - PreSaveFile = new java.io.File(((pathPrefix + java.lang.Integer.toString(counter)) + .png)): null

2018-12-14 11:03:11 - [TEST_STEP][PASSED] - Statement - counter = counter + 1: null

2018-12-14 11:03:11 - [TEST_STEP][PASSED] - Statement - PreSaveFile = new java.io.File(((pathPrefix + java.lang.Integer.toString(counter)) + .png)): null

2018-12-14 11:03:11 - [TEST_STEP][PASSED] - Statement - counter = counter + 1: null

2018-12-14 11:03:11 - [TEST_STEP][PASSED] - Statement - PreSaveFile = new java.io.File(((pathPrefix + java.lang.Integer.toString(counter)) + .png)): null

2018-12-14 11:03:11 - [TEST_STEP][PASSED] - Statement - counter = counter + 1: null

2018-12-14 11:03:11 - [TEST_STEP][PASSED] - Statement - PreSaveFile = new java.io.File(((pathPrefix + java.lang.Integer.toString(counter)) + .png)): null

2018-12-14 11:03:11 - [TEST_STEP][PASSED] - Statement - counter = counter + 1: null

2018-12-14 11:03:11 - [TEST_STEP][PASSED] - Statement - PreSaveFile = new java.io.File(((pathPrefix + java.lang.Integer.toString(counter)) + .png)): null

2018-12-14 11:03:11 - [TEST_STEP][PASSED] - Statement - counter = counter + 1: null

2018-12-14 11:03:11 - [TEST_STEP][PASSED] - Statement - PreSaveFile = new java.io.File(((pathPrefix + java.lang.Integer.toString(counter)) + .png)): null

2018-12-14 11:03:11 - [TEST_STEP][PASSED] - Statement - counter = counter + 1: null

2018-12-14 11:03:11 - [TEST_STEP][PASSED] - Statement - PreSaveFile = new java.io.File(((pathPrefix + java.lang.Integer.toString(counter)) + .png)): null

2018-12-14 11:03:11 - [TEST_STEP][PASSED] - Statement - counter = counter + 1: null

2018-12-14 11:03:11 - [TEST_STEP][PASSED] - Statement - PreSaveFile = new java.io.File(((pathPrefix + java.lang.Integer.toString(counter)) + .png)): null

2018-12-14 11:03:11 - [TEST_STEP][PASSED] - Statement - counter = counter + 1: null

2018-12-14 11:03:11 - [TEST_STEP][PASSED] - Statement - PreSaveFile = new java.io.File(((pathPrefix + java.lang.Integer.toString(counter)) + .png)): null

2018-12-14 11:03:11 - [TEST_STEP][PASSED] - Statement - counter = counter + 1: null

2018-12-14 11:03:11 - [TEST_STEP][PASSED] - Statement - PreSaveFile = new java.io.File(((pathPrefix + java.lang.Integer.toString(counter)) + .png)): null

2018-12-14 11:03:11 - [TEST_STEP][PASSED] - Statement - counter = counter + 1: null

2018-12-14 11:03:11 - [TEST_STEP][PASSED] - Statement - PreSaveFile = new java.io.File(((pathPrefix + java.lang.Integer.toString(counter)) + .png)): null

2018-12-14 11:03:11 - [TEST_STEP][PASSED] - Statement - counter = counter + 1: null

2018-12-14 11:03:11 - [TEST_STEP][PASSED] - Statement - PreSaveFile = new java.io.File(((pathPrefix + java.lang.Integer.toString(counter)) + .png)): null

2018-12-14 11:03:11 - [TEST_STEP][PASSED] - Statement - counter = counter + 1: null

2018-12-14 11:03:11 - [TEST_STEP][PASSED] - Statement - PreSaveFile = new java.io.File(((pathPrefix + java.lang.Integer.toString(counter)) + .png)): null

2018-12-14 11:03:11 - [TEST_STEP][PASSED] - Statement - counter = counter + 1: null

2018-12-14 11:03:11 - [TEST_STEP][PASSED] - Statement - PreSaveFile = new java.io.File(((pathPrefix + java.lang.Integer.toString(counter)) + .png)): null

2018-12-14 11:03:11 - [TEST_STEP][PASSED] - Statement - counter = counter + 1: null

2018-12-14 11:03:11 - [TEST_STEP][PASSED] - Statement - PreSaveFile = new java.io.File(((pathPrefix + java.lang.Integer.toString(counter)) + .png)): null

2018-12-14 11:03:11 - [TEST_STEP][PASSED] - Statement - counter = counter + 1: null

2018-12-14 11:03:11 - [TEST_STEP][PASSED] - Statement - PreSaveFile = new java.io.File(((pathPrefix + java.lang.Integer.toString(counter)) + .png)): null

2018-12-14 11:03:11 - [TEST_STEP][PASSED] - Statement - counter = counter + 1: null

2018-12-14 11:03:11 - [TEST_STEP][PASSED] - Statement - PreSaveFile = new java.io.File(((pathPrefix + java.lang.Integer.toString(counter)) + .png)): null

2018-12-14 11:03:11 - [TEST_STEP][PASSED] - Statement - counter = counter + 1: null

2018-12-14 11:03:11 - [TEST_STEP][PASSED] - Statement - PreSaveFile = new java.io.File(((pathPrefix + java.lang.Integer.toString(counter)) + .png)): null

2018-12-14 11:03:11 - [TEST_STEP][PASSED] - Statement - counter = counter + 1: null

2018-12-14 11:03:11 - [TEST_STEP][PASSED] - Statement - PreSaveFile = new java.io.File(((pathPrefix + java.lang.Integer.toString(counter)) + .png)): null

2018-12-14 11:03:11 - [TEST_STEP][PASSED] - Statement - counter = counter + 1: null

2018-12-14 11:03:11 - [TEST_STEP][PASSED] - Statement - PreSaveFile = new java.io.File(((pathPrefix + java.lang.Integer.toString(counter)) + .png)): null

2018-12-14 11:03:11 - [TEST_STEP][PASSED] - Statement - counter = counter + 1: null

2018-12-14 11:03:11 - [TEST_STEP][PASSED] - Statement - PreSaveFile = new java.io.File(((pathPrefix + java.lang.Integer.toString(counter)) + .png)): null

2018-12-14 11:03:11 - [TEST_STEP][PASSED] - Statement - counter = counter + 1: null

2018-12-14 11:03:11 - [TEST_STEP][PASSED] - Statement - PreSaveFile = new java.io.File(((pathPrefix + java.lang.Integer.toString(counter)) + .png)): null

2018-12-14 11:03:11 - [TEST_STEP][PASSED] - Statement - counter = counter + 1: null

2018-12-14 11:03:11 - [TEST_STEP][PASSED] - Statement - PreSaveFile = new java.io.File(((pathPrefix + java.lang.Integer.toString(counter)) + .png)): null

2018-12-14 11:03:11 - [TEST_STEP][PASSED] - Statement - counter = counter + 1: null

2018-12-14 11:03:11 - [TEST_STEP][PASSED] - Statement - PreSaveFile = new java.io.File(((pathPrefix + java.lang.Integer.toString(counter)) + .png)): null

2018-12-14 11:03:11 - [TEST_STEP][PASSED] - Statement - counter = counter + 1: null

2018-12-14 11:03:11 - [TEST_STEP][PASSED] - Statement - PreSaveFile = new java.io.File(((pathPrefix + java.lang.Integer.toString(counter)) + .png)): null

2018-12-14 11:03:11 - [TEST_STEP][PASSED] - Statement - counter = counter + 1: null

2018-12-14 11:03:11 - [TEST_STEP][PASSED] - Statement - PreSaveFile = new java.io.File(((pathPrefix + java.lang.Integer.toString(counter)) + .png)): null

2018-12-14 11:03:11 - [TEST_STEP][PASSED] - Statement - counter = counter + 1: null

2018-12-14 11:03:11 - [TEST_STEP][PASSED] - Statement - PreSaveFile = new java.io.File(((pathPrefix + java.lang.Integer.toString(counter)) + .png)): null

2018-12-14 11:03:11 - [TEST_STEP][PASSED] - Statement - counter = counter + 1: null

2018-12-14 11:03:11 - [TEST_STEP][PASSED] - Statement - PreSaveFile = new java.io.File(((pathPrefix + java.lang.Integer.toString(counter)) + .png)): null

2018-12-14 11:03:11 - [TEST_STEP][PASSED] - Statement - counter = counter + 1: null

2018-12-14 11:03:11 - [TEST_STEP][PASSED] - Statement - PreSaveFile = new java.io.File(((pathPrefix + java.lang.Integer.toString(counter)) + .png)): null

2018-12-14 11:03:11 - [TEST_STEP][PASSED] - Statement - counter = counter + 1: null

2018-12-14 11:03:11 - [TEST_STEP][PASSED] - Statement - PreSaveFile = new java.io.File(((pathPrefix + java.lang.Integer.toString(counter)) + .png)): null

2018-12-14 11:03:11 - [TEST_STEP][PASSED] - Statement - counter = counter + 1: null

2018-12-14 11:03:11 - [TEST_STEP][PASSED] - Statement - PreSaveFile = new java.io.File(((pathPrefix + java.lang.Integer.toString(counter)) + .png)): null

2018-12-14 11:03:11 - [TEST_STEP][PASSED] - Statement - counter = counter + 1: null

2018-12-14 11:03:11 - [TEST_STEP][PASSED] - Statement - PreSaveFile = new java.io.File(((pathPrefix + java.lang.Integer.toString(counter)) + .png)): null

2018-12-14 11:03:11 - [TEST_STEP][PASSED] - Statement - counter = counter + 1: null

2018-12-14 11:03:11 - [TEST_STEP][PASSED] - Statement - PreSaveFile = new java.io.File(((pathPrefix + java.lang.Integer.toString(counter)) + .png)): null

2018-12-14 11:03:11 - [TEST_STEP][PASSED] - Statement - counter = counter + 1: null

2018-12-14 11:03:11 - [TEST_STEP][PASSED] - Statement - PreSaveFile = new java.io.File(((pathPrefix + java.lang.Integer.toString(counter)) + .png)): null

2018-12-14 11:03:11 - [TEST_STEP][PASSED] - Statement - counter = counter + 1: null

2018-12-14 11:03:11 - [TEST_STEP][PASSED] - Statement - PreSaveFile = new java.io.File(((pathPrefix + java.lang.Integer.toString(counter)) + .png)): null

2018-12-14 11:03:11 - [TEST_STEP][PASSED] - Statement - counter = counter + 1: null

2018-12-14 11:03:11 - [TEST_STEP][PASSED] - Statement - PreSaveFile = new java.io.File(((pathPrefix + java.lang.Integer.toString(counter)) + .png)): null

2018-12-14 11:03:11 - [TEST_STEP][PASSED] - Statement - counter = counter + 1: null

2018-12-14 11:03:11 - [TEST_STEP][PASSED] - Statement - PreSaveFile = new java.io.File(((pathPrefix + java.lang.Integer.toString(counter)) + .png)): null

2018-12-14 11:03:11 - [TEST_STEP][PASSED] - Statement - counter = counter + 1: null

2018-12-14 11:03:11 - [TEST_STEP][PASSED] - Statement - PreSaveFile = new java.io.File(((pathPrefix + java.lang.Integer.toString(counter)) + .png)): null

2018-12-14 11:03:11 - [TEST_STEP][PASSED] - Statement - counter = counter + 1: null

2018-12-14 11:03:11 - [TEST_STEP][PASSED] - Statement - PreSaveFile = new java.io.File(((pathPrefix + java.lang.Integer.toString(counter)) + .png)): null

2018-12-14 11:03:11 - [TEST_STEP][PASSED] - Statement - counter = counter + 1: null

2018-12-14 11:03:11 - [TEST_STEP][PASSED] - Statement - PreSaveFile = new java.io.File(((pathPrefix + java.lang.Integer.toString(counter)) + .png)): null

2018-12-14 11:03:11 - [TEST_STEP][PASSED] - Statement - counter = counter + 1: null

2018-12-14 11:03:11 - [TEST_STEP][PASSED] - Statement - PreSaveFile = new java.io.File(((pathPrefix + java.lang.Integer.toString(counter)) + .png)): null

2018-12-14 11:03:11 - [TEST_STEP][PASSED] - Statement - counter = counter + 1: null

2018-12-14 11:03:11 - [TEST_STEP][PASSED] - Statement - PreSaveFile = new java.io.File(((pathPrefix + java.lang.Integer.toString(counter)) + .png)): null

2018-12-14 11:03:11 - [TEST_STEP][PASSED] - Statement - counter = counter + 1: null

2018-12-14 11:03:11 - [TEST_STEP][PASSED] - Statement - PreSaveFile = new java.io.File(((pathPrefix + java.lang.Integer.toString(counter)) + .png)): null

2018-12-14 11:03:11 - [TEST_STEP][PASSED] - Statement - counter = counter + 1: null

2018-12-14 11:03:11 - [TEST_STEP][PASSED] - Statement - PreSaveFile = new java.io.File(((pathPrefix + java.lang.Integer.toString(counter)) + .png)): null

2018-12-14 11:03:11 - [TEST_STEP][PASSED] - Statement - counter = counter + 1: null

2018-12-14 11:03:11 - [TEST_STEP][PASSED] - Statement - PreSaveFile = new java.io.File(((pathPrefix + java.lang.Integer.toString(counter)) + .png)): null

2018-12-14 11:03:11 - [TEST_STEP][PASSED] - Statement - counter = counter + 1: null

2018-12-14 11:03:11 - [TEST_STEP][PASSED] - Statement - PreSaveFile = new java.io.File(((pathPrefix + java.lang.Integer.toString(counter)) + .png)): null

2018-12-14 11:03:11 - [TEST_STEP][PASSED] - Statement - counter = counter + 1: null

2018-12-14 11:03:11 - [TEST_STEP][PASSED] - Statement - PreSaveFile = new java.io.File(((pathPrefix + java.lang.Integer.toString(counter)) + .png)): null

2018-12-14 11:03:11 - [TEST_STEP][PASSED] - Statement - counter = counter + 1: null

2018-12-14 11:03:11 - [TEST_STEP][PASSED] - Statement - PreSaveFile = new java.io.File(((pathPrefix + java.lang.Integer.toString(counter)) + .png)): null

2018-12-14 11:03:11 - [TEST_STEP][PASSED] - Statement - counter = counter + 1: null

2018-12-14 11:03:11 - [TEST_STEP][PASSED] - Statement - PreSaveFile = new java.io.File(((pathPrefix + java.lang.Integer.toString(counter)) + .png)): null

2018-12-14 11:03:11 - [TEST_STEP][PASSED] - Statement - counter = counter + 1: null

2018-12-14 11:03:11 - [TEST_STEP][PASSED] - Statement - PreSaveFile = new java.io.File(((pathPrefix + java.lang.Integer.toString(counter)) + .png)): null

2018-12-14 11:03:11 - [TEST_STEP][PASSED] - Statement - counter = counter + 1: null

2018-12-14 11:03:11 - [TEST_STEP][PASSED] - Statement - PreSaveFile = new java.io.File(((pathPrefix + java.lang.Integer.toString(counter)) + .png)): null

2018-12-14 11:03:11 - [TEST_STEP][PASSED] - Statement - counter = counter + 1: null

2018-12-14 11:03:11 - [TEST_STEP][PASSED] - Statement - PreSaveFile = new java.io.File(((pathPrefix + java.lang.Integer.toString(counter)) + .png)): null

2018-12-14 11:03:11 - [TEST_STEP][PASSED] - Statement - counter = counter + 1: null

2018-12-14 11:03:11 - [TEST_STEP][PASSED] - Statement - PreSaveFile = new java.io.File(((pathPrefix + java.lang.Integer.toString(counter)) + .png)): null

2018-12-14 11:03:11 - [TEST_STEP][PASSED] - Statement - counter = counter + 1: null

2018-12-14 11:03:11 - [TEST_STEP][PASSED] - Statement - PreSaveFile = new java.io.File(((pathPrefix + java.lang.Integer.toString(counter)) + .png)): null

2018-12-14 11:03:11 - [TEST_STEP][PASSED] - Statement - counter = counter + 1: null

2018-12-14 11:03:11 - [TEST_STEP][PASSED] - Statement - PreSaveFile = new java.io.File(((pathPrefix + java.lang.Integer.toString(counter)) + .png)): null

2018-12-14 11:03:11 - [TEST_STEP][PASSED] - Statement - counter = counter + 1: null

2018-12-14 11:03:11 - [TEST_STEP][PASSED] - Statement - PreSaveFile = new java.io.File(((pathPrefix + java.lang.Integer.toString(counter)) + .png)): null

2018-12-14 11:03:11 - [TEST_STEP][PASSED] - Statement - counter = counter + 1: null

2018-12-14 11:03:11 - [TEST_STEP][PASSED] - Statement - PreSaveFile = new java.io.File(((pathPrefix + java.lang.Integer.toString(counter)) + .png)): null

2018-12-14 11:03:11 - [TEST_STEP][PASSED] - Statement - counter = counter + 1: null

2018-12-14 11:03:11 - [TEST_STEP][PASSED] - Statement - PreSaveFile = new java.io.File(((pathPrefix + java.lang.Integer.toString(counter)) + .png)): null

2018-12-14 11:03:11 - [TEST_STEP][PASSED] - Statement - counter = counter + 1: null

2018-12-14 11:03:11 - [TEST_STEP][PASSED] - Statement - PreSaveFile = new java.io.File(((pathPrefix + java.lang.Integer.toString(counter)) + .png)): null

2018-12-14 11:03:11 - [TEST_STEP][PASSED] - Statement - counter = counter + 1: null

2018-12-14 11:03:11 - [TEST_STEP][PASSED] - Statement - PreSaveFile = new java.io.File(((pathPrefix + java.lang.Integer.toString(counter)) + .png)): null

2018-12-14 11:03:11 - [TEST_STEP][PASSED] - Statement - counter = counter + 1: null

2018-12-14 11:03:11 - [TEST_STEP][PASSED] - Statement - PreSaveFile = new java.io.File(((pathPrefix + java.lang.Integer.toString(counter)) + .png)): null

2018-12-14 11:03:11 - [TEST_STEP][PASSED] - Statement - counter = counter + 1: null

2018-12-14 11:03:11 - [TEST_STEP][PASSED] - Statement - PreSaveFile = new java.io.File(((pathPrefix + java.lang.Integer.toString(counter)) + .png)): null

2018-12-14 11:03:11 - [TEST_STEP][PASSED] - Statement - counter = counter + 1: null

2018-12-14 11:03:11 - [TEST_STEP][PASSED] - Statement - PreSaveFile = new java.io.File(((pathPrefix + java.lang.Integer.toString(counter)) + .png)): null

2018-12-14 11:03:11 - [TEST_STEP][PASSED] - Statement - counter = counter + 1: null

2018-12-14 11:03:11 - [TEST_STEP][PASSED] - Statement - PreSaveFile = new java.io.File(((pathPrefix + java.lang.Integer.toString(counter)) + .png)): null

2018-12-14 11:03:11 - [TEST_STEP][PASSED] - Statement - counter = counter + 1: null

2018-12-14 11:03:11 - [TEST_STEP][PASSED] - Statement - PreSaveFile = new java.io.File(((pathPrefix + java.lang.Integer.toString(counter)) + .png)): null

2018-12-14 11:03:11 - [TEST_STEP][PASSED] - Statement - counter = counter + 1: null

2018-12-14 11:03:11 - [TEST_STEP][PASSED] - Statement - PreSaveFile = new java.io.File(((pathPrefix + java.lang.Integer.toString(counter)) + .png)): null

2018-12-14 11:03:11 - [TEST_STEP][PASSED] - Statement - counter = counter + 1: null

2018-12-14 11:03:11 - [TEST_STEP][PASSED] - Statement - PreSaveFile = new java.io.File(((pathPrefix + java.lang.Integer.toString(counter)) + .png)): null

2018-12-14 11:03:11 - [TEST_STEP][PASSED] - Statement - counter = counter + 1: null

2018-12-14 11:03:11 - [TEST_STEP][PASSED] - Statement - PreSaveFile = new java.io.File(((pathPrefix + java.lang.Integer.toString(counter)) + .png)): null

2018-12-14 11:03:11 - [TEST_STEP][PASSED] - Statement - counter = counter + 1: null

2018-12-14 11:03:11 - [TEST_STEP][PASSED] - Statement - PreSaveFile = new java.io.File(((pathPrefix + java.lang.Integer.toString(counter)) + .png)): null

2018-12-14 11:03:11 - [TEST_STEP][PASSED] - Statement - counter = counter + 1: null

2018-12-14 11:03:11 - [TEST_STEP][PASSED] - Statement - PreSaveFile = new java.io.File(((pathPrefix + java.lang.Integer.toString(counter)) + .png)): null

2018-12-14 11:03:11 - [TEST_STEP][PASSED] - Statement - counter = counter + 1: null

2018-12-14 11:03:11 - [TEST_STEP][PASSED] - Statement - PreSaveFile = new java.io.File(((pathPrefix + java.lang.Integer.toString(counter)) + .png)): null

2018-12-14 11:03:11 - [TEST_STEP][PASSED] - Statement - counter = counter + 1: null

2018-12-14 11:03:11 - [TEST_STEP][PASSED] - Statement - PreSaveFile = new java.io.File(((pathPrefix + java.lang.Integer.toString(counter)) + .png)): null

2018-12-14 11:03:11 - [TEST_STEP][PASSED] - Statement - counter = counter + 1: null

2018-12-14 11:03:11 - [TEST_STEP][PASSED] - Statement - PreSaveFile = new java.io.File(((pathPrefix + java.lang.Integer.toString(counter)) + .png)): null

2018-12-14 11:03:11 - [TEST_STEP][PASSED] - Statement - counter = counter + 1: null

2018-12-14 11:03:11 - [TEST_STEP][PASSED] - Statement - PreSaveFile = new java.io.File(((pathPrefix + java.lang.Integer.toString(counter)) + .png)): null

2018-12-14 11:03:11 - [TEST_STEP][PASSED] - Statement - counter = counter + 1: null

2018-12-14 11:03:11 - [TEST_STEP][PASSED] - Statement - PreSaveFile = new java.io.File(((pathPrefix + java.lang.Integer.toString(counter)) + .png)): null

2018-12-14 11:03:11 - [TEST_STEP][PASSED] - Statement - counter = counter + 1: null

2018-12-14 11:03:11 - [TEST_STEP][PASSED] - Statement - PreSaveFile = new java.io.File(((pathPrefix + java.lang.Integer.toString(counter)) + .png)): null

2018-12-14 11:03:11 - [TEST_STEP][PASSED] - Statement - counter = counter + 1: null

2018-12-14 11:03:11 - [TEST_STEP][PASSED] - Statement - PreSaveFile = new java.io.File(((pathPrefix + java.lang.Integer.toString(counter)) + .png)): null

2018-12-14 11:03:11 - [TEST_STEP][PASSED] - Statement - counter = counter + 1: null

2018-12-14 11:03:11 - [TEST_STEP][PASSED] - Statement - PreSaveFile = new java.io.File(((pathPrefix + java.lang.Integer.toString(counter)) + .png)): null

2018-12-14 11:03:11 - [TEST_STEP][PASSED] - Statement - counter = counter + 1: null

2018-12-14 11:03:11 - [TEST_STEP][PASSED] - Statement - PreSaveFile = new java.io.File(((pathPrefix + java.lang.Integer.toString(counter)) + .png)): null

2018-12-14 11:03:11 - [TEST_STEP][PASSED] - Statement - counter = counter + 1: null

2018-12-14 11:03:11 - [TEST_STEP][PASSED] - Statement - PreSaveFile = new java.io.File(((pathPrefix + java.lang.Integer.toString(counter)) + .png)): null

2018-12-14 11:03:11 - [TEST_STEP][PASSED] - Statement - counter = counter + 1: null

2018-12-14 11:03:11 - [TEST_STEP][PASSED] - Statement - PreSaveFile = new java.io.File(((pathPrefix + java.lang.Integer.toString(counter)) + .png)): null

2018-12-14 11:03:11 - [TEST_STEP][PASSED] - Statement - counter = counter + 1: null

2018-12-14 11:03:11 - [TEST_STEP][PASSED] - Statement - PreSaveFile = new java.io.File(((pathPrefix + java.lang.Integer.toString(counter)) + .png)): null

2018-12-14 11:03:11 - [TEST_STEP][PASSED] - Statement - counter = counter + 1: null

2018-12-14 11:03:11 - [TEST_STEP][PASSED] - Statement - PreSaveFile = new java.io.File(((pathPrefix + java.lang.Integer.toString(counter)) + .png)): null

2018-12-14 11:03:11 - [TEST_STEP][PASSED] - Statement - counter = counter + 1: null

2018-12-14 11:03:11 - [TEST_STEP][PASSED] - Statement - PreSaveFile = new java.io.File(((pathPrefix + java.lang.Integer.toString(counter)) + .png)): null

2018-12-14 11:03:11 - [TEST_STEP][PASSED] - Statement - counter = counter + 1: null

2018-12-14 11:03:11 - [TEST_STEP][PASSED] - Statement - PreSaveFile = new java.io.File(((pathPrefix + java.lang.Integer.toString(counter)) + .png)): null

2018-12-14 11:03:11 - [TEST_STEP][PASSED] - Statement - counter = counter + 1: null

2018-12-14 11:03:11 - [TEST_STEP][PASSED] - Statement - PreSaveFile = new java.io.File(((pathPrefix + java.lang.Integer.toString(counter)) + .png)): null

2018-12-14 11:03:11 - [TEST_STEP][PASSED] - Statement - counter = counter + 1: null

2018-12-14 11:03:11 - [TEST_STEP][PASSED] - Statement - PreSaveFile = new java.io.File(((pathPrefix + java.lang.Integer.toString(counter)) + .png)): null

2018-12-14 11:03:11 - [TEST_STEP][PASSED] - Statement - counter = counter + 1: null

2018-12-14 11:03:11 - [TEST_STEP][PASSED] - Statement - PreSaveFile = new java.io.File(((pathPrefix + java.lang.Integer.toString(counter)) + .png)): null

2018-12-14 11:03:11 - [TEST_STEP][PASSED] - Statement - counter = counter + 1: null

2018-12-14 11:03:11 - [TEST_STEP][PASSED] - Statement - PreSaveFile = new java.io.File(((pathPrefix + java.lang.Integer.toString(counter)) + .png)): null

2018-12-14 11:03:11 - [TEST_STEP][PASSED] - Statement - counter = counter + 1: null

2018-12-14 11:03:11 - [TEST_STEP][PASSED] - Statement - PreSaveFile = new java.io.File(((pathPrefix + java.lang.Integer.toString(counter)) + .png)): null

2018-12-14 11:03:11 - [TEST_STEP][PASSED] - Statement - counter = counter + 1: null

2018-12-14 11:03:11 - [TEST_STEP][PASSED] - Statement - PreSaveFile = new java.io.File(((pathPrefix + java.lang.Integer.toString(counter)) + .png)): null

2018-12-14 11:03:11 - [TEST_STEP][PASSED] - Statement - counter = counter + 1: null

2018-12-14 11:03:11 - [TEST_STEP][PASSED] - Statement - PreSaveFile = new java.io.File(((pathPrefix + java.lang.Integer.toString(counter)) + .png)): null

2018-12-14 11:03:11 - [TEST_STEP][PASSED] - Statement - counter = counter + 1: null

2018-12-14 11:03:11 - [TEST_STEP][PASSED] - Statement - PreSaveFile = new java.io.File(((pathPrefix + java.lang.Integer.toString(counter)) + .png)): null

2018-12-14 11:03:11 - [TEST_STEP][PASSED] - Statement - counter = counter + 1: null

2018-12-14 11:03:11 - [TEST_STEP][PASSED] - Statement - PreSaveFile = new java.io.File(((pathPrefix + java.lang.Integer.toString(counter)) + .png)): null

2018-12-14 11:03:11 - [TEST_STEP][PASSED] - Statement - counter = counter + 1: null

2018-12-14 11:03:11 - [TEST_STEP][PASSED] - Statement - PreSaveFile = new java.io.File(((pathPrefix + java.lang.Integer.toString(counter)) + .png)): null

2018-12-14 11:03:11 - [TEST_STEP][PASSED] - Statement - counter = counter + 1: null

2018-12-14 11:03:11 - [TEST_STEP][PASSED] - Statement - PreSaveFile = new java.io.File(((pathPrefix + java.lang.Integer.toString(counter)) + .png)): null

2018-12-14 11:03:11 - [TEST_STEP][PASSED] - Statement - counter = counter + 1: null

2018-12-14 11:03:11 - [TEST_STEP][PASSED] - Statement - PreSaveFile = new java.io.File(((pathPrefix + java.lang.Integer.toString(counter)) + .png)): null

2018-12-14 11:03:11 - [TEST_STEP][PASSED] - Statement - counter = counter + 1: null

2018-12-14 11:03:11 - [TEST_STEP][PASSED] - Statement - PreSaveFile = new java.io.File(((pathPrefix + java.lang.Integer.toString(counter)) + .png)): null

2018-12-14 11:03:11 - [TEST_STEP][PASSED] - Statement - counter = counter + 1: null

2018-12-14 11:03:11 - [TEST_STEP][PASSED] - Statement - PreSaveFile = new java.io.File(((pathPrefix + java.lang.Integer.toString(counter)) + .png)): null

2018-12-14 11:03:11 - [TEST_STEP][PASSED] - Statement - counter = counter + 1: null

2018-12-14 11:03:11 - [TEST_STEP][PASSED] - Statement - PreSaveFile = new java.io.File(((pathPrefix + java.lang.Integer.toString(counter)) + .png)): null

2018-12-14 11:03:11 - [TEST_STEP][PASSED] - Statement - counter = counter + 1: null

2018-12-14 11:03:11 - [TEST_STEP][PASSED] - Statement - PreSaveFile = new java.io.File(((pathPrefix + java.lang.Integer.toString(counter)) + .png)): null

2018-12-14 11:03:11 - [TEST_STEP][PASSED] - Statement - counter = counter + 1: null

2018-12-14 11:03:11 - [TEST_STEP][PASSED] - Statement - PreSaveFile = new java.io.File(((pathPrefix + java.lang.Integer.toString(counter)) + .png)): null

2018-12-14 11:03:11 - [TEST_STEP][PASSED] - Statement - counter = counter + 1: null

2018-12-14 11:03:11 - [TEST_STEP][PASSED] - Statement - PreSaveFile = new java.io.File(((pathPrefix + java.lang.Integer.toString(counter)) + .png)): null

2018-12-14 11:03:11 - [TEST_STEP][PASSED] - Statement - counter = counter + 1: null

2018-12-14 11:03:11 - [TEST_STEP][PASSED] - Statement - PreSaveFile = new java.io.File(((pathPrefix + java.lang.Integer.toString(counter)) + .png)): null

2018-12-14 11:03:11 - [TEST_STEP][PASSED] - Statement - counter = counter + 1: null

2018-12-14 11:03:11 - [TEST_STEP][PASSED] - Statement - PreSaveFile = new java.io.File(((pathPrefix + java.lang.Integer.toString(counter)) + .png)): null

2018-12-14 11:03:11 - [TEST_STEP][PASSED] - Statement - counter = counter + 1: null

2018-12-14 11:03:11 - [TEST_STEP][PASSED] - Statement - PreSaveFile = new java.io.File(((pathPrefix + java.lang.Integer.toString(counter)) + .png)): null

2018-12-14 11:03:11 - [TEST_STEP][PASSED] - Statement - counter = counter + 1: null

2018-12-14 11:03:11 - [TEST_STEP][PASSED] - Statement - PreSaveFile = new java.io.File(((pathPrefix + java.lang.Integer.toString(counter)) + .png)): null

2018-12-14 11:03:11 - [TEST_STEP][PASSED] - Statement - counter = counter + 1: null

2018-12-14 11:03:11 - [TEST_STEP][PASSED] - Statement - PreSaveFile = new java.io.File(((pathPrefix + java.lang.Integer.toString(counter)) + .png)): null

2018-12-14 11:03:11 - [TEST_STEP][PASSED] - Statement - counter = counter + 1: null

2018-12-14 11:03:11 - [TEST_STEP][PASSED] - Statement - PreSaveFile = new java.io.File(((pathPrefix + java.lang.Integer.toString(counter)) + .png)): null

2018-12-14 11:03:11 - [TEST_STEP][PASSED] - Statement - counter = counter + 1: null

2018-12-14 11:03:11 - [TEST_STEP][PASSED] - Statement - PreSaveFile = new java.io.File(((pathPrefix + java.lang.Integer.toString(counter)) + .png)): null

2018-12-14 11:03:11 - [TEST_STEP][PASSED] - Statement - counter = counter + 1: null

2018-12-14 11:03:11 - [TEST_STEP][PASSED] - Statement - PreSaveFile = new java.io.File(((pathPrefix + java.lang.Integer.toString(counter)) + .png)): null

2018-12-14 11:03:11 - [TEST_STEP][PASSED] - Statement - counter = counter + 1: null

2018-12-14 11:03:11 - [TEST_STEP][PASSED] - Statement - PreSaveFile = new java.io.File(((pathPrefix + java.lang.Integer.toString(counter)) + .png)): null

2018-12-14 11:03:11 - [TEST_STEP][PASSED] - Statement - counter = counter + 1: null

2018-12-14 11:03:11 - [TEST_STEP][PASSED] - Statement - PreSaveFile = new java.io.File(((pathPrefix + java.lang.Integer.toString(counter)) + .png)): null

2018-12-14 11:03:11 - [TEST_STEP][PASSED] - Statement - counter = counter + 1: null

2018-12-14 11:03:11 - [TEST_STEP][PASSED] - Statement - PreSaveFile = new java.io.File(((pathPrefix + java.lang.Integer.toString(counter)) + .png)): null

2018-12-14 11:03:11 - [TEST_STEP][PASSED] - Statement - counter = counter + 1: null

2018-12-14 11:03:11 - [TEST_STEP][PASSED] - Statement - PreSaveFile = new java.io.File(((pathPrefix + java.lang.Integer.toString(counter)) + .png)): null

2018-12-14 11:03:11 - [TEST_STEP][PASSED] - Statement - counter = counter + 1: null

2018-12-14 11:03:11 - [TEST_STEP][PASSED] - Statement - PreSaveFile = new java.io.File(((pathPrefix + java.lang.Integer.toString(counter)) + .png)): null

2018-12-14 11:03:11 - [TEST_STEP][PASSED] - Statement - counter = counter + 1: null

2018-12-14 11:03:11 - [TEST_STEP][PASSED] - Statement - PreSaveFile = new java.io.File(((pathPrefix + java.lang.Integer.toString(counter)) + .png)): null

2018-12-14 11:03:11 - [TEST_STEP][PASSED] - Statement - counter = counter + 1: null

2018-12-14 11:03:11 - [TEST_STEP][PASSED] - Statement - PreSaveFile = new java.io.File(((pathPrefix + java.lang.Integer.toString(counter)) + .png)): null

2018-12-14 11:03:11 - [TEST_STEP][PASSED] - Statement - counter = counter + 1: null

2018-12-14 11:03:11 - [TEST_STEP][PASSED] - Statement - PreSaveFile = new java.io.File(((pathPrefix + java.lang.Integer.toString(counter)) + .png)): null

2018-12-14 11:03:11 - [TEST_STEP][PASSED] - Statement - counter = counter + 1: null

2018-12-14 11:03:11 - [TEST_STEP][PASSED] - Statement - PreSaveFile = new java.io.File(((pathPrefix + java.lang.Integer.toString(counter)) + .png)): null

2018-12-14 11:03:11 - [TEST_STEP][PASSED] - Statement - counter = counter + 1: null

2018-12-14 11:03:11 - [TEST_STEP][PASSED] - Statement - PreSaveFile = new java.io.File(((pathPrefix + java.lang.Integer.toString(counter)) + .png)): null

2018-12-14 11:03:11 - [TEST_STEP][PASSED] - Statement - counter = counter + 1: null

2018-12-14 11:03:11 - [TEST_STEP][PASSED] - Statement - PreSaveFile = new java.io.File(((pathPrefix + java.lang.Integer.toString(counter)) + .png)): null

2018-12-14 11:03:11 - [TEST_STEP][PASSED] - Statement - counter = counter + 1: null

2018-12-14 11:03:11 - [TEST_STEP][PASSED] - Statement - PreSaveFile = new java.io.File(((pathPrefix + java.lang.Integer.toString(counter)) + .png)): null

2018-12-14 11:03:11 - [TEST_STEP][PASSED] - Statement - counter = counter + 1: null

2018-12-14 11:03:11 - [TEST_STEP][PASSED] - Statement - PreSaveFile = new java.io.File(((pathPrefix + java.lang.Integer.toString(counter)) + .png)): null

2018-12-14 11:03:11 - [TEST_STEP][PASSED] - Statement - counter = counter + 1: null

2018-12-14 11:03:11 - [TEST_STEP][PASSED] - Statement - PreSaveFile = new java.io.File(((pathPrefix + java.lang.Integer.toString(counter)) + .png)): null

2018-12-14 11:03:11 - [TEST_STEP][PASSED] - Statement - counter = counter + 1: null

2018-12-14 11:03:11 - [TEST_STEP][PASSED] - Statement - PreSaveFile = new java.io.File(((pathPrefix + java.lang.Integer.toString(counter)) + .png)): null

2018-12-14 11:03:11 - [TEST_STEP][PASSED] - Statement - counter = counter + 1: null

2018-12-14 11:03:11 - [TEST_STEP][PASSED] - Statement - PreSaveFile = new java.io.File(((pathPrefix + java.lang.Integer.toString(counter)) + .png)): null

2018-12-14 11:03:11 - [TEST_STEP][PASSED] - Statement - counter = counter + 1: null

2018-12-14 11:03:11 - [TEST_STEP][PASSED] - Statement - PreSaveFile = new java.io.File(((pathPrefix + java.lang.Integer.toString(counter)) + .png)): null

2018-12-14 11:03:11 - [TEST_STEP][PASSED] - Statement - counter = counter + 1: null

2018-12-14 11:03:11 - [TEST_STEP][PASSED] - Statement - PreSaveFile = new java.io.File(((pathPrefix + java.lang.Integer.toString(counter)) + .png)): null

2018-12-14 11:03:11 - [TEST_STEP][PASSED] - Statement - counter = counter + 1: null

2018-12-14 11:03:11 - [TEST_STEP][PASSED] - Statement - PreSaveFile = new java.io.File(((pathPrefix + java.lang.Integer.toString(counter)) + .png)): null

2018-12-14 11:03:11 - [TEST_STEP][PASSED] - Statement - counter = counter + 1: null

2018-12-14 11:03:11 - [TEST_STEP][PASSED] - Statement - PreSaveFile = new java.io.File(((pathPrefix + java.lang.Integer.toString(counter)) + .png)): null

2018-12-14 11:03:11 - [TEST_STEP][PASSED] - Statement - counter = counter + 1: null

2018-12-14 11:03:11 - [TEST_STEP][PASSED] - Statement - PreSaveFile = new java.io.File(((pathPrefix + java.lang.Integer.toString(counter)) + .png)): null

2018-12-14 11:03:11 - [TEST_STEP][PASSED] - Statement - counter = counter + 1: null

2018-12-14 11:03:11 - [TEST_STEP][PASSED] - Statement - PreSaveFile = new java.io.File(((pathPrefix + java.lang.Integer.toString(counter)) + .png)): null

2018-12-14 11:03:11 - [TEST_STEP][PASSED] - Statement - finalPath = pathPrefix + java.lang.Integer.toString(counter) + ".png": null

2018-12-14 11:03:11 - [TEST_STEP][PASSED] - Statement - SaveFile = new java.io.File(finalPath): null

2018-12-14 11:03:11 - [TEST_STEP][PASSED] - Statement - Try: null

2018-12-14 11:03:11 - [TEST_STEP][PASSED] - Statement - org.apache.commons.io.FileUtils.copyFile(scrFile, SaveFile): null

2018-12-14 11:03:11 - [TEST_STEP][PASSED] - Statement - out.println("file kept"): null

2018-12-14 11:03:11 - [TEST_STEP][PASSED] - delay: Delayed 10 second(s)

2018-12-14 11:03:21 - [MESSAGE][PASSED] - Delayed 10 second(s)

2018-12-14 11:03:21 - [MESSAGE][PASSED] - Call Test Case 'Test Cases/Final Aug 2018 - PKS Automation/Registration Module/New Registration/Submit and Screenshot/Submit Registration and Screenshot - Copy' successfully

2018-12-14 11:03:21 - [TEST_STEP][PASSED] - Statement - UpdateAddNewECode = com.kms.katalon.core.webui.keyword.WebUiBuiltInKeywords.getText(com.kms.katalon.core.testobject.ObjectRepository.findTestObject(Object Repository/Final Object Repo/Page_Update Add New Employee - ASSIST/getEmpCode)): Text of object 'Object Repository/Final Object Repo/Page_Update Add New Employee - ASSIST/getEmpCode' is: 'E1102070888V'

2018-12-14 11:03:21 - [MESSAGE][PASSED] - Text of object 'Object Repository/Final Object Repo/Page_Update Add New Employee - ASSIST/getEmpCode' is: 'E1102070888V'

2018-12-14 11:03:21 - [TEST_STEP][PASSED] - callTestCase: Call Test Case 'Test Cases/Final Aug 2018 - PKS Automation/Common/Emp Code Setter' successfully

2018-12-14 11:03:21 - [TEST_CASE][PASSED] - Test Cases/Final Aug 2018 - PKS Automation/Common/Emp Code Setter: Test Cases/Final Aug 2018 - PKS Automation/Common/Emp Code Setter

2018-12-14 11:03:22 - [TEST_STEP][PASSED] - Statement - EmpCodeOld = new java.io.File(C://Users//Admin//Desktop//PKS//Automation Reference Point//EmpCode.txt): null

2018-12-14 11:03:22 - [TEST_STEP][PASSED] - Statement - EmpCodeOld.delete(): null

2018-12-14 11:03:22 - [TEST_STEP][PASSED] - Statement - EmpCode = new java.io.File(C://Users//Admin//Desktop//PKS//Automation Reference Point//EmpCode.txt): null

2018-12-14 11:03:22 - [TEST_STEP][PASSED] - Statement - f2 = new java.io.FileWriter(EmpCode, false): null

2018-12-14 11:03:22 - [TEST_STEP][PASSED] - Statement - f2.write(UpdateAddNewECode): null

2018-12-14 11:03:22 - [TEST_STEP][PASSED] - Statement - f2.close(): null

2018-12-14 11:03:22 - [TEST_STEP][PASSED] - Statement - out.println("


" + UpdateAddNewECode + "


"): null

2018-12-14 11:03:22 - [MESSAGE][PASSED] - Call Test Case 'Test Cases/Final Aug 2018 - PKS Automation/Common/Emp Code Setter' successfully

2018-12-14 11:03:22 - [MESSAGE][PASSED] - Call Test Case 'Test Cases/Final Aug 2018 - PKS Automation/Registration Module/Workflow/Update Add New Employee/Template/New Company for Update Add New - Employer' successfully

2018-12-14 11:03:22 - [TEST_STEP][PASSED] - callTestCase: Call Test Case 'Test Cases/Final Aug 2018 - PKS Automation/Create Employer Acc/Login to Employer Account (Second time)' successfully

2018-12-14 11:03:22 - [TEST_CASE][PASSED] - Test Cases/Final Aug 2018 - PKS Automation/Create Employer Acc/Login to Employer Account (Second time): Test Cases/Final Aug 2018 - PKS Automation/Create Employer Acc/Login to Employer Account (Second time)

2018-12-14 11:03:22 - [TEST_STEP][PASSED] - openBrowser: Browser is opened with url: ''

2018-12-14 11:03:22 - [MESSAGE][WARNING] - A browser is already opened. Closing browser and opening a new one

2018-12-14 11:03:27 - [MESSAGE][PASSED] - Browser is opened with url: ''

2018-12-14 11:03:27 - [TEST_STEP][PASSED] - navigateToUrl: Navigate to 'https://assist2-uat.perkeso.gov.my/employer/login' successfully

2018-12-14 11:03:29 - [MESSAGE][PASSED] - Navigate to 'https://assist2-uat.perkeso.gov.my/employer/login' successfully

2018-12-14 11:03:29 - [TEST_STEP][PASSED] - delay: Delayed 3 second(s)

2018-12-14 11:03:32 - [MESSAGE][PASSED] - Delayed 3 second(s)

2018-12-14 11:03:32 - [TEST_STEP][PASSED] - callTestCase: Call Test Case 'Test Cases/Final Aug 2018 - PKS Automation/Create Employer Acc/Template/Employer Email Getter' successfully

2018-12-14 11:03:32 - [TEST_CASE][PASSED] - Test Cases/Final Aug 2018 - PKS Automation/Create Employer Acc/Template/Employer Email Getter: Test Cases/Final Aug 2018 - PKS Automation/Create Employer Acc/Template/Employer Email Getter

2018-12-14 11:03:32 - [TEST_STEP][PASSED] - Statement - Try: null

2018-12-14 11:03:32 - [TEST_STEP][PASSED] - Statement - EmpEmail = new java.io.File(C://Users//Admin//Desktop//PKS//Automation Reference Point//EmpEmail.txt): null

2018-12-14 11:03:32 - [TEST_STEP][PASSED] - Statement - bufferread = new java.io.BufferedReader(new java.io.FileReader(EmpEmail)): null

2018-12-14 11:03:32 - [TEST_STEP][PASSED] - Statement - readedVal = bufferread.readLine(): null

2018-12-14 11:03:32 - [TEST_STEP][PASSED] - Statement - out.println(readedVal): null

2018-12-14 11:03:32 - [TEST_STEP][PASSED] - Statement - Email = readedVal: null

2018-12-14 11:03:32 - [MESSAGE][PASSED] - Call Test Case 'Test Cases/Final Aug 2018 - PKS Automation/Create Employer Acc/Template/Employer Email Getter' successfully

2018-12-14 11:03:32 - [TEST_STEP][PASSED] - setText: Text 'perkeso673407166794@gmail.com' is set on object 'Object Repository/Final Object Repo/Login Page/External Login Page/Email'

2018-12-14 11:03:33 - [MESSAGE][PASSED] - Text 'perkeso673407166794@gmail.com' is set on object 'Object Repository/Final Object Repo/Login Page/External Login Page/Email'

2018-12-14 11:03:33 - [TEST_STEP][PASSED] - click: Object: 'Object Repository/Final Object Repo/Login Page/External Login Page/Next' is clicked on

2018-12-14 11:03:33 - [MESSAGE][PASSED] - Object: 'Object Repository/Final Object Repo/Login Page/External Login Page/Next' is clicked on

2018-12-14 11:03:33 - [TEST_STEP][PASSED] - delay: Delayed 3 second(s)

2018-12-14 11:03:36 - [MESSAGE][PASSED] - Delayed 3 second(s)

2018-12-14 11:03:36 - [TEST_STEP][PASSED] - setEncryptedText: Text ****** has been set on object 'Object Repository/Final Object Repo/Login Page/External Login Page/Password'

2018-12-14 11:03:36 - [MESSAGE][PASSED] - Text ****** has been set on object 'Object Repository/Final Object Repo/Login Page/External Login Page/Password'

2018-12-14 11:03:36 - [TEST_STEP][PASSED] - click: Object: 'Object Repository/Final Object Repo/Login Page/External Login Page/Login' is clicked on

2018-12-14 11:03:36 - [MESSAGE][PASSED] - Object: 'Object Repository/Final Object Repo/Login Page/External Login Page/Login' is clicked on

2018-12-14 11:03:36 - [TEST_STEP][PASSED] - delay: Delayed 5 second(s)

2018-12-14 11:03:41 - [MESSAGE][PASSED] - Delayed 5 second(s)

2018-12-14 11:03:41 - [MESSAGE][PASSED] - Call Test Case 'Test Cases/Final Aug 2018 - PKS Automation/Create Employer Acc/Login to Employer Account (Second time)' successfully

2018-12-14 11:03:41 - [TEST_STEP][PASSED] - navigateToUrl: Navigate to 'https://assist2-uat.perkeso.gov.my/web/registration/eis-update/form-3-eis-cessation-as-employer' successfully

2018-12-14 11:03:43 - [MESSAGE][PASSED] - Navigate to 'https://assist2-uat.perkeso.gov.my/web/registration/eis-update/form-3-eis-cessation-as-employer' successfully

2018-12-14 11:03:43 - [TEST_STEP][PASSED] - delay: Delayed 1 second(s)

2018-12-14 11:03:44 - [MESSAGE][PASSED] - Delayed 1 second(s)

2018-12-14 11:03:44 - [TEST_STEP][PASSED] - click: Object: 'Object Repository/Final Object Repo/Page_Form 3 EIS - Cessation as Employer/Edit' is clicked on

2018-12-14 11:03:45 - [MESSAGE][PASSED] - Object: 'Object Repository/Final Object Repo/Page_Form 3 EIS - Cessation as Employer/Edit' is clicked on

2018-12-14 11:03:45 - [TEST_STEP][PASSED] - delay: Delayed 1 second(s)

2018-12-14 11:03:46 - [MESSAGE][PASSED] - Delayed 1 second(s)

2018-12-14 11:03:46 - [TEST_STEP][PASSED] - Statement - abc = com.kms.katalon.core.webui.keyword.WebUiBuiltInKeywords.getAttribute(com.kms.katalon.core.testobject.ObjectRepository.findTestObject(Final Object Repo/Page_Form 3 EIS - Cessation as Employer/Employer Status), "value"): Attribute 'value' of object 'Object Repository/Final Object Repo/Page_Form 3 EIS - Cessation as Employer/Employer Status' is: 'Active'

2018-12-14 11:03:46 - [MESSAGE][PASSED] - Attribute 'value' of object 'Object Repository/Final Object Repo/Page_Form 3 EIS - Cessation as Employer/Employer Status' is: 'Active'

2018-12-14 11:03:46 - [TEST_STEP][PASSED] - Statement - out.println(abc): null

2018-12-14 11:03:46 - [TEST_STEP][PASSED] - Statement - If (abc == "Active"): Object: 'Object Repository/Final Object Repo/Page_Form 3 EIS - Cessation as Employer/Dormant EIS' is clicked on

2018-12-14 11:03:46 - [TEST_STEP][PASSED] - click: Object: 'Object Repository/Final Object Repo/Page_Form 3 EIS - Cessation as Employer/Change Employer Status to' is clicked on

2018-12-14 11:03:46 - [MESSAGE][PASSED] - Object: 'Object Repository/Final Object Repo/Page_Form 3 EIS - Cessation as Employer/Change Employer Status to' is clicked on

2018-12-14 11:03:46 - [TEST_STEP][PASSED] - click: Object: 'Object Repository/Final Object Repo/Page_Form 3 EIS - Cessation as Employer/Dormant EIS' is clicked on

2018-12-14 11:03:47 - [MESSAGE][PASSED] - Object: 'Object Repository/Final Object Repo/Page_Form 3 EIS - Cessation as Employer/Dormant EIS' is clicked on

2018-12-14 11:03:47 - [TEST_STEP][PASSED] - click: Object: 'Object Repository/Final Object Repo/Page_Form 3 EIS - Cessation as Employer/Calender' is clicked on

2018-12-14 11:03:47 - [MESSAGE][PASSED] - Object: 'Object Repository/Final Object Repo/Page_Form 3 EIS - Cessation as Employer/Calender' is clicked on

2018-12-14 11:03:47 - [TEST_STEP][PASSED] - delay: Delayed 1 second(s)

2018-12-14 11:03:48 - [MESSAGE][PASSED] - Delayed 1 second(s)

2018-12-14 11:03:48 - [TEST_STEP][PASSED] - click: Object: 'Object Repository/Final Object Repo/Page_Form 3 EIS - Cessation as Employer/Calender - Date' is clicked on

2018-12-14 11:03:48 - [MESSAGE][PASSED] - Object: 'Object Repository/Final Object Repo/Page_Form 3 EIS - Cessation as Employer/Calender - Date' is clicked on

2018-12-14 11:03:48 - [TEST_STEP][PASSED] - click: Object: 'Object Repository/Final Object Repo/Page_Form 3 EIS - Cessation as Employer/Save  Continue in Form 3 EIS Page' is clicked on

2018-12-14 11:03:48 - [MESSAGE][PASSED] - Object: 'Object Repository/Final Object Repo/Page_Form 3 EIS - Cessation as Employer/Save  Continue in Form 3 EIS Page' is clicked on

2018-12-14 11:03:48 - [TEST_STEP][PASSED] - delay: Delayed 1 second(s)

2018-12-14 11:03:49 - [MESSAGE][PASSED] - Delayed 1 second(s)

2018-12-14 11:03:49 - [TEST_STEP][PASSED] - click: Object: 'Object Repository/Final Object Repo/Page_Form 3 EIS - Cessation as Employer/Employment Resign Date' is clicked on

2018-12-14 11:03:50 - [MESSAGE][PASSED] - Object: 'Object Repository/Final Object Repo/Page_Form 3 EIS - Cessation as Employer/Employment Resign Date' is clicked on

2018-12-14 11:03:50 - [TEST_STEP][PASSED] - selectOptionByValue: All options with value '2019' are selected in object 'Object Repository/Final Object Repo/Page_Form 3 EIS - Cessation as Employer/Employment Resign Date - Year' 

2018-12-14 11:03:51 - [MESSAGE][PASSED] - All options with value '2019' are selected in object 'Object Repository/Final Object Repo/Page_Form 3 EIS - Cessation as Employer/Employment Resign Date - Year' 

2018-12-14 11:03:51 - [TEST_STEP][PASSED] - delay: Delayed 2 second(s)

2018-12-14 11:03:53 - [MESSAGE][PASSED] - Delayed 2 second(s)

2018-12-14 11:03:53 - [TEST_STEP][PASSED] - click: Object: 'Object Repository/Final Object Repo/Page_Form 3 EIS - Cessation as Employer/Employment Resign Date - Year - Date' is clicked on

2018-12-14 11:03:53 - [MESSAGE][PASSED] - Object: 'Object Repository/Final Object Repo/Page_Form 3 EIS - Cessation as Employer/Employment Resign Date - Year - Date' is clicked on

2018-12-14 11:03:53 - [TEST_STEP][PASSED] - delay: Delayed 2 second(s)

2018-12-14 11:03:55 - [MESSAGE][PASSED] - Delayed 2 second(s)

2018-12-14 11:03:55 - [TEST_STEP][PASSED] - click: Object: 'Object Repository/Final Object Repo/Page_Form 3 EIS - Cessation as Employer/Save  Continue in Employment Resign Page' is clicked on

2018-12-14 11:03:55 - [MESSAGE][PASSED] - Object: 'Object Repository/Final Object Repo/Page_Form 3 EIS - Cessation as Employer/Save  Continue in Employment Resign Page' is clicked on

2018-12-14 11:03:55 - [TEST_STEP][PASSED] - delay: Delayed 2 second(s)

2018-12-14 11:03:57 - [MESSAGE][PASSED] - Delayed 2 second(s)

2018-12-14 11:03:57 - [TEST_STEP][PASSED] - click: Object: 'Object Repository/Final Object Repo/Page_Form 3 EIS - Cessation as Employer/Set Latest - Yes' is clicked on

2018-12-14 11:03:57 - [MESSAGE][PASSED] - Object: 'Object Repository/Final Object Repo/Page_Form 3 EIS - Cessation as Employer/Set Latest - Yes' is clicked on

2018-12-14 11:03:57 - [TEST_STEP][PASSED] - delay: Delayed 2 second(s)

2018-12-14 11:03:59 - [MESSAGE][PASSED] - Delayed 2 second(s)

2018-12-14 11:03:59 - [TEST_STEP][PASSED] - click: Object: 'Object Repository/Final Object Repo/Page_Form 3 EIS - Cessation as Employer/Add Document' is clicked on

2018-12-14 11:04:00 - [MESSAGE][PASSED] - Object: 'Object Repository/Final Object Repo/Page_Form 3 EIS - Cessation as Employer/Add Document' is clicked on

2018-12-14 11:04:00 - [TEST_STEP][PASSED] - delay: Delayed 3 second(s)

2018-12-14 11:04:03 - [MESSAGE][PASSED] - Delayed 3 second(s)

2018-12-14 11:04:03 - [TEST_STEP][PASSED] - click: Object: 'Object Repository/Final Object Repo/Page_Form 3 EIS - Cessation as Employer/Document Type' is clicked on

2018-12-14 11:04:04 - [MESSAGE][PASSED] - Object: 'Object Repository/Final Object Repo/Page_Form 3 EIS - Cessation as Employer/Document Type' is clicked on

2018-12-14 11:04:04 - [TEST_STEP][PASSED] - click: Object: 'Object Repository/Final Object Repo/Page_Form 3 EIS - Cessation as Employer/Document Type - Form 3' is clicked on

2018-12-14 11:04:04 - [MESSAGE][PASSED] - Object: 'Object Repository/Final Object Repo/Page_Form 3 EIS - Cessation as Employer/Document Type - Form 3' is clicked on

2018-12-14 11:04:04 - [TEST_STEP][PASSED] - delay: Delayed 2 second(s)

2018-12-14 11:04:06 - [MESSAGE][PASSED] - Delayed 2 second(s)

2018-12-14 11:04:06 - [TEST_STEP][PASSED] - sendKeys: Keys 'C:\Users\Public\Pictures\Sample Pictures\Koala.jpg' sent to object: 'Object Repository/Final Object Repo/Page_Form 3 EIS - Cessation as Employer/ploading File'

2018-12-14 11:04:06 - [MESSAGE][PASSED] - Keys 'C:\Users\Public\Pictures\Sample Pictures\Koala.jpg' sent to object: 'Object Repository/Final Object Repo/Page_Form 3 EIS - Cessation as Employer/ploading File'

2018-12-14 11:04:06 - [TEST_STEP][PASSED] - delay: Delayed 1 second(s)

2018-12-14 11:04:07 - [MESSAGE][PASSED] - Delayed 1 second(s)

2018-12-14 11:04:07 - [TEST_STEP][PASSED] - click: Object: 'Object Repository/Final Object Repo/Page_Form 3 EIS - Cessation as Employer/Add Document in Uploading Page' is clicked on

2018-12-14 11:04:07 - [MESSAGE][PASSED] - Object: 'Object Repository/Final Object Repo/Page_Form 3 EIS - Cessation as Employer/Add Document in Uploading Page' is clicked on

2018-12-14 11:04:07 - [TEST_STEP][PASSED] - delay: Delayed 2 second(s)

2018-12-14 11:04:09 - [MESSAGE][PASSED] - Delayed 2 second(s)

2018-12-14 11:04:09 - [TEST_STEP][PASSED] - Statement - CaseReferenceNo = com.kms.katalon.core.webui.keyword.WebUiBuiltInKeywords.getText(com.kms.katalon.core.testobject.ObjectRepository.findTestObject(Final Object Repo/Page_Update Employer Information/Reference Number in Update Employee Information Page)): Text of object 'Object Repository/Final Object Repo/Page_Update Employer Information/Reference Number in Update Employee Information Page' is: 'ERN122018C200002439'

2018-12-14 11:04:11 - [MESSAGE][PASSED] - Text of object 'Object Repository/Final Object Repo/Page_Update Employer Information/Reference Number in Update Employee Information Page' is: 'ERN122018C200002439'

2018-12-14 11:04:11 - [TEST_STEP][PASSED] - callTestCase: Call Test Case 'Test Cases/Final Aug 2018 - PKS Automation/Common/Reference Number Setter' successfully

2018-12-14 11:04:11 - [TEST_CASE][PASSED] - Test Cases/Final Aug 2018 - PKS Automation/Common/Reference Number Setter: Test Cases/Final Aug 2018 - PKS Automation/Common/Reference Number Setter

2018-12-14 11:04:11 - [TEST_STEP][PASSED] - Statement - RefNoOldFile = new java.io.File(C://Users//Admin//Desktop//PKS//Automation Reference Point//KatalonReference.txt): null

2018-12-14 11:04:11 - [TEST_STEP][PASSED] - Statement - RefNoOldFile.delete(): null

2018-12-14 11:04:11 - [TEST_STEP][PASSED] - delay: Delayed 5 second(s)

2018-12-14 11:04:16 - [MESSAGE][PASSED] - Delayed 5 second(s)

2018-12-14 11:04:16 - [TEST_STEP][PASSED] - Statement - RefNo = new java.io.File(C://Users//Admin//Desktop//PKS//Automation Reference Point//KatalonReference.txt): null

2018-12-14 11:04:16 - [TEST_STEP][PASSED] - Statement - f2 = new java.io.FileWriter(RefNo, false): null

2018-12-14 11:04:16 - [TEST_STEP][PASSED] - Statement - f2.write(CaseReferenceNo): null

2018-12-14 11:04:16 - [TEST_STEP][PASSED] - Statement - f2.close(): null

2018-12-14 11:04:16 - [TEST_STEP][PASSED] - Statement - out.println("


" + CaseReferenceNo + "


"): null

2018-12-14 11:04:16 - [MESSAGE][PASSED] - Call Test Case 'Test Cases/Final Aug 2018 - PKS Automation/Common/Reference Number Setter' successfully

2018-12-14 11:04:16 - [TEST_STEP][PASSED] - delay: Delayed 2 second(s)

2018-12-14 11:04:18 - [MESSAGE][PASSED] - Delayed 2 second(s)

2018-12-14 11:04:18 - [TEST_STEP][PASSED] - click: Object: 'Object Repository/Final Object Repo/Page_Form 3 EIS - Cessation as Employer/Save  Continue in Uploading Page' is clicked on

2018-12-14 11:04:18 - [MESSAGE][PASSED] - Object: 'Object Repository/Final Object Repo/Page_Form 3 EIS - Cessation as Employer/Save  Continue in Uploading Page' is clicked on

2018-12-14 11:04:18 - [TEST_STEP][PASSED] - delay: Delayed 2 second(s)

2018-12-14 11:04:20 - [MESSAGE][PASSED] - Delayed 2 second(s)

2018-12-14 11:04:20 - [TEST_STEP][PASSED] - click: Object: 'Object Repository/Final Object Repo/Page_Form 3 EIS - Cessation as Employer/Submit' is clicked on

2018-12-14 11:04:23 - [MESSAGE][PASSED] - Object: 'Object Repository/Final Object Repo/Page_Form 3 EIS - Cessation as Employer/Submit' is clicked on

2018-12-14 11:04:23 - [TEST_STEP][PASSED] - delay: Delayed 2 second(s)

2018-12-14 11:04:25 - [MESSAGE][PASSED] - Delayed 2 second(s)

2018-12-14 11:04:25 - [TEST_STEP][PASSED] - click: Object: 'Object Repository/Final Object Repo/Page_Form 3 EIS - Cessation as Employer/Confirm' is clicked on

2018-12-14 11:04:25 - [MESSAGE][PASSED] - Object: 'Object Repository/Final Object Repo/Page_Form 3 EIS - Cessation as Employer/Confirm' is clicked on

2018-12-14 11:04:25 - [TEST_STEP][PASSED] - delay: Delayed 2 second(s)

2018-12-14 11:04:27 - [MESSAGE][PASSED] - Delayed 2 second(s)

2018-12-14 11:04:27 - [TEST_STEP][PASSED] - click: Object: 'Object Repository/Final Object Repo/Page_Form 3 EIS - Cessation as Employer/Message Your Request will be routed to UO' is clicked on

2018-12-14 11:04:31 - [MESSAGE][PASSED] - Object: 'Object Repository/Final Object Repo/Page_Form 3 EIS - Cessation as Employer/Message Your Request will be routed to UO' is clicked on

2018-12-14 11:04:31 - [TEST_STEP][PASSED] - click: Object: 'Object Repository/Final Object Repo/Page_Form 3 EIS - Cessation as Employer/Letter of acknowledgement' is clicked on

2018-12-14 11:04:32 - [MESSAGE][PASSED] - Object: 'Object Repository/Final Object Repo/Page_Form 3 EIS - Cessation as Employer/Letter of acknowledgement' is clicked on

2018-12-14 11:04:32 - [MESSAGE][PASSED] - Call Test Case 'Test Cases/Final Aug 2018 - PKS Automation/Registration Module/Workflow/Form 3 EIS - Cessation As Employer/Template/Form 3 A - Cessation As Employer (Employer)' successfully

2018-12-14 11:04:32 - [TEST_STEP][PASSED] - callTestCase: Call Test Case 'Test Cases/Final Aug 2018 - PKS Automation/Registration Module/Workflow/Form 3 EIS - Cessation As Employer/Template/Form 3 A - Cessation As Employer (Approve)' successfully

2018-12-14 11:04:32 - [TEST_CASE][PASSED] - Test Cases/Final Aug 2018 - PKS Automation/Registration Module/Workflow/Form 3 EIS - Cessation As Employer/Template/Form 3 A - Cessation As Employer (Approve): Test Cases/Final Aug 2018 - PKS Automation/Registration Module/Workflow/Form 3 EIS - Cessation As Employer/Template/Form 3 A - Cessation As Employer (Approve)

2018-12-14 11:04:32 - [TEST_STEP][NOT_RUN] - callTestCase: NOT_RUN: callTestCase

2018-12-14 11:04:32 - [MESSAGE][NOT_RUN] - NOT_RUN: callTestCase

2018-12-14 11:04:32 - [TEST_STEP][PASSED] - delay: Delayed 1 second(s)

2018-12-14 11:04:33 - [MESSAGE][PASSED] - Delayed 1 second(s)

2018-12-14 11:04:33 - [TEST_STEP][PASSED] - navigateToUrl: Navigate to 'https://assist2-uat.perkeso.gov.my/c/portal/logout' successfully

2018-12-14 11:04:34 - [MESSAGE][PASSED] - Navigate to 'https://assist2-uat.perkeso.gov.my/c/portal/logout' successfully

2018-12-14 11:04:34 - [TEST_STEP][PASSED] - delay: Delayed 1 second(s)

2018-12-14 11:04:35 - [MESSAGE][PASSED] - Delayed 1 second(s)

2018-12-14 11:04:35 - [TEST_STEP][PASSED] - callTestCase: Call Test Case 'Test Cases/Final Aug 2018 - PKS Automation/Common/Reference Number Getter' successfully

2018-12-14 11:04:35 - [TEST_CASE][PASSED] - Test Cases/Final Aug 2018 - PKS Automation/Common/Reference Number Getter: Test Cases/Final Aug 2018 - PKS Automation/Common/Reference Number Getter

2018-12-14 11:04:35 - [TEST_STEP][PASSED] - Statement - Try: null

2018-12-14 11:04:35 - [TEST_STEP][PASSED] - Statement - RefNo = new java.io.File(C://Users//Admin//Desktop//PKS//Automation Reference Point//KatalonReference.txt): null

2018-12-14 11:04:35 - [TEST_STEP][PASSED] - Statement - bufferread = new java.io.BufferedReader(new java.io.FileReader(RefNo)): null

2018-12-14 11:04:35 - [TEST_STEP][PASSED] - Statement - readedVal = bufferread.readLine(): null

2018-12-14 11:04:35 - [TEST_STEP][PASSED] - Statement - out.println(CaseReferenceNo): null

2018-12-14 11:04:35 - [TEST_STEP][PASSED] - Statement - out.println(readedVal): null

2018-12-14 11:04:35 - [TEST_STEP][PASSED] - Statement - CaseReferenceNo = "": null

2018-12-14 11:04:35 - [TEST_STEP][PASSED] - Statement - CaseReferenceNo = readedVal: null

2018-12-14 11:04:35 - [MESSAGE][PASSED] - Call Test Case 'Test Cases/Final Aug 2018 - PKS Automation/Common/Reference Number Getter' successfully

2018-12-14 11:04:35 - [TEST_STEP][PASSED] - callTestCase: Call Test Case 'Test Cases/Final Aug 2018 - PKS Automation/Common/Workflow Owner Finder' successfully

2018-12-14 11:04:35 - [TEST_CASE][PASSED] - Test Cases/Final Aug 2018 - PKS Automation/Common/Workflow Owner Finder: Test Cases/Final Aug 2018 - PKS Automation/Common/Workflow Owner Finder

2018-12-14 11:04:36 - [TEST_STEP][PASSED] - openBrowser: Browser is opened with url: ''

2018-12-14 11:04:36 - [MESSAGE][WARNING] - A browser is already opened. Closing browser and opening a new one

2018-12-14 11:04:41 - [MESSAGE][PASSED] - Browser is opened with url: ''

2018-12-14 11:04:41 - [TEST_STEP][PASSED] - navigateToUrl: Navigate to 'https://assist2-uat.perkeso.gov.my/login' successfully

2018-12-14 11:04:42 - [MESSAGE][PASSED] - Navigate to 'https://assist2-uat.perkeso.gov.my/login' successfully

2018-12-14 11:04:42 - [TEST_STEP][PASSED] - delay: Delayed 5 second(s)

2018-12-14 11:04:47 - [MESSAGE][PASSED] - Delayed 5 second(s)

2018-12-14 11:04:47 - [TEST_STEP][PASSED] - setText: Text 'test@liferay.com' is set on object 'Object Repository/Final Object Repo/Login Page/Internal User/Email Address'

2018-12-14 11:04:48 - [MESSAGE][PASSED] - Text 'test@liferay.com' is set on object 'Object Repository/Final Object Repo/Login Page/Internal User/Email Address'

2018-12-14 11:04:48 - [TEST_STEP][PASSED] - click: Object: 'Object Repository/Final Object Repo/Login Page/Internal User/Next Button' is clicked on

2018-12-14 11:04:48 - [MESSAGE][PASSED] - Object: 'Object Repository/Final Object Repo/Login Page/Internal User/Next Button' is clicked on

2018-12-14 11:04:48 - [TEST_STEP][PASSED] - delay: Delayed 2 second(s)

2018-12-14 11:04:50 - [MESSAGE][PASSED] - Delayed 2 second(s)

2018-12-14 11:04:50 - [TEST_STEP][PASSED] - setText: Text 'test' is set on object 'Object Repository/Final Object Repo/Login Page/Internal User/Password'

2018-12-14 11:04:50 - [MESSAGE][PASSED] - Text 'test' is set on object 'Object Repository/Final Object Repo/Login Page/Internal User/Password'

2018-12-14 11:04:50 - [TEST_STEP][PASSED] - delay: Delayed 2 second(s)

2018-12-14 11:04:52 - [MESSAGE][PASSED] - Delayed 2 second(s)

2018-12-14 11:04:52 - [TEST_STEP][PASSED] - click: Object: 'Object Repository/Final Object Repo/Login Page/Internal User/Login Button' is clicked on

2018-12-14 11:04:52 - [MESSAGE][PASSED] - Object: 'Object Repository/Final Object Repo/Login Page/Internal User/Login Button' is clicked on

2018-12-14 11:04:52 - [TEST_STEP][PASSED] - Statement - tester = com.kms.katalon.core.testobject.ObjectRepository.findTestObject(Final Object Repo/Landing Page/Select to English): Finding Test Object with id 'Object Repository/Final Object Repo/Landing Page/Select to English'

2018-12-14 11:04:52 - [TEST_STEP][PASSED] - Statement - Try: Delayed 2 second(s)

2018-12-14 11:04:52 - [TEST_STEP][PASSED] - Statement - Checker = com.kms.katalon.core.webui.keyword.WebUiBuiltInKeywords.verifyElementNotPresent(tester, 3): Web element with id: 'Object Repository/Final Object Repo/Landing Page/Select to English' located by 'By.xpath: //a[@class = 'taglib-language-list-text' and @lang = 'en-US' and (contains(text(), 'EN') or contains(., 'EN'))]' is not present after '3' second(s)

2018-12-14 11:04:54 - [MESSAGE][PASSED] - Web element with id: 'Object Repository/Final Object Repo/Landing Page/Select to English' located by 'By.xpath: //a[@class = 'taglib-language-list-text' and @lang = 'en-US' and (contains(text(), 'EN') or contains(., 'EN'))]' is not present after '3' second(s)

2018-12-14 11:04:54 - [TEST_STEP][PASSED] - Statement - If (Checker == false): null

2018-12-14 11:04:54 - [TEST_STEP][PASSED] - delay: Delayed 2 second(s)

2018-12-14 11:04:56 - [MESSAGE][PASSED] - Delayed 2 second(s)

2018-12-14 11:04:56 - [TEST_STEP][PASSED] - delay: Delayed 5 second(s)

2018-12-14 11:05:01 - [MESSAGE][PASSED] - Delayed 5 second(s)

2018-12-14 11:05:01 - [TEST_STEP][PASSED] - mouseOver: Object: 'Object Repository/Final Object Repo/Landing Page/WorkFlow Menu' is hovered

2018-12-14 11:05:01 - [MESSAGE][PASSED] - Object: 'Object Repository/Final Object Repo/Landing Page/WorkFlow Menu' is hovered

2018-12-14 11:05:01 - [TEST_STEP][PASSED] - delay: Delayed 2 second(s)

2018-12-14 11:05:03 - [MESSAGE][PASSED] - Delayed 2 second(s)

2018-12-14 11:05:03 - [TEST_STEP][PASSED] - click: Object: 'Object Repository/Final Object Repo/Landing Page/Select to Workflow Listing' is clicked on

2018-12-14 11:05:04 - [MESSAGE][PASSED] - Object: 'Object Repository/Final Object Repo/Landing Page/Select to Workflow Listing' is clicked on

2018-12-14 11:05:04 - [TEST_STEP][PASSED] - delay: Delayed 2 second(s)

2018-12-14 11:05:06 - [MESSAGE][PASSED] - Delayed 2 second(s)

2018-12-14 11:05:06 - [TEST_STEP][PASSED] - click: Object: 'Object Repository/Final Object Repo/WorkFlow Listing Page/Search Information - To Put Ref No' is clicked on

2018-12-14 11:05:07 - [MESSAGE][PASSED] - Object: 'Object Repository/Final Object Repo/WorkFlow Listing Page/Search Information - To Put Ref No' is clicked on

2018-12-14 11:05:07 - [TEST_STEP][PASSED] - delay: Delayed 2 second(s)

2018-12-14 11:05:09 - [MESSAGE][PASSED] - Delayed 2 second(s)

2018-12-14 11:05:09 - [TEST_STEP][PASSED] - callTestCase: Call Test Case 'Test Cases/Final Aug 2018 - PKS Automation/Common/Reference Number Getter' successfully

2018-12-14 11:05:09 - [TEST_CASE][PASSED] - Test Cases/Final Aug 2018 - PKS Automation/Common/Reference Number Getter: Test Cases/Final Aug 2018 - PKS Automation/Common/Reference Number Getter

2018-12-14 11:05:09 - [TEST_STEP][PASSED] - Statement - Try: null

2018-12-14 11:05:09 - [TEST_STEP][PASSED] - Statement - RefNo = new java.io.File(C://Users//Admin//Desktop//PKS//Automation Reference Point//KatalonReference.txt): null

2018-12-14 11:05:09 - [TEST_STEP][PASSED] - Statement - bufferread = new java.io.BufferedReader(new java.io.FileReader(RefNo)): null

2018-12-14 11:05:09 - [TEST_STEP][PASSED] - Statement - readedVal = bufferread.readLine(): null

2018-12-14 11:05:09 - [TEST_STEP][PASSED] - Statement - out.println(CaseReferenceNo): null

2018-12-14 11:05:09 - [TEST_STEP][PASSED] - Statement - out.println(readedVal): null

2018-12-14 11:05:09 - [TEST_STEP][PASSED] - Statement - CaseReferenceNo = "": null

2018-12-14 11:05:09 - [TEST_STEP][PASSED] - Statement - CaseReferenceNo = readedVal: null

2018-12-14 11:05:09 - [MESSAGE][PASSED] - Call Test Case 'Test Cases/Final Aug 2018 - PKS Automation/Common/Reference Number Getter' successfully

2018-12-14 11:05:09 - [TEST_STEP][PASSED] - setText: Text 'ERN122018C200002439' is set on object 'Object Repository/Final Object Repo/WorkFlow Listing Page/Ref No Set Text'

2018-12-14 11:05:10 - [MESSAGE][PASSED] - Text 'ERN122018C200002439' is set on object 'Object Repository/Final Object Repo/WorkFlow Listing Page/Ref No Set Text'

2018-12-14 11:05:10 - [TEST_STEP][PASSED] - delay: Delayed 2 second(s)

2018-12-14 11:05:12 - [MESSAGE][PASSED] - Delayed 2 second(s)

2018-12-14 11:05:12 - [TEST_STEP][PASSED] - click: Object: 'Object Repository/Final Object Repo/WorkFlow Listing Page/Search Ref No Search Button' is clicked on

2018-12-14 11:05:13 - [MESSAGE][PASSED] - Object: 'Object Repository/Final Object Repo/WorkFlow Listing Page/Search Ref No Search Button' is clicked on

2018-12-14 11:05:13 - [TEST_STEP][PASSED] - delay: Delayed 6 second(s)

2018-12-14 11:05:19 - [MESSAGE][PASSED] - Delayed 6 second(s)

2018-12-14 11:05:19 - [TEST_STEP][PASSED] - click: Object: 'Object Repository/Final Object Repo/WorkFlow Listing Page/Click Continue Tooltip' is clicked on

2018-12-14 11:05:20 - [MESSAGE][PASSED] - Object: 'Object Repository/Final Object Repo/WorkFlow Listing Page/Click Continue Tooltip' is clicked on

2018-12-14 11:05:20 - [TEST_STEP][PASSED] - delay: Delayed 5 second(s)

2018-12-14 11:05:25 - [MESSAGE][PASSED] - Delayed 5 second(s)

2018-12-14 11:05:25 - [TEST_STEP][PASSED] - doubleClick: Object: 'Object Repository/Final Object Repo/WorkFlow Listing Page/Workflow Found - Listing 1' is double clicked on

2018-12-14 11:05:25 - [MESSAGE][PASSED] - Object: 'Object Repository/Final Object Repo/WorkFlow Listing Page/Workflow Found - Listing 1' is double clicked on

2018-12-14 11:05:25 - [TEST_STEP][PASSED] - Statement - println(OwnerID): null

2018-12-14 11:05:25 - [TEST_STEP][PASSED] - Statement - OwnerID = com.kms.katalon.core.webui.keyword.WebUiBuiltInKeywords.getText(com.kms.katalon.core.testobject.ObjectRepository.findTestObject(Final Object Repo/WorkFlow Listing Page/Workflow Found - Listing 1), STOP_ON_FAILURE): Text of object 'Object Repository/Final Object Repo/WorkFlow Listing Page/Workflow Found - Listing 1' is: 'JOHORuo2'

2018-12-14 11:05:25 - [MESSAGE][PASSED] - Text of object 'Object Repository/Final Object Repo/WorkFlow Listing Page/Workflow Found - Listing 1' is: 'JOHORuo2'

2018-12-14 11:05:25 - [TEST_STEP][PASSED] - Statement - OwnerID = OwnerID.toLowerCase() + "@gmail.com": null

2018-12-14 11:05:25 - [TEST_STEP][PASSED] - Statement - println(OwnerID): null

2018-12-14 11:05:25 - [TEST_STEP][PASSED] - delay: Delayed 2 second(s)

2018-12-14 11:05:27 - [MESSAGE][PASSED] - Delayed 2 second(s)

2018-12-14 11:05:27 - [MESSAGE][PASSED] - Call Test Case 'Test Cases/Final Aug 2018 - PKS Automation/Common/Workflow Owner Finder' successfully

2018-12-14 11:05:27 - [TEST_STEP][PASSED] - delay: Delayed 1 second(s)

2018-12-14 11:05:28 - [MESSAGE][PASSED] - Delayed 1 second(s)

2018-12-14 11:05:28 - [TEST_STEP][PASSED] - navigateToUrl: Navigate to 'https://assist2-uat.perkeso.gov.my/c/portal/logout' successfully

2018-12-14 11:05:29 - [MESSAGE][PASSED] - Navigate to 'https://assist2-uat.perkeso.gov.my/c/portal/logout' successfully

2018-12-14 11:05:29 - [TEST_STEP][PASSED] - delay: Delayed 1 second(s)

2018-12-14 11:05:30 - [MESSAGE][PASSED] - Delayed 1 second(s)

2018-12-14 11:05:30 - [TEST_STEP][PASSED] - callTestCase: Call Test Case 'Test Cases/Final Aug 2018 - PKS Automation/Registration Module/Workflow/Login and Search Case For Workflow' successfully

2018-12-14 11:05:30 - [TEST_CASE][PASSED] - Test Cases/Final Aug 2018 - PKS Automation/Registration Module/Workflow/Login and Search Case For Workflow: Test Cases/Final Aug 2018 - PKS Automation/Registration Module/Workflow/Login and Search Case For Workflow

2018-12-14 11:05:30 - [TEST_STEP][PASSED] - navigateToUrl: Navigate to 'https://assist2-uat.perkeso.gov.my/login' successfully

2018-12-14 11:05:31 - [MESSAGE][PASSED] - Navigate to 'https://assist2-uat.perkeso.gov.my/login' successfully

2018-12-14 11:05:31 - [TEST_STEP][PASSED] - setText: Text 'johoruo2@gmail.com' is set on object 'Object Repository/Final Object Repo/Login Page/Internal User/Email Address'

2018-12-14 11:05:31 - [MESSAGE][PASSED] - Text 'johoruo2@gmail.com' is set on object 'Object Repository/Final Object Repo/Login Page/Internal User/Email Address'

2018-12-14 11:05:31 - [TEST_STEP][PASSED] - click: Object: 'Object Repository/Final Object Repo/Login Page/Internal User/Next Button' is clicked on

2018-12-14 11:05:31 - [MESSAGE][PASSED] - Object: 'Object Repository/Final Object Repo/Login Page/Internal User/Next Button' is clicked on

2018-12-14 11:05:31 - [TEST_STEP][PASSED] - delay: Delayed 1 second(s)

2018-12-14 11:05:32 - [MESSAGE][PASSED] - Delayed 1 second(s)

2018-12-14 11:05:32 - [TEST_STEP][PASSED] - setEncryptedText: Text ****** has been set on object 'Object Repository/Final Object Repo/Login Page/Internal User/Password'

2018-12-14 11:05:32 - [MESSAGE][PASSED] - Text ****** has been set on object 'Object Repository/Final Object Repo/Login Page/Internal User/Password'

2018-12-14 11:05:32 - [TEST_STEP][PASSED] - click: Object: 'Object Repository/Final Object Repo/Login Page/Internal User/Login Button' is clicked on

2018-12-14 11:05:33 - [MESSAGE][PASSED] - Object: 'Object Repository/Final Object Repo/Login Page/Internal User/Login Button' is clicked on

2018-12-14 11:05:33 - [TEST_STEP][PASSED] - delay: Delayed 2 second(s)

2018-12-14 11:05:35 - [MESSAGE][PASSED] - Delayed 2 second(s)

2018-12-14 11:05:35 - [TEST_STEP][PASSED] - Statement - Try: Delayed 2 second(s)

2018-12-14 11:05:35 - [TEST_STEP][PASSED] - Statement - Checker = false: null

2018-12-14 11:05:35 - [TEST_STEP][PASSED] - Statement - Checker = com.kms.katalon.core.webui.keyword.WebUiBuiltInKeywords.verifyElementHasAttribute(com.kms.katalon.core.testobject.ObjectRepository.findTestObject(Final Object Repo/Landing Page/BM Detecting), "href", 20, OPTIONAL): Object 'Object Repository/Final Object Repo/Landing Page/BM Detecting' has attribute 'href'

2018-12-14 11:05:35 - [MESSAGE][PASSED] - Object 'Object Repository/Final Object Repo/Landing Page/BM Detecting' has attribute 'href'

2018-12-14 11:05:35 - [TEST_STEP][PASSED] - Statement - out.println(Checker): null

2018-12-14 11:05:35 - [TEST_STEP][PASSED] - Statement - If (Checker == false): null

2018-12-14 11:05:35 - [TEST_STEP][PASSED] - Statement - Else: null

2018-12-14 11:05:35 - [TEST_STEP][PASSED] - delay: Delayed 2 second(s)

2018-12-14 11:05:37 - [MESSAGE][PASSED] - Delayed 2 second(s)

2018-12-14 11:05:37 - [TEST_STEP][PASSED] - click: Object: 'Object Repository/Final Object Repo/Page_MyASSIST - ASSIST - Search Pending Case For Add Supporting Document/Search Information' is clicked on

2018-12-14 11:05:37 - [MESSAGE][PASSED] - Object: 'Object Repository/Final Object Repo/Page_MyASSIST - ASSIST - Search Pending Case For Add Supporting Document/Search Information' is clicked on

2018-12-14 11:05:37 - [TEST_STEP][PASSED] - delay: Delayed 3 second(s)

2018-12-14 11:05:40 - [MESSAGE][PASSED] - Delayed 3 second(s)

2018-12-14 11:05:40 - [TEST_STEP][PASSED] - sendKeys: Keys 'ERN122018C200002439' sent to object: 'Object Repository/Final Object Repo/Page_MyASSIST - ASSIST - Search Pending Case For Add Supporting Document/Reference No'

2018-12-14 11:05:40 - [MESSAGE][PASSED] - Keys 'ERN122018C200002439' sent to object: 'Object Repository/Final Object Repo/Page_MyASSIST - ASSIST - Search Pending Case For Add Supporting Document/Reference No'

2018-12-14 11:05:40 - [TEST_STEP][PASSED] - click: Object: 'Object Repository/Final Object Repo/Page_MyASSIST - ASSIST - Search Pending Case For Add Supporting Document/Search Reference No' is clicked on

2018-12-14 11:05:40 - [MESSAGE][PASSED] - Object: 'Object Repository/Final Object Repo/Page_MyASSIST - ASSIST - Search Pending Case For Add Supporting Document/Search Reference No' is clicked on

2018-12-14 11:05:40 - [TEST_STEP][PASSED] - delay: Delayed 2 second(s)

2018-12-14 11:05:42 - [MESSAGE][PASSED] - Delayed 2 second(s)

2018-12-14 11:05:42 - [TEST_STEP][PASSED] - click: Object: 'Object Repository/Final Object Repo/Page_MyASSIST - ASSIST - Search Pending Case For Add Supporting Document/Continue' is clicked on

2018-12-14 11:05:46 - [MESSAGE][PASSED] - Object: 'Object Repository/Final Object Repo/Page_MyASSIST - ASSIST - Search Pending Case For Add Supporting Document/Continue' is clicked on

2018-12-14 11:05:46 - [TEST_STEP][PASSED] - delay: Delayed 20 second(s)

2018-12-14 11:06:06 - [MESSAGE][PASSED] - Delayed 20 second(s)

2018-12-14 11:06:06 - [MESSAGE][PASSED] - Call Test Case 'Test Cases/Final Aug 2018 - PKS Automation/Registration Module/Workflow/Login and Search Case For Workflow' successfully

2018-12-14 11:06:06 - [TEST_STEP][PASSED] - click: Object: 'Object Repository/Final Object Repo/Page_Form 3 EIS - Cessation as Employer/Page_Form 3 EIS - Cessation as Employer (Approve)/Save  Continue in Form 3 Page' is clicked on

2018-12-14 11:06:06 - [MESSAGE][PASSED] - Object: 'Object Repository/Final Object Repo/Page_Form 3 EIS - Cessation as Employer/Page_Form 3 EIS - Cessation as Employer (Approve)/Save  Continue in Form 3 Page' is clicked on

2018-12-14 11:06:06 - [TEST_STEP][PASSED] - delay: Delayed 2 second(s)

2018-12-14 11:06:08 - [MESSAGE][PASSED] - Delayed 2 second(s)

2018-12-14 11:06:08 - [TEST_STEP][PASSED] - click: Object: 'Object Repository/Final Object Repo/Page_Form 3 EIS - Cessation as Employer/Page_Form 3 EIS - Cessation as Employer (Approve)/Save  Continue in Resigned Page' is clicked on

2018-12-14 11:06:08 - [MESSAGE][PASSED] - Object: 'Object Repository/Final Object Repo/Page_Form 3 EIS - Cessation as Employer/Page_Form 3 EIS - Cessation as Employer (Approve)/Save  Continue in Resigned Page' is clicked on

2018-12-14 11:06:08 - [TEST_STEP][PASSED] - delay: Delayed 2 second(s)

2018-12-14 11:06:10 - [MESSAGE][PASSED] - Delayed 2 second(s)

2018-12-14 11:06:10 - [TEST_STEP][PASSED] - click: Object: 'Object Repository/Final Object Repo/Page_Form 3 EIS - Cessation as Employer/Page_Form 3 EIS - Cessation as Employer (Approve)/Save  Continue in Uploading Page' is clicked on

2018-12-14 11:06:12 - [MESSAGE][PASSED] - Object: 'Object Repository/Final Object Repo/Page_Form 3 EIS - Cessation as Employer/Page_Form 3 EIS - Cessation as Employer (Approve)/Save  Continue in Uploading Page' is clicked on

2018-12-14 11:06:12 - [TEST_STEP][PASSED] - delay: Delayed 2 second(s)

2018-12-14 11:06:14 - [MESSAGE][PASSED] - Delayed 2 second(s)

2018-12-14 11:06:14 - [TEST_STEP][PASSED] - click: Object: 'Object Repository/Final Object Repo/Page_Form 3 EIS - Cessation as Employer/Page_Form 3 EIS - Cessation as Employer (Approve)/Approve' is clicked on

2018-12-14 11:06:16 - [MESSAGE][PASSED] - Object: 'Object Repository/Final Object Repo/Page_Form 3 EIS - Cessation as Employer/Page_Form 3 EIS - Cessation as Employer (Approve)/Approve' is clicked on

2018-12-14 11:06:16 - [TEST_STEP][PASSED] - delay: Delayed 2 second(s)

2018-12-14 11:06:18 - [MESSAGE][PASSED] - Delayed 2 second(s)

2018-12-14 11:06:18 - [TEST_STEP][PASSED] - click: Object: 'Object Repository/Final Object Repo/Page_Form 3 EIS - Cessation as Employer/Page_Form 3 EIS - Cessation as Employer (Approve)/Confirm' is clicked on

2018-12-14 11:06:18 - [MESSAGE][PASSED] - Object: 'Object Repository/Final Object Repo/Page_Form 3 EIS - Cessation as Employer/Page_Form 3 EIS - Cessation as Employer (Approve)/Confirm' is clicked on

2018-12-14 11:06:18 - [TEST_STEP][PASSED] - delay: Delayed 2 second(s)

2018-12-14 11:06:20 - [MESSAGE][PASSED] - Delayed 2 second(s)

2018-12-14 11:06:20 - [TEST_STEP][PASSED] - click: Object: 'Object Repository/Final Object Repo/Page_Form 3 EIS - Cessation as Employer/Page_Form 3 EIS - Cessation as Employer (Approve)/Message Your Request    Form 3 EIS' is clicked on

2018-12-14 11:06:26 - [MESSAGE][PASSED] - Object: 'Object Repository/Final Object Repo/Page_Form 3 EIS - Cessation as Employer/Page_Form 3 EIS - Cessation as Employer (Approve)/Message Your Request    Form 3 EIS' is clicked on

2018-12-14 11:06:26 - [TEST_STEP][PASSED] - click: Object: 'Object Repository/Final Object Repo/Page_Form 3 EIS - Cessation as Employer/Page_Form 3 EIS - Cessation as Employer (Approve)/Letter of successful update' is clicked on

2018-12-14 11:06:26 - [MESSAGE][PASSED] - Object: 'Object Repository/Final Object Repo/Page_Form 3 EIS - Cessation as Employer/Page_Form 3 EIS - Cessation as Employer (Approve)/Letter of successful update' is clicked on

2018-12-14 11:06:26 - [MESSAGE][PASSED] - Call Test Case 'Test Cases/Final Aug 2018 - PKS Automation/Registration Module/Workflow/Form 3 EIS - Cessation As Employer/Template/Form 3 A - Cessation As Employer (Approve)' successfully]]></system-out>
         <system-err><![CDATA[]]></system-err>
      </testcase>
      <testcase name="Test Cases/Final Aug 2018 - PKS Automation/Registration Module/Workflow/Form 3 EIS - Cessation As Employer/Employer to UO (Query)" classname="Test Cases/Final Aug 2018 - PKS Automation/Registration Module/Workflow/Form 3 EIS - Cessation As Employer/Employer to UO (Query)" status="PASSED">
         <system-out><![CDATA[2018-12-14 11:06:26 - [TEST_CASE][PASSED] - Test Cases/Final Aug 2018 - PKS Automation/Registration Module/Workflow/Form 3 EIS - Cessation As Employer/Employer to UO (Query): Test Cases/Final Aug 2018 - PKS Automation/Registration Module/Workflow/Form 3 EIS - Cessation As Employer/Employer to UO (Query)

2018-12-14 11:06:27 - [TEST_STEP][PASSED] - callTestCase: Call Test Case 'Test Cases/Final Aug 2018 - PKS Automation/Registration Module/Workflow/Form 3 EIS - Cessation As Employer/Template/Form 3 A - Cessation As Employer (OTC)' successfully

2018-12-14 11:06:27 - [TEST_CASE][PASSED] - Test Cases/Final Aug 2018 - PKS Automation/Registration Module/Workflow/Form 3 EIS - Cessation As Employer/Template/Form 3 A - Cessation As Employer (OTC): Test Cases/Final Aug 2018 - PKS Automation/Registration Module/Workflow/Form 3 EIS - Cessation As Employer/Template/Form 3 A - Cessation As Employer (OTC)

2018-12-14 11:06:27 - [TEST_STEP][PASSED] - openBrowser: Browser is opened with url: ''

2018-12-14 11:06:27 - [MESSAGE][WARNING] - A browser is already opened. Closing browser and opening a new one

2018-12-14 11:06:31 - [MESSAGE][PASSED] - Browser is opened with url: ''

2018-12-14 11:06:31 - [TEST_STEP][PASSED] - navigateToUrl: Navigate to 'https://assist2-uat.perkeso.gov.my/login' successfully

2018-12-14 11:06:32 - [MESSAGE][PASSED] - Navigate to 'https://assist2-uat.perkeso.gov.my/login' successfully

2018-12-14 11:06:32 - [TEST_STEP][PASSED] - setText: Text 'johorotc1@gmail.com' is set on object 'Object Repository/Final Object Repo/Login Page/Internal User/Email Address'

2018-12-14 11:06:32 - [MESSAGE][PASSED] - Text 'johorotc1@gmail.com' is set on object 'Object Repository/Final Object Repo/Login Page/Internal User/Email Address'

2018-12-14 11:06:32 - [TEST_STEP][PASSED] - click: Object: 'Object Repository/Final Object Repo/Login Page/Internal User/Next Button' is clicked on

2018-12-14 11:06:32 - [MESSAGE][PASSED] - Object: 'Object Repository/Final Object Repo/Login Page/Internal User/Next Button' is clicked on

2018-12-14 11:06:32 - [TEST_STEP][PASSED] - delay: Delayed 1 second(s)

2018-12-14 11:06:33 - [MESSAGE][PASSED] - Delayed 1 second(s)

2018-12-14 11:06:33 - [TEST_STEP][PASSED] - setEncryptedText: Text ****** has been set on object 'Object Repository/Final Object Repo/Login Page/Internal User/Password'

2018-12-14 11:06:34 - [MESSAGE][PASSED] - Text ****** has been set on object 'Object Repository/Final Object Repo/Login Page/Internal User/Password'

2018-12-14 11:06:34 - [TEST_STEP][PASSED] - click: Object: 'Object Repository/Final Object Repo/Login Page/Internal User/Login Button' is clicked on

2018-12-14 11:06:34 - [MESSAGE][PASSED] - Object: 'Object Repository/Final Object Repo/Login Page/Internal User/Login Button' is clicked on

2018-12-14 11:06:34 - [TEST_STEP][PASSED] - delay: Delayed 1 second(s)

2018-12-14 11:06:35 - [MESSAGE][PASSED] - Delayed 1 second(s)

2018-12-14 11:06:35 - [TEST_STEP][PASSED] - Statement - Try: Delayed 2 second(s)

2018-12-14 11:06:35 - [TEST_STEP][PASSED] - Statement - Checker = false: null

2018-12-14 11:06:35 - [TEST_STEP][PASSED] - Statement - Checker = com.kms.katalon.core.webui.keyword.WebUiBuiltInKeywords.verifyElementHasAttribute(com.kms.katalon.core.testobject.ObjectRepository.findTestObject(Final Object Repo/Landing Page/BM Detecting), "href", 20, OPTIONAL): Object 'Object Repository/Final Object Repo/Landing Page/BM Detecting' has attribute 'href'

2018-12-14 11:06:36 - [MESSAGE][PASSED] - Object 'Object Repository/Final Object Repo/Landing Page/BM Detecting' has attribute 'href'

2018-12-14 11:06:36 - [TEST_STEP][PASSED] - Statement - out.println(Checker): null

2018-12-14 11:06:36 - [TEST_STEP][PASSED] - Statement - If (Checker == false): null

2018-12-14 11:06:36 - [TEST_STEP][PASSED] - Statement - Else: null

2018-12-14 11:06:36 - [TEST_STEP][PASSED] - delay: Delayed 2 second(s)

2018-12-14 11:06:38 - [MESSAGE][PASSED] - Delayed 2 second(s)

2018-12-14 11:06:38 - [TEST_STEP][PASSED] - navigateToUrl: Navigate to 'https://assist2-uat.perkeso.gov.my/web/registration/eis-update/form-3-eis-cessation-as-employer' successfully

2018-12-14 11:06:39 - [MESSAGE][PASSED] - Navigate to 'https://assist2-uat.perkeso.gov.my/web/registration/eis-update/form-3-eis-cessation-as-employer' successfully

2018-12-14 11:06:39 - [TEST_STEP][PASSED] - delay: Delayed 1 second(s)

2018-12-14 11:06:40 - [MESSAGE][PASSED] - Delayed 1 second(s)

2018-12-14 11:06:40 - [TEST_STEP][PASSED] - setText: Text 'E1102069769W' is set on object 'Object Repository/Final Object Repo/Page_Form 3 EIS - Cessation as Employer/Employer Code'

2018-12-14 11:06:41 - [MESSAGE][PASSED] - Text 'E1102069769W' is set on object 'Object Repository/Final Object Repo/Page_Form 3 EIS - Cessation as Employer/Employer Code'

2018-12-14 11:06:41 - [TEST_STEP][PASSED] - click: Object: 'Object Repository/Final Object Repo/Page_Form 3 EIS - Cessation as Employer/Search' is clicked on

2018-12-14 11:06:41 - [MESSAGE][PASSED] - Object: 'Object Repository/Final Object Repo/Page_Form 3 EIS - Cessation as Employer/Search' is clicked on

2018-12-14 11:06:41 - [TEST_STEP][PASSED] - click: Object: 'Object Repository/Final Object Repo/Page_Form 3 EIS - Cessation as Employer/Edit' is clicked on

2018-12-14 11:06:43 - [MESSAGE][PASSED] - Object: 'Object Repository/Final Object Repo/Page_Form 3 EIS - Cessation as Employer/Edit' is clicked on

2018-12-14 11:06:43 - [TEST_STEP][PASSED] - delay: Delayed 1 second(s)

2018-12-14 11:06:44 - [MESSAGE][PASSED] - Delayed 1 second(s)

2018-12-14 11:06:44 - [TEST_STEP][PASSED] - Statement - abc = com.kms.katalon.core.webui.keyword.WebUiBuiltInKeywords.getAttribute(com.kms.katalon.core.testobject.ObjectRepository.findTestObject(Final Object Repo/Page_Form 3 EIS - Cessation as Employer/Employer Status), "value"): Attribute 'value' of object 'Object Repository/Final Object Repo/Page_Form 3 EIS - Cessation as Employer/Employer Status' is: 'Active'

2018-12-14 11:06:44 - [MESSAGE][PASSED] - Attribute 'value' of object 'Object Repository/Final Object Repo/Page_Form 3 EIS - Cessation as Employer/Employer Status' is: 'Active'

2018-12-14 11:06:44 - [TEST_STEP][PASSED] - Statement - out.println(abc): null

2018-12-14 11:06:44 - [TEST_STEP][PASSED] - Statement - If (abc == "Active"): Object: 'Object Repository/Final Object Repo/Page_Form 3 EIS - Cessation as Employer/Dormant EIS' is clicked on

2018-12-14 11:06:44 - [TEST_STEP][PASSED] - click: Object: 'Object Repository/Final Object Repo/Page_Form 3 EIS - Cessation as Employer/Change Employer Status to' is clicked on

2018-12-14 11:06:45 - [MESSAGE][PASSED] - Object: 'Object Repository/Final Object Repo/Page_Form 3 EIS - Cessation as Employer/Change Employer Status to' is clicked on

2018-12-14 11:06:45 - [TEST_STEP][PASSED] - click: Object: 'Object Repository/Final Object Repo/Page_Form 3 EIS - Cessation as Employer/Dormant EIS' is clicked on

2018-12-14 11:06:45 - [MESSAGE][PASSED] - Object: 'Object Repository/Final Object Repo/Page_Form 3 EIS - Cessation as Employer/Dormant EIS' is clicked on

2018-12-14 11:06:45 - [TEST_STEP][PASSED] - click: Object: 'Object Repository/Final Object Repo/Page_Form 3 EIS - Cessation as Employer/Calender' is clicked on

2018-12-14 11:06:45 - [MESSAGE][PASSED] - Object: 'Object Repository/Final Object Repo/Page_Form 3 EIS - Cessation as Employer/Calender' is clicked on

2018-12-14 11:06:45 - [TEST_STEP][PASSED] - delay: Delayed 1 second(s)

2018-12-14 11:06:46 - [MESSAGE][PASSED] - Delayed 1 second(s)

2018-12-14 11:06:46 - [TEST_STEP][PASSED] - click: Object: 'Object Repository/Final Object Repo/Page_Form 3 EIS - Cessation as Employer/Calender - Date' is clicked on

2018-12-14 11:06:46 - [MESSAGE][PASSED] - Object: 'Object Repository/Final Object Repo/Page_Form 3 EIS - Cessation as Employer/Calender - Date' is clicked on

2018-12-14 11:06:46 - [TEST_STEP][PASSED] - click: Object: 'Object Repository/Final Object Repo/Page_Form 3 EIS - Cessation as Employer/Save  Continue in Form 3 EIS Page' is clicked on

2018-12-14 11:06:47 - [MESSAGE][PASSED] - Object: 'Object Repository/Final Object Repo/Page_Form 3 EIS - Cessation as Employer/Save  Continue in Form 3 EIS Page' is clicked on

2018-12-14 11:06:47 - [TEST_STEP][PASSED] - delay: Delayed 1 second(s)

2018-12-14 11:06:48 - [MESSAGE][PASSED] - Delayed 1 second(s)

2018-12-14 11:06:48 - [TEST_STEP][PASSED] - click: Object: 'Object Repository/Final Object Repo/Page_Form 3 EIS - Cessation as Employer/Employment Resign Date' is clicked on

2018-12-14 11:06:48 - [MESSAGE][PASSED] - Object: 'Object Repository/Final Object Repo/Page_Form 3 EIS - Cessation as Employer/Employment Resign Date' is clicked on

2018-12-14 11:06:48 - [TEST_STEP][PASSED] - selectOptionByValue: All options with value '2030' are selected in object 'Object Repository/Final Object Repo/Page_Form 3 EIS - Cessation as Employer/Employment Resign Date - Year' 

2018-12-14 11:06:49 - [MESSAGE][PASSED] - All options with value '2030' are selected in object 'Object Repository/Final Object Repo/Page_Form 3 EIS - Cessation as Employer/Employment Resign Date - Year' 

2018-12-14 11:06:49 - [TEST_STEP][PASSED] - delay: Delayed 2 second(s)

2018-12-14 11:06:51 - [MESSAGE][PASSED] - Delayed 2 second(s)

2018-12-14 11:06:51 - [TEST_STEP][PASSED] - click: Object: 'Object Repository/Final Object Repo/Page_Form 3 EIS - Cessation as Employer/Employment Resign Date - Year - Date' is clicked on

2018-12-14 11:06:51 - [MESSAGE][PASSED] - Object: 'Object Repository/Final Object Repo/Page_Form 3 EIS - Cessation as Employer/Employment Resign Date - Year - Date' is clicked on

2018-12-14 11:06:51 - [TEST_STEP][PASSED] - delay: Delayed 2 second(s)

2018-12-14 11:06:53 - [MESSAGE][PASSED] - Delayed 2 second(s)

2018-12-14 11:06:53 - [TEST_STEP][PASSED] - click: Object: 'Object Repository/Final Object Repo/Page_Form 3 EIS - Cessation as Employer/Save  Continue in Employment Resign Page' is clicked on

2018-12-14 11:06:53 - [MESSAGE][PASSED] - Object: 'Object Repository/Final Object Repo/Page_Form 3 EIS - Cessation as Employer/Save  Continue in Employment Resign Page' is clicked on

2018-12-14 11:06:53 - [TEST_STEP][PASSED] - delay: Delayed 2 second(s)

2018-12-14 11:06:55 - [MESSAGE][PASSED] - Delayed 2 second(s)

2018-12-14 11:06:55 - [TEST_STEP][PASSED] - click: Object: 'Object Repository/Final Object Repo/Page_Form 3 EIS - Cessation as Employer/Set Latest - Yes' is clicked on

2018-12-14 11:06:55 - [MESSAGE][PASSED] - Object: 'Object Repository/Final Object Repo/Page_Form 3 EIS - Cessation as Employer/Set Latest - Yes' is clicked on

2018-12-14 11:06:55 - [TEST_STEP][PASSED] - delay: Delayed 2 second(s)

2018-12-14 11:06:57 - [MESSAGE][PASSED] - Delayed 2 second(s)

2018-12-14 11:06:57 - [TEST_STEP][PASSED] - click: Object: 'Object Repository/Final Object Repo/Page_Form 3 EIS - Cessation as Employer/Add Document' is clicked on

2018-12-14 11:06:58 - [MESSAGE][PASSED] - Object: 'Object Repository/Final Object Repo/Page_Form 3 EIS - Cessation as Employer/Add Document' is clicked on

2018-12-14 11:06:58 - [TEST_STEP][PASSED] - delay: Delayed 3 second(s)

2018-12-14 11:07:01 - [MESSAGE][PASSED] - Delayed 3 second(s)

2018-12-14 11:07:01 - [TEST_STEP][PASSED] - click: Object: 'Object Repository/Final Object Repo/Page_Form 3 EIS - Cessation as Employer/Document Type' is clicked on

2018-12-14 11:07:02 - [MESSAGE][PASSED] - Object: 'Object Repository/Final Object Repo/Page_Form 3 EIS - Cessation as Employer/Document Type' is clicked on

2018-12-14 11:07:02 - [TEST_STEP][PASSED] - click: Object: 'Object Repository/Final Object Repo/Page_Form 3 EIS - Cessation as Employer/Document Type - Form 3' is clicked on

2018-12-14 11:07:02 - [MESSAGE][PASSED] - Object: 'Object Repository/Final Object Repo/Page_Form 3 EIS - Cessation as Employer/Document Type - Form 3' is clicked on

2018-12-14 11:07:02 - [TEST_STEP][PASSED] - delay: Delayed 2 second(s)

2018-12-14 11:07:04 - [MESSAGE][PASSED] - Delayed 2 second(s)

2018-12-14 11:07:04 - [TEST_STEP][PASSED] - sendKeys: Keys 'C:\Users\Public\Pictures\Sample Pictures\Koala.jpg' sent to object: 'Object Repository/Final Object Repo/Page_Form 3 EIS - Cessation as Employer/ploading File'

2018-12-14 11:07:05 - [MESSAGE][PASSED] - Keys 'C:\Users\Public\Pictures\Sample Pictures\Koala.jpg' sent to object: 'Object Repository/Final Object Repo/Page_Form 3 EIS - Cessation as Employer/ploading File'

2018-12-14 11:07:05 - [TEST_STEP][PASSED] - delay: Delayed 1 second(s)

2018-12-14 11:07:06 - [MESSAGE][PASSED] - Delayed 1 second(s)

2018-12-14 11:07:06 - [TEST_STEP][PASSED] - click: Object: 'Object Repository/Final Object Repo/Page_Form 3 EIS - Cessation as Employer/Add Document in Uploading Page' is clicked on

2018-12-14 11:07:06 - [MESSAGE][PASSED] - Object: 'Object Repository/Final Object Repo/Page_Form 3 EIS - Cessation as Employer/Add Document in Uploading Page' is clicked on

2018-12-14 11:07:06 - [TEST_STEP][PASSED] - delay: Delayed 2 second(s)

2018-12-14 11:07:08 - [MESSAGE][PASSED] - Delayed 2 second(s)

2018-12-14 11:07:08 - [TEST_STEP][PASSED] - Statement - CaseReferenceNo = com.kms.katalon.core.webui.keyword.WebUiBuiltInKeywords.getText(com.kms.katalon.core.testobject.ObjectRepository.findTestObject(Final Object Repo/Page_Update Employer Information/Reference Number in Update Employee Information Page)): Text of object 'Object Repository/Final Object Repo/Page_Update Employer Information/Reference Number in Update Employee Information Page' is: 'ERN122018C200002440'

2018-12-14 11:07:10 - [MESSAGE][PASSED] - Text of object 'Object Repository/Final Object Repo/Page_Update Employer Information/Reference Number in Update Employee Information Page' is: 'ERN122018C200002440'

2018-12-14 11:07:10 - [TEST_STEP][PASSED] - callTestCase: Call Test Case 'Test Cases/Final Aug 2018 - PKS Automation/Common/Reference Number Setter' successfully

2018-12-14 11:07:10 - [TEST_CASE][PASSED] - Test Cases/Final Aug 2018 - PKS Automation/Common/Reference Number Setter: Test Cases/Final Aug 2018 - PKS Automation/Common/Reference Number Setter

2018-12-14 11:07:10 - [TEST_STEP][PASSED] - Statement - RefNoOldFile = new java.io.File(C://Users//Admin//Desktop//PKS//Automation Reference Point//KatalonReference.txt): null

2018-12-14 11:07:10 - [TEST_STEP][PASSED] - Statement - RefNoOldFile.delete(): null

2018-12-14 11:07:10 - [TEST_STEP][PASSED] - delay: Delayed 5 second(s)

2018-12-14 11:07:15 - [MESSAGE][PASSED] - Delayed 5 second(s)

2018-12-14 11:07:15 - [TEST_STEP][PASSED] - Statement - RefNo = new java.io.File(C://Users//Admin//Desktop//PKS//Automation Reference Point//KatalonReference.txt): null

2018-12-14 11:07:15 - [TEST_STEP][PASSED] - Statement - f2 = new java.io.FileWriter(RefNo, false): null

2018-12-14 11:07:15 - [TEST_STEP][PASSED] - Statement - f2.write(CaseReferenceNo): null

2018-12-14 11:07:15 - [TEST_STEP][PASSED] - Statement - f2.close(): null

2018-12-14 11:07:15 - [TEST_STEP][PASSED] - Statement - out.println("


" + CaseReferenceNo + "


"): null

2018-12-14 11:07:15 - [MESSAGE][PASSED] - Call Test Case 'Test Cases/Final Aug 2018 - PKS Automation/Common/Reference Number Setter' successfully

2018-12-14 11:07:15 - [TEST_STEP][PASSED] - delay: Delayed 2 second(s)

2018-12-14 11:07:17 - [MESSAGE][PASSED] - Delayed 2 second(s)

2018-12-14 11:07:17 - [TEST_STEP][PASSED] - click: Object: 'Object Repository/Final Object Repo/Page_Form 3 EIS - Cessation as Employer/Save  Continue in Uploading Page' is clicked on

2018-12-14 11:07:17 - [MESSAGE][PASSED] - Object: 'Object Repository/Final Object Repo/Page_Form 3 EIS - Cessation as Employer/Save  Continue in Uploading Page' is clicked on

2018-12-14 11:07:17 - [TEST_STEP][PASSED] - delay: Delayed 2 second(s)

2018-12-14 11:07:19 - [MESSAGE][PASSED] - Delayed 2 second(s)

2018-12-14 11:07:19 - [TEST_STEP][PASSED] - click: Object: 'Object Repository/Final Object Repo/Page_Form 3 EIS - Cessation as Employer/Submit' is clicked on

2018-12-14 11:07:23 - [MESSAGE][PASSED] - Object: 'Object Repository/Final Object Repo/Page_Form 3 EIS - Cessation as Employer/Submit' is clicked on

2018-12-14 11:07:23 - [TEST_STEP][PASSED] - delay: Delayed 2 second(s)

2018-12-14 11:07:25 - [MESSAGE][PASSED] - Delayed 2 second(s)

2018-12-14 11:07:25 - [TEST_STEP][PASSED] - click: Object: 'Object Repository/Final Object Repo/Page_Form 3 EIS - Cessation as Employer/Confirm' is clicked on

2018-12-14 11:07:25 - [MESSAGE][PASSED] - Object: 'Object Repository/Final Object Repo/Page_Form 3 EIS - Cessation as Employer/Confirm' is clicked on

2018-12-14 11:07:25 - [TEST_STEP][PASSED] - delay: Delayed 2 second(s)

2018-12-14 11:07:27 - [MESSAGE][PASSED] - Delayed 2 second(s)

2018-12-14 11:07:27 - [TEST_STEP][PASSED] - click: Object: 'Object Repository/Final Object Repo/Page_Form 3 EIS - Cessation as Employer/Message Your Request will be routed to UO' is clicked on

2018-12-14 11:07:30 - [MESSAGE][PASSED] - Object: 'Object Repository/Final Object Repo/Page_Form 3 EIS - Cessation as Employer/Message Your Request will be routed to UO' is clicked on

2018-12-14 11:07:30 - [TEST_STEP][PASSED] - click: Object: 'Object Repository/Final Object Repo/Page_Form 3 EIS - Cessation as Employer/Letter of acknowledgement' is clicked on

2018-12-14 11:07:31 - [MESSAGE][PASSED] - Object: 'Object Repository/Final Object Repo/Page_Form 3 EIS - Cessation as Employer/Letter of acknowledgement' is clicked on

2018-12-14 11:07:31 - [MESSAGE][PASSED] - Call Test Case 'Test Cases/Final Aug 2018 - PKS Automation/Registration Module/Workflow/Form 3 EIS - Cessation As Employer/Template/Form 3 A - Cessation As Employer (OTC)' successfully

2018-12-14 11:07:31 - [TEST_STEP][PASSED] - callTestCase: Call Test Case 'Test Cases/Final Aug 2018 - PKS Automation/Registration Module/Workflow/Form 3 EIS - Cessation As Employer/Template/Form 3 A - Cessation As Employer (Query)' successfully

2018-12-14 11:07:31 - [TEST_CASE][PASSED] - Test Cases/Final Aug 2018 - PKS Automation/Registration Module/Workflow/Form 3 EIS - Cessation As Employer/Template/Form 3 A - Cessation As Employer (Query): Test Cases/Final Aug 2018 - PKS Automation/Registration Module/Workflow/Form 3 EIS - Cessation As Employer/Template/Form 3 A - Cessation As Employer (Query)

2018-12-14 11:07:31 - [TEST_STEP][NOT_RUN] - callTestCase: NOT_RUN: callTestCase

2018-12-14 11:07:31 - [MESSAGE][NOT_RUN] - NOT_RUN: callTestCase

2018-12-14 11:07:31 - [TEST_STEP][PASSED] - delay: Delayed 1 second(s)

2018-12-14 11:07:32 - [MESSAGE][PASSED] - Delayed 1 second(s)

2018-12-14 11:07:32 - [TEST_STEP][PASSED] - navigateToUrl: Navigate to 'https://assist2-uat.perkeso.gov.my/c/portal/logout' successfully

2018-12-14 11:07:33 - [MESSAGE][PASSED] - Navigate to 'https://assist2-uat.perkeso.gov.my/c/portal/logout' successfully

2018-12-14 11:07:33 - [TEST_STEP][PASSED] - delay: Delayed 1 second(s)

2018-12-14 11:07:34 - [MESSAGE][PASSED] - Delayed 1 second(s)

2018-12-14 11:07:34 - [TEST_STEP][PASSED] - callTestCase: Call Test Case 'Test Cases/Final Aug 2018 - PKS Automation/Common/Reference Number Getter' successfully

2018-12-14 11:07:34 - [TEST_CASE][PASSED] - Test Cases/Final Aug 2018 - PKS Automation/Common/Reference Number Getter: Test Cases/Final Aug 2018 - PKS Automation/Common/Reference Number Getter

2018-12-14 11:07:34 - [TEST_STEP][PASSED] - Statement - Try: null

2018-12-14 11:07:34 - [TEST_STEP][PASSED] - Statement - RefNo = new java.io.File(C://Users//Admin//Desktop//PKS//Automation Reference Point//KatalonReference.txt): null

2018-12-14 11:07:34 - [TEST_STEP][PASSED] - Statement - bufferread = new java.io.BufferedReader(new java.io.FileReader(RefNo)): null

2018-12-14 11:07:34 - [TEST_STEP][PASSED] - Statement - readedVal = bufferread.readLine(): null

2018-12-14 11:07:34 - [TEST_STEP][PASSED] - Statement - out.println(CaseReferenceNo): null

2018-12-14 11:07:34 - [TEST_STEP][PASSED] - Statement - out.println(readedVal): null

2018-12-14 11:07:34 - [TEST_STEP][PASSED] - Statement - CaseReferenceNo = "": null

2018-12-14 11:07:34 - [TEST_STEP][PASSED] - Statement - CaseReferenceNo = readedVal: null

2018-12-14 11:07:34 - [MESSAGE][PASSED] - Call Test Case 'Test Cases/Final Aug 2018 - PKS Automation/Common/Reference Number Getter' successfully

2018-12-14 11:07:34 - [TEST_STEP][PASSED] - callTestCase: Call Test Case 'Test Cases/Final Aug 2018 - PKS Automation/Common/Workflow Owner Finder' successfully

2018-12-14 11:07:34 - [TEST_CASE][PASSED] - Test Cases/Final Aug 2018 - PKS Automation/Common/Workflow Owner Finder: Test Cases/Final Aug 2018 - PKS Automation/Common/Workflow Owner Finder

2018-12-14 11:07:34 - [TEST_STEP][PASSED] - openBrowser: Browser is opened with url: ''

2018-12-14 11:07:34 - [MESSAGE][WARNING] - A browser is already opened. Closing browser and opening a new one

2018-12-14 11:07:38 - [MESSAGE][PASSED] - Browser is opened with url: ''

2018-12-14 11:07:38 - [TEST_STEP][PASSED] - navigateToUrl: Navigate to 'https://assist2-uat.perkeso.gov.my/login' successfully

2018-12-14 11:07:39 - [MESSAGE][PASSED] - Navigate to 'https://assist2-uat.perkeso.gov.my/login' successfully

2018-12-14 11:07:39 - [TEST_STEP][PASSED] - delay: Delayed 5 second(s)

2018-12-14 11:07:44 - [MESSAGE][PASSED] - Delayed 5 second(s)

2018-12-14 11:07:44 - [TEST_STEP][PASSED] - setText: Text 'test@liferay.com' is set on object 'Object Repository/Final Object Repo/Login Page/Internal User/Email Address'

2018-12-14 11:07:44 - [MESSAGE][PASSED] - Text 'test@liferay.com' is set on object 'Object Repository/Final Object Repo/Login Page/Internal User/Email Address'

2018-12-14 11:07:44 - [TEST_STEP][PASSED] - click: Object: 'Object Repository/Final Object Repo/Login Page/Internal User/Next Button' is clicked on

2018-12-14 11:07:45 - [MESSAGE][PASSED] - Object: 'Object Repository/Final Object Repo/Login Page/Internal User/Next Button' is clicked on

2018-12-14 11:07:45 - [TEST_STEP][PASSED] - delay: Delayed 2 second(s)

2018-12-14 11:07:47 - [MESSAGE][PASSED] - Delayed 2 second(s)

2018-12-14 11:07:47 - [TEST_STEP][PASSED] - setText: Text 'test' is set on object 'Object Repository/Final Object Repo/Login Page/Internal User/Password'

2018-12-14 11:07:47 - [MESSAGE][PASSED] - Text 'test' is set on object 'Object Repository/Final Object Repo/Login Page/Internal User/Password'

2018-12-14 11:07:47 - [TEST_STEP][PASSED] - delay: Delayed 2 second(s)

2018-12-14 11:07:49 - [MESSAGE][PASSED] - Delayed 2 second(s)

2018-12-14 11:07:49 - [TEST_STEP][PASSED] - click: Object: 'Object Repository/Final Object Repo/Login Page/Internal User/Login Button' is clicked on

2018-12-14 11:07:49 - [MESSAGE][PASSED] - Object: 'Object Repository/Final Object Repo/Login Page/Internal User/Login Button' is clicked on

2018-12-14 11:07:49 - [TEST_STEP][PASSED] - Statement - tester = com.kms.katalon.core.testobject.ObjectRepository.findTestObject(Final Object Repo/Landing Page/Select to English): Finding Test Object with id 'Object Repository/Final Object Repo/Landing Page/Select to English'

2018-12-14 11:07:49 - [TEST_STEP][PASSED] - Statement - Try: Delayed 2 second(s)

2018-12-14 11:07:49 - [TEST_STEP][PASSED] - Statement - Checker = com.kms.katalon.core.webui.keyword.WebUiBuiltInKeywords.verifyElementNotPresent(tester, 3): Web element with id: 'Object Repository/Final Object Repo/Landing Page/Select to English' located by 'By.xpath: //a[@class = 'taglib-language-list-text' and @lang = 'en-US' and (contains(text(), 'EN') or contains(., 'EN'))]' is not present after '3' second(s)

2018-12-14 11:07:52 - [MESSAGE][PASSED] - Web element with id: 'Object Repository/Final Object Repo/Landing Page/Select to English' located by 'By.xpath: //a[@class = 'taglib-language-list-text' and @lang = 'en-US' and (contains(text(), 'EN') or contains(., 'EN'))]' is not present after '3' second(s)

2018-12-14 11:07:52 - [TEST_STEP][PASSED] - Statement - If (Checker == false): null

2018-12-14 11:07:52 - [TEST_STEP][PASSED] - delay: Delayed 2 second(s)

2018-12-14 11:07:54 - [MESSAGE][PASSED] - Delayed 2 second(s)

2018-12-14 11:07:54 - [TEST_STEP][PASSED] - delay: Delayed 5 second(s)

2018-12-14 11:07:59 - [MESSAGE][PASSED] - Delayed 5 second(s)

2018-12-14 11:07:59 - [TEST_STEP][PASSED] - mouseOver: Object: 'Object Repository/Final Object Repo/Landing Page/WorkFlow Menu' is hovered

2018-12-14 11:07:59 - [MESSAGE][PASSED] - Object: 'Object Repository/Final Object Repo/Landing Page/WorkFlow Menu' is hovered

2018-12-14 11:07:59 - [TEST_STEP][PASSED] - delay: Delayed 2 second(s)

2018-12-14 11:08:01 - [MESSAGE][PASSED] - Delayed 2 second(s)

2018-12-14 11:08:01 - [TEST_STEP][PASSED] - click: Object: 'Object Repository/Final Object Repo/Landing Page/Select to Workflow Listing' is clicked on

2018-12-14 11:08:02 - [MESSAGE][PASSED] - Object: 'Object Repository/Final Object Repo/Landing Page/Select to Workflow Listing' is clicked on

2018-12-14 11:08:02 - [TEST_STEP][PASSED] - delay: Delayed 2 second(s)

2018-12-14 11:08:04 - [MESSAGE][PASSED] - Delayed 2 second(s)

2018-12-14 11:08:04 - [TEST_STEP][PASSED] - click: Object: 'Object Repository/Final Object Repo/WorkFlow Listing Page/Search Information - To Put Ref No' is clicked on

2018-12-14 11:08:05 - [MESSAGE][PASSED] - Object: 'Object Repository/Final Object Repo/WorkFlow Listing Page/Search Information - To Put Ref No' is clicked on

2018-12-14 11:08:05 - [TEST_STEP][PASSED] - delay: Delayed 2 second(s)

2018-12-14 11:08:07 - [MESSAGE][PASSED] - Delayed 2 second(s)

2018-12-14 11:08:07 - [TEST_STEP][PASSED] - callTestCase: Call Test Case 'Test Cases/Final Aug 2018 - PKS Automation/Common/Reference Number Getter' successfully

2018-12-14 11:08:07 - [TEST_CASE][PASSED] - Test Cases/Final Aug 2018 - PKS Automation/Common/Reference Number Getter: Test Cases/Final Aug 2018 - PKS Automation/Common/Reference Number Getter

2018-12-14 11:08:07 - [TEST_STEP][PASSED] - Statement - Try: null

2018-12-14 11:08:07 - [TEST_STEP][PASSED] - Statement - RefNo = new java.io.File(C://Users//Admin//Desktop//PKS//Automation Reference Point//KatalonReference.txt): null

2018-12-14 11:08:07 - [TEST_STEP][PASSED] - Statement - bufferread = new java.io.BufferedReader(new java.io.FileReader(RefNo)): null

2018-12-14 11:08:07 - [TEST_STEP][PASSED] - Statement - readedVal = bufferread.readLine(): null

2018-12-14 11:08:07 - [TEST_STEP][PASSED] - Statement - out.println(CaseReferenceNo): null

2018-12-14 11:08:07 - [TEST_STEP][PASSED] - Statement - out.println(readedVal): null

2018-12-14 11:08:07 - [TEST_STEP][PASSED] - Statement - CaseReferenceNo = "": null

2018-12-14 11:08:07 - [TEST_STEP][PASSED] - Statement - CaseReferenceNo = readedVal: null

2018-12-14 11:08:07 - [MESSAGE][PASSED] - Call Test Case 'Test Cases/Final Aug 2018 - PKS Automation/Common/Reference Number Getter' successfully

2018-12-14 11:08:07 - [TEST_STEP][PASSED] - setText: Text 'ERN122018C200002440' is set on object 'Object Repository/Final Object Repo/WorkFlow Listing Page/Ref No Set Text'

2018-12-14 11:08:07 - [MESSAGE][PASSED] - Text 'ERN122018C200002440' is set on object 'Object Repository/Final Object Repo/WorkFlow Listing Page/Ref No Set Text'

2018-12-14 11:08:07 - [TEST_STEP][PASSED] - delay: Delayed 2 second(s)

2018-12-14 11:08:09 - [MESSAGE][PASSED] - Delayed 2 second(s)

2018-12-14 11:08:09 - [TEST_STEP][PASSED] - click: Object: 'Object Repository/Final Object Repo/WorkFlow Listing Page/Search Ref No Search Button' is clicked on

2018-12-14 11:08:09 - [MESSAGE][PASSED] - Object: 'Object Repository/Final Object Repo/WorkFlow Listing Page/Search Ref No Search Button' is clicked on

2018-12-14 11:08:09 - [TEST_STEP][PASSED] - delay: Delayed 6 second(s)

2018-12-14 11:08:15 - [MESSAGE][PASSED] - Delayed 6 second(s)

2018-12-14 11:08:15 - [TEST_STEP][PASSED] - click: Object: 'Object Repository/Final Object Repo/WorkFlow Listing Page/Click Continue Tooltip' is clicked on

2018-12-14 11:08:16 - [MESSAGE][PASSED] - Object: 'Object Repository/Final Object Repo/WorkFlow Listing Page/Click Continue Tooltip' is clicked on

2018-12-14 11:08:16 - [TEST_STEP][PASSED] - delay: Delayed 5 second(s)

2018-12-14 11:08:21 - [MESSAGE][PASSED] - Delayed 5 second(s)

2018-12-14 11:08:21 - [TEST_STEP][PASSED] - doubleClick: Object: 'Object Repository/Final Object Repo/WorkFlow Listing Page/Workflow Found - Listing 1' is double clicked on

2018-12-14 11:08:21 - [MESSAGE][PASSED] - Object: 'Object Repository/Final Object Repo/WorkFlow Listing Page/Workflow Found - Listing 1' is double clicked on

2018-12-14 11:08:21 - [TEST_STEP][PASSED] - Statement - println(OwnerID): null

2018-12-14 11:08:21 - [TEST_STEP][PASSED] - Statement - OwnerID = com.kms.katalon.core.webui.keyword.WebUiBuiltInKeywords.getText(com.kms.katalon.core.testobject.ObjectRepository.findTestObject(Final Object Repo/WorkFlow Listing Page/Workflow Found - Listing 1), STOP_ON_FAILURE): Text of object 'Object Repository/Final Object Repo/WorkFlow Listing Page/Workflow Found - Listing 1' is: 'JOHORuo3'

2018-12-14 11:08:21 - [MESSAGE][PASSED] - Text of object 'Object Repository/Final Object Repo/WorkFlow Listing Page/Workflow Found - Listing 1' is: 'JOHORuo3'

2018-12-14 11:08:21 - [TEST_STEP][PASSED] - Statement - OwnerID = OwnerID.toLowerCase() + "@gmail.com": null

2018-12-14 11:08:21 - [TEST_STEP][PASSED] - Statement - println(OwnerID): null

2018-12-14 11:08:21 - [TEST_STEP][PASSED] - delay: Delayed 2 second(s)

2018-12-14 11:08:23 - [MESSAGE][PASSED] - Delayed 2 second(s)

2018-12-14 11:08:23 - [MESSAGE][PASSED] - Call Test Case 'Test Cases/Final Aug 2018 - PKS Automation/Common/Workflow Owner Finder' successfully

2018-12-14 11:08:23 - [TEST_STEP][PASSED] - delay: Delayed 1 second(s)

2018-12-14 11:08:24 - [MESSAGE][PASSED] - Delayed 1 second(s)

2018-12-14 11:08:24 - [TEST_STEP][PASSED] - navigateToUrl: Navigate to 'https://assist2-uat.perkeso.gov.my/c/portal/logout' successfully

2018-12-14 11:08:25 - [MESSAGE][PASSED] - Navigate to 'https://assist2-uat.perkeso.gov.my/c/portal/logout' successfully

2018-12-14 11:08:25 - [TEST_STEP][PASSED] - delay: Delayed 1 second(s)

2018-12-14 11:08:26 - [MESSAGE][PASSED] - Delayed 1 second(s)

2018-12-14 11:08:26 - [TEST_STEP][PASSED] - callTestCase: Call Test Case 'Test Cases/Final Aug 2018 - PKS Automation/Registration Module/Workflow/Login and Search Case For Workflow' successfully

2018-12-14 11:08:26 - [TEST_CASE][PASSED] - Test Cases/Final Aug 2018 - PKS Automation/Registration Module/Workflow/Login and Search Case For Workflow: Test Cases/Final Aug 2018 - PKS Automation/Registration Module/Workflow/Login and Search Case For Workflow

2018-12-14 11:08:26 - [TEST_STEP][PASSED] - navigateToUrl: Navigate to 'https://assist2-uat.perkeso.gov.my/login' successfully

2018-12-14 11:08:27 - [MESSAGE][PASSED] - Navigate to 'https://assist2-uat.perkeso.gov.my/login' successfully

2018-12-14 11:08:27 - [TEST_STEP][PASSED] - setText: Text 'johoruo3@gmail.com' is set on object 'Object Repository/Final Object Repo/Login Page/Internal User/Email Address'

2018-12-14 11:08:27 - [MESSAGE][PASSED] - Text 'johoruo3@gmail.com' is set on object 'Object Repository/Final Object Repo/Login Page/Internal User/Email Address'

2018-12-14 11:08:27 - [TEST_STEP][PASSED] - click: Object: 'Object Repository/Final Object Repo/Login Page/Internal User/Next Button' is clicked on

2018-12-14 11:08:27 - [MESSAGE][PASSED] - Object: 'Object Repository/Final Object Repo/Login Page/Internal User/Next Button' is clicked on

2018-12-14 11:08:27 - [TEST_STEP][PASSED] - delay: Delayed 1 second(s)

2018-12-14 11:08:28 - [MESSAGE][PASSED] - Delayed 1 second(s)

2018-12-14 11:08:28 - [TEST_STEP][PASSED] - setEncryptedText: Text ****** has been set on object 'Object Repository/Final Object Repo/Login Page/Internal User/Password'

2018-12-14 11:08:30 - [MESSAGE][PASSED] - Text ****** has been set on object 'Object Repository/Final Object Repo/Login Page/Internal User/Password'

2018-12-14 11:08:30 - [TEST_STEP][PASSED] - click: Object: 'Object Repository/Final Object Repo/Login Page/Internal User/Login Button' is clicked on

2018-12-14 11:08:30 - [MESSAGE][PASSED] - Object: 'Object Repository/Final Object Repo/Login Page/Internal User/Login Button' is clicked on

2018-12-14 11:08:30 - [TEST_STEP][PASSED] - delay: Delayed 2 second(s)

2018-12-14 11:08:32 - [MESSAGE][PASSED] - Delayed 2 second(s)

2018-12-14 11:08:32 - [TEST_STEP][PASSED] - Statement - Try: Delayed 2 second(s)

2018-12-14 11:08:32 - [TEST_STEP][PASSED] - Statement - Checker = false: null

2018-12-14 11:08:32 - [TEST_STEP][PASSED] - Statement - Checker = com.kms.katalon.core.webui.keyword.WebUiBuiltInKeywords.verifyElementHasAttribute(com.kms.katalon.core.testobject.ObjectRepository.findTestObject(Final Object Repo/Landing Page/BM Detecting), "href", 20, OPTIONAL): Object 'Object Repository/Final Object Repo/Landing Page/BM Detecting' has attribute 'href'

2018-12-14 11:08:32 - [MESSAGE][PASSED] - Object 'Object Repository/Final Object Repo/Landing Page/BM Detecting' has attribute 'href'

2018-12-14 11:08:32 - [TEST_STEP][PASSED] - Statement - out.println(Checker): null

2018-12-14 11:08:32 - [TEST_STEP][PASSED] - Statement - If (Checker == false): null

2018-12-14 11:08:32 - [TEST_STEP][PASSED] - Statement - Else: null

2018-12-14 11:08:32 - [TEST_STEP][PASSED] - delay: Delayed 2 second(s)

2018-12-14 11:08:34 - [MESSAGE][PASSED] - Delayed 2 second(s)

2018-12-14 11:08:34 - [TEST_STEP][PASSED] - click: Object: 'Object Repository/Final Object Repo/Page_MyASSIST - ASSIST - Search Pending Case For Add Supporting Document/Search Information' is clicked on

2018-12-14 11:08:34 - [MESSAGE][PASSED] - Object: 'Object Repository/Final Object Repo/Page_MyASSIST - ASSIST - Search Pending Case For Add Supporting Document/Search Information' is clicked on

2018-12-14 11:08:34 - [TEST_STEP][PASSED] - delay: Delayed 3 second(s)

2018-12-14 11:08:37 - [MESSAGE][PASSED] - Delayed 3 second(s)

2018-12-14 11:08:37 - [TEST_STEP][PASSED] - sendKeys: Keys 'ERN122018C200002440' sent to object: 'Object Repository/Final Object Repo/Page_MyASSIST - ASSIST - Search Pending Case For Add Supporting Document/Reference No'

2018-12-14 11:08:37 - [MESSAGE][PASSED] - Keys 'ERN122018C200002440' sent to object: 'Object Repository/Final Object Repo/Page_MyASSIST - ASSIST - Search Pending Case For Add Supporting Document/Reference No'

2018-12-14 11:08:37 - [TEST_STEP][PASSED] - click: Object: 'Object Repository/Final Object Repo/Page_MyASSIST - ASSIST - Search Pending Case For Add Supporting Document/Search Reference No' is clicked on

2018-12-14 11:08:38 - [MESSAGE][PASSED] - Object: 'Object Repository/Final Object Repo/Page_MyASSIST - ASSIST - Search Pending Case For Add Supporting Document/Search Reference No' is clicked on

2018-12-14 11:08:38 - [TEST_STEP][PASSED] - delay: Delayed 2 second(s)

2018-12-14 11:08:40 - [MESSAGE][PASSED] - Delayed 2 second(s)

2018-12-14 11:08:40 - [TEST_STEP][PASSED] - click: Object: 'Object Repository/Final Object Repo/Page_MyASSIST - ASSIST - Search Pending Case For Add Supporting Document/Continue' is clicked on

2018-12-14 11:08:44 - [MESSAGE][PASSED] - Object: 'Object Repository/Final Object Repo/Page_MyASSIST - ASSIST - Search Pending Case For Add Supporting Document/Continue' is clicked on

2018-12-14 11:08:44 - [TEST_STEP][PASSED] - delay: Delayed 20 second(s)

2018-12-14 11:09:04 - [MESSAGE][PASSED] - Delayed 20 second(s)

2018-12-14 11:09:04 - [MESSAGE][PASSED] - Call Test Case 'Test Cases/Final Aug 2018 - PKS Automation/Registration Module/Workflow/Login and Search Case For Workflow' successfully

2018-12-14 11:09:04 - [TEST_STEP][PASSED] - click: Object: 'Object Repository/Final Object Repo/Page_Form 3 EIS - Cessation as Employer/Page_Form 3 EIS - Cessation as Employer (Approve)/Save  Continue in Form 3 Page' is clicked on

2018-12-14 11:09:04 - [MESSAGE][PASSED] - Object: 'Object Repository/Final Object Repo/Page_Form 3 EIS - Cessation as Employer/Page_Form 3 EIS - Cessation as Employer (Approve)/Save  Continue in Form 3 Page' is clicked on

2018-12-14 11:09:04 - [TEST_STEP][PASSED] - delay: Delayed 4 second(s)

2018-12-14 11:09:08 - [MESSAGE][PASSED] - Delayed 4 second(s)

2018-12-14 11:09:08 - [TEST_STEP][PASSED] - click: Object: 'Object Repository/Final Object Repo/Page_Form 3 EIS - Cessation as Employer/Page_Form 3 EIS - Cessation as Employer (Approve)/Save  Continue in Resigned Page' is clicked on

2018-12-14 11:09:08 - [MESSAGE][PASSED] - Object: 'Object Repository/Final Object Repo/Page_Form 3 EIS - Cessation as Employer/Page_Form 3 EIS - Cessation as Employer (Approve)/Save  Continue in Resigned Page' is clicked on

2018-12-14 11:09:08 - [TEST_STEP][PASSED] - delay: Delayed 2 second(s)

2018-12-14 11:09:10 - [MESSAGE][PASSED] - Delayed 2 second(s)

2018-12-14 11:09:10 - [TEST_STEP][PASSED] - setText: Text 'Remark' is set on object 'Object Repository/Final Object Repo/Page_Form 3 EIS - Cessation as Employer/Page_Form 3 EIS - Cessation as Employer (Query)/Query - Remark'

2018-12-14 11:09:12 - [MESSAGE][PASSED] - Text 'Remark' is set on object 'Object Repository/Final Object Repo/Page_Form 3 EIS - Cessation as Employer/Page_Form 3 EIS - Cessation as Employer (Query)/Query - Remark'

2018-12-14 11:09:12 - [TEST_STEP][PASSED] - delay: Delayed 2 second(s)

2018-12-14 11:09:14 - [MESSAGE][PASSED] - Delayed 2 second(s)

2018-12-14 11:09:14 - [TEST_STEP][PASSED] - click: Object: 'Object Repository/Final Object Repo/Page_Form 3 EIS - Cessation as Employer/Page_Form 3 EIS - Cessation as Employer (Query)/Save  Continue' is clicked on

2018-12-14 11:09:14 - [MESSAGE][PASSED] - Object: 'Object Repository/Final Object Repo/Page_Form 3 EIS - Cessation as Employer/Page_Form 3 EIS - Cessation as Employer (Query)/Save  Continue' is clicked on

2018-12-14 11:09:14 - [TEST_STEP][PASSED] - delay: Delayed 2 second(s)

2018-12-14 11:09:16 - [MESSAGE][PASSED] - Delayed 2 second(s)

2018-12-14 11:09:16 - [TEST_STEP][PASSED] - click: Object: 'Object Repository/Final Object Repo/Page_Form 3 EIS - Cessation as Employer/Page_Form 3 EIS - Cessation as Employer (Query)/Query' is clicked on

2018-12-14 11:09:19 - [MESSAGE][PASSED] - Object: 'Object Repository/Final Object Repo/Page_Form 3 EIS - Cessation as Employer/Page_Form 3 EIS - Cessation as Employer (Query)/Query' is clicked on

2018-12-14 11:09:19 - [TEST_STEP][PASSED] - delay: Delayed 2 second(s)

2018-12-14 11:09:21 - [MESSAGE][PASSED] - Delayed 2 second(s)

2018-12-14 11:09:21 - [TEST_STEP][PASSED] - click: Object: 'Object Repository/Final Object Repo/Page_Form 3 EIS - Cessation as Employer/Page_Form 3 EIS - Cessation as Employer (Query)/Confirm' is clicked on

2018-12-14 11:09:27 - [MESSAGE][PASSED] - Object: 'Object Repository/Final Object Repo/Page_Form 3 EIS - Cessation as Employer/Page_Form 3 EIS - Cessation as Employer (Query)/Confirm' is clicked on

2018-12-14 11:09:27 - [TEST_STEP][PASSED] - delay: Delayed 2 second(s)

2018-12-14 11:09:29 - [MESSAGE][PASSED] - Delayed 2 second(s)

2018-12-14 11:09:29 - [TEST_STEP][PASSED] - click: Object: 'Object Repository/Final Object Repo/Page_Form 3 EIS - Cessation as Employer/Page_Form 3 EIS - Cessation as Employer (Query)/Message The Case Is Under Query' is clicked on

2018-12-14 11:09:30 - [MESSAGE][PASSED] - Object: 'Object Repository/Final Object Repo/Page_Form 3 EIS - Cessation as Employer/Page_Form 3 EIS - Cessation as Employer (Query)/Message The Case Is Under Query' is clicked on

2018-12-14 11:09:30 - [TEST_STEP][PASSED] - click: Object: 'Object Repository/Final Object Repo/Page_Form 3 EIS - Cessation as Employer/Page_Form 3 EIS - Cessation as Employer (Query)/Letter of inquiry' is clicked on

2018-12-14 11:09:30 - [MESSAGE][PASSED] - Object: 'Object Repository/Final Object Repo/Page_Form 3 EIS - Cessation as Employer/Page_Form 3 EIS - Cessation as Employer (Query)/Letter of inquiry' is clicked on

2018-12-14 11:09:30 - [TEST_STEP][PASSED] - delay: Delayed 1 second(s)

2018-12-14 11:09:31 - [MESSAGE][PASSED] - Delayed 1 second(s)

2018-12-14 11:09:31 - [TEST_STEP][PASSED] - navigateToUrl: Navigate to 'https://assist2-uat.perkeso.gov.my/c/portal/logout' successfully

2018-12-14 11:09:32 - [MESSAGE][PASSED] - Navigate to 'https://assist2-uat.perkeso.gov.my/c/portal/logout' successfully

2018-12-14 11:09:32 - [TEST_STEP][PASSED] - delay: Delayed 1 second(s)

2018-12-14 11:09:33 - [MESSAGE][PASSED] - Delayed 1 second(s)

2018-12-14 11:09:33 - [TEST_STEP][PASSED] - callTestCase: Call Test Case 'Test Cases/Final Aug 2018 - PKS Automation/Registration Module/Workflow/Login and Search Case For Workflow' successfully

2018-12-14 11:09:33 - [TEST_CASE][PASSED] - Test Cases/Final Aug 2018 - PKS Automation/Registration Module/Workflow/Login and Search Case For Workflow: Test Cases/Final Aug 2018 - PKS Automation/Registration Module/Workflow/Login and Search Case For Workflow

2018-12-14 11:09:33 - [TEST_STEP][PASSED] - navigateToUrl: Navigate to 'https://assist2-uat.perkeso.gov.my/login' successfully

2018-12-14 11:09:33 - [MESSAGE][PASSED] - Navigate to 'https://assist2-uat.perkeso.gov.my/login' successfully

2018-12-14 11:09:33 - [TEST_STEP][PASSED] - setText: Text 'johoruo3@gmail.com' is set on object 'Object Repository/Final Object Repo/Login Page/Internal User/Email Address'

2018-12-14 11:09:34 - [MESSAGE][PASSED] - Text 'johoruo3@gmail.com' is set on object 'Object Repository/Final Object Repo/Login Page/Internal User/Email Address'

2018-12-14 11:09:34 - [TEST_STEP][PASSED] - click: Object: 'Object Repository/Final Object Repo/Login Page/Internal User/Next Button' is clicked on

2018-12-14 11:09:34 - [MESSAGE][PASSED] - Object: 'Object Repository/Final Object Repo/Login Page/Internal User/Next Button' is clicked on

2018-12-14 11:09:34 - [TEST_STEP][PASSED] - delay: Delayed 1 second(s)

2018-12-14 11:09:35 - [MESSAGE][PASSED] - Delayed 1 second(s)

2018-12-14 11:09:35 - [TEST_STEP][PASSED] - setEncryptedText: Text ****** has been set on object 'Object Repository/Final Object Repo/Login Page/Internal User/Password'

2018-12-14 11:09:35 - [MESSAGE][PASSED] - Text ****** has been set on object 'Object Repository/Final Object Repo/Login Page/Internal User/Password'

2018-12-14 11:09:35 - [TEST_STEP][PASSED] - click: Object: 'Object Repository/Final Object Repo/Login Page/Internal User/Login Button' is clicked on

2018-12-14 11:09:35 - [MESSAGE][PASSED] - Object: 'Object Repository/Final Object Repo/Login Page/Internal User/Login Button' is clicked on

2018-12-14 11:09:35 - [TEST_STEP][PASSED] - delay: Delayed 2 second(s)

2018-12-14 11:09:37 - [MESSAGE][PASSED] - Delayed 2 second(s)

2018-12-14 11:09:37 - [TEST_STEP][PASSED] - Statement - Try: Delayed 2 second(s)

2018-12-14 11:09:37 - [TEST_STEP][PASSED] - Statement - Checker = false: null

2018-12-14 11:09:37 - [TEST_STEP][PASSED] - Statement - Checker = com.kms.katalon.core.webui.keyword.WebUiBuiltInKeywords.verifyElementHasAttribute(com.kms.katalon.core.testobject.ObjectRepository.findTestObject(Final Object Repo/Landing Page/BM Detecting), "href", 20, OPTIONAL): Object 'Object Repository/Final Object Repo/Landing Page/BM Detecting' has attribute 'href'

2018-12-14 11:09:37 - [MESSAGE][PASSED] - Object 'Object Repository/Final Object Repo/Landing Page/BM Detecting' has attribute 'href'

2018-12-14 11:09:37 - [TEST_STEP][PASSED] - Statement - out.println(Checker): null

2018-12-14 11:09:37 - [TEST_STEP][PASSED] - Statement - If (Checker == false): null

2018-12-14 11:09:37 - [TEST_STEP][PASSED] - Statement - Else: null

2018-12-14 11:09:37 - [TEST_STEP][PASSED] - delay: Delayed 2 second(s)

2018-12-14 11:09:39 - [MESSAGE][PASSED] - Delayed 2 second(s)

2018-12-14 11:09:39 - [TEST_STEP][PASSED] - click: Object: 'Object Repository/Final Object Repo/Page_MyASSIST - ASSIST - Search Pending Case For Add Supporting Document/Search Information' is clicked on

2018-12-14 11:09:40 - [MESSAGE][PASSED] - Object: 'Object Repository/Final Object Repo/Page_MyASSIST - ASSIST - Search Pending Case For Add Supporting Document/Search Information' is clicked on

2018-12-14 11:09:40 - [TEST_STEP][PASSED] - delay: Delayed 3 second(s)

2018-12-14 11:09:43 - [MESSAGE][PASSED] - Delayed 3 second(s)

2018-12-14 11:09:43 - [TEST_STEP][PASSED] - sendKeys: Keys 'ERN122018C200002440' sent to object: 'Object Repository/Final Object Repo/Page_MyASSIST - ASSIST - Search Pending Case For Add Supporting Document/Reference No'

2018-12-14 11:09:43 - [MESSAGE][PASSED] - Keys 'ERN122018C200002440' sent to object: 'Object Repository/Final Object Repo/Page_MyASSIST - ASSIST - Search Pending Case For Add Supporting Document/Reference No'

2018-12-14 11:09:43 - [TEST_STEP][PASSED] - click: Object: 'Object Repository/Final Object Repo/Page_MyASSIST - ASSIST - Search Pending Case For Add Supporting Document/Search Reference No' is clicked on

2018-12-14 11:09:43 - [MESSAGE][PASSED] - Object: 'Object Repository/Final Object Repo/Page_MyASSIST - ASSIST - Search Pending Case For Add Supporting Document/Search Reference No' is clicked on

2018-12-14 11:09:43 - [TEST_STEP][PASSED] - delay: Delayed 2 second(s)

2018-12-14 11:09:45 - [MESSAGE][PASSED] - Delayed 2 second(s)

2018-12-14 11:09:45 - [TEST_STEP][PASSED] - click: Object: 'Object Repository/Final Object Repo/Page_MyASSIST - ASSIST - Search Pending Case For Add Supporting Document/Continue' is clicked on

2018-12-14 11:09:48 - [MESSAGE][PASSED] - Object: 'Object Repository/Final Object Repo/Page_MyASSIST - ASSIST - Search Pending Case For Add Supporting Document/Continue' is clicked on

2018-12-14 11:09:48 - [TEST_STEP][PASSED] - delay: Delayed 20 second(s)

2018-12-14 11:10:08 - [MESSAGE][PASSED] - Delayed 20 second(s)

2018-12-14 11:10:08 - [MESSAGE][PASSED] - Call Test Case 'Test Cases/Final Aug 2018 - PKS Automation/Registration Module/Workflow/Login and Search Case For Workflow' successfully

2018-12-14 11:10:08 - [TEST_STEP][PASSED] - navigateToUrl: Navigate to 'https://assist2-uat.perkeso.gov.my/web/registration/eis-update/form-3-eis-cessation-as-employer?p_p_id=searchforemployersip_WAR_registrationportlet&p_p_lifecycle=0&_searchforemployersip_WAR_registrationportlet_regViewKey=87&_searchforemployersip_WAR_registrationportlet_browserIdKey=1536115932192&_searchforemployersip_WAR_registrationportlet_tempEmployerIdKey=128990&_searchforemployersip_WAR_registrationportlet_employerIdKey=&_searchforemployersip_WAR_registrationportlet_refCaseNo=ERN092018C200002133&_searchforemployersip_WAR_registrationportlet_mvcPath=%2Fapps%2Freg%2Fdiscontinue_business_sip%2Fdiscontinue_business_sip_form.jsp&_searchforemployersip_WAR_registrationportlet_regSectionKey=215' successfully

2018-12-14 11:10:11 - [MESSAGE][PASSED] - Navigate to 'https://assist2-uat.perkeso.gov.my/web/registration/eis-update/form-3-eis-cessation-as-employer?p_p_id=searchforemployersip_WAR_registrationportlet&p_p_lifecycle=0&_searchforemployersip_WAR_registrationportlet_regViewKey=87&_searchforemployersip_WAR_registrationportlet_browserIdKey=1536115932192&_searchforemployersip_WAR_registrationportlet_tempEmployerIdKey=128990&_searchforemployersip_WAR_registrationportlet_employerIdKey=&_searchforemployersip_WAR_registrationportlet_refCaseNo=ERN092018C200002133&_searchforemployersip_WAR_registrationportlet_mvcPath=%2Fapps%2Freg%2Fdiscontinue_business_sip%2Fdiscontinue_business_sip_form.jsp&_searchforemployersip_WAR_registrationportlet_regSectionKey=215' successfully

2018-12-14 11:10:11 - [TEST_STEP][PASSED] - delay: Delayed 5 second(s)

2018-12-14 11:10:16 - [MESSAGE][PASSED] - Delayed 5 second(s)

2018-12-14 11:10:16 - [TEST_STEP][PASSED] - click: Object: 'Object Repository/Final Object Repo/Page_Form 3 EIS - Cessation as Employer/Page_Form 3 EIS - Cessation as Employer (Query - OTC - UO)/Next' is clicked on

2018-12-14 11:10:19 - [MESSAGE][PASSED] - Object: 'Object Repository/Final Object Repo/Page_Form 3 EIS - Cessation as Employer/Page_Form 3 EIS - Cessation as Employer (Query - OTC - UO)/Next' is clicked on

2018-12-14 11:10:19 - [TEST_STEP][PASSED] - delay: Delayed 2 second(s)

2018-12-14 11:10:21 - [MESSAGE][PASSED] - Delayed 2 second(s)

2018-12-14 11:10:21 - [TEST_STEP][PASSED] - click: Object: 'Object Repository/Final Object Repo/Page_Form 3 EIS - Cessation as Employer/Page_Form 3 EIS - Cessation as Employer (Query - OTC - UO)/Next in Resigned Page' is clicked on

2018-12-14 11:10:24 - [MESSAGE][PASSED] - Object: 'Object Repository/Final Object Repo/Page_Form 3 EIS - Cessation as Employer/Page_Form 3 EIS - Cessation as Employer (Query - OTC - UO)/Next in Resigned Page' is clicked on

2018-12-14 11:10:24 - [TEST_STEP][PASSED] - delay: Delayed 2 second(s)

2018-12-14 11:10:26 - [MESSAGE][PASSED] - Delayed 2 second(s)

2018-12-14 11:10:26 - [TEST_STEP][PASSED] - click: Object: 'Object Repository/Final Object Repo/Page_Form 3 EIS - Cessation as Employer/Page_Form 3 EIS - Cessation as Employer (Query - OTC - UO)/Add Document' is clicked on

2018-12-14 11:10:26 - [MESSAGE][PASSED] - Object: 'Object Repository/Final Object Repo/Page_Form 3 EIS - Cessation as Employer/Page_Form 3 EIS - Cessation as Employer (Query - OTC - UO)/Add Document' is clicked on

2018-12-14 11:10:26 - [TEST_STEP][PASSED] - delay: Delayed 2 second(s)

2018-12-14 11:10:28 - [MESSAGE][PASSED] - Delayed 2 second(s)

2018-12-14 11:10:28 - [TEST_STEP][PASSED] - click: Object: 'Object Repository/Final Object Repo/Page_Form 3 EIS - Cessation as Employer/Page_Form 3 EIS - Cessation as Employer (Query - OTC - UO)/Document Type' is clicked on

2018-12-14 11:10:29 - [MESSAGE][PASSED] - Object: 'Object Repository/Final Object Repo/Page_Form 3 EIS - Cessation as Employer/Page_Form 3 EIS - Cessation as Employer (Query - OTC - UO)/Document Type' is clicked on

2018-12-14 11:10:29 - [TEST_STEP][PASSED] - delay: Delayed 2 second(s)

2018-12-14 11:10:31 - [MESSAGE][PASSED] - Delayed 2 second(s)

2018-12-14 11:10:31 - [TEST_STEP][PASSED] - click: Object: 'Object Repository/Final Object Repo/Page_Form 3 EIS - Cessation as Employer/Page_Form 3 EIS - Cessation as Employer (Query - OTC - UO)/Document Type - Others' is clicked on

2018-12-14 11:10:31 - [MESSAGE][PASSED] - Object: 'Object Repository/Final Object Repo/Page_Form 3 EIS - Cessation as Employer/Page_Form 3 EIS - Cessation as Employer (Query - OTC - UO)/Document Type - Others' is clicked on

2018-12-14 11:10:31 - [TEST_STEP][PASSED] - delay: Delayed 2 second(s)

2018-12-14 11:10:33 - [MESSAGE][PASSED] - Delayed 2 second(s)

2018-12-14 11:10:33 - [TEST_STEP][PASSED] - sendKeys: Keys 'C:\Users\Public\Pictures\Sample Pictures\Koala.jpg' sent to object: 'Object Repository/Final Object Repo/Page_Form 3 EIS - Cessation as Employer/Page_Form 3 EIS - Cessation as Employer (Query - OTC - UO)/ploading File'

2018-12-14 11:10:33 - [MESSAGE][PASSED] - Keys 'C:\Users\Public\Pictures\Sample Pictures\Koala.jpg' sent to object: 'Object Repository/Final Object Repo/Page_Form 3 EIS - Cessation as Employer/Page_Form 3 EIS - Cessation as Employer (Query - OTC - UO)/ploading File'

2018-12-14 11:10:33 - [TEST_STEP][PASSED] - delay: Delayed 2 second(s)

2018-12-14 11:10:35 - [MESSAGE][PASSED] - Delayed 2 second(s)

2018-12-14 11:10:35 - [TEST_STEP][PASSED] - click: Object: 'Object Repository/Final Object Repo/Page_Form 3 EIS - Cessation as Employer/Page_Form 3 EIS - Cessation as Employer (Query - OTC - UO)/Add Document in Uploading Page' is clicked on

2018-12-14 11:10:35 - [MESSAGE][PASSED] - Object: 'Object Repository/Final Object Repo/Page_Form 3 EIS - Cessation as Employer/Page_Form 3 EIS - Cessation as Employer (Query - OTC - UO)/Add Document in Uploading Page' is clicked on

2018-12-14 11:10:35 - [TEST_STEP][PASSED] - delay: Delayed 2 second(s)

2018-12-14 11:10:37 - [MESSAGE][PASSED] - Delayed 2 second(s)

2018-12-14 11:10:37 - [TEST_STEP][PASSED] - click: Object: 'Object Repository/Final Object Repo/Page_Form 3 EIS - Cessation as Employer/Page_Form 3 EIS - Cessation as Employer (Query - OTC - UO)/Exit' is clicked on

2018-12-14 11:10:41 - [MESSAGE][PASSED] - Object: 'Object Repository/Final Object Repo/Page_Form 3 EIS - Cessation as Employer/Page_Form 3 EIS - Cessation as Employer (Query - OTC - UO)/Exit' is clicked on

2018-12-14 11:10:41 - [TEST_STEP][PASSED] - delay: Delayed 1 second(s)

2018-12-14 11:10:42 - [MESSAGE][PASSED] - Delayed 1 second(s)

2018-12-14 11:10:42 - [TEST_STEP][PASSED] - navigateToUrl: Navigate to 'https://assist2-uat.perkeso.gov.my/c/portal/logout' successfully

2018-12-14 11:10:42 - [MESSAGE][PASSED] - Navigate to 'https://assist2-uat.perkeso.gov.my/c/portal/logout' successfully

2018-12-14 11:10:42 - [TEST_STEP][PASSED] - delay: Delayed 1 second(s)

2018-12-14 11:10:43 - [MESSAGE][PASSED] - Delayed 1 second(s)

2018-12-14 11:10:43 - [TEST_STEP][PASSED] - callTestCase: Call Test Case 'Test Cases/Final Aug 2018 - PKS Automation/Registration Module/Workflow/Login and Search Case For Workflow' successfully

2018-12-14 11:10:43 - [TEST_CASE][PASSED] - Test Cases/Final Aug 2018 - PKS Automation/Registration Module/Workflow/Login and Search Case For Workflow: Test Cases/Final Aug 2018 - PKS Automation/Registration Module/Workflow/Login and Search Case For Workflow

2018-12-14 11:10:43 - [TEST_STEP][PASSED] - navigateToUrl: Navigate to 'https://assist2-uat.perkeso.gov.my/login' successfully

2018-12-14 11:10:44 - [MESSAGE][PASSED] - Navigate to 'https://assist2-uat.perkeso.gov.my/login' successfully

2018-12-14 11:10:44 - [TEST_STEP][PASSED] - setText: Text 'johoruo3@gmail.com' is set on object 'Object Repository/Final Object Repo/Login Page/Internal User/Email Address'

2018-12-14 11:10:44 - [MESSAGE][PASSED] - Text 'johoruo3@gmail.com' is set on object 'Object Repository/Final Object Repo/Login Page/Internal User/Email Address'

2018-12-14 11:10:44 - [TEST_STEP][PASSED] - click: Object: 'Object Repository/Final Object Repo/Login Page/Internal User/Next Button' is clicked on

2018-12-14 11:10:44 - [MESSAGE][PASSED] - Object: 'Object Repository/Final Object Repo/Login Page/Internal User/Next Button' is clicked on

2018-12-14 11:10:44 - [TEST_STEP][PASSED] - delay: Delayed 1 second(s)

2018-12-14 11:10:45 - [MESSAGE][PASSED] - Delayed 1 second(s)

2018-12-14 11:10:45 - [TEST_STEP][PASSED] - setEncryptedText: Text ****** has been set on object 'Object Repository/Final Object Repo/Login Page/Internal User/Password'

2018-12-14 11:10:46 - [MESSAGE][PASSED] - Text ****** has been set on object 'Object Repository/Final Object Repo/Login Page/Internal User/Password'

2018-12-14 11:10:46 - [TEST_STEP][PASSED] - click: Object: 'Object Repository/Final Object Repo/Login Page/Internal User/Login Button' is clicked on

2018-12-14 11:10:46 - [MESSAGE][PASSED] - Object: 'Object Repository/Final Object Repo/Login Page/Internal User/Login Button' is clicked on

2018-12-14 11:10:46 - [TEST_STEP][PASSED] - delay: Delayed 2 second(s)

2018-12-14 11:10:48 - [MESSAGE][PASSED] - Delayed 2 second(s)

2018-12-14 11:10:48 - [TEST_STEP][PASSED] - Statement - Try: Delayed 2 second(s)

2018-12-14 11:10:48 - [TEST_STEP][PASSED] - Statement - Checker = false: null

2018-12-14 11:10:48 - [TEST_STEP][PASSED] - Statement - Checker = com.kms.katalon.core.webui.keyword.WebUiBuiltInKeywords.verifyElementHasAttribute(com.kms.katalon.core.testobject.ObjectRepository.findTestObject(Final Object Repo/Landing Page/BM Detecting), "href", 20, OPTIONAL): Object 'Object Repository/Final Object Repo/Landing Page/BM Detecting' has attribute 'href'

2018-12-14 11:10:49 - [MESSAGE][PASSED] - Object 'Object Repository/Final Object Repo/Landing Page/BM Detecting' has attribute 'href'

2018-12-14 11:10:49 - [TEST_STEP][PASSED] - Statement - out.println(Checker): null

2018-12-14 11:10:49 - [TEST_STEP][PASSED] - Statement - If (Checker == false): null

2018-12-14 11:10:49 - [TEST_STEP][PASSED] - Statement - Else: null

2018-12-14 11:10:49 - [TEST_STEP][PASSED] - delay: Delayed 2 second(s)

2018-12-14 11:10:51 - [MESSAGE][PASSED] - Delayed 2 second(s)

2018-12-14 11:10:51 - [TEST_STEP][PASSED] - click: Object: 'Object Repository/Final Object Repo/Page_MyASSIST - ASSIST - Search Pending Case For Add Supporting Document/Search Information' is clicked on

2018-12-14 11:10:51 - [MESSAGE][PASSED] - Object: 'Object Repository/Final Object Repo/Page_MyASSIST - ASSIST - Search Pending Case For Add Supporting Document/Search Information' is clicked on

2018-12-14 11:10:51 - [TEST_STEP][PASSED] - delay: Delayed 3 second(s)

2018-12-14 11:10:54 - [MESSAGE][PASSED] - Delayed 3 second(s)

2018-12-14 11:10:54 - [TEST_STEP][PASSED] - sendKeys: Keys 'ERN122018C200002440' sent to object: 'Object Repository/Final Object Repo/Page_MyASSIST - ASSIST - Search Pending Case For Add Supporting Document/Reference No'

2018-12-14 11:10:55 - [MESSAGE][PASSED] - Keys 'ERN122018C200002440' sent to object: 'Object Repository/Final Object Repo/Page_MyASSIST - ASSIST - Search Pending Case For Add Supporting Document/Reference No'

2018-12-14 11:10:55 - [TEST_STEP][PASSED] - click: Object: 'Object Repository/Final Object Repo/Page_MyASSIST - ASSIST - Search Pending Case For Add Supporting Document/Search Reference No' is clicked on

2018-12-14 11:10:55 - [MESSAGE][PASSED] - Object: 'Object Repository/Final Object Repo/Page_MyASSIST - ASSIST - Search Pending Case For Add Supporting Document/Search Reference No' is clicked on

2018-12-14 11:10:55 - [TEST_STEP][PASSED] - delay: Delayed 2 second(s)

2018-12-14 11:10:57 - [MESSAGE][PASSED] - Delayed 2 second(s)

2018-12-14 11:10:57 - [TEST_STEP][PASSED] - click: Object: 'Object Repository/Final Object Repo/Page_MyASSIST - ASSIST - Search Pending Case For Add Supporting Document/Continue' is clicked on

2018-12-14 11:11:00 - [MESSAGE][PASSED] - Object: 'Object Repository/Final Object Repo/Page_MyASSIST - ASSIST - Search Pending Case For Add Supporting Document/Continue' is clicked on

2018-12-14 11:11:00 - [TEST_STEP][PASSED] - delay: Delayed 20 second(s)

2018-12-14 11:11:20 - [MESSAGE][PASSED] - Delayed 20 second(s)

2018-12-14 11:11:20 - [MESSAGE][PASSED] - Call Test Case 'Test Cases/Final Aug 2018 - PKS Automation/Registration Module/Workflow/Login and Search Case For Workflow' successfully

2018-12-14 11:11:20 - [TEST_STEP][PASSED] - click: Object: 'Object Repository/Final Object Repo/Page_Form 3 EIS - Cessation as Employer/Page_Form 3 EIS - Cessation as Employer (Approve)/Save  Continue in Form 3 Page' is clicked on

2018-12-14 11:11:20 - [MESSAGE][PASSED] - Object: 'Object Repository/Final Object Repo/Page_Form 3 EIS - Cessation as Employer/Page_Form 3 EIS - Cessation as Employer (Approve)/Save  Continue in Form 3 Page' is clicked on

2018-12-14 11:11:20 - [TEST_STEP][PASSED] - delay: Delayed 2 second(s)

2018-12-14 11:11:22 - [MESSAGE][PASSED] - Delayed 2 second(s)

2018-12-14 11:11:22 - [TEST_STEP][PASSED] - click: Object: 'Object Repository/Final Object Repo/Page_Form 3 EIS - Cessation as Employer/Page_Form 3 EIS - Cessation as Employer (Approve)/Save  Continue in Resigned Page' is clicked on

2018-12-14 11:11:22 - [MESSAGE][PASSED] - Object: 'Object Repository/Final Object Repo/Page_Form 3 EIS - Cessation as Employer/Page_Form 3 EIS - Cessation as Employer (Approve)/Save  Continue in Resigned Page' is clicked on

2018-12-14 11:11:22 - [TEST_STEP][PASSED] - delay: Delayed 2 second(s)

2018-12-14 11:11:24 - [MESSAGE][PASSED] - Delayed 2 second(s)

2018-12-14 11:11:24 - [TEST_STEP][PASSED] - click: Object: 'Object Repository/Final Object Repo/Page_Form 3 EIS - Cessation as Employer/Page_Form 3 EIS - Cessation as Employer (Approve)/Save  Continue in Uploading Page' is clicked on

2018-12-14 11:11:26 - [MESSAGE][PASSED] - Object: 'Object Repository/Final Object Repo/Page_Form 3 EIS - Cessation as Employer/Page_Form 3 EIS - Cessation as Employer (Approve)/Save  Continue in Uploading Page' is clicked on

2018-12-14 11:11:26 - [TEST_STEP][PASSED] - delay: Delayed 2 second(s)

2018-12-14 11:11:28 - [MESSAGE][PASSED] - Delayed 2 second(s)

2018-12-14 11:11:28 - [TEST_STEP][PASSED] - click: Object: 'Object Repository/Final Object Repo/Page_Form 3 EIS - Cessation as Employer/Page_Form 3 EIS - Cessation as Employer (Reject)/Reject' is clicked on

2018-12-14 11:11:30 - [MESSAGE][PASSED] - Object: 'Object Repository/Final Object Repo/Page_Form 3 EIS - Cessation as Employer/Page_Form 3 EIS - Cessation as Employer (Reject)/Reject' is clicked on

2018-12-14 11:11:30 - [TEST_STEP][PASSED] - delay: Delayed 2 second(s)

2018-12-14 11:11:32 - [MESSAGE][PASSED] - Delayed 2 second(s)

2018-12-14 11:11:32 - [TEST_STEP][PASSED] - click: Object: 'Object Repository/Final Object Repo/Page_Form 3 EIS - Cessation as Employer/Page_Form 3 EIS - Cessation as Employer (Reject)/Confirm' is clicked on

2018-12-14 11:11:32 - [MESSAGE][PASSED] - Object: 'Object Repository/Final Object Repo/Page_Form 3 EIS - Cessation as Employer/Page_Form 3 EIS - Cessation as Employer (Reject)/Confirm' is clicked on

2018-12-14 11:11:32 - [TEST_STEP][PASSED] - delay: Delayed 2 second(s)

2018-12-14 11:11:34 - [MESSAGE][PASSED] - Delayed 2 second(s)

2018-12-14 11:11:34 - [TEST_STEP][PASSED] - click: Object: 'Object Repository/Final Object Repo/Page_Form 3 EIS - Cessation as Employer/Page_Form 3 EIS - Cessation as Employer (Reject)/Message This Case has been Rejected' is clicked on

2018-12-14 11:11:38 - [MESSAGE][PASSED] - Object: 'Object Repository/Final Object Repo/Page_Form 3 EIS - Cessation as Employer/Page_Form 3 EIS - Cessation as Employer (Reject)/Message This Case has been Rejected' is clicked on

2018-12-14 11:11:38 - [TEST_STEP][PASSED] - click: Object: 'Object Repository/Final Object Repo/Page_Form 3 EIS - Cessation as Employer/Page_Form 3 EIS - Cessation as Employer (Reject)/Letter of update rejection' is clicked on

2018-12-14 11:11:39 - [MESSAGE][PASSED] - Object: 'Object Repository/Final Object Repo/Page_Form 3 EIS - Cessation as Employer/Page_Form 3 EIS - Cessation as Employer (Reject)/Letter of update rejection' is clicked on

2018-12-14 11:11:39 - [MESSAGE][PASSED] - Call Test Case 'Test Cases/Final Aug 2018 - PKS Automation/Registration Module/Workflow/Form 3 EIS - Cessation As Employer/Template/Form 3 A - Cessation As Employer (Query)' successfully]]></system-out>
         <system-err><![CDATA[]]></system-err>
      </testcase>
      <testcase name="Test Cases/Final Aug 2018 - PKS Automation/Registration Module/Workflow/Form 3 EIS - Cessation As Employer/Employer to UO (Reject)" classname="Test Cases/Final Aug 2018 - PKS Automation/Registration Module/Workflow/Form 3 EIS - Cessation As Employer/Employer to UO (Reject)" status="PASSED">
         <system-out><![CDATA[2018-12-14 11:11:39 - [TEST_CASE][PASSED] - Test Cases/Final Aug 2018 - PKS Automation/Registration Module/Workflow/Form 3 EIS - Cessation As Employer/Employer to UO (Reject): Test Cases/Final Aug 2018 - PKS Automation/Registration Module/Workflow/Form 3 EIS - Cessation As Employer/Employer to UO (Reject)

2018-12-14 11:11:39 - [TEST_STEP][PASSED] - callTestCase: Call Test Case 'Test Cases/Final Aug 2018 - PKS Automation/Registration Module/Workflow/Form 3 EIS - Cessation As Employer/Template/Form 3 A - Cessation As Employer (Employer)' successfully

2018-12-14 11:11:39 - [TEST_CASE][PASSED] - Test Cases/Final Aug 2018 - PKS Automation/Registration Module/Workflow/Form 3 EIS - Cessation As Employer/Template/Form 3 A - Cessation As Employer (Employer): Test Cases/Final Aug 2018 - PKS Automation/Registration Module/Workflow/Form 3 EIS - Cessation As Employer/Template/Form 3 A - Cessation As Employer (Employer)

2018-12-14 11:11:39 - [TEST_STEP][PASSED] - callTestCase: Call Test Case 'Test Cases/Final Aug 2018 - PKS Automation/Registration Module/Workflow/Update Add New Employee/Template/New Company for Update Add New - Employer' successfully

2018-12-14 11:11:39 - [TEST_CASE][PASSED] - Test Cases/Final Aug 2018 - PKS Automation/Registration Module/Workflow/Update Add New Employee/Template/New Company for Update Add New - Employer: Test Cases/Final Aug 2018 - PKS Automation/Registration Module/Workflow/Update Add New Employee/Template/New Company for Update Add New - Employer

2018-12-14 11:11:39 - [TEST_STEP][PASSED] - callTestCase: Call Test Case 'Test Cases/Final Aug 2018 - PKS Automation/Create Employer Acc/Create Employer Account' successfully

2018-12-14 11:11:39 - [TEST_CASE][PASSED] - Test Cases/Final Aug 2018 - PKS Automation/Create Employer Acc/Create Employer Account: Test Cases/Final Aug 2018 - PKS Automation/Create Employer Acc/Create Employer Account

2018-12-14 11:11:39 - [TEST_STEP][PASSED] - callTestCase: Call Test Case 'Test Cases/Final Aug 2018 - PKS Automation/Create Employer Acc/Template/Register Employer' successfully

2018-12-14 11:11:39 - [TEST_CASE][PASSED] - Test Cases/Final Aug 2018 - PKS Automation/Create Employer Acc/Template/Register Employer: Test Cases/Final Aug 2018 - PKS Automation/Create Employer Acc/Template/Register Employer

2018-12-14 11:11:39 - [TEST_STEP][PASSED] - openBrowser: Browser is opened with url: ''

2018-12-14 11:11:39 - [MESSAGE][WARNING] - A browser is already opened. Closing browser and opening a new one

2018-12-14 11:11:43 - [MESSAGE][PASSED] - Browser is opened with url: ''

2018-12-14 11:11:43 - [TEST_STEP][PASSED] - navigateToUrl: Navigate to 'https://assist2-uat.perkeso.gov.my/login' successfully

2018-12-14 11:11:44 - [MESSAGE][PASSED] - Navigate to 'https://assist2-uat.perkeso.gov.my/login' successfully

2018-12-14 11:11:44 - [TEST_STEP][PASSED] - setText: Text 'johorotc1@gmail.com' is set on object 'Object Repository/Final Object Repo/Login Page/Internal User/Email Address'

2018-12-14 11:11:45 - [MESSAGE][PASSED] - Text 'johorotc1@gmail.com' is set on object 'Object Repository/Final Object Repo/Login Page/Internal User/Email Address'

2018-12-14 11:11:45 - [TEST_STEP][PASSED] - click: Object: 'Object Repository/Final Object Repo/Login Page/Internal User/Next Button' is clicked on

2018-12-14 11:11:45 - [MESSAGE][PASSED] - Object: 'Object Repository/Final Object Repo/Login Page/Internal User/Next Button' is clicked on

2018-12-14 11:11:45 - [TEST_STEP][PASSED] - delay: Delayed 1 second(s)

2018-12-14 11:11:46 - [MESSAGE][PASSED] - Delayed 1 second(s)

2018-12-14 11:11:46 - [TEST_STEP][PASSED] - setEncryptedText: Text ****** has been set on object 'Object Repository/Final Object Repo/Login Page/Internal User/Password'

2018-12-14 11:11:46 - [MESSAGE][PASSED] - Text ****** has been set on object 'Object Repository/Final Object Repo/Login Page/Internal User/Password'

2018-12-14 11:11:46 - [TEST_STEP][PASSED] - click: Object: 'Object Repository/Final Object Repo/Login Page/Internal User/Login Button' is clicked on

2018-12-14 11:11:46 - [MESSAGE][PASSED] - Object: 'Object Repository/Final Object Repo/Login Page/Internal User/Login Button' is clicked on

2018-12-14 11:11:46 - [TEST_STEP][PASSED] - delay: Delayed 1 second(s)

2018-12-14 11:11:47 - [MESSAGE][PASSED] - Delayed 1 second(s)

2018-12-14 11:11:47 - [TEST_STEP][PASSED] - navigateToUrl: Navigate to 'https://assist2-uat.perkeso.gov.my/web/base/portal-id/registration' successfully

2018-12-14 11:11:50 - [MESSAGE][PASSED] - Navigate to 'https://assist2-uat.perkeso.gov.my/web/base/portal-id/registration' successfully

2018-12-14 11:11:50 - [TEST_STEP][PASSED] - setText: Text 'AUTOMATION EMPLOYER' is set on object 'Object Repository/Final Object Repo/Creating Employer Account/Page_Registration - ASSIST (Base)/Employer Name'

2018-12-14 11:11:50 - [MESSAGE][PASSED] - Text 'AUTOMATION EMPLOYER' is set on object 'Object Repository/Final Object Repo/Creating Employer Account/Page_Registration - ASSIST (Base)/Employer Name'

2018-12-14 11:11:50 - [TEST_STEP][PASSED] - delay: Delayed 2 second(s)

2018-12-14 11:11:52 - [MESSAGE][PASSED] - Delayed 2 second(s)

2018-12-14 11:11:52 - [TEST_STEP][PASSED] - click: Object: 'Object Repository/Final Object Repo/Creating Employer Account/Page_Registration - ASSIST (Base)/Registration Type' is clicked on

2018-12-14 11:11:53 - [MESSAGE][PASSED] - Object: 'Object Repository/Final Object Repo/Creating Employer Account/Page_Registration - ASSIST (Base)/Registration Type' is clicked on

2018-12-14 11:11:53 - [TEST_STEP][PASSED] - delay: Delayed 2 second(s)

2018-12-14 11:11:55 - [MESSAGE][PASSED] - Delayed 2 second(s)

2018-12-14 11:11:55 - [TEST_STEP][PASSED] - click: Object: 'Object Repository/Final Object Repo/Creating Employer Account/Page_Registration - ASSIST (Base)/Registration Type - Registration No' is clicked on

2018-12-14 11:11:55 - [MESSAGE][PASSED] - Object: 'Object Repository/Final Object Repo/Creating Employer Account/Page_Registration - ASSIST (Base)/Registration Type - Registration No' is clicked on

2018-12-14 11:11:55 - [TEST_STEP][PASSED] - delay: Delayed 2 second(s)

2018-12-14 11:11:57 - [MESSAGE][PASSED] - Delayed 2 second(s)

2018-12-14 11:11:57 - [TEST_STEP][PASSED] - setText: Text 'AUTOMATE001' is set on object 'Object Repository/Final Object Repo/Creating Employer Account/Page_Registration - ASSIST (Base)/Registration Number'

2018-12-14 11:11:57 - [MESSAGE][PASSED] - Text 'AUTOMATE001' is set on object 'Object Repository/Final Object Repo/Creating Employer Account/Page_Registration - ASSIST (Base)/Registration Number'

2018-12-14 11:11:57 - [TEST_STEP][PASSED] - delay: Delayed 2 second(s)

2018-12-14 11:11:59 - [MESSAGE][PASSED] - Delayed 2 second(s)

2018-12-14 11:11:59 - [TEST_STEP][PASSED] - setText: Text 'ADDRESS 1' is set on object 'Object Repository/Final Object Repo/Creating Employer Account/Page_Registration - ASSIST (Base)/Postal Address 1'

2018-12-14 11:11:59 - [MESSAGE][PASSED] - Text 'ADDRESS 1' is set on object 'Object Repository/Final Object Repo/Creating Employer Account/Page_Registration - ASSIST (Base)/Postal Address 1'

2018-12-14 11:11:59 - [TEST_STEP][PASSED] - setText: Text 'ADDRESS 2' is set on object 'Object Repository/Final Object Repo/Creating Employer Account/Page_Registration - ASSIST (Base)/Postal Address 2'

2018-12-14 11:12:00 - [MESSAGE][PASSED] - Text 'ADDRESS 2' is set on object 'Object Repository/Final Object Repo/Creating Employer Account/Page_Registration - ASSIST (Base)/Postal Address 2'

2018-12-14 11:12:00 - [TEST_STEP][PASSED] - click: Object: 'Object Repository/Final Object Repo/Creating Employer Account/Page_Registration - ASSIST (Base)/State' is clicked on

2018-12-14 11:12:00 - [MESSAGE][PASSED] - Object: 'Object Repository/Final Object Repo/Creating Employer Account/Page_Registration - ASSIST (Base)/State' is clicked on

2018-12-14 11:12:00 - [TEST_STEP][PASSED] - delay: Delayed 2 second(s)

2018-12-14 11:12:02 - [MESSAGE][PASSED] - Delayed 2 second(s)

2018-12-14 11:12:02 - [TEST_STEP][PASSED] - click: Object: 'Object Repository/Final Object Repo/Creating Employer Account/Page_Registration - ASSIST (Base)/State - Johor' is clicked on

2018-12-14 11:12:02 - [MESSAGE][PASSED] - Object: 'Object Repository/Final Object Repo/Creating Employer Account/Page_Registration - ASSIST (Base)/State - Johor' is clicked on

2018-12-14 11:12:02 - [TEST_STEP][PASSED] - delay: Delayed 2 second(s)

2018-12-14 11:12:04 - [MESSAGE][PASSED] - Delayed 2 second(s)

2018-12-14 11:12:04 - [TEST_STEP][PASSED] - click: Object: 'Object Repository/Final Object Repo/Creating Employer Account/Page_Registration - ASSIST (Base)/City' is clicked on

2018-12-14 11:12:04 - [MESSAGE][PASSED] - Object: 'Object Repository/Final Object Repo/Creating Employer Account/Page_Registration - ASSIST (Base)/City' is clicked on

2018-12-14 11:12:04 - [TEST_STEP][PASSED] - delay: Delayed 2 second(s)

2018-12-14 11:12:06 - [MESSAGE][PASSED] - Delayed 2 second(s)

2018-12-14 11:12:06 - [TEST_STEP][PASSED] - setText: Text 'joh' is set on object 'Object Repository/Final Object Repo/Creating Employer Account/Page_Registration - ASSIST (Base)/City - joh'

2018-12-14 11:12:07 - [MESSAGE][PASSED] - Text 'joh' is set on object 'Object Repository/Final Object Repo/Creating Employer Account/Page_Registration - ASSIST (Base)/City - joh'

2018-12-14 11:12:07 - [TEST_STEP][PASSED] - delay: Delayed 2 second(s)

2018-12-14 11:12:09 - [MESSAGE][PASSED] - Delayed 2 second(s)

2018-12-14 11:12:09 - [TEST_STEP][PASSED] - click: Object: 'Object Repository/Final Object Repo/Creating Employer Account/Page_Registration - ASSIST (Base)/City - Johor Bharu' is clicked on

2018-12-14 11:12:09 - [MESSAGE][PASSED] - Object: 'Object Repository/Final Object Repo/Creating Employer Account/Page_Registration - ASSIST (Base)/City - Johor Bharu' is clicked on

2018-12-14 11:12:09 - [TEST_STEP][PASSED] - delay: Delayed 2 second(s)

2018-12-14 11:12:11 - [MESSAGE][PASSED] - Delayed 2 second(s)

2018-12-14 11:12:11 - [TEST_STEP][PASSED] - click: Object: 'Object Repository/Final Object Repo/Creating Employer Account/Page_Registration - ASSIST (Base)/Post Code' is clicked on

2018-12-14 11:12:11 - [MESSAGE][PASSED] - Object: 'Object Repository/Final Object Repo/Creating Employer Account/Page_Registration - ASSIST (Base)/Post Code' is clicked on

2018-12-14 11:12:11 - [TEST_STEP][PASSED] - delay: Delayed 2 second(s)

2018-12-14 11:12:13 - [MESSAGE][PASSED] - Delayed 2 second(s)

2018-12-14 11:12:13 - [TEST_STEP][PASSED] - setText: Text '810' is set on object 'Object Repository/Final Object Repo/Creating Employer Account/Page_Registration - ASSIST (Base)/Post Code - 810'

2018-12-14 11:12:13 - [MESSAGE][PASSED] - Text '810' is set on object 'Object Repository/Final Object Repo/Creating Employer Account/Page_Registration - ASSIST (Base)/Post Code - 810'

2018-12-14 11:12:13 - [TEST_STEP][PASSED] - delay: Delayed 2 second(s)

2018-12-14 11:12:15 - [MESSAGE][PASSED] - Delayed 2 second(s)

2018-12-14 11:12:15 - [TEST_STEP][PASSED] - click: Object: 'Object Repository/Final Object Repo/Creating Employer Account/Page_Registration - ASSIST (Base)/Post Code - 81000' is clicked on

2018-12-14 11:12:15 - [MESSAGE][PASSED] - Object: 'Object Repository/Final Object Repo/Creating Employer Account/Page_Registration - ASSIST (Base)/Post Code - 81000' is clicked on

2018-12-14 11:12:15 - [TEST_STEP][PASSED] - delay: Delayed 2 second(s)

2018-12-14 11:12:17 - [MESSAGE][PASSED] - Delayed 2 second(s)

2018-12-14 11:12:17 - [TEST_STEP][PASSED] - setText: Text 'PERKESO' is set on object 'Object Repository/Final Object Repo/Creating Employer Account/Page_Registration - ASSIST (Base)/Full Name'

2018-12-14 11:12:18 - [MESSAGE][PASSED] - Text 'PERKESO' is set on object 'Object Repository/Final Object Repo/Creating Employer Account/Page_Registration - ASSIST (Base)/Full Name'

2018-12-14 11:12:18 - [TEST_STEP][PASSED] - Statement - rnd = new java.util.Random(): null

2018-12-14 11:12:18 - [TEST_STEP][PASSED] - Statement - snum = rnd.nextInt(899999 + 1) + 100000: null

2018-12-14 11:12:18 - [TEST_STEP][PASSED] - Statement - tnum = rnd.nextInt(899999 + 1) + 100000: null

2018-12-14 11:12:18 - [TEST_STEP][PASSED] - Statement - IC = java.lang.Integer.toString(snum) + java.lang.Integer.toString(tnum): null

2018-12-14 11:12:18 - [TEST_STEP][PASSED] - Statement - out.println(IC): null

2018-12-14 11:12:18 - [TEST_STEP][PASSED] - setText: Text '956551846249' is set on object 'Object Repository/Final Object Repo/Creating Employer Account/Page_Registration - ASSIST (Base)/Identification Number'

2018-12-14 11:12:18 - [MESSAGE][PASSED] - Text '956551846249' is set on object 'Object Repository/Final Object Repo/Creating Employer Account/Page_Registration - ASSIST (Base)/Identification Number'

2018-12-14 11:12:18 - [TEST_STEP][PASSED] - delay: Delayed 2 second(s)

2018-12-14 11:12:20 - [MESSAGE][PASSED] - Delayed 2 second(s)

2018-12-14 11:12:20 - [TEST_STEP][PASSED] - setText: Text '123456789012' is set on object 'Object Repository/Final Object Repo/Creating Employer Account/Page_Registration - ASSIST (Base)/Contact Number'

2018-12-14 11:12:20 - [MESSAGE][PASSED] - Text '123456789012' is set on object 'Object Repository/Final Object Repo/Creating Employer Account/Page_Registration - ASSIST (Base)/Contact Number'

2018-12-14 11:12:20 - [TEST_STEP][PASSED] - Statement - Email = "perkeso" + IC + "@gmail.com": null

2018-12-14 11:12:20 - [TEST_STEP][PASSED] - delay: Delayed 2 second(s)

2018-12-14 11:12:22 - [MESSAGE][PASSED] - Delayed 2 second(s)

2018-12-14 11:12:22 - [TEST_STEP][PASSED] - callTestCase: Call Test Case 'Test Cases/Final Aug 2018 - PKS Automation/Create Employer Acc/Template/Employer Email Settler' successfully

2018-12-14 11:12:22 - [TEST_CASE][PASSED] - Test Cases/Final Aug 2018 - PKS Automation/Create Employer Acc/Template/Employer Email Settler: Test Cases/Final Aug 2018 - PKS Automation/Create Employer Acc/Template/Employer Email Settler

2018-12-14 11:12:22 - [TEST_STEP][PASSED] - Statement - EmpEmailOld = new java.io.File(C://Users//Admin//Desktop//PKS//Automation Reference Point//EmpEmail.txt): null

2018-12-14 11:12:22 - [TEST_STEP][PASSED] - Statement - EmpEmailOld.delete(): null

2018-12-14 11:12:22 - [TEST_STEP][PASSED] - delay: Delayed 5 second(s)

2018-12-14 11:12:27 - [MESSAGE][PASSED] - Delayed 5 second(s)

2018-12-14 11:12:27 - [TEST_STEP][PASSED] - Statement - EmpEmail = new java.io.File(C://Users//Admin//Desktop//PKS//Automation Reference Point//EmpEmail.txt): null

2018-12-14 11:12:27 - [TEST_STEP][PASSED] - Statement - f2 = new java.io.FileWriter(EmpEmail, false): null

2018-12-14 11:12:27 - [TEST_STEP][PASSED] - Statement - f2.write(Email): null

2018-12-14 11:12:27 - [TEST_STEP][PASSED] - Statement - f2.close(): null

2018-12-14 11:12:27 - [TEST_STEP][PASSED] - Statement - out.println(Email): null

2018-12-14 11:12:27 - [MESSAGE][PASSED] - Call Test Case 'Test Cases/Final Aug 2018 - PKS Automation/Create Employer Acc/Template/Employer Email Settler' successfully

2018-12-14 11:12:27 - [TEST_STEP][PASSED] - delay: Delayed 2 second(s)

2018-12-14 11:12:29 - [MESSAGE][PASSED] - Delayed 2 second(s)

2018-12-14 11:12:29 - [TEST_STEP][PASSED] - setText: Text 'perkeso956551846249@gmail.com' is set on object 'Object Repository/Final Object Repo/Creating Employer Account/Page_Registration - ASSIST (Base)/Email'

2018-12-14 11:12:30 - [MESSAGE][PASSED] - Text 'perkeso956551846249@gmail.com' is set on object 'Object Repository/Final Object Repo/Creating Employer Account/Page_Registration - ASSIST (Base)/Email'

2018-12-14 11:12:30 - [TEST_STEP][PASSED] - setText: Text '123' is set on object 'Object Repository/Final Object Repo/Creating Employer Account/Page_Registration - ASSIST (Base)/Security Phase'

2018-12-14 11:12:30 - [MESSAGE][PASSED] - Text '123' is set on object 'Object Repository/Final Object Repo/Creating Employer Account/Page_Registration - ASSIST (Base)/Security Phase'

2018-12-14 11:12:30 - [TEST_STEP][PASSED] - click: Object: 'Object Repository/Final Object Repo/Creating Employer Account/Page_Registration - ASSIST (Base)/Save  Continue' is clicked on

2018-12-14 11:12:30 - [MESSAGE][PASSED] - Object: 'Object Repository/Final Object Repo/Creating Employer Account/Page_Registration - ASSIST (Base)/Save  Continue' is clicked on

2018-12-14 11:12:30 - [TEST_STEP][PASSED] - delay: Delayed 2 second(s)

2018-12-14 11:12:32 - [MESSAGE][PASSED] - Delayed 2 second(s)

2018-12-14 11:12:32 - [TEST_STEP][PASSED] - click: Object: 'Object Repository/Final Object Repo/Creating Employer Account/Page_Registration - ASSIST (Base)/Add Document' is clicked on

2018-12-14 11:12:33 - [MESSAGE][PASSED] - Object: 'Object Repository/Final Object Repo/Creating Employer Account/Page_Registration - ASSIST (Base)/Add Document' is clicked on

2018-12-14 11:12:33 - [TEST_STEP][PASSED] - delay: Delayed 2 second(s)

2018-12-14 11:12:35 - [MESSAGE][PASSED] - Delayed 2 second(s)

2018-12-14 11:12:35 - [TEST_STEP][PASSED] - click: Object: 'Object Repository/Final Object Repo/Creating Employer Account/Page_Registration - ASSIST (Base)/Document Type' is clicked on

2018-12-14 11:12:35 - [MESSAGE][PASSED] - Object: 'Object Repository/Final Object Repo/Creating Employer Account/Page_Registration - ASSIST (Base)/Document Type' is clicked on

2018-12-14 11:12:35 - [TEST_STEP][PASSED] - delay: Delayed 2 second(s)

2018-12-14 11:12:37 - [MESSAGE][PASSED] - Delayed 2 second(s)

2018-12-14 11:12:37 - [TEST_STEP][PASSED] - click: Object: 'Object Repository/Final Object Repo/Creating Employer Account/Page_Registration - ASSIST (Base)/Document Type - Letter of Authorization' is clicked on

2018-12-14 11:12:37 - [MESSAGE][PASSED] - Object: 'Object Repository/Final Object Repo/Creating Employer Account/Page_Registration - ASSIST (Base)/Document Type - Letter of Authorization' is clicked on

2018-12-14 11:12:37 - [TEST_STEP][PASSED] - delay: Delayed 2 second(s)

2018-12-14 11:12:39 - [MESSAGE][PASSED] - Delayed 2 second(s)

2018-12-14 11:12:39 - [TEST_STEP][PASSED] - sendKeys: Keys 'C:\Users\Public\Pictures\Sample Pictures\Koala.jpg' sent to object: 'Object Repository/Final Object Repo/Creating Employer Account/Page_Registration - ASSIST (Base)/Uploading File'

2018-12-14 11:12:39 - [MESSAGE][PASSED] - Keys 'C:\Users\Public\Pictures\Sample Pictures\Koala.jpg' sent to object: 'Object Repository/Final Object Repo/Creating Employer Account/Page_Registration - ASSIST (Base)/Uploading File'

2018-12-14 11:12:39 - [TEST_STEP][PASSED] - delay: Delayed 2 second(s)

2018-12-14 11:12:41 - [MESSAGE][PASSED] - Delayed 2 second(s)

2018-12-14 11:12:41 - [TEST_STEP][PASSED] - click: Object: 'Object Repository/Final Object Repo/Creating Employer Account/Page_Registration - ASSIST (Base)/Add Document in Uploading File' is clicked on

2018-12-14 11:12:41 - [MESSAGE][PASSED] - Object: 'Object Repository/Final Object Repo/Creating Employer Account/Page_Registration - ASSIST (Base)/Add Document in Uploading File' is clicked on

2018-12-14 11:12:41 - [TEST_STEP][PASSED] - delay: Delayed 2 second(s)

2018-12-14 11:12:43 - [MESSAGE][PASSED] - Delayed 2 second(s)

2018-12-14 11:12:43 - [TEST_STEP][PASSED] - click: Object: 'Object Repository/Final Object Repo/Creating Employer Account/Page_Registration - ASSIST (Base)/Save' is clicked on

2018-12-14 11:12:44 - [MESSAGE][PASSED] - Object: 'Object Repository/Final Object Repo/Creating Employer Account/Page_Registration - ASSIST (Base)/Save' is clicked on

2018-12-14 11:12:44 - [TEST_STEP][PASSED] - delay: Delayed 2 second(s)

2018-12-14 11:12:46 - [MESSAGE][PASSED] - Delayed 2 second(s)

2018-12-14 11:12:46 - [TEST_STEP][PASSED] - click: Object: 'Object Repository/Final Object Repo/Creating Employer Account/Page_Registration - ASSIST (Base)/Submit' is clicked on

2018-12-14 11:12:46 - [MESSAGE][PASSED] - Object: 'Object Repository/Final Object Repo/Creating Employer Account/Page_Registration - ASSIST (Base)/Submit' is clicked on

2018-12-14 11:12:46 - [TEST_STEP][PASSED] - delay: Delayed 2 second(s)

2018-12-14 11:12:48 - [MESSAGE][PASSED] - Delayed 2 second(s)

2018-12-14 11:12:48 - [TEST_STEP][PASSED] - click: Object: 'Object Repository/Final Object Repo/Creating Employer Account/Page_Registration - ASSIST (Base)/Confirm' is clicked on

2018-12-14 11:12:48 - [MESSAGE][PASSED] - Object: 'Object Repository/Final Object Repo/Creating Employer Account/Page_Registration - ASSIST (Base)/Confirm' is clicked on

2018-12-14 11:12:48 - [MESSAGE][PASSED] - Call Test Case 'Test Cases/Final Aug 2018 - PKS Automation/Create Employer Acc/Template/Register Employer' successfully

2018-12-14 11:12:48 - [TEST_STEP][PASSED] - delay: Delayed 1 second(s)

2018-12-14 11:12:49 - [MESSAGE][PASSED] - Delayed 1 second(s)

2018-12-14 11:12:49 - [TEST_STEP][PASSED] - navigateToUrl: Navigate to 'https://assist2-uat.perkeso.gov.my/c/portal/logout' successfully

2018-12-14 11:12:51 - [MESSAGE][PASSED] - Navigate to 'https://assist2-uat.perkeso.gov.my/c/portal/logout' successfully

2018-12-14 11:12:51 - [TEST_STEP][PASSED] - delay: Delayed 1 second(s)

2018-12-14 11:12:52 - [MESSAGE][PASSED] - Delayed 1 second(s)

2018-12-14 11:12:52 - [TEST_STEP][PASSED] - callTestCase: Call Test Case 'Test Cases/Final Aug 2018 - PKS Automation/Create Employer Acc/Template/Change Password of Employer' successfully

2018-12-14 11:12:52 - [TEST_CASE][PASSED] - Test Cases/Final Aug 2018 - PKS Automation/Create Employer Acc/Template/Change Password of Employer: Test Cases/Final Aug 2018 - PKS Automation/Create Employer Acc/Template/Change Password of Employer

2018-12-14 11:12:52 - [TEST_STEP][PASSED] - openBrowser: Browser is opened with url: ''

2018-12-14 11:12:52 - [MESSAGE][WARNING] - A browser is already opened. Closing browser and opening a new one

2018-12-14 11:13:01 - [MESSAGE][PASSED] - Browser is opened with url: ''

2018-12-14 11:13:01 - [TEST_STEP][PASSED] - navigateToUrl: Navigate to 'https://assist2-uat.perkeso.gov.my/login' successfully

2018-12-14 11:13:02 - [MESSAGE][PASSED] - Navigate to 'https://assist2-uat.perkeso.gov.my/login' successfully

2018-12-14 11:13:02 - [TEST_STEP][PASSED] - delay: Delayed 5 second(s)

2018-12-14 11:13:07 - [MESSAGE][PASSED] - Delayed 5 second(s)

2018-12-14 11:13:07 - [TEST_STEP][PASSED] - setText: Text 'test@liferay.com' is set on object 'Object Repository/Final Object Repo/Login Page/Internal User/Email Address'

2018-12-14 11:13:07 - [MESSAGE][PASSED] - Text 'test@liferay.com' is set on object 'Object Repository/Final Object Repo/Login Page/Internal User/Email Address'

2018-12-14 11:13:07 - [TEST_STEP][PASSED] - click: Object: 'Object Repository/Final Object Repo/Login Page/Internal User/Next Button' is clicked on

2018-12-14 11:13:08 - [MESSAGE][PASSED] - Object: 'Object Repository/Final Object Repo/Login Page/Internal User/Next Button' is clicked on

2018-12-14 11:13:08 - [TEST_STEP][PASSED] - delay: Delayed 2 second(s)

2018-12-14 11:13:10 - [MESSAGE][PASSED] - Delayed 2 second(s)

2018-12-14 11:13:10 - [TEST_STEP][PASSED] - setText: Text 'test' is set on object 'Object Repository/Final Object Repo/Login Page/Internal User/Password'

2018-12-14 11:13:10 - [MESSAGE][PASSED] - Text 'test' is set on object 'Object Repository/Final Object Repo/Login Page/Internal User/Password'

2018-12-14 11:13:10 - [TEST_STEP][PASSED] - delay: Delayed 2 second(s)

2018-12-14 11:13:12 - [MESSAGE][PASSED] - Delayed 2 second(s)

2018-12-14 11:13:12 - [TEST_STEP][PASSED] - click: Object: 'Object Repository/Final Object Repo/Login Page/Internal User/Login Button' is clicked on

2018-12-14 11:13:12 - [MESSAGE][PASSED] - Object: 'Object Repository/Final Object Repo/Login Page/Internal User/Login Button' is clicked on

2018-12-14 11:13:12 - [TEST_STEP][PASSED] - delay: Delayed 3 second(s)

2018-12-14 11:13:15 - [MESSAGE][PASSED] - Delayed 3 second(s)

2018-12-14 11:13:15 - [TEST_STEP][PASSED] - navigateToUrl: Navigate to 'https://assist2-uat.perkeso.gov.my/group/control_panel/manage?p_p_id=125&p_p_lifecycle=0&p_p_state=maximized&p_p_mode=view&refererPlid=20455&_125_usersListView=flat-users&_125_toolbarItem=view-all-users&_125_saveUsersListView=true&_125_struts_action=%2Fusers_admin%2Fview' successfully

2018-12-14 11:13:16 - [MESSAGE][PASSED] - Navigate to 'https://assist2-uat.perkeso.gov.my/group/control_panel/manage?p_p_id=125&p_p_lifecycle=0&p_p_state=maximized&p_p_mode=view&refererPlid=20455&_125_usersListView=flat-users&_125_toolbarItem=view-all-users&_125_saveUsersListView=true&_125_struts_action=%2Fusers_admin%2Fview' successfully

2018-12-14 11:13:16 - [TEST_STEP][PASSED] - delay: Delayed 3 second(s)

2018-12-14 11:13:19 - [MESSAGE][PASSED] - Delayed 3 second(s)

2018-12-14 11:13:19 - [TEST_STEP][PASSED] - setText: Text 'perkeso956551846249@gmail.com' is set on object 'Object Repository/Final Object Repo/Creating Employer Account/Page_Users and Organizations - ASSIST/Employer name'

2018-12-14 11:13:20 - [MESSAGE][PASSED] - Text 'perkeso956551846249@gmail.com' is set on object 'Object Repository/Final Object Repo/Creating Employer Account/Page_Users and Organizations - ASSIST/Employer name'

2018-12-14 11:13:20 - [TEST_STEP][PASSED] - delay: Delayed 3 second(s)

2018-12-14 11:13:23 - [MESSAGE][PASSED] - Delayed 3 second(s)

2018-12-14 11:13:23 - [TEST_STEP][PASSED] - click: Object: 'Object Repository/Final Object Repo/Creating Employer Account/Page_Users and Organizations - ASSIST/Search' is clicked on

2018-12-14 11:13:23 - [MESSAGE][PASSED] - Object: 'Object Repository/Final Object Repo/Creating Employer Account/Page_Users and Organizations - ASSIST/Search' is clicked on

2018-12-14 11:13:23 - [TEST_STEP][PASSED] - delay: Delayed 3 second(s)

2018-12-14 11:13:26 - [MESSAGE][PASSED] - Delayed 3 second(s)

2018-12-14 11:13:26 - [TEST_STEP][PASSED] - click: Object: 'Object Repository/Final Object Repo/Creating Employer Account/Page_Users and Organizations - ASSIST/Action' is clicked on

2018-12-14 11:13:27 - [MESSAGE][PASSED] - Object: 'Object Repository/Final Object Repo/Creating Employer Account/Page_Users and Organizations - ASSIST/Action' is clicked on

2018-12-14 11:13:27 - [TEST_STEP][PASSED] - delay: Delayed 3 second(s)

2018-12-14 11:13:30 - [MESSAGE][PASSED] - Delayed 3 second(s)

2018-12-14 11:13:30 - [TEST_STEP][PASSED] - click: Object: 'Object Repository/Final Object Repo/Creating Employer Account/Page_Users and Organizations - ASSIST/Edit' is clicked on

2018-12-14 11:13:31 - [MESSAGE][PASSED] - Object: 'Object Repository/Final Object Repo/Creating Employer Account/Page_Users and Organizations - ASSIST/Edit' is clicked on

2018-12-14 11:13:31 - [TEST_STEP][PASSED] - delay: Delayed 3 second(s)

2018-12-14 11:13:34 - [MESSAGE][PASSED] - Delayed 3 second(s)

2018-12-14 11:13:34 - [TEST_STEP][PASSED] - click: Object: 'Object Repository/Final Object Repo/Creating Employer Account/Page_PERKESO - Users and Organizati/a_Password (Modified)' is clicked on

2018-12-14 11:13:34 - [MESSAGE][PASSED] - Object: 'Object Repository/Final Object Repo/Creating Employer Account/Page_PERKESO - Users and Organizati/a_Password (Modified)' is clicked on

2018-12-14 11:13:34 - [TEST_STEP][PASSED] - delay: Delayed 3 second(s)

2018-12-14 11:13:37 - [MESSAGE][PASSED] - Delayed 3 second(s)

2018-12-14 11:13:37 - [TEST_STEP][PASSED] - setEncryptedText: Text ****** has been set on object 'Object Repository/Final Object Repo/Creating Employer Account/Page_PERKESO - Users and Organizati/input__125_password1'

2018-12-14 11:13:37 - [MESSAGE][PASSED] - Text ****** has been set on object 'Object Repository/Final Object Repo/Creating Employer Account/Page_PERKESO - Users and Organizati/input__125_password1'

2018-12-14 11:13:37 - [TEST_STEP][PASSED] - delay: Delayed 3 second(s)

2018-12-14 11:13:40 - [MESSAGE][PASSED] - Delayed 3 second(s)

2018-12-14 11:13:40 - [TEST_STEP][PASSED] - setEncryptedText: Text ****** has been set on object 'Object Repository/Final Object Repo/Creating Employer Account/Page_PERKESO - Users and Organizati/input__125_password2'

2018-12-14 11:13:41 - [MESSAGE][PASSED] - Text ****** has been set on object 'Object Repository/Final Object Repo/Creating Employer Account/Page_PERKESO - Users and Organizati/input__125_password2'

2018-12-14 11:13:41 - [TEST_STEP][PASSED] - delay: Delayed 3 second(s)

2018-12-14 11:13:44 - [MESSAGE][PASSED] - Delayed 3 second(s)

2018-12-14 11:13:44 - [TEST_STEP][PASSED] - click: Object: 'Object Repository/Final Object Repo/Creating Employer Account/Page_PERKESO - Users and Organizati/Save' is clicked on

2018-12-14 11:13:45 - [MESSAGE][PASSED] - Object: 'Object Repository/Final Object Repo/Creating Employer Account/Page_PERKESO - Users and Organizati/Save' is clicked on

2018-12-14 11:13:45 - [MESSAGE][PASSED] - Call Test Case 'Test Cases/Final Aug 2018 - PKS Automation/Create Employer Acc/Template/Change Password of Employer' successfully

2018-12-14 11:13:45 - [TEST_STEP][PASSED] - delay: Delayed 1 second(s)

2018-12-14 11:13:46 - [MESSAGE][PASSED] - Delayed 1 second(s)

2018-12-14 11:13:46 - [TEST_STEP][PASSED] - navigateToUrl: Navigate to 'https://assist2-uat.perkeso.gov.my/c/portal/logout' successfully

2018-12-14 11:13:47 - [MESSAGE][PASSED] - Navigate to 'https://assist2-uat.perkeso.gov.my/c/portal/logout' successfully

2018-12-14 11:13:47 - [TEST_STEP][PASSED] - delay: Delayed 1 second(s)

2018-12-14 11:13:48 - [MESSAGE][PASSED] - Delayed 1 second(s)

2018-12-14 11:13:48 - [TEST_STEP][PASSED] - callTestCase: Call Test Case 'Test Cases/Final Aug 2018 - PKS Automation/Create Employer Acc/Template/Login to Employer Account (First Time)' successfully

2018-12-14 11:13:48 - [TEST_CASE][PASSED] - Test Cases/Final Aug 2018 - PKS Automation/Create Employer Acc/Template/Login to Employer Account (First Time): Test Cases/Final Aug 2018 - PKS Automation/Create Employer Acc/Template/Login to Employer Account (First Time)

2018-12-14 11:13:48 - [TEST_STEP][PASSED] - openBrowser: Browser is opened with url: ''

2018-12-14 11:13:48 - [MESSAGE][WARNING] - A browser is already opened. Closing browser and opening a new one

2018-12-14 11:13:52 - [MESSAGE][PASSED] - Browser is opened with url: ''

2018-12-14 11:13:52 - [TEST_STEP][PASSED] - navigateToUrl: Navigate to 'https://assist2-uat.perkeso.gov.my/employer/login' successfully

2018-12-14 11:13:54 - [MESSAGE][PASSED] - Navigate to 'https://assist2-uat.perkeso.gov.my/employer/login' successfully

2018-12-14 11:13:54 - [TEST_STEP][PASSED] - delay: Delayed 3 second(s)

2018-12-14 11:13:57 - [MESSAGE][PASSED] - Delayed 3 second(s)

2018-12-14 11:13:57 - [TEST_STEP][PASSED] - callTestCase: Call Test Case 'Test Cases/Final Aug 2018 - PKS Automation/Create Employer Acc/Template/Employer Email Getter' successfully

2018-12-14 11:13:57 - [TEST_CASE][PASSED] - Test Cases/Final Aug 2018 - PKS Automation/Create Employer Acc/Template/Employer Email Getter: Test Cases/Final Aug 2018 - PKS Automation/Create Employer Acc/Template/Employer Email Getter

2018-12-14 11:13:57 - [TEST_STEP][PASSED] - Statement - Try: null

2018-12-14 11:13:57 - [TEST_STEP][PASSED] - Statement - EmpEmail = new java.io.File(C://Users//Admin//Desktop//PKS//Automation Reference Point//EmpEmail.txt): null

2018-12-14 11:13:57 - [TEST_STEP][PASSED] - Statement - bufferread = new java.io.BufferedReader(new java.io.FileReader(EmpEmail)): null

2018-12-14 11:13:57 - [TEST_STEP][PASSED] - Statement - readedVal = bufferread.readLine(): null

2018-12-14 11:13:57 - [TEST_STEP][PASSED] - Statement - out.println(readedVal): null

2018-12-14 11:13:57 - [TEST_STEP][PASSED] - Statement - Email = readedVal: null

2018-12-14 11:13:57 - [MESSAGE][PASSED] - Call Test Case 'Test Cases/Final Aug 2018 - PKS Automation/Create Employer Acc/Template/Employer Email Getter' successfully

2018-12-14 11:13:57 - [TEST_STEP][PASSED] - setText: Text 'perkeso956551846249@gmail.com' is set on object 'Object Repository/Final Object Repo/Login Page/External Login Page/Email'

2018-12-14 11:13:57 - [MESSAGE][PASSED] - Text 'perkeso956551846249@gmail.com' is set on object 'Object Repository/Final Object Repo/Login Page/External Login Page/Email'

2018-12-14 11:13:57 - [TEST_STEP][PASSED] - click: Object: 'Object Repository/Final Object Repo/Login Page/External Login Page/Next' is clicked on

2018-12-14 11:13:57 - [MESSAGE][PASSED] - Object: 'Object Repository/Final Object Repo/Login Page/External Login Page/Next' is clicked on

2018-12-14 11:13:57 - [TEST_STEP][PASSED] - delay: Delayed 3 second(s)

2018-12-14 11:14:00 - [MESSAGE][PASSED] - Delayed 3 second(s)

2018-12-14 11:14:00 - [TEST_STEP][PASSED] - setEncryptedText: Text ****** has been set on object 'Object Repository/Final Object Repo/Login Page/External Login Page/Password'

2018-12-14 11:14:01 - [MESSAGE][PASSED] - Text ****** has been set on object 'Object Repository/Final Object Repo/Login Page/External Login Page/Password'

2018-12-14 11:14:01 - [TEST_STEP][PASSED] - click: Object: 'Object Repository/Final Object Repo/Login Page/External Login Page/Login' is clicked on

2018-12-14 11:14:01 - [MESSAGE][PASSED] - Object: 'Object Repository/Final Object Repo/Login Page/External Login Page/Login' is clicked on

2018-12-14 11:14:01 - [TEST_STEP][PASSED] - delay: Delayed 3 second(s)

2018-12-14 11:14:04 - [MESSAGE][PASSED] - Delayed 3 second(s)

2018-12-14 11:14:04 - [TEST_STEP][PASSED] - click: Object: 'Object Repository/Final Object Repo/Creating Employer Account/Page_Terms of Use - ASSIST/button_I Agree' is clicked on

2018-12-14 11:14:05 - [MESSAGE][PASSED] - Object: 'Object Repository/Final Object Repo/Creating Employer Account/Page_Terms of Use - ASSIST/button_I Agree' is clicked on

2018-12-14 11:14:05 - [TEST_STEP][PASSED] - delay: Delayed 2 second(s)

2018-12-14 11:14:07 - [MESSAGE][PASSED] - Delayed 2 second(s)

2018-12-14 11:14:07 - [TEST_STEP][PASSED] - setEncryptedText: Text ****** has been set on object 'Object Repository/Final Object Repo/Creating Employer Account/Page_New Password - ASSIST/input_password1'

2018-12-14 11:14:07 - [MESSAGE][PASSED] - Text ****** has been set on object 'Object Repository/Final Object Repo/Creating Employer Account/Page_New Password - ASSIST/input_password1'

2018-12-14 11:14:07 - [TEST_STEP][PASSED] - setEncryptedText: Text ****** has been set on object 'Object Repository/Final Object Repo/Creating Employer Account/Page_New Password - ASSIST/input_password2'

2018-12-14 11:14:07 - [MESSAGE][PASSED] - Text ****** has been set on object 'Object Repository/Final Object Repo/Creating Employer Account/Page_New Password - ASSIST/input_password2'

2018-12-14 11:14:07 - [TEST_STEP][PASSED] - delay: Delayed 2 second(s)

2018-12-14 11:14:09 - [MESSAGE][PASSED] - Delayed 2 second(s)

2018-12-14 11:14:09 - [TEST_STEP][PASSED] - click: Object: 'Object Repository/Final Object Repo/Creating Employer Account/Page_New Password - ASSIST/Save' is clicked on

2018-12-14 11:14:09 - [MESSAGE][PASSED] - Object: 'Object Repository/Final Object Repo/Creating Employer Account/Page_New Password - ASSIST/Save' is clicked on

2018-12-14 11:14:09 - [TEST_STEP][PASSED] - delay: Delayed 2 second(s)

2018-12-14 11:14:11 - [MESSAGE][PASSED] - Delayed 2 second(s)

2018-12-14 11:14:11 - [TEST_STEP][PASSED] - setText: Text 'test' is set on object 'Object Repository/Final Object Repo/Creating Employer Account/Page_Password Reminder - ASSIST/Reminder Query Answer'

2018-12-14 11:14:12 - [MESSAGE][PASSED] - Text 'test' is set on object 'Object Repository/Final Object Repo/Creating Employer Account/Page_Password Reminder - ASSIST/Reminder Query Answer'

2018-12-14 11:14:12 - [TEST_STEP][PASSED] - delay: Delayed 2 second(s)

2018-12-14 11:14:14 - [MESSAGE][PASSED] - Delayed 2 second(s)

2018-12-14 11:14:14 - [TEST_STEP][PASSED] - doubleClick: Object: 'Object Repository/Final Object Repo/Creating Employer Account/Page_Password Reminder - ASSIST/Save' is double clicked on

2018-12-14 11:14:14 - [MESSAGE][PASSED] - Object: 'Object Repository/Final Object Repo/Creating Employer Account/Page_Password Reminder - ASSIST/Save' is double clicked on

2018-12-14 11:14:14 - [MESSAGE][PASSED] - Call Test Case 'Test Cases/Final Aug 2018 - PKS Automation/Create Employer Acc/Template/Login to Employer Account (First Time)' successfully

2018-12-14 11:14:14 - [MESSAGE][PASSED] - Call Test Case 'Test Cases/Final Aug 2018 - PKS Automation/Create Employer Acc/Create Employer Account' successfully

2018-12-14 11:14:14 - [TEST_STEP][PASSED] - callTestCase: Call Test Case 'Test Cases/Final Aug 2018 - PKS Automation/Registration Module/Log Out/log out avoiding katalon tagging' successfully

2018-12-14 11:14:14 - [TEST_CASE][PASSED] - Test Cases/Final Aug 2018 - PKS Automation/Registration Module/Log Out/log out avoiding katalon tagging: Test Cases/Final Aug 2018 - PKS Automation/Registration Module/Log Out/log out avoiding katalon tagging

2018-12-14 11:14:14 - [TEST_STEP][PASSED] - navigateToUrl: Navigate to 'https://assist2-uat.perkeso.gov.my/c/portal/logout' successfully

2018-12-14 11:14:17 - [MESSAGE][PASSED] - Navigate to 'https://assist2-uat.perkeso.gov.my/c/portal/logout' successfully

2018-12-14 11:14:17 - [MESSAGE][PASSED] - Call Test Case 'Test Cases/Final Aug 2018 - PKS Automation/Registration Module/Log Out/log out avoiding katalon tagging' successfully

2018-12-14 11:14:17 - [TEST_STEP][PASSED] - callTestCase: Call Test Case 'Test Cases/Final Aug 2018 - PKS Automation/Create Employer Acc/Login to Employer Account (Second time)' successfully

2018-12-14 11:14:17 - [TEST_CASE][PASSED] - Test Cases/Final Aug 2018 - PKS Automation/Create Employer Acc/Login to Employer Account (Second time): Test Cases/Final Aug 2018 - PKS Automation/Create Employer Acc/Login to Employer Account (Second time)

2018-12-14 11:14:17 - [TEST_STEP][PASSED] - openBrowser: Browser is opened with url: ''

2018-12-14 11:14:17 - [MESSAGE][WARNING] - A browser is already opened. Closing browser and opening a new one

2018-12-14 11:14:22 - [MESSAGE][PASSED] - Browser is opened with url: ''

2018-12-14 11:14:22 - [TEST_STEP][PASSED] - navigateToUrl: Navigate to 'https://assist2-uat.perkeso.gov.my/employer/login' successfully

2018-12-14 11:14:23 - [MESSAGE][PASSED] - Navigate to 'https://assist2-uat.perkeso.gov.my/employer/login' successfully

2018-12-14 11:14:23 - [TEST_STEP][PASSED] - delay: Delayed 3 second(s)

2018-12-14 11:14:26 - [MESSAGE][PASSED] - Delayed 3 second(s)

2018-12-14 11:14:26 - [TEST_STEP][PASSED] - callTestCase: Call Test Case 'Test Cases/Final Aug 2018 - PKS Automation/Create Employer Acc/Template/Employer Email Getter' successfully

2018-12-14 11:14:26 - [TEST_CASE][PASSED] - Test Cases/Final Aug 2018 - PKS Automation/Create Employer Acc/Template/Employer Email Getter: Test Cases/Final Aug 2018 - PKS Automation/Create Employer Acc/Template/Employer Email Getter

2018-12-14 11:14:26 - [TEST_STEP][PASSED] - Statement - Try: null

2018-12-14 11:14:26 - [TEST_STEP][PASSED] - Statement - EmpEmail = new java.io.File(C://Users//Admin//Desktop//PKS//Automation Reference Point//EmpEmail.txt): null

2018-12-14 11:14:26 - [TEST_STEP][PASSED] - Statement - bufferread = new java.io.BufferedReader(new java.io.FileReader(EmpEmail)): null

2018-12-14 11:14:26 - [TEST_STEP][PASSED] - Statement - readedVal = bufferread.readLine(): null

2018-12-14 11:14:26 - [TEST_STEP][PASSED] - Statement - out.println(readedVal): null

2018-12-14 11:14:26 - [TEST_STEP][PASSED] - Statement - Email = readedVal: null

2018-12-14 11:14:26 - [MESSAGE][PASSED] - Call Test Case 'Test Cases/Final Aug 2018 - PKS Automation/Create Employer Acc/Template/Employer Email Getter' successfully

2018-12-14 11:14:26 - [TEST_STEP][PASSED] - setText: Text 'perkeso956551846249@gmail.com' is set on object 'Object Repository/Final Object Repo/Login Page/External Login Page/Email'

2018-12-14 11:14:27 - [MESSAGE][PASSED] - Text 'perkeso956551846249@gmail.com' is set on object 'Object Repository/Final Object Repo/Login Page/External Login Page/Email'

2018-12-14 11:14:27 - [TEST_STEP][PASSED] - click: Object: 'Object Repository/Final Object Repo/Login Page/External Login Page/Next' is clicked on

2018-12-14 11:14:27 - [MESSAGE][PASSED] - Object: 'Object Repository/Final Object Repo/Login Page/External Login Page/Next' is clicked on

2018-12-14 11:14:27 - [TEST_STEP][PASSED] - delay: Delayed 3 second(s)

2018-12-14 11:14:30 - [MESSAGE][PASSED] - Delayed 3 second(s)

2018-12-14 11:14:30 - [TEST_STEP][PASSED] - setEncryptedText: Text ****** has been set on object 'Object Repository/Final Object Repo/Login Page/External Login Page/Password'

2018-12-14 11:14:30 - [MESSAGE][PASSED] - Text ****** has been set on object 'Object Repository/Final Object Repo/Login Page/External Login Page/Password'

2018-12-14 11:14:30 - [TEST_STEP][PASSED] - click: Object: 'Object Repository/Final Object Repo/Login Page/External Login Page/Login' is clicked on

2018-12-14 11:14:30 - [MESSAGE][PASSED] - Object: 'Object Repository/Final Object Repo/Login Page/External Login Page/Login' is clicked on

2018-12-14 11:14:30 - [TEST_STEP][PASSED] - delay: Delayed 5 second(s)

2018-12-14 11:14:35 - [MESSAGE][PASSED] - Delayed 5 second(s)

2018-12-14 11:14:35 - [MESSAGE][PASSED] - Call Test Case 'Test Cases/Final Aug 2018 - PKS Automation/Create Employer Acc/Login to Employer Account (Second time)' successfully

2018-12-14 11:14:35 - [TEST_STEP][PASSED] - delay: Delayed 4 second(s)

2018-12-14 11:14:39 - [MESSAGE][PASSED] - Delayed 4 second(s)

2018-12-14 11:14:39 - [TEST_STEP][PASSED] - Statement - Try: Delayed 2 second(s)

2018-12-14 11:14:39 - [TEST_STEP][PASSED] - Statement - Checker = false: null

2018-12-14 11:14:39 - [TEST_STEP][PASSED] - Statement - Checker = com.kms.katalon.core.webui.keyword.WebUiBuiltInKeywords.verifyElementHasAttribute(com.kms.katalon.core.testobject.ObjectRepository.findTestObject(Final Object Repo/Landing Page/BM Detecting), "href", 20, OPTIONAL): Object 'Object Repository/Final Object Repo/Landing Page/BM Detecting' has attribute 'href'

2018-12-14 11:14:39 - [MESSAGE][PASSED] - Object 'Object Repository/Final Object Repo/Landing Page/BM Detecting' has attribute 'href'

2018-12-14 11:14:39 - [TEST_STEP][PASSED] - Statement - out.println(Checker): null

2018-12-14 11:14:39 - [TEST_STEP][PASSED] - Statement - If (Checker == false): null

2018-12-14 11:14:39 - [TEST_STEP][PASSED] - Statement - Else: null

2018-12-14 11:14:39 - [TEST_STEP][PASSED] - delay: Delayed 2 second(s)

2018-12-14 11:14:41 - [MESSAGE][PASSED] - Delayed 2 second(s)

2018-12-14 11:14:41 - [TEST_STEP][PASSED] - delay: Delayed 4 second(s)

2018-12-14 11:14:45 - [MESSAGE][PASSED] - Delayed 4 second(s)

2018-12-14 11:14:45 - [TEST_STEP][PASSED] - click: Object: 'Object Repository/Final Object Repo/Landing Page/My Sites Drop Down' is clicked on

2018-12-14 11:14:45 - [MESSAGE][PASSED] - Object: 'Object Repository/Final Object Repo/Landing Page/My Sites Drop Down' is clicked on

2018-12-14 11:14:45 - [TEST_STEP][PASSED] - click: Object: 'Object Repository/Final Object Repo/Landing Page/Select to Registration Module' is clicked on

2018-12-14 11:14:48 - [MESSAGE][PASSED] - Object: 'Object Repository/Final Object Repo/Landing Page/Select to Registration Module' is clicked on

2018-12-14 11:14:48 - [TEST_STEP][PASSED] - click: Object: 'Object Repository/Final Object Repo/Landing Page/Registration Button' is clicked on

2018-12-14 11:14:50 - [MESSAGE][PASSED] - Object: 'Object Repository/Final Object Repo/Landing Page/Registration Button' is clicked on

2018-12-14 11:14:50 - [TEST_STEP][PASSED] - delay: Delayed 2 second(s)

2018-12-14 11:14:52 - [MESSAGE][PASSED] - Delayed 2 second(s)

2018-12-14 11:14:52 - [TEST_STEP][PASSED] - click: Object: 'Object Repository/Final Object Repo/New Registration - Registration Module Pages/New Reg - OTC to RO/Special Case - OTC - Form 1/AEC NO' is clicked on

2018-12-14 11:14:52 - [MESSAGE][PASSED] - Object: 'Object Repository/Final Object Repo/New Registration - Registration Module Pages/New Reg - OTC to RO/Special Case - OTC - Form 1/AEC NO' is clicked on

2018-12-14 11:14:52 - [TEST_STEP][PASSED] - click: Object: 'Object Repository/Final Object Repo/New Registration - Registration Module Pages/New Reg - OTC to RO/Special Case - OTC - Form 1/Business Entity - Please Select' is clicked on

2018-12-14 11:14:52 - [MESSAGE][PASSED] - Object: 'Object Repository/Final Object Repo/New Registration - Registration Module Pages/New Reg - OTC to RO/Special Case - OTC - Form 1/Business Entity - Please Select' is clicked on

2018-12-14 11:14:52 - [TEST_STEP][PASSED] - click: Object: 'Object Repository/Final Object Repo/New Registration - Registration Module Pages/New Reg - OTC to RO/Special Case - OTC - Form 1/Selected - Corporation' is clicked on

2018-12-14 11:14:52 - [MESSAGE][PASSED] - Object: 'Object Repository/Final Object Repo/New Registration - Registration Module Pages/New Reg - OTC to RO/Special Case - OTC - Form 1/Selected - Corporation' is clicked on

2018-12-14 11:14:52 - [TEST_STEP][PASSED] - delay: Delayed 2 second(s)

2018-12-14 11:14:54 - [MESSAGE][PASSED] - Delayed 2 second(s)

2018-12-14 11:14:54 - [TEST_STEP][PASSED] - click: Object: 'Object Repository/Final Object Repo/New Registration - Registration Module Pages/New Reg - OTC to RO/Special Case - OTC - Form 1/Sub Business Entity - Please Select' is clicked on

2018-12-14 11:14:55 - [MESSAGE][PASSED] - Object: 'Object Repository/Final Object Repo/New Registration - Registration Module Pages/New Reg - OTC to RO/Special Case - OTC - Form 1/Sub Business Entity - Please Select' is clicked on

2018-12-14 11:14:55 - [TEST_STEP][PASSED] - delay: Delayed 2 second(s)

2018-12-14 11:14:57 - [MESSAGE][PASSED] - Delayed 2 second(s)

2018-12-14 11:14:57 - [TEST_STEP][PASSED] - click: Object: 'Object Repository/Final Object Repo/New Registration - Registration Module Pages/New Reg - OTC to RO/Special Case - OTC - Form 1/Selected - Sendirian Berhad' is clicked on

2018-12-14 11:14:57 - [MESSAGE][PASSED] - Object: 'Object Repository/Final Object Repo/New Registration - Registration Module Pages/New Reg - OTC to RO/Special Case - OTC - Form 1/Selected - Sendirian Berhad' is clicked on

2018-12-14 11:14:57 - [TEST_STEP][PASSED] - setText: Text 'AUTOMATE001' is set on object 'Object Repository/Final Object Repo/New Registration - Registration Module Pages/New Reg - OTC to RO/Special Case - OTC - Form 1/Input BRN Number'

2018-12-14 11:14:57 - [MESSAGE][PASSED] - Text 'AUTOMATE001' is set on object 'Object Repository/Final Object Repo/New Registration - Registration Module Pages/New Reg - OTC to RO/Special Case - OTC - Form 1/Input BRN Number'

2018-12-14 11:14:57 - [TEST_STEP][PASSED] - delay: Delayed 2 second(s)

2018-12-14 11:14:59 - [MESSAGE][PASSED] - Delayed 2 second(s)

2018-12-14 11:14:59 - [TEST_STEP][PASSED] - click: Object: 'Object Repository/Final Object Repo/New Registration - Registration Module Pages/New Reg - OTC to RO/Special Case - OTC - Form 1/BRN Search' is clicked on

2018-12-14 11:14:59 - [MESSAGE][PASSED] - Object: 'Object Repository/Final Object Repo/New Registration - Registration Module Pages/New Reg - OTC to RO/Special Case - OTC - Form 1/BRN Search' is clicked on

2018-12-14 11:14:59 - [TEST_STEP][PASSED] - delay: Delayed 4 second(s)

2018-12-14 11:15:03 - [MESSAGE][PASSED] - Delayed 4 second(s)

2018-12-14 11:15:03 - [TEST_STEP][PASSED] - click: Object: 'Object Repository/Final Object Repo/New Registration - Registration Module Pages/New Reg - OTC to RO/Special Case - OTC - Form 1/Registered with SSM - After Feb 2017' is clicked on

2018-12-14 11:15:04 - [MESSAGE][PASSED] - Object: 'Object Repository/Final Object Repo/New Registration - Registration Module Pages/New Reg - OTC to RO/Special Case - OTC - Form 1/Registered with SSM - After Feb 2017' is clicked on

2018-12-14 11:15:04 - [TEST_STEP][PASSED] - delay: Delayed 2 second(s)

2018-12-14 11:15:06 - [MESSAGE][PASSED] - Delayed 2 second(s)

2018-12-14 11:15:06 - [TEST_STEP][PASSED] - click: Object: 'Object Repository/Final Object Repo/New Registration - Registration Module Pages/Form 1/Registered As a Branch - Yes' is clicked on

2018-12-14 11:15:06 - [MESSAGE][PASSED] - Object: 'Object Repository/Final Object Repo/New Registration - Registration Module Pages/Form 1/Registered As a Branch - Yes' is clicked on

2018-12-14 11:15:06 - [TEST_STEP][PASSED] - click: Object: 'Object Repository/Final Object Repo/New Registration - Registration Module Pages/New Reg - OTC to RO/Special Case - OTC - Form 1/Acknowledgement Ticked' is clicked on

2018-12-14 11:15:06 - [MESSAGE][PASSED] - Object: 'Object Repository/Final Object Repo/New Registration - Registration Module Pages/New Reg - OTC to RO/Special Case - OTC - Form 1/Acknowledgement Ticked' is clicked on

2018-12-14 11:15:06 - [TEST_STEP][PASSED] - setText: Text 'perkeso956551846249@gmail.com' is set on object 'Object Repository/Final Object Repo/New Registration - Registration Module Pages/Form 1/Email'

2018-12-14 11:15:07 - [MESSAGE][PASSED] - Text 'perkeso956551846249@gmail.com' is set on object 'Object Repository/Final Object Repo/New Registration - Registration Module Pages/Form 1/Email'

2018-12-14 11:15:07 - [TEST_STEP][PASSED] - click: Object: 'Object Repository/Final Object Repo/New Registration - Registration Module Pages/New Reg - OTC to RO/Special Case - OTC - Form 1/Submit Button' is clicked on

2018-12-14 11:15:07 - [MESSAGE][PASSED] - Object: 'Object Repository/Final Object Repo/New Registration - Registration Module Pages/New Reg - OTC to RO/Special Case - OTC - Form 1/Submit Button' is clicked on

2018-12-14 11:15:07 - [TEST_STEP][PASSED] - callTestCase: Call Test Case 'Test Cases/Final Aug 2018 - PKS Automation/Registration Module/New Registration/Form 2/Add 1 Eligible - Employer Account Use' successfully

2018-12-14 11:15:07 - [TEST_CASE][PASSED] - Test Cases/Final Aug 2018 - PKS Automation/Registration Module/New Registration/Form 2/Add 1 Eligible - Employer Account Use: Test Cases/Final Aug 2018 - PKS Automation/Registration Module/New Registration/Form 2/Add 1 Eligible - Employer Account Use

2018-12-14 11:15:07 - [TEST_STEP][PASSED] - delay: Delayed 2 second(s)

2018-12-14 11:15:09 - [MESSAGE][PASSED] - Delayed 2 second(s)

2018-12-14 11:15:09 - [TEST_STEP][PASSED] - callTestCase: Call Test Case 'Test Cases/Final Aug 2018 - PKS Automation/Registration Module/New Registration/Form 2/Date Updater' successfully

2018-12-14 11:15:09 - [TEST_CASE][PASSED] - Test Cases/Final Aug 2018 - PKS Automation/Registration Module/New Registration/Form 2/Date Updater: Test Cases/Final Aug 2018 - PKS Automation/Registration Module/New Registration/Form 2/Date Updater

2018-12-14 11:15:09 - [TEST_STEP][PASSED] - Statement - TodayDate = new java.util.Date(): null

2018-12-14 11:15:09 - [TEST_STEP][PASSED] - Statement - CurrentDateNoFilter = new java.text.SimpleDateFormat(): null

2018-12-14 11:15:09 - [TEST_STEP][PASSED] - Statement - CurrentDateNoFilter.applyPattern("MM"): null

2018-12-14 11:15:09 - [TEST_STEP][PASSED] - Statement - monthContainerMatcher = java.lang.Integer.parseInt(CurrentDateNoFilter.format(TodayDate)): null

2018-12-14 11:15:09 - [TEST_STEP][PASSED] - Statement - monthContainerMatcher = monthContainerMatcher - 1: null

2018-12-14 11:15:09 - [TEST_STEP][PASSED] - Statement - CurrentMonth = monthContainerMatcher.toString(): null

2018-12-14 11:15:09 - [TEST_STEP][PASSED] - Statement - CurrentMonth = CurrentMonth: null

2018-12-14 11:15:09 - [TEST_STEP][PASSED] - Statement - CurrentDateNoFilter.applyPattern("yyyy"): null

2018-12-14 11:15:09 - [TEST_STEP][PASSED] - Statement - CurrentYear = CurrentDateNoFilter.format(TodayDate): null

2018-12-14 11:15:09 - [TEST_STEP][PASSED] - Statement - CurrentYear = CurrentYear: null

2018-12-14 11:15:09 - [TEST_STEP][PASSED] - Statement - intCurrentYear = java.lang.Integer.parseInt(CurrentDateNoFilter.format(TodayDate)): null

2018-12-14 11:15:09 - [TEST_STEP][PASSED] - Statement - eighteenYrsAgo = intCurrentYear - 18: null

2018-12-14 11:15:09 - [TEST_STEP][PASSED] - Statement - eighteenYrsBeforeThisYr = eighteenYrsAgo.toString(): null

2018-12-14 11:15:09 - [TEST_STEP][PASSED] - Statement - EighteenYrsBefore = eighteenYrsBeforeThisYr: null

2018-12-14 11:15:09 - [TEST_STEP][PASSED] - Statement - fiftysevenYrsAgo = intCurrentYear - 57: null

2018-12-14 11:15:09 - [TEST_STEP][PASSED] - Statement - fiftysevenYrsBeforeThisYr = fiftysevenYrsAgo.toString(): null

2018-12-14 11:15:09 - [TEST_STEP][PASSED] - Statement - FiftysevenYrsBefore = fiftysevenYrsBeforeThisYr: null

2018-12-14 11:15:09 - [TEST_STEP][PASSED] - Statement - leapYear = false: null

2018-12-14 11:15:09 - [TEST_STEP][PASSED] - Statement - leapYear = intCurrentYear % 4 == 0: null

2018-12-14 11:15:09 - [TEST_STEP][PASSED] - Statement - CurrentDateNoFilter.applyPattern("dd"): null

2018-12-14 11:15:09 - [TEST_STEP][PASSED] - Statement - CurrentDate = CurrentDateNoFilter.format(TodayDate): null

2018-12-14 11:15:09 - [TEST_STEP][PASSED] - Statement - CurrentDate = java.lang.Integer.parseInt(CurrentDate): null

2018-12-14 11:15:09 - [TEST_STEP][PASSED] - Statement - CurrentDate = CurrentDate: null

2018-12-14 11:15:09 - [TEST_STEP][PASSED] - Statement - CurrentDay = java.lang.Integer.parseInt(CurrentDate): null

2018-12-14 11:15:09 - [TEST_STEP][PASSED] - Statement - ConfAdder = <not implemented yet for class: org.codehaus.groovy.ast.expr.EmptyExpression>: null

2018-12-14 11:15:09 - [TEST_STEP][PASSED] - Statement - out.println(CurrentMonth): null

2018-12-14 11:15:09 - [TEST_STEP][PASSED] - Statement - out.println(CurrentDate): null

2018-12-14 11:15:09 - [TEST_STEP][PASSED] - Statement - switch (CurrentDate): null

2018-12-14 11:15:09 - [TEST_STEP][PASSED] - Statement - Default: null

2018-12-14 11:15:09 - [TEST_STEP][PASSED] - Statement - ConfAdder = true: null

2018-12-14 11:15:09 - [TEST_STEP][PASSED] - Statement - Break: null

2018-12-14 11:15:09 - [TEST_STEP][PASSED] - Statement - aDayBefore = <not implemented yet for class: org.codehaus.groovy.ast.expr.EmptyExpression>: null

2018-12-14 11:15:09 - [TEST_STEP][PASSED] - Statement - out.println(ConfAdder): null

2018-12-14 11:15:09 - [TEST_STEP][PASSED] - Statement - If (ConfAdder == true): null

2018-12-14 11:15:09 - [TEST_STEP][PASSED] - Statement - aDayBefore = CurrentDay + 1: null

2018-12-14 11:15:09 - [TEST_STEP][PASSED] - Statement - out.println(aDayBefore): null

2018-12-14 11:15:09 - [TEST_STEP][PASSED] - Statement - If (aDayBefore == 1 && CurrentMonth == 11): null

2018-12-14 11:15:09 - [TEST_STEP][PASSED] - Statement - DayBefore = aDayBefore.toString(): null

2018-12-14 11:15:09 - [TEST_STEP][PASSED] - Statement - OneDayBefore = DayBefore: null

2018-12-14 11:15:09 - [MESSAGE][PASSED] - Call Test Case 'Test Cases/Final Aug 2018 - PKS Automation/Registration Module/New Registration/Form 2/Date Updater' successfully

2018-12-14 11:15:09 - [TEST_STEP][PASSED] - delay: Delayed 1 second(s)

2018-12-14 11:15:10 - [MESSAGE][PASSED] - Delayed 1 second(s)

2018-12-14 11:15:10 - [TEST_STEP][PASSED] - Statement - CaseReferenceNo = com.kms.katalon.core.webui.keyword.WebUiBuiltInKeywords.getText(com.kms.katalon.core.testobject.ObjectRepository.findTestObject(Final Object Repo/New Registration - Registration Module Pages/Form 2/RefNo Acquiring)): Text of object 'Object Repository/Final Object Repo/New Registration - Registration Module Pages/Form 2/RefNo Acquiring' is: 'CRN12201800123335'

2018-12-14 11:15:10 - [MESSAGE][PASSED] - Text of object 'Object Repository/Final Object Repo/New Registration - Registration Module Pages/Form 2/RefNo Acquiring' is: 'CRN12201800123335'

2018-12-14 11:15:10 - [TEST_STEP][PASSED] - delay: Delayed 1 second(s)

2018-12-14 11:15:11 - [MESSAGE][PASSED] - Delayed 1 second(s)

2018-12-14 11:15:11 - [TEST_STEP][PASSED] - click: Object: 'Object Repository/Final Object Repo/New Registration - Registration Module Pages/Form 2/Add Employee Button' is clicked on

2018-12-14 11:15:11 - [MESSAGE][PASSED] - Object: 'Object Repository/Final Object Repo/New Registration - Registration Module Pages/Form 2/Add Employee Button' is clicked on

2018-12-14 11:15:11 - [TEST_STEP][PASSED] - delay: Delayed 1 second(s)

2018-12-14 11:15:12 - [MESSAGE][PASSED] - Delayed 1 second(s)

2018-12-14 11:15:12 - [TEST_STEP][PASSED] - setText: Text '010903091948' is set on object 'Object Repository/Final Object Repo/New Registration - Registration Module Pages/Form 2/NRIC Input'

2018-12-14 11:15:13 - [MESSAGE][PASSED] - Text '010903091948' is set on object 'Object Repository/Final Object Repo/New Registration - Registration Module Pages/Form 2/NRIC Input'

2018-12-14 11:15:13 - [TEST_STEP][PASSED] - delay: Delayed 2 second(s)

2018-12-14 11:15:15 - [MESSAGE][PASSED] - Delayed 2 second(s)

2018-12-14 11:15:15 - [TEST_STEP][PASSED] - setText: Text 'Automate001 eligible 1' is set on object 'Object Repository/Final Object Repo/New Registration - Registration Module Pages/Form 2/Employee Name Input'

2018-12-14 11:15:15 - [MESSAGE][PASSED] - Text 'Automate001 eligible 1' is set on object 'Object Repository/Final Object Repo/New Registration - Registration Module Pages/Form 2/Employee Name Input'

2018-12-14 11:15:15 - [TEST_STEP][PASSED] - delay: Delayed 2 second(s)

2018-12-14 11:15:17 - [MESSAGE][PASSED] - Delayed 2 second(s)

2018-12-14 11:15:17 - [TEST_STEP][PASSED] - click: Object: 'Object Repository/Final Object Repo/New Registration - Registration Module Pages/Form 2/DatePicker Pop Up' is clicked on

2018-12-14 11:15:17 - [MESSAGE][PASSED] - Object: 'Object Repository/Final Object Repo/New Registration - Registration Module Pages/Form 2/DatePicker Pop Up' is clicked on

2018-12-14 11:15:17 - [TEST_STEP][PASSED] - click: Object: 'Object Repository/Final Object Repo/New Registration - Registration Module Pages/Form 2/DOB Month' is clicked on

2018-12-14 11:15:18 - [MESSAGE][PASSED] - Object: 'Object Repository/Final Object Repo/New Registration - Registration Module Pages/Form 2/DOB Month' is clicked on

2018-12-14 11:15:18 - [TEST_STEP][PASSED] - Statement - CurrentMonth = CurrentMonth: null

2018-12-14 11:15:18 - [TEST_STEP][PASSED] - Statement - selectMonth = new com.kms.katalon.core.testobject.TestObject(): null

2018-12-14 11:15:18 - [TEST_STEP][PASSED] - Statement - selectMonth.addProperty("xpath", EQUALS, "//body/div/div/div/select/option[@value='" + CurrentMonth + "']", true): null

2018-12-14 11:15:18 - [TEST_STEP][PASSED] - click: Object: '' is clicked on

2018-12-14 11:15:18 - [MESSAGE][PASSED] - Object: '' is clicked on

2018-12-14 11:15:18 - [TEST_STEP][PASSED] - click: Object: 'Object Repository/Final Object Repo/New Registration - Registration Module Pages/Form 2/DOB Year' is clicked on

2018-12-14 11:15:18 - [MESSAGE][PASSED] - Object: 'Object Repository/Final Object Repo/New Registration - Registration Module Pages/Form 2/DOB Year' is clicked on

2018-12-14 11:15:18 - [TEST_STEP][PASSED] - Statement - Eyearsbf = EighteenYrsBefore: null

2018-12-14 11:15:18 - [TEST_STEP][PASSED] - Statement - selectYear = new com.kms.katalon.core.testobject.TestObject(): null

2018-12-14 11:15:18 - [TEST_STEP][PASSED] - Statement - selectYear.addProperty("xpath", EQUALS, "//div/div/div/select/option[@value='" + Eyearsbf + "']", true): null

2018-12-14 11:15:18 - [TEST_STEP][PASSED] - click: Object: '' is clicked on

2018-12-14 11:15:18 - [MESSAGE][PASSED] - Object: '' is clicked on

2018-12-14 11:15:18 - [TEST_STEP][PASSED] - Statement - UpdatedSelectDate = com.kms.katalon.core.webui.keyword.WebUiBuiltInKeywords.modifyObjectProperty(com.kms.katalon.core.testobject.ObjectRepository.findTestObject(Final Object Repo/New Registration - Registration Module Pages/Form 2/DOB Date), "xpath", "equals", "//body/div/table/tbody/tr/td/a[text()="" + CurrentDate + ""]", true): Modify property of object successfully

2018-12-14 11:15:18 - [MESSAGE][PASSED] - Modify property of object successfully

2018-12-14 11:15:18 - [TEST_STEP][PASSED] - delay: Delayed 3 second(s)

2018-12-14 11:15:21 - [MESSAGE][PASSED] - Delayed 3 second(s)

2018-12-14 11:15:21 - [TEST_STEP][PASSED] - click: Object: 'Object Repository/Final Object Repo/New Registration - Registration Module Pages/Form 2/DOB Date' is clicked on

2018-12-14 11:15:21 - [MESSAGE][PASSED] - Object: 'Object Repository/Final Object Repo/New Registration - Registration Module Pages/Form 2/DOB Date' is clicked on

2018-12-14 11:15:21 - [TEST_STEP][PASSED] - delay: Delayed 2 second(s)

2018-12-14 11:15:23 - [MESSAGE][PASSED] - Delayed 2 second(s)

2018-12-14 11:15:23 - [TEST_STEP][PASSED] - click: Object: 'Object Repository/Final Object Repo/New Registration - Registration Module Pages/Form 2/EmploymentStartDate Pop Up' is clicked on

2018-12-14 11:15:23 - [MESSAGE][PASSED] - Object: 'Object Repository/Final Object Repo/New Registration - Registration Module Pages/Form 2/EmploymentStartDate Pop Up' is clicked on

2018-12-14 11:15:23 - [TEST_STEP][PASSED] - delay: Delayed 2 second(s)

2018-12-14 11:15:25 - [MESSAGE][PASSED] - Delayed 2 second(s)

2018-12-14 11:15:25 - [TEST_STEP][PASSED] - click: Object: 'Object Repository/Final Object Repo/New Registration - Registration Module Pages/Form 2/Socso Employment StartDate Month' is clicked on

2018-12-14 11:15:26 - [MESSAGE][PASSED] - Object: 'Object Repository/Final Object Repo/New Registration - Registration Module Pages/Form 2/Socso Employment StartDate Month' is clicked on

2018-12-14 11:15:26 - [TEST_STEP][PASSED] - delay: Delayed 1 second(s)

2018-12-14 11:15:27 - [MESSAGE][PASSED] - Delayed 1 second(s)

2018-12-14 11:15:27 - [TEST_STEP][PASSED] - click: Object: 'Object Repository/Final Object Repo/New Registration - Registration Module Pages/Form 2/Select Socso Employement Startdate Month' is clicked on

2018-12-14 11:15:27 - [MESSAGE][PASSED] - Object: 'Object Repository/Final Object Repo/New Registration - Registration Module Pages/Form 2/Select Socso Employement Startdate Month' is clicked on

2018-12-14 11:15:27 - [TEST_STEP][PASSED] - delay: Delayed 2 second(s)

2018-12-14 11:15:29 - [MESSAGE][PASSED] - Delayed 2 second(s)

2018-12-14 11:15:29 - [TEST_STEP][PASSED] - click: Object: 'Object Repository/Final Object Repo/New Registration - Registration Module Pages/Form 2/Socso Employment StartDate Year' is clicked on

2018-12-14 11:15:29 - [MESSAGE][PASSED] - Object: 'Object Repository/Final Object Repo/New Registration - Registration Module Pages/Form 2/Socso Employment StartDate Year' is clicked on

2018-12-14 11:15:29 - [TEST_STEP][PASSED] - delay: Delayed 1 second(s)

2018-12-14 11:15:30 - [MESSAGE][PASSED] - Delayed 1 second(s)

2018-12-14 11:15:30 - [TEST_STEP][PASSED] - click: Object: 'Object Repository/Final Object Repo/New Registration - Registration Module Pages/Form 2/Select Socso Employment Startdate Year' is clicked on

2018-12-14 11:15:30 - [MESSAGE][PASSED] - Object: 'Object Repository/Final Object Repo/New Registration - Registration Module Pages/Form 2/Select Socso Employment Startdate Year' is clicked on

2018-12-14 11:15:30 - [TEST_STEP][PASSED] - delay: Delayed 2 second(s)

2018-12-14 11:15:32 - [MESSAGE][PASSED] - Delayed 2 second(s)

2018-12-14 11:15:32 - [TEST_STEP][PASSED] - click: Object: 'Object Repository/Final Object Repo/New Registration - Registration Module Pages/Form 2/Socso Employment Start Date Day' is clicked on

2018-12-14 11:15:32 - [MESSAGE][PASSED] - Object: 'Object Repository/Final Object Repo/New Registration - Registration Module Pages/Form 2/Socso Employment Start Date Day' is clicked on

2018-12-14 11:15:32 - [TEST_STEP][PASSED] - delay: Delayed 2 second(s)

2018-12-14 11:15:34 - [MESSAGE][PASSED] - Delayed 2 second(s)

2018-12-14 11:15:34 - [TEST_STEP][PASSED] - click: Object: 'Object Repository/Final Object Repo/New Registration - Registration Module Pages/Form 2/Save Button for Add Employee' is clicked on

2018-12-14 11:15:35 - [MESSAGE][PASSED] - Object: 'Object Repository/Final Object Repo/New Registration - Registration Module Pages/Form 2/Save Button for Add Employee' is clicked on

2018-12-14 11:15:35 - [TEST_STEP][PASSED] - delay: Delayed 6 second(s)

2018-12-14 11:15:41 - [MESSAGE][PASSED] - Delayed 6 second(s)

2018-12-14 11:15:41 - [TEST_STEP][PASSED] - click: Object: 'Object Repository/Final Object Repo/New Registration - Registration Module Pages/Form 2/Save and Continue Form 2' is clicked on

2018-12-14 11:15:41 - [MESSAGE][PASSED] - Object: 'Object Repository/Final Object Repo/New Registration - Registration Module Pages/Form 2/Save and Continue Form 2' is clicked on

2018-12-14 11:15:41 - [MESSAGE][PASSED] - Call Test Case 'Test Cases/Final Aug 2018 - PKS Automation/Registration Module/New Registration/Form 2/Add 1 Eligible - Employer Account Use' successfully

2018-12-14 11:15:41 - [TEST_STEP][PASSED] - callTestCase: Call Test Case 'Test Cases/Final Aug 2018 - PKS Automation/Registration Module/New Registration/Flow of New Registration/Third Screen - Upload Supporting Doc - Preview' successfully

2018-12-14 11:15:41 - [TEST_CASE][PASSED] - Test Cases/Final Aug 2018 - PKS Automation/Registration Module/New Registration/Flow of New Registration/Third Screen - Upload Supporting Doc - Preview: Test Cases/Final Aug 2018 - PKS Automation/Registration Module/New Registration/Flow of New Registration/Third Screen - Upload Supporting Doc - Preview

2018-12-14 11:15:41 - [TEST_STEP][PASSED] - waitForPageLoad: Wait for page load successfully

2018-12-14 11:15:42 - [MESSAGE][PASSED] - Wait for page load successfully

2018-12-14 11:15:42 - [TEST_STEP][PASSED] - Statement - CaseReferenceNo = com.kms.katalon.core.webui.keyword.WebUiBuiltInKeywords.getText(com.kms.katalon.core.testobject.ObjectRepository.findTestObject(Final Object Repo/New Registration - Registration Module Pages/Third Screen - Upload Supporting Doc- Preview/RefNo Acquiring)): Text of object 'Object Repository/Final Object Repo/New Registration - Registration Module Pages/Third Screen - Upload Supporting Doc- Preview/RefNo Acquiring' is: 'CRN12201800123335'

2018-12-14 11:15:42 - [MESSAGE][PASSED] - Text of object 'Object Repository/Final Object Repo/New Registration - Registration Module Pages/Third Screen - Upload Supporting Doc- Preview/RefNo Acquiring' is: 'CRN12201800123335'

2018-12-14 11:15:42 - [TEST_STEP][PASSED] - delay: Delayed 2 second(s)

2018-12-14 11:15:44 - [MESSAGE][PASSED] - Delayed 2 second(s)

2018-12-14 11:15:44 - [TEST_STEP][PASSED] - callTestCase: Call Test Case 'Test Cases/Final Aug 2018 - PKS Automation/Common/Reference Number Setter' successfully

2018-12-14 11:15:44 - [TEST_CASE][PASSED] - Test Cases/Final Aug 2018 - PKS Automation/Common/Reference Number Setter: Test Cases/Final Aug 2018 - PKS Automation/Common/Reference Number Setter

2018-12-14 11:15:44 - [TEST_STEP][PASSED] - Statement - RefNoOldFile = new java.io.File(C://Users//Admin//Desktop//PKS//Automation Reference Point//KatalonReference.txt): null

2018-12-14 11:15:44 - [TEST_STEP][PASSED] - Statement - RefNoOldFile.delete(): null

2018-12-14 11:15:44 - [TEST_STEP][PASSED] - delay: Delayed 5 second(s)

2018-12-14 11:15:49 - [MESSAGE][PASSED] - Delayed 5 second(s)

2018-12-14 11:15:49 - [TEST_STEP][PASSED] - Statement - RefNo = new java.io.File(C://Users//Admin//Desktop//PKS//Automation Reference Point//KatalonReference.txt): null

2018-12-14 11:15:49 - [TEST_STEP][PASSED] - Statement - f2 = new java.io.FileWriter(RefNo, false): null

2018-12-14 11:15:49 - [TEST_STEP][PASSED] - Statement - f2.write(CaseReferenceNo): null

2018-12-14 11:15:49 - [TEST_STEP][PASSED] - Statement - f2.close(): null

2018-12-14 11:15:49 - [TEST_STEP][PASSED] - Statement - out.println("


" + CaseReferenceNo + "


"): null

2018-12-14 11:15:49 - [MESSAGE][PASSED] - Call Test Case 'Test Cases/Final Aug 2018 - PKS Automation/Common/Reference Number Setter' successfully

2018-12-14 11:15:49 - [TEST_STEP][PASSED] - waitForElementClickable: Object 'Object Repository/Final Object Repo/New Registration - Registration Module Pages/Third Screen - Upload Supporting Doc- Preview/Save n Continue in SIP Employee Listing Page' is clickable

2018-12-14 11:15:49 - [MESSAGE][PASSED] - Object 'Object Repository/Final Object Repo/New Registration - Registration Module Pages/Third Screen - Upload Supporting Doc- Preview/Save n Continue in SIP Employee Listing Page' is clickable

2018-12-14 11:15:49 - [TEST_STEP][PASSED] - click: Object: 'Object Repository/Final Object Repo/New Registration - Registration Module Pages/Third Screen - Upload Supporting Doc- Preview/Save n Continue in SIP Employee Listing Page' is clicked on

2018-12-14 11:15:54 - [MESSAGE][PASSED] - Object: 'Object Repository/Final Object Repo/New Registration - Registration Module Pages/Third Screen - Upload Supporting Doc- Preview/Save n Continue in SIP Employee Listing Page' is clicked on

2018-12-14 11:15:54 - [TEST_STEP][PASSED] - delay: Delayed 7 second(s)

2018-12-14 11:16:01 - [MESSAGE][PASSED] - Delayed 7 second(s)

2018-12-14 11:16:01 - [TEST_STEP][PASSED] - click: Object: 'Object Repository/Final Object Repo/New Registration - Registration Module Pages/Third Screen - Upload Supporting Doc- Preview/Add Document Button' is clicked on

2018-12-14 11:16:01 - [MESSAGE][PASSED] - Object: 'Object Repository/Final Object Repo/New Registration - Registration Module Pages/Third Screen - Upload Supporting Doc- Preview/Add Document Button' is clicked on

2018-12-14 11:16:01 - [TEST_STEP][PASSED] - delay: Delayed 30 second(s)

2018-12-14 11:16:31 - [MESSAGE][PASSED] - Delayed 30 second(s)

2018-12-14 11:16:31 - [TEST_STEP][PASSED] - click: Object: 'Object Repository/Final Object Repo/New Registration - Registration Module Pages/Third Screen - Upload Supporting Doc- Preview/Supporting Doc Please Select Drop Down' is clicked on

2018-12-14 11:16:31 - [MESSAGE][PASSED] - Object: 'Object Repository/Final Object Repo/New Registration - Registration Module Pages/Third Screen - Upload Supporting Doc- Preview/Supporting Doc Please Select Drop Down' is clicked on

2018-12-14 11:16:31 - [TEST_STEP][PASSED] - delay: Delayed 2 second(s)

2018-12-14 11:16:33 - [MESSAGE][PASSED] - Delayed 2 second(s)

2018-12-14 11:16:33 - [TEST_STEP][PASSED] - click: Object: 'Object Repository/Final Object Repo/New Registration - Registration Module Pages/Third Screen - Upload Supporting Doc- Preview/Select to Upload Form 1' is clicked on

2018-12-14 11:16:34 - [MESSAGE][PASSED] - Object: 'Object Repository/Final Object Repo/New Registration - Registration Module Pages/Third Screen - Upload Supporting Doc- Preview/Select to Upload Form 1' is clicked on

2018-12-14 11:16:34 - [TEST_STEP][PASSED] - delay: Delayed 2 second(s)

2018-12-14 11:16:36 - [MESSAGE][PASSED] - Delayed 2 second(s)

2018-12-14 11:16:36 - [TEST_STEP][PASSED] - uploadFile: File 'C:\Users\Public\Pictures\Sample Pictures\Koala.jpg' sent to object: 'Object Repository/Final Object Repo/New Registration - Registration Module Pages/Third Screen - Upload Supporting Doc- Preview/Upload File Adding'

2018-12-14 11:16:36 - [MESSAGE][PASSED] - File 'C:\Users\Public\Pictures\Sample Pictures\Koala.jpg' sent to object: 'Object Repository/Final Object Repo/New Registration - Registration Module Pages/Third Screen - Upload Supporting Doc- Preview/Upload File Adding'

2018-12-14 11:16:36 - [TEST_STEP][PASSED] - delay: Delayed 5 second(s)

2018-12-14 11:16:41 - [MESSAGE][PASSED] - Delayed 5 second(s)

2018-12-14 11:16:41 - [TEST_STEP][PASSED] - click: Object: 'Object Repository/Final Object Repo/New Registration - Registration Module Pages/Third Screen - Upload Supporting Doc- Preview/Inner Form Add Document Button' is clicked on

2018-12-14 11:16:41 - [MESSAGE][PASSED] - Object: 'Object Repository/Final Object Repo/New Registration - Registration Module Pages/Third Screen - Upload Supporting Doc- Preview/Inner Form Add Document Button' is clicked on

2018-12-14 11:16:41 - [TEST_STEP][PASSED] - delay: Delayed 3 second(s)

2018-12-14 11:16:44 - [MESSAGE][PASSED] - Delayed 3 second(s)

2018-12-14 11:16:44 - [TEST_STEP][PASSED] - click: Object: 'Object Repository/Final Object Repo/New Registration - Registration Module Pages/Third Screen - Upload Supporting Doc- Preview/Add Document Button' is clicked on

2018-12-14 11:16:45 - [MESSAGE][PASSED] - Object: 'Object Repository/Final Object Repo/New Registration - Registration Module Pages/Third Screen - Upload Supporting Doc- Preview/Add Document Button' is clicked on

2018-12-14 11:16:45 - [TEST_STEP][PASSED] - delay: Delayed 30 second(s)

2018-12-14 11:17:15 - [MESSAGE][PASSED] - Delayed 30 second(s)

2018-12-14 11:17:15 - [TEST_STEP][PASSED] - click: Object: 'Object Repository/Final Object Repo/New Registration - Registration Module Pages/Third Screen - Upload Supporting Doc- Preview/Supporting Doc Please Select Drop Down' is clicked on

2018-12-14 11:17:15 - [MESSAGE][PASSED] - Object: 'Object Repository/Final Object Repo/New Registration - Registration Module Pages/Third Screen - Upload Supporting Doc- Preview/Supporting Doc Please Select Drop Down' is clicked on

2018-12-14 11:17:15 - [TEST_STEP][PASSED] - delay: Delayed 4 second(s)

2018-12-14 11:17:19 - [MESSAGE][PASSED] - Delayed 4 second(s)

2018-12-14 11:17:19 - [TEST_STEP][PASSED] - click: Object: 'Object Repository/Final Object Repo/New Registration - Registration Module Pages/Third Screen - Upload Supporting Doc- Preview/Select to Upload Form 2' is clicked on

2018-12-14 11:17:20 - [MESSAGE][PASSED] - Object: 'Object Repository/Final Object Repo/New Registration - Registration Module Pages/Third Screen - Upload Supporting Doc- Preview/Select to Upload Form 2' is clicked on

2018-12-14 11:17:20 - [TEST_STEP][PASSED] - delay: Delayed 2 second(s)

2018-12-14 11:17:22 - [MESSAGE][PASSED] - Delayed 2 second(s)

2018-12-14 11:17:22 - [TEST_STEP][PASSED] - uploadFile: File 'C:\Users\Public\Pictures\Sample Pictures\Koala.jpg' sent to object: 'Object Repository/Final Object Repo/New Registration - Registration Module Pages/Third Screen - Upload Supporting Doc- Preview/Upload File Adding'

2018-12-14 11:17:22 - [MESSAGE][PASSED] - File 'C:\Users\Public\Pictures\Sample Pictures\Koala.jpg' sent to object: 'Object Repository/Final Object Repo/New Registration - Registration Module Pages/Third Screen - Upload Supporting Doc- Preview/Upload File Adding'

2018-12-14 11:17:22 - [TEST_STEP][PASSED] - click: Object: 'Object Repository/Final Object Repo/New Registration - Registration Module Pages/Third Screen - Upload Supporting Doc- Preview/Inner Form Add Document Button' is clicked on

2018-12-14 11:17:22 - [MESSAGE][PASSED] - Object: 'Object Repository/Final Object Repo/New Registration - Registration Module Pages/Third Screen - Upload Supporting Doc- Preview/Inner Form Add Document Button' is clicked on

2018-12-14 11:17:22 - [TEST_STEP][PASSED] - delay: Delayed 5 second(s)

2018-12-14 11:17:27 - [MESSAGE][PASSED] - Delayed 5 second(s)

2018-12-14 11:17:27 - [TEST_STEP][PASSED] - click: Object: 'Object Repository/Final Object Repo/New Registration - Registration Module Pages/Third Screen - Upload Supporting Doc- Preview/Add Document Button' is clicked on

2018-12-14 11:17:27 - [MESSAGE][PASSED] - Object: 'Object Repository/Final Object Repo/New Registration - Registration Module Pages/Third Screen - Upload Supporting Doc- Preview/Add Document Button' is clicked on

2018-12-14 11:17:27 - [TEST_STEP][PASSED] - delay: Delayed 30 second(s)

2018-12-14 11:17:57 - [MESSAGE][PASSED] - Delayed 30 second(s)

2018-12-14 11:17:57 - [TEST_STEP][PASSED] - click: Object: 'Object Repository/Final Object Repo/New Registration - Registration Module Pages/Third Screen - Upload Supporting Doc- Preview/Supporting Doc Please Select Drop Down' is clicked on

2018-12-14 11:17:57 - [MESSAGE][PASSED] - Object: 'Object Repository/Final Object Repo/New Registration - Registration Module Pages/Third Screen - Upload Supporting Doc- Preview/Supporting Doc Please Select Drop Down' is clicked on

2018-12-14 11:17:57 - [TEST_STEP][PASSED] - click: Object: 'Object Repository/Final Object Repo/New Registration - Registration Module Pages/Third Screen - Upload Supporting Doc- Preview/Select to Upload Borang SIP 1' is clicked on

2018-12-14 11:17:57 - [MESSAGE][PASSED] - Object: 'Object Repository/Final Object Repo/New Registration - Registration Module Pages/Third Screen - Upload Supporting Doc- Preview/Select to Upload Borang SIP 1' is clicked on

2018-12-14 11:17:57 - [TEST_STEP][PASSED] - delay: Delayed 2 second(s)

2018-12-14 11:17:59 - [MESSAGE][PASSED] - Delayed 2 second(s)

2018-12-14 11:17:59 - [TEST_STEP][PASSED] - uploadFile: File 'C:\Users\Public\Pictures\Sample Pictures\Koala.jpg' sent to object: 'Object Repository/Final Object Repo/New Registration - Registration Module Pages/Third Screen - Upload Supporting Doc- Preview/Upload File Adding'

2018-12-14 11:17:59 - [MESSAGE][PASSED] - File 'C:\Users\Public\Pictures\Sample Pictures\Koala.jpg' sent to object: 'Object Repository/Final Object Repo/New Registration - Registration Module Pages/Third Screen - Upload Supporting Doc- Preview/Upload File Adding'

2018-12-14 11:17:59 - [TEST_STEP][PASSED] - click: Object: 'Object Repository/Final Object Repo/New Registration - Registration Module Pages/Third Screen - Upload Supporting Doc- Preview/Inner Form Add Document Button' is clicked on

2018-12-14 11:18:00 - [MESSAGE][PASSED] - Object: 'Object Repository/Final Object Repo/New Registration - Registration Module Pages/Third Screen - Upload Supporting Doc- Preview/Inner Form Add Document Button' is clicked on

2018-12-14 11:18:00 - [TEST_STEP][PASSED] - delay: Delayed 5 second(s)

2018-12-14 11:18:05 - [MESSAGE][PASSED] - Delayed 5 second(s)

2018-12-14 11:18:05 - [TEST_STEP][PASSED] - click: Object: 'Object Repository/Final Object Repo/New Registration - Registration Module Pages/Third Screen - Upload Supporting Doc- Preview/Add Document Button' is clicked on

2018-12-14 11:18:05 - [MESSAGE][PASSED] - Object: 'Object Repository/Final Object Repo/New Registration - Registration Module Pages/Third Screen - Upload Supporting Doc- Preview/Add Document Button' is clicked on

2018-12-14 11:18:05 - [TEST_STEP][PASSED] - delay: Delayed 30 second(s)

2018-12-14 11:18:35 - [MESSAGE][PASSED] - Delayed 30 second(s)

2018-12-14 11:18:35 - [TEST_STEP][PASSED] - click: Object: 'Object Repository/Final Object Repo/New Registration - Registration Module Pages/Third Screen - Upload Supporting Doc- Preview/Supporting Doc Please Select Drop Down' is clicked on

2018-12-14 11:18:35 - [MESSAGE][PASSED] - Object: 'Object Repository/Final Object Repo/New Registration - Registration Module Pages/Third Screen - Upload Supporting Doc- Preview/Supporting Doc Please Select Drop Down' is clicked on

2018-12-14 11:18:35 - [TEST_STEP][PASSED] - delay: Delayed 3 second(s)

2018-12-14 11:18:38 - [MESSAGE][PASSED] - Delayed 3 second(s)

2018-12-14 11:18:38 - [TEST_STEP][PASSED] - click: Object: 'Object Repository/Final Object Repo/New Registration - Registration Module Pages/Third Screen - Upload Supporting Doc- Preview/Select to Upload Borang SIP 2' is clicked on

2018-12-14 11:18:38 - [MESSAGE][PASSED] - Object: 'Object Repository/Final Object Repo/New Registration - Registration Module Pages/Third Screen - Upload Supporting Doc- Preview/Select to Upload Borang SIP 2' is clicked on

2018-12-14 11:18:38 - [TEST_STEP][PASSED] - delay: Delayed 2 second(s)

2018-12-14 11:18:40 - [MESSAGE][PASSED] - Delayed 2 second(s)

2018-12-14 11:18:40 - [TEST_STEP][PASSED] - uploadFile: File 'C:\Users\Public\Pictures\Sample Pictures\Koala.jpg' sent to object: 'Object Repository/Final Object Repo/New Registration - Registration Module Pages/Third Screen - Upload Supporting Doc- Preview/Upload File Adding'

2018-12-14 11:18:40 - [MESSAGE][PASSED] - File 'C:\Users\Public\Pictures\Sample Pictures\Koala.jpg' sent to object: 'Object Repository/Final Object Repo/New Registration - Registration Module Pages/Third Screen - Upload Supporting Doc- Preview/Upload File Adding'

2018-12-14 11:18:40 - [TEST_STEP][PASSED] - delay: Delayed 5 second(s)

2018-12-14 11:18:45 - [MESSAGE][PASSED] - Delayed 5 second(s)

2018-12-14 11:18:45 - [TEST_STEP][PASSED] - click: Object: 'Object Repository/Final Object Repo/New Registration - Registration Module Pages/Third Screen - Upload Supporting Doc- Preview/Inner Form Add Document Button' is clicked on

2018-12-14 11:18:46 - [MESSAGE][PASSED] - Object: 'Object Repository/Final Object Repo/New Registration - Registration Module Pages/Third Screen - Upload Supporting Doc- Preview/Inner Form Add Document Button' is clicked on

2018-12-14 11:18:46 - [TEST_STEP][PASSED] - delay: Delayed 3 second(s)

2018-12-14 11:18:49 - [MESSAGE][PASSED] - Delayed 3 second(s)

2018-12-14 11:18:49 - [TEST_STEP][PASSED] - waitForElementClickable: Object 'Object Repository/Final Object Repo/New Registration - Registration Module Pages/Third Screen - Upload Supporting Doc- Preview/Save n Continue in Uploading Supporting Doc Page' is clickable

2018-12-14 11:18:50 - [MESSAGE][PASSED] - Object 'Object Repository/Final Object Repo/New Registration - Registration Module Pages/Third Screen - Upload Supporting Doc- Preview/Save n Continue in Uploading Supporting Doc Page' is clickable

2018-12-14 11:18:50 - [TEST_STEP][PASSED] - click: Object: 'Object Repository/Final Object Repo/New Registration - Registration Module Pages/Third Screen - Upload Supporting Doc- Preview/Save n Continue in Uploading Supporting Doc Page' is clicked on

2018-12-14 11:18:50 - [MESSAGE][PASSED] - Object: 'Object Repository/Final Object Repo/New Registration - Registration Module Pages/Third Screen - Upload Supporting Doc- Preview/Save n Continue in Uploading Supporting Doc Page' is clicked on

2018-12-14 11:18:50 - [MESSAGE][PASSED] - Call Test Case 'Test Cases/Final Aug 2018 - PKS Automation/Registration Module/New Registration/Flow of New Registration/Third Screen - Upload Supporting Doc - Preview' successfully

2018-12-14 11:18:50 - [TEST_STEP][PASSED] - setText: Text 'Tester' is set on object 'Object Repository/Final Object Repo/New Registration - Registration Module Pages/New Reg - OTC to RO/Special Case - All Related Objects/Employer Preview Name'

2018-12-14 11:18:55 - [MESSAGE][PASSED] - Text 'Tester' is set on object 'Object Repository/Final Object Repo/New Registration - Registration Module Pages/New Reg - OTC to RO/Special Case - All Related Objects/Employer Preview Name'

2018-12-14 11:18:55 - [TEST_STEP][PASSED] - click: Object: 'Object Repository/Final Object Repo/New Registration - Registration Module Pages/New Reg - OTC to RO/Special Case - All Related Objects/IC Type Drop Down' is clicked on

2018-12-14 11:18:55 - [MESSAGE][PASSED] - Object: 'Object Repository/Final Object Repo/New Registration - Registration Module Pages/New Reg - OTC to RO/Special Case - All Related Objects/IC Type Drop Down' is clicked on

2018-12-14 11:18:55 - [TEST_STEP][PASSED] - click: Object: 'Object Repository/Final Object Repo/New Registration - Registration Module Pages/New Reg - OTC to RO/Special Case - All Related Objects/Select to NRIC' is clicked on

2018-12-14 11:18:55 - [MESSAGE][PASSED] - Object: 'Object Repository/Final Object Repo/New Registration - Registration Module Pages/New Reg - OTC to RO/Special Case - All Related Objects/Select to NRIC' is clicked on

2018-12-14 11:18:55 - [TEST_STEP][PASSED] - setText: Text '133245561223' is set on object 'Object Repository/Final Object Repo/New Registration - Registration Module Pages/New Reg - OTC to RO/Special Case - All Related Objects/IC Value'

2018-12-14 11:18:56 - [MESSAGE][PASSED] - Text '133245561223' is set on object 'Object Repository/Final Object Repo/New Registration - Registration Module Pages/New Reg - OTC to RO/Special Case - All Related Objects/IC Value'

2018-12-14 11:18:56 - [TEST_STEP][PASSED] - setText: Text 'Auto' is set on object 'Object Repository/Final Object Repo/New Registration - Registration Module Pages/New Reg - OTC to RO/Special Case - All Related Objects/Designation'

2018-12-14 11:18:56 - [MESSAGE][PASSED] - Text 'Auto' is set on object 'Object Repository/Final Object Repo/New Registration - Registration Module Pages/New Reg - OTC to RO/Special Case - All Related Objects/Designation'

2018-12-14 11:18:56 - [TEST_STEP][PASSED] - callTestCase: Call Test Case 'Test Cases/Final Aug 2018 - PKS Automation/Registration Module/New Registration/Submit and Screenshot/Submit Registration and Screenshot - Copy' successfully

2018-12-14 11:18:56 - [TEST_CASE][PASSED] - Test Cases/Final Aug 2018 - PKS Automation/Registration Module/New Registration/Submit and Screenshot/Submit Registration and Screenshot - Copy: Test Cases/Final Aug 2018 - PKS Automation/Registration Module/New Registration/Submit and Screenshot/Submit Registration and Screenshot - Copy

2018-12-14 11:18:56 - [TEST_STEP][PASSED] - delay: Delayed 6 second(s)

2018-12-14 11:19:02 - [MESSAGE][PASSED] - Delayed 6 second(s)

2018-12-14 11:19:02 - [TEST_STEP][PASSED] - click: Object: 'Object Repository/Final Object Repo/New Registration - Registration Module Pages/Third Screen - Upload Supporting Doc- Preview/Preview Submit Button' is clicked on

2018-12-14 11:19:02 - [MESSAGE][PASSED] - Object: 'Object Repository/Final Object Repo/New Registration - Registration Module Pages/Third Screen - Upload Supporting Doc- Preview/Preview Submit Button' is clicked on

2018-12-14 11:19:02 - [TEST_STEP][PASSED] - delay: Delayed 2 second(s)

2018-12-14 11:19:04 - [MESSAGE][PASSED] - Delayed 2 second(s)

2018-12-14 11:19:04 - [TEST_STEP][PASSED] - click: Object: 'Object Repository/Final Object Repo/New Registration - Registration Module Pages/Third Screen - Upload Supporting Doc- Preview/Preview Submit - Confirm' is clicked on

2018-12-14 11:19:04 - [MESSAGE][PASSED] - Object: 'Object Repository/Final Object Repo/New Registration - Registration Module Pages/Third Screen - Upload Supporting Doc- Preview/Preview Submit - Confirm' is clicked on

2018-12-14 11:19:04 - [TEST_STEP][PASSED] - delay: Delayed 15 second(s)

2018-12-14 11:19:19 - [MESSAGE][PASSED] - Delayed 15 second(s)

2018-12-14 11:19:19 - [TEST_STEP][PASSED] - Statement - driver = com.kms.katalon.core.webui.driver.DriverFactory.getWebDriver(): null

2018-12-14 11:19:19 - [TEST_STEP][PASSED] - Statement - driver.manage().timeouts().implicitlyWait(10, SECONDS): null

2018-12-14 11:19:19 - [TEST_STEP][PASSED] - Statement - PresavePath = KatalonScreenshots: null

2018-12-14 11:19:19 - [TEST_STEP][PASSED] - Statement - pathPrefix = "C:\Users\Public\Pictures\Sample Pictures\Katalon Screenshots\Automate Ending Screen": null

2018-12-14 11:19:19 - [TEST_STEP][PASSED] - Statement - finalPath = <not implemented yet for class: org.codehaus.groovy.ast.expr.EmptyExpression>: null

2018-12-14 11:19:19 - [TEST_STEP][PASSED] - Statement - scrFile = driver.getScreenshotAs(FILE): null

2018-12-14 11:19:20 - [TEST_STEP][PASSED] - Statement - PreSaveFile = new java.io.File(PresavePath): null

2018-12-14 11:19:20 - [TEST_STEP][PASSED] - Statement - counter = 0: null

2018-12-14 11:19:20 - [TEST_STEP][PASSED] - Statement - If (PreSaveFile.exists()): null

2018-12-14 11:19:20 - [TEST_STEP][PASSED] - Statement - While (PreSaveFile.exists()): null

2018-12-14 11:19:20 - [TEST_STEP][PASSED] - Statement - counter = counter + 1: null

2018-12-14 11:19:20 - [TEST_STEP][PASSED] - Statement - PreSaveFile = new java.io.File(((pathPrefix + java.lang.Integer.toString(counter)) + .png)): null

2018-12-14 11:19:20 - [TEST_STEP][PASSED] - Statement - counter = counter + 1: null

2018-12-14 11:19:20 - [TEST_STEP][PASSED] - Statement - PreSaveFile = new java.io.File(((pathPrefix + java.lang.Integer.toString(counter)) + .png)): null

2018-12-14 11:19:20 - [TEST_STEP][PASSED] - Statement - counter = counter + 1: null

2018-12-14 11:19:20 - [TEST_STEP][PASSED] - Statement - PreSaveFile = new java.io.File(((pathPrefix + java.lang.Integer.toString(counter)) + .png)): null

2018-12-14 11:19:20 - [TEST_STEP][PASSED] - Statement - counter = counter + 1: null

2018-12-14 11:19:20 - [TEST_STEP][PASSED] - Statement - PreSaveFile = new java.io.File(((pathPrefix + java.lang.Integer.toString(counter)) + .png)): null

2018-12-14 11:19:20 - [TEST_STEP][PASSED] - Statement - counter = counter + 1: null

2018-12-14 11:19:20 - [TEST_STEP][PASSED] - Statement - PreSaveFile = new java.io.File(((pathPrefix + java.lang.Integer.toString(counter)) + .png)): null

2018-12-14 11:19:20 - [TEST_STEP][PASSED] - Statement - counter = counter + 1: null

2018-12-14 11:19:20 - [TEST_STEP][PASSED] - Statement - PreSaveFile = new java.io.File(((pathPrefix + java.lang.Integer.toString(counter)) + .png)): null

2018-12-14 11:19:20 - [TEST_STEP][PASSED] - Statement - counter = counter + 1: null

2018-12-14 11:19:20 - [TEST_STEP][PASSED] - Statement - PreSaveFile = new java.io.File(((pathPrefix + java.lang.Integer.toString(counter)) + .png)): null

2018-12-14 11:19:20 - [TEST_STEP][PASSED] - Statement - counter = counter + 1: null

2018-12-14 11:19:20 - [TEST_STEP][PASSED] - Statement - PreSaveFile = new java.io.File(((pathPrefix + java.lang.Integer.toString(counter)) + .png)): null

2018-12-14 11:19:20 - [TEST_STEP][PASSED] - Statement - counter = counter + 1: null

2018-12-14 11:19:20 - [TEST_STEP][PASSED] - Statement - PreSaveFile = new java.io.File(((pathPrefix + java.lang.Integer.toString(counter)) + .png)): null

2018-12-14 11:19:20 - [TEST_STEP][PASSED] - Statement - counter = counter + 1: null

2018-12-14 11:19:20 - [TEST_STEP][PASSED] - Statement - PreSaveFile = new java.io.File(((pathPrefix + java.lang.Integer.toString(counter)) + .png)): null

2018-12-14 11:19:20 - [TEST_STEP][PASSED] - Statement - counter = counter + 1: null

2018-12-14 11:19:20 - [TEST_STEP][PASSED] - Statement - PreSaveFile = new java.io.File(((pathPrefix + java.lang.Integer.toString(counter)) + .png)): null

2018-12-14 11:19:20 - [TEST_STEP][PASSED] - Statement - counter = counter + 1: null

2018-12-14 11:19:20 - [TEST_STEP][PASSED] - Statement - PreSaveFile = new java.io.File(((pathPrefix + java.lang.Integer.toString(counter)) + .png)): null

2018-12-14 11:19:20 - [TEST_STEP][PASSED] - Statement - counter = counter + 1: null

2018-12-14 11:19:20 - [TEST_STEP][PASSED] - Statement - PreSaveFile = new java.io.File(((pathPrefix + java.lang.Integer.toString(counter)) + .png)): null

2018-12-14 11:19:20 - [TEST_STEP][PASSED] - Statement - counter = counter + 1: null

2018-12-14 11:19:20 - [TEST_STEP][PASSED] - Statement - PreSaveFile = new java.io.File(((pathPrefix + java.lang.Integer.toString(counter)) + .png)): null

2018-12-14 11:19:20 - [TEST_STEP][PASSED] - Statement - counter = counter + 1: null

2018-12-14 11:19:20 - [TEST_STEP][PASSED] - Statement - PreSaveFile = new java.io.File(((pathPrefix + java.lang.Integer.toString(counter)) + .png)): null

2018-12-14 11:19:20 - [TEST_STEP][PASSED] - Statement - counter = counter + 1: null

2018-12-14 11:19:20 - [TEST_STEP][PASSED] - Statement - PreSaveFile = new java.io.File(((pathPrefix + java.lang.Integer.toString(counter)) + .png)): null

2018-12-14 11:19:20 - [TEST_STEP][PASSED] - Statement - counter = counter + 1: null

2018-12-14 11:19:20 - [TEST_STEP][PASSED] - Statement - PreSaveFile = new java.io.File(((pathPrefix + java.lang.Integer.toString(counter)) + .png)): null

2018-12-14 11:19:20 - [TEST_STEP][PASSED] - Statement - counter = counter + 1: null

2018-12-14 11:19:20 - [TEST_STEP][PASSED] - Statement - PreSaveFile = new java.io.File(((pathPrefix + java.lang.Integer.toString(counter)) + .png)): null

2018-12-14 11:19:20 - [TEST_STEP][PASSED] - Statement - counter = counter + 1: null

2018-12-14 11:19:20 - [TEST_STEP][PASSED] - Statement - PreSaveFile = new java.io.File(((pathPrefix + java.lang.Integer.toString(counter)) + .png)): null

2018-12-14 11:19:20 - [TEST_STEP][PASSED] - Statement - counter = counter + 1: null

2018-12-14 11:19:20 - [TEST_STEP][PASSED] - Statement - PreSaveFile = new java.io.File(((pathPrefix + java.lang.Integer.toString(counter)) + .png)): null

2018-12-14 11:19:20 - [TEST_STEP][PASSED] - Statement - counter = counter + 1: null

2018-12-14 11:19:20 - [TEST_STEP][PASSED] - Statement - PreSaveFile = new java.io.File(((pathPrefix + java.lang.Integer.toString(counter)) + .png)): null

2018-12-14 11:19:20 - [TEST_STEP][PASSED] - Statement - counter = counter + 1: null

2018-12-14 11:19:20 - [TEST_STEP][PASSED] - Statement - PreSaveFile = new java.io.File(((pathPrefix + java.lang.Integer.toString(counter)) + .png)): null

2018-12-14 11:19:20 - [TEST_STEP][PASSED] - Statement - counter = counter + 1: null

2018-12-14 11:19:20 - [TEST_STEP][PASSED] - Statement - PreSaveFile = new java.io.File(((pathPrefix + java.lang.Integer.toString(counter)) + .png)): null

2018-12-14 11:19:20 - [TEST_STEP][PASSED] - Statement - counter = counter + 1: null

2018-12-14 11:19:20 - [TEST_STEP][PASSED] - Statement - PreSaveFile = new java.io.File(((pathPrefix + java.lang.Integer.toString(counter)) + .png)): null

2018-12-14 11:19:20 - [TEST_STEP][PASSED] - Statement - counter = counter + 1: null

2018-12-14 11:19:20 - [TEST_STEP][PASSED] - Statement - PreSaveFile = new java.io.File(((pathPrefix + java.lang.Integer.toString(counter)) + .png)): null

2018-12-14 11:19:20 - [TEST_STEP][PASSED] - Statement - counter = counter + 1: null

2018-12-14 11:19:20 - [TEST_STEP][PASSED] - Statement - PreSaveFile = new java.io.File(((pathPrefix + java.lang.Integer.toString(counter)) + .png)): null

2018-12-14 11:19:20 - [TEST_STEP][PASSED] - Statement - counter = counter + 1: null

2018-12-14 11:19:20 - [TEST_STEP][PASSED] - Statement - PreSaveFile = new java.io.File(((pathPrefix + java.lang.Integer.toString(counter)) + .png)): null

2018-12-14 11:19:20 - [TEST_STEP][PASSED] - Statement - counter = counter + 1: null

2018-12-14 11:19:20 - [TEST_STEP][PASSED] - Statement - PreSaveFile = new java.io.File(((pathPrefix + java.lang.Integer.toString(counter)) + .png)): null

2018-12-14 11:19:20 - [TEST_STEP][PASSED] - Statement - counter = counter + 1: null

2018-12-14 11:19:20 - [TEST_STEP][PASSED] - Statement - PreSaveFile = new java.io.File(((pathPrefix + java.lang.Integer.toString(counter)) + .png)): null

2018-12-14 11:19:20 - [TEST_STEP][PASSED] - Statement - counter = counter + 1: null

2018-12-14 11:19:20 - [TEST_STEP][PASSED] - Statement - PreSaveFile = new java.io.File(((pathPrefix + java.lang.Integer.toString(counter)) + .png)): null

2018-12-14 11:19:20 - [TEST_STEP][PASSED] - Statement - counter = counter + 1: null

2018-12-14 11:19:20 - [TEST_STEP][PASSED] - Statement - PreSaveFile = new java.io.File(((pathPrefix + java.lang.Integer.toString(counter)) + .png)): null

2018-12-14 11:19:20 - [TEST_STEP][PASSED] - Statement - counter = counter + 1: null

2018-12-14 11:19:20 - [TEST_STEP][PASSED] - Statement - PreSaveFile = new java.io.File(((pathPrefix + java.lang.Integer.toString(counter)) + .png)): null

2018-12-14 11:19:20 - [TEST_STEP][PASSED] - Statement - counter = counter + 1: null

2018-12-14 11:19:20 - [TEST_STEP][PASSED] - Statement - PreSaveFile = new java.io.File(((pathPrefix + java.lang.Integer.toString(counter)) + .png)): null

2018-12-14 11:19:20 - [TEST_STEP][PASSED] - Statement - counter = counter + 1: null

2018-12-14 11:19:20 - [TEST_STEP][PASSED] - Statement - PreSaveFile = new java.io.File(((pathPrefix + java.lang.Integer.toString(counter)) + .png)): null

2018-12-14 11:19:20 - [TEST_STEP][PASSED] - Statement - counter = counter + 1: null

2018-12-14 11:19:20 - [TEST_STEP][PASSED] - Statement - PreSaveFile = new java.io.File(((pathPrefix + java.lang.Integer.toString(counter)) + .png)): null

2018-12-14 11:19:20 - [TEST_STEP][PASSED] - Statement - counter = counter + 1: null

2018-12-14 11:19:20 - [TEST_STEP][PASSED] - Statement - PreSaveFile = new java.io.File(((pathPrefix + java.lang.Integer.toString(counter)) + .png)): null

2018-12-14 11:19:20 - [TEST_STEP][PASSED] - Statement - counter = counter + 1: null

2018-12-14 11:19:20 - [TEST_STEP][PASSED] - Statement - PreSaveFile = new java.io.File(((pathPrefix + java.lang.Integer.toString(counter)) + .png)): null

2018-12-14 11:19:20 - [TEST_STEP][PASSED] - Statement - counter = counter + 1: null

2018-12-14 11:19:20 - [TEST_STEP][PASSED] - Statement - PreSaveFile = new java.io.File(((pathPrefix + java.lang.Integer.toString(counter)) + .png)): null

2018-12-14 11:19:20 - [TEST_STEP][PASSED] - Statement - counter = counter + 1: null

2018-12-14 11:19:20 - [TEST_STEP][PASSED] - Statement - PreSaveFile = new java.io.File(((pathPrefix + java.lang.Integer.toString(counter)) + .png)): null

2018-12-14 11:19:20 - [TEST_STEP][PASSED] - Statement - counter = counter + 1: null

2018-12-14 11:19:20 - [TEST_STEP][PASSED] - Statement - PreSaveFile = new java.io.File(((pathPrefix + java.lang.Integer.toString(counter)) + .png)): null

2018-12-14 11:19:20 - [TEST_STEP][PASSED] - Statement - counter = counter + 1: null

2018-12-14 11:19:20 - [TEST_STEP][PASSED] - Statement - PreSaveFile = new java.io.File(((pathPrefix + java.lang.Integer.toString(counter)) + .png)): null

2018-12-14 11:19:20 - [TEST_STEP][PASSED] - Statement - counter = counter + 1: null

2018-12-14 11:19:20 - [TEST_STEP][PASSED] - Statement - PreSaveFile = new java.io.File(((pathPrefix + java.lang.Integer.toString(counter)) + .png)): null

2018-12-14 11:19:20 - [TEST_STEP][PASSED] - Statement - counter = counter + 1: null

2018-12-14 11:19:20 - [TEST_STEP][PASSED] - Statement - PreSaveFile = new java.io.File(((pathPrefix + java.lang.Integer.toString(counter)) + .png)): null

2018-12-14 11:19:20 - [TEST_STEP][PASSED] - Statement - counter = counter + 1: null

2018-12-14 11:19:20 - [TEST_STEP][PASSED] - Statement - PreSaveFile = new java.io.File(((pathPrefix + java.lang.Integer.toString(counter)) + .png)): null

2018-12-14 11:19:20 - [TEST_STEP][PASSED] - Statement - counter = counter + 1: null

2018-12-14 11:19:20 - [TEST_STEP][PASSED] - Statement - PreSaveFile = new java.io.File(((pathPrefix + java.lang.Integer.toString(counter)) + .png)): null

2018-12-14 11:19:20 - [TEST_STEP][PASSED] - Statement - counter = counter + 1: null

2018-12-14 11:19:20 - [TEST_STEP][PASSED] - Statement - PreSaveFile = new java.io.File(((pathPrefix + java.lang.Integer.toString(counter)) + .png)): null

2018-12-14 11:19:20 - [TEST_STEP][PASSED] - Statement - counter = counter + 1: null

2018-12-14 11:19:20 - [TEST_STEP][PASSED] - Statement - PreSaveFile = new java.io.File(((pathPrefix + java.lang.Integer.toString(counter)) + .png)): null

2018-12-14 11:19:20 - [TEST_STEP][PASSED] - Statement - counter = counter + 1: null

2018-12-14 11:19:20 - [TEST_STEP][PASSED] - Statement - PreSaveFile = new java.io.File(((pathPrefix + java.lang.Integer.toString(counter)) + .png)): null

2018-12-14 11:19:20 - [TEST_STEP][PASSED] - Statement - counter = counter + 1: null

2018-12-14 11:19:20 - [TEST_STEP][PASSED] - Statement - PreSaveFile = new java.io.File(((pathPrefix + java.lang.Integer.toString(counter)) + .png)): null

2018-12-14 11:19:20 - [TEST_STEP][PASSED] - Statement - counter = counter + 1: null

2018-12-14 11:19:20 - [TEST_STEP][PASSED] - Statement - PreSaveFile = new java.io.File(((pathPrefix + java.lang.Integer.toString(counter)) + .png)): null

2018-12-14 11:19:20 - [TEST_STEP][PASSED] - Statement - counter = counter + 1: null

2018-12-14 11:19:20 - [TEST_STEP][PASSED] - Statement - PreSaveFile = new java.io.File(((pathPrefix + java.lang.Integer.toString(counter)) + .png)): null

2018-12-14 11:19:20 - [TEST_STEP][PASSED] - Statement - counter = counter + 1: null

2018-12-14 11:19:20 - [TEST_STEP][PASSED] - Statement - PreSaveFile = new java.io.File(((pathPrefix + java.lang.Integer.toString(counter)) + .png)): null

2018-12-14 11:19:20 - [TEST_STEP][PASSED] - Statement - counter = counter + 1: null

2018-12-14 11:19:20 - [TEST_STEP][PASSED] - Statement - PreSaveFile = new java.io.File(((pathPrefix + java.lang.Integer.toString(counter)) + .png)): null

2018-12-14 11:19:20 - [TEST_STEP][PASSED] - Statement - counter = counter + 1: null

2018-12-14 11:19:20 - [TEST_STEP][PASSED] - Statement - PreSaveFile = new java.io.File(((pathPrefix + java.lang.Integer.toString(counter)) + .png)): null

2018-12-14 11:19:20 - [TEST_STEP][PASSED] - Statement - counter = counter + 1: null

2018-12-14 11:19:20 - [TEST_STEP][PASSED] - Statement - PreSaveFile = new java.io.File(((pathPrefix + java.lang.Integer.toString(counter)) + .png)): null

2018-12-14 11:19:20 - [TEST_STEP][PASSED] - Statement - counter = counter + 1: null

2018-12-14 11:19:20 - [TEST_STEP][PASSED] - Statement - PreSaveFile = new java.io.File(((pathPrefix + java.lang.Integer.toString(counter)) + .png)): null

2018-12-14 11:19:20 - [TEST_STEP][PASSED] - Statement - counter = counter + 1: null

2018-12-14 11:19:20 - [TEST_STEP][PASSED] - Statement - PreSaveFile = new java.io.File(((pathPrefix + java.lang.Integer.toString(counter)) + .png)): null

2018-12-14 11:19:20 - [TEST_STEP][PASSED] - Statement - counter = counter + 1: null

2018-12-14 11:19:20 - [TEST_STEP][PASSED] - Statement - PreSaveFile = new java.io.File(((pathPrefix + java.lang.Integer.toString(counter)) + .png)): null

2018-12-14 11:19:20 - [TEST_STEP][PASSED] - Statement - counter = counter + 1: null

2018-12-14 11:19:20 - [TEST_STEP][PASSED] - Statement - PreSaveFile = new java.io.File(((pathPrefix + java.lang.Integer.toString(counter)) + .png)): null

2018-12-14 11:19:20 - [TEST_STEP][PASSED] - Statement - counter = counter + 1: null

2018-12-14 11:19:20 - [TEST_STEP][PASSED] - Statement - PreSaveFile = new java.io.File(((pathPrefix + java.lang.Integer.toString(counter)) + .png)): null

2018-12-14 11:19:20 - [TEST_STEP][PASSED] - Statement - counter = counter + 1: null

2018-12-14 11:19:20 - [TEST_STEP][PASSED] - Statement - PreSaveFile = new java.io.File(((pathPrefix + java.lang.Integer.toString(counter)) + .png)): null

2018-12-14 11:19:20 - [TEST_STEP][PASSED] - Statement - counter = counter + 1: null

2018-12-14 11:19:20 - [TEST_STEP][PASSED] - Statement - PreSaveFile = new java.io.File(((pathPrefix + java.lang.Integer.toString(counter)) + .png)): null

2018-12-14 11:19:20 - [TEST_STEP][PASSED] - Statement - counter = counter + 1: null

2018-12-14 11:19:20 - [TEST_STEP][PASSED] - Statement - PreSaveFile = new java.io.File(((pathPrefix + java.lang.Integer.toString(counter)) + .png)): null

2018-12-14 11:19:20 - [TEST_STEP][PASSED] - Statement - counter = counter + 1: null

2018-12-14 11:19:20 - [TEST_STEP][PASSED] - Statement - PreSaveFile = new java.io.File(((pathPrefix + java.lang.Integer.toString(counter)) + .png)): null

2018-12-14 11:19:20 - [TEST_STEP][PASSED] - Statement - counter = counter + 1: null

2018-12-14 11:19:20 - [TEST_STEP][PASSED] - Statement - PreSaveFile = new java.io.File(((pathPrefix + java.lang.Integer.toString(counter)) + .png)): null

2018-12-14 11:19:20 - [TEST_STEP][PASSED] - Statement - counter = counter + 1: null

2018-12-14 11:19:20 - [TEST_STEP][PASSED] - Statement - PreSaveFile = new java.io.File(((pathPrefix + java.lang.Integer.toString(counter)) + .png)): null

2018-12-14 11:19:20 - [TEST_STEP][PASSED] - Statement - counter = counter + 1: null

2018-12-14 11:19:20 - [TEST_STEP][PASSED] - Statement - PreSaveFile = new java.io.File(((pathPrefix + java.lang.Integer.toString(counter)) + .png)): null

2018-12-14 11:19:20 - [TEST_STEP][PASSED] - Statement - counter = counter + 1: null

2018-12-14 11:19:20 - [TEST_STEP][PASSED] - Statement - PreSaveFile = new java.io.File(((pathPrefix + java.lang.Integer.toString(counter)) + .png)): null

2018-12-14 11:19:20 - [TEST_STEP][PASSED] - Statement - counter = counter + 1: null

2018-12-14 11:19:20 - [TEST_STEP][PASSED] - Statement - PreSaveFile = new java.io.File(((pathPrefix + java.lang.Integer.toString(counter)) + .png)): null

2018-12-14 11:19:20 - [TEST_STEP][PASSED] - Statement - counter = counter + 1: null

2018-12-14 11:19:20 - [TEST_STEP][PASSED] - Statement - PreSaveFile = new java.io.File(((pathPrefix + java.lang.Integer.toString(counter)) + .png)): null

2018-12-14 11:19:20 - [TEST_STEP][PASSED] - Statement - counter = counter + 1: null

2018-12-14 11:19:20 - [TEST_STEP][PASSED] - Statement - PreSaveFile = new java.io.File(((pathPrefix + java.lang.Integer.toString(counter)) + .png)): null

2018-12-14 11:19:20 - [TEST_STEP][PASSED] - Statement - counter = counter + 1: null

2018-12-14 11:19:20 - [TEST_STEP][PASSED] - Statement - PreSaveFile = new java.io.File(((pathPrefix + java.lang.Integer.toString(counter)) + .png)): null

2018-12-14 11:19:20 - [TEST_STEP][PASSED] - Statement - counter = counter + 1: null

2018-12-14 11:19:20 - [TEST_STEP][PASSED] - Statement - PreSaveFile = new java.io.File(((pathPrefix + java.lang.Integer.toString(counter)) + .png)): null

2018-12-14 11:19:20 - [TEST_STEP][PASSED] - Statement - counter = counter + 1: null

2018-12-14 11:19:20 - [TEST_STEP][PASSED] - Statement - PreSaveFile = new java.io.File(((pathPrefix + java.lang.Integer.toString(counter)) + .png)): null

2018-12-14 11:19:20 - [TEST_STEP][PASSED] - Statement - counter = counter + 1: null

2018-12-14 11:19:20 - [TEST_STEP][PASSED] - Statement - PreSaveFile = new java.io.File(((pathPrefix + java.lang.Integer.toString(counter)) + .png)): null

2018-12-14 11:19:20 - [TEST_STEP][PASSED] - Statement - counter = counter + 1: null

2018-12-14 11:19:20 - [TEST_STEP][PASSED] - Statement - PreSaveFile = new java.io.File(((pathPrefix + java.lang.Integer.toString(counter)) + .png)): null

2018-12-14 11:19:20 - [TEST_STEP][PASSED] - Statement - counter = counter + 1: null

2018-12-14 11:19:20 - [TEST_STEP][PASSED] - Statement - PreSaveFile = new java.io.File(((pathPrefix + java.lang.Integer.toString(counter)) + .png)): null

2018-12-14 11:19:20 - [TEST_STEP][PASSED] - Statement - counter = counter + 1: null

2018-12-14 11:19:20 - [TEST_STEP][PASSED] - Statement - PreSaveFile = new java.io.File(((pathPrefix + java.lang.Integer.toString(counter)) + .png)): null

2018-12-14 11:19:20 - [TEST_STEP][PASSED] - Statement - counter = counter + 1: null

2018-12-14 11:19:20 - [TEST_STEP][PASSED] - Statement - PreSaveFile = new java.io.File(((pathPrefix + java.lang.Integer.toString(counter)) + .png)): null

2018-12-14 11:19:20 - [TEST_STEP][PASSED] - Statement - counter = counter + 1: null

2018-12-14 11:19:20 - [TEST_STEP][PASSED] - Statement - PreSaveFile = new java.io.File(((pathPrefix + java.lang.Integer.toString(counter)) + .png)): null

2018-12-14 11:19:20 - [TEST_STEP][PASSED] - Statement - counter = counter + 1: null

2018-12-14 11:19:20 - [TEST_STEP][PASSED] - Statement - PreSaveFile = new java.io.File(((pathPrefix + java.lang.Integer.toString(counter)) + .png)): null

2018-12-14 11:19:20 - [TEST_STEP][PASSED] - Statement - counter = counter + 1: null

2018-12-14 11:19:20 - [TEST_STEP][PASSED] - Statement - PreSaveFile = new java.io.File(((pathPrefix + java.lang.Integer.toString(counter)) + .png)): null

2018-12-14 11:19:20 - [TEST_STEP][PASSED] - Statement - counter = counter + 1: null

2018-12-14 11:19:20 - [TEST_STEP][PASSED] - Statement - PreSaveFile = new java.io.File(((pathPrefix + java.lang.Integer.toString(counter)) + .png)): null

2018-12-14 11:19:20 - [TEST_STEP][PASSED] - Statement - counter = counter + 1: null

2018-12-14 11:19:20 - [TEST_STEP][PASSED] - Statement - PreSaveFile = new java.io.File(((pathPrefix + java.lang.Integer.toString(counter)) + .png)): null

2018-12-14 11:19:20 - [TEST_STEP][PASSED] - Statement - counter = counter + 1: null

2018-12-14 11:19:20 - [TEST_STEP][PASSED] - Statement - PreSaveFile = new java.io.File(((pathPrefix + java.lang.Integer.toString(counter)) + .png)): null

2018-12-14 11:19:20 - [TEST_STEP][PASSED] - Statement - counter = counter + 1: null

2018-12-14 11:19:20 - [TEST_STEP][PASSED] - Statement - PreSaveFile = new java.io.File(((pathPrefix + java.lang.Integer.toString(counter)) + .png)): null

2018-12-14 11:19:20 - [TEST_STEP][PASSED] - Statement - counter = counter + 1: null

2018-12-14 11:19:20 - [TEST_STEP][PASSED] - Statement - PreSaveFile = new java.io.File(((pathPrefix + java.lang.Integer.toString(counter)) + .png)): null

2018-12-14 11:19:20 - [TEST_STEP][PASSED] - Statement - counter = counter + 1: null

2018-12-14 11:19:20 - [TEST_STEP][PASSED] - Statement - PreSaveFile = new java.io.File(((pathPrefix + java.lang.Integer.toString(counter)) + .png)): null

2018-12-14 11:19:20 - [TEST_STEP][PASSED] - Statement - counter = counter + 1: null

2018-12-14 11:19:20 - [TEST_STEP][PASSED] - Statement - PreSaveFile = new java.io.File(((pathPrefix + java.lang.Integer.toString(counter)) + .png)): null

2018-12-14 11:19:20 - [TEST_STEP][PASSED] - Statement - counter = counter + 1: null

2018-12-14 11:19:20 - [TEST_STEP][PASSED] - Statement - PreSaveFile = new java.io.File(((pathPrefix + java.lang.Integer.toString(counter)) + .png)): null

2018-12-14 11:19:20 - [TEST_STEP][PASSED] - Statement - counter = counter + 1: null

2018-12-14 11:19:20 - [TEST_STEP][PASSED] - Statement - PreSaveFile = new java.io.File(((pathPrefix + java.lang.Integer.toString(counter)) + .png)): null

2018-12-14 11:19:20 - [TEST_STEP][PASSED] - Statement - counter = counter + 1: null

2018-12-14 11:19:20 - [TEST_STEP][PASSED] - Statement - PreSaveFile = new java.io.File(((pathPrefix + java.lang.Integer.toString(counter)) + .png)): null

2018-12-14 11:19:20 - [TEST_STEP][PASSED] - Statement - counter = counter + 1: null

2018-12-14 11:19:20 - [TEST_STEP][PASSED] - Statement - PreSaveFile = new java.io.File(((pathPrefix + java.lang.Integer.toString(counter)) + .png)): null

2018-12-14 11:19:20 - [TEST_STEP][PASSED] - Statement - counter = counter + 1: null

2018-12-14 11:19:20 - [TEST_STEP][PASSED] - Statement - PreSaveFile = new java.io.File(((pathPrefix + java.lang.Integer.toString(counter)) + .png)): null

2018-12-14 11:19:20 - [TEST_STEP][PASSED] - Statement - counter = counter + 1: null

2018-12-14 11:19:20 - [TEST_STEP][PASSED] - Statement - PreSaveFile = new java.io.File(((pathPrefix + java.lang.Integer.toString(counter)) + .png)): null

2018-12-14 11:19:20 - [TEST_STEP][PASSED] - Statement - counter = counter + 1: null

2018-12-14 11:19:20 - [TEST_STEP][PASSED] - Statement - PreSaveFile = new java.io.File(((pathPrefix + java.lang.Integer.toString(counter)) + .png)): null

2018-12-14 11:19:20 - [TEST_STEP][PASSED] - Statement - counter = counter + 1: null

2018-12-14 11:19:20 - [TEST_STEP][PASSED] - Statement - PreSaveFile = new java.io.File(((pathPrefix + java.lang.Integer.toString(counter)) + .png)): null

2018-12-14 11:19:20 - [TEST_STEP][PASSED] - Statement - counter = counter + 1: null

2018-12-14 11:19:20 - [TEST_STEP][PASSED] - Statement - PreSaveFile = new java.io.File(((pathPrefix + java.lang.Integer.toString(counter)) + .png)): null

2018-12-14 11:19:20 - [TEST_STEP][PASSED] - Statement - counter = counter + 1: null

2018-12-14 11:19:20 - [TEST_STEP][PASSED] - Statement - PreSaveFile = new java.io.File(((pathPrefix + java.lang.Integer.toString(counter)) + .png)): null

2018-12-14 11:19:20 - [TEST_STEP][PASSED] - Statement - counter = counter + 1: null

2018-12-14 11:19:20 - [TEST_STEP][PASSED] - Statement - PreSaveFile = new java.io.File(((pathPrefix + java.lang.Integer.toString(counter)) + .png)): null

2018-12-14 11:19:20 - [TEST_STEP][PASSED] - Statement - counter = counter + 1: null

2018-12-14 11:19:20 - [TEST_STEP][PASSED] - Statement - PreSaveFile = new java.io.File(((pathPrefix + java.lang.Integer.toString(counter)) + .png)): null

2018-12-14 11:19:20 - [TEST_STEP][PASSED] - Statement - counter = counter + 1: null

2018-12-14 11:19:20 - [TEST_STEP][PASSED] - Statement - PreSaveFile = new java.io.File(((pathPrefix + java.lang.Integer.toString(counter)) + .png)): null

2018-12-14 11:19:20 - [TEST_STEP][PASSED] - Statement - counter = counter + 1: null

2018-12-14 11:19:20 - [TEST_STEP][PASSED] - Statement - PreSaveFile = new java.io.File(((pathPrefix + java.lang.Integer.toString(counter)) + .png)): null

2018-12-14 11:19:20 - [TEST_STEP][PASSED] - Statement - counter = counter + 1: null

2018-12-14 11:19:20 - [TEST_STEP][PASSED] - Statement - PreSaveFile = new java.io.File(((pathPrefix + java.lang.Integer.toString(counter)) + .png)): null

2018-12-14 11:19:20 - [TEST_STEP][PASSED] - Statement - counter = counter + 1: null

2018-12-14 11:19:20 - [TEST_STEP][PASSED] - Statement - PreSaveFile = new java.io.File(((pathPrefix + java.lang.Integer.toString(counter)) + .png)): null

2018-12-14 11:19:20 - [TEST_STEP][PASSED] - Statement - counter = counter + 1: null

2018-12-14 11:19:20 - [TEST_STEP][PASSED] - Statement - PreSaveFile = new java.io.File(((pathPrefix + java.lang.Integer.toString(counter)) + .png)): null

2018-12-14 11:19:20 - [TEST_STEP][PASSED] - Statement - counter = counter + 1: null

2018-12-14 11:19:20 - [TEST_STEP][PASSED] - Statement - PreSaveFile = new java.io.File(((pathPrefix + java.lang.Integer.toString(counter)) + .png)): null

2018-12-14 11:19:20 - [TEST_STEP][PASSED] - Statement - counter = counter + 1: null

2018-12-14 11:19:20 - [TEST_STEP][PASSED] - Statement - PreSaveFile = new java.io.File(((pathPrefix + java.lang.Integer.toString(counter)) + .png)): null

2018-12-14 11:19:20 - [TEST_STEP][PASSED] - Statement - counter = counter + 1: null

2018-12-14 11:19:20 - [TEST_STEP][PASSED] - Statement - PreSaveFile = new java.io.File(((pathPrefix + java.lang.Integer.toString(counter)) + .png)): null

2018-12-14 11:19:20 - [TEST_STEP][PASSED] - Statement - counter = counter + 1: null

2018-12-14 11:19:20 - [TEST_STEP][PASSED] - Statement - PreSaveFile = new java.io.File(((pathPrefix + java.lang.Integer.toString(counter)) + .png)): null

2018-12-14 11:19:20 - [TEST_STEP][PASSED] - Statement - counter = counter + 1: null

2018-12-14 11:19:20 - [TEST_STEP][PASSED] - Statement - PreSaveFile = new java.io.File(((pathPrefix + java.lang.Integer.toString(counter)) + .png)): null

2018-12-14 11:19:20 - [TEST_STEP][PASSED] - Statement - counter = counter + 1: null

2018-12-14 11:19:20 - [TEST_STEP][PASSED] - Statement - PreSaveFile = new java.io.File(((pathPrefix + java.lang.Integer.toString(counter)) + .png)): null

2018-12-14 11:19:20 - [TEST_STEP][PASSED] - Statement - counter = counter + 1: null

2018-12-14 11:19:20 - [TEST_STEP][PASSED] - Statement - PreSaveFile = new java.io.File(((pathPrefix + java.lang.Integer.toString(counter)) + .png)): null

2018-12-14 11:19:20 - [TEST_STEP][PASSED] - Statement - counter = counter + 1: null

2018-12-14 11:19:20 - [TEST_STEP][PASSED] - Statement - PreSaveFile = new java.io.File(((pathPrefix + java.lang.Integer.toString(counter)) + .png)): null

2018-12-14 11:19:20 - [TEST_STEP][PASSED] - Statement - counter = counter + 1: null

2018-12-14 11:19:20 - [TEST_STEP][PASSED] - Statement - PreSaveFile = new java.io.File(((pathPrefix + java.lang.Integer.toString(counter)) + .png)): null

2018-12-14 11:19:20 - [TEST_STEP][PASSED] - Statement - counter = counter + 1: null

2018-12-14 11:19:20 - [TEST_STEP][PASSED] - Statement - PreSaveFile = new java.io.File(((pathPrefix + java.lang.Integer.toString(counter)) + .png)): null

2018-12-14 11:19:20 - [TEST_STEP][PASSED] - Statement - counter = counter + 1: null

2018-12-14 11:19:20 - [TEST_STEP][PASSED] - Statement - PreSaveFile = new java.io.File(((pathPrefix + java.lang.Integer.toString(counter)) + .png)): null

2018-12-14 11:19:20 - [TEST_STEP][PASSED] - Statement - counter = counter + 1: null

2018-12-14 11:19:20 - [TEST_STEP][PASSED] - Statement - PreSaveFile = new java.io.File(((pathPrefix + java.lang.Integer.toString(counter)) + .png)): null

2018-12-14 11:19:20 - [TEST_STEP][PASSED] - Statement - counter = counter + 1: null

2018-12-14 11:19:20 - [TEST_STEP][PASSED] - Statement - PreSaveFile = new java.io.File(((pathPrefix + java.lang.Integer.toString(counter)) + .png)): null

2018-12-14 11:19:20 - [TEST_STEP][PASSED] - Statement - counter = counter + 1: null

2018-12-14 11:19:20 - [TEST_STEP][PASSED] - Statement - PreSaveFile = new java.io.File(((pathPrefix + java.lang.Integer.toString(counter)) + .png)): null

2018-12-14 11:19:20 - [TEST_STEP][PASSED] - Statement - counter = counter + 1: null

2018-12-14 11:19:20 - [TEST_STEP][PASSED] - Statement - PreSaveFile = new java.io.File(((pathPrefix + java.lang.Integer.toString(counter)) + .png)): null

2018-12-14 11:19:20 - [TEST_STEP][PASSED] - Statement - counter = counter + 1: null

2018-12-14 11:19:20 - [TEST_STEP][PASSED] - Statement - PreSaveFile = new java.io.File(((pathPrefix + java.lang.Integer.toString(counter)) + .png)): null

2018-12-14 11:19:20 - [TEST_STEP][PASSED] - Statement - counter = counter + 1: null

2018-12-14 11:19:20 - [TEST_STEP][PASSED] - Statement - PreSaveFile = new java.io.File(((pathPrefix + java.lang.Integer.toString(counter)) + .png)): null

2018-12-14 11:19:20 - [TEST_STEP][PASSED] - Statement - counter = counter + 1: null

2018-12-14 11:19:20 - [TEST_STEP][PASSED] - Statement - PreSaveFile = new java.io.File(((pathPrefix + java.lang.Integer.toString(counter)) + .png)): null

2018-12-14 11:19:20 - [TEST_STEP][PASSED] - Statement - counter = counter + 1: null

2018-12-14 11:19:20 - [TEST_STEP][PASSED] - Statement - PreSaveFile = new java.io.File(((pathPrefix + java.lang.Integer.toString(counter)) + .png)): null

2018-12-14 11:19:20 - [TEST_STEP][PASSED] - Statement - counter = counter + 1: null

2018-12-14 11:19:20 - [TEST_STEP][PASSED] - Statement - PreSaveFile = new java.io.File(((pathPrefix + java.lang.Integer.toString(counter)) + .png)): null

2018-12-14 11:19:20 - [TEST_STEP][PASSED] - Statement - counter = counter + 1: null

2018-12-14 11:19:20 - [TEST_STEP][PASSED] - Statement - PreSaveFile = new java.io.File(((pathPrefix + java.lang.Integer.toString(counter)) + .png)): null

2018-12-14 11:19:20 - [TEST_STEP][PASSED] - Statement - counter = counter + 1: null

2018-12-14 11:19:20 - [TEST_STEP][PASSED] - Statement - PreSaveFile = new java.io.File(((pathPrefix + java.lang.Integer.toString(counter)) + .png)): null

2018-12-14 11:19:20 - [TEST_STEP][PASSED] - Statement - counter = counter + 1: null

2018-12-14 11:19:20 - [TEST_STEP][PASSED] - Statement - PreSaveFile = new java.io.File(((pathPrefix + java.lang.Integer.toString(counter)) + .png)): null

2018-12-14 11:19:20 - [TEST_STEP][PASSED] - Statement - counter = counter + 1: null

2018-12-14 11:19:20 - [TEST_STEP][PASSED] - Statement - PreSaveFile = new java.io.File(((pathPrefix + java.lang.Integer.toString(counter)) + .png)): null

2018-12-14 11:19:20 - [TEST_STEP][PASSED] - Statement - counter = counter + 1: null

2018-12-14 11:19:20 - [TEST_STEP][PASSED] - Statement - PreSaveFile = new java.io.File(((pathPrefix + java.lang.Integer.toString(counter)) + .png)): null

2018-12-14 11:19:20 - [TEST_STEP][PASSED] - Statement - counter = counter + 1: null

2018-12-14 11:19:20 - [TEST_STEP][PASSED] - Statement - PreSaveFile = new java.io.File(((pathPrefix + java.lang.Integer.toString(counter)) + .png)): null

2018-12-14 11:19:20 - [TEST_STEP][PASSED] - Statement - counter = counter + 1: null

2018-12-14 11:19:20 - [TEST_STEP][PASSED] - Statement - PreSaveFile = new java.io.File(((pathPrefix + java.lang.Integer.toString(counter)) + .png)): null

2018-12-14 11:19:20 - [TEST_STEP][PASSED] - Statement - counter = counter + 1: null

2018-12-14 11:19:20 - [TEST_STEP][PASSED] - Statement - PreSaveFile = new java.io.File(((pathPrefix + java.lang.Integer.toString(counter)) + .png)): null

2018-12-14 11:19:20 - [TEST_STEP][PASSED] - Statement - counter = counter + 1: null

2018-12-14 11:19:20 - [TEST_STEP][PASSED] - Statement - PreSaveFile = new java.io.File(((pathPrefix + java.lang.Integer.toString(counter)) + .png)): null

2018-12-14 11:19:20 - [TEST_STEP][PASSED] - Statement - counter = counter + 1: null

2018-12-14 11:19:20 - [TEST_STEP][PASSED] - Statement - PreSaveFile = new java.io.File(((pathPrefix + java.lang.Integer.toString(counter)) + .png)): null

2018-12-14 11:19:20 - [TEST_STEP][PASSED] - Statement - counter = counter + 1: null

2018-12-14 11:19:20 - [TEST_STEP][PASSED] - Statement - PreSaveFile = new java.io.File(((pathPrefix + java.lang.Integer.toString(counter)) + .png)): null

2018-12-14 11:19:20 - [TEST_STEP][PASSED] - Statement - counter = counter + 1: null

2018-12-14 11:19:20 - [TEST_STEP][PASSED] - Statement - PreSaveFile = new java.io.File(((pathPrefix + java.lang.Integer.toString(counter)) + .png)): null

2018-12-14 11:19:20 - [TEST_STEP][PASSED] - Statement - counter = counter + 1: null

2018-12-14 11:19:20 - [TEST_STEP][PASSED] - Statement - PreSaveFile = new java.io.File(((pathPrefix + java.lang.Integer.toString(counter)) + .png)): null

2018-12-14 11:19:20 - [TEST_STEP][PASSED] - Statement - counter = counter + 1: null

2018-12-14 11:19:20 - [TEST_STEP][PASSED] - Statement - PreSaveFile = new java.io.File(((pathPrefix + java.lang.Integer.toString(counter)) + .png)): null

2018-12-14 11:19:20 - [TEST_STEP][PASSED] - Statement - counter = counter + 1: null

2018-12-14 11:19:20 - [TEST_STEP][PASSED] - Statement - PreSaveFile = new java.io.File(((pathPrefix + java.lang.Integer.toString(counter)) + .png)): null

2018-12-14 11:19:20 - [TEST_STEP][PASSED] - Statement - counter = counter + 1: null

2018-12-14 11:19:20 - [TEST_STEP][PASSED] - Statement - PreSaveFile = new java.io.File(((pathPrefix + java.lang.Integer.toString(counter)) + .png)): null

2018-12-14 11:19:20 - [TEST_STEP][PASSED] - Statement - counter = counter + 1: null

2018-12-14 11:19:20 - [TEST_STEP][PASSED] - Statement - PreSaveFile = new java.io.File(((pathPrefix + java.lang.Integer.toString(counter)) + .png)): null

2018-12-14 11:19:20 - [TEST_STEP][PASSED] - Statement - counter = counter + 1: null

2018-12-14 11:19:20 - [TEST_STEP][PASSED] - Statement - PreSaveFile = new java.io.File(((pathPrefix + java.lang.Integer.toString(counter)) + .png)): null

2018-12-14 11:19:20 - [TEST_STEP][PASSED] - Statement - counter = counter + 1: null

2018-12-14 11:19:20 - [TEST_STEP][PASSED] - Statement - PreSaveFile = new java.io.File(((pathPrefix + java.lang.Integer.toString(counter)) + .png)): null

2018-12-14 11:19:20 - [TEST_STEP][PASSED] - Statement - counter = counter + 1: null

2018-12-14 11:19:20 - [TEST_STEP][PASSED] - Statement - PreSaveFile = new java.io.File(((pathPrefix + java.lang.Integer.toString(counter)) + .png)): null

2018-12-14 11:19:20 - [TEST_STEP][PASSED] - Statement - counter = counter + 1: null

2018-12-14 11:19:20 - [TEST_STEP][PASSED] - Statement - PreSaveFile = new java.io.File(((pathPrefix + java.lang.Integer.toString(counter)) + .png)): null

2018-12-14 11:19:20 - [TEST_STEP][PASSED] - Statement - counter = counter + 1: null

2018-12-14 11:19:20 - [TEST_STEP][PASSED] - Statement - PreSaveFile = new java.io.File(((pathPrefix + java.lang.Integer.toString(counter)) + .png)): null

2018-12-14 11:19:20 - [TEST_STEP][PASSED] - Statement - counter = counter + 1: null

2018-12-14 11:19:20 - [TEST_STEP][PASSED] - Statement - PreSaveFile = new java.io.File(((pathPrefix + java.lang.Integer.toString(counter)) + .png)): null

2018-12-14 11:19:20 - [TEST_STEP][PASSED] - Statement - counter = counter + 1: null

2018-12-14 11:19:20 - [TEST_STEP][PASSED] - Statement - PreSaveFile = new java.io.File(((pathPrefix + java.lang.Integer.toString(counter)) + .png)): null

2018-12-14 11:19:20 - [TEST_STEP][PASSED] - Statement - counter = counter + 1: null

2018-12-14 11:19:20 - [TEST_STEP][PASSED] - Statement - PreSaveFile = new java.io.File(((pathPrefix + java.lang.Integer.toString(counter)) + .png)): null

2018-12-14 11:19:20 - [TEST_STEP][PASSED] - Statement - counter = counter + 1: null

2018-12-14 11:19:20 - [TEST_STEP][PASSED] - Statement - PreSaveFile = new java.io.File(((pathPrefix + java.lang.Integer.toString(counter)) + .png)): null

2018-12-14 11:19:20 - [TEST_STEP][PASSED] - Statement - counter = counter + 1: null

2018-12-14 11:19:20 - [TEST_STEP][PASSED] - Statement - PreSaveFile = new java.io.File(((pathPrefix + java.lang.Integer.toString(counter)) + .png)): null

2018-12-14 11:19:20 - [TEST_STEP][PASSED] - Statement - counter = counter + 1: null

2018-12-14 11:19:20 - [TEST_STEP][PASSED] - Statement - PreSaveFile = new java.io.File(((pathPrefix + java.lang.Integer.toString(counter)) + .png)): null

2018-12-14 11:19:20 - [TEST_STEP][PASSED] - Statement - counter = counter + 1: null

2018-12-14 11:19:20 - [TEST_STEP][PASSED] - Statement - PreSaveFile = new java.io.File(((pathPrefix + java.lang.Integer.toString(counter)) + .png)): null

2018-12-14 11:19:20 - [TEST_STEP][PASSED] - Statement - counter = counter + 1: null

2018-12-14 11:19:20 - [TEST_STEP][PASSED] - Statement - PreSaveFile = new java.io.File(((pathPrefix + java.lang.Integer.toString(counter)) + .png)): null

2018-12-14 11:19:20 - [TEST_STEP][PASSED] - Statement - counter = counter + 1: null

2018-12-14 11:19:20 - [TEST_STEP][PASSED] - Statement - PreSaveFile = new java.io.File(((pathPrefix + java.lang.Integer.toString(counter)) + .png)): null

2018-12-14 11:19:20 - [TEST_STEP][PASSED] - Statement - counter = counter + 1: null

2018-12-14 11:19:20 - [TEST_STEP][PASSED] - Statement - PreSaveFile = new java.io.File(((pathPrefix + java.lang.Integer.toString(counter)) + .png)): null

2018-12-14 11:19:20 - [TEST_STEP][PASSED] - Statement - counter = counter + 1: null

2018-12-14 11:19:20 - [TEST_STEP][PASSED] - Statement - PreSaveFile = new java.io.File(((pathPrefix + java.lang.Integer.toString(counter)) + .png)): null

2018-12-14 11:19:20 - [TEST_STEP][PASSED] - Statement - counter = counter + 1: null

2018-12-14 11:19:20 - [TEST_STEP][PASSED] - Statement - PreSaveFile = new java.io.File(((pathPrefix + java.lang.Integer.toString(counter)) + .png)): null

2018-12-14 11:19:20 - [TEST_STEP][PASSED] - Statement - counter = counter + 1: null

2018-12-14 11:19:20 - [TEST_STEP][PASSED] - Statement - PreSaveFile = new java.io.File(((pathPrefix + java.lang.Integer.toString(counter)) + .png)): null

2018-12-14 11:19:20 - [TEST_STEP][PASSED] - Statement - counter = counter + 1: null

2018-12-14 11:19:20 - [TEST_STEP][PASSED] - Statement - PreSaveFile = new java.io.File(((pathPrefix + java.lang.Integer.toString(counter)) + .png)): null

2018-12-14 11:19:20 - [TEST_STEP][PASSED] - Statement - counter = counter + 1: null

2018-12-14 11:19:20 - [TEST_STEP][PASSED] - Statement - PreSaveFile = new java.io.File(((pathPrefix + java.lang.Integer.toString(counter)) + .png)): null

2018-12-14 11:19:20 - [TEST_STEP][PASSED] - Statement - counter = counter + 1: null

2018-12-14 11:19:20 - [TEST_STEP][PASSED] - Statement - PreSaveFile = new java.io.File(((pathPrefix + java.lang.Integer.toString(counter)) + .png)): null

2018-12-14 11:19:20 - [TEST_STEP][PASSED] - Statement - counter = counter + 1: null

2018-12-14 11:19:20 - [TEST_STEP][PASSED] - Statement - PreSaveFile = new java.io.File(((pathPrefix + java.lang.Integer.toString(counter)) + .png)): null

2018-12-14 11:19:20 - [TEST_STEP][PASSED] - Statement - counter = counter + 1: null

2018-12-14 11:19:20 - [TEST_STEP][PASSED] - Statement - PreSaveFile = new java.io.File(((pathPrefix + java.lang.Integer.toString(counter)) + .png)): null

2018-12-14 11:19:20 - [TEST_STEP][PASSED] - Statement - counter = counter + 1: null

2018-12-14 11:19:20 - [TEST_STEP][PASSED] - Statement - PreSaveFile = new java.io.File(((pathPrefix + java.lang.Integer.toString(counter)) + .png)): null

2018-12-14 11:19:20 - [TEST_STEP][PASSED] - Statement - counter = counter + 1: null

2018-12-14 11:19:20 - [TEST_STEP][PASSED] - Statement - PreSaveFile = new java.io.File(((pathPrefix + java.lang.Integer.toString(counter)) + .png)): null

2018-12-14 11:19:20 - [TEST_STEP][PASSED] - Statement - counter = counter + 1: null

2018-12-14 11:19:20 - [TEST_STEP][PASSED] - Statement - PreSaveFile = new java.io.File(((pathPrefix + java.lang.Integer.toString(counter)) + .png)): null

2018-12-14 11:19:20 - [TEST_STEP][PASSED] - Statement - counter = counter + 1: null

2018-12-14 11:19:20 - [TEST_STEP][PASSED] - Statement - PreSaveFile = new java.io.File(((pathPrefix + java.lang.Integer.toString(counter)) + .png)): null

2018-12-14 11:19:20 - [TEST_STEP][PASSED] - Statement - counter = counter + 1: null

2018-12-14 11:19:20 - [TEST_STEP][PASSED] - Statement - PreSaveFile = new java.io.File(((pathPrefix + java.lang.Integer.toString(counter)) + .png)): null

2018-12-14 11:19:20 - [TEST_STEP][PASSED] - Statement - counter = counter + 1: null

2018-12-14 11:19:20 - [TEST_STEP][PASSED] - Statement - PreSaveFile = new java.io.File(((pathPrefix + java.lang.Integer.toString(counter)) + .png)): null

2018-12-14 11:19:20 - [TEST_STEP][PASSED] - Statement - counter = counter + 1: null

2018-12-14 11:19:20 - [TEST_STEP][PASSED] - Statement - PreSaveFile = new java.io.File(((pathPrefix + java.lang.Integer.toString(counter)) + .png)): null

2018-12-14 11:19:20 - [TEST_STEP][PASSED] - Statement - counter = counter + 1: null

2018-12-14 11:19:20 - [TEST_STEP][PASSED] - Statement - PreSaveFile = new java.io.File(((pathPrefix + java.lang.Integer.toString(counter)) + .png)): null

2018-12-14 11:19:20 - [TEST_STEP][PASSED] - Statement - counter = counter + 1: null

2018-12-14 11:19:20 - [TEST_STEP][PASSED] - Statement - PreSaveFile = new java.io.File(((pathPrefix + java.lang.Integer.toString(counter)) + .png)): null

2018-12-14 11:19:20 - [TEST_STEP][PASSED] - Statement - counter = counter + 1: null

2018-12-14 11:19:20 - [TEST_STEP][PASSED] - Statement - PreSaveFile = new java.io.File(((pathPrefix + java.lang.Integer.toString(counter)) + .png)): null

2018-12-14 11:19:20 - [TEST_STEP][PASSED] - Statement - counter = counter + 1: null

2018-12-14 11:19:20 - [TEST_STEP][PASSED] - Statement - PreSaveFile = new java.io.File(((pathPrefix + java.lang.Integer.toString(counter)) + .png)): null

2018-12-14 11:19:20 - [TEST_STEP][PASSED] - Statement - counter = counter + 1: null

2018-12-14 11:19:20 - [TEST_STEP][PASSED] - Statement - PreSaveFile = new java.io.File(((pathPrefix + java.lang.Integer.toString(counter)) + .png)): null

2018-12-14 11:19:20 - [TEST_STEP][PASSED] - Statement - counter = counter + 1: null

2018-12-14 11:19:20 - [TEST_STEP][PASSED] - Statement - PreSaveFile = new java.io.File(((pathPrefix + java.lang.Integer.toString(counter)) + .png)): null

2018-12-14 11:19:20 - [TEST_STEP][PASSED] - Statement - counter = counter + 1: null

2018-12-14 11:19:20 - [TEST_STEP][PASSED] - Statement - PreSaveFile = new java.io.File(((pathPrefix + java.lang.Integer.toString(counter)) + .png)): null

2018-12-14 11:19:20 - [TEST_STEP][PASSED] - Statement - counter = counter + 1: null

2018-12-14 11:19:20 - [TEST_STEP][PASSED] - Statement - PreSaveFile = new java.io.File(((pathPrefix + java.lang.Integer.toString(counter)) + .png)): null

2018-12-14 11:19:20 - [TEST_STEP][PASSED] - Statement - counter = counter + 1: null

2018-12-14 11:19:20 - [TEST_STEP][PASSED] - Statement - PreSaveFile = new java.io.File(((pathPrefix + java.lang.Integer.toString(counter)) + .png)): null

2018-12-14 11:19:20 - [TEST_STEP][PASSED] - Statement - counter = counter + 1: null

2018-12-14 11:19:20 - [TEST_STEP][PASSED] - Statement - PreSaveFile = new java.io.File(((pathPrefix + java.lang.Integer.toString(counter)) + .png)): null

2018-12-14 11:19:20 - [TEST_STEP][PASSED] - Statement - counter = counter + 1: null

2018-12-14 11:19:20 - [TEST_STEP][PASSED] - Statement - PreSaveFile = new java.io.File(((pathPrefix + java.lang.Integer.toString(counter)) + .png)): null

2018-12-14 11:19:20 - [TEST_STEP][PASSED] - Statement - counter = counter + 1: null

2018-12-14 11:19:20 - [TEST_STEP][PASSED] - Statement - PreSaveFile = new java.io.File(((pathPrefix + java.lang.Integer.toString(counter)) + .png)): null

2018-12-14 11:19:20 - [TEST_STEP][PASSED] - Statement - counter = counter + 1: null

2018-12-14 11:19:20 - [TEST_STEP][PASSED] - Statement - PreSaveFile = new java.io.File(((pathPrefix + java.lang.Integer.toString(counter)) + .png)): null

2018-12-14 11:19:20 - [TEST_STEP][PASSED] - Statement - counter = counter + 1: null

2018-12-14 11:19:20 - [TEST_STEP][PASSED] - Statement - PreSaveFile = new java.io.File(((pathPrefix + java.lang.Integer.toString(counter)) + .png)): null

2018-12-14 11:19:20 - [TEST_STEP][PASSED] - Statement - counter = counter + 1: null

2018-12-14 11:19:20 - [TEST_STEP][PASSED] - Statement - PreSaveFile = new java.io.File(((pathPrefix + java.lang.Integer.toString(counter)) + .png)): null

2018-12-14 11:19:20 - [TEST_STEP][PASSED] - Statement - counter = counter + 1: null

2018-12-14 11:19:20 - [TEST_STEP][PASSED] - Statement - PreSaveFile = new java.io.File(((pathPrefix + java.lang.Integer.toString(counter)) + .png)): null

2018-12-14 11:19:20 - [TEST_STEP][PASSED] - Statement - counter = counter + 1: null

2018-12-14 11:19:20 - [TEST_STEP][PASSED] - Statement - PreSaveFile = new java.io.File(((pathPrefix + java.lang.Integer.toString(counter)) + .png)): null

2018-12-14 11:19:20 - [TEST_STEP][PASSED] - Statement - counter = counter + 1: null

2018-12-14 11:19:20 - [TEST_STEP][PASSED] - Statement - PreSaveFile = new java.io.File(((pathPrefix + java.lang.Integer.toString(counter)) + .png)): null

2018-12-14 11:19:20 - [TEST_STEP][PASSED] - Statement - counter = counter + 1: null

2018-12-14 11:19:20 - [TEST_STEP][PASSED] - Statement - PreSaveFile = new java.io.File(((pathPrefix + java.lang.Integer.toString(counter)) + .png)): null

2018-12-14 11:19:20 - [TEST_STEP][PASSED] - Statement - counter = counter + 1: null

2018-12-14 11:19:20 - [TEST_STEP][PASSED] - Statement - PreSaveFile = new java.io.File(((pathPrefix + java.lang.Integer.toString(counter)) + .png)): null

2018-12-14 11:19:20 - [TEST_STEP][PASSED] - Statement - counter = counter + 1: null

2018-12-14 11:19:20 - [TEST_STEP][PASSED] - Statement - PreSaveFile = new java.io.File(((pathPrefix + java.lang.Integer.toString(counter)) + .png)): null

2018-12-14 11:19:20 - [TEST_STEP][PASSED] - Statement - counter = counter + 1: null

2018-12-14 11:19:20 - [TEST_STEP][PASSED] - Statement - PreSaveFile = new java.io.File(((pathPrefix + java.lang.Integer.toString(counter)) + .png)): null

2018-12-14 11:19:20 - [TEST_STEP][PASSED] - Statement - counter = counter + 1: null

2018-12-14 11:19:20 - [TEST_STEP][PASSED] - Statement - PreSaveFile = new java.io.File(((pathPrefix + java.lang.Integer.toString(counter)) + .png)): null

2018-12-14 11:19:20 - [TEST_STEP][PASSED] - Statement - counter = counter + 1: null

2018-12-14 11:19:20 - [TEST_STEP][PASSED] - Statement - PreSaveFile = new java.io.File(((pathPrefix + java.lang.Integer.toString(counter)) + .png)): null

2018-12-14 11:19:20 - [TEST_STEP][PASSED] - Statement - counter = counter + 1: null

2018-12-14 11:19:20 - [TEST_STEP][PASSED] - Statement - PreSaveFile = new java.io.File(((pathPrefix + java.lang.Integer.toString(counter)) + .png)): null

2018-12-14 11:19:20 - [TEST_STEP][PASSED] - Statement - counter = counter + 1: null

2018-12-14 11:19:20 - [TEST_STEP][PASSED] - Statement - PreSaveFile = new java.io.File(((pathPrefix + java.lang.Integer.toString(counter)) + .png)): null

2018-12-14 11:19:20 - [TEST_STEP][PASSED] - Statement - counter = counter + 1: null

2018-12-14 11:19:20 - [TEST_STEP][PASSED] - Statement - PreSaveFile = new java.io.File(((pathPrefix + java.lang.Integer.toString(counter)) + .png)): null

2018-12-14 11:19:20 - [TEST_STEP][PASSED] - Statement - counter = counter + 1: null

2018-12-14 11:19:20 - [TEST_STEP][PASSED] - Statement - PreSaveFile = new java.io.File(((pathPrefix + java.lang.Integer.toString(counter)) + .png)): null

2018-12-14 11:19:20 - [TEST_STEP][PASSED] - Statement - counter = counter + 1: null

2018-12-14 11:19:20 - [TEST_STEP][PASSED] - Statement - PreSaveFile = new java.io.File(((pathPrefix + java.lang.Integer.toString(counter)) + .png)): null

2018-12-14 11:19:20 - [TEST_STEP][PASSED] - Statement - counter = counter + 1: null

2018-12-14 11:19:20 - [TEST_STEP][PASSED] - Statement - PreSaveFile = new java.io.File(((pathPrefix + java.lang.Integer.toString(counter)) + .png)): null

2018-12-14 11:19:20 - [TEST_STEP][PASSED] - Statement - counter = counter + 1: null

2018-12-14 11:19:20 - [TEST_STEP][PASSED] - Statement - PreSaveFile = new java.io.File(((pathPrefix + java.lang.Integer.toString(counter)) + .png)): null

2018-12-14 11:19:20 - [TEST_STEP][PASSED] - Statement - counter = counter + 1: null

2018-12-14 11:19:20 - [TEST_STEP][PASSED] - Statement - PreSaveFile = new java.io.File(((pathPrefix + java.lang.Integer.toString(counter)) + .png)): null

2018-12-14 11:19:20 - [TEST_STEP][PASSED] - Statement - counter = counter + 1: null

2018-12-14 11:19:20 - [TEST_STEP][PASSED] - Statement - PreSaveFile = new java.io.File(((pathPrefix + java.lang.Integer.toString(counter)) + .png)): null

2018-12-14 11:19:20 - [TEST_STEP][PASSED] - Statement - counter = counter + 1: null

2018-12-14 11:19:20 - [TEST_STEP][PASSED] - Statement - PreSaveFile = new java.io.File(((pathPrefix + java.lang.Integer.toString(counter)) + .png)): null

2018-12-14 11:19:20 - [TEST_STEP][PASSED] - Statement - counter = counter + 1: null

2018-12-14 11:19:20 - [TEST_STEP][PASSED] - Statement - PreSaveFile = new java.io.File(((pathPrefix + java.lang.Integer.toString(counter)) + .png)): null

2018-12-14 11:19:20 - [TEST_STEP][PASSED] - Statement - counter = counter + 1: null

2018-12-14 11:19:20 - [TEST_STEP][PASSED] - Statement - PreSaveFile = new java.io.File(((pathPrefix + java.lang.Integer.toString(counter)) + .png)): null

2018-12-14 11:19:20 - [TEST_STEP][PASSED] - Statement - counter = counter + 1: null

2018-12-14 11:19:20 - [TEST_STEP][PASSED] - Statement - PreSaveFile = new java.io.File(((pathPrefix + java.lang.Integer.toString(counter)) + .png)): null

2018-12-14 11:19:20 - [TEST_STEP][PASSED] - Statement - counter = counter + 1: null

2018-12-14 11:19:20 - [TEST_STEP][PASSED] - Statement - PreSaveFile = new java.io.File(((pathPrefix + java.lang.Integer.toString(counter)) + .png)): null

2018-12-14 11:19:20 - [TEST_STEP][PASSED] - Statement - counter = counter + 1: null

2018-12-14 11:19:20 - [TEST_STEP][PASSED] - Statement - PreSaveFile = new java.io.File(((pathPrefix + java.lang.Integer.toString(counter)) + .png)): null

2018-12-14 11:19:20 - [TEST_STEP][PASSED] - Statement - counter = counter + 1: null

2018-12-14 11:19:20 - [TEST_STEP][PASSED] - Statement - PreSaveFile = new java.io.File(((pathPrefix + java.lang.Integer.toString(counter)) + .png)): null

2018-12-14 11:19:20 - [TEST_STEP][PASSED] - Statement - counter = counter + 1: null

2018-12-14 11:19:20 - [TEST_STEP][PASSED] - Statement - PreSaveFile = new java.io.File(((pathPrefix + java.lang.Integer.toString(counter)) + .png)): null

2018-12-14 11:19:20 - [TEST_STEP][PASSED] - Statement - counter = counter + 1: null

2018-12-14 11:19:20 - [TEST_STEP][PASSED] - Statement - PreSaveFile = new java.io.File(((pathPrefix + java.lang.Integer.toString(counter)) + .png)): null

2018-12-14 11:19:20 - [TEST_STEP][PASSED] - Statement - counter = counter + 1: null

2018-12-14 11:19:20 - [TEST_STEP][PASSED] - Statement - PreSaveFile = new java.io.File(((pathPrefix + java.lang.Integer.toString(counter)) + .png)): null

2018-12-14 11:19:20 - [TEST_STEP][PASSED] - Statement - counter = counter + 1: null

2018-12-14 11:19:20 - [TEST_STEP][PASSED] - Statement - PreSaveFile = new java.io.File(((pathPrefix + java.lang.Integer.toString(counter)) + .png)): null

2018-12-14 11:19:20 - [TEST_STEP][PASSED] - Statement - counter = counter + 1: null

2018-12-14 11:19:20 - [TEST_STEP][PASSED] - Statement - PreSaveFile = new java.io.File(((pathPrefix + java.lang.Integer.toString(counter)) + .png)): null

2018-12-14 11:19:20 - [TEST_STEP][PASSED] - Statement - counter = counter + 1: null

2018-12-14 11:19:20 - [TEST_STEP][PASSED] - Statement - PreSaveFile = new java.io.File(((pathPrefix + java.lang.Integer.toString(counter)) + .png)): null

2018-12-14 11:19:20 - [TEST_STEP][PASSED] - Statement - counter = counter + 1: null

2018-12-14 11:19:20 - [TEST_STEP][PASSED] - Statement - PreSaveFile = new java.io.File(((pathPrefix + java.lang.Integer.toString(counter)) + .png)): null

2018-12-14 11:19:20 - [TEST_STEP][PASSED] - Statement - counter = counter + 1: null

2018-12-14 11:19:20 - [TEST_STEP][PASSED] - Statement - PreSaveFile = new java.io.File(((pathPrefix + java.lang.Integer.toString(counter)) + .png)): null

2018-12-14 11:19:20 - [TEST_STEP][PASSED] - Statement - counter = counter + 1: null

2018-12-14 11:19:20 - [TEST_STEP][PASSED] - Statement - PreSaveFile = new java.io.File(((pathPrefix + java.lang.Integer.toString(counter)) + .png)): null

2018-12-14 11:19:20 - [TEST_STEP][PASSED] - Statement - counter = counter + 1: null

2018-12-14 11:19:20 - [TEST_STEP][PASSED] - Statement - PreSaveFile = new java.io.File(((pathPrefix + java.lang.Integer.toString(counter)) + .png)): null

2018-12-14 11:19:20 - [TEST_STEP][PASSED] - Statement - counter = counter + 1: null

2018-12-14 11:19:20 - [TEST_STEP][PASSED] - Statement - PreSaveFile = new java.io.File(((pathPrefix + java.lang.Integer.toString(counter)) + .png)): null

2018-12-14 11:19:20 - [TEST_STEP][PASSED] - Statement - counter = counter + 1: null

2018-12-14 11:19:20 - [TEST_STEP][PASSED] - Statement - PreSaveFile = new java.io.File(((pathPrefix + java.lang.Integer.toString(counter)) + .png)): null

2018-12-14 11:19:20 - [TEST_STEP][PASSED] - Statement - counter = counter + 1: null

2018-12-14 11:19:20 - [TEST_STEP][PASSED] - Statement - PreSaveFile = new java.io.File(((pathPrefix + java.lang.Integer.toString(counter)) + .png)): null

2018-12-14 11:19:20 - [TEST_STEP][PASSED] - Statement - counter = counter + 1: null

2018-12-14 11:19:20 - [TEST_STEP][PASSED] - Statement - PreSaveFile = new java.io.File(((pathPrefix + java.lang.Integer.toString(counter)) + .png)): null

2018-12-14 11:19:20 - [TEST_STEP][PASSED] - Statement - counter = counter + 1: null

2018-12-14 11:19:20 - [TEST_STEP][PASSED] - Statement - PreSaveFile = new java.io.File(((pathPrefix + java.lang.Integer.toString(counter)) + .png)): null

2018-12-14 11:19:20 - [TEST_STEP][PASSED] - Statement - counter = counter + 1: null

2018-12-14 11:19:20 - [TEST_STEP][PASSED] - Statement - PreSaveFile = new java.io.File(((pathPrefix + java.lang.Integer.toString(counter)) + .png)): null

2018-12-14 11:19:20 - [TEST_STEP][PASSED] - Statement - counter = counter + 1: null

2018-12-14 11:19:20 - [TEST_STEP][PASSED] - Statement - PreSaveFile = new java.io.File(((pathPrefix + java.lang.Integer.toString(counter)) + .png)): null

2018-12-14 11:19:20 - [TEST_STEP][PASSED] - Statement - counter = counter + 1: null

2018-12-14 11:19:20 - [TEST_STEP][PASSED] - Statement - PreSaveFile = new java.io.File(((pathPrefix + java.lang.Integer.toString(counter)) + .png)): null

2018-12-14 11:19:20 - [TEST_STEP][PASSED] - Statement - counter = counter + 1: null

2018-12-14 11:19:20 - [TEST_STEP][PASSED] - Statement - PreSaveFile = new java.io.File(((pathPrefix + java.lang.Integer.toString(counter)) + .png)): null

2018-12-14 11:19:20 - [TEST_STEP][PASSED] - Statement - counter = counter + 1: null

2018-12-14 11:19:20 - [TEST_STEP][PASSED] - Statement - PreSaveFile = new java.io.File(((pathPrefix + java.lang.Integer.toString(counter)) + .png)): null

2018-12-14 11:19:20 - [TEST_STEP][PASSED] - Statement - counter = counter + 1: null

2018-12-14 11:19:20 - [TEST_STEP][PASSED] - Statement - PreSaveFile = new java.io.File(((pathPrefix + java.lang.Integer.toString(counter)) + .png)): null

2018-12-14 11:19:20 - [TEST_STEP][PASSED] - Statement - counter = counter + 1: null

2018-12-14 11:19:20 - [TEST_STEP][PASSED] - Statement - PreSaveFile = new java.io.File(((pathPrefix + java.lang.Integer.toString(counter)) + .png)): null

2018-12-14 11:19:20 - [TEST_STEP][PASSED] - Statement - counter = counter + 1: null

2018-12-14 11:19:20 - [TEST_STEP][PASSED] - Statement - PreSaveFile = new java.io.File(((pathPrefix + java.lang.Integer.toString(counter)) + .png)): null

2018-12-14 11:19:20 - [TEST_STEP][PASSED] - Statement - counter = counter + 1: null

2018-12-14 11:19:20 - [TEST_STEP][PASSED] - Statement - PreSaveFile = new java.io.File(((pathPrefix + java.lang.Integer.toString(counter)) + .png)): null

2018-12-14 11:19:20 - [TEST_STEP][PASSED] - Statement - counter = counter + 1: null

2018-12-14 11:19:20 - [TEST_STEP][PASSED] - Statement - PreSaveFile = new java.io.File(((pathPrefix + java.lang.Integer.toString(counter)) + .png)): null

2018-12-14 11:19:20 - [TEST_STEP][PASSED] - Statement - counter = counter + 1: null

2018-12-14 11:19:20 - [TEST_STEP][PASSED] - Statement - PreSaveFile = new java.io.File(((pathPrefix + java.lang.Integer.toString(counter)) + .png)): null

2018-12-14 11:19:20 - [TEST_STEP][PASSED] - Statement - counter = counter + 1: null

2018-12-14 11:19:20 - [TEST_STEP][PASSED] - Statement - PreSaveFile = new java.io.File(((pathPrefix + java.lang.Integer.toString(counter)) + .png)): null

2018-12-14 11:19:20 - [TEST_STEP][PASSED] - Statement - counter = counter + 1: null

2018-12-14 11:19:20 - [TEST_STEP][PASSED] - Statement - PreSaveFile = new java.io.File(((pathPrefix + java.lang.Integer.toString(counter)) + .png)): null

2018-12-14 11:19:20 - [TEST_STEP][PASSED] - Statement - counter = counter + 1: null

2018-12-14 11:19:20 - [TEST_STEP][PASSED] - Statement - PreSaveFile = new java.io.File(((pathPrefix + java.lang.Integer.toString(counter)) + .png)): null

2018-12-14 11:19:20 - [TEST_STEP][PASSED] - Statement - counter = counter + 1: null

2018-12-14 11:19:20 - [TEST_STEP][PASSED] - Statement - PreSaveFile = new java.io.File(((pathPrefix + java.lang.Integer.toString(counter)) + .png)): null

2018-12-14 11:19:20 - [TEST_STEP][PASSED] - Statement - counter = counter + 1: null

2018-12-14 11:19:20 - [TEST_STEP][PASSED] - Statement - PreSaveFile = new java.io.File(((pathPrefix + java.lang.Integer.toString(counter)) + .png)): null

2018-12-14 11:19:20 - [TEST_STEP][PASSED] - Statement - counter = counter + 1: null

2018-12-14 11:19:20 - [TEST_STEP][PASSED] - Statement - PreSaveFile = new java.io.File(((pathPrefix + java.lang.Integer.toString(counter)) + .png)): null

2018-12-14 11:19:20 - [TEST_STEP][PASSED] - Statement - counter = counter + 1: null

2018-12-14 11:19:20 - [TEST_STEP][PASSED] - Statement - PreSaveFile = new java.io.File(((pathPrefix + java.lang.Integer.toString(counter)) + .png)): null

2018-12-14 11:19:20 - [TEST_STEP][PASSED] - Statement - counter = counter + 1: null

2018-12-14 11:19:20 - [TEST_STEP][PASSED] - Statement - PreSaveFile = new java.io.File(((pathPrefix + java.lang.Integer.toString(counter)) + .png)): null

2018-12-14 11:19:20 - [TEST_STEP][PASSED] - Statement - counter = counter + 1: null

2018-12-14 11:19:20 - [TEST_STEP][PASSED] - Statement - PreSaveFile = new java.io.File(((pathPrefix + java.lang.Integer.toString(counter)) + .png)): null

2018-12-14 11:19:20 - [TEST_STEP][PASSED] - Statement - counter = counter + 1: null

2018-12-14 11:19:20 - [TEST_STEP][PASSED] - Statement - PreSaveFile = new java.io.File(((pathPrefix + java.lang.Integer.toString(counter)) + .png)): null

2018-12-14 11:19:20 - [TEST_STEP][PASSED] - Statement - counter = counter + 1: null

2018-12-14 11:19:20 - [TEST_STEP][PASSED] - Statement - PreSaveFile = new java.io.File(((pathPrefix + java.lang.Integer.toString(counter)) + .png)): null

2018-12-14 11:19:20 - [TEST_STEP][PASSED] - Statement - counter = counter + 1: null

2018-12-14 11:19:21 - [TEST_STEP][PASSED] - Statement - PreSaveFile = new java.io.File(((pathPrefix + java.lang.Integer.toString(counter)) + .png)): null

2018-12-14 11:19:21 - [TEST_STEP][PASSED] - Statement - counter = counter + 1: null

2018-12-14 11:19:21 - [TEST_STEP][PASSED] - Statement - PreSaveFile = new java.io.File(((pathPrefix + java.lang.Integer.toString(counter)) + .png)): null

2018-12-14 11:19:21 - [TEST_STEP][PASSED] - Statement - counter = counter + 1: null

2018-12-14 11:19:21 - [TEST_STEP][PASSED] - Statement - PreSaveFile = new java.io.File(((pathPrefix + java.lang.Integer.toString(counter)) + .png)): null

2018-12-14 11:19:21 - [TEST_STEP][PASSED] - Statement - counter = counter + 1: null

2018-12-14 11:19:21 - [TEST_STEP][PASSED] - Statement - PreSaveFile = new java.io.File(((pathPrefix + java.lang.Integer.toString(counter)) + .png)): null

2018-12-14 11:19:21 - [TEST_STEP][PASSED] - Statement - counter = counter + 1: null

2018-12-14 11:19:21 - [TEST_STEP][PASSED] - Statement - PreSaveFile = new java.io.File(((pathPrefix + java.lang.Integer.toString(counter)) + .png)): null

2018-12-14 11:19:21 - [TEST_STEP][PASSED] - Statement - counter = counter + 1: null

2018-12-14 11:19:21 - [TEST_STEP][PASSED] - Statement - PreSaveFile = new java.io.File(((pathPrefix + java.lang.Integer.toString(counter)) + .png)): null

2018-12-14 11:19:21 - [TEST_STEP][PASSED] - Statement - counter = counter + 1: null

2018-12-14 11:19:21 - [TEST_STEP][PASSED] - Statement - PreSaveFile = new java.io.File(((pathPrefix + java.lang.Integer.toString(counter)) + .png)): null

2018-12-14 11:19:21 - [TEST_STEP][PASSED] - Statement - counter = counter + 1: null

2018-12-14 11:19:21 - [TEST_STEP][PASSED] - Statement - PreSaveFile = new java.io.File(((pathPrefix + java.lang.Integer.toString(counter)) + .png)): null

2018-12-14 11:19:21 - [TEST_STEP][PASSED] - Statement - counter = counter + 1: null

2018-12-14 11:19:21 - [TEST_STEP][PASSED] - Statement - PreSaveFile = new java.io.File(((pathPrefix + java.lang.Integer.toString(counter)) + .png)): null

2018-12-14 11:19:21 - [TEST_STEP][PASSED] - Statement - counter = counter + 1: null

2018-12-14 11:19:21 - [TEST_STEP][PASSED] - Statement - PreSaveFile = new java.io.File(((pathPrefix + java.lang.Integer.toString(counter)) + .png)): null

2018-12-14 11:19:21 - [TEST_STEP][PASSED] - Statement - counter = counter + 1: null

2018-12-14 11:19:21 - [TEST_STEP][PASSED] - Statement - PreSaveFile = new java.io.File(((pathPrefix + java.lang.Integer.toString(counter)) + .png)): null

2018-12-14 11:19:21 - [TEST_STEP][PASSED] - Statement - counter = counter + 1: null

2018-12-14 11:19:21 - [TEST_STEP][PASSED] - Statement - PreSaveFile = new java.io.File(((pathPrefix + java.lang.Integer.toString(counter)) + .png)): null

2018-12-14 11:19:21 - [TEST_STEP][PASSED] - Statement - counter = counter + 1: null

2018-12-14 11:19:21 - [TEST_STEP][PASSED] - Statement - PreSaveFile = new java.io.File(((pathPrefix + java.lang.Integer.toString(counter)) + .png)): null

2018-12-14 11:19:21 - [TEST_STEP][PASSED] - Statement - counter = counter + 1: null

2018-12-14 11:19:21 - [TEST_STEP][PASSED] - Statement - PreSaveFile = new java.io.File(((pathPrefix + java.lang.Integer.toString(counter)) + .png)): null

2018-12-14 11:19:21 - [TEST_STEP][PASSED] - Statement - counter = counter + 1: null

2018-12-14 11:19:21 - [TEST_STEP][PASSED] - Statement - PreSaveFile = new java.io.File(((pathPrefix + java.lang.Integer.toString(counter)) + .png)): null

2018-12-14 11:19:21 - [TEST_STEP][PASSED] - Statement - counter = counter + 1: null

2018-12-14 11:19:21 - [TEST_STEP][PASSED] - Statement - PreSaveFile = new java.io.File(((pathPrefix + java.lang.Integer.toString(counter)) + .png)): null

2018-12-14 11:19:21 - [TEST_STEP][PASSED] - Statement - counter = counter + 1: null

2018-12-14 11:19:21 - [TEST_STEP][PASSED] - Statement - PreSaveFile = new java.io.File(((pathPrefix + java.lang.Integer.toString(counter)) + .png)): null

2018-12-14 11:19:21 - [TEST_STEP][PASSED] - Statement - counter = counter + 1: null

2018-12-14 11:19:21 - [TEST_STEP][PASSED] - Statement - PreSaveFile = new java.io.File(((pathPrefix + java.lang.Integer.toString(counter)) + .png)): null

2018-12-14 11:19:21 - [TEST_STEP][PASSED] - Statement - counter = counter + 1: null

2018-12-14 11:19:21 - [TEST_STEP][PASSED] - Statement - PreSaveFile = new java.io.File(((pathPrefix + java.lang.Integer.toString(counter)) + .png)): null

2018-12-14 11:19:21 - [TEST_STEP][PASSED] - Statement - counter = counter + 1: null

2018-12-14 11:19:21 - [TEST_STEP][PASSED] - Statement - PreSaveFile = new java.io.File(((pathPrefix + java.lang.Integer.toString(counter)) + .png)): null

2018-12-14 11:19:21 - [TEST_STEP][PASSED] - Statement - counter = counter + 1: null

2018-12-14 11:19:21 - [TEST_STEP][PASSED] - Statement - PreSaveFile = new java.io.File(((pathPrefix + java.lang.Integer.toString(counter)) + .png)): null

2018-12-14 11:19:21 - [TEST_STEP][PASSED] - Statement - counter = counter + 1: null

2018-12-14 11:19:21 - [TEST_STEP][PASSED] - Statement - PreSaveFile = new java.io.File(((pathPrefix + java.lang.Integer.toString(counter)) + .png)): null

2018-12-14 11:19:21 - [TEST_STEP][PASSED] - Statement - counter = counter + 1: null

2018-12-14 11:19:21 - [TEST_STEP][PASSED] - Statement - PreSaveFile = new java.io.File(((pathPrefix + java.lang.Integer.toString(counter)) + .png)): null

2018-12-14 11:19:21 - [TEST_STEP][PASSED] - Statement - counter = counter + 1: null

2018-12-14 11:19:21 - [TEST_STEP][PASSED] - Statement - PreSaveFile = new java.io.File(((pathPrefix + java.lang.Integer.toString(counter)) + .png)): null

2018-12-14 11:19:21 - [TEST_STEP][PASSED] - Statement - counter = counter + 1: null

2018-12-14 11:19:21 - [TEST_STEP][PASSED] - Statement - PreSaveFile = new java.io.File(((pathPrefix + java.lang.Integer.toString(counter)) + .png)): null

2018-12-14 11:19:21 - [TEST_STEP][PASSED] - Statement - counter = counter + 1: null

2018-12-14 11:19:21 - [TEST_STEP][PASSED] - Statement - PreSaveFile = new java.io.File(((pathPrefix + java.lang.Integer.toString(counter)) + .png)): null

2018-12-14 11:19:21 - [TEST_STEP][PASSED] - Statement - counter = counter + 1: null

2018-12-14 11:19:21 - [TEST_STEP][PASSED] - Statement - PreSaveFile = new java.io.File(((pathPrefix + java.lang.Integer.toString(counter)) + .png)): null

2018-12-14 11:19:21 - [TEST_STEP][PASSED] - Statement - counter = counter + 1: null

2018-12-14 11:19:21 - [TEST_STEP][PASSED] - Statement - PreSaveFile = new java.io.File(((pathPrefix + java.lang.Integer.toString(counter)) + .png)): null

2018-12-14 11:19:21 - [TEST_STEP][PASSED] - Statement - counter = counter + 1: null

2018-12-14 11:19:21 - [TEST_STEP][PASSED] - Statement - PreSaveFile = new java.io.File(((pathPrefix + java.lang.Integer.toString(counter)) + .png)): null

2018-12-14 11:19:21 - [TEST_STEP][PASSED] - Statement - counter = counter + 1: null

2018-12-14 11:19:21 - [TEST_STEP][PASSED] - Statement - PreSaveFile = new java.io.File(((pathPrefix + java.lang.Integer.toString(counter)) + .png)): null

2018-12-14 11:19:21 - [TEST_STEP][PASSED] - Statement - counter = counter + 1: null

2018-12-14 11:19:21 - [TEST_STEP][PASSED] - Statement - PreSaveFile = new java.io.File(((pathPrefix + java.lang.Integer.toString(counter)) + .png)): null

2018-12-14 11:19:21 - [TEST_STEP][PASSED] - Statement - counter = counter + 1: null

2018-12-14 11:19:21 - [TEST_STEP][PASSED] - Statement - PreSaveFile = new java.io.File(((pathPrefix + java.lang.Integer.toString(counter)) + .png)): null

2018-12-14 11:19:21 - [TEST_STEP][PASSED] - Statement - counter = counter + 1: null

2018-12-14 11:19:21 - [TEST_STEP][PASSED] - Statement - PreSaveFile = new java.io.File(((pathPrefix + java.lang.Integer.toString(counter)) + .png)): null

2018-12-14 11:19:21 - [TEST_STEP][PASSED] - Statement - counter = counter + 1: null

2018-12-14 11:19:21 - [TEST_STEP][PASSED] - Statement - PreSaveFile = new java.io.File(((pathPrefix + java.lang.Integer.toString(counter)) + .png)): null

2018-12-14 11:19:21 - [TEST_STEP][PASSED] - Statement - counter = counter + 1: null

2018-12-14 11:19:21 - [TEST_STEP][PASSED] - Statement - PreSaveFile = new java.io.File(((pathPrefix + java.lang.Integer.toString(counter)) + .png)): null

2018-12-14 11:19:21 - [TEST_STEP][PASSED] - Statement - counter = counter + 1: null

2018-12-14 11:19:21 - [TEST_STEP][PASSED] - Statement - PreSaveFile = new java.io.File(((pathPrefix + java.lang.Integer.toString(counter)) + .png)): null

2018-12-14 11:19:21 - [TEST_STEP][PASSED] - Statement - counter = counter + 1: null

2018-12-14 11:19:21 - [TEST_STEP][PASSED] - Statement - PreSaveFile = new java.io.File(((pathPrefix + java.lang.Integer.toString(counter)) + .png)): null

2018-12-14 11:19:21 - [TEST_STEP][PASSED] - Statement - counter = counter + 1: null

2018-12-14 11:19:21 - [TEST_STEP][PASSED] - Statement - PreSaveFile = new java.io.File(((pathPrefix + java.lang.Integer.toString(counter)) + .png)): null

2018-12-14 11:19:21 - [TEST_STEP][PASSED] - Statement - counter = counter + 1: null

2018-12-14 11:19:21 - [TEST_STEP][PASSED] - Statement - PreSaveFile = new java.io.File(((pathPrefix + java.lang.Integer.toString(counter)) + .png)): null

2018-12-14 11:19:21 - [TEST_STEP][PASSED] - Statement - counter = counter + 1: null

2018-12-14 11:19:21 - [TEST_STEP][PASSED] - Statement - PreSaveFile = new java.io.File(((pathPrefix + java.lang.Integer.toString(counter)) + .png)): null

2018-12-14 11:19:21 - [TEST_STEP][PASSED] - Statement - counter = counter + 1: null

2018-12-14 11:19:21 - [TEST_STEP][PASSED] - Statement - PreSaveFile = new java.io.File(((pathPrefix + java.lang.Integer.toString(counter)) + .png)): null

2018-12-14 11:19:21 - [TEST_STEP][PASSED] - Statement - counter = counter + 1: null

2018-12-14 11:19:21 - [TEST_STEP][PASSED] - Statement - PreSaveFile = new java.io.File(((pathPrefix + java.lang.Integer.toString(counter)) + .png)): null

2018-12-14 11:19:21 - [TEST_STEP][PASSED] - Statement - counter = counter + 1: null

2018-12-14 11:19:21 - [TEST_STEP][PASSED] - Statement - PreSaveFile = new java.io.File(((pathPrefix + java.lang.Integer.toString(counter)) + .png)): null

2018-12-14 11:19:21 - [TEST_STEP][PASSED] - Statement - counter = counter + 1: null

2018-12-14 11:19:21 - [TEST_STEP][PASSED] - Statement - PreSaveFile = new java.io.File(((pathPrefix + java.lang.Integer.toString(counter)) + .png)): null

2018-12-14 11:19:21 - [TEST_STEP][PASSED] - Statement - counter = counter + 1: null

2018-12-14 11:19:21 - [TEST_STEP][PASSED] - Statement - PreSaveFile = new java.io.File(((pathPrefix + java.lang.Integer.toString(counter)) + .png)): null

2018-12-14 11:19:21 - [TEST_STEP][PASSED] - Statement - counter = counter + 1: null

2018-12-14 11:19:21 - [TEST_STEP][PASSED] - Statement - PreSaveFile = new java.io.File(((pathPrefix + java.lang.Integer.toString(counter)) + .png)): null

2018-12-14 11:19:21 - [TEST_STEP][PASSED] - Statement - counter = counter + 1: null

2018-12-14 11:19:21 - [TEST_STEP][PASSED] - Statement - PreSaveFile = new java.io.File(((pathPrefix + java.lang.Integer.toString(counter)) + .png)): null

2018-12-14 11:19:21 - [TEST_STEP][PASSED] - Statement - counter = counter + 1: null

2018-12-14 11:19:21 - [TEST_STEP][PASSED] - Statement - PreSaveFile = new java.io.File(((pathPrefix + java.lang.Integer.toString(counter)) + .png)): null

2018-12-14 11:19:21 - [TEST_STEP][PASSED] - Statement - counter = counter + 1: null

2018-12-14 11:19:21 - [TEST_STEP][PASSED] - Statement - PreSaveFile = new java.io.File(((pathPrefix + java.lang.Integer.toString(counter)) + .png)): null

2018-12-14 11:19:21 - [TEST_STEP][PASSED] - Statement - counter = counter + 1: null

2018-12-14 11:19:21 - [TEST_STEP][PASSED] - Statement - PreSaveFile = new java.io.File(((pathPrefix + java.lang.Integer.toString(counter)) + .png)): null

2018-12-14 11:19:21 - [TEST_STEP][PASSED] - Statement - counter = counter + 1: null

2018-12-14 11:19:21 - [TEST_STEP][PASSED] - Statement - PreSaveFile = new java.io.File(((pathPrefix + java.lang.Integer.toString(counter)) + .png)): null

2018-12-14 11:19:21 - [TEST_STEP][PASSED] - Statement - counter = counter + 1: null

2018-12-14 11:19:21 - [TEST_STEP][PASSED] - Statement - PreSaveFile = new java.io.File(((pathPrefix + java.lang.Integer.toString(counter)) + .png)): null

2018-12-14 11:19:21 - [TEST_STEP][PASSED] - Statement - counter = counter + 1: null

2018-12-14 11:19:21 - [TEST_STEP][PASSED] - Statement - PreSaveFile = new java.io.File(((pathPrefix + java.lang.Integer.toString(counter)) + .png)): null

2018-12-14 11:19:21 - [TEST_STEP][PASSED] - Statement - counter = counter + 1: null

2018-12-14 11:19:21 - [TEST_STEP][PASSED] - Statement - PreSaveFile = new java.io.File(((pathPrefix + java.lang.Integer.toString(counter)) + .png)): null

2018-12-14 11:19:21 - [TEST_STEP][PASSED] - Statement - counter = counter + 1: null

2018-12-14 11:19:21 - [TEST_STEP][PASSED] - Statement - PreSaveFile = new java.io.File(((pathPrefix + java.lang.Integer.toString(counter)) + .png)): null

2018-12-14 11:19:21 - [TEST_STEP][PASSED] - Statement - counter = counter + 1: null

2018-12-14 11:19:21 - [TEST_STEP][PASSED] - Statement - PreSaveFile = new java.io.File(((pathPrefix + java.lang.Integer.toString(counter)) + .png)): null

2018-12-14 11:19:21 - [TEST_STEP][PASSED] - Statement - counter = counter + 1: null

2018-12-14 11:19:21 - [TEST_STEP][PASSED] - Statement - PreSaveFile = new java.io.File(((pathPrefix + java.lang.Integer.toString(counter)) + .png)): null

2018-12-14 11:19:21 - [TEST_STEP][PASSED] - Statement - counter = counter + 1: null

2018-12-14 11:19:21 - [TEST_STEP][PASSED] - Statement - PreSaveFile = new java.io.File(((pathPrefix + java.lang.Integer.toString(counter)) + .png)): null

2018-12-14 11:19:21 - [TEST_STEP][PASSED] - Statement - counter = counter + 1: null

2018-12-14 11:19:21 - [TEST_STEP][PASSED] - Statement - PreSaveFile = new java.io.File(((pathPrefix + java.lang.Integer.toString(counter)) + .png)): null

2018-12-14 11:19:21 - [TEST_STEP][PASSED] - Statement - counter = counter + 1: null

2018-12-14 11:19:21 - [TEST_STEP][PASSED] - Statement - PreSaveFile = new java.io.File(((pathPrefix + java.lang.Integer.toString(counter)) + .png)): null

2018-12-14 11:19:21 - [TEST_STEP][PASSED] - Statement - counter = counter + 1: null

2018-12-14 11:19:21 - [TEST_STEP][PASSED] - Statement - PreSaveFile = new java.io.File(((pathPrefix + java.lang.Integer.toString(counter)) + .png)): null

2018-12-14 11:19:21 - [TEST_STEP][PASSED] - Statement - counter = counter + 1: null

2018-12-14 11:19:21 - [TEST_STEP][PASSED] - Statement - PreSaveFile = new java.io.File(((pathPrefix + java.lang.Integer.toString(counter)) + .png)): null

2018-12-14 11:19:21 - [TEST_STEP][PASSED] - Statement - counter = counter + 1: null

2018-12-14 11:19:21 - [TEST_STEP][PASSED] - Statement - PreSaveFile = new java.io.File(((pathPrefix + java.lang.Integer.toString(counter)) + .png)): null

2018-12-14 11:19:21 - [TEST_STEP][PASSED] - Statement - counter = counter + 1: null

2018-12-14 11:19:21 - [TEST_STEP][PASSED] - Statement - PreSaveFile = new java.io.File(((pathPrefix + java.lang.Integer.toString(counter)) + .png)): null

2018-12-14 11:19:21 - [TEST_STEP][PASSED] - Statement - counter = counter + 1: null

2018-12-14 11:19:21 - [TEST_STEP][PASSED] - Statement - PreSaveFile = new java.io.File(((pathPrefix + java.lang.Integer.toString(counter)) + .png)): null

2018-12-14 11:19:21 - [TEST_STEP][PASSED] - Statement - counter = counter + 1: null

2018-12-14 11:19:21 - [TEST_STEP][PASSED] - Statement - PreSaveFile = new java.io.File(((pathPrefix + java.lang.Integer.toString(counter)) + .png)): null

2018-12-14 11:19:21 - [TEST_STEP][PASSED] - Statement - counter = counter + 1: null

2018-12-14 11:19:21 - [TEST_STEP][PASSED] - Statement - PreSaveFile = new java.io.File(((pathPrefix + java.lang.Integer.toString(counter)) + .png)): null

2018-12-14 11:19:21 - [TEST_STEP][PASSED] - Statement - counter = counter + 1: null

2018-12-14 11:19:21 - [TEST_STEP][PASSED] - Statement - PreSaveFile = new java.io.File(((pathPrefix + java.lang.Integer.toString(counter)) + .png)): null

2018-12-14 11:19:21 - [TEST_STEP][PASSED] - Statement - counter = counter + 1: null

2018-12-14 11:19:21 - [TEST_STEP][PASSED] - Statement - PreSaveFile = new java.io.File(((pathPrefix + java.lang.Integer.toString(counter)) + .png)): null

2018-12-14 11:19:21 - [TEST_STEP][PASSED] - Statement - counter = counter + 1: null

2018-12-14 11:19:21 - [TEST_STEP][PASSED] - Statement - PreSaveFile = new java.io.File(((pathPrefix + java.lang.Integer.toString(counter)) + .png)): null

2018-12-14 11:19:21 - [TEST_STEP][PASSED] - Statement - counter = counter + 1: null

2018-12-14 11:19:21 - [TEST_STEP][PASSED] - Statement - PreSaveFile = new java.io.File(((pathPrefix + java.lang.Integer.toString(counter)) + .png)): null

2018-12-14 11:19:21 - [TEST_STEP][PASSED] - Statement - counter = counter + 1: null

2018-12-14 11:19:21 - [TEST_STEP][PASSED] - Statement - PreSaveFile = new java.io.File(((pathPrefix + java.lang.Integer.toString(counter)) + .png)): null

2018-12-14 11:19:21 - [TEST_STEP][PASSED] - Statement - counter = counter + 1: null

2018-12-14 11:19:21 - [TEST_STEP][PASSED] - Statement - PreSaveFile = new java.io.File(((pathPrefix + java.lang.Integer.toString(counter)) + .png)): null

2018-12-14 11:19:21 - [TEST_STEP][PASSED] - Statement - counter = counter + 1: null

2018-12-14 11:19:21 - [TEST_STEP][PASSED] - Statement - PreSaveFile = new java.io.File(((pathPrefix + java.lang.Integer.toString(counter)) + .png)): null

2018-12-14 11:19:21 - [TEST_STEP][PASSED] - Statement - counter = counter + 1: null

2018-12-14 11:19:21 - [TEST_STEP][PASSED] - Statement - PreSaveFile = new java.io.File(((pathPrefix + java.lang.Integer.toString(counter)) + .png)): null

2018-12-14 11:19:21 - [TEST_STEP][PASSED] - Statement - counter = counter + 1: null

2018-12-14 11:19:21 - [TEST_STEP][PASSED] - Statement - PreSaveFile = new java.io.File(((pathPrefix + java.lang.Integer.toString(counter)) + .png)): null

2018-12-14 11:19:21 - [TEST_STEP][PASSED] - Statement - counter = counter + 1: null

2018-12-14 11:19:21 - [TEST_STEP][PASSED] - Statement - PreSaveFile = new java.io.File(((pathPrefix + java.lang.Integer.toString(counter)) + .png)): null

2018-12-14 11:19:21 - [TEST_STEP][PASSED] - Statement - counter = counter + 1: null

2018-12-14 11:19:21 - [TEST_STEP][PASSED] - Statement - PreSaveFile = new java.io.File(((pathPrefix + java.lang.Integer.toString(counter)) + .png)): null

2018-12-14 11:19:21 - [TEST_STEP][PASSED] - Statement - counter = counter + 1: null

2018-12-14 11:19:21 - [TEST_STEP][PASSED] - Statement - PreSaveFile = new java.io.File(((pathPrefix + java.lang.Integer.toString(counter)) + .png)): null

2018-12-14 11:19:21 - [TEST_STEP][PASSED] - Statement - counter = counter + 1: null

2018-12-14 11:19:21 - [TEST_STEP][PASSED] - Statement - PreSaveFile = new java.io.File(((pathPrefix + java.lang.Integer.toString(counter)) + .png)): null

2018-12-14 11:19:21 - [TEST_STEP][PASSED] - Statement - counter = counter + 1: null

2018-12-14 11:19:21 - [TEST_STEP][PASSED] - Statement - PreSaveFile = new java.io.File(((pathPrefix + java.lang.Integer.toString(counter)) + .png)): null

2018-12-14 11:19:21 - [TEST_STEP][PASSED] - Statement - counter = counter + 1: null

2018-12-14 11:19:21 - [TEST_STEP][PASSED] - Statement - PreSaveFile = new java.io.File(((pathPrefix + java.lang.Integer.toString(counter)) + .png)): null

2018-12-14 11:19:21 - [TEST_STEP][PASSED] - Statement - counter = counter + 1: null

2018-12-14 11:19:21 - [TEST_STEP][PASSED] - Statement - PreSaveFile = new java.io.File(((pathPrefix + java.lang.Integer.toString(counter)) + .png)): null

2018-12-14 11:19:21 - [TEST_STEP][PASSED] - Statement - counter = counter + 1: null

2018-12-14 11:19:21 - [TEST_STEP][PASSED] - Statement - PreSaveFile = new java.io.File(((pathPrefix + java.lang.Integer.toString(counter)) + .png)): null

2018-12-14 11:19:21 - [TEST_STEP][PASSED] - Statement - counter = counter + 1: null

2018-12-14 11:19:21 - [TEST_STEP][PASSED] - Statement - PreSaveFile = new java.io.File(((pathPrefix + java.lang.Integer.toString(counter)) + .png)): null

2018-12-14 11:19:21 - [TEST_STEP][PASSED] - Statement - counter = counter + 1: null

2018-12-14 11:19:21 - [TEST_STEP][PASSED] - Statement - PreSaveFile = new java.io.File(((pathPrefix + java.lang.Integer.toString(counter)) + .png)): null

2018-12-14 11:19:21 - [TEST_STEP][PASSED] - Statement - counter = counter + 1: null

2018-12-14 11:19:21 - [TEST_STEP][PASSED] - Statement - PreSaveFile = new java.io.File(((pathPrefix + java.lang.Integer.toString(counter)) + .png)): null

2018-12-14 11:19:21 - [TEST_STEP][PASSED] - Statement - counter = counter + 1: null

2018-12-14 11:19:21 - [TEST_STEP][PASSED] - Statement - PreSaveFile = new java.io.File(((pathPrefix + java.lang.Integer.toString(counter)) + .png)): null

2018-12-14 11:19:21 - [TEST_STEP][PASSED] - Statement - counter = counter + 1: null

2018-12-14 11:19:21 - [TEST_STEP][PASSED] - Statement - PreSaveFile = new java.io.File(((pathPrefix + java.lang.Integer.toString(counter)) + .png)): null

2018-12-14 11:19:21 - [TEST_STEP][PASSED] - Statement - counter = counter + 1: null

2018-12-14 11:19:21 - [TEST_STEP][PASSED] - Statement - PreSaveFile = new java.io.File(((pathPrefix + java.lang.Integer.toString(counter)) + .png)): null

2018-12-14 11:19:21 - [TEST_STEP][PASSED] - Statement - counter = counter + 1: null

2018-12-14 11:19:21 - [TEST_STEP][PASSED] - Statement - PreSaveFile = new java.io.File(((pathPrefix + java.lang.Integer.toString(counter)) + .png)): null

2018-12-14 11:19:21 - [TEST_STEP][PASSED] - Statement - counter = counter + 1: null

2018-12-14 11:19:21 - [TEST_STEP][PASSED] - Statement - PreSaveFile = new java.io.File(((pathPrefix + java.lang.Integer.toString(counter)) + .png)): null

2018-12-14 11:19:21 - [TEST_STEP][PASSED] - Statement - counter = counter + 1: null

2018-12-14 11:19:21 - [TEST_STEP][PASSED] - Statement - PreSaveFile = new java.io.File(((pathPrefix + java.lang.Integer.toString(counter)) + .png)): null

2018-12-14 11:19:21 - [TEST_STEP][PASSED] - Statement - counter = counter + 1: null

2018-12-14 11:19:21 - [TEST_STEP][PASSED] - Statement - PreSaveFile = new java.io.File(((pathPrefix + java.lang.Integer.toString(counter)) + .png)): null

2018-12-14 11:19:21 - [TEST_STEP][PASSED] - Statement - counter = counter + 1: null

2018-12-14 11:19:21 - [TEST_STEP][PASSED] - Statement - PreSaveFile = new java.io.File(((pathPrefix + java.lang.Integer.toString(counter)) + .png)): null

2018-12-14 11:19:21 - [TEST_STEP][PASSED] - Statement - counter = counter + 1: null

2018-12-14 11:19:21 - [TEST_STEP][PASSED] - Statement - PreSaveFile = new java.io.File(((pathPrefix + java.lang.Integer.toString(counter)) + .png)): null

2018-12-14 11:19:21 - [TEST_STEP][PASSED] - Statement - counter = counter + 1: null

2018-12-14 11:19:21 - [TEST_STEP][PASSED] - Statement - PreSaveFile = new java.io.File(((pathPrefix + java.lang.Integer.toString(counter)) + .png)): null

2018-12-14 11:19:21 - [TEST_STEP][PASSED] - Statement - counter = counter + 1: null

2018-12-14 11:19:21 - [TEST_STEP][PASSED] - Statement - PreSaveFile = new java.io.File(((pathPrefix + java.lang.Integer.toString(counter)) + .png)): null

2018-12-14 11:19:21 - [TEST_STEP][PASSED] - Statement - counter = counter + 1: null

2018-12-14 11:19:21 - [TEST_STEP][PASSED] - Statement - PreSaveFile = new java.io.File(((pathPrefix + java.lang.Integer.toString(counter)) + .png)): null

2018-12-14 11:19:21 - [TEST_STEP][PASSED] - Statement - counter = counter + 1: null

2018-12-14 11:19:21 - [TEST_STEP][PASSED] - Statement - PreSaveFile = new java.io.File(((pathPrefix + java.lang.Integer.toString(counter)) + .png)): null

2018-12-14 11:19:21 - [TEST_STEP][PASSED] - Statement - counter = counter + 1: null

2018-12-14 11:19:21 - [TEST_STEP][PASSED] - Statement - PreSaveFile = new java.io.File(((pathPrefix + java.lang.Integer.toString(counter)) + .png)): null

2018-12-14 11:19:21 - [TEST_STEP][PASSED] - Statement - counter = counter + 1: null

2018-12-14 11:19:21 - [TEST_STEP][PASSED] - Statement - PreSaveFile = new java.io.File(((pathPrefix + java.lang.Integer.toString(counter)) + .png)): null

2018-12-14 11:19:21 - [TEST_STEP][PASSED] - Statement - counter = counter + 1: null

2018-12-14 11:19:21 - [TEST_STEP][PASSED] - Statement - PreSaveFile = new java.io.File(((pathPrefix + java.lang.Integer.toString(counter)) + .png)): null

2018-12-14 11:19:21 - [TEST_STEP][PASSED] - Statement - counter = counter + 1: null

2018-12-14 11:19:21 - [TEST_STEP][PASSED] - Statement - PreSaveFile = new java.io.File(((pathPrefix + java.lang.Integer.toString(counter)) + .png)): null

2018-12-14 11:19:21 - [TEST_STEP][PASSED] - Statement - counter = counter + 1: null

2018-12-14 11:19:21 - [TEST_STEP][PASSED] - Statement - PreSaveFile = new java.io.File(((pathPrefix + java.lang.Integer.toString(counter)) + .png)): null

2018-12-14 11:19:21 - [TEST_STEP][PASSED] - Statement - counter = counter + 1: null

2018-12-14 11:19:21 - [TEST_STEP][PASSED] - Statement - PreSaveFile = new java.io.File(((pathPrefix + java.lang.Integer.toString(counter)) + .png)): null

2018-12-14 11:19:21 - [TEST_STEP][PASSED] - Statement - counter = counter + 1: null

2018-12-14 11:19:21 - [TEST_STEP][PASSED] - Statement - PreSaveFile = new java.io.File(((pathPrefix + java.lang.Integer.toString(counter)) + .png)): null

2018-12-14 11:19:21 - [TEST_STEP][PASSED] - Statement - counter = counter + 1: null

2018-12-14 11:19:21 - [TEST_STEP][PASSED] - Statement - PreSaveFile = new java.io.File(((pathPrefix + java.lang.Integer.toString(counter)) + .png)): null

2018-12-14 11:19:21 - [TEST_STEP][PASSED] - Statement - counter = counter + 1: null

2018-12-14 11:19:21 - [TEST_STEP][PASSED] - Statement - PreSaveFile = new java.io.File(((pathPrefix + java.lang.Integer.toString(counter)) + .png)): null

2018-12-14 11:19:21 - [TEST_STEP][PASSED] - Statement - counter = counter + 1: null

2018-12-14 11:19:21 - [TEST_STEP][PASSED] - Statement - PreSaveFile = new java.io.File(((pathPrefix + java.lang.Integer.toString(counter)) + .png)): null

2018-12-14 11:19:21 - [TEST_STEP][PASSED] - Statement - counter = counter + 1: null

2018-12-14 11:19:21 - [TEST_STEP][PASSED] - Statement - PreSaveFile = new java.io.File(((pathPrefix + java.lang.Integer.toString(counter)) + .png)): null

2018-12-14 11:19:21 - [TEST_STEP][PASSED] - Statement - counter = counter + 1: null

2018-12-14 11:19:21 - [TEST_STEP][PASSED] - Statement - PreSaveFile = new java.io.File(((pathPrefix + java.lang.Integer.toString(counter)) + .png)): null

2018-12-14 11:19:21 - [TEST_STEP][PASSED] - Statement - counter = counter + 1: null

2018-12-14 11:19:21 - [TEST_STEP][PASSED] - Statement - PreSaveFile = new java.io.File(((pathPrefix + java.lang.Integer.toString(counter)) + .png)): null

2018-12-14 11:19:21 - [TEST_STEP][PASSED] - Statement - counter = counter + 1: null

2018-12-14 11:19:21 - [TEST_STEP][PASSED] - Statement - PreSaveFile = new java.io.File(((pathPrefix + java.lang.Integer.toString(counter)) + .png)): null

2018-12-14 11:19:21 - [TEST_STEP][PASSED] - Statement - counter = counter + 1: null

2018-12-14 11:19:21 - [TEST_STEP][PASSED] - Statement - PreSaveFile = new java.io.File(((pathPrefix + java.lang.Integer.toString(counter)) + .png)): null

2018-12-14 11:19:21 - [TEST_STEP][PASSED] - Statement - counter = counter + 1: null

2018-12-14 11:19:21 - [TEST_STEP][PASSED] - Statement - PreSaveFile = new java.io.File(((pathPrefix + java.lang.Integer.toString(counter)) + .png)): null

2018-12-14 11:19:21 - [TEST_STEP][PASSED] - Statement - counter = counter + 1: null

2018-12-14 11:19:21 - [TEST_STEP][PASSED] - Statement - PreSaveFile = new java.io.File(((pathPrefix + java.lang.Integer.toString(counter)) + .png)): null

2018-12-14 11:19:21 - [TEST_STEP][PASSED] - Statement - counter = counter + 1: null

2018-12-14 11:19:21 - [TEST_STEP][PASSED] - Statement - PreSaveFile = new java.io.File(((pathPrefix + java.lang.Integer.toString(counter)) + .png)): null

2018-12-14 11:19:21 - [TEST_STEP][PASSED] - Statement - counter = counter + 1: null

2018-12-14 11:19:21 - [TEST_STEP][PASSED] - Statement - PreSaveFile = new java.io.File(((pathPrefix + java.lang.Integer.toString(counter)) + .png)): null

2018-12-14 11:19:21 - [TEST_STEP][PASSED] - Statement - counter = counter + 1: null

2018-12-14 11:19:21 - [TEST_STEP][PASSED] - Statement - PreSaveFile = new java.io.File(((pathPrefix + java.lang.Integer.toString(counter)) + .png)): null

2018-12-14 11:19:21 - [TEST_STEP][PASSED] - Statement - counter = counter + 1: null

2018-12-14 11:19:21 - [TEST_STEP][PASSED] - Statement - PreSaveFile = new java.io.File(((pathPrefix + java.lang.Integer.toString(counter)) + .png)): null

2018-12-14 11:19:21 - [TEST_STEP][PASSED] - Statement - counter = counter + 1: null

2018-12-14 11:19:21 - [TEST_STEP][PASSED] - Statement - PreSaveFile = new java.io.File(((pathPrefix + java.lang.Integer.toString(counter)) + .png)): null

2018-12-14 11:19:21 - [TEST_STEP][PASSED] - Statement - counter = counter + 1: null

2018-12-14 11:19:21 - [TEST_STEP][PASSED] - Statement - PreSaveFile = new java.io.File(((pathPrefix + java.lang.Integer.toString(counter)) + .png)): null

2018-12-14 11:19:21 - [TEST_STEP][PASSED] - Statement - counter = counter + 1: null

2018-12-14 11:19:21 - [TEST_STEP][PASSED] - Statement - PreSaveFile = new java.io.File(((pathPrefix + java.lang.Integer.toString(counter)) + .png)): null

2018-12-14 11:19:21 - [TEST_STEP][PASSED] - Statement - counter = counter + 1: null

2018-12-14 11:19:21 - [TEST_STEP][PASSED] - Statement - PreSaveFile = new java.io.File(((pathPrefix + java.lang.Integer.toString(counter)) + .png)): null

2018-12-14 11:19:21 - [TEST_STEP][PASSED] - Statement - counter = counter + 1: null

2018-12-14 11:19:21 - [TEST_STEP][PASSED] - Statement - PreSaveFile = new java.io.File(((pathPrefix + java.lang.Integer.toString(counter)) + .png)): null

2018-12-14 11:19:21 - [TEST_STEP][PASSED] - Statement - counter = counter + 1: null

2018-12-14 11:19:21 - [TEST_STEP][PASSED] - Statement - PreSaveFile = new java.io.File(((pathPrefix + java.lang.Integer.toString(counter)) + .png)): null

2018-12-14 11:19:21 - [TEST_STEP][PASSED] - Statement - counter = counter + 1: null

2018-12-14 11:19:21 - [TEST_STEP][PASSED] - Statement - PreSaveFile = new java.io.File(((pathPrefix + java.lang.Integer.toString(counter)) + .png)): null

2018-12-14 11:19:21 - [TEST_STEP][PASSED] - Statement - counter = counter + 1: null

2018-12-14 11:19:21 - [TEST_STEP][PASSED] - Statement - PreSaveFile = new java.io.File(((pathPrefix + java.lang.Integer.toString(counter)) + .png)): null

2018-12-14 11:19:21 - [TEST_STEP][PASSED] - Statement - counter = counter + 1: null

2018-12-14 11:19:21 - [TEST_STEP][PASSED] - Statement - PreSaveFile = new java.io.File(((pathPrefix + java.lang.Integer.toString(counter)) + .png)): null

2018-12-14 11:19:21 - [TEST_STEP][PASSED] - Statement - counter = counter + 1: null

2018-12-14 11:19:21 - [TEST_STEP][PASSED] - Statement - PreSaveFile = new java.io.File(((pathPrefix + java.lang.Integer.toString(counter)) + .png)): null

2018-12-14 11:19:21 - [TEST_STEP][PASSED] - Statement - counter = counter + 1: null

2018-12-14 11:19:21 - [TEST_STEP][PASSED] - Statement - PreSaveFile = new java.io.File(((pathPrefix + java.lang.Integer.toString(counter)) + .png)): null

2018-12-14 11:19:21 - [TEST_STEP][PASSED] - Statement - counter = counter + 1: null

2018-12-14 11:19:21 - [TEST_STEP][PASSED] - Statement - PreSaveFile = new java.io.File(((pathPrefix + java.lang.Integer.toString(counter)) + .png)): null

2018-12-14 11:19:21 - [TEST_STEP][PASSED] - Statement - counter = counter + 1: null

2018-12-14 11:19:21 - [TEST_STEP][PASSED] - Statement - PreSaveFile = new java.io.File(((pathPrefix + java.lang.Integer.toString(counter)) + .png)): null

2018-12-14 11:19:21 - [TEST_STEP][PASSED] - Statement - counter = counter + 1: null

2018-12-14 11:19:21 - [TEST_STEP][PASSED] - Statement - PreSaveFile = new java.io.File(((pathPrefix + java.lang.Integer.toString(counter)) + .png)): null

2018-12-14 11:19:21 - [TEST_STEP][PASSED] - Statement - counter = counter + 1: null

2018-12-14 11:19:21 - [TEST_STEP][PASSED] - Statement - PreSaveFile = new java.io.File(((pathPrefix + java.lang.Integer.toString(counter)) + .png)): null

2018-12-14 11:19:21 - [TEST_STEP][PASSED] - Statement - counter = counter + 1: null

2018-12-14 11:19:21 - [TEST_STEP][PASSED] - Statement - PreSaveFile = new java.io.File(((pathPrefix + java.lang.Integer.toString(counter)) + .png)): null

2018-12-14 11:19:21 - [TEST_STEP][PASSED] - Statement - counter = counter + 1: null

2018-12-14 11:19:21 - [TEST_STEP][PASSED] - Statement - PreSaveFile = new java.io.File(((pathPrefix + java.lang.Integer.toString(counter)) + .png)): null

2018-12-14 11:19:21 - [TEST_STEP][PASSED] - Statement - counter = counter + 1: null

2018-12-14 11:19:21 - [TEST_STEP][PASSED] - Statement - PreSaveFile = new java.io.File(((pathPrefix + java.lang.Integer.toString(counter)) + .png)): null

2018-12-14 11:19:21 - [TEST_STEP][PASSED] - Statement - counter = counter + 1: null

2018-12-14 11:19:21 - [TEST_STEP][PASSED] - Statement - PreSaveFile = new java.io.File(((pathPrefix + java.lang.Integer.toString(counter)) + .png)): null

2018-12-14 11:19:21 - [TEST_STEP][PASSED] - Statement - counter = counter + 1: null

2018-12-14 11:19:21 - [TEST_STEP][PASSED] - Statement - PreSaveFile = new java.io.File(((pathPrefix + java.lang.Integer.toString(counter)) + .png)): null

2018-12-14 11:19:21 - [TEST_STEP][PASSED] - Statement - counter = counter + 1: null

2018-12-14 11:19:21 - [TEST_STEP][PASSED] - Statement - PreSaveFile = new java.io.File(((pathPrefix + java.lang.Integer.toString(counter)) + .png)): null

2018-12-14 11:19:21 - [TEST_STEP][PASSED] - Statement - counter = counter + 1: null

2018-12-14 11:19:21 - [TEST_STEP][PASSED] - Statement - PreSaveFile = new java.io.File(((pathPrefix + java.lang.Integer.toString(counter)) + .png)): null

2018-12-14 11:19:21 - [TEST_STEP][PASSED] - Statement - counter = counter + 1: null

2018-12-14 11:19:21 - [TEST_STEP][PASSED] - Statement - PreSaveFile = new java.io.File(((pathPrefix + java.lang.Integer.toString(counter)) + .png)): null

2018-12-14 11:19:21 - [TEST_STEP][PASSED] - Statement - counter = counter + 1: null

2018-12-14 11:19:21 - [TEST_STEP][PASSED] - Statement - PreSaveFile = new java.io.File(((pathPrefix + java.lang.Integer.toString(counter)) + .png)): null

2018-12-14 11:19:21 - [TEST_STEP][PASSED] - Statement - counter = counter + 1: null

2018-12-14 11:19:21 - [TEST_STEP][PASSED] - Statement - PreSaveFile = new java.io.File(((pathPrefix + java.lang.Integer.toString(counter)) + .png)): null

2018-12-14 11:19:21 - [TEST_STEP][PASSED] - Statement - counter = counter + 1: null

2018-12-14 11:19:21 - [TEST_STEP][PASSED] - Statement - PreSaveFile = new java.io.File(((pathPrefix + java.lang.Integer.toString(counter)) + .png)): null

2018-12-14 11:19:21 - [TEST_STEP][PASSED] - Statement - counter = counter + 1: null

2018-12-14 11:19:21 - [TEST_STEP][PASSED] - Statement - PreSaveFile = new java.io.File(((pathPrefix + java.lang.Integer.toString(counter)) + .png)): null

2018-12-14 11:19:21 - [TEST_STEP][PASSED] - Statement - counter = counter + 1: null

2018-12-14 11:19:21 - [TEST_STEP][PASSED] - Statement - PreSaveFile = new java.io.File(((pathPrefix + java.lang.Integer.toString(counter)) + .png)): null

2018-12-14 11:19:21 - [TEST_STEP][PASSED] - Statement - counter = counter + 1: null

2018-12-14 11:19:21 - [TEST_STEP][PASSED] - Statement - PreSaveFile = new java.io.File(((pathPrefix + java.lang.Integer.toString(counter)) + .png)): null

2018-12-14 11:19:21 - [TEST_STEP][PASSED] - Statement - counter = counter + 1: null

2018-12-14 11:19:21 - [TEST_STEP][PASSED] - Statement - PreSaveFile = new java.io.File(((pathPrefix + java.lang.Integer.toString(counter)) + .png)): null

2018-12-14 11:19:21 - [TEST_STEP][PASSED] - Statement - counter = counter + 1: null

2018-12-14 11:19:21 - [TEST_STEP][PASSED] - Statement - PreSaveFile = new java.io.File(((pathPrefix + java.lang.Integer.toString(counter)) + .png)): null

2018-12-14 11:19:21 - [TEST_STEP][PASSED] - Statement - counter = counter + 1: null

2018-12-14 11:19:21 - [TEST_STEP][PASSED] - Statement - PreSaveFile = new java.io.File(((pathPrefix + java.lang.Integer.toString(counter)) + .png)): null

2018-12-14 11:19:21 - [TEST_STEP][PASSED] - Statement - counter = counter + 1: null

2018-12-14 11:19:21 - [TEST_STEP][PASSED] - Statement - PreSaveFile = new java.io.File(((pathPrefix + java.lang.Integer.toString(counter)) + .png)): null

2018-12-14 11:19:21 - [TEST_STEP][PASSED] - Statement - counter = counter + 1: null

2018-12-14 11:19:21 - [TEST_STEP][PASSED] - Statement - PreSaveFile = new java.io.File(((pathPrefix + java.lang.Integer.toString(counter)) + .png)): null

2018-12-14 11:19:21 - [TEST_STEP][PASSED] - Statement - counter = counter + 1: null

2018-12-14 11:19:21 - [TEST_STEP][PASSED] - Statement - PreSaveFile = new java.io.File(((pathPrefix + java.lang.Integer.toString(counter)) + .png)): null

2018-12-14 11:19:21 - [TEST_STEP][PASSED] - Statement - counter = counter + 1: null

2018-12-14 11:19:21 - [TEST_STEP][PASSED] - Statement - PreSaveFile = new java.io.File(((pathPrefix + java.lang.Integer.toString(counter)) + .png)): null

2018-12-14 11:19:21 - [TEST_STEP][PASSED] - Statement - counter = counter + 1: null

2018-12-14 11:19:21 - [TEST_STEP][PASSED] - Statement - PreSaveFile = new java.io.File(((pathPrefix + java.lang.Integer.toString(counter)) + .png)): null

2018-12-14 11:19:21 - [TEST_STEP][PASSED] - Statement - counter = counter + 1: null

2018-12-14 11:19:21 - [TEST_STEP][PASSED] - Statement - PreSaveFile = new java.io.File(((pathPrefix + java.lang.Integer.toString(counter)) + .png)): null

2018-12-14 11:19:21 - [TEST_STEP][PASSED] - Statement - counter = counter + 1: null

2018-12-14 11:19:21 - [TEST_STEP][PASSED] - Statement - PreSaveFile = new java.io.File(((pathPrefix + java.lang.Integer.toString(counter)) + .png)): null

2018-12-14 11:19:21 - [TEST_STEP][PASSED] - Statement - counter = counter + 1: null

2018-12-14 11:19:21 - [TEST_STEP][PASSED] - Statement - PreSaveFile = new java.io.File(((pathPrefix + java.lang.Integer.toString(counter)) + .png)): null

2018-12-14 11:19:21 - [TEST_STEP][PASSED] - Statement - counter = counter + 1: null

2018-12-14 11:19:21 - [TEST_STEP][PASSED] - Statement - PreSaveFile = new java.io.File(((pathPrefix + java.lang.Integer.toString(counter)) + .png)): null

2018-12-14 11:19:21 - [TEST_STEP][PASSED] - Statement - counter = counter + 1: null

2018-12-14 11:19:21 - [TEST_STEP][PASSED] - Statement - PreSaveFile = new java.io.File(((pathPrefix + java.lang.Integer.toString(counter)) + .png)): null

2018-12-14 11:19:21 - [TEST_STEP][PASSED] - Statement - counter = counter + 1: null

2018-12-14 11:19:21 - [TEST_STEP][PASSED] - Statement - PreSaveFile = new java.io.File(((pathPrefix + java.lang.Integer.toString(counter)) + .png)): null

2018-12-14 11:19:21 - [TEST_STEP][PASSED] - Statement - counter = counter + 1: null

2018-12-14 11:19:21 - [TEST_STEP][PASSED] - Statement - PreSaveFile = new java.io.File(((pathPrefix + java.lang.Integer.toString(counter)) + .png)): null

2018-12-14 11:19:21 - [TEST_STEP][PASSED] - Statement - counter = counter + 1: null

2018-12-14 11:19:21 - [TEST_STEP][PASSED] - Statement - PreSaveFile = new java.io.File(((pathPrefix + java.lang.Integer.toString(counter)) + .png)): null

2018-12-14 11:19:21 - [TEST_STEP][PASSED] - Statement - counter = counter + 1: null

2018-12-14 11:19:21 - [TEST_STEP][PASSED] - Statement - PreSaveFile = new java.io.File(((pathPrefix + java.lang.Integer.toString(counter)) + .png)): null

2018-12-14 11:19:21 - [TEST_STEP][PASSED] - Statement - counter = counter + 1: null

2018-12-14 11:19:21 - [TEST_STEP][PASSED] - Statement - PreSaveFile = new java.io.File(((pathPrefix + java.lang.Integer.toString(counter)) + .png)): null

2018-12-14 11:19:21 - [TEST_STEP][PASSED] - Statement - counter = counter + 1: null

2018-12-14 11:19:21 - [TEST_STEP][PASSED] - Statement - PreSaveFile = new java.io.File(((pathPrefix + java.lang.Integer.toString(counter)) + .png)): null

2018-12-14 11:19:21 - [TEST_STEP][PASSED] - Statement - counter = counter + 1: null

2018-12-14 11:19:21 - [TEST_STEP][PASSED] - Statement - PreSaveFile = new java.io.File(((pathPrefix + java.lang.Integer.toString(counter)) + .png)): null

2018-12-14 11:19:21 - [TEST_STEP][PASSED] - Statement - counter = counter + 1: null

2018-12-14 11:19:21 - [TEST_STEP][PASSED] - Statement - PreSaveFile = new java.io.File(((pathPrefix + java.lang.Integer.toString(counter)) + .png)): null

2018-12-14 11:19:21 - [TEST_STEP][PASSED] - Statement - counter = counter + 1: null

2018-12-14 11:19:21 - [TEST_STEP][PASSED] - Statement - PreSaveFile = new java.io.File(((pathPrefix + java.lang.Integer.toString(counter)) + .png)): null

2018-12-14 11:19:21 - [TEST_STEP][PASSED] - Statement - counter = counter + 1: null

2018-12-14 11:19:21 - [TEST_STEP][PASSED] - Statement - PreSaveFile = new java.io.File(((pathPrefix + java.lang.Integer.toString(counter)) + .png)): null

2018-12-14 11:19:21 - [TEST_STEP][PASSED] - Statement - counter = counter + 1: null

2018-12-14 11:19:21 - [TEST_STEP][PASSED] - Statement - PreSaveFile = new java.io.File(((pathPrefix + java.lang.Integer.toString(counter)) + .png)): null

2018-12-14 11:19:21 - [TEST_STEP][PASSED] - Statement - counter = counter + 1: null

2018-12-14 11:19:21 - [TEST_STEP][PASSED] - Statement - PreSaveFile = new java.io.File(((pathPrefix + java.lang.Integer.toString(counter)) + .png)): null

2018-12-14 11:19:21 - [TEST_STEP][PASSED] - Statement - counter = counter + 1: null

2018-12-14 11:19:21 - [TEST_STEP][PASSED] - Statement - PreSaveFile = new java.io.File(((pathPrefix + java.lang.Integer.toString(counter)) + .png)): null

2018-12-14 11:19:21 - [TEST_STEP][PASSED] - Statement - counter = counter + 1: null

2018-12-14 11:19:21 - [TEST_STEP][PASSED] - Statement - PreSaveFile = new java.io.File(((pathPrefix + java.lang.Integer.toString(counter)) + .png)): null

2018-12-14 11:19:21 - [TEST_STEP][PASSED] - Statement - counter = counter + 1: null

2018-12-14 11:19:21 - [TEST_STEP][PASSED] - Statement - PreSaveFile = new java.io.File(((pathPrefix + java.lang.Integer.toString(counter)) + .png)): null

2018-12-14 11:19:21 - [TEST_STEP][PASSED] - Statement - counter = counter + 1: null

2018-12-14 11:19:21 - [TEST_STEP][PASSED] - Statement - PreSaveFile = new java.io.File(((pathPrefix + java.lang.Integer.toString(counter)) + .png)): null

2018-12-14 11:19:21 - [TEST_STEP][PASSED] - Statement - counter = counter + 1: null

2018-12-14 11:19:21 - [TEST_STEP][PASSED] - Statement - PreSaveFile = new java.io.File(((pathPrefix + java.lang.Integer.toString(counter)) + .png)): null

2018-12-14 11:19:21 - [TEST_STEP][PASSED] - Statement - counter = counter + 1: null

2018-12-14 11:19:21 - [TEST_STEP][PASSED] - Statement - PreSaveFile = new java.io.File(((pathPrefix + java.lang.Integer.toString(counter)) + .png)): null

2018-12-14 11:19:21 - [TEST_STEP][PASSED] - Statement - counter = counter + 1: null

2018-12-14 11:19:21 - [TEST_STEP][PASSED] - Statement - PreSaveFile = new java.io.File(((pathPrefix + java.lang.Integer.toString(counter)) + .png)): null

2018-12-14 11:19:21 - [TEST_STEP][PASSED] - Statement - counter = counter + 1: null

2018-12-14 11:19:21 - [TEST_STEP][PASSED] - Statement - PreSaveFile = new java.io.File(((pathPrefix + java.lang.Integer.toString(counter)) + .png)): null

2018-12-14 11:19:21 - [TEST_STEP][PASSED] - Statement - counter = counter + 1: null

2018-12-14 11:19:21 - [TEST_STEP][PASSED] - Statement - PreSaveFile = new java.io.File(((pathPrefix + java.lang.Integer.toString(counter)) + .png)): null

2018-12-14 11:19:21 - [TEST_STEP][PASSED] - Statement - counter = counter + 1: null

2018-12-14 11:19:21 - [TEST_STEP][PASSED] - Statement - PreSaveFile = new java.io.File(((pathPrefix + java.lang.Integer.toString(counter)) + .png)): null

2018-12-14 11:19:21 - [TEST_STEP][PASSED] - Statement - counter = counter + 1: null

2018-12-14 11:19:21 - [TEST_STEP][PASSED] - Statement - PreSaveFile = new java.io.File(((pathPrefix + java.lang.Integer.toString(counter)) + .png)): null

2018-12-14 11:19:21 - [TEST_STEP][PASSED] - Statement - counter = counter + 1: null

2018-12-14 11:19:21 - [TEST_STEP][PASSED] - Statement - PreSaveFile = new java.io.File(((pathPrefix + java.lang.Integer.toString(counter)) + .png)): null

2018-12-14 11:19:21 - [TEST_STEP][PASSED] - Statement - counter = counter + 1: null

2018-12-14 11:19:21 - [TEST_STEP][PASSED] - Statement - PreSaveFile = new java.io.File(((pathPrefix + java.lang.Integer.toString(counter)) + .png)): null

2018-12-14 11:19:21 - [TEST_STEP][PASSED] - Statement - counter = counter + 1: null

2018-12-14 11:19:21 - [TEST_STEP][PASSED] - Statement - PreSaveFile = new java.io.File(((pathPrefix + java.lang.Integer.toString(counter)) + .png)): null

2018-12-14 11:19:21 - [TEST_STEP][PASSED] - Statement - counter = counter + 1: null

2018-12-14 11:19:21 - [TEST_STEP][PASSED] - Statement - PreSaveFile = new java.io.File(((pathPrefix + java.lang.Integer.toString(counter)) + .png)): null

2018-12-14 11:19:21 - [TEST_STEP][PASSED] - Statement - counter = counter + 1: null

2018-12-14 11:19:21 - [TEST_STEP][PASSED] - Statement - PreSaveFile = new java.io.File(((pathPrefix + java.lang.Integer.toString(counter)) + .png)): null

2018-12-14 11:19:21 - [TEST_STEP][PASSED] - Statement - counter = counter + 1: null

2018-12-14 11:19:21 - [TEST_STEP][PASSED] - Statement - PreSaveFile = new java.io.File(((pathPrefix + java.lang.Integer.toString(counter)) + .png)): null

2018-12-14 11:19:21 - [TEST_STEP][PASSED] - Statement - counter = counter + 1: null

2018-12-14 11:19:21 - [TEST_STEP][PASSED] - Statement - PreSaveFile = new java.io.File(((pathPrefix + java.lang.Integer.toString(counter)) + .png)): null

2018-12-14 11:19:21 - [TEST_STEP][PASSED] - Statement - counter = counter + 1: null

2018-12-14 11:19:21 - [TEST_STEP][PASSED] - Statement - PreSaveFile = new java.io.File(((pathPrefix + java.lang.Integer.toString(counter)) + .png)): null

2018-12-14 11:19:21 - [TEST_STEP][PASSED] - Statement - counter = counter + 1: null

2018-12-14 11:19:21 - [TEST_STEP][PASSED] - Statement - PreSaveFile = new java.io.File(((pathPrefix + java.lang.Integer.toString(counter)) + .png)): null

2018-12-14 11:19:21 - [TEST_STEP][PASSED] - Statement - counter = counter + 1: null

2018-12-14 11:19:21 - [TEST_STEP][PASSED] - Statement - PreSaveFile = new java.io.File(((pathPrefix + java.lang.Integer.toString(counter)) + .png)): null

2018-12-14 11:19:21 - [TEST_STEP][PASSED] - Statement - counter = counter + 1: null

2018-12-14 11:19:21 - [TEST_STEP][PASSED] - Statement - PreSaveFile = new java.io.File(((pathPrefix + java.lang.Integer.toString(counter)) + .png)): null

2018-12-14 11:19:21 - [TEST_STEP][PASSED] - Statement - counter = counter + 1: null

2018-12-14 11:19:21 - [TEST_STEP][PASSED] - Statement - PreSaveFile = new java.io.File(((pathPrefix + java.lang.Integer.toString(counter)) + .png)): null

2018-12-14 11:19:21 - [TEST_STEP][PASSED] - Statement - counter = counter + 1: null

2018-12-14 11:19:21 - [TEST_STEP][PASSED] - Statement - PreSaveFile = new java.io.File(((pathPrefix + java.lang.Integer.toString(counter)) + .png)): null

2018-12-14 11:19:21 - [TEST_STEP][PASSED] - Statement - counter = counter + 1: null

2018-12-14 11:19:21 - [TEST_STEP][PASSED] - Statement - PreSaveFile = new java.io.File(((pathPrefix + java.lang.Integer.toString(counter)) + .png)): null

2018-12-14 11:19:21 - [TEST_STEP][PASSED] - Statement - counter = counter + 1: null

2018-12-14 11:19:21 - [TEST_STEP][PASSED] - Statement - PreSaveFile = new java.io.File(((pathPrefix + java.lang.Integer.toString(counter)) + .png)): null

2018-12-14 11:19:21 - [TEST_STEP][PASSED] - Statement - counter = counter + 1: null

2018-12-14 11:19:21 - [TEST_STEP][PASSED] - Statement - PreSaveFile = new java.io.File(((pathPrefix + java.lang.Integer.toString(counter)) + .png)): null

2018-12-14 11:19:21 - [TEST_STEP][PASSED] - Statement - counter = counter + 1: null

2018-12-14 11:19:21 - [TEST_STEP][PASSED] - Statement - PreSaveFile = new java.io.File(((pathPrefix + java.lang.Integer.toString(counter)) + .png)): null

2018-12-14 11:19:21 - [TEST_STEP][PASSED] - Statement - counter = counter + 1: null

2018-12-14 11:19:21 - [TEST_STEP][PASSED] - Statement - PreSaveFile = new java.io.File(((pathPrefix + java.lang.Integer.toString(counter)) + .png)): null

2018-12-14 11:19:21 - [TEST_STEP][PASSED] - Statement - counter = counter + 1: null

2018-12-14 11:19:21 - [TEST_STEP][PASSED] - Statement - PreSaveFile = new java.io.File(((pathPrefix + java.lang.Integer.toString(counter)) + .png)): null

2018-12-14 11:19:21 - [TEST_STEP][PASSED] - Statement - finalPath = pathPrefix + java.lang.Integer.toString(counter) + ".png": null

2018-12-14 11:19:21 - [TEST_STEP][PASSED] - Statement - SaveFile = new java.io.File(finalPath): null

2018-12-14 11:19:21 - [TEST_STEP][PASSED] - Statement - Try: null

2018-12-14 11:19:21 - [TEST_STEP][PASSED] - Statement - org.apache.commons.io.FileUtils.copyFile(scrFile, SaveFile): null

2018-12-14 11:19:21 - [TEST_STEP][PASSED] - Statement - out.println("file kept"): null

2018-12-14 11:19:21 - [TEST_STEP][PASSED] - delay: Delayed 10 second(s)

2018-12-14 11:19:31 - [MESSAGE][PASSED] - Delayed 10 second(s)

2018-12-14 11:19:31 - [MESSAGE][PASSED] - Call Test Case 'Test Cases/Final Aug 2018 - PKS Automation/Registration Module/New Registration/Submit and Screenshot/Submit Registration and Screenshot - Copy' successfully

2018-12-14 11:19:31 - [TEST_STEP][PASSED] - Statement - UpdateAddNewECode = com.kms.katalon.core.webui.keyword.WebUiBuiltInKeywords.getText(com.kms.katalon.core.testobject.ObjectRepository.findTestObject(Object Repository/Final Object Repo/Page_Update Add New Employee - ASSIST/getEmpCode)): Text of object 'Object Repository/Final Object Repo/Page_Update Add New Employee - ASSIST/getEmpCode' is: 'E1102070889M'

2018-12-14 11:19:31 - [MESSAGE][PASSED] - Text of object 'Object Repository/Final Object Repo/Page_Update Add New Employee - ASSIST/getEmpCode' is: 'E1102070889M'

2018-12-14 11:19:31 - [TEST_STEP][PASSED] - callTestCase: Call Test Case 'Test Cases/Final Aug 2018 - PKS Automation/Common/Emp Code Setter' successfully

2018-12-14 11:19:31 - [TEST_CASE][PASSED] - Test Cases/Final Aug 2018 - PKS Automation/Common/Emp Code Setter: Test Cases/Final Aug 2018 - PKS Automation/Common/Emp Code Setter

2018-12-14 11:19:31 - [TEST_STEP][PASSED] - Statement - EmpCodeOld = new java.io.File(C://Users//Admin//Desktop//PKS//Automation Reference Point//EmpCode.txt): null

2018-12-14 11:19:31 - [TEST_STEP][PASSED] - Statement - EmpCodeOld.delete(): null

2018-12-14 11:19:31 - [TEST_STEP][PASSED] - Statement - EmpCode = new java.io.File(C://Users//Admin//Desktop//PKS//Automation Reference Point//EmpCode.txt): null

2018-12-14 11:19:31 - [TEST_STEP][PASSED] - Statement - f2 = new java.io.FileWriter(EmpCode, false): null

2018-12-14 11:19:31 - [TEST_STEP][PASSED] - Statement - f2.write(UpdateAddNewECode): null

2018-12-14 11:19:31 - [TEST_STEP][PASSED] - Statement - f2.close(): null

2018-12-14 11:19:31 - [TEST_STEP][PASSED] - Statement - out.println("


" + UpdateAddNewECode + "


"): null

2018-12-14 11:19:31 - [MESSAGE][PASSED] - Call Test Case 'Test Cases/Final Aug 2018 - PKS Automation/Common/Emp Code Setter' successfully

2018-12-14 11:19:31 - [MESSAGE][PASSED] - Call Test Case 'Test Cases/Final Aug 2018 - PKS Automation/Registration Module/Workflow/Update Add New Employee/Template/New Company for Update Add New - Employer' successfully

2018-12-14 11:19:31 - [TEST_STEP][PASSED] - callTestCase: Call Test Case 'Test Cases/Final Aug 2018 - PKS Automation/Create Employer Acc/Login to Employer Account (Second time)' successfully

2018-12-14 11:19:32 - [TEST_CASE][PASSED] - Test Cases/Final Aug 2018 - PKS Automation/Create Employer Acc/Login to Employer Account (Second time): Test Cases/Final Aug 2018 - PKS Automation/Create Employer Acc/Login to Employer Account (Second time)

2018-12-14 11:19:32 - [TEST_STEP][PASSED] - openBrowser: Browser is opened with url: ''

2018-12-14 11:19:32 - [MESSAGE][WARNING] - A browser is already opened. Closing browser and opening a new one

2018-12-14 11:19:38 - [MESSAGE][PASSED] - Browser is opened with url: ''

2018-12-14 11:19:38 - [TEST_STEP][PASSED] - navigateToUrl: Navigate to 'https://assist2-uat.perkeso.gov.my/employer/login' successfully

2018-12-14 11:19:39 - [MESSAGE][PASSED] - Navigate to 'https://assist2-uat.perkeso.gov.my/employer/login' successfully

2018-12-14 11:19:39 - [TEST_STEP][PASSED] - delay: Delayed 3 second(s)

2018-12-14 11:19:42 - [MESSAGE][PASSED] - Delayed 3 second(s)

2018-12-14 11:19:42 - [TEST_STEP][PASSED] - callTestCase: Call Test Case 'Test Cases/Final Aug 2018 - PKS Automation/Create Employer Acc/Template/Employer Email Getter' successfully

2018-12-14 11:19:42 - [TEST_CASE][PASSED] - Test Cases/Final Aug 2018 - PKS Automation/Create Employer Acc/Template/Employer Email Getter: Test Cases/Final Aug 2018 - PKS Automation/Create Employer Acc/Template/Employer Email Getter

2018-12-14 11:19:42 - [TEST_STEP][PASSED] - Statement - Try: null

2018-12-14 11:19:42 - [TEST_STEP][PASSED] - Statement - EmpEmail = new java.io.File(C://Users//Admin//Desktop//PKS//Automation Reference Point//EmpEmail.txt): null

2018-12-14 11:19:42 - [TEST_STEP][PASSED] - Statement - bufferread = new java.io.BufferedReader(new java.io.FileReader(EmpEmail)): null

2018-12-14 11:19:42 - [TEST_STEP][PASSED] - Statement - readedVal = bufferread.readLine(): null

2018-12-14 11:19:42 - [TEST_STEP][PASSED] - Statement - out.println(readedVal): null

2018-12-14 11:19:42 - [TEST_STEP][PASSED] - Statement - Email = readedVal: null

2018-12-14 11:19:42 - [MESSAGE][PASSED] - Call Test Case 'Test Cases/Final Aug 2018 - PKS Automation/Create Employer Acc/Template/Employer Email Getter' successfully

2018-12-14 11:19:42 - [TEST_STEP][PASSED] - setText: Text 'perkeso956551846249@gmail.com' is set on object 'Object Repository/Final Object Repo/Login Page/External Login Page/Email'

2018-12-14 11:19:42 - [MESSAGE][PASSED] - Text 'perkeso956551846249@gmail.com' is set on object 'Object Repository/Final Object Repo/Login Page/External Login Page/Email'

2018-12-14 11:19:42 - [TEST_STEP][PASSED] - click: Object: 'Object Repository/Final Object Repo/Login Page/External Login Page/Next' is clicked on

2018-12-14 11:19:42 - [MESSAGE][PASSED] - Object: 'Object Repository/Final Object Repo/Login Page/External Login Page/Next' is clicked on

2018-12-14 11:19:42 - [TEST_STEP][PASSED] - delay: Delayed 3 second(s)

2018-12-14 11:19:45 - [MESSAGE][PASSED] - Delayed 3 second(s)

2018-12-14 11:19:45 - [TEST_STEP][PASSED] - setEncryptedText: Text ****** has been set on object 'Object Repository/Final Object Repo/Login Page/External Login Page/Password'

2018-12-14 11:19:46 - [MESSAGE][PASSED] - Text ****** has been set on object 'Object Repository/Final Object Repo/Login Page/External Login Page/Password'

2018-12-14 11:19:46 - [TEST_STEP][PASSED] - click: Object: 'Object Repository/Final Object Repo/Login Page/External Login Page/Login' is clicked on

2018-12-14 11:19:46 - [MESSAGE][PASSED] - Object: 'Object Repository/Final Object Repo/Login Page/External Login Page/Login' is clicked on

2018-12-14 11:19:46 - [TEST_STEP][PASSED] - delay: Delayed 5 second(s)

2018-12-14 11:19:51 - [MESSAGE][PASSED] - Delayed 5 second(s)

2018-12-14 11:19:51 - [MESSAGE][PASSED] - Call Test Case 'Test Cases/Final Aug 2018 - PKS Automation/Create Employer Acc/Login to Employer Account (Second time)' successfully

2018-12-14 11:19:51 - [TEST_STEP][PASSED] - navigateToUrl: Navigate to 'https://assist2-uat.perkeso.gov.my/web/registration/eis-update/form-3-eis-cessation-as-employer' successfully

2018-12-14 11:19:53 - [MESSAGE][PASSED] - Navigate to 'https://assist2-uat.perkeso.gov.my/web/registration/eis-update/form-3-eis-cessation-as-employer' successfully

2018-12-14 11:19:53 - [TEST_STEP][PASSED] - delay: Delayed 1 second(s)

2018-12-14 11:19:54 - [MESSAGE][PASSED] - Delayed 1 second(s)

2018-12-14 11:19:54 - [TEST_STEP][PASSED] - click: Object: 'Object Repository/Final Object Repo/Page_Form 3 EIS - Cessation as Employer/Edit' is clicked on

2018-12-14 11:19:56 - [MESSAGE][PASSED] - Object: 'Object Repository/Final Object Repo/Page_Form 3 EIS - Cessation as Employer/Edit' is clicked on

2018-12-14 11:19:56 - [TEST_STEP][PASSED] - delay: Delayed 1 second(s)

2018-12-14 11:19:57 - [MESSAGE][PASSED] - Delayed 1 second(s)

2018-12-14 11:19:57 - [TEST_STEP][PASSED] - Statement - abc = com.kms.katalon.core.webui.keyword.WebUiBuiltInKeywords.getAttribute(com.kms.katalon.core.testobject.ObjectRepository.findTestObject(Final Object Repo/Page_Form 3 EIS - Cessation as Employer/Employer Status), "value"): Attribute 'value' of object 'Object Repository/Final Object Repo/Page_Form 3 EIS - Cessation as Employer/Employer Status' is: 'Active'

2018-12-14 11:19:57 - [MESSAGE][PASSED] - Attribute 'value' of object 'Object Repository/Final Object Repo/Page_Form 3 EIS - Cessation as Employer/Employer Status' is: 'Active'

2018-12-14 11:19:57 - [TEST_STEP][PASSED] - Statement - out.println(abc): null

2018-12-14 11:19:57 - [TEST_STEP][PASSED] - Statement - If (abc == "Active"): Object: 'Object Repository/Final Object Repo/Page_Form 3 EIS - Cessation as Employer/Dormant EIS' is clicked on

2018-12-14 11:19:57 - [TEST_STEP][PASSED] - click: Object: 'Object Repository/Final Object Repo/Page_Form 3 EIS - Cessation as Employer/Change Employer Status to' is clicked on

2018-12-14 11:19:57 - [MESSAGE][PASSED] - Object: 'Object Repository/Final Object Repo/Page_Form 3 EIS - Cessation as Employer/Change Employer Status to' is clicked on

2018-12-14 11:19:57 - [TEST_STEP][PASSED] - click: Object: 'Object Repository/Final Object Repo/Page_Form 3 EIS - Cessation as Employer/Dormant EIS' is clicked on

2018-12-14 11:19:58 - [MESSAGE][PASSED] - Object: 'Object Repository/Final Object Repo/Page_Form 3 EIS - Cessation as Employer/Dormant EIS' is clicked on

2018-12-14 11:19:58 - [TEST_STEP][PASSED] - click: Object: 'Object Repository/Final Object Repo/Page_Form 3 EIS - Cessation as Employer/Calender' is clicked on

2018-12-14 11:19:58 - [MESSAGE][PASSED] - Object: 'Object Repository/Final Object Repo/Page_Form 3 EIS - Cessation as Employer/Calender' is clicked on

2018-12-14 11:19:58 - [TEST_STEP][PASSED] - delay: Delayed 1 second(s)

2018-12-14 11:19:59 - [MESSAGE][PASSED] - Delayed 1 second(s)

2018-12-14 11:19:59 - [TEST_STEP][PASSED] - click: Object: 'Object Repository/Final Object Repo/Page_Form 3 EIS - Cessation as Employer/Calender - Date' is clicked on

2018-12-14 11:19:59 - [MESSAGE][PASSED] - Object: 'Object Repository/Final Object Repo/Page_Form 3 EIS - Cessation as Employer/Calender - Date' is clicked on

2018-12-14 11:19:59 - [TEST_STEP][PASSED] - click: Object: 'Object Repository/Final Object Repo/Page_Form 3 EIS - Cessation as Employer/Save  Continue in Form 3 EIS Page' is clicked on

2018-12-14 11:19:59 - [MESSAGE][PASSED] - Object: 'Object Repository/Final Object Repo/Page_Form 3 EIS - Cessation as Employer/Save  Continue in Form 3 EIS Page' is clicked on

2018-12-14 11:19:59 - [TEST_STEP][PASSED] - delay: Delayed 1 second(s)

2018-12-14 11:20:00 - [MESSAGE][PASSED] - Delayed 1 second(s)

2018-12-14 11:20:00 - [TEST_STEP][PASSED] - click: Object: 'Object Repository/Final Object Repo/Page_Form 3 EIS - Cessation as Employer/Employment Resign Date' is clicked on

2018-12-14 11:20:01 - [MESSAGE][PASSED] - Object: 'Object Repository/Final Object Repo/Page_Form 3 EIS - Cessation as Employer/Employment Resign Date' is clicked on

2018-12-14 11:20:01 - [TEST_STEP][PASSED] - selectOptionByValue: All options with value '2019' are selected in object 'Object Repository/Final Object Repo/Page_Form 3 EIS - Cessation as Employer/Employment Resign Date - Year' 

2018-12-14 11:20:01 - [MESSAGE][PASSED] - All options with value '2019' are selected in object 'Object Repository/Final Object Repo/Page_Form 3 EIS - Cessation as Employer/Employment Resign Date - Year' 

2018-12-14 11:20:01 - [TEST_STEP][PASSED] - delay: Delayed 2 second(s)

2018-12-14 11:20:03 - [MESSAGE][PASSED] - Delayed 2 second(s)

2018-12-14 11:20:03 - [TEST_STEP][PASSED] - click: Object: 'Object Repository/Final Object Repo/Page_Form 3 EIS - Cessation as Employer/Employment Resign Date - Year - Date' is clicked on

2018-12-14 11:20:04 - [MESSAGE][PASSED] - Object: 'Object Repository/Final Object Repo/Page_Form 3 EIS - Cessation as Employer/Employment Resign Date - Year - Date' is clicked on

2018-12-14 11:20:04 - [TEST_STEP][PASSED] - delay: Delayed 2 second(s)

2018-12-14 11:20:06 - [MESSAGE][PASSED] - Delayed 2 second(s)

2018-12-14 11:20:06 - [TEST_STEP][PASSED] - click: Object: 'Object Repository/Final Object Repo/Page_Form 3 EIS - Cessation as Employer/Save  Continue in Employment Resign Page' is clicked on

2018-12-14 11:20:06 - [MESSAGE][PASSED] - Object: 'Object Repository/Final Object Repo/Page_Form 3 EIS - Cessation as Employer/Save  Continue in Employment Resign Page' is clicked on

2018-12-14 11:20:06 - [TEST_STEP][PASSED] - delay: Delayed 2 second(s)

2018-12-14 11:20:08 - [MESSAGE][PASSED] - Delayed 2 second(s)

2018-12-14 11:20:08 - [TEST_STEP][PASSED] - click: Object: 'Object Repository/Final Object Repo/Page_Form 3 EIS - Cessation as Employer/Set Latest - Yes' is clicked on

2018-12-14 11:20:08 - [MESSAGE][PASSED] - Object: 'Object Repository/Final Object Repo/Page_Form 3 EIS - Cessation as Employer/Set Latest - Yes' is clicked on

2018-12-14 11:20:08 - [TEST_STEP][PASSED] - delay: Delayed 2 second(s)

2018-12-14 11:20:10 - [MESSAGE][PASSED] - Delayed 2 second(s)

2018-12-14 11:20:10 - [TEST_STEP][PASSED] - click: Object: 'Object Repository/Final Object Repo/Page_Form 3 EIS - Cessation as Employer/Add Document' is clicked on

2018-12-14 11:20:11 - [MESSAGE][PASSED] - Object: 'Object Repository/Final Object Repo/Page_Form 3 EIS - Cessation as Employer/Add Document' is clicked on

2018-12-14 11:20:11 - [TEST_STEP][PASSED] - delay: Delayed 3 second(s)

2018-12-14 11:20:14 - [MESSAGE][PASSED] - Delayed 3 second(s)

2018-12-14 11:20:14 - [TEST_STEP][PASSED] - click: Object: 'Object Repository/Final Object Repo/Page_Form 3 EIS - Cessation as Employer/Document Type' is clicked on

2018-12-14 11:20:14 - [MESSAGE][PASSED] - Object: 'Object Repository/Final Object Repo/Page_Form 3 EIS - Cessation as Employer/Document Type' is clicked on

2018-12-14 11:20:14 - [TEST_STEP][PASSED] - click: Object: 'Object Repository/Final Object Repo/Page_Form 3 EIS - Cessation as Employer/Document Type - Form 3' is clicked on

2018-12-14 11:20:14 - [MESSAGE][PASSED] - Object: 'Object Repository/Final Object Repo/Page_Form 3 EIS - Cessation as Employer/Document Type - Form 3' is clicked on

2018-12-14 11:20:14 - [TEST_STEP][PASSED] - delay: Delayed 2 second(s)

2018-12-14 11:20:16 - [MESSAGE][PASSED] - Delayed 2 second(s)

2018-12-14 11:20:16 - [TEST_STEP][PASSED] - sendKeys: Keys 'C:\Users\Public\Pictures\Sample Pictures\Koala.jpg' sent to object: 'Object Repository/Final Object Repo/Page_Form 3 EIS - Cessation as Employer/ploading File'

2018-12-14 11:20:17 - [MESSAGE][PASSED] - Keys 'C:\Users\Public\Pictures\Sample Pictures\Koala.jpg' sent to object: 'Object Repository/Final Object Repo/Page_Form 3 EIS - Cessation as Employer/ploading File'

2018-12-14 11:20:17 - [TEST_STEP][PASSED] - delay: Delayed 1 second(s)

2018-12-14 11:20:18 - [MESSAGE][PASSED] - Delayed 1 second(s)

2018-12-14 11:20:18 - [TEST_STEP][PASSED] - click: Object: 'Object Repository/Final Object Repo/Page_Form 3 EIS - Cessation as Employer/Add Document in Uploading Page' is clicked on

2018-12-14 11:20:18 - [MESSAGE][PASSED] - Object: 'Object Repository/Final Object Repo/Page_Form 3 EIS - Cessation as Employer/Add Document in Uploading Page' is clicked on

2018-12-14 11:20:18 - [TEST_STEP][PASSED] - delay: Delayed 2 second(s)

2018-12-14 11:20:20 - [MESSAGE][PASSED] - Delayed 2 second(s)

2018-12-14 11:20:20 - [TEST_STEP][PASSED] - Statement - CaseReferenceNo = com.kms.katalon.core.webui.keyword.WebUiBuiltInKeywords.getText(com.kms.katalon.core.testobject.ObjectRepository.findTestObject(Final Object Repo/Page_Update Employer Information/Reference Number in Update Employee Information Page)): Text of object 'Object Repository/Final Object Repo/Page_Update Employer Information/Reference Number in Update Employee Information Page' is: 'ERN122018C200002441'

2018-12-14 11:20:22 - [MESSAGE][PASSED] - Text of object 'Object Repository/Final Object Repo/Page_Update Employer Information/Reference Number in Update Employee Information Page' is: 'ERN122018C200002441'

2018-12-14 11:20:22 - [TEST_STEP][PASSED] - callTestCase: Call Test Case 'Test Cases/Final Aug 2018 - PKS Automation/Common/Reference Number Setter' successfully

2018-12-14 11:20:22 - [TEST_CASE][PASSED] - Test Cases/Final Aug 2018 - PKS Automation/Common/Reference Number Setter: Test Cases/Final Aug 2018 - PKS Automation/Common/Reference Number Setter

2018-12-14 11:20:22 - [TEST_STEP][PASSED] - Statement - RefNoOldFile = new java.io.File(C://Users//Admin//Desktop//PKS//Automation Reference Point//KatalonReference.txt): null

2018-12-14 11:20:22 - [TEST_STEP][PASSED] - Statement - RefNoOldFile.delete(): null

2018-12-14 11:20:22 - [TEST_STEP][PASSED] - delay: Delayed 5 second(s)

2018-12-14 11:20:27 - [MESSAGE][PASSED] - Delayed 5 second(s)

2018-12-14 11:20:27 - [TEST_STEP][PASSED] - Statement - RefNo = new java.io.File(C://Users//Admin//Desktop//PKS//Automation Reference Point//KatalonReference.txt): null

2018-12-14 11:20:27 - [TEST_STEP][PASSED] - Statement - f2 = new java.io.FileWriter(RefNo, false): null

2018-12-14 11:20:27 - [TEST_STEP][PASSED] - Statement - f2.write(CaseReferenceNo): null

2018-12-14 11:20:27 - [TEST_STEP][PASSED] - Statement - f2.close(): null

2018-12-14 11:20:27 - [TEST_STEP][PASSED] - Statement - out.println("


" + CaseReferenceNo + "


"): null

2018-12-14 11:20:27 - [MESSAGE][PASSED] - Call Test Case 'Test Cases/Final Aug 2018 - PKS Automation/Common/Reference Number Setter' successfully

2018-12-14 11:20:27 - [TEST_STEP][PASSED] - delay: Delayed 2 second(s)

2018-12-14 11:20:29 - [MESSAGE][PASSED] - Delayed 2 second(s)

2018-12-14 11:20:29 - [TEST_STEP][PASSED] - click: Object: 'Object Repository/Final Object Repo/Page_Form 3 EIS - Cessation as Employer/Save  Continue in Uploading Page' is clicked on

2018-12-14 11:20:29 - [MESSAGE][PASSED] - Object: 'Object Repository/Final Object Repo/Page_Form 3 EIS - Cessation as Employer/Save  Continue in Uploading Page' is clicked on

2018-12-14 11:20:29 - [TEST_STEP][PASSED] - delay: Delayed 2 second(s)

2018-12-14 11:20:31 - [MESSAGE][PASSED] - Delayed 2 second(s)

2018-12-14 11:20:31 - [TEST_STEP][PASSED] - click: Object: 'Object Repository/Final Object Repo/Page_Form 3 EIS - Cessation as Employer/Submit' is clicked on

2018-12-14 11:20:34 - [MESSAGE][PASSED] - Object: 'Object Repository/Final Object Repo/Page_Form 3 EIS - Cessation as Employer/Submit' is clicked on

2018-12-14 11:20:34 - [TEST_STEP][PASSED] - delay: Delayed 2 second(s)

2018-12-14 11:20:36 - [MESSAGE][PASSED] - Delayed 2 second(s)

2018-12-14 11:20:36 - [TEST_STEP][PASSED] - click: Object: 'Object Repository/Final Object Repo/Page_Form 3 EIS - Cessation as Employer/Confirm' is clicked on

2018-12-14 11:20:36 - [MESSAGE][PASSED] - Object: 'Object Repository/Final Object Repo/Page_Form 3 EIS - Cessation as Employer/Confirm' is clicked on

2018-12-14 11:20:36 - [TEST_STEP][PASSED] - delay: Delayed 2 second(s)

2018-12-14 11:20:38 - [MESSAGE][PASSED] - Delayed 2 second(s)

2018-12-14 11:20:38 - [TEST_STEP][PASSED] - click: Object: 'Object Repository/Final Object Repo/Page_Form 3 EIS - Cessation as Employer/Message Your Request will be routed to UO' is clicked on

2018-12-14 11:20:43 - [MESSAGE][PASSED] - Object: 'Object Repository/Final Object Repo/Page_Form 3 EIS - Cessation as Employer/Message Your Request will be routed to UO' is clicked on

2018-12-14 11:20:43 - [TEST_STEP][PASSED] - click: Object: 'Object Repository/Final Object Repo/Page_Form 3 EIS - Cessation as Employer/Letter of acknowledgement' is clicked on

2018-12-14 11:20:43 - [MESSAGE][PASSED] - Object: 'Object Repository/Final Object Repo/Page_Form 3 EIS - Cessation as Employer/Letter of acknowledgement' is clicked on

2018-12-14 11:20:43 - [MESSAGE][PASSED] - Call Test Case 'Test Cases/Final Aug 2018 - PKS Automation/Registration Module/Workflow/Form 3 EIS - Cessation As Employer/Template/Form 3 A - Cessation As Employer (Employer)' successfully

2018-12-14 11:20:43 - [TEST_STEP][PASSED] - callTestCase: Call Test Case 'Test Cases/Final Aug 2018 - PKS Automation/Registration Module/Workflow/Form 3 EIS - Cessation As Employer/Template/Form 3 A - Cessation As Employer (Reject)' successfully

2018-12-14 11:20:43 - [TEST_CASE][PASSED] - Test Cases/Final Aug 2018 - PKS Automation/Registration Module/Workflow/Form 3 EIS - Cessation As Employer/Template/Form 3 A - Cessation As Employer (Reject): Test Cases/Final Aug 2018 - PKS Automation/Registration Module/Workflow/Form 3 EIS - Cessation As Employer/Template/Form 3 A - Cessation As Employer (Reject)

2018-12-14 11:20:44 - [TEST_STEP][NOT_RUN] - callTestCase: NOT_RUN: callTestCase

2018-12-14 11:20:44 - [MESSAGE][NOT_RUN] - NOT_RUN: callTestCase

2018-12-14 11:20:44 - [TEST_STEP][PASSED] - delay: Delayed 1 second(s)

2018-12-14 11:20:45 - [MESSAGE][PASSED] - Delayed 1 second(s)

2018-12-14 11:20:45 - [TEST_STEP][PASSED] - navigateToUrl: Navigate to 'https://assist2-uat.perkeso.gov.my/c/portal/logout' successfully

2018-12-14 11:20:45 - [MESSAGE][PASSED] - Navigate to 'https://assist2-uat.perkeso.gov.my/c/portal/logout' successfully

2018-12-14 11:20:45 - [TEST_STEP][PASSED] - delay: Delayed 1 second(s)

2018-12-14 11:20:46 - [MESSAGE][PASSED] - Delayed 1 second(s)

2018-12-14 11:20:46 - [TEST_STEP][PASSED] - callTestCase: Call Test Case 'Test Cases/Final Aug 2018 - PKS Automation/Common/Reference Number Getter' successfully

2018-12-14 11:20:46 - [TEST_CASE][PASSED] - Test Cases/Final Aug 2018 - PKS Automation/Common/Reference Number Getter: Test Cases/Final Aug 2018 - PKS Automation/Common/Reference Number Getter

2018-12-14 11:20:46 - [TEST_STEP][PASSED] - Statement - Try: null

2018-12-14 11:20:46 - [TEST_STEP][PASSED] - Statement - RefNo = new java.io.File(C://Users//Admin//Desktop//PKS//Automation Reference Point//KatalonReference.txt): null

2018-12-14 11:20:46 - [TEST_STEP][PASSED] - Statement - bufferread = new java.io.BufferedReader(new java.io.FileReader(RefNo)): null

2018-12-14 11:20:46 - [TEST_STEP][PASSED] - Statement - readedVal = bufferread.readLine(): null

2018-12-14 11:20:46 - [TEST_STEP][PASSED] - Statement - out.println(CaseReferenceNo): null

2018-12-14 11:20:46 - [TEST_STEP][PASSED] - Statement - out.println(readedVal): null

2018-12-14 11:20:46 - [TEST_STEP][PASSED] - Statement - CaseReferenceNo = "": null

2018-12-14 11:20:46 - [TEST_STEP][PASSED] - Statement - CaseReferenceNo = readedVal: null

2018-12-14 11:20:46 - [MESSAGE][PASSED] - Call Test Case 'Test Cases/Final Aug 2018 - PKS Automation/Common/Reference Number Getter' successfully

2018-12-14 11:20:46 - [TEST_STEP][PASSED] - callTestCase: Call Test Case 'Test Cases/Final Aug 2018 - PKS Automation/Common/Workflow Owner Finder' successfully

2018-12-14 11:20:47 - [TEST_CASE][PASSED] - Test Cases/Final Aug 2018 - PKS Automation/Common/Workflow Owner Finder: Test Cases/Final Aug 2018 - PKS Automation/Common/Workflow Owner Finder

2018-12-14 11:20:47 - [TEST_STEP][PASSED] - openBrowser: Browser is opened with url: ''

2018-12-14 11:20:47 - [MESSAGE][WARNING] - A browser is already opened. Closing browser and opening a new one

2018-12-14 11:20:52 - [MESSAGE][PASSED] - Browser is opened with url: ''

2018-12-14 11:20:52 - [TEST_STEP][PASSED] - navigateToUrl: Navigate to 'https://assist2-uat.perkeso.gov.my/login' successfully

2018-12-14 11:20:53 - [MESSAGE][PASSED] - Navigate to 'https://assist2-uat.perkeso.gov.my/login' successfully

2018-12-14 11:20:53 - [TEST_STEP][PASSED] - delay: Delayed 5 second(s)

2018-12-14 11:20:58 - [MESSAGE][PASSED] - Delayed 5 second(s)

2018-12-14 11:20:58 - [TEST_STEP][PASSED] - setText: Text 'test@liferay.com' is set on object 'Object Repository/Final Object Repo/Login Page/Internal User/Email Address'

2018-12-14 11:20:58 - [MESSAGE][PASSED] - Text 'test@liferay.com' is set on object 'Object Repository/Final Object Repo/Login Page/Internal User/Email Address'

2018-12-14 11:20:58 - [TEST_STEP][PASSED] - click: Object: 'Object Repository/Final Object Repo/Login Page/Internal User/Next Button' is clicked on

2018-12-14 11:20:58 - [MESSAGE][PASSED] - Object: 'Object Repository/Final Object Repo/Login Page/Internal User/Next Button' is clicked on

2018-12-14 11:20:58 - [TEST_STEP][PASSED] - delay: Delayed 2 second(s)

2018-12-14 11:21:00 - [MESSAGE][PASSED] - Delayed 2 second(s)

2018-12-14 11:21:00 - [TEST_STEP][PASSED] - setText: Text 'test' is set on object 'Object Repository/Final Object Repo/Login Page/Internal User/Password'

2018-12-14 11:21:01 - [MESSAGE][PASSED] - Text 'test' is set on object 'Object Repository/Final Object Repo/Login Page/Internal User/Password'

2018-12-14 11:21:01 - [TEST_STEP][PASSED] - delay: Delayed 2 second(s)

2018-12-14 11:21:03 - [MESSAGE][PASSED] - Delayed 2 second(s)

2018-12-14 11:21:03 - [TEST_STEP][PASSED] - click: Object: 'Object Repository/Final Object Repo/Login Page/Internal User/Login Button' is clicked on

2018-12-14 11:21:03 - [MESSAGE][PASSED] - Object: 'Object Repository/Final Object Repo/Login Page/Internal User/Login Button' is clicked on

2018-12-14 11:21:03 - [TEST_STEP][PASSED] - Statement - tester = com.kms.katalon.core.testobject.ObjectRepository.findTestObject(Final Object Repo/Landing Page/Select to English): Finding Test Object with id 'Object Repository/Final Object Repo/Landing Page/Select to English'

2018-12-14 11:21:03 - [TEST_STEP][PASSED] - Statement - Try: Delayed 2 second(s)

2018-12-14 11:21:03 - [TEST_STEP][PASSED] - Statement - Checker = com.kms.katalon.core.webui.keyword.WebUiBuiltInKeywords.verifyElementNotPresent(tester, 3): Web element with id: 'Object Repository/Final Object Repo/Landing Page/Select to English' located by 'By.xpath: //a[@class = 'taglib-language-list-text' and @lang = 'en-US' and (contains(text(), 'EN') or contains(., 'EN'))]' is not present after '3' second(s)

2018-12-14 11:21:07 - [MESSAGE][PASSED] - Web element with id: 'Object Repository/Final Object Repo/Landing Page/Select to English' located by 'By.xpath: //a[@class = 'taglib-language-list-text' and @lang = 'en-US' and (contains(text(), 'EN') or contains(., 'EN'))]' is not present after '3' second(s)

2018-12-14 11:21:07 - [TEST_STEP][PASSED] - Statement - If (Checker == false): null

2018-12-14 11:21:07 - [TEST_STEP][PASSED] - delay: Delayed 2 second(s)

2018-12-14 11:21:09 - [MESSAGE][PASSED] - Delayed 2 second(s)

2018-12-14 11:21:09 - [TEST_STEP][PASSED] - delay: Delayed 5 second(s)

2018-12-14 11:21:14 - [MESSAGE][PASSED] - Delayed 5 second(s)

2018-12-14 11:21:14 - [TEST_STEP][PASSED] - mouseOver: Object: 'Object Repository/Final Object Repo/Landing Page/WorkFlow Menu' is hovered

2018-12-14 11:21:14 - [MESSAGE][PASSED] - Object: 'Object Repository/Final Object Repo/Landing Page/WorkFlow Menu' is hovered

2018-12-14 11:21:14 - [TEST_STEP][PASSED] - delay: Delayed 2 second(s)

2018-12-14 11:21:16 - [MESSAGE][PASSED] - Delayed 2 second(s)

2018-12-14 11:21:16 - [TEST_STEP][PASSED] - click: Object: 'Object Repository/Final Object Repo/Landing Page/Select to Workflow Listing' is clicked on

2018-12-14 11:21:17 - [MESSAGE][PASSED] - Object: 'Object Repository/Final Object Repo/Landing Page/Select to Workflow Listing' is clicked on

2018-12-14 11:21:17 - [TEST_STEP][PASSED] - delay: Delayed 2 second(s)

2018-12-14 11:21:19 - [MESSAGE][PASSED] - Delayed 2 second(s)

2018-12-14 11:21:19 - [TEST_STEP][PASSED] - click: Object: 'Object Repository/Final Object Repo/WorkFlow Listing Page/Search Information - To Put Ref No' is clicked on

2018-12-14 11:21:20 - [MESSAGE][PASSED] - Object: 'Object Repository/Final Object Repo/WorkFlow Listing Page/Search Information - To Put Ref No' is clicked on

2018-12-14 11:21:20 - [TEST_STEP][PASSED] - delay: Delayed 2 second(s)

2018-12-14 11:21:22 - [MESSAGE][PASSED] - Delayed 2 second(s)

2018-12-14 11:21:22 - [TEST_STEP][PASSED] - callTestCase: Call Test Case 'Test Cases/Final Aug 2018 - PKS Automation/Common/Reference Number Getter' successfully

2018-12-14 11:21:22 - [TEST_CASE][PASSED] - Test Cases/Final Aug 2018 - PKS Automation/Common/Reference Number Getter: Test Cases/Final Aug 2018 - PKS Automation/Common/Reference Number Getter

2018-12-14 11:21:22 - [TEST_STEP][PASSED] - Statement - Try: null

2018-12-14 11:21:22 - [TEST_STEP][PASSED] - Statement - RefNo = new java.io.File(C://Users//Admin//Desktop//PKS//Automation Reference Point//KatalonReference.txt): null

2018-12-14 11:21:22 - [TEST_STEP][PASSED] - Statement - bufferread = new java.io.BufferedReader(new java.io.FileReader(RefNo)): null

2018-12-14 11:21:22 - [TEST_STEP][PASSED] - Statement - readedVal = bufferread.readLine(): null

2018-12-14 11:21:22 - [TEST_STEP][PASSED] - Statement - out.println(CaseReferenceNo): null

2018-12-14 11:21:22 - [TEST_STEP][PASSED] - Statement - out.println(readedVal): null

2018-12-14 11:21:22 - [TEST_STEP][PASSED] - Statement - CaseReferenceNo = "": null

2018-12-14 11:21:22 - [TEST_STEP][PASSED] - Statement - CaseReferenceNo = readedVal: null

2018-12-14 11:21:22 - [MESSAGE][PASSED] - Call Test Case 'Test Cases/Final Aug 2018 - PKS Automation/Common/Reference Number Getter' successfully

2018-12-14 11:21:22 - [TEST_STEP][PASSED] - setText: Text 'ERN122018C200002441' is set on object 'Object Repository/Final Object Repo/WorkFlow Listing Page/Ref No Set Text'

2018-12-14 11:21:22 - [MESSAGE][PASSED] - Text 'ERN122018C200002441' is set on object 'Object Repository/Final Object Repo/WorkFlow Listing Page/Ref No Set Text'

2018-12-14 11:21:22 - [TEST_STEP][PASSED] - delay: Delayed 2 second(s)

2018-12-14 11:21:24 - [MESSAGE][PASSED] - Delayed 2 second(s)

2018-12-14 11:21:24 - [TEST_STEP][PASSED] - click: Object: 'Object Repository/Final Object Repo/WorkFlow Listing Page/Search Ref No Search Button' is clicked on

2018-12-14 11:21:24 - [MESSAGE][PASSED] - Object: 'Object Repository/Final Object Repo/WorkFlow Listing Page/Search Ref No Search Button' is clicked on

2018-12-14 11:21:24 - [TEST_STEP][PASSED] - delay: Delayed 6 second(s)

2018-12-14 11:21:30 - [MESSAGE][PASSED] - Delayed 6 second(s)

2018-12-14 11:21:30 - [TEST_STEP][PASSED] - click: Object: 'Object Repository/Final Object Repo/WorkFlow Listing Page/Click Continue Tooltip' is clicked on

2018-12-14 11:21:31 - [MESSAGE][PASSED] - Object: 'Object Repository/Final Object Repo/WorkFlow Listing Page/Click Continue Tooltip' is clicked on

2018-12-14 11:21:31 - [TEST_STEP][PASSED] - delay: Delayed 5 second(s)

2018-12-14 11:21:36 - [MESSAGE][PASSED] - Delayed 5 second(s)

2018-12-14 11:21:36 - [TEST_STEP][PASSED] - doubleClick: Object: 'Object Repository/Final Object Repo/WorkFlow Listing Page/Workflow Found - Listing 1' is double clicked on

2018-12-14 11:21:36 - [MESSAGE][PASSED] - Object: 'Object Repository/Final Object Repo/WorkFlow Listing Page/Workflow Found - Listing 1' is double clicked on

2018-12-14 11:21:36 - [TEST_STEP][PASSED] - Statement - println(OwnerID): null

2018-12-14 11:21:36 - [TEST_STEP][PASSED] - Statement - OwnerID = com.kms.katalon.core.webui.keyword.WebUiBuiltInKeywords.getText(com.kms.katalon.core.testobject.ObjectRepository.findTestObject(Final Object Repo/WorkFlow Listing Page/Workflow Found - Listing 1), STOP_ON_FAILURE): Text of object 'Object Repository/Final Object Repo/WorkFlow Listing Page/Workflow Found - Listing 1' is: 'JOHORuo1'

2018-12-14 11:21:37 - [MESSAGE][PASSED] - Text of object 'Object Repository/Final Object Repo/WorkFlow Listing Page/Workflow Found - Listing 1' is: 'JOHORuo1'

2018-12-14 11:21:37 - [TEST_STEP][PASSED] - Statement - OwnerID = OwnerID.toLowerCase() + "@gmail.com": null

2018-12-14 11:21:37 - [TEST_STEP][PASSED] - Statement - println(OwnerID): null

2018-12-14 11:21:37 - [TEST_STEP][PASSED] - delay: Delayed 2 second(s)

2018-12-14 11:21:39 - [MESSAGE][PASSED] - Delayed 2 second(s)

2018-12-14 11:21:39 - [MESSAGE][PASSED] - Call Test Case 'Test Cases/Final Aug 2018 - PKS Automation/Common/Workflow Owner Finder' successfully

2018-12-14 11:21:39 - [TEST_STEP][PASSED] - delay: Delayed 1 second(s)

2018-12-14 11:21:40 - [MESSAGE][PASSED] - Delayed 1 second(s)

2018-12-14 11:21:40 - [TEST_STEP][PASSED] - navigateToUrl: Navigate to 'https://assist2-uat.perkeso.gov.my/c/portal/logout' successfully

2018-12-14 11:21:40 - [MESSAGE][PASSED] - Navigate to 'https://assist2-uat.perkeso.gov.my/c/portal/logout' successfully

2018-12-14 11:21:40 - [TEST_STEP][PASSED] - delay: Delayed 1 second(s)

2018-12-14 11:21:41 - [MESSAGE][PASSED] - Delayed 1 second(s)

2018-12-14 11:21:41 - [TEST_STEP][PASSED] - callTestCase: Call Test Case 'Test Cases/Final Aug 2018 - PKS Automation/Registration Module/Workflow/Login and Search Case For Workflow' successfully

2018-12-14 11:21:42 - [TEST_CASE][PASSED] - Test Cases/Final Aug 2018 - PKS Automation/Registration Module/Workflow/Login and Search Case For Workflow: Test Cases/Final Aug 2018 - PKS Automation/Registration Module/Workflow/Login and Search Case For Workflow

2018-12-14 11:21:42 - [TEST_STEP][PASSED] - navigateToUrl: Navigate to 'https://assist2-uat.perkeso.gov.my/login' successfully

2018-12-14 11:21:42 - [MESSAGE][PASSED] - Navigate to 'https://assist2-uat.perkeso.gov.my/login' successfully

2018-12-14 11:21:42 - [TEST_STEP][PASSED] - setText: Text 'johoruo1@gmail.com' is set on object 'Object Repository/Final Object Repo/Login Page/Internal User/Email Address'

2018-12-14 11:21:42 - [MESSAGE][PASSED] - Text 'johoruo1@gmail.com' is set on object 'Object Repository/Final Object Repo/Login Page/Internal User/Email Address'

2018-12-14 11:21:42 - [TEST_STEP][PASSED] - click: Object: 'Object Repository/Final Object Repo/Login Page/Internal User/Next Button' is clicked on

2018-12-14 11:21:43 - [MESSAGE][PASSED] - Object: 'Object Repository/Final Object Repo/Login Page/Internal User/Next Button' is clicked on

2018-12-14 11:21:43 - [TEST_STEP][PASSED] - delay: Delayed 1 second(s)

2018-12-14 11:21:44 - [MESSAGE][PASSED] - Delayed 1 second(s)

2018-12-14 11:21:44 - [TEST_STEP][PASSED] - setEncryptedText: Text ****** has been set on object 'Object Repository/Final Object Repo/Login Page/Internal User/Password'

2018-12-14 11:21:44 - [MESSAGE][PASSED] - Text ****** has been set on object 'Object Repository/Final Object Repo/Login Page/Internal User/Password'

2018-12-14 11:21:44 - [TEST_STEP][PASSED] - click: Object: 'Object Repository/Final Object Repo/Login Page/Internal User/Login Button' is clicked on

2018-12-14 11:21:44 - [MESSAGE][PASSED] - Object: 'Object Repository/Final Object Repo/Login Page/Internal User/Login Button' is clicked on

2018-12-14 11:21:44 - [TEST_STEP][PASSED] - delay: Delayed 2 second(s)

2018-12-14 11:21:46 - [MESSAGE][PASSED] - Delayed 2 second(s)

2018-12-14 11:21:46 - [TEST_STEP][PASSED] - Statement - Try: Delayed 2 second(s)

2018-12-14 11:21:46 - [TEST_STEP][PASSED] - Statement - Checker = false: null

2018-12-14 11:21:46 - [TEST_STEP][PASSED] - Statement - Checker = com.kms.katalon.core.webui.keyword.WebUiBuiltInKeywords.verifyElementHasAttribute(com.kms.katalon.core.testobject.ObjectRepository.findTestObject(Final Object Repo/Landing Page/BM Detecting), "href", 20, OPTIONAL): Object 'Object Repository/Final Object Repo/Landing Page/BM Detecting' has attribute 'href'

2018-12-14 11:21:46 - [MESSAGE][PASSED] - Object 'Object Repository/Final Object Repo/Landing Page/BM Detecting' has attribute 'href'

2018-12-14 11:21:46 - [TEST_STEP][PASSED] - Statement - out.println(Checker): null

2018-12-14 11:21:46 - [TEST_STEP][PASSED] - Statement - If (Checker == false): null

2018-12-14 11:21:46 - [TEST_STEP][PASSED] - Statement - Else: null

2018-12-14 11:21:46 - [TEST_STEP][PASSED] - delay: Delayed 2 second(s)

2018-12-14 11:21:48 - [MESSAGE][PASSED] - Delayed 2 second(s)

2018-12-14 11:21:48 - [TEST_STEP][PASSED] - click: Object: 'Object Repository/Final Object Repo/Page_MyASSIST - ASSIST - Search Pending Case For Add Supporting Document/Search Information' is clicked on

2018-12-14 11:21:49 - [MESSAGE][PASSED] - Object: 'Object Repository/Final Object Repo/Page_MyASSIST - ASSIST - Search Pending Case For Add Supporting Document/Search Information' is clicked on

2018-12-14 11:21:49 - [TEST_STEP][PASSED] - delay: Delayed 3 second(s)

2018-12-14 11:21:52 - [MESSAGE][PASSED] - Delayed 3 second(s)

2018-12-14 11:21:52 - [TEST_STEP][PASSED] - sendKeys: Keys 'ERN122018C200002441' sent to object: 'Object Repository/Final Object Repo/Page_MyASSIST - ASSIST - Search Pending Case For Add Supporting Document/Reference No'

2018-12-14 11:21:52 - [MESSAGE][PASSED] - Keys 'ERN122018C200002441' sent to object: 'Object Repository/Final Object Repo/Page_MyASSIST - ASSIST - Search Pending Case For Add Supporting Document/Reference No'

2018-12-14 11:21:52 - [TEST_STEP][PASSED] - click: Object: 'Object Repository/Final Object Repo/Page_MyASSIST - ASSIST - Search Pending Case For Add Supporting Document/Search Reference No' is clicked on

2018-12-14 11:21:52 - [MESSAGE][PASSED] - Object: 'Object Repository/Final Object Repo/Page_MyASSIST - ASSIST - Search Pending Case For Add Supporting Document/Search Reference No' is clicked on

2018-12-14 11:21:52 - [TEST_STEP][PASSED] - delay: Delayed 2 second(s)

2018-12-14 11:21:54 - [MESSAGE][PASSED] - Delayed 2 second(s)

2018-12-14 11:21:54 - [TEST_STEP][PASSED] - click: Object: 'Object Repository/Final Object Repo/Page_MyASSIST - ASSIST - Search Pending Case For Add Supporting Document/Continue' is clicked on

2018-12-14 11:21:58 - [MESSAGE][PASSED] - Object: 'Object Repository/Final Object Repo/Page_MyASSIST - ASSIST - Search Pending Case For Add Supporting Document/Continue' is clicked on

2018-12-14 11:21:58 - [TEST_STEP][PASSED] - delay: Delayed 20 second(s)

2018-12-14 11:22:18 - [MESSAGE][PASSED] - Delayed 20 second(s)

2018-12-14 11:22:18 - [MESSAGE][PASSED] - Call Test Case 'Test Cases/Final Aug 2018 - PKS Automation/Registration Module/Workflow/Login and Search Case For Workflow' successfully

2018-12-14 11:22:18 - [TEST_STEP][PASSED] - click: Object: 'Object Repository/Final Object Repo/Page_Form 3 EIS - Cessation as Employer/Page_Form 3 EIS - Cessation as Employer (Approve)/Save  Continue in Form 3 Page' is clicked on

2018-12-14 11:22:19 - [MESSAGE][PASSED] - Object: 'Object Repository/Final Object Repo/Page_Form 3 EIS - Cessation as Employer/Page_Form 3 EIS - Cessation as Employer (Approve)/Save  Continue in Form 3 Page' is clicked on

2018-12-14 11:22:19 - [TEST_STEP][PASSED] - delay: Delayed 2 second(s)

2018-12-14 11:22:21 - [MESSAGE][PASSED] - Delayed 2 second(s)

2018-12-14 11:22:21 - [TEST_STEP][PASSED] - click: Object: 'Object Repository/Final Object Repo/Page_Form 3 EIS - Cessation as Employer/Page_Form 3 EIS - Cessation as Employer (Approve)/Save  Continue in Resigned Page' is clicked on

2018-12-14 11:22:21 - [MESSAGE][PASSED] - Object: 'Object Repository/Final Object Repo/Page_Form 3 EIS - Cessation as Employer/Page_Form 3 EIS - Cessation as Employer (Approve)/Save  Continue in Resigned Page' is clicked on

2018-12-14 11:22:21 - [TEST_STEP][PASSED] - delay: Delayed 2 second(s)

2018-12-14 11:22:23 - [MESSAGE][PASSED] - Delayed 2 second(s)

2018-12-14 11:22:23 - [TEST_STEP][PASSED] - click: Object: 'Object Repository/Final Object Repo/Page_Form 3 EIS - Cessation as Employer/Page_Form 3 EIS - Cessation as Employer (Approve)/Save  Continue in Uploading Page' is clicked on

2018-12-14 11:22:24 - [MESSAGE][PASSED] - Object: 'Object Repository/Final Object Repo/Page_Form 3 EIS - Cessation as Employer/Page_Form 3 EIS - Cessation as Employer (Approve)/Save  Continue in Uploading Page' is clicked on

2018-12-14 11:22:24 - [TEST_STEP][PASSED] - delay: Delayed 2 second(s)

2018-12-14 11:22:26 - [MESSAGE][PASSED] - Delayed 2 second(s)

2018-12-14 11:22:26 - [TEST_STEP][PASSED] - click: Object: 'Object Repository/Final Object Repo/Page_Form 3 EIS - Cessation as Employer/Page_Form 3 EIS - Cessation as Employer (Reject)/Reject' is clicked on

2018-12-14 11:22:29 - [MESSAGE][PASSED] - Object: 'Object Repository/Final Object Repo/Page_Form 3 EIS - Cessation as Employer/Page_Form 3 EIS - Cessation as Employer (Reject)/Reject' is clicked on

2018-12-14 11:22:29 - [TEST_STEP][PASSED] - delay: Delayed 2 second(s)

2018-12-14 11:22:31 - [MESSAGE][PASSED] - Delayed 2 second(s)

2018-12-14 11:22:31 - [TEST_STEP][PASSED] - click: Object: 'Object Repository/Final Object Repo/Page_Form 3 EIS - Cessation as Employer/Page_Form 3 EIS - Cessation as Employer (Reject)/Confirm' is clicked on

2018-12-14 11:22:32 - [MESSAGE][PASSED] - Object: 'Object Repository/Final Object Repo/Page_Form 3 EIS - Cessation as Employer/Page_Form 3 EIS - Cessation as Employer (Reject)/Confirm' is clicked on

2018-12-14 11:22:32 - [TEST_STEP][PASSED] - delay: Delayed 2 second(s)

2018-12-14 11:22:34 - [MESSAGE][PASSED] - Delayed 2 second(s)

2018-12-14 11:22:34 - [TEST_STEP][PASSED] - click: Object: 'Object Repository/Final Object Repo/Page_Form 3 EIS - Cessation as Employer/Page_Form 3 EIS - Cessation as Employer (Reject)/Message This Case has been Rejected' is clicked on

2018-12-14 11:22:38 - [MESSAGE][PASSED] - Object: 'Object Repository/Final Object Repo/Page_Form 3 EIS - Cessation as Employer/Page_Form 3 EIS - Cessation as Employer (Reject)/Message This Case has been Rejected' is clicked on

2018-12-14 11:22:38 - [TEST_STEP][PASSED] - click: Object: 'Object Repository/Final Object Repo/Page_Form 3 EIS - Cessation as Employer/Page_Form 3 EIS - Cessation as Employer (Reject)/Letter of update rejection' is clicked on

2018-12-14 11:22:39 - [MESSAGE][PASSED] - Object: 'Object Repository/Final Object Repo/Page_Form 3 EIS - Cessation as Employer/Page_Form 3 EIS - Cessation as Employer (Reject)/Letter of update rejection' is clicked on

2018-12-14 11:22:39 - [MESSAGE][PASSED] - Call Test Case 'Test Cases/Final Aug 2018 - PKS Automation/Registration Module/Workflow/Form 3 EIS - Cessation As Employer/Template/Form 3 A - Cessation As Employer (Reject)' successfully]]></system-out>
         <system-err><![CDATA[]]></system-err>
      </testcase>
      <testcase name="Test Cases/Final Aug 2018 - PKS Automation/Registration Module/Workflow/Form 3 EIS - Cessation As Employer/Employer to UO (Under enforcement)" classname="Test Cases/Final Aug 2018 - PKS Automation/Registration Module/Workflow/Form 3 EIS - Cessation As Employer/Employer to UO (Under enforcement)" status="PASSED">
         <system-out><![CDATA[2018-12-14 11:22:39 - [TEST_CASE][PASSED] - Test Cases/Final Aug 2018 - PKS Automation/Registration Module/Workflow/Form 3 EIS - Cessation As Employer/Employer to UO (Under enforcement): Test Cases/Final Aug 2018 - PKS Automation/Registration Module/Workflow/Form 3 EIS - Cessation As Employer/Employer to UO (Under enforcement)

2018-12-14 11:22:39 - [TEST_STEP][PASSED] - callTestCase: Call Test Case 'Test Cases/Final Aug 2018 - PKS Automation/Registration Module/Workflow/Form 3 EIS - Cessation As Employer/Template/Form 3 A - Cessation As Employer (OTC)' successfully

2018-12-14 11:22:39 - [TEST_CASE][PASSED] - Test Cases/Final Aug 2018 - PKS Automation/Registration Module/Workflow/Form 3 EIS - Cessation As Employer/Template/Form 3 A - Cessation As Employer (OTC): Test Cases/Final Aug 2018 - PKS Automation/Registration Module/Workflow/Form 3 EIS - Cessation As Employer/Template/Form 3 A - Cessation As Employer (OTC)

2018-12-14 11:22:39 - [TEST_STEP][PASSED] - openBrowser: Browser is opened with url: ''

2018-12-14 11:22:39 - [MESSAGE][WARNING] - A browser is already opened. Closing browser and opening a new one

2018-12-14 11:22:44 - [MESSAGE][PASSED] - Browser is opened with url: ''

2018-12-14 11:22:44 - [TEST_STEP][PASSED] - navigateToUrl: Navigate to 'https://assist2-uat.perkeso.gov.my/login' successfully

2018-12-14 11:22:45 - [MESSAGE][PASSED] - Navigate to 'https://assist2-uat.perkeso.gov.my/login' successfully

2018-12-14 11:22:45 - [TEST_STEP][PASSED] - setText: Text 'johorotc1@gmail.com' is set on object 'Object Repository/Final Object Repo/Login Page/Internal User/Email Address'

2018-12-14 11:22:45 - [MESSAGE][PASSED] - Text 'johorotc1@gmail.com' is set on object 'Object Repository/Final Object Repo/Login Page/Internal User/Email Address'

2018-12-14 11:22:45 - [TEST_STEP][PASSED] - click: Object: 'Object Repository/Final Object Repo/Login Page/Internal User/Next Button' is clicked on

2018-12-14 11:22:45 - [MESSAGE][PASSED] - Object: 'Object Repository/Final Object Repo/Login Page/Internal User/Next Button' is clicked on

2018-12-14 11:22:45 - [TEST_STEP][PASSED] - delay: Delayed 1 second(s)

2018-12-14 11:22:46 - [MESSAGE][PASSED] - Delayed 1 second(s)

2018-12-14 11:22:46 - [TEST_STEP][PASSED] - setEncryptedText: Text ****** has been set on object 'Object Repository/Final Object Repo/Login Page/Internal User/Password'

2018-12-14 11:22:47 - [MESSAGE][PASSED] - Text ****** has been set on object 'Object Repository/Final Object Repo/Login Page/Internal User/Password'

2018-12-14 11:22:47 - [TEST_STEP][PASSED] - click: Object: 'Object Repository/Final Object Repo/Login Page/Internal User/Login Button' is clicked on

2018-12-14 11:22:48 - [MESSAGE][PASSED] - Object: 'Object Repository/Final Object Repo/Login Page/Internal User/Login Button' is clicked on

2018-12-14 11:22:48 - [TEST_STEP][PASSED] - delay: Delayed 1 second(s)

2018-12-14 11:22:49 - [MESSAGE][PASSED] - Delayed 1 second(s)

2018-12-14 11:22:49 - [TEST_STEP][PASSED] - Statement - Try: Delayed 2 second(s)

2018-12-14 11:22:49 - [TEST_STEP][PASSED] - Statement - Checker = false: null

2018-12-14 11:22:49 - [TEST_STEP][PASSED] - Statement - Checker = com.kms.katalon.core.webui.keyword.WebUiBuiltInKeywords.verifyElementHasAttribute(com.kms.katalon.core.testobject.ObjectRepository.findTestObject(Final Object Repo/Landing Page/BM Detecting), "href", 20, OPTIONAL): Object 'Object Repository/Final Object Repo/Landing Page/BM Detecting' has attribute 'href'

2018-12-14 11:22:50 - [MESSAGE][PASSED] - Object 'Object Repository/Final Object Repo/Landing Page/BM Detecting' has attribute 'href'

2018-12-14 11:22:50 - [TEST_STEP][PASSED] - Statement - out.println(Checker): null

2018-12-14 11:22:50 - [TEST_STEP][PASSED] - Statement - If (Checker == false): null

2018-12-14 11:22:50 - [TEST_STEP][PASSED] - Statement - Else: null

2018-12-14 11:22:50 - [TEST_STEP][PASSED] - delay: Delayed 2 second(s)

2018-12-14 11:22:52 - [MESSAGE][PASSED] - Delayed 2 second(s)

2018-12-14 11:22:52 - [TEST_STEP][PASSED] - navigateToUrl: Navigate to 'https://assist2-uat.perkeso.gov.my/web/registration/eis-update/form-3-eis-cessation-as-employer' successfully

2018-12-14 11:22:53 - [MESSAGE][PASSED] - Navigate to 'https://assist2-uat.perkeso.gov.my/web/registration/eis-update/form-3-eis-cessation-as-employer' successfully

2018-12-14 11:22:53 - [TEST_STEP][PASSED] - delay: Delayed 1 second(s)

2018-12-14 11:22:54 - [MESSAGE][PASSED] - Delayed 1 second(s)

2018-12-14 11:22:54 - [TEST_STEP][PASSED] - setText: Text 'E1102069769W' is set on object 'Object Repository/Final Object Repo/Page_Form 3 EIS - Cessation as Employer/Employer Code'

2018-12-14 11:22:54 - [MESSAGE][PASSED] - Text 'E1102069769W' is set on object 'Object Repository/Final Object Repo/Page_Form 3 EIS - Cessation as Employer/Employer Code'

2018-12-14 11:22:54 - [TEST_STEP][PASSED] - click: Object: 'Object Repository/Final Object Repo/Page_Form 3 EIS - Cessation as Employer/Search' is clicked on

2018-12-14 11:22:54 - [MESSAGE][PASSED] - Object: 'Object Repository/Final Object Repo/Page_Form 3 EIS - Cessation as Employer/Search' is clicked on

2018-12-14 11:22:54 - [TEST_STEP][PASSED] - click: Object: 'Object Repository/Final Object Repo/Page_Form 3 EIS - Cessation as Employer/Edit' is clicked on

2018-12-14 11:22:57 - [MESSAGE][PASSED] - Object: 'Object Repository/Final Object Repo/Page_Form 3 EIS - Cessation as Employer/Edit' is clicked on

2018-12-14 11:22:57 - [TEST_STEP][PASSED] - delay: Delayed 1 second(s)

2018-12-14 11:22:58 - [MESSAGE][PASSED] - Delayed 1 second(s)

2018-12-14 11:22:58 - [TEST_STEP][PASSED] - Statement - abc = com.kms.katalon.core.webui.keyword.WebUiBuiltInKeywords.getAttribute(com.kms.katalon.core.testobject.ObjectRepository.findTestObject(Final Object Repo/Page_Form 3 EIS - Cessation as Employer/Employer Status), "value"): Attribute 'value' of object 'Object Repository/Final Object Repo/Page_Form 3 EIS - Cessation as Employer/Employer Status' is: 'Active'

2018-12-14 11:22:58 - [MESSAGE][PASSED] - Attribute 'value' of object 'Object Repository/Final Object Repo/Page_Form 3 EIS - Cessation as Employer/Employer Status' is: 'Active'

2018-12-14 11:22:58 - [TEST_STEP][PASSED] - Statement - out.println(abc): null

2018-12-14 11:22:58 - [TEST_STEP][PASSED] - Statement - If (abc == "Active"): Object: 'Object Repository/Final Object Repo/Page_Form 3 EIS - Cessation as Employer/Dormant EIS' is clicked on

2018-12-14 11:22:58 - [TEST_STEP][PASSED] - click: Object: 'Object Repository/Final Object Repo/Page_Form 3 EIS - Cessation as Employer/Change Employer Status to' is clicked on

2018-12-14 11:22:58 - [MESSAGE][PASSED] - Object: 'Object Repository/Final Object Repo/Page_Form 3 EIS - Cessation as Employer/Change Employer Status to' is clicked on

2018-12-14 11:22:58 - [TEST_STEP][PASSED] - click: Object: 'Object Repository/Final Object Repo/Page_Form 3 EIS - Cessation as Employer/Dormant EIS' is clicked on

2018-12-14 11:22:58 - [MESSAGE][PASSED] - Object: 'Object Repository/Final Object Repo/Page_Form 3 EIS - Cessation as Employer/Dormant EIS' is clicked on

2018-12-14 11:22:58 - [TEST_STEP][PASSED] - click: Object: 'Object Repository/Final Object Repo/Page_Form 3 EIS - Cessation as Employer/Calender' is clicked on

2018-12-14 11:22:58 - [MESSAGE][PASSED] - Object: 'Object Repository/Final Object Repo/Page_Form 3 EIS - Cessation as Employer/Calender' is clicked on

2018-12-14 11:22:58 - [TEST_STEP][PASSED] - delay: Delayed 1 second(s)

2018-12-14 11:22:59 - [MESSAGE][PASSED] - Delayed 1 second(s)

2018-12-14 11:22:59 - [TEST_STEP][PASSED] - click: Object: 'Object Repository/Final Object Repo/Page_Form 3 EIS - Cessation as Employer/Calender - Date' is clicked on

2018-12-14 11:22:59 - [MESSAGE][PASSED] - Object: 'Object Repository/Final Object Repo/Page_Form 3 EIS - Cessation as Employer/Calender - Date' is clicked on

2018-12-14 11:22:59 - [TEST_STEP][PASSED] - click: Object: 'Object Repository/Final Object Repo/Page_Form 3 EIS - Cessation as Employer/Save  Continue in Form 3 EIS Page' is clicked on

2018-12-14 11:23:00 - [MESSAGE][PASSED] - Object: 'Object Repository/Final Object Repo/Page_Form 3 EIS - Cessation as Employer/Save  Continue in Form 3 EIS Page' is clicked on

2018-12-14 11:23:00 - [TEST_STEP][PASSED] - delay: Delayed 1 second(s)

2018-12-14 11:23:01 - [MESSAGE][PASSED] - Delayed 1 second(s)

2018-12-14 11:23:01 - [TEST_STEP][PASSED] - click: Object: 'Object Repository/Final Object Repo/Page_Form 3 EIS - Cessation as Employer/Employment Resign Date' is clicked on

2018-12-14 11:23:03 - [MESSAGE][PASSED] - Object: 'Object Repository/Final Object Repo/Page_Form 3 EIS - Cessation as Employer/Employment Resign Date' is clicked on

2018-12-14 11:23:03 - [TEST_STEP][PASSED] - selectOptionByValue: All options with value '2030' are selected in object 'Object Repository/Final Object Repo/Page_Form 3 EIS - Cessation as Employer/Employment Resign Date - Year' 

2018-12-14 11:23:03 - [MESSAGE][PASSED] - All options with value '2030' are selected in object 'Object Repository/Final Object Repo/Page_Form 3 EIS - Cessation as Employer/Employment Resign Date - Year' 

2018-12-14 11:23:03 - [TEST_STEP][PASSED] - delay: Delayed 2 second(s)

2018-12-14 11:23:05 - [MESSAGE][PASSED] - Delayed 2 second(s)

2018-12-14 11:23:05 - [TEST_STEP][PASSED] - click: Object: 'Object Repository/Final Object Repo/Page_Form 3 EIS - Cessation as Employer/Employment Resign Date - Year - Date' is clicked on

2018-12-14 11:23:05 - [MESSAGE][PASSED] - Object: 'Object Repository/Final Object Repo/Page_Form 3 EIS - Cessation as Employer/Employment Resign Date - Year - Date' is clicked on

2018-12-14 11:23:05 - [TEST_STEP][PASSED] - delay: Delayed 2 second(s)

2018-12-14 11:23:07 - [MESSAGE][PASSED] - Delayed 2 second(s)

2018-12-14 11:23:07 - [TEST_STEP][PASSED] - click: Object: 'Object Repository/Final Object Repo/Page_Form 3 EIS - Cessation as Employer/Save  Continue in Employment Resign Page' is clicked on

2018-12-14 11:23:07 - [MESSAGE][PASSED] - Object: 'Object Repository/Final Object Repo/Page_Form 3 EIS - Cessation as Employer/Save  Continue in Employment Resign Page' is clicked on

2018-12-14 11:23:07 - [TEST_STEP][PASSED] - delay: Delayed 2 second(s)

2018-12-14 11:23:09 - [MESSAGE][PASSED] - Delayed 2 second(s)

2018-12-14 11:23:09 - [TEST_STEP][PASSED] - click: Object: 'Object Repository/Final Object Repo/Page_Form 3 EIS - Cessation as Employer/Set Latest - Yes' is clicked on

2018-12-14 11:23:09 - [MESSAGE][PASSED] - Object: 'Object Repository/Final Object Repo/Page_Form 3 EIS - Cessation as Employer/Set Latest - Yes' is clicked on

2018-12-14 11:23:09 - [TEST_STEP][PASSED] - delay: Delayed 2 second(s)

2018-12-14 11:23:11 - [MESSAGE][PASSED] - Delayed 2 second(s)

2018-12-14 11:23:11 - [TEST_STEP][PASSED] - click: Object: 'Object Repository/Final Object Repo/Page_Form 3 EIS - Cessation as Employer/Add Document' is clicked on

2018-12-14 11:23:12 - [MESSAGE][PASSED] - Object: 'Object Repository/Final Object Repo/Page_Form 3 EIS - Cessation as Employer/Add Document' is clicked on

2018-12-14 11:23:12 - [TEST_STEP][PASSED] - delay: Delayed 3 second(s)

2018-12-14 11:23:15 - [MESSAGE][PASSED] - Delayed 3 second(s)

2018-12-14 11:23:15 - [TEST_STEP][PASSED] - click: Object: 'Object Repository/Final Object Repo/Page_Form 3 EIS - Cessation as Employer/Document Type' is clicked on

2018-12-14 11:23:16 - [MESSAGE][PASSED] - Object: 'Object Repository/Final Object Repo/Page_Form 3 EIS - Cessation as Employer/Document Type' is clicked on

2018-12-14 11:23:16 - [TEST_STEP][PASSED] - click: Object: 'Object Repository/Final Object Repo/Page_Form 3 EIS - Cessation as Employer/Document Type - Form 3' is clicked on

2018-12-14 11:23:17 - [MESSAGE][PASSED] - Object: 'Object Repository/Final Object Repo/Page_Form 3 EIS - Cessation as Employer/Document Type - Form 3' is clicked on

2018-12-14 11:23:17 - [TEST_STEP][PASSED] - delay: Delayed 2 second(s)

2018-12-14 11:23:19 - [MESSAGE][PASSED] - Delayed 2 second(s)

2018-12-14 11:23:19 - [TEST_STEP][PASSED] - sendKeys: Keys 'C:\Users\Public\Pictures\Sample Pictures\Koala.jpg' sent to object: 'Object Repository/Final Object Repo/Page_Form 3 EIS - Cessation as Employer/ploading File'

2018-12-14 11:23:19 - [MESSAGE][PASSED] - Keys 'C:\Users\Public\Pictures\Sample Pictures\Koala.jpg' sent to object: 'Object Repository/Final Object Repo/Page_Form 3 EIS - Cessation as Employer/ploading File'

2018-12-14 11:23:19 - [TEST_STEP][PASSED] - delay: Delayed 1 second(s)

2018-12-14 11:23:20 - [MESSAGE][PASSED] - Delayed 1 second(s)

2018-12-14 11:23:20 - [TEST_STEP][PASSED] - click: Object: 'Object Repository/Final Object Repo/Page_Form 3 EIS - Cessation as Employer/Add Document in Uploading Page' is clicked on

2018-12-14 11:23:20 - [MESSAGE][PASSED] - Object: 'Object Repository/Final Object Repo/Page_Form 3 EIS - Cessation as Employer/Add Document in Uploading Page' is clicked on

2018-12-14 11:23:20 - [TEST_STEP][PASSED] - delay: Delayed 2 second(s)

2018-12-14 11:23:22 - [MESSAGE][PASSED] - Delayed 2 second(s)

2018-12-14 11:23:22 - [TEST_STEP][PASSED] - Statement - CaseReferenceNo = com.kms.katalon.core.webui.keyword.WebUiBuiltInKeywords.getText(com.kms.katalon.core.testobject.ObjectRepository.findTestObject(Final Object Repo/Page_Update Employer Information/Reference Number in Update Employee Information Page)): Text of object 'Object Repository/Final Object Repo/Page_Update Employer Information/Reference Number in Update Employee Information Page' is: 'ERN122018C200002442'

2018-12-14 11:23:24 - [MESSAGE][PASSED] - Text of object 'Object Repository/Final Object Repo/Page_Update Employer Information/Reference Number in Update Employee Information Page' is: 'ERN122018C200002442'

2018-12-14 11:23:24 - [TEST_STEP][PASSED] - callTestCase: Call Test Case 'Test Cases/Final Aug 2018 - PKS Automation/Common/Reference Number Setter' successfully

2018-12-14 11:23:24 - [TEST_CASE][PASSED] - Test Cases/Final Aug 2018 - PKS Automation/Common/Reference Number Setter: Test Cases/Final Aug 2018 - PKS Automation/Common/Reference Number Setter

2018-12-14 11:23:24 - [TEST_STEP][PASSED] - Statement - RefNoOldFile = new java.io.File(C://Users//Admin//Desktop//PKS//Automation Reference Point//KatalonReference.txt): null

2018-12-14 11:23:24 - [TEST_STEP][PASSED] - Statement - RefNoOldFile.delete(): null

2018-12-14 11:23:24 - [TEST_STEP][PASSED] - delay: Delayed 5 second(s)

2018-12-14 11:23:29 - [MESSAGE][PASSED] - Delayed 5 second(s)

2018-12-14 11:23:29 - [TEST_STEP][PASSED] - Statement - RefNo = new java.io.File(C://Users//Admin//Desktop//PKS//Automation Reference Point//KatalonReference.txt): null

2018-12-14 11:23:29 - [TEST_STEP][PASSED] - Statement - f2 = new java.io.FileWriter(RefNo, false): null

2018-12-14 11:23:29 - [TEST_STEP][PASSED] - Statement - f2.write(CaseReferenceNo): null

2018-12-14 11:23:29 - [TEST_STEP][PASSED] - Statement - f2.close(): null

2018-12-14 11:23:29 - [TEST_STEP][PASSED] - Statement - out.println("


" + CaseReferenceNo + "


"): null

2018-12-14 11:23:29 - [MESSAGE][PASSED] - Call Test Case 'Test Cases/Final Aug 2018 - PKS Automation/Common/Reference Number Setter' successfully

2018-12-14 11:23:29 - [TEST_STEP][PASSED] - delay: Delayed 2 second(s)

2018-12-14 11:23:31 - [MESSAGE][PASSED] - Delayed 2 second(s)

2018-12-14 11:23:31 - [TEST_STEP][PASSED] - click: Object: 'Object Repository/Final Object Repo/Page_Form 3 EIS - Cessation as Employer/Save  Continue in Uploading Page' is clicked on

2018-12-14 11:23:31 - [MESSAGE][PASSED] - Object: 'Object Repository/Final Object Repo/Page_Form 3 EIS - Cessation as Employer/Save  Continue in Uploading Page' is clicked on

2018-12-14 11:23:31 - [TEST_STEP][PASSED] - delay: Delayed 2 second(s)

2018-12-14 11:23:33 - [MESSAGE][PASSED] - Delayed 2 second(s)

2018-12-14 11:23:33 - [TEST_STEP][PASSED] - click: Object: 'Object Repository/Final Object Repo/Page_Form 3 EIS - Cessation as Employer/Submit' is clicked on

2018-12-14 11:23:36 - [MESSAGE][PASSED] - Object: 'Object Repository/Final Object Repo/Page_Form 3 EIS - Cessation as Employer/Submit' is clicked on

2018-12-14 11:23:36 - [TEST_STEP][PASSED] - delay: Delayed 2 second(s)

2018-12-14 11:23:38 - [MESSAGE][PASSED] - Delayed 2 second(s)

2018-12-14 11:23:38 - [TEST_STEP][PASSED] - click: Object: 'Object Repository/Final Object Repo/Page_Form 3 EIS - Cessation as Employer/Confirm' is clicked on

2018-12-14 11:23:38 - [MESSAGE][PASSED] - Object: 'Object Repository/Final Object Repo/Page_Form 3 EIS - Cessation as Employer/Confirm' is clicked on

2018-12-14 11:23:38 - [TEST_STEP][PASSED] - delay: Delayed 2 second(s)

2018-12-14 11:23:40 - [MESSAGE][PASSED] - Delayed 2 second(s)

2018-12-14 11:23:40 - [TEST_STEP][PASSED] - click: Object: 'Object Repository/Final Object Repo/Page_Form 3 EIS - Cessation as Employer/Message Your Request will be routed to UO' is clicked on

2018-12-14 11:23:43 - [MESSAGE][PASSED] - Object: 'Object Repository/Final Object Repo/Page_Form 3 EIS - Cessation as Employer/Message Your Request will be routed to UO' is clicked on

2018-12-14 11:23:43 - [TEST_STEP][PASSED] - click: Object: 'Object Repository/Final Object Repo/Page_Form 3 EIS - Cessation as Employer/Letter of acknowledgement' is clicked on

2018-12-14 11:23:44 - [MESSAGE][PASSED] - Object: 'Object Repository/Final Object Repo/Page_Form 3 EIS - Cessation as Employer/Letter of acknowledgement' is clicked on

2018-12-14 11:23:44 - [MESSAGE][PASSED] - Call Test Case 'Test Cases/Final Aug 2018 - PKS Automation/Registration Module/Workflow/Form 3 EIS - Cessation As Employer/Template/Form 3 A - Cessation As Employer (OTC)' successfully

2018-12-14 11:23:44 - [TEST_STEP][PASSED] - callTestCase: Call Test Case 'Test Cases/Final Aug 2018 - PKS Automation/Registration Module/Workflow/Form 3 EIS - Cessation As Employer/Template/Form 3 A - Cessation As Employer (Under enforcement)' successfully

2018-12-14 11:23:44 - [TEST_CASE][PASSED] - Test Cases/Final Aug 2018 - PKS Automation/Registration Module/Workflow/Form 3 EIS - Cessation As Employer/Template/Form 3 A - Cessation As Employer (Under enforcement): Test Cases/Final Aug 2018 - PKS Automation/Registration Module/Workflow/Form 3 EIS - Cessation As Employer/Template/Form 3 A - Cessation As Employer (Under enforcement)

2018-12-14 11:23:45 - [TEST_STEP][NOT_RUN] - callTestCase: NOT_RUN: callTestCase

2018-12-14 11:23:45 - [MESSAGE][NOT_RUN] - NOT_RUN: callTestCase

2018-12-14 11:23:45 - [TEST_STEP][PASSED] - delay: Delayed 1 second(s)

2018-12-14 11:23:46 - [MESSAGE][PASSED] - Delayed 1 second(s)

2018-12-14 11:23:46 - [TEST_STEP][PASSED] - navigateToUrl: Navigate to 'https://assist2-uat.perkeso.gov.my/c/portal/logout' successfully

2018-12-14 11:23:46 - [MESSAGE][PASSED] - Navigate to 'https://assist2-uat.perkeso.gov.my/c/portal/logout' successfully

2018-12-14 11:23:46 - [TEST_STEP][PASSED] - delay: Delayed 1 second(s)

2018-12-14 11:23:47 - [MESSAGE][PASSED] - Delayed 1 second(s)

2018-12-14 11:23:47 - [TEST_STEP][PASSED] - callTestCase: Call Test Case 'Test Cases/Final Aug 2018 - PKS Automation/Common/Reference Number Getter' successfully

2018-12-14 11:23:48 - [TEST_CASE][PASSED] - Test Cases/Final Aug 2018 - PKS Automation/Common/Reference Number Getter: Test Cases/Final Aug 2018 - PKS Automation/Common/Reference Number Getter

2018-12-14 11:23:48 - [TEST_STEP][PASSED] - Statement - Try: null

2018-12-14 11:23:48 - [TEST_STEP][PASSED] - Statement - RefNo = new java.io.File(C://Users//Admin//Desktop//PKS//Automation Reference Point//KatalonReference.txt): null

2018-12-14 11:23:48 - [TEST_STEP][PASSED] - Statement - bufferread = new java.io.BufferedReader(new java.io.FileReader(RefNo)): null

2018-12-14 11:23:48 - [TEST_STEP][PASSED] - Statement - readedVal = bufferread.readLine(): null

2018-12-14 11:23:48 - [TEST_STEP][PASSED] - Statement - out.println(CaseReferenceNo): null

2018-12-14 11:23:48 - [TEST_STEP][PASSED] - Statement - out.println(readedVal): null

2018-12-14 11:23:48 - [TEST_STEP][PASSED] - Statement - CaseReferenceNo = "": null

2018-12-14 11:23:48 - [TEST_STEP][PASSED] - Statement - CaseReferenceNo = readedVal: null

2018-12-14 11:23:48 - [MESSAGE][PASSED] - Call Test Case 'Test Cases/Final Aug 2018 - PKS Automation/Common/Reference Number Getter' successfully

2018-12-14 11:23:48 - [TEST_STEP][PASSED] - callTestCase: Call Test Case 'Test Cases/Final Aug 2018 - PKS Automation/Common/Workflow Owner Finder' successfully

2018-12-14 11:23:48 - [TEST_CASE][PASSED] - Test Cases/Final Aug 2018 - PKS Automation/Common/Workflow Owner Finder: Test Cases/Final Aug 2018 - PKS Automation/Common/Workflow Owner Finder

2018-12-14 11:23:48 - [TEST_STEP][PASSED] - openBrowser: Browser is opened with url: ''

2018-12-14 11:23:48 - [MESSAGE][WARNING] - A browser is already opened. Closing browser and opening a new one

2018-12-14 11:23:52 - [MESSAGE][PASSED] - Browser is opened with url: ''

2018-12-14 11:23:52 - [TEST_STEP][PASSED] - navigateToUrl: Navigate to 'https://assist2-uat.perkeso.gov.my/login' successfully

2018-12-14 11:23:53 - [MESSAGE][PASSED] - Navigate to 'https://assist2-uat.perkeso.gov.my/login' successfully

2018-12-14 11:23:53 - [TEST_STEP][PASSED] - delay: Delayed 5 second(s)

2018-12-14 11:23:58 - [MESSAGE][PASSED] - Delayed 5 second(s)

2018-12-14 11:23:58 - [TEST_STEP][PASSED] - setText: Text 'test@liferay.com' is set on object 'Object Repository/Final Object Repo/Login Page/Internal User/Email Address'

2018-12-14 11:23:59 - [MESSAGE][PASSED] - Text 'test@liferay.com' is set on object 'Object Repository/Final Object Repo/Login Page/Internal User/Email Address'

2018-12-14 11:23:59 - [TEST_STEP][PASSED] - click: Object: 'Object Repository/Final Object Repo/Login Page/Internal User/Next Button' is clicked on

2018-12-14 11:23:59 - [MESSAGE][PASSED] - Object: 'Object Repository/Final Object Repo/Login Page/Internal User/Next Button' is clicked on

2018-12-14 11:23:59 - [TEST_STEP][PASSED] - delay: Delayed 2 second(s)

2018-12-14 11:24:01 - [MESSAGE][PASSED] - Delayed 2 second(s)

2018-12-14 11:24:01 - [TEST_STEP][PASSED] - setText: Text 'test' is set on object 'Object Repository/Final Object Repo/Login Page/Internal User/Password'

2018-12-14 11:24:01 - [MESSAGE][PASSED] - Text 'test' is set on object 'Object Repository/Final Object Repo/Login Page/Internal User/Password'

2018-12-14 11:24:01 - [TEST_STEP][PASSED] - delay: Delayed 2 second(s)

2018-12-14 11:24:03 - [MESSAGE][PASSED] - Delayed 2 second(s)

2018-12-14 11:24:03 - [TEST_STEP][PASSED] - click: Object: 'Object Repository/Final Object Repo/Login Page/Internal User/Login Button' is clicked on

2018-12-14 11:24:03 - [MESSAGE][PASSED] - Object: 'Object Repository/Final Object Repo/Login Page/Internal User/Login Button' is clicked on

2018-12-14 11:24:03 - [TEST_STEP][PASSED] - Statement - tester = com.kms.katalon.core.testobject.ObjectRepository.findTestObject(Final Object Repo/Landing Page/Select to English): Finding Test Object with id 'Object Repository/Final Object Repo/Landing Page/Select to English'

2018-12-14 11:24:03 - [TEST_STEP][PASSED] - Statement - Try: Delayed 2 second(s)

2018-12-14 11:24:03 - [TEST_STEP][PASSED] - Statement - Checker = com.kms.katalon.core.webui.keyword.WebUiBuiltInKeywords.verifyElementNotPresent(tester, 3): Web element with id: 'Object Repository/Final Object Repo/Landing Page/Select to English' located by 'By.xpath: //a[@class = 'taglib-language-list-text' and @lang = 'en-US' and (contains(text(), 'EN') or contains(., 'EN'))]' is not present after '3' second(s)

2018-12-14 11:24:05 - [MESSAGE][PASSED] - Web element with id: 'Object Repository/Final Object Repo/Landing Page/Select to English' located by 'By.xpath: //a[@class = 'taglib-language-list-text' and @lang = 'en-US' and (contains(text(), 'EN') or contains(., 'EN'))]' is not present after '3' second(s)

2018-12-14 11:24:05 - [TEST_STEP][PASSED] - Statement - If (Checker == false): null

2018-12-14 11:24:05 - [TEST_STEP][PASSED] - delay: Delayed 2 second(s)

2018-12-14 11:24:07 - [MESSAGE][PASSED] - Delayed 2 second(s)

2018-12-14 11:24:07 - [TEST_STEP][PASSED] - delay: Delayed 5 second(s)

2018-12-14 11:24:12 - [MESSAGE][PASSED] - Delayed 5 second(s)

2018-12-14 11:24:12 - [TEST_STEP][PASSED] - mouseOver: Object: 'Object Repository/Final Object Repo/Landing Page/WorkFlow Menu' is hovered

2018-12-14 11:24:12 - [MESSAGE][PASSED] - Object: 'Object Repository/Final Object Repo/Landing Page/WorkFlow Menu' is hovered

2018-12-14 11:24:12 - [TEST_STEP][PASSED] - delay: Delayed 2 second(s)

2018-12-14 11:24:14 - [MESSAGE][PASSED] - Delayed 2 second(s)

2018-12-14 11:24:14 - [TEST_STEP][PASSED] - click: Object: 'Object Repository/Final Object Repo/Landing Page/Select to Workflow Listing' is clicked on

2018-12-14 11:24:16 - [MESSAGE][PASSED] - Object: 'Object Repository/Final Object Repo/Landing Page/Select to Workflow Listing' is clicked on

2018-12-14 11:24:16 - [TEST_STEP][PASSED] - delay: Delayed 2 second(s)

2018-12-14 11:24:18 - [MESSAGE][PASSED] - Delayed 2 second(s)

2018-12-14 11:24:18 - [TEST_STEP][PASSED] - click: Object: 'Object Repository/Final Object Repo/WorkFlow Listing Page/Search Information - To Put Ref No' is clicked on

2018-12-14 11:24:18 - [MESSAGE][PASSED] - Object: 'Object Repository/Final Object Repo/WorkFlow Listing Page/Search Information - To Put Ref No' is clicked on

2018-12-14 11:24:18 - [TEST_STEP][PASSED] - delay: Delayed 2 second(s)

2018-12-14 11:24:20 - [MESSAGE][PASSED] - Delayed 2 second(s)

2018-12-14 11:24:20 - [TEST_STEP][PASSED] - callTestCase: Call Test Case 'Test Cases/Final Aug 2018 - PKS Automation/Common/Reference Number Getter' successfully

2018-12-14 11:24:20 - [TEST_CASE][PASSED] - Test Cases/Final Aug 2018 - PKS Automation/Common/Reference Number Getter: Test Cases/Final Aug 2018 - PKS Automation/Common/Reference Number Getter

2018-12-14 11:24:20 - [TEST_STEP][PASSED] - Statement - Try: null

2018-12-14 11:24:20 - [TEST_STEP][PASSED] - Statement - RefNo = new java.io.File(C://Users//Admin//Desktop//PKS//Automation Reference Point//KatalonReference.txt): null

2018-12-14 11:24:20 - [TEST_STEP][PASSED] - Statement - bufferread = new java.io.BufferedReader(new java.io.FileReader(RefNo)): null

2018-12-14 11:24:20 - [TEST_STEP][PASSED] - Statement - readedVal = bufferread.readLine(): null

2018-12-14 11:24:20 - [TEST_STEP][PASSED] - Statement - out.println(CaseReferenceNo): null

2018-12-14 11:24:20 - [TEST_STEP][PASSED] - Statement - out.println(readedVal): null

2018-12-14 11:24:20 - [TEST_STEP][PASSED] - Statement - CaseReferenceNo = "": null

2018-12-14 11:24:20 - [TEST_STEP][PASSED] - Statement - CaseReferenceNo = readedVal: null

2018-12-14 11:24:20 - [MESSAGE][PASSED] - Call Test Case 'Test Cases/Final Aug 2018 - PKS Automation/Common/Reference Number Getter' successfully

2018-12-14 11:24:20 - [TEST_STEP][PASSED] - setText: Text 'ERN122018C200002442' is set on object 'Object Repository/Final Object Repo/WorkFlow Listing Page/Ref No Set Text'

2018-12-14 11:24:20 - [MESSAGE][PASSED] - Text 'ERN122018C200002442' is set on object 'Object Repository/Final Object Repo/WorkFlow Listing Page/Ref No Set Text'

2018-12-14 11:24:20 - [TEST_STEP][PASSED] - delay: Delayed 2 second(s)

2018-12-14 11:24:22 - [MESSAGE][PASSED] - Delayed 2 second(s)

2018-12-14 11:24:22 - [TEST_STEP][PASSED] - click: Object: 'Object Repository/Final Object Repo/WorkFlow Listing Page/Search Ref No Search Button' is clicked on

2018-12-14 11:24:23 - [MESSAGE][PASSED] - Object: 'Object Repository/Final Object Repo/WorkFlow Listing Page/Search Ref No Search Button' is clicked on

2018-12-14 11:24:23 - [TEST_STEP][PASSED] - delay: Delayed 6 second(s)

2018-12-14 11:24:29 - [MESSAGE][PASSED] - Delayed 6 second(s)

2018-12-14 11:24:29 - [TEST_STEP][PASSED] - click: Object: 'Object Repository/Final Object Repo/WorkFlow Listing Page/Click Continue Tooltip' is clicked on

2018-12-14 11:24:30 - [MESSAGE][PASSED] - Object: 'Object Repository/Final Object Repo/WorkFlow Listing Page/Click Continue Tooltip' is clicked on

2018-12-14 11:24:30 - [TEST_STEP][PASSED] - delay: Delayed 5 second(s)

2018-12-14 11:24:35 - [MESSAGE][PASSED] - Delayed 5 second(s)

2018-12-14 11:24:35 - [TEST_STEP][PASSED] - doubleClick: Object: 'Object Repository/Final Object Repo/WorkFlow Listing Page/Workflow Found - Listing 1' is double clicked on

2018-12-14 11:24:35 - [MESSAGE][PASSED] - Object: 'Object Repository/Final Object Repo/WorkFlow Listing Page/Workflow Found - Listing 1' is double clicked on

2018-12-14 11:24:35 - [TEST_STEP][PASSED] - Statement - println(OwnerID): null

2018-12-14 11:24:35 - [TEST_STEP][PASSED] - Statement - OwnerID = com.kms.katalon.core.webui.keyword.WebUiBuiltInKeywords.getText(com.kms.katalon.core.testobject.ObjectRepository.findTestObject(Final Object Repo/WorkFlow Listing Page/Workflow Found - Listing 1), STOP_ON_FAILURE): Text of object 'Object Repository/Final Object Repo/WorkFlow Listing Page/Workflow Found - Listing 1' is: 'JOHORuo2'

2018-12-14 11:24:35 - [MESSAGE][PASSED] - Text of object 'Object Repository/Final Object Repo/WorkFlow Listing Page/Workflow Found - Listing 1' is: 'JOHORuo2'

2018-12-14 11:24:35 - [TEST_STEP][PASSED] - Statement - OwnerID = OwnerID.toLowerCase() + "@gmail.com": null

2018-12-14 11:24:35 - [TEST_STEP][PASSED] - Statement - println(OwnerID): null

2018-12-14 11:24:35 - [TEST_STEP][PASSED] - delay: Delayed 2 second(s)

2018-12-14 11:24:37 - [MESSAGE][PASSED] - Delayed 2 second(s)

2018-12-14 11:24:37 - [MESSAGE][PASSED] - Call Test Case 'Test Cases/Final Aug 2018 - PKS Automation/Common/Workflow Owner Finder' successfully

2018-12-14 11:24:37 - [TEST_STEP][PASSED] - delay: Delayed 1 second(s)

2018-12-14 11:24:38 - [MESSAGE][PASSED] - Delayed 1 second(s)

2018-12-14 11:24:38 - [TEST_STEP][PASSED] - navigateToUrl: Navigate to 'https://assist2-uat.perkeso.gov.my/c/portal/logout' successfully

2018-12-14 11:24:39 - [MESSAGE][PASSED] - Navigate to 'https://assist2-uat.perkeso.gov.my/c/portal/logout' successfully

2018-12-14 11:24:39 - [TEST_STEP][PASSED] - delay: Delayed 1 second(s)

2018-12-14 11:24:40 - [MESSAGE][PASSED] - Delayed 1 second(s)

2018-12-14 11:24:40 - [TEST_STEP][PASSED] - callTestCase: Call Test Case 'Test Cases/Final Aug 2018 - PKS Automation/Registration Module/Workflow/Login and Search Case For Workflow' successfully

2018-12-14 11:24:40 - [TEST_CASE][PASSED] - Test Cases/Final Aug 2018 - PKS Automation/Registration Module/Workflow/Login and Search Case For Workflow: Test Cases/Final Aug 2018 - PKS Automation/Registration Module/Workflow/Login and Search Case For Workflow

2018-12-14 11:24:40 - [TEST_STEP][PASSED] - navigateToUrl: Navigate to 'https://assist2-uat.perkeso.gov.my/login' successfully

2018-12-14 11:24:40 - [MESSAGE][PASSED] - Navigate to 'https://assist2-uat.perkeso.gov.my/login' successfully

2018-12-14 11:24:40 - [TEST_STEP][PASSED] - setText: Text 'johoruo2@gmail.com' is set on object 'Object Repository/Final Object Repo/Login Page/Internal User/Email Address'

2018-12-14 11:24:41 - [MESSAGE][PASSED] - Text 'johoruo2@gmail.com' is set on object 'Object Repository/Final Object Repo/Login Page/Internal User/Email Address'

2018-12-14 11:24:41 - [TEST_STEP][PASSED] - click: Object: 'Object Repository/Final Object Repo/Login Page/Internal User/Next Button' is clicked on

2018-12-14 11:24:41 - [MESSAGE][PASSED] - Object: 'Object Repository/Final Object Repo/Login Page/Internal User/Next Button' is clicked on

2018-12-14 11:24:41 - [TEST_STEP][PASSED] - delay: Delayed 1 second(s)

2018-12-14 11:24:42 - [MESSAGE][PASSED] - Delayed 1 second(s)

2018-12-14 11:24:42 - [TEST_STEP][PASSED] - setEncryptedText: Text ****** has been set on object 'Object Repository/Final Object Repo/Login Page/Internal User/Password'

2018-12-14 11:24:42 - [MESSAGE][PASSED] - Text ****** has been set on object 'Object Repository/Final Object Repo/Login Page/Internal User/Password'

2018-12-14 11:24:42 - [TEST_STEP][PASSED] - click: Object: 'Object Repository/Final Object Repo/Login Page/Internal User/Login Button' is clicked on

2018-12-14 11:24:42 - [MESSAGE][PASSED] - Object: 'Object Repository/Final Object Repo/Login Page/Internal User/Login Button' is clicked on

2018-12-14 11:24:42 - [TEST_STEP][PASSED] - delay: Delayed 2 second(s)

2018-12-14 11:24:44 - [MESSAGE][PASSED] - Delayed 2 second(s)

2018-12-14 11:24:44 - [TEST_STEP][PASSED] - Statement - Try: Delayed 2 second(s)

2018-12-14 11:24:44 - [TEST_STEP][PASSED] - Statement - Checker = false: null

2018-12-14 11:24:44 - [TEST_STEP][PASSED] - Statement - Checker = com.kms.katalon.core.webui.keyword.WebUiBuiltInKeywords.verifyElementHasAttribute(com.kms.katalon.core.testobject.ObjectRepository.findTestObject(Final Object Repo/Landing Page/BM Detecting), "href", 20, OPTIONAL): Object 'Object Repository/Final Object Repo/Landing Page/BM Detecting' has attribute 'href'

2018-12-14 11:24:45 - [MESSAGE][PASSED] - Object 'Object Repository/Final Object Repo/Landing Page/BM Detecting' has attribute 'href'

2018-12-14 11:24:45 - [TEST_STEP][PASSED] - Statement - out.println(Checker): null

2018-12-14 11:24:45 - [TEST_STEP][PASSED] - Statement - If (Checker == false): null

2018-12-14 11:24:45 - [TEST_STEP][PASSED] - Statement - Else: null

2018-12-14 11:24:45 - [TEST_STEP][PASSED] - delay: Delayed 2 second(s)

2018-12-14 11:24:47 - [MESSAGE][PASSED] - Delayed 2 second(s)

2018-12-14 11:24:47 - [TEST_STEP][PASSED] - click: Object: 'Object Repository/Final Object Repo/Page_MyASSIST - ASSIST - Search Pending Case For Add Supporting Document/Search Information' is clicked on

2018-12-14 11:24:47 - [MESSAGE][PASSED] - Object: 'Object Repository/Final Object Repo/Page_MyASSIST - ASSIST - Search Pending Case For Add Supporting Document/Search Information' is clicked on

2018-12-14 11:24:47 - [TEST_STEP][PASSED] - delay: Delayed 3 second(s)

2018-12-14 11:24:50 - [MESSAGE][PASSED] - Delayed 3 second(s)

2018-12-14 11:24:50 - [TEST_STEP][PASSED] - sendKeys: Keys 'ERN122018C200002442' sent to object: 'Object Repository/Final Object Repo/Page_MyASSIST - ASSIST - Search Pending Case For Add Supporting Document/Reference No'

2018-12-14 11:24:50 - [MESSAGE][PASSED] - Keys 'ERN122018C200002442' sent to object: 'Object Repository/Final Object Repo/Page_MyASSIST - ASSIST - Search Pending Case For Add Supporting Document/Reference No'

2018-12-14 11:24:50 - [TEST_STEP][PASSED] - click: Object: 'Object Repository/Final Object Repo/Page_MyASSIST - ASSIST - Search Pending Case For Add Supporting Document/Search Reference No' is clicked on

2018-12-14 11:24:50 - [MESSAGE][PASSED] - Object: 'Object Repository/Final Object Repo/Page_MyASSIST - ASSIST - Search Pending Case For Add Supporting Document/Search Reference No' is clicked on

2018-12-14 11:24:50 - [TEST_STEP][PASSED] - delay: Delayed 2 second(s)

2018-12-14 11:24:52 - [MESSAGE][PASSED] - Delayed 2 second(s)

2018-12-14 11:24:52 - [TEST_STEP][PASSED] - click: Object: 'Object Repository/Final Object Repo/Page_MyASSIST - ASSIST - Search Pending Case For Add Supporting Document/Continue' is clicked on

2018-12-14 11:24:56 - [MESSAGE][PASSED] - Object: 'Object Repository/Final Object Repo/Page_MyASSIST - ASSIST - Search Pending Case For Add Supporting Document/Continue' is clicked on

2018-12-14 11:24:56 - [TEST_STEP][PASSED] - delay: Delayed 20 second(s)

2018-12-14 11:25:16 - [MESSAGE][PASSED] - Delayed 20 second(s)

2018-12-14 11:25:16 - [MESSAGE][PASSED] - Call Test Case 'Test Cases/Final Aug 2018 - PKS Automation/Registration Module/Workflow/Login and Search Case For Workflow' successfully

2018-12-14 11:25:16 - [TEST_STEP][PASSED] - click: Object: 'Object Repository/Final Object Repo/Page_Form 3 EIS - Cessation as Employer/Page_Form 3 EIS - Cessation as Employer (Approve)/Save  Continue in Form 3 Page' is clicked on

2018-12-14 11:25:17 - [MESSAGE][PASSED] - Object: 'Object Repository/Final Object Repo/Page_Form 3 EIS - Cessation as Employer/Page_Form 3 EIS - Cessation as Employer (Approve)/Save  Continue in Form 3 Page' is clicked on

2018-12-14 11:25:17 - [TEST_STEP][PASSED] - delay: Delayed 2 second(s)

2018-12-14 11:25:19 - [MESSAGE][PASSED] - Delayed 2 second(s)

2018-12-14 11:25:19 - [TEST_STEP][PASSED] - click: Object: 'Object Repository/Final Object Repo/Page_Form 3 EIS - Cessation as Employer/Page_Form 3 EIS - Cessation as Employer (Approve)/Save  Continue in Resigned Page' is clicked on

2018-12-14 11:25:19 - [MESSAGE][PASSED] - Object: 'Object Repository/Final Object Repo/Page_Form 3 EIS - Cessation as Employer/Page_Form 3 EIS - Cessation as Employer (Approve)/Save  Continue in Resigned Page' is clicked on

2018-12-14 11:25:19 - [TEST_STEP][PASSED] - delay: Delayed 2 second(s)

2018-12-14 11:25:21 - [MESSAGE][PASSED] - Delayed 2 second(s)

2018-12-14 11:25:21 - [TEST_STEP][PASSED] - click: Object: 'Object Repository/Final Object Repo/Page_Form 3 EIS - Cessation as Employer/Page_Form 3 EIS - Cessation as Employer (Approve)/Save  Continue in Uploading Page' is clicked on

2018-12-14 11:25:22 - [MESSAGE][PASSED] - Object: 'Object Repository/Final Object Repo/Page_Form 3 EIS - Cessation as Employer/Page_Form 3 EIS - Cessation as Employer (Approve)/Save  Continue in Uploading Page' is clicked on

2018-12-14 11:25:22 - [TEST_STEP][PASSED] - delay: Delayed 2 second(s)

2018-12-14 11:25:24 - [MESSAGE][PASSED] - Delayed 2 second(s)

2018-12-14 11:25:24 - [TEST_STEP][PASSED] - click: Object: 'Object Repository/Final Object Repo/Page_Form 3 EIS - Cessation as Employer/Page_Form 3 EIS - Cessation as Employer (Under enforcement)/Underenforcement' is clicked on

2018-12-14 11:25:27 - [MESSAGE][PASSED] - Object: 'Object Repository/Final Object Repo/Page_Form 3 EIS - Cessation as Employer/Page_Form 3 EIS - Cessation as Employer (Under enforcement)/Underenforcement' is clicked on

2018-12-14 11:25:27 - [TEST_STEP][PASSED] - delay: Delayed 2 second(s)

2018-12-14 11:25:29 - [MESSAGE][PASSED] - Delayed 2 second(s)

2018-12-14 11:25:29 - [TEST_STEP][PASSED] - setText: Text 'Remark' is set on object 'Object Repository/Final Object Repo/Page_Form 3 EIS - Cessation as Employer/Page_Form 3 EIS - Cessation as Employer (Under enforcement)/Under enforcement - Remark'

2018-12-14 11:25:29 - [MESSAGE][PASSED] - Text 'Remark' is set on object 'Object Repository/Final Object Repo/Page_Form 3 EIS - Cessation as Employer/Page_Form 3 EIS - Cessation as Employer (Under enforcement)/Under enforcement - Remark'

2018-12-14 11:25:29 - [TEST_STEP][PASSED] - delay: Delayed 2 second(s)

2018-12-14 11:25:31 - [MESSAGE][PASSED] - Delayed 2 second(s)

2018-12-14 11:25:31 - [TEST_STEP][PASSED] - click: Object: 'Object Repository/Final Object Repo/Page_Form 3 EIS - Cessation as Employer/Page_Form 3 EIS - Cessation as Employer (Under enforcement)/Save  Continue in Under enforcement' is clicked on

2018-12-14 11:25:31 - [MESSAGE][PASSED] - Object: 'Object Repository/Final Object Repo/Page_Form 3 EIS - Cessation as Employer/Page_Form 3 EIS - Cessation as Employer (Under enforcement)/Save  Continue in Under enforcement' is clicked on

2018-12-14 11:25:31 - [TEST_STEP][PASSED] - doubleClick: Object: 'Object Repository/Final Object Repo/Page_Form 3 EIS - Cessation as Employer/Page_Form 3 EIS - Cessation as Employer (Under enforcement)/Message The case is under enforcement' is double clicked on

2018-12-14 11:25:35 - [MESSAGE][PASSED] - Object: 'Object Repository/Final Object Repo/Page_Form 3 EIS - Cessation as Employer/Page_Form 3 EIS - Cessation as Employer (Under enforcement)/Message The case is under enforcement' is double clicked on

2018-12-14 11:25:35 - [MESSAGE][PASSED] - Call Test Case 'Test Cases/Final Aug 2018 - PKS Automation/Registration Module/Workflow/Form 3 EIS - Cessation As Employer/Template/Form 3 A - Cessation As Employer (Under enforcement)' successfully]]></system-out>
         <system-err><![CDATA[]]></system-err>
      </testcase>
      <testcase name="Test Cases/Final Aug 2018 - PKS Automation/Registration Module/Workflow/Form 3 EIS - Cessation As Employer/OTC to UO (Approve)" classname="Test Cases/Final Aug 2018 - PKS Automation/Registration Module/Workflow/Form 3 EIS - Cessation As Employer/OTC to UO (Approve)" status="PASSED">
         <system-out><![CDATA[2018-12-14 11:25:35 - [TEST_CASE][PASSED] - Test Cases/Final Aug 2018 - PKS Automation/Registration Module/Workflow/Form 3 EIS - Cessation As Employer/OTC to UO (Approve): Test Cases/Final Aug 2018 - PKS Automation/Registration Module/Workflow/Form 3 EIS - Cessation As Employer/OTC to UO (Approve)

2018-12-14 11:25:35 - [TEST_STEP][PASSED] - callTestCase: Call Test Case 'Test Cases/Final Aug 2018 - PKS Automation/Registration Module/Workflow/Form 3 EIS - Cessation As Employer/Template/Form 3 A - Cessation As Employer (OTC)' successfully

2018-12-14 11:25:35 - [TEST_CASE][PASSED] - Test Cases/Final Aug 2018 - PKS Automation/Registration Module/Workflow/Form 3 EIS - Cessation As Employer/Template/Form 3 A - Cessation As Employer (OTC): Test Cases/Final Aug 2018 - PKS Automation/Registration Module/Workflow/Form 3 EIS - Cessation As Employer/Template/Form 3 A - Cessation As Employer (OTC)

2018-12-14 11:25:36 - [TEST_STEP][PASSED] - openBrowser: Browser is opened with url: ''

2018-12-14 11:25:36 - [MESSAGE][WARNING] - A browser is already opened. Closing browser and opening a new one

2018-12-14 11:25:41 - [MESSAGE][PASSED] - Browser is opened with url: ''

2018-12-14 11:25:41 - [TEST_STEP][PASSED] - navigateToUrl: Navigate to 'https://assist2-uat.perkeso.gov.my/login' successfully

2018-12-14 11:25:42 - [MESSAGE][PASSED] - Navigate to 'https://assist2-uat.perkeso.gov.my/login' successfully

2018-12-14 11:25:42 - [TEST_STEP][PASSED] - setText: Text 'johorotc1@gmail.com' is set on object 'Object Repository/Final Object Repo/Login Page/Internal User/Email Address'

2018-12-14 11:25:42 - [MESSAGE][PASSED] - Text 'johorotc1@gmail.com' is set on object 'Object Repository/Final Object Repo/Login Page/Internal User/Email Address'

2018-12-14 11:25:42 - [TEST_STEP][PASSED] - click: Object: 'Object Repository/Final Object Repo/Login Page/Internal User/Next Button' is clicked on

2018-12-14 11:25:43 - [MESSAGE][PASSED] - Object: 'Object Repository/Final Object Repo/Login Page/Internal User/Next Button' is clicked on

2018-12-14 11:25:43 - [TEST_STEP][PASSED] - delay: Delayed 1 second(s)

2018-12-14 11:25:44 - [MESSAGE][PASSED] - Delayed 1 second(s)

2018-12-14 11:25:44 - [TEST_STEP][PASSED] - setEncryptedText: Text ****** has been set on object 'Object Repository/Final Object Repo/Login Page/Internal User/Password'

2018-12-14 11:25:44 - [MESSAGE][PASSED] - Text ****** has been set on object 'Object Repository/Final Object Repo/Login Page/Internal User/Password'

2018-12-14 11:25:44 - [TEST_STEP][PASSED] - click: Object: 'Object Repository/Final Object Repo/Login Page/Internal User/Login Button' is clicked on

2018-12-14 11:25:44 - [MESSAGE][PASSED] - Object: 'Object Repository/Final Object Repo/Login Page/Internal User/Login Button' is clicked on

2018-12-14 11:25:44 - [TEST_STEP][PASSED] - delay: Delayed 1 second(s)

2018-12-14 11:25:45 - [MESSAGE][PASSED] - Delayed 1 second(s)

2018-12-14 11:25:45 - [TEST_STEP][PASSED] - Statement - Try: Delayed 2 second(s)

2018-12-14 11:25:45 - [TEST_STEP][PASSED] - Statement - Checker = false: null

2018-12-14 11:25:45 - [TEST_STEP][PASSED] - Statement - Checker = com.kms.katalon.core.webui.keyword.WebUiBuiltInKeywords.verifyElementHasAttribute(com.kms.katalon.core.testobject.ObjectRepository.findTestObject(Final Object Repo/Landing Page/BM Detecting), "href", 20, OPTIONAL): Object 'Object Repository/Final Object Repo/Landing Page/BM Detecting' has attribute 'href'

2018-12-14 11:25:46 - [MESSAGE][PASSED] - Object 'Object Repository/Final Object Repo/Landing Page/BM Detecting' has attribute 'href'

2018-12-14 11:25:46 - [TEST_STEP][PASSED] - Statement - out.println(Checker): null

2018-12-14 11:25:46 - [TEST_STEP][PASSED] - Statement - If (Checker == false): null

2018-12-14 11:25:46 - [TEST_STEP][PASSED] - Statement - Else: null

2018-12-14 11:25:46 - [TEST_STEP][PASSED] - delay: Delayed 2 second(s)

2018-12-14 11:25:48 - [MESSAGE][PASSED] - Delayed 2 second(s)

2018-12-14 11:25:48 - [TEST_STEP][PASSED] - navigateToUrl: Navigate to 'https://assist2-uat.perkeso.gov.my/web/registration/eis-update/form-3-eis-cessation-as-employer' successfully

2018-12-14 11:25:49 - [MESSAGE][PASSED] - Navigate to 'https://assist2-uat.perkeso.gov.my/web/registration/eis-update/form-3-eis-cessation-as-employer' successfully

2018-12-14 11:25:49 - [TEST_STEP][PASSED] - delay: Delayed 1 second(s)

2018-12-14 11:25:50 - [MESSAGE][PASSED] - Delayed 1 second(s)

2018-12-14 11:25:50 - [TEST_STEP][PASSED] - setText: Text 'E1102069769W' is set on object 'Object Repository/Final Object Repo/Page_Form 3 EIS - Cessation as Employer/Employer Code'

2018-12-14 11:25:50 - [MESSAGE][PASSED] - Text 'E1102069769W' is set on object 'Object Repository/Final Object Repo/Page_Form 3 EIS - Cessation as Employer/Employer Code'

2018-12-14 11:25:50 - [TEST_STEP][PASSED] - click: Object: 'Object Repository/Final Object Repo/Page_Form 3 EIS - Cessation as Employer/Search' is clicked on

2018-12-14 11:25:50 - [MESSAGE][PASSED] - Object: 'Object Repository/Final Object Repo/Page_Form 3 EIS - Cessation as Employer/Search' is clicked on

2018-12-14 11:25:50 - [TEST_STEP][PASSED] - click: Object: 'Object Repository/Final Object Repo/Page_Form 3 EIS - Cessation as Employer/Edit' is clicked on

2018-12-14 11:25:53 - [MESSAGE][PASSED] - Object: 'Object Repository/Final Object Repo/Page_Form 3 EIS - Cessation as Employer/Edit' is clicked on

2018-12-14 11:25:53 - [TEST_STEP][PASSED] - delay: Delayed 1 second(s)

2018-12-14 11:25:54 - [MESSAGE][PASSED] - Delayed 1 second(s)

2018-12-14 11:25:54 - [TEST_STEP][PASSED] - Statement - abc = com.kms.katalon.core.webui.keyword.WebUiBuiltInKeywords.getAttribute(com.kms.katalon.core.testobject.ObjectRepository.findTestObject(Final Object Repo/Page_Form 3 EIS - Cessation as Employer/Employer Status), "value"): Attribute 'value' of object 'Object Repository/Final Object Repo/Page_Form 3 EIS - Cessation as Employer/Employer Status' is: 'Active'

2018-12-14 11:25:54 - [MESSAGE][PASSED] - Attribute 'value' of object 'Object Repository/Final Object Repo/Page_Form 3 EIS - Cessation as Employer/Employer Status' is: 'Active'

2018-12-14 11:25:54 - [TEST_STEP][PASSED] - Statement - out.println(abc): null

2018-12-14 11:25:54 - [TEST_STEP][PASSED] - Statement - If (abc == "Active"): Object: 'Object Repository/Final Object Repo/Page_Form 3 EIS - Cessation as Employer/Dormant EIS' is clicked on

2018-12-14 11:25:54 - [TEST_STEP][PASSED] - click: Object: 'Object Repository/Final Object Repo/Page_Form 3 EIS - Cessation as Employer/Change Employer Status to' is clicked on

2018-12-14 11:25:54 - [MESSAGE][PASSED] - Object: 'Object Repository/Final Object Repo/Page_Form 3 EIS - Cessation as Employer/Change Employer Status to' is clicked on

2018-12-14 11:25:54 - [TEST_STEP][PASSED] - click: Object: 'Object Repository/Final Object Repo/Page_Form 3 EIS - Cessation as Employer/Dormant EIS' is clicked on

2018-12-14 11:25:54 - [MESSAGE][PASSED] - Object: 'Object Repository/Final Object Repo/Page_Form 3 EIS - Cessation as Employer/Dormant EIS' is clicked on

2018-12-14 11:25:54 - [TEST_STEP][PASSED] - click: Object: 'Object Repository/Final Object Repo/Page_Form 3 EIS - Cessation as Employer/Calender' is clicked on

2018-12-14 11:25:54 - [MESSAGE][PASSED] - Object: 'Object Repository/Final Object Repo/Page_Form 3 EIS - Cessation as Employer/Calender' is clicked on

2018-12-14 11:25:54 - [TEST_STEP][PASSED] - delay: Delayed 1 second(s)

2018-12-14 11:25:55 - [MESSAGE][PASSED] - Delayed 1 second(s)

2018-12-14 11:25:55 - [TEST_STEP][PASSED] - click: Object: 'Object Repository/Final Object Repo/Page_Form 3 EIS - Cessation as Employer/Calender - Date' is clicked on

2018-12-14 11:25:56 - [MESSAGE][PASSED] - Object: 'Object Repository/Final Object Repo/Page_Form 3 EIS - Cessation as Employer/Calender - Date' is clicked on

2018-12-14 11:25:56 - [TEST_STEP][PASSED] - click: Object: 'Object Repository/Final Object Repo/Page_Form 3 EIS - Cessation as Employer/Save  Continue in Form 3 EIS Page' is clicked on

2018-12-14 11:25:56 - [MESSAGE][PASSED] - Object: 'Object Repository/Final Object Repo/Page_Form 3 EIS - Cessation as Employer/Save  Continue in Form 3 EIS Page' is clicked on

2018-12-14 11:25:56 - [TEST_STEP][PASSED] - delay: Delayed 1 second(s)

2018-12-14 11:25:57 - [MESSAGE][PASSED] - Delayed 1 second(s)

2018-12-14 11:25:57 - [TEST_STEP][PASSED] - click: Object: 'Object Repository/Final Object Repo/Page_Form 3 EIS - Cessation as Employer/Employment Resign Date' is clicked on

2018-12-14 11:25:57 - [MESSAGE][PASSED] - Object: 'Object Repository/Final Object Repo/Page_Form 3 EIS - Cessation as Employer/Employment Resign Date' is clicked on

2018-12-14 11:25:57 - [TEST_STEP][PASSED] - selectOptionByValue: All options with value '2030' are selected in object 'Object Repository/Final Object Repo/Page_Form 3 EIS - Cessation as Employer/Employment Resign Date - Year' 

2018-12-14 11:25:58 - [MESSAGE][PASSED] - All options with value '2030' are selected in object 'Object Repository/Final Object Repo/Page_Form 3 EIS - Cessation as Employer/Employment Resign Date - Year' 

2018-12-14 11:25:58 - [TEST_STEP][PASSED] - delay: Delayed 2 second(s)

2018-12-14 11:26:00 - [MESSAGE][PASSED] - Delayed 2 second(s)

2018-12-14 11:26:00 - [TEST_STEP][PASSED] - click: Object: 'Object Repository/Final Object Repo/Page_Form 3 EIS - Cessation as Employer/Employment Resign Date - Year - Date' is clicked on

2018-12-14 11:26:00 - [MESSAGE][PASSED] - Object: 'Object Repository/Final Object Repo/Page_Form 3 EIS - Cessation as Employer/Employment Resign Date - Year - Date' is clicked on

2018-12-14 11:26:00 - [TEST_STEP][PASSED] - delay: Delayed 2 second(s)

2018-12-14 11:26:02 - [MESSAGE][PASSED] - Delayed 2 second(s)

2018-12-14 11:26:02 - [TEST_STEP][PASSED] - click: Object: 'Object Repository/Final Object Repo/Page_Form 3 EIS - Cessation as Employer/Save  Continue in Employment Resign Page' is clicked on

2018-12-14 11:26:02 - [MESSAGE][PASSED] - Object: 'Object Repository/Final Object Repo/Page_Form 3 EIS - Cessation as Employer/Save  Continue in Employment Resign Page' is clicked on

2018-12-14 11:26:02 - [TEST_STEP][PASSED] - delay: Delayed 2 second(s)

2018-12-14 11:26:04 - [MESSAGE][PASSED] - Delayed 2 second(s)

2018-12-14 11:26:04 - [TEST_STEP][PASSED] - click: Object: 'Object Repository/Final Object Repo/Page_Form 3 EIS - Cessation as Employer/Set Latest - Yes' is clicked on

2018-12-14 11:26:04 - [MESSAGE][PASSED] - Object: 'Object Repository/Final Object Repo/Page_Form 3 EIS - Cessation as Employer/Set Latest - Yes' is clicked on

2018-12-14 11:26:04 - [TEST_STEP][PASSED] - delay: Delayed 2 second(s)

2018-12-14 11:26:06 - [MESSAGE][PASSED] - Delayed 2 second(s)

2018-12-14 11:26:06 - [TEST_STEP][PASSED] - click: Object: 'Object Repository/Final Object Repo/Page_Form 3 EIS - Cessation as Employer/Add Document' is clicked on

2018-12-14 11:26:07 - [MESSAGE][PASSED] - Object: 'Object Repository/Final Object Repo/Page_Form 3 EIS - Cessation as Employer/Add Document' is clicked on

2018-12-14 11:26:07 - [TEST_STEP][PASSED] - delay: Delayed 3 second(s)

2018-12-14 11:26:10 - [MESSAGE][PASSED] - Delayed 3 second(s)

2018-12-14 11:26:10 - [TEST_STEP][PASSED] - click: Object: 'Object Repository/Final Object Repo/Page_Form 3 EIS - Cessation as Employer/Document Type' is clicked on

2018-12-14 11:26:10 - [MESSAGE][PASSED] - Object: 'Object Repository/Final Object Repo/Page_Form 3 EIS - Cessation as Employer/Document Type' is clicked on

2018-12-14 11:26:10 - [TEST_STEP][PASSED] - click: Object: 'Object Repository/Final Object Repo/Page_Form 3 EIS - Cessation as Employer/Document Type - Form 3' is clicked on

2018-12-14 11:26:11 - [MESSAGE][PASSED] - Object: 'Object Repository/Final Object Repo/Page_Form 3 EIS - Cessation as Employer/Document Type - Form 3' is clicked on

2018-12-14 11:26:11 - [TEST_STEP][PASSED] - delay: Delayed 2 second(s)

2018-12-14 11:26:13 - [MESSAGE][PASSED] - Delayed 2 second(s)

2018-12-14 11:26:13 - [TEST_STEP][PASSED] - sendKeys: Keys 'C:\Users\Public\Pictures\Sample Pictures\Koala.jpg' sent to object: 'Object Repository/Final Object Repo/Page_Form 3 EIS - Cessation as Employer/ploading File'

2018-12-14 11:26:13 - [MESSAGE][PASSED] - Keys 'C:\Users\Public\Pictures\Sample Pictures\Koala.jpg' sent to object: 'Object Repository/Final Object Repo/Page_Form 3 EIS - Cessation as Employer/ploading File'

2018-12-14 11:26:13 - [TEST_STEP][PASSED] - delay: Delayed 1 second(s)

2018-12-14 11:26:14 - [MESSAGE][PASSED] - Delayed 1 second(s)

2018-12-14 11:26:14 - [TEST_STEP][PASSED] - click: Object: 'Object Repository/Final Object Repo/Page_Form 3 EIS - Cessation as Employer/Add Document in Uploading Page' is clicked on

2018-12-14 11:26:14 - [MESSAGE][PASSED] - Object: 'Object Repository/Final Object Repo/Page_Form 3 EIS - Cessation as Employer/Add Document in Uploading Page' is clicked on

2018-12-14 11:26:14 - [TEST_STEP][PASSED] - delay: Delayed 2 second(s)

2018-12-14 11:26:16 - [MESSAGE][PASSED] - Delayed 2 second(s)

2018-12-14 11:26:16 - [TEST_STEP][PASSED] - Statement - CaseReferenceNo = com.kms.katalon.core.webui.keyword.WebUiBuiltInKeywords.getText(com.kms.katalon.core.testobject.ObjectRepository.findTestObject(Final Object Repo/Page_Update Employer Information/Reference Number in Update Employee Information Page)): Text of object 'Object Repository/Final Object Repo/Page_Update Employer Information/Reference Number in Update Employee Information Page' is: 'ERN122018C200002443'

2018-12-14 11:26:18 - [MESSAGE][PASSED] - Text of object 'Object Repository/Final Object Repo/Page_Update Employer Information/Reference Number in Update Employee Information Page' is: 'ERN122018C200002443'

2018-12-14 11:26:18 - [TEST_STEP][PASSED] - callTestCase: Call Test Case 'Test Cases/Final Aug 2018 - PKS Automation/Common/Reference Number Setter' successfully

2018-12-14 11:26:18 - [TEST_CASE][PASSED] - Test Cases/Final Aug 2018 - PKS Automation/Common/Reference Number Setter: Test Cases/Final Aug 2018 - PKS Automation/Common/Reference Number Setter

2018-12-14 11:26:18 - [TEST_STEP][PASSED] - Statement - RefNoOldFile = new java.io.File(C://Users//Admin//Desktop//PKS//Automation Reference Point//KatalonReference.txt): null

2018-12-14 11:26:18 - [TEST_STEP][PASSED] - Statement - RefNoOldFile.delete(): null

2018-12-14 11:26:18 - [TEST_STEP][PASSED] - delay: Delayed 5 second(s)

2018-12-14 11:26:23 - [MESSAGE][PASSED] - Delayed 5 second(s)

2018-12-14 11:26:23 - [TEST_STEP][PASSED] - Statement - RefNo = new java.io.File(C://Users//Admin//Desktop//PKS//Automation Reference Point//KatalonReference.txt): null

2018-12-14 11:26:23 - [TEST_STEP][PASSED] - Statement - f2 = new java.io.FileWriter(RefNo, false): null

2018-12-14 11:26:23 - [TEST_STEP][PASSED] - Statement - f2.write(CaseReferenceNo): null

2018-12-14 11:26:23 - [TEST_STEP][PASSED] - Statement - f2.close(): null

2018-12-14 11:26:23 - [TEST_STEP][PASSED] - Statement - out.println("


" + CaseReferenceNo + "


"): null

2018-12-14 11:26:23 - [MESSAGE][PASSED] - Call Test Case 'Test Cases/Final Aug 2018 - PKS Automation/Common/Reference Number Setter' successfully

2018-12-14 11:26:23 - [TEST_STEP][PASSED] - delay: Delayed 2 second(s)

2018-12-14 11:26:25 - [MESSAGE][PASSED] - Delayed 2 second(s)

2018-12-14 11:26:25 - [TEST_STEP][PASSED] - click: Object: 'Object Repository/Final Object Repo/Page_Form 3 EIS - Cessation as Employer/Save  Continue in Uploading Page' is clicked on

2018-12-14 11:26:25 - [MESSAGE][PASSED] - Object: 'Object Repository/Final Object Repo/Page_Form 3 EIS - Cessation as Employer/Save  Continue in Uploading Page' is clicked on

2018-12-14 11:26:25 - [TEST_STEP][PASSED] - delay: Delayed 2 second(s)

2018-12-14 11:26:27 - [MESSAGE][PASSED] - Delayed 2 second(s)

2018-12-14 11:26:27 - [TEST_STEP][PASSED] - click: Object: 'Object Repository/Final Object Repo/Page_Form 3 EIS - Cessation as Employer/Submit' is clicked on

2018-12-14 11:26:30 - [MESSAGE][PASSED] - Object: 'Object Repository/Final Object Repo/Page_Form 3 EIS - Cessation as Employer/Submit' is clicked on

2018-12-14 11:26:30 - [TEST_STEP][PASSED] - delay: Delayed 2 second(s)

2018-12-14 11:26:32 - [MESSAGE][PASSED] - Delayed 2 second(s)

2018-12-14 11:26:32 - [TEST_STEP][PASSED] - click: Object: 'Object Repository/Final Object Repo/Page_Form 3 EIS - Cessation as Employer/Confirm' is clicked on

2018-12-14 11:26:32 - [MESSAGE][PASSED] - Object: 'Object Repository/Final Object Repo/Page_Form 3 EIS - Cessation as Employer/Confirm' is clicked on

2018-12-14 11:26:32 - [TEST_STEP][PASSED] - delay: Delayed 2 second(s)

2018-12-14 11:26:34 - [MESSAGE][PASSED] - Delayed 2 second(s)

2018-12-14 11:26:34 - [TEST_STEP][PASSED] - click: Object: 'Object Repository/Final Object Repo/Page_Form 3 EIS - Cessation as Employer/Message Your Request will be routed to UO' is clicked on

2018-12-14 11:26:38 - [MESSAGE][PASSED] - Object: 'Object Repository/Final Object Repo/Page_Form 3 EIS - Cessation as Employer/Message Your Request will be routed to UO' is clicked on

2018-12-14 11:26:38 - [TEST_STEP][PASSED] - click: Object: 'Object Repository/Final Object Repo/Page_Form 3 EIS - Cessation as Employer/Letter of acknowledgement' is clicked on

2018-12-14 11:26:38 - [MESSAGE][PASSED] - Object: 'Object Repository/Final Object Repo/Page_Form 3 EIS - Cessation as Employer/Letter of acknowledgement' is clicked on

2018-12-14 11:26:38 - [MESSAGE][PASSED] - Call Test Case 'Test Cases/Final Aug 2018 - PKS Automation/Registration Module/Workflow/Form 3 EIS - Cessation As Employer/Template/Form 3 A - Cessation As Employer (OTC)' successfully

2018-12-14 11:26:38 - [TEST_STEP][PASSED] - callTestCase: Call Test Case 'Test Cases/Final Aug 2018 - PKS Automation/Registration Module/Workflow/Form 3 EIS - Cessation As Employer/Template/Form 3 A - Cessation As Employer (Approve)' successfully

2018-12-14 11:26:38 - [TEST_CASE][PASSED] - Test Cases/Final Aug 2018 - PKS Automation/Registration Module/Workflow/Form 3 EIS - Cessation As Employer/Template/Form 3 A - Cessation As Employer (Approve): Test Cases/Final Aug 2018 - PKS Automation/Registration Module/Workflow/Form 3 EIS - Cessation As Employer/Template/Form 3 A - Cessation As Employer (Approve)

2018-12-14 11:26:38 - [TEST_STEP][NOT_RUN] - callTestCase: NOT_RUN: callTestCase

2018-12-14 11:26:38 - [MESSAGE][NOT_RUN] - NOT_RUN: callTestCase

2018-12-14 11:26:38 - [TEST_STEP][PASSED] - delay: Delayed 1 second(s)

2018-12-14 11:26:39 - [MESSAGE][PASSED] - Delayed 1 second(s)

2018-12-14 11:26:39 - [TEST_STEP][PASSED] - navigateToUrl: Navigate to 'https://assist2-uat.perkeso.gov.my/c/portal/logout' successfully

2018-12-14 11:26:40 - [MESSAGE][PASSED] - Navigate to 'https://assist2-uat.perkeso.gov.my/c/portal/logout' successfully

2018-12-14 11:26:40 - [TEST_STEP][PASSED] - delay: Delayed 1 second(s)

2018-12-14 11:26:41 - [MESSAGE][PASSED] - Delayed 1 second(s)

2018-12-14 11:26:41 - [TEST_STEP][PASSED] - callTestCase: Call Test Case 'Test Cases/Final Aug 2018 - PKS Automation/Common/Reference Number Getter' successfully

2018-12-14 11:26:41 - [TEST_CASE][PASSED] - Test Cases/Final Aug 2018 - PKS Automation/Common/Reference Number Getter: Test Cases/Final Aug 2018 - PKS Automation/Common/Reference Number Getter

2018-12-14 11:26:41 - [TEST_STEP][PASSED] - Statement - Try: null

2018-12-14 11:26:41 - [TEST_STEP][PASSED] - Statement - RefNo = new java.io.File(C://Users//Admin//Desktop//PKS//Automation Reference Point//KatalonReference.txt): null

2018-12-14 11:26:41 - [TEST_STEP][PASSED] - Statement - bufferread = new java.io.BufferedReader(new java.io.FileReader(RefNo)): null

2018-12-14 11:26:41 - [TEST_STEP][PASSED] - Statement - readedVal = bufferread.readLine(): null

2018-12-14 11:26:41 - [TEST_STEP][PASSED] - Statement - out.println(CaseReferenceNo): null

2018-12-14 11:26:41 - [TEST_STEP][PASSED] - Statement - out.println(readedVal): null

2018-12-14 11:26:41 - [TEST_STEP][PASSED] - Statement - CaseReferenceNo = "": null

2018-12-14 11:26:41 - [TEST_STEP][PASSED] - Statement - CaseReferenceNo = readedVal: null

2018-12-14 11:26:41 - [MESSAGE][PASSED] - Call Test Case 'Test Cases/Final Aug 2018 - PKS Automation/Common/Reference Number Getter' successfully

2018-12-14 11:26:41 - [TEST_STEP][PASSED] - callTestCase: Call Test Case 'Test Cases/Final Aug 2018 - PKS Automation/Common/Workflow Owner Finder' successfully

2018-12-14 11:26:41 - [TEST_CASE][PASSED] - Test Cases/Final Aug 2018 - PKS Automation/Common/Workflow Owner Finder: Test Cases/Final Aug 2018 - PKS Automation/Common/Workflow Owner Finder

2018-12-14 11:26:41 - [TEST_STEP][PASSED] - openBrowser: Browser is opened with url: ''

2018-12-14 11:26:41 - [MESSAGE][WARNING] - A browser is already opened. Closing browser and opening a new one

2018-12-14 11:26:46 - [MESSAGE][PASSED] - Browser is opened with url: ''

2018-12-14 11:26:46 - [TEST_STEP][PASSED] - navigateToUrl: Navigate to 'https://assist2-uat.perkeso.gov.my/login' successfully

2018-12-14 11:26:47 - [MESSAGE][PASSED] - Navigate to 'https://assist2-uat.perkeso.gov.my/login' successfully

2018-12-14 11:26:47 - [TEST_STEP][PASSED] - delay: Delayed 5 second(s)

2018-12-14 11:26:52 - [MESSAGE][PASSED] - Delayed 5 second(s)

2018-12-14 11:26:52 - [TEST_STEP][PASSED] - setText: Text 'test@liferay.com' is set on object 'Object Repository/Final Object Repo/Login Page/Internal User/Email Address'

2018-12-14 11:26:52 - [MESSAGE][PASSED] - Text 'test@liferay.com' is set on object 'Object Repository/Final Object Repo/Login Page/Internal User/Email Address'

2018-12-14 11:26:52 - [TEST_STEP][PASSED] - click: Object: 'Object Repository/Final Object Repo/Login Page/Internal User/Next Button' is clicked on

2018-12-14 11:26:52 - [MESSAGE][PASSED] - Object: 'Object Repository/Final Object Repo/Login Page/Internal User/Next Button' is clicked on

2018-12-14 11:26:52 - [TEST_STEP][PASSED] - delay: Delayed 2 second(s)

2018-12-14 11:26:54 - [MESSAGE][PASSED] - Delayed 2 second(s)

2018-12-14 11:26:54 - [TEST_STEP][PASSED] - setText: Text 'test' is set on object 'Object Repository/Final Object Repo/Login Page/Internal User/Password'

2018-12-14 11:26:54 - [MESSAGE][PASSED] - Text 'test' is set on object 'Object Repository/Final Object Repo/Login Page/Internal User/Password'

2018-12-14 11:26:54 - [TEST_STEP][PASSED] - delay: Delayed 2 second(s)

2018-12-14 11:26:56 - [MESSAGE][PASSED] - Delayed 2 second(s)

2018-12-14 11:26:56 - [TEST_STEP][PASSED] - click: Object: 'Object Repository/Final Object Repo/Login Page/Internal User/Login Button' is clicked on

2018-12-14 11:26:57 - [MESSAGE][PASSED] - Object: 'Object Repository/Final Object Repo/Login Page/Internal User/Login Button' is clicked on

2018-12-14 11:26:57 - [TEST_STEP][PASSED] - Statement - tester = com.kms.katalon.core.testobject.ObjectRepository.findTestObject(Final Object Repo/Landing Page/Select to English): Finding Test Object with id 'Object Repository/Final Object Repo/Landing Page/Select to English'

2018-12-14 11:26:57 - [TEST_STEP][PASSED] - Statement - Try: Delayed 2 second(s)

2018-12-14 11:26:57 - [TEST_STEP][PASSED] - Statement - Checker = com.kms.katalon.core.webui.keyword.WebUiBuiltInKeywords.verifyElementNotPresent(tester, 3): Web element with id: 'Object Repository/Final Object Repo/Landing Page/Select to English' located by 'By.xpath: //a[@class = 'taglib-language-list-text' and @lang = 'en-US' and (contains(text(), 'EN') or contains(., 'EN'))]' is not present after '3' second(s)

2018-12-14 11:26:59 - [MESSAGE][PASSED] - Web element with id: 'Object Repository/Final Object Repo/Landing Page/Select to English' located by 'By.xpath: //a[@class = 'taglib-language-list-text' and @lang = 'en-US' and (contains(text(), 'EN') or contains(., 'EN'))]' is not present after '3' second(s)

2018-12-14 11:26:59 - [TEST_STEP][PASSED] - Statement - If (Checker == false): null

2018-12-14 11:26:59 - [TEST_STEP][PASSED] - delay: Delayed 2 second(s)

2018-12-14 11:27:01 - [MESSAGE][PASSED] - Delayed 2 second(s)

2018-12-14 11:27:01 - [TEST_STEP][PASSED] - delay: Delayed 5 second(s)

2018-12-14 11:27:06 - [MESSAGE][PASSED] - Delayed 5 second(s)

2018-12-14 11:27:06 - [TEST_STEP][PASSED] - mouseOver: Object: 'Object Repository/Final Object Repo/Landing Page/WorkFlow Menu' is hovered

2018-12-14 11:27:06 - [MESSAGE][PASSED] - Object: 'Object Repository/Final Object Repo/Landing Page/WorkFlow Menu' is hovered

2018-12-14 11:27:06 - [TEST_STEP][PASSED] - delay: Delayed 2 second(s)

2018-12-14 11:27:08 - [MESSAGE][PASSED] - Delayed 2 second(s)

2018-12-14 11:27:08 - [TEST_STEP][PASSED] - click: Object: 'Object Repository/Final Object Repo/Landing Page/Select to Workflow Listing' is clicked on

2018-12-14 11:27:09 - [MESSAGE][PASSED] - Object: 'Object Repository/Final Object Repo/Landing Page/Select to Workflow Listing' is clicked on

2018-12-14 11:27:09 - [TEST_STEP][PASSED] - delay: Delayed 2 second(s)

2018-12-14 11:27:11 - [MESSAGE][PASSED] - Delayed 2 second(s)

2018-12-14 11:27:11 - [TEST_STEP][PASSED] - click: Object: 'Object Repository/Final Object Repo/WorkFlow Listing Page/Search Information - To Put Ref No' is clicked on

2018-12-14 11:27:11 - [MESSAGE][PASSED] - Object: 'Object Repository/Final Object Repo/WorkFlow Listing Page/Search Information - To Put Ref No' is clicked on

2018-12-14 11:27:11 - [TEST_STEP][PASSED] - delay: Delayed 2 second(s)

2018-12-14 11:27:13 - [MESSAGE][PASSED] - Delayed 2 second(s)

2018-12-14 11:27:13 - [TEST_STEP][PASSED] - callTestCase: Call Test Case 'Test Cases/Final Aug 2018 - PKS Automation/Common/Reference Number Getter' successfully

2018-12-14 11:27:13 - [TEST_CASE][PASSED] - Test Cases/Final Aug 2018 - PKS Automation/Common/Reference Number Getter: Test Cases/Final Aug 2018 - PKS Automation/Common/Reference Number Getter

2018-12-14 11:27:13 - [TEST_STEP][PASSED] - Statement - Try: null

2018-12-14 11:27:13 - [TEST_STEP][PASSED] - Statement - RefNo = new java.io.File(C://Users//Admin//Desktop//PKS//Automation Reference Point//KatalonReference.txt): null

2018-12-14 11:27:13 - [TEST_STEP][PASSED] - Statement - bufferread = new java.io.BufferedReader(new java.io.FileReader(RefNo)): null

2018-12-14 11:27:13 - [TEST_STEP][PASSED] - Statement - readedVal = bufferread.readLine(): null

2018-12-14 11:27:13 - [TEST_STEP][PASSED] - Statement - out.println(CaseReferenceNo): null

2018-12-14 11:27:13 - [TEST_STEP][PASSED] - Statement - out.println(readedVal): null

2018-12-14 11:27:13 - [TEST_STEP][PASSED] - Statement - CaseReferenceNo = "": null

2018-12-14 11:27:13 - [TEST_STEP][PASSED] - Statement - CaseReferenceNo = readedVal: null

2018-12-14 11:27:13 - [MESSAGE][PASSED] - Call Test Case 'Test Cases/Final Aug 2018 - PKS Automation/Common/Reference Number Getter' successfully

2018-12-14 11:27:13 - [TEST_STEP][PASSED] - setText: Text 'ERN122018C200002443' is set on object 'Object Repository/Final Object Repo/WorkFlow Listing Page/Ref No Set Text'

2018-12-14 11:27:14 - [MESSAGE][PASSED] - Text 'ERN122018C200002443' is set on object 'Object Repository/Final Object Repo/WorkFlow Listing Page/Ref No Set Text'

2018-12-14 11:27:14 - [TEST_STEP][PASSED] - delay: Delayed 2 second(s)

2018-12-14 11:27:16 - [MESSAGE][PASSED] - Delayed 2 second(s)

2018-12-14 11:27:16 - [TEST_STEP][PASSED] - click: Object: 'Object Repository/Final Object Repo/WorkFlow Listing Page/Search Ref No Search Button' is clicked on

2018-12-14 11:27:16 - [MESSAGE][PASSED] - Object: 'Object Repository/Final Object Repo/WorkFlow Listing Page/Search Ref No Search Button' is clicked on

2018-12-14 11:27:16 - [TEST_STEP][PASSED] - delay: Delayed 6 second(s)

2018-12-14 11:27:22 - [MESSAGE][PASSED] - Delayed 6 second(s)

2018-12-14 11:27:22 - [TEST_STEP][PASSED] - click: Object: 'Object Repository/Final Object Repo/WorkFlow Listing Page/Click Continue Tooltip' is clicked on

2018-12-14 11:27:24 - [MESSAGE][PASSED] - Object: 'Object Repository/Final Object Repo/WorkFlow Listing Page/Click Continue Tooltip' is clicked on

2018-12-14 11:27:24 - [TEST_STEP][PASSED] - delay: Delayed 5 second(s)

2018-12-14 11:27:29 - [MESSAGE][PASSED] - Delayed 5 second(s)

2018-12-14 11:27:29 - [TEST_STEP][PASSED] - doubleClick: Object: 'Object Repository/Final Object Repo/WorkFlow Listing Page/Workflow Found - Listing 1' is double clicked on

2018-12-14 11:27:29 - [MESSAGE][PASSED] - Object: 'Object Repository/Final Object Repo/WorkFlow Listing Page/Workflow Found - Listing 1' is double clicked on

2018-12-14 11:27:29 - [TEST_STEP][PASSED] - Statement - println(OwnerID): null

2018-12-14 11:27:29 - [TEST_STEP][PASSED] - Statement - OwnerID = com.kms.katalon.core.webui.keyword.WebUiBuiltInKeywords.getText(com.kms.katalon.core.testobject.ObjectRepository.findTestObject(Final Object Repo/WorkFlow Listing Page/Workflow Found - Listing 1), STOP_ON_FAILURE): Text of object 'Object Repository/Final Object Repo/WorkFlow Listing Page/Workflow Found - Listing 1' is: 'JOHORuo3'

2018-12-14 11:27:29 - [MESSAGE][PASSED] - Text of object 'Object Repository/Final Object Repo/WorkFlow Listing Page/Workflow Found - Listing 1' is: 'JOHORuo3'

2018-12-14 11:27:29 - [TEST_STEP][PASSED] - Statement - OwnerID = OwnerID.toLowerCase() + "@gmail.com": null

2018-12-14 11:27:29 - [TEST_STEP][PASSED] - Statement - println(OwnerID): null

2018-12-14 11:27:29 - [TEST_STEP][PASSED] - delay: Delayed 2 second(s)

2018-12-14 11:27:31 - [MESSAGE][PASSED] - Delayed 2 second(s)

2018-12-14 11:27:31 - [MESSAGE][PASSED] - Call Test Case 'Test Cases/Final Aug 2018 - PKS Automation/Common/Workflow Owner Finder' successfully

2018-12-14 11:27:31 - [TEST_STEP][PASSED] - delay: Delayed 1 second(s)

2018-12-14 11:27:32 - [MESSAGE][PASSED] - Delayed 1 second(s)

2018-12-14 11:27:32 - [TEST_STEP][PASSED] - navigateToUrl: Navigate to 'https://assist2-uat.perkeso.gov.my/c/portal/logout' successfully

2018-12-14 11:27:34 - [MESSAGE][PASSED] - Navigate to 'https://assist2-uat.perkeso.gov.my/c/portal/logout' successfully

2018-12-14 11:27:34 - [TEST_STEP][PASSED] - delay: Delayed 1 second(s)

2018-12-14 11:27:35 - [MESSAGE][PASSED] - Delayed 1 second(s)

2018-12-14 11:27:35 - [TEST_STEP][PASSED] - callTestCase: Call Test Case 'Test Cases/Final Aug 2018 - PKS Automation/Registration Module/Workflow/Login and Search Case For Workflow' successfully

2018-12-14 11:27:35 - [TEST_CASE][PASSED] - Test Cases/Final Aug 2018 - PKS Automation/Registration Module/Workflow/Login and Search Case For Workflow: Test Cases/Final Aug 2018 - PKS Automation/Registration Module/Workflow/Login and Search Case For Workflow

2018-12-14 11:27:35 - [TEST_STEP][PASSED] - navigateToUrl: Navigate to 'https://assist2-uat.perkeso.gov.my/login' successfully

2018-12-14 11:27:36 - [MESSAGE][PASSED] - Navigate to 'https://assist2-uat.perkeso.gov.my/login' successfully

2018-12-14 11:27:36 - [TEST_STEP][PASSED] - setText: Text 'johoruo3@gmail.com' is set on object 'Object Repository/Final Object Repo/Login Page/Internal User/Email Address'

2018-12-14 11:27:36 - [MESSAGE][PASSED] - Text 'johoruo3@gmail.com' is set on object 'Object Repository/Final Object Repo/Login Page/Internal User/Email Address'

2018-12-14 11:27:36 - [TEST_STEP][PASSED] - click: Object: 'Object Repository/Final Object Repo/Login Page/Internal User/Next Button' is clicked on

2018-12-14 11:27:36 - [MESSAGE][PASSED] - Object: 'Object Repository/Final Object Repo/Login Page/Internal User/Next Button' is clicked on

2018-12-14 11:27:36 - [TEST_STEP][PASSED] - delay: Delayed 1 second(s)

2018-12-14 11:27:37 - [MESSAGE][PASSED] - Delayed 1 second(s)

2018-12-14 11:27:37 - [TEST_STEP][PASSED] - setEncryptedText: Text ****** has been set on object 'Object Repository/Final Object Repo/Login Page/Internal User/Password'

2018-12-14 11:27:38 - [MESSAGE][PASSED] - Text ****** has been set on object 'Object Repository/Final Object Repo/Login Page/Internal User/Password'

2018-12-14 11:27:38 - [TEST_STEP][PASSED] - click: Object: 'Object Repository/Final Object Repo/Login Page/Internal User/Login Button' is clicked on

2018-12-14 11:27:38 - [MESSAGE][PASSED] - Object: 'Object Repository/Final Object Repo/Login Page/Internal User/Login Button' is clicked on

2018-12-14 11:27:38 - [TEST_STEP][PASSED] - delay: Delayed 2 second(s)

2018-12-14 11:27:40 - [MESSAGE][PASSED] - Delayed 2 second(s)

2018-12-14 11:27:40 - [TEST_STEP][PASSED] - Statement - Try: Delayed 2 second(s)

2018-12-14 11:27:40 - [TEST_STEP][PASSED] - Statement - Checker = false: null

2018-12-14 11:27:40 - [TEST_STEP][PASSED] - Statement - Checker = com.kms.katalon.core.webui.keyword.WebUiBuiltInKeywords.verifyElementHasAttribute(com.kms.katalon.core.testobject.ObjectRepository.findTestObject(Final Object Repo/Landing Page/BM Detecting), "href", 20, OPTIONAL): Object 'Object Repository/Final Object Repo/Landing Page/BM Detecting' has attribute 'href'

2018-12-14 11:27:40 - [MESSAGE][PASSED] - Object 'Object Repository/Final Object Repo/Landing Page/BM Detecting' has attribute 'href'

2018-12-14 11:27:40 - [TEST_STEP][PASSED] - Statement - out.println(Checker): null

2018-12-14 11:27:40 - [TEST_STEP][PASSED] - Statement - If (Checker == false): null

2018-12-14 11:27:40 - [TEST_STEP][PASSED] - Statement - Else: null

2018-12-14 11:27:40 - [TEST_STEP][PASSED] - delay: Delayed 2 second(s)

2018-12-14 11:27:42 - [MESSAGE][PASSED] - Delayed 2 second(s)

2018-12-14 11:27:42 - [TEST_STEP][PASSED] - click: Object: 'Object Repository/Final Object Repo/Page_MyASSIST - ASSIST - Search Pending Case For Add Supporting Document/Search Information' is clicked on

2018-12-14 11:27:42 - [MESSAGE][PASSED] - Object: 'Object Repository/Final Object Repo/Page_MyASSIST - ASSIST - Search Pending Case For Add Supporting Document/Search Information' is clicked on

2018-12-14 11:27:42 - [TEST_STEP][PASSED] - delay: Delayed 3 second(s)

2018-12-14 11:27:45 - [MESSAGE][PASSED] - Delayed 3 second(s)

2018-12-14 11:27:45 - [TEST_STEP][PASSED] - sendKeys: Keys 'ERN122018C200002443' sent to object: 'Object Repository/Final Object Repo/Page_MyASSIST - ASSIST - Search Pending Case For Add Supporting Document/Reference No'

2018-12-14 11:27:45 - [MESSAGE][PASSED] - Keys 'ERN122018C200002443' sent to object: 'Object Repository/Final Object Repo/Page_MyASSIST - ASSIST - Search Pending Case For Add Supporting Document/Reference No'

2018-12-14 11:27:45 - [TEST_STEP][PASSED] - click: Object: 'Object Repository/Final Object Repo/Page_MyASSIST - ASSIST - Search Pending Case For Add Supporting Document/Search Reference No' is clicked on

2018-12-14 11:27:45 - [MESSAGE][PASSED] - Object: 'Object Repository/Final Object Repo/Page_MyASSIST - ASSIST - Search Pending Case For Add Supporting Document/Search Reference No' is clicked on

2018-12-14 11:27:45 - [TEST_STEP][PASSED] - delay: Delayed 2 second(s)

2018-12-14 11:27:47 - [MESSAGE][PASSED] - Delayed 2 second(s)

2018-12-14 11:27:47 - [TEST_STEP][PASSED] - click: Object: 'Object Repository/Final Object Repo/Page_MyASSIST - ASSIST - Search Pending Case For Add Supporting Document/Continue' is clicked on

2018-12-14 11:27:51 - [MESSAGE][PASSED] - Object: 'Object Repository/Final Object Repo/Page_MyASSIST - ASSIST - Search Pending Case For Add Supporting Document/Continue' is clicked on

2018-12-14 11:27:51 - [TEST_STEP][PASSED] - delay: Delayed 20 second(s)

2018-12-14 11:28:11 - [MESSAGE][PASSED] - Delayed 20 second(s)

2018-12-14 11:28:11 - [MESSAGE][PASSED] - Call Test Case 'Test Cases/Final Aug 2018 - PKS Automation/Registration Module/Workflow/Login and Search Case For Workflow' successfully

2018-12-14 11:28:11 - [TEST_STEP][PASSED] - click: Object: 'Object Repository/Final Object Repo/Page_Form 3 EIS - Cessation as Employer/Page_Form 3 EIS - Cessation as Employer (Approve)/Save  Continue in Form 3 Page' is clicked on

2018-12-14 11:28:11 - [MESSAGE][PASSED] - Object: 'Object Repository/Final Object Repo/Page_Form 3 EIS - Cessation as Employer/Page_Form 3 EIS - Cessation as Employer (Approve)/Save  Continue in Form 3 Page' is clicked on

2018-12-14 11:28:11 - [TEST_STEP][PASSED] - delay: Delayed 2 second(s)

2018-12-14 11:28:13 - [MESSAGE][PASSED] - Delayed 2 second(s)

2018-12-14 11:28:13 - [TEST_STEP][PASSED] - click: Object: 'Object Repository/Final Object Repo/Page_Form 3 EIS - Cessation as Employer/Page_Form 3 EIS - Cessation as Employer (Approve)/Save  Continue in Resigned Page' is clicked on

2018-12-14 11:28:13 - [MESSAGE][PASSED] - Object: 'Object Repository/Final Object Repo/Page_Form 3 EIS - Cessation as Employer/Page_Form 3 EIS - Cessation as Employer (Approve)/Save  Continue in Resigned Page' is clicked on

2018-12-14 11:28:13 - [TEST_STEP][PASSED] - delay: Delayed 2 second(s)

2018-12-14 11:28:15 - [MESSAGE][PASSED] - Delayed 2 second(s)

2018-12-14 11:28:15 - [TEST_STEP][PASSED] - click: Object: 'Object Repository/Final Object Repo/Page_Form 3 EIS - Cessation as Employer/Page_Form 3 EIS - Cessation as Employer (Approve)/Save  Continue in Uploading Page' is clicked on

2018-12-14 11:28:16 - [MESSAGE][PASSED] - Object: 'Object Repository/Final Object Repo/Page_Form 3 EIS - Cessation as Employer/Page_Form 3 EIS - Cessation as Employer (Approve)/Save  Continue in Uploading Page' is clicked on

2018-12-14 11:28:16 - [TEST_STEP][PASSED] - delay: Delayed 2 second(s)

2018-12-14 11:28:18 - [MESSAGE][PASSED] - Delayed 2 second(s)

2018-12-14 11:28:18 - [TEST_STEP][PASSED] - click: Object: 'Object Repository/Final Object Repo/Page_Form 3 EIS - Cessation as Employer/Page_Form 3 EIS - Cessation as Employer (Approve)/Approve' is clicked on

2018-12-14 11:28:21 - [MESSAGE][PASSED] - Object: 'Object Repository/Final Object Repo/Page_Form 3 EIS - Cessation as Employer/Page_Form 3 EIS - Cessation as Employer (Approve)/Approve' is clicked on

2018-12-14 11:28:21 - [TEST_STEP][PASSED] - delay: Delayed 2 second(s)

2018-12-14 11:28:23 - [MESSAGE][PASSED] - Delayed 2 second(s)

2018-12-14 11:28:23 - [TEST_STEP][PASSED] - click: Object: 'Object Repository/Final Object Repo/Page_Form 3 EIS - Cessation as Employer/Page_Form 3 EIS - Cessation as Employer (Approve)/Confirm' is clicked on

2018-12-14 11:28:23 - [MESSAGE][PASSED] - Object: 'Object Repository/Final Object Repo/Page_Form 3 EIS - Cessation as Employer/Page_Form 3 EIS - Cessation as Employer (Approve)/Confirm' is clicked on

2018-12-14 11:28:23 - [TEST_STEP][PASSED] - delay: Delayed 2 second(s)

2018-12-14 11:28:25 - [MESSAGE][PASSED] - Delayed 2 second(s)

2018-12-14 11:28:25 - [TEST_STEP][PASSED] - click: Object: 'Object Repository/Final Object Repo/Page_Form 3 EIS - Cessation as Employer/Page_Form 3 EIS - Cessation as Employer (Approve)/Message Your Request    Form 3 EIS' is clicked on

2018-12-14 11:28:31 - [MESSAGE][PASSED] - Object: 'Object Repository/Final Object Repo/Page_Form 3 EIS - Cessation as Employer/Page_Form 3 EIS - Cessation as Employer (Approve)/Message Your Request    Form 3 EIS' is clicked on

2018-12-14 11:28:31 - [TEST_STEP][PASSED] - click: Object: 'Object Repository/Final Object Repo/Page_Form 3 EIS - Cessation as Employer/Page_Form 3 EIS - Cessation as Employer (Approve)/Letter of successful update' is clicked on

2018-12-14 11:28:32 - [MESSAGE][PASSED] - Object: 'Object Repository/Final Object Repo/Page_Form 3 EIS - Cessation as Employer/Page_Form 3 EIS - Cessation as Employer (Approve)/Letter of successful update' is clicked on

2018-12-14 11:28:32 - [MESSAGE][PASSED] - Call Test Case 'Test Cases/Final Aug 2018 - PKS Automation/Registration Module/Workflow/Form 3 EIS - Cessation As Employer/Template/Form 3 A - Cessation As Employer (Approve)' successfully]]></system-out>
         <system-err><![CDATA[]]></system-err>
      </testcase>
      <testcase name="Test Cases/Final Aug 2018 - PKS Automation/Registration Module/Workflow/Form 3 EIS - Cessation As Employer/OTC to UO (Query)" classname="Test Cases/Final Aug 2018 - PKS Automation/Registration Module/Workflow/Form 3 EIS - Cessation As Employer/OTC to UO (Query)" status="FAILED">
         <failure type="FAILED" message="(Stack trace: com.kms.katalon.core.exception.StepFailedException: Unable to click on object 'Object Repository/Final Object Repo/Page_Form 3 EIS - Cessation as Employer/Page_Form 3 EIS - Cessation as Employer (Query - OTC - UO)/Next' (Root cause: com.kms.katalon.core.webui.exception.WebElementNotFoundException: Web element with id: 'Object Repository/Final Object Repo/Page_Form 3 EIS - Cessation as Employer/Page_Form 3 EIS - Cessation as Employer (Query - OTC - UO)/Next' located by 'By.xpath: //a[(text() = ' NEXT
						' or . = ' NEXT
						')]' not found)
	at com.kms.katalon.core.keyword.internal.KeywordMain.stepFailed(KeywordMain.groovy:32)
	at com.kms.katalon.core.webui.keyword.internal.WebUIKeywordMain.stepFailed(WebUIKeywordMain.groovy:65)
	at com.kms.katalon.core.webui.keyword.internal.WebUIKeywordMain.runKeyword(WebUIKeywordMain.groovy:27)
	at com.kms.katalon.core.webui.keyword.builtin.ClickKeyword.click(ClickKeyword.groovy:86)
	at com.kms.katalon.core.webui.keyword.builtin.ClickKeyword.execute(ClickKeyword.groovy:67)
	at com.kms.katalon.core.keyword.internal.KeywordExecutor.executeKeywordForPlatform(KeywordExecutor.groovy:53)
	at com.kms.katalon.core.webui.keyword.WebUiBuiltInKeywords.click(WebUiBuiltInKeywords.groovy:616)
	at com.kms.katalon.core.webui.keyword.WebUiBuiltInKeywords$click$2.call(Unknown Source)
	at Script1536114876563.run(Script1536114876563.groovy:87)
	at com.kms.katalon.core.main.ScriptEngine.run(ScriptEngine.java:183)
	at com.kms.katalon.core.main.ScriptEngine.runScriptAsRawText(ScriptEngine.java:108)
	at com.kms.katalon.core.main.TestCaseExecutor.runScript(TestCaseExecutor.java:294)
	at com.kms.katalon.core.main.TestCaseExecutor.doExecute(TestCaseExecutor.java:285)
	at com.kms.katalon.core.main.TestCaseExecutor.processExecutionPhase(TestCaseExecutor.java:264)
	at com.kms.katalon.core.main.TestCaseExecutor.accessMainPhase(TestCaseExecutor.java:256)
	at com.kms.katalon.core.main.TestCaseExecutor.execute(TestCaseExecutor.java:200)
	at com.kms.katalon.core.main.TestCaseMain.runTestCase(TestCaseMain.java:99)
	at com.kms.katalon.core.keyword.builtin.CallTestCaseKeyword$_callTestCase_closure1.doCall(CallTestCaseKeyword.groovy:60)
	at com.kms.katalon.core.keyword.builtin.CallTestCaseKeyword$_callTestCase_closure1.call(CallTestCaseKeyword.groovy)
	at com.kms.katalon.core.keyword.internal.KeywordMain.runKeyword(KeywordMain.groovy:54)
	at com.kms.katalon.core.keyword.builtin.CallTestCaseKeyword.callTestCase(CallTestCaseKeyword.groovy:81)
	at com.kms.katalon.core.keyword.builtin.CallTestCaseKeyword.execute(CallTestCaseKeyword.groovy:45)
	at com.kms.katalon.core.keyword.internal.KeywordExecutor.executeKeywordForPlatform(KeywordExecutor.groovy:53)
	at com.kms.katalon.core.keyword.BuiltinKeywords.callTestCase(BuiltinKeywords.groovy:334)
	at sun.reflect.GeneratedMethodAccessor13.invoke(Unknown Source)
	at sun.reflect.DelegatingMethodAccessorImpl.invoke(DelegatingMethodAccessorImpl.java:43)
	at java.lang.reflect.Method.invoke(Method.java:498)
	at org.codehaus.groovy.reflection.CachedMethod.invoke(CachedMethod.java:93)
	at groovy.lang.MetaMethod.doMethodInvoke(MetaMethod.java:325)
	at groovy.lang.MetaClassImpl.invokeStaticMethod(MetaClassImpl.java:1469)
	at org.codehaus.groovy.runtime.callsite.StaticMetaClassSite.call(StaticMetaClassSite.java:53)
	at org.codehaus.groovy.runtime.callsite.CallSiteArray.defaultCall(CallSiteArray.java:48)
	at org.codehaus.groovy.runtime.callsite.AbstractCallSite.call(AbstractCallSite.java:113)
	at org.codehaus.groovy.runtime.callsite.AbstractCallSite.call(AbstractCallSite.java:141)
	at Script1536204253481.run(Script1536204253481.groovy:25)
	at com.kms.katalon.core.main.ScriptEngine.run(ScriptEngine.java:183)
	at com.kms.katalon.core.main.ScriptEngine.runScriptAsRawText(ScriptEngine.java:108)
	at com.kms.katalon.core.main.TestCaseExecutor.runScript(TestCaseExecutor.java:294)
	at com.kms.katalon.core.main.TestCaseExecutor.doExecute(TestCaseExecutor.java:285)
	at com.kms.katalon.core.main.TestCaseExecutor.processExecutionPhase(TestCaseExecutor.java:264)
	at com.kms.katalon.core.main.TestCaseExecutor.accessMainPhase(TestCaseExecutor.java:256)
	at com.kms.katalon.core.main.TestCaseExecutor.execute(TestCaseExecutor.java:200)
	at com.kms.katalon.core.main.TestSuiteExecutor.accessTestCaseMainPhase(TestSuiteExecutor.java:129)
	at com.kms.katalon.core.main.TestSuiteExecutor.accessTestSuiteMainPhase(TestSuiteExecutor.java:112)
	at com.kms.katalon.core.main.TestSuiteExecutor.execute(TestSuiteExecutor.java:81)
	at com.kms.katalon.core.main.TestCaseMain.startTestSuite(TestCaseMain.java:142)
	at com.kms.katalon.core.main.TestCaseMain$startTestSuite$0.call(Unknown Source)
	at org.codehaus.groovy.runtime.callsite.CallSiteArray.defaultCall(CallSiteArray.java:48)
	at org.codehaus.groovy.runtime.callsite.AbstractCallSite.call(AbstractCallSite.java:113)
	at org.codehaus.groovy.runtime.callsite.AbstractCallSite.call(AbstractCallSite.java:141)
	at TempTestSuite1544751823421.run(TempTestSuite1544751823421.groovy:36)
	at groovy.lang.GroovyShell.runScriptOrMainOrTestOrRunnable(GroovyShell.java:263)
	at groovy.lang.GroovyShell.run(GroovyShell.java:518)
	at groovy.lang.GroovyShell.run(GroovyShell.java:507)
	at groovy.ui.GroovyMain.processOnce(GroovyMain.java:653)
	at groovy.ui.GroovyMain.run(GroovyMain.java:384)
	at groovy.ui.GroovyMain.process(GroovyMain.java:370)
	at groovy.ui.GroovyMain.processArgs(GroovyMain.java:129)
	at groovy.ui.GroovyMain.main(GroovyMain.java:109)
	at sun.reflect.NativeMethodAccessorImpl.invoke0(Native Method)
	at sun.reflect.NativeMethodAccessorImpl.invoke(NativeMethodAccessorImpl.java:62)
	at sun.reflect.DelegatingMethodAccessorImpl.invoke(DelegatingMethodAccessorImpl.java:43)
	at java.lang.reflect.Method.invoke(Method.java:498)
	at org.codehaus.groovy.tools.GroovyStarter.rootLoader(GroovyStarter.java:109)
	at org.codehaus.groovy.tools.GroovyStarter.main(GroovyStarter.java:131)
)"/>
         <system-out><![CDATA[2018-12-14 11:28:32 - [TEST_CASE][FAILED] - Test Cases/Final Aug 2018 - PKS Automation/Registration Module/Workflow/Form 3 EIS - Cessation As Employer/OTC to UO (Query): Test Cases/Final Aug 2018 - PKS Automation/Registration Module/Workflow/Form 3 EIS - Cessation As Employer/OTC to UO (Query) FAILED because (of) (Stack trace: com.kms.katalon.core.exception.StepFailedException: Unable to click on object 'Object Repository/Final Object Repo/Page_Form 3 EIS - Cessation as Employer/Page_Form 3 EIS - Cessation as Employer (Query - OTC - UO)/Next' (Root cause: com.kms.katalon.core.webui.exception.WebElementNotFoundException: Web element with id: 'Object Repository/Final Object Repo/Page_Form 3 EIS - Cessation as Employer/Page_Form 3 EIS - Cessation as Employer (Query - OTC - UO)/Next' located by 'By.xpath: //a[(text() = ' NEXT
						' or . = ' NEXT
						')]' not found)
	at com.kms.katalon.core.keyword.internal.KeywordMain.stepFailed(KeywordMain.groovy:32)
	at com.kms.katalon.core.webui.keyword.internal.WebUIKeywordMain.stepFailed(WebUIKeywordMain.groovy:65)
	at com.kms.katalon.core.webui.keyword.internal.WebUIKeywordMain.runKeyword(WebUIKeywordMain.groovy:27)
	at com.kms.katalon.core.webui.keyword.builtin.ClickKeyword.click(ClickKeyword.groovy:86)
	at com.kms.katalon.core.webui.keyword.builtin.ClickKeyword.execute(ClickKeyword.groovy:67)
	at com.kms.katalon.core.keyword.internal.KeywordExecutor.executeKeywordForPlatform(KeywordExecutor.groovy:53)
	at com.kms.katalon.core.webui.keyword.WebUiBuiltInKeywords.click(WebUiBuiltInKeywords.groovy:616)
	at com.kms.katalon.core.webui.keyword.WebUiBuiltInKeywords$click$2.call(Unknown Source)
	at Script1536114876563.run(Script1536114876563.groovy:87)
	at com.kms.katalon.core.main.ScriptEngine.run(ScriptEngine.java:183)
	at com.kms.katalon.core.main.ScriptEngine.runScriptAsRawText(ScriptEngine.java:108)
	at com.kms.katalon.core.main.TestCaseExecutor.runScript(TestCaseExecutor.java:294)
	at com.kms.katalon.core.main.TestCaseExecutor.doExecute(TestCaseExecutor.java:285)
	at com.kms.katalon.core.main.TestCaseExecutor.processExecutionPhase(TestCaseExecutor.java:264)
	at com.kms.katalon.core.main.TestCaseExecutor.accessMainPhase(TestCaseExecutor.java:256)
	at com.kms.katalon.core.main.TestCaseExecutor.execute(TestCaseExecutor.java:200)
	at com.kms.katalon.core.main.TestCaseMain.runTestCase(TestCaseMain.java:99)
	at com.kms.katalon.core.keyword.builtin.CallTestCaseKeyword$_callTestCase_closure1.doCall(CallTestCaseKeyword.groovy:60)
	at com.kms.katalon.core.keyword.builtin.CallTestCaseKeyword$_callTestCase_closure1.call(CallTestCaseKeyword.groovy)
	at com.kms.katalon.core.keyword.internal.KeywordMain.runKeyword(KeywordMain.groovy:54)
	at com.kms.katalon.core.keyword.builtin.CallTestCaseKeyword.callTestCase(CallTestCaseKeyword.groovy:81)
	at com.kms.katalon.core.keyword.builtin.CallTestCaseKeyword.execute(CallTestCaseKeyword.groovy:45)
	at com.kms.katalon.core.keyword.internal.KeywordExecutor.executeKeywordForPlatform(KeywordExecutor.groovy:53)
	at com.kms.katalon.core.keyword.BuiltinKeywords.callTestCase(BuiltinKeywords.groovy:334)
	at sun.reflect.GeneratedMethodAccessor13.invoke(Unknown Source)
	at sun.reflect.DelegatingMethodAccessorImpl.invoke(DelegatingMethodAccessorImpl.java:43)
	at java.lang.reflect.Method.invoke(Method.java:498)
	at org.codehaus.groovy.reflection.CachedMethod.invoke(CachedMethod.java:93)
	at groovy.lang.MetaMethod.doMethodInvoke(MetaMethod.java:325)
	at groovy.lang.MetaClassImpl.invokeStaticMethod(MetaClassImpl.java:1469)
	at org.codehaus.groovy.runtime.callsite.StaticMetaClassSite.call(StaticMetaClassSite.java:53)
	at org.codehaus.groovy.runtime.callsite.CallSiteArray.defaultCall(CallSiteArray.java:48)
	at org.codehaus.groovy.runtime.callsite.AbstractCallSite.call(AbstractCallSite.java:113)
	at org.codehaus.groovy.runtime.callsite.AbstractCallSite.call(AbstractCallSite.java:141)
	at Script1536204253481.run(Script1536204253481.groovy:25)
	at com.kms.katalon.core.main.ScriptEngine.run(ScriptEngine.java:183)
	at com.kms.katalon.core.main.ScriptEngine.runScriptAsRawText(ScriptEngine.java:108)
	at com.kms.katalon.core.main.TestCaseExecutor.runScript(TestCaseExecutor.java:294)
	at com.kms.katalon.core.main.TestCaseExecutor.doExecute(TestCaseExecutor.java:285)
	at com.kms.katalon.core.main.TestCaseExecutor.processExecutionPhase(TestCaseExecutor.java:264)
	at com.kms.katalon.core.main.TestCaseExecutor.accessMainPhase(TestCaseExecutor.java:256)
	at com.kms.katalon.core.main.TestCaseExecutor.execute(TestCaseExecutor.java:200)
	at com.kms.katalon.core.main.TestSuiteExecutor.accessTestCaseMainPhase(TestSuiteExecutor.java:129)
	at com.kms.katalon.core.main.TestSuiteExecutor.accessTestSuiteMainPhase(TestSuiteExecutor.java:112)
	at com.kms.katalon.core.main.TestSuiteExecutor.execute(TestSuiteExecutor.java:81)
	at com.kms.katalon.core.main.TestCaseMain.startTestSuite(TestCaseMain.java:142)
	at com.kms.katalon.core.main.TestCaseMain$startTestSuite$0.call(Unknown Source)
	at org.codehaus.groovy.runtime.callsite.CallSiteArray.defaultCall(CallSiteArray.java:48)
	at org.codehaus.groovy.runtime.callsite.AbstractCallSite.call(AbstractCallSite.java:113)
	at org.codehaus.groovy.runtime.callsite.AbstractCallSite.call(AbstractCallSite.java:141)
	at TempTestSuite1544751823421.run(TempTestSuite1544751823421.groovy:36)
	at groovy.lang.GroovyShell.runScriptOrMainOrTestOrRunnable(GroovyShell.java:263)
	at groovy.lang.GroovyShell.run(GroovyShell.java:518)
	at groovy.lang.GroovyShell.run(GroovyShell.java:507)
	at groovy.ui.GroovyMain.processOnce(GroovyMain.java:653)
	at groovy.ui.GroovyMain.run(GroovyMain.java:384)
	at groovy.ui.GroovyMain.process(GroovyMain.java:370)
	at groovy.ui.GroovyMain.processArgs(GroovyMain.java:129)
	at groovy.ui.GroovyMain.main(GroovyMain.java:109)
	at sun.reflect.NativeMethodAccessorImpl.invoke0(Native Method)
	at sun.reflect.NativeMethodAccessorImpl.invoke(NativeMethodAccessorImpl.java:62)
	at sun.reflect.DelegatingMethodAccessorImpl.invoke(DelegatingMethodAccessorImpl.java:43)
	at java.lang.reflect.Method.invoke(Method.java:498)
	at org.codehaus.groovy.tools.GroovyStarter.rootLoader(GroovyStarter.java:109)
	at org.codehaus.groovy.tools.GroovyStarter.main(GroovyStarter.java:131)
)

2018-12-14 11:28:32 - [TEST_STEP][PASSED] - callTestCase: Call Test Case 'Test Cases/Final Aug 2018 - PKS Automation/Registration Module/Workflow/Form 3 EIS - Cessation As Employer/Template/Form 3 A - Cessation As Employer (OTC)' successfully

2018-12-14 11:28:32 - [TEST_CASE][PASSED] - Test Cases/Final Aug 2018 - PKS Automation/Registration Module/Workflow/Form 3 EIS - Cessation As Employer/Template/Form 3 A - Cessation As Employer (OTC): Test Cases/Final Aug 2018 - PKS Automation/Registration Module/Workflow/Form 3 EIS - Cessation As Employer/Template/Form 3 A - Cessation As Employer (OTC)

2018-12-14 11:28:32 - [TEST_STEP][PASSED] - openBrowser: Browser is opened with url: ''

2018-12-14 11:28:32 - [MESSAGE][WARNING] - A browser is already opened. Closing browser and opening a new one

2018-12-14 11:28:37 - [MESSAGE][PASSED] - Browser is opened with url: ''

2018-12-14 11:28:37 - [TEST_STEP][PASSED] - navigateToUrl: Navigate to 'https://assist2-uat.perkeso.gov.my/login' successfully

2018-12-14 11:28:39 - [MESSAGE][PASSED] - Navigate to 'https://assist2-uat.perkeso.gov.my/login' successfully

2018-12-14 11:28:39 - [TEST_STEP][PASSED] - setText: Text 'johorotc1@gmail.com' is set on object 'Object Repository/Final Object Repo/Login Page/Internal User/Email Address'

2018-12-14 11:28:39 - [MESSAGE][PASSED] - Text 'johorotc1@gmail.com' is set on object 'Object Repository/Final Object Repo/Login Page/Internal User/Email Address'

2018-12-14 11:28:39 - [TEST_STEP][PASSED] - click: Object: 'Object Repository/Final Object Repo/Login Page/Internal User/Next Button' is clicked on

2018-12-14 11:28:39 - [MESSAGE][PASSED] - Object: 'Object Repository/Final Object Repo/Login Page/Internal User/Next Button' is clicked on

2018-12-14 11:28:39 - [TEST_STEP][PASSED] - delay: Delayed 1 second(s)

2018-12-14 11:28:40 - [MESSAGE][PASSED] - Delayed 1 second(s)

2018-12-14 11:28:40 - [TEST_STEP][PASSED] - setEncryptedText: Text ****** has been set on object 'Object Repository/Final Object Repo/Login Page/Internal User/Password'

2018-12-14 11:28:40 - [MESSAGE][PASSED] - Text ****** has been set on object 'Object Repository/Final Object Repo/Login Page/Internal User/Password'

2018-12-14 11:28:40 - [TEST_STEP][PASSED] - click: Object: 'Object Repository/Final Object Repo/Login Page/Internal User/Login Button' is clicked on

2018-12-14 11:28:41 - [MESSAGE][PASSED] - Object: 'Object Repository/Final Object Repo/Login Page/Internal User/Login Button' is clicked on

2018-12-14 11:28:41 - [TEST_STEP][PASSED] - delay: Delayed 1 second(s)

2018-12-14 11:28:42 - [MESSAGE][PASSED] - Delayed 1 second(s)

2018-12-14 11:28:42 - [TEST_STEP][PASSED] - Statement - Try: Delayed 2 second(s)

2018-12-14 11:28:42 - [TEST_STEP][PASSED] - Statement - Checker = false: null

2018-12-14 11:28:42 - [TEST_STEP][PASSED] - Statement - Checker = com.kms.katalon.core.webui.keyword.WebUiBuiltInKeywords.verifyElementHasAttribute(com.kms.katalon.core.testobject.ObjectRepository.findTestObject(Final Object Repo/Landing Page/BM Detecting), "href", 20, OPTIONAL): Object 'Object Repository/Final Object Repo/Landing Page/BM Detecting' has attribute 'href'

2018-12-14 11:28:42 - [MESSAGE][PASSED] - Object 'Object Repository/Final Object Repo/Landing Page/BM Detecting' has attribute 'href'

2018-12-14 11:28:42 - [TEST_STEP][PASSED] - Statement - out.println(Checker): null

2018-12-14 11:28:42 - [TEST_STEP][PASSED] - Statement - If (Checker == false): null

2018-12-14 11:28:42 - [TEST_STEP][PASSED] - Statement - Else: null

2018-12-14 11:28:42 - [TEST_STEP][PASSED] - delay: Delayed 2 second(s)

2018-12-14 11:28:44 - [MESSAGE][PASSED] - Delayed 2 second(s)

2018-12-14 11:28:44 - [TEST_STEP][PASSED] - navigateToUrl: Navigate to 'https://assist2-uat.perkeso.gov.my/web/registration/eis-update/form-3-eis-cessation-as-employer' successfully

2018-12-14 11:28:45 - [MESSAGE][PASSED] - Navigate to 'https://assist2-uat.perkeso.gov.my/web/registration/eis-update/form-3-eis-cessation-as-employer' successfully

2018-12-14 11:28:45 - [TEST_STEP][PASSED] - delay: Delayed 1 second(s)

2018-12-14 11:28:46 - [MESSAGE][PASSED] - Delayed 1 second(s)

2018-12-14 11:28:46 - [TEST_STEP][PASSED] - setText: Text 'E1102069769W' is set on object 'Object Repository/Final Object Repo/Page_Form 3 EIS - Cessation as Employer/Employer Code'

2018-12-14 11:28:47 - [MESSAGE][PASSED] - Text 'E1102069769W' is set on object 'Object Repository/Final Object Repo/Page_Form 3 EIS - Cessation as Employer/Employer Code'

2018-12-14 11:28:47 - [TEST_STEP][PASSED] - click: Object: 'Object Repository/Final Object Repo/Page_Form 3 EIS - Cessation as Employer/Search' is clicked on

2018-12-14 11:28:47 - [MESSAGE][PASSED] - Object: 'Object Repository/Final Object Repo/Page_Form 3 EIS - Cessation as Employer/Search' is clicked on

2018-12-14 11:28:47 - [TEST_STEP][PASSED] - click: Object: 'Object Repository/Final Object Repo/Page_Form 3 EIS - Cessation as Employer/Edit' is clicked on

2018-12-14 11:28:49 - [MESSAGE][PASSED] - Object: 'Object Repository/Final Object Repo/Page_Form 3 EIS - Cessation as Employer/Edit' is clicked on

2018-12-14 11:28:49 - [TEST_STEP][PASSED] - delay: Delayed 1 second(s)

2018-12-14 11:28:50 - [MESSAGE][PASSED] - Delayed 1 second(s)

2018-12-14 11:28:50 - [TEST_STEP][PASSED] - Statement - abc = com.kms.katalon.core.webui.keyword.WebUiBuiltInKeywords.getAttribute(com.kms.katalon.core.testobject.ObjectRepository.findTestObject(Final Object Repo/Page_Form 3 EIS - Cessation as Employer/Employer Status), "value"): Attribute 'value' of object 'Object Repository/Final Object Repo/Page_Form 3 EIS - Cessation as Employer/Employer Status' is: 'Active'

2018-12-14 11:28:50 - [MESSAGE][PASSED] - Attribute 'value' of object 'Object Repository/Final Object Repo/Page_Form 3 EIS - Cessation as Employer/Employer Status' is: 'Active'

2018-12-14 11:28:50 - [TEST_STEP][PASSED] - Statement - out.println(abc): null

2018-12-14 11:28:50 - [TEST_STEP][PASSED] - Statement - If (abc == "Active"): Object: 'Object Repository/Final Object Repo/Page_Form 3 EIS - Cessation as Employer/Dormant EIS' is clicked on

2018-12-14 11:28:50 - [TEST_STEP][PASSED] - click: Object: 'Object Repository/Final Object Repo/Page_Form 3 EIS - Cessation as Employer/Change Employer Status to' is clicked on

2018-12-14 11:28:51 - [MESSAGE][PASSED] - Object: 'Object Repository/Final Object Repo/Page_Form 3 EIS - Cessation as Employer/Change Employer Status to' is clicked on

2018-12-14 11:28:51 - [TEST_STEP][PASSED] - click: Object: 'Object Repository/Final Object Repo/Page_Form 3 EIS - Cessation as Employer/Dormant EIS' is clicked on

2018-12-14 11:28:51 - [MESSAGE][PASSED] - Object: 'Object Repository/Final Object Repo/Page_Form 3 EIS - Cessation as Employer/Dormant EIS' is clicked on

2018-12-14 11:28:51 - [TEST_STEP][PASSED] - click: Object: 'Object Repository/Final Object Repo/Page_Form 3 EIS - Cessation as Employer/Calender' is clicked on

2018-12-14 11:28:51 - [MESSAGE][PASSED] - Object: 'Object Repository/Final Object Repo/Page_Form 3 EIS - Cessation as Employer/Calender' is clicked on

2018-12-14 11:28:51 - [TEST_STEP][PASSED] - delay: Delayed 1 second(s)

2018-12-14 11:28:52 - [MESSAGE][PASSED] - Delayed 1 second(s)

2018-12-14 11:28:52 - [TEST_STEP][PASSED] - click: Object: 'Object Repository/Final Object Repo/Page_Form 3 EIS - Cessation as Employer/Calender - Date' is clicked on

2018-12-14 11:28:52 - [MESSAGE][PASSED] - Object: 'Object Repository/Final Object Repo/Page_Form 3 EIS - Cessation as Employer/Calender - Date' is clicked on

2018-12-14 11:28:52 - [TEST_STEP][PASSED] - click: Object: 'Object Repository/Final Object Repo/Page_Form 3 EIS - Cessation as Employer/Save  Continue in Form 3 EIS Page' is clicked on

2018-12-14 11:28:52 - [MESSAGE][PASSED] - Object: 'Object Repository/Final Object Repo/Page_Form 3 EIS - Cessation as Employer/Save  Continue in Form 3 EIS Page' is clicked on

2018-12-14 11:28:52 - [TEST_STEP][PASSED] - delay: Delayed 1 second(s)

2018-12-14 11:28:53 - [MESSAGE][PASSED] - Delayed 1 second(s)

2018-12-14 11:28:53 - [TEST_STEP][PASSED] - click: Object: 'Object Repository/Final Object Repo/Page_Form 3 EIS - Cessation as Employer/Employment Resign Date' is clicked on

2018-12-14 11:28:54 - [MESSAGE][PASSED] - Object: 'Object Repository/Final Object Repo/Page_Form 3 EIS - Cessation as Employer/Employment Resign Date' is clicked on

2018-12-14 11:28:54 - [TEST_STEP][PASSED] - selectOptionByValue: All options with value '2030' are selected in object 'Object Repository/Final Object Repo/Page_Form 3 EIS - Cessation as Employer/Employment Resign Date - Year' 

2018-12-14 11:28:54 - [MESSAGE][PASSED] - All options with value '2030' are selected in object 'Object Repository/Final Object Repo/Page_Form 3 EIS - Cessation as Employer/Employment Resign Date - Year' 

2018-12-14 11:28:54 - [TEST_STEP][PASSED] - delay: Delayed 2 second(s)

2018-12-14 11:28:56 - [MESSAGE][PASSED] - Delayed 2 second(s)

2018-12-14 11:28:56 - [TEST_STEP][PASSED] - click: Object: 'Object Repository/Final Object Repo/Page_Form 3 EIS - Cessation as Employer/Employment Resign Date - Year - Date' is clicked on

2018-12-14 11:28:57 - [MESSAGE][PASSED] - Object: 'Object Repository/Final Object Repo/Page_Form 3 EIS - Cessation as Employer/Employment Resign Date - Year - Date' is clicked on

2018-12-14 11:28:57 - [TEST_STEP][PASSED] - delay: Delayed 2 second(s)

2018-12-14 11:28:59 - [MESSAGE][PASSED] - Delayed 2 second(s)

2018-12-14 11:28:59 - [TEST_STEP][PASSED] - click: Object: 'Object Repository/Final Object Repo/Page_Form 3 EIS - Cessation as Employer/Save  Continue in Employment Resign Page' is clicked on

2018-12-14 11:28:59 - [MESSAGE][PASSED] - Object: 'Object Repository/Final Object Repo/Page_Form 3 EIS - Cessation as Employer/Save  Continue in Employment Resign Page' is clicked on

2018-12-14 11:28:59 - [TEST_STEP][PASSED] - delay: Delayed 2 second(s)

2018-12-14 11:29:01 - [MESSAGE][PASSED] - Delayed 2 second(s)

2018-12-14 11:29:01 - [TEST_STEP][PASSED] - click: Object: 'Object Repository/Final Object Repo/Page_Form 3 EIS - Cessation as Employer/Set Latest - Yes' is clicked on

2018-12-14 11:29:01 - [MESSAGE][PASSED] - Object: 'Object Repository/Final Object Repo/Page_Form 3 EIS - Cessation as Employer/Set Latest - Yes' is clicked on

2018-12-14 11:29:01 - [TEST_STEP][PASSED] - delay: Delayed 2 second(s)

2018-12-14 11:29:03 - [MESSAGE][PASSED] - Delayed 2 second(s)

2018-12-14 11:29:03 - [TEST_STEP][PASSED] - click: Object: 'Object Repository/Final Object Repo/Page_Form 3 EIS - Cessation as Employer/Add Document' is clicked on

2018-12-14 11:29:04 - [MESSAGE][PASSED] - Object: 'Object Repository/Final Object Repo/Page_Form 3 EIS - Cessation as Employer/Add Document' is clicked on

2018-12-14 11:29:04 - [TEST_STEP][PASSED] - delay: Delayed 3 second(s)

2018-12-14 11:29:07 - [MESSAGE][PASSED] - Delayed 3 second(s)

2018-12-14 11:29:07 - [TEST_STEP][PASSED] - click: Object: 'Object Repository/Final Object Repo/Page_Form 3 EIS - Cessation as Employer/Document Type' is clicked on

2018-12-14 11:29:07 - [MESSAGE][PASSED] - Object: 'Object Repository/Final Object Repo/Page_Form 3 EIS - Cessation as Employer/Document Type' is clicked on

2018-12-14 11:29:07 - [TEST_STEP][PASSED] - click: Object: 'Object Repository/Final Object Repo/Page_Form 3 EIS - Cessation as Employer/Document Type - Form 3' is clicked on

2018-12-14 11:29:08 - [MESSAGE][PASSED] - Object: 'Object Repository/Final Object Repo/Page_Form 3 EIS - Cessation as Employer/Document Type - Form 3' is clicked on

2018-12-14 11:29:08 - [TEST_STEP][PASSED] - delay: Delayed 2 second(s)

2018-12-14 11:29:10 - [MESSAGE][PASSED] - Delayed 2 second(s)

2018-12-14 11:29:10 - [TEST_STEP][PASSED] - sendKeys: Keys 'C:\Users\Public\Pictures\Sample Pictures\Koala.jpg' sent to object: 'Object Repository/Final Object Repo/Page_Form 3 EIS - Cessation as Employer/ploading File'

2018-12-14 11:29:10 - [MESSAGE][PASSED] - Keys 'C:\Users\Public\Pictures\Sample Pictures\Koala.jpg' sent to object: 'Object Repository/Final Object Repo/Page_Form 3 EIS - Cessation as Employer/ploading File'

2018-12-14 11:29:10 - [TEST_STEP][PASSED] - delay: Delayed 1 second(s)

2018-12-14 11:29:11 - [MESSAGE][PASSED] - Delayed 1 second(s)

2018-12-14 11:29:11 - [TEST_STEP][PASSED] - click: Object: 'Object Repository/Final Object Repo/Page_Form 3 EIS - Cessation as Employer/Add Document in Uploading Page' is clicked on

2018-12-14 11:29:11 - [MESSAGE][PASSED] - Object: 'Object Repository/Final Object Repo/Page_Form 3 EIS - Cessation as Employer/Add Document in Uploading Page' is clicked on

2018-12-14 11:29:11 - [TEST_STEP][PASSED] - delay: Delayed 2 second(s)

2018-12-14 11:29:13 - [MESSAGE][PASSED] - Delayed 2 second(s)

2018-12-14 11:29:13 - [TEST_STEP][PASSED] - Statement - CaseReferenceNo = com.kms.katalon.core.webui.keyword.WebUiBuiltInKeywords.getText(com.kms.katalon.core.testobject.ObjectRepository.findTestObject(Final Object Repo/Page_Update Employer Information/Reference Number in Update Employee Information Page)): Text of object 'Object Repository/Final Object Repo/Page_Update Employer Information/Reference Number in Update Employee Information Page' is: 'ERN122018C200002444'

2018-12-14 11:29:15 - [MESSAGE][PASSED] - Text of object 'Object Repository/Final Object Repo/Page_Update Employer Information/Reference Number in Update Employee Information Page' is: 'ERN122018C200002444'

2018-12-14 11:29:15 - [TEST_STEP][PASSED] - callTestCase: Call Test Case 'Test Cases/Final Aug 2018 - PKS Automation/Common/Reference Number Setter' successfully

2018-12-14 11:29:15 - [TEST_CASE][PASSED] - Test Cases/Final Aug 2018 - PKS Automation/Common/Reference Number Setter: Test Cases/Final Aug 2018 - PKS Automation/Common/Reference Number Setter

2018-12-14 11:29:15 - [TEST_STEP][PASSED] - Statement - RefNoOldFile = new java.io.File(C://Users//Admin//Desktop//PKS//Automation Reference Point//KatalonReference.txt): null

2018-12-14 11:29:15 - [TEST_STEP][PASSED] - Statement - RefNoOldFile.delete(): null

2018-12-14 11:29:15 - [TEST_STEP][PASSED] - delay: Delayed 5 second(s)

2018-12-14 11:29:20 - [MESSAGE][PASSED] - Delayed 5 second(s)

2018-12-14 11:29:20 - [TEST_STEP][PASSED] - Statement - RefNo = new java.io.File(C://Users//Admin//Desktop//PKS//Automation Reference Point//KatalonReference.txt): null

2018-12-14 11:29:20 - [TEST_STEP][PASSED] - Statement - f2 = new java.io.FileWriter(RefNo, false): null

2018-12-14 11:29:20 - [TEST_STEP][PASSED] - Statement - f2.write(CaseReferenceNo): null

2018-12-14 11:29:20 - [TEST_STEP][PASSED] - Statement - f2.close(): null

2018-12-14 11:29:20 - [TEST_STEP][PASSED] - Statement - out.println("


" + CaseReferenceNo + "


"): null

2018-12-14 11:29:20 - [MESSAGE][PASSED] - Call Test Case 'Test Cases/Final Aug 2018 - PKS Automation/Common/Reference Number Setter' successfully

2018-12-14 11:29:20 - [TEST_STEP][PASSED] - delay: Delayed 2 second(s)

2018-12-14 11:29:22 - [MESSAGE][PASSED] - Delayed 2 second(s)

2018-12-14 11:29:22 - [TEST_STEP][PASSED] - click: Object: 'Object Repository/Final Object Repo/Page_Form 3 EIS - Cessation as Employer/Save  Continue in Uploading Page' is clicked on

2018-12-14 11:29:22 - [MESSAGE][PASSED] - Object: 'Object Repository/Final Object Repo/Page_Form 3 EIS - Cessation as Employer/Save  Continue in Uploading Page' is clicked on

2018-12-14 11:29:22 - [TEST_STEP][PASSED] - delay: Delayed 2 second(s)

2018-12-14 11:29:24 - [MESSAGE][PASSED] - Delayed 2 second(s)

2018-12-14 11:29:24 - [TEST_STEP][PASSED] - click: Object: 'Object Repository/Final Object Repo/Page_Form 3 EIS - Cessation as Employer/Submit' is clicked on

2018-12-14 11:29:28 - [MESSAGE][PASSED] - Object: 'Object Repository/Final Object Repo/Page_Form 3 EIS - Cessation as Employer/Submit' is clicked on

2018-12-14 11:29:28 - [TEST_STEP][PASSED] - delay: Delayed 2 second(s)

2018-12-14 11:29:30 - [MESSAGE][PASSED] - Delayed 2 second(s)

2018-12-14 11:29:30 - [TEST_STEP][PASSED] - click: Object: 'Object Repository/Final Object Repo/Page_Form 3 EIS - Cessation as Employer/Confirm' is clicked on

2018-12-14 11:29:30 - [MESSAGE][PASSED] - Object: 'Object Repository/Final Object Repo/Page_Form 3 EIS - Cessation as Employer/Confirm' is clicked on

2018-12-14 11:29:30 - [TEST_STEP][PASSED] - delay: Delayed 2 second(s)

2018-12-14 11:29:32 - [MESSAGE][PASSED] - Delayed 2 second(s)

2018-12-14 11:29:32 - [TEST_STEP][PASSED] - click: Object: 'Object Repository/Final Object Repo/Page_Form 3 EIS - Cessation as Employer/Message Your Request will be routed to UO' is clicked on

2018-12-14 11:29:35 - [MESSAGE][PASSED] - Object: 'Object Repository/Final Object Repo/Page_Form 3 EIS - Cessation as Employer/Message Your Request will be routed to UO' is clicked on

2018-12-14 11:29:35 - [TEST_STEP][PASSED] - click: Object: 'Object Repository/Final Object Repo/Page_Form 3 EIS - Cessation as Employer/Letter of acknowledgement' is clicked on

2018-12-14 11:29:36 - [MESSAGE][PASSED] - Object: 'Object Repository/Final Object Repo/Page_Form 3 EIS - Cessation as Employer/Letter of acknowledgement' is clicked on

2018-12-14 11:29:36 - [MESSAGE][PASSED] - Call Test Case 'Test Cases/Final Aug 2018 - PKS Automation/Registration Module/Workflow/Form 3 EIS - Cessation As Employer/Template/Form 3 A - Cessation As Employer (OTC)' successfully

2018-12-14 11:29:36 - [TEST_STEP][FAILED] - callTestCase: Unable to call Test Case with id 'Test Cases/Final Aug 2018 - PKS Automation/Registration Module/Workflow/Form 3 EIS - Cessation As Employer/Template/Form 3 A - Cessation As Employer (Query)' (Root cause: Call Test Case 'Test Cases/Final Aug 2018 - PKS Automation/Registration Module/Workflow/Form 3 EIS - Cessation As Employer/Template/Form 3 A - Cessation As Employer (Query)' failed)

2018-12-14 11:29:36 - [TEST_CASE][FAILED] - Test Cases/Final Aug 2018 - PKS Automation/Registration Module/Workflow/Form 3 EIS - Cessation As Employer/Template/Form 3 A - Cessation As Employer (Query): Test Cases/Final Aug 2018 - PKS Automation/Registration Module/Workflow/Form 3 EIS - Cessation As Employer/Template/Form 3 A - Cessation As Employer (Query) FAILED because (of) (Stack trace: com.kms.katalon.core.exception.StepFailedException: Unable to click on object 'Object Repository/Final Object Repo/Page_Form 3 EIS - Cessation as Employer/Page_Form 3 EIS - Cessation as Employer (Query - OTC - UO)/Next' (Root cause: com.kms.katalon.core.webui.exception.WebElementNotFoundException: Web element with id: 'Object Repository/Final Object Repo/Page_Form 3 EIS - Cessation as Employer/Page_Form 3 EIS - Cessation as Employer (Query - OTC - UO)/Next' located by 'By.xpath: //a[(text() = ' NEXT
						' or . = ' NEXT
						')]' not found)
	at com.kms.katalon.core.keyword.internal.KeywordMain.stepFailed(KeywordMain.groovy:32)
	at com.kms.katalon.core.webui.keyword.internal.WebUIKeywordMain.stepFailed(WebUIKeywordMain.groovy:65)
	at com.kms.katalon.core.webui.keyword.internal.WebUIKeywordMain.runKeyword(WebUIKeywordMain.groovy:27)
	at com.kms.katalon.core.webui.keyword.builtin.ClickKeyword.click(ClickKeyword.groovy:86)
	at com.kms.katalon.core.webui.keyword.builtin.ClickKeyword.execute(ClickKeyword.groovy:67)
	at com.kms.katalon.core.keyword.internal.KeywordExecutor.executeKeywordForPlatform(KeywordExecutor.groovy:53)
	at com.kms.katalon.core.webui.keyword.WebUiBuiltInKeywords.click(WebUiBuiltInKeywords.groovy:616)
	at com.kms.katalon.core.webui.keyword.WebUiBuiltInKeywords$click$2.call(Unknown Source)
	at Script1536114876563.run(Script1536114876563.groovy:87)
	at com.kms.katalon.core.main.ScriptEngine.run(ScriptEngine.java:183)
	at com.kms.katalon.core.main.ScriptEngine.runScriptAsRawText(ScriptEngine.java:108)
	at com.kms.katalon.core.main.TestCaseExecutor.runScript(TestCaseExecutor.java:294)
	at com.kms.katalon.core.main.TestCaseExecutor.doExecute(TestCaseExecutor.java:285)
	at com.kms.katalon.core.main.TestCaseExecutor.processExecutionPhase(TestCaseExecutor.java:264)
	at com.kms.katalon.core.main.TestCaseExecutor.accessMainPhase(TestCaseExecutor.java:256)
	at com.kms.katalon.core.main.TestCaseExecutor.execute(TestCaseExecutor.java:200)
	at com.kms.katalon.core.main.TestCaseMain.runTestCase(TestCaseMain.java:99)
	at com.kms.katalon.core.keyword.builtin.CallTestCaseKeyword$_callTestCase_closure1.doCall(CallTestCaseKeyword.groovy:60)
	at com.kms.katalon.core.keyword.builtin.CallTestCaseKeyword$_callTestCase_closure1.call(CallTestCaseKeyword.groovy)
	at com.kms.katalon.core.keyword.internal.KeywordMain.runKeyword(KeywordMain.groovy:54)
	at com.kms.katalon.core.keyword.builtin.CallTestCaseKeyword.callTestCase(CallTestCaseKeyword.groovy:81)
	at com.kms.katalon.core.keyword.builtin.CallTestCaseKeyword.execute(CallTestCaseKeyword.groovy:45)
	at com.kms.katalon.core.keyword.internal.KeywordExecutor.executeKeywordForPlatform(KeywordExecutor.groovy:53)
	at com.kms.katalon.core.keyword.BuiltinKeywords.callTestCase(BuiltinKeywords.groovy:334)
	at sun.reflect.GeneratedMethodAccessor13.invoke(Unknown Source)
	at sun.reflect.DelegatingMethodAccessorImpl.invoke(DelegatingMethodAccessorImpl.java:43)
	at java.lang.reflect.Method.invoke(Method.java:498)
	at org.codehaus.groovy.reflection.CachedMethod.invoke(CachedMethod.java:93)
	at groovy.lang.MetaMethod.doMethodInvoke(MetaMethod.java:325)
	at groovy.lang.MetaClassImpl.invokeStaticMethod(MetaClassImpl.java:1469)
	at org.codehaus.groovy.runtime.callsite.StaticMetaClassSite.call(StaticMetaClassSite.java:53)
	at org.codehaus.groovy.runtime.callsite.CallSiteArray.defaultCall(CallSiteArray.java:48)
	at org.codehaus.groovy.runtime.callsite.AbstractCallSite.call(AbstractCallSite.java:113)
	at org.codehaus.groovy.runtime.callsite.AbstractCallSite.call(AbstractCallSite.java:141)
	at Script1536204253481.run(Script1536204253481.groovy:25)
	at com.kms.katalon.core.main.ScriptEngine.run(ScriptEngine.java:183)
	at com.kms.katalon.core.main.ScriptEngine.runScriptAsRawText(ScriptEngine.java:108)
	at com.kms.katalon.core.main.TestCaseExecutor.runScript(TestCaseExecutor.java:294)
	at com.kms.katalon.core.main.TestCaseExecutor.doExecute(TestCaseExecutor.java:285)
	at com.kms.katalon.core.main.TestCaseExecutor.processExecutionPhase(TestCaseExecutor.java:264)
	at com.kms.katalon.core.main.TestCaseExecutor.accessMainPhase(TestCaseExecutor.java:256)
	at com.kms.katalon.core.main.TestCaseExecutor.execute(TestCaseExecutor.java:200)
	at com.kms.katalon.core.main.TestSuiteExecutor.accessTestCaseMainPhase(TestSuiteExecutor.java:129)
	at com.kms.katalon.core.main.TestSuiteExecutor.accessTestSuiteMainPhase(TestSuiteExecutor.java:112)
	at com.kms.katalon.core.main.TestSuiteExecutor.execute(TestSuiteExecutor.java:81)
	at com.kms.katalon.core.main.TestCaseMain.startTestSuite(TestCaseMain.java:142)
	at com.kms.katalon.core.main.TestCaseMain$startTestSuite$0.call(Unknown Source)
	at org.codehaus.groovy.runtime.callsite.CallSiteArray.defaultCall(CallSiteArray.java:48)
	at org.codehaus.groovy.runtime.callsite.AbstractCallSite.call(AbstractCallSite.java:113)
	at org.codehaus.groovy.runtime.callsite.AbstractCallSite.call(AbstractCallSite.java:141)
	at TempTestSuite1544751823421.run(TempTestSuite1544751823421.groovy:36)
	at groovy.lang.GroovyShell.runScriptOrMainOrTestOrRunnable(GroovyShell.java:263)
	at groovy.lang.GroovyShell.run(GroovyShell.java:518)
	at groovy.lang.GroovyShell.run(GroovyShell.java:507)
	at groovy.ui.GroovyMain.processOnce(GroovyMain.java:653)
	at groovy.ui.GroovyMain.run(GroovyMain.java:384)
	at groovy.ui.GroovyMain.process(GroovyMain.java:370)
	at groovy.ui.GroovyMain.processArgs(GroovyMain.java:129)
	at groovy.ui.GroovyMain.main(GroovyMain.java:109)
	at sun.reflect.NativeMethodAccessorImpl.invoke0(Native Method)
	at sun.reflect.NativeMethodAccessorImpl.invoke(NativeMethodAccessorImpl.java:62)
	at sun.reflect.DelegatingMethodAccessorImpl.invoke(DelegatingMethodAccessorImpl.java:43)
	at java.lang.reflect.Method.invoke(Method.java:498)
	at org.codehaus.groovy.tools.GroovyStarter.rootLoader(GroovyStarter.java:109)
	at org.codehaus.groovy.tools.GroovyStarter.main(GroovyStarter.java:131)
)

2018-12-14 11:29:36 - [TEST_STEP][NOT_RUN] - callTestCase: NOT_RUN: callTestCase

2018-12-14 11:29:36 - [MESSAGE][NOT_RUN] - NOT_RUN: callTestCase

2018-12-14 11:29:36 - [TEST_STEP][PASSED] - delay: Delayed 1 second(s)

2018-12-14 11:29:37 - [MESSAGE][PASSED] - Delayed 1 second(s)

2018-12-14 11:29:37 - [TEST_STEP][PASSED] - navigateToUrl: Navigate to 'https://assist2-uat.perkeso.gov.my/c/portal/logout' successfully

2018-12-14 11:29:38 - [MESSAGE][PASSED] - Navigate to 'https://assist2-uat.perkeso.gov.my/c/portal/logout' successfully

2018-12-14 11:29:38 - [TEST_STEP][PASSED] - delay: Delayed 1 second(s)

2018-12-14 11:29:39 - [MESSAGE][PASSED] - Delayed 1 second(s)

2018-12-14 11:29:39 - [TEST_STEP][PASSED] - callTestCase: Call Test Case 'Test Cases/Final Aug 2018 - PKS Automation/Common/Reference Number Getter' successfully

2018-12-14 11:29:39 - [TEST_CASE][PASSED] - Test Cases/Final Aug 2018 - PKS Automation/Common/Reference Number Getter: Test Cases/Final Aug 2018 - PKS Automation/Common/Reference Number Getter

2018-12-14 11:29:39 - [TEST_STEP][PASSED] - Statement - Try: null

2018-12-14 11:29:39 - [TEST_STEP][PASSED] - Statement - RefNo = new java.io.File(C://Users//Admin//Desktop//PKS//Automation Reference Point//KatalonReference.txt): null

2018-12-14 11:29:39 - [TEST_STEP][PASSED] - Statement - bufferread = new java.io.BufferedReader(new java.io.FileReader(RefNo)): null

2018-12-14 11:29:39 - [TEST_STEP][PASSED] - Statement - readedVal = bufferread.readLine(): null

2018-12-14 11:29:39 - [TEST_STEP][PASSED] - Statement - out.println(CaseReferenceNo): null

2018-12-14 11:29:39 - [TEST_STEP][PASSED] - Statement - out.println(readedVal): null

2018-12-14 11:29:39 - [TEST_STEP][PASSED] - Statement - CaseReferenceNo = "": null

2018-12-14 11:29:39 - [TEST_STEP][PASSED] - Statement - CaseReferenceNo = readedVal: null

2018-12-14 11:29:39 - [MESSAGE][PASSED] - Call Test Case 'Test Cases/Final Aug 2018 - PKS Automation/Common/Reference Number Getter' successfully

2018-12-14 11:29:39 - [TEST_STEP][PASSED] - callTestCase: Call Test Case 'Test Cases/Final Aug 2018 - PKS Automation/Common/Workflow Owner Finder' successfully

2018-12-14 11:29:39 - [TEST_CASE][PASSED] - Test Cases/Final Aug 2018 - PKS Automation/Common/Workflow Owner Finder: Test Cases/Final Aug 2018 - PKS Automation/Common/Workflow Owner Finder

2018-12-14 11:29:39 - [TEST_STEP][PASSED] - openBrowser: Browser is opened with url: ''

2018-12-14 11:29:39 - [MESSAGE][WARNING] - A browser is already opened. Closing browser and opening a new one

2018-12-14 11:29:45 - [MESSAGE][PASSED] - Browser is opened with url: ''

2018-12-14 11:29:45 - [TEST_STEP][PASSED] - navigateToUrl: Navigate to 'https://assist2-uat.perkeso.gov.my/login' successfully

2018-12-14 11:29:46 - [MESSAGE][PASSED] - Navigate to 'https://assist2-uat.perkeso.gov.my/login' successfully

2018-12-14 11:29:46 - [TEST_STEP][PASSED] - delay: Delayed 5 second(s)

2018-12-14 11:29:51 - [MESSAGE][PASSED] - Delayed 5 second(s)

2018-12-14 11:29:51 - [TEST_STEP][PASSED] - setText: Text 'test@liferay.com' is set on object 'Object Repository/Final Object Repo/Login Page/Internal User/Email Address'

2018-12-14 11:29:51 - [MESSAGE][PASSED] - Text 'test@liferay.com' is set on object 'Object Repository/Final Object Repo/Login Page/Internal User/Email Address'

2018-12-14 11:29:51 - [TEST_STEP][PASSED] - click: Object: 'Object Repository/Final Object Repo/Login Page/Internal User/Next Button' is clicked on

2018-12-14 11:29:51 - [MESSAGE][PASSED] - Object: 'Object Repository/Final Object Repo/Login Page/Internal User/Next Button' is clicked on

2018-12-14 11:29:51 - [TEST_STEP][PASSED] - delay: Delayed 2 second(s)

2018-12-14 11:29:53 - [MESSAGE][PASSED] - Delayed 2 second(s)

2018-12-14 11:29:53 - [TEST_STEP][PASSED] - setText: Text 'test' is set on object 'Object Repository/Final Object Repo/Login Page/Internal User/Password'

2018-12-14 11:29:53 - [MESSAGE][PASSED] - Text 'test' is set on object 'Object Repository/Final Object Repo/Login Page/Internal User/Password'

2018-12-14 11:29:53 - [TEST_STEP][PASSED] - delay: Delayed 2 second(s)

2018-12-14 11:29:55 - [MESSAGE][PASSED] - Delayed 2 second(s)

2018-12-14 11:29:55 - [TEST_STEP][PASSED] - click: Object: 'Object Repository/Final Object Repo/Login Page/Internal User/Login Button' is clicked on

2018-12-14 11:29:56 - [MESSAGE][PASSED] - Object: 'Object Repository/Final Object Repo/Login Page/Internal User/Login Button' is clicked on

2018-12-14 11:29:56 - [TEST_STEP][PASSED] - Statement - tester = com.kms.katalon.core.testobject.ObjectRepository.findTestObject(Final Object Repo/Landing Page/Select to English): Finding Test Object with id 'Object Repository/Final Object Repo/Landing Page/Select to English'

2018-12-14 11:29:56 - [TEST_STEP][PASSED] - Statement - Try: Delayed 2 second(s)

2018-12-14 11:29:56 - [TEST_STEP][PASSED] - Statement - Checker = com.kms.katalon.core.webui.keyword.WebUiBuiltInKeywords.verifyElementNotPresent(tester, 3): Web element with id: 'Object Repository/Final Object Repo/Landing Page/Select to English' located by 'By.xpath: //a[@class = 'taglib-language-list-text' and @lang = 'en-US' and (contains(text(), 'EN') or contains(., 'EN'))]' is not present after '3' second(s)

2018-12-14 11:29:59 - [MESSAGE][PASSED] - Web element with id: 'Object Repository/Final Object Repo/Landing Page/Select to English' located by 'By.xpath: //a[@class = 'taglib-language-list-text' and @lang = 'en-US' and (contains(text(), 'EN') or contains(., 'EN'))]' is not present after '3' second(s)

2018-12-14 11:29:59 - [TEST_STEP][PASSED] - Statement - If (Checker == false): null

2018-12-14 11:29:59 - [TEST_STEP][PASSED] - delay: Delayed 2 second(s)

2018-12-14 11:30:01 - [MESSAGE][PASSED] - Delayed 2 second(s)

2018-12-14 11:30:01 - [TEST_STEP][PASSED] - delay: Delayed 5 second(s)

2018-12-14 11:30:06 - [MESSAGE][PASSED] - Delayed 5 second(s)

2018-12-14 11:30:06 - [TEST_STEP][PASSED] - mouseOver: Object: 'Object Repository/Final Object Repo/Landing Page/WorkFlow Menu' is hovered

2018-12-14 11:30:06 - [MESSAGE][PASSED] - Object: 'Object Repository/Final Object Repo/Landing Page/WorkFlow Menu' is hovered

2018-12-14 11:30:06 - [TEST_STEP][PASSED] - delay: Delayed 2 second(s)

2018-12-14 11:30:08 - [MESSAGE][PASSED] - Delayed 2 second(s)

2018-12-14 11:30:08 - [TEST_STEP][PASSED] - click: Object: 'Object Repository/Final Object Repo/Landing Page/Select to Workflow Listing' is clicked on

2018-12-14 11:30:09 - [MESSAGE][PASSED] - Object: 'Object Repository/Final Object Repo/Landing Page/Select to Workflow Listing' is clicked on

2018-12-14 11:30:09 - [TEST_STEP][PASSED] - delay: Delayed 2 second(s)

2018-12-14 11:30:11 - [MESSAGE][PASSED] - Delayed 2 second(s)

2018-12-14 11:30:11 - [TEST_STEP][PASSED] - click: Object: 'Object Repository/Final Object Repo/WorkFlow Listing Page/Search Information - To Put Ref No' is clicked on

2018-12-14 11:30:12 - [MESSAGE][PASSED] - Object: 'Object Repository/Final Object Repo/WorkFlow Listing Page/Search Information - To Put Ref No' is clicked on

2018-12-14 11:30:12 - [TEST_STEP][PASSED] - delay: Delayed 2 second(s)

2018-12-14 11:30:14 - [MESSAGE][PASSED] - Delayed 2 second(s)

2018-12-14 11:30:14 - [TEST_STEP][PASSED] - callTestCase: Call Test Case 'Test Cases/Final Aug 2018 - PKS Automation/Common/Reference Number Getter' successfully

2018-12-14 11:30:14 - [TEST_CASE][PASSED] - Test Cases/Final Aug 2018 - PKS Automation/Common/Reference Number Getter: Test Cases/Final Aug 2018 - PKS Automation/Common/Reference Number Getter

2018-12-14 11:30:14 - [TEST_STEP][PASSED] - Statement - Try: null

2018-12-14 11:30:14 - [TEST_STEP][PASSED] - Statement - RefNo = new java.io.File(C://Users//Admin//Desktop//PKS//Automation Reference Point//KatalonReference.txt): null

2018-12-14 11:30:14 - [TEST_STEP][PASSED] - Statement - bufferread = new java.io.BufferedReader(new java.io.FileReader(RefNo)): null

2018-12-14 11:30:14 - [TEST_STEP][PASSED] - Statement - readedVal = bufferread.readLine(): null

2018-12-14 11:30:14 - [TEST_STEP][PASSED] - Statement - out.println(CaseReferenceNo): null

2018-12-14 11:30:14 - [TEST_STEP][PASSED] - Statement - out.println(readedVal): null

2018-12-14 11:30:14 - [TEST_STEP][PASSED] - Statement - CaseReferenceNo = "": null

2018-12-14 11:30:14 - [TEST_STEP][PASSED] - Statement - CaseReferenceNo = readedVal: null

2018-12-14 11:30:14 - [MESSAGE][PASSED] - Call Test Case 'Test Cases/Final Aug 2018 - PKS Automation/Common/Reference Number Getter' successfully

2018-12-14 11:30:14 - [TEST_STEP][PASSED] - setText: Text 'ERN122018C200002444' is set on object 'Object Repository/Final Object Repo/WorkFlow Listing Page/Ref No Set Text'

2018-12-14 11:30:14 - [MESSAGE][PASSED] - Text 'ERN122018C200002444' is set on object 'Object Repository/Final Object Repo/WorkFlow Listing Page/Ref No Set Text'

2018-12-14 11:30:14 - [TEST_STEP][PASSED] - delay: Delayed 2 second(s)

2018-12-14 11:30:16 - [MESSAGE][PASSED] - Delayed 2 second(s)

2018-12-14 11:30:16 - [TEST_STEP][PASSED] - click: Object: 'Object Repository/Final Object Repo/WorkFlow Listing Page/Search Ref No Search Button' is clicked on

2018-12-14 11:30:16 - [MESSAGE][PASSED] - Object: 'Object Repository/Final Object Repo/WorkFlow Listing Page/Search Ref No Search Button' is clicked on

2018-12-14 11:30:16 - [TEST_STEP][PASSED] - delay: Delayed 6 second(s)

2018-12-14 11:30:22 - [MESSAGE][PASSED] - Delayed 6 second(s)

2018-12-14 11:30:22 - [TEST_STEP][PASSED] - click: Object: 'Object Repository/Final Object Repo/WorkFlow Listing Page/Click Continue Tooltip' is clicked on

2018-12-14 11:30:23 - [MESSAGE][PASSED] - Object: 'Object Repository/Final Object Repo/WorkFlow Listing Page/Click Continue Tooltip' is clicked on

2018-12-14 11:30:23 - [TEST_STEP][PASSED] - delay: Delayed 5 second(s)

2018-12-14 11:30:28 - [MESSAGE][PASSED] - Delayed 5 second(s)

2018-12-14 11:30:28 - [TEST_STEP][PASSED] - doubleClick: Object: 'Object Repository/Final Object Repo/WorkFlow Listing Page/Workflow Found - Listing 1' is double clicked on

2018-12-14 11:30:29 - [MESSAGE][PASSED] - Object: 'Object Repository/Final Object Repo/WorkFlow Listing Page/Workflow Found - Listing 1' is double clicked on

2018-12-14 11:30:29 - [TEST_STEP][PASSED] - Statement - println(OwnerID): null

2018-12-14 11:30:29 - [TEST_STEP][PASSED] - Statement - OwnerID = com.kms.katalon.core.webui.keyword.WebUiBuiltInKeywords.getText(com.kms.katalon.core.testobject.ObjectRepository.findTestObject(Final Object Repo/WorkFlow Listing Page/Workflow Found - Listing 1), STOP_ON_FAILURE): Text of object 'Object Repository/Final Object Repo/WorkFlow Listing Page/Workflow Found - Listing 1' is: 'JOHORuo1'

2018-12-14 11:30:29 - [MESSAGE][PASSED] - Text of object 'Object Repository/Final Object Repo/WorkFlow Listing Page/Workflow Found - Listing 1' is: 'JOHORuo1'

2018-12-14 11:30:29 - [TEST_STEP][PASSED] - Statement - OwnerID = OwnerID.toLowerCase() + "@gmail.com": null

2018-12-14 11:30:29 - [TEST_STEP][PASSED] - Statement - println(OwnerID): null

2018-12-14 11:30:29 - [TEST_STEP][PASSED] - delay: Delayed 2 second(s)

2018-12-14 11:30:31 - [MESSAGE][PASSED] - Delayed 2 second(s)

2018-12-14 11:30:31 - [MESSAGE][PASSED] - Call Test Case 'Test Cases/Final Aug 2018 - PKS Automation/Common/Workflow Owner Finder' successfully

2018-12-14 11:30:31 - [TEST_STEP][PASSED] - delay: Delayed 1 second(s)

2018-12-14 11:30:32 - [MESSAGE][PASSED] - Delayed 1 second(s)

2018-12-14 11:30:32 - [TEST_STEP][PASSED] - navigateToUrl: Navigate to 'https://assist2-uat.perkeso.gov.my/c/portal/logout' successfully

2018-12-14 11:30:32 - [MESSAGE][PASSED] - Navigate to 'https://assist2-uat.perkeso.gov.my/c/portal/logout' successfully

2018-12-14 11:30:32 - [TEST_STEP][PASSED] - delay: Delayed 1 second(s)

2018-12-14 11:30:33 - [MESSAGE][PASSED] - Delayed 1 second(s)

2018-12-14 11:30:33 - [TEST_STEP][PASSED] - callTestCase: Call Test Case 'Test Cases/Final Aug 2018 - PKS Automation/Registration Module/Workflow/Login and Search Case For Workflow' successfully

2018-12-14 11:30:33 - [TEST_CASE][PASSED] - Test Cases/Final Aug 2018 - PKS Automation/Registration Module/Workflow/Login and Search Case For Workflow: Test Cases/Final Aug 2018 - PKS Automation/Registration Module/Workflow/Login and Search Case For Workflow

2018-12-14 11:30:33 - [TEST_STEP][PASSED] - navigateToUrl: Navigate to 'https://assist2-uat.perkeso.gov.my/login' successfully

2018-12-14 11:30:34 - [MESSAGE][PASSED] - Navigate to 'https://assist2-uat.perkeso.gov.my/login' successfully

2018-12-14 11:30:34 - [TEST_STEP][PASSED] - setText: Text 'johoruo1@gmail.com' is set on object 'Object Repository/Final Object Repo/Login Page/Internal User/Email Address'

2018-12-14 11:30:34 - [MESSAGE][PASSED] - Text 'johoruo1@gmail.com' is set on object 'Object Repository/Final Object Repo/Login Page/Internal User/Email Address'

2018-12-14 11:30:34 - [TEST_STEP][PASSED] - click: Object: 'Object Repository/Final Object Repo/Login Page/Internal User/Next Button' is clicked on

2018-12-14 11:30:35 - [MESSAGE][PASSED] - Object: 'Object Repository/Final Object Repo/Login Page/Internal User/Next Button' is clicked on

2018-12-14 11:30:35 - [TEST_STEP][PASSED] - delay: Delayed 1 second(s)

2018-12-14 11:30:36 - [MESSAGE][PASSED] - Delayed 1 second(s)

2018-12-14 11:30:36 - [TEST_STEP][PASSED] - setEncryptedText: Text ****** has been set on object 'Object Repository/Final Object Repo/Login Page/Internal User/Password'

2018-12-14 11:30:36 - [MESSAGE][PASSED] - Text ****** has been set on object 'Object Repository/Final Object Repo/Login Page/Internal User/Password'

2018-12-14 11:30:36 - [TEST_STEP][PASSED] - click: Object: 'Object Repository/Final Object Repo/Login Page/Internal User/Login Button' is clicked on

2018-12-14 11:30:36 - [MESSAGE][PASSED] - Object: 'Object Repository/Final Object Repo/Login Page/Internal User/Login Button' is clicked on

2018-12-14 11:30:36 - [TEST_STEP][PASSED] - delay: Delayed 2 second(s)

2018-12-14 11:30:38 - [MESSAGE][PASSED] - Delayed 2 second(s)

2018-12-14 11:30:38 - [TEST_STEP][PASSED] - Statement - Try: Delayed 2 second(s)

2018-12-14 11:30:38 - [TEST_STEP][PASSED] - Statement - Checker = false: null

2018-12-14 11:30:38 - [TEST_STEP][PASSED] - Statement - Checker = com.kms.katalon.core.webui.keyword.WebUiBuiltInKeywords.verifyElementHasAttribute(com.kms.katalon.core.testobject.ObjectRepository.findTestObject(Final Object Repo/Landing Page/BM Detecting), "href", 20, OPTIONAL): Object 'Object Repository/Final Object Repo/Landing Page/BM Detecting' has attribute 'href'

2018-12-14 11:30:39 - [MESSAGE][PASSED] - Object 'Object Repository/Final Object Repo/Landing Page/BM Detecting' has attribute 'href'

2018-12-14 11:30:39 - [TEST_STEP][PASSED] - Statement - out.println(Checker): null

2018-12-14 11:30:39 - [TEST_STEP][PASSED] - Statement - If (Checker == false): null

2018-12-14 11:30:39 - [TEST_STEP][PASSED] - Statement - Else: null

2018-12-14 11:30:39 - [TEST_STEP][PASSED] - delay: Delayed 2 second(s)

2018-12-14 11:30:41 - [MESSAGE][PASSED] - Delayed 2 second(s)

2018-12-14 11:30:41 - [TEST_STEP][PASSED] - click: Object: 'Object Repository/Final Object Repo/Page_MyASSIST - ASSIST - Search Pending Case For Add Supporting Document/Search Information' is clicked on

2018-12-14 11:30:41 - [MESSAGE][PASSED] - Object: 'Object Repository/Final Object Repo/Page_MyASSIST - ASSIST - Search Pending Case For Add Supporting Document/Search Information' is clicked on

2018-12-14 11:30:41 - [TEST_STEP][PASSED] - delay: Delayed 3 second(s)

2018-12-14 11:30:44 - [MESSAGE][PASSED] - Delayed 3 second(s)

2018-12-14 11:30:44 - [TEST_STEP][PASSED] - sendKeys: Keys 'ERN122018C200002444' sent to object: 'Object Repository/Final Object Repo/Page_MyASSIST - ASSIST - Search Pending Case For Add Supporting Document/Reference No'

2018-12-14 11:30:44 - [MESSAGE][PASSED] - Keys 'ERN122018C200002444' sent to object: 'Object Repository/Final Object Repo/Page_MyASSIST - ASSIST - Search Pending Case For Add Supporting Document/Reference No'

2018-12-14 11:30:44 - [TEST_STEP][PASSED] - click: Object: 'Object Repository/Final Object Repo/Page_MyASSIST - ASSIST - Search Pending Case For Add Supporting Document/Search Reference No' is clicked on

2018-12-14 11:30:44 - [MESSAGE][PASSED] - Object: 'Object Repository/Final Object Repo/Page_MyASSIST - ASSIST - Search Pending Case For Add Supporting Document/Search Reference No' is clicked on

2018-12-14 11:30:44 - [TEST_STEP][PASSED] - delay: Delayed 2 second(s)

2018-12-14 11:30:46 - [MESSAGE][PASSED] - Delayed 2 second(s)

2018-12-14 11:30:46 - [TEST_STEP][PASSED] - click: Object: 'Object Repository/Final Object Repo/Page_MyASSIST - ASSIST - Search Pending Case For Add Supporting Document/Continue' is clicked on

2018-12-14 11:30:50 - [MESSAGE][PASSED] - Object: 'Object Repository/Final Object Repo/Page_MyASSIST - ASSIST - Search Pending Case For Add Supporting Document/Continue' is clicked on

2018-12-14 11:30:50 - [TEST_STEP][PASSED] - delay: Delayed 20 second(s)

2018-12-14 11:31:10 - [MESSAGE][PASSED] - Delayed 20 second(s)

2018-12-14 11:31:10 - [MESSAGE][PASSED] - Call Test Case 'Test Cases/Final Aug 2018 - PKS Automation/Registration Module/Workflow/Login and Search Case For Workflow' successfully

2018-12-14 11:31:10 - [TEST_STEP][PASSED] - click: Object: 'Object Repository/Final Object Repo/Page_Form 3 EIS - Cessation as Employer/Page_Form 3 EIS - Cessation as Employer (Approve)/Save  Continue in Form 3 Page' is clicked on

2018-12-14 11:31:11 - [MESSAGE][PASSED] - Object: 'Object Repository/Final Object Repo/Page_Form 3 EIS - Cessation as Employer/Page_Form 3 EIS - Cessation as Employer (Approve)/Save  Continue in Form 3 Page' is clicked on

2018-12-14 11:31:11 - [TEST_STEP][PASSED] - delay: Delayed 4 second(s)

2018-12-14 11:31:15 - [MESSAGE][PASSED] - Delayed 4 second(s)

2018-12-14 11:31:15 - [TEST_STEP][PASSED] - click: Object: 'Object Repository/Final Object Repo/Page_Form 3 EIS - Cessation as Employer/Page_Form 3 EIS - Cessation as Employer (Approve)/Save  Continue in Resigned Page' is clicked on

2018-12-14 11:31:15 - [MESSAGE][PASSED] - Object: 'Object Repository/Final Object Repo/Page_Form 3 EIS - Cessation as Employer/Page_Form 3 EIS - Cessation as Employer (Approve)/Save  Continue in Resigned Page' is clicked on

2018-12-14 11:31:15 - [TEST_STEP][PASSED] - delay: Delayed 2 second(s)

2018-12-14 11:31:17 - [MESSAGE][PASSED] - Delayed 2 second(s)

2018-12-14 11:31:17 - [TEST_STEP][PASSED] - setText: Text 'Remark' is set on object 'Object Repository/Final Object Repo/Page_Form 3 EIS - Cessation as Employer/Page_Form 3 EIS - Cessation as Employer (Query)/Query - Remark'

2018-12-14 11:31:18 - [MESSAGE][PASSED] - Text 'Remark' is set on object 'Object Repository/Final Object Repo/Page_Form 3 EIS - Cessation as Employer/Page_Form 3 EIS - Cessation as Employer (Query)/Query - Remark'

2018-12-14 11:31:18 - [TEST_STEP][PASSED] - delay: Delayed 2 second(s)

2018-12-14 11:31:20 - [MESSAGE][PASSED] - Delayed 2 second(s)

2018-12-14 11:31:20 - [TEST_STEP][PASSED] - click: Object: 'Object Repository/Final Object Repo/Page_Form 3 EIS - Cessation as Employer/Page_Form 3 EIS - Cessation as Employer (Query)/Save  Continue' is clicked on

2018-12-14 11:31:20 - [MESSAGE][PASSED] - Object: 'Object Repository/Final Object Repo/Page_Form 3 EIS - Cessation as Employer/Page_Form 3 EIS - Cessation as Employer (Query)/Save  Continue' is clicked on

2018-12-14 11:31:20 - [TEST_STEP][PASSED] - delay: Delayed 2 second(s)

2018-12-14 11:31:22 - [MESSAGE][PASSED] - Delayed 2 second(s)

2018-12-14 11:31:22 - [TEST_STEP][PASSED] - click: Object: 'Object Repository/Final Object Repo/Page_Form 3 EIS - Cessation as Employer/Page_Form 3 EIS - Cessation as Employer (Query)/Query' is clicked on

2018-12-14 11:31:25 - [MESSAGE][PASSED] - Object: 'Object Repository/Final Object Repo/Page_Form 3 EIS - Cessation as Employer/Page_Form 3 EIS - Cessation as Employer (Query)/Query' is clicked on

2018-12-14 11:31:25 - [TEST_STEP][PASSED] - delay: Delayed 2 second(s)

2018-12-14 11:31:27 - [MESSAGE][PASSED] - Delayed 2 second(s)

2018-12-14 11:31:27 - [TEST_STEP][PASSED] - click: Object: 'Object Repository/Final Object Repo/Page_Form 3 EIS - Cessation as Employer/Page_Form 3 EIS - Cessation as Employer (Query)/Confirm' is clicked on

2018-12-14 11:31:35 - [MESSAGE][PASSED] - Object: 'Object Repository/Final Object Repo/Page_Form 3 EIS - Cessation as Employer/Page_Form 3 EIS - Cessation as Employer (Query)/Confirm' is clicked on

2018-12-14 11:31:35 - [TEST_STEP][PASSED] - delay: Delayed 2 second(s)

2018-12-14 11:31:37 - [MESSAGE][PASSED] - Delayed 2 second(s)

2018-12-14 11:31:37 - [TEST_STEP][PASSED] - click: Object: 'Object Repository/Final Object Repo/Page_Form 3 EIS - Cessation as Employer/Page_Form 3 EIS - Cessation as Employer (Query)/Message The Case Is Under Query' is clicked on

2018-12-14 11:31:38 - [MESSAGE][PASSED] - Object: 'Object Repository/Final Object Repo/Page_Form 3 EIS - Cessation as Employer/Page_Form 3 EIS - Cessation as Employer (Query)/Message The Case Is Under Query' is clicked on

2018-12-14 11:31:38 - [TEST_STEP][PASSED] - click: Object: 'Object Repository/Final Object Repo/Page_Form 3 EIS - Cessation as Employer/Page_Form 3 EIS - Cessation as Employer (Query)/Letter of inquiry' is clicked on

2018-12-14 11:31:38 - [MESSAGE][PASSED] - Object: 'Object Repository/Final Object Repo/Page_Form 3 EIS - Cessation as Employer/Page_Form 3 EIS - Cessation as Employer (Query)/Letter of inquiry' is clicked on

2018-12-14 11:31:38 - [TEST_STEP][PASSED] - delay: Delayed 1 second(s)

2018-12-14 11:31:39 - [MESSAGE][PASSED] - Delayed 1 second(s)

2018-12-14 11:31:39 - [TEST_STEP][PASSED] - navigateToUrl: Navigate to 'https://assist2-uat.perkeso.gov.my/c/portal/logout' successfully

2018-12-14 11:31:40 - [MESSAGE][PASSED] - Navigate to 'https://assist2-uat.perkeso.gov.my/c/portal/logout' successfully

2018-12-14 11:31:40 - [TEST_STEP][PASSED] - delay: Delayed 1 second(s)

2018-12-14 11:31:41 - [MESSAGE][PASSED] - Delayed 1 second(s)

2018-12-14 11:31:41 - [TEST_STEP][PASSED] - callTestCase: Call Test Case 'Test Cases/Final Aug 2018 - PKS Automation/Registration Module/Workflow/Login and Search Case For Workflow' successfully

2018-12-14 11:31:41 - [TEST_CASE][PASSED] - Test Cases/Final Aug 2018 - PKS Automation/Registration Module/Workflow/Login and Search Case For Workflow: Test Cases/Final Aug 2018 - PKS Automation/Registration Module/Workflow/Login and Search Case For Workflow

2018-12-14 11:31:41 - [TEST_STEP][PASSED] - navigateToUrl: Navigate to 'https://assist2-uat.perkeso.gov.my/login' successfully

2018-12-14 11:31:41 - [MESSAGE][PASSED] - Navigate to 'https://assist2-uat.perkeso.gov.my/login' successfully

2018-12-14 11:31:41 - [TEST_STEP][PASSED] - setText: Text 'johoruo1@gmail.com' is set on object 'Object Repository/Final Object Repo/Login Page/Internal User/Email Address'

2018-12-14 11:31:42 - [MESSAGE][PASSED] - Text 'johoruo1@gmail.com' is set on object 'Object Repository/Final Object Repo/Login Page/Internal User/Email Address'

2018-12-14 11:31:42 - [TEST_STEP][PASSED] - click: Object: 'Object Repository/Final Object Repo/Login Page/Internal User/Next Button' is clicked on

2018-12-14 11:31:42 - [MESSAGE][PASSED] - Object: 'Object Repository/Final Object Repo/Login Page/Internal User/Next Button' is clicked on

2018-12-14 11:31:42 - [TEST_STEP][PASSED] - delay: Delayed 1 second(s)

2018-12-14 11:31:43 - [MESSAGE][PASSED] - Delayed 1 second(s)

2018-12-14 11:31:43 - [TEST_STEP][PASSED] - setEncryptedText: Text ****** has been set on object 'Object Repository/Final Object Repo/Login Page/Internal User/Password'

2018-12-14 11:31:43 - [MESSAGE][PASSED] - Text ****** has been set on object 'Object Repository/Final Object Repo/Login Page/Internal User/Password'

2018-12-14 11:31:43 - [TEST_STEP][PASSED] - click: Object: 'Object Repository/Final Object Repo/Login Page/Internal User/Login Button' is clicked on

2018-12-14 11:31:44 - [MESSAGE][PASSED] - Object: 'Object Repository/Final Object Repo/Login Page/Internal User/Login Button' is clicked on

2018-12-14 11:31:44 - [TEST_STEP][PASSED] - delay: Delayed 2 second(s)

2018-12-14 11:31:46 - [MESSAGE][PASSED] - Delayed 2 second(s)

2018-12-14 11:31:46 - [TEST_STEP][PASSED] - Statement - Try: Delayed 2 second(s)

2018-12-14 11:31:46 - [TEST_STEP][PASSED] - Statement - Checker = false: null

2018-12-14 11:31:46 - [TEST_STEP][PASSED] - Statement - Checker = com.kms.katalon.core.webui.keyword.WebUiBuiltInKeywords.verifyElementHasAttribute(com.kms.katalon.core.testobject.ObjectRepository.findTestObject(Final Object Repo/Landing Page/BM Detecting), "href", 20, OPTIONAL): Object 'Object Repository/Final Object Repo/Landing Page/BM Detecting' has attribute 'href'

2018-12-14 11:31:46 - [MESSAGE][PASSED] - Object 'Object Repository/Final Object Repo/Landing Page/BM Detecting' has attribute 'href'

2018-12-14 11:31:46 - [TEST_STEP][PASSED] - Statement - out.println(Checker): null

2018-12-14 11:31:46 - [TEST_STEP][PASSED] - Statement - If (Checker == false): null

2018-12-14 11:31:46 - [TEST_STEP][PASSED] - Statement - Else: null

2018-12-14 11:31:46 - [TEST_STEP][PASSED] - delay: Delayed 2 second(s)

2018-12-14 11:31:48 - [MESSAGE][PASSED] - Delayed 2 second(s)

2018-12-14 11:31:48 - [TEST_STEP][PASSED] - click: Object: 'Object Repository/Final Object Repo/Page_MyASSIST - ASSIST - Search Pending Case For Add Supporting Document/Search Information' is clicked on

2018-12-14 11:31:48 - [MESSAGE][PASSED] - Object: 'Object Repository/Final Object Repo/Page_MyASSIST - ASSIST - Search Pending Case For Add Supporting Document/Search Information' is clicked on

2018-12-14 11:31:48 - [TEST_STEP][PASSED] - delay: Delayed 3 second(s)

2018-12-14 11:31:51 - [MESSAGE][PASSED] - Delayed 3 second(s)

2018-12-14 11:31:51 - [TEST_STEP][PASSED] - sendKeys: Keys 'ERN122018C200002444' sent to object: 'Object Repository/Final Object Repo/Page_MyASSIST - ASSIST - Search Pending Case For Add Supporting Document/Reference No'

2018-12-14 11:31:51 - [MESSAGE][PASSED] - Keys 'ERN122018C200002444' sent to object: 'Object Repository/Final Object Repo/Page_MyASSIST - ASSIST - Search Pending Case For Add Supporting Document/Reference No'

2018-12-14 11:31:51 - [TEST_STEP][PASSED] - click: Object: 'Object Repository/Final Object Repo/Page_MyASSIST - ASSIST - Search Pending Case For Add Supporting Document/Search Reference No' is clicked on

2018-12-14 11:31:51 - [MESSAGE][PASSED] - Object: 'Object Repository/Final Object Repo/Page_MyASSIST - ASSIST - Search Pending Case For Add Supporting Document/Search Reference No' is clicked on

2018-12-14 11:31:51 - [TEST_STEP][PASSED] - delay: Delayed 2 second(s)

2018-12-14 11:31:53 - [MESSAGE][PASSED] - Delayed 2 second(s)

2018-12-14 11:31:53 - [TEST_STEP][PASSED] - click: Object: 'Object Repository/Final Object Repo/Page_MyASSIST - ASSIST - Search Pending Case For Add Supporting Document/Continue' is clicked on

2018-12-14 11:31:57 - [MESSAGE][PASSED] - Object: 'Object Repository/Final Object Repo/Page_MyASSIST - ASSIST - Search Pending Case For Add Supporting Document/Continue' is clicked on

2018-12-14 11:31:57 - [TEST_STEP][PASSED] - delay: Delayed 20 second(s)

2018-12-14 11:32:17 - [MESSAGE][PASSED] - Delayed 20 second(s)

2018-12-14 11:32:17 - [MESSAGE][PASSED] - Call Test Case 'Test Cases/Final Aug 2018 - PKS Automation/Registration Module/Workflow/Login and Search Case For Workflow' successfully

2018-12-14 11:32:17 - [TEST_STEP][PASSED] - navigateToUrl: Navigate to 'https://assist2-uat.perkeso.gov.my/web/registration/eis-update/form-3-eis-cessation-as-employer?p_p_id=searchforemployersip_WAR_registrationportlet&p_p_lifecycle=0&_searchforemployersip_WAR_registrationportlet_regViewKey=87&_searchforemployersip_WAR_registrationportlet_browserIdKey=1536115932192&_searchforemployersip_WAR_registrationportlet_tempEmployerIdKey=128990&_searchforemployersip_WAR_registrationportlet_employerIdKey=&_searchforemployersip_WAR_registrationportlet_refCaseNo=ERN092018C200002133&_searchforemployersip_WAR_registrationportlet_mvcPath=%2Fapps%2Freg%2Fdiscontinue_business_sip%2Fdiscontinue_business_sip_form.jsp&_searchforemployersip_WAR_registrationportlet_regSectionKey=215' successfully

2018-12-14 11:32:20 - [MESSAGE][PASSED] - Navigate to 'https://assist2-uat.perkeso.gov.my/web/registration/eis-update/form-3-eis-cessation-as-employer?p_p_id=searchforemployersip_WAR_registrationportlet&p_p_lifecycle=0&_searchforemployersip_WAR_registrationportlet_regViewKey=87&_searchforemployersip_WAR_registrationportlet_browserIdKey=1536115932192&_searchforemployersip_WAR_registrationportlet_tempEmployerIdKey=128990&_searchforemployersip_WAR_registrationportlet_employerIdKey=&_searchforemployersip_WAR_registrationportlet_refCaseNo=ERN092018C200002133&_searchforemployersip_WAR_registrationportlet_mvcPath=%2Fapps%2Freg%2Fdiscontinue_business_sip%2Fdiscontinue_business_sip_form.jsp&_searchforemployersip_WAR_registrationportlet_regSectionKey=215' successfully

2018-12-14 11:32:20 - [TEST_STEP][PASSED] - delay: Delayed 5 second(s)

2018-12-14 11:32:25 - [MESSAGE][PASSED] - Delayed 5 second(s)

2018-12-14 11:32:25 - [TEST_STEP][FAILED] - click: Unable to click on object 'Object Repository/Final Object Repo/Page_Form 3 EIS - Cessation as Employer/Page_Form 3 EIS - Cessation as Employer (Query - OTC - UO)/Next' (Root cause: com.kms.katalon.core.webui.exception.WebElementNotFoundException: Web element with id: 'Object Repository/Final Object Repo/Page_Form 3 EIS - Cessation as Employer/Page_Form 3 EIS - Cessation as Employer (Query - OTC - UO)/Next' located by 'By.xpath: //a[(text() = ' NEXT
						' or . = ' NEXT
						')]' not found)

2018-12-14 11:32:58 - [MESSAGE][FAILED] - Unable to click on object 'Object Repository/Final Object Repo/Page_Form 3 EIS - Cessation as Employer/Page_Form 3 EIS - Cessation as Employer (Query - OTC - UO)/Next' (Root cause: com.kms.katalon.core.webui.exception.WebElementNotFoundException: Web element with id: 'Object Repository/Final Object Repo/Page_Form 3 EIS - Cessation as Employer/Page_Form 3 EIS - Cessation as Employer (Query - OTC - UO)/Next' located by 'By.xpath: //a[(text() = ' NEXT
						' or . = ' NEXT
						')]' not found)
[[ATTACHMENT|C:\\Users\\Admin\\Desktop\\PKS\\Perkeso Phase A\\Reports\\Workflow\\Form 3 EIS - Cessation as Employer\\20181214_094343\\1544758378152.png]]

2018-12-14 11:32:58 - [TEST_STEP][PASSED] - delay: Delayed 2 second(s)

2018-12-14 11:33:00 - [MESSAGE][PASSED] - Delayed 2 second(s)

2018-12-14 11:33:00 - [TEST_STEP][FAILED] - click: Unable to click on object 'Object Repository/Final Object Repo/Page_Form 3 EIS - Cessation as Employer/Page_Form 3 EIS - Cessation as Employer (Query - OTC - UO)/Next in Resigned Page' (Root cause: com.kms.katalon.core.webui.exception.WebElementNotFoundException: Web element with id: 'Object Repository/Final Object Repo/Page_Form 3 EIS - Cessation as Employer/Page_Form 3 EIS - Cessation as Employer (Query - OTC - UO)/Next in Resigned Page' located by 'By.xpath: //a[(text() = ' NEXT
					' or . = ' NEXT
					')]' not found)

2018-12-14 11:33:33 - [MESSAGE][FAILED] - Unable to click on object 'Object Repository/Final Object Repo/Page_Form 3 EIS - Cessation as Employer/Page_Form 3 EIS - Cessation as Employer (Query - OTC - UO)/Next in Resigned Page' (Root cause: com.kms.katalon.core.webui.exception.WebElementNotFoundException: Web element with id: 'Object Repository/Final Object Repo/Page_Form 3 EIS - Cessation as Employer/Page_Form 3 EIS - Cessation as Employer (Query - OTC - UO)/Next in Resigned Page' located by 'By.xpath: //a[(text() = ' NEXT
					' or . = ' NEXT
					')]' not found)
[[ATTACHMENT|C:\\Users\\Admin\\Desktop\\PKS\\Perkeso Phase A\\Reports\\Workflow\\Form 3 EIS - Cessation as Employer\\20181214_094343\\1544758412895.png]]

2018-12-14 11:33:33 - [TEST_STEP][PASSED] - delay: Delayed 2 second(s)

2018-12-14 11:33:35 - [MESSAGE][PASSED] - Delayed 2 second(s)

2018-12-14 11:33:35 - [TEST_STEP][FAILED] - click: Unable to click on object 'Object Repository/Final Object Repo/Page_Form 3 EIS - Cessation as Employer/Page_Form 3 EIS - Cessation as Employer (Query - OTC - UO)/Add Document' (Root cause: com.kms.katalon.core.webui.exception.WebElementNotFoundException: Web element with id: 'Object Repository/Final Object Repo/Page_Form 3 EIS - Cessation as Employer/Page_Form 3 EIS - Cessation as Employer (Query - OTC - UO)/Add Document' located by 'By.xpath: //a[(text() = '
					ADD DOCUMENT
	             ' or . = '
					ADD DOCUMENT
	             ')]' not found)

2018-12-14 11:34:08 - [MESSAGE][FAILED] - Unable to click on object 'Object Repository/Final Object Repo/Page_Form 3 EIS - Cessation as Employer/Page_Form 3 EIS - Cessation as Employer (Query - OTC - UO)/Add Document' (Root cause: com.kms.katalon.core.webui.exception.WebElementNotFoundException: Web element with id: 'Object Repository/Final Object Repo/Page_Form 3 EIS - Cessation as Employer/Page_Form 3 EIS - Cessation as Employer (Query - OTC - UO)/Add Document' located by 'By.xpath: //a[(text() = '
					ADD DOCUMENT
	             ' or . = '
					ADD DOCUMENT
	             ')]' not found)
[[ATTACHMENT|C:\\Users\\Admin\\Desktop\\PKS\\Perkeso Phase A\\Reports\\Workflow\\Form 3 EIS - Cessation as Employer\\20181214_094343\\1544758448126.png]]

2018-12-14 11:34:08 - [TEST_STEP][PASSED] - delay: Delayed 2 second(s)

2018-12-14 11:34:10 - [MESSAGE][PASSED] - Delayed 2 second(s)

2018-12-14 11:34:10 - [TEST_STEP][FAILED] - click: Unable to click on object 'Object Repository/Final Object Repo/Page_Form 3 EIS - Cessation as Employer/Page_Form 3 EIS - Cessation as Employer (Query - OTC - UO)/Document Type' (Root cause: com.kms.katalon.core.webui.exception.WebElementNotFoundException: Web element with id: 'Object Repository/Final Object Repo/Page_Form 3 EIS - Cessation as Employer/Page_Form 3 EIS - Cessation as Employer (Query - OTC - UO)/Document Type' located by 'By.xpath: //span[@aria-labelledby = 'select2-_searchforemployersip_WAR_registrationportlet_objdocTypeId-container']' not found)

2018-12-14 11:34:47 - [MESSAGE][FAILED] - Unable to click on object 'Object Repository/Final Object Repo/Page_Form 3 EIS - Cessation as Employer/Page_Form 3 EIS - Cessation as Employer (Query - OTC - UO)/Document Type' (Root cause: com.kms.katalon.core.webui.exception.WebElementNotFoundException: Web element with id: 'Object Repository/Final Object Repo/Page_Form 3 EIS - Cessation as Employer/Page_Form 3 EIS - Cessation as Employer (Query - OTC - UO)/Document Type' located by 'By.xpath: //span[@aria-labelledby = 'select2-_searchforemployersip_WAR_registrationportlet_objdocTypeId-container']' not found)
[[ATTACHMENT|C:\\Users\\Admin\\Desktop\\PKS\\Perkeso Phase A\\Reports\\Workflow\\Form 3 EIS - Cessation as Employer\\20181214_094343\\1544758487281.png]]

2018-12-14 11:34:47 - [TEST_STEP][PASSED] - delay: Delayed 2 second(s)

2018-12-14 11:34:49 - [MESSAGE][PASSED] - Delayed 2 second(s)

2018-12-14 11:34:49 - [TEST_STEP][FAILED] - click: Unable to click on object 'Object Repository/Final Object Repo/Page_Form 3 EIS - Cessation as Employer/Page_Form 3 EIS - Cessation as Employer (Query - OTC - UO)/Document Type - Others' (Root cause: com.kms.katalon.core.webui.exception.WebElementNotFoundException: Web element with id: 'Object Repository/Final Object Repo/Page_Form 3 EIS - Cessation as Employer/Page_Form 3 EIS - Cessation as Employer (Query - OTC - UO)/Document Type - Others' located by 'By.xpath: //span[(text() = '


	Others
' or . = '


	Others
')]' not found)

2018-12-14 11:35:21 - [MESSAGE][FAILED] - Unable to click on object 'Object Repository/Final Object Repo/Page_Form 3 EIS - Cessation as Employer/Page_Form 3 EIS - Cessation as Employer (Query - OTC - UO)/Document Type - Others' (Root cause: com.kms.katalon.core.webui.exception.WebElementNotFoundException: Web element with id: 'Object Repository/Final Object Repo/Page_Form 3 EIS - Cessation as Employer/Page_Form 3 EIS - Cessation as Employer (Query - OTC - UO)/Document Type - Others' located by 'By.xpath: //span[(text() = '


	Others
' or . = '


	Others
')]' not found)
[[ATTACHMENT|C:\\Users\\Admin\\Desktop\\PKS\\Perkeso Phase A\\Reports\\Workflow\\Form 3 EIS - Cessation as Employer\\20181214_094343\\1544758521173.png]]

2018-12-14 11:35:21 - [TEST_STEP][PASSED] - delay: Delayed 2 second(s)

2018-12-14 11:35:23 - [MESSAGE][PASSED] - Delayed 2 second(s)

2018-12-14 11:35:23 - [TEST_STEP][FAILED] - sendKeys: Unable to send keys 'C:\Users\Public\Pictures\Sample Pictures\Koala.jpg' to object 'Object Repository/Final Object Repo/Page_Form 3 EIS - Cessation as Employer/Page_Form 3 EIS - Cessation as Employer (Query - OTC - UO)/ploading File' (Root cause: com.kms.katalon.core.webui.exception.WebElementNotFoundException: Web element with id: 'Object Repository/Final Object Repo/Page_Form 3 EIS - Cessation as Employer/Page_Form 3 EIS - Cessation as Employer (Query - OTC - UO)/ploading File' located by 'By.xpath: //input[@type = 'file' and @id = '_searchforemployersip_WAR_registrationportlet_uploadFile']' not found)

2018-12-14 11:35:56 - [MESSAGE][FAILED] - Unable to send keys 'C:\Users\Public\Pictures\Sample Pictures\Koala.jpg' to object 'Object Repository/Final Object Repo/Page_Form 3 EIS - Cessation as Employer/Page_Form 3 EIS - Cessation as Employer (Query - OTC - UO)/ploading File' (Root cause: com.kms.katalon.core.webui.exception.WebElementNotFoundException: Web element with id: 'Object Repository/Final Object Repo/Page_Form 3 EIS - Cessation as Employer/Page_Form 3 EIS - Cessation as Employer (Query - OTC - UO)/ploading File' located by 'By.xpath: //input[@type = 'file' and @id = '_searchforemployersip_WAR_registrationportlet_uploadFile']' not found)
[[ATTACHMENT|C:\\Users\\Admin\\Desktop\\PKS\\Perkeso Phase A\\Reports\\Workflow\\Form 3 EIS - Cessation as Employer\\20181214_094343\\1544758556243.png]]

2018-12-14 11:35:56 - [TEST_STEP][PASSED] - delay: Delayed 2 second(s)

2018-12-14 11:35:58 - [MESSAGE][PASSED] - Delayed 2 second(s)

2018-12-14 11:35:58 - [TEST_STEP][FAILED] - click: Unable to click on object 'Object Repository/Final Object Repo/Page_Form 3 EIS - Cessation as Employer/Page_Form 3 EIS - Cessation as Employer (Query - OTC - UO)/Add Document in Uploading Page' (Root cause: com.kms.katalon.core.webui.exception.WebElementNotFoundException: Web element with id: 'Object Repository/Final Object Repo/Page_Form 3 EIS - Cessation as Employer/Page_Form 3 EIS - Cessation as Employer (Query - OTC - UO)/Add Document in Uploading Page' located by 'By.xpath: //a[(text() = '
										ADD DOCUMENT
								     ' or . = '
										ADD DOCUMENT
								     ')]' not found)

2018-12-14 11:36:32 - [MESSAGE][FAILED] - Unable to click on object 'Object Repository/Final Object Repo/Page_Form 3 EIS - Cessation as Employer/Page_Form 3 EIS - Cessation as Employer (Query - OTC - UO)/Add Document in Uploading Page' (Root cause: com.kms.katalon.core.webui.exception.WebElementNotFoundException: Web element with id: 'Object Repository/Final Object Repo/Page_Form 3 EIS - Cessation as Employer/Page_Form 3 EIS - Cessation as Employer (Query - OTC - UO)/Add Document in Uploading Page' located by 'By.xpath: //a[(text() = '
										ADD DOCUMENT
								     ' or . = '
										ADD DOCUMENT
								     ')]' not found)
[[ATTACHMENT|C:\\Users\\Admin\\Desktop\\PKS\\Perkeso Phase A\\Reports\\Workflow\\Form 3 EIS - Cessation as Employer\\20181214_094343\\1544758592502.png]]

2018-12-14 11:36:32 - [TEST_STEP][PASSED] - delay: Delayed 2 second(s)

2018-12-14 11:36:34 - [MESSAGE][PASSED] - Delayed 2 second(s)

2018-12-14 11:36:34 - [TEST_STEP][FAILED] - click: Unable to click on object 'Object Repository/Final Object Repo/Page_Form 3 EIS - Cessation as Employer/Page_Form 3 EIS - Cessation as Employer (Query - OTC - UO)/Exit' (Root cause: com.kms.katalon.core.webui.exception.WebElementNotFoundException: Web element with id: 'Object Repository/Final Object Repo/Page_Form 3 EIS - Cessation as Employer/Page_Form 3 EIS - Cessation as Employer (Query - OTC - UO)/Exit' located by 'By.xpath: //a[(text() = '
									EXIT
				                ' or . = '
									EXIT
				                ')]' not found)

2018-12-14 11:37:08 - [MESSAGE][FAILED] - Unable to click on object 'Object Repository/Final Object Repo/Page_Form 3 EIS - Cessation as Employer/Page_Form 3 EIS - Cessation as Employer (Query - OTC - UO)/Exit' (Root cause: com.kms.katalon.core.webui.exception.WebElementNotFoundException: Web element with id: 'Object Repository/Final Object Repo/Page_Form 3 EIS - Cessation as Employer/Page_Form 3 EIS - Cessation as Employer (Query - OTC - UO)/Exit' located by 'By.xpath: //a[(text() = '
									EXIT
				                ' or . = '
									EXIT
				                ')]' not found)
[[ATTACHMENT|C:\\Users\\Admin\\Desktop\\PKS\\Perkeso Phase A\\Reports\\Workflow\\Form 3 EIS - Cessation as Employer\\20181214_094343\\1544758627870.png]]

2018-12-14 11:37:08 - [TEST_STEP][PASSED] - delay: Delayed 1 second(s)

2018-12-14 11:37:09 - [MESSAGE][PASSED] - Delayed 1 second(s)

2018-12-14 11:37:09 - [TEST_STEP][PASSED] - navigateToUrl: Navigate to 'https://assist2-uat.perkeso.gov.my/c/portal/logout' successfully

2018-12-14 11:37:09 - [MESSAGE][PASSED] - Navigate to 'https://assist2-uat.perkeso.gov.my/c/portal/logout' successfully

2018-12-14 11:37:09 - [TEST_STEP][PASSED] - delay: Delayed 1 second(s)

2018-12-14 11:37:10 - [MESSAGE][PASSED] - Delayed 1 second(s)

2018-12-14 11:37:10 - [TEST_STEP][PASSED] - callTestCase: Call Test Case 'Test Cases/Final Aug 2018 - PKS Automation/Registration Module/Workflow/Login and Search Case For Workflow' successfully

2018-12-14 11:37:10 - [TEST_CASE][PASSED] - Test Cases/Final Aug 2018 - PKS Automation/Registration Module/Workflow/Login and Search Case For Workflow: Test Cases/Final Aug 2018 - PKS Automation/Registration Module/Workflow/Login and Search Case For Workflow

2018-12-14 11:37:10 - [TEST_STEP][PASSED] - navigateToUrl: Navigate to 'https://assist2-uat.perkeso.gov.my/login' successfully

2018-12-14 11:37:11 - [MESSAGE][PASSED] - Navigate to 'https://assist2-uat.perkeso.gov.my/login' successfully

2018-12-14 11:37:11 - [TEST_STEP][PASSED] - setText: Text 'johoruo1@gmail.com' is set on object 'Object Repository/Final Object Repo/Login Page/Internal User/Email Address'

2018-12-14 11:37:11 - [MESSAGE][PASSED] - Text 'johoruo1@gmail.com' is set on object 'Object Repository/Final Object Repo/Login Page/Internal User/Email Address'

2018-12-14 11:37:11 - [TEST_STEP][PASSED] - click: Object: 'Object Repository/Final Object Repo/Login Page/Internal User/Next Button' is clicked on

2018-12-14 11:37:11 - [MESSAGE][PASSED] - Object: 'Object Repository/Final Object Repo/Login Page/Internal User/Next Button' is clicked on

2018-12-14 11:37:11 - [TEST_STEP][PASSED] - delay: Delayed 1 second(s)

2018-12-14 11:37:13 - [MESSAGE][PASSED] - Delayed 1 second(s)

2018-12-14 11:37:13 - [TEST_STEP][PASSED] - setEncryptedText: Text ****** has been set on object 'Object Repository/Final Object Repo/Login Page/Internal User/Password'

2018-12-14 11:37:13 - [MESSAGE][PASSED] - Text ****** has been set on object 'Object Repository/Final Object Repo/Login Page/Internal User/Password'

2018-12-14 11:37:13 - [TEST_STEP][PASSED] - click: Object: 'Object Repository/Final Object Repo/Login Page/Internal User/Login Button' is clicked on

2018-12-14 11:37:13 - [MESSAGE][PASSED] - Object: 'Object Repository/Final Object Repo/Login Page/Internal User/Login Button' is clicked on

2018-12-14 11:37:13 - [TEST_STEP][PASSED] - delay: Delayed 2 second(s)

2018-12-14 11:37:15 - [MESSAGE][PASSED] - Delayed 2 second(s)

2018-12-14 11:37:15 - [TEST_STEP][PASSED] - Statement - Try: Delayed 2 second(s)

2018-12-14 11:37:15 - [TEST_STEP][PASSED] - Statement - Checker = false: null

2018-12-14 11:37:15 - [TEST_STEP][PASSED] - Statement - Checker = com.kms.katalon.core.webui.keyword.WebUiBuiltInKeywords.verifyElementHasAttribute(com.kms.katalon.core.testobject.ObjectRepository.findTestObject(Final Object Repo/Landing Page/BM Detecting), "href", 20, OPTIONAL): Object 'Object Repository/Final Object Repo/Landing Page/BM Detecting' has attribute 'href'

2018-12-14 11:37:15 - [MESSAGE][PASSED] - Object 'Object Repository/Final Object Repo/Landing Page/BM Detecting' has attribute 'href'

2018-12-14 11:37:15 - [TEST_STEP][PASSED] - Statement - out.println(Checker): null

2018-12-14 11:37:15 - [TEST_STEP][PASSED] - Statement - If (Checker == false): null

2018-12-14 11:37:15 - [TEST_STEP][PASSED] - Statement - Else: null

2018-12-14 11:37:15 - [TEST_STEP][PASSED] - delay: Delayed 2 second(s)

2018-12-14 11:37:17 - [MESSAGE][PASSED] - Delayed 2 second(s)

2018-12-14 11:37:17 - [TEST_STEP][PASSED] - click: Object: 'Object Repository/Final Object Repo/Page_MyASSIST - ASSIST - Search Pending Case For Add Supporting Document/Search Information' is clicked on

2018-12-14 11:37:17 - [MESSAGE][PASSED] - Object: 'Object Repository/Final Object Repo/Page_MyASSIST - ASSIST - Search Pending Case For Add Supporting Document/Search Information' is clicked on

2018-12-14 11:37:17 - [TEST_STEP][PASSED] - delay: Delayed 3 second(s)

2018-12-14 11:37:20 - [MESSAGE][PASSED] - Delayed 3 second(s)

2018-12-14 11:37:20 - [TEST_STEP][PASSED] - sendKeys: Keys 'ERN122018C200002444' sent to object: 'Object Repository/Final Object Repo/Page_MyASSIST - ASSIST - Search Pending Case For Add Supporting Document/Reference No'

2018-12-14 11:37:20 - [MESSAGE][PASSED] - Keys 'ERN122018C200002444' sent to object: 'Object Repository/Final Object Repo/Page_MyASSIST - ASSIST - Search Pending Case For Add Supporting Document/Reference No'

2018-12-14 11:37:20 - [TEST_STEP][PASSED] - click: Object: 'Object Repository/Final Object Repo/Page_MyASSIST - ASSIST - Search Pending Case For Add Supporting Document/Search Reference No' is clicked on

2018-12-14 11:37:21 - [MESSAGE][PASSED] - Object: 'Object Repository/Final Object Repo/Page_MyASSIST - ASSIST - Search Pending Case For Add Supporting Document/Search Reference No' is clicked on

2018-12-14 11:37:21 - [TEST_STEP][PASSED] - delay: Delayed 2 second(s)

2018-12-14 11:37:23 - [MESSAGE][PASSED] - Delayed 2 second(s)

2018-12-14 11:37:23 - [TEST_STEP][PASSED] - click: Object: 'Object Repository/Final Object Repo/Page_MyASSIST - ASSIST - Search Pending Case For Add Supporting Document/Continue' is clicked on

2018-12-14 11:37:26 - [MESSAGE][PASSED] - Object: 'Object Repository/Final Object Repo/Page_MyASSIST - ASSIST - Search Pending Case For Add Supporting Document/Continue' is clicked on

2018-12-14 11:37:26 - [TEST_STEP][PASSED] - delay: Delayed 20 second(s)

2018-12-14 11:37:46 - [MESSAGE][PASSED] - Delayed 20 second(s)

2018-12-14 11:37:46 - [MESSAGE][PASSED] - Call Test Case 'Test Cases/Final Aug 2018 - PKS Automation/Registration Module/Workflow/Login and Search Case For Workflow' successfully

2018-12-14 11:37:46 - [TEST_STEP][PASSED] - click: Object: 'Object Repository/Final Object Repo/Page_Form 3 EIS - Cessation as Employer/Page_Form 3 EIS - Cessation as Employer (Approve)/Save  Continue in Form 3 Page' is clicked on

2018-12-14 11:37:46 - [MESSAGE][PASSED] - Object: 'Object Repository/Final Object Repo/Page_Form 3 EIS - Cessation as Employer/Page_Form 3 EIS - Cessation as Employer (Approve)/Save  Continue in Form 3 Page' is clicked on

2018-12-14 11:37:46 - [TEST_STEP][PASSED] - delay: Delayed 2 second(s)

2018-12-14 11:37:48 - [MESSAGE][PASSED] - Delayed 2 second(s)

2018-12-14 11:37:48 - [TEST_STEP][PASSED] - click: Object: 'Object Repository/Final Object Repo/Page_Form 3 EIS - Cessation as Employer/Page_Form 3 EIS - Cessation as Employer (Approve)/Save  Continue in Resigned Page' is clicked on

2018-12-14 11:37:49 - [MESSAGE][PASSED] - Object: 'Object Repository/Final Object Repo/Page_Form 3 EIS - Cessation as Employer/Page_Form 3 EIS - Cessation as Employer (Approve)/Save  Continue in Resigned Page' is clicked on

2018-12-14 11:37:49 - [TEST_STEP][PASSED] - delay: Delayed 2 second(s)

2018-12-14 11:37:51 - [MESSAGE][PASSED] - Delayed 2 second(s)

2018-12-14 11:37:51 - [TEST_STEP][PASSED] - click: Object: 'Object Repository/Final Object Repo/Page_Form 3 EIS - Cessation as Employer/Page_Form 3 EIS - Cessation as Employer (Approve)/Save  Continue in Uploading Page' is clicked on

2018-12-14 11:37:52 - [MESSAGE][PASSED] - Object: 'Object Repository/Final Object Repo/Page_Form 3 EIS - Cessation as Employer/Page_Form 3 EIS - Cessation as Employer (Approve)/Save  Continue in Uploading Page' is clicked on

2018-12-14 11:37:52 - [TEST_STEP][PASSED] - delay: Delayed 2 second(s)

2018-12-14 11:37:54 - [MESSAGE][PASSED] - Delayed 2 second(s)

2018-12-14 11:37:54 - [TEST_STEP][PASSED] - click: Object: 'Object Repository/Final Object Repo/Page_Form 3 EIS - Cessation as Employer/Page_Form 3 EIS - Cessation as Employer (Reject)/Reject' is clicked on

2018-12-14 11:37:57 - [MESSAGE][PASSED] - Object: 'Object Repository/Final Object Repo/Page_Form 3 EIS - Cessation as Employer/Page_Form 3 EIS - Cessation as Employer (Reject)/Reject' is clicked on

2018-12-14 11:37:57 - [TEST_STEP][PASSED] - delay: Delayed 2 second(s)

2018-12-14 11:37:59 - [MESSAGE][PASSED] - Delayed 2 second(s)

2018-12-14 11:37:59 - [TEST_STEP][PASSED] - click: Object: 'Object Repository/Final Object Repo/Page_Form 3 EIS - Cessation as Employer/Page_Form 3 EIS - Cessation as Employer (Reject)/Confirm' is clicked on

2018-12-14 11:37:59 - [MESSAGE][PASSED] - Object: 'Object Repository/Final Object Repo/Page_Form 3 EIS - Cessation as Employer/Page_Form 3 EIS - Cessation as Employer (Reject)/Confirm' is clicked on

2018-12-14 11:37:59 - [TEST_STEP][PASSED] - delay: Delayed 2 second(s)

2018-12-14 11:38:01 - [MESSAGE][PASSED] - Delayed 2 second(s)

2018-12-14 11:38:01 - [TEST_STEP][PASSED] - click: Object: 'Object Repository/Final Object Repo/Page_Form 3 EIS - Cessation as Employer/Page_Form 3 EIS - Cessation as Employer (Reject)/Message This Case has been Rejected' is clicked on

2018-12-14 11:38:05 - [MESSAGE][PASSED] - Object: 'Object Repository/Final Object Repo/Page_Form 3 EIS - Cessation as Employer/Page_Form 3 EIS - Cessation as Employer (Reject)/Message This Case has been Rejected' is clicked on

2018-12-14 11:38:05 - [TEST_STEP][PASSED] - click: Object: 'Object Repository/Final Object Repo/Page_Form 3 EIS - Cessation as Employer/Page_Form 3 EIS - Cessation as Employer (Reject)/Letter of update rejection' is clicked on

2018-12-14 11:38:06 - [MESSAGE][PASSED] - Object: 'Object Repository/Final Object Repo/Page_Form 3 EIS - Cessation as Employer/Page_Form 3 EIS - Cessation as Employer (Reject)/Letter of update rejection' is clicked on

2018-12-14 11:38:06 - [MESSAGE][FAILED] - Unable to call Test Case with id 'Test Cases/Final Aug 2018 - PKS Automation/Registration Module/Workflow/Form 3 EIS - Cessation As Employer/Template/Form 3 A - Cessation As Employer (Query)' (Root cause: Call Test Case 'Test Cases/Final Aug 2018 - PKS Automation/Registration Module/Workflow/Form 3 EIS - Cessation As Employer/Template/Form 3 A - Cessation As Employer (Query)' failed)]]></system-out>
         <system-err><![CDATA[2018-12-14 11:28:32 - [TEST_CASE][FAILED] - Test Cases/Final Aug 2018 - PKS Automation/Registration Module/Workflow/Form 3 EIS - Cessation As Employer/OTC to UO (Query): Test Cases/Final Aug 2018 - PKS Automation/Registration Module/Workflow/Form 3 EIS - Cessation As Employer/OTC to UO (Query) FAILED because (of) (Stack trace: com.kms.katalon.core.exception.StepFailedException: Unable to click on object 'Object Repository/Final Object Repo/Page_Form 3 EIS - Cessation as Employer/Page_Form 3 EIS - Cessation as Employer (Query - OTC - UO)/Next' (Root cause: com.kms.katalon.core.webui.exception.WebElementNotFoundException: Web element with id: 'Object Repository/Final Object Repo/Page_Form 3 EIS - Cessation as Employer/Page_Form 3 EIS - Cessation as Employer (Query - OTC - UO)/Next' located by 'By.xpath: //a[(text() = ' NEXT
						' or . = ' NEXT
						')]' not found)
	at com.kms.katalon.core.keyword.internal.KeywordMain.stepFailed(KeywordMain.groovy:32)
	at com.kms.katalon.core.webui.keyword.internal.WebUIKeywordMain.stepFailed(WebUIKeywordMain.groovy:65)
	at com.kms.katalon.core.webui.keyword.internal.WebUIKeywordMain.runKeyword(WebUIKeywordMain.groovy:27)
	at com.kms.katalon.core.webui.keyword.builtin.ClickKeyword.click(ClickKeyword.groovy:86)
	at com.kms.katalon.core.webui.keyword.builtin.ClickKeyword.execute(ClickKeyword.groovy:67)
	at com.kms.katalon.core.keyword.internal.KeywordExecutor.executeKeywordForPlatform(KeywordExecutor.groovy:53)
	at com.kms.katalon.core.webui.keyword.WebUiBuiltInKeywords.click(WebUiBuiltInKeywords.groovy:616)
	at com.kms.katalon.core.webui.keyword.WebUiBuiltInKeywords$click$2.call(Unknown Source)
	at Script1536114876563.run(Script1536114876563.groovy:87)
	at com.kms.katalon.core.main.ScriptEngine.run(ScriptEngine.java:183)
	at com.kms.katalon.core.main.ScriptEngine.runScriptAsRawText(ScriptEngine.java:108)
	at com.kms.katalon.core.main.TestCaseExecutor.runScript(TestCaseExecutor.java:294)
	at com.kms.katalon.core.main.TestCaseExecutor.doExecute(TestCaseExecutor.java:285)
	at com.kms.katalon.core.main.TestCaseExecutor.processExecutionPhase(TestCaseExecutor.java:264)
	at com.kms.katalon.core.main.TestCaseExecutor.accessMainPhase(TestCaseExecutor.java:256)
	at com.kms.katalon.core.main.TestCaseExecutor.execute(TestCaseExecutor.java:200)
	at com.kms.katalon.core.main.TestCaseMain.runTestCase(TestCaseMain.java:99)
	at com.kms.katalon.core.keyword.builtin.CallTestCaseKeyword$_callTestCase_closure1.doCall(CallTestCaseKeyword.groovy:60)
	at com.kms.katalon.core.keyword.builtin.CallTestCaseKeyword$_callTestCase_closure1.call(CallTestCaseKeyword.groovy)
	at com.kms.katalon.core.keyword.internal.KeywordMain.runKeyword(KeywordMain.groovy:54)
	at com.kms.katalon.core.keyword.builtin.CallTestCaseKeyword.callTestCase(CallTestCaseKeyword.groovy:81)
	at com.kms.katalon.core.keyword.builtin.CallTestCaseKeyword.execute(CallTestCaseKeyword.groovy:45)
	at com.kms.katalon.core.keyword.internal.KeywordExecutor.executeKeywordForPlatform(KeywordExecutor.groovy:53)
	at com.kms.katalon.core.keyword.BuiltinKeywords.callTestCase(BuiltinKeywords.groovy:334)
	at sun.reflect.GeneratedMethodAccessor13.invoke(Unknown Source)
	at sun.reflect.DelegatingMethodAccessorImpl.invoke(DelegatingMethodAccessorImpl.java:43)
	at java.lang.reflect.Method.invoke(Method.java:498)
	at org.codehaus.groovy.reflection.CachedMethod.invoke(CachedMethod.java:93)
	at groovy.lang.MetaMethod.doMethodInvoke(MetaMethod.java:325)
	at groovy.lang.MetaClassImpl.invokeStaticMethod(MetaClassImpl.java:1469)
	at org.codehaus.groovy.runtime.callsite.StaticMetaClassSite.call(StaticMetaClassSite.java:53)
	at org.codehaus.groovy.runtime.callsite.CallSiteArray.defaultCall(CallSiteArray.java:48)
	at org.codehaus.groovy.runtime.callsite.AbstractCallSite.call(AbstractCallSite.java:113)
	at org.codehaus.groovy.runtime.callsite.AbstractCallSite.call(AbstractCallSite.java:141)
	at Script1536204253481.run(Script1536204253481.groovy:25)
	at com.kms.katalon.core.main.ScriptEngine.run(ScriptEngine.java:183)
	at com.kms.katalon.core.main.ScriptEngine.runScriptAsRawText(ScriptEngine.java:108)
	at com.kms.katalon.core.main.TestCaseExecutor.runScript(TestCaseExecutor.java:294)
	at com.kms.katalon.core.main.TestCaseExecutor.doExecute(TestCaseExecutor.java:285)
	at com.kms.katalon.core.main.TestCaseExecutor.processExecutionPhase(TestCaseExecutor.java:264)
	at com.kms.katalon.core.main.TestCaseExecutor.accessMainPhase(TestCaseExecutor.java:256)
	at com.kms.katalon.core.main.TestCaseExecutor.execute(TestCaseExecutor.java:200)
	at com.kms.katalon.core.main.TestSuiteExecutor.accessTestCaseMainPhase(TestSuiteExecutor.java:129)
	at com.kms.katalon.core.main.TestSuiteExecutor.accessTestSuiteMainPhase(TestSuiteExecutor.java:112)
	at com.kms.katalon.core.main.TestSuiteExecutor.execute(TestSuiteExecutor.java:81)
	at com.kms.katalon.core.main.TestCaseMain.startTestSuite(TestCaseMain.java:142)
	at com.kms.katalon.core.main.TestCaseMain$startTestSuite$0.call(Unknown Source)
	at org.codehaus.groovy.runtime.callsite.CallSiteArray.defaultCall(CallSiteArray.java:48)
	at org.codehaus.groovy.runtime.callsite.AbstractCallSite.call(AbstractCallSite.java:113)
	at org.codehaus.groovy.runtime.callsite.AbstractCallSite.call(AbstractCallSite.java:141)
	at TempTestSuite1544751823421.run(TempTestSuite1544751823421.groovy:36)
	at groovy.lang.GroovyShell.runScriptOrMainOrTestOrRunnable(GroovyShell.java:263)
	at groovy.lang.GroovyShell.run(GroovyShell.java:518)
	at groovy.lang.GroovyShell.run(GroovyShell.java:507)
	at groovy.ui.GroovyMain.processOnce(GroovyMain.java:653)
	at groovy.ui.GroovyMain.run(GroovyMain.java:384)
	at groovy.ui.GroovyMain.process(GroovyMain.java:370)
	at groovy.ui.GroovyMain.processArgs(GroovyMain.java:129)
	at groovy.ui.GroovyMain.main(GroovyMain.java:109)
	at sun.reflect.NativeMethodAccessorImpl.invoke0(Native Method)
	at sun.reflect.NativeMethodAccessorImpl.invoke(NativeMethodAccessorImpl.java:62)
	at sun.reflect.DelegatingMethodAccessorImpl.invoke(DelegatingMethodAccessorImpl.java:43)
	at java.lang.reflect.Method.invoke(Method.java:498)
	at org.codehaus.groovy.tools.GroovyStarter.rootLoader(GroovyStarter.java:109)
	at org.codehaus.groovy.tools.GroovyStarter.main(GroovyStarter.java:131)
)]]></system-err>
      </testcase>
      <testcase name="Test Cases/Final Aug 2018 - PKS Automation/Registration Module/Workflow/Form 3 EIS - Cessation As Employer/OTC to UO (Reject)" classname="Test Cases/Final Aug 2018 - PKS Automation/Registration Module/Workflow/Form 3 EIS - Cessation As Employer/OTC to UO (Reject)" status="PASSED">
         <system-out><![CDATA[2018-12-14 11:38:06 - [TEST_CASE][PASSED] - Test Cases/Final Aug 2018 - PKS Automation/Registration Module/Workflow/Form 3 EIS - Cessation As Employer/OTC to UO (Reject): Test Cases/Final Aug 2018 - PKS Automation/Registration Module/Workflow/Form 3 EIS - Cessation As Employer/OTC to UO (Reject)

2018-12-14 11:38:06 - [TEST_STEP][PASSED] - callTestCase: Call Test Case 'Test Cases/Final Aug 2018 - PKS Automation/Registration Module/Workflow/Form 3 EIS - Cessation As Employer/Template/Form 3 A - Cessation As Employer (OTC)' successfully

2018-12-14 11:38:07 - [TEST_CASE][PASSED] - Test Cases/Final Aug 2018 - PKS Automation/Registration Module/Workflow/Form 3 EIS - Cessation As Employer/Template/Form 3 A - Cessation As Employer (OTC): Test Cases/Final Aug 2018 - PKS Automation/Registration Module/Workflow/Form 3 EIS - Cessation As Employer/Template/Form 3 A - Cessation As Employer (OTC)

2018-12-14 11:38:07 - [TEST_STEP][PASSED] - openBrowser: Browser is opened with url: ''

2018-12-14 11:38:07 - [MESSAGE][WARNING] - A browser is already opened. Closing browser and opening a new one

2018-12-14 11:38:12 - [MESSAGE][PASSED] - Browser is opened with url: ''

2018-12-14 11:38:12 - [TEST_STEP][PASSED] - navigateToUrl: Navigate to 'https://assist2-uat.perkeso.gov.my/login' successfully

2018-12-14 11:38:14 - [MESSAGE][PASSED] - Navigate to 'https://assist2-uat.perkeso.gov.my/login' successfully

2018-12-14 11:38:14 - [TEST_STEP][PASSED] - setText: Text 'johorotc1@gmail.com' is set on object 'Object Repository/Final Object Repo/Login Page/Internal User/Email Address'

2018-12-14 11:38:14 - [MESSAGE][PASSED] - Text 'johorotc1@gmail.com' is set on object 'Object Repository/Final Object Repo/Login Page/Internal User/Email Address'

2018-12-14 11:38:14 - [TEST_STEP][PASSED] - click: Object: 'Object Repository/Final Object Repo/Login Page/Internal User/Next Button' is clicked on

2018-12-14 11:38:14 - [MESSAGE][PASSED] - Object: 'Object Repository/Final Object Repo/Login Page/Internal User/Next Button' is clicked on

2018-12-14 11:38:14 - [TEST_STEP][PASSED] - delay: Delayed 1 second(s)

2018-12-14 11:38:15 - [MESSAGE][PASSED] - Delayed 1 second(s)

2018-12-14 11:38:15 - [TEST_STEP][PASSED] - setEncryptedText: Text ****** has been set on object 'Object Repository/Final Object Repo/Login Page/Internal User/Password'

2018-12-14 11:38:15 - [MESSAGE][PASSED] - Text ****** has been set on object 'Object Repository/Final Object Repo/Login Page/Internal User/Password'

2018-12-14 11:38:15 - [TEST_STEP][PASSED] - click: Object: 'Object Repository/Final Object Repo/Login Page/Internal User/Login Button' is clicked on

2018-12-14 11:38:16 - [MESSAGE][PASSED] - Object: 'Object Repository/Final Object Repo/Login Page/Internal User/Login Button' is clicked on

2018-12-14 11:38:16 - [TEST_STEP][PASSED] - delay: Delayed 1 second(s)

2018-12-14 11:38:17 - [MESSAGE][PASSED] - Delayed 1 second(s)

2018-12-14 11:38:17 - [TEST_STEP][PASSED] - Statement - Try: Delayed 2 second(s)

2018-12-14 11:38:17 - [TEST_STEP][PASSED] - Statement - Checker = false: null

2018-12-14 11:38:17 - [TEST_STEP][PASSED] - Statement - Checker = com.kms.katalon.core.webui.keyword.WebUiBuiltInKeywords.verifyElementHasAttribute(com.kms.katalon.core.testobject.ObjectRepository.findTestObject(Final Object Repo/Landing Page/BM Detecting), "href", 20, OPTIONAL): Object 'Object Repository/Final Object Repo/Landing Page/BM Detecting' has attribute 'href'

2018-12-14 11:38:18 - [MESSAGE][PASSED] - Object 'Object Repository/Final Object Repo/Landing Page/BM Detecting' has attribute 'href'

2018-12-14 11:38:18 - [TEST_STEP][PASSED] - Statement - out.println(Checker): null

2018-12-14 11:38:18 - [TEST_STEP][PASSED] - Statement - If (Checker == false): null

2018-12-14 11:38:18 - [TEST_STEP][PASSED] - Statement - Else: null

2018-12-14 11:38:18 - [TEST_STEP][PASSED] - delay: Delayed 2 second(s)

2018-12-14 11:38:20 - [MESSAGE][PASSED] - Delayed 2 second(s)

2018-12-14 11:38:20 - [TEST_STEP][PASSED] - navigateToUrl: Navigate to 'https://assist2-uat.perkeso.gov.my/web/registration/eis-update/form-3-eis-cessation-as-employer' successfully

2018-12-14 11:38:21 - [MESSAGE][PASSED] - Navigate to 'https://assist2-uat.perkeso.gov.my/web/registration/eis-update/form-3-eis-cessation-as-employer' successfully

2018-12-14 11:38:21 - [TEST_STEP][PASSED] - delay: Delayed 1 second(s)

2018-12-14 11:38:22 - [MESSAGE][PASSED] - Delayed 1 second(s)

2018-12-14 11:38:22 - [TEST_STEP][PASSED] - setText: Text 'E1102069769W' is set on object 'Object Repository/Final Object Repo/Page_Form 3 EIS - Cessation as Employer/Employer Code'

2018-12-14 11:38:22 - [MESSAGE][PASSED] - Text 'E1102069769W' is set on object 'Object Repository/Final Object Repo/Page_Form 3 EIS - Cessation as Employer/Employer Code'

2018-12-14 11:38:22 - [TEST_STEP][PASSED] - click: Object: 'Object Repository/Final Object Repo/Page_Form 3 EIS - Cessation as Employer/Search' is clicked on

2018-12-14 11:38:22 - [MESSAGE][PASSED] - Object: 'Object Repository/Final Object Repo/Page_Form 3 EIS - Cessation as Employer/Search' is clicked on

2018-12-14 11:38:22 - [TEST_STEP][PASSED] - click: Object: 'Object Repository/Final Object Repo/Page_Form 3 EIS - Cessation as Employer/Edit' is clicked on

2018-12-14 11:38:25 - [MESSAGE][PASSED] - Object: 'Object Repository/Final Object Repo/Page_Form 3 EIS - Cessation as Employer/Edit' is clicked on

2018-12-14 11:38:25 - [TEST_STEP][PASSED] - delay: Delayed 1 second(s)

2018-12-14 11:38:26 - [MESSAGE][PASSED] - Delayed 1 second(s)

2018-12-14 11:38:26 - [TEST_STEP][PASSED] - Statement - abc = com.kms.katalon.core.webui.keyword.WebUiBuiltInKeywords.getAttribute(com.kms.katalon.core.testobject.ObjectRepository.findTestObject(Final Object Repo/Page_Form 3 EIS - Cessation as Employer/Employer Status), "value"): Attribute 'value' of object 'Object Repository/Final Object Repo/Page_Form 3 EIS - Cessation as Employer/Employer Status' is: 'Active'

2018-12-14 11:38:26 - [MESSAGE][PASSED] - Attribute 'value' of object 'Object Repository/Final Object Repo/Page_Form 3 EIS - Cessation as Employer/Employer Status' is: 'Active'

2018-12-14 11:38:26 - [TEST_STEP][PASSED] - Statement - out.println(abc): null

2018-12-14 11:38:26 - [TEST_STEP][PASSED] - Statement - If (abc == "Active"): Object: 'Object Repository/Final Object Repo/Page_Form 3 EIS - Cessation as Employer/Dormant EIS' is clicked on

2018-12-14 11:38:26 - [TEST_STEP][PASSED] - click: Object: 'Object Repository/Final Object Repo/Page_Form 3 EIS - Cessation as Employer/Change Employer Status to' is clicked on

2018-12-14 11:38:27 - [MESSAGE][PASSED] - Object: 'Object Repository/Final Object Repo/Page_Form 3 EIS - Cessation as Employer/Change Employer Status to' is clicked on

2018-12-14 11:38:27 - [TEST_STEP][PASSED] - click: Object: 'Object Repository/Final Object Repo/Page_Form 3 EIS - Cessation as Employer/Dormant EIS' is clicked on

2018-12-14 11:38:27 - [MESSAGE][PASSED] - Object: 'Object Repository/Final Object Repo/Page_Form 3 EIS - Cessation as Employer/Dormant EIS' is clicked on

2018-12-14 11:38:27 - [TEST_STEP][PASSED] - click: Object: 'Object Repository/Final Object Repo/Page_Form 3 EIS - Cessation as Employer/Calender' is clicked on

2018-12-14 11:38:27 - [MESSAGE][PASSED] - Object: 'Object Repository/Final Object Repo/Page_Form 3 EIS - Cessation as Employer/Calender' is clicked on

2018-12-14 11:38:27 - [TEST_STEP][PASSED] - delay: Delayed 1 second(s)

2018-12-14 11:38:28 - [MESSAGE][PASSED] - Delayed 1 second(s)

2018-12-14 11:38:28 - [TEST_STEP][PASSED] - click: Object: 'Object Repository/Final Object Repo/Page_Form 3 EIS - Cessation as Employer/Calender - Date' is clicked on

2018-12-14 11:38:28 - [MESSAGE][PASSED] - Object: 'Object Repository/Final Object Repo/Page_Form 3 EIS - Cessation as Employer/Calender - Date' is clicked on

2018-12-14 11:38:28 - [TEST_STEP][PASSED] - click: Object: 'Object Repository/Final Object Repo/Page_Form 3 EIS - Cessation as Employer/Save  Continue in Form 3 EIS Page' is clicked on

2018-12-14 11:38:28 - [MESSAGE][PASSED] - Object: 'Object Repository/Final Object Repo/Page_Form 3 EIS - Cessation as Employer/Save  Continue in Form 3 EIS Page' is clicked on

2018-12-14 11:38:28 - [TEST_STEP][PASSED] - delay: Delayed 1 second(s)

2018-12-14 11:38:29 - [MESSAGE][PASSED] - Delayed 1 second(s)

2018-12-14 11:38:29 - [TEST_STEP][PASSED] - click: Object: 'Object Repository/Final Object Repo/Page_Form 3 EIS - Cessation as Employer/Employment Resign Date' is clicked on

2018-12-14 11:38:30 - [MESSAGE][PASSED] - Object: 'Object Repository/Final Object Repo/Page_Form 3 EIS - Cessation as Employer/Employment Resign Date' is clicked on

2018-12-14 11:38:30 - [TEST_STEP][PASSED] - selectOptionByValue: All options with value '2030' are selected in object 'Object Repository/Final Object Repo/Page_Form 3 EIS - Cessation as Employer/Employment Resign Date - Year' 

2018-12-14 11:38:31 - [MESSAGE][PASSED] - All options with value '2030' are selected in object 'Object Repository/Final Object Repo/Page_Form 3 EIS - Cessation as Employer/Employment Resign Date - Year' 

2018-12-14 11:38:31 - [TEST_STEP][PASSED] - delay: Delayed 2 second(s)

2018-12-14 11:38:33 - [MESSAGE][PASSED] - Delayed 2 second(s)

2018-12-14 11:38:33 - [TEST_STEP][PASSED] - click: Object: 'Object Repository/Final Object Repo/Page_Form 3 EIS - Cessation as Employer/Employment Resign Date - Year - Date' is clicked on

2018-12-14 11:38:33 - [MESSAGE][PASSED] - Object: 'Object Repository/Final Object Repo/Page_Form 3 EIS - Cessation as Employer/Employment Resign Date - Year - Date' is clicked on

2018-12-14 11:38:33 - [TEST_STEP][PASSED] - delay: Delayed 2 second(s)

2018-12-14 11:38:35 - [MESSAGE][PASSED] - Delayed 2 second(s)

2018-12-14 11:38:35 - [TEST_STEP][PASSED] - click: Object: 'Object Repository/Final Object Repo/Page_Form 3 EIS - Cessation as Employer/Save  Continue in Employment Resign Page' is clicked on

2018-12-14 11:38:35 - [MESSAGE][PASSED] - Object: 'Object Repository/Final Object Repo/Page_Form 3 EIS - Cessation as Employer/Save  Continue in Employment Resign Page' is clicked on

2018-12-14 11:38:35 - [TEST_STEP][PASSED] - delay: Delayed 2 second(s)

2018-12-14 11:38:37 - [MESSAGE][PASSED] - Delayed 2 second(s)

2018-12-14 11:38:37 - [TEST_STEP][PASSED] - click: Object: 'Object Repository/Final Object Repo/Page_Form 3 EIS - Cessation as Employer/Set Latest - Yes' is clicked on

2018-12-14 11:38:37 - [MESSAGE][PASSED] - Object: 'Object Repository/Final Object Repo/Page_Form 3 EIS - Cessation as Employer/Set Latest - Yes' is clicked on

2018-12-14 11:38:37 - [TEST_STEP][PASSED] - delay: Delayed 2 second(s)

2018-12-14 11:38:39 - [MESSAGE][PASSED] - Delayed 2 second(s)

2018-12-14 11:38:39 - [TEST_STEP][PASSED] - click: Object: 'Object Repository/Final Object Repo/Page_Form 3 EIS - Cessation as Employer/Add Document' is clicked on

2018-12-14 11:38:40 - [MESSAGE][PASSED] - Object: 'Object Repository/Final Object Repo/Page_Form 3 EIS - Cessation as Employer/Add Document' is clicked on

2018-12-14 11:38:40 - [TEST_STEP][PASSED] - delay: Delayed 3 second(s)

2018-12-14 11:38:43 - [MESSAGE][PASSED] - Delayed 3 second(s)

2018-12-14 11:38:43 - [TEST_STEP][PASSED] - click: Object: 'Object Repository/Final Object Repo/Page_Form 3 EIS - Cessation as Employer/Document Type' is clicked on

2018-12-14 11:38:44 - [MESSAGE][PASSED] - Object: 'Object Repository/Final Object Repo/Page_Form 3 EIS - Cessation as Employer/Document Type' is clicked on

2018-12-14 11:38:44 - [TEST_STEP][PASSED] - click: Object: 'Object Repository/Final Object Repo/Page_Form 3 EIS - Cessation as Employer/Document Type - Form 3' is clicked on

2018-12-14 11:38:44 - [MESSAGE][PASSED] - Object: 'Object Repository/Final Object Repo/Page_Form 3 EIS - Cessation as Employer/Document Type - Form 3' is clicked on

2018-12-14 11:38:44 - [TEST_STEP][PASSED] - delay: Delayed 2 second(s)

2018-12-14 11:38:46 - [MESSAGE][PASSED] - Delayed 2 second(s)

2018-12-14 11:38:46 - [TEST_STEP][PASSED] - sendKeys: Keys 'C:\Users\Public\Pictures\Sample Pictures\Koala.jpg' sent to object: 'Object Repository/Final Object Repo/Page_Form 3 EIS - Cessation as Employer/ploading File'

2018-12-14 11:38:46 - [MESSAGE][PASSED] - Keys 'C:\Users\Public\Pictures\Sample Pictures\Koala.jpg' sent to object: 'Object Repository/Final Object Repo/Page_Form 3 EIS - Cessation as Employer/ploading File'

2018-12-14 11:38:46 - [TEST_STEP][PASSED] - delay: Delayed 1 second(s)

2018-12-14 11:38:47 - [MESSAGE][PASSED] - Delayed 1 second(s)

2018-12-14 11:38:47 - [TEST_STEP][PASSED] - click: Object: 'Object Repository/Final Object Repo/Page_Form 3 EIS - Cessation as Employer/Add Document in Uploading Page' is clicked on

2018-12-14 11:38:47 - [MESSAGE][PASSED] - Object: 'Object Repository/Final Object Repo/Page_Form 3 EIS - Cessation as Employer/Add Document in Uploading Page' is clicked on

2018-12-14 11:38:47 - [TEST_STEP][PASSED] - delay: Delayed 2 second(s)

2018-12-14 11:38:49 - [MESSAGE][PASSED] - Delayed 2 second(s)

2018-12-14 11:38:49 - [TEST_STEP][PASSED] - Statement - CaseReferenceNo = com.kms.katalon.core.webui.keyword.WebUiBuiltInKeywords.getText(com.kms.katalon.core.testobject.ObjectRepository.findTestObject(Final Object Repo/Page_Update Employer Information/Reference Number in Update Employee Information Page)): Text of object 'Object Repository/Final Object Repo/Page_Update Employer Information/Reference Number in Update Employee Information Page' is: 'ERN122018C200002445'

2018-12-14 11:38:51 - [MESSAGE][PASSED] - Text of object 'Object Repository/Final Object Repo/Page_Update Employer Information/Reference Number in Update Employee Information Page' is: 'ERN122018C200002445'

2018-12-14 11:38:51 - [TEST_STEP][PASSED] - callTestCase: Call Test Case 'Test Cases/Final Aug 2018 - PKS Automation/Common/Reference Number Setter' successfully

2018-12-14 11:38:51 - [TEST_CASE][PASSED] - Test Cases/Final Aug 2018 - PKS Automation/Common/Reference Number Setter: Test Cases/Final Aug 2018 - PKS Automation/Common/Reference Number Setter

2018-12-14 11:38:51 - [TEST_STEP][PASSED] - Statement - RefNoOldFile = new java.io.File(C://Users//Admin//Desktop//PKS//Automation Reference Point//KatalonReference.txt): null

2018-12-14 11:38:51 - [TEST_STEP][PASSED] - Statement - RefNoOldFile.delete(): null

2018-12-14 11:38:51 - [TEST_STEP][PASSED] - delay: Delayed 5 second(s)

2018-12-14 11:38:56 - [MESSAGE][PASSED] - Delayed 5 second(s)

2018-12-14 11:38:56 - [TEST_STEP][PASSED] - Statement - RefNo = new java.io.File(C://Users//Admin//Desktop//PKS//Automation Reference Point//KatalonReference.txt): null

2018-12-14 11:38:56 - [TEST_STEP][PASSED] - Statement - f2 = new java.io.FileWriter(RefNo, false): null

2018-12-14 11:38:56 - [TEST_STEP][PASSED] - Statement - f2.write(CaseReferenceNo): null

2018-12-14 11:38:56 - [TEST_STEP][PASSED] - Statement - f2.close(): null

2018-12-14 11:38:56 - [TEST_STEP][PASSED] - Statement - out.println("


" + CaseReferenceNo + "


"): null

2018-12-14 11:38:56 - [MESSAGE][PASSED] - Call Test Case 'Test Cases/Final Aug 2018 - PKS Automation/Common/Reference Number Setter' successfully

2018-12-14 11:38:56 - [TEST_STEP][PASSED] - delay: Delayed 2 second(s)

2018-12-14 11:38:58 - [MESSAGE][PASSED] - Delayed 2 second(s)

2018-12-14 11:38:58 - [TEST_STEP][PASSED] - click: Object: 'Object Repository/Final Object Repo/Page_Form 3 EIS - Cessation as Employer/Save  Continue in Uploading Page' is clicked on

2018-12-14 11:38:58 - [MESSAGE][PASSED] - Object: 'Object Repository/Final Object Repo/Page_Form 3 EIS - Cessation as Employer/Save  Continue in Uploading Page' is clicked on

2018-12-14 11:38:58 - [TEST_STEP][PASSED] - delay: Delayed 2 second(s)

2018-12-14 11:39:00 - [MESSAGE][PASSED] - Delayed 2 second(s)

2018-12-14 11:39:00 - [TEST_STEP][PASSED] - click: Object: 'Object Repository/Final Object Repo/Page_Form 3 EIS - Cessation as Employer/Submit' is clicked on

2018-12-14 11:39:03 - [MESSAGE][PASSED] - Object: 'Object Repository/Final Object Repo/Page_Form 3 EIS - Cessation as Employer/Submit' is clicked on

2018-12-14 11:39:03 - [TEST_STEP][PASSED] - delay: Delayed 2 second(s)

2018-12-14 11:39:05 - [MESSAGE][PASSED] - Delayed 2 second(s)

2018-12-14 11:39:05 - [TEST_STEP][PASSED] - click: Object: 'Object Repository/Final Object Repo/Page_Form 3 EIS - Cessation as Employer/Confirm' is clicked on

2018-12-14 11:39:06 - [MESSAGE][PASSED] - Object: 'Object Repository/Final Object Repo/Page_Form 3 EIS - Cessation as Employer/Confirm' is clicked on

2018-12-14 11:39:06 - [TEST_STEP][PASSED] - delay: Delayed 2 second(s)

2018-12-14 11:39:08 - [MESSAGE][PASSED] - Delayed 2 second(s)

2018-12-14 11:39:08 - [TEST_STEP][PASSED] - click: Object: 'Object Repository/Final Object Repo/Page_Form 3 EIS - Cessation as Employer/Message Your Request will be routed to UO' is clicked on

2018-12-14 11:39:11 - [MESSAGE][PASSED] - Object: 'Object Repository/Final Object Repo/Page_Form 3 EIS - Cessation as Employer/Message Your Request will be routed to UO' is clicked on

2018-12-14 11:39:11 - [TEST_STEP][PASSED] - click: Object: 'Object Repository/Final Object Repo/Page_Form 3 EIS - Cessation as Employer/Letter of acknowledgement' is clicked on

2018-12-14 11:39:11 - [MESSAGE][PASSED] - Object: 'Object Repository/Final Object Repo/Page_Form 3 EIS - Cessation as Employer/Letter of acknowledgement' is clicked on

2018-12-14 11:39:11 - [MESSAGE][PASSED] - Call Test Case 'Test Cases/Final Aug 2018 - PKS Automation/Registration Module/Workflow/Form 3 EIS - Cessation As Employer/Template/Form 3 A - Cessation As Employer (OTC)' successfully

2018-12-14 11:39:11 - [TEST_STEP][PASSED] - callTestCase: Call Test Case 'Test Cases/Final Aug 2018 - PKS Automation/Registration Module/Workflow/Form 3 EIS - Cessation As Employer/Template/Form 3 A - Cessation As Employer (Reject)' successfully

2018-12-14 11:39:12 - [TEST_CASE][PASSED] - Test Cases/Final Aug 2018 - PKS Automation/Registration Module/Workflow/Form 3 EIS - Cessation As Employer/Template/Form 3 A - Cessation As Employer (Reject): Test Cases/Final Aug 2018 - PKS Automation/Registration Module/Workflow/Form 3 EIS - Cessation As Employer/Template/Form 3 A - Cessation As Employer (Reject)

2018-12-14 11:39:12 - [TEST_STEP][NOT_RUN] - callTestCase: NOT_RUN: callTestCase

2018-12-14 11:39:12 - [MESSAGE][NOT_RUN] - NOT_RUN: callTestCase

2018-12-14 11:39:12 - [TEST_STEP][PASSED] - delay: Delayed 1 second(s)

2018-12-14 11:39:13 - [MESSAGE][PASSED] - Delayed 1 second(s)

2018-12-14 11:39:13 - [TEST_STEP][PASSED] - navigateToUrl: Navigate to 'https://assist2-uat.perkeso.gov.my/c/portal/logout' successfully

2018-12-14 11:39:13 - [MESSAGE][PASSED] - Navigate to 'https://assist2-uat.perkeso.gov.my/c/portal/logout' successfully

2018-12-14 11:39:13 - [TEST_STEP][PASSED] - delay: Delayed 1 second(s)

2018-12-14 11:39:14 - [MESSAGE][PASSED] - Delayed 1 second(s)

2018-12-14 11:39:14 - [TEST_STEP][PASSED] - callTestCase: Call Test Case 'Test Cases/Final Aug 2018 - PKS Automation/Common/Reference Number Getter' successfully

2018-12-14 11:39:14 - [TEST_CASE][PASSED] - Test Cases/Final Aug 2018 - PKS Automation/Common/Reference Number Getter: Test Cases/Final Aug 2018 - PKS Automation/Common/Reference Number Getter

2018-12-14 11:39:14 - [TEST_STEP][PASSED] - Statement - Try: null

2018-12-14 11:39:14 - [TEST_STEP][PASSED] - Statement - RefNo = new java.io.File(C://Users//Admin//Desktop//PKS//Automation Reference Point//KatalonReference.txt): null

2018-12-14 11:39:14 - [TEST_STEP][PASSED] - Statement - bufferread = new java.io.BufferedReader(new java.io.FileReader(RefNo)): null

2018-12-14 11:39:14 - [TEST_STEP][PASSED] - Statement - readedVal = bufferread.readLine(): null

2018-12-14 11:39:14 - [TEST_STEP][PASSED] - Statement - out.println(CaseReferenceNo): null

2018-12-14 11:39:14 - [TEST_STEP][PASSED] - Statement - out.println(readedVal): null

2018-12-14 11:39:14 - [TEST_STEP][PASSED] - Statement - CaseReferenceNo = "": null

2018-12-14 11:39:14 - [TEST_STEP][PASSED] - Statement - CaseReferenceNo = readedVal: null

2018-12-14 11:39:14 - [MESSAGE][PASSED] - Call Test Case 'Test Cases/Final Aug 2018 - PKS Automation/Common/Reference Number Getter' successfully

2018-12-14 11:39:14 - [TEST_STEP][PASSED] - callTestCase: Call Test Case 'Test Cases/Final Aug 2018 - PKS Automation/Common/Workflow Owner Finder' successfully

2018-12-14 11:39:15 - [TEST_CASE][PASSED] - Test Cases/Final Aug 2018 - PKS Automation/Common/Workflow Owner Finder: Test Cases/Final Aug 2018 - PKS Automation/Common/Workflow Owner Finder

2018-12-14 11:39:15 - [TEST_STEP][PASSED] - openBrowser: Browser is opened with url: ''

2018-12-14 11:39:15 - [MESSAGE][WARNING] - A browser is already opened. Closing browser and opening a new one

2018-12-14 11:39:19 - [MESSAGE][PASSED] - Browser is opened with url: ''

2018-12-14 11:39:19 - [TEST_STEP][PASSED] - navigateToUrl: Navigate to 'https://assist2-uat.perkeso.gov.my/login' successfully

2018-12-14 11:39:20 - [MESSAGE][PASSED] - Navigate to 'https://assist2-uat.perkeso.gov.my/login' successfully

2018-12-14 11:39:20 - [TEST_STEP][PASSED] - delay: Delayed 5 second(s)

2018-12-14 11:39:25 - [MESSAGE][PASSED] - Delayed 5 second(s)

2018-12-14 11:39:25 - [TEST_STEP][PASSED] - setText: Text 'test@liferay.com' is set on object 'Object Repository/Final Object Repo/Login Page/Internal User/Email Address'

2018-12-14 11:39:25 - [MESSAGE][PASSED] - Text 'test@liferay.com' is set on object 'Object Repository/Final Object Repo/Login Page/Internal User/Email Address'

2018-12-14 11:39:25 - [TEST_STEP][PASSED] - click: Object: 'Object Repository/Final Object Repo/Login Page/Internal User/Next Button' is clicked on

2018-12-14 11:39:26 - [MESSAGE][PASSED] - Object: 'Object Repository/Final Object Repo/Login Page/Internal User/Next Button' is clicked on

2018-12-14 11:39:26 - [TEST_STEP][PASSED] - delay: Delayed 2 second(s)

2018-12-14 11:39:28 - [MESSAGE][PASSED] - Delayed 2 second(s)

2018-12-14 11:39:28 - [TEST_STEP][PASSED] - setText: Text 'test' is set on object 'Object Repository/Final Object Repo/Login Page/Internal User/Password'

2018-12-14 11:39:28 - [MESSAGE][PASSED] - Text 'test' is set on object 'Object Repository/Final Object Repo/Login Page/Internal User/Password'

2018-12-14 11:39:28 - [TEST_STEP][PASSED] - delay: Delayed 2 second(s)

2018-12-14 11:39:30 - [MESSAGE][PASSED] - Delayed 2 second(s)

2018-12-14 11:39:30 - [TEST_STEP][PASSED] - click: Object: 'Object Repository/Final Object Repo/Login Page/Internal User/Login Button' is clicked on

2018-12-14 11:39:30 - [MESSAGE][PASSED] - Object: 'Object Repository/Final Object Repo/Login Page/Internal User/Login Button' is clicked on

2018-12-14 11:39:30 - [TEST_STEP][PASSED] - Statement - tester = com.kms.katalon.core.testobject.ObjectRepository.findTestObject(Final Object Repo/Landing Page/Select to English): Finding Test Object with id 'Object Repository/Final Object Repo/Landing Page/Select to English'

2018-12-14 11:39:30 - [TEST_STEP][PASSED] - Statement - Try: Delayed 2 second(s)

2018-12-14 11:39:30 - [TEST_STEP][PASSED] - Statement - Checker = com.kms.katalon.core.webui.keyword.WebUiBuiltInKeywords.verifyElementNotPresent(tester, 3): Web element with id: 'Object Repository/Final Object Repo/Landing Page/Select to English' located by 'By.xpath: //a[@class = 'taglib-language-list-text' and @lang = 'en-US' and (contains(text(), 'EN') or contains(., 'EN'))]' is not present after '3' second(s)

2018-12-14 11:39:33 - [MESSAGE][PASSED] - Web element with id: 'Object Repository/Final Object Repo/Landing Page/Select to English' located by 'By.xpath: //a[@class = 'taglib-language-list-text' and @lang = 'en-US' and (contains(text(), 'EN') or contains(., 'EN'))]' is not present after '3' second(s)

2018-12-14 11:39:33 - [TEST_STEP][PASSED] - Statement - If (Checker == false): null

2018-12-14 11:39:33 - [TEST_STEP][PASSED] - delay: Delayed 2 second(s)

2018-12-14 11:39:35 - [MESSAGE][PASSED] - Delayed 2 second(s)

2018-12-14 11:39:35 - [TEST_STEP][PASSED] - delay: Delayed 5 second(s)

2018-12-14 11:39:40 - [MESSAGE][PASSED] - Delayed 5 second(s)

2018-12-14 11:39:40 - [TEST_STEP][PASSED] - mouseOver: Object: 'Object Repository/Final Object Repo/Landing Page/WorkFlow Menu' is hovered

2018-12-14 11:39:40 - [MESSAGE][PASSED] - Object: 'Object Repository/Final Object Repo/Landing Page/WorkFlow Menu' is hovered

2018-12-14 11:39:40 - [TEST_STEP][PASSED] - delay: Delayed 2 second(s)

2018-12-14 11:39:42 - [MESSAGE][PASSED] - Delayed 2 second(s)

2018-12-14 11:39:42 - [TEST_STEP][PASSED] - click: Object: 'Object Repository/Final Object Repo/Landing Page/Select to Workflow Listing' is clicked on

2018-12-14 11:39:43 - [MESSAGE][PASSED] - Object: 'Object Repository/Final Object Repo/Landing Page/Select to Workflow Listing' is clicked on

2018-12-14 11:39:43 - [TEST_STEP][PASSED] - delay: Delayed 2 second(s)

2018-12-14 11:39:45 - [MESSAGE][PASSED] - Delayed 2 second(s)

2018-12-14 11:39:45 - [TEST_STEP][PASSED] - click: Object: 'Object Repository/Final Object Repo/WorkFlow Listing Page/Search Information - To Put Ref No' is clicked on

2018-12-14 11:39:45 - [MESSAGE][PASSED] - Object: 'Object Repository/Final Object Repo/WorkFlow Listing Page/Search Information - To Put Ref No' is clicked on

2018-12-14 11:39:45 - [TEST_STEP][PASSED] - delay: Delayed 2 second(s)

2018-12-14 11:39:47 - [MESSAGE][PASSED] - Delayed 2 second(s)

2018-12-14 11:39:47 - [TEST_STEP][PASSED] - callTestCase: Call Test Case 'Test Cases/Final Aug 2018 - PKS Automation/Common/Reference Number Getter' successfully

2018-12-14 11:39:48 - [TEST_CASE][PASSED] - Test Cases/Final Aug 2018 - PKS Automation/Common/Reference Number Getter: Test Cases/Final Aug 2018 - PKS Automation/Common/Reference Number Getter

2018-12-14 11:39:48 - [TEST_STEP][PASSED] - Statement - Try: null

2018-12-14 11:39:48 - [TEST_STEP][PASSED] - Statement - RefNo = new java.io.File(C://Users//Admin//Desktop//PKS//Automation Reference Point//KatalonReference.txt): null

2018-12-14 11:39:48 - [TEST_STEP][PASSED] - Statement - bufferread = new java.io.BufferedReader(new java.io.FileReader(RefNo)): null

2018-12-14 11:39:48 - [TEST_STEP][PASSED] - Statement - readedVal = bufferread.readLine(): null

2018-12-14 11:39:48 - [TEST_STEP][PASSED] - Statement - out.println(CaseReferenceNo): null

2018-12-14 11:39:48 - [TEST_STEP][PASSED] - Statement - out.println(readedVal): null

2018-12-14 11:39:48 - [TEST_STEP][PASSED] - Statement - CaseReferenceNo = "": null

2018-12-14 11:39:48 - [TEST_STEP][PASSED] - Statement - CaseReferenceNo = readedVal: null

2018-12-14 11:39:48 - [MESSAGE][PASSED] - Call Test Case 'Test Cases/Final Aug 2018 - PKS Automation/Common/Reference Number Getter' successfully

2018-12-14 11:39:48 - [TEST_STEP][PASSED] - setText: Text 'ERN122018C200002445' is set on object 'Object Repository/Final Object Repo/WorkFlow Listing Page/Ref No Set Text'

2018-12-14 11:39:48 - [MESSAGE][PASSED] - Text 'ERN122018C200002445' is set on object 'Object Repository/Final Object Repo/WorkFlow Listing Page/Ref No Set Text'

2018-12-14 11:39:48 - [TEST_STEP][PASSED] - delay: Delayed 2 second(s)

2018-12-14 11:39:50 - [MESSAGE][PASSED] - Delayed 2 second(s)

2018-12-14 11:39:50 - [TEST_STEP][PASSED] - click: Object: 'Object Repository/Final Object Repo/WorkFlow Listing Page/Search Ref No Search Button' is clicked on

2018-12-14 11:39:50 - [MESSAGE][PASSED] - Object: 'Object Repository/Final Object Repo/WorkFlow Listing Page/Search Ref No Search Button' is clicked on

2018-12-14 11:39:50 - [TEST_STEP][PASSED] - delay: Delayed 6 second(s)

2018-12-14 11:39:56 - [MESSAGE][PASSED] - Delayed 6 second(s)

2018-12-14 11:39:56 - [TEST_STEP][PASSED] - click: Object: 'Object Repository/Final Object Repo/WorkFlow Listing Page/Click Continue Tooltip' is clicked on

2018-12-14 11:39:57 - [MESSAGE][PASSED] - Object: 'Object Repository/Final Object Repo/WorkFlow Listing Page/Click Continue Tooltip' is clicked on

2018-12-14 11:39:57 - [TEST_STEP][PASSED] - delay: Delayed 5 second(s)

2018-12-14 11:40:02 - [MESSAGE][PASSED] - Delayed 5 second(s)

2018-12-14 11:40:02 - [TEST_STEP][PASSED] - doubleClick: Object: 'Object Repository/Final Object Repo/WorkFlow Listing Page/Workflow Found - Listing 1' is double clicked on

2018-12-14 11:40:02 - [MESSAGE][PASSED] - Object: 'Object Repository/Final Object Repo/WorkFlow Listing Page/Workflow Found - Listing 1' is double clicked on

2018-12-14 11:40:02 - [TEST_STEP][PASSED] - Statement - println(OwnerID): null

2018-12-14 11:40:02 - [TEST_STEP][PASSED] - Statement - OwnerID = com.kms.katalon.core.webui.keyword.WebUiBuiltInKeywords.getText(com.kms.katalon.core.testobject.ObjectRepository.findTestObject(Final Object Repo/WorkFlow Listing Page/Workflow Found - Listing 1), STOP_ON_FAILURE): Text of object 'Object Repository/Final Object Repo/WorkFlow Listing Page/Workflow Found - Listing 1' is: 'JOHORuo2'

2018-12-14 11:40:02 - [MESSAGE][PASSED] - Text of object 'Object Repository/Final Object Repo/WorkFlow Listing Page/Workflow Found - Listing 1' is: 'JOHORuo2'

2018-12-14 11:40:02 - [TEST_STEP][PASSED] - Statement - OwnerID = OwnerID.toLowerCase() + "@gmail.com": null

2018-12-14 11:40:02 - [TEST_STEP][PASSED] - Statement - println(OwnerID): null

2018-12-14 11:40:02 - [TEST_STEP][PASSED] - delay: Delayed 2 second(s)

2018-12-14 11:40:04 - [MESSAGE][PASSED] - Delayed 2 second(s)

2018-12-14 11:40:04 - [MESSAGE][PASSED] - Call Test Case 'Test Cases/Final Aug 2018 - PKS Automation/Common/Workflow Owner Finder' successfully

2018-12-14 11:40:04 - [TEST_STEP][PASSED] - delay: Delayed 1 second(s)

2018-12-14 11:40:05 - [MESSAGE][PASSED] - Delayed 1 second(s)

2018-12-14 11:40:05 - [TEST_STEP][PASSED] - navigateToUrl: Navigate to 'https://assist2-uat.perkeso.gov.my/c/portal/logout' successfully

2018-12-14 11:40:06 - [MESSAGE][PASSED] - Navigate to 'https://assist2-uat.perkeso.gov.my/c/portal/logout' successfully

2018-12-14 11:40:06 - [TEST_STEP][PASSED] - delay: Delayed 1 second(s)

2018-12-14 11:40:07 - [MESSAGE][PASSED] - Delayed 1 second(s)

2018-12-14 11:40:07 - [TEST_STEP][PASSED] - callTestCase: Call Test Case 'Test Cases/Final Aug 2018 - PKS Automation/Registration Module/Workflow/Login and Search Case For Workflow' successfully

2018-12-14 11:40:07 - [TEST_CASE][PASSED] - Test Cases/Final Aug 2018 - PKS Automation/Registration Module/Workflow/Login and Search Case For Workflow: Test Cases/Final Aug 2018 - PKS Automation/Registration Module/Workflow/Login and Search Case For Workflow

2018-12-14 11:40:07 - [TEST_STEP][PASSED] - navigateToUrl: Navigate to 'https://assist2-uat.perkeso.gov.my/login' successfully

2018-12-14 11:40:08 - [MESSAGE][PASSED] - Navigate to 'https://assist2-uat.perkeso.gov.my/login' successfully

2018-12-14 11:40:08 - [TEST_STEP][PASSED] - setText: Text 'johoruo2@gmail.com' is set on object 'Object Repository/Final Object Repo/Login Page/Internal User/Email Address'

2018-12-14 11:40:08 - [MESSAGE][PASSED] - Text 'johoruo2@gmail.com' is set on object 'Object Repository/Final Object Repo/Login Page/Internal User/Email Address'

2018-12-14 11:40:08 - [TEST_STEP][PASSED] - click: Object: 'Object Repository/Final Object Repo/Login Page/Internal User/Next Button' is clicked on

2018-12-14 11:40:08 - [MESSAGE][PASSED] - Object: 'Object Repository/Final Object Repo/Login Page/Internal User/Next Button' is clicked on

2018-12-14 11:40:08 - [TEST_STEP][PASSED] - delay: Delayed 1 second(s)

2018-12-14 11:40:09 - [MESSAGE][PASSED] - Delayed 1 second(s)

2018-12-14 11:40:09 - [TEST_STEP][PASSED] - setEncryptedText: Text ****** has been set on object 'Object Repository/Final Object Repo/Login Page/Internal User/Password'

2018-12-14 11:40:09 - [MESSAGE][PASSED] - Text ****** has been set on object 'Object Repository/Final Object Repo/Login Page/Internal User/Password'

2018-12-14 11:40:09 - [TEST_STEP][PASSED] - click: Object: 'Object Repository/Final Object Repo/Login Page/Internal User/Login Button' is clicked on

2018-12-14 11:40:10 - [MESSAGE][PASSED] - Object: 'Object Repository/Final Object Repo/Login Page/Internal User/Login Button' is clicked on

2018-12-14 11:40:10 - [TEST_STEP][PASSED] - delay: Delayed 2 second(s)

2018-12-14 11:40:12 - [MESSAGE][PASSED] - Delayed 2 second(s)

2018-12-14 11:40:12 - [TEST_STEP][PASSED] - Statement - Try: Delayed 2 second(s)

2018-12-14 11:40:12 - [TEST_STEP][PASSED] - Statement - Checker = false: null

2018-12-14 11:40:12 - [TEST_STEP][PASSED] - Statement - Checker = com.kms.katalon.core.webui.keyword.WebUiBuiltInKeywords.verifyElementHasAttribute(com.kms.katalon.core.testobject.ObjectRepository.findTestObject(Final Object Repo/Landing Page/BM Detecting), "href", 20, OPTIONAL): Object 'Object Repository/Final Object Repo/Landing Page/BM Detecting' has attribute 'href'

2018-12-14 11:40:12 - [MESSAGE][PASSED] - Object 'Object Repository/Final Object Repo/Landing Page/BM Detecting' has attribute 'href'

2018-12-14 11:40:12 - [TEST_STEP][PASSED] - Statement - out.println(Checker): null

2018-12-14 11:40:12 - [TEST_STEP][PASSED] - Statement - If (Checker == false): null

2018-12-14 11:40:12 - [TEST_STEP][PASSED] - Statement - Else: null

2018-12-14 11:40:12 - [TEST_STEP][PASSED] - delay: Delayed 2 second(s)

2018-12-14 11:40:14 - [MESSAGE][PASSED] - Delayed 2 second(s)

2018-12-14 11:40:14 - [TEST_STEP][PASSED] - click: Object: 'Object Repository/Final Object Repo/Page_MyASSIST - ASSIST - Search Pending Case For Add Supporting Document/Search Information' is clicked on

2018-12-14 11:40:14 - [MESSAGE][PASSED] - Object: 'Object Repository/Final Object Repo/Page_MyASSIST - ASSIST - Search Pending Case For Add Supporting Document/Search Information' is clicked on

2018-12-14 11:40:14 - [TEST_STEP][PASSED] - delay: Delayed 3 second(s)

2018-12-14 11:40:17 - [MESSAGE][PASSED] - Delayed 3 second(s)

2018-12-14 11:40:17 - [TEST_STEP][PASSED] - sendKeys: Keys 'ERN122018C200002445' sent to object: 'Object Repository/Final Object Repo/Page_MyASSIST - ASSIST - Search Pending Case For Add Supporting Document/Reference No'

2018-12-14 11:40:17 - [MESSAGE][PASSED] - Keys 'ERN122018C200002445' sent to object: 'Object Repository/Final Object Repo/Page_MyASSIST - ASSIST - Search Pending Case For Add Supporting Document/Reference No'

2018-12-14 11:40:17 - [TEST_STEP][PASSED] - click: Object: 'Object Repository/Final Object Repo/Page_MyASSIST - ASSIST - Search Pending Case For Add Supporting Document/Search Reference No' is clicked on

2018-12-14 11:40:17 - [MESSAGE][PASSED] - Object: 'Object Repository/Final Object Repo/Page_MyASSIST - ASSIST - Search Pending Case For Add Supporting Document/Search Reference No' is clicked on

2018-12-14 11:40:17 - [TEST_STEP][PASSED] - delay: Delayed 2 second(s)

2018-12-14 11:40:19 - [MESSAGE][PASSED] - Delayed 2 second(s)

2018-12-14 11:40:19 - [TEST_STEP][PASSED] - click: Object: 'Object Repository/Final Object Repo/Page_MyASSIST - ASSIST - Search Pending Case For Add Supporting Document/Continue' is clicked on

2018-12-14 11:40:23 - [MESSAGE][PASSED] - Object: 'Object Repository/Final Object Repo/Page_MyASSIST - ASSIST - Search Pending Case For Add Supporting Document/Continue' is clicked on

2018-12-14 11:40:23 - [TEST_STEP][PASSED] - delay: Delayed 20 second(s)

2018-12-14 11:40:43 - [MESSAGE][PASSED] - Delayed 20 second(s)

2018-12-14 11:40:43 - [MESSAGE][PASSED] - Call Test Case 'Test Cases/Final Aug 2018 - PKS Automation/Registration Module/Workflow/Login and Search Case For Workflow' successfully

2018-12-14 11:40:43 - [TEST_STEP][PASSED] - click: Object: 'Object Repository/Final Object Repo/Page_Form 3 EIS - Cessation as Employer/Page_Form 3 EIS - Cessation as Employer (Approve)/Save  Continue in Form 3 Page' is clicked on

2018-12-14 11:40:44 - [MESSAGE][PASSED] - Object: 'Object Repository/Final Object Repo/Page_Form 3 EIS - Cessation as Employer/Page_Form 3 EIS - Cessation as Employer (Approve)/Save  Continue in Form 3 Page' is clicked on

2018-12-14 11:40:44 - [TEST_STEP][PASSED] - delay: Delayed 2 second(s)

2018-12-14 11:40:46 - [MESSAGE][PASSED] - Delayed 2 second(s)

2018-12-14 11:40:46 - [TEST_STEP][PASSED] - click: Object: 'Object Repository/Final Object Repo/Page_Form 3 EIS - Cessation as Employer/Page_Form 3 EIS - Cessation as Employer (Approve)/Save  Continue in Resigned Page' is clicked on

2018-12-14 11:40:46 - [MESSAGE][PASSED] - Object: 'Object Repository/Final Object Repo/Page_Form 3 EIS - Cessation as Employer/Page_Form 3 EIS - Cessation as Employer (Approve)/Save  Continue in Resigned Page' is clicked on

2018-12-14 11:40:46 - [TEST_STEP][PASSED] - delay: Delayed 2 second(s)

2018-12-14 11:40:48 - [MESSAGE][PASSED] - Delayed 2 second(s)

2018-12-14 11:40:48 - [TEST_STEP][PASSED] - click: Object: 'Object Repository/Final Object Repo/Page_Form 3 EIS - Cessation as Employer/Page_Form 3 EIS - Cessation as Employer (Approve)/Save  Continue in Uploading Page' is clicked on

2018-12-14 11:40:49 - [MESSAGE][PASSED] - Object: 'Object Repository/Final Object Repo/Page_Form 3 EIS - Cessation as Employer/Page_Form 3 EIS - Cessation as Employer (Approve)/Save  Continue in Uploading Page' is clicked on

2018-12-14 11:40:49 - [TEST_STEP][PASSED] - delay: Delayed 2 second(s)

2018-12-14 11:40:51 - [MESSAGE][PASSED] - Delayed 2 second(s)

2018-12-14 11:40:51 - [TEST_STEP][PASSED] - click: Object: 'Object Repository/Final Object Repo/Page_Form 3 EIS - Cessation as Employer/Page_Form 3 EIS - Cessation as Employer (Reject)/Reject' is clicked on

2018-12-14 11:40:54 - [MESSAGE][PASSED] - Object: 'Object Repository/Final Object Repo/Page_Form 3 EIS - Cessation as Employer/Page_Form 3 EIS - Cessation as Employer (Reject)/Reject' is clicked on

2018-12-14 11:40:54 - [TEST_STEP][PASSED] - delay: Delayed 2 second(s)

2018-12-14 11:40:56 - [MESSAGE][PASSED] - Delayed 2 second(s)

2018-12-14 11:40:56 - [TEST_STEP][PASSED] - click: Object: 'Object Repository/Final Object Repo/Page_Form 3 EIS - Cessation as Employer/Page_Form 3 EIS - Cessation as Employer (Reject)/Confirm' is clicked on

2018-12-14 11:40:56 - [MESSAGE][PASSED] - Object: 'Object Repository/Final Object Repo/Page_Form 3 EIS - Cessation as Employer/Page_Form 3 EIS - Cessation as Employer (Reject)/Confirm' is clicked on

2018-12-14 11:40:56 - [TEST_STEP][PASSED] - delay: Delayed 2 second(s)

2018-12-14 11:40:58 - [MESSAGE][PASSED] - Delayed 2 second(s)

2018-12-14 11:40:58 - [TEST_STEP][PASSED] - click: Object: 'Object Repository/Final Object Repo/Page_Form 3 EIS - Cessation as Employer/Page_Form 3 EIS - Cessation as Employer (Reject)/Message This Case has been Rejected' is clicked on

2018-12-14 11:41:02 - [MESSAGE][PASSED] - Object: 'Object Repository/Final Object Repo/Page_Form 3 EIS - Cessation as Employer/Page_Form 3 EIS - Cessation as Employer (Reject)/Message This Case has been Rejected' is clicked on

2018-12-14 11:41:02 - [TEST_STEP][PASSED] - click: Object: 'Object Repository/Final Object Repo/Page_Form 3 EIS - Cessation as Employer/Page_Form 3 EIS - Cessation as Employer (Reject)/Letter of update rejection' is clicked on

2018-12-14 11:41:02 - [MESSAGE][PASSED] - Object: 'Object Repository/Final Object Repo/Page_Form 3 EIS - Cessation as Employer/Page_Form 3 EIS - Cessation as Employer (Reject)/Letter of update rejection' is clicked on

2018-12-14 11:41:02 - [MESSAGE][PASSED] - Call Test Case 'Test Cases/Final Aug 2018 - PKS Automation/Registration Module/Workflow/Form 3 EIS - Cessation As Employer/Template/Form 3 A - Cessation As Employer (Reject)' successfully]]></system-out>
         <system-err><![CDATA[]]></system-err>
      </testcase>
      <testcase name="Test Cases/Final Aug 2018 - PKS Automation/Registration Module/Workflow/Form 3 EIS - Cessation As Employer/OTC to UO (Under enforcement)" classname="Test Cases/Final Aug 2018 - PKS Automation/Registration Module/Workflow/Form 3 EIS - Cessation As Employer/OTC to UO (Under enforcement)" status="PASSED">
         <system-out><![CDATA[2018-12-14 11:41:02 - [TEST_CASE][PASSED] - Test Cases/Final Aug 2018 - PKS Automation/Registration Module/Workflow/Form 3 EIS - Cessation As Employer/OTC to UO (Under enforcement): Test Cases/Final Aug 2018 - PKS Automation/Registration Module/Workflow/Form 3 EIS - Cessation As Employer/OTC to UO (Under enforcement)

2018-12-14 11:41:03 - [TEST_STEP][PASSED] - callTestCase: Call Test Case 'Test Cases/Final Aug 2018 - PKS Automation/Registration Module/Workflow/Form 3 EIS - Cessation As Employer/Template/Form 3 A - Cessation As Employer (OTC)' successfully

2018-12-14 11:41:03 - [TEST_CASE][PASSED] - Test Cases/Final Aug 2018 - PKS Automation/Registration Module/Workflow/Form 3 EIS - Cessation As Employer/Template/Form 3 A - Cessation As Employer (OTC): Test Cases/Final Aug 2018 - PKS Automation/Registration Module/Workflow/Form 3 EIS - Cessation As Employer/Template/Form 3 A - Cessation As Employer (OTC)

2018-12-14 11:41:03 - [TEST_STEP][PASSED] - openBrowser: Browser is opened with url: ''

2018-12-14 11:41:03 - [MESSAGE][WARNING] - A browser is already opened. Closing browser and opening a new one

2018-12-14 11:41:08 - [MESSAGE][PASSED] - Browser is opened with url: ''

2018-12-14 11:41:08 - [TEST_STEP][PASSED] - navigateToUrl: Navigate to 'https://assist2-uat.perkeso.gov.my/login' successfully

2018-12-14 11:41:09 - [MESSAGE][PASSED] - Navigate to 'https://assist2-uat.perkeso.gov.my/login' successfully

2018-12-14 11:41:09 - [TEST_STEP][PASSED] - setText: Text 'johorotc1@gmail.com' is set on object 'Object Repository/Final Object Repo/Login Page/Internal User/Email Address'

2018-12-14 11:41:09 - [MESSAGE][PASSED] - Text 'johorotc1@gmail.com' is set on object 'Object Repository/Final Object Repo/Login Page/Internal User/Email Address'

2018-12-14 11:41:09 - [TEST_STEP][PASSED] - click: Object: 'Object Repository/Final Object Repo/Login Page/Internal User/Next Button' is clicked on

2018-12-14 11:41:09 - [MESSAGE][PASSED] - Object: 'Object Repository/Final Object Repo/Login Page/Internal User/Next Button' is clicked on

2018-12-14 11:41:09 - [TEST_STEP][PASSED] - delay: Delayed 1 second(s)

2018-12-14 11:41:10 - [MESSAGE][PASSED] - Delayed 1 second(s)

2018-12-14 11:41:10 - [TEST_STEP][PASSED] - setEncryptedText: Text ****** has been set on object 'Object Repository/Final Object Repo/Login Page/Internal User/Password'

2018-12-14 11:41:11 - [MESSAGE][PASSED] - Text ****** has been set on object 'Object Repository/Final Object Repo/Login Page/Internal User/Password'

2018-12-14 11:41:11 - [TEST_STEP][PASSED] - click: Object: 'Object Repository/Final Object Repo/Login Page/Internal User/Login Button' is clicked on

2018-12-14 11:41:11 - [MESSAGE][PASSED] - Object: 'Object Repository/Final Object Repo/Login Page/Internal User/Login Button' is clicked on

2018-12-14 11:41:11 - [TEST_STEP][PASSED] - delay: Delayed 1 second(s)

2018-12-14 11:41:12 - [MESSAGE][PASSED] - Delayed 1 second(s)

2018-12-14 11:41:12 - [TEST_STEP][PASSED] - Statement - Try: Delayed 2 second(s)

2018-12-14 11:41:12 - [TEST_STEP][PASSED] - Statement - Checker = false: null

2018-12-14 11:41:12 - [TEST_STEP][PASSED] - Statement - Checker = com.kms.katalon.core.webui.keyword.WebUiBuiltInKeywords.verifyElementHasAttribute(com.kms.katalon.core.testobject.ObjectRepository.findTestObject(Final Object Repo/Landing Page/BM Detecting), "href", 20, OPTIONAL): Object 'Object Repository/Final Object Repo/Landing Page/BM Detecting' has attribute 'href'

2018-12-14 11:41:13 - [MESSAGE][PASSED] - Object 'Object Repository/Final Object Repo/Landing Page/BM Detecting' has attribute 'href'

2018-12-14 11:41:13 - [TEST_STEP][PASSED] - Statement - out.println(Checker): null

2018-12-14 11:41:13 - [TEST_STEP][PASSED] - Statement - If (Checker == false): null

2018-12-14 11:41:13 - [TEST_STEP][PASSED] - Statement - Else: null

2018-12-14 11:41:13 - [TEST_STEP][PASSED] - delay: Delayed 2 second(s)

2018-12-14 11:41:15 - [MESSAGE][PASSED] - Delayed 2 second(s)

2018-12-14 11:41:15 - [TEST_STEP][PASSED] - navigateToUrl: Navigate to 'https://assist2-uat.perkeso.gov.my/web/registration/eis-update/form-3-eis-cessation-as-employer' successfully

2018-12-14 11:41:16 - [MESSAGE][PASSED] - Navigate to 'https://assist2-uat.perkeso.gov.my/web/registration/eis-update/form-3-eis-cessation-as-employer' successfully

2018-12-14 11:41:16 - [TEST_STEP][PASSED] - delay: Delayed 1 second(s)

2018-12-14 11:41:17 - [MESSAGE][PASSED] - Delayed 1 second(s)

2018-12-14 11:41:17 - [TEST_STEP][PASSED] - setText: Text 'E1102069769W' is set on object 'Object Repository/Final Object Repo/Page_Form 3 EIS - Cessation as Employer/Employer Code'

2018-12-14 11:41:17 - [MESSAGE][PASSED] - Text 'E1102069769W' is set on object 'Object Repository/Final Object Repo/Page_Form 3 EIS - Cessation as Employer/Employer Code'

2018-12-14 11:41:17 - [TEST_STEP][PASSED] - click: Object: 'Object Repository/Final Object Repo/Page_Form 3 EIS - Cessation as Employer/Search' is clicked on

2018-12-14 11:41:18 - [MESSAGE][PASSED] - Object: 'Object Repository/Final Object Repo/Page_Form 3 EIS - Cessation as Employer/Search' is clicked on

2018-12-14 11:41:18 - [TEST_STEP][PASSED] - click: Object: 'Object Repository/Final Object Repo/Page_Form 3 EIS - Cessation as Employer/Edit' is clicked on

2018-12-14 11:41:21 - [MESSAGE][PASSED] - Object: 'Object Repository/Final Object Repo/Page_Form 3 EIS - Cessation as Employer/Edit' is clicked on

2018-12-14 11:41:21 - [TEST_STEP][PASSED] - delay: Delayed 1 second(s)

2018-12-14 11:41:22 - [MESSAGE][PASSED] - Delayed 1 second(s)

2018-12-14 11:41:22 - [TEST_STEP][PASSED] - Statement - abc = com.kms.katalon.core.webui.keyword.WebUiBuiltInKeywords.getAttribute(com.kms.katalon.core.testobject.ObjectRepository.findTestObject(Final Object Repo/Page_Form 3 EIS - Cessation as Employer/Employer Status), "value"): Attribute 'value' of object 'Object Repository/Final Object Repo/Page_Form 3 EIS - Cessation as Employer/Employer Status' is: 'Active'

2018-12-14 11:41:22 - [MESSAGE][PASSED] - Attribute 'value' of object 'Object Repository/Final Object Repo/Page_Form 3 EIS - Cessation as Employer/Employer Status' is: 'Active'

2018-12-14 11:41:22 - [TEST_STEP][PASSED] - Statement - out.println(abc): null

2018-12-14 11:41:22 - [TEST_STEP][PASSED] - Statement - If (abc == "Active"): Object: 'Object Repository/Final Object Repo/Page_Form 3 EIS - Cessation as Employer/Dormant EIS' is clicked on

2018-12-14 11:41:22 - [TEST_STEP][PASSED] - click: Object: 'Object Repository/Final Object Repo/Page_Form 3 EIS - Cessation as Employer/Change Employer Status to' is clicked on

2018-12-14 11:41:22 - [MESSAGE][PASSED] - Object: 'Object Repository/Final Object Repo/Page_Form 3 EIS - Cessation as Employer/Change Employer Status to' is clicked on

2018-12-14 11:41:22 - [TEST_STEP][PASSED] - click: Object: 'Object Repository/Final Object Repo/Page_Form 3 EIS - Cessation as Employer/Dormant EIS' is clicked on

2018-12-14 11:41:23 - [MESSAGE][PASSED] - Object: 'Object Repository/Final Object Repo/Page_Form 3 EIS - Cessation as Employer/Dormant EIS' is clicked on

2018-12-14 11:41:23 - [TEST_STEP][PASSED] - click: Object: 'Object Repository/Final Object Repo/Page_Form 3 EIS - Cessation as Employer/Calender' is clicked on

2018-12-14 11:41:23 - [MESSAGE][PASSED] - Object: 'Object Repository/Final Object Repo/Page_Form 3 EIS - Cessation as Employer/Calender' is clicked on

2018-12-14 11:41:23 - [TEST_STEP][PASSED] - delay: Delayed 1 second(s)

2018-12-14 11:41:24 - [MESSAGE][PASSED] - Delayed 1 second(s)

2018-12-14 11:41:24 - [TEST_STEP][PASSED] - click: Object: 'Object Repository/Final Object Repo/Page_Form 3 EIS - Cessation as Employer/Calender - Date' is clicked on

2018-12-14 11:41:24 - [MESSAGE][PASSED] - Object: 'Object Repository/Final Object Repo/Page_Form 3 EIS - Cessation as Employer/Calender - Date' is clicked on

2018-12-14 11:41:24 - [TEST_STEP][PASSED] - click: Object: 'Object Repository/Final Object Repo/Page_Form 3 EIS - Cessation as Employer/Save  Continue in Form 3 EIS Page' is clicked on

2018-12-14 11:41:24 - [MESSAGE][PASSED] - Object: 'Object Repository/Final Object Repo/Page_Form 3 EIS - Cessation as Employer/Save  Continue in Form 3 EIS Page' is clicked on

2018-12-14 11:41:24 - [TEST_STEP][PASSED] - delay: Delayed 1 second(s)

2018-12-14 11:41:25 - [MESSAGE][PASSED] - Delayed 1 second(s)

2018-12-14 11:41:25 - [TEST_STEP][PASSED] - click: Object: 'Object Repository/Final Object Repo/Page_Form 3 EIS - Cessation as Employer/Employment Resign Date' is clicked on

2018-12-14 11:41:26 - [MESSAGE][PASSED] - Object: 'Object Repository/Final Object Repo/Page_Form 3 EIS - Cessation as Employer/Employment Resign Date' is clicked on

2018-12-14 11:41:26 - [TEST_STEP][PASSED] - selectOptionByValue: All options with value '2030' are selected in object 'Object Repository/Final Object Repo/Page_Form 3 EIS - Cessation as Employer/Employment Resign Date - Year' 

2018-12-14 11:41:26 - [MESSAGE][PASSED] - All options with value '2030' are selected in object 'Object Repository/Final Object Repo/Page_Form 3 EIS - Cessation as Employer/Employment Resign Date - Year' 

2018-12-14 11:41:26 - [TEST_STEP][PASSED] - delay: Delayed 2 second(s)

2018-12-14 11:41:28 - [MESSAGE][PASSED] - Delayed 2 second(s)

2018-12-14 11:41:28 - [TEST_STEP][PASSED] - click: Object: 'Object Repository/Final Object Repo/Page_Form 3 EIS - Cessation as Employer/Employment Resign Date - Year - Date' is clicked on

2018-12-14 11:41:28 - [MESSAGE][PASSED] - Object: 'Object Repository/Final Object Repo/Page_Form 3 EIS - Cessation as Employer/Employment Resign Date - Year - Date' is clicked on

2018-12-14 11:41:28 - [TEST_STEP][PASSED] - delay: Delayed 2 second(s)

2018-12-14 11:41:30 - [MESSAGE][PASSED] - Delayed 2 second(s)

2018-12-14 11:41:30 - [TEST_STEP][PASSED] - click: Object: 'Object Repository/Final Object Repo/Page_Form 3 EIS - Cessation as Employer/Save  Continue in Employment Resign Page' is clicked on

2018-12-14 11:41:30 - [MESSAGE][PASSED] - Object: 'Object Repository/Final Object Repo/Page_Form 3 EIS - Cessation as Employer/Save  Continue in Employment Resign Page' is clicked on

2018-12-14 11:41:30 - [TEST_STEP][PASSED] - delay: Delayed 2 second(s)

2018-12-14 11:41:32 - [MESSAGE][PASSED] - Delayed 2 second(s)

2018-12-14 11:41:32 - [TEST_STEP][PASSED] - click: Object: 'Object Repository/Final Object Repo/Page_Form 3 EIS - Cessation as Employer/Set Latest - Yes' is clicked on

2018-12-14 11:41:33 - [MESSAGE][PASSED] - Object: 'Object Repository/Final Object Repo/Page_Form 3 EIS - Cessation as Employer/Set Latest - Yes' is clicked on

2018-12-14 11:41:33 - [TEST_STEP][PASSED] - delay: Delayed 2 second(s)

2018-12-14 11:41:35 - [MESSAGE][PASSED] - Delayed 2 second(s)

2018-12-14 11:41:35 - [TEST_STEP][PASSED] - click: Object: 'Object Repository/Final Object Repo/Page_Form 3 EIS - Cessation as Employer/Add Document' is clicked on

2018-12-14 11:41:36 - [MESSAGE][PASSED] - Object: 'Object Repository/Final Object Repo/Page_Form 3 EIS - Cessation as Employer/Add Document' is clicked on

2018-12-14 11:41:36 - [TEST_STEP][PASSED] - delay: Delayed 3 second(s)

2018-12-14 11:41:39 - [MESSAGE][PASSED] - Delayed 3 second(s)

2018-12-14 11:41:39 - [TEST_STEP][PASSED] - click: Object: 'Object Repository/Final Object Repo/Page_Form 3 EIS - Cessation as Employer/Document Type' is clicked on

2018-12-14 11:41:42 - [MESSAGE][PASSED] - Object: 'Object Repository/Final Object Repo/Page_Form 3 EIS - Cessation as Employer/Document Type' is clicked on

2018-12-14 11:41:42 - [TEST_STEP][PASSED] - click: Object: 'Object Repository/Final Object Repo/Page_Form 3 EIS - Cessation as Employer/Document Type - Form 3' is clicked on

2018-12-14 11:41:43 - [MESSAGE][PASSED] - Object: 'Object Repository/Final Object Repo/Page_Form 3 EIS - Cessation as Employer/Document Type - Form 3' is clicked on

2018-12-14 11:41:43 - [TEST_STEP][PASSED] - delay: Delayed 2 second(s)

2018-12-14 11:41:45 - [MESSAGE][PASSED] - Delayed 2 second(s)

2018-12-14 11:41:45 - [TEST_STEP][PASSED] - sendKeys: Keys 'C:\Users\Public\Pictures\Sample Pictures\Koala.jpg' sent to object: 'Object Repository/Final Object Repo/Page_Form 3 EIS - Cessation as Employer/ploading File'

2018-12-14 11:41:45 - [MESSAGE][PASSED] - Keys 'C:\Users\Public\Pictures\Sample Pictures\Koala.jpg' sent to object: 'Object Repository/Final Object Repo/Page_Form 3 EIS - Cessation as Employer/ploading File'

2018-12-14 11:41:45 - [TEST_STEP][PASSED] - delay: Delayed 1 second(s)

2018-12-14 11:41:46 - [MESSAGE][PASSED] - Delayed 1 second(s)

2018-12-14 11:41:46 - [TEST_STEP][PASSED] - click: Object: 'Object Repository/Final Object Repo/Page_Form 3 EIS - Cessation as Employer/Add Document in Uploading Page' is clicked on

2018-12-14 11:41:46 - [MESSAGE][PASSED] - Object: 'Object Repository/Final Object Repo/Page_Form 3 EIS - Cessation as Employer/Add Document in Uploading Page' is clicked on

2018-12-14 11:41:46 - [TEST_STEP][PASSED] - delay: Delayed 2 second(s)

2018-12-14 11:41:48 - [MESSAGE][PASSED] - Delayed 2 second(s)

2018-12-14 11:41:48 - [TEST_STEP][PASSED] - Statement - CaseReferenceNo = com.kms.katalon.core.webui.keyword.WebUiBuiltInKeywords.getText(com.kms.katalon.core.testobject.ObjectRepository.findTestObject(Final Object Repo/Page_Update Employer Information/Reference Number in Update Employee Information Page)): Text of object 'Object Repository/Final Object Repo/Page_Update Employer Information/Reference Number in Update Employee Information Page' is: 'ERN122018C200002446'

2018-12-14 11:41:50 - [MESSAGE][PASSED] - Text of object 'Object Repository/Final Object Repo/Page_Update Employer Information/Reference Number in Update Employee Information Page' is: 'ERN122018C200002446'

2018-12-14 11:41:50 - [TEST_STEP][PASSED] - callTestCase: Call Test Case 'Test Cases/Final Aug 2018 - PKS Automation/Common/Reference Number Setter' successfully

2018-12-14 11:41:50 - [TEST_CASE][PASSED] - Test Cases/Final Aug 2018 - PKS Automation/Common/Reference Number Setter: Test Cases/Final Aug 2018 - PKS Automation/Common/Reference Number Setter

2018-12-14 11:41:50 - [TEST_STEP][PASSED] - Statement - RefNoOldFile = new java.io.File(C://Users//Admin//Desktop//PKS//Automation Reference Point//KatalonReference.txt): null

2018-12-14 11:41:50 - [TEST_STEP][PASSED] - Statement - RefNoOldFile.delete(): null

2018-12-14 11:41:50 - [TEST_STEP][PASSED] - delay: Delayed 5 second(s)

2018-12-14 11:41:55 - [MESSAGE][PASSED] - Delayed 5 second(s)

2018-12-14 11:41:55 - [TEST_STEP][PASSED] - Statement - RefNo = new java.io.File(C://Users//Admin//Desktop//PKS//Automation Reference Point//KatalonReference.txt): null

2018-12-14 11:41:55 - [TEST_STEP][PASSED] - Statement - f2 = new java.io.FileWriter(RefNo, false): null

2018-12-14 11:41:55 - [TEST_STEP][PASSED] - Statement - f2.write(CaseReferenceNo): null

2018-12-14 11:41:55 - [TEST_STEP][PASSED] - Statement - f2.close(): null

2018-12-14 11:41:55 - [TEST_STEP][PASSED] - Statement - out.println("


" + CaseReferenceNo + "


"): null

2018-12-14 11:41:55 - [MESSAGE][PASSED] - Call Test Case 'Test Cases/Final Aug 2018 - PKS Automation/Common/Reference Number Setter' successfully

2018-12-14 11:41:55 - [TEST_STEP][PASSED] - delay: Delayed 2 second(s)

2018-12-14 11:41:57 - [MESSAGE][PASSED] - Delayed 2 second(s)

2018-12-14 11:41:57 - [TEST_STEP][PASSED] - click: Object: 'Object Repository/Final Object Repo/Page_Form 3 EIS - Cessation as Employer/Save  Continue in Uploading Page' is clicked on

2018-12-14 11:41:57 - [MESSAGE][PASSED] - Object: 'Object Repository/Final Object Repo/Page_Form 3 EIS - Cessation as Employer/Save  Continue in Uploading Page' is clicked on

2018-12-14 11:41:57 - [TEST_STEP][PASSED] - delay: Delayed 2 second(s)

2018-12-14 11:41:59 - [MESSAGE][PASSED] - Delayed 2 second(s)

2018-12-14 11:41:59 - [TEST_STEP][PASSED] - click: Object: 'Object Repository/Final Object Repo/Page_Form 3 EIS - Cessation as Employer/Submit' is clicked on

2018-12-14 11:42:02 - [MESSAGE][PASSED] - Object: 'Object Repository/Final Object Repo/Page_Form 3 EIS - Cessation as Employer/Submit' is clicked on

2018-12-14 11:42:02 - [TEST_STEP][PASSED] - delay: Delayed 2 second(s)

2018-12-14 11:42:04 - [MESSAGE][PASSED] - Delayed 2 second(s)

2018-12-14 11:42:04 - [TEST_STEP][PASSED] - click: Object: 'Object Repository/Final Object Repo/Page_Form 3 EIS - Cessation as Employer/Confirm' is clicked on

2018-12-14 11:42:04 - [MESSAGE][PASSED] - Object: 'Object Repository/Final Object Repo/Page_Form 3 EIS - Cessation as Employer/Confirm' is clicked on

2018-12-14 11:42:04 - [TEST_STEP][PASSED] - delay: Delayed 2 second(s)

2018-12-14 11:42:06 - [MESSAGE][PASSED] - Delayed 2 second(s)

2018-12-14 11:42:06 - [TEST_STEP][PASSED] - click: Object: 'Object Repository/Final Object Repo/Page_Form 3 EIS - Cessation as Employer/Message Your Request will be routed to UO' is clicked on

2018-12-14 11:42:10 - [MESSAGE][PASSED] - Object: 'Object Repository/Final Object Repo/Page_Form 3 EIS - Cessation as Employer/Message Your Request will be routed to UO' is clicked on

2018-12-14 11:42:10 - [TEST_STEP][PASSED] - click: Object: 'Object Repository/Final Object Repo/Page_Form 3 EIS - Cessation as Employer/Letter of acknowledgement' is clicked on

2018-12-14 11:42:10 - [MESSAGE][PASSED] - Object: 'Object Repository/Final Object Repo/Page_Form 3 EIS - Cessation as Employer/Letter of acknowledgement' is clicked on

2018-12-14 11:42:10 - [MESSAGE][PASSED] - Call Test Case 'Test Cases/Final Aug 2018 - PKS Automation/Registration Module/Workflow/Form 3 EIS - Cessation As Employer/Template/Form 3 A - Cessation As Employer (OTC)' successfully

2018-12-14 11:42:10 - [TEST_STEP][PASSED] - callTestCase: Call Test Case 'Test Cases/Final Aug 2018 - PKS Automation/Registration Module/Workflow/Form 3 EIS - Cessation As Employer/Template/Form 3 A - Cessation As Employer (Under enforcement)' successfully

2018-12-14 11:42:10 - [TEST_CASE][PASSED] - Test Cases/Final Aug 2018 - PKS Automation/Registration Module/Workflow/Form 3 EIS - Cessation As Employer/Template/Form 3 A - Cessation As Employer (Under enforcement): Test Cases/Final Aug 2018 - PKS Automation/Registration Module/Workflow/Form 3 EIS - Cessation As Employer/Template/Form 3 A - Cessation As Employer (Under enforcement)

2018-12-14 11:42:11 - [TEST_STEP][NOT_RUN] - callTestCase: NOT_RUN: callTestCase

2018-12-14 11:42:11 - [MESSAGE][NOT_RUN] - NOT_RUN: callTestCase

2018-12-14 11:42:11 - [TEST_STEP][PASSED] - delay: Delayed 1 second(s)

2018-12-14 11:42:12 - [MESSAGE][PASSED] - Delayed 1 second(s)

2018-12-14 11:42:12 - [TEST_STEP][PASSED] - navigateToUrl: Navigate to 'https://assist2-uat.perkeso.gov.my/c/portal/logout' successfully

2018-12-14 11:42:12 - [MESSAGE][PASSED] - Navigate to 'https://assist2-uat.perkeso.gov.my/c/portal/logout' successfully

2018-12-14 11:42:12 - [TEST_STEP][PASSED] - delay: Delayed 1 second(s)

2018-12-14 11:42:13 - [MESSAGE][PASSED] - Delayed 1 second(s)

2018-12-14 11:42:13 - [TEST_STEP][PASSED] - callTestCase: Call Test Case 'Test Cases/Final Aug 2018 - PKS Automation/Common/Reference Number Getter' successfully

2018-12-14 11:42:13 - [TEST_CASE][PASSED] - Test Cases/Final Aug 2018 - PKS Automation/Common/Reference Number Getter: Test Cases/Final Aug 2018 - PKS Automation/Common/Reference Number Getter

2018-12-14 11:42:13 - [TEST_STEP][PASSED] - Statement - Try: null

2018-12-14 11:42:13 - [TEST_STEP][PASSED] - Statement - RefNo = new java.io.File(C://Users//Admin//Desktop//PKS//Automation Reference Point//KatalonReference.txt): null

2018-12-14 11:42:13 - [TEST_STEP][PASSED] - Statement - bufferread = new java.io.BufferedReader(new java.io.FileReader(RefNo)): null

2018-12-14 11:42:13 - [TEST_STEP][PASSED] - Statement - readedVal = bufferread.readLine(): null

2018-12-14 11:42:13 - [TEST_STEP][PASSED] - Statement - out.println(CaseReferenceNo): null

2018-12-14 11:42:13 - [TEST_STEP][PASSED] - Statement - out.println(readedVal): null

2018-12-14 11:42:13 - [TEST_STEP][PASSED] - Statement - CaseReferenceNo = "": null

2018-12-14 11:42:13 - [TEST_STEP][PASSED] - Statement - CaseReferenceNo = readedVal: null

2018-12-14 11:42:13 - [MESSAGE][PASSED] - Call Test Case 'Test Cases/Final Aug 2018 - PKS Automation/Common/Reference Number Getter' successfully

2018-12-14 11:42:13 - [TEST_STEP][PASSED] - callTestCase: Call Test Case 'Test Cases/Final Aug 2018 - PKS Automation/Common/Workflow Owner Finder' successfully

2018-12-14 11:42:13 - [TEST_CASE][PASSED] - Test Cases/Final Aug 2018 - PKS Automation/Common/Workflow Owner Finder: Test Cases/Final Aug 2018 - PKS Automation/Common/Workflow Owner Finder

2018-12-14 11:42:13 - [TEST_STEP][PASSED] - openBrowser: Browser is opened with url: ''

2018-12-14 11:42:13 - [MESSAGE][WARNING] - A browser is already opened. Closing browser and opening a new one

2018-12-14 11:42:21 - [MESSAGE][PASSED] - Browser is opened with url: ''

2018-12-14 11:42:21 - [TEST_STEP][PASSED] - navigateToUrl: Navigate to 'https://assist2-uat.perkeso.gov.my/login' successfully

2018-12-14 11:42:22 - [MESSAGE][PASSED] - Navigate to 'https://assist2-uat.perkeso.gov.my/login' successfully

2018-12-14 11:42:22 - [TEST_STEP][PASSED] - delay: Delayed 5 second(s)

2018-12-14 11:42:27 - [MESSAGE][PASSED] - Delayed 5 second(s)

2018-12-14 11:42:27 - [TEST_STEP][PASSED] - setText: Text 'test@liferay.com' is set on object 'Object Repository/Final Object Repo/Login Page/Internal User/Email Address'

2018-12-14 11:42:27 - [MESSAGE][PASSED] - Text 'test@liferay.com' is set on object 'Object Repository/Final Object Repo/Login Page/Internal User/Email Address'

2018-12-14 11:42:27 - [TEST_STEP][PASSED] - click: Object: 'Object Repository/Final Object Repo/Login Page/Internal User/Next Button' is clicked on

2018-12-14 11:42:28 - [MESSAGE][PASSED] - Object: 'Object Repository/Final Object Repo/Login Page/Internal User/Next Button' is clicked on

2018-12-14 11:42:28 - [TEST_STEP][PASSED] - delay: Delayed 2 second(s)

2018-12-14 11:42:30 - [MESSAGE][PASSED] - Delayed 2 second(s)

2018-12-14 11:42:30 - [TEST_STEP][PASSED] - setText: Text 'test' is set on object 'Object Repository/Final Object Repo/Login Page/Internal User/Password'

2018-12-14 11:42:30 - [MESSAGE][PASSED] - Text 'test' is set on object 'Object Repository/Final Object Repo/Login Page/Internal User/Password'

2018-12-14 11:42:30 - [TEST_STEP][PASSED] - delay: Delayed 2 second(s)

2018-12-14 11:42:32 - [MESSAGE][PASSED] - Delayed 2 second(s)

2018-12-14 11:42:32 - [TEST_STEP][PASSED] - click: Object: 'Object Repository/Final Object Repo/Login Page/Internal User/Login Button' is clicked on

2018-12-14 11:42:32 - [MESSAGE][PASSED] - Object: 'Object Repository/Final Object Repo/Login Page/Internal User/Login Button' is clicked on

2018-12-14 11:42:32 - [TEST_STEP][PASSED] - Statement - tester = com.kms.katalon.core.testobject.ObjectRepository.findTestObject(Final Object Repo/Landing Page/Select to English): Finding Test Object with id 'Object Repository/Final Object Repo/Landing Page/Select to English'

2018-12-14 11:42:32 - [TEST_STEP][PASSED] - Statement - Try: Delayed 2 second(s)

2018-12-14 11:42:32 - [TEST_STEP][PASSED] - Statement - Checker = com.kms.katalon.core.webui.keyword.WebUiBuiltInKeywords.verifyElementNotPresent(tester, 3): Web element with id: 'Object Repository/Final Object Repo/Landing Page/Select to English' located by 'By.xpath: //a[@class = 'taglib-language-list-text' and @lang = 'en-US' and (contains(text(), 'EN') or contains(., 'EN'))]' is not present after '3' second(s)

2018-12-14 11:42:35 - [MESSAGE][PASSED] - Web element with id: 'Object Repository/Final Object Repo/Landing Page/Select to English' located by 'By.xpath: //a[@class = 'taglib-language-list-text' and @lang = 'en-US' and (contains(text(), 'EN') or contains(., 'EN'))]' is not present after '3' second(s)

2018-12-14 11:42:35 - [TEST_STEP][PASSED] - Statement - If (Checker == false): null

2018-12-14 11:42:35 - [TEST_STEP][PASSED] - delay: Delayed 2 second(s)

2018-12-14 11:42:37 - [MESSAGE][PASSED] - Delayed 2 second(s)

2018-12-14 11:42:37 - [TEST_STEP][PASSED] - delay: Delayed 5 second(s)

2018-12-14 11:42:42 - [MESSAGE][PASSED] - Delayed 5 second(s)

2018-12-14 11:42:42 - [TEST_STEP][PASSED] - mouseOver: Object: 'Object Repository/Final Object Repo/Landing Page/WorkFlow Menu' is hovered

2018-12-14 11:42:42 - [MESSAGE][PASSED] - Object: 'Object Repository/Final Object Repo/Landing Page/WorkFlow Menu' is hovered

2018-12-14 11:42:42 - [TEST_STEP][PASSED] - delay: Delayed 2 second(s)

2018-12-14 11:42:44 - [MESSAGE][PASSED] - Delayed 2 second(s)

2018-12-14 11:42:44 - [TEST_STEP][PASSED] - click: Object: 'Object Repository/Final Object Repo/Landing Page/Select to Workflow Listing' is clicked on

2018-12-14 11:42:45 - [MESSAGE][PASSED] - Object: 'Object Repository/Final Object Repo/Landing Page/Select to Workflow Listing' is clicked on

2018-12-14 11:42:45 - [TEST_STEP][PASSED] - delay: Delayed 2 second(s)

2018-12-14 11:42:47 - [MESSAGE][PASSED] - Delayed 2 second(s)

2018-12-14 11:42:47 - [TEST_STEP][PASSED] - click: Object: 'Object Repository/Final Object Repo/WorkFlow Listing Page/Search Information - To Put Ref No' is clicked on

2018-12-14 11:42:47 - [MESSAGE][PASSED] - Object: 'Object Repository/Final Object Repo/WorkFlow Listing Page/Search Information - To Put Ref No' is clicked on

2018-12-14 11:42:47 - [TEST_STEP][PASSED] - delay: Delayed 2 second(s)

2018-12-14 11:42:49 - [MESSAGE][PASSED] - Delayed 2 second(s)

2018-12-14 11:42:49 - [TEST_STEP][PASSED] - callTestCase: Call Test Case 'Test Cases/Final Aug 2018 - PKS Automation/Common/Reference Number Getter' successfully

2018-12-14 11:42:50 - [TEST_CASE][PASSED] - Test Cases/Final Aug 2018 - PKS Automation/Common/Reference Number Getter: Test Cases/Final Aug 2018 - PKS Automation/Common/Reference Number Getter

2018-12-14 11:42:50 - [TEST_STEP][PASSED] - Statement - Try: null

2018-12-14 11:42:50 - [TEST_STEP][PASSED] - Statement - RefNo = new java.io.File(C://Users//Admin//Desktop//PKS//Automation Reference Point//KatalonReference.txt): null

2018-12-14 11:42:50 - [TEST_STEP][PASSED] - Statement - bufferread = new java.io.BufferedReader(new java.io.FileReader(RefNo)): null

2018-12-14 11:42:50 - [TEST_STEP][PASSED] - Statement - readedVal = bufferread.readLine(): null

2018-12-14 11:42:50 - [TEST_STEP][PASSED] - Statement - out.println(CaseReferenceNo): null

2018-12-14 11:42:50 - [TEST_STEP][PASSED] - Statement - out.println(readedVal): null

2018-12-14 11:42:50 - [TEST_STEP][PASSED] - Statement - CaseReferenceNo = "": null

2018-12-14 11:42:50 - [TEST_STEP][PASSED] - Statement - CaseReferenceNo = readedVal: null

2018-12-14 11:42:50 - [MESSAGE][PASSED] - Call Test Case 'Test Cases/Final Aug 2018 - PKS Automation/Common/Reference Number Getter' successfully

2018-12-14 11:42:50 - [TEST_STEP][PASSED] - setText: Text 'ERN122018C200002446' is set on object 'Object Repository/Final Object Repo/WorkFlow Listing Page/Ref No Set Text'

2018-12-14 11:42:50 - [MESSAGE][PASSED] - Text 'ERN122018C200002446' is set on object 'Object Repository/Final Object Repo/WorkFlow Listing Page/Ref No Set Text'

2018-12-14 11:42:50 - [TEST_STEP][PASSED] - delay: Delayed 2 second(s)

2018-12-14 11:42:52 - [MESSAGE][PASSED] - Delayed 2 second(s)

2018-12-14 11:42:52 - [TEST_STEP][PASSED] - click: Object: 'Object Repository/Final Object Repo/WorkFlow Listing Page/Search Ref No Search Button' is clicked on

2018-12-14 11:42:52 - [MESSAGE][PASSED] - Object: 'Object Repository/Final Object Repo/WorkFlow Listing Page/Search Ref No Search Button' is clicked on

2018-12-14 11:42:52 - [TEST_STEP][PASSED] - delay: Delayed 6 second(s)

2018-12-14 11:42:58 - [MESSAGE][PASSED] - Delayed 6 second(s)

2018-12-14 11:42:58 - [TEST_STEP][PASSED] - click: Object: 'Object Repository/Final Object Repo/WorkFlow Listing Page/Click Continue Tooltip' is clicked on

2018-12-14 11:42:59 - [MESSAGE][PASSED] - Object: 'Object Repository/Final Object Repo/WorkFlow Listing Page/Click Continue Tooltip' is clicked on

2018-12-14 11:42:59 - [TEST_STEP][PASSED] - delay: Delayed 5 second(s)

2018-12-14 11:43:04 - [MESSAGE][PASSED] - Delayed 5 second(s)

2018-12-14 11:43:04 - [TEST_STEP][PASSED] - doubleClick: Object: 'Object Repository/Final Object Repo/WorkFlow Listing Page/Workflow Found - Listing 1' is double clicked on

2018-12-14 11:43:04 - [MESSAGE][PASSED] - Object: 'Object Repository/Final Object Repo/WorkFlow Listing Page/Workflow Found - Listing 1' is double clicked on

2018-12-14 11:43:04 - [TEST_STEP][PASSED] - Statement - println(OwnerID): null

2018-12-14 11:43:04 - [TEST_STEP][PASSED] - Statement - OwnerID = com.kms.katalon.core.webui.keyword.WebUiBuiltInKeywords.getText(com.kms.katalon.core.testobject.ObjectRepository.findTestObject(Final Object Repo/WorkFlow Listing Page/Workflow Found - Listing 1), STOP_ON_FAILURE): Text of object 'Object Repository/Final Object Repo/WorkFlow Listing Page/Workflow Found - Listing 1' is: 'JOHORuo3'

2018-12-14 11:43:04 - [MESSAGE][PASSED] - Text of object 'Object Repository/Final Object Repo/WorkFlow Listing Page/Workflow Found - Listing 1' is: 'JOHORuo3'

2018-12-14 11:43:04 - [TEST_STEP][PASSED] - Statement - OwnerID = OwnerID.toLowerCase() + "@gmail.com": null

2018-12-14 11:43:04 - [TEST_STEP][PASSED] - Statement - println(OwnerID): null

2018-12-14 11:43:04 - [TEST_STEP][PASSED] - delay: Delayed 2 second(s)

2018-12-14 11:43:06 - [MESSAGE][PASSED] - Delayed 2 second(s)

2018-12-14 11:43:06 - [MESSAGE][PASSED] - Call Test Case 'Test Cases/Final Aug 2018 - PKS Automation/Common/Workflow Owner Finder' successfully

2018-12-14 11:43:06 - [TEST_STEP][PASSED] - delay: Delayed 1 second(s)

2018-12-14 11:43:07 - [MESSAGE][PASSED] - Delayed 1 second(s)

2018-12-14 11:43:07 - [TEST_STEP][PASSED] - navigateToUrl: Navigate to 'https://assist2-uat.perkeso.gov.my/c/portal/logout' successfully

2018-12-14 11:43:08 - [MESSAGE][PASSED] - Navigate to 'https://assist2-uat.perkeso.gov.my/c/portal/logout' successfully

2018-12-14 11:43:08 - [TEST_STEP][PASSED] - delay: Delayed 1 second(s)

2018-12-14 11:43:09 - [MESSAGE][PASSED] - Delayed 1 second(s)

2018-12-14 11:43:09 - [TEST_STEP][PASSED] - callTestCase: Call Test Case 'Test Cases/Final Aug 2018 - PKS Automation/Registration Module/Workflow/Login and Search Case For Workflow' successfully

2018-12-14 11:43:09 - [TEST_CASE][PASSED] - Test Cases/Final Aug 2018 - PKS Automation/Registration Module/Workflow/Login and Search Case For Workflow: Test Cases/Final Aug 2018 - PKS Automation/Registration Module/Workflow/Login and Search Case For Workflow

2018-12-14 11:43:09 - [TEST_STEP][PASSED] - navigateToUrl: Navigate to 'https://assist2-uat.perkeso.gov.my/login' successfully

2018-12-14 11:43:10 - [MESSAGE][PASSED] - Navigate to 'https://assist2-uat.perkeso.gov.my/login' successfully

2018-12-14 11:43:10 - [TEST_STEP][PASSED] - setText: Text 'johoruo3@gmail.com' is set on object 'Object Repository/Final Object Repo/Login Page/Internal User/Email Address'

2018-12-14 11:43:10 - [MESSAGE][PASSED] - Text 'johoruo3@gmail.com' is set on object 'Object Repository/Final Object Repo/Login Page/Internal User/Email Address'

2018-12-14 11:43:10 - [TEST_STEP][PASSED] - click: Object: 'Object Repository/Final Object Repo/Login Page/Internal User/Next Button' is clicked on

2018-12-14 11:43:10 - [MESSAGE][PASSED] - Object: 'Object Repository/Final Object Repo/Login Page/Internal User/Next Button' is clicked on

2018-12-14 11:43:10 - [TEST_STEP][PASSED] - delay: Delayed 1 second(s)

2018-12-14 11:43:11 - [MESSAGE][PASSED] - Delayed 1 second(s)

2018-12-14 11:43:11 - [TEST_STEP][PASSED] - setEncryptedText: Text ****** has been set on object 'Object Repository/Final Object Repo/Login Page/Internal User/Password'

2018-12-14 11:43:11 - [MESSAGE][PASSED] - Text ****** has been set on object 'Object Repository/Final Object Repo/Login Page/Internal User/Password'

2018-12-14 11:43:11 - [TEST_STEP][PASSED] - click: Object: 'Object Repository/Final Object Repo/Login Page/Internal User/Login Button' is clicked on

2018-12-14 11:43:12 - [MESSAGE][PASSED] - Object: 'Object Repository/Final Object Repo/Login Page/Internal User/Login Button' is clicked on

2018-12-14 11:43:12 - [TEST_STEP][PASSED] - delay: Delayed 2 second(s)

2018-12-14 11:43:14 - [MESSAGE][PASSED] - Delayed 2 second(s)

2018-12-14 11:43:14 - [TEST_STEP][PASSED] - Statement - Try: Delayed 2 second(s)

2018-12-14 11:43:14 - [TEST_STEP][PASSED] - Statement - Checker = false: null

2018-12-14 11:43:14 - [TEST_STEP][PASSED] - Statement - Checker = com.kms.katalon.core.webui.keyword.WebUiBuiltInKeywords.verifyElementHasAttribute(com.kms.katalon.core.testobject.ObjectRepository.findTestObject(Final Object Repo/Landing Page/BM Detecting), "href", 20, OPTIONAL): Object 'Object Repository/Final Object Repo/Landing Page/BM Detecting' has attribute 'href'

2018-12-14 11:43:14 - [MESSAGE][PASSED] - Object 'Object Repository/Final Object Repo/Landing Page/BM Detecting' has attribute 'href'

2018-12-14 11:43:14 - [TEST_STEP][PASSED] - Statement - out.println(Checker): null

2018-12-14 11:43:14 - [TEST_STEP][PASSED] - Statement - If (Checker == false): null

2018-12-14 11:43:14 - [TEST_STEP][PASSED] - Statement - Else: null

2018-12-14 11:43:14 - [TEST_STEP][PASSED] - delay: Delayed 2 second(s)

2018-12-14 11:43:16 - [MESSAGE][PASSED] - Delayed 2 second(s)

2018-12-14 11:43:16 - [TEST_STEP][PASSED] - click: Object: 'Object Repository/Final Object Repo/Page_MyASSIST - ASSIST - Search Pending Case For Add Supporting Document/Search Information' is clicked on

2018-12-14 11:43:16 - [MESSAGE][PASSED] - Object: 'Object Repository/Final Object Repo/Page_MyASSIST - ASSIST - Search Pending Case For Add Supporting Document/Search Information' is clicked on

2018-12-14 11:43:16 - [TEST_STEP][PASSED] - delay: Delayed 3 second(s)

2018-12-14 11:43:19 - [MESSAGE][PASSED] - Delayed 3 second(s)

2018-12-14 11:43:19 - [TEST_STEP][PASSED] - sendKeys: Keys 'ERN122018C200002446' sent to object: 'Object Repository/Final Object Repo/Page_MyASSIST - ASSIST - Search Pending Case For Add Supporting Document/Reference No'

2018-12-14 11:43:19 - [MESSAGE][PASSED] - Keys 'ERN122018C200002446' sent to object: 'Object Repository/Final Object Repo/Page_MyASSIST - ASSIST - Search Pending Case For Add Supporting Document/Reference No'

2018-12-14 11:43:19 - [TEST_STEP][PASSED] - click: Object: 'Object Repository/Final Object Repo/Page_MyASSIST - ASSIST - Search Pending Case For Add Supporting Document/Search Reference No' is clicked on

2018-12-14 11:43:19 - [MESSAGE][PASSED] - Object: 'Object Repository/Final Object Repo/Page_MyASSIST - ASSIST - Search Pending Case For Add Supporting Document/Search Reference No' is clicked on

2018-12-14 11:43:19 - [TEST_STEP][PASSED] - delay: Delayed 2 second(s)

2018-12-14 11:43:21 - [MESSAGE][PASSED] - Delayed 2 second(s)

2018-12-14 11:43:21 - [TEST_STEP][PASSED] - click: Object: 'Object Repository/Final Object Repo/Page_MyASSIST - ASSIST - Search Pending Case For Add Supporting Document/Continue' is clicked on

2018-12-14 11:43:25 - [MESSAGE][PASSED] - Object: 'Object Repository/Final Object Repo/Page_MyASSIST - ASSIST - Search Pending Case For Add Supporting Document/Continue' is clicked on

2018-12-14 11:43:25 - [TEST_STEP][PASSED] - delay: Delayed 20 second(s)

2018-12-14 11:43:45 - [MESSAGE][PASSED] - Delayed 20 second(s)

2018-12-14 11:43:45 - [MESSAGE][PASSED] - Call Test Case 'Test Cases/Final Aug 2018 - PKS Automation/Registration Module/Workflow/Login and Search Case For Workflow' successfully

2018-12-14 11:43:45 - [TEST_STEP][PASSED] - click: Object: 'Object Repository/Final Object Repo/Page_Form 3 EIS - Cessation as Employer/Page_Form 3 EIS - Cessation as Employer (Approve)/Save  Continue in Form 3 Page' is clicked on

2018-12-14 11:43:45 - [MESSAGE][PASSED] - Object: 'Object Repository/Final Object Repo/Page_Form 3 EIS - Cessation as Employer/Page_Form 3 EIS - Cessation as Employer (Approve)/Save  Continue in Form 3 Page' is clicked on

2018-12-14 11:43:45 - [TEST_STEP][PASSED] - delay: Delayed 2 second(s)

2018-12-14 11:43:47 - [MESSAGE][PASSED] - Delayed 2 second(s)

2018-12-14 11:43:47 - [TEST_STEP][PASSED] - click: Object: 'Object Repository/Final Object Repo/Page_Form 3 EIS - Cessation as Employer/Page_Form 3 EIS - Cessation as Employer (Approve)/Save  Continue in Resigned Page' is clicked on

2018-12-14 11:43:47 - [MESSAGE][PASSED] - Object: 'Object Repository/Final Object Repo/Page_Form 3 EIS - Cessation as Employer/Page_Form 3 EIS - Cessation as Employer (Approve)/Save  Continue in Resigned Page' is clicked on

2018-12-14 11:43:47 - [TEST_STEP][PASSED] - delay: Delayed 2 second(s)

2018-12-14 11:43:49 - [MESSAGE][PASSED] - Delayed 2 second(s)

2018-12-14 11:43:49 - [TEST_STEP][PASSED] - click: Object: 'Object Repository/Final Object Repo/Page_Form 3 EIS - Cessation as Employer/Page_Form 3 EIS - Cessation as Employer (Approve)/Save  Continue in Uploading Page' is clicked on

2018-12-14 11:43:50 - [MESSAGE][PASSED] - Object: 'Object Repository/Final Object Repo/Page_Form 3 EIS - Cessation as Employer/Page_Form 3 EIS - Cessation as Employer (Approve)/Save  Continue in Uploading Page' is clicked on

2018-12-14 11:43:50 - [TEST_STEP][PASSED] - delay: Delayed 2 second(s)

2018-12-14 11:43:52 - [MESSAGE][PASSED] - Delayed 2 second(s)

2018-12-14 11:43:52 - [TEST_STEP][PASSED] - click: Object: 'Object Repository/Final Object Repo/Page_Form 3 EIS - Cessation as Employer/Page_Form 3 EIS - Cessation as Employer (Under enforcement)/Underenforcement' is clicked on

2018-12-14 11:43:56 - [MESSAGE][PASSED] - Object: 'Object Repository/Final Object Repo/Page_Form 3 EIS - Cessation as Employer/Page_Form 3 EIS - Cessation as Employer (Under enforcement)/Underenforcement' is clicked on

2018-12-14 11:43:56 - [TEST_STEP][PASSED] - delay: Delayed 2 second(s)

2018-12-14 11:43:58 - [MESSAGE][PASSED] - Delayed 2 second(s)

2018-12-14 11:43:58 - [TEST_STEP][PASSED] - setText: Text 'Remark' is set on object 'Object Repository/Final Object Repo/Page_Form 3 EIS - Cessation as Employer/Page_Form 3 EIS - Cessation as Employer (Under enforcement)/Under enforcement - Remark'

2018-12-14 11:43:58 - [MESSAGE][PASSED] - Text 'Remark' is set on object 'Object Repository/Final Object Repo/Page_Form 3 EIS - Cessation as Employer/Page_Form 3 EIS - Cessation as Employer (Under enforcement)/Under enforcement - Remark'

2018-12-14 11:43:58 - [TEST_STEP][PASSED] - delay: Delayed 2 second(s)

2018-12-14 11:44:00 - [MESSAGE][PASSED] - Delayed 2 second(s)

2018-12-14 11:44:00 - [TEST_STEP][PASSED] - click: Object: 'Object Repository/Final Object Repo/Page_Form 3 EIS - Cessation as Employer/Page_Form 3 EIS - Cessation as Employer (Under enforcement)/Save  Continue in Under enforcement' is clicked on

2018-12-14 11:44:01 - [MESSAGE][PASSED] - Object: 'Object Repository/Final Object Repo/Page_Form 3 EIS - Cessation as Employer/Page_Form 3 EIS - Cessation as Employer (Under enforcement)/Save  Continue in Under enforcement' is clicked on

2018-12-14 11:44:01 - [TEST_STEP][PASSED] - doubleClick: Object: 'Object Repository/Final Object Repo/Page_Form 3 EIS - Cessation as Employer/Page_Form 3 EIS - Cessation as Employer (Under enforcement)/Message The case is under enforcement' is double clicked on

2018-12-14 11:44:05 - [MESSAGE][PASSED] - Object: 'Object Repository/Final Object Repo/Page_Form 3 EIS - Cessation as Employer/Page_Form 3 EIS - Cessation as Employer (Under enforcement)/Message The case is under enforcement' is double clicked on

2018-12-14 11:44:05 - [MESSAGE][PASSED] - Call Test Case 'Test Cases/Final Aug 2018 - PKS Automation/Registration Module/Workflow/Form 3 EIS - Cessation As Employer/Template/Form 3 A - Cessation As Employer (Under enforcement)' successfully]]></system-out>
         <system-err><![CDATA[]]></system-err>
      </testcase>
      <testcase name="Test Cases/Final Aug 2018 - PKS Automation/Registration Module/Workflow/Form 3 EIS - Cessation As Employer/PKRBO to UO (Approve)" classname="Test Cases/Final Aug 2018 - PKS Automation/Registration Module/Workflow/Form 3 EIS - Cessation As Employer/PKRBO to UO (Approve)" status="PASSED">
         <system-out><![CDATA[2018-12-14 11:44:05 - [TEST_CASE][PASSED] - Test Cases/Final Aug 2018 - PKS Automation/Registration Module/Workflow/Form 3 EIS - Cessation As Employer/PKRBO to UO (Approve): Test Cases/Final Aug 2018 - PKS Automation/Registration Module/Workflow/Form 3 EIS - Cessation As Employer/PKRBO to UO (Approve)

2018-12-14 11:44:05 - [TEST_STEP][PASSED] - callTestCase: Call Test Case 'Test Cases/Final Aug 2018 - PKS Automation/Registration Module/Workflow/Form 3 EIS - Cessation As Employer/Template/Form 3 A - Cessation As Employer (PKRBO)' successfully

2018-12-14 11:44:05 - [TEST_CASE][PASSED] - Test Cases/Final Aug 2018 - PKS Automation/Registration Module/Workflow/Form 3 EIS - Cessation As Employer/Template/Form 3 A - Cessation As Employer (PKRBO): Test Cases/Final Aug 2018 - PKS Automation/Registration Module/Workflow/Form 3 EIS - Cessation As Employer/Template/Form 3 A - Cessation As Employer (PKRBO)

2018-12-14 11:44:05 - [TEST_STEP][PASSED] - openBrowser: Browser is opened with url: ''

2018-12-14 11:44:05 - [MESSAGE][WARNING] - A browser is already opened. Closing browser and opening a new one

2018-12-14 11:44:11 - [MESSAGE][PASSED] - Browser is opened with url: ''

2018-12-14 11:44:11 - [TEST_STEP][PASSED] - navigateToUrl: Navigate to 'https://assist2-uat.perkeso.gov.my/login' successfully

2018-12-14 11:44:12 - [MESSAGE][PASSED] - Navigate to 'https://assist2-uat.perkeso.gov.my/login' successfully

2018-12-14 11:44:12 - [TEST_STEP][PASSED] - setText: Text 'johorpkrbo1@gmail.com' is set on object 'Object Repository/Final Object Repo/Login Page/Internal User/Email Address'

2018-12-14 11:44:13 - [MESSAGE][PASSED] - Text 'johorpkrbo1@gmail.com' is set on object 'Object Repository/Final Object Repo/Login Page/Internal User/Email Address'

2018-12-14 11:44:13 - [TEST_STEP][PASSED] - click: Object: 'Object Repository/Final Object Repo/Login Page/Internal User/Next Button' is clicked on

2018-12-14 11:44:13 - [MESSAGE][PASSED] - Object: 'Object Repository/Final Object Repo/Login Page/Internal User/Next Button' is clicked on

2018-12-14 11:44:13 - [TEST_STEP][PASSED] - delay: Delayed 1 second(s)

2018-12-14 11:44:14 - [MESSAGE][PASSED] - Delayed 1 second(s)

2018-12-14 11:44:14 - [TEST_STEP][PASSED] - setEncryptedText: Text ****** has been set on object 'Object Repository/Final Object Repo/Login Page/Internal User/Password'

2018-12-14 11:44:15 - [MESSAGE][PASSED] - Text ****** has been set on object 'Object Repository/Final Object Repo/Login Page/Internal User/Password'

2018-12-14 11:44:15 - [TEST_STEP][PASSED] - click: Object: 'Object Repository/Final Object Repo/Login Page/Internal User/Login Button' is clicked on

2018-12-14 11:44:15 - [MESSAGE][PASSED] - Object: 'Object Repository/Final Object Repo/Login Page/Internal User/Login Button' is clicked on

2018-12-14 11:44:15 - [TEST_STEP][PASSED] - delay: Delayed 1 second(s)

2018-12-14 11:44:16 - [MESSAGE][PASSED] - Delayed 1 second(s)

2018-12-14 11:44:16 - [TEST_STEP][PASSED] - Statement - Try: Delayed 2 second(s)

2018-12-14 11:44:16 - [TEST_STEP][PASSED] - Statement - Checker = false: null

2018-12-14 11:44:16 - [TEST_STEP][PASSED] - Statement - Checker = com.kms.katalon.core.webui.keyword.WebUiBuiltInKeywords.verifyElementHasAttribute(com.kms.katalon.core.testobject.ObjectRepository.findTestObject(Final Object Repo/Landing Page/BM Detecting), "href", 20, OPTIONAL): Object 'Object Repository/Final Object Repo/Landing Page/BM Detecting' has attribute 'href'

2018-12-14 11:44:17 - [MESSAGE][PASSED] - Object 'Object Repository/Final Object Repo/Landing Page/BM Detecting' has attribute 'href'

2018-12-14 11:44:17 - [TEST_STEP][PASSED] - Statement - out.println(Checker): null

2018-12-14 11:44:17 - [TEST_STEP][PASSED] - Statement - If (Checker == false): null

2018-12-14 11:44:17 - [TEST_STEP][PASSED] - Statement - Else: null

2018-12-14 11:44:17 - [TEST_STEP][PASSED] - delay: Delayed 2 second(s)

2018-12-14 11:44:19 - [MESSAGE][PASSED] - Delayed 2 second(s)

2018-12-14 11:44:19 - [TEST_STEP][PASSED] - navigateToUrl: Navigate to 'https://assist2-uat.perkeso.gov.my/web/registration/eis-update/form-3-eis-cessation-as-employer' successfully

2018-12-14 11:44:20 - [MESSAGE][PASSED] - Navigate to 'https://assist2-uat.perkeso.gov.my/web/registration/eis-update/form-3-eis-cessation-as-employer' successfully

2018-12-14 11:44:20 - [TEST_STEP][PASSED] - delay: Delayed 1 second(s)

2018-12-14 11:44:21 - [MESSAGE][PASSED] - Delayed 1 second(s)

2018-12-14 11:44:21 - [TEST_STEP][PASSED] - setText: Text 'E1102069769W' is set on object 'Object Repository/Final Object Repo/Page_Form 3 EIS - Cessation as Employer/Employer Code'

2018-12-14 11:44:21 - [MESSAGE][PASSED] - Text 'E1102069769W' is set on object 'Object Repository/Final Object Repo/Page_Form 3 EIS - Cessation as Employer/Employer Code'

2018-12-14 11:44:21 - [TEST_STEP][PASSED] - click: Object: 'Object Repository/Final Object Repo/Page_Form 3 EIS - Cessation as Employer/Search' is clicked on

2018-12-14 11:44:21 - [MESSAGE][PASSED] - Object: 'Object Repository/Final Object Repo/Page_Form 3 EIS - Cessation as Employer/Search' is clicked on

2018-12-14 11:44:21 - [TEST_STEP][PASSED] - click: Object: 'Object Repository/Final Object Repo/Page_Form 3 EIS - Cessation as Employer/Edit' is clicked on

2018-12-14 11:44:26 - [MESSAGE][PASSED] - Object: 'Object Repository/Final Object Repo/Page_Form 3 EIS - Cessation as Employer/Edit' is clicked on

2018-12-14 11:44:26 - [TEST_STEP][PASSED] - delay: Delayed 1 second(s)

2018-12-14 11:44:27 - [MESSAGE][PASSED] - Delayed 1 second(s)

2018-12-14 11:44:27 - [TEST_STEP][PASSED] - Statement - abc = com.kms.katalon.core.webui.keyword.WebUiBuiltInKeywords.getAttribute(com.kms.katalon.core.testobject.ObjectRepository.findTestObject(Final Object Repo/Page_Form 3 EIS - Cessation as Employer/Employer Status), "value"): Attribute 'value' of object 'Object Repository/Final Object Repo/Page_Form 3 EIS - Cessation as Employer/Employer Status' is: 'Active'

2018-12-14 11:44:27 - [MESSAGE][PASSED] - Attribute 'value' of object 'Object Repository/Final Object Repo/Page_Form 3 EIS - Cessation as Employer/Employer Status' is: 'Active'

2018-12-14 11:44:27 - [TEST_STEP][PASSED] - Statement - out.println(abc): null

2018-12-14 11:44:27 - [TEST_STEP][PASSED] - Statement - If (abc == "Active"): Object: 'Object Repository/Final Object Repo/Page_Form 3 EIS - Cessation as Employer/Dormant EIS' is clicked on

2018-12-14 11:44:27 - [TEST_STEP][PASSED] - click: Object: 'Object Repository/Final Object Repo/Page_Form 3 EIS - Cessation as Employer/Change Employer Status to' is clicked on

2018-12-14 11:44:27 - [MESSAGE][PASSED] - Object: 'Object Repository/Final Object Repo/Page_Form 3 EIS - Cessation as Employer/Change Employer Status to' is clicked on

2018-12-14 11:44:27 - [TEST_STEP][PASSED] - click: Object: 'Object Repository/Final Object Repo/Page_Form 3 EIS - Cessation as Employer/Dormant EIS' is clicked on

2018-12-14 11:44:28 - [MESSAGE][PASSED] - Object: 'Object Repository/Final Object Repo/Page_Form 3 EIS - Cessation as Employer/Dormant EIS' is clicked on

2018-12-14 11:44:28 - [TEST_STEP][PASSED] - click: Object: 'Object Repository/Final Object Repo/Page_Form 3 EIS - Cessation as Employer/Calender' is clicked on

2018-12-14 11:44:28 - [MESSAGE][PASSED] - Object: 'Object Repository/Final Object Repo/Page_Form 3 EIS - Cessation as Employer/Calender' is clicked on

2018-12-14 11:44:28 - [TEST_STEP][PASSED] - delay: Delayed 1 second(s)

2018-12-14 11:44:29 - [MESSAGE][PASSED] - Delayed 1 second(s)

2018-12-14 11:44:29 - [TEST_STEP][PASSED] - click: Object: 'Object Repository/Final Object Repo/Page_Form 3 EIS - Cessation as Employer/Calender - Date' is clicked on

2018-12-14 11:44:29 - [MESSAGE][PASSED] - Object: 'Object Repository/Final Object Repo/Page_Form 3 EIS - Cessation as Employer/Calender - Date' is clicked on

2018-12-14 11:44:29 - [TEST_STEP][PASSED] - click: Object: 'Object Repository/Final Object Repo/Page_Form 3 EIS - Cessation as Employer/Save  Continue in Form 3 EIS Page' is clicked on

2018-12-14 11:44:29 - [MESSAGE][PASSED] - Object: 'Object Repository/Final Object Repo/Page_Form 3 EIS - Cessation as Employer/Save  Continue in Form 3 EIS Page' is clicked on

2018-12-14 11:44:29 - [TEST_STEP][PASSED] - delay: Delayed 1 second(s)

2018-12-14 11:44:30 - [MESSAGE][PASSED] - Delayed 1 second(s)

2018-12-14 11:44:30 - [TEST_STEP][PASSED] - click: Object: 'Object Repository/Final Object Repo/Page_Form 3 EIS - Cessation as Employer/Employment Resign Date' is clicked on

2018-12-14 11:44:31 - [MESSAGE][PASSED] - Object: 'Object Repository/Final Object Repo/Page_Form 3 EIS - Cessation as Employer/Employment Resign Date' is clicked on

2018-12-14 11:44:31 - [TEST_STEP][PASSED] - selectOptionByValue: All options with value '2030' are selected in object 'Object Repository/Final Object Repo/Page_Form 3 EIS - Cessation as Employer/Employment Resign Date - Year' 

2018-12-14 11:44:31 - [MESSAGE][PASSED] - All options with value '2030' are selected in object 'Object Repository/Final Object Repo/Page_Form 3 EIS - Cessation as Employer/Employment Resign Date - Year' 

2018-12-14 11:44:31 - [TEST_STEP][PASSED] - delay: Delayed 2 second(s)

2018-12-14 11:44:33 - [MESSAGE][PASSED] - Delayed 2 second(s)

2018-12-14 11:44:33 - [TEST_STEP][PASSED] - click: Object: 'Object Repository/Final Object Repo/Page_Form 3 EIS - Cessation as Employer/Employment Resign Date - Year - Date' is clicked on

2018-12-14 11:44:33 - [MESSAGE][PASSED] - Object: 'Object Repository/Final Object Repo/Page_Form 3 EIS - Cessation as Employer/Employment Resign Date - Year - Date' is clicked on

2018-12-14 11:44:33 - [TEST_STEP][PASSED] - delay: Delayed 2 second(s)

2018-12-14 11:44:35 - [MESSAGE][PASSED] - Delayed 2 second(s)

2018-12-14 11:44:35 - [TEST_STEP][PASSED] - click: Object: 'Object Repository/Final Object Repo/Page_Form 3 EIS - Cessation as Employer/Save  Continue in Employment Resign Page' is clicked on

2018-12-14 11:44:36 - [MESSAGE][PASSED] - Object: 'Object Repository/Final Object Repo/Page_Form 3 EIS - Cessation as Employer/Save  Continue in Employment Resign Page' is clicked on

2018-12-14 11:44:36 - [TEST_STEP][PASSED] - delay: Delayed 2 second(s)

2018-12-14 11:44:38 - [MESSAGE][PASSED] - Delayed 2 second(s)

2018-12-14 11:44:38 - [TEST_STEP][PASSED] - click: Object: 'Object Repository/Final Object Repo/Page_Form 3 EIS - Cessation as Employer/Set Latest - Yes' is clicked on

2018-12-14 11:44:38 - [MESSAGE][PASSED] - Object: 'Object Repository/Final Object Repo/Page_Form 3 EIS - Cessation as Employer/Set Latest - Yes' is clicked on

2018-12-14 11:44:38 - [TEST_STEP][PASSED] - delay: Delayed 2 second(s)

2018-12-14 11:44:40 - [MESSAGE][PASSED] - Delayed 2 second(s)

2018-12-14 11:44:40 - [TEST_STEP][PASSED] - click: Object: 'Object Repository/Final Object Repo/Page_Form 3 EIS - Cessation as Employer/Add Document' is clicked on

2018-12-14 11:44:41 - [MESSAGE][PASSED] - Object: 'Object Repository/Final Object Repo/Page_Form 3 EIS - Cessation as Employer/Add Document' is clicked on

2018-12-14 11:44:41 - [TEST_STEP][PASSED] - delay: Delayed 3 second(s)

2018-12-14 11:44:44 - [MESSAGE][PASSED] - Delayed 3 second(s)

2018-12-14 11:44:44 - [TEST_STEP][PASSED] - click: Object: 'Object Repository/Final Object Repo/Page_Form 3 EIS - Cessation as Employer/Document Type' is clicked on

2018-12-14 11:44:44 - [MESSAGE][PASSED] - Object: 'Object Repository/Final Object Repo/Page_Form 3 EIS - Cessation as Employer/Document Type' is clicked on

2018-12-14 11:44:44 - [TEST_STEP][PASSED] - click: Object: 'Object Repository/Final Object Repo/Page_Form 3 EIS - Cessation as Employer/Document Type - Form 3' is clicked on

2018-12-14 11:44:44 - [MESSAGE][PASSED] - Object: 'Object Repository/Final Object Repo/Page_Form 3 EIS - Cessation as Employer/Document Type - Form 3' is clicked on

2018-12-14 11:44:44 - [TEST_STEP][PASSED] - delay: Delayed 2 second(s)

2018-12-14 11:44:46 - [MESSAGE][PASSED] - Delayed 2 second(s)

2018-12-14 11:44:46 - [TEST_STEP][PASSED] - sendKeys: Keys 'C:\Users\Public\Pictures\Sample Pictures\Koala.jpg' sent to object: 'Object Repository/Final Object Repo/Page_Form 3 EIS - Cessation as Employer/ploading File'

2018-12-14 11:44:46 - [MESSAGE][PASSED] - Keys 'C:\Users\Public\Pictures\Sample Pictures\Koala.jpg' sent to object: 'Object Repository/Final Object Repo/Page_Form 3 EIS - Cessation as Employer/ploading File'

2018-12-14 11:44:46 - [TEST_STEP][PASSED] - delay: Delayed 1 second(s)

2018-12-14 11:44:47 - [MESSAGE][PASSED] - Delayed 1 second(s)

2018-12-14 11:44:47 - [TEST_STEP][PASSED] - click: Object: 'Object Repository/Final Object Repo/Page_Form 3 EIS - Cessation as Employer/Add Document in Uploading Page' is clicked on

2018-12-14 11:44:47 - [MESSAGE][PASSED] - Object: 'Object Repository/Final Object Repo/Page_Form 3 EIS - Cessation as Employer/Add Document in Uploading Page' is clicked on

2018-12-14 11:44:47 - [TEST_STEP][PASSED] - delay: Delayed 2 second(s)

2018-12-14 11:44:49 - [MESSAGE][PASSED] - Delayed 2 second(s)

2018-12-14 11:44:49 - [TEST_STEP][PASSED] - Statement - CaseReferenceNo = com.kms.katalon.core.webui.keyword.WebUiBuiltInKeywords.getText(com.kms.katalon.core.testobject.ObjectRepository.findTestObject(Final Object Repo/Page_Update Employer Information/Reference Number in Update Employee Information Page)): Text of object 'Object Repository/Final Object Repo/Page_Update Employer Information/Reference Number in Update Employee Information Page' is: 'ERN122018C200002447'

2018-12-14 11:44:51 - [MESSAGE][PASSED] - Text of object 'Object Repository/Final Object Repo/Page_Update Employer Information/Reference Number in Update Employee Information Page' is: 'ERN122018C200002447'

2018-12-14 11:44:51 - [TEST_STEP][PASSED] - callTestCase: Call Test Case 'Test Cases/Final Aug 2018 - PKS Automation/Common/Reference Number Setter' successfully

2018-12-14 11:44:51 - [TEST_CASE][PASSED] - Test Cases/Final Aug 2018 - PKS Automation/Common/Reference Number Setter: Test Cases/Final Aug 2018 - PKS Automation/Common/Reference Number Setter

2018-12-14 11:44:51 - [TEST_STEP][PASSED] - Statement - RefNoOldFile = new java.io.File(C://Users//Admin//Desktop//PKS//Automation Reference Point//KatalonReference.txt): null

2018-12-14 11:44:51 - [TEST_STEP][PASSED] - Statement - RefNoOldFile.delete(): null

2018-12-14 11:44:51 - [TEST_STEP][PASSED] - delay: Delayed 5 second(s)

2018-12-14 11:44:56 - [MESSAGE][PASSED] - Delayed 5 second(s)

2018-12-14 11:44:56 - [TEST_STEP][PASSED] - Statement - RefNo = new java.io.File(C://Users//Admin//Desktop//PKS//Automation Reference Point//KatalonReference.txt): null

2018-12-14 11:44:56 - [TEST_STEP][PASSED] - Statement - f2 = new java.io.FileWriter(RefNo, false): null

2018-12-14 11:44:56 - [TEST_STEP][PASSED] - Statement - f2.write(CaseReferenceNo): null

2018-12-14 11:44:56 - [TEST_STEP][PASSED] - Statement - f2.close(): null

2018-12-14 11:44:56 - [TEST_STEP][PASSED] - Statement - out.println("


" + CaseReferenceNo + "


"): null

2018-12-14 11:44:56 - [MESSAGE][PASSED] - Call Test Case 'Test Cases/Final Aug 2018 - PKS Automation/Common/Reference Number Setter' successfully

2018-12-14 11:44:56 - [TEST_STEP][PASSED] - delay: Delayed 2 second(s)

2018-12-14 11:44:58 - [MESSAGE][PASSED] - Delayed 2 second(s)

2018-12-14 11:44:58 - [TEST_STEP][PASSED] - click: Object: 'Object Repository/Final Object Repo/Page_Form 3 EIS - Cessation as Employer/Save  Continue in Uploading Page' is clicked on

2018-12-14 11:44:58 - [MESSAGE][PASSED] - Object: 'Object Repository/Final Object Repo/Page_Form 3 EIS - Cessation as Employer/Save  Continue in Uploading Page' is clicked on

2018-12-14 11:44:58 - [TEST_STEP][PASSED] - delay: Delayed 2 second(s)

2018-12-14 11:45:00 - [MESSAGE][PASSED] - Delayed 2 second(s)

2018-12-14 11:45:00 - [TEST_STEP][PASSED] - click: Object: 'Object Repository/Final Object Repo/Page_Form 3 EIS - Cessation as Employer/Submit' is clicked on

2018-12-14 11:45:03 - [MESSAGE][PASSED] - Object: 'Object Repository/Final Object Repo/Page_Form 3 EIS - Cessation as Employer/Submit' is clicked on

2018-12-14 11:45:03 - [TEST_STEP][PASSED] - delay: Delayed 2 second(s)

2018-12-14 11:45:05 - [MESSAGE][PASSED] - Delayed 2 second(s)

2018-12-14 11:45:05 - [TEST_STEP][PASSED] - click: Object: 'Object Repository/Final Object Repo/Page_Form 3 EIS - Cessation as Employer/Confirm' is clicked on

2018-12-14 11:45:06 - [MESSAGE][PASSED] - Object: 'Object Repository/Final Object Repo/Page_Form 3 EIS - Cessation as Employer/Confirm' is clicked on

2018-12-14 11:45:06 - [TEST_STEP][PASSED] - delay: Delayed 2 second(s)

2018-12-14 11:45:08 - [MESSAGE][PASSED] - Delayed 2 second(s)

2018-12-14 11:45:08 - [TEST_STEP][PASSED] - click: Object: 'Object Repository/Final Object Repo/Page_Form 3 EIS - Cessation as Employer/Message Your Request will be routed to UO' is clicked on

2018-12-14 11:45:11 - [MESSAGE][PASSED] - Object: 'Object Repository/Final Object Repo/Page_Form 3 EIS - Cessation as Employer/Message Your Request will be routed to UO' is clicked on

2018-12-14 11:45:11 - [TEST_STEP][PASSED] - click: Object: 'Object Repository/Final Object Repo/Page_Form 3 EIS - Cessation as Employer/Letter of acknowledgement' is clicked on

2018-12-14 11:45:12 - [MESSAGE][PASSED] - Object: 'Object Repository/Final Object Repo/Page_Form 3 EIS - Cessation as Employer/Letter of acknowledgement' is clicked on

2018-12-14 11:45:12 - [MESSAGE][PASSED] - Call Test Case 'Test Cases/Final Aug 2018 - PKS Automation/Registration Module/Workflow/Form 3 EIS - Cessation As Employer/Template/Form 3 A - Cessation As Employer (PKRBO)' successfully

2018-12-14 11:45:12 - [TEST_STEP][PASSED] - callTestCase: Call Test Case 'Test Cases/Final Aug 2018 - PKS Automation/Registration Module/Workflow/Form 3 EIS - Cessation As Employer/Template/Form 3 A - Cessation As Employer (Approve)' successfully

2018-12-14 11:45:12 - [TEST_CASE][PASSED] - Test Cases/Final Aug 2018 - PKS Automation/Registration Module/Workflow/Form 3 EIS - Cessation As Employer/Template/Form 3 A - Cessation As Employer (Approve): Test Cases/Final Aug 2018 - PKS Automation/Registration Module/Workflow/Form 3 EIS - Cessation As Employer/Template/Form 3 A - Cessation As Employer (Approve)

2018-12-14 11:45:12 - [TEST_STEP][NOT_RUN] - callTestCase: NOT_RUN: callTestCase

2018-12-14 11:45:12 - [MESSAGE][NOT_RUN] - NOT_RUN: callTestCase

2018-12-14 11:45:12 - [TEST_STEP][PASSED] - delay: Delayed 1 second(s)

2018-12-14 11:45:13 - [MESSAGE][PASSED] - Delayed 1 second(s)

2018-12-14 11:45:13 - [TEST_STEP][PASSED] - navigateToUrl: Navigate to 'https://assist2-uat.perkeso.gov.my/c/portal/logout' successfully

2018-12-14 11:45:14 - [MESSAGE][PASSED] - Navigate to 'https://assist2-uat.perkeso.gov.my/c/portal/logout' successfully

2018-12-14 11:45:14 - [TEST_STEP][PASSED] - delay: Delayed 1 second(s)

2018-12-14 11:45:15 - [MESSAGE][PASSED] - Delayed 1 second(s)

2018-12-14 11:45:15 - [TEST_STEP][PASSED] - callTestCase: Call Test Case 'Test Cases/Final Aug 2018 - PKS Automation/Common/Reference Number Getter' successfully

2018-12-14 11:45:15 - [TEST_CASE][PASSED] - Test Cases/Final Aug 2018 - PKS Automation/Common/Reference Number Getter: Test Cases/Final Aug 2018 - PKS Automation/Common/Reference Number Getter

2018-12-14 11:45:15 - [TEST_STEP][PASSED] - Statement - Try: null

2018-12-14 11:45:15 - [TEST_STEP][PASSED] - Statement - RefNo = new java.io.File(C://Users//Admin//Desktop//PKS//Automation Reference Point//KatalonReference.txt): null

2018-12-14 11:45:15 - [TEST_STEP][PASSED] - Statement - bufferread = new java.io.BufferedReader(new java.io.FileReader(RefNo)): null

2018-12-14 11:45:15 - [TEST_STEP][PASSED] - Statement - readedVal = bufferread.readLine(): null

2018-12-14 11:45:15 - [TEST_STEP][PASSED] - Statement - out.println(CaseReferenceNo): null

2018-12-14 11:45:15 - [TEST_STEP][PASSED] - Statement - out.println(readedVal): null

2018-12-14 11:45:15 - [TEST_STEP][PASSED] - Statement - CaseReferenceNo = "": null

2018-12-14 11:45:15 - [TEST_STEP][PASSED] - Statement - CaseReferenceNo = readedVal: null

2018-12-14 11:45:15 - [MESSAGE][PASSED] - Call Test Case 'Test Cases/Final Aug 2018 - PKS Automation/Common/Reference Number Getter' successfully

2018-12-14 11:45:15 - [TEST_STEP][PASSED] - callTestCase: Call Test Case 'Test Cases/Final Aug 2018 - PKS Automation/Common/Workflow Owner Finder' successfully

2018-12-14 11:45:15 - [TEST_CASE][PASSED] - Test Cases/Final Aug 2018 - PKS Automation/Common/Workflow Owner Finder: Test Cases/Final Aug 2018 - PKS Automation/Common/Workflow Owner Finder

2018-12-14 11:45:15 - [TEST_STEP][PASSED] - openBrowser: Browser is opened with url: ''

2018-12-14 11:45:15 - [MESSAGE][WARNING] - A browser is already opened. Closing browser and opening a new one

2018-12-14 11:45:19 - [MESSAGE][PASSED] - Browser is opened with url: ''

2018-12-14 11:45:19 - [TEST_STEP][PASSED] - navigateToUrl: Navigate to 'https://assist2-uat.perkeso.gov.my/login' successfully

2018-12-14 11:45:20 - [MESSAGE][PASSED] - Navigate to 'https://assist2-uat.perkeso.gov.my/login' successfully

2018-12-14 11:45:20 - [TEST_STEP][PASSED] - delay: Delayed 5 second(s)

2018-12-14 11:45:25 - [MESSAGE][PASSED] - Delayed 5 second(s)

2018-12-14 11:45:25 - [TEST_STEP][PASSED] - setText: Text 'test@liferay.com' is set on object 'Object Repository/Final Object Repo/Login Page/Internal User/Email Address'

2018-12-14 11:45:26 - [MESSAGE][PASSED] - Text 'test@liferay.com' is set on object 'Object Repository/Final Object Repo/Login Page/Internal User/Email Address'

2018-12-14 11:45:26 - [TEST_STEP][PASSED] - click: Object: 'Object Repository/Final Object Repo/Login Page/Internal User/Next Button' is clicked on

2018-12-14 11:45:26 - [MESSAGE][PASSED] - Object: 'Object Repository/Final Object Repo/Login Page/Internal User/Next Button' is clicked on

2018-12-14 11:45:26 - [TEST_STEP][PASSED] - delay: Delayed 2 second(s)

2018-12-14 11:45:28 - [MESSAGE][PASSED] - Delayed 2 second(s)

2018-12-14 11:45:28 - [TEST_STEP][PASSED] - setText: Text 'test' is set on object 'Object Repository/Final Object Repo/Login Page/Internal User/Password'

2018-12-14 11:45:28 - [MESSAGE][PASSED] - Text 'test' is set on object 'Object Repository/Final Object Repo/Login Page/Internal User/Password'

2018-12-14 11:45:28 - [TEST_STEP][PASSED] - delay: Delayed 2 second(s)

2018-12-14 11:45:30 - [MESSAGE][PASSED] - Delayed 2 second(s)

2018-12-14 11:45:30 - [TEST_STEP][PASSED] - click: Object: 'Object Repository/Final Object Repo/Login Page/Internal User/Login Button' is clicked on

2018-12-14 11:45:30 - [MESSAGE][PASSED] - Object: 'Object Repository/Final Object Repo/Login Page/Internal User/Login Button' is clicked on

2018-12-14 11:45:30 - [TEST_STEP][PASSED] - Statement - tester = com.kms.katalon.core.testobject.ObjectRepository.findTestObject(Final Object Repo/Landing Page/Select to English): Finding Test Object with id 'Object Repository/Final Object Repo/Landing Page/Select to English'

2018-12-14 11:45:30 - [TEST_STEP][PASSED] - Statement - Try: Delayed 2 second(s)

2018-12-14 11:45:30 - [TEST_STEP][PASSED] - Statement - Checker = com.kms.katalon.core.webui.keyword.WebUiBuiltInKeywords.verifyElementNotPresent(tester, 3): Web element with id: 'Object Repository/Final Object Repo/Landing Page/Select to English' located by 'By.xpath: //a[@class = 'taglib-language-list-text' and @lang = 'en-US' and (contains(text(), 'EN') or contains(., 'EN'))]' is not present after '3' second(s)

2018-12-14 11:45:33 - [MESSAGE][PASSED] - Web element with id: 'Object Repository/Final Object Repo/Landing Page/Select to English' located by 'By.xpath: //a[@class = 'taglib-language-list-text' and @lang = 'en-US' and (contains(text(), 'EN') or contains(., 'EN'))]' is not present after '3' second(s)

2018-12-14 11:45:33 - [TEST_STEP][PASSED] - Statement - If (Checker == false): null

2018-12-14 11:45:33 - [TEST_STEP][PASSED] - delay: Delayed 2 second(s)

2018-12-14 11:45:35 - [MESSAGE][PASSED] - Delayed 2 second(s)

2018-12-14 11:45:35 - [TEST_STEP][PASSED] - delay: Delayed 5 second(s)

2018-12-14 11:45:40 - [MESSAGE][PASSED] - Delayed 5 second(s)

2018-12-14 11:45:40 - [TEST_STEP][PASSED] - mouseOver: Object: 'Object Repository/Final Object Repo/Landing Page/WorkFlow Menu' is hovered

2018-12-14 11:45:40 - [MESSAGE][PASSED] - Object: 'Object Repository/Final Object Repo/Landing Page/WorkFlow Menu' is hovered

2018-12-14 11:45:40 - [TEST_STEP][PASSED] - delay: Delayed 2 second(s)

2018-12-14 11:45:42 - [MESSAGE][PASSED] - Delayed 2 second(s)

2018-12-14 11:45:42 - [TEST_STEP][PASSED] - click: Object: 'Object Repository/Final Object Repo/Landing Page/Select to Workflow Listing' is clicked on

2018-12-14 11:45:44 - [MESSAGE][PASSED] - Object: 'Object Repository/Final Object Repo/Landing Page/Select to Workflow Listing' is clicked on

2018-12-14 11:45:44 - [TEST_STEP][PASSED] - delay: Delayed 2 second(s)

2018-12-14 11:45:46 - [MESSAGE][PASSED] - Delayed 2 second(s)

2018-12-14 11:45:46 - [TEST_STEP][PASSED] - click: Object: 'Object Repository/Final Object Repo/WorkFlow Listing Page/Search Information - To Put Ref No' is clicked on

2018-12-14 11:45:46 - [MESSAGE][PASSED] - Object: 'Object Repository/Final Object Repo/WorkFlow Listing Page/Search Information - To Put Ref No' is clicked on

2018-12-14 11:45:46 - [TEST_STEP][PASSED] - delay: Delayed 2 second(s)

2018-12-14 11:45:48 - [MESSAGE][PASSED] - Delayed 2 second(s)

2018-12-14 11:45:48 - [TEST_STEP][PASSED] - callTestCase: Call Test Case 'Test Cases/Final Aug 2018 - PKS Automation/Common/Reference Number Getter' successfully

2018-12-14 11:45:48 - [TEST_CASE][PASSED] - Test Cases/Final Aug 2018 - PKS Automation/Common/Reference Number Getter: Test Cases/Final Aug 2018 - PKS Automation/Common/Reference Number Getter

2018-12-14 11:45:48 - [TEST_STEP][PASSED] - Statement - Try: null

2018-12-14 11:45:48 - [TEST_STEP][PASSED] - Statement - RefNo = new java.io.File(C://Users//Admin//Desktop//PKS//Automation Reference Point//KatalonReference.txt): null

2018-12-14 11:45:48 - [TEST_STEP][PASSED] - Statement - bufferread = new java.io.BufferedReader(new java.io.FileReader(RefNo)): null

2018-12-14 11:45:48 - [TEST_STEP][PASSED] - Statement - readedVal = bufferread.readLine(): null

2018-12-14 11:45:48 - [TEST_STEP][PASSED] - Statement - out.println(CaseReferenceNo): null

2018-12-14 11:45:48 - [TEST_STEP][PASSED] - Statement - out.println(readedVal): null

2018-12-14 11:45:48 - [TEST_STEP][PASSED] - Statement - CaseReferenceNo = "": null

2018-12-14 11:45:48 - [TEST_STEP][PASSED] - Statement - CaseReferenceNo = readedVal: null

2018-12-14 11:45:48 - [MESSAGE][PASSED] - Call Test Case 'Test Cases/Final Aug 2018 - PKS Automation/Common/Reference Number Getter' successfully

2018-12-14 11:45:48 - [TEST_STEP][PASSED] - setText: Text 'ERN122018C200002447' is set on object 'Object Repository/Final Object Repo/WorkFlow Listing Page/Ref No Set Text'

2018-12-14 11:45:48 - [MESSAGE][PASSED] - Text 'ERN122018C200002447' is set on object 'Object Repository/Final Object Repo/WorkFlow Listing Page/Ref No Set Text'

2018-12-14 11:45:48 - [TEST_STEP][PASSED] - delay: Delayed 2 second(s)

2018-12-14 11:45:50 - [MESSAGE][PASSED] - Delayed 2 second(s)

2018-12-14 11:45:50 - [TEST_STEP][PASSED] - click: Object: 'Object Repository/Final Object Repo/WorkFlow Listing Page/Search Ref No Search Button' is clicked on

2018-12-14 11:45:50 - [MESSAGE][PASSED] - Object: 'Object Repository/Final Object Repo/WorkFlow Listing Page/Search Ref No Search Button' is clicked on

2018-12-14 11:45:50 - [TEST_STEP][PASSED] - delay: Delayed 6 second(s)

2018-12-14 11:45:56 - [MESSAGE][PASSED] - Delayed 6 second(s)

2018-12-14 11:45:56 - [TEST_STEP][PASSED] - click: Object: 'Object Repository/Final Object Repo/WorkFlow Listing Page/Click Continue Tooltip' is clicked on

2018-12-14 11:45:57 - [MESSAGE][PASSED] - Object: 'Object Repository/Final Object Repo/WorkFlow Listing Page/Click Continue Tooltip' is clicked on

2018-12-14 11:45:57 - [TEST_STEP][PASSED] - delay: Delayed 5 second(s)

2018-12-14 11:46:02 - [MESSAGE][PASSED] - Delayed 5 second(s)

2018-12-14 11:46:02 - [TEST_STEP][PASSED] - doubleClick: Object: 'Object Repository/Final Object Repo/WorkFlow Listing Page/Workflow Found - Listing 1' is double clicked on

2018-12-14 11:46:03 - [MESSAGE][PASSED] - Object: 'Object Repository/Final Object Repo/WorkFlow Listing Page/Workflow Found - Listing 1' is double clicked on

2018-12-14 11:46:03 - [TEST_STEP][PASSED] - Statement - println(OwnerID): null

2018-12-14 11:46:03 - [TEST_STEP][PASSED] - Statement - OwnerID = com.kms.katalon.core.webui.keyword.WebUiBuiltInKeywords.getText(com.kms.katalon.core.testobject.ObjectRepository.findTestObject(Final Object Repo/WorkFlow Listing Page/Workflow Found - Listing 1), STOP_ON_FAILURE): Text of object 'Object Repository/Final Object Repo/WorkFlow Listing Page/Workflow Found - Listing 1' is: 'JOHORuo1'

2018-12-14 11:46:03 - [MESSAGE][PASSED] - Text of object 'Object Repository/Final Object Repo/WorkFlow Listing Page/Workflow Found - Listing 1' is: 'JOHORuo1'

2018-12-14 11:46:03 - [TEST_STEP][PASSED] - Statement - OwnerID = OwnerID.toLowerCase() + "@gmail.com": null

2018-12-14 11:46:03 - [TEST_STEP][PASSED] - Statement - println(OwnerID): null

2018-12-14 11:46:03 - [TEST_STEP][PASSED] - delay: Delayed 2 second(s)

2018-12-14 11:46:05 - [MESSAGE][PASSED] - Delayed 2 second(s)

2018-12-14 11:46:05 - [MESSAGE][PASSED] - Call Test Case 'Test Cases/Final Aug 2018 - PKS Automation/Common/Workflow Owner Finder' successfully

2018-12-14 11:46:05 - [TEST_STEP][PASSED] - delay: Delayed 1 second(s)

2018-12-14 11:46:06 - [MESSAGE][PASSED] - Delayed 1 second(s)

2018-12-14 11:46:06 - [TEST_STEP][PASSED] - navigateToUrl: Navigate to 'https://assist2-uat.perkeso.gov.my/c/portal/logout' successfully

2018-12-14 11:46:07 - [MESSAGE][PASSED] - Navigate to 'https://assist2-uat.perkeso.gov.my/c/portal/logout' successfully

2018-12-14 11:46:07 - [TEST_STEP][PASSED] - delay: Delayed 1 second(s)

2018-12-14 11:46:08 - [MESSAGE][PASSED] - Delayed 1 second(s)

2018-12-14 11:46:08 - [TEST_STEP][PASSED] - callTestCase: Call Test Case 'Test Cases/Final Aug 2018 - PKS Automation/Registration Module/Workflow/Login and Search Case For Workflow' successfully

2018-12-14 11:46:08 - [TEST_CASE][PASSED] - Test Cases/Final Aug 2018 - PKS Automation/Registration Module/Workflow/Login and Search Case For Workflow: Test Cases/Final Aug 2018 - PKS Automation/Registration Module/Workflow/Login and Search Case For Workflow

2018-12-14 11:46:08 - [TEST_STEP][PASSED] - navigateToUrl: Navigate to 'https://assist2-uat.perkeso.gov.my/login' successfully

2018-12-14 11:46:08 - [MESSAGE][PASSED] - Navigate to 'https://assist2-uat.perkeso.gov.my/login' successfully

2018-12-14 11:46:08 - [TEST_STEP][PASSED] - setText: Text 'johoruo1@gmail.com' is set on object 'Object Repository/Final Object Repo/Login Page/Internal User/Email Address'

2018-12-14 11:46:09 - [MESSAGE][PASSED] - Text 'johoruo1@gmail.com' is set on object 'Object Repository/Final Object Repo/Login Page/Internal User/Email Address'

2018-12-14 11:46:09 - [TEST_STEP][PASSED] - click: Object: 'Object Repository/Final Object Repo/Login Page/Internal User/Next Button' is clicked on

2018-12-14 11:46:09 - [MESSAGE][PASSED] - Object: 'Object Repository/Final Object Repo/Login Page/Internal User/Next Button' is clicked on

2018-12-14 11:46:09 - [TEST_STEP][PASSED] - delay: Delayed 1 second(s)

2018-12-14 11:46:10 - [MESSAGE][PASSED] - Delayed 1 second(s)

2018-12-14 11:46:10 - [TEST_STEP][PASSED] - setEncryptedText: Text ****** has been set on object 'Object Repository/Final Object Repo/Login Page/Internal User/Password'

2018-12-14 11:46:10 - [MESSAGE][PASSED] - Text ****** has been set on object 'Object Repository/Final Object Repo/Login Page/Internal User/Password'

2018-12-14 11:46:10 - [TEST_STEP][PASSED] - click: Object: 'Object Repository/Final Object Repo/Login Page/Internal User/Login Button' is clicked on

2018-12-14 11:46:10 - [MESSAGE][PASSED] - Object: 'Object Repository/Final Object Repo/Login Page/Internal User/Login Button' is clicked on

2018-12-14 11:46:10 - [TEST_STEP][PASSED] - delay: Delayed 2 second(s)

2018-12-14 11:46:12 - [MESSAGE][PASSED] - Delayed 2 second(s)

2018-12-14 11:46:12 - [TEST_STEP][PASSED] - Statement - Try: Delayed 2 second(s)

2018-12-14 11:46:12 - [TEST_STEP][PASSED] - Statement - Checker = false: null

2018-12-14 11:46:12 - [TEST_STEP][PASSED] - Statement - Checker = com.kms.katalon.core.webui.keyword.WebUiBuiltInKeywords.verifyElementHasAttribute(com.kms.katalon.core.testobject.ObjectRepository.findTestObject(Final Object Repo/Landing Page/BM Detecting), "href", 20, OPTIONAL): Object 'Object Repository/Final Object Repo/Landing Page/BM Detecting' has attribute 'href'

2018-12-14 11:46:13 - [MESSAGE][PASSED] - Object 'Object Repository/Final Object Repo/Landing Page/BM Detecting' has attribute 'href'

2018-12-14 11:46:13 - [TEST_STEP][PASSED] - Statement - out.println(Checker): null

2018-12-14 11:46:13 - [TEST_STEP][PASSED] - Statement - If (Checker == false): null

2018-12-14 11:46:13 - [TEST_STEP][PASSED] - Statement - Else: null

2018-12-14 11:46:13 - [TEST_STEP][PASSED] - delay: Delayed 2 second(s)

2018-12-14 11:46:15 - [MESSAGE][PASSED] - Delayed 2 second(s)

2018-12-14 11:46:15 - [TEST_STEP][PASSED] - click: Object: 'Object Repository/Final Object Repo/Page_MyASSIST - ASSIST - Search Pending Case For Add Supporting Document/Search Information' is clicked on

2018-12-14 11:46:15 - [MESSAGE][PASSED] - Object: 'Object Repository/Final Object Repo/Page_MyASSIST - ASSIST - Search Pending Case For Add Supporting Document/Search Information' is clicked on

2018-12-14 11:46:15 - [TEST_STEP][PASSED] - delay: Delayed 3 second(s)

2018-12-14 11:46:18 - [MESSAGE][PASSED] - Delayed 3 second(s)

2018-12-14 11:46:18 - [TEST_STEP][PASSED] - sendKeys: Keys 'ERN122018C200002447' sent to object: 'Object Repository/Final Object Repo/Page_MyASSIST - ASSIST - Search Pending Case For Add Supporting Document/Reference No'

2018-12-14 11:46:18 - [MESSAGE][PASSED] - Keys 'ERN122018C200002447' sent to object: 'Object Repository/Final Object Repo/Page_MyASSIST - ASSIST - Search Pending Case For Add Supporting Document/Reference No'

2018-12-14 11:46:18 - [TEST_STEP][PASSED] - click: Object: 'Object Repository/Final Object Repo/Page_MyASSIST - ASSIST - Search Pending Case For Add Supporting Document/Search Reference No' is clicked on

2018-12-14 11:46:18 - [MESSAGE][PASSED] - Object: 'Object Repository/Final Object Repo/Page_MyASSIST - ASSIST - Search Pending Case For Add Supporting Document/Search Reference No' is clicked on

2018-12-14 11:46:18 - [TEST_STEP][PASSED] - delay: Delayed 2 second(s)

2018-12-14 11:46:20 - [MESSAGE][PASSED] - Delayed 2 second(s)

2018-12-14 11:46:20 - [TEST_STEP][PASSED] - click: Object: 'Object Repository/Final Object Repo/Page_MyASSIST - ASSIST - Search Pending Case For Add Supporting Document/Continue' is clicked on

2018-12-14 11:46:24 - [MESSAGE][PASSED] - Object: 'Object Repository/Final Object Repo/Page_MyASSIST - ASSIST - Search Pending Case For Add Supporting Document/Continue' is clicked on

2018-12-14 11:46:24 - [TEST_STEP][PASSED] - delay: Delayed 20 second(s)

2018-12-14 11:46:44 - [MESSAGE][PASSED] - Delayed 20 second(s)

2018-12-14 11:46:44 - [MESSAGE][PASSED] - Call Test Case 'Test Cases/Final Aug 2018 - PKS Automation/Registration Module/Workflow/Login and Search Case For Workflow' successfully

2018-12-14 11:46:44 - [TEST_STEP][PASSED] - click: Object: 'Object Repository/Final Object Repo/Page_Form 3 EIS - Cessation as Employer/Page_Form 3 EIS - Cessation as Employer (Approve)/Save  Continue in Form 3 Page' is clicked on

2018-12-14 11:46:44 - [MESSAGE][PASSED] - Object: 'Object Repository/Final Object Repo/Page_Form 3 EIS - Cessation as Employer/Page_Form 3 EIS - Cessation as Employer (Approve)/Save  Continue in Form 3 Page' is clicked on

2018-12-14 11:46:44 - [TEST_STEP][PASSED] - delay: Delayed 2 second(s)

2018-12-14 11:46:46 - [MESSAGE][PASSED] - Delayed 2 second(s)

2018-12-14 11:46:46 - [TEST_STEP][PASSED] - click: Object: 'Object Repository/Final Object Repo/Page_Form 3 EIS - Cessation as Employer/Page_Form 3 EIS - Cessation as Employer (Approve)/Save  Continue in Resigned Page' is clicked on

2018-12-14 11:46:46 - [MESSAGE][PASSED] - Object: 'Object Repository/Final Object Repo/Page_Form 3 EIS - Cessation as Employer/Page_Form 3 EIS - Cessation as Employer (Approve)/Save  Continue in Resigned Page' is clicked on

2018-12-14 11:46:46 - [TEST_STEP][PASSED] - delay: Delayed 2 second(s)

2018-12-14 11:46:48 - [MESSAGE][PASSED] - Delayed 2 second(s)

2018-12-14 11:46:48 - [TEST_STEP][PASSED] - click: Object: 'Object Repository/Final Object Repo/Page_Form 3 EIS - Cessation as Employer/Page_Form 3 EIS - Cessation as Employer (Approve)/Save  Continue in Uploading Page' is clicked on

2018-12-14 11:46:49 - [MESSAGE][PASSED] - Object: 'Object Repository/Final Object Repo/Page_Form 3 EIS - Cessation as Employer/Page_Form 3 EIS - Cessation as Employer (Approve)/Save  Continue in Uploading Page' is clicked on

2018-12-14 11:46:49 - [TEST_STEP][PASSED] - delay: Delayed 2 second(s)

2018-12-14 11:46:51 - [MESSAGE][PASSED] - Delayed 2 second(s)

2018-12-14 11:46:51 - [TEST_STEP][PASSED] - click: Object: 'Object Repository/Final Object Repo/Page_Form 3 EIS - Cessation as Employer/Page_Form 3 EIS - Cessation as Employer (Approve)/Approve' is clicked on

2018-12-14 11:46:54 - [MESSAGE][PASSED] - Object: 'Object Repository/Final Object Repo/Page_Form 3 EIS - Cessation as Employer/Page_Form 3 EIS - Cessation as Employer (Approve)/Approve' is clicked on

2018-12-14 11:46:54 - [TEST_STEP][PASSED] - delay: Delayed 2 second(s)

2018-12-14 11:46:56 - [MESSAGE][PASSED] - Delayed 2 second(s)

2018-12-14 11:46:56 - [TEST_STEP][PASSED] - click: Object: 'Object Repository/Final Object Repo/Page_Form 3 EIS - Cessation as Employer/Page_Form 3 EIS - Cessation as Employer (Approve)/Confirm' is clicked on

2018-12-14 11:46:56 - [MESSAGE][PASSED] - Object: 'Object Repository/Final Object Repo/Page_Form 3 EIS - Cessation as Employer/Page_Form 3 EIS - Cessation as Employer (Approve)/Confirm' is clicked on

2018-12-14 11:46:56 - [TEST_STEP][PASSED] - delay: Delayed 2 second(s)

2018-12-14 11:46:58 - [MESSAGE][PASSED] - Delayed 2 second(s)

2018-12-14 11:46:58 - [TEST_STEP][PASSED] - click: Object: 'Object Repository/Final Object Repo/Page_Form 3 EIS - Cessation as Employer/Page_Form 3 EIS - Cessation as Employer (Approve)/Message Your Request    Form 3 EIS' is clicked on

2018-12-14 11:47:04 - [MESSAGE][PASSED] - Object: 'Object Repository/Final Object Repo/Page_Form 3 EIS - Cessation as Employer/Page_Form 3 EIS - Cessation as Employer (Approve)/Message Your Request    Form 3 EIS' is clicked on

2018-12-14 11:47:04 - [TEST_STEP][PASSED] - click: Object: 'Object Repository/Final Object Repo/Page_Form 3 EIS - Cessation as Employer/Page_Form 3 EIS - Cessation as Employer (Approve)/Letter of successful update' is clicked on

2018-12-14 11:47:05 - [MESSAGE][PASSED] - Object: 'Object Repository/Final Object Repo/Page_Form 3 EIS - Cessation as Employer/Page_Form 3 EIS - Cessation as Employer (Approve)/Letter of successful update' is clicked on

2018-12-14 11:47:05 - [MESSAGE][PASSED] - Call Test Case 'Test Cases/Final Aug 2018 - PKS Automation/Registration Module/Workflow/Form 3 EIS - Cessation As Employer/Template/Form 3 A - Cessation As Employer (Approve)' successfully]]></system-out>
         <system-err><![CDATA[]]></system-err>
      </testcase>
      <testcase name="Test Cases/Final Aug 2018 - PKS Automation/Registration Module/Workflow/Form 3 EIS - Cessation As Employer/PKRBO to UO (Query)" classname="Test Cases/Final Aug 2018 - PKS Automation/Registration Module/Workflow/Form 3 EIS - Cessation As Employer/PKRBO to UO (Query)" status="PASSED">
         <system-out><![CDATA[2018-12-14 11:47:05 - [TEST_CASE][PASSED] - Test Cases/Final Aug 2018 - PKS Automation/Registration Module/Workflow/Form 3 EIS - Cessation As Employer/PKRBO to UO (Query): Test Cases/Final Aug 2018 - PKS Automation/Registration Module/Workflow/Form 3 EIS - Cessation As Employer/PKRBO to UO (Query)

2018-12-14 11:47:05 - [TEST_STEP][PASSED] - callTestCase: Call Test Case 'Test Cases/Final Aug 2018 - PKS Automation/Registration Module/Workflow/Form 3 EIS - Cessation As Employer/Template/Form 3 A - Cessation As Employer (PKRBO)' successfully

2018-12-14 11:47:05 - [TEST_CASE][PASSED] - Test Cases/Final Aug 2018 - PKS Automation/Registration Module/Workflow/Form 3 EIS - Cessation As Employer/Template/Form 3 A - Cessation As Employer (PKRBO): Test Cases/Final Aug 2018 - PKS Automation/Registration Module/Workflow/Form 3 EIS - Cessation As Employer/Template/Form 3 A - Cessation As Employer (PKRBO)

2018-12-14 11:47:05 - [TEST_STEP][PASSED] - openBrowser: Browser is opened with url: ''

2018-12-14 11:47:05 - [MESSAGE][WARNING] - A browser is already opened. Closing browser and opening a new one

2018-12-14 11:47:10 - [MESSAGE][PASSED] - Browser is opened with url: ''

2018-12-14 11:47:10 - [TEST_STEP][PASSED] - navigateToUrl: Navigate to 'https://assist2-uat.perkeso.gov.my/login' successfully

2018-12-14 11:47:11 - [MESSAGE][PASSED] - Navigate to 'https://assist2-uat.perkeso.gov.my/login' successfully

2018-12-14 11:47:11 - [TEST_STEP][PASSED] - setText: Text 'johorpkrbo1@gmail.com' is set on object 'Object Repository/Final Object Repo/Login Page/Internal User/Email Address'

2018-12-14 11:47:11 - [MESSAGE][PASSED] - Text 'johorpkrbo1@gmail.com' is set on object 'Object Repository/Final Object Repo/Login Page/Internal User/Email Address'

2018-12-14 11:47:11 - [TEST_STEP][PASSED] - click: Object: 'Object Repository/Final Object Repo/Login Page/Internal User/Next Button' is clicked on

2018-12-14 11:47:11 - [MESSAGE][PASSED] - Object: 'Object Repository/Final Object Repo/Login Page/Internal User/Next Button' is clicked on

2018-12-14 11:47:11 - [TEST_STEP][PASSED] - delay: Delayed 1 second(s)

2018-12-14 11:47:12 - [MESSAGE][PASSED] - Delayed 1 second(s)

2018-12-14 11:47:12 - [TEST_STEP][PASSED] - setEncryptedText: Text ****** has been set on object 'Object Repository/Final Object Repo/Login Page/Internal User/Password'

2018-12-14 11:47:13 - [MESSAGE][PASSED] - Text ****** has been set on object 'Object Repository/Final Object Repo/Login Page/Internal User/Password'

2018-12-14 11:47:13 - [TEST_STEP][PASSED] - click: Object: 'Object Repository/Final Object Repo/Login Page/Internal User/Login Button' is clicked on

2018-12-14 11:47:13 - [MESSAGE][PASSED] - Object: 'Object Repository/Final Object Repo/Login Page/Internal User/Login Button' is clicked on

2018-12-14 11:47:13 - [TEST_STEP][PASSED] - delay: Delayed 1 second(s)

2018-12-14 11:47:14 - [MESSAGE][PASSED] - Delayed 1 second(s)

2018-12-14 11:47:14 - [TEST_STEP][PASSED] - Statement - Try: Delayed 2 second(s)

2018-12-14 11:47:14 - [TEST_STEP][PASSED] - Statement - Checker = false: null

2018-12-14 11:47:14 - [TEST_STEP][PASSED] - Statement - Checker = com.kms.katalon.core.webui.keyword.WebUiBuiltInKeywords.verifyElementHasAttribute(com.kms.katalon.core.testobject.ObjectRepository.findTestObject(Final Object Repo/Landing Page/BM Detecting), "href", 20, OPTIONAL): Object 'Object Repository/Final Object Repo/Landing Page/BM Detecting' has attribute 'href'

2018-12-14 11:47:15 - [MESSAGE][PASSED] - Object 'Object Repository/Final Object Repo/Landing Page/BM Detecting' has attribute 'href'

2018-12-14 11:47:15 - [TEST_STEP][PASSED] - Statement - out.println(Checker): null

2018-12-14 11:47:15 - [TEST_STEP][PASSED] - Statement - If (Checker == false): null

2018-12-14 11:47:15 - [TEST_STEP][PASSED] - Statement - Else: null

2018-12-14 11:47:15 - [TEST_STEP][PASSED] - delay: Delayed 2 second(s)

2018-12-14 11:47:17 - [MESSAGE][PASSED] - Delayed 2 second(s)

2018-12-14 11:47:17 - [TEST_STEP][PASSED] - navigateToUrl: Navigate to 'https://assist2-uat.perkeso.gov.my/web/registration/eis-update/form-3-eis-cessation-as-employer' successfully

2018-12-14 11:47:18 - [MESSAGE][PASSED] - Navigate to 'https://assist2-uat.perkeso.gov.my/web/registration/eis-update/form-3-eis-cessation-as-employer' successfully

2018-12-14 11:47:18 - [TEST_STEP][PASSED] - delay: Delayed 1 second(s)

2018-12-14 11:47:19 - [MESSAGE][PASSED] - Delayed 1 second(s)

2018-12-14 11:47:19 - [TEST_STEP][PASSED] - setText: Text 'E1102069769W' is set on object 'Object Repository/Final Object Repo/Page_Form 3 EIS - Cessation as Employer/Employer Code'

2018-12-14 11:47:19 - [MESSAGE][PASSED] - Text 'E1102069769W' is set on object 'Object Repository/Final Object Repo/Page_Form 3 EIS - Cessation as Employer/Employer Code'

2018-12-14 11:47:19 - [TEST_STEP][PASSED] - click: Object: 'Object Repository/Final Object Repo/Page_Form 3 EIS - Cessation as Employer/Search' is clicked on

2018-12-14 11:47:19 - [MESSAGE][PASSED] - Object: 'Object Repository/Final Object Repo/Page_Form 3 EIS - Cessation as Employer/Search' is clicked on

2018-12-14 11:47:19 - [TEST_STEP][PASSED] - click: Object: 'Object Repository/Final Object Repo/Page_Form 3 EIS - Cessation as Employer/Edit' is clicked on

2018-12-14 11:47:22 - [MESSAGE][PASSED] - Object: 'Object Repository/Final Object Repo/Page_Form 3 EIS - Cessation as Employer/Edit' is clicked on

2018-12-14 11:47:22 - [TEST_STEP][PASSED] - delay: Delayed 1 second(s)

2018-12-14 11:47:23 - [MESSAGE][PASSED] - Delayed 1 second(s)

2018-12-14 11:47:23 - [TEST_STEP][PASSED] - Statement - abc = com.kms.katalon.core.webui.keyword.WebUiBuiltInKeywords.getAttribute(com.kms.katalon.core.testobject.ObjectRepository.findTestObject(Final Object Repo/Page_Form 3 EIS - Cessation as Employer/Employer Status), "value"): Attribute 'value' of object 'Object Repository/Final Object Repo/Page_Form 3 EIS - Cessation as Employer/Employer Status' is: 'Active'

2018-12-14 11:47:23 - [MESSAGE][PASSED] - Attribute 'value' of object 'Object Repository/Final Object Repo/Page_Form 3 EIS - Cessation as Employer/Employer Status' is: 'Active'

2018-12-14 11:47:23 - [TEST_STEP][PASSED] - Statement - out.println(abc): null

2018-12-14 11:47:23 - [TEST_STEP][PASSED] - Statement - If (abc == "Active"): Object: 'Object Repository/Final Object Repo/Page_Form 3 EIS - Cessation as Employer/Dormant EIS' is clicked on

2018-12-14 11:47:23 - [TEST_STEP][PASSED] - click: Object: 'Object Repository/Final Object Repo/Page_Form 3 EIS - Cessation as Employer/Change Employer Status to' is clicked on

2018-12-14 11:47:23 - [MESSAGE][PASSED] - Object: 'Object Repository/Final Object Repo/Page_Form 3 EIS - Cessation as Employer/Change Employer Status to' is clicked on

2018-12-14 11:47:23 - [TEST_STEP][PASSED] - click: Object: 'Object Repository/Final Object Repo/Page_Form 3 EIS - Cessation as Employer/Dormant EIS' is clicked on

2018-12-14 11:47:23 - [MESSAGE][PASSED] - Object: 'Object Repository/Final Object Repo/Page_Form 3 EIS - Cessation as Employer/Dormant EIS' is clicked on

2018-12-14 11:47:23 - [TEST_STEP][PASSED] - click: Object: 'Object Repository/Final Object Repo/Page_Form 3 EIS - Cessation as Employer/Calender' is clicked on

2018-12-14 11:47:23 - [MESSAGE][PASSED] - Object: 'Object Repository/Final Object Repo/Page_Form 3 EIS - Cessation as Employer/Calender' is clicked on

2018-12-14 11:47:23 - [TEST_STEP][PASSED] - delay: Delayed 1 second(s)

2018-12-14 11:47:24 - [MESSAGE][PASSED] - Delayed 1 second(s)

2018-12-14 11:47:24 - [TEST_STEP][PASSED] - click: Object: 'Object Repository/Final Object Repo/Page_Form 3 EIS - Cessation as Employer/Calender - Date' is clicked on

2018-12-14 11:47:25 - [MESSAGE][PASSED] - Object: 'Object Repository/Final Object Repo/Page_Form 3 EIS - Cessation as Employer/Calender - Date' is clicked on

2018-12-14 11:47:25 - [TEST_STEP][PASSED] - click: Object: 'Object Repository/Final Object Repo/Page_Form 3 EIS - Cessation as Employer/Save  Continue in Form 3 EIS Page' is clicked on

2018-12-14 11:47:25 - [MESSAGE][PASSED] - Object: 'Object Repository/Final Object Repo/Page_Form 3 EIS - Cessation as Employer/Save  Continue in Form 3 EIS Page' is clicked on

2018-12-14 11:47:25 - [TEST_STEP][PASSED] - delay: Delayed 1 second(s)

2018-12-14 11:47:26 - [MESSAGE][PASSED] - Delayed 1 second(s)

2018-12-14 11:47:26 - [TEST_STEP][PASSED] - click: Object: 'Object Repository/Final Object Repo/Page_Form 3 EIS - Cessation as Employer/Employment Resign Date' is clicked on

2018-12-14 11:47:26 - [MESSAGE][PASSED] - Object: 'Object Repository/Final Object Repo/Page_Form 3 EIS - Cessation as Employer/Employment Resign Date' is clicked on

2018-12-14 11:47:26 - [TEST_STEP][PASSED] - selectOptionByValue: All options with value '2030' are selected in object 'Object Repository/Final Object Repo/Page_Form 3 EIS - Cessation as Employer/Employment Resign Date - Year' 

2018-12-14 11:47:27 - [MESSAGE][PASSED] - All options with value '2030' are selected in object 'Object Repository/Final Object Repo/Page_Form 3 EIS - Cessation as Employer/Employment Resign Date - Year' 

2018-12-14 11:47:27 - [TEST_STEP][PASSED] - delay: Delayed 2 second(s)

2018-12-14 11:47:29 - [MESSAGE][PASSED] - Delayed 2 second(s)

2018-12-14 11:47:29 - [TEST_STEP][PASSED] - click: Object: 'Object Repository/Final Object Repo/Page_Form 3 EIS - Cessation as Employer/Employment Resign Date - Year - Date' is clicked on

2018-12-14 11:47:29 - [MESSAGE][PASSED] - Object: 'Object Repository/Final Object Repo/Page_Form 3 EIS - Cessation as Employer/Employment Resign Date - Year - Date' is clicked on

2018-12-14 11:47:29 - [TEST_STEP][PASSED] - delay: Delayed 2 second(s)

2018-12-14 11:47:31 - [MESSAGE][PASSED] - Delayed 2 second(s)

2018-12-14 11:47:31 - [TEST_STEP][PASSED] - click: Object: 'Object Repository/Final Object Repo/Page_Form 3 EIS - Cessation as Employer/Save  Continue in Employment Resign Page' is clicked on

2018-12-14 11:47:31 - [MESSAGE][PASSED] - Object: 'Object Repository/Final Object Repo/Page_Form 3 EIS - Cessation as Employer/Save  Continue in Employment Resign Page' is clicked on

2018-12-14 11:47:31 - [TEST_STEP][PASSED] - delay: Delayed 2 second(s)

2018-12-14 11:47:33 - [MESSAGE][PASSED] - Delayed 2 second(s)

2018-12-14 11:47:33 - [TEST_STEP][PASSED] - click: Object: 'Object Repository/Final Object Repo/Page_Form 3 EIS - Cessation as Employer/Set Latest - Yes' is clicked on

2018-12-14 11:47:33 - [MESSAGE][PASSED] - Object: 'Object Repository/Final Object Repo/Page_Form 3 EIS - Cessation as Employer/Set Latest - Yes' is clicked on

2018-12-14 11:47:33 - [TEST_STEP][PASSED] - delay: Delayed 2 second(s)

2018-12-14 11:47:35 - [MESSAGE][PASSED] - Delayed 2 second(s)

2018-12-14 11:47:35 - [TEST_STEP][PASSED] - click: Object: 'Object Repository/Final Object Repo/Page_Form 3 EIS - Cessation as Employer/Add Document' is clicked on

2018-12-14 11:47:36 - [MESSAGE][PASSED] - Object: 'Object Repository/Final Object Repo/Page_Form 3 EIS - Cessation as Employer/Add Document' is clicked on

2018-12-14 11:47:36 - [TEST_STEP][PASSED] - delay: Delayed 3 second(s)

2018-12-14 11:47:39 - [MESSAGE][PASSED] - Delayed 3 second(s)

2018-12-14 11:47:39 - [TEST_STEP][PASSED] - click: Object: 'Object Repository/Final Object Repo/Page_Form 3 EIS - Cessation as Employer/Document Type' is clicked on

2018-12-14 11:47:41 - [MESSAGE][PASSED] - Object: 'Object Repository/Final Object Repo/Page_Form 3 EIS - Cessation as Employer/Document Type' is clicked on

2018-12-14 11:47:41 - [TEST_STEP][PASSED] - click: Object: 'Object Repository/Final Object Repo/Page_Form 3 EIS - Cessation as Employer/Document Type - Form 3' is clicked on

2018-12-14 11:47:41 - [MESSAGE][PASSED] - Object: 'Object Repository/Final Object Repo/Page_Form 3 EIS - Cessation as Employer/Document Type - Form 3' is clicked on

2018-12-14 11:47:41 - [TEST_STEP][PASSED] - delay: Delayed 2 second(s)

2018-12-14 11:47:43 - [MESSAGE][PASSED] - Delayed 2 second(s)

2018-12-14 11:47:43 - [TEST_STEP][PASSED] - sendKeys: Keys 'C:\Users\Public\Pictures\Sample Pictures\Koala.jpg' sent to object: 'Object Repository/Final Object Repo/Page_Form 3 EIS - Cessation as Employer/ploading File'

2018-12-14 11:47:43 - [MESSAGE][PASSED] - Keys 'C:\Users\Public\Pictures\Sample Pictures\Koala.jpg' sent to object: 'Object Repository/Final Object Repo/Page_Form 3 EIS - Cessation as Employer/ploading File'

2018-12-14 11:47:43 - [TEST_STEP][PASSED] - delay: Delayed 1 second(s)

2018-12-14 11:47:44 - [MESSAGE][PASSED] - Delayed 1 second(s)

2018-12-14 11:47:44 - [TEST_STEP][PASSED] - click: Object: 'Object Repository/Final Object Repo/Page_Form 3 EIS - Cessation as Employer/Add Document in Uploading Page' is clicked on

2018-12-14 11:47:44 - [MESSAGE][PASSED] - Object: 'Object Repository/Final Object Repo/Page_Form 3 EIS - Cessation as Employer/Add Document in Uploading Page' is clicked on

2018-12-14 11:47:44 - [TEST_STEP][PASSED] - delay: Delayed 2 second(s)

2018-12-14 11:47:46 - [MESSAGE][PASSED] - Delayed 2 second(s)

2018-12-14 11:47:46 - [TEST_STEP][PASSED] - Statement - CaseReferenceNo = com.kms.katalon.core.webui.keyword.WebUiBuiltInKeywords.getText(com.kms.katalon.core.testobject.ObjectRepository.findTestObject(Final Object Repo/Page_Update Employer Information/Reference Number in Update Employee Information Page)): Text of object 'Object Repository/Final Object Repo/Page_Update Employer Information/Reference Number in Update Employee Information Page' is: 'ERN122018C200002448'

2018-12-14 11:47:48 - [MESSAGE][PASSED] - Text of object 'Object Repository/Final Object Repo/Page_Update Employer Information/Reference Number in Update Employee Information Page' is: 'ERN122018C200002448'

2018-12-14 11:47:48 - [TEST_STEP][PASSED] - callTestCase: Call Test Case 'Test Cases/Final Aug 2018 - PKS Automation/Common/Reference Number Setter' successfully

2018-12-14 11:47:48 - [TEST_CASE][PASSED] - Test Cases/Final Aug 2018 - PKS Automation/Common/Reference Number Setter: Test Cases/Final Aug 2018 - PKS Automation/Common/Reference Number Setter

2018-12-14 11:47:48 - [TEST_STEP][PASSED] - Statement - RefNoOldFile = new java.io.File(C://Users//Admin//Desktop//PKS//Automation Reference Point//KatalonReference.txt): null

2018-12-14 11:47:48 - [TEST_STEP][PASSED] - Statement - RefNoOldFile.delete(): null

2018-12-14 11:47:48 - [TEST_STEP][PASSED] - delay: Delayed 5 second(s)

2018-12-14 11:47:53 - [MESSAGE][PASSED] - Delayed 5 second(s)

2018-12-14 11:47:53 - [TEST_STEP][PASSED] - Statement - RefNo = new java.io.File(C://Users//Admin//Desktop//PKS//Automation Reference Point//KatalonReference.txt): null

2018-12-14 11:47:53 - [TEST_STEP][PASSED] - Statement - f2 = new java.io.FileWriter(RefNo, false): null

2018-12-14 11:47:53 - [TEST_STEP][PASSED] - Statement - f2.write(CaseReferenceNo): null

2018-12-14 11:47:53 - [TEST_STEP][PASSED] - Statement - f2.close(): null

2018-12-14 11:47:53 - [TEST_STEP][PASSED] - Statement - out.println("


" + CaseReferenceNo + "


"): null

2018-12-14 11:47:53 - [MESSAGE][PASSED] - Call Test Case 'Test Cases/Final Aug 2018 - PKS Automation/Common/Reference Number Setter' successfully

2018-12-14 11:47:53 - [TEST_STEP][PASSED] - delay: Delayed 2 second(s)

2018-12-14 11:47:55 - [MESSAGE][PASSED] - Delayed 2 second(s)

2018-12-14 11:47:55 - [TEST_STEP][PASSED] - click: Object: 'Object Repository/Final Object Repo/Page_Form 3 EIS - Cessation as Employer/Save  Continue in Uploading Page' is clicked on

2018-12-14 11:47:55 - [MESSAGE][PASSED] - Object: 'Object Repository/Final Object Repo/Page_Form 3 EIS - Cessation as Employer/Save  Continue in Uploading Page' is clicked on

2018-12-14 11:47:55 - [TEST_STEP][PASSED] - delay: Delayed 2 second(s)

2018-12-14 11:47:57 - [MESSAGE][PASSED] - Delayed 2 second(s)

2018-12-14 11:47:57 - [TEST_STEP][PASSED] - click: Object: 'Object Repository/Final Object Repo/Page_Form 3 EIS - Cessation as Employer/Submit' is clicked on

2018-12-14 11:48:00 - [MESSAGE][PASSED] - Object: 'Object Repository/Final Object Repo/Page_Form 3 EIS - Cessation as Employer/Submit' is clicked on

2018-12-14 11:48:00 - [TEST_STEP][PASSED] - delay: Delayed 2 second(s)

2018-12-14 11:48:02 - [MESSAGE][PASSED] - Delayed 2 second(s)

2018-12-14 11:48:02 - [TEST_STEP][PASSED] - click: Object: 'Object Repository/Final Object Repo/Page_Form 3 EIS - Cessation as Employer/Confirm' is clicked on

2018-12-14 11:48:02 - [MESSAGE][PASSED] - Object: 'Object Repository/Final Object Repo/Page_Form 3 EIS - Cessation as Employer/Confirm' is clicked on

2018-12-14 11:48:02 - [TEST_STEP][PASSED] - delay: Delayed 2 second(s)

2018-12-14 11:48:04 - [MESSAGE][PASSED] - Delayed 2 second(s)

2018-12-14 11:48:04 - [TEST_STEP][PASSED] - click: Object: 'Object Repository/Final Object Repo/Page_Form 3 EIS - Cessation as Employer/Message Your Request will be routed to UO' is clicked on

2018-12-14 11:48:08 - [MESSAGE][PASSED] - Object: 'Object Repository/Final Object Repo/Page_Form 3 EIS - Cessation as Employer/Message Your Request will be routed to UO' is clicked on

2018-12-14 11:48:08 - [TEST_STEP][PASSED] - click: Object: 'Object Repository/Final Object Repo/Page_Form 3 EIS - Cessation as Employer/Letter of acknowledgement' is clicked on

2018-12-14 11:48:09 - [MESSAGE][PASSED] - Object: 'Object Repository/Final Object Repo/Page_Form 3 EIS - Cessation as Employer/Letter of acknowledgement' is clicked on

2018-12-14 11:48:09 - [MESSAGE][PASSED] - Call Test Case 'Test Cases/Final Aug 2018 - PKS Automation/Registration Module/Workflow/Form 3 EIS - Cessation As Employer/Template/Form 3 A - Cessation As Employer (PKRBO)' successfully

2018-12-14 11:48:09 - [TEST_STEP][PASSED] - callTestCase: Call Test Case 'Test Cases/Final Aug 2018 - PKS Automation/Registration Module/Workflow/Form 3 EIS - Cessation As Employer/Template/Form 3 A - Cessation As Employer (Query)' successfully

2018-12-14 11:48:09 - [TEST_CASE][PASSED] - Test Cases/Final Aug 2018 - PKS Automation/Registration Module/Workflow/Form 3 EIS - Cessation As Employer/Template/Form 3 A - Cessation As Employer (Query): Test Cases/Final Aug 2018 - PKS Automation/Registration Module/Workflow/Form 3 EIS - Cessation As Employer/Template/Form 3 A - Cessation As Employer (Query)

2018-12-14 11:48:09 - [TEST_STEP][NOT_RUN] - callTestCase: NOT_RUN: callTestCase

2018-12-14 11:48:09 - [MESSAGE][NOT_RUN] - NOT_RUN: callTestCase

2018-12-14 11:48:09 - [TEST_STEP][PASSED] - delay: Delayed 1 second(s)

2018-12-14 11:48:10 - [MESSAGE][PASSED] - Delayed 1 second(s)

2018-12-14 11:48:10 - [TEST_STEP][PASSED] - navigateToUrl: Navigate to 'https://assist2-uat.perkeso.gov.my/c/portal/logout' successfully

2018-12-14 11:48:11 - [MESSAGE][PASSED] - Navigate to 'https://assist2-uat.perkeso.gov.my/c/portal/logout' successfully

2018-12-14 11:48:11 - [TEST_STEP][PASSED] - delay: Delayed 1 second(s)

2018-12-14 11:48:12 - [MESSAGE][PASSED] - Delayed 1 second(s)

2018-12-14 11:48:12 - [TEST_STEP][PASSED] - callTestCase: Call Test Case 'Test Cases/Final Aug 2018 - PKS Automation/Common/Reference Number Getter' successfully

2018-12-14 11:48:12 - [TEST_CASE][PASSED] - Test Cases/Final Aug 2018 - PKS Automation/Common/Reference Number Getter: Test Cases/Final Aug 2018 - PKS Automation/Common/Reference Number Getter

2018-12-14 11:48:12 - [TEST_STEP][PASSED] - Statement - Try: null

2018-12-14 11:48:12 - [TEST_STEP][PASSED] - Statement - RefNo = new java.io.File(C://Users//Admin//Desktop//PKS//Automation Reference Point//KatalonReference.txt): null

2018-12-14 11:48:12 - [TEST_STEP][PASSED] - Statement - bufferread = new java.io.BufferedReader(new java.io.FileReader(RefNo)): null

2018-12-14 11:48:12 - [TEST_STEP][PASSED] - Statement - readedVal = bufferread.readLine(): null

2018-12-14 11:48:12 - [TEST_STEP][PASSED] - Statement - out.println(CaseReferenceNo): null

2018-12-14 11:48:12 - [TEST_STEP][PASSED] - Statement - out.println(readedVal): null

2018-12-14 11:48:12 - [TEST_STEP][PASSED] - Statement - CaseReferenceNo = "": null

2018-12-14 11:48:12 - [TEST_STEP][PASSED] - Statement - CaseReferenceNo = readedVal: null

2018-12-14 11:48:12 - [MESSAGE][PASSED] - Call Test Case 'Test Cases/Final Aug 2018 - PKS Automation/Common/Reference Number Getter' successfully

2018-12-14 11:48:12 - [TEST_STEP][PASSED] - callTestCase: Call Test Case 'Test Cases/Final Aug 2018 - PKS Automation/Common/Workflow Owner Finder' successfully

2018-12-14 11:48:12 - [TEST_CASE][PASSED] - Test Cases/Final Aug 2018 - PKS Automation/Common/Workflow Owner Finder: Test Cases/Final Aug 2018 - PKS Automation/Common/Workflow Owner Finder

2018-12-14 11:48:12 - [TEST_STEP][PASSED] - openBrowser: Browser is opened with url: ''

2018-12-14 11:48:12 - [MESSAGE][WARNING] - A browser is already opened. Closing browser and opening a new one

2018-12-14 11:48:16 - [MESSAGE][PASSED] - Browser is opened with url: ''

2018-12-14 11:48:16 - [TEST_STEP][PASSED] - navigateToUrl: Navigate to 'https://assist2-uat.perkeso.gov.my/login' successfully

2018-12-14 11:48:17 - [MESSAGE][PASSED] - Navigate to 'https://assist2-uat.perkeso.gov.my/login' successfully

2018-12-14 11:48:17 - [TEST_STEP][PASSED] - delay: Delayed 5 second(s)

2018-12-14 11:48:22 - [MESSAGE][PASSED] - Delayed 5 second(s)

2018-12-14 11:48:22 - [TEST_STEP][PASSED] - setText: Text 'test@liferay.com' is set on object 'Object Repository/Final Object Repo/Login Page/Internal User/Email Address'

2018-12-14 11:48:22 - [MESSAGE][PASSED] - Text 'test@liferay.com' is set on object 'Object Repository/Final Object Repo/Login Page/Internal User/Email Address'

2018-12-14 11:48:22 - [TEST_STEP][PASSED] - click: Object: 'Object Repository/Final Object Repo/Login Page/Internal User/Next Button' is clicked on

2018-12-14 11:48:23 - [MESSAGE][PASSED] - Object: 'Object Repository/Final Object Repo/Login Page/Internal User/Next Button' is clicked on

2018-12-14 11:48:23 - [TEST_STEP][PASSED] - delay: Delayed 2 second(s)

2018-12-14 11:48:25 - [MESSAGE][PASSED] - Delayed 2 second(s)

2018-12-14 11:48:25 - [TEST_STEP][PASSED] - setText: Text 'test' is set on object 'Object Repository/Final Object Repo/Login Page/Internal User/Password'

2018-12-14 11:48:25 - [MESSAGE][PASSED] - Text 'test' is set on object 'Object Repository/Final Object Repo/Login Page/Internal User/Password'

2018-12-14 11:48:25 - [TEST_STEP][PASSED] - delay: Delayed 2 second(s)

2018-12-14 11:48:27 - [MESSAGE][PASSED] - Delayed 2 second(s)

2018-12-14 11:48:27 - [TEST_STEP][PASSED] - click: Object: 'Object Repository/Final Object Repo/Login Page/Internal User/Login Button' is clicked on

2018-12-14 11:48:27 - [MESSAGE][PASSED] - Object: 'Object Repository/Final Object Repo/Login Page/Internal User/Login Button' is clicked on

2018-12-14 11:48:27 - [TEST_STEP][PASSED] - Statement - tester = com.kms.katalon.core.testobject.ObjectRepository.findTestObject(Final Object Repo/Landing Page/Select to English): Finding Test Object with id 'Object Repository/Final Object Repo/Landing Page/Select to English'

2018-12-14 11:48:27 - [TEST_STEP][PASSED] - Statement - Try: Delayed 2 second(s)

2018-12-14 11:48:27 - [TEST_STEP][PASSED] - Statement - Checker = com.kms.katalon.core.webui.keyword.WebUiBuiltInKeywords.verifyElementNotPresent(tester, 3): Web element with id: 'Object Repository/Final Object Repo/Landing Page/Select to English' located by 'By.xpath: //a[@class = 'taglib-language-list-text' and @lang = 'en-US' and (contains(text(), 'EN') or contains(., 'EN'))]' is not present after '3' second(s)

2018-12-14 11:48:29 - [MESSAGE][PASSED] - Web element with id: 'Object Repository/Final Object Repo/Landing Page/Select to English' located by 'By.xpath: //a[@class = 'taglib-language-list-text' and @lang = 'en-US' and (contains(text(), 'EN') or contains(., 'EN'))]' is not present after '3' second(s)

2018-12-14 11:48:29 - [TEST_STEP][PASSED] - Statement - If (Checker == false): null

2018-12-14 11:48:29 - [TEST_STEP][PASSED] - delay: Delayed 2 second(s)

2018-12-14 11:48:31 - [MESSAGE][PASSED] - Delayed 2 second(s)

2018-12-14 11:48:31 - [TEST_STEP][PASSED] - delay: Delayed 5 second(s)

2018-12-14 11:48:36 - [MESSAGE][PASSED] - Delayed 5 second(s)

2018-12-14 11:48:36 - [TEST_STEP][PASSED] - mouseOver: Object: 'Object Repository/Final Object Repo/Landing Page/WorkFlow Menu' is hovered

2018-12-14 11:48:36 - [MESSAGE][PASSED] - Object: 'Object Repository/Final Object Repo/Landing Page/WorkFlow Menu' is hovered

2018-12-14 11:48:36 - [TEST_STEP][PASSED] - delay: Delayed 2 second(s)

2018-12-14 11:48:38 - [MESSAGE][PASSED] - Delayed 2 second(s)

2018-12-14 11:48:38 - [TEST_STEP][PASSED] - click: Object: 'Object Repository/Final Object Repo/Landing Page/Select to Workflow Listing' is clicked on

2018-12-14 11:48:39 - [MESSAGE][PASSED] - Object: 'Object Repository/Final Object Repo/Landing Page/Select to Workflow Listing' is clicked on

2018-12-14 11:48:39 - [TEST_STEP][PASSED] - delay: Delayed 2 second(s)

2018-12-14 11:48:41 - [MESSAGE][PASSED] - Delayed 2 second(s)

2018-12-14 11:48:41 - [TEST_STEP][PASSED] - click: Object: 'Object Repository/Final Object Repo/WorkFlow Listing Page/Search Information - To Put Ref No' is clicked on

2018-12-14 11:48:41 - [MESSAGE][PASSED] - Object: 'Object Repository/Final Object Repo/WorkFlow Listing Page/Search Information - To Put Ref No' is clicked on

2018-12-14 11:48:41 - [TEST_STEP][PASSED] - delay: Delayed 2 second(s)

2018-12-14 11:48:43 - [MESSAGE][PASSED] - Delayed 2 second(s)

2018-12-14 11:48:43 - [TEST_STEP][PASSED] - callTestCase: Call Test Case 'Test Cases/Final Aug 2018 - PKS Automation/Common/Reference Number Getter' successfully

2018-12-14 11:48:43 - [TEST_CASE][PASSED] - Test Cases/Final Aug 2018 - PKS Automation/Common/Reference Number Getter: Test Cases/Final Aug 2018 - PKS Automation/Common/Reference Number Getter

2018-12-14 11:48:43 - [TEST_STEP][PASSED] - Statement - Try: null

2018-12-14 11:48:43 - [TEST_STEP][PASSED] - Statement - RefNo = new java.io.File(C://Users//Admin//Desktop//PKS//Automation Reference Point//KatalonReference.txt): null

2018-12-14 11:48:43 - [TEST_STEP][PASSED] - Statement - bufferread = new java.io.BufferedReader(new java.io.FileReader(RefNo)): null

2018-12-14 11:48:43 - [TEST_STEP][PASSED] - Statement - readedVal = bufferread.readLine(): null

2018-12-14 11:48:43 - [TEST_STEP][PASSED] - Statement - out.println(CaseReferenceNo): null

2018-12-14 11:48:43 - [TEST_STEP][PASSED] - Statement - out.println(readedVal): null

2018-12-14 11:48:43 - [TEST_STEP][PASSED] - Statement - CaseReferenceNo = "": null

2018-12-14 11:48:43 - [TEST_STEP][PASSED] - Statement - CaseReferenceNo = readedVal: null

2018-12-14 11:48:43 - [MESSAGE][PASSED] - Call Test Case 'Test Cases/Final Aug 2018 - PKS Automation/Common/Reference Number Getter' successfully

2018-12-14 11:48:43 - [TEST_STEP][PASSED] - setText: Text 'ERN122018C200002448' is set on object 'Object Repository/Final Object Repo/WorkFlow Listing Page/Ref No Set Text'

2018-12-14 11:48:44 - [MESSAGE][PASSED] - Text 'ERN122018C200002448' is set on object 'Object Repository/Final Object Repo/WorkFlow Listing Page/Ref No Set Text'

2018-12-14 11:48:44 - [TEST_STEP][PASSED] - delay: Delayed 2 second(s)

2018-12-14 11:48:46 - [MESSAGE][PASSED] - Delayed 2 second(s)

2018-12-14 11:48:46 - [TEST_STEP][PASSED] - click: Object: 'Object Repository/Final Object Repo/WorkFlow Listing Page/Search Ref No Search Button' is clicked on

2018-12-14 11:48:46 - [MESSAGE][PASSED] - Object: 'Object Repository/Final Object Repo/WorkFlow Listing Page/Search Ref No Search Button' is clicked on

2018-12-14 11:48:46 - [TEST_STEP][PASSED] - delay: Delayed 6 second(s)

2018-12-14 11:48:52 - [MESSAGE][PASSED] - Delayed 6 second(s)

2018-12-14 11:48:52 - [TEST_STEP][PASSED] - click: Object: 'Object Repository/Final Object Repo/WorkFlow Listing Page/Click Continue Tooltip' is clicked on

2018-12-14 11:48:53 - [MESSAGE][PASSED] - Object: 'Object Repository/Final Object Repo/WorkFlow Listing Page/Click Continue Tooltip' is clicked on

2018-12-14 11:48:53 - [TEST_STEP][PASSED] - delay: Delayed 5 second(s)

2018-12-14 11:48:58 - [MESSAGE][PASSED] - Delayed 5 second(s)

2018-12-14 11:48:58 - [TEST_STEP][PASSED] - doubleClick: Object: 'Object Repository/Final Object Repo/WorkFlow Listing Page/Workflow Found - Listing 1' is double clicked on

2018-12-14 11:48:58 - [MESSAGE][PASSED] - Object: 'Object Repository/Final Object Repo/WorkFlow Listing Page/Workflow Found - Listing 1' is double clicked on

2018-12-14 11:48:58 - [TEST_STEP][PASSED] - Statement - println(OwnerID): null

2018-12-14 11:48:58 - [TEST_STEP][PASSED] - Statement - OwnerID = com.kms.katalon.core.webui.keyword.WebUiBuiltInKeywords.getText(com.kms.katalon.core.testobject.ObjectRepository.findTestObject(Final Object Repo/WorkFlow Listing Page/Workflow Found - Listing 1), STOP_ON_FAILURE): Text of object 'Object Repository/Final Object Repo/WorkFlow Listing Page/Workflow Found - Listing 1' is: 'JOHORuo2'

2018-12-14 11:48:58 - [MESSAGE][PASSED] - Text of object 'Object Repository/Final Object Repo/WorkFlow Listing Page/Workflow Found - Listing 1' is: 'JOHORuo2'

2018-12-14 11:48:58 - [TEST_STEP][PASSED] - Statement - OwnerID = OwnerID.toLowerCase() + "@gmail.com": null

2018-12-14 11:48:58 - [TEST_STEP][PASSED] - Statement - println(OwnerID): null

2018-12-14 11:48:58 - [TEST_STEP][PASSED] - delay: Delayed 2 second(s)

2018-12-14 11:49:00 - [MESSAGE][PASSED] - Delayed 2 second(s)

2018-12-14 11:49:00 - [MESSAGE][PASSED] - Call Test Case 'Test Cases/Final Aug 2018 - PKS Automation/Common/Workflow Owner Finder' successfully

2018-12-14 11:49:00 - [TEST_STEP][PASSED] - delay: Delayed 1 second(s)

2018-12-14 11:49:01 - [MESSAGE][PASSED] - Delayed 1 second(s)

2018-12-14 11:49:01 - [TEST_STEP][PASSED] - navigateToUrl: Navigate to 'https://assist2-uat.perkeso.gov.my/c/portal/logout' successfully

2018-12-14 11:49:02 - [MESSAGE][PASSED] - Navigate to 'https://assist2-uat.perkeso.gov.my/c/portal/logout' successfully

2018-12-14 11:49:02 - [TEST_STEP][PASSED] - delay: Delayed 1 second(s)

2018-12-14 11:49:03 - [MESSAGE][PASSED] - Delayed 1 second(s)

2018-12-14 11:49:03 - [TEST_STEP][PASSED] - callTestCase: Call Test Case 'Test Cases/Final Aug 2018 - PKS Automation/Registration Module/Workflow/Login and Search Case For Workflow' successfully

2018-12-14 11:49:03 - [TEST_CASE][PASSED] - Test Cases/Final Aug 2018 - PKS Automation/Registration Module/Workflow/Login and Search Case For Workflow: Test Cases/Final Aug 2018 - PKS Automation/Registration Module/Workflow/Login and Search Case For Workflow

2018-12-14 11:49:03 - [TEST_STEP][PASSED] - navigateToUrl: Navigate to 'https://assist2-uat.perkeso.gov.my/login' successfully

2018-12-14 11:49:03 - [MESSAGE][PASSED] - Navigate to 'https://assist2-uat.perkeso.gov.my/login' successfully

2018-12-14 11:49:03 - [TEST_STEP][PASSED] - setText: Text 'johoruo2@gmail.com' is set on object 'Object Repository/Final Object Repo/Login Page/Internal User/Email Address'

2018-12-14 11:49:04 - [MESSAGE][PASSED] - Text 'johoruo2@gmail.com' is set on object 'Object Repository/Final Object Repo/Login Page/Internal User/Email Address'

2018-12-14 11:49:04 - [TEST_STEP][PASSED] - click: Object: 'Object Repository/Final Object Repo/Login Page/Internal User/Next Button' is clicked on

2018-12-14 11:49:04 - [MESSAGE][PASSED] - Object: 'Object Repository/Final Object Repo/Login Page/Internal User/Next Button' is clicked on

2018-12-14 11:49:04 - [TEST_STEP][PASSED] - delay: Delayed 1 second(s)

2018-12-14 11:49:05 - [MESSAGE][PASSED] - Delayed 1 second(s)

2018-12-14 11:49:05 - [TEST_STEP][PASSED] - setEncryptedText: Text ****** has been set on object 'Object Repository/Final Object Repo/Login Page/Internal User/Password'

2018-12-14 11:49:06 - [MESSAGE][PASSED] - Text ****** has been set on object 'Object Repository/Final Object Repo/Login Page/Internal User/Password'

2018-12-14 11:49:06 - [TEST_STEP][PASSED] - click: Object: 'Object Repository/Final Object Repo/Login Page/Internal User/Login Button' is clicked on

2018-12-14 11:49:06 - [MESSAGE][PASSED] - Object: 'Object Repository/Final Object Repo/Login Page/Internal User/Login Button' is clicked on

2018-12-14 11:49:06 - [TEST_STEP][PASSED] - delay: Delayed 2 second(s)

2018-12-14 11:49:08 - [MESSAGE][PASSED] - Delayed 2 second(s)

2018-12-14 11:49:08 - [TEST_STEP][PASSED] - Statement - Try: Delayed 2 second(s)

2018-12-14 11:49:08 - [TEST_STEP][PASSED] - Statement - Checker = false: null

2018-12-14 11:49:08 - [TEST_STEP][PASSED] - Statement - Checker = com.kms.katalon.core.webui.keyword.WebUiBuiltInKeywords.verifyElementHasAttribute(com.kms.katalon.core.testobject.ObjectRepository.findTestObject(Final Object Repo/Landing Page/BM Detecting), "href", 20, OPTIONAL): Object 'Object Repository/Final Object Repo/Landing Page/BM Detecting' has attribute 'href'

2018-12-14 11:49:08 - [MESSAGE][PASSED] - Object 'Object Repository/Final Object Repo/Landing Page/BM Detecting' has attribute 'href'

2018-12-14 11:49:08 - [TEST_STEP][PASSED] - Statement - out.println(Checker): null

2018-12-14 11:49:08 - [TEST_STEP][PASSED] - Statement - If (Checker == false): null

2018-12-14 11:49:08 - [TEST_STEP][PASSED] - Statement - Else: null

2018-12-14 11:49:08 - [TEST_STEP][PASSED] - delay: Delayed 2 second(s)

2018-12-14 11:49:10 - [MESSAGE][PASSED] - Delayed 2 second(s)

2018-12-14 11:49:10 - [TEST_STEP][PASSED] - click: Object: 'Object Repository/Final Object Repo/Page_MyASSIST - ASSIST - Search Pending Case For Add Supporting Document/Search Information' is clicked on

2018-12-14 11:49:10 - [MESSAGE][PASSED] - Object: 'Object Repository/Final Object Repo/Page_MyASSIST - ASSIST - Search Pending Case For Add Supporting Document/Search Information' is clicked on

2018-12-14 11:49:10 - [TEST_STEP][PASSED] - delay: Delayed 3 second(s)

2018-12-14 11:49:13 - [MESSAGE][PASSED] - Delayed 3 second(s)

2018-12-14 11:49:13 - [TEST_STEP][PASSED] - sendKeys: Keys 'ERN122018C200002448' sent to object: 'Object Repository/Final Object Repo/Page_MyASSIST - ASSIST - Search Pending Case For Add Supporting Document/Reference No'

2018-12-14 11:49:14 - [MESSAGE][PASSED] - Keys 'ERN122018C200002448' sent to object: 'Object Repository/Final Object Repo/Page_MyASSIST - ASSIST - Search Pending Case For Add Supporting Document/Reference No'

2018-12-14 11:49:14 - [TEST_STEP][PASSED] - click: Object: 'Object Repository/Final Object Repo/Page_MyASSIST - ASSIST - Search Pending Case For Add Supporting Document/Search Reference No' is clicked on

2018-12-14 11:49:14 - [MESSAGE][PASSED] - Object: 'Object Repository/Final Object Repo/Page_MyASSIST - ASSIST - Search Pending Case For Add Supporting Document/Search Reference No' is clicked on

2018-12-14 11:49:14 - [TEST_STEP][PASSED] - delay: Delayed 2 second(s)

2018-12-14 11:49:16 - [MESSAGE][PASSED] - Delayed 2 second(s)

2018-12-14 11:49:16 - [TEST_STEP][PASSED] - click: Object: 'Object Repository/Final Object Repo/Page_MyASSIST - ASSIST - Search Pending Case For Add Supporting Document/Continue' is clicked on

2018-12-14 11:49:19 - [MESSAGE][PASSED] - Object: 'Object Repository/Final Object Repo/Page_MyASSIST - ASSIST - Search Pending Case For Add Supporting Document/Continue' is clicked on

2018-12-14 11:49:19 - [TEST_STEP][PASSED] - delay: Delayed 20 second(s)

2018-12-14 11:49:39 - [MESSAGE][PASSED] - Delayed 20 second(s)

2018-12-14 11:49:39 - [MESSAGE][PASSED] - Call Test Case 'Test Cases/Final Aug 2018 - PKS Automation/Registration Module/Workflow/Login and Search Case For Workflow' successfully

2018-12-14 11:49:39 - [TEST_STEP][PASSED] - click: Object: 'Object Repository/Final Object Repo/Page_Form 3 EIS - Cessation as Employer/Page_Form 3 EIS - Cessation as Employer (Approve)/Save  Continue in Form 3 Page' is clicked on

2018-12-14 11:49:39 - [MESSAGE][PASSED] - Object: 'Object Repository/Final Object Repo/Page_Form 3 EIS - Cessation as Employer/Page_Form 3 EIS - Cessation as Employer (Approve)/Save  Continue in Form 3 Page' is clicked on

2018-12-14 11:49:39 - [TEST_STEP][PASSED] - delay: Delayed 4 second(s)

2018-12-14 11:49:43 - [MESSAGE][PASSED] - Delayed 4 second(s)

2018-12-14 11:49:43 - [TEST_STEP][PASSED] - click: Object: 'Object Repository/Final Object Repo/Page_Form 3 EIS - Cessation as Employer/Page_Form 3 EIS - Cessation as Employer (Approve)/Save  Continue in Resigned Page' is clicked on

2018-12-14 11:49:44 - [MESSAGE][PASSED] - Object: 'Object Repository/Final Object Repo/Page_Form 3 EIS - Cessation as Employer/Page_Form 3 EIS - Cessation as Employer (Approve)/Save  Continue in Resigned Page' is clicked on

2018-12-14 11:49:44 - [TEST_STEP][PASSED] - delay: Delayed 2 second(s)

2018-12-14 11:49:46 - [MESSAGE][PASSED] - Delayed 2 second(s)

2018-12-14 11:49:46 - [TEST_STEP][PASSED] - setText: Text 'Remark' is set on object 'Object Repository/Final Object Repo/Page_Form 3 EIS - Cessation as Employer/Page_Form 3 EIS - Cessation as Employer (Query)/Query - Remark'

2018-12-14 11:49:46 - [MESSAGE][PASSED] - Text 'Remark' is set on object 'Object Repository/Final Object Repo/Page_Form 3 EIS - Cessation as Employer/Page_Form 3 EIS - Cessation as Employer (Query)/Query - Remark'

2018-12-14 11:49:46 - [TEST_STEP][PASSED] - delay: Delayed 2 second(s)

2018-12-14 11:49:48 - [MESSAGE][PASSED] - Delayed 2 second(s)

2018-12-14 11:49:48 - [TEST_STEP][PASSED] - click: Object: 'Object Repository/Final Object Repo/Page_Form 3 EIS - Cessation as Employer/Page_Form 3 EIS - Cessation as Employer (Query)/Save  Continue' is clicked on

2018-12-14 11:49:49 - [MESSAGE][PASSED] - Object: 'Object Repository/Final Object Repo/Page_Form 3 EIS - Cessation as Employer/Page_Form 3 EIS - Cessation as Employer (Query)/Save  Continue' is clicked on

2018-12-14 11:49:49 - [TEST_STEP][PASSED] - delay: Delayed 2 second(s)

2018-12-14 11:49:51 - [MESSAGE][PASSED] - Delayed 2 second(s)

2018-12-14 11:49:51 - [TEST_STEP][PASSED] - click: Object: 'Object Repository/Final Object Repo/Page_Form 3 EIS - Cessation as Employer/Page_Form 3 EIS - Cessation as Employer (Query)/Query' is clicked on

2018-12-14 11:49:54 - [MESSAGE][PASSED] - Object: 'Object Repository/Final Object Repo/Page_Form 3 EIS - Cessation as Employer/Page_Form 3 EIS - Cessation as Employer (Query)/Query' is clicked on

2018-12-14 11:49:54 - [TEST_STEP][PASSED] - delay: Delayed 2 second(s)

2018-12-14 11:49:56 - [MESSAGE][PASSED] - Delayed 2 second(s)

2018-12-14 11:49:56 - [TEST_STEP][PASSED] - click: Object: 'Object Repository/Final Object Repo/Page_Form 3 EIS - Cessation as Employer/Page_Form 3 EIS - Cessation as Employer (Query)/Confirm' is clicked on

2018-12-14 11:50:02 - [MESSAGE][PASSED] - Object: 'Object Repository/Final Object Repo/Page_Form 3 EIS - Cessation as Employer/Page_Form 3 EIS - Cessation as Employer (Query)/Confirm' is clicked on

2018-12-14 11:50:02 - [TEST_STEP][PASSED] - delay: Delayed 2 second(s)

2018-12-14 11:50:04 - [MESSAGE][PASSED] - Delayed 2 second(s)

2018-12-14 11:50:04 - [TEST_STEP][PASSED] - click: Object: 'Object Repository/Final Object Repo/Page_Form 3 EIS - Cessation as Employer/Page_Form 3 EIS - Cessation as Employer (Query)/Message The Case Is Under Query' is clicked on

2018-12-14 11:50:05 - [MESSAGE][PASSED] - Object: 'Object Repository/Final Object Repo/Page_Form 3 EIS - Cessation as Employer/Page_Form 3 EIS - Cessation as Employer (Query)/Message The Case Is Under Query' is clicked on

2018-12-14 11:50:05 - [TEST_STEP][PASSED] - click: Object: 'Object Repository/Final Object Repo/Page_Form 3 EIS - Cessation as Employer/Page_Form 3 EIS - Cessation as Employer (Query)/Letter of inquiry' is clicked on

2018-12-14 11:50:05 - [MESSAGE][PASSED] - Object: 'Object Repository/Final Object Repo/Page_Form 3 EIS - Cessation as Employer/Page_Form 3 EIS - Cessation as Employer (Query)/Letter of inquiry' is clicked on

2018-12-14 11:50:05 - [TEST_STEP][PASSED] - delay: Delayed 1 second(s)

2018-12-14 11:50:06 - [MESSAGE][PASSED] - Delayed 1 second(s)

2018-12-14 11:50:06 - [TEST_STEP][PASSED] - navigateToUrl: Navigate to 'https://assist2-uat.perkeso.gov.my/c/portal/logout' successfully

2018-12-14 11:50:07 - [MESSAGE][PASSED] - Navigate to 'https://assist2-uat.perkeso.gov.my/c/portal/logout' successfully

2018-12-14 11:50:07 - [TEST_STEP][PASSED] - delay: Delayed 1 second(s)

2018-12-14 11:50:08 - [MESSAGE][PASSED] - Delayed 1 second(s)

2018-12-14 11:50:08 - [TEST_STEP][PASSED] - callTestCase: Call Test Case 'Test Cases/Final Aug 2018 - PKS Automation/Registration Module/Workflow/Login and Search Case For Workflow' successfully

2018-12-14 11:50:08 - [TEST_CASE][PASSED] - Test Cases/Final Aug 2018 - PKS Automation/Registration Module/Workflow/Login and Search Case For Workflow: Test Cases/Final Aug 2018 - PKS Automation/Registration Module/Workflow/Login and Search Case For Workflow

2018-12-14 11:50:08 - [TEST_STEP][PASSED] - navigateToUrl: Navigate to 'https://assist2-uat.perkeso.gov.my/login' successfully

2018-12-14 11:50:08 - [MESSAGE][PASSED] - Navigate to 'https://assist2-uat.perkeso.gov.my/login' successfully

2018-12-14 11:50:08 - [TEST_STEP][PASSED] - setText: Text 'johoruo2@gmail.com' is set on object 'Object Repository/Final Object Repo/Login Page/Internal User/Email Address'

2018-12-14 11:50:09 - [MESSAGE][PASSED] - Text 'johoruo2@gmail.com' is set on object 'Object Repository/Final Object Repo/Login Page/Internal User/Email Address'

2018-12-14 11:50:09 - [TEST_STEP][PASSED] - click: Object: 'Object Repository/Final Object Repo/Login Page/Internal User/Next Button' is clicked on

2018-12-14 11:50:09 - [MESSAGE][PASSED] - Object: 'Object Repository/Final Object Repo/Login Page/Internal User/Next Button' is clicked on

2018-12-14 11:50:09 - [TEST_STEP][PASSED] - delay: Delayed 1 second(s)

2018-12-14 11:50:10 - [MESSAGE][PASSED] - Delayed 1 second(s)

2018-12-14 11:50:10 - [TEST_STEP][PASSED] - setEncryptedText: Text ****** has been set on object 'Object Repository/Final Object Repo/Login Page/Internal User/Password'

2018-12-14 11:50:10 - [MESSAGE][PASSED] - Text ****** has been set on object 'Object Repository/Final Object Repo/Login Page/Internal User/Password'

2018-12-14 11:50:10 - [TEST_STEP][PASSED] - click: Object: 'Object Repository/Final Object Repo/Login Page/Internal User/Login Button' is clicked on

2018-12-14 11:50:10 - [MESSAGE][PASSED] - Object: 'Object Repository/Final Object Repo/Login Page/Internal User/Login Button' is clicked on

2018-12-14 11:50:10 - [TEST_STEP][PASSED] - delay: Delayed 2 second(s)

2018-12-14 11:50:12 - [MESSAGE][PASSED] - Delayed 2 second(s)

2018-12-14 11:50:12 - [TEST_STEP][PASSED] - Statement - Try: Delayed 2 second(s)

2018-12-14 11:50:12 - [TEST_STEP][PASSED] - Statement - Checker = false: null

2018-12-14 11:50:12 - [TEST_STEP][PASSED] - Statement - Checker = com.kms.katalon.core.webui.keyword.WebUiBuiltInKeywords.verifyElementHasAttribute(com.kms.katalon.core.testobject.ObjectRepository.findTestObject(Final Object Repo/Landing Page/BM Detecting), "href", 20, OPTIONAL): Object 'Object Repository/Final Object Repo/Landing Page/BM Detecting' has attribute 'href'

2018-12-14 11:50:12 - [MESSAGE][PASSED] - Object 'Object Repository/Final Object Repo/Landing Page/BM Detecting' has attribute 'href'

2018-12-14 11:50:12 - [TEST_STEP][PASSED] - Statement - out.println(Checker): null

2018-12-14 11:50:12 - [TEST_STEP][PASSED] - Statement - If (Checker == false): null

2018-12-14 11:50:12 - [TEST_STEP][PASSED] - Statement - Else: null

2018-12-14 11:50:12 - [TEST_STEP][PASSED] - delay: Delayed 2 second(s)

2018-12-14 11:50:14 - [MESSAGE][PASSED] - Delayed 2 second(s)

2018-12-14 11:50:14 - [TEST_STEP][PASSED] - click: Object: 'Object Repository/Final Object Repo/Page_MyASSIST - ASSIST - Search Pending Case For Add Supporting Document/Search Information' is clicked on

2018-12-14 11:50:15 - [MESSAGE][PASSED] - Object: 'Object Repository/Final Object Repo/Page_MyASSIST - ASSIST - Search Pending Case For Add Supporting Document/Search Information' is clicked on

2018-12-14 11:50:15 - [TEST_STEP][PASSED] - delay: Delayed 3 second(s)

2018-12-14 11:50:18 - [MESSAGE][PASSED] - Delayed 3 second(s)

2018-12-14 11:50:18 - [TEST_STEP][PASSED] - sendKeys: Keys 'ERN122018C200002448' sent to object: 'Object Repository/Final Object Repo/Page_MyASSIST - ASSIST - Search Pending Case For Add Supporting Document/Reference No'

2018-12-14 11:50:18 - [MESSAGE][PASSED] - Keys 'ERN122018C200002448' sent to object: 'Object Repository/Final Object Repo/Page_MyASSIST - ASSIST - Search Pending Case For Add Supporting Document/Reference No'

2018-12-14 11:50:18 - [TEST_STEP][PASSED] - click: Object: 'Object Repository/Final Object Repo/Page_MyASSIST - ASSIST - Search Pending Case For Add Supporting Document/Search Reference No' is clicked on

2018-12-14 11:50:18 - [MESSAGE][PASSED] - Object: 'Object Repository/Final Object Repo/Page_MyASSIST - ASSIST - Search Pending Case For Add Supporting Document/Search Reference No' is clicked on

2018-12-14 11:50:18 - [TEST_STEP][PASSED] - delay: Delayed 2 second(s)

2018-12-14 11:50:20 - [MESSAGE][PASSED] - Delayed 2 second(s)

2018-12-14 11:50:20 - [TEST_STEP][PASSED] - click: Object: 'Object Repository/Final Object Repo/Page_MyASSIST - ASSIST - Search Pending Case For Add Supporting Document/Continue' is clicked on

2018-12-14 11:50:23 - [MESSAGE][PASSED] - Object: 'Object Repository/Final Object Repo/Page_MyASSIST - ASSIST - Search Pending Case For Add Supporting Document/Continue' is clicked on

2018-12-14 11:50:23 - [TEST_STEP][PASSED] - delay: Delayed 20 second(s)

2018-12-14 11:50:43 - [MESSAGE][PASSED] - Delayed 20 second(s)

2018-12-14 11:50:43 - [MESSAGE][PASSED] - Call Test Case 'Test Cases/Final Aug 2018 - PKS Automation/Registration Module/Workflow/Login and Search Case For Workflow' successfully

2018-12-14 11:50:43 - [TEST_STEP][PASSED] - navigateToUrl: Navigate to 'https://assist2-uat.perkeso.gov.my/web/registration/eis-update/form-3-eis-cessation-as-employer?p_p_id=searchforemployersip_WAR_registrationportlet&p_p_lifecycle=0&_searchforemployersip_WAR_registrationportlet_regViewKey=87&_searchforemployersip_WAR_registrationportlet_browserIdKey=1536115932192&_searchforemployersip_WAR_registrationportlet_tempEmployerIdKey=128990&_searchforemployersip_WAR_registrationportlet_employerIdKey=&_searchforemployersip_WAR_registrationportlet_refCaseNo=ERN092018C200002133&_searchforemployersip_WAR_registrationportlet_mvcPath=%2Fapps%2Freg%2Fdiscontinue_business_sip%2Fdiscontinue_business_sip_form.jsp&_searchforemployersip_WAR_registrationportlet_regSectionKey=215' successfully

2018-12-14 11:50:46 - [MESSAGE][PASSED] - Navigate to 'https://assist2-uat.perkeso.gov.my/web/registration/eis-update/form-3-eis-cessation-as-employer?p_p_id=searchforemployersip_WAR_registrationportlet&p_p_lifecycle=0&_searchforemployersip_WAR_registrationportlet_regViewKey=87&_searchforemployersip_WAR_registrationportlet_browserIdKey=1536115932192&_searchforemployersip_WAR_registrationportlet_tempEmployerIdKey=128990&_searchforemployersip_WAR_registrationportlet_employerIdKey=&_searchforemployersip_WAR_registrationportlet_refCaseNo=ERN092018C200002133&_searchforemployersip_WAR_registrationportlet_mvcPath=%2Fapps%2Freg%2Fdiscontinue_business_sip%2Fdiscontinue_business_sip_form.jsp&_searchforemployersip_WAR_registrationportlet_regSectionKey=215' successfully

2018-12-14 11:50:46 - [TEST_STEP][PASSED] - delay: Delayed 5 second(s)

2018-12-14 11:50:51 - [MESSAGE][PASSED] - Delayed 5 second(s)

2018-12-14 11:50:51 - [TEST_STEP][PASSED] - click: Object: 'Object Repository/Final Object Repo/Page_Form 3 EIS - Cessation as Employer/Page_Form 3 EIS - Cessation as Employer (Query - OTC - UO)/Next' is clicked on

2018-12-14 11:50:53 - [MESSAGE][PASSED] - Object: 'Object Repository/Final Object Repo/Page_Form 3 EIS - Cessation as Employer/Page_Form 3 EIS - Cessation as Employer (Query - OTC - UO)/Next' is clicked on

2018-12-14 11:50:53 - [TEST_STEP][PASSED] - delay: Delayed 2 second(s)

2018-12-14 11:50:55 - [MESSAGE][PASSED] - Delayed 2 second(s)

2018-12-14 11:50:55 - [TEST_STEP][PASSED] - click: Object: 'Object Repository/Final Object Repo/Page_Form 3 EIS - Cessation as Employer/Page_Form 3 EIS - Cessation as Employer (Query - OTC - UO)/Next in Resigned Page' is clicked on

2018-12-14 11:50:58 - [MESSAGE][PASSED] - Object: 'Object Repository/Final Object Repo/Page_Form 3 EIS - Cessation as Employer/Page_Form 3 EIS - Cessation as Employer (Query - OTC - UO)/Next in Resigned Page' is clicked on

2018-12-14 11:50:58 - [TEST_STEP][PASSED] - delay: Delayed 2 second(s)

2018-12-14 11:51:00 - [MESSAGE][PASSED] - Delayed 2 second(s)

2018-12-14 11:51:00 - [TEST_STEP][PASSED] - click: Object: 'Object Repository/Final Object Repo/Page_Form 3 EIS - Cessation as Employer/Page_Form 3 EIS - Cessation as Employer (Query - OTC - UO)/Add Document' is clicked on

2018-12-14 11:51:00 - [MESSAGE][PASSED] - Object: 'Object Repository/Final Object Repo/Page_Form 3 EIS - Cessation as Employer/Page_Form 3 EIS - Cessation as Employer (Query - OTC - UO)/Add Document' is clicked on

2018-12-14 11:51:00 - [TEST_STEP][PASSED] - delay: Delayed 2 second(s)

2018-12-14 11:51:02 - [MESSAGE][PASSED] - Delayed 2 second(s)

2018-12-14 11:51:02 - [TEST_STEP][PASSED] - click: Object: 'Object Repository/Final Object Repo/Page_Form 3 EIS - Cessation as Employer/Page_Form 3 EIS - Cessation as Employer (Query - OTC - UO)/Document Type' is clicked on

2018-12-14 11:51:03 - [MESSAGE][PASSED] - Object: 'Object Repository/Final Object Repo/Page_Form 3 EIS - Cessation as Employer/Page_Form 3 EIS - Cessation as Employer (Query - OTC - UO)/Document Type' is clicked on

2018-12-14 11:51:03 - [TEST_STEP][PASSED] - delay: Delayed 2 second(s)

2018-12-14 11:51:05 - [MESSAGE][PASSED] - Delayed 2 second(s)

2018-12-14 11:51:05 - [TEST_STEP][PASSED] - click: Object: 'Object Repository/Final Object Repo/Page_Form 3 EIS - Cessation as Employer/Page_Form 3 EIS - Cessation as Employer (Query - OTC - UO)/Document Type - Others' is clicked on

2018-12-14 11:51:05 - [MESSAGE][PASSED] - Object: 'Object Repository/Final Object Repo/Page_Form 3 EIS - Cessation as Employer/Page_Form 3 EIS - Cessation as Employer (Query - OTC - UO)/Document Type - Others' is clicked on

2018-12-14 11:51:05 - [TEST_STEP][PASSED] - delay: Delayed 2 second(s)

2018-12-14 11:51:07 - [MESSAGE][PASSED] - Delayed 2 second(s)

2018-12-14 11:51:07 - [TEST_STEP][PASSED] - sendKeys: Keys 'C:\Users\Public\Pictures\Sample Pictures\Koala.jpg' sent to object: 'Object Repository/Final Object Repo/Page_Form 3 EIS - Cessation as Employer/Page_Form 3 EIS - Cessation as Employer (Query - OTC - UO)/ploading File'

2018-12-14 11:51:07 - [MESSAGE][PASSED] - Keys 'C:\Users\Public\Pictures\Sample Pictures\Koala.jpg' sent to object: 'Object Repository/Final Object Repo/Page_Form 3 EIS - Cessation as Employer/Page_Form 3 EIS - Cessation as Employer (Query - OTC - UO)/ploading File'

2018-12-14 11:51:07 - [TEST_STEP][PASSED] - delay: Delayed 2 second(s)

2018-12-14 11:51:09 - [MESSAGE][PASSED] - Delayed 2 second(s)

2018-12-14 11:51:09 - [TEST_STEP][PASSED] - click: Object: 'Object Repository/Final Object Repo/Page_Form 3 EIS - Cessation as Employer/Page_Form 3 EIS - Cessation as Employer (Query - OTC - UO)/Add Document in Uploading Page' is clicked on

2018-12-14 11:51:09 - [MESSAGE][PASSED] - Object: 'Object Repository/Final Object Repo/Page_Form 3 EIS - Cessation as Employer/Page_Form 3 EIS - Cessation as Employer (Query - OTC - UO)/Add Document in Uploading Page' is clicked on

2018-12-14 11:51:09 - [TEST_STEP][PASSED] - delay: Delayed 2 second(s)

2018-12-14 11:51:11 - [MESSAGE][PASSED] - Delayed 2 second(s)

2018-12-14 11:51:11 - [TEST_STEP][PASSED] - click: Object: 'Object Repository/Final Object Repo/Page_Form 3 EIS - Cessation as Employer/Page_Form 3 EIS - Cessation as Employer (Query - OTC - UO)/Exit' is clicked on

2018-12-14 11:51:14 - [MESSAGE][PASSED] - Object: 'Object Repository/Final Object Repo/Page_Form 3 EIS - Cessation as Employer/Page_Form 3 EIS - Cessation as Employer (Query - OTC - UO)/Exit' is clicked on

2018-12-14 11:51:14 - [TEST_STEP][PASSED] - delay: Delayed 1 second(s)

2018-12-14 11:51:15 - [MESSAGE][PASSED] - Delayed 1 second(s)

2018-12-14 11:51:15 - [TEST_STEP][PASSED] - navigateToUrl: Navigate to 'https://assist2-uat.perkeso.gov.my/c/portal/logout' successfully

2018-12-14 11:51:16 - [MESSAGE][PASSED] - Navigate to 'https://assist2-uat.perkeso.gov.my/c/portal/logout' successfully

2018-12-14 11:51:16 - [TEST_STEP][PASSED] - delay: Delayed 1 second(s)

2018-12-14 11:51:17 - [MESSAGE][PASSED] - Delayed 1 second(s)

2018-12-14 11:51:17 - [TEST_STEP][PASSED] - callTestCase: Call Test Case 'Test Cases/Final Aug 2018 - PKS Automation/Registration Module/Workflow/Login and Search Case For Workflow' successfully

2018-12-14 11:51:17 - [TEST_CASE][PASSED] - Test Cases/Final Aug 2018 - PKS Automation/Registration Module/Workflow/Login and Search Case For Workflow: Test Cases/Final Aug 2018 - PKS Automation/Registration Module/Workflow/Login and Search Case For Workflow

2018-12-14 11:51:17 - [TEST_STEP][PASSED] - navigateToUrl: Navigate to 'https://assist2-uat.perkeso.gov.my/login' successfully

2018-12-14 11:51:17 - [MESSAGE][PASSED] - Navigate to 'https://assist2-uat.perkeso.gov.my/login' successfully

2018-12-14 11:51:17 - [TEST_STEP][PASSED] - setText: Text 'johoruo2@gmail.com' is set on object 'Object Repository/Final Object Repo/Login Page/Internal User/Email Address'

2018-12-14 11:51:18 - [MESSAGE][PASSED] - Text 'johoruo2@gmail.com' is set on object 'Object Repository/Final Object Repo/Login Page/Internal User/Email Address'

2018-12-14 11:51:18 - [TEST_STEP][PASSED] - click: Object: 'Object Repository/Final Object Repo/Login Page/Internal User/Next Button' is clicked on

2018-12-14 11:51:18 - [MESSAGE][PASSED] - Object: 'Object Repository/Final Object Repo/Login Page/Internal User/Next Button' is clicked on

2018-12-14 11:51:18 - [TEST_STEP][PASSED] - delay: Delayed 1 second(s)

2018-12-14 11:51:19 - [MESSAGE][PASSED] - Delayed 1 second(s)

2018-12-14 11:51:19 - [TEST_STEP][PASSED] - setEncryptedText: Text ****** has been set on object 'Object Repository/Final Object Repo/Login Page/Internal User/Password'

2018-12-14 11:51:21 - [MESSAGE][PASSED] - Text ****** has been set on object 'Object Repository/Final Object Repo/Login Page/Internal User/Password'

2018-12-14 11:51:21 - [TEST_STEP][PASSED] - click: Object: 'Object Repository/Final Object Repo/Login Page/Internal User/Login Button' is clicked on

2018-12-14 11:51:21 - [MESSAGE][PASSED] - Object: 'Object Repository/Final Object Repo/Login Page/Internal User/Login Button' is clicked on

2018-12-14 11:51:21 - [TEST_STEP][PASSED] - delay: Delayed 2 second(s)

2018-12-14 11:51:23 - [MESSAGE][PASSED] - Delayed 2 second(s)

2018-12-14 11:51:23 - [TEST_STEP][PASSED] - Statement - Try: Delayed 2 second(s)

2018-12-14 11:51:23 - [TEST_STEP][PASSED] - Statement - Checker = false: null

2018-12-14 11:51:23 - [TEST_STEP][PASSED] - Statement - Checker = com.kms.katalon.core.webui.keyword.WebUiBuiltInKeywords.verifyElementHasAttribute(com.kms.katalon.core.testobject.ObjectRepository.findTestObject(Final Object Repo/Landing Page/BM Detecting), "href", 20, OPTIONAL): Object 'Object Repository/Final Object Repo/Landing Page/BM Detecting' has attribute 'href'

2018-12-14 11:51:23 - [MESSAGE][PASSED] - Object 'Object Repository/Final Object Repo/Landing Page/BM Detecting' has attribute 'href'

2018-12-14 11:51:23 - [TEST_STEP][PASSED] - Statement - out.println(Checker): null

2018-12-14 11:51:23 - [TEST_STEP][PASSED] - Statement - If (Checker == false): null

2018-12-14 11:51:23 - [TEST_STEP][PASSED] - Statement - Else: null

2018-12-14 11:51:23 - [TEST_STEP][PASSED] - delay: Delayed 2 second(s)

2018-12-14 11:51:25 - [MESSAGE][PASSED] - Delayed 2 second(s)

2018-12-14 11:51:25 - [TEST_STEP][PASSED] - click: Object: 'Object Repository/Final Object Repo/Page_MyASSIST - ASSIST - Search Pending Case For Add Supporting Document/Search Information' is clicked on

2018-12-14 11:51:25 - [MESSAGE][PASSED] - Object: 'Object Repository/Final Object Repo/Page_MyASSIST - ASSIST - Search Pending Case For Add Supporting Document/Search Information' is clicked on

2018-12-14 11:51:25 - [TEST_STEP][PASSED] - delay: Delayed 3 second(s)

2018-12-14 11:51:28 - [MESSAGE][PASSED] - Delayed 3 second(s)

2018-12-14 11:51:28 - [TEST_STEP][PASSED] - sendKeys: Keys 'ERN122018C200002448' sent to object: 'Object Repository/Final Object Repo/Page_MyASSIST - ASSIST - Search Pending Case For Add Supporting Document/Reference No'

2018-12-14 11:51:28 - [MESSAGE][PASSED] - Keys 'ERN122018C200002448' sent to object: 'Object Repository/Final Object Repo/Page_MyASSIST - ASSIST - Search Pending Case For Add Supporting Document/Reference No'

2018-12-14 11:51:28 - [TEST_STEP][PASSED] - click: Object: 'Object Repository/Final Object Repo/Page_MyASSIST - ASSIST - Search Pending Case For Add Supporting Document/Search Reference No' is clicked on

2018-12-14 11:51:28 - [MESSAGE][PASSED] - Object: 'Object Repository/Final Object Repo/Page_MyASSIST - ASSIST - Search Pending Case For Add Supporting Document/Search Reference No' is clicked on

2018-12-14 11:51:28 - [TEST_STEP][PASSED] - delay: Delayed 2 second(s)

2018-12-14 11:51:30 - [MESSAGE][PASSED] - Delayed 2 second(s)

2018-12-14 11:51:30 - [TEST_STEP][PASSED] - click: Object: 'Object Repository/Final Object Repo/Page_MyASSIST - ASSIST - Search Pending Case For Add Supporting Document/Continue' is clicked on

2018-12-14 11:51:33 - [MESSAGE][PASSED] - Object: 'Object Repository/Final Object Repo/Page_MyASSIST - ASSIST - Search Pending Case For Add Supporting Document/Continue' is clicked on

2018-12-14 11:51:33 - [TEST_STEP][PASSED] - delay: Delayed 20 second(s)

2018-12-14 11:51:53 - [MESSAGE][PASSED] - Delayed 20 second(s)

2018-12-14 11:51:53 - [MESSAGE][PASSED] - Call Test Case 'Test Cases/Final Aug 2018 - PKS Automation/Registration Module/Workflow/Login and Search Case For Workflow' successfully

2018-12-14 11:51:53 - [TEST_STEP][PASSED] - click: Object: 'Object Repository/Final Object Repo/Page_Form 3 EIS - Cessation as Employer/Page_Form 3 EIS - Cessation as Employer (Approve)/Save  Continue in Form 3 Page' is clicked on

2018-12-14 11:51:54 - [MESSAGE][PASSED] - Object: 'Object Repository/Final Object Repo/Page_Form 3 EIS - Cessation as Employer/Page_Form 3 EIS - Cessation as Employer (Approve)/Save  Continue in Form 3 Page' is clicked on

2018-12-14 11:51:54 - [TEST_STEP][PASSED] - delay: Delayed 2 second(s)

2018-12-14 11:51:56 - [MESSAGE][PASSED] - Delayed 2 second(s)

2018-12-14 11:51:56 - [TEST_STEP][PASSED] - click: Object: 'Object Repository/Final Object Repo/Page_Form 3 EIS - Cessation as Employer/Page_Form 3 EIS - Cessation as Employer (Approve)/Save  Continue in Resigned Page' is clicked on

2018-12-14 11:51:56 - [MESSAGE][PASSED] - Object: 'Object Repository/Final Object Repo/Page_Form 3 EIS - Cessation as Employer/Page_Form 3 EIS - Cessation as Employer (Approve)/Save  Continue in Resigned Page' is clicked on

2018-12-14 11:51:56 - [TEST_STEP][PASSED] - delay: Delayed 2 second(s)

2018-12-14 11:51:58 - [MESSAGE][PASSED] - Delayed 2 second(s)

2018-12-14 11:51:58 - [TEST_STEP][PASSED] - click: Object: 'Object Repository/Final Object Repo/Page_Form 3 EIS - Cessation as Employer/Page_Form 3 EIS - Cessation as Employer (Approve)/Save  Continue in Uploading Page' is clicked on

2018-12-14 11:51:59 - [MESSAGE][PASSED] - Object: 'Object Repository/Final Object Repo/Page_Form 3 EIS - Cessation as Employer/Page_Form 3 EIS - Cessation as Employer (Approve)/Save  Continue in Uploading Page' is clicked on

2018-12-14 11:51:59 - [TEST_STEP][PASSED] - delay: Delayed 2 second(s)

2018-12-14 11:52:01 - [MESSAGE][PASSED] - Delayed 2 second(s)

2018-12-14 11:52:01 - [TEST_STEP][PASSED] - click: Object: 'Object Repository/Final Object Repo/Page_Form 3 EIS - Cessation as Employer/Page_Form 3 EIS - Cessation as Employer (Reject)/Reject' is clicked on

2018-12-14 11:52:04 - [MESSAGE][PASSED] - Object: 'Object Repository/Final Object Repo/Page_Form 3 EIS - Cessation as Employer/Page_Form 3 EIS - Cessation as Employer (Reject)/Reject' is clicked on

2018-12-14 11:52:04 - [TEST_STEP][PASSED] - delay: Delayed 2 second(s)

2018-12-14 11:52:06 - [MESSAGE][PASSED] - Delayed 2 second(s)

2018-12-14 11:52:06 - [TEST_STEP][PASSED] - click: Object: 'Object Repository/Final Object Repo/Page_Form 3 EIS - Cessation as Employer/Page_Form 3 EIS - Cessation as Employer (Reject)/Confirm' is clicked on

2018-12-14 11:52:06 - [MESSAGE][PASSED] - Object: 'Object Repository/Final Object Repo/Page_Form 3 EIS - Cessation as Employer/Page_Form 3 EIS - Cessation as Employer (Reject)/Confirm' is clicked on

2018-12-14 11:52:06 - [TEST_STEP][PASSED] - delay: Delayed 2 second(s)

2018-12-14 11:52:08 - [MESSAGE][PASSED] - Delayed 2 second(s)

2018-12-14 11:52:08 - [TEST_STEP][PASSED] - click: Object: 'Object Repository/Final Object Repo/Page_Form 3 EIS - Cessation as Employer/Page_Form 3 EIS - Cessation as Employer (Reject)/Message This Case has been Rejected' is clicked on

2018-12-14 11:52:12 - [MESSAGE][PASSED] - Object: 'Object Repository/Final Object Repo/Page_Form 3 EIS - Cessation as Employer/Page_Form 3 EIS - Cessation as Employer (Reject)/Message This Case has been Rejected' is clicked on

2018-12-14 11:52:12 - [TEST_STEP][PASSED] - click: Object: 'Object Repository/Final Object Repo/Page_Form 3 EIS - Cessation as Employer/Page_Form 3 EIS - Cessation as Employer (Reject)/Letter of update rejection' is clicked on

2018-12-14 11:52:13 - [MESSAGE][PASSED] - Object: 'Object Repository/Final Object Repo/Page_Form 3 EIS - Cessation as Employer/Page_Form 3 EIS - Cessation as Employer (Reject)/Letter of update rejection' is clicked on

2018-12-14 11:52:13 - [MESSAGE][PASSED] - Call Test Case 'Test Cases/Final Aug 2018 - PKS Automation/Registration Module/Workflow/Form 3 EIS - Cessation As Employer/Template/Form 3 A - Cessation As Employer (Query)' successfully]]></system-out>
         <system-err><![CDATA[]]></system-err>
      </testcase>
      <testcase name="Test Cases/Final Aug 2018 - PKS Automation/Registration Module/Workflow/Form 3 EIS - Cessation As Employer/PKRBO to UO (Reject)" classname="Test Cases/Final Aug 2018 - PKS Automation/Registration Module/Workflow/Form 3 EIS - Cessation As Employer/PKRBO to UO (Reject)" status="PASSED">
         <system-out><![CDATA[2018-12-14 11:52:13 - [TEST_CASE][PASSED] - Test Cases/Final Aug 2018 - PKS Automation/Registration Module/Workflow/Form 3 EIS - Cessation As Employer/PKRBO to UO (Reject): Test Cases/Final Aug 2018 - PKS Automation/Registration Module/Workflow/Form 3 EIS - Cessation As Employer/PKRBO to UO (Reject)

2018-12-14 11:52:13 - [TEST_STEP][PASSED] - callTestCase: Call Test Case 'Test Cases/Final Aug 2018 - PKS Automation/Registration Module/Workflow/Form 3 EIS - Cessation As Employer/Template/Form 3 A - Cessation As Employer (PKRBO)' successfully

2018-12-14 11:52:13 - [TEST_CASE][PASSED] - Test Cases/Final Aug 2018 - PKS Automation/Registration Module/Workflow/Form 3 EIS - Cessation As Employer/Template/Form 3 A - Cessation As Employer (PKRBO): Test Cases/Final Aug 2018 - PKS Automation/Registration Module/Workflow/Form 3 EIS - Cessation As Employer/Template/Form 3 A - Cessation As Employer (PKRBO)

2018-12-14 11:52:13 - [TEST_STEP][PASSED] - openBrowser: Browser is opened with url: ''

2018-12-14 11:52:13 - [MESSAGE][WARNING] - A browser is already opened. Closing browser and opening a new one

2018-12-14 11:52:20 - [MESSAGE][PASSED] - Browser is opened with url: ''

2018-12-14 11:52:20 - [TEST_STEP][PASSED] - navigateToUrl: Navigate to 'https://assist2-uat.perkeso.gov.my/login' successfully

2018-12-14 11:52:21 - [MESSAGE][PASSED] - Navigate to 'https://assist2-uat.perkeso.gov.my/login' successfully

2018-12-14 11:52:21 - [TEST_STEP][PASSED] - setText: Text 'johorpkrbo1@gmail.com' is set on object 'Object Repository/Final Object Repo/Login Page/Internal User/Email Address'

2018-12-14 11:52:22 - [MESSAGE][PASSED] - Text 'johorpkrbo1@gmail.com' is set on object 'Object Repository/Final Object Repo/Login Page/Internal User/Email Address'

2018-12-14 11:52:22 - [TEST_STEP][PASSED] - click: Object: 'Object Repository/Final Object Repo/Login Page/Internal User/Next Button' is clicked on

2018-12-14 11:52:22 - [MESSAGE][PASSED] - Object: 'Object Repository/Final Object Repo/Login Page/Internal User/Next Button' is clicked on

2018-12-14 11:52:22 - [TEST_STEP][PASSED] - delay: Delayed 1 second(s)

2018-12-14 11:52:23 - [MESSAGE][PASSED] - Delayed 1 second(s)

2018-12-14 11:52:23 - [TEST_STEP][PASSED] - setEncryptedText: Text ****** has been set on object 'Object Repository/Final Object Repo/Login Page/Internal User/Password'

2018-12-14 11:52:24 - [MESSAGE][PASSED] - Text ****** has been set on object 'Object Repository/Final Object Repo/Login Page/Internal User/Password'

2018-12-14 11:52:24 - [TEST_STEP][PASSED] - click: Object: 'Object Repository/Final Object Repo/Login Page/Internal User/Login Button' is clicked on

2018-12-14 11:52:25 - [MESSAGE][PASSED] - Object: 'Object Repository/Final Object Repo/Login Page/Internal User/Login Button' is clicked on

2018-12-14 11:52:25 - [TEST_STEP][PASSED] - delay: Delayed 1 second(s)

2018-12-14 11:52:26 - [MESSAGE][PASSED] - Delayed 1 second(s)

2018-12-14 11:52:26 - [TEST_STEP][PASSED] - Statement - Try: Delayed 2 second(s)

2018-12-14 11:52:26 - [TEST_STEP][PASSED] - Statement - Checker = false: null

2018-12-14 11:52:26 - [TEST_STEP][PASSED] - Statement - Checker = com.kms.katalon.core.webui.keyword.WebUiBuiltInKeywords.verifyElementHasAttribute(com.kms.katalon.core.testobject.ObjectRepository.findTestObject(Final Object Repo/Landing Page/BM Detecting), "href", 20, OPTIONAL): Object 'Object Repository/Final Object Repo/Landing Page/BM Detecting' has attribute 'href'

2018-12-14 11:52:28 - [MESSAGE][PASSED] - Object 'Object Repository/Final Object Repo/Landing Page/BM Detecting' has attribute 'href'

2018-12-14 11:52:28 - [TEST_STEP][PASSED] - Statement - out.println(Checker): null

2018-12-14 11:52:28 - [TEST_STEP][PASSED] - Statement - If (Checker == false): null

2018-12-14 11:52:28 - [TEST_STEP][PASSED] - Statement - Else: null

2018-12-14 11:52:28 - [TEST_STEP][PASSED] - delay: Delayed 2 second(s)

2018-12-14 11:52:30 - [MESSAGE][PASSED] - Delayed 2 second(s)

2018-12-14 11:52:30 - [TEST_STEP][PASSED] - navigateToUrl: Navigate to 'https://assist2-uat.perkeso.gov.my/web/registration/eis-update/form-3-eis-cessation-as-employer' successfully

2018-12-14 11:52:30 - [MESSAGE][PASSED] - Navigate to 'https://assist2-uat.perkeso.gov.my/web/registration/eis-update/form-3-eis-cessation-as-employer' successfully

2018-12-14 11:52:30 - [TEST_STEP][PASSED] - delay: Delayed 1 second(s)

2018-12-14 11:52:31 - [MESSAGE][PASSED] - Delayed 1 second(s)

2018-12-14 11:52:31 - [TEST_STEP][PASSED] - setText: Text 'E1102069769W' is set on object 'Object Repository/Final Object Repo/Page_Form 3 EIS - Cessation as Employer/Employer Code'

2018-12-14 11:52:32 - [MESSAGE][PASSED] - Text 'E1102069769W' is set on object 'Object Repository/Final Object Repo/Page_Form 3 EIS - Cessation as Employer/Employer Code'

2018-12-14 11:52:32 - [TEST_STEP][PASSED] - click: Object: 'Object Repository/Final Object Repo/Page_Form 3 EIS - Cessation as Employer/Search' is clicked on

2018-12-14 11:52:32 - [MESSAGE][PASSED] - Object: 'Object Repository/Final Object Repo/Page_Form 3 EIS - Cessation as Employer/Search' is clicked on

2018-12-14 11:52:32 - [TEST_STEP][PASSED] - click: Object: 'Object Repository/Final Object Repo/Page_Form 3 EIS - Cessation as Employer/Edit' is clicked on

2018-12-14 11:52:35 - [MESSAGE][PASSED] - Object: 'Object Repository/Final Object Repo/Page_Form 3 EIS - Cessation as Employer/Edit' is clicked on

2018-12-14 11:52:35 - [TEST_STEP][PASSED] - delay: Delayed 1 second(s)

2018-12-14 11:52:36 - [MESSAGE][PASSED] - Delayed 1 second(s)

2018-12-14 11:52:36 - [TEST_STEP][PASSED] - Statement - abc = com.kms.katalon.core.webui.keyword.WebUiBuiltInKeywords.getAttribute(com.kms.katalon.core.testobject.ObjectRepository.findTestObject(Final Object Repo/Page_Form 3 EIS - Cessation as Employer/Employer Status), "value"): Attribute 'value' of object 'Object Repository/Final Object Repo/Page_Form 3 EIS - Cessation as Employer/Employer Status' is: 'Active'

2018-12-14 11:52:37 - [MESSAGE][PASSED] - Attribute 'value' of object 'Object Repository/Final Object Repo/Page_Form 3 EIS - Cessation as Employer/Employer Status' is: 'Active'

2018-12-14 11:52:37 - [TEST_STEP][PASSED] - Statement - out.println(abc): null

2018-12-14 11:52:37 - [TEST_STEP][PASSED] - Statement - If (abc == "Active"): Object: 'Object Repository/Final Object Repo/Page_Form 3 EIS - Cessation as Employer/Dormant EIS' is clicked on

2018-12-14 11:52:37 - [TEST_STEP][PASSED] - click: Object: 'Object Repository/Final Object Repo/Page_Form 3 EIS - Cessation as Employer/Change Employer Status to' is clicked on

2018-12-14 11:52:37 - [MESSAGE][PASSED] - Object: 'Object Repository/Final Object Repo/Page_Form 3 EIS - Cessation as Employer/Change Employer Status to' is clicked on

2018-12-14 11:52:37 - [TEST_STEP][PASSED] - click: Object: 'Object Repository/Final Object Repo/Page_Form 3 EIS - Cessation as Employer/Dormant EIS' is clicked on

2018-12-14 11:52:37 - [MESSAGE][PASSED] - Object: 'Object Repository/Final Object Repo/Page_Form 3 EIS - Cessation as Employer/Dormant EIS' is clicked on

2018-12-14 11:52:37 - [TEST_STEP][PASSED] - click: Object: 'Object Repository/Final Object Repo/Page_Form 3 EIS - Cessation as Employer/Calender' is clicked on

2018-12-14 11:52:37 - [MESSAGE][PASSED] - Object: 'Object Repository/Final Object Repo/Page_Form 3 EIS - Cessation as Employer/Calender' is clicked on

2018-12-14 11:52:37 - [TEST_STEP][PASSED] - delay: Delayed 1 second(s)

2018-12-14 11:52:38 - [MESSAGE][PASSED] - Delayed 1 second(s)

2018-12-14 11:52:38 - [TEST_STEP][PASSED] - click: Object: 'Object Repository/Final Object Repo/Page_Form 3 EIS - Cessation as Employer/Calender - Date' is clicked on

2018-12-14 11:52:38 - [MESSAGE][PASSED] - Object: 'Object Repository/Final Object Repo/Page_Form 3 EIS - Cessation as Employer/Calender - Date' is clicked on

2018-12-14 11:52:38 - [TEST_STEP][PASSED] - click: Object: 'Object Repository/Final Object Repo/Page_Form 3 EIS - Cessation as Employer/Save  Continue in Form 3 EIS Page' is clicked on

2018-12-14 11:52:39 - [MESSAGE][PASSED] - Object: 'Object Repository/Final Object Repo/Page_Form 3 EIS - Cessation as Employer/Save  Continue in Form 3 EIS Page' is clicked on

2018-12-14 11:52:39 - [TEST_STEP][PASSED] - delay: Delayed 1 second(s)

2018-12-14 11:52:40 - [MESSAGE][PASSED] - Delayed 1 second(s)

2018-12-14 11:52:40 - [TEST_STEP][PASSED] - click: Object: 'Object Repository/Final Object Repo/Page_Form 3 EIS - Cessation as Employer/Employment Resign Date' is clicked on

2018-12-14 11:52:40 - [MESSAGE][PASSED] - Object: 'Object Repository/Final Object Repo/Page_Form 3 EIS - Cessation as Employer/Employment Resign Date' is clicked on

2018-12-14 11:52:40 - [TEST_STEP][PASSED] - selectOptionByValue: All options with value '2030' are selected in object 'Object Repository/Final Object Repo/Page_Form 3 EIS - Cessation as Employer/Employment Resign Date - Year' 

2018-12-14 11:52:41 - [MESSAGE][PASSED] - All options with value '2030' are selected in object 'Object Repository/Final Object Repo/Page_Form 3 EIS - Cessation as Employer/Employment Resign Date - Year' 

2018-12-14 11:52:41 - [TEST_STEP][PASSED] - delay: Delayed 2 second(s)

2018-12-14 11:52:43 - [MESSAGE][PASSED] - Delayed 2 second(s)

2018-12-14 11:52:43 - [TEST_STEP][PASSED] - click: Object: 'Object Repository/Final Object Repo/Page_Form 3 EIS - Cessation as Employer/Employment Resign Date - Year - Date' is clicked on

2018-12-14 11:52:43 - [MESSAGE][PASSED] - Object: 'Object Repository/Final Object Repo/Page_Form 3 EIS - Cessation as Employer/Employment Resign Date - Year - Date' is clicked on

2018-12-14 11:52:43 - [TEST_STEP][PASSED] - delay: Delayed 2 second(s)

2018-12-14 11:52:45 - [MESSAGE][PASSED] - Delayed 2 second(s)

2018-12-14 11:52:45 - [TEST_STEP][PASSED] - click: Object: 'Object Repository/Final Object Repo/Page_Form 3 EIS - Cessation as Employer/Save  Continue in Employment Resign Page' is clicked on

2018-12-14 11:52:45 - [MESSAGE][PASSED] - Object: 'Object Repository/Final Object Repo/Page_Form 3 EIS - Cessation as Employer/Save  Continue in Employment Resign Page' is clicked on

2018-12-14 11:52:45 - [TEST_STEP][PASSED] - delay: Delayed 2 second(s)

2018-12-14 11:52:47 - [MESSAGE][PASSED] - Delayed 2 second(s)

2018-12-14 11:52:47 - [TEST_STEP][PASSED] - click: Object: 'Object Repository/Final Object Repo/Page_Form 3 EIS - Cessation as Employer/Set Latest - Yes' is clicked on

2018-12-14 11:52:47 - [MESSAGE][PASSED] - Object: 'Object Repository/Final Object Repo/Page_Form 3 EIS - Cessation as Employer/Set Latest - Yes' is clicked on

2018-12-14 11:52:47 - [TEST_STEP][PASSED] - delay: Delayed 2 second(s)

2018-12-14 11:52:49 - [MESSAGE][PASSED] - Delayed 2 second(s)

2018-12-14 11:52:49 - [TEST_STEP][PASSED] - click: Object: 'Object Repository/Final Object Repo/Page_Form 3 EIS - Cessation as Employer/Add Document' is clicked on

2018-12-14 11:52:50 - [MESSAGE][PASSED] - Object: 'Object Repository/Final Object Repo/Page_Form 3 EIS - Cessation as Employer/Add Document' is clicked on

2018-12-14 11:52:50 - [TEST_STEP][PASSED] - delay: Delayed 3 second(s)

2018-12-14 11:52:53 - [MESSAGE][PASSED] - Delayed 3 second(s)

2018-12-14 11:52:53 - [TEST_STEP][PASSED] - click: Object: 'Object Repository/Final Object Repo/Page_Form 3 EIS - Cessation as Employer/Document Type' is clicked on

2018-12-14 11:52:54 - [MESSAGE][PASSED] - Object: 'Object Repository/Final Object Repo/Page_Form 3 EIS - Cessation as Employer/Document Type' is clicked on

2018-12-14 11:52:54 - [TEST_STEP][PASSED] - click: Object: 'Object Repository/Final Object Repo/Page_Form 3 EIS - Cessation as Employer/Document Type - Form 3' is clicked on

2018-12-14 11:52:54 - [MESSAGE][PASSED] - Object: 'Object Repository/Final Object Repo/Page_Form 3 EIS - Cessation as Employer/Document Type - Form 3' is clicked on

2018-12-14 11:52:54 - [TEST_STEP][PASSED] - delay: Delayed 2 second(s)

2018-12-14 11:52:56 - [MESSAGE][PASSED] - Delayed 2 second(s)

2018-12-14 11:52:56 - [TEST_STEP][PASSED] - sendKeys: Keys 'C:\Users\Public\Pictures\Sample Pictures\Koala.jpg' sent to object: 'Object Repository/Final Object Repo/Page_Form 3 EIS - Cessation as Employer/ploading File'

2018-12-14 11:52:56 - [MESSAGE][PASSED] - Keys 'C:\Users\Public\Pictures\Sample Pictures\Koala.jpg' sent to object: 'Object Repository/Final Object Repo/Page_Form 3 EIS - Cessation as Employer/ploading File'

2018-12-14 11:52:56 - [TEST_STEP][PASSED] - delay: Delayed 1 second(s)

2018-12-14 11:52:57 - [MESSAGE][PASSED] - Delayed 1 second(s)

2018-12-14 11:52:57 - [TEST_STEP][PASSED] - click: Object: 'Object Repository/Final Object Repo/Page_Form 3 EIS - Cessation as Employer/Add Document in Uploading Page' is clicked on

2018-12-14 11:52:57 - [MESSAGE][PASSED] - Object: 'Object Repository/Final Object Repo/Page_Form 3 EIS - Cessation as Employer/Add Document in Uploading Page' is clicked on

2018-12-14 11:52:57 - [TEST_STEP][PASSED] - delay: Delayed 2 second(s)

2018-12-14 11:52:59 - [MESSAGE][PASSED] - Delayed 2 second(s)

2018-12-14 11:52:59 - [TEST_STEP][PASSED] - Statement - CaseReferenceNo = com.kms.katalon.core.webui.keyword.WebUiBuiltInKeywords.getText(com.kms.katalon.core.testobject.ObjectRepository.findTestObject(Final Object Repo/Page_Update Employer Information/Reference Number in Update Employee Information Page)): Text of object 'Object Repository/Final Object Repo/Page_Update Employer Information/Reference Number in Update Employee Information Page' is: 'ERN122018C200002449'

2018-12-14 11:53:01 - [MESSAGE][PASSED] - Text of object 'Object Repository/Final Object Repo/Page_Update Employer Information/Reference Number in Update Employee Information Page' is: 'ERN122018C200002449'

2018-12-14 11:53:01 - [TEST_STEP][PASSED] - callTestCase: Call Test Case 'Test Cases/Final Aug 2018 - PKS Automation/Common/Reference Number Setter' successfully

2018-12-14 11:53:01 - [TEST_CASE][PASSED] - Test Cases/Final Aug 2018 - PKS Automation/Common/Reference Number Setter: Test Cases/Final Aug 2018 - PKS Automation/Common/Reference Number Setter

2018-12-14 11:53:01 - [TEST_STEP][PASSED] - Statement - RefNoOldFile = new java.io.File(C://Users//Admin//Desktop//PKS//Automation Reference Point//KatalonReference.txt): null

2018-12-14 11:53:01 - [TEST_STEP][PASSED] - Statement - RefNoOldFile.delete(): null

2018-12-14 11:53:01 - [TEST_STEP][PASSED] - delay: Delayed 5 second(s)

2018-12-14 11:53:06 - [MESSAGE][PASSED] - Delayed 5 second(s)

2018-12-14 11:53:06 - [TEST_STEP][PASSED] - Statement - RefNo = new java.io.File(C://Users//Admin//Desktop//PKS//Automation Reference Point//KatalonReference.txt): null

2018-12-14 11:53:06 - [TEST_STEP][PASSED] - Statement - f2 = new java.io.FileWriter(RefNo, false): null

2018-12-14 11:53:06 - [TEST_STEP][PASSED] - Statement - f2.write(CaseReferenceNo): null

2018-12-14 11:53:06 - [TEST_STEP][PASSED] - Statement - f2.close(): null

2018-12-14 11:53:06 - [TEST_STEP][PASSED] - Statement - out.println("


" + CaseReferenceNo + "


"): null

2018-12-14 11:53:06 - [MESSAGE][PASSED] - Call Test Case 'Test Cases/Final Aug 2018 - PKS Automation/Common/Reference Number Setter' successfully

2018-12-14 11:53:06 - [TEST_STEP][PASSED] - delay: Delayed 2 second(s)

2018-12-14 11:53:08 - [MESSAGE][PASSED] - Delayed 2 second(s)

2018-12-14 11:53:08 - [TEST_STEP][PASSED] - click: Object: 'Object Repository/Final Object Repo/Page_Form 3 EIS - Cessation as Employer/Save  Continue in Uploading Page' is clicked on

2018-12-14 11:53:08 - [MESSAGE][PASSED] - Object: 'Object Repository/Final Object Repo/Page_Form 3 EIS - Cessation as Employer/Save  Continue in Uploading Page' is clicked on

2018-12-14 11:53:08 - [TEST_STEP][PASSED] - delay: Delayed 2 second(s)

2018-12-14 11:53:10 - [MESSAGE][PASSED] - Delayed 2 second(s)

2018-12-14 11:53:10 - [TEST_STEP][PASSED] - click: Object: 'Object Repository/Final Object Repo/Page_Form 3 EIS - Cessation as Employer/Submit' is clicked on

2018-12-14 11:53:13 - [MESSAGE][PASSED] - Object: 'Object Repository/Final Object Repo/Page_Form 3 EIS - Cessation as Employer/Submit' is clicked on

2018-12-14 11:53:13 - [TEST_STEP][PASSED] - delay: Delayed 2 second(s)

2018-12-14 11:53:15 - [MESSAGE][PASSED] - Delayed 2 second(s)

2018-12-14 11:53:15 - [TEST_STEP][PASSED] - click: Object: 'Object Repository/Final Object Repo/Page_Form 3 EIS - Cessation as Employer/Confirm' is clicked on

2018-12-14 11:53:15 - [MESSAGE][PASSED] - Object: 'Object Repository/Final Object Repo/Page_Form 3 EIS - Cessation as Employer/Confirm' is clicked on

2018-12-14 11:53:15 - [TEST_STEP][PASSED] - delay: Delayed 2 second(s)

2018-12-14 11:53:17 - [MESSAGE][PASSED] - Delayed 2 second(s)

2018-12-14 11:53:17 - [TEST_STEP][PASSED] - click: Object: 'Object Repository/Final Object Repo/Page_Form 3 EIS - Cessation as Employer/Message Your Request will be routed to UO' is clicked on

2018-12-14 11:53:21 - [MESSAGE][PASSED] - Object: 'Object Repository/Final Object Repo/Page_Form 3 EIS - Cessation as Employer/Message Your Request will be routed to UO' is clicked on

2018-12-14 11:53:21 - [TEST_STEP][PASSED] - click: Object: 'Object Repository/Final Object Repo/Page_Form 3 EIS - Cessation as Employer/Letter of acknowledgement' is clicked on

2018-12-14 11:53:22 - [MESSAGE][PASSED] - Object: 'Object Repository/Final Object Repo/Page_Form 3 EIS - Cessation as Employer/Letter of acknowledgement' is clicked on

2018-12-14 11:53:22 - [MESSAGE][PASSED] - Call Test Case 'Test Cases/Final Aug 2018 - PKS Automation/Registration Module/Workflow/Form 3 EIS - Cessation As Employer/Template/Form 3 A - Cessation As Employer (PKRBO)' successfully

2018-12-14 11:53:22 - [TEST_STEP][PASSED] - callTestCase: Call Test Case 'Test Cases/Final Aug 2018 - PKS Automation/Registration Module/Workflow/Form 3 EIS - Cessation As Employer/Template/Form 3 A - Cessation As Employer (Reject)' successfully

2018-12-14 11:53:22 - [TEST_CASE][PASSED] - Test Cases/Final Aug 2018 - PKS Automation/Registration Module/Workflow/Form 3 EIS - Cessation As Employer/Template/Form 3 A - Cessation As Employer (Reject): Test Cases/Final Aug 2018 - PKS Automation/Registration Module/Workflow/Form 3 EIS - Cessation As Employer/Template/Form 3 A - Cessation As Employer (Reject)

2018-12-14 11:53:22 - [TEST_STEP][NOT_RUN] - callTestCase: NOT_RUN: callTestCase

2018-12-14 11:53:22 - [MESSAGE][NOT_RUN] - NOT_RUN: callTestCase

2018-12-14 11:53:22 - [TEST_STEP][PASSED] - delay: Delayed 1 second(s)

2018-12-14 11:53:23 - [MESSAGE][PASSED] - Delayed 1 second(s)

2018-12-14 11:53:23 - [TEST_STEP][PASSED] - navigateToUrl: Navigate to 'https://assist2-uat.perkeso.gov.my/c/portal/logout' successfully

2018-12-14 11:53:24 - [MESSAGE][PASSED] - Navigate to 'https://assist2-uat.perkeso.gov.my/c/portal/logout' successfully

2018-12-14 11:53:24 - [TEST_STEP][PASSED] - delay: Delayed 1 second(s)

2018-12-14 11:53:25 - [MESSAGE][PASSED] - Delayed 1 second(s)

2018-12-14 11:53:25 - [TEST_STEP][PASSED] - callTestCase: Call Test Case 'Test Cases/Final Aug 2018 - PKS Automation/Common/Reference Number Getter' successfully

2018-12-14 11:53:25 - [TEST_CASE][PASSED] - Test Cases/Final Aug 2018 - PKS Automation/Common/Reference Number Getter: Test Cases/Final Aug 2018 - PKS Automation/Common/Reference Number Getter

2018-12-14 11:53:25 - [TEST_STEP][PASSED] - Statement - Try: null

2018-12-14 11:53:25 - [TEST_STEP][PASSED] - Statement - RefNo = new java.io.File(C://Users//Admin//Desktop//PKS//Automation Reference Point//KatalonReference.txt): null

2018-12-14 11:53:25 - [TEST_STEP][PASSED] - Statement - bufferread = new java.io.BufferedReader(new java.io.FileReader(RefNo)): null

2018-12-14 11:53:25 - [TEST_STEP][PASSED] - Statement - readedVal = bufferread.readLine(): null

2018-12-14 11:53:25 - [TEST_STEP][PASSED] - Statement - out.println(CaseReferenceNo): null

2018-12-14 11:53:25 - [TEST_STEP][PASSED] - Statement - out.println(readedVal): null

2018-12-14 11:53:25 - [TEST_STEP][PASSED] - Statement - CaseReferenceNo = "": null

2018-12-14 11:53:25 - [TEST_STEP][PASSED] - Statement - CaseReferenceNo = readedVal: null

2018-12-14 11:53:25 - [MESSAGE][PASSED] - Call Test Case 'Test Cases/Final Aug 2018 - PKS Automation/Common/Reference Number Getter' successfully

2018-12-14 11:53:25 - [TEST_STEP][PASSED] - callTestCase: Call Test Case 'Test Cases/Final Aug 2018 - PKS Automation/Common/Workflow Owner Finder' successfully

2018-12-14 11:53:25 - [TEST_CASE][PASSED] - Test Cases/Final Aug 2018 - PKS Automation/Common/Workflow Owner Finder: Test Cases/Final Aug 2018 - PKS Automation/Common/Workflow Owner Finder

2018-12-14 11:53:25 - [TEST_STEP][PASSED] - openBrowser: Browser is opened with url: ''

2018-12-14 11:53:25 - [MESSAGE][WARNING] - A browser is already opened. Closing browser and opening a new one

2018-12-14 11:53:29 - [MESSAGE][PASSED] - Browser is opened with url: ''

2018-12-14 11:53:29 - [TEST_STEP][PASSED] - navigateToUrl: Navigate to 'https://assist2-uat.perkeso.gov.my/login' successfully

2018-12-14 11:53:30 - [MESSAGE][PASSED] - Navigate to 'https://assist2-uat.perkeso.gov.my/login' successfully

2018-12-14 11:53:30 - [TEST_STEP][PASSED] - delay: Delayed 5 second(s)

2018-12-14 11:53:35 - [MESSAGE][PASSED] - Delayed 5 second(s)

2018-12-14 11:53:35 - [TEST_STEP][PASSED] - setText: Text 'test@liferay.com' is set on object 'Object Repository/Final Object Repo/Login Page/Internal User/Email Address'

2018-12-14 11:53:35 - [MESSAGE][PASSED] - Text 'test@liferay.com' is set on object 'Object Repository/Final Object Repo/Login Page/Internal User/Email Address'

2018-12-14 11:53:35 - [TEST_STEP][PASSED] - click: Object: 'Object Repository/Final Object Repo/Login Page/Internal User/Next Button' is clicked on

2018-12-14 11:53:35 - [MESSAGE][PASSED] - Object: 'Object Repository/Final Object Repo/Login Page/Internal User/Next Button' is clicked on

2018-12-14 11:53:35 - [TEST_STEP][PASSED] - delay: Delayed 2 second(s)

2018-12-14 11:53:37 - [MESSAGE][PASSED] - Delayed 2 second(s)

2018-12-14 11:53:37 - [TEST_STEP][PASSED] - setText: Text 'test' is set on object 'Object Repository/Final Object Repo/Login Page/Internal User/Password'

2018-12-14 11:53:38 - [MESSAGE][PASSED] - Text 'test' is set on object 'Object Repository/Final Object Repo/Login Page/Internal User/Password'

2018-12-14 11:53:38 - [TEST_STEP][PASSED] - delay: Delayed 2 second(s)

2018-12-14 11:53:40 - [MESSAGE][PASSED] - Delayed 2 second(s)

2018-12-14 11:53:40 - [TEST_STEP][PASSED] - click: Object: 'Object Repository/Final Object Repo/Login Page/Internal User/Login Button' is clicked on

2018-12-14 11:53:40 - [MESSAGE][PASSED] - Object: 'Object Repository/Final Object Repo/Login Page/Internal User/Login Button' is clicked on

2018-12-14 11:53:40 - [TEST_STEP][PASSED] - Statement - tester = com.kms.katalon.core.testobject.ObjectRepository.findTestObject(Final Object Repo/Landing Page/Select to English): Finding Test Object with id 'Object Repository/Final Object Repo/Landing Page/Select to English'

2018-12-14 11:53:40 - [TEST_STEP][PASSED] - Statement - Try: Delayed 2 second(s)

2018-12-14 11:53:40 - [TEST_STEP][PASSED] - Statement - Checker = com.kms.katalon.core.webui.keyword.WebUiBuiltInKeywords.verifyElementNotPresent(tester, 3): Web element with id: 'Object Repository/Final Object Repo/Landing Page/Select to English' located by 'By.xpath: //a[@class = 'taglib-language-list-text' and @lang = 'en-US' and (contains(text(), 'EN') or contains(., 'EN'))]' is not present after '3' second(s)

2018-12-14 11:53:42 - [MESSAGE][PASSED] - Web element with id: 'Object Repository/Final Object Repo/Landing Page/Select to English' located by 'By.xpath: //a[@class = 'taglib-language-list-text' and @lang = 'en-US' and (contains(text(), 'EN') or contains(., 'EN'))]' is not present after '3' second(s)

2018-12-14 11:53:42 - [TEST_STEP][PASSED] - Statement - If (Checker == false): null

2018-12-14 11:53:42 - [TEST_STEP][PASSED] - delay: Delayed 2 second(s)

2018-12-14 11:53:44 - [MESSAGE][PASSED] - Delayed 2 second(s)

2018-12-14 11:53:44 - [TEST_STEP][PASSED] - delay: Delayed 5 second(s)

2018-12-14 11:53:49 - [MESSAGE][PASSED] - Delayed 5 second(s)

2018-12-14 11:53:49 - [TEST_STEP][PASSED] - mouseOver: Object: 'Object Repository/Final Object Repo/Landing Page/WorkFlow Menu' is hovered

2018-12-14 11:53:49 - [MESSAGE][PASSED] - Object: 'Object Repository/Final Object Repo/Landing Page/WorkFlow Menu' is hovered

2018-12-14 11:53:49 - [TEST_STEP][PASSED] - delay: Delayed 2 second(s)

2018-12-14 11:53:51 - [MESSAGE][PASSED] - Delayed 2 second(s)

2018-12-14 11:53:51 - [TEST_STEP][PASSED] - click: Object: 'Object Repository/Final Object Repo/Landing Page/Select to Workflow Listing' is clicked on

2018-12-14 11:53:52 - [MESSAGE][PASSED] - Object: 'Object Repository/Final Object Repo/Landing Page/Select to Workflow Listing' is clicked on

2018-12-14 11:53:52 - [TEST_STEP][PASSED] - delay: Delayed 2 second(s)

2018-12-14 11:53:54 - [MESSAGE][PASSED] - Delayed 2 second(s)

2018-12-14 11:53:54 - [TEST_STEP][PASSED] - click: Object: 'Object Repository/Final Object Repo/WorkFlow Listing Page/Search Information - To Put Ref No' is clicked on

2018-12-14 11:53:54 - [MESSAGE][PASSED] - Object: 'Object Repository/Final Object Repo/WorkFlow Listing Page/Search Information - To Put Ref No' is clicked on

2018-12-14 11:53:54 - [TEST_STEP][PASSED] - delay: Delayed 2 second(s)

2018-12-14 11:53:56 - [MESSAGE][PASSED] - Delayed 2 second(s)

2018-12-14 11:53:56 - [TEST_STEP][PASSED] - callTestCase: Call Test Case 'Test Cases/Final Aug 2018 - PKS Automation/Common/Reference Number Getter' successfully

2018-12-14 11:53:56 - [TEST_CASE][PASSED] - Test Cases/Final Aug 2018 - PKS Automation/Common/Reference Number Getter: Test Cases/Final Aug 2018 - PKS Automation/Common/Reference Number Getter

2018-12-14 11:53:56 - [TEST_STEP][PASSED] - Statement - Try: null

2018-12-14 11:53:56 - [TEST_STEP][PASSED] - Statement - RefNo = new java.io.File(C://Users//Admin//Desktop//PKS//Automation Reference Point//KatalonReference.txt): null

2018-12-14 11:53:56 - [TEST_STEP][PASSED] - Statement - bufferread = new java.io.BufferedReader(new java.io.FileReader(RefNo)): null

2018-12-14 11:53:56 - [TEST_STEP][PASSED] - Statement - readedVal = bufferread.readLine(): null

2018-12-14 11:53:56 - [TEST_STEP][PASSED] - Statement - out.println(CaseReferenceNo): null

2018-12-14 11:53:56 - [TEST_STEP][PASSED] - Statement - out.println(readedVal): null

2018-12-14 11:53:56 - [TEST_STEP][PASSED] - Statement - CaseReferenceNo = "": null

2018-12-14 11:53:56 - [TEST_STEP][PASSED] - Statement - CaseReferenceNo = readedVal: null

2018-12-14 11:53:56 - [MESSAGE][PASSED] - Call Test Case 'Test Cases/Final Aug 2018 - PKS Automation/Common/Reference Number Getter' successfully

2018-12-14 11:53:56 - [TEST_STEP][PASSED] - setText: Text 'ERN122018C200002449' is set on object 'Object Repository/Final Object Repo/WorkFlow Listing Page/Ref No Set Text'

2018-12-14 11:53:57 - [MESSAGE][PASSED] - Text 'ERN122018C200002449' is set on object 'Object Repository/Final Object Repo/WorkFlow Listing Page/Ref No Set Text'

2018-12-14 11:53:57 - [TEST_STEP][PASSED] - delay: Delayed 2 second(s)

2018-12-14 11:53:59 - [MESSAGE][PASSED] - Delayed 2 second(s)

2018-12-14 11:53:59 - [TEST_STEP][PASSED] - click: Object: 'Object Repository/Final Object Repo/WorkFlow Listing Page/Search Ref No Search Button' is clicked on

2018-12-14 11:53:59 - [MESSAGE][PASSED] - Object: 'Object Repository/Final Object Repo/WorkFlow Listing Page/Search Ref No Search Button' is clicked on

2018-12-14 11:53:59 - [TEST_STEP][PASSED] - delay: Delayed 6 second(s)

2018-12-14 11:54:05 - [MESSAGE][PASSED] - Delayed 6 second(s)

2018-12-14 11:54:05 - [TEST_STEP][PASSED] - click: Object: 'Object Repository/Final Object Repo/WorkFlow Listing Page/Click Continue Tooltip' is clicked on

2018-12-14 11:54:06 - [MESSAGE][PASSED] - Object: 'Object Repository/Final Object Repo/WorkFlow Listing Page/Click Continue Tooltip' is clicked on

2018-12-14 11:54:06 - [TEST_STEP][PASSED] - delay: Delayed 5 second(s)

2018-12-14 11:54:11 - [MESSAGE][PASSED] - Delayed 5 second(s)

2018-12-14 11:54:11 - [TEST_STEP][PASSED] - doubleClick: Object: 'Object Repository/Final Object Repo/WorkFlow Listing Page/Workflow Found - Listing 1' is double clicked on

2018-12-14 11:54:11 - [MESSAGE][PASSED] - Object: 'Object Repository/Final Object Repo/WorkFlow Listing Page/Workflow Found - Listing 1' is double clicked on

2018-12-14 11:54:11 - [TEST_STEP][PASSED] - Statement - println(OwnerID): null

2018-12-14 11:54:11 - [TEST_STEP][PASSED] - Statement - OwnerID = com.kms.katalon.core.webui.keyword.WebUiBuiltInKeywords.getText(com.kms.katalon.core.testobject.ObjectRepository.findTestObject(Final Object Repo/WorkFlow Listing Page/Workflow Found - Listing 1), STOP_ON_FAILURE): Text of object 'Object Repository/Final Object Repo/WorkFlow Listing Page/Workflow Found - Listing 1' is: 'JOHORuo3'

2018-12-14 11:54:11 - [MESSAGE][PASSED] - Text of object 'Object Repository/Final Object Repo/WorkFlow Listing Page/Workflow Found - Listing 1' is: 'JOHORuo3'

2018-12-14 11:54:11 - [TEST_STEP][PASSED] - Statement - OwnerID = OwnerID.toLowerCase() + "@gmail.com": null

2018-12-14 11:54:11 - [TEST_STEP][PASSED] - Statement - println(OwnerID): null

2018-12-14 11:54:11 - [TEST_STEP][PASSED] - delay: Delayed 2 second(s)

2018-12-14 11:54:13 - [MESSAGE][PASSED] - Delayed 2 second(s)

2018-12-14 11:54:13 - [MESSAGE][PASSED] - Call Test Case 'Test Cases/Final Aug 2018 - PKS Automation/Common/Workflow Owner Finder' successfully

2018-12-14 11:54:13 - [TEST_STEP][PASSED] - delay: Delayed 1 second(s)

2018-12-14 11:54:14 - [MESSAGE][PASSED] - Delayed 1 second(s)

2018-12-14 11:54:14 - [TEST_STEP][PASSED] - navigateToUrl: Navigate to 'https://assist2-uat.perkeso.gov.my/c/portal/logout' successfully

2018-12-14 11:54:15 - [MESSAGE][PASSED] - Navigate to 'https://assist2-uat.perkeso.gov.my/c/portal/logout' successfully

2018-12-14 11:54:15 - [TEST_STEP][PASSED] - delay: Delayed 1 second(s)

2018-12-14 11:54:16 - [MESSAGE][PASSED] - Delayed 1 second(s)

2018-12-14 11:54:16 - [TEST_STEP][PASSED] - callTestCase: Call Test Case 'Test Cases/Final Aug 2018 - PKS Automation/Registration Module/Workflow/Login and Search Case For Workflow' successfully

2018-12-14 11:54:16 - [TEST_CASE][PASSED] - Test Cases/Final Aug 2018 - PKS Automation/Registration Module/Workflow/Login and Search Case For Workflow: Test Cases/Final Aug 2018 - PKS Automation/Registration Module/Workflow/Login and Search Case For Workflow

2018-12-14 11:54:16 - [TEST_STEP][PASSED] - navigateToUrl: Navigate to 'https://assist2-uat.perkeso.gov.my/login' successfully

2018-12-14 11:54:17 - [MESSAGE][PASSED] - Navigate to 'https://assist2-uat.perkeso.gov.my/login' successfully

2018-12-14 11:54:17 - [TEST_STEP][PASSED] - setText: Text 'johoruo3@gmail.com' is set on object 'Object Repository/Final Object Repo/Login Page/Internal User/Email Address'

2018-12-14 11:54:17 - [MESSAGE][PASSED] - Text 'johoruo3@gmail.com' is set on object 'Object Repository/Final Object Repo/Login Page/Internal User/Email Address'

2018-12-14 11:54:17 - [TEST_STEP][PASSED] - click: Object: 'Object Repository/Final Object Repo/Login Page/Internal User/Next Button' is clicked on

2018-12-14 11:54:17 - [MESSAGE][PASSED] - Object: 'Object Repository/Final Object Repo/Login Page/Internal User/Next Button' is clicked on

2018-12-14 11:54:17 - [TEST_STEP][PASSED] - delay: Delayed 1 second(s)

2018-12-14 11:54:18 - [MESSAGE][PASSED] - Delayed 1 second(s)

2018-12-14 11:54:18 - [TEST_STEP][PASSED] - setEncryptedText: Text ****** has been set on object 'Object Repository/Final Object Repo/Login Page/Internal User/Password'

2018-12-14 11:54:18 - [MESSAGE][PASSED] - Text ****** has been set on object 'Object Repository/Final Object Repo/Login Page/Internal User/Password'

2018-12-14 11:54:18 - [TEST_STEP][PASSED] - click: Object: 'Object Repository/Final Object Repo/Login Page/Internal User/Login Button' is clicked on

2018-12-14 11:54:18 - [MESSAGE][PASSED] - Object: 'Object Repository/Final Object Repo/Login Page/Internal User/Login Button' is clicked on

2018-12-14 11:54:18 - [TEST_STEP][PASSED] - delay: Delayed 2 second(s)

2018-12-14 11:54:20 - [MESSAGE][PASSED] - Delayed 2 second(s)

2018-12-14 11:54:20 - [TEST_STEP][PASSED] - Statement - Try: Delayed 2 second(s)

2018-12-14 11:54:20 - [TEST_STEP][PASSED] - Statement - Checker = false: null

2018-12-14 11:54:20 - [TEST_STEP][PASSED] - Statement - Checker = com.kms.katalon.core.webui.keyword.WebUiBuiltInKeywords.verifyElementHasAttribute(com.kms.katalon.core.testobject.ObjectRepository.findTestObject(Final Object Repo/Landing Page/BM Detecting), "href", 20, OPTIONAL): Object 'Object Repository/Final Object Repo/Landing Page/BM Detecting' has attribute 'href'

2018-12-14 11:54:21 - [MESSAGE][PASSED] - Object 'Object Repository/Final Object Repo/Landing Page/BM Detecting' has attribute 'href'

2018-12-14 11:54:21 - [TEST_STEP][PASSED] - Statement - out.println(Checker): null

2018-12-14 11:54:21 - [TEST_STEP][PASSED] - Statement - If (Checker == false): null

2018-12-14 11:54:21 - [TEST_STEP][PASSED] - Statement - Else: null

2018-12-14 11:54:21 - [TEST_STEP][PASSED] - delay: Delayed 2 second(s)

2018-12-14 11:54:23 - [MESSAGE][PASSED] - Delayed 2 second(s)

2018-12-14 11:54:23 - [TEST_STEP][PASSED] - click: Object: 'Object Repository/Final Object Repo/Page_MyASSIST - ASSIST - Search Pending Case For Add Supporting Document/Search Information' is clicked on

2018-12-14 11:54:23 - [MESSAGE][PASSED] - Object: 'Object Repository/Final Object Repo/Page_MyASSIST - ASSIST - Search Pending Case For Add Supporting Document/Search Information' is clicked on

2018-12-14 11:54:23 - [TEST_STEP][PASSED] - delay: Delayed 3 second(s)

2018-12-14 11:54:26 - [MESSAGE][PASSED] - Delayed 3 second(s)

2018-12-14 11:54:26 - [TEST_STEP][PASSED] - sendKeys: Keys 'ERN122018C200002449' sent to object: 'Object Repository/Final Object Repo/Page_MyASSIST - ASSIST - Search Pending Case For Add Supporting Document/Reference No'

2018-12-14 11:54:26 - [MESSAGE][PASSED] - Keys 'ERN122018C200002449' sent to object: 'Object Repository/Final Object Repo/Page_MyASSIST - ASSIST - Search Pending Case For Add Supporting Document/Reference No'

2018-12-14 11:54:26 - [TEST_STEP][PASSED] - click: Object: 'Object Repository/Final Object Repo/Page_MyASSIST - ASSIST - Search Pending Case For Add Supporting Document/Search Reference No' is clicked on

2018-12-14 11:54:26 - [MESSAGE][PASSED] - Object: 'Object Repository/Final Object Repo/Page_MyASSIST - ASSIST - Search Pending Case For Add Supporting Document/Search Reference No' is clicked on

2018-12-14 11:54:26 - [TEST_STEP][PASSED] - delay: Delayed 2 second(s)

2018-12-14 11:54:28 - [MESSAGE][PASSED] - Delayed 2 second(s)

2018-12-14 11:54:28 - [TEST_STEP][PASSED] - click: Object: 'Object Repository/Final Object Repo/Page_MyASSIST - ASSIST - Search Pending Case For Add Supporting Document/Continue' is clicked on

2018-12-14 11:54:31 - [MESSAGE][PASSED] - Object: 'Object Repository/Final Object Repo/Page_MyASSIST - ASSIST - Search Pending Case For Add Supporting Document/Continue' is clicked on

2018-12-14 11:54:31 - [TEST_STEP][PASSED] - delay: Delayed 20 second(s)

2018-12-14 11:54:51 - [MESSAGE][PASSED] - Delayed 20 second(s)

2018-12-14 11:54:51 - [MESSAGE][PASSED] - Call Test Case 'Test Cases/Final Aug 2018 - PKS Automation/Registration Module/Workflow/Login and Search Case For Workflow' successfully

2018-12-14 11:54:51 - [TEST_STEP][PASSED] - click: Object: 'Object Repository/Final Object Repo/Page_Form 3 EIS - Cessation as Employer/Page_Form 3 EIS - Cessation as Employer (Approve)/Save  Continue in Form 3 Page' is clicked on

2018-12-14 11:54:52 - [MESSAGE][PASSED] - Object: 'Object Repository/Final Object Repo/Page_Form 3 EIS - Cessation as Employer/Page_Form 3 EIS - Cessation as Employer (Approve)/Save  Continue in Form 3 Page' is clicked on

2018-12-14 11:54:52 - [TEST_STEP][PASSED] - delay: Delayed 2 second(s)

2018-12-14 11:54:54 - [MESSAGE][PASSED] - Delayed 2 second(s)

2018-12-14 11:54:54 - [TEST_STEP][PASSED] - click: Object: 'Object Repository/Final Object Repo/Page_Form 3 EIS - Cessation as Employer/Page_Form 3 EIS - Cessation as Employer (Approve)/Save  Continue in Resigned Page' is clicked on

2018-12-14 11:54:54 - [MESSAGE][PASSED] - Object: 'Object Repository/Final Object Repo/Page_Form 3 EIS - Cessation as Employer/Page_Form 3 EIS - Cessation as Employer (Approve)/Save  Continue in Resigned Page' is clicked on

2018-12-14 11:54:54 - [TEST_STEP][PASSED] - delay: Delayed 2 second(s)

2018-12-14 11:54:56 - [MESSAGE][PASSED] - Delayed 2 second(s)

2018-12-14 11:54:56 - [TEST_STEP][PASSED] - click: Object: 'Object Repository/Final Object Repo/Page_Form 3 EIS - Cessation as Employer/Page_Form 3 EIS - Cessation as Employer (Approve)/Save  Continue in Uploading Page' is clicked on

2018-12-14 11:54:57 - [MESSAGE][PASSED] - Object: 'Object Repository/Final Object Repo/Page_Form 3 EIS - Cessation as Employer/Page_Form 3 EIS - Cessation as Employer (Approve)/Save  Continue in Uploading Page' is clicked on

2018-12-14 11:54:57 - [TEST_STEP][PASSED] - delay: Delayed 2 second(s)

2018-12-14 11:54:59 - [MESSAGE][PASSED] - Delayed 2 second(s)

2018-12-14 11:54:59 - [TEST_STEP][PASSED] - click: Object: 'Object Repository/Final Object Repo/Page_Form 3 EIS - Cessation as Employer/Page_Form 3 EIS - Cessation as Employer (Reject)/Reject' is clicked on

2018-12-14 11:55:02 - [MESSAGE][PASSED] - Object: 'Object Repository/Final Object Repo/Page_Form 3 EIS - Cessation as Employer/Page_Form 3 EIS - Cessation as Employer (Reject)/Reject' is clicked on

2018-12-14 11:55:02 - [TEST_STEP][PASSED] - delay: Delayed 2 second(s)

2018-12-14 11:55:04 - [MESSAGE][PASSED] - Delayed 2 second(s)

2018-12-14 11:55:04 - [TEST_STEP][PASSED] - click: Object: 'Object Repository/Final Object Repo/Page_Form 3 EIS - Cessation as Employer/Page_Form 3 EIS - Cessation as Employer (Reject)/Confirm' is clicked on

2018-12-14 11:55:04 - [MESSAGE][PASSED] - Object: 'Object Repository/Final Object Repo/Page_Form 3 EIS - Cessation as Employer/Page_Form 3 EIS - Cessation as Employer (Reject)/Confirm' is clicked on

2018-12-14 11:55:04 - [TEST_STEP][PASSED] - delay: Delayed 2 second(s)

2018-12-14 11:55:06 - [MESSAGE][PASSED] - Delayed 2 second(s)

2018-12-14 11:55:06 - [TEST_STEP][PASSED] - click: Object: 'Object Repository/Final Object Repo/Page_Form 3 EIS - Cessation as Employer/Page_Form 3 EIS - Cessation as Employer (Reject)/Message This Case has been Rejected' is clicked on

2018-12-14 11:55:10 - [MESSAGE][PASSED] - Object: 'Object Repository/Final Object Repo/Page_Form 3 EIS - Cessation as Employer/Page_Form 3 EIS - Cessation as Employer (Reject)/Message This Case has been Rejected' is clicked on

2018-12-14 11:55:10 - [TEST_STEP][PASSED] - click: Object: 'Object Repository/Final Object Repo/Page_Form 3 EIS - Cessation as Employer/Page_Form 3 EIS - Cessation as Employer (Reject)/Letter of update rejection' is clicked on

2018-12-14 11:55:10 - [MESSAGE][PASSED] - Object: 'Object Repository/Final Object Repo/Page_Form 3 EIS - Cessation as Employer/Page_Form 3 EIS - Cessation as Employer (Reject)/Letter of update rejection' is clicked on

2018-12-14 11:55:10 - [MESSAGE][PASSED] - Call Test Case 'Test Cases/Final Aug 2018 - PKS Automation/Registration Module/Workflow/Form 3 EIS - Cessation As Employer/Template/Form 3 A - Cessation As Employer (Reject)' successfully]]></system-out>
         <system-err><![CDATA[]]></system-err>
      </testcase>
      <testcase name="Test Cases/Final Aug 2018 - PKS Automation/Registration Module/Workflow/Form 3 EIS - Cessation As Employer/PKRBO to UO (Under enforcement)" classname="Test Cases/Final Aug 2018 - PKS Automation/Registration Module/Workflow/Form 3 EIS - Cessation As Employer/PKRBO to UO (Under enforcement)" status="PASSED">
         <system-out><![CDATA[2018-12-14 11:55:10 - [TEST_CASE][PASSED] - Test Cases/Final Aug 2018 - PKS Automation/Registration Module/Workflow/Form 3 EIS - Cessation As Employer/PKRBO to UO (Under enforcement): Test Cases/Final Aug 2018 - PKS Automation/Registration Module/Workflow/Form 3 EIS - Cessation As Employer/PKRBO to UO (Under enforcement)

2018-12-14 11:55:11 - [TEST_STEP][PASSED] - callTestCase: Call Test Case 'Test Cases/Final Aug 2018 - PKS Automation/Registration Module/Workflow/Form 3 EIS - Cessation As Employer/Template/Form 3 A - Cessation As Employer (PKRBO)' successfully

2018-12-14 11:55:11 - [TEST_CASE][PASSED] - Test Cases/Final Aug 2018 - PKS Automation/Registration Module/Workflow/Form 3 EIS - Cessation As Employer/Template/Form 3 A - Cessation As Employer (PKRBO): Test Cases/Final Aug 2018 - PKS Automation/Registration Module/Workflow/Form 3 EIS - Cessation As Employer/Template/Form 3 A - Cessation As Employer (PKRBO)

2018-12-14 11:55:11 - [TEST_STEP][PASSED] - openBrowser: Browser is opened with url: ''

2018-12-14 11:55:11 - [MESSAGE][WARNING] - A browser is already opened. Closing browser and opening a new one

2018-12-14 11:55:15 - [MESSAGE][PASSED] - Browser is opened with url: ''

2018-12-14 11:55:15 - [TEST_STEP][PASSED] - navigateToUrl: Navigate to 'https://assist2-uat.perkeso.gov.my/login' successfully

2018-12-14 11:55:17 - [MESSAGE][PASSED] - Navigate to 'https://assist2-uat.perkeso.gov.my/login' successfully

2018-12-14 11:55:17 - [TEST_STEP][PASSED] - setText: Text 'johorpkrbo1@gmail.com' is set on object 'Object Repository/Final Object Repo/Login Page/Internal User/Email Address'

2018-12-14 11:55:17 - [MESSAGE][PASSED] - Text 'johorpkrbo1@gmail.com' is set on object 'Object Repository/Final Object Repo/Login Page/Internal User/Email Address'

2018-12-14 11:55:17 - [TEST_STEP][PASSED] - click: Object: 'Object Repository/Final Object Repo/Login Page/Internal User/Next Button' is clicked on

2018-12-14 11:55:17 - [MESSAGE][PASSED] - Object: 'Object Repository/Final Object Repo/Login Page/Internal User/Next Button' is clicked on

2018-12-14 11:55:17 - [TEST_STEP][PASSED] - delay: Delayed 1 second(s)

2018-12-14 11:55:18 - [MESSAGE][PASSED] - Delayed 1 second(s)

2018-12-14 11:55:18 - [TEST_STEP][PASSED] - setEncryptedText: Text ****** has been set on object 'Object Repository/Final Object Repo/Login Page/Internal User/Password'

2018-12-14 11:55:18 - [MESSAGE][PASSED] - Text ****** has been set on object 'Object Repository/Final Object Repo/Login Page/Internal User/Password'

2018-12-14 11:55:18 - [TEST_STEP][PASSED] - click: Object: 'Object Repository/Final Object Repo/Login Page/Internal User/Login Button' is clicked on

2018-12-14 11:55:19 - [MESSAGE][PASSED] - Object: 'Object Repository/Final Object Repo/Login Page/Internal User/Login Button' is clicked on

2018-12-14 11:55:19 - [TEST_STEP][PASSED] - delay: Delayed 1 second(s)

2018-12-14 11:55:20 - [MESSAGE][PASSED] - Delayed 1 second(s)

2018-12-14 11:55:20 - [TEST_STEP][PASSED] - Statement - Try: Delayed 2 second(s)

2018-12-14 11:55:20 - [TEST_STEP][PASSED] - Statement - Checker = false: null

2018-12-14 11:55:20 - [TEST_STEP][PASSED] - Statement - Checker = com.kms.katalon.core.webui.keyword.WebUiBuiltInKeywords.verifyElementHasAttribute(com.kms.katalon.core.testobject.ObjectRepository.findTestObject(Final Object Repo/Landing Page/BM Detecting), "href", 20, OPTIONAL): Object 'Object Repository/Final Object Repo/Landing Page/BM Detecting' has attribute 'href'

2018-12-14 11:55:20 - [MESSAGE][PASSED] - Object 'Object Repository/Final Object Repo/Landing Page/BM Detecting' has attribute 'href'

2018-12-14 11:55:20 - [TEST_STEP][PASSED] - Statement - out.println(Checker): null

2018-12-14 11:55:20 - [TEST_STEP][PASSED] - Statement - If (Checker == false): null

2018-12-14 11:55:20 - [TEST_STEP][PASSED] - Statement - Else: null

2018-12-14 11:55:20 - [TEST_STEP][PASSED] - delay: Delayed 2 second(s)

2018-12-14 11:55:22 - [MESSAGE][PASSED] - Delayed 2 second(s)

2018-12-14 11:55:22 - [TEST_STEP][PASSED] - navigateToUrl: Navigate to 'https://assist2-uat.perkeso.gov.my/web/registration/eis-update/form-3-eis-cessation-as-employer' successfully

2018-12-14 11:55:23 - [MESSAGE][PASSED] - Navigate to 'https://assist2-uat.perkeso.gov.my/web/registration/eis-update/form-3-eis-cessation-as-employer' successfully

2018-12-14 11:55:23 - [TEST_STEP][PASSED] - delay: Delayed 1 second(s)

2018-12-14 11:55:24 - [MESSAGE][PASSED] - Delayed 1 second(s)

2018-12-14 11:55:24 - [TEST_STEP][PASSED] - setText: Text 'E1102069769W' is set on object 'Object Repository/Final Object Repo/Page_Form 3 EIS - Cessation as Employer/Employer Code'

2018-12-14 11:55:25 - [MESSAGE][PASSED] - Text 'E1102069769W' is set on object 'Object Repository/Final Object Repo/Page_Form 3 EIS - Cessation as Employer/Employer Code'

2018-12-14 11:55:25 - [TEST_STEP][PASSED] - click: Object: 'Object Repository/Final Object Repo/Page_Form 3 EIS - Cessation as Employer/Search' is clicked on

2018-12-14 11:55:25 - [MESSAGE][PASSED] - Object: 'Object Repository/Final Object Repo/Page_Form 3 EIS - Cessation as Employer/Search' is clicked on

2018-12-14 11:55:25 - [TEST_STEP][PASSED] - click: Object: 'Object Repository/Final Object Repo/Page_Form 3 EIS - Cessation as Employer/Edit' is clicked on

2018-12-14 11:55:27 - [MESSAGE][PASSED] - Object: 'Object Repository/Final Object Repo/Page_Form 3 EIS - Cessation as Employer/Edit' is clicked on

2018-12-14 11:55:27 - [TEST_STEP][PASSED] - delay: Delayed 1 second(s)

2018-12-14 11:55:28 - [MESSAGE][PASSED] - Delayed 1 second(s)

2018-12-14 11:55:28 - [TEST_STEP][PASSED] - Statement - abc = com.kms.katalon.core.webui.keyword.WebUiBuiltInKeywords.getAttribute(com.kms.katalon.core.testobject.ObjectRepository.findTestObject(Final Object Repo/Page_Form 3 EIS - Cessation as Employer/Employer Status), "value"): Attribute 'value' of object 'Object Repository/Final Object Repo/Page_Form 3 EIS - Cessation as Employer/Employer Status' is: 'Active'

2018-12-14 11:55:28 - [MESSAGE][PASSED] - Attribute 'value' of object 'Object Repository/Final Object Repo/Page_Form 3 EIS - Cessation as Employer/Employer Status' is: 'Active'

2018-12-14 11:55:28 - [TEST_STEP][PASSED] - Statement - out.println(abc): null

2018-12-14 11:55:28 - [TEST_STEP][PASSED] - Statement - If (abc == "Active"): Object: 'Object Repository/Final Object Repo/Page_Form 3 EIS - Cessation as Employer/Dormant EIS' is clicked on

2018-12-14 11:55:28 - [TEST_STEP][PASSED] - click: Object: 'Object Repository/Final Object Repo/Page_Form 3 EIS - Cessation as Employer/Change Employer Status to' is clicked on

2018-12-14 11:55:28 - [MESSAGE][PASSED] - Object: 'Object Repository/Final Object Repo/Page_Form 3 EIS - Cessation as Employer/Change Employer Status to' is clicked on

2018-12-14 11:55:28 - [TEST_STEP][PASSED] - click: Object: 'Object Repository/Final Object Repo/Page_Form 3 EIS - Cessation as Employer/Dormant EIS' is clicked on

2018-12-14 11:55:29 - [MESSAGE][PASSED] - Object: 'Object Repository/Final Object Repo/Page_Form 3 EIS - Cessation as Employer/Dormant EIS' is clicked on

2018-12-14 11:55:29 - [TEST_STEP][PASSED] - click: Object: 'Object Repository/Final Object Repo/Page_Form 3 EIS - Cessation as Employer/Calender' is clicked on

2018-12-14 11:55:29 - [MESSAGE][PASSED] - Object: 'Object Repository/Final Object Repo/Page_Form 3 EIS - Cessation as Employer/Calender' is clicked on

2018-12-14 11:55:29 - [TEST_STEP][PASSED] - delay: Delayed 1 second(s)

2018-12-14 11:55:30 - [MESSAGE][PASSED] - Delayed 1 second(s)

2018-12-14 11:55:30 - [TEST_STEP][PASSED] - click: Object: 'Object Repository/Final Object Repo/Page_Form 3 EIS - Cessation as Employer/Calender - Date' is clicked on

2018-12-14 11:55:30 - [MESSAGE][PASSED] - Object: 'Object Repository/Final Object Repo/Page_Form 3 EIS - Cessation as Employer/Calender - Date' is clicked on

2018-12-14 11:55:30 - [TEST_STEP][PASSED] - click: Object: 'Object Repository/Final Object Repo/Page_Form 3 EIS - Cessation as Employer/Save  Continue in Form 3 EIS Page' is clicked on

2018-12-14 11:55:30 - [MESSAGE][PASSED] - Object: 'Object Repository/Final Object Repo/Page_Form 3 EIS - Cessation as Employer/Save  Continue in Form 3 EIS Page' is clicked on

2018-12-14 11:55:30 - [TEST_STEP][PASSED] - delay: Delayed 1 second(s)

2018-12-14 11:55:31 - [MESSAGE][PASSED] - Delayed 1 second(s)

2018-12-14 11:55:31 - [TEST_STEP][PASSED] - click: Object: 'Object Repository/Final Object Repo/Page_Form 3 EIS - Cessation as Employer/Employment Resign Date' is clicked on

2018-12-14 11:55:32 - [MESSAGE][PASSED] - Object: 'Object Repository/Final Object Repo/Page_Form 3 EIS - Cessation as Employer/Employment Resign Date' is clicked on

2018-12-14 11:55:32 - [TEST_STEP][PASSED] - selectOptionByValue: All options with value '2030' are selected in object 'Object Repository/Final Object Repo/Page_Form 3 EIS - Cessation as Employer/Employment Resign Date - Year' 

2018-12-14 11:55:32 - [MESSAGE][PASSED] - All options with value '2030' are selected in object 'Object Repository/Final Object Repo/Page_Form 3 EIS - Cessation as Employer/Employment Resign Date - Year' 

2018-12-14 11:55:32 - [TEST_STEP][PASSED] - delay: Delayed 2 second(s)

2018-12-14 11:55:34 - [MESSAGE][PASSED] - Delayed 2 second(s)

2018-12-14 11:55:34 - [TEST_STEP][PASSED] - click: Object: 'Object Repository/Final Object Repo/Page_Form 3 EIS - Cessation as Employer/Employment Resign Date - Year - Date' is clicked on

2018-12-14 11:55:34 - [MESSAGE][PASSED] - Object: 'Object Repository/Final Object Repo/Page_Form 3 EIS - Cessation as Employer/Employment Resign Date - Year - Date' is clicked on

2018-12-14 11:55:34 - [TEST_STEP][PASSED] - delay: Delayed 2 second(s)

2018-12-14 11:55:36 - [MESSAGE][PASSED] - Delayed 2 second(s)

2018-12-14 11:55:36 - [TEST_STEP][PASSED] - click: Object: 'Object Repository/Final Object Repo/Page_Form 3 EIS - Cessation as Employer/Save  Continue in Employment Resign Page' is clicked on

2018-12-14 11:55:37 - [MESSAGE][PASSED] - Object: 'Object Repository/Final Object Repo/Page_Form 3 EIS - Cessation as Employer/Save  Continue in Employment Resign Page' is clicked on

2018-12-14 11:55:37 - [TEST_STEP][PASSED] - delay: Delayed 2 second(s)

2018-12-14 11:55:39 - [MESSAGE][PASSED] - Delayed 2 second(s)

2018-12-14 11:55:39 - [TEST_STEP][PASSED] - click: Object: 'Object Repository/Final Object Repo/Page_Form 3 EIS - Cessation as Employer/Set Latest - Yes' is clicked on

2018-12-14 11:55:39 - [MESSAGE][PASSED] - Object: 'Object Repository/Final Object Repo/Page_Form 3 EIS - Cessation as Employer/Set Latest - Yes' is clicked on

2018-12-14 11:55:39 - [TEST_STEP][PASSED] - delay: Delayed 2 second(s)

2018-12-14 11:55:41 - [MESSAGE][PASSED] - Delayed 2 second(s)

2018-12-14 11:55:41 - [TEST_STEP][PASSED] - click: Object: 'Object Repository/Final Object Repo/Page_Form 3 EIS - Cessation as Employer/Add Document' is clicked on

2018-12-14 11:55:42 - [MESSAGE][PASSED] - Object: 'Object Repository/Final Object Repo/Page_Form 3 EIS - Cessation as Employer/Add Document' is clicked on

2018-12-14 11:55:42 - [TEST_STEP][PASSED] - delay: Delayed 3 second(s)

2018-12-14 11:55:45 - [MESSAGE][PASSED] - Delayed 3 second(s)

2018-12-14 11:55:45 - [TEST_STEP][PASSED] - click: Object: 'Object Repository/Final Object Repo/Page_Form 3 EIS - Cessation as Employer/Document Type' is clicked on

2018-12-14 11:55:45 - [MESSAGE][PASSED] - Object: 'Object Repository/Final Object Repo/Page_Form 3 EIS - Cessation as Employer/Document Type' is clicked on

2018-12-14 11:55:45 - [TEST_STEP][PASSED] - click: Object: 'Object Repository/Final Object Repo/Page_Form 3 EIS - Cessation as Employer/Document Type - Form 3' is clicked on

2018-12-14 11:55:45 - [MESSAGE][PASSED] - Object: 'Object Repository/Final Object Repo/Page_Form 3 EIS - Cessation as Employer/Document Type - Form 3' is clicked on

2018-12-14 11:55:45 - [TEST_STEP][PASSED] - delay: Delayed 2 second(s)

2018-12-14 11:55:47 - [MESSAGE][PASSED] - Delayed 2 second(s)

2018-12-14 11:55:47 - [TEST_STEP][PASSED] - sendKeys: Keys 'C:\Users\Public\Pictures\Sample Pictures\Koala.jpg' sent to object: 'Object Repository/Final Object Repo/Page_Form 3 EIS - Cessation as Employer/ploading File'

2018-12-14 11:55:47 - [MESSAGE][PASSED] - Keys 'C:\Users\Public\Pictures\Sample Pictures\Koala.jpg' sent to object: 'Object Repository/Final Object Repo/Page_Form 3 EIS - Cessation as Employer/ploading File'

2018-12-14 11:55:47 - [TEST_STEP][PASSED] - delay: Delayed 1 second(s)

2018-12-14 11:55:48 - [MESSAGE][PASSED] - Delayed 1 second(s)

2018-12-14 11:55:48 - [TEST_STEP][PASSED] - click: Object: 'Object Repository/Final Object Repo/Page_Form 3 EIS - Cessation as Employer/Add Document in Uploading Page' is clicked on

2018-12-14 11:55:49 - [MESSAGE][PASSED] - Object: 'Object Repository/Final Object Repo/Page_Form 3 EIS - Cessation as Employer/Add Document in Uploading Page' is clicked on

2018-12-14 11:55:49 - [TEST_STEP][PASSED] - delay: Delayed 2 second(s)

2018-12-14 11:55:51 - [MESSAGE][PASSED] - Delayed 2 second(s)

2018-12-14 11:55:51 - [TEST_STEP][PASSED] - Statement - CaseReferenceNo = com.kms.katalon.core.webui.keyword.WebUiBuiltInKeywords.getText(com.kms.katalon.core.testobject.ObjectRepository.findTestObject(Final Object Repo/Page_Update Employer Information/Reference Number in Update Employee Information Page)): Text of object 'Object Repository/Final Object Repo/Page_Update Employer Information/Reference Number in Update Employee Information Page' is: 'ERN122018C200002450'

2018-12-14 11:55:53 - [MESSAGE][PASSED] - Text of object 'Object Repository/Final Object Repo/Page_Update Employer Information/Reference Number in Update Employee Information Page' is: 'ERN122018C200002450'

2018-12-14 11:55:53 - [TEST_STEP][PASSED] - callTestCase: Call Test Case 'Test Cases/Final Aug 2018 - PKS Automation/Common/Reference Number Setter' successfully

2018-12-14 11:55:53 - [TEST_CASE][PASSED] - Test Cases/Final Aug 2018 - PKS Automation/Common/Reference Number Setter: Test Cases/Final Aug 2018 - PKS Automation/Common/Reference Number Setter

2018-12-14 11:55:53 - [TEST_STEP][PASSED] - Statement - RefNoOldFile = new java.io.File(C://Users//Admin//Desktop//PKS//Automation Reference Point//KatalonReference.txt): null

2018-12-14 11:55:53 - [TEST_STEP][PASSED] - Statement - RefNoOldFile.delete(): null

2018-12-14 11:55:53 - [TEST_STEP][PASSED] - delay: Delayed 5 second(s)

2018-12-14 11:55:58 - [MESSAGE][PASSED] - Delayed 5 second(s)

2018-12-14 11:55:58 - [TEST_STEP][PASSED] - Statement - RefNo = new java.io.File(C://Users//Admin//Desktop//PKS//Automation Reference Point//KatalonReference.txt): null

2018-12-14 11:55:58 - [TEST_STEP][PASSED] - Statement - f2 = new java.io.FileWriter(RefNo, false): null

2018-12-14 11:55:58 - [TEST_STEP][PASSED] - Statement - f2.write(CaseReferenceNo): null

2018-12-14 11:55:58 - [TEST_STEP][PASSED] - Statement - f2.close(): null

2018-12-14 11:55:58 - [TEST_STEP][PASSED] - Statement - out.println("


" + CaseReferenceNo + "


"): null

2018-12-14 11:55:58 - [MESSAGE][PASSED] - Call Test Case 'Test Cases/Final Aug 2018 - PKS Automation/Common/Reference Number Setter' successfully

2018-12-14 11:55:58 - [TEST_STEP][PASSED] - delay: Delayed 2 second(s)

2018-12-14 11:56:00 - [MESSAGE][PASSED] - Delayed 2 second(s)

2018-12-14 11:56:00 - [TEST_STEP][PASSED] - click: Object: 'Object Repository/Final Object Repo/Page_Form 3 EIS - Cessation as Employer/Save  Continue in Uploading Page' is clicked on

2018-12-14 11:56:00 - [MESSAGE][PASSED] - Object: 'Object Repository/Final Object Repo/Page_Form 3 EIS - Cessation as Employer/Save  Continue in Uploading Page' is clicked on

2018-12-14 11:56:00 - [TEST_STEP][PASSED] - delay: Delayed 2 second(s)

2018-12-14 11:56:02 - [MESSAGE][PASSED] - Delayed 2 second(s)

2018-12-14 11:56:02 - [TEST_STEP][PASSED] - click: Object: 'Object Repository/Final Object Repo/Page_Form 3 EIS - Cessation as Employer/Submit' is clicked on

2018-12-14 11:56:05 - [MESSAGE][PASSED] - Object: 'Object Repository/Final Object Repo/Page_Form 3 EIS - Cessation as Employer/Submit' is clicked on

2018-12-14 11:56:05 - [TEST_STEP][PASSED] - delay: Delayed 2 second(s)

2018-12-14 11:56:07 - [MESSAGE][PASSED] - Delayed 2 second(s)

2018-12-14 11:56:07 - [TEST_STEP][PASSED] - click: Object: 'Object Repository/Final Object Repo/Page_Form 3 EIS - Cessation as Employer/Confirm' is clicked on

2018-12-14 11:56:07 - [MESSAGE][PASSED] - Object: 'Object Repository/Final Object Repo/Page_Form 3 EIS - Cessation as Employer/Confirm' is clicked on

2018-12-14 11:56:07 - [TEST_STEP][PASSED] - delay: Delayed 2 second(s)

2018-12-14 11:56:09 - [MESSAGE][PASSED] - Delayed 2 second(s)

2018-12-14 11:56:09 - [TEST_STEP][PASSED] - click: Object: 'Object Repository/Final Object Repo/Page_Form 3 EIS - Cessation as Employer/Message Your Request will be routed to UO' is clicked on

2018-12-14 11:56:13 - [MESSAGE][PASSED] - Object: 'Object Repository/Final Object Repo/Page_Form 3 EIS - Cessation as Employer/Message Your Request will be routed to UO' is clicked on

2018-12-14 11:56:13 - [TEST_STEP][PASSED] - click: Object: 'Object Repository/Final Object Repo/Page_Form 3 EIS - Cessation as Employer/Letter of acknowledgement' is clicked on

2018-12-14 11:56:14 - [MESSAGE][PASSED] - Object: 'Object Repository/Final Object Repo/Page_Form 3 EIS - Cessation as Employer/Letter of acknowledgement' is clicked on

2018-12-14 11:56:14 - [MESSAGE][PASSED] - Call Test Case 'Test Cases/Final Aug 2018 - PKS Automation/Registration Module/Workflow/Form 3 EIS - Cessation As Employer/Template/Form 3 A - Cessation As Employer (PKRBO)' successfully

2018-12-14 11:56:14 - [TEST_STEP][PASSED] - callTestCase: Call Test Case 'Test Cases/Final Aug 2018 - PKS Automation/Registration Module/Workflow/Form 3 EIS - Cessation As Employer/Template/Form 3 A - Cessation As Employer (Under enforcement)' successfully

2018-12-14 11:56:14 - [TEST_CASE][PASSED] - Test Cases/Final Aug 2018 - PKS Automation/Registration Module/Workflow/Form 3 EIS - Cessation As Employer/Template/Form 3 A - Cessation As Employer (Under enforcement): Test Cases/Final Aug 2018 - PKS Automation/Registration Module/Workflow/Form 3 EIS - Cessation As Employer/Template/Form 3 A - Cessation As Employer (Under enforcement)

2018-12-14 11:56:14 - [TEST_STEP][NOT_RUN] - callTestCase: NOT_RUN: callTestCase

2018-12-14 11:56:14 - [MESSAGE][NOT_RUN] - NOT_RUN: callTestCase

2018-12-14 11:56:14 - [TEST_STEP][PASSED] - delay: Delayed 1 second(s)

2018-12-14 11:56:15 - [MESSAGE][PASSED] - Delayed 1 second(s)

2018-12-14 11:56:15 - [TEST_STEP][PASSED] - navigateToUrl: Navigate to 'https://assist2-uat.perkeso.gov.my/c/portal/logout' successfully

2018-12-14 11:56:16 - [MESSAGE][PASSED] - Navigate to 'https://assist2-uat.perkeso.gov.my/c/portal/logout' successfully

2018-12-14 11:56:16 - [TEST_STEP][PASSED] - delay: Delayed 1 second(s)

2018-12-14 11:56:17 - [MESSAGE][PASSED] - Delayed 1 second(s)

2018-12-14 11:56:17 - [TEST_STEP][PASSED] - callTestCase: Call Test Case 'Test Cases/Final Aug 2018 - PKS Automation/Common/Reference Number Getter' successfully

2018-12-14 11:56:17 - [TEST_CASE][PASSED] - Test Cases/Final Aug 2018 - PKS Automation/Common/Reference Number Getter: Test Cases/Final Aug 2018 - PKS Automation/Common/Reference Number Getter

2018-12-14 11:56:17 - [TEST_STEP][PASSED] - Statement - Try: null

2018-12-14 11:56:17 - [TEST_STEP][PASSED] - Statement - RefNo = new java.io.File(C://Users//Admin//Desktop//PKS//Automation Reference Point//KatalonReference.txt): null

2018-12-14 11:56:17 - [TEST_STEP][PASSED] - Statement - bufferread = new java.io.BufferedReader(new java.io.FileReader(RefNo)): null

2018-12-14 11:56:17 - [TEST_STEP][PASSED] - Statement - readedVal = bufferread.readLine(): null

2018-12-14 11:56:17 - [TEST_STEP][PASSED] - Statement - out.println(CaseReferenceNo): null

2018-12-14 11:56:17 - [TEST_STEP][PASSED] - Statement - out.println(readedVal): null

2018-12-14 11:56:17 - [TEST_STEP][PASSED] - Statement - CaseReferenceNo = "": null

2018-12-14 11:56:17 - [TEST_STEP][PASSED] - Statement - CaseReferenceNo = readedVal: null

2018-12-14 11:56:17 - [MESSAGE][PASSED] - Call Test Case 'Test Cases/Final Aug 2018 - PKS Automation/Common/Reference Number Getter' successfully

2018-12-14 11:56:17 - [TEST_STEP][PASSED] - callTestCase: Call Test Case 'Test Cases/Final Aug 2018 - PKS Automation/Common/Workflow Owner Finder' successfully

2018-12-14 11:56:17 - [TEST_CASE][PASSED] - Test Cases/Final Aug 2018 - PKS Automation/Common/Workflow Owner Finder: Test Cases/Final Aug 2018 - PKS Automation/Common/Workflow Owner Finder

2018-12-14 11:56:17 - [TEST_STEP][PASSED] - openBrowser: Browser is opened with url: ''

2018-12-14 11:56:17 - [MESSAGE][WARNING] - A browser is already opened. Closing browser and opening a new one

2018-12-14 11:56:21 - [MESSAGE][PASSED] - Browser is opened with url: ''

2018-12-14 11:56:21 - [TEST_STEP][PASSED] - navigateToUrl: Navigate to 'https://assist2-uat.perkeso.gov.my/login' successfully

2018-12-14 11:56:22 - [MESSAGE][PASSED] - Navigate to 'https://assist2-uat.perkeso.gov.my/login' successfully

2018-12-14 11:56:22 - [TEST_STEP][PASSED] - delay: Delayed 5 second(s)

2018-12-14 11:56:27 - [MESSAGE][PASSED] - Delayed 5 second(s)

2018-12-14 11:56:27 - [TEST_STEP][PASSED] - setText: Text 'test@liferay.com' is set on object 'Object Repository/Final Object Repo/Login Page/Internal User/Email Address'

2018-12-14 11:56:28 - [MESSAGE][PASSED] - Text 'test@liferay.com' is set on object 'Object Repository/Final Object Repo/Login Page/Internal User/Email Address'

2018-12-14 11:56:28 - [TEST_STEP][PASSED] - click: Object: 'Object Repository/Final Object Repo/Login Page/Internal User/Next Button' is clicked on

2018-12-14 11:56:28 - [MESSAGE][PASSED] - Object: 'Object Repository/Final Object Repo/Login Page/Internal User/Next Button' is clicked on

2018-12-14 11:56:28 - [TEST_STEP][PASSED] - delay: Delayed 2 second(s)

2018-12-14 11:56:30 - [MESSAGE][PASSED] - Delayed 2 second(s)

2018-12-14 11:56:30 - [TEST_STEP][PASSED] - setText: Text 'test' is set on object 'Object Repository/Final Object Repo/Login Page/Internal User/Password'

2018-12-14 11:56:30 - [MESSAGE][PASSED] - Text 'test' is set on object 'Object Repository/Final Object Repo/Login Page/Internal User/Password'

2018-12-14 11:56:30 - [TEST_STEP][PASSED] - delay: Delayed 2 second(s)

2018-12-14 11:56:32 - [MESSAGE][PASSED] - Delayed 2 second(s)

2018-12-14 11:56:32 - [TEST_STEP][PASSED] - click: Object: 'Object Repository/Final Object Repo/Login Page/Internal User/Login Button' is clicked on

2018-12-14 11:56:32 - [MESSAGE][PASSED] - Object: 'Object Repository/Final Object Repo/Login Page/Internal User/Login Button' is clicked on

2018-12-14 11:56:32 - [TEST_STEP][PASSED] - Statement - tester = com.kms.katalon.core.testobject.ObjectRepository.findTestObject(Final Object Repo/Landing Page/Select to English): Finding Test Object with id 'Object Repository/Final Object Repo/Landing Page/Select to English'

2018-12-14 11:56:32 - [TEST_STEP][PASSED] - Statement - Try: Delayed 2 second(s)

2018-12-14 11:56:32 - [TEST_STEP][PASSED] - Statement - Checker = com.kms.katalon.core.webui.keyword.WebUiBuiltInKeywords.verifyElementNotPresent(tester, 3): Web element with id: 'Object Repository/Final Object Repo/Landing Page/Select to English' located by 'By.xpath: //a[@class = 'taglib-language-list-text' and @lang = 'en-US' and (contains(text(), 'EN') or contains(., 'EN'))]' is not present after '3' second(s)

2018-12-14 11:56:35 - [MESSAGE][PASSED] - Web element with id: 'Object Repository/Final Object Repo/Landing Page/Select to English' located by 'By.xpath: //a[@class = 'taglib-language-list-text' and @lang = 'en-US' and (contains(text(), 'EN') or contains(., 'EN'))]' is not present after '3' second(s)

2018-12-14 11:56:35 - [TEST_STEP][PASSED] - Statement - If (Checker == false): null

2018-12-14 11:56:35 - [TEST_STEP][PASSED] - delay: Delayed 2 second(s)

2018-12-14 11:56:37 - [MESSAGE][PASSED] - Delayed 2 second(s)

2018-12-14 11:56:37 - [TEST_STEP][PASSED] - delay: Delayed 5 second(s)

2018-12-14 11:56:42 - [MESSAGE][PASSED] - Delayed 5 second(s)

2018-12-14 11:56:42 - [TEST_STEP][PASSED] - mouseOver: Object: 'Object Repository/Final Object Repo/Landing Page/WorkFlow Menu' is hovered

2018-12-14 11:56:42 - [MESSAGE][PASSED] - Object: 'Object Repository/Final Object Repo/Landing Page/WorkFlow Menu' is hovered

2018-12-14 11:56:42 - [TEST_STEP][PASSED] - delay: Delayed 2 second(s)

2018-12-14 11:56:44 - [MESSAGE][PASSED] - Delayed 2 second(s)

2018-12-14 11:56:44 - [TEST_STEP][PASSED] - click: Object: 'Object Repository/Final Object Repo/Landing Page/Select to Workflow Listing' is clicked on

2018-12-14 11:56:45 - [MESSAGE][PASSED] - Object: 'Object Repository/Final Object Repo/Landing Page/Select to Workflow Listing' is clicked on

2018-12-14 11:56:45 - [TEST_STEP][PASSED] - delay: Delayed 2 second(s)

2018-12-14 11:56:47 - [MESSAGE][PASSED] - Delayed 2 second(s)

2018-12-14 11:56:47 - [TEST_STEP][PASSED] - click: Object: 'Object Repository/Final Object Repo/WorkFlow Listing Page/Search Information - To Put Ref No' is clicked on

2018-12-14 11:56:47 - [MESSAGE][PASSED] - Object: 'Object Repository/Final Object Repo/WorkFlow Listing Page/Search Information - To Put Ref No' is clicked on

2018-12-14 11:56:47 - [TEST_STEP][PASSED] - delay: Delayed 2 second(s)

2018-12-14 11:56:49 - [MESSAGE][PASSED] - Delayed 2 second(s)

2018-12-14 11:56:49 - [TEST_STEP][PASSED] - callTestCase: Call Test Case 'Test Cases/Final Aug 2018 - PKS Automation/Common/Reference Number Getter' successfully

2018-12-14 11:56:49 - [TEST_CASE][PASSED] - Test Cases/Final Aug 2018 - PKS Automation/Common/Reference Number Getter: Test Cases/Final Aug 2018 - PKS Automation/Common/Reference Number Getter

2018-12-14 11:56:49 - [TEST_STEP][PASSED] - Statement - Try: null

2018-12-14 11:56:49 - [TEST_STEP][PASSED] - Statement - RefNo = new java.io.File(C://Users//Admin//Desktop//PKS//Automation Reference Point//KatalonReference.txt): null

2018-12-14 11:56:49 - [TEST_STEP][PASSED] - Statement - bufferread = new java.io.BufferedReader(new java.io.FileReader(RefNo)): null

2018-12-14 11:56:49 - [TEST_STEP][PASSED] - Statement - readedVal = bufferread.readLine(): null

2018-12-14 11:56:49 - [TEST_STEP][PASSED] - Statement - out.println(CaseReferenceNo): null

2018-12-14 11:56:49 - [TEST_STEP][PASSED] - Statement - out.println(readedVal): null

2018-12-14 11:56:49 - [TEST_STEP][PASSED] - Statement - CaseReferenceNo = "": null

2018-12-14 11:56:49 - [TEST_STEP][PASSED] - Statement - CaseReferenceNo = readedVal: null

2018-12-14 11:56:49 - [MESSAGE][PASSED] - Call Test Case 'Test Cases/Final Aug 2018 - PKS Automation/Common/Reference Number Getter' successfully

2018-12-14 11:56:49 - [TEST_STEP][PASSED] - setText: Text 'ERN122018C200002450' is set on object 'Object Repository/Final Object Repo/WorkFlow Listing Page/Ref No Set Text'

2018-12-14 11:56:49 - [MESSAGE][PASSED] - Text 'ERN122018C200002450' is set on object 'Object Repository/Final Object Repo/WorkFlow Listing Page/Ref No Set Text'

2018-12-14 11:56:49 - [TEST_STEP][PASSED] - delay: Delayed 2 second(s)

2018-12-14 11:56:51 - [MESSAGE][PASSED] - Delayed 2 second(s)

2018-12-14 11:56:51 - [TEST_STEP][PASSED] - click: Object: 'Object Repository/Final Object Repo/WorkFlow Listing Page/Search Ref No Search Button' is clicked on

2018-12-14 11:56:51 - [MESSAGE][PASSED] - Object: 'Object Repository/Final Object Repo/WorkFlow Listing Page/Search Ref No Search Button' is clicked on

2018-12-14 11:56:51 - [TEST_STEP][PASSED] - delay: Delayed 6 second(s)

2018-12-14 11:56:57 - [MESSAGE][PASSED] - Delayed 6 second(s)

2018-12-14 11:56:57 - [TEST_STEP][PASSED] - click: Object: 'Object Repository/Final Object Repo/WorkFlow Listing Page/Click Continue Tooltip' is clicked on

2018-12-14 11:56:59 - [MESSAGE][PASSED] - Object: 'Object Repository/Final Object Repo/WorkFlow Listing Page/Click Continue Tooltip' is clicked on

2018-12-14 11:56:59 - [TEST_STEP][PASSED] - delay: Delayed 5 second(s)

2018-12-14 11:57:04 - [MESSAGE][PASSED] - Delayed 5 second(s)

2018-12-14 11:57:04 - [TEST_STEP][PASSED] - doubleClick: Object: 'Object Repository/Final Object Repo/WorkFlow Listing Page/Workflow Found - Listing 1' is double clicked on

2018-12-14 11:57:04 - [MESSAGE][PASSED] - Object: 'Object Repository/Final Object Repo/WorkFlow Listing Page/Workflow Found - Listing 1' is double clicked on

2018-12-14 11:57:04 - [TEST_STEP][PASSED] - Statement - println(OwnerID): null

2018-12-14 11:57:04 - [TEST_STEP][PASSED] - Statement - OwnerID = com.kms.katalon.core.webui.keyword.WebUiBuiltInKeywords.getText(com.kms.katalon.core.testobject.ObjectRepository.findTestObject(Final Object Repo/WorkFlow Listing Page/Workflow Found - Listing 1), STOP_ON_FAILURE): Text of object 'Object Repository/Final Object Repo/WorkFlow Listing Page/Workflow Found - Listing 1' is: 'JOHORuo1'

2018-12-14 11:57:04 - [MESSAGE][PASSED] - Text of object 'Object Repository/Final Object Repo/WorkFlow Listing Page/Workflow Found - Listing 1' is: 'JOHORuo1'

2018-12-14 11:57:04 - [TEST_STEP][PASSED] - Statement - OwnerID = OwnerID.toLowerCase() + "@gmail.com": null

2018-12-14 11:57:04 - [TEST_STEP][PASSED] - Statement - println(OwnerID): null

2018-12-14 11:57:04 - [TEST_STEP][PASSED] - delay: Delayed 2 second(s)

2018-12-14 11:57:06 - [MESSAGE][PASSED] - Delayed 2 second(s)

2018-12-14 11:57:06 - [MESSAGE][PASSED] - Call Test Case 'Test Cases/Final Aug 2018 - PKS Automation/Common/Workflow Owner Finder' successfully

2018-12-14 11:57:06 - [TEST_STEP][PASSED] - delay: Delayed 1 second(s)

2018-12-14 11:57:07 - [MESSAGE][PASSED] - Delayed 1 second(s)

2018-12-14 11:57:07 - [TEST_STEP][PASSED] - navigateToUrl: Navigate to 'https://assist2-uat.perkeso.gov.my/c/portal/logout' successfully

2018-12-14 11:57:08 - [MESSAGE][PASSED] - Navigate to 'https://assist2-uat.perkeso.gov.my/c/portal/logout' successfully

2018-12-14 11:57:08 - [TEST_STEP][PASSED] - delay: Delayed 1 second(s)

2018-12-14 11:57:09 - [MESSAGE][PASSED] - Delayed 1 second(s)

2018-12-14 11:57:09 - [TEST_STEP][PASSED] - callTestCase: Call Test Case 'Test Cases/Final Aug 2018 - PKS Automation/Registration Module/Workflow/Login and Search Case For Workflow' successfully

2018-12-14 11:57:09 - [TEST_CASE][PASSED] - Test Cases/Final Aug 2018 - PKS Automation/Registration Module/Workflow/Login and Search Case For Workflow: Test Cases/Final Aug 2018 - PKS Automation/Registration Module/Workflow/Login and Search Case For Workflow

2018-12-14 11:57:09 - [TEST_STEP][PASSED] - navigateToUrl: Navigate to 'https://assist2-uat.perkeso.gov.my/login' successfully

2018-12-14 11:57:09 - [MESSAGE][PASSED] - Navigate to 'https://assist2-uat.perkeso.gov.my/login' successfully

2018-12-14 11:57:09 - [TEST_STEP][PASSED] - setText: Text 'johoruo1@gmail.com' is set on object 'Object Repository/Final Object Repo/Login Page/Internal User/Email Address'

2018-12-14 11:57:10 - [MESSAGE][PASSED] - Text 'johoruo1@gmail.com' is set on object 'Object Repository/Final Object Repo/Login Page/Internal User/Email Address'

2018-12-14 11:57:10 - [TEST_STEP][PASSED] - click: Object: 'Object Repository/Final Object Repo/Login Page/Internal User/Next Button' is clicked on

2018-12-14 11:57:10 - [MESSAGE][PASSED] - Object: 'Object Repository/Final Object Repo/Login Page/Internal User/Next Button' is clicked on

2018-12-14 11:57:10 - [TEST_STEP][PASSED] - delay: Delayed 1 second(s)

2018-12-14 11:57:11 - [MESSAGE][PASSED] - Delayed 1 second(s)

2018-12-14 11:57:11 - [TEST_STEP][PASSED] - setEncryptedText: Text ****** has been set on object 'Object Repository/Final Object Repo/Login Page/Internal User/Password'

2018-12-14 11:57:11 - [MESSAGE][PASSED] - Text ****** has been set on object 'Object Repository/Final Object Repo/Login Page/Internal User/Password'

2018-12-14 11:57:11 - [TEST_STEP][PASSED] - click: Object: 'Object Repository/Final Object Repo/Login Page/Internal User/Login Button' is clicked on

2018-12-14 11:57:11 - [MESSAGE][PASSED] - Object: 'Object Repository/Final Object Repo/Login Page/Internal User/Login Button' is clicked on

2018-12-14 11:57:11 - [TEST_STEP][PASSED] - delay: Delayed 2 second(s)

2018-12-14 11:57:13 - [MESSAGE][PASSED] - Delayed 2 second(s)

2018-12-14 11:57:13 - [TEST_STEP][PASSED] - Statement - Try: Delayed 2 second(s)

2018-12-14 11:57:13 - [TEST_STEP][PASSED] - Statement - Checker = false: null

2018-12-14 11:57:13 - [TEST_STEP][PASSED] - Statement - Checker = com.kms.katalon.core.webui.keyword.WebUiBuiltInKeywords.verifyElementHasAttribute(com.kms.katalon.core.testobject.ObjectRepository.findTestObject(Final Object Repo/Landing Page/BM Detecting), "href", 20, OPTIONAL): Object 'Object Repository/Final Object Repo/Landing Page/BM Detecting' has attribute 'href'

2018-12-14 11:57:13 - [MESSAGE][PASSED] - Object 'Object Repository/Final Object Repo/Landing Page/BM Detecting' has attribute 'href'

2018-12-14 11:57:13 - [TEST_STEP][PASSED] - Statement - out.println(Checker): null

2018-12-14 11:57:13 - [TEST_STEP][PASSED] - Statement - If (Checker == false): null

2018-12-14 11:57:13 - [TEST_STEP][PASSED] - Statement - Else: null

2018-12-14 11:57:13 - [TEST_STEP][PASSED] - delay: Delayed 2 second(s)

2018-12-14 11:57:15 - [MESSAGE][PASSED] - Delayed 2 second(s)

2018-12-14 11:57:15 - [TEST_STEP][PASSED] - click: Object: 'Object Repository/Final Object Repo/Page_MyASSIST - ASSIST - Search Pending Case For Add Supporting Document/Search Information' is clicked on

2018-12-14 11:57:15 - [MESSAGE][PASSED] - Object: 'Object Repository/Final Object Repo/Page_MyASSIST - ASSIST - Search Pending Case For Add Supporting Document/Search Information' is clicked on

2018-12-14 11:57:15 - [TEST_STEP][PASSED] - delay: Delayed 3 second(s)

2018-12-14 11:57:18 - [MESSAGE][PASSED] - Delayed 3 second(s)

2018-12-14 11:57:18 - [TEST_STEP][PASSED] - sendKeys: Keys 'ERN122018C200002450' sent to object: 'Object Repository/Final Object Repo/Page_MyASSIST - ASSIST - Search Pending Case For Add Supporting Document/Reference No'

2018-12-14 11:57:19 - [MESSAGE][PASSED] - Keys 'ERN122018C200002450' sent to object: 'Object Repository/Final Object Repo/Page_MyASSIST - ASSIST - Search Pending Case For Add Supporting Document/Reference No'

2018-12-14 11:57:19 - [TEST_STEP][PASSED] - click: Object: 'Object Repository/Final Object Repo/Page_MyASSIST - ASSIST - Search Pending Case For Add Supporting Document/Search Reference No' is clicked on

2018-12-14 11:57:19 - [MESSAGE][PASSED] - Object: 'Object Repository/Final Object Repo/Page_MyASSIST - ASSIST - Search Pending Case For Add Supporting Document/Search Reference No' is clicked on

2018-12-14 11:57:19 - [TEST_STEP][PASSED] - delay: Delayed 2 second(s)

2018-12-14 11:57:21 - [MESSAGE][PASSED] - Delayed 2 second(s)

2018-12-14 11:57:21 - [TEST_STEP][PASSED] - click: Object: 'Object Repository/Final Object Repo/Page_MyASSIST - ASSIST - Search Pending Case For Add Supporting Document/Continue' is clicked on

2018-12-14 11:57:24 - [MESSAGE][PASSED] - Object: 'Object Repository/Final Object Repo/Page_MyASSIST - ASSIST - Search Pending Case For Add Supporting Document/Continue' is clicked on

2018-12-14 11:57:24 - [TEST_STEP][PASSED] - delay: Delayed 20 second(s)

2018-12-14 11:57:44 - [MESSAGE][PASSED] - Delayed 20 second(s)

2018-12-14 11:57:44 - [MESSAGE][PASSED] - Call Test Case 'Test Cases/Final Aug 2018 - PKS Automation/Registration Module/Workflow/Login and Search Case For Workflow' successfully

2018-12-14 11:57:44 - [TEST_STEP][PASSED] - click: Object: 'Object Repository/Final Object Repo/Page_Form 3 EIS - Cessation as Employer/Page_Form 3 EIS - Cessation as Employer (Approve)/Save  Continue in Form 3 Page' is clicked on

2018-12-14 11:57:45 - [MESSAGE][PASSED] - Object: 'Object Repository/Final Object Repo/Page_Form 3 EIS - Cessation as Employer/Page_Form 3 EIS - Cessation as Employer (Approve)/Save  Continue in Form 3 Page' is clicked on

2018-12-14 11:57:45 - [TEST_STEP][PASSED] - delay: Delayed 2 second(s)

2018-12-14 11:57:47 - [MESSAGE][PASSED] - Delayed 2 second(s)

2018-12-14 11:57:47 - [TEST_STEP][PASSED] - click: Object: 'Object Repository/Final Object Repo/Page_Form 3 EIS - Cessation as Employer/Page_Form 3 EIS - Cessation as Employer (Approve)/Save  Continue in Resigned Page' is clicked on

2018-12-14 11:57:47 - [MESSAGE][PASSED] - Object: 'Object Repository/Final Object Repo/Page_Form 3 EIS - Cessation as Employer/Page_Form 3 EIS - Cessation as Employer (Approve)/Save  Continue in Resigned Page' is clicked on

2018-12-14 11:57:47 - [TEST_STEP][PASSED] - delay: Delayed 2 second(s)

2018-12-14 11:57:49 - [MESSAGE][PASSED] - Delayed 2 second(s)

2018-12-14 11:57:49 - [TEST_STEP][PASSED] - click: Object: 'Object Repository/Final Object Repo/Page_Form 3 EIS - Cessation as Employer/Page_Form 3 EIS - Cessation as Employer (Approve)/Save  Continue in Uploading Page' is clicked on

2018-12-14 11:57:50 - [MESSAGE][PASSED] - Object: 'Object Repository/Final Object Repo/Page_Form 3 EIS - Cessation as Employer/Page_Form 3 EIS - Cessation as Employer (Approve)/Save  Continue in Uploading Page' is clicked on

2018-12-14 11:57:50 - [TEST_STEP][PASSED] - delay: Delayed 2 second(s)

2018-12-14 11:57:52 - [MESSAGE][PASSED] - Delayed 2 second(s)

2018-12-14 11:57:52 - [TEST_STEP][PASSED] - click: Object: 'Object Repository/Final Object Repo/Page_Form 3 EIS - Cessation as Employer/Page_Form 3 EIS - Cessation as Employer (Under enforcement)/Underenforcement' is clicked on

2018-12-14 11:57:55 - [MESSAGE][PASSED] - Object: 'Object Repository/Final Object Repo/Page_Form 3 EIS - Cessation as Employer/Page_Form 3 EIS - Cessation as Employer (Under enforcement)/Underenforcement' is clicked on

2018-12-14 11:57:55 - [TEST_STEP][PASSED] - delay: Delayed 2 second(s)

2018-12-14 11:57:57 - [MESSAGE][PASSED] - Delayed 2 second(s)

2018-12-14 11:57:57 - [TEST_STEP][PASSED] - setText: Text 'Remark' is set on object 'Object Repository/Final Object Repo/Page_Form 3 EIS - Cessation as Employer/Page_Form 3 EIS - Cessation as Employer (Under enforcement)/Under enforcement - Remark'

2018-12-14 11:57:57 - [MESSAGE][PASSED] - Text 'Remark' is set on object 'Object Repository/Final Object Repo/Page_Form 3 EIS - Cessation as Employer/Page_Form 3 EIS - Cessation as Employer (Under enforcement)/Under enforcement - Remark'

2018-12-14 11:57:57 - [TEST_STEP][PASSED] - delay: Delayed 2 second(s)

2018-12-14 11:57:59 - [MESSAGE][PASSED] - Delayed 2 second(s)

2018-12-14 11:57:59 - [TEST_STEP][PASSED] - click: Object: 'Object Repository/Final Object Repo/Page_Form 3 EIS - Cessation as Employer/Page_Form 3 EIS - Cessation as Employer (Under enforcement)/Save  Continue in Under enforcement' is clicked on

2018-12-14 11:57:59 - [MESSAGE][PASSED] - Object: 'Object Repository/Final Object Repo/Page_Form 3 EIS - Cessation as Employer/Page_Form 3 EIS - Cessation as Employer (Under enforcement)/Save  Continue in Under enforcement' is clicked on

2018-12-14 11:57:59 - [TEST_STEP][PASSED] - doubleClick: Object: 'Object Repository/Final Object Repo/Page_Form 3 EIS - Cessation as Employer/Page_Form 3 EIS - Cessation as Employer (Under enforcement)/Message The case is under enforcement' is double clicked on

2018-12-14 11:58:04 - [MESSAGE][PASSED] - Object: 'Object Repository/Final Object Repo/Page_Form 3 EIS - Cessation as Employer/Page_Form 3 EIS - Cessation as Employer (Under enforcement)/Message The case is under enforcement' is double clicked on

2018-12-14 11:58:04 - [MESSAGE][PASSED] - Call Test Case 'Test Cases/Final Aug 2018 - PKS Automation/Registration Module/Workflow/Form 3 EIS - Cessation As Employer/Template/Form 3 A - Cessation As Employer (Under enforcement)' successfully]]></system-out>
         <system-err><![CDATA[]]></system-err>
      </testcase>
      <system-out><![CDATA[2018-12-14 10:55:19 - [TEST_SUITE][FAILED] - Form 3 EIS - Cessation as Employer: Test Cases/Final Aug 2018 - PKS Automation/Registration Module/Workflow/Form 3 EIS - Cessation As Employer/OTC to UO (Query) FAILED because (of) (Stack trace: com.kms.katalon.core.exception.StepFailedException: Unable to click on object 'Object Repository/Final Object Repo/Page_Form 3 EIS - Cessation as Employer/Page_Form 3 EIS - Cessation as Employer (Query - OTC - UO)/Next' (Root cause: com.kms.katalon.core.webui.exception.WebElementNotFoundException: Web element with id: 'Object Repository/Final Object Repo/Page_Form 3 EIS - Cessation as Employer/Page_Form 3 EIS - Cessation as Employer (Query - OTC - UO)/Next' located by 'By.xpath: //a[(text() = ' NEXT
						' or . = ' NEXT
						')]' not found)
	at com.kms.katalon.core.keyword.internal.KeywordMain.stepFailed(KeywordMain.groovy:32)
	at com.kms.katalon.core.webui.keyword.internal.WebUIKeywordMain.stepFailed(WebUIKeywordMain.groovy:65)
	at com.kms.katalon.core.webui.keyword.internal.WebUIKeywordMain.runKeyword(WebUIKeywordMain.groovy:27)
	at com.kms.katalon.core.webui.keyword.builtin.ClickKeyword.click(ClickKeyword.groovy:86)
	at com.kms.katalon.core.webui.keyword.builtin.ClickKeyword.execute(ClickKeyword.groovy:67)
	at com.kms.katalon.core.keyword.internal.KeywordExecutor.executeKeywordForPlatform(KeywordExecutor.groovy:53)
	at com.kms.katalon.core.webui.keyword.WebUiBuiltInKeywords.click(WebUiBuiltInKeywords.groovy:616)
	at com.kms.katalon.core.webui.keyword.WebUiBuiltInKeywords$click$2.call(Unknown Source)
	at Script1536114876563.run(Script1536114876563.groovy:87)
	at com.kms.katalon.core.main.ScriptEngine.run(ScriptEngine.java:183)
	at com.kms.katalon.core.main.ScriptEngine.runScriptAsRawText(ScriptEngine.java:108)
	at com.kms.katalon.core.main.TestCaseExecutor.runScript(TestCaseExecutor.java:294)
	at com.kms.katalon.core.main.TestCaseExecutor.doExecute(TestCaseExecutor.java:285)
	at com.kms.katalon.core.main.TestCaseExecutor.processExecutionPhase(TestCaseExecutor.java:264)
	at com.kms.katalon.core.main.TestCaseExecutor.accessMainPhase(TestCaseExecutor.java:256)
	at com.kms.katalon.core.main.TestCaseExecutor.execute(TestCaseExecutor.java:200)
	at com.kms.katalon.core.main.TestCaseMain.runTestCase(TestCaseMain.java:99)
	at com.kms.katalon.core.keyword.builtin.CallTestCaseKeyword$_callTestCase_closure1.doCall(CallTestCaseKeyword.groovy:60)
	at com.kms.katalon.core.keyword.builtin.CallTestCaseKeyword$_callTestCase_closure1.call(CallTestCaseKeyword.groovy)
	at com.kms.katalon.core.keyword.internal.KeywordMain.runKeyword(KeywordMain.groovy:54)
	at com.kms.katalon.core.keyword.builtin.CallTestCaseKeyword.callTestCase(CallTestCaseKeyword.groovy:81)
	at com.kms.katalon.core.keyword.builtin.CallTestCaseKeyword.execute(CallTestCaseKeyword.groovy:45)
	at com.kms.katalon.core.keyword.internal.KeywordExecutor.executeKeywordForPlatform(KeywordExecutor.groovy:53)
	at com.kms.katalon.core.keyword.BuiltinKeywords.callTestCase(BuiltinKeywords.groovy:334)
	at sun.reflect.GeneratedMethodAccessor13.invoke(Unknown Source)
	at sun.reflect.DelegatingMethodAccessorImpl.invoke(DelegatingMethodAccessorImpl.java:43)
	at java.lang.reflect.Method.invoke(Method.java:498)
	at org.codehaus.groovy.reflection.CachedMethod.invoke(CachedMethod.java:93)
	at groovy.lang.MetaMethod.doMethodInvoke(MetaMethod.java:325)
	at groovy.lang.MetaClassImpl.invokeStaticMethod(MetaClassImpl.java:1469)
	at org.codehaus.groovy.runtime.callsite.StaticMetaClassSite.call(StaticMetaClassSite.java:53)
	at org.codehaus.groovy.runtime.callsite.CallSiteArray.defaultCall(CallSiteArray.java:48)
	at org.codehaus.groovy.runtime.callsite.AbstractCallSite.call(AbstractCallSite.java:113)
	at org.codehaus.groovy.runtime.callsite.AbstractCallSite.call(AbstractCallSite.java:141)
	at Script1536204253481.run(Script1536204253481.groovy:25)
	at com.kms.katalon.core.main.ScriptEngine.run(ScriptEngine.java:183)
	at com.kms.katalon.core.main.ScriptEngine.runScriptAsRawText(ScriptEngine.java:108)
	at com.kms.katalon.core.main.TestCaseExecutor.runScript(TestCaseExecutor.java:294)
	at com.kms.katalon.core.main.TestCaseExecutor.doExecute(TestCaseExecutor.java:285)
	at com.kms.katalon.core.main.TestCaseExecutor.processExecutionPhase(TestCaseExecutor.java:264)
	at com.kms.katalon.core.main.TestCaseExecutor.accessMainPhase(TestCaseExecutor.java:256)
	at com.kms.katalon.core.main.TestCaseExecutor.execute(TestCaseExecutor.java:200)
	at com.kms.katalon.core.main.TestSuiteExecutor.accessTestCaseMainPhase(TestSuiteExecutor.java:129)
	at com.kms.katalon.core.main.TestSuiteExecutor.accessTestSuiteMainPhase(TestSuiteExecutor.java:112)
	at com.kms.katalon.core.main.TestSuiteExecutor.execute(TestSuiteExecutor.java:81)
	at com.kms.katalon.core.main.TestCaseMain.startTestSuite(TestCaseMain.java:142)
	at com.kms.katalon.core.main.TestCaseMain$startTestSuite$0.call(Unknown Source)
	at org.codehaus.groovy.runtime.callsite.CallSiteArray.defaultCall(CallSiteArray.java:48)
	at org.codehaus.groovy.runtime.callsite.AbstractCallSite.call(AbstractCallSite.java:113)
	at org.codehaus.groovy.runtime.callsite.AbstractCallSite.call(AbstractCallSite.java:141)
	at TempTestSuite1544751823421.run(TempTestSuite1544751823421.groovy:36)
	at groovy.lang.GroovyShell.runScriptOrMainOrTestOrRunnable(GroovyShell.java:263)
	at groovy.lang.GroovyShell.run(GroovyShell.java:518)
	at groovy.lang.GroovyShell.run(GroovyShell.java:507)
	at groovy.ui.GroovyMain.processOnce(GroovyMain.java:653)
	at groovy.ui.GroovyMain.run(GroovyMain.java:384)
	at groovy.ui.GroovyMain.process(GroovyMain.java:370)
	at groovy.ui.GroovyMain.processArgs(GroovyMain.java:129)
	at groovy.ui.GroovyMain.main(GroovyMain.java:109)
	at sun.reflect.NativeMethodAccessorImpl.invoke0(Native Method)
	at sun.reflect.NativeMethodAccessorImpl.invoke(NativeMethodAccessorImpl.java:62)
	at sun.reflect.DelegatingMethodAccessorImpl.invoke(DelegatingMethodAccessorImpl.java:43)
	at java.lang.reflect.Method.invoke(Method.java:498)
	at org.codehaus.groovy.tools.GroovyStarter.rootLoader(GroovyStarter.java:109)
	at org.codehaus.groovy.tools.GroovyStarter.main(GroovyStarter.java:131)
)]]></system-out>
      <system-err><![CDATA[2018-12-14 10:55:19 - [TEST_SUITE][FAILED] - Form 3 EIS - Cessation as Employer: Test Cases/Final Aug 2018 - PKS Automation/Registration Module/Workflow/Form 3 EIS - Cessation As Employer/OTC to UO (Query) FAILED because (of) (Stack trace: com.kms.katalon.core.exception.StepFailedException: Unable to click on object 'Object Repository/Final Object Repo/Page_Form 3 EIS - Cessation as Employer/Page_Form 3 EIS - Cessation as Employer (Query - OTC - UO)/Next' (Root cause: com.kms.katalon.core.webui.exception.WebElementNotFoundException: Web element with id: 'Object Repository/Final Object Repo/Page_Form 3 EIS - Cessation as Employer/Page_Form 3 EIS - Cessation as Employer (Query - OTC - UO)/Next' located by 'By.xpath: //a[(text() = ' NEXT
						' or . = ' NEXT
						')]' not found)
	at com.kms.katalon.core.keyword.internal.KeywordMain.stepFailed(KeywordMain.groovy:32)
	at com.kms.katalon.core.webui.keyword.internal.WebUIKeywordMain.stepFailed(WebUIKeywordMain.groovy:65)
	at com.kms.katalon.core.webui.keyword.internal.WebUIKeywordMain.runKeyword(WebUIKeywordMain.groovy:27)
	at com.kms.katalon.core.webui.keyword.builtin.ClickKeyword.click(ClickKeyword.groovy:86)
	at com.kms.katalon.core.webui.keyword.builtin.ClickKeyword.execute(ClickKeyword.groovy:67)
	at com.kms.katalon.core.keyword.internal.KeywordExecutor.executeKeywordForPlatform(KeywordExecutor.groovy:53)
	at com.kms.katalon.core.webui.keyword.WebUiBuiltInKeywords.click(WebUiBuiltInKeywords.groovy:616)
	at com.kms.katalon.core.webui.keyword.WebUiBuiltInKeywords$click$2.call(Unknown Source)
	at Script1536114876563.run(Script1536114876563.groovy:87)
	at com.kms.katalon.core.main.ScriptEngine.run(ScriptEngine.java:183)
	at com.kms.katalon.core.main.ScriptEngine.runScriptAsRawText(ScriptEngine.java:108)
	at com.kms.katalon.core.main.TestCaseExecutor.runScript(TestCaseExecutor.java:294)
	at com.kms.katalon.core.main.TestCaseExecutor.doExecute(TestCaseExecutor.java:285)
	at com.kms.katalon.core.main.TestCaseExecutor.processExecutionPhase(TestCaseExecutor.java:264)
	at com.kms.katalon.core.main.TestCaseExecutor.accessMainPhase(TestCaseExecutor.java:256)
	at com.kms.katalon.core.main.TestCaseExecutor.execute(TestCaseExecutor.java:200)
	at com.kms.katalon.core.main.TestCaseMain.runTestCase(TestCaseMain.java:99)
	at com.kms.katalon.core.keyword.builtin.CallTestCaseKeyword$_callTestCase_closure1.doCall(CallTestCaseKeyword.groovy:60)
	at com.kms.katalon.core.keyword.builtin.CallTestCaseKeyword$_callTestCase_closure1.call(CallTestCaseKeyword.groovy)
	at com.kms.katalon.core.keyword.internal.KeywordMain.runKeyword(KeywordMain.groovy:54)
	at com.kms.katalon.core.keyword.builtin.CallTestCaseKeyword.callTestCase(CallTestCaseKeyword.groovy:81)
	at com.kms.katalon.core.keyword.builtin.CallTestCaseKeyword.execute(CallTestCaseKeyword.groovy:45)
	at com.kms.katalon.core.keyword.internal.KeywordExecutor.executeKeywordForPlatform(KeywordExecutor.groovy:53)
	at com.kms.katalon.core.keyword.BuiltinKeywords.callTestCase(BuiltinKeywords.groovy:334)
	at sun.reflect.GeneratedMethodAccessor13.invoke(Unknown Source)
	at sun.reflect.DelegatingMethodAccessorImpl.invoke(DelegatingMethodAccessorImpl.java:43)
	at java.lang.reflect.Method.invoke(Method.java:498)
	at org.codehaus.groovy.reflection.CachedMethod.invoke(CachedMethod.java:93)
	at groovy.lang.MetaMethod.doMethodInvoke(MetaMethod.java:325)
	at groovy.lang.MetaClassImpl.invokeStaticMethod(MetaClassImpl.java:1469)
	at org.codehaus.groovy.runtime.callsite.StaticMetaClassSite.call(StaticMetaClassSite.java:53)
	at org.codehaus.groovy.runtime.callsite.CallSiteArray.defaultCall(CallSiteArray.java:48)
	at org.codehaus.groovy.runtime.callsite.AbstractCallSite.call(AbstractCallSite.java:113)
	at org.codehaus.groovy.runtime.callsite.AbstractCallSite.call(AbstractCallSite.java:141)
	at Script1536204253481.run(Script1536204253481.groovy:25)
	at com.kms.katalon.core.main.ScriptEngine.run(ScriptEngine.java:183)
	at com.kms.katalon.core.main.ScriptEngine.runScriptAsRawText(ScriptEngine.java:108)
	at com.kms.katalon.core.main.TestCaseExecutor.runScript(TestCaseExecutor.java:294)
	at com.kms.katalon.core.main.TestCaseExecutor.doExecute(TestCaseExecutor.java:285)
	at com.kms.katalon.core.main.TestCaseExecutor.processExecutionPhase(TestCaseExecutor.java:264)
	at com.kms.katalon.core.main.TestCaseExecutor.accessMainPhase(TestCaseExecutor.java:256)
	at com.kms.katalon.core.main.TestCaseExecutor.execute(TestCaseExecutor.java:200)
	at com.kms.katalon.core.main.TestSuiteExecutor.accessTestCaseMainPhase(TestSuiteExecutor.java:129)
	at com.kms.katalon.core.main.TestSuiteExecutor.accessTestSuiteMainPhase(TestSuiteExecutor.java:112)
	at com.kms.katalon.core.main.TestSuiteExecutor.execute(TestSuiteExecutor.java:81)
	at com.kms.katalon.core.main.TestCaseMain.startTestSuite(TestCaseMain.java:142)
	at com.kms.katalon.core.main.TestCaseMain$startTestSuite$0.call(Unknown Source)
	at org.codehaus.groovy.runtime.callsite.CallSiteArray.defaultCall(CallSiteArray.java:48)
	at org.codehaus.groovy.runtime.callsite.AbstractCallSite.call(AbstractCallSite.java:113)
	at org.codehaus.groovy.runtime.callsite.AbstractCallSite.call(AbstractCallSite.java:141)
	at TempTestSuite1544751823421.run(TempTestSuite1544751823421.groovy:36)
	at groovy.lang.GroovyShell.runScriptOrMainOrTestOrRunnable(GroovyShell.java:263)
	at groovy.lang.GroovyShell.run(GroovyShell.java:518)
	at groovy.lang.GroovyShell.run(GroovyShell.java:507)
	at groovy.ui.GroovyMain.processOnce(GroovyMain.java:653)
	at groovy.ui.GroovyMain.run(GroovyMain.java:384)
	at groovy.ui.GroovyMain.process(GroovyMain.java:370)
	at groovy.ui.GroovyMain.processArgs(GroovyMain.java:129)
	at groovy.ui.GroovyMain.main(GroovyMain.java:109)
	at sun.reflect.NativeMethodAccessorImpl.invoke0(Native Method)
	at sun.reflect.NativeMethodAccessorImpl.invoke(NativeMethodAccessorImpl.java:62)
	at sun.reflect.DelegatingMethodAccessorImpl.invoke(DelegatingMethodAccessorImpl.java:43)
	at java.lang.reflect.Method.invoke(Method.java:498)
	at org.codehaus.groovy.tools.GroovyStarter.rootLoader(GroovyStarter.java:109)
	at org.codehaus.groovy.tools.GroovyStarter.main(GroovyStarter.java:131)
)]]></system-err>
   </testsuite>
</testsuites>
