<?xml version="1.0" encoding="UTF-8"?>
<testsuites name="Form 3 EIS - Cessation as Employer" time="3419" tests="11" failures="1" errors="0">
   <testsuite name="Form 3 EIS - Cessation as Employer" tests="11" failures="1" errors="0" time="3419" timestamp="2018-12-20 12:55:57" hostname="Admin - Win7Test02" id="Test Suites/Workflow/Form 3 EIS - Cessation as Employer">
      <properties>
         <property name="deviceName" value=""/>
         <property name="devicePlatform" value=""/>
         <property name="logFolder" value="C:\\Users\\Admin\\Desktop\\PKS\\Perkeso Phase A\\Reports\\Workflow\\Form 3 EIS - Cessation as Employer\\20181220_125555"/>
         <property name="logFiles" value="C:\\Users\\Admin\\Desktop\\PKS\\Perkeso Phase A\\Reports\\Workflow\\Form 3 EIS - Cessation as Employer\\20181220_125555\\execution0.log"/>
         <property name="attachments" value="C:\\Users\\Admin\\Desktop\\PKS\\Perkeso Phase A\\Reports\\Workflow\\Form 3 EIS - Cessation as Employer\\20181220_125555\\1545284742218.png, C:\\Users\\Admin\\Desktop\\PKS\\Perkeso Phase A\\Reports\\Workflow\\Form 3 EIS - Cessation as Employer\\20181220_125555\\1545284775135.png, C:\\Users\\Admin\\Desktop\\PKS\\Perkeso Phase A\\Reports\\Workflow\\Form 3 EIS - Cessation as Employer\\20181220_125555\\1545284828014.png"/>
         <property name="hostName" value="Admin - Win7Test02"/>
         <property name="os" value="Windows 7 64bit"/>
         <property name="katalonVersion" value="5.8.6.1"/>
         <property name="browser" value="Chrome 71.0.3578.98"/>
         <property name="hostAddress" value="10.20.3.72"/>
         <property name="sessionId" value="c301956474f29b7ce048747b821ab82e"/>
         <property name="seleniumVersion" value="3.7.1"/>
         <property name="proxyInformation" value="ProxyInformation{proxyOption=NO_PROXY, proxyServerType=HTTP, password=, proxyServerAddress=, proxyServerPort=0}"/>
         <property name="platform" value="Windows 7"/>
      </properties>
      <testcase name="Test Cases/Final Aug 2018 - PKS Automation/Registration Module/Workflow/Form 3 EIS - Cessation As Employer/Employer to UO (Approve)" classname="Test Cases/Final Aug 2018 - PKS Automation/Registration Module/Workflow/Form 3 EIS - Cessation As Employer/Employer to UO (Approve)" status="PASSED">
         <system-out><![CDATA[2018-12-20 12:55:58 - [TEST_CASE][PASSED] - Test Cases/Final Aug 2018 - PKS Automation/Registration Module/Workflow/Form 3 EIS - Cessation As Employer/Employer to UO (Approve): Test Cases/Final Aug 2018 - PKS Automation/Registration Module/Workflow/Form 3 EIS - Cessation As Employer/Employer to UO (Approve)

2018-12-20 12:55:58 - [TEST_STEP][PASSED] - callTestCase: Call Test Case 'Test Cases/Final Aug 2018 - PKS Automation/Registration Module/Workflow/Form 3 EIS - Cessation As Employer/Template/Form 3 A - Cessation As Employer (Employer)' successfully

2018-12-20 12:55:58 - [TEST_CASE][PASSED] - Test Cases/Final Aug 2018 - PKS Automation/Registration Module/Workflow/Form 3 EIS - Cessation As Employer/Template/Form 3 A - Cessation As Employer (Employer): Test Cases/Final Aug 2018 - PKS Automation/Registration Module/Workflow/Form 3 EIS - Cessation As Employer/Template/Form 3 A - Cessation As Employer (Employer)

2018-12-20 12:55:59 - [TEST_STEP][PASSED] - callTestCase: Call Test Case 'Test Cases/Final Aug 2018 - PKS Automation/Registration Module/Workflow/Update Add New Employee/Template/New Company for Update Add New - Employer' successfully

2018-12-20 12:55:59 - [TEST_CASE][PASSED] - Test Cases/Final Aug 2018 - PKS Automation/Registration Module/Workflow/Update Add New Employee/Template/New Company for Update Add New - Employer: Test Cases/Final Aug 2018 - PKS Automation/Registration Module/Workflow/Update Add New Employee/Template/New Company for Update Add New - Employer

2018-12-20 12:55:59 - [TEST_STEP][PASSED] - callTestCase: Call Test Case 'Test Cases/Final Aug 2018 - PKS Automation/Create Employer Acc/Create Employer Account' successfully

2018-12-20 12:55:59 - [TEST_CASE][PASSED] - Test Cases/Final Aug 2018 - PKS Automation/Create Employer Acc/Create Employer Account: Test Cases/Final Aug 2018 - PKS Automation/Create Employer Acc/Create Employer Account

2018-12-20 12:55:59 - [TEST_STEP][PASSED] - callTestCase: Call Test Case 'Test Cases/Final Aug 2018 - PKS Automation/Create Employer Acc/Template/Register Employer' successfully

2018-12-20 12:56:00 - [TEST_CASE][PASSED] - Test Cases/Final Aug 2018 - PKS Automation/Create Employer Acc/Template/Register Employer: Test Cases/Final Aug 2018 - PKS Automation/Create Employer Acc/Template/Register Employer

2018-12-20 12:56:00 - [TEST_STEP][PASSED] - openBrowser: Browser is opened with url: ''

2018-12-20 12:56:04 - [MESSAGE][PASSED] - Browser is opened with url: ''

2018-12-20 12:56:04 - [TEST_STEP][PASSED] - navigateToUrl: Navigate to 'https://assist2-uat.perkeso.gov.my/login' successfully

2018-12-20 12:56:05 - [MESSAGE][PASSED] - Navigate to 'https://assist2-uat.perkeso.gov.my/login' successfully

2018-12-20 12:56:05 - [TEST_STEP][PASSED] - setText: Text 'johorotc1@gmail.com' is set on object 'Object Repository/Final Object Repo/Login Page/Internal User/Email Address'

2018-12-20 12:56:05 - [MESSAGE][PASSED] - Text 'johorotc1@gmail.com' is set on object 'Object Repository/Final Object Repo/Login Page/Internal User/Email Address'

2018-12-20 12:56:05 - [TEST_STEP][PASSED] - click: Object: 'Object Repository/Final Object Repo/Login Page/Internal User/Next Button' is clicked on

2018-12-20 12:56:05 - [MESSAGE][PASSED] - Object: 'Object Repository/Final Object Repo/Login Page/Internal User/Next Button' is clicked on

2018-12-20 12:56:05 - [TEST_STEP][PASSED] - delay: Delayed 1 second(s)

2018-12-20 12:56:06 - [MESSAGE][PASSED] - Delayed 1 second(s)

2018-12-20 12:56:06 - [TEST_STEP][PASSED] - setEncryptedText: Text ****** has been set on object 'Object Repository/Final Object Repo/Login Page/Internal User/Password'

2018-12-20 12:56:07 - [MESSAGE][PASSED] - Text ****** has been set on object 'Object Repository/Final Object Repo/Login Page/Internal User/Password'

2018-12-20 12:56:07 - [TEST_STEP][PASSED] - click: Object: 'Object Repository/Final Object Repo/Login Page/Internal User/Login Button' is clicked on

2018-12-20 12:56:07 - [MESSAGE][PASSED] - Object: 'Object Repository/Final Object Repo/Login Page/Internal User/Login Button' is clicked on

2018-12-20 12:56:07 - [TEST_STEP][PASSED] - delay: Delayed 1 second(s)

2018-12-20 12:56:08 - [MESSAGE][PASSED] - Delayed 1 second(s)

2018-12-20 12:56:08 - [TEST_STEP][PASSED] - navigateToUrl: Navigate to 'https://assist2-uat.perkeso.gov.my/web/base/portal-id/registration' successfully

2018-12-20 12:56:10 - [MESSAGE][PASSED] - Navigate to 'https://assist2-uat.perkeso.gov.my/web/base/portal-id/registration' successfully

2018-12-20 12:56:10 - [TEST_STEP][PASSED] - setText: Text 'AUTOMATION EMPLOYER' is set on object 'Object Repository/Final Object Repo/Creating Employer Account/Page_Registration - ASSIST (Base)/Employer Name'

2018-12-20 12:56:10 - [MESSAGE][PASSED] - Text 'AUTOMATION EMPLOYER' is set on object 'Object Repository/Final Object Repo/Creating Employer Account/Page_Registration - ASSIST (Base)/Employer Name'

2018-12-20 12:56:10 - [TEST_STEP][PASSED] - delay: Delayed 2 second(s)

2018-12-20 12:56:12 - [MESSAGE][PASSED] - Delayed 2 second(s)

2018-12-20 12:56:12 - [TEST_STEP][PASSED] - click: Object: 'Object Repository/Final Object Repo/Creating Employer Account/Page_Registration - ASSIST (Base)/Registration Type' is clicked on

2018-12-20 12:56:12 - [MESSAGE][PASSED] - Object: 'Object Repository/Final Object Repo/Creating Employer Account/Page_Registration - ASSIST (Base)/Registration Type' is clicked on

2018-12-20 12:56:12 - [TEST_STEP][PASSED] - delay: Delayed 2 second(s)

2018-12-20 12:56:14 - [MESSAGE][PASSED] - Delayed 2 second(s)

2018-12-20 12:56:14 - [TEST_STEP][PASSED] - click: Object: 'Object Repository/Final Object Repo/Creating Employer Account/Page_Registration - ASSIST (Base)/Registration Type - Registration No' is clicked on

2018-12-20 12:56:15 - [MESSAGE][PASSED] - Object: 'Object Repository/Final Object Repo/Creating Employer Account/Page_Registration - ASSIST (Base)/Registration Type - Registration No' is clicked on

2018-12-20 12:56:15 - [TEST_STEP][PASSED] - delay: Delayed 2 second(s)

2018-12-20 12:56:17 - [MESSAGE][PASSED] - Delayed 2 second(s)

2018-12-20 12:56:17 - [TEST_STEP][PASSED] - setText: Text 'AUTOMATE001' is set on object 'Object Repository/Final Object Repo/Creating Employer Account/Page_Registration - ASSIST (Base)/Registration Number'

2018-12-20 12:56:17 - [MESSAGE][PASSED] - Text 'AUTOMATE001' is set on object 'Object Repository/Final Object Repo/Creating Employer Account/Page_Registration - ASSIST (Base)/Registration Number'

2018-12-20 12:56:17 - [TEST_STEP][PASSED] - delay: Delayed 2 second(s)

2018-12-20 12:56:19 - [MESSAGE][PASSED] - Delayed 2 second(s)

2018-12-20 12:56:19 - [TEST_STEP][PASSED] - setText: Text 'ADDRESS 1' is set on object 'Object Repository/Final Object Repo/Creating Employer Account/Page_Registration - ASSIST (Base)/Postal Address 1'

2018-12-20 12:56:19 - [MESSAGE][PASSED] - Text 'ADDRESS 1' is set on object 'Object Repository/Final Object Repo/Creating Employer Account/Page_Registration - ASSIST (Base)/Postal Address 1'

2018-12-20 12:56:19 - [TEST_STEP][PASSED] - setText: Text 'ADDRESS 2' is set on object 'Object Repository/Final Object Repo/Creating Employer Account/Page_Registration - ASSIST (Base)/Postal Address 2'

2018-12-20 12:56:20 - [MESSAGE][PASSED] - Text 'ADDRESS 2' is set on object 'Object Repository/Final Object Repo/Creating Employer Account/Page_Registration - ASSIST (Base)/Postal Address 2'

2018-12-20 12:56:20 - [TEST_STEP][PASSED] - click: Object: 'Object Repository/Final Object Repo/Creating Employer Account/Page_Registration - ASSIST (Base)/State' is clicked on

2018-12-20 12:56:20 - [MESSAGE][PASSED] - Object: 'Object Repository/Final Object Repo/Creating Employer Account/Page_Registration - ASSIST (Base)/State' is clicked on

2018-12-20 12:56:20 - [TEST_STEP][PASSED] - delay: Delayed 2 second(s)

2018-12-20 12:56:22 - [MESSAGE][PASSED] - Delayed 2 second(s)

2018-12-20 12:56:22 - [TEST_STEP][PASSED] - click: Object: 'Object Repository/Final Object Repo/Creating Employer Account/Page_Registration - ASSIST (Base)/State - Johor' is clicked on

2018-12-20 12:56:22 - [MESSAGE][PASSED] - Object: 'Object Repository/Final Object Repo/Creating Employer Account/Page_Registration - ASSIST (Base)/State - Johor' is clicked on

2018-12-20 12:56:22 - [TEST_STEP][PASSED] - delay: Delayed 2 second(s)

2018-12-20 12:56:24 - [MESSAGE][PASSED] - Delayed 2 second(s)

2018-12-20 12:56:24 - [TEST_STEP][PASSED] - click: Object: 'Object Repository/Final Object Repo/Creating Employer Account/Page_Registration - ASSIST (Base)/City' is clicked on

2018-12-20 12:56:24 - [MESSAGE][PASSED] - Object: 'Object Repository/Final Object Repo/Creating Employer Account/Page_Registration - ASSIST (Base)/City' is clicked on

2018-12-20 12:56:24 - [TEST_STEP][PASSED] - delay: Delayed 2 second(s)

2018-12-20 12:56:26 - [MESSAGE][PASSED] - Delayed 2 second(s)

2018-12-20 12:56:26 - [TEST_STEP][PASSED] - setText: Text 'joh' is set on object 'Object Repository/Final Object Repo/Creating Employer Account/Page_Registration - ASSIST (Base)/City - joh'

2018-12-20 12:56:27 - [MESSAGE][PASSED] - Text 'joh' is set on object 'Object Repository/Final Object Repo/Creating Employer Account/Page_Registration - ASSIST (Base)/City - joh'

2018-12-20 12:56:27 - [TEST_STEP][PASSED] - delay: Delayed 2 second(s)

2018-12-20 12:56:29 - [MESSAGE][PASSED] - Delayed 2 second(s)

2018-12-20 12:56:29 - [TEST_STEP][PASSED] - click: Object: 'Object Repository/Final Object Repo/Creating Employer Account/Page_Registration - ASSIST (Base)/City - Johor Bharu' is clicked on

2018-12-20 12:56:29 - [MESSAGE][PASSED] - Object: 'Object Repository/Final Object Repo/Creating Employer Account/Page_Registration - ASSIST (Base)/City - Johor Bharu' is clicked on

2018-12-20 12:56:29 - [TEST_STEP][PASSED] - delay: Delayed 2 second(s)

2018-12-20 12:56:31 - [MESSAGE][PASSED] - Delayed 2 second(s)

2018-12-20 12:56:31 - [TEST_STEP][PASSED] - click: Object: 'Object Repository/Final Object Repo/Creating Employer Account/Page_Registration - ASSIST (Base)/Post Code' is clicked on

2018-12-20 12:56:31 - [MESSAGE][PASSED] - Object: 'Object Repository/Final Object Repo/Creating Employer Account/Page_Registration - ASSIST (Base)/Post Code' is clicked on

2018-12-20 12:56:31 - [TEST_STEP][PASSED] - delay: Delayed 2 second(s)

2018-12-20 12:56:33 - [MESSAGE][PASSED] - Delayed 2 second(s)

2018-12-20 12:56:33 - [TEST_STEP][PASSED] - setText: Text '810' is set on object 'Object Repository/Final Object Repo/Creating Employer Account/Page_Registration - ASSIST (Base)/Post Code - 810'

2018-12-20 12:56:33 - [MESSAGE][PASSED] - Text '810' is set on object 'Object Repository/Final Object Repo/Creating Employer Account/Page_Registration - ASSIST (Base)/Post Code - 810'

2018-12-20 12:56:33 - [TEST_STEP][PASSED] - delay: Delayed 2 second(s)

2018-12-20 12:56:35 - [MESSAGE][PASSED] - Delayed 2 second(s)

2018-12-20 12:56:35 - [TEST_STEP][PASSED] - click: Object: 'Object Repository/Final Object Repo/Creating Employer Account/Page_Registration - ASSIST (Base)/Post Code - 81000' is clicked on

2018-12-20 12:56:35 - [MESSAGE][PASSED] - Object: 'Object Repository/Final Object Repo/Creating Employer Account/Page_Registration - ASSIST (Base)/Post Code - 81000' is clicked on

2018-12-20 12:56:35 - [TEST_STEP][PASSED] - delay: Delayed 2 second(s)

2018-12-20 12:56:37 - [MESSAGE][PASSED] - Delayed 2 second(s)

2018-12-20 12:56:37 - [TEST_STEP][PASSED] - setText: Text 'PERKESO' is set on object 'Object Repository/Final Object Repo/Creating Employer Account/Page_Registration - ASSIST (Base)/Full Name'

2018-12-20 12:56:38 - [MESSAGE][PASSED] - Text 'PERKESO' is set on object 'Object Repository/Final Object Repo/Creating Employer Account/Page_Registration - ASSIST (Base)/Full Name'

2018-12-20 12:56:38 - [TEST_STEP][PASSED] - Statement - rnd = new java.util.Random(): null

2018-12-20 12:56:38 - [TEST_STEP][PASSED] - Statement - snum = rnd.nextInt(899999 + 1) + 100000: null

2018-12-20 12:56:38 - [TEST_STEP][PASSED] - Statement - tnum = rnd.nextInt(899999 + 1) + 100000: null

2018-12-20 12:56:38 - [TEST_STEP][PASSED] - Statement - IC = java.lang.Integer.toString(snum) + java.lang.Integer.toString(tnum): null

2018-12-20 12:56:38 - [TEST_STEP][PASSED] - Statement - out.println(IC): null

2018-12-20 12:56:38 - [TEST_STEP][PASSED] - setText: Text '110113901880' is set on object 'Object Repository/Final Object Repo/Creating Employer Account/Page_Registration - ASSIST (Base)/Identification Number'

2018-12-20 12:56:38 - [MESSAGE][PASSED] - Text '110113901880' is set on object 'Object Repository/Final Object Repo/Creating Employer Account/Page_Registration - ASSIST (Base)/Identification Number'

2018-12-20 12:56:38 - [TEST_STEP][PASSED] - delay: Delayed 2 second(s)

2018-12-20 12:56:40 - [MESSAGE][PASSED] - Delayed 2 second(s)

2018-12-20 12:56:40 - [TEST_STEP][PASSED] - setText: Text '123456789012' is set on object 'Object Repository/Final Object Repo/Creating Employer Account/Page_Registration - ASSIST (Base)/Contact Number'

2018-12-20 12:56:41 - [MESSAGE][PASSED] - Text '123456789012' is set on object 'Object Repository/Final Object Repo/Creating Employer Account/Page_Registration - ASSIST (Base)/Contact Number'

2018-12-20 12:56:41 - [TEST_STEP][PASSED] - Statement - Email = "perkeso" + IC + "@gmail.com": null

2018-12-20 12:56:41 - [TEST_STEP][PASSED] - delay: Delayed 2 second(s)

2018-12-20 12:56:43 - [MESSAGE][PASSED] - Delayed 2 second(s)

2018-12-20 12:56:43 - [TEST_STEP][PASSED] - callTestCase: Call Test Case 'Test Cases/Final Aug 2018 - PKS Automation/Create Employer Acc/Template/Employer Email Settler' successfully

2018-12-20 12:56:43 - [TEST_CASE][PASSED] - Test Cases/Final Aug 2018 - PKS Automation/Create Employer Acc/Template/Employer Email Settler: Test Cases/Final Aug 2018 - PKS Automation/Create Employer Acc/Template/Employer Email Settler

2018-12-20 12:56:43 - [TEST_STEP][PASSED] - Statement - EmpEmailOld = new java.io.File(C://Users//Admin//Desktop//PKS//Automation Reference Point//EmpEmail.txt): null

2018-12-20 12:56:43 - [TEST_STEP][PASSED] - Statement - EmpEmailOld.delete(): null

2018-12-20 12:56:43 - [TEST_STEP][PASSED] - delay: Delayed 5 second(s)

2018-12-20 12:56:48 - [MESSAGE][PASSED] - Delayed 5 second(s)

2018-12-20 12:56:48 - [TEST_STEP][PASSED] - Statement - EmpEmail = new java.io.File(C://Users//Admin//Desktop//PKS//Automation Reference Point//EmpEmail.txt): null

2018-12-20 12:56:48 - [TEST_STEP][PASSED] - Statement - f2 = new java.io.FileWriter(EmpEmail, false): null

2018-12-20 12:56:48 - [TEST_STEP][PASSED] - Statement - f2.write(Email): null

2018-12-20 12:56:48 - [TEST_STEP][PASSED] - Statement - f2.close(): null

2018-12-20 12:56:48 - [TEST_STEP][PASSED] - Statement - out.println(Email): null

2018-12-20 12:56:48 - [MESSAGE][PASSED] - Call Test Case 'Test Cases/Final Aug 2018 - PKS Automation/Create Employer Acc/Template/Employer Email Settler' successfully

2018-12-20 12:56:48 - [TEST_STEP][PASSED] - delay: Delayed 2 second(s)

2018-12-20 12:56:50 - [MESSAGE][PASSED] - Delayed 2 second(s)

2018-12-20 12:56:50 - [TEST_STEP][PASSED] - setText: Text 'perkeso110113901880@gmail.com' is set on object 'Object Repository/Final Object Repo/Creating Employer Account/Page_Registration - ASSIST (Base)/Email'

2018-12-20 12:56:51 - [MESSAGE][PASSED] - Text 'perkeso110113901880@gmail.com' is set on object 'Object Repository/Final Object Repo/Creating Employer Account/Page_Registration - ASSIST (Base)/Email'

2018-12-20 12:56:51 - [TEST_STEP][PASSED] - setText: Text '123' is set on object 'Object Repository/Final Object Repo/Creating Employer Account/Page_Registration - ASSIST (Base)/Security Phase'

2018-12-20 12:56:51 - [MESSAGE][PASSED] - Text '123' is set on object 'Object Repository/Final Object Repo/Creating Employer Account/Page_Registration - ASSIST (Base)/Security Phase'

2018-12-20 12:56:51 - [TEST_STEP][PASSED] - click: Object: 'Object Repository/Final Object Repo/Creating Employer Account/Page_Registration - ASSIST (Base)/Save  Continue' is clicked on

2018-12-20 12:56:51 - [MESSAGE][PASSED] - Object: 'Object Repository/Final Object Repo/Creating Employer Account/Page_Registration - ASSIST (Base)/Save  Continue' is clicked on

2018-12-20 12:56:51 - [TEST_STEP][PASSED] - delay: Delayed 2 second(s)

2018-12-20 12:56:53 - [MESSAGE][PASSED] - Delayed 2 second(s)

2018-12-20 12:56:53 - [TEST_STEP][PASSED] - click: Object: 'Object Repository/Final Object Repo/Creating Employer Account/Page_Registration - ASSIST (Base)/Add Document' is clicked on

2018-12-20 12:56:53 - [MESSAGE][PASSED] - Object: 'Object Repository/Final Object Repo/Creating Employer Account/Page_Registration - ASSIST (Base)/Add Document' is clicked on

2018-12-20 12:56:53 - [TEST_STEP][PASSED] - delay: Delayed 2 second(s)

2018-12-20 12:56:55 - [MESSAGE][PASSED] - Delayed 2 second(s)

2018-12-20 12:56:55 - [TEST_STEP][PASSED] - click: Object: 'Object Repository/Final Object Repo/Creating Employer Account/Page_Registration - ASSIST (Base)/Document Type' is clicked on

2018-12-20 12:56:56 - [MESSAGE][PASSED] - Object: 'Object Repository/Final Object Repo/Creating Employer Account/Page_Registration - ASSIST (Base)/Document Type' is clicked on

2018-12-20 12:56:56 - [TEST_STEP][PASSED] - delay: Delayed 2 second(s)

2018-12-20 12:56:58 - [MESSAGE][PASSED] - Delayed 2 second(s)

2018-12-20 12:56:58 - [TEST_STEP][PASSED] - click: Object: 'Object Repository/Final Object Repo/Creating Employer Account/Page_Registration - ASSIST (Base)/Document Type - Letter of Authorization' is clicked on

2018-12-20 12:56:58 - [MESSAGE][PASSED] - Object: 'Object Repository/Final Object Repo/Creating Employer Account/Page_Registration - ASSIST (Base)/Document Type - Letter of Authorization' is clicked on

2018-12-20 12:56:58 - [TEST_STEP][PASSED] - delay: Delayed 2 second(s)

2018-12-20 12:57:00 - [MESSAGE][PASSED] - Delayed 2 second(s)

2018-12-20 12:57:00 - [TEST_STEP][PASSED] - sendKeys: Keys 'C:\Users\Public\Pictures\Sample Pictures\Koala.jpg' sent to object: 'Object Repository/Final Object Repo/Creating Employer Account/Page_Registration - ASSIST (Base)/Uploading File'

2018-12-20 12:57:00 - [MESSAGE][PASSED] - Keys 'C:\Users\Public\Pictures\Sample Pictures\Koala.jpg' sent to object: 'Object Repository/Final Object Repo/Creating Employer Account/Page_Registration - ASSIST (Base)/Uploading File'

2018-12-20 12:57:00 - [TEST_STEP][PASSED] - delay: Delayed 2 second(s)

2018-12-20 12:57:02 - [MESSAGE][PASSED] - Delayed 2 second(s)

2018-12-20 12:57:02 - [TEST_STEP][PASSED] - click: Object: 'Object Repository/Final Object Repo/Creating Employer Account/Page_Registration - ASSIST (Base)/Add Document in Uploading File' is clicked on

2018-12-20 12:57:02 - [MESSAGE][PASSED] - Object: 'Object Repository/Final Object Repo/Creating Employer Account/Page_Registration - ASSIST (Base)/Add Document in Uploading File' is clicked on

2018-12-20 12:57:02 - [TEST_STEP][PASSED] - delay: Delayed 2 second(s)

2018-12-20 12:57:04 - [MESSAGE][PASSED] - Delayed 2 second(s)

2018-12-20 12:57:04 - [TEST_STEP][PASSED] - click: Object: 'Object Repository/Final Object Repo/Creating Employer Account/Page_Registration - ASSIST (Base)/Save' is clicked on

2018-12-20 12:57:04 - [MESSAGE][PASSED] - Object: 'Object Repository/Final Object Repo/Creating Employer Account/Page_Registration - ASSIST (Base)/Save' is clicked on

2018-12-20 12:57:04 - [TEST_STEP][PASSED] - delay: Delayed 2 second(s)

2018-12-20 12:57:06 - [MESSAGE][PASSED] - Delayed 2 second(s)

2018-12-20 12:57:06 - [TEST_STEP][PASSED] - click: Object: 'Object Repository/Final Object Repo/Creating Employer Account/Page_Registration - ASSIST (Base)/Submit' is clicked on

2018-12-20 12:57:07 - [MESSAGE][PASSED] - Object: 'Object Repository/Final Object Repo/Creating Employer Account/Page_Registration - ASSIST (Base)/Submit' is clicked on

2018-12-20 12:57:07 - [TEST_STEP][PASSED] - delay: Delayed 2 second(s)

2018-12-20 12:57:09 - [MESSAGE][PASSED] - Delayed 2 second(s)

2018-12-20 12:57:09 - [TEST_STEP][PASSED] - click: Object: 'Object Repository/Final Object Repo/Creating Employer Account/Page_Registration - ASSIST (Base)/Confirm' is clicked on

2018-12-20 12:57:09 - [MESSAGE][PASSED] - Object: 'Object Repository/Final Object Repo/Creating Employer Account/Page_Registration - ASSIST (Base)/Confirm' is clicked on

2018-12-20 12:57:09 - [MESSAGE][PASSED] - Call Test Case 'Test Cases/Final Aug 2018 - PKS Automation/Create Employer Acc/Template/Register Employer' successfully

2018-12-20 12:57:09 - [TEST_STEP][PASSED] - delay: Delayed 1 second(s)

2018-12-20 12:57:10 - [MESSAGE][PASSED] - Delayed 1 second(s)

2018-12-20 12:57:10 - [TEST_STEP][PASSED] - navigateToUrl: Navigate to 'https://assist2-uat.perkeso.gov.my/c/portal/logout' successfully

2018-12-20 12:57:12 - [MESSAGE][PASSED] - Navigate to 'https://assist2-uat.perkeso.gov.my/c/portal/logout' successfully

2018-12-20 12:57:12 - [TEST_STEP][PASSED] - delay: Delayed 1 second(s)

2018-12-20 12:57:13 - [MESSAGE][PASSED] - Delayed 1 second(s)

2018-12-20 12:57:13 - [TEST_STEP][PASSED] - callTestCase: Call Test Case 'Test Cases/Final Aug 2018 - PKS Automation/Create Employer Acc/Template/Change Password of Employer' successfully

2018-12-20 12:57:13 - [TEST_CASE][PASSED] - Test Cases/Final Aug 2018 - PKS Automation/Create Employer Acc/Template/Change Password of Employer: Test Cases/Final Aug 2018 - PKS Automation/Create Employer Acc/Template/Change Password of Employer

2018-12-20 12:57:13 - [TEST_STEP][PASSED] - openBrowser: Browser is opened with url: ''

2018-12-20 12:57:13 - [MESSAGE][WARNING] - A browser is already opened. Closing browser and opening a new one

2018-12-20 12:57:16 - [MESSAGE][PASSED] - Browser is opened with url: ''

2018-12-20 12:57:16 - [TEST_STEP][PASSED] - navigateToUrl: Navigate to 'https://assist2-uat.perkeso.gov.my/login' successfully

2018-12-20 12:57:17 - [MESSAGE][PASSED] - Navigate to 'https://assist2-uat.perkeso.gov.my/login' successfully

2018-12-20 12:57:17 - [TEST_STEP][PASSED] - delay: Delayed 5 second(s)

2018-12-20 12:57:22 - [MESSAGE][PASSED] - Delayed 5 second(s)

2018-12-20 12:57:22 - [TEST_STEP][PASSED] - setText: Text 'test@liferay.com' is set on object 'Object Repository/Final Object Repo/Login Page/Internal User/Email Address'

2018-12-20 12:57:22 - [MESSAGE][PASSED] - Text 'test@liferay.com' is set on object 'Object Repository/Final Object Repo/Login Page/Internal User/Email Address'

2018-12-20 12:57:22 - [TEST_STEP][PASSED] - click: Object: 'Object Repository/Final Object Repo/Login Page/Internal User/Next Button' is clicked on

2018-12-20 12:57:22 - [MESSAGE][PASSED] - Object: 'Object Repository/Final Object Repo/Login Page/Internal User/Next Button' is clicked on

2018-12-20 12:57:22 - [TEST_STEP][PASSED] - delay: Delayed 2 second(s)

2018-12-20 12:57:24 - [MESSAGE][PASSED] - Delayed 2 second(s)

2018-12-20 12:57:24 - [TEST_STEP][PASSED] - setText: Text 'test' is set on object 'Object Repository/Final Object Repo/Login Page/Internal User/Password'

2018-12-20 12:57:25 - [MESSAGE][PASSED] - Text 'test' is set on object 'Object Repository/Final Object Repo/Login Page/Internal User/Password'

2018-12-20 12:57:25 - [TEST_STEP][PASSED] - delay: Delayed 2 second(s)

2018-12-20 12:57:27 - [MESSAGE][PASSED] - Delayed 2 second(s)

2018-12-20 12:57:27 - [TEST_STEP][PASSED] - click: Object: 'Object Repository/Final Object Repo/Login Page/Internal User/Login Button' is clicked on

2018-12-20 12:57:27 - [MESSAGE][PASSED] - Object: 'Object Repository/Final Object Repo/Login Page/Internal User/Login Button' is clicked on

2018-12-20 12:57:27 - [TEST_STEP][PASSED] - delay: Delayed 3 second(s)

2018-12-20 12:57:30 - [MESSAGE][PASSED] - Delayed 3 second(s)

2018-12-20 12:57:30 - [TEST_STEP][PASSED] - navigateToUrl: Navigate to 'https://assist2-uat.perkeso.gov.my/group/control_panel/manage?p_p_id=125&p_p_lifecycle=0&p_p_state=maximized&p_p_mode=view&refererPlid=20455&_125_usersListView=flat-users&_125_toolbarItem=view-all-users&_125_saveUsersListView=true&_125_struts_action=%2Fusers_admin%2Fview' successfully

2018-12-20 12:57:31 - [MESSAGE][PASSED] - Navigate to 'https://assist2-uat.perkeso.gov.my/group/control_panel/manage?p_p_id=125&p_p_lifecycle=0&p_p_state=maximized&p_p_mode=view&refererPlid=20455&_125_usersListView=flat-users&_125_toolbarItem=view-all-users&_125_saveUsersListView=true&_125_struts_action=%2Fusers_admin%2Fview' successfully

2018-12-20 12:57:31 - [TEST_STEP][PASSED] - delay: Delayed 3 second(s)

2018-12-20 12:57:34 - [MESSAGE][PASSED] - Delayed 3 second(s)

2018-12-20 12:57:34 - [TEST_STEP][PASSED] - setText: Text 'perkeso110113901880@gmail.com' is set on object 'Object Repository/Final Object Repo/Creating Employer Account/Page_Users and Organizations - ASSIST/Employer name'

2018-12-20 12:57:35 - [MESSAGE][PASSED] - Text 'perkeso110113901880@gmail.com' is set on object 'Object Repository/Final Object Repo/Creating Employer Account/Page_Users and Organizations - ASSIST/Employer name'

2018-12-20 12:57:35 - [TEST_STEP][PASSED] - delay: Delayed 3 second(s)

2018-12-20 12:57:38 - [MESSAGE][PASSED] - Delayed 3 second(s)

2018-12-20 12:57:38 - [TEST_STEP][PASSED] - click: Object: 'Object Repository/Final Object Repo/Creating Employer Account/Page_Users and Organizations - ASSIST/Search' is clicked on

2018-12-20 12:57:38 - [MESSAGE][PASSED] - Object: 'Object Repository/Final Object Repo/Creating Employer Account/Page_Users and Organizations - ASSIST/Search' is clicked on

2018-12-20 12:57:38 - [TEST_STEP][PASSED] - delay: Delayed 3 second(s)

2018-12-20 12:57:41 - [MESSAGE][PASSED] - Delayed 3 second(s)

2018-12-20 12:57:41 - [TEST_STEP][PASSED] - click: Object: 'Object Repository/Final Object Repo/Creating Employer Account/Page_Users and Organizations - ASSIST/Action' is clicked on

2018-12-20 12:57:41 - [MESSAGE][PASSED] - Object: 'Object Repository/Final Object Repo/Creating Employer Account/Page_Users and Organizations - ASSIST/Action' is clicked on

2018-12-20 12:57:41 - [TEST_STEP][PASSED] - delay: Delayed 3 second(s)

2018-12-20 12:57:44 - [MESSAGE][PASSED] - Delayed 3 second(s)

2018-12-20 12:57:44 - [TEST_STEP][PASSED] - click: Object: 'Object Repository/Final Object Repo/Creating Employer Account/Page_Users and Organizations - ASSIST/Edit' is clicked on

2018-12-20 12:57:46 - [MESSAGE][PASSED] - Object: 'Object Repository/Final Object Repo/Creating Employer Account/Page_Users and Organizations - ASSIST/Edit' is clicked on

2018-12-20 12:57:46 - [TEST_STEP][PASSED] - delay: Delayed 3 second(s)

2018-12-20 12:57:49 - [MESSAGE][PASSED] - Delayed 3 second(s)

2018-12-20 12:57:49 - [TEST_STEP][PASSED] - click: Object: 'Object Repository/Final Object Repo/Creating Employer Account/Page_PERKESO - Users and Organizati/a_Password (Modified)' is clicked on

2018-12-20 12:57:49 - [MESSAGE][PASSED] - Object: 'Object Repository/Final Object Repo/Creating Employer Account/Page_PERKESO - Users and Organizati/a_Password (Modified)' is clicked on

2018-12-20 12:57:49 - [TEST_STEP][PASSED] - delay: Delayed 3 second(s)

2018-12-20 12:57:52 - [MESSAGE][PASSED] - Delayed 3 second(s)

2018-12-20 12:57:52 - [TEST_STEP][PASSED] - setEncryptedText: Text ****** has been set on object 'Object Repository/Final Object Repo/Creating Employer Account/Page_PERKESO - Users and Organizati/input__125_password1'

2018-12-20 12:57:52 - [MESSAGE][PASSED] - Text ****** has been set on object 'Object Repository/Final Object Repo/Creating Employer Account/Page_PERKESO - Users and Organizati/input__125_password1'

2018-12-20 12:57:52 - [TEST_STEP][PASSED] - delay: Delayed 3 second(s)

2018-12-20 12:57:55 - [MESSAGE][PASSED] - Delayed 3 second(s)

2018-12-20 12:57:55 - [TEST_STEP][PASSED] - setEncryptedText: Text ****** has been set on object 'Object Repository/Final Object Repo/Creating Employer Account/Page_PERKESO - Users and Organizati/input__125_password2'

2018-12-20 12:57:55 - [MESSAGE][PASSED] - Text ****** has been set on object 'Object Repository/Final Object Repo/Creating Employer Account/Page_PERKESO - Users and Organizati/input__125_password2'

2018-12-20 12:57:55 - [TEST_STEP][PASSED] - delay: Delayed 3 second(s)

2018-12-20 12:57:58 - [MESSAGE][PASSED] - Delayed 3 second(s)

2018-12-20 12:57:58 - [TEST_STEP][PASSED] - click: Object: 'Object Repository/Final Object Repo/Creating Employer Account/Page_PERKESO - Users and Organizati/Save' is clicked on

2018-12-20 12:57:59 - [MESSAGE][PASSED] - Object: 'Object Repository/Final Object Repo/Creating Employer Account/Page_PERKESO - Users and Organizati/Save' is clicked on

2018-12-20 12:57:59 - [MESSAGE][PASSED] - Call Test Case 'Test Cases/Final Aug 2018 - PKS Automation/Create Employer Acc/Template/Change Password of Employer' successfully

2018-12-20 12:57:59 - [TEST_STEP][PASSED] - delay: Delayed 1 second(s)

2018-12-20 12:58:00 - [MESSAGE][PASSED] - Delayed 1 second(s)

2018-12-20 12:58:00 - [TEST_STEP][PASSED] - navigateToUrl: Navigate to 'https://assist2-uat.perkeso.gov.my/c/portal/logout' successfully

2018-12-20 12:58:01 - [MESSAGE][PASSED] - Navigate to 'https://assist2-uat.perkeso.gov.my/c/portal/logout' successfully

2018-12-20 12:58:01 - [TEST_STEP][PASSED] - delay: Delayed 1 second(s)

2018-12-20 12:58:02 - [MESSAGE][PASSED] - Delayed 1 second(s)

2018-12-20 12:58:02 - [TEST_STEP][PASSED] - callTestCase: Call Test Case 'Test Cases/Final Aug 2018 - PKS Automation/Create Employer Acc/Template/Login to Employer Account (First Time)' successfully

2018-12-20 12:58:02 - [TEST_CASE][PASSED] - Test Cases/Final Aug 2018 - PKS Automation/Create Employer Acc/Template/Login to Employer Account (First Time): Test Cases/Final Aug 2018 - PKS Automation/Create Employer Acc/Template/Login to Employer Account (First Time)

2018-12-20 12:58:02 - [TEST_STEP][PASSED] - openBrowser: Browser is opened with url: ''

2018-12-20 12:58:02 - [MESSAGE][WARNING] - A browser is already opened. Closing browser and opening a new one

2018-12-20 12:58:05 - [MESSAGE][PASSED] - Browser is opened with url: ''

2018-12-20 12:58:05 - [TEST_STEP][PASSED] - navigateToUrl: Navigate to 'https://assist2-uat.perkeso.gov.my/employer/login' successfully

2018-12-20 12:58:06 - [MESSAGE][PASSED] - Navigate to 'https://assist2-uat.perkeso.gov.my/employer/login' successfully

2018-12-20 12:58:06 - [TEST_STEP][PASSED] - delay: Delayed 3 second(s)

2018-12-20 12:58:09 - [MESSAGE][PASSED] - Delayed 3 second(s)

2018-12-20 12:58:09 - [TEST_STEP][PASSED] - callTestCase: Call Test Case 'Test Cases/Final Aug 2018 - PKS Automation/Create Employer Acc/Template/Employer Email Getter' successfully

2018-12-20 12:58:09 - [TEST_CASE][PASSED] - Test Cases/Final Aug 2018 - PKS Automation/Create Employer Acc/Template/Employer Email Getter: Test Cases/Final Aug 2018 - PKS Automation/Create Employer Acc/Template/Employer Email Getter

2018-12-20 12:58:10 - [TEST_STEP][PASSED] - Statement - Try: null

2018-12-20 12:58:10 - [TEST_STEP][PASSED] - Statement - EmpEmail = new java.io.File(C://Users//Admin//Desktop//PKS//Automation Reference Point//EmpEmail.txt): null

2018-12-20 12:58:10 - [TEST_STEP][PASSED] - Statement - bufferread = new java.io.BufferedReader(new java.io.FileReader(EmpEmail)): null

2018-12-20 12:58:10 - [TEST_STEP][PASSED] - Statement - readedVal = bufferread.readLine(): null

2018-12-20 12:58:10 - [TEST_STEP][PASSED] - Statement - out.println(readedVal): null

2018-12-20 12:58:10 - [TEST_STEP][PASSED] - Statement - Email = readedVal: null

2018-12-20 12:58:10 - [MESSAGE][PASSED] - Call Test Case 'Test Cases/Final Aug 2018 - PKS Automation/Create Employer Acc/Template/Employer Email Getter' successfully

2018-12-20 12:58:10 - [TEST_STEP][PASSED] - setText: Text 'perkeso110113901880@gmail.com' is set on object 'Object Repository/Final Object Repo/Login Page/External Login Page/Email'

2018-12-20 12:58:10 - [MESSAGE][PASSED] - Text 'perkeso110113901880@gmail.com' is set on object 'Object Repository/Final Object Repo/Login Page/External Login Page/Email'

2018-12-20 12:58:10 - [TEST_STEP][PASSED] - click: Object: 'Object Repository/Final Object Repo/Login Page/External Login Page/Next' is clicked on

2018-12-20 12:58:11 - [MESSAGE][PASSED] - Object: 'Object Repository/Final Object Repo/Login Page/External Login Page/Next' is clicked on

2018-12-20 12:58:11 - [TEST_STEP][PASSED] - delay: Delayed 3 second(s)

2018-12-20 12:58:14 - [MESSAGE][PASSED] - Delayed 3 second(s)

2018-12-20 12:58:14 - [TEST_STEP][PASSED] - setEncryptedText: Text ****** has been set on object 'Object Repository/Final Object Repo/Login Page/External Login Page/Password'

2018-12-20 12:58:14 - [MESSAGE][PASSED] - Text ****** has been set on object 'Object Repository/Final Object Repo/Login Page/External Login Page/Password'

2018-12-20 12:58:14 - [TEST_STEP][PASSED] - click: Object: 'Object Repository/Final Object Repo/Login Page/External Login Page/Login' is clicked on

2018-12-20 12:58:14 - [MESSAGE][PASSED] - Object: 'Object Repository/Final Object Repo/Login Page/External Login Page/Login' is clicked on

2018-12-20 12:58:14 - [TEST_STEP][PASSED] - delay: Delayed 3 second(s)

2018-12-20 12:58:17 - [MESSAGE][PASSED] - Delayed 3 second(s)

2018-12-20 12:58:17 - [TEST_STEP][PASSED] - click: Object: 'Object Repository/Final Object Repo/Creating Employer Account/Page_Terms of Use - ASSIST/button_I Agree' is clicked on

2018-12-20 12:58:18 - [MESSAGE][PASSED] - Object: 'Object Repository/Final Object Repo/Creating Employer Account/Page_Terms of Use - ASSIST/button_I Agree' is clicked on

2018-12-20 12:58:18 - [TEST_STEP][PASSED] - delay: Delayed 2 second(s)

2018-12-20 12:58:20 - [MESSAGE][PASSED] - Delayed 2 second(s)

2018-12-20 12:58:20 - [TEST_STEP][PASSED] - setEncryptedText: Text ****** has been set on object 'Object Repository/Final Object Repo/Creating Employer Account/Page_New Password - ASSIST/input_password1'

2018-12-20 12:58:20 - [MESSAGE][PASSED] - Text ****** has been set on object 'Object Repository/Final Object Repo/Creating Employer Account/Page_New Password - ASSIST/input_password1'

2018-12-20 12:58:20 - [TEST_STEP][PASSED] - setEncryptedText: Text ****** has been set on object 'Object Repository/Final Object Repo/Creating Employer Account/Page_New Password - ASSIST/input_password2'

2018-12-20 12:58:21 - [MESSAGE][PASSED] - Text ****** has been set on object 'Object Repository/Final Object Repo/Creating Employer Account/Page_New Password - ASSIST/input_password2'

2018-12-20 12:58:21 - [TEST_STEP][PASSED] - delay: Delayed 2 second(s)

2018-12-20 12:58:23 - [MESSAGE][PASSED] - Delayed 2 second(s)

2018-12-20 12:58:23 - [TEST_STEP][PASSED] - click: Object: 'Object Repository/Final Object Repo/Creating Employer Account/Page_New Password - ASSIST/Save' is clicked on

2018-12-20 12:58:24 - [MESSAGE][PASSED] - Object: 'Object Repository/Final Object Repo/Creating Employer Account/Page_New Password - ASSIST/Save' is clicked on

2018-12-20 12:58:24 - [TEST_STEP][PASSED] - delay: Delayed 2 second(s)

2018-12-20 12:58:26 - [MESSAGE][PASSED] - Delayed 2 second(s)

2018-12-20 12:58:26 - [TEST_STEP][PASSED] - setText: Text 'test' is set on object 'Object Repository/Final Object Repo/Creating Employer Account/Page_Password Reminder - ASSIST/Reminder Query Answer'

2018-12-20 12:58:26 - [MESSAGE][PASSED] - Text 'test' is set on object 'Object Repository/Final Object Repo/Creating Employer Account/Page_Password Reminder - ASSIST/Reminder Query Answer'

2018-12-20 12:58:26 - [TEST_STEP][PASSED] - delay: Delayed 2 second(s)

2018-12-20 12:58:28 - [MESSAGE][PASSED] - Delayed 2 second(s)

2018-12-20 12:58:28 - [TEST_STEP][PASSED] - doubleClick: Object: 'Object Repository/Final Object Repo/Creating Employer Account/Page_Password Reminder - ASSIST/Save' is double clicked on

2018-12-20 12:58:28 - [MESSAGE][PASSED] - Object: 'Object Repository/Final Object Repo/Creating Employer Account/Page_Password Reminder - ASSIST/Save' is double clicked on

2018-12-20 12:58:28 - [MESSAGE][PASSED] - Call Test Case 'Test Cases/Final Aug 2018 - PKS Automation/Create Employer Acc/Template/Login to Employer Account (First Time)' successfully

2018-12-20 12:58:28 - [MESSAGE][PASSED] - Call Test Case 'Test Cases/Final Aug 2018 - PKS Automation/Create Employer Acc/Create Employer Account' successfully

2018-12-20 12:58:28 - [TEST_STEP][PASSED] - callTestCase: Call Test Case 'Test Cases/Final Aug 2018 - PKS Automation/Registration Module/Log Out/log out avoiding katalon tagging' successfully

2018-12-20 12:58:28 - [TEST_CASE][PASSED] - Test Cases/Final Aug 2018 - PKS Automation/Registration Module/Log Out/log out avoiding katalon tagging: Test Cases/Final Aug 2018 - PKS Automation/Registration Module/Log Out/log out avoiding katalon tagging

2018-12-20 12:58:29 - [TEST_STEP][PASSED] - navigateToUrl: Navigate to 'https://assist2-uat.perkeso.gov.my/c/portal/logout' successfully

2018-12-20 12:58:31 - [MESSAGE][PASSED] - Navigate to 'https://assist2-uat.perkeso.gov.my/c/portal/logout' successfully

2018-12-20 12:58:31 - [MESSAGE][PASSED] - Call Test Case 'Test Cases/Final Aug 2018 - PKS Automation/Registration Module/Log Out/log out avoiding katalon tagging' successfully

2018-12-20 12:58:31 - [TEST_STEP][PASSED] - callTestCase: Call Test Case 'Test Cases/Final Aug 2018 - PKS Automation/Create Employer Acc/Login to Employer Account (Second time)' successfully

2018-12-20 12:58:31 - [TEST_CASE][PASSED] - Test Cases/Final Aug 2018 - PKS Automation/Create Employer Acc/Login to Employer Account (Second time): Test Cases/Final Aug 2018 - PKS Automation/Create Employer Acc/Login to Employer Account (Second time)

2018-12-20 12:58:32 - [TEST_STEP][PASSED] - openBrowser: Browser is opened with url: ''

2018-12-20 12:58:32 - [MESSAGE][WARNING] - A browser is already opened. Closing browser and opening a new one

2018-12-20 12:58:34 - [MESSAGE][PASSED] - Browser is opened with url: ''

2018-12-20 12:58:34 - [TEST_STEP][PASSED] - navigateToUrl: Navigate to 'https://assist2-uat.perkeso.gov.my/employer/login' successfully

2018-12-20 12:58:35 - [MESSAGE][PASSED] - Navigate to 'https://assist2-uat.perkeso.gov.my/employer/login' successfully

2018-12-20 12:58:35 - [TEST_STEP][PASSED] - delay: Delayed 3 second(s)

2018-12-20 12:58:38 - [MESSAGE][PASSED] - Delayed 3 second(s)

2018-12-20 12:58:38 - [TEST_STEP][PASSED] - callTestCase: Call Test Case 'Test Cases/Final Aug 2018 - PKS Automation/Create Employer Acc/Template/Employer Email Getter' successfully

2018-12-20 12:58:39 - [TEST_CASE][PASSED] - Test Cases/Final Aug 2018 - PKS Automation/Create Employer Acc/Template/Employer Email Getter: Test Cases/Final Aug 2018 - PKS Automation/Create Employer Acc/Template/Employer Email Getter

2018-12-20 12:58:39 - [TEST_STEP][PASSED] - Statement - Try: null

2018-12-20 12:58:39 - [TEST_STEP][PASSED] - Statement - EmpEmail = new java.io.File(C://Users//Admin//Desktop//PKS//Automation Reference Point//EmpEmail.txt): null

2018-12-20 12:58:39 - [TEST_STEP][PASSED] - Statement - bufferread = new java.io.BufferedReader(new java.io.FileReader(EmpEmail)): null

2018-12-20 12:58:39 - [TEST_STEP][PASSED] - Statement - readedVal = bufferread.readLine(): null

2018-12-20 12:58:39 - [TEST_STEP][PASSED] - Statement - out.println(readedVal): null

2018-12-20 12:58:39 - [TEST_STEP][PASSED] - Statement - Email = readedVal: null

2018-12-20 12:58:39 - [MESSAGE][PASSED] - Call Test Case 'Test Cases/Final Aug 2018 - PKS Automation/Create Employer Acc/Template/Employer Email Getter' successfully

2018-12-20 12:58:39 - [TEST_STEP][PASSED] - setText: Text 'perkeso110113901880@gmail.com' is set on object 'Object Repository/Final Object Repo/Login Page/External Login Page/Email'

2018-12-20 12:58:39 - [MESSAGE][PASSED] - Text 'perkeso110113901880@gmail.com' is set on object 'Object Repository/Final Object Repo/Login Page/External Login Page/Email'

2018-12-20 12:58:39 - [TEST_STEP][PASSED] - click: Object: 'Object Repository/Final Object Repo/Login Page/External Login Page/Next' is clicked on

2018-12-20 12:58:39 - [MESSAGE][PASSED] - Object: 'Object Repository/Final Object Repo/Login Page/External Login Page/Next' is clicked on

2018-12-20 12:58:39 - [TEST_STEP][PASSED] - delay: Delayed 3 second(s)

2018-12-20 12:58:42 - [MESSAGE][PASSED] - Delayed 3 second(s)

2018-12-20 12:58:42 - [TEST_STEP][PASSED] - setEncryptedText: Text ****** has been set on object 'Object Repository/Final Object Repo/Login Page/External Login Page/Password'

2018-12-20 12:58:43 - [MESSAGE][PASSED] - Text ****** has been set on object 'Object Repository/Final Object Repo/Login Page/External Login Page/Password'

2018-12-20 12:58:43 - [TEST_STEP][PASSED] - click: Object: 'Object Repository/Final Object Repo/Login Page/External Login Page/Login' is clicked on

2018-12-20 12:58:43 - [MESSAGE][PASSED] - Object: 'Object Repository/Final Object Repo/Login Page/External Login Page/Login' is clicked on

2018-12-20 12:58:43 - [TEST_STEP][PASSED] - delay: Delayed 5 second(s)

2018-12-20 12:58:48 - [MESSAGE][PASSED] - Delayed 5 second(s)

2018-12-20 12:58:48 - [MESSAGE][PASSED] - Call Test Case 'Test Cases/Final Aug 2018 - PKS Automation/Create Employer Acc/Login to Employer Account (Second time)' successfully

2018-12-20 12:58:48 - [TEST_STEP][PASSED] - delay: Delayed 4 second(s)

2018-12-20 12:58:52 - [MESSAGE][PASSED] - Delayed 4 second(s)

2018-12-20 12:58:52 - [TEST_STEP][PASSED] - Statement - Try: Delayed 2 second(s)

2018-12-20 12:58:52 - [TEST_STEP][PASSED] - Statement - Checker = false: null

2018-12-20 12:58:52 - [TEST_STEP][PASSED] - Statement - Checker = com.kms.katalon.core.webui.keyword.WebUiBuiltInKeywords.verifyElementHasAttribute(com.kms.katalon.core.testobject.ObjectRepository.findTestObject(Final Object Repo/Landing Page/BM Detecting), "href", 20, OPTIONAL): Object 'Object Repository/Final Object Repo/Landing Page/BM Detecting' has attribute 'href'

2018-12-20 12:58:52 - [MESSAGE][PASSED] - Object 'Object Repository/Final Object Repo/Landing Page/BM Detecting' has attribute 'href'

2018-12-20 12:58:52 - [TEST_STEP][PASSED] - Statement - out.println(Checker): null

2018-12-20 12:58:52 - [TEST_STEP][PASSED] - Statement - If (Checker == false): null

2018-12-20 12:58:52 - [TEST_STEP][PASSED] - Statement - Else: null

2018-12-20 12:58:52 - [TEST_STEP][PASSED] - delay: Delayed 2 second(s)

2018-12-20 12:58:54 - [MESSAGE][PASSED] - Delayed 2 second(s)

2018-12-20 12:58:54 - [TEST_STEP][PASSED] - delay: Delayed 4 second(s)

2018-12-20 12:58:58 - [MESSAGE][PASSED] - Delayed 4 second(s)

2018-12-20 12:58:58 - [TEST_STEP][PASSED] - click: Object: 'Object Repository/Final Object Repo/Landing Page/My Sites Drop Down' is clicked on

2018-12-20 12:58:58 - [MESSAGE][PASSED] - Object: 'Object Repository/Final Object Repo/Landing Page/My Sites Drop Down' is clicked on

2018-12-20 12:58:58 - [TEST_STEP][PASSED] - click: Object: 'Object Repository/Final Object Repo/Landing Page/Select to Registration Module' is clicked on

2018-12-20 12:59:00 - [MESSAGE][PASSED] - Object: 'Object Repository/Final Object Repo/Landing Page/Select to Registration Module' is clicked on

2018-12-20 12:59:00 - [TEST_STEP][PASSED] - click: Object: 'Object Repository/Final Object Repo/Landing Page/Registration Button' is clicked on

2018-12-20 12:59:02 - [MESSAGE][PASSED] - Object: 'Object Repository/Final Object Repo/Landing Page/Registration Button' is clicked on

2018-12-20 12:59:02 - [TEST_STEP][PASSED] - delay: Delayed 2 second(s)

2018-12-20 12:59:04 - [MESSAGE][PASSED] - Delayed 2 second(s)

2018-12-20 12:59:04 - [TEST_STEP][PASSED] - click: Object: 'Object Repository/Final Object Repo/New Registration - Registration Module Pages/New Reg - OTC to RO/Special Case - OTC - Form 1/AEC NO' is clicked on

2018-12-20 12:59:04 - [MESSAGE][PASSED] - Object: 'Object Repository/Final Object Repo/New Registration - Registration Module Pages/New Reg - OTC to RO/Special Case - OTC - Form 1/AEC NO' is clicked on

2018-12-20 12:59:04 - [TEST_STEP][PASSED] - click: Object: 'Object Repository/Final Object Repo/New Registration - Registration Module Pages/New Reg - OTC to RO/Special Case - OTC - Form 1/Business Entity - Please Select' is clicked on

2018-12-20 12:59:04 - [MESSAGE][PASSED] - Object: 'Object Repository/Final Object Repo/New Registration - Registration Module Pages/New Reg - OTC to RO/Special Case - OTC - Form 1/Business Entity - Please Select' is clicked on

2018-12-20 12:59:04 - [TEST_STEP][PASSED] - click: Object: 'Object Repository/Final Object Repo/New Registration - Registration Module Pages/New Reg - OTC to RO/Special Case - OTC - Form 1/Selected - Corporation' is clicked on

2018-12-20 12:59:05 - [MESSAGE][PASSED] - Object: 'Object Repository/Final Object Repo/New Registration - Registration Module Pages/New Reg - OTC to RO/Special Case - OTC - Form 1/Selected - Corporation' is clicked on

2018-12-20 12:59:05 - [TEST_STEP][PASSED] - delay: Delayed 2 second(s)

2018-12-20 12:59:07 - [MESSAGE][PASSED] - Delayed 2 second(s)

2018-12-20 12:59:07 - [TEST_STEP][PASSED] - click: Object: 'Object Repository/Final Object Repo/New Registration - Registration Module Pages/New Reg - OTC to RO/Special Case - OTC - Form 1/Sub Business Entity - Please Select' is clicked on

2018-12-20 12:59:07 - [MESSAGE][PASSED] - Object: 'Object Repository/Final Object Repo/New Registration - Registration Module Pages/New Reg - OTC to RO/Special Case - OTC - Form 1/Sub Business Entity - Please Select' is clicked on

2018-12-20 12:59:07 - [TEST_STEP][PASSED] - delay: Delayed 2 second(s)

2018-12-20 12:59:09 - [MESSAGE][PASSED] - Delayed 2 second(s)

2018-12-20 12:59:09 - [TEST_STEP][PASSED] - click: Object: 'Object Repository/Final Object Repo/New Registration - Registration Module Pages/New Reg - OTC to RO/Special Case - OTC - Form 1/Selected - Sendirian Berhad' is clicked on

2018-12-20 12:59:09 - [MESSAGE][PASSED] - Object: 'Object Repository/Final Object Repo/New Registration - Registration Module Pages/New Reg - OTC to RO/Special Case - OTC - Form 1/Selected - Sendirian Berhad' is clicked on

2018-12-20 12:59:09 - [TEST_STEP][PASSED] - setText: Text 'AUTOMATE001' is set on object 'Object Repository/Final Object Repo/New Registration - Registration Module Pages/New Reg - OTC to RO/Special Case - OTC - Form 1/Input BRN Number'

2018-12-20 12:59:09 - [MESSAGE][PASSED] - Text 'AUTOMATE001' is set on object 'Object Repository/Final Object Repo/New Registration - Registration Module Pages/New Reg - OTC to RO/Special Case - OTC - Form 1/Input BRN Number'

2018-12-20 12:59:09 - [TEST_STEP][PASSED] - delay: Delayed 2 second(s)

2018-12-20 12:59:11 - [MESSAGE][PASSED] - Delayed 2 second(s)

2018-12-20 12:59:11 - [TEST_STEP][PASSED] - click: Object: 'Object Repository/Final Object Repo/New Registration - Registration Module Pages/New Reg - OTC to RO/Special Case - OTC - Form 1/BRN Search' is clicked on

2018-12-20 12:59:12 - [MESSAGE][PASSED] - Object: 'Object Repository/Final Object Repo/New Registration - Registration Module Pages/New Reg - OTC to RO/Special Case - OTC - Form 1/BRN Search' is clicked on

2018-12-20 12:59:12 - [TEST_STEP][PASSED] - delay: Delayed 4 second(s)

2018-12-20 12:59:16 - [MESSAGE][PASSED] - Delayed 4 second(s)

2018-12-20 12:59:16 - [TEST_STEP][PASSED] - click: Object: 'Object Repository/Final Object Repo/New Registration - Registration Module Pages/New Reg - OTC to RO/Special Case - OTC - Form 1/Registered with SSM - After Feb 2017' is clicked on

2018-12-20 12:59:16 - [MESSAGE][PASSED] - Object: 'Object Repository/Final Object Repo/New Registration - Registration Module Pages/New Reg - OTC to RO/Special Case - OTC - Form 1/Registered with SSM - After Feb 2017' is clicked on

2018-12-20 12:59:16 - [TEST_STEP][PASSED] - delay: Delayed 2 second(s)

2018-12-20 12:59:18 - [MESSAGE][PASSED] - Delayed 2 second(s)

2018-12-20 12:59:18 - [TEST_STEP][PASSED] - click: Object: 'Object Repository/Final Object Repo/New Registration - Registration Module Pages/Form 1/Registered As a Branch - Yes' is clicked on

2018-12-20 12:59:18 - [MESSAGE][PASSED] - Object: 'Object Repository/Final Object Repo/New Registration - Registration Module Pages/Form 1/Registered As a Branch - Yes' is clicked on

2018-12-20 12:59:18 - [TEST_STEP][PASSED] - click: Object: 'Object Repository/Final Object Repo/New Registration - Registration Module Pages/New Reg - OTC to RO/Special Case - OTC - Form 1/Acknowledgement Ticked' is clicked on

2018-12-20 12:59:18 - [MESSAGE][PASSED] - Object: 'Object Repository/Final Object Repo/New Registration - Registration Module Pages/New Reg - OTC to RO/Special Case - OTC - Form 1/Acknowledgement Ticked' is clicked on

2018-12-20 12:59:18 - [TEST_STEP][PASSED] - setText: Text 'perkeso110113901880@gmail.com' is set on object 'Object Repository/Final Object Repo/New Registration - Registration Module Pages/Form 1/Email'

2018-12-20 12:59:19 - [MESSAGE][PASSED] - Text 'perkeso110113901880@gmail.com' is set on object 'Object Repository/Final Object Repo/New Registration - Registration Module Pages/Form 1/Email'

2018-12-20 12:59:19 - [TEST_STEP][PASSED] - click: Object: 'Object Repository/Final Object Repo/New Registration - Registration Module Pages/New Reg - OTC to RO/Special Case - OTC - Form 1/Submit Button' is clicked on

2018-12-20 12:59:19 - [MESSAGE][PASSED] - Object: 'Object Repository/Final Object Repo/New Registration - Registration Module Pages/New Reg - OTC to RO/Special Case - OTC - Form 1/Submit Button' is clicked on

2018-12-20 12:59:19 - [TEST_STEP][PASSED] - callTestCase: Call Test Case 'Test Cases/Final Aug 2018 - PKS Automation/Registration Module/New Registration/Form 2/Add 1 Eligible - Employer Account Use' successfully

2018-12-20 12:59:19 - [TEST_CASE][PASSED] - Test Cases/Final Aug 2018 - PKS Automation/Registration Module/New Registration/Form 2/Add 1 Eligible - Employer Account Use: Test Cases/Final Aug 2018 - PKS Automation/Registration Module/New Registration/Form 2/Add 1 Eligible - Employer Account Use

2018-12-20 12:59:20 - [TEST_STEP][PASSED] - delay: Delayed 2 second(s)

2018-12-20 12:59:22 - [MESSAGE][PASSED] - Delayed 2 second(s)

2018-12-20 12:59:22 - [TEST_STEP][PASSED] - callTestCase: Call Test Case 'Test Cases/Final Aug 2018 - PKS Automation/Registration Module/New Registration/Form 2/Date Updater' successfully

2018-12-20 12:59:22 - [TEST_CASE][PASSED] - Test Cases/Final Aug 2018 - PKS Automation/Registration Module/New Registration/Form 2/Date Updater: Test Cases/Final Aug 2018 - PKS Automation/Registration Module/New Registration/Form 2/Date Updater

2018-12-20 12:59:22 - [TEST_STEP][PASSED] - Statement - TodayDate = new java.util.Date(): null

2018-12-20 12:59:22 - [TEST_STEP][PASSED] - Statement - CurrentDateNoFilter = new java.text.SimpleDateFormat(): null

2018-12-20 12:59:22 - [TEST_STEP][PASSED] - Statement - CurrentDateNoFilter.applyPattern("MM"): null

2018-12-20 12:59:22 - [TEST_STEP][PASSED] - Statement - monthContainerMatcher = java.lang.Integer.parseInt(CurrentDateNoFilter.format(TodayDate)): null

2018-12-20 12:59:22 - [TEST_STEP][PASSED] - Statement - monthContainerMatcher = monthContainerMatcher - 1: null

2018-12-20 12:59:22 - [TEST_STEP][PASSED] - Statement - CurrentMonth = monthContainerMatcher.toString(): null

2018-12-20 12:59:22 - [TEST_STEP][PASSED] - Statement - CurrentMonth = CurrentMonth: null

2018-12-20 12:59:22 - [TEST_STEP][PASSED] - Statement - CurrentDateNoFilter.applyPattern("yyyy"): null

2018-12-20 12:59:22 - [TEST_STEP][PASSED] - Statement - CurrentYear = CurrentDateNoFilter.format(TodayDate): null

2018-12-20 12:59:22 - [TEST_STEP][PASSED] - Statement - CurrentYear = CurrentYear: null

2018-12-20 12:59:22 - [TEST_STEP][PASSED] - Statement - intCurrentYear = java.lang.Integer.parseInt(CurrentDateNoFilter.format(TodayDate)): null

2018-12-20 12:59:22 - [TEST_STEP][PASSED] - Statement - eighteenYrsAgo = intCurrentYear - 18: null

2018-12-20 12:59:22 - [TEST_STEP][PASSED] - Statement - eighteenYrsBeforeThisYr = eighteenYrsAgo.toString(): null

2018-12-20 12:59:22 - [TEST_STEP][PASSED] - Statement - EighteenYrsBefore = eighteenYrsBeforeThisYr: null

2018-12-20 12:59:22 - [TEST_STEP][PASSED] - Statement - fiftysevenYrsAgo = intCurrentYear - 57: null

2018-12-20 12:59:22 - [TEST_STEP][PASSED] - Statement - fiftysevenYrsBeforeThisYr = fiftysevenYrsAgo.toString(): null

2018-12-20 12:59:22 - [TEST_STEP][PASSED] - Statement - FiftysevenYrsBefore = fiftysevenYrsBeforeThisYr: null

2018-12-20 12:59:22 - [TEST_STEP][PASSED] - Statement - leapYear = false: null

2018-12-20 12:59:22 - [TEST_STEP][PASSED] - Statement - leapYear = intCurrentYear % 4 == 0: null

2018-12-20 12:59:22 - [TEST_STEP][PASSED] - Statement - CurrentDateNoFilter.applyPattern("dd"): null

2018-12-20 12:59:22 - [TEST_STEP][PASSED] - Statement - CurrentDate = CurrentDateNoFilter.format(TodayDate): null

2018-12-20 12:59:22 - [TEST_STEP][PASSED] - Statement - CurrentDate = java.lang.Integer.parseInt(CurrentDate): null

2018-12-20 12:59:22 - [TEST_STEP][PASSED] - Statement - CurrentDate = CurrentDate: null

2018-12-20 12:59:22 - [TEST_STEP][PASSED] - Statement - CurrentDay = java.lang.Integer.parseInt(CurrentDate): null

2018-12-20 12:59:22 - [TEST_STEP][PASSED] - Statement - ConfAdder = <not implemented yet for class: org.codehaus.groovy.ast.expr.EmptyExpression>: null

2018-12-20 12:59:22 - [TEST_STEP][PASSED] - Statement - out.println(CurrentMonth): null

2018-12-20 12:59:22 - [TEST_STEP][PASSED] - Statement - out.println(CurrentDate): null

2018-12-20 12:59:22 - [TEST_STEP][PASSED] - Statement - switch (CurrentDate): null

2018-12-20 12:59:22 - [TEST_STEP][PASSED] - Statement - Default: null

2018-12-20 12:59:22 - [TEST_STEP][PASSED] - Statement - ConfAdder = true: null

2018-12-20 12:59:22 - [TEST_STEP][PASSED] - Statement - Break: null

2018-12-20 12:59:22 - [TEST_STEP][PASSED] - Statement - aDayBefore = <not implemented yet for class: org.codehaus.groovy.ast.expr.EmptyExpression>: null

2018-12-20 12:59:22 - [TEST_STEP][PASSED] - Statement - out.println(ConfAdder): null

2018-12-20 12:59:22 - [TEST_STEP][PASSED] - Statement - If (ConfAdder == true): null

2018-12-20 12:59:22 - [TEST_STEP][PASSED] - Statement - aDayBefore = CurrentDay + 1: null

2018-12-20 12:59:22 - [TEST_STEP][PASSED] - Statement - out.println(aDayBefore): null

2018-12-20 12:59:22 - [TEST_STEP][PASSED] - Statement - If (aDayBefore == 1 && CurrentMonth == 11): null

2018-12-20 12:59:22 - [TEST_STEP][PASSED] - Statement - DayBefore = aDayBefore.toString(): null

2018-12-20 12:59:22 - [TEST_STEP][PASSED] - Statement - OneDayBefore = DayBefore: null

2018-12-20 12:59:22 - [MESSAGE][PASSED] - Call Test Case 'Test Cases/Final Aug 2018 - PKS Automation/Registration Module/New Registration/Form 2/Date Updater' successfully

2018-12-20 12:59:22 - [TEST_STEP][PASSED] - delay: Delayed 1 second(s)

2018-12-20 12:59:23 - [MESSAGE][PASSED] - Delayed 1 second(s)

2018-12-20 12:59:23 - [TEST_STEP][PASSED] - Statement - CaseReferenceNo = com.kms.katalon.core.webui.keyword.WebUiBuiltInKeywords.getText(com.kms.katalon.core.testobject.ObjectRepository.findTestObject(Final Object Repo/New Registration - Registration Module Pages/Form 2/RefNo Acquiring)): Text of object 'Object Repository/Final Object Repo/New Registration - Registration Module Pages/Form 2/RefNo Acquiring' is: 'CRN12201800123400'

2018-12-20 12:59:23 - [MESSAGE][PASSED] - Text of object 'Object Repository/Final Object Repo/New Registration - Registration Module Pages/Form 2/RefNo Acquiring' is: 'CRN12201800123400'

2018-12-20 12:59:23 - [TEST_STEP][PASSED] - delay: Delayed 1 second(s)

2018-12-20 12:59:24 - [MESSAGE][PASSED] - Delayed 1 second(s)

2018-12-20 12:59:24 - [TEST_STEP][PASSED] - click: Object: 'Object Repository/Final Object Repo/New Registration - Registration Module Pages/Form 2/Add Employee Button' is clicked on

2018-12-20 12:59:25 - [MESSAGE][PASSED] - Object: 'Object Repository/Final Object Repo/New Registration - Registration Module Pages/Form 2/Add Employee Button' is clicked on

2018-12-20 12:59:25 - [TEST_STEP][PASSED] - delay: Delayed 1 second(s)

2018-12-20 12:59:26 - [MESSAGE][PASSED] - Delayed 1 second(s)

2018-12-20 12:59:26 - [TEST_STEP][PASSED] - setText: Text '010903091948' is set on object 'Object Repository/Final Object Repo/New Registration - Registration Module Pages/Form 2/NRIC Input'

2018-12-20 12:59:26 - [MESSAGE][PASSED] - Text '010903091948' is set on object 'Object Repository/Final Object Repo/New Registration - Registration Module Pages/Form 2/NRIC Input'

2018-12-20 12:59:26 - [TEST_STEP][PASSED] - delay: Delayed 2 second(s)

2018-12-20 12:59:28 - [MESSAGE][PASSED] - Delayed 2 second(s)

2018-12-20 12:59:28 - [TEST_STEP][PASSED] - setText: Text 'Automate001 eligible 1' is set on object 'Object Repository/Final Object Repo/New Registration - Registration Module Pages/Form 2/Employee Name Input'

2018-12-20 12:59:29 - [MESSAGE][PASSED] - Text 'Automate001 eligible 1' is set on object 'Object Repository/Final Object Repo/New Registration - Registration Module Pages/Form 2/Employee Name Input'

2018-12-20 12:59:29 - [TEST_STEP][PASSED] - delay: Delayed 2 second(s)

2018-12-20 12:59:31 - [MESSAGE][PASSED] - Delayed 2 second(s)

2018-12-20 12:59:31 - [TEST_STEP][PASSED] - click: Object: 'Object Repository/Final Object Repo/New Registration - Registration Module Pages/Form 2/DatePicker Pop Up' is clicked on

2018-12-20 12:59:31 - [MESSAGE][PASSED] - Object: 'Object Repository/Final Object Repo/New Registration - Registration Module Pages/Form 2/DatePicker Pop Up' is clicked on

2018-12-20 12:59:31 - [TEST_STEP][PASSED] - click: Object: 'Object Repository/Final Object Repo/New Registration - Registration Module Pages/Form 2/DOB Month' is clicked on

2018-12-20 12:59:31 - [MESSAGE][PASSED] - Object: 'Object Repository/Final Object Repo/New Registration - Registration Module Pages/Form 2/DOB Month' is clicked on

2018-12-20 12:59:31 - [TEST_STEP][PASSED] - Statement - CurrentMonth = CurrentMonth: null

2018-12-20 12:59:31 - [TEST_STEP][PASSED] - Statement - selectMonth = new com.kms.katalon.core.testobject.TestObject(): null

2018-12-20 12:59:31 - [TEST_STEP][PASSED] - Statement - selectMonth.addProperty("xpath", EQUALS, "//body/div/div/div/select/option[@value='" + CurrentMonth + "']", true): null

2018-12-20 12:59:31 - [TEST_STEP][PASSED] - click: Object: '' is clicked on

2018-12-20 12:59:31 - [MESSAGE][PASSED] - Object: '' is clicked on

2018-12-20 12:59:31 - [TEST_STEP][PASSED] - click: Object: 'Object Repository/Final Object Repo/New Registration - Registration Module Pages/Form 2/DOB Year' is clicked on

2018-12-20 12:59:31 - [MESSAGE][PASSED] - Object: 'Object Repository/Final Object Repo/New Registration - Registration Module Pages/Form 2/DOB Year' is clicked on

2018-12-20 12:59:31 - [TEST_STEP][PASSED] - Statement - Eyearsbf = EighteenYrsBefore: null

2018-12-20 12:59:31 - [TEST_STEP][PASSED] - Statement - selectYear = new com.kms.katalon.core.testobject.TestObject(): null

2018-12-20 12:59:31 - [TEST_STEP][PASSED] - Statement - selectYear.addProperty("xpath", EQUALS, "//div/div/div/select/option[@value='" + Eyearsbf + "']", true): null

2018-12-20 12:59:31 - [TEST_STEP][PASSED] - click: Object: '' is clicked on

2018-12-20 12:59:32 - [MESSAGE][PASSED] - Object: '' is clicked on

2018-12-20 12:59:32 - [TEST_STEP][PASSED] - Statement - UpdatedSelectDate = com.kms.katalon.core.webui.keyword.WebUiBuiltInKeywords.modifyObjectProperty(com.kms.katalon.core.testobject.ObjectRepository.findTestObject(Final Object Repo/New Registration - Registration Module Pages/Form 2/DOB Date), "xpath", "equals", "//body/div/table/tbody/tr/td/a[text()="" + CurrentDate + ""]", true): Modify property of object successfully

2018-12-20 12:59:32 - [MESSAGE][PASSED] - Modify property of object successfully

2018-12-20 12:59:32 - [TEST_STEP][PASSED] - delay: Delayed 3 second(s)

2018-12-20 12:59:35 - [MESSAGE][PASSED] - Delayed 3 second(s)

2018-12-20 12:59:35 - [TEST_STEP][PASSED] - click: Object: 'Object Repository/Final Object Repo/New Registration - Registration Module Pages/Form 2/DOB Date' is clicked on

2018-12-20 12:59:35 - [MESSAGE][PASSED] - Object: 'Object Repository/Final Object Repo/New Registration - Registration Module Pages/Form 2/DOB Date' is clicked on

2018-12-20 12:59:35 - [TEST_STEP][PASSED] - delay: Delayed 2 second(s)

2018-12-20 12:59:37 - [MESSAGE][PASSED] - Delayed 2 second(s)

2018-12-20 12:59:37 - [TEST_STEP][PASSED] - click: Object: 'Object Repository/Final Object Repo/New Registration - Registration Module Pages/Form 2/EmploymentStartDate Pop Up' is clicked on

2018-12-20 12:59:37 - [MESSAGE][PASSED] - Object: 'Object Repository/Final Object Repo/New Registration - Registration Module Pages/Form 2/EmploymentStartDate Pop Up' is clicked on

2018-12-20 12:59:37 - [TEST_STEP][PASSED] - delay: Delayed 2 second(s)

2018-12-20 12:59:39 - [MESSAGE][PASSED] - Delayed 2 second(s)

2018-12-20 12:59:39 - [TEST_STEP][PASSED] - click: Object: 'Object Repository/Final Object Repo/New Registration - Registration Module Pages/Form 2/Socso Employment StartDate Month' is clicked on

2018-12-20 12:59:39 - [MESSAGE][PASSED] - Object: 'Object Repository/Final Object Repo/New Registration - Registration Module Pages/Form 2/Socso Employment StartDate Month' is clicked on

2018-12-20 12:59:39 - [TEST_STEP][PASSED] - delay: Delayed 1 second(s)

2018-12-20 12:59:40 - [MESSAGE][PASSED] - Delayed 1 second(s)

2018-12-20 12:59:40 - [TEST_STEP][PASSED] - click: Object: 'Object Repository/Final Object Repo/New Registration - Registration Module Pages/Form 2/Select Socso Employement Startdate Month' is clicked on

2018-12-20 12:59:40 - [MESSAGE][PASSED] - Object: 'Object Repository/Final Object Repo/New Registration - Registration Module Pages/Form 2/Select Socso Employement Startdate Month' is clicked on

2018-12-20 12:59:40 - [TEST_STEP][PASSED] - delay: Delayed 2 second(s)

2018-12-20 12:59:42 - [MESSAGE][PASSED] - Delayed 2 second(s)

2018-12-20 12:59:42 - [TEST_STEP][PASSED] - click: Object: 'Object Repository/Final Object Repo/New Registration - Registration Module Pages/Form 2/Socso Employment StartDate Year' is clicked on

2018-12-20 12:59:43 - [MESSAGE][PASSED] - Object: 'Object Repository/Final Object Repo/New Registration - Registration Module Pages/Form 2/Socso Employment StartDate Year' is clicked on

2018-12-20 12:59:43 - [TEST_STEP][PASSED] - delay: Delayed 1 second(s)

2018-12-20 12:59:44 - [MESSAGE][PASSED] - Delayed 1 second(s)

2018-12-20 12:59:44 - [TEST_STEP][PASSED] - click: Object: 'Object Repository/Final Object Repo/New Registration - Registration Module Pages/Form 2/Select Socso Employment Startdate Year' is clicked on

2018-12-20 12:59:44 - [MESSAGE][PASSED] - Object: 'Object Repository/Final Object Repo/New Registration - Registration Module Pages/Form 2/Select Socso Employment Startdate Year' is clicked on

2018-12-20 12:59:44 - [TEST_STEP][PASSED] - delay: Delayed 2 second(s)

2018-12-20 12:59:46 - [MESSAGE][PASSED] - Delayed 2 second(s)

2018-12-20 12:59:46 - [TEST_STEP][PASSED] - click: Object: 'Object Repository/Final Object Repo/New Registration - Registration Module Pages/Form 2/Socso Employment Start Date Day' is clicked on

2018-12-20 12:59:46 - [MESSAGE][PASSED] - Object: 'Object Repository/Final Object Repo/New Registration - Registration Module Pages/Form 2/Socso Employment Start Date Day' is clicked on

2018-12-20 12:59:46 - [TEST_STEP][PASSED] - delay: Delayed 2 second(s)

2018-12-20 12:59:48 - [MESSAGE][PASSED] - Delayed 2 second(s)

2018-12-20 12:59:48 - [TEST_STEP][PASSED] - click: Object: 'Object Repository/Final Object Repo/New Registration - Registration Module Pages/Form 2/Save Button for Add Employee' is clicked on

2018-12-20 12:59:48 - [MESSAGE][PASSED] - Object: 'Object Repository/Final Object Repo/New Registration - Registration Module Pages/Form 2/Save Button for Add Employee' is clicked on

2018-12-20 12:59:48 - [TEST_STEP][PASSED] - delay: Delayed 6 second(s)

2018-12-20 12:59:54 - [MESSAGE][PASSED] - Delayed 6 second(s)

2018-12-20 12:59:54 - [TEST_STEP][PASSED] - click: Object: 'Object Repository/Final Object Repo/New Registration - Registration Module Pages/Form 2/Save and Continue Form 2' is clicked on

2018-12-20 12:59:54 - [MESSAGE][PASSED] - Object: 'Object Repository/Final Object Repo/New Registration - Registration Module Pages/Form 2/Save and Continue Form 2' is clicked on

2018-12-20 12:59:54 - [MESSAGE][PASSED] - Call Test Case 'Test Cases/Final Aug 2018 - PKS Automation/Registration Module/New Registration/Form 2/Add 1 Eligible - Employer Account Use' successfully

2018-12-20 12:59:54 - [TEST_STEP][PASSED] - callTestCase: Call Test Case 'Test Cases/Final Aug 2018 - PKS Automation/Registration Module/New Registration/Flow of New Registration/Third Screen - Upload Supporting Doc - Preview' successfully

2018-12-20 12:59:54 - [TEST_CASE][PASSED] - Test Cases/Final Aug 2018 - PKS Automation/Registration Module/New Registration/Flow of New Registration/Third Screen - Upload Supporting Doc - Preview: Test Cases/Final Aug 2018 - PKS Automation/Registration Module/New Registration/Flow of New Registration/Third Screen - Upload Supporting Doc - Preview

2018-12-20 12:59:55 - [TEST_STEP][PASSED] - waitForPageLoad: Wait for page load successfully

2018-12-20 12:59:56 - [MESSAGE][PASSED] - Wait for page load successfully

2018-12-20 12:59:56 - [TEST_STEP][PASSED] - Statement - CaseReferenceNo = com.kms.katalon.core.webui.keyword.WebUiBuiltInKeywords.getText(com.kms.katalon.core.testobject.ObjectRepository.findTestObject(Final Object Repo/New Registration - Registration Module Pages/Third Screen - Upload Supporting Doc- Preview/RefNo Acquiring)): Text of object 'Object Repository/Final Object Repo/New Registration - Registration Module Pages/Third Screen - Upload Supporting Doc- Preview/RefNo Acquiring' is: 'CRN12201800123400'

2018-12-20 12:59:56 - [MESSAGE][PASSED] - Text of object 'Object Repository/Final Object Repo/New Registration - Registration Module Pages/Third Screen - Upload Supporting Doc- Preview/RefNo Acquiring' is: 'CRN12201800123400'

2018-12-20 12:59:56 - [TEST_STEP][PASSED] - delay: Delayed 2 second(s)

2018-12-20 12:59:58 - [MESSAGE][PASSED] - Delayed 2 second(s)

2018-12-20 12:59:58 - [TEST_STEP][PASSED] - callTestCase: Call Test Case 'Test Cases/Final Aug 2018 - PKS Automation/Common/Reference Number Setter' successfully

2018-12-20 12:59:58 - [TEST_CASE][PASSED] - Test Cases/Final Aug 2018 - PKS Automation/Common/Reference Number Setter: Test Cases/Final Aug 2018 - PKS Automation/Common/Reference Number Setter

2018-12-20 12:59:58 - [TEST_STEP][PASSED] - Statement - RefNoOldFile = new java.io.File(C://Users//Admin//Desktop//PKS//Automation Reference Point//KatalonReference.txt): null

2018-12-20 12:59:58 - [TEST_STEP][PASSED] - Statement - RefNoOldFile.delete(): null

2018-12-20 12:59:58 - [TEST_STEP][PASSED] - delay: Delayed 5 second(s)

2018-12-20 13:00:03 - [MESSAGE][PASSED] - Delayed 5 second(s)

2018-12-20 13:00:03 - [TEST_STEP][PASSED] - Statement - RefNo = new java.io.File(C://Users//Admin//Desktop//PKS//Automation Reference Point//KatalonReference.txt): null

2018-12-20 13:00:03 - [TEST_STEP][PASSED] - Statement - f2 = new java.io.FileWriter(RefNo, false): null

2018-12-20 13:00:03 - [TEST_STEP][PASSED] - Statement - f2.write(CaseReferenceNo): null

2018-12-20 13:00:03 - [TEST_STEP][PASSED] - Statement - f2.close(): null

2018-12-20 13:00:03 - [TEST_STEP][PASSED] - Statement - out.println("


" + CaseReferenceNo + "


"): null

2018-12-20 13:00:03 - [MESSAGE][PASSED] - Call Test Case 'Test Cases/Final Aug 2018 - PKS Automation/Common/Reference Number Setter' successfully

2018-12-20 13:00:03 - [TEST_STEP][PASSED] - waitForElementClickable: Object 'Object Repository/Final Object Repo/New Registration - Registration Module Pages/Third Screen - Upload Supporting Doc- Preview/Save n Continue in SIP Employee Listing Page' is clickable

2018-12-20 13:00:03 - [MESSAGE][PASSED] - Object 'Object Repository/Final Object Repo/New Registration - Registration Module Pages/Third Screen - Upload Supporting Doc- Preview/Save n Continue in SIP Employee Listing Page' is clickable

2018-12-20 13:00:03 - [TEST_STEP][PASSED] - click: Object: 'Object Repository/Final Object Repo/New Registration - Registration Module Pages/Third Screen - Upload Supporting Doc- Preview/Save n Continue in SIP Employee Listing Page' is clicked on

2018-12-20 13:00:09 - [MESSAGE][PASSED] - Object: 'Object Repository/Final Object Repo/New Registration - Registration Module Pages/Third Screen - Upload Supporting Doc- Preview/Save n Continue in SIP Employee Listing Page' is clicked on

2018-12-20 13:00:09 - [TEST_STEP][PASSED] - delay: Delayed 7 second(s)

2018-12-20 13:00:16 - [MESSAGE][PASSED] - Delayed 7 second(s)

2018-12-20 13:00:16 - [TEST_STEP][PASSED] - click: Object: 'Object Repository/Final Object Repo/New Registration - Registration Module Pages/Third Screen - Upload Supporting Doc- Preview/Add Document Button' is clicked on

2018-12-20 13:00:16 - [MESSAGE][PASSED] - Object: 'Object Repository/Final Object Repo/New Registration - Registration Module Pages/Third Screen - Upload Supporting Doc- Preview/Add Document Button' is clicked on

2018-12-20 13:00:16 - [TEST_STEP][PASSED] - delay: Delayed 30 second(s)

2018-12-20 13:00:46 - [MESSAGE][PASSED] - Delayed 30 second(s)

2018-12-20 13:00:46 - [TEST_STEP][PASSED] - click: Object: 'Object Repository/Final Object Repo/New Registration - Registration Module Pages/Third Screen - Upload Supporting Doc- Preview/Supporting Doc Please Select Drop Down' is clicked on

2018-12-20 13:00:46 - [MESSAGE][PASSED] - Object: 'Object Repository/Final Object Repo/New Registration - Registration Module Pages/Third Screen - Upload Supporting Doc- Preview/Supporting Doc Please Select Drop Down' is clicked on

2018-12-20 13:00:46 - [TEST_STEP][PASSED] - delay: Delayed 2 second(s)

2018-12-20 13:00:48 - [MESSAGE][PASSED] - Delayed 2 second(s)

2018-12-20 13:00:48 - [TEST_STEP][PASSED] - click: Object: 'Object Repository/Final Object Repo/New Registration - Registration Module Pages/Third Screen - Upload Supporting Doc- Preview/Select to Upload Form 1' is clicked on

2018-12-20 13:00:49 - [MESSAGE][PASSED] - Object: 'Object Repository/Final Object Repo/New Registration - Registration Module Pages/Third Screen - Upload Supporting Doc- Preview/Select to Upload Form 1' is clicked on

2018-12-20 13:00:49 - [TEST_STEP][PASSED] - delay: Delayed 2 second(s)

2018-12-20 13:00:51 - [MESSAGE][PASSED] - Delayed 2 second(s)

2018-12-20 13:00:51 - [TEST_STEP][PASSED] - uploadFile: File 'C:\Users\Public\Pictures\Sample Pictures\Koala.jpg' sent to object: 'Object Repository/Final Object Repo/New Registration - Registration Module Pages/Third Screen - Upload Supporting Doc- Preview/Upload File Adding'

2018-12-20 13:00:51 - [MESSAGE][PASSED] - File 'C:\Users\Public\Pictures\Sample Pictures\Koala.jpg' sent to object: 'Object Repository/Final Object Repo/New Registration - Registration Module Pages/Third Screen - Upload Supporting Doc- Preview/Upload File Adding'

2018-12-20 13:00:51 - [TEST_STEP][PASSED] - delay: Delayed 5 second(s)

2018-12-20 13:00:56 - [MESSAGE][PASSED] - Delayed 5 second(s)

2018-12-20 13:00:56 - [TEST_STEP][PASSED] - click: Object: 'Object Repository/Final Object Repo/New Registration - Registration Module Pages/Third Screen - Upload Supporting Doc- Preview/Inner Form Add Document Button' is clicked on

2018-12-20 13:00:56 - [MESSAGE][PASSED] - Object: 'Object Repository/Final Object Repo/New Registration - Registration Module Pages/Third Screen - Upload Supporting Doc- Preview/Inner Form Add Document Button' is clicked on

2018-12-20 13:00:56 - [TEST_STEP][PASSED] - delay: Delayed 3 second(s)

2018-12-20 13:00:59 - [MESSAGE][PASSED] - Delayed 3 second(s)

2018-12-20 13:00:59 - [TEST_STEP][PASSED] - click: Object: 'Object Repository/Final Object Repo/New Registration - Registration Module Pages/Third Screen - Upload Supporting Doc- Preview/Add Document Button' is clicked on

2018-12-20 13:01:02 - [MESSAGE][PASSED] - Object: 'Object Repository/Final Object Repo/New Registration - Registration Module Pages/Third Screen - Upload Supporting Doc- Preview/Add Document Button' is clicked on

2018-12-20 13:01:02 - [TEST_STEP][PASSED] - delay: Delayed 30 second(s)

2018-12-20 13:01:32 - [MESSAGE][PASSED] - Delayed 30 second(s)

2018-12-20 13:01:32 - [TEST_STEP][PASSED] - click: Object: 'Object Repository/Final Object Repo/New Registration - Registration Module Pages/Third Screen - Upload Supporting Doc- Preview/Supporting Doc Please Select Drop Down' is clicked on

2018-12-20 13:01:32 - [MESSAGE][PASSED] - Object: 'Object Repository/Final Object Repo/New Registration - Registration Module Pages/Third Screen - Upload Supporting Doc- Preview/Supporting Doc Please Select Drop Down' is clicked on

2018-12-20 13:01:32 - [TEST_STEP][PASSED] - delay: Delayed 4 second(s)

2018-12-20 13:01:36 - [MESSAGE][PASSED] - Delayed 4 second(s)

2018-12-20 13:01:36 - [TEST_STEP][PASSED] - click: Object: 'Object Repository/Final Object Repo/New Registration - Registration Module Pages/Third Screen - Upload Supporting Doc- Preview/Select to Upload Form 2' is clicked on

2018-12-20 13:01:36 - [MESSAGE][PASSED] - Object: 'Object Repository/Final Object Repo/New Registration - Registration Module Pages/Third Screen - Upload Supporting Doc- Preview/Select to Upload Form 2' is clicked on

2018-12-20 13:01:36 - [TEST_STEP][PASSED] - delay: Delayed 2 second(s)

2018-12-20 13:01:38 - [MESSAGE][PASSED] - Delayed 2 second(s)

2018-12-20 13:01:38 - [TEST_STEP][PASSED] - uploadFile: File 'C:\Users\Public\Pictures\Sample Pictures\Koala.jpg' sent to object: 'Object Repository/Final Object Repo/New Registration - Registration Module Pages/Third Screen - Upload Supporting Doc- Preview/Upload File Adding'

2018-12-20 13:01:38 - [MESSAGE][PASSED] - File 'C:\Users\Public\Pictures\Sample Pictures\Koala.jpg' sent to object: 'Object Repository/Final Object Repo/New Registration - Registration Module Pages/Third Screen - Upload Supporting Doc- Preview/Upload File Adding'

2018-12-20 13:01:38 - [TEST_STEP][PASSED] - click: Object: 'Object Repository/Final Object Repo/New Registration - Registration Module Pages/Third Screen - Upload Supporting Doc- Preview/Inner Form Add Document Button' is clicked on

2018-12-20 13:01:39 - [MESSAGE][PASSED] - Object: 'Object Repository/Final Object Repo/New Registration - Registration Module Pages/Third Screen - Upload Supporting Doc- Preview/Inner Form Add Document Button' is clicked on

2018-12-20 13:01:39 - [TEST_STEP][PASSED] - delay: Delayed 5 second(s)

2018-12-20 13:01:44 - [MESSAGE][PASSED] - Delayed 5 second(s)

2018-12-20 13:01:44 - [TEST_STEP][PASSED] - click: Object: 'Object Repository/Final Object Repo/New Registration - Registration Module Pages/Third Screen - Upload Supporting Doc- Preview/Add Document Button' is clicked on

2018-12-20 13:01:44 - [MESSAGE][PASSED] - Object: 'Object Repository/Final Object Repo/New Registration - Registration Module Pages/Third Screen - Upload Supporting Doc- Preview/Add Document Button' is clicked on

2018-12-20 13:01:44 - [TEST_STEP][PASSED] - delay: Delayed 30 second(s)

2018-12-20 13:02:14 - [MESSAGE][PASSED] - Delayed 30 second(s)

2018-12-20 13:02:14 - [TEST_STEP][PASSED] - click: Object: 'Object Repository/Final Object Repo/New Registration - Registration Module Pages/Third Screen - Upload Supporting Doc- Preview/Supporting Doc Please Select Drop Down' is clicked on

2018-12-20 13:02:14 - [MESSAGE][PASSED] - Object: 'Object Repository/Final Object Repo/New Registration - Registration Module Pages/Third Screen - Upload Supporting Doc- Preview/Supporting Doc Please Select Drop Down' is clicked on

2018-12-20 13:02:14 - [TEST_STEP][PASSED] - click: Object: 'Object Repository/Final Object Repo/New Registration - Registration Module Pages/Third Screen - Upload Supporting Doc- Preview/Select to Upload Borang SIP 1' is clicked on

2018-12-20 13:02:14 - [MESSAGE][PASSED] - Object: 'Object Repository/Final Object Repo/New Registration - Registration Module Pages/Third Screen - Upload Supporting Doc- Preview/Select to Upload Borang SIP 1' is clicked on

2018-12-20 13:02:14 - [TEST_STEP][PASSED] - delay: Delayed 2 second(s)

2018-12-20 13:02:16 - [MESSAGE][PASSED] - Delayed 2 second(s)

2018-12-20 13:02:16 - [TEST_STEP][PASSED] - uploadFile: File 'C:\Users\Public\Pictures\Sample Pictures\Koala.jpg' sent to object: 'Object Repository/Final Object Repo/New Registration - Registration Module Pages/Third Screen - Upload Supporting Doc- Preview/Upload File Adding'

2018-12-20 13:02:16 - [MESSAGE][PASSED] - File 'C:\Users\Public\Pictures\Sample Pictures\Koala.jpg' sent to object: 'Object Repository/Final Object Repo/New Registration - Registration Module Pages/Third Screen - Upload Supporting Doc- Preview/Upload File Adding'

2018-12-20 13:02:16 - [TEST_STEP][PASSED] - click: Object: 'Object Repository/Final Object Repo/New Registration - Registration Module Pages/Third Screen - Upload Supporting Doc- Preview/Inner Form Add Document Button' is clicked on

2018-12-20 13:02:17 - [MESSAGE][PASSED] - Object: 'Object Repository/Final Object Repo/New Registration - Registration Module Pages/Third Screen - Upload Supporting Doc- Preview/Inner Form Add Document Button' is clicked on

2018-12-20 13:02:17 - [TEST_STEP][PASSED] - delay: Delayed 5 second(s)

2018-12-20 13:02:22 - [MESSAGE][PASSED] - Delayed 5 second(s)

2018-12-20 13:02:22 - [TEST_STEP][PASSED] - click: Object: 'Object Repository/Final Object Repo/New Registration - Registration Module Pages/Third Screen - Upload Supporting Doc- Preview/Add Document Button' is clicked on

2018-12-20 13:02:22 - [MESSAGE][PASSED] - Object: 'Object Repository/Final Object Repo/New Registration - Registration Module Pages/Third Screen - Upload Supporting Doc- Preview/Add Document Button' is clicked on

2018-12-20 13:02:22 - [TEST_STEP][PASSED] - delay: Delayed 30 second(s)

2018-12-20 13:02:52 - [MESSAGE][PASSED] - Delayed 30 second(s)

2018-12-20 13:02:52 - [TEST_STEP][PASSED] - click: Object: 'Object Repository/Final Object Repo/New Registration - Registration Module Pages/Third Screen - Upload Supporting Doc- Preview/Supporting Doc Please Select Drop Down' is clicked on

2018-12-20 13:02:52 - [MESSAGE][PASSED] - Object: 'Object Repository/Final Object Repo/New Registration - Registration Module Pages/Third Screen - Upload Supporting Doc- Preview/Supporting Doc Please Select Drop Down' is clicked on

2018-12-20 13:02:52 - [TEST_STEP][PASSED] - delay: Delayed 3 second(s)

2018-12-20 13:02:55 - [MESSAGE][PASSED] - Delayed 3 second(s)

2018-12-20 13:02:55 - [TEST_STEP][PASSED] - click: Object: 'Object Repository/Final Object Repo/New Registration - Registration Module Pages/Third Screen - Upload Supporting Doc- Preview/Select to Upload Borang SIP 2' is clicked on

2018-12-20 13:02:55 - [MESSAGE][PASSED] - Object: 'Object Repository/Final Object Repo/New Registration - Registration Module Pages/Third Screen - Upload Supporting Doc- Preview/Select to Upload Borang SIP 2' is clicked on

2018-12-20 13:02:55 - [TEST_STEP][PASSED] - delay: Delayed 2 second(s)

2018-12-20 13:02:57 - [MESSAGE][PASSED] - Delayed 2 second(s)

2018-12-20 13:02:57 - [TEST_STEP][PASSED] - uploadFile: File 'C:\Users\Public\Pictures\Sample Pictures\Koala.jpg' sent to object: 'Object Repository/Final Object Repo/New Registration - Registration Module Pages/Third Screen - Upload Supporting Doc- Preview/Upload File Adding'

2018-12-20 13:02:57 - [MESSAGE][PASSED] - File 'C:\Users\Public\Pictures\Sample Pictures\Koala.jpg' sent to object: 'Object Repository/Final Object Repo/New Registration - Registration Module Pages/Third Screen - Upload Supporting Doc- Preview/Upload File Adding'

2018-12-20 13:02:57 - [TEST_STEP][PASSED] - delay: Delayed 5 second(s)

2018-12-20 13:03:02 - [MESSAGE][PASSED] - Delayed 5 second(s)

2018-12-20 13:03:02 - [TEST_STEP][PASSED] - click: Object: 'Object Repository/Final Object Repo/New Registration - Registration Module Pages/Third Screen - Upload Supporting Doc- Preview/Inner Form Add Document Button' is clicked on

2018-12-20 13:03:03 - [MESSAGE][PASSED] - Object: 'Object Repository/Final Object Repo/New Registration - Registration Module Pages/Third Screen - Upload Supporting Doc- Preview/Inner Form Add Document Button' is clicked on

2018-12-20 13:03:03 - [TEST_STEP][PASSED] - delay: Delayed 3 second(s)

2018-12-20 13:03:06 - [MESSAGE][PASSED] - Delayed 3 second(s)

2018-12-20 13:03:06 - [TEST_STEP][PASSED] - waitForElementClickable: Object 'Object Repository/Final Object Repo/New Registration - Registration Module Pages/Third Screen - Upload Supporting Doc- Preview/Save n Continue in Uploading Supporting Doc Page' is clickable

2018-12-20 13:03:07 - [MESSAGE][PASSED] - Object 'Object Repository/Final Object Repo/New Registration - Registration Module Pages/Third Screen - Upload Supporting Doc- Preview/Save n Continue in Uploading Supporting Doc Page' is clickable

2018-12-20 13:03:07 - [TEST_STEP][PASSED] - click: Object: 'Object Repository/Final Object Repo/New Registration - Registration Module Pages/Third Screen - Upload Supporting Doc- Preview/Save n Continue in Uploading Supporting Doc Page' is clicked on

2018-12-20 13:03:07 - [MESSAGE][PASSED] - Object: 'Object Repository/Final Object Repo/New Registration - Registration Module Pages/Third Screen - Upload Supporting Doc- Preview/Save n Continue in Uploading Supporting Doc Page' is clicked on

2018-12-20 13:03:07 - [MESSAGE][PASSED] - Call Test Case 'Test Cases/Final Aug 2018 - PKS Automation/Registration Module/New Registration/Flow of New Registration/Third Screen - Upload Supporting Doc - Preview' successfully

2018-12-20 13:03:07 - [TEST_STEP][PASSED] - setText: Text 'Tester' is set on object 'Object Repository/Final Object Repo/New Registration - Registration Module Pages/New Reg - OTC to RO/Special Case - All Related Objects/Employer Preview Name'

2018-12-20 13:03:12 - [MESSAGE][PASSED] - Text 'Tester' is set on object 'Object Repository/Final Object Repo/New Registration - Registration Module Pages/New Reg - OTC to RO/Special Case - All Related Objects/Employer Preview Name'

2018-12-20 13:03:12 - [TEST_STEP][PASSED] - click: Object: 'Object Repository/Final Object Repo/New Registration - Registration Module Pages/New Reg - OTC to RO/Special Case - All Related Objects/IC Type Drop Down' is clicked on

2018-12-20 13:03:12 - [MESSAGE][PASSED] - Object: 'Object Repository/Final Object Repo/New Registration - Registration Module Pages/New Reg - OTC to RO/Special Case - All Related Objects/IC Type Drop Down' is clicked on

2018-12-20 13:03:12 - [TEST_STEP][PASSED] - click: Object: 'Object Repository/Final Object Repo/New Registration - Registration Module Pages/New Reg - OTC to RO/Special Case - All Related Objects/Select to NRIC' is clicked on

2018-12-20 13:03:13 - [MESSAGE][PASSED] - Object: 'Object Repository/Final Object Repo/New Registration - Registration Module Pages/New Reg - OTC to RO/Special Case - All Related Objects/Select to NRIC' is clicked on

2018-12-20 13:03:13 - [TEST_STEP][PASSED] - setText: Text '133245561223' is set on object 'Object Repository/Final Object Repo/New Registration - Registration Module Pages/New Reg - OTC to RO/Special Case - All Related Objects/IC Value'

2018-12-20 13:03:13 - [MESSAGE][PASSED] - Text '133245561223' is set on object 'Object Repository/Final Object Repo/New Registration - Registration Module Pages/New Reg - OTC to RO/Special Case - All Related Objects/IC Value'

2018-12-20 13:03:13 - [TEST_STEP][PASSED] - setText: Text 'Auto' is set on object 'Object Repository/Final Object Repo/New Registration - Registration Module Pages/New Reg - OTC to RO/Special Case - All Related Objects/Designation'

2018-12-20 13:03:13 - [MESSAGE][PASSED] - Text 'Auto' is set on object 'Object Repository/Final Object Repo/New Registration - Registration Module Pages/New Reg - OTC to RO/Special Case - All Related Objects/Designation'

2018-12-20 13:03:13 - [TEST_STEP][PASSED] - callTestCase: Call Test Case 'Test Cases/Final Aug 2018 - PKS Automation/Registration Module/New Registration/Submit and Screenshot/Submit Registration and Screenshot - Copy' successfully

2018-12-20 13:03:13 - [TEST_CASE][PASSED] - Test Cases/Final Aug 2018 - PKS Automation/Registration Module/New Registration/Submit and Screenshot/Submit Registration and Screenshot - Copy: Test Cases/Final Aug 2018 - PKS Automation/Registration Module/New Registration/Submit and Screenshot/Submit Registration and Screenshot - Copy

2018-12-20 13:03:14 - [TEST_STEP][PASSED] - delay: Delayed 6 second(s)

2018-12-20 13:03:20 - [MESSAGE][PASSED] - Delayed 6 second(s)

2018-12-20 13:03:20 - [TEST_STEP][PASSED] - click: Object: 'Object Repository/Final Object Repo/New Registration - Registration Module Pages/Third Screen - Upload Supporting Doc- Preview/Preview Submit Button' is clicked on

2018-12-20 13:03:20 - [MESSAGE][PASSED] - Object: 'Object Repository/Final Object Repo/New Registration - Registration Module Pages/Third Screen - Upload Supporting Doc- Preview/Preview Submit Button' is clicked on

2018-12-20 13:03:20 - [TEST_STEP][PASSED] - delay: Delayed 2 second(s)

2018-12-20 13:03:22 - [MESSAGE][PASSED] - Delayed 2 second(s)

2018-12-20 13:03:22 - [TEST_STEP][PASSED] - click: Object: 'Object Repository/Final Object Repo/New Registration - Registration Module Pages/Third Screen - Upload Supporting Doc- Preview/Preview Submit - Confirm' is clicked on

2018-12-20 13:03:22 - [MESSAGE][PASSED] - Object: 'Object Repository/Final Object Repo/New Registration - Registration Module Pages/Third Screen - Upload Supporting Doc- Preview/Preview Submit - Confirm' is clicked on

2018-12-20 13:03:22 - [TEST_STEP][PASSED] - delay: Delayed 15 second(s)

2018-12-20 13:03:37 - [MESSAGE][PASSED] - Delayed 15 second(s)

2018-12-20 13:03:37 - [TEST_STEP][PASSED] - Statement - driver = com.kms.katalon.core.webui.driver.DriverFactory.getWebDriver(): null

2018-12-20 13:03:37 - [TEST_STEP][PASSED] - Statement - driver.manage().timeouts().implicitlyWait(10, SECONDS): null

2018-12-20 13:03:37 - [TEST_STEP][PASSED] - Statement - PresavePath = KatalonScreenshots: null

2018-12-20 13:03:37 - [TEST_STEP][PASSED] - Statement - pathPrefix = "C:\Users\Public\Pictures\Sample Pictures\Katalon Screenshots\Automate Ending Screen": null

2018-12-20 13:03:37 - [TEST_STEP][PASSED] - Statement - finalPath = <not implemented yet for class: org.codehaus.groovy.ast.expr.EmptyExpression>: null

2018-12-20 13:03:37 - [TEST_STEP][PASSED] - Statement - scrFile = driver.getScreenshotAs(FILE): null

2018-12-20 13:03:38 - [TEST_STEP][PASSED] - Statement - PreSaveFile = new java.io.File(PresavePath): null

2018-12-20 13:03:38 - [TEST_STEP][PASSED] - Statement - counter = 0: null

2018-12-20 13:03:38 - [TEST_STEP][PASSED] - Statement - If (PreSaveFile.exists()): null

2018-12-20 13:03:38 - [TEST_STEP][PASSED] - Statement - While (PreSaveFile.exists()): null

2018-12-20 13:03:38 - [TEST_STEP][PASSED] - Statement - counter = counter + 1: null

2018-12-20 13:03:38 - [TEST_STEP][PASSED] - Statement - PreSaveFile = new java.io.File(((pathPrefix + java.lang.Integer.toString(counter)) + .png)): null

2018-12-20 13:03:38 - [TEST_STEP][PASSED] - Statement - counter = counter + 1: null

2018-12-20 13:03:38 - [TEST_STEP][PASSED] - Statement - PreSaveFile = new java.io.File(((pathPrefix + java.lang.Integer.toString(counter)) + .png)): null

2018-12-20 13:03:38 - [TEST_STEP][PASSED] - Statement - counter = counter + 1: null

2018-12-20 13:03:38 - [TEST_STEP][PASSED] - Statement - PreSaveFile = new java.io.File(((pathPrefix + java.lang.Integer.toString(counter)) + .png)): null

2018-12-20 13:03:38 - [TEST_STEP][PASSED] - Statement - counter = counter + 1: null

2018-12-20 13:03:38 - [TEST_STEP][PASSED] - Statement - PreSaveFile = new java.io.File(((pathPrefix + java.lang.Integer.toString(counter)) + .png)): null

2018-12-20 13:03:38 - [TEST_STEP][PASSED] - Statement - counter = counter + 1: null

2018-12-20 13:03:38 - [TEST_STEP][PASSED] - Statement - PreSaveFile = new java.io.File(((pathPrefix + java.lang.Integer.toString(counter)) + .png)): null

2018-12-20 13:03:38 - [TEST_STEP][PASSED] - Statement - counter = counter + 1: null

2018-12-20 13:03:38 - [TEST_STEP][PASSED] - Statement - PreSaveFile = new java.io.File(((pathPrefix + java.lang.Integer.toString(counter)) + .png)): null

2018-12-20 13:03:38 - [TEST_STEP][PASSED] - Statement - counter = counter + 1: null

2018-12-20 13:03:38 - [TEST_STEP][PASSED] - Statement - PreSaveFile = new java.io.File(((pathPrefix + java.lang.Integer.toString(counter)) + .png)): null

2018-12-20 13:03:38 - [TEST_STEP][PASSED] - Statement - counter = counter + 1: null

2018-12-20 13:03:38 - [TEST_STEP][PASSED] - Statement - PreSaveFile = new java.io.File(((pathPrefix + java.lang.Integer.toString(counter)) + .png)): null

2018-12-20 13:03:38 - [TEST_STEP][PASSED] - Statement - counter = counter + 1: null

2018-12-20 13:03:38 - [TEST_STEP][PASSED] - Statement - PreSaveFile = new java.io.File(((pathPrefix + java.lang.Integer.toString(counter)) + .png)): null

2018-12-20 13:03:38 - [TEST_STEP][PASSED] - Statement - counter = counter + 1: null

2018-12-20 13:03:38 - [TEST_STEP][PASSED] - Statement - PreSaveFile = new java.io.File(((pathPrefix + java.lang.Integer.toString(counter)) + .png)): null

2018-12-20 13:03:38 - [TEST_STEP][PASSED] - Statement - counter = counter + 1: null

2018-12-20 13:03:38 - [TEST_STEP][PASSED] - Statement - PreSaveFile = new java.io.File(((pathPrefix + java.lang.Integer.toString(counter)) + .png)): null

2018-12-20 13:03:38 - [TEST_STEP][PASSED] - Statement - counter = counter + 1: null

2018-12-20 13:03:38 - [TEST_STEP][PASSED] - Statement - PreSaveFile = new java.io.File(((pathPrefix + java.lang.Integer.toString(counter)) + .png)): null

2018-12-20 13:03:38 - [TEST_STEP][PASSED] - Statement - counter = counter + 1: null

2018-12-20 13:03:38 - [TEST_STEP][PASSED] - Statement - PreSaveFile = new java.io.File(((pathPrefix + java.lang.Integer.toString(counter)) + .png)): null

2018-12-20 13:03:38 - [TEST_STEP][PASSED] - Statement - counter = counter + 1: null

2018-12-20 13:03:38 - [TEST_STEP][PASSED] - Statement - PreSaveFile = new java.io.File(((pathPrefix + java.lang.Integer.toString(counter)) + .png)): null

2018-12-20 13:03:38 - [TEST_STEP][PASSED] - Statement - counter = counter + 1: null

2018-12-20 13:03:38 - [TEST_STEP][PASSED] - Statement - PreSaveFile = new java.io.File(((pathPrefix + java.lang.Integer.toString(counter)) + .png)): null

2018-12-20 13:03:38 - [TEST_STEP][PASSED] - Statement - counter = counter + 1: null

2018-12-20 13:03:38 - [TEST_STEP][PASSED] - Statement - PreSaveFile = new java.io.File(((pathPrefix + java.lang.Integer.toString(counter)) + .png)): null

2018-12-20 13:03:38 - [TEST_STEP][PASSED] - Statement - counter = counter + 1: null

2018-12-20 13:03:38 - [TEST_STEP][PASSED] - Statement - PreSaveFile = new java.io.File(((pathPrefix + java.lang.Integer.toString(counter)) + .png)): null

2018-12-20 13:03:38 - [TEST_STEP][PASSED] - Statement - counter = counter + 1: null

2018-12-20 13:03:38 - [TEST_STEP][PASSED] - Statement - PreSaveFile = new java.io.File(((pathPrefix + java.lang.Integer.toString(counter)) + .png)): null

2018-12-20 13:03:38 - [TEST_STEP][PASSED] - Statement - counter = counter + 1: null

2018-12-20 13:03:38 - [TEST_STEP][PASSED] - Statement - PreSaveFile = new java.io.File(((pathPrefix + java.lang.Integer.toString(counter)) + .png)): null

2018-12-20 13:03:38 - [TEST_STEP][PASSED] - Statement - counter = counter + 1: null

2018-12-20 13:03:38 - [TEST_STEP][PASSED] - Statement - PreSaveFile = new java.io.File(((pathPrefix + java.lang.Integer.toString(counter)) + .png)): null

2018-12-20 13:03:38 - [TEST_STEP][PASSED] - Statement - counter = counter + 1: null

2018-12-20 13:03:38 - [TEST_STEP][PASSED] - Statement - PreSaveFile = new java.io.File(((pathPrefix + java.lang.Integer.toString(counter)) + .png)): null

2018-12-20 13:03:38 - [TEST_STEP][PASSED] - Statement - counter = counter + 1: null

2018-12-20 13:03:38 - [TEST_STEP][PASSED] - Statement - PreSaveFile = new java.io.File(((pathPrefix + java.lang.Integer.toString(counter)) + .png)): null

2018-12-20 13:03:38 - [TEST_STEP][PASSED] - Statement - counter = counter + 1: null

2018-12-20 13:03:38 - [TEST_STEP][PASSED] - Statement - PreSaveFile = new java.io.File(((pathPrefix + java.lang.Integer.toString(counter)) + .png)): null

2018-12-20 13:03:38 - [TEST_STEP][PASSED] - Statement - counter = counter + 1: null

2018-12-20 13:03:39 - [TEST_STEP][PASSED] - Statement - PreSaveFile = new java.io.File(((pathPrefix + java.lang.Integer.toString(counter)) + .png)): null

2018-12-20 13:03:39 - [TEST_STEP][PASSED] - Statement - counter = counter + 1: null

2018-12-20 13:03:39 - [TEST_STEP][PASSED] - Statement - PreSaveFile = new java.io.File(((pathPrefix + java.lang.Integer.toString(counter)) + .png)): null

2018-12-20 13:03:39 - [TEST_STEP][PASSED] - Statement - counter = counter + 1: null

2018-12-20 13:03:39 - [TEST_STEP][PASSED] - Statement - PreSaveFile = new java.io.File(((pathPrefix + java.lang.Integer.toString(counter)) + .png)): null

2018-12-20 13:03:39 - [TEST_STEP][PASSED] - Statement - counter = counter + 1: null

2018-12-20 13:03:39 - [TEST_STEP][PASSED] - Statement - PreSaveFile = new java.io.File(((pathPrefix + java.lang.Integer.toString(counter)) + .png)): null

2018-12-20 13:03:39 - [TEST_STEP][PASSED] - Statement - counter = counter + 1: null

2018-12-20 13:03:39 - [TEST_STEP][PASSED] - Statement - PreSaveFile = new java.io.File(((pathPrefix + java.lang.Integer.toString(counter)) + .png)): null

2018-12-20 13:03:39 - [TEST_STEP][PASSED] - Statement - counter = counter + 1: null

2018-12-20 13:03:39 - [TEST_STEP][PASSED] - Statement - PreSaveFile = new java.io.File(((pathPrefix + java.lang.Integer.toString(counter)) + .png)): null

2018-12-20 13:03:39 - [TEST_STEP][PASSED] - Statement - counter = counter + 1: null

2018-12-20 13:03:39 - [TEST_STEP][PASSED] - Statement - PreSaveFile = new java.io.File(((pathPrefix + java.lang.Integer.toString(counter)) + .png)): null

2018-12-20 13:03:39 - [TEST_STEP][PASSED] - Statement - counter = counter + 1: null

2018-12-20 13:03:39 - [TEST_STEP][PASSED] - Statement - PreSaveFile = new java.io.File(((pathPrefix + java.lang.Integer.toString(counter)) + .png)): null

2018-12-20 13:03:39 - [TEST_STEP][PASSED] - Statement - counter = counter + 1: null

2018-12-20 13:03:39 - [TEST_STEP][PASSED] - Statement - PreSaveFile = new java.io.File(((pathPrefix + java.lang.Integer.toString(counter)) + .png)): null

2018-12-20 13:03:39 - [TEST_STEP][PASSED] - Statement - counter = counter + 1: null

2018-12-20 13:03:39 - [TEST_STEP][PASSED] - Statement - PreSaveFile = new java.io.File(((pathPrefix + java.lang.Integer.toString(counter)) + .png)): null

2018-12-20 13:03:39 - [TEST_STEP][PASSED] - Statement - counter = counter + 1: null

2018-12-20 13:03:39 - [TEST_STEP][PASSED] - Statement - PreSaveFile = new java.io.File(((pathPrefix + java.lang.Integer.toString(counter)) + .png)): null

2018-12-20 13:03:39 - [TEST_STEP][PASSED] - Statement - counter = counter + 1: null

2018-12-20 13:03:39 - [TEST_STEP][PASSED] - Statement - PreSaveFile = new java.io.File(((pathPrefix + java.lang.Integer.toString(counter)) + .png)): null

2018-12-20 13:03:39 - [TEST_STEP][PASSED] - Statement - counter = counter + 1: null

2018-12-20 13:03:39 - [TEST_STEP][PASSED] - Statement - PreSaveFile = new java.io.File(((pathPrefix + java.lang.Integer.toString(counter)) + .png)): null

2018-12-20 13:03:39 - [TEST_STEP][PASSED] - Statement - counter = counter + 1: null

2018-12-20 13:03:39 - [TEST_STEP][PASSED] - Statement - PreSaveFile = new java.io.File(((pathPrefix + java.lang.Integer.toString(counter)) + .png)): null

2018-12-20 13:03:39 - [TEST_STEP][PASSED] - Statement - counter = counter + 1: null

2018-12-20 13:03:39 - [TEST_STEP][PASSED] - Statement - PreSaveFile = new java.io.File(((pathPrefix + java.lang.Integer.toString(counter)) + .png)): null

2018-12-20 13:03:39 - [TEST_STEP][PASSED] - Statement - counter = counter + 1: null

2018-12-20 13:03:39 - [TEST_STEP][PASSED] - Statement - PreSaveFile = new java.io.File(((pathPrefix + java.lang.Integer.toString(counter)) + .png)): null

2018-12-20 13:03:39 - [TEST_STEP][PASSED] - Statement - counter = counter + 1: null

2018-12-20 13:03:39 - [TEST_STEP][PASSED] - Statement - PreSaveFile = new java.io.File(((pathPrefix + java.lang.Integer.toString(counter)) + .png)): null

2018-12-20 13:03:39 - [TEST_STEP][PASSED] - Statement - counter = counter + 1: null

2018-12-20 13:03:39 - [TEST_STEP][PASSED] - Statement - PreSaveFile = new java.io.File(((pathPrefix + java.lang.Integer.toString(counter)) + .png)): null

2018-12-20 13:03:39 - [TEST_STEP][PASSED] - Statement - counter = counter + 1: null

2018-12-20 13:03:39 - [TEST_STEP][PASSED] - Statement - PreSaveFile = new java.io.File(((pathPrefix + java.lang.Integer.toString(counter)) + .png)): null

2018-12-20 13:03:39 - [TEST_STEP][PASSED] - Statement - counter = counter + 1: null

2018-12-20 13:03:39 - [TEST_STEP][PASSED] - Statement - PreSaveFile = new java.io.File(((pathPrefix + java.lang.Integer.toString(counter)) + .png)): null

2018-12-20 13:03:39 - [TEST_STEP][PASSED] - Statement - counter = counter + 1: null

2018-12-20 13:03:40 - [TEST_STEP][PASSED] - Statement - PreSaveFile = new java.io.File(((pathPrefix + java.lang.Integer.toString(counter)) + .png)): null

2018-12-20 13:03:40 - [TEST_STEP][PASSED] - Statement - counter = counter + 1: null

2018-12-20 13:03:40 - [TEST_STEP][PASSED] - Statement - PreSaveFile = new java.io.File(((pathPrefix + java.lang.Integer.toString(counter)) + .png)): null

2018-12-20 13:03:40 - [TEST_STEP][PASSED] - Statement - counter = counter + 1: null

2018-12-20 13:03:40 - [TEST_STEP][PASSED] - Statement - PreSaveFile = new java.io.File(((pathPrefix + java.lang.Integer.toString(counter)) + .png)): null

2018-12-20 13:03:40 - [TEST_STEP][PASSED] - Statement - counter = counter + 1: null

2018-12-20 13:03:40 - [TEST_STEP][PASSED] - Statement - PreSaveFile = new java.io.File(((pathPrefix + java.lang.Integer.toString(counter)) + .png)): null

2018-12-20 13:03:40 - [TEST_STEP][PASSED] - Statement - counter = counter + 1: null

2018-12-20 13:03:40 - [TEST_STEP][PASSED] - Statement - PreSaveFile = new java.io.File(((pathPrefix + java.lang.Integer.toString(counter)) + .png)): null

2018-12-20 13:03:40 - [TEST_STEP][PASSED] - Statement - counter = counter + 1: null

2018-12-20 13:03:40 - [TEST_STEP][PASSED] - Statement - PreSaveFile = new java.io.File(((pathPrefix + java.lang.Integer.toString(counter)) + .png)): null

2018-12-20 13:03:40 - [TEST_STEP][PASSED] - Statement - counter = counter + 1: null

2018-12-20 13:03:40 - [TEST_STEP][PASSED] - Statement - PreSaveFile = new java.io.File(((pathPrefix + java.lang.Integer.toString(counter)) + .png)): null

2018-12-20 13:03:40 - [TEST_STEP][PASSED] - Statement - counter = counter + 1: null

2018-12-20 13:03:40 - [TEST_STEP][PASSED] - Statement - PreSaveFile = new java.io.File(((pathPrefix + java.lang.Integer.toString(counter)) + .png)): null

2018-12-20 13:03:40 - [TEST_STEP][PASSED] - Statement - counter = counter + 1: null

2018-12-20 13:03:40 - [TEST_STEP][PASSED] - Statement - PreSaveFile = new java.io.File(((pathPrefix + java.lang.Integer.toString(counter)) + .png)): null

2018-12-20 13:03:40 - [TEST_STEP][PASSED] - Statement - counter = counter + 1: null

2018-12-20 13:03:40 - [TEST_STEP][PASSED] - Statement - PreSaveFile = new java.io.File(((pathPrefix + java.lang.Integer.toString(counter)) + .png)): null

2018-12-20 13:03:40 - [TEST_STEP][PASSED] - Statement - counter = counter + 1: null

2018-12-20 13:03:40 - [TEST_STEP][PASSED] - Statement - PreSaveFile = new java.io.File(((pathPrefix + java.lang.Integer.toString(counter)) + .png)): null

2018-12-20 13:03:40 - [TEST_STEP][PASSED] - Statement - counter = counter + 1: null

2018-12-20 13:03:40 - [TEST_STEP][PASSED] - Statement - PreSaveFile = new java.io.File(((pathPrefix + java.lang.Integer.toString(counter)) + .png)): null

2018-12-20 13:03:40 - [TEST_STEP][PASSED] - Statement - counter = counter + 1: null

2018-12-20 13:03:40 - [TEST_STEP][PASSED] - Statement - PreSaveFile = new java.io.File(((pathPrefix + java.lang.Integer.toString(counter)) + .png)): null

2018-12-20 13:03:40 - [TEST_STEP][PASSED] - Statement - counter = counter + 1: null

2018-12-20 13:03:40 - [TEST_STEP][PASSED] - Statement - PreSaveFile = new java.io.File(((pathPrefix + java.lang.Integer.toString(counter)) + .png)): null

2018-12-20 13:03:40 - [TEST_STEP][PASSED] - Statement - counter = counter + 1: null

2018-12-20 13:03:40 - [TEST_STEP][PASSED] - Statement - PreSaveFile = new java.io.File(((pathPrefix + java.lang.Integer.toString(counter)) + .png)): null

2018-12-20 13:03:41 - [TEST_STEP][PASSED] - Statement - counter = counter + 1: null

2018-12-20 13:03:41 - [TEST_STEP][PASSED] - Statement - PreSaveFile = new java.io.File(((pathPrefix + java.lang.Integer.toString(counter)) + .png)): null

2018-12-20 13:03:41 - [TEST_STEP][PASSED] - Statement - counter = counter + 1: null

2018-12-20 13:03:41 - [TEST_STEP][PASSED] - Statement - PreSaveFile = new java.io.File(((pathPrefix + java.lang.Integer.toString(counter)) + .png)): null

2018-12-20 13:03:41 - [TEST_STEP][PASSED] - Statement - counter = counter + 1: null

2018-12-20 13:03:41 - [TEST_STEP][PASSED] - Statement - PreSaveFile = new java.io.File(((pathPrefix + java.lang.Integer.toString(counter)) + .png)): null

2018-12-20 13:03:41 - [TEST_STEP][PASSED] - Statement - counter = counter + 1: null

2018-12-20 13:03:41 - [TEST_STEP][PASSED] - Statement - PreSaveFile = new java.io.File(((pathPrefix + java.lang.Integer.toString(counter)) + .png)): null

2018-12-20 13:03:41 - [TEST_STEP][PASSED] - Statement - counter = counter + 1: null

2018-12-20 13:03:41 - [TEST_STEP][PASSED] - Statement - PreSaveFile = new java.io.File(((pathPrefix + java.lang.Integer.toString(counter)) + .png)): null

2018-12-20 13:03:41 - [TEST_STEP][PASSED] - Statement - counter = counter + 1: null

2018-12-20 13:03:41 - [TEST_STEP][PASSED] - Statement - PreSaveFile = new java.io.File(((pathPrefix + java.lang.Integer.toString(counter)) + .png)): null

2018-12-20 13:03:41 - [TEST_STEP][PASSED] - Statement - counter = counter + 1: null

2018-12-20 13:03:41 - [TEST_STEP][PASSED] - Statement - PreSaveFile = new java.io.File(((pathPrefix + java.lang.Integer.toString(counter)) + .png)): null

2018-12-20 13:03:41 - [TEST_STEP][PASSED] - Statement - counter = counter + 1: null

2018-12-20 13:03:41 - [TEST_STEP][PASSED] - Statement - PreSaveFile = new java.io.File(((pathPrefix + java.lang.Integer.toString(counter)) + .png)): null

2018-12-20 13:03:41 - [TEST_STEP][PASSED] - Statement - counter = counter + 1: null

2018-12-20 13:03:41 - [TEST_STEP][PASSED] - Statement - PreSaveFile = new java.io.File(((pathPrefix + java.lang.Integer.toString(counter)) + .png)): null

2018-12-20 13:03:41 - [TEST_STEP][PASSED] - Statement - counter = counter + 1: null

2018-12-20 13:03:41 - [TEST_STEP][PASSED] - Statement - PreSaveFile = new java.io.File(((pathPrefix + java.lang.Integer.toString(counter)) + .png)): null

2018-12-20 13:03:41 - [TEST_STEP][PASSED] - Statement - counter = counter + 1: null

2018-12-20 13:03:41 - [TEST_STEP][PASSED] - Statement - PreSaveFile = new java.io.File(((pathPrefix + java.lang.Integer.toString(counter)) + .png)): null

2018-12-20 13:03:41 - [TEST_STEP][PASSED] - Statement - counter = counter + 1: null

2018-12-20 13:03:41 - [TEST_STEP][PASSED] - Statement - PreSaveFile = new java.io.File(((pathPrefix + java.lang.Integer.toString(counter)) + .png)): null

2018-12-20 13:03:41 - [TEST_STEP][PASSED] - Statement - counter = counter + 1: null

2018-12-20 13:03:41 - [TEST_STEP][PASSED] - Statement - PreSaveFile = new java.io.File(((pathPrefix + java.lang.Integer.toString(counter)) + .png)): null

2018-12-20 13:03:41 - [TEST_STEP][PASSED] - Statement - counter = counter + 1: null

2018-12-20 13:03:41 - [TEST_STEP][PASSED] - Statement - PreSaveFile = new java.io.File(((pathPrefix + java.lang.Integer.toString(counter)) + .png)): null

2018-12-20 13:03:42 - [TEST_STEP][PASSED] - Statement - counter = counter + 1: null

2018-12-20 13:03:42 - [TEST_STEP][PASSED] - Statement - PreSaveFile = new java.io.File(((pathPrefix + java.lang.Integer.toString(counter)) + .png)): null

2018-12-20 13:03:42 - [TEST_STEP][PASSED] - Statement - counter = counter + 1: null

2018-12-20 13:03:42 - [TEST_STEP][PASSED] - Statement - PreSaveFile = new java.io.File(((pathPrefix + java.lang.Integer.toString(counter)) + .png)): null

2018-12-20 13:03:42 - [TEST_STEP][PASSED] - Statement - counter = counter + 1: null

2018-12-20 13:03:42 - [TEST_STEP][PASSED] - Statement - PreSaveFile = new java.io.File(((pathPrefix + java.lang.Integer.toString(counter)) + .png)): null

2018-12-20 13:03:42 - [TEST_STEP][PASSED] - Statement - counter = counter + 1: null

2018-12-20 13:03:42 - [TEST_STEP][PASSED] - Statement - PreSaveFile = new java.io.File(((pathPrefix + java.lang.Integer.toString(counter)) + .png)): null

2018-12-20 13:03:42 - [TEST_STEP][PASSED] - Statement - counter = counter + 1: null

2018-12-20 13:03:42 - [TEST_STEP][PASSED] - Statement - PreSaveFile = new java.io.File(((pathPrefix + java.lang.Integer.toString(counter)) + .png)): null

2018-12-20 13:03:42 - [TEST_STEP][PASSED] - Statement - counter = counter + 1: null

2018-12-20 13:03:42 - [TEST_STEP][PASSED] - Statement - PreSaveFile = new java.io.File(((pathPrefix + java.lang.Integer.toString(counter)) + .png)): null

2018-12-20 13:03:42 - [TEST_STEP][PASSED] - Statement - counter = counter + 1: null

2018-12-20 13:03:42 - [TEST_STEP][PASSED] - Statement - PreSaveFile = new java.io.File(((pathPrefix + java.lang.Integer.toString(counter)) + .png)): null

2018-12-20 13:03:42 - [TEST_STEP][PASSED] - Statement - counter = counter + 1: null

2018-12-20 13:03:42 - [TEST_STEP][PASSED] - Statement - PreSaveFile = new java.io.File(((pathPrefix + java.lang.Integer.toString(counter)) + .png)): null

2018-12-20 13:03:42 - [TEST_STEP][PASSED] - Statement - counter = counter + 1: null

2018-12-20 13:03:42 - [TEST_STEP][PASSED] - Statement - PreSaveFile = new java.io.File(((pathPrefix + java.lang.Integer.toString(counter)) + .png)): null

2018-12-20 13:03:42 - [TEST_STEP][PASSED] - Statement - counter = counter + 1: null

2018-12-20 13:03:42 - [TEST_STEP][PASSED] - Statement - PreSaveFile = new java.io.File(((pathPrefix + java.lang.Integer.toString(counter)) + .png)): null

2018-12-20 13:03:42 - [TEST_STEP][PASSED] - Statement - counter = counter + 1: null

2018-12-20 13:03:42 - [TEST_STEP][PASSED] - Statement - PreSaveFile = new java.io.File(((pathPrefix + java.lang.Integer.toString(counter)) + .png)): null

2018-12-20 13:03:42 - [TEST_STEP][PASSED] - Statement - counter = counter + 1: null

2018-12-20 13:03:42 - [TEST_STEP][PASSED] - Statement - PreSaveFile = new java.io.File(((pathPrefix + java.lang.Integer.toString(counter)) + .png)): null

2018-12-20 13:03:42 - [TEST_STEP][PASSED] - Statement - counter = counter + 1: null

2018-12-20 13:03:42 - [TEST_STEP][PASSED] - Statement - PreSaveFile = new java.io.File(((pathPrefix + java.lang.Integer.toString(counter)) + .png)): null

2018-12-20 13:03:42 - [TEST_STEP][PASSED] - Statement - counter = counter + 1: null

2018-12-20 13:03:42 - [TEST_STEP][PASSED] - Statement - PreSaveFile = new java.io.File(((pathPrefix + java.lang.Integer.toString(counter)) + .png)): null

2018-12-20 13:03:42 - [TEST_STEP][PASSED] - Statement - counter = counter + 1: null

2018-12-20 13:03:43 - [TEST_STEP][PASSED] - Statement - PreSaveFile = new java.io.File(((pathPrefix + java.lang.Integer.toString(counter)) + .png)): null

2018-12-20 13:03:43 - [TEST_STEP][PASSED] - Statement - counter = counter + 1: null

2018-12-20 13:03:43 - [TEST_STEP][PASSED] - Statement - PreSaveFile = new java.io.File(((pathPrefix + java.lang.Integer.toString(counter)) + .png)): null

2018-12-20 13:03:43 - [TEST_STEP][PASSED] - Statement - counter = counter + 1: null

2018-12-20 13:03:43 - [TEST_STEP][PASSED] - Statement - PreSaveFile = new java.io.File(((pathPrefix + java.lang.Integer.toString(counter)) + .png)): null

2018-12-20 13:03:43 - [TEST_STEP][PASSED] - Statement - counter = counter + 1: null

2018-12-20 13:03:43 - [TEST_STEP][PASSED] - Statement - PreSaveFile = new java.io.File(((pathPrefix + java.lang.Integer.toString(counter)) + .png)): null

2018-12-20 13:03:43 - [TEST_STEP][PASSED] - Statement - counter = counter + 1: null

2018-12-20 13:03:43 - [TEST_STEP][PASSED] - Statement - PreSaveFile = new java.io.File(((pathPrefix + java.lang.Integer.toString(counter)) + .png)): null

2018-12-20 13:03:43 - [TEST_STEP][PASSED] - Statement - counter = counter + 1: null

2018-12-20 13:03:43 - [TEST_STEP][PASSED] - Statement - PreSaveFile = new java.io.File(((pathPrefix + java.lang.Integer.toString(counter)) + .png)): null

2018-12-20 13:03:43 - [TEST_STEP][PASSED] - Statement - counter = counter + 1: null

2018-12-20 13:03:43 - [TEST_STEP][PASSED] - Statement - PreSaveFile = new java.io.File(((pathPrefix + java.lang.Integer.toString(counter)) + .png)): null

2018-12-20 13:03:43 - [TEST_STEP][PASSED] - Statement - counter = counter + 1: null

2018-12-20 13:03:43 - [TEST_STEP][PASSED] - Statement - PreSaveFile = new java.io.File(((pathPrefix + java.lang.Integer.toString(counter)) + .png)): null

2018-12-20 13:03:43 - [TEST_STEP][PASSED] - Statement - counter = counter + 1: null

2018-12-20 13:03:43 - [TEST_STEP][PASSED] - Statement - PreSaveFile = new java.io.File(((pathPrefix + java.lang.Integer.toString(counter)) + .png)): null

2018-12-20 13:03:43 - [TEST_STEP][PASSED] - Statement - counter = counter + 1: null

2018-12-20 13:03:43 - [TEST_STEP][PASSED] - Statement - PreSaveFile = new java.io.File(((pathPrefix + java.lang.Integer.toString(counter)) + .png)): null

2018-12-20 13:03:43 - [TEST_STEP][PASSED] - Statement - counter = counter + 1: null

2018-12-20 13:03:43 - [TEST_STEP][PASSED] - Statement - PreSaveFile = new java.io.File(((pathPrefix + java.lang.Integer.toString(counter)) + .png)): null

2018-12-20 13:03:43 - [TEST_STEP][PASSED] - Statement - counter = counter + 1: null

2018-12-20 13:03:43 - [TEST_STEP][PASSED] - Statement - PreSaveFile = new java.io.File(((pathPrefix + java.lang.Integer.toString(counter)) + .png)): null

2018-12-20 13:03:43 - [TEST_STEP][PASSED] - Statement - counter = counter + 1: null

2018-12-20 13:03:43 - [TEST_STEP][PASSED] - Statement - PreSaveFile = new java.io.File(((pathPrefix + java.lang.Integer.toString(counter)) + .png)): null

2018-12-20 13:03:43 - [TEST_STEP][PASSED] - Statement - counter = counter + 1: null

2018-12-20 13:03:43 - [TEST_STEP][PASSED] - Statement - PreSaveFile = new java.io.File(((pathPrefix + java.lang.Integer.toString(counter)) + .png)): null

2018-12-20 13:03:43 - [TEST_STEP][PASSED] - Statement - counter = counter + 1: null

2018-12-20 13:03:43 - [TEST_STEP][PASSED] - Statement - PreSaveFile = new java.io.File(((pathPrefix + java.lang.Integer.toString(counter)) + .png)): null

2018-12-20 13:03:43 - [TEST_STEP][PASSED] - Statement - counter = counter + 1: null

2018-12-20 13:03:43 - [TEST_STEP][PASSED] - Statement - PreSaveFile = new java.io.File(((pathPrefix + java.lang.Integer.toString(counter)) + .png)): null

2018-12-20 13:03:43 - [TEST_STEP][PASSED] - Statement - counter = counter + 1: null

2018-12-20 13:03:43 - [TEST_STEP][PASSED] - Statement - PreSaveFile = new java.io.File(((pathPrefix + java.lang.Integer.toString(counter)) + .png)): null

2018-12-20 13:03:43 - [TEST_STEP][PASSED] - Statement - counter = counter + 1: null

2018-12-20 13:03:43 - [TEST_STEP][PASSED] - Statement - PreSaveFile = new java.io.File(((pathPrefix + java.lang.Integer.toString(counter)) + .png)): null

2018-12-20 13:03:43 - [TEST_STEP][PASSED] - Statement - counter = counter + 1: null

2018-12-20 13:03:43 - [TEST_STEP][PASSED] - Statement - PreSaveFile = new java.io.File(((pathPrefix + java.lang.Integer.toString(counter)) + .png)): null

2018-12-20 13:03:43 - [TEST_STEP][PASSED] - Statement - counter = counter + 1: null

2018-12-20 13:03:43 - [TEST_STEP][PASSED] - Statement - PreSaveFile = new java.io.File(((pathPrefix + java.lang.Integer.toString(counter)) + .png)): null

2018-12-20 13:03:44 - [TEST_STEP][PASSED] - Statement - counter = counter + 1: null

2018-12-20 13:03:44 - [TEST_STEP][PASSED] - Statement - PreSaveFile = new java.io.File(((pathPrefix + java.lang.Integer.toString(counter)) + .png)): null

2018-12-20 13:03:44 - [TEST_STEP][PASSED] - Statement - counter = counter + 1: null

2018-12-20 13:03:44 - [TEST_STEP][PASSED] - Statement - PreSaveFile = new java.io.File(((pathPrefix + java.lang.Integer.toString(counter)) + .png)): null

2018-12-20 13:03:44 - [TEST_STEP][PASSED] - Statement - counter = counter + 1: null

2018-12-20 13:03:44 - [TEST_STEP][PASSED] - Statement - PreSaveFile = new java.io.File(((pathPrefix + java.lang.Integer.toString(counter)) + .png)): null

2018-12-20 13:03:44 - [TEST_STEP][PASSED] - Statement - counter = counter + 1: null

2018-12-20 13:03:44 - [TEST_STEP][PASSED] - Statement - PreSaveFile = new java.io.File(((pathPrefix + java.lang.Integer.toString(counter)) + .png)): null

2018-12-20 13:03:44 - [TEST_STEP][PASSED] - Statement - counter = counter + 1: null

2018-12-20 13:03:44 - [TEST_STEP][PASSED] - Statement - PreSaveFile = new java.io.File(((pathPrefix + java.lang.Integer.toString(counter)) + .png)): null

2018-12-20 13:03:44 - [TEST_STEP][PASSED] - Statement - counter = counter + 1: null

2018-12-20 13:03:44 - [TEST_STEP][PASSED] - Statement - PreSaveFile = new java.io.File(((pathPrefix + java.lang.Integer.toString(counter)) + .png)): null

2018-12-20 13:03:44 - [TEST_STEP][PASSED] - Statement - counter = counter + 1: null

2018-12-20 13:03:44 - [TEST_STEP][PASSED] - Statement - PreSaveFile = new java.io.File(((pathPrefix + java.lang.Integer.toString(counter)) + .png)): null

2018-12-20 13:03:44 - [TEST_STEP][PASSED] - Statement - counter = counter + 1: null

2018-12-20 13:03:44 - [TEST_STEP][PASSED] - Statement - PreSaveFile = new java.io.File(((pathPrefix + java.lang.Integer.toString(counter)) + .png)): null

2018-12-20 13:03:44 - [TEST_STEP][PASSED] - Statement - counter = counter + 1: null

2018-12-20 13:03:44 - [TEST_STEP][PASSED] - Statement - PreSaveFile = new java.io.File(((pathPrefix + java.lang.Integer.toString(counter)) + .png)): null

2018-12-20 13:03:44 - [TEST_STEP][PASSED] - Statement - counter = counter + 1: null

2018-12-20 13:03:44 - [TEST_STEP][PASSED] - Statement - PreSaveFile = new java.io.File(((pathPrefix + java.lang.Integer.toString(counter)) + .png)): null

2018-12-20 13:03:44 - [TEST_STEP][PASSED] - Statement - counter = counter + 1: null

2018-12-20 13:03:44 - [TEST_STEP][PASSED] - Statement - PreSaveFile = new java.io.File(((pathPrefix + java.lang.Integer.toString(counter)) + .png)): null

2018-12-20 13:03:44 - [TEST_STEP][PASSED] - Statement - counter = counter + 1: null

2018-12-20 13:03:44 - [TEST_STEP][PASSED] - Statement - PreSaveFile = new java.io.File(((pathPrefix + java.lang.Integer.toString(counter)) + .png)): null

2018-12-20 13:03:44 - [TEST_STEP][PASSED] - Statement - counter = counter + 1: null

2018-12-20 13:03:44 - [TEST_STEP][PASSED] - Statement - PreSaveFile = new java.io.File(((pathPrefix + java.lang.Integer.toString(counter)) + .png)): null

2018-12-20 13:03:44 - [TEST_STEP][PASSED] - Statement - counter = counter + 1: null

2018-12-20 13:03:44 - [TEST_STEP][PASSED] - Statement - PreSaveFile = new java.io.File(((pathPrefix + java.lang.Integer.toString(counter)) + .png)): null

2018-12-20 13:03:45 - [TEST_STEP][PASSED] - Statement - counter = counter + 1: null

2018-12-20 13:03:45 - [TEST_STEP][PASSED] - Statement - PreSaveFile = new java.io.File(((pathPrefix + java.lang.Integer.toString(counter)) + .png)): null

2018-12-20 13:03:45 - [TEST_STEP][PASSED] - Statement - counter = counter + 1: null

2018-12-20 13:03:45 - [TEST_STEP][PASSED] - Statement - PreSaveFile = new java.io.File(((pathPrefix + java.lang.Integer.toString(counter)) + .png)): null

2018-12-20 13:03:45 - [TEST_STEP][PASSED] - Statement - counter = counter + 1: null

2018-12-20 13:03:45 - [TEST_STEP][PASSED] - Statement - PreSaveFile = new java.io.File(((pathPrefix + java.lang.Integer.toString(counter)) + .png)): null

2018-12-20 13:03:45 - [TEST_STEP][PASSED] - Statement - counter = counter + 1: null

2018-12-20 13:03:45 - [TEST_STEP][PASSED] - Statement - PreSaveFile = new java.io.File(((pathPrefix + java.lang.Integer.toString(counter)) + .png)): null

2018-12-20 13:03:45 - [TEST_STEP][PASSED] - Statement - counter = counter + 1: null

2018-12-20 13:03:45 - [TEST_STEP][PASSED] - Statement - PreSaveFile = new java.io.File(((pathPrefix + java.lang.Integer.toString(counter)) + .png)): null

2018-12-20 13:03:45 - [TEST_STEP][PASSED] - Statement - counter = counter + 1: null

2018-12-20 13:03:45 - [TEST_STEP][PASSED] - Statement - PreSaveFile = new java.io.File(((pathPrefix + java.lang.Integer.toString(counter)) + .png)): null

2018-12-20 13:03:45 - [TEST_STEP][PASSED] - Statement - counter = counter + 1: null

2018-12-20 13:03:45 - [TEST_STEP][PASSED] - Statement - PreSaveFile = new java.io.File(((pathPrefix + java.lang.Integer.toString(counter)) + .png)): null

2018-12-20 13:03:45 - [TEST_STEP][PASSED] - Statement - counter = counter + 1: null

2018-12-20 13:03:45 - [TEST_STEP][PASSED] - Statement - PreSaveFile = new java.io.File(((pathPrefix + java.lang.Integer.toString(counter)) + .png)): null

2018-12-20 13:03:45 - [TEST_STEP][PASSED] - Statement - counter = counter + 1: null

2018-12-20 13:03:45 - [TEST_STEP][PASSED] - Statement - PreSaveFile = new java.io.File(((pathPrefix + java.lang.Integer.toString(counter)) + .png)): null

2018-12-20 13:03:45 - [TEST_STEP][PASSED] - Statement - counter = counter + 1: null

2018-12-20 13:03:45 - [TEST_STEP][PASSED] - Statement - PreSaveFile = new java.io.File(((pathPrefix + java.lang.Integer.toString(counter)) + .png)): null

2018-12-20 13:03:45 - [TEST_STEP][PASSED] - Statement - counter = counter + 1: null

2018-12-20 13:03:45 - [TEST_STEP][PASSED] - Statement - PreSaveFile = new java.io.File(((pathPrefix + java.lang.Integer.toString(counter)) + .png)): null

2018-12-20 13:03:45 - [TEST_STEP][PASSED] - Statement - counter = counter + 1: null

2018-12-20 13:03:45 - [TEST_STEP][PASSED] - Statement - PreSaveFile = new java.io.File(((pathPrefix + java.lang.Integer.toString(counter)) + .png)): null

2018-12-20 13:03:45 - [TEST_STEP][PASSED] - Statement - counter = counter + 1: null

2018-12-20 13:03:45 - [TEST_STEP][PASSED] - Statement - PreSaveFile = new java.io.File(((pathPrefix + java.lang.Integer.toString(counter)) + .png)): null

2018-12-20 13:03:45 - [TEST_STEP][PASSED] - Statement - counter = counter + 1: null

2018-12-20 13:03:45 - [TEST_STEP][PASSED] - Statement - PreSaveFile = new java.io.File(((pathPrefix + java.lang.Integer.toString(counter)) + .png)): null

2018-12-20 13:03:45 - [TEST_STEP][PASSED] - Statement - counter = counter + 1: null

2018-12-20 13:03:46 - [TEST_STEP][PASSED] - Statement - PreSaveFile = new java.io.File(((pathPrefix + java.lang.Integer.toString(counter)) + .png)): null

2018-12-20 13:03:46 - [TEST_STEP][PASSED] - Statement - counter = counter + 1: null

2018-12-20 13:03:46 - [TEST_STEP][PASSED] - Statement - PreSaveFile = new java.io.File(((pathPrefix + java.lang.Integer.toString(counter)) + .png)): null

2018-12-20 13:03:46 - [TEST_STEP][PASSED] - Statement - counter = counter + 1: null

2018-12-20 13:03:46 - [TEST_STEP][PASSED] - Statement - PreSaveFile = new java.io.File(((pathPrefix + java.lang.Integer.toString(counter)) + .png)): null

2018-12-20 13:03:46 - [TEST_STEP][PASSED] - Statement - counter = counter + 1: null

2018-12-20 13:03:46 - [TEST_STEP][PASSED] - Statement - PreSaveFile = new java.io.File(((pathPrefix + java.lang.Integer.toString(counter)) + .png)): null

2018-12-20 13:03:46 - [TEST_STEP][PASSED] - Statement - counter = counter + 1: null

2018-12-20 13:03:46 - [TEST_STEP][PASSED] - Statement - PreSaveFile = new java.io.File(((pathPrefix + java.lang.Integer.toString(counter)) + .png)): null

2018-12-20 13:03:46 - [TEST_STEP][PASSED] - Statement - counter = counter + 1: null

2018-12-20 13:03:46 - [TEST_STEP][PASSED] - Statement - PreSaveFile = new java.io.File(((pathPrefix + java.lang.Integer.toString(counter)) + .png)): null

2018-12-20 13:03:46 - [TEST_STEP][PASSED] - Statement - counter = counter + 1: null

2018-12-20 13:03:46 - [TEST_STEP][PASSED] - Statement - PreSaveFile = new java.io.File(((pathPrefix + java.lang.Integer.toString(counter)) + .png)): null

2018-12-20 13:03:46 - [TEST_STEP][PASSED] - Statement - counter = counter + 1: null

2018-12-20 13:03:46 - [TEST_STEP][PASSED] - Statement - PreSaveFile = new java.io.File(((pathPrefix + java.lang.Integer.toString(counter)) + .png)): null

2018-12-20 13:03:46 - [TEST_STEP][PASSED] - Statement - counter = counter + 1: null

2018-12-20 13:03:46 - [TEST_STEP][PASSED] - Statement - PreSaveFile = new java.io.File(((pathPrefix + java.lang.Integer.toString(counter)) + .png)): null

2018-12-20 13:03:46 - [TEST_STEP][PASSED] - Statement - counter = counter + 1: null

2018-12-20 13:03:46 - [TEST_STEP][PASSED] - Statement - PreSaveFile = new java.io.File(((pathPrefix + java.lang.Integer.toString(counter)) + .png)): null

2018-12-20 13:03:46 - [TEST_STEP][PASSED] - Statement - counter = counter + 1: null

2018-12-20 13:03:46 - [TEST_STEP][PASSED] - Statement - PreSaveFile = new java.io.File(((pathPrefix + java.lang.Integer.toString(counter)) + .png)): null

2018-12-20 13:03:46 - [TEST_STEP][PASSED] - Statement - counter = counter + 1: null

2018-12-20 13:03:46 - [TEST_STEP][PASSED] - Statement - PreSaveFile = new java.io.File(((pathPrefix + java.lang.Integer.toString(counter)) + .png)): null

2018-12-20 13:03:46 - [TEST_STEP][PASSED] - Statement - counter = counter + 1: null

2018-12-20 13:03:46 - [TEST_STEP][PASSED] - Statement - PreSaveFile = new java.io.File(((pathPrefix + java.lang.Integer.toString(counter)) + .png)): null

2018-12-20 13:03:46 - [TEST_STEP][PASSED] - Statement - counter = counter + 1: null

2018-12-20 13:03:46 - [TEST_STEP][PASSED] - Statement - PreSaveFile = new java.io.File(((pathPrefix + java.lang.Integer.toString(counter)) + .png)): null

2018-12-20 13:03:46 - [TEST_STEP][PASSED] - Statement - counter = counter + 1: null

2018-12-20 13:03:46 - [TEST_STEP][PASSED] - Statement - PreSaveFile = new java.io.File(((pathPrefix + java.lang.Integer.toString(counter)) + .png)): null

2018-12-20 13:03:47 - [TEST_STEP][PASSED] - Statement - counter = counter + 1: null

2018-12-20 13:03:47 - [TEST_STEP][PASSED] - Statement - PreSaveFile = new java.io.File(((pathPrefix + java.lang.Integer.toString(counter)) + .png)): null

2018-12-20 13:03:47 - [TEST_STEP][PASSED] - Statement - counter = counter + 1: null

2018-12-20 13:03:47 - [TEST_STEP][PASSED] - Statement - PreSaveFile = new java.io.File(((pathPrefix + java.lang.Integer.toString(counter)) + .png)): null

2018-12-20 13:03:47 - [TEST_STEP][PASSED] - Statement - counter = counter + 1: null

2018-12-20 13:03:47 - [TEST_STEP][PASSED] - Statement - PreSaveFile = new java.io.File(((pathPrefix + java.lang.Integer.toString(counter)) + .png)): null

2018-12-20 13:03:47 - [TEST_STEP][PASSED] - Statement - counter = counter + 1: null

2018-12-20 13:03:47 - [TEST_STEP][PASSED] - Statement - PreSaveFile = new java.io.File(((pathPrefix + java.lang.Integer.toString(counter)) + .png)): null

2018-12-20 13:03:47 - [TEST_STEP][PASSED] - Statement - counter = counter + 1: null

2018-12-20 13:03:47 - [TEST_STEP][PASSED] - Statement - PreSaveFile = new java.io.File(((pathPrefix + java.lang.Integer.toString(counter)) + .png)): null

2018-12-20 13:03:47 - [TEST_STEP][PASSED] - Statement - counter = counter + 1: null

2018-12-20 13:03:47 - [TEST_STEP][PASSED] - Statement - PreSaveFile = new java.io.File(((pathPrefix + java.lang.Integer.toString(counter)) + .png)): null

2018-12-20 13:03:47 - [TEST_STEP][PASSED] - Statement - counter = counter + 1: null

2018-12-20 13:03:47 - [TEST_STEP][PASSED] - Statement - PreSaveFile = new java.io.File(((pathPrefix + java.lang.Integer.toString(counter)) + .png)): null

2018-12-20 13:03:47 - [TEST_STEP][PASSED] - Statement - counter = counter + 1: null

2018-12-20 13:03:47 - [TEST_STEP][PASSED] - Statement - PreSaveFile = new java.io.File(((pathPrefix + java.lang.Integer.toString(counter)) + .png)): null

2018-12-20 13:03:47 - [TEST_STEP][PASSED] - Statement - counter = counter + 1: null

2018-12-20 13:03:47 - [TEST_STEP][PASSED] - Statement - PreSaveFile = new java.io.File(((pathPrefix + java.lang.Integer.toString(counter)) + .png)): null

2018-12-20 13:03:47 - [TEST_STEP][PASSED] - Statement - counter = counter + 1: null

2018-12-20 13:03:47 - [TEST_STEP][PASSED] - Statement - PreSaveFile = new java.io.File(((pathPrefix + java.lang.Integer.toString(counter)) + .png)): null

2018-12-20 13:03:47 - [TEST_STEP][PASSED] - Statement - counter = counter + 1: null

2018-12-20 13:03:47 - [TEST_STEP][PASSED] - Statement - PreSaveFile = new java.io.File(((pathPrefix + java.lang.Integer.toString(counter)) + .png)): null

2018-12-20 13:03:47 - [TEST_STEP][PASSED] - Statement - counter = counter + 1: null

2018-12-20 13:03:47 - [TEST_STEP][PASSED] - Statement - PreSaveFile = new java.io.File(((pathPrefix + java.lang.Integer.toString(counter)) + .png)): null

2018-12-20 13:03:47 - [TEST_STEP][PASSED] - Statement - counter = counter + 1: null

2018-12-20 13:03:47 - [TEST_STEP][PASSED] - Statement - PreSaveFile = new java.io.File(((pathPrefix + java.lang.Integer.toString(counter)) + .png)): null

2018-12-20 13:03:47 - [TEST_STEP][PASSED] - Statement - counter = counter + 1: null

2018-12-20 13:03:47 - [TEST_STEP][PASSED] - Statement - PreSaveFile = new java.io.File(((pathPrefix + java.lang.Integer.toString(counter)) + .png)): null

2018-12-20 13:03:47 - [TEST_STEP][PASSED] - Statement - counter = counter + 1: null

2018-12-20 13:03:48 - [TEST_STEP][PASSED] - Statement - PreSaveFile = new java.io.File(((pathPrefix + java.lang.Integer.toString(counter)) + .png)): null

2018-12-20 13:03:48 - [TEST_STEP][PASSED] - Statement - counter = counter + 1: null

2018-12-20 13:03:48 - [TEST_STEP][PASSED] - Statement - PreSaveFile = new java.io.File(((pathPrefix + java.lang.Integer.toString(counter)) + .png)): null

2018-12-20 13:03:48 - [TEST_STEP][PASSED] - Statement - counter = counter + 1: null

2018-12-20 13:03:48 - [TEST_STEP][PASSED] - Statement - PreSaveFile = new java.io.File(((pathPrefix + java.lang.Integer.toString(counter)) + .png)): null

2018-12-20 13:03:48 - [TEST_STEP][PASSED] - Statement - counter = counter + 1: null

2018-12-20 13:03:48 - [TEST_STEP][PASSED] - Statement - PreSaveFile = new java.io.File(((pathPrefix + java.lang.Integer.toString(counter)) + .png)): null

2018-12-20 13:03:48 - [TEST_STEP][PASSED] - Statement - counter = counter + 1: null

2018-12-20 13:03:48 - [TEST_STEP][PASSED] - Statement - PreSaveFile = new java.io.File(((pathPrefix + java.lang.Integer.toString(counter)) + .png)): null

2018-12-20 13:03:48 - [TEST_STEP][PASSED] - Statement - counter = counter + 1: null

2018-12-20 13:03:48 - [TEST_STEP][PASSED] - Statement - PreSaveFile = new java.io.File(((pathPrefix + java.lang.Integer.toString(counter)) + .png)): null

2018-12-20 13:03:48 - [TEST_STEP][PASSED] - Statement - counter = counter + 1: null

2018-12-20 13:03:48 - [TEST_STEP][PASSED] - Statement - PreSaveFile = new java.io.File(((pathPrefix + java.lang.Integer.toString(counter)) + .png)): null

2018-12-20 13:03:48 - [TEST_STEP][PASSED] - Statement - counter = counter + 1: null

2018-12-20 13:03:48 - [TEST_STEP][PASSED] - Statement - PreSaveFile = new java.io.File(((pathPrefix + java.lang.Integer.toString(counter)) + .png)): null

2018-12-20 13:03:48 - [TEST_STEP][PASSED] - Statement - counter = counter + 1: null

2018-12-20 13:03:48 - [TEST_STEP][PASSED] - Statement - PreSaveFile = new java.io.File(((pathPrefix + java.lang.Integer.toString(counter)) + .png)): null

2018-12-20 13:03:48 - [TEST_STEP][PASSED] - Statement - counter = counter + 1: null

2018-12-20 13:03:48 - [TEST_STEP][PASSED] - Statement - PreSaveFile = new java.io.File(((pathPrefix + java.lang.Integer.toString(counter)) + .png)): null

2018-12-20 13:03:48 - [TEST_STEP][PASSED] - Statement - counter = counter + 1: null

2018-12-20 13:03:48 - [TEST_STEP][PASSED] - Statement - PreSaveFile = new java.io.File(((pathPrefix + java.lang.Integer.toString(counter)) + .png)): null

2018-12-20 13:03:48 - [TEST_STEP][PASSED] - Statement - counter = counter + 1: null

2018-12-20 13:03:48 - [TEST_STEP][PASSED] - Statement - PreSaveFile = new java.io.File(((pathPrefix + java.lang.Integer.toString(counter)) + .png)): null

2018-12-20 13:03:48 - [TEST_STEP][PASSED] - Statement - counter = counter + 1: null

2018-12-20 13:03:48 - [TEST_STEP][PASSED] - Statement - PreSaveFile = new java.io.File(((pathPrefix + java.lang.Integer.toString(counter)) + .png)): null

2018-12-20 13:03:48 - [TEST_STEP][PASSED] - Statement - counter = counter + 1: null

2018-12-20 13:03:48 - [TEST_STEP][PASSED] - Statement - PreSaveFile = new java.io.File(((pathPrefix + java.lang.Integer.toString(counter)) + .png)): null

2018-12-20 13:03:48 - [TEST_STEP][PASSED] - Statement - counter = counter + 1: null

2018-12-20 13:03:48 - [TEST_STEP][PASSED] - Statement - PreSaveFile = new java.io.File(((pathPrefix + java.lang.Integer.toString(counter)) + .png)): null

2018-12-20 13:03:49 - [TEST_STEP][PASSED] - Statement - counter = counter + 1: null

2018-12-20 13:03:49 - [TEST_STEP][PASSED] - Statement - PreSaveFile = new java.io.File(((pathPrefix + java.lang.Integer.toString(counter)) + .png)): null

2018-12-20 13:03:49 - [TEST_STEP][PASSED] - Statement - counter = counter + 1: null

2018-12-20 13:03:49 - [TEST_STEP][PASSED] - Statement - PreSaveFile = new java.io.File(((pathPrefix + java.lang.Integer.toString(counter)) + .png)): null

2018-12-20 13:03:49 - [TEST_STEP][PASSED] - Statement - counter = counter + 1: null

2018-12-20 13:03:49 - [TEST_STEP][PASSED] - Statement - PreSaveFile = new java.io.File(((pathPrefix + java.lang.Integer.toString(counter)) + .png)): null

2018-12-20 13:03:49 - [TEST_STEP][PASSED] - Statement - counter = counter + 1: null

2018-12-20 13:03:49 - [TEST_STEP][PASSED] - Statement - PreSaveFile = new java.io.File(((pathPrefix + java.lang.Integer.toString(counter)) + .png)): null

2018-12-20 13:03:49 - [TEST_STEP][PASSED] - Statement - counter = counter + 1: null

2018-12-20 13:03:49 - [TEST_STEP][PASSED] - Statement - PreSaveFile = new java.io.File(((pathPrefix + java.lang.Integer.toString(counter)) + .png)): null

2018-12-20 13:03:49 - [TEST_STEP][PASSED] - Statement - counter = counter + 1: null

2018-12-20 13:03:49 - [TEST_STEP][PASSED] - Statement - PreSaveFile = new java.io.File(((pathPrefix + java.lang.Integer.toString(counter)) + .png)): null

2018-12-20 13:03:49 - [TEST_STEP][PASSED] - Statement - counter = counter + 1: null

2018-12-20 13:03:49 - [TEST_STEP][PASSED] - Statement - PreSaveFile = new java.io.File(((pathPrefix + java.lang.Integer.toString(counter)) + .png)): null

2018-12-20 13:03:49 - [TEST_STEP][PASSED] - Statement - counter = counter + 1: null

2018-12-20 13:03:49 - [TEST_STEP][PASSED] - Statement - PreSaveFile = new java.io.File(((pathPrefix + java.lang.Integer.toString(counter)) + .png)): null

2018-12-20 13:03:49 - [TEST_STEP][PASSED] - Statement - counter = counter + 1: null

2018-12-20 13:03:49 - [TEST_STEP][PASSED] - Statement - PreSaveFile = new java.io.File(((pathPrefix + java.lang.Integer.toString(counter)) + .png)): null

2018-12-20 13:03:49 - [TEST_STEP][PASSED] - Statement - counter = counter + 1: null

2018-12-20 13:03:49 - [TEST_STEP][PASSED] - Statement - PreSaveFile = new java.io.File(((pathPrefix + java.lang.Integer.toString(counter)) + .png)): null

2018-12-20 13:03:49 - [TEST_STEP][PASSED] - Statement - counter = counter + 1: null

2018-12-20 13:03:49 - [TEST_STEP][PASSED] - Statement - PreSaveFile = new java.io.File(((pathPrefix + java.lang.Integer.toString(counter)) + .png)): null

2018-12-20 13:03:49 - [TEST_STEP][PASSED] - Statement - counter = counter + 1: null

2018-12-20 13:03:49 - [TEST_STEP][PASSED] - Statement - PreSaveFile = new java.io.File(((pathPrefix + java.lang.Integer.toString(counter)) + .png)): null

2018-12-20 13:03:49 - [TEST_STEP][PASSED] - Statement - counter = counter + 1: null

2018-12-20 13:03:49 - [TEST_STEP][PASSED] - Statement - PreSaveFile = new java.io.File(((pathPrefix + java.lang.Integer.toString(counter)) + .png)): null

2018-12-20 13:03:49 - [TEST_STEP][PASSED] - Statement - counter = counter + 1: null

2018-12-20 13:03:49 - [TEST_STEP][PASSED] - Statement - PreSaveFile = new java.io.File(((pathPrefix + java.lang.Integer.toString(counter)) + .png)): null

2018-12-20 13:03:50 - [TEST_STEP][PASSED] - Statement - counter = counter + 1: null

2018-12-20 13:03:50 - [TEST_STEP][PASSED] - Statement - PreSaveFile = new java.io.File(((pathPrefix + java.lang.Integer.toString(counter)) + .png)): null

2018-12-20 13:03:50 - [TEST_STEP][PASSED] - Statement - counter = counter + 1: null

2018-12-20 13:03:50 - [TEST_STEP][PASSED] - Statement - PreSaveFile = new java.io.File(((pathPrefix + java.lang.Integer.toString(counter)) + .png)): null

2018-12-20 13:03:50 - [TEST_STEP][PASSED] - Statement - counter = counter + 1: null

2018-12-20 13:03:50 - [TEST_STEP][PASSED] - Statement - PreSaveFile = new java.io.File(((pathPrefix + java.lang.Integer.toString(counter)) + .png)): null

2018-12-20 13:03:50 - [TEST_STEP][PASSED] - Statement - counter = counter + 1: null

2018-12-20 13:03:50 - [TEST_STEP][PASSED] - Statement - PreSaveFile = new java.io.File(((pathPrefix + java.lang.Integer.toString(counter)) + .png)): null

2018-12-20 13:03:50 - [TEST_STEP][PASSED] - Statement - counter = counter + 1: null

2018-12-20 13:03:50 - [TEST_STEP][PASSED] - Statement - PreSaveFile = new java.io.File(((pathPrefix + java.lang.Integer.toString(counter)) + .png)): null

2018-12-20 13:03:50 - [TEST_STEP][PASSED] - Statement - counter = counter + 1: null

2018-12-20 13:03:50 - [TEST_STEP][PASSED] - Statement - PreSaveFile = new java.io.File(((pathPrefix + java.lang.Integer.toString(counter)) + .png)): null

2018-12-20 13:03:50 - [TEST_STEP][PASSED] - Statement - counter = counter + 1: null

2018-12-20 13:03:50 - [TEST_STEP][PASSED] - Statement - PreSaveFile = new java.io.File(((pathPrefix + java.lang.Integer.toString(counter)) + .png)): null

2018-12-20 13:03:50 - [TEST_STEP][PASSED] - Statement - counter = counter + 1: null

2018-12-20 13:03:50 - [TEST_STEP][PASSED] - Statement - PreSaveFile = new java.io.File(((pathPrefix + java.lang.Integer.toString(counter)) + .png)): null

2018-12-20 13:03:50 - [TEST_STEP][PASSED] - Statement - counter = counter + 1: null

2018-12-20 13:03:50 - [TEST_STEP][PASSED] - Statement - PreSaveFile = new java.io.File(((pathPrefix + java.lang.Integer.toString(counter)) + .png)): null

2018-12-20 13:03:50 - [TEST_STEP][PASSED] - Statement - counter = counter + 1: null

2018-12-20 13:03:50 - [TEST_STEP][PASSED] - Statement - PreSaveFile = new java.io.File(((pathPrefix + java.lang.Integer.toString(counter)) + .png)): null

2018-12-20 13:03:50 - [TEST_STEP][PASSED] - Statement - counter = counter + 1: null

2018-12-20 13:03:50 - [TEST_STEP][PASSED] - Statement - PreSaveFile = new java.io.File(((pathPrefix + java.lang.Integer.toString(counter)) + .png)): null

2018-12-20 13:03:50 - [TEST_STEP][PASSED] - Statement - counter = counter + 1: null

2018-12-20 13:03:50 - [TEST_STEP][PASSED] - Statement - PreSaveFile = new java.io.File(((pathPrefix + java.lang.Integer.toString(counter)) + .png)): null

2018-12-20 13:03:50 - [TEST_STEP][PASSED] - Statement - counter = counter + 1: null

2018-12-20 13:03:50 - [TEST_STEP][PASSED] - Statement - PreSaveFile = new java.io.File(((pathPrefix + java.lang.Integer.toString(counter)) + .png)): null

2018-12-20 13:03:50 - [TEST_STEP][PASSED] - Statement - counter = counter + 1: null

2018-12-20 13:03:50 - [TEST_STEP][PASSED] - Statement - PreSaveFile = new java.io.File(((pathPrefix + java.lang.Integer.toString(counter)) + .png)): null

2018-12-20 13:03:50 - [TEST_STEP][PASSED] - Statement - counter = counter + 1: null

2018-12-20 13:03:50 - [TEST_STEP][PASSED] - Statement - PreSaveFile = new java.io.File(((pathPrefix + java.lang.Integer.toString(counter)) + .png)): null

2018-12-20 13:03:50 - [TEST_STEP][PASSED] - Statement - counter = counter + 1: null

2018-12-20 13:03:50 - [TEST_STEP][PASSED] - Statement - PreSaveFile = new java.io.File(((pathPrefix + java.lang.Integer.toString(counter)) + .png)): null

2018-12-20 13:03:50 - [TEST_STEP][PASSED] - Statement - counter = counter + 1: null

2018-12-20 13:03:50 - [TEST_STEP][PASSED] - Statement - PreSaveFile = new java.io.File(((pathPrefix + java.lang.Integer.toString(counter)) + .png)): null

2018-12-20 13:03:50 - [TEST_STEP][PASSED] - Statement - counter = counter + 1: null

2018-12-20 13:03:50 - [TEST_STEP][PASSED] - Statement - PreSaveFile = new java.io.File(((pathPrefix + java.lang.Integer.toString(counter)) + .png)): null

2018-12-20 13:03:50 - [TEST_STEP][PASSED] - Statement - counter = counter + 1: null

2018-12-20 13:03:50 - [TEST_STEP][PASSED] - Statement - PreSaveFile = new java.io.File(((pathPrefix + java.lang.Integer.toString(counter)) + .png)): null

2018-12-20 13:03:50 - [TEST_STEP][PASSED] - Statement - counter = counter + 1: null

2018-12-20 13:03:51 - [TEST_STEP][PASSED] - Statement - PreSaveFile = new java.io.File(((pathPrefix + java.lang.Integer.toString(counter)) + .png)): null

2018-12-20 13:03:51 - [TEST_STEP][PASSED] - Statement - counter = counter + 1: null

2018-12-20 13:03:51 - [TEST_STEP][PASSED] - Statement - PreSaveFile = new java.io.File(((pathPrefix + java.lang.Integer.toString(counter)) + .png)): null

2018-12-20 13:03:51 - [TEST_STEP][PASSED] - Statement - counter = counter + 1: null

2018-12-20 13:03:51 - [TEST_STEP][PASSED] - Statement - PreSaveFile = new java.io.File(((pathPrefix + java.lang.Integer.toString(counter)) + .png)): null

2018-12-20 13:03:51 - [TEST_STEP][PASSED] - Statement - counter = counter + 1: null

2018-12-20 13:03:51 - [TEST_STEP][PASSED] - Statement - PreSaveFile = new java.io.File(((pathPrefix + java.lang.Integer.toString(counter)) + .png)): null

2018-12-20 13:03:51 - [TEST_STEP][PASSED] - Statement - counter = counter + 1: null

2018-12-20 13:03:51 - [TEST_STEP][PASSED] - Statement - PreSaveFile = new java.io.File(((pathPrefix + java.lang.Integer.toString(counter)) + .png)): null

2018-12-20 13:03:51 - [TEST_STEP][PASSED] - Statement - counter = counter + 1: null

2018-12-20 13:03:51 - [TEST_STEP][PASSED] - Statement - PreSaveFile = new java.io.File(((pathPrefix + java.lang.Integer.toString(counter)) + .png)): null

2018-12-20 13:03:51 - [TEST_STEP][PASSED] - Statement - counter = counter + 1: null

2018-12-20 13:03:51 - [TEST_STEP][PASSED] - Statement - PreSaveFile = new java.io.File(((pathPrefix + java.lang.Integer.toString(counter)) + .png)): null

2018-12-20 13:03:51 - [TEST_STEP][PASSED] - Statement - counter = counter + 1: null

2018-12-20 13:03:51 - [TEST_STEP][PASSED] - Statement - PreSaveFile = new java.io.File(((pathPrefix + java.lang.Integer.toString(counter)) + .png)): null

2018-12-20 13:03:51 - [TEST_STEP][PASSED] - Statement - counter = counter + 1: null

2018-12-20 13:03:51 - [TEST_STEP][PASSED] - Statement - PreSaveFile = new java.io.File(((pathPrefix + java.lang.Integer.toString(counter)) + .png)): null

2018-12-20 13:03:51 - [TEST_STEP][PASSED] - Statement - counter = counter + 1: null

2018-12-20 13:03:51 - [TEST_STEP][PASSED] - Statement - PreSaveFile = new java.io.File(((pathPrefix + java.lang.Integer.toString(counter)) + .png)): null

2018-12-20 13:03:51 - [TEST_STEP][PASSED] - Statement - counter = counter + 1: null

2018-12-20 13:03:51 - [TEST_STEP][PASSED] - Statement - PreSaveFile = new java.io.File(((pathPrefix + java.lang.Integer.toString(counter)) + .png)): null

2018-12-20 13:03:51 - [TEST_STEP][PASSED] - Statement - counter = counter + 1: null

2018-12-20 13:03:51 - [TEST_STEP][PASSED] - Statement - PreSaveFile = new java.io.File(((pathPrefix + java.lang.Integer.toString(counter)) + .png)): null

2018-12-20 13:03:51 - [TEST_STEP][PASSED] - Statement - counter = counter + 1: null

2018-12-20 13:03:51 - [TEST_STEP][PASSED] - Statement - PreSaveFile = new java.io.File(((pathPrefix + java.lang.Integer.toString(counter)) + .png)): null

2018-12-20 13:03:51 - [TEST_STEP][PASSED] - Statement - counter = counter + 1: null

2018-12-20 13:03:51 - [TEST_STEP][PASSED] - Statement - PreSaveFile = new java.io.File(((pathPrefix + java.lang.Integer.toString(counter)) + .png)): null

2018-12-20 13:03:51 - [TEST_STEP][PASSED] - Statement - counter = counter + 1: null

2018-12-20 13:03:51 - [TEST_STEP][PASSED] - Statement - PreSaveFile = new java.io.File(((pathPrefix + java.lang.Integer.toString(counter)) + .png)): null

2018-12-20 13:03:52 - [TEST_STEP][PASSED] - Statement - counter = counter + 1: null

2018-12-20 13:03:52 - [TEST_STEP][PASSED] - Statement - PreSaveFile = new java.io.File(((pathPrefix + java.lang.Integer.toString(counter)) + .png)): null

2018-12-20 13:03:52 - [TEST_STEP][PASSED] - Statement - counter = counter + 1: null

2018-12-20 13:03:52 - [TEST_STEP][PASSED] - Statement - PreSaveFile = new java.io.File(((pathPrefix + java.lang.Integer.toString(counter)) + .png)): null

2018-12-20 13:03:52 - [TEST_STEP][PASSED] - Statement - counter = counter + 1: null

2018-12-20 13:03:52 - [TEST_STEP][PASSED] - Statement - PreSaveFile = new java.io.File(((pathPrefix + java.lang.Integer.toString(counter)) + .png)): null

2018-12-20 13:03:52 - [TEST_STEP][PASSED] - Statement - counter = counter + 1: null

2018-12-20 13:03:52 - [TEST_STEP][PASSED] - Statement - PreSaveFile = new java.io.File(((pathPrefix + java.lang.Integer.toString(counter)) + .png)): null

2018-12-20 13:03:52 - [TEST_STEP][PASSED] - Statement - counter = counter + 1: null

2018-12-20 13:03:52 - [TEST_STEP][PASSED] - Statement - PreSaveFile = new java.io.File(((pathPrefix + java.lang.Integer.toString(counter)) + .png)): null

2018-12-20 13:03:52 - [TEST_STEP][PASSED] - Statement - counter = counter + 1: null

2018-12-20 13:03:52 - [TEST_STEP][PASSED] - Statement - PreSaveFile = new java.io.File(((pathPrefix + java.lang.Integer.toString(counter)) + .png)): null

2018-12-20 13:03:52 - [TEST_STEP][PASSED] - Statement - counter = counter + 1: null

2018-12-20 13:03:52 - [TEST_STEP][PASSED] - Statement - PreSaveFile = new java.io.File(((pathPrefix + java.lang.Integer.toString(counter)) + .png)): null

2018-12-20 13:03:52 - [TEST_STEP][PASSED] - Statement - counter = counter + 1: null

2018-12-20 13:03:52 - [TEST_STEP][PASSED] - Statement - PreSaveFile = new java.io.File(((pathPrefix + java.lang.Integer.toString(counter)) + .png)): null

2018-12-20 13:03:52 - [TEST_STEP][PASSED] - Statement - counter = counter + 1: null

2018-12-20 13:03:52 - [TEST_STEP][PASSED] - Statement - PreSaveFile = new java.io.File(((pathPrefix + java.lang.Integer.toString(counter)) + .png)): null

2018-12-20 13:03:52 - [TEST_STEP][PASSED] - Statement - counter = counter + 1: null

2018-12-20 13:03:52 - [TEST_STEP][PASSED] - Statement - PreSaveFile = new java.io.File(((pathPrefix + java.lang.Integer.toString(counter)) + .png)): null

2018-12-20 13:03:52 - [TEST_STEP][PASSED] - Statement - counter = counter + 1: null

2018-12-20 13:03:52 - [TEST_STEP][PASSED] - Statement - PreSaveFile = new java.io.File(((pathPrefix + java.lang.Integer.toString(counter)) + .png)): null

2018-12-20 13:03:52 - [TEST_STEP][PASSED] - Statement - counter = counter + 1: null

2018-12-20 13:03:52 - [TEST_STEP][PASSED] - Statement - PreSaveFile = new java.io.File(((pathPrefix + java.lang.Integer.toString(counter)) + .png)): null

2018-12-20 13:03:52 - [TEST_STEP][PASSED] - Statement - counter = counter + 1: null

2018-12-20 13:03:52 - [TEST_STEP][PASSED] - Statement - PreSaveFile = new java.io.File(((pathPrefix + java.lang.Integer.toString(counter)) + .png)): null

2018-12-20 13:03:52 - [TEST_STEP][PASSED] - Statement - counter = counter + 1: null

2018-12-20 13:03:52 - [TEST_STEP][PASSED] - Statement - PreSaveFile = new java.io.File(((pathPrefix + java.lang.Integer.toString(counter)) + .png)): null

2018-12-20 13:03:53 - [TEST_STEP][PASSED] - Statement - counter = counter + 1: null

2018-12-20 13:03:53 - [TEST_STEP][PASSED] - Statement - PreSaveFile = new java.io.File(((pathPrefix + java.lang.Integer.toString(counter)) + .png)): null

2018-12-20 13:03:53 - [TEST_STEP][PASSED] - Statement - counter = counter + 1: null

2018-12-20 13:03:53 - [TEST_STEP][PASSED] - Statement - PreSaveFile = new java.io.File(((pathPrefix + java.lang.Integer.toString(counter)) + .png)): null

2018-12-20 13:03:53 - [TEST_STEP][PASSED] - Statement - counter = counter + 1: null

2018-12-20 13:03:53 - [TEST_STEP][PASSED] - Statement - PreSaveFile = new java.io.File(((pathPrefix + java.lang.Integer.toString(counter)) + .png)): null

2018-12-20 13:03:53 - [TEST_STEP][PASSED] - Statement - counter = counter + 1: null

2018-12-20 13:03:53 - [TEST_STEP][PASSED] - Statement - PreSaveFile = new java.io.File(((pathPrefix + java.lang.Integer.toString(counter)) + .png)): null

2018-12-20 13:03:53 - [TEST_STEP][PASSED] - Statement - counter = counter + 1: null

2018-12-20 13:03:53 - [TEST_STEP][PASSED] - Statement - PreSaveFile = new java.io.File(((pathPrefix + java.lang.Integer.toString(counter)) + .png)): null

2018-12-20 13:03:53 - [TEST_STEP][PASSED] - Statement - counter = counter + 1: null

2018-12-20 13:03:53 - [TEST_STEP][PASSED] - Statement - PreSaveFile = new java.io.File(((pathPrefix + java.lang.Integer.toString(counter)) + .png)): null

2018-12-20 13:03:53 - [TEST_STEP][PASSED] - Statement - counter = counter + 1: null

2018-12-20 13:03:53 - [TEST_STEP][PASSED] - Statement - PreSaveFile = new java.io.File(((pathPrefix + java.lang.Integer.toString(counter)) + .png)): null

2018-12-20 13:03:53 - [TEST_STEP][PASSED] - Statement - counter = counter + 1: null

2018-12-20 13:03:53 - [TEST_STEP][PASSED] - Statement - PreSaveFile = new java.io.File(((pathPrefix + java.lang.Integer.toString(counter)) + .png)): null

2018-12-20 13:03:53 - [TEST_STEP][PASSED] - Statement - counter = counter + 1: null

2018-12-20 13:03:53 - [TEST_STEP][PASSED] - Statement - PreSaveFile = new java.io.File(((pathPrefix + java.lang.Integer.toString(counter)) + .png)): null

2018-12-20 13:03:53 - [TEST_STEP][PASSED] - Statement - counter = counter + 1: null

2018-12-20 13:03:53 - [TEST_STEP][PASSED] - Statement - PreSaveFile = new java.io.File(((pathPrefix + java.lang.Integer.toString(counter)) + .png)): null

2018-12-20 13:03:53 - [TEST_STEP][PASSED] - Statement - counter = counter + 1: null

2018-12-20 13:03:53 - [TEST_STEP][PASSED] - Statement - PreSaveFile = new java.io.File(((pathPrefix + java.lang.Integer.toString(counter)) + .png)): null

2018-12-20 13:03:53 - [TEST_STEP][PASSED] - Statement - counter = counter + 1: null

2018-12-20 13:03:53 - [TEST_STEP][PASSED] - Statement - PreSaveFile = new java.io.File(((pathPrefix + java.lang.Integer.toString(counter)) + .png)): null

2018-12-20 13:03:53 - [TEST_STEP][PASSED] - Statement - counter = counter + 1: null

2018-12-20 13:03:53 - [TEST_STEP][PASSED] - Statement - PreSaveFile = new java.io.File(((pathPrefix + java.lang.Integer.toString(counter)) + .png)): null

2018-12-20 13:03:53 - [TEST_STEP][PASSED] - Statement - counter = counter + 1: null

2018-12-20 13:03:53 - [TEST_STEP][PASSED] - Statement - PreSaveFile = new java.io.File(((pathPrefix + java.lang.Integer.toString(counter)) + .png)): null

2018-12-20 13:03:53 - [TEST_STEP][PASSED] - Statement - counter = counter + 1: null

2018-12-20 13:03:54 - [TEST_STEP][PASSED] - Statement - PreSaveFile = new java.io.File(((pathPrefix + java.lang.Integer.toString(counter)) + .png)): null

2018-12-20 13:03:54 - [TEST_STEP][PASSED] - Statement - counter = counter + 1: null

2018-12-20 13:03:54 - [TEST_STEP][PASSED] - Statement - PreSaveFile = new java.io.File(((pathPrefix + java.lang.Integer.toString(counter)) + .png)): null

2018-12-20 13:03:54 - [TEST_STEP][PASSED] - Statement - counter = counter + 1: null

2018-12-20 13:03:54 - [TEST_STEP][PASSED] - Statement - PreSaveFile = new java.io.File(((pathPrefix + java.lang.Integer.toString(counter)) + .png)): null

2018-12-20 13:03:54 - [TEST_STEP][PASSED] - Statement - counter = counter + 1: null

2018-12-20 13:03:54 - [TEST_STEP][PASSED] - Statement - PreSaveFile = new java.io.File(((pathPrefix + java.lang.Integer.toString(counter)) + .png)): null

2018-12-20 13:03:54 - [TEST_STEP][PASSED] - Statement - counter = counter + 1: null

2018-12-20 13:03:54 - [TEST_STEP][PASSED] - Statement - PreSaveFile = new java.io.File(((pathPrefix + java.lang.Integer.toString(counter)) + .png)): null

2018-12-20 13:03:54 - [TEST_STEP][PASSED] - Statement - counter = counter + 1: null

2018-12-20 13:03:54 - [TEST_STEP][PASSED] - Statement - PreSaveFile = new java.io.File(((pathPrefix + java.lang.Integer.toString(counter)) + .png)): null

2018-12-20 13:03:54 - [TEST_STEP][PASSED] - Statement - counter = counter + 1: null

2018-12-20 13:03:54 - [TEST_STEP][PASSED] - Statement - PreSaveFile = new java.io.File(((pathPrefix + java.lang.Integer.toString(counter)) + .png)): null

2018-12-20 13:03:54 - [TEST_STEP][PASSED] - Statement - counter = counter + 1: null

2018-12-20 13:03:54 - [TEST_STEP][PASSED] - Statement - PreSaveFile = new java.io.File(((pathPrefix + java.lang.Integer.toString(counter)) + .png)): null

2018-12-20 13:03:54 - [TEST_STEP][PASSED] - Statement - counter = counter + 1: null

2018-12-20 13:03:54 - [TEST_STEP][PASSED] - Statement - PreSaveFile = new java.io.File(((pathPrefix + java.lang.Integer.toString(counter)) + .png)): null

2018-12-20 13:03:54 - [TEST_STEP][PASSED] - Statement - counter = counter + 1: null

2018-12-20 13:03:54 - [TEST_STEP][PASSED] - Statement - PreSaveFile = new java.io.File(((pathPrefix + java.lang.Integer.toString(counter)) + .png)): null

2018-12-20 13:03:54 - [TEST_STEP][PASSED] - Statement - counter = counter + 1: null

2018-12-20 13:03:54 - [TEST_STEP][PASSED] - Statement - PreSaveFile = new java.io.File(((pathPrefix + java.lang.Integer.toString(counter)) + .png)): null

2018-12-20 13:03:54 - [TEST_STEP][PASSED] - Statement - counter = counter + 1: null

2018-12-20 13:03:54 - [TEST_STEP][PASSED] - Statement - PreSaveFile = new java.io.File(((pathPrefix + java.lang.Integer.toString(counter)) + .png)): null

2018-12-20 13:03:54 - [TEST_STEP][PASSED] - Statement - counter = counter + 1: null

2018-12-20 13:03:54 - [TEST_STEP][PASSED] - Statement - PreSaveFile = new java.io.File(((pathPrefix + java.lang.Integer.toString(counter)) + .png)): null

2018-12-20 13:03:54 - [TEST_STEP][PASSED] - Statement - counter = counter + 1: null

2018-12-20 13:03:54 - [TEST_STEP][PASSED] - Statement - PreSaveFile = new java.io.File(((pathPrefix + java.lang.Integer.toString(counter)) + .png)): null

2018-12-20 13:03:54 - [TEST_STEP][PASSED] - Statement - counter = counter + 1: null

2018-12-20 13:03:54 - [TEST_STEP][PASSED] - Statement - PreSaveFile = new java.io.File(((pathPrefix + java.lang.Integer.toString(counter)) + .png)): null

2018-12-20 13:03:55 - [TEST_STEP][PASSED] - Statement - counter = counter + 1: null

2018-12-20 13:03:55 - [TEST_STEP][PASSED] - Statement - PreSaveFile = new java.io.File(((pathPrefix + java.lang.Integer.toString(counter)) + .png)): null

2018-12-20 13:03:55 - [TEST_STEP][PASSED] - Statement - counter = counter + 1: null

2018-12-20 13:03:55 - [TEST_STEP][PASSED] - Statement - PreSaveFile = new java.io.File(((pathPrefix + java.lang.Integer.toString(counter)) + .png)): null

2018-12-20 13:03:55 - [TEST_STEP][PASSED] - Statement - counter = counter + 1: null

2018-12-20 13:03:55 - [TEST_STEP][PASSED] - Statement - PreSaveFile = new java.io.File(((pathPrefix + java.lang.Integer.toString(counter)) + .png)): null

2018-12-20 13:03:55 - [TEST_STEP][PASSED] - Statement - counter = counter + 1: null

2018-12-20 13:03:55 - [TEST_STEP][PASSED] - Statement - PreSaveFile = new java.io.File(((pathPrefix + java.lang.Integer.toString(counter)) + .png)): null

2018-12-20 13:03:55 - [TEST_STEP][PASSED] - Statement - counter = counter + 1: null

2018-12-20 13:03:55 - [TEST_STEP][PASSED] - Statement - PreSaveFile = new java.io.File(((pathPrefix + java.lang.Integer.toString(counter)) + .png)): null

2018-12-20 13:03:55 - [TEST_STEP][PASSED] - Statement - counter = counter + 1: null

2018-12-20 13:03:55 - [TEST_STEP][PASSED] - Statement - PreSaveFile = new java.io.File(((pathPrefix + java.lang.Integer.toString(counter)) + .png)): null

2018-12-20 13:03:55 - [TEST_STEP][PASSED] - Statement - counter = counter + 1: null

2018-12-20 13:03:55 - [TEST_STEP][PASSED] - Statement - PreSaveFile = new java.io.File(((pathPrefix + java.lang.Integer.toString(counter)) + .png)): null

2018-12-20 13:03:55 - [TEST_STEP][PASSED] - Statement - counter = counter + 1: null

2018-12-20 13:03:55 - [TEST_STEP][PASSED] - Statement - PreSaveFile = new java.io.File(((pathPrefix + java.lang.Integer.toString(counter)) + .png)): null

2018-12-20 13:03:55 - [TEST_STEP][PASSED] - Statement - counter = counter + 1: null

2018-12-20 13:03:55 - [TEST_STEP][PASSED] - Statement - PreSaveFile = new java.io.File(((pathPrefix + java.lang.Integer.toString(counter)) + .png)): null

2018-12-20 13:03:55 - [TEST_STEP][PASSED] - Statement - counter = counter + 1: null

2018-12-20 13:03:55 - [TEST_STEP][PASSED] - Statement - PreSaveFile = new java.io.File(((pathPrefix + java.lang.Integer.toString(counter)) + .png)): null

2018-12-20 13:03:55 - [TEST_STEP][PASSED] - Statement - counter = counter + 1: null

2018-12-20 13:03:55 - [TEST_STEP][PASSED] - Statement - PreSaveFile = new java.io.File(((pathPrefix + java.lang.Integer.toString(counter)) + .png)): null

2018-12-20 13:03:55 - [TEST_STEP][PASSED] - Statement - counter = counter + 1: null

2018-12-20 13:03:55 - [TEST_STEP][PASSED] - Statement - PreSaveFile = new java.io.File(((pathPrefix + java.lang.Integer.toString(counter)) + .png)): null

2018-12-20 13:03:55 - [TEST_STEP][PASSED] - Statement - counter = counter + 1: null

2018-12-20 13:03:55 - [TEST_STEP][PASSED] - Statement - PreSaveFile = new java.io.File(((pathPrefix + java.lang.Integer.toString(counter)) + .png)): null

2018-12-20 13:03:55 - [TEST_STEP][PASSED] - Statement - counter = counter + 1: null

2018-12-20 13:03:55 - [TEST_STEP][PASSED] - Statement - PreSaveFile = new java.io.File(((pathPrefix + java.lang.Integer.toString(counter)) + .png)): null

2018-12-20 13:03:55 - [TEST_STEP][PASSED] - Statement - counter = counter + 1: null

2018-12-20 13:03:56 - [TEST_STEP][PASSED] - Statement - PreSaveFile = new java.io.File(((pathPrefix + java.lang.Integer.toString(counter)) + .png)): null

2018-12-20 13:03:56 - [TEST_STEP][PASSED] - Statement - counter = counter + 1: null

2018-12-20 13:03:56 - [TEST_STEP][PASSED] - Statement - PreSaveFile = new java.io.File(((pathPrefix + java.lang.Integer.toString(counter)) + .png)): null

2018-12-20 13:03:56 - [TEST_STEP][PASSED] - Statement - counter = counter + 1: null

2018-12-20 13:03:56 - [TEST_STEP][PASSED] - Statement - PreSaveFile = new java.io.File(((pathPrefix + java.lang.Integer.toString(counter)) + .png)): null

2018-12-20 13:03:56 - [TEST_STEP][PASSED] - Statement - counter = counter + 1: null

2018-12-20 13:03:56 - [TEST_STEP][PASSED] - Statement - PreSaveFile = new java.io.File(((pathPrefix + java.lang.Integer.toString(counter)) + .png)): null

2018-12-20 13:03:56 - [TEST_STEP][PASSED] - Statement - counter = counter + 1: null

2018-12-20 13:03:56 - [TEST_STEP][PASSED] - Statement - PreSaveFile = new java.io.File(((pathPrefix + java.lang.Integer.toString(counter)) + .png)): null

2018-12-20 13:03:56 - [TEST_STEP][PASSED] - Statement - counter = counter + 1: null

2018-12-20 13:03:56 - [TEST_STEP][PASSED] - Statement - PreSaveFile = new java.io.File(((pathPrefix + java.lang.Integer.toString(counter)) + .png)): null

2018-12-20 13:03:56 - [TEST_STEP][PASSED] - Statement - counter = counter + 1: null

2018-12-20 13:03:56 - [TEST_STEP][PASSED] - Statement - PreSaveFile = new java.io.File(((pathPrefix + java.lang.Integer.toString(counter)) + .png)): null

2018-12-20 13:03:56 - [TEST_STEP][PASSED] - Statement - counter = counter + 1: null

2018-12-20 13:03:56 - [TEST_STEP][PASSED] - Statement - PreSaveFile = new java.io.File(((pathPrefix + java.lang.Integer.toString(counter)) + .png)): null

2018-12-20 13:03:56 - [TEST_STEP][PASSED] - Statement - counter = counter + 1: null

2018-12-20 13:03:56 - [TEST_STEP][PASSED] - Statement - PreSaveFile = new java.io.File(((pathPrefix + java.lang.Integer.toString(counter)) + .png)): null

2018-12-20 13:03:56 - [TEST_STEP][PASSED] - Statement - counter = counter + 1: null

2018-12-20 13:03:56 - [TEST_STEP][PASSED] - Statement - PreSaveFile = new java.io.File(((pathPrefix + java.lang.Integer.toString(counter)) + .png)): null

2018-12-20 13:03:56 - [TEST_STEP][PASSED] - Statement - counter = counter + 1: null

2018-12-20 13:03:56 - [TEST_STEP][PASSED] - Statement - PreSaveFile = new java.io.File(((pathPrefix + java.lang.Integer.toString(counter)) + .png)): null

2018-12-20 13:03:56 - [TEST_STEP][PASSED] - Statement - counter = counter + 1: null

2018-12-20 13:03:56 - [TEST_STEP][PASSED] - Statement - PreSaveFile = new java.io.File(((pathPrefix + java.lang.Integer.toString(counter)) + .png)): null

2018-12-20 13:03:56 - [TEST_STEP][PASSED] - Statement - counter = counter + 1: null

2018-12-20 13:03:56 - [TEST_STEP][PASSED] - Statement - PreSaveFile = new java.io.File(((pathPrefix + java.lang.Integer.toString(counter)) + .png)): null

2018-12-20 13:03:56 - [TEST_STEP][PASSED] - Statement - counter = counter + 1: null

2018-12-20 13:03:56 - [TEST_STEP][PASSED] - Statement - PreSaveFile = new java.io.File(((pathPrefix + java.lang.Integer.toString(counter)) + .png)): null

2018-12-20 13:03:56 - [TEST_STEP][PASSED] - Statement - counter = counter + 1: null

2018-12-20 13:03:56 - [TEST_STEP][PASSED] - Statement - PreSaveFile = new java.io.File(((pathPrefix + java.lang.Integer.toString(counter)) + .png)): null

2018-12-20 13:03:57 - [TEST_STEP][PASSED] - Statement - counter = counter + 1: null

2018-12-20 13:03:57 - [TEST_STEP][PASSED] - Statement - PreSaveFile = new java.io.File(((pathPrefix + java.lang.Integer.toString(counter)) + .png)): null

2018-12-20 13:03:57 - [TEST_STEP][PASSED] - Statement - counter = counter + 1: null

2018-12-20 13:03:57 - [TEST_STEP][PASSED] - Statement - PreSaveFile = new java.io.File(((pathPrefix + java.lang.Integer.toString(counter)) + .png)): null

2018-12-20 13:03:57 - [TEST_STEP][PASSED] - Statement - counter = counter + 1: null

2018-12-20 13:03:57 - [TEST_STEP][PASSED] - Statement - PreSaveFile = new java.io.File(((pathPrefix + java.lang.Integer.toString(counter)) + .png)): null

2018-12-20 13:03:57 - [TEST_STEP][PASSED] - Statement - counter = counter + 1: null

2018-12-20 13:03:57 - [TEST_STEP][PASSED] - Statement - PreSaveFile = new java.io.File(((pathPrefix + java.lang.Integer.toString(counter)) + .png)): null

2018-12-20 13:03:57 - [TEST_STEP][PASSED] - Statement - counter = counter + 1: null

2018-12-20 13:03:57 - [TEST_STEP][PASSED] - Statement - PreSaveFile = new java.io.File(((pathPrefix + java.lang.Integer.toString(counter)) + .png)): null

2018-12-20 13:03:57 - [TEST_STEP][PASSED] - Statement - counter = counter + 1: null

2018-12-20 13:03:57 - [TEST_STEP][PASSED] - Statement - PreSaveFile = new java.io.File(((pathPrefix + java.lang.Integer.toString(counter)) + .png)): null

2018-12-20 13:03:57 - [TEST_STEP][PASSED] - Statement - counter = counter + 1: null

2018-12-20 13:03:57 - [TEST_STEP][PASSED] - Statement - PreSaveFile = new java.io.File(((pathPrefix + java.lang.Integer.toString(counter)) + .png)): null

2018-12-20 13:03:57 - [TEST_STEP][PASSED] - Statement - counter = counter + 1: null

2018-12-20 13:03:57 - [TEST_STEP][PASSED] - Statement - PreSaveFile = new java.io.File(((pathPrefix + java.lang.Integer.toString(counter)) + .png)): null

2018-12-20 13:03:57 - [TEST_STEP][PASSED] - Statement - counter = counter + 1: null

2018-12-20 13:03:57 - [TEST_STEP][PASSED] - Statement - PreSaveFile = new java.io.File(((pathPrefix + java.lang.Integer.toString(counter)) + .png)): null

2018-12-20 13:03:57 - [TEST_STEP][PASSED] - Statement - counter = counter + 1: null

2018-12-20 13:03:57 - [TEST_STEP][PASSED] - Statement - PreSaveFile = new java.io.File(((pathPrefix + java.lang.Integer.toString(counter)) + .png)): null

2018-12-20 13:03:57 - [TEST_STEP][PASSED] - Statement - counter = counter + 1: null

2018-12-20 13:03:57 - [TEST_STEP][PASSED] - Statement - PreSaveFile = new java.io.File(((pathPrefix + java.lang.Integer.toString(counter)) + .png)): null

2018-12-20 13:03:57 - [TEST_STEP][PASSED] - Statement - counter = counter + 1: null

2018-12-20 13:03:57 - [TEST_STEP][PASSED] - Statement - PreSaveFile = new java.io.File(((pathPrefix + java.lang.Integer.toString(counter)) + .png)): null

2018-12-20 13:03:57 - [TEST_STEP][PASSED] - Statement - counter = counter + 1: null

2018-12-20 13:03:57 - [TEST_STEP][PASSED] - Statement - PreSaveFile = new java.io.File(((pathPrefix + java.lang.Integer.toString(counter)) + .png)): null

2018-12-20 13:03:57 - [TEST_STEP][PASSED] - Statement - counter = counter + 1: null

2018-12-20 13:03:57 - [TEST_STEP][PASSED] - Statement - PreSaveFile = new java.io.File(((pathPrefix + java.lang.Integer.toString(counter)) + .png)): null

2018-12-20 13:03:58 - [TEST_STEP][PASSED] - Statement - counter = counter + 1: null

2018-12-20 13:03:58 - [TEST_STEP][PASSED] - Statement - PreSaveFile = new java.io.File(((pathPrefix + java.lang.Integer.toString(counter)) + .png)): null

2018-12-20 13:03:58 - [TEST_STEP][PASSED] - Statement - counter = counter + 1: null

2018-12-20 13:03:58 - [TEST_STEP][PASSED] - Statement - PreSaveFile = new java.io.File(((pathPrefix + java.lang.Integer.toString(counter)) + .png)): null

2018-12-20 13:03:58 - [TEST_STEP][PASSED] - Statement - counter = counter + 1: null

2018-12-20 13:03:58 - [TEST_STEP][PASSED] - Statement - PreSaveFile = new java.io.File(((pathPrefix + java.lang.Integer.toString(counter)) + .png)): null

2018-12-20 13:03:58 - [TEST_STEP][PASSED] - Statement - counter = counter + 1: null

2018-12-20 13:03:58 - [TEST_STEP][PASSED] - Statement - PreSaveFile = new java.io.File(((pathPrefix + java.lang.Integer.toString(counter)) + .png)): null

2018-12-20 13:03:58 - [TEST_STEP][PASSED] - Statement - counter = counter + 1: null

2018-12-20 13:03:58 - [TEST_STEP][PASSED] - Statement - PreSaveFile = new java.io.File(((pathPrefix + java.lang.Integer.toString(counter)) + .png)): null

2018-12-20 13:03:58 - [TEST_STEP][PASSED] - Statement - counter = counter + 1: null

2018-12-20 13:03:58 - [TEST_STEP][PASSED] - Statement - PreSaveFile = new java.io.File(((pathPrefix + java.lang.Integer.toString(counter)) + .png)): null

2018-12-20 13:03:58 - [TEST_STEP][PASSED] - Statement - counter = counter + 1: null

2018-12-20 13:03:58 - [TEST_STEP][PASSED] - Statement - PreSaveFile = new java.io.File(((pathPrefix + java.lang.Integer.toString(counter)) + .png)): null

2018-12-20 13:03:58 - [TEST_STEP][PASSED] - Statement - counter = counter + 1: null

2018-12-20 13:03:58 - [TEST_STEP][PASSED] - Statement - PreSaveFile = new java.io.File(((pathPrefix + java.lang.Integer.toString(counter)) + .png)): null

2018-12-20 13:03:58 - [TEST_STEP][PASSED] - Statement - counter = counter + 1: null

2018-12-20 13:03:58 - [TEST_STEP][PASSED] - Statement - PreSaveFile = new java.io.File(((pathPrefix + java.lang.Integer.toString(counter)) + .png)): null

2018-12-20 13:03:58 - [TEST_STEP][PASSED] - Statement - counter = counter + 1: null

2018-12-20 13:03:58 - [TEST_STEP][PASSED] - Statement - PreSaveFile = new java.io.File(((pathPrefix + java.lang.Integer.toString(counter)) + .png)): null

2018-12-20 13:03:58 - [TEST_STEP][PASSED] - Statement - counter = counter + 1: null

2018-12-20 13:03:58 - [TEST_STEP][PASSED] - Statement - PreSaveFile = new java.io.File(((pathPrefix + java.lang.Integer.toString(counter)) + .png)): null

2018-12-20 13:03:58 - [TEST_STEP][PASSED] - Statement - counter = counter + 1: null

2018-12-20 13:03:58 - [TEST_STEP][PASSED] - Statement - PreSaveFile = new java.io.File(((pathPrefix + java.lang.Integer.toString(counter)) + .png)): null

2018-12-20 13:03:58 - [TEST_STEP][PASSED] - Statement - counter = counter + 1: null

2018-12-20 13:03:58 - [TEST_STEP][PASSED] - Statement - PreSaveFile = new java.io.File(((pathPrefix + java.lang.Integer.toString(counter)) + .png)): null

2018-12-20 13:03:58 - [TEST_STEP][PASSED] - Statement - counter = counter + 1: null

2018-12-20 13:03:58 - [TEST_STEP][PASSED] - Statement - PreSaveFile = new java.io.File(((pathPrefix + java.lang.Integer.toString(counter)) + .png)): null

2018-12-20 13:03:58 - [TEST_STEP][PASSED] - Statement - counter = counter + 1: null

2018-12-20 13:03:58 - [TEST_STEP][PASSED] - Statement - PreSaveFile = new java.io.File(((pathPrefix + java.lang.Integer.toString(counter)) + .png)): null

2018-12-20 13:03:58 - [TEST_STEP][PASSED] - Statement - counter = counter + 1: null

2018-12-20 13:03:58 - [TEST_STEP][PASSED] - Statement - PreSaveFile = new java.io.File(((pathPrefix + java.lang.Integer.toString(counter)) + .png)): null

2018-12-20 13:03:58 - [TEST_STEP][PASSED] - Statement - counter = counter + 1: null

2018-12-20 13:03:58 - [TEST_STEP][PASSED] - Statement - PreSaveFile = new java.io.File(((pathPrefix + java.lang.Integer.toString(counter)) + .png)): null

2018-12-20 13:03:58 - [TEST_STEP][PASSED] - Statement - counter = counter + 1: null

2018-12-20 13:03:58 - [TEST_STEP][PASSED] - Statement - PreSaveFile = new java.io.File(((pathPrefix + java.lang.Integer.toString(counter)) + .png)): null

2018-12-20 13:03:58 - [TEST_STEP][PASSED] - Statement - counter = counter + 1: null

2018-12-20 13:03:58 - [TEST_STEP][PASSED] - Statement - PreSaveFile = new java.io.File(((pathPrefix + java.lang.Integer.toString(counter)) + .png)): null

2018-12-20 13:03:58 - [TEST_STEP][PASSED] - Statement - counter = counter + 1: null

2018-12-20 13:03:59 - [TEST_STEP][PASSED] - Statement - PreSaveFile = new java.io.File(((pathPrefix + java.lang.Integer.toString(counter)) + .png)): null

2018-12-20 13:03:59 - [TEST_STEP][PASSED] - Statement - counter = counter + 1: null

2018-12-20 13:03:59 - [TEST_STEP][PASSED] - Statement - PreSaveFile = new java.io.File(((pathPrefix + java.lang.Integer.toString(counter)) + .png)): null

2018-12-20 13:03:59 - [TEST_STEP][PASSED] - Statement - counter = counter + 1: null

2018-12-20 13:03:59 - [TEST_STEP][PASSED] - Statement - PreSaveFile = new java.io.File(((pathPrefix + java.lang.Integer.toString(counter)) + .png)): null

2018-12-20 13:03:59 - [TEST_STEP][PASSED] - Statement - counter = counter + 1: null

2018-12-20 13:03:59 - [TEST_STEP][PASSED] - Statement - PreSaveFile = new java.io.File(((pathPrefix + java.lang.Integer.toString(counter)) + .png)): null

2018-12-20 13:03:59 - [TEST_STEP][PASSED] - Statement - counter = counter + 1: null

2018-12-20 13:03:59 - [TEST_STEP][PASSED] - Statement - PreSaveFile = new java.io.File(((pathPrefix + java.lang.Integer.toString(counter)) + .png)): null

2018-12-20 13:03:59 - [TEST_STEP][PASSED] - Statement - counter = counter + 1: null

2018-12-20 13:03:59 - [TEST_STEP][PASSED] - Statement - PreSaveFile = new java.io.File(((pathPrefix + java.lang.Integer.toString(counter)) + .png)): null

2018-12-20 13:03:59 - [TEST_STEP][PASSED] - Statement - counter = counter + 1: null

2018-12-20 13:03:59 - [TEST_STEP][PASSED] - Statement - PreSaveFile = new java.io.File(((pathPrefix + java.lang.Integer.toString(counter)) + .png)): null

2018-12-20 13:03:59 - [TEST_STEP][PASSED] - Statement - counter = counter + 1: null

2018-12-20 13:03:59 - [TEST_STEP][PASSED] - Statement - PreSaveFile = new java.io.File(((pathPrefix + java.lang.Integer.toString(counter)) + .png)): null

2018-12-20 13:03:59 - [TEST_STEP][PASSED] - Statement - counter = counter + 1: null

2018-12-20 13:03:59 - [TEST_STEP][PASSED] - Statement - PreSaveFile = new java.io.File(((pathPrefix + java.lang.Integer.toString(counter)) + .png)): null

2018-12-20 13:03:59 - [TEST_STEP][PASSED] - Statement - counter = counter + 1: null

2018-12-20 13:03:59 - [TEST_STEP][PASSED] - Statement - PreSaveFile = new java.io.File(((pathPrefix + java.lang.Integer.toString(counter)) + .png)): null

2018-12-20 13:03:59 - [TEST_STEP][PASSED] - Statement - counter = counter + 1: null

2018-12-20 13:03:59 - [TEST_STEP][PASSED] - Statement - PreSaveFile = new java.io.File(((pathPrefix + java.lang.Integer.toString(counter)) + .png)): null

2018-12-20 13:03:59 - [TEST_STEP][PASSED] - Statement - counter = counter + 1: null

2018-12-20 13:03:59 - [TEST_STEP][PASSED] - Statement - PreSaveFile = new java.io.File(((pathPrefix + java.lang.Integer.toString(counter)) + .png)): null

2018-12-20 13:03:59 - [TEST_STEP][PASSED] - Statement - counter = counter + 1: null

2018-12-20 13:03:59 - [TEST_STEP][PASSED] - Statement - PreSaveFile = new java.io.File(((pathPrefix + java.lang.Integer.toString(counter)) + .png)): null

2018-12-20 13:03:59 - [TEST_STEP][PASSED] - Statement - counter = counter + 1: null

2018-12-20 13:03:59 - [TEST_STEP][PASSED] - Statement - PreSaveFile = new java.io.File(((pathPrefix + java.lang.Integer.toString(counter)) + .png)): null

2018-12-20 13:03:59 - [TEST_STEP][PASSED] - Statement - counter = counter + 1: null

2018-12-20 13:03:59 - [TEST_STEP][PASSED] - Statement - PreSaveFile = new java.io.File(((pathPrefix + java.lang.Integer.toString(counter)) + .png)): null

2018-12-20 13:04:00 - [TEST_STEP][PASSED] - Statement - counter = counter + 1: null

2018-12-20 13:04:00 - [TEST_STEP][PASSED] - Statement - PreSaveFile = new java.io.File(((pathPrefix + java.lang.Integer.toString(counter)) + .png)): null

2018-12-20 13:04:00 - [TEST_STEP][PASSED] - Statement - counter = counter + 1: null

2018-12-20 13:04:00 - [TEST_STEP][PASSED] - Statement - PreSaveFile = new java.io.File(((pathPrefix + java.lang.Integer.toString(counter)) + .png)): null

2018-12-20 13:04:00 - [TEST_STEP][PASSED] - Statement - counter = counter + 1: null

2018-12-20 13:04:00 - [TEST_STEP][PASSED] - Statement - PreSaveFile = new java.io.File(((pathPrefix + java.lang.Integer.toString(counter)) + .png)): null

2018-12-20 13:04:00 - [TEST_STEP][PASSED] - Statement - counter = counter + 1: null

2018-12-20 13:04:00 - [TEST_STEP][PASSED] - Statement - PreSaveFile = new java.io.File(((pathPrefix + java.lang.Integer.toString(counter)) + .png)): null

2018-12-20 13:04:00 - [TEST_STEP][PASSED] - Statement - counter = counter + 1: null

2018-12-20 13:04:00 - [TEST_STEP][PASSED] - Statement - PreSaveFile = new java.io.File(((pathPrefix + java.lang.Integer.toString(counter)) + .png)): null

2018-12-20 13:04:00 - [TEST_STEP][PASSED] - Statement - counter = counter + 1: null

2018-12-20 13:04:00 - [TEST_STEP][PASSED] - Statement - PreSaveFile = new java.io.File(((pathPrefix + java.lang.Integer.toString(counter)) + .png)): null

2018-12-20 13:04:00 - [TEST_STEP][PASSED] - Statement - counter = counter + 1: null

2018-12-20 13:04:00 - [TEST_STEP][PASSED] - Statement - PreSaveFile = new java.io.File(((pathPrefix + java.lang.Integer.toString(counter)) + .png)): null

2018-12-20 13:04:00 - [TEST_STEP][PASSED] - Statement - counter = counter + 1: null

2018-12-20 13:04:00 - [TEST_STEP][PASSED] - Statement - PreSaveFile = new java.io.File(((pathPrefix + java.lang.Integer.toString(counter)) + .png)): null

2018-12-20 13:04:00 - [TEST_STEP][PASSED] - Statement - counter = counter + 1: null

2018-12-20 13:04:00 - [TEST_STEP][PASSED] - Statement - PreSaveFile = new java.io.File(((pathPrefix + java.lang.Integer.toString(counter)) + .png)): null

2018-12-20 13:04:00 - [TEST_STEP][PASSED] - Statement - counter = counter + 1: null

2018-12-20 13:04:00 - [TEST_STEP][PASSED] - Statement - PreSaveFile = new java.io.File(((pathPrefix + java.lang.Integer.toString(counter)) + .png)): null

2018-12-20 13:04:00 - [TEST_STEP][PASSED] - Statement - counter = counter + 1: null

2018-12-20 13:04:00 - [TEST_STEP][PASSED] - Statement - PreSaveFile = new java.io.File(((pathPrefix + java.lang.Integer.toString(counter)) + .png)): null

2018-12-20 13:04:00 - [TEST_STEP][PASSED] - Statement - counter = counter + 1: null

2018-12-20 13:04:00 - [TEST_STEP][PASSED] - Statement - PreSaveFile = new java.io.File(((pathPrefix + java.lang.Integer.toString(counter)) + .png)): null

2018-12-20 13:04:00 - [TEST_STEP][PASSED] - Statement - counter = counter + 1: null

2018-12-20 13:04:00 - [TEST_STEP][PASSED] - Statement - PreSaveFile = new java.io.File(((pathPrefix + java.lang.Integer.toString(counter)) + .png)): null

2018-12-20 13:04:00 - [TEST_STEP][PASSED] - Statement - counter = counter + 1: null

2018-12-20 13:04:00 - [TEST_STEP][PASSED] - Statement - PreSaveFile = new java.io.File(((pathPrefix + java.lang.Integer.toString(counter)) + .png)): null

2018-12-20 13:04:01 - [TEST_STEP][PASSED] - Statement - counter = counter + 1: null

2018-12-20 13:04:01 - [TEST_STEP][PASSED] - Statement - PreSaveFile = new java.io.File(((pathPrefix + java.lang.Integer.toString(counter)) + .png)): null

2018-12-20 13:04:01 - [TEST_STEP][PASSED] - Statement - counter = counter + 1: null

2018-12-20 13:04:01 - [TEST_STEP][PASSED] - Statement - PreSaveFile = new java.io.File(((pathPrefix + java.lang.Integer.toString(counter)) + .png)): null

2018-12-20 13:04:01 - [TEST_STEP][PASSED] - Statement - counter = counter + 1: null

2018-12-20 13:04:01 - [TEST_STEP][PASSED] - Statement - PreSaveFile = new java.io.File(((pathPrefix + java.lang.Integer.toString(counter)) + .png)): null

2018-12-20 13:04:01 - [TEST_STEP][PASSED] - Statement - counter = counter + 1: null

2018-12-20 13:04:01 - [TEST_STEP][PASSED] - Statement - PreSaveFile = new java.io.File(((pathPrefix + java.lang.Integer.toString(counter)) + .png)): null

2018-12-20 13:04:01 - [TEST_STEP][PASSED] - Statement - counter = counter + 1: null

2018-12-20 13:04:01 - [TEST_STEP][PASSED] - Statement - PreSaveFile = new java.io.File(((pathPrefix + java.lang.Integer.toString(counter)) + .png)): null

2018-12-20 13:04:01 - [TEST_STEP][PASSED] - Statement - counter = counter + 1: null

2018-12-20 13:04:01 - [TEST_STEP][PASSED] - Statement - PreSaveFile = new java.io.File(((pathPrefix + java.lang.Integer.toString(counter)) + .png)): null

2018-12-20 13:04:01 - [TEST_STEP][PASSED] - Statement - counter = counter + 1: null

2018-12-20 13:04:01 - [TEST_STEP][PASSED] - Statement - PreSaveFile = new java.io.File(((pathPrefix + java.lang.Integer.toString(counter)) + .png)): null

2018-12-20 13:04:01 - [TEST_STEP][PASSED] - Statement - counter = counter + 1: null

2018-12-20 13:04:01 - [TEST_STEP][PASSED] - Statement - PreSaveFile = new java.io.File(((pathPrefix + java.lang.Integer.toString(counter)) + .png)): null

2018-12-20 13:04:01 - [TEST_STEP][PASSED] - Statement - counter = counter + 1: null

2018-12-20 13:04:01 - [TEST_STEP][PASSED] - Statement - PreSaveFile = new java.io.File(((pathPrefix + java.lang.Integer.toString(counter)) + .png)): null

2018-12-20 13:04:01 - [TEST_STEP][PASSED] - Statement - counter = counter + 1: null

2018-12-20 13:04:01 - [TEST_STEP][PASSED] - Statement - PreSaveFile = new java.io.File(((pathPrefix + java.lang.Integer.toString(counter)) + .png)): null

2018-12-20 13:04:01 - [TEST_STEP][PASSED] - Statement - counter = counter + 1: null

2018-12-20 13:04:01 - [TEST_STEP][PASSED] - Statement - PreSaveFile = new java.io.File(((pathPrefix + java.lang.Integer.toString(counter)) + .png)): null

2018-12-20 13:04:01 - [TEST_STEP][PASSED] - Statement - counter = counter + 1: null

2018-12-20 13:04:01 - [TEST_STEP][PASSED] - Statement - PreSaveFile = new java.io.File(((pathPrefix + java.lang.Integer.toString(counter)) + .png)): null

2018-12-20 13:04:01 - [TEST_STEP][PASSED] - Statement - counter = counter + 1: null

2018-12-20 13:04:01 - [TEST_STEP][PASSED] - Statement - PreSaveFile = new java.io.File(((pathPrefix + java.lang.Integer.toString(counter)) + .png)): null

2018-12-20 13:04:01 - [TEST_STEP][PASSED] - Statement - counter = counter + 1: null

2018-12-20 13:04:01 - [TEST_STEP][PASSED] - Statement - PreSaveFile = new java.io.File(((pathPrefix + java.lang.Integer.toString(counter)) + .png)): null

2018-12-20 13:04:01 - [TEST_STEP][PASSED] - Statement - counter = counter + 1: null

2018-12-20 13:04:02 - [TEST_STEP][PASSED] - Statement - PreSaveFile = new java.io.File(((pathPrefix + java.lang.Integer.toString(counter)) + .png)): null

2018-12-20 13:04:02 - [TEST_STEP][PASSED] - Statement - counter = counter + 1: null

2018-12-20 13:04:02 - [TEST_STEP][PASSED] - Statement - PreSaveFile = new java.io.File(((pathPrefix + java.lang.Integer.toString(counter)) + .png)): null

2018-12-20 13:04:02 - [TEST_STEP][PASSED] - Statement - counter = counter + 1: null

2018-12-20 13:04:02 - [TEST_STEP][PASSED] - Statement - PreSaveFile = new java.io.File(((pathPrefix + java.lang.Integer.toString(counter)) + .png)): null

2018-12-20 13:04:02 - [TEST_STEP][PASSED] - Statement - counter = counter + 1: null

2018-12-20 13:04:02 - [TEST_STEP][PASSED] - Statement - PreSaveFile = new java.io.File(((pathPrefix + java.lang.Integer.toString(counter)) + .png)): null

2018-12-20 13:04:02 - [TEST_STEP][PASSED] - Statement - counter = counter + 1: null

2018-12-20 13:04:02 - [TEST_STEP][PASSED] - Statement - PreSaveFile = new java.io.File(((pathPrefix + java.lang.Integer.toString(counter)) + .png)): null

2018-12-20 13:04:02 - [TEST_STEP][PASSED] - Statement - counter = counter + 1: null

2018-12-20 13:04:02 - [TEST_STEP][PASSED] - Statement - PreSaveFile = new java.io.File(((pathPrefix + java.lang.Integer.toString(counter)) + .png)): null

2018-12-20 13:04:02 - [TEST_STEP][PASSED] - Statement - counter = counter + 1: null

2018-12-20 13:04:02 - [TEST_STEP][PASSED] - Statement - PreSaveFile = new java.io.File(((pathPrefix + java.lang.Integer.toString(counter)) + .png)): null

2018-12-20 13:04:02 - [TEST_STEP][PASSED] - Statement - counter = counter + 1: null

2018-12-20 13:04:02 - [TEST_STEP][PASSED] - Statement - PreSaveFile = new java.io.File(((pathPrefix + java.lang.Integer.toString(counter)) + .png)): null

2018-12-20 13:04:02 - [TEST_STEP][PASSED] - Statement - counter = counter + 1: null

2018-12-20 13:04:02 - [TEST_STEP][PASSED] - Statement - PreSaveFile = new java.io.File(((pathPrefix + java.lang.Integer.toString(counter)) + .png)): null

2018-12-20 13:04:02 - [TEST_STEP][PASSED] - Statement - counter = counter + 1: null

2018-12-20 13:04:02 - [TEST_STEP][PASSED] - Statement - PreSaveFile = new java.io.File(((pathPrefix + java.lang.Integer.toString(counter)) + .png)): null

2018-12-20 13:04:02 - [TEST_STEP][PASSED] - Statement - counter = counter + 1: null

2018-12-20 13:04:02 - [TEST_STEP][PASSED] - Statement - PreSaveFile = new java.io.File(((pathPrefix + java.lang.Integer.toString(counter)) + .png)): null

2018-12-20 13:04:02 - [TEST_STEP][PASSED] - Statement - counter = counter + 1: null

2018-12-20 13:04:02 - [TEST_STEP][PASSED] - Statement - PreSaveFile = new java.io.File(((pathPrefix + java.lang.Integer.toString(counter)) + .png)): null

2018-12-20 13:04:02 - [TEST_STEP][PASSED] - Statement - counter = counter + 1: null

2018-12-20 13:04:02 - [TEST_STEP][PASSED] - Statement - PreSaveFile = new java.io.File(((pathPrefix + java.lang.Integer.toString(counter)) + .png)): null

2018-12-20 13:04:02 - [TEST_STEP][PASSED] - Statement - counter = counter + 1: null

2018-12-20 13:04:02 - [TEST_STEP][PASSED] - Statement - PreSaveFile = new java.io.File(((pathPrefix + java.lang.Integer.toString(counter)) + .png)): null

2018-12-20 13:04:02 - [TEST_STEP][PASSED] - Statement - counter = counter + 1: null

2018-12-20 13:04:02 - [TEST_STEP][PASSED] - Statement - PreSaveFile = new java.io.File(((pathPrefix + java.lang.Integer.toString(counter)) + .png)): null

2018-12-20 13:04:03 - [TEST_STEP][PASSED] - Statement - counter = counter + 1: null

2018-12-20 13:04:03 - [TEST_STEP][PASSED] - Statement - PreSaveFile = new java.io.File(((pathPrefix + java.lang.Integer.toString(counter)) + .png)): null

2018-12-20 13:04:03 - [TEST_STEP][PASSED] - Statement - counter = counter + 1: null

2018-12-20 13:04:03 - [TEST_STEP][PASSED] - Statement - PreSaveFile = new java.io.File(((pathPrefix + java.lang.Integer.toString(counter)) + .png)): null

2018-12-20 13:04:03 - [TEST_STEP][PASSED] - Statement - counter = counter + 1: null

2018-12-20 13:04:03 - [TEST_STEP][PASSED] - Statement - PreSaveFile = new java.io.File(((pathPrefix + java.lang.Integer.toString(counter)) + .png)): null

2018-12-20 13:04:03 - [TEST_STEP][PASSED] - Statement - counter = counter + 1: null

2018-12-20 13:04:03 - [TEST_STEP][PASSED] - Statement - PreSaveFile = new java.io.File(((pathPrefix + java.lang.Integer.toString(counter)) + .png)): null

2018-12-20 13:04:03 - [TEST_STEP][PASSED] - Statement - counter = counter + 1: null

2018-12-20 13:04:03 - [TEST_STEP][PASSED] - Statement - PreSaveFile = new java.io.File(((pathPrefix + java.lang.Integer.toString(counter)) + .png)): null

2018-12-20 13:04:03 - [TEST_STEP][PASSED] - Statement - counter = counter + 1: null

2018-12-20 13:04:03 - [TEST_STEP][PASSED] - Statement - PreSaveFile = new java.io.File(((pathPrefix + java.lang.Integer.toString(counter)) + .png)): null

2018-12-20 13:04:03 - [TEST_STEP][PASSED] - Statement - counter = counter + 1: null

2018-12-20 13:04:03 - [TEST_STEP][PASSED] - Statement - PreSaveFile = new java.io.File(((pathPrefix + java.lang.Integer.toString(counter)) + .png)): null

2018-12-20 13:04:03 - [TEST_STEP][PASSED] - Statement - counter = counter + 1: null

2018-12-20 13:04:03 - [TEST_STEP][PASSED] - Statement - PreSaveFile = new java.io.File(((pathPrefix + java.lang.Integer.toString(counter)) + .png)): null

2018-12-20 13:04:03 - [TEST_STEP][PASSED] - Statement - counter = counter + 1: null

2018-12-20 13:04:03 - [TEST_STEP][PASSED] - Statement - PreSaveFile = new java.io.File(((pathPrefix + java.lang.Integer.toString(counter)) + .png)): null

2018-12-20 13:04:03 - [TEST_STEP][PASSED] - Statement - counter = counter + 1: null

2018-12-20 13:04:03 - [TEST_STEP][PASSED] - Statement - PreSaveFile = new java.io.File(((pathPrefix + java.lang.Integer.toString(counter)) + .png)): null

2018-12-20 13:04:03 - [TEST_STEP][PASSED] - Statement - counter = counter + 1: null

2018-12-20 13:04:03 - [TEST_STEP][PASSED] - Statement - PreSaveFile = new java.io.File(((pathPrefix + java.lang.Integer.toString(counter)) + .png)): null

2018-12-20 13:04:03 - [TEST_STEP][PASSED] - Statement - counter = counter + 1: null

2018-12-20 13:04:03 - [TEST_STEP][PASSED] - Statement - PreSaveFile = new java.io.File(((pathPrefix + java.lang.Integer.toString(counter)) + .png)): null

2018-12-20 13:04:03 - [TEST_STEP][PASSED] - Statement - counter = counter + 1: null

2018-12-20 13:04:03 - [TEST_STEP][PASSED] - Statement - PreSaveFile = new java.io.File(((pathPrefix + java.lang.Integer.toString(counter)) + .png)): null

2018-12-20 13:04:03 - [TEST_STEP][PASSED] - Statement - counter = counter + 1: null

2018-12-20 13:04:03 - [TEST_STEP][PASSED] - Statement - PreSaveFile = new java.io.File(((pathPrefix + java.lang.Integer.toString(counter)) + .png)): null

2018-12-20 13:04:03 - [TEST_STEP][PASSED] - Statement - counter = counter + 1: null

2018-12-20 13:04:04 - [TEST_STEP][PASSED] - Statement - PreSaveFile = new java.io.File(((pathPrefix + java.lang.Integer.toString(counter)) + .png)): null

2018-12-20 13:04:04 - [TEST_STEP][PASSED] - Statement - counter = counter + 1: null

2018-12-20 13:04:04 - [TEST_STEP][PASSED] - Statement - PreSaveFile = new java.io.File(((pathPrefix + java.lang.Integer.toString(counter)) + .png)): null

2018-12-20 13:04:04 - [TEST_STEP][PASSED] - Statement - counter = counter + 1: null

2018-12-20 13:04:04 - [TEST_STEP][PASSED] - Statement - PreSaveFile = new java.io.File(((pathPrefix + java.lang.Integer.toString(counter)) + .png)): null

2018-12-20 13:04:04 - [TEST_STEP][PASSED] - Statement - counter = counter + 1: null

2018-12-20 13:04:04 - [TEST_STEP][PASSED] - Statement - PreSaveFile = new java.io.File(((pathPrefix + java.lang.Integer.toString(counter)) + .png)): null

2018-12-20 13:04:04 - [TEST_STEP][PASSED] - Statement - counter = counter + 1: null

2018-12-20 13:04:04 - [TEST_STEP][PASSED] - Statement - PreSaveFile = new java.io.File(((pathPrefix + java.lang.Integer.toString(counter)) + .png)): null

2018-12-20 13:04:04 - [TEST_STEP][PASSED] - Statement - counter = counter + 1: null

2018-12-20 13:04:04 - [TEST_STEP][PASSED] - Statement - PreSaveFile = new java.io.File(((pathPrefix + java.lang.Integer.toString(counter)) + .png)): null

2018-12-20 13:04:04 - [TEST_STEP][PASSED] - Statement - counter = counter + 1: null

2018-12-20 13:04:04 - [TEST_STEP][PASSED] - Statement - PreSaveFile = new java.io.File(((pathPrefix + java.lang.Integer.toString(counter)) + .png)): null

2018-12-20 13:04:04 - [TEST_STEP][PASSED] - Statement - counter = counter + 1: null

2018-12-20 13:04:04 - [TEST_STEP][PASSED] - Statement - PreSaveFile = new java.io.File(((pathPrefix + java.lang.Integer.toString(counter)) + .png)): null

2018-12-20 13:04:04 - [TEST_STEP][PASSED] - Statement - counter = counter + 1: null

2018-12-20 13:04:04 - [TEST_STEP][PASSED] - Statement - PreSaveFile = new java.io.File(((pathPrefix + java.lang.Integer.toString(counter)) + .png)): null

2018-12-20 13:04:04 - [TEST_STEP][PASSED] - Statement - counter = counter + 1: null

2018-12-20 13:04:04 - [TEST_STEP][PASSED] - Statement - PreSaveFile = new java.io.File(((pathPrefix + java.lang.Integer.toString(counter)) + .png)): null

2018-12-20 13:04:05 - [TEST_STEP][PASSED] - Statement - counter = counter + 1: null

2018-12-20 13:04:05 - [TEST_STEP][PASSED] - Statement - PreSaveFile = new java.io.File(((pathPrefix + java.lang.Integer.toString(counter)) + .png)): null

2018-12-20 13:04:05 - [TEST_STEP][PASSED] - Statement - counter = counter + 1: null

2018-12-20 13:04:05 - [TEST_STEP][PASSED] - Statement - PreSaveFile = new java.io.File(((pathPrefix + java.lang.Integer.toString(counter)) + .png)): null

2018-12-20 13:04:05 - [TEST_STEP][PASSED] - Statement - counter = counter + 1: null

2018-12-20 13:04:05 - [TEST_STEP][PASSED] - Statement - PreSaveFile = new java.io.File(((pathPrefix + java.lang.Integer.toString(counter)) + .png)): null

2018-12-20 13:04:05 - [TEST_STEP][PASSED] - Statement - counter = counter + 1: null

2018-12-20 13:04:05 - [TEST_STEP][PASSED] - Statement - PreSaveFile = new java.io.File(((pathPrefix + java.lang.Integer.toString(counter)) + .png)): null

2018-12-20 13:04:05 - [TEST_STEP][PASSED] - Statement - counter = counter + 1: null

2018-12-20 13:04:05 - [TEST_STEP][PASSED] - Statement - PreSaveFile = new java.io.File(((pathPrefix + java.lang.Integer.toString(counter)) + .png)): null

2018-12-20 13:04:05 - [TEST_STEP][PASSED] - Statement - counter = counter + 1: null

2018-12-20 13:04:05 - [TEST_STEP][PASSED] - Statement - PreSaveFile = new java.io.File(((pathPrefix + java.lang.Integer.toString(counter)) + .png)): null

2018-12-20 13:04:05 - [TEST_STEP][PASSED] - Statement - counter = counter + 1: null

2018-12-20 13:04:05 - [TEST_STEP][PASSED] - Statement - PreSaveFile = new java.io.File(((pathPrefix + java.lang.Integer.toString(counter)) + .png)): null

2018-12-20 13:04:05 - [TEST_STEP][PASSED] - Statement - counter = counter + 1: null

2018-12-20 13:04:05 - [TEST_STEP][PASSED] - Statement - PreSaveFile = new java.io.File(((pathPrefix + java.lang.Integer.toString(counter)) + .png)): null

2018-12-20 13:04:05 - [TEST_STEP][PASSED] - Statement - counter = counter + 1: null

2018-12-20 13:04:05 - [TEST_STEP][PASSED] - Statement - PreSaveFile = new java.io.File(((pathPrefix + java.lang.Integer.toString(counter)) + .png)): null

2018-12-20 13:04:05 - [TEST_STEP][PASSED] - Statement - counter = counter + 1: null

2018-12-20 13:04:05 - [TEST_STEP][PASSED] - Statement - PreSaveFile = new java.io.File(((pathPrefix + java.lang.Integer.toString(counter)) + .png)): null

2018-12-20 13:04:05 - [TEST_STEP][PASSED] - Statement - counter = counter + 1: null

2018-12-20 13:04:05 - [TEST_STEP][PASSED] - Statement - PreSaveFile = new java.io.File(((pathPrefix + java.lang.Integer.toString(counter)) + .png)): null

2018-12-20 13:04:05 - [TEST_STEP][PASSED] - Statement - counter = counter + 1: null

2018-12-20 13:04:05 - [TEST_STEP][PASSED] - Statement - PreSaveFile = new java.io.File(((pathPrefix + java.lang.Integer.toString(counter)) + .png)): null

2018-12-20 13:04:05 - [TEST_STEP][PASSED] - Statement - counter = counter + 1: null

2018-12-20 13:04:05 - [TEST_STEP][PASSED] - Statement - PreSaveFile = new java.io.File(((pathPrefix + java.lang.Integer.toString(counter)) + .png)): null

2018-12-20 13:04:05 - [TEST_STEP][PASSED] - Statement - counter = counter + 1: null

2018-12-20 13:04:05 - [TEST_STEP][PASSED] - Statement - PreSaveFile = new java.io.File(((pathPrefix + java.lang.Integer.toString(counter)) + .png)): null

2018-12-20 13:04:05 - [TEST_STEP][PASSED] - Statement - counter = counter + 1: null

2018-12-20 13:04:06 - [TEST_STEP][PASSED] - Statement - PreSaveFile = new java.io.File(((pathPrefix + java.lang.Integer.toString(counter)) + .png)): null

2018-12-20 13:04:06 - [TEST_STEP][PASSED] - Statement - counter = counter + 1: null

2018-12-20 13:04:06 - [TEST_STEP][PASSED] - Statement - PreSaveFile = new java.io.File(((pathPrefix + java.lang.Integer.toString(counter)) + .png)): null

2018-12-20 13:04:06 - [TEST_STEP][PASSED] - Statement - counter = counter + 1: null

2018-12-20 13:04:06 - [TEST_STEP][PASSED] - Statement - PreSaveFile = new java.io.File(((pathPrefix + java.lang.Integer.toString(counter)) + .png)): null

2018-12-20 13:04:06 - [TEST_STEP][PASSED] - Statement - counter = counter + 1: null

2018-12-20 13:04:06 - [TEST_STEP][PASSED] - Statement - PreSaveFile = new java.io.File(((pathPrefix + java.lang.Integer.toString(counter)) + .png)): null

2018-12-20 13:04:06 - [TEST_STEP][PASSED] - Statement - counter = counter + 1: null

2018-12-20 13:04:06 - [TEST_STEP][PASSED] - Statement - PreSaveFile = new java.io.File(((pathPrefix + java.lang.Integer.toString(counter)) + .png)): null

2018-12-20 13:04:06 - [TEST_STEP][PASSED] - Statement - counter = counter + 1: null

2018-12-20 13:04:06 - [TEST_STEP][PASSED] - Statement - PreSaveFile = new java.io.File(((pathPrefix + java.lang.Integer.toString(counter)) + .png)): null

2018-12-20 13:04:06 - [TEST_STEP][PASSED] - Statement - counter = counter + 1: null

2018-12-20 13:04:06 - [TEST_STEP][PASSED] - Statement - PreSaveFile = new java.io.File(((pathPrefix + java.lang.Integer.toString(counter)) + .png)): null

2018-12-20 13:04:06 - [TEST_STEP][PASSED] - Statement - counter = counter + 1: null

2018-12-20 13:04:06 - [TEST_STEP][PASSED] - Statement - PreSaveFile = new java.io.File(((pathPrefix + java.lang.Integer.toString(counter)) + .png)): null

2018-12-20 13:04:06 - [TEST_STEP][PASSED] - Statement - counter = counter + 1: null

2018-12-20 13:04:06 - [TEST_STEP][PASSED] - Statement - PreSaveFile = new java.io.File(((pathPrefix + java.lang.Integer.toString(counter)) + .png)): null

2018-12-20 13:04:06 - [TEST_STEP][PASSED] - Statement - counter = counter + 1: null

2018-12-20 13:04:06 - [TEST_STEP][PASSED] - Statement - PreSaveFile = new java.io.File(((pathPrefix + java.lang.Integer.toString(counter)) + .png)): null

2018-12-20 13:04:07 - [TEST_STEP][PASSED] - Statement - counter = counter + 1: null

2018-12-20 13:04:07 - [TEST_STEP][PASSED] - Statement - PreSaveFile = new java.io.File(((pathPrefix + java.lang.Integer.toString(counter)) + .png)): null

2018-12-20 13:04:07 - [TEST_STEP][PASSED] - Statement - counter = counter + 1: null

2018-12-20 13:04:07 - [TEST_STEP][PASSED] - Statement - PreSaveFile = new java.io.File(((pathPrefix + java.lang.Integer.toString(counter)) + .png)): null

2018-12-20 13:04:07 - [TEST_STEP][PASSED] - Statement - counter = counter + 1: null

2018-12-20 13:04:07 - [TEST_STEP][PASSED] - Statement - PreSaveFile = new java.io.File(((pathPrefix + java.lang.Integer.toString(counter)) + .png)): null

2018-12-20 13:04:07 - [TEST_STEP][PASSED] - Statement - counter = counter + 1: null

2018-12-20 13:04:07 - [TEST_STEP][PASSED] - Statement - PreSaveFile = new java.io.File(((pathPrefix + java.lang.Integer.toString(counter)) + .png)): null

2018-12-20 13:04:07 - [TEST_STEP][PASSED] - Statement - counter = counter + 1: null

2018-12-20 13:04:07 - [TEST_STEP][PASSED] - Statement - PreSaveFile = new java.io.File(((pathPrefix + java.lang.Integer.toString(counter)) + .png)): null

2018-12-20 13:04:07 - [TEST_STEP][PASSED] - Statement - counter = counter + 1: null

2018-12-20 13:04:07 - [TEST_STEP][PASSED] - Statement - PreSaveFile = new java.io.File(((pathPrefix + java.lang.Integer.toString(counter)) + .png)): null

2018-12-20 13:04:07 - [TEST_STEP][PASSED] - Statement - counter = counter + 1: null

2018-12-20 13:04:07 - [TEST_STEP][PASSED] - Statement - PreSaveFile = new java.io.File(((pathPrefix + java.lang.Integer.toString(counter)) + .png)): null

2018-12-20 13:04:07 - [TEST_STEP][PASSED] - Statement - counter = counter + 1: null

2018-12-20 13:04:07 - [TEST_STEP][PASSED] - Statement - PreSaveFile = new java.io.File(((pathPrefix + java.lang.Integer.toString(counter)) + .png)): null

2018-12-20 13:04:07 - [TEST_STEP][PASSED] - Statement - counter = counter + 1: null

2018-12-20 13:04:07 - [TEST_STEP][PASSED] - Statement - PreSaveFile = new java.io.File(((pathPrefix + java.lang.Integer.toString(counter)) + .png)): null

2018-12-20 13:04:07 - [TEST_STEP][PASSED] - Statement - counter = counter + 1: null

2018-12-20 13:04:07 - [TEST_STEP][PASSED] - Statement - PreSaveFile = new java.io.File(((pathPrefix + java.lang.Integer.toString(counter)) + .png)): null

2018-12-20 13:04:07 - [TEST_STEP][PASSED] - Statement - counter = counter + 1: null

2018-12-20 13:04:07 - [TEST_STEP][PASSED] - Statement - PreSaveFile = new java.io.File(((pathPrefix + java.lang.Integer.toString(counter)) + .png)): null

2018-12-20 13:04:07 - [TEST_STEP][PASSED] - Statement - counter = counter + 1: null

2018-12-20 13:04:07 - [TEST_STEP][PASSED] - Statement - PreSaveFile = new java.io.File(((pathPrefix + java.lang.Integer.toString(counter)) + .png)): null

2018-12-20 13:04:07 - [TEST_STEP][PASSED] - Statement - counter = counter + 1: null

2018-12-20 13:04:07 - [TEST_STEP][PASSED] - Statement - PreSaveFile = new java.io.File(((pathPrefix + java.lang.Integer.toString(counter)) + .png)): null

2018-12-20 13:04:07 - [TEST_STEP][PASSED] - Statement - counter = counter + 1: null

2018-12-20 13:04:07 - [TEST_STEP][PASSED] - Statement - PreSaveFile = new java.io.File(((pathPrefix + java.lang.Integer.toString(counter)) + .png)): null

2018-12-20 13:04:07 - [TEST_STEP][PASSED] - Statement - counter = counter + 1: null

2018-12-20 13:04:08 - [TEST_STEP][PASSED] - Statement - PreSaveFile = new java.io.File(((pathPrefix + java.lang.Integer.toString(counter)) + .png)): null

2018-12-20 13:04:08 - [TEST_STEP][PASSED] - Statement - counter = counter + 1: null

2018-12-20 13:04:08 - [TEST_STEP][PASSED] - Statement - PreSaveFile = new java.io.File(((pathPrefix + java.lang.Integer.toString(counter)) + .png)): null

2018-12-20 13:04:08 - [TEST_STEP][PASSED] - Statement - counter = counter + 1: null

2018-12-20 13:04:08 - [TEST_STEP][PASSED] - Statement - PreSaveFile = new java.io.File(((pathPrefix + java.lang.Integer.toString(counter)) + .png)): null

2018-12-20 13:04:08 - [TEST_STEP][PASSED] - Statement - counter = counter + 1: null

2018-12-20 13:04:08 - [TEST_STEP][PASSED] - Statement - PreSaveFile = new java.io.File(((pathPrefix + java.lang.Integer.toString(counter)) + .png)): null

2018-12-20 13:04:08 - [TEST_STEP][PASSED] - Statement - counter = counter + 1: null

2018-12-20 13:04:08 - [TEST_STEP][PASSED] - Statement - PreSaveFile = new java.io.File(((pathPrefix + java.lang.Integer.toString(counter)) + .png)): null

2018-12-20 13:04:08 - [TEST_STEP][PASSED] - Statement - counter = counter + 1: null

2018-12-20 13:04:08 - [TEST_STEP][PASSED] - Statement - PreSaveFile = new java.io.File(((pathPrefix + java.lang.Integer.toString(counter)) + .png)): null

2018-12-20 13:04:08 - [TEST_STEP][PASSED] - Statement - counter = counter + 1: null

2018-12-20 13:04:08 - [TEST_STEP][PASSED] - Statement - PreSaveFile = new java.io.File(((pathPrefix + java.lang.Integer.toString(counter)) + .png)): null

2018-12-20 13:04:08 - [TEST_STEP][PASSED] - Statement - counter = counter + 1: null

2018-12-20 13:04:08 - [TEST_STEP][PASSED] - Statement - PreSaveFile = new java.io.File(((pathPrefix + java.lang.Integer.toString(counter)) + .png)): null

2018-12-20 13:04:08 - [TEST_STEP][PASSED] - Statement - counter = counter + 1: null

2018-12-20 13:04:08 - [TEST_STEP][PASSED] - Statement - PreSaveFile = new java.io.File(((pathPrefix + java.lang.Integer.toString(counter)) + .png)): null

2018-12-20 13:04:08 - [TEST_STEP][PASSED] - Statement - counter = counter + 1: null

2018-12-20 13:04:08 - [TEST_STEP][PASSED] - Statement - PreSaveFile = new java.io.File(((pathPrefix + java.lang.Integer.toString(counter)) + .png)): null

2018-12-20 13:04:09 - [TEST_STEP][PASSED] - Statement - counter = counter + 1: null

2018-12-20 13:04:09 - [TEST_STEP][PASSED] - Statement - PreSaveFile = new java.io.File(((pathPrefix + java.lang.Integer.toString(counter)) + .png)): null

2018-12-20 13:04:09 - [TEST_STEP][PASSED] - Statement - counter = counter + 1: null

2018-12-20 13:04:09 - [TEST_STEP][PASSED] - Statement - PreSaveFile = new java.io.File(((pathPrefix + java.lang.Integer.toString(counter)) + .png)): null

2018-12-20 13:04:09 - [TEST_STEP][PASSED] - Statement - counter = counter + 1: null

2018-12-20 13:04:09 - [TEST_STEP][PASSED] - Statement - PreSaveFile = new java.io.File(((pathPrefix + java.lang.Integer.toString(counter)) + .png)): null

2018-12-20 13:04:09 - [TEST_STEP][PASSED] - Statement - counter = counter + 1: null

2018-12-20 13:04:09 - [TEST_STEP][PASSED] - Statement - PreSaveFile = new java.io.File(((pathPrefix + java.lang.Integer.toString(counter)) + .png)): null

2018-12-20 13:04:09 - [TEST_STEP][PASSED] - Statement - counter = counter + 1: null

2018-12-20 13:04:09 - [TEST_STEP][PASSED] - Statement - PreSaveFile = new java.io.File(((pathPrefix + java.lang.Integer.toString(counter)) + .png)): null

2018-12-20 13:04:09 - [TEST_STEP][PASSED] - Statement - counter = counter + 1: null

2018-12-20 13:04:09 - [TEST_STEP][PASSED] - Statement - PreSaveFile = new java.io.File(((pathPrefix + java.lang.Integer.toString(counter)) + .png)): null

2018-12-20 13:04:09 - [TEST_STEP][PASSED] - Statement - counter = counter + 1: null

2018-12-20 13:04:09 - [TEST_STEP][PASSED] - Statement - PreSaveFile = new java.io.File(((pathPrefix + java.lang.Integer.toString(counter)) + .png)): null

2018-12-20 13:04:09 - [TEST_STEP][PASSED] - Statement - counter = counter + 1: null

2018-12-20 13:04:09 - [TEST_STEP][PASSED] - Statement - PreSaveFile = new java.io.File(((pathPrefix + java.lang.Integer.toString(counter)) + .png)): null

2018-12-20 13:04:09 - [TEST_STEP][PASSED] - Statement - counter = counter + 1: null

2018-12-20 13:04:09 - [TEST_STEP][PASSED] - Statement - PreSaveFile = new java.io.File(((pathPrefix + java.lang.Integer.toString(counter)) + .png)): null

2018-12-20 13:04:09 - [TEST_STEP][PASSED] - Statement - counter = counter + 1: null

2018-12-20 13:04:09 - [TEST_STEP][PASSED] - Statement - PreSaveFile = new java.io.File(((pathPrefix + java.lang.Integer.toString(counter)) + .png)): null

2018-12-20 13:04:09 - [TEST_STEP][PASSED] - Statement - counter = counter + 1: null

2018-12-20 13:04:09 - [TEST_STEP][PASSED] - Statement - PreSaveFile = new java.io.File(((pathPrefix + java.lang.Integer.toString(counter)) + .png)): null

2018-12-20 13:04:09 - [TEST_STEP][PASSED] - Statement - counter = counter + 1: null

2018-12-20 13:04:09 - [TEST_STEP][PASSED] - Statement - PreSaveFile = new java.io.File(((pathPrefix + java.lang.Integer.toString(counter)) + .png)): null

2018-12-20 13:04:09 - [TEST_STEP][PASSED] - Statement - counter = counter + 1: null

2018-12-20 13:04:09 - [TEST_STEP][PASSED] - Statement - PreSaveFile = new java.io.File(((pathPrefix + java.lang.Integer.toString(counter)) + .png)): null

2018-12-20 13:04:09 - [TEST_STEP][PASSED] - Statement - counter = counter + 1: null

2018-12-20 13:04:09 - [TEST_STEP][PASSED] - Statement - PreSaveFile = new java.io.File(((pathPrefix + java.lang.Integer.toString(counter)) + .png)): null

2018-12-20 13:04:09 - [TEST_STEP][PASSED] - Statement - counter = counter + 1: null

2018-12-20 13:04:10 - [TEST_STEP][PASSED] - Statement - PreSaveFile = new java.io.File(((pathPrefix + java.lang.Integer.toString(counter)) + .png)): null

2018-12-20 13:04:10 - [TEST_STEP][PASSED] - Statement - counter = counter + 1: null

2018-12-20 13:04:10 - [TEST_STEP][PASSED] - Statement - PreSaveFile = new java.io.File(((pathPrefix + java.lang.Integer.toString(counter)) + .png)): null

2018-12-20 13:04:10 - [TEST_STEP][PASSED] - Statement - counter = counter + 1: null

2018-12-20 13:04:10 - [TEST_STEP][PASSED] - Statement - PreSaveFile = new java.io.File(((pathPrefix + java.lang.Integer.toString(counter)) + .png)): null

2018-12-20 13:04:10 - [TEST_STEP][PASSED] - Statement - counter = counter + 1: null

2018-12-20 13:04:10 - [TEST_STEP][PASSED] - Statement - PreSaveFile = new java.io.File(((pathPrefix + java.lang.Integer.toString(counter)) + .png)): null

2018-12-20 13:04:10 - [TEST_STEP][PASSED] - Statement - counter = counter + 1: null

2018-12-20 13:04:10 - [TEST_STEP][PASSED] - Statement - PreSaveFile = new java.io.File(((pathPrefix + java.lang.Integer.toString(counter)) + .png)): null

2018-12-20 13:04:10 - [TEST_STEP][PASSED] - Statement - counter = counter + 1: null

2018-12-20 13:04:10 - [TEST_STEP][PASSED] - Statement - PreSaveFile = new java.io.File(((pathPrefix + java.lang.Integer.toString(counter)) + .png)): null

2018-12-20 13:04:10 - [TEST_STEP][PASSED] - Statement - counter = counter + 1: null

2018-12-20 13:04:10 - [TEST_STEP][PASSED] - Statement - PreSaveFile = new java.io.File(((pathPrefix + java.lang.Integer.toString(counter)) + .png)): null

2018-12-20 13:04:10 - [TEST_STEP][PASSED] - Statement - counter = counter + 1: null

2018-12-20 13:04:10 - [TEST_STEP][PASSED] - Statement - PreSaveFile = new java.io.File(((pathPrefix + java.lang.Integer.toString(counter)) + .png)): null

2018-12-20 13:04:10 - [TEST_STEP][PASSED] - Statement - counter = counter + 1: null

2018-12-20 13:04:10 - [TEST_STEP][PASSED] - Statement - PreSaveFile = new java.io.File(((pathPrefix + java.lang.Integer.toString(counter)) + .png)): null

2018-12-20 13:04:10 - [TEST_STEP][PASSED] - Statement - counter = counter + 1: null

2018-12-20 13:04:10 - [TEST_STEP][PASSED] - Statement - PreSaveFile = new java.io.File(((pathPrefix + java.lang.Integer.toString(counter)) + .png)): null

2018-12-20 13:04:11 - [TEST_STEP][PASSED] - Statement - counter = counter + 1: null

2018-12-20 13:04:11 - [TEST_STEP][PASSED] - Statement - PreSaveFile = new java.io.File(((pathPrefix + java.lang.Integer.toString(counter)) + .png)): null

2018-12-20 13:04:11 - [TEST_STEP][PASSED] - Statement - counter = counter + 1: null

2018-12-20 13:04:11 - [TEST_STEP][PASSED] - Statement - PreSaveFile = new java.io.File(((pathPrefix + java.lang.Integer.toString(counter)) + .png)): null

2018-12-20 13:04:11 - [TEST_STEP][PASSED] - Statement - counter = counter + 1: null

2018-12-20 13:04:11 - [TEST_STEP][PASSED] - Statement - PreSaveFile = new java.io.File(((pathPrefix + java.lang.Integer.toString(counter)) + .png)): null

2018-12-20 13:04:11 - [TEST_STEP][PASSED] - Statement - counter = counter + 1: null

2018-12-20 13:04:11 - [TEST_STEP][PASSED] - Statement - PreSaveFile = new java.io.File(((pathPrefix + java.lang.Integer.toString(counter)) + .png)): null

2018-12-20 13:04:11 - [TEST_STEP][PASSED] - Statement - counter = counter + 1: null

2018-12-20 13:04:11 - [TEST_STEP][PASSED] - Statement - PreSaveFile = new java.io.File(((pathPrefix + java.lang.Integer.toString(counter)) + .png)): null

2018-12-20 13:04:11 - [TEST_STEP][PASSED] - Statement - counter = counter + 1: null

2018-12-20 13:04:11 - [TEST_STEP][PASSED] - Statement - PreSaveFile = new java.io.File(((pathPrefix + java.lang.Integer.toString(counter)) + .png)): null

2018-12-20 13:04:11 - [TEST_STEP][PASSED] - Statement - counter = counter + 1: null

2018-12-20 13:04:11 - [TEST_STEP][PASSED] - Statement - PreSaveFile = new java.io.File(((pathPrefix + java.lang.Integer.toString(counter)) + .png)): null

2018-12-20 13:04:11 - [TEST_STEP][PASSED] - Statement - counter = counter + 1: null

2018-12-20 13:04:11 - [TEST_STEP][PASSED] - Statement - PreSaveFile = new java.io.File(((pathPrefix + java.lang.Integer.toString(counter)) + .png)): null

2018-12-20 13:04:11 - [TEST_STEP][PASSED] - Statement - counter = counter + 1: null

2018-12-20 13:04:11 - [TEST_STEP][PASSED] - Statement - PreSaveFile = new java.io.File(((pathPrefix + java.lang.Integer.toString(counter)) + .png)): null

2018-12-20 13:04:11 - [TEST_STEP][PASSED] - Statement - counter = counter + 1: null

2018-12-20 13:04:11 - [TEST_STEP][PASSED] - Statement - PreSaveFile = new java.io.File(((pathPrefix + java.lang.Integer.toString(counter)) + .png)): null

2018-12-20 13:04:11 - [TEST_STEP][PASSED] - Statement - counter = counter + 1: null

2018-12-20 13:04:11 - [TEST_STEP][PASSED] - Statement - PreSaveFile = new java.io.File(((pathPrefix + java.lang.Integer.toString(counter)) + .png)): null

2018-12-20 13:04:11 - [TEST_STEP][PASSED] - Statement - counter = counter + 1: null

2018-12-20 13:04:11 - [TEST_STEP][PASSED] - Statement - PreSaveFile = new java.io.File(((pathPrefix + java.lang.Integer.toString(counter)) + .png)): null

2018-12-20 13:04:11 - [TEST_STEP][PASSED] - Statement - counter = counter + 1: null

2018-12-20 13:04:11 - [TEST_STEP][PASSED] - Statement - PreSaveFile = new java.io.File(((pathPrefix + java.lang.Integer.toString(counter)) + .png)): null

2018-12-20 13:04:11 - [TEST_STEP][PASSED] - Statement - counter = counter + 1: null

2018-12-20 13:04:11 - [TEST_STEP][PASSED] - Statement - PreSaveFile = new java.io.File(((pathPrefix + java.lang.Integer.toString(counter)) + .png)): null

2018-12-20 13:04:11 - [TEST_STEP][PASSED] - Statement - counter = counter + 1: null

2018-12-20 13:04:12 - [TEST_STEP][PASSED] - Statement - PreSaveFile = new java.io.File(((pathPrefix + java.lang.Integer.toString(counter)) + .png)): null

2018-12-20 13:04:12 - [TEST_STEP][PASSED] - Statement - counter = counter + 1: null

2018-12-20 13:04:12 - [TEST_STEP][PASSED] - Statement - PreSaveFile = new java.io.File(((pathPrefix + java.lang.Integer.toString(counter)) + .png)): null

2018-12-20 13:04:12 - [TEST_STEP][PASSED] - Statement - counter = counter + 1: null

2018-12-20 13:04:12 - [TEST_STEP][PASSED] - Statement - PreSaveFile = new java.io.File(((pathPrefix + java.lang.Integer.toString(counter)) + .png)): null

2018-12-20 13:04:12 - [TEST_STEP][PASSED] - Statement - counter = counter + 1: null

2018-12-20 13:04:12 - [TEST_STEP][PASSED] - Statement - PreSaveFile = new java.io.File(((pathPrefix + java.lang.Integer.toString(counter)) + .png)): null

2018-12-20 13:04:12 - [TEST_STEP][PASSED] - Statement - counter = counter + 1: null

2018-12-20 13:04:12 - [TEST_STEP][PASSED] - Statement - PreSaveFile = new java.io.File(((pathPrefix + java.lang.Integer.toString(counter)) + .png)): null

2018-12-20 13:04:12 - [TEST_STEP][PASSED] - Statement - counter = counter + 1: null

2018-12-20 13:04:12 - [TEST_STEP][PASSED] - Statement - PreSaveFile = new java.io.File(((pathPrefix + java.lang.Integer.toString(counter)) + .png)): null

2018-12-20 13:04:12 - [TEST_STEP][PASSED] - Statement - counter = counter + 1: null

2018-12-20 13:04:12 - [TEST_STEP][PASSED] - Statement - PreSaveFile = new java.io.File(((pathPrefix + java.lang.Integer.toString(counter)) + .png)): null

2018-12-20 13:04:12 - [TEST_STEP][PASSED] - Statement - counter = counter + 1: null

2018-12-20 13:04:12 - [TEST_STEP][PASSED] - Statement - PreSaveFile = new java.io.File(((pathPrefix + java.lang.Integer.toString(counter)) + .png)): null

2018-12-20 13:04:12 - [TEST_STEP][PASSED] - Statement - counter = counter + 1: null

2018-12-20 13:04:12 - [TEST_STEP][PASSED] - Statement - PreSaveFile = new java.io.File(((pathPrefix + java.lang.Integer.toString(counter)) + .png)): null

2018-12-20 13:04:12 - [TEST_STEP][PASSED] - Statement - counter = counter + 1: null

2018-12-20 13:04:12 - [TEST_STEP][PASSED] - Statement - PreSaveFile = new java.io.File(((pathPrefix + java.lang.Integer.toString(counter)) + .png)): null

2018-12-20 13:04:13 - [TEST_STEP][PASSED] - Statement - counter = counter + 1: null

2018-12-20 13:04:13 - [TEST_STEP][PASSED] - Statement - PreSaveFile = new java.io.File(((pathPrefix + java.lang.Integer.toString(counter)) + .png)): null

2018-12-20 13:04:13 - [TEST_STEP][PASSED] - Statement - counter = counter + 1: null

2018-12-20 13:04:13 - [TEST_STEP][PASSED] - Statement - PreSaveFile = new java.io.File(((pathPrefix + java.lang.Integer.toString(counter)) + .png)): null

2018-12-20 13:04:13 - [TEST_STEP][PASSED] - Statement - counter = counter + 1: null

2018-12-20 13:04:13 - [TEST_STEP][PASSED] - Statement - PreSaveFile = new java.io.File(((pathPrefix + java.lang.Integer.toString(counter)) + .png)): null

2018-12-20 13:04:13 - [TEST_STEP][PASSED] - Statement - counter = counter + 1: null

2018-12-20 13:04:13 - [TEST_STEP][PASSED] - Statement - PreSaveFile = new java.io.File(((pathPrefix + java.lang.Integer.toString(counter)) + .png)): null

2018-12-20 13:04:13 - [TEST_STEP][PASSED] - Statement - counter = counter + 1: null

2018-12-20 13:04:13 - [TEST_STEP][PASSED] - Statement - PreSaveFile = new java.io.File(((pathPrefix + java.lang.Integer.toString(counter)) + .png)): null

2018-12-20 13:04:13 - [TEST_STEP][PASSED] - Statement - counter = counter + 1: null

2018-12-20 13:04:13 - [TEST_STEP][PASSED] - Statement - PreSaveFile = new java.io.File(((pathPrefix + java.lang.Integer.toString(counter)) + .png)): null

2018-12-20 13:04:13 - [TEST_STEP][PASSED] - Statement - counter = counter + 1: null

2018-12-20 13:04:13 - [TEST_STEP][PASSED] - Statement - PreSaveFile = new java.io.File(((pathPrefix + java.lang.Integer.toString(counter)) + .png)): null

2018-12-20 13:04:13 - [TEST_STEP][PASSED] - Statement - counter = counter + 1: null

2018-12-20 13:04:13 - [TEST_STEP][PASSED] - Statement - PreSaveFile = new java.io.File(((pathPrefix + java.lang.Integer.toString(counter)) + .png)): null

2018-12-20 13:04:13 - [TEST_STEP][PASSED] - Statement - counter = counter + 1: null

2018-12-20 13:04:13 - [TEST_STEP][PASSED] - Statement - PreSaveFile = new java.io.File(((pathPrefix + java.lang.Integer.toString(counter)) + .png)): null

2018-12-20 13:04:13 - [TEST_STEP][PASSED] - Statement - counter = counter + 1: null

2018-12-20 13:04:14 - [TEST_STEP][PASSED] - Statement - PreSaveFile = new java.io.File(((pathPrefix + java.lang.Integer.toString(counter)) + .png)): null

2018-12-20 13:04:14 - [TEST_STEP][PASSED] - Statement - counter = counter + 1: null

2018-12-20 13:04:14 - [TEST_STEP][PASSED] - Statement - PreSaveFile = new java.io.File(((pathPrefix + java.lang.Integer.toString(counter)) + .png)): null

2018-12-20 13:04:14 - [TEST_STEP][PASSED] - Statement - counter = counter + 1: null

2018-12-20 13:04:14 - [TEST_STEP][PASSED] - Statement - PreSaveFile = new java.io.File(((pathPrefix + java.lang.Integer.toString(counter)) + .png)): null

2018-12-20 13:04:14 - [TEST_STEP][PASSED] - Statement - counter = counter + 1: null

2018-12-20 13:04:14 - [TEST_STEP][PASSED] - Statement - PreSaveFile = new java.io.File(((pathPrefix + java.lang.Integer.toString(counter)) + .png)): null

2018-12-20 13:04:14 - [TEST_STEP][PASSED] - Statement - counter = counter + 1: null

2018-12-20 13:04:14 - [TEST_STEP][PASSED] - Statement - PreSaveFile = new java.io.File(((pathPrefix + java.lang.Integer.toString(counter)) + .png)): null

2018-12-20 13:04:14 - [TEST_STEP][PASSED] - Statement - counter = counter + 1: null

2018-12-20 13:04:14 - [TEST_STEP][PASSED] - Statement - PreSaveFile = new java.io.File(((pathPrefix + java.lang.Integer.toString(counter)) + .png)): null

2018-12-20 13:04:14 - [TEST_STEP][PASSED] - Statement - counter = counter + 1: null

2018-12-20 13:04:14 - [TEST_STEP][PASSED] - Statement - PreSaveFile = new java.io.File(((pathPrefix + java.lang.Integer.toString(counter)) + .png)): null

2018-12-20 13:04:14 - [TEST_STEP][PASSED] - Statement - counter = counter + 1: null

2018-12-20 13:04:14 - [TEST_STEP][PASSED] - Statement - PreSaveFile = new java.io.File(((pathPrefix + java.lang.Integer.toString(counter)) + .png)): null

2018-12-20 13:04:14 - [TEST_STEP][PASSED] - Statement - counter = counter + 1: null

2018-12-20 13:04:14 - [TEST_STEP][PASSED] - Statement - PreSaveFile = new java.io.File(((pathPrefix + java.lang.Integer.toString(counter)) + .png)): null

2018-12-20 13:04:14 - [TEST_STEP][PASSED] - Statement - counter = counter + 1: null

2018-12-20 13:04:14 - [TEST_STEP][PASSED] - Statement - PreSaveFile = new java.io.File(((pathPrefix + java.lang.Integer.toString(counter)) + .png)): null

2018-12-20 13:04:15 - [TEST_STEP][PASSED] - Statement - counter = counter + 1: null

2018-12-20 13:04:15 - [TEST_STEP][PASSED] - Statement - PreSaveFile = new java.io.File(((pathPrefix + java.lang.Integer.toString(counter)) + .png)): null

2018-12-20 13:04:15 - [TEST_STEP][PASSED] - Statement - counter = counter + 1: null

2018-12-20 13:04:15 - [TEST_STEP][PASSED] - Statement - PreSaveFile = new java.io.File(((pathPrefix + java.lang.Integer.toString(counter)) + .png)): null

2018-12-20 13:04:15 - [TEST_STEP][PASSED] - Statement - counter = counter + 1: null

2018-12-20 13:04:15 - [TEST_STEP][PASSED] - Statement - PreSaveFile = new java.io.File(((pathPrefix + java.lang.Integer.toString(counter)) + .png)): null

2018-12-20 13:04:15 - [TEST_STEP][PASSED] - Statement - counter = counter + 1: null

2018-12-20 13:04:15 - [TEST_STEP][PASSED] - Statement - PreSaveFile = new java.io.File(((pathPrefix + java.lang.Integer.toString(counter)) + .png)): null

2018-12-20 13:04:15 - [TEST_STEP][PASSED] - Statement - counter = counter + 1: null

2018-12-20 13:04:15 - [TEST_STEP][PASSED] - Statement - PreSaveFile = new java.io.File(((pathPrefix + java.lang.Integer.toString(counter)) + .png)): null

2018-12-20 13:04:15 - [TEST_STEP][PASSED] - Statement - counter = counter + 1: null

2018-12-20 13:04:15 - [TEST_STEP][PASSED] - Statement - PreSaveFile = new java.io.File(((pathPrefix + java.lang.Integer.toString(counter)) + .png)): null

2018-12-20 13:04:15 - [TEST_STEP][PASSED] - Statement - counter = counter + 1: null

2018-12-20 13:04:15 - [TEST_STEP][PASSED] - Statement - PreSaveFile = new java.io.File(((pathPrefix + java.lang.Integer.toString(counter)) + .png)): null

2018-12-20 13:04:15 - [TEST_STEP][PASSED] - Statement - counter = counter + 1: null

2018-12-20 13:04:15 - [TEST_STEP][PASSED] - Statement - PreSaveFile = new java.io.File(((pathPrefix + java.lang.Integer.toString(counter)) + .png)): null

2018-12-20 13:04:15 - [TEST_STEP][PASSED] - Statement - counter = counter + 1: null

2018-12-20 13:04:15 - [TEST_STEP][PASSED] - Statement - PreSaveFile = new java.io.File(((pathPrefix + java.lang.Integer.toString(counter)) + .png)): null

2018-12-20 13:04:15 - [TEST_STEP][PASSED] - Statement - counter = counter + 1: null

2018-12-20 13:04:15 - [TEST_STEP][PASSED] - Statement - PreSaveFile = new java.io.File(((pathPrefix + java.lang.Integer.toString(counter)) + .png)): null

2018-12-20 13:04:15 - [TEST_STEP][PASSED] - Statement - counter = counter + 1: null

2018-12-20 13:04:15 - [TEST_STEP][PASSED] - Statement - PreSaveFile = new java.io.File(((pathPrefix + java.lang.Integer.toString(counter)) + .png)): null

2018-12-20 13:04:15 - [TEST_STEP][PASSED] - Statement - counter = counter + 1: null

2018-12-20 13:04:15 - [TEST_STEP][PASSED] - Statement - PreSaveFile = new java.io.File(((pathPrefix + java.lang.Integer.toString(counter)) + .png)): null

2018-12-20 13:04:15 - [TEST_STEP][PASSED] - Statement - counter = counter + 1: null

2018-12-20 13:04:15 - [TEST_STEP][PASSED] - Statement - PreSaveFile = new java.io.File(((pathPrefix + java.lang.Integer.toString(counter)) + .png)): null

2018-12-20 13:04:15 - [TEST_STEP][PASSED] - Statement - counter = counter + 1: null

2018-12-20 13:04:15 - [TEST_STEP][PASSED] - Statement - PreSaveFile = new java.io.File(((pathPrefix + java.lang.Integer.toString(counter)) + .png)): null

2018-12-20 13:04:15 - [TEST_STEP][PASSED] - Statement - counter = counter + 1: null

2018-12-20 13:04:16 - [TEST_STEP][PASSED] - Statement - PreSaveFile = new java.io.File(((pathPrefix + java.lang.Integer.toString(counter)) + .png)): null

2018-12-20 13:04:16 - [TEST_STEP][PASSED] - Statement - counter = counter + 1: null

2018-12-20 13:04:16 - [TEST_STEP][PASSED] - Statement - PreSaveFile = new java.io.File(((pathPrefix + java.lang.Integer.toString(counter)) + .png)): null

2018-12-20 13:04:16 - [TEST_STEP][PASSED] - Statement - counter = counter + 1: null

2018-12-20 13:04:16 - [TEST_STEP][PASSED] - Statement - PreSaveFile = new java.io.File(((pathPrefix + java.lang.Integer.toString(counter)) + .png)): null

2018-12-20 13:04:16 - [TEST_STEP][PASSED] - Statement - counter = counter + 1: null

2018-12-20 13:04:16 - [TEST_STEP][PASSED] - Statement - PreSaveFile = new java.io.File(((pathPrefix + java.lang.Integer.toString(counter)) + .png)): null

2018-12-20 13:04:16 - [TEST_STEP][PASSED] - Statement - counter = counter + 1: null

2018-12-20 13:04:16 - [TEST_STEP][PASSED] - Statement - PreSaveFile = new java.io.File(((pathPrefix + java.lang.Integer.toString(counter)) + .png)): null

2018-12-20 13:04:16 - [TEST_STEP][PASSED] - Statement - counter = counter + 1: null

2018-12-20 13:04:16 - [TEST_STEP][PASSED] - Statement - PreSaveFile = new java.io.File(((pathPrefix + java.lang.Integer.toString(counter)) + .png)): null

2018-12-20 13:04:16 - [TEST_STEP][PASSED] - Statement - counter = counter + 1: null

2018-12-20 13:04:16 - [TEST_STEP][PASSED] - Statement - PreSaveFile = new java.io.File(((pathPrefix + java.lang.Integer.toString(counter)) + .png)): null

2018-12-20 13:04:16 - [TEST_STEP][PASSED] - Statement - counter = counter + 1: null

2018-12-20 13:04:16 - [TEST_STEP][PASSED] - Statement - PreSaveFile = new java.io.File(((pathPrefix + java.lang.Integer.toString(counter)) + .png)): null

2018-12-20 13:04:16 - [TEST_STEP][PASSED] - Statement - counter = counter + 1: null

2018-12-20 13:04:16 - [TEST_STEP][PASSED] - Statement - PreSaveFile = new java.io.File(((pathPrefix + java.lang.Integer.toString(counter)) + .png)): null

2018-12-20 13:04:16 - [TEST_STEP][PASSED] - Statement - counter = counter + 1: null

2018-12-20 13:04:16 - [TEST_STEP][PASSED] - Statement - PreSaveFile = new java.io.File(((pathPrefix + java.lang.Integer.toString(counter)) + .png)): null

2018-12-20 13:04:17 - [TEST_STEP][PASSED] - Statement - counter = counter + 1: null

2018-12-20 13:04:17 - [TEST_STEP][PASSED] - Statement - PreSaveFile = new java.io.File(((pathPrefix + java.lang.Integer.toString(counter)) + .png)): null

2018-12-20 13:04:17 - [TEST_STEP][PASSED] - Statement - counter = counter + 1: null

2018-12-20 13:04:17 - [TEST_STEP][PASSED] - Statement - PreSaveFile = new java.io.File(((pathPrefix + java.lang.Integer.toString(counter)) + .png)): null

2018-12-20 13:04:17 - [TEST_STEP][PASSED] - Statement - finalPath = pathPrefix + java.lang.Integer.toString(counter) + ".png": null

2018-12-20 13:04:17 - [TEST_STEP][PASSED] - Statement - SaveFile = new java.io.File(finalPath): null

2018-12-20 13:04:17 - [TEST_STEP][PASSED] - Statement - Try: null

2018-12-20 13:04:17 - [TEST_STEP][PASSED] - Statement - org.apache.commons.io.FileUtils.copyFile(scrFile, SaveFile): null

2018-12-20 13:04:17 - [TEST_STEP][PASSED] - Statement - out.println("file kept"): null

2018-12-20 13:04:17 - [TEST_STEP][PASSED] - delay: Delayed 10 second(s)

2018-12-20 13:04:27 - [MESSAGE][PASSED] - Delayed 10 second(s)

2018-12-20 13:04:27 - [MESSAGE][PASSED] - Call Test Case 'Test Cases/Final Aug 2018 - PKS Automation/Registration Module/New Registration/Submit and Screenshot/Submit Registration and Screenshot - Copy' successfully

2018-12-20 13:04:27 - [TEST_STEP][PASSED] - Statement - UpdateAddNewECode = com.kms.katalon.core.webui.keyword.WebUiBuiltInKeywords.getText(com.kms.katalon.core.testobject.ObjectRepository.findTestObject(Object Repository/Final Object Repo/Page_Update Add New Employee - ASSIST/getEmpCode)): Text of object 'Object Repository/Final Object Repo/Page_Update Add New Employee - ASSIST/getEmpCode' is: 'E1102070949B'

2018-12-20 13:04:27 - [MESSAGE][PASSED] - Text of object 'Object Repository/Final Object Repo/Page_Update Add New Employee - ASSIST/getEmpCode' is: 'E1102070949B'

2018-12-20 13:04:27 - [TEST_STEP][PASSED] - callTestCase: Call Test Case 'Test Cases/Final Aug 2018 - PKS Automation/Common/Emp Code Setter' successfully

2018-12-20 13:04:28 - [TEST_CASE][PASSED] - Test Cases/Final Aug 2018 - PKS Automation/Common/Emp Code Setter: Test Cases/Final Aug 2018 - PKS Automation/Common/Emp Code Setter

2018-12-20 13:04:28 - [TEST_STEP][PASSED] - Statement - EmpCodeOld = new java.io.File(C://Users//Admin//Desktop//PKS//Automation Reference Point//EmpCode.txt): null

2018-12-20 13:04:28 - [TEST_STEP][PASSED] - Statement - EmpCodeOld.delete(): null

2018-12-20 13:04:28 - [TEST_STEP][PASSED] - Statement - EmpCode = new java.io.File(C://Users//Admin//Desktop//PKS//Automation Reference Point//EmpCode.txt): null

2018-12-20 13:04:28 - [TEST_STEP][PASSED] - Statement - f2 = new java.io.FileWriter(EmpCode, false): null

2018-12-20 13:04:28 - [TEST_STEP][PASSED] - Statement - f2.write(UpdateAddNewECode): null

2018-12-20 13:04:28 - [TEST_STEP][PASSED] - Statement - f2.close(): null

2018-12-20 13:04:28 - [TEST_STEP][PASSED] - Statement - out.println("


" + UpdateAddNewECode + "


"): null

2018-12-20 13:04:28 - [MESSAGE][PASSED] - Call Test Case 'Test Cases/Final Aug 2018 - PKS Automation/Common/Emp Code Setter' successfully

2018-12-20 13:04:28 - [MESSAGE][PASSED] - Call Test Case 'Test Cases/Final Aug 2018 - PKS Automation/Registration Module/Workflow/Update Add New Employee/Template/New Company for Update Add New - Employer' successfully

2018-12-20 13:04:28 - [TEST_STEP][PASSED] - callTestCase: Call Test Case 'Test Cases/Final Aug 2018 - PKS Automation/Create Employer Acc/Login to Employer Account (Second time)' successfully

2018-12-20 13:04:28 - [TEST_CASE][PASSED] - Test Cases/Final Aug 2018 - PKS Automation/Create Employer Acc/Login to Employer Account (Second time): Test Cases/Final Aug 2018 - PKS Automation/Create Employer Acc/Login to Employer Account (Second time)

2018-12-20 13:04:28 - [TEST_STEP][PASSED] - openBrowser: Browser is opened with url: ''

2018-12-20 13:04:28 - [MESSAGE][WARNING] - A browser is already opened. Closing browser and opening a new one

2018-12-20 13:04:31 - [MESSAGE][PASSED] - Browser is opened with url: ''

2018-12-20 13:04:31 - [TEST_STEP][PASSED] - navigateToUrl: Navigate to 'https://assist2-uat.perkeso.gov.my/employer/login' successfully

2018-12-20 13:04:32 - [MESSAGE][PASSED] - Navigate to 'https://assist2-uat.perkeso.gov.my/employer/login' successfully

2018-12-20 13:04:32 - [TEST_STEP][PASSED] - delay: Delayed 3 second(s)

2018-12-20 13:04:35 - [MESSAGE][PASSED] - Delayed 3 second(s)

2018-12-20 13:04:35 - [TEST_STEP][PASSED] - callTestCase: Call Test Case 'Test Cases/Final Aug 2018 - PKS Automation/Create Employer Acc/Template/Employer Email Getter' successfully

2018-12-20 13:04:35 - [TEST_CASE][PASSED] - Test Cases/Final Aug 2018 - PKS Automation/Create Employer Acc/Template/Employer Email Getter: Test Cases/Final Aug 2018 - PKS Automation/Create Employer Acc/Template/Employer Email Getter

2018-12-20 13:04:35 - [TEST_STEP][PASSED] - Statement - Try: null

2018-12-20 13:04:35 - [TEST_STEP][PASSED] - Statement - EmpEmail = new java.io.File(C://Users//Admin//Desktop//PKS//Automation Reference Point//EmpEmail.txt): null

2018-12-20 13:04:35 - [TEST_STEP][PASSED] - Statement - bufferread = new java.io.BufferedReader(new java.io.FileReader(EmpEmail)): null

2018-12-20 13:04:35 - [TEST_STEP][PASSED] - Statement - readedVal = bufferread.readLine(): null

2018-12-20 13:04:35 - [TEST_STEP][PASSED] - Statement - out.println(readedVal): null

2018-12-20 13:04:35 - [TEST_STEP][PASSED] - Statement - Email = readedVal: null

2018-12-20 13:04:35 - [MESSAGE][PASSED] - Call Test Case 'Test Cases/Final Aug 2018 - PKS Automation/Create Employer Acc/Template/Employer Email Getter' successfully

2018-12-20 13:04:35 - [TEST_STEP][PASSED] - setText: Text 'perkeso110113901880@gmail.com' is set on object 'Object Repository/Final Object Repo/Login Page/External Login Page/Email'

2018-12-20 13:04:35 - [MESSAGE][PASSED] - Text 'perkeso110113901880@gmail.com' is set on object 'Object Repository/Final Object Repo/Login Page/External Login Page/Email'

2018-12-20 13:04:35 - [TEST_STEP][PASSED] - click: Object: 'Object Repository/Final Object Repo/Login Page/External Login Page/Next' is clicked on

2018-12-20 13:04:36 - [MESSAGE][PASSED] - Object: 'Object Repository/Final Object Repo/Login Page/External Login Page/Next' is clicked on

2018-12-20 13:04:36 - [TEST_STEP][PASSED] - delay: Delayed 3 second(s)

2018-12-20 13:04:39 - [MESSAGE][PASSED] - Delayed 3 second(s)

2018-12-20 13:04:39 - [TEST_STEP][PASSED] - setEncryptedText: Text ****** has been set on object 'Object Repository/Final Object Repo/Login Page/External Login Page/Password'

2018-12-20 13:04:39 - [MESSAGE][PASSED] - Text ****** has been set on object 'Object Repository/Final Object Repo/Login Page/External Login Page/Password'

2018-12-20 13:04:39 - [TEST_STEP][PASSED] - click: Object: 'Object Repository/Final Object Repo/Login Page/External Login Page/Login' is clicked on

2018-12-20 13:04:39 - [MESSAGE][PASSED] - Object: 'Object Repository/Final Object Repo/Login Page/External Login Page/Login' is clicked on

2018-12-20 13:04:39 - [TEST_STEP][PASSED] - delay: Delayed 5 second(s)

2018-12-20 13:04:44 - [MESSAGE][PASSED] - Delayed 5 second(s)

2018-12-20 13:04:44 - [MESSAGE][PASSED] - Call Test Case 'Test Cases/Final Aug 2018 - PKS Automation/Create Employer Acc/Login to Employer Account (Second time)' successfully

2018-12-20 13:04:44 - [TEST_STEP][PASSED] - navigateToUrl: Navigate to 'https://assist2-uat.perkeso.gov.my/web/registration/eis-update/form-3-eis-cessation-as-employer' successfully

2018-12-20 13:04:45 - [MESSAGE][PASSED] - Navigate to 'https://assist2-uat.perkeso.gov.my/web/registration/eis-update/form-3-eis-cessation-as-employer' successfully

2018-12-20 13:04:45 - [TEST_STEP][PASSED] - delay: Delayed 1 second(s)

2018-12-20 13:04:46 - [MESSAGE][PASSED] - Delayed 1 second(s)

2018-12-20 13:04:46 - [TEST_STEP][PASSED] - click: Object: 'Object Repository/Final Object Repo/Page_Form 3 EIS - Cessation as Employer/Edit' is clicked on

2018-12-20 13:04:47 - [MESSAGE][PASSED] - Object: 'Object Repository/Final Object Repo/Page_Form 3 EIS - Cessation as Employer/Edit' is clicked on

2018-12-20 13:04:47 - [TEST_STEP][PASSED] - delay: Delayed 1 second(s)

2018-12-20 13:04:48 - [MESSAGE][PASSED] - Delayed 1 second(s)

2018-12-20 13:04:48 - [TEST_STEP][PASSED] - Statement - abc = com.kms.katalon.core.webui.keyword.WebUiBuiltInKeywords.getAttribute(com.kms.katalon.core.testobject.ObjectRepository.findTestObject(Final Object Repo/Page_Form 3 EIS - Cessation as Employer/Employer Status), "value"): Attribute 'value' of object 'Object Repository/Final Object Repo/Page_Form 3 EIS - Cessation as Employer/Employer Status' is: 'Active'

2018-12-20 13:04:49 - [MESSAGE][PASSED] - Attribute 'value' of object 'Object Repository/Final Object Repo/Page_Form 3 EIS - Cessation as Employer/Employer Status' is: 'Active'

2018-12-20 13:04:49 - [TEST_STEP][PASSED] - Statement - out.println(abc): null

2018-12-20 13:04:49 - [TEST_STEP][PASSED] - Statement - If (abc == "Active"): Object: 'Object Repository/Final Object Repo/Page_Form 3 EIS - Cessation as Employer/Dormant EIS' is clicked on

2018-12-20 13:04:49 - [TEST_STEP][PASSED] - click: Object: 'Object Repository/Final Object Repo/Page_Form 3 EIS - Cessation as Employer/Change Employer Status to' is clicked on

2018-12-20 13:04:49 - [MESSAGE][PASSED] - Object: 'Object Repository/Final Object Repo/Page_Form 3 EIS - Cessation as Employer/Change Employer Status to' is clicked on

2018-12-20 13:04:49 - [TEST_STEP][PASSED] - click: Object: 'Object Repository/Final Object Repo/Page_Form 3 EIS - Cessation as Employer/Dormant EIS' is clicked on

2018-12-20 13:04:49 - [MESSAGE][PASSED] - Object: 'Object Repository/Final Object Repo/Page_Form 3 EIS - Cessation as Employer/Dormant EIS' is clicked on

2018-12-20 13:04:49 - [TEST_STEP][PASSED] - click: Object: 'Object Repository/Final Object Repo/Page_Form 3 EIS - Cessation as Employer/Calender' is clicked on

2018-12-20 13:04:49 - [MESSAGE][PASSED] - Object: 'Object Repository/Final Object Repo/Page_Form 3 EIS - Cessation as Employer/Calender' is clicked on

2018-12-20 13:04:49 - [TEST_STEP][PASSED] - delay: Delayed 1 second(s)

2018-12-20 13:04:50 - [MESSAGE][PASSED] - Delayed 1 second(s)

2018-12-20 13:04:50 - [TEST_STEP][PASSED] - click: Object: 'Object Repository/Final Object Repo/Page_Form 3 EIS - Cessation as Employer/Calender - Date' is clicked on

2018-12-20 13:04:50 - [MESSAGE][PASSED] - Object: 'Object Repository/Final Object Repo/Page_Form 3 EIS - Cessation as Employer/Calender - Date' is clicked on

2018-12-20 13:04:50 - [TEST_STEP][PASSED] - click: Object: 'Object Repository/Final Object Repo/Page_Form 3 EIS - Cessation as Employer/Save  Continue in Form 3 EIS Page' is clicked on

2018-12-20 13:04:51 - [MESSAGE][PASSED] - Object: 'Object Repository/Final Object Repo/Page_Form 3 EIS - Cessation as Employer/Save  Continue in Form 3 EIS Page' is clicked on

2018-12-20 13:04:51 - [TEST_STEP][PASSED] - delay: Delayed 1 second(s)

2018-12-20 13:04:52 - [MESSAGE][PASSED] - Delayed 1 second(s)

2018-12-20 13:04:52 - [TEST_STEP][PASSED] - click: Object: 'Object Repository/Final Object Repo/Page_Form 3 EIS - Cessation as Employer/Employment Resign Date' is clicked on

2018-12-20 13:04:52 - [MESSAGE][PASSED] - Object: 'Object Repository/Final Object Repo/Page_Form 3 EIS - Cessation as Employer/Employment Resign Date' is clicked on

2018-12-20 13:04:52 - [TEST_STEP][PASSED] - selectOptionByValue: All options with value '2019' are selected in object 'Object Repository/Final Object Repo/Page_Form 3 EIS - Cessation as Employer/Employment Resign Date - Year' 

2018-12-20 13:04:53 - [MESSAGE][PASSED] - All options with value '2019' are selected in object 'Object Repository/Final Object Repo/Page_Form 3 EIS - Cessation as Employer/Employment Resign Date - Year' 

2018-12-20 13:04:53 - [TEST_STEP][PASSED] - delay: Delayed 2 second(s)

2018-12-20 13:04:55 - [MESSAGE][PASSED] - Delayed 2 second(s)

2018-12-20 13:04:55 - [TEST_STEP][PASSED] - click: Object: 'Object Repository/Final Object Repo/Page_Form 3 EIS - Cessation as Employer/Employment Resign Date - Year - Date' is clicked on

2018-12-20 13:04:55 - [MESSAGE][PASSED] - Object: 'Object Repository/Final Object Repo/Page_Form 3 EIS - Cessation as Employer/Employment Resign Date - Year - Date' is clicked on

2018-12-20 13:04:55 - [TEST_STEP][PASSED] - delay: Delayed 2 second(s)

2018-12-20 13:04:57 - [MESSAGE][PASSED] - Delayed 2 second(s)

2018-12-20 13:04:57 - [TEST_STEP][PASSED] - click: Object: 'Object Repository/Final Object Repo/Page_Form 3 EIS - Cessation as Employer/Save  Continue in Employment Resign Page' is clicked on

2018-12-20 13:04:57 - [MESSAGE][PASSED] - Object: 'Object Repository/Final Object Repo/Page_Form 3 EIS - Cessation as Employer/Save  Continue in Employment Resign Page' is clicked on

2018-12-20 13:04:57 - [TEST_STEP][PASSED] - delay: Delayed 2 second(s)

2018-12-20 13:04:59 - [MESSAGE][PASSED] - Delayed 2 second(s)

2018-12-20 13:04:59 - [TEST_STEP][PASSED] - click: Object: 'Object Repository/Final Object Repo/Page_Form 3 EIS - Cessation as Employer/Set Latest - Yes' is clicked on

2018-12-20 13:04:59 - [MESSAGE][PASSED] - Object: 'Object Repository/Final Object Repo/Page_Form 3 EIS - Cessation as Employer/Set Latest - Yes' is clicked on

2018-12-20 13:04:59 - [TEST_STEP][PASSED] - delay: Delayed 2 second(s)

2018-12-20 13:05:01 - [MESSAGE][PASSED] - Delayed 2 second(s)

2018-12-20 13:05:01 - [TEST_STEP][PASSED] - click: Object: 'Object Repository/Final Object Repo/Page_Form 3 EIS - Cessation as Employer/Add Document' is clicked on

2018-12-20 13:05:02 - [MESSAGE][PASSED] - Object: 'Object Repository/Final Object Repo/Page_Form 3 EIS - Cessation as Employer/Add Document' is clicked on

2018-12-20 13:05:02 - [TEST_STEP][PASSED] - delay: Delayed 3 second(s)

2018-12-20 13:05:05 - [MESSAGE][PASSED] - Delayed 3 second(s)

2018-12-20 13:05:05 - [TEST_STEP][PASSED] - click: Object: 'Object Repository/Final Object Repo/Page_Form 3 EIS - Cessation as Employer/Document Type' is clicked on

2018-12-20 13:05:05 - [MESSAGE][PASSED] - Object: 'Object Repository/Final Object Repo/Page_Form 3 EIS - Cessation as Employer/Document Type' is clicked on

2018-12-20 13:05:05 - [TEST_STEP][PASSED] - click: Object: 'Object Repository/Final Object Repo/Page_Form 3 EIS - Cessation as Employer/Document Type - Form 3' is clicked on

2018-12-20 13:05:06 - [MESSAGE][PASSED] - Object: 'Object Repository/Final Object Repo/Page_Form 3 EIS - Cessation as Employer/Document Type - Form 3' is clicked on

2018-12-20 13:05:06 - [TEST_STEP][PASSED] - delay: Delayed 2 second(s)

2018-12-20 13:05:08 - [MESSAGE][PASSED] - Delayed 2 second(s)

2018-12-20 13:05:08 - [TEST_STEP][PASSED] - sendKeys: Keys 'C:\Users\Public\Pictures\Sample Pictures\Koala.jpg' sent to object: 'Object Repository/Final Object Repo/Page_Form 3 EIS - Cessation as Employer/ploading File'

2018-12-20 13:05:08 - [MESSAGE][PASSED] - Keys 'C:\Users\Public\Pictures\Sample Pictures\Koala.jpg' sent to object: 'Object Repository/Final Object Repo/Page_Form 3 EIS - Cessation as Employer/ploading File'

2018-12-20 13:05:08 - [TEST_STEP][PASSED] - delay: Delayed 1 second(s)

2018-12-20 13:05:09 - [MESSAGE][PASSED] - Delayed 1 second(s)

2018-12-20 13:05:09 - [TEST_STEP][PASSED] - click: Object: 'Object Repository/Final Object Repo/Page_Form 3 EIS - Cessation as Employer/Add Document in Uploading Page' is clicked on

2018-12-20 13:05:09 - [MESSAGE][PASSED] - Object: 'Object Repository/Final Object Repo/Page_Form 3 EIS - Cessation as Employer/Add Document in Uploading Page' is clicked on

2018-12-20 13:05:09 - [TEST_STEP][PASSED] - delay: Delayed 2 second(s)

2018-12-20 13:05:11 - [MESSAGE][PASSED] - Delayed 2 second(s)

2018-12-20 13:05:11 - [TEST_STEP][PASSED] - Statement - CaseReferenceNo = com.kms.katalon.core.webui.keyword.WebUiBuiltInKeywords.getText(com.kms.katalon.core.testobject.ObjectRepository.findTestObject(Final Object Repo/Page_Update Employer Information/Reference Number in Update Employee Information Page)): Text of object 'Object Repository/Final Object Repo/Page_Update Employer Information/Reference Number in Update Employee Information Page' is: 'ERN122018C200002530'

2018-12-20 13:05:13 - [MESSAGE][PASSED] - Text of object 'Object Repository/Final Object Repo/Page_Update Employer Information/Reference Number in Update Employee Information Page' is: 'ERN122018C200002530'

2018-12-20 13:05:13 - [TEST_STEP][PASSED] - callTestCase: Call Test Case 'Test Cases/Final Aug 2018 - PKS Automation/Common/Reference Number Setter' successfully

2018-12-20 13:05:13 - [TEST_CASE][PASSED] - Test Cases/Final Aug 2018 - PKS Automation/Common/Reference Number Setter: Test Cases/Final Aug 2018 - PKS Automation/Common/Reference Number Setter

2018-12-20 13:05:13 - [TEST_STEP][PASSED] - Statement - RefNoOldFile = new java.io.File(C://Users//Admin//Desktop//PKS//Automation Reference Point//KatalonReference.txt): null

2018-12-20 13:05:13 - [TEST_STEP][PASSED] - Statement - RefNoOldFile.delete(): null

2018-12-20 13:05:13 - [TEST_STEP][PASSED] - delay: Delayed 5 second(s)

2018-12-20 13:05:18 - [MESSAGE][PASSED] - Delayed 5 second(s)

2018-12-20 13:05:18 - [TEST_STEP][PASSED] - Statement - RefNo = new java.io.File(C://Users//Admin//Desktop//PKS//Automation Reference Point//KatalonReference.txt): null

2018-12-20 13:05:18 - [TEST_STEP][PASSED] - Statement - f2 = new java.io.FileWriter(RefNo, false): null

2018-12-20 13:05:18 - [TEST_STEP][PASSED] - Statement - f2.write(CaseReferenceNo): null

2018-12-20 13:05:18 - [TEST_STEP][PASSED] - Statement - f2.close(): null

2018-12-20 13:05:18 - [TEST_STEP][PASSED] - Statement - out.println("


" + CaseReferenceNo + "


"): null

2018-12-20 13:05:18 - [MESSAGE][PASSED] - Call Test Case 'Test Cases/Final Aug 2018 - PKS Automation/Common/Reference Number Setter' successfully

2018-12-20 13:05:18 - [TEST_STEP][PASSED] - delay: Delayed 2 second(s)

2018-12-20 13:05:20 - [MESSAGE][PASSED] - Delayed 2 second(s)

2018-12-20 13:05:20 - [TEST_STEP][PASSED] - click: Object: 'Object Repository/Final Object Repo/Page_Form 3 EIS - Cessation as Employer/Save  Continue in Uploading Page' is clicked on

2018-12-20 13:05:20 - [MESSAGE][PASSED] - Object: 'Object Repository/Final Object Repo/Page_Form 3 EIS - Cessation as Employer/Save  Continue in Uploading Page' is clicked on

2018-12-20 13:05:20 - [TEST_STEP][PASSED] - delay: Delayed 2 second(s)

2018-12-20 13:05:22 - [MESSAGE][PASSED] - Delayed 2 second(s)

2018-12-20 13:05:22 - [TEST_STEP][PASSED] - click: Object: 'Object Repository/Final Object Repo/Page_Form 3 EIS - Cessation as Employer/Submit' is clicked on

2018-12-20 13:05:25 - [MESSAGE][PASSED] - Object: 'Object Repository/Final Object Repo/Page_Form 3 EIS - Cessation as Employer/Submit' is clicked on

2018-12-20 13:05:25 - [TEST_STEP][PASSED] - delay: Delayed 2 second(s)

2018-12-20 13:05:27 - [MESSAGE][PASSED] - Delayed 2 second(s)

2018-12-20 13:05:27 - [TEST_STEP][PASSED] - click: Object: 'Object Repository/Final Object Repo/Page_Form 3 EIS - Cessation as Employer/Confirm' is clicked on

2018-12-20 13:05:27 - [MESSAGE][PASSED] - Object: 'Object Repository/Final Object Repo/Page_Form 3 EIS - Cessation as Employer/Confirm' is clicked on

2018-12-20 13:05:27 - [TEST_STEP][PASSED] - delay: Delayed 2 second(s)

2018-12-20 13:05:29 - [MESSAGE][PASSED] - Delayed 2 second(s)

2018-12-20 13:05:29 - [TEST_STEP][PASSED] - click: Object: 'Object Repository/Final Object Repo/Page_Form 3 EIS - Cessation as Employer/Message Your Request will be routed to UO' is clicked on

2018-12-20 13:05:33 - [MESSAGE][PASSED] - Object: 'Object Repository/Final Object Repo/Page_Form 3 EIS - Cessation as Employer/Message Your Request will be routed to UO' is clicked on

2018-12-20 13:05:33 - [TEST_STEP][PASSED] - click: Object: 'Object Repository/Final Object Repo/Page_Form 3 EIS - Cessation as Employer/Letter of acknowledgement' is clicked on

2018-12-20 13:05:34 - [MESSAGE][PASSED] - Object: 'Object Repository/Final Object Repo/Page_Form 3 EIS - Cessation as Employer/Letter of acknowledgement' is clicked on

2018-12-20 13:05:34 - [MESSAGE][PASSED] - Call Test Case 'Test Cases/Final Aug 2018 - PKS Automation/Registration Module/Workflow/Form 3 EIS - Cessation As Employer/Template/Form 3 A - Cessation As Employer (Employer)' successfully

2018-12-20 13:05:34 - [TEST_STEP][PASSED] - callTestCase: Call Test Case 'Test Cases/Final Aug 2018 - PKS Automation/Registration Module/Workflow/Form 3 EIS - Cessation As Employer/Template/Form 3 A - Cessation As Employer (Approve)' successfully

2018-12-20 13:05:34 - [TEST_CASE][PASSED] - Test Cases/Final Aug 2018 - PKS Automation/Registration Module/Workflow/Form 3 EIS - Cessation As Employer/Template/Form 3 A - Cessation As Employer (Approve): Test Cases/Final Aug 2018 - PKS Automation/Registration Module/Workflow/Form 3 EIS - Cessation As Employer/Template/Form 3 A - Cessation As Employer (Approve)

2018-12-20 13:05:34 - [TEST_STEP][NOT_RUN] - callTestCase: NOT_RUN: callTestCase

2018-12-20 13:05:34 - [MESSAGE][NOT_RUN] - NOT_RUN: callTestCase

2018-12-20 13:05:34 - [TEST_STEP][PASSED] - delay: Delayed 1 second(s)

2018-12-20 13:05:35 - [MESSAGE][PASSED] - Delayed 1 second(s)

2018-12-20 13:05:35 - [TEST_STEP][PASSED] - navigateToUrl: Navigate to 'https://assist2-uat.perkeso.gov.my/c/portal/logout' successfully

2018-12-20 13:05:36 - [MESSAGE][PASSED] - Navigate to 'https://assist2-uat.perkeso.gov.my/c/portal/logout' successfully

2018-12-20 13:05:36 - [TEST_STEP][PASSED] - delay: Delayed 1 second(s)

2018-12-20 13:05:37 - [MESSAGE][PASSED] - Delayed 1 second(s)

2018-12-20 13:05:37 - [TEST_STEP][PASSED] - callTestCase: Call Test Case 'Test Cases/Final Aug 2018 - PKS Automation/Common/Reference Number Getter' successfully

2018-12-20 13:05:37 - [TEST_CASE][PASSED] - Test Cases/Final Aug 2018 - PKS Automation/Common/Reference Number Getter: Test Cases/Final Aug 2018 - PKS Automation/Common/Reference Number Getter

2018-12-20 13:05:38 - [TEST_STEP][PASSED] - Statement - Try: null

2018-12-20 13:05:38 - [TEST_STEP][PASSED] - Statement - RefNo = new java.io.File(C://Users//Admin//Desktop//PKS//Automation Reference Point//KatalonReference.txt): null

2018-12-20 13:05:38 - [TEST_STEP][PASSED] - Statement - bufferread = new java.io.BufferedReader(new java.io.FileReader(RefNo)): null

2018-12-20 13:05:38 - [TEST_STEP][PASSED] - Statement - readedVal = bufferread.readLine(): null

2018-12-20 13:05:38 - [TEST_STEP][PASSED] - Statement - out.println(CaseReferenceNo): null

2018-12-20 13:05:38 - [TEST_STEP][PASSED] - Statement - out.println(readedVal): null

2018-12-20 13:05:38 - [TEST_STEP][PASSED] - Statement - CaseReferenceNo = "": null

2018-12-20 13:05:38 - [TEST_STEP][PASSED] - Statement - CaseReferenceNo = readedVal: null

2018-12-20 13:05:38 - [MESSAGE][PASSED] - Call Test Case 'Test Cases/Final Aug 2018 - PKS Automation/Common/Reference Number Getter' successfully

2018-12-20 13:05:38 - [TEST_STEP][PASSED] - callTestCase: Call Test Case 'Test Cases/Final Aug 2018 - PKS Automation/Common/Workflow Owner Finder' successfully

2018-12-20 13:05:38 - [TEST_CASE][PASSED] - Test Cases/Final Aug 2018 - PKS Automation/Common/Workflow Owner Finder: Test Cases/Final Aug 2018 - PKS Automation/Common/Workflow Owner Finder

2018-12-20 13:05:38 - [TEST_STEP][PASSED] - openBrowser: Browser is opened with url: ''

2018-12-20 13:05:38 - [MESSAGE][WARNING] - A browser is already opened. Closing browser and opening a new one

2018-12-20 13:05:41 - [MESSAGE][PASSED] - Browser is opened with url: ''

2018-12-20 13:05:41 - [TEST_STEP][PASSED] - navigateToUrl: Navigate to 'https://assist2-uat.perkeso.gov.my/login' successfully

2018-12-20 13:05:42 - [MESSAGE][PASSED] - Navigate to 'https://assist2-uat.perkeso.gov.my/login' successfully

2018-12-20 13:05:42 - [TEST_STEP][PASSED] - delay: Delayed 5 second(s)

2018-12-20 13:05:47 - [MESSAGE][PASSED] - Delayed 5 second(s)

2018-12-20 13:05:47 - [TEST_STEP][PASSED] - setText: Text 'test@liferay.com' is set on object 'Object Repository/Final Object Repo/Login Page/Internal User/Email Address'

2018-12-20 13:05:47 - [MESSAGE][PASSED] - Text 'test@liferay.com' is set on object 'Object Repository/Final Object Repo/Login Page/Internal User/Email Address'

2018-12-20 13:05:47 - [TEST_STEP][PASSED] - click: Object: 'Object Repository/Final Object Repo/Login Page/Internal User/Next Button' is clicked on

2018-12-20 13:05:47 - [MESSAGE][PASSED] - Object: 'Object Repository/Final Object Repo/Login Page/Internal User/Next Button' is clicked on

2018-12-20 13:05:47 - [TEST_STEP][PASSED] - delay: Delayed 2 second(s)

2018-12-20 13:05:49 - [MESSAGE][PASSED] - Delayed 2 second(s)

2018-12-20 13:05:49 - [TEST_STEP][PASSED] - setText: Text 'test' is set on object 'Object Repository/Final Object Repo/Login Page/Internal User/Password'

2018-12-20 13:05:50 - [MESSAGE][PASSED] - Text 'test' is set on object 'Object Repository/Final Object Repo/Login Page/Internal User/Password'

2018-12-20 13:05:50 - [TEST_STEP][PASSED] - delay: Delayed 2 second(s)

2018-12-20 13:05:52 - [MESSAGE][PASSED] - Delayed 2 second(s)

2018-12-20 13:05:52 - [TEST_STEP][PASSED] - click: Object: 'Object Repository/Final Object Repo/Login Page/Internal User/Login Button' is clicked on

2018-12-20 13:05:52 - [MESSAGE][PASSED] - Object: 'Object Repository/Final Object Repo/Login Page/Internal User/Login Button' is clicked on

2018-12-20 13:05:52 - [TEST_STEP][PASSED] - Statement - tester = com.kms.katalon.core.testobject.ObjectRepository.findTestObject(Final Object Repo/Landing Page/Select to English): Finding Test Object with id 'Object Repository/Final Object Repo/Landing Page/Select to English'

2018-12-20 13:05:52 - [TEST_STEP][PASSED] - Statement - Try: Delayed 2 second(s)

2018-12-20 13:05:52 - [TEST_STEP][PASSED] - Statement - Checker = com.kms.katalon.core.webui.keyword.WebUiBuiltInKeywords.verifyElementNotPresent(tester, 3): Web element with id: 'Object Repository/Final Object Repo/Landing Page/Select to English' located by 'By.xpath: //a[@class = 'taglib-language-list-text' and @lang = 'en-US' and (contains(text(), 'EN') or contains(., 'EN'))]' is not present after '3' second(s)

2018-12-20 13:05:54 - [MESSAGE][PASSED] - Web element with id: 'Object Repository/Final Object Repo/Landing Page/Select to English' located by 'By.xpath: //a[@class = 'taglib-language-list-text' and @lang = 'en-US' and (contains(text(), 'EN') or contains(., 'EN'))]' is not present after '3' second(s)

2018-12-20 13:05:54 - [TEST_STEP][PASSED] - Statement - If (Checker == false): null

2018-12-20 13:05:54 - [TEST_STEP][PASSED] - delay: Delayed 2 second(s)

2018-12-20 13:05:56 - [MESSAGE][PASSED] - Delayed 2 second(s)

2018-12-20 13:05:56 - [TEST_STEP][PASSED] - delay: Delayed 5 second(s)

2018-12-20 13:06:01 - [MESSAGE][PASSED] - Delayed 5 second(s)

2018-12-20 13:06:01 - [TEST_STEP][PASSED] - mouseOver: Object: 'Object Repository/Final Object Repo/Landing Page/WorkFlow Menu' is hovered

2018-12-20 13:06:01 - [MESSAGE][PASSED] - Object: 'Object Repository/Final Object Repo/Landing Page/WorkFlow Menu' is hovered

2018-12-20 13:06:01 - [TEST_STEP][PASSED] - delay: Delayed 2 second(s)

2018-12-20 13:06:03 - [MESSAGE][PASSED] - Delayed 2 second(s)

2018-12-20 13:06:03 - [TEST_STEP][PASSED] - click: Object: 'Object Repository/Final Object Repo/Landing Page/Select to Workflow Listing' is clicked on

2018-12-20 13:06:04 - [MESSAGE][PASSED] - Object: 'Object Repository/Final Object Repo/Landing Page/Select to Workflow Listing' is clicked on

2018-12-20 13:06:04 - [TEST_STEP][PASSED] - delay: Delayed 2 second(s)

2018-12-20 13:06:06 - [MESSAGE][PASSED] - Delayed 2 second(s)

2018-12-20 13:06:06 - [TEST_STEP][PASSED] - click: Object: 'Object Repository/Final Object Repo/WorkFlow Listing Page/Search Information - To Put Ref No' is clicked on

2018-12-20 13:06:07 - [MESSAGE][PASSED] - Object: 'Object Repository/Final Object Repo/WorkFlow Listing Page/Search Information - To Put Ref No' is clicked on

2018-12-20 13:06:07 - [TEST_STEP][PASSED] - delay: Delayed 2 second(s)

2018-12-20 13:06:09 - [MESSAGE][PASSED] - Delayed 2 second(s)

2018-12-20 13:06:09 - [TEST_STEP][PASSED] - callTestCase: Call Test Case 'Test Cases/Final Aug 2018 - PKS Automation/Common/Reference Number Getter' successfully

2018-12-20 13:06:09 - [TEST_CASE][PASSED] - Test Cases/Final Aug 2018 - PKS Automation/Common/Reference Number Getter: Test Cases/Final Aug 2018 - PKS Automation/Common/Reference Number Getter

2018-12-20 13:06:09 - [TEST_STEP][PASSED] - Statement - Try: null

2018-12-20 13:06:09 - [TEST_STEP][PASSED] - Statement - RefNo = new java.io.File(C://Users//Admin//Desktop//PKS//Automation Reference Point//KatalonReference.txt): null

2018-12-20 13:06:09 - [TEST_STEP][PASSED] - Statement - bufferread = new java.io.BufferedReader(new java.io.FileReader(RefNo)): null

2018-12-20 13:06:09 - [TEST_STEP][PASSED] - Statement - readedVal = bufferread.readLine(): null

2018-12-20 13:06:09 - [TEST_STEP][PASSED] - Statement - out.println(CaseReferenceNo): null

2018-12-20 13:06:09 - [TEST_STEP][PASSED] - Statement - out.println(readedVal): null

2018-12-20 13:06:09 - [TEST_STEP][PASSED] - Statement - CaseReferenceNo = "": null

2018-12-20 13:06:09 - [TEST_STEP][PASSED] - Statement - CaseReferenceNo = readedVal: null

2018-12-20 13:06:09 - [MESSAGE][PASSED] - Call Test Case 'Test Cases/Final Aug 2018 - PKS Automation/Common/Reference Number Getter' successfully

2018-12-20 13:06:09 - [TEST_STEP][PASSED] - setText: Text 'ERN122018C200002530' is set on object 'Object Repository/Final Object Repo/WorkFlow Listing Page/Ref No Set Text'

2018-12-20 13:06:09 - [MESSAGE][PASSED] - Text 'ERN122018C200002530' is set on object 'Object Repository/Final Object Repo/WorkFlow Listing Page/Ref No Set Text'

2018-12-20 13:06:09 - [TEST_STEP][PASSED] - delay: Delayed 2 second(s)

2018-12-20 13:06:11 - [MESSAGE][PASSED] - Delayed 2 second(s)

2018-12-20 13:06:11 - [TEST_STEP][PASSED] - click: Object: 'Object Repository/Final Object Repo/WorkFlow Listing Page/Search Ref No Search Button' is clicked on

2018-12-20 13:06:11 - [MESSAGE][PASSED] - Object: 'Object Repository/Final Object Repo/WorkFlow Listing Page/Search Ref No Search Button' is clicked on

2018-12-20 13:06:11 - [TEST_STEP][PASSED] - delay: Delayed 6 second(s)

2018-12-20 13:06:17 - [MESSAGE][PASSED] - Delayed 6 second(s)

2018-12-20 13:06:17 - [TEST_STEP][PASSED] - click: Object: 'Object Repository/Final Object Repo/WorkFlow Listing Page/Click Continue Tooltip' is clicked on

2018-12-20 13:06:18 - [MESSAGE][PASSED] - Object: 'Object Repository/Final Object Repo/WorkFlow Listing Page/Click Continue Tooltip' is clicked on

2018-12-20 13:06:18 - [TEST_STEP][PASSED] - delay: Delayed 5 second(s)

2018-12-20 13:06:23 - [MESSAGE][PASSED] - Delayed 5 second(s)

2018-12-20 13:06:23 - [TEST_STEP][PASSED] - doubleClick: Object: 'Object Repository/Final Object Repo/WorkFlow Listing Page/Workflow Found - Listing 1' is double clicked on

2018-12-20 13:06:23 - [MESSAGE][PASSED] - Object: 'Object Repository/Final Object Repo/WorkFlow Listing Page/Workflow Found - Listing 1' is double clicked on

2018-12-20 13:06:23 - [TEST_STEP][PASSED] - Statement - println(OwnerID): null

2018-12-20 13:06:23 - [TEST_STEP][PASSED] - Statement - OwnerID = com.kms.katalon.core.webui.keyword.WebUiBuiltInKeywords.getText(com.kms.katalon.core.testobject.ObjectRepository.findTestObject(Final Object Repo/WorkFlow Listing Page/Workflow Found - Listing 1), STOP_ON_FAILURE): Text of object 'Object Repository/Final Object Repo/WorkFlow Listing Page/Workflow Found - Listing 1' is: 'JOHORuo2'

2018-12-20 13:06:23 - [MESSAGE][PASSED] - Text of object 'Object Repository/Final Object Repo/WorkFlow Listing Page/Workflow Found - Listing 1' is: 'JOHORuo2'

2018-12-20 13:06:23 - [TEST_STEP][PASSED] - Statement - OwnerID = OwnerID.toLowerCase() + "@gmail.com": null

2018-12-20 13:06:23 - [TEST_STEP][PASSED] - Statement - println(OwnerID): null

2018-12-20 13:06:23 - [TEST_STEP][PASSED] - delay: Delayed 2 second(s)

2018-12-20 13:06:25 - [MESSAGE][PASSED] - Delayed 2 second(s)

2018-12-20 13:06:25 - [MESSAGE][PASSED] - Call Test Case 'Test Cases/Final Aug 2018 - PKS Automation/Common/Workflow Owner Finder' successfully

2018-12-20 13:06:25 - [TEST_STEP][PASSED] - delay: Delayed 1 second(s)

2018-12-20 13:06:26 - [MESSAGE][PASSED] - Delayed 1 second(s)

2018-12-20 13:06:26 - [TEST_STEP][PASSED] - navigateToUrl: Navigate to 'https://assist2-uat.perkeso.gov.my/c/portal/logout' successfully

2018-12-20 13:06:27 - [MESSAGE][PASSED] - Navigate to 'https://assist2-uat.perkeso.gov.my/c/portal/logout' successfully

2018-12-20 13:06:27 - [TEST_STEP][PASSED] - delay: Delayed 1 second(s)

2018-12-20 13:06:28 - [MESSAGE][PASSED] - Delayed 1 second(s)

2018-12-20 13:06:28 - [TEST_STEP][PASSED] - callTestCase: Call Test Case 'Test Cases/Final Aug 2018 - PKS Automation/Registration Module/Workflow/Login and Search Case For Workflow' successfully

2018-12-20 13:06:28 - [TEST_CASE][PASSED] - Test Cases/Final Aug 2018 - PKS Automation/Registration Module/Workflow/Login and Search Case For Workflow: Test Cases/Final Aug 2018 - PKS Automation/Registration Module/Workflow/Login and Search Case For Workflow

2018-12-20 13:06:28 - [TEST_STEP][PASSED] - navigateToUrl: Navigate to 'https://assist2-uat.perkeso.gov.my/login' successfully

2018-12-20 13:06:29 - [MESSAGE][PASSED] - Navigate to 'https://assist2-uat.perkeso.gov.my/login' successfully

2018-12-20 13:06:29 - [TEST_STEP][PASSED] - setText: Text 'johoruo2@gmail.com' is set on object 'Object Repository/Final Object Repo/Login Page/Internal User/Email Address'

2018-12-20 13:06:29 - [MESSAGE][PASSED] - Text 'johoruo2@gmail.com' is set on object 'Object Repository/Final Object Repo/Login Page/Internal User/Email Address'

2018-12-20 13:06:29 - [TEST_STEP][PASSED] - click: Object: 'Object Repository/Final Object Repo/Login Page/Internal User/Next Button' is clicked on

2018-12-20 13:06:29 - [MESSAGE][PASSED] - Object: 'Object Repository/Final Object Repo/Login Page/Internal User/Next Button' is clicked on

2018-12-20 13:06:30 - [TEST_STEP][PASSED] - delay: Delayed 1 second(s)

2018-12-20 13:06:31 - [MESSAGE][PASSED] - Delayed 1 second(s)

2018-12-20 13:06:31 - [TEST_STEP][PASSED] - setEncryptedText: Text ****** has been set on object 'Object Repository/Final Object Repo/Login Page/Internal User/Password'

2018-12-20 13:06:31 - [MESSAGE][PASSED] - Text ****** has been set on object 'Object Repository/Final Object Repo/Login Page/Internal User/Password'

2018-12-20 13:06:31 - [TEST_STEP][PASSED] - click: Object: 'Object Repository/Final Object Repo/Login Page/Internal User/Login Button' is clicked on

2018-12-20 13:06:31 - [MESSAGE][PASSED] - Object: 'Object Repository/Final Object Repo/Login Page/Internal User/Login Button' is clicked on

2018-12-20 13:06:31 - [TEST_STEP][PASSED] - delay: Delayed 2 second(s)

2018-12-20 13:06:33 - [MESSAGE][PASSED] - Delayed 2 second(s)

2018-12-20 13:06:33 - [TEST_STEP][PASSED] - Statement - Try: Delayed 2 second(s)

2018-12-20 13:06:33 - [TEST_STEP][PASSED] - Statement - Checker = false: null

2018-12-20 13:06:33 - [TEST_STEP][PASSED] - Statement - Checker = com.kms.katalon.core.webui.keyword.WebUiBuiltInKeywords.verifyElementHasAttribute(com.kms.katalon.core.testobject.ObjectRepository.findTestObject(Final Object Repo/Landing Page/BM Detecting), "href", 20, OPTIONAL): Object 'Object Repository/Final Object Repo/Landing Page/BM Detecting' has attribute 'href'

2018-12-20 13:06:33 - [MESSAGE][PASSED] - Object 'Object Repository/Final Object Repo/Landing Page/BM Detecting' has attribute 'href'

2018-12-20 13:06:33 - [TEST_STEP][PASSED] - Statement - out.println(Checker): null

2018-12-20 13:06:33 - [TEST_STEP][PASSED] - Statement - If (Checker == false): null

2018-12-20 13:06:33 - [TEST_STEP][PASSED] - Statement - Else: null

2018-12-20 13:06:33 - [TEST_STEP][PASSED] - delay: Delayed 2 second(s)

2018-12-20 13:06:35 - [MESSAGE][PASSED] - Delayed 2 second(s)

2018-12-20 13:06:35 - [TEST_STEP][PASSED] - click: Object: 'Object Repository/Final Object Repo/Page_MyASSIST - ASSIST - Search Pending Case For Add Supporting Document/Search Information' is clicked on

2018-12-20 13:06:35 - [MESSAGE][PASSED] - Object: 'Object Repository/Final Object Repo/Page_MyASSIST - ASSIST - Search Pending Case For Add Supporting Document/Search Information' is clicked on

2018-12-20 13:06:35 - [TEST_STEP][PASSED] - delay: Delayed 3 second(s)

2018-12-20 13:06:38 - [MESSAGE][PASSED] - Delayed 3 second(s)

2018-12-20 13:06:38 - [TEST_STEP][PASSED] - sendKeys: Keys 'ERN122018C200002530' sent to object: 'Object Repository/Final Object Repo/Page_MyASSIST - ASSIST - Search Pending Case For Add Supporting Document/Reference No'

2018-12-20 13:06:38 - [MESSAGE][PASSED] - Keys 'ERN122018C200002530' sent to object: 'Object Repository/Final Object Repo/Page_MyASSIST - ASSIST - Search Pending Case For Add Supporting Document/Reference No'

2018-12-20 13:06:38 - [TEST_STEP][PASSED] - click: Object: 'Object Repository/Final Object Repo/Page_MyASSIST - ASSIST - Search Pending Case For Add Supporting Document/Search Reference No' is clicked on

2018-12-20 13:06:39 - [MESSAGE][PASSED] - Object: 'Object Repository/Final Object Repo/Page_MyASSIST - ASSIST - Search Pending Case For Add Supporting Document/Search Reference No' is clicked on

2018-12-20 13:06:39 - [TEST_STEP][PASSED] - delay: Delayed 2 second(s)

2018-12-20 13:06:41 - [MESSAGE][PASSED] - Delayed 2 second(s)

2018-12-20 13:06:41 - [TEST_STEP][PASSED] - click: Object: 'Object Repository/Final Object Repo/Page_MyASSIST - ASSIST - Search Pending Case For Add Supporting Document/Continue' is clicked on

2018-12-20 13:06:44 - [MESSAGE][PASSED] - Object: 'Object Repository/Final Object Repo/Page_MyASSIST - ASSIST - Search Pending Case For Add Supporting Document/Continue' is clicked on

2018-12-20 13:06:44 - [TEST_STEP][PASSED] - delay: Delayed 20 second(s)

2018-12-20 13:07:04 - [MESSAGE][PASSED] - Delayed 20 second(s)

2018-12-20 13:07:04 - [MESSAGE][PASSED] - Call Test Case 'Test Cases/Final Aug 2018 - PKS Automation/Registration Module/Workflow/Login and Search Case For Workflow' successfully

2018-12-20 13:07:04 - [TEST_STEP][PASSED] - click: Object: 'Object Repository/Final Object Repo/Page_Form 3 EIS - Cessation as Employer/Page_Form 3 EIS - Cessation as Employer (Approve)/Save  Continue in Form 3 Page' is clicked on

2018-12-20 13:07:04 - [MESSAGE][PASSED] - Object: 'Object Repository/Final Object Repo/Page_Form 3 EIS - Cessation as Employer/Page_Form 3 EIS - Cessation as Employer (Approve)/Save  Continue in Form 3 Page' is clicked on

2018-12-20 13:07:04 - [TEST_STEP][PASSED] - delay: Delayed 2 second(s)

2018-12-20 13:07:06 - [MESSAGE][PASSED] - Delayed 2 second(s)

2018-12-20 13:07:06 - [TEST_STEP][PASSED] - click: Object: 'Object Repository/Final Object Repo/Page_Form 3 EIS - Cessation as Employer/Page_Form 3 EIS - Cessation as Employer (Approve)/Save  Continue in Resigned Page' is clicked on

2018-12-20 13:07:06 - [MESSAGE][PASSED] - Object: 'Object Repository/Final Object Repo/Page_Form 3 EIS - Cessation as Employer/Page_Form 3 EIS - Cessation as Employer (Approve)/Save  Continue in Resigned Page' is clicked on

2018-12-20 13:07:06 - [TEST_STEP][PASSED] - delay: Delayed 2 second(s)

2018-12-20 13:07:08 - [MESSAGE][PASSED] - Delayed 2 second(s)

2018-12-20 13:07:08 - [TEST_STEP][PASSED] - click: Object: 'Object Repository/Final Object Repo/Page_Form 3 EIS - Cessation as Employer/Page_Form 3 EIS - Cessation as Employer (Approve)/Save  Continue in Uploading Page' is clicked on

2018-12-20 13:07:10 - [MESSAGE][PASSED] - Object: 'Object Repository/Final Object Repo/Page_Form 3 EIS - Cessation as Employer/Page_Form 3 EIS - Cessation as Employer (Approve)/Save  Continue in Uploading Page' is clicked on

2018-12-20 13:07:10 - [TEST_STEP][PASSED] - delay: Delayed 2 second(s)

2018-12-20 13:07:12 - [MESSAGE][PASSED] - Delayed 2 second(s)

2018-12-20 13:07:12 - [TEST_STEP][PASSED] - click: Object: 'Object Repository/Final Object Repo/Page_Form 3 EIS - Cessation as Employer/Page_Form 3 EIS - Cessation as Employer (Approve)/Approve' is clicked on

2018-12-20 13:07:15 - [MESSAGE][PASSED] - Object: 'Object Repository/Final Object Repo/Page_Form 3 EIS - Cessation as Employer/Page_Form 3 EIS - Cessation as Employer (Approve)/Approve' is clicked on

2018-12-20 13:07:15 - [TEST_STEP][PASSED] - delay: Delayed 2 second(s)

2018-12-20 13:07:17 - [MESSAGE][PASSED] - Delayed 2 second(s)

2018-12-20 13:07:17 - [TEST_STEP][PASSED] - click: Object: 'Object Repository/Final Object Repo/Page_Form 3 EIS - Cessation as Employer/Page_Form 3 EIS - Cessation as Employer (Approve)/Confirm' is clicked on

2018-12-20 13:07:17 - [MESSAGE][PASSED] - Object: 'Object Repository/Final Object Repo/Page_Form 3 EIS - Cessation as Employer/Page_Form 3 EIS - Cessation as Employer (Approve)/Confirm' is clicked on

2018-12-20 13:07:17 - [TEST_STEP][PASSED] - delay: Delayed 2 second(s)

2018-12-20 13:07:19 - [MESSAGE][PASSED] - Delayed 2 second(s)

2018-12-20 13:07:19 - [TEST_STEP][PASSED] - click: Object: 'Object Repository/Final Object Repo/Page_Form 3 EIS - Cessation as Employer/Page_Form 3 EIS - Cessation as Employer (Approve)/Message Your Request    Form 3 EIS' is clicked on

2018-12-20 13:07:24 - [MESSAGE][PASSED] - Object: 'Object Repository/Final Object Repo/Page_Form 3 EIS - Cessation as Employer/Page_Form 3 EIS - Cessation as Employer (Approve)/Message Your Request    Form 3 EIS' is clicked on

2018-12-20 13:07:24 - [TEST_STEP][PASSED] - click: Object: 'Object Repository/Final Object Repo/Page_Form 3 EIS - Cessation as Employer/Page_Form 3 EIS - Cessation as Employer (Approve)/Letter of successful update' is clicked on

2018-12-20 13:07:25 - [MESSAGE][PASSED] - Object: 'Object Repository/Final Object Repo/Page_Form 3 EIS - Cessation as Employer/Page_Form 3 EIS - Cessation as Employer (Approve)/Letter of successful update' is clicked on

2018-12-20 13:07:25 - [MESSAGE][PASSED] - Call Test Case 'Test Cases/Final Aug 2018 - PKS Automation/Registration Module/Workflow/Form 3 EIS - Cessation As Employer/Template/Form 3 A - Cessation As Employer (Approve)' successfully]]></system-out>
         <system-err><![CDATA[]]></system-err>
      </testcase>
      <testcase name="Test Cases/Final Aug 2018 - PKS Automation/Registration Module/Workflow/Form 3 EIS - Cessation As Employer/Employer to UO (Query)" classname="Test Cases/Final Aug 2018 - PKS Automation/Registration Module/Workflow/Form 3 EIS - Cessation As Employer/Employer to UO (Query)" status="PASSED">
         <system-out><![CDATA[2018-12-20 13:07:25 - [TEST_CASE][PASSED] - Test Cases/Final Aug 2018 - PKS Automation/Registration Module/Workflow/Form 3 EIS - Cessation As Employer/Employer to UO (Query): Test Cases/Final Aug 2018 - PKS Automation/Registration Module/Workflow/Form 3 EIS - Cessation As Employer/Employer to UO (Query)

2018-12-20 13:07:25 - [TEST_STEP][PASSED] - callTestCase: Call Test Case 'Test Cases/Final Aug 2018 - PKS Automation/Registration Module/Workflow/Form 3 EIS - Cessation As Employer/Template/Form 3 A - Cessation As Employer (OTC)' successfully

2018-12-20 13:07:25 - [TEST_CASE][PASSED] - Test Cases/Final Aug 2018 - PKS Automation/Registration Module/Workflow/Form 3 EIS - Cessation As Employer/Template/Form 3 A - Cessation As Employer (OTC): Test Cases/Final Aug 2018 - PKS Automation/Registration Module/Workflow/Form 3 EIS - Cessation As Employer/Template/Form 3 A - Cessation As Employer (OTC)

2018-12-20 13:07:26 - [TEST_STEP][PASSED] - openBrowser: Browser is opened with url: ''

2018-12-20 13:07:26 - [MESSAGE][WARNING] - A browser is already opened. Closing browser and opening a new one

2018-12-20 13:07:28 - [MESSAGE][PASSED] - Browser is opened with url: ''

2018-12-20 13:07:28 - [TEST_STEP][PASSED] - navigateToUrl: Navigate to 'https://assist2-uat.perkeso.gov.my/login' successfully

2018-12-20 13:07:30 - [MESSAGE][PASSED] - Navigate to 'https://assist2-uat.perkeso.gov.my/login' successfully

2018-12-20 13:07:30 - [TEST_STEP][PASSED] - setText: Text 'johorotc1@gmail.com' is set on object 'Object Repository/Final Object Repo/Login Page/Internal User/Email Address'

2018-12-20 13:07:30 - [MESSAGE][PASSED] - Text 'johorotc1@gmail.com' is set on object 'Object Repository/Final Object Repo/Login Page/Internal User/Email Address'

2018-12-20 13:07:30 - [TEST_STEP][PASSED] - click: Object: 'Object Repository/Final Object Repo/Login Page/Internal User/Next Button' is clicked on

2018-12-20 13:07:30 - [MESSAGE][PASSED] - Object: 'Object Repository/Final Object Repo/Login Page/Internal User/Next Button' is clicked on

2018-12-20 13:07:30 - [TEST_STEP][PASSED] - delay: Delayed 1 second(s)

2018-12-20 13:07:31 - [MESSAGE][PASSED] - Delayed 1 second(s)

2018-12-20 13:07:31 - [TEST_STEP][PASSED] - setEncryptedText: Text ****** has been set on object 'Object Repository/Final Object Repo/Login Page/Internal User/Password'

2018-12-20 13:07:31 - [MESSAGE][PASSED] - Text ****** has been set on object 'Object Repository/Final Object Repo/Login Page/Internal User/Password'

2018-12-20 13:07:31 - [TEST_STEP][PASSED] - click: Object: 'Object Repository/Final Object Repo/Login Page/Internal User/Login Button' is clicked on

2018-12-20 13:07:32 - [MESSAGE][PASSED] - Object: 'Object Repository/Final Object Repo/Login Page/Internal User/Login Button' is clicked on

2018-12-20 13:07:32 - [TEST_STEP][PASSED] - delay: Delayed 1 second(s)

2018-12-20 13:07:33 - [MESSAGE][PASSED] - Delayed 1 second(s)

2018-12-20 13:07:33 - [TEST_STEP][PASSED] - Statement - Try: Delayed 2 second(s)

2018-12-20 13:07:33 - [TEST_STEP][PASSED] - Statement - Checker = false: null

2018-12-20 13:07:33 - [TEST_STEP][PASSED] - Statement - Checker = com.kms.katalon.core.webui.keyword.WebUiBuiltInKeywords.verifyElementHasAttribute(com.kms.katalon.core.testobject.ObjectRepository.findTestObject(Final Object Repo/Landing Page/BM Detecting), "href", 20, OPTIONAL): Object 'Object Repository/Final Object Repo/Landing Page/BM Detecting' has attribute 'href'

2018-12-20 13:07:33 - [MESSAGE][PASSED] - Object 'Object Repository/Final Object Repo/Landing Page/BM Detecting' has attribute 'href'

2018-12-20 13:07:33 - [TEST_STEP][PASSED] - Statement - out.println(Checker): null

2018-12-20 13:07:33 - [TEST_STEP][PASSED] - Statement - If (Checker == false): null

2018-12-20 13:07:33 - [TEST_STEP][PASSED] - Statement - Else: null

2018-12-20 13:07:33 - [TEST_STEP][PASSED] - delay: Delayed 2 second(s)

2018-12-20 13:07:35 - [MESSAGE][PASSED] - Delayed 2 second(s)

2018-12-20 13:07:35 - [TEST_STEP][PASSED] - navigateToUrl: Navigate to 'https://assist2-uat.perkeso.gov.my/web/registration/eis-update/form-3-eis-cessation-as-employer' successfully

2018-12-20 13:07:36 - [MESSAGE][PASSED] - Navigate to 'https://assist2-uat.perkeso.gov.my/web/registration/eis-update/form-3-eis-cessation-as-employer' successfully

2018-12-20 13:07:36 - [TEST_STEP][PASSED] - delay: Delayed 1 second(s)

2018-12-20 13:07:37 - [MESSAGE][PASSED] - Delayed 1 second(s)

2018-12-20 13:07:37 - [TEST_STEP][PASSED] - setText: Text 'E1102069769W' is set on object 'Object Repository/Final Object Repo/Page_Form 3 EIS - Cessation as Employer/Employer Code'

2018-12-20 13:07:37 - [MESSAGE][PASSED] - Text 'E1102069769W' is set on object 'Object Repository/Final Object Repo/Page_Form 3 EIS - Cessation as Employer/Employer Code'

2018-12-20 13:07:37 - [TEST_STEP][PASSED] - click: Object: 'Object Repository/Final Object Repo/Page_Form 3 EIS - Cessation as Employer/Search' is clicked on

2018-12-20 13:07:38 - [MESSAGE][PASSED] - Object: 'Object Repository/Final Object Repo/Page_Form 3 EIS - Cessation as Employer/Search' is clicked on

2018-12-20 13:07:38 - [TEST_STEP][PASSED] - click: Object: 'Object Repository/Final Object Repo/Page_Form 3 EIS - Cessation as Employer/Edit' is clicked on

2018-12-20 13:07:40 - [MESSAGE][PASSED] - Object: 'Object Repository/Final Object Repo/Page_Form 3 EIS - Cessation as Employer/Edit' is clicked on

2018-12-20 13:07:40 - [TEST_STEP][PASSED] - delay: Delayed 1 second(s)

2018-12-20 13:07:41 - [MESSAGE][PASSED] - Delayed 1 second(s)

2018-12-20 13:07:41 - [TEST_STEP][PASSED] - Statement - abc = com.kms.katalon.core.webui.keyword.WebUiBuiltInKeywords.getAttribute(com.kms.katalon.core.testobject.ObjectRepository.findTestObject(Final Object Repo/Page_Form 3 EIS - Cessation as Employer/Employer Status), "value"): Attribute 'value' of object 'Object Repository/Final Object Repo/Page_Form 3 EIS - Cessation as Employer/Employer Status' is: 'Active'

2018-12-20 13:07:41 - [MESSAGE][PASSED] - Attribute 'value' of object 'Object Repository/Final Object Repo/Page_Form 3 EIS - Cessation as Employer/Employer Status' is: 'Active'

2018-12-20 13:07:41 - [TEST_STEP][PASSED] - Statement - out.println(abc): null

2018-12-20 13:07:41 - [TEST_STEP][PASSED] - Statement - If (abc == "Active"): Object: 'Object Repository/Final Object Repo/Page_Form 3 EIS - Cessation as Employer/Dormant EIS' is clicked on

2018-12-20 13:07:41 - [TEST_STEP][PASSED] - click: Object: 'Object Repository/Final Object Repo/Page_Form 3 EIS - Cessation as Employer/Change Employer Status to' is clicked on

2018-12-20 13:07:42 - [MESSAGE][PASSED] - Object: 'Object Repository/Final Object Repo/Page_Form 3 EIS - Cessation as Employer/Change Employer Status to' is clicked on

2018-12-20 13:07:42 - [TEST_STEP][PASSED] - click: Object: 'Object Repository/Final Object Repo/Page_Form 3 EIS - Cessation as Employer/Dormant EIS' is clicked on

2018-12-20 13:07:42 - [MESSAGE][PASSED] - Object: 'Object Repository/Final Object Repo/Page_Form 3 EIS - Cessation as Employer/Dormant EIS' is clicked on

2018-12-20 13:07:42 - [TEST_STEP][PASSED] - click: Object: 'Object Repository/Final Object Repo/Page_Form 3 EIS - Cessation as Employer/Calender' is clicked on

2018-12-20 13:07:42 - [MESSAGE][PASSED] - Object: 'Object Repository/Final Object Repo/Page_Form 3 EIS - Cessation as Employer/Calender' is clicked on

2018-12-20 13:07:42 - [TEST_STEP][PASSED] - delay: Delayed 1 second(s)

2018-12-20 13:07:43 - [MESSAGE][PASSED] - Delayed 1 second(s)

2018-12-20 13:07:43 - [TEST_STEP][PASSED] - click: Object: 'Object Repository/Final Object Repo/Page_Form 3 EIS - Cessation as Employer/Calender - Date' is clicked on

2018-12-20 13:07:43 - [MESSAGE][PASSED] - Object: 'Object Repository/Final Object Repo/Page_Form 3 EIS - Cessation as Employer/Calender - Date' is clicked on

2018-12-20 13:07:43 - [TEST_STEP][PASSED] - click: Object: 'Object Repository/Final Object Repo/Page_Form 3 EIS - Cessation as Employer/Save  Continue in Form 3 EIS Page' is clicked on

2018-12-20 13:07:44 - [MESSAGE][PASSED] - Object: 'Object Repository/Final Object Repo/Page_Form 3 EIS - Cessation as Employer/Save  Continue in Form 3 EIS Page' is clicked on

2018-12-20 13:07:44 - [TEST_STEP][PASSED] - delay: Delayed 1 second(s)

2018-12-20 13:07:45 - [MESSAGE][PASSED] - Delayed 1 second(s)

2018-12-20 13:07:45 - [TEST_STEP][PASSED] - click: Object: 'Object Repository/Final Object Repo/Page_Form 3 EIS - Cessation as Employer/Employment Resign Date' is clicked on

2018-12-20 13:07:45 - [MESSAGE][PASSED] - Object: 'Object Repository/Final Object Repo/Page_Form 3 EIS - Cessation as Employer/Employment Resign Date' is clicked on

2018-12-20 13:07:45 - [TEST_STEP][PASSED] - selectOptionByValue: All options with value '2030' are selected in object 'Object Repository/Final Object Repo/Page_Form 3 EIS - Cessation as Employer/Employment Resign Date - Year' 

2018-12-20 13:07:45 - [MESSAGE][PASSED] - All options with value '2030' are selected in object 'Object Repository/Final Object Repo/Page_Form 3 EIS - Cessation as Employer/Employment Resign Date - Year' 

2018-12-20 13:07:45 - [TEST_STEP][PASSED] - delay: Delayed 2 second(s)

2018-12-20 13:07:47 - [MESSAGE][PASSED] - Delayed 2 second(s)

2018-12-20 13:07:47 - [TEST_STEP][PASSED] - click: Object: 'Object Repository/Final Object Repo/Page_Form 3 EIS - Cessation as Employer/Employment Resign Date - Year - Date' is clicked on

2018-12-20 13:07:47 - [MESSAGE][PASSED] - Object: 'Object Repository/Final Object Repo/Page_Form 3 EIS - Cessation as Employer/Employment Resign Date - Year - Date' is clicked on

2018-12-20 13:07:47 - [TEST_STEP][PASSED] - delay: Delayed 2 second(s)

2018-12-20 13:07:49 - [MESSAGE][PASSED] - Delayed 2 second(s)

2018-12-20 13:07:49 - [TEST_STEP][PASSED] - click: Object: 'Object Repository/Final Object Repo/Page_Form 3 EIS - Cessation as Employer/Save  Continue in Employment Resign Page' is clicked on

2018-12-20 13:07:50 - [MESSAGE][PASSED] - Object: 'Object Repository/Final Object Repo/Page_Form 3 EIS - Cessation as Employer/Save  Continue in Employment Resign Page' is clicked on

2018-12-20 13:07:50 - [TEST_STEP][PASSED] - delay: Delayed 2 second(s)

2018-12-20 13:07:52 - [MESSAGE][PASSED] - Delayed 2 second(s)

2018-12-20 13:07:52 - [TEST_STEP][PASSED] - click: Object: 'Object Repository/Final Object Repo/Page_Form 3 EIS - Cessation as Employer/Set Latest - Yes' is clicked on

2018-12-20 13:07:52 - [MESSAGE][PASSED] - Object: 'Object Repository/Final Object Repo/Page_Form 3 EIS - Cessation as Employer/Set Latest - Yes' is clicked on

2018-12-20 13:07:52 - [TEST_STEP][PASSED] - delay: Delayed 2 second(s)

2018-12-20 13:07:54 - [MESSAGE][PASSED] - Delayed 2 second(s)

2018-12-20 13:07:54 - [TEST_STEP][PASSED] - click: Object: 'Object Repository/Final Object Repo/Page_Form 3 EIS - Cessation as Employer/Add Document' is clicked on

2018-12-20 13:07:55 - [MESSAGE][PASSED] - Object: 'Object Repository/Final Object Repo/Page_Form 3 EIS - Cessation as Employer/Add Document' is clicked on

2018-12-20 13:07:55 - [TEST_STEP][PASSED] - delay: Delayed 3 second(s)

2018-12-20 13:07:58 - [MESSAGE][PASSED] - Delayed 3 second(s)

2018-12-20 13:07:58 - [TEST_STEP][PASSED] - click: Object: 'Object Repository/Final Object Repo/Page_Form 3 EIS - Cessation as Employer/Document Type' is clicked on

2018-12-20 13:07:58 - [MESSAGE][PASSED] - Object: 'Object Repository/Final Object Repo/Page_Form 3 EIS - Cessation as Employer/Document Type' is clicked on

2018-12-20 13:07:58 - [TEST_STEP][PASSED] - click: Object: 'Object Repository/Final Object Repo/Page_Form 3 EIS - Cessation as Employer/Document Type - Form 3' is clicked on

2018-12-20 13:07:59 - [MESSAGE][PASSED] - Object: 'Object Repository/Final Object Repo/Page_Form 3 EIS - Cessation as Employer/Document Type - Form 3' is clicked on

2018-12-20 13:07:59 - [TEST_STEP][PASSED] - delay: Delayed 2 second(s)

2018-12-20 13:08:01 - [MESSAGE][PASSED] - Delayed 2 second(s)

2018-12-20 13:08:01 - [TEST_STEP][PASSED] - sendKeys: Keys 'C:\Users\Public\Pictures\Sample Pictures\Koala.jpg' sent to object: 'Object Repository/Final Object Repo/Page_Form 3 EIS - Cessation as Employer/ploading File'

2018-12-20 13:08:01 - [MESSAGE][PASSED] - Keys 'C:\Users\Public\Pictures\Sample Pictures\Koala.jpg' sent to object: 'Object Repository/Final Object Repo/Page_Form 3 EIS - Cessation as Employer/ploading File'

2018-12-20 13:08:01 - [TEST_STEP][PASSED] - delay: Delayed 1 second(s)

2018-12-20 13:08:02 - [MESSAGE][PASSED] - Delayed 1 second(s)

2018-12-20 13:08:02 - [TEST_STEP][PASSED] - click: Object: 'Object Repository/Final Object Repo/Page_Form 3 EIS - Cessation as Employer/Add Document in Uploading Page' is clicked on

2018-12-20 13:08:02 - [MESSAGE][PASSED] - Object: 'Object Repository/Final Object Repo/Page_Form 3 EIS - Cessation as Employer/Add Document in Uploading Page' is clicked on

2018-12-20 13:08:02 - [TEST_STEP][PASSED] - delay: Delayed 2 second(s)

2018-12-20 13:08:04 - [MESSAGE][PASSED] - Delayed 2 second(s)

2018-12-20 13:08:04 - [TEST_STEP][PASSED] - Statement - CaseReferenceNo = com.kms.katalon.core.webui.keyword.WebUiBuiltInKeywords.getText(com.kms.katalon.core.testobject.ObjectRepository.findTestObject(Final Object Repo/Page_Update Employer Information/Reference Number in Update Employee Information Page)): Text of object 'Object Repository/Final Object Repo/Page_Update Employer Information/Reference Number in Update Employee Information Page' is: 'ERN122018C200002531'

2018-12-20 13:08:06 - [MESSAGE][PASSED] - Text of object 'Object Repository/Final Object Repo/Page_Update Employer Information/Reference Number in Update Employee Information Page' is: 'ERN122018C200002531'

2018-12-20 13:08:06 - [TEST_STEP][PASSED] - callTestCase: Call Test Case 'Test Cases/Final Aug 2018 - PKS Automation/Common/Reference Number Setter' successfully

2018-12-20 13:08:06 - [TEST_CASE][PASSED] - Test Cases/Final Aug 2018 - PKS Automation/Common/Reference Number Setter: Test Cases/Final Aug 2018 - PKS Automation/Common/Reference Number Setter

2018-12-20 13:08:06 - [TEST_STEP][PASSED] - Statement - RefNoOldFile = new java.io.File(C://Users//Admin//Desktop//PKS//Automation Reference Point//KatalonReference.txt): null

2018-12-20 13:08:06 - [TEST_STEP][PASSED] - Statement - RefNoOldFile.delete(): null

2018-12-20 13:08:06 - [TEST_STEP][PASSED] - delay: Delayed 5 second(s)

2018-12-20 13:08:11 - [MESSAGE][PASSED] - Delayed 5 second(s)

2018-12-20 13:08:11 - [TEST_STEP][PASSED] - Statement - RefNo = new java.io.File(C://Users//Admin//Desktop//PKS//Automation Reference Point//KatalonReference.txt): null

2018-12-20 13:08:11 - [TEST_STEP][PASSED] - Statement - f2 = new java.io.FileWriter(RefNo, false): null

2018-12-20 13:08:11 - [TEST_STEP][PASSED] - Statement - f2.write(CaseReferenceNo): null

2018-12-20 13:08:11 - [TEST_STEP][PASSED] - Statement - f2.close(): null

2018-12-20 13:08:11 - [TEST_STEP][PASSED] - Statement - out.println("


" + CaseReferenceNo + "


"): null

2018-12-20 13:08:11 - [MESSAGE][PASSED] - Call Test Case 'Test Cases/Final Aug 2018 - PKS Automation/Common/Reference Number Setter' successfully

2018-12-20 13:08:11 - [TEST_STEP][PASSED] - delay: Delayed 2 second(s)

2018-12-20 13:08:13 - [MESSAGE][PASSED] - Delayed 2 second(s)

2018-12-20 13:08:13 - [TEST_STEP][PASSED] - click: Object: 'Object Repository/Final Object Repo/Page_Form 3 EIS - Cessation as Employer/Save  Continue in Uploading Page' is clicked on

2018-12-20 13:08:13 - [MESSAGE][PASSED] - Object: 'Object Repository/Final Object Repo/Page_Form 3 EIS - Cessation as Employer/Save  Continue in Uploading Page' is clicked on

2018-12-20 13:08:13 - [TEST_STEP][PASSED] - delay: Delayed 2 second(s)

2018-12-20 13:08:15 - [MESSAGE][PASSED] - Delayed 2 second(s)

2018-12-20 13:08:15 - [TEST_STEP][PASSED] - click: Object: 'Object Repository/Final Object Repo/Page_Form 3 EIS - Cessation as Employer/Submit' is clicked on

2018-12-20 13:08:18 - [MESSAGE][PASSED] - Object: 'Object Repository/Final Object Repo/Page_Form 3 EIS - Cessation as Employer/Submit' is clicked on

2018-12-20 13:08:18 - [TEST_STEP][PASSED] - delay: Delayed 2 second(s)

2018-12-20 13:08:20 - [MESSAGE][PASSED] - Delayed 2 second(s)

2018-12-20 13:08:20 - [TEST_STEP][PASSED] - click: Object: 'Object Repository/Final Object Repo/Page_Form 3 EIS - Cessation as Employer/Confirm' is clicked on

2018-12-20 13:08:20 - [MESSAGE][PASSED] - Object: 'Object Repository/Final Object Repo/Page_Form 3 EIS - Cessation as Employer/Confirm' is clicked on

2018-12-20 13:08:20 - [TEST_STEP][PASSED] - delay: Delayed 2 second(s)

2018-12-20 13:08:22 - [MESSAGE][PASSED] - Delayed 2 second(s)

2018-12-20 13:08:22 - [TEST_STEP][PASSED] - click: Object: 'Object Repository/Final Object Repo/Page_Form 3 EIS - Cessation as Employer/Message Your Request will be routed to UO' is clicked on

2018-12-20 13:08:26 - [MESSAGE][PASSED] - Object: 'Object Repository/Final Object Repo/Page_Form 3 EIS - Cessation as Employer/Message Your Request will be routed to UO' is clicked on

2018-12-20 13:08:26 - [TEST_STEP][PASSED] - click: Object: 'Object Repository/Final Object Repo/Page_Form 3 EIS - Cessation as Employer/Letter of acknowledgement' is clicked on

2018-12-20 13:08:27 - [MESSAGE][PASSED] - Object: 'Object Repository/Final Object Repo/Page_Form 3 EIS - Cessation as Employer/Letter of acknowledgement' is clicked on

2018-12-20 13:08:27 - [MESSAGE][PASSED] - Call Test Case 'Test Cases/Final Aug 2018 - PKS Automation/Registration Module/Workflow/Form 3 EIS - Cessation As Employer/Template/Form 3 A - Cessation As Employer (OTC)' successfully

2018-12-20 13:08:27 - [TEST_STEP][PASSED] - callTestCase: Call Test Case 'Test Cases/Final Aug 2018 - PKS Automation/Registration Module/Workflow/Form 3 EIS - Cessation As Employer/Template/Form 3 A - Cessation As Employer (Query)' successfully

2018-12-20 13:08:27 - [TEST_CASE][PASSED] - Test Cases/Final Aug 2018 - PKS Automation/Registration Module/Workflow/Form 3 EIS - Cessation As Employer/Template/Form 3 A - Cessation As Employer (Query): Test Cases/Final Aug 2018 - PKS Automation/Registration Module/Workflow/Form 3 EIS - Cessation As Employer/Template/Form 3 A - Cessation As Employer (Query)

2018-12-20 13:08:27 - [TEST_STEP][NOT_RUN] - callTestCase: NOT_RUN: callTestCase

2018-12-20 13:08:27 - [MESSAGE][NOT_RUN] - NOT_RUN: callTestCase

2018-12-20 13:08:27 - [TEST_STEP][PASSED] - delay: Delayed 1 second(s)

2018-12-20 13:08:28 - [MESSAGE][PASSED] - Delayed 1 second(s)

2018-12-20 13:08:28 - [TEST_STEP][PASSED] - navigateToUrl: Navigate to 'https://assist2-uat.perkeso.gov.my/c/portal/logout' successfully

2018-12-20 13:08:29 - [MESSAGE][PASSED] - Navigate to 'https://assist2-uat.perkeso.gov.my/c/portal/logout' successfully

2018-12-20 13:08:29 - [TEST_STEP][PASSED] - delay: Delayed 1 second(s)

2018-12-20 13:08:30 - [MESSAGE][PASSED] - Delayed 1 second(s)

2018-12-20 13:08:30 - [TEST_STEP][PASSED] - callTestCase: Call Test Case 'Test Cases/Final Aug 2018 - PKS Automation/Common/Reference Number Getter' successfully

2018-12-20 13:08:30 - [TEST_CASE][PASSED] - Test Cases/Final Aug 2018 - PKS Automation/Common/Reference Number Getter: Test Cases/Final Aug 2018 - PKS Automation/Common/Reference Number Getter

2018-12-20 13:08:30 - [TEST_STEP][PASSED] - Statement - Try: null

2018-12-20 13:08:30 - [TEST_STEP][PASSED] - Statement - RefNo = new java.io.File(C://Users//Admin//Desktop//PKS//Automation Reference Point//KatalonReference.txt): null

2018-12-20 13:08:30 - [TEST_STEP][PASSED] - Statement - bufferread = new java.io.BufferedReader(new java.io.FileReader(RefNo)): null

2018-12-20 13:08:30 - [TEST_STEP][PASSED] - Statement - readedVal = bufferread.readLine(): null

2018-12-20 13:08:30 - [TEST_STEP][PASSED] - Statement - out.println(CaseReferenceNo): null

2018-12-20 13:08:30 - [TEST_STEP][PASSED] - Statement - out.println(readedVal): null

2018-12-20 13:08:30 - [TEST_STEP][PASSED] - Statement - CaseReferenceNo = "": null

2018-12-20 13:08:30 - [TEST_STEP][PASSED] - Statement - CaseReferenceNo = readedVal: null

2018-12-20 13:08:30 - [MESSAGE][PASSED] - Call Test Case 'Test Cases/Final Aug 2018 - PKS Automation/Common/Reference Number Getter' successfully

2018-12-20 13:08:30 - [TEST_STEP][PASSED] - callTestCase: Call Test Case 'Test Cases/Final Aug 2018 - PKS Automation/Common/Workflow Owner Finder' successfully

2018-12-20 13:08:30 - [TEST_CASE][PASSED] - Test Cases/Final Aug 2018 - PKS Automation/Common/Workflow Owner Finder: Test Cases/Final Aug 2018 - PKS Automation/Common/Workflow Owner Finder

2018-12-20 13:08:30 - [TEST_STEP][PASSED] - openBrowser: Browser is opened with url: ''

2018-12-20 13:08:30 - [MESSAGE][WARNING] - A browser is already opened. Closing browser and opening a new one

2018-12-20 13:08:33 - [MESSAGE][PASSED] - Browser is opened with url: ''

2018-12-20 13:08:33 - [TEST_STEP][PASSED] - navigateToUrl: Navigate to 'https://assist2-uat.perkeso.gov.my/login' successfully

2018-12-20 13:08:34 - [MESSAGE][PASSED] - Navigate to 'https://assist2-uat.perkeso.gov.my/login' successfully

2018-12-20 13:08:34 - [TEST_STEP][PASSED] - delay: Delayed 5 second(s)

2018-12-20 13:08:39 - [MESSAGE][PASSED] - Delayed 5 second(s)

2018-12-20 13:08:39 - [TEST_STEP][PASSED] - setText: Text 'test@liferay.com' is set on object 'Object Repository/Final Object Repo/Login Page/Internal User/Email Address'

2018-12-20 13:08:39 - [MESSAGE][PASSED] - Text 'test@liferay.com' is set on object 'Object Repository/Final Object Repo/Login Page/Internal User/Email Address'

2018-12-20 13:08:39 - [TEST_STEP][PASSED] - click: Object: 'Object Repository/Final Object Repo/Login Page/Internal User/Next Button' is clicked on

2018-12-20 13:08:40 - [MESSAGE][PASSED] - Object: 'Object Repository/Final Object Repo/Login Page/Internal User/Next Button' is clicked on

2018-12-20 13:08:40 - [TEST_STEP][PASSED] - delay: Delayed 2 second(s)

2018-12-20 13:08:42 - [MESSAGE][PASSED] - Delayed 2 second(s)

2018-12-20 13:08:42 - [TEST_STEP][PASSED] - setText: Text 'test' is set on object 'Object Repository/Final Object Repo/Login Page/Internal User/Password'

2018-12-20 13:08:42 - [MESSAGE][PASSED] - Text 'test' is set on object 'Object Repository/Final Object Repo/Login Page/Internal User/Password'

2018-12-20 13:08:42 - [TEST_STEP][PASSED] - delay: Delayed 2 second(s)

2018-12-20 13:08:44 - [MESSAGE][PASSED] - Delayed 2 second(s)

2018-12-20 13:08:44 - [TEST_STEP][PASSED] - click: Object: 'Object Repository/Final Object Repo/Login Page/Internal User/Login Button' is clicked on

2018-12-20 13:08:44 - [MESSAGE][PASSED] - Object: 'Object Repository/Final Object Repo/Login Page/Internal User/Login Button' is clicked on

2018-12-20 13:08:44 - [TEST_STEP][PASSED] - Statement - tester = com.kms.katalon.core.testobject.ObjectRepository.findTestObject(Final Object Repo/Landing Page/Select to English): Finding Test Object with id 'Object Repository/Final Object Repo/Landing Page/Select to English'

2018-12-20 13:08:44 - [TEST_STEP][PASSED] - Statement - Try: Delayed 2 second(s)

2018-12-20 13:08:44 - [TEST_STEP][PASSED] - Statement - Checker = com.kms.katalon.core.webui.keyword.WebUiBuiltInKeywords.verifyElementNotPresent(tester, 3): Web element with id: 'Object Repository/Final Object Repo/Landing Page/Select to English' located by 'By.xpath: //a[@class = 'taglib-language-list-text' and @lang = 'en-US' and (contains(text(), 'EN') or contains(., 'EN'))]' is not present after '3' second(s)

2018-12-20 13:08:46 - [MESSAGE][PASSED] - Web element with id: 'Object Repository/Final Object Repo/Landing Page/Select to English' located by 'By.xpath: //a[@class = 'taglib-language-list-text' and @lang = 'en-US' and (contains(text(), 'EN') or contains(., 'EN'))]' is not present after '3' second(s)

2018-12-20 13:08:46 - [TEST_STEP][PASSED] - Statement - If (Checker == false): null

2018-12-20 13:08:46 - [TEST_STEP][PASSED] - delay: Delayed 2 second(s)

2018-12-20 13:08:48 - [MESSAGE][PASSED] - Delayed 2 second(s)

2018-12-20 13:08:48 - [TEST_STEP][PASSED] - delay: Delayed 5 second(s)

2018-12-20 13:08:53 - [MESSAGE][PASSED] - Delayed 5 second(s)

2018-12-20 13:08:53 - [TEST_STEP][PASSED] - mouseOver: Object: 'Object Repository/Final Object Repo/Landing Page/WorkFlow Menu' is hovered

2018-12-20 13:08:53 - [MESSAGE][PASSED] - Object: 'Object Repository/Final Object Repo/Landing Page/WorkFlow Menu' is hovered

2018-12-20 13:08:53 - [TEST_STEP][PASSED] - delay: Delayed 2 second(s)

2018-12-20 13:08:55 - [MESSAGE][PASSED] - Delayed 2 second(s)

2018-12-20 13:08:55 - [TEST_STEP][PASSED] - click: Object: 'Object Repository/Final Object Repo/Landing Page/Select to Workflow Listing' is clicked on

2018-12-20 13:08:57 - [MESSAGE][PASSED] - Object: 'Object Repository/Final Object Repo/Landing Page/Select to Workflow Listing' is clicked on

2018-12-20 13:08:57 - [TEST_STEP][PASSED] - delay: Delayed 2 second(s)

2018-12-20 13:08:59 - [MESSAGE][PASSED] - Delayed 2 second(s)

2018-12-20 13:08:59 - [TEST_STEP][PASSED] - click: Object: 'Object Repository/Final Object Repo/WorkFlow Listing Page/Search Information - To Put Ref No' is clicked on

2018-12-20 13:08:59 - [MESSAGE][PASSED] - Object: 'Object Repository/Final Object Repo/WorkFlow Listing Page/Search Information - To Put Ref No' is clicked on

2018-12-20 13:08:59 - [TEST_STEP][PASSED] - delay: Delayed 2 second(s)

2018-12-20 13:09:01 - [MESSAGE][PASSED] - Delayed 2 second(s)

2018-12-20 13:09:01 - [TEST_STEP][PASSED] - callTestCase: Call Test Case 'Test Cases/Final Aug 2018 - PKS Automation/Common/Reference Number Getter' successfully

2018-12-20 13:09:01 - [TEST_CASE][PASSED] - Test Cases/Final Aug 2018 - PKS Automation/Common/Reference Number Getter: Test Cases/Final Aug 2018 - PKS Automation/Common/Reference Number Getter

2018-12-20 13:09:01 - [TEST_STEP][PASSED] - Statement - Try: null

2018-12-20 13:09:01 - [TEST_STEP][PASSED] - Statement - RefNo = new java.io.File(C://Users//Admin//Desktop//PKS//Automation Reference Point//KatalonReference.txt): null

2018-12-20 13:09:01 - [TEST_STEP][PASSED] - Statement - bufferread = new java.io.BufferedReader(new java.io.FileReader(RefNo)): null

2018-12-20 13:09:01 - [TEST_STEP][PASSED] - Statement - readedVal = bufferread.readLine(): null

2018-12-20 13:09:01 - [TEST_STEP][PASSED] - Statement - out.println(CaseReferenceNo): null

2018-12-20 13:09:01 - [TEST_STEP][PASSED] - Statement - out.println(readedVal): null

2018-12-20 13:09:01 - [TEST_STEP][PASSED] - Statement - CaseReferenceNo = "": null

2018-12-20 13:09:01 - [TEST_STEP][PASSED] - Statement - CaseReferenceNo = readedVal: null

2018-12-20 13:09:01 - [MESSAGE][PASSED] - Call Test Case 'Test Cases/Final Aug 2018 - PKS Automation/Common/Reference Number Getter' successfully

2018-12-20 13:09:01 - [TEST_STEP][PASSED] - setText: Text 'ERN122018C200002531' is set on object 'Object Repository/Final Object Repo/WorkFlow Listing Page/Ref No Set Text'

2018-12-20 13:09:01 - [MESSAGE][PASSED] - Text 'ERN122018C200002531' is set on object 'Object Repository/Final Object Repo/WorkFlow Listing Page/Ref No Set Text'

2018-12-20 13:09:01 - [TEST_STEP][PASSED] - delay: Delayed 2 second(s)

2018-12-20 13:09:03 - [MESSAGE][PASSED] - Delayed 2 second(s)

2018-12-20 13:09:03 - [TEST_STEP][PASSED] - click: Object: 'Object Repository/Final Object Repo/WorkFlow Listing Page/Search Ref No Search Button' is clicked on

2018-12-20 13:09:03 - [MESSAGE][PASSED] - Object: 'Object Repository/Final Object Repo/WorkFlow Listing Page/Search Ref No Search Button' is clicked on

2018-12-20 13:09:03 - [TEST_STEP][PASSED] - delay: Delayed 6 second(s)

2018-12-20 13:09:09 - [MESSAGE][PASSED] - Delayed 6 second(s)

2018-12-20 13:09:09 - [TEST_STEP][PASSED] - click: Object: 'Object Repository/Final Object Repo/WorkFlow Listing Page/Click Continue Tooltip' is clicked on

2018-12-20 13:09:10 - [MESSAGE][PASSED] - Object: 'Object Repository/Final Object Repo/WorkFlow Listing Page/Click Continue Tooltip' is clicked on

2018-12-20 13:09:10 - [TEST_STEP][PASSED] - delay: Delayed 5 second(s)

2018-12-20 13:09:15 - [MESSAGE][PASSED] - Delayed 5 second(s)

2018-12-20 13:09:15 - [TEST_STEP][PASSED] - doubleClick: Object: 'Object Repository/Final Object Repo/WorkFlow Listing Page/Workflow Found - Listing 1' is double clicked on

2018-12-20 13:09:16 - [MESSAGE][PASSED] - Object: 'Object Repository/Final Object Repo/WorkFlow Listing Page/Workflow Found - Listing 1' is double clicked on

2018-12-20 13:09:16 - [TEST_STEP][PASSED] - Statement - println(OwnerID): null

2018-12-20 13:09:16 - [TEST_STEP][PASSED] - Statement - OwnerID = com.kms.katalon.core.webui.keyword.WebUiBuiltInKeywords.getText(com.kms.katalon.core.testobject.ObjectRepository.findTestObject(Final Object Repo/WorkFlow Listing Page/Workflow Found - Listing 1), STOP_ON_FAILURE): Text of object 'Object Repository/Final Object Repo/WorkFlow Listing Page/Workflow Found - Listing 1' is: 'JOHORuo3'

2018-12-20 13:09:16 - [MESSAGE][PASSED] - Text of object 'Object Repository/Final Object Repo/WorkFlow Listing Page/Workflow Found - Listing 1' is: 'JOHORuo3'

2018-12-20 13:09:16 - [TEST_STEP][PASSED] - Statement - OwnerID = OwnerID.toLowerCase() + "@gmail.com": null

2018-12-20 13:09:16 - [TEST_STEP][PASSED] - Statement - println(OwnerID): null

2018-12-20 13:09:16 - [TEST_STEP][PASSED] - delay: Delayed 2 second(s)

2018-12-20 13:09:18 - [MESSAGE][PASSED] - Delayed 2 second(s)

2018-12-20 13:09:18 - [MESSAGE][PASSED] - Call Test Case 'Test Cases/Final Aug 2018 - PKS Automation/Common/Workflow Owner Finder' successfully

2018-12-20 13:09:18 - [TEST_STEP][PASSED] - delay: Delayed 1 second(s)

2018-12-20 13:09:19 - [MESSAGE][PASSED] - Delayed 1 second(s)

2018-12-20 13:09:19 - [TEST_STEP][PASSED] - navigateToUrl: Navigate to 'https://assist2-uat.perkeso.gov.my/c/portal/logout' successfully

2018-12-20 13:09:20 - [MESSAGE][PASSED] - Navigate to 'https://assist2-uat.perkeso.gov.my/c/portal/logout' successfully

2018-12-20 13:09:20 - [TEST_STEP][PASSED] - delay: Delayed 1 second(s)

2018-12-20 13:09:21 - [MESSAGE][PASSED] - Delayed 1 second(s)

2018-12-20 13:09:21 - [TEST_STEP][PASSED] - callTestCase: Call Test Case 'Test Cases/Final Aug 2018 - PKS Automation/Registration Module/Workflow/Login and Search Case For Workflow' successfully

2018-12-20 13:09:21 - [TEST_CASE][PASSED] - Test Cases/Final Aug 2018 - PKS Automation/Registration Module/Workflow/Login and Search Case For Workflow: Test Cases/Final Aug 2018 - PKS Automation/Registration Module/Workflow/Login and Search Case For Workflow

2018-12-20 13:09:21 - [TEST_STEP][PASSED] - navigateToUrl: Navigate to 'https://assist2-uat.perkeso.gov.my/login' successfully

2018-12-20 13:09:21 - [MESSAGE][PASSED] - Navigate to 'https://assist2-uat.perkeso.gov.my/login' successfully

2018-12-20 13:09:21 - [TEST_STEP][PASSED] - setText: Text 'johoruo3@gmail.com' is set on object 'Object Repository/Final Object Repo/Login Page/Internal User/Email Address'

2018-12-20 13:09:22 - [MESSAGE][PASSED] - Text 'johoruo3@gmail.com' is set on object 'Object Repository/Final Object Repo/Login Page/Internal User/Email Address'

2018-12-20 13:09:22 - [TEST_STEP][PASSED] - click: Object: 'Object Repository/Final Object Repo/Login Page/Internal User/Next Button' is clicked on

2018-12-20 13:09:22 - [MESSAGE][PASSED] - Object: 'Object Repository/Final Object Repo/Login Page/Internal User/Next Button' is clicked on

2018-12-20 13:09:22 - [TEST_STEP][PASSED] - delay: Delayed 1 second(s)

2018-12-20 13:09:23 - [MESSAGE][PASSED] - Delayed 1 second(s)

2018-12-20 13:09:23 - [TEST_STEP][PASSED] - setEncryptedText: Text ****** has been set on object 'Object Repository/Final Object Repo/Login Page/Internal User/Password'

2018-12-20 13:09:23 - [MESSAGE][PASSED] - Text ****** has been set on object 'Object Repository/Final Object Repo/Login Page/Internal User/Password'

2018-12-20 13:09:23 - [TEST_STEP][PASSED] - click: Object: 'Object Repository/Final Object Repo/Login Page/Internal User/Login Button' is clicked on

2018-12-20 13:09:23 - [MESSAGE][PASSED] - Object: 'Object Repository/Final Object Repo/Login Page/Internal User/Login Button' is clicked on

2018-12-20 13:09:23 - [TEST_STEP][PASSED] - delay: Delayed 2 second(s)

2018-12-20 13:09:25 - [MESSAGE][PASSED] - Delayed 2 second(s)

2018-12-20 13:09:25 - [TEST_STEP][PASSED] - Statement - Try: Delayed 2 second(s)

2018-12-20 13:09:25 - [TEST_STEP][PASSED] - Statement - Checker = false: null

2018-12-20 13:09:25 - [TEST_STEP][PASSED] - Statement - Checker = com.kms.katalon.core.webui.keyword.WebUiBuiltInKeywords.verifyElementHasAttribute(com.kms.katalon.core.testobject.ObjectRepository.findTestObject(Final Object Repo/Landing Page/BM Detecting), "href", 20, OPTIONAL): Object 'Object Repository/Final Object Repo/Landing Page/BM Detecting' has attribute 'href'

2018-12-20 13:09:25 - [MESSAGE][PASSED] - Object 'Object Repository/Final Object Repo/Landing Page/BM Detecting' has attribute 'href'

2018-12-20 13:09:25 - [TEST_STEP][PASSED] - Statement - out.println(Checker): null

2018-12-20 13:09:25 - [TEST_STEP][PASSED] - Statement - If (Checker == false): null

2018-12-20 13:09:25 - [TEST_STEP][PASSED] - Statement - Else: null

2018-12-20 13:09:25 - [TEST_STEP][PASSED] - delay: Delayed 2 second(s)

2018-12-20 13:09:27 - [MESSAGE][PASSED] - Delayed 2 second(s)

2018-12-20 13:09:27 - [TEST_STEP][PASSED] - click: Object: 'Object Repository/Final Object Repo/Page_MyASSIST - ASSIST - Search Pending Case For Add Supporting Document/Search Information' is clicked on

2018-12-20 13:09:28 - [MESSAGE][PASSED] - Object: 'Object Repository/Final Object Repo/Page_MyASSIST - ASSIST - Search Pending Case For Add Supporting Document/Search Information' is clicked on

2018-12-20 13:09:28 - [TEST_STEP][PASSED] - delay: Delayed 3 second(s)

2018-12-20 13:09:31 - [MESSAGE][PASSED] - Delayed 3 second(s)

2018-12-20 13:09:31 - [TEST_STEP][PASSED] - sendKeys: Keys 'ERN122018C200002531' sent to object: 'Object Repository/Final Object Repo/Page_MyASSIST - ASSIST - Search Pending Case For Add Supporting Document/Reference No'

2018-12-20 13:09:31 - [MESSAGE][PASSED] - Keys 'ERN122018C200002531' sent to object: 'Object Repository/Final Object Repo/Page_MyASSIST - ASSIST - Search Pending Case For Add Supporting Document/Reference No'

2018-12-20 13:09:31 - [TEST_STEP][PASSED] - click: Object: 'Object Repository/Final Object Repo/Page_MyASSIST - ASSIST - Search Pending Case For Add Supporting Document/Search Reference No' is clicked on

2018-12-20 13:09:31 - [MESSAGE][PASSED] - Object: 'Object Repository/Final Object Repo/Page_MyASSIST - ASSIST - Search Pending Case For Add Supporting Document/Search Reference No' is clicked on

2018-12-20 13:09:31 - [TEST_STEP][PASSED] - delay: Delayed 2 second(s)

2018-12-20 13:09:33 - [MESSAGE][PASSED] - Delayed 2 second(s)

2018-12-20 13:09:33 - [TEST_STEP][PASSED] - click: Object: 'Object Repository/Final Object Repo/Page_MyASSIST - ASSIST - Search Pending Case For Add Supporting Document/Continue' is clicked on

2018-12-20 13:09:37 - [MESSAGE][PASSED] - Object: 'Object Repository/Final Object Repo/Page_MyASSIST - ASSIST - Search Pending Case For Add Supporting Document/Continue' is clicked on

2018-12-20 13:09:37 - [TEST_STEP][PASSED] - delay: Delayed 20 second(s)

2018-12-20 13:09:57 - [MESSAGE][PASSED] - Delayed 20 second(s)

2018-12-20 13:09:57 - [MESSAGE][PASSED] - Call Test Case 'Test Cases/Final Aug 2018 - PKS Automation/Registration Module/Workflow/Login and Search Case For Workflow' successfully

2018-12-20 13:09:57 - [TEST_STEP][PASSED] - click: Object: 'Object Repository/Final Object Repo/Page_Form 3 EIS - Cessation as Employer/Page_Form 3 EIS - Cessation as Employer (Approve)/Save  Continue in Form 3 Page' is clicked on

2018-12-20 13:09:57 - [MESSAGE][PASSED] - Object: 'Object Repository/Final Object Repo/Page_Form 3 EIS - Cessation as Employer/Page_Form 3 EIS - Cessation as Employer (Approve)/Save  Continue in Form 3 Page' is clicked on

2018-12-20 13:09:57 - [TEST_STEP][PASSED] - delay: Delayed 4 second(s)

2018-12-20 13:10:01 - [MESSAGE][PASSED] - Delayed 4 second(s)

2018-12-20 13:10:01 - [TEST_STEP][PASSED] - click: Object: 'Object Repository/Final Object Repo/Page_Form 3 EIS - Cessation as Employer/Page_Form 3 EIS - Cessation as Employer (Approve)/Save  Continue in Resigned Page' is clicked on

2018-12-20 13:10:01 - [MESSAGE][PASSED] - Object: 'Object Repository/Final Object Repo/Page_Form 3 EIS - Cessation as Employer/Page_Form 3 EIS - Cessation as Employer (Approve)/Save  Continue in Resigned Page' is clicked on

2018-12-20 13:10:01 - [TEST_STEP][PASSED] - delay: Delayed 2 second(s)

2018-12-20 13:10:03 - [MESSAGE][PASSED] - Delayed 2 second(s)

2018-12-20 13:10:03 - [TEST_STEP][PASSED] - setText: Text 'Remark' is set on object 'Object Repository/Final Object Repo/Page_Form 3 EIS - Cessation as Employer/Page_Form 3 EIS - Cessation as Employer (Query)/Query - Remark'

2018-12-20 13:10:05 - [MESSAGE][PASSED] - Text 'Remark' is set on object 'Object Repository/Final Object Repo/Page_Form 3 EIS - Cessation as Employer/Page_Form 3 EIS - Cessation as Employer (Query)/Query - Remark'

2018-12-20 13:10:05 - [TEST_STEP][PASSED] - delay: Delayed 2 second(s)

2018-12-20 13:10:07 - [MESSAGE][PASSED] - Delayed 2 second(s)

2018-12-20 13:10:07 - [TEST_STEP][PASSED] - click: Object: 'Object Repository/Final Object Repo/Page_Form 3 EIS - Cessation as Employer/Page_Form 3 EIS - Cessation as Employer (Query)/Save  Continue' is clicked on

2018-12-20 13:10:07 - [MESSAGE][PASSED] - Object: 'Object Repository/Final Object Repo/Page_Form 3 EIS - Cessation as Employer/Page_Form 3 EIS - Cessation as Employer (Query)/Save  Continue' is clicked on

2018-12-20 13:10:07 - [TEST_STEP][PASSED] - delay: Delayed 2 second(s)

2018-12-20 13:10:09 - [MESSAGE][PASSED] - Delayed 2 second(s)

2018-12-20 13:10:09 - [TEST_STEP][PASSED] - click: Object: 'Object Repository/Final Object Repo/Page_Form 3 EIS - Cessation as Employer/Page_Form 3 EIS - Cessation as Employer (Query)/Query' is clicked on

2018-12-20 13:10:12 - [MESSAGE][PASSED] - Object: 'Object Repository/Final Object Repo/Page_Form 3 EIS - Cessation as Employer/Page_Form 3 EIS - Cessation as Employer (Query)/Query' is clicked on

2018-12-20 13:10:12 - [TEST_STEP][PASSED] - delay: Delayed 2 second(s)

2018-12-20 13:10:14 - [MESSAGE][PASSED] - Delayed 2 second(s)

2018-12-20 13:10:14 - [TEST_STEP][PASSED] - click: Object: 'Object Repository/Final Object Repo/Page_Form 3 EIS - Cessation as Employer/Page_Form 3 EIS - Cessation as Employer (Query)/Confirm' is clicked on

2018-12-20 13:10:20 - [MESSAGE][PASSED] - Object: 'Object Repository/Final Object Repo/Page_Form 3 EIS - Cessation as Employer/Page_Form 3 EIS - Cessation as Employer (Query)/Confirm' is clicked on

2018-12-20 13:10:20 - [TEST_STEP][PASSED] - delay: Delayed 2 second(s)

2018-12-20 13:10:22 - [MESSAGE][PASSED] - Delayed 2 second(s)

2018-12-20 13:10:22 - [TEST_STEP][PASSED] - click: Object: 'Object Repository/Final Object Repo/Page_Form 3 EIS - Cessation as Employer/Page_Form 3 EIS - Cessation as Employer (Query)/Message The Case Is Under Query' is clicked on

2018-12-20 13:10:23 - [MESSAGE][PASSED] - Object: 'Object Repository/Final Object Repo/Page_Form 3 EIS - Cessation as Employer/Page_Form 3 EIS - Cessation as Employer (Query)/Message The Case Is Under Query' is clicked on

2018-12-20 13:10:23 - [TEST_STEP][PASSED] - click: Object: 'Object Repository/Final Object Repo/Page_Form 3 EIS - Cessation as Employer/Page_Form 3 EIS - Cessation as Employer (Query)/Letter of inquiry' is clicked on

2018-12-20 13:10:23 - [MESSAGE][PASSED] - Object: 'Object Repository/Final Object Repo/Page_Form 3 EIS - Cessation as Employer/Page_Form 3 EIS - Cessation as Employer (Query)/Letter of inquiry' is clicked on

2018-12-20 13:10:23 - [TEST_STEP][PASSED] - delay: Delayed 1 second(s)

2018-12-20 13:10:24 - [MESSAGE][PASSED] - Delayed 1 second(s)

2018-12-20 13:10:24 - [TEST_STEP][PASSED] - navigateToUrl: Navigate to 'https://assist2-uat.perkeso.gov.my/c/portal/logout' successfully

2018-12-20 13:10:25 - [MESSAGE][PASSED] - Navigate to 'https://assist2-uat.perkeso.gov.my/c/portal/logout' successfully

2018-12-20 13:10:25 - [TEST_STEP][PASSED] - delay: Delayed 1 second(s)

2018-12-20 13:10:26 - [MESSAGE][PASSED] - Delayed 1 second(s)

2018-12-20 13:10:26 - [TEST_STEP][PASSED] - callTestCase: Call Test Case 'Test Cases/Final Aug 2018 - PKS Automation/Registration Module/Workflow/Search Pending Case For Add Supporting Document (OTC)' successfully

2018-12-20 13:10:26 - [TEST_CASE][PASSED] - Test Cases/Final Aug 2018 - PKS Automation/Registration Module/Workflow/Search Pending Case For Add Supporting Document (OTC): Test Cases/Final Aug 2018 - PKS Automation/Registration Module/Workflow/Search Pending Case For Add Supporting Document (OTC)

2018-12-20 13:10:26 - [TEST_STEP][PASSED] - openBrowser: Browser is opened with url: ''

2018-12-20 13:10:26 - [MESSAGE][WARNING] - A browser is already opened. Closing browser and opening a new one

2018-12-20 13:10:29 - [MESSAGE][PASSED] - Browser is opened with url: ''

2018-12-20 13:10:29 - [TEST_STEP][PASSED] - navigateToUrl: Navigate to 'https://assist2-uat.perkeso.gov.my/login' successfully

2018-12-20 13:10:30 - [MESSAGE][PASSED] - Navigate to 'https://assist2-uat.perkeso.gov.my/login' successfully

2018-12-20 13:10:30 - [TEST_STEP][PASSED] - setText: Text 'johorotc1@gmail.com' is set on object 'Object Repository/Final Object Repo/Login Page/Internal User/Email Address'

2018-12-20 13:10:31 - [MESSAGE][PASSED] - Text 'johorotc1@gmail.com' is set on object 'Object Repository/Final Object Repo/Login Page/Internal User/Email Address'

2018-12-20 13:10:31 - [TEST_STEP][PASSED] - click: Object: 'Object Repository/Final Object Repo/Login Page/Internal User/Next Button' is clicked on

2018-12-20 13:10:31 - [MESSAGE][PASSED] - Object: 'Object Repository/Final Object Repo/Login Page/Internal User/Next Button' is clicked on

2018-12-20 13:10:31 - [TEST_STEP][PASSED] - delay: Delayed 1 second(s)

2018-12-20 13:10:32 - [MESSAGE][PASSED] - Delayed 1 second(s)

2018-12-20 13:10:32 - [TEST_STEP][PASSED] - setEncryptedText: Text ****** has been set on object 'Object Repository/Final Object Repo/Login Page/Internal User/Password'

2018-12-20 13:10:32 - [MESSAGE][PASSED] - Text ****** has been set on object 'Object Repository/Final Object Repo/Login Page/Internal User/Password'

2018-12-20 13:10:32 - [TEST_STEP][PASSED] - click: Object: 'Object Repository/Final Object Repo/Login Page/Internal User/Login Button' is clicked on

2018-12-20 13:10:32 - [MESSAGE][PASSED] - Object: 'Object Repository/Final Object Repo/Login Page/Internal User/Login Button' is clicked on

2018-12-20 13:10:32 - [TEST_STEP][PASSED] - delay: Delayed 1 second(s)

2018-12-20 13:10:33 - [MESSAGE][PASSED] - Delayed 1 second(s)

2018-12-20 13:10:33 - [TEST_STEP][PASSED] - Statement - Try: Delayed 2 second(s)

2018-12-20 13:10:33 - [TEST_STEP][PASSED] - Statement - Checker = false: null

2018-12-20 13:10:33 - [TEST_STEP][PASSED] - Statement - Checker = com.kms.katalon.core.webui.keyword.WebUiBuiltInKeywords.verifyElementHasAttribute(com.kms.katalon.core.testobject.ObjectRepository.findTestObject(Final Object Repo/Landing Page/BM Detecting), "href", 20, OPTIONAL): Object 'Object Repository/Final Object Repo/Landing Page/BM Detecting' has attribute 'href'

2018-12-20 13:10:34 - [MESSAGE][PASSED] - Object 'Object Repository/Final Object Repo/Landing Page/BM Detecting' has attribute 'href'

2018-12-20 13:10:34 - [TEST_STEP][PASSED] - Statement - out.println(Checker): null

2018-12-20 13:10:34 - [TEST_STEP][PASSED] - Statement - If (Checker == false): null

2018-12-20 13:10:34 - [TEST_STEP][PASSED] - Statement - Else: null

2018-12-20 13:10:34 - [TEST_STEP][PASSED] - delay: Delayed 2 second(s)

2018-12-20 13:10:36 - [MESSAGE][PASSED] - Delayed 2 second(s)

2018-12-20 13:10:36 - [TEST_STEP][PASSED] - navigateToUrl: Navigate to 'https://assist2-uat.perkeso.gov.my/web/registration/search/search-pending-case-for-add-supporting-document' successfully

2018-12-20 13:10:37 - [MESSAGE][PASSED] - Navigate to 'https://assist2-uat.perkeso.gov.my/web/registration/search/search-pending-case-for-add-supporting-document' successfully

2018-12-20 13:10:37 - [TEST_STEP][PASSED] - click: Object: 'Object Repository/Final Object Repo/Page_Search Pending Case For Add Suporting Document/Search By' is clicked on

2018-12-20 13:10:38 - [MESSAGE][PASSED] - Object: 'Object Repository/Final Object Repo/Page_Search Pending Case For Add Suporting Document/Search By' is clicked on

2018-12-20 13:10:38 - [TEST_STEP][PASSED] - click: Object: 'Object Repository/Final Object Repo/Page_Search Pending Case For Add Suporting Document/Search By - Reference ID' is clicked on

2018-12-20 13:10:38 - [MESSAGE][PASSED] - Object: 'Object Repository/Final Object Repo/Page_Search Pending Case For Add Suporting Document/Search By - Reference ID' is clicked on

2018-12-20 13:10:38 - [TEST_STEP][PASSED] - delay: Delayed 2 second(s)

2018-12-20 13:10:40 - [MESSAGE][PASSED] - Delayed 2 second(s)

2018-12-20 13:10:40 - [TEST_STEP][PASSED] - setText: Text 'ERN122018C200002531' is set on object 'Object Repository/Final Object Repo/Page_Search Pending Case For Add Suporting Document/Reference ID'

2018-12-20 13:10:40 - [MESSAGE][PASSED] - Text 'ERN122018C200002531' is set on object 'Object Repository/Final Object Repo/Page_Search Pending Case For Add Suporting Document/Reference ID'

2018-12-20 13:10:40 - [TEST_STEP][PASSED] - click: Object: 'Object Repository/Final Object Repo/Page_Search Pending Case For Add Suporting Document/Search' is clicked on

2018-12-20 13:10:40 - [MESSAGE][PASSED] - Object: 'Object Repository/Final Object Repo/Page_Search Pending Case For Add Suporting Document/Search' is clicked on

2018-12-20 13:10:40 - [TEST_STEP][PASSED] - delay: Delayed 2 second(s)

2018-12-20 13:10:42 - [MESSAGE][PASSED] - Delayed 2 second(s)

2018-12-20 13:10:42 - [TEST_STEP][PASSED] - click: Object: 'Object Repository/Final Object Repo/Page_Search Pending Case For Add Suporting Document/Edit' is clicked on

2018-12-20 13:10:45 - [MESSAGE][PASSED] - Object: 'Object Repository/Final Object Repo/Page_Search Pending Case For Add Suporting Document/Edit' is clicked on

2018-12-20 13:10:45 - [MESSAGE][PASSED] - Call Test Case 'Test Cases/Final Aug 2018 - PKS Automation/Registration Module/Workflow/Search Pending Case For Add Supporting Document (OTC)' successfully

2018-12-20 13:10:45 - [TEST_STEP][PASSED] - delay: Delayed 2 second(s)

2018-12-20 13:10:47 - [MESSAGE][PASSED] - Delayed 2 second(s)

2018-12-20 13:10:47 - [TEST_STEP][PASSED] - click: Object: 'Object Repository/Final Object Repo/Page_Form 3 EIS - Cessation as Employer/Page_Form 3 EIS - Cessation as Employer (Query - OTC - UO)/Next' is clicked on

2018-12-20 13:10:49 - [MESSAGE][PASSED] - Object: 'Object Repository/Final Object Repo/Page_Form 3 EIS - Cessation as Employer/Page_Form 3 EIS - Cessation as Employer (Query - OTC - UO)/Next' is clicked on

2018-12-20 13:10:49 - [TEST_STEP][PASSED] - delay: Delayed 2 second(s)

2018-12-20 13:10:51 - [MESSAGE][PASSED] - Delayed 2 second(s)

2018-12-20 13:10:51 - [TEST_STEP][PASSED] - click: Object: 'Object Repository/Final Object Repo/Page_Form 3 EIS - Cessation as Employer/Page_Form 3 EIS - Cessation as Employer (Query - OTC - UO)/Next in Resigned Page' is clicked on

2018-12-20 13:10:54 - [MESSAGE][PASSED] - Object: 'Object Repository/Final Object Repo/Page_Form 3 EIS - Cessation as Employer/Page_Form 3 EIS - Cessation as Employer (Query - OTC - UO)/Next in Resigned Page' is clicked on

2018-12-20 13:10:54 - [TEST_STEP][PASSED] - delay: Delayed 2 second(s)

2018-12-20 13:10:56 - [MESSAGE][PASSED] - Delayed 2 second(s)

2018-12-20 13:10:56 - [TEST_STEP][PASSED] - click: Object: 'Object Repository/Final Object Repo/Page_Form 3 EIS - Cessation as Employer/Page_Form 3 EIS - Cessation as Employer (Query - OTC - UO)/Add Document' is clicked on

2018-12-20 13:10:56 - [MESSAGE][PASSED] - Object: 'Object Repository/Final Object Repo/Page_Form 3 EIS - Cessation as Employer/Page_Form 3 EIS - Cessation as Employer (Query - OTC - UO)/Add Document' is clicked on

2018-12-20 13:10:56 - [TEST_STEP][PASSED] - delay: Delayed 2 second(s)

2018-12-20 13:10:58 - [MESSAGE][PASSED] - Delayed 2 second(s)

2018-12-20 13:10:58 - [TEST_STEP][PASSED] - click: Object: 'Object Repository/Final Object Repo/Page_Form 3 EIS - Cessation as Employer/Page_Form 3 EIS - Cessation as Employer (Query - OTC - UO)/Document Type' is clicked on

2018-12-20 13:10:59 - [MESSAGE][PASSED] - Object: 'Object Repository/Final Object Repo/Page_Form 3 EIS - Cessation as Employer/Page_Form 3 EIS - Cessation as Employer (Query - OTC - UO)/Document Type' is clicked on

2018-12-20 13:10:59 - [TEST_STEP][PASSED] - delay: Delayed 2 second(s)

2018-12-20 13:11:01 - [MESSAGE][PASSED] - Delayed 2 second(s)

2018-12-20 13:11:01 - [TEST_STEP][PASSED] - click: Object: 'Object Repository/Final Object Repo/Page_Form 3 EIS - Cessation as Employer/Page_Form 3 EIS - Cessation as Employer (Query - OTC - UO)/Document Type - Others' is clicked on

2018-12-20 13:11:01 - [MESSAGE][PASSED] - Object: 'Object Repository/Final Object Repo/Page_Form 3 EIS - Cessation as Employer/Page_Form 3 EIS - Cessation as Employer (Query - OTC - UO)/Document Type - Others' is clicked on

2018-12-20 13:11:01 - [TEST_STEP][PASSED] - delay: Delayed 2 second(s)

2018-12-20 13:11:03 - [MESSAGE][PASSED] - Delayed 2 second(s)

2018-12-20 13:11:03 - [TEST_STEP][PASSED] - sendKeys: Keys 'C:\Users\Public\Pictures\Sample Pictures\Koala.jpg' sent to object: 'Object Repository/Final Object Repo/Page_Form 3 EIS - Cessation as Employer/Page_Form 3 EIS - Cessation as Employer (Query - OTC - UO)/ploading File'

2018-12-20 13:11:04 - [MESSAGE][PASSED] - Keys 'C:\Users\Public\Pictures\Sample Pictures\Koala.jpg' sent to object: 'Object Repository/Final Object Repo/Page_Form 3 EIS - Cessation as Employer/Page_Form 3 EIS - Cessation as Employer (Query - OTC - UO)/ploading File'

2018-12-20 13:11:04 - [TEST_STEP][PASSED] - delay: Delayed 2 second(s)

2018-12-20 13:11:06 - [MESSAGE][PASSED] - Delayed 2 second(s)

2018-12-20 13:11:06 - [TEST_STEP][PASSED] - click: Object: 'Object Repository/Final Object Repo/Page_Form 3 EIS - Cessation as Employer/Page_Form 3 EIS - Cessation as Employer (Query - OTC - UO)/Add Document in Uploading Page' is clicked on

2018-12-20 13:11:06 - [MESSAGE][PASSED] - Object: 'Object Repository/Final Object Repo/Page_Form 3 EIS - Cessation as Employer/Page_Form 3 EIS - Cessation as Employer (Query - OTC - UO)/Add Document in Uploading Page' is clicked on

2018-12-20 13:11:06 - [TEST_STEP][PASSED] - delay: Delayed 2 second(s)

2018-12-20 13:11:08 - [MESSAGE][PASSED] - Delayed 2 second(s)

2018-12-20 13:11:08 - [TEST_STEP][PASSED] - click: Object: 'Object Repository/Final Object Repo/Page_Form 3 EIS - Cessation as Employer/Page_Form 3 EIS - Cessation as Employer (Query - OTC - UO)/Exit' is clicked on

2018-12-20 13:11:10 - [MESSAGE][PASSED] - Object: 'Object Repository/Final Object Repo/Page_Form 3 EIS - Cessation as Employer/Page_Form 3 EIS - Cessation as Employer (Query - OTC - UO)/Exit' is clicked on

2018-12-20 13:11:10 - [TEST_STEP][PASSED] - delay: Delayed 1 second(s)

2018-12-20 13:11:11 - [MESSAGE][PASSED] - Delayed 1 second(s)

2018-12-20 13:11:11 - [TEST_STEP][PASSED] - navigateToUrl: Navigate to 'https://assist2-uat.perkeso.gov.my/c/portal/logout' successfully

2018-12-20 13:11:12 - [MESSAGE][PASSED] - Navigate to 'https://assist2-uat.perkeso.gov.my/c/portal/logout' successfully

2018-12-20 13:11:12 - [TEST_STEP][PASSED] - delay: Delayed 1 second(s)

2018-12-20 13:11:13 - [MESSAGE][PASSED] - Delayed 1 second(s)

2018-12-20 13:11:13 - [TEST_STEP][PASSED] - callTestCase: Call Test Case 'Test Cases/Final Aug 2018 - PKS Automation/Registration Module/Workflow/Login and Search Case For Workflow' successfully

2018-12-20 13:11:13 - [TEST_CASE][PASSED] - Test Cases/Final Aug 2018 - PKS Automation/Registration Module/Workflow/Login and Search Case For Workflow: Test Cases/Final Aug 2018 - PKS Automation/Registration Module/Workflow/Login and Search Case For Workflow

2018-12-20 13:11:13 - [TEST_STEP][PASSED] - navigateToUrl: Navigate to 'https://assist2-uat.perkeso.gov.my/login' successfully

2018-12-20 13:11:14 - [MESSAGE][PASSED] - Navigate to 'https://assist2-uat.perkeso.gov.my/login' successfully

2018-12-20 13:11:14 - [TEST_STEP][PASSED] - setText: Text 'johoruo3@gmail.com' is set on object 'Object Repository/Final Object Repo/Login Page/Internal User/Email Address'

2018-12-20 13:11:14 - [MESSAGE][PASSED] - Text 'johoruo3@gmail.com' is set on object 'Object Repository/Final Object Repo/Login Page/Internal User/Email Address'

2018-12-20 13:11:14 - [TEST_STEP][PASSED] - click: Object: 'Object Repository/Final Object Repo/Login Page/Internal User/Next Button' is clicked on

2018-12-20 13:11:14 - [MESSAGE][PASSED] - Object: 'Object Repository/Final Object Repo/Login Page/Internal User/Next Button' is clicked on

2018-12-20 13:11:14 - [TEST_STEP][PASSED] - delay: Delayed 1 second(s)

2018-12-20 13:11:15 - [MESSAGE][PASSED] - Delayed 1 second(s)

2018-12-20 13:11:15 - [TEST_STEP][PASSED] - setEncryptedText: Text ****** has been set on object 'Object Repository/Final Object Repo/Login Page/Internal User/Password'

2018-12-20 13:11:16 - [MESSAGE][PASSED] - Text ****** has been set on object 'Object Repository/Final Object Repo/Login Page/Internal User/Password'

2018-12-20 13:11:16 - [TEST_STEP][PASSED] - click: Object: 'Object Repository/Final Object Repo/Login Page/Internal User/Login Button' is clicked on

2018-12-20 13:11:16 - [MESSAGE][PASSED] - Object: 'Object Repository/Final Object Repo/Login Page/Internal User/Login Button' is clicked on

2018-12-20 13:11:16 - [TEST_STEP][PASSED] - delay: Delayed 2 second(s)

2018-12-20 13:11:18 - [MESSAGE][PASSED] - Delayed 2 second(s)

2018-12-20 13:11:18 - [TEST_STEP][PASSED] - Statement - Try: Delayed 2 second(s)

2018-12-20 13:11:18 - [TEST_STEP][PASSED] - Statement - Checker = false: null

2018-12-20 13:11:18 - [TEST_STEP][PASSED] - Statement - Checker = com.kms.katalon.core.webui.keyword.WebUiBuiltInKeywords.verifyElementHasAttribute(com.kms.katalon.core.testobject.ObjectRepository.findTestObject(Final Object Repo/Landing Page/BM Detecting), "href", 20, OPTIONAL): Object 'Object Repository/Final Object Repo/Landing Page/BM Detecting' has attribute 'href'

2018-12-20 13:11:18 - [MESSAGE][PASSED] - Object 'Object Repository/Final Object Repo/Landing Page/BM Detecting' has attribute 'href'

2018-12-20 13:11:18 - [TEST_STEP][PASSED] - Statement - out.println(Checker): null

2018-12-20 13:11:18 - [TEST_STEP][PASSED] - Statement - If (Checker == false): null

2018-12-20 13:11:18 - [TEST_STEP][PASSED] - Statement - Else: null

2018-12-20 13:11:18 - [TEST_STEP][PASSED] - delay: Delayed 2 second(s)

2018-12-20 13:11:20 - [MESSAGE][PASSED] - Delayed 2 second(s)

2018-12-20 13:11:20 - [TEST_STEP][PASSED] - click: Object: 'Object Repository/Final Object Repo/Page_MyASSIST - ASSIST - Search Pending Case For Add Supporting Document/Search Information' is clicked on

2018-12-20 13:11:20 - [MESSAGE][PASSED] - Object: 'Object Repository/Final Object Repo/Page_MyASSIST - ASSIST - Search Pending Case For Add Supporting Document/Search Information' is clicked on

2018-12-20 13:11:20 - [TEST_STEP][PASSED] - delay: Delayed 3 second(s)

2018-12-20 13:11:23 - [MESSAGE][PASSED] - Delayed 3 second(s)

2018-12-20 13:11:23 - [TEST_STEP][PASSED] - sendKeys: Keys 'ERN122018C200002531' sent to object: 'Object Repository/Final Object Repo/Page_MyASSIST - ASSIST - Search Pending Case For Add Supporting Document/Reference No'

2018-12-20 13:11:23 - [MESSAGE][PASSED] - Keys 'ERN122018C200002531' sent to object: 'Object Repository/Final Object Repo/Page_MyASSIST - ASSIST - Search Pending Case For Add Supporting Document/Reference No'

2018-12-20 13:11:23 - [TEST_STEP][PASSED] - click: Object: 'Object Repository/Final Object Repo/Page_MyASSIST - ASSIST - Search Pending Case For Add Supporting Document/Search Reference No' is clicked on

2018-12-20 13:11:24 - [MESSAGE][PASSED] - Object: 'Object Repository/Final Object Repo/Page_MyASSIST - ASSIST - Search Pending Case For Add Supporting Document/Search Reference No' is clicked on

2018-12-20 13:11:24 - [TEST_STEP][PASSED] - delay: Delayed 2 second(s)

2018-12-20 13:11:26 - [MESSAGE][PASSED] - Delayed 2 second(s)

2018-12-20 13:11:26 - [TEST_STEP][PASSED] - click: Object: 'Object Repository/Final Object Repo/Page_MyASSIST - ASSIST - Search Pending Case For Add Supporting Document/Continue' is clicked on

2018-12-20 13:11:29 - [MESSAGE][PASSED] - Object: 'Object Repository/Final Object Repo/Page_MyASSIST - ASSIST - Search Pending Case For Add Supporting Document/Continue' is clicked on

2018-12-20 13:11:29 - [TEST_STEP][PASSED] - delay: Delayed 20 second(s)

2018-12-20 13:11:49 - [MESSAGE][PASSED] - Delayed 20 second(s)

2018-12-20 13:11:49 - [MESSAGE][PASSED] - Call Test Case 'Test Cases/Final Aug 2018 - PKS Automation/Registration Module/Workflow/Login and Search Case For Workflow' successfully

2018-12-20 13:11:49 - [TEST_STEP][PASSED] - click: Object: 'Object Repository/Final Object Repo/Page_Form 3 EIS - Cessation as Employer/Page_Form 3 EIS - Cessation as Employer (Approve)/Save  Continue in Form 3 Page' is clicked on

2018-12-20 13:11:49 - [MESSAGE][PASSED] - Object: 'Object Repository/Final Object Repo/Page_Form 3 EIS - Cessation as Employer/Page_Form 3 EIS - Cessation as Employer (Approve)/Save  Continue in Form 3 Page' is clicked on

2018-12-20 13:11:49 - [TEST_STEP][PASSED] - delay: Delayed 2 second(s)

2018-12-20 13:11:51 - [MESSAGE][PASSED] - Delayed 2 second(s)

2018-12-20 13:11:51 - [TEST_STEP][PASSED] - click: Object: 'Object Repository/Final Object Repo/Page_Form 3 EIS - Cessation as Employer/Page_Form 3 EIS - Cessation as Employer (Approve)/Save  Continue in Resigned Page' is clicked on

2018-12-20 13:11:51 - [MESSAGE][PASSED] - Object: 'Object Repository/Final Object Repo/Page_Form 3 EIS - Cessation as Employer/Page_Form 3 EIS - Cessation as Employer (Approve)/Save  Continue in Resigned Page' is clicked on

2018-12-20 13:11:51 - [TEST_STEP][PASSED] - delay: Delayed 2 second(s)

2018-12-20 13:11:53 - [MESSAGE][PASSED] - Delayed 2 second(s)

2018-12-20 13:11:53 - [TEST_STEP][PASSED] - click: Object: 'Object Repository/Final Object Repo/Page_Form 3 EIS - Cessation as Employer/Page_Form 3 EIS - Cessation as Employer (Approve)/Save  Continue in Uploading Page' is clicked on

2018-12-20 13:11:54 - [MESSAGE][PASSED] - Object: 'Object Repository/Final Object Repo/Page_Form 3 EIS - Cessation as Employer/Page_Form 3 EIS - Cessation as Employer (Approve)/Save  Continue in Uploading Page' is clicked on

2018-12-20 13:11:54 - [TEST_STEP][PASSED] - delay: Delayed 2 second(s)

2018-12-20 13:11:56 - [MESSAGE][PASSED] - Delayed 2 second(s)

2018-12-20 13:11:56 - [TEST_STEP][PASSED] - click: Object: 'Object Repository/Final Object Repo/Page_Form 3 EIS - Cessation as Employer/Page_Form 3 EIS - Cessation as Employer (Reject)/Reject' is clicked on

2018-12-20 13:11:59 - [MESSAGE][PASSED] - Object: 'Object Repository/Final Object Repo/Page_Form 3 EIS - Cessation as Employer/Page_Form 3 EIS - Cessation as Employer (Reject)/Reject' is clicked on

2018-12-20 13:11:59 - [TEST_STEP][PASSED] - delay: Delayed 2 second(s)

2018-12-20 13:12:01 - [MESSAGE][PASSED] - Delayed 2 second(s)

2018-12-20 13:12:01 - [TEST_STEP][PASSED] - click: Object: 'Object Repository/Final Object Repo/Page_Form 3 EIS - Cessation as Employer/Page_Form 3 EIS - Cessation as Employer (Reject)/Confirm' is clicked on

2018-12-20 13:12:01 - [MESSAGE][PASSED] - Object: 'Object Repository/Final Object Repo/Page_Form 3 EIS - Cessation as Employer/Page_Form 3 EIS - Cessation as Employer (Reject)/Confirm' is clicked on

2018-12-20 13:12:01 - [TEST_STEP][PASSED] - delay: Delayed 2 second(s)

2018-12-20 13:12:03 - [MESSAGE][PASSED] - Delayed 2 second(s)

2018-12-20 13:12:03 - [TEST_STEP][PASSED] - click: Object: 'Object Repository/Final Object Repo/Page_Form 3 EIS - Cessation as Employer/Page_Form 3 EIS - Cessation as Employer (Reject)/Message This Case has been Rejected' is clicked on

2018-12-20 13:12:07 - [MESSAGE][PASSED] - Object: 'Object Repository/Final Object Repo/Page_Form 3 EIS - Cessation as Employer/Page_Form 3 EIS - Cessation as Employer (Reject)/Message This Case has been Rejected' is clicked on

2018-12-20 13:12:07 - [TEST_STEP][PASSED] - click: Object: 'Object Repository/Final Object Repo/Page_Form 3 EIS - Cessation as Employer/Page_Form 3 EIS - Cessation as Employer (Reject)/Letter of update rejection' is clicked on

2018-12-20 13:12:08 - [MESSAGE][PASSED] - Object: 'Object Repository/Final Object Repo/Page_Form 3 EIS - Cessation as Employer/Page_Form 3 EIS - Cessation as Employer (Reject)/Letter of update rejection' is clicked on

2018-12-20 13:12:08 - [MESSAGE][PASSED] - Call Test Case 'Test Cases/Final Aug 2018 - PKS Automation/Registration Module/Workflow/Form 3 EIS - Cessation As Employer/Template/Form 3 A - Cessation As Employer (Query)' successfully]]></system-out>
         <system-err><![CDATA[]]></system-err>
      </testcase>
      <testcase name="Test Cases/Final Aug 2018 - PKS Automation/Registration Module/Workflow/Form 3 EIS - Cessation As Employer/Employer to UO (Reject)" classname="Test Cases/Final Aug 2018 - PKS Automation/Registration Module/Workflow/Form 3 EIS - Cessation As Employer/Employer to UO (Reject)" status="PASSED">
         <system-out><![CDATA[2018-12-20 13:12:08 - [TEST_CASE][PASSED] - Test Cases/Final Aug 2018 - PKS Automation/Registration Module/Workflow/Form 3 EIS - Cessation As Employer/Employer to UO (Reject): Test Cases/Final Aug 2018 - PKS Automation/Registration Module/Workflow/Form 3 EIS - Cessation As Employer/Employer to UO (Reject)

2018-12-20 13:12:08 - [TEST_STEP][PASSED] - callTestCase: Call Test Case 'Test Cases/Final Aug 2018 - PKS Automation/Registration Module/Workflow/Form 3 EIS - Cessation As Employer/Template/Form 3 A - Cessation As Employer (Employer)' successfully

2018-12-20 13:12:08 - [TEST_CASE][PASSED] - Test Cases/Final Aug 2018 - PKS Automation/Registration Module/Workflow/Form 3 EIS - Cessation As Employer/Template/Form 3 A - Cessation As Employer (Employer): Test Cases/Final Aug 2018 - PKS Automation/Registration Module/Workflow/Form 3 EIS - Cessation As Employer/Template/Form 3 A - Cessation As Employer (Employer)

2018-12-20 13:12:08 - [TEST_STEP][PASSED] - callTestCase: Call Test Case 'Test Cases/Final Aug 2018 - PKS Automation/Registration Module/Workflow/Update Add New Employee/Template/New Company for Update Add New - Employer' successfully

2018-12-20 13:12:08 - [TEST_CASE][PASSED] - Test Cases/Final Aug 2018 - PKS Automation/Registration Module/Workflow/Update Add New Employee/Template/New Company for Update Add New - Employer: Test Cases/Final Aug 2018 - PKS Automation/Registration Module/Workflow/Update Add New Employee/Template/New Company for Update Add New - Employer

2018-12-20 13:12:08 - [TEST_STEP][PASSED] - callTestCase: Call Test Case 'Test Cases/Final Aug 2018 - PKS Automation/Create Employer Acc/Create Employer Account' successfully

2018-12-20 13:12:08 - [TEST_CASE][PASSED] - Test Cases/Final Aug 2018 - PKS Automation/Create Employer Acc/Create Employer Account: Test Cases/Final Aug 2018 - PKS Automation/Create Employer Acc/Create Employer Account

2018-12-20 13:12:08 - [TEST_STEP][PASSED] - callTestCase: Call Test Case 'Test Cases/Final Aug 2018 - PKS Automation/Create Employer Acc/Template/Register Employer' successfully

2018-12-20 13:12:09 - [TEST_CASE][PASSED] - Test Cases/Final Aug 2018 - PKS Automation/Create Employer Acc/Template/Register Employer: Test Cases/Final Aug 2018 - PKS Automation/Create Employer Acc/Template/Register Employer

2018-12-20 13:12:09 - [TEST_STEP][PASSED] - openBrowser: Browser is opened with url: ''

2018-12-20 13:12:09 - [MESSAGE][WARNING] - A browser is already opened. Closing browser and opening a new one

2018-12-20 13:12:11 - [MESSAGE][PASSED] - Browser is opened with url: ''

2018-12-20 13:12:11 - [TEST_STEP][PASSED] - navigateToUrl: Navigate to 'https://assist2-uat.perkeso.gov.my/login' successfully

2018-12-20 13:12:12 - [MESSAGE][PASSED] - Navigate to 'https://assist2-uat.perkeso.gov.my/login' successfully

2018-12-20 13:12:12 - [TEST_STEP][PASSED] - setText: Text 'johorotc1@gmail.com' is set on object 'Object Repository/Final Object Repo/Login Page/Internal User/Email Address'

2018-12-20 13:12:13 - [MESSAGE][PASSED] - Text 'johorotc1@gmail.com' is set on object 'Object Repository/Final Object Repo/Login Page/Internal User/Email Address'

2018-12-20 13:12:13 - [TEST_STEP][PASSED] - click: Object: 'Object Repository/Final Object Repo/Login Page/Internal User/Next Button' is clicked on

2018-12-20 13:12:13 - [MESSAGE][PASSED] - Object: 'Object Repository/Final Object Repo/Login Page/Internal User/Next Button' is clicked on

2018-12-20 13:12:13 - [TEST_STEP][PASSED] - delay: Delayed 1 second(s)

2018-12-20 13:12:14 - [MESSAGE][PASSED] - Delayed 1 second(s)

2018-12-20 13:12:14 - [TEST_STEP][PASSED] - setEncryptedText: Text ****** has been set on object 'Object Repository/Final Object Repo/Login Page/Internal User/Password'

2018-12-20 13:12:14 - [MESSAGE][PASSED] - Text ****** has been set on object 'Object Repository/Final Object Repo/Login Page/Internal User/Password'

2018-12-20 13:12:14 - [TEST_STEP][PASSED] - click: Object: 'Object Repository/Final Object Repo/Login Page/Internal User/Login Button' is clicked on

2018-12-20 13:12:14 - [MESSAGE][PASSED] - Object: 'Object Repository/Final Object Repo/Login Page/Internal User/Login Button' is clicked on

2018-12-20 13:12:14 - [TEST_STEP][PASSED] - delay: Delayed 1 second(s)

2018-12-20 13:12:15 - [MESSAGE][PASSED] - Delayed 1 second(s)

2018-12-20 13:12:15 - [TEST_STEP][PASSED] - navigateToUrl: Navigate to 'https://assist2-uat.perkeso.gov.my/web/base/portal-id/registration' successfully

2018-12-20 13:12:17 - [MESSAGE][PASSED] - Navigate to 'https://assist2-uat.perkeso.gov.my/web/base/portal-id/registration' successfully

2018-12-20 13:12:17 - [TEST_STEP][PASSED] - setText: Text 'AUTOMATION EMPLOYER' is set on object 'Object Repository/Final Object Repo/Creating Employer Account/Page_Registration - ASSIST (Base)/Employer Name'

2018-12-20 13:12:18 - [MESSAGE][PASSED] - Text 'AUTOMATION EMPLOYER' is set on object 'Object Repository/Final Object Repo/Creating Employer Account/Page_Registration - ASSIST (Base)/Employer Name'

2018-12-20 13:12:18 - [TEST_STEP][PASSED] - delay: Delayed 2 second(s)

2018-12-20 13:12:20 - [MESSAGE][PASSED] - Delayed 2 second(s)

2018-12-20 13:12:20 - [TEST_STEP][PASSED] - click: Object: 'Object Repository/Final Object Repo/Creating Employer Account/Page_Registration - ASSIST (Base)/Registration Type' is clicked on

2018-12-20 13:12:20 - [MESSAGE][PASSED] - Object: 'Object Repository/Final Object Repo/Creating Employer Account/Page_Registration - ASSIST (Base)/Registration Type' is clicked on

2018-12-20 13:12:20 - [TEST_STEP][PASSED] - delay: Delayed 2 second(s)

2018-12-20 13:12:22 - [MESSAGE][PASSED] - Delayed 2 second(s)

2018-12-20 13:12:22 - [TEST_STEP][PASSED] - click: Object: 'Object Repository/Final Object Repo/Creating Employer Account/Page_Registration - ASSIST (Base)/Registration Type - Registration No' is clicked on

2018-12-20 13:12:22 - [MESSAGE][PASSED] - Object: 'Object Repository/Final Object Repo/Creating Employer Account/Page_Registration - ASSIST (Base)/Registration Type - Registration No' is clicked on

2018-12-20 13:12:22 - [TEST_STEP][PASSED] - delay: Delayed 2 second(s)

2018-12-20 13:12:24 - [MESSAGE][PASSED] - Delayed 2 second(s)

2018-12-20 13:12:24 - [TEST_STEP][PASSED] - setText: Text 'AUTOMATE001' is set on object 'Object Repository/Final Object Repo/Creating Employer Account/Page_Registration - ASSIST (Base)/Registration Number'

2018-12-20 13:12:25 - [MESSAGE][PASSED] - Text 'AUTOMATE001' is set on object 'Object Repository/Final Object Repo/Creating Employer Account/Page_Registration - ASSIST (Base)/Registration Number'

2018-12-20 13:12:25 - [TEST_STEP][PASSED] - delay: Delayed 2 second(s)

2018-12-20 13:12:27 - [MESSAGE][PASSED] - Delayed 2 second(s)

2018-12-20 13:12:27 - [TEST_STEP][PASSED] - setText: Text 'ADDRESS 1' is set on object 'Object Repository/Final Object Repo/Creating Employer Account/Page_Registration - ASSIST (Base)/Postal Address 1'

2018-12-20 13:12:27 - [MESSAGE][PASSED] - Text 'ADDRESS 1' is set on object 'Object Repository/Final Object Repo/Creating Employer Account/Page_Registration - ASSIST (Base)/Postal Address 1'

2018-12-20 13:12:27 - [TEST_STEP][PASSED] - setText: Text 'ADDRESS 2' is set on object 'Object Repository/Final Object Repo/Creating Employer Account/Page_Registration - ASSIST (Base)/Postal Address 2'

2018-12-20 13:12:27 - [MESSAGE][PASSED] - Text 'ADDRESS 2' is set on object 'Object Repository/Final Object Repo/Creating Employer Account/Page_Registration - ASSIST (Base)/Postal Address 2'

2018-12-20 13:12:27 - [TEST_STEP][PASSED] - click: Object: 'Object Repository/Final Object Repo/Creating Employer Account/Page_Registration - ASSIST (Base)/State' is clicked on

2018-12-20 13:12:28 - [MESSAGE][PASSED] - Object: 'Object Repository/Final Object Repo/Creating Employer Account/Page_Registration - ASSIST (Base)/State' is clicked on

2018-12-20 13:12:28 - [TEST_STEP][PASSED] - delay: Delayed 2 second(s)

2018-12-20 13:12:30 - [MESSAGE][PASSED] - Delayed 2 second(s)

2018-12-20 13:12:30 - [TEST_STEP][PASSED] - click: Object: 'Object Repository/Final Object Repo/Creating Employer Account/Page_Registration - ASSIST (Base)/State - Johor' is clicked on

2018-12-20 13:12:30 - [MESSAGE][PASSED] - Object: 'Object Repository/Final Object Repo/Creating Employer Account/Page_Registration - ASSIST (Base)/State - Johor' is clicked on

2018-12-20 13:12:30 - [TEST_STEP][PASSED] - delay: Delayed 2 second(s)

2018-12-20 13:12:32 - [MESSAGE][PASSED] - Delayed 2 second(s)

2018-12-20 13:12:32 - [TEST_STEP][PASSED] - click: Object: 'Object Repository/Final Object Repo/Creating Employer Account/Page_Registration - ASSIST (Base)/City' is clicked on

2018-12-20 13:12:32 - [MESSAGE][PASSED] - Object: 'Object Repository/Final Object Repo/Creating Employer Account/Page_Registration - ASSIST (Base)/City' is clicked on

2018-12-20 13:12:32 - [TEST_STEP][PASSED] - delay: Delayed 2 second(s)

2018-12-20 13:12:34 - [MESSAGE][PASSED] - Delayed 2 second(s)

2018-12-20 13:12:34 - [TEST_STEP][PASSED] - setText: Text 'joh' is set on object 'Object Repository/Final Object Repo/Creating Employer Account/Page_Registration - ASSIST (Base)/City - joh'

2018-12-20 13:12:34 - [MESSAGE][PASSED] - Text 'joh' is set on object 'Object Repository/Final Object Repo/Creating Employer Account/Page_Registration - ASSIST (Base)/City - joh'

2018-12-20 13:12:34 - [TEST_STEP][PASSED] - delay: Delayed 2 second(s)

2018-12-20 13:12:36 - [MESSAGE][PASSED] - Delayed 2 second(s)

2018-12-20 13:12:36 - [TEST_STEP][PASSED] - click: Object: 'Object Repository/Final Object Repo/Creating Employer Account/Page_Registration - ASSIST (Base)/City - Johor Bharu' is clicked on

2018-12-20 13:12:36 - [MESSAGE][PASSED] - Object: 'Object Repository/Final Object Repo/Creating Employer Account/Page_Registration - ASSIST (Base)/City - Johor Bharu' is clicked on

2018-12-20 13:12:36 - [TEST_STEP][PASSED] - delay: Delayed 2 second(s)

2018-12-20 13:12:38 - [MESSAGE][PASSED] - Delayed 2 second(s)

2018-12-20 13:12:38 - [TEST_STEP][PASSED] - click: Object: 'Object Repository/Final Object Repo/Creating Employer Account/Page_Registration - ASSIST (Base)/Post Code' is clicked on

2018-12-20 13:12:39 - [MESSAGE][PASSED] - Object: 'Object Repository/Final Object Repo/Creating Employer Account/Page_Registration - ASSIST (Base)/Post Code' is clicked on

2018-12-20 13:12:39 - [TEST_STEP][PASSED] - delay: Delayed 2 second(s)

2018-12-20 13:12:41 - [MESSAGE][PASSED] - Delayed 2 second(s)

2018-12-20 13:12:41 - [TEST_STEP][PASSED] - setText: Text '810' is set on object 'Object Repository/Final Object Repo/Creating Employer Account/Page_Registration - ASSIST (Base)/Post Code - 810'

2018-12-20 13:12:41 - [MESSAGE][PASSED] - Text '810' is set on object 'Object Repository/Final Object Repo/Creating Employer Account/Page_Registration - ASSIST (Base)/Post Code - 810'

2018-12-20 13:12:41 - [TEST_STEP][PASSED] - delay: Delayed 2 second(s)

2018-12-20 13:12:43 - [MESSAGE][PASSED] - Delayed 2 second(s)

2018-12-20 13:12:43 - [TEST_STEP][PASSED] - click: Object: 'Object Repository/Final Object Repo/Creating Employer Account/Page_Registration - ASSIST (Base)/Post Code - 81000' is clicked on

2018-12-20 13:12:43 - [MESSAGE][PASSED] - Object: 'Object Repository/Final Object Repo/Creating Employer Account/Page_Registration - ASSIST (Base)/Post Code - 81000' is clicked on

2018-12-20 13:12:43 - [TEST_STEP][PASSED] - delay: Delayed 2 second(s)

2018-12-20 13:12:45 - [MESSAGE][PASSED] - Delayed 2 second(s)

2018-12-20 13:12:45 - [TEST_STEP][PASSED] - setText: Text 'PERKESO' is set on object 'Object Repository/Final Object Repo/Creating Employer Account/Page_Registration - ASSIST (Base)/Full Name'

2018-12-20 13:12:45 - [MESSAGE][PASSED] - Text 'PERKESO' is set on object 'Object Repository/Final Object Repo/Creating Employer Account/Page_Registration - ASSIST (Base)/Full Name'

2018-12-20 13:12:45 - [TEST_STEP][PASSED] - Statement - rnd = new java.util.Random(): null

2018-12-20 13:12:45 - [TEST_STEP][PASSED] - Statement - snum = rnd.nextInt(899999 + 1) + 100000: null

2018-12-20 13:12:45 - [TEST_STEP][PASSED] - Statement - tnum = rnd.nextInt(899999 + 1) + 100000: null

2018-12-20 13:12:45 - [TEST_STEP][PASSED] - Statement - IC = java.lang.Integer.toString(snum) + java.lang.Integer.toString(tnum): null

2018-12-20 13:12:45 - [TEST_STEP][PASSED] - Statement - out.println(IC): null

2018-12-20 13:12:45 - [TEST_STEP][PASSED] - setText: Text '995418216765' is set on object 'Object Repository/Final Object Repo/Creating Employer Account/Page_Registration - ASSIST (Base)/Identification Number'

2018-12-20 13:12:46 - [MESSAGE][PASSED] - Text '995418216765' is set on object 'Object Repository/Final Object Repo/Creating Employer Account/Page_Registration - ASSIST (Base)/Identification Number'

2018-12-20 13:12:46 - [TEST_STEP][PASSED] - delay: Delayed 2 second(s)

2018-12-20 13:12:48 - [MESSAGE][PASSED] - Delayed 2 second(s)

2018-12-20 13:12:48 - [TEST_STEP][PASSED] - setText: Text '123456789012' is set on object 'Object Repository/Final Object Repo/Creating Employer Account/Page_Registration - ASSIST (Base)/Contact Number'

2018-12-20 13:12:48 - [MESSAGE][PASSED] - Text '123456789012' is set on object 'Object Repository/Final Object Repo/Creating Employer Account/Page_Registration - ASSIST (Base)/Contact Number'

2018-12-20 13:12:48 - [TEST_STEP][PASSED] - Statement - Email = "perkeso" + IC + "@gmail.com": null

2018-12-20 13:12:48 - [TEST_STEP][PASSED] - delay: Delayed 2 second(s)

2018-12-20 13:12:50 - [MESSAGE][PASSED] - Delayed 2 second(s)

2018-12-20 13:12:50 - [TEST_STEP][PASSED] - callTestCase: Call Test Case 'Test Cases/Final Aug 2018 - PKS Automation/Create Employer Acc/Template/Employer Email Settler' successfully

2018-12-20 13:12:50 - [TEST_CASE][PASSED] - Test Cases/Final Aug 2018 - PKS Automation/Create Employer Acc/Template/Employer Email Settler: Test Cases/Final Aug 2018 - PKS Automation/Create Employer Acc/Template/Employer Email Settler

2018-12-20 13:12:50 - [TEST_STEP][PASSED] - Statement - EmpEmailOld = new java.io.File(C://Users//Admin//Desktop//PKS//Automation Reference Point//EmpEmail.txt): null

2018-12-20 13:12:50 - [TEST_STEP][PASSED] - Statement - EmpEmailOld.delete(): null

2018-12-20 13:12:50 - [TEST_STEP][PASSED] - delay: Delayed 5 second(s)

2018-12-20 13:12:55 - [MESSAGE][PASSED] - Delayed 5 second(s)

2018-12-20 13:12:55 - [TEST_STEP][PASSED] - Statement - EmpEmail = new java.io.File(C://Users//Admin//Desktop//PKS//Automation Reference Point//EmpEmail.txt): null

2018-12-20 13:12:55 - [TEST_STEP][PASSED] - Statement - f2 = new java.io.FileWriter(EmpEmail, false): null

2018-12-20 13:12:55 - [TEST_STEP][PASSED] - Statement - f2.write(Email): null

2018-12-20 13:12:55 - [TEST_STEP][PASSED] - Statement - f2.close(): null

2018-12-20 13:12:55 - [TEST_STEP][PASSED] - Statement - out.println(Email): null

2018-12-20 13:12:55 - [MESSAGE][PASSED] - Call Test Case 'Test Cases/Final Aug 2018 - PKS Automation/Create Employer Acc/Template/Employer Email Settler' successfully

2018-12-20 13:12:55 - [TEST_STEP][PASSED] - delay: Delayed 2 second(s)

2018-12-20 13:12:57 - [MESSAGE][PASSED] - Delayed 2 second(s)

2018-12-20 13:12:57 - [TEST_STEP][PASSED] - setText: Text 'perkeso995418216765@gmail.com' is set on object 'Object Repository/Final Object Repo/Creating Employer Account/Page_Registration - ASSIST (Base)/Email'

2018-12-20 13:12:58 - [MESSAGE][PASSED] - Text 'perkeso995418216765@gmail.com' is set on object 'Object Repository/Final Object Repo/Creating Employer Account/Page_Registration - ASSIST (Base)/Email'

2018-12-20 13:12:58 - [TEST_STEP][PASSED] - setText: Text '123' is set on object 'Object Repository/Final Object Repo/Creating Employer Account/Page_Registration - ASSIST (Base)/Security Phase'

2018-12-20 13:12:58 - [MESSAGE][PASSED] - Text '123' is set on object 'Object Repository/Final Object Repo/Creating Employer Account/Page_Registration - ASSIST (Base)/Security Phase'

2018-12-20 13:12:58 - [TEST_STEP][PASSED] - click: Object: 'Object Repository/Final Object Repo/Creating Employer Account/Page_Registration - ASSIST (Base)/Save  Continue' is clicked on

2018-12-20 13:12:58 - [MESSAGE][PASSED] - Object: 'Object Repository/Final Object Repo/Creating Employer Account/Page_Registration - ASSIST (Base)/Save  Continue' is clicked on

2018-12-20 13:12:58 - [TEST_STEP][PASSED] - delay: Delayed 2 second(s)

2018-12-20 13:13:00 - [MESSAGE][PASSED] - Delayed 2 second(s)

2018-12-20 13:13:00 - [TEST_STEP][PASSED] - click: Object: 'Object Repository/Final Object Repo/Creating Employer Account/Page_Registration - ASSIST (Base)/Add Document' is clicked on

2018-12-20 13:13:00 - [MESSAGE][PASSED] - Object: 'Object Repository/Final Object Repo/Creating Employer Account/Page_Registration - ASSIST (Base)/Add Document' is clicked on

2018-12-20 13:13:00 - [TEST_STEP][PASSED] - delay: Delayed 2 second(s)

2018-12-20 13:13:02 - [MESSAGE][PASSED] - Delayed 2 second(s)

2018-12-20 13:13:02 - [TEST_STEP][PASSED] - click: Object: 'Object Repository/Final Object Repo/Creating Employer Account/Page_Registration - ASSIST (Base)/Document Type' is clicked on

2018-12-20 13:13:03 - [MESSAGE][PASSED] - Object: 'Object Repository/Final Object Repo/Creating Employer Account/Page_Registration - ASSIST (Base)/Document Type' is clicked on

2018-12-20 13:13:03 - [TEST_STEP][PASSED] - delay: Delayed 2 second(s)

2018-12-20 13:13:05 - [MESSAGE][PASSED] - Delayed 2 second(s)

2018-12-20 13:13:05 - [TEST_STEP][PASSED] - click: Object: 'Object Repository/Final Object Repo/Creating Employer Account/Page_Registration - ASSIST (Base)/Document Type - Letter of Authorization' is clicked on

2018-12-20 13:13:05 - [MESSAGE][PASSED] - Object: 'Object Repository/Final Object Repo/Creating Employer Account/Page_Registration - ASSIST (Base)/Document Type - Letter of Authorization' is clicked on

2018-12-20 13:13:05 - [TEST_STEP][PASSED] - delay: Delayed 2 second(s)

2018-12-20 13:13:07 - [MESSAGE][PASSED] - Delayed 2 second(s)

2018-12-20 13:13:07 - [TEST_STEP][PASSED] - sendKeys: Keys 'C:\Users\Public\Pictures\Sample Pictures\Koala.jpg' sent to object: 'Object Repository/Final Object Repo/Creating Employer Account/Page_Registration - ASSIST (Base)/Uploading File'

2018-12-20 13:13:07 - [MESSAGE][PASSED] - Keys 'C:\Users\Public\Pictures\Sample Pictures\Koala.jpg' sent to object: 'Object Repository/Final Object Repo/Creating Employer Account/Page_Registration - ASSIST (Base)/Uploading File'

2018-12-20 13:13:07 - [TEST_STEP][PASSED] - delay: Delayed 2 second(s)

2018-12-20 13:13:09 - [MESSAGE][PASSED] - Delayed 2 second(s)

2018-12-20 13:13:09 - [TEST_STEP][PASSED] - click: Object: 'Object Repository/Final Object Repo/Creating Employer Account/Page_Registration - ASSIST (Base)/Add Document in Uploading File' is clicked on

2018-12-20 13:13:09 - [MESSAGE][PASSED] - Object: 'Object Repository/Final Object Repo/Creating Employer Account/Page_Registration - ASSIST (Base)/Add Document in Uploading File' is clicked on

2018-12-20 13:13:09 - [TEST_STEP][PASSED] - delay: Delayed 2 second(s)

2018-12-20 13:13:11 - [MESSAGE][PASSED] - Delayed 2 second(s)

2018-12-20 13:13:11 - [TEST_STEP][PASSED] - click: Object: 'Object Repository/Final Object Repo/Creating Employer Account/Page_Registration - ASSIST (Base)/Save' is clicked on

2018-12-20 13:13:11 - [MESSAGE][PASSED] - Object: 'Object Repository/Final Object Repo/Creating Employer Account/Page_Registration - ASSIST (Base)/Save' is clicked on

2018-12-20 13:13:11 - [TEST_STEP][PASSED] - delay: Delayed 2 second(s)

2018-12-20 13:13:13 - [MESSAGE][PASSED] - Delayed 2 second(s)

2018-12-20 13:13:13 - [TEST_STEP][PASSED] - click: Object: 'Object Repository/Final Object Repo/Creating Employer Account/Page_Registration - ASSIST (Base)/Submit' is clicked on

2018-12-20 13:13:14 - [MESSAGE][PASSED] - Object: 'Object Repository/Final Object Repo/Creating Employer Account/Page_Registration - ASSIST (Base)/Submit' is clicked on

2018-12-20 13:13:14 - [TEST_STEP][PASSED] - delay: Delayed 2 second(s)

2018-12-20 13:13:16 - [MESSAGE][PASSED] - Delayed 2 second(s)

2018-12-20 13:13:16 - [TEST_STEP][PASSED] - click: Object: 'Object Repository/Final Object Repo/Creating Employer Account/Page_Registration - ASSIST (Base)/Confirm' is clicked on

2018-12-20 13:13:16 - [MESSAGE][PASSED] - Object: 'Object Repository/Final Object Repo/Creating Employer Account/Page_Registration - ASSIST (Base)/Confirm' is clicked on

2018-12-20 13:13:16 - [MESSAGE][PASSED] - Call Test Case 'Test Cases/Final Aug 2018 - PKS Automation/Create Employer Acc/Template/Register Employer' successfully

2018-12-20 13:13:16 - [TEST_STEP][PASSED] - delay: Delayed 1 second(s)

2018-12-20 13:13:17 - [MESSAGE][PASSED] - Delayed 1 second(s)

2018-12-20 13:13:17 - [TEST_STEP][PASSED] - navigateToUrl: Navigate to 'https://assist2-uat.perkeso.gov.my/c/portal/logout' successfully

2018-12-20 13:13:18 - [MESSAGE][PASSED] - Navigate to 'https://assist2-uat.perkeso.gov.my/c/portal/logout' successfully

2018-12-20 13:13:18 - [TEST_STEP][PASSED] - delay: Delayed 1 second(s)

2018-12-20 13:13:19 - [MESSAGE][PASSED] - Delayed 1 second(s)

2018-12-20 13:13:19 - [TEST_STEP][PASSED] - callTestCase: Call Test Case 'Test Cases/Final Aug 2018 - PKS Automation/Create Employer Acc/Template/Change Password of Employer' successfully

2018-12-20 13:13:19 - [TEST_CASE][PASSED] - Test Cases/Final Aug 2018 - PKS Automation/Create Employer Acc/Template/Change Password of Employer: Test Cases/Final Aug 2018 - PKS Automation/Create Employer Acc/Template/Change Password of Employer

2018-12-20 13:13:19 - [TEST_STEP][PASSED] - openBrowser: Browser is opened with url: ''

2018-12-20 13:13:19 - [MESSAGE][WARNING] - A browser is already opened. Closing browser and opening a new one

2018-12-20 13:13:22 - [MESSAGE][PASSED] - Browser is opened with url: ''

2018-12-20 13:13:22 - [TEST_STEP][PASSED] - navigateToUrl: Navigate to 'https://assist2-uat.perkeso.gov.my/login' successfully

2018-12-20 13:13:23 - [MESSAGE][PASSED] - Navigate to 'https://assist2-uat.perkeso.gov.my/login' successfully

2018-12-20 13:13:23 - [TEST_STEP][PASSED] - delay: Delayed 5 second(s)

2018-12-20 13:13:28 - [MESSAGE][PASSED] - Delayed 5 second(s)

2018-12-20 13:13:28 - [TEST_STEP][PASSED] - setText: Text 'test@liferay.com' is set on object 'Object Repository/Final Object Repo/Login Page/Internal User/Email Address'

2018-12-20 13:13:29 - [MESSAGE][PASSED] - Text 'test@liferay.com' is set on object 'Object Repository/Final Object Repo/Login Page/Internal User/Email Address'

2018-12-20 13:13:29 - [TEST_STEP][PASSED] - click: Object: 'Object Repository/Final Object Repo/Login Page/Internal User/Next Button' is clicked on

2018-12-20 13:13:29 - [MESSAGE][PASSED] - Object: 'Object Repository/Final Object Repo/Login Page/Internal User/Next Button' is clicked on

2018-12-20 13:13:29 - [TEST_STEP][PASSED] - delay: Delayed 2 second(s)

2018-12-20 13:13:31 - [MESSAGE][PASSED] - Delayed 2 second(s)

2018-12-20 13:13:31 - [TEST_STEP][PASSED] - setText: Text 'test' is set on object 'Object Repository/Final Object Repo/Login Page/Internal User/Password'

2018-12-20 13:13:31 - [MESSAGE][PASSED] - Text 'test' is set on object 'Object Repository/Final Object Repo/Login Page/Internal User/Password'

2018-12-20 13:13:31 - [TEST_STEP][PASSED] - delay: Delayed 2 second(s)

2018-12-20 13:13:33 - [MESSAGE][PASSED] - Delayed 2 second(s)

2018-12-20 13:13:33 - [TEST_STEP][PASSED] - click: Object: 'Object Repository/Final Object Repo/Login Page/Internal User/Login Button' is clicked on

2018-12-20 13:13:33 - [MESSAGE][PASSED] - Object: 'Object Repository/Final Object Repo/Login Page/Internal User/Login Button' is clicked on

2018-12-20 13:13:33 - [TEST_STEP][PASSED] - delay: Delayed 3 second(s)

2018-12-20 13:13:36 - [MESSAGE][PASSED] - Delayed 3 second(s)

2018-12-20 13:13:36 - [TEST_STEP][PASSED] - navigateToUrl: Navigate to 'https://assist2-uat.perkeso.gov.my/group/control_panel/manage?p_p_id=125&p_p_lifecycle=0&p_p_state=maximized&p_p_mode=view&refererPlid=20455&_125_usersListView=flat-users&_125_toolbarItem=view-all-users&_125_saveUsersListView=true&_125_struts_action=%2Fusers_admin%2Fview' successfully

2018-12-20 13:13:38 - [MESSAGE][PASSED] - Navigate to 'https://assist2-uat.perkeso.gov.my/group/control_panel/manage?p_p_id=125&p_p_lifecycle=0&p_p_state=maximized&p_p_mode=view&refererPlid=20455&_125_usersListView=flat-users&_125_toolbarItem=view-all-users&_125_saveUsersListView=true&_125_struts_action=%2Fusers_admin%2Fview' successfully

2018-12-20 13:13:38 - [TEST_STEP][PASSED] - delay: Delayed 3 second(s)

2018-12-20 13:13:41 - [MESSAGE][PASSED] - Delayed 3 second(s)

2018-12-20 13:13:41 - [TEST_STEP][PASSED] - setText: Text 'perkeso995418216765@gmail.com' is set on object 'Object Repository/Final Object Repo/Creating Employer Account/Page_Users and Organizations - ASSIST/Employer name'

2018-12-20 13:13:41 - [MESSAGE][PASSED] - Text 'perkeso995418216765@gmail.com' is set on object 'Object Repository/Final Object Repo/Creating Employer Account/Page_Users and Organizations - ASSIST/Employer name'

2018-12-20 13:13:41 - [TEST_STEP][PASSED] - delay: Delayed 3 second(s)

2018-12-20 13:13:44 - [MESSAGE][PASSED] - Delayed 3 second(s)

2018-12-20 13:13:44 - [TEST_STEP][PASSED] - click: Object: 'Object Repository/Final Object Repo/Creating Employer Account/Page_Users and Organizations - ASSIST/Search' is clicked on

2018-12-20 13:13:45 - [MESSAGE][PASSED] - Object: 'Object Repository/Final Object Repo/Creating Employer Account/Page_Users and Organizations - ASSIST/Search' is clicked on

2018-12-20 13:13:45 - [TEST_STEP][PASSED] - delay: Delayed 3 second(s)

2018-12-20 13:13:48 - [MESSAGE][PASSED] - Delayed 3 second(s)

2018-12-20 13:13:48 - [TEST_STEP][PASSED] - click: Object: 'Object Repository/Final Object Repo/Creating Employer Account/Page_Users and Organizations - ASSIST/Action' is clicked on

2018-12-20 13:13:48 - [MESSAGE][PASSED] - Object: 'Object Repository/Final Object Repo/Creating Employer Account/Page_Users and Organizations - ASSIST/Action' is clicked on

2018-12-20 13:13:48 - [TEST_STEP][PASSED] - delay: Delayed 3 second(s)

2018-12-20 13:13:51 - [MESSAGE][PASSED] - Delayed 3 second(s)

2018-12-20 13:13:51 - [TEST_STEP][PASSED] - click: Object: 'Object Repository/Final Object Repo/Creating Employer Account/Page_Users and Organizations - ASSIST/Edit' is clicked on

2018-12-20 13:13:52 - [MESSAGE][PASSED] - Object: 'Object Repository/Final Object Repo/Creating Employer Account/Page_Users and Organizations - ASSIST/Edit' is clicked on

2018-12-20 13:13:52 - [TEST_STEP][PASSED] - delay: Delayed 3 second(s)

2018-12-20 13:13:55 - [MESSAGE][PASSED] - Delayed 3 second(s)

2018-12-20 13:13:55 - [TEST_STEP][PASSED] - click: Object: 'Object Repository/Final Object Repo/Creating Employer Account/Page_PERKESO - Users and Organizati/a_Password (Modified)' is clicked on

2018-12-20 13:13:55 - [MESSAGE][PASSED] - Object: 'Object Repository/Final Object Repo/Creating Employer Account/Page_PERKESO - Users and Organizati/a_Password (Modified)' is clicked on

2018-12-20 13:13:55 - [TEST_STEP][PASSED] - delay: Delayed 3 second(s)

2018-12-20 13:13:58 - [MESSAGE][PASSED] - Delayed 3 second(s)

2018-12-20 13:13:58 - [TEST_STEP][PASSED] - setEncryptedText: Text ****** has been set on object 'Object Repository/Final Object Repo/Creating Employer Account/Page_PERKESO - Users and Organizati/input__125_password1'

2018-12-20 13:13:59 - [MESSAGE][PASSED] - Text ****** has been set on object 'Object Repository/Final Object Repo/Creating Employer Account/Page_PERKESO - Users and Organizati/input__125_password1'

2018-12-20 13:13:59 - [TEST_STEP][PASSED] - delay: Delayed 3 second(s)

2018-12-20 13:14:02 - [MESSAGE][PASSED] - Delayed 3 second(s)

2018-12-20 13:14:02 - [TEST_STEP][PASSED] - setEncryptedText: Text ****** has been set on object 'Object Repository/Final Object Repo/Creating Employer Account/Page_PERKESO - Users and Organizati/input__125_password2'

2018-12-20 13:14:02 - [MESSAGE][PASSED] - Text ****** has been set on object 'Object Repository/Final Object Repo/Creating Employer Account/Page_PERKESO - Users and Organizati/input__125_password2'

2018-12-20 13:14:02 - [TEST_STEP][PASSED] - delay: Delayed 3 second(s)

2018-12-20 13:14:05 - [MESSAGE][PASSED] - Delayed 3 second(s)

2018-12-20 13:14:05 - [TEST_STEP][PASSED] - click: Object: 'Object Repository/Final Object Repo/Creating Employer Account/Page_PERKESO - Users and Organizati/Save' is clicked on

2018-12-20 13:14:07 - [MESSAGE][PASSED] - Object: 'Object Repository/Final Object Repo/Creating Employer Account/Page_PERKESO - Users and Organizati/Save' is clicked on

2018-12-20 13:14:07 - [MESSAGE][PASSED] - Call Test Case 'Test Cases/Final Aug 2018 - PKS Automation/Create Employer Acc/Template/Change Password of Employer' successfully

2018-12-20 13:14:07 - [TEST_STEP][PASSED] - delay: Delayed 1 second(s)

2018-12-20 13:14:08 - [MESSAGE][PASSED] - Delayed 1 second(s)

2018-12-20 13:14:08 - [TEST_STEP][PASSED] - navigateToUrl: Navigate to 'https://assist2-uat.perkeso.gov.my/c/portal/logout' successfully

2018-12-20 13:14:09 - [MESSAGE][PASSED] - Navigate to 'https://assist2-uat.perkeso.gov.my/c/portal/logout' successfully

2018-12-20 13:14:09 - [TEST_STEP][PASSED] - delay: Delayed 1 second(s)

2018-12-20 13:14:10 - [MESSAGE][PASSED] - Delayed 1 second(s)

2018-12-20 13:14:10 - [TEST_STEP][PASSED] - callTestCase: Call Test Case 'Test Cases/Final Aug 2018 - PKS Automation/Create Employer Acc/Template/Login to Employer Account (First Time)' successfully

2018-12-20 13:14:10 - [TEST_CASE][PASSED] - Test Cases/Final Aug 2018 - PKS Automation/Create Employer Acc/Template/Login to Employer Account (First Time): Test Cases/Final Aug 2018 - PKS Automation/Create Employer Acc/Template/Login to Employer Account (First Time)

2018-12-20 13:14:10 - [TEST_STEP][PASSED] - openBrowser: Browser is opened with url: ''

2018-12-20 13:14:10 - [MESSAGE][WARNING] - A browser is already opened. Closing browser and opening a new one

2018-12-20 13:14:13 - [MESSAGE][PASSED] - Browser is opened with url: ''

2018-12-20 13:14:13 - [TEST_STEP][PASSED] - navigateToUrl: Navigate to 'https://assist2-uat.perkeso.gov.my/employer/login' successfully

2018-12-20 13:14:14 - [MESSAGE][PASSED] - Navigate to 'https://assist2-uat.perkeso.gov.my/employer/login' successfully

2018-12-20 13:14:14 - [TEST_STEP][PASSED] - delay: Delayed 3 second(s)

2018-12-20 13:14:17 - [MESSAGE][PASSED] - Delayed 3 second(s)

2018-12-20 13:14:17 - [TEST_STEP][PASSED] - callTestCase: Call Test Case 'Test Cases/Final Aug 2018 - PKS Automation/Create Employer Acc/Template/Employer Email Getter' successfully

2018-12-20 13:14:17 - [TEST_CASE][PASSED] - Test Cases/Final Aug 2018 - PKS Automation/Create Employer Acc/Template/Employer Email Getter: Test Cases/Final Aug 2018 - PKS Automation/Create Employer Acc/Template/Employer Email Getter

2018-12-20 13:14:17 - [TEST_STEP][PASSED] - Statement - Try: null

2018-12-20 13:14:17 - [TEST_STEP][PASSED] - Statement - EmpEmail = new java.io.File(C://Users//Admin//Desktop//PKS//Automation Reference Point//EmpEmail.txt): null

2018-12-20 13:14:17 - [TEST_STEP][PASSED] - Statement - bufferread = new java.io.BufferedReader(new java.io.FileReader(EmpEmail)): null

2018-12-20 13:14:17 - [TEST_STEP][PASSED] - Statement - readedVal = bufferread.readLine(): null

2018-12-20 13:14:17 - [TEST_STEP][PASSED] - Statement - out.println(readedVal): null

2018-12-20 13:14:17 - [TEST_STEP][PASSED] - Statement - Email = readedVal: null

2018-12-20 13:14:17 - [MESSAGE][PASSED] - Call Test Case 'Test Cases/Final Aug 2018 - PKS Automation/Create Employer Acc/Template/Employer Email Getter' successfully

2018-12-20 13:14:17 - [TEST_STEP][PASSED] - setText: Text 'perkeso995418216765@gmail.com' is set on object 'Object Repository/Final Object Repo/Login Page/External Login Page/Email'

2018-12-20 13:14:17 - [MESSAGE][PASSED] - Text 'perkeso995418216765@gmail.com' is set on object 'Object Repository/Final Object Repo/Login Page/External Login Page/Email'

2018-12-20 13:14:17 - [TEST_STEP][PASSED] - click: Object: 'Object Repository/Final Object Repo/Login Page/External Login Page/Next' is clicked on

2018-12-20 13:14:18 - [MESSAGE][PASSED] - Object: 'Object Repository/Final Object Repo/Login Page/External Login Page/Next' is clicked on

2018-12-20 13:14:18 - [TEST_STEP][PASSED] - delay: Delayed 3 second(s)

2018-12-20 13:14:21 - [MESSAGE][PASSED] - Delayed 3 second(s)

2018-12-20 13:14:21 - [TEST_STEP][PASSED] - setEncryptedText: Text ****** has been set on object 'Object Repository/Final Object Repo/Login Page/External Login Page/Password'

2018-12-20 13:14:21 - [MESSAGE][PASSED] - Text ****** has been set on object 'Object Repository/Final Object Repo/Login Page/External Login Page/Password'

2018-12-20 13:14:21 - [TEST_STEP][PASSED] - click: Object: 'Object Repository/Final Object Repo/Login Page/External Login Page/Login' is clicked on

2018-12-20 13:14:21 - [MESSAGE][PASSED] - Object: 'Object Repository/Final Object Repo/Login Page/External Login Page/Login' is clicked on

2018-12-20 13:14:21 - [TEST_STEP][PASSED] - delay: Delayed 3 second(s)

2018-12-20 13:14:24 - [MESSAGE][PASSED] - Delayed 3 second(s)

2018-12-20 13:14:24 - [TEST_STEP][PASSED] - click: Object: 'Object Repository/Final Object Repo/Creating Employer Account/Page_Terms of Use - ASSIST/button_I Agree' is clicked on

2018-12-20 13:14:24 - [MESSAGE][PASSED] - Object: 'Object Repository/Final Object Repo/Creating Employer Account/Page_Terms of Use - ASSIST/button_I Agree' is clicked on

2018-12-20 13:14:24 - [TEST_STEP][PASSED] - delay: Delayed 2 second(s)

2018-12-20 13:14:26 - [MESSAGE][PASSED] - Delayed 2 second(s)

2018-12-20 13:14:26 - [TEST_STEP][PASSED] - setEncryptedText: Text ****** has been set on object 'Object Repository/Final Object Repo/Creating Employer Account/Page_New Password - ASSIST/input_password1'

2018-12-20 13:14:26 - [MESSAGE][PASSED] - Text ****** has been set on object 'Object Repository/Final Object Repo/Creating Employer Account/Page_New Password - ASSIST/input_password1'

2018-12-20 13:14:26 - [TEST_STEP][PASSED] - setEncryptedText: Text ****** has been set on object 'Object Repository/Final Object Repo/Creating Employer Account/Page_New Password - ASSIST/input_password2'

2018-12-20 13:14:27 - [MESSAGE][PASSED] - Text ****** has been set on object 'Object Repository/Final Object Repo/Creating Employer Account/Page_New Password - ASSIST/input_password2'

2018-12-20 13:14:27 - [TEST_STEP][PASSED] - delay: Delayed 2 second(s)

2018-12-20 13:14:29 - [MESSAGE][PASSED] - Delayed 2 second(s)

2018-12-20 13:14:29 - [TEST_STEP][PASSED] - click: Object: 'Object Repository/Final Object Repo/Creating Employer Account/Page_New Password - ASSIST/Save' is clicked on

2018-12-20 13:14:29 - [MESSAGE][PASSED] - Object: 'Object Repository/Final Object Repo/Creating Employer Account/Page_New Password - ASSIST/Save' is clicked on

2018-12-20 13:14:29 - [TEST_STEP][PASSED] - delay: Delayed 2 second(s)

2018-12-20 13:14:31 - [MESSAGE][PASSED] - Delayed 2 second(s)

2018-12-20 13:14:31 - [TEST_STEP][PASSED] - setText: Text 'test' is set on object 'Object Repository/Final Object Repo/Creating Employer Account/Page_Password Reminder - ASSIST/Reminder Query Answer'

2018-12-20 13:14:31 - [MESSAGE][PASSED] - Text 'test' is set on object 'Object Repository/Final Object Repo/Creating Employer Account/Page_Password Reminder - ASSIST/Reminder Query Answer'

2018-12-20 13:14:31 - [TEST_STEP][PASSED] - delay: Delayed 2 second(s)

2018-12-20 13:14:33 - [MESSAGE][PASSED] - Delayed 2 second(s)

2018-12-20 13:14:33 - [TEST_STEP][PASSED] - doubleClick: Object: 'Object Repository/Final Object Repo/Creating Employer Account/Page_Password Reminder - ASSIST/Save' is double clicked on

2018-12-20 13:14:33 - [MESSAGE][PASSED] - Object: 'Object Repository/Final Object Repo/Creating Employer Account/Page_Password Reminder - ASSIST/Save' is double clicked on

2018-12-20 13:14:33 - [MESSAGE][PASSED] - Call Test Case 'Test Cases/Final Aug 2018 - PKS Automation/Create Employer Acc/Template/Login to Employer Account (First Time)' successfully

2018-12-20 13:14:33 - [MESSAGE][PASSED] - Call Test Case 'Test Cases/Final Aug 2018 - PKS Automation/Create Employer Acc/Create Employer Account' successfully

2018-12-20 13:14:33 - [TEST_STEP][PASSED] - callTestCase: Call Test Case 'Test Cases/Final Aug 2018 - PKS Automation/Registration Module/Log Out/log out avoiding katalon tagging' successfully

2018-12-20 13:14:33 - [TEST_CASE][PASSED] - Test Cases/Final Aug 2018 - PKS Automation/Registration Module/Log Out/log out avoiding katalon tagging: Test Cases/Final Aug 2018 - PKS Automation/Registration Module/Log Out/log out avoiding katalon tagging

2018-12-20 13:14:33 - [TEST_STEP][PASSED] - navigateToUrl: Navigate to 'https://assist2-uat.perkeso.gov.my/c/portal/logout' successfully

2018-12-20 13:14:36 - [MESSAGE][PASSED] - Navigate to 'https://assist2-uat.perkeso.gov.my/c/portal/logout' successfully

2018-12-20 13:14:36 - [MESSAGE][PASSED] - Call Test Case 'Test Cases/Final Aug 2018 - PKS Automation/Registration Module/Log Out/log out avoiding katalon tagging' successfully

2018-12-20 13:14:36 - [TEST_STEP][PASSED] - callTestCase: Call Test Case 'Test Cases/Final Aug 2018 - PKS Automation/Create Employer Acc/Login to Employer Account (Second time)' successfully

2018-12-20 13:14:36 - [TEST_CASE][PASSED] - Test Cases/Final Aug 2018 - PKS Automation/Create Employer Acc/Login to Employer Account (Second time): Test Cases/Final Aug 2018 - PKS Automation/Create Employer Acc/Login to Employer Account (Second time)

2018-12-20 13:14:36 - [TEST_STEP][PASSED] - openBrowser: Browser is opened with url: ''

2018-12-20 13:14:36 - [MESSAGE][WARNING] - A browser is already opened. Closing browser and opening a new one

2018-12-20 13:14:39 - [MESSAGE][PASSED] - Browser is opened with url: ''

2018-12-20 13:14:39 - [TEST_STEP][PASSED] - navigateToUrl: Navigate to 'https://assist2-uat.perkeso.gov.my/employer/login' successfully

2018-12-20 13:14:40 - [MESSAGE][PASSED] - Navigate to 'https://assist2-uat.perkeso.gov.my/employer/login' successfully

2018-12-20 13:14:40 - [TEST_STEP][PASSED] - delay: Delayed 3 second(s)

2018-12-20 13:14:43 - [MESSAGE][PASSED] - Delayed 3 second(s)

2018-12-20 13:14:43 - [TEST_STEP][PASSED] - callTestCase: Call Test Case 'Test Cases/Final Aug 2018 - PKS Automation/Create Employer Acc/Template/Employer Email Getter' successfully

2018-12-20 13:14:43 - [TEST_CASE][PASSED] - Test Cases/Final Aug 2018 - PKS Automation/Create Employer Acc/Template/Employer Email Getter: Test Cases/Final Aug 2018 - PKS Automation/Create Employer Acc/Template/Employer Email Getter

2018-12-20 13:14:43 - [TEST_STEP][PASSED] - Statement - Try: null

2018-12-20 13:14:43 - [TEST_STEP][PASSED] - Statement - EmpEmail = new java.io.File(C://Users//Admin//Desktop//PKS//Automation Reference Point//EmpEmail.txt): null

2018-12-20 13:14:43 - [TEST_STEP][PASSED] - Statement - bufferread = new java.io.BufferedReader(new java.io.FileReader(EmpEmail)): null

2018-12-20 13:14:43 - [TEST_STEP][PASSED] - Statement - readedVal = bufferread.readLine(): null

2018-12-20 13:14:43 - [TEST_STEP][PASSED] - Statement - out.println(readedVal): null

2018-12-20 13:14:43 - [TEST_STEP][PASSED] - Statement - Email = readedVal: null

2018-12-20 13:14:43 - [MESSAGE][PASSED] - Call Test Case 'Test Cases/Final Aug 2018 - PKS Automation/Create Employer Acc/Template/Employer Email Getter' successfully

2018-12-20 13:14:43 - [TEST_STEP][PASSED] - setText: Text 'perkeso995418216765@gmail.com' is set on object 'Object Repository/Final Object Repo/Login Page/External Login Page/Email'

2018-12-20 13:14:44 - [MESSAGE][PASSED] - Text 'perkeso995418216765@gmail.com' is set on object 'Object Repository/Final Object Repo/Login Page/External Login Page/Email'

2018-12-20 13:14:44 - [TEST_STEP][PASSED] - click: Object: 'Object Repository/Final Object Repo/Login Page/External Login Page/Next' is clicked on

2018-12-20 13:14:44 - [MESSAGE][PASSED] - Object: 'Object Repository/Final Object Repo/Login Page/External Login Page/Next' is clicked on

2018-12-20 13:14:44 - [TEST_STEP][PASSED] - delay: Delayed 3 second(s)

2018-12-20 13:14:47 - [MESSAGE][PASSED] - Delayed 3 second(s)

2018-12-20 13:14:47 - [TEST_STEP][PASSED] - setEncryptedText: Text ****** has been set on object 'Object Repository/Final Object Repo/Login Page/External Login Page/Password'

2018-12-20 13:14:47 - [MESSAGE][PASSED] - Text ****** has been set on object 'Object Repository/Final Object Repo/Login Page/External Login Page/Password'

2018-12-20 13:14:47 - [TEST_STEP][PASSED] - click: Object: 'Object Repository/Final Object Repo/Login Page/External Login Page/Login' is clicked on

2018-12-20 13:14:47 - [MESSAGE][PASSED] - Object: 'Object Repository/Final Object Repo/Login Page/External Login Page/Login' is clicked on

2018-12-20 13:14:47 - [TEST_STEP][PASSED] - delay: Delayed 5 second(s)

2018-12-20 13:14:52 - [MESSAGE][PASSED] - Delayed 5 second(s)

2018-12-20 13:14:52 - [MESSAGE][PASSED] - Call Test Case 'Test Cases/Final Aug 2018 - PKS Automation/Create Employer Acc/Login to Employer Account (Second time)' successfully

2018-12-20 13:14:52 - [TEST_STEP][PASSED] - delay: Delayed 4 second(s)

2018-12-20 13:14:56 - [MESSAGE][PASSED] - Delayed 4 second(s)

2018-12-20 13:14:56 - [TEST_STEP][PASSED] - Statement - Try: Delayed 2 second(s)

2018-12-20 13:14:56 - [TEST_STEP][PASSED] - Statement - Checker = false: null

2018-12-20 13:14:56 - [TEST_STEP][PASSED] - Statement - Checker = com.kms.katalon.core.webui.keyword.WebUiBuiltInKeywords.verifyElementHasAttribute(com.kms.katalon.core.testobject.ObjectRepository.findTestObject(Final Object Repo/Landing Page/BM Detecting), "href", 20, OPTIONAL): Object 'Object Repository/Final Object Repo/Landing Page/BM Detecting' has attribute 'href'

2018-12-20 13:14:57 - [MESSAGE][PASSED] - Object 'Object Repository/Final Object Repo/Landing Page/BM Detecting' has attribute 'href'

2018-12-20 13:14:57 - [TEST_STEP][PASSED] - Statement - out.println(Checker): null

2018-12-20 13:14:57 - [TEST_STEP][PASSED] - Statement - If (Checker == false): null

2018-12-20 13:14:57 - [TEST_STEP][PASSED] - Statement - Else: null

2018-12-20 13:14:57 - [TEST_STEP][PASSED] - delay: Delayed 2 second(s)

2018-12-20 13:14:59 - [MESSAGE][PASSED] - Delayed 2 second(s)

2018-12-20 13:14:59 - [TEST_STEP][PASSED] - delay: Delayed 4 second(s)

2018-12-20 13:15:03 - [MESSAGE][PASSED] - Delayed 4 second(s)

2018-12-20 13:15:03 - [TEST_STEP][PASSED] - click: Object: 'Object Repository/Final Object Repo/Landing Page/My Sites Drop Down' is clicked on

2018-12-20 13:15:03 - [MESSAGE][PASSED] - Object: 'Object Repository/Final Object Repo/Landing Page/My Sites Drop Down' is clicked on

2018-12-20 13:15:03 - [TEST_STEP][PASSED] - click: Object: 'Object Repository/Final Object Repo/Landing Page/Select to Registration Module' is clicked on

2018-12-20 13:15:05 - [MESSAGE][PASSED] - Object: 'Object Repository/Final Object Repo/Landing Page/Select to Registration Module' is clicked on

2018-12-20 13:15:05 - [TEST_STEP][PASSED] - click: Object: 'Object Repository/Final Object Repo/Landing Page/Registration Button' is clicked on

2018-12-20 13:15:07 - [MESSAGE][PASSED] - Object: 'Object Repository/Final Object Repo/Landing Page/Registration Button' is clicked on

2018-12-20 13:15:07 - [TEST_STEP][PASSED] - delay: Delayed 2 second(s)

2018-12-20 13:15:09 - [MESSAGE][PASSED] - Delayed 2 second(s)

2018-12-20 13:15:09 - [TEST_STEP][PASSED] - click: Object: 'Object Repository/Final Object Repo/New Registration - Registration Module Pages/New Reg - OTC to RO/Special Case - OTC - Form 1/AEC NO' is clicked on

2018-12-20 13:15:09 - [MESSAGE][PASSED] - Object: 'Object Repository/Final Object Repo/New Registration - Registration Module Pages/New Reg - OTC to RO/Special Case - OTC - Form 1/AEC NO' is clicked on

2018-12-20 13:15:09 - [TEST_STEP][PASSED] - click: Object: 'Object Repository/Final Object Repo/New Registration - Registration Module Pages/New Reg - OTC to RO/Special Case - OTC - Form 1/Business Entity - Please Select' is clicked on

2018-12-20 13:15:09 - [MESSAGE][PASSED] - Object: 'Object Repository/Final Object Repo/New Registration - Registration Module Pages/New Reg - OTC to RO/Special Case - OTC - Form 1/Business Entity - Please Select' is clicked on

2018-12-20 13:15:09 - [TEST_STEP][PASSED] - click: Object: 'Object Repository/Final Object Repo/New Registration - Registration Module Pages/New Reg - OTC to RO/Special Case - OTC - Form 1/Selected - Corporation' is clicked on

2018-12-20 13:15:09 - [MESSAGE][PASSED] - Object: 'Object Repository/Final Object Repo/New Registration - Registration Module Pages/New Reg - OTC to RO/Special Case - OTC - Form 1/Selected - Corporation' is clicked on

2018-12-20 13:15:09 - [TEST_STEP][PASSED] - delay: Delayed 2 second(s)

2018-12-20 13:15:11 - [MESSAGE][PASSED] - Delayed 2 second(s)

2018-12-20 13:15:11 - [TEST_STEP][PASSED] - click: Object: 'Object Repository/Final Object Repo/New Registration - Registration Module Pages/New Reg - OTC to RO/Special Case - OTC - Form 1/Sub Business Entity - Please Select' is clicked on

2018-12-20 13:15:12 - [MESSAGE][PASSED] - Object: 'Object Repository/Final Object Repo/New Registration - Registration Module Pages/New Reg - OTC to RO/Special Case - OTC - Form 1/Sub Business Entity - Please Select' is clicked on

2018-12-20 13:15:12 - [TEST_STEP][PASSED] - delay: Delayed 2 second(s)

2018-12-20 13:15:14 - [MESSAGE][PASSED] - Delayed 2 second(s)

2018-12-20 13:15:14 - [TEST_STEP][PASSED] - click: Object: 'Object Repository/Final Object Repo/New Registration - Registration Module Pages/New Reg - OTC to RO/Special Case - OTC - Form 1/Selected - Sendirian Berhad' is clicked on

2018-12-20 13:15:14 - [MESSAGE][PASSED] - Object: 'Object Repository/Final Object Repo/New Registration - Registration Module Pages/New Reg - OTC to RO/Special Case - OTC - Form 1/Selected - Sendirian Berhad' is clicked on

2018-12-20 13:15:14 - [TEST_STEP][PASSED] - setText: Text 'AUTOMATE001' is set on object 'Object Repository/Final Object Repo/New Registration - Registration Module Pages/New Reg - OTC to RO/Special Case - OTC - Form 1/Input BRN Number'

2018-12-20 13:15:14 - [MESSAGE][PASSED] - Text 'AUTOMATE001' is set on object 'Object Repository/Final Object Repo/New Registration - Registration Module Pages/New Reg - OTC to RO/Special Case - OTC - Form 1/Input BRN Number'

2018-12-20 13:15:14 - [TEST_STEP][PASSED] - delay: Delayed 2 second(s)

2018-12-20 13:15:16 - [MESSAGE][PASSED] - Delayed 2 second(s)

2018-12-20 13:15:16 - [TEST_STEP][PASSED] - click: Object: 'Object Repository/Final Object Repo/New Registration - Registration Module Pages/New Reg - OTC to RO/Special Case - OTC - Form 1/BRN Search' is clicked on

2018-12-20 13:15:17 - [MESSAGE][PASSED] - Object: 'Object Repository/Final Object Repo/New Registration - Registration Module Pages/New Reg - OTC to RO/Special Case - OTC - Form 1/BRN Search' is clicked on

2018-12-20 13:15:17 - [TEST_STEP][PASSED] - delay: Delayed 4 second(s)

2018-12-20 13:15:21 - [MESSAGE][PASSED] - Delayed 4 second(s)

2018-12-20 13:15:21 - [TEST_STEP][PASSED] - click: Object: 'Object Repository/Final Object Repo/New Registration - Registration Module Pages/New Reg - OTC to RO/Special Case - OTC - Form 1/Registered with SSM - After Feb 2017' is clicked on

2018-12-20 13:15:21 - [MESSAGE][PASSED] - Object: 'Object Repository/Final Object Repo/New Registration - Registration Module Pages/New Reg - OTC to RO/Special Case - OTC - Form 1/Registered with SSM - After Feb 2017' is clicked on

2018-12-20 13:15:21 - [TEST_STEP][PASSED] - delay: Delayed 2 second(s)

2018-12-20 13:15:23 - [MESSAGE][PASSED] - Delayed 2 second(s)

2018-12-20 13:15:23 - [TEST_STEP][PASSED] - click: Object: 'Object Repository/Final Object Repo/New Registration - Registration Module Pages/Form 1/Registered As a Branch - Yes' is clicked on

2018-12-20 13:15:23 - [MESSAGE][PASSED] - Object: 'Object Repository/Final Object Repo/New Registration - Registration Module Pages/Form 1/Registered As a Branch - Yes' is clicked on

2018-12-20 13:15:23 - [TEST_STEP][PASSED] - click: Object: 'Object Repository/Final Object Repo/New Registration - Registration Module Pages/New Reg - OTC to RO/Special Case - OTC - Form 1/Acknowledgement Ticked' is clicked on

2018-12-20 13:15:23 - [MESSAGE][PASSED] - Object: 'Object Repository/Final Object Repo/New Registration - Registration Module Pages/New Reg - OTC to RO/Special Case - OTC - Form 1/Acknowledgement Ticked' is clicked on

2018-12-20 13:15:23 - [TEST_STEP][PASSED] - setText: Text 'perkeso995418216765@gmail.com' is set on object 'Object Repository/Final Object Repo/New Registration - Registration Module Pages/Form 1/Email'

2018-12-20 13:15:24 - [MESSAGE][PASSED] - Text 'perkeso995418216765@gmail.com' is set on object 'Object Repository/Final Object Repo/New Registration - Registration Module Pages/Form 1/Email'

2018-12-20 13:15:24 - [TEST_STEP][PASSED] - click: Object: 'Object Repository/Final Object Repo/New Registration - Registration Module Pages/New Reg - OTC to RO/Special Case - OTC - Form 1/Submit Button' is clicked on

2018-12-20 13:15:24 - [MESSAGE][PASSED] - Object: 'Object Repository/Final Object Repo/New Registration - Registration Module Pages/New Reg - OTC to RO/Special Case - OTC - Form 1/Submit Button' is clicked on

2018-12-20 13:15:24 - [TEST_STEP][PASSED] - callTestCase: Call Test Case 'Test Cases/Final Aug 2018 - PKS Automation/Registration Module/New Registration/Form 2/Add 1 Eligible - Employer Account Use' successfully

2018-12-20 13:15:24 - [TEST_CASE][PASSED] - Test Cases/Final Aug 2018 - PKS Automation/Registration Module/New Registration/Form 2/Add 1 Eligible - Employer Account Use: Test Cases/Final Aug 2018 - PKS Automation/Registration Module/New Registration/Form 2/Add 1 Eligible - Employer Account Use

2018-12-20 13:15:24 - [TEST_STEP][PASSED] - delay: Delayed 2 second(s)

2018-12-20 13:15:26 - [MESSAGE][PASSED] - Delayed 2 second(s)

2018-12-20 13:15:26 - [TEST_STEP][PASSED] - callTestCase: Call Test Case 'Test Cases/Final Aug 2018 - PKS Automation/Registration Module/New Registration/Form 2/Date Updater' successfully

2018-12-20 13:15:26 - [TEST_CASE][PASSED] - Test Cases/Final Aug 2018 - PKS Automation/Registration Module/New Registration/Form 2/Date Updater: Test Cases/Final Aug 2018 - PKS Automation/Registration Module/New Registration/Form 2/Date Updater

2018-12-20 13:15:26 - [TEST_STEP][PASSED] - Statement - TodayDate = new java.util.Date(): null

2018-12-20 13:15:26 - [TEST_STEP][PASSED] - Statement - CurrentDateNoFilter = new java.text.SimpleDateFormat(): null

2018-12-20 13:15:26 - [TEST_STEP][PASSED] - Statement - CurrentDateNoFilter.applyPattern("MM"): null

2018-12-20 13:15:26 - [TEST_STEP][PASSED] - Statement - monthContainerMatcher = java.lang.Integer.parseInt(CurrentDateNoFilter.format(TodayDate)): null

2018-12-20 13:15:26 - [TEST_STEP][PASSED] - Statement - monthContainerMatcher = monthContainerMatcher - 1: null

2018-12-20 13:15:26 - [TEST_STEP][PASSED] - Statement - CurrentMonth = monthContainerMatcher.toString(): null

2018-12-20 13:15:26 - [TEST_STEP][PASSED] - Statement - CurrentMonth = CurrentMonth: null

2018-12-20 13:15:26 - [TEST_STEP][PASSED] - Statement - CurrentDateNoFilter.applyPattern("yyyy"): null

2018-12-20 13:15:26 - [TEST_STEP][PASSED] - Statement - CurrentYear = CurrentDateNoFilter.format(TodayDate): null

2018-12-20 13:15:26 - [TEST_STEP][PASSED] - Statement - CurrentYear = CurrentYear: null

2018-12-20 13:15:26 - [TEST_STEP][PASSED] - Statement - intCurrentYear = java.lang.Integer.parseInt(CurrentDateNoFilter.format(TodayDate)): null

2018-12-20 13:15:26 - [TEST_STEP][PASSED] - Statement - eighteenYrsAgo = intCurrentYear - 18: null

2018-12-20 13:15:26 - [TEST_STEP][PASSED] - Statement - eighteenYrsBeforeThisYr = eighteenYrsAgo.toString(): null

2018-12-20 13:15:26 - [TEST_STEP][PASSED] - Statement - EighteenYrsBefore = eighteenYrsBeforeThisYr: null

2018-12-20 13:15:26 - [TEST_STEP][PASSED] - Statement - fiftysevenYrsAgo = intCurrentYear - 57: null

2018-12-20 13:15:26 - [TEST_STEP][PASSED] - Statement - fiftysevenYrsBeforeThisYr = fiftysevenYrsAgo.toString(): null

2018-12-20 13:15:26 - [TEST_STEP][PASSED] - Statement - FiftysevenYrsBefore = fiftysevenYrsBeforeThisYr: null

2018-12-20 13:15:26 - [TEST_STEP][PASSED] - Statement - leapYear = false: null

2018-12-20 13:15:26 - [TEST_STEP][PASSED] - Statement - leapYear = intCurrentYear % 4 == 0: null

2018-12-20 13:15:26 - [TEST_STEP][PASSED] - Statement - CurrentDateNoFilter.applyPattern("dd"): null

2018-12-20 13:15:26 - [TEST_STEP][PASSED] - Statement - CurrentDate = CurrentDateNoFilter.format(TodayDate): null

2018-12-20 13:15:26 - [TEST_STEP][PASSED] - Statement - CurrentDate = java.lang.Integer.parseInt(CurrentDate): null

2018-12-20 13:15:26 - [TEST_STEP][PASSED] - Statement - CurrentDate = CurrentDate: null

2018-12-20 13:15:26 - [TEST_STEP][PASSED] - Statement - CurrentDay = java.lang.Integer.parseInt(CurrentDate): null

2018-12-20 13:15:26 - [TEST_STEP][PASSED] - Statement - ConfAdder = <not implemented yet for class: org.codehaus.groovy.ast.expr.EmptyExpression>: null

2018-12-20 13:15:26 - [TEST_STEP][PASSED] - Statement - out.println(CurrentMonth): null

2018-12-20 13:15:26 - [TEST_STEP][PASSED] - Statement - out.println(CurrentDate): null

2018-12-20 13:15:26 - [TEST_STEP][PASSED] - Statement - switch (CurrentDate): null

2018-12-20 13:15:26 - [TEST_STEP][PASSED] - Statement - Default: null

2018-12-20 13:15:26 - [TEST_STEP][PASSED] - Statement - ConfAdder = true: null

2018-12-20 13:15:26 - [TEST_STEP][PASSED] - Statement - Break: null

2018-12-20 13:15:26 - [TEST_STEP][PASSED] - Statement - aDayBefore = <not implemented yet for class: org.codehaus.groovy.ast.expr.EmptyExpression>: null

2018-12-20 13:15:26 - [TEST_STEP][PASSED] - Statement - out.println(ConfAdder): null

2018-12-20 13:15:26 - [TEST_STEP][PASSED] - Statement - If (ConfAdder == true): null

2018-12-20 13:15:26 - [TEST_STEP][PASSED] - Statement - aDayBefore = CurrentDay + 1: null

2018-12-20 13:15:26 - [TEST_STEP][PASSED] - Statement - out.println(aDayBefore): null

2018-12-20 13:15:26 - [TEST_STEP][PASSED] - Statement - If (aDayBefore == 1 && CurrentMonth == 11): null

2018-12-20 13:15:26 - [TEST_STEP][PASSED] - Statement - DayBefore = aDayBefore.toString(): null

2018-12-20 13:15:26 - [TEST_STEP][PASSED] - Statement - OneDayBefore = DayBefore: null

2018-12-20 13:15:27 - [MESSAGE][PASSED] - Call Test Case 'Test Cases/Final Aug 2018 - PKS Automation/Registration Module/New Registration/Form 2/Date Updater' successfully

2018-12-20 13:15:27 - [TEST_STEP][PASSED] - delay: Delayed 1 second(s)

2018-12-20 13:15:28 - [MESSAGE][PASSED] - Delayed 1 second(s)

2018-12-20 13:15:28 - [TEST_STEP][PASSED] - Statement - CaseReferenceNo = com.kms.katalon.core.webui.keyword.WebUiBuiltInKeywords.getText(com.kms.katalon.core.testobject.ObjectRepository.findTestObject(Final Object Repo/New Registration - Registration Module Pages/Form 2/RefNo Acquiring)): Text of object 'Object Repository/Final Object Repo/New Registration - Registration Module Pages/Form 2/RefNo Acquiring' is: 'CRN12201800123401'

2018-12-20 13:15:28 - [MESSAGE][PASSED] - Text of object 'Object Repository/Final Object Repo/New Registration - Registration Module Pages/Form 2/RefNo Acquiring' is: 'CRN12201800123401'

2018-12-20 13:15:28 - [TEST_STEP][PASSED] - delay: Delayed 1 second(s)

2018-12-20 13:15:29 - [MESSAGE][PASSED] - Delayed 1 second(s)

2018-12-20 13:15:29 - [TEST_STEP][PASSED] - click: Object: 'Object Repository/Final Object Repo/New Registration - Registration Module Pages/Form 2/Add Employee Button' is clicked on

2018-12-20 13:15:29 - [MESSAGE][PASSED] - Object: 'Object Repository/Final Object Repo/New Registration - Registration Module Pages/Form 2/Add Employee Button' is clicked on

2018-12-20 13:15:29 - [TEST_STEP][PASSED] - delay: Delayed 1 second(s)

2018-12-20 13:15:30 - [MESSAGE][PASSED] - Delayed 1 second(s)

2018-12-20 13:15:30 - [TEST_STEP][PASSED] - setText: Text '010903091948' is set on object 'Object Repository/Final Object Repo/New Registration - Registration Module Pages/Form 2/NRIC Input'

2018-12-20 13:15:30 - [MESSAGE][PASSED] - Text '010903091948' is set on object 'Object Repository/Final Object Repo/New Registration - Registration Module Pages/Form 2/NRIC Input'

2018-12-20 13:15:30 - [TEST_STEP][PASSED] - delay: Delayed 2 second(s)

2018-12-20 13:15:33 - [MESSAGE][PASSED] - Delayed 2 second(s)

2018-12-20 13:15:33 - [TEST_STEP][PASSED] - setText: Text 'Automate001 eligible 1' is set on object 'Object Repository/Final Object Repo/New Registration - Registration Module Pages/Form 2/Employee Name Input'

2018-12-20 13:15:33 - [MESSAGE][PASSED] - Text 'Automate001 eligible 1' is set on object 'Object Repository/Final Object Repo/New Registration - Registration Module Pages/Form 2/Employee Name Input'

2018-12-20 13:15:33 - [TEST_STEP][PASSED] - delay: Delayed 2 second(s)

2018-12-20 13:15:35 - [MESSAGE][PASSED] - Delayed 2 second(s)

2018-12-20 13:15:35 - [TEST_STEP][PASSED] - click: Object: 'Object Repository/Final Object Repo/New Registration - Registration Module Pages/Form 2/DatePicker Pop Up' is clicked on

2018-12-20 13:15:35 - [MESSAGE][PASSED] - Object: 'Object Repository/Final Object Repo/New Registration - Registration Module Pages/Form 2/DatePicker Pop Up' is clicked on

2018-12-20 13:15:35 - [TEST_STEP][PASSED] - click: Object: 'Object Repository/Final Object Repo/New Registration - Registration Module Pages/Form 2/DOB Month' is clicked on

2018-12-20 13:15:35 - [MESSAGE][PASSED] - Object: 'Object Repository/Final Object Repo/New Registration - Registration Module Pages/Form 2/DOB Month' is clicked on

2018-12-20 13:15:35 - [TEST_STEP][PASSED] - Statement - CurrentMonth = CurrentMonth: null

2018-12-20 13:15:35 - [TEST_STEP][PASSED] - Statement - selectMonth = new com.kms.katalon.core.testobject.TestObject(): null

2018-12-20 13:15:35 - [TEST_STEP][PASSED] - Statement - selectMonth.addProperty("xpath", EQUALS, "//body/div/div/div/select/option[@value='" + CurrentMonth + "']", true): null

2018-12-20 13:15:35 - [TEST_STEP][PASSED] - click: Object: '' is clicked on

2018-12-20 13:15:36 - [MESSAGE][PASSED] - Object: '' is clicked on

2018-12-20 13:15:36 - [TEST_STEP][PASSED] - click: Object: 'Object Repository/Final Object Repo/New Registration - Registration Module Pages/Form 2/DOB Year' is clicked on

2018-12-20 13:15:36 - [MESSAGE][PASSED] - Object: 'Object Repository/Final Object Repo/New Registration - Registration Module Pages/Form 2/DOB Year' is clicked on

2018-12-20 13:15:36 - [TEST_STEP][PASSED] - Statement - Eyearsbf = EighteenYrsBefore: null

2018-12-20 13:15:36 - [TEST_STEP][PASSED] - Statement - selectYear = new com.kms.katalon.core.testobject.TestObject(): null

2018-12-20 13:15:36 - [TEST_STEP][PASSED] - Statement - selectYear.addProperty("xpath", EQUALS, "//div/div/div/select/option[@value='" + Eyearsbf + "']", true): null

2018-12-20 13:15:36 - [TEST_STEP][PASSED] - click: Object: '' is clicked on

2018-12-20 13:15:36 - [MESSAGE][PASSED] - Object: '' is clicked on

2018-12-20 13:15:36 - [TEST_STEP][PASSED] - Statement - UpdatedSelectDate = com.kms.katalon.core.webui.keyword.WebUiBuiltInKeywords.modifyObjectProperty(com.kms.katalon.core.testobject.ObjectRepository.findTestObject(Final Object Repo/New Registration - Registration Module Pages/Form 2/DOB Date), "xpath", "equals", "//body/div/table/tbody/tr/td/a[text()="" + CurrentDate + ""]", true): Modify property of object successfully

2018-12-20 13:15:36 - [MESSAGE][PASSED] - Modify property of object successfully

2018-12-20 13:15:36 - [TEST_STEP][PASSED] - delay: Delayed 3 second(s)

2018-12-20 13:15:39 - [MESSAGE][PASSED] - Delayed 3 second(s)

2018-12-20 13:15:39 - [TEST_STEP][PASSED] - click: Object: 'Object Repository/Final Object Repo/New Registration - Registration Module Pages/Form 2/DOB Date' is clicked on

2018-12-20 13:15:39 - [MESSAGE][PASSED] - Object: 'Object Repository/Final Object Repo/New Registration - Registration Module Pages/Form 2/DOB Date' is clicked on

2018-12-20 13:15:39 - [TEST_STEP][PASSED] - delay: Delayed 2 second(s)

2018-12-20 13:15:41 - [MESSAGE][PASSED] - Delayed 2 second(s)

2018-12-20 13:15:41 - [TEST_STEP][PASSED] - click: Object: 'Object Repository/Final Object Repo/New Registration - Registration Module Pages/Form 2/EmploymentStartDate Pop Up' is clicked on

2018-12-20 13:15:41 - [MESSAGE][PASSED] - Object: 'Object Repository/Final Object Repo/New Registration - Registration Module Pages/Form 2/EmploymentStartDate Pop Up' is clicked on

2018-12-20 13:15:41 - [TEST_STEP][PASSED] - delay: Delayed 2 second(s)

2018-12-20 13:15:43 - [MESSAGE][PASSED] - Delayed 2 second(s)

2018-12-20 13:15:43 - [TEST_STEP][PASSED] - click: Object: 'Object Repository/Final Object Repo/New Registration - Registration Module Pages/Form 2/Socso Employment StartDate Month' is clicked on

2018-12-20 13:15:44 - [MESSAGE][PASSED] - Object: 'Object Repository/Final Object Repo/New Registration - Registration Module Pages/Form 2/Socso Employment StartDate Month' is clicked on

2018-12-20 13:15:44 - [TEST_STEP][PASSED] - delay: Delayed 1 second(s)

2018-12-20 13:15:45 - [MESSAGE][PASSED] - Delayed 1 second(s)

2018-12-20 13:15:45 - [TEST_STEP][PASSED] - click: Object: 'Object Repository/Final Object Repo/New Registration - Registration Module Pages/Form 2/Select Socso Employement Startdate Month' is clicked on

2018-12-20 13:15:45 - [MESSAGE][PASSED] - Object: 'Object Repository/Final Object Repo/New Registration - Registration Module Pages/Form 2/Select Socso Employement Startdate Month' is clicked on

2018-12-20 13:15:45 - [TEST_STEP][PASSED] - delay: Delayed 2 second(s)

2018-12-20 13:15:47 - [MESSAGE][PASSED] - Delayed 2 second(s)

2018-12-20 13:15:47 - [TEST_STEP][PASSED] - click: Object: 'Object Repository/Final Object Repo/New Registration - Registration Module Pages/Form 2/Socso Employment StartDate Year' is clicked on

2018-12-20 13:15:47 - [MESSAGE][PASSED] - Object: 'Object Repository/Final Object Repo/New Registration - Registration Module Pages/Form 2/Socso Employment StartDate Year' is clicked on

2018-12-20 13:15:47 - [TEST_STEP][PASSED] - delay: Delayed 1 second(s)

2018-12-20 13:15:48 - [MESSAGE][PASSED] - Delayed 1 second(s)

2018-12-20 13:15:48 - [TEST_STEP][PASSED] - click: Object: 'Object Repository/Final Object Repo/New Registration - Registration Module Pages/Form 2/Select Socso Employment Startdate Year' is clicked on

2018-12-20 13:15:48 - [MESSAGE][PASSED] - Object: 'Object Repository/Final Object Repo/New Registration - Registration Module Pages/Form 2/Select Socso Employment Startdate Year' is clicked on

2018-12-20 13:15:48 - [TEST_STEP][PASSED] - delay: Delayed 2 second(s)

2018-12-20 13:15:50 - [MESSAGE][PASSED] - Delayed 2 second(s)

2018-12-20 13:15:50 - [TEST_STEP][PASSED] - click: Object: 'Object Repository/Final Object Repo/New Registration - Registration Module Pages/Form 2/Socso Employment Start Date Day' is clicked on

2018-12-20 13:15:50 - [MESSAGE][PASSED] - Object: 'Object Repository/Final Object Repo/New Registration - Registration Module Pages/Form 2/Socso Employment Start Date Day' is clicked on

2018-12-20 13:15:50 - [TEST_STEP][PASSED] - delay: Delayed 2 second(s)

2018-12-20 13:15:52 - [MESSAGE][PASSED] - Delayed 2 second(s)

2018-12-20 13:15:52 - [TEST_STEP][PASSED] - click: Object: 'Object Repository/Final Object Repo/New Registration - Registration Module Pages/Form 2/Save Button for Add Employee' is clicked on

2018-12-20 13:15:52 - [MESSAGE][PASSED] - Object: 'Object Repository/Final Object Repo/New Registration - Registration Module Pages/Form 2/Save Button for Add Employee' is clicked on

2018-12-20 13:15:52 - [TEST_STEP][PASSED] - delay: Delayed 6 second(s)

2018-12-20 13:15:58 - [MESSAGE][PASSED] - Delayed 6 second(s)

2018-12-20 13:15:58 - [TEST_STEP][PASSED] - click: Object: 'Object Repository/Final Object Repo/New Registration - Registration Module Pages/Form 2/Save and Continue Form 2' is clicked on

2018-12-20 13:15:59 - [MESSAGE][PASSED] - Object: 'Object Repository/Final Object Repo/New Registration - Registration Module Pages/Form 2/Save and Continue Form 2' is clicked on

2018-12-20 13:15:59 - [MESSAGE][PASSED] - Call Test Case 'Test Cases/Final Aug 2018 - PKS Automation/Registration Module/New Registration/Form 2/Add 1 Eligible - Employer Account Use' successfully

2018-12-20 13:15:59 - [TEST_STEP][PASSED] - callTestCase: Call Test Case 'Test Cases/Final Aug 2018 - PKS Automation/Registration Module/New Registration/Flow of New Registration/Third Screen - Upload Supporting Doc - Preview' successfully

2018-12-20 13:15:59 - [TEST_CASE][PASSED] - Test Cases/Final Aug 2018 - PKS Automation/Registration Module/New Registration/Flow of New Registration/Third Screen - Upload Supporting Doc - Preview: Test Cases/Final Aug 2018 - PKS Automation/Registration Module/New Registration/Flow of New Registration/Third Screen - Upload Supporting Doc - Preview

2018-12-20 13:15:59 - [TEST_STEP][PASSED] - waitForPageLoad: Wait for page load successfully

2018-12-20 13:16:00 - [MESSAGE][PASSED] - Wait for page load successfully

2018-12-20 13:16:00 - [TEST_STEP][PASSED] - Statement - CaseReferenceNo = com.kms.katalon.core.webui.keyword.WebUiBuiltInKeywords.getText(com.kms.katalon.core.testobject.ObjectRepository.findTestObject(Final Object Repo/New Registration - Registration Module Pages/Third Screen - Upload Supporting Doc- Preview/RefNo Acquiring)): Text of object 'Object Repository/Final Object Repo/New Registration - Registration Module Pages/Third Screen - Upload Supporting Doc- Preview/RefNo Acquiring' is: 'CRN12201800123401'

2018-12-20 13:16:00 - [MESSAGE][PASSED] - Text of object 'Object Repository/Final Object Repo/New Registration - Registration Module Pages/Third Screen - Upload Supporting Doc- Preview/RefNo Acquiring' is: 'CRN12201800123401'

2018-12-20 13:16:00 - [TEST_STEP][PASSED] - delay: Delayed 2 second(s)

2018-12-20 13:16:02 - [MESSAGE][PASSED] - Delayed 2 second(s)

2018-12-20 13:16:02 - [TEST_STEP][PASSED] - callTestCase: Call Test Case 'Test Cases/Final Aug 2018 - PKS Automation/Common/Reference Number Setter' successfully

2018-12-20 13:16:02 - [TEST_CASE][PASSED] - Test Cases/Final Aug 2018 - PKS Automation/Common/Reference Number Setter: Test Cases/Final Aug 2018 - PKS Automation/Common/Reference Number Setter

2018-12-20 13:16:02 - [TEST_STEP][PASSED] - Statement - RefNoOldFile = new java.io.File(C://Users//Admin//Desktop//PKS//Automation Reference Point//KatalonReference.txt): null

2018-12-20 13:16:02 - [TEST_STEP][PASSED] - Statement - RefNoOldFile.delete(): null

2018-12-20 13:16:02 - [TEST_STEP][PASSED] - delay: Delayed 5 second(s)

2018-12-20 13:16:07 - [MESSAGE][PASSED] - Delayed 5 second(s)

2018-12-20 13:16:07 - [TEST_STEP][PASSED] - Statement - RefNo = new java.io.File(C://Users//Admin//Desktop//PKS//Automation Reference Point//KatalonReference.txt): null

2018-12-20 13:16:07 - [TEST_STEP][PASSED] - Statement - f2 = new java.io.FileWriter(RefNo, false): null

2018-12-20 13:16:07 - [TEST_STEP][PASSED] - Statement - f2.write(CaseReferenceNo): null

2018-12-20 13:16:07 - [TEST_STEP][PASSED] - Statement - f2.close(): null

2018-12-20 13:16:07 - [TEST_STEP][PASSED] - Statement - out.println("


" + CaseReferenceNo + "


"): null

2018-12-20 13:16:07 - [MESSAGE][PASSED] - Call Test Case 'Test Cases/Final Aug 2018 - PKS Automation/Common/Reference Number Setter' successfully

2018-12-20 13:16:07 - [TEST_STEP][PASSED] - waitForElementClickable: Object 'Object Repository/Final Object Repo/New Registration - Registration Module Pages/Third Screen - Upload Supporting Doc- Preview/Save n Continue in SIP Employee Listing Page' is clickable

2018-12-20 13:16:07 - [MESSAGE][PASSED] - Object 'Object Repository/Final Object Repo/New Registration - Registration Module Pages/Third Screen - Upload Supporting Doc- Preview/Save n Continue in SIP Employee Listing Page' is clickable

2018-12-20 13:16:07 - [TEST_STEP][PASSED] - click: Object: 'Object Repository/Final Object Repo/New Registration - Registration Module Pages/Third Screen - Upload Supporting Doc- Preview/Save n Continue in SIP Employee Listing Page' is clicked on

2018-12-20 13:16:12 - [MESSAGE][PASSED] - Object: 'Object Repository/Final Object Repo/New Registration - Registration Module Pages/Third Screen - Upload Supporting Doc- Preview/Save n Continue in SIP Employee Listing Page' is clicked on

2018-12-20 13:16:12 - [TEST_STEP][PASSED] - delay: Delayed 7 second(s)

2018-12-20 13:16:19 - [MESSAGE][PASSED] - Delayed 7 second(s)

2018-12-20 13:16:19 - [TEST_STEP][PASSED] - click: Object: 'Object Repository/Final Object Repo/New Registration - Registration Module Pages/Third Screen - Upload Supporting Doc- Preview/Add Document Button' is clicked on

2018-12-20 13:16:20 - [MESSAGE][PASSED] - Object: 'Object Repository/Final Object Repo/New Registration - Registration Module Pages/Third Screen - Upload Supporting Doc- Preview/Add Document Button' is clicked on

2018-12-20 13:16:20 - [TEST_STEP][PASSED] - delay: Delayed 30 second(s)

2018-12-20 13:16:50 - [MESSAGE][PASSED] - Delayed 30 second(s)

2018-12-20 13:16:50 - [TEST_STEP][PASSED] - click: Object: 'Object Repository/Final Object Repo/New Registration - Registration Module Pages/Third Screen - Upload Supporting Doc- Preview/Supporting Doc Please Select Drop Down' is clicked on

2018-12-20 13:16:50 - [MESSAGE][PASSED] - Object: 'Object Repository/Final Object Repo/New Registration - Registration Module Pages/Third Screen - Upload Supporting Doc- Preview/Supporting Doc Please Select Drop Down' is clicked on

2018-12-20 13:16:50 - [TEST_STEP][PASSED] - delay: Delayed 2 second(s)

2018-12-20 13:16:52 - [MESSAGE][PASSED] - Delayed 2 second(s)

2018-12-20 13:16:52 - [TEST_STEP][PASSED] - click: Object: 'Object Repository/Final Object Repo/New Registration - Registration Module Pages/Third Screen - Upload Supporting Doc- Preview/Select to Upload Form 1' is clicked on

2018-12-20 13:16:52 - [MESSAGE][PASSED] - Object: 'Object Repository/Final Object Repo/New Registration - Registration Module Pages/Third Screen - Upload Supporting Doc- Preview/Select to Upload Form 1' is clicked on

2018-12-20 13:16:52 - [TEST_STEP][PASSED] - delay: Delayed 2 second(s)

2018-12-20 13:16:54 - [MESSAGE][PASSED] - Delayed 2 second(s)

2018-12-20 13:16:54 - [TEST_STEP][PASSED] - uploadFile: File 'C:\Users\Public\Pictures\Sample Pictures\Koala.jpg' sent to object: 'Object Repository/Final Object Repo/New Registration - Registration Module Pages/Third Screen - Upload Supporting Doc- Preview/Upload File Adding'

2018-12-20 13:16:54 - [MESSAGE][PASSED] - File 'C:\Users\Public\Pictures\Sample Pictures\Koala.jpg' sent to object: 'Object Repository/Final Object Repo/New Registration - Registration Module Pages/Third Screen - Upload Supporting Doc- Preview/Upload File Adding'

2018-12-20 13:16:54 - [TEST_STEP][PASSED] - delay: Delayed 5 second(s)

2018-12-20 13:16:59 - [MESSAGE][PASSED] - Delayed 5 second(s)

2018-12-20 13:16:59 - [TEST_STEP][PASSED] - click: Object: 'Object Repository/Final Object Repo/New Registration - Registration Module Pages/Third Screen - Upload Supporting Doc- Preview/Inner Form Add Document Button' is clicked on

2018-12-20 13:16:59 - [MESSAGE][PASSED] - Object: 'Object Repository/Final Object Repo/New Registration - Registration Module Pages/Third Screen - Upload Supporting Doc- Preview/Inner Form Add Document Button' is clicked on

2018-12-20 13:16:59 - [TEST_STEP][PASSED] - delay: Delayed 3 second(s)

2018-12-20 13:17:02 - [MESSAGE][PASSED] - Delayed 3 second(s)

2018-12-20 13:17:02 - [TEST_STEP][PASSED] - click: Object: 'Object Repository/Final Object Repo/New Registration - Registration Module Pages/Third Screen - Upload Supporting Doc- Preview/Add Document Button' is clicked on

2018-12-20 13:17:04 - [MESSAGE][PASSED] - Object: 'Object Repository/Final Object Repo/New Registration - Registration Module Pages/Third Screen - Upload Supporting Doc- Preview/Add Document Button' is clicked on

2018-12-20 13:17:04 - [TEST_STEP][PASSED] - delay: Delayed 30 second(s)

2018-12-20 13:17:34 - [MESSAGE][PASSED] - Delayed 30 second(s)

2018-12-20 13:17:34 - [TEST_STEP][PASSED] - click: Object: 'Object Repository/Final Object Repo/New Registration - Registration Module Pages/Third Screen - Upload Supporting Doc- Preview/Supporting Doc Please Select Drop Down' is clicked on

2018-12-20 13:17:34 - [MESSAGE][PASSED] - Object: 'Object Repository/Final Object Repo/New Registration - Registration Module Pages/Third Screen - Upload Supporting Doc- Preview/Supporting Doc Please Select Drop Down' is clicked on

2018-12-20 13:17:34 - [TEST_STEP][PASSED] - delay: Delayed 4 second(s)

2018-12-20 13:17:38 - [MESSAGE][PASSED] - Delayed 4 second(s)

2018-12-20 13:17:38 - [TEST_STEP][PASSED] - click: Object: 'Object Repository/Final Object Repo/New Registration - Registration Module Pages/Third Screen - Upload Supporting Doc- Preview/Select to Upload Form 2' is clicked on

2018-12-20 13:17:38 - [MESSAGE][PASSED] - Object: 'Object Repository/Final Object Repo/New Registration - Registration Module Pages/Third Screen - Upload Supporting Doc- Preview/Select to Upload Form 2' is clicked on

2018-12-20 13:17:38 - [TEST_STEP][PASSED] - delay: Delayed 2 second(s)

2018-12-20 13:17:40 - [MESSAGE][PASSED] - Delayed 2 second(s)

2018-12-20 13:17:40 - [TEST_STEP][PASSED] - uploadFile: File 'C:\Users\Public\Pictures\Sample Pictures\Koala.jpg' sent to object: 'Object Repository/Final Object Repo/New Registration - Registration Module Pages/Third Screen - Upload Supporting Doc- Preview/Upload File Adding'

2018-12-20 13:17:40 - [MESSAGE][PASSED] - File 'C:\Users\Public\Pictures\Sample Pictures\Koala.jpg' sent to object: 'Object Repository/Final Object Repo/New Registration - Registration Module Pages/Third Screen - Upload Supporting Doc- Preview/Upload File Adding'

2018-12-20 13:17:40 - [TEST_STEP][PASSED] - click: Object: 'Object Repository/Final Object Repo/New Registration - Registration Module Pages/Third Screen - Upload Supporting Doc- Preview/Inner Form Add Document Button' is clicked on

2018-12-20 13:17:41 - [MESSAGE][PASSED] - Object: 'Object Repository/Final Object Repo/New Registration - Registration Module Pages/Third Screen - Upload Supporting Doc- Preview/Inner Form Add Document Button' is clicked on

2018-12-20 13:17:41 - [TEST_STEP][PASSED] - delay: Delayed 5 second(s)

2018-12-20 13:17:46 - [MESSAGE][PASSED] - Delayed 5 second(s)

2018-12-20 13:17:46 - [TEST_STEP][PASSED] - click: Object: 'Object Repository/Final Object Repo/New Registration - Registration Module Pages/Third Screen - Upload Supporting Doc- Preview/Add Document Button' is clicked on

2018-12-20 13:17:46 - [MESSAGE][PASSED] - Object: 'Object Repository/Final Object Repo/New Registration - Registration Module Pages/Third Screen - Upload Supporting Doc- Preview/Add Document Button' is clicked on

2018-12-20 13:17:46 - [TEST_STEP][PASSED] - delay: Delayed 30 second(s)

2018-12-20 13:18:16 - [MESSAGE][PASSED] - Delayed 30 second(s)

2018-12-20 13:18:16 - [TEST_STEP][PASSED] - click: Object: 'Object Repository/Final Object Repo/New Registration - Registration Module Pages/Third Screen - Upload Supporting Doc- Preview/Supporting Doc Please Select Drop Down' is clicked on

2018-12-20 13:18:16 - [MESSAGE][PASSED] - Object: 'Object Repository/Final Object Repo/New Registration - Registration Module Pages/Third Screen - Upload Supporting Doc- Preview/Supporting Doc Please Select Drop Down' is clicked on

2018-12-20 13:18:16 - [TEST_STEP][PASSED] - click: Object: 'Object Repository/Final Object Repo/New Registration - Registration Module Pages/Third Screen - Upload Supporting Doc- Preview/Select to Upload Borang SIP 1' is clicked on

2018-12-20 13:18:16 - [MESSAGE][PASSED] - Object: 'Object Repository/Final Object Repo/New Registration - Registration Module Pages/Third Screen - Upload Supporting Doc- Preview/Select to Upload Borang SIP 1' is clicked on

2018-12-20 13:18:16 - [TEST_STEP][PASSED] - delay: Delayed 2 second(s)

2018-12-20 13:18:18 - [MESSAGE][PASSED] - Delayed 2 second(s)

2018-12-20 13:18:18 - [TEST_STEP][PASSED] - uploadFile: File 'C:\Users\Public\Pictures\Sample Pictures\Koala.jpg' sent to object: 'Object Repository/Final Object Repo/New Registration - Registration Module Pages/Third Screen - Upload Supporting Doc- Preview/Upload File Adding'

2018-12-20 13:18:18 - [MESSAGE][PASSED] - File 'C:\Users\Public\Pictures\Sample Pictures\Koala.jpg' sent to object: 'Object Repository/Final Object Repo/New Registration - Registration Module Pages/Third Screen - Upload Supporting Doc- Preview/Upload File Adding'

2018-12-20 13:18:18 - [TEST_STEP][PASSED] - click: Object: 'Object Repository/Final Object Repo/New Registration - Registration Module Pages/Third Screen - Upload Supporting Doc- Preview/Inner Form Add Document Button' is clicked on

2018-12-20 13:18:19 - [MESSAGE][PASSED] - Object: 'Object Repository/Final Object Repo/New Registration - Registration Module Pages/Third Screen - Upload Supporting Doc- Preview/Inner Form Add Document Button' is clicked on

2018-12-20 13:18:19 - [TEST_STEP][PASSED] - delay: Delayed 5 second(s)

2018-12-20 13:18:24 - [MESSAGE][PASSED] - Delayed 5 second(s)

2018-12-20 13:18:24 - [TEST_STEP][PASSED] - click: Object: 'Object Repository/Final Object Repo/New Registration - Registration Module Pages/Third Screen - Upload Supporting Doc- Preview/Add Document Button' is clicked on

2018-12-20 13:18:24 - [MESSAGE][PASSED] - Object: 'Object Repository/Final Object Repo/New Registration - Registration Module Pages/Third Screen - Upload Supporting Doc- Preview/Add Document Button' is clicked on

2018-12-20 13:18:24 - [TEST_STEP][PASSED] - delay: Delayed 30 second(s)

2018-12-20 13:18:54 - [MESSAGE][PASSED] - Delayed 30 second(s)

2018-12-20 13:18:54 - [TEST_STEP][PASSED] - click: Object: 'Object Repository/Final Object Repo/New Registration - Registration Module Pages/Third Screen - Upload Supporting Doc- Preview/Supporting Doc Please Select Drop Down' is clicked on

2018-12-20 13:18:54 - [MESSAGE][PASSED] - Object: 'Object Repository/Final Object Repo/New Registration - Registration Module Pages/Third Screen - Upload Supporting Doc- Preview/Supporting Doc Please Select Drop Down' is clicked on

2018-12-20 13:18:54 - [TEST_STEP][PASSED] - delay: Delayed 3 second(s)

2018-12-20 13:18:57 - [MESSAGE][PASSED] - Delayed 3 second(s)

2018-12-20 13:18:57 - [TEST_STEP][PASSED] - click: Object: 'Object Repository/Final Object Repo/New Registration - Registration Module Pages/Third Screen - Upload Supporting Doc- Preview/Select to Upload Borang SIP 2' is clicked on

2018-12-20 13:18:57 - [MESSAGE][PASSED] - Object: 'Object Repository/Final Object Repo/New Registration - Registration Module Pages/Third Screen - Upload Supporting Doc- Preview/Select to Upload Borang SIP 2' is clicked on

2018-12-20 13:18:57 - [TEST_STEP][PASSED] - delay: Delayed 2 second(s)

2018-12-20 13:18:59 - [MESSAGE][PASSED] - Delayed 2 second(s)

2018-12-20 13:18:59 - [TEST_STEP][PASSED] - uploadFile: File 'C:\Users\Public\Pictures\Sample Pictures\Koala.jpg' sent to object: 'Object Repository/Final Object Repo/New Registration - Registration Module Pages/Third Screen - Upload Supporting Doc- Preview/Upload File Adding'

2018-12-20 13:18:59 - [MESSAGE][PASSED] - File 'C:\Users\Public\Pictures\Sample Pictures\Koala.jpg' sent to object: 'Object Repository/Final Object Repo/New Registration - Registration Module Pages/Third Screen - Upload Supporting Doc- Preview/Upload File Adding'

2018-12-20 13:18:59 - [TEST_STEP][PASSED] - delay: Delayed 5 second(s)

2018-12-20 13:19:04 - [MESSAGE][PASSED] - Delayed 5 second(s)

2018-12-20 13:19:04 - [TEST_STEP][PASSED] - click: Object: 'Object Repository/Final Object Repo/New Registration - Registration Module Pages/Third Screen - Upload Supporting Doc- Preview/Inner Form Add Document Button' is clicked on

2018-12-20 13:19:05 - [MESSAGE][PASSED] - Object: 'Object Repository/Final Object Repo/New Registration - Registration Module Pages/Third Screen - Upload Supporting Doc- Preview/Inner Form Add Document Button' is clicked on

2018-12-20 13:19:05 - [TEST_STEP][PASSED] - delay: Delayed 3 second(s)

2018-12-20 13:19:08 - [MESSAGE][PASSED] - Delayed 3 second(s)

2018-12-20 13:19:08 - [TEST_STEP][PASSED] - waitForElementClickable: Object 'Object Repository/Final Object Repo/New Registration - Registration Module Pages/Third Screen - Upload Supporting Doc- Preview/Save n Continue in Uploading Supporting Doc Page' is clickable

2018-12-20 13:19:09 - [MESSAGE][PASSED] - Object 'Object Repository/Final Object Repo/New Registration - Registration Module Pages/Third Screen - Upload Supporting Doc- Preview/Save n Continue in Uploading Supporting Doc Page' is clickable

2018-12-20 13:19:09 - [TEST_STEP][PASSED] - click: Object: 'Object Repository/Final Object Repo/New Registration - Registration Module Pages/Third Screen - Upload Supporting Doc- Preview/Save n Continue in Uploading Supporting Doc Page' is clicked on

2018-12-20 13:19:09 - [MESSAGE][PASSED] - Object: 'Object Repository/Final Object Repo/New Registration - Registration Module Pages/Third Screen - Upload Supporting Doc- Preview/Save n Continue in Uploading Supporting Doc Page' is clicked on

2018-12-20 13:19:09 - [MESSAGE][PASSED] - Call Test Case 'Test Cases/Final Aug 2018 - PKS Automation/Registration Module/New Registration/Flow of New Registration/Third Screen - Upload Supporting Doc - Preview' successfully

2018-12-20 13:19:09 - [TEST_STEP][PASSED] - setText: Text 'Tester' is set on object 'Object Repository/Final Object Repo/New Registration - Registration Module Pages/New Reg - OTC to RO/Special Case - All Related Objects/Employer Preview Name'

2018-12-20 13:19:14 - [MESSAGE][PASSED] - Text 'Tester' is set on object 'Object Repository/Final Object Repo/New Registration - Registration Module Pages/New Reg - OTC to RO/Special Case - All Related Objects/Employer Preview Name'

2018-12-20 13:19:14 - [TEST_STEP][PASSED] - click: Object: 'Object Repository/Final Object Repo/New Registration - Registration Module Pages/New Reg - OTC to RO/Special Case - All Related Objects/IC Type Drop Down' is clicked on

2018-12-20 13:19:14 - [MESSAGE][PASSED] - Object: 'Object Repository/Final Object Repo/New Registration - Registration Module Pages/New Reg - OTC to RO/Special Case - All Related Objects/IC Type Drop Down' is clicked on

2018-12-20 13:19:14 - [TEST_STEP][PASSED] - click: Object: 'Object Repository/Final Object Repo/New Registration - Registration Module Pages/New Reg - OTC to RO/Special Case - All Related Objects/Select to NRIC' is clicked on

2018-12-20 13:19:14 - [MESSAGE][PASSED] - Object: 'Object Repository/Final Object Repo/New Registration - Registration Module Pages/New Reg - OTC to RO/Special Case - All Related Objects/Select to NRIC' is clicked on

2018-12-20 13:19:14 - [TEST_STEP][PASSED] - setText: Text '133245561223' is set on object 'Object Repository/Final Object Repo/New Registration - Registration Module Pages/New Reg - OTC to RO/Special Case - All Related Objects/IC Value'

2018-12-20 13:19:14 - [MESSAGE][PASSED] - Text '133245561223' is set on object 'Object Repository/Final Object Repo/New Registration - Registration Module Pages/New Reg - OTC to RO/Special Case - All Related Objects/IC Value'

2018-12-20 13:19:14 - [TEST_STEP][PASSED] - setText: Text 'Auto' is set on object 'Object Repository/Final Object Repo/New Registration - Registration Module Pages/New Reg - OTC to RO/Special Case - All Related Objects/Designation'

2018-12-20 13:19:15 - [MESSAGE][PASSED] - Text 'Auto' is set on object 'Object Repository/Final Object Repo/New Registration - Registration Module Pages/New Reg - OTC to RO/Special Case - All Related Objects/Designation'

2018-12-20 13:19:15 - [TEST_STEP][PASSED] - callTestCase: Call Test Case 'Test Cases/Final Aug 2018 - PKS Automation/Registration Module/New Registration/Submit and Screenshot/Submit Registration and Screenshot - Copy' successfully

2018-12-20 13:19:15 - [TEST_CASE][PASSED] - Test Cases/Final Aug 2018 - PKS Automation/Registration Module/New Registration/Submit and Screenshot/Submit Registration and Screenshot - Copy: Test Cases/Final Aug 2018 - PKS Automation/Registration Module/New Registration/Submit and Screenshot/Submit Registration and Screenshot - Copy

2018-12-20 13:19:15 - [TEST_STEP][PASSED] - delay: Delayed 6 second(s)

2018-12-20 13:19:21 - [MESSAGE][PASSED] - Delayed 6 second(s)

2018-12-20 13:19:21 - [TEST_STEP][PASSED] - click: Object: 'Object Repository/Final Object Repo/New Registration - Registration Module Pages/Third Screen - Upload Supporting Doc- Preview/Preview Submit Button' is clicked on

2018-12-20 13:19:21 - [MESSAGE][PASSED] - Object: 'Object Repository/Final Object Repo/New Registration - Registration Module Pages/Third Screen - Upload Supporting Doc- Preview/Preview Submit Button' is clicked on

2018-12-20 13:19:21 - [TEST_STEP][PASSED] - delay: Delayed 2 second(s)

2018-12-20 13:19:23 - [MESSAGE][PASSED] - Delayed 2 second(s)

2018-12-20 13:19:23 - [TEST_STEP][PASSED] - click: Object: 'Object Repository/Final Object Repo/New Registration - Registration Module Pages/Third Screen - Upload Supporting Doc- Preview/Preview Submit - Confirm' is clicked on

2018-12-20 13:19:23 - [MESSAGE][PASSED] - Object: 'Object Repository/Final Object Repo/New Registration - Registration Module Pages/Third Screen - Upload Supporting Doc- Preview/Preview Submit - Confirm' is clicked on

2018-12-20 13:19:23 - [TEST_STEP][PASSED] - delay: Delayed 15 second(s)

2018-12-20 13:19:38 - [MESSAGE][PASSED] - Delayed 15 second(s)

2018-12-20 13:19:38 - [TEST_STEP][PASSED] - Statement - driver = com.kms.katalon.core.webui.driver.DriverFactory.getWebDriver(): null

2018-12-20 13:19:38 - [TEST_STEP][PASSED] - Statement - driver.manage().timeouts().implicitlyWait(10, SECONDS): null

2018-12-20 13:19:38 - [TEST_STEP][PASSED] - Statement - PresavePath = KatalonScreenshots: null

2018-12-20 13:19:38 - [TEST_STEP][PASSED] - Statement - pathPrefix = "C:\Users\Public\Pictures\Sample Pictures\Katalon Screenshots\Automate Ending Screen": null

2018-12-20 13:19:38 - [TEST_STEP][PASSED] - Statement - finalPath = <not implemented yet for class: org.codehaus.groovy.ast.expr.EmptyExpression>: null

2018-12-20 13:19:38 - [TEST_STEP][PASSED] - Statement - scrFile = driver.getScreenshotAs(FILE): null

2018-12-20 13:19:38 - [TEST_STEP][PASSED] - Statement - PreSaveFile = new java.io.File(PresavePath): null

2018-12-20 13:19:38 - [TEST_STEP][PASSED] - Statement - counter = 0: null

2018-12-20 13:19:38 - [TEST_STEP][PASSED] - Statement - If (PreSaveFile.exists()): null

2018-12-20 13:19:38 - [TEST_STEP][PASSED] - Statement - While (PreSaveFile.exists()): null

2018-12-20 13:19:38 - [TEST_STEP][PASSED] - Statement - counter = counter + 1: null

2018-12-20 13:19:38 - [TEST_STEP][PASSED] - Statement - PreSaveFile = new java.io.File(((pathPrefix + java.lang.Integer.toString(counter)) + .png)): null

2018-12-20 13:19:38 - [TEST_STEP][PASSED] - Statement - counter = counter + 1: null

2018-12-20 13:19:38 - [TEST_STEP][PASSED] - Statement - PreSaveFile = new java.io.File(((pathPrefix + java.lang.Integer.toString(counter)) + .png)): null

2018-12-20 13:19:38 - [TEST_STEP][PASSED] - Statement - counter = counter + 1: null

2018-12-20 13:19:38 - [TEST_STEP][PASSED] - Statement - PreSaveFile = new java.io.File(((pathPrefix + java.lang.Integer.toString(counter)) + .png)): null

2018-12-20 13:19:38 - [TEST_STEP][PASSED] - Statement - counter = counter + 1: null

2018-12-20 13:19:38 - [TEST_STEP][PASSED] - Statement - PreSaveFile = new java.io.File(((pathPrefix + java.lang.Integer.toString(counter)) + .png)): null

2018-12-20 13:19:38 - [TEST_STEP][PASSED] - Statement - counter = counter + 1: null

2018-12-20 13:19:38 - [TEST_STEP][PASSED] - Statement - PreSaveFile = new java.io.File(((pathPrefix + java.lang.Integer.toString(counter)) + .png)): null

2018-12-20 13:19:38 - [TEST_STEP][PASSED] - Statement - counter = counter + 1: null

2018-12-20 13:19:38 - [TEST_STEP][PASSED] - Statement - PreSaveFile = new java.io.File(((pathPrefix + java.lang.Integer.toString(counter)) + .png)): null

2018-12-20 13:19:38 - [TEST_STEP][PASSED] - Statement - counter = counter + 1: null

2018-12-20 13:19:38 - [TEST_STEP][PASSED] - Statement - PreSaveFile = new java.io.File(((pathPrefix + java.lang.Integer.toString(counter)) + .png)): null

2018-12-20 13:19:38 - [TEST_STEP][PASSED] - Statement - counter = counter + 1: null

2018-12-20 13:19:38 - [TEST_STEP][PASSED] - Statement - PreSaveFile = new java.io.File(((pathPrefix + java.lang.Integer.toString(counter)) + .png)): null

2018-12-20 13:19:38 - [TEST_STEP][PASSED] - Statement - counter = counter + 1: null

2018-12-20 13:19:38 - [TEST_STEP][PASSED] - Statement - PreSaveFile = new java.io.File(((pathPrefix + java.lang.Integer.toString(counter)) + .png)): null

2018-12-20 13:19:38 - [TEST_STEP][PASSED] - Statement - counter = counter + 1: null

2018-12-20 13:19:38 - [TEST_STEP][PASSED] - Statement - PreSaveFile = new java.io.File(((pathPrefix + java.lang.Integer.toString(counter)) + .png)): null

2018-12-20 13:19:38 - [TEST_STEP][PASSED] - Statement - counter = counter + 1: null

2018-12-20 13:19:38 - [TEST_STEP][PASSED] - Statement - PreSaveFile = new java.io.File(((pathPrefix + java.lang.Integer.toString(counter)) + .png)): null

2018-12-20 13:19:38 - [TEST_STEP][PASSED] - Statement - counter = counter + 1: null

2018-12-20 13:19:38 - [TEST_STEP][PASSED] - Statement - PreSaveFile = new java.io.File(((pathPrefix + java.lang.Integer.toString(counter)) + .png)): null

2018-12-20 13:19:38 - [TEST_STEP][PASSED] - Statement - counter = counter + 1: null

2018-12-20 13:19:38 - [TEST_STEP][PASSED] - Statement - PreSaveFile = new java.io.File(((pathPrefix + java.lang.Integer.toString(counter)) + .png)): null

2018-12-20 13:19:38 - [TEST_STEP][PASSED] - Statement - counter = counter + 1: null

2018-12-20 13:19:38 - [TEST_STEP][PASSED] - Statement - PreSaveFile = new java.io.File(((pathPrefix + java.lang.Integer.toString(counter)) + .png)): null

2018-12-20 13:19:38 - [TEST_STEP][PASSED] - Statement - counter = counter + 1: null

2018-12-20 13:19:38 - [TEST_STEP][PASSED] - Statement - PreSaveFile = new java.io.File(((pathPrefix + java.lang.Integer.toString(counter)) + .png)): null

2018-12-20 13:19:38 - [TEST_STEP][PASSED] - Statement - counter = counter + 1: null

2018-12-20 13:19:38 - [TEST_STEP][PASSED] - Statement - PreSaveFile = new java.io.File(((pathPrefix + java.lang.Integer.toString(counter)) + .png)): null

2018-12-20 13:19:38 - [TEST_STEP][PASSED] - Statement - counter = counter + 1: null

2018-12-20 13:19:38 - [TEST_STEP][PASSED] - Statement - PreSaveFile = new java.io.File(((pathPrefix + java.lang.Integer.toString(counter)) + .png)): null

2018-12-20 13:19:38 - [TEST_STEP][PASSED] - Statement - counter = counter + 1: null

2018-12-20 13:19:38 - [TEST_STEP][PASSED] - Statement - PreSaveFile = new java.io.File(((pathPrefix + java.lang.Integer.toString(counter)) + .png)): null

2018-12-20 13:19:38 - [TEST_STEP][PASSED] - Statement - counter = counter + 1: null

2018-12-20 13:19:38 - [TEST_STEP][PASSED] - Statement - PreSaveFile = new java.io.File(((pathPrefix + java.lang.Integer.toString(counter)) + .png)): null

2018-12-20 13:19:39 - [TEST_STEP][PASSED] - Statement - counter = counter + 1: null

2018-12-20 13:19:39 - [TEST_STEP][PASSED] - Statement - PreSaveFile = new java.io.File(((pathPrefix + java.lang.Integer.toString(counter)) + .png)): null

2018-12-20 13:19:39 - [TEST_STEP][PASSED] - Statement - counter = counter + 1: null

2018-12-20 13:19:39 - [TEST_STEP][PASSED] - Statement - PreSaveFile = new java.io.File(((pathPrefix + java.lang.Integer.toString(counter)) + .png)): null

2018-12-20 13:19:39 - [TEST_STEP][PASSED] - Statement - counter = counter + 1: null

2018-12-20 13:19:39 - [TEST_STEP][PASSED] - Statement - PreSaveFile = new java.io.File(((pathPrefix + java.lang.Integer.toString(counter)) + .png)): null

2018-12-20 13:19:39 - [TEST_STEP][PASSED] - Statement - counter = counter + 1: null

2018-12-20 13:19:39 - [TEST_STEP][PASSED] - Statement - PreSaveFile = new java.io.File(((pathPrefix + java.lang.Integer.toString(counter)) + .png)): null

2018-12-20 13:19:39 - [TEST_STEP][PASSED] - Statement - counter = counter + 1: null

2018-12-20 13:19:39 - [TEST_STEP][PASSED] - Statement - PreSaveFile = new java.io.File(((pathPrefix + java.lang.Integer.toString(counter)) + .png)): null

2018-12-20 13:19:39 - [TEST_STEP][PASSED] - Statement - counter = counter + 1: null

2018-12-20 13:19:39 - [TEST_STEP][PASSED] - Statement - PreSaveFile = new java.io.File(((pathPrefix + java.lang.Integer.toString(counter)) + .png)): null

2018-12-20 13:19:39 - [TEST_STEP][PASSED] - Statement - counter = counter + 1: null

2018-12-20 13:19:39 - [TEST_STEP][PASSED] - Statement - PreSaveFile = new java.io.File(((pathPrefix + java.lang.Integer.toString(counter)) + .png)): null

2018-12-20 13:19:39 - [TEST_STEP][PASSED] - Statement - counter = counter + 1: null

2018-12-20 13:19:39 - [TEST_STEP][PASSED] - Statement - PreSaveFile = new java.io.File(((pathPrefix + java.lang.Integer.toString(counter)) + .png)): null

2018-12-20 13:19:39 - [TEST_STEP][PASSED] - Statement - counter = counter + 1: null

2018-12-20 13:19:39 - [TEST_STEP][PASSED] - Statement - PreSaveFile = new java.io.File(((pathPrefix + java.lang.Integer.toString(counter)) + .png)): null

2018-12-20 13:19:39 - [TEST_STEP][PASSED] - Statement - counter = counter + 1: null

2018-12-20 13:19:39 - [TEST_STEP][PASSED] - Statement - PreSaveFile = new java.io.File(((pathPrefix + java.lang.Integer.toString(counter)) + .png)): null

2018-12-20 13:19:39 - [TEST_STEP][PASSED] - Statement - counter = counter + 1: null

2018-12-20 13:19:39 - [TEST_STEP][PASSED] - Statement - PreSaveFile = new java.io.File(((pathPrefix + java.lang.Integer.toString(counter)) + .png)): null

2018-12-20 13:19:39 - [TEST_STEP][PASSED] - Statement - counter = counter + 1: null

2018-12-20 13:19:39 - [TEST_STEP][PASSED] - Statement - PreSaveFile = new java.io.File(((pathPrefix + java.lang.Integer.toString(counter)) + .png)): null

2018-12-20 13:19:39 - [TEST_STEP][PASSED] - Statement - counter = counter + 1: null

2018-12-20 13:19:39 - [TEST_STEP][PASSED] - Statement - PreSaveFile = new java.io.File(((pathPrefix + java.lang.Integer.toString(counter)) + .png)): null

2018-12-20 13:19:39 - [TEST_STEP][PASSED] - Statement - counter = counter + 1: null

2018-12-20 13:19:39 - [TEST_STEP][PASSED] - Statement - PreSaveFile = new java.io.File(((pathPrefix + java.lang.Integer.toString(counter)) + .png)): null

2018-12-20 13:19:39 - [TEST_STEP][PASSED] - Statement - counter = counter + 1: null

2018-12-20 13:19:39 - [TEST_STEP][PASSED] - Statement - PreSaveFile = new java.io.File(((pathPrefix + java.lang.Integer.toString(counter)) + .png)): null

2018-12-20 13:19:40 - [TEST_STEP][PASSED] - Statement - counter = counter + 1: null

2018-12-20 13:19:40 - [TEST_STEP][PASSED] - Statement - PreSaveFile = new java.io.File(((pathPrefix + java.lang.Integer.toString(counter)) + .png)): null

2018-12-20 13:19:40 - [TEST_STEP][PASSED] - Statement - counter = counter + 1: null

2018-12-20 13:19:40 - [TEST_STEP][PASSED] - Statement - PreSaveFile = new java.io.File(((pathPrefix + java.lang.Integer.toString(counter)) + .png)): null

2018-12-20 13:19:40 - [TEST_STEP][PASSED] - Statement - counter = counter + 1: null

2018-12-20 13:19:40 - [TEST_STEP][PASSED] - Statement - PreSaveFile = new java.io.File(((pathPrefix + java.lang.Integer.toString(counter)) + .png)): null

2018-12-20 13:19:40 - [TEST_STEP][PASSED] - Statement - counter = counter + 1: null

2018-12-20 13:19:40 - [TEST_STEP][PASSED] - Statement - PreSaveFile = new java.io.File(((pathPrefix + java.lang.Integer.toString(counter)) + .png)): null

2018-12-20 13:19:40 - [TEST_STEP][PASSED] - Statement - counter = counter + 1: null

2018-12-20 13:19:40 - [TEST_STEP][PASSED] - Statement - PreSaveFile = new java.io.File(((pathPrefix + java.lang.Integer.toString(counter)) + .png)): null

2018-12-20 13:19:40 - [TEST_STEP][PASSED] - Statement - counter = counter + 1: null

2018-12-20 13:19:40 - [TEST_STEP][PASSED] - Statement - PreSaveFile = new java.io.File(((pathPrefix + java.lang.Integer.toString(counter)) + .png)): null

2018-12-20 13:19:40 - [TEST_STEP][PASSED] - Statement - counter = counter + 1: null

2018-12-20 13:19:40 - [TEST_STEP][PASSED] - Statement - PreSaveFile = new java.io.File(((pathPrefix + java.lang.Integer.toString(counter)) + .png)): null

2018-12-20 13:19:40 - [TEST_STEP][PASSED] - Statement - counter = counter + 1: null

2018-12-20 13:19:40 - [TEST_STEP][PASSED] - Statement - PreSaveFile = new java.io.File(((pathPrefix + java.lang.Integer.toString(counter)) + .png)): null

2018-12-20 13:19:40 - [TEST_STEP][PASSED] - Statement - counter = counter + 1: null

2018-12-20 13:19:40 - [TEST_STEP][PASSED] - Statement - PreSaveFile = new java.io.File(((pathPrefix + java.lang.Integer.toString(counter)) + .png)): null

2018-12-20 13:19:40 - [TEST_STEP][PASSED] - Statement - counter = counter + 1: null

2018-12-20 13:19:40 - [TEST_STEP][PASSED] - Statement - PreSaveFile = new java.io.File(((pathPrefix + java.lang.Integer.toString(counter)) + .png)): null

2018-12-20 13:19:40 - [TEST_STEP][PASSED] - Statement - counter = counter + 1: null

2018-12-20 13:19:40 - [TEST_STEP][PASSED] - Statement - PreSaveFile = new java.io.File(((pathPrefix + java.lang.Integer.toString(counter)) + .png)): null

2018-12-20 13:19:40 - [TEST_STEP][PASSED] - Statement - counter = counter + 1: null

2018-12-20 13:19:40 - [TEST_STEP][PASSED] - Statement - PreSaveFile = new java.io.File(((pathPrefix + java.lang.Integer.toString(counter)) + .png)): null

2018-12-20 13:19:40 - [TEST_STEP][PASSED] - Statement - counter = counter + 1: null

2018-12-20 13:19:40 - [TEST_STEP][PASSED] - Statement - PreSaveFile = new java.io.File(((pathPrefix + java.lang.Integer.toString(counter)) + .png)): null

2018-12-20 13:19:40 - [TEST_STEP][PASSED] - Statement - counter = counter + 1: null

2018-12-20 13:19:40 - [TEST_STEP][PASSED] - Statement - PreSaveFile = new java.io.File(((pathPrefix + java.lang.Integer.toString(counter)) + .png)): null

2018-12-20 13:19:40 - [TEST_STEP][PASSED] - Statement - counter = counter + 1: null

2018-12-20 13:19:41 - [TEST_STEP][PASSED] - Statement - PreSaveFile = new java.io.File(((pathPrefix + java.lang.Integer.toString(counter)) + .png)): null

2018-12-20 13:19:41 - [TEST_STEP][PASSED] - Statement - counter = counter + 1: null

2018-12-20 13:19:41 - [TEST_STEP][PASSED] - Statement - PreSaveFile = new java.io.File(((pathPrefix + java.lang.Integer.toString(counter)) + .png)): null

2018-12-20 13:19:41 - [TEST_STEP][PASSED] - Statement - counter = counter + 1: null

2018-12-20 13:19:41 - [TEST_STEP][PASSED] - Statement - PreSaveFile = new java.io.File(((pathPrefix + java.lang.Integer.toString(counter)) + .png)): null

2018-12-20 13:19:41 - [TEST_STEP][PASSED] - Statement - counter = counter + 1: null

2018-12-20 13:19:41 - [TEST_STEP][PASSED] - Statement - PreSaveFile = new java.io.File(((pathPrefix + java.lang.Integer.toString(counter)) + .png)): null

2018-12-20 13:19:41 - [TEST_STEP][PASSED] - Statement - counter = counter + 1: null

2018-12-20 13:19:41 - [TEST_STEP][PASSED] - Statement - PreSaveFile = new java.io.File(((pathPrefix + java.lang.Integer.toString(counter)) + .png)): null

2018-12-20 13:19:41 - [TEST_STEP][PASSED] - Statement - counter = counter + 1: null

2018-12-20 13:19:41 - [TEST_STEP][PASSED] - Statement - PreSaveFile = new java.io.File(((pathPrefix + java.lang.Integer.toString(counter)) + .png)): null

2018-12-20 13:19:41 - [TEST_STEP][PASSED] - Statement - counter = counter + 1: null

2018-12-20 13:19:41 - [TEST_STEP][PASSED] - Statement - PreSaveFile = new java.io.File(((pathPrefix + java.lang.Integer.toString(counter)) + .png)): null

2018-12-20 13:19:41 - [TEST_STEP][PASSED] - Statement - counter = counter + 1: null

2018-12-20 13:19:41 - [TEST_STEP][PASSED] - Statement - PreSaveFile = new java.io.File(((pathPrefix + java.lang.Integer.toString(counter)) + .png)): null

2018-12-20 13:19:41 - [TEST_STEP][PASSED] - Statement - counter = counter + 1: null

2018-12-20 13:19:41 - [TEST_STEP][PASSED] - Statement - PreSaveFile = new java.io.File(((pathPrefix + java.lang.Integer.toString(counter)) + .png)): null

2018-12-20 13:19:41 - [TEST_STEP][PASSED] - Statement - counter = counter + 1: null

2018-12-20 13:19:41 - [TEST_STEP][PASSED] - Statement - PreSaveFile = new java.io.File(((pathPrefix + java.lang.Integer.toString(counter)) + .png)): null

2018-12-20 13:19:41 - [TEST_STEP][PASSED] - Statement - counter = counter + 1: null

2018-12-20 13:19:41 - [TEST_STEP][PASSED] - Statement - PreSaveFile = new java.io.File(((pathPrefix + java.lang.Integer.toString(counter)) + .png)): null

2018-12-20 13:19:41 - [TEST_STEP][PASSED] - Statement - counter = counter + 1: null

2018-12-20 13:19:41 - [TEST_STEP][PASSED] - Statement - PreSaveFile = new java.io.File(((pathPrefix + java.lang.Integer.toString(counter)) + .png)): null

2018-12-20 13:19:41 - [TEST_STEP][PASSED] - Statement - counter = counter + 1: null

2018-12-20 13:19:41 - [TEST_STEP][PASSED] - Statement - PreSaveFile = new java.io.File(((pathPrefix + java.lang.Integer.toString(counter)) + .png)): null

2018-12-20 13:19:41 - [TEST_STEP][PASSED] - Statement - counter = counter + 1: null

2018-12-20 13:19:41 - [TEST_STEP][PASSED] - Statement - PreSaveFile = new java.io.File(((pathPrefix + java.lang.Integer.toString(counter)) + .png)): null

2018-12-20 13:19:41 - [TEST_STEP][PASSED] - Statement - counter = counter + 1: null

2018-12-20 13:19:41 - [TEST_STEP][PASSED] - Statement - PreSaveFile = new java.io.File(((pathPrefix + java.lang.Integer.toString(counter)) + .png)): null

2018-12-20 13:19:42 - [TEST_STEP][PASSED] - Statement - counter = counter + 1: null

2018-12-20 13:19:42 - [TEST_STEP][PASSED] - Statement - PreSaveFile = new java.io.File(((pathPrefix + java.lang.Integer.toString(counter)) + .png)): null

2018-12-20 13:19:42 - [TEST_STEP][PASSED] - Statement - counter = counter + 1: null

2018-12-20 13:19:42 - [TEST_STEP][PASSED] - Statement - PreSaveFile = new java.io.File(((pathPrefix + java.lang.Integer.toString(counter)) + .png)): null

2018-12-20 13:19:42 - [TEST_STEP][PASSED] - Statement - counter = counter + 1: null

2018-12-20 13:19:42 - [TEST_STEP][PASSED] - Statement - PreSaveFile = new java.io.File(((pathPrefix + java.lang.Integer.toString(counter)) + .png)): null

2018-12-20 13:19:42 - [TEST_STEP][PASSED] - Statement - counter = counter + 1: null

2018-12-20 13:19:42 - [TEST_STEP][PASSED] - Statement - PreSaveFile = new java.io.File(((pathPrefix + java.lang.Integer.toString(counter)) + .png)): null

2018-12-20 13:19:42 - [TEST_STEP][PASSED] - Statement - counter = counter + 1: null

2018-12-20 13:19:42 - [TEST_STEP][PASSED] - Statement - PreSaveFile = new java.io.File(((pathPrefix + java.lang.Integer.toString(counter)) + .png)): null

2018-12-20 13:19:42 - [TEST_STEP][PASSED] - Statement - counter = counter + 1: null

2018-12-20 13:19:42 - [TEST_STEP][PASSED] - Statement - PreSaveFile = new java.io.File(((pathPrefix + java.lang.Integer.toString(counter)) + .png)): null

2018-12-20 13:19:42 - [TEST_STEP][PASSED] - Statement - counter = counter + 1: null

2018-12-20 13:19:42 - [TEST_STEP][PASSED] - Statement - PreSaveFile = new java.io.File(((pathPrefix + java.lang.Integer.toString(counter)) + .png)): null

2018-12-20 13:19:42 - [TEST_STEP][PASSED] - Statement - counter = counter + 1: null

2018-12-20 13:19:42 - [TEST_STEP][PASSED] - Statement - PreSaveFile = new java.io.File(((pathPrefix + java.lang.Integer.toString(counter)) + .png)): null

2018-12-20 13:19:42 - [TEST_STEP][PASSED] - Statement - counter = counter + 1: null

2018-12-20 13:19:42 - [TEST_STEP][PASSED] - Statement - PreSaveFile = new java.io.File(((pathPrefix + java.lang.Integer.toString(counter)) + .png)): null

2018-12-20 13:19:42 - [TEST_STEP][PASSED] - Statement - counter = counter + 1: null

2018-12-20 13:19:42 - [TEST_STEP][PASSED] - Statement - PreSaveFile = new java.io.File(((pathPrefix + java.lang.Integer.toString(counter)) + .png)): null

2018-12-20 13:19:42 - [TEST_STEP][PASSED] - Statement - counter = counter + 1: null

2018-12-20 13:19:42 - [TEST_STEP][PASSED] - Statement - PreSaveFile = new java.io.File(((pathPrefix + java.lang.Integer.toString(counter)) + .png)): null

2018-12-20 13:19:42 - [TEST_STEP][PASSED] - Statement - counter = counter + 1: null

2018-12-20 13:19:42 - [TEST_STEP][PASSED] - Statement - PreSaveFile = new java.io.File(((pathPrefix + java.lang.Integer.toString(counter)) + .png)): null

2018-12-20 13:19:42 - [TEST_STEP][PASSED] - Statement - counter = counter + 1: null

2018-12-20 13:19:42 - [TEST_STEP][PASSED] - Statement - PreSaveFile = new java.io.File(((pathPrefix + java.lang.Integer.toString(counter)) + .png)): null

2018-12-20 13:19:42 - [TEST_STEP][PASSED] - Statement - counter = counter + 1: null

2018-12-20 13:19:42 - [TEST_STEP][PASSED] - Statement - PreSaveFile = new java.io.File(((pathPrefix + java.lang.Integer.toString(counter)) + .png)): null

2018-12-20 13:19:42 - [TEST_STEP][PASSED] - Statement - counter = counter + 1: null

2018-12-20 13:19:42 - [TEST_STEP][PASSED] - Statement - PreSaveFile = new java.io.File(((pathPrefix + java.lang.Integer.toString(counter)) + .png)): null

2018-12-20 13:19:42 - [TEST_STEP][PASSED] - Statement - counter = counter + 1: null

2018-12-20 13:19:42 - [TEST_STEP][PASSED] - Statement - PreSaveFile = new java.io.File(((pathPrefix + java.lang.Integer.toString(counter)) + .png)): null

2018-12-20 13:19:42 - [TEST_STEP][PASSED] - Statement - counter = counter + 1: null

2018-12-20 13:19:42 - [TEST_STEP][PASSED] - Statement - PreSaveFile = new java.io.File(((pathPrefix + java.lang.Integer.toString(counter)) + .png)): null

2018-12-20 13:19:42 - [TEST_STEP][PASSED] - Statement - counter = counter + 1: null

2018-12-20 13:19:42 - [TEST_STEP][PASSED] - Statement - PreSaveFile = new java.io.File(((pathPrefix + java.lang.Integer.toString(counter)) + .png)): null

2018-12-20 13:19:42 - [TEST_STEP][PASSED] - Statement - counter = counter + 1: null

2018-12-20 13:19:42 - [TEST_STEP][PASSED] - Statement - PreSaveFile = new java.io.File(((pathPrefix + java.lang.Integer.toString(counter)) + .png)): null

2018-12-20 13:19:43 - [TEST_STEP][PASSED] - Statement - counter = counter + 1: null

2018-12-20 13:19:43 - [TEST_STEP][PASSED] - Statement - PreSaveFile = new java.io.File(((pathPrefix + java.lang.Integer.toString(counter)) + .png)): null

2018-12-20 13:19:43 - [TEST_STEP][PASSED] - Statement - counter = counter + 1: null

2018-12-20 13:19:43 - [TEST_STEP][PASSED] - Statement - PreSaveFile = new java.io.File(((pathPrefix + java.lang.Integer.toString(counter)) + .png)): null

2018-12-20 13:19:43 - [TEST_STEP][PASSED] - Statement - counter = counter + 1: null

2018-12-20 13:19:43 - [TEST_STEP][PASSED] - Statement - PreSaveFile = new java.io.File(((pathPrefix + java.lang.Integer.toString(counter)) + .png)): null

2018-12-20 13:19:43 - [TEST_STEP][PASSED] - Statement - counter = counter + 1: null

2018-12-20 13:19:43 - [TEST_STEP][PASSED] - Statement - PreSaveFile = new java.io.File(((pathPrefix + java.lang.Integer.toString(counter)) + .png)): null

2018-12-20 13:19:43 - [TEST_STEP][PASSED] - Statement - counter = counter + 1: null

2018-12-20 13:19:43 - [TEST_STEP][PASSED] - Statement - PreSaveFile = new java.io.File(((pathPrefix + java.lang.Integer.toString(counter)) + .png)): null

2018-12-20 13:19:43 - [TEST_STEP][PASSED] - Statement - counter = counter + 1: null

2018-12-20 13:19:43 - [TEST_STEP][PASSED] - Statement - PreSaveFile = new java.io.File(((pathPrefix + java.lang.Integer.toString(counter)) + .png)): null

2018-12-20 13:19:43 - [TEST_STEP][PASSED] - Statement - counter = counter + 1: null

2018-12-20 13:19:43 - [TEST_STEP][PASSED] - Statement - PreSaveFile = new java.io.File(((pathPrefix + java.lang.Integer.toString(counter)) + .png)): null

2018-12-20 13:19:43 - [TEST_STEP][PASSED] - Statement - counter = counter + 1: null

2018-12-20 13:19:43 - [TEST_STEP][PASSED] - Statement - PreSaveFile = new java.io.File(((pathPrefix + java.lang.Integer.toString(counter)) + .png)): null

2018-12-20 13:19:43 - [TEST_STEP][PASSED] - Statement - counter = counter + 1: null

2018-12-20 13:19:43 - [TEST_STEP][PASSED] - Statement - PreSaveFile = new java.io.File(((pathPrefix + java.lang.Integer.toString(counter)) + .png)): null

2018-12-20 13:19:43 - [TEST_STEP][PASSED] - Statement - counter = counter + 1: null

2018-12-20 13:19:43 - [TEST_STEP][PASSED] - Statement - PreSaveFile = new java.io.File(((pathPrefix + java.lang.Integer.toString(counter)) + .png)): null

2018-12-20 13:19:43 - [TEST_STEP][PASSED] - Statement - counter = counter + 1: null

2018-12-20 13:19:43 - [TEST_STEP][PASSED] - Statement - PreSaveFile = new java.io.File(((pathPrefix + java.lang.Integer.toString(counter)) + .png)): null

2018-12-20 13:19:43 - [TEST_STEP][PASSED] - Statement - counter = counter + 1: null

2018-12-20 13:19:43 - [TEST_STEP][PASSED] - Statement - PreSaveFile = new java.io.File(((pathPrefix + java.lang.Integer.toString(counter)) + .png)): null

2018-12-20 13:19:43 - [TEST_STEP][PASSED] - Statement - counter = counter + 1: null

2018-12-20 13:19:43 - [TEST_STEP][PASSED] - Statement - PreSaveFile = new java.io.File(((pathPrefix + java.lang.Integer.toString(counter)) + .png)): null

2018-12-20 13:19:43 - [TEST_STEP][PASSED] - Statement - counter = counter + 1: null

2018-12-20 13:19:43 - [TEST_STEP][PASSED] - Statement - PreSaveFile = new java.io.File(((pathPrefix + java.lang.Integer.toString(counter)) + .png)): null

2018-12-20 13:19:43 - [TEST_STEP][PASSED] - Statement - counter = counter + 1: null

2018-12-20 13:19:44 - [TEST_STEP][PASSED] - Statement - PreSaveFile = new java.io.File(((pathPrefix + java.lang.Integer.toString(counter)) + .png)): null

2018-12-20 13:19:44 - [TEST_STEP][PASSED] - Statement - counter = counter + 1: null

2018-12-20 13:19:44 - [TEST_STEP][PASSED] - Statement - PreSaveFile = new java.io.File(((pathPrefix + java.lang.Integer.toString(counter)) + .png)): null

2018-12-20 13:19:44 - [TEST_STEP][PASSED] - Statement - counter = counter + 1: null

2018-12-20 13:19:44 - [TEST_STEP][PASSED] - Statement - PreSaveFile = new java.io.File(((pathPrefix + java.lang.Integer.toString(counter)) + .png)): null

2018-12-20 13:19:44 - [TEST_STEP][PASSED] - Statement - counter = counter + 1: null

2018-12-20 13:19:44 - [TEST_STEP][PASSED] - Statement - PreSaveFile = new java.io.File(((pathPrefix + java.lang.Integer.toString(counter)) + .png)): null

2018-12-20 13:19:44 - [TEST_STEP][PASSED] - Statement - counter = counter + 1: null

2018-12-20 13:19:44 - [TEST_STEP][PASSED] - Statement - PreSaveFile = new java.io.File(((pathPrefix + java.lang.Integer.toString(counter)) + .png)): null

2018-12-20 13:19:44 - [TEST_STEP][PASSED] - Statement - counter = counter + 1: null

2018-12-20 13:19:44 - [TEST_STEP][PASSED] - Statement - PreSaveFile = new java.io.File(((pathPrefix + java.lang.Integer.toString(counter)) + .png)): null

2018-12-20 13:19:44 - [TEST_STEP][PASSED] - Statement - counter = counter + 1: null

2018-12-20 13:19:44 - [TEST_STEP][PASSED] - Statement - PreSaveFile = new java.io.File(((pathPrefix + java.lang.Integer.toString(counter)) + .png)): null

2018-12-20 13:19:44 - [TEST_STEP][PASSED] - Statement - counter = counter + 1: null

2018-12-20 13:19:44 - [TEST_STEP][PASSED] - Statement - PreSaveFile = new java.io.File(((pathPrefix + java.lang.Integer.toString(counter)) + .png)): null

2018-12-20 13:19:44 - [TEST_STEP][PASSED] - Statement - counter = counter + 1: null

2018-12-20 13:19:44 - [TEST_STEP][PASSED] - Statement - PreSaveFile = new java.io.File(((pathPrefix + java.lang.Integer.toString(counter)) + .png)): null

2018-12-20 13:19:44 - [TEST_STEP][PASSED] - Statement - counter = counter + 1: null

2018-12-20 13:19:44 - [TEST_STEP][PASSED] - Statement - PreSaveFile = new java.io.File(((pathPrefix + java.lang.Integer.toString(counter)) + .png)): null

2018-12-20 13:19:44 - [TEST_STEP][PASSED] - Statement - counter = counter + 1: null

2018-12-20 13:19:44 - [TEST_STEP][PASSED] - Statement - PreSaveFile = new java.io.File(((pathPrefix + java.lang.Integer.toString(counter)) + .png)): null

2018-12-20 13:19:44 - [TEST_STEP][PASSED] - Statement - counter = counter + 1: null

2018-12-20 13:19:44 - [TEST_STEP][PASSED] - Statement - PreSaveFile = new java.io.File(((pathPrefix + java.lang.Integer.toString(counter)) + .png)): null

2018-12-20 13:19:44 - [TEST_STEP][PASSED] - Statement - counter = counter + 1: null

2018-12-20 13:19:44 - [TEST_STEP][PASSED] - Statement - PreSaveFile = new java.io.File(((pathPrefix + java.lang.Integer.toString(counter)) + .png)): null

2018-12-20 13:19:44 - [TEST_STEP][PASSED] - Statement - counter = counter + 1: null

2018-12-20 13:19:44 - [TEST_STEP][PASSED] - Statement - PreSaveFile = new java.io.File(((pathPrefix + java.lang.Integer.toString(counter)) + .png)): null

2018-12-20 13:19:44 - [TEST_STEP][PASSED] - Statement - counter = counter + 1: null

2018-12-20 13:19:44 - [TEST_STEP][PASSED] - Statement - PreSaveFile = new java.io.File(((pathPrefix + java.lang.Integer.toString(counter)) + .png)): null

2018-12-20 13:19:45 - [TEST_STEP][PASSED] - Statement - counter = counter + 1: null

2018-12-20 13:19:45 - [TEST_STEP][PASSED] - Statement - PreSaveFile = new java.io.File(((pathPrefix + java.lang.Integer.toString(counter)) + .png)): null

2018-12-20 13:19:45 - [TEST_STEP][PASSED] - Statement - counter = counter + 1: null

2018-12-20 13:19:45 - [TEST_STEP][PASSED] - Statement - PreSaveFile = new java.io.File(((pathPrefix + java.lang.Integer.toString(counter)) + .png)): null

2018-12-20 13:19:45 - [TEST_STEP][PASSED] - Statement - counter = counter + 1: null

2018-12-20 13:19:45 - [TEST_STEP][PASSED] - Statement - PreSaveFile = new java.io.File(((pathPrefix + java.lang.Integer.toString(counter)) + .png)): null

2018-12-20 13:19:45 - [TEST_STEP][PASSED] - Statement - counter = counter + 1: null

2018-12-20 13:19:45 - [TEST_STEP][PASSED] - Statement - PreSaveFile = new java.io.File(((pathPrefix + java.lang.Integer.toString(counter)) + .png)): null

2018-12-20 13:19:45 - [TEST_STEP][PASSED] - Statement - counter = counter + 1: null

2018-12-20 13:19:45 - [TEST_STEP][PASSED] - Statement - PreSaveFile = new java.io.File(((pathPrefix + java.lang.Integer.toString(counter)) + .png)): null

2018-12-20 13:19:45 - [TEST_STEP][PASSED] - Statement - counter = counter + 1: null

2018-12-20 13:19:45 - [TEST_STEP][PASSED] - Statement - PreSaveFile = new java.io.File(((pathPrefix + java.lang.Integer.toString(counter)) + .png)): null

2018-12-20 13:19:45 - [TEST_STEP][PASSED] - Statement - counter = counter + 1: null

2018-12-20 13:19:45 - [TEST_STEP][PASSED] - Statement - PreSaveFile = new java.io.File(((pathPrefix + java.lang.Integer.toString(counter)) + .png)): null

2018-12-20 13:19:45 - [TEST_STEP][PASSED] - Statement - counter = counter + 1: null

2018-12-20 13:19:45 - [TEST_STEP][PASSED] - Statement - PreSaveFile = new java.io.File(((pathPrefix + java.lang.Integer.toString(counter)) + .png)): null

2018-12-20 13:19:45 - [TEST_STEP][PASSED] - Statement - counter = counter + 1: null

2018-12-20 13:19:45 - [TEST_STEP][PASSED] - Statement - PreSaveFile = new java.io.File(((pathPrefix + java.lang.Integer.toString(counter)) + .png)): null

2018-12-20 13:19:45 - [TEST_STEP][PASSED] - Statement - counter = counter + 1: null

2018-12-20 13:19:45 - [TEST_STEP][PASSED] - Statement - PreSaveFile = new java.io.File(((pathPrefix + java.lang.Integer.toString(counter)) + .png)): null

2018-12-20 13:19:45 - [TEST_STEP][PASSED] - Statement - counter = counter + 1: null

2018-12-20 13:19:45 - [TEST_STEP][PASSED] - Statement - PreSaveFile = new java.io.File(((pathPrefix + java.lang.Integer.toString(counter)) + .png)): null

2018-12-20 13:19:45 - [TEST_STEP][PASSED] - Statement - counter = counter + 1: null

2018-12-20 13:19:45 - [TEST_STEP][PASSED] - Statement - PreSaveFile = new java.io.File(((pathPrefix + java.lang.Integer.toString(counter)) + .png)): null

2018-12-20 13:19:45 - [TEST_STEP][PASSED] - Statement - counter = counter + 1: null

2018-12-20 13:19:45 - [TEST_STEP][PASSED] - Statement - PreSaveFile = new java.io.File(((pathPrefix + java.lang.Integer.toString(counter)) + .png)): null

2018-12-20 13:19:45 - [TEST_STEP][PASSED] - Statement - counter = counter + 1: null

2018-12-20 13:19:45 - [TEST_STEP][PASSED] - Statement - PreSaveFile = new java.io.File(((pathPrefix + java.lang.Integer.toString(counter)) + .png)): null

2018-12-20 13:19:46 - [TEST_STEP][PASSED] - Statement - counter = counter + 1: null

2018-12-20 13:19:46 - [TEST_STEP][PASSED] - Statement - PreSaveFile = new java.io.File(((pathPrefix + java.lang.Integer.toString(counter)) + .png)): null

2018-12-20 13:19:46 - [TEST_STEP][PASSED] - Statement - counter = counter + 1: null

2018-12-20 13:19:46 - [TEST_STEP][PASSED] - Statement - PreSaveFile = new java.io.File(((pathPrefix + java.lang.Integer.toString(counter)) + .png)): null

2018-12-20 13:19:46 - [TEST_STEP][PASSED] - Statement - counter = counter + 1: null

2018-12-20 13:19:46 - [TEST_STEP][PASSED] - Statement - PreSaveFile = new java.io.File(((pathPrefix + java.lang.Integer.toString(counter)) + .png)): null

2018-12-20 13:19:46 - [TEST_STEP][PASSED] - Statement - counter = counter + 1: null

2018-12-20 13:19:46 - [TEST_STEP][PASSED] - Statement - PreSaveFile = new java.io.File(((pathPrefix + java.lang.Integer.toString(counter)) + .png)): null

2018-12-20 13:19:46 - [TEST_STEP][PASSED] - Statement - counter = counter + 1: null

2018-12-20 13:19:46 - [TEST_STEP][PASSED] - Statement - PreSaveFile = new java.io.File(((pathPrefix + java.lang.Integer.toString(counter)) + .png)): null

2018-12-20 13:19:46 - [TEST_STEP][PASSED] - Statement - counter = counter + 1: null

2018-12-20 13:19:46 - [TEST_STEP][PASSED] - Statement - PreSaveFile = new java.io.File(((pathPrefix + java.lang.Integer.toString(counter)) + .png)): null

2018-12-20 13:19:46 - [TEST_STEP][PASSED] - Statement - counter = counter + 1: null

2018-12-20 13:19:46 - [TEST_STEP][PASSED] - Statement - PreSaveFile = new java.io.File(((pathPrefix + java.lang.Integer.toString(counter)) + .png)): null

2018-12-20 13:19:46 - [TEST_STEP][PASSED] - Statement - counter = counter + 1: null

2018-12-20 13:19:46 - [TEST_STEP][PASSED] - Statement - PreSaveFile = new java.io.File(((pathPrefix + java.lang.Integer.toString(counter)) + .png)): null

2018-12-20 13:19:46 - [TEST_STEP][PASSED] - Statement - counter = counter + 1: null

2018-12-20 13:19:46 - [TEST_STEP][PASSED] - Statement - PreSaveFile = new java.io.File(((pathPrefix + java.lang.Integer.toString(counter)) + .png)): null

2018-12-20 13:19:46 - [TEST_STEP][PASSED] - Statement - counter = counter + 1: null

2018-12-20 13:19:46 - [TEST_STEP][PASSED] - Statement - PreSaveFile = new java.io.File(((pathPrefix + java.lang.Integer.toString(counter)) + .png)): null

2018-12-20 13:19:46 - [TEST_STEP][PASSED] - Statement - counter = counter + 1: null

2018-12-20 13:19:46 - [TEST_STEP][PASSED] - Statement - PreSaveFile = new java.io.File(((pathPrefix + java.lang.Integer.toString(counter)) + .png)): null

2018-12-20 13:19:46 - [TEST_STEP][PASSED] - Statement - counter = counter + 1: null

2018-12-20 13:19:46 - [TEST_STEP][PASSED] - Statement - PreSaveFile = new java.io.File(((pathPrefix + java.lang.Integer.toString(counter)) + .png)): null

2018-12-20 13:19:46 - [TEST_STEP][PASSED] - Statement - counter = counter + 1: null

2018-12-20 13:19:46 - [TEST_STEP][PASSED] - Statement - PreSaveFile = new java.io.File(((pathPrefix + java.lang.Integer.toString(counter)) + .png)): null

2018-12-20 13:19:46 - [TEST_STEP][PASSED] - Statement - counter = counter + 1: null

2018-12-20 13:19:46 - [TEST_STEP][PASSED] - Statement - PreSaveFile = new java.io.File(((pathPrefix + java.lang.Integer.toString(counter)) + .png)): null

2018-12-20 13:19:46 - [TEST_STEP][PASSED] - Statement - counter = counter + 1: null

2018-12-20 13:19:47 - [TEST_STEP][PASSED] - Statement - PreSaveFile = new java.io.File(((pathPrefix + java.lang.Integer.toString(counter)) + .png)): null

2018-12-20 13:19:47 - [TEST_STEP][PASSED] - Statement - counter = counter + 1: null

2018-12-20 13:19:47 - [TEST_STEP][PASSED] - Statement - PreSaveFile = new java.io.File(((pathPrefix + java.lang.Integer.toString(counter)) + .png)): null

2018-12-20 13:19:47 - [TEST_STEP][PASSED] - Statement - counter = counter + 1: null

2018-12-20 13:19:47 - [TEST_STEP][PASSED] - Statement - PreSaveFile = new java.io.File(((pathPrefix + java.lang.Integer.toString(counter)) + .png)): null

2018-12-20 13:19:47 - [TEST_STEP][PASSED] - Statement - counter = counter + 1: null

2018-12-20 13:19:47 - [TEST_STEP][PASSED] - Statement - PreSaveFile = new java.io.File(((pathPrefix + java.lang.Integer.toString(counter)) + .png)): null

2018-12-20 13:19:47 - [TEST_STEP][PASSED] - Statement - counter = counter + 1: null

2018-12-20 13:19:47 - [TEST_STEP][PASSED] - Statement - PreSaveFile = new java.io.File(((pathPrefix + java.lang.Integer.toString(counter)) + .png)): null

2018-12-20 13:19:47 - [TEST_STEP][PASSED] - Statement - counter = counter + 1: null

2018-12-20 13:19:47 - [TEST_STEP][PASSED] - Statement - PreSaveFile = new java.io.File(((pathPrefix + java.lang.Integer.toString(counter)) + .png)): null

2018-12-20 13:19:47 - [TEST_STEP][PASSED] - Statement - counter = counter + 1: null

2018-12-20 13:19:47 - [TEST_STEP][PASSED] - Statement - PreSaveFile = new java.io.File(((pathPrefix + java.lang.Integer.toString(counter)) + .png)): null

2018-12-20 13:19:47 - [TEST_STEP][PASSED] - Statement - counter = counter + 1: null

2018-12-20 13:19:47 - [TEST_STEP][PASSED] - Statement - PreSaveFile = new java.io.File(((pathPrefix + java.lang.Integer.toString(counter)) + .png)): null

2018-12-20 13:19:47 - [TEST_STEP][PASSED] - Statement - counter = counter + 1: null

2018-12-20 13:19:47 - [TEST_STEP][PASSED] - Statement - PreSaveFile = new java.io.File(((pathPrefix + java.lang.Integer.toString(counter)) + .png)): null

2018-12-20 13:19:47 - [TEST_STEP][PASSED] - Statement - counter = counter + 1: null

2018-12-20 13:19:47 - [TEST_STEP][PASSED] - Statement - PreSaveFile = new java.io.File(((pathPrefix + java.lang.Integer.toString(counter)) + .png)): null

2018-12-20 13:19:47 - [TEST_STEP][PASSED] - Statement - counter = counter + 1: null

2018-12-20 13:19:47 - [TEST_STEP][PASSED] - Statement - PreSaveFile = new java.io.File(((pathPrefix + java.lang.Integer.toString(counter)) + .png)): null

2018-12-20 13:19:47 - [TEST_STEP][PASSED] - Statement - counter = counter + 1: null

2018-12-20 13:19:47 - [TEST_STEP][PASSED] - Statement - PreSaveFile = new java.io.File(((pathPrefix + java.lang.Integer.toString(counter)) + .png)): null

2018-12-20 13:19:47 - [TEST_STEP][PASSED] - Statement - counter = counter + 1: null

2018-12-20 13:19:47 - [TEST_STEP][PASSED] - Statement - PreSaveFile = new java.io.File(((pathPrefix + java.lang.Integer.toString(counter)) + .png)): null

2018-12-20 13:19:47 - [TEST_STEP][PASSED] - Statement - counter = counter + 1: null

2018-12-20 13:19:47 - [TEST_STEP][PASSED] - Statement - PreSaveFile = new java.io.File(((pathPrefix + java.lang.Integer.toString(counter)) + .png)): null

2018-12-20 13:19:47 - [TEST_STEP][PASSED] - Statement - counter = counter + 1: null

2018-12-20 13:19:47 - [TEST_STEP][PASSED] - Statement - PreSaveFile = new java.io.File(((pathPrefix + java.lang.Integer.toString(counter)) + .png)): null

2018-12-20 13:19:48 - [TEST_STEP][PASSED] - Statement - counter = counter + 1: null

2018-12-20 13:19:48 - [TEST_STEP][PASSED] - Statement - PreSaveFile = new java.io.File(((pathPrefix + java.lang.Integer.toString(counter)) + .png)): null

2018-12-20 13:19:48 - [TEST_STEP][PASSED] - Statement - counter = counter + 1: null

2018-12-20 13:19:48 - [TEST_STEP][PASSED] - Statement - PreSaveFile = new java.io.File(((pathPrefix + java.lang.Integer.toString(counter)) + .png)): null

2018-12-20 13:19:48 - [TEST_STEP][PASSED] - Statement - counter = counter + 1: null

2018-12-20 13:19:48 - [TEST_STEP][PASSED] - Statement - PreSaveFile = new java.io.File(((pathPrefix + java.lang.Integer.toString(counter)) + .png)): null

2018-12-20 13:19:48 - [TEST_STEP][PASSED] - Statement - counter = counter + 1: null

2018-12-20 13:19:48 - [TEST_STEP][PASSED] - Statement - PreSaveFile = new java.io.File(((pathPrefix + java.lang.Integer.toString(counter)) + .png)): null

2018-12-20 13:19:48 - [TEST_STEP][PASSED] - Statement - counter = counter + 1: null

2018-12-20 13:19:48 - [TEST_STEP][PASSED] - Statement - PreSaveFile = new java.io.File(((pathPrefix + java.lang.Integer.toString(counter)) + .png)): null

2018-12-20 13:19:48 - [TEST_STEP][PASSED] - Statement - counter = counter + 1: null

2018-12-20 13:19:48 - [TEST_STEP][PASSED] - Statement - PreSaveFile = new java.io.File(((pathPrefix + java.lang.Integer.toString(counter)) + .png)): null

2018-12-20 13:19:48 - [TEST_STEP][PASSED] - Statement - counter = counter + 1: null

2018-12-20 13:19:48 - [TEST_STEP][PASSED] - Statement - PreSaveFile = new java.io.File(((pathPrefix + java.lang.Integer.toString(counter)) + .png)): null

2018-12-20 13:19:48 - [TEST_STEP][PASSED] - Statement - counter = counter + 1: null

2018-12-20 13:19:48 - [TEST_STEP][PASSED] - Statement - PreSaveFile = new java.io.File(((pathPrefix + java.lang.Integer.toString(counter)) + .png)): null

2018-12-20 13:19:48 - [TEST_STEP][PASSED] - Statement - counter = counter + 1: null

2018-12-20 13:19:48 - [TEST_STEP][PASSED] - Statement - PreSaveFile = new java.io.File(((pathPrefix + java.lang.Integer.toString(counter)) + .png)): null

2018-12-20 13:19:48 - [TEST_STEP][PASSED] - Statement - counter = counter + 1: null

2018-12-20 13:19:48 - [TEST_STEP][PASSED] - Statement - PreSaveFile = new java.io.File(((pathPrefix + java.lang.Integer.toString(counter)) + .png)): null

2018-12-20 13:19:48 - [TEST_STEP][PASSED] - Statement - counter = counter + 1: null

2018-12-20 13:19:48 - [TEST_STEP][PASSED] - Statement - PreSaveFile = new java.io.File(((pathPrefix + java.lang.Integer.toString(counter)) + .png)): null

2018-12-20 13:19:48 - [TEST_STEP][PASSED] - Statement - counter = counter + 1: null

2018-12-20 13:19:48 - [TEST_STEP][PASSED] - Statement - PreSaveFile = new java.io.File(((pathPrefix + java.lang.Integer.toString(counter)) + .png)): null

2018-12-20 13:19:48 - [TEST_STEP][PASSED] - Statement - counter = counter + 1: null

2018-12-20 13:19:48 - [TEST_STEP][PASSED] - Statement - PreSaveFile = new java.io.File(((pathPrefix + java.lang.Integer.toString(counter)) + .png)): null

2018-12-20 13:19:48 - [TEST_STEP][PASSED] - Statement - counter = counter + 1: null

2018-12-20 13:19:48 - [TEST_STEP][PASSED] - Statement - PreSaveFile = new java.io.File(((pathPrefix + java.lang.Integer.toString(counter)) + .png)): null

2018-12-20 13:19:48 - [TEST_STEP][PASSED] - Statement - counter = counter + 1: null

2018-12-20 13:19:49 - [TEST_STEP][PASSED] - Statement - PreSaveFile = new java.io.File(((pathPrefix + java.lang.Integer.toString(counter)) + .png)): null

2018-12-20 13:19:49 - [TEST_STEP][PASSED] - Statement - counter = counter + 1: null

2018-12-20 13:19:49 - [TEST_STEP][PASSED] - Statement - PreSaveFile = new java.io.File(((pathPrefix + java.lang.Integer.toString(counter)) + .png)): null

2018-12-20 13:19:49 - [TEST_STEP][PASSED] - Statement - counter = counter + 1: null

2018-12-20 13:19:49 - [TEST_STEP][PASSED] - Statement - PreSaveFile = new java.io.File(((pathPrefix + java.lang.Integer.toString(counter)) + .png)): null

2018-12-20 13:19:49 - [TEST_STEP][PASSED] - Statement - counter = counter + 1: null

2018-12-20 13:19:49 - [TEST_STEP][PASSED] - Statement - PreSaveFile = new java.io.File(((pathPrefix + java.lang.Integer.toString(counter)) + .png)): null

2018-12-20 13:19:49 - [TEST_STEP][PASSED] - Statement - counter = counter + 1: null

2018-12-20 13:19:49 - [TEST_STEP][PASSED] - Statement - PreSaveFile = new java.io.File(((pathPrefix + java.lang.Integer.toString(counter)) + .png)): null

2018-12-20 13:19:49 - [TEST_STEP][PASSED] - Statement - counter = counter + 1: null

2018-12-20 13:19:49 - [TEST_STEP][PASSED] - Statement - PreSaveFile = new java.io.File(((pathPrefix + java.lang.Integer.toString(counter)) + .png)): null

2018-12-20 13:19:49 - [TEST_STEP][PASSED] - Statement - counter = counter + 1: null

2018-12-20 13:19:49 - [TEST_STEP][PASSED] - Statement - PreSaveFile = new java.io.File(((pathPrefix + java.lang.Integer.toString(counter)) + .png)): null

2018-12-20 13:19:49 - [TEST_STEP][PASSED] - Statement - counter = counter + 1: null

2018-12-20 13:19:49 - [TEST_STEP][PASSED] - Statement - PreSaveFile = new java.io.File(((pathPrefix + java.lang.Integer.toString(counter)) + .png)): null

2018-12-20 13:19:49 - [TEST_STEP][PASSED] - Statement - counter = counter + 1: null

2018-12-20 13:19:49 - [TEST_STEP][PASSED] - Statement - PreSaveFile = new java.io.File(((pathPrefix + java.lang.Integer.toString(counter)) + .png)): null

2018-12-20 13:19:49 - [TEST_STEP][PASSED] - Statement - counter = counter + 1: null

2018-12-20 13:19:49 - [TEST_STEP][PASSED] - Statement - PreSaveFile = new java.io.File(((pathPrefix + java.lang.Integer.toString(counter)) + .png)): null

2018-12-20 13:19:49 - [TEST_STEP][PASSED] - Statement - counter = counter + 1: null

2018-12-20 13:19:49 - [TEST_STEP][PASSED] - Statement - PreSaveFile = new java.io.File(((pathPrefix + java.lang.Integer.toString(counter)) + .png)): null

2018-12-20 13:19:49 - [TEST_STEP][PASSED] - Statement - counter = counter + 1: null

2018-12-20 13:19:49 - [TEST_STEP][PASSED] - Statement - PreSaveFile = new java.io.File(((pathPrefix + java.lang.Integer.toString(counter)) + .png)): null

2018-12-20 13:19:49 - [TEST_STEP][PASSED] - Statement - counter = counter + 1: null

2018-12-20 13:19:49 - [TEST_STEP][PASSED] - Statement - PreSaveFile = new java.io.File(((pathPrefix + java.lang.Integer.toString(counter)) + .png)): null

2018-12-20 13:19:49 - [TEST_STEP][PASSED] - Statement - counter = counter + 1: null

2018-12-20 13:19:49 - [TEST_STEP][PASSED] - Statement - PreSaveFile = new java.io.File(((pathPrefix + java.lang.Integer.toString(counter)) + .png)): null

2018-12-20 13:19:49 - [TEST_STEP][PASSED] - Statement - counter = counter + 1: null

2018-12-20 13:19:49 - [TEST_STEP][PASSED] - Statement - PreSaveFile = new java.io.File(((pathPrefix + java.lang.Integer.toString(counter)) + .png)): null

2018-12-20 13:19:49 - [TEST_STEP][PASSED] - Statement - counter = counter + 1: null

2018-12-20 13:19:49 - [TEST_STEP][PASSED] - Statement - PreSaveFile = new java.io.File(((pathPrefix + java.lang.Integer.toString(counter)) + .png)): null

2018-12-20 13:19:49 - [TEST_STEP][PASSED] - Statement - counter = counter + 1: null

2018-12-20 13:19:49 - [TEST_STEP][PASSED] - Statement - PreSaveFile = new java.io.File(((pathPrefix + java.lang.Integer.toString(counter)) + .png)): null

2018-12-20 13:19:49 - [TEST_STEP][PASSED] - Statement - counter = counter + 1: null

2018-12-20 13:19:49 - [TEST_STEP][PASSED] - Statement - PreSaveFile = new java.io.File(((pathPrefix + java.lang.Integer.toString(counter)) + .png)): null

2018-12-20 13:19:49 - [TEST_STEP][PASSED] - Statement - counter = counter + 1: null

2018-12-20 13:19:49 - [TEST_STEP][PASSED] - Statement - PreSaveFile = new java.io.File(((pathPrefix + java.lang.Integer.toString(counter)) + .png)): null

2018-12-20 13:19:49 - [TEST_STEP][PASSED] - Statement - counter = counter + 1: null

2018-12-20 13:19:50 - [TEST_STEP][PASSED] - Statement - PreSaveFile = new java.io.File(((pathPrefix + java.lang.Integer.toString(counter)) + .png)): null

2018-12-20 13:19:50 - [TEST_STEP][PASSED] - Statement - counter = counter + 1: null

2018-12-20 13:19:50 - [TEST_STEP][PASSED] - Statement - PreSaveFile = new java.io.File(((pathPrefix + java.lang.Integer.toString(counter)) + .png)): null

2018-12-20 13:19:50 - [TEST_STEP][PASSED] - Statement - counter = counter + 1: null

2018-12-20 13:19:50 - [TEST_STEP][PASSED] - Statement - PreSaveFile = new java.io.File(((pathPrefix + java.lang.Integer.toString(counter)) + .png)): null

2018-12-20 13:19:50 - [TEST_STEP][PASSED] - Statement - counter = counter + 1: null

2018-12-20 13:19:50 - [TEST_STEP][PASSED] - Statement - PreSaveFile = new java.io.File(((pathPrefix + java.lang.Integer.toString(counter)) + .png)): null

2018-12-20 13:19:50 - [TEST_STEP][PASSED] - Statement - counter = counter + 1: null

2018-12-20 13:19:50 - [TEST_STEP][PASSED] - Statement - PreSaveFile = new java.io.File(((pathPrefix + java.lang.Integer.toString(counter)) + .png)): null

2018-12-20 13:19:50 - [TEST_STEP][PASSED] - Statement - counter = counter + 1: null

2018-12-20 13:19:50 - [TEST_STEP][PASSED] - Statement - PreSaveFile = new java.io.File(((pathPrefix + java.lang.Integer.toString(counter)) + .png)): null

2018-12-20 13:19:50 - [TEST_STEP][PASSED] - Statement - counter = counter + 1: null

2018-12-20 13:19:50 - [TEST_STEP][PASSED] - Statement - PreSaveFile = new java.io.File(((pathPrefix + java.lang.Integer.toString(counter)) + .png)): null

2018-12-20 13:19:50 - [TEST_STEP][PASSED] - Statement - counter = counter + 1: null

2018-12-20 13:19:50 - [TEST_STEP][PASSED] - Statement - PreSaveFile = new java.io.File(((pathPrefix + java.lang.Integer.toString(counter)) + .png)): null

2018-12-20 13:19:50 - [TEST_STEP][PASSED] - Statement - counter = counter + 1: null

2018-12-20 13:19:50 - [TEST_STEP][PASSED] - Statement - PreSaveFile = new java.io.File(((pathPrefix + java.lang.Integer.toString(counter)) + .png)): null

2018-12-20 13:19:50 - [TEST_STEP][PASSED] - Statement - counter = counter + 1: null

2018-12-20 13:19:50 - [TEST_STEP][PASSED] - Statement - PreSaveFile = new java.io.File(((pathPrefix + java.lang.Integer.toString(counter)) + .png)): null

2018-12-20 13:19:50 - [TEST_STEP][PASSED] - Statement - counter = counter + 1: null

2018-12-20 13:19:50 - [TEST_STEP][PASSED] - Statement - PreSaveFile = new java.io.File(((pathPrefix + java.lang.Integer.toString(counter)) + .png)): null

2018-12-20 13:19:50 - [TEST_STEP][PASSED] - Statement - counter = counter + 1: null

2018-12-20 13:19:50 - [TEST_STEP][PASSED] - Statement - PreSaveFile = new java.io.File(((pathPrefix + java.lang.Integer.toString(counter)) + .png)): null

2018-12-20 13:19:50 - [TEST_STEP][PASSED] - Statement - counter = counter + 1: null

2018-12-20 13:19:50 - [TEST_STEP][PASSED] - Statement - PreSaveFile = new java.io.File(((pathPrefix + java.lang.Integer.toString(counter)) + .png)): null

2018-12-20 13:19:50 - [TEST_STEP][PASSED] - Statement - counter = counter + 1: null

2018-12-20 13:19:50 - [TEST_STEP][PASSED] - Statement - PreSaveFile = new java.io.File(((pathPrefix + java.lang.Integer.toString(counter)) + .png)): null

2018-12-20 13:19:50 - [TEST_STEP][PASSED] - Statement - counter = counter + 1: null

2018-12-20 13:19:50 - [TEST_STEP][PASSED] - Statement - PreSaveFile = new java.io.File(((pathPrefix + java.lang.Integer.toString(counter)) + .png)): null

2018-12-20 13:19:51 - [TEST_STEP][PASSED] - Statement - counter = counter + 1: null

2018-12-20 13:19:51 - [TEST_STEP][PASSED] - Statement - PreSaveFile = new java.io.File(((pathPrefix + java.lang.Integer.toString(counter)) + .png)): null

2018-12-20 13:19:51 - [TEST_STEP][PASSED] - Statement - counter = counter + 1: null

2018-12-20 13:19:51 - [TEST_STEP][PASSED] - Statement - PreSaveFile = new java.io.File(((pathPrefix + java.lang.Integer.toString(counter)) + .png)): null

2018-12-20 13:19:51 - [TEST_STEP][PASSED] - Statement - counter = counter + 1: null

2018-12-20 13:19:51 - [TEST_STEP][PASSED] - Statement - PreSaveFile = new java.io.File(((pathPrefix + java.lang.Integer.toString(counter)) + .png)): null

2018-12-20 13:19:51 - [TEST_STEP][PASSED] - Statement - counter = counter + 1: null

2018-12-20 13:19:51 - [TEST_STEP][PASSED] - Statement - PreSaveFile = new java.io.File(((pathPrefix + java.lang.Integer.toString(counter)) + .png)): null

2018-12-20 13:19:51 - [TEST_STEP][PASSED] - Statement - counter = counter + 1: null

2018-12-20 13:19:51 - [TEST_STEP][PASSED] - Statement - PreSaveFile = new java.io.File(((pathPrefix + java.lang.Integer.toString(counter)) + .png)): null

2018-12-20 13:19:51 - [TEST_STEP][PASSED] - Statement - counter = counter + 1: null

2018-12-20 13:19:51 - [TEST_STEP][PASSED] - Statement - PreSaveFile = new java.io.File(((pathPrefix + java.lang.Integer.toString(counter)) + .png)): null

2018-12-20 13:19:51 - [TEST_STEP][PASSED] - Statement - counter = counter + 1: null

2018-12-20 13:19:51 - [TEST_STEP][PASSED] - Statement - PreSaveFile = new java.io.File(((pathPrefix + java.lang.Integer.toString(counter)) + .png)): null

2018-12-20 13:19:51 - [TEST_STEP][PASSED] - Statement - counter = counter + 1: null

2018-12-20 13:19:51 - [TEST_STEP][PASSED] - Statement - PreSaveFile = new java.io.File(((pathPrefix + java.lang.Integer.toString(counter)) + .png)): null

2018-12-20 13:19:51 - [TEST_STEP][PASSED] - Statement - counter = counter + 1: null

2018-12-20 13:19:51 - [TEST_STEP][PASSED] - Statement - PreSaveFile = new java.io.File(((pathPrefix + java.lang.Integer.toString(counter)) + .png)): null

2018-12-20 13:19:51 - [TEST_STEP][PASSED] - Statement - counter = counter + 1: null

2018-12-20 13:19:51 - [TEST_STEP][PASSED] - Statement - PreSaveFile = new java.io.File(((pathPrefix + java.lang.Integer.toString(counter)) + .png)): null

2018-12-20 13:19:51 - [TEST_STEP][PASSED] - Statement - counter = counter + 1: null

2018-12-20 13:19:51 - [TEST_STEP][PASSED] - Statement - PreSaveFile = new java.io.File(((pathPrefix + java.lang.Integer.toString(counter)) + .png)): null

2018-12-20 13:19:51 - [TEST_STEP][PASSED] - Statement - counter = counter + 1: null

2018-12-20 13:19:51 - [TEST_STEP][PASSED] - Statement - PreSaveFile = new java.io.File(((pathPrefix + java.lang.Integer.toString(counter)) + .png)): null

2018-12-20 13:19:51 - [TEST_STEP][PASSED] - Statement - counter = counter + 1: null

2018-12-20 13:19:51 - [TEST_STEP][PASSED] - Statement - PreSaveFile = new java.io.File(((pathPrefix + java.lang.Integer.toString(counter)) + .png)): null

2018-12-20 13:19:51 - [TEST_STEP][PASSED] - Statement - counter = counter + 1: null

2018-12-20 13:19:51 - [TEST_STEP][PASSED] - Statement - PreSaveFile = new java.io.File(((pathPrefix + java.lang.Integer.toString(counter)) + .png)): null

2018-12-20 13:19:51 - [TEST_STEP][PASSED] - Statement - counter = counter + 1: null

2018-12-20 13:19:52 - [TEST_STEP][PASSED] - Statement - PreSaveFile = new java.io.File(((pathPrefix + java.lang.Integer.toString(counter)) + .png)): null

2018-12-20 13:19:52 - [TEST_STEP][PASSED] - Statement - counter = counter + 1: null

2018-12-20 13:19:52 - [TEST_STEP][PASSED] - Statement - PreSaveFile = new java.io.File(((pathPrefix + java.lang.Integer.toString(counter)) + .png)): null

2018-12-20 13:19:52 - [TEST_STEP][PASSED] - Statement - counter = counter + 1: null

2018-12-20 13:19:52 - [TEST_STEP][PASSED] - Statement - PreSaveFile = new java.io.File(((pathPrefix + java.lang.Integer.toString(counter)) + .png)): null

2018-12-20 13:19:52 - [TEST_STEP][PASSED] - Statement - counter = counter + 1: null

2018-12-20 13:19:52 - [TEST_STEP][PASSED] - Statement - PreSaveFile = new java.io.File(((pathPrefix + java.lang.Integer.toString(counter)) + .png)): null

2018-12-20 13:19:52 - [TEST_STEP][PASSED] - Statement - counter = counter + 1: null

2018-12-20 13:19:52 - [TEST_STEP][PASSED] - Statement - PreSaveFile = new java.io.File(((pathPrefix + java.lang.Integer.toString(counter)) + .png)): null

2018-12-20 13:19:52 - [TEST_STEP][PASSED] - Statement - counter = counter + 1: null

2018-12-20 13:19:52 - [TEST_STEP][PASSED] - Statement - PreSaveFile = new java.io.File(((pathPrefix + java.lang.Integer.toString(counter)) + .png)): null

2018-12-20 13:19:52 - [TEST_STEP][PASSED] - Statement - counter = counter + 1: null

2018-12-20 13:19:52 - [TEST_STEP][PASSED] - Statement - PreSaveFile = new java.io.File(((pathPrefix + java.lang.Integer.toString(counter)) + .png)): null

2018-12-20 13:19:52 - [TEST_STEP][PASSED] - Statement - counter = counter + 1: null

2018-12-20 13:19:52 - [TEST_STEP][PASSED] - Statement - PreSaveFile = new java.io.File(((pathPrefix + java.lang.Integer.toString(counter)) + .png)): null

2018-12-20 13:19:52 - [TEST_STEP][PASSED] - Statement - counter = counter + 1: null

2018-12-20 13:19:52 - [TEST_STEP][PASSED] - Statement - PreSaveFile = new java.io.File(((pathPrefix + java.lang.Integer.toString(counter)) + .png)): null

2018-12-20 13:19:52 - [TEST_STEP][PASSED] - Statement - counter = counter + 1: null

2018-12-20 13:19:52 - [TEST_STEP][PASSED] - Statement - PreSaveFile = new java.io.File(((pathPrefix + java.lang.Integer.toString(counter)) + .png)): null

2018-12-20 13:19:52 - [TEST_STEP][PASSED] - Statement - counter = counter + 1: null

2018-12-20 13:19:52 - [TEST_STEP][PASSED] - Statement - PreSaveFile = new java.io.File(((pathPrefix + java.lang.Integer.toString(counter)) + .png)): null

2018-12-20 13:19:52 - [TEST_STEP][PASSED] - Statement - counter = counter + 1: null

2018-12-20 13:19:52 - [TEST_STEP][PASSED] - Statement - PreSaveFile = new java.io.File(((pathPrefix + java.lang.Integer.toString(counter)) + .png)): null

2018-12-20 13:19:52 - [TEST_STEP][PASSED] - Statement - counter = counter + 1: null

2018-12-20 13:19:52 - [TEST_STEP][PASSED] - Statement - PreSaveFile = new java.io.File(((pathPrefix + java.lang.Integer.toString(counter)) + .png)): null

2018-12-20 13:19:52 - [TEST_STEP][PASSED] - Statement - counter = counter + 1: null

2018-12-20 13:19:52 - [TEST_STEP][PASSED] - Statement - PreSaveFile = new java.io.File(((pathPrefix + java.lang.Integer.toString(counter)) + .png)): null

2018-12-20 13:19:52 - [TEST_STEP][PASSED] - Statement - counter = counter + 1: null

2018-12-20 13:19:52 - [TEST_STEP][PASSED] - Statement - PreSaveFile = new java.io.File(((pathPrefix + java.lang.Integer.toString(counter)) + .png)): null

2018-12-20 13:19:53 - [TEST_STEP][PASSED] - Statement - counter = counter + 1: null

2018-12-20 13:19:53 - [TEST_STEP][PASSED] - Statement - PreSaveFile = new java.io.File(((pathPrefix + java.lang.Integer.toString(counter)) + .png)): null

2018-12-20 13:19:53 - [TEST_STEP][PASSED] - Statement - counter = counter + 1: null

2018-12-20 13:19:53 - [TEST_STEP][PASSED] - Statement - PreSaveFile = new java.io.File(((pathPrefix + java.lang.Integer.toString(counter)) + .png)): null

2018-12-20 13:19:53 - [TEST_STEP][PASSED] - Statement - counter = counter + 1: null

2018-12-20 13:19:53 - [TEST_STEP][PASSED] - Statement - PreSaveFile = new java.io.File(((pathPrefix + java.lang.Integer.toString(counter)) + .png)): null

2018-12-20 13:19:53 - [TEST_STEP][PASSED] - Statement - counter = counter + 1: null

2018-12-20 13:19:53 - [TEST_STEP][PASSED] - Statement - PreSaveFile = new java.io.File(((pathPrefix + java.lang.Integer.toString(counter)) + .png)): null

2018-12-20 13:19:53 - [TEST_STEP][PASSED] - Statement - counter = counter + 1: null

2018-12-20 13:19:53 - [TEST_STEP][PASSED] - Statement - PreSaveFile = new java.io.File(((pathPrefix + java.lang.Integer.toString(counter)) + .png)): null

2018-12-20 13:19:53 - [TEST_STEP][PASSED] - Statement - counter = counter + 1: null

2018-12-20 13:19:53 - [TEST_STEP][PASSED] - Statement - PreSaveFile = new java.io.File(((pathPrefix + java.lang.Integer.toString(counter)) + .png)): null

2018-12-20 13:19:53 - [TEST_STEP][PASSED] - Statement - counter = counter + 1: null

2018-12-20 13:19:53 - [TEST_STEP][PASSED] - Statement - PreSaveFile = new java.io.File(((pathPrefix + java.lang.Integer.toString(counter)) + .png)): null

2018-12-20 13:19:53 - [TEST_STEP][PASSED] - Statement - counter = counter + 1: null

2018-12-20 13:19:53 - [TEST_STEP][PASSED] - Statement - PreSaveFile = new java.io.File(((pathPrefix + java.lang.Integer.toString(counter)) + .png)): null

2018-12-20 13:19:53 - [TEST_STEP][PASSED] - Statement - counter = counter + 1: null

2018-12-20 13:19:53 - [TEST_STEP][PASSED] - Statement - PreSaveFile = new java.io.File(((pathPrefix + java.lang.Integer.toString(counter)) + .png)): null

2018-12-20 13:19:53 - [TEST_STEP][PASSED] - Statement - counter = counter + 1: null

2018-12-20 13:19:53 - [TEST_STEP][PASSED] - Statement - PreSaveFile = new java.io.File(((pathPrefix + java.lang.Integer.toString(counter)) + .png)): null

2018-12-20 13:19:53 - [TEST_STEP][PASSED] - Statement - counter = counter + 1: null

2018-12-20 13:19:53 - [TEST_STEP][PASSED] - Statement - PreSaveFile = new java.io.File(((pathPrefix + java.lang.Integer.toString(counter)) + .png)): null

2018-12-20 13:19:53 - [TEST_STEP][PASSED] - Statement - counter = counter + 1: null

2018-12-20 13:19:53 - [TEST_STEP][PASSED] - Statement - PreSaveFile = new java.io.File(((pathPrefix + java.lang.Integer.toString(counter)) + .png)): null

2018-12-20 13:19:53 - [TEST_STEP][PASSED] - Statement - counter = counter + 1: null

2018-12-20 13:19:53 - [TEST_STEP][PASSED] - Statement - PreSaveFile = new java.io.File(((pathPrefix + java.lang.Integer.toString(counter)) + .png)): null

2018-12-20 13:19:53 - [TEST_STEP][PASSED] - Statement - counter = counter + 1: null

2018-12-20 13:19:53 - [TEST_STEP][PASSED] - Statement - PreSaveFile = new java.io.File(((pathPrefix + java.lang.Integer.toString(counter)) + .png)): null

2018-12-20 13:19:53 - [TEST_STEP][PASSED] - Statement - counter = counter + 1: null

2018-12-20 13:19:54 - [TEST_STEP][PASSED] - Statement - PreSaveFile = new java.io.File(((pathPrefix + java.lang.Integer.toString(counter)) + .png)): null

2018-12-20 13:19:54 - [TEST_STEP][PASSED] - Statement - counter = counter + 1: null

2018-12-20 13:19:54 - [TEST_STEP][PASSED] - Statement - PreSaveFile = new java.io.File(((pathPrefix + java.lang.Integer.toString(counter)) + .png)): null

2018-12-20 13:19:54 - [TEST_STEP][PASSED] - Statement - counter = counter + 1: null

2018-12-20 13:19:54 - [TEST_STEP][PASSED] - Statement - PreSaveFile = new java.io.File(((pathPrefix + java.lang.Integer.toString(counter)) + .png)): null

2018-12-20 13:19:54 - [TEST_STEP][PASSED] - Statement - counter = counter + 1: null

2018-12-20 13:19:54 - [TEST_STEP][PASSED] - Statement - PreSaveFile = new java.io.File(((pathPrefix + java.lang.Integer.toString(counter)) + .png)): null

2018-12-20 13:19:54 - [TEST_STEP][PASSED] - Statement - counter = counter + 1: null

2018-12-20 13:19:54 - [TEST_STEP][PASSED] - Statement - PreSaveFile = new java.io.File(((pathPrefix + java.lang.Integer.toString(counter)) + .png)): null

2018-12-20 13:19:54 - [TEST_STEP][PASSED] - Statement - counter = counter + 1: null

2018-12-20 13:19:54 - [TEST_STEP][PASSED] - Statement - PreSaveFile = new java.io.File(((pathPrefix + java.lang.Integer.toString(counter)) + .png)): null

2018-12-20 13:19:54 - [TEST_STEP][PASSED] - Statement - counter = counter + 1: null

2018-12-20 13:19:54 - [TEST_STEP][PASSED] - Statement - PreSaveFile = new java.io.File(((pathPrefix + java.lang.Integer.toString(counter)) + .png)): null

2018-12-20 13:19:54 - [TEST_STEP][PASSED] - Statement - counter = counter + 1: null

2018-12-20 13:19:54 - [TEST_STEP][PASSED] - Statement - PreSaveFile = new java.io.File(((pathPrefix + java.lang.Integer.toString(counter)) + .png)): null

2018-12-20 13:19:54 - [TEST_STEP][PASSED] - Statement - counter = counter + 1: null

2018-12-20 13:19:54 - [TEST_STEP][PASSED] - Statement - PreSaveFile = new java.io.File(((pathPrefix + java.lang.Integer.toString(counter)) + .png)): null

2018-12-20 13:19:54 - [TEST_STEP][PASSED] - Statement - counter = counter + 1: null

2018-12-20 13:19:54 - [TEST_STEP][PASSED] - Statement - PreSaveFile = new java.io.File(((pathPrefix + java.lang.Integer.toString(counter)) + .png)): null

2018-12-20 13:19:54 - [TEST_STEP][PASSED] - Statement - counter = counter + 1: null

2018-12-20 13:19:54 - [TEST_STEP][PASSED] - Statement - PreSaveFile = new java.io.File(((pathPrefix + java.lang.Integer.toString(counter)) + .png)): null

2018-12-20 13:19:54 - [TEST_STEP][PASSED] - Statement - counter = counter + 1: null

2018-12-20 13:19:54 - [TEST_STEP][PASSED] - Statement - PreSaveFile = new java.io.File(((pathPrefix + java.lang.Integer.toString(counter)) + .png)): null

2018-12-20 13:19:54 - [TEST_STEP][PASSED] - Statement - counter = counter + 1: null

2018-12-20 13:19:54 - [TEST_STEP][PASSED] - Statement - PreSaveFile = new java.io.File(((pathPrefix + java.lang.Integer.toString(counter)) + .png)): null

2018-12-20 13:19:54 - [TEST_STEP][PASSED] - Statement - counter = counter + 1: null

2018-12-20 13:19:54 - [TEST_STEP][PASSED] - Statement - PreSaveFile = new java.io.File(((pathPrefix + java.lang.Integer.toString(counter)) + .png)): null

2018-12-20 13:19:54 - [TEST_STEP][PASSED] - Statement - counter = counter + 1: null

2018-12-20 13:19:55 - [TEST_STEP][PASSED] - Statement - PreSaveFile = new java.io.File(((pathPrefix + java.lang.Integer.toString(counter)) + .png)): null

2018-12-20 13:19:55 - [TEST_STEP][PASSED] - Statement - counter = counter + 1: null

2018-12-20 13:19:55 - [TEST_STEP][PASSED] - Statement - PreSaveFile = new java.io.File(((pathPrefix + java.lang.Integer.toString(counter)) + .png)): null

2018-12-20 13:19:55 - [TEST_STEP][PASSED] - Statement - counter = counter + 1: null

2018-12-20 13:19:55 - [TEST_STEP][PASSED] - Statement - PreSaveFile = new java.io.File(((pathPrefix + java.lang.Integer.toString(counter)) + .png)): null

2018-12-20 13:19:55 - [TEST_STEP][PASSED] - Statement - counter = counter + 1: null

2018-12-20 13:19:55 - [TEST_STEP][PASSED] - Statement - PreSaveFile = new java.io.File(((pathPrefix + java.lang.Integer.toString(counter)) + .png)): null

2018-12-20 13:19:55 - [TEST_STEP][PASSED] - Statement - counter = counter + 1: null

2018-12-20 13:19:55 - [TEST_STEP][PASSED] - Statement - PreSaveFile = new java.io.File(((pathPrefix + java.lang.Integer.toString(counter)) + .png)): null

2018-12-20 13:19:55 - [TEST_STEP][PASSED] - Statement - counter = counter + 1: null

2018-12-20 13:19:55 - [TEST_STEP][PASSED] - Statement - PreSaveFile = new java.io.File(((pathPrefix + java.lang.Integer.toString(counter)) + .png)): null

2018-12-20 13:19:55 - [TEST_STEP][PASSED] - Statement - counter = counter + 1: null

2018-12-20 13:19:55 - [TEST_STEP][PASSED] - Statement - PreSaveFile = new java.io.File(((pathPrefix + java.lang.Integer.toString(counter)) + .png)): null

2018-12-20 13:19:55 - [TEST_STEP][PASSED] - Statement - counter = counter + 1: null

2018-12-20 13:19:55 - [TEST_STEP][PASSED] - Statement - PreSaveFile = new java.io.File(((pathPrefix + java.lang.Integer.toString(counter)) + .png)): null

2018-12-20 13:19:55 - [TEST_STEP][PASSED] - Statement - counter = counter + 1: null

2018-12-20 13:19:55 - [TEST_STEP][PASSED] - Statement - PreSaveFile = new java.io.File(((pathPrefix + java.lang.Integer.toString(counter)) + .png)): null

2018-12-20 13:19:55 - [TEST_STEP][PASSED] - Statement - counter = counter + 1: null

2018-12-20 13:19:55 - [TEST_STEP][PASSED] - Statement - PreSaveFile = new java.io.File(((pathPrefix + java.lang.Integer.toString(counter)) + .png)): null

2018-12-20 13:19:55 - [TEST_STEP][PASSED] - Statement - counter = counter + 1: null

2018-12-20 13:19:55 - [TEST_STEP][PASSED] - Statement - PreSaveFile = new java.io.File(((pathPrefix + java.lang.Integer.toString(counter)) + .png)): null

2018-12-20 13:19:55 - [TEST_STEP][PASSED] - Statement - counter = counter + 1: null

2018-12-20 13:19:55 - [TEST_STEP][PASSED] - Statement - PreSaveFile = new java.io.File(((pathPrefix + java.lang.Integer.toString(counter)) + .png)): null

2018-12-20 13:19:55 - [TEST_STEP][PASSED] - Statement - counter = counter + 1: null

2018-12-20 13:19:55 - [TEST_STEP][PASSED] - Statement - PreSaveFile = new java.io.File(((pathPrefix + java.lang.Integer.toString(counter)) + .png)): null

2018-12-20 13:19:55 - [TEST_STEP][PASSED] - Statement - counter = counter + 1: null

2018-12-20 13:19:55 - [TEST_STEP][PASSED] - Statement - PreSaveFile = new java.io.File(((pathPrefix + java.lang.Integer.toString(counter)) + .png)): null

2018-12-20 13:19:55 - [TEST_STEP][PASSED] - Statement - counter = counter + 1: null

2018-12-20 13:19:55 - [TEST_STEP][PASSED] - Statement - PreSaveFile = new java.io.File(((pathPrefix + java.lang.Integer.toString(counter)) + .png)): null

2018-12-20 13:19:56 - [TEST_STEP][PASSED] - Statement - counter = counter + 1: null

2018-12-20 13:19:56 - [TEST_STEP][PASSED] - Statement - PreSaveFile = new java.io.File(((pathPrefix + java.lang.Integer.toString(counter)) + .png)): null

2018-12-20 13:19:56 - [TEST_STEP][PASSED] - Statement - counter = counter + 1: null

2018-12-20 13:19:56 - [TEST_STEP][PASSED] - Statement - PreSaveFile = new java.io.File(((pathPrefix + java.lang.Integer.toString(counter)) + .png)): null

2018-12-20 13:19:56 - [TEST_STEP][PASSED] - Statement - counter = counter + 1: null

2018-12-20 13:19:56 - [TEST_STEP][PASSED] - Statement - PreSaveFile = new java.io.File(((pathPrefix + java.lang.Integer.toString(counter)) + .png)): null

2018-12-20 13:19:56 - [TEST_STEP][PASSED] - Statement - counter = counter + 1: null

2018-12-20 13:19:56 - [TEST_STEP][PASSED] - Statement - PreSaveFile = new java.io.File(((pathPrefix + java.lang.Integer.toString(counter)) + .png)): null

2018-12-20 13:19:56 - [TEST_STEP][PASSED] - Statement - counter = counter + 1: null

2018-12-20 13:19:56 - [TEST_STEP][PASSED] - Statement - PreSaveFile = new java.io.File(((pathPrefix + java.lang.Integer.toString(counter)) + .png)): null

2018-12-20 13:19:56 - [TEST_STEP][PASSED] - Statement - counter = counter + 1: null

2018-12-20 13:19:56 - [TEST_STEP][PASSED] - Statement - PreSaveFile = new java.io.File(((pathPrefix + java.lang.Integer.toString(counter)) + .png)): null

2018-12-20 13:19:56 - [TEST_STEP][PASSED] - Statement - counter = counter + 1: null

2018-12-20 13:19:56 - [TEST_STEP][PASSED] - Statement - PreSaveFile = new java.io.File(((pathPrefix + java.lang.Integer.toString(counter)) + .png)): null

2018-12-20 13:19:56 - [TEST_STEP][PASSED] - Statement - counter = counter + 1: null

2018-12-20 13:19:56 - [TEST_STEP][PASSED] - Statement - PreSaveFile = new java.io.File(((pathPrefix + java.lang.Integer.toString(counter)) + .png)): null

2018-12-20 13:19:56 - [TEST_STEP][PASSED] - Statement - counter = counter + 1: null

2018-12-20 13:19:56 - [TEST_STEP][PASSED] - Statement - PreSaveFile = new java.io.File(((pathPrefix + java.lang.Integer.toString(counter)) + .png)): null

2018-12-20 13:19:56 - [TEST_STEP][PASSED] - Statement - counter = counter + 1: null

2018-12-20 13:19:56 - [TEST_STEP][PASSED] - Statement - PreSaveFile = new java.io.File(((pathPrefix + java.lang.Integer.toString(counter)) + .png)): null

2018-12-20 13:19:56 - [TEST_STEP][PASSED] - Statement - counter = counter + 1: null

2018-12-20 13:19:56 - [TEST_STEP][PASSED] - Statement - PreSaveFile = new java.io.File(((pathPrefix + java.lang.Integer.toString(counter)) + .png)): null

2018-12-20 13:19:56 - [TEST_STEP][PASSED] - Statement - counter = counter + 1: null

2018-12-20 13:19:56 - [TEST_STEP][PASSED] - Statement - PreSaveFile = new java.io.File(((pathPrefix + java.lang.Integer.toString(counter)) + .png)): null

2018-12-20 13:19:56 - [TEST_STEP][PASSED] - Statement - counter = counter + 1: null

2018-12-20 13:19:56 - [TEST_STEP][PASSED] - Statement - PreSaveFile = new java.io.File(((pathPrefix + java.lang.Integer.toString(counter)) + .png)): null

2018-12-20 13:19:56 - [TEST_STEP][PASSED] - Statement - counter = counter + 1: null

2018-12-20 13:19:56 - [TEST_STEP][PASSED] - Statement - PreSaveFile = new java.io.File(((pathPrefix + java.lang.Integer.toString(counter)) + .png)): null

2018-12-20 13:19:56 - [TEST_STEP][PASSED] - Statement - counter = counter + 1: null

2018-12-20 13:19:57 - [TEST_STEP][PASSED] - Statement - PreSaveFile = new java.io.File(((pathPrefix + java.lang.Integer.toString(counter)) + .png)): null

2018-12-20 13:19:57 - [TEST_STEP][PASSED] - Statement - counter = counter + 1: null

2018-12-20 13:19:57 - [TEST_STEP][PASSED] - Statement - PreSaveFile = new java.io.File(((pathPrefix + java.lang.Integer.toString(counter)) + .png)): null

2018-12-20 13:19:57 - [TEST_STEP][PASSED] - Statement - counter = counter + 1: null

2018-12-20 13:19:57 - [TEST_STEP][PASSED] - Statement - PreSaveFile = new java.io.File(((pathPrefix + java.lang.Integer.toString(counter)) + .png)): null

2018-12-20 13:19:57 - [TEST_STEP][PASSED] - Statement - counter = counter + 1: null

2018-12-20 13:19:57 - [TEST_STEP][PASSED] - Statement - PreSaveFile = new java.io.File(((pathPrefix + java.lang.Integer.toString(counter)) + .png)): null

2018-12-20 13:19:57 - [TEST_STEP][PASSED] - Statement - counter = counter + 1: null

2018-12-20 13:19:57 - [TEST_STEP][PASSED] - Statement - PreSaveFile = new java.io.File(((pathPrefix + java.lang.Integer.toString(counter)) + .png)): null

2018-12-20 13:19:57 - [TEST_STEP][PASSED] - Statement - counter = counter + 1: null

2018-12-20 13:19:57 - [TEST_STEP][PASSED] - Statement - PreSaveFile = new java.io.File(((pathPrefix + java.lang.Integer.toString(counter)) + .png)): null

2018-12-20 13:19:57 - [TEST_STEP][PASSED] - Statement - counter = counter + 1: null

2018-12-20 13:19:57 - [TEST_STEP][PASSED] - Statement - PreSaveFile = new java.io.File(((pathPrefix + java.lang.Integer.toString(counter)) + .png)): null

2018-12-20 13:19:57 - [TEST_STEP][PASSED] - Statement - counter = counter + 1: null

2018-12-20 13:19:57 - [TEST_STEP][PASSED] - Statement - PreSaveFile = new java.io.File(((pathPrefix + java.lang.Integer.toString(counter)) + .png)): null

2018-12-20 13:19:57 - [TEST_STEP][PASSED] - Statement - counter = counter + 1: null

2018-12-20 13:19:57 - [TEST_STEP][PASSED] - Statement - PreSaveFile = new java.io.File(((pathPrefix + java.lang.Integer.toString(counter)) + .png)): null

2018-12-20 13:19:57 - [TEST_STEP][PASSED] - Statement - counter = counter + 1: null

2018-12-20 13:19:57 - [TEST_STEP][PASSED] - Statement - PreSaveFile = new java.io.File(((pathPrefix + java.lang.Integer.toString(counter)) + .png)): null

2018-12-20 13:19:57 - [TEST_STEP][PASSED] - Statement - counter = counter + 1: null

2018-12-20 13:19:57 - [TEST_STEP][PASSED] - Statement - PreSaveFile = new java.io.File(((pathPrefix + java.lang.Integer.toString(counter)) + .png)): null

2018-12-20 13:19:57 - [TEST_STEP][PASSED] - Statement - counter = counter + 1: null

2018-12-20 13:19:57 - [TEST_STEP][PASSED] - Statement - PreSaveFile = new java.io.File(((pathPrefix + java.lang.Integer.toString(counter)) + .png)): null

2018-12-20 13:19:57 - [TEST_STEP][PASSED] - Statement - counter = counter + 1: null

2018-12-20 13:19:57 - [TEST_STEP][PASSED] - Statement - PreSaveFile = new java.io.File(((pathPrefix + java.lang.Integer.toString(counter)) + .png)): null

2018-12-20 13:19:57 - [TEST_STEP][PASSED] - Statement - counter = counter + 1: null

2018-12-20 13:19:57 - [TEST_STEP][PASSED] - Statement - PreSaveFile = new java.io.File(((pathPrefix + java.lang.Integer.toString(counter)) + .png)): null

2018-12-20 13:19:57 - [TEST_STEP][PASSED] - Statement - counter = counter + 1: null

2018-12-20 13:19:58 - [TEST_STEP][PASSED] - Statement - PreSaveFile = new java.io.File(((pathPrefix + java.lang.Integer.toString(counter)) + .png)): null

2018-12-20 13:19:58 - [TEST_STEP][PASSED] - Statement - counter = counter + 1: null

2018-12-20 13:19:58 - [TEST_STEP][PASSED] - Statement - PreSaveFile = new java.io.File(((pathPrefix + java.lang.Integer.toString(counter)) + .png)): null

2018-12-20 13:19:58 - [TEST_STEP][PASSED] - Statement - counter = counter + 1: null

2018-12-20 13:19:58 - [TEST_STEP][PASSED] - Statement - PreSaveFile = new java.io.File(((pathPrefix + java.lang.Integer.toString(counter)) + .png)): null

2018-12-20 13:19:58 - [TEST_STEP][PASSED] - Statement - counter = counter + 1: null

2018-12-20 13:19:58 - [TEST_STEP][PASSED] - Statement - PreSaveFile = new java.io.File(((pathPrefix + java.lang.Integer.toString(counter)) + .png)): null

2018-12-20 13:19:58 - [TEST_STEP][PASSED] - Statement - counter = counter + 1: null

2018-12-20 13:19:58 - [TEST_STEP][PASSED] - Statement - PreSaveFile = new java.io.File(((pathPrefix + java.lang.Integer.toString(counter)) + .png)): null

2018-12-20 13:19:58 - [TEST_STEP][PASSED] - Statement - counter = counter + 1: null

2018-12-20 13:19:58 - [TEST_STEP][PASSED] - Statement - PreSaveFile = new java.io.File(((pathPrefix + java.lang.Integer.toString(counter)) + .png)): null

2018-12-20 13:19:58 - [TEST_STEP][PASSED] - Statement - counter = counter + 1: null

2018-12-20 13:19:58 - [TEST_STEP][PASSED] - Statement - PreSaveFile = new java.io.File(((pathPrefix + java.lang.Integer.toString(counter)) + .png)): null

2018-12-20 13:19:58 - [TEST_STEP][PASSED] - Statement - counter = counter + 1: null

2018-12-20 13:19:58 - [TEST_STEP][PASSED] - Statement - PreSaveFile = new java.io.File(((pathPrefix + java.lang.Integer.toString(counter)) + .png)): null

2018-12-20 13:19:58 - [TEST_STEP][PASSED] - Statement - counter = counter + 1: null

2018-12-20 13:19:58 - [TEST_STEP][PASSED] - Statement - PreSaveFile = new java.io.File(((pathPrefix + java.lang.Integer.toString(counter)) + .png)): null

2018-12-20 13:19:58 - [TEST_STEP][PASSED] - Statement - counter = counter + 1: null

2018-12-20 13:19:58 - [TEST_STEP][PASSED] - Statement - PreSaveFile = new java.io.File(((pathPrefix + java.lang.Integer.toString(counter)) + .png)): null

2018-12-20 13:19:58 - [TEST_STEP][PASSED] - Statement - counter = counter + 1: null

2018-12-20 13:19:58 - [TEST_STEP][PASSED] - Statement - PreSaveFile = new java.io.File(((pathPrefix + java.lang.Integer.toString(counter)) + .png)): null

2018-12-20 13:19:58 - [TEST_STEP][PASSED] - Statement - counter = counter + 1: null

2018-12-20 13:19:58 - [TEST_STEP][PASSED] - Statement - PreSaveFile = new java.io.File(((pathPrefix + java.lang.Integer.toString(counter)) + .png)): null

2018-12-20 13:19:58 - [TEST_STEP][PASSED] - Statement - counter = counter + 1: null

2018-12-20 13:19:58 - [TEST_STEP][PASSED] - Statement - PreSaveFile = new java.io.File(((pathPrefix + java.lang.Integer.toString(counter)) + .png)): null

2018-12-20 13:19:58 - [TEST_STEP][PASSED] - Statement - counter = counter + 1: null

2018-12-20 13:19:58 - [TEST_STEP][PASSED] - Statement - PreSaveFile = new java.io.File(((pathPrefix + java.lang.Integer.toString(counter)) + .png)): null

2018-12-20 13:19:58 - [TEST_STEP][PASSED] - Statement - counter = counter + 1: null

2018-12-20 13:19:58 - [TEST_STEP][PASSED] - Statement - PreSaveFile = new java.io.File(((pathPrefix + java.lang.Integer.toString(counter)) + .png)): null

2018-12-20 13:19:58 - [TEST_STEP][PASSED] - Statement - counter = counter + 1: null

2018-12-20 13:19:58 - [TEST_STEP][PASSED] - Statement - PreSaveFile = new java.io.File(((pathPrefix + java.lang.Integer.toString(counter)) + .png)): null

2018-12-20 13:19:58 - [TEST_STEP][PASSED] - Statement - counter = counter + 1: null

2018-12-20 13:19:58 - [TEST_STEP][PASSED] - Statement - PreSaveFile = new java.io.File(((pathPrefix + java.lang.Integer.toString(counter)) + .png)): null

2018-12-20 13:19:58 - [TEST_STEP][PASSED] - Statement - counter = counter + 1: null

2018-12-20 13:19:58 - [TEST_STEP][PASSED] - Statement - PreSaveFile = new java.io.File(((pathPrefix + java.lang.Integer.toString(counter)) + .png)): null

2018-12-20 13:19:58 - [TEST_STEP][PASSED] - Statement - counter = counter + 1: null

2018-12-20 13:19:58 - [TEST_STEP][PASSED] - Statement - PreSaveFile = new java.io.File(((pathPrefix + java.lang.Integer.toString(counter)) + .png)): null

2018-12-20 13:19:58 - [TEST_STEP][PASSED] - Statement - counter = counter + 1: null

2018-12-20 13:19:58 - [TEST_STEP][PASSED] - Statement - PreSaveFile = new java.io.File(((pathPrefix + java.lang.Integer.toString(counter)) + .png)): null

2018-12-20 13:19:59 - [TEST_STEP][PASSED] - Statement - counter = counter + 1: null

2018-12-20 13:19:59 - [TEST_STEP][PASSED] - Statement - PreSaveFile = new java.io.File(((pathPrefix + java.lang.Integer.toString(counter)) + .png)): null

2018-12-20 13:19:59 - [TEST_STEP][PASSED] - Statement - counter = counter + 1: null

2018-12-20 13:19:59 - [TEST_STEP][PASSED] - Statement - PreSaveFile = new java.io.File(((pathPrefix + java.lang.Integer.toString(counter)) + .png)): null

2018-12-20 13:19:59 - [TEST_STEP][PASSED] - Statement - counter = counter + 1: null

2018-12-20 13:19:59 - [TEST_STEP][PASSED] - Statement - PreSaveFile = new java.io.File(((pathPrefix + java.lang.Integer.toString(counter)) + .png)): null

2018-12-20 13:19:59 - [TEST_STEP][PASSED] - Statement - counter = counter + 1: null

2018-12-20 13:19:59 - [TEST_STEP][PASSED] - Statement - PreSaveFile = new java.io.File(((pathPrefix + java.lang.Integer.toString(counter)) + .png)): null

2018-12-20 13:19:59 - [TEST_STEP][PASSED] - Statement - counter = counter + 1: null

2018-12-20 13:19:59 - [TEST_STEP][PASSED] - Statement - PreSaveFile = new java.io.File(((pathPrefix + java.lang.Integer.toString(counter)) + .png)): null

2018-12-20 13:19:59 - [TEST_STEP][PASSED] - Statement - counter = counter + 1: null

2018-12-20 13:19:59 - [TEST_STEP][PASSED] - Statement - PreSaveFile = new java.io.File(((pathPrefix + java.lang.Integer.toString(counter)) + .png)): null

2018-12-20 13:19:59 - [TEST_STEP][PASSED] - Statement - counter = counter + 1: null

2018-12-20 13:19:59 - [TEST_STEP][PASSED] - Statement - PreSaveFile = new java.io.File(((pathPrefix + java.lang.Integer.toString(counter)) + .png)): null

2018-12-20 13:19:59 - [TEST_STEP][PASSED] - Statement - counter = counter + 1: null

2018-12-20 13:19:59 - [TEST_STEP][PASSED] - Statement - PreSaveFile = new java.io.File(((pathPrefix + java.lang.Integer.toString(counter)) + .png)): null

2018-12-20 13:19:59 - [TEST_STEP][PASSED] - Statement - counter = counter + 1: null

2018-12-20 13:19:59 - [TEST_STEP][PASSED] - Statement - PreSaveFile = new java.io.File(((pathPrefix + java.lang.Integer.toString(counter)) + .png)): null

2018-12-20 13:19:59 - [TEST_STEP][PASSED] - Statement - counter = counter + 1: null

2018-12-20 13:19:59 - [TEST_STEP][PASSED] - Statement - PreSaveFile = new java.io.File(((pathPrefix + java.lang.Integer.toString(counter)) + .png)): null

2018-12-20 13:19:59 - [TEST_STEP][PASSED] - Statement - counter = counter + 1: null

2018-12-20 13:19:59 - [TEST_STEP][PASSED] - Statement - PreSaveFile = new java.io.File(((pathPrefix + java.lang.Integer.toString(counter)) + .png)): null

2018-12-20 13:19:59 - [TEST_STEP][PASSED] - Statement - counter = counter + 1: null

2018-12-20 13:19:59 - [TEST_STEP][PASSED] - Statement - PreSaveFile = new java.io.File(((pathPrefix + java.lang.Integer.toString(counter)) + .png)): null

2018-12-20 13:19:59 - [TEST_STEP][PASSED] - Statement - counter = counter + 1: null

2018-12-20 13:19:59 - [TEST_STEP][PASSED] - Statement - PreSaveFile = new java.io.File(((pathPrefix + java.lang.Integer.toString(counter)) + .png)): null

2018-12-20 13:19:59 - [TEST_STEP][PASSED] - Statement - counter = counter + 1: null

2018-12-20 13:19:59 - [TEST_STEP][PASSED] - Statement - PreSaveFile = new java.io.File(((pathPrefix + java.lang.Integer.toString(counter)) + .png)): null

2018-12-20 13:19:59 - [TEST_STEP][PASSED] - Statement - counter = counter + 1: null

2018-12-20 13:20:00 - [TEST_STEP][PASSED] - Statement - PreSaveFile = new java.io.File(((pathPrefix + java.lang.Integer.toString(counter)) + .png)): null

2018-12-20 13:20:00 - [TEST_STEP][PASSED] - Statement - counter = counter + 1: null

2018-12-20 13:20:00 - [TEST_STEP][PASSED] - Statement - PreSaveFile = new java.io.File(((pathPrefix + java.lang.Integer.toString(counter)) + .png)): null

2018-12-20 13:20:00 - [TEST_STEP][PASSED] - Statement - counter = counter + 1: null

2018-12-20 13:20:00 - [TEST_STEP][PASSED] - Statement - PreSaveFile = new java.io.File(((pathPrefix + java.lang.Integer.toString(counter)) + .png)): null

2018-12-20 13:20:00 - [TEST_STEP][PASSED] - Statement - counter = counter + 1: null

2018-12-20 13:20:00 - [TEST_STEP][PASSED] - Statement - PreSaveFile = new java.io.File(((pathPrefix + java.lang.Integer.toString(counter)) + .png)): null

2018-12-20 13:20:00 - [TEST_STEP][PASSED] - Statement - counter = counter + 1: null

2018-12-20 13:20:00 - [TEST_STEP][PASSED] - Statement - PreSaveFile = new java.io.File(((pathPrefix + java.lang.Integer.toString(counter)) + .png)): null

2018-12-20 13:20:00 - [TEST_STEP][PASSED] - Statement - counter = counter + 1: null

2018-12-20 13:20:00 - [TEST_STEP][PASSED] - Statement - PreSaveFile = new java.io.File(((pathPrefix + java.lang.Integer.toString(counter)) + .png)): null

2018-12-20 13:20:00 - [TEST_STEP][PASSED] - Statement - counter = counter + 1: null

2018-12-20 13:20:00 - [TEST_STEP][PASSED] - Statement - PreSaveFile = new java.io.File(((pathPrefix + java.lang.Integer.toString(counter)) + .png)): null

2018-12-20 13:20:00 - [TEST_STEP][PASSED] - Statement - counter = counter + 1: null

2018-12-20 13:20:00 - [TEST_STEP][PASSED] - Statement - PreSaveFile = new java.io.File(((pathPrefix + java.lang.Integer.toString(counter)) + .png)): null

2018-12-20 13:20:00 - [TEST_STEP][PASSED] - Statement - counter = counter + 1: null

2018-12-20 13:20:00 - [TEST_STEP][PASSED] - Statement - PreSaveFile = new java.io.File(((pathPrefix + java.lang.Integer.toString(counter)) + .png)): null

2018-12-20 13:20:00 - [TEST_STEP][PASSED] - Statement - counter = counter + 1: null

2018-12-20 13:20:00 - [TEST_STEP][PASSED] - Statement - PreSaveFile = new java.io.File(((pathPrefix + java.lang.Integer.toString(counter)) + .png)): null

2018-12-20 13:20:00 - [TEST_STEP][PASSED] - Statement - counter = counter + 1: null

2018-12-20 13:20:00 - [TEST_STEP][PASSED] - Statement - PreSaveFile = new java.io.File(((pathPrefix + java.lang.Integer.toString(counter)) + .png)): null

2018-12-20 13:20:00 - [TEST_STEP][PASSED] - Statement - counter = counter + 1: null

2018-12-20 13:20:00 - [TEST_STEP][PASSED] - Statement - PreSaveFile = new java.io.File(((pathPrefix + java.lang.Integer.toString(counter)) + .png)): null

2018-12-20 13:20:00 - [TEST_STEP][PASSED] - Statement - counter = counter + 1: null

2018-12-20 13:20:00 - [TEST_STEP][PASSED] - Statement - PreSaveFile = new java.io.File(((pathPrefix + java.lang.Integer.toString(counter)) + .png)): null

2018-12-20 13:20:00 - [TEST_STEP][PASSED] - Statement - counter = counter + 1: null

2018-12-20 13:20:00 - [TEST_STEP][PASSED] - Statement - PreSaveFile = new java.io.File(((pathPrefix + java.lang.Integer.toString(counter)) + .png)): null

2018-12-20 13:20:00 - [TEST_STEP][PASSED] - Statement - counter = counter + 1: null

2018-12-20 13:20:01 - [TEST_STEP][PASSED] - Statement - PreSaveFile = new java.io.File(((pathPrefix + java.lang.Integer.toString(counter)) + .png)): null

2018-12-20 13:20:01 - [TEST_STEP][PASSED] - Statement - counter = counter + 1: null

2018-12-20 13:20:01 - [TEST_STEP][PASSED] - Statement - PreSaveFile = new java.io.File(((pathPrefix + java.lang.Integer.toString(counter)) + .png)): null

2018-12-20 13:20:01 - [TEST_STEP][PASSED] - Statement - counter = counter + 1: null

2018-12-20 13:20:01 - [TEST_STEP][PASSED] - Statement - PreSaveFile = new java.io.File(((pathPrefix + java.lang.Integer.toString(counter)) + .png)): null

2018-12-20 13:20:01 - [TEST_STEP][PASSED] - Statement - counter = counter + 1: null

2018-12-20 13:20:01 - [TEST_STEP][PASSED] - Statement - PreSaveFile = new java.io.File(((pathPrefix + java.lang.Integer.toString(counter)) + .png)): null

2018-12-20 13:20:01 - [TEST_STEP][PASSED] - Statement - counter = counter + 1: null

2018-12-20 13:20:01 - [TEST_STEP][PASSED] - Statement - PreSaveFile = new java.io.File(((pathPrefix + java.lang.Integer.toString(counter)) + .png)): null

2018-12-20 13:20:01 - [TEST_STEP][PASSED] - Statement - counter = counter + 1: null

2018-12-20 13:20:01 - [TEST_STEP][PASSED] - Statement - PreSaveFile = new java.io.File(((pathPrefix + java.lang.Integer.toString(counter)) + .png)): null

2018-12-20 13:20:01 - [TEST_STEP][PASSED] - Statement - counter = counter + 1: null

2018-12-20 13:20:01 - [TEST_STEP][PASSED] - Statement - PreSaveFile = new java.io.File(((pathPrefix + java.lang.Integer.toString(counter)) + .png)): null

2018-12-20 13:20:01 - [TEST_STEP][PASSED] - Statement - counter = counter + 1: null

2018-12-20 13:20:01 - [TEST_STEP][PASSED] - Statement - PreSaveFile = new java.io.File(((pathPrefix + java.lang.Integer.toString(counter)) + .png)): null

2018-12-20 13:20:01 - [TEST_STEP][PASSED] - Statement - counter = counter + 1: null

2018-12-20 13:20:01 - [TEST_STEP][PASSED] - Statement - PreSaveFile = new java.io.File(((pathPrefix + java.lang.Integer.toString(counter)) + .png)): null

2018-12-20 13:20:01 - [TEST_STEP][PASSED] - Statement - counter = counter + 1: null

2018-12-20 13:20:01 - [TEST_STEP][PASSED] - Statement - PreSaveFile = new java.io.File(((pathPrefix + java.lang.Integer.toString(counter)) + .png)): null

2018-12-20 13:20:01 - [TEST_STEP][PASSED] - Statement - counter = counter + 1: null

2018-12-20 13:20:01 - [TEST_STEP][PASSED] - Statement - PreSaveFile = new java.io.File(((pathPrefix + java.lang.Integer.toString(counter)) + .png)): null

2018-12-20 13:20:01 - [TEST_STEP][PASSED] - Statement - counter = counter + 1: null

2018-12-20 13:20:01 - [TEST_STEP][PASSED] - Statement - PreSaveFile = new java.io.File(((pathPrefix + java.lang.Integer.toString(counter)) + .png)): null

2018-12-20 13:20:01 - [TEST_STEP][PASSED] - Statement - counter = counter + 1: null

2018-12-20 13:20:01 - [TEST_STEP][PASSED] - Statement - PreSaveFile = new java.io.File(((pathPrefix + java.lang.Integer.toString(counter)) + .png)): null

2018-12-20 13:20:01 - [TEST_STEP][PASSED] - Statement - counter = counter + 1: null

2018-12-20 13:20:01 - [TEST_STEP][PASSED] - Statement - PreSaveFile = new java.io.File(((pathPrefix + java.lang.Integer.toString(counter)) + .png)): null

2018-12-20 13:20:01 - [TEST_STEP][PASSED] - Statement - counter = counter + 1: null

2018-12-20 13:20:01 - [TEST_STEP][PASSED] - Statement - PreSaveFile = new java.io.File(((pathPrefix + java.lang.Integer.toString(counter)) + .png)): null

2018-12-20 13:20:02 - [TEST_STEP][PASSED] - Statement - counter = counter + 1: null

2018-12-20 13:20:02 - [TEST_STEP][PASSED] - Statement - PreSaveFile = new java.io.File(((pathPrefix + java.lang.Integer.toString(counter)) + .png)): null

2018-12-20 13:20:02 - [TEST_STEP][PASSED] - Statement - counter = counter + 1: null

2018-12-20 13:20:02 - [TEST_STEP][PASSED] - Statement - PreSaveFile = new java.io.File(((pathPrefix + java.lang.Integer.toString(counter)) + .png)): null

2018-12-20 13:20:02 - [TEST_STEP][PASSED] - Statement - counter = counter + 1: null

2018-12-20 13:20:02 - [TEST_STEP][PASSED] - Statement - PreSaveFile = new java.io.File(((pathPrefix + java.lang.Integer.toString(counter)) + .png)): null

2018-12-20 13:20:02 - [TEST_STEP][PASSED] - Statement - counter = counter + 1: null

2018-12-20 13:20:02 - [TEST_STEP][PASSED] - Statement - PreSaveFile = new java.io.File(((pathPrefix + java.lang.Integer.toString(counter)) + .png)): null

2018-12-20 13:20:02 - [TEST_STEP][PASSED] - Statement - counter = counter + 1: null

2018-12-20 13:20:02 - [TEST_STEP][PASSED] - Statement - PreSaveFile = new java.io.File(((pathPrefix + java.lang.Integer.toString(counter)) + .png)): null

2018-12-20 13:20:02 - [TEST_STEP][PASSED] - Statement - counter = counter + 1: null

2018-12-20 13:20:02 - [TEST_STEP][PASSED] - Statement - PreSaveFile = new java.io.File(((pathPrefix + java.lang.Integer.toString(counter)) + .png)): null

2018-12-20 13:20:02 - [TEST_STEP][PASSED] - Statement - counter = counter + 1: null

2018-12-20 13:20:02 - [TEST_STEP][PASSED] - Statement - PreSaveFile = new java.io.File(((pathPrefix + java.lang.Integer.toString(counter)) + .png)): null

2018-12-20 13:20:02 - [TEST_STEP][PASSED] - Statement - counter = counter + 1: null

2018-12-20 13:20:02 - [TEST_STEP][PASSED] - Statement - PreSaveFile = new java.io.File(((pathPrefix + java.lang.Integer.toString(counter)) + .png)): null

2018-12-20 13:20:02 - [TEST_STEP][PASSED] - Statement - counter = counter + 1: null

2018-12-20 13:20:02 - [TEST_STEP][PASSED] - Statement - PreSaveFile = new java.io.File(((pathPrefix + java.lang.Integer.toString(counter)) + .png)): null

2018-12-20 13:20:02 - [TEST_STEP][PASSED] - Statement - counter = counter + 1: null

2018-12-20 13:20:02 - [TEST_STEP][PASSED] - Statement - PreSaveFile = new java.io.File(((pathPrefix + java.lang.Integer.toString(counter)) + .png)): null

2018-12-20 13:20:02 - [TEST_STEP][PASSED] - Statement - counter = counter + 1: null

2018-12-20 13:20:02 - [TEST_STEP][PASSED] - Statement - PreSaveFile = new java.io.File(((pathPrefix + java.lang.Integer.toString(counter)) + .png)): null

2018-12-20 13:20:02 - [TEST_STEP][PASSED] - Statement - counter = counter + 1: null

2018-12-20 13:20:02 - [TEST_STEP][PASSED] - Statement - PreSaveFile = new java.io.File(((pathPrefix + java.lang.Integer.toString(counter)) + .png)): null

2018-12-20 13:20:02 - [TEST_STEP][PASSED] - Statement - counter = counter + 1: null

2018-12-20 13:20:02 - [TEST_STEP][PASSED] - Statement - PreSaveFile = new java.io.File(((pathPrefix + java.lang.Integer.toString(counter)) + .png)): null

2018-12-20 13:20:02 - [TEST_STEP][PASSED] - Statement - counter = counter + 1: null

2018-12-20 13:20:02 - [TEST_STEP][PASSED] - Statement - PreSaveFile = new java.io.File(((pathPrefix + java.lang.Integer.toString(counter)) + .png)): null

2018-12-20 13:20:02 - [TEST_STEP][PASSED] - Statement - counter = counter + 1: null

2018-12-20 13:20:03 - [TEST_STEP][PASSED] - Statement - PreSaveFile = new java.io.File(((pathPrefix + java.lang.Integer.toString(counter)) + .png)): null

2018-12-20 13:20:03 - [TEST_STEP][PASSED] - Statement - counter = counter + 1: null

2018-12-20 13:20:03 - [TEST_STEP][PASSED] - Statement - PreSaveFile = new java.io.File(((pathPrefix + java.lang.Integer.toString(counter)) + .png)): null

2018-12-20 13:20:03 - [TEST_STEP][PASSED] - Statement - counter = counter + 1: null

2018-12-20 13:20:03 - [TEST_STEP][PASSED] - Statement - PreSaveFile = new java.io.File(((pathPrefix + java.lang.Integer.toString(counter)) + .png)): null

2018-12-20 13:20:03 - [TEST_STEP][PASSED] - Statement - counter = counter + 1: null

2018-12-20 13:20:03 - [TEST_STEP][PASSED] - Statement - PreSaveFile = new java.io.File(((pathPrefix + java.lang.Integer.toString(counter)) + .png)): null

2018-12-20 13:20:03 - [TEST_STEP][PASSED] - Statement - counter = counter + 1: null

2018-12-20 13:20:03 - [TEST_STEP][PASSED] - Statement - PreSaveFile = new java.io.File(((pathPrefix + java.lang.Integer.toString(counter)) + .png)): null

2018-12-20 13:20:03 - [TEST_STEP][PASSED] - Statement - counter = counter + 1: null

2018-12-20 13:20:03 - [TEST_STEP][PASSED] - Statement - PreSaveFile = new java.io.File(((pathPrefix + java.lang.Integer.toString(counter)) + .png)): null

2018-12-20 13:20:03 - [TEST_STEP][PASSED] - Statement - counter = counter + 1: null

2018-12-20 13:20:03 - [TEST_STEP][PASSED] - Statement - PreSaveFile = new java.io.File(((pathPrefix + java.lang.Integer.toString(counter)) + .png)): null

2018-12-20 13:20:03 - [TEST_STEP][PASSED] - Statement - counter = counter + 1: null

2018-12-20 13:20:03 - [TEST_STEP][PASSED] - Statement - PreSaveFile = new java.io.File(((pathPrefix + java.lang.Integer.toString(counter)) + .png)): null

2018-12-20 13:20:03 - [TEST_STEP][PASSED] - Statement - counter = counter + 1: null

2018-12-20 13:20:03 - [TEST_STEP][PASSED] - Statement - PreSaveFile = new java.io.File(((pathPrefix + java.lang.Integer.toString(counter)) + .png)): null

2018-12-20 13:20:03 - [TEST_STEP][PASSED] - Statement - counter = counter + 1: null

2018-12-20 13:20:03 - [TEST_STEP][PASSED] - Statement - PreSaveFile = new java.io.File(((pathPrefix + java.lang.Integer.toString(counter)) + .png)): null

2018-12-20 13:20:03 - [TEST_STEP][PASSED] - Statement - counter = counter + 1: null

2018-12-20 13:20:03 - [TEST_STEP][PASSED] - Statement - PreSaveFile = new java.io.File(((pathPrefix + java.lang.Integer.toString(counter)) + .png)): null

2018-12-20 13:20:03 - [TEST_STEP][PASSED] - Statement - counter = counter + 1: null

2018-12-20 13:20:03 - [TEST_STEP][PASSED] - Statement - PreSaveFile = new java.io.File(((pathPrefix + java.lang.Integer.toString(counter)) + .png)): null

2018-12-20 13:20:03 - [TEST_STEP][PASSED] - Statement - counter = counter + 1: null

2018-12-20 13:20:03 - [TEST_STEP][PASSED] - Statement - PreSaveFile = new java.io.File(((pathPrefix + java.lang.Integer.toString(counter)) + .png)): null

2018-12-20 13:20:03 - [TEST_STEP][PASSED] - Statement - counter = counter + 1: null

2018-12-20 13:20:03 - [TEST_STEP][PASSED] - Statement - PreSaveFile = new java.io.File(((pathPrefix + java.lang.Integer.toString(counter)) + .png)): null

2018-12-20 13:20:03 - [TEST_STEP][PASSED] - Statement - counter = counter + 1: null

2018-12-20 13:20:04 - [TEST_STEP][PASSED] - Statement - PreSaveFile = new java.io.File(((pathPrefix + java.lang.Integer.toString(counter)) + .png)): null

2018-12-20 13:20:04 - [TEST_STEP][PASSED] - Statement - counter = counter + 1: null

2018-12-20 13:20:04 - [TEST_STEP][PASSED] - Statement - PreSaveFile = new java.io.File(((pathPrefix + java.lang.Integer.toString(counter)) + .png)): null

2018-12-20 13:20:04 - [TEST_STEP][PASSED] - Statement - counter = counter + 1: null

2018-12-20 13:20:04 - [TEST_STEP][PASSED] - Statement - PreSaveFile = new java.io.File(((pathPrefix + java.lang.Integer.toString(counter)) + .png)): null

2018-12-20 13:20:04 - [TEST_STEP][PASSED] - Statement - counter = counter + 1: null

2018-12-20 13:20:04 - [TEST_STEP][PASSED] - Statement - PreSaveFile = new java.io.File(((pathPrefix + java.lang.Integer.toString(counter)) + .png)): null

2018-12-20 13:20:04 - [TEST_STEP][PASSED] - Statement - counter = counter + 1: null

2018-12-20 13:20:04 - [TEST_STEP][PASSED] - Statement - PreSaveFile = new java.io.File(((pathPrefix + java.lang.Integer.toString(counter)) + .png)): null

2018-12-20 13:20:04 - [TEST_STEP][PASSED] - Statement - counter = counter + 1: null

2018-12-20 13:20:04 - [TEST_STEP][PASSED] - Statement - PreSaveFile = new java.io.File(((pathPrefix + java.lang.Integer.toString(counter)) + .png)): null

2018-12-20 13:20:04 - [TEST_STEP][PASSED] - Statement - counter = counter + 1: null

2018-12-20 13:20:04 - [TEST_STEP][PASSED] - Statement - PreSaveFile = new java.io.File(((pathPrefix + java.lang.Integer.toString(counter)) + .png)): null

2018-12-20 13:20:04 - [TEST_STEP][PASSED] - Statement - counter = counter + 1: null

2018-12-20 13:20:04 - [TEST_STEP][PASSED] - Statement - PreSaveFile = new java.io.File(((pathPrefix + java.lang.Integer.toString(counter)) + .png)): null

2018-12-20 13:20:04 - [TEST_STEP][PASSED] - Statement - counter = counter + 1: null

2018-12-20 13:20:04 - [TEST_STEP][PASSED] - Statement - PreSaveFile = new java.io.File(((pathPrefix + java.lang.Integer.toString(counter)) + .png)): null

2018-12-20 13:20:04 - [TEST_STEP][PASSED] - Statement - counter = counter + 1: null

2018-12-20 13:20:04 - [TEST_STEP][PASSED] - Statement - PreSaveFile = new java.io.File(((pathPrefix + java.lang.Integer.toString(counter)) + .png)): null

2018-12-20 13:20:04 - [TEST_STEP][PASSED] - Statement - counter = counter + 1: null

2018-12-20 13:20:05 - [TEST_STEP][PASSED] - Statement - PreSaveFile = new java.io.File(((pathPrefix + java.lang.Integer.toString(counter)) + .png)): null

2018-12-20 13:20:05 - [TEST_STEP][PASSED] - Statement - counter = counter + 1: null

2018-12-20 13:20:05 - [TEST_STEP][PASSED] - Statement - PreSaveFile = new java.io.File(((pathPrefix + java.lang.Integer.toString(counter)) + .png)): null

2018-12-20 13:20:05 - [TEST_STEP][PASSED] - Statement - counter = counter + 1: null

2018-12-20 13:20:05 - [TEST_STEP][PASSED] - Statement - PreSaveFile = new java.io.File(((pathPrefix + java.lang.Integer.toString(counter)) + .png)): null

2018-12-20 13:20:05 - [TEST_STEP][PASSED] - Statement - counter = counter + 1: null

2018-12-20 13:20:05 - [TEST_STEP][PASSED] - Statement - PreSaveFile = new java.io.File(((pathPrefix + java.lang.Integer.toString(counter)) + .png)): null

2018-12-20 13:20:05 - [TEST_STEP][PASSED] - Statement - counter = counter + 1: null

2018-12-20 13:20:05 - [TEST_STEP][PASSED] - Statement - PreSaveFile = new java.io.File(((pathPrefix + java.lang.Integer.toString(counter)) + .png)): null

2018-12-20 13:20:05 - [TEST_STEP][PASSED] - Statement - counter = counter + 1: null

2018-12-20 13:20:05 - [TEST_STEP][PASSED] - Statement - PreSaveFile = new java.io.File(((pathPrefix + java.lang.Integer.toString(counter)) + .png)): null

2018-12-20 13:20:05 - [TEST_STEP][PASSED] - Statement - counter = counter + 1: null

2018-12-20 13:20:05 - [TEST_STEP][PASSED] - Statement - PreSaveFile = new java.io.File(((pathPrefix + java.lang.Integer.toString(counter)) + .png)): null

2018-12-20 13:20:05 - [TEST_STEP][PASSED] - Statement - counter = counter + 1: null

2018-12-20 13:20:05 - [TEST_STEP][PASSED] - Statement - PreSaveFile = new java.io.File(((pathPrefix + java.lang.Integer.toString(counter)) + .png)): null

2018-12-20 13:20:05 - [TEST_STEP][PASSED] - Statement - counter = counter + 1: null

2018-12-20 13:20:05 - [TEST_STEP][PASSED] - Statement - PreSaveFile = new java.io.File(((pathPrefix + java.lang.Integer.toString(counter)) + .png)): null

2018-12-20 13:20:05 - [TEST_STEP][PASSED] - Statement - counter = counter + 1: null

2018-12-20 13:20:05 - [TEST_STEP][PASSED] - Statement - PreSaveFile = new java.io.File(((pathPrefix + java.lang.Integer.toString(counter)) + .png)): null

2018-12-20 13:20:05 - [TEST_STEP][PASSED] - Statement - counter = counter + 1: null

2018-12-20 13:20:05 - [TEST_STEP][PASSED] - Statement - PreSaveFile = new java.io.File(((pathPrefix + java.lang.Integer.toString(counter)) + .png)): null

2018-12-20 13:20:05 - [TEST_STEP][PASSED] - Statement - counter = counter + 1: null

2018-12-20 13:20:05 - [TEST_STEP][PASSED] - Statement - PreSaveFile = new java.io.File(((pathPrefix + java.lang.Integer.toString(counter)) + .png)): null

2018-12-20 13:20:05 - [TEST_STEP][PASSED] - Statement - counter = counter + 1: null

2018-12-20 13:20:05 - [TEST_STEP][PASSED] - Statement - PreSaveFile = new java.io.File(((pathPrefix + java.lang.Integer.toString(counter)) + .png)): null

2018-12-20 13:20:05 - [TEST_STEP][PASSED] - Statement - counter = counter + 1: null

2018-12-20 13:20:05 - [TEST_STEP][PASSED] - Statement - PreSaveFile = new java.io.File(((pathPrefix + java.lang.Integer.toString(counter)) + .png)): null

2018-12-20 13:20:05 - [TEST_STEP][PASSED] - Statement - counter = counter + 1: null

2018-12-20 13:20:06 - [TEST_STEP][PASSED] - Statement - PreSaveFile = new java.io.File(((pathPrefix + java.lang.Integer.toString(counter)) + .png)): null

2018-12-20 13:20:06 - [TEST_STEP][PASSED] - Statement - counter = counter + 1: null

2018-12-20 13:20:06 - [TEST_STEP][PASSED] - Statement - PreSaveFile = new java.io.File(((pathPrefix + java.lang.Integer.toString(counter)) + .png)): null

2018-12-20 13:20:06 - [TEST_STEP][PASSED] - Statement - counter = counter + 1: null

2018-12-20 13:20:06 - [TEST_STEP][PASSED] - Statement - PreSaveFile = new java.io.File(((pathPrefix + java.lang.Integer.toString(counter)) + .png)): null

2018-12-20 13:20:06 - [TEST_STEP][PASSED] - Statement - counter = counter + 1: null

2018-12-20 13:20:06 - [TEST_STEP][PASSED] - Statement - PreSaveFile = new java.io.File(((pathPrefix + java.lang.Integer.toString(counter)) + .png)): null

2018-12-20 13:20:06 - [TEST_STEP][PASSED] - Statement - counter = counter + 1: null

2018-12-20 13:20:06 - [TEST_STEP][PASSED] - Statement - PreSaveFile = new java.io.File(((pathPrefix + java.lang.Integer.toString(counter)) + .png)): null

2018-12-20 13:20:06 - [TEST_STEP][PASSED] - Statement - counter = counter + 1: null

2018-12-20 13:20:06 - [TEST_STEP][PASSED] - Statement - PreSaveFile = new java.io.File(((pathPrefix + java.lang.Integer.toString(counter)) + .png)): null

2018-12-20 13:20:06 - [TEST_STEP][PASSED] - Statement - counter = counter + 1: null

2018-12-20 13:20:06 - [TEST_STEP][PASSED] - Statement - PreSaveFile = new java.io.File(((pathPrefix + java.lang.Integer.toString(counter)) + .png)): null

2018-12-20 13:20:06 - [TEST_STEP][PASSED] - Statement - counter = counter + 1: null

2018-12-20 13:20:06 - [TEST_STEP][PASSED] - Statement - PreSaveFile = new java.io.File(((pathPrefix + java.lang.Integer.toString(counter)) + .png)): null

2018-12-20 13:20:06 - [TEST_STEP][PASSED] - Statement - counter = counter + 1: null

2018-12-20 13:20:06 - [TEST_STEP][PASSED] - Statement - PreSaveFile = new java.io.File(((pathPrefix + java.lang.Integer.toString(counter)) + .png)): null

2018-12-20 13:20:06 - [TEST_STEP][PASSED] - Statement - counter = counter + 1: null

2018-12-20 13:20:06 - [TEST_STEP][PASSED] - Statement - PreSaveFile = new java.io.File(((pathPrefix + java.lang.Integer.toString(counter)) + .png)): null

2018-12-20 13:20:06 - [TEST_STEP][PASSED] - Statement - counter = counter + 1: null

2018-12-20 13:20:07 - [TEST_STEP][PASSED] - Statement - PreSaveFile = new java.io.File(((pathPrefix + java.lang.Integer.toString(counter)) + .png)): null

2018-12-20 13:20:07 - [TEST_STEP][PASSED] - Statement - counter = counter + 1: null

2018-12-20 13:20:07 - [TEST_STEP][PASSED] - Statement - PreSaveFile = new java.io.File(((pathPrefix + java.lang.Integer.toString(counter)) + .png)): null

2018-12-20 13:20:07 - [TEST_STEP][PASSED] - Statement - counter = counter + 1: null

2018-12-20 13:20:07 - [TEST_STEP][PASSED] - Statement - PreSaveFile = new java.io.File(((pathPrefix + java.lang.Integer.toString(counter)) + .png)): null

2018-12-20 13:20:07 - [TEST_STEP][PASSED] - Statement - counter = counter + 1: null

2018-12-20 13:20:07 - [TEST_STEP][PASSED] - Statement - PreSaveFile = new java.io.File(((pathPrefix + java.lang.Integer.toString(counter)) + .png)): null

2018-12-20 13:20:07 - [TEST_STEP][PASSED] - Statement - counter = counter + 1: null

2018-12-20 13:20:07 - [TEST_STEP][PASSED] - Statement - PreSaveFile = new java.io.File(((pathPrefix + java.lang.Integer.toString(counter)) + .png)): null

2018-12-20 13:20:07 - [TEST_STEP][PASSED] - Statement - counter = counter + 1: null

2018-12-20 13:20:07 - [TEST_STEP][PASSED] - Statement - PreSaveFile = new java.io.File(((pathPrefix + java.lang.Integer.toString(counter)) + .png)): null

2018-12-20 13:20:07 - [TEST_STEP][PASSED] - Statement - counter = counter + 1: null

2018-12-20 13:20:07 - [TEST_STEP][PASSED] - Statement - PreSaveFile = new java.io.File(((pathPrefix + java.lang.Integer.toString(counter)) + .png)): null

2018-12-20 13:20:07 - [TEST_STEP][PASSED] - Statement - counter = counter + 1: null

2018-12-20 13:20:07 - [TEST_STEP][PASSED] - Statement - PreSaveFile = new java.io.File(((pathPrefix + java.lang.Integer.toString(counter)) + .png)): null

2018-12-20 13:20:07 - [TEST_STEP][PASSED] - Statement - counter = counter + 1: null

2018-12-20 13:20:07 - [TEST_STEP][PASSED] - Statement - PreSaveFile = new java.io.File(((pathPrefix + java.lang.Integer.toString(counter)) + .png)): null

2018-12-20 13:20:07 - [TEST_STEP][PASSED] - Statement - counter = counter + 1: null

2018-12-20 13:20:07 - [TEST_STEP][PASSED] - Statement - PreSaveFile = new java.io.File(((pathPrefix + java.lang.Integer.toString(counter)) + .png)): null

2018-12-20 13:20:07 - [TEST_STEP][PASSED] - Statement - counter = counter + 1: null

2018-12-20 13:20:07 - [TEST_STEP][PASSED] - Statement - PreSaveFile = new java.io.File(((pathPrefix + java.lang.Integer.toString(counter)) + .png)): null

2018-12-20 13:20:07 - [TEST_STEP][PASSED] - Statement - counter = counter + 1: null

2018-12-20 13:20:07 - [TEST_STEP][PASSED] - Statement - PreSaveFile = new java.io.File(((pathPrefix + java.lang.Integer.toString(counter)) + .png)): null

2018-12-20 13:20:07 - [TEST_STEP][PASSED] - Statement - counter = counter + 1: null

2018-12-20 13:20:07 - [TEST_STEP][PASSED] - Statement - PreSaveFile = new java.io.File(((pathPrefix + java.lang.Integer.toString(counter)) + .png)): null

2018-12-20 13:20:07 - [TEST_STEP][PASSED] - Statement - counter = counter + 1: null

2018-12-20 13:20:07 - [TEST_STEP][PASSED] - Statement - PreSaveFile = new java.io.File(((pathPrefix + java.lang.Integer.toString(counter)) + .png)): null

2018-12-20 13:20:07 - [TEST_STEP][PASSED] - Statement - counter = counter + 1: null

2018-12-20 13:20:08 - [TEST_STEP][PASSED] - Statement - PreSaveFile = new java.io.File(((pathPrefix + java.lang.Integer.toString(counter)) + .png)): null

2018-12-20 13:20:08 - [TEST_STEP][PASSED] - Statement - counter = counter + 1: null

2018-12-20 13:20:08 - [TEST_STEP][PASSED] - Statement - PreSaveFile = new java.io.File(((pathPrefix + java.lang.Integer.toString(counter)) + .png)): null

2018-12-20 13:20:08 - [TEST_STEP][PASSED] - Statement - counter = counter + 1: null

2018-12-20 13:20:08 - [TEST_STEP][PASSED] - Statement - PreSaveFile = new java.io.File(((pathPrefix + java.lang.Integer.toString(counter)) + .png)): null

2018-12-20 13:20:08 - [TEST_STEP][PASSED] - Statement - counter = counter + 1: null

2018-12-20 13:20:08 - [TEST_STEP][PASSED] - Statement - PreSaveFile = new java.io.File(((pathPrefix + java.lang.Integer.toString(counter)) + .png)): null

2018-12-20 13:20:08 - [TEST_STEP][PASSED] - Statement - counter = counter + 1: null

2018-12-20 13:20:08 - [TEST_STEP][PASSED] - Statement - PreSaveFile = new java.io.File(((pathPrefix + java.lang.Integer.toString(counter)) + .png)): null

2018-12-20 13:20:08 - [TEST_STEP][PASSED] - Statement - counter = counter + 1: null

2018-12-20 13:20:08 - [TEST_STEP][PASSED] - Statement - PreSaveFile = new java.io.File(((pathPrefix + java.lang.Integer.toString(counter)) + .png)): null

2018-12-20 13:20:08 - [TEST_STEP][PASSED] - Statement - counter = counter + 1: null

2018-12-20 13:20:08 - [TEST_STEP][PASSED] - Statement - PreSaveFile = new java.io.File(((pathPrefix + java.lang.Integer.toString(counter)) + .png)): null

2018-12-20 13:20:08 - [TEST_STEP][PASSED] - Statement - counter = counter + 1: null

2018-12-20 13:20:08 - [TEST_STEP][PASSED] - Statement - PreSaveFile = new java.io.File(((pathPrefix + java.lang.Integer.toString(counter)) + .png)): null

2018-12-20 13:20:08 - [TEST_STEP][PASSED] - Statement - counter = counter + 1: null

2018-12-20 13:20:08 - [TEST_STEP][PASSED] - Statement - PreSaveFile = new java.io.File(((pathPrefix + java.lang.Integer.toString(counter)) + .png)): null

2018-12-20 13:20:08 - [TEST_STEP][PASSED] - Statement - counter = counter + 1: null

2018-12-20 13:20:08 - [TEST_STEP][PASSED] - Statement - PreSaveFile = new java.io.File(((pathPrefix + java.lang.Integer.toString(counter)) + .png)): null

2018-12-20 13:20:09 - [TEST_STEP][PASSED] - Statement - counter = counter + 1: null

2018-12-20 13:20:09 - [TEST_STEP][PASSED] - Statement - PreSaveFile = new java.io.File(((pathPrefix + java.lang.Integer.toString(counter)) + .png)): null

2018-12-20 13:20:09 - [TEST_STEP][PASSED] - Statement - counter = counter + 1: null

2018-12-20 13:20:09 - [TEST_STEP][PASSED] - Statement - PreSaveFile = new java.io.File(((pathPrefix + java.lang.Integer.toString(counter)) + .png)): null

2018-12-20 13:20:09 - [TEST_STEP][PASSED] - Statement - counter = counter + 1: null

2018-12-20 13:20:09 - [TEST_STEP][PASSED] - Statement - PreSaveFile = new java.io.File(((pathPrefix + java.lang.Integer.toString(counter)) + .png)): null

2018-12-20 13:20:09 - [TEST_STEP][PASSED] - Statement - counter = counter + 1: null

2018-12-20 13:20:09 - [TEST_STEP][PASSED] - Statement - PreSaveFile = new java.io.File(((pathPrefix + java.lang.Integer.toString(counter)) + .png)): null

2018-12-20 13:20:09 - [TEST_STEP][PASSED] - Statement - counter = counter + 1: null

2018-12-20 13:20:09 - [TEST_STEP][PASSED] - Statement - PreSaveFile = new java.io.File(((pathPrefix + java.lang.Integer.toString(counter)) + .png)): null

2018-12-20 13:20:09 - [TEST_STEP][PASSED] - Statement - counter = counter + 1: null

2018-12-20 13:20:09 - [TEST_STEP][PASSED] - Statement - PreSaveFile = new java.io.File(((pathPrefix + java.lang.Integer.toString(counter)) + .png)): null

2018-12-20 13:20:09 - [TEST_STEP][PASSED] - Statement - counter = counter + 1: null

2018-12-20 13:20:09 - [TEST_STEP][PASSED] - Statement - PreSaveFile = new java.io.File(((pathPrefix + java.lang.Integer.toString(counter)) + .png)): null

2018-12-20 13:20:09 - [TEST_STEP][PASSED] - Statement - counter = counter + 1: null

2018-12-20 13:20:09 - [TEST_STEP][PASSED] - Statement - PreSaveFile = new java.io.File(((pathPrefix + java.lang.Integer.toString(counter)) + .png)): null

2018-12-20 13:20:09 - [TEST_STEP][PASSED] - Statement - counter = counter + 1: null

2018-12-20 13:20:09 - [TEST_STEP][PASSED] - Statement - PreSaveFile = new java.io.File(((pathPrefix + java.lang.Integer.toString(counter)) + .png)): null

2018-12-20 13:20:09 - [TEST_STEP][PASSED] - Statement - counter = counter + 1: null

2018-12-20 13:20:09 - [TEST_STEP][PASSED] - Statement - PreSaveFile = new java.io.File(((pathPrefix + java.lang.Integer.toString(counter)) + .png)): null

2018-12-20 13:20:09 - [TEST_STEP][PASSED] - Statement - counter = counter + 1: null

2018-12-20 13:20:09 - [TEST_STEP][PASSED] - Statement - PreSaveFile = new java.io.File(((pathPrefix + java.lang.Integer.toString(counter)) + .png)): null

2018-12-20 13:20:09 - [TEST_STEP][PASSED] - Statement - counter = counter + 1: null

2018-12-20 13:20:09 - [TEST_STEP][PASSED] - Statement - PreSaveFile = new java.io.File(((pathPrefix + java.lang.Integer.toString(counter)) + .png)): null

2018-12-20 13:20:09 - [TEST_STEP][PASSED] - Statement - counter = counter + 1: null

2018-12-20 13:20:09 - [TEST_STEP][PASSED] - Statement - PreSaveFile = new java.io.File(((pathPrefix + java.lang.Integer.toString(counter)) + .png)): null

2018-12-20 13:20:09 - [TEST_STEP][PASSED] - Statement - counter = counter + 1: null

2018-12-20 13:20:09 - [TEST_STEP][PASSED] - Statement - PreSaveFile = new java.io.File(((pathPrefix + java.lang.Integer.toString(counter)) + .png)): null

2018-12-20 13:20:09 - [TEST_STEP][PASSED] - Statement - counter = counter + 1: null

2018-12-20 13:20:10 - [TEST_STEP][PASSED] - Statement - PreSaveFile = new java.io.File(((pathPrefix + java.lang.Integer.toString(counter)) + .png)): null

2018-12-20 13:20:10 - [TEST_STEP][PASSED] - Statement - counter = counter + 1: null

2018-12-20 13:20:10 - [TEST_STEP][PASSED] - Statement - PreSaveFile = new java.io.File(((pathPrefix + java.lang.Integer.toString(counter)) + .png)): null

2018-12-20 13:20:10 - [TEST_STEP][PASSED] - Statement - counter = counter + 1: null

2018-12-20 13:20:10 - [TEST_STEP][PASSED] - Statement - PreSaveFile = new java.io.File(((pathPrefix + java.lang.Integer.toString(counter)) + .png)): null

2018-12-20 13:20:10 - [TEST_STEP][PASSED] - Statement - counter = counter + 1: null

2018-12-20 13:20:10 - [TEST_STEP][PASSED] - Statement - PreSaveFile = new java.io.File(((pathPrefix + java.lang.Integer.toString(counter)) + .png)): null

2018-12-20 13:20:10 - [TEST_STEP][PASSED] - Statement - counter = counter + 1: null

2018-12-20 13:20:10 - [TEST_STEP][PASSED] - Statement - PreSaveFile = new java.io.File(((pathPrefix + java.lang.Integer.toString(counter)) + .png)): null

2018-12-20 13:20:10 - [TEST_STEP][PASSED] - Statement - counter = counter + 1: null

2018-12-20 13:20:10 - [TEST_STEP][PASSED] - Statement - PreSaveFile = new java.io.File(((pathPrefix + java.lang.Integer.toString(counter)) + .png)): null

2018-12-20 13:20:10 - [TEST_STEP][PASSED] - Statement - counter = counter + 1: null

2018-12-20 13:20:10 - [TEST_STEP][PASSED] - Statement - PreSaveFile = new java.io.File(((pathPrefix + java.lang.Integer.toString(counter)) + .png)): null

2018-12-20 13:20:10 - [TEST_STEP][PASSED] - Statement - counter = counter + 1: null

2018-12-20 13:20:10 - [TEST_STEP][PASSED] - Statement - PreSaveFile = new java.io.File(((pathPrefix + java.lang.Integer.toString(counter)) + .png)): null

2018-12-20 13:20:10 - [TEST_STEP][PASSED] - Statement - counter = counter + 1: null

2018-12-20 13:20:10 - [TEST_STEP][PASSED] - Statement - PreSaveFile = new java.io.File(((pathPrefix + java.lang.Integer.toString(counter)) + .png)): null

2018-12-20 13:20:10 - [TEST_STEP][PASSED] - Statement - counter = counter + 1: null

2018-12-20 13:20:10 - [TEST_STEP][PASSED] - Statement - PreSaveFile = new java.io.File(((pathPrefix + java.lang.Integer.toString(counter)) + .png)): null

2018-12-20 13:20:11 - [TEST_STEP][PASSED] - Statement - counter = counter + 1: null

2018-12-20 13:20:11 - [TEST_STEP][PASSED] - Statement - PreSaveFile = new java.io.File(((pathPrefix + java.lang.Integer.toString(counter)) + .png)): null

2018-12-20 13:20:11 - [TEST_STEP][PASSED] - Statement - counter = counter + 1: null

2018-12-20 13:20:11 - [TEST_STEP][PASSED] - Statement - PreSaveFile = new java.io.File(((pathPrefix + java.lang.Integer.toString(counter)) + .png)): null

2018-12-20 13:20:11 - [TEST_STEP][PASSED] - Statement - counter = counter + 1: null

2018-12-20 13:20:11 - [TEST_STEP][PASSED] - Statement - PreSaveFile = new java.io.File(((pathPrefix + java.lang.Integer.toString(counter)) + .png)): null

2018-12-20 13:20:11 - [TEST_STEP][PASSED] - Statement - counter = counter + 1: null

2018-12-20 13:20:11 - [TEST_STEP][PASSED] - Statement - PreSaveFile = new java.io.File(((pathPrefix + java.lang.Integer.toString(counter)) + .png)): null

2018-12-20 13:20:11 - [TEST_STEP][PASSED] - Statement - counter = counter + 1: null

2018-12-20 13:20:11 - [TEST_STEP][PASSED] - Statement - PreSaveFile = new java.io.File(((pathPrefix + java.lang.Integer.toString(counter)) + .png)): null

2018-12-20 13:20:11 - [TEST_STEP][PASSED] - Statement - counter = counter + 1: null

2018-12-20 13:20:11 - [TEST_STEP][PASSED] - Statement - PreSaveFile = new java.io.File(((pathPrefix + java.lang.Integer.toString(counter)) + .png)): null

2018-12-20 13:20:11 - [TEST_STEP][PASSED] - Statement - counter = counter + 1: null

2018-12-20 13:20:11 - [TEST_STEP][PASSED] - Statement - PreSaveFile = new java.io.File(((pathPrefix + java.lang.Integer.toString(counter)) + .png)): null

2018-12-20 13:20:11 - [TEST_STEP][PASSED] - Statement - counter = counter + 1: null

2018-12-20 13:20:11 - [TEST_STEP][PASSED] - Statement - PreSaveFile = new java.io.File(((pathPrefix + java.lang.Integer.toString(counter)) + .png)): null

2018-12-20 13:20:11 - [TEST_STEP][PASSED] - Statement - counter = counter + 1: null

2018-12-20 13:20:11 - [TEST_STEP][PASSED] - Statement - PreSaveFile = new java.io.File(((pathPrefix + java.lang.Integer.toString(counter)) + .png)): null

2018-12-20 13:20:11 - [TEST_STEP][PASSED] - Statement - counter = counter + 1: null

2018-12-20 13:20:12 - [TEST_STEP][PASSED] - Statement - PreSaveFile = new java.io.File(((pathPrefix + java.lang.Integer.toString(counter)) + .png)): null

2018-12-20 13:20:12 - [TEST_STEP][PASSED] - Statement - counter = counter + 1: null

2018-12-20 13:20:12 - [TEST_STEP][PASSED] - Statement - PreSaveFile = new java.io.File(((pathPrefix + java.lang.Integer.toString(counter)) + .png)): null

2018-12-20 13:20:12 - [TEST_STEP][PASSED] - Statement - counter = counter + 1: null

2018-12-20 13:20:12 - [TEST_STEP][PASSED] - Statement - PreSaveFile = new java.io.File(((pathPrefix + java.lang.Integer.toString(counter)) + .png)): null

2018-12-20 13:20:12 - [TEST_STEP][PASSED] - Statement - counter = counter + 1: null

2018-12-20 13:20:12 - [TEST_STEP][PASSED] - Statement - PreSaveFile = new java.io.File(((pathPrefix + java.lang.Integer.toString(counter)) + .png)): null

2018-12-20 13:20:12 - [TEST_STEP][PASSED] - Statement - counter = counter + 1: null

2018-12-20 13:20:12 - [TEST_STEP][PASSED] - Statement - PreSaveFile = new java.io.File(((pathPrefix + java.lang.Integer.toString(counter)) + .png)): null

2018-12-20 13:20:12 - [TEST_STEP][PASSED] - Statement - counter = counter + 1: null

2018-12-20 13:20:12 - [TEST_STEP][PASSED] - Statement - PreSaveFile = new java.io.File(((pathPrefix + java.lang.Integer.toString(counter)) + .png)): null

2018-12-20 13:20:12 - [TEST_STEP][PASSED] - Statement - counter = counter + 1: null

2018-12-20 13:20:12 - [TEST_STEP][PASSED] - Statement - PreSaveFile = new java.io.File(((pathPrefix + java.lang.Integer.toString(counter)) + .png)): null

2018-12-20 13:20:12 - [TEST_STEP][PASSED] - Statement - counter = counter + 1: null

2018-12-20 13:20:12 - [TEST_STEP][PASSED] - Statement - PreSaveFile = new java.io.File(((pathPrefix + java.lang.Integer.toString(counter)) + .png)): null

2018-12-20 13:20:12 - [TEST_STEP][PASSED] - Statement - counter = counter + 1: null

2018-12-20 13:20:12 - [TEST_STEP][PASSED] - Statement - PreSaveFile = new java.io.File(((pathPrefix + java.lang.Integer.toString(counter)) + .png)): null

2018-12-20 13:20:12 - [TEST_STEP][PASSED] - Statement - counter = counter + 1: null

2018-12-20 13:20:12 - [TEST_STEP][PASSED] - Statement - PreSaveFile = new java.io.File(((pathPrefix + java.lang.Integer.toString(counter)) + .png)): null

2018-12-20 13:20:12 - [TEST_STEP][PASSED] - Statement - counter = counter + 1: null

2018-12-20 13:20:12 - [TEST_STEP][PASSED] - Statement - PreSaveFile = new java.io.File(((pathPrefix + java.lang.Integer.toString(counter)) + .png)): null

2018-12-20 13:20:12 - [TEST_STEP][PASSED] - Statement - counter = counter + 1: null

2018-12-20 13:20:12 - [TEST_STEP][PASSED] - Statement - PreSaveFile = new java.io.File(((pathPrefix + java.lang.Integer.toString(counter)) + .png)): null

2018-12-20 13:20:12 - [TEST_STEP][PASSED] - Statement - counter = counter + 1: null

2018-12-20 13:20:12 - [TEST_STEP][PASSED] - Statement - PreSaveFile = new java.io.File(((pathPrefix + java.lang.Integer.toString(counter)) + .png)): null

2018-12-20 13:20:12 - [TEST_STEP][PASSED] - Statement - counter = counter + 1: null

2018-12-20 13:20:12 - [TEST_STEP][PASSED] - Statement - PreSaveFile = new java.io.File(((pathPrefix + java.lang.Integer.toString(counter)) + .png)): null

2018-12-20 13:20:12 - [TEST_STEP][PASSED] - Statement - counter = counter + 1: null

2018-12-20 13:20:12 - [TEST_STEP][PASSED] - Statement - PreSaveFile = new java.io.File(((pathPrefix + java.lang.Integer.toString(counter)) + .png)): null

2018-12-20 13:20:12 - [TEST_STEP][PASSED] - Statement - counter = counter + 1: null

2018-12-20 13:20:13 - [TEST_STEP][PASSED] - Statement - PreSaveFile = new java.io.File(((pathPrefix + java.lang.Integer.toString(counter)) + .png)): null

2018-12-20 13:20:13 - [TEST_STEP][PASSED] - Statement - counter = counter + 1: null

2018-12-20 13:20:13 - [TEST_STEP][PASSED] - Statement - PreSaveFile = new java.io.File(((pathPrefix + java.lang.Integer.toString(counter)) + .png)): null

2018-12-20 13:20:13 - [TEST_STEP][PASSED] - Statement - counter = counter + 1: null

2018-12-20 13:20:13 - [TEST_STEP][PASSED] - Statement - PreSaveFile = new java.io.File(((pathPrefix + java.lang.Integer.toString(counter)) + .png)): null

2018-12-20 13:20:13 - [TEST_STEP][PASSED] - Statement - counter = counter + 1: null

2018-12-20 13:20:13 - [TEST_STEP][PASSED] - Statement - PreSaveFile = new java.io.File(((pathPrefix + java.lang.Integer.toString(counter)) + .png)): null

2018-12-20 13:20:13 - [TEST_STEP][PASSED] - Statement - counter = counter + 1: null

2018-12-20 13:20:13 - [TEST_STEP][PASSED] - Statement - PreSaveFile = new java.io.File(((pathPrefix + java.lang.Integer.toString(counter)) + .png)): null

2018-12-20 13:20:13 - [TEST_STEP][PASSED] - Statement - counter = counter + 1: null

2018-12-20 13:20:13 - [TEST_STEP][PASSED] - Statement - PreSaveFile = new java.io.File(((pathPrefix + java.lang.Integer.toString(counter)) + .png)): null

2018-12-20 13:20:13 - [TEST_STEP][PASSED] - Statement - counter = counter + 1: null

2018-12-20 13:20:13 - [TEST_STEP][PASSED] - Statement - PreSaveFile = new java.io.File(((pathPrefix + java.lang.Integer.toString(counter)) + .png)): null

2018-12-20 13:20:13 - [TEST_STEP][PASSED] - Statement - counter = counter + 1: null

2018-12-20 13:20:13 - [TEST_STEP][PASSED] - Statement - PreSaveFile = new java.io.File(((pathPrefix + java.lang.Integer.toString(counter)) + .png)): null

2018-12-20 13:20:13 - [TEST_STEP][PASSED] - Statement - counter = counter + 1: null

2018-12-20 13:20:13 - [TEST_STEP][PASSED] - Statement - PreSaveFile = new java.io.File(((pathPrefix + java.lang.Integer.toString(counter)) + .png)): null

2018-12-20 13:20:13 - [TEST_STEP][PASSED] - Statement - counter = counter + 1: null

2018-12-20 13:20:13 - [TEST_STEP][PASSED] - Statement - PreSaveFile = new java.io.File(((pathPrefix + java.lang.Integer.toString(counter)) + .png)): null

2018-12-20 13:20:14 - [TEST_STEP][PASSED] - Statement - counter = counter + 1: null

2018-12-20 13:20:14 - [TEST_STEP][PASSED] - Statement - PreSaveFile = new java.io.File(((pathPrefix + java.lang.Integer.toString(counter)) + .png)): null

2018-12-20 13:20:14 - [TEST_STEP][PASSED] - Statement - counter = counter + 1: null

2018-12-20 13:20:14 - [TEST_STEP][PASSED] - Statement - PreSaveFile = new java.io.File(((pathPrefix + java.lang.Integer.toString(counter)) + .png)): null

2018-12-20 13:20:14 - [TEST_STEP][PASSED] - Statement - counter = counter + 1: null

2018-12-20 13:20:14 - [TEST_STEP][PASSED] - Statement - PreSaveFile = new java.io.File(((pathPrefix + java.lang.Integer.toString(counter)) + .png)): null

2018-12-20 13:20:14 - [TEST_STEP][PASSED] - Statement - counter = counter + 1: null

2018-12-20 13:20:14 - [TEST_STEP][PASSED] - Statement - PreSaveFile = new java.io.File(((pathPrefix + java.lang.Integer.toString(counter)) + .png)): null

2018-12-20 13:20:14 - [TEST_STEP][PASSED] - Statement - counter = counter + 1: null

2018-12-20 13:20:14 - [TEST_STEP][PASSED] - Statement - PreSaveFile = new java.io.File(((pathPrefix + java.lang.Integer.toString(counter)) + .png)): null

2018-12-20 13:20:14 - [TEST_STEP][PASSED] - Statement - counter = counter + 1: null

2018-12-20 13:20:14 - [TEST_STEP][PASSED] - Statement - PreSaveFile = new java.io.File(((pathPrefix + java.lang.Integer.toString(counter)) + .png)): null

2018-12-20 13:20:14 - [TEST_STEP][PASSED] - Statement - counter = counter + 1: null

2018-12-20 13:20:14 - [TEST_STEP][PASSED] - Statement - PreSaveFile = new java.io.File(((pathPrefix + java.lang.Integer.toString(counter)) + .png)): null

2018-12-20 13:20:14 - [TEST_STEP][PASSED] - Statement - counter = counter + 1: null

2018-12-20 13:20:14 - [TEST_STEP][PASSED] - Statement - PreSaveFile = new java.io.File(((pathPrefix + java.lang.Integer.toString(counter)) + .png)): null

2018-12-20 13:20:14 - [TEST_STEP][PASSED] - Statement - counter = counter + 1: null

2018-12-20 13:20:14 - [TEST_STEP][PASSED] - Statement - PreSaveFile = new java.io.File(((pathPrefix + java.lang.Integer.toString(counter)) + .png)): null

2018-12-20 13:20:14 - [TEST_STEP][PASSED] - Statement - counter = counter + 1: null

2018-12-20 13:20:15 - [TEST_STEP][PASSED] - Statement - PreSaveFile = new java.io.File(((pathPrefix + java.lang.Integer.toString(counter)) + .png)): null

2018-12-20 13:20:15 - [TEST_STEP][PASSED] - Statement - counter = counter + 1: null

2018-12-20 13:20:15 - [TEST_STEP][PASSED] - Statement - PreSaveFile = new java.io.File(((pathPrefix + java.lang.Integer.toString(counter)) + .png)): null

2018-12-20 13:20:15 - [TEST_STEP][PASSED] - Statement - counter = counter + 1: null

2018-12-20 13:20:15 - [TEST_STEP][PASSED] - Statement - PreSaveFile = new java.io.File(((pathPrefix + java.lang.Integer.toString(counter)) + .png)): null

2018-12-20 13:20:15 - [TEST_STEP][PASSED] - Statement - counter = counter + 1: null

2018-12-20 13:20:15 - [TEST_STEP][PASSED] - Statement - PreSaveFile = new java.io.File(((pathPrefix + java.lang.Integer.toString(counter)) + .png)): null

2018-12-20 13:20:15 - [TEST_STEP][PASSED] - Statement - counter = counter + 1: null

2018-12-20 13:20:15 - [TEST_STEP][PASSED] - Statement - PreSaveFile = new java.io.File(((pathPrefix + java.lang.Integer.toString(counter)) + .png)): null

2018-12-20 13:20:15 - [TEST_STEP][PASSED] - Statement - counter = counter + 1: null

2018-12-20 13:20:15 - [TEST_STEP][PASSED] - Statement - PreSaveFile = new java.io.File(((pathPrefix + java.lang.Integer.toString(counter)) + .png)): null

2018-12-20 13:20:15 - [TEST_STEP][PASSED] - Statement - counter = counter + 1: null

2018-12-20 13:20:15 - [TEST_STEP][PASSED] - Statement - PreSaveFile = new java.io.File(((pathPrefix + java.lang.Integer.toString(counter)) + .png)): null

2018-12-20 13:20:15 - [TEST_STEP][PASSED] - Statement - counter = counter + 1: null

2018-12-20 13:20:15 - [TEST_STEP][PASSED] - Statement - PreSaveFile = new java.io.File(((pathPrefix + java.lang.Integer.toString(counter)) + .png)): null

2018-12-20 13:20:15 - [TEST_STEP][PASSED] - Statement - counter = counter + 1: null

2018-12-20 13:20:15 - [TEST_STEP][PASSED] - Statement - PreSaveFile = new java.io.File(((pathPrefix + java.lang.Integer.toString(counter)) + .png)): null

2018-12-20 13:20:15 - [TEST_STEP][PASSED] - Statement - counter = counter + 1: null

2018-12-20 13:20:15 - [TEST_STEP][PASSED] - Statement - PreSaveFile = new java.io.File(((pathPrefix + java.lang.Integer.toString(counter)) + .png)): null

2018-12-20 13:20:15 - [TEST_STEP][PASSED] - Statement - counter = counter + 1: null

2018-12-20 13:20:16 - [TEST_STEP][PASSED] - Statement - PreSaveFile = new java.io.File(((pathPrefix + java.lang.Integer.toString(counter)) + .png)): null

2018-12-20 13:20:16 - [TEST_STEP][PASSED] - Statement - counter = counter + 1: null

2018-12-20 13:20:16 - [TEST_STEP][PASSED] - Statement - PreSaveFile = new java.io.File(((pathPrefix + java.lang.Integer.toString(counter)) + .png)): null

2018-12-20 13:20:16 - [TEST_STEP][PASSED] - Statement - counter = counter + 1: null

2018-12-20 13:20:16 - [TEST_STEP][PASSED] - Statement - PreSaveFile = new java.io.File(((pathPrefix + java.lang.Integer.toString(counter)) + .png)): null

2018-12-20 13:20:16 - [TEST_STEP][PASSED] - Statement - counter = counter + 1: null

2018-12-20 13:20:16 - [TEST_STEP][PASSED] - Statement - PreSaveFile = new java.io.File(((pathPrefix + java.lang.Integer.toString(counter)) + .png)): null

2018-12-20 13:20:16 - [TEST_STEP][PASSED] - Statement - counter = counter + 1: null

2018-12-20 13:20:16 - [TEST_STEP][PASSED] - Statement - PreSaveFile = new java.io.File(((pathPrefix + java.lang.Integer.toString(counter)) + .png)): null

2018-12-20 13:20:16 - [TEST_STEP][PASSED] - Statement - counter = counter + 1: null

2018-12-20 13:20:16 - [TEST_STEP][PASSED] - Statement - PreSaveFile = new java.io.File(((pathPrefix + java.lang.Integer.toString(counter)) + .png)): null

2018-12-20 13:20:16 - [TEST_STEP][PASSED] - Statement - counter = counter + 1: null

2018-12-20 13:20:16 - [TEST_STEP][PASSED] - Statement - PreSaveFile = new java.io.File(((pathPrefix + java.lang.Integer.toString(counter)) + .png)): null

2018-12-20 13:20:16 - [TEST_STEP][PASSED] - Statement - counter = counter + 1: null

2018-12-20 13:20:16 - [TEST_STEP][PASSED] - Statement - PreSaveFile = new java.io.File(((pathPrefix + java.lang.Integer.toString(counter)) + .png)): null

2018-12-20 13:20:16 - [TEST_STEP][PASSED] - Statement - counter = counter + 1: null

2018-12-20 13:20:16 - [TEST_STEP][PASSED] - Statement - PreSaveFile = new java.io.File(((pathPrefix + java.lang.Integer.toString(counter)) + .png)): null

2018-12-20 13:20:16 - [TEST_STEP][PASSED] - Statement - counter = counter + 1: null

2018-12-20 13:20:17 - [TEST_STEP][PASSED] - Statement - PreSaveFile = new java.io.File(((pathPrefix + java.lang.Integer.toString(counter)) + .png)): null

2018-12-20 13:20:17 - [TEST_STEP][PASSED] - Statement - counter = counter + 1: null

2018-12-20 13:20:17 - [TEST_STEP][PASSED] - Statement - PreSaveFile = new java.io.File(((pathPrefix + java.lang.Integer.toString(counter)) + .png)): null

2018-12-20 13:20:17 - [TEST_STEP][PASSED] - Statement - counter = counter + 1: null

2018-12-20 13:20:17 - [TEST_STEP][PASSED] - Statement - PreSaveFile = new java.io.File(((pathPrefix + java.lang.Integer.toString(counter)) + .png)): null

2018-12-20 13:20:17 - [TEST_STEP][PASSED] - Statement - counter = counter + 1: null

2018-12-20 13:20:17 - [TEST_STEP][PASSED] - Statement - PreSaveFile = new java.io.File(((pathPrefix + java.lang.Integer.toString(counter)) + .png)): null

2018-12-20 13:20:17 - [TEST_STEP][PASSED] - Statement - counter = counter + 1: null

2018-12-20 13:20:17 - [TEST_STEP][PASSED] - Statement - PreSaveFile = new java.io.File(((pathPrefix + java.lang.Integer.toString(counter)) + .png)): null

2018-12-20 13:20:17 - [TEST_STEP][PASSED] - Statement - counter = counter + 1: null

2018-12-20 13:20:17 - [TEST_STEP][PASSED] - Statement - PreSaveFile = new java.io.File(((pathPrefix + java.lang.Integer.toString(counter)) + .png)): null

2018-12-20 13:20:17 - [TEST_STEP][PASSED] - Statement - counter = counter + 1: null

2018-12-20 13:20:17 - [TEST_STEP][PASSED] - Statement - PreSaveFile = new java.io.File(((pathPrefix + java.lang.Integer.toString(counter)) + .png)): null

2018-12-20 13:20:17 - [TEST_STEP][PASSED] - Statement - counter = counter + 1: null

2018-12-20 13:20:17 - [TEST_STEP][PASSED] - Statement - PreSaveFile = new java.io.File(((pathPrefix + java.lang.Integer.toString(counter)) + .png)): null

2018-12-20 13:20:17 - [TEST_STEP][PASSED] - Statement - counter = counter + 1: null

2018-12-20 13:20:17 - [TEST_STEP][PASSED] - Statement - PreSaveFile = new java.io.File(((pathPrefix + java.lang.Integer.toString(counter)) + .png)): null

2018-12-20 13:20:17 - [TEST_STEP][PASSED] - Statement - counter = counter + 1: null

2018-12-20 13:20:17 - [TEST_STEP][PASSED] - Statement - PreSaveFile = new java.io.File(((pathPrefix + java.lang.Integer.toString(counter)) + .png)): null

2018-12-20 13:20:17 - [TEST_STEP][PASSED] - Statement - counter = counter + 1: null

2018-12-20 13:20:17 - [TEST_STEP][PASSED] - Statement - PreSaveFile = new java.io.File(((pathPrefix + java.lang.Integer.toString(counter)) + .png)): null

2018-12-20 13:20:17 - [TEST_STEP][PASSED] - Statement - counter = counter + 1: null

2018-12-20 13:20:17 - [TEST_STEP][PASSED] - Statement - PreSaveFile = new java.io.File(((pathPrefix + java.lang.Integer.toString(counter)) + .png)): null

2018-12-20 13:20:17 - [TEST_STEP][PASSED] - Statement - counter = counter + 1: null

2018-12-20 13:20:17 - [TEST_STEP][PASSED] - Statement - PreSaveFile = new java.io.File(((pathPrefix + java.lang.Integer.toString(counter)) + .png)): null

2018-12-20 13:20:17 - [TEST_STEP][PASSED] - Statement - counter = counter + 1: null

2018-12-20 13:20:17 - [TEST_STEP][PASSED] - Statement - PreSaveFile = new java.io.File(((pathPrefix + java.lang.Integer.toString(counter)) + .png)): null

2018-12-20 13:20:17 - [TEST_STEP][PASSED] - Statement - counter = counter + 1: null

2018-12-20 13:20:17 - [TEST_STEP][PASSED] - Statement - PreSaveFile = new java.io.File(((pathPrefix + java.lang.Integer.toString(counter)) + .png)): null

2018-12-20 13:20:18 - [TEST_STEP][PASSED] - Statement - counter = counter + 1: null

2018-12-20 13:20:18 - [TEST_STEP][PASSED] - Statement - PreSaveFile = new java.io.File(((pathPrefix + java.lang.Integer.toString(counter)) + .png)): null

2018-12-20 13:20:18 - [TEST_STEP][PASSED] - Statement - counter = counter + 1: null

2018-12-20 13:20:18 - [TEST_STEP][PASSED] - Statement - PreSaveFile = new java.io.File(((pathPrefix + java.lang.Integer.toString(counter)) + .png)): null

2018-12-20 13:20:18 - [TEST_STEP][PASSED] - Statement - counter = counter + 1: null

2018-12-20 13:20:18 - [TEST_STEP][PASSED] - Statement - PreSaveFile = new java.io.File(((pathPrefix + java.lang.Integer.toString(counter)) + .png)): null

2018-12-20 13:20:18 - [TEST_STEP][PASSED] - Statement - finalPath = pathPrefix + java.lang.Integer.toString(counter) + ".png": null

2018-12-20 13:20:18 - [TEST_STEP][PASSED] - Statement - SaveFile = new java.io.File(finalPath): null

2018-12-20 13:20:18 - [TEST_STEP][PASSED] - Statement - Try: null

2018-12-20 13:20:18 - [TEST_STEP][PASSED] - Statement - org.apache.commons.io.FileUtils.copyFile(scrFile, SaveFile): null

2018-12-20 13:20:18 - [TEST_STEP][PASSED] - Statement - out.println("file kept"): null

2018-12-20 13:20:18 - [TEST_STEP][PASSED] - delay: Delayed 10 second(s)

2018-12-20 13:20:28 - [MESSAGE][PASSED] - Delayed 10 second(s)

2018-12-20 13:20:28 - [MESSAGE][PASSED] - Call Test Case 'Test Cases/Final Aug 2018 - PKS Automation/Registration Module/New Registration/Submit and Screenshot/Submit Registration and Screenshot - Copy' successfully

2018-12-20 13:20:28 - [TEST_STEP][PASSED] - Statement - UpdateAddNewECode = com.kms.katalon.core.webui.keyword.WebUiBuiltInKeywords.getText(com.kms.katalon.core.testobject.ObjectRepository.findTestObject(Object Repository/Final Object Repo/Page_Update Add New Employee - ASSIST/getEmpCode)): Text of object 'Object Repository/Final Object Repo/Page_Update Add New Employee - ASSIST/getEmpCode' is: 'E1102070950M'

2018-12-20 13:20:28 - [MESSAGE][PASSED] - Text of object 'Object Repository/Final Object Repo/Page_Update Add New Employee - ASSIST/getEmpCode' is: 'E1102070950M'

2018-12-20 13:20:28 - [TEST_STEP][PASSED] - callTestCase: Call Test Case 'Test Cases/Final Aug 2018 - PKS Automation/Common/Emp Code Setter' successfully

2018-12-20 13:20:29 - [TEST_CASE][PASSED] - Test Cases/Final Aug 2018 - PKS Automation/Common/Emp Code Setter: Test Cases/Final Aug 2018 - PKS Automation/Common/Emp Code Setter

2018-12-20 13:20:29 - [TEST_STEP][PASSED] - Statement - EmpCodeOld = new java.io.File(C://Users//Admin//Desktop//PKS//Automation Reference Point//EmpCode.txt): null

2018-12-20 13:20:29 - [TEST_STEP][PASSED] - Statement - EmpCodeOld.delete(): null

2018-12-20 13:20:29 - [TEST_STEP][PASSED] - Statement - EmpCode = new java.io.File(C://Users//Admin//Desktop//PKS//Automation Reference Point//EmpCode.txt): null

2018-12-20 13:20:29 - [TEST_STEP][PASSED] - Statement - f2 = new java.io.FileWriter(EmpCode, false): null

2018-12-20 13:20:29 - [TEST_STEP][PASSED] - Statement - f2.write(UpdateAddNewECode): null

2018-12-20 13:20:29 - [TEST_STEP][PASSED] - Statement - f2.close(): null

2018-12-20 13:20:29 - [TEST_STEP][PASSED] - Statement - out.println("


" + UpdateAddNewECode + "


"): null

2018-12-20 13:20:29 - [MESSAGE][PASSED] - Call Test Case 'Test Cases/Final Aug 2018 - PKS Automation/Common/Emp Code Setter' successfully

2018-12-20 13:20:29 - [MESSAGE][PASSED] - Call Test Case 'Test Cases/Final Aug 2018 - PKS Automation/Registration Module/Workflow/Update Add New Employee/Template/New Company for Update Add New - Employer' successfully

2018-12-20 13:20:29 - [TEST_STEP][PASSED] - callTestCase: Call Test Case 'Test Cases/Final Aug 2018 - PKS Automation/Create Employer Acc/Login to Employer Account (Second time)' successfully

2018-12-20 13:20:29 - [TEST_CASE][PASSED] - Test Cases/Final Aug 2018 - PKS Automation/Create Employer Acc/Login to Employer Account (Second time): Test Cases/Final Aug 2018 - PKS Automation/Create Employer Acc/Login to Employer Account (Second time)

2018-12-20 13:20:29 - [TEST_STEP][PASSED] - openBrowser: Browser is opened with url: ''

2018-12-20 13:20:29 - [MESSAGE][WARNING] - A browser is already opened. Closing browser and opening a new one

2018-12-20 13:20:32 - [MESSAGE][PASSED] - Browser is opened with url: ''

2018-12-20 13:20:32 - [TEST_STEP][PASSED] - navigateToUrl: Navigate to 'https://assist2-uat.perkeso.gov.my/employer/login' successfully

2018-12-20 13:20:33 - [MESSAGE][PASSED] - Navigate to 'https://assist2-uat.perkeso.gov.my/employer/login' successfully

2018-12-20 13:20:33 - [TEST_STEP][PASSED] - delay: Delayed 3 second(s)

2018-12-20 13:20:36 - [MESSAGE][PASSED] - Delayed 3 second(s)

2018-12-20 13:20:36 - [TEST_STEP][PASSED] - callTestCase: Call Test Case 'Test Cases/Final Aug 2018 - PKS Automation/Create Employer Acc/Template/Employer Email Getter' successfully

2018-12-20 13:20:36 - [TEST_CASE][PASSED] - Test Cases/Final Aug 2018 - PKS Automation/Create Employer Acc/Template/Employer Email Getter: Test Cases/Final Aug 2018 - PKS Automation/Create Employer Acc/Template/Employer Email Getter

2018-12-20 13:20:36 - [TEST_STEP][PASSED] - Statement - Try: null

2018-12-20 13:20:36 - [TEST_STEP][PASSED] - Statement - EmpEmail = new java.io.File(C://Users//Admin//Desktop//PKS//Automation Reference Point//EmpEmail.txt): null

2018-12-20 13:20:36 - [TEST_STEP][PASSED] - Statement - bufferread = new java.io.BufferedReader(new java.io.FileReader(EmpEmail)): null

2018-12-20 13:20:36 - [TEST_STEP][PASSED] - Statement - readedVal = bufferread.readLine(): null

2018-12-20 13:20:36 - [TEST_STEP][PASSED] - Statement - out.println(readedVal): null

2018-12-20 13:20:36 - [TEST_STEP][PASSED] - Statement - Email = readedVal: null

2018-12-20 13:20:36 - [MESSAGE][PASSED] - Call Test Case 'Test Cases/Final Aug 2018 - PKS Automation/Create Employer Acc/Template/Employer Email Getter' successfully

2018-12-20 13:20:36 - [TEST_STEP][PASSED] - setText: Text 'perkeso995418216765@gmail.com' is set on object 'Object Repository/Final Object Repo/Login Page/External Login Page/Email'

2018-12-20 13:20:36 - [MESSAGE][PASSED] - Text 'perkeso995418216765@gmail.com' is set on object 'Object Repository/Final Object Repo/Login Page/External Login Page/Email'

2018-12-20 13:20:36 - [TEST_STEP][PASSED] - click: Object: 'Object Repository/Final Object Repo/Login Page/External Login Page/Next' is clicked on

2018-12-20 13:20:36 - [MESSAGE][PASSED] - Object: 'Object Repository/Final Object Repo/Login Page/External Login Page/Next' is clicked on

2018-12-20 13:20:36 - [TEST_STEP][PASSED] - delay: Delayed 3 second(s)

2018-12-20 13:20:39 - [MESSAGE][PASSED] - Delayed 3 second(s)

2018-12-20 13:20:39 - [TEST_STEP][PASSED] - setEncryptedText: Text ****** has been set on object 'Object Repository/Final Object Repo/Login Page/External Login Page/Password'

2018-12-20 13:20:40 - [MESSAGE][PASSED] - Text ****** has been set on object 'Object Repository/Final Object Repo/Login Page/External Login Page/Password'

2018-12-20 13:20:40 - [TEST_STEP][PASSED] - click: Object: 'Object Repository/Final Object Repo/Login Page/External Login Page/Login' is clicked on

2018-12-20 13:20:40 - [MESSAGE][PASSED] - Object: 'Object Repository/Final Object Repo/Login Page/External Login Page/Login' is clicked on

2018-12-20 13:20:40 - [TEST_STEP][PASSED] - delay: Delayed 5 second(s)

2018-12-20 13:20:45 - [MESSAGE][PASSED] - Delayed 5 second(s)

2018-12-20 13:20:45 - [MESSAGE][PASSED] - Call Test Case 'Test Cases/Final Aug 2018 - PKS Automation/Create Employer Acc/Login to Employer Account (Second time)' successfully

2018-12-20 13:20:45 - [TEST_STEP][PASSED] - navigateToUrl: Navigate to 'https://assist2-uat.perkeso.gov.my/web/registration/eis-update/form-3-eis-cessation-as-employer' successfully

2018-12-20 13:20:45 - [MESSAGE][PASSED] - Navigate to 'https://assist2-uat.perkeso.gov.my/web/registration/eis-update/form-3-eis-cessation-as-employer' successfully

2018-12-20 13:20:45 - [TEST_STEP][PASSED] - delay: Delayed 1 second(s)

2018-12-20 13:20:46 - [MESSAGE][PASSED] - Delayed 1 second(s)

2018-12-20 13:20:46 - [TEST_STEP][PASSED] - click: Object: 'Object Repository/Final Object Repo/Page_Form 3 EIS - Cessation as Employer/Edit' is clicked on

2018-12-20 13:20:48 - [MESSAGE][PASSED] - Object: 'Object Repository/Final Object Repo/Page_Form 3 EIS - Cessation as Employer/Edit' is clicked on

2018-12-20 13:20:48 - [TEST_STEP][PASSED] - delay: Delayed 1 second(s)

2018-12-20 13:20:49 - [MESSAGE][PASSED] - Delayed 1 second(s)

2018-12-20 13:20:49 - [TEST_STEP][PASSED] - Statement - abc = com.kms.katalon.core.webui.keyword.WebUiBuiltInKeywords.getAttribute(com.kms.katalon.core.testobject.ObjectRepository.findTestObject(Final Object Repo/Page_Form 3 EIS - Cessation as Employer/Employer Status), "value"): Attribute 'value' of object 'Object Repository/Final Object Repo/Page_Form 3 EIS - Cessation as Employer/Employer Status' is: 'Active'

2018-12-20 13:20:49 - [MESSAGE][PASSED] - Attribute 'value' of object 'Object Repository/Final Object Repo/Page_Form 3 EIS - Cessation as Employer/Employer Status' is: 'Active'

2018-12-20 13:20:49 - [TEST_STEP][PASSED] - Statement - out.println(abc): null

2018-12-20 13:20:49 - [TEST_STEP][PASSED] - Statement - If (abc == "Active"): Object: 'Object Repository/Final Object Repo/Page_Form 3 EIS - Cessation as Employer/Dormant EIS' is clicked on

2018-12-20 13:20:49 - [TEST_STEP][PASSED] - click: Object: 'Object Repository/Final Object Repo/Page_Form 3 EIS - Cessation as Employer/Change Employer Status to' is clicked on

2018-12-20 13:20:49 - [MESSAGE][PASSED] - Object: 'Object Repository/Final Object Repo/Page_Form 3 EIS - Cessation as Employer/Change Employer Status to' is clicked on

2018-12-20 13:20:49 - [TEST_STEP][PASSED] - click: Object: 'Object Repository/Final Object Repo/Page_Form 3 EIS - Cessation as Employer/Dormant EIS' is clicked on

2018-12-20 13:20:49 - [MESSAGE][PASSED] - Object: 'Object Repository/Final Object Repo/Page_Form 3 EIS - Cessation as Employer/Dormant EIS' is clicked on

2018-12-20 13:20:49 - [TEST_STEP][PASSED] - click: Object: 'Object Repository/Final Object Repo/Page_Form 3 EIS - Cessation as Employer/Calender' is clicked on

2018-12-20 13:20:50 - [MESSAGE][PASSED] - Object: 'Object Repository/Final Object Repo/Page_Form 3 EIS - Cessation as Employer/Calender' is clicked on

2018-12-20 13:20:50 - [TEST_STEP][PASSED] - delay: Delayed 1 second(s)

2018-12-20 13:20:51 - [MESSAGE][PASSED] - Delayed 1 second(s)

2018-12-20 13:20:51 - [TEST_STEP][PASSED] - click: Object: 'Object Repository/Final Object Repo/Page_Form 3 EIS - Cessation as Employer/Calender - Date' is clicked on

2018-12-20 13:20:51 - [MESSAGE][PASSED] - Object: 'Object Repository/Final Object Repo/Page_Form 3 EIS - Cessation as Employer/Calender - Date' is clicked on

2018-12-20 13:20:51 - [TEST_STEP][PASSED] - click: Object: 'Object Repository/Final Object Repo/Page_Form 3 EIS - Cessation as Employer/Save  Continue in Form 3 EIS Page' is clicked on

2018-12-20 13:20:51 - [MESSAGE][PASSED] - Object: 'Object Repository/Final Object Repo/Page_Form 3 EIS - Cessation as Employer/Save  Continue in Form 3 EIS Page' is clicked on

2018-12-20 13:20:51 - [TEST_STEP][PASSED] - delay: Delayed 1 second(s)

2018-12-20 13:20:52 - [MESSAGE][PASSED] - Delayed 1 second(s)

2018-12-20 13:20:52 - [TEST_STEP][PASSED] - click: Object: 'Object Repository/Final Object Repo/Page_Form 3 EIS - Cessation as Employer/Employment Resign Date' is clicked on

2018-12-20 13:20:52 - [MESSAGE][PASSED] - Object: 'Object Repository/Final Object Repo/Page_Form 3 EIS - Cessation as Employer/Employment Resign Date' is clicked on

2018-12-20 13:20:52 - [TEST_STEP][PASSED] - selectOptionByValue: All options with value '2019' are selected in object 'Object Repository/Final Object Repo/Page_Form 3 EIS - Cessation as Employer/Employment Resign Date - Year' 

2018-12-20 13:20:53 - [MESSAGE][PASSED] - All options with value '2019' are selected in object 'Object Repository/Final Object Repo/Page_Form 3 EIS - Cessation as Employer/Employment Resign Date - Year' 

2018-12-20 13:20:53 - [TEST_STEP][PASSED] - delay: Delayed 2 second(s)

2018-12-20 13:20:55 - [MESSAGE][PASSED] - Delayed 2 second(s)

2018-12-20 13:20:55 - [TEST_STEP][PASSED] - click: Object: 'Object Repository/Final Object Repo/Page_Form 3 EIS - Cessation as Employer/Employment Resign Date - Year - Date' is clicked on

2018-12-20 13:20:55 - [MESSAGE][PASSED] - Object: 'Object Repository/Final Object Repo/Page_Form 3 EIS - Cessation as Employer/Employment Resign Date - Year - Date' is clicked on

2018-12-20 13:20:55 - [TEST_STEP][PASSED] - delay: Delayed 2 second(s)

2018-12-20 13:20:57 - [MESSAGE][PASSED] - Delayed 2 second(s)

2018-12-20 13:20:57 - [TEST_STEP][PASSED] - click: Object: 'Object Repository/Final Object Repo/Page_Form 3 EIS - Cessation as Employer/Save  Continue in Employment Resign Page' is clicked on

2018-12-20 13:20:57 - [MESSAGE][PASSED] - Object: 'Object Repository/Final Object Repo/Page_Form 3 EIS - Cessation as Employer/Save  Continue in Employment Resign Page' is clicked on

2018-12-20 13:20:57 - [TEST_STEP][PASSED] - delay: Delayed 2 second(s)

2018-12-20 13:20:59 - [MESSAGE][PASSED] - Delayed 2 second(s)

2018-12-20 13:20:59 - [TEST_STEP][PASSED] - click: Object: 'Object Repository/Final Object Repo/Page_Form 3 EIS - Cessation as Employer/Set Latest - Yes' is clicked on

2018-12-20 13:20:59 - [MESSAGE][PASSED] - Object: 'Object Repository/Final Object Repo/Page_Form 3 EIS - Cessation as Employer/Set Latest - Yes' is clicked on

2018-12-20 13:20:59 - [TEST_STEP][PASSED] - delay: Delayed 2 second(s)

2018-12-20 13:21:01 - [MESSAGE][PASSED] - Delayed 2 second(s)

2018-12-20 13:21:01 - [TEST_STEP][PASSED] - click: Object: 'Object Repository/Final Object Repo/Page_Form 3 EIS - Cessation as Employer/Add Document' is clicked on

2018-12-20 13:21:02 - [MESSAGE][PASSED] - Object: 'Object Repository/Final Object Repo/Page_Form 3 EIS - Cessation as Employer/Add Document' is clicked on

2018-12-20 13:21:02 - [TEST_STEP][PASSED] - delay: Delayed 3 second(s)

2018-12-20 13:21:05 - [MESSAGE][PASSED] - Delayed 3 second(s)

2018-12-20 13:21:05 - [TEST_STEP][PASSED] - click: Object: 'Object Repository/Final Object Repo/Page_Form 3 EIS - Cessation as Employer/Document Type' is clicked on

2018-12-20 13:21:05 - [MESSAGE][PASSED] - Object: 'Object Repository/Final Object Repo/Page_Form 3 EIS - Cessation as Employer/Document Type' is clicked on

2018-12-20 13:21:05 - [TEST_STEP][PASSED] - click: Object: 'Object Repository/Final Object Repo/Page_Form 3 EIS - Cessation as Employer/Document Type - Form 3' is clicked on

2018-12-20 13:21:06 - [MESSAGE][PASSED] - Object: 'Object Repository/Final Object Repo/Page_Form 3 EIS - Cessation as Employer/Document Type - Form 3' is clicked on

2018-12-20 13:21:06 - [TEST_STEP][PASSED] - delay: Delayed 2 second(s)

2018-12-20 13:21:08 - [MESSAGE][PASSED] - Delayed 2 second(s)

2018-12-20 13:21:08 - [TEST_STEP][PASSED] - sendKeys: Keys 'C:\Users\Public\Pictures\Sample Pictures\Koala.jpg' sent to object: 'Object Repository/Final Object Repo/Page_Form 3 EIS - Cessation as Employer/ploading File'

2018-12-20 13:21:08 - [MESSAGE][PASSED] - Keys 'C:\Users\Public\Pictures\Sample Pictures\Koala.jpg' sent to object: 'Object Repository/Final Object Repo/Page_Form 3 EIS - Cessation as Employer/ploading File'

2018-12-20 13:21:08 - [TEST_STEP][PASSED] - delay: Delayed 1 second(s)

2018-12-20 13:21:09 - [MESSAGE][PASSED] - Delayed 1 second(s)

2018-12-20 13:21:09 - [TEST_STEP][PASSED] - click: Object: 'Object Repository/Final Object Repo/Page_Form 3 EIS - Cessation as Employer/Add Document in Uploading Page' is clicked on

2018-12-20 13:21:09 - [MESSAGE][PASSED] - Object: 'Object Repository/Final Object Repo/Page_Form 3 EIS - Cessation as Employer/Add Document in Uploading Page' is clicked on

2018-12-20 13:21:09 - [TEST_STEP][PASSED] - delay: Delayed 2 second(s)

2018-12-20 13:21:11 - [MESSAGE][PASSED] - Delayed 2 second(s)

2018-12-20 13:21:11 - [TEST_STEP][PASSED] - Statement - CaseReferenceNo = com.kms.katalon.core.webui.keyword.WebUiBuiltInKeywords.getText(com.kms.katalon.core.testobject.ObjectRepository.findTestObject(Final Object Repo/Page_Update Employer Information/Reference Number in Update Employee Information Page)): Text of object 'Object Repository/Final Object Repo/Page_Update Employer Information/Reference Number in Update Employee Information Page' is: 'ERN122018C200002532'

2018-12-20 13:21:13 - [MESSAGE][PASSED] - Text of object 'Object Repository/Final Object Repo/Page_Update Employer Information/Reference Number in Update Employee Information Page' is: 'ERN122018C200002532'

2018-12-20 13:21:13 - [TEST_STEP][PASSED] - callTestCase: Call Test Case 'Test Cases/Final Aug 2018 - PKS Automation/Common/Reference Number Setter' successfully

2018-12-20 13:21:13 - [TEST_CASE][PASSED] - Test Cases/Final Aug 2018 - PKS Automation/Common/Reference Number Setter: Test Cases/Final Aug 2018 - PKS Automation/Common/Reference Number Setter

2018-12-20 13:21:13 - [TEST_STEP][PASSED] - Statement - RefNoOldFile = new java.io.File(C://Users//Admin//Desktop//PKS//Automation Reference Point//KatalonReference.txt): null

2018-12-20 13:21:13 - [TEST_STEP][PASSED] - Statement - RefNoOldFile.delete(): null

2018-12-20 13:21:13 - [TEST_STEP][PASSED] - delay: Delayed 5 second(s)

2018-12-20 13:21:18 - [MESSAGE][PASSED] - Delayed 5 second(s)

2018-12-20 13:21:18 - [TEST_STEP][PASSED] - Statement - RefNo = new java.io.File(C://Users//Admin//Desktop//PKS//Automation Reference Point//KatalonReference.txt): null

2018-12-20 13:21:18 - [TEST_STEP][PASSED] - Statement - f2 = new java.io.FileWriter(RefNo, false): null

2018-12-20 13:21:18 - [TEST_STEP][PASSED] - Statement - f2.write(CaseReferenceNo): null

2018-12-20 13:21:18 - [TEST_STEP][PASSED] - Statement - f2.close(): null

2018-12-20 13:21:18 - [TEST_STEP][PASSED] - Statement - out.println("


" + CaseReferenceNo + "


"): null

2018-12-20 13:21:18 - [MESSAGE][PASSED] - Call Test Case 'Test Cases/Final Aug 2018 - PKS Automation/Common/Reference Number Setter' successfully

2018-12-20 13:21:18 - [TEST_STEP][PASSED] - delay: Delayed 2 second(s)

2018-12-20 13:21:20 - [MESSAGE][PASSED] - Delayed 2 second(s)

2018-12-20 13:21:20 - [TEST_STEP][PASSED] - click: Object: 'Object Repository/Final Object Repo/Page_Form 3 EIS - Cessation as Employer/Save  Continue in Uploading Page' is clicked on

2018-12-20 13:21:20 - [MESSAGE][PASSED] - Object: 'Object Repository/Final Object Repo/Page_Form 3 EIS - Cessation as Employer/Save  Continue in Uploading Page' is clicked on

2018-12-20 13:21:20 - [TEST_STEP][PASSED] - delay: Delayed 2 second(s)

2018-12-20 13:21:22 - [MESSAGE][PASSED] - Delayed 2 second(s)

2018-12-20 13:21:22 - [TEST_STEP][PASSED] - click: Object: 'Object Repository/Final Object Repo/Page_Form 3 EIS - Cessation as Employer/Submit' is clicked on

2018-12-20 13:21:25 - [MESSAGE][PASSED] - Object: 'Object Repository/Final Object Repo/Page_Form 3 EIS - Cessation as Employer/Submit' is clicked on

2018-12-20 13:21:25 - [TEST_STEP][PASSED] - delay: Delayed 2 second(s)

2018-12-20 13:21:27 - [MESSAGE][PASSED] - Delayed 2 second(s)

2018-12-20 13:21:27 - [TEST_STEP][PASSED] - click: Object: 'Object Repository/Final Object Repo/Page_Form 3 EIS - Cessation as Employer/Confirm' is clicked on

2018-12-20 13:21:27 - [MESSAGE][PASSED] - Object: 'Object Repository/Final Object Repo/Page_Form 3 EIS - Cessation as Employer/Confirm' is clicked on

2018-12-20 13:21:27 - [TEST_STEP][PASSED] - delay: Delayed 2 second(s)

2018-12-20 13:21:29 - [MESSAGE][PASSED] - Delayed 2 second(s)

2018-12-20 13:21:29 - [TEST_STEP][PASSED] - click: Object: 'Object Repository/Final Object Repo/Page_Form 3 EIS - Cessation as Employer/Message Your Request will be routed to UO' is clicked on

2018-12-20 13:21:34 - [MESSAGE][PASSED] - Object: 'Object Repository/Final Object Repo/Page_Form 3 EIS - Cessation as Employer/Message Your Request will be routed to UO' is clicked on

2018-12-20 13:21:34 - [TEST_STEP][PASSED] - click: Object: 'Object Repository/Final Object Repo/Page_Form 3 EIS - Cessation as Employer/Letter of acknowledgement' is clicked on

2018-12-20 13:21:34 - [MESSAGE][PASSED] - Object: 'Object Repository/Final Object Repo/Page_Form 3 EIS - Cessation as Employer/Letter of acknowledgement' is clicked on

2018-12-20 13:21:34 - [MESSAGE][PASSED] - Call Test Case 'Test Cases/Final Aug 2018 - PKS Automation/Registration Module/Workflow/Form 3 EIS - Cessation As Employer/Template/Form 3 A - Cessation As Employer (Employer)' successfully

2018-12-20 13:21:34 - [TEST_STEP][PASSED] - callTestCase: Call Test Case 'Test Cases/Final Aug 2018 - PKS Automation/Registration Module/Workflow/Form 3 EIS - Cessation As Employer/Template/Form 3 A - Cessation As Employer (Reject)' successfully

2018-12-20 13:21:34 - [TEST_CASE][PASSED] - Test Cases/Final Aug 2018 - PKS Automation/Registration Module/Workflow/Form 3 EIS - Cessation As Employer/Template/Form 3 A - Cessation As Employer (Reject): Test Cases/Final Aug 2018 - PKS Automation/Registration Module/Workflow/Form 3 EIS - Cessation As Employer/Template/Form 3 A - Cessation As Employer (Reject)

2018-12-20 13:21:35 - [TEST_STEP][NOT_RUN] - callTestCase: NOT_RUN: callTestCase

2018-12-20 13:21:35 - [MESSAGE][NOT_RUN] - NOT_RUN: callTestCase

2018-12-20 13:21:35 - [TEST_STEP][PASSED] - delay: Delayed 1 second(s)

2018-12-20 13:21:36 - [MESSAGE][PASSED] - Delayed 1 second(s)

2018-12-20 13:21:36 - [TEST_STEP][PASSED] - navigateToUrl: Navigate to 'https://assist2-uat.perkeso.gov.my/c/portal/logout' successfully

2018-12-20 13:21:37 - [MESSAGE][PASSED] - Navigate to 'https://assist2-uat.perkeso.gov.my/c/portal/logout' successfully

2018-12-20 13:21:37 - [TEST_STEP][PASSED] - delay: Delayed 1 second(s)

2018-12-20 13:21:38 - [MESSAGE][PASSED] - Delayed 1 second(s)

2018-12-20 13:21:38 - [TEST_STEP][PASSED] - callTestCase: Call Test Case 'Test Cases/Final Aug 2018 - PKS Automation/Common/Reference Number Getter' successfully

2018-12-20 13:21:38 - [TEST_CASE][PASSED] - Test Cases/Final Aug 2018 - PKS Automation/Common/Reference Number Getter: Test Cases/Final Aug 2018 - PKS Automation/Common/Reference Number Getter

2018-12-20 13:21:38 - [TEST_STEP][PASSED] - Statement - Try: null

2018-12-20 13:21:38 - [TEST_STEP][PASSED] - Statement - RefNo = new java.io.File(C://Users//Admin//Desktop//PKS//Automation Reference Point//KatalonReference.txt): null

2018-12-20 13:21:38 - [TEST_STEP][PASSED] - Statement - bufferread = new java.io.BufferedReader(new java.io.FileReader(RefNo)): null

2018-12-20 13:21:38 - [TEST_STEP][PASSED] - Statement - readedVal = bufferread.readLine(): null

2018-12-20 13:21:38 - [TEST_STEP][PASSED] - Statement - out.println(CaseReferenceNo): null

2018-12-20 13:21:38 - [TEST_STEP][PASSED] - Statement - out.println(readedVal): null

2018-12-20 13:21:38 - [TEST_STEP][PASSED] - Statement - CaseReferenceNo = "": null

2018-12-20 13:21:38 - [TEST_STEP][PASSED] - Statement - CaseReferenceNo = readedVal: null

2018-12-20 13:21:38 - [MESSAGE][PASSED] - Call Test Case 'Test Cases/Final Aug 2018 - PKS Automation/Common/Reference Number Getter' successfully

2018-12-20 13:21:38 - [TEST_STEP][PASSED] - callTestCase: Call Test Case 'Test Cases/Final Aug 2018 - PKS Automation/Common/Workflow Owner Finder' successfully

2018-12-20 13:21:38 - [TEST_CASE][PASSED] - Test Cases/Final Aug 2018 - PKS Automation/Common/Workflow Owner Finder: Test Cases/Final Aug 2018 - PKS Automation/Common/Workflow Owner Finder

2018-12-20 13:21:38 - [TEST_STEP][PASSED] - openBrowser: Browser is opened with url: ''

2018-12-20 13:21:38 - [MESSAGE][WARNING] - A browser is already opened. Closing browser and opening a new one

2018-12-20 13:21:41 - [MESSAGE][PASSED] - Browser is opened with url: ''

2018-12-20 13:21:41 - [TEST_STEP][PASSED] - navigateToUrl: Navigate to 'https://assist2-uat.perkeso.gov.my/login' successfully

2018-12-20 13:21:42 - [MESSAGE][PASSED] - Navigate to 'https://assist2-uat.perkeso.gov.my/login' successfully

2018-12-20 13:21:42 - [TEST_STEP][PASSED] - delay: Delayed 5 second(s)

2018-12-20 13:21:47 - [MESSAGE][PASSED] - Delayed 5 second(s)

2018-12-20 13:21:47 - [TEST_STEP][PASSED] - setText: Text 'test@liferay.com' is set on object 'Object Repository/Final Object Repo/Login Page/Internal User/Email Address'

2018-12-20 13:21:47 - [MESSAGE][PASSED] - Text 'test@liferay.com' is set on object 'Object Repository/Final Object Repo/Login Page/Internal User/Email Address'

2018-12-20 13:21:47 - [TEST_STEP][PASSED] - click: Object: 'Object Repository/Final Object Repo/Login Page/Internal User/Next Button' is clicked on

2018-12-20 13:21:47 - [MESSAGE][PASSED] - Object: 'Object Repository/Final Object Repo/Login Page/Internal User/Next Button' is clicked on

2018-12-20 13:21:47 - [TEST_STEP][PASSED] - delay: Delayed 2 second(s)

2018-12-20 13:21:49 - [MESSAGE][PASSED] - Delayed 2 second(s)

2018-12-20 13:21:49 - [TEST_STEP][PASSED] - setText: Text 'test' is set on object 'Object Repository/Final Object Repo/Login Page/Internal User/Password'

2018-12-20 13:21:50 - [MESSAGE][PASSED] - Text 'test' is set on object 'Object Repository/Final Object Repo/Login Page/Internal User/Password'

2018-12-20 13:21:50 - [TEST_STEP][PASSED] - delay: Delayed 2 second(s)

2018-12-20 13:21:52 - [MESSAGE][PASSED] - Delayed 2 second(s)

2018-12-20 13:21:52 - [TEST_STEP][PASSED] - click: Object: 'Object Repository/Final Object Repo/Login Page/Internal User/Login Button' is clicked on

2018-12-20 13:21:52 - [MESSAGE][PASSED] - Object: 'Object Repository/Final Object Repo/Login Page/Internal User/Login Button' is clicked on

2018-12-20 13:21:52 - [TEST_STEP][PASSED] - Statement - tester = com.kms.katalon.core.testobject.ObjectRepository.findTestObject(Final Object Repo/Landing Page/Select to English): Finding Test Object with id 'Object Repository/Final Object Repo/Landing Page/Select to English'

2018-12-20 13:21:52 - [TEST_STEP][PASSED] - Statement - Try: Delayed 2 second(s)

2018-12-20 13:21:52 - [TEST_STEP][PASSED] - Statement - Checker = com.kms.katalon.core.webui.keyword.WebUiBuiltInKeywords.verifyElementNotPresent(tester, 3): Web element with id: 'Object Repository/Final Object Repo/Landing Page/Select to English' located by 'By.xpath: //a[@class = 'taglib-language-list-text' and @lang = 'en-US' and (contains(text(), 'EN') or contains(., 'EN'))]' is not present after '3' second(s)

2018-12-20 13:21:54 - [MESSAGE][PASSED] - Web element with id: 'Object Repository/Final Object Repo/Landing Page/Select to English' located by 'By.xpath: //a[@class = 'taglib-language-list-text' and @lang = 'en-US' and (contains(text(), 'EN') or contains(., 'EN'))]' is not present after '3' second(s)

2018-12-20 13:21:54 - [TEST_STEP][PASSED] - Statement - If (Checker == false): null

2018-12-20 13:21:54 - [TEST_STEP][PASSED] - delay: Delayed 2 second(s)

2018-12-20 13:21:56 - [MESSAGE][PASSED] - Delayed 2 second(s)

2018-12-20 13:21:56 - [TEST_STEP][PASSED] - delay: Delayed 5 second(s)

2018-12-20 13:22:01 - [MESSAGE][PASSED] - Delayed 5 second(s)

2018-12-20 13:22:01 - [TEST_STEP][PASSED] - mouseOver: Object: 'Object Repository/Final Object Repo/Landing Page/WorkFlow Menu' is hovered

2018-12-20 13:22:01 - [MESSAGE][PASSED] - Object: 'Object Repository/Final Object Repo/Landing Page/WorkFlow Menu' is hovered

2018-12-20 13:22:01 - [TEST_STEP][PASSED] - delay: Delayed 2 second(s)

2018-12-20 13:22:03 - [MESSAGE][PASSED] - Delayed 2 second(s)

2018-12-20 13:22:03 - [TEST_STEP][PASSED] - click: Object: 'Object Repository/Final Object Repo/Landing Page/Select to Workflow Listing' is clicked on

2018-12-20 13:22:04 - [MESSAGE][PASSED] - Object: 'Object Repository/Final Object Repo/Landing Page/Select to Workflow Listing' is clicked on

2018-12-20 13:22:04 - [TEST_STEP][PASSED] - delay: Delayed 2 second(s)

2018-12-20 13:22:06 - [MESSAGE][PASSED] - Delayed 2 second(s)

2018-12-20 13:22:06 - [TEST_STEP][PASSED] - click: Object: 'Object Repository/Final Object Repo/WorkFlow Listing Page/Search Information - To Put Ref No' is clicked on

2018-12-20 13:22:06 - [MESSAGE][PASSED] - Object: 'Object Repository/Final Object Repo/WorkFlow Listing Page/Search Information - To Put Ref No' is clicked on

2018-12-20 13:22:06 - [TEST_STEP][PASSED] - delay: Delayed 2 second(s)

2018-12-20 13:22:08 - [MESSAGE][PASSED] - Delayed 2 second(s)

2018-12-20 13:22:08 - [TEST_STEP][PASSED] - callTestCase: Call Test Case 'Test Cases/Final Aug 2018 - PKS Automation/Common/Reference Number Getter' successfully

2018-12-20 13:22:08 - [TEST_CASE][PASSED] - Test Cases/Final Aug 2018 - PKS Automation/Common/Reference Number Getter: Test Cases/Final Aug 2018 - PKS Automation/Common/Reference Number Getter

2018-12-20 13:22:08 - [TEST_STEP][PASSED] - Statement - Try: null

2018-12-20 13:22:08 - [TEST_STEP][PASSED] - Statement - RefNo = new java.io.File(C://Users//Admin//Desktop//PKS//Automation Reference Point//KatalonReference.txt): null

2018-12-20 13:22:08 - [TEST_STEP][PASSED] - Statement - bufferread = new java.io.BufferedReader(new java.io.FileReader(RefNo)): null

2018-12-20 13:22:08 - [TEST_STEP][PASSED] - Statement - readedVal = bufferread.readLine(): null

2018-12-20 13:22:08 - [TEST_STEP][PASSED] - Statement - out.println(CaseReferenceNo): null

2018-12-20 13:22:08 - [TEST_STEP][PASSED] - Statement - out.println(readedVal): null

2018-12-20 13:22:08 - [TEST_STEP][PASSED] - Statement - CaseReferenceNo = "": null

2018-12-20 13:22:08 - [TEST_STEP][PASSED] - Statement - CaseReferenceNo = readedVal: null

2018-12-20 13:22:08 - [MESSAGE][PASSED] - Call Test Case 'Test Cases/Final Aug 2018 - PKS Automation/Common/Reference Number Getter' successfully

2018-12-20 13:22:08 - [TEST_STEP][PASSED] - setText: Text 'ERN122018C200002532' is set on object 'Object Repository/Final Object Repo/WorkFlow Listing Page/Ref No Set Text'

2018-12-20 13:22:09 - [MESSAGE][PASSED] - Text 'ERN122018C200002532' is set on object 'Object Repository/Final Object Repo/WorkFlow Listing Page/Ref No Set Text'

2018-12-20 13:22:09 - [TEST_STEP][PASSED] - delay: Delayed 2 second(s)

2018-12-20 13:22:11 - [MESSAGE][PASSED] - Delayed 2 second(s)

2018-12-20 13:22:11 - [TEST_STEP][PASSED] - click: Object: 'Object Repository/Final Object Repo/WorkFlow Listing Page/Search Ref No Search Button' is clicked on

2018-12-20 13:22:11 - [MESSAGE][PASSED] - Object: 'Object Repository/Final Object Repo/WorkFlow Listing Page/Search Ref No Search Button' is clicked on

2018-12-20 13:22:11 - [TEST_STEP][PASSED] - delay: Delayed 6 second(s)

2018-12-20 13:22:17 - [MESSAGE][PASSED] - Delayed 6 second(s)

2018-12-20 13:22:17 - [TEST_STEP][PASSED] - click: Object: 'Object Repository/Final Object Repo/WorkFlow Listing Page/Click Continue Tooltip' is clicked on

2018-12-20 13:22:18 - [MESSAGE][PASSED] - Object: 'Object Repository/Final Object Repo/WorkFlow Listing Page/Click Continue Tooltip' is clicked on

2018-12-20 13:22:18 - [TEST_STEP][PASSED] - delay: Delayed 5 second(s)

2018-12-20 13:22:23 - [MESSAGE][PASSED] - Delayed 5 second(s)

2018-12-20 13:22:23 - [TEST_STEP][PASSED] - doubleClick: Object: 'Object Repository/Final Object Repo/WorkFlow Listing Page/Workflow Found - Listing 1' is double clicked on

2018-12-20 13:22:23 - [MESSAGE][PASSED] - Object: 'Object Repository/Final Object Repo/WorkFlow Listing Page/Workflow Found - Listing 1' is double clicked on

2018-12-20 13:22:23 - [TEST_STEP][PASSED] - Statement - println(OwnerID): null

2018-12-20 13:22:23 - [TEST_STEP][PASSED] - Statement - OwnerID = com.kms.katalon.core.webui.keyword.WebUiBuiltInKeywords.getText(com.kms.katalon.core.testobject.ObjectRepository.findTestObject(Final Object Repo/WorkFlow Listing Page/Workflow Found - Listing 1), STOP_ON_FAILURE): Text of object 'Object Repository/Final Object Repo/WorkFlow Listing Page/Workflow Found - Listing 1' is: 'JOHORuo1'

2018-12-20 13:22:23 - [MESSAGE][PASSED] - Text of object 'Object Repository/Final Object Repo/WorkFlow Listing Page/Workflow Found - Listing 1' is: 'JOHORuo1'

2018-12-20 13:22:23 - [TEST_STEP][PASSED] - Statement - OwnerID = OwnerID.toLowerCase() + "@gmail.com": null

2018-12-20 13:22:23 - [TEST_STEP][PASSED] - Statement - println(OwnerID): null

2018-12-20 13:22:23 - [TEST_STEP][PASSED] - delay: Delayed 2 second(s)

2018-12-20 13:22:25 - [MESSAGE][PASSED] - Delayed 2 second(s)

2018-12-20 13:22:25 - [MESSAGE][PASSED] - Call Test Case 'Test Cases/Final Aug 2018 - PKS Automation/Common/Workflow Owner Finder' successfully

2018-12-20 13:22:25 - [TEST_STEP][PASSED] - delay: Delayed 1 second(s)

2018-12-20 13:22:26 - [MESSAGE][PASSED] - Delayed 1 second(s)

2018-12-20 13:22:26 - [TEST_STEP][PASSED] - navigateToUrl: Navigate to 'https://assist2-uat.perkeso.gov.my/c/portal/logout' successfully

2018-12-20 13:22:27 - [MESSAGE][PASSED] - Navigate to 'https://assist2-uat.perkeso.gov.my/c/portal/logout' successfully

2018-12-20 13:22:27 - [TEST_STEP][PASSED] - delay: Delayed 1 second(s)

2018-12-20 13:22:28 - [MESSAGE][PASSED] - Delayed 1 second(s)

2018-12-20 13:22:28 - [TEST_STEP][PASSED] - callTestCase: Call Test Case 'Test Cases/Final Aug 2018 - PKS Automation/Registration Module/Workflow/Login and Search Case For Workflow' successfully

2018-12-20 13:22:28 - [TEST_CASE][PASSED] - Test Cases/Final Aug 2018 - PKS Automation/Registration Module/Workflow/Login and Search Case For Workflow: Test Cases/Final Aug 2018 - PKS Automation/Registration Module/Workflow/Login and Search Case For Workflow

2018-12-20 13:22:28 - [TEST_STEP][PASSED] - navigateToUrl: Navigate to 'https://assist2-uat.perkeso.gov.my/login' successfully

2018-12-20 13:22:29 - [MESSAGE][PASSED] - Navigate to 'https://assist2-uat.perkeso.gov.my/login' successfully

2018-12-20 13:22:29 - [TEST_STEP][PASSED] - setText: Text 'johoruo1@gmail.com' is set on object 'Object Repository/Final Object Repo/Login Page/Internal User/Email Address'

2018-12-20 13:22:29 - [MESSAGE][PASSED] - Text 'johoruo1@gmail.com' is set on object 'Object Repository/Final Object Repo/Login Page/Internal User/Email Address'

2018-12-20 13:22:29 - [TEST_STEP][PASSED] - click: Object: 'Object Repository/Final Object Repo/Login Page/Internal User/Next Button' is clicked on

2018-12-20 13:22:29 - [MESSAGE][PASSED] - Object: 'Object Repository/Final Object Repo/Login Page/Internal User/Next Button' is clicked on

2018-12-20 13:22:29 - [TEST_STEP][PASSED] - delay: Delayed 1 second(s)

2018-12-20 13:22:30 - [MESSAGE][PASSED] - Delayed 1 second(s)

2018-12-20 13:22:30 - [TEST_STEP][PASSED] - setEncryptedText: Text ****** has been set on object 'Object Repository/Final Object Repo/Login Page/Internal User/Password'

2018-12-20 13:22:31 - [MESSAGE][PASSED] - Text ****** has been set on object 'Object Repository/Final Object Repo/Login Page/Internal User/Password'

2018-12-20 13:22:31 - [TEST_STEP][PASSED] - click: Object: 'Object Repository/Final Object Repo/Login Page/Internal User/Login Button' is clicked on

2018-12-20 13:22:31 - [MESSAGE][PASSED] - Object: 'Object Repository/Final Object Repo/Login Page/Internal User/Login Button' is clicked on

2018-12-20 13:22:31 - [TEST_STEP][PASSED] - delay: Delayed 2 second(s)

2018-12-20 13:22:33 - [MESSAGE][PASSED] - Delayed 2 second(s)

2018-12-20 13:22:33 - [TEST_STEP][PASSED] - Statement - Try: Delayed 2 second(s)

2018-12-20 13:22:33 - [TEST_STEP][PASSED] - Statement - Checker = false: null

2018-12-20 13:22:33 - [TEST_STEP][PASSED] - Statement - Checker = com.kms.katalon.core.webui.keyword.WebUiBuiltInKeywords.verifyElementHasAttribute(com.kms.katalon.core.testobject.ObjectRepository.findTestObject(Final Object Repo/Landing Page/BM Detecting), "href", 20, OPTIONAL): Object 'Object Repository/Final Object Repo/Landing Page/BM Detecting' has attribute 'href'

2018-12-20 13:22:33 - [MESSAGE][PASSED] - Object 'Object Repository/Final Object Repo/Landing Page/BM Detecting' has attribute 'href'

2018-12-20 13:22:33 - [TEST_STEP][PASSED] - Statement - out.println(Checker): null

2018-12-20 13:22:33 - [TEST_STEP][PASSED] - Statement - If (Checker == false): null

2018-12-20 13:22:33 - [TEST_STEP][PASSED] - Statement - Else: null

2018-12-20 13:22:33 - [TEST_STEP][PASSED] - delay: Delayed 2 second(s)

2018-12-20 13:22:35 - [MESSAGE][PASSED] - Delayed 2 second(s)

2018-12-20 13:22:35 - [TEST_STEP][PASSED] - click: Object: 'Object Repository/Final Object Repo/Page_MyASSIST - ASSIST - Search Pending Case For Add Supporting Document/Search Information' is clicked on

2018-12-20 13:22:35 - [MESSAGE][PASSED] - Object: 'Object Repository/Final Object Repo/Page_MyASSIST - ASSIST - Search Pending Case For Add Supporting Document/Search Information' is clicked on

2018-12-20 13:22:35 - [TEST_STEP][PASSED] - delay: Delayed 3 second(s)

2018-12-20 13:22:38 - [MESSAGE][PASSED] - Delayed 3 second(s)

2018-12-20 13:22:38 - [TEST_STEP][PASSED] - sendKeys: Keys 'ERN122018C200002532' sent to object: 'Object Repository/Final Object Repo/Page_MyASSIST - ASSIST - Search Pending Case For Add Supporting Document/Reference No'

2018-12-20 13:22:38 - [MESSAGE][PASSED] - Keys 'ERN122018C200002532' sent to object: 'Object Repository/Final Object Repo/Page_MyASSIST - ASSIST - Search Pending Case For Add Supporting Document/Reference No'

2018-12-20 13:22:38 - [TEST_STEP][PASSED] - click: Object: 'Object Repository/Final Object Repo/Page_MyASSIST - ASSIST - Search Pending Case For Add Supporting Document/Search Reference No' is clicked on

2018-12-20 13:22:39 - [MESSAGE][PASSED] - Object: 'Object Repository/Final Object Repo/Page_MyASSIST - ASSIST - Search Pending Case For Add Supporting Document/Search Reference No' is clicked on

2018-12-20 13:22:39 - [TEST_STEP][PASSED] - delay: Delayed 2 second(s)

2018-12-20 13:22:41 - [MESSAGE][PASSED] - Delayed 2 second(s)

2018-12-20 13:22:41 - [TEST_STEP][PASSED] - click: Object: 'Object Repository/Final Object Repo/Page_MyASSIST - ASSIST - Search Pending Case For Add Supporting Document/Continue' is clicked on

2018-12-20 13:22:44 - [MESSAGE][PASSED] - Object: 'Object Repository/Final Object Repo/Page_MyASSIST - ASSIST - Search Pending Case For Add Supporting Document/Continue' is clicked on

2018-12-20 13:22:44 - [TEST_STEP][PASSED] - delay: Delayed 20 second(s)

2018-12-20 13:23:04 - [MESSAGE][PASSED] - Delayed 20 second(s)

2018-12-20 13:23:04 - [MESSAGE][PASSED] - Call Test Case 'Test Cases/Final Aug 2018 - PKS Automation/Registration Module/Workflow/Login and Search Case For Workflow' successfully

2018-12-20 13:23:04 - [TEST_STEP][PASSED] - click: Object: 'Object Repository/Final Object Repo/Page_Form 3 EIS - Cessation as Employer/Page_Form 3 EIS - Cessation as Employer (Approve)/Save  Continue in Form 3 Page' is clicked on

2018-12-20 13:23:04 - [MESSAGE][PASSED] - Object: 'Object Repository/Final Object Repo/Page_Form 3 EIS - Cessation as Employer/Page_Form 3 EIS - Cessation as Employer (Approve)/Save  Continue in Form 3 Page' is clicked on

2018-12-20 13:23:04 - [TEST_STEP][PASSED] - delay: Delayed 2 second(s)

2018-12-20 13:23:06 - [MESSAGE][PASSED] - Delayed 2 second(s)

2018-12-20 13:23:06 - [TEST_STEP][PASSED] - click: Object: 'Object Repository/Final Object Repo/Page_Form 3 EIS - Cessation as Employer/Page_Form 3 EIS - Cessation as Employer (Approve)/Save  Continue in Resigned Page' is clicked on

2018-12-20 13:23:07 - [MESSAGE][PASSED] - Object: 'Object Repository/Final Object Repo/Page_Form 3 EIS - Cessation as Employer/Page_Form 3 EIS - Cessation as Employer (Approve)/Save  Continue in Resigned Page' is clicked on

2018-12-20 13:23:07 - [TEST_STEP][PASSED] - delay: Delayed 2 second(s)

2018-12-20 13:23:09 - [MESSAGE][PASSED] - Delayed 2 second(s)

2018-12-20 13:23:09 - [TEST_STEP][PASSED] - click: Object: 'Object Repository/Final Object Repo/Page_Form 3 EIS - Cessation as Employer/Page_Form 3 EIS - Cessation as Employer (Approve)/Save  Continue in Uploading Page' is clicked on

2018-12-20 13:23:10 - [MESSAGE][PASSED] - Object: 'Object Repository/Final Object Repo/Page_Form 3 EIS - Cessation as Employer/Page_Form 3 EIS - Cessation as Employer (Approve)/Save  Continue in Uploading Page' is clicked on

2018-12-20 13:23:10 - [TEST_STEP][PASSED] - delay: Delayed 2 second(s)

2018-12-20 13:23:12 - [MESSAGE][PASSED] - Delayed 2 second(s)

2018-12-20 13:23:12 - [TEST_STEP][PASSED] - click: Object: 'Object Repository/Final Object Repo/Page_Form 3 EIS - Cessation as Employer/Page_Form 3 EIS - Cessation as Employer (Reject)/Reject' is clicked on

2018-12-20 13:23:15 - [MESSAGE][PASSED] - Object: 'Object Repository/Final Object Repo/Page_Form 3 EIS - Cessation as Employer/Page_Form 3 EIS - Cessation as Employer (Reject)/Reject' is clicked on

2018-12-20 13:23:15 - [TEST_STEP][PASSED] - delay: Delayed 2 second(s)

2018-12-20 13:23:17 - [MESSAGE][PASSED] - Delayed 2 second(s)

2018-12-20 13:23:17 - [TEST_STEP][PASSED] - click: Object: 'Object Repository/Final Object Repo/Page_Form 3 EIS - Cessation as Employer/Page_Form 3 EIS - Cessation as Employer (Reject)/Confirm' is clicked on

2018-12-20 13:23:17 - [MESSAGE][PASSED] - Object: 'Object Repository/Final Object Repo/Page_Form 3 EIS - Cessation as Employer/Page_Form 3 EIS - Cessation as Employer (Reject)/Confirm' is clicked on

2018-12-20 13:23:17 - [TEST_STEP][PASSED] - delay: Delayed 2 second(s)

2018-12-20 13:23:19 - [MESSAGE][PASSED] - Delayed 2 second(s)

2018-12-20 13:23:19 - [TEST_STEP][PASSED] - click: Object: 'Object Repository/Final Object Repo/Page_Form 3 EIS - Cessation as Employer/Page_Form 3 EIS - Cessation as Employer (Reject)/Message This Case has been Rejected' is clicked on

2018-12-20 13:23:23 - [MESSAGE][PASSED] - Object: 'Object Repository/Final Object Repo/Page_Form 3 EIS - Cessation as Employer/Page_Form 3 EIS - Cessation as Employer (Reject)/Message This Case has been Rejected' is clicked on

2018-12-20 13:23:23 - [TEST_STEP][PASSED] - click: Object: 'Object Repository/Final Object Repo/Page_Form 3 EIS - Cessation as Employer/Page_Form 3 EIS - Cessation as Employer (Reject)/Letter of update rejection' is clicked on

2018-12-20 13:23:24 - [MESSAGE][PASSED] - Object: 'Object Repository/Final Object Repo/Page_Form 3 EIS - Cessation as Employer/Page_Form 3 EIS - Cessation as Employer (Reject)/Letter of update rejection' is clicked on

2018-12-20 13:23:24 - [MESSAGE][PASSED] - Call Test Case 'Test Cases/Final Aug 2018 - PKS Automation/Registration Module/Workflow/Form 3 EIS - Cessation As Employer/Template/Form 3 A - Cessation As Employer (Reject)' successfully]]></system-out>
         <system-err><![CDATA[]]></system-err>
      </testcase>
      <testcase name="Test Cases/Final Aug 2018 - PKS Automation/Registration Module/Workflow/Form 3 EIS - Cessation As Employer/Employer to UO (Under enforcement)" classname="Test Cases/Final Aug 2018 - PKS Automation/Registration Module/Workflow/Form 3 EIS - Cessation As Employer/Employer to UO (Under enforcement)" status="PASSED">
         <system-out><![CDATA[2018-12-20 13:23:24 - [TEST_CASE][PASSED] - Test Cases/Final Aug 2018 - PKS Automation/Registration Module/Workflow/Form 3 EIS - Cessation As Employer/Employer to UO (Under enforcement): Test Cases/Final Aug 2018 - PKS Automation/Registration Module/Workflow/Form 3 EIS - Cessation As Employer/Employer to UO (Under enforcement)

2018-12-20 13:23:24 - [TEST_STEP][PASSED] - callTestCase: Call Test Case 'Test Cases/Final Aug 2018 - PKS Automation/Registration Module/Workflow/Form 3 EIS - Cessation As Employer/Template/Form 3 A - Cessation As Employer (OTC)' successfully

2018-12-20 13:23:24 - [TEST_CASE][PASSED] - Test Cases/Final Aug 2018 - PKS Automation/Registration Module/Workflow/Form 3 EIS - Cessation As Employer/Template/Form 3 A - Cessation As Employer (OTC): Test Cases/Final Aug 2018 - PKS Automation/Registration Module/Workflow/Form 3 EIS - Cessation As Employer/Template/Form 3 A - Cessation As Employer (OTC)

2018-12-20 13:23:24 - [TEST_STEP][PASSED] - openBrowser: Browser is opened with url: ''

2018-12-20 13:23:24 - [MESSAGE][WARNING] - A browser is already opened. Closing browser and opening a new one

2018-12-20 13:23:27 - [MESSAGE][PASSED] - Browser is opened with url: ''

2018-12-20 13:23:27 - [TEST_STEP][PASSED] - navigateToUrl: Navigate to 'https://assist2-uat.perkeso.gov.my/login' successfully

2018-12-20 13:23:28 - [MESSAGE][PASSED] - Navigate to 'https://assist2-uat.perkeso.gov.my/login' successfully

2018-12-20 13:23:28 - [TEST_STEP][PASSED] - setText: Text 'johorotc1@gmail.com' is set on object 'Object Repository/Final Object Repo/Login Page/Internal User/Email Address'

2018-12-20 13:23:29 - [MESSAGE][PASSED] - Text 'johorotc1@gmail.com' is set on object 'Object Repository/Final Object Repo/Login Page/Internal User/Email Address'

2018-12-20 13:23:29 - [TEST_STEP][PASSED] - click: Object: 'Object Repository/Final Object Repo/Login Page/Internal User/Next Button' is clicked on

2018-12-20 13:23:29 - [MESSAGE][PASSED] - Object: 'Object Repository/Final Object Repo/Login Page/Internal User/Next Button' is clicked on

2018-12-20 13:23:29 - [TEST_STEP][PASSED] - delay: Delayed 1 second(s)

2018-12-20 13:23:30 - [MESSAGE][PASSED] - Delayed 1 second(s)

2018-12-20 13:23:30 - [TEST_STEP][PASSED] - setEncryptedText: Text ****** has been set on object 'Object Repository/Final Object Repo/Login Page/Internal User/Password'

2018-12-20 13:23:30 - [MESSAGE][PASSED] - Text ****** has been set on object 'Object Repository/Final Object Repo/Login Page/Internal User/Password'

2018-12-20 13:23:30 - [TEST_STEP][PASSED] - click: Object: 'Object Repository/Final Object Repo/Login Page/Internal User/Login Button' is clicked on

2018-12-20 13:23:30 - [MESSAGE][PASSED] - Object: 'Object Repository/Final Object Repo/Login Page/Internal User/Login Button' is clicked on

2018-12-20 13:23:30 - [TEST_STEP][PASSED] - delay: Delayed 1 second(s)

2018-12-20 13:23:31 - [MESSAGE][PASSED] - Delayed 1 second(s)

2018-12-20 13:23:31 - [TEST_STEP][PASSED] - Statement - Try: Delayed 2 second(s)

2018-12-20 13:23:31 - [TEST_STEP][PASSED] - Statement - Checker = false: null

2018-12-20 13:23:31 - [TEST_STEP][PASSED] - Statement - Checker = com.kms.katalon.core.webui.keyword.WebUiBuiltInKeywords.verifyElementHasAttribute(com.kms.katalon.core.testobject.ObjectRepository.findTestObject(Final Object Repo/Landing Page/BM Detecting), "href", 20, OPTIONAL): Object 'Object Repository/Final Object Repo/Landing Page/BM Detecting' has attribute 'href'

2018-12-20 13:23:32 - [MESSAGE][PASSED] - Object 'Object Repository/Final Object Repo/Landing Page/BM Detecting' has attribute 'href'

2018-12-20 13:23:32 - [TEST_STEP][PASSED] - Statement - out.println(Checker): null

2018-12-20 13:23:32 - [TEST_STEP][PASSED] - Statement - If (Checker == false): null

2018-12-20 13:23:32 - [TEST_STEP][PASSED] - Statement - Else: null

2018-12-20 13:23:32 - [TEST_STEP][PASSED] - delay: Delayed 2 second(s)

2018-12-20 13:23:34 - [MESSAGE][PASSED] - Delayed 2 second(s)

2018-12-20 13:23:34 - [TEST_STEP][PASSED] - navigateToUrl: Navigate to 'https://assist2-uat.perkeso.gov.my/web/registration/eis-update/form-3-eis-cessation-as-employer' successfully

2018-12-20 13:23:35 - [MESSAGE][PASSED] - Navigate to 'https://assist2-uat.perkeso.gov.my/web/registration/eis-update/form-3-eis-cessation-as-employer' successfully

2018-12-20 13:23:35 - [TEST_STEP][PASSED] - delay: Delayed 1 second(s)

2018-12-20 13:23:36 - [MESSAGE][PASSED] - Delayed 1 second(s)

2018-12-20 13:23:36 - [TEST_STEP][PASSED] - setText: Text 'E1102069769W' is set on object 'Object Repository/Final Object Repo/Page_Form 3 EIS - Cessation as Employer/Employer Code'

2018-12-20 13:23:37 - [MESSAGE][PASSED] - Text 'E1102069769W' is set on object 'Object Repository/Final Object Repo/Page_Form 3 EIS - Cessation as Employer/Employer Code'

2018-12-20 13:23:37 - [TEST_STEP][PASSED] - click: Object: 'Object Repository/Final Object Repo/Page_Form 3 EIS - Cessation as Employer/Search' is clicked on

2018-12-20 13:23:37 - [MESSAGE][PASSED] - Object: 'Object Repository/Final Object Repo/Page_Form 3 EIS - Cessation as Employer/Search' is clicked on

2018-12-20 13:23:37 - [TEST_STEP][PASSED] - click: Object: 'Object Repository/Final Object Repo/Page_Form 3 EIS - Cessation as Employer/Edit' is clicked on

2018-12-20 13:23:39 - [MESSAGE][PASSED] - Object: 'Object Repository/Final Object Repo/Page_Form 3 EIS - Cessation as Employer/Edit' is clicked on

2018-12-20 13:23:39 - [TEST_STEP][PASSED] - delay: Delayed 1 second(s)

2018-12-20 13:23:40 - [MESSAGE][PASSED] - Delayed 1 second(s)

2018-12-20 13:23:40 - [TEST_STEP][PASSED] - Statement - abc = com.kms.katalon.core.webui.keyword.WebUiBuiltInKeywords.getAttribute(com.kms.katalon.core.testobject.ObjectRepository.findTestObject(Final Object Repo/Page_Form 3 EIS - Cessation as Employer/Employer Status), "value"): Attribute 'value' of object 'Object Repository/Final Object Repo/Page_Form 3 EIS - Cessation as Employer/Employer Status' is: 'Active'

2018-12-20 13:23:40 - [MESSAGE][PASSED] - Attribute 'value' of object 'Object Repository/Final Object Repo/Page_Form 3 EIS - Cessation as Employer/Employer Status' is: 'Active'

2018-12-20 13:23:40 - [TEST_STEP][PASSED] - Statement - out.println(abc): null

2018-12-20 13:23:40 - [TEST_STEP][PASSED] - Statement - If (abc == "Active"): Object: 'Object Repository/Final Object Repo/Page_Form 3 EIS - Cessation as Employer/Dormant EIS' is clicked on

2018-12-20 13:23:40 - [TEST_STEP][PASSED] - click: Object: 'Object Repository/Final Object Repo/Page_Form 3 EIS - Cessation as Employer/Change Employer Status to' is clicked on

2018-12-20 13:23:41 - [MESSAGE][PASSED] - Object: 'Object Repository/Final Object Repo/Page_Form 3 EIS - Cessation as Employer/Change Employer Status to' is clicked on

2018-12-20 13:23:41 - [TEST_STEP][PASSED] - click: Object: 'Object Repository/Final Object Repo/Page_Form 3 EIS - Cessation as Employer/Dormant EIS' is clicked on

2018-12-20 13:23:41 - [MESSAGE][PASSED] - Object: 'Object Repository/Final Object Repo/Page_Form 3 EIS - Cessation as Employer/Dormant EIS' is clicked on

2018-12-20 13:23:41 - [TEST_STEP][PASSED] - click: Object: 'Object Repository/Final Object Repo/Page_Form 3 EIS - Cessation as Employer/Calender' is clicked on

2018-12-20 13:23:41 - [MESSAGE][PASSED] - Object: 'Object Repository/Final Object Repo/Page_Form 3 EIS - Cessation as Employer/Calender' is clicked on

2018-12-20 13:23:41 - [TEST_STEP][PASSED] - delay: Delayed 1 second(s)

2018-12-20 13:23:42 - [MESSAGE][PASSED] - Delayed 1 second(s)

2018-12-20 13:23:42 - [TEST_STEP][PASSED] - click: Object: 'Object Repository/Final Object Repo/Page_Form 3 EIS - Cessation as Employer/Calender - Date' is clicked on

2018-12-20 13:23:42 - [MESSAGE][PASSED] - Object: 'Object Repository/Final Object Repo/Page_Form 3 EIS - Cessation as Employer/Calender - Date' is clicked on

2018-12-20 13:23:42 - [TEST_STEP][PASSED] - click: Object: 'Object Repository/Final Object Repo/Page_Form 3 EIS - Cessation as Employer/Save  Continue in Form 3 EIS Page' is clicked on

2018-12-20 13:23:43 - [MESSAGE][PASSED] - Object: 'Object Repository/Final Object Repo/Page_Form 3 EIS - Cessation as Employer/Save  Continue in Form 3 EIS Page' is clicked on

2018-12-20 13:23:43 - [TEST_STEP][PASSED] - delay: Delayed 1 second(s)

2018-12-20 13:23:44 - [MESSAGE][PASSED] - Delayed 1 second(s)

2018-12-20 13:23:44 - [TEST_STEP][PASSED] - click: Object: 'Object Repository/Final Object Repo/Page_Form 3 EIS - Cessation as Employer/Employment Resign Date' is clicked on

2018-12-20 13:23:44 - [MESSAGE][PASSED] - Object: 'Object Repository/Final Object Repo/Page_Form 3 EIS - Cessation as Employer/Employment Resign Date' is clicked on

2018-12-20 13:23:44 - [TEST_STEP][PASSED] - selectOptionByValue: All options with value '2030' are selected in object 'Object Repository/Final Object Repo/Page_Form 3 EIS - Cessation as Employer/Employment Resign Date - Year' 

2018-12-20 13:23:44 - [MESSAGE][PASSED] - All options with value '2030' are selected in object 'Object Repository/Final Object Repo/Page_Form 3 EIS - Cessation as Employer/Employment Resign Date - Year' 

2018-12-20 13:23:44 - [TEST_STEP][PASSED] - delay: Delayed 2 second(s)

2018-12-20 13:23:46 - [MESSAGE][PASSED] - Delayed 2 second(s)

2018-12-20 13:23:46 - [TEST_STEP][PASSED] - click: Object: 'Object Repository/Final Object Repo/Page_Form 3 EIS - Cessation as Employer/Employment Resign Date - Year - Date' is clicked on

2018-12-20 13:23:46 - [MESSAGE][PASSED] - Object: 'Object Repository/Final Object Repo/Page_Form 3 EIS - Cessation as Employer/Employment Resign Date - Year - Date' is clicked on

2018-12-20 13:23:46 - [TEST_STEP][PASSED] - delay: Delayed 2 second(s)

2018-12-20 13:23:48 - [MESSAGE][PASSED] - Delayed 2 second(s)

2018-12-20 13:23:48 - [TEST_STEP][PASSED] - click: Object: 'Object Repository/Final Object Repo/Page_Form 3 EIS - Cessation as Employer/Save  Continue in Employment Resign Page' is clicked on

2018-12-20 13:23:49 - [MESSAGE][PASSED] - Object: 'Object Repository/Final Object Repo/Page_Form 3 EIS - Cessation as Employer/Save  Continue in Employment Resign Page' is clicked on

2018-12-20 13:23:49 - [TEST_STEP][PASSED] - delay: Delayed 2 second(s)

2018-12-20 13:23:51 - [MESSAGE][PASSED] - Delayed 2 second(s)

2018-12-20 13:23:51 - [TEST_STEP][PASSED] - click: Object: 'Object Repository/Final Object Repo/Page_Form 3 EIS - Cessation as Employer/Set Latest - Yes' is clicked on

2018-12-20 13:23:51 - [MESSAGE][PASSED] - Object: 'Object Repository/Final Object Repo/Page_Form 3 EIS - Cessation as Employer/Set Latest - Yes' is clicked on

2018-12-20 13:23:51 - [TEST_STEP][PASSED] - delay: Delayed 2 second(s)

2018-12-20 13:23:53 - [MESSAGE][PASSED] - Delayed 2 second(s)

2018-12-20 13:23:53 - [TEST_STEP][PASSED] - click: Object: 'Object Repository/Final Object Repo/Page_Form 3 EIS - Cessation as Employer/Add Document' is clicked on

2018-12-20 13:23:54 - [MESSAGE][PASSED] - Object: 'Object Repository/Final Object Repo/Page_Form 3 EIS - Cessation as Employer/Add Document' is clicked on

2018-12-20 13:23:54 - [TEST_STEP][PASSED] - delay: Delayed 3 second(s)

2018-12-20 13:23:57 - [MESSAGE][PASSED] - Delayed 3 second(s)

2018-12-20 13:23:57 - [TEST_STEP][PASSED] - click: Object: 'Object Repository/Final Object Repo/Page_Form 3 EIS - Cessation as Employer/Document Type' is clicked on

2018-12-20 13:23:57 - [MESSAGE][PASSED] - Object: 'Object Repository/Final Object Repo/Page_Form 3 EIS - Cessation as Employer/Document Type' is clicked on

2018-12-20 13:23:57 - [TEST_STEP][PASSED] - click: Object: 'Object Repository/Final Object Repo/Page_Form 3 EIS - Cessation as Employer/Document Type - Form 3' is clicked on

2018-12-20 13:23:57 - [MESSAGE][PASSED] - Object: 'Object Repository/Final Object Repo/Page_Form 3 EIS - Cessation as Employer/Document Type - Form 3' is clicked on

2018-12-20 13:23:57 - [TEST_STEP][PASSED] - delay: Delayed 2 second(s)

2018-12-20 13:23:59 - [MESSAGE][PASSED] - Delayed 2 second(s)

2018-12-20 13:23:59 - [TEST_STEP][PASSED] - sendKeys: Keys 'C:\Users\Public\Pictures\Sample Pictures\Koala.jpg' sent to object: 'Object Repository/Final Object Repo/Page_Form 3 EIS - Cessation as Employer/ploading File'

2018-12-20 13:23:59 - [MESSAGE][PASSED] - Keys 'C:\Users\Public\Pictures\Sample Pictures\Koala.jpg' sent to object: 'Object Repository/Final Object Repo/Page_Form 3 EIS - Cessation as Employer/ploading File'

2018-12-20 13:23:59 - [TEST_STEP][PASSED] - delay: Delayed 1 second(s)

2018-12-20 13:24:00 - [MESSAGE][PASSED] - Delayed 1 second(s)

2018-12-20 13:24:00 - [TEST_STEP][PASSED] - click: Object: 'Object Repository/Final Object Repo/Page_Form 3 EIS - Cessation as Employer/Add Document in Uploading Page' is clicked on

2018-12-20 13:24:01 - [MESSAGE][PASSED] - Object: 'Object Repository/Final Object Repo/Page_Form 3 EIS - Cessation as Employer/Add Document in Uploading Page' is clicked on

2018-12-20 13:24:01 - [TEST_STEP][PASSED] - delay: Delayed 2 second(s)

2018-12-20 13:24:03 - [MESSAGE][PASSED] - Delayed 2 second(s)

2018-12-20 13:24:03 - [TEST_STEP][PASSED] - Statement - CaseReferenceNo = com.kms.katalon.core.webui.keyword.WebUiBuiltInKeywords.getText(com.kms.katalon.core.testobject.ObjectRepository.findTestObject(Final Object Repo/Page_Update Employer Information/Reference Number in Update Employee Information Page)): Text of object 'Object Repository/Final Object Repo/Page_Update Employer Information/Reference Number in Update Employee Information Page' is: 'ERN122018C200002533'

2018-12-20 13:24:05 - [MESSAGE][PASSED] - Text of object 'Object Repository/Final Object Repo/Page_Update Employer Information/Reference Number in Update Employee Information Page' is: 'ERN122018C200002533'

2018-12-20 13:24:05 - [TEST_STEP][PASSED] - callTestCase: Call Test Case 'Test Cases/Final Aug 2018 - PKS Automation/Common/Reference Number Setter' successfully

2018-12-20 13:24:05 - [TEST_CASE][PASSED] - Test Cases/Final Aug 2018 - PKS Automation/Common/Reference Number Setter: Test Cases/Final Aug 2018 - PKS Automation/Common/Reference Number Setter

2018-12-20 13:24:05 - [TEST_STEP][PASSED] - Statement - RefNoOldFile = new java.io.File(C://Users//Admin//Desktop//PKS//Automation Reference Point//KatalonReference.txt): null

2018-12-20 13:24:05 - [TEST_STEP][PASSED] - Statement - RefNoOldFile.delete(): null

2018-12-20 13:24:05 - [TEST_STEP][PASSED] - delay: Delayed 5 second(s)

2018-12-20 13:24:10 - [MESSAGE][PASSED] - Delayed 5 second(s)

2018-12-20 13:24:10 - [TEST_STEP][PASSED] - Statement - RefNo = new java.io.File(C://Users//Admin//Desktop//PKS//Automation Reference Point//KatalonReference.txt): null

2018-12-20 13:24:10 - [TEST_STEP][PASSED] - Statement - f2 = new java.io.FileWriter(RefNo, false): null

2018-12-20 13:24:10 - [TEST_STEP][PASSED] - Statement - f2.write(CaseReferenceNo): null

2018-12-20 13:24:10 - [TEST_STEP][PASSED] - Statement - f2.close(): null

2018-12-20 13:24:10 - [TEST_STEP][PASSED] - Statement - out.println("


" + CaseReferenceNo + "


"): null

2018-12-20 13:24:10 - [MESSAGE][PASSED] - Call Test Case 'Test Cases/Final Aug 2018 - PKS Automation/Common/Reference Number Setter' successfully

2018-12-20 13:24:10 - [TEST_STEP][PASSED] - delay: Delayed 2 second(s)

2018-12-20 13:24:12 - [MESSAGE][PASSED] - Delayed 2 second(s)

2018-12-20 13:24:12 - [TEST_STEP][PASSED] - click: Object: 'Object Repository/Final Object Repo/Page_Form 3 EIS - Cessation as Employer/Save  Continue in Uploading Page' is clicked on

2018-12-20 13:24:12 - [MESSAGE][PASSED] - Object: 'Object Repository/Final Object Repo/Page_Form 3 EIS - Cessation as Employer/Save  Continue in Uploading Page' is clicked on

2018-12-20 13:24:12 - [TEST_STEP][PASSED] - delay: Delayed 2 second(s)

2018-12-20 13:24:14 - [MESSAGE][PASSED] - Delayed 2 second(s)

2018-12-20 13:24:14 - [TEST_STEP][PASSED] - click: Object: 'Object Repository/Final Object Repo/Page_Form 3 EIS - Cessation as Employer/Submit' is clicked on

2018-12-20 13:24:17 - [MESSAGE][PASSED] - Object: 'Object Repository/Final Object Repo/Page_Form 3 EIS - Cessation as Employer/Submit' is clicked on

2018-12-20 13:24:17 - [TEST_STEP][PASSED] - delay: Delayed 2 second(s)

2018-12-20 13:24:19 - [MESSAGE][PASSED] - Delayed 2 second(s)

2018-12-20 13:24:19 - [TEST_STEP][PASSED] - click: Object: 'Object Repository/Final Object Repo/Page_Form 3 EIS - Cessation as Employer/Confirm' is clicked on

2018-12-20 13:24:19 - [MESSAGE][PASSED] - Object: 'Object Repository/Final Object Repo/Page_Form 3 EIS - Cessation as Employer/Confirm' is clicked on

2018-12-20 13:24:19 - [TEST_STEP][PASSED] - delay: Delayed 2 second(s)

2018-12-20 13:24:21 - [MESSAGE][PASSED] - Delayed 2 second(s)

2018-12-20 13:24:21 - [TEST_STEP][PASSED] - click: Object: 'Object Repository/Final Object Repo/Page_Form 3 EIS - Cessation as Employer/Message Your Request will be routed to UO' is clicked on

2018-12-20 13:24:24 - [MESSAGE][PASSED] - Object: 'Object Repository/Final Object Repo/Page_Form 3 EIS - Cessation as Employer/Message Your Request will be routed to UO' is clicked on

2018-12-20 13:24:24 - [TEST_STEP][PASSED] - click: Object: 'Object Repository/Final Object Repo/Page_Form 3 EIS - Cessation as Employer/Letter of acknowledgement' is clicked on

2018-12-20 13:24:25 - [MESSAGE][PASSED] - Object: 'Object Repository/Final Object Repo/Page_Form 3 EIS - Cessation as Employer/Letter of acknowledgement' is clicked on

2018-12-20 13:24:25 - [MESSAGE][PASSED] - Call Test Case 'Test Cases/Final Aug 2018 - PKS Automation/Registration Module/Workflow/Form 3 EIS - Cessation As Employer/Template/Form 3 A - Cessation As Employer (OTC)' successfully

2018-12-20 13:24:25 - [TEST_STEP][PASSED] - callTestCase: Call Test Case 'Test Cases/Final Aug 2018 - PKS Automation/Registration Module/Workflow/Form 3 EIS - Cessation As Employer/Template/Form 3 A - Cessation As Employer (Under enforcement)' successfully

2018-12-20 13:24:25 - [TEST_CASE][PASSED] - Test Cases/Final Aug 2018 - PKS Automation/Registration Module/Workflow/Form 3 EIS - Cessation As Employer/Template/Form 3 A - Cessation As Employer (Under enforcement): Test Cases/Final Aug 2018 - PKS Automation/Registration Module/Workflow/Form 3 EIS - Cessation As Employer/Template/Form 3 A - Cessation As Employer (Under enforcement)

2018-12-20 13:24:25 - [TEST_STEP][NOT_RUN] - callTestCase: NOT_RUN: callTestCase

2018-12-20 13:24:25 - [MESSAGE][NOT_RUN] - NOT_RUN: callTestCase

2018-12-20 13:24:25 - [TEST_STEP][PASSED] - delay: Delayed 1 second(s)

2018-12-20 13:24:26 - [MESSAGE][PASSED] - Delayed 1 second(s)

2018-12-20 13:24:26 - [TEST_STEP][PASSED] - navigateToUrl: Navigate to 'https://assist2-uat.perkeso.gov.my/c/portal/logout' successfully

2018-12-20 13:24:27 - [MESSAGE][PASSED] - Navigate to 'https://assist2-uat.perkeso.gov.my/c/portal/logout' successfully

2018-12-20 13:24:27 - [TEST_STEP][PASSED] - delay: Delayed 1 second(s)

2018-12-20 13:24:28 - [MESSAGE][PASSED] - Delayed 1 second(s)

2018-12-20 13:24:28 - [TEST_STEP][PASSED] - callTestCase: Call Test Case 'Test Cases/Final Aug 2018 - PKS Automation/Common/Reference Number Getter' successfully

2018-12-20 13:24:28 - [TEST_CASE][PASSED] - Test Cases/Final Aug 2018 - PKS Automation/Common/Reference Number Getter: Test Cases/Final Aug 2018 - PKS Automation/Common/Reference Number Getter

2018-12-20 13:24:28 - [TEST_STEP][PASSED] - Statement - Try: null

2018-12-20 13:24:28 - [TEST_STEP][PASSED] - Statement - RefNo = new java.io.File(C://Users//Admin//Desktop//PKS//Automation Reference Point//KatalonReference.txt): null

2018-12-20 13:24:28 - [TEST_STEP][PASSED] - Statement - bufferread = new java.io.BufferedReader(new java.io.FileReader(RefNo)): null

2018-12-20 13:24:28 - [TEST_STEP][PASSED] - Statement - readedVal = bufferread.readLine(): null

2018-12-20 13:24:28 - [TEST_STEP][PASSED] - Statement - out.println(CaseReferenceNo): null

2018-12-20 13:24:28 - [TEST_STEP][PASSED] - Statement - out.println(readedVal): null

2018-12-20 13:24:28 - [TEST_STEP][PASSED] - Statement - CaseReferenceNo = "": null

2018-12-20 13:24:28 - [TEST_STEP][PASSED] - Statement - CaseReferenceNo = readedVal: null

2018-12-20 13:24:28 - [MESSAGE][PASSED] - Call Test Case 'Test Cases/Final Aug 2018 - PKS Automation/Common/Reference Number Getter' successfully

2018-12-20 13:24:28 - [TEST_STEP][PASSED] - callTestCase: Call Test Case 'Test Cases/Final Aug 2018 - PKS Automation/Common/Workflow Owner Finder' successfully

2018-12-20 13:24:28 - [TEST_CASE][PASSED] - Test Cases/Final Aug 2018 - PKS Automation/Common/Workflow Owner Finder: Test Cases/Final Aug 2018 - PKS Automation/Common/Workflow Owner Finder

2018-12-20 13:24:28 - [TEST_STEP][PASSED] - openBrowser: Browser is opened with url: ''

2018-12-20 13:24:28 - [MESSAGE][WARNING] - A browser is already opened. Closing browser and opening a new one

2018-12-20 13:24:31 - [MESSAGE][PASSED] - Browser is opened with url: ''

2018-12-20 13:24:31 - [TEST_STEP][PASSED] - navigateToUrl: Navigate to 'https://assist2-uat.perkeso.gov.my/login' successfully

2018-12-20 13:24:32 - [MESSAGE][PASSED] - Navigate to 'https://assist2-uat.perkeso.gov.my/login' successfully

2018-12-20 13:24:32 - [TEST_STEP][PASSED] - delay: Delayed 5 second(s)

2018-12-20 13:24:37 - [MESSAGE][PASSED] - Delayed 5 second(s)

2018-12-20 13:24:37 - [TEST_STEP][PASSED] - setText: Text 'test@liferay.com' is set on object 'Object Repository/Final Object Repo/Login Page/Internal User/Email Address'

2018-12-20 13:24:38 - [MESSAGE][PASSED] - Text 'test@liferay.com' is set on object 'Object Repository/Final Object Repo/Login Page/Internal User/Email Address'

2018-12-20 13:24:38 - [TEST_STEP][PASSED] - click: Object: 'Object Repository/Final Object Repo/Login Page/Internal User/Next Button' is clicked on

2018-12-20 13:24:38 - [MESSAGE][PASSED] - Object: 'Object Repository/Final Object Repo/Login Page/Internal User/Next Button' is clicked on

2018-12-20 13:24:38 - [TEST_STEP][PASSED] - delay: Delayed 2 second(s)

2018-12-20 13:24:40 - [MESSAGE][PASSED] - Delayed 2 second(s)

2018-12-20 13:24:40 - [TEST_STEP][PASSED] - setText: Text 'test' is set on object 'Object Repository/Final Object Repo/Login Page/Internal User/Password'

2018-12-20 13:24:40 - [MESSAGE][PASSED] - Text 'test' is set on object 'Object Repository/Final Object Repo/Login Page/Internal User/Password'

2018-12-20 13:24:40 - [TEST_STEP][PASSED] - delay: Delayed 2 second(s)

2018-12-20 13:24:42 - [MESSAGE][PASSED] - Delayed 2 second(s)

2018-12-20 13:24:42 - [TEST_STEP][PASSED] - click: Object: 'Object Repository/Final Object Repo/Login Page/Internal User/Login Button' is clicked on

2018-12-20 13:24:42 - [MESSAGE][PASSED] - Object: 'Object Repository/Final Object Repo/Login Page/Internal User/Login Button' is clicked on

2018-12-20 13:24:42 - [TEST_STEP][PASSED] - Statement - tester = com.kms.katalon.core.testobject.ObjectRepository.findTestObject(Final Object Repo/Landing Page/Select to English): Finding Test Object with id 'Object Repository/Final Object Repo/Landing Page/Select to English'

2018-12-20 13:24:42 - [TEST_STEP][PASSED] - Statement - Try: Delayed 2 second(s)

2018-12-20 13:24:42 - [TEST_STEP][PASSED] - Statement - Checker = com.kms.katalon.core.webui.keyword.WebUiBuiltInKeywords.verifyElementNotPresent(tester, 3): Web element with id: 'Object Repository/Final Object Repo/Landing Page/Select to English' located by 'By.xpath: //a[@class = 'taglib-language-list-text' and @lang = 'en-US' and (contains(text(), 'EN') or contains(., 'EN'))]' is not present after '3' second(s)

2018-12-20 13:24:44 - [MESSAGE][PASSED] - Web element with id: 'Object Repository/Final Object Repo/Landing Page/Select to English' located by 'By.xpath: //a[@class = 'taglib-language-list-text' and @lang = 'en-US' and (contains(text(), 'EN') or contains(., 'EN'))]' is not present after '3' second(s)

2018-12-20 13:24:44 - [TEST_STEP][PASSED] - Statement - If (Checker == false): null

2018-12-20 13:24:44 - [TEST_STEP][PASSED] - delay: Delayed 2 second(s)

2018-12-20 13:24:46 - [MESSAGE][PASSED] - Delayed 2 second(s)

2018-12-20 13:24:46 - [TEST_STEP][PASSED] - delay: Delayed 5 second(s)

2018-12-20 13:24:51 - [MESSAGE][PASSED] - Delayed 5 second(s)

2018-12-20 13:24:51 - [TEST_STEP][PASSED] - mouseOver: Object: 'Object Repository/Final Object Repo/Landing Page/WorkFlow Menu' is hovered

2018-12-20 13:24:51 - [MESSAGE][PASSED] - Object: 'Object Repository/Final Object Repo/Landing Page/WorkFlow Menu' is hovered

2018-12-20 13:24:51 - [TEST_STEP][PASSED] - delay: Delayed 2 second(s)

2018-12-20 13:24:53 - [MESSAGE][PASSED] - Delayed 2 second(s)

2018-12-20 13:24:53 - [TEST_STEP][PASSED] - click: Object: 'Object Repository/Final Object Repo/Landing Page/Select to Workflow Listing' is clicked on

2018-12-20 13:24:54 - [MESSAGE][PASSED] - Object: 'Object Repository/Final Object Repo/Landing Page/Select to Workflow Listing' is clicked on

2018-12-20 13:24:54 - [TEST_STEP][PASSED] - delay: Delayed 2 second(s)

2018-12-20 13:24:56 - [MESSAGE][PASSED] - Delayed 2 second(s)

2018-12-20 13:24:56 - [TEST_STEP][PASSED] - click: Object: 'Object Repository/Final Object Repo/WorkFlow Listing Page/Search Information - To Put Ref No' is clicked on

2018-12-20 13:24:57 - [MESSAGE][PASSED] - Object: 'Object Repository/Final Object Repo/WorkFlow Listing Page/Search Information - To Put Ref No' is clicked on

2018-12-20 13:24:57 - [TEST_STEP][PASSED] - delay: Delayed 2 second(s)

2018-12-20 13:24:59 - [MESSAGE][PASSED] - Delayed 2 second(s)

2018-12-20 13:24:59 - [TEST_STEP][PASSED] - callTestCase: Call Test Case 'Test Cases/Final Aug 2018 - PKS Automation/Common/Reference Number Getter' successfully

2018-12-20 13:24:59 - [TEST_CASE][PASSED] - Test Cases/Final Aug 2018 - PKS Automation/Common/Reference Number Getter: Test Cases/Final Aug 2018 - PKS Automation/Common/Reference Number Getter

2018-12-20 13:24:59 - [TEST_STEP][PASSED] - Statement - Try: null

2018-12-20 13:24:59 - [TEST_STEP][PASSED] - Statement - RefNo = new java.io.File(C://Users//Admin//Desktop//PKS//Automation Reference Point//KatalonReference.txt): null

2018-12-20 13:24:59 - [TEST_STEP][PASSED] - Statement - bufferread = new java.io.BufferedReader(new java.io.FileReader(RefNo)): null

2018-12-20 13:24:59 - [TEST_STEP][PASSED] - Statement - readedVal = bufferread.readLine(): null

2018-12-20 13:24:59 - [TEST_STEP][PASSED] - Statement - out.println(CaseReferenceNo): null

2018-12-20 13:24:59 - [TEST_STEP][PASSED] - Statement - out.println(readedVal): null

2018-12-20 13:24:59 - [TEST_STEP][PASSED] - Statement - CaseReferenceNo = "": null

2018-12-20 13:24:59 - [TEST_STEP][PASSED] - Statement - CaseReferenceNo = readedVal: null

2018-12-20 13:24:59 - [MESSAGE][PASSED] - Call Test Case 'Test Cases/Final Aug 2018 - PKS Automation/Common/Reference Number Getter' successfully

2018-12-20 13:24:59 - [TEST_STEP][PASSED] - setText: Text 'ERN122018C200002533' is set on object 'Object Repository/Final Object Repo/WorkFlow Listing Page/Ref No Set Text'

2018-12-20 13:24:59 - [MESSAGE][PASSED] - Text 'ERN122018C200002533' is set on object 'Object Repository/Final Object Repo/WorkFlow Listing Page/Ref No Set Text'

2018-12-20 13:24:59 - [TEST_STEP][PASSED] - delay: Delayed 2 second(s)

2018-12-20 13:25:01 - [MESSAGE][PASSED] - Delayed 2 second(s)

2018-12-20 13:25:01 - [TEST_STEP][PASSED] - click: Object: 'Object Repository/Final Object Repo/WorkFlow Listing Page/Search Ref No Search Button' is clicked on

2018-12-20 13:25:01 - [MESSAGE][PASSED] - Object: 'Object Repository/Final Object Repo/WorkFlow Listing Page/Search Ref No Search Button' is clicked on

2018-12-20 13:25:01 - [TEST_STEP][PASSED] - delay: Delayed 6 second(s)

2018-12-20 13:25:07 - [MESSAGE][PASSED] - Delayed 6 second(s)

2018-12-20 13:25:07 - [TEST_STEP][PASSED] - click: Object: 'Object Repository/Final Object Repo/WorkFlow Listing Page/Click Continue Tooltip' is clicked on

2018-12-20 13:25:08 - [MESSAGE][PASSED] - Object: 'Object Repository/Final Object Repo/WorkFlow Listing Page/Click Continue Tooltip' is clicked on

2018-12-20 13:25:08 - [TEST_STEP][PASSED] - delay: Delayed 5 second(s)

2018-12-20 13:25:13 - [MESSAGE][PASSED] - Delayed 5 second(s)

2018-12-20 13:25:13 - [TEST_STEP][PASSED] - doubleClick: Object: 'Object Repository/Final Object Repo/WorkFlow Listing Page/Workflow Found - Listing 1' is double clicked on

2018-12-20 13:25:14 - [MESSAGE][PASSED] - Object: 'Object Repository/Final Object Repo/WorkFlow Listing Page/Workflow Found - Listing 1' is double clicked on

2018-12-20 13:25:14 - [TEST_STEP][PASSED] - Statement - println(OwnerID): null

2018-12-20 13:25:14 - [TEST_STEP][PASSED] - Statement - OwnerID = com.kms.katalon.core.webui.keyword.WebUiBuiltInKeywords.getText(com.kms.katalon.core.testobject.ObjectRepository.findTestObject(Final Object Repo/WorkFlow Listing Page/Workflow Found - Listing 1), STOP_ON_FAILURE): Text of object 'Object Repository/Final Object Repo/WorkFlow Listing Page/Workflow Found - Listing 1' is: 'JOHORuo2'

2018-12-20 13:25:14 - [MESSAGE][PASSED] - Text of object 'Object Repository/Final Object Repo/WorkFlow Listing Page/Workflow Found - Listing 1' is: 'JOHORuo2'

2018-12-20 13:25:14 - [TEST_STEP][PASSED] - Statement - OwnerID = OwnerID.toLowerCase() + "@gmail.com": null

2018-12-20 13:25:14 - [TEST_STEP][PASSED] - Statement - println(OwnerID): null

2018-12-20 13:25:14 - [TEST_STEP][PASSED] - delay: Delayed 2 second(s)

2018-12-20 13:25:16 - [MESSAGE][PASSED] - Delayed 2 second(s)

2018-12-20 13:25:16 - [MESSAGE][PASSED] - Call Test Case 'Test Cases/Final Aug 2018 - PKS Automation/Common/Workflow Owner Finder' successfully

2018-12-20 13:25:16 - [TEST_STEP][PASSED] - delay: Delayed 1 second(s)

2018-12-20 13:25:17 - [MESSAGE][PASSED] - Delayed 1 second(s)

2018-12-20 13:25:17 - [TEST_STEP][PASSED] - navigateToUrl: Navigate to 'https://assist2-uat.perkeso.gov.my/c/portal/logout' successfully

2018-12-20 13:25:18 - [MESSAGE][PASSED] - Navigate to 'https://assist2-uat.perkeso.gov.my/c/portal/logout' successfully

2018-12-20 13:25:18 - [TEST_STEP][PASSED] - delay: Delayed 1 second(s)

2018-12-20 13:25:19 - [MESSAGE][PASSED] - Delayed 1 second(s)

2018-12-20 13:25:19 - [TEST_STEP][PASSED] - callTestCase: Call Test Case 'Test Cases/Final Aug 2018 - PKS Automation/Registration Module/Workflow/Login and Search Case For Workflow' successfully

2018-12-20 13:25:19 - [TEST_CASE][PASSED] - Test Cases/Final Aug 2018 - PKS Automation/Registration Module/Workflow/Login and Search Case For Workflow: Test Cases/Final Aug 2018 - PKS Automation/Registration Module/Workflow/Login and Search Case For Workflow

2018-12-20 13:25:19 - [TEST_STEP][PASSED] - navigateToUrl: Navigate to 'https://assist2-uat.perkeso.gov.my/login' successfully

2018-12-20 13:25:19 - [MESSAGE][PASSED] - Navigate to 'https://assist2-uat.perkeso.gov.my/login' successfully

2018-12-20 13:25:19 - [TEST_STEP][PASSED] - setText: Text 'johoruo2@gmail.com' is set on object 'Object Repository/Final Object Repo/Login Page/Internal User/Email Address'

2018-12-20 13:25:19 - [MESSAGE][PASSED] - Text 'johoruo2@gmail.com' is set on object 'Object Repository/Final Object Repo/Login Page/Internal User/Email Address'

2018-12-20 13:25:19 - [TEST_STEP][PASSED] - click: Object: 'Object Repository/Final Object Repo/Login Page/Internal User/Next Button' is clicked on

2018-12-20 13:25:20 - [MESSAGE][PASSED] - Object: 'Object Repository/Final Object Repo/Login Page/Internal User/Next Button' is clicked on

2018-12-20 13:25:20 - [TEST_STEP][PASSED] - delay: Delayed 1 second(s)

2018-12-20 13:25:21 - [MESSAGE][PASSED] - Delayed 1 second(s)

2018-12-20 13:25:21 - [TEST_STEP][PASSED] - setEncryptedText: Text ****** has been set on object 'Object Repository/Final Object Repo/Login Page/Internal User/Password'

2018-12-20 13:25:21 - [MESSAGE][PASSED] - Text ****** has been set on object 'Object Repository/Final Object Repo/Login Page/Internal User/Password'

2018-12-20 13:25:21 - [TEST_STEP][PASSED] - click: Object: 'Object Repository/Final Object Repo/Login Page/Internal User/Login Button' is clicked on

2018-12-20 13:25:21 - [MESSAGE][PASSED] - Object: 'Object Repository/Final Object Repo/Login Page/Internal User/Login Button' is clicked on

2018-12-20 13:25:21 - [TEST_STEP][PASSED] - delay: Delayed 2 second(s)

2018-12-20 13:25:23 - [MESSAGE][PASSED] - Delayed 2 second(s)

2018-12-20 13:25:23 - [TEST_STEP][PASSED] - Statement - Try: Delayed 2 second(s)

2018-12-20 13:25:23 - [TEST_STEP][PASSED] - Statement - Checker = false: null

2018-12-20 13:25:23 - [TEST_STEP][PASSED] - Statement - Checker = com.kms.katalon.core.webui.keyword.WebUiBuiltInKeywords.verifyElementHasAttribute(com.kms.katalon.core.testobject.ObjectRepository.findTestObject(Final Object Repo/Landing Page/BM Detecting), "href", 20, OPTIONAL): Object 'Object Repository/Final Object Repo/Landing Page/BM Detecting' has attribute 'href'

2018-12-20 13:25:23 - [MESSAGE][PASSED] - Object 'Object Repository/Final Object Repo/Landing Page/BM Detecting' has attribute 'href'

2018-12-20 13:25:23 - [TEST_STEP][PASSED] - Statement - out.println(Checker): null

2018-12-20 13:25:23 - [TEST_STEP][PASSED] - Statement - If (Checker == false): null

2018-12-20 13:25:23 - [TEST_STEP][PASSED] - Statement - Else: null

2018-12-20 13:25:23 - [TEST_STEP][PASSED] - delay: Delayed 2 second(s)

2018-12-20 13:25:25 - [MESSAGE][PASSED] - Delayed 2 second(s)

2018-12-20 13:25:25 - [TEST_STEP][PASSED] - click: Object: 'Object Repository/Final Object Repo/Page_MyASSIST - ASSIST - Search Pending Case For Add Supporting Document/Search Information' is clicked on

2018-12-20 13:25:25 - [MESSAGE][PASSED] - Object: 'Object Repository/Final Object Repo/Page_MyASSIST - ASSIST - Search Pending Case For Add Supporting Document/Search Information' is clicked on

2018-12-20 13:25:25 - [TEST_STEP][PASSED] - delay: Delayed 3 second(s)

2018-12-20 13:25:28 - [MESSAGE][PASSED] - Delayed 3 second(s)

2018-12-20 13:25:28 - [TEST_STEP][PASSED] - sendKeys: Keys 'ERN122018C200002533' sent to object: 'Object Repository/Final Object Repo/Page_MyASSIST - ASSIST - Search Pending Case For Add Supporting Document/Reference No'

2018-12-20 13:25:29 - [MESSAGE][PASSED] - Keys 'ERN122018C200002533' sent to object: 'Object Repository/Final Object Repo/Page_MyASSIST - ASSIST - Search Pending Case For Add Supporting Document/Reference No'

2018-12-20 13:25:29 - [TEST_STEP][PASSED] - click: Object: 'Object Repository/Final Object Repo/Page_MyASSIST - ASSIST - Search Pending Case For Add Supporting Document/Search Reference No' is clicked on

2018-12-20 13:25:29 - [MESSAGE][PASSED] - Object: 'Object Repository/Final Object Repo/Page_MyASSIST - ASSIST - Search Pending Case For Add Supporting Document/Search Reference No' is clicked on

2018-12-20 13:25:29 - [TEST_STEP][PASSED] - delay: Delayed 2 second(s)

2018-12-20 13:25:31 - [MESSAGE][PASSED] - Delayed 2 second(s)

2018-12-20 13:25:31 - [TEST_STEP][PASSED] - click: Object: 'Object Repository/Final Object Repo/Page_MyASSIST - ASSIST - Search Pending Case For Add Supporting Document/Continue' is clicked on

2018-12-20 13:25:34 - [MESSAGE][PASSED] - Object: 'Object Repository/Final Object Repo/Page_MyASSIST - ASSIST - Search Pending Case For Add Supporting Document/Continue' is clicked on

2018-12-20 13:25:34 - [TEST_STEP][PASSED] - delay: Delayed 20 second(s)

2018-12-20 13:25:54 - [MESSAGE][PASSED] - Delayed 20 second(s)

2018-12-20 13:25:54 - [MESSAGE][PASSED] - Call Test Case 'Test Cases/Final Aug 2018 - PKS Automation/Registration Module/Workflow/Login and Search Case For Workflow' successfully

2018-12-20 13:25:54 - [TEST_STEP][PASSED] - click: Object: 'Object Repository/Final Object Repo/Page_Form 3 EIS - Cessation as Employer/Page_Form 3 EIS - Cessation as Employer (Approve)/Save  Continue in Form 3 Page' is clicked on

2018-12-20 13:25:54 - [MESSAGE][PASSED] - Object: 'Object Repository/Final Object Repo/Page_Form 3 EIS - Cessation as Employer/Page_Form 3 EIS - Cessation as Employer (Approve)/Save  Continue in Form 3 Page' is clicked on

2018-12-20 13:25:54 - [TEST_STEP][PASSED] - delay: Delayed 2 second(s)

2018-12-20 13:25:56 - [MESSAGE][PASSED] - Delayed 2 second(s)

2018-12-20 13:25:56 - [TEST_STEP][PASSED] - click: Object: 'Object Repository/Final Object Repo/Page_Form 3 EIS - Cessation as Employer/Page_Form 3 EIS - Cessation as Employer (Approve)/Save  Continue in Resigned Page' is clicked on

2018-12-20 13:25:56 - [MESSAGE][PASSED] - Object: 'Object Repository/Final Object Repo/Page_Form 3 EIS - Cessation as Employer/Page_Form 3 EIS - Cessation as Employer (Approve)/Save  Continue in Resigned Page' is clicked on

2018-12-20 13:25:56 - [TEST_STEP][PASSED] - delay: Delayed 2 second(s)

2018-12-20 13:25:58 - [MESSAGE][PASSED] - Delayed 2 second(s)

2018-12-20 13:25:58 - [TEST_STEP][PASSED] - click: Object: 'Object Repository/Final Object Repo/Page_Form 3 EIS - Cessation as Employer/Page_Form 3 EIS - Cessation as Employer (Approve)/Save  Continue in Uploading Page' is clicked on

2018-12-20 13:26:00 - [MESSAGE][PASSED] - Object: 'Object Repository/Final Object Repo/Page_Form 3 EIS - Cessation as Employer/Page_Form 3 EIS - Cessation as Employer (Approve)/Save  Continue in Uploading Page' is clicked on

2018-12-20 13:26:00 - [TEST_STEP][PASSED] - delay: Delayed 2 second(s)

2018-12-20 13:26:02 - [MESSAGE][PASSED] - Delayed 2 second(s)

2018-12-20 13:26:02 - [TEST_STEP][PASSED] - click: Object: 'Object Repository/Final Object Repo/Page_Form 3 EIS - Cessation as Employer/Page_Form 3 EIS - Cessation as Employer (Under enforcement)/Underenforcement' is clicked on

2018-12-20 13:26:05 - [MESSAGE][PASSED] - Object: 'Object Repository/Final Object Repo/Page_Form 3 EIS - Cessation as Employer/Page_Form 3 EIS - Cessation as Employer (Under enforcement)/Underenforcement' is clicked on

2018-12-20 13:26:05 - [TEST_STEP][PASSED] - delay: Delayed 2 second(s)

2018-12-20 13:26:07 - [MESSAGE][PASSED] - Delayed 2 second(s)

2018-12-20 13:26:07 - [TEST_STEP][PASSED] - setText: Text 'Remark' is set on object 'Object Repository/Final Object Repo/Page_Form 3 EIS - Cessation as Employer/Page_Form 3 EIS - Cessation as Employer (Under enforcement)/Under enforcement - Remark'

2018-12-20 13:26:07 - [MESSAGE][PASSED] - Text 'Remark' is set on object 'Object Repository/Final Object Repo/Page_Form 3 EIS - Cessation as Employer/Page_Form 3 EIS - Cessation as Employer (Under enforcement)/Under enforcement - Remark'

2018-12-20 13:26:07 - [TEST_STEP][PASSED] - delay: Delayed 2 second(s)

2018-12-20 13:26:09 - [MESSAGE][PASSED] - Delayed 2 second(s)

2018-12-20 13:26:09 - [TEST_STEP][PASSED] - click: Object: 'Object Repository/Final Object Repo/Page_Form 3 EIS - Cessation as Employer/Page_Form 3 EIS - Cessation as Employer (Under enforcement)/Save  Continue in Under enforcement' is clicked on

2018-12-20 13:26:09 - [MESSAGE][PASSED] - Object: 'Object Repository/Final Object Repo/Page_Form 3 EIS - Cessation as Employer/Page_Form 3 EIS - Cessation as Employer (Under enforcement)/Save  Continue in Under enforcement' is clicked on

2018-12-20 13:26:09 - [TEST_STEP][PASSED] - doubleClick: Object: 'Object Repository/Final Object Repo/Page_Form 3 EIS - Cessation as Employer/Page_Form 3 EIS - Cessation as Employer (Under enforcement)/Message The case is under enforcement' is double clicked on

2018-12-20 13:26:13 - [MESSAGE][PASSED] - Object: 'Object Repository/Final Object Repo/Page_Form 3 EIS - Cessation as Employer/Page_Form 3 EIS - Cessation as Employer (Under enforcement)/Message The case is under enforcement' is double clicked on

2018-12-20 13:26:13 - [MESSAGE][PASSED] - Call Test Case 'Test Cases/Final Aug 2018 - PKS Automation/Registration Module/Workflow/Form 3 EIS - Cessation As Employer/Template/Form 3 A - Cessation As Employer (Under enforcement)' successfully]]></system-out>
         <system-err><![CDATA[]]></system-err>
      </testcase>
      <testcase name="Test Cases/Final Aug 2018 - PKS Automation/Registration Module/Workflow/Form 3 EIS - Cessation As Employer/OTC to UO (Approve)" classname="Test Cases/Final Aug 2018 - PKS Automation/Registration Module/Workflow/Form 3 EIS - Cessation As Employer/OTC to UO (Approve)" status="PASSED">
         <system-out><![CDATA[2018-12-20 13:26:13 - [TEST_CASE][PASSED] - Test Cases/Final Aug 2018 - PKS Automation/Registration Module/Workflow/Form 3 EIS - Cessation As Employer/OTC to UO (Approve): Test Cases/Final Aug 2018 - PKS Automation/Registration Module/Workflow/Form 3 EIS - Cessation As Employer/OTC to UO (Approve)

2018-12-20 13:26:14 - [TEST_STEP][PASSED] - callTestCase: Call Test Case 'Test Cases/Final Aug 2018 - PKS Automation/Registration Module/Workflow/Form 3 EIS - Cessation As Employer/Template/Form 3 A - Cessation As Employer (OTC)' successfully

2018-12-20 13:26:14 - [TEST_CASE][PASSED] - Test Cases/Final Aug 2018 - PKS Automation/Registration Module/Workflow/Form 3 EIS - Cessation As Employer/Template/Form 3 A - Cessation As Employer (OTC): Test Cases/Final Aug 2018 - PKS Automation/Registration Module/Workflow/Form 3 EIS - Cessation As Employer/Template/Form 3 A - Cessation As Employer (OTC)

2018-12-20 13:26:14 - [TEST_STEP][PASSED] - openBrowser: Browser is opened with url: ''

2018-12-20 13:26:14 - [MESSAGE][WARNING] - A browser is already opened. Closing browser and opening a new one

2018-12-20 13:26:17 - [MESSAGE][PASSED] - Browser is opened with url: ''

2018-12-20 13:26:17 - [TEST_STEP][PASSED] - navigateToUrl: Navigate to 'https://assist2-uat.perkeso.gov.my/login' successfully

2018-12-20 13:26:18 - [MESSAGE][PASSED] - Navigate to 'https://assist2-uat.perkeso.gov.my/login' successfully

2018-12-20 13:26:18 - [TEST_STEP][PASSED] - setText: Text 'johorotc1@gmail.com' is set on object 'Object Repository/Final Object Repo/Login Page/Internal User/Email Address'

2018-12-20 13:26:18 - [MESSAGE][PASSED] - Text 'johorotc1@gmail.com' is set on object 'Object Repository/Final Object Repo/Login Page/Internal User/Email Address'

2018-12-20 13:26:18 - [TEST_STEP][PASSED] - click: Object: 'Object Repository/Final Object Repo/Login Page/Internal User/Next Button' is clicked on

2018-12-20 13:26:18 - [MESSAGE][PASSED] - Object: 'Object Repository/Final Object Repo/Login Page/Internal User/Next Button' is clicked on

2018-12-20 13:26:18 - [TEST_STEP][PASSED] - delay: Delayed 1 second(s)

2018-12-20 13:26:19 - [MESSAGE][PASSED] - Delayed 1 second(s)

2018-12-20 13:26:19 - [TEST_STEP][PASSED] - setEncryptedText: Text ****** has been set on object 'Object Repository/Final Object Repo/Login Page/Internal User/Password'

2018-12-20 13:26:20 - [MESSAGE][PASSED] - Text ****** has been set on object 'Object Repository/Final Object Repo/Login Page/Internal User/Password'

2018-12-20 13:26:20 - [TEST_STEP][PASSED] - click: Object: 'Object Repository/Final Object Repo/Login Page/Internal User/Login Button' is clicked on

2018-12-20 13:26:20 - [MESSAGE][PASSED] - Object: 'Object Repository/Final Object Repo/Login Page/Internal User/Login Button' is clicked on

2018-12-20 13:26:20 - [TEST_STEP][PASSED] - delay: Delayed 1 second(s)

2018-12-20 13:26:21 - [MESSAGE][PASSED] - Delayed 1 second(s)

2018-12-20 13:26:21 - [TEST_STEP][PASSED] - Statement - Try: Delayed 2 second(s)

2018-12-20 13:26:21 - [TEST_STEP][PASSED] - Statement - Checker = false: null

2018-12-20 13:26:21 - [TEST_STEP][PASSED] - Statement - Checker = com.kms.katalon.core.webui.keyword.WebUiBuiltInKeywords.verifyElementHasAttribute(com.kms.katalon.core.testobject.ObjectRepository.findTestObject(Final Object Repo/Landing Page/BM Detecting), "href", 20, OPTIONAL): Object 'Object Repository/Final Object Repo/Landing Page/BM Detecting' has attribute 'href'

2018-12-20 13:26:22 - [MESSAGE][PASSED] - Object 'Object Repository/Final Object Repo/Landing Page/BM Detecting' has attribute 'href'

2018-12-20 13:26:22 - [TEST_STEP][PASSED] - Statement - out.println(Checker): null

2018-12-20 13:26:22 - [TEST_STEP][PASSED] - Statement - If (Checker == false): null

2018-12-20 13:26:22 - [TEST_STEP][PASSED] - Statement - Else: null

2018-12-20 13:26:22 - [TEST_STEP][PASSED] - delay: Delayed 2 second(s)

2018-12-20 13:26:24 - [MESSAGE][PASSED] - Delayed 2 second(s)

2018-12-20 13:26:24 - [TEST_STEP][PASSED] - navigateToUrl: Navigate to 'https://assist2-uat.perkeso.gov.my/web/registration/eis-update/form-3-eis-cessation-as-employer' successfully

2018-12-20 13:26:25 - [MESSAGE][PASSED] - Navigate to 'https://assist2-uat.perkeso.gov.my/web/registration/eis-update/form-3-eis-cessation-as-employer' successfully

2018-12-20 13:26:25 - [TEST_STEP][PASSED] - delay: Delayed 1 second(s)

2018-12-20 13:26:26 - [MESSAGE][PASSED] - Delayed 1 second(s)

2018-12-20 13:26:26 - [TEST_STEP][PASSED] - setText: Text 'E1102069769W' is set on object 'Object Repository/Final Object Repo/Page_Form 3 EIS - Cessation as Employer/Employer Code'

2018-12-20 13:26:26 - [MESSAGE][PASSED] - Text 'E1102069769W' is set on object 'Object Repository/Final Object Repo/Page_Form 3 EIS - Cessation as Employer/Employer Code'

2018-12-20 13:26:26 - [TEST_STEP][PASSED] - click: Object: 'Object Repository/Final Object Repo/Page_Form 3 EIS - Cessation as Employer/Search' is clicked on

2018-12-20 13:26:26 - [MESSAGE][PASSED] - Object: 'Object Repository/Final Object Repo/Page_Form 3 EIS - Cessation as Employer/Search' is clicked on

2018-12-20 13:26:26 - [TEST_STEP][PASSED] - click: Object: 'Object Repository/Final Object Repo/Page_Form 3 EIS - Cessation as Employer/Edit' is clicked on

2018-12-20 13:26:29 - [MESSAGE][PASSED] - Object: 'Object Repository/Final Object Repo/Page_Form 3 EIS - Cessation as Employer/Edit' is clicked on

2018-12-20 13:26:29 - [TEST_STEP][PASSED] - delay: Delayed 1 second(s)

2018-12-20 13:26:30 - [MESSAGE][PASSED] - Delayed 1 second(s)

2018-12-20 13:26:30 - [TEST_STEP][PASSED] - Statement - abc = com.kms.katalon.core.webui.keyword.WebUiBuiltInKeywords.getAttribute(com.kms.katalon.core.testobject.ObjectRepository.findTestObject(Final Object Repo/Page_Form 3 EIS - Cessation as Employer/Employer Status), "value"): Attribute 'value' of object 'Object Repository/Final Object Repo/Page_Form 3 EIS - Cessation as Employer/Employer Status' is: 'Active'

2018-12-20 13:26:30 - [MESSAGE][PASSED] - Attribute 'value' of object 'Object Repository/Final Object Repo/Page_Form 3 EIS - Cessation as Employer/Employer Status' is: 'Active'

2018-12-20 13:26:30 - [TEST_STEP][PASSED] - Statement - out.println(abc): null

2018-12-20 13:26:30 - [TEST_STEP][PASSED] - Statement - If (abc == "Active"): Object: 'Object Repository/Final Object Repo/Page_Form 3 EIS - Cessation as Employer/Dormant EIS' is clicked on

2018-12-20 13:26:30 - [TEST_STEP][PASSED] - click: Object: 'Object Repository/Final Object Repo/Page_Form 3 EIS - Cessation as Employer/Change Employer Status to' is clicked on

2018-12-20 13:26:30 - [MESSAGE][PASSED] - Object: 'Object Repository/Final Object Repo/Page_Form 3 EIS - Cessation as Employer/Change Employer Status to' is clicked on

2018-12-20 13:26:30 - [TEST_STEP][PASSED] - click: Object: 'Object Repository/Final Object Repo/Page_Form 3 EIS - Cessation as Employer/Dormant EIS' is clicked on

2018-12-20 13:26:30 - [MESSAGE][PASSED] - Object: 'Object Repository/Final Object Repo/Page_Form 3 EIS - Cessation as Employer/Dormant EIS' is clicked on

2018-12-20 13:26:30 - [TEST_STEP][PASSED] - click: Object: 'Object Repository/Final Object Repo/Page_Form 3 EIS - Cessation as Employer/Calender' is clicked on

2018-12-20 13:26:31 - [MESSAGE][PASSED] - Object: 'Object Repository/Final Object Repo/Page_Form 3 EIS - Cessation as Employer/Calender' is clicked on

2018-12-20 13:26:31 - [TEST_STEP][PASSED] - delay: Delayed 1 second(s)

2018-12-20 13:26:32 - [MESSAGE][PASSED] - Delayed 1 second(s)

2018-12-20 13:26:32 - [TEST_STEP][PASSED] - click: Object: 'Object Repository/Final Object Repo/Page_Form 3 EIS - Cessation as Employer/Calender - Date' is clicked on

2018-12-20 13:26:32 - [MESSAGE][PASSED] - Object: 'Object Repository/Final Object Repo/Page_Form 3 EIS - Cessation as Employer/Calender - Date' is clicked on

2018-12-20 13:26:32 - [TEST_STEP][PASSED] - click: Object: 'Object Repository/Final Object Repo/Page_Form 3 EIS - Cessation as Employer/Save  Continue in Form 3 EIS Page' is clicked on

2018-12-20 13:26:32 - [MESSAGE][PASSED] - Object: 'Object Repository/Final Object Repo/Page_Form 3 EIS - Cessation as Employer/Save  Continue in Form 3 EIS Page' is clicked on

2018-12-20 13:26:32 - [TEST_STEP][PASSED] - delay: Delayed 1 second(s)

2018-12-20 13:26:33 - [MESSAGE][PASSED] - Delayed 1 second(s)

2018-12-20 13:26:33 - [TEST_STEP][PASSED] - click: Object: 'Object Repository/Final Object Repo/Page_Form 3 EIS - Cessation as Employer/Employment Resign Date' is clicked on

2018-12-20 13:26:33 - [MESSAGE][PASSED] - Object: 'Object Repository/Final Object Repo/Page_Form 3 EIS - Cessation as Employer/Employment Resign Date' is clicked on

2018-12-20 13:26:33 - [TEST_STEP][PASSED] - selectOptionByValue: All options with value '2030' are selected in object 'Object Repository/Final Object Repo/Page_Form 3 EIS - Cessation as Employer/Employment Resign Date - Year' 

2018-12-20 13:26:34 - [MESSAGE][PASSED] - All options with value '2030' are selected in object 'Object Repository/Final Object Repo/Page_Form 3 EIS - Cessation as Employer/Employment Resign Date - Year' 

2018-12-20 13:26:34 - [TEST_STEP][PASSED] - delay: Delayed 2 second(s)

2018-12-20 13:26:36 - [MESSAGE][PASSED] - Delayed 2 second(s)

2018-12-20 13:26:36 - [TEST_STEP][PASSED] - click: Object: 'Object Repository/Final Object Repo/Page_Form 3 EIS - Cessation as Employer/Employment Resign Date - Year - Date' is clicked on

2018-12-20 13:26:36 - [MESSAGE][PASSED] - Object: 'Object Repository/Final Object Repo/Page_Form 3 EIS - Cessation as Employer/Employment Resign Date - Year - Date' is clicked on

2018-12-20 13:26:36 - [TEST_STEP][PASSED] - delay: Delayed 2 second(s)

2018-12-20 13:26:38 - [MESSAGE][PASSED] - Delayed 2 second(s)

2018-12-20 13:26:38 - [TEST_STEP][PASSED] - click: Object: 'Object Repository/Final Object Repo/Page_Form 3 EIS - Cessation as Employer/Save  Continue in Employment Resign Page' is clicked on

2018-12-20 13:26:38 - [MESSAGE][PASSED] - Object: 'Object Repository/Final Object Repo/Page_Form 3 EIS - Cessation as Employer/Save  Continue in Employment Resign Page' is clicked on

2018-12-20 13:26:38 - [TEST_STEP][PASSED] - delay: Delayed 2 second(s)

2018-12-20 13:26:40 - [MESSAGE][PASSED] - Delayed 2 second(s)

2018-12-20 13:26:40 - [TEST_STEP][PASSED] - click: Object: 'Object Repository/Final Object Repo/Page_Form 3 EIS - Cessation as Employer/Set Latest - Yes' is clicked on

2018-12-20 13:26:40 - [MESSAGE][PASSED] - Object: 'Object Repository/Final Object Repo/Page_Form 3 EIS - Cessation as Employer/Set Latest - Yes' is clicked on

2018-12-20 13:26:40 - [TEST_STEP][PASSED] - delay: Delayed 2 second(s)

2018-12-20 13:26:42 - [MESSAGE][PASSED] - Delayed 2 second(s)

2018-12-20 13:26:42 - [TEST_STEP][PASSED] - click: Object: 'Object Repository/Final Object Repo/Page_Form 3 EIS - Cessation as Employer/Add Document' is clicked on

2018-12-20 13:26:43 - [MESSAGE][PASSED] - Object: 'Object Repository/Final Object Repo/Page_Form 3 EIS - Cessation as Employer/Add Document' is clicked on

2018-12-20 13:26:43 - [TEST_STEP][PASSED] - delay: Delayed 3 second(s)

2018-12-20 13:26:46 - [MESSAGE][PASSED] - Delayed 3 second(s)

2018-12-20 13:26:46 - [TEST_STEP][PASSED] - click: Object: 'Object Repository/Final Object Repo/Page_Form 3 EIS - Cessation as Employer/Document Type' is clicked on

2018-12-20 13:26:47 - [MESSAGE][PASSED] - Object: 'Object Repository/Final Object Repo/Page_Form 3 EIS - Cessation as Employer/Document Type' is clicked on

2018-12-20 13:26:47 - [TEST_STEP][PASSED] - click: Object: 'Object Repository/Final Object Repo/Page_Form 3 EIS - Cessation as Employer/Document Type - Form 3' is clicked on

2018-12-20 13:26:47 - [MESSAGE][PASSED] - Object: 'Object Repository/Final Object Repo/Page_Form 3 EIS - Cessation as Employer/Document Type - Form 3' is clicked on

2018-12-20 13:26:47 - [TEST_STEP][PASSED] - delay: Delayed 2 second(s)

2018-12-20 13:26:49 - [MESSAGE][PASSED] - Delayed 2 second(s)

2018-12-20 13:26:49 - [TEST_STEP][PASSED] - sendKeys: Keys 'C:\Users\Public\Pictures\Sample Pictures\Koala.jpg' sent to object: 'Object Repository/Final Object Repo/Page_Form 3 EIS - Cessation as Employer/ploading File'

2018-12-20 13:26:49 - [MESSAGE][PASSED] - Keys 'C:\Users\Public\Pictures\Sample Pictures\Koala.jpg' sent to object: 'Object Repository/Final Object Repo/Page_Form 3 EIS - Cessation as Employer/ploading File'

2018-12-20 13:26:49 - [TEST_STEP][PASSED] - delay: Delayed 1 second(s)

2018-12-20 13:26:50 - [MESSAGE][PASSED] - Delayed 1 second(s)

2018-12-20 13:26:50 - [TEST_STEP][PASSED] - click: Object: 'Object Repository/Final Object Repo/Page_Form 3 EIS - Cessation as Employer/Add Document in Uploading Page' is clicked on

2018-12-20 13:26:50 - [MESSAGE][PASSED] - Object: 'Object Repository/Final Object Repo/Page_Form 3 EIS - Cessation as Employer/Add Document in Uploading Page' is clicked on

2018-12-20 13:26:50 - [TEST_STEP][PASSED] - delay: Delayed 2 second(s)

2018-12-20 13:26:52 - [MESSAGE][PASSED] - Delayed 2 second(s)

2018-12-20 13:26:52 - [TEST_STEP][PASSED] - Statement - CaseReferenceNo = com.kms.katalon.core.webui.keyword.WebUiBuiltInKeywords.getText(com.kms.katalon.core.testobject.ObjectRepository.findTestObject(Final Object Repo/Page_Update Employer Information/Reference Number in Update Employee Information Page)): Text of object 'Object Repository/Final Object Repo/Page_Update Employer Information/Reference Number in Update Employee Information Page' is: 'ERN122018C200002534'

2018-12-20 13:26:54 - [MESSAGE][PASSED] - Text of object 'Object Repository/Final Object Repo/Page_Update Employer Information/Reference Number in Update Employee Information Page' is: 'ERN122018C200002534'

2018-12-20 13:26:54 - [TEST_STEP][PASSED] - callTestCase: Call Test Case 'Test Cases/Final Aug 2018 - PKS Automation/Common/Reference Number Setter' successfully

2018-12-20 13:26:54 - [TEST_CASE][PASSED] - Test Cases/Final Aug 2018 - PKS Automation/Common/Reference Number Setter: Test Cases/Final Aug 2018 - PKS Automation/Common/Reference Number Setter

2018-12-20 13:26:54 - [TEST_STEP][PASSED] - Statement - RefNoOldFile = new java.io.File(C://Users//Admin//Desktop//PKS//Automation Reference Point//KatalonReference.txt): null

2018-12-20 13:26:54 - [TEST_STEP][PASSED] - Statement - RefNoOldFile.delete(): null

2018-12-20 13:26:54 - [TEST_STEP][PASSED] - delay: Delayed 5 second(s)

2018-12-20 13:26:59 - [MESSAGE][PASSED] - Delayed 5 second(s)

2018-12-20 13:26:59 - [TEST_STEP][PASSED] - Statement - RefNo = new java.io.File(C://Users//Admin//Desktop//PKS//Automation Reference Point//KatalonReference.txt): null

2018-12-20 13:26:59 - [TEST_STEP][PASSED] - Statement - f2 = new java.io.FileWriter(RefNo, false): null

2018-12-20 13:26:59 - [TEST_STEP][PASSED] - Statement - f2.write(CaseReferenceNo): null

2018-12-20 13:26:59 - [TEST_STEP][PASSED] - Statement - f2.close(): null

2018-12-20 13:26:59 - [TEST_STEP][PASSED] - Statement - out.println("


" + CaseReferenceNo + "


"): null

2018-12-20 13:26:59 - [MESSAGE][PASSED] - Call Test Case 'Test Cases/Final Aug 2018 - PKS Automation/Common/Reference Number Setter' successfully

2018-12-20 13:26:59 - [TEST_STEP][PASSED] - delay: Delayed 2 second(s)

2018-12-20 13:27:01 - [MESSAGE][PASSED] - Delayed 2 second(s)

2018-12-20 13:27:01 - [TEST_STEP][PASSED] - click: Object: 'Object Repository/Final Object Repo/Page_Form 3 EIS - Cessation as Employer/Save  Continue in Uploading Page' is clicked on

2018-12-20 13:27:01 - [MESSAGE][PASSED] - Object: 'Object Repository/Final Object Repo/Page_Form 3 EIS - Cessation as Employer/Save  Continue in Uploading Page' is clicked on

2018-12-20 13:27:01 - [TEST_STEP][PASSED] - delay: Delayed 2 second(s)

2018-12-20 13:27:03 - [MESSAGE][PASSED] - Delayed 2 second(s)

2018-12-20 13:27:03 - [TEST_STEP][PASSED] - click: Object: 'Object Repository/Final Object Repo/Page_Form 3 EIS - Cessation as Employer/Submit' is clicked on

2018-12-20 13:27:06 - [MESSAGE][PASSED] - Object: 'Object Repository/Final Object Repo/Page_Form 3 EIS - Cessation as Employer/Submit' is clicked on

2018-12-20 13:27:06 - [TEST_STEP][PASSED] - delay: Delayed 2 second(s)

2018-12-20 13:27:08 - [MESSAGE][PASSED] - Delayed 2 second(s)

2018-12-20 13:27:08 - [TEST_STEP][PASSED] - click: Object: 'Object Repository/Final Object Repo/Page_Form 3 EIS - Cessation as Employer/Confirm' is clicked on

2018-12-20 13:27:08 - [MESSAGE][PASSED] - Object: 'Object Repository/Final Object Repo/Page_Form 3 EIS - Cessation as Employer/Confirm' is clicked on

2018-12-20 13:27:08 - [TEST_STEP][PASSED] - delay: Delayed 2 second(s)

2018-12-20 13:27:10 - [MESSAGE][PASSED] - Delayed 2 second(s)

2018-12-20 13:27:10 - [TEST_STEP][PASSED] - click: Object: 'Object Repository/Final Object Repo/Page_Form 3 EIS - Cessation as Employer/Message Your Request will be routed to UO' is clicked on

2018-12-20 13:27:14 - [MESSAGE][PASSED] - Object: 'Object Repository/Final Object Repo/Page_Form 3 EIS - Cessation as Employer/Message Your Request will be routed to UO' is clicked on

2018-12-20 13:27:14 - [TEST_STEP][PASSED] - click: Object: 'Object Repository/Final Object Repo/Page_Form 3 EIS - Cessation as Employer/Letter of acknowledgement' is clicked on

2018-12-20 13:27:15 - [MESSAGE][PASSED] - Object: 'Object Repository/Final Object Repo/Page_Form 3 EIS - Cessation as Employer/Letter of acknowledgement' is clicked on

2018-12-20 13:27:15 - [MESSAGE][PASSED] - Call Test Case 'Test Cases/Final Aug 2018 - PKS Automation/Registration Module/Workflow/Form 3 EIS - Cessation As Employer/Template/Form 3 A - Cessation As Employer (OTC)' successfully

2018-12-20 13:27:15 - [TEST_STEP][PASSED] - callTestCase: Call Test Case 'Test Cases/Final Aug 2018 - PKS Automation/Registration Module/Workflow/Form 3 EIS - Cessation As Employer/Template/Form 3 A - Cessation As Employer (Approve)' successfully

2018-12-20 13:27:15 - [TEST_CASE][PASSED] - Test Cases/Final Aug 2018 - PKS Automation/Registration Module/Workflow/Form 3 EIS - Cessation As Employer/Template/Form 3 A - Cessation As Employer (Approve): Test Cases/Final Aug 2018 - PKS Automation/Registration Module/Workflow/Form 3 EIS - Cessation As Employer/Template/Form 3 A - Cessation As Employer (Approve)

2018-12-20 13:27:15 - [TEST_STEP][NOT_RUN] - callTestCase: NOT_RUN: callTestCase

2018-12-20 13:27:15 - [MESSAGE][NOT_RUN] - NOT_RUN: callTestCase

2018-12-20 13:27:15 - [TEST_STEP][PASSED] - delay: Delayed 1 second(s)

2018-12-20 13:27:16 - [MESSAGE][PASSED] - Delayed 1 second(s)

2018-12-20 13:27:16 - [TEST_STEP][PASSED] - navigateToUrl: Navigate to 'https://assist2-uat.perkeso.gov.my/c/portal/logout' successfully

2018-12-20 13:27:16 - [MESSAGE][PASSED] - Navigate to 'https://assist2-uat.perkeso.gov.my/c/portal/logout' successfully

2018-12-20 13:27:16 - [TEST_STEP][PASSED] - delay: Delayed 1 second(s)

2018-12-20 13:27:17 - [MESSAGE][PASSED] - Delayed 1 second(s)

2018-12-20 13:27:17 - [TEST_STEP][PASSED] - callTestCase: Call Test Case 'Test Cases/Final Aug 2018 - PKS Automation/Common/Reference Number Getter' successfully

2018-12-20 13:27:17 - [TEST_CASE][PASSED] - Test Cases/Final Aug 2018 - PKS Automation/Common/Reference Number Getter: Test Cases/Final Aug 2018 - PKS Automation/Common/Reference Number Getter

2018-12-20 13:27:17 - [TEST_STEP][PASSED] - Statement - Try: null

2018-12-20 13:27:17 - [TEST_STEP][PASSED] - Statement - RefNo = new java.io.File(C://Users//Admin//Desktop//PKS//Automation Reference Point//KatalonReference.txt): null

2018-12-20 13:27:17 - [TEST_STEP][PASSED] - Statement - bufferread = new java.io.BufferedReader(new java.io.FileReader(RefNo)): null

2018-12-20 13:27:17 - [TEST_STEP][PASSED] - Statement - readedVal = bufferread.readLine(): null

2018-12-20 13:27:17 - [TEST_STEP][PASSED] - Statement - out.println(CaseReferenceNo): null

2018-12-20 13:27:17 - [TEST_STEP][PASSED] - Statement - out.println(readedVal): null

2018-12-20 13:27:17 - [TEST_STEP][PASSED] - Statement - CaseReferenceNo = "": null

2018-12-20 13:27:17 - [TEST_STEP][PASSED] - Statement - CaseReferenceNo = readedVal: null

2018-12-20 13:27:17 - [MESSAGE][PASSED] - Call Test Case 'Test Cases/Final Aug 2018 - PKS Automation/Common/Reference Number Getter' successfully

2018-12-20 13:27:17 - [TEST_STEP][PASSED] - callTestCase: Call Test Case 'Test Cases/Final Aug 2018 - PKS Automation/Common/Workflow Owner Finder' successfully

2018-12-20 13:27:18 - [TEST_CASE][PASSED] - Test Cases/Final Aug 2018 - PKS Automation/Common/Workflow Owner Finder: Test Cases/Final Aug 2018 - PKS Automation/Common/Workflow Owner Finder

2018-12-20 13:27:18 - [TEST_STEP][PASSED] - openBrowser: Browser is opened with url: ''

2018-12-20 13:27:18 - [MESSAGE][WARNING] - A browser is already opened. Closing browser and opening a new one

2018-12-20 13:27:20 - [MESSAGE][PASSED] - Browser is opened with url: ''

2018-12-20 13:27:20 - [TEST_STEP][PASSED] - navigateToUrl: Navigate to 'https://assist2-uat.perkeso.gov.my/login' successfully

2018-12-20 13:27:22 - [MESSAGE][PASSED] - Navigate to 'https://assist2-uat.perkeso.gov.my/login' successfully

2018-12-20 13:27:22 - [TEST_STEP][PASSED] - delay: Delayed 5 second(s)

2018-12-20 13:27:27 - [MESSAGE][PASSED] - Delayed 5 second(s)

2018-12-20 13:27:27 - [TEST_STEP][PASSED] - setText: Text 'test@liferay.com' is set on object 'Object Repository/Final Object Repo/Login Page/Internal User/Email Address'

2018-12-20 13:27:27 - [MESSAGE][PASSED] - Text 'test@liferay.com' is set on object 'Object Repository/Final Object Repo/Login Page/Internal User/Email Address'

2018-12-20 13:27:27 - [TEST_STEP][PASSED] - click: Object: 'Object Repository/Final Object Repo/Login Page/Internal User/Next Button' is clicked on

2018-12-20 13:27:27 - [MESSAGE][PASSED] - Object: 'Object Repository/Final Object Repo/Login Page/Internal User/Next Button' is clicked on

2018-12-20 13:27:27 - [TEST_STEP][PASSED] - delay: Delayed 2 second(s)

2018-12-20 13:27:29 - [MESSAGE][PASSED] - Delayed 2 second(s)

2018-12-20 13:27:29 - [TEST_STEP][PASSED] - setText: Text 'test' is set on object 'Object Repository/Final Object Repo/Login Page/Internal User/Password'

2018-12-20 13:27:29 - [MESSAGE][PASSED] - Text 'test' is set on object 'Object Repository/Final Object Repo/Login Page/Internal User/Password'

2018-12-20 13:27:29 - [TEST_STEP][PASSED] - delay: Delayed 2 second(s)

2018-12-20 13:27:31 - [MESSAGE][PASSED] - Delayed 2 second(s)

2018-12-20 13:27:31 - [TEST_STEP][PASSED] - click: Object: 'Object Repository/Final Object Repo/Login Page/Internal User/Login Button' is clicked on

2018-12-20 13:27:32 - [MESSAGE][PASSED] - Object: 'Object Repository/Final Object Repo/Login Page/Internal User/Login Button' is clicked on

2018-12-20 13:27:32 - [TEST_STEP][PASSED] - Statement - tester = com.kms.katalon.core.testobject.ObjectRepository.findTestObject(Final Object Repo/Landing Page/Select to English): Finding Test Object with id 'Object Repository/Final Object Repo/Landing Page/Select to English'

2018-12-20 13:27:32 - [TEST_STEP][PASSED] - Statement - Try: Delayed 2 second(s)

2018-12-20 13:27:32 - [TEST_STEP][PASSED] - Statement - Checker = com.kms.katalon.core.webui.keyword.WebUiBuiltInKeywords.verifyElementNotPresent(tester, 3): Web element with id: 'Object Repository/Final Object Repo/Landing Page/Select to English' located by 'By.xpath: //a[@class = 'taglib-language-list-text' and @lang = 'en-US' and (contains(text(), 'EN') or contains(., 'EN'))]' is not present after '3' second(s)

2018-12-20 13:27:34 - [MESSAGE][PASSED] - Web element with id: 'Object Repository/Final Object Repo/Landing Page/Select to English' located by 'By.xpath: //a[@class = 'taglib-language-list-text' and @lang = 'en-US' and (contains(text(), 'EN') or contains(., 'EN'))]' is not present after '3' second(s)

2018-12-20 13:27:34 - [TEST_STEP][PASSED] - Statement - If (Checker == false): null

2018-12-20 13:27:34 - [TEST_STEP][PASSED] - delay: Delayed 2 second(s)

2018-12-20 13:27:36 - [MESSAGE][PASSED] - Delayed 2 second(s)

2018-12-20 13:27:36 - [TEST_STEP][PASSED] - delay: Delayed 5 second(s)

2018-12-20 13:27:41 - [MESSAGE][PASSED] - Delayed 5 second(s)

2018-12-20 13:27:41 - [TEST_STEP][PASSED] - mouseOver: Object: 'Object Repository/Final Object Repo/Landing Page/WorkFlow Menu' is hovered

2018-12-20 13:27:41 - [MESSAGE][PASSED] - Object: 'Object Repository/Final Object Repo/Landing Page/WorkFlow Menu' is hovered

2018-12-20 13:27:41 - [TEST_STEP][PASSED] - delay: Delayed 2 second(s)

2018-12-20 13:27:43 - [MESSAGE][PASSED] - Delayed 2 second(s)

2018-12-20 13:27:43 - [TEST_STEP][PASSED] - click: Object: 'Object Repository/Final Object Repo/Landing Page/Select to Workflow Listing' is clicked on

2018-12-20 13:27:44 - [MESSAGE][PASSED] - Object: 'Object Repository/Final Object Repo/Landing Page/Select to Workflow Listing' is clicked on

2018-12-20 13:27:44 - [TEST_STEP][PASSED] - delay: Delayed 2 second(s)

2018-12-20 13:27:46 - [MESSAGE][PASSED] - Delayed 2 second(s)

2018-12-20 13:27:46 - [TEST_STEP][PASSED] - click: Object: 'Object Repository/Final Object Repo/WorkFlow Listing Page/Search Information - To Put Ref No' is clicked on

2018-12-20 13:27:46 - [MESSAGE][PASSED] - Object: 'Object Repository/Final Object Repo/WorkFlow Listing Page/Search Information - To Put Ref No' is clicked on

2018-12-20 13:27:46 - [TEST_STEP][PASSED] - delay: Delayed 2 second(s)

2018-12-20 13:27:48 - [MESSAGE][PASSED] - Delayed 2 second(s)

2018-12-20 13:27:48 - [TEST_STEP][PASSED] - callTestCase: Call Test Case 'Test Cases/Final Aug 2018 - PKS Automation/Common/Reference Number Getter' successfully

2018-12-20 13:27:48 - [TEST_CASE][PASSED] - Test Cases/Final Aug 2018 - PKS Automation/Common/Reference Number Getter: Test Cases/Final Aug 2018 - PKS Automation/Common/Reference Number Getter

2018-12-20 13:27:48 - [TEST_STEP][PASSED] - Statement - Try: null

2018-12-20 13:27:48 - [TEST_STEP][PASSED] - Statement - RefNo = new java.io.File(C://Users//Admin//Desktop//PKS//Automation Reference Point//KatalonReference.txt): null

2018-12-20 13:27:48 - [TEST_STEP][PASSED] - Statement - bufferread = new java.io.BufferedReader(new java.io.FileReader(RefNo)): null

2018-12-20 13:27:48 - [TEST_STEP][PASSED] - Statement - readedVal = bufferread.readLine(): null

2018-12-20 13:27:48 - [TEST_STEP][PASSED] - Statement - out.println(CaseReferenceNo): null

2018-12-20 13:27:48 - [TEST_STEP][PASSED] - Statement - out.println(readedVal): null

2018-12-20 13:27:48 - [TEST_STEP][PASSED] - Statement - CaseReferenceNo = "": null

2018-12-20 13:27:48 - [TEST_STEP][PASSED] - Statement - CaseReferenceNo = readedVal: null

2018-12-20 13:27:48 - [MESSAGE][PASSED] - Call Test Case 'Test Cases/Final Aug 2018 - PKS Automation/Common/Reference Number Getter' successfully

2018-12-20 13:27:48 - [TEST_STEP][PASSED] - setText: Text 'ERN122018C200002534' is set on object 'Object Repository/Final Object Repo/WorkFlow Listing Page/Ref No Set Text'

2018-12-20 13:27:49 - [MESSAGE][PASSED] - Text 'ERN122018C200002534' is set on object 'Object Repository/Final Object Repo/WorkFlow Listing Page/Ref No Set Text'

2018-12-20 13:27:49 - [TEST_STEP][PASSED] - delay: Delayed 2 second(s)

2018-12-20 13:27:51 - [MESSAGE][PASSED] - Delayed 2 second(s)

2018-12-20 13:27:51 - [TEST_STEP][PASSED] - click: Object: 'Object Repository/Final Object Repo/WorkFlow Listing Page/Search Ref No Search Button' is clicked on

2018-12-20 13:27:51 - [MESSAGE][PASSED] - Object: 'Object Repository/Final Object Repo/WorkFlow Listing Page/Search Ref No Search Button' is clicked on

2018-12-20 13:27:51 - [TEST_STEP][PASSED] - delay: Delayed 6 second(s)

2018-12-20 13:27:57 - [MESSAGE][PASSED] - Delayed 6 second(s)

2018-12-20 13:27:57 - [TEST_STEP][PASSED] - click: Object: 'Object Repository/Final Object Repo/WorkFlow Listing Page/Click Continue Tooltip' is clicked on

2018-12-20 13:27:58 - [MESSAGE][PASSED] - Object: 'Object Repository/Final Object Repo/WorkFlow Listing Page/Click Continue Tooltip' is clicked on

2018-12-20 13:27:58 - [TEST_STEP][PASSED] - delay: Delayed 5 second(s)

2018-12-20 13:28:03 - [MESSAGE][PASSED] - Delayed 5 second(s)

2018-12-20 13:28:03 - [TEST_STEP][PASSED] - doubleClick: Object: 'Object Repository/Final Object Repo/WorkFlow Listing Page/Workflow Found - Listing 1' is double clicked on

2018-12-20 13:28:03 - [MESSAGE][PASSED] - Object: 'Object Repository/Final Object Repo/WorkFlow Listing Page/Workflow Found - Listing 1' is double clicked on

2018-12-20 13:28:03 - [TEST_STEP][PASSED] - Statement - println(OwnerID): null

2018-12-20 13:28:03 - [TEST_STEP][PASSED] - Statement - OwnerID = com.kms.katalon.core.webui.keyword.WebUiBuiltInKeywords.getText(com.kms.katalon.core.testobject.ObjectRepository.findTestObject(Final Object Repo/WorkFlow Listing Page/Workflow Found - Listing 1), STOP_ON_FAILURE): Text of object 'Object Repository/Final Object Repo/WorkFlow Listing Page/Workflow Found - Listing 1' is: 'JOHORuo3'

2018-12-20 13:28:03 - [MESSAGE][PASSED] - Text of object 'Object Repository/Final Object Repo/WorkFlow Listing Page/Workflow Found - Listing 1' is: 'JOHORuo3'

2018-12-20 13:28:03 - [TEST_STEP][PASSED] - Statement - OwnerID = OwnerID.toLowerCase() + "@gmail.com": null

2018-12-20 13:28:03 - [TEST_STEP][PASSED] - Statement - println(OwnerID): null

2018-12-20 13:28:03 - [TEST_STEP][PASSED] - delay: Delayed 2 second(s)

2018-12-20 13:28:05 - [MESSAGE][PASSED] - Delayed 2 second(s)

2018-12-20 13:28:05 - [MESSAGE][PASSED] - Call Test Case 'Test Cases/Final Aug 2018 - PKS Automation/Common/Workflow Owner Finder' successfully

2018-12-20 13:28:05 - [TEST_STEP][PASSED] - delay: Delayed 1 second(s)

2018-12-20 13:28:06 - [MESSAGE][PASSED] - Delayed 1 second(s)

2018-12-20 13:28:06 - [TEST_STEP][PASSED] - navigateToUrl: Navigate to 'https://assist2-uat.perkeso.gov.my/c/portal/logout' successfully

2018-12-20 13:28:07 - [MESSAGE][PASSED] - Navigate to 'https://assist2-uat.perkeso.gov.my/c/portal/logout' successfully

2018-12-20 13:28:07 - [TEST_STEP][PASSED] - delay: Delayed 1 second(s)

2018-12-20 13:28:08 - [MESSAGE][PASSED] - Delayed 1 second(s)

2018-12-20 13:28:08 - [TEST_STEP][PASSED] - callTestCase: Call Test Case 'Test Cases/Final Aug 2018 - PKS Automation/Registration Module/Workflow/Login and Search Case For Workflow' successfully

2018-12-20 13:28:08 - [TEST_CASE][PASSED] - Test Cases/Final Aug 2018 - PKS Automation/Registration Module/Workflow/Login and Search Case For Workflow: Test Cases/Final Aug 2018 - PKS Automation/Registration Module/Workflow/Login and Search Case For Workflow

2018-12-20 13:28:08 - [TEST_STEP][PASSED] - navigateToUrl: Navigate to 'https://assist2-uat.perkeso.gov.my/login' successfully

2018-12-20 13:28:09 - [MESSAGE][PASSED] - Navigate to 'https://assist2-uat.perkeso.gov.my/login' successfully

2018-12-20 13:28:09 - [TEST_STEP][PASSED] - setText: Text 'johoruo3@gmail.com' is set on object 'Object Repository/Final Object Repo/Login Page/Internal User/Email Address'

2018-12-20 13:28:09 - [MESSAGE][PASSED] - Text 'johoruo3@gmail.com' is set on object 'Object Repository/Final Object Repo/Login Page/Internal User/Email Address'

2018-12-20 13:28:09 - [TEST_STEP][PASSED] - click: Object: 'Object Repository/Final Object Repo/Login Page/Internal User/Next Button' is clicked on

2018-12-20 13:28:09 - [MESSAGE][PASSED] - Object: 'Object Repository/Final Object Repo/Login Page/Internal User/Next Button' is clicked on

2018-12-20 13:28:09 - [TEST_STEP][PASSED] - delay: Delayed 1 second(s)

2018-12-20 13:28:10 - [MESSAGE][PASSED] - Delayed 1 second(s)

2018-12-20 13:28:10 - [TEST_STEP][PASSED] - setEncryptedText: Text ****** has been set on object 'Object Repository/Final Object Repo/Login Page/Internal User/Password'

2018-12-20 13:28:10 - [MESSAGE][PASSED] - Text ****** has been set on object 'Object Repository/Final Object Repo/Login Page/Internal User/Password'

2018-12-20 13:28:10 - [TEST_STEP][PASSED] - click: Object: 'Object Repository/Final Object Repo/Login Page/Internal User/Login Button' is clicked on

2018-12-20 13:28:11 - [MESSAGE][PASSED] - Object: 'Object Repository/Final Object Repo/Login Page/Internal User/Login Button' is clicked on

2018-12-20 13:28:11 - [TEST_STEP][PASSED] - delay: Delayed 2 second(s)

2018-12-20 13:28:13 - [MESSAGE][PASSED] - Delayed 2 second(s)

2018-12-20 13:28:13 - [TEST_STEP][PASSED] - Statement - Try: Delayed 2 second(s)

2018-12-20 13:28:13 - [TEST_STEP][PASSED] - Statement - Checker = false: null

2018-12-20 13:28:13 - [TEST_STEP][PASSED] - Statement - Checker = com.kms.katalon.core.webui.keyword.WebUiBuiltInKeywords.verifyElementHasAttribute(com.kms.katalon.core.testobject.ObjectRepository.findTestObject(Final Object Repo/Landing Page/BM Detecting), "href", 20, OPTIONAL): Object 'Object Repository/Final Object Repo/Landing Page/BM Detecting' has attribute 'href'

2018-12-20 13:28:13 - [MESSAGE][PASSED] - Object 'Object Repository/Final Object Repo/Landing Page/BM Detecting' has attribute 'href'

2018-12-20 13:28:13 - [TEST_STEP][PASSED] - Statement - out.println(Checker): null

2018-12-20 13:28:13 - [TEST_STEP][PASSED] - Statement - If (Checker == false): null

2018-12-20 13:28:13 - [TEST_STEP][PASSED] - Statement - Else: null

2018-12-20 13:28:13 - [TEST_STEP][PASSED] - delay: Delayed 2 second(s)

2018-12-20 13:28:15 - [MESSAGE][PASSED] - Delayed 2 second(s)

2018-12-20 13:28:15 - [TEST_STEP][PASSED] - click: Object: 'Object Repository/Final Object Repo/Page_MyASSIST - ASSIST - Search Pending Case For Add Supporting Document/Search Information' is clicked on

2018-12-20 13:28:15 - [MESSAGE][PASSED] - Object: 'Object Repository/Final Object Repo/Page_MyASSIST - ASSIST - Search Pending Case For Add Supporting Document/Search Information' is clicked on

2018-12-20 13:28:15 - [TEST_STEP][PASSED] - delay: Delayed 3 second(s)

2018-12-20 13:28:18 - [MESSAGE][PASSED] - Delayed 3 second(s)

2018-12-20 13:28:18 - [TEST_STEP][PASSED] - sendKeys: Keys 'ERN122018C200002534' sent to object: 'Object Repository/Final Object Repo/Page_MyASSIST - ASSIST - Search Pending Case For Add Supporting Document/Reference No'

2018-12-20 13:28:18 - [MESSAGE][PASSED] - Keys 'ERN122018C200002534' sent to object: 'Object Repository/Final Object Repo/Page_MyASSIST - ASSIST - Search Pending Case For Add Supporting Document/Reference No'

2018-12-20 13:28:18 - [TEST_STEP][PASSED] - click: Object: 'Object Repository/Final Object Repo/Page_MyASSIST - ASSIST - Search Pending Case For Add Supporting Document/Search Reference No' is clicked on

2018-12-20 13:28:18 - [MESSAGE][PASSED] - Object: 'Object Repository/Final Object Repo/Page_MyASSIST - ASSIST - Search Pending Case For Add Supporting Document/Search Reference No' is clicked on

2018-12-20 13:28:18 - [TEST_STEP][PASSED] - delay: Delayed 2 second(s)

2018-12-20 13:28:20 - [MESSAGE][PASSED] - Delayed 2 second(s)

2018-12-20 13:28:20 - [TEST_STEP][PASSED] - click: Object: 'Object Repository/Final Object Repo/Page_MyASSIST - ASSIST - Search Pending Case For Add Supporting Document/Continue' is clicked on

2018-12-20 13:28:24 - [MESSAGE][PASSED] - Object: 'Object Repository/Final Object Repo/Page_MyASSIST - ASSIST - Search Pending Case For Add Supporting Document/Continue' is clicked on

2018-12-20 13:28:24 - [TEST_STEP][PASSED] - delay: Delayed 20 second(s)

2018-12-20 13:28:44 - [MESSAGE][PASSED] - Delayed 20 second(s)

2018-12-20 13:28:44 - [MESSAGE][PASSED] - Call Test Case 'Test Cases/Final Aug 2018 - PKS Automation/Registration Module/Workflow/Login and Search Case For Workflow' successfully

2018-12-20 13:28:44 - [TEST_STEP][PASSED] - click: Object: 'Object Repository/Final Object Repo/Page_Form 3 EIS - Cessation as Employer/Page_Form 3 EIS - Cessation as Employer (Approve)/Save  Continue in Form 3 Page' is clicked on

2018-12-20 13:28:44 - [MESSAGE][PASSED] - Object: 'Object Repository/Final Object Repo/Page_Form 3 EIS - Cessation as Employer/Page_Form 3 EIS - Cessation as Employer (Approve)/Save  Continue in Form 3 Page' is clicked on

2018-12-20 13:28:44 - [TEST_STEP][PASSED] - delay: Delayed 2 second(s)

2018-12-20 13:28:46 - [MESSAGE][PASSED] - Delayed 2 second(s)

2018-12-20 13:28:46 - [TEST_STEP][PASSED] - click: Object: 'Object Repository/Final Object Repo/Page_Form 3 EIS - Cessation as Employer/Page_Form 3 EIS - Cessation as Employer (Approve)/Save  Continue in Resigned Page' is clicked on

2018-12-20 13:28:46 - [MESSAGE][PASSED] - Object: 'Object Repository/Final Object Repo/Page_Form 3 EIS - Cessation as Employer/Page_Form 3 EIS - Cessation as Employer (Approve)/Save  Continue in Resigned Page' is clicked on

2018-12-20 13:28:46 - [TEST_STEP][PASSED] - delay: Delayed 2 second(s)

2018-12-20 13:28:48 - [MESSAGE][PASSED] - Delayed 2 second(s)

2018-12-20 13:28:48 - [TEST_STEP][PASSED] - click: Object: 'Object Repository/Final Object Repo/Page_Form 3 EIS - Cessation as Employer/Page_Form 3 EIS - Cessation as Employer (Approve)/Save  Continue in Uploading Page' is clicked on

2018-12-20 13:28:49 - [MESSAGE][PASSED] - Object: 'Object Repository/Final Object Repo/Page_Form 3 EIS - Cessation as Employer/Page_Form 3 EIS - Cessation as Employer (Approve)/Save  Continue in Uploading Page' is clicked on

2018-12-20 13:28:49 - [TEST_STEP][PASSED] - delay: Delayed 2 second(s)

2018-12-20 13:28:51 - [MESSAGE][PASSED] - Delayed 2 second(s)

2018-12-20 13:28:51 - [TEST_STEP][PASSED] - click: Object: 'Object Repository/Final Object Repo/Page_Form 3 EIS - Cessation as Employer/Page_Form 3 EIS - Cessation as Employer (Approve)/Approve' is clicked on

2018-12-20 13:28:54 - [MESSAGE][PASSED] - Object: 'Object Repository/Final Object Repo/Page_Form 3 EIS - Cessation as Employer/Page_Form 3 EIS - Cessation as Employer (Approve)/Approve' is clicked on

2018-12-20 13:28:54 - [TEST_STEP][PASSED] - delay: Delayed 2 second(s)

2018-12-20 13:28:56 - [MESSAGE][PASSED] - Delayed 2 second(s)

2018-12-20 13:28:56 - [TEST_STEP][PASSED] - click: Object: 'Object Repository/Final Object Repo/Page_Form 3 EIS - Cessation as Employer/Page_Form 3 EIS - Cessation as Employer (Approve)/Confirm' is clicked on

2018-12-20 13:28:56 - [MESSAGE][PASSED] - Object: 'Object Repository/Final Object Repo/Page_Form 3 EIS - Cessation as Employer/Page_Form 3 EIS - Cessation as Employer (Approve)/Confirm' is clicked on

2018-12-20 13:28:56 - [TEST_STEP][PASSED] - delay: Delayed 2 second(s)

2018-12-20 13:28:58 - [MESSAGE][PASSED] - Delayed 2 second(s)

2018-12-20 13:28:58 - [TEST_STEP][PASSED] - click: Object: 'Object Repository/Final Object Repo/Page_Form 3 EIS - Cessation as Employer/Page_Form 3 EIS - Cessation as Employer (Approve)/Message Your Request    Form 3 EIS' is clicked on

2018-12-20 13:29:04 - [MESSAGE][PASSED] - Object: 'Object Repository/Final Object Repo/Page_Form 3 EIS - Cessation as Employer/Page_Form 3 EIS - Cessation as Employer (Approve)/Message Your Request    Form 3 EIS' is clicked on

2018-12-20 13:29:04 - [TEST_STEP][PASSED] - click: Object: 'Object Repository/Final Object Repo/Page_Form 3 EIS - Cessation as Employer/Page_Form 3 EIS - Cessation as Employer (Approve)/Letter of successful update' is clicked on

2018-12-20 13:29:04 - [MESSAGE][PASSED] - Object: 'Object Repository/Final Object Repo/Page_Form 3 EIS - Cessation as Employer/Page_Form 3 EIS - Cessation as Employer (Approve)/Letter of successful update' is clicked on

2018-12-20 13:29:04 - [MESSAGE][PASSED] - Call Test Case 'Test Cases/Final Aug 2018 - PKS Automation/Registration Module/Workflow/Form 3 EIS - Cessation As Employer/Template/Form 3 A - Cessation As Employer (Approve)' successfully]]></system-out>
         <system-err><![CDATA[]]></system-err>
      </testcase>
      <testcase name="Test Cases/Final Aug 2018 - PKS Automation/Registration Module/Workflow/Form 3 EIS - Cessation As Employer/OTC to UO (Query)" classname="Test Cases/Final Aug 2018 - PKS Automation/Registration Module/Workflow/Form 3 EIS - Cessation As Employer/OTC to UO (Query)" status="PASSED">
         <system-out><![CDATA[2018-12-20 13:29:04 - [TEST_CASE][PASSED] - Test Cases/Final Aug 2018 - PKS Automation/Registration Module/Workflow/Form 3 EIS - Cessation As Employer/OTC to UO (Query): Test Cases/Final Aug 2018 - PKS Automation/Registration Module/Workflow/Form 3 EIS - Cessation As Employer/OTC to UO (Query)

2018-12-20 13:29:04 - [TEST_STEP][PASSED] - callTestCase: Call Test Case 'Test Cases/Final Aug 2018 - PKS Automation/Registration Module/Workflow/Form 3 EIS - Cessation As Employer/Template/Form 3 A - Cessation As Employer (OTC)' successfully

2018-12-20 13:29:04 - [TEST_CASE][PASSED] - Test Cases/Final Aug 2018 - PKS Automation/Registration Module/Workflow/Form 3 EIS - Cessation As Employer/Template/Form 3 A - Cessation As Employer (OTC): Test Cases/Final Aug 2018 - PKS Automation/Registration Module/Workflow/Form 3 EIS - Cessation As Employer/Template/Form 3 A - Cessation As Employer (OTC)

2018-12-20 13:29:05 - [TEST_STEP][PASSED] - openBrowser: Browser is opened with url: ''

2018-12-20 13:29:05 - [MESSAGE][WARNING] - A browser is already opened. Closing browser and opening a new one

2018-12-20 13:29:07 - [MESSAGE][PASSED] - Browser is opened with url: ''

2018-12-20 13:29:07 - [TEST_STEP][PASSED] - navigateToUrl: Navigate to 'https://assist2-uat.perkeso.gov.my/login' successfully

2018-12-20 13:29:08 - [MESSAGE][PASSED] - Navigate to 'https://assist2-uat.perkeso.gov.my/login' successfully

2018-12-20 13:29:08 - [TEST_STEP][PASSED] - setText: Text 'johorotc1@gmail.com' is set on object 'Object Repository/Final Object Repo/Login Page/Internal User/Email Address'

2018-12-20 13:29:09 - [MESSAGE][PASSED] - Text 'johorotc1@gmail.com' is set on object 'Object Repository/Final Object Repo/Login Page/Internal User/Email Address'

2018-12-20 13:29:09 - [TEST_STEP][PASSED] - click: Object: 'Object Repository/Final Object Repo/Login Page/Internal User/Next Button' is clicked on

2018-12-20 13:29:09 - [MESSAGE][PASSED] - Object: 'Object Repository/Final Object Repo/Login Page/Internal User/Next Button' is clicked on

2018-12-20 13:29:09 - [TEST_STEP][PASSED] - delay: Delayed 1 second(s)

2018-12-20 13:29:10 - [MESSAGE][PASSED] - Delayed 1 second(s)

2018-12-20 13:29:10 - [TEST_STEP][PASSED] - setEncryptedText: Text ****** has been set on object 'Object Repository/Final Object Repo/Login Page/Internal User/Password'

2018-12-20 13:29:10 - [MESSAGE][PASSED] - Text ****** has been set on object 'Object Repository/Final Object Repo/Login Page/Internal User/Password'

2018-12-20 13:29:10 - [TEST_STEP][PASSED] - click: Object: 'Object Repository/Final Object Repo/Login Page/Internal User/Login Button' is clicked on

2018-12-20 13:29:10 - [MESSAGE][PASSED] - Object: 'Object Repository/Final Object Repo/Login Page/Internal User/Login Button' is clicked on

2018-12-20 13:29:10 - [TEST_STEP][PASSED] - delay: Delayed 1 second(s)

2018-12-20 13:29:11 - [MESSAGE][PASSED] - Delayed 1 second(s)

2018-12-20 13:29:11 - [TEST_STEP][PASSED] - Statement - Try: Delayed 2 second(s)

2018-12-20 13:29:11 - [TEST_STEP][PASSED] - Statement - Checker = false: null

2018-12-20 13:29:11 - [TEST_STEP][PASSED] - Statement - Checker = com.kms.katalon.core.webui.keyword.WebUiBuiltInKeywords.verifyElementHasAttribute(com.kms.katalon.core.testobject.ObjectRepository.findTestObject(Final Object Repo/Landing Page/BM Detecting), "href", 20, OPTIONAL): Object 'Object Repository/Final Object Repo/Landing Page/BM Detecting' has attribute 'href'

2018-12-20 13:29:12 - [MESSAGE][PASSED] - Object 'Object Repository/Final Object Repo/Landing Page/BM Detecting' has attribute 'href'

2018-12-20 13:29:12 - [TEST_STEP][PASSED] - Statement - out.println(Checker): null

2018-12-20 13:29:12 - [TEST_STEP][PASSED] - Statement - If (Checker == false): null

2018-12-20 13:29:12 - [TEST_STEP][PASSED] - Statement - Else: null

2018-12-20 13:29:12 - [TEST_STEP][PASSED] - delay: Delayed 2 second(s)

2018-12-20 13:29:14 - [MESSAGE][PASSED] - Delayed 2 second(s)

2018-12-20 13:29:14 - [TEST_STEP][PASSED] - navigateToUrl: Navigate to 'https://assist2-uat.perkeso.gov.my/web/registration/eis-update/form-3-eis-cessation-as-employer' successfully

2018-12-20 13:29:15 - [MESSAGE][PASSED] - Navigate to 'https://assist2-uat.perkeso.gov.my/web/registration/eis-update/form-3-eis-cessation-as-employer' successfully

2018-12-20 13:29:15 - [TEST_STEP][PASSED] - delay: Delayed 1 second(s)

2018-12-20 13:29:16 - [MESSAGE][PASSED] - Delayed 1 second(s)

2018-12-20 13:29:16 - [TEST_STEP][PASSED] - setText: Text 'E1102069769W' is set on object 'Object Repository/Final Object Repo/Page_Form 3 EIS - Cessation as Employer/Employer Code'

2018-12-20 13:29:17 - [MESSAGE][PASSED] - Text 'E1102069769W' is set on object 'Object Repository/Final Object Repo/Page_Form 3 EIS - Cessation as Employer/Employer Code'

2018-12-20 13:29:17 - [TEST_STEP][PASSED] - click: Object: 'Object Repository/Final Object Repo/Page_Form 3 EIS - Cessation as Employer/Search' is clicked on

2018-12-20 13:29:17 - [MESSAGE][PASSED] - Object: 'Object Repository/Final Object Repo/Page_Form 3 EIS - Cessation as Employer/Search' is clicked on

2018-12-20 13:29:17 - [TEST_STEP][PASSED] - click: Object: 'Object Repository/Final Object Repo/Page_Form 3 EIS - Cessation as Employer/Edit' is clicked on

2018-12-20 13:29:19 - [MESSAGE][PASSED] - Object: 'Object Repository/Final Object Repo/Page_Form 3 EIS - Cessation as Employer/Edit' is clicked on

2018-12-20 13:29:19 - [TEST_STEP][PASSED] - delay: Delayed 1 second(s)

2018-12-20 13:29:20 - [MESSAGE][PASSED] - Delayed 1 second(s)

2018-12-20 13:29:20 - [TEST_STEP][PASSED] - Statement - abc = com.kms.katalon.core.webui.keyword.WebUiBuiltInKeywords.getAttribute(com.kms.katalon.core.testobject.ObjectRepository.findTestObject(Final Object Repo/Page_Form 3 EIS - Cessation as Employer/Employer Status), "value"): Attribute 'value' of object 'Object Repository/Final Object Repo/Page_Form 3 EIS - Cessation as Employer/Employer Status' is: 'Active'

2018-12-20 13:29:20 - [MESSAGE][PASSED] - Attribute 'value' of object 'Object Repository/Final Object Repo/Page_Form 3 EIS - Cessation as Employer/Employer Status' is: 'Active'

2018-12-20 13:29:20 - [TEST_STEP][PASSED] - Statement - out.println(abc): null

2018-12-20 13:29:20 - [TEST_STEP][PASSED] - Statement - If (abc == "Active"): Object: 'Object Repository/Final Object Repo/Page_Form 3 EIS - Cessation as Employer/Dormant EIS' is clicked on

2018-12-20 13:29:20 - [TEST_STEP][PASSED] - click: Object: 'Object Repository/Final Object Repo/Page_Form 3 EIS - Cessation as Employer/Change Employer Status to' is clicked on

2018-12-20 13:29:21 - [MESSAGE][PASSED] - Object: 'Object Repository/Final Object Repo/Page_Form 3 EIS - Cessation as Employer/Change Employer Status to' is clicked on

2018-12-20 13:29:21 - [TEST_STEP][PASSED] - click: Object: 'Object Repository/Final Object Repo/Page_Form 3 EIS - Cessation as Employer/Dormant EIS' is clicked on

2018-12-20 13:29:21 - [MESSAGE][PASSED] - Object: 'Object Repository/Final Object Repo/Page_Form 3 EIS - Cessation as Employer/Dormant EIS' is clicked on

2018-12-20 13:29:21 - [TEST_STEP][PASSED] - click: Object: 'Object Repository/Final Object Repo/Page_Form 3 EIS - Cessation as Employer/Calender' is clicked on

2018-12-20 13:29:21 - [MESSAGE][PASSED] - Object: 'Object Repository/Final Object Repo/Page_Form 3 EIS - Cessation as Employer/Calender' is clicked on

2018-12-20 13:29:21 - [TEST_STEP][PASSED] - delay: Delayed 1 second(s)

2018-12-20 13:29:22 - [MESSAGE][PASSED] - Delayed 1 second(s)

2018-12-20 13:29:22 - [TEST_STEP][PASSED] - click: Object: 'Object Repository/Final Object Repo/Page_Form 3 EIS - Cessation as Employer/Calender - Date' is clicked on

2018-12-20 13:29:22 - [MESSAGE][PASSED] - Object: 'Object Repository/Final Object Repo/Page_Form 3 EIS - Cessation as Employer/Calender - Date' is clicked on

2018-12-20 13:29:22 - [TEST_STEP][PASSED] - click: Object: 'Object Repository/Final Object Repo/Page_Form 3 EIS - Cessation as Employer/Save  Continue in Form 3 EIS Page' is clicked on

2018-12-20 13:29:22 - [MESSAGE][PASSED] - Object: 'Object Repository/Final Object Repo/Page_Form 3 EIS - Cessation as Employer/Save  Continue in Form 3 EIS Page' is clicked on

2018-12-20 13:29:22 - [TEST_STEP][PASSED] - delay: Delayed 1 second(s)

2018-12-20 13:29:23 - [MESSAGE][PASSED] - Delayed 1 second(s)

2018-12-20 13:29:23 - [TEST_STEP][PASSED] - click: Object: 'Object Repository/Final Object Repo/Page_Form 3 EIS - Cessation as Employer/Employment Resign Date' is clicked on

2018-12-20 13:29:24 - [MESSAGE][PASSED] - Object: 'Object Repository/Final Object Repo/Page_Form 3 EIS - Cessation as Employer/Employment Resign Date' is clicked on

2018-12-20 13:29:24 - [TEST_STEP][PASSED] - selectOptionByValue: All options with value '2030' are selected in object 'Object Repository/Final Object Repo/Page_Form 3 EIS - Cessation as Employer/Employment Resign Date - Year' 

2018-12-20 13:29:24 - [MESSAGE][PASSED] - All options with value '2030' are selected in object 'Object Repository/Final Object Repo/Page_Form 3 EIS - Cessation as Employer/Employment Resign Date - Year' 

2018-12-20 13:29:24 - [TEST_STEP][PASSED] - delay: Delayed 2 second(s)

2018-12-20 13:29:26 - [MESSAGE][PASSED] - Delayed 2 second(s)

2018-12-20 13:29:26 - [TEST_STEP][PASSED] - click: Object: 'Object Repository/Final Object Repo/Page_Form 3 EIS - Cessation as Employer/Employment Resign Date - Year - Date' is clicked on

2018-12-20 13:29:26 - [MESSAGE][PASSED] - Object: 'Object Repository/Final Object Repo/Page_Form 3 EIS - Cessation as Employer/Employment Resign Date - Year - Date' is clicked on

2018-12-20 13:29:26 - [TEST_STEP][PASSED] - delay: Delayed 2 second(s)

2018-12-20 13:29:28 - [MESSAGE][PASSED] - Delayed 2 second(s)

2018-12-20 13:29:28 - [TEST_STEP][PASSED] - click: Object: 'Object Repository/Final Object Repo/Page_Form 3 EIS - Cessation as Employer/Save  Continue in Employment Resign Page' is clicked on

2018-12-20 13:29:29 - [MESSAGE][PASSED] - Object: 'Object Repository/Final Object Repo/Page_Form 3 EIS - Cessation as Employer/Save  Continue in Employment Resign Page' is clicked on

2018-12-20 13:29:29 - [TEST_STEP][PASSED] - delay: Delayed 2 second(s)

2018-12-20 13:29:31 - [MESSAGE][PASSED] - Delayed 2 second(s)

2018-12-20 13:29:31 - [TEST_STEP][PASSED] - click: Object: 'Object Repository/Final Object Repo/Page_Form 3 EIS - Cessation as Employer/Set Latest - Yes' is clicked on

2018-12-20 13:29:31 - [MESSAGE][PASSED] - Object: 'Object Repository/Final Object Repo/Page_Form 3 EIS - Cessation as Employer/Set Latest - Yes' is clicked on

2018-12-20 13:29:31 - [TEST_STEP][PASSED] - delay: Delayed 2 second(s)

2018-12-20 13:29:33 - [MESSAGE][PASSED] - Delayed 2 second(s)

2018-12-20 13:29:33 - [TEST_STEP][PASSED] - click: Object: 'Object Repository/Final Object Repo/Page_Form 3 EIS - Cessation as Employer/Add Document' is clicked on

2018-12-20 13:29:34 - [MESSAGE][PASSED] - Object: 'Object Repository/Final Object Repo/Page_Form 3 EIS - Cessation as Employer/Add Document' is clicked on

2018-12-20 13:29:34 - [TEST_STEP][PASSED] - delay: Delayed 3 second(s)

2018-12-20 13:29:37 - [MESSAGE][PASSED] - Delayed 3 second(s)

2018-12-20 13:29:37 - [TEST_STEP][PASSED] - click: Object: 'Object Repository/Final Object Repo/Page_Form 3 EIS - Cessation as Employer/Document Type' is clicked on

2018-12-20 13:29:37 - [MESSAGE][PASSED] - Object: 'Object Repository/Final Object Repo/Page_Form 3 EIS - Cessation as Employer/Document Type' is clicked on

2018-12-20 13:29:37 - [TEST_STEP][PASSED] - click: Object: 'Object Repository/Final Object Repo/Page_Form 3 EIS - Cessation as Employer/Document Type - Form 3' is clicked on

2018-12-20 13:29:37 - [MESSAGE][PASSED] - Object: 'Object Repository/Final Object Repo/Page_Form 3 EIS - Cessation as Employer/Document Type - Form 3' is clicked on

2018-12-20 13:29:37 - [TEST_STEP][PASSED] - delay: Delayed 2 second(s)

2018-12-20 13:29:39 - [MESSAGE][PASSED] - Delayed 2 second(s)

2018-12-20 13:29:39 - [TEST_STEP][PASSED] - sendKeys: Keys 'C:\Users\Public\Pictures\Sample Pictures\Koala.jpg' sent to object: 'Object Repository/Final Object Repo/Page_Form 3 EIS - Cessation as Employer/ploading File'

2018-12-20 13:29:39 - [MESSAGE][PASSED] - Keys 'C:\Users\Public\Pictures\Sample Pictures\Koala.jpg' sent to object: 'Object Repository/Final Object Repo/Page_Form 3 EIS - Cessation as Employer/ploading File'

2018-12-20 13:29:39 - [TEST_STEP][PASSED] - delay: Delayed 1 second(s)

2018-12-20 13:29:40 - [MESSAGE][PASSED] - Delayed 1 second(s)

2018-12-20 13:29:40 - [TEST_STEP][PASSED] - click: Object: 'Object Repository/Final Object Repo/Page_Form 3 EIS - Cessation as Employer/Add Document in Uploading Page' is clicked on

2018-12-20 13:29:41 - [MESSAGE][PASSED] - Object: 'Object Repository/Final Object Repo/Page_Form 3 EIS - Cessation as Employer/Add Document in Uploading Page' is clicked on

2018-12-20 13:29:41 - [TEST_STEP][PASSED] - delay: Delayed 2 second(s)

2018-12-20 13:29:43 - [MESSAGE][PASSED] - Delayed 2 second(s)

2018-12-20 13:29:43 - [TEST_STEP][PASSED] - Statement - CaseReferenceNo = com.kms.katalon.core.webui.keyword.WebUiBuiltInKeywords.getText(com.kms.katalon.core.testobject.ObjectRepository.findTestObject(Final Object Repo/Page_Update Employer Information/Reference Number in Update Employee Information Page)): Text of object 'Object Repository/Final Object Repo/Page_Update Employer Information/Reference Number in Update Employee Information Page' is: 'ERN122018C200002535'

2018-12-20 13:29:45 - [MESSAGE][PASSED] - Text of object 'Object Repository/Final Object Repo/Page_Update Employer Information/Reference Number in Update Employee Information Page' is: 'ERN122018C200002535'

2018-12-20 13:29:45 - [TEST_STEP][PASSED] - callTestCase: Call Test Case 'Test Cases/Final Aug 2018 - PKS Automation/Common/Reference Number Setter' successfully

2018-12-20 13:29:45 - [TEST_CASE][PASSED] - Test Cases/Final Aug 2018 - PKS Automation/Common/Reference Number Setter: Test Cases/Final Aug 2018 - PKS Automation/Common/Reference Number Setter

2018-12-20 13:29:45 - [TEST_STEP][PASSED] - Statement - RefNoOldFile = new java.io.File(C://Users//Admin//Desktop//PKS//Automation Reference Point//KatalonReference.txt): null

2018-12-20 13:29:45 - [TEST_STEP][PASSED] - Statement - RefNoOldFile.delete(): null

2018-12-20 13:29:45 - [TEST_STEP][PASSED] - delay: Delayed 5 second(s)

2018-12-20 13:29:50 - [MESSAGE][PASSED] - Delayed 5 second(s)

2018-12-20 13:29:50 - [TEST_STEP][PASSED] - Statement - RefNo = new java.io.File(C://Users//Admin//Desktop//PKS//Automation Reference Point//KatalonReference.txt): null

2018-12-20 13:29:50 - [TEST_STEP][PASSED] - Statement - f2 = new java.io.FileWriter(RefNo, false): null

2018-12-20 13:29:50 - [TEST_STEP][PASSED] - Statement - f2.write(CaseReferenceNo): null

2018-12-20 13:29:50 - [TEST_STEP][PASSED] - Statement - f2.close(): null

2018-12-20 13:29:50 - [TEST_STEP][PASSED] - Statement - out.println("


" + CaseReferenceNo + "


"): null

2018-12-20 13:29:50 - [MESSAGE][PASSED] - Call Test Case 'Test Cases/Final Aug 2018 - PKS Automation/Common/Reference Number Setter' successfully

2018-12-20 13:29:50 - [TEST_STEP][PASSED] - delay: Delayed 2 second(s)

2018-12-20 13:29:52 - [MESSAGE][PASSED] - Delayed 2 second(s)

2018-12-20 13:29:52 - [TEST_STEP][PASSED] - click: Object: 'Object Repository/Final Object Repo/Page_Form 3 EIS - Cessation as Employer/Save  Continue in Uploading Page' is clicked on

2018-12-20 13:29:52 - [MESSAGE][PASSED] - Object: 'Object Repository/Final Object Repo/Page_Form 3 EIS - Cessation as Employer/Save  Continue in Uploading Page' is clicked on

2018-12-20 13:29:52 - [TEST_STEP][PASSED] - delay: Delayed 2 second(s)

2018-12-20 13:29:54 - [MESSAGE][PASSED] - Delayed 2 second(s)

2018-12-20 13:29:54 - [TEST_STEP][PASSED] - click: Object: 'Object Repository/Final Object Repo/Page_Form 3 EIS - Cessation as Employer/Submit' is clicked on

2018-12-20 13:29:57 - [MESSAGE][PASSED] - Object: 'Object Repository/Final Object Repo/Page_Form 3 EIS - Cessation as Employer/Submit' is clicked on

2018-12-20 13:29:57 - [TEST_STEP][PASSED] - delay: Delayed 2 second(s)

2018-12-20 13:29:59 - [MESSAGE][PASSED] - Delayed 2 second(s)

2018-12-20 13:29:59 - [TEST_STEP][PASSED] - click: Object: 'Object Repository/Final Object Repo/Page_Form 3 EIS - Cessation as Employer/Confirm' is clicked on

2018-12-20 13:29:59 - [MESSAGE][PASSED] - Object: 'Object Repository/Final Object Repo/Page_Form 3 EIS - Cessation as Employer/Confirm' is clicked on

2018-12-20 13:29:59 - [TEST_STEP][PASSED] - delay: Delayed 2 second(s)

2018-12-20 13:30:01 - [MESSAGE][PASSED] - Delayed 2 second(s)

2018-12-20 13:30:01 - [TEST_STEP][PASSED] - click: Object: 'Object Repository/Final Object Repo/Page_Form 3 EIS - Cessation as Employer/Message Your Request will be routed to UO' is clicked on

2018-12-20 13:30:04 - [MESSAGE][PASSED] - Object: 'Object Repository/Final Object Repo/Page_Form 3 EIS - Cessation as Employer/Message Your Request will be routed to UO' is clicked on

2018-12-20 13:30:04 - [TEST_STEP][PASSED] - click: Object: 'Object Repository/Final Object Repo/Page_Form 3 EIS - Cessation as Employer/Letter of acknowledgement' is clicked on

2018-12-20 13:30:05 - [MESSAGE][PASSED] - Object: 'Object Repository/Final Object Repo/Page_Form 3 EIS - Cessation as Employer/Letter of acknowledgement' is clicked on

2018-12-20 13:30:05 - [MESSAGE][PASSED] - Call Test Case 'Test Cases/Final Aug 2018 - PKS Automation/Registration Module/Workflow/Form 3 EIS - Cessation As Employer/Template/Form 3 A - Cessation As Employer (OTC)' successfully

2018-12-20 13:30:05 - [TEST_STEP][PASSED] - callTestCase: Call Test Case 'Test Cases/Final Aug 2018 - PKS Automation/Registration Module/Workflow/Form 3 EIS - Cessation As Employer/Template/Form 3 A - Cessation As Employer (Query)' successfully

2018-12-20 13:30:05 - [TEST_CASE][PASSED] - Test Cases/Final Aug 2018 - PKS Automation/Registration Module/Workflow/Form 3 EIS - Cessation As Employer/Template/Form 3 A - Cessation As Employer (Query): Test Cases/Final Aug 2018 - PKS Automation/Registration Module/Workflow/Form 3 EIS - Cessation As Employer/Template/Form 3 A - Cessation As Employer (Query)

2018-12-20 13:30:05 - [TEST_STEP][NOT_RUN] - callTestCase: NOT_RUN: callTestCase

2018-12-20 13:30:05 - [MESSAGE][NOT_RUN] - NOT_RUN: callTestCase

2018-12-20 13:30:05 - [TEST_STEP][PASSED] - delay: Delayed 1 second(s)

2018-12-20 13:30:06 - [MESSAGE][PASSED] - Delayed 1 second(s)

2018-12-20 13:30:06 - [TEST_STEP][PASSED] - navigateToUrl: Navigate to 'https://assist2-uat.perkeso.gov.my/c/portal/logout' successfully

2018-12-20 13:30:07 - [MESSAGE][PASSED] - Navigate to 'https://assist2-uat.perkeso.gov.my/c/portal/logout' successfully

2018-12-20 13:30:07 - [TEST_STEP][PASSED] - delay: Delayed 1 second(s)

2018-12-20 13:30:08 - [MESSAGE][PASSED] - Delayed 1 second(s)

2018-12-20 13:30:08 - [TEST_STEP][PASSED] - callTestCase: Call Test Case 'Test Cases/Final Aug 2018 - PKS Automation/Common/Reference Number Getter' successfully

2018-12-20 13:30:08 - [TEST_CASE][PASSED] - Test Cases/Final Aug 2018 - PKS Automation/Common/Reference Number Getter: Test Cases/Final Aug 2018 - PKS Automation/Common/Reference Number Getter

2018-12-20 13:30:08 - [TEST_STEP][PASSED] - Statement - Try: null

2018-12-20 13:30:08 - [TEST_STEP][PASSED] - Statement - RefNo = new java.io.File(C://Users//Admin//Desktop//PKS//Automation Reference Point//KatalonReference.txt): null

2018-12-20 13:30:08 - [TEST_STEP][PASSED] - Statement - bufferread = new java.io.BufferedReader(new java.io.FileReader(RefNo)): null

2018-12-20 13:30:08 - [TEST_STEP][PASSED] - Statement - readedVal = bufferread.readLine(): null

2018-12-20 13:30:08 - [TEST_STEP][PASSED] - Statement - out.println(CaseReferenceNo): null

2018-12-20 13:30:08 - [TEST_STEP][PASSED] - Statement - out.println(readedVal): null

2018-12-20 13:30:08 - [TEST_STEP][PASSED] - Statement - CaseReferenceNo = "": null

2018-12-20 13:30:08 - [TEST_STEP][PASSED] - Statement - CaseReferenceNo = readedVal: null

2018-12-20 13:30:08 - [MESSAGE][PASSED] - Call Test Case 'Test Cases/Final Aug 2018 - PKS Automation/Common/Reference Number Getter' successfully

2018-12-20 13:30:08 - [TEST_STEP][PASSED] - callTestCase: Call Test Case 'Test Cases/Final Aug 2018 - PKS Automation/Common/Workflow Owner Finder' successfully

2018-12-20 13:30:08 - [TEST_CASE][PASSED] - Test Cases/Final Aug 2018 - PKS Automation/Common/Workflow Owner Finder: Test Cases/Final Aug 2018 - PKS Automation/Common/Workflow Owner Finder

2018-12-20 13:30:08 - [TEST_STEP][PASSED] - openBrowser: Browser is opened with url: ''

2018-12-20 13:30:08 - [MESSAGE][WARNING] - A browser is already opened. Closing browser and opening a new one

2018-12-20 13:30:11 - [MESSAGE][PASSED] - Browser is opened with url: ''

2018-12-20 13:30:11 - [TEST_STEP][PASSED] - navigateToUrl: Navigate to 'https://assist2-uat.perkeso.gov.my/login' successfully

2018-12-20 13:30:12 - [MESSAGE][PASSED] - Navigate to 'https://assist2-uat.perkeso.gov.my/login' successfully

2018-12-20 13:30:12 - [TEST_STEP][PASSED] - delay: Delayed 5 second(s)

2018-12-20 13:30:17 - [MESSAGE][PASSED] - Delayed 5 second(s)

2018-12-20 13:30:17 - [TEST_STEP][PASSED] - setText: Text 'test@liferay.com' is set on object 'Object Repository/Final Object Repo/Login Page/Internal User/Email Address'

2018-12-20 13:30:18 - [MESSAGE][PASSED] - Text 'test@liferay.com' is set on object 'Object Repository/Final Object Repo/Login Page/Internal User/Email Address'

2018-12-20 13:30:18 - [TEST_STEP][PASSED] - click: Object: 'Object Repository/Final Object Repo/Login Page/Internal User/Next Button' is clicked on

2018-12-20 13:30:18 - [MESSAGE][PASSED] - Object: 'Object Repository/Final Object Repo/Login Page/Internal User/Next Button' is clicked on

2018-12-20 13:30:18 - [TEST_STEP][PASSED] - delay: Delayed 2 second(s)

2018-12-20 13:30:20 - [MESSAGE][PASSED] - Delayed 2 second(s)

2018-12-20 13:30:20 - [TEST_STEP][PASSED] - setText: Text 'test' is set on object 'Object Repository/Final Object Repo/Login Page/Internal User/Password'

2018-12-20 13:30:20 - [MESSAGE][PASSED] - Text 'test' is set on object 'Object Repository/Final Object Repo/Login Page/Internal User/Password'

2018-12-20 13:30:20 - [TEST_STEP][PASSED] - delay: Delayed 2 second(s)

2018-12-20 13:30:22 - [MESSAGE][PASSED] - Delayed 2 second(s)

2018-12-20 13:30:22 - [TEST_STEP][PASSED] - click: Object: 'Object Repository/Final Object Repo/Login Page/Internal User/Login Button' is clicked on

2018-12-20 13:30:22 - [MESSAGE][PASSED] - Object: 'Object Repository/Final Object Repo/Login Page/Internal User/Login Button' is clicked on

2018-12-20 13:30:22 - [TEST_STEP][PASSED] - Statement - tester = com.kms.katalon.core.testobject.ObjectRepository.findTestObject(Final Object Repo/Landing Page/Select to English): Finding Test Object with id 'Object Repository/Final Object Repo/Landing Page/Select to English'

2018-12-20 13:30:22 - [TEST_STEP][PASSED] - Statement - Try: Delayed 2 second(s)

2018-12-20 13:30:22 - [TEST_STEP][PASSED] - Statement - Checker = com.kms.katalon.core.webui.keyword.WebUiBuiltInKeywords.verifyElementNotPresent(tester, 3): Web element with id: 'Object Repository/Final Object Repo/Landing Page/Select to English' located by 'By.xpath: //a[@class = 'taglib-language-list-text' and @lang = 'en-US' and (contains(text(), 'EN') or contains(., 'EN'))]' is not present after '3' second(s)

2018-12-20 13:30:24 - [MESSAGE][PASSED] - Web element with id: 'Object Repository/Final Object Repo/Landing Page/Select to English' located by 'By.xpath: //a[@class = 'taglib-language-list-text' and @lang = 'en-US' and (contains(text(), 'EN') or contains(., 'EN'))]' is not present after '3' second(s)

2018-12-20 13:30:24 - [TEST_STEP][PASSED] - Statement - If (Checker == false): null

2018-12-20 13:30:24 - [TEST_STEP][PASSED] - delay: Delayed 2 second(s)

2018-12-20 13:30:26 - [MESSAGE][PASSED] - Delayed 2 second(s)

2018-12-20 13:30:26 - [TEST_STEP][PASSED] - delay: Delayed 5 second(s)

2018-12-20 13:30:31 - [MESSAGE][PASSED] - Delayed 5 second(s)

2018-12-20 13:30:31 - [TEST_STEP][PASSED] - mouseOver: Object: 'Object Repository/Final Object Repo/Landing Page/WorkFlow Menu' is hovered

2018-12-20 13:30:31 - [MESSAGE][PASSED] - Object: 'Object Repository/Final Object Repo/Landing Page/WorkFlow Menu' is hovered

2018-12-20 13:30:31 - [TEST_STEP][PASSED] - delay: Delayed 2 second(s)

2018-12-20 13:30:33 - [MESSAGE][PASSED] - Delayed 2 second(s)

2018-12-20 13:30:33 - [TEST_STEP][PASSED] - click: Object: 'Object Repository/Final Object Repo/Landing Page/Select to Workflow Listing' is clicked on

2018-12-20 13:30:35 - [MESSAGE][PASSED] - Object: 'Object Repository/Final Object Repo/Landing Page/Select to Workflow Listing' is clicked on

2018-12-20 13:30:35 - [TEST_STEP][PASSED] - delay: Delayed 2 second(s)

2018-12-20 13:30:37 - [MESSAGE][PASSED] - Delayed 2 second(s)

2018-12-20 13:30:37 - [TEST_STEP][PASSED] - click: Object: 'Object Repository/Final Object Repo/WorkFlow Listing Page/Search Information - To Put Ref No' is clicked on

2018-12-20 13:30:37 - [MESSAGE][PASSED] - Object: 'Object Repository/Final Object Repo/WorkFlow Listing Page/Search Information - To Put Ref No' is clicked on

2018-12-20 13:30:37 - [TEST_STEP][PASSED] - delay: Delayed 2 second(s)

2018-12-20 13:30:39 - [MESSAGE][PASSED] - Delayed 2 second(s)

2018-12-20 13:30:39 - [TEST_STEP][PASSED] - callTestCase: Call Test Case 'Test Cases/Final Aug 2018 - PKS Automation/Common/Reference Number Getter' successfully

2018-12-20 13:30:39 - [TEST_CASE][PASSED] - Test Cases/Final Aug 2018 - PKS Automation/Common/Reference Number Getter: Test Cases/Final Aug 2018 - PKS Automation/Common/Reference Number Getter

2018-12-20 13:30:39 - [TEST_STEP][PASSED] - Statement - Try: null

2018-12-20 13:30:39 - [TEST_STEP][PASSED] - Statement - RefNo = new java.io.File(C://Users//Admin//Desktop//PKS//Automation Reference Point//KatalonReference.txt): null

2018-12-20 13:30:39 - [TEST_STEP][PASSED] - Statement - bufferread = new java.io.BufferedReader(new java.io.FileReader(RefNo)): null

2018-12-20 13:30:39 - [TEST_STEP][PASSED] - Statement - readedVal = bufferread.readLine(): null

2018-12-20 13:30:39 - [TEST_STEP][PASSED] - Statement - out.println(CaseReferenceNo): null

2018-12-20 13:30:39 - [TEST_STEP][PASSED] - Statement - out.println(readedVal): null

2018-12-20 13:30:39 - [TEST_STEP][PASSED] - Statement - CaseReferenceNo = "": null

2018-12-20 13:30:39 - [TEST_STEP][PASSED] - Statement - CaseReferenceNo = readedVal: null

2018-12-20 13:30:39 - [MESSAGE][PASSED] - Call Test Case 'Test Cases/Final Aug 2018 - PKS Automation/Common/Reference Number Getter' successfully

2018-12-20 13:30:39 - [TEST_STEP][PASSED] - setText: Text 'ERN122018C200002535' is set on object 'Object Repository/Final Object Repo/WorkFlow Listing Page/Ref No Set Text'

2018-12-20 13:30:39 - [MESSAGE][PASSED] - Text 'ERN122018C200002535' is set on object 'Object Repository/Final Object Repo/WorkFlow Listing Page/Ref No Set Text'

2018-12-20 13:30:39 - [TEST_STEP][PASSED] - delay: Delayed 2 second(s)

2018-12-20 13:30:41 - [MESSAGE][PASSED] - Delayed 2 second(s)

2018-12-20 13:30:41 - [TEST_STEP][PASSED] - click: Object: 'Object Repository/Final Object Repo/WorkFlow Listing Page/Search Ref No Search Button' is clicked on

2018-12-20 13:30:41 - [MESSAGE][PASSED] - Object: 'Object Repository/Final Object Repo/WorkFlow Listing Page/Search Ref No Search Button' is clicked on

2018-12-20 13:30:41 - [TEST_STEP][PASSED] - delay: Delayed 6 second(s)

2018-12-20 13:30:47 - [MESSAGE][PASSED] - Delayed 6 second(s)

2018-12-20 13:30:47 - [TEST_STEP][PASSED] - click: Object: 'Object Repository/Final Object Repo/WorkFlow Listing Page/Click Continue Tooltip' is clicked on

2018-12-20 13:30:48 - [MESSAGE][PASSED] - Object: 'Object Repository/Final Object Repo/WorkFlow Listing Page/Click Continue Tooltip' is clicked on

2018-12-20 13:30:48 - [TEST_STEP][PASSED] - delay: Delayed 5 second(s)

2018-12-20 13:30:53 - [MESSAGE][PASSED] - Delayed 5 second(s)

2018-12-20 13:30:53 - [TEST_STEP][PASSED] - doubleClick: Object: 'Object Repository/Final Object Repo/WorkFlow Listing Page/Workflow Found - Listing 1' is double clicked on

2018-12-20 13:30:54 - [MESSAGE][PASSED] - Object: 'Object Repository/Final Object Repo/WorkFlow Listing Page/Workflow Found - Listing 1' is double clicked on

2018-12-20 13:30:54 - [TEST_STEP][PASSED] - Statement - println(OwnerID): null

2018-12-20 13:30:54 - [TEST_STEP][PASSED] - Statement - OwnerID = com.kms.katalon.core.webui.keyword.WebUiBuiltInKeywords.getText(com.kms.katalon.core.testobject.ObjectRepository.findTestObject(Final Object Repo/WorkFlow Listing Page/Workflow Found - Listing 1), STOP_ON_FAILURE): Text of object 'Object Repository/Final Object Repo/WorkFlow Listing Page/Workflow Found - Listing 1' is: 'JOHORuo1'

2018-12-20 13:30:54 - [MESSAGE][PASSED] - Text of object 'Object Repository/Final Object Repo/WorkFlow Listing Page/Workflow Found - Listing 1' is: 'JOHORuo1'

2018-12-20 13:30:54 - [TEST_STEP][PASSED] - Statement - OwnerID = OwnerID.toLowerCase() + "@gmail.com": null

2018-12-20 13:30:54 - [TEST_STEP][PASSED] - Statement - println(OwnerID): null

2018-12-20 13:30:54 - [TEST_STEP][PASSED] - delay: Delayed 2 second(s)

2018-12-20 13:30:56 - [MESSAGE][PASSED] - Delayed 2 second(s)

2018-12-20 13:30:56 - [MESSAGE][PASSED] - Call Test Case 'Test Cases/Final Aug 2018 - PKS Automation/Common/Workflow Owner Finder' successfully

2018-12-20 13:30:56 - [TEST_STEP][PASSED] - delay: Delayed 1 second(s)

2018-12-20 13:30:57 - [MESSAGE][PASSED] - Delayed 1 second(s)

2018-12-20 13:30:57 - [TEST_STEP][PASSED] - navigateToUrl: Navigate to 'https://assist2-uat.perkeso.gov.my/c/portal/logout' successfully

2018-12-20 13:30:58 - [MESSAGE][PASSED] - Navigate to 'https://assist2-uat.perkeso.gov.my/c/portal/logout' successfully

2018-12-20 13:30:58 - [TEST_STEP][PASSED] - delay: Delayed 1 second(s)

2018-12-20 13:30:59 - [MESSAGE][PASSED] - Delayed 1 second(s)

2018-12-20 13:30:59 - [TEST_STEP][PASSED] - callTestCase: Call Test Case 'Test Cases/Final Aug 2018 - PKS Automation/Registration Module/Workflow/Login and Search Case For Workflow' successfully

2018-12-20 13:30:59 - [TEST_CASE][PASSED] - Test Cases/Final Aug 2018 - PKS Automation/Registration Module/Workflow/Login and Search Case For Workflow: Test Cases/Final Aug 2018 - PKS Automation/Registration Module/Workflow/Login and Search Case For Workflow

2018-12-20 13:30:59 - [TEST_STEP][PASSED] - navigateToUrl: Navigate to 'https://assist2-uat.perkeso.gov.my/login' successfully

2018-12-20 13:30:59 - [MESSAGE][PASSED] - Navigate to 'https://assist2-uat.perkeso.gov.my/login' successfully

2018-12-20 13:30:59 - [TEST_STEP][PASSED] - setText: Text 'johoruo1@gmail.com' is set on object 'Object Repository/Final Object Repo/Login Page/Internal User/Email Address'

2018-12-20 13:30:59 - [MESSAGE][PASSED] - Text 'johoruo1@gmail.com' is set on object 'Object Repository/Final Object Repo/Login Page/Internal User/Email Address'

2018-12-20 13:30:59 - [TEST_STEP][PASSED] - click: Object: 'Object Repository/Final Object Repo/Login Page/Internal User/Next Button' is clicked on

2018-12-20 13:31:00 - [MESSAGE][PASSED] - Object: 'Object Repository/Final Object Repo/Login Page/Internal User/Next Button' is clicked on

2018-12-20 13:31:00 - [TEST_STEP][PASSED] - delay: Delayed 1 second(s)

2018-12-20 13:31:01 - [MESSAGE][PASSED] - Delayed 1 second(s)

2018-12-20 13:31:01 - [TEST_STEP][PASSED] - setEncryptedText: Text ****** has been set on object 'Object Repository/Final Object Repo/Login Page/Internal User/Password'

2018-12-20 13:31:01 - [MESSAGE][PASSED] - Text ****** has been set on object 'Object Repository/Final Object Repo/Login Page/Internal User/Password'

2018-12-20 13:31:01 - [TEST_STEP][PASSED] - click: Object: 'Object Repository/Final Object Repo/Login Page/Internal User/Login Button' is clicked on

2018-12-20 13:31:01 - [MESSAGE][PASSED] - Object: 'Object Repository/Final Object Repo/Login Page/Internal User/Login Button' is clicked on

2018-12-20 13:31:01 - [TEST_STEP][PASSED] - delay: Delayed 2 second(s)

2018-12-20 13:31:03 - [MESSAGE][PASSED] - Delayed 2 second(s)

2018-12-20 13:31:03 - [TEST_STEP][PASSED] - Statement - Try: Delayed 2 second(s)

2018-12-20 13:31:03 - [TEST_STEP][PASSED] - Statement - Checker = false: null

2018-12-20 13:31:03 - [TEST_STEP][PASSED] - Statement - Checker = com.kms.katalon.core.webui.keyword.WebUiBuiltInKeywords.verifyElementHasAttribute(com.kms.katalon.core.testobject.ObjectRepository.findTestObject(Final Object Repo/Landing Page/BM Detecting), "href", 20, OPTIONAL): Object 'Object Repository/Final Object Repo/Landing Page/BM Detecting' has attribute 'href'

2018-12-20 13:31:03 - [MESSAGE][PASSED] - Object 'Object Repository/Final Object Repo/Landing Page/BM Detecting' has attribute 'href'

2018-12-20 13:31:03 - [TEST_STEP][PASSED] - Statement - out.println(Checker): null

2018-12-20 13:31:03 - [TEST_STEP][PASSED] - Statement - If (Checker == false): null

2018-12-20 13:31:03 - [TEST_STEP][PASSED] - Statement - Else: null

2018-12-20 13:31:03 - [TEST_STEP][PASSED] - delay: Delayed 2 second(s)

2018-12-20 13:31:05 - [MESSAGE][PASSED] - Delayed 2 second(s)

2018-12-20 13:31:05 - [TEST_STEP][PASSED] - click: Object: 'Object Repository/Final Object Repo/Page_MyASSIST - ASSIST - Search Pending Case For Add Supporting Document/Search Information' is clicked on

2018-12-20 13:31:05 - [MESSAGE][PASSED] - Object: 'Object Repository/Final Object Repo/Page_MyASSIST - ASSIST - Search Pending Case For Add Supporting Document/Search Information' is clicked on

2018-12-20 13:31:05 - [TEST_STEP][PASSED] - delay: Delayed 3 second(s)

2018-12-20 13:31:08 - [MESSAGE][PASSED] - Delayed 3 second(s)

2018-12-20 13:31:08 - [TEST_STEP][PASSED] - sendKeys: Keys 'ERN122018C200002535' sent to object: 'Object Repository/Final Object Repo/Page_MyASSIST - ASSIST - Search Pending Case For Add Supporting Document/Reference No'

2018-12-20 13:31:09 - [MESSAGE][PASSED] - Keys 'ERN122018C200002535' sent to object: 'Object Repository/Final Object Repo/Page_MyASSIST - ASSIST - Search Pending Case For Add Supporting Document/Reference No'

2018-12-20 13:31:09 - [TEST_STEP][PASSED] - click: Object: 'Object Repository/Final Object Repo/Page_MyASSIST - ASSIST - Search Pending Case For Add Supporting Document/Search Reference No' is clicked on

2018-12-20 13:31:09 - [MESSAGE][PASSED] - Object: 'Object Repository/Final Object Repo/Page_MyASSIST - ASSIST - Search Pending Case For Add Supporting Document/Search Reference No' is clicked on

2018-12-20 13:31:09 - [TEST_STEP][PASSED] - delay: Delayed 2 second(s)

2018-12-20 13:31:11 - [MESSAGE][PASSED] - Delayed 2 second(s)

2018-12-20 13:31:11 - [TEST_STEP][PASSED] - click: Object: 'Object Repository/Final Object Repo/Page_MyASSIST - ASSIST - Search Pending Case For Add Supporting Document/Continue' is clicked on

2018-12-20 13:31:14 - [MESSAGE][PASSED] - Object: 'Object Repository/Final Object Repo/Page_MyASSIST - ASSIST - Search Pending Case For Add Supporting Document/Continue' is clicked on

2018-12-20 13:31:14 - [TEST_STEP][PASSED] - delay: Delayed 20 second(s)

2018-12-20 13:31:34 - [MESSAGE][PASSED] - Delayed 20 second(s)

2018-12-20 13:31:34 - [MESSAGE][PASSED] - Call Test Case 'Test Cases/Final Aug 2018 - PKS Automation/Registration Module/Workflow/Login and Search Case For Workflow' successfully

2018-12-20 13:31:34 - [TEST_STEP][PASSED] - click: Object: 'Object Repository/Final Object Repo/Page_Form 3 EIS - Cessation as Employer/Page_Form 3 EIS - Cessation as Employer (Approve)/Save  Continue in Form 3 Page' is clicked on

2018-12-20 13:31:35 - [MESSAGE][PASSED] - Object: 'Object Repository/Final Object Repo/Page_Form 3 EIS - Cessation as Employer/Page_Form 3 EIS - Cessation as Employer (Approve)/Save  Continue in Form 3 Page' is clicked on

2018-12-20 13:31:35 - [TEST_STEP][PASSED] - delay: Delayed 4 second(s)

2018-12-20 13:31:39 - [MESSAGE][PASSED] - Delayed 4 second(s)

2018-12-20 13:31:39 - [TEST_STEP][PASSED] - click: Object: 'Object Repository/Final Object Repo/Page_Form 3 EIS - Cessation as Employer/Page_Form 3 EIS - Cessation as Employer (Approve)/Save  Continue in Resigned Page' is clicked on

2018-12-20 13:31:39 - [MESSAGE][PASSED] - Object: 'Object Repository/Final Object Repo/Page_Form 3 EIS - Cessation as Employer/Page_Form 3 EIS - Cessation as Employer (Approve)/Save  Continue in Resigned Page' is clicked on

2018-12-20 13:31:39 - [TEST_STEP][PASSED] - delay: Delayed 2 second(s)

2018-12-20 13:31:41 - [MESSAGE][PASSED] - Delayed 2 second(s)

2018-12-20 13:31:41 - [TEST_STEP][PASSED] - setText: Text 'Remark' is set on object 'Object Repository/Final Object Repo/Page_Form 3 EIS - Cessation as Employer/Page_Form 3 EIS - Cessation as Employer (Query)/Query - Remark'

2018-12-20 13:31:42 - [MESSAGE][PASSED] - Text 'Remark' is set on object 'Object Repository/Final Object Repo/Page_Form 3 EIS - Cessation as Employer/Page_Form 3 EIS - Cessation as Employer (Query)/Query - Remark'

2018-12-20 13:31:42 - [TEST_STEP][PASSED] - delay: Delayed 2 second(s)

2018-12-20 13:31:44 - [MESSAGE][PASSED] - Delayed 2 second(s)

2018-12-20 13:31:44 - [TEST_STEP][PASSED] - click: Object: 'Object Repository/Final Object Repo/Page_Form 3 EIS - Cessation as Employer/Page_Form 3 EIS - Cessation as Employer (Query)/Save  Continue' is clicked on

2018-12-20 13:31:44 - [MESSAGE][PASSED] - Object: 'Object Repository/Final Object Repo/Page_Form 3 EIS - Cessation as Employer/Page_Form 3 EIS - Cessation as Employer (Query)/Save  Continue' is clicked on

2018-12-20 13:31:44 - [TEST_STEP][PASSED] - delay: Delayed 2 second(s)

2018-12-20 13:31:46 - [MESSAGE][PASSED] - Delayed 2 second(s)

2018-12-20 13:31:46 - [TEST_STEP][PASSED] - click: Object: 'Object Repository/Final Object Repo/Page_Form 3 EIS - Cessation as Employer/Page_Form 3 EIS - Cessation as Employer (Query)/Query' is clicked on

2018-12-20 13:31:49 - [MESSAGE][PASSED] - Object: 'Object Repository/Final Object Repo/Page_Form 3 EIS - Cessation as Employer/Page_Form 3 EIS - Cessation as Employer (Query)/Query' is clicked on

2018-12-20 13:31:49 - [TEST_STEP][PASSED] - delay: Delayed 2 second(s)

2018-12-20 13:31:51 - [MESSAGE][PASSED] - Delayed 2 second(s)

2018-12-20 13:31:51 - [TEST_STEP][PASSED] - click: Object: 'Object Repository/Final Object Repo/Page_Form 3 EIS - Cessation as Employer/Page_Form 3 EIS - Cessation as Employer (Query)/Confirm' is clicked on

2018-12-20 13:31:58 - [MESSAGE][PASSED] - Object: 'Object Repository/Final Object Repo/Page_Form 3 EIS - Cessation as Employer/Page_Form 3 EIS - Cessation as Employer (Query)/Confirm' is clicked on

2018-12-20 13:31:58 - [TEST_STEP][PASSED] - delay: Delayed 2 second(s)

2018-12-20 13:32:00 - [MESSAGE][PASSED] - Delayed 2 second(s)

2018-12-20 13:32:00 - [TEST_STEP][PASSED] - click: Object: 'Object Repository/Final Object Repo/Page_Form 3 EIS - Cessation as Employer/Page_Form 3 EIS - Cessation as Employer (Query)/Message The Case Is Under Query' is clicked on

2018-12-20 13:32:00 - [MESSAGE][PASSED] - Object: 'Object Repository/Final Object Repo/Page_Form 3 EIS - Cessation as Employer/Page_Form 3 EIS - Cessation as Employer (Query)/Message The Case Is Under Query' is clicked on

2018-12-20 13:32:00 - [TEST_STEP][PASSED] - click: Object: 'Object Repository/Final Object Repo/Page_Form 3 EIS - Cessation as Employer/Page_Form 3 EIS - Cessation as Employer (Query)/Letter of inquiry' is clicked on

2018-12-20 13:32:01 - [MESSAGE][PASSED] - Object: 'Object Repository/Final Object Repo/Page_Form 3 EIS - Cessation as Employer/Page_Form 3 EIS - Cessation as Employer (Query)/Letter of inquiry' is clicked on

2018-12-20 13:32:01 - [TEST_STEP][PASSED] - delay: Delayed 1 second(s)

2018-12-20 13:32:02 - [MESSAGE][PASSED] - Delayed 1 second(s)

2018-12-20 13:32:02 - [TEST_STEP][PASSED] - navigateToUrl: Navigate to 'https://assist2-uat.perkeso.gov.my/c/portal/logout' successfully

2018-12-20 13:32:03 - [MESSAGE][PASSED] - Navigate to 'https://assist2-uat.perkeso.gov.my/c/portal/logout' successfully

2018-12-20 13:32:03 - [TEST_STEP][PASSED] - delay: Delayed 1 second(s)

2018-12-20 13:32:04 - [MESSAGE][PASSED] - Delayed 1 second(s)

2018-12-20 13:32:04 - [TEST_STEP][PASSED] - callTestCase: Call Test Case 'Test Cases/Final Aug 2018 - PKS Automation/Registration Module/Workflow/Search Pending Case For Add Supporting Document (OTC)' successfully

2018-12-20 13:32:04 - [TEST_CASE][PASSED] - Test Cases/Final Aug 2018 - PKS Automation/Registration Module/Workflow/Search Pending Case For Add Supporting Document (OTC): Test Cases/Final Aug 2018 - PKS Automation/Registration Module/Workflow/Search Pending Case For Add Supporting Document (OTC)

2018-12-20 13:32:04 - [TEST_STEP][PASSED] - openBrowser: Browser is opened with url: ''

2018-12-20 13:32:04 - [MESSAGE][WARNING] - A browser is already opened. Closing browser and opening a new one

2018-12-20 13:32:07 - [MESSAGE][PASSED] - Browser is opened with url: ''

2018-12-20 13:32:07 - [TEST_STEP][PASSED] - navigateToUrl: Navigate to 'https://assist2-uat.perkeso.gov.my/login' successfully

2018-12-20 13:32:08 - [MESSAGE][PASSED] - Navigate to 'https://assist2-uat.perkeso.gov.my/login' successfully

2018-12-20 13:32:08 - [TEST_STEP][PASSED] - setText: Text 'johorotc1@gmail.com' is set on object 'Object Repository/Final Object Repo/Login Page/Internal User/Email Address'

2018-12-20 13:32:08 - [MESSAGE][PASSED] - Text 'johorotc1@gmail.com' is set on object 'Object Repository/Final Object Repo/Login Page/Internal User/Email Address'

2018-12-20 13:32:08 - [TEST_STEP][PASSED] - click: Object: 'Object Repository/Final Object Repo/Login Page/Internal User/Next Button' is clicked on

2018-12-20 13:32:09 - [MESSAGE][PASSED] - Object: 'Object Repository/Final Object Repo/Login Page/Internal User/Next Button' is clicked on

2018-12-20 13:32:09 - [TEST_STEP][PASSED] - delay: Delayed 1 second(s)

2018-12-20 13:32:10 - [MESSAGE][PASSED] - Delayed 1 second(s)

2018-12-20 13:32:10 - [TEST_STEP][PASSED] - setEncryptedText: Text ****** has been set on object 'Object Repository/Final Object Repo/Login Page/Internal User/Password'

2018-12-20 13:32:10 - [MESSAGE][PASSED] - Text ****** has been set on object 'Object Repository/Final Object Repo/Login Page/Internal User/Password'

2018-12-20 13:32:10 - [TEST_STEP][PASSED] - click: Object: 'Object Repository/Final Object Repo/Login Page/Internal User/Login Button' is clicked on

2018-12-20 13:32:10 - [MESSAGE][PASSED] - Object: 'Object Repository/Final Object Repo/Login Page/Internal User/Login Button' is clicked on

2018-12-20 13:32:10 - [TEST_STEP][PASSED] - delay: Delayed 1 second(s)

2018-12-20 13:32:11 - [MESSAGE][PASSED] - Delayed 1 second(s)

2018-12-20 13:32:11 - [TEST_STEP][PASSED] - Statement - Try: Delayed 2 second(s)

2018-12-20 13:32:11 - [TEST_STEP][PASSED] - Statement - Checker = false: null

2018-12-20 13:32:11 - [TEST_STEP][PASSED] - Statement - Checker = com.kms.katalon.core.webui.keyword.WebUiBuiltInKeywords.verifyElementHasAttribute(com.kms.katalon.core.testobject.ObjectRepository.findTestObject(Final Object Repo/Landing Page/BM Detecting), "href", 20, OPTIONAL): Object 'Object Repository/Final Object Repo/Landing Page/BM Detecting' has attribute 'href'

2018-12-20 13:32:12 - [MESSAGE][PASSED] - Object 'Object Repository/Final Object Repo/Landing Page/BM Detecting' has attribute 'href'

2018-12-20 13:32:12 - [TEST_STEP][PASSED] - Statement - out.println(Checker): null

2018-12-20 13:32:12 - [TEST_STEP][PASSED] - Statement - If (Checker == false): null

2018-12-20 13:32:12 - [TEST_STEP][PASSED] - Statement - Else: null

2018-12-20 13:32:12 - [TEST_STEP][PASSED] - delay: Delayed 2 second(s)

2018-12-20 13:32:14 - [MESSAGE][PASSED] - Delayed 2 second(s)

2018-12-20 13:32:14 - [TEST_STEP][PASSED] - navigateToUrl: Navigate to 'https://assist2-uat.perkeso.gov.my/web/registration/search/search-pending-case-for-add-supporting-document' successfully

2018-12-20 13:32:15 - [MESSAGE][PASSED] - Navigate to 'https://assist2-uat.perkeso.gov.my/web/registration/search/search-pending-case-for-add-supporting-document' successfully

2018-12-20 13:32:15 - [TEST_STEP][PASSED] - click: Object: 'Object Repository/Final Object Repo/Page_Search Pending Case For Add Suporting Document/Search By' is clicked on

2018-12-20 13:32:15 - [MESSAGE][PASSED] - Object: 'Object Repository/Final Object Repo/Page_Search Pending Case For Add Suporting Document/Search By' is clicked on

2018-12-20 13:32:15 - [TEST_STEP][PASSED] - click: Object: 'Object Repository/Final Object Repo/Page_Search Pending Case For Add Suporting Document/Search By - Reference ID' is clicked on

2018-12-20 13:32:15 - [MESSAGE][PASSED] - Object: 'Object Repository/Final Object Repo/Page_Search Pending Case For Add Suporting Document/Search By - Reference ID' is clicked on

2018-12-20 13:32:15 - [TEST_STEP][PASSED] - delay: Delayed 2 second(s)

2018-12-20 13:32:17 - [MESSAGE][PASSED] - Delayed 2 second(s)

2018-12-20 13:32:17 - [TEST_STEP][PASSED] - setText: Text 'ERN122018C200002535' is set on object 'Object Repository/Final Object Repo/Page_Search Pending Case For Add Suporting Document/Reference ID'

2018-12-20 13:32:18 - [MESSAGE][PASSED] - Text 'ERN122018C200002535' is set on object 'Object Repository/Final Object Repo/Page_Search Pending Case For Add Suporting Document/Reference ID'

2018-12-20 13:32:18 - [TEST_STEP][PASSED] - click: Object: 'Object Repository/Final Object Repo/Page_Search Pending Case For Add Suporting Document/Search' is clicked on

2018-12-20 13:32:18 - [MESSAGE][PASSED] - Object: 'Object Repository/Final Object Repo/Page_Search Pending Case For Add Suporting Document/Search' is clicked on

2018-12-20 13:32:18 - [TEST_STEP][PASSED] - delay: Delayed 2 second(s)

2018-12-20 13:32:20 - [MESSAGE][PASSED] - Delayed 2 second(s)

2018-12-20 13:32:20 - [TEST_STEP][PASSED] - click: Object: 'Object Repository/Final Object Repo/Page_Search Pending Case For Add Suporting Document/Edit' is clicked on

2018-12-20 13:32:22 - [MESSAGE][PASSED] - Object: 'Object Repository/Final Object Repo/Page_Search Pending Case For Add Suporting Document/Edit' is clicked on

2018-12-20 13:32:22 - [MESSAGE][PASSED] - Call Test Case 'Test Cases/Final Aug 2018 - PKS Automation/Registration Module/Workflow/Search Pending Case For Add Supporting Document (OTC)' successfully

2018-12-20 13:32:22 - [TEST_STEP][PASSED] - delay: Delayed 2 second(s)

2018-12-20 13:32:24 - [MESSAGE][PASSED] - Delayed 2 second(s)

2018-12-20 13:32:24 - [TEST_STEP][PASSED] - click: Object: 'Object Repository/Final Object Repo/Page_Form 3 EIS - Cessation as Employer/Page_Form 3 EIS - Cessation as Employer (Query - OTC - UO)/Next' is clicked on

2018-12-20 13:32:26 - [MESSAGE][PASSED] - Object: 'Object Repository/Final Object Repo/Page_Form 3 EIS - Cessation as Employer/Page_Form 3 EIS - Cessation as Employer (Query - OTC - UO)/Next' is clicked on

2018-12-20 13:32:26 - [TEST_STEP][PASSED] - delay: Delayed 2 second(s)

2018-12-20 13:32:28 - [MESSAGE][PASSED] - Delayed 2 second(s)

2018-12-20 13:32:28 - [TEST_STEP][PASSED] - click: Object: 'Object Repository/Final Object Repo/Page_Form 3 EIS - Cessation as Employer/Page_Form 3 EIS - Cessation as Employer (Query - OTC - UO)/Next in Resigned Page' is clicked on

2018-12-20 13:32:31 - [MESSAGE][PASSED] - Object: 'Object Repository/Final Object Repo/Page_Form 3 EIS - Cessation as Employer/Page_Form 3 EIS - Cessation as Employer (Query - OTC - UO)/Next in Resigned Page' is clicked on

2018-12-20 13:32:31 - [TEST_STEP][PASSED] - delay: Delayed 2 second(s)

2018-12-20 13:32:33 - [MESSAGE][PASSED] - Delayed 2 second(s)

2018-12-20 13:32:33 - [TEST_STEP][PASSED] - click: Object: 'Object Repository/Final Object Repo/Page_Form 3 EIS - Cessation as Employer/Page_Form 3 EIS - Cessation as Employer (Query - OTC - UO)/Add Document' is clicked on

2018-12-20 13:32:33 - [MESSAGE][PASSED] - Object: 'Object Repository/Final Object Repo/Page_Form 3 EIS - Cessation as Employer/Page_Form 3 EIS - Cessation as Employer (Query - OTC - UO)/Add Document' is clicked on

2018-12-20 13:32:33 - [TEST_STEP][PASSED] - delay: Delayed 2 second(s)

2018-12-20 13:32:35 - [MESSAGE][PASSED] - Delayed 2 second(s)

2018-12-20 13:32:35 - [TEST_STEP][PASSED] - click: Object: 'Object Repository/Final Object Repo/Page_Form 3 EIS - Cessation as Employer/Page_Form 3 EIS - Cessation as Employer (Query - OTC - UO)/Document Type' is clicked on

2018-12-20 13:32:36 - [MESSAGE][PASSED] - Object: 'Object Repository/Final Object Repo/Page_Form 3 EIS - Cessation as Employer/Page_Form 3 EIS - Cessation as Employer (Query - OTC - UO)/Document Type' is clicked on

2018-12-20 13:32:36 - [TEST_STEP][PASSED] - delay: Delayed 2 second(s)

2018-12-20 13:32:38 - [MESSAGE][PASSED] - Delayed 2 second(s)

2018-12-20 13:32:38 - [TEST_STEP][PASSED] - click: Object: 'Object Repository/Final Object Repo/Page_Form 3 EIS - Cessation as Employer/Page_Form 3 EIS - Cessation as Employer (Query - OTC - UO)/Document Type - Others' is clicked on

2018-12-20 13:32:38 - [MESSAGE][PASSED] - Object: 'Object Repository/Final Object Repo/Page_Form 3 EIS - Cessation as Employer/Page_Form 3 EIS - Cessation as Employer (Query - OTC - UO)/Document Type - Others' is clicked on

2018-12-20 13:32:38 - [TEST_STEP][PASSED] - delay: Delayed 2 second(s)

2018-12-20 13:32:41 - [MESSAGE][PASSED] - Delayed 2 second(s)

2018-12-20 13:32:41 - [TEST_STEP][PASSED] - sendKeys: Keys 'C:\Users\Public\Pictures\Sample Pictures\Koala.jpg' sent to object: 'Object Repository/Final Object Repo/Page_Form 3 EIS - Cessation as Employer/Page_Form 3 EIS - Cessation as Employer (Query - OTC - UO)/ploading File'

2018-12-20 13:32:41 - [MESSAGE][PASSED] - Keys 'C:\Users\Public\Pictures\Sample Pictures\Koala.jpg' sent to object: 'Object Repository/Final Object Repo/Page_Form 3 EIS - Cessation as Employer/Page_Form 3 EIS - Cessation as Employer (Query - OTC - UO)/ploading File'

2018-12-20 13:32:41 - [TEST_STEP][PASSED] - delay: Delayed 2 second(s)

2018-12-20 13:32:43 - [MESSAGE][PASSED] - Delayed 2 second(s)

2018-12-20 13:32:43 - [TEST_STEP][PASSED] - click: Object: 'Object Repository/Final Object Repo/Page_Form 3 EIS - Cessation as Employer/Page_Form 3 EIS - Cessation as Employer (Query - OTC - UO)/Add Document in Uploading Page' is clicked on

2018-12-20 13:32:43 - [MESSAGE][PASSED] - Object: 'Object Repository/Final Object Repo/Page_Form 3 EIS - Cessation as Employer/Page_Form 3 EIS - Cessation as Employer (Query - OTC - UO)/Add Document in Uploading Page' is clicked on

2018-12-20 13:32:43 - [TEST_STEP][PASSED] - delay: Delayed 2 second(s)

2018-12-20 13:32:45 - [MESSAGE][PASSED] - Delayed 2 second(s)

2018-12-20 13:32:45 - [TEST_STEP][PASSED] - click: Object: 'Object Repository/Final Object Repo/Page_Form 3 EIS - Cessation as Employer/Page_Form 3 EIS - Cessation as Employer (Query - OTC - UO)/Exit' is clicked on

2018-12-20 13:32:48 - [MESSAGE][PASSED] - Object: 'Object Repository/Final Object Repo/Page_Form 3 EIS - Cessation as Employer/Page_Form 3 EIS - Cessation as Employer (Query - OTC - UO)/Exit' is clicked on

2018-12-20 13:32:48 - [TEST_STEP][PASSED] - delay: Delayed 1 second(s)

2018-12-20 13:32:49 - [MESSAGE][PASSED] - Delayed 1 second(s)

2018-12-20 13:32:49 - [TEST_STEP][PASSED] - navigateToUrl: Navigate to 'https://assist2-uat.perkeso.gov.my/c/portal/logout' successfully

2018-12-20 13:32:49 - [MESSAGE][PASSED] - Navigate to 'https://assist2-uat.perkeso.gov.my/c/portal/logout' successfully

2018-12-20 13:32:49 - [TEST_STEP][PASSED] - delay: Delayed 1 second(s)

2018-12-20 13:32:50 - [MESSAGE][PASSED] - Delayed 1 second(s)

2018-12-20 13:32:50 - [TEST_STEP][PASSED] - callTestCase: Call Test Case 'Test Cases/Final Aug 2018 - PKS Automation/Registration Module/Workflow/Login and Search Case For Workflow' successfully

2018-12-20 13:32:50 - [TEST_CASE][PASSED] - Test Cases/Final Aug 2018 - PKS Automation/Registration Module/Workflow/Login and Search Case For Workflow: Test Cases/Final Aug 2018 - PKS Automation/Registration Module/Workflow/Login and Search Case For Workflow

2018-12-20 13:32:50 - [TEST_STEP][PASSED] - navigateToUrl: Navigate to 'https://assist2-uat.perkeso.gov.my/login' successfully

2018-12-20 13:32:51 - [MESSAGE][PASSED] - Navigate to 'https://assist2-uat.perkeso.gov.my/login' successfully

2018-12-20 13:32:51 - [TEST_STEP][PASSED] - setText: Text 'johoruo1@gmail.com' is set on object 'Object Repository/Final Object Repo/Login Page/Internal User/Email Address'

2018-12-20 13:32:51 - [MESSAGE][PASSED] - Text 'johoruo1@gmail.com' is set on object 'Object Repository/Final Object Repo/Login Page/Internal User/Email Address'

2018-12-20 13:32:51 - [TEST_STEP][PASSED] - click: Object: 'Object Repository/Final Object Repo/Login Page/Internal User/Next Button' is clicked on

2018-12-20 13:32:51 - [MESSAGE][PASSED] - Object: 'Object Repository/Final Object Repo/Login Page/Internal User/Next Button' is clicked on

2018-12-20 13:32:51 - [TEST_STEP][PASSED] - delay: Delayed 1 second(s)

2018-12-20 13:32:52 - [MESSAGE][PASSED] - Delayed 1 second(s)

2018-12-20 13:32:52 - [TEST_STEP][PASSED] - setEncryptedText: Text ****** has been set on object 'Object Repository/Final Object Repo/Login Page/Internal User/Password'

2018-12-20 13:32:53 - [MESSAGE][PASSED] - Text ****** has been set on object 'Object Repository/Final Object Repo/Login Page/Internal User/Password'

2018-12-20 13:32:53 - [TEST_STEP][PASSED] - click: Object: 'Object Repository/Final Object Repo/Login Page/Internal User/Login Button' is clicked on

2018-12-20 13:32:53 - [MESSAGE][PASSED] - Object: 'Object Repository/Final Object Repo/Login Page/Internal User/Login Button' is clicked on

2018-12-20 13:32:53 - [TEST_STEP][PASSED] - delay: Delayed 2 second(s)

2018-12-20 13:32:55 - [MESSAGE][PASSED] - Delayed 2 second(s)

2018-12-20 13:32:55 - [TEST_STEP][PASSED] - Statement - Try: Delayed 2 second(s)

2018-12-20 13:32:55 - [TEST_STEP][PASSED] - Statement - Checker = false: null

2018-12-20 13:32:55 - [TEST_STEP][PASSED] - Statement - Checker = com.kms.katalon.core.webui.keyword.WebUiBuiltInKeywords.verifyElementHasAttribute(com.kms.katalon.core.testobject.ObjectRepository.findTestObject(Final Object Repo/Landing Page/BM Detecting), "href", 20, OPTIONAL): Object 'Object Repository/Final Object Repo/Landing Page/BM Detecting' has attribute 'href'

2018-12-20 13:32:55 - [MESSAGE][PASSED] - Object 'Object Repository/Final Object Repo/Landing Page/BM Detecting' has attribute 'href'

2018-12-20 13:32:55 - [TEST_STEP][PASSED] - Statement - out.println(Checker): null

2018-12-20 13:32:55 - [TEST_STEP][PASSED] - Statement - If (Checker == false): null

2018-12-20 13:32:55 - [TEST_STEP][PASSED] - Statement - Else: null

2018-12-20 13:32:55 - [TEST_STEP][PASSED] - delay: Delayed 2 second(s)

2018-12-20 13:32:57 - [MESSAGE][PASSED] - Delayed 2 second(s)

2018-12-20 13:32:57 - [TEST_STEP][PASSED] - click: Object: 'Object Repository/Final Object Repo/Page_MyASSIST - ASSIST - Search Pending Case For Add Supporting Document/Search Information' is clicked on

2018-12-20 13:32:57 - [MESSAGE][PASSED] - Object: 'Object Repository/Final Object Repo/Page_MyASSIST - ASSIST - Search Pending Case For Add Supporting Document/Search Information' is clicked on

2018-12-20 13:32:57 - [TEST_STEP][PASSED] - delay: Delayed 3 second(s)

2018-12-20 13:33:00 - [MESSAGE][PASSED] - Delayed 3 second(s)

2018-12-20 13:33:00 - [TEST_STEP][PASSED] - sendKeys: Keys 'ERN122018C200002535' sent to object: 'Object Repository/Final Object Repo/Page_MyASSIST - ASSIST - Search Pending Case For Add Supporting Document/Reference No'

2018-12-20 13:33:00 - [MESSAGE][PASSED] - Keys 'ERN122018C200002535' sent to object: 'Object Repository/Final Object Repo/Page_MyASSIST - ASSIST - Search Pending Case For Add Supporting Document/Reference No'

2018-12-20 13:33:00 - [TEST_STEP][PASSED] - click: Object: 'Object Repository/Final Object Repo/Page_MyASSIST - ASSIST - Search Pending Case For Add Supporting Document/Search Reference No' is clicked on

2018-12-20 13:33:01 - [MESSAGE][PASSED] - Object: 'Object Repository/Final Object Repo/Page_MyASSIST - ASSIST - Search Pending Case For Add Supporting Document/Search Reference No' is clicked on

2018-12-20 13:33:01 - [TEST_STEP][PASSED] - delay: Delayed 2 second(s)

2018-12-20 13:33:03 - [MESSAGE][PASSED] - Delayed 2 second(s)

2018-12-20 13:33:03 - [TEST_STEP][PASSED] - click: Object: 'Object Repository/Final Object Repo/Page_MyASSIST - ASSIST - Search Pending Case For Add Supporting Document/Continue' is clicked on

2018-12-20 13:33:06 - [MESSAGE][PASSED] - Object: 'Object Repository/Final Object Repo/Page_MyASSIST - ASSIST - Search Pending Case For Add Supporting Document/Continue' is clicked on

2018-12-20 13:33:06 - [TEST_STEP][PASSED] - delay: Delayed 20 second(s)

2018-12-20 13:33:26 - [MESSAGE][PASSED] - Delayed 20 second(s)

2018-12-20 13:33:26 - [MESSAGE][PASSED] - Call Test Case 'Test Cases/Final Aug 2018 - PKS Automation/Registration Module/Workflow/Login and Search Case For Workflow' successfully

2018-12-20 13:33:26 - [TEST_STEP][PASSED] - click: Object: 'Object Repository/Final Object Repo/Page_Form 3 EIS - Cessation as Employer/Page_Form 3 EIS - Cessation as Employer (Approve)/Save  Continue in Form 3 Page' is clicked on

2018-12-20 13:33:26 - [MESSAGE][PASSED] - Object: 'Object Repository/Final Object Repo/Page_Form 3 EIS - Cessation as Employer/Page_Form 3 EIS - Cessation as Employer (Approve)/Save  Continue in Form 3 Page' is clicked on

2018-12-20 13:33:26 - [TEST_STEP][PASSED] - delay: Delayed 2 second(s)

2018-12-20 13:33:28 - [MESSAGE][PASSED] - Delayed 2 second(s)

2018-12-20 13:33:28 - [TEST_STEP][PASSED] - click: Object: 'Object Repository/Final Object Repo/Page_Form 3 EIS - Cessation as Employer/Page_Form 3 EIS - Cessation as Employer (Approve)/Save  Continue in Resigned Page' is clicked on

2018-12-20 13:33:28 - [MESSAGE][PASSED] - Object: 'Object Repository/Final Object Repo/Page_Form 3 EIS - Cessation as Employer/Page_Form 3 EIS - Cessation as Employer (Approve)/Save  Continue in Resigned Page' is clicked on

2018-12-20 13:33:28 - [TEST_STEP][PASSED] - delay: Delayed 2 second(s)

2018-12-20 13:33:30 - [MESSAGE][PASSED] - Delayed 2 second(s)

2018-12-20 13:33:30 - [TEST_STEP][PASSED] - click: Object: 'Object Repository/Final Object Repo/Page_Form 3 EIS - Cessation as Employer/Page_Form 3 EIS - Cessation as Employer (Approve)/Save  Continue in Uploading Page' is clicked on

2018-12-20 13:33:32 - [MESSAGE][PASSED] - Object: 'Object Repository/Final Object Repo/Page_Form 3 EIS - Cessation as Employer/Page_Form 3 EIS - Cessation as Employer (Approve)/Save  Continue in Uploading Page' is clicked on

2018-12-20 13:33:32 - [TEST_STEP][PASSED] - delay: Delayed 2 second(s)

2018-12-20 13:33:34 - [MESSAGE][PASSED] - Delayed 2 second(s)

2018-12-20 13:33:34 - [TEST_STEP][PASSED] - click: Object: 'Object Repository/Final Object Repo/Page_Form 3 EIS - Cessation as Employer/Page_Form 3 EIS - Cessation as Employer (Reject)/Reject' is clicked on

2018-12-20 13:33:37 - [MESSAGE][PASSED] - Object: 'Object Repository/Final Object Repo/Page_Form 3 EIS - Cessation as Employer/Page_Form 3 EIS - Cessation as Employer (Reject)/Reject' is clicked on

2018-12-20 13:33:37 - [TEST_STEP][PASSED] - delay: Delayed 2 second(s)

2018-12-20 13:33:39 - [MESSAGE][PASSED] - Delayed 2 second(s)

2018-12-20 13:33:39 - [TEST_STEP][PASSED] - click: Object: 'Object Repository/Final Object Repo/Page_Form 3 EIS - Cessation as Employer/Page_Form 3 EIS - Cessation as Employer (Reject)/Confirm' is clicked on

2018-12-20 13:33:39 - [MESSAGE][PASSED] - Object: 'Object Repository/Final Object Repo/Page_Form 3 EIS - Cessation as Employer/Page_Form 3 EIS - Cessation as Employer (Reject)/Confirm' is clicked on

2018-12-20 13:33:39 - [TEST_STEP][PASSED] - delay: Delayed 2 second(s)

2018-12-20 13:33:41 - [MESSAGE][PASSED] - Delayed 2 second(s)

2018-12-20 13:33:41 - [TEST_STEP][PASSED] - click: Object: 'Object Repository/Final Object Repo/Page_Form 3 EIS - Cessation as Employer/Page_Form 3 EIS - Cessation as Employer (Reject)/Message This Case has been Rejected' is clicked on

2018-12-20 13:33:45 - [MESSAGE][PASSED] - Object: 'Object Repository/Final Object Repo/Page_Form 3 EIS - Cessation as Employer/Page_Form 3 EIS - Cessation as Employer (Reject)/Message This Case has been Rejected' is clicked on

2018-12-20 13:33:45 - [TEST_STEP][PASSED] - click: Object: 'Object Repository/Final Object Repo/Page_Form 3 EIS - Cessation as Employer/Page_Form 3 EIS - Cessation as Employer (Reject)/Letter of update rejection' is clicked on

2018-12-20 13:33:46 - [MESSAGE][PASSED] - Object: 'Object Repository/Final Object Repo/Page_Form 3 EIS - Cessation as Employer/Page_Form 3 EIS - Cessation as Employer (Reject)/Letter of update rejection' is clicked on

2018-12-20 13:33:46 - [MESSAGE][PASSED] - Call Test Case 'Test Cases/Final Aug 2018 - PKS Automation/Registration Module/Workflow/Form 3 EIS - Cessation As Employer/Template/Form 3 A - Cessation As Employer (Query)' successfully]]></system-out>
         <system-err><![CDATA[]]></system-err>
      </testcase>
      <testcase name="Test Cases/Final Aug 2018 - PKS Automation/Registration Module/Workflow/Form 3 EIS - Cessation As Employer/OTC to UO (Reject)" classname="Test Cases/Final Aug 2018 - PKS Automation/Registration Module/Workflow/Form 3 EIS - Cessation As Employer/OTC to UO (Reject)" status="PASSED">
         <system-out><![CDATA[2018-12-20 13:33:46 - [TEST_CASE][PASSED] - Test Cases/Final Aug 2018 - PKS Automation/Registration Module/Workflow/Form 3 EIS - Cessation As Employer/OTC to UO (Reject): Test Cases/Final Aug 2018 - PKS Automation/Registration Module/Workflow/Form 3 EIS - Cessation As Employer/OTC to UO (Reject)

2018-12-20 13:33:46 - [TEST_STEP][PASSED] - callTestCase: Call Test Case 'Test Cases/Final Aug 2018 - PKS Automation/Registration Module/Workflow/Form 3 EIS - Cessation As Employer/Template/Form 3 A - Cessation As Employer (OTC)' successfully

2018-12-20 13:33:46 - [TEST_CASE][PASSED] - Test Cases/Final Aug 2018 - PKS Automation/Registration Module/Workflow/Form 3 EIS - Cessation As Employer/Template/Form 3 A - Cessation As Employer (OTC): Test Cases/Final Aug 2018 - PKS Automation/Registration Module/Workflow/Form 3 EIS - Cessation As Employer/Template/Form 3 A - Cessation As Employer (OTC)

2018-12-20 13:33:46 - [TEST_STEP][PASSED] - openBrowser: Browser is opened with url: ''

2018-12-20 13:33:46 - [MESSAGE][WARNING] - A browser is already opened. Closing browser and opening a new one

2018-12-20 13:33:49 - [MESSAGE][PASSED] - Browser is opened with url: ''

2018-12-20 13:33:49 - [TEST_STEP][PASSED] - navigateToUrl: Navigate to 'https://assist2-uat.perkeso.gov.my/login' successfully

2018-12-20 13:33:50 - [MESSAGE][PASSED] - Navigate to 'https://assist2-uat.perkeso.gov.my/login' successfully

2018-12-20 13:33:50 - [TEST_STEP][PASSED] - setText: Text 'johorotc1@gmail.com' is set on object 'Object Repository/Final Object Repo/Login Page/Internal User/Email Address'

2018-12-20 13:33:50 - [MESSAGE][PASSED] - Text 'johorotc1@gmail.com' is set on object 'Object Repository/Final Object Repo/Login Page/Internal User/Email Address'

2018-12-20 13:33:50 - [TEST_STEP][PASSED] - click: Object: 'Object Repository/Final Object Repo/Login Page/Internal User/Next Button' is clicked on

2018-12-20 13:33:51 - [MESSAGE][PASSED] - Object: 'Object Repository/Final Object Repo/Login Page/Internal User/Next Button' is clicked on

2018-12-20 13:33:51 - [TEST_STEP][PASSED] - delay: Delayed 1 second(s)

2018-12-20 13:33:52 - [MESSAGE][PASSED] - Delayed 1 second(s)

2018-12-20 13:33:52 - [TEST_STEP][PASSED] - setEncryptedText: Text ****** has been set on object 'Object Repository/Final Object Repo/Login Page/Internal User/Password'

2018-12-20 13:33:52 - [MESSAGE][PASSED] - Text ****** has been set on object 'Object Repository/Final Object Repo/Login Page/Internal User/Password'

2018-12-20 13:33:52 - [TEST_STEP][PASSED] - click: Object: 'Object Repository/Final Object Repo/Login Page/Internal User/Login Button' is clicked on

2018-12-20 13:33:52 - [MESSAGE][PASSED] - Object: 'Object Repository/Final Object Repo/Login Page/Internal User/Login Button' is clicked on

2018-12-20 13:33:52 - [TEST_STEP][PASSED] - delay: Delayed 1 second(s)

2018-12-20 13:33:53 - [MESSAGE][PASSED] - Delayed 1 second(s)

2018-12-20 13:33:53 - [TEST_STEP][PASSED] - Statement - Try: Delayed 2 second(s)

2018-12-20 13:33:53 - [TEST_STEP][PASSED] - Statement - Checker = false: null

2018-12-20 13:33:53 - [TEST_STEP][PASSED] - Statement - Checker = com.kms.katalon.core.webui.keyword.WebUiBuiltInKeywords.verifyElementHasAttribute(com.kms.katalon.core.testobject.ObjectRepository.findTestObject(Final Object Repo/Landing Page/BM Detecting), "href", 20, OPTIONAL): Object 'Object Repository/Final Object Repo/Landing Page/BM Detecting' has attribute 'href'

2018-12-20 13:33:54 - [MESSAGE][PASSED] - Object 'Object Repository/Final Object Repo/Landing Page/BM Detecting' has attribute 'href'

2018-12-20 13:33:54 - [TEST_STEP][PASSED] - Statement - out.println(Checker): null

2018-12-20 13:33:54 - [TEST_STEP][PASSED] - Statement - If (Checker == false): null

2018-12-20 13:33:54 - [TEST_STEP][PASSED] - Statement - Else: null

2018-12-20 13:33:54 - [TEST_STEP][PASSED] - delay: Delayed 2 second(s)

2018-12-20 13:33:56 - [MESSAGE][PASSED] - Delayed 2 second(s)

2018-12-20 13:33:56 - [TEST_STEP][PASSED] - navigateToUrl: Navigate to 'https://assist2-uat.perkeso.gov.my/web/registration/eis-update/form-3-eis-cessation-as-employer' successfully

2018-12-20 13:33:57 - [MESSAGE][PASSED] - Navigate to 'https://assist2-uat.perkeso.gov.my/web/registration/eis-update/form-3-eis-cessation-as-employer' successfully

2018-12-20 13:33:57 - [TEST_STEP][PASSED] - delay: Delayed 1 second(s)

2018-12-20 13:33:58 - [MESSAGE][PASSED] - Delayed 1 second(s)

2018-12-20 13:33:58 - [TEST_STEP][PASSED] - setText: Text 'E1102069769W' is set on object 'Object Repository/Final Object Repo/Page_Form 3 EIS - Cessation as Employer/Employer Code'

2018-12-20 13:33:58 - [MESSAGE][PASSED] - Text 'E1102069769W' is set on object 'Object Repository/Final Object Repo/Page_Form 3 EIS - Cessation as Employer/Employer Code'

2018-12-20 13:33:58 - [TEST_STEP][PASSED] - click: Object: 'Object Repository/Final Object Repo/Page_Form 3 EIS - Cessation as Employer/Search' is clicked on

2018-12-20 13:33:58 - [MESSAGE][PASSED] - Object: 'Object Repository/Final Object Repo/Page_Form 3 EIS - Cessation as Employer/Search' is clicked on

2018-12-20 13:33:58 - [TEST_STEP][PASSED] - click: Object: 'Object Repository/Final Object Repo/Page_Form 3 EIS - Cessation as Employer/Edit' is clicked on

2018-12-20 13:34:01 - [MESSAGE][PASSED] - Object: 'Object Repository/Final Object Repo/Page_Form 3 EIS - Cessation as Employer/Edit' is clicked on

2018-12-20 13:34:01 - [TEST_STEP][PASSED] - delay: Delayed 1 second(s)

2018-12-20 13:34:02 - [MESSAGE][PASSED] - Delayed 1 second(s)

2018-12-20 13:34:02 - [TEST_STEP][PASSED] - Statement - abc = com.kms.katalon.core.webui.keyword.WebUiBuiltInKeywords.getAttribute(com.kms.katalon.core.testobject.ObjectRepository.findTestObject(Final Object Repo/Page_Form 3 EIS - Cessation as Employer/Employer Status), "value"): Attribute 'value' of object 'Object Repository/Final Object Repo/Page_Form 3 EIS - Cessation as Employer/Employer Status' is: 'Active'

2018-12-20 13:34:02 - [MESSAGE][PASSED] - Attribute 'value' of object 'Object Repository/Final Object Repo/Page_Form 3 EIS - Cessation as Employer/Employer Status' is: 'Active'

2018-12-20 13:34:02 - [TEST_STEP][PASSED] - Statement - out.println(abc): null

2018-12-20 13:34:02 - [TEST_STEP][PASSED] - Statement - If (abc == "Active"): Object: 'Object Repository/Final Object Repo/Page_Form 3 EIS - Cessation as Employer/Dormant EIS' is clicked on

2018-12-20 13:34:02 - [TEST_STEP][PASSED] - click: Object: 'Object Repository/Final Object Repo/Page_Form 3 EIS - Cessation as Employer/Change Employer Status to' is clicked on

2018-12-20 13:34:02 - [MESSAGE][PASSED] - Object: 'Object Repository/Final Object Repo/Page_Form 3 EIS - Cessation as Employer/Change Employer Status to' is clicked on

2018-12-20 13:34:02 - [TEST_STEP][PASSED] - click: Object: 'Object Repository/Final Object Repo/Page_Form 3 EIS - Cessation as Employer/Dormant EIS' is clicked on

2018-12-20 13:34:02 - [MESSAGE][PASSED] - Object: 'Object Repository/Final Object Repo/Page_Form 3 EIS - Cessation as Employer/Dormant EIS' is clicked on

2018-12-20 13:34:02 - [TEST_STEP][PASSED] - click: Object: 'Object Repository/Final Object Repo/Page_Form 3 EIS - Cessation as Employer/Calender' is clicked on

2018-12-20 13:34:03 - [MESSAGE][PASSED] - Object: 'Object Repository/Final Object Repo/Page_Form 3 EIS - Cessation as Employer/Calender' is clicked on

2018-12-20 13:34:03 - [TEST_STEP][PASSED] - delay: Delayed 1 second(s)

2018-12-20 13:34:04 - [MESSAGE][PASSED] - Delayed 1 second(s)

2018-12-20 13:34:04 - [TEST_STEP][PASSED] - click: Object: 'Object Repository/Final Object Repo/Page_Form 3 EIS - Cessation as Employer/Calender - Date' is clicked on

2018-12-20 13:34:04 - [MESSAGE][PASSED] - Object: 'Object Repository/Final Object Repo/Page_Form 3 EIS - Cessation as Employer/Calender - Date' is clicked on

2018-12-20 13:34:04 - [TEST_STEP][PASSED] - click: Object: 'Object Repository/Final Object Repo/Page_Form 3 EIS - Cessation as Employer/Save  Continue in Form 3 EIS Page' is clicked on

2018-12-20 13:34:04 - [MESSAGE][PASSED] - Object: 'Object Repository/Final Object Repo/Page_Form 3 EIS - Cessation as Employer/Save  Continue in Form 3 EIS Page' is clicked on

2018-12-20 13:34:04 - [TEST_STEP][PASSED] - delay: Delayed 1 second(s)

2018-12-20 13:34:05 - [MESSAGE][PASSED] - Delayed 1 second(s)

2018-12-20 13:34:05 - [TEST_STEP][PASSED] - click: Object: 'Object Repository/Final Object Repo/Page_Form 3 EIS - Cessation as Employer/Employment Resign Date' is clicked on

2018-12-20 13:34:06 - [MESSAGE][PASSED] - Object: 'Object Repository/Final Object Repo/Page_Form 3 EIS - Cessation as Employer/Employment Resign Date' is clicked on

2018-12-20 13:34:06 - [TEST_STEP][PASSED] - selectOptionByValue: All options with value '2030' are selected in object 'Object Repository/Final Object Repo/Page_Form 3 EIS - Cessation as Employer/Employment Resign Date - Year' 

2018-12-20 13:34:06 - [MESSAGE][PASSED] - All options with value '2030' are selected in object 'Object Repository/Final Object Repo/Page_Form 3 EIS - Cessation as Employer/Employment Resign Date - Year' 

2018-12-20 13:34:06 - [TEST_STEP][PASSED] - delay: Delayed 2 second(s)

2018-12-20 13:34:08 - [MESSAGE][PASSED] - Delayed 2 second(s)

2018-12-20 13:34:08 - [TEST_STEP][PASSED] - click: Object: 'Object Repository/Final Object Repo/Page_Form 3 EIS - Cessation as Employer/Employment Resign Date - Year - Date' is clicked on

2018-12-20 13:34:08 - [MESSAGE][PASSED] - Object: 'Object Repository/Final Object Repo/Page_Form 3 EIS - Cessation as Employer/Employment Resign Date - Year - Date' is clicked on

2018-12-20 13:34:08 - [TEST_STEP][PASSED] - delay: Delayed 2 second(s)

2018-12-20 13:34:10 - [MESSAGE][PASSED] - Delayed 2 second(s)

2018-12-20 13:34:10 - [TEST_STEP][PASSED] - click: Object: 'Object Repository/Final Object Repo/Page_Form 3 EIS - Cessation as Employer/Save  Continue in Employment Resign Page' is clicked on

2018-12-20 13:34:10 - [MESSAGE][PASSED] - Object: 'Object Repository/Final Object Repo/Page_Form 3 EIS - Cessation as Employer/Save  Continue in Employment Resign Page' is clicked on

2018-12-20 13:34:10 - [TEST_STEP][PASSED] - delay: Delayed 2 second(s)

2018-12-20 13:34:12 - [MESSAGE][PASSED] - Delayed 2 second(s)

2018-12-20 13:34:12 - [TEST_STEP][PASSED] - click: Object: 'Object Repository/Final Object Repo/Page_Form 3 EIS - Cessation as Employer/Set Latest - Yes' is clicked on

2018-12-20 13:34:12 - [MESSAGE][PASSED] - Object: 'Object Repository/Final Object Repo/Page_Form 3 EIS - Cessation as Employer/Set Latest - Yes' is clicked on

2018-12-20 13:34:12 - [TEST_STEP][PASSED] - delay: Delayed 2 second(s)

2018-12-20 13:34:14 - [MESSAGE][PASSED] - Delayed 2 second(s)

2018-12-20 13:34:14 - [TEST_STEP][PASSED] - click: Object: 'Object Repository/Final Object Repo/Page_Form 3 EIS - Cessation as Employer/Add Document' is clicked on

2018-12-20 13:34:16 - [MESSAGE][PASSED] - Object: 'Object Repository/Final Object Repo/Page_Form 3 EIS - Cessation as Employer/Add Document' is clicked on

2018-12-20 13:34:16 - [TEST_STEP][PASSED] - delay: Delayed 3 second(s)

2018-12-20 13:34:19 - [MESSAGE][PASSED] - Delayed 3 second(s)

2018-12-20 13:34:19 - [TEST_STEP][PASSED] - click: Object: 'Object Repository/Final Object Repo/Page_Form 3 EIS - Cessation as Employer/Document Type' is clicked on

2018-12-20 13:34:19 - [MESSAGE][PASSED] - Object: 'Object Repository/Final Object Repo/Page_Form 3 EIS - Cessation as Employer/Document Type' is clicked on

2018-12-20 13:34:19 - [TEST_STEP][PASSED] - click: Object: 'Object Repository/Final Object Repo/Page_Form 3 EIS - Cessation as Employer/Document Type - Form 3' is clicked on

2018-12-20 13:34:19 - [MESSAGE][PASSED] - Object: 'Object Repository/Final Object Repo/Page_Form 3 EIS - Cessation as Employer/Document Type - Form 3' is clicked on

2018-12-20 13:34:19 - [TEST_STEP][PASSED] - delay: Delayed 2 second(s)

2018-12-20 13:34:21 - [MESSAGE][PASSED] - Delayed 2 second(s)

2018-12-20 13:34:21 - [TEST_STEP][PASSED] - sendKeys: Keys 'C:\Users\Public\Pictures\Sample Pictures\Koala.jpg' sent to object: 'Object Repository/Final Object Repo/Page_Form 3 EIS - Cessation as Employer/ploading File'

2018-12-20 13:34:21 - [MESSAGE][PASSED] - Keys 'C:\Users\Public\Pictures\Sample Pictures\Koala.jpg' sent to object: 'Object Repository/Final Object Repo/Page_Form 3 EIS - Cessation as Employer/ploading File'

2018-12-20 13:34:21 - [TEST_STEP][PASSED] - delay: Delayed 1 second(s)

2018-12-20 13:34:22 - [MESSAGE][PASSED] - Delayed 1 second(s)

2018-12-20 13:34:22 - [TEST_STEP][PASSED] - click: Object: 'Object Repository/Final Object Repo/Page_Form 3 EIS - Cessation as Employer/Add Document in Uploading Page' is clicked on

2018-12-20 13:34:22 - [MESSAGE][PASSED] - Object: 'Object Repository/Final Object Repo/Page_Form 3 EIS - Cessation as Employer/Add Document in Uploading Page' is clicked on

2018-12-20 13:34:22 - [TEST_STEP][PASSED] - delay: Delayed 2 second(s)

2018-12-20 13:34:24 - [MESSAGE][PASSED] - Delayed 2 second(s)

2018-12-20 13:34:24 - [TEST_STEP][PASSED] - Statement - CaseReferenceNo = com.kms.katalon.core.webui.keyword.WebUiBuiltInKeywords.getText(com.kms.katalon.core.testobject.ObjectRepository.findTestObject(Final Object Repo/Page_Update Employer Information/Reference Number in Update Employee Information Page)): Text of object 'Object Repository/Final Object Repo/Page_Update Employer Information/Reference Number in Update Employee Information Page' is: 'ERN122018C200002536'

2018-12-20 13:34:26 - [MESSAGE][PASSED] - Text of object 'Object Repository/Final Object Repo/Page_Update Employer Information/Reference Number in Update Employee Information Page' is: 'ERN122018C200002536'

2018-12-20 13:34:26 - [TEST_STEP][PASSED] - callTestCase: Call Test Case 'Test Cases/Final Aug 2018 - PKS Automation/Common/Reference Number Setter' successfully

2018-12-20 13:34:26 - [TEST_CASE][PASSED] - Test Cases/Final Aug 2018 - PKS Automation/Common/Reference Number Setter: Test Cases/Final Aug 2018 - PKS Automation/Common/Reference Number Setter

2018-12-20 13:34:26 - [TEST_STEP][PASSED] - Statement - RefNoOldFile = new java.io.File(C://Users//Admin//Desktop//PKS//Automation Reference Point//KatalonReference.txt): null

2018-12-20 13:34:26 - [TEST_STEP][PASSED] - Statement - RefNoOldFile.delete(): null

2018-12-20 13:34:26 - [TEST_STEP][PASSED] - delay: Delayed 5 second(s)

2018-12-20 13:34:31 - [MESSAGE][PASSED] - Delayed 5 second(s)

2018-12-20 13:34:31 - [TEST_STEP][PASSED] - Statement - RefNo = new java.io.File(C://Users//Admin//Desktop//PKS//Automation Reference Point//KatalonReference.txt): null

2018-12-20 13:34:31 - [TEST_STEP][PASSED] - Statement - f2 = new java.io.FileWriter(RefNo, false): null

2018-12-20 13:34:31 - [TEST_STEP][PASSED] - Statement - f2.write(CaseReferenceNo): null

2018-12-20 13:34:31 - [TEST_STEP][PASSED] - Statement - f2.close(): null

2018-12-20 13:34:31 - [TEST_STEP][PASSED] - Statement - out.println("


" + CaseReferenceNo + "


"): null

2018-12-20 13:34:31 - [MESSAGE][PASSED] - Call Test Case 'Test Cases/Final Aug 2018 - PKS Automation/Common/Reference Number Setter' successfully

2018-12-20 13:34:31 - [TEST_STEP][PASSED] - delay: Delayed 2 second(s)

2018-12-20 13:34:33 - [MESSAGE][PASSED] - Delayed 2 second(s)

2018-12-20 13:34:33 - [TEST_STEP][PASSED] - click: Object: 'Object Repository/Final Object Repo/Page_Form 3 EIS - Cessation as Employer/Save  Continue in Uploading Page' is clicked on

2018-12-20 13:34:34 - [MESSAGE][PASSED] - Object: 'Object Repository/Final Object Repo/Page_Form 3 EIS - Cessation as Employer/Save  Continue in Uploading Page' is clicked on

2018-12-20 13:34:34 - [TEST_STEP][PASSED] - delay: Delayed 2 second(s)

2018-12-20 13:34:36 - [MESSAGE][PASSED] - Delayed 2 second(s)

2018-12-20 13:34:36 - [TEST_STEP][PASSED] - click: Object: 'Object Repository/Final Object Repo/Page_Form 3 EIS - Cessation as Employer/Submit' is clicked on

2018-12-20 13:34:39 - [MESSAGE][PASSED] - Object: 'Object Repository/Final Object Repo/Page_Form 3 EIS - Cessation as Employer/Submit' is clicked on

2018-12-20 13:34:39 - [TEST_STEP][PASSED] - delay: Delayed 2 second(s)

2018-12-20 13:34:41 - [MESSAGE][PASSED] - Delayed 2 second(s)

2018-12-20 13:34:41 - [TEST_STEP][PASSED] - click: Object: 'Object Repository/Final Object Repo/Page_Form 3 EIS - Cessation as Employer/Confirm' is clicked on

2018-12-20 13:34:41 - [MESSAGE][PASSED] - Object: 'Object Repository/Final Object Repo/Page_Form 3 EIS - Cessation as Employer/Confirm' is clicked on

2018-12-20 13:34:41 - [TEST_STEP][PASSED] - delay: Delayed 2 second(s)

2018-12-20 13:34:43 - [MESSAGE][PASSED] - Delayed 2 second(s)

2018-12-20 13:34:43 - [TEST_STEP][PASSED] - click: Object: 'Object Repository/Final Object Repo/Page_Form 3 EIS - Cessation as Employer/Message Your Request will be routed to UO' is clicked on

2018-12-20 13:34:46 - [MESSAGE][PASSED] - Object: 'Object Repository/Final Object Repo/Page_Form 3 EIS - Cessation as Employer/Message Your Request will be routed to UO' is clicked on

2018-12-20 13:34:46 - [TEST_STEP][PASSED] - click: Object: 'Object Repository/Final Object Repo/Page_Form 3 EIS - Cessation as Employer/Letter of acknowledgement' is clicked on

2018-12-20 13:34:47 - [MESSAGE][PASSED] - Object: 'Object Repository/Final Object Repo/Page_Form 3 EIS - Cessation as Employer/Letter of acknowledgement' is clicked on

2018-12-20 13:34:47 - [MESSAGE][PASSED] - Call Test Case 'Test Cases/Final Aug 2018 - PKS Automation/Registration Module/Workflow/Form 3 EIS - Cessation As Employer/Template/Form 3 A - Cessation As Employer (OTC)' successfully

2018-12-20 13:34:47 - [TEST_STEP][PASSED] - callTestCase: Call Test Case 'Test Cases/Final Aug 2018 - PKS Automation/Registration Module/Workflow/Form 3 EIS - Cessation As Employer/Template/Form 3 A - Cessation As Employer (Reject)' successfully

2018-12-20 13:34:47 - [TEST_CASE][PASSED] - Test Cases/Final Aug 2018 - PKS Automation/Registration Module/Workflow/Form 3 EIS - Cessation As Employer/Template/Form 3 A - Cessation As Employer (Reject): Test Cases/Final Aug 2018 - PKS Automation/Registration Module/Workflow/Form 3 EIS - Cessation As Employer/Template/Form 3 A - Cessation As Employer (Reject)

2018-12-20 13:34:47 - [TEST_STEP][NOT_RUN] - callTestCase: NOT_RUN: callTestCase

2018-12-20 13:34:47 - [MESSAGE][NOT_RUN] - NOT_RUN: callTestCase

2018-12-20 13:34:47 - [TEST_STEP][PASSED] - delay: Delayed 1 second(s)

2018-12-20 13:34:48 - [MESSAGE][PASSED] - Delayed 1 second(s)

2018-12-20 13:34:48 - [TEST_STEP][PASSED] - navigateToUrl: Navigate to 'https://assist2-uat.perkeso.gov.my/c/portal/logout' successfully

2018-12-20 13:34:49 - [MESSAGE][PASSED] - Navigate to 'https://assist2-uat.perkeso.gov.my/c/portal/logout' successfully

2018-12-20 13:34:49 - [TEST_STEP][PASSED] - delay: Delayed 1 second(s)

2018-12-20 13:34:50 - [MESSAGE][PASSED] - Delayed 1 second(s)

2018-12-20 13:34:50 - [TEST_STEP][PASSED] - callTestCase: Call Test Case 'Test Cases/Final Aug 2018 - PKS Automation/Common/Reference Number Getter' successfully

2018-12-20 13:34:50 - [TEST_CASE][PASSED] - Test Cases/Final Aug 2018 - PKS Automation/Common/Reference Number Getter: Test Cases/Final Aug 2018 - PKS Automation/Common/Reference Number Getter

2018-12-20 13:34:50 - [TEST_STEP][PASSED] - Statement - Try: null

2018-12-20 13:34:50 - [TEST_STEP][PASSED] - Statement - RefNo = new java.io.File(C://Users//Admin//Desktop//PKS//Automation Reference Point//KatalonReference.txt): null

2018-12-20 13:34:50 - [TEST_STEP][PASSED] - Statement - bufferread = new java.io.BufferedReader(new java.io.FileReader(RefNo)): null

2018-12-20 13:34:50 - [TEST_STEP][PASSED] - Statement - readedVal = bufferread.readLine(): null

2018-12-20 13:34:50 - [TEST_STEP][PASSED] - Statement - out.println(CaseReferenceNo): null

2018-12-20 13:34:50 - [TEST_STEP][PASSED] - Statement - out.println(readedVal): null

2018-12-20 13:34:50 - [TEST_STEP][PASSED] - Statement - CaseReferenceNo = "": null

2018-12-20 13:34:50 - [TEST_STEP][PASSED] - Statement - CaseReferenceNo = readedVal: null

2018-12-20 13:34:50 - [MESSAGE][PASSED] - Call Test Case 'Test Cases/Final Aug 2018 - PKS Automation/Common/Reference Number Getter' successfully

2018-12-20 13:34:50 - [TEST_STEP][PASSED] - callTestCase: Call Test Case 'Test Cases/Final Aug 2018 - PKS Automation/Common/Workflow Owner Finder' successfully

2018-12-20 13:34:50 - [TEST_CASE][PASSED] - Test Cases/Final Aug 2018 - PKS Automation/Common/Workflow Owner Finder: Test Cases/Final Aug 2018 - PKS Automation/Common/Workflow Owner Finder

2018-12-20 13:34:50 - [TEST_STEP][PASSED] - openBrowser: Browser is opened with url: ''

2018-12-20 13:34:50 - [MESSAGE][WARNING] - A browser is already opened. Closing browser and opening a new one

2018-12-20 13:34:53 - [MESSAGE][PASSED] - Browser is opened with url: ''

2018-12-20 13:34:53 - [TEST_STEP][PASSED] - navigateToUrl: Navigate to 'https://assist2-uat.perkeso.gov.my/login' successfully

2018-12-20 13:34:54 - [MESSAGE][PASSED] - Navigate to 'https://assist2-uat.perkeso.gov.my/login' successfully

2018-12-20 13:34:54 - [TEST_STEP][PASSED] - delay: Delayed 5 second(s)

2018-12-20 13:34:59 - [MESSAGE][PASSED] - Delayed 5 second(s)

2018-12-20 13:34:59 - [TEST_STEP][PASSED] - setText: Text 'test@liferay.com' is set on object 'Object Repository/Final Object Repo/Login Page/Internal User/Email Address'

2018-12-20 13:34:59 - [MESSAGE][PASSED] - Text 'test@liferay.com' is set on object 'Object Repository/Final Object Repo/Login Page/Internal User/Email Address'

2018-12-20 13:34:59 - [TEST_STEP][PASSED] - click: Object: 'Object Repository/Final Object Repo/Login Page/Internal User/Next Button' is clicked on

2018-12-20 13:34:59 - [MESSAGE][PASSED] - Object: 'Object Repository/Final Object Repo/Login Page/Internal User/Next Button' is clicked on

2018-12-20 13:34:59 - [TEST_STEP][PASSED] - delay: Delayed 2 second(s)

2018-12-20 13:35:01 - [MESSAGE][PASSED] - Delayed 2 second(s)

2018-12-20 13:35:01 - [TEST_STEP][PASSED] - setText: Text 'test' is set on object 'Object Repository/Final Object Repo/Login Page/Internal User/Password'

2018-12-20 13:35:01 - [MESSAGE][PASSED] - Text 'test' is set on object 'Object Repository/Final Object Repo/Login Page/Internal User/Password'

2018-12-20 13:35:01 - [TEST_STEP][PASSED] - delay: Delayed 2 second(s)

2018-12-20 13:35:03 - [MESSAGE][PASSED] - Delayed 2 second(s)

2018-12-20 13:35:03 - [TEST_STEP][PASSED] - click: Object: 'Object Repository/Final Object Repo/Login Page/Internal User/Login Button' is clicked on

2018-12-20 13:35:04 - [MESSAGE][PASSED] - Object: 'Object Repository/Final Object Repo/Login Page/Internal User/Login Button' is clicked on

2018-12-20 13:35:04 - [TEST_STEP][PASSED] - Statement - tester = com.kms.katalon.core.testobject.ObjectRepository.findTestObject(Final Object Repo/Landing Page/Select to English): Finding Test Object with id 'Object Repository/Final Object Repo/Landing Page/Select to English'

2018-12-20 13:35:04 - [TEST_STEP][PASSED] - Statement - Try: Delayed 2 second(s)

2018-12-20 13:35:04 - [TEST_STEP][PASSED] - Statement - Checker = com.kms.katalon.core.webui.keyword.WebUiBuiltInKeywords.verifyElementNotPresent(tester, 3): Web element with id: 'Object Repository/Final Object Repo/Landing Page/Select to English' located by 'By.xpath: //a[@class = 'taglib-language-list-text' and @lang = 'en-US' and (contains(text(), 'EN') or contains(., 'EN'))]' is not present after '3' second(s)

2018-12-20 13:35:05 - [MESSAGE][PASSED] - Web element with id: 'Object Repository/Final Object Repo/Landing Page/Select to English' located by 'By.xpath: //a[@class = 'taglib-language-list-text' and @lang = 'en-US' and (contains(text(), 'EN') or contains(., 'EN'))]' is not present after '3' second(s)

2018-12-20 13:35:05 - [TEST_STEP][PASSED] - Statement - If (Checker == false): null

2018-12-20 13:35:05 - [TEST_STEP][PASSED] - delay: Delayed 2 second(s)

2018-12-20 13:35:07 - [MESSAGE][PASSED] - Delayed 2 second(s)

2018-12-20 13:35:07 - [TEST_STEP][PASSED] - delay: Delayed 5 second(s)

2018-12-20 13:35:12 - [MESSAGE][PASSED] - Delayed 5 second(s)

2018-12-20 13:35:12 - [TEST_STEP][PASSED] - mouseOver: Object: 'Object Repository/Final Object Repo/Landing Page/WorkFlow Menu' is hovered

2018-12-20 13:35:12 - [MESSAGE][PASSED] - Object: 'Object Repository/Final Object Repo/Landing Page/WorkFlow Menu' is hovered

2018-12-20 13:35:12 - [TEST_STEP][PASSED] - delay: Delayed 2 second(s)

2018-12-20 13:35:14 - [MESSAGE][PASSED] - Delayed 2 second(s)

2018-12-20 13:35:14 - [TEST_STEP][PASSED] - click: Object: 'Object Repository/Final Object Repo/Landing Page/Select to Workflow Listing' is clicked on

2018-12-20 13:35:16 - [MESSAGE][PASSED] - Object: 'Object Repository/Final Object Repo/Landing Page/Select to Workflow Listing' is clicked on

2018-12-20 13:35:16 - [TEST_STEP][PASSED] - delay: Delayed 2 second(s)

2018-12-20 13:35:18 - [MESSAGE][PASSED] - Delayed 2 second(s)

2018-12-20 13:35:18 - [TEST_STEP][PASSED] - click: Object: 'Object Repository/Final Object Repo/WorkFlow Listing Page/Search Information - To Put Ref No' is clicked on

2018-12-20 13:35:18 - [MESSAGE][PASSED] - Object: 'Object Repository/Final Object Repo/WorkFlow Listing Page/Search Information - To Put Ref No' is clicked on

2018-12-20 13:35:18 - [TEST_STEP][PASSED] - delay: Delayed 2 second(s)

2018-12-20 13:35:20 - [MESSAGE][PASSED] - Delayed 2 second(s)

2018-12-20 13:35:20 - [TEST_STEP][PASSED] - callTestCase: Call Test Case 'Test Cases/Final Aug 2018 - PKS Automation/Common/Reference Number Getter' successfully

2018-12-20 13:35:20 - [TEST_CASE][PASSED] - Test Cases/Final Aug 2018 - PKS Automation/Common/Reference Number Getter: Test Cases/Final Aug 2018 - PKS Automation/Common/Reference Number Getter

2018-12-20 13:35:20 - [TEST_STEP][PASSED] - Statement - Try: null

2018-12-20 13:35:20 - [TEST_STEP][PASSED] - Statement - RefNo = new java.io.File(C://Users//Admin//Desktop//PKS//Automation Reference Point//KatalonReference.txt): null

2018-12-20 13:35:20 - [TEST_STEP][PASSED] - Statement - bufferread = new java.io.BufferedReader(new java.io.FileReader(RefNo)): null

2018-12-20 13:35:20 - [TEST_STEP][PASSED] - Statement - readedVal = bufferread.readLine(): null

2018-12-20 13:35:20 - [TEST_STEP][PASSED] - Statement - out.println(CaseReferenceNo): null

2018-12-20 13:35:20 - [TEST_STEP][PASSED] - Statement - out.println(readedVal): null

2018-12-20 13:35:20 - [TEST_STEP][PASSED] - Statement - CaseReferenceNo = "": null

2018-12-20 13:35:20 - [TEST_STEP][PASSED] - Statement - CaseReferenceNo = readedVal: null

2018-12-20 13:35:20 - [MESSAGE][PASSED] - Call Test Case 'Test Cases/Final Aug 2018 - PKS Automation/Common/Reference Number Getter' successfully

2018-12-20 13:35:20 - [TEST_STEP][PASSED] - setText: Text 'ERN122018C200002536' is set on object 'Object Repository/Final Object Repo/WorkFlow Listing Page/Ref No Set Text'

2018-12-20 13:35:20 - [MESSAGE][PASSED] - Text 'ERN122018C200002536' is set on object 'Object Repository/Final Object Repo/WorkFlow Listing Page/Ref No Set Text'

2018-12-20 13:35:20 - [TEST_STEP][PASSED] - delay: Delayed 2 second(s)

2018-12-20 13:35:22 - [MESSAGE][PASSED] - Delayed 2 second(s)

2018-12-20 13:35:22 - [TEST_STEP][PASSED] - click: Object: 'Object Repository/Final Object Repo/WorkFlow Listing Page/Search Ref No Search Button' is clicked on

2018-12-20 13:35:23 - [MESSAGE][PASSED] - Object: 'Object Repository/Final Object Repo/WorkFlow Listing Page/Search Ref No Search Button' is clicked on

2018-12-20 13:35:23 - [TEST_STEP][PASSED] - delay: Delayed 6 second(s)

2018-12-20 13:35:29 - [MESSAGE][PASSED] - Delayed 6 second(s)

2018-12-20 13:35:29 - [TEST_STEP][PASSED] - click: Object: 'Object Repository/Final Object Repo/WorkFlow Listing Page/Click Continue Tooltip' is clicked on

2018-12-20 13:35:29 - [MESSAGE][PASSED] - Object: 'Object Repository/Final Object Repo/WorkFlow Listing Page/Click Continue Tooltip' is clicked on

2018-12-20 13:35:29 - [TEST_STEP][PASSED] - delay: Delayed 5 second(s)

2018-12-20 13:35:34 - [MESSAGE][PASSED] - Delayed 5 second(s)

2018-12-20 13:35:34 - [TEST_STEP][PASSED] - doubleClick: Object: 'Object Repository/Final Object Repo/WorkFlow Listing Page/Workflow Found - Listing 1' is double clicked on

2018-12-20 13:35:35 - [MESSAGE][PASSED] - Object: 'Object Repository/Final Object Repo/WorkFlow Listing Page/Workflow Found - Listing 1' is double clicked on

2018-12-20 13:35:35 - [TEST_STEP][PASSED] - Statement - println(OwnerID): null

2018-12-20 13:35:35 - [TEST_STEP][PASSED] - Statement - OwnerID = com.kms.katalon.core.webui.keyword.WebUiBuiltInKeywords.getText(com.kms.katalon.core.testobject.ObjectRepository.findTestObject(Final Object Repo/WorkFlow Listing Page/Workflow Found - Listing 1), STOP_ON_FAILURE): Text of object 'Object Repository/Final Object Repo/WorkFlow Listing Page/Workflow Found - Listing 1' is: 'JOHORuo2'

2018-12-20 13:35:35 - [MESSAGE][PASSED] - Text of object 'Object Repository/Final Object Repo/WorkFlow Listing Page/Workflow Found - Listing 1' is: 'JOHORuo2'

2018-12-20 13:35:35 - [TEST_STEP][PASSED] - Statement - OwnerID = OwnerID.toLowerCase() + "@gmail.com": null

2018-12-20 13:35:35 - [TEST_STEP][PASSED] - Statement - println(OwnerID): null

2018-12-20 13:35:35 - [TEST_STEP][PASSED] - delay: Delayed 2 second(s)

2018-12-20 13:35:37 - [MESSAGE][PASSED] - Delayed 2 second(s)

2018-12-20 13:35:37 - [MESSAGE][PASSED] - Call Test Case 'Test Cases/Final Aug 2018 - PKS Automation/Common/Workflow Owner Finder' successfully

2018-12-20 13:35:37 - [TEST_STEP][PASSED] - delay: Delayed 1 second(s)

2018-12-20 13:35:38 - [MESSAGE][PASSED] - Delayed 1 second(s)

2018-12-20 13:35:38 - [TEST_STEP][PASSED] - navigateToUrl: Navigate to 'https://assist2-uat.perkeso.gov.my/c/portal/logout' successfully

2018-12-20 13:35:38 - [MESSAGE][PASSED] - Navigate to 'https://assist2-uat.perkeso.gov.my/c/portal/logout' successfully

2018-12-20 13:35:38 - [TEST_STEP][PASSED] - delay: Delayed 1 second(s)

2018-12-20 13:35:39 - [MESSAGE][PASSED] - Delayed 1 second(s)

2018-12-20 13:35:39 - [TEST_STEP][PASSED] - callTestCase: Call Test Case 'Test Cases/Final Aug 2018 - PKS Automation/Registration Module/Workflow/Login and Search Case For Workflow' successfully

2018-12-20 13:35:40 - [TEST_CASE][PASSED] - Test Cases/Final Aug 2018 - PKS Automation/Registration Module/Workflow/Login and Search Case For Workflow: Test Cases/Final Aug 2018 - PKS Automation/Registration Module/Workflow/Login and Search Case For Workflow

2018-12-20 13:35:40 - [TEST_STEP][PASSED] - navigateToUrl: Navigate to 'https://assist2-uat.perkeso.gov.my/login' successfully

2018-12-20 13:35:40 - [MESSAGE][PASSED] - Navigate to 'https://assist2-uat.perkeso.gov.my/login' successfully

2018-12-20 13:35:40 - [TEST_STEP][PASSED] - setText: Text 'johoruo2@gmail.com' is set on object 'Object Repository/Final Object Repo/Login Page/Internal User/Email Address'

2018-12-20 13:35:40 - [MESSAGE][PASSED] - Text 'johoruo2@gmail.com' is set on object 'Object Repository/Final Object Repo/Login Page/Internal User/Email Address'

2018-12-20 13:35:40 - [TEST_STEP][PASSED] - click: Object: 'Object Repository/Final Object Repo/Login Page/Internal User/Next Button' is clicked on

2018-12-20 13:35:41 - [MESSAGE][PASSED] - Object: 'Object Repository/Final Object Repo/Login Page/Internal User/Next Button' is clicked on

2018-12-20 13:35:41 - [TEST_STEP][PASSED] - delay: Delayed 1 second(s)

2018-12-20 13:35:42 - [MESSAGE][PASSED] - Delayed 1 second(s)

2018-12-20 13:35:42 - [TEST_STEP][PASSED] - setEncryptedText: Text ****** has been set on object 'Object Repository/Final Object Repo/Login Page/Internal User/Password'

2018-12-20 13:35:42 - [MESSAGE][PASSED] - Text ****** has been set on object 'Object Repository/Final Object Repo/Login Page/Internal User/Password'

2018-12-20 13:35:42 - [TEST_STEP][PASSED] - click: Object: 'Object Repository/Final Object Repo/Login Page/Internal User/Login Button' is clicked on

2018-12-20 13:35:42 - [MESSAGE][PASSED] - Object: 'Object Repository/Final Object Repo/Login Page/Internal User/Login Button' is clicked on

2018-12-20 13:35:42 - [TEST_STEP][PASSED] - delay: Delayed 2 second(s)

2018-12-20 13:35:44 - [MESSAGE][PASSED] - Delayed 2 second(s)

2018-12-20 13:35:44 - [TEST_STEP][PASSED] - Statement - Try: Delayed 2 second(s)

2018-12-20 13:35:44 - [TEST_STEP][PASSED] - Statement - Checker = false: null

2018-12-20 13:35:44 - [TEST_STEP][PASSED] - Statement - Checker = com.kms.katalon.core.webui.keyword.WebUiBuiltInKeywords.verifyElementHasAttribute(com.kms.katalon.core.testobject.ObjectRepository.findTestObject(Final Object Repo/Landing Page/BM Detecting), "href", 20, OPTIONAL): Object 'Object Repository/Final Object Repo/Landing Page/BM Detecting' has attribute 'href'

2018-12-20 13:35:44 - [MESSAGE][PASSED] - Object 'Object Repository/Final Object Repo/Landing Page/BM Detecting' has attribute 'href'

2018-12-20 13:35:44 - [TEST_STEP][PASSED] - Statement - out.println(Checker): null

2018-12-20 13:35:44 - [TEST_STEP][PASSED] - Statement - If (Checker == false): null

2018-12-20 13:35:44 - [TEST_STEP][PASSED] - Statement - Else: null

2018-12-20 13:35:44 - [TEST_STEP][PASSED] - delay: Delayed 2 second(s)

2018-12-20 13:35:46 - [MESSAGE][PASSED] - Delayed 2 second(s)

2018-12-20 13:35:46 - [TEST_STEP][PASSED] - click: Object: 'Object Repository/Final Object Repo/Page_MyASSIST - ASSIST - Search Pending Case For Add Supporting Document/Search Information' is clicked on

2018-12-20 13:35:46 - [MESSAGE][PASSED] - Object: 'Object Repository/Final Object Repo/Page_MyASSIST - ASSIST - Search Pending Case For Add Supporting Document/Search Information' is clicked on

2018-12-20 13:35:46 - [TEST_STEP][PASSED] - delay: Delayed 3 second(s)

2018-12-20 13:35:49 - [MESSAGE][PASSED] - Delayed 3 second(s)

2018-12-20 13:35:49 - [TEST_STEP][PASSED] - sendKeys: Keys 'ERN122018C200002536' sent to object: 'Object Repository/Final Object Repo/Page_MyASSIST - ASSIST - Search Pending Case For Add Supporting Document/Reference No'

2018-12-20 13:35:50 - [MESSAGE][PASSED] - Keys 'ERN122018C200002536' sent to object: 'Object Repository/Final Object Repo/Page_MyASSIST - ASSIST - Search Pending Case For Add Supporting Document/Reference No'

2018-12-20 13:35:50 - [TEST_STEP][PASSED] - click: Object: 'Object Repository/Final Object Repo/Page_MyASSIST - ASSIST - Search Pending Case For Add Supporting Document/Search Reference No' is clicked on

2018-12-20 13:35:50 - [MESSAGE][PASSED] - Object: 'Object Repository/Final Object Repo/Page_MyASSIST - ASSIST - Search Pending Case For Add Supporting Document/Search Reference No' is clicked on

2018-12-20 13:35:50 - [TEST_STEP][PASSED] - delay: Delayed 2 second(s)

2018-12-20 13:35:52 - [MESSAGE][PASSED] - Delayed 2 second(s)

2018-12-20 13:35:52 - [TEST_STEP][PASSED] - click: Object: 'Object Repository/Final Object Repo/Page_MyASSIST - ASSIST - Search Pending Case For Add Supporting Document/Continue' is clicked on

2018-12-20 13:35:55 - [MESSAGE][PASSED] - Object: 'Object Repository/Final Object Repo/Page_MyASSIST - ASSIST - Search Pending Case For Add Supporting Document/Continue' is clicked on

2018-12-20 13:35:55 - [TEST_STEP][PASSED] - delay: Delayed 20 second(s)

2018-12-20 13:36:15 - [MESSAGE][PASSED] - Delayed 20 second(s)

2018-12-20 13:36:15 - [MESSAGE][PASSED] - Call Test Case 'Test Cases/Final Aug 2018 - PKS Automation/Registration Module/Workflow/Login and Search Case For Workflow' successfully

2018-12-20 13:36:15 - [TEST_STEP][PASSED] - click: Object: 'Object Repository/Final Object Repo/Page_Form 3 EIS - Cessation as Employer/Page_Form 3 EIS - Cessation as Employer (Approve)/Save  Continue in Form 3 Page' is clicked on

2018-12-20 13:36:15 - [MESSAGE][PASSED] - Object: 'Object Repository/Final Object Repo/Page_Form 3 EIS - Cessation as Employer/Page_Form 3 EIS - Cessation as Employer (Approve)/Save  Continue in Form 3 Page' is clicked on

2018-12-20 13:36:15 - [TEST_STEP][PASSED] - delay: Delayed 2 second(s)

2018-12-20 13:36:17 - [MESSAGE][PASSED] - Delayed 2 second(s)

2018-12-20 13:36:17 - [TEST_STEP][PASSED] - click: Object: 'Object Repository/Final Object Repo/Page_Form 3 EIS - Cessation as Employer/Page_Form 3 EIS - Cessation as Employer (Approve)/Save  Continue in Resigned Page' is clicked on

2018-12-20 13:36:18 - [MESSAGE][PASSED] - Object: 'Object Repository/Final Object Repo/Page_Form 3 EIS - Cessation as Employer/Page_Form 3 EIS - Cessation as Employer (Approve)/Save  Continue in Resigned Page' is clicked on

2018-12-20 13:36:18 - [TEST_STEP][PASSED] - delay: Delayed 2 second(s)

2018-12-20 13:36:20 - [MESSAGE][PASSED] - Delayed 2 second(s)

2018-12-20 13:36:20 - [TEST_STEP][PASSED] - click: Object: 'Object Repository/Final Object Repo/Page_Form 3 EIS - Cessation as Employer/Page_Form 3 EIS - Cessation as Employer (Approve)/Save  Continue in Uploading Page' is clicked on

2018-12-20 13:36:21 - [MESSAGE][PASSED] - Object: 'Object Repository/Final Object Repo/Page_Form 3 EIS - Cessation as Employer/Page_Form 3 EIS - Cessation as Employer (Approve)/Save  Continue in Uploading Page' is clicked on

2018-12-20 13:36:21 - [TEST_STEP][PASSED] - delay: Delayed 2 second(s)

2018-12-20 13:36:23 - [MESSAGE][PASSED] - Delayed 2 second(s)

2018-12-20 13:36:23 - [TEST_STEP][PASSED] - click: Object: 'Object Repository/Final Object Repo/Page_Form 3 EIS - Cessation as Employer/Page_Form 3 EIS - Cessation as Employer (Reject)/Reject' is clicked on

2018-12-20 13:36:26 - [MESSAGE][PASSED] - Object: 'Object Repository/Final Object Repo/Page_Form 3 EIS - Cessation as Employer/Page_Form 3 EIS - Cessation as Employer (Reject)/Reject' is clicked on

2018-12-20 13:36:26 - [TEST_STEP][PASSED] - delay: Delayed 2 second(s)

2018-12-20 13:36:28 - [MESSAGE][PASSED] - Delayed 2 second(s)

2018-12-20 13:36:28 - [TEST_STEP][PASSED] - click: Object: 'Object Repository/Final Object Repo/Page_Form 3 EIS - Cessation as Employer/Page_Form 3 EIS - Cessation as Employer (Reject)/Confirm' is clicked on

2018-12-20 13:36:28 - [MESSAGE][PASSED] - Object: 'Object Repository/Final Object Repo/Page_Form 3 EIS - Cessation as Employer/Page_Form 3 EIS - Cessation as Employer (Reject)/Confirm' is clicked on

2018-12-20 13:36:28 - [TEST_STEP][PASSED] - delay: Delayed 2 second(s)

2018-12-20 13:36:30 - [MESSAGE][PASSED] - Delayed 2 second(s)

2018-12-20 13:36:30 - [TEST_STEP][PASSED] - click: Object: 'Object Repository/Final Object Repo/Page_Form 3 EIS - Cessation as Employer/Page_Form 3 EIS - Cessation as Employer (Reject)/Message This Case has been Rejected' is clicked on

2018-12-20 13:36:33 - [MESSAGE][PASSED] - Object: 'Object Repository/Final Object Repo/Page_Form 3 EIS - Cessation as Employer/Page_Form 3 EIS - Cessation as Employer (Reject)/Message This Case has been Rejected' is clicked on

2018-12-20 13:36:33 - [TEST_STEP][PASSED] - click: Object: 'Object Repository/Final Object Repo/Page_Form 3 EIS - Cessation as Employer/Page_Form 3 EIS - Cessation as Employer (Reject)/Letter of update rejection' is clicked on

2018-12-20 13:36:34 - [MESSAGE][PASSED] - Object: 'Object Repository/Final Object Repo/Page_Form 3 EIS - Cessation as Employer/Page_Form 3 EIS - Cessation as Employer (Reject)/Letter of update rejection' is clicked on

2018-12-20 13:36:34 - [MESSAGE][PASSED] - Call Test Case 'Test Cases/Final Aug 2018 - PKS Automation/Registration Module/Workflow/Form 3 EIS - Cessation As Employer/Template/Form 3 A - Cessation As Employer (Reject)' successfully]]></system-out>
         <system-err><![CDATA[]]></system-err>
      </testcase>
      <testcase name="Test Cases/Final Aug 2018 - PKS Automation/Registration Module/Workflow/Form 3 EIS - Cessation As Employer/OTC to UO (Under enforcement)" classname="Test Cases/Final Aug 2018 - PKS Automation/Registration Module/Workflow/Form 3 EIS - Cessation As Employer/OTC to UO (Under enforcement)" status="PASSED">
         <system-out><![CDATA[2018-12-20 13:36:34 - [TEST_CASE][PASSED] - Test Cases/Final Aug 2018 - PKS Automation/Registration Module/Workflow/Form 3 EIS - Cessation As Employer/OTC to UO (Under enforcement): Test Cases/Final Aug 2018 - PKS Automation/Registration Module/Workflow/Form 3 EIS - Cessation As Employer/OTC to UO (Under enforcement)

2018-12-20 13:36:34 - [TEST_STEP][PASSED] - callTestCase: Call Test Case 'Test Cases/Final Aug 2018 - PKS Automation/Registration Module/Workflow/Form 3 EIS - Cessation As Employer/Template/Form 3 A - Cessation As Employer (OTC)' successfully

2018-12-20 13:36:34 - [TEST_CASE][PASSED] - Test Cases/Final Aug 2018 - PKS Automation/Registration Module/Workflow/Form 3 EIS - Cessation As Employer/Template/Form 3 A - Cessation As Employer (OTC): Test Cases/Final Aug 2018 - PKS Automation/Registration Module/Workflow/Form 3 EIS - Cessation As Employer/Template/Form 3 A - Cessation As Employer (OTC)

2018-12-20 13:36:34 - [TEST_STEP][PASSED] - openBrowser: Browser is opened with url: ''

2018-12-20 13:36:34 - [MESSAGE][WARNING] - A browser is already opened. Closing browser and opening a new one

2018-12-20 13:36:37 - [MESSAGE][PASSED] - Browser is opened with url: ''

2018-12-20 13:36:37 - [TEST_STEP][PASSED] - navigateToUrl: Navigate to 'https://assist2-uat.perkeso.gov.my/login' successfully

2018-12-20 13:36:38 - [MESSAGE][PASSED] - Navigate to 'https://assist2-uat.perkeso.gov.my/login' successfully

2018-12-20 13:36:38 - [TEST_STEP][PASSED] - setText: Text 'johorotc1@gmail.com' is set on object 'Object Repository/Final Object Repo/Login Page/Internal User/Email Address'

2018-12-20 13:36:39 - [MESSAGE][PASSED] - Text 'johorotc1@gmail.com' is set on object 'Object Repository/Final Object Repo/Login Page/Internal User/Email Address'

2018-12-20 13:36:39 - [TEST_STEP][PASSED] - click: Object: 'Object Repository/Final Object Repo/Login Page/Internal User/Next Button' is clicked on

2018-12-20 13:36:39 - [MESSAGE][PASSED] - Object: 'Object Repository/Final Object Repo/Login Page/Internal User/Next Button' is clicked on

2018-12-20 13:36:39 - [TEST_STEP][PASSED] - delay: Delayed 1 second(s)

2018-12-20 13:36:40 - [MESSAGE][PASSED] - Delayed 1 second(s)

2018-12-20 13:36:40 - [TEST_STEP][PASSED] - setEncryptedText: Text ****** has been set on object 'Object Repository/Final Object Repo/Login Page/Internal User/Password'

2018-12-20 13:36:40 - [MESSAGE][PASSED] - Text ****** has been set on object 'Object Repository/Final Object Repo/Login Page/Internal User/Password'

2018-12-20 13:36:40 - [TEST_STEP][PASSED] - click: Object: 'Object Repository/Final Object Repo/Login Page/Internal User/Login Button' is clicked on

2018-12-20 13:36:40 - [MESSAGE][PASSED] - Object: 'Object Repository/Final Object Repo/Login Page/Internal User/Login Button' is clicked on

2018-12-20 13:36:40 - [TEST_STEP][PASSED] - delay: Delayed 1 second(s)

2018-12-20 13:36:41 - [MESSAGE][PASSED] - Delayed 1 second(s)

2018-12-20 13:36:41 - [TEST_STEP][PASSED] - Statement - Try: Delayed 2 second(s)

2018-12-20 13:36:41 - [TEST_STEP][PASSED] - Statement - Checker = false: null

2018-12-20 13:36:41 - [TEST_STEP][PASSED] - Statement - Checker = com.kms.katalon.core.webui.keyword.WebUiBuiltInKeywords.verifyElementHasAttribute(com.kms.katalon.core.testobject.ObjectRepository.findTestObject(Final Object Repo/Landing Page/BM Detecting), "href", 20, OPTIONAL): Object 'Object Repository/Final Object Repo/Landing Page/BM Detecting' has attribute 'href'

2018-12-20 13:36:42 - [MESSAGE][PASSED] - Object 'Object Repository/Final Object Repo/Landing Page/BM Detecting' has attribute 'href'

2018-12-20 13:36:42 - [TEST_STEP][PASSED] - Statement - out.println(Checker): null

2018-12-20 13:36:42 - [TEST_STEP][PASSED] - Statement - If (Checker == false): null

2018-12-20 13:36:42 - [TEST_STEP][PASSED] - Statement - Else: null

2018-12-20 13:36:42 - [TEST_STEP][PASSED] - delay: Delayed 2 second(s)

2018-12-20 13:36:44 - [MESSAGE][PASSED] - Delayed 2 second(s)

2018-12-20 13:36:44 - [TEST_STEP][PASSED] - navigateToUrl: Navigate to 'https://assist2-uat.perkeso.gov.my/web/registration/eis-update/form-3-eis-cessation-as-employer' successfully

2018-12-20 13:36:45 - [MESSAGE][PASSED] - Navigate to 'https://assist2-uat.perkeso.gov.my/web/registration/eis-update/form-3-eis-cessation-as-employer' successfully

2018-12-20 13:36:45 - [TEST_STEP][PASSED] - delay: Delayed 1 second(s)

2018-12-20 13:36:46 - [MESSAGE][PASSED] - Delayed 1 second(s)

2018-12-20 13:36:46 - [TEST_STEP][PASSED] - setText: Text 'E1102069769W' is set on object 'Object Repository/Final Object Repo/Page_Form 3 EIS - Cessation as Employer/Employer Code'

2018-12-20 13:36:47 - [MESSAGE][PASSED] - Text 'E1102069769W' is set on object 'Object Repository/Final Object Repo/Page_Form 3 EIS - Cessation as Employer/Employer Code'

2018-12-20 13:36:47 - [TEST_STEP][PASSED] - click: Object: 'Object Repository/Final Object Repo/Page_Form 3 EIS - Cessation as Employer/Search' is clicked on

2018-12-20 13:36:47 - [MESSAGE][PASSED] - Object: 'Object Repository/Final Object Repo/Page_Form 3 EIS - Cessation as Employer/Search' is clicked on

2018-12-20 13:36:47 - [TEST_STEP][PASSED] - click: Object: 'Object Repository/Final Object Repo/Page_Form 3 EIS - Cessation as Employer/Edit' is clicked on

2018-12-20 13:36:49 - [MESSAGE][PASSED] - Object: 'Object Repository/Final Object Repo/Page_Form 3 EIS - Cessation as Employer/Edit' is clicked on

2018-12-20 13:36:49 - [TEST_STEP][PASSED] - delay: Delayed 1 second(s)

2018-12-20 13:36:50 - [MESSAGE][PASSED] - Delayed 1 second(s)

2018-12-20 13:36:50 - [TEST_STEP][PASSED] - Statement - abc = com.kms.katalon.core.webui.keyword.WebUiBuiltInKeywords.getAttribute(com.kms.katalon.core.testobject.ObjectRepository.findTestObject(Final Object Repo/Page_Form 3 EIS - Cessation as Employer/Employer Status), "value"): Attribute 'value' of object 'Object Repository/Final Object Repo/Page_Form 3 EIS - Cessation as Employer/Employer Status' is: 'Active'

2018-12-20 13:36:50 - [MESSAGE][PASSED] - Attribute 'value' of object 'Object Repository/Final Object Repo/Page_Form 3 EIS - Cessation as Employer/Employer Status' is: 'Active'

2018-12-20 13:36:50 - [TEST_STEP][PASSED] - Statement - out.println(abc): null

2018-12-20 13:36:50 - [TEST_STEP][PASSED] - Statement - If (abc == "Active"): Object: 'Object Repository/Final Object Repo/Page_Form 3 EIS - Cessation as Employer/Dormant EIS' is clicked on

2018-12-20 13:36:50 - [TEST_STEP][PASSED] - click: Object: 'Object Repository/Final Object Repo/Page_Form 3 EIS - Cessation as Employer/Change Employer Status to' is clicked on

2018-12-20 13:36:51 - [MESSAGE][PASSED] - Object: 'Object Repository/Final Object Repo/Page_Form 3 EIS - Cessation as Employer/Change Employer Status to' is clicked on

2018-12-20 13:36:51 - [TEST_STEP][PASSED] - click: Object: 'Object Repository/Final Object Repo/Page_Form 3 EIS - Cessation as Employer/Dormant EIS' is clicked on

2018-12-20 13:36:51 - [MESSAGE][PASSED] - Object: 'Object Repository/Final Object Repo/Page_Form 3 EIS - Cessation as Employer/Dormant EIS' is clicked on

2018-12-20 13:36:51 - [TEST_STEP][PASSED] - click: Object: 'Object Repository/Final Object Repo/Page_Form 3 EIS - Cessation as Employer/Calender' is clicked on

2018-12-20 13:36:51 - [MESSAGE][PASSED] - Object: 'Object Repository/Final Object Repo/Page_Form 3 EIS - Cessation as Employer/Calender' is clicked on

2018-12-20 13:36:51 - [TEST_STEP][PASSED] - delay: Delayed 1 second(s)

2018-12-20 13:36:52 - [MESSAGE][PASSED] - Delayed 1 second(s)

2018-12-20 13:36:52 - [TEST_STEP][PASSED] - click: Object: 'Object Repository/Final Object Repo/Page_Form 3 EIS - Cessation as Employer/Calender - Date' is clicked on

2018-12-20 13:36:52 - [MESSAGE][PASSED] - Object: 'Object Repository/Final Object Repo/Page_Form 3 EIS - Cessation as Employer/Calender - Date' is clicked on

2018-12-20 13:36:52 - [TEST_STEP][PASSED] - click: Object: 'Object Repository/Final Object Repo/Page_Form 3 EIS - Cessation as Employer/Save  Continue in Form 3 EIS Page' is clicked on

2018-12-20 13:36:52 - [MESSAGE][PASSED] - Object: 'Object Repository/Final Object Repo/Page_Form 3 EIS - Cessation as Employer/Save  Continue in Form 3 EIS Page' is clicked on

2018-12-20 13:36:52 - [TEST_STEP][PASSED] - delay: Delayed 1 second(s)

2018-12-20 13:36:53 - [MESSAGE][PASSED] - Delayed 1 second(s)

2018-12-20 13:36:53 - [TEST_STEP][PASSED] - click: Object: 'Object Repository/Final Object Repo/Page_Form 3 EIS - Cessation as Employer/Employment Resign Date' is clicked on

2018-12-20 13:36:54 - [MESSAGE][PASSED] - Object: 'Object Repository/Final Object Repo/Page_Form 3 EIS - Cessation as Employer/Employment Resign Date' is clicked on

2018-12-20 13:36:54 - [TEST_STEP][PASSED] - selectOptionByValue: All options with value '2030' are selected in object 'Object Repository/Final Object Repo/Page_Form 3 EIS - Cessation as Employer/Employment Resign Date - Year' 

2018-12-20 13:36:54 - [MESSAGE][PASSED] - All options with value '2030' are selected in object 'Object Repository/Final Object Repo/Page_Form 3 EIS - Cessation as Employer/Employment Resign Date - Year' 

2018-12-20 13:36:54 - [TEST_STEP][PASSED] - delay: Delayed 2 second(s)

2018-12-20 13:36:56 - [MESSAGE][PASSED] - Delayed 2 second(s)

2018-12-20 13:36:56 - [TEST_STEP][PASSED] - click: Object: 'Object Repository/Final Object Repo/Page_Form 3 EIS - Cessation as Employer/Employment Resign Date - Year - Date' is clicked on

2018-12-20 13:36:56 - [MESSAGE][PASSED] - Object: 'Object Repository/Final Object Repo/Page_Form 3 EIS - Cessation as Employer/Employment Resign Date - Year - Date' is clicked on

2018-12-20 13:36:56 - [TEST_STEP][PASSED] - delay: Delayed 2 second(s)

2018-12-20 13:36:58 - [MESSAGE][PASSED] - Delayed 2 second(s)

2018-12-20 13:36:58 - [TEST_STEP][PASSED] - click: Object: 'Object Repository/Final Object Repo/Page_Form 3 EIS - Cessation as Employer/Save  Continue in Employment Resign Page' is clicked on

2018-12-20 13:36:59 - [MESSAGE][PASSED] - Object: 'Object Repository/Final Object Repo/Page_Form 3 EIS - Cessation as Employer/Save  Continue in Employment Resign Page' is clicked on

2018-12-20 13:36:59 - [TEST_STEP][PASSED] - delay: Delayed 2 second(s)

2018-12-20 13:37:01 - [MESSAGE][PASSED] - Delayed 2 second(s)

2018-12-20 13:37:01 - [TEST_STEP][PASSED] - click: Object: 'Object Repository/Final Object Repo/Page_Form 3 EIS - Cessation as Employer/Set Latest - Yes' is clicked on

2018-12-20 13:37:01 - [MESSAGE][PASSED] - Object: 'Object Repository/Final Object Repo/Page_Form 3 EIS - Cessation as Employer/Set Latest - Yes' is clicked on

2018-12-20 13:37:01 - [TEST_STEP][PASSED] - delay: Delayed 2 second(s)

2018-12-20 13:37:03 - [MESSAGE][PASSED] - Delayed 2 second(s)

2018-12-20 13:37:03 - [TEST_STEP][PASSED] - click: Object: 'Object Repository/Final Object Repo/Page_Form 3 EIS - Cessation as Employer/Add Document' is clicked on

2018-12-20 13:37:04 - [MESSAGE][PASSED] - Object: 'Object Repository/Final Object Repo/Page_Form 3 EIS - Cessation as Employer/Add Document' is clicked on

2018-12-20 13:37:04 - [TEST_STEP][PASSED] - delay: Delayed 3 second(s)

2018-12-20 13:37:07 - [MESSAGE][PASSED] - Delayed 3 second(s)

2018-12-20 13:37:07 - [TEST_STEP][PASSED] - click: Object: 'Object Repository/Final Object Repo/Page_Form 3 EIS - Cessation as Employer/Document Type' is clicked on

2018-12-20 13:37:07 - [MESSAGE][PASSED] - Object: 'Object Repository/Final Object Repo/Page_Form 3 EIS - Cessation as Employer/Document Type' is clicked on

2018-12-20 13:37:07 - [TEST_STEP][PASSED] - click: Object: 'Object Repository/Final Object Repo/Page_Form 3 EIS - Cessation as Employer/Document Type - Form 3' is clicked on

2018-12-20 13:37:07 - [MESSAGE][PASSED] - Object: 'Object Repository/Final Object Repo/Page_Form 3 EIS - Cessation as Employer/Document Type - Form 3' is clicked on

2018-12-20 13:37:07 - [TEST_STEP][PASSED] - delay: Delayed 2 second(s)

2018-12-20 13:37:09 - [MESSAGE][PASSED] - Delayed 2 second(s)

2018-12-20 13:37:09 - [TEST_STEP][PASSED] - sendKeys: Keys 'C:\Users\Public\Pictures\Sample Pictures\Koala.jpg' sent to object: 'Object Repository/Final Object Repo/Page_Form 3 EIS - Cessation as Employer/ploading File'

2018-12-20 13:37:09 - [MESSAGE][PASSED] - Keys 'C:\Users\Public\Pictures\Sample Pictures\Koala.jpg' sent to object: 'Object Repository/Final Object Repo/Page_Form 3 EIS - Cessation as Employer/ploading File'

2018-12-20 13:37:09 - [TEST_STEP][PASSED] - delay: Delayed 1 second(s)

2018-12-20 13:37:10 - [MESSAGE][PASSED] - Delayed 1 second(s)

2018-12-20 13:37:10 - [TEST_STEP][PASSED] - click: Object: 'Object Repository/Final Object Repo/Page_Form 3 EIS - Cessation as Employer/Add Document in Uploading Page' is clicked on

2018-12-20 13:37:10 - [MESSAGE][PASSED] - Object: 'Object Repository/Final Object Repo/Page_Form 3 EIS - Cessation as Employer/Add Document in Uploading Page' is clicked on

2018-12-20 13:37:10 - [TEST_STEP][PASSED] - delay: Delayed 2 second(s)

2018-12-20 13:37:12 - [MESSAGE][PASSED] - Delayed 2 second(s)

2018-12-20 13:37:12 - [TEST_STEP][PASSED] - Statement - CaseReferenceNo = com.kms.katalon.core.webui.keyword.WebUiBuiltInKeywords.getText(com.kms.katalon.core.testobject.ObjectRepository.findTestObject(Final Object Repo/Page_Update Employer Information/Reference Number in Update Employee Information Page)): Text of object 'Object Repository/Final Object Repo/Page_Update Employer Information/Reference Number in Update Employee Information Page' is: 'ERN122018C200002537'

2018-12-20 13:37:14 - [MESSAGE][PASSED] - Text of object 'Object Repository/Final Object Repo/Page_Update Employer Information/Reference Number in Update Employee Information Page' is: 'ERN122018C200002537'

2018-12-20 13:37:14 - [TEST_STEP][PASSED] - callTestCase: Call Test Case 'Test Cases/Final Aug 2018 - PKS Automation/Common/Reference Number Setter' successfully

2018-12-20 13:37:14 - [TEST_CASE][PASSED] - Test Cases/Final Aug 2018 - PKS Automation/Common/Reference Number Setter: Test Cases/Final Aug 2018 - PKS Automation/Common/Reference Number Setter

2018-12-20 13:37:14 - [TEST_STEP][PASSED] - Statement - RefNoOldFile = new java.io.File(C://Users//Admin//Desktop//PKS//Automation Reference Point//KatalonReference.txt): null

2018-12-20 13:37:14 - [TEST_STEP][PASSED] - Statement - RefNoOldFile.delete(): null

2018-12-20 13:37:14 - [TEST_STEP][PASSED] - delay: Delayed 5 second(s)

2018-12-20 13:37:19 - [MESSAGE][PASSED] - Delayed 5 second(s)

2018-12-20 13:37:19 - [TEST_STEP][PASSED] - Statement - RefNo = new java.io.File(C://Users//Admin//Desktop//PKS//Automation Reference Point//KatalonReference.txt): null

2018-12-20 13:37:19 - [TEST_STEP][PASSED] - Statement - f2 = new java.io.FileWriter(RefNo, false): null

2018-12-20 13:37:19 - [TEST_STEP][PASSED] - Statement - f2.write(CaseReferenceNo): null

2018-12-20 13:37:19 - [TEST_STEP][PASSED] - Statement - f2.close(): null

2018-12-20 13:37:19 - [TEST_STEP][PASSED] - Statement - out.println("


" + CaseReferenceNo + "


"): null

2018-12-20 13:37:19 - [MESSAGE][PASSED] - Call Test Case 'Test Cases/Final Aug 2018 - PKS Automation/Common/Reference Number Setter' successfully

2018-12-20 13:37:19 - [TEST_STEP][PASSED] - delay: Delayed 2 second(s)

2018-12-20 13:37:21 - [MESSAGE][PASSED] - Delayed 2 second(s)

2018-12-20 13:37:21 - [TEST_STEP][PASSED] - click: Object: 'Object Repository/Final Object Repo/Page_Form 3 EIS - Cessation as Employer/Save  Continue in Uploading Page' is clicked on

2018-12-20 13:37:21 - [MESSAGE][PASSED] - Object: 'Object Repository/Final Object Repo/Page_Form 3 EIS - Cessation as Employer/Save  Continue in Uploading Page' is clicked on

2018-12-20 13:37:21 - [TEST_STEP][PASSED] - delay: Delayed 2 second(s)

2018-12-20 13:37:23 - [MESSAGE][PASSED] - Delayed 2 second(s)

2018-12-20 13:37:23 - [TEST_STEP][PASSED] - click: Object: 'Object Repository/Final Object Repo/Page_Form 3 EIS - Cessation as Employer/Submit' is clicked on

2018-12-20 13:37:26 - [MESSAGE][PASSED] - Object: 'Object Repository/Final Object Repo/Page_Form 3 EIS - Cessation as Employer/Submit' is clicked on

2018-12-20 13:37:26 - [TEST_STEP][PASSED] - delay: Delayed 2 second(s)

2018-12-20 13:37:28 - [MESSAGE][PASSED] - Delayed 2 second(s)

2018-12-20 13:37:28 - [TEST_STEP][PASSED] - click: Object: 'Object Repository/Final Object Repo/Page_Form 3 EIS - Cessation as Employer/Confirm' is clicked on

2018-12-20 13:37:28 - [MESSAGE][PASSED] - Object: 'Object Repository/Final Object Repo/Page_Form 3 EIS - Cessation as Employer/Confirm' is clicked on

2018-12-20 13:37:28 - [TEST_STEP][PASSED] - delay: Delayed 2 second(s)

2018-12-20 13:37:30 - [MESSAGE][PASSED] - Delayed 2 second(s)

2018-12-20 13:37:30 - [TEST_STEP][PASSED] - click: Object: 'Object Repository/Final Object Repo/Page_Form 3 EIS - Cessation as Employer/Message Your Request will be routed to UO' is clicked on

2018-12-20 13:37:34 - [MESSAGE][PASSED] - Object: 'Object Repository/Final Object Repo/Page_Form 3 EIS - Cessation as Employer/Message Your Request will be routed to UO' is clicked on

2018-12-20 13:37:34 - [TEST_STEP][PASSED] - click: Object: 'Object Repository/Final Object Repo/Page_Form 3 EIS - Cessation as Employer/Letter of acknowledgement' is clicked on

2018-12-20 13:37:34 - [MESSAGE][PASSED] - Object: 'Object Repository/Final Object Repo/Page_Form 3 EIS - Cessation as Employer/Letter of acknowledgement' is clicked on

2018-12-20 13:37:34 - [MESSAGE][PASSED] - Call Test Case 'Test Cases/Final Aug 2018 - PKS Automation/Registration Module/Workflow/Form 3 EIS - Cessation As Employer/Template/Form 3 A - Cessation As Employer (OTC)' successfully

2018-12-20 13:37:34 - [TEST_STEP][PASSED] - callTestCase: Call Test Case 'Test Cases/Final Aug 2018 - PKS Automation/Registration Module/Workflow/Form 3 EIS - Cessation As Employer/Template/Form 3 A - Cessation As Employer (Under enforcement)' successfully

2018-12-20 13:37:34 - [TEST_CASE][PASSED] - Test Cases/Final Aug 2018 - PKS Automation/Registration Module/Workflow/Form 3 EIS - Cessation As Employer/Template/Form 3 A - Cessation As Employer (Under enforcement): Test Cases/Final Aug 2018 - PKS Automation/Registration Module/Workflow/Form 3 EIS - Cessation As Employer/Template/Form 3 A - Cessation As Employer (Under enforcement)

2018-12-20 13:37:34 - [TEST_STEP][NOT_RUN] - callTestCase: NOT_RUN: callTestCase

2018-12-20 13:37:34 - [MESSAGE][NOT_RUN] - NOT_RUN: callTestCase

2018-12-20 13:37:34 - [TEST_STEP][PASSED] - delay: Delayed 1 second(s)

2018-12-20 13:37:35 - [MESSAGE][PASSED] - Delayed 1 second(s)

2018-12-20 13:37:35 - [TEST_STEP][PASSED] - navigateToUrl: Navigate to 'https://assist2-uat.perkeso.gov.my/c/portal/logout' successfully

2018-12-20 13:37:36 - [MESSAGE][PASSED] - Navigate to 'https://assist2-uat.perkeso.gov.my/c/portal/logout' successfully

2018-12-20 13:37:36 - [TEST_STEP][PASSED] - delay: Delayed 1 second(s)

2018-12-20 13:37:37 - [MESSAGE][PASSED] - Delayed 1 second(s)

2018-12-20 13:37:37 - [TEST_STEP][PASSED] - callTestCase: Call Test Case 'Test Cases/Final Aug 2018 - PKS Automation/Common/Reference Number Getter' successfully

2018-12-20 13:37:37 - [TEST_CASE][PASSED] - Test Cases/Final Aug 2018 - PKS Automation/Common/Reference Number Getter: Test Cases/Final Aug 2018 - PKS Automation/Common/Reference Number Getter

2018-12-20 13:37:37 - [TEST_STEP][PASSED] - Statement - Try: null

2018-12-20 13:37:37 - [TEST_STEP][PASSED] - Statement - RefNo = new java.io.File(C://Users//Admin//Desktop//PKS//Automation Reference Point//KatalonReference.txt): null

2018-12-20 13:37:37 - [TEST_STEP][PASSED] - Statement - bufferread = new java.io.BufferedReader(new java.io.FileReader(RefNo)): null

2018-12-20 13:37:37 - [TEST_STEP][PASSED] - Statement - readedVal = bufferread.readLine(): null

2018-12-20 13:37:37 - [TEST_STEP][PASSED] - Statement - out.println(CaseReferenceNo): null

2018-12-20 13:37:37 - [TEST_STEP][PASSED] - Statement - out.println(readedVal): null

2018-12-20 13:37:37 - [TEST_STEP][PASSED] - Statement - CaseReferenceNo = "": null

2018-12-20 13:37:37 - [TEST_STEP][PASSED] - Statement - CaseReferenceNo = readedVal: null

2018-12-20 13:37:37 - [MESSAGE][PASSED] - Call Test Case 'Test Cases/Final Aug 2018 - PKS Automation/Common/Reference Number Getter' successfully

2018-12-20 13:37:37 - [TEST_STEP][PASSED] - callTestCase: Call Test Case 'Test Cases/Final Aug 2018 - PKS Automation/Common/Workflow Owner Finder' successfully

2018-12-20 13:37:37 - [TEST_CASE][PASSED] - Test Cases/Final Aug 2018 - PKS Automation/Common/Workflow Owner Finder: Test Cases/Final Aug 2018 - PKS Automation/Common/Workflow Owner Finder

2018-12-20 13:37:37 - [TEST_STEP][PASSED] - openBrowser: Browser is opened with url: ''

2018-12-20 13:37:37 - [MESSAGE][WARNING] - A browser is already opened. Closing browser and opening a new one

2018-12-20 13:37:40 - [MESSAGE][PASSED] - Browser is opened with url: ''

2018-12-20 13:37:40 - [TEST_STEP][PASSED] - navigateToUrl: Navigate to 'https://assist2-uat.perkeso.gov.my/login' successfully

2018-12-20 13:37:41 - [MESSAGE][PASSED] - Navigate to 'https://assist2-uat.perkeso.gov.my/login' successfully

2018-12-20 13:37:41 - [TEST_STEP][PASSED] - delay: Delayed 5 second(s)

2018-12-20 13:37:46 - [MESSAGE][PASSED] - Delayed 5 second(s)

2018-12-20 13:37:46 - [TEST_STEP][PASSED] - setText: Text 'test@liferay.com' is set on object 'Object Repository/Final Object Repo/Login Page/Internal User/Email Address'

2018-12-20 13:37:47 - [MESSAGE][PASSED] - Text 'test@liferay.com' is set on object 'Object Repository/Final Object Repo/Login Page/Internal User/Email Address'

2018-12-20 13:37:47 - [TEST_STEP][PASSED] - click: Object: 'Object Repository/Final Object Repo/Login Page/Internal User/Next Button' is clicked on

2018-12-20 13:37:47 - [MESSAGE][PASSED] - Object: 'Object Repository/Final Object Repo/Login Page/Internal User/Next Button' is clicked on

2018-12-20 13:37:47 - [TEST_STEP][PASSED] - delay: Delayed 2 second(s)

2018-12-20 13:37:49 - [MESSAGE][PASSED] - Delayed 2 second(s)

2018-12-20 13:37:49 - [TEST_STEP][PASSED] - setText: Text 'test' is set on object 'Object Repository/Final Object Repo/Login Page/Internal User/Password'

2018-12-20 13:37:49 - [MESSAGE][PASSED] - Text 'test' is set on object 'Object Repository/Final Object Repo/Login Page/Internal User/Password'

2018-12-20 13:37:49 - [TEST_STEP][PASSED] - delay: Delayed 2 second(s)

2018-12-20 13:37:51 - [MESSAGE][PASSED] - Delayed 2 second(s)

2018-12-20 13:37:51 - [TEST_STEP][PASSED] - click: Object: 'Object Repository/Final Object Repo/Login Page/Internal User/Login Button' is clicked on

2018-12-20 13:37:51 - [MESSAGE][PASSED] - Object: 'Object Repository/Final Object Repo/Login Page/Internal User/Login Button' is clicked on

2018-12-20 13:37:51 - [TEST_STEP][PASSED] - Statement - tester = com.kms.katalon.core.testobject.ObjectRepository.findTestObject(Final Object Repo/Landing Page/Select to English): Finding Test Object with id 'Object Repository/Final Object Repo/Landing Page/Select to English'

2018-12-20 13:37:51 - [TEST_STEP][PASSED] - Statement - Try: Delayed 2 second(s)

2018-12-20 13:37:51 - [TEST_STEP][PASSED] - Statement - Checker = com.kms.katalon.core.webui.keyword.WebUiBuiltInKeywords.verifyElementNotPresent(tester, 3): Web element with id: 'Object Repository/Final Object Repo/Landing Page/Select to English' located by 'By.xpath: //a[@class = 'taglib-language-list-text' and @lang = 'en-US' and (contains(text(), 'EN') or contains(., 'EN'))]' is not present after '3' second(s)

2018-12-20 13:37:53 - [MESSAGE][PASSED] - Web element with id: 'Object Repository/Final Object Repo/Landing Page/Select to English' located by 'By.xpath: //a[@class = 'taglib-language-list-text' and @lang = 'en-US' and (contains(text(), 'EN') or contains(., 'EN'))]' is not present after '3' second(s)

2018-12-20 13:37:53 - [TEST_STEP][PASSED] - Statement - If (Checker == false): null

2018-12-20 13:37:53 - [TEST_STEP][PASSED] - delay: Delayed 2 second(s)

2018-12-20 13:37:55 - [MESSAGE][PASSED] - Delayed 2 second(s)

2018-12-20 13:37:55 - [TEST_STEP][PASSED] - delay: Delayed 5 second(s)

2018-12-20 13:38:00 - [MESSAGE][PASSED] - Delayed 5 second(s)

2018-12-20 13:38:00 - [TEST_STEP][PASSED] - mouseOver: Object: 'Object Repository/Final Object Repo/Landing Page/WorkFlow Menu' is hovered

2018-12-20 13:38:00 - [MESSAGE][PASSED] - Object: 'Object Repository/Final Object Repo/Landing Page/WorkFlow Menu' is hovered

2018-12-20 13:38:00 - [TEST_STEP][PASSED] - delay: Delayed 2 second(s)

2018-12-20 13:38:02 - [MESSAGE][PASSED] - Delayed 2 second(s)

2018-12-20 13:38:02 - [TEST_STEP][PASSED] - click: Object: 'Object Repository/Final Object Repo/Landing Page/Select to Workflow Listing' is clicked on

2018-12-20 13:38:03 - [MESSAGE][PASSED] - Object: 'Object Repository/Final Object Repo/Landing Page/Select to Workflow Listing' is clicked on

2018-12-20 13:38:03 - [TEST_STEP][PASSED] - delay: Delayed 2 second(s)

2018-12-20 13:38:05 - [MESSAGE][PASSED] - Delayed 2 second(s)

2018-12-20 13:38:05 - [TEST_STEP][PASSED] - click: Object: 'Object Repository/Final Object Repo/WorkFlow Listing Page/Search Information - To Put Ref No' is clicked on

2018-12-20 13:38:06 - [MESSAGE][PASSED] - Object: 'Object Repository/Final Object Repo/WorkFlow Listing Page/Search Information - To Put Ref No' is clicked on

2018-12-20 13:38:06 - [TEST_STEP][PASSED] - delay: Delayed 2 second(s)

2018-12-20 13:38:08 - [MESSAGE][PASSED] - Delayed 2 second(s)

2018-12-20 13:38:08 - [TEST_STEP][PASSED] - callTestCase: Call Test Case 'Test Cases/Final Aug 2018 - PKS Automation/Common/Reference Number Getter' successfully

2018-12-20 13:38:08 - [TEST_CASE][PASSED] - Test Cases/Final Aug 2018 - PKS Automation/Common/Reference Number Getter: Test Cases/Final Aug 2018 - PKS Automation/Common/Reference Number Getter

2018-12-20 13:38:08 - [TEST_STEP][PASSED] - Statement - Try: null

2018-12-20 13:38:08 - [TEST_STEP][PASSED] - Statement - RefNo = new java.io.File(C://Users//Admin//Desktop//PKS//Automation Reference Point//KatalonReference.txt): null

2018-12-20 13:38:08 - [TEST_STEP][PASSED] - Statement - bufferread = new java.io.BufferedReader(new java.io.FileReader(RefNo)): null

2018-12-20 13:38:08 - [TEST_STEP][PASSED] - Statement - readedVal = bufferread.readLine(): null

2018-12-20 13:38:08 - [TEST_STEP][PASSED] - Statement - out.println(CaseReferenceNo): null

2018-12-20 13:38:08 - [TEST_STEP][PASSED] - Statement - out.println(readedVal): null

2018-12-20 13:38:08 - [TEST_STEP][PASSED] - Statement - CaseReferenceNo = "": null

2018-12-20 13:38:08 - [TEST_STEP][PASSED] - Statement - CaseReferenceNo = readedVal: null

2018-12-20 13:38:08 - [MESSAGE][PASSED] - Call Test Case 'Test Cases/Final Aug 2018 - PKS Automation/Common/Reference Number Getter' successfully

2018-12-20 13:38:08 - [TEST_STEP][PASSED] - setText: Text 'ERN122018C200002537' is set on object 'Object Repository/Final Object Repo/WorkFlow Listing Page/Ref No Set Text'

2018-12-20 13:38:08 - [MESSAGE][PASSED] - Text 'ERN122018C200002537' is set on object 'Object Repository/Final Object Repo/WorkFlow Listing Page/Ref No Set Text'

2018-12-20 13:38:08 - [TEST_STEP][PASSED] - delay: Delayed 2 second(s)

2018-12-20 13:38:10 - [MESSAGE][PASSED] - Delayed 2 second(s)

2018-12-20 13:38:10 - [TEST_STEP][PASSED] - click: Object: 'Object Repository/Final Object Repo/WorkFlow Listing Page/Search Ref No Search Button' is clicked on

2018-12-20 13:38:10 - [MESSAGE][PASSED] - Object: 'Object Repository/Final Object Repo/WorkFlow Listing Page/Search Ref No Search Button' is clicked on

2018-12-20 13:38:10 - [TEST_STEP][PASSED] - delay: Delayed 6 second(s)

2018-12-20 13:38:16 - [MESSAGE][PASSED] - Delayed 6 second(s)

2018-12-20 13:38:16 - [TEST_STEP][PASSED] - click: Object: 'Object Repository/Final Object Repo/WorkFlow Listing Page/Click Continue Tooltip' is clicked on

2018-12-20 13:38:17 - [MESSAGE][PASSED] - Object: 'Object Repository/Final Object Repo/WorkFlow Listing Page/Click Continue Tooltip' is clicked on

2018-12-20 13:38:17 - [TEST_STEP][PASSED] - delay: Delayed 5 second(s)

2018-12-20 13:38:22 - [MESSAGE][PASSED] - Delayed 5 second(s)

2018-12-20 13:38:22 - [TEST_STEP][PASSED] - doubleClick: Object: 'Object Repository/Final Object Repo/WorkFlow Listing Page/Workflow Found - Listing 1' is double clicked on

2018-12-20 13:38:23 - [MESSAGE][PASSED] - Object: 'Object Repository/Final Object Repo/WorkFlow Listing Page/Workflow Found - Listing 1' is double clicked on

2018-12-20 13:38:23 - [TEST_STEP][PASSED] - Statement - println(OwnerID): null

2018-12-20 13:38:23 - [TEST_STEP][PASSED] - Statement - OwnerID = com.kms.katalon.core.webui.keyword.WebUiBuiltInKeywords.getText(com.kms.katalon.core.testobject.ObjectRepository.findTestObject(Final Object Repo/WorkFlow Listing Page/Workflow Found - Listing 1), STOP_ON_FAILURE): Text of object 'Object Repository/Final Object Repo/WorkFlow Listing Page/Workflow Found - Listing 1' is: 'JOHORuo3'

2018-12-20 13:38:23 - [MESSAGE][PASSED] - Text of object 'Object Repository/Final Object Repo/WorkFlow Listing Page/Workflow Found - Listing 1' is: 'JOHORuo3'

2018-12-20 13:38:23 - [TEST_STEP][PASSED] - Statement - OwnerID = OwnerID.toLowerCase() + "@gmail.com": null

2018-12-20 13:38:23 - [TEST_STEP][PASSED] - Statement - println(OwnerID): null

2018-12-20 13:38:23 - [TEST_STEP][PASSED] - delay: Delayed 2 second(s)

2018-12-20 13:38:25 - [MESSAGE][PASSED] - Delayed 2 second(s)

2018-12-20 13:38:25 - [MESSAGE][PASSED] - Call Test Case 'Test Cases/Final Aug 2018 - PKS Automation/Common/Workflow Owner Finder' successfully

2018-12-20 13:38:25 - [TEST_STEP][PASSED] - delay: Delayed 1 second(s)

2018-12-20 13:38:26 - [MESSAGE][PASSED] - Delayed 1 second(s)

2018-12-20 13:38:26 - [TEST_STEP][PASSED] - navigateToUrl: Navigate to 'https://assist2-uat.perkeso.gov.my/c/portal/logout' successfully

2018-12-20 13:38:27 - [MESSAGE][PASSED] - Navigate to 'https://assist2-uat.perkeso.gov.my/c/portal/logout' successfully

2018-12-20 13:38:27 - [TEST_STEP][PASSED] - delay: Delayed 1 second(s)

2018-12-20 13:38:28 - [MESSAGE][PASSED] - Delayed 1 second(s)

2018-12-20 13:38:28 - [TEST_STEP][PASSED] - callTestCase: Call Test Case 'Test Cases/Final Aug 2018 - PKS Automation/Registration Module/Workflow/Login and Search Case For Workflow' successfully

2018-12-20 13:38:28 - [TEST_CASE][PASSED] - Test Cases/Final Aug 2018 - PKS Automation/Registration Module/Workflow/Login and Search Case For Workflow: Test Cases/Final Aug 2018 - PKS Automation/Registration Module/Workflow/Login and Search Case For Workflow

2018-12-20 13:38:28 - [TEST_STEP][PASSED] - navigateToUrl: Navigate to 'https://assist2-uat.perkeso.gov.my/login' successfully

2018-12-20 13:38:28 - [MESSAGE][PASSED] - Navigate to 'https://assist2-uat.perkeso.gov.my/login' successfully

2018-12-20 13:38:28 - [TEST_STEP][PASSED] - setText: Text 'johoruo3@gmail.com' is set on object 'Object Repository/Final Object Repo/Login Page/Internal User/Email Address'

2018-12-20 13:38:28 - [MESSAGE][PASSED] - Text 'johoruo3@gmail.com' is set on object 'Object Repository/Final Object Repo/Login Page/Internal User/Email Address'

2018-12-20 13:38:28 - [TEST_STEP][PASSED] - click: Object: 'Object Repository/Final Object Repo/Login Page/Internal User/Next Button' is clicked on

2018-12-20 13:38:29 - [MESSAGE][PASSED] - Object: 'Object Repository/Final Object Repo/Login Page/Internal User/Next Button' is clicked on

2018-12-20 13:38:29 - [TEST_STEP][PASSED] - delay: Delayed 1 second(s)

2018-12-20 13:38:30 - [MESSAGE][PASSED] - Delayed 1 second(s)

2018-12-20 13:38:30 - [TEST_STEP][PASSED] - setEncryptedText: Text ****** has been set on object 'Object Repository/Final Object Repo/Login Page/Internal User/Password'

2018-12-20 13:38:30 - [MESSAGE][PASSED] - Text ****** has been set on object 'Object Repository/Final Object Repo/Login Page/Internal User/Password'

2018-12-20 13:38:30 - [TEST_STEP][PASSED] - click: Object: 'Object Repository/Final Object Repo/Login Page/Internal User/Login Button' is clicked on

2018-12-20 13:38:30 - [MESSAGE][PASSED] - Object: 'Object Repository/Final Object Repo/Login Page/Internal User/Login Button' is clicked on

2018-12-20 13:38:30 - [TEST_STEP][PASSED] - delay: Delayed 2 second(s)

2018-12-20 13:38:32 - [MESSAGE][PASSED] - Delayed 2 second(s)

2018-12-20 13:38:32 - [TEST_STEP][PASSED] - Statement - Try: Delayed 2 second(s)

2018-12-20 13:38:32 - [TEST_STEP][PASSED] - Statement - Checker = false: null

2018-12-20 13:38:32 - [TEST_STEP][PASSED] - Statement - Checker = com.kms.katalon.core.webui.keyword.WebUiBuiltInKeywords.verifyElementHasAttribute(com.kms.katalon.core.testobject.ObjectRepository.findTestObject(Final Object Repo/Landing Page/BM Detecting), "href", 20, OPTIONAL): Object 'Object Repository/Final Object Repo/Landing Page/BM Detecting' has attribute 'href'

2018-12-20 13:38:32 - [MESSAGE][PASSED] - Object 'Object Repository/Final Object Repo/Landing Page/BM Detecting' has attribute 'href'

2018-12-20 13:38:32 - [TEST_STEP][PASSED] - Statement - out.println(Checker): null

2018-12-20 13:38:32 - [TEST_STEP][PASSED] - Statement - If (Checker == false): null

2018-12-20 13:38:32 - [TEST_STEP][PASSED] - Statement - Else: null

2018-12-20 13:38:32 - [TEST_STEP][PASSED] - delay: Delayed 2 second(s)

2018-12-20 13:38:34 - [MESSAGE][PASSED] - Delayed 2 second(s)

2018-12-20 13:38:34 - [TEST_STEP][PASSED] - click: Object: 'Object Repository/Final Object Repo/Page_MyASSIST - ASSIST - Search Pending Case For Add Supporting Document/Search Information' is clicked on

2018-12-20 13:38:34 - [MESSAGE][PASSED] - Object: 'Object Repository/Final Object Repo/Page_MyASSIST - ASSIST - Search Pending Case For Add Supporting Document/Search Information' is clicked on

2018-12-20 13:38:34 - [TEST_STEP][PASSED] - delay: Delayed 3 second(s)

2018-12-20 13:38:37 - [MESSAGE][PASSED] - Delayed 3 second(s)

2018-12-20 13:38:37 - [TEST_STEP][PASSED] - sendKeys: Keys 'ERN122018C200002537' sent to object: 'Object Repository/Final Object Repo/Page_MyASSIST - ASSIST - Search Pending Case For Add Supporting Document/Reference No'

2018-12-20 13:38:38 - [MESSAGE][PASSED] - Keys 'ERN122018C200002537' sent to object: 'Object Repository/Final Object Repo/Page_MyASSIST - ASSIST - Search Pending Case For Add Supporting Document/Reference No'

2018-12-20 13:38:38 - [TEST_STEP][PASSED] - click: Object: 'Object Repository/Final Object Repo/Page_MyASSIST - ASSIST - Search Pending Case For Add Supporting Document/Search Reference No' is clicked on

2018-12-20 13:38:38 - [MESSAGE][PASSED] - Object: 'Object Repository/Final Object Repo/Page_MyASSIST - ASSIST - Search Pending Case For Add Supporting Document/Search Reference No' is clicked on

2018-12-20 13:38:38 - [TEST_STEP][PASSED] - delay: Delayed 2 second(s)

2018-12-20 13:38:40 - [MESSAGE][PASSED] - Delayed 2 second(s)

2018-12-20 13:38:40 - [TEST_STEP][PASSED] - click: Object: 'Object Repository/Final Object Repo/Page_MyASSIST - ASSIST - Search Pending Case For Add Supporting Document/Continue' is clicked on

2018-12-20 13:38:43 - [MESSAGE][PASSED] - Object: 'Object Repository/Final Object Repo/Page_MyASSIST - ASSIST - Search Pending Case For Add Supporting Document/Continue' is clicked on

2018-12-20 13:38:43 - [TEST_STEP][PASSED] - delay: Delayed 20 second(s)

2018-12-20 13:39:03 - [MESSAGE][PASSED] - Delayed 20 second(s)

2018-12-20 13:39:03 - [MESSAGE][PASSED] - Call Test Case 'Test Cases/Final Aug 2018 - PKS Automation/Registration Module/Workflow/Login and Search Case For Workflow' successfully

2018-12-20 13:39:03 - [TEST_STEP][PASSED] - click: Object: 'Object Repository/Final Object Repo/Page_Form 3 EIS - Cessation as Employer/Page_Form 3 EIS - Cessation as Employer (Approve)/Save  Continue in Form 3 Page' is clicked on

2018-12-20 13:39:04 - [MESSAGE][PASSED] - Object: 'Object Repository/Final Object Repo/Page_Form 3 EIS - Cessation as Employer/Page_Form 3 EIS - Cessation as Employer (Approve)/Save  Continue in Form 3 Page' is clicked on

2018-12-20 13:39:04 - [TEST_STEP][PASSED] - delay: Delayed 2 second(s)

2018-12-20 13:39:06 - [MESSAGE][PASSED] - Delayed 2 second(s)

2018-12-20 13:39:06 - [TEST_STEP][PASSED] - click: Object: 'Object Repository/Final Object Repo/Page_Form 3 EIS - Cessation as Employer/Page_Form 3 EIS - Cessation as Employer (Approve)/Save  Continue in Resigned Page' is clicked on

2018-12-20 13:39:06 - [MESSAGE][PASSED] - Object: 'Object Repository/Final Object Repo/Page_Form 3 EIS - Cessation as Employer/Page_Form 3 EIS - Cessation as Employer (Approve)/Save  Continue in Resigned Page' is clicked on

2018-12-20 13:39:06 - [TEST_STEP][PASSED] - delay: Delayed 2 second(s)

2018-12-20 13:39:08 - [MESSAGE][PASSED] - Delayed 2 second(s)

2018-12-20 13:39:08 - [TEST_STEP][PASSED] - click: Object: 'Object Repository/Final Object Repo/Page_Form 3 EIS - Cessation as Employer/Page_Form 3 EIS - Cessation as Employer (Approve)/Save  Continue in Uploading Page' is clicked on

2018-12-20 13:39:09 - [MESSAGE][PASSED] - Object: 'Object Repository/Final Object Repo/Page_Form 3 EIS - Cessation as Employer/Page_Form 3 EIS - Cessation as Employer (Approve)/Save  Continue in Uploading Page' is clicked on

2018-12-20 13:39:09 - [TEST_STEP][PASSED] - delay: Delayed 2 second(s)

2018-12-20 13:39:11 - [MESSAGE][PASSED] - Delayed 2 second(s)

2018-12-20 13:39:11 - [TEST_STEP][PASSED] - click: Object: 'Object Repository/Final Object Repo/Page_Form 3 EIS - Cessation as Employer/Page_Form 3 EIS - Cessation as Employer (Under enforcement)/Underenforcement' is clicked on

2018-12-20 13:39:14 - [MESSAGE][PASSED] - Object: 'Object Repository/Final Object Repo/Page_Form 3 EIS - Cessation as Employer/Page_Form 3 EIS - Cessation as Employer (Under enforcement)/Underenforcement' is clicked on

2018-12-20 13:39:14 - [TEST_STEP][PASSED] - delay: Delayed 2 second(s)

2018-12-20 13:39:16 - [MESSAGE][PASSED] - Delayed 2 second(s)

2018-12-20 13:39:16 - [TEST_STEP][PASSED] - setText: Text 'Remark' is set on object 'Object Repository/Final Object Repo/Page_Form 3 EIS - Cessation as Employer/Page_Form 3 EIS - Cessation as Employer (Under enforcement)/Under enforcement - Remark'

2018-12-20 13:39:16 - [MESSAGE][PASSED] - Text 'Remark' is set on object 'Object Repository/Final Object Repo/Page_Form 3 EIS - Cessation as Employer/Page_Form 3 EIS - Cessation as Employer (Under enforcement)/Under enforcement - Remark'

2018-12-20 13:39:16 - [TEST_STEP][PASSED] - delay: Delayed 2 second(s)

2018-12-20 13:39:18 - [MESSAGE][PASSED] - Delayed 2 second(s)

2018-12-20 13:39:18 - [TEST_STEP][PASSED] - click: Object: 'Object Repository/Final Object Repo/Page_Form 3 EIS - Cessation as Employer/Page_Form 3 EIS - Cessation as Employer (Under enforcement)/Save  Continue in Under enforcement' is clicked on

2018-12-20 13:39:18 - [MESSAGE][PASSED] - Object: 'Object Repository/Final Object Repo/Page_Form 3 EIS - Cessation as Employer/Page_Form 3 EIS - Cessation as Employer (Under enforcement)/Save  Continue in Under enforcement' is clicked on

2018-12-20 13:39:18 - [TEST_STEP][PASSED] - doubleClick: Object: 'Object Repository/Final Object Repo/Page_Form 3 EIS - Cessation as Employer/Page_Form 3 EIS - Cessation as Employer (Under enforcement)/Message The case is under enforcement' is double clicked on

2018-12-20 13:39:22 - [MESSAGE][PASSED] - Object: 'Object Repository/Final Object Repo/Page_Form 3 EIS - Cessation as Employer/Page_Form 3 EIS - Cessation as Employer (Under enforcement)/Message The case is under enforcement' is double clicked on

2018-12-20 13:39:22 - [MESSAGE][PASSED] - Call Test Case 'Test Cases/Final Aug 2018 - PKS Automation/Registration Module/Workflow/Form 3 EIS - Cessation As Employer/Template/Form 3 A - Cessation As Employer (Under enforcement)' successfully]]></system-out>
         <system-err><![CDATA[]]></system-err>
      </testcase>
      <testcase name="Test Cases/Final Aug 2018 - PKS Automation/Registration Module/Workflow/Form 3 EIS - Cessation As Employer/PKRBO to UO (Approve)" classname="Test Cases/Final Aug 2018 - PKS Automation/Registration Module/Workflow/Form 3 EIS - Cessation As Employer/PKRBO to UO (Approve)" status="PASSED">
         <system-out><![CDATA[2018-12-20 13:39:22 - [TEST_CASE][PASSED] - Test Cases/Final Aug 2018 - PKS Automation/Registration Module/Workflow/Form 3 EIS - Cessation As Employer/PKRBO to UO (Approve): Test Cases/Final Aug 2018 - PKS Automation/Registration Module/Workflow/Form 3 EIS - Cessation As Employer/PKRBO to UO (Approve)

2018-12-20 13:39:23 - [TEST_STEP][PASSED] - callTestCase: Call Test Case 'Test Cases/Final Aug 2018 - PKS Automation/Registration Module/Workflow/Form 3 EIS - Cessation As Employer/Template/Form 3 A - Cessation As Employer (PKRBO)' successfully

2018-12-20 13:39:23 - [TEST_CASE][PASSED] - Test Cases/Final Aug 2018 - PKS Automation/Registration Module/Workflow/Form 3 EIS - Cessation As Employer/Template/Form 3 A - Cessation As Employer (PKRBO): Test Cases/Final Aug 2018 - PKS Automation/Registration Module/Workflow/Form 3 EIS - Cessation As Employer/Template/Form 3 A - Cessation As Employer (PKRBO)

2018-12-20 13:39:23 - [TEST_STEP][PASSED] - openBrowser: Browser is opened with url: ''

2018-12-20 13:39:23 - [MESSAGE][WARNING] - A browser is already opened. Closing browser and opening a new one

2018-12-20 13:39:26 - [MESSAGE][PASSED] - Browser is opened with url: ''

2018-12-20 13:39:26 - [TEST_STEP][PASSED] - navigateToUrl: Navigate to 'https://assist2-uat.perkeso.gov.my/login' successfully

2018-12-20 13:39:27 - [MESSAGE][PASSED] - Navigate to 'https://assist2-uat.perkeso.gov.my/login' successfully

2018-12-20 13:39:27 - [TEST_STEP][PASSED] - setText: Text 'johorpkrbo1@gmail.com' is set on object 'Object Repository/Final Object Repo/Login Page/Internal User/Email Address'

2018-12-20 13:39:27 - [MESSAGE][PASSED] - Text 'johorpkrbo1@gmail.com' is set on object 'Object Repository/Final Object Repo/Login Page/Internal User/Email Address'

2018-12-20 13:39:27 - [TEST_STEP][PASSED] - click: Object: 'Object Repository/Final Object Repo/Login Page/Internal User/Next Button' is clicked on

2018-12-20 13:39:27 - [MESSAGE][PASSED] - Object: 'Object Repository/Final Object Repo/Login Page/Internal User/Next Button' is clicked on

2018-12-20 13:39:27 - [TEST_STEP][PASSED] - delay: Delayed 1 second(s)

2018-12-20 13:39:28 - [MESSAGE][PASSED] - Delayed 1 second(s)

2018-12-20 13:39:28 - [TEST_STEP][PASSED] - setEncryptedText: Text ****** has been set on object 'Object Repository/Final Object Repo/Login Page/Internal User/Password'

2018-12-20 13:39:29 - [MESSAGE][PASSED] - Text ****** has been set on object 'Object Repository/Final Object Repo/Login Page/Internal User/Password'

2018-12-20 13:39:29 - [TEST_STEP][PASSED] - click: Object: 'Object Repository/Final Object Repo/Login Page/Internal User/Login Button' is clicked on

2018-12-20 13:39:29 - [MESSAGE][PASSED] - Object: 'Object Repository/Final Object Repo/Login Page/Internal User/Login Button' is clicked on

2018-12-20 13:39:29 - [TEST_STEP][PASSED] - delay: Delayed 1 second(s)

2018-12-20 13:39:30 - [MESSAGE][PASSED] - Delayed 1 second(s)

2018-12-20 13:39:30 - [TEST_STEP][PASSED] - Statement - Try: Delayed 2 second(s)

2018-12-20 13:39:30 - [TEST_STEP][PASSED] - Statement - Checker = false: null

2018-12-20 13:39:30 - [TEST_STEP][PASSED] - Statement - Checker = com.kms.katalon.core.webui.keyword.WebUiBuiltInKeywords.verifyElementHasAttribute(com.kms.katalon.core.testobject.ObjectRepository.findTestObject(Final Object Repo/Landing Page/BM Detecting), "href", 20, OPTIONAL): Object 'Object Repository/Final Object Repo/Landing Page/BM Detecting' has attribute 'href'

2018-12-20 13:39:31 - [MESSAGE][PASSED] - Object 'Object Repository/Final Object Repo/Landing Page/BM Detecting' has attribute 'href'

2018-12-20 13:39:31 - [TEST_STEP][PASSED] - Statement - out.println(Checker): null

2018-12-20 13:39:31 - [TEST_STEP][PASSED] - Statement - If (Checker == false): null

2018-12-20 13:39:31 - [TEST_STEP][PASSED] - Statement - Else: null

2018-12-20 13:39:31 - [TEST_STEP][PASSED] - delay: Delayed 2 second(s)

2018-12-20 13:39:33 - [MESSAGE][PASSED] - Delayed 2 second(s)

2018-12-20 13:39:33 - [TEST_STEP][PASSED] - navigateToUrl: Navigate to 'https://assist2-uat.perkeso.gov.my/web/registration/eis-update/form-3-eis-cessation-as-employer' successfully

2018-12-20 13:39:34 - [MESSAGE][PASSED] - Navigate to 'https://assist2-uat.perkeso.gov.my/web/registration/eis-update/form-3-eis-cessation-as-employer' successfully

2018-12-20 13:39:34 - [TEST_STEP][PASSED] - delay: Delayed 1 second(s)

2018-12-20 13:39:35 - [MESSAGE][PASSED] - Delayed 1 second(s)

2018-12-20 13:39:35 - [TEST_STEP][PASSED] - setText: Text 'E1102069769W' is set on object 'Object Repository/Final Object Repo/Page_Form 3 EIS - Cessation as Employer/Employer Code'

2018-12-20 13:39:35 - [MESSAGE][PASSED] - Text 'E1102069769W' is set on object 'Object Repository/Final Object Repo/Page_Form 3 EIS - Cessation as Employer/Employer Code'

2018-12-20 13:39:35 - [TEST_STEP][PASSED] - click: Object: 'Object Repository/Final Object Repo/Page_Form 3 EIS - Cessation as Employer/Search' is clicked on

2018-12-20 13:39:36 - [MESSAGE][PASSED] - Object: 'Object Repository/Final Object Repo/Page_Form 3 EIS - Cessation as Employer/Search' is clicked on

2018-12-20 13:39:36 - [TEST_STEP][PASSED] - click: Object: 'Object Repository/Final Object Repo/Page_Form 3 EIS - Cessation as Employer/Edit' is clicked on

2018-12-20 13:39:38 - [MESSAGE][PASSED] - Object: 'Object Repository/Final Object Repo/Page_Form 3 EIS - Cessation as Employer/Edit' is clicked on

2018-12-20 13:39:38 - [TEST_STEP][PASSED] - delay: Delayed 1 second(s)

2018-12-20 13:39:39 - [MESSAGE][PASSED] - Delayed 1 second(s)

2018-12-20 13:39:39 - [TEST_STEP][PASSED] - Statement - abc = com.kms.katalon.core.webui.keyword.WebUiBuiltInKeywords.getAttribute(com.kms.katalon.core.testobject.ObjectRepository.findTestObject(Final Object Repo/Page_Form 3 EIS - Cessation as Employer/Employer Status), "value"): Attribute 'value' of object 'Object Repository/Final Object Repo/Page_Form 3 EIS - Cessation as Employer/Employer Status' is: 'Active'

2018-12-20 13:39:39 - [MESSAGE][PASSED] - Attribute 'value' of object 'Object Repository/Final Object Repo/Page_Form 3 EIS - Cessation as Employer/Employer Status' is: 'Active'

2018-12-20 13:39:39 - [TEST_STEP][PASSED] - Statement - out.println(abc): null

2018-12-20 13:39:39 - [TEST_STEP][PASSED] - Statement - If (abc == "Active"): Object: 'Object Repository/Final Object Repo/Page_Form 3 EIS - Cessation as Employer/Dormant EIS' is clicked on

2018-12-20 13:39:39 - [TEST_STEP][PASSED] - click: Object: 'Object Repository/Final Object Repo/Page_Form 3 EIS - Cessation as Employer/Change Employer Status to' is clicked on

2018-12-20 13:39:39 - [MESSAGE][PASSED] - Object: 'Object Repository/Final Object Repo/Page_Form 3 EIS - Cessation as Employer/Change Employer Status to' is clicked on

2018-12-20 13:39:39 - [TEST_STEP][PASSED] - click: Object: 'Object Repository/Final Object Repo/Page_Form 3 EIS - Cessation as Employer/Dormant EIS' is clicked on

2018-12-20 13:39:39 - [MESSAGE][PASSED] - Object: 'Object Repository/Final Object Repo/Page_Form 3 EIS - Cessation as Employer/Dormant EIS' is clicked on

2018-12-20 13:39:39 - [TEST_STEP][PASSED] - click: Object: 'Object Repository/Final Object Repo/Page_Form 3 EIS - Cessation as Employer/Calender' is clicked on

2018-12-20 13:39:40 - [MESSAGE][PASSED] - Object: 'Object Repository/Final Object Repo/Page_Form 3 EIS - Cessation as Employer/Calender' is clicked on

2018-12-20 13:39:40 - [TEST_STEP][PASSED] - delay: Delayed 1 second(s)

2018-12-20 13:39:41 - [MESSAGE][PASSED] - Delayed 1 second(s)

2018-12-20 13:39:41 - [TEST_STEP][PASSED] - click: Object: 'Object Repository/Final Object Repo/Page_Form 3 EIS - Cessation as Employer/Calender - Date' is clicked on

2018-12-20 13:39:41 - [MESSAGE][PASSED] - Object: 'Object Repository/Final Object Repo/Page_Form 3 EIS - Cessation as Employer/Calender - Date' is clicked on

2018-12-20 13:39:41 - [TEST_STEP][PASSED] - click: Object: 'Object Repository/Final Object Repo/Page_Form 3 EIS - Cessation as Employer/Save  Continue in Form 3 EIS Page' is clicked on

2018-12-20 13:39:41 - [MESSAGE][PASSED] - Object: 'Object Repository/Final Object Repo/Page_Form 3 EIS - Cessation as Employer/Save  Continue in Form 3 EIS Page' is clicked on

2018-12-20 13:39:41 - [TEST_STEP][PASSED] - delay: Delayed 1 second(s)

2018-12-20 13:39:42 - [MESSAGE][PASSED] - Delayed 1 second(s)

2018-12-20 13:39:42 - [TEST_STEP][PASSED] - click: Object: 'Object Repository/Final Object Repo/Page_Form 3 EIS - Cessation as Employer/Employment Resign Date' is clicked on

2018-12-20 13:39:42 - [MESSAGE][PASSED] - Object: 'Object Repository/Final Object Repo/Page_Form 3 EIS - Cessation as Employer/Employment Resign Date' is clicked on

2018-12-20 13:39:42 - [TEST_STEP][PASSED] - selectOptionByValue: All options with value '2030' are selected in object 'Object Repository/Final Object Repo/Page_Form 3 EIS - Cessation as Employer/Employment Resign Date - Year' 

2018-12-20 13:39:43 - [MESSAGE][PASSED] - All options with value '2030' are selected in object 'Object Repository/Final Object Repo/Page_Form 3 EIS - Cessation as Employer/Employment Resign Date - Year' 

2018-12-20 13:39:43 - [TEST_STEP][PASSED] - delay: Delayed 2 second(s)

2018-12-20 13:39:45 - [MESSAGE][PASSED] - Delayed 2 second(s)

2018-12-20 13:39:45 - [TEST_STEP][PASSED] - click: Object: 'Object Repository/Final Object Repo/Page_Form 3 EIS - Cessation as Employer/Employment Resign Date - Year - Date' is clicked on

2018-12-20 13:39:45 - [MESSAGE][PASSED] - Object: 'Object Repository/Final Object Repo/Page_Form 3 EIS - Cessation as Employer/Employment Resign Date - Year - Date' is clicked on

2018-12-20 13:39:45 - [TEST_STEP][PASSED] - delay: Delayed 2 second(s)

2018-12-20 13:39:47 - [MESSAGE][PASSED] - Delayed 2 second(s)

2018-12-20 13:39:47 - [TEST_STEP][PASSED] - click: Object: 'Object Repository/Final Object Repo/Page_Form 3 EIS - Cessation as Employer/Save  Continue in Employment Resign Page' is clicked on

2018-12-20 13:39:47 - [MESSAGE][PASSED] - Object: 'Object Repository/Final Object Repo/Page_Form 3 EIS - Cessation as Employer/Save  Continue in Employment Resign Page' is clicked on

2018-12-20 13:39:47 - [TEST_STEP][PASSED] - delay: Delayed 2 second(s)

2018-12-20 13:39:49 - [MESSAGE][PASSED] - Delayed 2 second(s)

2018-12-20 13:39:49 - [TEST_STEP][PASSED] - click: Object: 'Object Repository/Final Object Repo/Page_Form 3 EIS - Cessation as Employer/Set Latest - Yes' is clicked on

2018-12-20 13:39:49 - [MESSAGE][PASSED] - Object: 'Object Repository/Final Object Repo/Page_Form 3 EIS - Cessation as Employer/Set Latest - Yes' is clicked on

2018-12-20 13:39:49 - [TEST_STEP][PASSED] - delay: Delayed 2 second(s)

2018-12-20 13:39:51 - [MESSAGE][PASSED] - Delayed 2 second(s)

2018-12-20 13:39:51 - [TEST_STEP][PASSED] - click: Object: 'Object Repository/Final Object Repo/Page_Form 3 EIS - Cessation as Employer/Add Document' is clicked on

2018-12-20 13:39:52 - [MESSAGE][PASSED] - Object: 'Object Repository/Final Object Repo/Page_Form 3 EIS - Cessation as Employer/Add Document' is clicked on

2018-12-20 13:39:52 - [TEST_STEP][PASSED] - delay: Delayed 3 second(s)

2018-12-20 13:39:55 - [MESSAGE][PASSED] - Delayed 3 second(s)

2018-12-20 13:39:55 - [TEST_STEP][PASSED] - click: Object: 'Object Repository/Final Object Repo/Page_Form 3 EIS - Cessation as Employer/Document Type' is clicked on

2018-12-20 13:39:55 - [MESSAGE][PASSED] - Object: 'Object Repository/Final Object Repo/Page_Form 3 EIS - Cessation as Employer/Document Type' is clicked on

2018-12-20 13:39:55 - [TEST_STEP][PASSED] - click: Object: 'Object Repository/Final Object Repo/Page_Form 3 EIS - Cessation as Employer/Document Type - Form 3' is clicked on

2018-12-20 13:39:56 - [MESSAGE][PASSED] - Object: 'Object Repository/Final Object Repo/Page_Form 3 EIS - Cessation as Employer/Document Type - Form 3' is clicked on

2018-12-20 13:39:56 - [TEST_STEP][PASSED] - delay: Delayed 2 second(s)

2018-12-20 13:39:58 - [MESSAGE][PASSED] - Delayed 2 second(s)

2018-12-20 13:39:58 - [TEST_STEP][PASSED] - sendKeys: Keys 'C:\Users\Public\Pictures\Sample Pictures\Koala.jpg' sent to object: 'Object Repository/Final Object Repo/Page_Form 3 EIS - Cessation as Employer/ploading File'

2018-12-20 13:39:58 - [MESSAGE][PASSED] - Keys 'C:\Users\Public\Pictures\Sample Pictures\Koala.jpg' sent to object: 'Object Repository/Final Object Repo/Page_Form 3 EIS - Cessation as Employer/ploading File'

2018-12-20 13:39:58 - [TEST_STEP][PASSED] - delay: Delayed 1 second(s)

2018-12-20 13:39:59 - [MESSAGE][PASSED] - Delayed 1 second(s)

2018-12-20 13:39:59 - [TEST_STEP][PASSED] - click: Object: 'Object Repository/Final Object Repo/Page_Form 3 EIS - Cessation as Employer/Add Document in Uploading Page' is clicked on

2018-12-20 13:39:59 - [MESSAGE][PASSED] - Object: 'Object Repository/Final Object Repo/Page_Form 3 EIS - Cessation as Employer/Add Document in Uploading Page' is clicked on

2018-12-20 13:39:59 - [TEST_STEP][PASSED] - delay: Delayed 2 second(s)

2018-12-20 13:40:01 - [MESSAGE][PASSED] - Delayed 2 second(s)

2018-12-20 13:40:01 - [TEST_STEP][PASSED] - Statement - CaseReferenceNo = com.kms.katalon.core.webui.keyword.WebUiBuiltInKeywords.getText(com.kms.katalon.core.testobject.ObjectRepository.findTestObject(Final Object Repo/Page_Update Employer Information/Reference Number in Update Employee Information Page)): Text of object 'Object Repository/Final Object Repo/Page_Update Employer Information/Reference Number in Update Employee Information Page' is: 'ERN122018C200002538'

2018-12-20 13:40:03 - [MESSAGE][PASSED] - Text of object 'Object Repository/Final Object Repo/Page_Update Employer Information/Reference Number in Update Employee Information Page' is: 'ERN122018C200002538'

2018-12-20 13:40:03 - [TEST_STEP][PASSED] - callTestCase: Call Test Case 'Test Cases/Final Aug 2018 - PKS Automation/Common/Reference Number Setter' successfully

2018-12-20 13:40:03 - [TEST_CASE][PASSED] - Test Cases/Final Aug 2018 - PKS Automation/Common/Reference Number Setter: Test Cases/Final Aug 2018 - PKS Automation/Common/Reference Number Setter

2018-12-20 13:40:03 - [TEST_STEP][PASSED] - Statement - RefNoOldFile = new java.io.File(C://Users//Admin//Desktop//PKS//Automation Reference Point//KatalonReference.txt): null

2018-12-20 13:40:03 - [TEST_STEP][PASSED] - Statement - RefNoOldFile.delete(): null

2018-12-20 13:40:03 - [TEST_STEP][PASSED] - delay: Delayed 5 second(s)

2018-12-20 13:40:08 - [MESSAGE][PASSED] - Delayed 5 second(s)

2018-12-20 13:40:08 - [TEST_STEP][PASSED] - Statement - RefNo = new java.io.File(C://Users//Admin//Desktop//PKS//Automation Reference Point//KatalonReference.txt): null

2018-12-20 13:40:08 - [TEST_STEP][PASSED] - Statement - f2 = new java.io.FileWriter(RefNo, false): null

2018-12-20 13:40:08 - [TEST_STEP][PASSED] - Statement - f2.write(CaseReferenceNo): null

2018-12-20 13:40:08 - [TEST_STEP][PASSED] - Statement - f2.close(): null

2018-12-20 13:40:08 - [TEST_STEP][PASSED] - Statement - out.println("


" + CaseReferenceNo + "


"): null

2018-12-20 13:40:08 - [MESSAGE][PASSED] - Call Test Case 'Test Cases/Final Aug 2018 - PKS Automation/Common/Reference Number Setter' successfully

2018-12-20 13:40:08 - [TEST_STEP][PASSED] - delay: Delayed 2 second(s)

2018-12-20 13:40:10 - [MESSAGE][PASSED] - Delayed 2 second(s)

2018-12-20 13:40:10 - [TEST_STEP][PASSED] - click: Object: 'Object Repository/Final Object Repo/Page_Form 3 EIS - Cessation as Employer/Save  Continue in Uploading Page' is clicked on

2018-12-20 13:40:10 - [MESSAGE][PASSED] - Object: 'Object Repository/Final Object Repo/Page_Form 3 EIS - Cessation as Employer/Save  Continue in Uploading Page' is clicked on

2018-12-20 13:40:10 - [TEST_STEP][PASSED] - delay: Delayed 2 second(s)

2018-12-20 13:40:12 - [MESSAGE][PASSED] - Delayed 2 second(s)

2018-12-20 13:40:12 - [TEST_STEP][PASSED] - click: Object: 'Object Repository/Final Object Repo/Page_Form 3 EIS - Cessation as Employer/Submit' is clicked on

2018-12-20 13:40:15 - [MESSAGE][PASSED] - Object: 'Object Repository/Final Object Repo/Page_Form 3 EIS - Cessation as Employer/Submit' is clicked on

2018-12-20 13:40:15 - [TEST_STEP][PASSED] - delay: Delayed 2 second(s)

2018-12-20 13:40:17 - [MESSAGE][PASSED] - Delayed 2 second(s)

2018-12-20 13:40:17 - [TEST_STEP][PASSED] - click: Object: 'Object Repository/Final Object Repo/Page_Form 3 EIS - Cessation as Employer/Confirm' is clicked on

2018-12-20 13:40:17 - [MESSAGE][PASSED] - Object: 'Object Repository/Final Object Repo/Page_Form 3 EIS - Cessation as Employer/Confirm' is clicked on

2018-12-20 13:40:17 - [TEST_STEP][PASSED] - delay: Delayed 2 second(s)

2018-12-20 13:40:19 - [MESSAGE][PASSED] - Delayed 2 second(s)

2018-12-20 13:40:19 - [TEST_STEP][PASSED] - click: Object: 'Object Repository/Final Object Repo/Page_Form 3 EIS - Cessation as Employer/Message Your Request will be routed to UO' is clicked on

2018-12-20 13:40:22 - [MESSAGE][PASSED] - Object: 'Object Repository/Final Object Repo/Page_Form 3 EIS - Cessation as Employer/Message Your Request will be routed to UO' is clicked on

2018-12-20 13:40:22 - [TEST_STEP][PASSED] - click: Object: 'Object Repository/Final Object Repo/Page_Form 3 EIS - Cessation as Employer/Letter of acknowledgement' is clicked on

2018-12-20 13:40:23 - [MESSAGE][PASSED] - Object: 'Object Repository/Final Object Repo/Page_Form 3 EIS - Cessation as Employer/Letter of acknowledgement' is clicked on

2018-12-20 13:40:23 - [MESSAGE][PASSED] - Call Test Case 'Test Cases/Final Aug 2018 - PKS Automation/Registration Module/Workflow/Form 3 EIS - Cessation As Employer/Template/Form 3 A - Cessation As Employer (PKRBO)' successfully

2018-12-20 13:40:23 - [TEST_STEP][PASSED] - callTestCase: Call Test Case 'Test Cases/Final Aug 2018 - PKS Automation/Registration Module/Workflow/Form 3 EIS - Cessation As Employer/Template/Form 3 A - Cessation As Employer (Approve)' successfully

2018-12-20 13:40:23 - [TEST_CASE][PASSED] - Test Cases/Final Aug 2018 - PKS Automation/Registration Module/Workflow/Form 3 EIS - Cessation As Employer/Template/Form 3 A - Cessation As Employer (Approve): Test Cases/Final Aug 2018 - PKS Automation/Registration Module/Workflow/Form 3 EIS - Cessation As Employer/Template/Form 3 A - Cessation As Employer (Approve)

2018-12-20 13:40:23 - [TEST_STEP][NOT_RUN] - callTestCase: NOT_RUN: callTestCase

2018-12-20 13:40:23 - [MESSAGE][NOT_RUN] - NOT_RUN: callTestCase

2018-12-20 13:40:23 - [TEST_STEP][PASSED] - delay: Delayed 1 second(s)

2018-12-20 13:40:24 - [MESSAGE][PASSED] - Delayed 1 second(s)

2018-12-20 13:40:24 - [TEST_STEP][PASSED] - navigateToUrl: Navigate to 'https://assist2-uat.perkeso.gov.my/c/portal/logout' successfully

2018-12-20 13:40:25 - [MESSAGE][PASSED] - Navigate to 'https://assist2-uat.perkeso.gov.my/c/portal/logout' successfully

2018-12-20 13:40:25 - [TEST_STEP][PASSED] - delay: Delayed 1 second(s)

2018-12-20 13:40:26 - [MESSAGE][PASSED] - Delayed 1 second(s)

2018-12-20 13:40:26 - [TEST_STEP][PASSED] - callTestCase: Call Test Case 'Test Cases/Final Aug 2018 - PKS Automation/Common/Reference Number Getter' successfully

2018-12-20 13:40:26 - [TEST_CASE][PASSED] - Test Cases/Final Aug 2018 - PKS Automation/Common/Reference Number Getter: Test Cases/Final Aug 2018 - PKS Automation/Common/Reference Number Getter

2018-12-20 13:40:26 - [TEST_STEP][PASSED] - Statement - Try: null

2018-12-20 13:40:26 - [TEST_STEP][PASSED] - Statement - RefNo = new java.io.File(C://Users//Admin//Desktop//PKS//Automation Reference Point//KatalonReference.txt): null

2018-12-20 13:40:26 - [TEST_STEP][PASSED] - Statement - bufferread = new java.io.BufferedReader(new java.io.FileReader(RefNo)): null

2018-12-20 13:40:26 - [TEST_STEP][PASSED] - Statement - readedVal = bufferread.readLine(): null

2018-12-20 13:40:26 - [TEST_STEP][PASSED] - Statement - out.println(CaseReferenceNo): null

2018-12-20 13:40:26 - [TEST_STEP][PASSED] - Statement - out.println(readedVal): null

2018-12-20 13:40:26 - [TEST_STEP][PASSED] - Statement - CaseReferenceNo = "": null

2018-12-20 13:40:26 - [TEST_STEP][PASSED] - Statement - CaseReferenceNo = readedVal: null

2018-12-20 13:40:26 - [MESSAGE][PASSED] - Call Test Case 'Test Cases/Final Aug 2018 - PKS Automation/Common/Reference Number Getter' successfully

2018-12-20 13:40:26 - [TEST_STEP][PASSED] - callTestCase: Call Test Case 'Test Cases/Final Aug 2018 - PKS Automation/Common/Workflow Owner Finder' successfully

2018-12-20 13:40:26 - [TEST_CASE][PASSED] - Test Cases/Final Aug 2018 - PKS Automation/Common/Workflow Owner Finder: Test Cases/Final Aug 2018 - PKS Automation/Common/Workflow Owner Finder

2018-12-20 13:40:26 - [TEST_STEP][PASSED] - openBrowser: Browser is opened with url: ''

2018-12-20 13:40:26 - [MESSAGE][WARNING] - A browser is already opened. Closing browser and opening a new one

2018-12-20 13:40:29 - [MESSAGE][PASSED] - Browser is opened with url: ''

2018-12-20 13:40:29 - [TEST_STEP][PASSED] - navigateToUrl: Navigate to 'https://assist2-uat.perkeso.gov.my/login' successfully

2018-12-20 13:40:32 - [MESSAGE][PASSED] - Navigate to 'https://assist2-uat.perkeso.gov.my/login' successfully

2018-12-20 13:40:32 - [TEST_STEP][PASSED] - delay: Delayed 5 second(s)

2018-12-20 13:40:37 - [MESSAGE][PASSED] - Delayed 5 second(s)

2018-12-20 13:40:37 - [TEST_STEP][PASSED] - setText: Text 'test@liferay.com' is set on object 'Object Repository/Final Object Repo/Login Page/Internal User/Email Address'

2018-12-20 13:40:37 - [MESSAGE][PASSED] - Text 'test@liferay.com' is set on object 'Object Repository/Final Object Repo/Login Page/Internal User/Email Address'

2018-12-20 13:40:37 - [TEST_STEP][PASSED] - click: Object: 'Object Repository/Final Object Repo/Login Page/Internal User/Next Button' is clicked on

2018-12-20 13:40:37 - [MESSAGE][PASSED] - Object: 'Object Repository/Final Object Repo/Login Page/Internal User/Next Button' is clicked on

2018-12-20 13:40:37 - [TEST_STEP][PASSED] - delay: Delayed 2 second(s)

2018-12-20 13:40:39 - [MESSAGE][PASSED] - Delayed 2 second(s)

2018-12-20 13:40:39 - [TEST_STEP][PASSED] - setText: Text 'test' is set on object 'Object Repository/Final Object Repo/Login Page/Internal User/Password'

2018-12-20 13:40:40 - [MESSAGE][PASSED] - Text 'test' is set on object 'Object Repository/Final Object Repo/Login Page/Internal User/Password'

2018-12-20 13:40:40 - [TEST_STEP][PASSED] - delay: Delayed 2 second(s)

2018-12-20 13:40:42 - [MESSAGE][PASSED] - Delayed 2 second(s)

2018-12-20 13:40:42 - [TEST_STEP][PASSED] - click: Object: 'Object Repository/Final Object Repo/Login Page/Internal User/Login Button' is clicked on

2018-12-20 13:40:42 - [MESSAGE][PASSED] - Object: 'Object Repository/Final Object Repo/Login Page/Internal User/Login Button' is clicked on

2018-12-20 13:40:42 - [TEST_STEP][PASSED] - Statement - tester = com.kms.katalon.core.testobject.ObjectRepository.findTestObject(Final Object Repo/Landing Page/Select to English): Finding Test Object with id 'Object Repository/Final Object Repo/Landing Page/Select to English'

2018-12-20 13:40:42 - [TEST_STEP][PASSED] - Statement - Try: Delayed 2 second(s)

2018-12-20 13:40:42 - [TEST_STEP][PASSED] - Statement - Checker = com.kms.katalon.core.webui.keyword.WebUiBuiltInKeywords.verifyElementNotPresent(tester, 3): Web element with id: 'Object Repository/Final Object Repo/Landing Page/Select to English' located by 'By.xpath: //a[@class = 'taglib-language-list-text' and @lang = 'en-US' and (contains(text(), 'EN') or contains(., 'EN'))]' is not present after '3' second(s)

2018-12-20 13:40:44 - [MESSAGE][PASSED] - Web element with id: 'Object Repository/Final Object Repo/Landing Page/Select to English' located by 'By.xpath: //a[@class = 'taglib-language-list-text' and @lang = 'en-US' and (contains(text(), 'EN') or contains(., 'EN'))]' is not present after '3' second(s)

2018-12-20 13:40:44 - [TEST_STEP][PASSED] - Statement - If (Checker == false): null

2018-12-20 13:40:44 - [TEST_STEP][PASSED] - delay: Delayed 2 second(s)

2018-12-20 13:40:46 - [MESSAGE][PASSED] - Delayed 2 second(s)

2018-12-20 13:40:46 - [TEST_STEP][PASSED] - delay: Delayed 5 second(s)

2018-12-20 13:40:51 - [MESSAGE][PASSED] - Delayed 5 second(s)

2018-12-20 13:40:51 - [TEST_STEP][PASSED] - mouseOver: Object: 'Object Repository/Final Object Repo/Landing Page/WorkFlow Menu' is hovered

2018-12-20 13:40:51 - [MESSAGE][PASSED] - Object: 'Object Repository/Final Object Repo/Landing Page/WorkFlow Menu' is hovered

2018-12-20 13:40:51 - [TEST_STEP][PASSED] - delay: Delayed 2 second(s)

2018-12-20 13:40:53 - [MESSAGE][PASSED] - Delayed 2 second(s)

2018-12-20 13:40:53 - [TEST_STEP][PASSED] - click: Object: 'Object Repository/Final Object Repo/Landing Page/Select to Workflow Listing' is clicked on

2018-12-20 13:40:54 - [MESSAGE][PASSED] - Object: 'Object Repository/Final Object Repo/Landing Page/Select to Workflow Listing' is clicked on

2018-12-20 13:40:54 - [TEST_STEP][PASSED] - delay: Delayed 2 second(s)

2018-12-20 13:40:56 - [MESSAGE][PASSED] - Delayed 2 second(s)

2018-12-20 13:40:56 - [TEST_STEP][PASSED] - click: Object: 'Object Repository/Final Object Repo/WorkFlow Listing Page/Search Information - To Put Ref No' is clicked on

2018-12-20 13:40:56 - [MESSAGE][PASSED] - Object: 'Object Repository/Final Object Repo/WorkFlow Listing Page/Search Information - To Put Ref No' is clicked on

2018-12-20 13:40:56 - [TEST_STEP][PASSED] - delay: Delayed 2 second(s)

2018-12-20 13:40:58 - [MESSAGE][PASSED] - Delayed 2 second(s)

2018-12-20 13:40:58 - [TEST_STEP][PASSED] - callTestCase: Call Test Case 'Test Cases/Final Aug 2018 - PKS Automation/Common/Reference Number Getter' successfully

2018-12-20 13:40:58 - [TEST_CASE][PASSED] - Test Cases/Final Aug 2018 - PKS Automation/Common/Reference Number Getter: Test Cases/Final Aug 2018 - PKS Automation/Common/Reference Number Getter

2018-12-20 13:40:58 - [TEST_STEP][PASSED] - Statement - Try: null

2018-12-20 13:40:58 - [TEST_STEP][PASSED] - Statement - RefNo = new java.io.File(C://Users//Admin//Desktop//PKS//Automation Reference Point//KatalonReference.txt): null

2018-12-20 13:40:58 - [TEST_STEP][PASSED] - Statement - bufferread = new java.io.BufferedReader(new java.io.FileReader(RefNo)): null

2018-12-20 13:40:58 - [TEST_STEP][PASSED] - Statement - readedVal = bufferread.readLine(): null

2018-12-20 13:40:58 - [TEST_STEP][PASSED] - Statement - out.println(CaseReferenceNo): null

2018-12-20 13:40:58 - [TEST_STEP][PASSED] - Statement - out.println(readedVal): null

2018-12-20 13:40:58 - [TEST_STEP][PASSED] - Statement - CaseReferenceNo = "": null

2018-12-20 13:40:58 - [TEST_STEP][PASSED] - Statement - CaseReferenceNo = readedVal: null

2018-12-20 13:40:58 - [MESSAGE][PASSED] - Call Test Case 'Test Cases/Final Aug 2018 - PKS Automation/Common/Reference Number Getter' successfully

2018-12-20 13:40:58 - [TEST_STEP][PASSED] - setText: Text 'ERN122018C200002538' is set on object 'Object Repository/Final Object Repo/WorkFlow Listing Page/Ref No Set Text'

2018-12-20 13:40:59 - [MESSAGE][PASSED] - Text 'ERN122018C200002538' is set on object 'Object Repository/Final Object Repo/WorkFlow Listing Page/Ref No Set Text'

2018-12-20 13:40:59 - [TEST_STEP][PASSED] - delay: Delayed 2 second(s)

2018-12-20 13:41:01 - [MESSAGE][PASSED] - Delayed 2 second(s)

2018-12-20 13:41:01 - [TEST_STEP][PASSED] - click: Object: 'Object Repository/Final Object Repo/WorkFlow Listing Page/Search Ref No Search Button' is clicked on

2018-12-20 13:41:01 - [MESSAGE][PASSED] - Object: 'Object Repository/Final Object Repo/WorkFlow Listing Page/Search Ref No Search Button' is clicked on

2018-12-20 13:41:01 - [TEST_STEP][PASSED] - delay: Delayed 6 second(s)

2018-12-20 13:41:07 - [MESSAGE][PASSED] - Delayed 6 second(s)

2018-12-20 13:41:07 - [TEST_STEP][PASSED] - click: Object: 'Object Repository/Final Object Repo/WorkFlow Listing Page/Click Continue Tooltip' is clicked on

2018-12-20 13:41:08 - [MESSAGE][PASSED] - Object: 'Object Repository/Final Object Repo/WorkFlow Listing Page/Click Continue Tooltip' is clicked on

2018-12-20 13:41:08 - [TEST_STEP][PASSED] - delay: Delayed 5 second(s)

2018-12-20 13:41:13 - [MESSAGE][PASSED] - Delayed 5 second(s)

2018-12-20 13:41:13 - [TEST_STEP][PASSED] - doubleClick: Object: 'Object Repository/Final Object Repo/WorkFlow Listing Page/Workflow Found - Listing 1' is double clicked on

2018-12-20 13:41:13 - [MESSAGE][PASSED] - Object: 'Object Repository/Final Object Repo/WorkFlow Listing Page/Workflow Found - Listing 1' is double clicked on

2018-12-20 13:41:13 - [TEST_STEP][PASSED] - Statement - println(OwnerID): null

2018-12-20 13:41:13 - [TEST_STEP][PASSED] - Statement - OwnerID = com.kms.katalon.core.webui.keyword.WebUiBuiltInKeywords.getText(com.kms.katalon.core.testobject.ObjectRepository.findTestObject(Final Object Repo/WorkFlow Listing Page/Workflow Found - Listing 1), STOP_ON_FAILURE): Text of object 'Object Repository/Final Object Repo/WorkFlow Listing Page/Workflow Found - Listing 1' is: 'JOHORuo1'

2018-12-20 13:41:13 - [MESSAGE][PASSED] - Text of object 'Object Repository/Final Object Repo/WorkFlow Listing Page/Workflow Found - Listing 1' is: 'JOHORuo1'

2018-12-20 13:41:13 - [TEST_STEP][PASSED] - Statement - OwnerID = OwnerID.toLowerCase() + "@gmail.com": null

2018-12-20 13:41:13 - [TEST_STEP][PASSED] - Statement - println(OwnerID): null

2018-12-20 13:41:14 - [TEST_STEP][PASSED] - delay: Delayed 2 second(s)

2018-12-20 13:41:16 - [MESSAGE][PASSED] - Delayed 2 second(s)

2018-12-20 13:41:16 - [MESSAGE][PASSED] - Call Test Case 'Test Cases/Final Aug 2018 - PKS Automation/Common/Workflow Owner Finder' successfully

2018-12-20 13:41:16 - [TEST_STEP][PASSED] - delay: Delayed 1 second(s)

2018-12-20 13:41:17 - [MESSAGE][PASSED] - Delayed 1 second(s)

2018-12-20 13:41:17 - [TEST_STEP][PASSED] - navigateToUrl: Navigate to 'https://assist2-uat.perkeso.gov.my/c/portal/logout' successfully

2018-12-20 13:41:17 - [MESSAGE][PASSED] - Navigate to 'https://assist2-uat.perkeso.gov.my/c/portal/logout' successfully

2018-12-20 13:41:17 - [TEST_STEP][PASSED] - delay: Delayed 1 second(s)

2018-12-20 13:41:18 - [MESSAGE][PASSED] - Delayed 1 second(s)

2018-12-20 13:41:18 - [TEST_STEP][PASSED] - callTestCase: Call Test Case 'Test Cases/Final Aug 2018 - PKS Automation/Registration Module/Workflow/Login and Search Case For Workflow' successfully

2018-12-20 13:41:18 - [TEST_CASE][PASSED] - Test Cases/Final Aug 2018 - PKS Automation/Registration Module/Workflow/Login and Search Case For Workflow: Test Cases/Final Aug 2018 - PKS Automation/Registration Module/Workflow/Login and Search Case For Workflow

2018-12-20 13:41:18 - [TEST_STEP][PASSED] - navigateToUrl: Navigate to 'https://assist2-uat.perkeso.gov.my/login' successfully

2018-12-20 13:41:19 - [MESSAGE][PASSED] - Navigate to 'https://assist2-uat.perkeso.gov.my/login' successfully

2018-12-20 13:41:19 - [TEST_STEP][PASSED] - setText: Text 'johoruo1@gmail.com' is set on object 'Object Repository/Final Object Repo/Login Page/Internal User/Email Address'

2018-12-20 13:41:19 - [MESSAGE][PASSED] - Text 'johoruo1@gmail.com' is set on object 'Object Repository/Final Object Repo/Login Page/Internal User/Email Address'

2018-12-20 13:41:19 - [TEST_STEP][PASSED] - click: Object: 'Object Repository/Final Object Repo/Login Page/Internal User/Next Button' is clicked on

2018-12-20 13:41:19 - [MESSAGE][PASSED] - Object: 'Object Repository/Final Object Repo/Login Page/Internal User/Next Button' is clicked on

2018-12-20 13:41:19 - [TEST_STEP][PASSED] - delay: Delayed 1 second(s)

2018-12-20 13:41:20 - [MESSAGE][PASSED] - Delayed 1 second(s)

2018-12-20 13:41:20 - [TEST_STEP][PASSED] - setEncryptedText: Text ****** has been set on object 'Object Repository/Final Object Repo/Login Page/Internal User/Password'

2018-12-20 13:41:21 - [MESSAGE][PASSED] - Text ****** has been set on object 'Object Repository/Final Object Repo/Login Page/Internal User/Password'

2018-12-20 13:41:21 - [TEST_STEP][PASSED] - click: Object: 'Object Repository/Final Object Repo/Login Page/Internal User/Login Button' is clicked on

2018-12-20 13:41:21 - [MESSAGE][PASSED] - Object: 'Object Repository/Final Object Repo/Login Page/Internal User/Login Button' is clicked on

2018-12-20 13:41:21 - [TEST_STEP][PASSED] - delay: Delayed 2 second(s)

2018-12-20 13:41:23 - [MESSAGE][PASSED] - Delayed 2 second(s)

2018-12-20 13:41:23 - [TEST_STEP][PASSED] - Statement - Try: Delayed 2 second(s)

2018-12-20 13:41:23 - [TEST_STEP][PASSED] - Statement - Checker = false: null

2018-12-20 13:41:23 - [TEST_STEP][PASSED] - Statement - Checker = com.kms.katalon.core.webui.keyword.WebUiBuiltInKeywords.verifyElementHasAttribute(com.kms.katalon.core.testobject.ObjectRepository.findTestObject(Final Object Repo/Landing Page/BM Detecting), "href", 20, OPTIONAL): Object 'Object Repository/Final Object Repo/Landing Page/BM Detecting' has attribute 'href'

2018-12-20 13:41:23 - [MESSAGE][PASSED] - Object 'Object Repository/Final Object Repo/Landing Page/BM Detecting' has attribute 'href'

2018-12-20 13:41:23 - [TEST_STEP][PASSED] - Statement - out.println(Checker): null

2018-12-20 13:41:23 - [TEST_STEP][PASSED] - Statement - If (Checker == false): null

2018-12-20 13:41:23 - [TEST_STEP][PASSED] - Statement - Else: null

2018-12-20 13:41:23 - [TEST_STEP][PASSED] - delay: Delayed 2 second(s)

2018-12-20 13:41:25 - [MESSAGE][PASSED] - Delayed 2 second(s)

2018-12-20 13:41:25 - [TEST_STEP][PASSED] - click: Object: 'Object Repository/Final Object Repo/Page_MyASSIST - ASSIST - Search Pending Case For Add Supporting Document/Search Information' is clicked on

2018-12-20 13:41:25 - [MESSAGE][PASSED] - Object: 'Object Repository/Final Object Repo/Page_MyASSIST - ASSIST - Search Pending Case For Add Supporting Document/Search Information' is clicked on

2018-12-20 13:41:25 - [TEST_STEP][PASSED] - delay: Delayed 3 second(s)

2018-12-20 13:41:28 - [MESSAGE][PASSED] - Delayed 3 second(s)

2018-12-20 13:41:28 - [TEST_STEP][PASSED] - sendKeys: Keys 'ERN122018C200002538' sent to object: 'Object Repository/Final Object Repo/Page_MyASSIST - ASSIST - Search Pending Case For Add Supporting Document/Reference No'

2018-12-20 13:41:28 - [MESSAGE][PASSED] - Keys 'ERN122018C200002538' sent to object: 'Object Repository/Final Object Repo/Page_MyASSIST - ASSIST - Search Pending Case For Add Supporting Document/Reference No'

2018-12-20 13:41:28 - [TEST_STEP][PASSED] - click: Object: 'Object Repository/Final Object Repo/Page_MyASSIST - ASSIST - Search Pending Case For Add Supporting Document/Search Reference No' is clicked on

2018-12-20 13:41:29 - [MESSAGE][PASSED] - Object: 'Object Repository/Final Object Repo/Page_MyASSIST - ASSIST - Search Pending Case For Add Supporting Document/Search Reference No' is clicked on

2018-12-20 13:41:29 - [TEST_STEP][PASSED] - delay: Delayed 2 second(s)

2018-12-20 13:41:31 - [MESSAGE][PASSED] - Delayed 2 second(s)

2018-12-20 13:41:31 - [TEST_STEP][PASSED] - click: Object: 'Object Repository/Final Object Repo/Page_MyASSIST - ASSIST - Search Pending Case For Add Supporting Document/Continue' is clicked on

2018-12-20 13:41:34 - [MESSAGE][PASSED] - Object: 'Object Repository/Final Object Repo/Page_MyASSIST - ASSIST - Search Pending Case For Add Supporting Document/Continue' is clicked on

2018-12-20 13:41:34 - [TEST_STEP][PASSED] - delay: Delayed 20 second(s)

2018-12-20 13:41:54 - [MESSAGE][PASSED] - Delayed 20 second(s)

2018-12-20 13:41:54 - [MESSAGE][PASSED] - Call Test Case 'Test Cases/Final Aug 2018 - PKS Automation/Registration Module/Workflow/Login and Search Case For Workflow' successfully

2018-12-20 13:41:54 - [TEST_STEP][PASSED] - click: Object: 'Object Repository/Final Object Repo/Page_Form 3 EIS - Cessation as Employer/Page_Form 3 EIS - Cessation as Employer (Approve)/Save  Continue in Form 3 Page' is clicked on

2018-12-20 13:41:54 - [MESSAGE][PASSED] - Object: 'Object Repository/Final Object Repo/Page_Form 3 EIS - Cessation as Employer/Page_Form 3 EIS - Cessation as Employer (Approve)/Save  Continue in Form 3 Page' is clicked on

2018-12-20 13:41:54 - [TEST_STEP][PASSED] - delay: Delayed 2 second(s)

2018-12-20 13:41:56 - [MESSAGE][PASSED] - Delayed 2 second(s)

2018-12-20 13:41:56 - [TEST_STEP][PASSED] - click: Object: 'Object Repository/Final Object Repo/Page_Form 3 EIS - Cessation as Employer/Page_Form 3 EIS - Cessation as Employer (Approve)/Save  Continue in Resigned Page' is clicked on

2018-12-20 13:41:56 - [MESSAGE][PASSED] - Object: 'Object Repository/Final Object Repo/Page_Form 3 EIS - Cessation as Employer/Page_Form 3 EIS - Cessation as Employer (Approve)/Save  Continue in Resigned Page' is clicked on

2018-12-20 13:41:56 - [TEST_STEP][PASSED] - delay: Delayed 2 second(s)

2018-12-20 13:41:58 - [MESSAGE][PASSED] - Delayed 2 second(s)

2018-12-20 13:41:58 - [TEST_STEP][PASSED] - click: Object: 'Object Repository/Final Object Repo/Page_Form 3 EIS - Cessation as Employer/Page_Form 3 EIS - Cessation as Employer (Approve)/Save  Continue in Uploading Page' is clicked on

2018-12-20 13:41:59 - [MESSAGE][PASSED] - Object: 'Object Repository/Final Object Repo/Page_Form 3 EIS - Cessation as Employer/Page_Form 3 EIS - Cessation as Employer (Approve)/Save  Continue in Uploading Page' is clicked on

2018-12-20 13:41:59 - [TEST_STEP][PASSED] - delay: Delayed 2 second(s)

2018-12-20 13:42:01 - [MESSAGE][PASSED] - Delayed 2 second(s)

2018-12-20 13:42:01 - [TEST_STEP][PASSED] - click: Object: 'Object Repository/Final Object Repo/Page_Form 3 EIS - Cessation as Employer/Page_Form 3 EIS - Cessation as Employer (Approve)/Approve' is clicked on

2018-12-20 13:42:05 - [MESSAGE][PASSED] - Object: 'Object Repository/Final Object Repo/Page_Form 3 EIS - Cessation as Employer/Page_Form 3 EIS - Cessation as Employer (Approve)/Approve' is clicked on

2018-12-20 13:42:05 - [TEST_STEP][PASSED] - delay: Delayed 2 second(s)

2018-12-20 13:42:07 - [MESSAGE][PASSED] - Delayed 2 second(s)

2018-12-20 13:42:07 - [TEST_STEP][PASSED] - click: Object: 'Object Repository/Final Object Repo/Page_Form 3 EIS - Cessation as Employer/Page_Form 3 EIS - Cessation as Employer (Approve)/Confirm' is clicked on

2018-12-20 13:42:07 - [MESSAGE][PASSED] - Object: 'Object Repository/Final Object Repo/Page_Form 3 EIS - Cessation as Employer/Page_Form 3 EIS - Cessation as Employer (Approve)/Confirm' is clicked on

2018-12-20 13:42:07 - [TEST_STEP][PASSED] - delay: Delayed 2 second(s)

2018-12-20 13:42:09 - [MESSAGE][PASSED] - Delayed 2 second(s)

2018-12-20 13:42:09 - [TEST_STEP][PASSED] - click: Object: 'Object Repository/Final Object Repo/Page_Form 3 EIS - Cessation as Employer/Page_Form 3 EIS - Cessation as Employer (Approve)/Message Your Request    Form 3 EIS' is clicked on

2018-12-20 13:42:16 - [MESSAGE][PASSED] - Object: 'Object Repository/Final Object Repo/Page_Form 3 EIS - Cessation as Employer/Page_Form 3 EIS - Cessation as Employer (Approve)/Message Your Request    Form 3 EIS' is clicked on

2018-12-20 13:42:16 - [TEST_STEP][PASSED] - click: Object: 'Object Repository/Final Object Repo/Page_Form 3 EIS - Cessation as Employer/Page_Form 3 EIS - Cessation as Employer (Approve)/Letter of successful update' is clicked on

2018-12-20 13:42:16 - [MESSAGE][PASSED] - Object: 'Object Repository/Final Object Repo/Page_Form 3 EIS - Cessation as Employer/Page_Form 3 EIS - Cessation as Employer (Approve)/Letter of successful update' is clicked on

2018-12-20 13:42:16 - [MESSAGE][PASSED] - Call Test Case 'Test Cases/Final Aug 2018 - PKS Automation/Registration Module/Workflow/Form 3 EIS - Cessation As Employer/Template/Form 3 A - Cessation As Employer (Approve)' successfully]]></system-out>
         <system-err><![CDATA[]]></system-err>
      </testcase>
      <testcase name="Test Cases/Final Aug 2018 - PKS Automation/Registration Module/Workflow/Form 3 EIS - Cessation As Employer/PKRBO to UO (Query)" classname="Test Cases/Final Aug 2018 - PKS Automation/Registration Module/Workflow/Form 3 EIS - Cessation As Employer/PKRBO to UO (Query)" status="FAILED">
         <failure type="FAILED" message="(Stack trace: com.kms.katalon.core.exception.StepFailedException: Unable to click on object 'Object Repository/Final Object Repo/Page_Form 3 EIS - Cessation as Employer/Page_Form 3 EIS - Cessation as Employer (Query)/Message The Case Is Under Query' (Root cause: com.kms.katalon.core.webui.exception.WebElementNotFoundException: Web element with id: 'Object Repository/Final Object Repo/Page_Form 3 EIS - Cessation as Employer/Page_Form 3 EIS - Cessation as Employer (Query)/Message The Case Is Under Query' located by 'By.xpath: //div[(text() = '
			    			
			    			
			    			
			    			
			    			The Case Is Under Query.
			    			
			    			
			    			
			    			









































































' or . = '
			    			
			    			
			    			
			    			
			    			The Case Is Under Query.
			    			
			    			
			    			
			    			









































































')]' not found)
	at com.kms.katalon.core.keyword.internal.KeywordMain.stepFailed(KeywordMain.groovy:32)
	at com.kms.katalon.core.webui.keyword.internal.WebUIKeywordMain.stepFailed(WebUIKeywordMain.groovy:65)
	at com.kms.katalon.core.webui.keyword.internal.WebUIKeywordMain.runKeyword(WebUIKeywordMain.groovy:27)
	at com.kms.katalon.core.webui.keyword.builtin.ClickKeyword.click(ClickKeyword.groovy:86)
	at com.kms.katalon.core.webui.keyword.builtin.ClickKeyword.execute(ClickKeyword.groovy:67)
	at com.kms.katalon.core.keyword.internal.KeywordExecutor.executeKeywordForPlatform(KeywordExecutor.groovy:53)
	at com.kms.katalon.core.webui.keyword.WebUiBuiltInKeywords.click(WebUiBuiltInKeywords.groovy:616)
	at com.kms.katalon.core.webui.keyword.WebUiBuiltInKeywords$click$2.call(Unknown Source)
	at Script1536114876563.run(Script1536114876563.groovy:70)
	at com.kms.katalon.core.main.ScriptEngine.run(ScriptEngine.java:183)
	at com.kms.katalon.core.main.ScriptEngine.runScriptAsRawText(ScriptEngine.java:108)
	at com.kms.katalon.core.main.TestCaseExecutor.runScript(TestCaseExecutor.java:294)
	at com.kms.katalon.core.main.TestCaseExecutor.doExecute(TestCaseExecutor.java:285)
	at com.kms.katalon.core.main.TestCaseExecutor.processExecutionPhase(TestCaseExecutor.java:264)
	at com.kms.katalon.core.main.TestCaseExecutor.accessMainPhase(TestCaseExecutor.java:256)
	at com.kms.katalon.core.main.TestCaseExecutor.execute(TestCaseExecutor.java:200)
	at com.kms.katalon.core.main.TestCaseMain.runTestCase(TestCaseMain.java:99)
	at com.kms.katalon.core.keyword.builtin.CallTestCaseKeyword$_callTestCase_closure1.doCall(CallTestCaseKeyword.groovy:60)
	at com.kms.katalon.core.keyword.builtin.CallTestCaseKeyword$_callTestCase_closure1.call(CallTestCaseKeyword.groovy)
	at com.kms.katalon.core.keyword.internal.KeywordMain.runKeyword(KeywordMain.groovy:54)
	at com.kms.katalon.core.keyword.builtin.CallTestCaseKeyword.callTestCase(CallTestCaseKeyword.groovy:81)
	at com.kms.katalon.core.keyword.builtin.CallTestCaseKeyword.execute(CallTestCaseKeyword.groovy:45)
	at com.kms.katalon.core.keyword.internal.KeywordExecutor.executeKeywordForPlatform(KeywordExecutor.groovy:53)
	at com.kms.katalon.core.keyword.BuiltinKeywords.callTestCase(BuiltinKeywords.groovy:334)
	at sun.reflect.GeneratedMethodAccessor13.invoke(Unknown Source)
	at sun.reflect.DelegatingMethodAccessorImpl.invoke(DelegatingMethodAccessorImpl.java:43)
	at java.lang.reflect.Method.invoke(Method.java:498)
	at org.codehaus.groovy.reflection.CachedMethod.invoke(CachedMethod.java:93)
	at groovy.lang.MetaMethod.doMethodInvoke(MetaMethod.java:325)
	at groovy.lang.MetaClassImpl.invokeStaticMethod(MetaClassImpl.java:1469)
	at org.codehaus.groovy.runtime.callsite.StaticMetaClassSite.call(StaticMetaClassSite.java:53)
	at org.codehaus.groovy.runtime.callsite.CallSiteArray.defaultCall(CallSiteArray.java:48)
	at org.codehaus.groovy.runtime.callsite.AbstractCallSite.call(AbstractCallSite.java:113)
	at org.codehaus.groovy.runtime.callsite.AbstractCallSite.call(AbstractCallSite.java:141)
	at Script1536204651962.run(Script1536204651962.groovy:25)
	at com.kms.katalon.core.main.ScriptEngine.run(ScriptEngine.java:183)
	at com.kms.katalon.core.main.ScriptEngine.runScriptAsRawText(ScriptEngine.java:108)
	at com.kms.katalon.core.main.TestCaseExecutor.runScript(TestCaseExecutor.java:294)
	at com.kms.katalon.core.main.TestCaseExecutor.doExecute(TestCaseExecutor.java:285)
	at com.kms.katalon.core.main.TestCaseExecutor.processExecutionPhase(TestCaseExecutor.java:264)
	at com.kms.katalon.core.main.TestCaseExecutor.accessMainPhase(TestCaseExecutor.java:256)
	at com.kms.katalon.core.main.TestCaseExecutor.execute(TestCaseExecutor.java:200)
	at com.kms.katalon.core.main.TestSuiteExecutor.accessTestCaseMainPhase(TestSuiteExecutor.java:129)
	at com.kms.katalon.core.main.TestSuiteExecutor.accessTestSuiteMainPhase(TestSuiteExecutor.java:112)
	at com.kms.katalon.core.main.TestSuiteExecutor.execute(TestSuiteExecutor.java:81)
	at com.kms.katalon.core.main.TestCaseMain.startTestSuite(TestCaseMain.java:142)
	at com.kms.katalon.core.main.TestCaseMain$startTestSuite$0.call(Unknown Source)
	at org.codehaus.groovy.runtime.callsite.CallSiteArray.defaultCall(CallSiteArray.java:48)
	at org.codehaus.groovy.runtime.callsite.AbstractCallSite.call(AbstractCallSite.java:113)
	at org.codehaus.groovy.runtime.callsite.AbstractCallSite.call(AbstractCallSite.java:141)
	at TempTestSuite1545281755266.run(TempTestSuite1545281755266.groovy:36)
	at groovy.lang.GroovyShell.runScriptOrMainOrTestOrRunnable(GroovyShell.java:263)
	at groovy.lang.GroovyShell.run(GroovyShell.java:518)
	at groovy.lang.GroovyShell.run(GroovyShell.java:507)
	at groovy.ui.GroovyMain.processOnce(GroovyMain.java:653)
	at groovy.ui.GroovyMain.run(GroovyMain.java:384)
	at groovy.ui.GroovyMain.process(GroovyMain.java:370)
	at groovy.ui.GroovyMain.processArgs(GroovyMain.java:129)
	at groovy.ui.GroovyMain.main(GroovyMain.java:109)
	at sun.reflect.NativeMethodAccessorImpl.invoke0(Native Method)
	at sun.reflect.NativeMethodAccessorImpl.invoke(NativeMethodAccessorImpl.java:62)
	at sun.reflect.DelegatingMethodAccessorImpl.invoke(DelegatingMethodAccessorImpl.java:43)
	at java.lang.reflect.Method.invoke(Method.java:498)
	at org.codehaus.groovy.tools.GroovyStarter.rootLoader(GroovyStarter.java:109)
	at org.codehaus.groovy.tools.GroovyStarter.main(GroovyStarter.java:131)
)"/>
         <system-out><![CDATA[2018-12-20 13:42:16 - [TEST_CASE][FAILED] - Test Cases/Final Aug 2018 - PKS Automation/Registration Module/Workflow/Form 3 EIS - Cessation As Employer/PKRBO to UO (Query): Test Cases/Final Aug 2018 - PKS Automation/Registration Module/Workflow/Form 3 EIS - Cessation As Employer/PKRBO to UO (Query) FAILED because (of) (Stack trace: com.kms.katalon.core.exception.StepFailedException: Unable to click on object 'Object Repository/Final Object Repo/Page_Form 3 EIS - Cessation as Employer/Page_Form 3 EIS - Cessation as Employer (Query)/Message The Case Is Under Query' (Root cause: com.kms.katalon.core.webui.exception.WebElementNotFoundException: Web element with id: 'Object Repository/Final Object Repo/Page_Form 3 EIS - Cessation as Employer/Page_Form 3 EIS - Cessation as Employer (Query)/Message The Case Is Under Query' located by 'By.xpath: //div[(text() = '
			    			
			    			
			    			
			    			
			    			The Case Is Under Query.
			    			
			    			
			    			
			    			









































































' or . = '
			    			
			    			
			    			
			    			
			    			The Case Is Under Query.
			    			
			    			
			    			
			    			









































































')]' not found)
	at com.kms.katalon.core.keyword.internal.KeywordMain.stepFailed(KeywordMain.groovy:32)
	at com.kms.katalon.core.webui.keyword.internal.WebUIKeywordMain.stepFailed(WebUIKeywordMain.groovy:65)
	at com.kms.katalon.core.webui.keyword.internal.WebUIKeywordMain.runKeyword(WebUIKeywordMain.groovy:27)
	at com.kms.katalon.core.webui.keyword.builtin.ClickKeyword.click(ClickKeyword.groovy:86)
	at com.kms.katalon.core.webui.keyword.builtin.ClickKeyword.execute(ClickKeyword.groovy:67)
	at com.kms.katalon.core.keyword.internal.KeywordExecutor.executeKeywordForPlatform(KeywordExecutor.groovy:53)
	at com.kms.katalon.core.webui.keyword.WebUiBuiltInKeywords.click(WebUiBuiltInKeywords.groovy:616)
	at com.kms.katalon.core.webui.keyword.WebUiBuiltInKeywords$click$2.call(Unknown Source)
	at Script1536114876563.run(Script1536114876563.groovy:70)
	at com.kms.katalon.core.main.ScriptEngine.run(ScriptEngine.java:183)
	at com.kms.katalon.core.main.ScriptEngine.runScriptAsRawText(ScriptEngine.java:108)
	at com.kms.katalon.core.main.TestCaseExecutor.runScript(TestCaseExecutor.java:294)
	at com.kms.katalon.core.main.TestCaseExecutor.doExecute(TestCaseExecutor.java:285)
	at com.kms.katalon.core.main.TestCaseExecutor.processExecutionPhase(TestCaseExecutor.java:264)
	at com.kms.katalon.core.main.TestCaseExecutor.accessMainPhase(TestCaseExecutor.java:256)
	at com.kms.katalon.core.main.TestCaseExecutor.execute(TestCaseExecutor.java:200)
	at com.kms.katalon.core.main.TestCaseMain.runTestCase(TestCaseMain.java:99)
	at com.kms.katalon.core.keyword.builtin.CallTestCaseKeyword$_callTestCase_closure1.doCall(CallTestCaseKeyword.groovy:60)
	at com.kms.katalon.core.keyword.builtin.CallTestCaseKeyword$_callTestCase_closure1.call(CallTestCaseKeyword.groovy)
	at com.kms.katalon.core.keyword.internal.KeywordMain.runKeyword(KeywordMain.groovy:54)
	at com.kms.katalon.core.keyword.builtin.CallTestCaseKeyword.callTestCase(CallTestCaseKeyword.groovy:81)
	at com.kms.katalon.core.keyword.builtin.CallTestCaseKeyword.execute(CallTestCaseKeyword.groovy:45)
	at com.kms.katalon.core.keyword.internal.KeywordExecutor.executeKeywordForPlatform(KeywordExecutor.groovy:53)
	at com.kms.katalon.core.keyword.BuiltinKeywords.callTestCase(BuiltinKeywords.groovy:334)
	at sun.reflect.GeneratedMethodAccessor13.invoke(Unknown Source)
	at sun.reflect.DelegatingMethodAccessorImpl.invoke(DelegatingMethodAccessorImpl.java:43)
	at java.lang.reflect.Method.invoke(Method.java:498)
	at org.codehaus.groovy.reflection.CachedMethod.invoke(CachedMethod.java:93)
	at groovy.lang.MetaMethod.doMethodInvoke(MetaMethod.java:325)
	at groovy.lang.MetaClassImpl.invokeStaticMethod(MetaClassImpl.java:1469)
	at org.codehaus.groovy.runtime.callsite.StaticMetaClassSite.call(StaticMetaClassSite.java:53)
	at org.codehaus.groovy.runtime.callsite.CallSiteArray.defaultCall(CallSiteArray.java:48)
	at org.codehaus.groovy.runtime.callsite.AbstractCallSite.call(AbstractCallSite.java:113)
	at org.codehaus.groovy.runtime.callsite.AbstractCallSite.call(AbstractCallSite.java:141)
	at Script1536204651962.run(Script1536204651962.groovy:25)
	at com.kms.katalon.core.main.ScriptEngine.run(ScriptEngine.java:183)
	at com.kms.katalon.core.main.ScriptEngine.runScriptAsRawText(ScriptEngine.java:108)
	at com.kms.katalon.core.main.TestCaseExecutor.runScript(TestCaseExecutor.java:294)
	at com.kms.katalon.core.main.TestCaseExecutor.doExecute(TestCaseExecutor.java:285)
	at com.kms.katalon.core.main.TestCaseExecutor.processExecutionPhase(TestCaseExecutor.java:264)
	at com.kms.katalon.core.main.TestCaseExecutor.accessMainPhase(TestCaseExecutor.java:256)
	at com.kms.katalon.core.main.TestCaseExecutor.execute(TestCaseExecutor.java:200)
	at com.kms.katalon.core.main.TestSuiteExecutor.accessTestCaseMainPhase(TestSuiteExecutor.java:129)
	at com.kms.katalon.core.main.TestSuiteExecutor.accessTestSuiteMainPhase(TestSuiteExecutor.java:112)
	at com.kms.katalon.core.main.TestSuiteExecutor.execute(TestSuiteExecutor.java:81)
	at com.kms.katalon.core.main.TestCaseMain.startTestSuite(TestCaseMain.java:142)
	at com.kms.katalon.core.main.TestCaseMain$startTestSuite$0.call(Unknown Source)
	at org.codehaus.groovy.runtime.callsite.CallSiteArray.defaultCall(CallSiteArray.java:48)
	at org.codehaus.groovy.runtime.callsite.AbstractCallSite.call(AbstractCallSite.java:113)
	at org.codehaus.groovy.runtime.callsite.AbstractCallSite.call(AbstractCallSite.java:141)
	at TempTestSuite1545281755266.run(TempTestSuite1545281755266.groovy:36)
	at groovy.lang.GroovyShell.runScriptOrMainOrTestOrRunnable(GroovyShell.java:263)
	at groovy.lang.GroovyShell.run(GroovyShell.java:518)
	at groovy.lang.GroovyShell.run(GroovyShell.java:507)
	at groovy.ui.GroovyMain.processOnce(GroovyMain.java:653)
	at groovy.ui.GroovyMain.run(GroovyMain.java:384)
	at groovy.ui.GroovyMain.process(GroovyMain.java:370)
	at groovy.ui.GroovyMain.processArgs(GroovyMain.java:129)
	at groovy.ui.GroovyMain.main(GroovyMain.java:109)
	at sun.reflect.NativeMethodAccessorImpl.invoke0(Native Method)
	at sun.reflect.NativeMethodAccessorImpl.invoke(NativeMethodAccessorImpl.java:62)
	at sun.reflect.DelegatingMethodAccessorImpl.invoke(DelegatingMethodAccessorImpl.java:43)
	at java.lang.reflect.Method.invoke(Method.java:498)
	at org.codehaus.groovy.tools.GroovyStarter.rootLoader(GroovyStarter.java:109)
	at org.codehaus.groovy.tools.GroovyStarter.main(GroovyStarter.java:131)
)

2018-12-20 13:42:16 - [TEST_STEP][PASSED] - callTestCase: Call Test Case 'Test Cases/Final Aug 2018 - PKS Automation/Registration Module/Workflow/Form 3 EIS - Cessation As Employer/Template/Form 3 A - Cessation As Employer (PKRBO)' successfully

2018-12-20 13:42:17 - [TEST_CASE][PASSED] - Test Cases/Final Aug 2018 - PKS Automation/Registration Module/Workflow/Form 3 EIS - Cessation As Employer/Template/Form 3 A - Cessation As Employer (PKRBO): Test Cases/Final Aug 2018 - PKS Automation/Registration Module/Workflow/Form 3 EIS - Cessation As Employer/Template/Form 3 A - Cessation As Employer (PKRBO)

2018-12-20 13:42:17 - [TEST_STEP][PASSED] - openBrowser: Browser is opened with url: ''

2018-12-20 13:42:17 - [MESSAGE][WARNING] - A browser is already opened. Closing browser and opening a new one

2018-12-20 13:42:19 - [MESSAGE][PASSED] - Browser is opened with url: ''

2018-12-20 13:42:19 - [TEST_STEP][PASSED] - navigateToUrl: Navigate to 'https://assist2-uat.perkeso.gov.my/login' successfully

2018-12-20 13:42:21 - [MESSAGE][PASSED] - Navigate to 'https://assist2-uat.perkeso.gov.my/login' successfully

2018-12-20 13:42:21 - [TEST_STEP][PASSED] - setText: Text 'johorpkrbo1@gmail.com' is set on object 'Object Repository/Final Object Repo/Login Page/Internal User/Email Address'

2018-12-20 13:42:21 - [MESSAGE][PASSED] - Text 'johorpkrbo1@gmail.com' is set on object 'Object Repository/Final Object Repo/Login Page/Internal User/Email Address'

2018-12-20 13:42:21 - [TEST_STEP][PASSED] - click: Object: 'Object Repository/Final Object Repo/Login Page/Internal User/Next Button' is clicked on

2018-12-20 13:42:21 - [MESSAGE][PASSED] - Object: 'Object Repository/Final Object Repo/Login Page/Internal User/Next Button' is clicked on

2018-12-20 13:42:21 - [TEST_STEP][PASSED] - delay: Delayed 1 second(s)

2018-12-20 13:42:22 - [MESSAGE][PASSED] - Delayed 1 second(s)

2018-12-20 13:42:22 - [TEST_STEP][PASSED] - setEncryptedText: Text ****** has been set on object 'Object Repository/Final Object Repo/Login Page/Internal User/Password'

2018-12-20 13:42:22 - [MESSAGE][PASSED] - Text ****** has been set on object 'Object Repository/Final Object Repo/Login Page/Internal User/Password'

2018-12-20 13:42:22 - [TEST_STEP][PASSED] - click: Object: 'Object Repository/Final Object Repo/Login Page/Internal User/Login Button' is clicked on

2018-12-20 13:42:23 - [MESSAGE][PASSED] - Object: 'Object Repository/Final Object Repo/Login Page/Internal User/Login Button' is clicked on

2018-12-20 13:42:23 - [TEST_STEP][PASSED] - delay: Delayed 1 second(s)

2018-12-20 13:42:24 - [MESSAGE][PASSED] - Delayed 1 second(s)

2018-12-20 13:42:24 - [TEST_STEP][PASSED] - Statement - Try: Delayed 2 second(s)

2018-12-20 13:42:24 - [TEST_STEP][PASSED] - Statement - Checker = false: null

2018-12-20 13:42:24 - [TEST_STEP][PASSED] - Statement - Checker = com.kms.katalon.core.webui.keyword.WebUiBuiltInKeywords.verifyElementHasAttribute(com.kms.katalon.core.testobject.ObjectRepository.findTestObject(Final Object Repo/Landing Page/BM Detecting), "href", 20, OPTIONAL): Object 'Object Repository/Final Object Repo/Landing Page/BM Detecting' has attribute 'href'

2018-12-20 13:42:25 - [MESSAGE][PASSED] - Object 'Object Repository/Final Object Repo/Landing Page/BM Detecting' has attribute 'href'

2018-12-20 13:42:25 - [TEST_STEP][PASSED] - Statement - out.println(Checker): null

2018-12-20 13:42:25 - [TEST_STEP][PASSED] - Statement - If (Checker == false): null

2018-12-20 13:42:25 - [TEST_STEP][PASSED] - Statement - Else: null

2018-12-20 13:42:25 - [TEST_STEP][PASSED] - delay: Delayed 2 second(s)

2018-12-20 13:42:27 - [MESSAGE][PASSED] - Delayed 2 second(s)

2018-12-20 13:42:27 - [TEST_STEP][PASSED] - navigateToUrl: Navigate to 'https://assist2-uat.perkeso.gov.my/web/registration/eis-update/form-3-eis-cessation-as-employer' successfully

2018-12-20 13:42:28 - [MESSAGE][PASSED] - Navigate to 'https://assist2-uat.perkeso.gov.my/web/registration/eis-update/form-3-eis-cessation-as-employer' successfully

2018-12-20 13:42:28 - [TEST_STEP][PASSED] - delay: Delayed 1 second(s)

2018-12-20 13:42:29 - [MESSAGE][PASSED] - Delayed 1 second(s)

2018-12-20 13:42:29 - [TEST_STEP][PASSED] - setText: Text 'E1102069769W' is set on object 'Object Repository/Final Object Repo/Page_Form 3 EIS - Cessation as Employer/Employer Code'

2018-12-20 13:42:29 - [MESSAGE][PASSED] - Text 'E1102069769W' is set on object 'Object Repository/Final Object Repo/Page_Form 3 EIS - Cessation as Employer/Employer Code'

2018-12-20 13:42:29 - [TEST_STEP][PASSED] - click: Object: 'Object Repository/Final Object Repo/Page_Form 3 EIS - Cessation as Employer/Search' is clicked on

2018-12-20 13:42:29 - [MESSAGE][PASSED] - Object: 'Object Repository/Final Object Repo/Page_Form 3 EIS - Cessation as Employer/Search' is clicked on

2018-12-20 13:42:29 - [TEST_STEP][PASSED] - click: Object: 'Object Repository/Final Object Repo/Page_Form 3 EIS - Cessation as Employer/Edit' is clicked on

2018-12-20 13:42:32 - [MESSAGE][PASSED] - Object: 'Object Repository/Final Object Repo/Page_Form 3 EIS - Cessation as Employer/Edit' is clicked on

2018-12-20 13:42:32 - [TEST_STEP][PASSED] - delay: Delayed 1 second(s)

2018-12-20 13:42:33 - [MESSAGE][PASSED] - Delayed 1 second(s)

2018-12-20 13:42:33 - [TEST_STEP][PASSED] - Statement - abc = com.kms.katalon.core.webui.keyword.WebUiBuiltInKeywords.getAttribute(com.kms.katalon.core.testobject.ObjectRepository.findTestObject(Final Object Repo/Page_Form 3 EIS - Cessation as Employer/Employer Status), "value"): Attribute 'value' of object 'Object Repository/Final Object Repo/Page_Form 3 EIS - Cessation as Employer/Employer Status' is: 'Active'

2018-12-20 13:42:33 - [MESSAGE][PASSED] - Attribute 'value' of object 'Object Repository/Final Object Repo/Page_Form 3 EIS - Cessation as Employer/Employer Status' is: 'Active'

2018-12-20 13:42:33 - [TEST_STEP][PASSED] - Statement - out.println(abc): null

2018-12-20 13:42:33 - [TEST_STEP][PASSED] - Statement - If (abc == "Active"): Object: 'Object Repository/Final Object Repo/Page_Form 3 EIS - Cessation as Employer/Dormant EIS' is clicked on

2018-12-20 13:42:33 - [TEST_STEP][PASSED] - click: Object: 'Object Repository/Final Object Repo/Page_Form 3 EIS - Cessation as Employer/Change Employer Status to' is clicked on

2018-12-20 13:42:33 - [MESSAGE][PASSED] - Object: 'Object Repository/Final Object Repo/Page_Form 3 EIS - Cessation as Employer/Change Employer Status to' is clicked on

2018-12-20 13:42:33 - [TEST_STEP][PASSED] - click: Object: 'Object Repository/Final Object Repo/Page_Form 3 EIS - Cessation as Employer/Dormant EIS' is clicked on

2018-12-20 13:42:33 - [MESSAGE][PASSED] - Object: 'Object Repository/Final Object Repo/Page_Form 3 EIS - Cessation as Employer/Dormant EIS' is clicked on

2018-12-20 13:42:33 - [TEST_STEP][PASSED] - click: Object: 'Object Repository/Final Object Repo/Page_Form 3 EIS - Cessation as Employer/Calender' is clicked on

2018-12-20 13:42:33 - [MESSAGE][PASSED] - Object: 'Object Repository/Final Object Repo/Page_Form 3 EIS - Cessation as Employer/Calender' is clicked on

2018-12-20 13:42:33 - [TEST_STEP][PASSED] - delay: Delayed 1 second(s)

2018-12-20 13:42:34 - [MESSAGE][PASSED] - Delayed 1 second(s)

2018-12-20 13:42:34 - [TEST_STEP][PASSED] - click: Object: 'Object Repository/Final Object Repo/Page_Form 3 EIS - Cessation as Employer/Calender - Date' is clicked on

2018-12-20 13:42:35 - [MESSAGE][PASSED] - Object: 'Object Repository/Final Object Repo/Page_Form 3 EIS - Cessation as Employer/Calender - Date' is clicked on

2018-12-20 13:42:35 - [TEST_STEP][PASSED] - click: Object: 'Object Repository/Final Object Repo/Page_Form 3 EIS - Cessation as Employer/Save  Continue in Form 3 EIS Page' is clicked on

2018-12-20 13:42:35 - [MESSAGE][PASSED] - Object: 'Object Repository/Final Object Repo/Page_Form 3 EIS - Cessation as Employer/Save  Continue in Form 3 EIS Page' is clicked on

2018-12-20 13:42:35 - [TEST_STEP][PASSED] - delay: Delayed 1 second(s)

2018-12-20 13:42:36 - [MESSAGE][PASSED] - Delayed 1 second(s)

2018-12-20 13:42:36 - [TEST_STEP][PASSED] - click: Object: 'Object Repository/Final Object Repo/Page_Form 3 EIS - Cessation as Employer/Employment Resign Date' is clicked on

2018-12-20 13:42:36 - [MESSAGE][PASSED] - Object: 'Object Repository/Final Object Repo/Page_Form 3 EIS - Cessation as Employer/Employment Resign Date' is clicked on

2018-12-20 13:42:36 - [TEST_STEP][PASSED] - selectOptionByValue: All options with value '2030' are selected in object 'Object Repository/Final Object Repo/Page_Form 3 EIS - Cessation as Employer/Employment Resign Date - Year' 

2018-12-20 13:42:37 - [MESSAGE][PASSED] - All options with value '2030' are selected in object 'Object Repository/Final Object Repo/Page_Form 3 EIS - Cessation as Employer/Employment Resign Date - Year' 

2018-12-20 13:42:37 - [TEST_STEP][PASSED] - delay: Delayed 2 second(s)

2018-12-20 13:42:39 - [MESSAGE][PASSED] - Delayed 2 second(s)

2018-12-20 13:42:39 - [TEST_STEP][PASSED] - click: Object: 'Object Repository/Final Object Repo/Page_Form 3 EIS - Cessation as Employer/Employment Resign Date - Year - Date' is clicked on

2018-12-20 13:42:39 - [MESSAGE][PASSED] - Object: 'Object Repository/Final Object Repo/Page_Form 3 EIS - Cessation as Employer/Employment Resign Date - Year - Date' is clicked on

2018-12-20 13:42:39 - [TEST_STEP][PASSED] - delay: Delayed 2 second(s)

2018-12-20 13:42:41 - [MESSAGE][PASSED] - Delayed 2 second(s)

2018-12-20 13:42:41 - [TEST_STEP][PASSED] - click: Object: 'Object Repository/Final Object Repo/Page_Form 3 EIS - Cessation as Employer/Save  Continue in Employment Resign Page' is clicked on

2018-12-20 13:42:41 - [MESSAGE][PASSED] - Object: 'Object Repository/Final Object Repo/Page_Form 3 EIS - Cessation as Employer/Save  Continue in Employment Resign Page' is clicked on

2018-12-20 13:42:41 - [TEST_STEP][PASSED] - delay: Delayed 2 second(s)

2018-12-20 13:42:43 - [MESSAGE][PASSED] - Delayed 2 second(s)

2018-12-20 13:42:43 - [TEST_STEP][PASSED] - click: Object: 'Object Repository/Final Object Repo/Page_Form 3 EIS - Cessation as Employer/Set Latest - Yes' is clicked on

2018-12-20 13:42:43 - [MESSAGE][PASSED] - Object: 'Object Repository/Final Object Repo/Page_Form 3 EIS - Cessation as Employer/Set Latest - Yes' is clicked on

2018-12-20 13:42:43 - [TEST_STEP][PASSED] - delay: Delayed 2 second(s)

2018-12-20 13:42:45 - [MESSAGE][PASSED] - Delayed 2 second(s)

2018-12-20 13:42:45 - [TEST_STEP][PASSED] - click: Object: 'Object Repository/Final Object Repo/Page_Form 3 EIS - Cessation as Employer/Add Document' is clicked on

2018-12-20 13:42:46 - [MESSAGE][PASSED] - Object: 'Object Repository/Final Object Repo/Page_Form 3 EIS - Cessation as Employer/Add Document' is clicked on

2018-12-20 13:42:46 - [TEST_STEP][PASSED] - delay: Delayed 3 second(s)

2018-12-20 13:42:49 - [MESSAGE][PASSED] - Delayed 3 second(s)

2018-12-20 13:42:49 - [TEST_STEP][PASSED] - click: Object: 'Object Repository/Final Object Repo/Page_Form 3 EIS - Cessation as Employer/Document Type' is clicked on

2018-12-20 13:42:50 - [MESSAGE][PASSED] - Object: 'Object Repository/Final Object Repo/Page_Form 3 EIS - Cessation as Employer/Document Type' is clicked on

2018-12-20 13:42:50 - [TEST_STEP][PASSED] - click: Object: 'Object Repository/Final Object Repo/Page_Form 3 EIS - Cessation as Employer/Document Type - Form 3' is clicked on

2018-12-20 13:42:50 - [MESSAGE][PASSED] - Object: 'Object Repository/Final Object Repo/Page_Form 3 EIS - Cessation as Employer/Document Type - Form 3' is clicked on

2018-12-20 13:42:50 - [TEST_STEP][PASSED] - delay: Delayed 2 second(s)

2018-12-20 13:42:52 - [MESSAGE][PASSED] - Delayed 2 second(s)

2018-12-20 13:42:52 - [TEST_STEP][PASSED] - sendKeys: Keys 'C:\Users\Public\Pictures\Sample Pictures\Koala.jpg' sent to object: 'Object Repository/Final Object Repo/Page_Form 3 EIS - Cessation as Employer/ploading File'

2018-12-20 13:42:52 - [MESSAGE][PASSED] - Keys 'C:\Users\Public\Pictures\Sample Pictures\Koala.jpg' sent to object: 'Object Repository/Final Object Repo/Page_Form 3 EIS - Cessation as Employer/ploading File'

2018-12-20 13:42:52 - [TEST_STEP][PASSED] - delay: Delayed 1 second(s)

2018-12-20 13:42:53 - [MESSAGE][PASSED] - Delayed 1 second(s)

2018-12-20 13:42:53 - [TEST_STEP][PASSED] - click: Object: 'Object Repository/Final Object Repo/Page_Form 3 EIS - Cessation as Employer/Add Document in Uploading Page' is clicked on

2018-12-20 13:42:53 - [MESSAGE][PASSED] - Object: 'Object Repository/Final Object Repo/Page_Form 3 EIS - Cessation as Employer/Add Document in Uploading Page' is clicked on

2018-12-20 13:42:53 - [TEST_STEP][PASSED] - delay: Delayed 2 second(s)

2018-12-20 13:42:55 - [MESSAGE][PASSED] - Delayed 2 second(s)

2018-12-20 13:42:55 - [TEST_STEP][PASSED] - Statement - CaseReferenceNo = com.kms.katalon.core.webui.keyword.WebUiBuiltInKeywords.getText(com.kms.katalon.core.testobject.ObjectRepository.findTestObject(Final Object Repo/Page_Update Employer Information/Reference Number in Update Employee Information Page)): Text of object 'Object Repository/Final Object Repo/Page_Update Employer Information/Reference Number in Update Employee Information Page' is: 'ERN122018C200002539'

2018-12-20 13:42:57 - [MESSAGE][PASSED] - Text of object 'Object Repository/Final Object Repo/Page_Update Employer Information/Reference Number in Update Employee Information Page' is: 'ERN122018C200002539'

2018-12-20 13:42:57 - [TEST_STEP][PASSED] - callTestCase: Call Test Case 'Test Cases/Final Aug 2018 - PKS Automation/Common/Reference Number Setter' successfully

2018-12-20 13:42:57 - [TEST_CASE][PASSED] - Test Cases/Final Aug 2018 - PKS Automation/Common/Reference Number Setter: Test Cases/Final Aug 2018 - PKS Automation/Common/Reference Number Setter

2018-12-20 13:42:57 - [TEST_STEP][PASSED] - Statement - RefNoOldFile = new java.io.File(C://Users//Admin//Desktop//PKS//Automation Reference Point//KatalonReference.txt): null

2018-12-20 13:42:57 - [TEST_STEP][PASSED] - Statement - RefNoOldFile.delete(): null

2018-12-20 13:42:57 - [TEST_STEP][PASSED] - delay: Delayed 5 second(s)

2018-12-20 13:43:02 - [MESSAGE][PASSED] - Delayed 5 second(s)

2018-12-20 13:43:02 - [TEST_STEP][PASSED] - Statement - RefNo = new java.io.File(C://Users//Admin//Desktop//PKS//Automation Reference Point//KatalonReference.txt): null

2018-12-20 13:43:02 - [TEST_STEP][PASSED] - Statement - f2 = new java.io.FileWriter(RefNo, false): null

2018-12-20 13:43:02 - [TEST_STEP][PASSED] - Statement - f2.write(CaseReferenceNo): null

2018-12-20 13:43:02 - [TEST_STEP][PASSED] - Statement - f2.close(): null

2018-12-20 13:43:02 - [TEST_STEP][PASSED] - Statement - out.println("


" + CaseReferenceNo + "


"): null

2018-12-20 13:43:02 - [MESSAGE][PASSED] - Call Test Case 'Test Cases/Final Aug 2018 - PKS Automation/Common/Reference Number Setter' successfully

2018-12-20 13:43:02 - [TEST_STEP][PASSED] - delay: Delayed 2 second(s)

2018-12-20 13:43:04 - [MESSAGE][PASSED] - Delayed 2 second(s)

2018-12-20 13:43:04 - [TEST_STEP][PASSED] - click: Object: 'Object Repository/Final Object Repo/Page_Form 3 EIS - Cessation as Employer/Save  Continue in Uploading Page' is clicked on

2018-12-20 13:43:04 - [MESSAGE][PASSED] - Object: 'Object Repository/Final Object Repo/Page_Form 3 EIS - Cessation as Employer/Save  Continue in Uploading Page' is clicked on

2018-12-20 13:43:04 - [TEST_STEP][PASSED] - delay: Delayed 2 second(s)

2018-12-20 13:43:06 - [MESSAGE][PASSED] - Delayed 2 second(s)

2018-12-20 13:43:06 - [TEST_STEP][PASSED] - click: Object: 'Object Repository/Final Object Repo/Page_Form 3 EIS - Cessation as Employer/Submit' is clicked on

2018-12-20 13:43:09 - [MESSAGE][PASSED] - Object: 'Object Repository/Final Object Repo/Page_Form 3 EIS - Cessation as Employer/Submit' is clicked on

2018-12-20 13:43:09 - [TEST_STEP][PASSED] - delay: Delayed 2 second(s)

2018-12-20 13:43:11 - [MESSAGE][PASSED] - Delayed 2 second(s)

2018-12-20 13:43:11 - [TEST_STEP][PASSED] - click: Object: 'Object Repository/Final Object Repo/Page_Form 3 EIS - Cessation as Employer/Confirm' is clicked on

2018-12-20 13:43:11 - [MESSAGE][PASSED] - Object: 'Object Repository/Final Object Repo/Page_Form 3 EIS - Cessation as Employer/Confirm' is clicked on

2018-12-20 13:43:11 - [TEST_STEP][PASSED] - delay: Delayed 2 second(s)

2018-12-20 13:43:13 - [MESSAGE][PASSED] - Delayed 2 second(s)

2018-12-20 13:43:13 - [TEST_STEP][PASSED] - click: Object: 'Object Repository/Final Object Repo/Page_Form 3 EIS - Cessation as Employer/Message Your Request will be routed to UO' is clicked on

2018-12-20 13:43:17 - [MESSAGE][PASSED] - Object: 'Object Repository/Final Object Repo/Page_Form 3 EIS - Cessation as Employer/Message Your Request will be routed to UO' is clicked on

2018-12-20 13:43:17 - [TEST_STEP][PASSED] - click: Object: 'Object Repository/Final Object Repo/Page_Form 3 EIS - Cessation as Employer/Letter of acknowledgement' is clicked on

2018-12-20 13:43:17 - [MESSAGE][PASSED] - Object: 'Object Repository/Final Object Repo/Page_Form 3 EIS - Cessation as Employer/Letter of acknowledgement' is clicked on

2018-12-20 13:43:17 - [MESSAGE][PASSED] - Call Test Case 'Test Cases/Final Aug 2018 - PKS Automation/Registration Module/Workflow/Form 3 EIS - Cessation As Employer/Template/Form 3 A - Cessation As Employer (PKRBO)' successfully

2018-12-20 13:43:17 - [TEST_STEP][FAILED] - callTestCase: Unable to call Test Case with id 'Test Cases/Final Aug 2018 - PKS Automation/Registration Module/Workflow/Form 3 EIS - Cessation As Employer/Template/Form 3 A - Cessation As Employer (Query)' (Root cause: Call Test Case 'Test Cases/Final Aug 2018 - PKS Automation/Registration Module/Workflow/Form 3 EIS - Cessation As Employer/Template/Form 3 A - Cessation As Employer (Query)' failed)

2018-12-20 13:43:17 - [TEST_CASE][FAILED] - Test Cases/Final Aug 2018 - PKS Automation/Registration Module/Workflow/Form 3 EIS - Cessation As Employer/Template/Form 3 A - Cessation As Employer (Query): Test Cases/Final Aug 2018 - PKS Automation/Registration Module/Workflow/Form 3 EIS - Cessation As Employer/Template/Form 3 A - Cessation As Employer (Query) FAILED because (of) (Stack trace: com.kms.katalon.core.exception.StepFailedException: Unable to click on object 'Object Repository/Final Object Repo/Page_Form 3 EIS - Cessation as Employer/Page_Form 3 EIS - Cessation as Employer (Query)/Message The Case Is Under Query' (Root cause: com.kms.katalon.core.webui.exception.WebElementNotFoundException: Web element with id: 'Object Repository/Final Object Repo/Page_Form 3 EIS - Cessation as Employer/Page_Form 3 EIS - Cessation as Employer (Query)/Message The Case Is Under Query' located by 'By.xpath: //div[(text() = '
			    			
			    			
			    			
			    			
			    			The Case Is Under Query.
			    			
			    			
			    			
			    			









































































' or . = '
			    			
			    			
			    			
			    			
			    			The Case Is Under Query.
			    			
			    			
			    			
			    			









































































')]' not found)
	at com.kms.katalon.core.keyword.internal.KeywordMain.stepFailed(KeywordMain.groovy:32)
	at com.kms.katalon.core.webui.keyword.internal.WebUIKeywordMain.stepFailed(WebUIKeywordMain.groovy:65)
	at com.kms.katalon.core.webui.keyword.internal.WebUIKeywordMain.runKeyword(WebUIKeywordMain.groovy:27)
	at com.kms.katalon.core.webui.keyword.builtin.ClickKeyword.click(ClickKeyword.groovy:86)
	at com.kms.katalon.core.webui.keyword.builtin.ClickKeyword.execute(ClickKeyword.groovy:67)
	at com.kms.katalon.core.keyword.internal.KeywordExecutor.executeKeywordForPlatform(KeywordExecutor.groovy:53)
	at com.kms.katalon.core.webui.keyword.WebUiBuiltInKeywords.click(WebUiBuiltInKeywords.groovy:616)
	at com.kms.katalon.core.webui.keyword.WebUiBuiltInKeywords$click$2.call(Unknown Source)
	at Script1536114876563.run(Script1536114876563.groovy:70)
	at com.kms.katalon.core.main.ScriptEngine.run(ScriptEngine.java:183)
	at com.kms.katalon.core.main.ScriptEngine.runScriptAsRawText(ScriptEngine.java:108)
	at com.kms.katalon.core.main.TestCaseExecutor.runScript(TestCaseExecutor.java:294)
	at com.kms.katalon.core.main.TestCaseExecutor.doExecute(TestCaseExecutor.java:285)
	at com.kms.katalon.core.main.TestCaseExecutor.processExecutionPhase(TestCaseExecutor.java:264)
	at com.kms.katalon.core.main.TestCaseExecutor.accessMainPhase(TestCaseExecutor.java:256)
	at com.kms.katalon.core.main.TestCaseExecutor.execute(TestCaseExecutor.java:200)
	at com.kms.katalon.core.main.TestCaseMain.runTestCase(TestCaseMain.java:99)
	at com.kms.katalon.core.keyword.builtin.CallTestCaseKeyword$_callTestCase_closure1.doCall(CallTestCaseKeyword.groovy:60)
	at com.kms.katalon.core.keyword.builtin.CallTestCaseKeyword$_callTestCase_closure1.call(CallTestCaseKeyword.groovy)
	at com.kms.katalon.core.keyword.internal.KeywordMain.runKeyword(KeywordMain.groovy:54)
	at com.kms.katalon.core.keyword.builtin.CallTestCaseKeyword.callTestCase(CallTestCaseKeyword.groovy:81)
	at com.kms.katalon.core.keyword.builtin.CallTestCaseKeyword.execute(CallTestCaseKeyword.groovy:45)
	at com.kms.katalon.core.keyword.internal.KeywordExecutor.executeKeywordForPlatform(KeywordExecutor.groovy:53)
	at com.kms.katalon.core.keyword.BuiltinKeywords.callTestCase(BuiltinKeywords.groovy:334)
	at sun.reflect.GeneratedMethodAccessor13.invoke(Unknown Source)
	at sun.reflect.DelegatingMethodAccessorImpl.invoke(DelegatingMethodAccessorImpl.java:43)
	at java.lang.reflect.Method.invoke(Method.java:498)
	at org.codehaus.groovy.reflection.CachedMethod.invoke(CachedMethod.java:93)
	at groovy.lang.MetaMethod.doMethodInvoke(MetaMethod.java:325)
	at groovy.lang.MetaClassImpl.invokeStaticMethod(MetaClassImpl.java:1469)
	at org.codehaus.groovy.runtime.callsite.StaticMetaClassSite.call(StaticMetaClassSite.java:53)
	at org.codehaus.groovy.runtime.callsite.CallSiteArray.defaultCall(CallSiteArray.java:48)
	at org.codehaus.groovy.runtime.callsite.AbstractCallSite.call(AbstractCallSite.java:113)
	at org.codehaus.groovy.runtime.callsite.AbstractCallSite.call(AbstractCallSite.java:141)
	at Script1536204651962.run(Script1536204651962.groovy:25)
	at com.kms.katalon.core.main.ScriptEngine.run(ScriptEngine.java:183)
	at com.kms.katalon.core.main.ScriptEngine.runScriptAsRawText(ScriptEngine.java:108)
	at com.kms.katalon.core.main.TestCaseExecutor.runScript(TestCaseExecutor.java:294)
	at com.kms.katalon.core.main.TestCaseExecutor.doExecute(TestCaseExecutor.java:285)
	at com.kms.katalon.core.main.TestCaseExecutor.processExecutionPhase(TestCaseExecutor.java:264)
	at com.kms.katalon.core.main.TestCaseExecutor.accessMainPhase(TestCaseExecutor.java:256)
	at com.kms.katalon.core.main.TestCaseExecutor.execute(TestCaseExecutor.java:200)
	at com.kms.katalon.core.main.TestSuiteExecutor.accessTestCaseMainPhase(TestSuiteExecutor.java:129)
	at com.kms.katalon.core.main.TestSuiteExecutor.accessTestSuiteMainPhase(TestSuiteExecutor.java:112)
	at com.kms.katalon.core.main.TestSuiteExecutor.execute(TestSuiteExecutor.java:81)
	at com.kms.katalon.core.main.TestCaseMain.startTestSuite(TestCaseMain.java:142)
	at com.kms.katalon.core.main.TestCaseMain$startTestSuite$0.call(Unknown Source)
	at org.codehaus.groovy.runtime.callsite.CallSiteArray.defaultCall(CallSiteArray.java:48)
	at org.codehaus.groovy.runtime.callsite.AbstractCallSite.call(AbstractCallSite.java:113)
	at org.codehaus.groovy.runtime.callsite.AbstractCallSite.call(AbstractCallSite.java:141)
	at TempTestSuite1545281755266.run(TempTestSuite1545281755266.groovy:36)
	at groovy.lang.GroovyShell.runScriptOrMainOrTestOrRunnable(GroovyShell.java:263)
	at groovy.lang.GroovyShell.run(GroovyShell.java:518)
	at groovy.lang.GroovyShell.run(GroovyShell.java:507)
	at groovy.ui.GroovyMain.processOnce(GroovyMain.java:653)
	at groovy.ui.GroovyMain.run(GroovyMain.java:384)
	at groovy.ui.GroovyMain.process(GroovyMain.java:370)
	at groovy.ui.GroovyMain.processArgs(GroovyMain.java:129)
	at groovy.ui.GroovyMain.main(GroovyMain.java:109)
	at sun.reflect.NativeMethodAccessorImpl.invoke0(Native Method)
	at sun.reflect.NativeMethodAccessorImpl.invoke(NativeMethodAccessorImpl.java:62)
	at sun.reflect.DelegatingMethodAccessorImpl.invoke(DelegatingMethodAccessorImpl.java:43)
	at java.lang.reflect.Method.invoke(Method.java:498)
	at org.codehaus.groovy.tools.GroovyStarter.rootLoader(GroovyStarter.java:109)
	at org.codehaus.groovy.tools.GroovyStarter.main(GroovyStarter.java:131)
)

2018-12-20 13:43:17 - [TEST_STEP][NOT_RUN] - callTestCase: NOT_RUN: callTestCase

2018-12-20 13:43:17 - [MESSAGE][NOT_RUN] - NOT_RUN: callTestCase

2018-12-20 13:43:17 - [TEST_STEP][PASSED] - delay: Delayed 1 second(s)

2018-12-20 13:43:18 - [MESSAGE][PASSED] - Delayed 1 second(s)

2018-12-20 13:43:18 - [TEST_STEP][PASSED] - navigateToUrl: Navigate to 'https://assist2-uat.perkeso.gov.my/c/portal/logout' successfully

2018-12-20 13:43:19 - [MESSAGE][PASSED] - Navigate to 'https://assist2-uat.perkeso.gov.my/c/portal/logout' successfully

2018-12-20 13:43:19 - [TEST_STEP][PASSED] - delay: Delayed 1 second(s)

2018-12-20 13:43:20 - [MESSAGE][PASSED] - Delayed 1 second(s)

2018-12-20 13:43:20 - [TEST_STEP][PASSED] - callTestCase: Call Test Case 'Test Cases/Final Aug 2018 - PKS Automation/Common/Reference Number Getter' successfully

2018-12-20 13:43:20 - [TEST_CASE][PASSED] - Test Cases/Final Aug 2018 - PKS Automation/Common/Reference Number Getter: Test Cases/Final Aug 2018 - PKS Automation/Common/Reference Number Getter

2018-12-20 13:43:20 - [TEST_STEP][PASSED] - Statement - Try: null

2018-12-20 13:43:20 - [TEST_STEP][PASSED] - Statement - RefNo = new java.io.File(C://Users//Admin//Desktop//PKS//Automation Reference Point//KatalonReference.txt): null

2018-12-20 13:43:20 - [TEST_STEP][PASSED] - Statement - bufferread = new java.io.BufferedReader(new java.io.FileReader(RefNo)): null

2018-12-20 13:43:20 - [TEST_STEP][PASSED] - Statement - readedVal = bufferread.readLine(): null

2018-12-20 13:43:20 - [TEST_STEP][PASSED] - Statement - out.println(CaseReferenceNo): null

2018-12-20 13:43:20 - [TEST_STEP][PASSED] - Statement - out.println(readedVal): null

2018-12-20 13:43:20 - [TEST_STEP][PASSED] - Statement - CaseReferenceNo = "": null

2018-12-20 13:43:20 - [TEST_STEP][PASSED] - Statement - CaseReferenceNo = readedVal: null

2018-12-20 13:43:20 - [MESSAGE][PASSED] - Call Test Case 'Test Cases/Final Aug 2018 - PKS Automation/Common/Reference Number Getter' successfully

2018-12-20 13:43:20 - [TEST_STEP][PASSED] - callTestCase: Call Test Case 'Test Cases/Final Aug 2018 - PKS Automation/Common/Workflow Owner Finder' successfully

2018-12-20 13:43:20 - [TEST_CASE][PASSED] - Test Cases/Final Aug 2018 - PKS Automation/Common/Workflow Owner Finder: Test Cases/Final Aug 2018 - PKS Automation/Common/Workflow Owner Finder

2018-12-20 13:43:20 - [TEST_STEP][PASSED] - openBrowser: Browser is opened with url: ''

2018-12-20 13:43:20 - [MESSAGE][WARNING] - A browser is already opened. Closing browser and opening a new one

2018-12-20 13:43:23 - [MESSAGE][PASSED] - Browser is opened with url: ''

2018-12-20 13:43:23 - [TEST_STEP][PASSED] - navigateToUrl: Navigate to 'https://assist2-uat.perkeso.gov.my/login' successfully

2018-12-20 13:43:28 - [MESSAGE][PASSED] - Navigate to 'https://assist2-uat.perkeso.gov.my/login' successfully

2018-12-20 13:43:28 - [TEST_STEP][PASSED] - delay: Delayed 5 second(s)

2018-12-20 13:43:33 - [MESSAGE][PASSED] - Delayed 5 second(s)

2018-12-20 13:43:33 - [TEST_STEP][PASSED] - setText: Text 'test@liferay.com' is set on object 'Object Repository/Final Object Repo/Login Page/Internal User/Email Address'

2018-12-20 13:43:34 - [MESSAGE][PASSED] - Text 'test@liferay.com' is set on object 'Object Repository/Final Object Repo/Login Page/Internal User/Email Address'

2018-12-20 13:43:34 - [TEST_STEP][PASSED] - click: Object: 'Object Repository/Final Object Repo/Login Page/Internal User/Next Button' is clicked on

2018-12-20 13:43:34 - [MESSAGE][PASSED] - Object: 'Object Repository/Final Object Repo/Login Page/Internal User/Next Button' is clicked on

2018-12-20 13:43:34 - [TEST_STEP][PASSED] - delay: Delayed 2 second(s)

2018-12-20 13:43:36 - [MESSAGE][PASSED] - Delayed 2 second(s)

2018-12-20 13:43:36 - [TEST_STEP][PASSED] - setText: Text 'test' is set on object 'Object Repository/Final Object Repo/Login Page/Internal User/Password'

2018-12-20 13:43:36 - [MESSAGE][PASSED] - Text 'test' is set on object 'Object Repository/Final Object Repo/Login Page/Internal User/Password'

2018-12-20 13:43:36 - [TEST_STEP][PASSED] - delay: Delayed 2 second(s)

2018-12-20 13:43:38 - [MESSAGE][PASSED] - Delayed 2 second(s)

2018-12-20 13:43:38 - [TEST_STEP][PASSED] - click: Object: 'Object Repository/Final Object Repo/Login Page/Internal User/Login Button' is clicked on

2018-12-20 13:43:38 - [MESSAGE][PASSED] - Object: 'Object Repository/Final Object Repo/Login Page/Internal User/Login Button' is clicked on

2018-12-20 13:43:38 - [TEST_STEP][PASSED] - Statement - tester = com.kms.katalon.core.testobject.ObjectRepository.findTestObject(Final Object Repo/Landing Page/Select to English): Finding Test Object with id 'Object Repository/Final Object Repo/Landing Page/Select to English'

2018-12-20 13:43:38 - [TEST_STEP][PASSED] - Statement - Try: Delayed 2 second(s)

2018-12-20 13:43:38 - [TEST_STEP][PASSED] - Statement - Checker = com.kms.katalon.core.webui.keyword.WebUiBuiltInKeywords.verifyElementNotPresent(tester, 3): Web element with id: 'Object Repository/Final Object Repo/Landing Page/Select to English' located by 'By.xpath: //a[@class = 'taglib-language-list-text' and @lang = 'en-US' and (contains(text(), 'EN') or contains(., 'EN'))]' is not present after '3' second(s)

2018-12-20 13:43:40 - [MESSAGE][PASSED] - Web element with id: 'Object Repository/Final Object Repo/Landing Page/Select to English' located by 'By.xpath: //a[@class = 'taglib-language-list-text' and @lang = 'en-US' and (contains(text(), 'EN') or contains(., 'EN'))]' is not present after '3' second(s)

2018-12-20 13:43:40 - [TEST_STEP][PASSED] - Statement - If (Checker == false): null

2018-12-20 13:43:40 - [TEST_STEP][PASSED] - delay: Delayed 2 second(s)

2018-12-20 13:43:42 - [MESSAGE][PASSED] - Delayed 2 second(s)

2018-12-20 13:43:42 - [TEST_STEP][PASSED] - delay: Delayed 5 second(s)

2018-12-20 13:43:47 - [MESSAGE][PASSED] - Delayed 5 second(s)

2018-12-20 13:43:47 - [TEST_STEP][PASSED] - mouseOver: Object: 'Object Repository/Final Object Repo/Landing Page/WorkFlow Menu' is hovered

2018-12-20 13:43:47 - [MESSAGE][PASSED] - Object: 'Object Repository/Final Object Repo/Landing Page/WorkFlow Menu' is hovered

2018-12-20 13:43:47 - [TEST_STEP][PASSED] - delay: Delayed 2 second(s)

2018-12-20 13:43:49 - [MESSAGE][PASSED] - Delayed 2 second(s)

2018-12-20 13:43:49 - [TEST_STEP][PASSED] - click: Object: 'Object Repository/Final Object Repo/Landing Page/Select to Workflow Listing' is clicked on

2018-12-20 13:43:51 - [MESSAGE][PASSED] - Object: 'Object Repository/Final Object Repo/Landing Page/Select to Workflow Listing' is clicked on

2018-12-20 13:43:51 - [TEST_STEP][PASSED] - delay: Delayed 2 second(s)

2018-12-20 13:43:53 - [MESSAGE][PASSED] - Delayed 2 second(s)

2018-12-20 13:43:53 - [TEST_STEP][PASSED] - click: Object: 'Object Repository/Final Object Repo/WorkFlow Listing Page/Search Information - To Put Ref No' is clicked on

2018-12-20 13:43:53 - [MESSAGE][PASSED] - Object: 'Object Repository/Final Object Repo/WorkFlow Listing Page/Search Information - To Put Ref No' is clicked on

2018-12-20 13:43:53 - [TEST_STEP][PASSED] - delay: Delayed 2 second(s)

2018-12-20 13:43:55 - [MESSAGE][PASSED] - Delayed 2 second(s)

2018-12-20 13:43:55 - [TEST_STEP][PASSED] - callTestCase: Call Test Case 'Test Cases/Final Aug 2018 - PKS Automation/Common/Reference Number Getter' successfully

2018-12-20 13:43:55 - [TEST_CASE][PASSED] - Test Cases/Final Aug 2018 - PKS Automation/Common/Reference Number Getter: Test Cases/Final Aug 2018 - PKS Automation/Common/Reference Number Getter

2018-12-20 13:43:55 - [TEST_STEP][PASSED] - Statement - Try: null

2018-12-20 13:43:55 - [TEST_STEP][PASSED] - Statement - RefNo = new java.io.File(C://Users//Admin//Desktop//PKS//Automation Reference Point//KatalonReference.txt): null

2018-12-20 13:43:55 - [TEST_STEP][PASSED] - Statement - bufferread = new java.io.BufferedReader(new java.io.FileReader(RefNo)): null

2018-12-20 13:43:55 - [TEST_STEP][PASSED] - Statement - readedVal = bufferread.readLine(): null

2018-12-20 13:43:55 - [TEST_STEP][PASSED] - Statement - out.println(CaseReferenceNo): null

2018-12-20 13:43:55 - [TEST_STEP][PASSED] - Statement - out.println(readedVal): null

2018-12-20 13:43:55 - [TEST_STEP][PASSED] - Statement - CaseReferenceNo = "": null

2018-12-20 13:43:55 - [TEST_STEP][PASSED] - Statement - CaseReferenceNo = readedVal: null

2018-12-20 13:43:55 - [MESSAGE][PASSED] - Call Test Case 'Test Cases/Final Aug 2018 - PKS Automation/Common/Reference Number Getter' successfully

2018-12-20 13:43:55 - [TEST_STEP][PASSED] - setText: Text 'ERN122018C200002539' is set on object 'Object Repository/Final Object Repo/WorkFlow Listing Page/Ref No Set Text'

2018-12-20 13:43:55 - [MESSAGE][PASSED] - Text 'ERN122018C200002539' is set on object 'Object Repository/Final Object Repo/WorkFlow Listing Page/Ref No Set Text'

2018-12-20 13:43:55 - [TEST_STEP][PASSED] - delay: Delayed 2 second(s)

2018-12-20 13:43:57 - [MESSAGE][PASSED] - Delayed 2 second(s)

2018-12-20 13:43:57 - [TEST_STEP][PASSED] - click: Object: 'Object Repository/Final Object Repo/WorkFlow Listing Page/Search Ref No Search Button' is clicked on

2018-12-20 13:43:58 - [MESSAGE][PASSED] - Object: 'Object Repository/Final Object Repo/WorkFlow Listing Page/Search Ref No Search Button' is clicked on

2018-12-20 13:43:58 - [TEST_STEP][PASSED] - delay: Delayed 6 second(s)

2018-12-20 13:44:04 - [MESSAGE][PASSED] - Delayed 6 second(s)

2018-12-20 13:44:04 - [TEST_STEP][PASSED] - click: Object: 'Object Repository/Final Object Repo/WorkFlow Listing Page/Click Continue Tooltip' is clicked on

2018-12-20 13:44:04 - [MESSAGE][PASSED] - Object: 'Object Repository/Final Object Repo/WorkFlow Listing Page/Click Continue Tooltip' is clicked on

2018-12-20 13:44:04 - [TEST_STEP][PASSED] - delay: Delayed 5 second(s)

2018-12-20 13:44:09 - [MESSAGE][PASSED] - Delayed 5 second(s)

2018-12-20 13:44:09 - [TEST_STEP][PASSED] - doubleClick: Object: 'Object Repository/Final Object Repo/WorkFlow Listing Page/Workflow Found - Listing 1' is double clicked on

2018-12-20 13:44:10 - [MESSAGE][PASSED] - Object: 'Object Repository/Final Object Repo/WorkFlow Listing Page/Workflow Found - Listing 1' is double clicked on

2018-12-20 13:44:10 - [TEST_STEP][PASSED] - Statement - println(OwnerID): null

2018-12-20 13:44:10 - [TEST_STEP][PASSED] - Statement - OwnerID = com.kms.katalon.core.webui.keyword.WebUiBuiltInKeywords.getText(com.kms.katalon.core.testobject.ObjectRepository.findTestObject(Final Object Repo/WorkFlow Listing Page/Workflow Found - Listing 1), STOP_ON_FAILURE): Text of object 'Object Repository/Final Object Repo/WorkFlow Listing Page/Workflow Found - Listing 1' is: 'JOHORuo2'

2018-12-20 13:44:10 - [MESSAGE][PASSED] - Text of object 'Object Repository/Final Object Repo/WorkFlow Listing Page/Workflow Found - Listing 1' is: 'JOHORuo2'

2018-12-20 13:44:10 - [TEST_STEP][PASSED] - Statement - OwnerID = OwnerID.toLowerCase() + "@gmail.com": null

2018-12-20 13:44:10 - [TEST_STEP][PASSED] - Statement - println(OwnerID): null

2018-12-20 13:44:10 - [TEST_STEP][PASSED] - delay: Delayed 2 second(s)

2018-12-20 13:44:12 - [MESSAGE][PASSED] - Delayed 2 second(s)

2018-12-20 13:44:12 - [MESSAGE][PASSED] - Call Test Case 'Test Cases/Final Aug 2018 - PKS Automation/Common/Workflow Owner Finder' successfully

2018-12-20 13:44:12 - [TEST_STEP][PASSED] - delay: Delayed 1 second(s)

2018-12-20 13:44:13 - [MESSAGE][PASSED] - Delayed 1 second(s)

2018-12-20 13:44:13 - [TEST_STEP][PASSED] - navigateToUrl: Navigate to 'https://assist2-uat.perkeso.gov.my/c/portal/logout' successfully

2018-12-20 13:44:14 - [MESSAGE][PASSED] - Navigate to 'https://assist2-uat.perkeso.gov.my/c/portal/logout' successfully

2018-12-20 13:44:14 - [TEST_STEP][PASSED] - delay: Delayed 1 second(s)

2018-12-20 13:44:15 - [MESSAGE][PASSED] - Delayed 1 second(s)

2018-12-20 13:44:15 - [TEST_STEP][PASSED] - callTestCase: Call Test Case 'Test Cases/Final Aug 2018 - PKS Automation/Registration Module/Workflow/Login and Search Case For Workflow' successfully

2018-12-20 13:44:15 - [TEST_CASE][PASSED] - Test Cases/Final Aug 2018 - PKS Automation/Registration Module/Workflow/Login and Search Case For Workflow: Test Cases/Final Aug 2018 - PKS Automation/Registration Module/Workflow/Login and Search Case For Workflow

2018-12-20 13:44:15 - [TEST_STEP][PASSED] - navigateToUrl: Navigate to 'https://assist2-uat.perkeso.gov.my/login' successfully

2018-12-20 13:44:15 - [MESSAGE][PASSED] - Navigate to 'https://assist2-uat.perkeso.gov.my/login' successfully

2018-12-20 13:44:15 - [TEST_STEP][PASSED] - setText: Text 'johoruo2@gmail.com' is set on object 'Object Repository/Final Object Repo/Login Page/Internal User/Email Address'

2018-12-20 13:44:16 - [MESSAGE][PASSED] - Text 'johoruo2@gmail.com' is set on object 'Object Repository/Final Object Repo/Login Page/Internal User/Email Address'

2018-12-20 13:44:16 - [TEST_STEP][PASSED] - click: Object: 'Object Repository/Final Object Repo/Login Page/Internal User/Next Button' is clicked on

2018-12-20 13:44:16 - [MESSAGE][PASSED] - Object: 'Object Repository/Final Object Repo/Login Page/Internal User/Next Button' is clicked on

2018-12-20 13:44:16 - [TEST_STEP][PASSED] - delay: Delayed 1 second(s)

2018-12-20 13:44:17 - [MESSAGE][PASSED] - Delayed 1 second(s)

2018-12-20 13:44:17 - [TEST_STEP][PASSED] - setEncryptedText: Text ****** has been set on object 'Object Repository/Final Object Repo/Login Page/Internal User/Password'

2018-12-20 13:44:17 - [MESSAGE][PASSED] - Text ****** has been set on object 'Object Repository/Final Object Repo/Login Page/Internal User/Password'

2018-12-20 13:44:17 - [TEST_STEP][PASSED] - click: Object: 'Object Repository/Final Object Repo/Login Page/Internal User/Login Button' is clicked on

2018-12-20 13:44:17 - [MESSAGE][PASSED] - Object: 'Object Repository/Final Object Repo/Login Page/Internal User/Login Button' is clicked on

2018-12-20 13:44:17 - [TEST_STEP][PASSED] - delay: Delayed 2 second(s)

2018-12-20 13:44:19 - [MESSAGE][PASSED] - Delayed 2 second(s)

2018-12-20 13:44:19 - [TEST_STEP][PASSED] - Statement - Try: Delayed 2 second(s)

2018-12-20 13:44:19 - [TEST_STEP][PASSED] - Statement - Checker = false: null

2018-12-20 13:44:19 - [TEST_STEP][PASSED] - Statement - Checker = com.kms.katalon.core.webui.keyword.WebUiBuiltInKeywords.verifyElementHasAttribute(com.kms.katalon.core.testobject.ObjectRepository.findTestObject(Final Object Repo/Landing Page/BM Detecting), "href", 20, OPTIONAL): Object 'Object Repository/Final Object Repo/Landing Page/BM Detecting' has attribute 'href'

2018-12-20 13:44:19 - [MESSAGE][PASSED] - Object 'Object Repository/Final Object Repo/Landing Page/BM Detecting' has attribute 'href'

2018-12-20 13:44:19 - [TEST_STEP][PASSED] - Statement - out.println(Checker): null

2018-12-20 13:44:19 - [TEST_STEP][PASSED] - Statement - If (Checker == false): null

2018-12-20 13:44:19 - [TEST_STEP][PASSED] - Statement - Else: null

2018-12-20 13:44:19 - [TEST_STEP][PASSED] - delay: Delayed 2 second(s)

2018-12-20 13:44:21 - [MESSAGE][PASSED] - Delayed 2 second(s)

2018-12-20 13:44:21 - [TEST_STEP][PASSED] - click: Object: 'Object Repository/Final Object Repo/Page_MyASSIST - ASSIST - Search Pending Case For Add Supporting Document/Search Information' is clicked on

2018-12-20 13:44:21 - [MESSAGE][PASSED] - Object: 'Object Repository/Final Object Repo/Page_MyASSIST - ASSIST - Search Pending Case For Add Supporting Document/Search Information' is clicked on

2018-12-20 13:44:21 - [TEST_STEP][PASSED] - delay: Delayed 3 second(s)

2018-12-20 13:44:24 - [MESSAGE][PASSED] - Delayed 3 second(s)

2018-12-20 13:44:24 - [TEST_STEP][PASSED] - sendKeys: Keys 'ERN122018C200002539' sent to object: 'Object Repository/Final Object Repo/Page_MyASSIST - ASSIST - Search Pending Case For Add Supporting Document/Reference No'

2018-12-20 13:44:25 - [MESSAGE][PASSED] - Keys 'ERN122018C200002539' sent to object: 'Object Repository/Final Object Repo/Page_MyASSIST - ASSIST - Search Pending Case For Add Supporting Document/Reference No'

2018-12-20 13:44:25 - [TEST_STEP][PASSED] - click: Object: 'Object Repository/Final Object Repo/Page_MyASSIST - ASSIST - Search Pending Case For Add Supporting Document/Search Reference No' is clicked on

2018-12-20 13:44:25 - [MESSAGE][PASSED] - Object: 'Object Repository/Final Object Repo/Page_MyASSIST - ASSIST - Search Pending Case For Add Supporting Document/Search Reference No' is clicked on

2018-12-20 13:44:25 - [TEST_STEP][PASSED] - delay: Delayed 2 second(s)

2018-12-20 13:44:27 - [MESSAGE][PASSED] - Delayed 2 second(s)

2018-12-20 13:44:27 - [TEST_STEP][PASSED] - click: Object: 'Object Repository/Final Object Repo/Page_MyASSIST - ASSIST - Search Pending Case For Add Supporting Document/Continue' is clicked on

2018-12-20 13:44:30 - [MESSAGE][PASSED] - Object: 'Object Repository/Final Object Repo/Page_MyASSIST - ASSIST - Search Pending Case For Add Supporting Document/Continue' is clicked on

2018-12-20 13:44:30 - [TEST_STEP][PASSED] - delay: Delayed 20 second(s)

2018-12-20 13:44:50 - [MESSAGE][PASSED] - Delayed 20 second(s)

2018-12-20 13:44:50 - [MESSAGE][PASSED] - Call Test Case 'Test Cases/Final Aug 2018 - PKS Automation/Registration Module/Workflow/Login and Search Case For Workflow' successfully

2018-12-20 13:44:50 - [TEST_STEP][PASSED] - click: Object: 'Object Repository/Final Object Repo/Page_Form 3 EIS - Cessation as Employer/Page_Form 3 EIS - Cessation as Employer (Approve)/Save  Continue in Form 3 Page' is clicked on

2018-12-20 13:44:50 - [MESSAGE][PASSED] - Object: 'Object Repository/Final Object Repo/Page_Form 3 EIS - Cessation as Employer/Page_Form 3 EIS - Cessation as Employer (Approve)/Save  Continue in Form 3 Page' is clicked on

2018-12-20 13:44:50 - [TEST_STEP][PASSED] - delay: Delayed 4 second(s)

2018-12-20 13:44:54 - [MESSAGE][PASSED] - Delayed 4 second(s)

2018-12-20 13:44:54 - [TEST_STEP][PASSED] - click: Object: 'Object Repository/Final Object Repo/Page_Form 3 EIS - Cessation as Employer/Page_Form 3 EIS - Cessation as Employer (Approve)/Save  Continue in Resigned Page' is clicked on

2018-12-20 13:44:55 - [MESSAGE][PASSED] - Object: 'Object Repository/Final Object Repo/Page_Form 3 EIS - Cessation as Employer/Page_Form 3 EIS - Cessation as Employer (Approve)/Save  Continue in Resigned Page' is clicked on

2018-12-20 13:44:55 - [TEST_STEP][PASSED] - delay: Delayed 2 second(s)

2018-12-20 13:44:57 - [MESSAGE][PASSED] - Delayed 2 second(s)

2018-12-20 13:44:57 - [TEST_STEP][PASSED] - setText: Text 'Remark' is set on object 'Object Repository/Final Object Repo/Page_Form 3 EIS - Cessation as Employer/Page_Form 3 EIS - Cessation as Employer (Query)/Query - Remark'

2018-12-20 13:44:58 - [MESSAGE][PASSED] - Text 'Remark' is set on object 'Object Repository/Final Object Repo/Page_Form 3 EIS - Cessation as Employer/Page_Form 3 EIS - Cessation as Employer (Query)/Query - Remark'

2018-12-20 13:44:58 - [TEST_STEP][PASSED] - delay: Delayed 2 second(s)

2018-12-20 13:45:00 - [MESSAGE][PASSED] - Delayed 2 second(s)

2018-12-20 13:45:00 - [TEST_STEP][PASSED] - click: Object: 'Object Repository/Final Object Repo/Page_Form 3 EIS - Cessation as Employer/Page_Form 3 EIS - Cessation as Employer (Query)/Save  Continue' is clicked on

2018-12-20 13:45:00 - [MESSAGE][PASSED] - Object: 'Object Repository/Final Object Repo/Page_Form 3 EIS - Cessation as Employer/Page_Form 3 EIS - Cessation as Employer (Query)/Save  Continue' is clicked on

2018-12-20 13:45:00 - [TEST_STEP][PASSED] - delay: Delayed 2 second(s)

2018-12-20 13:45:02 - [MESSAGE][PASSED] - Delayed 2 second(s)

2018-12-20 13:45:02 - [TEST_STEP][PASSED] - click: Object: 'Object Repository/Final Object Repo/Page_Form 3 EIS - Cessation as Employer/Page_Form 3 EIS - Cessation as Employer (Query)/Query' is clicked on

2018-12-20 13:45:05 - [MESSAGE][PASSED] - Object: 'Object Repository/Final Object Repo/Page_Form 3 EIS - Cessation as Employer/Page_Form 3 EIS - Cessation as Employer (Query)/Query' is clicked on

2018-12-20 13:45:05 - [TEST_STEP][PASSED] - delay: Delayed 2 second(s)

2018-12-20 13:45:07 - [MESSAGE][PASSED] - Delayed 2 second(s)

2018-12-20 13:45:07 - [TEST_STEP][PASSED] - click: Object: 'Object Repository/Final Object Repo/Page_Form 3 EIS - Cessation as Employer/Page_Form 3 EIS - Cessation as Employer (Query)/Confirm' is clicked on

2018-12-20 13:45:08 - [MESSAGE][PASSED] - Object: 'Object Repository/Final Object Repo/Page_Form 3 EIS - Cessation as Employer/Page_Form 3 EIS - Cessation as Employer (Query)/Confirm' is clicked on

2018-12-20 13:45:08 - [TEST_STEP][PASSED] - delay: Delayed 2 second(s)

2018-12-20 13:45:10 - [MESSAGE][PASSED] - Delayed 2 second(s)

2018-12-20 13:45:10 - [TEST_STEP][FAILED] - click: Unable to click on object 'Object Repository/Final Object Repo/Page_Form 3 EIS - Cessation as Employer/Page_Form 3 EIS - Cessation as Employer (Query)/Message The Case Is Under Query' (Root cause: com.kms.katalon.core.webui.exception.WebElementNotFoundException: Web element with id: 'Object Repository/Final Object Repo/Page_Form 3 EIS - Cessation as Employer/Page_Form 3 EIS - Cessation as Employer (Query)/Message The Case Is Under Query' located by 'By.xpath: //div[(text() = '
			    			
			    			
			    			
			    			
			    			The Case Is Under Query.
			    			
			    			
			    			
			    			









































































' or . = '
			    			
			    			
			    			
			    			
			    			The Case Is Under Query.
			    			
			    			
			    			
			    			









































































')]' not found)

2018-12-20 13:45:42 - [MESSAGE][FAILED] - Unable to click on object 'Object Repository/Final Object Repo/Page_Form 3 EIS - Cessation as Employer/Page_Form 3 EIS - Cessation as Employer (Query)/Message The Case Is Under Query' (Root cause: com.kms.katalon.core.webui.exception.WebElementNotFoundException: Web element with id: 'Object Repository/Final Object Repo/Page_Form 3 EIS - Cessation as Employer/Page_Form 3 EIS - Cessation as Employer (Query)/Message The Case Is Under Query' located by 'By.xpath: //div[(text() = '
			    			
			    			
			    			
			    			
			    			The Case Is Under Query.
			    			
			    			
			    			
			    			









































































' or . = '
			    			
			    			
			    			
			    			
			    			The Case Is Under Query.
			    			
			    			
			    			
			    			









































































')]' not found)
[[ATTACHMENT|C:\\Users\\Admin\\Desktop\\PKS\\Perkeso Phase A\\Reports\\Workflow\\Form 3 EIS - Cessation as Employer\\20181220_125555\\1545284742218.png]]

2018-12-20 13:45:42 - [TEST_STEP][FAILED] - click: Unable to click on object 'Object Repository/Final Object Repo/Page_Form 3 EIS - Cessation as Employer/Page_Form 3 EIS - Cessation as Employer (Query)/Letter of inquiry' (Root cause: com.kms.katalon.core.webui.exception.WebElementNotFoundException: Web element with id: 'Object Repository/Final Object Repo/Page_Form 3 EIS - Cessation as Employer/Page_Form 3 EIS - Cessation as Employer (Query)/Letter of inquiry' located by 'By.xpath: //a[(text() = '
							 
							Letter of inquiry.pdf
						' or . = '
							 
							Letter of inquiry.pdf
						')]' not found)

2018-12-20 13:46:15 - [MESSAGE][FAILED] - Unable to click on object 'Object Repository/Final Object Repo/Page_Form 3 EIS - Cessation as Employer/Page_Form 3 EIS - Cessation as Employer (Query)/Letter of inquiry' (Root cause: com.kms.katalon.core.webui.exception.WebElementNotFoundException: Web element with id: 'Object Repository/Final Object Repo/Page_Form 3 EIS - Cessation as Employer/Page_Form 3 EIS - Cessation as Employer (Query)/Letter of inquiry' located by 'By.xpath: //a[(text() = '
							 
							Letter of inquiry.pdf
						' or . = '
							 
							Letter of inquiry.pdf
						')]' not found)
[[ATTACHMENT|C:\\Users\\Admin\\Desktop\\PKS\\Perkeso Phase A\\Reports\\Workflow\\Form 3 EIS - Cessation as Employer\\20181220_125555\\1545284775135.png]]

2018-12-20 13:46:15 - [TEST_STEP][PASSED] - delay: Delayed 1 second(s)

2018-12-20 13:46:16 - [MESSAGE][PASSED] - Delayed 1 second(s)

2018-12-20 13:46:16 - [TEST_STEP][PASSED] - navigateToUrl: Navigate to 'https://assist2-uat.perkeso.gov.my/c/portal/logout' successfully

2018-12-20 13:46:17 - [MESSAGE][PASSED] - Navigate to 'https://assist2-uat.perkeso.gov.my/c/portal/logout' successfully

2018-12-20 13:46:17 - [TEST_STEP][PASSED] - delay: Delayed 1 second(s)

2018-12-20 13:46:18 - [MESSAGE][PASSED] - Delayed 1 second(s)

2018-12-20 13:46:18 - [TEST_STEP][FAILED] - callTestCase: Unable to call Test Case with id 'Test Cases/Final Aug 2018 - PKS Automation/Registration Module/Workflow/Search Pending Case For Add Supporting Document (OTC)' (Root cause: Call Test Case 'Test Cases/Final Aug 2018 - PKS Automation/Registration Module/Workflow/Search Pending Case For Add Supporting Document (OTC)' failed)

2018-12-20 13:46:18 - [TEST_CASE][FAILED] - Test Cases/Final Aug 2018 - PKS Automation/Registration Module/Workflow/Search Pending Case For Add Supporting Document (OTC): Test Cases/Final Aug 2018 - PKS Automation/Registration Module/Workflow/Search Pending Case For Add Supporting Document (OTC) FAILED because (of) (Stack trace: com.kms.katalon.core.exception.StepFailedException: Unable to click on object 'Object Repository/Final Object Repo/Page_Search Pending Case For Add Suporting Document/Edit' (Root cause: com.kms.katalon.core.webui.exception.WebElementNotFoundException: Web element with id: 'Object Repository/Final Object Repo/Page_Search Pending Case For Add Suporting Document/Edit' located by 'By.xpath: //i[@data-original-title = ' Edit']' not found)
	at com.kms.katalon.core.keyword.internal.KeywordMain.stepFailed(KeywordMain.groovy:32)
	at com.kms.katalon.core.webui.keyword.internal.WebUIKeywordMain.stepFailed(WebUIKeywordMain.groovy:65)
	at com.kms.katalon.core.webui.keyword.internal.WebUIKeywordMain.runKeyword(WebUIKeywordMain.groovy:27)
	at com.kms.katalon.core.webui.keyword.builtin.ClickKeyword.click(ClickKeyword.groovy:86)
	at com.kms.katalon.core.webui.keyword.builtin.ClickKeyword.execute(ClickKeyword.groovy:67)
	at com.kms.katalon.core.keyword.internal.KeywordExecutor.executeKeywordForPlatform(KeywordExecutor.groovy:53)
	at com.kms.katalon.core.webui.keyword.WebUiBuiltInKeywords.click(WebUiBuiltInKeywords.groovy:616)
	at com.kms.katalon.core.webui.keyword.WebUiBuiltInKeywords$click$2.call(Unknown Source)
	at Script1536896985190.run(Script1536896985190.groovy:71)
	at com.kms.katalon.core.main.ScriptEngine.run(ScriptEngine.java:183)
	at com.kms.katalon.core.main.ScriptEngine.runScriptAsRawText(ScriptEngine.java:108)
	at com.kms.katalon.core.main.TestCaseExecutor.runScript(TestCaseExecutor.java:294)
	at com.kms.katalon.core.main.TestCaseExecutor.doExecute(TestCaseExecutor.java:285)
	at com.kms.katalon.core.main.TestCaseExecutor.processExecutionPhase(TestCaseExecutor.java:264)
	at com.kms.katalon.core.main.TestCaseExecutor.accessMainPhase(TestCaseExecutor.java:256)
	at com.kms.katalon.core.main.TestCaseExecutor.execute(TestCaseExecutor.java:200)
	at com.kms.katalon.core.main.TestCaseMain.runTestCase(TestCaseMain.java:99)
	at com.kms.katalon.core.keyword.builtin.CallTestCaseKeyword$_callTestCase_closure1.doCall(CallTestCaseKeyword.groovy:60)
	at com.kms.katalon.core.keyword.builtin.CallTestCaseKeyword$_callTestCase_closure1.call(CallTestCaseKeyword.groovy)
	at com.kms.katalon.core.keyword.internal.KeywordMain.runKeyword(KeywordMain.groovy:54)
	at com.kms.katalon.core.keyword.builtin.CallTestCaseKeyword.callTestCase(CallTestCaseKeyword.groovy:81)
	at com.kms.katalon.core.keyword.builtin.CallTestCaseKeyword.execute(CallTestCaseKeyword.groovy:45)
	at com.kms.katalon.core.keyword.internal.KeywordExecutor.executeKeywordForPlatform(KeywordExecutor.groovy:53)
	at com.kms.katalon.core.keyword.BuiltinKeywords.callTestCase(BuiltinKeywords.groovy:334)
	at sun.reflect.GeneratedMethodAccessor13.invoke(Unknown Source)
	at sun.reflect.DelegatingMethodAccessorImpl.invoke(DelegatingMethodAccessorImpl.java:43)
	at java.lang.reflect.Method.invoke(Method.java:498)
	at org.codehaus.groovy.reflection.CachedMethod.invoke(CachedMethod.java:93)
	at groovy.lang.MetaMethod.doMethodInvoke(MetaMethod.java:325)
	at groovy.lang.MetaClassImpl.invokeStaticMethod(MetaClassImpl.java:1469)
	at org.codehaus.groovy.runtime.callsite.StaticMetaClassSite.call(StaticMetaClassSite.java:53)
	at org.codehaus.groovy.runtime.callsite.AbstractCallSite.call(AbstractCallSite.java:141)
	at Script1536114876563.run(Script1536114876563.groovy:80)
	at com.kms.katalon.core.main.ScriptEngine.run(ScriptEngine.java:183)
	at com.kms.katalon.core.main.ScriptEngine.runScriptAsRawText(ScriptEngine.java:108)
	at com.kms.katalon.core.main.TestCaseExecutor.runScript(TestCaseExecutor.java:294)
	at com.kms.katalon.core.main.TestCaseExecutor.doExecute(TestCaseExecutor.java:285)
	at com.kms.katalon.core.main.TestCaseExecutor.processExecutionPhase(TestCaseExecutor.java:264)
	at com.kms.katalon.core.main.TestCaseExecutor.accessMainPhase(TestCaseExecutor.java:256)
	at com.kms.katalon.core.main.TestCaseExecutor.execute(TestCaseExecutor.java:200)
	at com.kms.katalon.core.main.TestCaseMain.runTestCase(TestCaseMain.java:99)
	at com.kms.katalon.core.keyword.builtin.CallTestCaseKeyword$_callTestCase_closure1.doCall(CallTestCaseKeyword.groovy:60)
	at com.kms.katalon.core.keyword.builtin.CallTestCaseKeyword$_callTestCase_closure1.call(CallTestCaseKeyword.groovy)
	at com.kms.katalon.core.keyword.internal.KeywordMain.runKeyword(KeywordMain.groovy:54)
	at com.kms.katalon.core.keyword.builtin.CallTestCaseKeyword.callTestCase(CallTestCaseKeyword.groovy:81)
	at com.kms.katalon.core.keyword.builtin.CallTestCaseKeyword.execute(CallTestCaseKeyword.groovy:45)
	at com.kms.katalon.core.keyword.internal.KeywordExecutor.executeKeywordForPlatform(KeywordExecutor.groovy:53)
	at com.kms.katalon.core.keyword.BuiltinKeywords.callTestCase(BuiltinKeywords.groovy:334)
	at sun.reflect.GeneratedMethodAccessor13.invoke(Unknown Source)
	at sun.reflect.DelegatingMethodAccessorImpl.invoke(DelegatingMethodAccessorImpl.java:43)
	at java.lang.reflect.Method.invoke(Method.java:498)
	at org.codehaus.groovy.reflection.CachedMethod.invoke(CachedMethod.java:93)
	at groovy.lang.MetaMethod.doMethodInvoke(MetaMethod.java:325)
	at groovy.lang.MetaClassImpl.invokeStaticMethod(MetaClassImpl.java:1469)
	at org.codehaus.groovy.runtime.callsite.StaticMetaClassSite.call(StaticMetaClassSite.java:53)
	at org.codehaus.groovy.runtime.callsite.CallSiteArray.defaultCall(CallSiteArray.java:48)
	at org.codehaus.groovy.runtime.callsite.AbstractCallSite.call(AbstractCallSite.java:113)
	at org.codehaus.groovy.runtime.callsite.AbstractCallSite.call(AbstractCallSite.java:141)
	at Script1536204651962.run(Script1536204651962.groovy:25)
	at com.kms.katalon.core.main.ScriptEngine.run(ScriptEngine.java:183)
	at com.kms.katalon.core.main.ScriptEngine.runScriptAsRawText(ScriptEngine.java:108)
	at com.kms.katalon.core.main.TestCaseExecutor.runScript(TestCaseExecutor.java:294)
	at com.kms.katalon.core.main.TestCaseExecutor.doExecute(TestCaseExecutor.java:285)
	at com.kms.katalon.core.main.TestCaseExecutor.processExecutionPhase(TestCaseExecutor.java:264)
	at com.kms.katalon.core.main.TestCaseExecutor.accessMainPhase(TestCaseExecutor.java:256)
	at com.kms.katalon.core.main.TestCaseExecutor.execute(TestCaseExecutor.java:200)
	at com.kms.katalon.core.main.TestSuiteExecutor.accessTestCaseMainPhase(TestSuiteExecutor.java:129)
	at com.kms.katalon.core.main.TestSuiteExecutor.accessTestSuiteMainPhase(TestSuiteExecutor.java:112)
	at com.kms.katalon.core.main.TestSuiteExecutor.execute(TestSuiteExecutor.java:81)
	at com.kms.katalon.core.main.TestCaseMain.startTestSuite(TestCaseMain.java:142)
	at com.kms.katalon.core.main.TestCaseMain$startTestSuite$0.call(Unknown Source)
	at org.codehaus.groovy.runtime.callsite.CallSiteArray.defaultCall(CallSiteArray.java:48)
	at org.codehaus.groovy.runtime.callsite.AbstractCallSite.call(AbstractCallSite.java:113)
	at org.codehaus.groovy.runtime.callsite.AbstractCallSite.call(AbstractCallSite.java:141)
	at TempTestSuite1545281755266.run(TempTestSuite1545281755266.groovy:36)
	at groovy.lang.GroovyShell.runScriptOrMainOrTestOrRunnable(GroovyShell.java:263)
	at groovy.lang.GroovyShell.run(GroovyShell.java:518)
	at groovy.lang.GroovyShell.run(GroovyShell.java:507)
	at groovy.ui.GroovyMain.processOnce(GroovyMain.java:653)
	at groovy.ui.GroovyMain.run(GroovyMain.java:384)
	at groovy.ui.GroovyMain.process(GroovyMain.java:370)
	at groovy.ui.GroovyMain.processArgs(GroovyMain.java:129)
	at groovy.ui.GroovyMain.main(GroovyMain.java:109)
	at sun.reflect.NativeMethodAccessorImpl.invoke0(Native Method)
	at sun.reflect.NativeMethodAccessorImpl.invoke(NativeMethodAccessorImpl.java:62)
	at sun.reflect.DelegatingMethodAccessorImpl.invoke(DelegatingMethodAccessorImpl.java:43)
	at java.lang.reflect.Method.invoke(Method.java:498)
	at org.codehaus.groovy.tools.GroovyStarter.rootLoader(GroovyStarter.java:109)
	at org.codehaus.groovy.tools.GroovyStarter.main(GroovyStarter.java:131)
)

2018-12-20 13:46:18 - [TEST_STEP][PASSED] - openBrowser: Browser is opened with url: ''

2018-12-20 13:46:18 - [MESSAGE][WARNING] - A browser is already opened. Closing browser and opening a new one

2018-12-20 13:46:21 - [MESSAGE][PASSED] - Browser is opened with url: ''

2018-12-20 13:46:21 - [TEST_STEP][PASSED] - navigateToUrl: Navigate to 'https://assist2-uat.perkeso.gov.my/login' successfully

2018-12-20 13:46:22 - [MESSAGE][PASSED] - Navigate to 'https://assist2-uat.perkeso.gov.my/login' successfully

2018-12-20 13:46:22 - [TEST_STEP][PASSED] - setText: Text 'johorotc1@gmail.com' is set on object 'Object Repository/Final Object Repo/Login Page/Internal User/Email Address'

2018-12-20 13:46:22 - [MESSAGE][PASSED] - Text 'johorotc1@gmail.com' is set on object 'Object Repository/Final Object Repo/Login Page/Internal User/Email Address'

2018-12-20 13:46:22 - [TEST_STEP][PASSED] - click: Object: 'Object Repository/Final Object Repo/Login Page/Internal User/Next Button' is clicked on

2018-12-20 13:46:23 - [MESSAGE][PASSED] - Object: 'Object Repository/Final Object Repo/Login Page/Internal User/Next Button' is clicked on

2018-12-20 13:46:23 - [TEST_STEP][PASSED] - delay: Delayed 1 second(s)

2018-12-20 13:46:24 - [MESSAGE][PASSED] - Delayed 1 second(s)

2018-12-20 13:46:24 - [TEST_STEP][PASSED] - setEncryptedText: Text ****** has been set on object 'Object Repository/Final Object Repo/Login Page/Internal User/Password'

2018-12-20 13:46:24 - [MESSAGE][PASSED] - Text ****** has been set on object 'Object Repository/Final Object Repo/Login Page/Internal User/Password'

2018-12-20 13:46:24 - [TEST_STEP][PASSED] - click: Object: 'Object Repository/Final Object Repo/Login Page/Internal User/Login Button' is clicked on

2018-12-20 13:46:24 - [MESSAGE][PASSED] - Object: 'Object Repository/Final Object Repo/Login Page/Internal User/Login Button' is clicked on

2018-12-20 13:46:24 - [TEST_STEP][PASSED] - delay: Delayed 1 second(s)

2018-12-20 13:46:25 - [MESSAGE][PASSED] - Delayed 1 second(s)

2018-12-20 13:46:25 - [TEST_STEP][PASSED] - Statement - Try: Delayed 2 second(s)

2018-12-20 13:46:25 - [TEST_STEP][PASSED] - Statement - Checker = false: null

2018-12-20 13:46:25 - [TEST_STEP][PASSED] - Statement - Checker = com.kms.katalon.core.webui.keyword.WebUiBuiltInKeywords.verifyElementHasAttribute(com.kms.katalon.core.testobject.ObjectRepository.findTestObject(Final Object Repo/Landing Page/BM Detecting), "href", 20, OPTIONAL): Object 'Object Repository/Final Object Repo/Landing Page/BM Detecting' has attribute 'href'

2018-12-20 13:46:26 - [MESSAGE][PASSED] - Object 'Object Repository/Final Object Repo/Landing Page/BM Detecting' has attribute 'href'

2018-12-20 13:46:26 - [TEST_STEP][PASSED] - Statement - out.println(Checker): null

2018-12-20 13:46:26 - [TEST_STEP][PASSED] - Statement - If (Checker == false): null

2018-12-20 13:46:26 - [TEST_STEP][PASSED] - Statement - Else: null

2018-12-20 13:46:26 - [TEST_STEP][PASSED] - delay: Delayed 2 second(s)

2018-12-20 13:46:28 - [MESSAGE][PASSED] - Delayed 2 second(s)

2018-12-20 13:46:28 - [TEST_STEP][PASSED] - navigateToUrl: Navigate to 'https://assist2-uat.perkeso.gov.my/web/registration/search/search-pending-case-for-add-supporting-document' successfully

2018-12-20 13:46:31 - [MESSAGE][PASSED] - Navigate to 'https://assist2-uat.perkeso.gov.my/web/registration/search/search-pending-case-for-add-supporting-document' successfully

2018-12-20 13:46:31 - [TEST_STEP][PASSED] - click: Object: 'Object Repository/Final Object Repo/Page_Search Pending Case For Add Suporting Document/Search By' is clicked on

2018-12-20 13:46:31 - [MESSAGE][PASSED] - Object: 'Object Repository/Final Object Repo/Page_Search Pending Case For Add Suporting Document/Search By' is clicked on

2018-12-20 13:46:31 - [TEST_STEP][PASSED] - click: Object: 'Object Repository/Final Object Repo/Page_Search Pending Case For Add Suporting Document/Search By - Reference ID' is clicked on

2018-12-20 13:46:31 - [MESSAGE][PASSED] - Object: 'Object Repository/Final Object Repo/Page_Search Pending Case For Add Suporting Document/Search By - Reference ID' is clicked on

2018-12-20 13:46:31 - [TEST_STEP][PASSED] - delay: Delayed 2 second(s)

2018-12-20 13:46:33 - [MESSAGE][PASSED] - Delayed 2 second(s)

2018-12-20 13:46:33 - [TEST_STEP][PASSED] - setText: Text 'ERN122018C200002539' is set on object 'Object Repository/Final Object Repo/Page_Search Pending Case For Add Suporting Document/Reference ID'

2018-12-20 13:46:33 - [MESSAGE][PASSED] - Text 'ERN122018C200002539' is set on object 'Object Repository/Final Object Repo/Page_Search Pending Case For Add Suporting Document/Reference ID'

2018-12-20 13:46:33 - [TEST_STEP][PASSED] - click: Object: 'Object Repository/Final Object Repo/Page_Search Pending Case For Add Suporting Document/Search' is clicked on

2018-12-20 13:46:34 - [MESSAGE][PASSED] - Object: 'Object Repository/Final Object Repo/Page_Search Pending Case For Add Suporting Document/Search' is clicked on

2018-12-20 13:46:34 - [TEST_STEP][PASSED] - delay: Delayed 2 second(s)

2018-12-20 13:46:36 - [MESSAGE][PASSED] - Delayed 2 second(s)

2018-12-20 13:46:36 - [TEST_STEP][FAILED] - click: Unable to click on object 'Object Repository/Final Object Repo/Page_Search Pending Case For Add Suporting Document/Edit' (Root cause: com.kms.katalon.core.webui.exception.WebElementNotFoundException: Web element with id: 'Object Repository/Final Object Repo/Page_Search Pending Case For Add Suporting Document/Edit' located by 'By.xpath: //i[@data-original-title = ' Edit']' not found)

2018-12-20 13:47:08 - [MESSAGE][FAILED] - Unable to click on object 'Object Repository/Final Object Repo/Page_Search Pending Case For Add Suporting Document/Edit' (Root cause: com.kms.katalon.core.webui.exception.WebElementNotFoundException: Web element with id: 'Object Repository/Final Object Repo/Page_Search Pending Case For Add Suporting Document/Edit' located by 'By.xpath: //i[@data-original-title = ' Edit']' not found)
[[ATTACHMENT|C:\\Users\\Admin\\Desktop\\PKS\\Perkeso Phase A\\Reports\\Workflow\\Form 3 EIS - Cessation as Employer\\20181220_125555\\1545284828014.png]]

2018-12-20 13:47:08 - [MESSAGE][FAILED] - Unable to call Test Case with id 'Test Cases/Final Aug 2018 - PKS Automation/Registration Module/Workflow/Search Pending Case For Add Supporting Document (OTC)' (Root cause: Call Test Case 'Test Cases/Final Aug 2018 - PKS Automation/Registration Module/Workflow/Search Pending Case For Add Supporting Document (OTC)' failed)

2018-12-20 13:47:08 - [MESSAGE][FAILED] - Unable to call Test Case with id 'Test Cases/Final Aug 2018 - PKS Automation/Registration Module/Workflow/Form 3 EIS - Cessation As Employer/Template/Form 3 A - Cessation As Employer (Query)' (Root cause: Call Test Case 'Test Cases/Final Aug 2018 - PKS Automation/Registration Module/Workflow/Form 3 EIS - Cessation As Employer/Template/Form 3 A - Cessation As Employer (Query)' failed)]]></system-out>
         <system-err><![CDATA[2018-12-20 13:42:16 - [TEST_CASE][FAILED] - Test Cases/Final Aug 2018 - PKS Automation/Registration Module/Workflow/Form 3 EIS - Cessation As Employer/PKRBO to UO (Query): Test Cases/Final Aug 2018 - PKS Automation/Registration Module/Workflow/Form 3 EIS - Cessation As Employer/PKRBO to UO (Query) FAILED because (of) (Stack trace: com.kms.katalon.core.exception.StepFailedException: Unable to click on object 'Object Repository/Final Object Repo/Page_Form 3 EIS - Cessation as Employer/Page_Form 3 EIS - Cessation as Employer (Query)/Message The Case Is Under Query' (Root cause: com.kms.katalon.core.webui.exception.WebElementNotFoundException: Web element with id: 'Object Repository/Final Object Repo/Page_Form 3 EIS - Cessation as Employer/Page_Form 3 EIS - Cessation as Employer (Query)/Message The Case Is Under Query' located by 'By.xpath: //div[(text() = '
			    			
			    			
			    			
			    			
			    			The Case Is Under Query.
			    			
			    			
			    			
			    			









































































' or . = '
			    			
			    			
			    			
			    			
			    			The Case Is Under Query.
			    			
			    			
			    			
			    			









































































')]' not found)
	at com.kms.katalon.core.keyword.internal.KeywordMain.stepFailed(KeywordMain.groovy:32)
	at com.kms.katalon.core.webui.keyword.internal.WebUIKeywordMain.stepFailed(WebUIKeywordMain.groovy:65)
	at com.kms.katalon.core.webui.keyword.internal.WebUIKeywordMain.runKeyword(WebUIKeywordMain.groovy:27)
	at com.kms.katalon.core.webui.keyword.builtin.ClickKeyword.click(ClickKeyword.groovy:86)
	at com.kms.katalon.core.webui.keyword.builtin.ClickKeyword.execute(ClickKeyword.groovy:67)
	at com.kms.katalon.core.keyword.internal.KeywordExecutor.executeKeywordForPlatform(KeywordExecutor.groovy:53)
	at com.kms.katalon.core.webui.keyword.WebUiBuiltInKeywords.click(WebUiBuiltInKeywords.groovy:616)
	at com.kms.katalon.core.webui.keyword.WebUiBuiltInKeywords$click$2.call(Unknown Source)
	at Script1536114876563.run(Script1536114876563.groovy:70)
	at com.kms.katalon.core.main.ScriptEngine.run(ScriptEngine.java:183)
	at com.kms.katalon.core.main.ScriptEngine.runScriptAsRawText(ScriptEngine.java:108)
	at com.kms.katalon.core.main.TestCaseExecutor.runScript(TestCaseExecutor.java:294)
	at com.kms.katalon.core.main.TestCaseExecutor.doExecute(TestCaseExecutor.java:285)
	at com.kms.katalon.core.main.TestCaseExecutor.processExecutionPhase(TestCaseExecutor.java:264)
	at com.kms.katalon.core.main.TestCaseExecutor.accessMainPhase(TestCaseExecutor.java:256)
	at com.kms.katalon.core.main.TestCaseExecutor.execute(TestCaseExecutor.java:200)
	at com.kms.katalon.core.main.TestCaseMain.runTestCase(TestCaseMain.java:99)
	at com.kms.katalon.core.keyword.builtin.CallTestCaseKeyword$_callTestCase_closure1.doCall(CallTestCaseKeyword.groovy:60)
	at com.kms.katalon.core.keyword.builtin.CallTestCaseKeyword$_callTestCase_closure1.call(CallTestCaseKeyword.groovy)
	at com.kms.katalon.core.keyword.internal.KeywordMain.runKeyword(KeywordMain.groovy:54)
	at com.kms.katalon.core.keyword.builtin.CallTestCaseKeyword.callTestCase(CallTestCaseKeyword.groovy:81)
	at com.kms.katalon.core.keyword.builtin.CallTestCaseKeyword.execute(CallTestCaseKeyword.groovy:45)
	at com.kms.katalon.core.keyword.internal.KeywordExecutor.executeKeywordForPlatform(KeywordExecutor.groovy:53)
	at com.kms.katalon.core.keyword.BuiltinKeywords.callTestCase(BuiltinKeywords.groovy:334)
	at sun.reflect.GeneratedMethodAccessor13.invoke(Unknown Source)
	at sun.reflect.DelegatingMethodAccessorImpl.invoke(DelegatingMethodAccessorImpl.java:43)
	at java.lang.reflect.Method.invoke(Method.java:498)
	at org.codehaus.groovy.reflection.CachedMethod.invoke(CachedMethod.java:93)
	at groovy.lang.MetaMethod.doMethodInvoke(MetaMethod.java:325)
	at groovy.lang.MetaClassImpl.invokeStaticMethod(MetaClassImpl.java:1469)
	at org.codehaus.groovy.runtime.callsite.StaticMetaClassSite.call(StaticMetaClassSite.java:53)
	at org.codehaus.groovy.runtime.callsite.CallSiteArray.defaultCall(CallSiteArray.java:48)
	at org.codehaus.groovy.runtime.callsite.AbstractCallSite.call(AbstractCallSite.java:113)
	at org.codehaus.groovy.runtime.callsite.AbstractCallSite.call(AbstractCallSite.java:141)
	at Script1536204651962.run(Script1536204651962.groovy:25)
	at com.kms.katalon.core.main.ScriptEngine.run(ScriptEngine.java:183)
	at com.kms.katalon.core.main.ScriptEngine.runScriptAsRawText(ScriptEngine.java:108)
	at com.kms.katalon.core.main.TestCaseExecutor.runScript(TestCaseExecutor.java:294)
	at com.kms.katalon.core.main.TestCaseExecutor.doExecute(TestCaseExecutor.java:285)
	at com.kms.katalon.core.main.TestCaseExecutor.processExecutionPhase(TestCaseExecutor.java:264)
	at com.kms.katalon.core.main.TestCaseExecutor.accessMainPhase(TestCaseExecutor.java:256)
	at com.kms.katalon.core.main.TestCaseExecutor.execute(TestCaseExecutor.java:200)
	at com.kms.katalon.core.main.TestSuiteExecutor.accessTestCaseMainPhase(TestSuiteExecutor.java:129)
	at com.kms.katalon.core.main.TestSuiteExecutor.accessTestSuiteMainPhase(TestSuiteExecutor.java:112)
	at com.kms.katalon.core.main.TestSuiteExecutor.execute(TestSuiteExecutor.java:81)
	at com.kms.katalon.core.main.TestCaseMain.startTestSuite(TestCaseMain.java:142)
	at com.kms.katalon.core.main.TestCaseMain$startTestSuite$0.call(Unknown Source)
	at org.codehaus.groovy.runtime.callsite.CallSiteArray.defaultCall(CallSiteArray.java:48)
	at org.codehaus.groovy.runtime.callsite.AbstractCallSite.call(AbstractCallSite.java:113)
	at org.codehaus.groovy.runtime.callsite.AbstractCallSite.call(AbstractCallSite.java:141)
	at TempTestSuite1545281755266.run(TempTestSuite1545281755266.groovy:36)
	at groovy.lang.GroovyShell.runScriptOrMainOrTestOrRunnable(GroovyShell.java:263)
	at groovy.lang.GroovyShell.run(GroovyShell.java:518)
	at groovy.lang.GroovyShell.run(GroovyShell.java:507)
	at groovy.ui.GroovyMain.processOnce(GroovyMain.java:653)
	at groovy.ui.GroovyMain.run(GroovyMain.java:384)
	at groovy.ui.GroovyMain.process(GroovyMain.java:370)
	at groovy.ui.GroovyMain.processArgs(GroovyMain.java:129)
	at groovy.ui.GroovyMain.main(GroovyMain.java:109)
	at sun.reflect.NativeMethodAccessorImpl.invoke0(Native Method)
	at sun.reflect.NativeMethodAccessorImpl.invoke(NativeMethodAccessorImpl.java:62)
	at sun.reflect.DelegatingMethodAccessorImpl.invoke(DelegatingMethodAccessorImpl.java:43)
	at java.lang.reflect.Method.invoke(Method.java:498)
	at org.codehaus.groovy.tools.GroovyStarter.rootLoader(GroovyStarter.java:109)
	at org.codehaus.groovy.tools.GroovyStarter.main(GroovyStarter.java:131)
)]]></system-err>
      </testcase>
      <testcase name="Test Cases/Final Aug 2018 - PKS Automation/Registration Module/Workflow/Form 3 EIS - Cessation As Employer/PKRBO to UO (Reject)" classname="Test Cases/Final Aug 2018 - PKS Automation/Registration Module/Workflow/Form 3 EIS - Cessation As Employer/PKRBO to UO (Reject)" status="PASSED">
         <system-out><![CDATA[2018-12-20 13:47:09 - [TEST_CASE][PASSED] - Test Cases/Final Aug 2018 - PKS Automation/Registration Module/Workflow/Form 3 EIS - Cessation As Employer/PKRBO to UO (Reject): Test Cases/Final Aug 2018 - PKS Automation/Registration Module/Workflow/Form 3 EIS - Cessation As Employer/PKRBO to UO (Reject)

2018-12-20 13:47:09 - [TEST_STEP][PASSED] - callTestCase: Call Test Case 'Test Cases/Final Aug 2018 - PKS Automation/Registration Module/Workflow/Form 3 EIS - Cessation As Employer/Template/Form 3 A - Cessation As Employer (PKRBO)' successfully

2018-12-20 13:47:09 - [TEST_CASE][PASSED] - Test Cases/Final Aug 2018 - PKS Automation/Registration Module/Workflow/Form 3 EIS - Cessation As Employer/Template/Form 3 A - Cessation As Employer (PKRBO): Test Cases/Final Aug 2018 - PKS Automation/Registration Module/Workflow/Form 3 EIS - Cessation As Employer/Template/Form 3 A - Cessation As Employer (PKRBO)

2018-12-20 13:47:09 - [TEST_STEP][PASSED] - openBrowser: Browser is opened with url: ''

2018-12-20 13:47:09 - [MESSAGE][WARNING] - A browser is already opened. Closing browser and opening a new one

2018-12-20 13:47:12 - [MESSAGE][PASSED] - Browser is opened with url: ''

2018-12-20 13:47:12 - [TEST_STEP][PASSED] - navigateToUrl: Navigate to 'https://assist2-uat.perkeso.gov.my/login' successfully

2018-12-20 13:47:13 - [MESSAGE][PASSED] - Navigate to 'https://assist2-uat.perkeso.gov.my/login' successfully

2018-12-20 13:47:13 - [TEST_STEP][PASSED] - setText: Text 'johorpkrbo1@gmail.com' is set on object 'Object Repository/Final Object Repo/Login Page/Internal User/Email Address'

2018-12-20 13:47:13 - [MESSAGE][PASSED] - Text 'johorpkrbo1@gmail.com' is set on object 'Object Repository/Final Object Repo/Login Page/Internal User/Email Address'

2018-12-20 13:47:13 - [TEST_STEP][PASSED] - click: Object: 'Object Repository/Final Object Repo/Login Page/Internal User/Next Button' is clicked on

2018-12-20 13:47:14 - [MESSAGE][PASSED] - Object: 'Object Repository/Final Object Repo/Login Page/Internal User/Next Button' is clicked on

2018-12-20 13:47:14 - [TEST_STEP][PASSED] - delay: Delayed 1 second(s)

2018-12-20 13:47:15 - [MESSAGE][PASSED] - Delayed 1 second(s)

2018-12-20 13:47:15 - [TEST_STEP][PASSED] - setEncryptedText: Text ****** has been set on object 'Object Repository/Final Object Repo/Login Page/Internal User/Password'

2018-12-20 13:47:15 - [MESSAGE][PASSED] - Text ****** has been set on object 'Object Repository/Final Object Repo/Login Page/Internal User/Password'

2018-12-20 13:47:15 - [TEST_STEP][PASSED] - click: Object: 'Object Repository/Final Object Repo/Login Page/Internal User/Login Button' is clicked on

2018-12-20 13:47:15 - [MESSAGE][PASSED] - Object: 'Object Repository/Final Object Repo/Login Page/Internal User/Login Button' is clicked on

2018-12-20 13:47:15 - [TEST_STEP][PASSED] - delay: Delayed 1 second(s)

2018-12-20 13:47:16 - [MESSAGE][PASSED] - Delayed 1 second(s)

2018-12-20 13:47:16 - [TEST_STEP][PASSED] - Statement - Try: Delayed 2 second(s)

2018-12-20 13:47:16 - [TEST_STEP][PASSED] - Statement - Checker = false: null

2018-12-20 13:47:16 - [TEST_STEP][PASSED] - Statement - Checker = com.kms.katalon.core.webui.keyword.WebUiBuiltInKeywords.verifyElementHasAttribute(com.kms.katalon.core.testobject.ObjectRepository.findTestObject(Final Object Repo/Landing Page/BM Detecting), "href", 20, OPTIONAL): Object 'Object Repository/Final Object Repo/Landing Page/BM Detecting' has attribute 'href'

2018-12-20 13:47:17 - [MESSAGE][PASSED] - Object 'Object Repository/Final Object Repo/Landing Page/BM Detecting' has attribute 'href'

2018-12-20 13:47:17 - [TEST_STEP][PASSED] - Statement - out.println(Checker): null

2018-12-20 13:47:17 - [TEST_STEP][PASSED] - Statement - If (Checker == false): null

2018-12-20 13:47:17 - [TEST_STEP][PASSED] - Statement - Else: null

2018-12-20 13:47:17 - [TEST_STEP][PASSED] - delay: Delayed 2 second(s)

2018-12-20 13:47:19 - [MESSAGE][PASSED] - Delayed 2 second(s)

2018-12-20 13:47:19 - [TEST_STEP][PASSED] - navigateToUrl: Navigate to 'https://assist2-uat.perkeso.gov.my/web/registration/eis-update/form-3-eis-cessation-as-employer' successfully

2018-12-20 13:47:20 - [MESSAGE][PASSED] - Navigate to 'https://assist2-uat.perkeso.gov.my/web/registration/eis-update/form-3-eis-cessation-as-employer' successfully

2018-12-20 13:47:20 - [TEST_STEP][PASSED] - delay: Delayed 1 second(s)

2018-12-20 13:47:21 - [MESSAGE][PASSED] - Delayed 1 second(s)

2018-12-20 13:47:21 - [TEST_STEP][PASSED] - setText: Text 'E1102069769W' is set on object 'Object Repository/Final Object Repo/Page_Form 3 EIS - Cessation as Employer/Employer Code'

2018-12-20 13:47:21 - [MESSAGE][PASSED] - Text 'E1102069769W' is set on object 'Object Repository/Final Object Repo/Page_Form 3 EIS - Cessation as Employer/Employer Code'

2018-12-20 13:47:21 - [TEST_STEP][PASSED] - click: Object: 'Object Repository/Final Object Repo/Page_Form 3 EIS - Cessation as Employer/Search' is clicked on

2018-12-20 13:47:22 - [MESSAGE][PASSED] - Object: 'Object Repository/Final Object Repo/Page_Form 3 EIS - Cessation as Employer/Search' is clicked on

2018-12-20 13:47:22 - [TEST_STEP][PASSED] - click: Object: 'Object Repository/Final Object Repo/Page_Form 3 EIS - Cessation as Employer/Edit' is clicked on

2018-12-20 13:47:24 - [MESSAGE][PASSED] - Object: 'Object Repository/Final Object Repo/Page_Form 3 EIS - Cessation as Employer/Edit' is clicked on

2018-12-20 13:47:24 - [TEST_STEP][PASSED] - delay: Delayed 1 second(s)

2018-12-20 13:47:25 - [MESSAGE][PASSED] - Delayed 1 second(s)

2018-12-20 13:47:25 - [TEST_STEP][PASSED] - Statement - abc = com.kms.katalon.core.webui.keyword.WebUiBuiltInKeywords.getAttribute(com.kms.katalon.core.testobject.ObjectRepository.findTestObject(Final Object Repo/Page_Form 3 EIS - Cessation as Employer/Employer Status), "value"): Attribute 'value' of object 'Object Repository/Final Object Repo/Page_Form 3 EIS - Cessation as Employer/Employer Status' is: 'Active'

2018-12-20 13:47:26 - [MESSAGE][PASSED] - Attribute 'value' of object 'Object Repository/Final Object Repo/Page_Form 3 EIS - Cessation as Employer/Employer Status' is: 'Active'

2018-12-20 13:47:26 - [TEST_STEP][PASSED] - Statement - out.println(abc): null

2018-12-20 13:47:26 - [TEST_STEP][PASSED] - Statement - If (abc == "Active"): Object: 'Object Repository/Final Object Repo/Page_Form 3 EIS - Cessation as Employer/Dormant EIS' is clicked on

2018-12-20 13:47:26 - [TEST_STEP][PASSED] - click: Object: 'Object Repository/Final Object Repo/Page_Form 3 EIS - Cessation as Employer/Change Employer Status to' is clicked on

2018-12-20 13:47:26 - [MESSAGE][PASSED] - Object: 'Object Repository/Final Object Repo/Page_Form 3 EIS - Cessation as Employer/Change Employer Status to' is clicked on

2018-12-20 13:47:26 - [TEST_STEP][PASSED] - click: Object: 'Object Repository/Final Object Repo/Page_Form 3 EIS - Cessation as Employer/Dormant EIS' is clicked on

2018-12-20 13:47:26 - [MESSAGE][PASSED] - Object: 'Object Repository/Final Object Repo/Page_Form 3 EIS - Cessation as Employer/Dormant EIS' is clicked on

2018-12-20 13:47:26 - [TEST_STEP][PASSED] - click: Object: 'Object Repository/Final Object Repo/Page_Form 3 EIS - Cessation as Employer/Calender' is clicked on

2018-12-20 13:47:26 - [MESSAGE][PASSED] - Object: 'Object Repository/Final Object Repo/Page_Form 3 EIS - Cessation as Employer/Calender' is clicked on

2018-12-20 13:47:26 - [TEST_STEP][PASSED] - delay: Delayed 1 second(s)

2018-12-20 13:47:27 - [MESSAGE][PASSED] - Delayed 1 second(s)

2018-12-20 13:47:27 - [TEST_STEP][PASSED] - click: Object: 'Object Repository/Final Object Repo/Page_Form 3 EIS - Cessation as Employer/Calender - Date' is clicked on

2018-12-20 13:47:27 - [MESSAGE][PASSED] - Object: 'Object Repository/Final Object Repo/Page_Form 3 EIS - Cessation as Employer/Calender - Date' is clicked on

2018-12-20 13:47:27 - [TEST_STEP][PASSED] - click: Object: 'Object Repository/Final Object Repo/Page_Form 3 EIS - Cessation as Employer/Save  Continue in Form 3 EIS Page' is clicked on

2018-12-20 13:47:28 - [MESSAGE][PASSED] - Object: 'Object Repository/Final Object Repo/Page_Form 3 EIS - Cessation as Employer/Save  Continue in Form 3 EIS Page' is clicked on

2018-12-20 13:47:28 - [TEST_STEP][PASSED] - delay: Delayed 1 second(s)

2018-12-20 13:47:29 - [MESSAGE][PASSED] - Delayed 1 second(s)

2018-12-20 13:47:29 - [TEST_STEP][PASSED] - click: Object: 'Object Repository/Final Object Repo/Page_Form 3 EIS - Cessation as Employer/Employment Resign Date' is clicked on

2018-12-20 13:47:30 - [MESSAGE][PASSED] - Object: 'Object Repository/Final Object Repo/Page_Form 3 EIS - Cessation as Employer/Employment Resign Date' is clicked on

2018-12-20 13:47:30 - [TEST_STEP][PASSED] - selectOptionByValue: All options with value '2030' are selected in object 'Object Repository/Final Object Repo/Page_Form 3 EIS - Cessation as Employer/Employment Resign Date - Year' 

2018-12-20 13:47:30 - [MESSAGE][PASSED] - All options with value '2030' are selected in object 'Object Repository/Final Object Repo/Page_Form 3 EIS - Cessation as Employer/Employment Resign Date - Year' 

2018-12-20 13:47:30 - [TEST_STEP][PASSED] - delay: Delayed 2 second(s)

2018-12-20 13:47:32 - [MESSAGE][PASSED] - Delayed 2 second(s)

2018-12-20 13:47:32 - [TEST_STEP][PASSED] - click: Object: 'Object Repository/Final Object Repo/Page_Form 3 EIS - Cessation as Employer/Employment Resign Date - Year - Date' is clicked on

2018-12-20 13:47:32 - [MESSAGE][PASSED] - Object: 'Object Repository/Final Object Repo/Page_Form 3 EIS - Cessation as Employer/Employment Resign Date - Year - Date' is clicked on

2018-12-20 13:47:32 - [TEST_STEP][PASSED] - delay: Delayed 2 second(s)

2018-12-20 13:47:34 - [MESSAGE][PASSED] - Delayed 2 second(s)

2018-12-20 13:47:34 - [TEST_STEP][PASSED] - click: Object: 'Object Repository/Final Object Repo/Page_Form 3 EIS - Cessation as Employer/Save  Continue in Employment Resign Page' is clicked on

2018-12-20 13:47:35 - [MESSAGE][PASSED] - Object: 'Object Repository/Final Object Repo/Page_Form 3 EIS - Cessation as Employer/Save  Continue in Employment Resign Page' is clicked on

2018-12-20 13:47:35 - [TEST_STEP][PASSED] - delay: Delayed 2 second(s)

2018-12-20 13:47:37 - [MESSAGE][PASSED] - Delayed 2 second(s)

2018-12-20 13:47:37 - [TEST_STEP][PASSED] - click: Object: 'Object Repository/Final Object Repo/Page_Form 3 EIS - Cessation as Employer/Set Latest - Yes' is clicked on

2018-12-20 13:47:37 - [MESSAGE][PASSED] - Object: 'Object Repository/Final Object Repo/Page_Form 3 EIS - Cessation as Employer/Set Latest - Yes' is clicked on

2018-12-20 13:47:37 - [TEST_STEP][PASSED] - delay: Delayed 2 second(s)

2018-12-20 13:47:39 - [MESSAGE][PASSED] - Delayed 2 second(s)

2018-12-20 13:47:39 - [TEST_STEP][PASSED] - click: Object: 'Object Repository/Final Object Repo/Page_Form 3 EIS - Cessation as Employer/Add Document' is clicked on

2018-12-20 13:47:41 - [MESSAGE][PASSED] - Object: 'Object Repository/Final Object Repo/Page_Form 3 EIS - Cessation as Employer/Add Document' is clicked on

2018-12-20 13:47:41 - [TEST_STEP][PASSED] - delay: Delayed 3 second(s)

2018-12-20 13:47:44 - [MESSAGE][PASSED] - Delayed 3 second(s)

2018-12-20 13:47:44 - [TEST_STEP][PASSED] - click: Object: 'Object Repository/Final Object Repo/Page_Form 3 EIS - Cessation as Employer/Document Type' is clicked on

2018-12-20 13:47:44 - [MESSAGE][PASSED] - Object: 'Object Repository/Final Object Repo/Page_Form 3 EIS - Cessation as Employer/Document Type' is clicked on

2018-12-20 13:47:44 - [TEST_STEP][PASSED] - click: Object: 'Object Repository/Final Object Repo/Page_Form 3 EIS - Cessation as Employer/Document Type - Form 3' is clicked on

2018-12-20 13:47:44 - [MESSAGE][PASSED] - Object: 'Object Repository/Final Object Repo/Page_Form 3 EIS - Cessation as Employer/Document Type - Form 3' is clicked on

2018-12-20 13:47:44 - [TEST_STEP][PASSED] - delay: Delayed 2 second(s)

2018-12-20 13:47:46 - [MESSAGE][PASSED] - Delayed 2 second(s)

2018-12-20 13:47:46 - [TEST_STEP][PASSED] - sendKeys: Keys 'C:\Users\Public\Pictures\Sample Pictures\Koala.jpg' sent to object: 'Object Repository/Final Object Repo/Page_Form 3 EIS - Cessation as Employer/ploading File'

2018-12-20 13:47:46 - [MESSAGE][PASSED] - Keys 'C:\Users\Public\Pictures\Sample Pictures\Koala.jpg' sent to object: 'Object Repository/Final Object Repo/Page_Form 3 EIS - Cessation as Employer/ploading File'

2018-12-20 13:47:46 - [TEST_STEP][PASSED] - delay: Delayed 1 second(s)

2018-12-20 13:47:47 - [MESSAGE][PASSED] - Delayed 1 second(s)

2018-12-20 13:47:47 - [TEST_STEP][PASSED] - click: Object: 'Object Repository/Final Object Repo/Page_Form 3 EIS - Cessation as Employer/Add Document in Uploading Page' is clicked on

2018-12-20 13:47:47 - [MESSAGE][PASSED] - Object: 'Object Repository/Final Object Repo/Page_Form 3 EIS - Cessation as Employer/Add Document in Uploading Page' is clicked on

2018-12-20 13:47:47 - [TEST_STEP][PASSED] - delay: Delayed 2 second(s)

2018-12-20 13:47:49 - [MESSAGE][PASSED] - Delayed 2 second(s)

2018-12-20 13:47:49 - [TEST_STEP][PASSED] - Statement - CaseReferenceNo = com.kms.katalon.core.webui.keyword.WebUiBuiltInKeywords.getText(com.kms.katalon.core.testobject.ObjectRepository.findTestObject(Final Object Repo/Page_Update Employer Information/Reference Number in Update Employee Information Page)): Text of object 'Object Repository/Final Object Repo/Page_Update Employer Information/Reference Number in Update Employee Information Page' is: 'ERN122018C200002540'

2018-12-20 13:47:51 - [MESSAGE][PASSED] - Text of object 'Object Repository/Final Object Repo/Page_Update Employer Information/Reference Number in Update Employee Information Page' is: 'ERN122018C200002540'

2018-12-20 13:47:51 - [TEST_STEP][PASSED] - callTestCase: Call Test Case 'Test Cases/Final Aug 2018 - PKS Automation/Common/Reference Number Setter' successfully

2018-12-20 13:47:51 - [TEST_CASE][PASSED] - Test Cases/Final Aug 2018 - PKS Automation/Common/Reference Number Setter: Test Cases/Final Aug 2018 - PKS Automation/Common/Reference Number Setter

2018-12-20 13:47:51 - [TEST_STEP][PASSED] - Statement - RefNoOldFile = new java.io.File(C://Users//Admin//Desktop//PKS//Automation Reference Point//KatalonReference.txt): null

2018-12-20 13:47:51 - [TEST_STEP][PASSED] - Statement - RefNoOldFile.delete(): null

2018-12-20 13:47:51 - [TEST_STEP][PASSED] - delay: Delayed 5 second(s)

2018-12-20 13:47:56 - [MESSAGE][PASSED] - Delayed 5 second(s)

2018-12-20 13:47:56 - [TEST_STEP][PASSED] - Statement - RefNo = new java.io.File(C://Users//Admin//Desktop//PKS//Automation Reference Point//KatalonReference.txt): null

2018-12-20 13:47:56 - [TEST_STEP][PASSED] - Statement - f2 = new java.io.FileWriter(RefNo, false): null

2018-12-20 13:47:56 - [TEST_STEP][PASSED] - Statement - f2.write(CaseReferenceNo): null

2018-12-20 13:47:56 - [TEST_STEP][PASSED] - Statement - f2.close(): null

2018-12-20 13:47:56 - [TEST_STEP][PASSED] - Statement - out.println("


" + CaseReferenceNo + "


"): null

2018-12-20 13:47:56 - [MESSAGE][PASSED] - Call Test Case 'Test Cases/Final Aug 2018 - PKS Automation/Common/Reference Number Setter' successfully

2018-12-20 13:47:56 - [TEST_STEP][PASSED] - delay: Delayed 2 second(s)

2018-12-20 13:47:58 - [MESSAGE][PASSED] - Delayed 2 second(s)

2018-12-20 13:47:58 - [TEST_STEP][PASSED] - click: Object: 'Object Repository/Final Object Repo/Page_Form 3 EIS - Cessation as Employer/Save  Continue in Uploading Page' is clicked on

2018-12-20 13:47:59 - [MESSAGE][PASSED] - Object: 'Object Repository/Final Object Repo/Page_Form 3 EIS - Cessation as Employer/Save  Continue in Uploading Page' is clicked on

2018-12-20 13:47:59 - [TEST_STEP][PASSED] - delay: Delayed 2 second(s)

2018-12-20 13:48:01 - [MESSAGE][PASSED] - Delayed 2 second(s)

2018-12-20 13:48:01 - [TEST_STEP][PASSED] - click: Object: 'Object Repository/Final Object Repo/Page_Form 3 EIS - Cessation as Employer/Submit' is clicked on

2018-12-20 13:48:04 - [MESSAGE][PASSED] - Object: 'Object Repository/Final Object Repo/Page_Form 3 EIS - Cessation as Employer/Submit' is clicked on

2018-12-20 13:48:04 - [TEST_STEP][PASSED] - delay: Delayed 2 second(s)

2018-12-20 13:48:06 - [MESSAGE][PASSED] - Delayed 2 second(s)

2018-12-20 13:48:06 - [TEST_STEP][PASSED] - click: Object: 'Object Repository/Final Object Repo/Page_Form 3 EIS - Cessation as Employer/Confirm' is clicked on

2018-12-20 13:48:06 - [MESSAGE][PASSED] - Object: 'Object Repository/Final Object Repo/Page_Form 3 EIS - Cessation as Employer/Confirm' is clicked on

2018-12-20 13:48:06 - [TEST_STEP][PASSED] - delay: Delayed 2 second(s)

2018-12-20 13:48:08 - [MESSAGE][PASSED] - Delayed 2 second(s)

2018-12-20 13:48:08 - [TEST_STEP][PASSED] - click: Object: 'Object Repository/Final Object Repo/Page_Form 3 EIS - Cessation as Employer/Message Your Request will be routed to UO' is clicked on

2018-12-20 13:48:14 - [MESSAGE][PASSED] - Object: 'Object Repository/Final Object Repo/Page_Form 3 EIS - Cessation as Employer/Message Your Request will be routed to UO' is clicked on

2018-12-20 13:48:14 - [TEST_STEP][PASSED] - click: Object: 'Object Repository/Final Object Repo/Page_Form 3 EIS - Cessation as Employer/Letter of acknowledgement' is clicked on

2018-12-20 13:48:15 - [MESSAGE][PASSED] - Object: 'Object Repository/Final Object Repo/Page_Form 3 EIS - Cessation as Employer/Letter of acknowledgement' is clicked on

2018-12-20 13:48:15 - [MESSAGE][PASSED] - Call Test Case 'Test Cases/Final Aug 2018 - PKS Automation/Registration Module/Workflow/Form 3 EIS - Cessation As Employer/Template/Form 3 A - Cessation As Employer (PKRBO)' successfully

2018-12-20 13:48:15 - [TEST_STEP][PASSED] - callTestCase: Call Test Case 'Test Cases/Final Aug 2018 - PKS Automation/Registration Module/Workflow/Form 3 EIS - Cessation As Employer/Template/Form 3 A - Cessation As Employer (Reject)' successfully

2018-12-20 13:48:15 - [TEST_CASE][PASSED] - Test Cases/Final Aug 2018 - PKS Automation/Registration Module/Workflow/Form 3 EIS - Cessation As Employer/Template/Form 3 A - Cessation As Employer (Reject): Test Cases/Final Aug 2018 - PKS Automation/Registration Module/Workflow/Form 3 EIS - Cessation As Employer/Template/Form 3 A - Cessation As Employer (Reject)

2018-12-20 13:48:15 - [TEST_STEP][NOT_RUN] - callTestCase: NOT_RUN: callTestCase

2018-12-20 13:48:15 - [MESSAGE][NOT_RUN] - NOT_RUN: callTestCase

2018-12-20 13:48:15 - [TEST_STEP][PASSED] - delay: Delayed 1 second(s)

2018-12-20 13:48:16 - [MESSAGE][PASSED] - Delayed 1 second(s)

2018-12-20 13:48:16 - [TEST_STEP][PASSED] - navigateToUrl: Navigate to 'https://assist2-uat.perkeso.gov.my/c/portal/logout' successfully

2018-12-20 13:48:17 - [MESSAGE][PASSED] - Navigate to 'https://assist2-uat.perkeso.gov.my/c/portal/logout' successfully

2018-12-20 13:48:17 - [TEST_STEP][PASSED] - delay: Delayed 1 second(s)

2018-12-20 13:48:18 - [MESSAGE][PASSED] - Delayed 1 second(s)

2018-12-20 13:48:18 - [TEST_STEP][PASSED] - callTestCase: Call Test Case 'Test Cases/Final Aug 2018 - PKS Automation/Common/Reference Number Getter' successfully

2018-12-20 13:48:18 - [TEST_CASE][PASSED] - Test Cases/Final Aug 2018 - PKS Automation/Common/Reference Number Getter: Test Cases/Final Aug 2018 - PKS Automation/Common/Reference Number Getter

2018-12-20 13:48:18 - [TEST_STEP][PASSED] - Statement - Try: null

2018-12-20 13:48:18 - [TEST_STEP][PASSED] - Statement - RefNo = new java.io.File(C://Users//Admin//Desktop//PKS//Automation Reference Point//KatalonReference.txt): null

2018-12-20 13:48:18 - [TEST_STEP][PASSED] - Statement - bufferread = new java.io.BufferedReader(new java.io.FileReader(RefNo)): null

2018-12-20 13:48:18 - [TEST_STEP][PASSED] - Statement - readedVal = bufferread.readLine(): null

2018-12-20 13:48:18 - [TEST_STEP][PASSED] - Statement - out.println(CaseReferenceNo): null

2018-12-20 13:48:18 - [TEST_STEP][PASSED] - Statement - out.println(readedVal): null

2018-12-20 13:48:18 - [TEST_STEP][PASSED] - Statement - CaseReferenceNo = "": null

2018-12-20 13:48:18 - [TEST_STEP][PASSED] - Statement - CaseReferenceNo = readedVal: null

2018-12-20 13:48:18 - [MESSAGE][PASSED] - Call Test Case 'Test Cases/Final Aug 2018 - PKS Automation/Common/Reference Number Getter' successfully

2018-12-20 13:48:18 - [TEST_STEP][PASSED] - callTestCase: Call Test Case 'Test Cases/Final Aug 2018 - PKS Automation/Common/Workflow Owner Finder' successfully

2018-12-20 13:48:18 - [TEST_CASE][PASSED] - Test Cases/Final Aug 2018 - PKS Automation/Common/Workflow Owner Finder: Test Cases/Final Aug 2018 - PKS Automation/Common/Workflow Owner Finder

2018-12-20 13:48:18 - [TEST_STEP][PASSED] - openBrowser: Browser is opened with url: ''

2018-12-20 13:48:18 - [MESSAGE][WARNING] - A browser is already opened. Closing browser and opening a new one

2018-12-20 13:48:21 - [MESSAGE][PASSED] - Browser is opened with url: ''

2018-12-20 13:48:21 - [TEST_STEP][PASSED] - navigateToUrl: Navigate to 'https://assist2-uat.perkeso.gov.my/login' successfully

2018-12-20 13:48:22 - [MESSAGE][PASSED] - Navigate to 'https://assist2-uat.perkeso.gov.my/login' successfully

2018-12-20 13:48:22 - [TEST_STEP][PASSED] - delay: Delayed 5 second(s)

2018-12-20 13:48:27 - [MESSAGE][PASSED] - Delayed 5 second(s)

2018-12-20 13:48:27 - [TEST_STEP][PASSED] - setText: Text 'test@liferay.com' is set on object 'Object Repository/Final Object Repo/Login Page/Internal User/Email Address'

2018-12-20 13:48:28 - [MESSAGE][PASSED] - Text 'test@liferay.com' is set on object 'Object Repository/Final Object Repo/Login Page/Internal User/Email Address'

2018-12-20 13:48:28 - [TEST_STEP][PASSED] - click: Object: 'Object Repository/Final Object Repo/Login Page/Internal User/Next Button' is clicked on

2018-12-20 13:48:28 - [MESSAGE][PASSED] - Object: 'Object Repository/Final Object Repo/Login Page/Internal User/Next Button' is clicked on

2018-12-20 13:48:28 - [TEST_STEP][PASSED] - delay: Delayed 2 second(s)

2018-12-20 13:48:30 - [MESSAGE][PASSED] - Delayed 2 second(s)

2018-12-20 13:48:30 - [TEST_STEP][PASSED] - setText: Text 'test' is set on object 'Object Repository/Final Object Repo/Login Page/Internal User/Password'

2018-12-20 13:48:30 - [MESSAGE][PASSED] - Text 'test' is set on object 'Object Repository/Final Object Repo/Login Page/Internal User/Password'

2018-12-20 13:48:30 - [TEST_STEP][PASSED] - delay: Delayed 2 second(s)

2018-12-20 13:48:32 - [MESSAGE][PASSED] - Delayed 2 second(s)

2018-12-20 13:48:32 - [TEST_STEP][PASSED] - click: Object: 'Object Repository/Final Object Repo/Login Page/Internal User/Login Button' is clicked on

2018-12-20 13:48:32 - [MESSAGE][PASSED] - Object: 'Object Repository/Final Object Repo/Login Page/Internal User/Login Button' is clicked on

2018-12-20 13:48:32 - [TEST_STEP][PASSED] - Statement - tester = com.kms.katalon.core.testobject.ObjectRepository.findTestObject(Final Object Repo/Landing Page/Select to English): Finding Test Object with id 'Object Repository/Final Object Repo/Landing Page/Select to English'

2018-12-20 13:48:32 - [TEST_STEP][PASSED] - Statement - Try: Delayed 2 second(s)

2018-12-20 13:48:32 - [TEST_STEP][PASSED] - Statement - Checker = com.kms.katalon.core.webui.keyword.WebUiBuiltInKeywords.verifyElementNotPresent(tester, 3): Web element with id: 'Object Repository/Final Object Repo/Landing Page/Select to English' located by 'By.xpath: //a[@class = 'taglib-language-list-text' and @lang = 'en-US' and (contains(text(), 'EN') or contains(., 'EN'))]' is not present after '3' second(s)

2018-12-20 13:48:34 - [MESSAGE][PASSED] - Web element with id: 'Object Repository/Final Object Repo/Landing Page/Select to English' located by 'By.xpath: //a[@class = 'taglib-language-list-text' and @lang = 'en-US' and (contains(text(), 'EN') or contains(., 'EN'))]' is not present after '3' second(s)

2018-12-20 13:48:34 - [TEST_STEP][PASSED] - Statement - If (Checker == false): null

2018-12-20 13:48:34 - [TEST_STEP][PASSED] - delay: Delayed 2 second(s)

2018-12-20 13:48:36 - [MESSAGE][PASSED] - Delayed 2 second(s)

2018-12-20 13:48:36 - [TEST_STEP][PASSED] - delay: Delayed 5 second(s)

2018-12-20 13:48:41 - [MESSAGE][PASSED] - Delayed 5 second(s)

2018-12-20 13:48:41 - [TEST_STEP][PASSED] - mouseOver: Object: 'Object Repository/Final Object Repo/Landing Page/WorkFlow Menu' is hovered

2018-12-20 13:48:41 - [MESSAGE][PASSED] - Object: 'Object Repository/Final Object Repo/Landing Page/WorkFlow Menu' is hovered

2018-12-20 13:48:41 - [TEST_STEP][PASSED] - delay: Delayed 2 second(s)

2018-12-20 13:48:43 - [MESSAGE][PASSED] - Delayed 2 second(s)

2018-12-20 13:48:43 - [TEST_STEP][PASSED] - click: Object: 'Object Repository/Final Object Repo/Landing Page/Select to Workflow Listing' is clicked on

2018-12-20 13:48:45 - [MESSAGE][PASSED] - Object: 'Object Repository/Final Object Repo/Landing Page/Select to Workflow Listing' is clicked on

2018-12-20 13:48:45 - [TEST_STEP][PASSED] - delay: Delayed 2 second(s)

2018-12-20 13:48:47 - [MESSAGE][PASSED] - Delayed 2 second(s)

2018-12-20 13:48:47 - [TEST_STEP][PASSED] - click: Object: 'Object Repository/Final Object Repo/WorkFlow Listing Page/Search Information - To Put Ref No' is clicked on

2018-12-20 13:48:47 - [MESSAGE][PASSED] - Object: 'Object Repository/Final Object Repo/WorkFlow Listing Page/Search Information - To Put Ref No' is clicked on

2018-12-20 13:48:47 - [TEST_STEP][PASSED] - delay: Delayed 2 second(s)

2018-12-20 13:48:49 - [MESSAGE][PASSED] - Delayed 2 second(s)

2018-12-20 13:48:49 - [TEST_STEP][PASSED] - callTestCase: Call Test Case 'Test Cases/Final Aug 2018 - PKS Automation/Common/Reference Number Getter' successfully

2018-12-20 13:48:49 - [TEST_CASE][PASSED] - Test Cases/Final Aug 2018 - PKS Automation/Common/Reference Number Getter: Test Cases/Final Aug 2018 - PKS Automation/Common/Reference Number Getter

2018-12-20 13:48:49 - [TEST_STEP][PASSED] - Statement - Try: null

2018-12-20 13:48:49 - [TEST_STEP][PASSED] - Statement - RefNo = new java.io.File(C://Users//Admin//Desktop//PKS//Automation Reference Point//KatalonReference.txt): null

2018-12-20 13:48:49 - [TEST_STEP][PASSED] - Statement - bufferread = new java.io.BufferedReader(new java.io.FileReader(RefNo)): null

2018-12-20 13:48:49 - [TEST_STEP][PASSED] - Statement - readedVal = bufferread.readLine(): null

2018-12-20 13:48:49 - [TEST_STEP][PASSED] - Statement - out.println(CaseReferenceNo): null

2018-12-20 13:48:49 - [TEST_STEP][PASSED] - Statement - out.println(readedVal): null

2018-12-20 13:48:49 - [TEST_STEP][PASSED] - Statement - CaseReferenceNo = "": null

2018-12-20 13:48:49 - [TEST_STEP][PASSED] - Statement - CaseReferenceNo = readedVal: null

2018-12-20 13:48:49 - [MESSAGE][PASSED] - Call Test Case 'Test Cases/Final Aug 2018 - PKS Automation/Common/Reference Number Getter' successfully

2018-12-20 13:48:49 - [TEST_STEP][PASSED] - setText: Text 'ERN122018C200002540' is set on object 'Object Repository/Final Object Repo/WorkFlow Listing Page/Ref No Set Text'

2018-12-20 13:48:49 - [MESSAGE][PASSED] - Text 'ERN122018C200002540' is set on object 'Object Repository/Final Object Repo/WorkFlow Listing Page/Ref No Set Text'

2018-12-20 13:48:49 - [TEST_STEP][PASSED] - delay: Delayed 2 second(s)

2018-12-20 13:48:51 - [MESSAGE][PASSED] - Delayed 2 second(s)

2018-12-20 13:48:51 - [TEST_STEP][PASSED] - click: Object: 'Object Repository/Final Object Repo/WorkFlow Listing Page/Search Ref No Search Button' is clicked on

2018-12-20 13:48:51 - [MESSAGE][PASSED] - Object: 'Object Repository/Final Object Repo/WorkFlow Listing Page/Search Ref No Search Button' is clicked on

2018-12-20 13:48:51 - [TEST_STEP][PASSED] - delay: Delayed 6 second(s)

2018-12-20 13:48:57 - [MESSAGE][PASSED] - Delayed 6 second(s)

2018-12-20 13:48:57 - [TEST_STEP][PASSED] - click: Object: 'Object Repository/Final Object Repo/WorkFlow Listing Page/Click Continue Tooltip' is clicked on

2018-12-20 13:48:58 - [MESSAGE][PASSED] - Object: 'Object Repository/Final Object Repo/WorkFlow Listing Page/Click Continue Tooltip' is clicked on

2018-12-20 13:48:58 - [TEST_STEP][PASSED] - delay: Delayed 5 second(s)

2018-12-20 13:49:03 - [MESSAGE][PASSED] - Delayed 5 second(s)

2018-12-20 13:49:03 - [TEST_STEP][PASSED] - doubleClick: Object: 'Object Repository/Final Object Repo/WorkFlow Listing Page/Workflow Found - Listing 1' is double clicked on

2018-12-20 13:49:04 - [MESSAGE][PASSED] - Object: 'Object Repository/Final Object Repo/WorkFlow Listing Page/Workflow Found - Listing 1' is double clicked on

2018-12-20 13:49:04 - [TEST_STEP][PASSED] - Statement - println(OwnerID): null

2018-12-20 13:49:04 - [TEST_STEP][PASSED] - Statement - OwnerID = com.kms.katalon.core.webui.keyword.WebUiBuiltInKeywords.getText(com.kms.katalon.core.testobject.ObjectRepository.findTestObject(Final Object Repo/WorkFlow Listing Page/Workflow Found - Listing 1), STOP_ON_FAILURE): Text of object 'Object Repository/Final Object Repo/WorkFlow Listing Page/Workflow Found - Listing 1' is: 'JOHORuo3'

2018-12-20 13:49:04 - [MESSAGE][PASSED] - Text of object 'Object Repository/Final Object Repo/WorkFlow Listing Page/Workflow Found - Listing 1' is: 'JOHORuo3'

2018-12-20 13:49:04 - [TEST_STEP][PASSED] - Statement - OwnerID = OwnerID.toLowerCase() + "@gmail.com": null

2018-12-20 13:49:04 - [TEST_STEP][PASSED] - Statement - println(OwnerID): null

2018-12-20 13:49:04 - [TEST_STEP][PASSED] - delay: Delayed 2 second(s)

2018-12-20 13:49:06 - [MESSAGE][PASSED] - Delayed 2 second(s)

2018-12-20 13:49:06 - [MESSAGE][PASSED] - Call Test Case 'Test Cases/Final Aug 2018 - PKS Automation/Common/Workflow Owner Finder' successfully

2018-12-20 13:49:06 - [TEST_STEP][PASSED] - delay: Delayed 1 second(s)

2018-12-20 13:49:07 - [MESSAGE][PASSED] - Delayed 1 second(s)

2018-12-20 13:49:07 - [TEST_STEP][PASSED] - navigateToUrl: Navigate to 'https://assist2-uat.perkeso.gov.my/c/portal/logout' successfully

2018-12-20 13:49:08 - [MESSAGE][PASSED] - Navigate to 'https://assist2-uat.perkeso.gov.my/c/portal/logout' successfully

2018-12-20 13:49:08 - [TEST_STEP][PASSED] - delay: Delayed 1 second(s)

2018-12-20 13:49:09 - [MESSAGE][PASSED] - Delayed 1 second(s)

2018-12-20 13:49:09 - [TEST_STEP][PASSED] - callTestCase: Call Test Case 'Test Cases/Final Aug 2018 - PKS Automation/Registration Module/Workflow/Login and Search Case For Workflow' successfully

2018-12-20 13:49:09 - [TEST_CASE][PASSED] - Test Cases/Final Aug 2018 - PKS Automation/Registration Module/Workflow/Login and Search Case For Workflow: Test Cases/Final Aug 2018 - PKS Automation/Registration Module/Workflow/Login and Search Case For Workflow

2018-12-20 13:49:09 - [TEST_STEP][PASSED] - navigateToUrl: Navigate to 'https://assist2-uat.perkeso.gov.my/login' successfully

2018-12-20 13:49:09 - [MESSAGE][PASSED] - Navigate to 'https://assist2-uat.perkeso.gov.my/login' successfully

2018-12-20 13:49:09 - [TEST_STEP][PASSED] - setText: Text 'johoruo3@gmail.com' is set on object 'Object Repository/Final Object Repo/Login Page/Internal User/Email Address'

2018-12-20 13:49:10 - [MESSAGE][PASSED] - Text 'johoruo3@gmail.com' is set on object 'Object Repository/Final Object Repo/Login Page/Internal User/Email Address'

2018-12-20 13:49:10 - [TEST_STEP][PASSED] - click: Object: 'Object Repository/Final Object Repo/Login Page/Internal User/Next Button' is clicked on

2018-12-20 13:49:10 - [MESSAGE][PASSED] - Object: 'Object Repository/Final Object Repo/Login Page/Internal User/Next Button' is clicked on

2018-12-20 13:49:10 - [TEST_STEP][PASSED] - delay: Delayed 1 second(s)

2018-12-20 13:49:11 - [MESSAGE][PASSED] - Delayed 1 second(s)

2018-12-20 13:49:11 - [TEST_STEP][PASSED] - setEncryptedText: Text ****** has been set on object 'Object Repository/Final Object Repo/Login Page/Internal User/Password'

2018-12-20 13:49:11 - [MESSAGE][PASSED] - Text ****** has been set on object 'Object Repository/Final Object Repo/Login Page/Internal User/Password'

2018-12-20 13:49:11 - [TEST_STEP][PASSED] - click: Object: 'Object Repository/Final Object Repo/Login Page/Internal User/Login Button' is clicked on

2018-12-20 13:49:11 - [MESSAGE][PASSED] - Object: 'Object Repository/Final Object Repo/Login Page/Internal User/Login Button' is clicked on

2018-12-20 13:49:11 - [TEST_STEP][PASSED] - delay: Delayed 2 second(s)

2018-12-20 13:49:13 - [MESSAGE][PASSED] - Delayed 2 second(s)

2018-12-20 13:49:13 - [TEST_STEP][PASSED] - Statement - Try: Delayed 2 second(s)

2018-12-20 13:49:13 - [TEST_STEP][PASSED] - Statement - Checker = false: null

2018-12-20 13:49:13 - [TEST_STEP][PASSED] - Statement - Checker = com.kms.katalon.core.webui.keyword.WebUiBuiltInKeywords.verifyElementHasAttribute(com.kms.katalon.core.testobject.ObjectRepository.findTestObject(Final Object Repo/Landing Page/BM Detecting), "href", 20, OPTIONAL): Object 'Object Repository/Final Object Repo/Landing Page/BM Detecting' has attribute 'href'

2018-12-20 13:49:13 - [MESSAGE][PASSED] - Object 'Object Repository/Final Object Repo/Landing Page/BM Detecting' has attribute 'href'

2018-12-20 13:49:13 - [TEST_STEP][PASSED] - Statement - out.println(Checker): null

2018-12-20 13:49:13 - [TEST_STEP][PASSED] - Statement - If (Checker == false): null

2018-12-20 13:49:13 - [TEST_STEP][PASSED] - Statement - Else: null

2018-12-20 13:49:13 - [TEST_STEP][PASSED] - delay: Delayed 2 second(s)

2018-12-20 13:49:15 - [MESSAGE][PASSED] - Delayed 2 second(s)

2018-12-20 13:49:15 - [TEST_STEP][PASSED] - click: Object: 'Object Repository/Final Object Repo/Page_MyASSIST - ASSIST - Search Pending Case For Add Supporting Document/Search Information' is clicked on

2018-12-20 13:49:15 - [MESSAGE][PASSED] - Object: 'Object Repository/Final Object Repo/Page_MyASSIST - ASSIST - Search Pending Case For Add Supporting Document/Search Information' is clicked on

2018-12-20 13:49:15 - [TEST_STEP][PASSED] - delay: Delayed 3 second(s)

2018-12-20 13:49:18 - [MESSAGE][PASSED] - Delayed 3 second(s)

2018-12-20 13:49:18 - [TEST_STEP][PASSED] - sendKeys: Keys 'ERN122018C200002540' sent to object: 'Object Repository/Final Object Repo/Page_MyASSIST - ASSIST - Search Pending Case For Add Supporting Document/Reference No'

2018-12-20 13:49:19 - [MESSAGE][PASSED] - Keys 'ERN122018C200002540' sent to object: 'Object Repository/Final Object Repo/Page_MyASSIST - ASSIST - Search Pending Case For Add Supporting Document/Reference No'

2018-12-20 13:49:19 - [TEST_STEP][PASSED] - click: Object: 'Object Repository/Final Object Repo/Page_MyASSIST - ASSIST - Search Pending Case For Add Supporting Document/Search Reference No' is clicked on

2018-12-20 13:49:19 - [MESSAGE][PASSED] - Object: 'Object Repository/Final Object Repo/Page_MyASSIST - ASSIST - Search Pending Case For Add Supporting Document/Search Reference No' is clicked on

2018-12-20 13:49:19 - [TEST_STEP][PASSED] - delay: Delayed 2 second(s)

2018-12-20 13:49:21 - [MESSAGE][PASSED] - Delayed 2 second(s)

2018-12-20 13:49:21 - [TEST_STEP][PASSED] - click: Object: 'Object Repository/Final Object Repo/Page_MyASSIST - ASSIST - Search Pending Case For Add Supporting Document/Continue' is clicked on

2018-12-20 13:49:24 - [MESSAGE][PASSED] - Object: 'Object Repository/Final Object Repo/Page_MyASSIST - ASSIST - Search Pending Case For Add Supporting Document/Continue' is clicked on

2018-12-20 13:49:24 - [TEST_STEP][PASSED] - delay: Delayed 20 second(s)

2018-12-20 13:49:44 - [MESSAGE][PASSED] - Delayed 20 second(s)

2018-12-20 13:49:44 - [MESSAGE][PASSED] - Call Test Case 'Test Cases/Final Aug 2018 - PKS Automation/Registration Module/Workflow/Login and Search Case For Workflow' successfully

2018-12-20 13:49:44 - [TEST_STEP][PASSED] - click: Object: 'Object Repository/Final Object Repo/Page_Form 3 EIS - Cessation as Employer/Page_Form 3 EIS - Cessation as Employer (Approve)/Save  Continue in Form 3 Page' is clicked on

2018-12-20 13:49:45 - [MESSAGE][PASSED] - Object: 'Object Repository/Final Object Repo/Page_Form 3 EIS - Cessation as Employer/Page_Form 3 EIS - Cessation as Employer (Approve)/Save  Continue in Form 3 Page' is clicked on

2018-12-20 13:49:45 - [TEST_STEP][PASSED] - delay: Delayed 2 second(s)

2018-12-20 13:49:47 - [MESSAGE][PASSED] - Delayed 2 second(s)

2018-12-20 13:49:47 - [TEST_STEP][PASSED] - click: Object: 'Object Repository/Final Object Repo/Page_Form 3 EIS - Cessation as Employer/Page_Form 3 EIS - Cessation as Employer (Approve)/Save  Continue in Resigned Page' is clicked on

2018-12-20 13:49:47 - [MESSAGE][PASSED] - Object: 'Object Repository/Final Object Repo/Page_Form 3 EIS - Cessation as Employer/Page_Form 3 EIS - Cessation as Employer (Approve)/Save  Continue in Resigned Page' is clicked on

2018-12-20 13:49:47 - [TEST_STEP][PASSED] - delay: Delayed 2 second(s)

2018-12-20 13:49:49 - [MESSAGE][PASSED] - Delayed 2 second(s)

2018-12-20 13:49:49 - [TEST_STEP][PASSED] - click: Object: 'Object Repository/Final Object Repo/Page_Form 3 EIS - Cessation as Employer/Page_Form 3 EIS - Cessation as Employer (Approve)/Save  Continue in Uploading Page' is clicked on

2018-12-20 13:49:50 - [MESSAGE][PASSED] - Object: 'Object Repository/Final Object Repo/Page_Form 3 EIS - Cessation as Employer/Page_Form 3 EIS - Cessation as Employer (Approve)/Save  Continue in Uploading Page' is clicked on

2018-12-20 13:49:50 - [TEST_STEP][PASSED] - delay: Delayed 2 second(s)

2018-12-20 13:49:52 - [MESSAGE][PASSED] - Delayed 2 second(s)

2018-12-20 13:49:52 - [TEST_STEP][PASSED] - click: Object: 'Object Repository/Final Object Repo/Page_Form 3 EIS - Cessation as Employer/Page_Form 3 EIS - Cessation as Employer (Reject)/Reject' is clicked on

2018-12-20 13:49:55 - [MESSAGE][PASSED] - Object: 'Object Repository/Final Object Repo/Page_Form 3 EIS - Cessation as Employer/Page_Form 3 EIS - Cessation as Employer (Reject)/Reject' is clicked on

2018-12-20 13:49:55 - [TEST_STEP][PASSED] - delay: Delayed 2 second(s)

2018-12-20 13:49:57 - [MESSAGE][PASSED] - Delayed 2 second(s)

2018-12-20 13:49:57 - [TEST_STEP][PASSED] - click: Object: 'Object Repository/Final Object Repo/Page_Form 3 EIS - Cessation as Employer/Page_Form 3 EIS - Cessation as Employer (Reject)/Confirm' is clicked on

2018-12-20 13:49:58 - [MESSAGE][PASSED] - Object: 'Object Repository/Final Object Repo/Page_Form 3 EIS - Cessation as Employer/Page_Form 3 EIS - Cessation as Employer (Reject)/Confirm' is clicked on

2018-12-20 13:49:58 - [TEST_STEP][PASSED] - delay: Delayed 2 second(s)

2018-12-20 13:50:00 - [MESSAGE][PASSED] - Delayed 2 second(s)

2018-12-20 13:50:00 - [TEST_STEP][PASSED] - click: Object: 'Object Repository/Final Object Repo/Page_Form 3 EIS - Cessation as Employer/Page_Form 3 EIS - Cessation as Employer (Reject)/Message This Case has been Rejected' is clicked on

2018-12-20 13:50:04 - [MESSAGE][PASSED] - Object: 'Object Repository/Final Object Repo/Page_Form 3 EIS - Cessation as Employer/Page_Form 3 EIS - Cessation as Employer (Reject)/Message This Case has been Rejected' is clicked on

2018-12-20 13:50:04 - [TEST_STEP][PASSED] - click: Object: 'Object Repository/Final Object Repo/Page_Form 3 EIS - Cessation as Employer/Page_Form 3 EIS - Cessation as Employer (Reject)/Letter of update rejection' is clicked on

2018-12-20 13:50:04 - [MESSAGE][PASSED] - Object: 'Object Repository/Final Object Repo/Page_Form 3 EIS - Cessation as Employer/Page_Form 3 EIS - Cessation as Employer (Reject)/Letter of update rejection' is clicked on

2018-12-20 13:50:04 - [MESSAGE][PASSED] - Call Test Case 'Test Cases/Final Aug 2018 - PKS Automation/Registration Module/Workflow/Form 3 EIS - Cessation As Employer/Template/Form 3 A - Cessation As Employer (Reject)' successfully]]></system-out>
         <system-err><![CDATA[]]></system-err>
      </testcase>
      <testcase name="Test Cases/Final Aug 2018 - PKS Automation/Registration Module/Workflow/Form 3 EIS - Cessation As Employer/PKRBO to UO (Under enforcement)" classname="Test Cases/Final Aug 2018 - PKS Automation/Registration Module/Workflow/Form 3 EIS - Cessation As Employer/PKRBO to UO (Under enforcement)" status="PASSED">
         <system-out><![CDATA[2018-12-20 13:50:04 - [TEST_CASE][PASSED] - Test Cases/Final Aug 2018 - PKS Automation/Registration Module/Workflow/Form 3 EIS - Cessation As Employer/PKRBO to UO (Under enforcement): Test Cases/Final Aug 2018 - PKS Automation/Registration Module/Workflow/Form 3 EIS - Cessation As Employer/PKRBO to UO (Under enforcement)

2018-12-20 13:50:05 - [TEST_STEP][PASSED] - callTestCase: Call Test Case 'Test Cases/Final Aug 2018 - PKS Automation/Registration Module/Workflow/Form 3 EIS - Cessation As Employer/Template/Form 3 A - Cessation As Employer (PKRBO)' successfully

2018-12-20 13:50:05 - [TEST_CASE][PASSED] - Test Cases/Final Aug 2018 - PKS Automation/Registration Module/Workflow/Form 3 EIS - Cessation As Employer/Template/Form 3 A - Cessation As Employer (PKRBO): Test Cases/Final Aug 2018 - PKS Automation/Registration Module/Workflow/Form 3 EIS - Cessation As Employer/Template/Form 3 A - Cessation As Employer (PKRBO)

2018-12-20 13:50:05 - [TEST_STEP][PASSED] - openBrowser: Browser is opened with url: ''

2018-12-20 13:50:05 - [MESSAGE][WARNING] - A browser is already opened. Closing browser and opening a new one

2018-12-20 13:50:08 - [MESSAGE][PASSED] - Browser is opened with url: ''

2018-12-20 13:50:08 - [TEST_STEP][PASSED] - navigateToUrl: Navigate to 'https://assist2-uat.perkeso.gov.my/login' successfully

2018-12-20 13:50:09 - [MESSAGE][PASSED] - Navigate to 'https://assist2-uat.perkeso.gov.my/login' successfully

2018-12-20 13:50:09 - [TEST_STEP][PASSED] - setText: Text 'johorpkrbo1@gmail.com' is set on object 'Object Repository/Final Object Repo/Login Page/Internal User/Email Address'

2018-12-20 13:50:09 - [MESSAGE][PASSED] - Text 'johorpkrbo1@gmail.com' is set on object 'Object Repository/Final Object Repo/Login Page/Internal User/Email Address'

2018-12-20 13:50:09 - [TEST_STEP][PASSED] - click: Object: 'Object Repository/Final Object Repo/Login Page/Internal User/Next Button' is clicked on

2018-12-20 13:50:09 - [MESSAGE][PASSED] - Object: 'Object Repository/Final Object Repo/Login Page/Internal User/Next Button' is clicked on

2018-12-20 13:50:09 - [TEST_STEP][PASSED] - delay: Delayed 1 second(s)

2018-12-20 13:50:10 - [MESSAGE][PASSED] - Delayed 1 second(s)

2018-12-20 13:50:10 - [TEST_STEP][PASSED] - setEncryptedText: Text ****** has been set on object 'Object Repository/Final Object Repo/Login Page/Internal User/Password'

2018-12-20 13:50:11 - [MESSAGE][PASSED] - Text ****** has been set on object 'Object Repository/Final Object Repo/Login Page/Internal User/Password'

2018-12-20 13:50:11 - [TEST_STEP][PASSED] - click: Object: 'Object Repository/Final Object Repo/Login Page/Internal User/Login Button' is clicked on

2018-12-20 13:50:11 - [MESSAGE][PASSED] - Object: 'Object Repository/Final Object Repo/Login Page/Internal User/Login Button' is clicked on

2018-12-20 13:50:11 - [TEST_STEP][PASSED] - delay: Delayed 1 second(s)

2018-12-20 13:50:12 - [MESSAGE][PASSED] - Delayed 1 second(s)

2018-12-20 13:50:12 - [TEST_STEP][PASSED] - Statement - Try: Delayed 2 second(s)

2018-12-20 13:50:12 - [TEST_STEP][PASSED] - Statement - Checker = false: null

2018-12-20 13:50:12 - [TEST_STEP][PASSED] - Statement - Checker = com.kms.katalon.core.webui.keyword.WebUiBuiltInKeywords.verifyElementHasAttribute(com.kms.katalon.core.testobject.ObjectRepository.findTestObject(Final Object Repo/Landing Page/BM Detecting), "href", 20, OPTIONAL): Object 'Object Repository/Final Object Repo/Landing Page/BM Detecting' has attribute 'href'

2018-12-20 13:50:13 - [MESSAGE][PASSED] - Object 'Object Repository/Final Object Repo/Landing Page/BM Detecting' has attribute 'href'

2018-12-20 13:50:13 - [TEST_STEP][PASSED] - Statement - out.println(Checker): null

2018-12-20 13:50:13 - [TEST_STEP][PASSED] - Statement - If (Checker == false): null

2018-12-20 13:50:13 - [TEST_STEP][PASSED] - Statement - Else: null

2018-12-20 13:50:13 - [TEST_STEP][PASSED] - delay: Delayed 2 second(s)

2018-12-20 13:50:15 - [MESSAGE][PASSED] - Delayed 2 second(s)

2018-12-20 13:50:15 - [TEST_STEP][PASSED] - navigateToUrl: Navigate to 'https://assist2-uat.perkeso.gov.my/web/registration/eis-update/form-3-eis-cessation-as-employer' successfully

2018-12-20 13:50:16 - [MESSAGE][PASSED] - Navigate to 'https://assist2-uat.perkeso.gov.my/web/registration/eis-update/form-3-eis-cessation-as-employer' successfully

2018-12-20 13:50:16 - [TEST_STEP][PASSED] - delay: Delayed 1 second(s)

2018-12-20 13:50:17 - [MESSAGE][PASSED] - Delayed 1 second(s)

2018-12-20 13:50:17 - [TEST_STEP][PASSED] - setText: Text 'E1102069769W' is set on object 'Object Repository/Final Object Repo/Page_Form 3 EIS - Cessation as Employer/Employer Code'

2018-12-20 13:50:17 - [MESSAGE][PASSED] - Text 'E1102069769W' is set on object 'Object Repository/Final Object Repo/Page_Form 3 EIS - Cessation as Employer/Employer Code'

2018-12-20 13:50:17 - [TEST_STEP][PASSED] - click: Object: 'Object Repository/Final Object Repo/Page_Form 3 EIS - Cessation as Employer/Search' is clicked on

2018-12-20 13:50:17 - [MESSAGE][PASSED] - Object: 'Object Repository/Final Object Repo/Page_Form 3 EIS - Cessation as Employer/Search' is clicked on

2018-12-20 13:50:17 - [TEST_STEP][PASSED] - click: Object: 'Object Repository/Final Object Repo/Page_Form 3 EIS - Cessation as Employer/Edit' is clicked on

2018-12-20 13:50:20 - [MESSAGE][PASSED] - Object: 'Object Repository/Final Object Repo/Page_Form 3 EIS - Cessation as Employer/Edit' is clicked on

2018-12-20 13:50:20 - [TEST_STEP][PASSED] - delay: Delayed 1 second(s)

2018-12-20 13:50:21 - [MESSAGE][PASSED] - Delayed 1 second(s)

2018-12-20 13:50:21 - [TEST_STEP][PASSED] - Statement - abc = com.kms.katalon.core.webui.keyword.WebUiBuiltInKeywords.getAttribute(com.kms.katalon.core.testobject.ObjectRepository.findTestObject(Final Object Repo/Page_Form 3 EIS - Cessation as Employer/Employer Status), "value"): Attribute 'value' of object 'Object Repository/Final Object Repo/Page_Form 3 EIS - Cessation as Employer/Employer Status' is: 'Active'

2018-12-20 13:50:21 - [MESSAGE][PASSED] - Attribute 'value' of object 'Object Repository/Final Object Repo/Page_Form 3 EIS - Cessation as Employer/Employer Status' is: 'Active'

2018-12-20 13:50:21 - [TEST_STEP][PASSED] - Statement - out.println(abc): null

2018-12-20 13:50:21 - [TEST_STEP][PASSED] - Statement - If (abc == "Active"): Object: 'Object Repository/Final Object Repo/Page_Form 3 EIS - Cessation as Employer/Dormant EIS' is clicked on

2018-12-20 13:50:21 - [TEST_STEP][PASSED] - click: Object: 'Object Repository/Final Object Repo/Page_Form 3 EIS - Cessation as Employer/Change Employer Status to' is clicked on

2018-12-20 13:50:21 - [MESSAGE][PASSED] - Object: 'Object Repository/Final Object Repo/Page_Form 3 EIS - Cessation as Employer/Change Employer Status to' is clicked on

2018-12-20 13:50:21 - [TEST_STEP][PASSED] - click: Object: 'Object Repository/Final Object Repo/Page_Form 3 EIS - Cessation as Employer/Dormant EIS' is clicked on

2018-12-20 13:50:21 - [MESSAGE][PASSED] - Object: 'Object Repository/Final Object Repo/Page_Form 3 EIS - Cessation as Employer/Dormant EIS' is clicked on

2018-12-20 13:50:21 - [TEST_STEP][PASSED] - click: Object: 'Object Repository/Final Object Repo/Page_Form 3 EIS - Cessation as Employer/Calender' is clicked on

2018-12-20 13:50:22 - [MESSAGE][PASSED] - Object: 'Object Repository/Final Object Repo/Page_Form 3 EIS - Cessation as Employer/Calender' is clicked on

2018-12-20 13:50:22 - [TEST_STEP][PASSED] - delay: Delayed 1 second(s)

2018-12-20 13:50:23 - [MESSAGE][PASSED] - Delayed 1 second(s)

2018-12-20 13:50:23 - [TEST_STEP][PASSED] - click: Object: 'Object Repository/Final Object Repo/Page_Form 3 EIS - Cessation as Employer/Calender - Date' is clicked on

2018-12-20 13:50:23 - [MESSAGE][PASSED] - Object: 'Object Repository/Final Object Repo/Page_Form 3 EIS - Cessation as Employer/Calender - Date' is clicked on

2018-12-20 13:50:23 - [TEST_STEP][PASSED] - click: Object: 'Object Repository/Final Object Repo/Page_Form 3 EIS - Cessation as Employer/Save  Continue in Form 3 EIS Page' is clicked on

2018-12-20 13:50:23 - [MESSAGE][PASSED] - Object: 'Object Repository/Final Object Repo/Page_Form 3 EIS - Cessation as Employer/Save  Continue in Form 3 EIS Page' is clicked on

2018-12-20 13:50:23 - [TEST_STEP][PASSED] - delay: Delayed 1 second(s)

2018-12-20 13:50:24 - [MESSAGE][PASSED] - Delayed 1 second(s)

2018-12-20 13:50:24 - [TEST_STEP][PASSED] - click: Object: 'Object Repository/Final Object Repo/Page_Form 3 EIS - Cessation as Employer/Employment Resign Date' is clicked on

2018-12-20 13:50:25 - [MESSAGE][PASSED] - Object: 'Object Repository/Final Object Repo/Page_Form 3 EIS - Cessation as Employer/Employment Resign Date' is clicked on

2018-12-20 13:50:25 - [TEST_STEP][PASSED] - selectOptionByValue: All options with value '2030' are selected in object 'Object Repository/Final Object Repo/Page_Form 3 EIS - Cessation as Employer/Employment Resign Date - Year' 

2018-12-20 13:50:25 - [MESSAGE][PASSED] - All options with value '2030' are selected in object 'Object Repository/Final Object Repo/Page_Form 3 EIS - Cessation as Employer/Employment Resign Date - Year' 

2018-12-20 13:50:25 - [TEST_STEP][PASSED] - delay: Delayed 2 second(s)

2018-12-20 13:50:27 - [MESSAGE][PASSED] - Delayed 2 second(s)

2018-12-20 13:50:27 - [TEST_STEP][PASSED] - click: Object: 'Object Repository/Final Object Repo/Page_Form 3 EIS - Cessation as Employer/Employment Resign Date - Year - Date' is clicked on

2018-12-20 13:50:27 - [MESSAGE][PASSED] - Object: 'Object Repository/Final Object Repo/Page_Form 3 EIS - Cessation as Employer/Employment Resign Date - Year - Date' is clicked on

2018-12-20 13:50:27 - [TEST_STEP][PASSED] - delay: Delayed 2 second(s)

2018-12-20 13:50:29 - [MESSAGE][PASSED] - Delayed 2 second(s)

2018-12-20 13:50:29 - [TEST_STEP][PASSED] - click: Object: 'Object Repository/Final Object Repo/Page_Form 3 EIS - Cessation as Employer/Save  Continue in Employment Resign Page' is clicked on

2018-12-20 13:50:29 - [MESSAGE][PASSED] - Object: 'Object Repository/Final Object Repo/Page_Form 3 EIS - Cessation as Employer/Save  Continue in Employment Resign Page' is clicked on

2018-12-20 13:50:29 - [TEST_STEP][PASSED] - delay: Delayed 2 second(s)

2018-12-20 13:50:31 - [MESSAGE][PASSED] - Delayed 2 second(s)

2018-12-20 13:50:31 - [TEST_STEP][PASSED] - click: Object: 'Object Repository/Final Object Repo/Page_Form 3 EIS - Cessation as Employer/Set Latest - Yes' is clicked on

2018-12-20 13:50:31 - [MESSAGE][PASSED] - Object: 'Object Repository/Final Object Repo/Page_Form 3 EIS - Cessation as Employer/Set Latest - Yes' is clicked on

2018-12-20 13:50:31 - [TEST_STEP][PASSED] - delay: Delayed 2 second(s)

2018-12-20 13:50:33 - [MESSAGE][PASSED] - Delayed 2 second(s)

2018-12-20 13:50:33 - [TEST_STEP][PASSED] - click: Object: 'Object Repository/Final Object Repo/Page_Form 3 EIS - Cessation as Employer/Add Document' is clicked on

2018-12-20 13:50:35 - [MESSAGE][PASSED] - Object: 'Object Repository/Final Object Repo/Page_Form 3 EIS - Cessation as Employer/Add Document' is clicked on

2018-12-20 13:50:35 - [TEST_STEP][PASSED] - delay: Delayed 3 second(s)

2018-12-20 13:50:38 - [MESSAGE][PASSED] - Delayed 3 second(s)

2018-12-20 13:50:38 - [TEST_STEP][PASSED] - click: Object: 'Object Repository/Final Object Repo/Page_Form 3 EIS - Cessation as Employer/Document Type' is clicked on

2018-12-20 13:50:38 - [MESSAGE][PASSED] - Object: 'Object Repository/Final Object Repo/Page_Form 3 EIS - Cessation as Employer/Document Type' is clicked on

2018-12-20 13:50:38 - [TEST_STEP][PASSED] - click: Object: 'Object Repository/Final Object Repo/Page_Form 3 EIS - Cessation as Employer/Document Type - Form 3' is clicked on

2018-12-20 13:50:38 - [MESSAGE][PASSED] - Object: 'Object Repository/Final Object Repo/Page_Form 3 EIS - Cessation as Employer/Document Type - Form 3' is clicked on

2018-12-20 13:50:38 - [TEST_STEP][PASSED] - delay: Delayed 2 second(s)

2018-12-20 13:50:40 - [MESSAGE][PASSED] - Delayed 2 second(s)

2018-12-20 13:50:40 - [TEST_STEP][PASSED] - sendKeys: Keys 'C:\Users\Public\Pictures\Sample Pictures\Koala.jpg' sent to object: 'Object Repository/Final Object Repo/Page_Form 3 EIS - Cessation as Employer/ploading File'

2018-12-20 13:50:40 - [MESSAGE][PASSED] - Keys 'C:\Users\Public\Pictures\Sample Pictures\Koala.jpg' sent to object: 'Object Repository/Final Object Repo/Page_Form 3 EIS - Cessation as Employer/ploading File'

2018-12-20 13:50:40 - [TEST_STEP][PASSED] - delay: Delayed 1 second(s)

2018-12-20 13:50:41 - [MESSAGE][PASSED] - Delayed 1 second(s)

2018-12-20 13:50:41 - [TEST_STEP][PASSED] - click: Object: 'Object Repository/Final Object Repo/Page_Form 3 EIS - Cessation as Employer/Add Document in Uploading Page' is clicked on

2018-12-20 13:50:41 - [MESSAGE][PASSED] - Object: 'Object Repository/Final Object Repo/Page_Form 3 EIS - Cessation as Employer/Add Document in Uploading Page' is clicked on

2018-12-20 13:50:41 - [TEST_STEP][PASSED] - delay: Delayed 2 second(s)

2018-12-20 13:50:43 - [MESSAGE][PASSED] - Delayed 2 second(s)

2018-12-20 13:50:43 - [TEST_STEP][PASSED] - Statement - CaseReferenceNo = com.kms.katalon.core.webui.keyword.WebUiBuiltInKeywords.getText(com.kms.katalon.core.testobject.ObjectRepository.findTestObject(Final Object Repo/Page_Update Employer Information/Reference Number in Update Employee Information Page)): Text of object 'Object Repository/Final Object Repo/Page_Update Employer Information/Reference Number in Update Employee Information Page' is: 'ERN122018C200002541'

2018-12-20 13:50:46 - [MESSAGE][PASSED] - Text of object 'Object Repository/Final Object Repo/Page_Update Employer Information/Reference Number in Update Employee Information Page' is: 'ERN122018C200002541'

2018-12-20 13:50:46 - [TEST_STEP][PASSED] - callTestCase: Call Test Case 'Test Cases/Final Aug 2018 - PKS Automation/Common/Reference Number Setter' successfully

2018-12-20 13:50:46 - [TEST_CASE][PASSED] - Test Cases/Final Aug 2018 - PKS Automation/Common/Reference Number Setter: Test Cases/Final Aug 2018 - PKS Automation/Common/Reference Number Setter

2018-12-20 13:50:46 - [TEST_STEP][PASSED] - Statement - RefNoOldFile = new java.io.File(C://Users//Admin//Desktop//PKS//Automation Reference Point//KatalonReference.txt): null

2018-12-20 13:50:46 - [TEST_STEP][PASSED] - Statement - RefNoOldFile.delete(): null

2018-12-20 13:50:46 - [TEST_STEP][PASSED] - delay: Delayed 5 second(s)

2018-12-20 13:50:51 - [MESSAGE][PASSED] - Delayed 5 second(s)

2018-12-20 13:50:51 - [TEST_STEP][PASSED] - Statement - RefNo = new java.io.File(C://Users//Admin//Desktop//PKS//Automation Reference Point//KatalonReference.txt): null

2018-12-20 13:50:51 - [TEST_STEP][PASSED] - Statement - f2 = new java.io.FileWriter(RefNo, false): null

2018-12-20 13:50:51 - [TEST_STEP][PASSED] - Statement - f2.write(CaseReferenceNo): null

2018-12-20 13:50:51 - [TEST_STEP][PASSED] - Statement - f2.close(): null

2018-12-20 13:50:51 - [TEST_STEP][PASSED] - Statement - out.println("


" + CaseReferenceNo + "


"): null

2018-12-20 13:50:51 - [MESSAGE][PASSED] - Call Test Case 'Test Cases/Final Aug 2018 - PKS Automation/Common/Reference Number Setter' successfully

2018-12-20 13:50:51 - [TEST_STEP][PASSED] - delay: Delayed 2 second(s)

2018-12-20 13:50:53 - [MESSAGE][PASSED] - Delayed 2 second(s)

2018-12-20 13:50:53 - [TEST_STEP][PASSED] - click: Object: 'Object Repository/Final Object Repo/Page_Form 3 EIS - Cessation as Employer/Save  Continue in Uploading Page' is clicked on

2018-12-20 13:50:53 - [MESSAGE][PASSED] - Object: 'Object Repository/Final Object Repo/Page_Form 3 EIS - Cessation as Employer/Save  Continue in Uploading Page' is clicked on

2018-12-20 13:50:53 - [TEST_STEP][PASSED] - delay: Delayed 2 second(s)

2018-12-20 13:50:55 - [MESSAGE][PASSED] - Delayed 2 second(s)

2018-12-20 13:50:55 - [TEST_STEP][PASSED] - click: Object: 'Object Repository/Final Object Repo/Page_Form 3 EIS - Cessation as Employer/Submit' is clicked on

2018-12-20 13:50:58 - [MESSAGE][PASSED] - Object: 'Object Repository/Final Object Repo/Page_Form 3 EIS - Cessation as Employer/Submit' is clicked on

2018-12-20 13:50:58 - [TEST_STEP][PASSED] - delay: Delayed 2 second(s)

2018-12-20 13:51:00 - [MESSAGE][PASSED] - Delayed 2 second(s)

2018-12-20 13:51:00 - [TEST_STEP][PASSED] - click: Object: 'Object Repository/Final Object Repo/Page_Form 3 EIS - Cessation as Employer/Confirm' is clicked on

2018-12-20 13:51:00 - [MESSAGE][PASSED] - Object: 'Object Repository/Final Object Repo/Page_Form 3 EIS - Cessation as Employer/Confirm' is clicked on

2018-12-20 13:51:00 - [TEST_STEP][PASSED] - delay: Delayed 2 second(s)

2018-12-20 13:51:02 - [MESSAGE][PASSED] - Delayed 2 second(s)

2018-12-20 13:51:02 - [TEST_STEP][PASSED] - click: Object: 'Object Repository/Final Object Repo/Page_Form 3 EIS - Cessation as Employer/Message Your Request will be routed to UO' is clicked on

2018-12-20 13:51:06 - [MESSAGE][PASSED] - Object: 'Object Repository/Final Object Repo/Page_Form 3 EIS - Cessation as Employer/Message Your Request will be routed to UO' is clicked on

2018-12-20 13:51:06 - [TEST_STEP][PASSED] - click: Object: 'Object Repository/Final Object Repo/Page_Form 3 EIS - Cessation as Employer/Letter of acknowledgement' is clicked on

2018-12-20 13:51:07 - [MESSAGE][PASSED] - Object: 'Object Repository/Final Object Repo/Page_Form 3 EIS - Cessation as Employer/Letter of acknowledgement' is clicked on

2018-12-20 13:51:07 - [MESSAGE][PASSED] - Call Test Case 'Test Cases/Final Aug 2018 - PKS Automation/Registration Module/Workflow/Form 3 EIS - Cessation As Employer/Template/Form 3 A - Cessation As Employer (PKRBO)' successfully

2018-12-20 13:51:07 - [TEST_STEP][PASSED] - callTestCase: Call Test Case 'Test Cases/Final Aug 2018 - PKS Automation/Registration Module/Workflow/Form 3 EIS - Cessation As Employer/Template/Form 3 A - Cessation As Employer (Under enforcement)' successfully

2018-12-20 13:51:07 - [TEST_CASE][PASSED] - Test Cases/Final Aug 2018 - PKS Automation/Registration Module/Workflow/Form 3 EIS - Cessation As Employer/Template/Form 3 A - Cessation As Employer (Under enforcement): Test Cases/Final Aug 2018 - PKS Automation/Registration Module/Workflow/Form 3 EIS - Cessation As Employer/Template/Form 3 A - Cessation As Employer (Under enforcement)

2018-12-20 13:51:07 - [TEST_STEP][NOT_RUN] - callTestCase: NOT_RUN: callTestCase

2018-12-20 13:51:07 - [MESSAGE][NOT_RUN] - NOT_RUN: callTestCase

2018-12-20 13:51:07 - [TEST_STEP][PASSED] - delay: Delayed 1 second(s)

2018-12-20 13:51:08 - [MESSAGE][PASSED] - Delayed 1 second(s)

2018-12-20 13:51:08 - [TEST_STEP][PASSED] - navigateToUrl: Navigate to 'https://assist2-uat.perkeso.gov.my/c/portal/logout' successfully

2018-12-20 13:51:09 - [MESSAGE][PASSED] - Navigate to 'https://assist2-uat.perkeso.gov.my/c/portal/logout' successfully

2018-12-20 13:51:09 - [TEST_STEP][PASSED] - delay: Delayed 1 second(s)

2018-12-20 13:51:10 - [MESSAGE][PASSED] - Delayed 1 second(s)

2018-12-20 13:51:10 - [TEST_STEP][PASSED] - callTestCase: Call Test Case 'Test Cases/Final Aug 2018 - PKS Automation/Common/Reference Number Getter' successfully

2018-12-20 13:51:10 - [TEST_CASE][PASSED] - Test Cases/Final Aug 2018 - PKS Automation/Common/Reference Number Getter: Test Cases/Final Aug 2018 - PKS Automation/Common/Reference Number Getter

2018-12-20 13:51:10 - [TEST_STEP][PASSED] - Statement - Try: null

2018-12-20 13:51:10 - [TEST_STEP][PASSED] - Statement - RefNo = new java.io.File(C://Users//Admin//Desktop//PKS//Automation Reference Point//KatalonReference.txt): null

2018-12-20 13:51:10 - [TEST_STEP][PASSED] - Statement - bufferread = new java.io.BufferedReader(new java.io.FileReader(RefNo)): null

2018-12-20 13:51:10 - [TEST_STEP][PASSED] - Statement - readedVal = bufferread.readLine(): null

2018-12-20 13:51:10 - [TEST_STEP][PASSED] - Statement - out.println(CaseReferenceNo): null

2018-12-20 13:51:10 - [TEST_STEP][PASSED] - Statement - out.println(readedVal): null

2018-12-20 13:51:10 - [TEST_STEP][PASSED] - Statement - CaseReferenceNo = "": null

2018-12-20 13:51:10 - [TEST_STEP][PASSED] - Statement - CaseReferenceNo = readedVal: null

2018-12-20 13:51:10 - [MESSAGE][PASSED] - Call Test Case 'Test Cases/Final Aug 2018 - PKS Automation/Common/Reference Number Getter' successfully

2018-12-20 13:51:10 - [TEST_STEP][PASSED] - callTestCase: Call Test Case 'Test Cases/Final Aug 2018 - PKS Automation/Common/Workflow Owner Finder' successfully

2018-12-20 13:51:10 - [TEST_CASE][PASSED] - Test Cases/Final Aug 2018 - PKS Automation/Common/Workflow Owner Finder: Test Cases/Final Aug 2018 - PKS Automation/Common/Workflow Owner Finder

2018-12-20 13:51:10 - [TEST_STEP][PASSED] - openBrowser: Browser is opened with url: ''

2018-12-20 13:51:10 - [MESSAGE][WARNING] - A browser is already opened. Closing browser and opening a new one

2018-12-20 13:51:13 - [MESSAGE][PASSED] - Browser is opened with url: ''

2018-12-20 13:51:13 - [TEST_STEP][PASSED] - navigateToUrl: Navigate to 'https://assist2-uat.perkeso.gov.my/login' successfully

2018-12-20 13:51:14 - [MESSAGE][PASSED] - Navigate to 'https://assist2-uat.perkeso.gov.my/login' successfully

2018-12-20 13:51:14 - [TEST_STEP][PASSED] - delay: Delayed 5 second(s)

2018-12-20 13:51:19 - [MESSAGE][PASSED] - Delayed 5 second(s)

2018-12-20 13:51:19 - [TEST_STEP][PASSED] - setText: Text 'test@liferay.com' is set on object 'Object Repository/Final Object Repo/Login Page/Internal User/Email Address'

2018-12-20 13:51:20 - [MESSAGE][PASSED] - Text 'test@liferay.com' is set on object 'Object Repository/Final Object Repo/Login Page/Internal User/Email Address'

2018-12-20 13:51:20 - [TEST_STEP][PASSED] - click: Object: 'Object Repository/Final Object Repo/Login Page/Internal User/Next Button' is clicked on

2018-12-20 13:51:20 - [MESSAGE][PASSED] - Object: 'Object Repository/Final Object Repo/Login Page/Internal User/Next Button' is clicked on

2018-12-20 13:51:20 - [TEST_STEP][PASSED] - delay: Delayed 2 second(s)

2018-12-20 13:51:22 - [MESSAGE][PASSED] - Delayed 2 second(s)

2018-12-20 13:51:22 - [TEST_STEP][PASSED] - setText: Text 'test' is set on object 'Object Repository/Final Object Repo/Login Page/Internal User/Password'

2018-12-20 13:51:22 - [MESSAGE][PASSED] - Text 'test' is set on object 'Object Repository/Final Object Repo/Login Page/Internal User/Password'

2018-12-20 13:51:22 - [TEST_STEP][PASSED] - delay: Delayed 2 second(s)

2018-12-20 13:51:24 - [MESSAGE][PASSED] - Delayed 2 second(s)

2018-12-20 13:51:24 - [TEST_STEP][PASSED] - click: Object: 'Object Repository/Final Object Repo/Login Page/Internal User/Login Button' is clicked on

2018-12-20 13:51:24 - [MESSAGE][PASSED] - Object: 'Object Repository/Final Object Repo/Login Page/Internal User/Login Button' is clicked on

2018-12-20 13:51:24 - [TEST_STEP][PASSED] - Statement - tester = com.kms.katalon.core.testobject.ObjectRepository.findTestObject(Final Object Repo/Landing Page/Select to English): Finding Test Object with id 'Object Repository/Final Object Repo/Landing Page/Select to English'

2018-12-20 13:51:24 - [TEST_STEP][PASSED] - Statement - Try: Delayed 2 second(s)

2018-12-20 13:51:24 - [TEST_STEP][PASSED] - Statement - Checker = com.kms.katalon.core.webui.keyword.WebUiBuiltInKeywords.verifyElementNotPresent(tester, 3): Web element with id: 'Object Repository/Final Object Repo/Landing Page/Select to English' located by 'By.xpath: //a[@class = 'taglib-language-list-text' and @lang = 'en-US' and (contains(text(), 'EN') or contains(., 'EN'))]' is not present after '3' second(s)

2018-12-20 13:51:26 - [MESSAGE][PASSED] - Web element with id: 'Object Repository/Final Object Repo/Landing Page/Select to English' located by 'By.xpath: //a[@class = 'taglib-language-list-text' and @lang = 'en-US' and (contains(text(), 'EN') or contains(., 'EN'))]' is not present after '3' second(s)

2018-12-20 13:51:26 - [TEST_STEP][PASSED] - Statement - If (Checker == false): null

2018-12-20 13:51:26 - [TEST_STEP][PASSED] - delay: Delayed 2 second(s)

2018-12-20 13:51:28 - [MESSAGE][PASSED] - Delayed 2 second(s)

2018-12-20 13:51:28 - [TEST_STEP][PASSED] - delay: Delayed 5 second(s)

2018-12-20 13:51:33 - [MESSAGE][PASSED] - Delayed 5 second(s)

2018-12-20 13:51:33 - [TEST_STEP][PASSED] - mouseOver: Object: 'Object Repository/Final Object Repo/Landing Page/WorkFlow Menu' is hovered

2018-12-20 13:51:33 - [MESSAGE][PASSED] - Object: 'Object Repository/Final Object Repo/Landing Page/WorkFlow Menu' is hovered

2018-12-20 13:51:33 - [TEST_STEP][PASSED] - delay: Delayed 2 second(s)

2018-12-20 13:51:35 - [MESSAGE][PASSED] - Delayed 2 second(s)

2018-12-20 13:51:35 - [TEST_STEP][PASSED] - click: Object: 'Object Repository/Final Object Repo/Landing Page/Select to Workflow Listing' is clicked on

2018-12-20 13:51:36 - [MESSAGE][PASSED] - Object: 'Object Repository/Final Object Repo/Landing Page/Select to Workflow Listing' is clicked on

2018-12-20 13:51:36 - [TEST_STEP][PASSED] - delay: Delayed 2 second(s)

2018-12-20 13:51:38 - [MESSAGE][PASSED] - Delayed 2 second(s)

2018-12-20 13:51:38 - [TEST_STEP][PASSED] - click: Object: 'Object Repository/Final Object Repo/WorkFlow Listing Page/Search Information - To Put Ref No' is clicked on

2018-12-20 13:51:39 - [MESSAGE][PASSED] - Object: 'Object Repository/Final Object Repo/WorkFlow Listing Page/Search Information - To Put Ref No' is clicked on

2018-12-20 13:51:39 - [TEST_STEP][PASSED] - delay: Delayed 2 second(s)

2018-12-20 13:51:41 - [MESSAGE][PASSED] - Delayed 2 second(s)

2018-12-20 13:51:41 - [TEST_STEP][PASSED] - callTestCase: Call Test Case 'Test Cases/Final Aug 2018 - PKS Automation/Common/Reference Number Getter' successfully

2018-12-20 13:51:41 - [TEST_CASE][PASSED] - Test Cases/Final Aug 2018 - PKS Automation/Common/Reference Number Getter: Test Cases/Final Aug 2018 - PKS Automation/Common/Reference Number Getter

2018-12-20 13:51:41 - [TEST_STEP][PASSED] - Statement - Try: null

2018-12-20 13:51:41 - [TEST_STEP][PASSED] - Statement - RefNo = new java.io.File(C://Users//Admin//Desktop//PKS//Automation Reference Point//KatalonReference.txt): null

2018-12-20 13:51:41 - [TEST_STEP][PASSED] - Statement - bufferread = new java.io.BufferedReader(new java.io.FileReader(RefNo)): null

2018-12-20 13:51:41 - [TEST_STEP][PASSED] - Statement - readedVal = bufferread.readLine(): null

2018-12-20 13:51:41 - [TEST_STEP][PASSED] - Statement - out.println(CaseReferenceNo): null

2018-12-20 13:51:41 - [TEST_STEP][PASSED] - Statement - out.println(readedVal): null

2018-12-20 13:51:41 - [TEST_STEP][PASSED] - Statement - CaseReferenceNo = "": null

2018-12-20 13:51:41 - [TEST_STEP][PASSED] - Statement - CaseReferenceNo = readedVal: null

2018-12-20 13:51:41 - [MESSAGE][PASSED] - Call Test Case 'Test Cases/Final Aug 2018 - PKS Automation/Common/Reference Number Getter' successfully

2018-12-20 13:51:41 - [TEST_STEP][PASSED] - setText: Text 'ERN122018C200002541' is set on object 'Object Repository/Final Object Repo/WorkFlow Listing Page/Ref No Set Text'

2018-12-20 13:51:41 - [MESSAGE][PASSED] - Text 'ERN122018C200002541' is set on object 'Object Repository/Final Object Repo/WorkFlow Listing Page/Ref No Set Text'

2018-12-20 13:51:41 - [TEST_STEP][PASSED] - delay: Delayed 2 second(s)

2018-12-20 13:51:43 - [MESSAGE][PASSED] - Delayed 2 second(s)

2018-12-20 13:51:43 - [TEST_STEP][PASSED] - click: Object: 'Object Repository/Final Object Repo/WorkFlow Listing Page/Search Ref No Search Button' is clicked on

2018-12-20 13:51:43 - [MESSAGE][PASSED] - Object: 'Object Repository/Final Object Repo/WorkFlow Listing Page/Search Ref No Search Button' is clicked on

2018-12-20 13:51:43 - [TEST_STEP][PASSED] - delay: Delayed 6 second(s)

2018-12-20 13:51:49 - [MESSAGE][PASSED] - Delayed 6 second(s)

2018-12-20 13:51:49 - [TEST_STEP][PASSED] - click: Object: 'Object Repository/Final Object Repo/WorkFlow Listing Page/Click Continue Tooltip' is clicked on

2018-12-20 13:51:50 - [MESSAGE][PASSED] - Object: 'Object Repository/Final Object Repo/WorkFlow Listing Page/Click Continue Tooltip' is clicked on

2018-12-20 13:51:50 - [TEST_STEP][PASSED] - delay: Delayed 5 second(s)

2018-12-20 13:51:55 - [MESSAGE][PASSED] - Delayed 5 second(s)

2018-12-20 13:51:55 - [TEST_STEP][PASSED] - doubleClick: Object: 'Object Repository/Final Object Repo/WorkFlow Listing Page/Workflow Found - Listing 1' is double clicked on

2018-12-20 13:51:56 - [MESSAGE][PASSED] - Object: 'Object Repository/Final Object Repo/WorkFlow Listing Page/Workflow Found - Listing 1' is double clicked on

2018-12-20 13:51:56 - [TEST_STEP][PASSED] - Statement - println(OwnerID): null

2018-12-20 13:51:56 - [TEST_STEP][PASSED] - Statement - OwnerID = com.kms.katalon.core.webui.keyword.WebUiBuiltInKeywords.getText(com.kms.katalon.core.testobject.ObjectRepository.findTestObject(Final Object Repo/WorkFlow Listing Page/Workflow Found - Listing 1), STOP_ON_FAILURE): Text of object 'Object Repository/Final Object Repo/WorkFlow Listing Page/Workflow Found - Listing 1' is: 'JOHORuo1'

2018-12-20 13:51:56 - [MESSAGE][PASSED] - Text of object 'Object Repository/Final Object Repo/WorkFlow Listing Page/Workflow Found - Listing 1' is: 'JOHORuo1'

2018-12-20 13:51:56 - [TEST_STEP][PASSED] - Statement - OwnerID = OwnerID.toLowerCase() + "@gmail.com": null

2018-12-20 13:51:56 - [TEST_STEP][PASSED] - Statement - println(OwnerID): null

2018-12-20 13:51:56 - [TEST_STEP][PASSED] - delay: Delayed 2 second(s)

2018-12-20 13:51:58 - [MESSAGE][PASSED] - Delayed 2 second(s)

2018-12-20 13:51:58 - [MESSAGE][PASSED] - Call Test Case 'Test Cases/Final Aug 2018 - PKS Automation/Common/Workflow Owner Finder' successfully

2018-12-20 13:51:58 - [TEST_STEP][PASSED] - delay: Delayed 1 second(s)

2018-12-20 13:51:59 - [MESSAGE][PASSED] - Delayed 1 second(s)

2018-12-20 13:51:59 - [TEST_STEP][PASSED] - navigateToUrl: Navigate to 'https://assist2-uat.perkeso.gov.my/c/portal/logout' successfully

2018-12-20 13:52:00 - [MESSAGE][PASSED] - Navigate to 'https://assist2-uat.perkeso.gov.my/c/portal/logout' successfully

2018-12-20 13:52:00 - [TEST_STEP][PASSED] - delay: Delayed 1 second(s)

2018-12-20 13:52:01 - [MESSAGE][PASSED] - Delayed 1 second(s)

2018-12-20 13:52:01 - [TEST_STEP][PASSED] - callTestCase: Call Test Case 'Test Cases/Final Aug 2018 - PKS Automation/Registration Module/Workflow/Login and Search Case For Workflow' successfully

2018-12-20 13:52:01 - [TEST_CASE][PASSED] - Test Cases/Final Aug 2018 - PKS Automation/Registration Module/Workflow/Login and Search Case For Workflow: Test Cases/Final Aug 2018 - PKS Automation/Registration Module/Workflow/Login and Search Case For Workflow

2018-12-20 13:52:01 - [TEST_STEP][PASSED] - navigateToUrl: Navigate to 'https://assist2-uat.perkeso.gov.my/login' successfully

2018-12-20 13:52:01 - [MESSAGE][PASSED] - Navigate to 'https://assist2-uat.perkeso.gov.my/login' successfully

2018-12-20 13:52:01 - [TEST_STEP][PASSED] - setText: Text 'johoruo1@gmail.com' is set on object 'Object Repository/Final Object Repo/Login Page/Internal User/Email Address'

2018-12-20 13:52:01 - [MESSAGE][PASSED] - Text 'johoruo1@gmail.com' is set on object 'Object Repository/Final Object Repo/Login Page/Internal User/Email Address'

2018-12-20 13:52:01 - [TEST_STEP][PASSED] - click: Object: 'Object Repository/Final Object Repo/Login Page/Internal User/Next Button' is clicked on

2018-12-20 13:52:01 - [MESSAGE][PASSED] - Object: 'Object Repository/Final Object Repo/Login Page/Internal User/Next Button' is clicked on

2018-12-20 13:52:01 - [TEST_STEP][PASSED] - delay: Delayed 1 second(s)

2018-12-20 13:52:02 - [MESSAGE][PASSED] - Delayed 1 second(s)

2018-12-20 13:52:02 - [TEST_STEP][PASSED] - setEncryptedText: Text ****** has been set on object 'Object Repository/Final Object Repo/Login Page/Internal User/Password'

2018-12-20 13:52:03 - [MESSAGE][PASSED] - Text ****** has been set on object 'Object Repository/Final Object Repo/Login Page/Internal User/Password'

2018-12-20 13:52:03 - [TEST_STEP][PASSED] - click: Object: 'Object Repository/Final Object Repo/Login Page/Internal User/Login Button' is clicked on

2018-12-20 13:52:03 - [MESSAGE][PASSED] - Object: 'Object Repository/Final Object Repo/Login Page/Internal User/Login Button' is clicked on

2018-12-20 13:52:03 - [TEST_STEP][PASSED] - delay: Delayed 2 second(s)

2018-12-20 13:52:05 - [MESSAGE][PASSED] - Delayed 2 second(s)

2018-12-20 13:52:05 - [TEST_STEP][PASSED] - Statement - Try: Delayed 2 second(s)

2018-12-20 13:52:05 - [TEST_STEP][PASSED] - Statement - Checker = false: null

2018-12-20 13:52:05 - [TEST_STEP][PASSED] - Statement - Checker = com.kms.katalon.core.webui.keyword.WebUiBuiltInKeywords.verifyElementHasAttribute(com.kms.katalon.core.testobject.ObjectRepository.findTestObject(Final Object Repo/Landing Page/BM Detecting), "href", 20, OPTIONAL): Object 'Object Repository/Final Object Repo/Landing Page/BM Detecting' has attribute 'href'

2018-12-20 13:52:05 - [MESSAGE][PASSED] - Object 'Object Repository/Final Object Repo/Landing Page/BM Detecting' has attribute 'href'

2018-12-20 13:52:05 - [TEST_STEP][PASSED] - Statement - out.println(Checker): null

2018-12-20 13:52:05 - [TEST_STEP][PASSED] - Statement - If (Checker == false): null

2018-12-20 13:52:05 - [TEST_STEP][PASSED] - Statement - Else: null

2018-12-20 13:52:05 - [TEST_STEP][PASSED] - delay: Delayed 2 second(s)

2018-12-20 13:52:07 - [MESSAGE][PASSED] - Delayed 2 second(s)

2018-12-20 13:52:07 - [TEST_STEP][PASSED] - click: Object: 'Object Repository/Final Object Repo/Page_MyASSIST - ASSIST - Search Pending Case For Add Supporting Document/Search Information' is clicked on

2018-12-20 13:52:07 - [MESSAGE][PASSED] - Object: 'Object Repository/Final Object Repo/Page_MyASSIST - ASSIST - Search Pending Case For Add Supporting Document/Search Information' is clicked on

2018-12-20 13:52:07 - [TEST_STEP][PASSED] - delay: Delayed 3 second(s)

2018-12-20 13:52:10 - [MESSAGE][PASSED] - Delayed 3 second(s)

2018-12-20 13:52:10 - [TEST_STEP][PASSED] - sendKeys: Keys 'ERN122018C200002541' sent to object: 'Object Repository/Final Object Repo/Page_MyASSIST - ASSIST - Search Pending Case For Add Supporting Document/Reference No'

2018-12-20 13:52:10 - [MESSAGE][PASSED] - Keys 'ERN122018C200002541' sent to object: 'Object Repository/Final Object Repo/Page_MyASSIST - ASSIST - Search Pending Case For Add Supporting Document/Reference No'

2018-12-20 13:52:10 - [TEST_STEP][PASSED] - click: Object: 'Object Repository/Final Object Repo/Page_MyASSIST - ASSIST - Search Pending Case For Add Supporting Document/Search Reference No' is clicked on

2018-12-20 13:52:11 - [MESSAGE][PASSED] - Object: 'Object Repository/Final Object Repo/Page_MyASSIST - ASSIST - Search Pending Case For Add Supporting Document/Search Reference No' is clicked on

2018-12-20 13:52:11 - [TEST_STEP][PASSED] - delay: Delayed 2 second(s)

2018-12-20 13:52:13 - [MESSAGE][PASSED] - Delayed 2 second(s)

2018-12-20 13:52:13 - [TEST_STEP][PASSED] - click: Object: 'Object Repository/Final Object Repo/Page_MyASSIST - ASSIST - Search Pending Case For Add Supporting Document/Continue' is clicked on

2018-12-20 13:52:16 - [MESSAGE][PASSED] - Object: 'Object Repository/Final Object Repo/Page_MyASSIST - ASSIST - Search Pending Case For Add Supporting Document/Continue' is clicked on

2018-12-20 13:52:16 - [TEST_STEP][PASSED] - delay: Delayed 20 second(s)

2018-12-20 13:52:36 - [MESSAGE][PASSED] - Delayed 20 second(s)

2018-12-20 13:52:36 - [MESSAGE][PASSED] - Call Test Case 'Test Cases/Final Aug 2018 - PKS Automation/Registration Module/Workflow/Login and Search Case For Workflow' successfully

2018-12-20 13:52:36 - [TEST_STEP][PASSED] - click: Object: 'Object Repository/Final Object Repo/Page_Form 3 EIS - Cessation as Employer/Page_Form 3 EIS - Cessation as Employer (Approve)/Save  Continue in Form 3 Page' is clicked on

2018-12-20 13:52:36 - [MESSAGE][PASSED] - Object: 'Object Repository/Final Object Repo/Page_Form 3 EIS - Cessation as Employer/Page_Form 3 EIS - Cessation as Employer (Approve)/Save  Continue in Form 3 Page' is clicked on

2018-12-20 13:52:36 - [TEST_STEP][PASSED] - delay: Delayed 2 second(s)

2018-12-20 13:52:38 - [MESSAGE][PASSED] - Delayed 2 second(s)

2018-12-20 13:52:38 - [TEST_STEP][PASSED] - click: Object: 'Object Repository/Final Object Repo/Page_Form 3 EIS - Cessation as Employer/Page_Form 3 EIS - Cessation as Employer (Approve)/Save  Continue in Resigned Page' is clicked on

2018-12-20 13:52:38 - [MESSAGE][PASSED] - Object: 'Object Repository/Final Object Repo/Page_Form 3 EIS - Cessation as Employer/Page_Form 3 EIS - Cessation as Employer (Approve)/Save  Continue in Resigned Page' is clicked on

2018-12-20 13:52:38 - [TEST_STEP][PASSED] - delay: Delayed 2 second(s)

2018-12-20 13:52:40 - [MESSAGE][PASSED] - Delayed 2 second(s)

2018-12-20 13:52:40 - [TEST_STEP][PASSED] - click: Object: 'Object Repository/Final Object Repo/Page_Form 3 EIS - Cessation as Employer/Page_Form 3 EIS - Cessation as Employer (Approve)/Save  Continue in Uploading Page' is clicked on

2018-12-20 13:52:42 - [MESSAGE][PASSED] - Object: 'Object Repository/Final Object Repo/Page_Form 3 EIS - Cessation as Employer/Page_Form 3 EIS - Cessation as Employer (Approve)/Save  Continue in Uploading Page' is clicked on

2018-12-20 13:52:42 - [TEST_STEP][PASSED] - delay: Delayed 2 second(s)

2018-12-20 13:52:44 - [MESSAGE][PASSED] - Delayed 2 second(s)

2018-12-20 13:52:44 - [TEST_STEP][PASSED] - click: Object: 'Object Repository/Final Object Repo/Page_Form 3 EIS - Cessation as Employer/Page_Form 3 EIS - Cessation as Employer (Under enforcement)/Underenforcement' is clicked on

2018-12-20 13:52:47 - [MESSAGE][PASSED] - Object: 'Object Repository/Final Object Repo/Page_Form 3 EIS - Cessation as Employer/Page_Form 3 EIS - Cessation as Employer (Under enforcement)/Underenforcement' is clicked on

2018-12-20 13:52:47 - [TEST_STEP][PASSED] - delay: Delayed 2 second(s)

2018-12-20 13:52:49 - [MESSAGE][PASSED] - Delayed 2 second(s)

2018-12-20 13:52:49 - [TEST_STEP][PASSED] - setText: Text 'Remark' is set on object 'Object Repository/Final Object Repo/Page_Form 3 EIS - Cessation as Employer/Page_Form 3 EIS - Cessation as Employer (Under enforcement)/Under enforcement - Remark'

2018-12-20 13:52:49 - [MESSAGE][PASSED] - Text 'Remark' is set on object 'Object Repository/Final Object Repo/Page_Form 3 EIS - Cessation as Employer/Page_Form 3 EIS - Cessation as Employer (Under enforcement)/Under enforcement - Remark'

2018-12-20 13:52:49 - [TEST_STEP][PASSED] - delay: Delayed 2 second(s)

2018-12-20 13:52:51 - [MESSAGE][PASSED] - Delayed 2 second(s)

2018-12-20 13:52:51 - [TEST_STEP][PASSED] - click: Object: 'Object Repository/Final Object Repo/Page_Form 3 EIS - Cessation as Employer/Page_Form 3 EIS - Cessation as Employer (Under enforcement)/Save  Continue in Under enforcement' is clicked on

2018-12-20 13:52:51 - [MESSAGE][PASSED] - Object: 'Object Repository/Final Object Repo/Page_Form 3 EIS - Cessation as Employer/Page_Form 3 EIS - Cessation as Employer (Under enforcement)/Save  Continue in Under enforcement' is clicked on

2018-12-20 13:52:51 - [TEST_STEP][PASSED] - doubleClick: Object: 'Object Repository/Final Object Repo/Page_Form 3 EIS - Cessation as Employer/Page_Form 3 EIS - Cessation as Employer (Under enforcement)/Message The case is under enforcement' is double clicked on

2018-12-20 13:52:56 - [MESSAGE][PASSED] - Object: 'Object Repository/Final Object Repo/Page_Form 3 EIS - Cessation as Employer/Page_Form 3 EIS - Cessation as Employer (Under enforcement)/Message The case is under enforcement' is double clicked on

2018-12-20 13:52:56 - [MESSAGE][PASSED] - Call Test Case 'Test Cases/Final Aug 2018 - PKS Automation/Registration Module/Workflow/Form 3 EIS - Cessation As Employer/Template/Form 3 A - Cessation As Employer (Under enforcement)' successfully]]></system-out>
         <system-err><![CDATA[]]></system-err>
      </testcase>
      <system-out><![CDATA[2018-12-20 12:55:57 - [TEST_SUITE][FAILED] - Form 3 EIS - Cessation as Employer: Test Cases/Final Aug 2018 - PKS Automation/Registration Module/Workflow/Form 3 EIS - Cessation As Employer/PKRBO to UO (Query) FAILED because (of) (Stack trace: com.kms.katalon.core.exception.StepFailedException: Unable to click on object 'Object Repository/Final Object Repo/Page_Form 3 EIS - Cessation as Employer/Page_Form 3 EIS - Cessation as Employer (Query)/Message The Case Is Under Query' (Root cause: com.kms.katalon.core.webui.exception.WebElementNotFoundException: Web element with id: 'Object Repository/Final Object Repo/Page_Form 3 EIS - Cessation as Employer/Page_Form 3 EIS - Cessation as Employer (Query)/Message The Case Is Under Query' located by 'By.xpath: //div[(text() = '
			    			
			    			
			    			
			    			
			    			The Case Is Under Query.
			    			
			    			
			    			
			    			









































































' or . = '
			    			
			    			
			    			
			    			
			    			The Case Is Under Query.
			    			
			    			
			    			
			    			









































































')]' not found)
	at com.kms.katalon.core.keyword.internal.KeywordMain.stepFailed(KeywordMain.groovy:32)
	at com.kms.katalon.core.webui.keyword.internal.WebUIKeywordMain.stepFailed(WebUIKeywordMain.groovy:65)
	at com.kms.katalon.core.webui.keyword.internal.WebUIKeywordMain.runKeyword(WebUIKeywordMain.groovy:27)
	at com.kms.katalon.core.webui.keyword.builtin.ClickKeyword.click(ClickKeyword.groovy:86)
	at com.kms.katalon.core.webui.keyword.builtin.ClickKeyword.execute(ClickKeyword.groovy:67)
	at com.kms.katalon.core.keyword.internal.KeywordExecutor.executeKeywordForPlatform(KeywordExecutor.groovy:53)
	at com.kms.katalon.core.webui.keyword.WebUiBuiltInKeywords.click(WebUiBuiltInKeywords.groovy:616)
	at com.kms.katalon.core.webui.keyword.WebUiBuiltInKeywords$click$2.call(Unknown Source)
	at Script1536114876563.run(Script1536114876563.groovy:70)
	at com.kms.katalon.core.main.ScriptEngine.run(ScriptEngine.java:183)
	at com.kms.katalon.core.main.ScriptEngine.runScriptAsRawText(ScriptEngine.java:108)
	at com.kms.katalon.core.main.TestCaseExecutor.runScript(TestCaseExecutor.java:294)
	at com.kms.katalon.core.main.TestCaseExecutor.doExecute(TestCaseExecutor.java:285)
	at com.kms.katalon.core.main.TestCaseExecutor.processExecutionPhase(TestCaseExecutor.java:264)
	at com.kms.katalon.core.main.TestCaseExecutor.accessMainPhase(TestCaseExecutor.java:256)
	at com.kms.katalon.core.main.TestCaseExecutor.execute(TestCaseExecutor.java:200)
	at com.kms.katalon.core.main.TestCaseMain.runTestCase(TestCaseMain.java:99)
	at com.kms.katalon.core.keyword.builtin.CallTestCaseKeyword$_callTestCase_closure1.doCall(CallTestCaseKeyword.groovy:60)
	at com.kms.katalon.core.keyword.builtin.CallTestCaseKeyword$_callTestCase_closure1.call(CallTestCaseKeyword.groovy)
	at com.kms.katalon.core.keyword.internal.KeywordMain.runKeyword(KeywordMain.groovy:54)
	at com.kms.katalon.core.keyword.builtin.CallTestCaseKeyword.callTestCase(CallTestCaseKeyword.groovy:81)
	at com.kms.katalon.core.keyword.builtin.CallTestCaseKeyword.execute(CallTestCaseKeyword.groovy:45)
	at com.kms.katalon.core.keyword.internal.KeywordExecutor.executeKeywordForPlatform(KeywordExecutor.groovy:53)
	at com.kms.katalon.core.keyword.BuiltinKeywords.callTestCase(BuiltinKeywords.groovy:334)
	at sun.reflect.GeneratedMethodAccessor13.invoke(Unknown Source)
	at sun.reflect.DelegatingMethodAccessorImpl.invoke(DelegatingMethodAccessorImpl.java:43)
	at java.lang.reflect.Method.invoke(Method.java:498)
	at org.codehaus.groovy.reflection.CachedMethod.invoke(CachedMethod.java:93)
	at groovy.lang.MetaMethod.doMethodInvoke(MetaMethod.java:325)
	at groovy.lang.MetaClassImpl.invokeStaticMethod(MetaClassImpl.java:1469)
	at org.codehaus.groovy.runtime.callsite.StaticMetaClassSite.call(StaticMetaClassSite.java:53)
	at org.codehaus.groovy.runtime.callsite.CallSiteArray.defaultCall(CallSiteArray.java:48)
	at org.codehaus.groovy.runtime.callsite.AbstractCallSite.call(AbstractCallSite.java:113)
	at org.codehaus.groovy.runtime.callsite.AbstractCallSite.call(AbstractCallSite.java:141)
	at Script1536204651962.run(Script1536204651962.groovy:25)
	at com.kms.katalon.core.main.ScriptEngine.run(ScriptEngine.java:183)
	at com.kms.katalon.core.main.ScriptEngine.runScriptAsRawText(ScriptEngine.java:108)
	at com.kms.katalon.core.main.TestCaseExecutor.runScript(TestCaseExecutor.java:294)
	at com.kms.katalon.core.main.TestCaseExecutor.doExecute(TestCaseExecutor.java:285)
	at com.kms.katalon.core.main.TestCaseExecutor.processExecutionPhase(TestCaseExecutor.java:264)
	at com.kms.katalon.core.main.TestCaseExecutor.accessMainPhase(TestCaseExecutor.java:256)
	at com.kms.katalon.core.main.TestCaseExecutor.execute(TestCaseExecutor.java:200)
	at com.kms.katalon.core.main.TestSuiteExecutor.accessTestCaseMainPhase(TestSuiteExecutor.java:129)
	at com.kms.katalon.core.main.TestSuiteExecutor.accessTestSuiteMainPhase(TestSuiteExecutor.java:112)
	at com.kms.katalon.core.main.TestSuiteExecutor.execute(TestSuiteExecutor.java:81)
	at com.kms.katalon.core.main.TestCaseMain.startTestSuite(TestCaseMain.java:142)
	at com.kms.katalon.core.main.TestCaseMain$startTestSuite$0.call(Unknown Source)
	at org.codehaus.groovy.runtime.callsite.CallSiteArray.defaultCall(CallSiteArray.java:48)
	at org.codehaus.groovy.runtime.callsite.AbstractCallSite.call(AbstractCallSite.java:113)
	at org.codehaus.groovy.runtime.callsite.AbstractCallSite.call(AbstractCallSite.java:141)
	at TempTestSuite1545281755266.run(TempTestSuite1545281755266.groovy:36)
	at groovy.lang.GroovyShell.runScriptOrMainOrTestOrRunnable(GroovyShell.java:263)
	at groovy.lang.GroovyShell.run(GroovyShell.java:518)
	at groovy.lang.GroovyShell.run(GroovyShell.java:507)
	at groovy.ui.GroovyMain.processOnce(GroovyMain.java:653)
	at groovy.ui.GroovyMain.run(GroovyMain.java:384)
	at groovy.ui.GroovyMain.process(GroovyMain.java:370)
	at groovy.ui.GroovyMain.processArgs(GroovyMain.java:129)
	at groovy.ui.GroovyMain.main(GroovyMain.java:109)
	at sun.reflect.NativeMethodAccessorImpl.invoke0(Native Method)
	at sun.reflect.NativeMethodAccessorImpl.invoke(NativeMethodAccessorImpl.java:62)
	at sun.reflect.DelegatingMethodAccessorImpl.invoke(DelegatingMethodAccessorImpl.java:43)
	at java.lang.reflect.Method.invoke(Method.java:498)
	at org.codehaus.groovy.tools.GroovyStarter.rootLoader(GroovyStarter.java:109)
	at org.codehaus.groovy.tools.GroovyStarter.main(GroovyStarter.java:131)
)]]></system-out>
      <system-err><![CDATA[2018-12-20 12:55:57 - [TEST_SUITE][FAILED] - Form 3 EIS - Cessation as Employer: Test Cases/Final Aug 2018 - PKS Automation/Registration Module/Workflow/Form 3 EIS - Cessation As Employer/PKRBO to UO (Query) FAILED because (of) (Stack trace: com.kms.katalon.core.exception.StepFailedException: Unable to click on object 'Object Repository/Final Object Repo/Page_Form 3 EIS - Cessation as Employer/Page_Form 3 EIS - Cessation as Employer (Query)/Message The Case Is Under Query' (Root cause: com.kms.katalon.core.webui.exception.WebElementNotFoundException: Web element with id: 'Object Repository/Final Object Repo/Page_Form 3 EIS - Cessation as Employer/Page_Form 3 EIS - Cessation as Employer (Query)/Message The Case Is Under Query' located by 'By.xpath: //div[(text() = '
			    			
			    			
			    			
			    			
			    			The Case Is Under Query.
			    			
			    			
			    			
			    			









































































' or . = '
			    			
			    			
			    			
			    			
			    			The Case Is Under Query.
			    			
			    			
			    			
			    			









































































')]' not found)
	at com.kms.katalon.core.keyword.internal.KeywordMain.stepFailed(KeywordMain.groovy:32)
	at com.kms.katalon.core.webui.keyword.internal.WebUIKeywordMain.stepFailed(WebUIKeywordMain.groovy:65)
	at com.kms.katalon.core.webui.keyword.internal.WebUIKeywordMain.runKeyword(WebUIKeywordMain.groovy:27)
	at com.kms.katalon.core.webui.keyword.builtin.ClickKeyword.click(ClickKeyword.groovy:86)
	at com.kms.katalon.core.webui.keyword.builtin.ClickKeyword.execute(ClickKeyword.groovy:67)
	at com.kms.katalon.core.keyword.internal.KeywordExecutor.executeKeywordForPlatform(KeywordExecutor.groovy:53)
	at com.kms.katalon.core.webui.keyword.WebUiBuiltInKeywords.click(WebUiBuiltInKeywords.groovy:616)
	at com.kms.katalon.core.webui.keyword.WebUiBuiltInKeywords$click$2.call(Unknown Source)
	at Script1536114876563.run(Script1536114876563.groovy:70)
	at com.kms.katalon.core.main.ScriptEngine.run(ScriptEngine.java:183)
	at com.kms.katalon.core.main.ScriptEngine.runScriptAsRawText(ScriptEngine.java:108)
	at com.kms.katalon.core.main.TestCaseExecutor.runScript(TestCaseExecutor.java:294)
	at com.kms.katalon.core.main.TestCaseExecutor.doExecute(TestCaseExecutor.java:285)
	at com.kms.katalon.core.main.TestCaseExecutor.processExecutionPhase(TestCaseExecutor.java:264)
	at com.kms.katalon.core.main.TestCaseExecutor.accessMainPhase(TestCaseExecutor.java:256)
	at com.kms.katalon.core.main.TestCaseExecutor.execute(TestCaseExecutor.java:200)
	at com.kms.katalon.core.main.TestCaseMain.runTestCase(TestCaseMain.java:99)
	at com.kms.katalon.core.keyword.builtin.CallTestCaseKeyword$_callTestCase_closure1.doCall(CallTestCaseKeyword.groovy:60)
	at com.kms.katalon.core.keyword.builtin.CallTestCaseKeyword$_callTestCase_closure1.call(CallTestCaseKeyword.groovy)
	at com.kms.katalon.core.keyword.internal.KeywordMain.runKeyword(KeywordMain.groovy:54)
	at com.kms.katalon.core.keyword.builtin.CallTestCaseKeyword.callTestCase(CallTestCaseKeyword.groovy:81)
	at com.kms.katalon.core.keyword.builtin.CallTestCaseKeyword.execute(CallTestCaseKeyword.groovy:45)
	at com.kms.katalon.core.keyword.internal.KeywordExecutor.executeKeywordForPlatform(KeywordExecutor.groovy:53)
	at com.kms.katalon.core.keyword.BuiltinKeywords.callTestCase(BuiltinKeywords.groovy:334)
	at sun.reflect.GeneratedMethodAccessor13.invoke(Unknown Source)
	at sun.reflect.DelegatingMethodAccessorImpl.invoke(DelegatingMethodAccessorImpl.java:43)
	at java.lang.reflect.Method.invoke(Method.java:498)
	at org.codehaus.groovy.reflection.CachedMethod.invoke(CachedMethod.java:93)
	at groovy.lang.MetaMethod.doMethodInvoke(MetaMethod.java:325)
	at groovy.lang.MetaClassImpl.invokeStaticMethod(MetaClassImpl.java:1469)
	at org.codehaus.groovy.runtime.callsite.StaticMetaClassSite.call(StaticMetaClassSite.java:53)
	at org.codehaus.groovy.runtime.callsite.CallSiteArray.defaultCall(CallSiteArray.java:48)
	at org.codehaus.groovy.runtime.callsite.AbstractCallSite.call(AbstractCallSite.java:113)
	at org.codehaus.groovy.runtime.callsite.AbstractCallSite.call(AbstractCallSite.java:141)
	at Script1536204651962.run(Script1536204651962.groovy:25)
	at com.kms.katalon.core.main.ScriptEngine.run(ScriptEngine.java:183)
	at com.kms.katalon.core.main.ScriptEngine.runScriptAsRawText(ScriptEngine.java:108)
	at com.kms.katalon.core.main.TestCaseExecutor.runScript(TestCaseExecutor.java:294)
	at com.kms.katalon.core.main.TestCaseExecutor.doExecute(TestCaseExecutor.java:285)
	at com.kms.katalon.core.main.TestCaseExecutor.processExecutionPhase(TestCaseExecutor.java:264)
	at com.kms.katalon.core.main.TestCaseExecutor.accessMainPhase(TestCaseExecutor.java:256)
	at com.kms.katalon.core.main.TestCaseExecutor.execute(TestCaseExecutor.java:200)
	at com.kms.katalon.core.main.TestSuiteExecutor.accessTestCaseMainPhase(TestSuiteExecutor.java:129)
	at com.kms.katalon.core.main.TestSuiteExecutor.accessTestSuiteMainPhase(TestSuiteExecutor.java:112)
	at com.kms.katalon.core.main.TestSuiteExecutor.execute(TestSuiteExecutor.java:81)
	at com.kms.katalon.core.main.TestCaseMain.startTestSuite(TestCaseMain.java:142)
	at com.kms.katalon.core.main.TestCaseMain$startTestSuite$0.call(Unknown Source)
	at org.codehaus.groovy.runtime.callsite.CallSiteArray.defaultCall(CallSiteArray.java:48)
	at org.codehaus.groovy.runtime.callsite.AbstractCallSite.call(AbstractCallSite.java:113)
	at org.codehaus.groovy.runtime.callsite.AbstractCallSite.call(AbstractCallSite.java:141)
	at TempTestSuite1545281755266.run(TempTestSuite1545281755266.groovy:36)
	at groovy.lang.GroovyShell.runScriptOrMainOrTestOrRunnable(GroovyShell.java:263)
	at groovy.lang.GroovyShell.run(GroovyShell.java:518)
	at groovy.lang.GroovyShell.run(GroovyShell.java:507)
	at groovy.ui.GroovyMain.processOnce(GroovyMain.java:653)
	at groovy.ui.GroovyMain.run(GroovyMain.java:384)
	at groovy.ui.GroovyMain.process(GroovyMain.java:370)
	at groovy.ui.GroovyMain.processArgs(GroovyMain.java:129)
	at groovy.ui.GroovyMain.main(GroovyMain.java:109)
	at sun.reflect.NativeMethodAccessorImpl.invoke0(Native Method)
	at sun.reflect.NativeMethodAccessorImpl.invoke(NativeMethodAccessorImpl.java:62)
	at sun.reflect.DelegatingMethodAccessorImpl.invoke(DelegatingMethodAccessorImpl.java:43)
	at java.lang.reflect.Method.invoke(Method.java:498)
	at org.codehaus.groovy.tools.GroovyStarter.rootLoader(GroovyStarter.java:109)
	at org.codehaus.groovy.tools.GroovyStarter.main(GroovyStarter.java:131)
)]]></system-err>
   </testsuite>
</testsuites>
