<?xml version="1.0" encoding="UTF-8"?>
<testsuites name="Update Add New Employee" time="11807" tests="13" failures="0" errors="0">
   <testsuite name="Update Add New Employee" tests="13" failures="0" errors="0" time="11807" timestamp="2018-12-07 09:46:13" hostname="Admin - Win7Test02" id="Test Suites/Workflow/Update Add New Employee">
      <properties>
         <property name="deviceName" value=""/>
         <property name="devicePlatform" value=""/>
         <property name="logFolder" value="C:\\Users\\Admin\\Desktop\\PKS\\Perkeso Phase A\\Reports\\Workflow\\Update Add New Employee\\20181207_094611"/>
         <property name="logFiles" value="C:\\Users\\Admin\\Desktop\\PKS\\Perkeso Phase A\\Reports\\Workflow\\Update Add New Employee\\20181207_094611\\execution0.log, C:\\Users\\Admin\\Desktop\\PKS\\Perkeso Phase A\\Reports\\Workflow\\Update Add New Employee\\20181207_094611\\execution1.log, C:\\Users\\Admin\\Desktop\\PKS\\Perkeso Phase A\\Reports\\Workflow\\Update Add New Employee\\20181207_094611\\execution2.log, C:\\Users\\Admin\\Desktop\\PKS\\Perkeso Phase A\\Reports\\Workflow\\Update Add New Employee\\20181207_094611\\execution3.log"/>
         <property name="attachments" value="C:\\Users\\Admin\\Desktop\\PKS\\Perkeso Phase A\\Reports\\Workflow\\Update Add New Employee\\20181207_094611\\1544147222190.png, C:\\Users\\Admin\\Desktop\\PKS\\Perkeso Phase A\\Reports\\Workflow\\Update Add New Employee\\20181207_094611\\1544147282221.png, C:\\Users\\Admin\\Desktop\\PKS\\Perkeso Phase A\\Reports\\Workflow\\Update Add New Employee\\20181207_094611\\1544147337624.png, C:\\Users\\Admin\\Desktop\\PKS\\Perkeso Phase A\\Reports\\Workflow\\Update Add New Employee\\20181207_094611\\1544147391969.png"/>
         <property name="hostName" value="Admin - Win7Test02"/>
         <property name="os" value="Windows 7 64bit"/>
         <property name="katalonVersion" value="5.8.6.1"/>
         <property name="browser" value="Chrome 70.0.3538.110"/>
         <property name="hostAddress" value="10.20.3.72"/>
         <property name="sessionId" value="bdd5a5bd5ec8078b67a038462033b9c7"/>
         <property name="seleniumVersion" value="3.7.1"/>
         <property name="proxyInformation" value="ProxyInformation{proxyOption=NO_PROXY, proxyServerType=HTTP, password=, proxyServerAddress=, proxyServerPort=0}"/>
         <property name="platform" value="Windows 7"/>
      </properties>
      <testcase name="Test Cases/Final Aug 2018 - PKS Automation/Registration Module/Workflow/Update Add New Employee/Add Employee and Set Incomplete ( OTC - PKRBO)" classname="Test Cases/Final Aug 2018 - PKS Automation/Registration Module/Workflow/Update Add New Employee/Add Employee and Set Incomplete ( OTC - PKRBO)" status="PASSED">
         <system-out><![CDATA[2018-12-07 09:46:14 - [TEST_CASE][PASSED] - Test Cases/Final Aug 2018 - PKS Automation/Registration Module/Workflow/Update Add New Employee/Add Employee and Set Incomplete ( OTC - PKRBO): Test Cases/Final Aug 2018 - PKS Automation/Registration Module/Workflow/Update Add New Employee/Add Employee and Set Incomplete ( OTC - PKRBO)

2018-12-07 09:46:14 - [TEST_STEP][PASSED] - openBrowser: Browser is opened with url: ''

2018-12-07 09:46:18 - [MESSAGE][PASSED] - Browser is opened with url: ''

2018-12-07 09:46:18 - [TEST_STEP][PASSED] - navigateToUrl: Navigate to 'https://assist2-uat.perkeso.gov.my/login' successfully

2018-12-07 09:46:20 - [MESSAGE][PASSED] - Navigate to 'https://assist2-uat.perkeso.gov.my/login' successfully

2018-12-07 09:46:20 - [TEST_STEP][PASSED] - callTestCase: Call Test Case 'Test Cases/Final Aug 2018 - PKS Automation/Registration Module/New Registration/Form 2/Date Updater' successfully

2018-12-07 09:46:20 - [TEST_CASE][PASSED] - Test Cases/Final Aug 2018 - PKS Automation/Registration Module/New Registration/Form 2/Date Updater: Test Cases/Final Aug 2018 - PKS Automation/Registration Module/New Registration/Form 2/Date Updater

2018-12-07 09:46:20 - [TEST_STEP][PASSED] - Statement - TodayDate = new java.util.Date(): null

2018-12-07 09:46:20 - [TEST_STEP][PASSED] - Statement - CurrentDateNoFilter = new java.text.SimpleDateFormat(): null

2018-12-07 09:46:20 - [TEST_STEP][PASSED] - Statement - CurrentDateNoFilter.applyPattern("MM"): null

2018-12-07 09:46:20 - [TEST_STEP][PASSED] - Statement - monthContainerMatcher = java.lang.Integer.parseInt(CurrentDateNoFilter.format(TodayDate)): null

2018-12-07 09:46:20 - [TEST_STEP][PASSED] - Statement - monthContainerMatcher = monthContainerMatcher - 1: null

2018-12-07 09:46:20 - [TEST_STEP][PASSED] - Statement - CurrentMonth = monthContainerMatcher.toString(): null

2018-12-07 09:46:20 - [TEST_STEP][PASSED] - Statement - CurrentMonth = CurrentMonth: null

2018-12-07 09:46:20 - [TEST_STEP][PASSED] - Statement - CurrentDateNoFilter.applyPattern("yyyy"): null

2018-12-07 09:46:20 - [TEST_STEP][PASSED] - Statement - CurrentYear = CurrentDateNoFilter.format(TodayDate): null

2018-12-07 09:46:20 - [TEST_STEP][PASSED] - Statement - CurrentYear = CurrentYear: null

2018-12-07 09:46:20 - [TEST_STEP][PASSED] - Statement - intCurrentYear = java.lang.Integer.parseInt(CurrentDateNoFilter.format(TodayDate)): null

2018-12-07 09:46:20 - [TEST_STEP][PASSED] - Statement - eighteenYrsAgo = intCurrentYear - 18: null

2018-12-07 09:46:20 - [TEST_STEP][PASSED] - Statement - eighteenYrsBeforeThisYr = eighteenYrsAgo.toString(): null

2018-12-07 09:46:20 - [TEST_STEP][PASSED] - Statement - EighteenYrsBefore = eighteenYrsBeforeThisYr: null

2018-12-07 09:46:20 - [TEST_STEP][PASSED] - Statement - fiftysevenYrsAgo = intCurrentYear - 57: null

2018-12-07 09:46:20 - [TEST_STEP][PASSED] - Statement - fiftysevenYrsBeforeThisYr = fiftysevenYrsAgo.toString(): null

2018-12-07 09:46:20 - [TEST_STEP][PASSED] - Statement - FiftysevenYrsBefore = fiftysevenYrsBeforeThisYr: null

2018-12-07 09:46:20 - [TEST_STEP][PASSED] - Statement - leapYear = false: null

2018-12-07 09:46:20 - [TEST_STEP][PASSED] - Statement - leapYear = intCurrentYear % 4 == 0: null

2018-12-07 09:46:20 - [TEST_STEP][PASSED] - Statement - CurrentDateNoFilter.applyPattern("dd"): null

2018-12-07 09:46:20 - [TEST_STEP][PASSED] - Statement - CurrentDate = CurrentDateNoFilter.format(TodayDate): null

2018-12-07 09:46:20 - [TEST_STEP][PASSED] - Statement - CurrentDate = java.lang.Integer.parseInt(CurrentDate): null

2018-12-07 09:46:20 - [TEST_STEP][PASSED] - Statement - CurrentDate = CurrentDate: null

2018-12-07 09:46:20 - [TEST_STEP][PASSED] - Statement - CurrentDay = java.lang.Integer.parseInt(CurrentDate): null

2018-12-07 09:46:20 - [TEST_STEP][PASSED] - Statement - ConfAdder = <not implemented yet for class: org.codehaus.groovy.ast.expr.EmptyExpression>: null

2018-12-07 09:46:20 - [TEST_STEP][PASSED] - Statement - out.println(CurrentMonth): null

2018-12-07 09:46:20 - [TEST_STEP][PASSED] - Statement - out.println(CurrentDate): null

2018-12-07 09:46:20 - [TEST_STEP][PASSED] - Statement - switch (CurrentDate): null

2018-12-07 09:46:20 - [TEST_STEP][PASSED] - Statement - Default: null

2018-12-07 09:46:20 - [TEST_STEP][PASSED] - Statement - ConfAdder = true: null

2018-12-07 09:46:20 - [TEST_STEP][PASSED] - Statement - Break: null

2018-12-07 09:46:20 - [TEST_STEP][PASSED] - Statement - aDayBefore = <not implemented yet for class: org.codehaus.groovy.ast.expr.EmptyExpression>: null

2018-12-07 09:46:20 - [TEST_STEP][PASSED] - Statement - out.println(ConfAdder): null

2018-12-07 09:46:20 - [TEST_STEP][PASSED] - Statement - If (ConfAdder == true): null

2018-12-07 09:46:20 - [TEST_STEP][PASSED] - Statement - aDayBefore = CurrentDay + 1: null

2018-12-07 09:46:20 - [TEST_STEP][PASSED] - Statement - out.println(aDayBefore): null

2018-12-07 09:46:20 - [TEST_STEP][PASSED] - Statement - If (aDayBefore == 1 && CurrentMonth == 11): null

2018-12-07 09:46:20 - [TEST_STEP][PASSED] - Statement - DayBefore = aDayBefore.toString(): null

2018-12-07 09:46:20 - [TEST_STEP][PASSED] - Statement - OneDayBefore = DayBefore: null

2018-12-07 09:46:20 - [MESSAGE][PASSED] - Call Test Case 'Test Cases/Final Aug 2018 - PKS Automation/Registration Module/New Registration/Form 2/Date Updater' successfully

2018-12-07 09:46:20 - [TEST_STEP][PASSED] - delay: Delayed 2 second(s)

2018-12-07 09:46:22 - [MESSAGE][PASSED] - Delayed 2 second(s)

2018-12-07 09:46:22 - [TEST_STEP][PASSED] - setText: Text 'klotc2@gmail.com' is set on object 'Object Repository/Final Object Repo/Page_Update Add New Employee - ASSIST/Email TextBox'

2018-12-07 09:46:23 - [MESSAGE][PASSED] - Text 'klotc2@gmail.com' is set on object 'Object Repository/Final Object Repo/Page_Update Add New Employee - ASSIST/Email TextBox'

2018-12-07 09:46:23 - [TEST_STEP][PASSED] - click: Object: 'Object Repository/Final Object Repo/Page_Update Add New Employee - ASSIST/Next Button' is clicked on

2018-12-07 09:46:23 - [MESSAGE][PASSED] - Object: 'Object Repository/Final Object Repo/Page_Update Add New Employee - ASSIST/Next Button' is clicked on

2018-12-07 09:46:23 - [TEST_STEP][PASSED] - delay: Delayed 2 second(s)

2018-12-07 09:46:25 - [MESSAGE][PASSED] - Delayed 2 second(s)

2018-12-07 09:46:25 - [TEST_STEP][PASSED] - setText: Text 'Test1@3456789' is set on object 'Object Repository/Final Object Repo/Page_Update Add New Employee - ASSIST/Password TextBox'

2018-12-07 09:46:25 - [MESSAGE][PASSED] - Text 'Test1@3456789' is set on object 'Object Repository/Final Object Repo/Page_Update Add New Employee - ASSIST/Password TextBox'

2018-12-07 09:46:25 - [TEST_STEP][PASSED] - delay: Delayed 2 second(s)

2018-12-07 09:46:27 - [MESSAGE][PASSED] - Delayed 2 second(s)

2018-12-07 09:46:27 - [TEST_STEP][PASSED] - click: Object: 'Object Repository/Final Object Repo/Page_Update Add New Employee - ASSIST/Login Button' is clicked on

2018-12-07 09:46:27 - [MESSAGE][PASSED] - Object: 'Object Repository/Final Object Repo/Page_Update Add New Employee - ASSIST/Login Button' is clicked on

2018-12-07 09:46:27 - [TEST_STEP][PASSED] - Statement - Try: null

2018-12-07 09:46:27 - [TEST_STEP][PASSED] - Statement - Checker = com.kms.katalon.core.webui.keyword.WebUiBuiltInKeywords.verifyElementNotPresent("Final Object Repo/Landing Page/Select to English", 3): null

2018-12-07 09:46:27 - [TEST_STEP][PASSED] - Statement - Catch (Exception e): null

2018-12-07 09:46:27 - [TEST_STEP][PASSED] - Statement - e.printStackTrace(): null

2018-12-07 09:46:27 - [TEST_STEP][PASSED] - delay: Delayed 5 second(s)

2018-12-07 09:46:32 - [MESSAGE][PASSED] - Delayed 5 second(s)

2018-12-07 09:46:32 - [TEST_STEP][PASSED] - click: Object: 'Object Repository/Final Object Repo/Page_Update Add New Employee - ASSIST/My Sites Drop Down' is clicked on

2018-12-07 09:46:33 - [MESSAGE][PASSED] - Object: 'Object Repository/Final Object Repo/Page_Update Add New Employee - ASSIST/My Sites Drop Down' is clicked on

2018-12-07 09:46:33 - [TEST_STEP][PASSED] - click: Object: 'Object Repository/Final Object Repo/Page_Update Add New Employee - ASSIST/Select to Registration Module' is clicked on

2018-12-07 09:46:34 - [MESSAGE][PASSED] - Object: 'Object Repository/Final Object Repo/Page_Update Add New Employee - ASSIST/Select to Registration Module' is clicked on

2018-12-07 09:46:34 - [TEST_STEP][PASSED] - navigateToUrl: Navigate to 'https://assist2-uat.perkeso.gov.my/web/registration/myassist' successfully

2018-12-07 09:46:35 - [MESSAGE][PASSED] - Navigate to 'https://assist2-uat.perkeso.gov.my/web/registration/myassist' successfully

2018-12-07 09:46:35 - [TEST_STEP][PASSED] - mouseOver: Object: 'Object Repository/Final Object Repo/Page_Update Add New Employee - ASSIST/Select to Update Akta 4 Tab' is hovered

2018-12-07 09:46:35 - [MESSAGE][PASSED] - Object: 'Object Repository/Final Object Repo/Page_Update Add New Employee - ASSIST/Select to Update Akta 4 Tab' is hovered

2018-12-07 09:46:35 - [TEST_STEP][PASSED] - delay: Delayed 2 second(s)

2018-12-07 09:46:37 - [MESSAGE][PASSED] - Delayed 2 second(s)

2018-12-07 09:46:37 - [TEST_STEP][PASSED] - click: Object: 'Object Repository/Final Object Repo/Page_Update Add New Employee - ASSIST/Select to Update Add New Employee' is clicked on

2018-12-07 09:46:38 - [MESSAGE][PASSED] - Object: 'Object Repository/Final Object Repo/Page_Update Add New Employee - ASSIST/Select to Update Add New Employee' is clicked on

2018-12-07 09:46:38 - [TEST_STEP][PASSED] - delay: Delayed 2 second(s)

2018-12-07 09:46:40 - [MESSAGE][PASSED] - Delayed 2 second(s)

2018-12-07 09:46:40 - [TEST_STEP][PASSED] - setText: Text 'E1102069801V' is set on object 'Object Repository/Final Object Repo/Page_Update Add New Employee - ASSIST/Employer Code input textbox'

2018-12-07 09:46:40 - [MESSAGE][PASSED] - Text 'E1102069801V' is set on object 'Object Repository/Final Object Repo/Page_Update Add New Employee - ASSIST/Employer Code input textbox'

2018-12-07 09:46:40 - [TEST_STEP][PASSED] - delay: Delayed 2 second(s)

2018-12-07 09:46:42 - [MESSAGE][PASSED] - Delayed 2 second(s)

2018-12-07 09:46:42 - [TEST_STEP][PASSED] - click: Object: 'Object Repository/Final Object Repo/Page_Update Add New Employee - ASSIST/Search Button for Employer Code' is clicked on

2018-12-07 09:46:42 - [MESSAGE][PASSED] - Object: 'Object Repository/Final Object Repo/Page_Update Add New Employee - ASSIST/Search Button for Employer Code' is clicked on

2018-12-07 09:46:42 - [TEST_STEP][PASSED] - delay: Delayed 4 second(s)

2018-12-07 09:46:46 - [MESSAGE][PASSED] - Delayed 4 second(s)

2018-12-07 09:46:46 - [TEST_STEP][PASSED] - click: Object: 'Object Repository/Final Object Repo/Page_Update Add New Employee - ASSIST/Click to Edit Case' is clicked on

2018-12-07 09:46:49 - [MESSAGE][PASSED] - Object: 'Object Repository/Final Object Repo/Page_Update Add New Employee - ASSIST/Click to Edit Case' is clicked on

2018-12-07 09:46:49 - [TEST_STEP][PASSED] - callTestCase: Call Test Case 'Test Cases/Final Aug 2018 - PKS Automation/Registration Module/Workflow/Update Add New Employee/Template/Employee Adding/Employee Adding Action No Repeat IC' successfully

2018-12-07 09:46:49 - [TEST_CASE][PASSED] - Test Cases/Final Aug 2018 - PKS Automation/Registration Module/Workflow/Update Add New Employee/Template/Employee Adding/Employee Adding Action No Repeat IC: Test Cases/Final Aug 2018 - PKS Automation/Registration Module/Workflow/Update Add New Employee/Template/Employee Adding/Employee Adding Action No Repeat IC

2018-12-07 09:46:49 - [TEST_STEP][PASSED] - delay: Delayed 4 second(s)

2018-12-07 09:46:53 - [MESSAGE][PASSED] - Delayed 4 second(s)

2018-12-07 09:46:53 - [TEST_STEP][PASSED] - click: Object: 'Object Repository/Final Object Repo/Page_Update Add New Employee - ASSIST/Add Employee Button' is clicked on

2018-12-07 09:46:54 - [MESSAGE][PASSED] - Object: 'Object Repository/Final Object Repo/Page_Update Add New Employee - ASSIST/Add Employee Button' is clicked on

2018-12-07 09:46:54 - [TEST_STEP][PASSED] - delay: Delayed 3 second(s)

2018-12-07 09:46:57 - [MESSAGE][PASSED] - Delayed 3 second(s)

2018-12-07 09:46:57 - [TEST_STEP][PASSED] - Statement - While (com.kms.katalon.core.webui.keyword.WebUiBuiltInKeywords.verifyElementNotVisible(com.kms.katalon.core.testobject.ObjectRepository.findTestObject(Final Object Repo/Page_Update Add New Employee - ASSIST/No Duplicate Employee Cross), OPTIONAL)): Object 'Object Repository/Final Object Repo/Page_Update Add New Employee - ASSIST/No Duplicate Employee Cross' is visible

2018-12-07 09:46:57 - [MESSAGE][PASSED] - Object 'Object Repository/Final Object Repo/Page_Update Add New Employee - ASSIST/No Duplicate Employee Cross' is NOT visible

2018-12-07 09:46:57 - [TEST_STEP][PASSED] - callTestCase: Call Test Case 'Test Cases/Final Aug 2018 - PKS Automation/Common/IC Generator' successfully

2018-12-07 09:46:57 - [TEST_CASE][PASSED] - Test Cases/Final Aug 2018 - PKS Automation/Common/IC Generator: Test Cases/Final Aug 2018 - PKS Automation/Common/IC Generator

2018-12-07 09:46:57 - [TEST_STEP][PASSED] - Statement - rnd = new java.util.Random(): null

2018-12-07 09:46:57 - [TEST_STEP][PASSED] - Statement - snum = rnd.nextInt(899999 + 1) + 100000: null

2018-12-07 09:46:57 - [TEST_STEP][PASSED] - Statement - tnum = rnd.nextInt(899999 + 1) + 100000: null

2018-12-07 09:46:57 - [TEST_STEP][PASSED] - Statement - IC = java.lang.Integer.toString(snum) + java.lang.Integer.toString(tnum): null

2018-12-07 09:46:57 - [TEST_STEP][PASSED] - Statement - ICtoAdd = IC: null

2018-12-07 09:46:57 - [TEST_STEP][PASSED] - Statement - out.println(ICtoAdd): null

2018-12-07 09:46:57 - [MESSAGE][PASSED] - Call Test Case 'Test Cases/Final Aug 2018 - PKS Automation/Common/IC Generator' successfully

2018-12-07 09:46:57 - [TEST_STEP][PASSED] - delay: Delayed 1 second(s)

2018-12-07 09:46:58 - [MESSAGE][PASSED] - Delayed 1 second(s)

2018-12-07 09:46:58 - [TEST_STEP][PASSED] - setText: Text '444172747353' is set on object 'Object Repository/Final Object Repo/Page_Update Add New Employee - ASSIST/NRIC Input'

2018-12-07 09:46:58 - [MESSAGE][PASSED] - Text '444172747353' is set on object 'Object Repository/Final Object Repo/Page_Update Add New Employee - ASSIST/NRIC Input'

2018-12-07 09:46:58 - [TEST_STEP][PASSED] - delay: Delayed 2 second(s)

2018-12-07 09:47:00 - [MESSAGE][PASSED] - Delayed 2 second(s)

2018-12-07 09:47:00 - [TEST_STEP][PASSED] - click: Object: 'Object Repository/Final Object Repo/Page_Update Add New Employee - ASSIST/button for search for IC' is clicked on

2018-12-07 09:47:01 - [MESSAGE][PASSED] - Object: 'Object Repository/Final Object Repo/Page_Update Add New Employee - ASSIST/button for search for IC' is clicked on

2018-12-07 09:47:01 - [TEST_STEP][PASSED] - delay: Object 'Object Repository/Final Object Repo/Page_Update Add New Employee - ASSIST/No Duplicate Employee Cross' is visible

2018-12-07 09:47:02 - [MESSAGE][PASSED] - Delayed 1 second(s)

2018-12-07 09:47:02 - [MESSAGE][WARNING] - Object 'Object Repository/Final Object Repo/Page_Update Add New Employee - ASSIST/No Duplicate Employee Cross' is visible
[[ATTACHMENT|C:\\Users\\Admin\\Desktop\\PKS\\Perkeso Phase A\\Reports\\Workflow\\Update Add New Employee\\20181207_094611\\1544147222190.png]]

2018-12-07 09:47:02 - [TEST_STEP][PASSED] - delay: Delayed 2 second(s)

2018-12-07 09:47:04 - [MESSAGE][PASSED] - Delayed 2 second(s)

2018-12-07 09:47:04 - [TEST_STEP][PASSED] - setText: Text 'Automate002 eligible 1' is set on object 'Object Repository/Final Object Repo/Page_Update Add New Employee - ASSIST/Employee Name Input'

2018-12-07 09:47:05 - [MESSAGE][PASSED] - Text 'Automate002 eligible 1' is set on object 'Object Repository/Final Object Repo/Page_Update Add New Employee - ASSIST/Employee Name Input'

2018-12-07 09:47:05 - [TEST_STEP][PASSED] - delay: Delayed 2 second(s)

2018-12-07 09:47:07 - [MESSAGE][PASSED] - Delayed 2 second(s)

2018-12-07 09:47:07 - [TEST_STEP][PASSED] - click: Object: 'Object Repository/Final Object Repo/Page_Update Add New Employee - ASSIST/DatePicker Pop Up' is clicked on

2018-12-07 09:47:07 - [MESSAGE][PASSED] - Object: 'Object Repository/Final Object Repo/Page_Update Add New Employee - ASSIST/DatePicker Pop Up' is clicked on

2018-12-07 09:47:07 - [TEST_STEP][PASSED] - click: Object: 'Object Repository/Final Object Repo/Page_Update Add New Employee - ASSIST/DOB Month' is clicked on

2018-12-07 09:47:07 - [MESSAGE][PASSED] - Object: 'Object Repository/Final Object Repo/Page_Update Add New Employee - ASSIST/DOB Month' is clicked on

2018-12-07 09:47:07 - [TEST_STEP][PASSED] - Statement - CurrentMonth = CurrentMonth: null

2018-12-07 09:47:07 - [TEST_STEP][PASSED] - Statement - selectMonth = new com.kms.katalon.core.testobject.TestObject(): null

2018-12-07 09:47:07 - [TEST_STEP][PASSED] - Statement - selectMonth.addProperty("xpath", EQUALS, "//body/div/div/div/select/option[@value='" + CurrentMonth + "']", true): null

2018-12-07 09:47:07 - [TEST_STEP][PASSED] - click: Object: '' is clicked on

2018-12-07 09:47:07 - [MESSAGE][PASSED] - Object: '' is clicked on

2018-12-07 09:47:07 - [TEST_STEP][PASSED] - click: Object: 'Object Repository/Final Object Repo/Page_Update Add New Employee - ASSIST/DOB Year' is clicked on

2018-12-07 09:47:07 - [MESSAGE][PASSED] - Object: 'Object Repository/Final Object Repo/Page_Update Add New Employee - ASSIST/DOB Year' is clicked on

2018-12-07 09:47:07 - [TEST_STEP][PASSED] - Statement - Eyearsbf = EighteenYrsBefore: null

2018-12-07 09:47:07 - [TEST_STEP][PASSED] - Statement - selectYear = new com.kms.katalon.core.testobject.TestObject(): null

2018-12-07 09:47:07 - [TEST_STEP][PASSED] - Statement - selectYear.addProperty("xpath", EQUALS, "//div/div/div/select/option[@value='" + Eyearsbf + "']", true): null

2018-12-07 09:47:07 - [TEST_STEP][PASSED] - click: Object: '' is clicked on

2018-12-07 09:47:08 - [MESSAGE][PASSED] - Object: '' is clicked on

2018-12-07 09:47:08 - [TEST_STEP][PASSED] - Statement - UpdatedSelectDate = com.kms.katalon.core.webui.keyword.WebUiBuiltInKeywords.modifyObjectProperty(com.kms.katalon.core.testobject.ObjectRepository.findTestObject(Final Object Repo/Page_Update Add New Employee - ASSIST/DOB Date), "xpath", "equals", "//body/div/table/tbody/tr/td/a[text()="" + CurrentDate + ""]", true): Modify property of object successfully

2018-12-07 09:47:08 - [MESSAGE][PASSED] - Modify property of object successfully

2018-12-07 09:47:08 - [TEST_STEP][PASSED] - delay: Delayed 3 second(s)

2018-12-07 09:47:11 - [MESSAGE][PASSED] - Delayed 3 second(s)

2018-12-07 09:47:11 - [TEST_STEP][PASSED] - click: Object: 'Object Repository/Final Object Repo/Page_Update Add New Employee - ASSIST/DOB Date' is clicked on

2018-12-07 09:47:11 - [MESSAGE][PASSED] - Object: 'Object Repository/Final Object Repo/Page_Update Add New Employee - ASSIST/DOB Date' is clicked on

2018-12-07 09:47:11 - [TEST_STEP][PASSED] - delay: Delayed 2 second(s)

2018-12-07 09:47:13 - [MESSAGE][PASSED] - Delayed 2 second(s)

2018-12-07 09:47:13 - [TEST_STEP][PASSED] - click: Object: 'Object Repository/Final Object Repo/Page_Update Add New Employee - ASSIST/EmploymentStartDate Pop Up' is clicked on

2018-12-07 09:47:13 - [MESSAGE][PASSED] - Object: 'Object Repository/Final Object Repo/Page_Update Add New Employee - ASSIST/EmploymentStartDate Pop Up' is clicked on

2018-12-07 09:47:13 - [TEST_STEP][PASSED] - delay: Delayed 2 second(s)

2018-12-07 09:47:15 - [MESSAGE][PASSED] - Delayed 2 second(s)

2018-12-07 09:47:15 - [TEST_STEP][PASSED] - click: Object: 'Object Repository/Final Object Repo/Page_Update Add New Employee - ASSIST/Socso Employment StartDate Month' is clicked on

2018-12-07 09:47:15 - [MESSAGE][PASSED] - Object: 'Object Repository/Final Object Repo/Page_Update Add New Employee - ASSIST/Socso Employment StartDate Month' is clicked on

2018-12-07 09:47:15 - [TEST_STEP][PASSED] - delay: Delayed 1 second(s)

2018-12-07 09:47:16 - [MESSAGE][PASSED] - Delayed 1 second(s)

2018-12-07 09:47:16 - [TEST_STEP][PASSED] - click: Object: 'Object Repository/Final Object Repo/Page_Update Add New Employee - ASSIST/Select Socso Employement Startdate Month' is clicked on

2018-12-07 09:47:16 - [MESSAGE][PASSED] - Object: 'Object Repository/Final Object Repo/Page_Update Add New Employee - ASSIST/Select Socso Employement Startdate Month' is clicked on

2018-12-07 09:47:16 - [TEST_STEP][PASSED] - delay: Delayed 2 second(s)

2018-12-07 09:47:18 - [MESSAGE][PASSED] - Delayed 2 second(s)

2018-12-07 09:47:18 - [TEST_STEP][PASSED] - click: Object: 'Object Repository/Final Object Repo/Page_Update Add New Employee - ASSIST/Socso Employment StartDate Year' is clicked on

2018-12-07 09:47:19 - [MESSAGE][PASSED] - Object: 'Object Repository/Final Object Repo/Page_Update Add New Employee - ASSIST/Socso Employment StartDate Year' is clicked on

2018-12-07 09:47:19 - [TEST_STEP][PASSED] - delay: Delayed 1 second(s)

2018-12-07 09:47:20 - [MESSAGE][PASSED] - Delayed 1 second(s)

2018-12-07 09:47:20 - [TEST_STEP][PASSED] - click: Object: 'Object Repository/Final Object Repo/Page_Update Add New Employee - ASSIST/Select Socso Employment Startdate Year' is clicked on

2018-12-07 09:47:20 - [MESSAGE][PASSED] - Object: 'Object Repository/Final Object Repo/Page_Update Add New Employee - ASSIST/Select Socso Employment Startdate Year' is clicked on

2018-12-07 09:47:20 - [TEST_STEP][PASSED] - delay: Delayed 2 second(s)

2018-12-07 09:47:22 - [MESSAGE][PASSED] - Delayed 2 second(s)

2018-12-07 09:47:22 - [TEST_STEP][PASSED] - click: Object: 'Object Repository/Final Object Repo/Page_Update Add New Employee - ASSIST/Socso Employment Start Date Day' is clicked on

2018-12-07 09:47:22 - [MESSAGE][PASSED] - Object: 'Object Repository/Final Object Repo/Page_Update Add New Employee - ASSIST/Socso Employment Start Date Day' is clicked on

2018-12-07 09:47:22 - [TEST_STEP][PASSED] - delay: Delayed 2 second(s)

2018-12-07 09:47:24 - [MESSAGE][PASSED] - Delayed 2 second(s)

2018-12-07 09:47:24 - [TEST_STEP][PASSED] - click: Object: 'Object Repository/Final Object Repo/Page_Update Add New Employee - ASSIST/Save Button for Add Employee' is clicked on

2018-12-07 09:47:24 - [MESSAGE][PASSED] - Object: 'Object Repository/Final Object Repo/Page_Update Add New Employee - ASSIST/Save Button for Add Employee' is clicked on

2018-12-07 09:47:24 - [TEST_STEP][PASSED] - delay: Delayed 20 second(s)

2018-12-07 09:47:44 - [MESSAGE][PASSED] - Delayed 20 second(s)

2018-12-07 09:47:44 - [TEST_STEP][PASSED] - click: Object: 'Object Repository/Final Object Repo/Page_Update Add New Employee - ASSIST/Add Employee Button' is clicked on

2018-12-07 09:47:44 - [MESSAGE][PASSED] - Object: 'Object Repository/Final Object Repo/Page_Update Add New Employee - ASSIST/Add Employee Button' is clicked on

2018-12-07 09:47:44 - [TEST_STEP][PASSED] - delay: Delayed 4 second(s)

2018-12-07 09:47:48 - [MESSAGE][PASSED] - Delayed 4 second(s)

2018-12-07 09:47:48 - [TEST_STEP][PASSED] - Statement - While (com.kms.katalon.core.webui.keyword.WebUiBuiltInKeywords.verifyElementNotVisible(com.kms.katalon.core.testobject.ObjectRepository.findTestObject(Final Object Repo/Page_Update Add New Employee - ASSIST/No Duplicate Employee Cross), OPTIONAL)): Object 'Object Repository/Final Object Repo/Page_Update Add New Employee - ASSIST/No Duplicate Employee Cross' is visible

2018-12-07 09:47:57 - [MESSAGE][PASSED] - Object 'Object Repository/Final Object Repo/Page_Update Add New Employee - ASSIST/No Duplicate Employee Cross' is NOT visible

2018-12-07 09:47:57 - [TEST_STEP][PASSED] - callTestCase: Call Test Case 'Test Cases/Final Aug 2018 - PKS Automation/Common/IC Generator' successfully

2018-12-07 09:47:57 - [TEST_CASE][PASSED] - Test Cases/Final Aug 2018 - PKS Automation/Common/IC Generator: Test Cases/Final Aug 2018 - PKS Automation/Common/IC Generator

2018-12-07 09:47:57 - [TEST_STEP][PASSED] - Statement - rnd = new java.util.Random(): null

2018-12-07 09:47:57 - [TEST_STEP][PASSED] - Statement - snum = rnd.nextInt(899999 + 1) + 100000: null

2018-12-07 09:47:57 - [TEST_STEP][PASSED] - Statement - tnum = rnd.nextInt(899999 + 1) + 100000: null

2018-12-07 09:47:57 - [TEST_STEP][PASSED] - Statement - IC = java.lang.Integer.toString(snum) + java.lang.Integer.toString(tnum): null

2018-12-07 09:47:57 - [TEST_STEP][PASSED] - Statement - ICtoAdd = IC: null

2018-12-07 09:47:57 - [TEST_STEP][PASSED] - Statement - out.println(ICtoAdd): null

2018-12-07 09:47:57 - [MESSAGE][PASSED] - Call Test Case 'Test Cases/Final Aug 2018 - PKS Automation/Common/IC Generator' successfully

2018-12-07 09:47:57 - [TEST_STEP][PASSED] - delay: Delayed 1 second(s)

2018-12-07 09:47:58 - [MESSAGE][PASSED] - Delayed 1 second(s)

2018-12-07 09:47:58 - [TEST_STEP][PASSED] - setText: Text '479257507587' is set on object 'Object Repository/Final Object Repo/Page_Update Add New Employee - ASSIST/NRIC Input'

2018-12-07 09:47:58 - [MESSAGE][PASSED] - Text '479257507587' is set on object 'Object Repository/Final Object Repo/Page_Update Add New Employee - ASSIST/NRIC Input'

2018-12-07 09:47:58 - [TEST_STEP][PASSED] - delay: Delayed 2 second(s)

2018-12-07 09:48:00 - [MESSAGE][PASSED] - Delayed 2 second(s)

2018-12-07 09:48:00 - [TEST_STEP][PASSED] - click: Object: 'Object Repository/Final Object Repo/Page_Update Add New Employee - ASSIST/button for search for IC' is clicked on

2018-12-07 09:48:01 - [MESSAGE][PASSED] - Object: 'Object Repository/Final Object Repo/Page_Update Add New Employee - ASSIST/button for search for IC' is clicked on

2018-12-07 09:48:01 - [TEST_STEP][PASSED] - delay: Object 'Object Repository/Final Object Repo/Page_Update Add New Employee - ASSIST/No Duplicate Employee Cross' is visible

2018-12-07 09:48:02 - [MESSAGE][PASSED] - Delayed 1 second(s)

2018-12-07 09:48:02 - [MESSAGE][WARNING] - Object 'Object Repository/Final Object Repo/Page_Update Add New Employee - ASSIST/No Duplicate Employee Cross' is visible
[[ATTACHMENT|C:\\Users\\Admin\\Desktop\\PKS\\Perkeso Phase A\\Reports\\Workflow\\Update Add New Employee\\20181207_094611\\1544147282221.png]]

2018-12-07 09:48:02 - [TEST_STEP][PASSED] - delay: Delayed 2 second(s)

2018-12-07 09:48:04 - [MESSAGE][PASSED] - Delayed 2 second(s)

2018-12-07 09:48:04 - [TEST_STEP][PASSED] - setText: Text 'Automate002 eligible 2' is set on object 'Object Repository/Final Object Repo/Page_Update Add New Employee - ASSIST/Employee Name Input'

2018-12-07 09:48:05 - [MESSAGE][PASSED] - Text 'Automate002 eligible 2' is set on object 'Object Repository/Final Object Repo/Page_Update Add New Employee - ASSIST/Employee Name Input'

2018-12-07 09:48:05 - [TEST_STEP][PASSED] - delay: Delayed 3 second(s)

2018-12-07 09:48:08 - [MESSAGE][PASSED] - Delayed 3 second(s)

2018-12-07 09:48:08 - [TEST_STEP][PASSED] - click: Object: 'Object Repository/Final Object Repo/Page_Update Add New Employee - ASSIST/DatePicker Pop Up' is clicked on

2018-12-07 09:48:08 - [MESSAGE][PASSED] - Object: 'Object Repository/Final Object Repo/Page_Update Add New Employee - ASSIST/DatePicker Pop Up' is clicked on

2018-12-07 09:48:08 - [TEST_STEP][PASSED] - delay: Delayed 2 second(s)

2018-12-07 09:48:10 - [MESSAGE][PASSED] - Delayed 2 second(s)

2018-12-07 09:48:10 - [TEST_STEP][PASSED] - click: Object: 'Object Repository/Final Object Repo/Page_Update Add New Employee - ASSIST/DOB Month' is clicked on

2018-12-07 09:48:10 - [MESSAGE][PASSED] - Object: 'Object Repository/Final Object Repo/Page_Update Add New Employee - ASSIST/DOB Month' is clicked on

2018-12-07 09:48:10 - [TEST_STEP][PASSED] - Statement - selectMonth = com.kms.katalon.core.webui.keyword.WebUiBuiltInKeywords.modifyObjectProperty(selectMonth, "xpath", "equals", "//body/div/div/div/select/option[@value="" + CurrentMonth + ""]", true): Modify property of object successfully

2018-12-07 09:48:10 - [MESSAGE][PASSED] - Modify property of object successfully

2018-12-07 09:48:10 - [TEST_STEP][PASSED] - click: Object: '' is clicked on

2018-12-07 09:48:10 - [MESSAGE][PASSED] - Object: '' is clicked on

2018-12-07 09:48:10 - [TEST_STEP][PASSED] - delay: Delayed 2 second(s)

2018-12-07 09:48:12 - [MESSAGE][PASSED] - Delayed 2 second(s)

2018-12-07 09:48:12 - [TEST_STEP][PASSED] - click: Object: 'Object Repository/Final Object Repo/Page_Update Add New Employee - ASSIST/DOB Year' is clicked on

2018-12-07 09:48:12 - [MESSAGE][PASSED] - Object: 'Object Repository/Final Object Repo/Page_Update Add New Employee - ASSIST/DOB Year' is clicked on

2018-12-07 09:48:12 - [TEST_STEP][PASSED] - Statement - selectYear = com.kms.katalon.core.webui.keyword.WebUiBuiltInKeywords.modifyObjectProperty(selectYear, "xpath", "equals", "//div/div/div/select/option[@value="" + FiftysevenYrsBefore + ""]", true): Modify property of object successfully

2018-12-07 09:48:12 - [MESSAGE][PASSED] - Modify property of object successfully

2018-12-07 09:48:12 - [TEST_STEP][PASSED] - click: Object: '' is clicked on

2018-12-07 09:48:13 - [MESSAGE][PASSED] - Object: '' is clicked on

2018-12-07 09:48:13 - [TEST_STEP][PASSED] - delay: Delayed 2 second(s)

2018-12-07 09:48:15 - [MESSAGE][PASSED] - Delayed 2 second(s)

2018-12-07 09:48:15 - [TEST_STEP][PASSED] - Statement - UpdatedSelectDate = com.kms.katalon.core.webui.keyword.WebUiBuiltInKeywords.modifyObjectProperty(com.kms.katalon.core.testobject.ObjectRepository.findTestObject(Final Object Repo/Page_Update Add New Employee - ASSIST/DOB Date), "xpath", "equals", "//body/div/table/tbody/tr/td/a[text()="" + OneDayBefore + ""]", true): Modify property of object successfully

2018-12-07 09:48:15 - [MESSAGE][PASSED] - Modify property of object successfully

2018-12-07 09:48:15 - [TEST_STEP][PASSED] - click: Object: 'Object Repository/Final Object Repo/Page_Update Add New Employee - ASSIST/DOB Date' is clicked on

2018-12-07 09:48:15 - [MESSAGE][PASSED] - Object: 'Object Repository/Final Object Repo/Page_Update Add New Employee - ASSIST/DOB Date' is clicked on

2018-12-07 09:48:15 - [TEST_STEP][PASSED] - delay: Delayed 2 second(s)

2018-12-07 09:48:17 - [MESSAGE][PASSED] - Delayed 2 second(s)

2018-12-07 09:48:17 - [TEST_STEP][PASSED] - click: Object: 'Object Repository/Final Object Repo/Page_Update Add New Employee - ASSIST/EmploymentStartDate Pop Up' is clicked on

2018-12-07 09:48:17 - [MESSAGE][PASSED] - Object: 'Object Repository/Final Object Repo/Page_Update Add New Employee - ASSIST/EmploymentStartDate Pop Up' is clicked on

2018-12-07 09:48:17 - [TEST_STEP][PASSED] - delay: Delayed 2 second(s)

2018-12-07 09:48:19 - [MESSAGE][PASSED] - Delayed 2 second(s)

2018-12-07 09:48:19 - [TEST_STEP][PASSED] - click: Object: 'Object Repository/Final Object Repo/Page_Update Add New Employee - ASSIST/Socso Employment StartDate Month' is clicked on

2018-12-07 09:48:19 - [MESSAGE][PASSED] - Object: 'Object Repository/Final Object Repo/Page_Update Add New Employee - ASSIST/Socso Employment StartDate Month' is clicked on

2018-12-07 09:48:19 - [TEST_STEP][PASSED] - delay: Delayed 1 second(s)

2018-12-07 09:48:20 - [MESSAGE][PASSED] - Delayed 1 second(s)

2018-12-07 09:48:20 - [TEST_STEP][PASSED] - click: Object: 'Object Repository/Final Object Repo/Page_Update Add New Employee - ASSIST/Select Socso Employement Startdate Month' is clicked on

2018-12-07 09:48:20 - [MESSAGE][PASSED] - Object: 'Object Repository/Final Object Repo/Page_Update Add New Employee - ASSIST/Select Socso Employement Startdate Month' is clicked on

2018-12-07 09:48:20 - [TEST_STEP][PASSED] - delay: Delayed 2 second(s)

2018-12-07 09:48:22 - [MESSAGE][PASSED] - Delayed 2 second(s)

2018-12-07 09:48:22 - [TEST_STEP][PASSED] - click: Object: 'Object Repository/Final Object Repo/Page_Update Add New Employee - ASSIST/Socso Employment StartDate Year' is clicked on

2018-12-07 09:48:22 - [MESSAGE][PASSED] - Object: 'Object Repository/Final Object Repo/Page_Update Add New Employee - ASSIST/Socso Employment StartDate Year' is clicked on

2018-12-07 09:48:22 - [TEST_STEP][PASSED] - delay: Delayed 1 second(s)

2018-12-07 09:48:23 - [MESSAGE][PASSED] - Delayed 1 second(s)

2018-12-07 09:48:23 - [TEST_STEP][PASSED] - click: Object: 'Object Repository/Final Object Repo/Page_Update Add New Employee - ASSIST/Select Socso Employment Startdate Year' is clicked on

2018-12-07 09:48:24 - [MESSAGE][PASSED] - Object: 'Object Repository/Final Object Repo/Page_Update Add New Employee - ASSIST/Select Socso Employment Startdate Year' is clicked on

2018-12-07 09:48:24 - [TEST_STEP][PASSED] - delay: Delayed 2 second(s)

2018-12-07 09:48:26 - [MESSAGE][PASSED] - Delayed 2 second(s)

2018-12-07 09:48:26 - [TEST_STEP][PASSED] - click: Object: 'Object Repository/Final Object Repo/Page_Update Add New Employee - ASSIST/Socso Employment Start Date Day' is clicked on

2018-12-07 09:48:26 - [MESSAGE][PASSED] - Object: 'Object Repository/Final Object Repo/Page_Update Add New Employee - ASSIST/Socso Employment Start Date Day' is clicked on

2018-12-07 09:48:26 - [TEST_STEP][PASSED] - delay: Delayed 2 second(s)

2018-12-07 09:48:28 - [MESSAGE][PASSED] - Delayed 2 second(s)

2018-12-07 09:48:28 - [TEST_STEP][PASSED] - click: Object: 'Object Repository/Final Object Repo/Page_Update Add New Employee - ASSIST/Save Button for Add Employee' is clicked on

2018-12-07 09:48:28 - [MESSAGE][PASSED] - Object: 'Object Repository/Final Object Repo/Page_Update Add New Employee - ASSIST/Save Button for Add Employee' is clicked on

2018-12-07 09:48:28 - [TEST_STEP][PASSED] - delay: Delayed 20 second(s)

2018-12-07 09:48:48 - [MESSAGE][PASSED] - Delayed 20 second(s)

2018-12-07 09:48:48 - [TEST_STEP][PASSED] - waitForElementClickable: Object 'Object Repository/Final Object Repo/Page_Update Add New Employee - ASSIST/Add Employee Button' is clickable

2018-12-07 09:48:48 - [MESSAGE][PASSED] - Object 'Object Repository/Final Object Repo/Page_Update Add New Employee - ASSIST/Add Employee Button' is clickable

2018-12-07 09:48:48 - [TEST_STEP][PASSED] - click: Object: 'Object Repository/Final Object Repo/Page_Update Add New Employee - ASSIST/Add Employee Button' is clicked on

2018-12-07 09:48:48 - [MESSAGE][PASSED] - Object: 'Object Repository/Final Object Repo/Page_Update Add New Employee - ASSIST/Add Employee Button' is clicked on

2018-12-07 09:48:48 - [TEST_STEP][PASSED] - delay: Delayed 4 second(s)

2018-12-07 09:48:52 - [MESSAGE][PASSED] - Delayed 4 second(s)

2018-12-07 09:48:52 - [TEST_STEP][PASSED] - Statement - While (com.kms.katalon.core.webui.keyword.WebUiBuiltInKeywords.verifyElementNotVisible(com.kms.katalon.core.testobject.ObjectRepository.findTestObject(Final Object Repo/Page_Update Add New Employee - ASSIST/No Duplicate Employee Cross), OPTIONAL)): Object 'Object Repository/Final Object Repo/Page_Update Add New Employee - ASSIST/No Duplicate Employee Cross' is visible

2018-12-07 09:48:52 - [MESSAGE][PASSED] - Object 'Object Repository/Final Object Repo/Page_Update Add New Employee - ASSIST/No Duplicate Employee Cross' is NOT visible

2018-12-07 09:48:52 - [TEST_STEP][PASSED] - callTestCase: Call Test Case 'Test Cases/Final Aug 2018 - PKS Automation/Common/IC Generator' successfully

2018-12-07 09:48:52 - [TEST_CASE][PASSED] - Test Cases/Final Aug 2018 - PKS Automation/Common/IC Generator: Test Cases/Final Aug 2018 - PKS Automation/Common/IC Generator

2018-12-07 09:48:52 - [TEST_STEP][PASSED] - Statement - rnd = new java.util.Random(): null

2018-12-07 09:48:52 - [TEST_STEP][PASSED] - Statement - snum = rnd.nextInt(899999 + 1) + 100000: null

2018-12-07 09:48:52 - [TEST_STEP][PASSED] - Statement - tnum = rnd.nextInt(899999 + 1) + 100000: null

2018-12-07 09:48:52 - [TEST_STEP][PASSED] - Statement - IC = java.lang.Integer.toString(snum) + java.lang.Integer.toString(tnum): null

2018-12-07 09:48:52 - [TEST_STEP][PASSED] - Statement - ICtoAdd = IC: null

2018-12-07 09:48:52 - [TEST_STEP][PASSED] - Statement - out.println(ICtoAdd): null

2018-12-07 09:48:52 - [MESSAGE][PASSED] - Call Test Case 'Test Cases/Final Aug 2018 - PKS Automation/Common/IC Generator' successfully

2018-12-07 09:48:52 - [TEST_STEP][PASSED] - delay: Delayed 1 second(s)

2018-12-07 09:48:53 - [MESSAGE][PASSED] - Delayed 1 second(s)

2018-12-07 09:48:53 - [TEST_STEP][PASSED] - setText: Text '810893737118' is set on object 'Object Repository/Final Object Repo/Page_Update Add New Employee - ASSIST/NRIC Input'

2018-12-07 09:48:54 - [MESSAGE][PASSED] - Text '810893737118' is set on object 'Object Repository/Final Object Repo/Page_Update Add New Employee - ASSIST/NRIC Input'

2018-12-07 09:48:54 - [TEST_STEP][PASSED] - delay: Delayed 2 second(s)

2018-12-07 09:48:56 - [MESSAGE][PASSED] - Delayed 2 second(s)

2018-12-07 09:48:56 - [TEST_STEP][PASSED] - click: Object: 'Object Repository/Final Object Repo/Page_Update Add New Employee - ASSIST/button for search for IC' is clicked on

2018-12-07 09:48:56 - [MESSAGE][PASSED] - Object: 'Object Repository/Final Object Repo/Page_Update Add New Employee - ASSIST/button for search for IC' is clicked on

2018-12-07 09:48:56 - [TEST_STEP][PASSED] - delay: Object 'Object Repository/Final Object Repo/Page_Update Add New Employee - ASSIST/No Duplicate Employee Cross' is visible

2018-12-07 09:48:57 - [MESSAGE][PASSED] - Delayed 1 second(s)

2018-12-07 09:48:57 - [MESSAGE][WARNING] - Object 'Object Repository/Final Object Repo/Page_Update Add New Employee - ASSIST/No Duplicate Employee Cross' is visible
[[ATTACHMENT|C:\\Users\\Admin\\Desktop\\PKS\\Perkeso Phase A\\Reports\\Workflow\\Update Add New Employee\\20181207_094611\\1544147337624.png]]

2018-12-07 09:48:57 - [TEST_STEP][PASSED] - delay: Delayed 2 second(s)

2018-12-07 09:48:59 - [MESSAGE][PASSED] - Delayed 2 second(s)

2018-12-07 09:48:59 - [TEST_STEP][PASSED] - setText: Text 'Automate002 not eligible 1' is set on object 'Object Repository/Final Object Repo/Page_Update Add New Employee - ASSIST/Employee Name Input'

2018-12-07 09:49:00 - [MESSAGE][PASSED] - Text 'Automate002 not eligible 1' is set on object 'Object Repository/Final Object Repo/Page_Update Add New Employee - ASSIST/Employee Name Input'

2018-12-07 09:49:00 - [TEST_STEP][PASSED] - delay: Delayed 2 second(s)

2018-12-07 09:49:02 - [MESSAGE][PASSED] - Delayed 2 second(s)

2018-12-07 09:49:02 - [TEST_STEP][PASSED] - click: Object: 'Object Repository/Final Object Repo/Page_Update Add New Employee - ASSIST/DatePicker Pop Up' is clicked on

2018-12-07 09:49:02 - [MESSAGE][PASSED] - Object: 'Object Repository/Final Object Repo/Page_Update Add New Employee - ASSIST/DatePicker Pop Up' is clicked on

2018-12-07 09:49:02 - [TEST_STEP][PASSED] - delay: Delayed 2 second(s)

2018-12-07 09:49:04 - [MESSAGE][PASSED] - Delayed 2 second(s)

2018-12-07 09:49:04 - [TEST_STEP][PASSED] - click: Object: 'Object Repository/Final Object Repo/Page_Update Add New Employee - ASSIST/DOB Month' is clicked on

2018-12-07 09:49:04 - [MESSAGE][PASSED] - Object: 'Object Repository/Final Object Repo/Page_Update Add New Employee - ASSIST/DOB Month' is clicked on

2018-12-07 09:49:04 - [TEST_STEP][PASSED] - Statement - selectMonth = com.kms.katalon.core.webui.keyword.WebUiBuiltInKeywords.modifyObjectProperty(selectMonth, "xpath", "equals", "//body/div/div/div/select/option[@value="" + CurrentMonth + ""]", true): Modify property of object successfully

2018-12-07 09:49:04 - [MESSAGE][PASSED] - Modify property of object successfully

2018-12-07 09:49:04 - [TEST_STEP][PASSED] - click: Object: '' is clicked on

2018-12-07 09:49:05 - [MESSAGE][PASSED] - Object: '' is clicked on

2018-12-07 09:49:05 - [TEST_STEP][PASSED] - delay: Delayed 2 second(s)

2018-12-07 09:49:07 - [MESSAGE][PASSED] - Delayed 2 second(s)

2018-12-07 09:49:07 - [TEST_STEP][PASSED] - click: Object: 'Object Repository/Final Object Repo/Page_Update Add New Employee - ASSIST/DOB Year' is clicked on

2018-12-07 09:49:07 - [MESSAGE][PASSED] - Object: 'Object Repository/Final Object Repo/Page_Update Add New Employee - ASSIST/DOB Year' is clicked on

2018-12-07 09:49:07 - [TEST_STEP][PASSED] - Statement - selectYear = com.kms.katalon.core.webui.keyword.WebUiBuiltInKeywords.modifyObjectProperty(selectYear, "xpath", "equals", "//div/div/div/select/option[@value="" + EighteenYrsBefore + ""]", true): Modify property of object successfully

2018-12-07 09:49:07 - [MESSAGE][PASSED] - Modify property of object successfully

2018-12-07 09:49:07 - [TEST_STEP][PASSED] - click: Object: '' is clicked on

2018-12-07 09:49:07 - [MESSAGE][PASSED] - Object: '' is clicked on

2018-12-07 09:49:07 - [TEST_STEP][PASSED] - delay: Delayed 2 second(s)

2018-12-07 09:49:09 - [MESSAGE][PASSED] - Delayed 2 second(s)

2018-12-07 09:49:09 - [TEST_STEP][PASSED] - Statement - UpdatedSelectDate = com.kms.katalon.core.webui.keyword.WebUiBuiltInKeywords.modifyObjectProperty(com.kms.katalon.core.testobject.ObjectRepository.findTestObject(Final Object Repo/Page_Update Add New Employee - ASSIST/DOB Date), "xpath", "equals", "//body/div/table/tbody/tr/td/a[text()="" + OneDayBefore + ""]", true): Modify property of object successfully

2018-12-07 09:49:09 - [MESSAGE][PASSED] - Modify property of object successfully

2018-12-07 09:49:09 - [TEST_STEP][PASSED] - click: Object: 'Object Repository/Final Object Repo/Page_Update Add New Employee - ASSIST/DOB Date' is clicked on

2018-12-07 09:49:09 - [MESSAGE][PASSED] - Object: 'Object Repository/Final Object Repo/Page_Update Add New Employee - ASSIST/DOB Date' is clicked on

2018-12-07 09:49:09 - [TEST_STEP][PASSED] - delay: Delayed 2 second(s)

2018-12-07 09:49:11 - [MESSAGE][PASSED] - Delayed 2 second(s)

2018-12-07 09:49:11 - [TEST_STEP][PASSED] - click: Object: 'Object Repository/Final Object Repo/Page_Update Add New Employee - ASSIST/EmploymentStartDate Pop Up' is clicked on

2018-12-07 09:49:11 - [MESSAGE][PASSED] - Object: 'Object Repository/Final Object Repo/Page_Update Add New Employee - ASSIST/EmploymentStartDate Pop Up' is clicked on

2018-12-07 09:49:11 - [TEST_STEP][PASSED] - delay: Delayed 2 second(s)

2018-12-07 09:49:13 - [MESSAGE][PASSED] - Delayed 2 second(s)

2018-12-07 09:49:13 - [TEST_STEP][PASSED] - click: Object: 'Object Repository/Final Object Repo/Page_Update Add New Employee - ASSIST/Socso Employment StartDate Month' is clicked on

2018-12-07 09:49:14 - [MESSAGE][PASSED] - Object: 'Object Repository/Final Object Repo/Page_Update Add New Employee - ASSIST/Socso Employment StartDate Month' is clicked on

2018-12-07 09:49:14 - [TEST_STEP][PASSED] - delay: Delayed 1 second(s)

2018-12-07 09:49:15 - [MESSAGE][PASSED] - Delayed 1 second(s)

2018-12-07 09:49:15 - [TEST_STEP][PASSED] - click: Object: 'Object Repository/Final Object Repo/Page_Update Add New Employee - ASSIST/Select Socso Employement Startdate Month' is clicked on

2018-12-07 09:49:15 - [MESSAGE][PASSED] - Object: 'Object Repository/Final Object Repo/Page_Update Add New Employee - ASSIST/Select Socso Employement Startdate Month' is clicked on

2018-12-07 09:49:15 - [TEST_STEP][PASSED] - delay: Delayed 2 second(s)

2018-12-07 09:49:17 - [MESSAGE][PASSED] - Delayed 2 second(s)

2018-12-07 09:49:17 - [TEST_STEP][PASSED] - click: Object: 'Object Repository/Final Object Repo/Page_Update Add New Employee - ASSIST/Socso Employment StartDate Year' is clicked on

2018-12-07 09:49:17 - [MESSAGE][PASSED] - Object: 'Object Repository/Final Object Repo/Page_Update Add New Employee - ASSIST/Socso Employment StartDate Year' is clicked on

2018-12-07 09:49:17 - [TEST_STEP][PASSED] - delay: Delayed 1 second(s)

2018-12-07 09:49:18 - [MESSAGE][PASSED] - Delayed 1 second(s)

2018-12-07 09:49:18 - [TEST_STEP][PASSED] - click: Object: 'Object Repository/Final Object Repo/Page_Update Add New Employee - ASSIST/Select Socso Employment Startdate Year' is clicked on

2018-12-07 09:49:18 - [MESSAGE][PASSED] - Object: 'Object Repository/Final Object Repo/Page_Update Add New Employee - ASSIST/Select Socso Employment Startdate Year' is clicked on

2018-12-07 09:49:18 - [TEST_STEP][PASSED] - delay: Delayed 2 second(s)

2018-12-07 09:49:20 - [MESSAGE][PASSED] - Delayed 2 second(s)

2018-12-07 09:49:20 - [TEST_STEP][PASSED] - click: Object: 'Object Repository/Final Object Repo/Page_Update Add New Employee - ASSIST/Socso Employment Start Date Day' is clicked on

2018-12-07 09:49:20 - [MESSAGE][PASSED] - Object: 'Object Repository/Final Object Repo/Page_Update Add New Employee - ASSIST/Socso Employment Start Date Day' is clicked on

2018-12-07 09:49:20 - [TEST_STEP][PASSED] - delay: Delayed 2 second(s)

2018-12-07 09:49:22 - [MESSAGE][PASSED] - Delayed 2 second(s)

2018-12-07 09:49:22 - [TEST_STEP][PASSED] - click: Object: 'Object Repository/Final Object Repo/Page_Update Add New Employee - ASSIST/Save Button for Add Employee' is clicked on

2018-12-07 09:49:22 - [MESSAGE][PASSED] - Object: 'Object Repository/Final Object Repo/Page_Update Add New Employee - ASSIST/Save Button for Add Employee' is clicked on

2018-12-07 09:49:22 - [TEST_STEP][PASSED] - delay: Delayed 20 second(s)

2018-12-07 09:49:42 - [MESSAGE][PASSED] - Delayed 20 second(s)

2018-12-07 09:49:42 - [TEST_STEP][PASSED] - click: Object: 'Object Repository/Final Object Repo/Page_Update Add New Employee - ASSIST/Add Employee Button' is clicked on

2018-12-07 09:49:43 - [MESSAGE][PASSED] - Object: 'Object Repository/Final Object Repo/Page_Update Add New Employee - ASSIST/Add Employee Button' is clicked on

2018-12-07 09:49:43 - [TEST_STEP][PASSED] - delay: Delayed 4 second(s)

2018-12-07 09:49:47 - [MESSAGE][PASSED] - Delayed 4 second(s)

2018-12-07 09:49:47 - [TEST_STEP][PASSED] - Statement - While (com.kms.katalon.core.webui.keyword.WebUiBuiltInKeywords.verifyElementNotVisible(com.kms.katalon.core.testobject.ObjectRepository.findTestObject(Final Object Repo/Page_Update Add New Employee - ASSIST/No Duplicate Employee Cross), OPTIONAL)): Object 'Object Repository/Final Object Repo/Page_Update Add New Employee - ASSIST/No Duplicate Employee Cross' is visible

2018-12-07 09:49:47 - [MESSAGE][PASSED] - Object 'Object Repository/Final Object Repo/Page_Update Add New Employee - ASSIST/No Duplicate Employee Cross' is NOT visible

2018-12-07 09:49:47 - [TEST_STEP][PASSED] - callTestCase: Call Test Case 'Test Cases/Final Aug 2018 - PKS Automation/Common/IC Generator' successfully

2018-12-07 09:49:47 - [TEST_CASE][PASSED] - Test Cases/Final Aug 2018 - PKS Automation/Common/IC Generator: Test Cases/Final Aug 2018 - PKS Automation/Common/IC Generator

2018-12-07 09:49:47 - [TEST_STEP][PASSED] - Statement - rnd = new java.util.Random(): null

2018-12-07 09:49:47 - [TEST_STEP][PASSED] - Statement - snum = rnd.nextInt(899999 + 1) + 100000: null

2018-12-07 09:49:47 - [TEST_STEP][PASSED] - Statement - tnum = rnd.nextInt(899999 + 1) + 100000: null

2018-12-07 09:49:47 - [TEST_STEP][PASSED] - Statement - IC = java.lang.Integer.toString(snum) + java.lang.Integer.toString(tnum): null

2018-12-07 09:49:47 - [TEST_STEP][PASSED] - Statement - ICtoAdd = IC: null

2018-12-07 09:49:47 - [TEST_STEP][PASSED] - Statement - out.println(ICtoAdd): null

2018-12-07 09:49:47 - [MESSAGE][PASSED] - Call Test Case 'Test Cases/Final Aug 2018 - PKS Automation/Common/IC Generator' successfully

2018-12-07 09:49:47 - [TEST_STEP][PASSED] - delay: Delayed 1 second(s)

2018-12-07 09:49:48 - [MESSAGE][PASSED] - Delayed 1 second(s)

2018-12-07 09:49:48 - [TEST_STEP][PASSED] - setText: Text '174732907117' is set on object 'Object Repository/Final Object Repo/Page_Update Add New Employee - ASSIST/NRIC Input'

2018-12-07 09:49:48 - [MESSAGE][PASSED] - Text '174732907117' is set on object 'Object Repository/Final Object Repo/Page_Update Add New Employee - ASSIST/NRIC Input'

2018-12-07 09:49:48 - [TEST_STEP][PASSED] - delay: Delayed 2 second(s)

2018-12-07 09:49:50 - [MESSAGE][PASSED] - Delayed 2 second(s)

2018-12-07 09:49:50 - [TEST_STEP][PASSED] - click: Object: 'Object Repository/Final Object Repo/Page_Update Add New Employee - ASSIST/button for search for IC' is clicked on

2018-12-07 09:49:50 - [MESSAGE][PASSED] - Object: 'Object Repository/Final Object Repo/Page_Update Add New Employee - ASSIST/button for search for IC' is clicked on

2018-12-07 09:49:50 - [TEST_STEP][PASSED] - delay: Object 'Object Repository/Final Object Repo/Page_Update Add New Employee - ASSIST/No Duplicate Employee Cross' is visible

2018-12-07 09:49:51 - [MESSAGE][PASSED] - Delayed 1 second(s)

2018-12-07 09:49:52 - [MESSAGE][WARNING] - Object 'Object Repository/Final Object Repo/Page_Update Add New Employee - ASSIST/No Duplicate Employee Cross' is visible
[[ATTACHMENT|C:\\Users\\Admin\\Desktop\\PKS\\Perkeso Phase A\\Reports\\Workflow\\Update Add New Employee\\20181207_094611\\1544147391969.png]]

2018-12-07 09:49:52 - [TEST_STEP][PASSED] - delay: Delayed 2 second(s)

2018-12-07 09:49:54 - [MESSAGE][PASSED] - Delayed 2 second(s)

2018-12-07 09:49:54 - [TEST_STEP][PASSED] - setText: Text 'Automate002 not eligible 2' is set on object 'Object Repository/Final Object Repo/Page_Update Add New Employee - ASSIST/Employee Name Input'

2018-12-07 09:49:54 - [MESSAGE][PASSED] - Text 'Automate002 not eligible 2' is set on object 'Object Repository/Final Object Repo/Page_Update Add New Employee - ASSIST/Employee Name Input'

2018-12-07 09:49:54 - [TEST_STEP][PASSED] - delay: Delayed 2 second(s)

2018-12-07 09:49:56 - [MESSAGE][PASSED] - Delayed 2 second(s)

2018-12-07 09:49:56 - [TEST_STEP][PASSED] - click: Object: 'Object Repository/Final Object Repo/Page_Update Add New Employee - ASSIST/DatePicker Pop Up' is clicked on

2018-12-07 09:49:57 - [MESSAGE][PASSED] - Object: 'Object Repository/Final Object Repo/Page_Update Add New Employee - ASSIST/DatePicker Pop Up' is clicked on

2018-12-07 09:49:57 - [TEST_STEP][PASSED] - delay: Delayed 2 second(s)

2018-12-07 09:49:59 - [MESSAGE][PASSED] - Delayed 2 second(s)

2018-12-07 09:49:59 - [TEST_STEP][PASSED] - click: Object: 'Object Repository/Final Object Repo/Page_Update Add New Employee - ASSIST/DOB Month' is clicked on

2018-12-07 09:49:59 - [MESSAGE][PASSED] - Object: 'Object Repository/Final Object Repo/Page_Update Add New Employee - ASSIST/DOB Month' is clicked on

2018-12-07 09:49:59 - [TEST_STEP][PASSED] - Statement - selectMonth = com.kms.katalon.core.webui.keyword.WebUiBuiltInKeywords.modifyObjectProperty(selectMonth, "xpath", "equals", "//body/div/div/div/select/option[@value="" + CurrentMonth + ""]", true): Modify property of object successfully

2018-12-07 09:49:59 - [MESSAGE][PASSED] - Modify property of object successfully

2018-12-07 09:49:59 - [TEST_STEP][PASSED] - click: Object: '' is clicked on

2018-12-07 09:49:59 - [MESSAGE][PASSED] - Object: '' is clicked on

2018-12-07 09:49:59 - [TEST_STEP][PASSED] - delay: Delayed 2 second(s)

2018-12-07 09:50:01 - [MESSAGE][PASSED] - Delayed 2 second(s)

2018-12-07 09:50:01 - [TEST_STEP][PASSED] - click: Object: 'Object Repository/Final Object Repo/Page_Update Add New Employee - ASSIST/DOB Year' is clicked on

2018-12-07 09:50:01 - [MESSAGE][PASSED] - Object: 'Object Repository/Final Object Repo/Page_Update Add New Employee - ASSIST/DOB Year' is clicked on

2018-12-07 09:50:01 - [TEST_STEP][PASSED] - Statement - selectYear = com.kms.katalon.core.webui.keyword.WebUiBuiltInKeywords.modifyObjectProperty(selectYear, "xpath", "equals", "//div/div/div/select/option[@value="" + FiftysevenYrsBefore + ""]", true): Modify property of object successfully

2018-12-07 09:50:01 - [MESSAGE][PASSED] - Modify property of object successfully

2018-12-07 09:50:01 - [TEST_STEP][PASSED] - click: Object: '' is clicked on

2018-12-07 09:50:01 - [MESSAGE][PASSED] - Object: '' is clicked on

2018-12-07 09:50:01 - [TEST_STEP][PASSED] - delay: Delayed 2 second(s)

2018-12-07 09:50:03 - [MESSAGE][PASSED] - Delayed 2 second(s)

2018-12-07 09:50:03 - [TEST_STEP][PASSED] - Statement - UpdatedSelectDate = com.kms.katalon.core.webui.keyword.WebUiBuiltInKeywords.modifyObjectProperty(com.kms.katalon.core.testobject.ObjectRepository.findTestObject(Final Object Repo/Page_Update Add New Employee - ASSIST/DOB Date), "xpath", "equals", "//body/div/table/tbody/tr/td/a[text()="" + CurrentDate + ""]", true): Modify property of object successfully

2018-12-07 09:50:03 - [MESSAGE][PASSED] - Modify property of object successfully

2018-12-07 09:50:03 - [TEST_STEP][PASSED] - click: Object: 'Object Repository/Final Object Repo/Page_Update Add New Employee - ASSIST/DOB Date' is clicked on

2018-12-07 09:50:03 - [MESSAGE][PASSED] - Object: 'Object Repository/Final Object Repo/Page_Update Add New Employee - ASSIST/DOB Date' is clicked on

2018-12-07 09:50:03 - [TEST_STEP][PASSED] - click: Object: 'Object Repository/Final Object Repo/Page_Update Add New Employee - ASSIST/EmploymentStartDate Pop Up' is clicked on

2018-12-07 09:50:04 - [MESSAGE][PASSED] - Object: 'Object Repository/Final Object Repo/Page_Update Add New Employee - ASSIST/EmploymentStartDate Pop Up' is clicked on

2018-12-07 09:50:04 - [TEST_STEP][PASSED] - delay: Delayed 2 second(s)

2018-12-07 09:50:06 - [MESSAGE][PASSED] - Delayed 2 second(s)

2018-12-07 09:50:06 - [TEST_STEP][PASSED] - click: Object: 'Object Repository/Final Object Repo/Page_Update Add New Employee - ASSIST/Socso Employment StartDate Month' is clicked on

2018-12-07 09:50:06 - [MESSAGE][PASSED] - Object: 'Object Repository/Final Object Repo/Page_Update Add New Employee - ASSIST/Socso Employment StartDate Month' is clicked on

2018-12-07 09:50:06 - [TEST_STEP][PASSED] - delay: Delayed 1 second(s)

2018-12-07 09:50:07 - [MESSAGE][PASSED] - Delayed 1 second(s)

2018-12-07 09:50:07 - [TEST_STEP][PASSED] - click: Object: 'Object Repository/Final Object Repo/Page_Update Add New Employee - ASSIST/Select Socso Employement Startdate Month' is clicked on

2018-12-07 09:50:07 - [MESSAGE][PASSED] - Object: 'Object Repository/Final Object Repo/Page_Update Add New Employee - ASSIST/Select Socso Employement Startdate Month' is clicked on

2018-12-07 09:50:07 - [TEST_STEP][PASSED] - delay: Delayed 2 second(s)

2018-12-07 09:50:09 - [MESSAGE][PASSED] - Delayed 2 second(s)

2018-12-07 09:50:09 - [TEST_STEP][PASSED] - click: Object: 'Object Repository/Final Object Repo/Page_Update Add New Employee - ASSIST/Socso Employment StartDate Year' is clicked on

2018-12-07 09:50:09 - [MESSAGE][PASSED] - Object: 'Object Repository/Final Object Repo/Page_Update Add New Employee - ASSIST/Socso Employment StartDate Year' is clicked on

2018-12-07 09:50:09 - [TEST_STEP][PASSED] - delay: Delayed 1 second(s)

2018-12-07 09:50:10 - [MESSAGE][PASSED] - Delayed 1 second(s)

2018-12-07 09:50:10 - [TEST_STEP][PASSED] - click: Object: 'Object Repository/Final Object Repo/Page_Update Add New Employee - ASSIST/Select Socso Employment Startdate Year' is clicked on

2018-12-07 09:50:10 - [MESSAGE][PASSED] - Object: 'Object Repository/Final Object Repo/Page_Update Add New Employee - ASSIST/Select Socso Employment Startdate Year' is clicked on

2018-12-07 09:50:10 - [TEST_STEP][PASSED] - delay: Delayed 2 second(s)

2018-12-07 09:50:12 - [MESSAGE][PASSED] - Delayed 2 second(s)

2018-12-07 09:50:12 - [TEST_STEP][PASSED] - click: Object: 'Object Repository/Final Object Repo/Page_Update Add New Employee - ASSIST/Socso Employment Start Date Day' is clicked on

2018-12-07 09:50:13 - [MESSAGE][PASSED] - Object: 'Object Repository/Final Object Repo/Page_Update Add New Employee - ASSIST/Socso Employment Start Date Day' is clicked on

2018-12-07 09:50:13 - [TEST_STEP][PASSED] - delay: Delayed 2 second(s)

2018-12-07 09:50:15 - [MESSAGE][PASSED] - Delayed 2 second(s)

2018-12-07 09:50:15 - [TEST_STEP][PASSED] - click: Object: 'Object Repository/Final Object Repo/Page_Update Add New Employee - ASSIST/Save Button for Add Employee' is clicked on

2018-12-07 09:50:15 - [MESSAGE][PASSED] - Object: 'Object Repository/Final Object Repo/Page_Update Add New Employee - ASSIST/Save Button for Add Employee' is clicked on

2018-12-07 09:50:15 - [MESSAGE][PASSED] - Call Test Case 'Test Cases/Final Aug 2018 - PKS Automation/Registration Module/Workflow/Update Add New Employee/Template/Employee Adding/Employee Adding Action No Repeat IC' successfully

2018-12-07 09:50:15 - [TEST_STEP][PASSED] - delay: Delayed 4 second(s)

2018-12-07 09:50:19 - [MESSAGE][PASSED] - Delayed 4 second(s)

2018-12-07 09:50:19 - [TEST_STEP][PASSED] - Statement - CaseReferenceNo = com.kms.katalon.core.webui.keyword.WebUiBuiltInKeywords.getText(com.kms.katalon.core.testobject.ObjectRepository.findTestObject(Final Object Repo/Page_Update Add New Employee - ASSIST/RefNo)): Text of object 'Object Repository/Final Object Repo/Page_Update Add New Employee - ASSIST/RefNo' is: 'CAN12201800002278'

2018-12-07 09:50:19 - [MESSAGE][PASSED] - Text of object 'Object Repository/Final Object Repo/Page_Update Add New Employee - ASSIST/RefNo' is: 'CAN12201800002278'

2018-12-07 09:50:19 - [TEST_STEP][PASSED] - callTestCase: Call Test Case 'Test Cases/Final Aug 2018 - PKS Automation/Common/Reference Number Setter' successfully

2018-12-07 09:50:19 - [TEST_CASE][PASSED] - Test Cases/Final Aug 2018 - PKS Automation/Common/Reference Number Setter: Test Cases/Final Aug 2018 - PKS Automation/Common/Reference Number Setter

2018-12-07 09:50:19 - [TEST_STEP][PASSED] - Statement - RefNoOldFile = new java.io.File(C://Users//Admin//Desktop//PKS//Automation Reference Point//KatalonReference.txt): null

2018-12-07 09:50:19 - [TEST_STEP][PASSED] - Statement - RefNoOldFile.delete(): null

2018-12-07 09:50:19 - [TEST_STEP][PASSED] - delay: Delayed 5 second(s)

2018-12-07 09:50:24 - [MESSAGE][PASSED] - Delayed 5 second(s)

2018-12-07 09:50:24 - [TEST_STEP][PASSED] - Statement - RefNo = new java.io.File(C://Users//Admin//Desktop//PKS//Automation Reference Point//KatalonReference.txt): null

2018-12-07 09:50:24 - [TEST_STEP][PASSED] - Statement - f2 = new java.io.FileWriter(RefNo, false): null

2018-12-07 09:50:24 - [TEST_STEP][PASSED] - Statement - f2.write(CaseReferenceNo): null

2018-12-07 09:50:24 - [TEST_STEP][PASSED] - Statement - f2.close(): null

2018-12-07 09:50:24 - [TEST_STEP][PASSED] - Statement - out.println("


" + CaseReferenceNo + "


"): null

2018-12-07 09:50:24 - [MESSAGE][PASSED] - Call Test Case 'Test Cases/Final Aug 2018 - PKS Automation/Common/Reference Number Setter' successfully

2018-12-07 09:50:24 - [TEST_STEP][PASSED] - delay: Delayed 5 second(s)

2018-12-07 09:50:29 - [MESSAGE][PASSED] - Delayed 5 second(s)

2018-12-07 09:50:29 - [TEST_STEP][PASSED] - click: Object: 'Object Repository/Final Object Repo/Page_Update Add New Employee - ASSIST/Incomplete Checkbox' is clicked on

2018-12-07 09:50:30 - [MESSAGE][PASSED] - Object: 'Object Repository/Final Object Repo/Page_Update Add New Employee - ASSIST/Incomplete Checkbox' is clicked on

2018-12-07 09:50:30 - [TEST_STEP][PASSED] - delay: Delayed 2 second(s)

2018-12-07 09:50:32 - [MESSAGE][PASSED] - Delayed 2 second(s)

2018-12-07 09:50:32 - [TEST_STEP][PASSED] - click: Object: 'Object Repository/Final Object Repo/Page_Update Add New Employee - ASSIST/Save  Continue Button' is clicked on

2018-12-07 09:50:32 - [MESSAGE][PASSED] - Object: 'Object Repository/Final Object Repo/Page_Update Add New Employee - ASSIST/Save  Continue Button' is clicked on

2018-12-07 09:50:32 - [TEST_STEP][PASSED] - delay: Delayed 4 second(s)

2018-12-07 09:50:36 - [MESSAGE][PASSED] - Delayed 4 second(s)

2018-12-07 09:50:36 - [TEST_STEP][PASSED] - click: Object: 'Object Repository/Final Object Repo/Page_Update Add New Employee - ASSIST/Save  Continue Third Screen' is clicked on

2018-12-07 09:50:39 - [MESSAGE][PASSED] - Object: 'Object Repository/Final Object Repo/Page_Update Add New Employee - ASSIST/Save  Continue Third Screen' is clicked on

2018-12-07 09:50:39 - [TEST_STEP][PASSED] - delay: Delayed 4 second(s)

2018-12-07 09:50:43 - [MESSAGE][PASSED] - Delayed 4 second(s)

2018-12-07 09:50:43 - [TEST_STEP][PASSED] - click: Object: 'Object Repository/Final Object Repo/Page_Update Add New Employee - ASSIST/Save   Continue Supporting Doc Page' is clicked on

2018-12-07 09:50:43 - [MESSAGE][PASSED] - Object: 'Object Repository/Final Object Repo/Page_Update Add New Employee - ASSIST/Save   Continue Supporting Doc Page' is clicked on

2018-12-07 09:50:43 - [TEST_STEP][PASSED] - delay: Delayed 4 second(s)

2018-12-07 09:50:47 - [MESSAGE][PASSED] - Delayed 4 second(s)

2018-12-07 09:50:47 - [TEST_STEP][PASSED] - click: Object: 'Object Repository/Final Object Repo/Page_Update Add New Employee - ASSIST/Submit Button' is clicked on

2018-12-07 09:50:47 - [MESSAGE][PASSED] - Object: 'Object Repository/Final Object Repo/Page_Update Add New Employee - ASSIST/Submit Button' is clicked on

2018-12-07 09:50:47 - [TEST_STEP][PASSED] - delay: Delayed 4 second(s)

2018-12-07 09:50:51 - [MESSAGE][PASSED] - Delayed 4 second(s)

2018-12-07 09:50:51 - [TEST_STEP][PASSED] - click: Object: 'Object Repository/Final Object Repo/Page_Update Add New Employee - ASSIST/Confirm Submit Button' is clicked on

2018-12-07 09:50:51 - [MESSAGE][PASSED] - Object: 'Object Repository/Final Object Repo/Page_Update Add New Employee - ASSIST/Confirm Submit Button' is clicked on

2018-12-07 09:50:51 - [TEST_STEP][PASSED] - delay: Delayed 30 second(s)

2018-12-07 09:51:21 - [MESSAGE][PASSED] - Delayed 30 second(s)

2018-12-07 09:51:21 - [TEST_STEP][PASSED] - callTestCase: Call Test Case 'Test Cases/Final Aug 2018 - PKS Automation/Common/Screenshoting tool' successfully

2018-12-07 09:51:21 - [TEST_CASE][PASSED] - Test Cases/Final Aug 2018 - PKS Automation/Common/Screenshoting tool: Test Cases/Final Aug 2018 - PKS Automation/Common/Screenshoting tool

2018-12-07 09:51:22 - [TEST_STEP][PASSED] - delay: Delayed 15 second(s)

2018-12-07 09:51:37 - [MESSAGE][PASSED] - Delayed 15 second(s)

2018-12-07 09:51:37 - [TEST_STEP][PASSED] - Statement - driver = com.kms.katalon.core.webui.driver.DriverFactory.getWebDriver(): null

2018-12-07 09:51:37 - [TEST_STEP][PASSED] - Statement - driver.manage().timeouts().implicitlyWait(10, SECONDS): null

2018-12-07 09:51:37 - [TEST_STEP][PASSED] - Statement - PresavePath = KatalonScreenshots: null

2018-12-07 09:51:37 - [TEST_STEP][PASSED] - Statement - pathPrefix = "C:\Users\Public\Pictures\Sample Pictures\Katalon Screenshots\Automate Ending Screen": null

2018-12-07 09:51:37 - [TEST_STEP][PASSED] - Statement - finalPath = <not implemented yet for class: org.codehaus.groovy.ast.expr.EmptyExpression>: null

2018-12-07 09:51:37 - [TEST_STEP][PASSED] - Statement - scrFile = driver.getScreenshotAs(FILE): null

2018-12-07 09:51:37 - [TEST_STEP][PASSED] - Statement - PreSaveFile = new java.io.File(PresavePath): null

2018-12-07 09:51:37 - [TEST_STEP][PASSED] - Statement - counter = 0: null

2018-12-07 09:51:37 - [TEST_STEP][PASSED] - Statement - If (PreSaveFile.exists()): null

2018-12-07 09:51:37 - [TEST_STEP][PASSED] - Statement - While (PreSaveFile.exists()): null

2018-12-07 09:51:37 - [TEST_STEP][PASSED] - Statement - counter = counter + 1: null

2018-12-07 09:51:37 - [TEST_STEP][PASSED] - Statement - PreSaveFile = new java.io.File(((pathPrefix + java.lang.Integer.toString(counter)) + .png)): null

2018-12-07 09:51:37 - [TEST_STEP][PASSED] - Statement - counter = counter + 1: null

2018-12-07 09:51:37 - [TEST_STEP][PASSED] - Statement - PreSaveFile = new java.io.File(((pathPrefix + java.lang.Integer.toString(counter)) + .png)): null

2018-12-07 09:51:37 - [TEST_STEP][PASSED] - Statement - counter = counter + 1: null

2018-12-07 09:51:37 - [TEST_STEP][PASSED] - Statement - PreSaveFile = new java.io.File(((pathPrefix + java.lang.Integer.toString(counter)) + .png)): null

2018-12-07 09:51:37 - [TEST_STEP][PASSED] - Statement - counter = counter + 1: null

2018-12-07 09:51:37 - [TEST_STEP][PASSED] - Statement - PreSaveFile = new java.io.File(((pathPrefix + java.lang.Integer.toString(counter)) + .png)): null

2018-12-07 09:51:37 - [TEST_STEP][PASSED] - Statement - counter = counter + 1: null

2018-12-07 09:51:37 - [TEST_STEP][PASSED] - Statement - PreSaveFile = new java.io.File(((pathPrefix + java.lang.Integer.toString(counter)) + .png)): null

2018-12-07 09:51:37 - [TEST_STEP][PASSED] - Statement - counter = counter + 1: null

2018-12-07 09:51:37 - [TEST_STEP][PASSED] - Statement - PreSaveFile = new java.io.File(((pathPrefix + java.lang.Integer.toString(counter)) + .png)): null

2018-12-07 09:51:37 - [TEST_STEP][PASSED] - Statement - counter = counter + 1: null

2018-12-07 09:51:37 - [TEST_STEP][PASSED] - Statement - PreSaveFile = new java.io.File(((pathPrefix + java.lang.Integer.toString(counter)) + .png)): null

2018-12-07 09:51:37 - [TEST_STEP][PASSED] - Statement - counter = counter + 1: null

2018-12-07 09:51:37 - [TEST_STEP][PASSED] - Statement - PreSaveFile = new java.io.File(((pathPrefix + java.lang.Integer.toString(counter)) + .png)): null

2018-12-07 09:51:37 - [TEST_STEP][PASSED] - Statement - counter = counter + 1: null

2018-12-07 09:51:37 - [TEST_STEP][PASSED] - Statement - PreSaveFile = new java.io.File(((pathPrefix + java.lang.Integer.toString(counter)) + .png)): null

2018-12-07 09:51:37 - [TEST_STEP][PASSED] - Statement - counter = counter + 1: null

2018-12-07 09:51:37 - [TEST_STEP][PASSED] - Statement - PreSaveFile = new java.io.File(((pathPrefix + java.lang.Integer.toString(counter)) + .png)): null

2018-12-07 09:51:37 - [TEST_STEP][PASSED] - Statement - counter = counter + 1: null

2018-12-07 09:51:37 - [TEST_STEP][PASSED] - Statement - PreSaveFile = new java.io.File(((pathPrefix + java.lang.Integer.toString(counter)) + .png)): null

2018-12-07 09:51:37 - [TEST_STEP][PASSED] - Statement - counter = counter + 1: null

2018-12-07 09:51:37 - [TEST_STEP][PASSED] - Statement - PreSaveFile = new java.io.File(((pathPrefix + java.lang.Integer.toString(counter)) + .png)): null

2018-12-07 09:51:37 - [TEST_STEP][PASSED] - Statement - counter = counter + 1: null

2018-12-07 09:51:37 - [TEST_STEP][PASSED] - Statement - PreSaveFile = new java.io.File(((pathPrefix + java.lang.Integer.toString(counter)) + .png)): null

2018-12-07 09:51:37 - [TEST_STEP][PASSED] - Statement - counter = counter + 1: null

2018-12-07 09:51:37 - [TEST_STEP][PASSED] - Statement - PreSaveFile = new java.io.File(((pathPrefix + java.lang.Integer.toString(counter)) + .png)): null

2018-12-07 09:51:37 - [TEST_STEP][PASSED] - Statement - counter = counter + 1: null

2018-12-07 09:51:37 - [TEST_STEP][PASSED] - Statement - PreSaveFile = new java.io.File(((pathPrefix + java.lang.Integer.toString(counter)) + .png)): null

2018-12-07 09:51:37 - [TEST_STEP][PASSED] - Statement - counter = counter + 1: null

2018-12-07 09:51:37 - [TEST_STEP][PASSED] - Statement - PreSaveFile = new java.io.File(((pathPrefix + java.lang.Integer.toString(counter)) + .png)): null

2018-12-07 09:51:37 - [TEST_STEP][PASSED] - Statement - counter = counter + 1: null

2018-12-07 09:51:37 - [TEST_STEP][PASSED] - Statement - PreSaveFile = new java.io.File(((pathPrefix + java.lang.Integer.toString(counter)) + .png)): null

2018-12-07 09:51:37 - [TEST_STEP][PASSED] - Statement - counter = counter + 1: null

2018-12-07 09:51:37 - [TEST_STEP][PASSED] - Statement - PreSaveFile = new java.io.File(((pathPrefix + java.lang.Integer.toString(counter)) + .png)): null

2018-12-07 09:51:37 - [TEST_STEP][PASSED] - Statement - counter = counter + 1: null

2018-12-07 09:51:37 - [TEST_STEP][PASSED] - Statement - PreSaveFile = new java.io.File(((pathPrefix + java.lang.Integer.toString(counter)) + .png)): null

2018-12-07 09:51:38 - [TEST_STEP][PASSED] - Statement - counter = counter + 1: null

2018-12-07 09:51:38 - [TEST_STEP][PASSED] - Statement - PreSaveFile = new java.io.File(((pathPrefix + java.lang.Integer.toString(counter)) + .png)): null

2018-12-07 09:51:38 - [TEST_STEP][PASSED] - Statement - counter = counter + 1: null

2018-12-07 09:51:38 - [TEST_STEP][PASSED] - Statement - PreSaveFile = new java.io.File(((pathPrefix + java.lang.Integer.toString(counter)) + .png)): null

2018-12-07 09:51:38 - [TEST_STEP][PASSED] - Statement - counter = counter + 1: null

2018-12-07 09:51:38 - [TEST_STEP][PASSED] - Statement - PreSaveFile = new java.io.File(((pathPrefix + java.lang.Integer.toString(counter)) + .png)): null

2018-12-07 09:51:38 - [TEST_STEP][PASSED] - Statement - counter = counter + 1: null

2018-12-07 09:51:38 - [TEST_STEP][PASSED] - Statement - PreSaveFile = new java.io.File(((pathPrefix + java.lang.Integer.toString(counter)) + .png)): null

2018-12-07 09:51:38 - [TEST_STEP][PASSED] - Statement - counter = counter + 1: null

2018-12-07 09:51:38 - [TEST_STEP][PASSED] - Statement - PreSaveFile = new java.io.File(((pathPrefix + java.lang.Integer.toString(counter)) + .png)): null

2018-12-07 09:51:38 - [TEST_STEP][PASSED] - Statement - counter = counter + 1: null

2018-12-07 09:51:38 - [TEST_STEP][PASSED] - Statement - PreSaveFile = new java.io.File(((pathPrefix + java.lang.Integer.toString(counter)) + .png)): null

2018-12-07 09:51:38 - [TEST_STEP][PASSED] - Statement - counter = counter + 1: null

2018-12-07 09:51:38 - [TEST_STEP][PASSED] - Statement - PreSaveFile = new java.io.File(((pathPrefix + java.lang.Integer.toString(counter)) + .png)): null

2018-12-07 09:51:38 - [TEST_STEP][PASSED] - Statement - counter = counter + 1: null

2018-12-07 09:51:38 - [TEST_STEP][PASSED] - Statement - PreSaveFile = new java.io.File(((pathPrefix + java.lang.Integer.toString(counter)) + .png)): null

2018-12-07 09:51:38 - [TEST_STEP][PASSED] - Statement - counter = counter + 1: null

2018-12-07 09:51:38 - [TEST_STEP][PASSED] - Statement - PreSaveFile = new java.io.File(((pathPrefix + java.lang.Integer.toString(counter)) + .png)): null

2018-12-07 09:51:38 - [TEST_STEP][PASSED] - Statement - counter = counter + 1: null

2018-12-07 09:51:38 - [TEST_STEP][PASSED] - Statement - PreSaveFile = new java.io.File(((pathPrefix + java.lang.Integer.toString(counter)) + .png)): null

2018-12-07 09:51:38 - [TEST_STEP][PASSED] - Statement - counter = counter + 1: null

2018-12-07 09:51:38 - [TEST_STEP][PASSED] - Statement - PreSaveFile = new java.io.File(((pathPrefix + java.lang.Integer.toString(counter)) + .png)): null

2018-12-07 09:51:38 - [TEST_STEP][PASSED] - Statement - counter = counter + 1: null

2018-12-07 09:51:38 - [TEST_STEP][PASSED] - Statement - PreSaveFile = new java.io.File(((pathPrefix + java.lang.Integer.toString(counter)) + .png)): null

2018-12-07 09:51:38 - [TEST_STEP][PASSED] - Statement - counter = counter + 1: null

2018-12-07 09:51:38 - [TEST_STEP][PASSED] - Statement - PreSaveFile = new java.io.File(((pathPrefix + java.lang.Integer.toString(counter)) + .png)): null

2018-12-07 09:51:38 - [TEST_STEP][PASSED] - Statement - counter = counter + 1: null

2018-12-07 09:51:38 - [TEST_STEP][PASSED] - Statement - PreSaveFile = new java.io.File(((pathPrefix + java.lang.Integer.toString(counter)) + .png)): null

2018-12-07 09:51:38 - [TEST_STEP][PASSED] - Statement - counter = counter + 1: null

2018-12-07 09:51:39 - [TEST_STEP][PASSED] - Statement - PreSaveFile = new java.io.File(((pathPrefix + java.lang.Integer.toString(counter)) + .png)): null

2018-12-07 09:51:39 - [TEST_STEP][PASSED] - Statement - counter = counter + 1: null

2018-12-07 09:51:39 - [TEST_STEP][PASSED] - Statement - PreSaveFile = new java.io.File(((pathPrefix + java.lang.Integer.toString(counter)) + .png)): null

2018-12-07 09:51:39 - [TEST_STEP][PASSED] - Statement - counter = counter + 1: null

2018-12-07 09:51:39 - [TEST_STEP][PASSED] - Statement - PreSaveFile = new java.io.File(((pathPrefix + java.lang.Integer.toString(counter)) + .png)): null

2018-12-07 09:51:39 - [TEST_STEP][PASSED] - Statement - counter = counter + 1: null

2018-12-07 09:51:39 - [TEST_STEP][PASSED] - Statement - PreSaveFile = new java.io.File(((pathPrefix + java.lang.Integer.toString(counter)) + .png)): null

2018-12-07 09:51:39 - [TEST_STEP][PASSED] - Statement - counter = counter + 1: null

2018-12-07 09:51:39 - [TEST_STEP][PASSED] - Statement - PreSaveFile = new java.io.File(((pathPrefix + java.lang.Integer.toString(counter)) + .png)): null

2018-12-07 09:51:39 - [TEST_STEP][PASSED] - Statement - counter = counter + 1: null

2018-12-07 09:51:39 - [TEST_STEP][PASSED] - Statement - PreSaveFile = new java.io.File(((pathPrefix + java.lang.Integer.toString(counter)) + .png)): null

2018-12-07 09:51:39 - [TEST_STEP][PASSED] - Statement - counter = counter + 1: null

2018-12-07 09:51:39 - [TEST_STEP][PASSED] - Statement - PreSaveFile = new java.io.File(((pathPrefix + java.lang.Integer.toString(counter)) + .png)): null

2018-12-07 09:51:39 - [TEST_STEP][PASSED] - Statement - counter = counter + 1: null

2018-12-07 09:51:39 - [TEST_STEP][PASSED] - Statement - PreSaveFile = new java.io.File(((pathPrefix + java.lang.Integer.toString(counter)) + .png)): null

2018-12-07 09:51:39 - [TEST_STEP][PASSED] - Statement - counter = counter + 1: null

2018-12-07 09:51:39 - [TEST_STEP][PASSED] - Statement - PreSaveFile = new java.io.File(((pathPrefix + java.lang.Integer.toString(counter)) + .png)): null

2018-12-07 09:51:39 - [TEST_STEP][PASSED] - Statement - counter = counter + 1: null

2018-12-07 09:51:39 - [TEST_STEP][PASSED] - Statement - PreSaveFile = new java.io.File(((pathPrefix + java.lang.Integer.toString(counter)) + .png)): null

2018-12-07 09:51:39 - [TEST_STEP][PASSED] - Statement - counter = counter + 1: null

2018-12-07 09:51:39 - [TEST_STEP][PASSED] - Statement - PreSaveFile = new java.io.File(((pathPrefix + java.lang.Integer.toString(counter)) + .png)): null

2018-12-07 09:51:39 - [TEST_STEP][PASSED] - Statement - counter = counter + 1: null

2018-12-07 09:51:39 - [TEST_STEP][PASSED] - Statement - PreSaveFile = new java.io.File(((pathPrefix + java.lang.Integer.toString(counter)) + .png)): null

2018-12-07 09:51:39 - [TEST_STEP][PASSED] - Statement - counter = counter + 1: null

2018-12-07 09:51:39 - [TEST_STEP][PASSED] - Statement - PreSaveFile = new java.io.File(((pathPrefix + java.lang.Integer.toString(counter)) + .png)): null

2018-12-07 09:51:39 - [TEST_STEP][PASSED] - Statement - counter = counter + 1: null

2018-12-07 09:51:39 - [TEST_STEP][PASSED] - Statement - PreSaveFile = new java.io.File(((pathPrefix + java.lang.Integer.toString(counter)) + .png)): null

2018-12-07 09:51:39 - [TEST_STEP][PASSED] - Statement - counter = counter + 1: null

2018-12-07 09:51:39 - [TEST_STEP][PASSED] - Statement - PreSaveFile = new java.io.File(((pathPrefix + java.lang.Integer.toString(counter)) + .png)): null

2018-12-07 09:51:39 - [TEST_STEP][PASSED] - Statement - counter = counter + 1: null

2018-12-07 09:51:39 - [TEST_STEP][PASSED] - Statement - PreSaveFile = new java.io.File(((pathPrefix + java.lang.Integer.toString(counter)) + .png)): null

2018-12-07 09:51:39 - [TEST_STEP][PASSED] - Statement - counter = counter + 1: null

2018-12-07 09:51:39 - [TEST_STEP][PASSED] - Statement - PreSaveFile = new java.io.File(((pathPrefix + java.lang.Integer.toString(counter)) + .png)): null

2018-12-07 09:51:39 - [TEST_STEP][PASSED] - Statement - counter = counter + 1: null

2018-12-07 09:51:39 - [TEST_STEP][PASSED] - Statement - PreSaveFile = new java.io.File(((pathPrefix + java.lang.Integer.toString(counter)) + .png)): null

2018-12-07 09:51:39 - [TEST_STEP][PASSED] - Statement - counter = counter + 1: null

2018-12-07 09:51:39 - [TEST_STEP][PASSED] - Statement - PreSaveFile = new java.io.File(((pathPrefix + java.lang.Integer.toString(counter)) + .png)): null

2018-12-07 09:51:39 - [TEST_STEP][PASSED] - Statement - counter = counter + 1: null

2018-12-07 09:51:40 - [TEST_STEP][PASSED] - Statement - PreSaveFile = new java.io.File(((pathPrefix + java.lang.Integer.toString(counter)) + .png)): null

2018-12-07 09:51:40 - [TEST_STEP][PASSED] - Statement - counter = counter + 1: null

2018-12-07 09:51:40 - [TEST_STEP][PASSED] - Statement - PreSaveFile = new java.io.File(((pathPrefix + java.lang.Integer.toString(counter)) + .png)): null

2018-12-07 09:51:40 - [TEST_STEP][PASSED] - Statement - counter = counter + 1: null

2018-12-07 09:51:40 - [TEST_STEP][PASSED] - Statement - PreSaveFile = new java.io.File(((pathPrefix + java.lang.Integer.toString(counter)) + .png)): null

2018-12-07 09:51:40 - [TEST_STEP][PASSED] - Statement - counter = counter + 1: null

2018-12-07 09:51:40 - [TEST_STEP][PASSED] - Statement - PreSaveFile = new java.io.File(((pathPrefix + java.lang.Integer.toString(counter)) + .png)): null

2018-12-07 09:51:40 - [TEST_STEP][PASSED] - Statement - counter = counter + 1: null

2018-12-07 09:51:40 - [TEST_STEP][PASSED] - Statement - PreSaveFile = new java.io.File(((pathPrefix + java.lang.Integer.toString(counter)) + .png)): null

2018-12-07 09:51:40 - [TEST_STEP][PASSED] - Statement - counter = counter + 1: null

2018-12-07 09:51:40 - [TEST_STEP][PASSED] - Statement - PreSaveFile = new java.io.File(((pathPrefix + java.lang.Integer.toString(counter)) + .png)): null

2018-12-07 09:51:40 - [TEST_STEP][PASSED] - Statement - counter = counter + 1: null

2018-12-07 09:51:40 - [TEST_STEP][PASSED] - Statement - PreSaveFile = new java.io.File(((pathPrefix + java.lang.Integer.toString(counter)) + .png)): null

2018-12-07 09:51:40 - [TEST_STEP][PASSED] - Statement - counter = counter + 1: null

2018-12-07 09:51:40 - [TEST_STEP][PASSED] - Statement - PreSaveFile = new java.io.File(((pathPrefix + java.lang.Integer.toString(counter)) + .png)): null

2018-12-07 09:51:40 - [TEST_STEP][PASSED] - Statement - counter = counter + 1: null

2018-12-07 09:51:40 - [TEST_STEP][PASSED] - Statement - PreSaveFile = new java.io.File(((pathPrefix + java.lang.Integer.toString(counter)) + .png)): null

2018-12-07 09:51:40 - [TEST_STEP][PASSED] - Statement - counter = counter + 1: null

2018-12-07 09:51:40 - [TEST_STEP][PASSED] - Statement - PreSaveFile = new java.io.File(((pathPrefix + java.lang.Integer.toString(counter)) + .png)): null

2018-12-07 09:51:40 - [TEST_STEP][PASSED] - Statement - counter = counter + 1: null

2018-12-07 09:51:40 - [TEST_STEP][PASSED] - Statement - PreSaveFile = new java.io.File(((pathPrefix + java.lang.Integer.toString(counter)) + .png)): null

2018-12-07 09:51:40 - [TEST_STEP][PASSED] - Statement - counter = counter + 1: null

2018-12-07 09:51:40 - [TEST_STEP][PASSED] - Statement - PreSaveFile = new java.io.File(((pathPrefix + java.lang.Integer.toString(counter)) + .png)): null

2018-12-07 09:51:40 - [TEST_STEP][PASSED] - Statement - counter = counter + 1: null

2018-12-07 09:51:40 - [TEST_STEP][PASSED] - Statement - PreSaveFile = new java.io.File(((pathPrefix + java.lang.Integer.toString(counter)) + .png)): null

2018-12-07 09:51:40 - [TEST_STEP][PASSED] - Statement - counter = counter + 1: null

2018-12-07 09:51:40 - [TEST_STEP][PASSED] - Statement - PreSaveFile = new java.io.File(((pathPrefix + java.lang.Integer.toString(counter)) + .png)): null

2018-12-07 09:51:40 - [TEST_STEP][PASSED] - Statement - counter = counter + 1: null

2018-12-07 09:51:40 - [TEST_STEP][PASSED] - Statement - PreSaveFile = new java.io.File(((pathPrefix + java.lang.Integer.toString(counter)) + .png)): null

2018-12-07 09:51:41 - [TEST_STEP][PASSED] - Statement - counter = counter + 1: null

2018-12-07 09:51:41 - [TEST_STEP][PASSED] - Statement - PreSaveFile = new java.io.File(((pathPrefix + java.lang.Integer.toString(counter)) + .png)): null

2018-12-07 09:51:41 - [TEST_STEP][PASSED] - Statement - counter = counter + 1: null

2018-12-07 09:51:41 - [TEST_STEP][PASSED] - Statement - PreSaveFile = new java.io.File(((pathPrefix + java.lang.Integer.toString(counter)) + .png)): null

2018-12-07 09:51:41 - [TEST_STEP][PASSED] - Statement - counter = counter + 1: null

2018-12-07 09:51:41 - [TEST_STEP][PASSED] - Statement - PreSaveFile = new java.io.File(((pathPrefix + java.lang.Integer.toString(counter)) + .png)): null

2018-12-07 09:51:41 - [TEST_STEP][PASSED] - Statement - counter = counter + 1: null

2018-12-07 09:51:41 - [TEST_STEP][PASSED] - Statement - PreSaveFile = new java.io.File(((pathPrefix + java.lang.Integer.toString(counter)) + .png)): null

2018-12-07 09:51:41 - [TEST_STEP][PASSED] - Statement - counter = counter + 1: null

2018-12-07 09:51:41 - [TEST_STEP][PASSED] - Statement - PreSaveFile = new java.io.File(((pathPrefix + java.lang.Integer.toString(counter)) + .png)): null

2018-12-07 09:51:41 - [TEST_STEP][PASSED] - Statement - counter = counter + 1: null

2018-12-07 09:51:41 - [TEST_STEP][PASSED] - Statement - PreSaveFile = new java.io.File(((pathPrefix + java.lang.Integer.toString(counter)) + .png)): null

2018-12-07 09:51:41 - [TEST_STEP][PASSED] - Statement - counter = counter + 1: null

2018-12-07 09:51:41 - [TEST_STEP][PASSED] - Statement - PreSaveFile = new java.io.File(((pathPrefix + java.lang.Integer.toString(counter)) + .png)): null

2018-12-07 09:51:41 - [TEST_STEP][PASSED] - Statement - counter = counter + 1: null

2018-12-07 09:51:41 - [TEST_STEP][PASSED] - Statement - PreSaveFile = new java.io.File(((pathPrefix + java.lang.Integer.toString(counter)) + .png)): null

2018-12-07 09:51:41 - [TEST_STEP][PASSED] - Statement - counter = counter + 1: null

2018-12-07 09:51:41 - [TEST_STEP][PASSED] - Statement - PreSaveFile = new java.io.File(((pathPrefix + java.lang.Integer.toString(counter)) + .png)): null

2018-12-07 09:51:41 - [TEST_STEP][PASSED] - Statement - counter = counter + 1: null

2018-12-07 09:51:41 - [TEST_STEP][PASSED] - Statement - PreSaveFile = new java.io.File(((pathPrefix + java.lang.Integer.toString(counter)) + .png)): null

2018-12-07 09:51:41 - [TEST_STEP][PASSED] - Statement - counter = counter + 1: null

2018-12-07 09:51:41 - [TEST_STEP][PASSED] - Statement - PreSaveFile = new java.io.File(((pathPrefix + java.lang.Integer.toString(counter)) + .png)): null

2018-12-07 09:51:41 - [TEST_STEP][PASSED] - Statement - counter = counter + 1: null

2018-12-07 09:51:41 - [TEST_STEP][PASSED] - Statement - PreSaveFile = new java.io.File(((pathPrefix + java.lang.Integer.toString(counter)) + .png)): null

2018-12-07 09:51:41 - [TEST_STEP][PASSED] - Statement - counter = counter + 1: null

2018-12-07 09:51:41 - [TEST_STEP][PASSED] - Statement - PreSaveFile = new java.io.File(((pathPrefix + java.lang.Integer.toString(counter)) + .png)): null

2018-12-07 09:51:41 - [TEST_STEP][PASSED] - Statement - counter = counter + 1: null

2018-12-07 09:51:41 - [TEST_STEP][PASSED] - Statement - PreSaveFile = new java.io.File(((pathPrefix + java.lang.Integer.toString(counter)) + .png)): null

2018-12-07 09:51:41 - [TEST_STEP][PASSED] - Statement - counter = counter + 1: null

2018-12-07 09:51:42 - [TEST_STEP][PASSED] - Statement - PreSaveFile = new java.io.File(((pathPrefix + java.lang.Integer.toString(counter)) + .png)): null

2018-12-07 09:51:42 - [TEST_STEP][PASSED] - Statement - counter = counter + 1: null

2018-12-07 09:51:42 - [TEST_STEP][PASSED] - Statement - PreSaveFile = new java.io.File(((pathPrefix + java.lang.Integer.toString(counter)) + .png)): null

2018-12-07 09:51:42 - [TEST_STEP][PASSED] - Statement - counter = counter + 1: null

2018-12-07 09:51:42 - [TEST_STEP][PASSED] - Statement - PreSaveFile = new java.io.File(((pathPrefix + java.lang.Integer.toString(counter)) + .png)): null

2018-12-07 09:51:42 - [TEST_STEP][PASSED] - Statement - counter = counter + 1: null

2018-12-07 09:51:42 - [TEST_STEP][PASSED] - Statement - PreSaveFile = new java.io.File(((pathPrefix + java.lang.Integer.toString(counter)) + .png)): null

2018-12-07 09:51:42 - [TEST_STEP][PASSED] - Statement - counter = counter + 1: null

2018-12-07 09:51:42 - [TEST_STEP][PASSED] - Statement - PreSaveFile = new java.io.File(((pathPrefix + java.lang.Integer.toString(counter)) + .png)): null

2018-12-07 09:51:42 - [TEST_STEP][PASSED] - Statement - counter = counter + 1: null

2018-12-07 09:51:42 - [TEST_STEP][PASSED] - Statement - PreSaveFile = new java.io.File(((pathPrefix + java.lang.Integer.toString(counter)) + .png)): null

2018-12-07 09:51:42 - [TEST_STEP][PASSED] - Statement - counter = counter + 1: null

2018-12-07 09:51:42 - [TEST_STEP][PASSED] - Statement - PreSaveFile = new java.io.File(((pathPrefix + java.lang.Integer.toString(counter)) + .png)): null

2018-12-07 09:51:42 - [TEST_STEP][PASSED] - Statement - counter = counter + 1: null

2018-12-07 09:51:42 - [TEST_STEP][PASSED] - Statement - PreSaveFile = new java.io.File(((pathPrefix + java.lang.Integer.toString(counter)) + .png)): null

2018-12-07 09:51:42 - [TEST_STEP][PASSED] - Statement - counter = counter + 1: null

2018-12-07 09:51:42 - [TEST_STEP][PASSED] - Statement - PreSaveFile = new java.io.File(((pathPrefix + java.lang.Integer.toString(counter)) + .png)): null

2018-12-07 09:51:42 - [TEST_STEP][PASSED] - Statement - counter = counter + 1: null

2018-12-07 09:51:42 - [TEST_STEP][PASSED] - Statement - PreSaveFile = new java.io.File(((pathPrefix + java.lang.Integer.toString(counter)) + .png)): null

2018-12-07 09:51:42 - [TEST_STEP][PASSED] - Statement - counter = counter + 1: null

2018-12-07 09:51:42 - [TEST_STEP][PASSED] - Statement - PreSaveFile = new java.io.File(((pathPrefix + java.lang.Integer.toString(counter)) + .png)): null

2018-12-07 09:51:42 - [TEST_STEP][PASSED] - Statement - counter = counter + 1: null

2018-12-07 09:51:42 - [TEST_STEP][PASSED] - Statement - PreSaveFile = new java.io.File(((pathPrefix + java.lang.Integer.toString(counter)) + .png)): null

2018-12-07 09:51:42 - [TEST_STEP][PASSED] - Statement - counter = counter + 1: null

2018-12-07 09:51:42 - [TEST_STEP][PASSED] - Statement - PreSaveFile = new java.io.File(((pathPrefix + java.lang.Integer.toString(counter)) + .png)): null

2018-12-07 09:51:42 - [TEST_STEP][PASSED] - Statement - counter = counter + 1: null

2018-12-07 09:51:42 - [TEST_STEP][PASSED] - Statement - PreSaveFile = new java.io.File(((pathPrefix + java.lang.Integer.toString(counter)) + .png)): null

2018-12-07 09:51:42 - [TEST_STEP][PASSED] - Statement - finalPath = pathPrefix + java.lang.Integer.toString(counter) + ".png": null

2018-12-07 09:51:43 - [TEST_STEP][PASSED] - Statement - SaveFile = new java.io.File(finalPath): null

2018-12-07 09:51:43 - [TEST_STEP][PASSED] - Statement - Try: null

2018-12-07 09:51:43 - [TEST_STEP][PASSED] - Statement - org.apache.commons.io.FileUtils.copyFile(scrFile, SaveFile): null

2018-12-07 09:51:43 - [TEST_STEP][PASSED] - Statement - out.println("file kept"): null

2018-12-07 09:51:43 - [TEST_STEP][PASSED] - delay: Delayed 10 second(s)

2018-12-07 09:51:53 - [MESSAGE][PASSED] - Delayed 10 second(s)

2018-12-07 09:51:53 - [MESSAGE][PASSED] - Call Test Case 'Test Cases/Final Aug 2018 - PKS Automation/Common/Screenshoting tool' successfully

2018-12-07 09:51:53 - [TEST_STEP][PASSED] - callTestCase: Call Test Case 'Test Cases/Final Aug 2018 - PKS Automation/Registration Module/Log Out/log out avoiding katalon tagging' successfully

2018-12-07 09:51:53 - [TEST_CASE][PASSED] - Test Cases/Final Aug 2018 - PKS Automation/Registration Module/Log Out/log out avoiding katalon tagging: Test Cases/Final Aug 2018 - PKS Automation/Registration Module/Log Out/log out avoiding katalon tagging

2018-12-07 09:51:53 - [TEST_STEP][PASSED] - navigateToUrl: Navigate to 'https://assist2-uat.perkeso.gov.my/c/portal/logout' successfully

2018-12-07 09:51:54 - [MESSAGE][PASSED] - Navigate to 'https://assist2-uat.perkeso.gov.my/c/portal/logout' successfully

2018-12-07 09:51:54 - [MESSAGE][PASSED] - Call Test Case 'Test Cases/Final Aug 2018 - PKS Automation/Registration Module/Log Out/log out avoiding katalon tagging' successfully

2018-12-07 09:51:54 - [TEST_STEP][PASSED] - callTestCase: Call Test Case 'Test Cases/Final Aug 2018 - PKS Automation/Common/Workflow Owner Finder' successfully

2018-12-07 09:51:54 - [TEST_CASE][PASSED] - Test Cases/Final Aug 2018 - PKS Automation/Common/Workflow Owner Finder: Test Cases/Final Aug 2018 - PKS Automation/Common/Workflow Owner Finder

2018-12-07 09:51:54 - [TEST_STEP][PASSED] - openBrowser: Browser is opened with url: ''

2018-12-07 09:51:54 - [MESSAGE][WARNING] - A browser is already opened. Closing browser and opening a new one

2018-12-07 09:51:57 - [MESSAGE][PASSED] - Browser is opened with url: ''

2018-12-07 09:51:57 - [TEST_STEP][PASSED] - navigateToUrl: Navigate to 'https://assist2-uat.perkeso.gov.my/login' successfully

2018-12-07 09:51:59 - [MESSAGE][PASSED] - Navigate to 'https://assist2-uat.perkeso.gov.my/login' successfully

2018-12-07 09:51:59 - [TEST_STEP][PASSED] - delay: Delayed 5 second(s)

2018-12-07 09:52:04 - [MESSAGE][PASSED] - Delayed 5 second(s)

2018-12-07 09:52:04 - [TEST_STEP][PASSED] - setText: Text 'test@liferay.com' is set on object 'Object Repository/Final Object Repo/Login Page/Internal User/Email Address'

2018-12-07 09:52:04 - [MESSAGE][PASSED] - Text 'test@liferay.com' is set on object 'Object Repository/Final Object Repo/Login Page/Internal User/Email Address'

2018-12-07 09:52:04 - [TEST_STEP][PASSED] - click: Object: 'Object Repository/Final Object Repo/Login Page/Internal User/Next Button' is clicked on

2018-12-07 09:52:04 - [MESSAGE][PASSED] - Object: 'Object Repository/Final Object Repo/Login Page/Internal User/Next Button' is clicked on

2018-12-07 09:52:04 - [TEST_STEP][PASSED] - delay: Delayed 2 second(s)

2018-12-07 09:52:06 - [MESSAGE][PASSED] - Delayed 2 second(s)

2018-12-07 09:52:06 - [TEST_STEP][PASSED] - setText: Text 'test' is set on object 'Object Repository/Final Object Repo/Login Page/Internal User/Password'

2018-12-07 09:52:06 - [MESSAGE][PASSED] - Text 'test' is set on object 'Object Repository/Final Object Repo/Login Page/Internal User/Password'

2018-12-07 09:52:06 - [TEST_STEP][PASSED] - delay: Delayed 2 second(s)

2018-12-07 09:52:08 - [MESSAGE][PASSED] - Delayed 2 second(s)

2018-12-07 09:52:08 - [TEST_STEP][PASSED] - click: Object: 'Object Repository/Final Object Repo/Login Page/Internal User/Login Button' is clicked on

2018-12-07 09:52:09 - [MESSAGE][PASSED] - Object: 'Object Repository/Final Object Repo/Login Page/Internal User/Login Button' is clicked on

2018-12-07 09:52:09 - [TEST_STEP][PASSED] - Statement - tester = com.kms.katalon.core.testobject.ObjectRepository.findTestObject(Final Object Repo/Landing Page/Select to English): Finding Test Object with id 'Object Repository/Final Object Repo/Landing Page/Select to English'

2018-12-07 09:52:09 - [TEST_STEP][PASSED] - Statement - Try: Delayed 2 second(s)

2018-12-07 09:52:09 - [TEST_STEP][PASSED] - Statement - Checker = com.kms.katalon.core.webui.keyword.WebUiBuiltInKeywords.verifyElementNotPresent(tester, 3): Web element with id: 'Object Repository/Final Object Repo/Landing Page/Select to English' located by 'By.xpath: //a[@class = 'taglib-language-list-text' and @lang = 'en-US' and (contains(text(), 'EN') or contains(., 'EN'))]' is not present after '3' second(s)

2018-12-07 09:52:11 - [MESSAGE][PASSED] - Web element with id: 'Object Repository/Final Object Repo/Landing Page/Select to English' located by 'By.xpath: //a[@class = 'taglib-language-list-text' and @lang = 'en-US' and (contains(text(), 'EN') or contains(., 'EN'))]' is not present after '3' second(s)

2018-12-07 09:52:11 - [TEST_STEP][PASSED] - Statement - If (Checker == false): null

2018-12-07 09:52:11 - [TEST_STEP][PASSED] - delay: Delayed 2 second(s)

2018-12-07 09:52:13 - [MESSAGE][PASSED] - Delayed 2 second(s)

2018-12-07 09:52:13 - [TEST_STEP][PASSED] - delay: Delayed 5 second(s)

2018-12-07 09:52:18 - [MESSAGE][PASSED] - Delayed 5 second(s)

2018-12-07 09:52:18 - [TEST_STEP][PASSED] - mouseOver: Object: 'Object Repository/Final Object Repo/Landing Page/WorkFlow Menu' is hovered

2018-12-07 09:52:18 - [MESSAGE][PASSED] - Object: 'Object Repository/Final Object Repo/Landing Page/WorkFlow Menu' is hovered

2018-12-07 09:52:18 - [TEST_STEP][PASSED] - delay: Delayed 2 second(s)

2018-12-07 09:52:20 - [MESSAGE][PASSED] - Delayed 2 second(s)

2018-12-07 09:52:20 - [TEST_STEP][PASSED] - click: Object: 'Object Repository/Final Object Repo/Landing Page/Select to Workflow Listing' is clicked on

2018-12-07 09:52:21 - [MESSAGE][PASSED] - Object: 'Object Repository/Final Object Repo/Landing Page/Select to Workflow Listing' is clicked on

2018-12-07 09:52:21 - [TEST_STEP][PASSED] - delay: Delayed 2 second(s)

2018-12-07 09:52:23 - [MESSAGE][PASSED] - Delayed 2 second(s)

2018-12-07 09:52:23 - [TEST_STEP][PASSED] - click: Object: 'Object Repository/Final Object Repo/WorkFlow Listing Page/Search Information - To Put Ref No' is clicked on

2018-12-07 09:52:23 - [MESSAGE][PASSED] - Object: 'Object Repository/Final Object Repo/WorkFlow Listing Page/Search Information - To Put Ref No' is clicked on

2018-12-07 09:52:23 - [TEST_STEP][PASSED] - delay: Delayed 2 second(s)

2018-12-07 09:52:25 - [MESSAGE][PASSED] - Delayed 2 second(s)

2018-12-07 09:52:25 - [TEST_STEP][PASSED] - callTestCase: Call Test Case 'Test Cases/Final Aug 2018 - PKS Automation/Common/Reference Number Getter' successfully

2018-12-07 09:52:25 - [TEST_CASE][PASSED] - Test Cases/Final Aug 2018 - PKS Automation/Common/Reference Number Getter: Test Cases/Final Aug 2018 - PKS Automation/Common/Reference Number Getter

2018-12-07 09:52:26 - [TEST_STEP][PASSED] - Statement - Try: null

2018-12-07 09:52:26 - [TEST_STEP][PASSED] - Statement - RefNo = new java.io.File(C://Users//Admin//Desktop//PKS//Automation Reference Point//KatalonReference.txt): null

2018-12-07 09:52:26 - [TEST_STEP][PASSED] - Statement - bufferread = new java.io.BufferedReader(new java.io.FileReader(RefNo)): null

2018-12-07 09:52:26 - [TEST_STEP][PASSED] - Statement - readedVal = bufferread.readLine(): null

2018-12-07 09:52:26 - [TEST_STEP][PASSED] - Statement - out.println(CaseReferenceNo): null

2018-12-07 09:52:26 - [TEST_STEP][PASSED] - Statement - out.println(readedVal): null

2018-12-07 09:52:26 - [TEST_STEP][PASSED] - Statement - CaseReferenceNo = "": null

2018-12-07 09:52:26 - [TEST_STEP][PASSED] - Statement - CaseReferenceNo = readedVal: null

2018-12-07 09:52:26 - [MESSAGE][PASSED] - Call Test Case 'Test Cases/Final Aug 2018 - PKS Automation/Common/Reference Number Getter' successfully

2018-12-07 09:52:26 - [TEST_STEP][PASSED] - setText: Text 'CAN12201800002278' is set on object 'Object Repository/Final Object Repo/WorkFlow Listing Page/Ref No Set Text'

2018-12-07 09:52:26 - [MESSAGE][PASSED] - Text 'CAN12201800002278' is set on object 'Object Repository/Final Object Repo/WorkFlow Listing Page/Ref No Set Text'

2018-12-07 09:52:26 - [TEST_STEP][PASSED] - delay: Delayed 2 second(s)

2018-12-07 09:52:28 - [MESSAGE][PASSED] - Delayed 2 second(s)

2018-12-07 09:52:28 - [TEST_STEP][PASSED] - click: Object: 'Object Repository/Final Object Repo/WorkFlow Listing Page/Search Ref No Search Button' is clicked on

2018-12-07 09:52:28 - [MESSAGE][PASSED] - Object: 'Object Repository/Final Object Repo/WorkFlow Listing Page/Search Ref No Search Button' is clicked on

2018-12-07 09:52:28 - [TEST_STEP][PASSED] - delay: Delayed 6 second(s)

2018-12-07 09:52:34 - [MESSAGE][PASSED] - Delayed 6 second(s)

2018-12-07 09:52:34 - [TEST_STEP][PASSED] - click: Object: 'Object Repository/Final Object Repo/WorkFlow Listing Page/Click Continue Tooltip' is clicked on

2018-12-07 09:52:35 - [MESSAGE][PASSED] - Object: 'Object Repository/Final Object Repo/WorkFlow Listing Page/Click Continue Tooltip' is clicked on

2018-12-07 09:52:35 - [TEST_STEP][PASSED] - delay: Delayed 5 second(s)

2018-12-07 09:52:40 - [MESSAGE][PASSED] - Delayed 5 second(s)

2018-12-07 09:52:40 - [TEST_STEP][PASSED] - doubleClick: Object: 'Object Repository/Final Object Repo/WorkFlow Listing Page/Workflow Found - Listing 1' is double clicked on

2018-12-07 09:52:40 - [MESSAGE][PASSED] - Object: 'Object Repository/Final Object Repo/WorkFlow Listing Page/Workflow Found - Listing 1' is double clicked on

2018-12-07 09:52:40 - [TEST_STEP][PASSED] - Statement - println(OwnerID): null

2018-12-07 09:52:40 - [TEST_STEP][PASSED] - Statement - OwnerID = com.kms.katalon.core.webui.keyword.WebUiBuiltInKeywords.getText(com.kms.katalon.core.testobject.ObjectRepository.findTestObject(Final Object Repo/WorkFlow Listing Page/Workflow Found - Listing 1), STOP_ON_FAILURE): Text of object 'Object Repository/Final Object Repo/WorkFlow Listing Page/Workflow Found - Listing 1' is: 'KLpkrbo2'

2018-12-07 09:52:41 - [MESSAGE][PASSED] - Text of object 'Object Repository/Final Object Repo/WorkFlow Listing Page/Workflow Found - Listing 1' is: 'KLpkrbo2'

2018-12-07 09:52:41 - [TEST_STEP][PASSED] - Statement - OwnerID = OwnerID.toLowerCase() + "@gmail.com": null

2018-12-07 09:52:41 - [TEST_STEP][PASSED] - Statement - println(OwnerID): null

2018-12-07 09:52:41 - [TEST_STEP][PASSED] - delay: Delayed 2 second(s)

2018-12-07 09:52:43 - [MESSAGE][PASSED] - Delayed 2 second(s)

2018-12-07 09:52:43 - [MESSAGE][PASSED] - Call Test Case 'Test Cases/Final Aug 2018 - PKS Automation/Common/Workflow Owner Finder' successfully

2018-12-07 09:52:43 - [TEST_STEP][PASSED] - callTestCase: Call Test Case 'Test Cases/Final Aug 2018 - PKS Automation/Registration Module/Log Out/log out avoiding katalon tagging' successfully

2018-12-07 09:52:43 - [TEST_CASE][PASSED] - Test Cases/Final Aug 2018 - PKS Automation/Registration Module/Log Out/log out avoiding katalon tagging: Test Cases/Final Aug 2018 - PKS Automation/Registration Module/Log Out/log out avoiding katalon tagging

2018-12-07 09:52:43 - [TEST_STEP][PASSED] - navigateToUrl: Navigate to 'https://assist2-uat.perkeso.gov.my/c/portal/logout' successfully

2018-12-07 09:52:44 - [MESSAGE][PASSED] - Navigate to 'https://assist2-uat.perkeso.gov.my/c/portal/logout' successfully

2018-12-07 09:52:44 - [MESSAGE][PASSED] - Call Test Case 'Test Cases/Final Aug 2018 - PKS Automation/Registration Module/Log Out/log out avoiding katalon tagging' successfully

2018-12-07 09:52:44 - [TEST_STEP][PASSED] - delay: Delayed 2 second(s)

2018-12-07 09:52:46 - [MESSAGE][PASSED] - Delayed 2 second(s)

2018-12-07 09:52:46 - [TEST_STEP][PASSED] - setText: Text 'klpkrbo2@gmail.com' is set on object 'Object Repository/Final Object Repo/Page_Update Add New Employee - ASSIST/Email TextBox'

2018-12-07 09:52:46 - [MESSAGE][PASSED] - Text 'klpkrbo2@gmail.com' is set on object 'Object Repository/Final Object Repo/Page_Update Add New Employee - ASSIST/Email TextBox'

2018-12-07 09:52:46 - [TEST_STEP][PASSED] - click: Object: 'Object Repository/Final Object Repo/Page_Update Add New Employee - ASSIST/Next Button' is clicked on

2018-12-07 09:52:46 - [MESSAGE][PASSED] - Object: 'Object Repository/Final Object Repo/Page_Update Add New Employee - ASSIST/Next Button' is clicked on

2018-12-07 09:52:46 - [TEST_STEP][PASSED] - delay: Delayed 2 second(s)

2018-12-07 09:52:48 - [MESSAGE][PASSED] - Delayed 2 second(s)

2018-12-07 09:52:48 - [TEST_STEP][PASSED] - setText: Text 'Test1@3456789' is set on object 'Object Repository/Final Object Repo/Page_Update Add New Employee - ASSIST/Password TextBox'

2018-12-07 09:52:48 - [MESSAGE][PASSED] - Text 'Test1@3456789' is set on object 'Object Repository/Final Object Repo/Page_Update Add New Employee - ASSIST/Password TextBox'

2018-12-07 09:52:48 - [TEST_STEP][PASSED] - delay: Delayed 2 second(s)

2018-12-07 09:52:50 - [MESSAGE][PASSED] - Delayed 2 second(s)

2018-12-07 09:52:50 - [TEST_STEP][PASSED] - click: Object: 'Object Repository/Final Object Repo/Page_Update Add New Employee - ASSIST/Login Button' is clicked on

2018-12-07 09:52:51 - [MESSAGE][PASSED] - Object: 'Object Repository/Final Object Repo/Page_Update Add New Employee - ASSIST/Login Button' is clicked on

2018-12-07 09:52:51 - [TEST_STEP][PASSED] - Statement - Try: null

2018-12-07 09:52:51 - [TEST_STEP][PASSED] - Statement - Checker = com.kms.katalon.core.webui.keyword.WebUiBuiltInKeywords.verifyElementNotPresent("Final Object Repo/Landing Page/Select to English", 3): null

2018-12-07 09:52:51 - [TEST_STEP][PASSED] - Statement - Catch (Exception e): null

2018-12-07 09:52:51 - [TEST_STEP][PASSED] - Statement - e.printStackTrace(): null

2018-12-07 09:52:51 - [TEST_STEP][PASSED] - delay: Delayed 5 second(s)

2018-12-07 09:52:56 - [MESSAGE][PASSED] - Delayed 5 second(s)

2018-12-07 09:52:56 - [TEST_STEP][PASSED] - click: Object: 'Object Repository/Final Object Repo/New Registration - Registration Module Pages/New Reg - OTC to RO/Special Case - All Related Objects/Expand to Search' is clicked on

2018-12-07 09:52:56 - [MESSAGE][PASSED] - Object: 'Object Repository/Final Object Repo/New Registration - Registration Module Pages/New Reg - OTC to RO/Special Case - All Related Objects/Expand to Search' is clicked on

2018-12-07 09:52:56 - [TEST_STEP][PASSED] - delay: Delayed 2 second(s)

2018-12-07 09:52:58 - [MESSAGE][PASSED] - Delayed 2 second(s)

2018-12-07 09:52:58 - [TEST_STEP][PASSED] - setText: Text 'CAN12201800002278' is set on object 'Object Repository/Final Object Repo/New Registration - Registration Module Pages/New Reg - OTC to RO/Special Case - All Related Objects/TextBox RefNo in Workbasket'

2018-12-07 09:52:58 - [MESSAGE][PASSED] - Text 'CAN12201800002278' is set on object 'Object Repository/Final Object Repo/New Registration - Registration Module Pages/New Reg - OTC to RO/Special Case - All Related Objects/TextBox RefNo in Workbasket'

2018-12-07 09:52:58 - [TEST_STEP][PASSED] - delay: Delayed 2 second(s)

2018-12-07 09:53:00 - [MESSAGE][PASSED] - Delayed 2 second(s)

2018-12-07 09:53:00 - [TEST_STEP][PASSED] - click: Object: 'Object Repository/Final Object Repo/New Registration - Registration Module Pages/New Reg - OTC to RO/Special Case - All Related Objects/Click Search' is clicked on

2018-12-07 09:53:00 - [MESSAGE][PASSED] - Object: 'Object Repository/Final Object Repo/New Registration - Registration Module Pages/New Reg - OTC to RO/Special Case - All Related Objects/Click Search' is clicked on

2018-12-07 09:53:00 - [TEST_STEP][PASSED] - delay: Delayed 2 second(s)

2018-12-07 09:53:02 - [MESSAGE][PASSED] - Delayed 2 second(s)

2018-12-07 09:53:02 - [TEST_STEP][PASSED] - click: Object: 'Object Repository/Final Object Repo/New Registration - Registration Module Pages/New Reg - OTC to RO/Special Case - All Related Objects/Click to Continue Workflow' is clicked on

2018-12-07 09:53:05 - [MESSAGE][PASSED] - Object: 'Object Repository/Final Object Repo/New Registration - Registration Module Pages/New Reg - OTC to RO/Special Case - All Related Objects/Click to Continue Workflow' is clicked on

2018-12-07 09:53:05 - [TEST_STEP][PASSED] - delay: Delayed 2 second(s)

2018-12-07 09:53:07 - [MESSAGE][PASSED] - Delayed 2 second(s)

2018-12-07 09:53:07 - [TEST_STEP][PASSED] - delay: Delayed 2 second(s)

2018-12-07 09:53:09 - [MESSAGE][PASSED] - Delayed 2 second(s)

2018-12-07 09:53:09 - [TEST_STEP][PASSED] - click: Object: 'Object Repository/Final Object Repo/Page_Update Add New Employee - ASSIST/Save  Continue Button' is clicked on

2018-12-07 09:53:10 - [MESSAGE][PASSED] - Object: 'Object Repository/Final Object Repo/Page_Update Add New Employee - ASSIST/Save  Continue Button' is clicked on

2018-12-07 09:53:10 - [TEST_STEP][PASSED] - delay: Delayed 4 second(s)

2018-12-07 09:53:14 - [MESSAGE][PASSED] - Delayed 4 second(s)

2018-12-07 09:53:14 - [TEST_STEP][PASSED] - click: Object: 'Object Repository/Final Object Repo/Page_Update Add New Employee - ASSIST/Save  Continue Third Screen' is clicked on

2018-12-07 09:53:17 - [MESSAGE][PASSED] - Object: 'Object Repository/Final Object Repo/Page_Update Add New Employee - ASSIST/Save  Continue Third Screen' is clicked on

2018-12-07 09:53:17 - [TEST_STEP][PASSED] - delay: Delayed 4 second(s)

2018-12-07 09:53:21 - [MESSAGE][PASSED] - Delayed 4 second(s)

2018-12-07 09:53:21 - [TEST_STEP][PASSED] - click: Object: 'Object Repository/Final Object Repo/Page_Update Add New Employee - ASSIST/Save   Continue Supporting Doc Page' is clicked on

2018-12-07 09:53:21 - [MESSAGE][PASSED] - Object: 'Object Repository/Final Object Repo/Page_Update Add New Employee - ASSIST/Save   Continue Supporting Doc Page' is clicked on

2018-12-07 09:53:21 - [TEST_STEP][PASSED] - delay: Delayed 4 second(s)

2018-12-07 09:53:25 - [MESSAGE][PASSED] - Delayed 4 second(s)

2018-12-07 09:53:25 - [TEST_STEP][PASSED] - click: Object: 'Object Repository/Final Object Repo/Page_Update Add New Employee - ASSIST/Submit Button' is clicked on

2018-12-07 09:53:25 - [MESSAGE][PASSED] - Object: 'Object Repository/Final Object Repo/Page_Update Add New Employee - ASSIST/Submit Button' is clicked on

2018-12-07 09:53:25 - [TEST_STEP][PASSED] - delay: Delayed 4 second(s)

2018-12-07 09:53:29 - [MESSAGE][PASSED] - Delayed 4 second(s)

2018-12-07 09:53:29 - [TEST_STEP][PASSED] - click: Object: 'Object Repository/Final Object Repo/Page_Update Add New Employee - ASSIST/Confirm Submit Button' is clicked on

2018-12-07 09:53:30 - [MESSAGE][PASSED] - Object: 'Object Repository/Final Object Repo/Page_Update Add New Employee - ASSIST/Confirm Submit Button' is clicked on

2018-12-07 09:53:30 - [TEST_STEP][PASSED] - delay: Delayed 30 second(s)

2018-12-07 09:54:00 - [MESSAGE][PASSED] - Delayed 30 second(s)

2018-12-07 09:54:00 - [TEST_STEP][PASSED] - callTestCase: Call Test Case 'Test Cases/Final Aug 2018 - PKS Automation/Common/Screenshoting tool' successfully

2018-12-07 09:54:00 - [TEST_CASE][PASSED] - Test Cases/Final Aug 2018 - PKS Automation/Common/Screenshoting tool: Test Cases/Final Aug 2018 - PKS Automation/Common/Screenshoting tool

2018-12-07 09:54:00 - [TEST_STEP][PASSED] - delay: Delayed 15 second(s)

2018-12-07 09:54:15 - [MESSAGE][PASSED] - Delayed 15 second(s)

2018-12-07 09:54:15 - [TEST_STEP][PASSED] - Statement - driver = com.kms.katalon.core.webui.driver.DriverFactory.getWebDriver(): null

2018-12-07 09:54:15 - [TEST_STEP][PASSED] - Statement - driver.manage().timeouts().implicitlyWait(10, SECONDS): null

2018-12-07 09:54:15 - [TEST_STEP][PASSED] - Statement - PresavePath = KatalonScreenshots: null

2018-12-07 09:54:15 - [TEST_STEP][PASSED] - Statement - pathPrefix = "C:\Users\Public\Pictures\Sample Pictures\Katalon Screenshots\Automate Ending Screen": null

2018-12-07 09:54:15 - [TEST_STEP][PASSED] - Statement - finalPath = <not implemented yet for class: org.codehaus.groovy.ast.expr.EmptyExpression>: null

2018-12-07 09:54:15 - [TEST_STEP][PASSED] - Statement - scrFile = driver.getScreenshotAs(FILE): null

2018-12-07 09:54:15 - [TEST_STEP][PASSED] - Statement - PreSaveFile = new java.io.File(PresavePath): null

2018-12-07 09:54:15 - [TEST_STEP][PASSED] - Statement - counter = 0: null

2018-12-07 09:54:15 - [TEST_STEP][PASSED] - Statement - If (PreSaveFile.exists()): null

2018-12-07 09:54:15 - [TEST_STEP][PASSED] - Statement - While (PreSaveFile.exists()): null

2018-12-07 09:54:15 - [TEST_STEP][PASSED] - Statement - counter = counter + 1: null

2018-12-07 09:54:15 - [TEST_STEP][PASSED] - Statement - PreSaveFile = new java.io.File(((pathPrefix + java.lang.Integer.toString(counter)) + .png)): null

2018-12-07 09:54:15 - [TEST_STEP][PASSED] - Statement - counter = counter + 1: null

2018-12-07 09:54:15 - [TEST_STEP][PASSED] - Statement - PreSaveFile = new java.io.File(((pathPrefix + java.lang.Integer.toString(counter)) + .png)): null

2018-12-07 09:54:15 - [TEST_STEP][PASSED] - Statement - counter = counter + 1: null

2018-12-07 09:54:15 - [TEST_STEP][PASSED] - Statement - PreSaveFile = new java.io.File(((pathPrefix + java.lang.Integer.toString(counter)) + .png)): null

2018-12-07 09:54:15 - [TEST_STEP][PASSED] - Statement - counter = counter + 1: null

2018-12-07 09:54:15 - [TEST_STEP][PASSED] - Statement - PreSaveFile = new java.io.File(((pathPrefix + java.lang.Integer.toString(counter)) + .png)): null

2018-12-07 09:54:15 - [TEST_STEP][PASSED] - Statement - counter = counter + 1: null

2018-12-07 09:54:15 - [TEST_STEP][PASSED] - Statement - PreSaveFile = new java.io.File(((pathPrefix + java.lang.Integer.toString(counter)) + .png)): null

2018-12-07 09:54:15 - [TEST_STEP][PASSED] - Statement - counter = counter + 1: null

2018-12-07 09:54:15 - [TEST_STEP][PASSED] - Statement - PreSaveFile = new java.io.File(((pathPrefix + java.lang.Integer.toString(counter)) + .png)): null

2018-12-07 09:54:15 - [TEST_STEP][PASSED] - Statement - counter = counter + 1: null

2018-12-07 09:54:15 - [TEST_STEP][PASSED] - Statement - PreSaveFile = new java.io.File(((pathPrefix + java.lang.Integer.toString(counter)) + .png)): null

2018-12-07 09:54:15 - [TEST_STEP][PASSED] - Statement - counter = counter + 1: null

2018-12-07 09:54:15 - [TEST_STEP][PASSED] - Statement - PreSaveFile = new java.io.File(((pathPrefix + java.lang.Integer.toString(counter)) + .png)): null

2018-12-07 09:54:15 - [TEST_STEP][PASSED] - Statement - counter = counter + 1: null

2018-12-07 09:54:15 - [TEST_STEP][PASSED] - Statement - PreSaveFile = new java.io.File(((pathPrefix + java.lang.Integer.toString(counter)) + .png)): null

2018-12-07 09:54:15 - [TEST_STEP][PASSED] - Statement - counter = counter + 1: null

2018-12-07 09:54:15 - [TEST_STEP][PASSED] - Statement - PreSaveFile = new java.io.File(((pathPrefix + java.lang.Integer.toString(counter)) + .png)): null

2018-12-07 09:54:15 - [TEST_STEP][PASSED] - Statement - counter = counter + 1: null

2018-12-07 09:54:15 - [TEST_STEP][PASSED] - Statement - PreSaveFile = new java.io.File(((pathPrefix + java.lang.Integer.toString(counter)) + .png)): null

2018-12-07 09:54:15 - [TEST_STEP][PASSED] - Statement - counter = counter + 1: null

2018-12-07 09:54:15 - [TEST_STEP][PASSED] - Statement - PreSaveFile = new java.io.File(((pathPrefix + java.lang.Integer.toString(counter)) + .png)): null

2018-12-07 09:54:15 - [TEST_STEP][PASSED] - Statement - counter = counter + 1: null

2018-12-07 09:54:15 - [TEST_STEP][PASSED] - Statement - PreSaveFile = new java.io.File(((pathPrefix + java.lang.Integer.toString(counter)) + .png)): null

2018-12-07 09:54:15 - [TEST_STEP][PASSED] - Statement - counter = counter + 1: null

2018-12-07 09:54:15 - [TEST_STEP][PASSED] - Statement - PreSaveFile = new java.io.File(((pathPrefix + java.lang.Integer.toString(counter)) + .png)): null

2018-12-07 09:54:15 - [TEST_STEP][PASSED] - Statement - counter = counter + 1: null

2018-12-07 09:54:15 - [TEST_STEP][PASSED] - Statement - PreSaveFile = new java.io.File(((pathPrefix + java.lang.Integer.toString(counter)) + .png)): null

2018-12-07 09:54:15 - [TEST_STEP][PASSED] - Statement - counter = counter + 1: null

2018-12-07 09:54:15 - [TEST_STEP][PASSED] - Statement - PreSaveFile = new java.io.File(((pathPrefix + java.lang.Integer.toString(counter)) + .png)): null

2018-12-07 09:54:15 - [TEST_STEP][PASSED] - Statement - counter = counter + 1: null

2018-12-07 09:54:15 - [TEST_STEP][PASSED] - Statement - PreSaveFile = new java.io.File(((pathPrefix + java.lang.Integer.toString(counter)) + .png)): null

2018-12-07 09:54:15 - [TEST_STEP][PASSED] - Statement - counter = counter + 1: null

2018-12-07 09:54:15 - [TEST_STEP][PASSED] - Statement - PreSaveFile = new java.io.File(((pathPrefix + java.lang.Integer.toString(counter)) + .png)): null

2018-12-07 09:54:15 - [TEST_STEP][PASSED] - Statement - counter = counter + 1: null

2018-12-07 09:54:15 - [TEST_STEP][PASSED] - Statement - PreSaveFile = new java.io.File(((pathPrefix + java.lang.Integer.toString(counter)) + .png)): null

2018-12-07 09:54:16 - [TEST_STEP][PASSED] - Statement - counter = counter + 1: null

2018-12-07 09:54:16 - [TEST_STEP][PASSED] - Statement - PreSaveFile = new java.io.File(((pathPrefix + java.lang.Integer.toString(counter)) + .png)): null

2018-12-07 09:54:16 - [TEST_STEP][PASSED] - Statement - counter = counter + 1: null

2018-12-07 09:54:16 - [TEST_STEP][PASSED] - Statement - PreSaveFile = new java.io.File(((pathPrefix + java.lang.Integer.toString(counter)) + .png)): null

2018-12-07 09:54:16 - [TEST_STEP][PASSED] - Statement - counter = counter + 1: null

2018-12-07 09:54:16 - [TEST_STEP][PASSED] - Statement - PreSaveFile = new java.io.File(((pathPrefix + java.lang.Integer.toString(counter)) + .png)): null

2018-12-07 09:54:16 - [TEST_STEP][PASSED] - Statement - counter = counter + 1: null

2018-12-07 09:54:16 - [TEST_STEP][PASSED] - Statement - PreSaveFile = new java.io.File(((pathPrefix + java.lang.Integer.toString(counter)) + .png)): null

2018-12-07 09:54:16 - [TEST_STEP][PASSED] - Statement - counter = counter + 1: null

2018-12-07 09:54:16 - [TEST_STEP][PASSED] - Statement - PreSaveFile = new java.io.File(((pathPrefix + java.lang.Integer.toString(counter)) + .png)): null

2018-12-07 09:54:16 - [TEST_STEP][PASSED] - Statement - counter = counter + 1: null

2018-12-07 09:54:16 - [TEST_STEP][PASSED] - Statement - PreSaveFile = new java.io.File(((pathPrefix + java.lang.Integer.toString(counter)) + .png)): null

2018-12-07 09:54:16 - [TEST_STEP][PASSED] - Statement - counter = counter + 1: null

2018-12-07 09:54:16 - [TEST_STEP][PASSED] - Statement - PreSaveFile = new java.io.File(((pathPrefix + java.lang.Integer.toString(counter)) + .png)): null

2018-12-07 09:54:16 - [TEST_STEP][PASSED] - Statement - counter = counter + 1: null

2018-12-07 09:54:16 - [TEST_STEP][PASSED] - Statement - PreSaveFile = new java.io.File(((pathPrefix + java.lang.Integer.toString(counter)) + .png)): null

2018-12-07 09:54:16 - [TEST_STEP][PASSED] - Statement - counter = counter + 1: null

2018-12-07 09:54:16 - [TEST_STEP][PASSED] - Statement - PreSaveFile = new java.io.File(((pathPrefix + java.lang.Integer.toString(counter)) + .png)): null

2018-12-07 09:54:16 - [TEST_STEP][PASSED] - Statement - counter = counter + 1: null

2018-12-07 09:54:16 - [TEST_STEP][PASSED] - Statement - PreSaveFile = new java.io.File(((pathPrefix + java.lang.Integer.toString(counter)) + .png)): null

2018-12-07 09:54:16 - [TEST_STEP][PASSED] - Statement - counter = counter + 1: null

2018-12-07 09:54:16 - [TEST_STEP][PASSED] - Statement - PreSaveFile = new java.io.File(((pathPrefix + java.lang.Integer.toString(counter)) + .png)): null

2018-12-07 09:54:16 - [TEST_STEP][PASSED] - Statement - counter = counter + 1: null

2018-12-07 09:54:16 - [TEST_STEP][PASSED] - Statement - PreSaveFile = new java.io.File(((pathPrefix + java.lang.Integer.toString(counter)) + .png)): null

2018-12-07 09:54:16 - [TEST_STEP][PASSED] - Statement - counter = counter + 1: null

2018-12-07 09:54:16 - [TEST_STEP][PASSED] - Statement - PreSaveFile = new java.io.File(((pathPrefix + java.lang.Integer.toString(counter)) + .png)): null

2018-12-07 09:54:16 - [TEST_STEP][PASSED] - Statement - counter = counter + 1: null

2018-12-07 09:54:16 - [TEST_STEP][PASSED] - Statement - PreSaveFile = new java.io.File(((pathPrefix + java.lang.Integer.toString(counter)) + .png)): null

2018-12-07 09:54:16 - [TEST_STEP][PASSED] - Statement - counter = counter + 1: null

2018-12-07 09:54:16 - [TEST_STEP][PASSED] - Statement - PreSaveFile = new java.io.File(((pathPrefix + java.lang.Integer.toString(counter)) + .png)): null

2018-12-07 09:54:16 - [TEST_STEP][PASSED] - Statement - counter = counter + 1: null

2018-12-07 09:54:16 - [TEST_STEP][PASSED] - Statement - PreSaveFile = new java.io.File(((pathPrefix + java.lang.Integer.toString(counter)) + .png)): null

2018-12-07 09:54:16 - [TEST_STEP][PASSED] - Statement - counter = counter + 1: null

2018-12-07 09:54:16 - [TEST_STEP][PASSED] - Statement - PreSaveFile = new java.io.File(((pathPrefix + java.lang.Integer.toString(counter)) + .png)): null

2018-12-07 09:54:16 - [TEST_STEP][PASSED] - Statement - counter = counter + 1: null

2018-12-07 09:54:16 - [TEST_STEP][PASSED] - Statement - PreSaveFile = new java.io.File(((pathPrefix + java.lang.Integer.toString(counter)) + .png)): null

2018-12-07 09:54:16 - [TEST_STEP][PASSED] - Statement - counter = counter + 1: null

2018-12-07 09:54:16 - [TEST_STEP][PASSED] - Statement - PreSaveFile = new java.io.File(((pathPrefix + java.lang.Integer.toString(counter)) + .png)): null

2018-12-07 09:54:17 - [TEST_STEP][PASSED] - Statement - counter = counter + 1: null

2018-12-07 09:54:17 - [TEST_STEP][PASSED] - Statement - PreSaveFile = new java.io.File(((pathPrefix + java.lang.Integer.toString(counter)) + .png)): null

2018-12-07 09:54:17 - [TEST_STEP][PASSED] - Statement - counter = counter + 1: null

2018-12-07 09:54:17 - [TEST_STEP][PASSED] - Statement - PreSaveFile = new java.io.File(((pathPrefix + java.lang.Integer.toString(counter)) + .png)): null

2018-12-07 09:54:17 - [TEST_STEP][PASSED] - Statement - counter = counter + 1: null

2018-12-07 09:54:17 - [TEST_STEP][PASSED] - Statement - PreSaveFile = new java.io.File(((pathPrefix + java.lang.Integer.toString(counter)) + .png)): null

2018-12-07 09:54:17 - [TEST_STEP][PASSED] - Statement - counter = counter + 1: null

2018-12-07 09:54:17 - [TEST_STEP][PASSED] - Statement - PreSaveFile = new java.io.File(((pathPrefix + java.lang.Integer.toString(counter)) + .png)): null

2018-12-07 09:54:17 - [TEST_STEP][PASSED] - Statement - counter = counter + 1: null

2018-12-07 09:54:17 - [TEST_STEP][PASSED] - Statement - PreSaveFile = new java.io.File(((pathPrefix + java.lang.Integer.toString(counter)) + .png)): null

2018-12-07 09:54:17 - [TEST_STEP][PASSED] - Statement - counter = counter + 1: null

2018-12-07 09:54:17 - [TEST_STEP][PASSED] - Statement - PreSaveFile = new java.io.File(((pathPrefix + java.lang.Integer.toString(counter)) + .png)): null

2018-12-07 09:54:17 - [TEST_STEP][PASSED] - Statement - counter = counter + 1: null

2018-12-07 09:54:17 - [TEST_STEP][PASSED] - Statement - PreSaveFile = new java.io.File(((pathPrefix + java.lang.Integer.toString(counter)) + .png)): null

2018-12-07 09:54:17 - [TEST_STEP][PASSED] - Statement - counter = counter + 1: null

2018-12-07 09:54:17 - [TEST_STEP][PASSED] - Statement - PreSaveFile = new java.io.File(((pathPrefix + java.lang.Integer.toString(counter)) + .png)): null

2018-12-07 09:54:17 - [TEST_STEP][PASSED] - Statement - counter = counter + 1: null

2018-12-07 09:54:17 - [TEST_STEP][PASSED] - Statement - PreSaveFile = new java.io.File(((pathPrefix + java.lang.Integer.toString(counter)) + .png)): null

2018-12-07 09:54:17 - [TEST_STEP][PASSED] - Statement - counter = counter + 1: null

2018-12-07 09:54:17 - [TEST_STEP][PASSED] - Statement - PreSaveFile = new java.io.File(((pathPrefix + java.lang.Integer.toString(counter)) + .png)): null

2018-12-07 09:54:17 - [TEST_STEP][PASSED] - Statement - counter = counter + 1: null

2018-12-07 09:54:17 - [TEST_STEP][PASSED] - Statement - PreSaveFile = new java.io.File(((pathPrefix + java.lang.Integer.toString(counter)) + .png)): null

2018-12-07 09:54:17 - [TEST_STEP][PASSED] - Statement - counter = counter + 1: null

2018-12-07 09:54:17 - [TEST_STEP][PASSED] - Statement - PreSaveFile = new java.io.File(((pathPrefix + java.lang.Integer.toString(counter)) + .png)): null

2018-12-07 09:54:17 - [TEST_STEP][PASSED] - Statement - counter = counter + 1: null

2018-12-07 09:54:17 - [TEST_STEP][PASSED] - Statement - PreSaveFile = new java.io.File(((pathPrefix + java.lang.Integer.toString(counter)) + .png)): null

2018-12-07 09:54:17 - [TEST_STEP][PASSED] - Statement - counter = counter + 1: null

2018-12-07 09:54:17 - [TEST_STEP][PASSED] - Statement - PreSaveFile = new java.io.File(((pathPrefix + java.lang.Integer.toString(counter)) + .png)): null

2018-12-07 09:54:18 - [TEST_STEP][PASSED] - Statement - counter = counter + 1: null

2018-12-07 09:54:18 - [TEST_STEP][PASSED] - Statement - PreSaveFile = new java.io.File(((pathPrefix + java.lang.Integer.toString(counter)) + .png)): null

2018-12-07 09:54:18 - [TEST_STEP][PASSED] - Statement - counter = counter + 1: null

2018-12-07 09:54:18 - [TEST_STEP][PASSED] - Statement - PreSaveFile = new java.io.File(((pathPrefix + java.lang.Integer.toString(counter)) + .png)): null

2018-12-07 09:54:18 - [TEST_STEP][PASSED] - Statement - counter = counter + 1: null

2018-12-07 09:54:18 - [TEST_STEP][PASSED] - Statement - PreSaveFile = new java.io.File(((pathPrefix + java.lang.Integer.toString(counter)) + .png)): null

2018-12-07 09:54:18 - [TEST_STEP][PASSED] - Statement - counter = counter + 1: null

2018-12-07 09:54:18 - [TEST_STEP][PASSED] - Statement - PreSaveFile = new java.io.File(((pathPrefix + java.lang.Integer.toString(counter)) + .png)): null

2018-12-07 09:54:18 - [TEST_STEP][PASSED] - Statement - counter = counter + 1: null

2018-12-07 09:54:18 - [TEST_STEP][PASSED] - Statement - PreSaveFile = new java.io.File(((pathPrefix + java.lang.Integer.toString(counter)) + .png)): null

2018-12-07 09:54:18 - [TEST_STEP][PASSED] - Statement - counter = counter + 1: null

2018-12-07 09:54:18 - [TEST_STEP][PASSED] - Statement - PreSaveFile = new java.io.File(((pathPrefix + java.lang.Integer.toString(counter)) + .png)): null

2018-12-07 09:54:18 - [TEST_STEP][PASSED] - Statement - counter = counter + 1: null

2018-12-07 09:54:18 - [TEST_STEP][PASSED] - Statement - PreSaveFile = new java.io.File(((pathPrefix + java.lang.Integer.toString(counter)) + .png)): null

2018-12-07 09:54:18 - [TEST_STEP][PASSED] - Statement - counter = counter + 1: null

2018-12-07 09:54:18 - [TEST_STEP][PASSED] - Statement - PreSaveFile = new java.io.File(((pathPrefix + java.lang.Integer.toString(counter)) + .png)): null

2018-12-07 09:54:18 - [TEST_STEP][PASSED] - Statement - counter = counter + 1: null

2018-12-07 09:54:18 - [TEST_STEP][PASSED] - Statement - PreSaveFile = new java.io.File(((pathPrefix + java.lang.Integer.toString(counter)) + .png)): null

2018-12-07 09:54:18 - [TEST_STEP][PASSED] - Statement - counter = counter + 1: null

2018-12-07 09:54:18 - [TEST_STEP][PASSED] - Statement - PreSaveFile = new java.io.File(((pathPrefix + java.lang.Integer.toString(counter)) + .png)): null

2018-12-07 09:54:18 - [TEST_STEP][PASSED] - Statement - counter = counter + 1: null

2018-12-07 09:54:18 - [TEST_STEP][PASSED] - Statement - PreSaveFile = new java.io.File(((pathPrefix + java.lang.Integer.toString(counter)) + .png)): null

2018-12-07 09:54:18 - [TEST_STEP][PASSED] - Statement - counter = counter + 1: null

2018-12-07 09:54:18 - [TEST_STEP][PASSED] - Statement - PreSaveFile = new java.io.File(((pathPrefix + java.lang.Integer.toString(counter)) + .png)): null

2018-12-07 09:54:18 - [TEST_STEP][PASSED] - Statement - counter = counter + 1: null

2018-12-07 09:54:18 - [TEST_STEP][PASSED] - Statement - PreSaveFile = new java.io.File(((pathPrefix + java.lang.Integer.toString(counter)) + .png)): null

2018-12-07 09:54:18 - [TEST_STEP][PASSED] - Statement - counter = counter + 1: null

2018-12-07 09:54:18 - [TEST_STEP][PASSED] - Statement - PreSaveFile = new java.io.File(((pathPrefix + java.lang.Integer.toString(counter)) + .png)): null

2018-12-07 09:54:18 - [TEST_STEP][PASSED] - Statement - counter = counter + 1: null

2018-12-07 09:54:19 - [TEST_STEP][PASSED] - Statement - PreSaveFile = new java.io.File(((pathPrefix + java.lang.Integer.toString(counter)) + .png)): null

2018-12-07 09:54:19 - [TEST_STEP][PASSED] - Statement - counter = counter + 1: null

2018-12-07 09:54:19 - [TEST_STEP][PASSED] - Statement - PreSaveFile = new java.io.File(((pathPrefix + java.lang.Integer.toString(counter)) + .png)): null

2018-12-07 09:54:19 - [TEST_STEP][PASSED] - Statement - counter = counter + 1: null

2018-12-07 09:54:19 - [TEST_STEP][PASSED] - Statement - PreSaveFile = new java.io.File(((pathPrefix + java.lang.Integer.toString(counter)) + .png)): null

2018-12-07 09:54:19 - [TEST_STEP][PASSED] - Statement - counter = counter + 1: null

2018-12-07 09:54:19 - [TEST_STEP][PASSED] - Statement - PreSaveFile = new java.io.File(((pathPrefix + java.lang.Integer.toString(counter)) + .png)): null

2018-12-07 09:54:19 - [TEST_STEP][PASSED] - Statement - counter = counter + 1: null

2018-12-07 09:54:19 - [TEST_STEP][PASSED] - Statement - PreSaveFile = new java.io.File(((pathPrefix + java.lang.Integer.toString(counter)) + .png)): null

2018-12-07 09:54:19 - [TEST_STEP][PASSED] - Statement - counter = counter + 1: null

2018-12-07 09:54:19 - [TEST_STEP][PASSED] - Statement - PreSaveFile = new java.io.File(((pathPrefix + java.lang.Integer.toString(counter)) + .png)): null

2018-12-07 09:54:19 - [TEST_STEP][PASSED] - Statement - counter = counter + 1: null

2018-12-07 09:54:19 - [TEST_STEP][PASSED] - Statement - PreSaveFile = new java.io.File(((pathPrefix + java.lang.Integer.toString(counter)) + .png)): null

2018-12-07 09:54:19 - [TEST_STEP][PASSED] - Statement - counter = counter + 1: null

2018-12-07 09:54:19 - [TEST_STEP][PASSED] - Statement - PreSaveFile = new java.io.File(((pathPrefix + java.lang.Integer.toString(counter)) + .png)): null

2018-12-07 09:54:19 - [TEST_STEP][PASSED] - Statement - counter = counter + 1: null

2018-12-07 09:54:19 - [TEST_STEP][PASSED] - Statement - PreSaveFile = new java.io.File(((pathPrefix + java.lang.Integer.toString(counter)) + .png)): null

2018-12-07 09:54:19 - [TEST_STEP][PASSED] - Statement - counter = counter + 1: null

2018-12-07 09:54:19 - [TEST_STEP][PASSED] - Statement - PreSaveFile = new java.io.File(((pathPrefix + java.lang.Integer.toString(counter)) + .png)): null

2018-12-07 09:54:19 - [TEST_STEP][PASSED] - Statement - counter = counter + 1: null

2018-12-07 09:54:19 - [TEST_STEP][PASSED] - Statement - PreSaveFile = new java.io.File(((pathPrefix + java.lang.Integer.toString(counter)) + .png)): null

2018-12-07 09:54:19 - [TEST_STEP][PASSED] - Statement - counter = counter + 1: null

2018-12-07 09:54:19 - [TEST_STEP][PASSED] - Statement - PreSaveFile = new java.io.File(((pathPrefix + java.lang.Integer.toString(counter)) + .png)): null

2018-12-07 09:54:19 - [TEST_STEP][PASSED] - Statement - counter = counter + 1: null

2018-12-07 09:54:19 - [TEST_STEP][PASSED] - Statement - PreSaveFile = new java.io.File(((pathPrefix + java.lang.Integer.toString(counter)) + .png)): null

2018-12-07 09:54:19 - [TEST_STEP][PASSED] - Statement - counter = counter + 1: null

2018-12-07 09:54:19 - [TEST_STEP][PASSED] - Statement - PreSaveFile = new java.io.File(((pathPrefix + java.lang.Integer.toString(counter)) + .png)): null

2018-12-07 09:54:19 - [TEST_STEP][PASSED] - Statement - counter = counter + 1: null

2018-12-07 09:54:19 - [TEST_STEP][PASSED] - Statement - PreSaveFile = new java.io.File(((pathPrefix + java.lang.Integer.toString(counter)) + .png)): null

2018-12-07 09:54:20 - [TEST_STEP][PASSED] - Statement - counter = counter + 1: null

2018-12-07 09:54:20 - [TEST_STEP][PASSED] - Statement - PreSaveFile = new java.io.File(((pathPrefix + java.lang.Integer.toString(counter)) + .png)): null

2018-12-07 09:54:20 - [TEST_STEP][PASSED] - Statement - counter = counter + 1: null

2018-12-07 09:54:20 - [TEST_STEP][PASSED] - Statement - PreSaveFile = new java.io.File(((pathPrefix + java.lang.Integer.toString(counter)) + .png)): null

2018-12-07 09:54:20 - [TEST_STEP][PASSED] - Statement - counter = counter + 1: null

2018-12-07 09:54:20 - [TEST_STEP][PASSED] - Statement - PreSaveFile = new java.io.File(((pathPrefix + java.lang.Integer.toString(counter)) + .png)): null

2018-12-07 09:54:20 - [TEST_STEP][PASSED] - Statement - counter = counter + 1: null

2018-12-07 09:54:20 - [TEST_STEP][PASSED] - Statement - PreSaveFile = new java.io.File(((pathPrefix + java.lang.Integer.toString(counter)) + .png)): null

2018-12-07 09:54:20 - [TEST_STEP][PASSED] - Statement - counter = counter + 1: null

2018-12-07 09:54:20 - [TEST_STEP][PASSED] - Statement - PreSaveFile = new java.io.File(((pathPrefix + java.lang.Integer.toString(counter)) + .png)): null

2018-12-07 09:54:20 - [TEST_STEP][PASSED] - Statement - counter = counter + 1: null

2018-12-07 09:54:20 - [TEST_STEP][PASSED] - Statement - PreSaveFile = new java.io.File(((pathPrefix + java.lang.Integer.toString(counter)) + .png)): null

2018-12-07 09:54:20 - [TEST_STEP][PASSED] - Statement - counter = counter + 1: null

2018-12-07 09:54:20 - [TEST_STEP][PASSED] - Statement - PreSaveFile = new java.io.File(((pathPrefix + java.lang.Integer.toString(counter)) + .png)): null

2018-12-07 09:54:20 - [TEST_STEP][PASSED] - Statement - counter = counter + 1: null

2018-12-07 09:54:20 - [TEST_STEP][PASSED] - Statement - PreSaveFile = new java.io.File(((pathPrefix + java.lang.Integer.toString(counter)) + .png)): null

2018-12-07 09:54:20 - [TEST_STEP][PASSED] - Statement - counter = counter + 1: null

2018-12-07 09:54:20 - [TEST_STEP][PASSED] - Statement - PreSaveFile = new java.io.File(((pathPrefix + java.lang.Integer.toString(counter)) + .png)): null

2018-12-07 09:54:20 - [TEST_STEP][PASSED] - Statement - counter = counter + 1: null

2018-12-07 09:54:20 - [TEST_STEP][PASSED] - Statement - PreSaveFile = new java.io.File(((pathPrefix + java.lang.Integer.toString(counter)) + .png)): null

2018-12-07 09:54:20 - [TEST_STEP][PASSED] - Statement - counter = counter + 1: null

2018-12-07 09:54:20 - [TEST_STEP][PASSED] - Statement - PreSaveFile = new java.io.File(((pathPrefix + java.lang.Integer.toString(counter)) + .png)): null

2018-12-07 09:54:20 - [TEST_STEP][PASSED] - Statement - counter = counter + 1: null

2018-12-07 09:54:20 - [TEST_STEP][PASSED] - Statement - PreSaveFile = new java.io.File(((pathPrefix + java.lang.Integer.toString(counter)) + .png)): null

2018-12-07 09:54:20 - [TEST_STEP][PASSED] - Statement - counter = counter + 1: null

2018-12-07 09:54:20 - [TEST_STEP][PASSED] - Statement - PreSaveFile = new java.io.File(((pathPrefix + java.lang.Integer.toString(counter)) + .png)): null

2018-12-07 09:54:20 - [TEST_STEP][PASSED] - Statement - counter = counter + 1: null

2018-12-07 09:54:20 - [TEST_STEP][PASSED] - Statement - PreSaveFile = new java.io.File(((pathPrefix + java.lang.Integer.toString(counter)) + .png)): null

2018-12-07 09:54:20 - [TEST_STEP][PASSED] - Statement - counter = counter + 1: null

2018-12-07 09:54:21 - [TEST_STEP][PASSED] - Statement - PreSaveFile = new java.io.File(((pathPrefix + java.lang.Integer.toString(counter)) + .png)): null

2018-12-07 09:54:21 - [TEST_STEP][PASSED] - Statement - finalPath = pathPrefix + java.lang.Integer.toString(counter) + ".png": null

2018-12-07 09:54:21 - [TEST_STEP][PASSED] - Statement - SaveFile = new java.io.File(finalPath): null

2018-12-07 09:54:21 - [TEST_STEP][PASSED] - Statement - Try: null

2018-12-07 09:54:21 - [TEST_STEP][PASSED] - Statement - org.apache.commons.io.FileUtils.copyFile(scrFile, SaveFile): null

2018-12-07 09:54:21 - [TEST_STEP][PASSED] - Statement - out.println("file kept"): null

2018-12-07 09:54:21 - [TEST_STEP][PASSED] - delay: Delayed 10 second(s)

2018-12-07 09:54:31 - [MESSAGE][PASSED] - Delayed 10 second(s)

2018-12-07 09:54:31 - [MESSAGE][PASSED] - Call Test Case 'Test Cases/Final Aug 2018 - PKS Automation/Common/Screenshoting tool' successfully]]></system-out>
         <system-err><![CDATA[]]></system-err>
      </testcase>
      <testcase name="Test Cases/Final Aug 2018 - PKS Automation/Registration Module/Workflow/Update Add New Employee/Special Case (Employer - RO Approve)" classname="Test Cases/Final Aug 2018 - PKS Automation/Registration Module/Workflow/Update Add New Employee/Special Case (Employer - RO Approve)" status="PASSED">
         <system-out><![CDATA[2018-12-07 09:54:31 - [TEST_CASE][PASSED] - Test Cases/Final Aug 2018 - PKS Automation/Registration Module/Workflow/Update Add New Employee/Special Case (Employer - RO Approve): Test Cases/Final Aug 2018 - PKS Automation/Registration Module/Workflow/Update Add New Employee/Special Case (Employer - RO Approve)

2018-12-07 09:54:31 - [TEST_STEP][PASSED] - callTestCase: Call Test Case 'Test Cases/Final Aug 2018 - PKS Automation/Registration Module/Workflow/Update Add New Employee/Template/New Company for Update Add New - Employer' successfully

2018-12-07 09:54:31 - [TEST_CASE][PASSED] - Test Cases/Final Aug 2018 - PKS Automation/Registration Module/Workflow/Update Add New Employee/Template/New Company for Update Add New - Employer: Test Cases/Final Aug 2018 - PKS Automation/Registration Module/Workflow/Update Add New Employee/Template/New Company for Update Add New - Employer

2018-12-07 09:54:31 - [TEST_STEP][PASSED] - callTestCase: Call Test Case 'Test Cases/Final Aug 2018 - PKS Automation/Create Employer Acc/Create Employer Account' successfully

2018-12-07 09:54:31 - [TEST_CASE][PASSED] - Test Cases/Final Aug 2018 - PKS Automation/Create Employer Acc/Create Employer Account: Test Cases/Final Aug 2018 - PKS Automation/Create Employer Acc/Create Employer Account

2018-12-07 09:54:32 - [TEST_STEP][PASSED] - callTestCase: Call Test Case 'Test Cases/Final Aug 2018 - PKS Automation/Create Employer Acc/Template/Register Employer' successfully

2018-12-07 09:54:32 - [TEST_CASE][PASSED] - Test Cases/Final Aug 2018 - PKS Automation/Create Employer Acc/Template/Register Employer: Test Cases/Final Aug 2018 - PKS Automation/Create Employer Acc/Template/Register Employer

2018-12-07 09:54:32 - [TEST_STEP][PASSED] - openBrowser: Browser is opened with url: ''

2018-12-07 09:54:32 - [MESSAGE][WARNING] - A browser is already opened. Closing browser and opening a new one

2018-12-07 09:54:35 - [MESSAGE][PASSED] - Browser is opened with url: ''

2018-12-07 09:54:35 - [TEST_STEP][PASSED] - navigateToUrl: Navigate to 'https://assist2-uat.perkeso.gov.my/login' successfully

2018-12-07 09:54:36 - [MESSAGE][PASSED] - Navigate to 'https://assist2-uat.perkeso.gov.my/login' successfully

2018-12-07 09:54:36 - [TEST_STEP][PASSED] - setText: Text 'johorotc1@gmail.com' is set on object 'Object Repository/Final Object Repo/Login Page/Internal User/Email Address'

2018-12-07 09:54:36 - [MESSAGE][PASSED] - Text 'johorotc1@gmail.com' is set on object 'Object Repository/Final Object Repo/Login Page/Internal User/Email Address'

2018-12-07 09:54:36 - [TEST_STEP][PASSED] - click: Object: 'Object Repository/Final Object Repo/Login Page/Internal User/Next Button' is clicked on

2018-12-07 09:54:36 - [MESSAGE][PASSED] - Object: 'Object Repository/Final Object Repo/Login Page/Internal User/Next Button' is clicked on

2018-12-07 09:54:36 - [TEST_STEP][PASSED] - delay: Delayed 1 second(s)

2018-12-07 09:54:37 - [MESSAGE][PASSED] - Delayed 1 second(s)

2018-12-07 09:54:37 - [TEST_STEP][PASSED] - setEncryptedText: Text ****** has been set on object 'Object Repository/Final Object Repo/Login Page/Internal User/Password'

2018-12-07 09:54:38 - [MESSAGE][PASSED] - Text ****** has been set on object 'Object Repository/Final Object Repo/Login Page/Internal User/Password'

2018-12-07 09:54:38 - [TEST_STEP][PASSED] - click: Object: 'Object Repository/Final Object Repo/Login Page/Internal User/Login Button' is clicked on

2018-12-07 09:54:38 - [MESSAGE][PASSED] - Object: 'Object Repository/Final Object Repo/Login Page/Internal User/Login Button' is clicked on

2018-12-07 09:54:38 - [TEST_STEP][PASSED] - delay: Delayed 1 second(s)

2018-12-07 09:54:39 - [MESSAGE][PASSED] - Delayed 1 second(s)

2018-12-07 09:54:39 - [TEST_STEP][PASSED] - navigateToUrl: Navigate to 'https://assist2-uat.perkeso.gov.my/web/base/portal-id/registration' successfully

2018-12-07 09:54:41 - [MESSAGE][PASSED] - Navigate to 'https://assist2-uat.perkeso.gov.my/web/base/portal-id/registration' successfully

2018-12-07 09:54:41 - [TEST_STEP][PASSED] - setText: Text 'AUTOMATION EMPLOYER' is set on object 'Object Repository/Final Object Repo/Creating Employer Account/Page_Registration - ASSIST (Base)/Employer Name'

2018-12-07 09:54:41 - [MESSAGE][PASSED] - Text 'AUTOMATION EMPLOYER' is set on object 'Object Repository/Final Object Repo/Creating Employer Account/Page_Registration - ASSIST (Base)/Employer Name'

2018-12-07 09:54:41 - [TEST_STEP][PASSED] - delay: Delayed 2 second(s)

2018-12-07 09:54:43 - [MESSAGE][PASSED] - Delayed 2 second(s)

2018-12-07 09:54:43 - [TEST_STEP][PASSED] - click: Object: 'Object Repository/Final Object Repo/Creating Employer Account/Page_Registration - ASSIST (Base)/Registration Type' is clicked on

2018-12-07 09:54:44 - [MESSAGE][PASSED] - Object: 'Object Repository/Final Object Repo/Creating Employer Account/Page_Registration - ASSIST (Base)/Registration Type' is clicked on

2018-12-07 09:54:44 - [TEST_STEP][PASSED] - delay: Delayed 2 second(s)

2018-12-07 09:54:46 - [MESSAGE][PASSED] - Delayed 2 second(s)

2018-12-07 09:54:46 - [TEST_STEP][PASSED] - click: Object: 'Object Repository/Final Object Repo/Creating Employer Account/Page_Registration - ASSIST (Base)/Registration Type - Registration No' is clicked on

2018-12-07 09:54:46 - [MESSAGE][PASSED] - Object: 'Object Repository/Final Object Repo/Creating Employer Account/Page_Registration - ASSIST (Base)/Registration Type - Registration No' is clicked on

2018-12-07 09:54:46 - [TEST_STEP][PASSED] - delay: Delayed 2 second(s)

2018-12-07 09:54:48 - [MESSAGE][PASSED] - Delayed 2 second(s)

2018-12-07 09:54:48 - [TEST_STEP][PASSED] - setText: Text '1234567890' is set on object 'Object Repository/Final Object Repo/Creating Employer Account/Page_Registration - ASSIST (Base)/Registration Number'

2018-12-07 09:54:48 - [MESSAGE][PASSED] - Text '1234567890' is set on object 'Object Repository/Final Object Repo/Creating Employer Account/Page_Registration - ASSIST (Base)/Registration Number'

2018-12-07 09:54:48 - [TEST_STEP][PASSED] - delay: Delayed 2 second(s)

2018-12-07 09:54:50 - [MESSAGE][PASSED] - Delayed 2 second(s)

2018-12-07 09:54:50 - [TEST_STEP][PASSED] - setText: Text 'ADDRESS 1' is set on object 'Object Repository/Final Object Repo/Creating Employer Account/Page_Registration - ASSIST (Base)/Postal Address 1'

2018-12-07 09:54:51 - [MESSAGE][PASSED] - Text 'ADDRESS 1' is set on object 'Object Repository/Final Object Repo/Creating Employer Account/Page_Registration - ASSIST (Base)/Postal Address 1'

2018-12-07 09:54:51 - [TEST_STEP][PASSED] - setText: Text 'ADDRESS 2' is set on object 'Object Repository/Final Object Repo/Creating Employer Account/Page_Registration - ASSIST (Base)/Postal Address 2'

2018-12-07 09:54:51 - [MESSAGE][PASSED] - Text 'ADDRESS 2' is set on object 'Object Repository/Final Object Repo/Creating Employer Account/Page_Registration - ASSIST (Base)/Postal Address 2'

2018-12-07 09:54:51 - [TEST_STEP][PASSED] - click: Object: 'Object Repository/Final Object Repo/Creating Employer Account/Page_Registration - ASSIST (Base)/State' is clicked on

2018-12-07 09:54:51 - [MESSAGE][PASSED] - Object: 'Object Repository/Final Object Repo/Creating Employer Account/Page_Registration - ASSIST (Base)/State' is clicked on

2018-12-07 09:54:51 - [TEST_STEP][PASSED] - delay: Delayed 2 second(s)

2018-12-07 09:54:53 - [MESSAGE][PASSED] - Delayed 2 second(s)

2018-12-07 09:54:53 - [TEST_STEP][PASSED] - click: Object: 'Object Repository/Final Object Repo/Creating Employer Account/Page_Registration - ASSIST (Base)/State - Johor' is clicked on

2018-12-07 09:54:53 - [MESSAGE][PASSED] - Object: 'Object Repository/Final Object Repo/Creating Employer Account/Page_Registration - ASSIST (Base)/State - Johor' is clicked on

2018-12-07 09:54:53 - [TEST_STEP][PASSED] - delay: Delayed 2 second(s)

2018-12-07 09:54:55 - [MESSAGE][PASSED] - Delayed 2 second(s)

2018-12-07 09:54:55 - [TEST_STEP][PASSED] - click: Object: 'Object Repository/Final Object Repo/Creating Employer Account/Page_Registration - ASSIST (Base)/City' is clicked on

2018-12-07 09:54:55 - [MESSAGE][PASSED] - Object: 'Object Repository/Final Object Repo/Creating Employer Account/Page_Registration - ASSIST (Base)/City' is clicked on

2018-12-07 09:54:55 - [TEST_STEP][PASSED] - delay: Delayed 2 second(s)

2018-12-07 09:54:57 - [MESSAGE][PASSED] - Delayed 2 second(s)

2018-12-07 09:54:57 - [TEST_STEP][PASSED] - setText: Text 'joh' is set on object 'Object Repository/Final Object Repo/Creating Employer Account/Page_Registration - ASSIST (Base)/City - joh'

2018-12-07 09:54:58 - [MESSAGE][PASSED] - Text 'joh' is set on object 'Object Repository/Final Object Repo/Creating Employer Account/Page_Registration - ASSIST (Base)/City - joh'

2018-12-07 09:54:58 - [TEST_STEP][PASSED] - delay: Delayed 2 second(s)

2018-12-07 09:55:00 - [MESSAGE][PASSED] - Delayed 2 second(s)

2018-12-07 09:55:00 - [TEST_STEP][PASSED] - click: Object: 'Object Repository/Final Object Repo/Creating Employer Account/Page_Registration - ASSIST (Base)/City - Johor Bharu' is clicked on

2018-12-07 09:55:00 - [MESSAGE][PASSED] - Object: 'Object Repository/Final Object Repo/Creating Employer Account/Page_Registration - ASSIST (Base)/City - Johor Bharu' is clicked on

2018-12-07 09:55:00 - [TEST_STEP][PASSED] - delay: Delayed 2 second(s)

2018-12-07 09:55:02 - [MESSAGE][PASSED] - Delayed 2 second(s)

2018-12-07 09:55:02 - [TEST_STEP][PASSED] - click: Object: 'Object Repository/Final Object Repo/Creating Employer Account/Page_Registration - ASSIST (Base)/Post Code' is clicked on

2018-12-07 09:55:02 - [MESSAGE][PASSED] - Object: 'Object Repository/Final Object Repo/Creating Employer Account/Page_Registration - ASSIST (Base)/Post Code' is clicked on

2018-12-07 09:55:02 - [TEST_STEP][PASSED] - delay: Delayed 2 second(s)

2018-12-07 09:55:04 - [MESSAGE][PASSED] - Delayed 2 second(s)

2018-12-07 09:55:04 - [TEST_STEP][PASSED] - setText: Text '810' is set on object 'Object Repository/Final Object Repo/Creating Employer Account/Page_Registration - ASSIST (Base)/Post Code - 810'

2018-12-07 09:55:04 - [MESSAGE][PASSED] - Text '810' is set on object 'Object Repository/Final Object Repo/Creating Employer Account/Page_Registration - ASSIST (Base)/Post Code - 810'

2018-12-07 09:55:04 - [TEST_STEP][PASSED] - delay: Delayed 2 second(s)

2018-12-07 09:55:06 - [MESSAGE][PASSED] - Delayed 2 second(s)

2018-12-07 09:55:06 - [TEST_STEP][PASSED] - click: Object: 'Object Repository/Final Object Repo/Creating Employer Account/Page_Registration - ASSIST (Base)/Post Code - 81000' is clicked on

2018-12-07 09:55:07 - [MESSAGE][PASSED] - Object: 'Object Repository/Final Object Repo/Creating Employer Account/Page_Registration - ASSIST (Base)/Post Code - 81000' is clicked on

2018-12-07 09:55:07 - [TEST_STEP][PASSED] - delay: Delayed 2 second(s)

2018-12-07 09:55:09 - [MESSAGE][PASSED] - Delayed 2 second(s)

2018-12-07 09:55:09 - [TEST_STEP][PASSED] - setText: Text 'PERKESO' is set on object 'Object Repository/Final Object Repo/Creating Employer Account/Page_Registration - ASSIST (Base)/Full Name'

2018-12-07 09:55:09 - [MESSAGE][PASSED] - Text 'PERKESO' is set on object 'Object Repository/Final Object Repo/Creating Employer Account/Page_Registration - ASSIST (Base)/Full Name'

2018-12-07 09:55:09 - [TEST_STEP][PASSED] - Statement - rnd = new java.util.Random(): null

2018-12-07 09:55:09 - [TEST_STEP][PASSED] - Statement - snum = rnd.nextInt(899999 + 1) + 100000: null

2018-12-07 09:55:09 - [TEST_STEP][PASSED] - Statement - tnum = rnd.nextInt(899999 + 1) + 100000: null

2018-12-07 09:55:09 - [TEST_STEP][PASSED] - Statement - IC = java.lang.Integer.toString(snum) + java.lang.Integer.toString(tnum): null

2018-12-07 09:55:09 - [TEST_STEP][PASSED] - Statement - out.println(IC): null

2018-12-07 09:55:09 - [TEST_STEP][PASSED] - setText: Text '392595912892' is set on object 'Object Repository/Final Object Repo/Creating Employer Account/Page_Registration - ASSIST (Base)/Identification Number'

2018-12-07 09:55:09 - [MESSAGE][PASSED] - Text '392595912892' is set on object 'Object Repository/Final Object Repo/Creating Employer Account/Page_Registration - ASSIST (Base)/Identification Number'

2018-12-07 09:55:09 - [TEST_STEP][PASSED] - delay: Delayed 2 second(s)

2018-12-07 09:55:11 - [MESSAGE][PASSED] - Delayed 2 second(s)

2018-12-07 09:55:11 - [TEST_STEP][PASSED] - setText: Text '123456789012' is set on object 'Object Repository/Final Object Repo/Creating Employer Account/Page_Registration - ASSIST (Base)/Contact Number'

2018-12-07 09:55:12 - [MESSAGE][PASSED] - Text '123456789012' is set on object 'Object Repository/Final Object Repo/Creating Employer Account/Page_Registration - ASSIST (Base)/Contact Number'

2018-12-07 09:55:12 - [TEST_STEP][PASSED] - Statement - Email = "perkeso" + IC + "@gmail.com": null

2018-12-07 09:55:12 - [TEST_STEP][PASSED] - delay: Delayed 2 second(s)

2018-12-07 09:55:14 - [MESSAGE][PASSED] - Delayed 2 second(s)

2018-12-07 09:55:14 - [TEST_STEP][PASSED] - callTestCase: Call Test Case 'Test Cases/Final Aug 2018 - PKS Automation/Create Employer Acc/Template/Employer Email Settler' successfully

2018-12-07 09:55:14 - [TEST_CASE][PASSED] - Test Cases/Final Aug 2018 - PKS Automation/Create Employer Acc/Template/Employer Email Settler: Test Cases/Final Aug 2018 - PKS Automation/Create Employer Acc/Template/Employer Email Settler

2018-12-07 09:55:14 - [TEST_STEP][PASSED] - Statement - EmpEmailOld = new java.io.File(C://Users//Admin//Desktop//PKS//Automation Reference Point//EmpEmail.txt): null

2018-12-07 09:55:14 - [TEST_STEP][PASSED] - Statement - EmpEmailOld.delete(): null

2018-12-07 09:55:14 - [TEST_STEP][PASSED] - delay: Delayed 5 second(s)

2018-12-07 09:55:19 - [MESSAGE][PASSED] - Delayed 5 second(s)

2018-12-07 09:55:19 - [TEST_STEP][PASSED] - Statement - EmpEmail = new java.io.File(C://Users//Admin//Desktop//PKS//Automation Reference Point//EmpEmail.txt): null

2018-12-07 09:55:19 - [TEST_STEP][PASSED] - Statement - f2 = new java.io.FileWriter(EmpEmail, false): null

2018-12-07 09:55:19 - [TEST_STEP][PASSED] - Statement - f2.write(Email): null

2018-12-07 09:55:19 - [TEST_STEP][PASSED] - Statement - f2.close(): null

2018-12-07 09:55:19 - [TEST_STEP][PASSED] - Statement - out.println(Email): null

2018-12-07 09:55:19 - [MESSAGE][PASSED] - Call Test Case 'Test Cases/Final Aug 2018 - PKS Automation/Create Employer Acc/Template/Employer Email Settler' successfully

2018-12-07 09:55:19 - [TEST_STEP][PASSED] - delay: Delayed 2 second(s)

2018-12-07 09:55:21 - [MESSAGE][PASSED] - Delayed 2 second(s)

2018-12-07 09:55:21 - [TEST_STEP][PASSED] - setText: Text 'perkeso392595912892@gmail.com' is set on object 'Object Repository/Final Object Repo/Creating Employer Account/Page_Registration - ASSIST (Base)/Email'

2018-12-07 09:55:22 - [MESSAGE][PASSED] - Text 'perkeso392595912892@gmail.com' is set on object 'Object Repository/Final Object Repo/Creating Employer Account/Page_Registration - ASSIST (Base)/Email'

2018-12-07 09:55:22 - [TEST_STEP][PASSED] - setText: Text '123' is set on object 'Object Repository/Final Object Repo/Creating Employer Account/Page_Registration - ASSIST (Base)/Security Phase'

2018-12-07 09:55:22 - [MESSAGE][PASSED] - Text '123' is set on object 'Object Repository/Final Object Repo/Creating Employer Account/Page_Registration - ASSIST (Base)/Security Phase'

2018-12-07 09:55:22 - [TEST_STEP][PASSED] - click: Object: 'Object Repository/Final Object Repo/Creating Employer Account/Page_Registration - ASSIST (Base)/Save  Continue' is clicked on

2018-12-07 09:55:22 - [MESSAGE][PASSED] - Object: 'Object Repository/Final Object Repo/Creating Employer Account/Page_Registration - ASSIST (Base)/Save  Continue' is clicked on

2018-12-07 09:55:22 - [TEST_STEP][PASSED] - delay: Delayed 2 second(s)

2018-12-07 09:55:24 - [MESSAGE][PASSED] - Delayed 2 second(s)

2018-12-07 09:55:24 - [TEST_STEP][PASSED] - click: Object: 'Object Repository/Final Object Repo/Creating Employer Account/Page_Registration - ASSIST (Base)/Add Document' is clicked on

2018-12-07 09:55:24 - [MESSAGE][PASSED] - Object: 'Object Repository/Final Object Repo/Creating Employer Account/Page_Registration - ASSIST (Base)/Add Document' is clicked on

2018-12-07 09:55:24 - [TEST_STEP][PASSED] - delay: Delayed 2 second(s)

2018-12-07 09:55:26 - [MESSAGE][PASSED] - Delayed 2 second(s)

2018-12-07 09:55:26 - [TEST_STEP][PASSED] - click: Object: 'Object Repository/Final Object Repo/Creating Employer Account/Page_Registration - ASSIST (Base)/Document Type' is clicked on

2018-12-07 09:55:26 - [MESSAGE][PASSED] - Object: 'Object Repository/Final Object Repo/Creating Employer Account/Page_Registration - ASSIST (Base)/Document Type' is clicked on

2018-12-07 09:55:26 - [TEST_STEP][PASSED] - delay: Delayed 2 second(s)

2018-12-07 09:55:28 - [MESSAGE][PASSED] - Delayed 2 second(s)

2018-12-07 09:55:28 - [TEST_STEP][PASSED] - click: Object: 'Object Repository/Final Object Repo/Creating Employer Account/Page_Registration - ASSIST (Base)/Document Type - Letter of Authorization' is clicked on

2018-12-07 09:55:29 - [MESSAGE][PASSED] - Object: 'Object Repository/Final Object Repo/Creating Employer Account/Page_Registration - ASSIST (Base)/Document Type - Letter of Authorization' is clicked on

2018-12-07 09:55:29 - [TEST_STEP][PASSED] - delay: Delayed 2 second(s)

2018-12-07 09:55:31 - [MESSAGE][PASSED] - Delayed 2 second(s)

2018-12-07 09:55:31 - [TEST_STEP][PASSED] - sendKeys: Keys 'C:\Users\Public\Pictures\Sample Pictures\Koala.jpg' sent to object: 'Object Repository/Final Object Repo/Creating Employer Account/Page_Registration - ASSIST (Base)/Uploading File'

2018-12-07 09:55:31 - [MESSAGE][PASSED] - Keys 'C:\Users\Public\Pictures\Sample Pictures\Koala.jpg' sent to object: 'Object Repository/Final Object Repo/Creating Employer Account/Page_Registration - ASSIST (Base)/Uploading File'

2018-12-07 09:55:31 - [TEST_STEP][PASSED] - delay: Delayed 2 second(s)

2018-12-07 09:55:33 - [MESSAGE][PASSED] - Delayed 2 second(s)

2018-12-07 09:55:33 - [TEST_STEP][PASSED] - click: Object: 'Object Repository/Final Object Repo/Creating Employer Account/Page_Registration - ASSIST (Base)/Add Document in Uploading File' is clicked on

2018-12-07 09:55:33 - [MESSAGE][PASSED] - Object: 'Object Repository/Final Object Repo/Creating Employer Account/Page_Registration - ASSIST (Base)/Add Document in Uploading File' is clicked on

2018-12-07 09:55:33 - [TEST_STEP][PASSED] - delay: Delayed 2 second(s)

2018-12-07 09:55:35 - [MESSAGE][PASSED] - Delayed 2 second(s)

2018-12-07 09:55:35 - [TEST_STEP][PASSED] - click: Object: 'Object Repository/Final Object Repo/Creating Employer Account/Page_Registration - ASSIST (Base)/Save' is clicked on

2018-12-07 09:55:35 - [MESSAGE][PASSED] - Object: 'Object Repository/Final Object Repo/Creating Employer Account/Page_Registration - ASSIST (Base)/Save' is clicked on

2018-12-07 09:55:35 - [TEST_STEP][PASSED] - delay: Delayed 2 second(s)

2018-12-07 09:55:37 - [MESSAGE][PASSED] - Delayed 2 second(s)

2018-12-07 09:55:37 - [TEST_STEP][PASSED] - click: Object: 'Object Repository/Final Object Repo/Creating Employer Account/Page_Registration - ASSIST (Base)/Submit' is clicked on

2018-12-07 09:55:38 - [MESSAGE][PASSED] - Object: 'Object Repository/Final Object Repo/Creating Employer Account/Page_Registration - ASSIST (Base)/Submit' is clicked on

2018-12-07 09:55:38 - [TEST_STEP][PASSED] - delay: Delayed 2 second(s)

2018-12-07 09:55:40 - [MESSAGE][PASSED] - Delayed 2 second(s)

2018-12-07 09:55:40 - [TEST_STEP][PASSED] - click: Object: 'Object Repository/Final Object Repo/Creating Employer Account/Page_Registration - ASSIST (Base)/Confirm' is clicked on

2018-12-07 09:55:40 - [MESSAGE][PASSED] - Object: 'Object Repository/Final Object Repo/Creating Employer Account/Page_Registration - ASSIST (Base)/Confirm' is clicked on

2018-12-07 09:55:40 - [MESSAGE][PASSED] - Call Test Case 'Test Cases/Final Aug 2018 - PKS Automation/Create Employer Acc/Template/Register Employer' successfully

2018-12-07 09:55:40 - [TEST_STEP][PASSED] - delay: Delayed 1 second(s)

2018-12-07 09:55:41 - [MESSAGE][PASSED] - Delayed 1 second(s)

2018-12-07 09:55:41 - [TEST_STEP][PASSED] - navigateToUrl: Navigate to 'https://assist2-uat.perkeso.gov.my/c/portal/logout' successfully

2018-12-07 09:55:42 - [MESSAGE][PASSED] - Navigate to 'https://assist2-uat.perkeso.gov.my/c/portal/logout' successfully

2018-12-07 09:55:42 - [TEST_STEP][PASSED] - delay: Delayed 1 second(s)

2018-12-07 09:55:43 - [MESSAGE][PASSED] - Delayed 1 second(s)

2018-12-07 09:55:43 - [TEST_STEP][PASSED] - callTestCase: Call Test Case 'Test Cases/Final Aug 2018 - PKS Automation/Create Employer Acc/Template/Change Password of Employer' successfully

2018-12-07 09:55:43 - [TEST_CASE][PASSED] - Test Cases/Final Aug 2018 - PKS Automation/Create Employer Acc/Template/Change Password of Employer: Test Cases/Final Aug 2018 - PKS Automation/Create Employer Acc/Template/Change Password of Employer

2018-12-07 09:55:44 - [TEST_STEP][PASSED] - openBrowser: Browser is opened with url: ''

2018-12-07 09:55:44 - [MESSAGE][WARNING] - A browser is already opened. Closing browser and opening a new one

2018-12-07 09:55:47 - [MESSAGE][PASSED] - Browser is opened with url: ''

2018-12-07 09:55:47 - [TEST_STEP][PASSED] - navigateToUrl: Navigate to 'https://assist2-uat.perkeso.gov.my/login' successfully

2018-12-07 09:55:48 - [MESSAGE][PASSED] - Navigate to 'https://assist2-uat.perkeso.gov.my/login' successfully

2018-12-07 09:55:48 - [TEST_STEP][PASSED] - delay: Delayed 5 second(s)

2018-12-07 09:55:53 - [MESSAGE][PASSED] - Delayed 5 second(s)

2018-12-07 09:55:53 - [TEST_STEP][PASSED] - setText: Text 'test@liferay.com' is set on object 'Object Repository/Final Object Repo/Login Page/Internal User/Email Address'

2018-12-07 09:55:53 - [MESSAGE][PASSED] - Text 'test@liferay.com' is set on object 'Object Repository/Final Object Repo/Login Page/Internal User/Email Address'

2018-12-07 09:55:53 - [TEST_STEP][PASSED] - click: Object: 'Object Repository/Final Object Repo/Login Page/Internal User/Next Button' is clicked on

2018-12-07 09:55:53 - [MESSAGE][PASSED] - Object: 'Object Repository/Final Object Repo/Login Page/Internal User/Next Button' is clicked on

2018-12-07 09:55:53 - [TEST_STEP][PASSED] - delay: Delayed 2 second(s)

2018-12-07 09:55:55 - [MESSAGE][PASSED] - Delayed 2 second(s)

2018-12-07 09:55:55 - [TEST_STEP][PASSED] - setText: Text 'test' is set on object 'Object Repository/Final Object Repo/Login Page/Internal User/Password'

2018-12-07 09:55:55 - [MESSAGE][PASSED] - Text 'test' is set on object 'Object Repository/Final Object Repo/Login Page/Internal User/Password'

2018-12-07 09:55:55 - [TEST_STEP][PASSED] - delay: Delayed 2 second(s)

2018-12-07 09:55:57 - [MESSAGE][PASSED] - Delayed 2 second(s)

2018-12-07 09:55:57 - [TEST_STEP][PASSED] - click: Object: 'Object Repository/Final Object Repo/Login Page/Internal User/Login Button' is clicked on

2018-12-07 09:55:58 - [MESSAGE][PASSED] - Object: 'Object Repository/Final Object Repo/Login Page/Internal User/Login Button' is clicked on

2018-12-07 09:55:58 - [TEST_STEP][PASSED] - delay: Delayed 3 second(s)

2018-12-07 09:56:01 - [MESSAGE][PASSED] - Delayed 3 second(s)

2018-12-07 09:56:01 - [TEST_STEP][PASSED] - navigateToUrl: Navigate to 'https://assist2-uat.perkeso.gov.my/group/control_panel/manage?p_p_id=125&p_p_lifecycle=0&p_p_state=maximized&p_p_mode=view&refererPlid=20455&_125_usersListView=flat-users&_125_toolbarItem=view-all-users&_125_saveUsersListView=true&_125_struts_action=%2Fusers_admin%2Fview' successfully

2018-12-07 09:56:02 - [MESSAGE][PASSED] - Navigate to 'https://assist2-uat.perkeso.gov.my/group/control_panel/manage?p_p_id=125&p_p_lifecycle=0&p_p_state=maximized&p_p_mode=view&refererPlid=20455&_125_usersListView=flat-users&_125_toolbarItem=view-all-users&_125_saveUsersListView=true&_125_struts_action=%2Fusers_admin%2Fview' successfully

2018-12-07 09:56:02 - [TEST_STEP][PASSED] - delay: Delayed 3 second(s)

2018-12-07 09:56:05 - [MESSAGE][PASSED] - Delayed 3 second(s)

2018-12-07 09:56:05 - [TEST_STEP][PASSED] - setText: Text 'perkeso392595912892@gmail.com' is set on object 'Object Repository/Final Object Repo/Creating Employer Account/Page_Users and Organizations - ASSIST/Employer name'

2018-12-07 09:56:06 - [MESSAGE][PASSED] - Text 'perkeso392595912892@gmail.com' is set on object 'Object Repository/Final Object Repo/Creating Employer Account/Page_Users and Organizations - ASSIST/Employer name'

2018-12-07 09:56:06 - [TEST_STEP][PASSED] - delay: Delayed 3 second(s)

2018-12-07 09:56:09 - [MESSAGE][PASSED] - Delayed 3 second(s)

2018-12-07 09:56:09 - [TEST_STEP][PASSED] - click: Object: 'Object Repository/Final Object Repo/Creating Employer Account/Page_Users and Organizations - ASSIST/Search' is clicked on

2018-12-07 09:56:09 - [MESSAGE][PASSED] - Object: 'Object Repository/Final Object Repo/Creating Employer Account/Page_Users and Organizations - ASSIST/Search' is clicked on

2018-12-07 09:56:09 - [TEST_STEP][PASSED] - delay: Delayed 3 second(s)

2018-12-07 09:56:12 - [MESSAGE][PASSED] - Delayed 3 second(s)

2018-12-07 09:56:12 - [TEST_STEP][PASSED] - click: Object: 'Object Repository/Final Object Repo/Creating Employer Account/Page_Users and Organizations - ASSIST/Action' is clicked on

2018-12-07 09:56:12 - [MESSAGE][PASSED] - Object: 'Object Repository/Final Object Repo/Creating Employer Account/Page_Users and Organizations - ASSIST/Action' is clicked on

2018-12-07 09:56:12 - [TEST_STEP][PASSED] - delay: Delayed 3 second(s)

2018-12-07 09:56:15 - [MESSAGE][PASSED] - Delayed 3 second(s)

2018-12-07 09:56:15 - [TEST_STEP][PASSED] - click: Object: 'Object Repository/Final Object Repo/Creating Employer Account/Page_Users and Organizations - ASSIST/Edit' is clicked on

2018-12-07 09:56:16 - [MESSAGE][PASSED] - Object: 'Object Repository/Final Object Repo/Creating Employer Account/Page_Users and Organizations - ASSIST/Edit' is clicked on

2018-12-07 09:56:16 - [TEST_STEP][PASSED] - delay: Delayed 3 second(s)

2018-12-07 09:56:19 - [MESSAGE][PASSED] - Delayed 3 second(s)

2018-12-07 09:56:19 - [TEST_STEP][PASSED] - click: Object: 'Object Repository/Final Object Repo/Creating Employer Account/Page_PERKESO - Users and Organizati/a_Password (Modified)' is clicked on

2018-12-07 09:56:20 - [MESSAGE][PASSED] - Object: 'Object Repository/Final Object Repo/Creating Employer Account/Page_PERKESO - Users and Organizati/a_Password (Modified)' is clicked on

2018-12-07 09:56:20 - [TEST_STEP][PASSED] - delay: Delayed 3 second(s)

2018-12-07 09:56:23 - [MESSAGE][PASSED] - Delayed 3 second(s)

2018-12-07 09:56:23 - [TEST_STEP][PASSED] - setEncryptedText: Text ****** has been set on object 'Object Repository/Final Object Repo/Creating Employer Account/Page_PERKESO - Users and Organizati/input__125_password1'

2018-12-07 09:56:23 - [MESSAGE][PASSED] - Text ****** has been set on object 'Object Repository/Final Object Repo/Creating Employer Account/Page_PERKESO - Users and Organizati/input__125_password1'

2018-12-07 09:56:23 - [TEST_STEP][PASSED] - delay: Delayed 3 second(s)

2018-12-07 09:56:26 - [MESSAGE][PASSED] - Delayed 3 second(s)

2018-12-07 09:56:26 - [TEST_STEP][PASSED] - setEncryptedText: Text ****** has been set on object 'Object Repository/Final Object Repo/Creating Employer Account/Page_PERKESO - Users and Organizati/input__125_password2'

2018-12-07 09:56:26 - [MESSAGE][PASSED] - Text ****** has been set on object 'Object Repository/Final Object Repo/Creating Employer Account/Page_PERKESO - Users and Organizati/input__125_password2'

2018-12-07 09:56:26 - [TEST_STEP][PASSED] - delay: Delayed 3 second(s)

2018-12-07 09:56:29 - [MESSAGE][PASSED] - Delayed 3 second(s)

2018-12-07 09:56:29 - [TEST_STEP][PASSED] - click: Object: 'Object Repository/Final Object Repo/Creating Employer Account/Page_PERKESO - Users and Organizati/Save' is clicked on

2018-12-07 09:56:31 - [MESSAGE][PASSED] - Object: 'Object Repository/Final Object Repo/Creating Employer Account/Page_PERKESO - Users and Organizati/Save' is clicked on

2018-12-07 09:56:31 - [MESSAGE][PASSED] - Call Test Case 'Test Cases/Final Aug 2018 - PKS Automation/Create Employer Acc/Template/Change Password of Employer' successfully

2018-12-07 09:56:31 - [TEST_STEP][PASSED] - delay: Delayed 1 second(s)

2018-12-07 09:56:32 - [MESSAGE][PASSED] - Delayed 1 second(s)

2018-12-07 09:56:32 - [TEST_STEP][PASSED] - navigateToUrl: Navigate to 'https://assist2-uat.perkeso.gov.my/c/portal/logout' successfully

2018-12-07 09:56:33 - [MESSAGE][PASSED] - Navigate to 'https://assist2-uat.perkeso.gov.my/c/portal/logout' successfully

2018-12-07 09:56:33 - [TEST_STEP][PASSED] - delay: Delayed 1 second(s)

2018-12-07 09:56:34 - [MESSAGE][PASSED] - Delayed 1 second(s)

2018-12-07 09:56:34 - [TEST_STEP][PASSED] - callTestCase: Call Test Case 'Test Cases/Final Aug 2018 - PKS Automation/Create Employer Acc/Template/Login to Employer Account (First Time)' successfully

2018-12-07 09:56:34 - [TEST_CASE][PASSED] - Test Cases/Final Aug 2018 - PKS Automation/Create Employer Acc/Template/Login to Employer Account (First Time): Test Cases/Final Aug 2018 - PKS Automation/Create Employer Acc/Template/Login to Employer Account (First Time)

2018-12-07 09:56:34 - [TEST_STEP][PASSED] - openBrowser: Browser is opened with url: ''

2018-12-07 09:56:34 - [MESSAGE][WARNING] - A browser is already opened. Closing browser and opening a new one

2018-12-07 09:56:37 - [MESSAGE][PASSED] - Browser is opened with url: ''

2018-12-07 09:56:37 - [TEST_STEP][PASSED] - navigateToUrl: Navigate to 'https://assist2-uat.perkeso.gov.my/employer/login' successfully

2018-12-07 09:56:38 - [MESSAGE][PASSED] - Navigate to 'https://assist2-uat.perkeso.gov.my/employer/login' successfully

2018-12-07 09:56:38 - [TEST_STEP][PASSED] - delay: Delayed 3 second(s)

2018-12-07 09:56:41 - [MESSAGE][PASSED] - Delayed 3 second(s)

2018-12-07 09:56:41 - [TEST_STEP][PASSED] - callTestCase: Call Test Case 'Test Cases/Final Aug 2018 - PKS Automation/Create Employer Acc/Template/Employer Email Getter' successfully

2018-12-07 09:56:41 - [TEST_CASE][PASSED] - Test Cases/Final Aug 2018 - PKS Automation/Create Employer Acc/Template/Employer Email Getter: Test Cases/Final Aug 2018 - PKS Automation/Create Employer Acc/Template/Employer Email Getter

2018-12-07 09:56:42 - [TEST_STEP][PASSED] - Statement - Try: null

2018-12-07 09:56:42 - [TEST_STEP][PASSED] - Statement - EmpEmail = new java.io.File(C://Users//Admin//Desktop//PKS//Automation Reference Point//EmpEmail.txt): null

2018-12-07 09:56:42 - [TEST_STEP][PASSED] - Statement - bufferread = new java.io.BufferedReader(new java.io.FileReader(EmpEmail)): null

2018-12-07 09:56:42 - [TEST_STEP][PASSED] - Statement - readedVal = bufferread.readLine(): null

2018-12-07 09:56:42 - [TEST_STEP][PASSED] - Statement - out.println(readedVal): null

2018-12-07 09:56:42 - [TEST_STEP][PASSED] - Statement - Email = readedVal: null

2018-12-07 09:56:42 - [MESSAGE][PASSED] - Call Test Case 'Test Cases/Final Aug 2018 - PKS Automation/Create Employer Acc/Template/Employer Email Getter' successfully

2018-12-07 09:56:42 - [TEST_STEP][PASSED] - setText: Text 'perkeso392595912892@gmail.com' is set on object 'Object Repository/Final Object Repo/Login Page/External Login Page/Email'

2018-12-07 09:56:42 - [MESSAGE][PASSED] - Text 'perkeso392595912892@gmail.com' is set on object 'Object Repository/Final Object Repo/Login Page/External Login Page/Email'

2018-12-07 09:56:42 - [TEST_STEP][PASSED] - click: Object: 'Object Repository/Final Object Repo/Login Page/External Login Page/Next' is clicked on

2018-12-07 09:56:42 - [MESSAGE][PASSED] - Object: 'Object Repository/Final Object Repo/Login Page/External Login Page/Next' is clicked on

2018-12-07 09:56:42 - [TEST_STEP][PASSED] - delay: Delayed 3 second(s)

2018-12-07 09:56:45 - [MESSAGE][PASSED] - Delayed 3 second(s)

2018-12-07 09:56:45 - [TEST_STEP][PASSED] - setEncryptedText: Text ****** has been set on object 'Object Repository/Final Object Repo/Login Page/External Login Page/Password'

2018-12-07 09:56:46 - [MESSAGE][PASSED] - Text ****** has been set on object 'Object Repository/Final Object Repo/Login Page/External Login Page/Password'

2018-12-07 09:56:46 - [TEST_STEP][PASSED] - click: Object: 'Object Repository/Final Object Repo/Login Page/External Login Page/Login' is clicked on

2018-12-07 09:56:46 - [MESSAGE][PASSED] - Object: 'Object Repository/Final Object Repo/Login Page/External Login Page/Login' is clicked on

2018-12-07 09:56:46 - [TEST_STEP][PASSED] - delay: Delayed 3 second(s)

2018-12-07 09:56:49 - [MESSAGE][PASSED] - Delayed 3 second(s)

2018-12-07 09:56:49 - [TEST_STEP][PASSED] - click: Object: 'Object Repository/Final Object Repo/Creating Employer Account/Page_Terms of Use - ASSIST/button_I Agree' is clicked on

2018-12-07 09:56:49 - [MESSAGE][PASSED] - Object: 'Object Repository/Final Object Repo/Creating Employer Account/Page_Terms of Use - ASSIST/button_I Agree' is clicked on

2018-12-07 09:56:49 - [TEST_STEP][PASSED] - delay: Delayed 2 second(s)

2018-12-07 09:56:51 - [MESSAGE][PASSED] - Delayed 2 second(s)

2018-12-07 09:56:51 - [TEST_STEP][PASSED] - setEncryptedText: Text ****** has been set on object 'Object Repository/Final Object Repo/Creating Employer Account/Page_New Password - ASSIST/input_password1'

2018-12-07 09:56:51 - [MESSAGE][PASSED] - Text ****** has been set on object 'Object Repository/Final Object Repo/Creating Employer Account/Page_New Password - ASSIST/input_password1'

2018-12-07 09:56:51 - [TEST_STEP][PASSED] - setEncryptedText: Text ****** has been set on object 'Object Repository/Final Object Repo/Creating Employer Account/Page_New Password - ASSIST/input_password2'

2018-12-07 09:56:52 - [MESSAGE][PASSED] - Text ****** has been set on object 'Object Repository/Final Object Repo/Creating Employer Account/Page_New Password - ASSIST/input_password2'

2018-12-07 09:56:52 - [TEST_STEP][PASSED] - delay: Delayed 2 second(s)

2018-12-07 09:56:54 - [MESSAGE][PASSED] - Delayed 2 second(s)

2018-12-07 09:56:54 - [TEST_STEP][PASSED] - click: Object: 'Object Repository/Final Object Repo/Creating Employer Account/Page_New Password - ASSIST/Save' is clicked on

2018-12-07 09:56:54 - [MESSAGE][PASSED] - Object: 'Object Repository/Final Object Repo/Creating Employer Account/Page_New Password - ASSIST/Save' is clicked on

2018-12-07 09:56:54 - [TEST_STEP][PASSED] - delay: Delayed 2 second(s)

2018-12-07 09:56:56 - [MESSAGE][PASSED] - Delayed 2 second(s)

2018-12-07 09:56:56 - [TEST_STEP][PASSED] - setText: Text 'test' is set on object 'Object Repository/Final Object Repo/Creating Employer Account/Page_Password Reminder - ASSIST/Reminder Query Answer'

2018-12-07 09:56:56 - [MESSAGE][PASSED] - Text 'test' is set on object 'Object Repository/Final Object Repo/Creating Employer Account/Page_Password Reminder - ASSIST/Reminder Query Answer'

2018-12-07 09:56:56 - [TEST_STEP][PASSED] - delay: Delayed 2 second(s)

2018-12-07 09:56:58 - [MESSAGE][PASSED] - Delayed 2 second(s)

2018-12-07 09:56:58 - [TEST_STEP][PASSED] - doubleClick: Object: 'Object Repository/Final Object Repo/Creating Employer Account/Page_Password Reminder - ASSIST/Save' is double clicked on

2018-12-07 09:56:58 - [MESSAGE][PASSED] - Object: 'Object Repository/Final Object Repo/Creating Employer Account/Page_Password Reminder - ASSIST/Save' is double clicked on

2018-12-07 09:56:58 - [MESSAGE][PASSED] - Call Test Case 'Test Cases/Final Aug 2018 - PKS Automation/Create Employer Acc/Template/Login to Employer Account (First Time)' successfully

2018-12-07 09:56:58 - [MESSAGE][PASSED] - Call Test Case 'Test Cases/Final Aug 2018 - PKS Automation/Create Employer Acc/Create Employer Account' successfully

2018-12-07 09:56:58 - [TEST_STEP][PASSED] - callTestCase: Call Test Case 'Test Cases/Final Aug 2018 - PKS Automation/Registration Module/Log Out/log out avoiding katalon tagging' successfully

2018-12-07 09:56:58 - [TEST_CASE][PASSED] - Test Cases/Final Aug 2018 - PKS Automation/Registration Module/Log Out/log out avoiding katalon tagging: Test Cases/Final Aug 2018 - PKS Automation/Registration Module/Log Out/log out avoiding katalon tagging

2018-12-07 09:56:58 - [TEST_STEP][PASSED] - navigateToUrl: Navigate to 'https://assist2-uat.perkeso.gov.my/c/portal/logout' successfully

2018-12-07 09:57:02 - [MESSAGE][PASSED] - Navigate to 'https://assist2-uat.perkeso.gov.my/c/portal/logout' successfully

2018-12-07 09:57:02 - [MESSAGE][PASSED] - Call Test Case 'Test Cases/Final Aug 2018 - PKS Automation/Registration Module/Log Out/log out avoiding katalon tagging' successfully

2018-12-07 09:57:02 - [TEST_STEP][PASSED] - callTestCase: Call Test Case 'Test Cases/Final Aug 2018 - PKS Automation/Create Employer Acc/Login to Employer Account (Second time)' successfully

2018-12-07 09:57:02 - [TEST_CASE][PASSED] - Test Cases/Final Aug 2018 - PKS Automation/Create Employer Acc/Login to Employer Account (Second time): Test Cases/Final Aug 2018 - PKS Automation/Create Employer Acc/Login to Employer Account (Second time)

2018-12-07 09:57:02 - [TEST_STEP][PASSED] - openBrowser: Browser is opened with url: ''

2018-12-07 09:57:02 - [MESSAGE][WARNING] - A browser is already opened. Closing browser and opening a new one

2018-12-07 09:57:05 - [MESSAGE][PASSED] - Browser is opened with url: ''

2018-12-07 09:57:05 - [TEST_STEP][PASSED] - navigateToUrl: Navigate to 'https://assist2-uat.perkeso.gov.my/employer/login' successfully

2018-12-07 09:57:06 - [MESSAGE][PASSED] - Navigate to 'https://assist2-uat.perkeso.gov.my/employer/login' successfully

2018-12-07 09:57:06 - [TEST_STEP][PASSED] - delay: Delayed 3 second(s)

2018-12-07 09:57:09 - [MESSAGE][PASSED] - Delayed 3 second(s)

2018-12-07 09:57:09 - [TEST_STEP][PASSED] - callTestCase: Call Test Case 'Test Cases/Final Aug 2018 - PKS Automation/Create Employer Acc/Template/Employer Email Getter' successfully

2018-12-07 09:57:09 - [TEST_CASE][PASSED] - Test Cases/Final Aug 2018 - PKS Automation/Create Employer Acc/Template/Employer Email Getter: Test Cases/Final Aug 2018 - PKS Automation/Create Employer Acc/Template/Employer Email Getter

2018-12-07 09:57:09 - [TEST_STEP][PASSED] - Statement - Try: null

2018-12-07 09:57:09 - [TEST_STEP][PASSED] - Statement - EmpEmail = new java.io.File(C://Users//Admin//Desktop//PKS//Automation Reference Point//EmpEmail.txt): null

2018-12-07 09:57:09 - [TEST_STEP][PASSED] - Statement - bufferread = new java.io.BufferedReader(new java.io.FileReader(EmpEmail)): null

2018-12-07 09:57:09 - [TEST_STEP][PASSED] - Statement - readedVal = bufferread.readLine(): null

2018-12-07 09:57:09 - [TEST_STEP][PASSED] - Statement - out.println(readedVal): null

2018-12-07 09:57:09 - [TEST_STEP][PASSED] - Statement - Email = readedVal: null

2018-12-07 09:57:09 - [MESSAGE][PASSED] - Call Test Case 'Test Cases/Final Aug 2018 - PKS Automation/Create Employer Acc/Template/Employer Email Getter' successfully

2018-12-07 09:57:09 - [TEST_STEP][PASSED] - setText: Text 'perkeso392595912892@gmail.com' is set on object 'Object Repository/Final Object Repo/Login Page/External Login Page/Email'

2018-12-07 09:57:09 - [MESSAGE][PASSED] - Text 'perkeso392595912892@gmail.com' is set on object 'Object Repository/Final Object Repo/Login Page/External Login Page/Email'

2018-12-07 09:57:09 - [TEST_STEP][PASSED] - click: Object: 'Object Repository/Final Object Repo/Login Page/External Login Page/Next' is clicked on

2018-12-07 09:57:10 - [MESSAGE][PASSED] - Object: 'Object Repository/Final Object Repo/Login Page/External Login Page/Next' is clicked on

2018-12-07 09:57:10 - [TEST_STEP][PASSED] - delay: Delayed 3 second(s)

2018-12-07 09:57:13 - [MESSAGE][PASSED] - Delayed 3 second(s)

2018-12-07 09:57:13 - [TEST_STEP][PASSED] - setEncryptedText: Text ****** has been set on object 'Object Repository/Final Object Repo/Login Page/External Login Page/Password'

2018-12-07 09:57:13 - [MESSAGE][PASSED] - Text ****** has been set on object 'Object Repository/Final Object Repo/Login Page/External Login Page/Password'

2018-12-07 09:57:13 - [TEST_STEP][PASSED] - click: Object: 'Object Repository/Final Object Repo/Login Page/External Login Page/Login' is clicked on

2018-12-07 09:57:13 - [MESSAGE][PASSED] - Object: 'Object Repository/Final Object Repo/Login Page/External Login Page/Login' is clicked on

2018-12-07 09:57:13 - [TEST_STEP][PASSED] - delay: Delayed 5 second(s)

2018-12-07 09:57:18 - [MESSAGE][PASSED] - Delayed 5 second(s)

2018-12-07 09:57:18 - [MESSAGE][PASSED] - Call Test Case 'Test Cases/Final Aug 2018 - PKS Automation/Create Employer Acc/Login to Employer Account (Second time)' successfully

2018-12-07 09:57:18 - [TEST_STEP][PASSED] - delay: Delayed 4 second(s)

2018-12-07 09:57:22 - [MESSAGE][PASSED] - Delayed 4 second(s)

2018-12-07 09:57:22 - [TEST_STEP][PASSED] - Statement - Try: Delayed 2 second(s)

2018-12-07 09:57:22 - [TEST_STEP][PASSED] - Statement - Checker = false: null

2018-12-07 09:57:22 - [TEST_STEP][PASSED] - Statement - Checker = com.kms.katalon.core.webui.keyword.WebUiBuiltInKeywords.verifyElementHasAttribute(com.kms.katalon.core.testobject.ObjectRepository.findTestObject(Final Object Repo/Landing Page/BM Detecting), "href", 20, OPTIONAL): Object 'Object Repository/Final Object Repo/Landing Page/BM Detecting' has attribute 'href'

2018-12-07 09:57:22 - [MESSAGE][PASSED] - Object 'Object Repository/Final Object Repo/Landing Page/BM Detecting' has attribute 'href'

2018-12-07 09:57:22 - [TEST_STEP][PASSED] - Statement - out.println(Checker): null

2018-12-07 09:57:22 - [TEST_STEP][PASSED] - Statement - If (Checker == false): null

2018-12-07 09:57:22 - [TEST_STEP][PASSED] - Statement - Else: null

2018-12-07 09:57:22 - [TEST_STEP][PASSED] - delay: Delayed 2 second(s)

2018-12-07 09:57:24 - [MESSAGE][PASSED] - Delayed 2 second(s)

2018-12-07 09:57:24 - [TEST_STEP][PASSED] - delay: Delayed 4 second(s)

2018-12-07 09:57:28 - [MESSAGE][PASSED] - Delayed 4 second(s)

2018-12-07 09:57:28 - [TEST_STEP][PASSED] - click: Object: 'Object Repository/Final Object Repo/Landing Page/My Sites Drop Down' is clicked on

2018-12-07 09:57:28 - [MESSAGE][PASSED] - Object: 'Object Repository/Final Object Repo/Landing Page/My Sites Drop Down' is clicked on

2018-12-07 09:57:28 - [TEST_STEP][PASSED] - click: Object: 'Object Repository/Final Object Repo/Landing Page/Select to Registration Module' is clicked on

2018-12-07 09:57:31 - [MESSAGE][PASSED] - Object: 'Object Repository/Final Object Repo/Landing Page/Select to Registration Module' is clicked on

2018-12-07 09:57:31 - [TEST_STEP][PASSED] - click: Object: 'Object Repository/Final Object Repo/Landing Page/Registration Button' is clicked on

2018-12-07 09:57:33 - [MESSAGE][PASSED] - Object: 'Object Repository/Final Object Repo/Landing Page/Registration Button' is clicked on

2018-12-07 09:57:33 - [TEST_STEP][PASSED] - delay: Delayed 2 second(s)

2018-12-07 09:57:35 - [MESSAGE][PASSED] - Delayed 2 second(s)

2018-12-07 09:57:35 - [TEST_STEP][PASSED] - click: Object: 'Object Repository/Final Object Repo/New Registration - Registration Module Pages/New Reg - OTC to RO/Special Case - OTC - Form 1/AEC NO' is clicked on

2018-12-07 09:57:35 - [MESSAGE][PASSED] - Object: 'Object Repository/Final Object Repo/New Registration - Registration Module Pages/New Reg - OTC to RO/Special Case - OTC - Form 1/AEC NO' is clicked on

2018-12-07 09:57:35 - [TEST_STEP][PASSED] - click: Object: 'Object Repository/Final Object Repo/New Registration - Registration Module Pages/New Reg - OTC to RO/Special Case - OTC - Form 1/Business Entity - Please Select' is clicked on

2018-12-07 09:57:35 - [MESSAGE][PASSED] - Object: 'Object Repository/Final Object Repo/New Registration - Registration Module Pages/New Reg - OTC to RO/Special Case - OTC - Form 1/Business Entity - Please Select' is clicked on

2018-12-07 09:57:35 - [TEST_STEP][PASSED] - click: Object: 'Object Repository/Final Object Repo/New Registration - Registration Module Pages/New Reg - OTC to RO/Special Case - OTC - Form 1/Selected - Corporation' is clicked on

2018-12-07 09:57:36 - [MESSAGE][PASSED] - Object: 'Object Repository/Final Object Repo/New Registration - Registration Module Pages/New Reg - OTC to RO/Special Case - OTC - Form 1/Selected - Corporation' is clicked on

2018-12-07 09:57:36 - [TEST_STEP][PASSED] - delay: Delayed 2 second(s)

2018-12-07 09:57:38 - [MESSAGE][PASSED] - Delayed 2 second(s)

2018-12-07 09:57:38 - [TEST_STEP][PASSED] - click: Object: 'Object Repository/Final Object Repo/New Registration - Registration Module Pages/New Reg - OTC to RO/Special Case - OTC - Form 1/Sub Business Entity - Please Select' is clicked on

2018-12-07 09:57:38 - [MESSAGE][PASSED] - Object: 'Object Repository/Final Object Repo/New Registration - Registration Module Pages/New Reg - OTC to RO/Special Case - OTC - Form 1/Sub Business Entity - Please Select' is clicked on

2018-12-07 09:57:38 - [TEST_STEP][PASSED] - delay: Delayed 2 second(s)

2018-12-07 09:57:40 - [MESSAGE][PASSED] - Delayed 2 second(s)

2018-12-07 09:57:40 - [TEST_STEP][PASSED] - click: Object: 'Object Repository/Final Object Repo/New Registration - Registration Module Pages/New Reg - OTC to RO/Special Case - OTC - Form 1/Selected - Sendirian Berhad' is clicked on

2018-12-07 09:57:40 - [MESSAGE][PASSED] - Object: 'Object Repository/Final Object Repo/New Registration - Registration Module Pages/New Reg - OTC to RO/Special Case - OTC - Form 1/Selected - Sendirian Berhad' is clicked on

2018-12-07 09:57:40 - [TEST_STEP][PASSED] - setText: Text 'AUTOMATE001' is set on object 'Object Repository/Final Object Repo/New Registration - Registration Module Pages/New Reg - OTC to RO/Special Case - OTC - Form 1/Input BRN Number'

2018-12-07 09:57:40 - [MESSAGE][PASSED] - Text 'AUTOMATE001' is set on object 'Object Repository/Final Object Repo/New Registration - Registration Module Pages/New Reg - OTC to RO/Special Case - OTC - Form 1/Input BRN Number'

2018-12-07 09:57:40 - [TEST_STEP][PASSED] - delay: Delayed 2 second(s)

2018-12-07 09:57:42 - [MESSAGE][PASSED] - Delayed 2 second(s)

2018-12-07 09:57:42 - [TEST_STEP][PASSED] - click: Object: 'Object Repository/Final Object Repo/New Registration - Registration Module Pages/New Reg - OTC to RO/Special Case - OTC - Form 1/BRN Search' is clicked on

2018-12-07 09:57:43 - [MESSAGE][PASSED] - Object: 'Object Repository/Final Object Repo/New Registration - Registration Module Pages/New Reg - OTC to RO/Special Case - OTC - Form 1/BRN Search' is clicked on

2018-12-07 09:57:43 - [TEST_STEP][PASSED] - delay: Delayed 4 second(s)

2018-12-07 09:57:47 - [MESSAGE][PASSED] - Delayed 4 second(s)

2018-12-07 09:57:47 - [TEST_STEP][PASSED] - click: Object: 'Object Repository/Final Object Repo/New Registration - Registration Module Pages/New Reg - OTC to RO/Special Case - OTC - Form 1/Registered with SSM - After Feb 2017' is clicked on

2018-12-07 09:57:47 - [MESSAGE][PASSED] - Object: 'Object Repository/Final Object Repo/New Registration - Registration Module Pages/New Reg - OTC to RO/Special Case - OTC - Form 1/Registered with SSM - After Feb 2017' is clicked on

2018-12-07 09:57:47 - [TEST_STEP][PASSED] - delay: Delayed 2 second(s)

2018-12-07 09:57:49 - [MESSAGE][PASSED] - Delayed 2 second(s)

2018-12-07 09:57:49 - [TEST_STEP][PASSED] - click: Object: 'Object Repository/Final Object Repo/New Registration - Registration Module Pages/Form 1/Registered As a Branch - Yes' is clicked on

2018-12-07 09:57:49 - [MESSAGE][PASSED] - Object: 'Object Repository/Final Object Repo/New Registration - Registration Module Pages/Form 1/Registered As a Branch - Yes' is clicked on

2018-12-07 09:57:49 - [TEST_STEP][PASSED] - click: Object: 'Object Repository/Final Object Repo/New Registration - Registration Module Pages/New Reg - OTC to RO/Special Case - OTC - Form 1/Acknowledgement Ticked' is clicked on

2018-12-07 09:57:49 - [MESSAGE][PASSED] - Object: 'Object Repository/Final Object Repo/New Registration - Registration Module Pages/New Reg - OTC to RO/Special Case - OTC - Form 1/Acknowledgement Ticked' is clicked on

2018-12-07 09:57:49 - [TEST_STEP][PASSED] - setText: Text 'perkeso392595912892@gmail.com' is set on object 'Object Repository/Final Object Repo/New Registration - Registration Module Pages/Form 1/Email'

2018-12-07 09:57:50 - [MESSAGE][PASSED] - Text 'perkeso392595912892@gmail.com' is set on object 'Object Repository/Final Object Repo/New Registration - Registration Module Pages/Form 1/Email'

2018-12-07 09:57:50 - [TEST_STEP][PASSED] - click: Object: 'Object Repository/Final Object Repo/New Registration - Registration Module Pages/New Reg - OTC to RO/Special Case - OTC - Form 1/Submit Button' is clicked on

2018-12-07 09:57:50 - [MESSAGE][PASSED] - Object: 'Object Repository/Final Object Repo/New Registration - Registration Module Pages/New Reg - OTC to RO/Special Case - OTC - Form 1/Submit Button' is clicked on

2018-12-07 09:57:50 - [TEST_STEP][PASSED] - callTestCase: Call Test Case 'Test Cases/Final Aug 2018 - PKS Automation/Registration Module/New Registration/Form 2/Add 1 Eligible - Employer Account Use' successfully

2018-12-07 09:57:50 - [TEST_CASE][PASSED] - Test Cases/Final Aug 2018 - PKS Automation/Registration Module/New Registration/Form 2/Add 1 Eligible - Employer Account Use: Test Cases/Final Aug 2018 - PKS Automation/Registration Module/New Registration/Form 2/Add 1 Eligible - Employer Account Use

2018-12-07 09:57:51 - [TEST_STEP][PASSED] - delay: Delayed 2 second(s)

2018-12-07 09:57:53 - [MESSAGE][PASSED] - Delayed 2 second(s)

2018-12-07 09:57:53 - [TEST_STEP][PASSED] - callTestCase: Call Test Case 'Test Cases/Final Aug 2018 - PKS Automation/Registration Module/New Registration/Form 2/Date Updater' successfully

2018-12-07 09:57:53 - [TEST_CASE][PASSED] - Test Cases/Final Aug 2018 - PKS Automation/Registration Module/New Registration/Form 2/Date Updater: Test Cases/Final Aug 2018 - PKS Automation/Registration Module/New Registration/Form 2/Date Updater

2018-12-07 09:57:53 - [TEST_STEP][PASSED] - Statement - TodayDate = new java.util.Date(): null

2018-12-07 09:57:53 - [TEST_STEP][PASSED] - Statement - CurrentDateNoFilter = new java.text.SimpleDateFormat(): null

2018-12-07 09:57:53 - [TEST_STEP][PASSED] - Statement - CurrentDateNoFilter.applyPattern("MM"): null

2018-12-07 09:57:53 - [TEST_STEP][PASSED] - Statement - monthContainerMatcher = java.lang.Integer.parseInt(CurrentDateNoFilter.format(TodayDate)): null

2018-12-07 09:57:53 - [TEST_STEP][PASSED] - Statement - monthContainerMatcher = monthContainerMatcher - 1: null

2018-12-07 09:57:53 - [TEST_STEP][PASSED] - Statement - CurrentMonth = monthContainerMatcher.toString(): null

2018-12-07 09:57:53 - [TEST_STEP][PASSED] - Statement - CurrentMonth = CurrentMonth: null

2018-12-07 09:57:53 - [TEST_STEP][PASSED] - Statement - CurrentDateNoFilter.applyPattern("yyyy"): null

2018-12-07 09:57:53 - [TEST_STEP][PASSED] - Statement - CurrentYear = CurrentDateNoFilter.format(TodayDate): null

2018-12-07 09:57:53 - [TEST_STEP][PASSED] - Statement - CurrentYear = CurrentYear: null

2018-12-07 09:57:53 - [TEST_STEP][PASSED] - Statement - intCurrentYear = java.lang.Integer.parseInt(CurrentDateNoFilter.format(TodayDate)): null

2018-12-07 09:57:53 - [TEST_STEP][PASSED] - Statement - eighteenYrsAgo = intCurrentYear - 18: null

2018-12-07 09:57:53 - [TEST_STEP][PASSED] - Statement - eighteenYrsBeforeThisYr = eighteenYrsAgo.toString(): null

2018-12-07 09:57:53 - [TEST_STEP][PASSED] - Statement - EighteenYrsBefore = eighteenYrsBeforeThisYr: null

2018-12-07 09:57:53 - [TEST_STEP][PASSED] - Statement - fiftysevenYrsAgo = intCurrentYear - 57: null

2018-12-07 09:57:53 - [TEST_STEP][PASSED] - Statement - fiftysevenYrsBeforeThisYr = fiftysevenYrsAgo.toString(): null

2018-12-07 09:57:53 - [TEST_STEP][PASSED] - Statement - FiftysevenYrsBefore = fiftysevenYrsBeforeThisYr: null

2018-12-07 09:57:53 - [TEST_STEP][PASSED] - Statement - leapYear = false: null

2018-12-07 09:57:53 - [TEST_STEP][PASSED] - Statement - leapYear = intCurrentYear % 4 == 0: null

2018-12-07 09:57:53 - [TEST_STEP][PASSED] - Statement - CurrentDateNoFilter.applyPattern("dd"): null

2018-12-07 09:57:53 - [TEST_STEP][PASSED] - Statement - CurrentDate = CurrentDateNoFilter.format(TodayDate): null

2018-12-07 09:57:53 - [TEST_STEP][PASSED] - Statement - CurrentDate = java.lang.Integer.parseInt(CurrentDate): null

2018-12-07 09:57:53 - [TEST_STEP][PASSED] - Statement - CurrentDate = CurrentDate: null

2018-12-07 09:57:53 - [TEST_STEP][PASSED] - Statement - CurrentDay = java.lang.Integer.parseInt(CurrentDate): null

2018-12-07 09:57:53 - [TEST_STEP][PASSED] - Statement - ConfAdder = <not implemented yet for class: org.codehaus.groovy.ast.expr.EmptyExpression>: null

2018-12-07 09:57:53 - [TEST_STEP][PASSED] - Statement - out.println(CurrentMonth): null

2018-12-07 09:57:53 - [TEST_STEP][PASSED] - Statement - out.println(CurrentDate): null

2018-12-07 09:57:53 - [TEST_STEP][PASSED] - Statement - switch (CurrentDate): null

2018-12-07 09:57:53 - [TEST_STEP][PASSED] - Statement - Default: null

2018-12-07 09:57:53 - [TEST_STEP][PASSED] - Statement - ConfAdder = true: null

2018-12-07 09:57:53 - [TEST_STEP][PASSED] - Statement - Break: null

2018-12-07 09:57:53 - [TEST_STEP][PASSED] - Statement - aDayBefore = <not implemented yet for class: org.codehaus.groovy.ast.expr.EmptyExpression>: null

2018-12-07 09:57:53 - [TEST_STEP][PASSED] - Statement - out.println(ConfAdder): null

2018-12-07 09:57:53 - [TEST_STEP][PASSED] - Statement - If (ConfAdder == true): null

2018-12-07 09:57:53 - [TEST_STEP][PASSED] - Statement - aDayBefore = CurrentDay + 1: null

2018-12-07 09:57:53 - [TEST_STEP][PASSED] - Statement - out.println(aDayBefore): null

2018-12-07 09:57:53 - [TEST_STEP][PASSED] - Statement - If (aDayBefore == 1 && CurrentMonth == 11): null

2018-12-07 09:57:53 - [TEST_STEP][PASSED] - Statement - DayBefore = aDayBefore.toString(): null

2018-12-07 09:57:53 - [TEST_STEP][PASSED] - Statement - OneDayBefore = DayBefore: null

2018-12-07 09:57:53 - [MESSAGE][PASSED] - Call Test Case 'Test Cases/Final Aug 2018 - PKS Automation/Registration Module/New Registration/Form 2/Date Updater' successfully

2018-12-07 09:57:53 - [TEST_STEP][PASSED] - delay: Delayed 1 second(s)

2018-12-07 09:57:54 - [MESSAGE][PASSED] - Delayed 1 second(s)

2018-12-07 09:57:54 - [TEST_STEP][PASSED] - Statement - CaseReferenceNo = com.kms.katalon.core.webui.keyword.WebUiBuiltInKeywords.getText(com.kms.katalon.core.testobject.ObjectRepository.findTestObject(Final Object Repo/New Registration - Registration Module Pages/Form 2/RefNo Acquiring)): Text of object 'Object Repository/Final Object Repo/New Registration - Registration Module Pages/Form 2/RefNo Acquiring' is: 'CRN12201800123082'

2018-12-07 09:57:55 - [MESSAGE][PASSED] - Text of object 'Object Repository/Final Object Repo/New Registration - Registration Module Pages/Form 2/RefNo Acquiring' is: 'CRN12201800123082'

2018-12-07 09:57:55 - [TEST_STEP][PASSED] - delay: Delayed 1 second(s)

2018-12-07 09:57:56 - [MESSAGE][PASSED] - Delayed 1 second(s)

2018-12-07 09:57:56 - [TEST_STEP][PASSED] - click: Object: 'Object Repository/Final Object Repo/New Registration - Registration Module Pages/Form 2/Add Employee Button' is clicked on

2018-12-07 09:57:56 - [MESSAGE][PASSED] - Object: 'Object Repository/Final Object Repo/New Registration - Registration Module Pages/Form 2/Add Employee Button' is clicked on

2018-12-07 09:57:56 - [TEST_STEP][PASSED] - delay: Delayed 1 second(s)

2018-12-07 09:57:57 - [MESSAGE][PASSED] - Delayed 1 second(s)

2018-12-07 09:57:57 - [TEST_STEP][PASSED] - setText: Text '010903091948' is set on object 'Object Repository/Final Object Repo/New Registration - Registration Module Pages/Form 2/NRIC Input'

2018-12-07 09:57:57 - [MESSAGE][PASSED] - Text '010903091948' is set on object 'Object Repository/Final Object Repo/New Registration - Registration Module Pages/Form 2/NRIC Input'

2018-12-07 09:57:57 - [TEST_STEP][PASSED] - delay: Delayed 2 second(s)

2018-12-07 09:57:59 - [MESSAGE][PASSED] - Delayed 2 second(s)

2018-12-07 09:57:59 - [TEST_STEP][PASSED] - setText: Text 'Automate001 eligible 1' is set on object 'Object Repository/Final Object Repo/New Registration - Registration Module Pages/Form 2/Employee Name Input'

2018-12-07 09:58:00 - [MESSAGE][PASSED] - Text 'Automate001 eligible 1' is set on object 'Object Repository/Final Object Repo/New Registration - Registration Module Pages/Form 2/Employee Name Input'

2018-12-07 09:58:00 - [TEST_STEP][PASSED] - delay: Delayed 2 second(s)

2018-12-07 09:58:02 - [MESSAGE][PASSED] - Delayed 2 second(s)

2018-12-07 09:58:02 - [TEST_STEP][PASSED] - click: Object: 'Object Repository/Final Object Repo/New Registration - Registration Module Pages/Form 2/DatePicker Pop Up' is clicked on

2018-12-07 09:58:02 - [MESSAGE][PASSED] - Object: 'Object Repository/Final Object Repo/New Registration - Registration Module Pages/Form 2/DatePicker Pop Up' is clicked on

2018-12-07 09:58:02 - [TEST_STEP][PASSED] - click: Object: 'Object Repository/Final Object Repo/New Registration - Registration Module Pages/Form 2/DOB Month' is clicked on

2018-12-07 09:58:02 - [MESSAGE][PASSED] - Object: 'Object Repository/Final Object Repo/New Registration - Registration Module Pages/Form 2/DOB Month' is clicked on

2018-12-07 09:58:02 - [TEST_STEP][PASSED] - Statement - CurrentMonth = CurrentMonth: null

2018-12-07 09:58:02 - [TEST_STEP][PASSED] - Statement - selectMonth = new com.kms.katalon.core.testobject.TestObject(): null

2018-12-07 09:58:02 - [TEST_STEP][PASSED] - Statement - selectMonth.addProperty("xpath", EQUALS, "//body/div/div/div/select/option[@value='" + CurrentMonth + "']", true): null

2018-12-07 09:58:02 - [TEST_STEP][PASSED] - click: Object: '' is clicked on

2018-12-07 09:58:02 - [MESSAGE][PASSED] - Object: '' is clicked on

2018-12-07 09:58:02 - [TEST_STEP][PASSED] - click: Object: 'Object Repository/Final Object Repo/New Registration - Registration Module Pages/Form 2/DOB Year' is clicked on

2018-12-07 09:58:02 - [MESSAGE][PASSED] - Object: 'Object Repository/Final Object Repo/New Registration - Registration Module Pages/Form 2/DOB Year' is clicked on

2018-12-07 09:58:02 - [TEST_STEP][PASSED] - Statement - Eyearsbf = EighteenYrsBefore: null

2018-12-07 09:58:02 - [TEST_STEP][PASSED] - Statement - selectYear = new com.kms.katalon.core.testobject.TestObject(): null

2018-12-07 09:58:02 - [TEST_STEP][PASSED] - Statement - selectYear.addProperty("xpath", EQUALS, "//div/div/div/select/option[@value='" + Eyearsbf + "']", true): null

2018-12-07 09:58:02 - [TEST_STEP][PASSED] - click: Object: '' is clicked on

2018-12-07 09:58:03 - [MESSAGE][PASSED] - Object: '' is clicked on

2018-12-07 09:58:03 - [TEST_STEP][PASSED] - Statement - UpdatedSelectDate = com.kms.katalon.core.webui.keyword.WebUiBuiltInKeywords.modifyObjectProperty(com.kms.katalon.core.testobject.ObjectRepository.findTestObject(Final Object Repo/New Registration - Registration Module Pages/Form 2/DOB Date), "xpath", "equals", "//body/div/table/tbody/tr/td/a[text()="" + CurrentDate + ""]", true): Modify property of object successfully

2018-12-07 09:58:03 - [MESSAGE][PASSED] - Modify property of object successfully

2018-12-07 09:58:03 - [TEST_STEP][PASSED] - delay: Delayed 3 second(s)

2018-12-07 09:58:06 - [MESSAGE][PASSED] - Delayed 3 second(s)

2018-12-07 09:58:06 - [TEST_STEP][PASSED] - click: Object: 'Object Repository/Final Object Repo/New Registration - Registration Module Pages/Form 2/DOB Date' is clicked on

2018-12-07 09:58:06 - [MESSAGE][PASSED] - Object: 'Object Repository/Final Object Repo/New Registration - Registration Module Pages/Form 2/DOB Date' is clicked on

2018-12-07 09:58:06 - [TEST_STEP][PASSED] - delay: Delayed 2 second(s)

2018-12-07 09:58:08 - [MESSAGE][PASSED] - Delayed 2 second(s)

2018-12-07 09:58:08 - [TEST_STEP][PASSED] - click: Object: 'Object Repository/Final Object Repo/New Registration - Registration Module Pages/Form 2/EmploymentStartDate Pop Up' is clicked on

2018-12-07 09:58:08 - [MESSAGE][PASSED] - Object: 'Object Repository/Final Object Repo/New Registration - Registration Module Pages/Form 2/EmploymentStartDate Pop Up' is clicked on

2018-12-07 09:58:08 - [TEST_STEP][PASSED] - delay: Delayed 2 second(s)

2018-12-07 09:58:10 - [MESSAGE][PASSED] - Delayed 2 second(s)

2018-12-07 09:58:10 - [TEST_STEP][PASSED] - click: Object: 'Object Repository/Final Object Repo/New Registration - Registration Module Pages/Form 2/Socso Employment StartDate Month' is clicked on

2018-12-07 09:58:10 - [MESSAGE][PASSED] - Object: 'Object Repository/Final Object Repo/New Registration - Registration Module Pages/Form 2/Socso Employment StartDate Month' is clicked on

2018-12-07 09:58:10 - [TEST_STEP][PASSED] - delay: Delayed 1 second(s)

2018-12-07 09:58:11 - [MESSAGE][PASSED] - Delayed 1 second(s)

2018-12-07 09:58:11 - [TEST_STEP][PASSED] - click: Object: 'Object Repository/Final Object Repo/New Registration - Registration Module Pages/Form 2/Select Socso Employement Startdate Month' is clicked on

2018-12-07 09:58:11 - [MESSAGE][PASSED] - Object: 'Object Repository/Final Object Repo/New Registration - Registration Module Pages/Form 2/Select Socso Employement Startdate Month' is clicked on

2018-12-07 09:58:11 - [TEST_STEP][PASSED] - delay: Delayed 2 second(s)

2018-12-07 09:58:13 - [MESSAGE][PASSED] - Delayed 2 second(s)

2018-12-07 09:58:13 - [TEST_STEP][PASSED] - click: Object: 'Object Repository/Final Object Repo/New Registration - Registration Module Pages/Form 2/Socso Employment StartDate Year' is clicked on

2018-12-07 09:58:14 - [MESSAGE][PASSED] - Object: 'Object Repository/Final Object Repo/New Registration - Registration Module Pages/Form 2/Socso Employment StartDate Year' is clicked on

2018-12-07 09:58:14 - [TEST_STEP][PASSED] - delay: Delayed 1 second(s)

2018-12-07 09:58:15 - [MESSAGE][PASSED] - Delayed 1 second(s)

2018-12-07 09:58:15 - [TEST_STEP][PASSED] - click: Object: 'Object Repository/Final Object Repo/New Registration - Registration Module Pages/Form 2/Select Socso Employment Startdate Year' is clicked on

2018-12-07 09:58:15 - [MESSAGE][PASSED] - Object: 'Object Repository/Final Object Repo/New Registration - Registration Module Pages/Form 2/Select Socso Employment Startdate Year' is clicked on

2018-12-07 09:58:15 - [TEST_STEP][PASSED] - delay: Delayed 2 second(s)

2018-12-07 09:58:17 - [MESSAGE][PASSED] - Delayed 2 second(s)

2018-12-07 09:58:17 - [TEST_STEP][PASSED] - click: Object: 'Object Repository/Final Object Repo/New Registration - Registration Module Pages/Form 2/Socso Employment Start Date Day' is clicked on

2018-12-07 09:58:17 - [MESSAGE][PASSED] - Object: 'Object Repository/Final Object Repo/New Registration - Registration Module Pages/Form 2/Socso Employment Start Date Day' is clicked on

2018-12-07 09:58:17 - [TEST_STEP][PASSED] - delay: Delayed 2 second(s)

2018-12-07 09:58:19 - [MESSAGE][PASSED] - Delayed 2 second(s)

2018-12-07 09:58:19 - [TEST_STEP][PASSED] - click: Object: 'Object Repository/Final Object Repo/New Registration - Registration Module Pages/Form 2/Save Button for Add Employee' is clicked on

2018-12-07 09:58:19 - [MESSAGE][PASSED] - Object: 'Object Repository/Final Object Repo/New Registration - Registration Module Pages/Form 2/Save Button for Add Employee' is clicked on

2018-12-07 09:58:19 - [TEST_STEP][PASSED] - delay: Delayed 6 second(s)

2018-12-07 09:58:25 - [MESSAGE][PASSED] - Delayed 6 second(s)

2018-12-07 09:58:25 - [TEST_STEP][PASSED] - click: Object: 'Object Repository/Final Object Repo/New Registration - Registration Module Pages/Form 2/Save and Continue Form 2' is clicked on

2018-12-07 09:58:25 - [MESSAGE][PASSED] - Object: 'Object Repository/Final Object Repo/New Registration - Registration Module Pages/Form 2/Save and Continue Form 2' is clicked on

2018-12-07 09:58:25 - [MESSAGE][PASSED] - Call Test Case 'Test Cases/Final Aug 2018 - PKS Automation/Registration Module/New Registration/Form 2/Add 1 Eligible - Employer Account Use' successfully

2018-12-07 09:58:25 - [TEST_STEP][PASSED] - callTestCase: Call Test Case 'Test Cases/Final Aug 2018 - PKS Automation/Registration Module/New Registration/Flow of New Registration/Third Screen - Upload Supporting Doc - Preview' successfully

2018-12-07 09:58:25 - [TEST_CASE][PASSED] - Test Cases/Final Aug 2018 - PKS Automation/Registration Module/New Registration/Flow of New Registration/Third Screen - Upload Supporting Doc - Preview: Test Cases/Final Aug 2018 - PKS Automation/Registration Module/New Registration/Flow of New Registration/Third Screen - Upload Supporting Doc - Preview

2018-12-07 09:58:26 - [TEST_STEP][PASSED] - waitForPageLoad: Wait for page load successfully

2018-12-07 09:58:26 - [MESSAGE][PASSED] - Wait for page load successfully

2018-12-07 09:58:26 - [TEST_STEP][PASSED] - Statement - CaseReferenceNo = com.kms.katalon.core.webui.keyword.WebUiBuiltInKeywords.getText(com.kms.katalon.core.testobject.ObjectRepository.findTestObject(Final Object Repo/New Registration - Registration Module Pages/Third Screen - Upload Supporting Doc- Preview/RefNo Acquiring)): Text of object 'Object Repository/Final Object Repo/New Registration - Registration Module Pages/Third Screen - Upload Supporting Doc- Preview/RefNo Acquiring' is: 'CRN12201800123082'

2018-12-07 09:58:26 - [MESSAGE][PASSED] - Text of object 'Object Repository/Final Object Repo/New Registration - Registration Module Pages/Third Screen - Upload Supporting Doc- Preview/RefNo Acquiring' is: 'CRN12201800123082'

2018-12-07 09:58:26 - [TEST_STEP][PASSED] - delay: Delayed 2 second(s)

2018-12-07 09:58:28 - [MESSAGE][PASSED] - Delayed 2 second(s)

2018-12-07 09:58:28 - [TEST_STEP][PASSED] - callTestCase: Call Test Case 'Test Cases/Final Aug 2018 - PKS Automation/Common/Reference Number Setter' successfully

2018-12-07 09:58:28 - [TEST_CASE][PASSED] - Test Cases/Final Aug 2018 - PKS Automation/Common/Reference Number Setter: Test Cases/Final Aug 2018 - PKS Automation/Common/Reference Number Setter

2018-12-07 09:58:28 - [TEST_STEP][PASSED] - Statement - RefNoOldFile = new java.io.File(C://Users//Admin//Desktop//PKS//Automation Reference Point//KatalonReference.txt): null

2018-12-07 09:58:28 - [TEST_STEP][PASSED] - Statement - RefNoOldFile.delete(): null

2018-12-07 09:58:28 - [TEST_STEP][PASSED] - delay: Delayed 5 second(s)

2018-12-07 09:58:33 - [MESSAGE][PASSED] - Delayed 5 second(s)

2018-12-07 09:58:33 - [TEST_STEP][PASSED] - Statement - RefNo = new java.io.File(C://Users//Admin//Desktop//PKS//Automation Reference Point//KatalonReference.txt): null

2018-12-07 09:58:33 - [TEST_STEP][PASSED] - Statement - f2 = new java.io.FileWriter(RefNo, false): null

2018-12-07 09:58:33 - [TEST_STEP][PASSED] - Statement - f2.write(CaseReferenceNo): null

2018-12-07 09:58:33 - [TEST_STEP][PASSED] - Statement - f2.close(): null

2018-12-07 09:58:33 - [TEST_STEP][PASSED] - Statement - out.println("


" + CaseReferenceNo + "


"): null

2018-12-07 09:58:33 - [MESSAGE][PASSED] - Call Test Case 'Test Cases/Final Aug 2018 - PKS Automation/Common/Reference Number Setter' successfully

2018-12-07 09:58:33 - [TEST_STEP][PASSED] - waitForElementClickable: Object 'Object Repository/Final Object Repo/New Registration - Registration Module Pages/Third Screen - Upload Supporting Doc- Preview/Save n Continue in SIP Employee Listing Page' is clickable

2018-12-07 09:58:33 - [MESSAGE][PASSED] - Object 'Object Repository/Final Object Repo/New Registration - Registration Module Pages/Third Screen - Upload Supporting Doc- Preview/Save n Continue in SIP Employee Listing Page' is clickable

2018-12-07 09:58:33 - [TEST_STEP][PASSED] - click: Object: 'Object Repository/Final Object Repo/New Registration - Registration Module Pages/Third Screen - Upload Supporting Doc- Preview/Save n Continue in SIP Employee Listing Page' is clicked on

2018-12-07 09:58:39 - [MESSAGE][PASSED] - Object: 'Object Repository/Final Object Repo/New Registration - Registration Module Pages/Third Screen - Upload Supporting Doc- Preview/Save n Continue in SIP Employee Listing Page' is clicked on

2018-12-07 09:58:39 - [TEST_STEP][PASSED] - delay: Delayed 7 second(s)

2018-12-07 09:58:46 - [MESSAGE][PASSED] - Delayed 7 second(s)

2018-12-07 09:58:46 - [TEST_STEP][PASSED] - click: Object: 'Object Repository/Final Object Repo/New Registration - Registration Module Pages/Third Screen - Upload Supporting Doc- Preview/Add Document Button' is clicked on

2018-12-07 09:58:46 - [MESSAGE][PASSED] - Object: 'Object Repository/Final Object Repo/New Registration - Registration Module Pages/Third Screen - Upload Supporting Doc- Preview/Add Document Button' is clicked on

2018-12-07 09:58:46 - [TEST_STEP][PASSED] - delay: Delayed 30 second(s)

2018-12-07 09:59:16 - [MESSAGE][PASSED] - Delayed 30 second(s)

2018-12-07 09:59:16 - [TEST_STEP][PASSED] - click: Object: 'Object Repository/Final Object Repo/New Registration - Registration Module Pages/Third Screen - Upload Supporting Doc- Preview/Supporting Doc Please Select Drop Down' is clicked on

2018-12-07 09:59:16 - [MESSAGE][PASSED] - Object: 'Object Repository/Final Object Repo/New Registration - Registration Module Pages/Third Screen - Upload Supporting Doc- Preview/Supporting Doc Please Select Drop Down' is clicked on

2018-12-07 09:59:16 - [TEST_STEP][PASSED] - delay: Delayed 2 second(s)

2018-12-07 09:59:18 - [MESSAGE][PASSED] - Delayed 2 second(s)

2018-12-07 09:59:18 - [TEST_STEP][PASSED] - click: Object: 'Object Repository/Final Object Repo/New Registration - Registration Module Pages/Third Screen - Upload Supporting Doc- Preview/Select to Upload Form 1' is clicked on

2018-12-07 09:59:19 - [MESSAGE][PASSED] - Object: 'Object Repository/Final Object Repo/New Registration - Registration Module Pages/Third Screen - Upload Supporting Doc- Preview/Select to Upload Form 1' is clicked on

2018-12-07 09:59:19 - [TEST_STEP][PASSED] - delay: Delayed 2 second(s)

2018-12-07 09:59:21 - [MESSAGE][PASSED] - Delayed 2 second(s)

2018-12-07 09:59:21 - [TEST_STEP][PASSED] - uploadFile: File 'C:\Users\Public\Pictures\Sample Pictures\Koala.jpg' sent to object: 'Object Repository/Final Object Repo/New Registration - Registration Module Pages/Third Screen - Upload Supporting Doc- Preview/Upload File Adding'

2018-12-07 09:59:21 - [MESSAGE][PASSED] - File 'C:\Users\Public\Pictures\Sample Pictures\Koala.jpg' sent to object: 'Object Repository/Final Object Repo/New Registration - Registration Module Pages/Third Screen - Upload Supporting Doc- Preview/Upload File Adding'

2018-12-07 09:59:21 - [TEST_STEP][PASSED] - delay: Delayed 5 second(s)

2018-12-07 09:59:26 - [MESSAGE][PASSED] - Delayed 5 second(s)

2018-12-07 09:59:26 - [TEST_STEP][PASSED] - click: Object: 'Object Repository/Final Object Repo/New Registration - Registration Module Pages/Third Screen - Upload Supporting Doc- Preview/Inner Form Add Document Button' is clicked on

2018-12-07 09:59:26 - [MESSAGE][PASSED] - Object: 'Object Repository/Final Object Repo/New Registration - Registration Module Pages/Third Screen - Upload Supporting Doc- Preview/Inner Form Add Document Button' is clicked on

2018-12-07 09:59:26 - [TEST_STEP][PASSED] - delay: Delayed 3 second(s)

2018-12-07 09:59:29 - [MESSAGE][PASSED] - Delayed 3 second(s)

2018-12-07 09:59:29 - [TEST_STEP][PASSED] - click: Object: 'Object Repository/Final Object Repo/New Registration - Registration Module Pages/Third Screen - Upload Supporting Doc- Preview/Add Document Button' is clicked on

2018-12-07 09:59:30 - [MESSAGE][PASSED] - Object: 'Object Repository/Final Object Repo/New Registration - Registration Module Pages/Third Screen - Upload Supporting Doc- Preview/Add Document Button' is clicked on

2018-12-07 09:59:30 - [TEST_STEP][PASSED] - delay: Delayed 30 second(s)

2018-12-07 10:00:00 - [MESSAGE][PASSED] - Delayed 30 second(s)

2018-12-07 10:00:00 - [TEST_STEP][PASSED] - click: Object: 'Object Repository/Final Object Repo/New Registration - Registration Module Pages/Third Screen - Upload Supporting Doc- Preview/Supporting Doc Please Select Drop Down' is clicked on

2018-12-07 10:00:00 - [MESSAGE][PASSED] - Object: 'Object Repository/Final Object Repo/New Registration - Registration Module Pages/Third Screen - Upload Supporting Doc- Preview/Supporting Doc Please Select Drop Down' is clicked on

2018-12-07 10:00:00 - [TEST_STEP][PASSED] - delay: Delayed 2 second(s)

2018-12-07 10:00:02 - [MESSAGE][PASSED] - Delayed 2 second(s)

2018-12-07 10:00:02 - [TEST_STEP][PASSED] - click: Object: 'Object Repository/Final Object Repo/New Registration - Registration Module Pages/Third Screen - Upload Supporting Doc- Preview/Select to Upload Form 2' is clicked on

2018-12-07 10:00:03 - [MESSAGE][PASSED] - Object: 'Object Repository/Final Object Repo/New Registration - Registration Module Pages/Third Screen - Upload Supporting Doc- Preview/Select to Upload Form 2' is clicked on

2018-12-07 10:00:03 - [TEST_STEP][PASSED] - delay: Delayed 2 second(s)

2018-12-07 10:00:05 - [MESSAGE][PASSED] - Delayed 2 second(s)

2018-12-07 10:00:05 - [TEST_STEP][PASSED] - uploadFile: File 'C:\Users\Public\Pictures\Sample Pictures\Koala.jpg' sent to object: 'Object Repository/Final Object Repo/New Registration - Registration Module Pages/Third Screen - Upload Supporting Doc- Preview/Upload File Adding'

2018-12-07 10:00:05 - [MESSAGE][PASSED] - File 'C:\Users\Public\Pictures\Sample Pictures\Koala.jpg' sent to object: 'Object Repository/Final Object Repo/New Registration - Registration Module Pages/Third Screen - Upload Supporting Doc- Preview/Upload File Adding'

2018-12-07 10:00:05 - [TEST_STEP][PASSED] - click: Object: 'Object Repository/Final Object Repo/New Registration - Registration Module Pages/Third Screen - Upload Supporting Doc- Preview/Inner Form Add Document Button' is clicked on

2018-12-07 10:00:05 - [MESSAGE][PASSED] - Object: 'Object Repository/Final Object Repo/New Registration - Registration Module Pages/Third Screen - Upload Supporting Doc- Preview/Inner Form Add Document Button' is clicked on

2018-12-07 10:00:05 - [TEST_STEP][PASSED] - delay: Delayed 5 second(s)

2018-12-07 10:00:10 - [MESSAGE][PASSED] - Delayed 5 second(s)

2018-12-07 10:00:10 - [TEST_STEP][PASSED] - click: Object: 'Object Repository/Final Object Repo/New Registration - Registration Module Pages/Third Screen - Upload Supporting Doc- Preview/Add Document Button' is clicked on

2018-12-07 10:00:10 - [MESSAGE][PASSED] - Object: 'Object Repository/Final Object Repo/New Registration - Registration Module Pages/Third Screen - Upload Supporting Doc- Preview/Add Document Button' is clicked on

2018-12-07 10:00:10 - [TEST_STEP][PASSED] - delay: Delayed 30 second(s)

2018-12-07 10:00:40 - [MESSAGE][PASSED] - Delayed 30 second(s)

2018-12-07 10:00:40 - [TEST_STEP][PASSED] - click: Object: 'Object Repository/Final Object Repo/New Registration - Registration Module Pages/Third Screen - Upload Supporting Doc- Preview/Supporting Doc Please Select Drop Down' is clicked on

2018-12-07 10:00:40 - [MESSAGE][PASSED] - Object: 'Object Repository/Final Object Repo/New Registration - Registration Module Pages/Third Screen - Upload Supporting Doc- Preview/Supporting Doc Please Select Drop Down' is clicked on

2018-12-07 10:00:40 - [TEST_STEP][PASSED] - click: Object: 'Object Repository/Final Object Repo/New Registration - Registration Module Pages/Third Screen - Upload Supporting Doc- Preview/Select to Upload Borang SIP 1' is clicked on

2018-12-07 10:00:41 - [MESSAGE][PASSED] - Object: 'Object Repository/Final Object Repo/New Registration - Registration Module Pages/Third Screen - Upload Supporting Doc- Preview/Select to Upload Borang SIP 1' is clicked on

2018-12-07 10:00:41 - [TEST_STEP][PASSED] - delay: Delayed 2 second(s)

2018-12-07 10:00:43 - [MESSAGE][PASSED] - Delayed 2 second(s)

2018-12-07 10:00:43 - [TEST_STEP][PASSED] - uploadFile: File 'C:\Users\Public\Pictures\Sample Pictures\Koala.jpg' sent to object: 'Object Repository/Final Object Repo/New Registration - Registration Module Pages/Third Screen - Upload Supporting Doc- Preview/Upload File Adding'

2018-12-07 10:00:43 - [MESSAGE][PASSED] - File 'C:\Users\Public\Pictures\Sample Pictures\Koala.jpg' sent to object: 'Object Repository/Final Object Repo/New Registration - Registration Module Pages/Third Screen - Upload Supporting Doc- Preview/Upload File Adding'

2018-12-07 10:00:43 - [TEST_STEP][PASSED] - click: Object: 'Object Repository/Final Object Repo/New Registration - Registration Module Pages/Third Screen - Upload Supporting Doc- Preview/Inner Form Add Document Button' is clicked on

2018-12-07 10:00:43 - [MESSAGE][PASSED] - Object: 'Object Repository/Final Object Repo/New Registration - Registration Module Pages/Third Screen - Upload Supporting Doc- Preview/Inner Form Add Document Button' is clicked on

2018-12-07 10:00:43 - [TEST_STEP][PASSED] - delay: Delayed 5 second(s)

2018-12-07 10:00:48 - [MESSAGE][PASSED] - Delayed 5 second(s)

2018-12-07 10:00:48 - [TEST_STEP][PASSED] - click: Object: 'Object Repository/Final Object Repo/New Registration - Registration Module Pages/Third Screen - Upload Supporting Doc- Preview/Add Document Button' is clicked on

2018-12-07 10:00:48 - [MESSAGE][PASSED] - Object: 'Object Repository/Final Object Repo/New Registration - Registration Module Pages/Third Screen - Upload Supporting Doc- Preview/Add Document Button' is clicked on

2018-12-07 10:00:48 - [TEST_STEP][PASSED] - delay: Delayed 30 second(s)

2018-12-07 10:01:18 - [MESSAGE][PASSED] - Delayed 30 second(s)

2018-12-07 10:01:18 - [TEST_STEP][PASSED] - click: Object: 'Object Repository/Final Object Repo/New Registration - Registration Module Pages/Third Screen - Upload Supporting Doc- Preview/Supporting Doc Please Select Drop Down' is clicked on

2018-12-07 10:01:18 - [MESSAGE][PASSED] - Object: 'Object Repository/Final Object Repo/New Registration - Registration Module Pages/Third Screen - Upload Supporting Doc- Preview/Supporting Doc Please Select Drop Down' is clicked on

2018-12-07 10:01:18 - [TEST_STEP][PASSED] - delay: Delayed 3 second(s)

2018-12-07 10:01:21 - [MESSAGE][PASSED] - Delayed 3 second(s)

2018-12-07 10:01:21 - [TEST_STEP][PASSED] - click: Object: 'Object Repository/Final Object Repo/New Registration - Registration Module Pages/Third Screen - Upload Supporting Doc- Preview/Select to Upload Borang SIP 2' is clicked on

2018-12-07 10:01:22 - [MESSAGE][PASSED] - Object: 'Object Repository/Final Object Repo/New Registration - Registration Module Pages/Third Screen - Upload Supporting Doc- Preview/Select to Upload Borang SIP 2' is clicked on

2018-12-07 10:01:22 - [TEST_STEP][PASSED] - delay: Delayed 2 second(s)

2018-12-07 10:01:24 - [MESSAGE][PASSED] - Delayed 2 second(s)

2018-12-07 10:01:24 - [TEST_STEP][PASSED] - uploadFile: File 'C:\Users\Public\Pictures\Sample Pictures\Koala.jpg' sent to object: 'Object Repository/Final Object Repo/New Registration - Registration Module Pages/Third Screen - Upload Supporting Doc- Preview/Upload File Adding'

2018-12-07 10:01:24 - [MESSAGE][PASSED] - File 'C:\Users\Public\Pictures\Sample Pictures\Koala.jpg' sent to object: 'Object Repository/Final Object Repo/New Registration - Registration Module Pages/Third Screen - Upload Supporting Doc- Preview/Upload File Adding'

2018-12-07 10:01:24 - [TEST_STEP][PASSED] - delay: Delayed 5 second(s)

2018-12-07 10:01:29 - [MESSAGE][PASSED] - Delayed 5 second(s)

2018-12-07 10:01:29 - [TEST_STEP][PASSED] - click: Object: 'Object Repository/Final Object Repo/New Registration - Registration Module Pages/Third Screen - Upload Supporting Doc- Preview/Inner Form Add Document Button' is clicked on

2018-12-07 10:01:29 - [MESSAGE][PASSED] - Object: 'Object Repository/Final Object Repo/New Registration - Registration Module Pages/Third Screen - Upload Supporting Doc- Preview/Inner Form Add Document Button' is clicked on

2018-12-07 10:01:29 - [TEST_STEP][PASSED] - delay: Delayed 3 second(s)

2018-12-07 10:01:32 - [MESSAGE][PASSED] - Delayed 3 second(s)

2018-12-07 10:01:32 - [TEST_STEP][PASSED] - waitForElementClickable: Object 'Object Repository/Final Object Repo/New Registration - Registration Module Pages/Third Screen - Upload Supporting Doc- Preview/Save n Continue in Uploading Supporting Doc Page' is clickable

2018-12-07 10:01:33 - [MESSAGE][PASSED] - Object 'Object Repository/Final Object Repo/New Registration - Registration Module Pages/Third Screen - Upload Supporting Doc- Preview/Save n Continue in Uploading Supporting Doc Page' is clickable

2018-12-07 10:01:33 - [TEST_STEP][PASSED] - click: Object: 'Object Repository/Final Object Repo/New Registration - Registration Module Pages/Third Screen - Upload Supporting Doc- Preview/Save n Continue in Uploading Supporting Doc Page' is clicked on

2018-12-07 10:01:33 - [MESSAGE][PASSED] - Object: 'Object Repository/Final Object Repo/New Registration - Registration Module Pages/Third Screen - Upload Supporting Doc- Preview/Save n Continue in Uploading Supporting Doc Page' is clicked on

2018-12-07 10:01:33 - [MESSAGE][PASSED] - Call Test Case 'Test Cases/Final Aug 2018 - PKS Automation/Registration Module/New Registration/Flow of New Registration/Third Screen - Upload Supporting Doc - Preview' successfully

2018-12-07 10:01:33 - [TEST_STEP][PASSED] - setText: Text 'Tester' is set on object 'Object Repository/Final Object Repo/New Registration - Registration Module Pages/New Reg - OTC to RO/Special Case - All Related Objects/Employer Preview Name'

2018-12-07 10:01:38 - [MESSAGE][PASSED] - Text 'Tester' is set on object 'Object Repository/Final Object Repo/New Registration - Registration Module Pages/New Reg - OTC to RO/Special Case - All Related Objects/Employer Preview Name'

2018-12-07 10:01:38 - [TEST_STEP][PASSED] - click: Object: 'Object Repository/Final Object Repo/New Registration - Registration Module Pages/New Reg - OTC to RO/Special Case - All Related Objects/IC Type Drop Down' is clicked on

2018-12-07 10:01:38 - [MESSAGE][PASSED] - Object: 'Object Repository/Final Object Repo/New Registration - Registration Module Pages/New Reg - OTC to RO/Special Case - All Related Objects/IC Type Drop Down' is clicked on

2018-12-07 10:01:38 - [TEST_STEP][PASSED] - click: Object: 'Object Repository/Final Object Repo/New Registration - Registration Module Pages/New Reg - OTC to RO/Special Case - All Related Objects/Select to NRIC' is clicked on

2018-12-07 10:01:39 - [MESSAGE][PASSED] - Object: 'Object Repository/Final Object Repo/New Registration - Registration Module Pages/New Reg - OTC to RO/Special Case - All Related Objects/Select to NRIC' is clicked on

2018-12-07 10:01:39 - [TEST_STEP][PASSED] - setText: Text '133245561223' is set on object 'Object Repository/Final Object Repo/New Registration - Registration Module Pages/New Reg - OTC to RO/Special Case - All Related Objects/IC Value'

2018-12-07 10:01:39 - [MESSAGE][PASSED] - Text '133245561223' is set on object 'Object Repository/Final Object Repo/New Registration - Registration Module Pages/New Reg - OTC to RO/Special Case - All Related Objects/IC Value'

2018-12-07 10:01:39 - [TEST_STEP][PASSED] - setText: Text 'Auto' is set on object 'Object Repository/Final Object Repo/New Registration - Registration Module Pages/New Reg - OTC to RO/Special Case - All Related Objects/Designation'

2018-12-07 10:01:39 - [MESSAGE][PASSED] - Text 'Auto' is set on object 'Object Repository/Final Object Repo/New Registration - Registration Module Pages/New Reg - OTC to RO/Special Case - All Related Objects/Designation'

2018-12-07 10:01:39 - [TEST_STEP][PASSED] - callTestCase: Call Test Case 'Test Cases/Final Aug 2018 - PKS Automation/Registration Module/New Registration/Submit and Screenshot/Submit Registration and Screenshot - Copy' successfully

2018-12-07 10:01:39 - [TEST_CASE][PASSED] - Test Cases/Final Aug 2018 - PKS Automation/Registration Module/New Registration/Submit and Screenshot/Submit Registration and Screenshot - Copy: Test Cases/Final Aug 2018 - PKS Automation/Registration Module/New Registration/Submit and Screenshot/Submit Registration and Screenshot - Copy

2018-12-07 10:01:40 - [TEST_STEP][PASSED] - delay: Delayed 6 second(s)

2018-12-07 10:01:46 - [MESSAGE][PASSED] - Delayed 6 second(s)

2018-12-07 10:01:46 - [TEST_STEP][PASSED] - click: Object: 'Object Repository/Final Object Repo/New Registration - Registration Module Pages/Third Screen - Upload Supporting Doc- Preview/Preview Submit Button' is clicked on

2018-12-07 10:01:46 - [MESSAGE][PASSED] - Object: 'Object Repository/Final Object Repo/New Registration - Registration Module Pages/Third Screen - Upload Supporting Doc- Preview/Preview Submit Button' is clicked on

2018-12-07 10:01:46 - [TEST_STEP][PASSED] - delay: Delayed 2 second(s)

2018-12-07 10:01:48 - [MESSAGE][PASSED] - Delayed 2 second(s)

2018-12-07 10:01:48 - [TEST_STEP][PASSED] - click: Object: 'Object Repository/Final Object Repo/New Registration - Registration Module Pages/Third Screen - Upload Supporting Doc- Preview/Preview Submit - Confirm' is clicked on

2018-12-07 10:01:48 - [MESSAGE][PASSED] - Object: 'Object Repository/Final Object Repo/New Registration - Registration Module Pages/Third Screen - Upload Supporting Doc- Preview/Preview Submit - Confirm' is clicked on

2018-12-07 10:01:48 - [TEST_STEP][PASSED] - delay: Delayed 15 second(s)

2018-12-07 10:02:03 - [MESSAGE][PASSED] - Delayed 15 second(s)

2018-12-07 10:02:03 - [TEST_STEP][PASSED] - Statement - driver = com.kms.katalon.core.webui.driver.DriverFactory.getWebDriver(): null

2018-12-07 10:02:03 - [TEST_STEP][PASSED] - Statement - driver.manage().timeouts().implicitlyWait(10, SECONDS): null

2018-12-07 10:02:03 - [TEST_STEP][PASSED] - Statement - PresavePath = KatalonScreenshots: null

2018-12-07 10:02:03 - [TEST_STEP][PASSED] - Statement - pathPrefix = "C:\Users\Public\Pictures\Sample Pictures\Katalon Screenshots\Automate Ending Screen": null

2018-12-07 10:02:03 - [TEST_STEP][PASSED] - Statement - finalPath = <not implemented yet for class: org.codehaus.groovy.ast.expr.EmptyExpression>: null

2018-12-07 10:02:03 - [TEST_STEP][PASSED] - Statement - scrFile = driver.getScreenshotAs(FILE): null

2018-12-07 10:02:03 - [TEST_STEP][PASSED] - Statement - PreSaveFile = new java.io.File(PresavePath): null

2018-12-07 10:02:03 - [TEST_STEP][PASSED] - Statement - counter = 0: null

2018-12-07 10:02:03 - [TEST_STEP][PASSED] - Statement - If (PreSaveFile.exists()): null

2018-12-07 10:02:03 - [TEST_STEP][PASSED] - Statement - While (PreSaveFile.exists()): null

2018-12-07 10:02:03 - [TEST_STEP][PASSED] - Statement - counter = counter + 1: null

2018-12-07 10:02:03 - [TEST_STEP][PASSED] - Statement - PreSaveFile = new java.io.File(((pathPrefix + java.lang.Integer.toString(counter)) + .png)): null

2018-12-07 10:02:03 - [TEST_STEP][PASSED] - Statement - counter = counter + 1: null

2018-12-07 10:02:03 - [TEST_STEP][PASSED] - Statement - PreSaveFile = new java.io.File(((pathPrefix + java.lang.Integer.toString(counter)) + .png)): null

2018-12-07 10:02:03 - [TEST_STEP][PASSED] - Statement - counter = counter + 1: null

2018-12-07 10:02:03 - [TEST_STEP][PASSED] - Statement - PreSaveFile = new java.io.File(((pathPrefix + java.lang.Integer.toString(counter)) + .png)): null

2018-12-07 10:02:03 - [TEST_STEP][PASSED] - Statement - counter = counter + 1: null

2018-12-07 10:02:03 - [TEST_STEP][PASSED] - Statement - PreSaveFile = new java.io.File(((pathPrefix + java.lang.Integer.toString(counter)) + .png)): null

2018-12-07 10:02:03 - [TEST_STEP][PASSED] - Statement - counter = counter + 1: null

2018-12-07 10:02:03 - [TEST_STEP][PASSED] - Statement - PreSaveFile = new java.io.File(((pathPrefix + java.lang.Integer.toString(counter)) + .png)): null

2018-12-07 10:02:03 - [TEST_STEP][PASSED] - Statement - counter = counter + 1: null

2018-12-07 10:02:03 - [TEST_STEP][PASSED] - Statement - PreSaveFile = new java.io.File(((pathPrefix + java.lang.Integer.toString(counter)) + .png)): null

2018-12-07 10:02:03 - [TEST_STEP][PASSED] - Statement - counter = counter + 1: null

2018-12-07 10:02:03 - [TEST_STEP][PASSED] - Statement - PreSaveFile = new java.io.File(((pathPrefix + java.lang.Integer.toString(counter)) + .png)): null

2018-12-07 10:02:03 - [TEST_STEP][PASSED] - Statement - counter = counter + 1: null

2018-12-07 10:02:03 - [TEST_STEP][PASSED] - Statement - PreSaveFile = new java.io.File(((pathPrefix + java.lang.Integer.toString(counter)) + .png)): null

2018-12-07 10:02:03 - [TEST_STEP][PASSED] - Statement - counter = counter + 1: null

2018-12-07 10:02:03 - [TEST_STEP][PASSED] - Statement - PreSaveFile = new java.io.File(((pathPrefix + java.lang.Integer.toString(counter)) + .png)): null

2018-12-07 10:02:03 - [TEST_STEP][PASSED] - Statement - counter = counter + 1: null

2018-12-07 10:02:03 - [TEST_STEP][PASSED] - Statement - PreSaveFile = new java.io.File(((pathPrefix + java.lang.Integer.toString(counter)) + .png)): null

2018-12-07 10:02:03 - [TEST_STEP][PASSED] - Statement - counter = counter + 1: null

2018-12-07 10:02:03 - [TEST_STEP][PASSED] - Statement - PreSaveFile = new java.io.File(((pathPrefix + java.lang.Integer.toString(counter)) + .png)): null

2018-12-07 10:02:03 - [TEST_STEP][PASSED] - Statement - counter = counter + 1: null

2018-12-07 10:02:03 - [TEST_STEP][PASSED] - Statement - PreSaveFile = new java.io.File(((pathPrefix + java.lang.Integer.toString(counter)) + .png)): null

2018-12-07 10:02:03 - [TEST_STEP][PASSED] - Statement - counter = counter + 1: null

2018-12-07 10:02:03 - [TEST_STEP][PASSED] - Statement - PreSaveFile = new java.io.File(((pathPrefix + java.lang.Integer.toString(counter)) + .png)): null

2018-12-07 10:02:03 - [TEST_STEP][PASSED] - Statement - counter = counter + 1: null

2018-12-07 10:02:03 - [TEST_STEP][PASSED] - Statement - PreSaveFile = new java.io.File(((pathPrefix + java.lang.Integer.toString(counter)) + .png)): null

2018-12-07 10:02:03 - [TEST_STEP][PASSED] - Statement - counter = counter + 1: null

2018-12-07 10:02:03 - [TEST_STEP][PASSED] - Statement - PreSaveFile = new java.io.File(((pathPrefix + java.lang.Integer.toString(counter)) + .png)): null

2018-12-07 10:02:03 - [TEST_STEP][PASSED] - Statement - counter = counter + 1: null

2018-12-07 10:02:03 - [TEST_STEP][PASSED] - Statement - PreSaveFile = new java.io.File(((pathPrefix + java.lang.Integer.toString(counter)) + .png)): null

2018-12-07 10:02:03 - [TEST_STEP][PASSED] - Statement - counter = counter + 1: null

2018-12-07 10:02:03 - [TEST_STEP][PASSED] - Statement - PreSaveFile = new java.io.File(((pathPrefix + java.lang.Integer.toString(counter)) + .png)): null

2018-12-07 10:02:03 - [TEST_STEP][PASSED] - Statement - counter = counter + 1: null

2018-12-07 10:02:03 - [TEST_STEP][PASSED] - Statement - PreSaveFile = new java.io.File(((pathPrefix + java.lang.Integer.toString(counter)) + .png)): null

2018-12-07 10:02:04 - [TEST_STEP][PASSED] - Statement - counter = counter + 1: null

2018-12-07 10:02:04 - [TEST_STEP][PASSED] - Statement - PreSaveFile = new java.io.File(((pathPrefix + java.lang.Integer.toString(counter)) + .png)): null

2018-12-07 10:02:04 - [TEST_STEP][PASSED] - Statement - counter = counter + 1: null

2018-12-07 10:02:04 - [TEST_STEP][PASSED] - Statement - PreSaveFile = new java.io.File(((pathPrefix + java.lang.Integer.toString(counter)) + .png)): null

2018-12-07 10:02:04 - [TEST_STEP][PASSED] - Statement - counter = counter + 1: null

2018-12-07 10:02:04 - [TEST_STEP][PASSED] - Statement - PreSaveFile = new java.io.File(((pathPrefix + java.lang.Integer.toString(counter)) + .png)): null

2018-12-07 10:02:04 - [TEST_STEP][PASSED] - Statement - counter = counter + 1: null

2018-12-07 10:02:04 - [TEST_STEP][PASSED] - Statement - PreSaveFile = new java.io.File(((pathPrefix + java.lang.Integer.toString(counter)) + .png)): null

2018-12-07 10:02:04 - [TEST_STEP][PASSED] - Statement - counter = counter + 1: null

2018-12-07 10:02:04 - [TEST_STEP][PASSED] - Statement - PreSaveFile = new java.io.File(((pathPrefix + java.lang.Integer.toString(counter)) + .png)): null

2018-12-07 10:02:04 - [TEST_STEP][PASSED] - Statement - counter = counter + 1: null

2018-12-07 10:02:04 - [TEST_STEP][PASSED] - Statement - PreSaveFile = new java.io.File(((pathPrefix + java.lang.Integer.toString(counter)) + .png)): null

2018-12-07 10:02:04 - [TEST_STEP][PASSED] - Statement - counter = counter + 1: null

2018-12-07 10:02:04 - [TEST_STEP][PASSED] - Statement - PreSaveFile = new java.io.File(((pathPrefix + java.lang.Integer.toString(counter)) + .png)): null

2018-12-07 10:02:04 - [TEST_STEP][PASSED] - Statement - counter = counter + 1: null

2018-12-07 10:02:04 - [TEST_STEP][PASSED] - Statement - PreSaveFile = new java.io.File(((pathPrefix + java.lang.Integer.toString(counter)) + .png)): null

2018-12-07 10:02:04 - [TEST_STEP][PASSED] - Statement - counter = counter + 1: null

2018-12-07 10:02:04 - [TEST_STEP][PASSED] - Statement - PreSaveFile = new java.io.File(((pathPrefix + java.lang.Integer.toString(counter)) + .png)): null

2018-12-07 10:02:04 - [TEST_STEP][PASSED] - Statement - counter = counter + 1: null

2018-12-07 10:02:04 - [TEST_STEP][PASSED] - Statement - PreSaveFile = new java.io.File(((pathPrefix + java.lang.Integer.toString(counter)) + .png)): null

2018-12-07 10:02:04 - [TEST_STEP][PASSED] - Statement - counter = counter + 1: null

2018-12-07 10:02:04 - [TEST_STEP][PASSED] - Statement - PreSaveFile = new java.io.File(((pathPrefix + java.lang.Integer.toString(counter)) + .png)): null

2018-12-07 10:02:04 - [TEST_STEP][PASSED] - Statement - counter = counter + 1: null

2018-12-07 10:02:04 - [TEST_STEP][PASSED] - Statement - PreSaveFile = new java.io.File(((pathPrefix + java.lang.Integer.toString(counter)) + .png)): null

2018-12-07 10:02:04 - [TEST_STEP][PASSED] - Statement - counter = counter + 1: null

2018-12-07 10:02:04 - [TEST_STEP][PASSED] - Statement - PreSaveFile = new java.io.File(((pathPrefix + java.lang.Integer.toString(counter)) + .png)): null

2018-12-07 10:02:04 - [TEST_STEP][PASSED] - Statement - counter = counter + 1: null

2018-12-07 10:02:04 - [TEST_STEP][PASSED] - Statement - PreSaveFile = new java.io.File(((pathPrefix + java.lang.Integer.toString(counter)) + .png)): null

2018-12-07 10:02:04 - [TEST_STEP][PASSED] - Statement - counter = counter + 1: null

2018-12-07 10:02:04 - [TEST_STEP][PASSED] - Statement - PreSaveFile = new java.io.File(((pathPrefix + java.lang.Integer.toString(counter)) + .png)): null

2018-12-07 10:02:05 - [TEST_STEP][PASSED] - Statement - counter = counter + 1: null

2018-12-07 10:02:05 - [TEST_STEP][PASSED] - Statement - PreSaveFile = new java.io.File(((pathPrefix + java.lang.Integer.toString(counter)) + .png)): null

2018-12-07 10:02:05 - [TEST_STEP][PASSED] - Statement - counter = counter + 1: null

2018-12-07 10:02:05 - [TEST_STEP][PASSED] - Statement - PreSaveFile = new java.io.File(((pathPrefix + java.lang.Integer.toString(counter)) + .png)): null

2018-12-07 10:02:05 - [TEST_STEP][PASSED] - Statement - counter = counter + 1: null

2018-12-07 10:02:05 - [TEST_STEP][PASSED] - Statement - PreSaveFile = new java.io.File(((pathPrefix + java.lang.Integer.toString(counter)) + .png)): null

2018-12-07 10:02:05 - [TEST_STEP][PASSED] - Statement - counter = counter + 1: null

2018-12-07 10:02:05 - [TEST_STEP][PASSED] - Statement - PreSaveFile = new java.io.File(((pathPrefix + java.lang.Integer.toString(counter)) + .png)): null

2018-12-07 10:02:05 - [TEST_STEP][PASSED] - Statement - counter = counter + 1: null

2018-12-07 10:02:05 - [TEST_STEP][PASSED] - Statement - PreSaveFile = new java.io.File(((pathPrefix + java.lang.Integer.toString(counter)) + .png)): null

2018-12-07 10:02:05 - [TEST_STEP][PASSED] - Statement - counter = counter + 1: null

2018-12-07 10:02:05 - [TEST_STEP][PASSED] - Statement - PreSaveFile = new java.io.File(((pathPrefix + java.lang.Integer.toString(counter)) + .png)): null

2018-12-07 10:02:05 - [TEST_STEP][PASSED] - Statement - counter = counter + 1: null

2018-12-07 10:02:05 - [TEST_STEP][PASSED] - Statement - PreSaveFile = new java.io.File(((pathPrefix + java.lang.Integer.toString(counter)) + .png)): null

2018-12-07 10:02:05 - [TEST_STEP][PASSED] - Statement - counter = counter + 1: null

2018-12-07 10:02:05 - [TEST_STEP][PASSED] - Statement - PreSaveFile = new java.io.File(((pathPrefix + java.lang.Integer.toString(counter)) + .png)): null

2018-12-07 10:02:05 - [TEST_STEP][PASSED] - Statement - counter = counter + 1: null

2018-12-07 10:02:05 - [TEST_STEP][PASSED] - Statement - PreSaveFile = new java.io.File(((pathPrefix + java.lang.Integer.toString(counter)) + .png)): null

2018-12-07 10:02:05 - [TEST_STEP][PASSED] - Statement - counter = counter + 1: null

2018-12-07 10:02:05 - [TEST_STEP][PASSED] - Statement - PreSaveFile = new java.io.File(((pathPrefix + java.lang.Integer.toString(counter)) + .png)): null

2018-12-07 10:02:05 - [TEST_STEP][PASSED] - Statement - counter = counter + 1: null

2018-12-07 10:02:05 - [TEST_STEP][PASSED] - Statement - PreSaveFile = new java.io.File(((pathPrefix + java.lang.Integer.toString(counter)) + .png)): null

2018-12-07 10:02:05 - [TEST_STEP][PASSED] - Statement - counter = counter + 1: null

2018-12-07 10:02:05 - [TEST_STEP][PASSED] - Statement - PreSaveFile = new java.io.File(((pathPrefix + java.lang.Integer.toString(counter)) + .png)): null

2018-12-07 10:02:05 - [TEST_STEP][PASSED] - Statement - counter = counter + 1: null

2018-12-07 10:02:05 - [TEST_STEP][PASSED] - Statement - PreSaveFile = new java.io.File(((pathPrefix + java.lang.Integer.toString(counter)) + .png)): null

2018-12-07 10:02:05 - [TEST_STEP][PASSED] - Statement - counter = counter + 1: null

2018-12-07 10:02:05 - [TEST_STEP][PASSED] - Statement - PreSaveFile = new java.io.File(((pathPrefix + java.lang.Integer.toString(counter)) + .png)): null

2018-12-07 10:02:05 - [TEST_STEP][PASSED] - Statement - counter = counter + 1: null

2018-12-07 10:02:05 - [TEST_STEP][PASSED] - Statement - PreSaveFile = new java.io.File(((pathPrefix + java.lang.Integer.toString(counter)) + .png)): null

2018-12-07 10:02:06 - [TEST_STEP][PASSED] - Statement - counter = counter + 1: null

2018-12-07 10:02:06 - [TEST_STEP][PASSED] - Statement - PreSaveFile = new java.io.File(((pathPrefix + java.lang.Integer.toString(counter)) + .png)): null

2018-12-07 10:02:06 - [TEST_STEP][PASSED] - Statement - counter = counter + 1: null

2018-12-07 10:02:06 - [TEST_STEP][PASSED] - Statement - PreSaveFile = new java.io.File(((pathPrefix + java.lang.Integer.toString(counter)) + .png)): null

2018-12-07 10:02:06 - [TEST_STEP][PASSED] - Statement - counter = counter + 1: null

2018-12-07 10:02:06 - [TEST_STEP][PASSED] - Statement - PreSaveFile = new java.io.File(((pathPrefix + java.lang.Integer.toString(counter)) + .png)): null

2018-12-07 10:02:06 - [TEST_STEP][PASSED] - Statement - counter = counter + 1: null

2018-12-07 10:02:06 - [TEST_STEP][PASSED] - Statement - PreSaveFile = new java.io.File(((pathPrefix + java.lang.Integer.toString(counter)) + .png)): null

2018-12-07 10:02:06 - [TEST_STEP][PASSED] - Statement - counter = counter + 1: null

2018-12-07 10:02:06 - [TEST_STEP][PASSED] - Statement - PreSaveFile = new java.io.File(((pathPrefix + java.lang.Integer.toString(counter)) + .png)): null

2018-12-07 10:02:06 - [TEST_STEP][PASSED] - Statement - counter = counter + 1: null

2018-12-07 10:02:06 - [TEST_STEP][PASSED] - Statement - PreSaveFile = new java.io.File(((pathPrefix + java.lang.Integer.toString(counter)) + .png)): null

2018-12-07 10:02:06 - [TEST_STEP][PASSED] - Statement - counter = counter + 1: null

2018-12-07 10:02:06 - [TEST_STEP][PASSED] - Statement - PreSaveFile = new java.io.File(((pathPrefix + java.lang.Integer.toString(counter)) + .png)): null

2018-12-07 10:02:06 - [TEST_STEP][PASSED] - Statement - counter = counter + 1: null

2018-12-07 10:02:06 - [TEST_STEP][PASSED] - Statement - PreSaveFile = new java.io.File(((pathPrefix + java.lang.Integer.toString(counter)) + .png)): null

2018-12-07 10:02:06 - [TEST_STEP][PASSED] - Statement - counter = counter + 1: null

2018-12-07 10:02:06 - [TEST_STEP][PASSED] - Statement - PreSaveFile = new java.io.File(((pathPrefix + java.lang.Integer.toString(counter)) + .png)): null

2018-12-07 10:02:06 - [TEST_STEP][PASSED] - Statement - counter = counter + 1: null

2018-12-07 10:02:06 - [TEST_STEP][PASSED] - Statement - PreSaveFile = new java.io.File(((pathPrefix + java.lang.Integer.toString(counter)) + .png)): null

2018-12-07 10:02:06 - [TEST_STEP][PASSED] - Statement - counter = counter + 1: null

2018-12-07 10:02:06 - [TEST_STEP][PASSED] - Statement - PreSaveFile = new java.io.File(((pathPrefix + java.lang.Integer.toString(counter)) + .png)): null

2018-12-07 10:02:06 - [TEST_STEP][PASSED] - Statement - counter = counter + 1: null

2018-12-07 10:02:06 - [TEST_STEP][PASSED] - Statement - PreSaveFile = new java.io.File(((pathPrefix + java.lang.Integer.toString(counter)) + .png)): null

2018-12-07 10:02:06 - [TEST_STEP][PASSED] - Statement - counter = counter + 1: null

2018-12-07 10:02:06 - [TEST_STEP][PASSED] - Statement - PreSaveFile = new java.io.File(((pathPrefix + java.lang.Integer.toString(counter)) + .png)): null

2018-12-07 10:02:06 - [TEST_STEP][PASSED] - Statement - counter = counter + 1: null

2018-12-07 10:02:06 - [TEST_STEP][PASSED] - Statement - PreSaveFile = new java.io.File(((pathPrefix + java.lang.Integer.toString(counter)) + .png)): null

2018-12-07 10:02:06 - [TEST_STEP][PASSED] - Statement - counter = counter + 1: null

2018-12-07 10:02:07 - [TEST_STEP][PASSED] - Statement - PreSaveFile = new java.io.File(((pathPrefix + java.lang.Integer.toString(counter)) + .png)): null

2018-12-07 10:02:07 - [TEST_STEP][PASSED] - Statement - counter = counter + 1: null

2018-12-07 10:02:07 - [TEST_STEP][PASSED] - Statement - PreSaveFile = new java.io.File(((pathPrefix + java.lang.Integer.toString(counter)) + .png)): null

2018-12-07 10:02:07 - [TEST_STEP][PASSED] - Statement - counter = counter + 1: null

2018-12-07 10:02:07 - [TEST_STEP][PASSED] - Statement - PreSaveFile = new java.io.File(((pathPrefix + java.lang.Integer.toString(counter)) + .png)): null

2018-12-07 10:02:07 - [TEST_STEP][PASSED] - Statement - counter = counter + 1: null

2018-12-07 10:02:07 - [TEST_STEP][PASSED] - Statement - PreSaveFile = new java.io.File(((pathPrefix + java.lang.Integer.toString(counter)) + .png)): null

2018-12-07 10:02:07 - [TEST_STEP][PASSED] - Statement - counter = counter + 1: null

2018-12-07 10:02:07 - [TEST_STEP][PASSED] - Statement - PreSaveFile = new java.io.File(((pathPrefix + java.lang.Integer.toString(counter)) + .png)): null

2018-12-07 10:02:07 - [TEST_STEP][PASSED] - Statement - counter = counter + 1: null

2018-12-07 10:02:07 - [TEST_STEP][PASSED] - Statement - PreSaveFile = new java.io.File(((pathPrefix + java.lang.Integer.toString(counter)) + .png)): null

2018-12-07 10:02:07 - [TEST_STEP][PASSED] - Statement - counter = counter + 1: null

2018-12-07 10:02:07 - [TEST_STEP][PASSED] - Statement - PreSaveFile = new java.io.File(((pathPrefix + java.lang.Integer.toString(counter)) + .png)): null

2018-12-07 10:02:07 - [TEST_STEP][PASSED] - Statement - counter = counter + 1: null

2018-12-07 10:02:07 - [TEST_STEP][PASSED] - Statement - PreSaveFile = new java.io.File(((pathPrefix + java.lang.Integer.toString(counter)) + .png)): null

2018-12-07 10:02:07 - [TEST_STEP][PASSED] - Statement - counter = counter + 1: null

2018-12-07 10:02:07 - [TEST_STEP][PASSED] - Statement - PreSaveFile = new java.io.File(((pathPrefix + java.lang.Integer.toString(counter)) + .png)): null

2018-12-07 10:02:07 - [TEST_STEP][PASSED] - Statement - counter = counter + 1: null

2018-12-07 10:02:07 - [TEST_STEP][PASSED] - Statement - PreSaveFile = new java.io.File(((pathPrefix + java.lang.Integer.toString(counter)) + .png)): null

2018-12-07 10:02:07 - [TEST_STEP][PASSED] - Statement - counter = counter + 1: null

2018-12-07 10:02:07 - [TEST_STEP][PASSED] - Statement - PreSaveFile = new java.io.File(((pathPrefix + java.lang.Integer.toString(counter)) + .png)): null

2018-12-07 10:02:07 - [TEST_STEP][PASSED] - Statement - counter = counter + 1: null

2018-12-07 10:02:07 - [TEST_STEP][PASSED] - Statement - PreSaveFile = new java.io.File(((pathPrefix + java.lang.Integer.toString(counter)) + .png)): null

2018-12-07 10:02:07 - [TEST_STEP][PASSED] - Statement - counter = counter + 1: null

2018-12-07 10:02:07 - [TEST_STEP][PASSED] - Statement - PreSaveFile = new java.io.File(((pathPrefix + java.lang.Integer.toString(counter)) + .png)): null

2018-12-07 10:02:07 - [TEST_STEP][PASSED] - Statement - counter = counter + 1: null

2018-12-07 10:02:07 - [TEST_STEP][PASSED] - Statement - PreSaveFile = new java.io.File(((pathPrefix + java.lang.Integer.toString(counter)) + .png)): null

2018-12-07 10:02:07 - [TEST_STEP][PASSED] - Statement - counter = counter + 1: null

2018-12-07 10:02:07 - [TEST_STEP][PASSED] - Statement - PreSaveFile = new java.io.File(((pathPrefix + java.lang.Integer.toString(counter)) + .png)): null

2018-12-07 10:02:08 - [TEST_STEP][PASSED] - Statement - counter = counter + 1: null

2018-12-07 10:02:08 - [TEST_STEP][PASSED] - Statement - PreSaveFile = new java.io.File(((pathPrefix + java.lang.Integer.toString(counter)) + .png)): null

2018-12-07 10:02:08 - [TEST_STEP][PASSED] - Statement - counter = counter + 1: null

2018-12-07 10:02:08 - [TEST_STEP][PASSED] - Statement - PreSaveFile = new java.io.File(((pathPrefix + java.lang.Integer.toString(counter)) + .png)): null

2018-12-07 10:02:08 - [TEST_STEP][PASSED] - Statement - counter = counter + 1: null

2018-12-07 10:02:08 - [TEST_STEP][PASSED] - Statement - PreSaveFile = new java.io.File(((pathPrefix + java.lang.Integer.toString(counter)) + .png)): null

2018-12-07 10:02:08 - [TEST_STEP][PASSED] - Statement - counter = counter + 1: null

2018-12-07 10:02:08 - [TEST_STEP][PASSED] - Statement - PreSaveFile = new java.io.File(((pathPrefix + java.lang.Integer.toString(counter)) + .png)): null

2018-12-07 10:02:08 - [TEST_STEP][PASSED] - Statement - counter = counter + 1: null

2018-12-07 10:02:08 - [TEST_STEP][PASSED] - Statement - PreSaveFile = new java.io.File(((pathPrefix + java.lang.Integer.toString(counter)) + .png)): null

2018-12-07 10:02:08 - [TEST_STEP][PASSED] - Statement - counter = counter + 1: null

2018-12-07 10:02:08 - [TEST_STEP][PASSED] - Statement - PreSaveFile = new java.io.File(((pathPrefix + java.lang.Integer.toString(counter)) + .png)): null

2018-12-07 10:02:08 - [TEST_STEP][PASSED] - Statement - counter = counter + 1: null

2018-12-07 10:02:08 - [TEST_STEP][PASSED] - Statement - PreSaveFile = new java.io.File(((pathPrefix + java.lang.Integer.toString(counter)) + .png)): null

2018-12-07 10:02:08 - [TEST_STEP][PASSED] - Statement - counter = counter + 1: null

2018-12-07 10:02:08 - [TEST_STEP][PASSED] - Statement - PreSaveFile = new java.io.File(((pathPrefix + java.lang.Integer.toString(counter)) + .png)): null

2018-12-07 10:02:08 - [TEST_STEP][PASSED] - Statement - counter = counter + 1: null

2018-12-07 10:02:08 - [TEST_STEP][PASSED] - Statement - PreSaveFile = new java.io.File(((pathPrefix + java.lang.Integer.toString(counter)) + .png)): null

2018-12-07 10:02:08 - [TEST_STEP][PASSED] - Statement - counter = counter + 1: null

2018-12-07 10:02:08 - [TEST_STEP][PASSED] - Statement - PreSaveFile = new java.io.File(((pathPrefix + java.lang.Integer.toString(counter)) + .png)): null

2018-12-07 10:02:08 - [TEST_STEP][PASSED] - Statement - counter = counter + 1: null

2018-12-07 10:02:08 - [TEST_STEP][PASSED] - Statement - PreSaveFile = new java.io.File(((pathPrefix + java.lang.Integer.toString(counter)) + .png)): null

2018-12-07 10:02:08 - [TEST_STEP][PASSED] - Statement - counter = counter + 1: null

2018-12-07 10:02:08 - [TEST_STEP][PASSED] - Statement - PreSaveFile = new java.io.File(((pathPrefix + java.lang.Integer.toString(counter)) + .png)): null

2018-12-07 10:02:08 - [TEST_STEP][PASSED] - Statement - counter = counter + 1: null

2018-12-07 10:02:08 - [TEST_STEP][PASSED] - Statement - PreSaveFile = new java.io.File(((pathPrefix + java.lang.Integer.toString(counter)) + .png)): null

2018-12-07 10:02:08 - [TEST_STEP][PASSED] - Statement - counter = counter + 1: null

2018-12-07 10:02:08 - [TEST_STEP][PASSED] - Statement - PreSaveFile = new java.io.File(((pathPrefix + java.lang.Integer.toString(counter)) + .png)): null

2018-12-07 10:02:09 - [TEST_STEP][PASSED] - Statement - counter = counter + 1: null

2018-12-07 10:02:09 - [TEST_STEP][PASSED] - Statement - PreSaveFile = new java.io.File(((pathPrefix + java.lang.Integer.toString(counter)) + .png)): null

2018-12-07 10:02:09 - [TEST_STEP][PASSED] - Statement - counter = counter + 1: null

2018-12-07 10:02:09 - [TEST_STEP][PASSED] - Statement - PreSaveFile = new java.io.File(((pathPrefix + java.lang.Integer.toString(counter)) + .png)): null

2018-12-07 10:02:09 - [TEST_STEP][PASSED] - Statement - counter = counter + 1: null

2018-12-07 10:02:09 - [TEST_STEP][PASSED] - Statement - PreSaveFile = new java.io.File(((pathPrefix + java.lang.Integer.toString(counter)) + .png)): null

2018-12-07 10:02:09 - [TEST_STEP][PASSED] - Statement - counter = counter + 1: null

2018-12-07 10:02:09 - [TEST_STEP][PASSED] - Statement - PreSaveFile = new java.io.File(((pathPrefix + java.lang.Integer.toString(counter)) + .png)): null

2018-12-07 10:02:09 - [TEST_STEP][PASSED] - Statement - counter = counter + 1: null

2018-12-07 10:02:09 - [TEST_STEP][PASSED] - Statement - PreSaveFile = new java.io.File(((pathPrefix + java.lang.Integer.toString(counter)) + .png)): null

2018-12-07 10:02:09 - [TEST_STEP][PASSED] - Statement - counter = counter + 1: null

2018-12-07 10:02:09 - [TEST_STEP][PASSED] - Statement - PreSaveFile = new java.io.File(((pathPrefix + java.lang.Integer.toString(counter)) + .png)): null

2018-12-07 10:02:09 - [TEST_STEP][PASSED] - Statement - finalPath = pathPrefix + java.lang.Integer.toString(counter) + ".png": null

2018-12-07 10:02:09 - [TEST_STEP][PASSED] - Statement - SaveFile = new java.io.File(finalPath): null

2018-12-07 10:02:09 - [TEST_STEP][PASSED] - Statement - Try: null

2018-12-07 10:02:09 - [TEST_STEP][PASSED] - Statement - org.apache.commons.io.FileUtils.copyFile(scrFile, SaveFile): null

2018-12-07 10:02:09 - [TEST_STEP][PASSED] - Statement - out.println("file kept"): null

2018-12-07 10:02:09 - [TEST_STEP][PASSED] - delay: Delayed 10 second(s)

2018-12-07 10:02:19 - [MESSAGE][PASSED] - Delayed 10 second(s)

2018-12-07 10:02:19 - [MESSAGE][PASSED] - Call Test Case 'Test Cases/Final Aug 2018 - PKS Automation/Registration Module/New Registration/Submit and Screenshot/Submit Registration and Screenshot - Copy' successfully

2018-12-07 10:02:19 - [TEST_STEP][PASSED] - Statement - UpdateAddNewECode = com.kms.katalon.core.webui.keyword.WebUiBuiltInKeywords.getText(com.kms.katalon.core.testobject.ObjectRepository.findTestObject(Object Repository/Final Object Repo/Page_Update Add New Employee - ASSIST/getEmpCode)): Text of object 'Object Repository/Final Object Repo/Page_Update Add New Employee - ASSIST/getEmpCode' is: 'E1102070664P'

2018-12-07 10:02:19 - [MESSAGE][PASSED] - Text of object 'Object Repository/Final Object Repo/Page_Update Add New Employee - ASSIST/getEmpCode' is: 'E1102070664P'

2018-12-07 10:02:19 - [TEST_STEP][PASSED] - callTestCase: Call Test Case 'Test Cases/Final Aug 2018 - PKS Automation/Common/Emp Code Setter' successfully

2018-12-07 10:02:19 - [TEST_CASE][PASSED] - Test Cases/Final Aug 2018 - PKS Automation/Common/Emp Code Setter: Test Cases/Final Aug 2018 - PKS Automation/Common/Emp Code Setter

2018-12-07 10:02:19 - [TEST_STEP][PASSED] - Statement - EmpCodeOld = new java.io.File(C://Users//Admin//Desktop//PKS//Automation Reference Point//EmpCode.txt): null

2018-12-07 10:02:19 - [TEST_STEP][PASSED] - Statement - EmpCodeOld.delete(): null

2018-12-07 10:02:19 - [TEST_STEP][PASSED] - Statement - EmpCode = new java.io.File(C://Users//Admin//Desktop//PKS//Automation Reference Point//EmpCode.txt): null

2018-12-07 10:02:19 - [TEST_STEP][PASSED] - Statement - f2 = new java.io.FileWriter(EmpCode, false): null

2018-12-07 10:02:19 - [TEST_STEP][PASSED] - Statement - f2.write(UpdateAddNewECode): null

2018-12-07 10:02:19 - [TEST_STEP][PASSED] - Statement - f2.close(): null

2018-12-07 10:02:19 - [TEST_STEP][PASSED] - Statement - out.println("


" + UpdateAddNewECode + "


"): null

2018-12-07 10:02:19 - [MESSAGE][PASSED] - Call Test Case 'Test Cases/Final Aug 2018 - PKS Automation/Common/Emp Code Setter' successfully

2018-12-07 10:02:19 - [MESSAGE][PASSED] - Call Test Case 'Test Cases/Final Aug 2018 - PKS Automation/Registration Module/Workflow/Update Add New Employee/Template/New Company for Update Add New - Employer' successfully

2018-12-07 10:02:19 - [TEST_STEP][PASSED] - callTestCase: Call Test Case 'Test Cases/Final Aug 2018 - PKS Automation/Registration Module/Log Out/log out avoiding katalon tagging' successfully

2018-12-07 10:02:19 - [TEST_CASE][PASSED] - Test Cases/Final Aug 2018 - PKS Automation/Registration Module/Log Out/log out avoiding katalon tagging: Test Cases/Final Aug 2018 - PKS Automation/Registration Module/Log Out/log out avoiding katalon tagging

2018-12-07 10:02:19 - [TEST_STEP][PASSED] - navigateToUrl: Navigate to 'https://assist2-uat.perkeso.gov.my/c/portal/logout' successfully

2018-12-07 10:02:21 - [MESSAGE][PASSED] - Navigate to 'https://assist2-uat.perkeso.gov.my/c/portal/logout' successfully

2018-12-07 10:02:21 - [MESSAGE][PASSED] - Call Test Case 'Test Cases/Final Aug 2018 - PKS Automation/Registration Module/Log Out/log out avoiding katalon tagging' successfully

2018-12-07 10:02:21 - [TEST_STEP][PASSED] - callTestCase: Call Test Case 'Test Cases/Final Aug 2018 - PKS Automation/Registration Module/New Registration/Form 2/Date Updater' successfully

2018-12-07 10:02:22 - [TEST_CASE][PASSED] - Test Cases/Final Aug 2018 - PKS Automation/Registration Module/New Registration/Form 2/Date Updater: Test Cases/Final Aug 2018 - PKS Automation/Registration Module/New Registration/Form 2/Date Updater

2018-12-07 10:02:22 - [TEST_STEP][PASSED] - Statement - TodayDate = new java.util.Date(): null

2018-12-07 10:02:22 - [TEST_STEP][PASSED] - Statement - CurrentDateNoFilter = new java.text.SimpleDateFormat(): null

2018-12-07 10:02:22 - [TEST_STEP][PASSED] - Statement - CurrentDateNoFilter.applyPattern("MM"): null

2018-12-07 10:02:22 - [TEST_STEP][PASSED] - Statement - monthContainerMatcher = java.lang.Integer.parseInt(CurrentDateNoFilter.format(TodayDate)): null

2018-12-07 10:02:22 - [TEST_STEP][PASSED] - Statement - monthContainerMatcher = monthContainerMatcher - 1: null

2018-12-07 10:02:22 - [TEST_STEP][PASSED] - Statement - CurrentMonth = monthContainerMatcher.toString(): null

2018-12-07 10:02:22 - [TEST_STEP][PASSED] - Statement - CurrentMonth = CurrentMonth: null

2018-12-07 10:02:22 - [TEST_STEP][PASSED] - Statement - CurrentDateNoFilter.applyPattern("yyyy"): null

2018-12-07 10:02:22 - [TEST_STEP][PASSED] - Statement - CurrentYear = CurrentDateNoFilter.format(TodayDate): null

2018-12-07 10:02:22 - [TEST_STEP][PASSED] - Statement - CurrentYear = CurrentYear: null

2018-12-07 10:02:22 - [TEST_STEP][PASSED] - Statement - intCurrentYear = java.lang.Integer.parseInt(CurrentDateNoFilter.format(TodayDate)): null

2018-12-07 10:02:22 - [TEST_STEP][PASSED] - Statement - eighteenYrsAgo = intCurrentYear - 18: null

2018-12-07 10:02:22 - [TEST_STEP][PASSED] - Statement - eighteenYrsBeforeThisYr = eighteenYrsAgo.toString(): null

2018-12-07 10:02:22 - [TEST_STEP][PASSED] - Statement - EighteenYrsBefore = eighteenYrsBeforeThisYr: null

2018-12-07 10:02:22 - [TEST_STEP][PASSED] - Statement - fiftysevenYrsAgo = intCurrentYear - 57: null

2018-12-07 10:02:22 - [TEST_STEP][PASSED] - Statement - fiftysevenYrsBeforeThisYr = fiftysevenYrsAgo.toString(): null

2018-12-07 10:02:22 - [TEST_STEP][PASSED] - Statement - FiftysevenYrsBefore = fiftysevenYrsBeforeThisYr: null

2018-12-07 10:02:22 - [TEST_STEP][PASSED] - Statement - leapYear = false: null

2018-12-07 10:02:22 - [TEST_STEP][PASSED] - Statement - leapYear = intCurrentYear % 4 == 0: null

2018-12-07 10:02:22 - [TEST_STEP][PASSED] - Statement - CurrentDateNoFilter.applyPattern("dd"): null

2018-12-07 10:02:22 - [TEST_STEP][PASSED] - Statement - CurrentDate = CurrentDateNoFilter.format(TodayDate): null

2018-12-07 10:02:22 - [TEST_STEP][PASSED] - Statement - CurrentDate = java.lang.Integer.parseInt(CurrentDate): null

2018-12-07 10:02:22 - [TEST_STEP][PASSED] - Statement - CurrentDate = CurrentDate: null

2018-12-07 10:02:22 - [TEST_STEP][PASSED] - Statement - CurrentDay = java.lang.Integer.parseInt(CurrentDate): null

2018-12-07 10:02:22 - [TEST_STEP][PASSED] - Statement - ConfAdder = <not implemented yet for class: org.codehaus.groovy.ast.expr.EmptyExpression>: null

2018-12-07 10:02:22 - [TEST_STEP][PASSED] - Statement - out.println(CurrentMonth): null

2018-12-07 10:02:22 - [TEST_STEP][PASSED] - Statement - out.println(CurrentDate): null

2018-12-07 10:02:22 - [TEST_STEP][PASSED] - Statement - switch (CurrentDate): null

2018-12-07 10:02:22 - [TEST_STEP][PASSED] - Statement - Default: null

2018-12-07 10:02:22 - [TEST_STEP][PASSED] - Statement - ConfAdder = true: null

2018-12-07 10:02:22 - [TEST_STEP][PASSED] - Statement - Break: null

2018-12-07 10:02:22 - [TEST_STEP][PASSED] - Statement - aDayBefore = <not implemented yet for class: org.codehaus.groovy.ast.expr.EmptyExpression>: null

2018-12-07 10:02:22 - [TEST_STEP][PASSED] - Statement - out.println(ConfAdder): null

2018-12-07 10:02:22 - [TEST_STEP][PASSED] - Statement - If (ConfAdder == true): null

2018-12-07 10:02:22 - [TEST_STEP][PASSED] - Statement - aDayBefore = CurrentDay + 1: null

2018-12-07 10:02:22 - [TEST_STEP][PASSED] - Statement - out.println(aDayBefore): null

2018-12-07 10:02:22 - [TEST_STEP][PASSED] - Statement - If (aDayBefore == 1 && CurrentMonth == 11): null

2018-12-07 10:02:22 - [TEST_STEP][PASSED] - Statement - DayBefore = aDayBefore.toString(): null

2018-12-07 10:02:22 - [TEST_STEP][PASSED] - Statement - OneDayBefore = DayBefore: null

2018-12-07 10:02:22 - [MESSAGE][PASSED] - Call Test Case 'Test Cases/Final Aug 2018 - PKS Automation/Registration Module/New Registration/Form 2/Date Updater' successfully

2018-12-07 10:02:22 - [TEST_STEP][PASSED] - delay: Delayed 2 second(s)

2018-12-07 10:02:24 - [MESSAGE][PASSED] - Delayed 2 second(s)

2018-12-07 10:02:24 - [TEST_STEP][PASSED] - callTestCase: Call Test Case 'Test Cases/Final Aug 2018 - PKS Automation/Create Employer Acc/Login to Employer Account (Second time)' successfully

2018-12-07 10:02:24 - [TEST_CASE][PASSED] - Test Cases/Final Aug 2018 - PKS Automation/Create Employer Acc/Login to Employer Account (Second time): Test Cases/Final Aug 2018 - PKS Automation/Create Employer Acc/Login to Employer Account (Second time)

2018-12-07 10:02:24 - [TEST_STEP][PASSED] - openBrowser: Browser is opened with url: ''

2018-12-07 10:02:24 - [MESSAGE][WARNING] - A browser is already opened. Closing browser and opening a new one

2018-12-07 10:02:27 - [MESSAGE][PASSED] - Browser is opened with url: ''

2018-12-07 10:02:27 - [TEST_STEP][PASSED] - navigateToUrl: Navigate to 'https://assist2-uat.perkeso.gov.my/employer/login' successfully

2018-12-07 10:02:28 - [MESSAGE][PASSED] - Navigate to 'https://assist2-uat.perkeso.gov.my/employer/login' successfully

2018-12-07 10:02:28 - [TEST_STEP][PASSED] - delay: Delayed 3 second(s)

2018-12-07 10:02:31 - [MESSAGE][PASSED] - Delayed 3 second(s)

2018-12-07 10:02:31 - [TEST_STEP][PASSED] - callTestCase: Call Test Case 'Test Cases/Final Aug 2018 - PKS Automation/Create Employer Acc/Template/Employer Email Getter' successfully

2018-12-07 10:02:31 - [TEST_CASE][PASSED] - Test Cases/Final Aug 2018 - PKS Automation/Create Employer Acc/Template/Employer Email Getter: Test Cases/Final Aug 2018 - PKS Automation/Create Employer Acc/Template/Employer Email Getter

2018-12-07 10:02:31 - [TEST_STEP][PASSED] - Statement - Try: null

2018-12-07 10:02:31 - [TEST_STEP][PASSED] - Statement - EmpEmail = new java.io.File(C://Users//Admin//Desktop//PKS//Automation Reference Point//EmpEmail.txt): null

2018-12-07 10:02:31 - [TEST_STEP][PASSED] - Statement - bufferread = new java.io.BufferedReader(new java.io.FileReader(EmpEmail)): null

2018-12-07 10:02:31 - [TEST_STEP][PASSED] - Statement - readedVal = bufferread.readLine(): null

2018-12-07 10:02:31 - [TEST_STEP][PASSED] - Statement - out.println(readedVal): null

2018-12-07 10:02:31 - [TEST_STEP][PASSED] - Statement - Email = readedVal: null

2018-12-07 10:02:31 - [MESSAGE][PASSED] - Call Test Case 'Test Cases/Final Aug 2018 - PKS Automation/Create Employer Acc/Template/Employer Email Getter' successfully

2018-12-07 10:02:31 - [TEST_STEP][PASSED] - setText: Text 'perkeso392595912892@gmail.com' is set on object 'Object Repository/Final Object Repo/Login Page/External Login Page/Email'

2018-12-07 10:02:32 - [MESSAGE][PASSED] - Text 'perkeso392595912892@gmail.com' is set on object 'Object Repository/Final Object Repo/Login Page/External Login Page/Email'

2018-12-07 10:02:32 - [TEST_STEP][PASSED] - click: Object: 'Object Repository/Final Object Repo/Login Page/External Login Page/Next' is clicked on

2018-12-07 10:02:32 - [MESSAGE][PASSED] - Object: 'Object Repository/Final Object Repo/Login Page/External Login Page/Next' is clicked on

2018-12-07 10:02:32 - [TEST_STEP][PASSED] - delay: Delayed 3 second(s)

2018-12-07 10:02:35 - [MESSAGE][PASSED] - Delayed 3 second(s)

2018-12-07 10:02:35 - [TEST_STEP][PASSED] - setEncryptedText: Text ****** has been set on object 'Object Repository/Final Object Repo/Login Page/External Login Page/Password'

2018-12-07 10:02:35 - [MESSAGE][PASSED] - Text ****** has been set on object 'Object Repository/Final Object Repo/Login Page/External Login Page/Password'

2018-12-07 10:02:35 - [TEST_STEP][PASSED] - click: Object: 'Object Repository/Final Object Repo/Login Page/External Login Page/Login' is clicked on

2018-12-07 10:02:36 - [MESSAGE][PASSED] - Object: 'Object Repository/Final Object Repo/Login Page/External Login Page/Login' is clicked on

2018-12-07 10:02:36 - [TEST_STEP][PASSED] - delay: Delayed 5 second(s)

2018-12-07 10:02:41 - [MESSAGE][PASSED] - Delayed 5 second(s)

2018-12-07 10:02:41 - [MESSAGE][PASSED] - Call Test Case 'Test Cases/Final Aug 2018 - PKS Automation/Create Employer Acc/Login to Employer Account (Second time)' successfully

2018-12-07 10:02:41 - [TEST_STEP][PASSED] - delay: Delayed 4 second(s)

2018-12-07 10:02:45 - [MESSAGE][PASSED] - Delayed 4 second(s)

2018-12-07 10:02:45 - [TEST_STEP][PASSED] - Statement - Try: Delayed 2 second(s)

2018-12-07 10:02:45 - [TEST_STEP][PASSED] - Statement - Checker = false: null

2018-12-07 10:02:45 - [TEST_STEP][PASSED] - Statement - Checker = com.kms.katalon.core.webui.keyword.WebUiBuiltInKeywords.verifyElementHasAttribute(com.kms.katalon.core.testobject.ObjectRepository.findTestObject(Final Object Repo/Landing Page/BM Detecting), "href", 20, OPTIONAL): Object 'Object Repository/Final Object Repo/Landing Page/BM Detecting' has attribute 'href'

2018-12-07 10:02:45 - [MESSAGE][PASSED] - Object 'Object Repository/Final Object Repo/Landing Page/BM Detecting' has attribute 'href'

2018-12-07 10:02:45 - [TEST_STEP][PASSED] - Statement - out.println(Checker): null

2018-12-07 10:02:45 - [TEST_STEP][PASSED] - Statement - If (Checker == false): null

2018-12-07 10:02:45 - [TEST_STEP][PASSED] - Statement - Else: null

2018-12-07 10:02:45 - [TEST_STEP][PASSED] - delay: Delayed 2 second(s)

2018-12-07 10:02:47 - [MESSAGE][PASSED] - Delayed 2 second(s)

2018-12-07 10:02:47 - [TEST_STEP][PASSED] - delay: Delayed 4 second(s)

2018-12-07 10:02:51 - [MESSAGE][PASSED] - Delayed 4 second(s)

2018-12-07 10:02:51 - [TEST_STEP][PASSED] - click: Object: 'Object Repository/Final Object Repo/Page_Update Add New Employee - ASSIST/My Sites Drop Down' is clicked on

2018-12-07 10:02:51 - [MESSAGE][PASSED] - Object: 'Object Repository/Final Object Repo/Page_Update Add New Employee - ASSIST/My Sites Drop Down' is clicked on

2018-12-07 10:02:51 - [TEST_STEP][PASSED] - click: Object: 'Object Repository/Final Object Repo/Page_Update Add New Employee - ASSIST/Select to Registration Module' is clicked on

2018-12-07 10:02:56 - [MESSAGE][PASSED] - Object: 'Object Repository/Final Object Repo/Page_Update Add New Employee - ASSIST/Select to Registration Module' is clicked on

2018-12-07 10:02:56 - [TEST_STEP][NOT_RUN] - navigateToUrl: NOT_RUN: navigateToUrl

2018-12-07 10:02:56 - [MESSAGE][NOT_RUN] - NOT_RUN: navigateToUrl

2018-12-07 10:02:56 - [TEST_STEP][PASSED] - mouseOver: Object: 'Object Repository/Final Object Repo/Page_Update Add New Employee - ASSIST/Select to Update Akta 4 Tab' is hovered

2018-12-07 10:02:56 - [MESSAGE][PASSED] - Object: 'Object Repository/Final Object Repo/Page_Update Add New Employee - ASSIST/Select to Update Akta 4 Tab' is hovered

2018-12-07 10:02:56 - [TEST_STEP][PASSED] - delay: Delayed 2 second(s)

2018-12-07 10:02:58 - [MESSAGE][PASSED] - Delayed 2 second(s)

2018-12-07 10:02:58 - [TEST_STEP][PASSED] - click: Object: 'Object Repository/Final Object Repo/Page_Update Add New Employee - ASSIST/Select to Update Add New Employee' is clicked on

2018-12-07 10:02:59 - [MESSAGE][PASSED] - Object: 'Object Repository/Final Object Repo/Page_Update Add New Employee - ASSIST/Select to Update Add New Employee' is clicked on

2018-12-07 10:02:59 - [TEST_STEP][PASSED] - delay: Delayed 2 second(s)

2018-12-07 10:03:01 - [MESSAGE][PASSED] - Delayed 2 second(s)

2018-12-07 10:03:01 - [TEST_STEP][PASSED] - setText: Text 'E1102070664P' is set on object 'Object Repository/Final Object Repo/Page_Update Add New Employee - ASSIST/Employer Code input textbox'

2018-12-07 10:03:01 - [MESSAGE][PASSED] - Text 'E1102070664P' is set on object 'Object Repository/Final Object Repo/Page_Update Add New Employee - ASSIST/Employer Code input textbox'

2018-12-07 10:03:01 - [TEST_STEP][PASSED] - delay: Delayed 2 second(s)

2018-12-07 10:03:03 - [MESSAGE][PASSED] - Delayed 2 second(s)

2018-12-07 10:03:03 - [TEST_STEP][PASSED] - click: Object: 'Object Repository/Final Object Repo/Page_Update Add New Employee - ASSIST/Search Button for Employer Code' is clicked on

2018-12-07 10:03:03 - [MESSAGE][PASSED] - Object: 'Object Repository/Final Object Repo/Page_Update Add New Employee - ASSIST/Search Button for Employer Code' is clicked on

2018-12-07 10:03:03 - [TEST_STEP][PASSED] - delay: Delayed 4 second(s)

2018-12-07 10:03:07 - [MESSAGE][PASSED] - Delayed 4 second(s)

2018-12-07 10:03:07 - [TEST_STEP][PASSED] - click: Object: 'Object Repository/Final Object Repo/Page_Update Add New Employee - ASSIST/Click to Edit Case' is clicked on

2018-12-07 10:03:09 - [MESSAGE][PASSED] - Object: 'Object Repository/Final Object Repo/Page_Update Add New Employee - ASSIST/Click to Edit Case' is clicked on

2018-12-07 10:03:09 - [TEST_STEP][PASSED] - callTestCase: Call Test Case 'Test Cases/Final Aug 2018 - PKS Automation/Registration Module/Workflow/Update Add New Employee/Template/Employee Adding/Employee Adding Action liability date change - Employer Access' successfully

2018-12-07 10:03:10 - [TEST_CASE][PASSED] - Test Cases/Final Aug 2018 - PKS Automation/Registration Module/Workflow/Update Add New Employee/Template/Employee Adding/Employee Adding Action liability date change - Employer Access: Test Cases/Final Aug 2018 - PKS Automation/Registration Module/Workflow/Update Add New Employee/Template/Employee Adding/Employee Adding Action liability date change - Employer Access

2018-12-07 10:03:10 - [TEST_STEP][PASSED] - delay: Delayed 4 second(s)

2018-12-07 10:03:14 - [MESSAGE][PASSED] - Delayed 4 second(s)

2018-12-07 10:03:14 - [TEST_STEP][PASSED] - click: Object: 'Object Repository/Final Object Repo/Page_Update Add New Employee - ASSIST/Add Employee Button' is clicked on

2018-12-07 10:03:14 - [MESSAGE][PASSED] - Object: 'Object Repository/Final Object Repo/Page_Update Add New Employee - ASSIST/Add Employee Button' is clicked on

2018-12-07 10:03:14 - [TEST_STEP][PASSED] - delay: Delayed 3 second(s)

2018-12-07 10:03:17 - [MESSAGE][PASSED] - Delayed 3 second(s)

2018-12-07 10:03:17 - [TEST_STEP][PASSED] - setText: Text '830081009219' is set on object 'Object Repository/Final Object Repo/Page_Update Add New Employee - ASSIST/NRIC Input'

2018-12-07 10:03:17 - [MESSAGE][PASSED] - Text '830081009219' is set on object 'Object Repository/Final Object Repo/Page_Update Add New Employee - ASSIST/NRIC Input'

2018-12-07 10:03:17 - [TEST_STEP][PASSED] - delay: Delayed 2 second(s)

2018-12-07 10:03:19 - [MESSAGE][PASSED] - Delayed 2 second(s)

2018-12-07 10:03:19 - [TEST_STEP][PASSED] - setText: Text 'Automate002 Employee eligible 1' is set on object 'Object Repository/Final Object Repo/Page_Update Add New Employee - ASSIST/Employee Name Input'

2018-12-07 10:03:20 - [MESSAGE][PASSED] - Text 'Automate002 Employee eligible 1' is set on object 'Object Repository/Final Object Repo/Page_Update Add New Employee - ASSIST/Employee Name Input'

2018-12-07 10:03:20 - [TEST_STEP][PASSED] - delay: Delayed 2 second(s)

2018-12-07 10:03:22 - [MESSAGE][PASSED] - Delayed 2 second(s)

2018-12-07 10:03:22 - [TEST_STEP][PASSED] - click: Object: 'Object Repository/Final Object Repo/Page_Update Add New Employee - ASSIST/DatePicker Pop Up' is clicked on

2018-12-07 10:03:22 - [MESSAGE][PASSED] - Object: 'Object Repository/Final Object Repo/Page_Update Add New Employee - ASSIST/DatePicker Pop Up' is clicked on

2018-12-07 10:03:22 - [TEST_STEP][PASSED] - click: Object: 'Object Repository/Final Object Repo/Page_Update Add New Employee - ASSIST/DOB Month' is clicked on

2018-12-07 10:03:23 - [MESSAGE][PASSED] - Object: 'Object Repository/Final Object Repo/Page_Update Add New Employee - ASSIST/DOB Month' is clicked on

2018-12-07 10:03:23 - [TEST_STEP][PASSED] - Statement - CurrentMonth = CurrentMonth: null

2018-12-07 10:03:23 - [TEST_STEP][PASSED] - Statement - selectMonth = new com.kms.katalon.core.testobject.TestObject(): null

2018-12-07 10:03:23 - [TEST_STEP][PASSED] - Statement - selectMonth.addProperty("xpath", EQUALS, "//body/div/div/div/select/option[@value='" + CurrentMonth + "']", true): null

2018-12-07 10:03:23 - [TEST_STEP][PASSED] - click: Object: '' is clicked on

2018-12-07 10:03:23 - [MESSAGE][PASSED] - Object: '' is clicked on

2018-12-07 10:03:23 - [TEST_STEP][PASSED] - click: Object: 'Object Repository/Final Object Repo/Page_Update Add New Employee - ASSIST/DOB Year' is clicked on

2018-12-07 10:03:23 - [MESSAGE][PASSED] - Object: 'Object Repository/Final Object Repo/Page_Update Add New Employee - ASSIST/DOB Year' is clicked on

2018-12-07 10:03:23 - [TEST_STEP][PASSED] - Statement - Eyearsbf = EighteenYrsBefore: null

2018-12-07 10:03:23 - [TEST_STEP][PASSED] - Statement - selectYear = new com.kms.katalon.core.testobject.TestObject(): null

2018-12-07 10:03:23 - [TEST_STEP][PASSED] - Statement - selectYear.addProperty("xpath", EQUALS, "//div/div/div/select/option[@value='" + Eyearsbf + "']", true): null

2018-12-07 10:03:23 - [TEST_STEP][PASSED] - click: Object: '' is clicked on

2018-12-07 10:03:23 - [MESSAGE][PASSED] - Object: '' is clicked on

2018-12-07 10:03:23 - [TEST_STEP][PASSED] - Statement - UpdatedSelectDate = com.kms.katalon.core.webui.keyword.WebUiBuiltInKeywords.modifyObjectProperty(com.kms.katalon.core.testobject.ObjectRepository.findTestObject(Final Object Repo/Page_Update Add New Employee - ASSIST/DOB Date), "xpath", "equals", "//body/div/table/tbody/tr/td/a[text()="" + CurrentDate + ""]", true): Modify property of object successfully

2018-12-07 10:03:23 - [MESSAGE][PASSED] - Modify property of object successfully

2018-12-07 10:03:23 - [TEST_STEP][PASSED] - delay: Delayed 3 second(s)

2018-12-07 10:03:26 - [MESSAGE][PASSED] - Delayed 3 second(s)

2018-12-07 10:03:26 - [TEST_STEP][PASSED] - click: Object: 'Object Repository/Final Object Repo/Page_Update Add New Employee - ASSIST/DOB Date' is clicked on

2018-12-07 10:03:26 - [MESSAGE][PASSED] - Object: 'Object Repository/Final Object Repo/Page_Update Add New Employee - ASSIST/DOB Date' is clicked on

2018-12-07 10:03:26 - [TEST_STEP][PASSED] - delay: Delayed 2 second(s)

2018-12-07 10:03:28 - [MESSAGE][PASSED] - Delayed 2 second(s)

2018-12-07 10:03:28 - [TEST_STEP][PASSED] - click: Object: 'Object Repository/Final Object Repo/Page_Update Add New Employee - ASSIST/EmploymentStartDate Pop Up' is clicked on

2018-12-07 10:03:28 - [MESSAGE][PASSED] - Object: 'Object Repository/Final Object Repo/Page_Update Add New Employee - ASSIST/EmploymentStartDate Pop Up' is clicked on

2018-12-07 10:03:28 - [TEST_STEP][PASSED] - delay: Delayed 2 second(s)

2018-12-07 10:03:30 - [MESSAGE][PASSED] - Delayed 2 second(s)

2018-12-07 10:03:30 - [TEST_STEP][PASSED] - click: Object: 'Object Repository/Final Object Repo/Page_Update Add New Employee - ASSIST/Socso Employment StartDate Month' is clicked on

2018-12-07 10:03:31 - [MESSAGE][PASSED] - Object: 'Object Repository/Final Object Repo/Page_Update Add New Employee - ASSIST/Socso Employment StartDate Month' is clicked on

2018-12-07 10:03:31 - [TEST_STEP][PASSED] - delay: Delayed 1 second(s)

2018-12-07 10:03:32 - [MESSAGE][PASSED] - Delayed 1 second(s)

2018-12-07 10:03:32 - [TEST_STEP][PASSED] - click: Object: 'Object Repository/Final Object Repo/Page_Update Add New Employee - ASSIST/Select Socso Employement Startdate Month' is clicked on

2018-12-07 10:03:32 - [MESSAGE][PASSED] - Object: 'Object Repository/Final Object Repo/Page_Update Add New Employee - ASSIST/Select Socso Employement Startdate Month' is clicked on

2018-12-07 10:03:32 - [TEST_STEP][PASSED] - delay: Delayed 2 second(s)

2018-12-07 10:03:34 - [MESSAGE][PASSED] - Delayed 2 second(s)

2018-12-07 10:03:34 - [TEST_STEP][PASSED] - click: Object: 'Object Repository/Final Object Repo/Page_Update Add New Employee - ASSIST/Socso Employment StartDate Year' is clicked on

2018-12-07 10:03:34 - [MESSAGE][PASSED] - Object: 'Object Repository/Final Object Repo/Page_Update Add New Employee - ASSIST/Socso Employment StartDate Year' is clicked on

2018-12-07 10:03:34 - [TEST_STEP][PASSED] - delay: Delayed 1 second(s)

2018-12-07 10:03:35 - [MESSAGE][PASSED] - Delayed 1 second(s)

2018-12-07 10:03:35 - [TEST_STEP][PASSED] - click: Object: 'Object Repository/Final Object Repo/Page_Update Add New Employee - ASSIST/Select Socso Employment Startdate Year - Emp Update Add New' is clicked on

2018-12-07 10:03:35 - [MESSAGE][PASSED] - Object: 'Object Repository/Final Object Repo/Page_Update Add New Employee - ASSIST/Select Socso Employment Startdate Year - Emp Update Add New' is clicked on

2018-12-07 10:03:35 - [TEST_STEP][PASSED] - delay: Delayed 2 second(s)

2018-12-07 10:03:37 - [MESSAGE][PASSED] - Delayed 2 second(s)

2018-12-07 10:03:37 - [TEST_STEP][PASSED] - click: Object: 'Object Repository/Final Object Repo/Page_Update Add New Employee - ASSIST/Socso Employment Start Date Day' is clicked on

2018-12-07 10:03:37 - [MESSAGE][PASSED] - Object: 'Object Repository/Final Object Repo/Page_Update Add New Employee - ASSIST/Socso Employment Start Date Day' is clicked on

2018-12-07 10:03:37 - [TEST_STEP][PASSED] - delay: Delayed 2 second(s)

2018-12-07 10:03:39 - [MESSAGE][PASSED] - Delayed 2 second(s)

2018-12-07 10:03:39 - [TEST_STEP][PASSED] - click: Object: 'Object Repository/Final Object Repo/Page_Update Add New Employee - ASSIST/Save Button for Add Employee' is clicked on

2018-12-07 10:03:40 - [MESSAGE][PASSED] - Object: 'Object Repository/Final Object Repo/Page_Update Add New Employee - ASSIST/Save Button for Add Employee' is clicked on

2018-12-07 10:03:40 - [MESSAGE][PASSED] - Call Test Case 'Test Cases/Final Aug 2018 - PKS Automation/Registration Module/Workflow/Update Add New Employee/Template/Employee Adding/Employee Adding Action liability date change - Employer Access' successfully

2018-12-07 10:03:40 - [TEST_STEP][PASSED] - delay: Delayed 4 second(s)

2018-12-07 10:03:44 - [MESSAGE][PASSED] - Delayed 4 second(s)

2018-12-07 10:03:44 - [TEST_STEP][PASSED] - Statement - CaseReferenceNo = com.kms.katalon.core.webui.keyword.WebUiBuiltInKeywords.getText(com.kms.katalon.core.testobject.ObjectRepository.findTestObject(Final Object Repo/Page_Update Add New Employee - ASSIST/RefNo)): Text of object 'Object Repository/Final Object Repo/Page_Update Add New Employee - ASSIST/RefNo' is: 'CAN12201800002279'

2018-12-07 10:03:44 - [MESSAGE][PASSED] - Text of object 'Object Repository/Final Object Repo/Page_Update Add New Employee - ASSIST/RefNo' is: 'CAN12201800002279'

2018-12-07 10:03:44 - [TEST_STEP][PASSED] - callTestCase: Call Test Case 'Test Cases/Final Aug 2018 - PKS Automation/Common/Reference Number Setter' successfully

2018-12-07 10:03:44 - [TEST_CASE][PASSED] - Test Cases/Final Aug 2018 - PKS Automation/Common/Reference Number Setter: Test Cases/Final Aug 2018 - PKS Automation/Common/Reference Number Setter

2018-12-07 10:03:44 - [TEST_STEP][PASSED] - Statement - RefNoOldFile = new java.io.File(C://Users//Admin//Desktop//PKS//Automation Reference Point//KatalonReference.txt): null

2018-12-07 10:03:44 - [TEST_STEP][PASSED] - Statement - RefNoOldFile.delete(): null

2018-12-07 10:03:44 - [TEST_STEP][PASSED] - delay: Delayed 5 second(s)

2018-12-07 10:03:49 - [MESSAGE][PASSED] - Delayed 5 second(s)

2018-12-07 10:03:49 - [TEST_STEP][PASSED] - Statement - RefNo = new java.io.File(C://Users//Admin//Desktop//PKS//Automation Reference Point//KatalonReference.txt): null

2018-12-07 10:03:49 - [TEST_STEP][PASSED] - Statement - f2 = new java.io.FileWriter(RefNo, false): null

2018-12-07 10:03:49 - [TEST_STEP][PASSED] - Statement - f2.write(CaseReferenceNo): null

2018-12-07 10:03:49 - [TEST_STEP][PASSED] - Statement - f2.close(): null

2018-12-07 10:03:49 - [TEST_STEP][PASSED] - Statement - out.println("


" + CaseReferenceNo + "


"): null

2018-12-07 10:03:49 - [MESSAGE][PASSED] - Call Test Case 'Test Cases/Final Aug 2018 - PKS Automation/Common/Reference Number Setter' successfully

2018-12-07 10:03:49 - [TEST_STEP][PASSED] - delay: Delayed 5 second(s)

2018-12-07 10:03:54 - [MESSAGE][PASSED] - Delayed 5 second(s)

2018-12-07 10:03:54 - [TEST_STEP][PASSED] - click: Object: 'Object Repository/Final Object Repo/Page_Update Add New Employee - ASSIST/Save  Continue Button' is clicked on

2018-12-07 10:03:54 - [MESSAGE][PASSED] - Object: 'Object Repository/Final Object Repo/Page_Update Add New Employee - ASSIST/Save  Continue Button' is clicked on

2018-12-07 10:03:54 - [TEST_STEP][PASSED] - delay: Delayed 4 second(s)

2018-12-07 10:03:58 - [MESSAGE][PASSED] - Delayed 4 second(s)

2018-12-07 10:03:58 - [TEST_STEP][PASSED] - click: Object: 'Object Repository/Final Object Repo/Page_Update Add New Employee - ASSIST/Save  Continue Third Screen' is clicked on

2018-12-07 10:04:01 - [MESSAGE][PASSED] - Object: 'Object Repository/Final Object Repo/Page_Update Add New Employee - ASSIST/Save  Continue Third Screen' is clicked on

2018-12-07 10:04:01 - [TEST_STEP][PASSED] - delay: Delayed 4 second(s)

2018-12-07 10:04:05 - [MESSAGE][PASSED] - Delayed 4 second(s)

2018-12-07 10:04:05 - [TEST_STEP][PASSED] - click: Object: 'Object Repository/Final Object Repo/Page_Update Add New Employee - ASSIST/Save   Continue Supporting Doc Page' is clicked on

2018-12-07 10:04:05 - [MESSAGE][PASSED] - Object: 'Object Repository/Final Object Repo/Page_Update Add New Employee - ASSIST/Save   Continue Supporting Doc Page' is clicked on

2018-12-07 10:04:05 - [TEST_STEP][PASSED] - delay: Delayed 4 second(s)

2018-12-07 10:04:09 - [MESSAGE][PASSED] - Delayed 4 second(s)

2018-12-07 10:04:09 - [TEST_STEP][PASSED] - click: Object: 'Object Repository/Final Object Repo/Page_Update Add New Employee - ASSIST/Submit Button' is clicked on

2018-12-07 10:04:10 - [MESSAGE][PASSED] - Object: 'Object Repository/Final Object Repo/Page_Update Add New Employee - ASSIST/Submit Button' is clicked on

2018-12-07 10:04:10 - [TEST_STEP][PASSED] - delay: Delayed 4 second(s)

2018-12-07 10:04:14 - [MESSAGE][PASSED] - Delayed 4 second(s)

2018-12-07 10:04:14 - [TEST_STEP][PASSED] - click: Object: 'Object Repository/Final Object Repo/Page_Update Add New Employee - ASSIST/Confirm Submit Button' is clicked on

2018-12-07 10:04:14 - [MESSAGE][PASSED] - Object: 'Object Repository/Final Object Repo/Page_Update Add New Employee - ASSIST/Confirm Submit Button' is clicked on

2018-12-07 10:04:14 - [TEST_STEP][PASSED] - delay: Delayed 30 second(s)

2018-12-07 10:04:44 - [MESSAGE][PASSED] - Delayed 30 second(s)

2018-12-07 10:04:44 - [TEST_STEP][PASSED] - callTestCase: Call Test Case 'Test Cases/Final Aug 2018 - PKS Automation/Common/Screenshoting tool' successfully

2018-12-07 10:04:44 - [TEST_CASE][PASSED] - Test Cases/Final Aug 2018 - PKS Automation/Common/Screenshoting tool: Test Cases/Final Aug 2018 - PKS Automation/Common/Screenshoting tool

2018-12-07 10:04:44 - [TEST_STEP][PASSED] - delay: Delayed 15 second(s)

2018-12-07 10:04:59 - [MESSAGE][PASSED] - Delayed 15 second(s)

2018-12-07 10:04:59 - [TEST_STEP][PASSED] - Statement - driver = com.kms.katalon.core.webui.driver.DriverFactory.getWebDriver(): null

2018-12-07 10:04:59 - [TEST_STEP][PASSED] - Statement - driver.manage().timeouts().implicitlyWait(10, SECONDS): null

2018-12-07 10:04:59 - [TEST_STEP][PASSED] - Statement - PresavePath = KatalonScreenshots: null

2018-12-07 10:04:59 - [TEST_STEP][PASSED] - Statement - pathPrefix = "C:\Users\Public\Pictures\Sample Pictures\Katalon Screenshots\Automate Ending Screen": null

2018-12-07 10:04:59 - [TEST_STEP][PASSED] - Statement - finalPath = <not implemented yet for class: org.codehaus.groovy.ast.expr.EmptyExpression>: null

2018-12-07 10:04:59 - [TEST_STEP][PASSED] - Statement - scrFile = driver.getScreenshotAs(FILE): null

2018-12-07 10:04:59 - [TEST_STEP][PASSED] - Statement - PreSaveFile = new java.io.File(PresavePath): null

2018-12-07 10:04:59 - [TEST_STEP][PASSED] - Statement - counter = 0: null

2018-12-07 10:04:59 - [TEST_STEP][PASSED] - Statement - If (PreSaveFile.exists()): null

2018-12-07 10:04:59 - [TEST_STEP][PASSED] - Statement - While (PreSaveFile.exists()): null

2018-12-07 10:04:59 - [TEST_STEP][PASSED] - Statement - counter = counter + 1: null

2018-12-07 10:04:59 - [TEST_STEP][PASSED] - Statement - PreSaveFile = new java.io.File(((pathPrefix + java.lang.Integer.toString(counter)) + .png)): null

2018-12-07 10:04:59 - [TEST_STEP][PASSED] - Statement - counter = counter + 1: null

2018-12-07 10:04:59 - [TEST_STEP][PASSED] - Statement - PreSaveFile = new java.io.File(((pathPrefix + java.lang.Integer.toString(counter)) + .png)): null

2018-12-07 10:04:59 - [TEST_STEP][PASSED] - Statement - counter = counter + 1: null

2018-12-07 10:04:59 - [TEST_STEP][PASSED] - Statement - PreSaveFile = new java.io.File(((pathPrefix + java.lang.Integer.toString(counter)) + .png)): null

2018-12-07 10:04:59 - [TEST_STEP][PASSED] - Statement - counter = counter + 1: null

2018-12-07 10:04:59 - [TEST_STEP][PASSED] - Statement - PreSaveFile = new java.io.File(((pathPrefix + java.lang.Integer.toString(counter)) + .png)): null

2018-12-07 10:04:59 - [TEST_STEP][PASSED] - Statement - counter = counter + 1: null

2018-12-07 10:04:59 - [TEST_STEP][PASSED] - Statement - PreSaveFile = new java.io.File(((pathPrefix + java.lang.Integer.toString(counter)) + .png)): null

2018-12-07 10:04:59 - [TEST_STEP][PASSED] - Statement - counter = counter + 1: null

2018-12-07 10:04:59 - [TEST_STEP][PASSED] - Statement - PreSaveFile = new java.io.File(((pathPrefix + java.lang.Integer.toString(counter)) + .png)): null

2018-12-07 10:04:59 - [TEST_STEP][PASSED] - Statement - counter = counter + 1: null

2018-12-07 10:04:59 - [TEST_STEP][PASSED] - Statement - PreSaveFile = new java.io.File(((pathPrefix + java.lang.Integer.toString(counter)) + .png)): null

2018-12-07 10:04:59 - [TEST_STEP][PASSED] - Statement - counter = counter + 1: null

2018-12-07 10:04:59 - [TEST_STEP][PASSED] - Statement - PreSaveFile = new java.io.File(((pathPrefix + java.lang.Integer.toString(counter)) + .png)): null

2018-12-07 10:04:59 - [TEST_STEP][PASSED] - Statement - counter = counter + 1: null

2018-12-07 10:04:59 - [TEST_STEP][PASSED] - Statement - PreSaveFile = new java.io.File(((pathPrefix + java.lang.Integer.toString(counter)) + .png)): null

2018-12-07 10:04:59 - [TEST_STEP][PASSED] - Statement - counter = counter + 1: null

2018-12-07 10:04:59 - [TEST_STEP][PASSED] - Statement - PreSaveFile = new java.io.File(((pathPrefix + java.lang.Integer.toString(counter)) + .png)): null

2018-12-07 10:04:59 - [TEST_STEP][PASSED] - Statement - counter = counter + 1: null

2018-12-07 10:04:59 - [TEST_STEP][PASSED] - Statement - PreSaveFile = new java.io.File(((pathPrefix + java.lang.Integer.toString(counter)) + .png)): null

2018-12-07 10:04:59 - [TEST_STEP][PASSED] - Statement - counter = counter + 1: null

2018-12-07 10:04:59 - [TEST_STEP][PASSED] - Statement - PreSaveFile = new java.io.File(((pathPrefix + java.lang.Integer.toString(counter)) + .png)): null

2018-12-07 10:04:59 - [TEST_STEP][PASSED] - Statement - counter = counter + 1: null

2018-12-07 10:04:59 - [TEST_STEP][PASSED] - Statement - PreSaveFile = new java.io.File(((pathPrefix + java.lang.Integer.toString(counter)) + .png)): null

2018-12-07 10:04:59 - [TEST_STEP][PASSED] - Statement - counter = counter + 1: null

2018-12-07 10:04:59 - [TEST_STEP][PASSED] - Statement - PreSaveFile = new java.io.File(((pathPrefix + java.lang.Integer.toString(counter)) + .png)): null

2018-12-07 10:04:59 - [TEST_STEP][PASSED] - Statement - counter = counter + 1: null

2018-12-07 10:04:59 - [TEST_STEP][PASSED] - Statement - PreSaveFile = new java.io.File(((pathPrefix + java.lang.Integer.toString(counter)) + .png)): null

2018-12-07 10:04:59 - [TEST_STEP][PASSED] - Statement - counter = counter + 1: null

2018-12-07 10:04:59 - [TEST_STEP][PASSED] - Statement - PreSaveFile = new java.io.File(((pathPrefix + java.lang.Integer.toString(counter)) + .png)): null

2018-12-07 10:04:59 - [TEST_STEP][PASSED] - Statement - counter = counter + 1: null

2018-12-07 10:04:59 - [TEST_STEP][PASSED] - Statement - PreSaveFile = new java.io.File(((pathPrefix + java.lang.Integer.toString(counter)) + .png)): null

2018-12-07 10:04:59 - [TEST_STEP][PASSED] - Statement - counter = counter + 1: null

2018-12-07 10:05:00 - [TEST_STEP][PASSED] - Statement - PreSaveFile = new java.io.File(((pathPrefix + java.lang.Integer.toString(counter)) + .png)): null

2018-12-07 10:05:00 - [TEST_STEP][PASSED] - Statement - counter = counter + 1: null

2018-12-07 10:05:00 - [TEST_STEP][PASSED] - Statement - PreSaveFile = new java.io.File(((pathPrefix + java.lang.Integer.toString(counter)) + .png)): null

2018-12-07 10:05:00 - [TEST_STEP][PASSED] - Statement - counter = counter + 1: null

2018-12-07 10:05:00 - [TEST_STEP][PASSED] - Statement - PreSaveFile = new java.io.File(((pathPrefix + java.lang.Integer.toString(counter)) + .png)): null

2018-12-07 10:05:00 - [TEST_STEP][PASSED] - Statement - counter = counter + 1: null

2018-12-07 10:05:00 - [TEST_STEP][PASSED] - Statement - PreSaveFile = new java.io.File(((pathPrefix + java.lang.Integer.toString(counter)) + .png)): null

2018-12-07 10:05:00 - [TEST_STEP][PASSED] - Statement - counter = counter + 1: null

2018-12-07 10:05:00 - [TEST_STEP][PASSED] - Statement - PreSaveFile = new java.io.File(((pathPrefix + java.lang.Integer.toString(counter)) + .png)): null

2018-12-07 10:05:00 - [TEST_STEP][PASSED] - Statement - counter = counter + 1: null

2018-12-07 10:05:00 - [TEST_STEP][PASSED] - Statement - PreSaveFile = new java.io.File(((pathPrefix + java.lang.Integer.toString(counter)) + .png)): null

2018-12-07 10:05:00 - [TEST_STEP][PASSED] - Statement - counter = counter + 1: null

2018-12-07 10:05:00 - [TEST_STEP][PASSED] - Statement - PreSaveFile = new java.io.File(((pathPrefix + java.lang.Integer.toString(counter)) + .png)): null

2018-12-07 10:05:00 - [TEST_STEP][PASSED] - Statement - counter = counter + 1: null

2018-12-07 10:05:00 - [TEST_STEP][PASSED] - Statement - PreSaveFile = new java.io.File(((pathPrefix + java.lang.Integer.toString(counter)) + .png)): null

2018-12-07 10:05:00 - [TEST_STEP][PASSED] - Statement - counter = counter + 1: null

2018-12-07 10:05:00 - [TEST_STEP][PASSED] - Statement - PreSaveFile = new java.io.File(((pathPrefix + java.lang.Integer.toString(counter)) + .png)): null

2018-12-07 10:05:00 - [TEST_STEP][PASSED] - Statement - counter = counter + 1: null

2018-12-07 10:05:00 - [TEST_STEP][PASSED] - Statement - PreSaveFile = new java.io.File(((pathPrefix + java.lang.Integer.toString(counter)) + .png)): null

2018-12-07 10:05:00 - [TEST_STEP][PASSED] - Statement - counter = counter + 1: null

2018-12-07 10:05:00 - [TEST_STEP][PASSED] - Statement - PreSaveFile = new java.io.File(((pathPrefix + java.lang.Integer.toString(counter)) + .png)): null

2018-12-07 10:05:00 - [TEST_STEP][PASSED] - Statement - counter = counter + 1: null

2018-12-07 10:05:00 - [TEST_STEP][PASSED] - Statement - PreSaveFile = new java.io.File(((pathPrefix + java.lang.Integer.toString(counter)) + .png)): null

2018-12-07 10:05:00 - [TEST_STEP][PASSED] - Statement - counter = counter + 1: null

2018-12-07 10:05:00 - [TEST_STEP][PASSED] - Statement - PreSaveFile = new java.io.File(((pathPrefix + java.lang.Integer.toString(counter)) + .png)): null

2018-12-07 10:05:00 - [TEST_STEP][PASSED] - Statement - counter = counter + 1: null

2018-12-07 10:05:00 - [TEST_STEP][PASSED] - Statement - PreSaveFile = new java.io.File(((pathPrefix + java.lang.Integer.toString(counter)) + .png)): null

2018-12-07 10:05:00 - [TEST_STEP][PASSED] - Statement - counter = counter + 1: null

2018-12-07 10:05:00 - [TEST_STEP][PASSED] - Statement - PreSaveFile = new java.io.File(((pathPrefix + java.lang.Integer.toString(counter)) + .png)): null

2018-12-07 10:05:00 - [TEST_STEP][PASSED] - Statement - counter = counter + 1: null

2018-12-07 10:05:00 - [TEST_STEP][PASSED] - Statement - PreSaveFile = new java.io.File(((pathPrefix + java.lang.Integer.toString(counter)) + .png)): null

2018-12-07 10:05:00 - [TEST_STEP][PASSED] - Statement - counter = counter + 1: null

2018-12-07 10:05:00 - [TEST_STEP][PASSED] - Statement - PreSaveFile = new java.io.File(((pathPrefix + java.lang.Integer.toString(counter)) + .png)): null

2018-12-07 10:05:01 - [TEST_STEP][PASSED] - Statement - counter = counter + 1: null

2018-12-07 10:05:01 - [TEST_STEP][PASSED] - Statement - PreSaveFile = new java.io.File(((pathPrefix + java.lang.Integer.toString(counter)) + .png)): null

2018-12-07 10:05:01 - [TEST_STEP][PASSED] - Statement - counter = counter + 1: null

2018-12-07 10:05:01 - [TEST_STEP][PASSED] - Statement - PreSaveFile = new java.io.File(((pathPrefix + java.lang.Integer.toString(counter)) + .png)): null

2018-12-07 10:05:01 - [TEST_STEP][PASSED] - Statement - counter = counter + 1: null

2018-12-07 10:05:01 - [TEST_STEP][PASSED] - Statement - PreSaveFile = new java.io.File(((pathPrefix + java.lang.Integer.toString(counter)) + .png)): null

2018-12-07 10:05:01 - [TEST_STEP][PASSED] - Statement - counter = counter + 1: null

2018-12-07 10:05:01 - [TEST_STEP][PASSED] - Statement - PreSaveFile = new java.io.File(((pathPrefix + java.lang.Integer.toString(counter)) + .png)): null

2018-12-07 10:05:01 - [TEST_STEP][PASSED] - Statement - counter = counter + 1: null

2018-12-07 10:05:01 - [TEST_STEP][PASSED] - Statement - PreSaveFile = new java.io.File(((pathPrefix + java.lang.Integer.toString(counter)) + .png)): null

2018-12-07 10:05:01 - [TEST_STEP][PASSED] - Statement - counter = counter + 1: null

2018-12-07 10:05:01 - [TEST_STEP][PASSED] - Statement - PreSaveFile = new java.io.File(((pathPrefix + java.lang.Integer.toString(counter)) + .png)): null

2018-12-07 10:05:01 - [TEST_STEP][PASSED] - Statement - counter = counter + 1: null

2018-12-07 10:05:01 - [TEST_STEP][PASSED] - Statement - PreSaveFile = new java.io.File(((pathPrefix + java.lang.Integer.toString(counter)) + .png)): null

2018-12-07 10:05:01 - [TEST_STEP][PASSED] - Statement - counter = counter + 1: null

2018-12-07 10:05:01 - [TEST_STEP][PASSED] - Statement - PreSaveFile = new java.io.File(((pathPrefix + java.lang.Integer.toString(counter)) + .png)): null

2018-12-07 10:05:01 - [TEST_STEP][PASSED] - Statement - counter = counter + 1: null

2018-12-07 10:05:01 - [TEST_STEP][PASSED] - Statement - PreSaveFile = new java.io.File(((pathPrefix + java.lang.Integer.toString(counter)) + .png)): null

2018-12-07 10:05:01 - [TEST_STEP][PASSED] - Statement - counter = counter + 1: null

2018-12-07 10:05:01 - [TEST_STEP][PASSED] - Statement - PreSaveFile = new java.io.File(((pathPrefix + java.lang.Integer.toString(counter)) + .png)): null

2018-12-07 10:05:01 - [TEST_STEP][PASSED] - Statement - counter = counter + 1: null

2018-12-07 10:05:01 - [TEST_STEP][PASSED] - Statement - PreSaveFile = new java.io.File(((pathPrefix + java.lang.Integer.toString(counter)) + .png)): null

2018-12-07 10:05:01 - [TEST_STEP][PASSED] - Statement - counter = counter + 1: null

2018-12-07 10:05:01 - [TEST_STEP][PASSED] - Statement - PreSaveFile = new java.io.File(((pathPrefix + java.lang.Integer.toString(counter)) + .png)): null

2018-12-07 10:05:01 - [TEST_STEP][PASSED] - Statement - counter = counter + 1: null

2018-12-07 10:05:01 - [TEST_STEP][PASSED] - Statement - PreSaveFile = new java.io.File(((pathPrefix + java.lang.Integer.toString(counter)) + .png)): null

2018-12-07 10:05:01 - [TEST_STEP][PASSED] - Statement - counter = counter + 1: null

2018-12-07 10:05:01 - [TEST_STEP][PASSED] - Statement - PreSaveFile = new java.io.File(((pathPrefix + java.lang.Integer.toString(counter)) + .png)): null

2018-12-07 10:05:01 - [TEST_STEP][PASSED] - Statement - counter = counter + 1: null

2018-12-07 10:05:02 - [TEST_STEP][PASSED] - Statement - PreSaveFile = new java.io.File(((pathPrefix + java.lang.Integer.toString(counter)) + .png)): null

2018-12-07 10:05:02 - [TEST_STEP][PASSED] - Statement - counter = counter + 1: null

2018-12-07 10:05:02 - [TEST_STEP][PASSED] - Statement - PreSaveFile = new java.io.File(((pathPrefix + java.lang.Integer.toString(counter)) + .png)): null

2018-12-07 10:05:02 - [TEST_STEP][PASSED] - Statement - counter = counter + 1: null

2018-12-07 10:05:02 - [TEST_STEP][PASSED] - Statement - PreSaveFile = new java.io.File(((pathPrefix + java.lang.Integer.toString(counter)) + .png)): null

2018-12-07 10:05:02 - [TEST_STEP][PASSED] - Statement - counter = counter + 1: null

2018-12-07 10:05:02 - [TEST_STEP][PASSED] - Statement - PreSaveFile = new java.io.File(((pathPrefix + java.lang.Integer.toString(counter)) + .png)): null

2018-12-07 10:05:02 - [TEST_STEP][PASSED] - Statement - counter = counter + 1: null

2018-12-07 10:05:02 - [TEST_STEP][PASSED] - Statement - PreSaveFile = new java.io.File(((pathPrefix + java.lang.Integer.toString(counter)) + .png)): null

2018-12-07 10:05:02 - [TEST_STEP][PASSED] - Statement - counter = counter + 1: null

2018-12-07 10:05:02 - [TEST_STEP][PASSED] - Statement - PreSaveFile = new java.io.File(((pathPrefix + java.lang.Integer.toString(counter)) + .png)): null

2018-12-07 10:05:02 - [TEST_STEP][PASSED] - Statement - counter = counter + 1: null

2018-12-07 10:05:02 - [TEST_STEP][PASSED] - Statement - PreSaveFile = new java.io.File(((pathPrefix + java.lang.Integer.toString(counter)) + .png)): null

2018-12-07 10:05:02 - [TEST_STEP][PASSED] - Statement - counter = counter + 1: null

2018-12-07 10:05:02 - [TEST_STEP][PASSED] - Statement - PreSaveFile = new java.io.File(((pathPrefix + java.lang.Integer.toString(counter)) + .png)): null

2018-12-07 10:05:02 - [TEST_STEP][PASSED] - Statement - counter = counter + 1: null

2018-12-07 10:05:02 - [TEST_STEP][PASSED] - Statement - PreSaveFile = new java.io.File(((pathPrefix + java.lang.Integer.toString(counter)) + .png)): null

2018-12-07 10:05:02 - [TEST_STEP][PASSED] - Statement - counter = counter + 1: null

2018-12-07 10:05:02 - [TEST_STEP][PASSED] - Statement - PreSaveFile = new java.io.File(((pathPrefix + java.lang.Integer.toString(counter)) + .png)): null

2018-12-07 10:05:02 - [TEST_STEP][PASSED] - Statement - counter = counter + 1: null

2018-12-07 10:05:02 - [TEST_STEP][PASSED] - Statement - PreSaveFile = new java.io.File(((pathPrefix + java.lang.Integer.toString(counter)) + .png)): null

2018-12-07 10:05:02 - [TEST_STEP][PASSED] - Statement - counter = counter + 1: null

2018-12-07 10:05:02 - [TEST_STEP][PASSED] - Statement - PreSaveFile = new java.io.File(((pathPrefix + java.lang.Integer.toString(counter)) + .png)): null

2018-12-07 10:05:02 - [TEST_STEP][PASSED] - Statement - counter = counter + 1: null

2018-12-07 10:05:02 - [TEST_STEP][PASSED] - Statement - PreSaveFile = new java.io.File(((pathPrefix + java.lang.Integer.toString(counter)) + .png)): null

2018-12-07 10:05:02 - [TEST_STEP][PASSED] - Statement - counter = counter + 1: null

2018-12-07 10:05:02 - [TEST_STEP][PASSED] - Statement - PreSaveFile = new java.io.File(((pathPrefix + java.lang.Integer.toString(counter)) + .png)): null

2018-12-07 10:05:02 - [TEST_STEP][PASSED] - Statement - counter = counter + 1: null

2018-12-07 10:05:02 - [TEST_STEP][PASSED] - Statement - PreSaveFile = new java.io.File(((pathPrefix + java.lang.Integer.toString(counter)) + .png)): null

2018-12-07 10:05:03 - [TEST_STEP][PASSED] - Statement - counter = counter + 1: null

2018-12-07 10:05:03 - [TEST_STEP][PASSED] - Statement - PreSaveFile = new java.io.File(((pathPrefix + java.lang.Integer.toString(counter)) + .png)): null

2018-12-07 10:05:03 - [TEST_STEP][PASSED] - Statement - counter = counter + 1: null

2018-12-07 10:05:03 - [TEST_STEP][PASSED] - Statement - PreSaveFile = new java.io.File(((pathPrefix + java.lang.Integer.toString(counter)) + .png)): null

2018-12-07 10:05:03 - [TEST_STEP][PASSED] - Statement - counter = counter + 1: null

2018-12-07 10:05:03 - [TEST_STEP][PASSED] - Statement - PreSaveFile = new java.io.File(((pathPrefix + java.lang.Integer.toString(counter)) + .png)): null

2018-12-07 10:05:03 - [TEST_STEP][PASSED] - Statement - counter = counter + 1: null

2018-12-07 10:05:03 - [TEST_STEP][PASSED] - Statement - PreSaveFile = new java.io.File(((pathPrefix + java.lang.Integer.toString(counter)) + .png)): null

2018-12-07 10:05:03 - [TEST_STEP][PASSED] - Statement - counter = counter + 1: null

2018-12-07 10:05:03 - [TEST_STEP][PASSED] - Statement - PreSaveFile = new java.io.File(((pathPrefix + java.lang.Integer.toString(counter)) + .png)): null

2018-12-07 10:05:03 - [TEST_STEP][PASSED] - Statement - counter = counter + 1: null

2018-12-07 10:05:03 - [TEST_STEP][PASSED] - Statement - PreSaveFile = new java.io.File(((pathPrefix + java.lang.Integer.toString(counter)) + .png)): null

2018-12-07 10:05:03 - [TEST_STEP][PASSED] - Statement - counter = counter + 1: null

2018-12-07 10:05:03 - [TEST_STEP][PASSED] - Statement - PreSaveFile = new java.io.File(((pathPrefix + java.lang.Integer.toString(counter)) + .png)): null

2018-12-07 10:05:03 - [TEST_STEP][PASSED] - Statement - counter = counter + 1: null

2018-12-07 10:05:03 - [TEST_STEP][PASSED] - Statement - PreSaveFile = new java.io.File(((pathPrefix + java.lang.Integer.toString(counter)) + .png)): null

2018-12-07 10:05:03 - [TEST_STEP][PASSED] - Statement - counter = counter + 1: null

2018-12-07 10:05:03 - [TEST_STEP][PASSED] - Statement - PreSaveFile = new java.io.File(((pathPrefix + java.lang.Integer.toString(counter)) + .png)): null

2018-12-07 10:05:03 - [TEST_STEP][PASSED] - Statement - counter = counter + 1: null

2018-12-07 10:05:03 - [TEST_STEP][PASSED] - Statement - PreSaveFile = new java.io.File(((pathPrefix + java.lang.Integer.toString(counter)) + .png)): null

2018-12-07 10:05:03 - [TEST_STEP][PASSED] - Statement - counter = counter + 1: null

2018-12-07 10:05:03 - [TEST_STEP][PASSED] - Statement - PreSaveFile = new java.io.File(((pathPrefix + java.lang.Integer.toString(counter)) + .png)): null

2018-12-07 10:05:03 - [TEST_STEP][PASSED] - Statement - counter = counter + 1: null

2018-12-07 10:05:03 - [TEST_STEP][PASSED] - Statement - PreSaveFile = new java.io.File(((pathPrefix + java.lang.Integer.toString(counter)) + .png)): null

2018-12-07 10:05:03 - [TEST_STEP][PASSED] - Statement - counter = counter + 1: null

2018-12-07 10:05:03 - [TEST_STEP][PASSED] - Statement - PreSaveFile = new java.io.File(((pathPrefix + java.lang.Integer.toString(counter)) + .png)): null

2018-12-07 10:05:03 - [TEST_STEP][PASSED] - Statement - counter = counter + 1: null

2018-12-07 10:05:03 - [TEST_STEP][PASSED] - Statement - PreSaveFile = new java.io.File(((pathPrefix + java.lang.Integer.toString(counter)) + .png)): null

2018-12-07 10:05:03 - [TEST_STEP][PASSED] - Statement - counter = counter + 1: null

2018-12-07 10:05:03 - [TEST_STEP][PASSED] - Statement - PreSaveFile = new java.io.File(((pathPrefix + java.lang.Integer.toString(counter)) + .png)): null

2018-12-07 10:05:03 - [TEST_STEP][PASSED] - Statement - counter = counter + 1: null

2018-12-07 10:05:03 - [TEST_STEP][PASSED] - Statement - PreSaveFile = new java.io.File(((pathPrefix + java.lang.Integer.toString(counter)) + .png)): null

2018-12-07 10:05:03 - [TEST_STEP][PASSED] - Statement - counter = counter + 1: null

2018-12-07 10:05:03 - [TEST_STEP][PASSED] - Statement - PreSaveFile = new java.io.File(((pathPrefix + java.lang.Integer.toString(counter)) + .png)): null

2018-12-07 10:05:03 - [TEST_STEP][PASSED] - Statement - counter = counter + 1: null

2018-12-07 10:05:03 - [TEST_STEP][PASSED] - Statement - PreSaveFile = new java.io.File(((pathPrefix + java.lang.Integer.toString(counter)) + .png)): null

2018-12-07 10:05:03 - [TEST_STEP][PASSED] - Statement - counter = counter + 1: null

2018-12-07 10:05:03 - [TEST_STEP][PASSED] - Statement - PreSaveFile = new java.io.File(((pathPrefix + java.lang.Integer.toString(counter)) + .png)): null

2018-12-07 10:05:04 - [TEST_STEP][PASSED] - Statement - counter = counter + 1: null

2018-12-07 10:05:04 - [TEST_STEP][PASSED] - Statement - PreSaveFile = new java.io.File(((pathPrefix + java.lang.Integer.toString(counter)) + .png)): null

2018-12-07 10:05:04 - [TEST_STEP][PASSED] - Statement - counter = counter + 1: null

2018-12-07 10:05:04 - [TEST_STEP][PASSED] - Statement - PreSaveFile = new java.io.File(((pathPrefix + java.lang.Integer.toString(counter)) + .png)): null

2018-12-07 10:05:04 - [TEST_STEP][PASSED] - Statement - counter = counter + 1: null

2018-12-07 10:05:04 - [TEST_STEP][PASSED] - Statement - PreSaveFile = new java.io.File(((pathPrefix + java.lang.Integer.toString(counter)) + .png)): null

2018-12-07 10:05:04 - [TEST_STEP][PASSED] - Statement - counter = counter + 1: null

2018-12-07 10:05:04 - [TEST_STEP][PASSED] - Statement - PreSaveFile = new java.io.File(((pathPrefix + java.lang.Integer.toString(counter)) + .png)): null

2018-12-07 10:05:04 - [TEST_STEP][PASSED] - Statement - counter = counter + 1: null

2018-12-07 10:05:04 - [TEST_STEP][PASSED] - Statement - PreSaveFile = new java.io.File(((pathPrefix + java.lang.Integer.toString(counter)) + .png)): null

2018-12-07 10:05:04 - [TEST_STEP][PASSED] - Statement - counter = counter + 1: null

2018-12-07 10:05:04 - [TEST_STEP][PASSED] - Statement - PreSaveFile = new java.io.File(((pathPrefix + java.lang.Integer.toString(counter)) + .png)): null

2018-12-07 10:05:04 - [TEST_STEP][PASSED] - Statement - counter = counter + 1: null

2018-12-07 10:05:04 - [TEST_STEP][PASSED] - Statement - PreSaveFile = new java.io.File(((pathPrefix + java.lang.Integer.toString(counter)) + .png)): null

2018-12-07 10:05:04 - [TEST_STEP][PASSED] - Statement - counter = counter + 1: null

2018-12-07 10:05:04 - [TEST_STEP][PASSED] - Statement - PreSaveFile = new java.io.File(((pathPrefix + java.lang.Integer.toString(counter)) + .png)): null

2018-12-07 10:05:04 - [TEST_STEP][PASSED] - Statement - counter = counter + 1: null

2018-12-07 10:05:04 - [TEST_STEP][PASSED] - Statement - PreSaveFile = new java.io.File(((pathPrefix + java.lang.Integer.toString(counter)) + .png)): null

2018-12-07 10:05:04 - [TEST_STEP][PASSED] - Statement - counter = counter + 1: null

2018-12-07 10:05:04 - [TEST_STEP][PASSED] - Statement - PreSaveFile = new java.io.File(((pathPrefix + java.lang.Integer.toString(counter)) + .png)): null

2018-12-07 10:05:04 - [TEST_STEP][PASSED] - Statement - counter = counter + 1: null

2018-12-07 10:05:04 - [TEST_STEP][PASSED] - Statement - PreSaveFile = new java.io.File(((pathPrefix + java.lang.Integer.toString(counter)) + .png)): null

2018-12-07 10:05:04 - [TEST_STEP][PASSED] - Statement - counter = counter + 1: null

2018-12-07 10:05:04 - [TEST_STEP][PASSED] - Statement - PreSaveFile = new java.io.File(((pathPrefix + java.lang.Integer.toString(counter)) + .png)): null

2018-12-07 10:05:04 - [TEST_STEP][PASSED] - Statement - counter = counter + 1: null

2018-12-07 10:05:04 - [TEST_STEP][PASSED] - Statement - PreSaveFile = new java.io.File(((pathPrefix + java.lang.Integer.toString(counter)) + .png)): null

2018-12-07 10:05:04 - [TEST_STEP][PASSED] - Statement - counter = counter + 1: null

2018-12-07 10:05:04 - [TEST_STEP][PASSED] - Statement - PreSaveFile = new java.io.File(((pathPrefix + java.lang.Integer.toString(counter)) + .png)): null

2018-12-07 10:05:04 - [TEST_STEP][PASSED] - Statement - counter = counter + 1: null

2018-12-07 10:05:05 - [TEST_STEP][PASSED] - Statement - PreSaveFile = new java.io.File(((pathPrefix + java.lang.Integer.toString(counter)) + .png)): null

2018-12-07 10:05:05 - [TEST_STEP][PASSED] - Statement - counter = counter + 1: null

2018-12-07 10:05:05 - [TEST_STEP][PASSED] - Statement - PreSaveFile = new java.io.File(((pathPrefix + java.lang.Integer.toString(counter)) + .png)): null

2018-12-07 10:05:05 - [TEST_STEP][PASSED] - Statement - finalPath = pathPrefix + java.lang.Integer.toString(counter) + ".png": null

2018-12-07 10:05:05 - [TEST_STEP][PASSED] - Statement - SaveFile = new java.io.File(finalPath): null

2018-12-07 10:05:05 - [TEST_STEP][PASSED] - Statement - Try: null

2018-12-07 10:05:05 - [TEST_STEP][PASSED] - Statement - org.apache.commons.io.FileUtils.copyFile(scrFile, SaveFile): null

2018-12-07 10:05:05 - [TEST_STEP][PASSED] - Statement - out.println("file kept"): null

2018-12-07 10:05:05 - [TEST_STEP][PASSED] - delay: Delayed 10 second(s)

2018-12-07 10:05:15 - [MESSAGE][PASSED] - Delayed 10 second(s)

2018-12-07 10:05:15 - [MESSAGE][PASSED] - Call Test Case 'Test Cases/Final Aug 2018 - PKS Automation/Common/Screenshoting tool' successfully

2018-12-07 10:05:15 - [TEST_STEP][PASSED] - callTestCase: Call Test Case 'Test Cases/Final Aug 2018 - PKS Automation/Registration Module/Log Out/log out avoiding katalon tagging' successfully

2018-12-07 10:05:15 - [TEST_CASE][PASSED] - Test Cases/Final Aug 2018 - PKS Automation/Registration Module/Log Out/log out avoiding katalon tagging: Test Cases/Final Aug 2018 - PKS Automation/Registration Module/Log Out/log out avoiding katalon tagging

2018-12-07 10:05:15 - [TEST_STEP][PASSED] - navigateToUrl: Navigate to 'https://assist2-uat.perkeso.gov.my/c/portal/logout' successfully

2018-12-07 10:05:16 - [MESSAGE][PASSED] - Navigate to 'https://assist2-uat.perkeso.gov.my/c/portal/logout' successfully

2018-12-07 10:05:16 - [MESSAGE][PASSED] - Call Test Case 'Test Cases/Final Aug 2018 - PKS Automation/Registration Module/Log Out/log out avoiding katalon tagging' successfully

2018-12-07 10:05:16 - [TEST_STEP][PASSED] - callTestCase: Call Test Case 'Test Cases/Final Aug 2018 - PKS Automation/Common/Workflow Owner Finder' successfully

2018-12-07 10:05:16 - [TEST_CASE][PASSED] - Test Cases/Final Aug 2018 - PKS Automation/Common/Workflow Owner Finder: Test Cases/Final Aug 2018 - PKS Automation/Common/Workflow Owner Finder

2018-12-07 10:05:16 - [TEST_STEP][PASSED] - openBrowser: Browser is opened with url: ''

2018-12-07 10:05:16 - [MESSAGE][WARNING] - A browser is already opened. Closing browser and opening a new one

2018-12-07 10:05:19 - [MESSAGE][PASSED] - Browser is opened with url: ''

2018-12-07 10:05:19 - [TEST_STEP][PASSED] - navigateToUrl: Navigate to 'https://assist2-uat.perkeso.gov.my/login' successfully

2018-12-07 10:05:20 - [MESSAGE][PASSED] - Navigate to 'https://assist2-uat.perkeso.gov.my/login' successfully

2018-12-07 10:05:20 - [TEST_STEP][PASSED] - delay: Delayed 5 second(s)

2018-12-07 10:05:25 - [MESSAGE][PASSED] - Delayed 5 second(s)

2018-12-07 10:05:25 - [TEST_STEP][PASSED] - setText: Text 'test@liferay.com' is set on object 'Object Repository/Final Object Repo/Login Page/Internal User/Email Address'

2018-12-07 10:05:25 - [MESSAGE][PASSED] - Text 'test@liferay.com' is set on object 'Object Repository/Final Object Repo/Login Page/Internal User/Email Address'

2018-12-07 10:05:25 - [TEST_STEP][PASSED] - click: Object: 'Object Repository/Final Object Repo/Login Page/Internal User/Next Button' is clicked on

2018-12-07 10:05:26 - [MESSAGE][PASSED] - Object: 'Object Repository/Final Object Repo/Login Page/Internal User/Next Button' is clicked on

2018-12-07 10:05:26 - [TEST_STEP][PASSED] - delay: Delayed 2 second(s)

2018-12-07 10:05:28 - [MESSAGE][PASSED] - Delayed 2 second(s)

2018-12-07 10:05:28 - [TEST_STEP][PASSED] - setText: Text 'test' is set on object 'Object Repository/Final Object Repo/Login Page/Internal User/Password'

2018-12-07 10:05:28 - [MESSAGE][PASSED] - Text 'test' is set on object 'Object Repository/Final Object Repo/Login Page/Internal User/Password'

2018-12-07 10:05:28 - [TEST_STEP][PASSED] - delay: Delayed 2 second(s)

2018-12-07 10:05:30 - [MESSAGE][PASSED] - Delayed 2 second(s)

2018-12-07 10:05:30 - [TEST_STEP][PASSED] - click: Object: 'Object Repository/Final Object Repo/Login Page/Internal User/Login Button' is clicked on

2018-12-07 10:05:30 - [MESSAGE][PASSED] - Object: 'Object Repository/Final Object Repo/Login Page/Internal User/Login Button' is clicked on

2018-12-07 10:05:30 - [TEST_STEP][PASSED] - Statement - tester = com.kms.katalon.core.testobject.ObjectRepository.findTestObject(Final Object Repo/Landing Page/Select to English): Finding Test Object with id 'Object Repository/Final Object Repo/Landing Page/Select to English'

2018-12-07 10:05:30 - [TEST_STEP][PASSED] - Statement - Try: Delayed 2 second(s)

2018-12-07 10:05:30 - [TEST_STEP][PASSED] - Statement - Checker = com.kms.katalon.core.webui.keyword.WebUiBuiltInKeywords.verifyElementNotPresent(tester, 3): Web element with id: 'Object Repository/Final Object Repo/Landing Page/Select to English' located by 'By.xpath: //a[@class = 'taglib-language-list-text' and @lang = 'en-US' and (contains(text(), 'EN') or contains(., 'EN'))]' is not present after '3' second(s)

2018-12-07 10:05:32 - [MESSAGE][PASSED] - Web element with id: 'Object Repository/Final Object Repo/Landing Page/Select to English' located by 'By.xpath: //a[@class = 'taglib-language-list-text' and @lang = 'en-US' and (contains(text(), 'EN') or contains(., 'EN'))]' is not present after '3' second(s)

2018-12-07 10:05:32 - [TEST_STEP][PASSED] - Statement - If (Checker == false): null

2018-12-07 10:05:32 - [TEST_STEP][PASSED] - delay: Delayed 2 second(s)

2018-12-07 10:05:34 - [MESSAGE][PASSED] - Delayed 2 second(s)

2018-12-07 10:05:34 - [TEST_STEP][PASSED] - delay: Delayed 5 second(s)

2018-12-07 10:05:39 - [MESSAGE][PASSED] - Delayed 5 second(s)

2018-12-07 10:05:39 - [TEST_STEP][PASSED] - mouseOver: Object: 'Object Repository/Final Object Repo/Landing Page/WorkFlow Menu' is hovered

2018-12-07 10:05:39 - [MESSAGE][PASSED] - Object: 'Object Repository/Final Object Repo/Landing Page/WorkFlow Menu' is hovered

2018-12-07 10:05:39 - [TEST_STEP][PASSED] - delay: Delayed 2 second(s)

2018-12-07 10:05:41 - [MESSAGE][PASSED] - Delayed 2 second(s)

2018-12-07 10:05:41 - [TEST_STEP][PASSED] - click: Object: 'Object Repository/Final Object Repo/Landing Page/Select to Workflow Listing' is clicked on

2018-12-07 10:05:42 - [MESSAGE][PASSED] - Object: 'Object Repository/Final Object Repo/Landing Page/Select to Workflow Listing' is clicked on

2018-12-07 10:05:42 - [TEST_STEP][PASSED] - delay: Delayed 2 second(s)

2018-12-07 10:05:44 - [MESSAGE][PASSED] - Delayed 2 second(s)

2018-12-07 10:05:44 - [TEST_STEP][PASSED] - click: Object: 'Object Repository/Final Object Repo/WorkFlow Listing Page/Search Information - To Put Ref No' is clicked on

2018-12-07 10:05:45 - [MESSAGE][PASSED] - Object: 'Object Repository/Final Object Repo/WorkFlow Listing Page/Search Information - To Put Ref No' is clicked on

2018-12-07 10:05:45 - [TEST_STEP][PASSED] - delay: Delayed 2 second(s)

2018-12-07 10:05:47 - [MESSAGE][PASSED] - Delayed 2 second(s)

2018-12-07 10:05:47 - [TEST_STEP][PASSED] - callTestCase: Call Test Case 'Test Cases/Final Aug 2018 - PKS Automation/Common/Reference Number Getter' successfully

2018-12-07 10:05:47 - [TEST_CASE][PASSED] - Test Cases/Final Aug 2018 - PKS Automation/Common/Reference Number Getter: Test Cases/Final Aug 2018 - PKS Automation/Common/Reference Number Getter

2018-12-07 10:05:47 - [TEST_STEP][PASSED] - Statement - Try: null

2018-12-07 10:05:47 - [TEST_STEP][PASSED] - Statement - RefNo = new java.io.File(C://Users//Admin//Desktop//PKS//Automation Reference Point//KatalonReference.txt): null

2018-12-07 10:05:47 - [TEST_STEP][PASSED] - Statement - bufferread = new java.io.BufferedReader(new java.io.FileReader(RefNo)): null

2018-12-07 10:05:47 - [TEST_STEP][PASSED] - Statement - readedVal = bufferread.readLine(): null

2018-12-07 10:05:47 - [TEST_STEP][PASSED] - Statement - out.println(CaseReferenceNo): null

2018-12-07 10:05:47 - [TEST_STEP][PASSED] - Statement - out.println(readedVal): null

2018-12-07 10:05:47 - [TEST_STEP][PASSED] - Statement - CaseReferenceNo = "": null

2018-12-07 10:05:47 - [TEST_STEP][PASSED] - Statement - CaseReferenceNo = readedVal: null

2018-12-07 10:05:47 - [MESSAGE][PASSED] - Call Test Case 'Test Cases/Final Aug 2018 - PKS Automation/Common/Reference Number Getter' successfully

2018-12-07 10:05:47 - [TEST_STEP][PASSED] - setText: Text 'CAN12201800002279' is set on object 'Object Repository/Final Object Repo/WorkFlow Listing Page/Ref No Set Text'

2018-12-07 10:05:47 - [MESSAGE][PASSED] - Text 'CAN12201800002279' is set on object 'Object Repository/Final Object Repo/WorkFlow Listing Page/Ref No Set Text'

2018-12-07 10:05:47 - [TEST_STEP][PASSED] - delay: Delayed 2 second(s)

2018-12-07 10:05:49 - [MESSAGE][PASSED] - Delayed 2 second(s)

2018-12-07 10:05:49 - [TEST_STEP][PASSED] - click: Object: 'Object Repository/Final Object Repo/WorkFlow Listing Page/Search Ref No Search Button' is clicked on

2018-12-07 10:05:49 - [MESSAGE][PASSED] - Object: 'Object Repository/Final Object Repo/WorkFlow Listing Page/Search Ref No Search Button' is clicked on

2018-12-07 10:05:49 - [TEST_STEP][PASSED] - delay: Delayed 6 second(s)

2018-12-07 10:05:55 - [MESSAGE][PASSED] - Delayed 6 second(s)

2018-12-07 10:05:55 - [TEST_STEP][PASSED] - click: Object: 'Object Repository/Final Object Repo/WorkFlow Listing Page/Click Continue Tooltip' is clicked on

2018-12-07 10:05:56 - [MESSAGE][PASSED] - Object: 'Object Repository/Final Object Repo/WorkFlow Listing Page/Click Continue Tooltip' is clicked on

2018-12-07 10:05:56 - [TEST_STEP][PASSED] - delay: Delayed 5 second(s)

2018-12-07 10:06:01 - [MESSAGE][PASSED] - Delayed 5 second(s)

2018-12-07 10:06:01 - [TEST_STEP][PASSED] - doubleClick: Object: 'Object Repository/Final Object Repo/WorkFlow Listing Page/Workflow Found - Listing 1' is double clicked on

2018-12-07 10:06:02 - [MESSAGE][PASSED] - Object: 'Object Repository/Final Object Repo/WorkFlow Listing Page/Workflow Found - Listing 1' is double clicked on

2018-12-07 10:06:02 - [TEST_STEP][PASSED] - Statement - println(OwnerID): null

2018-12-07 10:06:02 - [TEST_STEP][PASSED] - Statement - OwnerID = com.kms.katalon.core.webui.keyword.WebUiBuiltInKeywords.getText(com.kms.katalon.core.testobject.ObjectRepository.findTestObject(Final Object Repo/WorkFlow Listing Page/Workflow Found - Listing 1), STOP_ON_FAILURE): Text of object 'Object Repository/Final Object Repo/WorkFlow Listing Page/Workflow Found - Listing 1' is: 'JOHORro1'

2018-12-07 10:06:02 - [MESSAGE][PASSED] - Text of object 'Object Repository/Final Object Repo/WorkFlow Listing Page/Workflow Found - Listing 1' is: 'JOHORro1'

2018-12-07 10:06:02 - [TEST_STEP][PASSED] - Statement - OwnerID = OwnerID.toLowerCase() + "@gmail.com": null

2018-12-07 10:06:02 - [TEST_STEP][PASSED] - Statement - println(OwnerID): null

2018-12-07 10:06:02 - [TEST_STEP][PASSED] - delay: Delayed 2 second(s)

2018-12-07 10:06:04 - [MESSAGE][PASSED] - Delayed 2 second(s)

2018-12-07 10:06:04 - [MESSAGE][PASSED] - Call Test Case 'Test Cases/Final Aug 2018 - PKS Automation/Common/Workflow Owner Finder' successfully

2018-12-07 10:06:04 - [TEST_STEP][PASSED] - callTestCase: Call Test Case 'Test Cases/Final Aug 2018 - PKS Automation/Registration Module/Log Out/log out avoiding katalon tagging' successfully

2018-12-07 10:06:04 - [TEST_CASE][PASSED] - Test Cases/Final Aug 2018 - PKS Automation/Registration Module/Log Out/log out avoiding katalon tagging: Test Cases/Final Aug 2018 - PKS Automation/Registration Module/Log Out/log out avoiding katalon tagging

2018-12-07 10:06:04 - [TEST_STEP][PASSED] - navigateToUrl: Navigate to 'https://assist2-uat.perkeso.gov.my/c/portal/logout' successfully

2018-12-07 10:06:04 - [MESSAGE][PASSED] - Navigate to 'https://assist2-uat.perkeso.gov.my/c/portal/logout' successfully

2018-12-07 10:06:04 - [MESSAGE][PASSED] - Call Test Case 'Test Cases/Final Aug 2018 - PKS Automation/Registration Module/Log Out/log out avoiding katalon tagging' successfully

2018-12-07 10:06:04 - [TEST_STEP][PASSED] - delay: Delayed 2 second(s)

2018-12-07 10:06:07 - [MESSAGE][PASSED] - Delayed 2 second(s)

2018-12-07 10:06:07 - [TEST_STEP][PASSED] - setText: Text 'johorro1@gmail.com' is set on object 'Object Repository/Final Object Repo/Page_Update Add New Employee - ASSIST/Email TextBox'

2018-12-07 10:06:07 - [MESSAGE][PASSED] - Text 'johorro1@gmail.com' is set on object 'Object Repository/Final Object Repo/Page_Update Add New Employee - ASSIST/Email TextBox'

2018-12-07 10:06:07 - [TEST_STEP][PASSED] - click: Object: 'Object Repository/Final Object Repo/Page_Update Add New Employee - ASSIST/Next Button' is clicked on

2018-12-07 10:06:07 - [MESSAGE][PASSED] - Object: 'Object Repository/Final Object Repo/Page_Update Add New Employee - ASSIST/Next Button' is clicked on

2018-12-07 10:06:07 - [TEST_STEP][PASSED] - delay: Delayed 2 second(s)

2018-12-07 10:06:09 - [MESSAGE][PASSED] - Delayed 2 second(s)

2018-12-07 10:06:09 - [TEST_STEP][PASSED] - setText: Text 'Test1@3456789' is set on object 'Object Repository/Final Object Repo/Page_Update Add New Employee - ASSIST/Password TextBox'

2018-12-07 10:06:09 - [MESSAGE][PASSED] - Text 'Test1@3456789' is set on object 'Object Repository/Final Object Repo/Page_Update Add New Employee - ASSIST/Password TextBox'

2018-12-07 10:06:09 - [TEST_STEP][PASSED] - delay: Delayed 2 second(s)

2018-12-07 10:06:11 - [MESSAGE][PASSED] - Delayed 2 second(s)

2018-12-07 10:06:11 - [TEST_STEP][PASSED] - click: Object: 'Object Repository/Final Object Repo/Page_Update Add New Employee - ASSIST/Login Button' is clicked on

2018-12-07 10:06:12 - [MESSAGE][PASSED] - Object: 'Object Repository/Final Object Repo/Page_Update Add New Employee - ASSIST/Login Button' is clicked on

2018-12-07 10:06:12 - [TEST_STEP][PASSED] - delay: Delayed 4 second(s)

2018-12-07 10:06:16 - [MESSAGE][PASSED] - Delayed 4 second(s)

2018-12-07 10:06:16 - [TEST_STEP][PASSED] - Statement - Try: Delayed 2 second(s)

2018-12-07 10:06:16 - [TEST_STEP][PASSED] - Statement - Checker = false: null

2018-12-07 10:06:16 - [TEST_STEP][PASSED] - Statement - Checker = com.kms.katalon.core.webui.keyword.WebUiBuiltInKeywords.verifyElementHasAttribute(com.kms.katalon.core.testobject.ObjectRepository.findTestObject(Final Object Repo/Landing Page/BM Detecting), "href", 20, OPTIONAL): Object 'Object Repository/Final Object Repo/Landing Page/BM Detecting' has attribute 'href'

2018-12-07 10:06:16 - [MESSAGE][PASSED] - Object 'Object Repository/Final Object Repo/Landing Page/BM Detecting' has attribute 'href'

2018-12-07 10:06:16 - [TEST_STEP][PASSED] - Statement - out.println(Checker): null

2018-12-07 10:06:16 - [TEST_STEP][PASSED] - Statement - If (Checker == false): null

2018-12-07 10:06:16 - [TEST_STEP][PASSED] - Statement - Else: null

2018-12-07 10:06:16 - [TEST_STEP][PASSED] - delay: Delayed 2 second(s)

2018-12-07 10:06:18 - [MESSAGE][PASSED] - Delayed 2 second(s)

2018-12-07 10:06:18 - [TEST_STEP][PASSED] - delay: Delayed 4 second(s)

2018-12-07 10:06:22 - [MESSAGE][PASSED] - Delayed 4 second(s)

2018-12-07 10:06:22 - [TEST_STEP][PASSED] - click: Object: 'Object Repository/Final Object Repo/New Registration - Registration Module Pages/New Reg - OTC to RO/Special Case - All Related Objects/Expand to Search' is clicked on

2018-12-07 10:06:22 - [MESSAGE][PASSED] - Object: 'Object Repository/Final Object Repo/New Registration - Registration Module Pages/New Reg - OTC to RO/Special Case - All Related Objects/Expand to Search' is clicked on

2018-12-07 10:06:22 - [TEST_STEP][PASSED] - delay: Delayed 2 second(s)

2018-12-07 10:06:24 - [MESSAGE][PASSED] - Delayed 2 second(s)

2018-12-07 10:06:24 - [TEST_STEP][PASSED] - setText: Text 'CAN12201800002279' is set on object 'Object Repository/Final Object Repo/New Registration - Registration Module Pages/New Reg - OTC to RO/Special Case - All Related Objects/TextBox RefNo in Workbasket'

2018-12-07 10:06:24 - [MESSAGE][PASSED] - Text 'CAN12201800002279' is set on object 'Object Repository/Final Object Repo/New Registration - Registration Module Pages/New Reg - OTC to RO/Special Case - All Related Objects/TextBox RefNo in Workbasket'

2018-12-07 10:06:24 - [TEST_STEP][PASSED] - delay: Delayed 2 second(s)

2018-12-07 10:06:26 - [MESSAGE][PASSED] - Delayed 2 second(s)

2018-12-07 10:06:26 - [TEST_STEP][PASSED] - click: Object: 'Object Repository/Final Object Repo/New Registration - Registration Module Pages/New Reg - OTC to RO/Special Case - All Related Objects/Click Search' is clicked on

2018-12-07 10:06:26 - [MESSAGE][PASSED] - Object: 'Object Repository/Final Object Repo/New Registration - Registration Module Pages/New Reg - OTC to RO/Special Case - All Related Objects/Click Search' is clicked on

2018-12-07 10:06:26 - [TEST_STEP][PASSED] - delay: Delayed 2 second(s)

2018-12-07 10:06:28 - [MESSAGE][PASSED] - Delayed 2 second(s)

2018-12-07 10:06:28 - [TEST_STEP][PASSED] - click: Object: 'Object Repository/Final Object Repo/New Registration - Registration Module Pages/New Reg - OTC to RO/Special Case - All Related Objects/Click to Continue Workflow' is clicked on

2018-12-07 10:06:32 - [MESSAGE][PASSED] - Object: 'Object Repository/Final Object Repo/New Registration - Registration Module Pages/New Reg - OTC to RO/Special Case - All Related Objects/Click to Continue Workflow' is clicked on

2018-12-07 10:06:32 - [TEST_STEP][PASSED] - delay: Delayed 10 second(s)

2018-12-07 10:06:42 - [MESSAGE][PASSED] - Delayed 10 second(s)

2018-12-07 10:06:42 - [TEST_STEP][PASSED] - click: Object: 'Object Repository/Final Object Repo/New Registration - Registration Module Pages/New Reg - OTC to RO/Special Case - All Related Objects/Continue Button in verifying case' is clicked on

2018-12-07 10:06:46 - [MESSAGE][PASSED] - Object: 'Object Repository/Final Object Repo/New Registration - Registration Module Pages/New Reg - OTC to RO/Special Case - All Related Objects/Continue Button in verifying case' is clicked on

2018-12-07 10:06:46 - [TEST_STEP][PASSED] - delay: Delayed 2 second(s)

2018-12-07 10:06:48 - [MESSAGE][PASSED] - Delayed 2 second(s)

2018-12-07 10:06:48 - [TEST_STEP][PASSED] - click: Object: 'Object Repository/Final Object Repo/Page_Update Add New Employee - ASSIST/Save  Continue Button' is clicked on

2018-12-07 10:06:48 - [MESSAGE][PASSED] - Object: 'Object Repository/Final Object Repo/Page_Update Add New Employee - ASSIST/Save  Continue Button' is clicked on

2018-12-07 10:06:48 - [TEST_STEP][PASSED] - delay: Delayed 4 second(s)

2018-12-07 10:06:52 - [MESSAGE][PASSED] - Delayed 4 second(s)

2018-12-07 10:06:52 - [TEST_STEP][PASSED] - click: Object: 'Object Repository/Final Object Repo/Page_Update Add New Employee - ASSIST/Save  Continue Third Screen' is clicked on

2018-12-07 10:06:56 - [MESSAGE][PASSED] - Object: 'Object Repository/Final Object Repo/Page_Update Add New Employee - ASSIST/Save  Continue Third Screen' is clicked on

2018-12-07 10:06:56 - [TEST_STEP][PASSED] - delay: Delayed 4 second(s)

2018-12-07 10:07:00 - [MESSAGE][PASSED] - Delayed 4 second(s)

2018-12-07 10:07:00 - [TEST_STEP][PASSED] - click: Object: 'Object Repository/Final Object Repo/Page_Update Add New Employee - ASSIST/Save   Continue Supporting Doc Page' is clicked on

2018-12-07 10:07:00 - [MESSAGE][PASSED] - Object: 'Object Repository/Final Object Repo/Page_Update Add New Employee - ASSIST/Save   Continue Supporting Doc Page' is clicked on

2018-12-07 10:07:00 - [TEST_STEP][PASSED] - delay: Delayed 4 second(s)

2018-12-07 10:07:04 - [MESSAGE][PASSED] - Delayed 4 second(s)

2018-12-07 10:07:04 - [TEST_STEP][PASSED] - click: Object: 'Object Repository/Final Object Repo/Page_Update Add New Employee - ASSIST/Submit Button' is clicked on

2018-12-07 10:07:04 - [MESSAGE][PASSED] - Object: 'Object Repository/Final Object Repo/Page_Update Add New Employee - ASSIST/Submit Button' is clicked on

2018-12-07 10:07:04 - [TEST_STEP][PASSED] - delay: Delayed 4 second(s)

2018-12-07 10:07:08 - [MESSAGE][PASSED] - Delayed 4 second(s)

2018-12-07 10:07:08 - [TEST_STEP][PASSED] - click: Object: 'Object Repository/Final Object Repo/Page_Update Add New Employee - ASSIST/Confirm Submit Button' is clicked on

2018-12-07 10:07:08 - [MESSAGE][PASSED] - Object: 'Object Repository/Final Object Repo/Page_Update Add New Employee - ASSIST/Confirm Submit Button' is clicked on

2018-12-07 10:07:08 - [TEST_STEP][PASSED] - delay: Delayed 30 second(s)

2018-12-07 10:07:38 - [MESSAGE][PASSED] - Delayed 30 second(s)

2018-12-07 10:07:38 - [TEST_STEP][PASSED] - callTestCase: Call Test Case 'Test Cases/Final Aug 2018 - PKS Automation/Common/Screenshoting tool' successfully

2018-12-07 10:07:38 - [TEST_CASE][PASSED] - Test Cases/Final Aug 2018 - PKS Automation/Common/Screenshoting tool: Test Cases/Final Aug 2018 - PKS Automation/Common/Screenshoting tool

2018-12-07 10:07:38 - [TEST_STEP][PASSED] - delay: Delayed 15 second(s)

2018-12-07 10:07:53 - [MESSAGE][PASSED] - Delayed 15 second(s)

2018-12-07 10:07:53 - [TEST_STEP][PASSED] - Statement - driver = com.kms.katalon.core.webui.driver.DriverFactory.getWebDriver(): null

2018-12-07 10:07:53 - [TEST_STEP][PASSED] - Statement - driver.manage().timeouts().implicitlyWait(10, SECONDS): null

2018-12-07 10:07:53 - [TEST_STEP][PASSED] - Statement - PresavePath = KatalonScreenshots: null

2018-12-07 10:07:53 - [TEST_STEP][PASSED] - Statement - pathPrefix = "C:\Users\Public\Pictures\Sample Pictures\Katalon Screenshots\Automate Ending Screen": null

2018-12-07 10:07:53 - [TEST_STEP][PASSED] - Statement - finalPath = <not implemented yet for class: org.codehaus.groovy.ast.expr.EmptyExpression>: null

2018-12-07 10:07:53 - [TEST_STEP][PASSED] - Statement - scrFile = driver.getScreenshotAs(FILE): null

2018-12-07 10:07:54 - [TEST_STEP][PASSED] - Statement - PreSaveFile = new java.io.File(PresavePath): null

2018-12-07 10:07:54 - [TEST_STEP][PASSED] - Statement - counter = 0: null

2018-12-07 10:07:54 - [TEST_STEP][PASSED] - Statement - If (PreSaveFile.exists()): null

2018-12-07 10:07:54 - [TEST_STEP][PASSED] - Statement - While (PreSaveFile.exists()): null

2018-12-07 10:07:54 - [TEST_STEP][PASSED] - Statement - counter = counter + 1: null

2018-12-07 10:07:54 - [TEST_STEP][PASSED] - Statement - PreSaveFile = new java.io.File(((pathPrefix + java.lang.Integer.toString(counter)) + .png)): null

2018-12-07 10:07:54 - [TEST_STEP][PASSED] - Statement - counter = counter + 1: null

2018-12-07 10:07:54 - [TEST_STEP][PASSED] - Statement - PreSaveFile = new java.io.File(((pathPrefix + java.lang.Integer.toString(counter)) + .png)): null

2018-12-07 10:07:54 - [TEST_STEP][PASSED] - Statement - counter = counter + 1: null

2018-12-07 10:07:54 - [TEST_STEP][PASSED] - Statement - PreSaveFile = new java.io.File(((pathPrefix + java.lang.Integer.toString(counter)) + .png)): null

2018-12-07 10:07:54 - [TEST_STEP][PASSED] - Statement - counter = counter + 1: null

2018-12-07 10:07:54 - [TEST_STEP][PASSED] - Statement - PreSaveFile = new java.io.File(((pathPrefix + java.lang.Integer.toString(counter)) + .png)): null

2018-12-07 10:07:54 - [TEST_STEP][PASSED] - Statement - counter = counter + 1: null

2018-12-07 10:07:54 - [TEST_STEP][PASSED] - Statement - PreSaveFile = new java.io.File(((pathPrefix + java.lang.Integer.toString(counter)) + .png)): null

2018-12-07 10:07:54 - [TEST_STEP][PASSED] - Statement - counter = counter + 1: null

2018-12-07 10:07:54 - [TEST_STEP][PASSED] - Statement - PreSaveFile = new java.io.File(((pathPrefix + java.lang.Integer.toString(counter)) + .png)): null

2018-12-07 10:07:54 - [TEST_STEP][PASSED] - Statement - counter = counter + 1: null

2018-12-07 10:07:54 - [TEST_STEP][PASSED] - Statement - PreSaveFile = new java.io.File(((pathPrefix + java.lang.Integer.toString(counter)) + .png)): null

2018-12-07 10:07:54 - [TEST_STEP][PASSED] - Statement - counter = counter + 1: null

2018-12-07 10:07:54 - [TEST_STEP][PASSED] - Statement - PreSaveFile = new java.io.File(((pathPrefix + java.lang.Integer.toString(counter)) + .png)): null

2018-12-07 10:07:54 - [TEST_STEP][PASSED] - Statement - counter = counter + 1: null

2018-12-07 10:07:54 - [TEST_STEP][PASSED] - Statement - PreSaveFile = new java.io.File(((pathPrefix + java.lang.Integer.toString(counter)) + .png)): null

2018-12-07 10:07:54 - [TEST_STEP][PASSED] - Statement - counter = counter + 1: null

2018-12-07 10:07:54 - [TEST_STEP][PASSED] - Statement - PreSaveFile = new java.io.File(((pathPrefix + java.lang.Integer.toString(counter)) + .png)): null

2018-12-07 10:07:54 - [TEST_STEP][PASSED] - Statement - counter = counter + 1: null

2018-12-07 10:07:54 - [TEST_STEP][PASSED] - Statement - PreSaveFile = new java.io.File(((pathPrefix + java.lang.Integer.toString(counter)) + .png)): null

2018-12-07 10:07:54 - [TEST_STEP][PASSED] - Statement - counter = counter + 1: null

2018-12-07 10:07:54 - [TEST_STEP][PASSED] - Statement - PreSaveFile = new java.io.File(((pathPrefix + java.lang.Integer.toString(counter)) + .png)): null

2018-12-07 10:07:54 - [TEST_STEP][PASSED] - Statement - counter = counter + 1: null

2018-12-07 10:07:54 - [TEST_STEP][PASSED] - Statement - PreSaveFile = new java.io.File(((pathPrefix + java.lang.Integer.toString(counter)) + .png)): null

2018-12-07 10:07:54 - [TEST_STEP][PASSED] - Statement - counter = counter + 1: null

2018-12-07 10:07:54 - [TEST_STEP][PASSED] - Statement - PreSaveFile = new java.io.File(((pathPrefix + java.lang.Integer.toString(counter)) + .png)): null

2018-12-07 10:07:54 - [TEST_STEP][PASSED] - Statement - counter = counter + 1: null

2018-12-07 10:07:54 - [TEST_STEP][PASSED] - Statement - PreSaveFile = new java.io.File(((pathPrefix + java.lang.Integer.toString(counter)) + .png)): null

2018-12-07 10:07:54 - [TEST_STEP][PASSED] - Statement - counter = counter + 1: null

2018-12-07 10:07:54 - [TEST_STEP][PASSED] - Statement - PreSaveFile = new java.io.File(((pathPrefix + java.lang.Integer.toString(counter)) + .png)): null

2018-12-07 10:07:54 - [TEST_STEP][PASSED] - Statement - counter = counter + 1: null

2018-12-07 10:07:54 - [TEST_STEP][PASSED] - Statement - PreSaveFile = new java.io.File(((pathPrefix + java.lang.Integer.toString(counter)) + .png)): null

2018-12-07 10:07:54 - [TEST_STEP][PASSED] - Statement - counter = counter + 1: null

2018-12-07 10:07:54 - [TEST_STEP][PASSED] - Statement - PreSaveFile = new java.io.File(((pathPrefix + java.lang.Integer.toString(counter)) + .png)): null

2018-12-07 10:07:54 - [TEST_STEP][PASSED] - Statement - counter = counter + 1: null

2018-12-07 10:07:54 - [TEST_STEP][PASSED] - Statement - PreSaveFile = new java.io.File(((pathPrefix + java.lang.Integer.toString(counter)) + .png)): null

2018-12-07 10:07:54 - [TEST_STEP][PASSED] - Statement - counter = counter + 1: null

2018-12-07 10:07:54 - [TEST_STEP][PASSED] - Statement - PreSaveFile = new java.io.File(((pathPrefix + java.lang.Integer.toString(counter)) + .png)): null

2018-12-07 10:07:54 - [TEST_STEP][PASSED] - Statement - counter = counter + 1: null

2018-12-07 10:07:54 - [TEST_STEP][PASSED] - Statement - PreSaveFile = new java.io.File(((pathPrefix + java.lang.Integer.toString(counter)) + .png)): null

2018-12-07 10:07:54 - [TEST_STEP][PASSED] - Statement - counter = counter + 1: null

2018-12-07 10:07:54 - [TEST_STEP][PASSED] - Statement - PreSaveFile = new java.io.File(((pathPrefix + java.lang.Integer.toString(counter)) + .png)): null

2018-12-07 10:07:54 - [TEST_STEP][PASSED] - Statement - counter = counter + 1: null

2018-12-07 10:07:54 - [TEST_STEP][PASSED] - Statement - PreSaveFile = new java.io.File(((pathPrefix + java.lang.Integer.toString(counter)) + .png)): null

2018-12-07 10:07:54 - [TEST_STEP][PASSED] - Statement - counter = counter + 1: null

2018-12-07 10:07:55 - [TEST_STEP][PASSED] - Statement - PreSaveFile = new java.io.File(((pathPrefix + java.lang.Integer.toString(counter)) + .png)): null

2018-12-07 10:07:55 - [TEST_STEP][PASSED] - Statement - counter = counter + 1: null

2018-12-07 10:07:55 - [TEST_STEP][PASSED] - Statement - PreSaveFile = new java.io.File(((pathPrefix + java.lang.Integer.toString(counter)) + .png)): null

2018-12-07 10:07:55 - [TEST_STEP][PASSED] - Statement - counter = counter + 1: null

2018-12-07 10:07:55 - [TEST_STEP][PASSED] - Statement - PreSaveFile = new java.io.File(((pathPrefix + java.lang.Integer.toString(counter)) + .png)): null

2018-12-07 10:07:55 - [TEST_STEP][PASSED] - Statement - counter = counter + 1: null

2018-12-07 10:07:55 - [TEST_STEP][PASSED] - Statement - PreSaveFile = new java.io.File(((pathPrefix + java.lang.Integer.toString(counter)) + .png)): null

2018-12-07 10:07:55 - [TEST_STEP][PASSED] - Statement - counter = counter + 1: null

2018-12-07 10:07:55 - [TEST_STEP][PASSED] - Statement - PreSaveFile = new java.io.File(((pathPrefix + java.lang.Integer.toString(counter)) + .png)): null

2018-12-07 10:07:55 - [TEST_STEP][PASSED] - Statement - counter = counter + 1: null

2018-12-07 10:07:55 - [TEST_STEP][PASSED] - Statement - PreSaveFile = new java.io.File(((pathPrefix + java.lang.Integer.toString(counter)) + .png)): null

2018-12-07 10:07:55 - [TEST_STEP][PASSED] - Statement - counter = counter + 1: null

2018-12-07 10:07:55 - [TEST_STEP][PASSED] - Statement - PreSaveFile = new java.io.File(((pathPrefix + java.lang.Integer.toString(counter)) + .png)): null

2018-12-07 10:07:55 - [TEST_STEP][PASSED] - Statement - counter = counter + 1: null

2018-12-07 10:07:55 - [TEST_STEP][PASSED] - Statement - PreSaveFile = new java.io.File(((pathPrefix + java.lang.Integer.toString(counter)) + .png)): null

2018-12-07 10:07:55 - [TEST_STEP][PASSED] - Statement - counter = counter + 1: null

2018-12-07 10:07:55 - [TEST_STEP][PASSED] - Statement - PreSaveFile = new java.io.File(((pathPrefix + java.lang.Integer.toString(counter)) + .png)): null

2018-12-07 10:07:55 - [TEST_STEP][PASSED] - Statement - counter = counter + 1: null

2018-12-07 10:07:55 - [TEST_STEP][PASSED] - Statement - PreSaveFile = new java.io.File(((pathPrefix + java.lang.Integer.toString(counter)) + .png)): null

2018-12-07 10:07:55 - [TEST_STEP][PASSED] - Statement - counter = counter + 1: null

2018-12-07 10:07:55 - [TEST_STEP][PASSED] - Statement - PreSaveFile = new java.io.File(((pathPrefix + java.lang.Integer.toString(counter)) + .png)): null

2018-12-07 10:07:55 - [TEST_STEP][PASSED] - Statement - counter = counter + 1: null

2018-12-07 10:07:55 - [TEST_STEP][PASSED] - Statement - PreSaveFile = new java.io.File(((pathPrefix + java.lang.Integer.toString(counter)) + .png)): null

2018-12-07 10:07:55 - [TEST_STEP][PASSED] - Statement - counter = counter + 1: null

2018-12-07 10:07:55 - [TEST_STEP][PASSED] - Statement - PreSaveFile = new java.io.File(((pathPrefix + java.lang.Integer.toString(counter)) + .png)): null

2018-12-07 10:07:55 - [TEST_STEP][PASSED] - Statement - counter = counter + 1: null

2018-12-07 10:07:55 - [TEST_STEP][PASSED] - Statement - PreSaveFile = new java.io.File(((pathPrefix + java.lang.Integer.toString(counter)) + .png)): null

2018-12-07 10:07:55 - [TEST_STEP][PASSED] - Statement - counter = counter + 1: null

2018-12-07 10:07:55 - [TEST_STEP][PASSED] - Statement - PreSaveFile = new java.io.File(((pathPrefix + java.lang.Integer.toString(counter)) + .png)): null

2018-12-07 10:07:55 - [TEST_STEP][PASSED] - Statement - counter = counter + 1: null

2018-12-07 10:07:55 - [TEST_STEP][PASSED] - Statement - PreSaveFile = new java.io.File(((pathPrefix + java.lang.Integer.toString(counter)) + .png)): null

2018-12-07 10:07:55 - [TEST_STEP][PASSED] - Statement - counter = counter + 1: null

2018-12-07 10:07:55 - [TEST_STEP][PASSED] - Statement - PreSaveFile = new java.io.File(((pathPrefix + java.lang.Integer.toString(counter)) + .png)): null

2018-12-07 10:07:55 - [TEST_STEP][PASSED] - Statement - counter = counter + 1: null

2018-12-07 10:07:55 - [TEST_STEP][PASSED] - Statement - PreSaveFile = new java.io.File(((pathPrefix + java.lang.Integer.toString(counter)) + .png)): null

2018-12-07 10:07:55 - [TEST_STEP][PASSED] - Statement - counter = counter + 1: null

2018-12-07 10:07:55 - [TEST_STEP][PASSED] - Statement - PreSaveFile = new java.io.File(((pathPrefix + java.lang.Integer.toString(counter)) + .png)): null

2018-12-07 10:07:55 - [TEST_STEP][PASSED] - Statement - counter = counter + 1: null

2018-12-07 10:07:55 - [TEST_STEP][PASSED] - Statement - PreSaveFile = new java.io.File(((pathPrefix + java.lang.Integer.toString(counter)) + .png)): null

2018-12-07 10:07:55 - [TEST_STEP][PASSED] - Statement - counter = counter + 1: null

2018-12-07 10:07:56 - [TEST_STEP][PASSED] - Statement - PreSaveFile = new java.io.File(((pathPrefix + java.lang.Integer.toString(counter)) + .png)): null

2018-12-07 10:07:56 - [TEST_STEP][PASSED] - Statement - counter = counter + 1: null

2018-12-07 10:07:56 - [TEST_STEP][PASSED] - Statement - PreSaveFile = new java.io.File(((pathPrefix + java.lang.Integer.toString(counter)) + .png)): null

2018-12-07 10:07:56 - [TEST_STEP][PASSED] - Statement - counter = counter + 1: null

2018-12-07 10:07:56 - [TEST_STEP][PASSED] - Statement - PreSaveFile = new java.io.File(((pathPrefix + java.lang.Integer.toString(counter)) + .png)): null

2018-12-07 10:07:56 - [TEST_STEP][PASSED] - Statement - counter = counter + 1: null

2018-12-07 10:07:56 - [TEST_STEP][PASSED] - Statement - PreSaveFile = new java.io.File(((pathPrefix + java.lang.Integer.toString(counter)) + .png)): null

2018-12-07 10:07:56 - [TEST_STEP][PASSED] - Statement - counter = counter + 1: null

2018-12-07 10:07:56 - [TEST_STEP][PASSED] - Statement - PreSaveFile = new java.io.File(((pathPrefix + java.lang.Integer.toString(counter)) + .png)): null

2018-12-07 10:07:56 - [TEST_STEP][PASSED] - Statement - counter = counter + 1: null

2018-12-07 10:07:56 - [TEST_STEP][PASSED] - Statement - PreSaveFile = new java.io.File(((pathPrefix + java.lang.Integer.toString(counter)) + .png)): null

2018-12-07 10:07:56 - [TEST_STEP][PASSED] - Statement - counter = counter + 1: null

2018-12-07 10:07:56 - [TEST_STEP][PASSED] - Statement - PreSaveFile = new java.io.File(((pathPrefix + java.lang.Integer.toString(counter)) + .png)): null

2018-12-07 10:07:56 - [TEST_STEP][PASSED] - Statement - counter = counter + 1: null

2018-12-07 10:07:56 - [TEST_STEP][PASSED] - Statement - PreSaveFile = new java.io.File(((pathPrefix + java.lang.Integer.toString(counter)) + .png)): null

2018-12-07 10:07:56 - [TEST_STEP][PASSED] - Statement - counter = counter + 1: null

2018-12-07 10:07:56 - [TEST_STEP][PASSED] - Statement - PreSaveFile = new java.io.File(((pathPrefix + java.lang.Integer.toString(counter)) + .png)): null

2018-12-07 10:07:56 - [TEST_STEP][PASSED] - Statement - counter = counter + 1: null

2018-12-07 10:07:56 - [TEST_STEP][PASSED] - Statement - PreSaveFile = new java.io.File(((pathPrefix + java.lang.Integer.toString(counter)) + .png)): null

2018-12-07 10:07:56 - [TEST_STEP][PASSED] - Statement - counter = counter + 1: null

2018-12-07 10:07:56 - [TEST_STEP][PASSED] - Statement - PreSaveFile = new java.io.File(((pathPrefix + java.lang.Integer.toString(counter)) + .png)): null

2018-12-07 10:07:56 - [TEST_STEP][PASSED] - Statement - counter = counter + 1: null

2018-12-07 10:07:56 - [TEST_STEP][PASSED] - Statement - PreSaveFile = new java.io.File(((pathPrefix + java.lang.Integer.toString(counter)) + .png)): null

2018-12-07 10:07:56 - [TEST_STEP][PASSED] - Statement - counter = counter + 1: null

2018-12-07 10:07:56 - [TEST_STEP][PASSED] - Statement - PreSaveFile = new java.io.File(((pathPrefix + java.lang.Integer.toString(counter)) + .png)): null

2018-12-07 10:07:56 - [TEST_STEP][PASSED] - Statement - counter = counter + 1: null

2018-12-07 10:07:56 - [TEST_STEP][PASSED] - Statement - PreSaveFile = new java.io.File(((pathPrefix + java.lang.Integer.toString(counter)) + .png)): null

2018-12-07 10:07:56 - [TEST_STEP][PASSED] - Statement - counter = counter + 1: null

2018-12-07 10:07:56 - [TEST_STEP][PASSED] - Statement - PreSaveFile = new java.io.File(((pathPrefix + java.lang.Integer.toString(counter)) + .png)): null

2018-12-07 10:07:56 - [TEST_STEP][PASSED] - Statement - counter = counter + 1: null

2018-12-07 10:07:56 - [TEST_STEP][PASSED] - Statement - PreSaveFile = new java.io.File(((pathPrefix + java.lang.Integer.toString(counter)) + .png)): null

2018-12-07 10:07:56 - [TEST_STEP][PASSED] - Statement - counter = counter + 1: null

2018-12-07 10:07:56 - [TEST_STEP][PASSED] - Statement - PreSaveFile = new java.io.File(((pathPrefix + java.lang.Integer.toString(counter)) + .png)): null

2018-12-07 10:07:56 - [TEST_STEP][PASSED] - Statement - counter = counter + 1: null

2018-12-07 10:07:56 - [TEST_STEP][PASSED] - Statement - PreSaveFile = new java.io.File(((pathPrefix + java.lang.Integer.toString(counter)) + .png)): null

2018-12-07 10:07:56 - [TEST_STEP][PASSED] - Statement - counter = counter + 1: null

2018-12-07 10:07:56 - [TEST_STEP][PASSED] - Statement - PreSaveFile = new java.io.File(((pathPrefix + java.lang.Integer.toString(counter)) + .png)): null

2018-12-07 10:07:56 - [TEST_STEP][PASSED] - Statement - counter = counter + 1: null

2018-12-07 10:07:57 - [TEST_STEP][PASSED] - Statement - PreSaveFile = new java.io.File(((pathPrefix + java.lang.Integer.toString(counter)) + .png)): null

2018-12-07 10:07:57 - [TEST_STEP][PASSED] - Statement - counter = counter + 1: null

2018-12-07 10:07:57 - [TEST_STEP][PASSED] - Statement - PreSaveFile = new java.io.File(((pathPrefix + java.lang.Integer.toString(counter)) + .png)): null

2018-12-07 10:07:57 - [TEST_STEP][PASSED] - Statement - counter = counter + 1: null

2018-12-07 10:07:57 - [TEST_STEP][PASSED] - Statement - PreSaveFile = new java.io.File(((pathPrefix + java.lang.Integer.toString(counter)) + .png)): null

2018-12-07 10:07:57 - [TEST_STEP][PASSED] - Statement - counter = counter + 1: null

2018-12-07 10:07:57 - [TEST_STEP][PASSED] - Statement - PreSaveFile = new java.io.File(((pathPrefix + java.lang.Integer.toString(counter)) + .png)): null

2018-12-07 10:07:57 - [TEST_STEP][PASSED] - Statement - counter = counter + 1: null

2018-12-07 10:07:57 - [TEST_STEP][PASSED] - Statement - PreSaveFile = new java.io.File(((pathPrefix + java.lang.Integer.toString(counter)) + .png)): null

2018-12-07 10:07:57 - [TEST_STEP][PASSED] - Statement - counter = counter + 1: null

2018-12-07 10:07:57 - [TEST_STEP][PASSED] - Statement - PreSaveFile = new java.io.File(((pathPrefix + java.lang.Integer.toString(counter)) + .png)): null

2018-12-07 10:07:57 - [TEST_STEP][PASSED] - Statement - counter = counter + 1: null

2018-12-07 10:07:57 - [TEST_STEP][PASSED] - Statement - PreSaveFile = new java.io.File(((pathPrefix + java.lang.Integer.toString(counter)) + .png)): null

2018-12-07 10:07:57 - [TEST_STEP][PASSED] - Statement - counter = counter + 1: null

2018-12-07 10:07:57 - [TEST_STEP][PASSED] - Statement - PreSaveFile = new java.io.File(((pathPrefix + java.lang.Integer.toString(counter)) + .png)): null

2018-12-07 10:07:57 - [TEST_STEP][PASSED] - Statement - counter = counter + 1: null

2018-12-07 10:07:57 - [TEST_STEP][PASSED] - Statement - PreSaveFile = new java.io.File(((pathPrefix + java.lang.Integer.toString(counter)) + .png)): null

2018-12-07 10:07:57 - [TEST_STEP][PASSED] - Statement - counter = counter + 1: null

2018-12-07 10:07:57 - [TEST_STEP][PASSED] - Statement - PreSaveFile = new java.io.File(((pathPrefix + java.lang.Integer.toString(counter)) + .png)): null

2018-12-07 10:07:57 - [TEST_STEP][PASSED] - Statement - counter = counter + 1: null

2018-12-07 10:07:57 - [TEST_STEP][PASSED] - Statement - PreSaveFile = new java.io.File(((pathPrefix + java.lang.Integer.toString(counter)) + .png)): null

2018-12-07 10:07:57 - [TEST_STEP][PASSED] - Statement - counter = counter + 1: null

2018-12-07 10:07:57 - [TEST_STEP][PASSED] - Statement - PreSaveFile = new java.io.File(((pathPrefix + java.lang.Integer.toString(counter)) + .png)): null

2018-12-07 10:07:57 - [TEST_STEP][PASSED] - Statement - counter = counter + 1: null

2018-12-07 10:07:57 - [TEST_STEP][PASSED] - Statement - PreSaveFile = new java.io.File(((pathPrefix + java.lang.Integer.toString(counter)) + .png)): null

2018-12-07 10:07:57 - [TEST_STEP][PASSED] - Statement - counter = counter + 1: null

2018-12-07 10:07:57 - [TEST_STEP][PASSED] - Statement - PreSaveFile = new java.io.File(((pathPrefix + java.lang.Integer.toString(counter)) + .png)): null

2018-12-07 10:07:57 - [TEST_STEP][PASSED] - Statement - counter = counter + 1: null

2018-12-07 10:07:57 - [TEST_STEP][PASSED] - Statement - PreSaveFile = new java.io.File(((pathPrefix + java.lang.Integer.toString(counter)) + .png)): null

2018-12-07 10:07:58 - [TEST_STEP][PASSED] - Statement - counter = counter + 1: null

2018-12-07 10:07:58 - [TEST_STEP][PASSED] - Statement - PreSaveFile = new java.io.File(((pathPrefix + java.lang.Integer.toString(counter)) + .png)): null

2018-12-07 10:07:58 - [TEST_STEP][PASSED] - Statement - counter = counter + 1: null

2018-12-07 10:07:58 - [TEST_STEP][PASSED] - Statement - PreSaveFile = new java.io.File(((pathPrefix + java.lang.Integer.toString(counter)) + .png)): null

2018-12-07 10:07:58 - [TEST_STEP][PASSED] - Statement - counter = counter + 1: null

2018-12-07 10:07:58 - [TEST_STEP][PASSED] - Statement - PreSaveFile = new java.io.File(((pathPrefix + java.lang.Integer.toString(counter)) + .png)): null

2018-12-07 10:07:58 - [TEST_STEP][PASSED] - Statement - counter = counter + 1: null

2018-12-07 10:07:58 - [TEST_STEP][PASSED] - Statement - PreSaveFile = new java.io.File(((pathPrefix + java.lang.Integer.toString(counter)) + .png)): null

2018-12-07 10:07:58 - [TEST_STEP][PASSED] - Statement - counter = counter + 1: null

2018-12-07 10:07:58 - [TEST_STEP][PASSED] - Statement - PreSaveFile = new java.io.File(((pathPrefix + java.lang.Integer.toString(counter)) + .png)): null

2018-12-07 10:07:58 - [TEST_STEP][PASSED] - Statement - counter = counter + 1: null

2018-12-07 10:07:58 - [TEST_STEP][PASSED] - Statement - PreSaveFile = new java.io.File(((pathPrefix + java.lang.Integer.toString(counter)) + .png)): null

2018-12-07 10:07:58 - [TEST_STEP][PASSED] - Statement - counter = counter + 1: null

2018-12-07 10:07:58 - [TEST_STEP][PASSED] - Statement - PreSaveFile = new java.io.File(((pathPrefix + java.lang.Integer.toString(counter)) + .png)): null

2018-12-07 10:07:58 - [TEST_STEP][PASSED] - Statement - counter = counter + 1: null

2018-12-07 10:07:58 - [TEST_STEP][PASSED] - Statement - PreSaveFile = new java.io.File(((pathPrefix + java.lang.Integer.toString(counter)) + .png)): null

2018-12-07 10:07:58 - [TEST_STEP][PASSED] - Statement - counter = counter + 1: null

2018-12-07 10:07:58 - [TEST_STEP][PASSED] - Statement - PreSaveFile = new java.io.File(((pathPrefix + java.lang.Integer.toString(counter)) + .png)): null

2018-12-07 10:07:58 - [TEST_STEP][PASSED] - Statement - counter = counter + 1: null

2018-12-07 10:07:58 - [TEST_STEP][PASSED] - Statement - PreSaveFile = new java.io.File(((pathPrefix + java.lang.Integer.toString(counter)) + .png)): null

2018-12-07 10:07:58 - [TEST_STEP][PASSED] - Statement - counter = counter + 1: null

2018-12-07 10:07:58 - [TEST_STEP][PASSED] - Statement - PreSaveFile = new java.io.File(((pathPrefix + java.lang.Integer.toString(counter)) + .png)): null

2018-12-07 10:07:58 - [TEST_STEP][PASSED] - Statement - counter = counter + 1: null

2018-12-07 10:07:58 - [TEST_STEP][PASSED] - Statement - PreSaveFile = new java.io.File(((pathPrefix + java.lang.Integer.toString(counter)) + .png)): null

2018-12-07 10:07:58 - [TEST_STEP][PASSED] - Statement - counter = counter + 1: null

2018-12-07 10:07:58 - [TEST_STEP][PASSED] - Statement - PreSaveFile = new java.io.File(((pathPrefix + java.lang.Integer.toString(counter)) + .png)): null

2018-12-07 10:07:58 - [TEST_STEP][PASSED] - Statement - counter = counter + 1: null

2018-12-07 10:07:58 - [TEST_STEP][PASSED] - Statement - PreSaveFile = new java.io.File(((pathPrefix + java.lang.Integer.toString(counter)) + .png)): null

2018-12-07 10:07:58 - [TEST_STEP][PASSED] - Statement - counter = counter + 1: null

2018-12-07 10:07:59 - [TEST_STEP][PASSED] - Statement - PreSaveFile = new java.io.File(((pathPrefix + java.lang.Integer.toString(counter)) + .png)): null

2018-12-07 10:07:59 - [TEST_STEP][PASSED] - Statement - counter = counter + 1: null

2018-12-07 10:07:59 - [TEST_STEP][PASSED] - Statement - PreSaveFile = new java.io.File(((pathPrefix + java.lang.Integer.toString(counter)) + .png)): null

2018-12-07 10:07:59 - [TEST_STEP][PASSED] - Statement - counter = counter + 1: null

2018-12-07 10:07:59 - [TEST_STEP][PASSED] - Statement - PreSaveFile = new java.io.File(((pathPrefix + java.lang.Integer.toString(counter)) + .png)): null

2018-12-07 10:07:59 - [TEST_STEP][PASSED] - Statement - counter = counter + 1: null

2018-12-07 10:07:59 - [TEST_STEP][PASSED] - Statement - PreSaveFile = new java.io.File(((pathPrefix + java.lang.Integer.toString(counter)) + .png)): null

2018-12-07 10:07:59 - [TEST_STEP][PASSED] - Statement - counter = counter + 1: null

2018-12-07 10:07:59 - [TEST_STEP][PASSED] - Statement - PreSaveFile = new java.io.File(((pathPrefix + java.lang.Integer.toString(counter)) + .png)): null

2018-12-07 10:07:59 - [TEST_STEP][PASSED] - Statement - counter = counter + 1: null

2018-12-07 10:07:59 - [TEST_STEP][PASSED] - Statement - PreSaveFile = new java.io.File(((pathPrefix + java.lang.Integer.toString(counter)) + .png)): null

2018-12-07 10:07:59 - [TEST_STEP][PASSED] - Statement - counter = counter + 1: null

2018-12-07 10:07:59 - [TEST_STEP][PASSED] - Statement - PreSaveFile = new java.io.File(((pathPrefix + java.lang.Integer.toString(counter)) + .png)): null

2018-12-07 10:07:59 - [TEST_STEP][PASSED] - Statement - counter = counter + 1: null

2018-12-07 10:07:59 - [TEST_STEP][PASSED] - Statement - PreSaveFile = new java.io.File(((pathPrefix + java.lang.Integer.toString(counter)) + .png)): null

2018-12-07 10:07:59 - [TEST_STEP][PASSED] - Statement - finalPath = pathPrefix + java.lang.Integer.toString(counter) + ".png": null

2018-12-07 10:07:59 - [TEST_STEP][PASSED] - Statement - SaveFile = new java.io.File(finalPath): null

2018-12-07 10:07:59 - [TEST_STEP][PASSED] - Statement - Try: null

2018-12-07 10:07:59 - [TEST_STEP][PASSED] - Statement - org.apache.commons.io.FileUtils.copyFile(scrFile, SaveFile): null

2018-12-07 10:07:59 - [TEST_STEP][PASSED] - Statement - out.println("file kept"): null

2018-12-07 10:07:59 - [TEST_STEP][PASSED] - delay: Delayed 10 second(s)

2018-12-07 10:08:09 - [MESSAGE][PASSED] - Delayed 10 second(s)

2018-12-07 10:08:09 - [MESSAGE][PASSED] - Call Test Case 'Test Cases/Final Aug 2018 - PKS Automation/Common/Screenshoting tool' successfully]]></system-out>
         <system-err><![CDATA[]]></system-err>
      </testcase>
      <testcase name="Test Cases/Final Aug 2018 - PKS Automation/Registration Module/Workflow/Update Add New Employee/Special Case (Employer - RO Query - OTC Upload Pending Case - RO Approve)" classname="Test Cases/Final Aug 2018 - PKS Automation/Registration Module/Workflow/Update Add New Employee/Special Case (Employer - RO Query - OTC Upload Pending Case - RO Approve)" status="PASSED">
         <system-out><![CDATA[2018-12-07 10:08:09 - [TEST_CASE][PASSED] - Test Cases/Final Aug 2018 - PKS Automation/Registration Module/Workflow/Update Add New Employee/Special Case (Employer - RO Query - OTC Upload Pending Case - RO Approve): Test Cases/Final Aug 2018 - PKS Automation/Registration Module/Workflow/Update Add New Employee/Special Case (Employer - RO Query - OTC Upload Pending Case - RO Approve)

2018-12-07 10:08:10 - [TEST_STEP][PASSED] - callTestCase: Call Test Case 'Test Cases/Final Aug 2018 - PKS Automation/Registration Module/Workflow/Update Add New Employee/Template/New Company for Update Add New - Employer' successfully

2018-12-07 10:08:10 - [TEST_CASE][PASSED] - Test Cases/Final Aug 2018 - PKS Automation/Registration Module/Workflow/Update Add New Employee/Template/New Company for Update Add New - Employer: Test Cases/Final Aug 2018 - PKS Automation/Registration Module/Workflow/Update Add New Employee/Template/New Company for Update Add New - Employer

2018-12-07 10:08:10 - [TEST_STEP][PASSED] - callTestCase: Call Test Case 'Test Cases/Final Aug 2018 - PKS Automation/Create Employer Acc/Create Employer Account' successfully

2018-12-07 10:08:10 - [TEST_CASE][PASSED] - Test Cases/Final Aug 2018 - PKS Automation/Create Employer Acc/Create Employer Account: Test Cases/Final Aug 2018 - PKS Automation/Create Employer Acc/Create Employer Account

2018-12-07 10:08:10 - [TEST_STEP][PASSED] - callTestCase: Call Test Case 'Test Cases/Final Aug 2018 - PKS Automation/Create Employer Acc/Template/Register Employer' successfully

2018-12-07 10:08:10 - [TEST_CASE][PASSED] - Test Cases/Final Aug 2018 - PKS Automation/Create Employer Acc/Template/Register Employer: Test Cases/Final Aug 2018 - PKS Automation/Create Employer Acc/Template/Register Employer

2018-12-07 10:08:10 - [TEST_STEP][PASSED] - openBrowser: Browser is opened with url: ''

2018-12-07 10:08:10 - [MESSAGE][WARNING] - A browser is already opened. Closing browser and opening a new one

2018-12-07 10:08:13 - [MESSAGE][PASSED] - Browser is opened with url: ''

2018-12-07 10:08:13 - [TEST_STEP][PASSED] - navigateToUrl: Navigate to 'https://assist2-uat.perkeso.gov.my/login' successfully

2018-12-07 10:08:14 - [MESSAGE][PASSED] - Navigate to 'https://assist2-uat.perkeso.gov.my/login' successfully

2018-12-07 10:08:14 - [TEST_STEP][PASSED] - setText: Text 'johorotc1@gmail.com' is set on object 'Object Repository/Final Object Repo/Login Page/Internal User/Email Address'

2018-12-07 10:08:14 - [MESSAGE][PASSED] - Text 'johorotc1@gmail.com' is set on object 'Object Repository/Final Object Repo/Login Page/Internal User/Email Address'

2018-12-07 10:08:14 - [TEST_STEP][PASSED] - click: Object: 'Object Repository/Final Object Repo/Login Page/Internal User/Next Button' is clicked on

2018-12-07 10:08:15 - [MESSAGE][PASSED] - Object: 'Object Repository/Final Object Repo/Login Page/Internal User/Next Button' is clicked on

2018-12-07 10:08:15 - [TEST_STEP][PASSED] - delay: Delayed 1 second(s)

2018-12-07 10:08:16 - [MESSAGE][PASSED] - Delayed 1 second(s)

2018-12-07 10:08:16 - [TEST_STEP][PASSED] - setEncryptedText: Text ****** has been set on object 'Object Repository/Final Object Repo/Login Page/Internal User/Password'

2018-12-07 10:08:16 - [MESSAGE][PASSED] - Text ****** has been set on object 'Object Repository/Final Object Repo/Login Page/Internal User/Password'

2018-12-07 10:08:16 - [TEST_STEP][PASSED] - click: Object: 'Object Repository/Final Object Repo/Login Page/Internal User/Login Button' is clicked on

2018-12-07 10:08:16 - [MESSAGE][PASSED] - Object: 'Object Repository/Final Object Repo/Login Page/Internal User/Login Button' is clicked on

2018-12-07 10:08:16 - [TEST_STEP][PASSED] - delay: Delayed 1 second(s)

2018-12-07 10:08:17 - [MESSAGE][PASSED] - Delayed 1 second(s)

2018-12-07 10:08:17 - [TEST_STEP][PASSED] - navigateToUrl: Navigate to 'https://assist2-uat.perkeso.gov.my/web/base/portal-id/registration' successfully

2018-12-07 10:08:19 - [MESSAGE][PASSED] - Navigate to 'https://assist2-uat.perkeso.gov.my/web/base/portal-id/registration' successfully

2018-12-07 10:08:19 - [TEST_STEP][PASSED] - setText: Text 'AUTOMATION EMPLOYER' is set on object 'Object Repository/Final Object Repo/Creating Employer Account/Page_Registration - ASSIST (Base)/Employer Name'

2018-12-07 10:08:20 - [MESSAGE][PASSED] - Text 'AUTOMATION EMPLOYER' is set on object 'Object Repository/Final Object Repo/Creating Employer Account/Page_Registration - ASSIST (Base)/Employer Name'

2018-12-07 10:08:20 - [TEST_STEP][PASSED] - delay: Delayed 2 second(s)

2018-12-07 10:08:22 - [MESSAGE][PASSED] - Delayed 2 second(s)

2018-12-07 10:08:22 - [TEST_STEP][PASSED] - click: Object: 'Object Repository/Final Object Repo/Creating Employer Account/Page_Registration - ASSIST (Base)/Registration Type' is clicked on

2018-12-07 10:08:22 - [MESSAGE][PASSED] - Object: 'Object Repository/Final Object Repo/Creating Employer Account/Page_Registration - ASSIST (Base)/Registration Type' is clicked on

2018-12-07 10:08:22 - [TEST_STEP][PASSED] - delay: Delayed 2 second(s)

2018-12-07 10:08:24 - [MESSAGE][PASSED] - Delayed 2 second(s)

2018-12-07 10:08:24 - [TEST_STEP][PASSED] - click: Object: 'Object Repository/Final Object Repo/Creating Employer Account/Page_Registration - ASSIST (Base)/Registration Type - Registration No' is clicked on

2018-12-07 10:08:24 - [MESSAGE][PASSED] - Object: 'Object Repository/Final Object Repo/Creating Employer Account/Page_Registration - ASSIST (Base)/Registration Type - Registration No' is clicked on

2018-12-07 10:08:24 - [TEST_STEP][PASSED] - delay: Delayed 2 second(s)

2018-12-07 10:08:26 - [MESSAGE][PASSED] - Delayed 2 second(s)

2018-12-07 10:08:26 - [TEST_STEP][PASSED] - setText: Text '1234567890' is set on object 'Object Repository/Final Object Repo/Creating Employer Account/Page_Registration - ASSIST (Base)/Registration Number'

2018-12-07 10:08:26 - [MESSAGE][PASSED] - Text '1234567890' is set on object 'Object Repository/Final Object Repo/Creating Employer Account/Page_Registration - ASSIST (Base)/Registration Number'

2018-12-07 10:08:26 - [TEST_STEP][PASSED] - delay: Delayed 2 second(s)

2018-12-07 10:08:28 - [MESSAGE][PASSED] - Delayed 2 second(s)

2018-12-07 10:08:28 - [TEST_STEP][PASSED] - setText: Text 'ADDRESS 1' is set on object 'Object Repository/Final Object Repo/Creating Employer Account/Page_Registration - ASSIST (Base)/Postal Address 1'

2018-12-07 10:08:29 - [MESSAGE][PASSED] - Text 'ADDRESS 1' is set on object 'Object Repository/Final Object Repo/Creating Employer Account/Page_Registration - ASSIST (Base)/Postal Address 1'

2018-12-07 10:08:29 - [TEST_STEP][PASSED] - setText: Text 'ADDRESS 2' is set on object 'Object Repository/Final Object Repo/Creating Employer Account/Page_Registration - ASSIST (Base)/Postal Address 2'

2018-12-07 10:08:29 - [MESSAGE][PASSED] - Text 'ADDRESS 2' is set on object 'Object Repository/Final Object Repo/Creating Employer Account/Page_Registration - ASSIST (Base)/Postal Address 2'

2018-12-07 10:08:29 - [TEST_STEP][PASSED] - click: Object: 'Object Repository/Final Object Repo/Creating Employer Account/Page_Registration - ASSIST (Base)/State' is clicked on

2018-12-07 10:08:29 - [MESSAGE][PASSED] - Object: 'Object Repository/Final Object Repo/Creating Employer Account/Page_Registration - ASSIST (Base)/State' is clicked on

2018-12-07 10:08:29 - [TEST_STEP][PASSED] - delay: Delayed 2 second(s)

2018-12-07 10:08:31 - [MESSAGE][PASSED] - Delayed 2 second(s)

2018-12-07 10:08:31 - [TEST_STEP][PASSED] - click: Object: 'Object Repository/Final Object Repo/Creating Employer Account/Page_Registration - ASSIST (Base)/State - Johor' is clicked on

2018-12-07 10:08:32 - [MESSAGE][PASSED] - Object: 'Object Repository/Final Object Repo/Creating Employer Account/Page_Registration - ASSIST (Base)/State - Johor' is clicked on

2018-12-07 10:08:32 - [TEST_STEP][PASSED] - delay: Delayed 2 second(s)

2018-12-07 10:08:34 - [MESSAGE][PASSED] - Delayed 2 second(s)

2018-12-07 10:08:34 - [TEST_STEP][PASSED] - click: Object: 'Object Repository/Final Object Repo/Creating Employer Account/Page_Registration - ASSIST (Base)/City' is clicked on

2018-12-07 10:08:34 - [MESSAGE][PASSED] - Object: 'Object Repository/Final Object Repo/Creating Employer Account/Page_Registration - ASSIST (Base)/City' is clicked on

2018-12-07 10:08:34 - [TEST_STEP][PASSED] - delay: Delayed 2 second(s)

2018-12-07 10:08:36 - [MESSAGE][PASSED] - Delayed 2 second(s)

2018-12-07 10:08:36 - [TEST_STEP][PASSED] - setText: Text 'joh' is set on object 'Object Repository/Final Object Repo/Creating Employer Account/Page_Registration - ASSIST (Base)/City - joh'

2018-12-07 10:08:36 - [MESSAGE][PASSED] - Text 'joh' is set on object 'Object Repository/Final Object Repo/Creating Employer Account/Page_Registration - ASSIST (Base)/City - joh'

2018-12-07 10:08:36 - [TEST_STEP][PASSED] - delay: Delayed 2 second(s)

2018-12-07 10:08:38 - [MESSAGE][PASSED] - Delayed 2 second(s)

2018-12-07 10:08:38 - [TEST_STEP][PASSED] - click: Object: 'Object Repository/Final Object Repo/Creating Employer Account/Page_Registration - ASSIST (Base)/City - Johor Bharu' is clicked on

2018-12-07 10:08:38 - [MESSAGE][PASSED] - Object: 'Object Repository/Final Object Repo/Creating Employer Account/Page_Registration - ASSIST (Base)/City - Johor Bharu' is clicked on

2018-12-07 10:08:38 - [TEST_STEP][PASSED] - delay: Delayed 2 second(s)

2018-12-07 10:08:40 - [MESSAGE][PASSED] - Delayed 2 second(s)

2018-12-07 10:08:40 - [TEST_STEP][PASSED] - click: Object: 'Object Repository/Final Object Repo/Creating Employer Account/Page_Registration - ASSIST (Base)/Post Code' is clicked on

2018-12-07 10:08:40 - [MESSAGE][PASSED] - Object: 'Object Repository/Final Object Repo/Creating Employer Account/Page_Registration - ASSIST (Base)/Post Code' is clicked on

2018-12-07 10:08:40 - [TEST_STEP][PASSED] - delay: Delayed 2 second(s)

2018-12-07 10:08:42 - [MESSAGE][PASSED] - Delayed 2 second(s)

2018-12-07 10:08:42 - [TEST_STEP][PASSED] - setText: Text '810' is set on object 'Object Repository/Final Object Repo/Creating Employer Account/Page_Registration - ASSIST (Base)/Post Code - 810'

2018-12-07 10:08:43 - [MESSAGE][PASSED] - Text '810' is set on object 'Object Repository/Final Object Repo/Creating Employer Account/Page_Registration - ASSIST (Base)/Post Code - 810'

2018-12-07 10:08:43 - [TEST_STEP][PASSED] - delay: Delayed 2 second(s)

2018-12-07 10:08:45 - [MESSAGE][PASSED] - Delayed 2 second(s)

2018-12-07 10:08:45 - [TEST_STEP][PASSED] - click: Object: 'Object Repository/Final Object Repo/Creating Employer Account/Page_Registration - ASSIST (Base)/Post Code - 81000' is clicked on

2018-12-07 10:08:45 - [MESSAGE][PASSED] - Object: 'Object Repository/Final Object Repo/Creating Employer Account/Page_Registration - ASSIST (Base)/Post Code - 81000' is clicked on

2018-12-07 10:08:45 - [TEST_STEP][PASSED] - delay: Delayed 2 second(s)

2018-12-07 10:08:47 - [MESSAGE][PASSED] - Delayed 2 second(s)

2018-12-07 10:08:47 - [TEST_STEP][PASSED] - setText: Text 'PERKESO' is set on object 'Object Repository/Final Object Repo/Creating Employer Account/Page_Registration - ASSIST (Base)/Full Name'

2018-12-07 10:08:47 - [MESSAGE][PASSED] - Text 'PERKESO' is set on object 'Object Repository/Final Object Repo/Creating Employer Account/Page_Registration - ASSIST (Base)/Full Name'

2018-12-07 10:08:47 - [TEST_STEP][PASSED] - Statement - rnd = new java.util.Random(): null

2018-12-07 10:08:47 - [TEST_STEP][PASSED] - Statement - snum = rnd.nextInt(899999 + 1) + 100000: null

2018-12-07 10:08:47 - [TEST_STEP][PASSED] - Statement - tnum = rnd.nextInt(899999 + 1) + 100000: null

2018-12-07 10:08:47 - [TEST_STEP][PASSED] - Statement - IC = java.lang.Integer.toString(snum) + java.lang.Integer.toString(tnum): null

2018-12-07 10:08:47 - [TEST_STEP][PASSED] - Statement - out.println(IC): null

2018-12-07 10:08:47 - [TEST_STEP][PASSED] - setText: Text '524035412645' is set on object 'Object Repository/Final Object Repo/Creating Employer Account/Page_Registration - ASSIST (Base)/Identification Number'

2018-12-07 10:08:48 - [MESSAGE][PASSED] - Text '524035412645' is set on object 'Object Repository/Final Object Repo/Creating Employer Account/Page_Registration - ASSIST (Base)/Identification Number'

2018-12-07 10:08:48 - [TEST_STEP][PASSED] - delay: Delayed 2 second(s)

2018-12-07 10:08:50 - [MESSAGE][PASSED] - Delayed 2 second(s)

2018-12-07 10:08:50 - [TEST_STEP][PASSED] - setText: Text '123456789012' is set on object 'Object Repository/Final Object Repo/Creating Employer Account/Page_Registration - ASSIST (Base)/Contact Number'

2018-12-07 10:08:50 - [MESSAGE][PASSED] - Text '123456789012' is set on object 'Object Repository/Final Object Repo/Creating Employer Account/Page_Registration - ASSIST (Base)/Contact Number'

2018-12-07 10:08:50 - [TEST_STEP][PASSED] - Statement - Email = "perkeso" + IC + "@gmail.com": null

2018-12-07 10:08:50 - [TEST_STEP][PASSED] - delay: Delayed 2 second(s)

2018-12-07 10:08:52 - [MESSAGE][PASSED] - Delayed 2 second(s)

2018-12-07 10:08:52 - [TEST_STEP][PASSED] - callTestCase: Call Test Case 'Test Cases/Final Aug 2018 - PKS Automation/Create Employer Acc/Template/Employer Email Settler' successfully

2018-12-07 10:08:52 - [TEST_CASE][PASSED] - Test Cases/Final Aug 2018 - PKS Automation/Create Employer Acc/Template/Employer Email Settler: Test Cases/Final Aug 2018 - PKS Automation/Create Employer Acc/Template/Employer Email Settler

2018-12-07 10:08:52 - [TEST_STEP][PASSED] - Statement - EmpEmailOld = new java.io.File(C://Users//Admin//Desktop//PKS//Automation Reference Point//EmpEmail.txt): null

2018-12-07 10:08:52 - [TEST_STEP][PASSED] - Statement - EmpEmailOld.delete(): null

2018-12-07 10:08:52 - [TEST_STEP][PASSED] - delay: Delayed 5 second(s)

2018-12-07 10:08:57 - [MESSAGE][PASSED] - Delayed 5 second(s)

2018-12-07 10:08:57 - [TEST_STEP][PASSED] - Statement - EmpEmail = new java.io.File(C://Users//Admin//Desktop//PKS//Automation Reference Point//EmpEmail.txt): null

2018-12-07 10:08:57 - [TEST_STEP][PASSED] - Statement - f2 = new java.io.FileWriter(EmpEmail, false): null

2018-12-07 10:08:57 - [TEST_STEP][PASSED] - Statement - f2.write(Email): null

2018-12-07 10:08:57 - [TEST_STEP][PASSED] - Statement - f2.close(): null

2018-12-07 10:08:57 - [TEST_STEP][PASSED] - Statement - out.println(Email): null

2018-12-07 10:08:57 - [MESSAGE][PASSED] - Call Test Case 'Test Cases/Final Aug 2018 - PKS Automation/Create Employer Acc/Template/Employer Email Settler' successfully

2018-12-07 10:08:57 - [TEST_STEP][PASSED] - delay: Delayed 2 second(s)

2018-12-07 10:08:59 - [MESSAGE][PASSED] - Delayed 2 second(s)

2018-12-07 10:08:59 - [TEST_STEP][PASSED] - setText: Text 'perkeso524035412645@gmail.com' is set on object 'Object Repository/Final Object Repo/Creating Employer Account/Page_Registration - ASSIST (Base)/Email'

2018-12-07 10:09:00 - [MESSAGE][PASSED] - Text 'perkeso524035412645@gmail.com' is set on object 'Object Repository/Final Object Repo/Creating Employer Account/Page_Registration - ASSIST (Base)/Email'

2018-12-07 10:09:00 - [TEST_STEP][PASSED] - setText: Text '123' is set on object 'Object Repository/Final Object Repo/Creating Employer Account/Page_Registration - ASSIST (Base)/Security Phase'

2018-12-07 10:09:00 - [MESSAGE][PASSED] - Text '123' is set on object 'Object Repository/Final Object Repo/Creating Employer Account/Page_Registration - ASSIST (Base)/Security Phase'

2018-12-07 10:09:00 - [TEST_STEP][PASSED] - click: Object: 'Object Repository/Final Object Repo/Creating Employer Account/Page_Registration - ASSIST (Base)/Save  Continue' is clicked on

2018-12-07 10:09:00 - [MESSAGE][PASSED] - Object: 'Object Repository/Final Object Repo/Creating Employer Account/Page_Registration - ASSIST (Base)/Save  Continue' is clicked on

2018-12-07 10:09:00 - [TEST_STEP][PASSED] - delay: Delayed 2 second(s)

2018-12-07 10:09:02 - [MESSAGE][PASSED] - Delayed 2 second(s)

2018-12-07 10:09:02 - [TEST_STEP][PASSED] - click: Object: 'Object Repository/Final Object Repo/Creating Employer Account/Page_Registration - ASSIST (Base)/Add Document' is clicked on

2018-12-07 10:09:02 - [MESSAGE][PASSED] - Object: 'Object Repository/Final Object Repo/Creating Employer Account/Page_Registration - ASSIST (Base)/Add Document' is clicked on

2018-12-07 10:09:02 - [TEST_STEP][PASSED] - delay: Delayed 2 second(s)

2018-12-07 10:09:04 - [MESSAGE][PASSED] - Delayed 2 second(s)

2018-12-07 10:09:04 - [TEST_STEP][PASSED] - click: Object: 'Object Repository/Final Object Repo/Creating Employer Account/Page_Registration - ASSIST (Base)/Document Type' is clicked on

2018-12-07 10:09:04 - [MESSAGE][PASSED] - Object: 'Object Repository/Final Object Repo/Creating Employer Account/Page_Registration - ASSIST (Base)/Document Type' is clicked on

2018-12-07 10:09:04 - [TEST_STEP][PASSED] - delay: Delayed 2 second(s)

2018-12-07 10:09:06 - [MESSAGE][PASSED] - Delayed 2 second(s)

2018-12-07 10:09:06 - [TEST_STEP][PASSED] - click: Object: 'Object Repository/Final Object Repo/Creating Employer Account/Page_Registration - ASSIST (Base)/Document Type - Letter of Authorization' is clicked on

2018-12-07 10:09:07 - [MESSAGE][PASSED] - Object: 'Object Repository/Final Object Repo/Creating Employer Account/Page_Registration - ASSIST (Base)/Document Type - Letter of Authorization' is clicked on

2018-12-07 10:09:07 - [TEST_STEP][PASSED] - delay: Delayed 2 second(s)

2018-12-07 10:09:09 - [MESSAGE][PASSED] - Delayed 2 second(s)

2018-12-07 10:09:09 - [TEST_STEP][PASSED] - sendKeys: Keys 'C:\Users\Public\Pictures\Sample Pictures\Koala.jpg' sent to object: 'Object Repository/Final Object Repo/Creating Employer Account/Page_Registration - ASSIST (Base)/Uploading File'

2018-12-07 10:09:09 - [MESSAGE][PASSED] - Keys 'C:\Users\Public\Pictures\Sample Pictures\Koala.jpg' sent to object: 'Object Repository/Final Object Repo/Creating Employer Account/Page_Registration - ASSIST (Base)/Uploading File'

2018-12-07 10:09:09 - [TEST_STEP][PASSED] - delay: Delayed 2 second(s)

2018-12-07 10:09:11 - [MESSAGE][PASSED] - Delayed 2 second(s)

2018-12-07 10:09:11 - [TEST_STEP][PASSED] - click: Object: 'Object Repository/Final Object Repo/Creating Employer Account/Page_Registration - ASSIST (Base)/Add Document in Uploading File' is clicked on

2018-12-07 10:09:11 - [MESSAGE][PASSED] - Object: 'Object Repository/Final Object Repo/Creating Employer Account/Page_Registration - ASSIST (Base)/Add Document in Uploading File' is clicked on

2018-12-07 10:09:11 - [TEST_STEP][PASSED] - delay: Delayed 2 second(s)

2018-12-07 10:09:13 - [MESSAGE][PASSED] - Delayed 2 second(s)

2018-12-07 10:09:13 - [TEST_STEP][PASSED] - click: Object: 'Object Repository/Final Object Repo/Creating Employer Account/Page_Registration - ASSIST (Base)/Save' is clicked on

2018-12-07 10:09:13 - [MESSAGE][PASSED] - Object: 'Object Repository/Final Object Repo/Creating Employer Account/Page_Registration - ASSIST (Base)/Save' is clicked on

2018-12-07 10:09:13 - [TEST_STEP][PASSED] - delay: Delayed 2 second(s)

2018-12-07 10:09:15 - [MESSAGE][PASSED] - Delayed 2 second(s)

2018-12-07 10:09:15 - [TEST_STEP][PASSED] - click: Object: 'Object Repository/Final Object Repo/Creating Employer Account/Page_Registration - ASSIST (Base)/Submit' is clicked on

2018-12-07 10:09:15 - [MESSAGE][PASSED] - Object: 'Object Repository/Final Object Repo/Creating Employer Account/Page_Registration - ASSIST (Base)/Submit' is clicked on

2018-12-07 10:09:15 - [TEST_STEP][PASSED] - delay: Delayed 2 second(s)

2018-12-07 10:09:17 - [MESSAGE][PASSED] - Delayed 2 second(s)

2018-12-07 10:09:17 - [TEST_STEP][PASSED] - click: Object: 'Object Repository/Final Object Repo/Creating Employer Account/Page_Registration - ASSIST (Base)/Confirm' is clicked on

2018-12-07 10:09:18 - [MESSAGE][PASSED] - Object: 'Object Repository/Final Object Repo/Creating Employer Account/Page_Registration - ASSIST (Base)/Confirm' is clicked on

2018-12-07 10:09:18 - [MESSAGE][PASSED] - Call Test Case 'Test Cases/Final Aug 2018 - PKS Automation/Create Employer Acc/Template/Register Employer' successfully

2018-12-07 10:09:18 - [TEST_STEP][PASSED] - delay: Delayed 1 second(s)

2018-12-07 10:09:19 - [MESSAGE][PASSED] - Delayed 1 second(s)

2018-12-07 10:09:19 - [TEST_STEP][PASSED] - navigateToUrl: Navigate to 'https://assist2-uat.perkeso.gov.my/c/portal/logout' successfully

2018-12-07 10:09:20 - [MESSAGE][PASSED] - Navigate to 'https://assist2-uat.perkeso.gov.my/c/portal/logout' successfully

2018-12-07 10:09:20 - [TEST_STEP][PASSED] - delay: Delayed 1 second(s)

2018-12-07 10:09:21 - [MESSAGE][PASSED] - Delayed 1 second(s)

2018-12-07 10:09:21 - [TEST_STEP][PASSED] - callTestCase: Call Test Case 'Test Cases/Final Aug 2018 - PKS Automation/Create Employer Acc/Template/Change Password of Employer' successfully

2018-12-07 10:09:21 - [TEST_CASE][PASSED] - Test Cases/Final Aug 2018 - PKS Automation/Create Employer Acc/Template/Change Password of Employer: Test Cases/Final Aug 2018 - PKS Automation/Create Employer Acc/Template/Change Password of Employer

2018-12-07 10:09:21 - [TEST_STEP][PASSED] - openBrowser: Browser is opened with url: ''

2018-12-07 10:09:21 - [MESSAGE][WARNING] - A browser is already opened. Closing browser and opening a new one

2018-12-07 10:09:24 - [MESSAGE][PASSED] - Browser is opened with url: ''

2018-12-07 10:09:24 - [TEST_STEP][PASSED] - navigateToUrl: Navigate to 'https://assist2-uat.perkeso.gov.my/login' successfully

2018-12-07 10:09:25 - [MESSAGE][PASSED] - Navigate to 'https://assist2-uat.perkeso.gov.my/login' successfully

2018-12-07 10:09:25 - [TEST_STEP][PASSED] - delay: Delayed 5 second(s)

2018-12-07 10:09:30 - [MESSAGE][PASSED] - Delayed 5 second(s)

2018-12-07 10:09:30 - [TEST_STEP][PASSED] - setText: Text 'test@liferay.com' is set on object 'Object Repository/Final Object Repo/Login Page/Internal User/Email Address'

2018-12-07 10:09:31 - [MESSAGE][PASSED] - Text 'test@liferay.com' is set on object 'Object Repository/Final Object Repo/Login Page/Internal User/Email Address'

2018-12-07 10:09:31 - [TEST_STEP][PASSED] - click: Object: 'Object Repository/Final Object Repo/Login Page/Internal User/Next Button' is clicked on

2018-12-07 10:09:31 - [MESSAGE][PASSED] - Object: 'Object Repository/Final Object Repo/Login Page/Internal User/Next Button' is clicked on

2018-12-07 10:09:31 - [TEST_STEP][PASSED] - delay: Delayed 2 second(s)

2018-12-07 10:09:33 - [MESSAGE][PASSED] - Delayed 2 second(s)

2018-12-07 10:09:33 - [TEST_STEP][PASSED] - setText: Text 'test' is set on object 'Object Repository/Final Object Repo/Login Page/Internal User/Password'

2018-12-07 10:09:33 - [MESSAGE][PASSED] - Text 'test' is set on object 'Object Repository/Final Object Repo/Login Page/Internal User/Password'

2018-12-07 10:09:33 - [TEST_STEP][PASSED] - delay: Delayed 2 second(s)

2018-12-07 10:09:35 - [MESSAGE][PASSED] - Delayed 2 second(s)

2018-12-07 10:09:35 - [TEST_STEP][PASSED] - click: Object: 'Object Repository/Final Object Repo/Login Page/Internal User/Login Button' is clicked on

2018-12-07 10:09:35 - [MESSAGE][PASSED] - Object: 'Object Repository/Final Object Repo/Login Page/Internal User/Login Button' is clicked on

2018-12-07 10:09:35 - [TEST_STEP][PASSED] - delay: Delayed 3 second(s)

2018-12-07 10:09:38 - [MESSAGE][PASSED] - Delayed 3 second(s)

2018-12-07 10:09:38 - [TEST_STEP][PASSED] - navigateToUrl: Navigate to 'https://assist2-uat.perkeso.gov.my/group/control_panel/manage?p_p_id=125&p_p_lifecycle=0&p_p_state=maximized&p_p_mode=view&refererPlid=20455&_125_usersListView=flat-users&_125_toolbarItem=view-all-users&_125_saveUsersListView=true&_125_struts_action=%2Fusers_admin%2Fview' successfully

2018-12-07 10:09:40 - [MESSAGE][PASSED] - Navigate to 'https://assist2-uat.perkeso.gov.my/group/control_panel/manage?p_p_id=125&p_p_lifecycle=0&p_p_state=maximized&p_p_mode=view&refererPlid=20455&_125_usersListView=flat-users&_125_toolbarItem=view-all-users&_125_saveUsersListView=true&_125_struts_action=%2Fusers_admin%2Fview' successfully

2018-12-07 10:09:40 - [TEST_STEP][PASSED] - delay: Delayed 3 second(s)

2018-12-07 10:09:43 - [MESSAGE][PASSED] - Delayed 3 second(s)

2018-12-07 10:09:43 - [TEST_STEP][PASSED] - setText: Text 'perkeso524035412645@gmail.com' is set on object 'Object Repository/Final Object Repo/Creating Employer Account/Page_Users and Organizations - ASSIST/Employer name'

2018-12-07 10:09:43 - [MESSAGE][PASSED] - Text 'perkeso524035412645@gmail.com' is set on object 'Object Repository/Final Object Repo/Creating Employer Account/Page_Users and Organizations - ASSIST/Employer name'

2018-12-07 10:09:43 - [TEST_STEP][PASSED] - delay: Delayed 3 second(s)

2018-12-07 10:09:46 - [MESSAGE][PASSED] - Delayed 3 second(s)

2018-12-07 10:09:46 - [TEST_STEP][PASSED] - click: Object: 'Object Repository/Final Object Repo/Creating Employer Account/Page_Users and Organizations - ASSIST/Search' is clicked on

2018-12-07 10:09:47 - [MESSAGE][PASSED] - Object: 'Object Repository/Final Object Repo/Creating Employer Account/Page_Users and Organizations - ASSIST/Search' is clicked on

2018-12-07 10:09:47 - [TEST_STEP][PASSED] - delay: Delayed 3 second(s)

2018-12-07 10:09:50 - [MESSAGE][PASSED] - Delayed 3 second(s)

2018-12-07 10:09:50 - [TEST_STEP][PASSED] - click: Object: 'Object Repository/Final Object Repo/Creating Employer Account/Page_Users and Organizations - ASSIST/Action' is clicked on

2018-12-07 10:09:50 - [MESSAGE][PASSED] - Object: 'Object Repository/Final Object Repo/Creating Employer Account/Page_Users and Organizations - ASSIST/Action' is clicked on

2018-12-07 10:09:50 - [TEST_STEP][PASSED] - delay: Delayed 3 second(s)

2018-12-07 10:09:53 - [MESSAGE][PASSED] - Delayed 3 second(s)

2018-12-07 10:09:53 - [TEST_STEP][PASSED] - click: Object: 'Object Repository/Final Object Repo/Creating Employer Account/Page_Users and Organizations - ASSIST/Edit' is clicked on

2018-12-07 10:09:54 - [MESSAGE][PASSED] - Object: 'Object Repository/Final Object Repo/Creating Employer Account/Page_Users and Organizations - ASSIST/Edit' is clicked on

2018-12-07 10:09:54 - [TEST_STEP][PASSED] - delay: Delayed 3 second(s)

2018-12-07 10:09:57 - [MESSAGE][PASSED] - Delayed 3 second(s)

2018-12-07 10:09:57 - [TEST_STEP][PASSED] - click: Object: 'Object Repository/Final Object Repo/Creating Employer Account/Page_PERKESO - Users and Organizati/a_Password (Modified)' is clicked on

2018-12-07 10:09:57 - [MESSAGE][PASSED] - Object: 'Object Repository/Final Object Repo/Creating Employer Account/Page_PERKESO - Users and Organizati/a_Password (Modified)' is clicked on

2018-12-07 10:09:57 - [TEST_STEP][PASSED] - delay: Delayed 3 second(s)

2018-12-07 10:10:00 - [MESSAGE][PASSED] - Delayed 3 second(s)

2018-12-07 10:10:00 - [TEST_STEP][PASSED] - setEncryptedText: Text ****** has been set on object 'Object Repository/Final Object Repo/Creating Employer Account/Page_PERKESO - Users and Organizati/input__125_password1'

2018-12-07 10:10:01 - [MESSAGE][PASSED] - Text ****** has been set on object 'Object Repository/Final Object Repo/Creating Employer Account/Page_PERKESO - Users and Organizati/input__125_password1'

2018-12-07 10:10:01 - [TEST_STEP][PASSED] - delay: Delayed 3 second(s)

2018-12-07 10:10:04 - [MESSAGE][PASSED] - Delayed 3 second(s)

2018-12-07 10:10:04 - [TEST_STEP][PASSED] - setEncryptedText: Text ****** has been set on object 'Object Repository/Final Object Repo/Creating Employer Account/Page_PERKESO - Users and Organizati/input__125_password2'

2018-12-07 10:10:04 - [MESSAGE][PASSED] - Text ****** has been set on object 'Object Repository/Final Object Repo/Creating Employer Account/Page_PERKESO - Users and Organizati/input__125_password2'

2018-12-07 10:10:04 - [TEST_STEP][PASSED] - delay: Delayed 3 second(s)

2018-12-07 10:10:07 - [MESSAGE][PASSED] - Delayed 3 second(s)

2018-12-07 10:10:07 - [TEST_STEP][PASSED] - click: Object: 'Object Repository/Final Object Repo/Creating Employer Account/Page_PERKESO - Users and Organizati/Save' is clicked on

2018-12-07 10:10:09 - [MESSAGE][PASSED] - Object: 'Object Repository/Final Object Repo/Creating Employer Account/Page_PERKESO - Users and Organizati/Save' is clicked on

2018-12-07 10:10:09 - [MESSAGE][PASSED] - Call Test Case 'Test Cases/Final Aug 2018 - PKS Automation/Create Employer Acc/Template/Change Password of Employer' successfully

2018-12-07 10:10:09 - [TEST_STEP][PASSED] - delay: Delayed 1 second(s)

2018-12-07 10:10:10 - [MESSAGE][PASSED] - Delayed 1 second(s)

2018-12-07 10:10:10 - [TEST_STEP][PASSED] - navigateToUrl: Navigate to 'https://assist2-uat.perkeso.gov.my/c/portal/logout' successfully

2018-12-07 10:10:10 - [MESSAGE][PASSED] - Navigate to 'https://assist2-uat.perkeso.gov.my/c/portal/logout' successfully

2018-12-07 10:10:10 - [TEST_STEP][PASSED] - delay: Delayed 1 second(s)

2018-12-07 10:10:11 - [MESSAGE][PASSED] - Delayed 1 second(s)

2018-12-07 10:10:11 - [TEST_STEP][PASSED] - callTestCase: Call Test Case 'Test Cases/Final Aug 2018 - PKS Automation/Create Employer Acc/Template/Login to Employer Account (First Time)' successfully

2018-12-07 10:10:11 - [TEST_CASE][PASSED] - Test Cases/Final Aug 2018 - PKS Automation/Create Employer Acc/Template/Login to Employer Account (First Time): Test Cases/Final Aug 2018 - PKS Automation/Create Employer Acc/Template/Login to Employer Account (First Time)

2018-12-07 10:10:11 - [TEST_STEP][PASSED] - openBrowser: Browser is opened with url: ''

2018-12-07 10:10:11 - [MESSAGE][WARNING] - A browser is already opened. Closing browser and opening a new one

2018-12-07 10:10:14 - [MESSAGE][PASSED] - Browser is opened with url: ''

2018-12-07 10:10:14 - [TEST_STEP][PASSED] - navigateToUrl: Navigate to 'https://assist2-uat.perkeso.gov.my/employer/login' successfully

2018-12-07 10:10:15 - [MESSAGE][PASSED] - Navigate to 'https://assist2-uat.perkeso.gov.my/employer/login' successfully

2018-12-07 10:10:15 - [TEST_STEP][PASSED] - delay: Delayed 3 second(s)

2018-12-07 10:10:18 - [MESSAGE][PASSED] - Delayed 3 second(s)

2018-12-07 10:10:18 - [TEST_STEP][PASSED] - callTestCase: Call Test Case 'Test Cases/Final Aug 2018 - PKS Automation/Create Employer Acc/Template/Employer Email Getter' successfully

2018-12-07 10:10:18 - [TEST_CASE][PASSED] - Test Cases/Final Aug 2018 - PKS Automation/Create Employer Acc/Template/Employer Email Getter: Test Cases/Final Aug 2018 - PKS Automation/Create Employer Acc/Template/Employer Email Getter

2018-12-07 10:10:18 - [TEST_STEP][PASSED] - Statement - Try: null

2018-12-07 10:10:18 - [TEST_STEP][PASSED] - Statement - EmpEmail = new java.io.File(C://Users//Admin//Desktop//PKS//Automation Reference Point//EmpEmail.txt): null

2018-12-07 10:10:18 - [TEST_STEP][PASSED] - Statement - bufferread = new java.io.BufferedReader(new java.io.FileReader(EmpEmail)): null

2018-12-07 10:10:18 - [TEST_STEP][PASSED] - Statement - readedVal = bufferread.readLine(): null

2018-12-07 10:10:18 - [TEST_STEP][PASSED] - Statement - out.println(readedVal): null

2018-12-07 10:10:18 - [TEST_STEP][PASSED] - Statement - Email = readedVal: null

2018-12-07 10:10:18 - [MESSAGE][PASSED] - Call Test Case 'Test Cases/Final Aug 2018 - PKS Automation/Create Employer Acc/Template/Employer Email Getter' successfully

2018-12-07 10:10:18 - [TEST_STEP][PASSED] - setText: Text 'perkeso524035412645@gmail.com' is set on object 'Object Repository/Final Object Repo/Login Page/External Login Page/Email'

2018-12-07 10:10:19 - [MESSAGE][PASSED] - Text 'perkeso524035412645@gmail.com' is set on object 'Object Repository/Final Object Repo/Login Page/External Login Page/Email'

2018-12-07 10:10:19 - [TEST_STEP][PASSED] - click: Object: 'Object Repository/Final Object Repo/Login Page/External Login Page/Next' is clicked on

2018-12-07 10:10:19 - [MESSAGE][PASSED] - Object: 'Object Repository/Final Object Repo/Login Page/External Login Page/Next' is clicked on

2018-12-07 10:10:19 - [TEST_STEP][PASSED] - delay: Delayed 3 second(s)

2018-12-07 10:10:22 - [MESSAGE][PASSED] - Delayed 3 second(s)

2018-12-07 10:10:22 - [TEST_STEP][PASSED] - setEncryptedText: Text ****** has been set on object 'Object Repository/Final Object Repo/Login Page/External Login Page/Password'

2018-12-07 10:10:22 - [MESSAGE][PASSED] - Text ****** has been set on object 'Object Repository/Final Object Repo/Login Page/External Login Page/Password'

2018-12-07 10:10:22 - [TEST_STEP][PASSED] - click: Object: 'Object Repository/Final Object Repo/Login Page/External Login Page/Login' is clicked on

2018-12-07 10:10:23 - [MESSAGE][PASSED] - Object: 'Object Repository/Final Object Repo/Login Page/External Login Page/Login' is clicked on

2018-12-07 10:10:23 - [TEST_STEP][PASSED] - delay: Delayed 3 second(s)

2018-12-07 10:10:26 - [MESSAGE][PASSED] - Delayed 3 second(s)

2018-12-07 10:10:26 - [TEST_STEP][PASSED] - click: Object: 'Object Repository/Final Object Repo/Creating Employer Account/Page_Terms of Use - ASSIST/button_I Agree' is clicked on

2018-12-07 10:10:26 - [MESSAGE][PASSED] - Object: 'Object Repository/Final Object Repo/Creating Employer Account/Page_Terms of Use - ASSIST/button_I Agree' is clicked on

2018-12-07 10:10:26 - [TEST_STEP][PASSED] - delay: Delayed 2 second(s)

2018-12-07 10:10:28 - [MESSAGE][PASSED] - Delayed 2 second(s)

2018-12-07 10:10:28 - [TEST_STEP][PASSED] - setEncryptedText: Text ****** has been set on object 'Object Repository/Final Object Repo/Creating Employer Account/Page_New Password - ASSIST/input_password1'

2018-12-07 10:10:29 - [MESSAGE][PASSED] - Text ****** has been set on object 'Object Repository/Final Object Repo/Creating Employer Account/Page_New Password - ASSIST/input_password1'

2018-12-07 10:10:29 - [TEST_STEP][PASSED] - setEncryptedText: Text ****** has been set on object 'Object Repository/Final Object Repo/Creating Employer Account/Page_New Password - ASSIST/input_password2'

2018-12-07 10:10:29 - [MESSAGE][PASSED] - Text ****** has been set on object 'Object Repository/Final Object Repo/Creating Employer Account/Page_New Password - ASSIST/input_password2'

2018-12-07 10:10:29 - [TEST_STEP][PASSED] - delay: Delayed 2 second(s)

2018-12-07 10:10:31 - [MESSAGE][PASSED] - Delayed 2 second(s)

2018-12-07 10:10:31 - [TEST_STEP][PASSED] - click: Object: 'Object Repository/Final Object Repo/Creating Employer Account/Page_New Password - ASSIST/Save' is clicked on

2018-12-07 10:10:31 - [MESSAGE][PASSED] - Object: 'Object Repository/Final Object Repo/Creating Employer Account/Page_New Password - ASSIST/Save' is clicked on

2018-12-07 10:10:31 - [TEST_STEP][PASSED] - delay: Delayed 2 second(s)

2018-12-07 10:10:33 - [MESSAGE][PASSED] - Delayed 2 second(s)

2018-12-07 10:10:33 - [TEST_STEP][PASSED] - setText: Text 'test' is set on object 'Object Repository/Final Object Repo/Creating Employer Account/Page_Password Reminder - ASSIST/Reminder Query Answer'

2018-12-07 10:10:33 - [MESSAGE][PASSED] - Text 'test' is set on object 'Object Repository/Final Object Repo/Creating Employer Account/Page_Password Reminder - ASSIST/Reminder Query Answer'

2018-12-07 10:10:33 - [TEST_STEP][PASSED] - delay: Delayed 2 second(s)

2018-12-07 10:10:35 - [MESSAGE][PASSED] - Delayed 2 second(s)

2018-12-07 10:10:35 - [TEST_STEP][PASSED] - doubleClick: Object: 'Object Repository/Final Object Repo/Creating Employer Account/Page_Password Reminder - ASSIST/Save' is double clicked on

2018-12-07 10:10:36 - [MESSAGE][PASSED] - Object: 'Object Repository/Final Object Repo/Creating Employer Account/Page_Password Reminder - ASSIST/Save' is double clicked on

2018-12-07 10:10:36 - [MESSAGE][PASSED] - Call Test Case 'Test Cases/Final Aug 2018 - PKS Automation/Create Employer Acc/Template/Login to Employer Account (First Time)' successfully

2018-12-07 10:10:36 - [MESSAGE][PASSED] - Call Test Case 'Test Cases/Final Aug 2018 - PKS Automation/Create Employer Acc/Create Employer Account' successfully

2018-12-07 10:10:36 - [TEST_STEP][PASSED] - callTestCase: Call Test Case 'Test Cases/Final Aug 2018 - PKS Automation/Registration Module/Log Out/log out avoiding katalon tagging' successfully

2018-12-07 10:10:36 - [TEST_CASE][PASSED] - Test Cases/Final Aug 2018 - PKS Automation/Registration Module/Log Out/log out avoiding katalon tagging: Test Cases/Final Aug 2018 - PKS Automation/Registration Module/Log Out/log out avoiding katalon tagging

2018-12-07 10:10:36 - [TEST_STEP][PASSED] - navigateToUrl: Navigate to 'https://assist2-uat.perkeso.gov.my/c/portal/logout' successfully

2018-12-07 10:10:39 - [MESSAGE][PASSED] - Navigate to 'https://assist2-uat.perkeso.gov.my/c/portal/logout' successfully

2018-12-07 10:10:39 - [MESSAGE][PASSED] - Call Test Case 'Test Cases/Final Aug 2018 - PKS Automation/Registration Module/Log Out/log out avoiding katalon tagging' successfully

2018-12-07 10:10:39 - [TEST_STEP][PASSED] - callTestCase: Call Test Case 'Test Cases/Final Aug 2018 - PKS Automation/Create Employer Acc/Login to Employer Account (Second time)' successfully

2018-12-07 10:10:39 - [TEST_CASE][PASSED] - Test Cases/Final Aug 2018 - PKS Automation/Create Employer Acc/Login to Employer Account (Second time): Test Cases/Final Aug 2018 - PKS Automation/Create Employer Acc/Login to Employer Account (Second time)

2018-12-07 10:10:39 - [TEST_STEP][PASSED] - openBrowser: Browser is opened with url: ''

2018-12-07 10:10:39 - [MESSAGE][WARNING] - A browser is already opened. Closing browser and opening a new one

2018-12-07 10:10:42 - [MESSAGE][PASSED] - Browser is opened with url: ''

2018-12-07 10:10:42 - [TEST_STEP][PASSED] - navigateToUrl: Navigate to 'https://assist2-uat.perkeso.gov.my/employer/login' successfully

2018-12-07 10:10:43 - [MESSAGE][PASSED] - Navigate to 'https://assist2-uat.perkeso.gov.my/employer/login' successfully

2018-12-07 10:10:43 - [TEST_STEP][PASSED] - delay: Delayed 3 second(s)

2018-12-07 10:10:46 - [MESSAGE][PASSED] - Delayed 3 second(s)

2018-12-07 10:10:46 - [TEST_STEP][PASSED] - callTestCase: Call Test Case 'Test Cases/Final Aug 2018 - PKS Automation/Create Employer Acc/Template/Employer Email Getter' successfully

2018-12-07 10:10:46 - [TEST_CASE][PASSED] - Test Cases/Final Aug 2018 - PKS Automation/Create Employer Acc/Template/Employer Email Getter: Test Cases/Final Aug 2018 - PKS Automation/Create Employer Acc/Template/Employer Email Getter

2018-12-07 10:10:46 - [TEST_STEP][PASSED] - Statement - Try: null

2018-12-07 10:10:46 - [TEST_STEP][PASSED] - Statement - EmpEmail = new java.io.File(C://Users//Admin//Desktop//PKS//Automation Reference Point//EmpEmail.txt): null

2018-12-07 10:10:46 - [TEST_STEP][PASSED] - Statement - bufferread = new java.io.BufferedReader(new java.io.FileReader(EmpEmail)): null

2018-12-07 10:10:46 - [TEST_STEP][PASSED] - Statement - readedVal = bufferread.readLine(): null

2018-12-07 10:10:46 - [TEST_STEP][PASSED] - Statement - out.println(readedVal): null

2018-12-07 10:10:46 - [TEST_STEP][PASSED] - Statement - Email = readedVal: null

2018-12-07 10:10:46 - [MESSAGE][PASSED] - Call Test Case 'Test Cases/Final Aug 2018 - PKS Automation/Create Employer Acc/Template/Employer Email Getter' successfully

2018-12-07 10:10:46 - [TEST_STEP][PASSED] - setText: Text 'perkeso524035412645@gmail.com' is set on object 'Object Repository/Final Object Repo/Login Page/External Login Page/Email'

2018-12-07 10:10:46 - [MESSAGE][PASSED] - Text 'perkeso524035412645@gmail.com' is set on object 'Object Repository/Final Object Repo/Login Page/External Login Page/Email'

2018-12-07 10:10:46 - [TEST_STEP][PASSED] - click: Object: 'Object Repository/Final Object Repo/Login Page/External Login Page/Next' is clicked on

2018-12-07 10:10:47 - [MESSAGE][PASSED] - Object: 'Object Repository/Final Object Repo/Login Page/External Login Page/Next' is clicked on

2018-12-07 10:10:47 - [TEST_STEP][PASSED] - delay: Delayed 3 second(s)

2018-12-07 10:10:50 - [MESSAGE][PASSED] - Delayed 3 second(s)

2018-12-07 10:10:50 - [TEST_STEP][PASSED] - setEncryptedText: Text ****** has been set on object 'Object Repository/Final Object Repo/Login Page/External Login Page/Password'

2018-12-07 10:10:50 - [MESSAGE][PASSED] - Text ****** has been set on object 'Object Repository/Final Object Repo/Login Page/External Login Page/Password'

2018-12-07 10:10:50 - [TEST_STEP][PASSED] - click: Object: 'Object Repository/Final Object Repo/Login Page/External Login Page/Login' is clicked on

2018-12-07 10:10:50 - [MESSAGE][PASSED] - Object: 'Object Repository/Final Object Repo/Login Page/External Login Page/Login' is clicked on

2018-12-07 10:10:50 - [TEST_STEP][PASSED] - delay: Delayed 5 second(s)

2018-12-07 10:10:55 - [MESSAGE][PASSED] - Delayed 5 second(s)

2018-12-07 10:10:55 - [MESSAGE][PASSED] - Call Test Case 'Test Cases/Final Aug 2018 - PKS Automation/Create Employer Acc/Login to Employer Account (Second time)' successfully

2018-12-07 10:10:55 - [TEST_STEP][PASSED] - delay: Delayed 4 second(s)

2018-12-07 10:10:59 - [MESSAGE][PASSED] - Delayed 4 second(s)

2018-12-07 10:10:59 - [TEST_STEP][PASSED] - Statement - Try: Delayed 2 second(s)

2018-12-07 10:10:59 - [TEST_STEP][PASSED] - Statement - Checker = false: null

2018-12-07 10:10:59 - [TEST_STEP][PASSED] - Statement - Checker = com.kms.katalon.core.webui.keyword.WebUiBuiltInKeywords.verifyElementHasAttribute(com.kms.katalon.core.testobject.ObjectRepository.findTestObject(Final Object Repo/Landing Page/BM Detecting), "href", 20, OPTIONAL): Object 'Object Repository/Final Object Repo/Landing Page/BM Detecting' has attribute 'href'

2018-12-07 10:10:59 - [MESSAGE][PASSED] - Object 'Object Repository/Final Object Repo/Landing Page/BM Detecting' has attribute 'href'

2018-12-07 10:10:59 - [TEST_STEP][PASSED] - Statement - out.println(Checker): null

2018-12-07 10:10:59 - [TEST_STEP][PASSED] - Statement - If (Checker == false): null

2018-12-07 10:10:59 - [TEST_STEP][PASSED] - Statement - Else: null

2018-12-07 10:10:59 - [TEST_STEP][PASSED] - delay: Delayed 2 second(s)

2018-12-07 10:11:01 - [MESSAGE][PASSED] - Delayed 2 second(s)

2018-12-07 10:11:01 - [TEST_STEP][PASSED] - delay: Delayed 4 second(s)

2018-12-07 10:11:05 - [MESSAGE][PASSED] - Delayed 4 second(s)

2018-12-07 10:11:05 - [TEST_STEP][PASSED] - click: Object: 'Object Repository/Final Object Repo/Landing Page/My Sites Drop Down' is clicked on

2018-12-07 10:11:05 - [MESSAGE][PASSED] - Object: 'Object Repository/Final Object Repo/Landing Page/My Sites Drop Down' is clicked on

2018-12-07 10:11:05 - [TEST_STEP][PASSED] - click: Object: 'Object Repository/Final Object Repo/Landing Page/Select to Registration Module' is clicked on

2018-12-07 10:11:08 - [MESSAGE][PASSED] - Object: 'Object Repository/Final Object Repo/Landing Page/Select to Registration Module' is clicked on

2018-12-07 10:11:08 - [TEST_STEP][PASSED] - click: Object: 'Object Repository/Final Object Repo/Landing Page/Registration Button' is clicked on

2018-12-07 10:11:09 - [MESSAGE][PASSED] - Object: 'Object Repository/Final Object Repo/Landing Page/Registration Button' is clicked on

2018-12-07 10:11:09 - [TEST_STEP][PASSED] - delay: Delayed 2 second(s)

2018-12-07 10:11:11 - [MESSAGE][PASSED] - Delayed 2 second(s)

2018-12-07 10:11:11 - [TEST_STEP][PASSED] - click: Object: 'Object Repository/Final Object Repo/New Registration - Registration Module Pages/New Reg - OTC to RO/Special Case - OTC - Form 1/AEC NO' is clicked on

2018-12-07 10:11:12 - [MESSAGE][PASSED] - Object: 'Object Repository/Final Object Repo/New Registration - Registration Module Pages/New Reg - OTC to RO/Special Case - OTC - Form 1/AEC NO' is clicked on

2018-12-07 10:11:12 - [TEST_STEP][PASSED] - click: Object: 'Object Repository/Final Object Repo/New Registration - Registration Module Pages/New Reg - OTC to RO/Special Case - OTC - Form 1/Business Entity - Please Select' is clicked on

2018-12-07 10:11:12 - [MESSAGE][PASSED] - Object: 'Object Repository/Final Object Repo/New Registration - Registration Module Pages/New Reg - OTC to RO/Special Case - OTC - Form 1/Business Entity - Please Select' is clicked on

2018-12-07 10:11:12 - [TEST_STEP][PASSED] - click: Object: 'Object Repository/Final Object Repo/New Registration - Registration Module Pages/New Reg - OTC to RO/Special Case - OTC - Form 1/Selected - Corporation' is clicked on

2018-12-07 10:11:12 - [MESSAGE][PASSED] - Object: 'Object Repository/Final Object Repo/New Registration - Registration Module Pages/New Reg - OTC to RO/Special Case - OTC - Form 1/Selected - Corporation' is clicked on

2018-12-07 10:11:12 - [TEST_STEP][PASSED] - delay: Delayed 2 second(s)

2018-12-07 10:11:14 - [MESSAGE][PASSED] - Delayed 2 second(s)

2018-12-07 10:11:14 - [TEST_STEP][PASSED] - click: Object: 'Object Repository/Final Object Repo/New Registration - Registration Module Pages/New Reg - OTC to RO/Special Case - OTC - Form 1/Sub Business Entity - Please Select' is clicked on

2018-12-07 10:11:14 - [MESSAGE][PASSED] - Object: 'Object Repository/Final Object Repo/New Registration - Registration Module Pages/New Reg - OTC to RO/Special Case - OTC - Form 1/Sub Business Entity - Please Select' is clicked on

2018-12-07 10:11:14 - [TEST_STEP][PASSED] - delay: Delayed 2 second(s)

2018-12-07 10:11:16 - [MESSAGE][PASSED] - Delayed 2 second(s)

2018-12-07 10:11:16 - [TEST_STEP][PASSED] - click: Object: 'Object Repository/Final Object Repo/New Registration - Registration Module Pages/New Reg - OTC to RO/Special Case - OTC - Form 1/Selected - Sendirian Berhad' is clicked on

2018-12-07 10:11:16 - [MESSAGE][PASSED] - Object: 'Object Repository/Final Object Repo/New Registration - Registration Module Pages/New Reg - OTC to RO/Special Case - OTC - Form 1/Selected - Sendirian Berhad' is clicked on

2018-12-07 10:11:16 - [TEST_STEP][PASSED] - setText: Text 'AUTOMATE001' is set on object 'Object Repository/Final Object Repo/New Registration - Registration Module Pages/New Reg - OTC to RO/Special Case - OTC - Form 1/Input BRN Number'

2018-12-07 10:11:17 - [MESSAGE][PASSED] - Text 'AUTOMATE001' is set on object 'Object Repository/Final Object Repo/New Registration - Registration Module Pages/New Reg - OTC to RO/Special Case - OTC - Form 1/Input BRN Number'

2018-12-07 10:11:17 - [TEST_STEP][PASSED] - delay: Delayed 2 second(s)

2018-12-07 10:11:19 - [MESSAGE][PASSED] - Delayed 2 second(s)

2018-12-07 10:11:19 - [TEST_STEP][PASSED] - click: Object: 'Object Repository/Final Object Repo/New Registration - Registration Module Pages/New Reg - OTC to RO/Special Case - OTC - Form 1/BRN Search' is clicked on

2018-12-07 10:11:19 - [MESSAGE][PASSED] - Object: 'Object Repository/Final Object Repo/New Registration - Registration Module Pages/New Reg - OTC to RO/Special Case - OTC - Form 1/BRN Search' is clicked on

2018-12-07 10:11:19 - [TEST_STEP][PASSED] - delay: Delayed 4 second(s)

2018-12-07 10:11:23 - [MESSAGE][PASSED] - Delayed 4 second(s)

2018-12-07 10:11:23 - [TEST_STEP][PASSED] - click: Object: 'Object Repository/Final Object Repo/New Registration - Registration Module Pages/New Reg - OTC to RO/Special Case - OTC - Form 1/Registered with SSM - After Feb 2017' is clicked on

2018-12-07 10:11:23 - [MESSAGE][PASSED] - Object: 'Object Repository/Final Object Repo/New Registration - Registration Module Pages/New Reg - OTC to RO/Special Case - OTC - Form 1/Registered with SSM - After Feb 2017' is clicked on

2018-12-07 10:11:23 - [TEST_STEP][PASSED] - delay: Delayed 2 second(s)

2018-12-07 10:11:25 - [MESSAGE][PASSED] - Delayed 2 second(s)

2018-12-07 10:11:25 - [TEST_STEP][PASSED] - click: Object: 'Object Repository/Final Object Repo/New Registration - Registration Module Pages/Form 1/Registered As a Branch - Yes' is clicked on

2018-12-07 10:11:25 - [MESSAGE][PASSED] - Object: 'Object Repository/Final Object Repo/New Registration - Registration Module Pages/Form 1/Registered As a Branch - Yes' is clicked on

2018-12-07 10:11:25 - [TEST_STEP][PASSED] - click: Object: 'Object Repository/Final Object Repo/New Registration - Registration Module Pages/New Reg - OTC to RO/Special Case - OTC - Form 1/Acknowledgement Ticked' is clicked on

2018-12-07 10:11:26 - [MESSAGE][PASSED] - Object: 'Object Repository/Final Object Repo/New Registration - Registration Module Pages/New Reg - OTC to RO/Special Case - OTC - Form 1/Acknowledgement Ticked' is clicked on

2018-12-07 10:11:26 - [TEST_STEP][PASSED] - setText: Text 'perkeso524035412645@gmail.com' is set on object 'Object Repository/Final Object Repo/New Registration - Registration Module Pages/Form 1/Email'

2018-12-07 10:11:26 - [MESSAGE][PASSED] - Text 'perkeso524035412645@gmail.com' is set on object 'Object Repository/Final Object Repo/New Registration - Registration Module Pages/Form 1/Email'

2018-12-07 10:11:26 - [TEST_STEP][PASSED] - click: Object: 'Object Repository/Final Object Repo/New Registration - Registration Module Pages/New Reg - OTC to RO/Special Case - OTC - Form 1/Submit Button' is clicked on

2018-12-07 10:11:27 - [MESSAGE][PASSED] - Object: 'Object Repository/Final Object Repo/New Registration - Registration Module Pages/New Reg - OTC to RO/Special Case - OTC - Form 1/Submit Button' is clicked on

2018-12-07 10:11:27 - [TEST_STEP][PASSED] - callTestCase: Call Test Case 'Test Cases/Final Aug 2018 - PKS Automation/Registration Module/New Registration/Form 2/Add 1 Eligible - Employer Account Use' successfully

2018-12-07 10:11:27 - [TEST_CASE][PASSED] - Test Cases/Final Aug 2018 - PKS Automation/Registration Module/New Registration/Form 2/Add 1 Eligible - Employer Account Use: Test Cases/Final Aug 2018 - PKS Automation/Registration Module/New Registration/Form 2/Add 1 Eligible - Employer Account Use

2018-12-07 10:11:27 - [TEST_STEP][PASSED] - delay: Delayed 2 second(s)

2018-12-07 10:11:29 - [MESSAGE][PASSED] - Delayed 2 second(s)

2018-12-07 10:11:29 - [TEST_STEP][PASSED] - callTestCase: Call Test Case 'Test Cases/Final Aug 2018 - PKS Automation/Registration Module/New Registration/Form 2/Date Updater' successfully

2018-12-07 10:11:29 - [TEST_CASE][PASSED] - Test Cases/Final Aug 2018 - PKS Automation/Registration Module/New Registration/Form 2/Date Updater: Test Cases/Final Aug 2018 - PKS Automation/Registration Module/New Registration/Form 2/Date Updater

2018-12-07 10:11:29 - [TEST_STEP][PASSED] - Statement - TodayDate = new java.util.Date(): null

2018-12-07 10:11:29 - [TEST_STEP][PASSED] - Statement - CurrentDateNoFilter = new java.text.SimpleDateFormat(): null

2018-12-07 10:11:29 - [TEST_STEP][PASSED] - Statement - CurrentDateNoFilter.applyPattern("MM"): null

2018-12-07 10:11:29 - [TEST_STEP][PASSED] - Statement - monthContainerMatcher = java.lang.Integer.parseInt(CurrentDateNoFilter.format(TodayDate)): null

2018-12-07 10:11:29 - [TEST_STEP][PASSED] - Statement - monthContainerMatcher = monthContainerMatcher - 1: null

2018-12-07 10:11:29 - [TEST_STEP][PASSED] - Statement - CurrentMonth = monthContainerMatcher.toString(): null

2018-12-07 10:11:29 - [TEST_STEP][PASSED] - Statement - CurrentMonth = CurrentMonth: null

2018-12-07 10:11:29 - [TEST_STEP][PASSED] - Statement - CurrentDateNoFilter.applyPattern("yyyy"): null

2018-12-07 10:11:29 - [TEST_STEP][PASSED] - Statement - CurrentYear = CurrentDateNoFilter.format(TodayDate): null

2018-12-07 10:11:29 - [TEST_STEP][PASSED] - Statement - CurrentYear = CurrentYear: null

2018-12-07 10:11:29 - [TEST_STEP][PASSED] - Statement - intCurrentYear = java.lang.Integer.parseInt(CurrentDateNoFilter.format(TodayDate)): null

2018-12-07 10:11:29 - [TEST_STEP][PASSED] - Statement - eighteenYrsAgo = intCurrentYear - 18: null

2018-12-07 10:11:29 - [TEST_STEP][PASSED] - Statement - eighteenYrsBeforeThisYr = eighteenYrsAgo.toString(): null

2018-12-07 10:11:29 - [TEST_STEP][PASSED] - Statement - EighteenYrsBefore = eighteenYrsBeforeThisYr: null

2018-12-07 10:11:29 - [TEST_STEP][PASSED] - Statement - fiftysevenYrsAgo = intCurrentYear - 57: null

2018-12-07 10:11:29 - [TEST_STEP][PASSED] - Statement - fiftysevenYrsBeforeThisYr = fiftysevenYrsAgo.toString(): null

2018-12-07 10:11:29 - [TEST_STEP][PASSED] - Statement - FiftysevenYrsBefore = fiftysevenYrsBeforeThisYr: null

2018-12-07 10:11:29 - [TEST_STEP][PASSED] - Statement - leapYear = false: null

2018-12-07 10:11:29 - [TEST_STEP][PASSED] - Statement - leapYear = intCurrentYear % 4 == 0: null

2018-12-07 10:11:29 - [TEST_STEP][PASSED] - Statement - CurrentDateNoFilter.applyPattern("dd"): null

2018-12-07 10:11:29 - [TEST_STEP][PASSED] - Statement - CurrentDate = CurrentDateNoFilter.format(TodayDate): null

2018-12-07 10:11:29 - [TEST_STEP][PASSED] - Statement - CurrentDate = java.lang.Integer.parseInt(CurrentDate): null

2018-12-07 10:11:29 - [TEST_STEP][PASSED] - Statement - CurrentDate = CurrentDate: null

2018-12-07 10:11:29 - [TEST_STEP][PASSED] - Statement - CurrentDay = java.lang.Integer.parseInt(CurrentDate): null

2018-12-07 10:11:29 - [TEST_STEP][PASSED] - Statement - ConfAdder = <not implemented yet for class: org.codehaus.groovy.ast.expr.EmptyExpression>: null

2018-12-07 10:11:29 - [TEST_STEP][PASSED] - Statement - out.println(CurrentMonth): null

2018-12-07 10:11:29 - [TEST_STEP][PASSED] - Statement - out.println(CurrentDate): null

2018-12-07 10:11:29 - [TEST_STEP][PASSED] - Statement - switch (CurrentDate): null

2018-12-07 10:11:29 - [TEST_STEP][PASSED] - Statement - Default: null

2018-12-07 10:11:29 - [TEST_STEP][PASSED] - Statement - ConfAdder = true: null

2018-12-07 10:11:29 - [TEST_STEP][PASSED] - Statement - Break: null

2018-12-07 10:11:29 - [TEST_STEP][PASSED] - Statement - aDayBefore = <not implemented yet for class: org.codehaus.groovy.ast.expr.EmptyExpression>: null

2018-12-07 10:11:29 - [TEST_STEP][PASSED] - Statement - out.println(ConfAdder): null

2018-12-07 10:11:29 - [TEST_STEP][PASSED] - Statement - If (ConfAdder == true): null

2018-12-07 10:11:29 - [TEST_STEP][PASSED] - Statement - aDayBefore = CurrentDay + 1: null

2018-12-07 10:11:29 - [TEST_STEP][PASSED] - Statement - out.println(aDayBefore): null

2018-12-07 10:11:29 - [TEST_STEP][PASSED] - Statement - If (aDayBefore == 1 && CurrentMonth == 11): null

2018-12-07 10:11:29 - [TEST_STEP][PASSED] - Statement - DayBefore = aDayBefore.toString(): null

2018-12-07 10:11:29 - [TEST_STEP][PASSED] - Statement - OneDayBefore = DayBefore: null

2018-12-07 10:11:29 - [MESSAGE][PASSED] - Call Test Case 'Test Cases/Final Aug 2018 - PKS Automation/Registration Module/New Registration/Form 2/Date Updater' successfully

2018-12-07 10:11:29 - [TEST_STEP][PASSED] - delay: Delayed 1 second(s)

2018-12-07 10:11:30 - [MESSAGE][PASSED] - Delayed 1 second(s)

2018-12-07 10:11:30 - [TEST_STEP][PASSED] - Statement - CaseReferenceNo = com.kms.katalon.core.webui.keyword.WebUiBuiltInKeywords.getText(com.kms.katalon.core.testobject.ObjectRepository.findTestObject(Final Object Repo/New Registration - Registration Module Pages/Form 2/RefNo Acquiring)): Text of object 'Object Repository/Final Object Repo/New Registration - Registration Module Pages/Form 2/RefNo Acquiring' is: 'CRN12201800123083'

2018-12-07 10:11:30 - [MESSAGE][PASSED] - Text of object 'Object Repository/Final Object Repo/New Registration - Registration Module Pages/Form 2/RefNo Acquiring' is: 'CRN12201800123083'

2018-12-07 10:11:30 - [TEST_STEP][PASSED] - delay: Delayed 1 second(s)

2018-12-07 10:11:32 - [MESSAGE][PASSED] - Delayed 1 second(s)

2018-12-07 10:11:32 - [TEST_STEP][PASSED] - click: Object: 'Object Repository/Final Object Repo/New Registration - Registration Module Pages/Form 2/Add Employee Button' is clicked on

2018-12-07 10:11:32 - [MESSAGE][PASSED] - Object: 'Object Repository/Final Object Repo/New Registration - Registration Module Pages/Form 2/Add Employee Button' is clicked on

2018-12-07 10:11:32 - [TEST_STEP][PASSED] - delay: Delayed 1 second(s)

2018-12-07 10:11:33 - [MESSAGE][PASSED] - Delayed 1 second(s)

2018-12-07 10:11:33 - [TEST_STEP][PASSED] - setText: Text '010903091948' is set on object 'Object Repository/Final Object Repo/New Registration - Registration Module Pages/Form 2/NRIC Input'

2018-12-07 10:11:33 - [MESSAGE][PASSED] - Text '010903091948' is set on object 'Object Repository/Final Object Repo/New Registration - Registration Module Pages/Form 2/NRIC Input'

2018-12-07 10:11:33 - [TEST_STEP][PASSED] - delay: Delayed 2 second(s)

2018-12-07 10:11:35 - [MESSAGE][PASSED] - Delayed 2 second(s)

2018-12-07 10:11:35 - [TEST_STEP][PASSED] - setText: Text 'Automate001 eligible 1' is set on object 'Object Repository/Final Object Repo/New Registration - Registration Module Pages/Form 2/Employee Name Input'

2018-12-07 10:11:36 - [MESSAGE][PASSED] - Text 'Automate001 eligible 1' is set on object 'Object Repository/Final Object Repo/New Registration - Registration Module Pages/Form 2/Employee Name Input'

2018-12-07 10:11:36 - [TEST_STEP][PASSED] - delay: Delayed 2 second(s)

2018-12-07 10:11:38 - [MESSAGE][PASSED] - Delayed 2 second(s)

2018-12-07 10:11:38 - [TEST_STEP][PASSED] - click: Object: 'Object Repository/Final Object Repo/New Registration - Registration Module Pages/Form 2/DatePicker Pop Up' is clicked on

2018-12-07 10:11:38 - [MESSAGE][PASSED] - Object: 'Object Repository/Final Object Repo/New Registration - Registration Module Pages/Form 2/DatePicker Pop Up' is clicked on

2018-12-07 10:11:38 - [TEST_STEP][PASSED] - click: Object: 'Object Repository/Final Object Repo/New Registration - Registration Module Pages/Form 2/DOB Month' is clicked on

2018-12-07 10:11:38 - [MESSAGE][PASSED] - Object: 'Object Repository/Final Object Repo/New Registration - Registration Module Pages/Form 2/DOB Month' is clicked on

2018-12-07 10:11:38 - [TEST_STEP][PASSED] - Statement - CurrentMonth = CurrentMonth: null

2018-12-07 10:11:38 - [TEST_STEP][PASSED] - Statement - selectMonth = new com.kms.katalon.core.testobject.TestObject(): null

2018-12-07 10:11:38 - [TEST_STEP][PASSED] - Statement - selectMonth.addProperty("xpath", EQUALS, "//body/div/div/div/select/option[@value='" + CurrentMonth + "']", true): null

2018-12-07 10:11:38 - [TEST_STEP][PASSED] - click: Object: '' is clicked on

2018-12-07 10:11:38 - [MESSAGE][PASSED] - Object: '' is clicked on

2018-12-07 10:11:38 - [TEST_STEP][PASSED] - click: Object: 'Object Repository/Final Object Repo/New Registration - Registration Module Pages/Form 2/DOB Year' is clicked on

2018-12-07 10:11:38 - [MESSAGE][PASSED] - Object: 'Object Repository/Final Object Repo/New Registration - Registration Module Pages/Form 2/DOB Year' is clicked on

2018-12-07 10:11:38 - [TEST_STEP][PASSED] - Statement - Eyearsbf = EighteenYrsBefore: null

2018-12-07 10:11:38 - [TEST_STEP][PASSED] - Statement - selectYear = new com.kms.katalon.core.testobject.TestObject(): null

2018-12-07 10:11:38 - [TEST_STEP][PASSED] - Statement - selectYear.addProperty("xpath", EQUALS, "//div/div/div/select/option[@value='" + Eyearsbf + "']", true): null

2018-12-07 10:11:38 - [TEST_STEP][PASSED] - click: Object: '' is clicked on

2018-12-07 10:11:39 - [MESSAGE][PASSED] - Object: '' is clicked on

2018-12-07 10:11:39 - [TEST_STEP][PASSED] - Statement - UpdatedSelectDate = com.kms.katalon.core.webui.keyword.WebUiBuiltInKeywords.modifyObjectProperty(com.kms.katalon.core.testobject.ObjectRepository.findTestObject(Final Object Repo/New Registration - Registration Module Pages/Form 2/DOB Date), "xpath", "equals", "//body/div/table/tbody/tr/td/a[text()="" + CurrentDate + ""]", true): Modify property of object successfully

2018-12-07 10:11:39 - [MESSAGE][PASSED] - Modify property of object successfully

2018-12-07 10:11:39 - [TEST_STEP][PASSED] - delay: Delayed 3 second(s)

2018-12-07 10:11:42 - [MESSAGE][PASSED] - Delayed 3 second(s)

2018-12-07 10:11:42 - [TEST_STEP][PASSED] - click: Object: 'Object Repository/Final Object Repo/New Registration - Registration Module Pages/Form 2/DOB Date' is clicked on

2018-12-07 10:11:42 - [MESSAGE][PASSED] - Object: 'Object Repository/Final Object Repo/New Registration - Registration Module Pages/Form 2/DOB Date' is clicked on

2018-12-07 10:11:42 - [TEST_STEP][PASSED] - delay: Delayed 2 second(s)

2018-12-07 10:11:44 - [MESSAGE][PASSED] - Delayed 2 second(s)

2018-12-07 10:11:44 - [TEST_STEP][PASSED] - click: Object: 'Object Repository/Final Object Repo/New Registration - Registration Module Pages/Form 2/EmploymentStartDate Pop Up' is clicked on

2018-12-07 10:11:44 - [MESSAGE][PASSED] - Object: 'Object Repository/Final Object Repo/New Registration - Registration Module Pages/Form 2/EmploymentStartDate Pop Up' is clicked on

2018-12-07 10:11:44 - [TEST_STEP][PASSED] - delay: Delayed 2 second(s)

2018-12-07 10:11:46 - [MESSAGE][PASSED] - Delayed 2 second(s)

2018-12-07 10:11:46 - [TEST_STEP][PASSED] - click: Object: 'Object Repository/Final Object Repo/New Registration - Registration Module Pages/Form 2/Socso Employment StartDate Month' is clicked on

2018-12-07 10:11:46 - [MESSAGE][PASSED] - Object: 'Object Repository/Final Object Repo/New Registration - Registration Module Pages/Form 2/Socso Employment StartDate Month' is clicked on

2018-12-07 10:11:46 - [TEST_STEP][PASSED] - delay: Delayed 1 second(s)

2018-12-07 10:11:47 - [MESSAGE][PASSED] - Delayed 1 second(s)

2018-12-07 10:11:47 - [TEST_STEP][PASSED] - click: Object: 'Object Repository/Final Object Repo/New Registration - Registration Module Pages/Form 2/Select Socso Employement Startdate Month' is clicked on

2018-12-07 10:11:47 - [MESSAGE][PASSED] - Object: 'Object Repository/Final Object Repo/New Registration - Registration Module Pages/Form 2/Select Socso Employement Startdate Month' is clicked on

2018-12-07 10:11:47 - [TEST_STEP][PASSED] - delay: Delayed 2 second(s)

2018-12-07 10:11:49 - [MESSAGE][PASSED] - Delayed 2 second(s)

2018-12-07 10:11:49 - [TEST_STEP][PASSED] - click: Object: 'Object Repository/Final Object Repo/New Registration - Registration Module Pages/Form 2/Socso Employment StartDate Year' is clicked on

2018-12-07 10:11:50 - [MESSAGE][PASSED] - Object: 'Object Repository/Final Object Repo/New Registration - Registration Module Pages/Form 2/Socso Employment StartDate Year' is clicked on

2018-12-07 10:11:50 - [TEST_STEP][PASSED] - delay: Delayed 1 second(s)

2018-12-07 10:11:51 - [MESSAGE][PASSED] - Delayed 1 second(s)

2018-12-07 10:11:51 - [TEST_STEP][PASSED] - click: Object: 'Object Repository/Final Object Repo/New Registration - Registration Module Pages/Form 2/Select Socso Employment Startdate Year' is clicked on

2018-12-07 10:11:51 - [MESSAGE][PASSED] - Object: 'Object Repository/Final Object Repo/New Registration - Registration Module Pages/Form 2/Select Socso Employment Startdate Year' is clicked on

2018-12-07 10:11:51 - [TEST_STEP][PASSED] - delay: Delayed 2 second(s)

2018-12-07 10:11:53 - [MESSAGE][PASSED] - Delayed 2 second(s)

2018-12-07 10:11:53 - [TEST_STEP][PASSED] - click: Object: 'Object Repository/Final Object Repo/New Registration - Registration Module Pages/Form 2/Socso Employment Start Date Day' is clicked on

2018-12-07 10:11:53 - [MESSAGE][PASSED] - Object: 'Object Repository/Final Object Repo/New Registration - Registration Module Pages/Form 2/Socso Employment Start Date Day' is clicked on

2018-12-07 10:11:53 - [TEST_STEP][PASSED] - delay: Delayed 2 second(s)

2018-12-07 10:11:55 - [MESSAGE][PASSED] - Delayed 2 second(s)

2018-12-07 10:11:55 - [TEST_STEP][PASSED] - click: Object: 'Object Repository/Final Object Repo/New Registration - Registration Module Pages/Form 2/Save Button for Add Employee' is clicked on

2018-12-07 10:11:55 - [MESSAGE][PASSED] - Object: 'Object Repository/Final Object Repo/New Registration - Registration Module Pages/Form 2/Save Button for Add Employee' is clicked on

2018-12-07 10:11:55 - [TEST_STEP][PASSED] - delay: Delayed 6 second(s)

2018-12-07 10:12:01 - [MESSAGE][PASSED] - Delayed 6 second(s)

2018-12-07 10:12:01 - [TEST_STEP][PASSED] - click: Object: 'Object Repository/Final Object Repo/New Registration - Registration Module Pages/Form 2/Save and Continue Form 2' is clicked on

2018-12-07 10:12:01 - [MESSAGE][PASSED] - Object: 'Object Repository/Final Object Repo/New Registration - Registration Module Pages/Form 2/Save and Continue Form 2' is clicked on

2018-12-07 10:12:01 - [MESSAGE][PASSED] - Call Test Case 'Test Cases/Final Aug 2018 - PKS Automation/Registration Module/New Registration/Form 2/Add 1 Eligible - Employer Account Use' successfully

2018-12-07 10:12:01 - [TEST_STEP][PASSED] - callTestCase: Call Test Case 'Test Cases/Final Aug 2018 - PKS Automation/Registration Module/New Registration/Flow of New Registration/Third Screen - Upload Supporting Doc - Preview' successfully

2018-12-07 10:12:01 - [TEST_CASE][PASSED] - Test Cases/Final Aug 2018 - PKS Automation/Registration Module/New Registration/Flow of New Registration/Third Screen - Upload Supporting Doc - Preview: Test Cases/Final Aug 2018 - PKS Automation/Registration Module/New Registration/Flow of New Registration/Third Screen - Upload Supporting Doc - Preview

2018-12-07 10:12:01 - [TEST_STEP][PASSED] - waitForPageLoad: Wait for page load successfully

2018-12-07 10:12:02 - [MESSAGE][PASSED] - Wait for page load successfully

2018-12-07 10:12:02 - [TEST_STEP][PASSED] - Statement - CaseReferenceNo = com.kms.katalon.core.webui.keyword.WebUiBuiltInKeywords.getText(com.kms.katalon.core.testobject.ObjectRepository.findTestObject(Final Object Repo/New Registration - Registration Module Pages/Third Screen - Upload Supporting Doc- Preview/RefNo Acquiring)): Text of object 'Object Repository/Final Object Repo/New Registration - Registration Module Pages/Third Screen - Upload Supporting Doc- Preview/RefNo Acquiring' is: 'CRN12201800123083'

2018-12-07 10:12:02 - [MESSAGE][PASSED] - Text of object 'Object Repository/Final Object Repo/New Registration - Registration Module Pages/Third Screen - Upload Supporting Doc- Preview/RefNo Acquiring' is: 'CRN12201800123083'

2018-12-07 10:12:02 - [TEST_STEP][PASSED] - delay: Delayed 2 second(s)

2018-12-07 10:12:04 - [MESSAGE][PASSED] - Delayed 2 second(s)

2018-12-07 10:12:04 - [TEST_STEP][PASSED] - callTestCase: Call Test Case 'Test Cases/Final Aug 2018 - PKS Automation/Common/Reference Number Setter' successfully

2018-12-07 10:12:04 - [TEST_CASE][PASSED] - Test Cases/Final Aug 2018 - PKS Automation/Common/Reference Number Setter: Test Cases/Final Aug 2018 - PKS Automation/Common/Reference Number Setter

2018-12-07 10:12:04 - [TEST_STEP][PASSED] - Statement - RefNoOldFile = new java.io.File(C://Users//Admin//Desktop//PKS//Automation Reference Point//KatalonReference.txt): null

2018-12-07 10:12:04 - [TEST_STEP][PASSED] - Statement - RefNoOldFile.delete(): null

2018-12-07 10:12:04 - [TEST_STEP][PASSED] - delay: Delayed 5 second(s)

2018-12-07 10:12:09 - [MESSAGE][PASSED] - Delayed 5 second(s)

2018-12-07 10:12:09 - [TEST_STEP][PASSED] - Statement - RefNo = new java.io.File(C://Users//Admin//Desktop//PKS//Automation Reference Point//KatalonReference.txt): null

2018-12-07 10:12:09 - [TEST_STEP][PASSED] - Statement - f2 = new java.io.FileWriter(RefNo, false): null

2018-12-07 10:12:09 - [TEST_STEP][PASSED] - Statement - f2.write(CaseReferenceNo): null

2018-12-07 10:12:09 - [TEST_STEP][PASSED] - Statement - f2.close(): null

2018-12-07 10:12:09 - [TEST_STEP][PASSED] - Statement - out.println("


" + CaseReferenceNo + "


"): null

2018-12-07 10:12:09 - [MESSAGE][PASSED] - Call Test Case 'Test Cases/Final Aug 2018 - PKS Automation/Common/Reference Number Setter' successfully

2018-12-07 10:12:09 - [TEST_STEP][PASSED] - waitForElementClickable: Object 'Object Repository/Final Object Repo/New Registration - Registration Module Pages/Third Screen - Upload Supporting Doc- Preview/Save n Continue in SIP Employee Listing Page' is clickable

2018-12-07 10:12:09 - [MESSAGE][PASSED] - Object 'Object Repository/Final Object Repo/New Registration - Registration Module Pages/Third Screen - Upload Supporting Doc- Preview/Save n Continue in SIP Employee Listing Page' is clickable

2018-12-07 10:12:09 - [TEST_STEP][PASSED] - click: Object: 'Object Repository/Final Object Repo/New Registration - Registration Module Pages/Third Screen - Upload Supporting Doc- Preview/Save n Continue in SIP Employee Listing Page' is clicked on

2018-12-07 10:12:15 - [MESSAGE][PASSED] - Object: 'Object Repository/Final Object Repo/New Registration - Registration Module Pages/Third Screen - Upload Supporting Doc- Preview/Save n Continue in SIP Employee Listing Page' is clicked on

2018-12-07 10:12:15 - [TEST_STEP][PASSED] - delay: Delayed 7 second(s)

2018-12-07 10:12:22 - [MESSAGE][PASSED] - Delayed 7 second(s)

2018-12-07 10:12:22 - [TEST_STEP][PASSED] - click: Object: 'Object Repository/Final Object Repo/New Registration - Registration Module Pages/Third Screen - Upload Supporting Doc- Preview/Add Document Button' is clicked on

2018-12-07 10:12:22 - [MESSAGE][PASSED] - Object: 'Object Repository/Final Object Repo/New Registration - Registration Module Pages/Third Screen - Upload Supporting Doc- Preview/Add Document Button' is clicked on

2018-12-07 10:12:22 - [TEST_STEP][PASSED] - delay: Delayed 30 second(s)

2018-12-07 10:12:52 - [MESSAGE][PASSED] - Delayed 30 second(s)

2018-12-07 10:12:52 - [TEST_STEP][PASSED] - click: Object: 'Object Repository/Final Object Repo/New Registration - Registration Module Pages/Third Screen - Upload Supporting Doc- Preview/Supporting Doc Please Select Drop Down' is clicked on

2018-12-07 10:12:52 - [MESSAGE][PASSED] - Object: 'Object Repository/Final Object Repo/New Registration - Registration Module Pages/Third Screen - Upload Supporting Doc- Preview/Supporting Doc Please Select Drop Down' is clicked on

2018-12-07 10:12:52 - [TEST_STEP][PASSED] - delay: Delayed 2 second(s)

2018-12-07 10:12:54 - [MESSAGE][PASSED] - Delayed 2 second(s)

2018-12-07 10:12:54 - [TEST_STEP][PASSED] - click: Object: 'Object Repository/Final Object Repo/New Registration - Registration Module Pages/Third Screen - Upload Supporting Doc- Preview/Select to Upload Form 1' is clicked on

2018-12-07 10:12:54 - [MESSAGE][PASSED] - Object: 'Object Repository/Final Object Repo/New Registration - Registration Module Pages/Third Screen - Upload Supporting Doc- Preview/Select to Upload Form 1' is clicked on

2018-12-07 10:12:54 - [TEST_STEP][PASSED] - delay: Delayed 2 second(s)

2018-12-07 10:12:56 - [MESSAGE][PASSED] - Delayed 2 second(s)

2018-12-07 10:12:56 - [TEST_STEP][PASSED] - uploadFile: File 'C:\Users\Public\Pictures\Sample Pictures\Koala.jpg' sent to object: 'Object Repository/Final Object Repo/New Registration - Registration Module Pages/Third Screen - Upload Supporting Doc- Preview/Upload File Adding'

2018-12-07 10:12:56 - [MESSAGE][PASSED] - File 'C:\Users\Public\Pictures\Sample Pictures\Koala.jpg' sent to object: 'Object Repository/Final Object Repo/New Registration - Registration Module Pages/Third Screen - Upload Supporting Doc- Preview/Upload File Adding'

2018-12-07 10:12:56 - [TEST_STEP][PASSED] - delay: Delayed 5 second(s)

2018-12-07 10:13:01 - [MESSAGE][PASSED] - Delayed 5 second(s)

2018-12-07 10:13:01 - [TEST_STEP][PASSED] - click: Object: 'Object Repository/Final Object Repo/New Registration - Registration Module Pages/Third Screen - Upload Supporting Doc- Preview/Inner Form Add Document Button' is clicked on

2018-12-07 10:13:02 - [MESSAGE][PASSED] - Object: 'Object Repository/Final Object Repo/New Registration - Registration Module Pages/Third Screen - Upload Supporting Doc- Preview/Inner Form Add Document Button' is clicked on

2018-12-07 10:13:02 - [TEST_STEP][PASSED] - delay: Delayed 3 second(s)

2018-12-07 10:13:05 - [MESSAGE][PASSED] - Delayed 3 second(s)

2018-12-07 10:13:05 - [TEST_STEP][PASSED] - click: Object: 'Object Repository/Final Object Repo/New Registration - Registration Module Pages/Third Screen - Upload Supporting Doc- Preview/Add Document Button' is clicked on

2018-12-07 10:13:06 - [MESSAGE][PASSED] - Object: 'Object Repository/Final Object Repo/New Registration - Registration Module Pages/Third Screen - Upload Supporting Doc- Preview/Add Document Button' is clicked on

2018-12-07 10:13:06 - [TEST_STEP][PASSED] - delay: Delayed 30 second(s)

2018-12-07 10:13:36 - [MESSAGE][PASSED] - Delayed 30 second(s)

2018-12-07 10:13:36 - [TEST_STEP][PASSED] - click: Object: 'Object Repository/Final Object Repo/New Registration - Registration Module Pages/Third Screen - Upload Supporting Doc- Preview/Supporting Doc Please Select Drop Down' is clicked on

2018-12-07 10:13:36 - [MESSAGE][PASSED] - Object: 'Object Repository/Final Object Repo/New Registration - Registration Module Pages/Third Screen - Upload Supporting Doc- Preview/Supporting Doc Please Select Drop Down' is clicked on

2018-12-07 10:13:36 - [TEST_STEP][PASSED] - delay: Delayed 2 second(s)

2018-12-07 10:13:38 - [MESSAGE][PASSED] - Delayed 2 second(s)

2018-12-07 10:13:38 - [TEST_STEP][PASSED] - click: Object: 'Object Repository/Final Object Repo/New Registration - Registration Module Pages/Third Screen - Upload Supporting Doc- Preview/Select to Upload Form 2' is clicked on

2018-12-07 10:13:38 - [MESSAGE][PASSED] - Object: 'Object Repository/Final Object Repo/New Registration - Registration Module Pages/Third Screen - Upload Supporting Doc- Preview/Select to Upload Form 2' is clicked on

2018-12-07 10:13:38 - [TEST_STEP][PASSED] - delay: Delayed 2 second(s)

2018-12-07 10:13:40 - [MESSAGE][PASSED] - Delayed 2 second(s)

2018-12-07 10:13:40 - [TEST_STEP][PASSED] - uploadFile: File 'C:\Users\Public\Pictures\Sample Pictures\Koala.jpg' sent to object: 'Object Repository/Final Object Repo/New Registration - Registration Module Pages/Third Screen - Upload Supporting Doc- Preview/Upload File Adding'

2018-12-07 10:13:40 - [MESSAGE][PASSED] - File 'C:\Users\Public\Pictures\Sample Pictures\Koala.jpg' sent to object: 'Object Repository/Final Object Repo/New Registration - Registration Module Pages/Third Screen - Upload Supporting Doc- Preview/Upload File Adding'

2018-12-07 10:13:40 - [TEST_STEP][PASSED] - click: Object: 'Object Repository/Final Object Repo/New Registration - Registration Module Pages/Third Screen - Upload Supporting Doc- Preview/Inner Form Add Document Button' is clicked on

2018-12-07 10:13:41 - [MESSAGE][PASSED] - Object: 'Object Repository/Final Object Repo/New Registration - Registration Module Pages/Third Screen - Upload Supporting Doc- Preview/Inner Form Add Document Button' is clicked on

2018-12-07 10:13:41 - [TEST_STEP][PASSED] - delay: Delayed 5 second(s)

2018-12-07 10:13:46 - [MESSAGE][PASSED] - Delayed 5 second(s)

2018-12-07 10:13:46 - [TEST_STEP][PASSED] - click: Object: 'Object Repository/Final Object Repo/New Registration - Registration Module Pages/Third Screen - Upload Supporting Doc- Preview/Add Document Button' is clicked on

2018-12-07 10:13:46 - [MESSAGE][PASSED] - Object: 'Object Repository/Final Object Repo/New Registration - Registration Module Pages/Third Screen - Upload Supporting Doc- Preview/Add Document Button' is clicked on

2018-12-07 10:13:46 - [TEST_STEP][PASSED] - delay: Delayed 30 second(s)

2018-12-07 10:14:16 - [MESSAGE][PASSED] - Delayed 30 second(s)

2018-12-07 10:14:16 - [TEST_STEP][PASSED] - click: Object: 'Object Repository/Final Object Repo/New Registration - Registration Module Pages/Third Screen - Upload Supporting Doc- Preview/Supporting Doc Please Select Drop Down' is clicked on

2018-12-07 10:14:16 - [MESSAGE][PASSED] - Object: 'Object Repository/Final Object Repo/New Registration - Registration Module Pages/Third Screen - Upload Supporting Doc- Preview/Supporting Doc Please Select Drop Down' is clicked on

2018-12-07 10:14:16 - [TEST_STEP][PASSED] - click: Object: 'Object Repository/Final Object Repo/New Registration - Registration Module Pages/Third Screen - Upload Supporting Doc- Preview/Select to Upload Borang SIP 1' is clicked on

2018-12-07 10:14:16 - [MESSAGE][PASSED] - Object: 'Object Repository/Final Object Repo/New Registration - Registration Module Pages/Third Screen - Upload Supporting Doc- Preview/Select to Upload Borang SIP 1' is clicked on

2018-12-07 10:14:16 - [TEST_STEP][PASSED] - delay: Delayed 2 second(s)

2018-12-07 10:14:18 - [MESSAGE][PASSED] - Delayed 2 second(s)

2018-12-07 10:14:18 - [TEST_STEP][PASSED] - uploadFile: File 'C:\Users\Public\Pictures\Sample Pictures\Koala.jpg' sent to object: 'Object Repository/Final Object Repo/New Registration - Registration Module Pages/Third Screen - Upload Supporting Doc- Preview/Upload File Adding'

2018-12-07 10:14:18 - [MESSAGE][PASSED] - File 'C:\Users\Public\Pictures\Sample Pictures\Koala.jpg' sent to object: 'Object Repository/Final Object Repo/New Registration - Registration Module Pages/Third Screen - Upload Supporting Doc- Preview/Upload File Adding'

2018-12-07 10:14:18 - [TEST_STEP][PASSED] - click: Object: 'Object Repository/Final Object Repo/New Registration - Registration Module Pages/Third Screen - Upload Supporting Doc- Preview/Inner Form Add Document Button' is clicked on

2018-12-07 10:14:19 - [MESSAGE][PASSED] - Object: 'Object Repository/Final Object Repo/New Registration - Registration Module Pages/Third Screen - Upload Supporting Doc- Preview/Inner Form Add Document Button' is clicked on

2018-12-07 10:14:19 - [TEST_STEP][PASSED] - delay: Delayed 5 second(s)

2018-12-07 10:14:24 - [MESSAGE][PASSED] - Delayed 5 second(s)

2018-12-07 10:14:24 - [TEST_STEP][PASSED] - click: Object: 'Object Repository/Final Object Repo/New Registration - Registration Module Pages/Third Screen - Upload Supporting Doc- Preview/Add Document Button' is clicked on

2018-12-07 10:14:24 - [MESSAGE][PASSED] - Object: 'Object Repository/Final Object Repo/New Registration - Registration Module Pages/Third Screen - Upload Supporting Doc- Preview/Add Document Button' is clicked on

2018-12-07 10:14:24 - [TEST_STEP][PASSED] - delay: Delayed 30 second(s)

2018-12-07 10:14:54 - [MESSAGE][PASSED] - Delayed 30 second(s)

2018-12-07 10:14:54 - [TEST_STEP][PASSED] - click: Object: 'Object Repository/Final Object Repo/New Registration - Registration Module Pages/Third Screen - Upload Supporting Doc- Preview/Supporting Doc Please Select Drop Down' is clicked on

2018-12-07 10:14:54 - [MESSAGE][PASSED] - Object: 'Object Repository/Final Object Repo/New Registration - Registration Module Pages/Third Screen - Upload Supporting Doc- Preview/Supporting Doc Please Select Drop Down' is clicked on

2018-12-07 10:14:54 - [TEST_STEP][PASSED] - delay: Delayed 3 second(s)

2018-12-07 10:14:57 - [MESSAGE][PASSED] - Delayed 3 second(s)

2018-12-07 10:14:57 - [TEST_STEP][PASSED] - click: Object: 'Object Repository/Final Object Repo/New Registration - Registration Module Pages/Third Screen - Upload Supporting Doc- Preview/Select to Upload Borang SIP 2' is clicked on

2018-12-07 10:14:57 - [MESSAGE][PASSED] - Object: 'Object Repository/Final Object Repo/New Registration - Registration Module Pages/Third Screen - Upload Supporting Doc- Preview/Select to Upload Borang SIP 2' is clicked on

2018-12-07 10:14:57 - [TEST_STEP][PASSED] - delay: Delayed 2 second(s)

2018-12-07 10:14:59 - [MESSAGE][PASSED] - Delayed 2 second(s)

2018-12-07 10:14:59 - [TEST_STEP][PASSED] - uploadFile: File 'C:\Users\Public\Pictures\Sample Pictures\Koala.jpg' sent to object: 'Object Repository/Final Object Repo/New Registration - Registration Module Pages/Third Screen - Upload Supporting Doc- Preview/Upload File Adding'

2018-12-07 10:14:59 - [MESSAGE][PASSED] - File 'C:\Users\Public\Pictures\Sample Pictures\Koala.jpg' sent to object: 'Object Repository/Final Object Repo/New Registration - Registration Module Pages/Third Screen - Upload Supporting Doc- Preview/Upload File Adding'

2018-12-07 10:14:59 - [TEST_STEP][PASSED] - delay: Delayed 5 second(s)

2018-12-07 10:15:04 - [MESSAGE][PASSED] - Delayed 5 second(s)

2018-12-07 10:15:04 - [TEST_STEP][PASSED] - click: Object: 'Object Repository/Final Object Repo/New Registration - Registration Module Pages/Third Screen - Upload Supporting Doc- Preview/Inner Form Add Document Button' is clicked on

2018-12-07 10:15:04 - [MESSAGE][PASSED] - Object: 'Object Repository/Final Object Repo/New Registration - Registration Module Pages/Third Screen - Upload Supporting Doc- Preview/Inner Form Add Document Button' is clicked on

2018-12-07 10:15:04 - [TEST_STEP][PASSED] - delay: Delayed 3 second(s)

2018-12-07 10:15:07 - [MESSAGE][PASSED] - Delayed 3 second(s)

2018-12-07 10:15:07 - [TEST_STEP][PASSED] - waitForElementClickable: Object 'Object Repository/Final Object Repo/New Registration - Registration Module Pages/Third Screen - Upload Supporting Doc- Preview/Save n Continue in Uploading Supporting Doc Page' is clickable

2018-12-07 10:15:08 - [MESSAGE][PASSED] - Object 'Object Repository/Final Object Repo/New Registration - Registration Module Pages/Third Screen - Upload Supporting Doc- Preview/Save n Continue in Uploading Supporting Doc Page' is clickable

2018-12-07 10:15:08 - [TEST_STEP][PASSED] - click: Object: 'Object Repository/Final Object Repo/New Registration - Registration Module Pages/Third Screen - Upload Supporting Doc- Preview/Save n Continue in Uploading Supporting Doc Page' is clicked on

2018-12-07 10:15:09 - [MESSAGE][PASSED] - Object: 'Object Repository/Final Object Repo/New Registration - Registration Module Pages/Third Screen - Upload Supporting Doc- Preview/Save n Continue in Uploading Supporting Doc Page' is clicked on

2018-12-07 10:15:09 - [MESSAGE][PASSED] - Call Test Case 'Test Cases/Final Aug 2018 - PKS Automation/Registration Module/New Registration/Flow of New Registration/Third Screen - Upload Supporting Doc - Preview' successfully

2018-12-07 10:15:09 - [TEST_STEP][PASSED] - setText: Text 'Tester' is set on object 'Object Repository/Final Object Repo/New Registration - Registration Module Pages/New Reg - OTC to RO/Special Case - All Related Objects/Employer Preview Name'

2018-12-07 10:15:14 - [MESSAGE][PASSED] - Text 'Tester' is set on object 'Object Repository/Final Object Repo/New Registration - Registration Module Pages/New Reg - OTC to RO/Special Case - All Related Objects/Employer Preview Name'

2018-12-07 10:15:14 - [TEST_STEP][PASSED] - click: Object: 'Object Repository/Final Object Repo/New Registration - Registration Module Pages/New Reg - OTC to RO/Special Case - All Related Objects/IC Type Drop Down' is clicked on

2018-12-07 10:15:14 - [MESSAGE][PASSED] - Object: 'Object Repository/Final Object Repo/New Registration - Registration Module Pages/New Reg - OTC to RO/Special Case - All Related Objects/IC Type Drop Down' is clicked on

2018-12-07 10:15:14 - [TEST_STEP][PASSED] - click: Object: 'Object Repository/Final Object Repo/New Registration - Registration Module Pages/New Reg - OTC to RO/Special Case - All Related Objects/Select to NRIC' is clicked on

2018-12-07 10:15:14 - [MESSAGE][PASSED] - Object: 'Object Repository/Final Object Repo/New Registration - Registration Module Pages/New Reg - OTC to RO/Special Case - All Related Objects/Select to NRIC' is clicked on

2018-12-07 10:15:14 - [TEST_STEP][PASSED] - setText: Text '133245561223' is set on object 'Object Repository/Final Object Repo/New Registration - Registration Module Pages/New Reg - OTC to RO/Special Case - All Related Objects/IC Value'

2018-12-07 10:15:14 - [MESSAGE][PASSED] - Text '133245561223' is set on object 'Object Repository/Final Object Repo/New Registration - Registration Module Pages/New Reg - OTC to RO/Special Case - All Related Objects/IC Value'

2018-12-07 10:15:14 - [TEST_STEP][PASSED] - setText: Text 'Auto' is set on object 'Object Repository/Final Object Repo/New Registration - Registration Module Pages/New Reg - OTC to RO/Special Case - All Related Objects/Designation'

2018-12-07 10:15:15 - [MESSAGE][PASSED] - Text 'Auto' is set on object 'Object Repository/Final Object Repo/New Registration - Registration Module Pages/New Reg - OTC to RO/Special Case - All Related Objects/Designation'

2018-12-07 10:15:15 - [TEST_STEP][PASSED] - callTestCase: Call Test Case 'Test Cases/Final Aug 2018 - PKS Automation/Registration Module/New Registration/Submit and Screenshot/Submit Registration and Screenshot - Copy' successfully

2018-12-07 10:15:15 - [TEST_CASE][PASSED] - Test Cases/Final Aug 2018 - PKS Automation/Registration Module/New Registration/Submit and Screenshot/Submit Registration and Screenshot - Copy: Test Cases/Final Aug 2018 - PKS Automation/Registration Module/New Registration/Submit and Screenshot/Submit Registration and Screenshot - Copy

2018-12-07 10:15:15 - [TEST_STEP][PASSED] - delay: Delayed 6 second(s)

2018-12-07 10:15:21 - [MESSAGE][PASSED] - Delayed 6 second(s)

2018-12-07 10:15:21 - [TEST_STEP][PASSED] - click: Object: 'Object Repository/Final Object Repo/New Registration - Registration Module Pages/Third Screen - Upload Supporting Doc- Preview/Preview Submit Button' is clicked on

2018-12-07 10:15:21 - [MESSAGE][PASSED] - Object: 'Object Repository/Final Object Repo/New Registration - Registration Module Pages/Third Screen - Upload Supporting Doc- Preview/Preview Submit Button' is clicked on

2018-12-07 10:15:21 - [TEST_STEP][PASSED] - delay: Delayed 2 second(s)

2018-12-07 10:15:23 - [MESSAGE][PASSED] - Delayed 2 second(s)

2018-12-07 10:15:23 - [TEST_STEP][PASSED] - click: Object: 'Object Repository/Final Object Repo/New Registration - Registration Module Pages/Third Screen - Upload Supporting Doc- Preview/Preview Submit - Confirm' is clicked on

2018-12-07 10:15:23 - [MESSAGE][PASSED] - Object: 'Object Repository/Final Object Repo/New Registration - Registration Module Pages/Third Screen - Upload Supporting Doc- Preview/Preview Submit - Confirm' is clicked on

2018-12-07 10:15:23 - [TEST_STEP][PASSED] - delay: Delayed 15 second(s)

2018-12-07 10:15:38 - [MESSAGE][PASSED] - Delayed 15 second(s)

2018-12-07 10:15:38 - [TEST_STEP][PASSED] - Statement - driver = com.kms.katalon.core.webui.driver.DriverFactory.getWebDriver(): null

2018-12-07 10:15:38 - [TEST_STEP][PASSED] - Statement - driver.manage().timeouts().implicitlyWait(10, SECONDS): null

2018-12-07 10:15:38 - [TEST_STEP][PASSED] - Statement - PresavePath = KatalonScreenshots: null

2018-12-07 10:15:38 - [TEST_STEP][PASSED] - Statement - pathPrefix = "C:\Users\Public\Pictures\Sample Pictures\Katalon Screenshots\Automate Ending Screen": null

2018-12-07 10:15:38 - [TEST_STEP][PASSED] - Statement - finalPath = <not implemented yet for class: org.codehaus.groovy.ast.expr.EmptyExpression>: null

2018-12-07 10:15:38 - [TEST_STEP][PASSED] - Statement - scrFile = driver.getScreenshotAs(FILE): null

2018-12-07 10:15:39 - [TEST_STEP][PASSED] - Statement - PreSaveFile = new java.io.File(PresavePath): null

2018-12-07 10:15:39 - [TEST_STEP][PASSED] - Statement - counter = 0: null

2018-12-07 10:15:39 - [TEST_STEP][PASSED] - Statement - If (PreSaveFile.exists()): null

2018-12-07 10:15:39 - [TEST_STEP][PASSED] - Statement - While (PreSaveFile.exists()): null

2018-12-07 10:15:39 - [TEST_STEP][PASSED] - Statement - counter = counter + 1: null

2018-12-07 10:15:39 - [TEST_STEP][PASSED] - Statement - PreSaveFile = new java.io.File(((pathPrefix + java.lang.Integer.toString(counter)) + .png)): null

2018-12-07 10:15:39 - [TEST_STEP][PASSED] - Statement - counter = counter + 1: null

2018-12-07 10:15:39 - [TEST_STEP][PASSED] - Statement - PreSaveFile = new java.io.File(((pathPrefix + java.lang.Integer.toString(counter)) + .png)): null

2018-12-07 10:15:39 - [TEST_STEP][PASSED] - Statement - counter = counter + 1: null

2018-12-07 10:15:39 - [TEST_STEP][PASSED] - Statement - PreSaveFile = new java.io.File(((pathPrefix + java.lang.Integer.toString(counter)) + .png)): null

2018-12-07 10:15:39 - [TEST_STEP][PASSED] - Statement - counter = counter + 1: null

2018-12-07 10:15:39 - [TEST_STEP][PASSED] - Statement - PreSaveFile = new java.io.File(((pathPrefix + java.lang.Integer.toString(counter)) + .png)): null

2018-12-07 10:15:39 - [TEST_STEP][PASSED] - Statement - counter = counter + 1: null

2018-12-07 10:15:39 - [TEST_STEP][PASSED] - Statement - PreSaveFile = new java.io.File(((pathPrefix + java.lang.Integer.toString(counter)) + .png)): null

2018-12-07 10:15:39 - [TEST_STEP][PASSED] - Statement - counter = counter + 1: null

2018-12-07 10:15:39 - [TEST_STEP][PASSED] - Statement - PreSaveFile = new java.io.File(((pathPrefix + java.lang.Integer.toString(counter)) + .png)): null

2018-12-07 10:15:39 - [TEST_STEP][PASSED] - Statement - counter = counter + 1: null

2018-12-07 10:15:39 - [TEST_STEP][PASSED] - Statement - PreSaveFile = new java.io.File(((pathPrefix + java.lang.Integer.toString(counter)) + .png)): null

2018-12-07 10:15:39 - [TEST_STEP][PASSED] - Statement - counter = counter + 1: null

2018-12-07 10:15:39 - [TEST_STEP][PASSED] - Statement - PreSaveFile = new java.io.File(((pathPrefix + java.lang.Integer.toString(counter)) + .png)): null

2018-12-07 10:15:39 - [TEST_STEP][PASSED] - Statement - counter = counter + 1: null

2018-12-07 10:15:39 - [TEST_STEP][PASSED] - Statement - PreSaveFile = new java.io.File(((pathPrefix + java.lang.Integer.toString(counter)) + .png)): null

2018-12-07 10:15:39 - [TEST_STEP][PASSED] - Statement - counter = counter + 1: null

2018-12-07 10:15:39 - [TEST_STEP][PASSED] - Statement - PreSaveFile = new java.io.File(((pathPrefix + java.lang.Integer.toString(counter)) + .png)): null

2018-12-07 10:15:39 - [TEST_STEP][PASSED] - Statement - counter = counter + 1: null

2018-12-07 10:15:39 - [TEST_STEP][PASSED] - Statement - PreSaveFile = new java.io.File(((pathPrefix + java.lang.Integer.toString(counter)) + .png)): null

2018-12-07 10:15:39 - [TEST_STEP][PASSED] - Statement - counter = counter + 1: null

2018-12-07 10:15:39 - [TEST_STEP][PASSED] - Statement - PreSaveFile = new java.io.File(((pathPrefix + java.lang.Integer.toString(counter)) + .png)): null

2018-12-07 10:15:39 - [TEST_STEP][PASSED] - Statement - counter = counter + 1: null

2018-12-07 10:15:39 - [TEST_STEP][PASSED] - Statement - PreSaveFile = new java.io.File(((pathPrefix + java.lang.Integer.toString(counter)) + .png)): null

2018-12-07 10:15:39 - [TEST_STEP][PASSED] - Statement - counter = counter + 1: null

2018-12-07 10:15:39 - [TEST_STEP][PASSED] - Statement - PreSaveFile = new java.io.File(((pathPrefix + java.lang.Integer.toString(counter)) + .png)): null

2018-12-07 10:15:39 - [TEST_STEP][PASSED] - Statement - counter = counter + 1: null

2018-12-07 10:15:39 - [TEST_STEP][PASSED] - Statement - PreSaveFile = new java.io.File(((pathPrefix + java.lang.Integer.toString(counter)) + .png)): null

2018-12-07 10:15:39 - [TEST_STEP][PASSED] - Statement - counter = counter + 1: null

2018-12-07 10:15:39 - [TEST_STEP][PASSED] - Statement - PreSaveFile = new java.io.File(((pathPrefix + java.lang.Integer.toString(counter)) + .png)): null

2018-12-07 10:15:39 - [TEST_STEP][PASSED] - Statement - counter = counter + 1: null

2018-12-07 10:15:39 - [TEST_STEP][PASSED] - Statement - PreSaveFile = new java.io.File(((pathPrefix + java.lang.Integer.toString(counter)) + .png)): null

2018-12-07 10:15:39 - [TEST_STEP][PASSED] - Statement - counter = counter + 1: null

2018-12-07 10:15:39 - [TEST_STEP][PASSED] - Statement - PreSaveFile = new java.io.File(((pathPrefix + java.lang.Integer.toString(counter)) + .png)): null

2018-12-07 10:15:39 - [TEST_STEP][PASSED] - Statement - counter = counter + 1: null

2018-12-07 10:15:39 - [TEST_STEP][PASSED] - Statement - PreSaveFile = new java.io.File(((pathPrefix + java.lang.Integer.toString(counter)) + .png)): null

2018-12-07 10:15:39 - [TEST_STEP][PASSED] - Statement - counter = counter + 1: null

2018-12-07 10:15:39 - [TEST_STEP][PASSED] - Statement - PreSaveFile = new java.io.File(((pathPrefix + java.lang.Integer.toString(counter)) + .png)): null

2018-12-07 10:15:39 - [TEST_STEP][PASSED] - Statement - counter = counter + 1: null

2018-12-07 10:15:39 - [TEST_STEP][PASSED] - Statement - PreSaveFile = new java.io.File(((pathPrefix + java.lang.Integer.toString(counter)) + .png)): null

2018-12-07 10:15:39 - [TEST_STEP][PASSED] - Statement - counter = counter + 1: null

2018-12-07 10:15:39 - [TEST_STEP][PASSED] - Statement - PreSaveFile = new java.io.File(((pathPrefix + java.lang.Integer.toString(counter)) + .png)): null

2018-12-07 10:15:39 - [TEST_STEP][PASSED] - Statement - counter = counter + 1: null

2018-12-07 10:15:39 - [TEST_STEP][PASSED] - Statement - PreSaveFile = new java.io.File(((pathPrefix + java.lang.Integer.toString(counter)) + .png)): null

2018-12-07 10:15:39 - [TEST_STEP][PASSED] - Statement - counter = counter + 1: null

2018-12-07 10:15:39 - [TEST_STEP][PASSED] - Statement - PreSaveFile = new java.io.File(((pathPrefix + java.lang.Integer.toString(counter)) + .png)): null

2018-12-07 10:15:39 - [TEST_STEP][PASSED] - Statement - counter = counter + 1: null

2018-12-07 10:15:39 - [TEST_STEP][PASSED] - Statement - PreSaveFile = new java.io.File(((pathPrefix + java.lang.Integer.toString(counter)) + .png)): null

2018-12-07 10:15:39 - [TEST_STEP][PASSED] - Statement - counter = counter + 1: null

2018-12-07 10:15:39 - [TEST_STEP][PASSED] - Statement - PreSaveFile = new java.io.File(((pathPrefix + java.lang.Integer.toString(counter)) + .png)): null

2018-12-07 10:15:39 - [TEST_STEP][PASSED] - Statement - counter = counter + 1: null

2018-12-07 10:15:39 - [TEST_STEP][PASSED] - Statement - PreSaveFile = new java.io.File(((pathPrefix + java.lang.Integer.toString(counter)) + .png)): null

2018-12-07 10:15:39 - [TEST_STEP][PASSED] - Statement - counter = counter + 1: null

2018-12-07 10:15:39 - [TEST_STEP][PASSED] - Statement - PreSaveFile = new java.io.File(((pathPrefix + java.lang.Integer.toString(counter)) + .png)): null

2018-12-07 10:15:39 - [TEST_STEP][PASSED] - Statement - counter = counter + 1: null

2018-12-07 10:15:39 - [TEST_STEP][PASSED] - Statement - PreSaveFile = new java.io.File(((pathPrefix + java.lang.Integer.toString(counter)) + .png)): null

2018-12-07 10:15:39 - [TEST_STEP][PASSED] - Statement - counter = counter + 1: null

2018-12-07 10:15:39 - [TEST_STEP][PASSED] - Statement - PreSaveFile = new java.io.File(((pathPrefix + java.lang.Integer.toString(counter)) + .png)): null

2018-12-07 10:15:39 - [TEST_STEP][PASSED] - Statement - counter = counter + 1: null

2018-12-07 10:15:39 - [TEST_STEP][PASSED] - Statement - PreSaveFile = new java.io.File(((pathPrefix + java.lang.Integer.toString(counter)) + .png)): null

2018-12-07 10:15:39 - [TEST_STEP][PASSED] - Statement - counter = counter + 1: null

2018-12-07 10:15:39 - [TEST_STEP][PASSED] - Statement - PreSaveFile = new java.io.File(((pathPrefix + java.lang.Integer.toString(counter)) + .png)): null

2018-12-07 10:15:39 - [TEST_STEP][PASSED] - Statement - counter = counter + 1: null

2018-12-07 10:15:39 - [TEST_STEP][PASSED] - Statement - PreSaveFile = new java.io.File(((pathPrefix + java.lang.Integer.toString(counter)) + .png)): null

2018-12-07 10:15:40 - [TEST_STEP][PASSED] - Statement - counter = counter + 1: null

2018-12-07 10:15:40 - [TEST_STEP][PASSED] - Statement - PreSaveFile = new java.io.File(((pathPrefix + java.lang.Integer.toString(counter)) + .png)): null

2018-12-07 10:15:40 - [TEST_STEP][PASSED] - Statement - counter = counter + 1: null

2018-12-07 10:15:40 - [TEST_STEP][PASSED] - Statement - PreSaveFile = new java.io.File(((pathPrefix + java.lang.Integer.toString(counter)) + .png)): null

2018-12-07 10:15:40 - [TEST_STEP][PASSED] - Statement - counter = counter + 1: null

2018-12-07 10:15:40 - [TEST_STEP][PASSED] - Statement - PreSaveFile = new java.io.File(((pathPrefix + java.lang.Integer.toString(counter)) + .png)): null

2018-12-07 10:15:40 - [TEST_STEP][PASSED] - Statement - counter = counter + 1: null

2018-12-07 10:15:40 - [TEST_STEP][PASSED] - Statement - PreSaveFile = new java.io.File(((pathPrefix + java.lang.Integer.toString(counter)) + .png)): null

2018-12-07 10:15:40 - [TEST_STEP][PASSED] - Statement - counter = counter + 1: null

2018-12-07 10:15:40 - [TEST_STEP][PASSED] - Statement - PreSaveFile = new java.io.File(((pathPrefix + java.lang.Integer.toString(counter)) + .png)): null

2018-12-07 10:15:40 - [TEST_STEP][PASSED] - Statement - counter = counter + 1: null

2018-12-07 10:15:40 - [TEST_STEP][PASSED] - Statement - PreSaveFile = new java.io.File(((pathPrefix + java.lang.Integer.toString(counter)) + .png)): null

2018-12-07 10:15:40 - [TEST_STEP][PASSED] - Statement - counter = counter + 1: null

2018-12-07 10:15:40 - [TEST_STEP][PASSED] - Statement - PreSaveFile = new java.io.File(((pathPrefix + java.lang.Integer.toString(counter)) + .png)): null

2018-12-07 10:15:40 - [TEST_STEP][PASSED] - Statement - counter = counter + 1: null

2018-12-07 10:15:40 - [TEST_STEP][PASSED] - Statement - PreSaveFile = new java.io.File(((pathPrefix + java.lang.Integer.toString(counter)) + .png)): null

2018-12-07 10:15:40 - [TEST_STEP][PASSED] - Statement - counter = counter + 1: null

2018-12-07 10:15:40 - [TEST_STEP][PASSED] - Statement - PreSaveFile = new java.io.File(((pathPrefix + java.lang.Integer.toString(counter)) + .png)): null

2018-12-07 10:15:40 - [TEST_STEP][PASSED] - Statement - counter = counter + 1: null

2018-12-07 10:15:40 - [TEST_STEP][PASSED] - Statement - PreSaveFile = new java.io.File(((pathPrefix + java.lang.Integer.toString(counter)) + .png)): null

2018-12-07 10:15:40 - [TEST_STEP][PASSED] - Statement - counter = counter + 1: null

2018-12-07 10:15:40 - [TEST_STEP][PASSED] - Statement - PreSaveFile = new java.io.File(((pathPrefix + java.lang.Integer.toString(counter)) + .png)): null

2018-12-07 10:15:40 - [TEST_STEP][PASSED] - Statement - counter = counter + 1: null

2018-12-07 10:15:40 - [TEST_STEP][PASSED] - Statement - PreSaveFile = new java.io.File(((pathPrefix + java.lang.Integer.toString(counter)) + .png)): null

2018-12-07 10:15:40 - [TEST_STEP][PASSED] - Statement - counter = counter + 1: null

2018-12-07 10:15:40 - [TEST_STEP][PASSED] - Statement - PreSaveFile = new java.io.File(((pathPrefix + java.lang.Integer.toString(counter)) + .png)): null

2018-12-07 10:15:40 - [TEST_STEP][PASSED] - Statement - counter = counter + 1: null

2018-12-07 10:15:40 - [TEST_STEP][PASSED] - Statement - PreSaveFile = new java.io.File(((pathPrefix + java.lang.Integer.toString(counter)) + .png)): null

2018-12-07 10:15:40 - [TEST_STEP][PASSED] - Statement - counter = counter + 1: null

2018-12-07 10:15:41 - [TEST_STEP][PASSED] - Statement - PreSaveFile = new java.io.File(((pathPrefix + java.lang.Integer.toString(counter)) + .png)): null

2018-12-07 10:15:41 - [TEST_STEP][PASSED] - Statement - counter = counter + 1: null

2018-12-07 10:15:41 - [TEST_STEP][PASSED] - Statement - PreSaveFile = new java.io.File(((pathPrefix + java.lang.Integer.toString(counter)) + .png)): null

2018-12-07 10:15:41 - [TEST_STEP][PASSED] - Statement - counter = counter + 1: null

2018-12-07 10:15:41 - [TEST_STEP][PASSED] - Statement - PreSaveFile = new java.io.File(((pathPrefix + java.lang.Integer.toString(counter)) + .png)): null

2018-12-07 10:15:41 - [TEST_STEP][PASSED] - Statement - counter = counter + 1: null

2018-12-07 10:15:41 - [TEST_STEP][PASSED] - Statement - PreSaveFile = new java.io.File(((pathPrefix + java.lang.Integer.toString(counter)) + .png)): null

2018-12-07 10:15:41 - [TEST_STEP][PASSED] - Statement - counter = counter + 1: null

2018-12-07 10:15:41 - [TEST_STEP][PASSED] - Statement - PreSaveFile = new java.io.File(((pathPrefix + java.lang.Integer.toString(counter)) + .png)): null

2018-12-07 10:15:41 - [TEST_STEP][PASSED] - Statement - counter = counter + 1: null

2018-12-07 10:15:41 - [TEST_STEP][PASSED] - Statement - PreSaveFile = new java.io.File(((pathPrefix + java.lang.Integer.toString(counter)) + .png)): null

2018-12-07 10:15:41 - [TEST_STEP][PASSED] - Statement - counter = counter + 1: null

2018-12-07 10:15:41 - [TEST_STEP][PASSED] - Statement - PreSaveFile = new java.io.File(((pathPrefix + java.lang.Integer.toString(counter)) + .png)): null

2018-12-07 10:15:41 - [TEST_STEP][PASSED] - Statement - counter = counter + 1: null

2018-12-07 10:15:41 - [TEST_STEP][PASSED] - Statement - PreSaveFile = new java.io.File(((pathPrefix + java.lang.Integer.toString(counter)) + .png)): null

2018-12-07 10:15:41 - [TEST_STEP][PASSED] - Statement - counter = counter + 1: null

2018-12-07 10:15:41 - [TEST_STEP][PASSED] - Statement - PreSaveFile = new java.io.File(((pathPrefix + java.lang.Integer.toString(counter)) + .png)): null

2018-12-07 10:15:41 - [TEST_STEP][PASSED] - Statement - counter = counter + 1: null

2018-12-07 10:15:41 - [TEST_STEP][PASSED] - Statement - PreSaveFile = new java.io.File(((pathPrefix + java.lang.Integer.toString(counter)) + .png)): null

2018-12-07 10:15:41 - [TEST_STEP][PASSED] - Statement - counter = counter + 1: null

2018-12-07 10:15:41 - [TEST_STEP][PASSED] - Statement - PreSaveFile = new java.io.File(((pathPrefix + java.lang.Integer.toString(counter)) + .png)): null

2018-12-07 10:15:41 - [TEST_STEP][PASSED] - Statement - counter = counter + 1: null

2018-12-07 10:15:41 - [TEST_STEP][PASSED] - Statement - PreSaveFile = new java.io.File(((pathPrefix + java.lang.Integer.toString(counter)) + .png)): null

2018-12-07 10:15:41 - [TEST_STEP][PASSED] - Statement - counter = counter + 1: null

2018-12-07 10:15:41 - [TEST_STEP][PASSED] - Statement - PreSaveFile = new java.io.File(((pathPrefix + java.lang.Integer.toString(counter)) + .png)): null

2018-12-07 10:15:41 - [TEST_STEP][PASSED] - Statement - counter = counter + 1: null

2018-12-07 10:15:41 - [TEST_STEP][PASSED] - Statement - PreSaveFile = new java.io.File(((pathPrefix + java.lang.Integer.toString(counter)) + .png)): null

2018-12-07 10:15:41 - [TEST_STEP][PASSED] - Statement - counter = counter + 1: null

2018-12-07 10:15:41 - [TEST_STEP][PASSED] - Statement - PreSaveFile = new java.io.File(((pathPrefix + java.lang.Integer.toString(counter)) + .png)): null

2018-12-07 10:15:42 - [TEST_STEP][PASSED] - Statement - counter = counter + 1: null

2018-12-07 10:15:42 - [TEST_STEP][PASSED] - Statement - PreSaveFile = new java.io.File(((pathPrefix + java.lang.Integer.toString(counter)) + .png)): null

2018-12-07 10:15:42 - [TEST_STEP][PASSED] - Statement - counter = counter + 1: null

2018-12-07 10:15:42 - [TEST_STEP][PASSED] - Statement - PreSaveFile = new java.io.File(((pathPrefix + java.lang.Integer.toString(counter)) + .png)): null

2018-12-07 10:15:42 - [TEST_STEP][PASSED] - Statement - counter = counter + 1: null

2018-12-07 10:15:42 - [TEST_STEP][PASSED] - Statement - PreSaveFile = new java.io.File(((pathPrefix + java.lang.Integer.toString(counter)) + .png)): null

2018-12-07 10:15:42 - [TEST_STEP][PASSED] - Statement - counter = counter + 1: null

2018-12-07 10:15:42 - [TEST_STEP][PASSED] - Statement - PreSaveFile = new java.io.File(((pathPrefix + java.lang.Integer.toString(counter)) + .png)): null

2018-12-07 10:15:42 - [TEST_STEP][PASSED] - Statement - counter = counter + 1: null

2018-12-07 10:15:42 - [TEST_STEP][PASSED] - Statement - PreSaveFile = new java.io.File(((pathPrefix + java.lang.Integer.toString(counter)) + .png)): null

2018-12-07 10:15:42 - [TEST_STEP][PASSED] - Statement - counter = counter + 1: null

2018-12-07 10:15:42 - [TEST_STEP][PASSED] - Statement - PreSaveFile = new java.io.File(((pathPrefix + java.lang.Integer.toString(counter)) + .png)): null

2018-12-07 10:15:42 - [TEST_STEP][PASSED] - Statement - counter = counter + 1: null

2018-12-07 10:15:42 - [TEST_STEP][PASSED] - Statement - PreSaveFile = new java.io.File(((pathPrefix + java.lang.Integer.toString(counter)) + .png)): null

2018-12-07 10:15:42 - [TEST_STEP][PASSED] - Statement - counter = counter + 1: null

2018-12-07 10:15:42 - [TEST_STEP][PASSED] - Statement - PreSaveFile = new java.io.File(((pathPrefix + java.lang.Integer.toString(counter)) + .png)): null

2018-12-07 10:15:42 - [TEST_STEP][PASSED] - Statement - counter = counter + 1: null

2018-12-07 10:15:42 - [TEST_STEP][PASSED] - Statement - PreSaveFile = new java.io.File(((pathPrefix + java.lang.Integer.toString(counter)) + .png)): null

2018-12-07 10:15:42 - [TEST_STEP][PASSED] - Statement - counter = counter + 1: null

2018-12-07 10:15:42 - [TEST_STEP][PASSED] - Statement - PreSaveFile = new java.io.File(((pathPrefix + java.lang.Integer.toString(counter)) + .png)): null

2018-12-07 10:15:42 - [TEST_STEP][PASSED] - Statement - counter = counter + 1: null

2018-12-07 10:15:42 - [TEST_STEP][PASSED] - Statement - PreSaveFile = new java.io.File(((pathPrefix + java.lang.Integer.toString(counter)) + .png)): null

2018-12-07 10:15:42 - [TEST_STEP][PASSED] - Statement - counter = counter + 1: null

2018-12-07 10:15:42 - [TEST_STEP][PASSED] - Statement - PreSaveFile = new java.io.File(((pathPrefix + java.lang.Integer.toString(counter)) + .png)): null

2018-12-07 10:15:42 - [TEST_STEP][PASSED] - Statement - counter = counter + 1: null

2018-12-07 10:15:42 - [TEST_STEP][PASSED] - Statement - PreSaveFile = new java.io.File(((pathPrefix + java.lang.Integer.toString(counter)) + .png)): null

2018-12-07 10:15:42 - [TEST_STEP][PASSED] - Statement - counter = counter + 1: null

2018-12-07 10:15:42 - [TEST_STEP][PASSED] - Statement - PreSaveFile = new java.io.File(((pathPrefix + java.lang.Integer.toString(counter)) + .png)): null

2018-12-07 10:15:42 - [TEST_STEP][PASSED] - Statement - counter = counter + 1: null

2018-12-07 10:15:43 - [TEST_STEP][PASSED] - Statement - PreSaveFile = new java.io.File(((pathPrefix + java.lang.Integer.toString(counter)) + .png)): null

2018-12-07 10:15:43 - [TEST_STEP][PASSED] - Statement - counter = counter + 1: null

2018-12-07 10:15:43 - [TEST_STEP][PASSED] - Statement - PreSaveFile = new java.io.File(((pathPrefix + java.lang.Integer.toString(counter)) + .png)): null

2018-12-07 10:15:43 - [TEST_STEP][PASSED] - Statement - counter = counter + 1: null

2018-12-07 10:15:43 - [TEST_STEP][PASSED] - Statement - PreSaveFile = new java.io.File(((pathPrefix + java.lang.Integer.toString(counter)) + .png)): null

2018-12-07 10:15:43 - [TEST_STEP][PASSED] - Statement - counter = counter + 1: null

2018-12-07 10:15:43 - [TEST_STEP][PASSED] - Statement - PreSaveFile = new java.io.File(((pathPrefix + java.lang.Integer.toString(counter)) + .png)): null

2018-12-07 10:15:43 - [TEST_STEP][PASSED] - Statement - counter = counter + 1: null

2018-12-07 10:15:43 - [TEST_STEP][PASSED] - Statement - PreSaveFile = new java.io.File(((pathPrefix + java.lang.Integer.toString(counter)) + .png)): null

2018-12-07 10:15:43 - [TEST_STEP][PASSED] - Statement - counter = counter + 1: null

2018-12-07 10:15:43 - [TEST_STEP][PASSED] - Statement - PreSaveFile = new java.io.File(((pathPrefix + java.lang.Integer.toString(counter)) + .png)): null

2018-12-07 10:15:43 - [TEST_STEP][PASSED] - Statement - counter = counter + 1: null

2018-12-07 10:15:43 - [TEST_STEP][PASSED] - Statement - PreSaveFile = new java.io.File(((pathPrefix + java.lang.Integer.toString(counter)) + .png)): null

2018-12-07 10:15:43 - [TEST_STEP][PASSED] - Statement - counter = counter + 1: null

2018-12-07 10:15:43 - [TEST_STEP][PASSED] - Statement - PreSaveFile = new java.io.File(((pathPrefix + java.lang.Integer.toString(counter)) + .png)): null

2018-12-07 10:15:43 - [TEST_STEP][PASSED] - Statement - counter = counter + 1: null

2018-12-07 10:15:43 - [TEST_STEP][PASSED] - Statement - PreSaveFile = new java.io.File(((pathPrefix + java.lang.Integer.toString(counter)) + .png)): null

2018-12-07 10:15:43 - [TEST_STEP][PASSED] - Statement - counter = counter + 1: null

2018-12-07 10:15:43 - [TEST_STEP][PASSED] - Statement - PreSaveFile = new java.io.File(((pathPrefix + java.lang.Integer.toString(counter)) + .png)): null

2018-12-07 10:15:43 - [TEST_STEP][PASSED] - Statement - counter = counter + 1: null

2018-12-07 10:15:43 - [TEST_STEP][PASSED] - Statement - PreSaveFile = new java.io.File(((pathPrefix + java.lang.Integer.toString(counter)) + .png)): null

2018-12-07 10:15:43 - [TEST_STEP][PASSED] - Statement - counter = counter + 1: null

2018-12-07 10:15:43 - [TEST_STEP][PASSED] - Statement - PreSaveFile = new java.io.File(((pathPrefix + java.lang.Integer.toString(counter)) + .png)): null

2018-12-07 10:15:43 - [TEST_STEP][PASSED] - Statement - counter = counter + 1: null

2018-12-07 10:15:43 - [TEST_STEP][PASSED] - Statement - PreSaveFile = new java.io.File(((pathPrefix + java.lang.Integer.toString(counter)) + .png)): null

2018-12-07 10:15:43 - [TEST_STEP][PASSED] - Statement - counter = counter + 1: null

2018-12-07 10:15:43 - [TEST_STEP][PASSED] - Statement - PreSaveFile = new java.io.File(((pathPrefix + java.lang.Integer.toString(counter)) + .png)): null

2018-12-07 10:15:43 - [TEST_STEP][PASSED] - Statement - counter = counter + 1: null

2018-12-07 10:15:43 - [TEST_STEP][PASSED] - Statement - PreSaveFile = new java.io.File(((pathPrefix + java.lang.Integer.toString(counter)) + .png)): null

2018-12-07 10:15:43 - [TEST_STEP][PASSED] - Statement - counter = counter + 1: null

2018-12-07 10:15:43 - [TEST_STEP][PASSED] - Statement - PreSaveFile = new java.io.File(((pathPrefix + java.lang.Integer.toString(counter)) + .png)): null

2018-12-07 10:15:43 - [TEST_STEP][PASSED] - Statement - counter = counter + 1: null

2018-12-07 10:15:43 - [TEST_STEP][PASSED] - Statement - PreSaveFile = new java.io.File(((pathPrefix + java.lang.Integer.toString(counter)) + .png)): null

2018-12-07 10:15:43 - [TEST_STEP][PASSED] - Statement - counter = counter + 1: null

2018-12-07 10:15:43 - [TEST_STEP][PASSED] - Statement - PreSaveFile = new java.io.File(((pathPrefix + java.lang.Integer.toString(counter)) + .png)): null

2018-12-07 10:15:43 - [TEST_STEP][PASSED] - Statement - counter = counter + 1: null

2018-12-07 10:15:43 - [TEST_STEP][PASSED] - Statement - PreSaveFile = new java.io.File(((pathPrefix + java.lang.Integer.toString(counter)) + .png)): null

2018-12-07 10:15:43 - [TEST_STEP][PASSED] - Statement - counter = counter + 1: null

2018-12-07 10:15:44 - [TEST_STEP][PASSED] - Statement - PreSaveFile = new java.io.File(((pathPrefix + java.lang.Integer.toString(counter)) + .png)): null

2018-12-07 10:15:44 - [TEST_STEP][PASSED] - Statement - counter = counter + 1: null

2018-12-07 10:15:44 - [TEST_STEP][PASSED] - Statement - PreSaveFile = new java.io.File(((pathPrefix + java.lang.Integer.toString(counter)) + .png)): null

2018-12-07 10:15:44 - [TEST_STEP][PASSED] - Statement - counter = counter + 1: null

2018-12-07 10:15:44 - [TEST_STEP][PASSED] - Statement - PreSaveFile = new java.io.File(((pathPrefix + java.lang.Integer.toString(counter)) + .png)): null

2018-12-07 10:15:44 - [TEST_STEP][PASSED] - Statement - counter = counter + 1: null

2018-12-07 10:15:44 - [TEST_STEP][PASSED] - Statement - PreSaveFile = new java.io.File(((pathPrefix + java.lang.Integer.toString(counter)) + .png)): null

2018-12-07 10:15:44 - [TEST_STEP][PASSED] - Statement - counter = counter + 1: null

2018-12-07 10:15:44 - [TEST_STEP][PASSED] - Statement - PreSaveFile = new java.io.File(((pathPrefix + java.lang.Integer.toString(counter)) + .png)): null

2018-12-07 10:15:44 - [TEST_STEP][PASSED] - Statement - finalPath = pathPrefix + java.lang.Integer.toString(counter) + ".png": null

2018-12-07 10:15:44 - [TEST_STEP][PASSED] - Statement - SaveFile = new java.io.File(finalPath): null

2018-12-07 10:15:44 - [TEST_STEP][PASSED] - Statement - Try: null

2018-12-07 10:15:44 - [TEST_STEP][PASSED] - Statement - org.apache.commons.io.FileUtils.copyFile(scrFile, SaveFile): null

2018-12-07 10:15:44 - [TEST_STEP][PASSED] - Statement - out.println("file kept"): null

2018-12-07 10:15:44 - [TEST_STEP][PASSED] - delay: Delayed 10 second(s)

2018-12-07 10:15:54 - [MESSAGE][PASSED] - Delayed 10 second(s)

2018-12-07 10:15:54 - [MESSAGE][PASSED] - Call Test Case 'Test Cases/Final Aug 2018 - PKS Automation/Registration Module/New Registration/Submit and Screenshot/Submit Registration and Screenshot - Copy' successfully

2018-12-07 10:15:54 - [TEST_STEP][PASSED] - Statement - UpdateAddNewECode = com.kms.katalon.core.webui.keyword.WebUiBuiltInKeywords.getText(com.kms.katalon.core.testobject.ObjectRepository.findTestObject(Object Repository/Final Object Repo/Page_Update Add New Employee - ASSIST/getEmpCode)): Text of object 'Object Repository/Final Object Repo/Page_Update Add New Employee - ASSIST/getEmpCode' is: 'E1102070665K'

2018-12-07 10:15:54 - [MESSAGE][PASSED] - Text of object 'Object Repository/Final Object Repo/Page_Update Add New Employee - ASSIST/getEmpCode' is: 'E1102070665K'

2018-12-07 10:15:54 - [TEST_STEP][PASSED] - callTestCase: Call Test Case 'Test Cases/Final Aug 2018 - PKS Automation/Common/Emp Code Setter' successfully

2018-12-07 10:15:54 - [TEST_CASE][PASSED] - Test Cases/Final Aug 2018 - PKS Automation/Common/Emp Code Setter: Test Cases/Final Aug 2018 - PKS Automation/Common/Emp Code Setter

2018-12-07 10:15:54 - [TEST_STEP][PASSED] - Statement - EmpCodeOld = new java.io.File(C://Users//Admin//Desktop//PKS//Automation Reference Point//EmpCode.txt): null

2018-12-07 10:15:54 - [TEST_STEP][PASSED] - Statement - EmpCodeOld.delete(): null

2018-12-07 10:15:54 - [TEST_STEP][PASSED] - Statement - EmpCode = new java.io.File(C://Users//Admin//Desktop//PKS//Automation Reference Point//EmpCode.txt): null

2018-12-07 10:15:54 - [TEST_STEP][PASSED] - Statement - f2 = new java.io.FileWriter(EmpCode, false): null

2018-12-07 10:15:54 - [TEST_STEP][PASSED] - Statement - f2.write(UpdateAddNewECode): null

2018-12-07 10:15:54 - [TEST_STEP][PASSED] - Statement - f2.close(): null

2018-12-07 10:15:54 - [TEST_STEP][PASSED] - Statement - out.println("


" + UpdateAddNewECode + "


"): null

2018-12-07 10:15:54 - [MESSAGE][PASSED] - Call Test Case 'Test Cases/Final Aug 2018 - PKS Automation/Common/Emp Code Setter' successfully

2018-12-07 10:15:54 - [MESSAGE][PASSED] - Call Test Case 'Test Cases/Final Aug 2018 - PKS Automation/Registration Module/Workflow/Update Add New Employee/Template/New Company for Update Add New - Employer' successfully

2018-12-07 10:15:54 - [TEST_STEP][PASSED] - callTestCase: Call Test Case 'Test Cases/Final Aug 2018 - PKS Automation/Registration Module/Log Out/log out avoiding katalon tagging' successfully

2018-12-07 10:15:54 - [TEST_CASE][PASSED] - Test Cases/Final Aug 2018 - PKS Automation/Registration Module/Log Out/log out avoiding katalon tagging: Test Cases/Final Aug 2018 - PKS Automation/Registration Module/Log Out/log out avoiding katalon tagging

2018-12-07 10:15:54 - [TEST_STEP][PASSED] - navigateToUrl: Navigate to 'https://assist2-uat.perkeso.gov.my/c/portal/logout' successfully

2018-12-07 10:15:55 - [MESSAGE][PASSED] - Navigate to 'https://assist2-uat.perkeso.gov.my/c/portal/logout' successfully

2018-12-07 10:15:55 - [MESSAGE][PASSED] - Call Test Case 'Test Cases/Final Aug 2018 - PKS Automation/Registration Module/Log Out/log out avoiding katalon tagging' successfully

2018-12-07 10:15:55 - [TEST_STEP][PASSED] - callTestCase: Call Test Case 'Test Cases/Final Aug 2018 - PKS Automation/Registration Module/New Registration/Form 2/Date Updater' successfully

2018-12-07 10:15:55 - [TEST_CASE][PASSED] - Test Cases/Final Aug 2018 - PKS Automation/Registration Module/New Registration/Form 2/Date Updater: Test Cases/Final Aug 2018 - PKS Automation/Registration Module/New Registration/Form 2/Date Updater

2018-12-07 10:15:55 - [TEST_STEP][PASSED] - Statement - TodayDate = new java.util.Date(): null

2018-12-07 10:15:55 - [TEST_STEP][PASSED] - Statement - CurrentDateNoFilter = new java.text.SimpleDateFormat(): null

2018-12-07 10:15:55 - [TEST_STEP][PASSED] - Statement - CurrentDateNoFilter.applyPattern("MM"): null

2018-12-07 10:15:55 - [TEST_STEP][PASSED] - Statement - monthContainerMatcher = java.lang.Integer.parseInt(CurrentDateNoFilter.format(TodayDate)): null

2018-12-07 10:15:55 - [TEST_STEP][PASSED] - Statement - monthContainerMatcher = monthContainerMatcher - 1: null

2018-12-07 10:15:55 - [TEST_STEP][PASSED] - Statement - CurrentMonth = monthContainerMatcher.toString(): null

2018-12-07 10:15:55 - [TEST_STEP][PASSED] - Statement - CurrentMonth = CurrentMonth: null

2018-12-07 10:15:55 - [TEST_STEP][PASSED] - Statement - CurrentDateNoFilter.applyPattern("yyyy"): null

2018-12-07 10:15:55 - [TEST_STEP][PASSED] - Statement - CurrentYear = CurrentDateNoFilter.format(TodayDate): null

2018-12-07 10:15:55 - [TEST_STEP][PASSED] - Statement - CurrentYear = CurrentYear: null

2018-12-07 10:15:55 - [TEST_STEP][PASSED] - Statement - intCurrentYear = java.lang.Integer.parseInt(CurrentDateNoFilter.format(TodayDate)): null

2018-12-07 10:15:55 - [TEST_STEP][PASSED] - Statement - eighteenYrsAgo = intCurrentYear - 18: null

2018-12-07 10:15:55 - [TEST_STEP][PASSED] - Statement - eighteenYrsBeforeThisYr = eighteenYrsAgo.toString(): null

2018-12-07 10:15:55 - [TEST_STEP][PASSED] - Statement - EighteenYrsBefore = eighteenYrsBeforeThisYr: null

2018-12-07 10:15:55 - [TEST_STEP][PASSED] - Statement - fiftysevenYrsAgo = intCurrentYear - 57: null

2018-12-07 10:15:55 - [TEST_STEP][PASSED] - Statement - fiftysevenYrsBeforeThisYr = fiftysevenYrsAgo.toString(): null

2018-12-07 10:15:55 - [TEST_STEP][PASSED] - Statement - FiftysevenYrsBefore = fiftysevenYrsBeforeThisYr: null

2018-12-07 10:15:55 - [TEST_STEP][PASSED] - Statement - leapYear = false: null

2018-12-07 10:15:55 - [TEST_STEP][PASSED] - Statement - leapYear = intCurrentYear % 4 == 0: null

2018-12-07 10:15:55 - [TEST_STEP][PASSED] - Statement - CurrentDateNoFilter.applyPattern("dd"): null

2018-12-07 10:15:55 - [TEST_STEP][PASSED] - Statement - CurrentDate = CurrentDateNoFilter.format(TodayDate): null

2018-12-07 10:15:55 - [TEST_STEP][PASSED] - Statement - CurrentDate = java.lang.Integer.parseInt(CurrentDate): null

2018-12-07 10:15:55 - [TEST_STEP][PASSED] - Statement - CurrentDate = CurrentDate: null

2018-12-07 10:15:55 - [TEST_STEP][PASSED] - Statement - CurrentDay = java.lang.Integer.parseInt(CurrentDate): null

2018-12-07 10:15:55 - [TEST_STEP][PASSED] - Statement - ConfAdder = <not implemented yet for class: org.codehaus.groovy.ast.expr.EmptyExpression>: null

2018-12-07 10:15:55 - [TEST_STEP][PASSED] - Statement - out.println(CurrentMonth): null

2018-12-07 10:15:55 - [TEST_STEP][PASSED] - Statement - out.println(CurrentDate): null

2018-12-07 10:15:55 - [TEST_STEP][PASSED] - Statement - switch (CurrentDate): null

2018-12-07 10:15:55 - [TEST_STEP][PASSED] - Statement - Default: null

2018-12-07 10:15:55 - [TEST_STEP][PASSED] - Statement - ConfAdder = true: null

2018-12-07 10:15:55 - [TEST_STEP][PASSED] - Statement - Break: null

2018-12-07 10:15:55 - [TEST_STEP][PASSED] - Statement - aDayBefore = <not implemented yet for class: org.codehaus.groovy.ast.expr.EmptyExpression>: null

2018-12-07 10:15:56 - [TEST_STEP][PASSED] - Statement - out.println(ConfAdder): null

2018-12-07 10:15:56 - [TEST_STEP][PASSED] - Statement - If (ConfAdder == true): null

2018-12-07 10:15:56 - [TEST_STEP][PASSED] - Statement - aDayBefore = CurrentDay + 1: null

2018-12-07 10:15:56 - [TEST_STEP][PASSED] - Statement - out.println(aDayBefore): null

2018-12-07 10:15:56 - [TEST_STEP][PASSED] - Statement - If (aDayBefore == 1 && CurrentMonth == 11): null

2018-12-07 10:15:56 - [TEST_STEP][PASSED] - Statement - DayBefore = aDayBefore.toString(): null

2018-12-07 10:15:56 - [TEST_STEP][PASSED] - Statement - OneDayBefore = DayBefore: null

2018-12-07 10:15:56 - [MESSAGE][PASSED] - Call Test Case 'Test Cases/Final Aug 2018 - PKS Automation/Registration Module/New Registration/Form 2/Date Updater' successfully

2018-12-07 10:15:56 - [TEST_STEP][PASSED] - delay: Delayed 2 second(s)

2018-12-07 10:15:58 - [MESSAGE][PASSED] - Delayed 2 second(s)

2018-12-07 10:15:58 - [TEST_STEP][PASSED] - callTestCase: Call Test Case 'Test Cases/Final Aug 2018 - PKS Automation/Create Employer Acc/Login to Employer Account (Second time)' successfully

2018-12-07 10:15:58 - [TEST_CASE][PASSED] - Test Cases/Final Aug 2018 - PKS Automation/Create Employer Acc/Login to Employer Account (Second time): Test Cases/Final Aug 2018 - PKS Automation/Create Employer Acc/Login to Employer Account (Second time)

2018-12-07 10:15:58 - [TEST_STEP][PASSED] - openBrowser: Browser is opened with url: ''

2018-12-07 10:15:58 - [MESSAGE][WARNING] - A browser is already opened. Closing browser and opening a new one

2018-12-07 10:16:01 - [MESSAGE][PASSED] - Browser is opened with url: ''

2018-12-07 10:16:01 - [TEST_STEP][PASSED] - navigateToUrl: Navigate to 'https://assist2-uat.perkeso.gov.my/employer/login' successfully

2018-12-07 10:16:02 - [MESSAGE][PASSED] - Navigate to 'https://assist2-uat.perkeso.gov.my/employer/login' successfully

2018-12-07 10:16:02 - [TEST_STEP][PASSED] - delay: Delayed 3 second(s)

2018-12-07 10:16:05 - [MESSAGE][PASSED] - Delayed 3 second(s)

2018-12-07 10:16:05 - [TEST_STEP][PASSED] - callTestCase: Call Test Case 'Test Cases/Final Aug 2018 - PKS Automation/Create Employer Acc/Template/Employer Email Getter' successfully

2018-12-07 10:16:05 - [TEST_CASE][PASSED] - Test Cases/Final Aug 2018 - PKS Automation/Create Employer Acc/Template/Employer Email Getter: Test Cases/Final Aug 2018 - PKS Automation/Create Employer Acc/Template/Employer Email Getter

2018-12-07 10:16:05 - [TEST_STEP][PASSED] - Statement - Try: null

2018-12-07 10:16:05 - [TEST_STEP][PASSED] - Statement - EmpEmail = new java.io.File(C://Users//Admin//Desktop//PKS//Automation Reference Point//EmpEmail.txt): null

2018-12-07 10:16:05 - [TEST_STEP][PASSED] - Statement - bufferread = new java.io.BufferedReader(new java.io.FileReader(EmpEmail)): null

2018-12-07 10:16:05 - [TEST_STEP][PASSED] - Statement - readedVal = bufferread.readLine(): null

2018-12-07 10:16:05 - [TEST_STEP][PASSED] - Statement - out.println(readedVal): null

2018-12-07 10:16:05 - [TEST_STEP][PASSED] - Statement - Email = readedVal: null

2018-12-07 10:16:05 - [MESSAGE][PASSED] - Call Test Case 'Test Cases/Final Aug 2018 - PKS Automation/Create Employer Acc/Template/Employer Email Getter' successfully

2018-12-07 10:16:05 - [TEST_STEP][PASSED] - setText: Text 'perkeso524035412645@gmail.com' is set on object 'Object Repository/Final Object Repo/Login Page/External Login Page/Email'

2018-12-07 10:16:06 - [MESSAGE][PASSED] - Text 'perkeso524035412645@gmail.com' is set on object 'Object Repository/Final Object Repo/Login Page/External Login Page/Email'

2018-12-07 10:16:06 - [TEST_STEP][PASSED] - click: Object: 'Object Repository/Final Object Repo/Login Page/External Login Page/Next' is clicked on

2018-12-07 10:16:06 - [MESSAGE][PASSED] - Object: 'Object Repository/Final Object Repo/Login Page/External Login Page/Next' is clicked on

2018-12-07 10:16:06 - [TEST_STEP][PASSED] - delay: Delayed 3 second(s)

2018-12-07 10:16:09 - [MESSAGE][PASSED] - Delayed 3 second(s)

2018-12-07 10:16:09 - [TEST_STEP][PASSED] - setEncryptedText: Text ****** has been set on object 'Object Repository/Final Object Repo/Login Page/External Login Page/Password'

2018-12-07 10:16:09 - [MESSAGE][PASSED] - Text ****** has been set on object 'Object Repository/Final Object Repo/Login Page/External Login Page/Password'

2018-12-07 10:16:09 - [TEST_STEP][PASSED] - click: Object: 'Object Repository/Final Object Repo/Login Page/External Login Page/Login' is clicked on

2018-12-07 10:16:09 - [MESSAGE][PASSED] - Object: 'Object Repository/Final Object Repo/Login Page/External Login Page/Login' is clicked on

2018-12-07 10:16:09 - [TEST_STEP][PASSED] - delay: Delayed 5 second(s)

2018-12-07 10:16:14 - [MESSAGE][PASSED] - Delayed 5 second(s)

2018-12-07 10:16:14 - [MESSAGE][PASSED] - Call Test Case 'Test Cases/Final Aug 2018 - PKS Automation/Create Employer Acc/Login to Employer Account (Second time)' successfully

2018-12-07 10:16:14 - [TEST_STEP][PASSED] - delay: Delayed 4 second(s)

2018-12-07 10:16:18 - [MESSAGE][PASSED] - Delayed 4 second(s)

2018-12-07 10:16:18 - [TEST_STEP][PASSED] - Statement - Try: Delayed 2 second(s)

2018-12-07 10:16:18 - [TEST_STEP][PASSED] - Statement - Checker = false: null

2018-12-07 10:16:18 - [TEST_STEP][PASSED] - Statement - Checker = com.kms.katalon.core.webui.keyword.WebUiBuiltInKeywords.verifyElementHasAttribute(com.kms.katalon.core.testobject.ObjectRepository.findTestObject(Final Object Repo/Landing Page/BM Detecting), "href", 20, OPTIONAL): Object 'Object Repository/Final Object Repo/Landing Page/BM Detecting' has attribute 'href'

2018-12-07 10:16:18 - [MESSAGE][PASSED] - Object 'Object Repository/Final Object Repo/Landing Page/BM Detecting' has attribute 'href'

2018-12-07 10:16:18 - [TEST_STEP][PASSED] - Statement - out.println(Checker): null

2018-12-07 10:16:18 - [TEST_STEP][PASSED] - Statement - If (Checker == false): null

2018-12-07 10:16:18 - [TEST_STEP][PASSED] - Statement - Else: null

2018-12-07 10:16:18 - [TEST_STEP][PASSED] - delay: Delayed 2 second(s)

2018-12-07 10:16:20 - [MESSAGE][PASSED] - Delayed 2 second(s)

2018-12-07 10:16:20 - [TEST_STEP][PASSED] - delay: Delayed 4 second(s)

2018-12-07 10:16:24 - [MESSAGE][PASSED] - Delayed 4 second(s)

2018-12-07 10:16:24 - [TEST_STEP][PASSED] - click: Object: 'Object Repository/Final Object Repo/Page_Update Add New Employee - ASSIST/My Sites Drop Down' is clicked on

2018-12-07 10:16:25 - [MESSAGE][PASSED] - Object: 'Object Repository/Final Object Repo/Page_Update Add New Employee - ASSIST/My Sites Drop Down' is clicked on

2018-12-07 10:16:25 - [TEST_STEP][PASSED] - click: Object: 'Object Repository/Final Object Repo/Page_Update Add New Employee - ASSIST/Select to Registration Module' is clicked on

2018-12-07 10:16:29 - [MESSAGE][PASSED] - Object: 'Object Repository/Final Object Repo/Page_Update Add New Employee - ASSIST/Select to Registration Module' is clicked on

2018-12-07 10:16:29 - [TEST_STEP][NOT_RUN] - navigateToUrl: NOT_RUN: navigateToUrl

2018-12-07 10:16:29 - [MESSAGE][NOT_RUN] - NOT_RUN: navigateToUrl

2018-12-07 10:16:29 - [TEST_STEP][PASSED] - mouseOver: Object: 'Object Repository/Final Object Repo/Page_Update Add New Employee - ASSIST/Select to Update Akta 4 Tab' is hovered

2018-12-07 10:16:29 - [MESSAGE][PASSED] - Object: 'Object Repository/Final Object Repo/Page_Update Add New Employee - ASSIST/Select to Update Akta 4 Tab' is hovered

2018-12-07 10:16:29 - [TEST_STEP][PASSED] - delay: Delayed 2 second(s)

2018-12-07 10:16:31 - [MESSAGE][PASSED] - Delayed 2 second(s)

2018-12-07 10:16:31 - [TEST_STEP][PASSED] - click: Object: 'Object Repository/Final Object Repo/Page_Update Add New Employee - ASSIST/Select to Update Add New Employee' is clicked on

2018-12-07 10:16:32 - [MESSAGE][PASSED] - Object: 'Object Repository/Final Object Repo/Page_Update Add New Employee - ASSIST/Select to Update Add New Employee' is clicked on

2018-12-07 10:16:32 - [TEST_STEP][PASSED] - delay: Delayed 2 second(s)

2018-12-07 10:16:34 - [MESSAGE][PASSED] - Delayed 2 second(s)

2018-12-07 10:16:34 - [TEST_STEP][PASSED] - setText: Text 'E1102070665K' is set on object 'Object Repository/Final Object Repo/Page_Update Add New Employee - ASSIST/Employer Code input textbox'

2018-12-07 10:16:34 - [MESSAGE][PASSED] - Text 'E1102070665K' is set on object 'Object Repository/Final Object Repo/Page_Update Add New Employee - ASSIST/Employer Code input textbox'

2018-12-07 10:16:34 - [TEST_STEP][PASSED] - delay: Delayed 2 second(s)

2018-12-07 10:16:36 - [MESSAGE][PASSED] - Delayed 2 second(s)

2018-12-07 10:16:36 - [TEST_STEP][PASSED] - click: Object: 'Object Repository/Final Object Repo/Page_Update Add New Employee - ASSIST/Search Button for Employer Code' is clicked on

2018-12-07 10:16:36 - [MESSAGE][PASSED] - Object: 'Object Repository/Final Object Repo/Page_Update Add New Employee - ASSIST/Search Button for Employer Code' is clicked on

2018-12-07 10:16:36 - [TEST_STEP][PASSED] - delay: Delayed 4 second(s)

2018-12-07 10:16:40 - [MESSAGE][PASSED] - Delayed 4 second(s)

2018-12-07 10:16:40 - [TEST_STEP][PASSED] - click: Object: 'Object Repository/Final Object Repo/Page_Update Add New Employee - ASSIST/Click to Edit Case' is clicked on

2018-12-07 10:16:43 - [MESSAGE][PASSED] - Object: 'Object Repository/Final Object Repo/Page_Update Add New Employee - ASSIST/Click to Edit Case' is clicked on

2018-12-07 10:16:43 - [TEST_STEP][PASSED] - callTestCase: Call Test Case 'Test Cases/Final Aug 2018 - PKS Automation/Registration Module/Workflow/Update Add New Employee/Template/Employee Adding/Employee Adding Action liability date change - Employer Access' successfully

2018-12-07 10:16:43 - [TEST_CASE][PASSED] - Test Cases/Final Aug 2018 - PKS Automation/Registration Module/Workflow/Update Add New Employee/Template/Employee Adding/Employee Adding Action liability date change - Employer Access: Test Cases/Final Aug 2018 - PKS Automation/Registration Module/Workflow/Update Add New Employee/Template/Employee Adding/Employee Adding Action liability date change - Employer Access

2018-12-07 10:16:43 - [TEST_STEP][PASSED] - delay: Delayed 4 second(s)

2018-12-07 10:16:47 - [MESSAGE][PASSED] - Delayed 4 second(s)

2018-12-07 10:16:47 - [TEST_STEP][PASSED] - click: Object: 'Object Repository/Final Object Repo/Page_Update Add New Employee - ASSIST/Add Employee Button' is clicked on

2018-12-07 10:16:47 - [MESSAGE][PASSED] - Object: 'Object Repository/Final Object Repo/Page_Update Add New Employee - ASSIST/Add Employee Button' is clicked on

2018-12-07 10:16:47 - [TEST_STEP][PASSED] - delay: Delayed 3 second(s)

2018-12-07 10:16:50 - [MESSAGE][PASSED] - Delayed 3 second(s)

2018-12-07 10:16:50 - [TEST_STEP][PASSED] - setText: Text '830081009219' is set on object 'Object Repository/Final Object Repo/Page_Update Add New Employee - ASSIST/NRIC Input'

2018-12-07 10:16:50 - [MESSAGE][PASSED] - Text '830081009219' is set on object 'Object Repository/Final Object Repo/Page_Update Add New Employee - ASSIST/NRIC Input'

2018-12-07 10:16:50 - [TEST_STEP][PASSED] - delay: Delayed 2 second(s)

2018-12-07 10:16:52 - [MESSAGE][PASSED] - Delayed 2 second(s)

2018-12-07 10:16:52 - [TEST_STEP][PASSED] - setText: Text 'Automate002 Employee eligible 1' is set on object 'Object Repository/Final Object Repo/Page_Update Add New Employee - ASSIST/Employee Name Input'

2018-12-07 10:16:53 - [MESSAGE][PASSED] - Text 'Automate002 Employee eligible 1' is set on object 'Object Repository/Final Object Repo/Page_Update Add New Employee - ASSIST/Employee Name Input'

2018-12-07 10:16:53 - [TEST_STEP][PASSED] - delay: Delayed 2 second(s)

2018-12-07 10:16:55 - [MESSAGE][PASSED] - Delayed 2 second(s)

2018-12-07 10:16:55 - [TEST_STEP][PASSED] - click: Object: 'Object Repository/Final Object Repo/Page_Update Add New Employee - ASSIST/DatePicker Pop Up' is clicked on

2018-12-07 10:16:55 - [MESSAGE][PASSED] - Object: 'Object Repository/Final Object Repo/Page_Update Add New Employee - ASSIST/DatePicker Pop Up' is clicked on

2018-12-07 10:16:55 - [TEST_STEP][PASSED] - click: Object: 'Object Repository/Final Object Repo/Page_Update Add New Employee - ASSIST/DOB Month' is clicked on

2018-12-07 10:16:56 - [MESSAGE][PASSED] - Object: 'Object Repository/Final Object Repo/Page_Update Add New Employee - ASSIST/DOB Month' is clicked on

2018-12-07 10:16:56 - [TEST_STEP][PASSED] - Statement - CurrentMonth = CurrentMonth: null

2018-12-07 10:16:56 - [TEST_STEP][PASSED] - Statement - selectMonth = new com.kms.katalon.core.testobject.TestObject(): null

2018-12-07 10:16:56 - [TEST_STEP][PASSED] - Statement - selectMonth.addProperty("xpath", EQUALS, "//body/div/div/div/select/option[@value='" + CurrentMonth + "']", true): null

2018-12-07 10:16:56 - [TEST_STEP][PASSED] - click: Object: '' is clicked on

2018-12-07 10:16:56 - [MESSAGE][PASSED] - Object: '' is clicked on

2018-12-07 10:16:56 - [TEST_STEP][PASSED] - click: Object: 'Object Repository/Final Object Repo/Page_Update Add New Employee - ASSIST/DOB Year' is clicked on

2018-12-07 10:16:56 - [MESSAGE][PASSED] - Object: 'Object Repository/Final Object Repo/Page_Update Add New Employee - ASSIST/DOB Year' is clicked on

2018-12-07 10:16:56 - [TEST_STEP][PASSED] - Statement - Eyearsbf = EighteenYrsBefore: null

2018-12-07 10:16:56 - [TEST_STEP][PASSED] - Statement - selectYear = new com.kms.katalon.core.testobject.TestObject(): null

2018-12-07 10:16:56 - [TEST_STEP][PASSED] - Statement - selectYear.addProperty("xpath", EQUALS, "//div/div/div/select/option[@value='" + Eyearsbf + "']", true): null

2018-12-07 10:16:56 - [TEST_STEP][PASSED] - click: Object: '' is clicked on

2018-12-07 10:16:56 - [MESSAGE][PASSED] - Object: '' is clicked on

2018-12-07 10:16:56 - [TEST_STEP][PASSED] - Statement - UpdatedSelectDate = com.kms.katalon.core.webui.keyword.WebUiBuiltInKeywords.modifyObjectProperty(com.kms.katalon.core.testobject.ObjectRepository.findTestObject(Final Object Repo/Page_Update Add New Employee - ASSIST/DOB Date), "xpath", "equals", "//body/div/table/tbody/tr/td/a[text()="" + CurrentDate + ""]", true): Modify property of object successfully

2018-12-07 10:16:56 - [MESSAGE][PASSED] - Modify property of object successfully

2018-12-07 10:16:56 - [TEST_STEP][PASSED] - delay: Delayed 3 second(s)

2018-12-07 10:16:59 - [MESSAGE][PASSED] - Delayed 3 second(s)

2018-12-07 10:16:59 - [TEST_STEP][PASSED] - click: Object: 'Object Repository/Final Object Repo/Page_Update Add New Employee - ASSIST/DOB Date' is clicked on

2018-12-07 10:16:59 - [MESSAGE][PASSED] - Object: 'Object Repository/Final Object Repo/Page_Update Add New Employee - ASSIST/DOB Date' is clicked on

2018-12-07 10:16:59 - [TEST_STEP][PASSED] - delay: Delayed 2 second(s)

2018-12-07 10:17:01 - [MESSAGE][PASSED] - Delayed 2 second(s)

2018-12-07 10:17:01 - [TEST_STEP][PASSED] - click: Object: 'Object Repository/Final Object Repo/Page_Update Add New Employee - ASSIST/EmploymentStartDate Pop Up' is clicked on

2018-12-07 10:17:01 - [MESSAGE][PASSED] - Object: 'Object Repository/Final Object Repo/Page_Update Add New Employee - ASSIST/EmploymentStartDate Pop Up' is clicked on

2018-12-07 10:17:01 - [TEST_STEP][PASSED] - delay: Delayed 2 second(s)

2018-12-07 10:17:03 - [MESSAGE][PASSED] - Delayed 2 second(s)

2018-12-07 10:17:03 - [TEST_STEP][PASSED] - click: Object: 'Object Repository/Final Object Repo/Page_Update Add New Employee - ASSIST/Socso Employment StartDate Month' is clicked on

2018-12-07 10:17:04 - [MESSAGE][PASSED] - Object: 'Object Repository/Final Object Repo/Page_Update Add New Employee - ASSIST/Socso Employment StartDate Month' is clicked on

2018-12-07 10:17:04 - [TEST_STEP][PASSED] - delay: Delayed 1 second(s)

2018-12-07 10:17:05 - [MESSAGE][PASSED] - Delayed 1 second(s)

2018-12-07 10:17:05 - [TEST_STEP][PASSED] - click: Object: 'Object Repository/Final Object Repo/Page_Update Add New Employee - ASSIST/Select Socso Employement Startdate Month' is clicked on

2018-12-07 10:17:05 - [MESSAGE][PASSED] - Object: 'Object Repository/Final Object Repo/Page_Update Add New Employee - ASSIST/Select Socso Employement Startdate Month' is clicked on

2018-12-07 10:17:05 - [TEST_STEP][PASSED] - delay: Delayed 2 second(s)

2018-12-07 10:17:07 - [MESSAGE][PASSED] - Delayed 2 second(s)

2018-12-07 10:17:07 - [TEST_STEP][PASSED] - click: Object: 'Object Repository/Final Object Repo/Page_Update Add New Employee - ASSIST/Socso Employment StartDate Year' is clicked on

2018-12-07 10:17:07 - [MESSAGE][PASSED] - Object: 'Object Repository/Final Object Repo/Page_Update Add New Employee - ASSIST/Socso Employment StartDate Year' is clicked on

2018-12-07 10:17:07 - [TEST_STEP][PASSED] - delay: Delayed 1 second(s)

2018-12-07 10:17:08 - [MESSAGE][PASSED] - Delayed 1 second(s)

2018-12-07 10:17:08 - [TEST_STEP][PASSED] - click: Object: 'Object Repository/Final Object Repo/Page_Update Add New Employee - ASSIST/Select Socso Employment Startdate Year - Emp Update Add New' is clicked on

2018-12-07 10:17:08 - [MESSAGE][PASSED] - Object: 'Object Repository/Final Object Repo/Page_Update Add New Employee - ASSIST/Select Socso Employment Startdate Year - Emp Update Add New' is clicked on

2018-12-07 10:17:08 - [TEST_STEP][PASSED] - delay: Delayed 2 second(s)

2018-12-07 10:17:10 - [MESSAGE][PASSED] - Delayed 2 second(s)

2018-12-07 10:17:10 - [TEST_STEP][PASSED] - click: Object: 'Object Repository/Final Object Repo/Page_Update Add New Employee - ASSIST/Socso Employment Start Date Day' is clicked on

2018-12-07 10:17:10 - [MESSAGE][PASSED] - Object: 'Object Repository/Final Object Repo/Page_Update Add New Employee - ASSIST/Socso Employment Start Date Day' is clicked on

2018-12-07 10:17:10 - [TEST_STEP][PASSED] - delay: Delayed 2 second(s)

2018-12-07 10:17:12 - [MESSAGE][PASSED] - Delayed 2 second(s)

2018-12-07 10:17:12 - [TEST_STEP][PASSED] - click: Object: 'Object Repository/Final Object Repo/Page_Update Add New Employee - ASSIST/Save Button for Add Employee' is clicked on

2018-12-07 10:17:12 - [MESSAGE][PASSED] - Object: 'Object Repository/Final Object Repo/Page_Update Add New Employee - ASSIST/Save Button for Add Employee' is clicked on

2018-12-07 10:17:12 - [MESSAGE][PASSED] - Call Test Case 'Test Cases/Final Aug 2018 - PKS Automation/Registration Module/Workflow/Update Add New Employee/Template/Employee Adding/Employee Adding Action liability date change - Employer Access' successfully

2018-12-07 10:17:12 - [TEST_STEP][PASSED] - delay: Delayed 4 second(s)

2018-12-07 10:17:16 - [MESSAGE][PASSED] - Delayed 4 second(s)

2018-12-07 10:17:16 - [TEST_STEP][PASSED] - Statement - CaseReferenceNo = com.kms.katalon.core.webui.keyword.WebUiBuiltInKeywords.getText(com.kms.katalon.core.testobject.ObjectRepository.findTestObject(Final Object Repo/Page_Update Add New Employee - ASSIST/RefNo)): Text of object 'Object Repository/Final Object Repo/Page_Update Add New Employee - ASSIST/RefNo' is: 'CAN12201800002280'

2018-12-07 10:17:17 - [MESSAGE][PASSED] - Text of object 'Object Repository/Final Object Repo/Page_Update Add New Employee - ASSIST/RefNo' is: 'CAN12201800002280'

2018-12-07 10:17:17 - [TEST_STEP][PASSED] - callTestCase: Call Test Case 'Test Cases/Final Aug 2018 - PKS Automation/Common/Reference Number Setter' successfully

2018-12-07 10:17:17 - [TEST_CASE][PASSED] - Test Cases/Final Aug 2018 - PKS Automation/Common/Reference Number Setter: Test Cases/Final Aug 2018 - PKS Automation/Common/Reference Number Setter

2018-12-07 10:17:17 - [TEST_STEP][PASSED] - Statement - RefNoOldFile = new java.io.File(C://Users//Admin//Desktop//PKS//Automation Reference Point//KatalonReference.txt): null

2018-12-07 10:17:17 - [TEST_STEP][PASSED] - Statement - RefNoOldFile.delete(): null

2018-12-07 10:17:17 - [TEST_STEP][PASSED] - delay: Delayed 5 second(s)

2018-12-07 10:17:22 - [MESSAGE][PASSED] - Delayed 5 second(s)

2018-12-07 10:17:22 - [TEST_STEP][PASSED] - Statement - RefNo = new java.io.File(C://Users//Admin//Desktop//PKS//Automation Reference Point//KatalonReference.txt): null

2018-12-07 10:17:22 - [TEST_STEP][PASSED] - Statement - f2 = new java.io.FileWriter(RefNo, false): null

2018-12-07 10:17:22 - [TEST_STEP][PASSED] - Statement - f2.write(CaseReferenceNo): null

2018-12-07 10:17:22 - [TEST_STEP][PASSED] - Statement - f2.close(): null

2018-12-07 10:17:22 - [TEST_STEP][PASSED] - Statement - out.println("


" + CaseReferenceNo + "


"): null

2018-12-07 10:17:22 - [MESSAGE][PASSED] - Call Test Case 'Test Cases/Final Aug 2018 - PKS Automation/Common/Reference Number Setter' successfully

2018-12-07 10:17:22 - [TEST_STEP][PASSED] - delay: Delayed 5 second(s)

2018-12-07 10:17:27 - [MESSAGE][PASSED] - Delayed 5 second(s)

2018-12-07 10:17:27 - [TEST_STEP][PASSED] - click: Object: 'Object Repository/Final Object Repo/Page_Update Add New Employee - ASSIST/Save  Continue Button' is clicked on

2018-12-07 10:17:27 - [MESSAGE][PASSED] - Object: 'Object Repository/Final Object Repo/Page_Update Add New Employee - ASSIST/Save  Continue Button' is clicked on

2018-12-07 10:17:27 - [TEST_STEP][PASSED] - delay: Delayed 4 second(s)

2018-12-07 10:17:31 - [MESSAGE][PASSED] - Delayed 4 second(s)

2018-12-07 10:17:31 - [TEST_STEP][PASSED] - callTestCase: Call Test Case 'Test Cases/Final Aug 2018 - PKS Automation/Common/Reference Number Getter' successfully

2018-12-07 10:17:31 - [TEST_CASE][PASSED] - Test Cases/Final Aug 2018 - PKS Automation/Common/Reference Number Getter: Test Cases/Final Aug 2018 - PKS Automation/Common/Reference Number Getter

2018-12-07 10:17:31 - [TEST_STEP][PASSED] - Statement - Try: null

2018-12-07 10:17:31 - [TEST_STEP][PASSED] - Statement - RefNo = new java.io.File(C://Users//Admin//Desktop//PKS//Automation Reference Point//KatalonReference.txt): null

2018-12-07 10:17:31 - [TEST_STEP][PASSED] - Statement - bufferread = new java.io.BufferedReader(new java.io.FileReader(RefNo)): null

2018-12-07 10:17:31 - [TEST_STEP][PASSED] - Statement - readedVal = bufferread.readLine(): null

2018-12-07 10:17:31 - [TEST_STEP][PASSED] - Statement - out.println(CaseReferenceNo): null

2018-12-07 10:17:31 - [TEST_STEP][PASSED] - Statement - out.println(readedVal): null

2018-12-07 10:17:31 - [TEST_STEP][PASSED] - Statement - CaseReferenceNo = "": null

2018-12-07 10:17:31 - [TEST_STEP][PASSED] - Statement - CaseReferenceNo = readedVal: null

2018-12-07 10:17:31 - [MESSAGE][PASSED] - Call Test Case 'Test Cases/Final Aug 2018 - PKS Automation/Common/Reference Number Getter' successfully

2018-12-07 10:17:31 - [TEST_STEP][PASSED] - click: Object: 'Object Repository/Final Object Repo/Page_Update Add New Employee - ASSIST/Save  Continue Third Screen' is clicked on

2018-12-07 10:17:34 - [MESSAGE][PASSED] - Object: 'Object Repository/Final Object Repo/Page_Update Add New Employee - ASSIST/Save  Continue Third Screen' is clicked on

2018-12-07 10:17:34 - [TEST_STEP][PASSED] - delay: Delayed 4 second(s)

2018-12-07 10:17:38 - [MESSAGE][PASSED] - Delayed 4 second(s)

2018-12-07 10:17:38 - [TEST_STEP][PASSED] - click: Object: 'Object Repository/Final Object Repo/Page_Update Add New Employee - ASSIST/Save   Continue Supporting Doc Page' is clicked on

2018-12-07 10:17:38 - [MESSAGE][PASSED] - Object: 'Object Repository/Final Object Repo/Page_Update Add New Employee - ASSIST/Save   Continue Supporting Doc Page' is clicked on

2018-12-07 10:17:38 - [TEST_STEP][PASSED] - delay: Delayed 4 second(s)

2018-12-07 10:17:42 - [MESSAGE][PASSED] - Delayed 4 second(s)

2018-12-07 10:17:42 - [TEST_STEP][PASSED] - click: Object: 'Object Repository/Final Object Repo/Page_Update Add New Employee - ASSIST/Submit Button' is clicked on

2018-12-07 10:17:43 - [MESSAGE][PASSED] - Object: 'Object Repository/Final Object Repo/Page_Update Add New Employee - ASSIST/Submit Button' is clicked on

2018-12-07 10:17:43 - [TEST_STEP][PASSED] - delay: Delayed 4 second(s)

2018-12-07 10:17:47 - [MESSAGE][PASSED] - Delayed 4 second(s)

2018-12-07 10:17:47 - [TEST_STEP][PASSED] - click: Object: 'Object Repository/Final Object Repo/Page_Update Add New Employee - ASSIST/Confirm Submit Button' is clicked on

2018-12-07 10:17:47 - [MESSAGE][PASSED] - Object: 'Object Repository/Final Object Repo/Page_Update Add New Employee - ASSIST/Confirm Submit Button' is clicked on

2018-12-07 10:17:47 - [TEST_STEP][PASSED] - delay: Delayed 20 second(s)

2018-12-07 10:18:07 - [MESSAGE][PASSED] - Delayed 20 second(s)

2018-12-07 10:18:07 - [TEST_STEP][PASSED] - callTestCase: Call Test Case 'Test Cases/Final Aug 2018 - PKS Automation/Common/Screenshoting tool' successfully

2018-12-07 10:18:07 - [TEST_CASE][PASSED] - Test Cases/Final Aug 2018 - PKS Automation/Common/Screenshoting tool: Test Cases/Final Aug 2018 - PKS Automation/Common/Screenshoting tool

2018-12-07 10:18:07 - [TEST_STEP][PASSED] - delay: Delayed 15 second(s)

2018-12-07 10:18:22 - [MESSAGE][PASSED] - Delayed 15 second(s)

2018-12-07 10:18:22 - [TEST_STEP][PASSED] - Statement - driver = com.kms.katalon.core.webui.driver.DriverFactory.getWebDriver(): null

2018-12-07 10:18:22 - [TEST_STEP][PASSED] - Statement - driver.manage().timeouts().implicitlyWait(10, SECONDS): null

2018-12-07 10:18:22 - [TEST_STEP][PASSED] - Statement - PresavePath = KatalonScreenshots: null

2018-12-07 10:18:22 - [TEST_STEP][PASSED] - Statement - pathPrefix = "C:\Users\Public\Pictures\Sample Pictures\Katalon Screenshots\Automate Ending Screen": null

2018-12-07 10:18:22 - [TEST_STEP][PASSED] - Statement - finalPath = <not implemented yet for class: org.codehaus.groovy.ast.expr.EmptyExpression>: null

2018-12-07 10:18:22 - [TEST_STEP][PASSED] - Statement - scrFile = driver.getScreenshotAs(FILE): null

2018-12-07 10:18:22 - [TEST_STEP][PASSED] - Statement - PreSaveFile = new java.io.File(PresavePath): null

2018-12-07 10:18:22 - [TEST_STEP][PASSED] - Statement - counter = 0: null

2018-12-07 10:18:22 - [TEST_STEP][PASSED] - Statement - If (PreSaveFile.exists()): null

2018-12-07 10:18:22 - [TEST_STEP][PASSED] - Statement - While (PreSaveFile.exists()): null

2018-12-07 10:18:22 - [TEST_STEP][PASSED] - Statement - counter = counter + 1: null

2018-12-07 10:18:22 - [TEST_STEP][PASSED] - Statement - PreSaveFile = new java.io.File(((pathPrefix + java.lang.Integer.toString(counter)) + .png)): null

2018-12-07 10:18:22 - [TEST_STEP][PASSED] - Statement - counter = counter + 1: null

2018-12-07 10:18:22 - [TEST_STEP][PASSED] - Statement - PreSaveFile = new java.io.File(((pathPrefix + java.lang.Integer.toString(counter)) + .png)): null

2018-12-07 10:18:22 - [TEST_STEP][PASSED] - Statement - counter = counter + 1: null

2018-12-07 10:18:22 - [TEST_STEP][PASSED] - Statement - PreSaveFile = new java.io.File(((pathPrefix + java.lang.Integer.toString(counter)) + .png)): null

2018-12-07 10:18:22 - [TEST_STEP][PASSED] - Statement - counter = counter + 1: null

2018-12-07 10:18:22 - [TEST_STEP][PASSED] - Statement - PreSaveFile = new java.io.File(((pathPrefix + java.lang.Integer.toString(counter)) + .png)): null

2018-12-07 10:18:22 - [TEST_STEP][PASSED] - Statement - counter = counter + 1: null

2018-12-07 10:18:22 - [TEST_STEP][PASSED] - Statement - PreSaveFile = new java.io.File(((pathPrefix + java.lang.Integer.toString(counter)) + .png)): null

2018-12-07 10:18:22 - [TEST_STEP][PASSED] - Statement - counter = counter + 1: null

2018-12-07 10:18:22 - [TEST_STEP][PASSED] - Statement - PreSaveFile = new java.io.File(((pathPrefix + java.lang.Integer.toString(counter)) + .png)): null

2018-12-07 10:18:22 - [TEST_STEP][PASSED] - Statement - counter = counter + 1: null

2018-12-07 10:18:22 - [TEST_STEP][PASSED] - Statement - PreSaveFile = new java.io.File(((pathPrefix + java.lang.Integer.toString(counter)) + .png)): null

2018-12-07 10:18:22 - [TEST_STEP][PASSED] - Statement - counter = counter + 1: null

2018-12-07 10:18:22 - [TEST_STEP][PASSED] - Statement - PreSaveFile = new java.io.File(((pathPrefix + java.lang.Integer.toString(counter)) + .png)): null

2018-12-07 10:18:22 - [TEST_STEP][PASSED] - Statement - counter = counter + 1: null

2018-12-07 10:18:22 - [TEST_STEP][PASSED] - Statement - PreSaveFile = new java.io.File(((pathPrefix + java.lang.Integer.toString(counter)) + .png)): null

2018-12-07 10:18:22 - [TEST_STEP][PASSED] - Statement - counter = counter + 1: null

2018-12-07 10:18:22 - [TEST_STEP][PASSED] - Statement - PreSaveFile = new java.io.File(((pathPrefix + java.lang.Integer.toString(counter)) + .png)): null

2018-12-07 10:18:22 - [TEST_STEP][PASSED] - Statement - counter = counter + 1: null

2018-12-07 10:18:22 - [TEST_STEP][PASSED] - Statement - PreSaveFile = new java.io.File(((pathPrefix + java.lang.Integer.toString(counter)) + .png)): null

2018-12-07 10:18:22 - [TEST_STEP][PASSED] - Statement - counter = counter + 1: null

2018-12-07 10:18:22 - [TEST_STEP][PASSED] - Statement - PreSaveFile = new java.io.File(((pathPrefix + java.lang.Integer.toString(counter)) + .png)): null

2018-12-07 10:18:22 - [TEST_STEP][PASSED] - Statement - counter = counter + 1: null

2018-12-07 10:18:22 - [TEST_STEP][PASSED] - Statement - PreSaveFile = new java.io.File(((pathPrefix + java.lang.Integer.toString(counter)) + .png)): null

2018-12-07 10:18:22 - [TEST_STEP][PASSED] - Statement - counter = counter + 1: null

2018-12-07 10:18:22 - [TEST_STEP][PASSED] - Statement - PreSaveFile = new java.io.File(((pathPrefix + java.lang.Integer.toString(counter)) + .png)): null

2018-12-07 10:18:22 - [TEST_STEP][PASSED] - Statement - counter = counter + 1: null

2018-12-07 10:18:22 - [TEST_STEP][PASSED] - Statement - PreSaveFile = new java.io.File(((pathPrefix + java.lang.Integer.toString(counter)) + .png)): null

2018-12-07 10:18:22 - [TEST_STEP][PASSED] - Statement - counter = counter + 1: null

2018-12-07 10:18:22 - [TEST_STEP][PASSED] - Statement - PreSaveFile = new java.io.File(((pathPrefix + java.lang.Integer.toString(counter)) + .png)): null

2018-12-07 10:18:22 - [TEST_STEP][PASSED] - Statement - counter = counter + 1: null

2018-12-07 10:18:22 - [TEST_STEP][PASSED] - Statement - PreSaveFile = new java.io.File(((pathPrefix + java.lang.Integer.toString(counter)) + .png)): null

2018-12-07 10:18:23 - [TEST_STEP][PASSED] - Statement - counter = counter + 1: null

2018-12-07 10:18:23 - [TEST_STEP][PASSED] - Statement - PreSaveFile = new java.io.File(((pathPrefix + java.lang.Integer.toString(counter)) + .png)): null

2018-12-07 10:18:23 - [TEST_STEP][PASSED] - Statement - counter = counter + 1: null

2018-12-07 10:18:23 - [TEST_STEP][PASSED] - Statement - PreSaveFile = new java.io.File(((pathPrefix + java.lang.Integer.toString(counter)) + .png)): null

2018-12-07 10:18:23 - [TEST_STEP][PASSED] - Statement - counter = counter + 1: null

2018-12-07 10:18:23 - [TEST_STEP][PASSED] - Statement - PreSaveFile = new java.io.File(((pathPrefix + java.lang.Integer.toString(counter)) + .png)): null

2018-12-07 10:18:23 - [TEST_STEP][PASSED] - Statement - counter = counter + 1: null

2018-12-07 10:18:23 - [TEST_STEP][PASSED] - Statement - PreSaveFile = new java.io.File(((pathPrefix + java.lang.Integer.toString(counter)) + .png)): null

2018-12-07 10:18:23 - [TEST_STEP][PASSED] - Statement - counter = counter + 1: null

2018-12-07 10:18:23 - [TEST_STEP][PASSED] - Statement - PreSaveFile = new java.io.File(((pathPrefix + java.lang.Integer.toString(counter)) + .png)): null

2018-12-07 10:18:23 - [TEST_STEP][PASSED] - Statement - counter = counter + 1: null

2018-12-07 10:18:23 - [TEST_STEP][PASSED] - Statement - PreSaveFile = new java.io.File(((pathPrefix + java.lang.Integer.toString(counter)) + .png)): null

2018-12-07 10:18:23 - [TEST_STEP][PASSED] - Statement - counter = counter + 1: null

2018-12-07 10:18:23 - [TEST_STEP][PASSED] - Statement - PreSaveFile = new java.io.File(((pathPrefix + java.lang.Integer.toString(counter)) + .png)): null

2018-12-07 10:18:23 - [TEST_STEP][PASSED] - Statement - counter = counter + 1: null

2018-12-07 10:18:23 - [TEST_STEP][PASSED] - Statement - PreSaveFile = new java.io.File(((pathPrefix + java.lang.Integer.toString(counter)) + .png)): null

2018-12-07 10:18:23 - [TEST_STEP][PASSED] - Statement - counter = counter + 1: null

2018-12-07 10:18:23 - [TEST_STEP][PASSED] - Statement - PreSaveFile = new java.io.File(((pathPrefix + java.lang.Integer.toString(counter)) + .png)): null

2018-12-07 10:18:23 - [TEST_STEP][PASSED] - Statement - counter = counter + 1: null

2018-12-07 10:18:23 - [TEST_STEP][PASSED] - Statement - PreSaveFile = new java.io.File(((pathPrefix + java.lang.Integer.toString(counter)) + .png)): null

2018-12-07 10:18:23 - [TEST_STEP][PASSED] - Statement - counter = counter + 1: null

2018-12-07 10:18:23 - [TEST_STEP][PASSED] - Statement - PreSaveFile = new java.io.File(((pathPrefix + java.lang.Integer.toString(counter)) + .png)): null

2018-12-07 10:18:23 - [TEST_STEP][PASSED] - Statement - counter = counter + 1: null

2018-12-07 10:18:23 - [TEST_STEP][PASSED] - Statement - PreSaveFile = new java.io.File(((pathPrefix + java.lang.Integer.toString(counter)) + .png)): null

2018-12-07 10:18:23 - [TEST_STEP][PASSED] - Statement - counter = counter + 1: null

2018-12-07 10:18:23 - [TEST_STEP][PASSED] - Statement - PreSaveFile = new java.io.File(((pathPrefix + java.lang.Integer.toString(counter)) + .png)): null

2018-12-07 10:18:23 - [TEST_STEP][PASSED] - Statement - counter = counter + 1: null

2018-12-07 10:18:23 - [TEST_STEP][PASSED] - Statement - PreSaveFile = new java.io.File(((pathPrefix + java.lang.Integer.toString(counter)) + .png)): null

2018-12-07 10:18:23 - [TEST_STEP][PASSED] - Statement - counter = counter + 1: null

2018-12-07 10:18:23 - [TEST_STEP][PASSED] - Statement - PreSaveFile = new java.io.File(((pathPrefix + java.lang.Integer.toString(counter)) + .png)): null

2018-12-07 10:18:23 - [TEST_STEP][PASSED] - Statement - counter = counter + 1: null

2018-12-07 10:18:23 - [TEST_STEP][PASSED] - Statement - PreSaveFile = new java.io.File(((pathPrefix + java.lang.Integer.toString(counter)) + .png)): null

2018-12-07 10:18:23 - [TEST_STEP][PASSED] - Statement - counter = counter + 1: null

2018-12-07 10:18:23 - [TEST_STEP][PASSED] - Statement - PreSaveFile = new java.io.File(((pathPrefix + java.lang.Integer.toString(counter)) + .png)): null

2018-12-07 10:18:23 - [TEST_STEP][PASSED] - Statement - counter = counter + 1: null

2018-12-07 10:18:23 - [TEST_STEP][PASSED] - Statement - PreSaveFile = new java.io.File(((pathPrefix + java.lang.Integer.toString(counter)) + .png)): null

2018-12-07 10:18:23 - [TEST_STEP][PASSED] - Statement - counter = counter + 1: null

2018-12-07 10:18:23 - [TEST_STEP][PASSED] - Statement - PreSaveFile = new java.io.File(((pathPrefix + java.lang.Integer.toString(counter)) + .png)): null

2018-12-07 10:18:23 - [TEST_STEP][PASSED] - Statement - counter = counter + 1: null

2018-12-07 10:18:23 - [TEST_STEP][PASSED] - Statement - PreSaveFile = new java.io.File(((pathPrefix + java.lang.Integer.toString(counter)) + .png)): null

2018-12-07 10:18:23 - [TEST_STEP][PASSED] - Statement - counter = counter + 1: null

2018-12-07 10:18:23 - [TEST_STEP][PASSED] - Statement - PreSaveFile = new java.io.File(((pathPrefix + java.lang.Integer.toString(counter)) + .png)): null

2018-12-07 10:18:23 - [TEST_STEP][PASSED] - Statement - counter = counter + 1: null

2018-12-07 10:18:24 - [TEST_STEP][PASSED] - Statement - PreSaveFile = new java.io.File(((pathPrefix + java.lang.Integer.toString(counter)) + .png)): null

2018-12-07 10:18:24 - [TEST_STEP][PASSED] - Statement - counter = counter + 1: null

2018-12-07 10:18:24 - [TEST_STEP][PASSED] - Statement - PreSaveFile = new java.io.File(((pathPrefix + java.lang.Integer.toString(counter)) + .png)): null

2018-12-07 10:18:24 - [TEST_STEP][PASSED] - Statement - counter = counter + 1: null

2018-12-07 10:18:24 - [TEST_STEP][PASSED] - Statement - PreSaveFile = new java.io.File(((pathPrefix + java.lang.Integer.toString(counter)) + .png)): null

2018-12-07 10:18:24 - [TEST_STEP][PASSED] - Statement - counter = counter + 1: null

2018-12-07 10:18:24 - [TEST_STEP][PASSED] - Statement - PreSaveFile = new java.io.File(((pathPrefix + java.lang.Integer.toString(counter)) + .png)): null

2018-12-07 10:18:24 - [TEST_STEP][PASSED] - Statement - counter = counter + 1: null

2018-12-07 10:18:24 - [TEST_STEP][PASSED] - Statement - PreSaveFile = new java.io.File(((pathPrefix + java.lang.Integer.toString(counter)) + .png)): null

2018-12-07 10:18:24 - [TEST_STEP][PASSED] - Statement - counter = counter + 1: null

2018-12-07 10:18:24 - [TEST_STEP][PASSED] - Statement - PreSaveFile = new java.io.File(((pathPrefix + java.lang.Integer.toString(counter)) + .png)): null

2018-12-07 10:18:24 - [TEST_STEP][PASSED] - Statement - counter = counter + 1: null

2018-12-07 10:18:24 - [TEST_STEP][PASSED] - Statement - PreSaveFile = new java.io.File(((pathPrefix + java.lang.Integer.toString(counter)) + .png)): null

2018-12-07 10:18:24 - [TEST_STEP][PASSED] - Statement - counter = counter + 1: null

2018-12-07 10:18:24 - [TEST_STEP][PASSED] - Statement - PreSaveFile = new java.io.File(((pathPrefix + java.lang.Integer.toString(counter)) + .png)): null

2018-12-07 10:18:24 - [TEST_STEP][PASSED] - Statement - counter = counter + 1: null

2018-12-07 10:18:24 - [TEST_STEP][PASSED] - Statement - PreSaveFile = new java.io.File(((pathPrefix + java.lang.Integer.toString(counter)) + .png)): null

2018-12-07 10:18:24 - [TEST_STEP][PASSED] - Statement - counter = counter + 1: null

2018-12-07 10:18:24 - [TEST_STEP][PASSED] - Statement - PreSaveFile = new java.io.File(((pathPrefix + java.lang.Integer.toString(counter)) + .png)): null

2018-12-07 10:18:24 - [TEST_STEP][PASSED] - Statement - counter = counter + 1: null

2018-12-07 10:18:24 - [TEST_STEP][PASSED] - Statement - PreSaveFile = new java.io.File(((pathPrefix + java.lang.Integer.toString(counter)) + .png)): null

2018-12-07 10:18:24 - [TEST_STEP][PASSED] - Statement - counter = counter + 1: null

2018-12-07 10:18:24 - [TEST_STEP][PASSED] - Statement - PreSaveFile = new java.io.File(((pathPrefix + java.lang.Integer.toString(counter)) + .png)): null

2018-12-07 10:18:24 - [TEST_STEP][PASSED] - Statement - counter = counter + 1: null

2018-12-07 10:18:24 - [TEST_STEP][PASSED] - Statement - PreSaveFile = new java.io.File(((pathPrefix + java.lang.Integer.toString(counter)) + .png)): null

2018-12-07 10:18:24 - [TEST_STEP][PASSED] - Statement - counter = counter + 1: null

2018-12-07 10:18:24 - [TEST_STEP][PASSED] - Statement - PreSaveFile = new java.io.File(((pathPrefix + java.lang.Integer.toString(counter)) + .png)): null

2018-12-07 10:18:24 - [TEST_STEP][PASSED] - Statement - counter = counter + 1: null

2018-12-07 10:18:25 - [TEST_STEP][PASSED] - Statement - PreSaveFile = new java.io.File(((pathPrefix + java.lang.Integer.toString(counter)) + .png)): null

2018-12-07 10:18:25 - [TEST_STEP][PASSED] - Statement - counter = counter + 1: null

2018-12-07 10:18:25 - [TEST_STEP][PASSED] - Statement - PreSaveFile = new java.io.File(((pathPrefix + java.lang.Integer.toString(counter)) + .png)): null

2018-12-07 10:18:25 - [TEST_STEP][PASSED] - Statement - counter = counter + 1: null

2018-12-07 10:18:25 - [TEST_STEP][PASSED] - Statement - PreSaveFile = new java.io.File(((pathPrefix + java.lang.Integer.toString(counter)) + .png)): null

2018-12-07 10:18:25 - [TEST_STEP][PASSED] - Statement - counter = counter + 1: null

2018-12-07 10:18:25 - [TEST_STEP][PASSED] - Statement - PreSaveFile = new java.io.File(((pathPrefix + java.lang.Integer.toString(counter)) + .png)): null

2018-12-07 10:18:25 - [TEST_STEP][PASSED] - Statement - counter = counter + 1: null

2018-12-07 10:18:25 - [TEST_STEP][PASSED] - Statement - PreSaveFile = new java.io.File(((pathPrefix + java.lang.Integer.toString(counter)) + .png)): null

2018-12-07 10:18:25 - [TEST_STEP][PASSED] - Statement - counter = counter + 1: null

2018-12-07 10:18:25 - [TEST_STEP][PASSED] - Statement - PreSaveFile = new java.io.File(((pathPrefix + java.lang.Integer.toString(counter)) + .png)): null

2018-12-07 10:18:25 - [TEST_STEP][PASSED] - Statement - counter = counter + 1: null

2018-12-07 10:18:25 - [TEST_STEP][PASSED] - Statement - PreSaveFile = new java.io.File(((pathPrefix + java.lang.Integer.toString(counter)) + .png)): null

2018-12-07 10:18:25 - [TEST_STEP][PASSED] - Statement - counter = counter + 1: null

2018-12-07 10:18:25 - [TEST_STEP][PASSED] - Statement - PreSaveFile = new java.io.File(((pathPrefix + java.lang.Integer.toString(counter)) + .png)): null

2018-12-07 10:18:25 - [TEST_STEP][PASSED] - Statement - counter = counter + 1: null

2018-12-07 10:18:25 - [TEST_STEP][PASSED] - Statement - PreSaveFile = new java.io.File(((pathPrefix + java.lang.Integer.toString(counter)) + .png)): null

2018-12-07 10:18:25 - [TEST_STEP][PASSED] - Statement - counter = counter + 1: null

2018-12-07 10:18:25 - [TEST_STEP][PASSED] - Statement - PreSaveFile = new java.io.File(((pathPrefix + java.lang.Integer.toString(counter)) + .png)): null

2018-12-07 10:18:25 - [TEST_STEP][PASSED] - Statement - counter = counter + 1: null

2018-12-07 10:18:25 - [TEST_STEP][PASSED] - Statement - PreSaveFile = new java.io.File(((pathPrefix + java.lang.Integer.toString(counter)) + .png)): null

2018-12-07 10:18:25 - [TEST_STEP][PASSED] - Statement - counter = counter + 1: null

2018-12-07 10:18:25 - [TEST_STEP][PASSED] - Statement - PreSaveFile = new java.io.File(((pathPrefix + java.lang.Integer.toString(counter)) + .png)): null

2018-12-07 10:18:25 - [TEST_STEP][PASSED] - Statement - counter = counter + 1: null

2018-12-07 10:18:25 - [TEST_STEP][PASSED] - Statement - PreSaveFile = new java.io.File(((pathPrefix + java.lang.Integer.toString(counter)) + .png)): null

2018-12-07 10:18:25 - [TEST_STEP][PASSED] - Statement - counter = counter + 1: null

2018-12-07 10:18:25 - [TEST_STEP][PASSED] - Statement - PreSaveFile = new java.io.File(((pathPrefix + java.lang.Integer.toString(counter)) + .png)): null

2018-12-07 10:18:25 - [TEST_STEP][PASSED] - Statement - counter = counter + 1: null

2018-12-07 10:18:25 - [TEST_STEP][PASSED] - Statement - PreSaveFile = new java.io.File(((pathPrefix + java.lang.Integer.toString(counter)) + .png)): null

2018-12-07 10:18:26 - [TEST_STEP][PASSED] - Statement - counter = counter + 1: null

2018-12-07 10:18:26 - [TEST_STEP][PASSED] - Statement - PreSaveFile = new java.io.File(((pathPrefix + java.lang.Integer.toString(counter)) + .png)): null

2018-12-07 10:18:26 - [TEST_STEP][PASSED] - Statement - counter = counter + 1: null

2018-12-07 10:18:26 - [TEST_STEP][PASSED] - Statement - PreSaveFile = new java.io.File(((pathPrefix + java.lang.Integer.toString(counter)) + .png)): null

2018-12-07 10:18:26 - [TEST_STEP][PASSED] - Statement - counter = counter + 1: null

2018-12-07 10:18:26 - [TEST_STEP][PASSED] - Statement - PreSaveFile = new java.io.File(((pathPrefix + java.lang.Integer.toString(counter)) + .png)): null

2018-12-07 10:18:26 - [TEST_STEP][PASSED] - Statement - counter = counter + 1: null

2018-12-07 10:18:26 - [TEST_STEP][PASSED] - Statement - PreSaveFile = new java.io.File(((pathPrefix + java.lang.Integer.toString(counter)) + .png)): null

2018-12-07 10:18:26 - [TEST_STEP][PASSED] - Statement - counter = counter + 1: null

2018-12-07 10:18:26 - [TEST_STEP][PASSED] - Statement - PreSaveFile = new java.io.File(((pathPrefix + java.lang.Integer.toString(counter)) + .png)): null

2018-12-07 10:18:26 - [TEST_STEP][PASSED] - Statement - counter = counter + 1: null

2018-12-07 10:18:26 - [TEST_STEP][PASSED] - Statement - PreSaveFile = new java.io.File(((pathPrefix + java.lang.Integer.toString(counter)) + .png)): null

2018-12-07 10:18:26 - [TEST_STEP][PASSED] - Statement - counter = counter + 1: null

2018-12-07 10:18:26 - [TEST_STEP][PASSED] - Statement - PreSaveFile = new java.io.File(((pathPrefix + java.lang.Integer.toString(counter)) + .png)): null

2018-12-07 10:18:26 - [TEST_STEP][PASSED] - Statement - counter = counter + 1: null

2018-12-07 10:18:26 - [TEST_STEP][PASSED] - Statement - PreSaveFile = new java.io.File(((pathPrefix + java.lang.Integer.toString(counter)) + .png)): null

2018-12-07 10:18:26 - [TEST_STEP][PASSED] - Statement - counter = counter + 1: null

2018-12-07 10:18:26 - [TEST_STEP][PASSED] - Statement - PreSaveFile = new java.io.File(((pathPrefix + java.lang.Integer.toString(counter)) + .png)): null

2018-12-07 10:18:26 - [TEST_STEP][PASSED] - Statement - counter = counter + 1: null

2018-12-07 10:18:26 - [TEST_STEP][PASSED] - Statement - PreSaveFile = new java.io.File(((pathPrefix + java.lang.Integer.toString(counter)) + .png)): null

2018-12-07 10:18:26 - [TEST_STEP][PASSED] - Statement - counter = counter + 1: null

2018-12-07 10:18:26 - [TEST_STEP][PASSED] - Statement - PreSaveFile = new java.io.File(((pathPrefix + java.lang.Integer.toString(counter)) + .png)): null

2018-12-07 10:18:26 - [TEST_STEP][PASSED] - Statement - counter = counter + 1: null

2018-12-07 10:18:26 - [TEST_STEP][PASSED] - Statement - PreSaveFile = new java.io.File(((pathPrefix + java.lang.Integer.toString(counter)) + .png)): null

2018-12-07 10:18:26 - [TEST_STEP][PASSED] - Statement - counter = counter + 1: null

2018-12-07 10:18:26 - [TEST_STEP][PASSED] - Statement - PreSaveFile = new java.io.File(((pathPrefix + java.lang.Integer.toString(counter)) + .png)): null

2018-12-07 10:18:26 - [TEST_STEP][PASSED] - Statement - counter = counter + 1: null

2018-12-07 10:18:26 - [TEST_STEP][PASSED] - Statement - PreSaveFile = new java.io.File(((pathPrefix + java.lang.Integer.toString(counter)) + .png)): null

2018-12-07 10:18:26 - [TEST_STEP][PASSED] - Statement - counter = counter + 1: null

2018-12-07 10:18:27 - [TEST_STEP][PASSED] - Statement - PreSaveFile = new java.io.File(((pathPrefix + java.lang.Integer.toString(counter)) + .png)): null

2018-12-07 10:18:27 - [TEST_STEP][PASSED] - Statement - counter = counter + 1: null

2018-12-07 10:18:27 - [TEST_STEP][PASSED] - Statement - PreSaveFile = new java.io.File(((pathPrefix + java.lang.Integer.toString(counter)) + .png)): null

2018-12-07 10:18:27 - [TEST_STEP][PASSED] - Statement - counter = counter + 1: null

2018-12-07 10:18:27 - [TEST_STEP][PASSED] - Statement - PreSaveFile = new java.io.File(((pathPrefix + java.lang.Integer.toString(counter)) + .png)): null

2018-12-07 10:18:27 - [TEST_STEP][PASSED] - Statement - counter = counter + 1: null

2018-12-07 10:18:27 - [TEST_STEP][PASSED] - Statement - PreSaveFile = new java.io.File(((pathPrefix + java.lang.Integer.toString(counter)) + .png)): null

2018-12-07 10:18:27 - [TEST_STEP][PASSED] - Statement - counter = counter + 1: null

2018-12-07 10:18:27 - [TEST_STEP][PASSED] - Statement - PreSaveFile = new java.io.File(((pathPrefix + java.lang.Integer.toString(counter)) + .png)): null

2018-12-07 10:18:27 - [TEST_STEP][PASSED] - Statement - counter = counter + 1: null

2018-12-07 10:18:27 - [TEST_STEP][PASSED] - Statement - PreSaveFile = new java.io.File(((pathPrefix + java.lang.Integer.toString(counter)) + .png)): null

2018-12-07 10:18:27 - [TEST_STEP][PASSED] - Statement - counter = counter + 1: null

2018-12-07 10:18:27 - [TEST_STEP][PASSED] - Statement - PreSaveFile = new java.io.File(((pathPrefix + java.lang.Integer.toString(counter)) + .png)): null

2018-12-07 10:18:27 - [TEST_STEP][PASSED] - Statement - counter = counter + 1: null

2018-12-07 10:18:27 - [TEST_STEP][PASSED] - Statement - PreSaveFile = new java.io.File(((pathPrefix + java.lang.Integer.toString(counter)) + .png)): null

2018-12-07 10:18:27 - [TEST_STEP][PASSED] - Statement - counter = counter + 1: null

2018-12-07 10:18:27 - [TEST_STEP][PASSED] - Statement - PreSaveFile = new java.io.File(((pathPrefix + java.lang.Integer.toString(counter)) + .png)): null

2018-12-07 10:18:27 - [TEST_STEP][PASSED] - Statement - counter = counter + 1: null

2018-12-07 10:18:27 - [TEST_STEP][PASSED] - Statement - PreSaveFile = new java.io.File(((pathPrefix + java.lang.Integer.toString(counter)) + .png)): null

2018-12-07 10:18:27 - [TEST_STEP][PASSED] - Statement - counter = counter + 1: null

2018-12-07 10:18:27 - [TEST_STEP][PASSED] - Statement - PreSaveFile = new java.io.File(((pathPrefix + java.lang.Integer.toString(counter)) + .png)): null

2018-12-07 10:18:27 - [TEST_STEP][PASSED] - Statement - counter = counter + 1: null

2018-12-07 10:18:27 - [TEST_STEP][PASSED] - Statement - PreSaveFile = new java.io.File(((pathPrefix + java.lang.Integer.toString(counter)) + .png)): null

2018-12-07 10:18:27 - [TEST_STEP][PASSED] - Statement - counter = counter + 1: null

2018-12-07 10:18:27 - [TEST_STEP][PASSED] - Statement - PreSaveFile = new java.io.File(((pathPrefix + java.lang.Integer.toString(counter)) + .png)): null

2018-12-07 10:18:27 - [TEST_STEP][PASSED] - Statement - counter = counter + 1: null

2018-12-07 10:18:27 - [TEST_STEP][PASSED] - Statement - PreSaveFile = new java.io.File(((pathPrefix + java.lang.Integer.toString(counter)) + .png)): null

2018-12-07 10:18:27 - [TEST_STEP][PASSED] - Statement - counter = counter + 1: null

2018-12-07 10:18:28 - [TEST_STEP][PASSED] - Statement - PreSaveFile = new java.io.File(((pathPrefix + java.lang.Integer.toString(counter)) + .png)): null

2018-12-07 10:18:28 - [TEST_STEP][PASSED] - Statement - counter = counter + 1: null

2018-12-07 10:18:28 - [TEST_STEP][PASSED] - Statement - PreSaveFile = new java.io.File(((pathPrefix + java.lang.Integer.toString(counter)) + .png)): null

2018-12-07 10:18:28 - [TEST_STEP][PASSED] - Statement - counter = counter + 1: null

2018-12-07 10:18:28 - [TEST_STEP][PASSED] - Statement - PreSaveFile = new java.io.File(((pathPrefix + java.lang.Integer.toString(counter)) + .png)): null

2018-12-07 10:18:28 - [TEST_STEP][PASSED] - Statement - counter = counter + 1: null

2018-12-07 10:18:28 - [TEST_STEP][PASSED] - Statement - PreSaveFile = new java.io.File(((pathPrefix + java.lang.Integer.toString(counter)) + .png)): null

2018-12-07 10:18:28 - [TEST_STEP][PASSED] - Statement - counter = counter + 1: null

2018-12-07 10:18:28 - [TEST_STEP][PASSED] - Statement - PreSaveFile = new java.io.File(((pathPrefix + java.lang.Integer.toString(counter)) + .png)): null

2018-12-07 10:18:28 - [TEST_STEP][PASSED] - Statement - counter = counter + 1: null

2018-12-07 10:18:28 - [TEST_STEP][PASSED] - Statement - PreSaveFile = new java.io.File(((pathPrefix + java.lang.Integer.toString(counter)) + .png)): null

2018-12-07 10:18:28 - [TEST_STEP][PASSED] - Statement - finalPath = pathPrefix + java.lang.Integer.toString(counter) + ".png": null

2018-12-07 10:18:28 - [TEST_STEP][PASSED] - Statement - SaveFile = new java.io.File(finalPath): null

2018-12-07 10:18:28 - [TEST_STEP][PASSED] - Statement - Try: null

2018-12-07 10:18:28 - [TEST_STEP][PASSED] - Statement - org.apache.commons.io.FileUtils.copyFile(scrFile, SaveFile): null

2018-12-07 10:18:28 - [TEST_STEP][PASSED] - Statement - out.println("file kept"): null

2018-12-07 10:18:28 - [TEST_STEP][PASSED] - delay: Delayed 10 second(s)

2018-12-07 10:18:38 - [MESSAGE][PASSED] - Delayed 10 second(s)

2018-12-07 10:18:38 - [MESSAGE][PASSED] - Call Test Case 'Test Cases/Final Aug 2018 - PKS Automation/Common/Screenshoting tool' successfully

2018-12-07 10:18:38 - [TEST_STEP][PASSED] - callTestCase: Call Test Case 'Test Cases/Final Aug 2018 - PKS Automation/Registration Module/Log Out/log out avoiding katalon tagging' successfully

2018-12-07 10:18:38 - [TEST_CASE][PASSED] - Test Cases/Final Aug 2018 - PKS Automation/Registration Module/Log Out/log out avoiding katalon tagging: Test Cases/Final Aug 2018 - PKS Automation/Registration Module/Log Out/log out avoiding katalon tagging

2018-12-07 10:18:38 - [TEST_STEP][PASSED] - navigateToUrl: Navigate to 'https://assist2-uat.perkeso.gov.my/c/portal/logout' successfully

2018-12-07 10:18:39 - [MESSAGE][PASSED] - Navigate to 'https://assist2-uat.perkeso.gov.my/c/portal/logout' successfully

2018-12-07 10:18:39 - [MESSAGE][PASSED] - Call Test Case 'Test Cases/Final Aug 2018 - PKS Automation/Registration Module/Log Out/log out avoiding katalon tagging' successfully

2018-12-07 10:18:39 - [TEST_STEP][PASSED] - callTestCase: Call Test Case 'Test Cases/Final Aug 2018 - PKS Automation/Common/Workflow Owner Finder' successfully

2018-12-07 10:18:39 - [TEST_CASE][PASSED] - Test Cases/Final Aug 2018 - PKS Automation/Common/Workflow Owner Finder: Test Cases/Final Aug 2018 - PKS Automation/Common/Workflow Owner Finder

2018-12-07 10:18:39 - [TEST_STEP][PASSED] - openBrowser: Browser is opened with url: ''

2018-12-07 10:18:39 - [MESSAGE][WARNING] - A browser is already opened. Closing browser and opening a new one

2018-12-07 10:18:42 - [MESSAGE][PASSED] - Browser is opened with url: ''

2018-12-07 10:18:42 - [TEST_STEP][PASSED] - navigateToUrl: Navigate to 'https://assist2-uat.perkeso.gov.my/login' successfully

2018-12-07 10:18:43 - [MESSAGE][PASSED] - Navigate to 'https://assist2-uat.perkeso.gov.my/login' successfully

2018-12-07 10:18:43 - [TEST_STEP][PASSED] - delay: Delayed 5 second(s)

2018-12-07 10:18:48 - [MESSAGE][PASSED] - Delayed 5 second(s)

2018-12-07 10:18:48 - [TEST_STEP][PASSED] - setText: Text 'test@liferay.com' is set on object 'Object Repository/Final Object Repo/Login Page/Internal User/Email Address'

2018-12-07 10:18:49 - [MESSAGE][PASSED] - Text 'test@liferay.com' is set on object 'Object Repository/Final Object Repo/Login Page/Internal User/Email Address'

2018-12-07 10:18:49 - [TEST_STEP][PASSED] - click: Object: 'Object Repository/Final Object Repo/Login Page/Internal User/Next Button' is clicked on

2018-12-07 10:18:49 - [MESSAGE][PASSED] - Object: 'Object Repository/Final Object Repo/Login Page/Internal User/Next Button' is clicked on

2018-12-07 10:18:49 - [TEST_STEP][PASSED] - delay: Delayed 2 second(s)

2018-12-07 10:18:51 - [MESSAGE][PASSED] - Delayed 2 second(s)

2018-12-07 10:18:51 - [TEST_STEP][PASSED] - setText: Text 'test' is set on object 'Object Repository/Final Object Repo/Login Page/Internal User/Password'

2018-12-07 10:18:51 - [MESSAGE][PASSED] - Text 'test' is set on object 'Object Repository/Final Object Repo/Login Page/Internal User/Password'

2018-12-07 10:18:51 - [TEST_STEP][PASSED] - delay: Delayed 2 second(s)

2018-12-07 10:18:53 - [MESSAGE][PASSED] - Delayed 2 second(s)

2018-12-07 10:18:53 - [TEST_STEP][PASSED] - click: Object: 'Object Repository/Final Object Repo/Login Page/Internal User/Login Button' is clicked on

2018-12-07 10:18:53 - [MESSAGE][PASSED] - Object: 'Object Repository/Final Object Repo/Login Page/Internal User/Login Button' is clicked on

2018-12-07 10:18:53 - [TEST_STEP][PASSED] - Statement - tester = com.kms.katalon.core.testobject.ObjectRepository.findTestObject(Final Object Repo/Landing Page/Select to English): Finding Test Object with id 'Object Repository/Final Object Repo/Landing Page/Select to English'

2018-12-07 10:18:53 - [TEST_STEP][PASSED] - Statement - Try: Delayed 2 second(s)

2018-12-07 10:18:53 - [TEST_STEP][PASSED] - Statement - Checker = com.kms.katalon.core.webui.keyword.WebUiBuiltInKeywords.verifyElementNotPresent(tester, 3): Web element with id: 'Object Repository/Final Object Repo/Landing Page/Select to English' located by 'By.xpath: //a[@class = 'taglib-language-list-text' and @lang = 'en-US' and (contains(text(), 'EN') or contains(., 'EN'))]' is not present after '3' second(s)

2018-12-07 10:18:55 - [MESSAGE][PASSED] - Web element with id: 'Object Repository/Final Object Repo/Landing Page/Select to English' located by 'By.xpath: //a[@class = 'taglib-language-list-text' and @lang = 'en-US' and (contains(text(), 'EN') or contains(., 'EN'))]' is not present after '3' second(s)

2018-12-07 10:18:55 - [TEST_STEP][PASSED] - Statement - If (Checker == false): null

2018-12-07 10:18:55 - [TEST_STEP][PASSED] - delay: Delayed 2 second(s)

2018-12-07 10:18:57 - [MESSAGE][PASSED] - Delayed 2 second(s)

2018-12-07 10:18:57 - [TEST_STEP][PASSED] - delay: Delayed 5 second(s)

2018-12-07 10:19:02 - [MESSAGE][PASSED] - Delayed 5 second(s)

2018-12-07 10:19:02 - [TEST_STEP][PASSED] - mouseOver: Object: 'Object Repository/Final Object Repo/Landing Page/WorkFlow Menu' is hovered

2018-12-07 10:19:02 - [MESSAGE][PASSED] - Object: 'Object Repository/Final Object Repo/Landing Page/WorkFlow Menu' is hovered

2018-12-07 10:19:02 - [TEST_STEP][PASSED] - delay: Delayed 2 second(s)

2018-12-07 10:19:04 - [MESSAGE][PASSED] - Delayed 2 second(s)

2018-12-07 10:19:04 - [TEST_STEP][PASSED] - click: Object: 'Object Repository/Final Object Repo/Landing Page/Select to Workflow Listing' is clicked on

2018-12-07 10:19:05 - [MESSAGE][PASSED] - Object: 'Object Repository/Final Object Repo/Landing Page/Select to Workflow Listing' is clicked on

2018-12-07 10:19:05 - [TEST_STEP][PASSED] - delay: Delayed 2 second(s)

2018-12-07 10:19:07 - [MESSAGE][PASSED] - Delayed 2 second(s)

2018-12-07 10:19:07 - [TEST_STEP][PASSED] - click: Object: 'Object Repository/Final Object Repo/WorkFlow Listing Page/Search Information - To Put Ref No' is clicked on

2018-12-07 10:19:07 - [MESSAGE][PASSED] - Object: 'Object Repository/Final Object Repo/WorkFlow Listing Page/Search Information - To Put Ref No' is clicked on

2018-12-07 10:19:07 - [TEST_STEP][PASSED] - delay: Delayed 2 second(s)

2018-12-07 10:19:09 - [MESSAGE][PASSED] - Delayed 2 second(s)

2018-12-07 10:19:09 - [TEST_STEP][PASSED] - callTestCase: Call Test Case 'Test Cases/Final Aug 2018 - PKS Automation/Common/Reference Number Getter' successfully

2018-12-07 10:19:09 - [TEST_CASE][PASSED] - Test Cases/Final Aug 2018 - PKS Automation/Common/Reference Number Getter: Test Cases/Final Aug 2018 - PKS Automation/Common/Reference Number Getter

2018-12-07 10:19:09 - [TEST_STEP][PASSED] - Statement - Try: null

2018-12-07 10:19:09 - [TEST_STEP][PASSED] - Statement - RefNo = new java.io.File(C://Users//Admin//Desktop//PKS//Automation Reference Point//KatalonReference.txt): null

2018-12-07 10:19:09 - [TEST_STEP][PASSED] - Statement - bufferread = new java.io.BufferedReader(new java.io.FileReader(RefNo)): null

2018-12-07 10:19:09 - [TEST_STEP][PASSED] - Statement - readedVal = bufferread.readLine(): null

2018-12-07 10:19:09 - [TEST_STEP][PASSED] - Statement - out.println(CaseReferenceNo): null

2018-12-07 10:19:09 - [TEST_STEP][PASSED] - Statement - out.println(readedVal): null

2018-12-07 10:19:09 - [TEST_STEP][PASSED] - Statement - CaseReferenceNo = "": null

2018-12-07 10:19:09 - [TEST_STEP][PASSED] - Statement - CaseReferenceNo = readedVal: null

2018-12-07 10:19:09 - [MESSAGE][PASSED] - Call Test Case 'Test Cases/Final Aug 2018 - PKS Automation/Common/Reference Number Getter' successfully

2018-12-07 10:19:09 - [TEST_STEP][PASSED] - setText: Text 'CAN12201800002280' is set on object 'Object Repository/Final Object Repo/WorkFlow Listing Page/Ref No Set Text'

2018-12-07 10:19:10 - [MESSAGE][PASSED] - Text 'CAN12201800002280' is set on object 'Object Repository/Final Object Repo/WorkFlow Listing Page/Ref No Set Text'

2018-12-07 10:19:10 - [TEST_STEP][PASSED] - delay: Delayed 2 second(s)

2018-12-07 10:19:12 - [MESSAGE][PASSED] - Delayed 2 second(s)

2018-12-07 10:19:12 - [TEST_STEP][PASSED] - click: Object: 'Object Repository/Final Object Repo/WorkFlow Listing Page/Search Ref No Search Button' is clicked on

2018-12-07 10:19:12 - [MESSAGE][PASSED] - Object: 'Object Repository/Final Object Repo/WorkFlow Listing Page/Search Ref No Search Button' is clicked on

2018-12-07 10:19:12 - [TEST_STEP][PASSED] - delay: Delayed 6 second(s)

2018-12-07 10:19:18 - [MESSAGE][PASSED] - Delayed 6 second(s)

2018-12-07 10:19:18 - [TEST_STEP][PASSED] - click: Object: 'Object Repository/Final Object Repo/WorkFlow Listing Page/Click Continue Tooltip' is clicked on

2018-12-07 10:19:19 - [MESSAGE][PASSED] - Object: 'Object Repository/Final Object Repo/WorkFlow Listing Page/Click Continue Tooltip' is clicked on

2018-12-07 10:19:19 - [TEST_STEP][PASSED] - delay: Delayed 5 second(s)

2018-12-07 10:19:24 - [MESSAGE][PASSED] - Delayed 5 second(s)

2018-12-07 10:19:24 - [TEST_STEP][PASSED] - doubleClick: Object: 'Object Repository/Final Object Repo/WorkFlow Listing Page/Workflow Found - Listing 1' is double clicked on

2018-12-07 10:19:24 - [MESSAGE][PASSED] - Object: 'Object Repository/Final Object Repo/WorkFlow Listing Page/Workflow Found - Listing 1' is double clicked on

2018-12-07 10:19:24 - [TEST_STEP][PASSED] - Statement - println(OwnerID): null

2018-12-07 10:19:24 - [TEST_STEP][PASSED] - Statement - OwnerID = com.kms.katalon.core.webui.keyword.WebUiBuiltInKeywords.getText(com.kms.katalon.core.testobject.ObjectRepository.findTestObject(Final Object Repo/WorkFlow Listing Page/Workflow Found - Listing 1), STOP_ON_FAILURE): Text of object 'Object Repository/Final Object Repo/WorkFlow Listing Page/Workflow Found - Listing 1' is: 'JOHORro2'

2018-12-07 10:19:24 - [MESSAGE][PASSED] - Text of object 'Object Repository/Final Object Repo/WorkFlow Listing Page/Workflow Found - Listing 1' is: 'JOHORro2'

2018-12-07 10:19:24 - [TEST_STEP][PASSED] - Statement - OwnerID = OwnerID.toLowerCase() + "@gmail.com": null

2018-12-07 10:19:24 - [TEST_STEP][PASSED] - Statement - println(OwnerID): null

2018-12-07 10:19:24 - [TEST_STEP][PASSED] - delay: Delayed 2 second(s)

2018-12-07 10:19:26 - [MESSAGE][PASSED] - Delayed 2 second(s)

2018-12-07 10:19:26 - [MESSAGE][PASSED] - Call Test Case 'Test Cases/Final Aug 2018 - PKS Automation/Common/Workflow Owner Finder' successfully

2018-12-07 10:19:26 - [TEST_STEP][PASSED] - callTestCase: Call Test Case 'Test Cases/Final Aug 2018 - PKS Automation/Registration Module/Log Out/log out avoiding katalon tagging' successfully

2018-12-07 10:19:26 - [TEST_CASE][PASSED] - Test Cases/Final Aug 2018 - PKS Automation/Registration Module/Log Out/log out avoiding katalon tagging: Test Cases/Final Aug 2018 - PKS Automation/Registration Module/Log Out/log out avoiding katalon tagging

2018-12-07 10:19:26 - [TEST_STEP][PASSED] - navigateToUrl: Navigate to 'https://assist2-uat.perkeso.gov.my/c/portal/logout' successfully

2018-12-07 10:19:27 - [MESSAGE][PASSED] - Navigate to 'https://assist2-uat.perkeso.gov.my/c/portal/logout' successfully

2018-12-07 10:19:27 - [MESSAGE][PASSED] - Call Test Case 'Test Cases/Final Aug 2018 - PKS Automation/Registration Module/Log Out/log out avoiding katalon tagging' successfully

2018-12-07 10:19:27 - [TEST_STEP][PASSED] - delay: Delayed 2 second(s)

2018-12-07 10:19:29 - [MESSAGE][PASSED] - Delayed 2 second(s)

2018-12-07 10:19:29 - [TEST_STEP][PASSED] - setText: Text 'johorro2@gmail.com' is set on object 'Object Repository/Final Object Repo/Page_Update Add New Employee - ASSIST/Email TextBox'

2018-12-07 10:19:30 - [MESSAGE][PASSED] - Text 'johorro2@gmail.com' is set on object 'Object Repository/Final Object Repo/Page_Update Add New Employee - ASSIST/Email TextBox'

2018-12-07 10:19:30 - [TEST_STEP][PASSED] - click: Object: 'Object Repository/Final Object Repo/Page_Update Add New Employee - ASSIST/Next Button' is clicked on

2018-12-07 10:19:30 - [MESSAGE][PASSED] - Object: 'Object Repository/Final Object Repo/Page_Update Add New Employee - ASSIST/Next Button' is clicked on

2018-12-07 10:19:30 - [TEST_STEP][PASSED] - delay: Delayed 2 second(s)

2018-12-07 10:19:32 - [MESSAGE][PASSED] - Delayed 2 second(s)

2018-12-07 10:19:32 - [TEST_STEP][PASSED] - setText: Text 'Test1@3456789' is set on object 'Object Repository/Final Object Repo/Page_Update Add New Employee - ASSIST/Password TextBox'

2018-12-07 10:19:32 - [MESSAGE][PASSED] - Text 'Test1@3456789' is set on object 'Object Repository/Final Object Repo/Page_Update Add New Employee - ASSIST/Password TextBox'

2018-12-07 10:19:32 - [TEST_STEP][PASSED] - delay: Delayed 2 second(s)

2018-12-07 10:19:34 - [MESSAGE][PASSED] - Delayed 2 second(s)

2018-12-07 10:19:34 - [TEST_STEP][PASSED] - click: Object: 'Object Repository/Final Object Repo/Page_Update Add New Employee - ASSIST/Login Button' is clicked on

2018-12-07 10:19:34 - [MESSAGE][PASSED] - Object: 'Object Repository/Final Object Repo/Page_Update Add New Employee - ASSIST/Login Button' is clicked on

2018-12-07 10:19:34 - [TEST_STEP][PASSED] - delay: Delayed 4 second(s)

2018-12-07 10:19:38 - [MESSAGE][PASSED] - Delayed 4 second(s)

2018-12-07 10:19:38 - [TEST_STEP][PASSED] - Statement - Try: Delayed 2 second(s)

2018-12-07 10:19:38 - [TEST_STEP][PASSED] - Statement - Checker = false: null

2018-12-07 10:19:38 - [TEST_STEP][PASSED] - Statement - Checker = com.kms.katalon.core.webui.keyword.WebUiBuiltInKeywords.verifyElementHasAttribute(com.kms.katalon.core.testobject.ObjectRepository.findTestObject(Final Object Repo/Landing Page/BM Detecting), "href", 20, OPTIONAL): Object 'Object Repository/Final Object Repo/Landing Page/BM Detecting' has attribute 'href'

2018-12-07 10:19:38 - [MESSAGE][PASSED] - Object 'Object Repository/Final Object Repo/Landing Page/BM Detecting' has attribute 'href'

2018-12-07 10:19:38 - [TEST_STEP][PASSED] - Statement - out.println(Checker): null

2018-12-07 10:19:38 - [TEST_STEP][PASSED] - Statement - If (Checker == false): null

2018-12-07 10:19:38 - [TEST_STEP][PASSED] - Statement - Else: null

2018-12-07 10:19:38 - [TEST_STEP][PASSED] - delay: Delayed 2 second(s)

2018-12-07 10:19:40 - [MESSAGE][PASSED] - Delayed 2 second(s)

2018-12-07 10:19:40 - [TEST_STEP][PASSED] - delay: Delayed 4 second(s)

2018-12-07 10:19:44 - [MESSAGE][PASSED] - Delayed 4 second(s)

2018-12-07 10:19:44 - [TEST_STEP][PASSED] - click: Object: 'Object Repository/Final Object Repo/New Registration - Registration Module Pages/New Reg - OTC to RO/Special Case - All Related Objects/Expand to Search' is clicked on

2018-12-07 10:19:45 - [MESSAGE][PASSED] - Object: 'Object Repository/Final Object Repo/New Registration - Registration Module Pages/New Reg - OTC to RO/Special Case - All Related Objects/Expand to Search' is clicked on

2018-12-07 10:19:45 - [TEST_STEP][PASSED] - delay: Delayed 2 second(s)

2018-12-07 10:19:47 - [MESSAGE][PASSED] - Delayed 2 second(s)

2018-12-07 10:19:47 - [TEST_STEP][PASSED] - setText: Text 'CAN12201800002280' is set on object 'Object Repository/Final Object Repo/New Registration - Registration Module Pages/New Reg - OTC to RO/Special Case - All Related Objects/TextBox RefNo in Workbasket'

2018-12-07 10:19:47 - [MESSAGE][PASSED] - Text 'CAN12201800002280' is set on object 'Object Repository/Final Object Repo/New Registration - Registration Module Pages/New Reg - OTC to RO/Special Case - All Related Objects/TextBox RefNo in Workbasket'

2018-12-07 10:19:47 - [TEST_STEP][PASSED] - delay: Delayed 2 second(s)

2018-12-07 10:19:49 - [MESSAGE][PASSED] - Delayed 2 second(s)

2018-12-07 10:19:49 - [TEST_STEP][PASSED] - click: Object: 'Object Repository/Final Object Repo/New Registration - Registration Module Pages/New Reg - OTC to RO/Special Case - All Related Objects/Click Search' is clicked on

2018-12-07 10:19:49 - [MESSAGE][PASSED] - Object: 'Object Repository/Final Object Repo/New Registration - Registration Module Pages/New Reg - OTC to RO/Special Case - All Related Objects/Click Search' is clicked on

2018-12-07 10:19:49 - [TEST_STEP][PASSED] - delay: Delayed 2 second(s)

2018-12-07 10:19:51 - [MESSAGE][PASSED] - Delayed 2 second(s)

2018-12-07 10:19:51 - [TEST_STEP][PASSED] - click: Object: 'Object Repository/Final Object Repo/New Registration - Registration Module Pages/New Reg - OTC to RO/Special Case - All Related Objects/Click to Continue Workflow' is clicked on

2018-12-07 10:19:55 - [MESSAGE][PASSED] - Object: 'Object Repository/Final Object Repo/New Registration - Registration Module Pages/New Reg - OTC to RO/Special Case - All Related Objects/Click to Continue Workflow' is clicked on

2018-12-07 10:19:55 - [TEST_STEP][PASSED] - delay: Delayed 10 second(s)

2018-12-07 10:20:05 - [MESSAGE][PASSED] - Delayed 10 second(s)

2018-12-07 10:20:05 - [TEST_STEP][PASSED] - click: Object: 'Object Repository/Final Object Repo/New Registration - Registration Module Pages/New Reg - OTC to RO/Special Case - All Related Objects/Continue Button in verifying case' is clicked on

2018-12-07 10:20:08 - [MESSAGE][PASSED] - Object: 'Object Repository/Final Object Repo/New Registration - Registration Module Pages/New Reg - OTC to RO/Special Case - All Related Objects/Continue Button in verifying case' is clicked on

2018-12-07 10:20:08 - [TEST_STEP][PASSED] - delay: Delayed 2 second(s)

2018-12-07 10:20:10 - [MESSAGE][PASSED] - Delayed 2 second(s)

2018-12-07 10:20:10 - [TEST_STEP][PASSED] - click: Object: 'Object Repository/Final Object Repo/Page_Update Add New Employee - ASSIST/Save  Continue Button' is clicked on

2018-12-07 10:20:11 - [MESSAGE][PASSED] - Object: 'Object Repository/Final Object Repo/Page_Update Add New Employee - ASSIST/Save  Continue Button' is clicked on

2018-12-07 10:20:11 - [TEST_STEP][PASSED] - delay: Delayed 4 second(s)

2018-12-07 10:20:15 - [MESSAGE][PASSED] - Delayed 4 second(s)

2018-12-07 10:20:15 - [TEST_STEP][PASSED] - click: Object: 'Object Repository/Final Object Repo/Page_Update Add New Employee - ASSIST/Save  Continue Third Screen' is clicked on

2018-12-07 10:20:18 - [MESSAGE][PASSED] - Object: 'Object Repository/Final Object Repo/Page_Update Add New Employee - ASSIST/Save  Continue Third Screen' is clicked on

2018-12-07 10:20:18 - [TEST_STEP][PASSED] - delay: Delayed 4 second(s)

2018-12-07 10:20:22 - [MESSAGE][PASSED] - Delayed 4 second(s)

2018-12-07 10:20:22 - [TEST_STEP][PASSED] - setText: Text 'Query the Case' is set on object 'Object Repository/Final Object Repo/Page_Update Add New Employee - ASSIST/Query Text Input'

2018-12-07 10:20:22 - [MESSAGE][PASSED] - Text 'Query the Case' is set on object 'Object Repository/Final Object Repo/Page_Update Add New Employee - ASSIST/Query Text Input'

2018-12-07 10:20:22 - [TEST_STEP][PASSED] - delay: Delayed 4 second(s)

2018-12-07 10:20:26 - [MESSAGE][PASSED] - Delayed 4 second(s)

2018-12-07 10:20:26 - [TEST_STEP][PASSED] - click: Object: 'Object Repository/Final Object Repo/Page_Update Add New Employee - ASSIST/Save   Continue Supporting Doc Page' is clicked on

2018-12-07 10:20:26 - [MESSAGE][PASSED] - Object: 'Object Repository/Final Object Repo/Page_Update Add New Employee - ASSIST/Save   Continue Supporting Doc Page' is clicked on

2018-12-07 10:20:26 - [TEST_STEP][PASSED] - delay: Delayed 4 second(s)

2018-12-07 10:20:30 - [MESSAGE][PASSED] - Delayed 4 second(s)

2018-12-07 10:20:30 - [TEST_STEP][PASSED] - click: Object: 'Object Repository/Final Object Repo/Page_Update Add New Employee - ASSIST/Query Button' is clicked on

2018-12-07 10:20:30 - [MESSAGE][PASSED] - Object: 'Object Repository/Final Object Repo/Page_Update Add New Employee - ASSIST/Query Button' is clicked on

2018-12-07 10:20:30 - [TEST_STEP][PASSED] - delay: Delayed 4 second(s)

2018-12-07 10:20:34 - [MESSAGE][PASSED] - Delayed 4 second(s)

2018-12-07 10:20:34 - [TEST_STEP][PASSED] - click: Object: 'Object Repository/Final Object Repo/Page_Update Add New Employee - ASSIST/Confirm to Query' is clicked on

2018-12-07 10:20:35 - [MESSAGE][PASSED] - Object: 'Object Repository/Final Object Repo/Page_Update Add New Employee - ASSIST/Confirm to Query' is clicked on

2018-12-07 10:20:35 - [TEST_STEP][PASSED] - delay: Delayed 20 second(s)

2018-12-07 10:20:55 - [MESSAGE][PASSED] - Delayed 20 second(s)

2018-12-07 10:20:55 - [TEST_STEP][PASSED] - callTestCase: Call Test Case 'Test Cases/Final Aug 2018 - PKS Automation/Common/Screenshoting tool' successfully

2018-12-07 10:20:55 - [TEST_CASE][PASSED] - Test Cases/Final Aug 2018 - PKS Automation/Common/Screenshoting tool: Test Cases/Final Aug 2018 - PKS Automation/Common/Screenshoting tool

2018-12-07 10:20:55 - [TEST_STEP][PASSED] - delay: Delayed 15 second(s)

2018-12-07 10:21:10 - [MESSAGE][PASSED] - Delayed 15 second(s)

2018-12-07 10:21:10 - [TEST_STEP][PASSED] - Statement - driver = com.kms.katalon.core.webui.driver.DriverFactory.getWebDriver(): null

2018-12-07 10:21:10 - [TEST_STEP][PASSED] - Statement - driver.manage().timeouts().implicitlyWait(10, SECONDS): null

2018-12-07 10:21:10 - [TEST_STEP][PASSED] - Statement - PresavePath = KatalonScreenshots: null

2018-12-07 10:21:10 - [TEST_STEP][PASSED] - Statement - pathPrefix = "C:\Users\Public\Pictures\Sample Pictures\Katalon Screenshots\Automate Ending Screen": null

2018-12-07 10:21:10 - [TEST_STEP][PASSED] - Statement - finalPath = <not implemented yet for class: org.codehaus.groovy.ast.expr.EmptyExpression>: null

2018-12-07 10:21:10 - [TEST_STEP][PASSED] - Statement - scrFile = driver.getScreenshotAs(FILE): null

2018-12-07 10:21:10 - [TEST_STEP][PASSED] - Statement - PreSaveFile = new java.io.File(PresavePath): null

2018-12-07 10:21:10 - [TEST_STEP][PASSED] - Statement - counter = 0: null

2018-12-07 10:21:10 - [TEST_STEP][PASSED] - Statement - If (PreSaveFile.exists()): null

2018-12-07 10:21:10 - [TEST_STEP][PASSED] - Statement - While (PreSaveFile.exists()): null

2018-12-07 10:21:10 - [TEST_STEP][PASSED] - Statement - counter = counter + 1: null

2018-12-07 10:21:10 - [TEST_STEP][PASSED] - Statement - PreSaveFile = new java.io.File(((pathPrefix + java.lang.Integer.toString(counter)) + .png)): null

2018-12-07 10:21:10 - [TEST_STEP][PASSED] - Statement - counter = counter + 1: null

2018-12-07 10:21:10 - [TEST_STEP][PASSED] - Statement - PreSaveFile = new java.io.File(((pathPrefix + java.lang.Integer.toString(counter)) + .png)): null

2018-12-07 10:21:10 - [TEST_STEP][PASSED] - Statement - counter = counter + 1: null

2018-12-07 10:21:10 - [TEST_STEP][PASSED] - Statement - PreSaveFile = new java.io.File(((pathPrefix + java.lang.Integer.toString(counter)) + .png)): null

2018-12-07 10:21:10 - [TEST_STEP][PASSED] - Statement - counter = counter + 1: null

2018-12-07 10:21:10 - [TEST_STEP][PASSED] - Statement - PreSaveFile = new java.io.File(((pathPrefix + java.lang.Integer.toString(counter)) + .png)): null

2018-12-07 10:21:10 - [TEST_STEP][PASSED] - Statement - counter = counter + 1: null

2018-12-07 10:21:10 - [TEST_STEP][PASSED] - Statement - PreSaveFile = new java.io.File(((pathPrefix + java.lang.Integer.toString(counter)) + .png)): null

2018-12-07 10:21:10 - [TEST_STEP][PASSED] - Statement - counter = counter + 1: null

2018-12-07 10:21:10 - [TEST_STEP][PASSED] - Statement - PreSaveFile = new java.io.File(((pathPrefix + java.lang.Integer.toString(counter)) + .png)): null

2018-12-07 10:21:10 - [TEST_STEP][PASSED] - Statement - counter = counter + 1: null

2018-12-07 10:21:10 - [TEST_STEP][PASSED] - Statement - PreSaveFile = new java.io.File(((pathPrefix + java.lang.Integer.toString(counter)) + .png)): null

2018-12-07 10:21:10 - [TEST_STEP][PASSED] - Statement - counter = counter + 1: null

2018-12-07 10:21:10 - [TEST_STEP][PASSED] - Statement - PreSaveFile = new java.io.File(((pathPrefix + java.lang.Integer.toString(counter)) + .png)): null

2018-12-07 10:21:10 - [TEST_STEP][PASSED] - Statement - counter = counter + 1: null

2018-12-07 10:21:10 - [TEST_STEP][PASSED] - Statement - PreSaveFile = new java.io.File(((pathPrefix + java.lang.Integer.toString(counter)) + .png)): null

2018-12-07 10:21:10 - [TEST_STEP][PASSED] - Statement - counter = counter + 1: null

2018-12-07 10:21:10 - [TEST_STEP][PASSED] - Statement - PreSaveFile = new java.io.File(((pathPrefix + java.lang.Integer.toString(counter)) + .png)): null

2018-12-07 10:21:10 - [TEST_STEP][PASSED] - Statement - counter = counter + 1: null

2018-12-07 10:21:10 - [TEST_STEP][PASSED] - Statement - PreSaveFile = new java.io.File(((pathPrefix + java.lang.Integer.toString(counter)) + .png)): null

2018-12-07 10:21:10 - [TEST_STEP][PASSED] - Statement - counter = counter + 1: null

2018-12-07 10:21:10 - [TEST_STEP][PASSED] - Statement - PreSaveFile = new java.io.File(((pathPrefix + java.lang.Integer.toString(counter)) + .png)): null

2018-12-07 10:21:10 - [TEST_STEP][PASSED] - Statement - counter = counter + 1: null

2018-12-07 10:21:10 - [TEST_STEP][PASSED] - Statement - PreSaveFile = new java.io.File(((pathPrefix + java.lang.Integer.toString(counter)) + .png)): null

2018-12-07 10:21:10 - [TEST_STEP][PASSED] - Statement - counter = counter + 1: null

2018-12-07 10:21:10 - [TEST_STEP][PASSED] - Statement - PreSaveFile = new java.io.File(((pathPrefix + java.lang.Integer.toString(counter)) + .png)): null

2018-12-07 10:21:10 - [TEST_STEP][PASSED] - Statement - counter = counter + 1: null

2018-12-07 10:21:10 - [TEST_STEP][PASSED] - Statement - PreSaveFile = new java.io.File(((pathPrefix + java.lang.Integer.toString(counter)) + .png)): null

2018-12-07 10:21:10 - [TEST_STEP][PASSED] - Statement - counter = counter + 1: null

2018-12-07 10:21:10 - [TEST_STEP][PASSED] - Statement - PreSaveFile = new java.io.File(((pathPrefix + java.lang.Integer.toString(counter)) + .png)): null

2018-12-07 10:21:10 - [TEST_STEP][PASSED] - Statement - counter = counter + 1: null

2018-12-07 10:21:10 - [TEST_STEP][PASSED] - Statement - PreSaveFile = new java.io.File(((pathPrefix + java.lang.Integer.toString(counter)) + .png)): null

2018-12-07 10:21:10 - [TEST_STEP][PASSED] - Statement - counter = counter + 1: null

2018-12-07 10:21:10 - [TEST_STEP][PASSED] - Statement - PreSaveFile = new java.io.File(((pathPrefix + java.lang.Integer.toString(counter)) + .png)): null

2018-12-07 10:21:10 - [TEST_STEP][PASSED] - Statement - counter = counter + 1: null

2018-12-07 10:21:11 - [TEST_STEP][PASSED] - Statement - PreSaveFile = new java.io.File(((pathPrefix + java.lang.Integer.toString(counter)) + .png)): null

2018-12-07 10:21:11 - [TEST_STEP][PASSED] - Statement - counter = counter + 1: null

2018-12-07 10:21:11 - [TEST_STEP][PASSED] - Statement - PreSaveFile = new java.io.File(((pathPrefix + java.lang.Integer.toString(counter)) + .png)): null

2018-12-07 10:21:11 - [TEST_STEP][PASSED] - Statement - counter = counter + 1: null

2018-12-07 10:21:11 - [TEST_STEP][PASSED] - Statement - PreSaveFile = new java.io.File(((pathPrefix + java.lang.Integer.toString(counter)) + .png)): null

2018-12-07 10:21:11 - [TEST_STEP][PASSED] - Statement - counter = counter + 1: null

2018-12-07 10:21:11 - [TEST_STEP][PASSED] - Statement - PreSaveFile = new java.io.File(((pathPrefix + java.lang.Integer.toString(counter)) + .png)): null

2018-12-07 10:21:11 - [TEST_STEP][PASSED] - Statement - counter = counter + 1: null

2018-12-07 10:21:11 - [TEST_STEP][PASSED] - Statement - PreSaveFile = new java.io.File(((pathPrefix + java.lang.Integer.toString(counter)) + .png)): null

2018-12-07 10:21:11 - [TEST_STEP][PASSED] - Statement - counter = counter + 1: null

2018-12-07 10:21:11 - [TEST_STEP][PASSED] - Statement - PreSaveFile = new java.io.File(((pathPrefix + java.lang.Integer.toString(counter)) + .png)): null

2018-12-07 10:21:11 - [TEST_STEP][PASSED] - Statement - counter = counter + 1: null

2018-12-07 10:21:11 - [TEST_STEP][PASSED] - Statement - PreSaveFile = new java.io.File(((pathPrefix + java.lang.Integer.toString(counter)) + .png)): null

2018-12-07 10:21:11 - [TEST_STEP][PASSED] - Statement - counter = counter + 1: null

2018-12-07 10:21:11 - [TEST_STEP][PASSED] - Statement - PreSaveFile = new java.io.File(((pathPrefix + java.lang.Integer.toString(counter)) + .png)): null

2018-12-07 10:21:11 - [TEST_STEP][PASSED] - Statement - counter = counter + 1: null

2018-12-07 10:21:11 - [TEST_STEP][PASSED] - Statement - PreSaveFile = new java.io.File(((pathPrefix + java.lang.Integer.toString(counter)) + .png)): null

2018-12-07 10:21:11 - [TEST_STEP][PASSED] - Statement - counter = counter + 1: null

2018-12-07 10:21:11 - [TEST_STEP][PASSED] - Statement - PreSaveFile = new java.io.File(((pathPrefix + java.lang.Integer.toString(counter)) + .png)): null

2018-12-07 10:21:11 - [TEST_STEP][PASSED] - Statement - counter = counter + 1: null

2018-12-07 10:21:11 - [TEST_STEP][PASSED] - Statement - PreSaveFile = new java.io.File(((pathPrefix + java.lang.Integer.toString(counter)) + .png)): null

2018-12-07 10:21:11 - [TEST_STEP][PASSED] - Statement - counter = counter + 1: null

2018-12-07 10:21:11 - [TEST_STEP][PASSED] - Statement - PreSaveFile = new java.io.File(((pathPrefix + java.lang.Integer.toString(counter)) + .png)): null

2018-12-07 10:21:11 - [TEST_STEP][PASSED] - Statement - counter = counter + 1: null

2018-12-07 10:21:11 - [TEST_STEP][PASSED] - Statement - PreSaveFile = new java.io.File(((pathPrefix + java.lang.Integer.toString(counter)) + .png)): null

2018-12-07 10:21:11 - [TEST_STEP][PASSED] - Statement - counter = counter + 1: null

2018-12-07 10:21:11 - [TEST_STEP][PASSED] - Statement - PreSaveFile = new java.io.File(((pathPrefix + java.lang.Integer.toString(counter)) + .png)): null

2018-12-07 10:21:11 - [TEST_STEP][PASSED] - Statement - counter = counter + 1: null

2018-12-07 10:21:11 - [TEST_STEP][PASSED] - Statement - PreSaveFile = new java.io.File(((pathPrefix + java.lang.Integer.toString(counter)) + .png)): null

2018-12-07 10:21:12 - [TEST_STEP][PASSED] - Statement - counter = counter + 1: null

2018-12-07 10:21:12 - [TEST_STEP][PASSED] - Statement - PreSaveFile = new java.io.File(((pathPrefix + java.lang.Integer.toString(counter)) + .png)): null

2018-12-07 10:21:12 - [TEST_STEP][PASSED] - Statement - counter = counter + 1: null

2018-12-07 10:21:12 - [TEST_STEP][PASSED] - Statement - PreSaveFile = new java.io.File(((pathPrefix + java.lang.Integer.toString(counter)) + .png)): null

2018-12-07 10:21:12 - [TEST_STEP][PASSED] - Statement - counter = counter + 1: null

2018-12-07 10:21:12 - [TEST_STEP][PASSED] - Statement - PreSaveFile = new java.io.File(((pathPrefix + java.lang.Integer.toString(counter)) + .png)): null

2018-12-07 10:21:12 - [TEST_STEP][PASSED] - Statement - counter = counter + 1: null

2018-12-07 10:21:12 - [TEST_STEP][PASSED] - Statement - PreSaveFile = new java.io.File(((pathPrefix + java.lang.Integer.toString(counter)) + .png)): null

2018-12-07 10:21:12 - [TEST_STEP][PASSED] - Statement - counter = counter + 1: null

2018-12-07 10:21:12 - [TEST_STEP][PASSED] - Statement - PreSaveFile = new java.io.File(((pathPrefix + java.lang.Integer.toString(counter)) + .png)): null

2018-12-07 10:21:12 - [TEST_STEP][PASSED] - Statement - counter = counter + 1: null

2018-12-07 10:21:12 - [TEST_STEP][PASSED] - Statement - PreSaveFile = new java.io.File(((pathPrefix + java.lang.Integer.toString(counter)) + .png)): null

2018-12-07 10:21:12 - [TEST_STEP][PASSED] - Statement - counter = counter + 1: null

2018-12-07 10:21:12 - [TEST_STEP][PASSED] - Statement - PreSaveFile = new java.io.File(((pathPrefix + java.lang.Integer.toString(counter)) + .png)): null

2018-12-07 10:21:12 - [TEST_STEP][PASSED] - Statement - counter = counter + 1: null

2018-12-07 10:21:12 - [TEST_STEP][PASSED] - Statement - PreSaveFile = new java.io.File(((pathPrefix + java.lang.Integer.toString(counter)) + .png)): null

2018-12-07 10:21:12 - [TEST_STEP][PASSED] - Statement - counter = counter + 1: null

2018-12-07 10:21:12 - [TEST_STEP][PASSED] - Statement - PreSaveFile = new java.io.File(((pathPrefix + java.lang.Integer.toString(counter)) + .png)): null

2018-12-07 10:21:12 - [TEST_STEP][PASSED] - Statement - counter = counter + 1: null

2018-12-07 10:21:12 - [TEST_STEP][PASSED] - Statement - PreSaveFile = new java.io.File(((pathPrefix + java.lang.Integer.toString(counter)) + .png)): null

2018-12-07 10:21:12 - [TEST_STEP][PASSED] - Statement - counter = counter + 1: null

2018-12-07 10:21:12 - [TEST_STEP][PASSED] - Statement - PreSaveFile = new java.io.File(((pathPrefix + java.lang.Integer.toString(counter)) + .png)): null

2018-12-07 10:21:12 - [TEST_STEP][PASSED] - Statement - counter = counter + 1: null

2018-12-07 10:21:12 - [TEST_STEP][PASSED] - Statement - PreSaveFile = new java.io.File(((pathPrefix + java.lang.Integer.toString(counter)) + .png)): null

2018-12-07 10:21:12 - [TEST_STEP][PASSED] - Statement - counter = counter + 1: null

2018-12-07 10:21:12 - [TEST_STEP][PASSED] - Statement - PreSaveFile = new java.io.File(((pathPrefix + java.lang.Integer.toString(counter)) + .png)): null

2018-12-07 10:21:12 - [TEST_STEP][PASSED] - Statement - counter = counter + 1: null

2018-12-07 10:21:12 - [TEST_STEP][PASSED] - Statement - PreSaveFile = new java.io.File(((pathPrefix + java.lang.Integer.toString(counter)) + .png)): null

2018-12-07 10:21:12 - [TEST_STEP][PASSED] - Statement - counter = counter + 1: null

2018-12-07 10:21:12 - [TEST_STEP][PASSED] - Statement - PreSaveFile = new java.io.File(((pathPrefix + java.lang.Integer.toString(counter)) + .png)): null

2018-12-07 10:21:12 - [TEST_STEP][PASSED] - Statement - counter = counter + 1: null

2018-12-07 10:21:12 - [TEST_STEP][PASSED] - Statement - PreSaveFile = new java.io.File(((pathPrefix + java.lang.Integer.toString(counter)) + .png)): null

2018-12-07 10:21:12 - [TEST_STEP][PASSED] - Statement - counter = counter + 1: null

2018-12-07 10:21:12 - [TEST_STEP][PASSED] - Statement - PreSaveFile = new java.io.File(((pathPrefix + java.lang.Integer.toString(counter)) + .png)): null

2018-12-07 10:21:12 - [TEST_STEP][PASSED] - Statement - counter = counter + 1: null

2018-12-07 10:21:12 - [TEST_STEP][PASSED] - Statement - PreSaveFile = new java.io.File(((pathPrefix + java.lang.Integer.toString(counter)) + .png)): null

2018-12-07 10:21:12 - [TEST_STEP][PASSED] - Statement - counter = counter + 1: null

2018-12-07 10:21:12 - [TEST_STEP][PASSED] - Statement - PreSaveFile = new java.io.File(((pathPrefix + java.lang.Integer.toString(counter)) + .png)): null

2018-12-07 10:21:12 - [TEST_STEP][PASSED] - Statement - counter = counter + 1: null

2018-12-07 10:21:13 - [TEST_STEP][PASSED] - Statement - PreSaveFile = new java.io.File(((pathPrefix + java.lang.Integer.toString(counter)) + .png)): null

2018-12-07 10:21:13 - [TEST_STEP][PASSED] - Statement - counter = counter + 1: null

2018-12-07 10:21:13 - [TEST_STEP][PASSED] - Statement - PreSaveFile = new java.io.File(((pathPrefix + java.lang.Integer.toString(counter)) + .png)): null

2018-12-07 10:21:13 - [TEST_STEP][PASSED] - Statement - counter = counter + 1: null

2018-12-07 10:21:13 - [TEST_STEP][PASSED] - Statement - PreSaveFile = new java.io.File(((pathPrefix + java.lang.Integer.toString(counter)) + .png)): null

2018-12-07 10:21:13 - [TEST_STEP][PASSED] - Statement - counter = counter + 1: null

2018-12-07 10:21:13 - [TEST_STEP][PASSED] - Statement - PreSaveFile = new java.io.File(((pathPrefix + java.lang.Integer.toString(counter)) + .png)): null

2018-12-07 10:21:13 - [TEST_STEP][PASSED] - Statement - counter = counter + 1: null

2018-12-07 10:21:13 - [TEST_STEP][PASSED] - Statement - PreSaveFile = new java.io.File(((pathPrefix + java.lang.Integer.toString(counter)) + .png)): null

2018-12-07 10:21:13 - [TEST_STEP][PASSED] - Statement - counter = counter + 1: null

2018-12-07 10:21:13 - [TEST_STEP][PASSED] - Statement - PreSaveFile = new java.io.File(((pathPrefix + java.lang.Integer.toString(counter)) + .png)): null

2018-12-07 10:21:13 - [TEST_STEP][PASSED] - Statement - counter = counter + 1: null

2018-12-07 10:21:13 - [TEST_STEP][PASSED] - Statement - PreSaveFile = new java.io.File(((pathPrefix + java.lang.Integer.toString(counter)) + .png)): null

2018-12-07 10:21:13 - [TEST_STEP][PASSED] - Statement - counter = counter + 1: null

2018-12-07 10:21:13 - [TEST_STEP][PASSED] - Statement - PreSaveFile = new java.io.File(((pathPrefix + java.lang.Integer.toString(counter)) + .png)): null

2018-12-07 10:21:13 - [TEST_STEP][PASSED] - Statement - counter = counter + 1: null

2018-12-07 10:21:13 - [TEST_STEP][PASSED] - Statement - PreSaveFile = new java.io.File(((pathPrefix + java.lang.Integer.toString(counter)) + .png)): null

2018-12-07 10:21:13 - [TEST_STEP][PASSED] - Statement - counter = counter + 1: null

2018-12-07 10:21:13 - [TEST_STEP][PASSED] - Statement - PreSaveFile = new java.io.File(((pathPrefix + java.lang.Integer.toString(counter)) + .png)): null

2018-12-07 10:21:13 - [TEST_STEP][PASSED] - Statement - counter = counter + 1: null

2018-12-07 10:21:13 - [TEST_STEP][PASSED] - Statement - PreSaveFile = new java.io.File(((pathPrefix + java.lang.Integer.toString(counter)) + .png)): null

2018-12-07 10:21:13 - [TEST_STEP][PASSED] - Statement - counter = counter + 1: null

2018-12-07 10:21:13 - [TEST_STEP][PASSED] - Statement - PreSaveFile = new java.io.File(((pathPrefix + java.lang.Integer.toString(counter)) + .png)): null

2018-12-07 10:21:13 - [TEST_STEP][PASSED] - Statement - counter = counter + 1: null

2018-12-07 10:21:13 - [TEST_STEP][PASSED] - Statement - PreSaveFile = new java.io.File(((pathPrefix + java.lang.Integer.toString(counter)) + .png)): null

2018-12-07 10:21:13 - [TEST_STEP][PASSED] - Statement - counter = counter + 1: null

2018-12-07 10:21:13 - [TEST_STEP][PASSED] - Statement - PreSaveFile = new java.io.File(((pathPrefix + java.lang.Integer.toString(counter)) + .png)): null

2018-12-07 10:21:13 - [TEST_STEP][PASSED] - Statement - counter = counter + 1: null

2018-12-07 10:21:14 - [TEST_STEP][PASSED] - Statement - PreSaveFile = new java.io.File(((pathPrefix + java.lang.Integer.toString(counter)) + .png)): null

2018-12-07 10:21:14 - [TEST_STEP][PASSED] - Statement - counter = counter + 1: null

2018-12-07 10:21:14 - [TEST_STEP][PASSED] - Statement - PreSaveFile = new java.io.File(((pathPrefix + java.lang.Integer.toString(counter)) + .png)): null

2018-12-07 10:21:14 - [TEST_STEP][PASSED] - Statement - counter = counter + 1: null

2018-12-07 10:21:14 - [TEST_STEP][PASSED] - Statement - PreSaveFile = new java.io.File(((pathPrefix + java.lang.Integer.toString(counter)) + .png)): null

2018-12-07 10:21:14 - [TEST_STEP][PASSED] - Statement - counter = counter + 1: null

2018-12-07 10:21:14 - [TEST_STEP][PASSED] - Statement - PreSaveFile = new java.io.File(((pathPrefix + java.lang.Integer.toString(counter)) + .png)): null

2018-12-07 10:21:14 - [TEST_STEP][PASSED] - Statement - counter = counter + 1: null

2018-12-07 10:21:14 - [TEST_STEP][PASSED] - Statement - PreSaveFile = new java.io.File(((pathPrefix + java.lang.Integer.toString(counter)) + .png)): null

2018-12-07 10:21:14 - [TEST_STEP][PASSED] - Statement - counter = counter + 1: null

2018-12-07 10:21:14 - [TEST_STEP][PASSED] - Statement - PreSaveFile = new java.io.File(((pathPrefix + java.lang.Integer.toString(counter)) + .png)): null

2018-12-07 10:21:14 - [TEST_STEP][PASSED] - Statement - counter = counter + 1: null

2018-12-07 10:21:14 - [TEST_STEP][PASSED] - Statement - PreSaveFile = new java.io.File(((pathPrefix + java.lang.Integer.toString(counter)) + .png)): null

2018-12-07 10:21:14 - [TEST_STEP][PASSED] - Statement - counter = counter + 1: null

2018-12-07 10:21:14 - [TEST_STEP][PASSED] - Statement - PreSaveFile = new java.io.File(((pathPrefix + java.lang.Integer.toString(counter)) + .png)): null

2018-12-07 10:21:14 - [TEST_STEP][PASSED] - Statement - counter = counter + 1: null

2018-12-07 10:21:14 - [TEST_STEP][PASSED] - Statement - PreSaveFile = new java.io.File(((pathPrefix + java.lang.Integer.toString(counter)) + .png)): null

2018-12-07 10:21:14 - [TEST_STEP][PASSED] - Statement - counter = counter + 1: null

2018-12-07 10:21:14 - [TEST_STEP][PASSED] - Statement - PreSaveFile = new java.io.File(((pathPrefix + java.lang.Integer.toString(counter)) + .png)): null

2018-12-07 10:21:14 - [TEST_STEP][PASSED] - Statement - counter = counter + 1: null

2018-12-07 10:21:14 - [TEST_STEP][PASSED] - Statement - PreSaveFile = new java.io.File(((pathPrefix + java.lang.Integer.toString(counter)) + .png)): null

2018-12-07 10:21:14 - [TEST_STEP][PASSED] - Statement - counter = counter + 1: null

2018-12-07 10:21:14 - [TEST_STEP][PASSED] - Statement - PreSaveFile = new java.io.File(((pathPrefix + java.lang.Integer.toString(counter)) + .png)): null

2018-12-07 10:21:14 - [TEST_STEP][PASSED] - Statement - counter = counter + 1: null

2018-12-07 10:21:14 - [TEST_STEP][PASSED] - Statement - PreSaveFile = new java.io.File(((pathPrefix + java.lang.Integer.toString(counter)) + .png)): null

2018-12-07 10:21:14 - [TEST_STEP][PASSED] - Statement - counter = counter + 1: null

2018-12-07 10:21:14 - [TEST_STEP][PASSED] - Statement - PreSaveFile = new java.io.File(((pathPrefix + java.lang.Integer.toString(counter)) + .png)): null

2018-12-07 10:21:14 - [TEST_STEP][PASSED] - Statement - counter = counter + 1: null

2018-12-07 10:21:14 - [TEST_STEP][PASSED] - Statement - PreSaveFile = new java.io.File(((pathPrefix + java.lang.Integer.toString(counter)) + .png)): null

2018-12-07 10:21:14 - [TEST_STEP][PASSED] - Statement - counter = counter + 1: null

2018-12-07 10:21:14 - [TEST_STEP][PASSED] - Statement - PreSaveFile = new java.io.File(((pathPrefix + java.lang.Integer.toString(counter)) + .png)): null

2018-12-07 10:21:14 - [TEST_STEP][PASSED] - Statement - counter = counter + 1: null

2018-12-07 10:21:14 - [TEST_STEP][PASSED] - Statement - PreSaveFile = new java.io.File(((pathPrefix + java.lang.Integer.toString(counter)) + .png)): null

2018-12-07 10:21:14 - [TEST_STEP][PASSED] - Statement - counter = counter + 1: null

2018-12-07 10:21:14 - [TEST_STEP][PASSED] - Statement - PreSaveFile = new java.io.File(((pathPrefix + java.lang.Integer.toString(counter)) + .png)): null

2018-12-07 10:21:14 - [TEST_STEP][PASSED] - Statement - counter = counter + 1: null

2018-12-07 10:21:14 - [TEST_STEP][PASSED] - Statement - PreSaveFile = new java.io.File(((pathPrefix + java.lang.Integer.toString(counter)) + .png)): null

2018-12-07 10:21:14 - [TEST_STEP][PASSED] - Statement - counter = counter + 1: null

2018-12-07 10:21:14 - [TEST_STEP][PASSED] - Statement - PreSaveFile = new java.io.File(((pathPrefix + java.lang.Integer.toString(counter)) + .png)): null

2018-12-07 10:21:15 - [TEST_STEP][PASSED] - Statement - counter = counter + 1: null

2018-12-07 10:21:15 - [TEST_STEP][PASSED] - Statement - PreSaveFile = new java.io.File(((pathPrefix + java.lang.Integer.toString(counter)) + .png)): null

2018-12-07 10:21:15 - [TEST_STEP][PASSED] - Statement - counter = counter + 1: null

2018-12-07 10:21:15 - [TEST_STEP][PASSED] - Statement - PreSaveFile = new java.io.File(((pathPrefix + java.lang.Integer.toString(counter)) + .png)): null

2018-12-07 10:21:15 - [TEST_STEP][PASSED] - Statement - counter = counter + 1: null

2018-12-07 10:21:15 - [TEST_STEP][PASSED] - Statement - PreSaveFile = new java.io.File(((pathPrefix + java.lang.Integer.toString(counter)) + .png)): null

2018-12-07 10:21:15 - [TEST_STEP][PASSED] - Statement - counter = counter + 1: null

2018-12-07 10:21:15 - [TEST_STEP][PASSED] - Statement - PreSaveFile = new java.io.File(((pathPrefix + java.lang.Integer.toString(counter)) + .png)): null

2018-12-07 10:21:15 - [TEST_STEP][PASSED] - Statement - counter = counter + 1: null

2018-12-07 10:21:15 - [TEST_STEP][PASSED] - Statement - PreSaveFile = new java.io.File(((pathPrefix + java.lang.Integer.toString(counter)) + .png)): null

2018-12-07 10:21:15 - [TEST_STEP][PASSED] - Statement - counter = counter + 1: null

2018-12-07 10:21:15 - [TEST_STEP][PASSED] - Statement - PreSaveFile = new java.io.File(((pathPrefix + java.lang.Integer.toString(counter)) + .png)): null

2018-12-07 10:21:15 - [TEST_STEP][PASSED] - Statement - counter = counter + 1: null

2018-12-07 10:21:15 - [TEST_STEP][PASSED] - Statement - PreSaveFile = new java.io.File(((pathPrefix + java.lang.Integer.toString(counter)) + .png)): null

2018-12-07 10:21:15 - [TEST_STEP][PASSED] - Statement - counter = counter + 1: null

2018-12-07 10:21:15 - [TEST_STEP][PASSED] - Statement - PreSaveFile = new java.io.File(((pathPrefix + java.lang.Integer.toString(counter)) + .png)): null

2018-12-07 10:21:15 - [TEST_STEP][PASSED] - Statement - counter = counter + 1: null

2018-12-07 10:21:15 - [TEST_STEP][PASSED] - Statement - PreSaveFile = new java.io.File(((pathPrefix + java.lang.Integer.toString(counter)) + .png)): null

2018-12-07 10:21:15 - [TEST_STEP][PASSED] - Statement - counter = counter + 1: null

2018-12-07 10:21:15 - [TEST_STEP][PASSED] - Statement - PreSaveFile = new java.io.File(((pathPrefix + java.lang.Integer.toString(counter)) + .png)): null

2018-12-07 10:21:15 - [TEST_STEP][PASSED] - Statement - counter = counter + 1: null

2018-12-07 10:21:15 - [TEST_STEP][PASSED] - Statement - PreSaveFile = new java.io.File(((pathPrefix + java.lang.Integer.toString(counter)) + .png)): null

2018-12-07 10:21:15 - [TEST_STEP][PASSED] - Statement - counter = counter + 1: null

2018-12-07 10:21:15 - [TEST_STEP][PASSED] - Statement - PreSaveFile = new java.io.File(((pathPrefix + java.lang.Integer.toString(counter)) + .png)): null

2018-12-07 10:21:15 - [TEST_STEP][PASSED] - Statement - counter = counter + 1: null

2018-12-07 10:21:15 - [TEST_STEP][PASSED] - Statement - PreSaveFile = new java.io.File(((pathPrefix + java.lang.Integer.toString(counter)) + .png)): null

2018-12-07 10:21:15 - [TEST_STEP][PASSED] - Statement - counter = counter + 1: null

2018-12-07 10:21:15 - [TEST_STEP][PASSED] - Statement - PreSaveFile = new java.io.File(((pathPrefix + java.lang.Integer.toString(counter)) + .png)): null

2018-12-07 10:21:15 - [TEST_STEP][PASSED] - Statement - counter = counter + 1: null

2018-12-07 10:21:16 - [TEST_STEP][PASSED] - Statement - PreSaveFile = new java.io.File(((pathPrefix + java.lang.Integer.toString(counter)) + .png)): null

2018-12-07 10:21:16 - [TEST_STEP][PASSED] - Statement - counter = counter + 1: null

2018-12-07 10:21:16 - [TEST_STEP][PASSED] - Statement - PreSaveFile = new java.io.File(((pathPrefix + java.lang.Integer.toString(counter)) + .png)): null

2018-12-07 10:21:16 - [TEST_STEP][PASSED] - Statement - finalPath = pathPrefix + java.lang.Integer.toString(counter) + ".png": null

2018-12-07 10:21:16 - [TEST_STEP][PASSED] - Statement - SaveFile = new java.io.File(finalPath): null

2018-12-07 10:21:16 - [TEST_STEP][PASSED] - Statement - Try: null

2018-12-07 10:21:16 - [TEST_STEP][PASSED] - Statement - org.apache.commons.io.FileUtils.copyFile(scrFile, SaveFile): null

2018-12-07 10:21:16 - [TEST_STEP][PASSED] - Statement - out.println("file kept"): null

2018-12-07 10:21:16 - [TEST_STEP][PASSED] - delay: Delayed 10 second(s)

2018-12-07 10:21:26 - [MESSAGE][PASSED] - Delayed 10 second(s)

2018-12-07 10:21:26 - [MESSAGE][PASSED] - Call Test Case 'Test Cases/Final Aug 2018 - PKS Automation/Common/Screenshoting tool' successfully

2018-12-07 10:21:26 - [TEST_STEP][PASSED] - callTestCase: Call Test Case 'Test Cases/Final Aug 2018 - PKS Automation/Registration Module/Log Out/log out avoiding katalon tagging' successfully

2018-12-07 10:21:26 - [TEST_CASE][PASSED] - Test Cases/Final Aug 2018 - PKS Automation/Registration Module/Log Out/log out avoiding katalon tagging: Test Cases/Final Aug 2018 - PKS Automation/Registration Module/Log Out/log out avoiding katalon tagging

2018-12-07 10:21:26 - [TEST_STEP][PASSED] - navigateToUrl: Navigate to 'https://assist2-uat.perkeso.gov.my/c/portal/logout' successfully

2018-12-07 10:21:27 - [MESSAGE][PASSED] - Navigate to 'https://assist2-uat.perkeso.gov.my/c/portal/logout' successfully

2018-12-07 10:21:27 - [MESSAGE][PASSED] - Call Test Case 'Test Cases/Final Aug 2018 - PKS Automation/Registration Module/Log Out/log out avoiding katalon tagging' successfully

2018-12-07 10:21:27 - [TEST_STEP][PASSED] - delay: Delayed 4 second(s)

2018-12-07 10:21:31 - [MESSAGE][PASSED] - Delayed 4 second(s)

2018-12-07 10:21:31 - [TEST_STEP][PASSED] - setText: Text 'klpkrbo2@gmail.com' is set on object 'Object Repository/Final Object Repo/Login Page/Internal User/Email Address'

2018-12-07 10:21:31 - [MESSAGE][PASSED] - Text 'klpkrbo2@gmail.com' is set on object 'Object Repository/Final Object Repo/Login Page/Internal User/Email Address'

2018-12-07 10:21:31 - [TEST_STEP][PASSED] - click: Object: 'Object Repository/Final Object Repo/Login Page/Internal User/Next Button' is clicked on

2018-12-07 10:21:31 - [MESSAGE][PASSED] - Object: 'Object Repository/Final Object Repo/Login Page/Internal User/Next Button' is clicked on

2018-12-07 10:21:31 - [TEST_STEP][PASSED] - delay: Delayed 2 second(s)

2018-12-07 10:21:33 - [MESSAGE][PASSED] - Delayed 2 second(s)

2018-12-07 10:21:33 - [TEST_STEP][PASSED] - setText: Text 'Test1@3456789' is set on object 'Object Repository/Final Object Repo/Login Page/Internal User/Password'

2018-12-07 10:21:34 - [MESSAGE][PASSED] - Text 'Test1@3456789' is set on object 'Object Repository/Final Object Repo/Login Page/Internal User/Password'

2018-12-07 10:21:34 - [TEST_STEP][PASSED] - delay: Delayed 2 second(s)

2018-12-07 10:21:36 - [MESSAGE][PASSED] - Delayed 2 second(s)

2018-12-07 10:21:36 - [TEST_STEP][PASSED] - click: Object: 'Object Repository/Final Object Repo/Login Page/Internal User/Login Button' is clicked on

2018-12-07 10:21:36 - [MESSAGE][PASSED] - Object: 'Object Repository/Final Object Repo/Login Page/Internal User/Login Button' is clicked on

2018-12-07 10:21:36 - [TEST_STEP][PASSED] - delay: Delayed 4 second(s)

2018-12-07 10:21:40 - [MESSAGE][PASSED] - Delayed 4 second(s)

2018-12-07 10:21:40 - [TEST_STEP][PASSED] - Statement - Try: Delayed 2 second(s)

2018-12-07 10:21:40 - [TEST_STEP][PASSED] - Statement - Checker = false: null

2018-12-07 10:21:40 - [TEST_STEP][PASSED] - Statement - Checker = com.kms.katalon.core.webui.keyword.WebUiBuiltInKeywords.verifyElementHasAttribute(com.kms.katalon.core.testobject.ObjectRepository.findTestObject(Final Object Repo/Landing Page/BM Detecting), "href", 20, OPTIONAL): Object 'Object Repository/Final Object Repo/Landing Page/BM Detecting' has attribute 'href'

2018-12-07 10:21:40 - [MESSAGE][PASSED] - Object 'Object Repository/Final Object Repo/Landing Page/BM Detecting' has attribute 'href'

2018-12-07 10:21:40 - [TEST_STEP][PASSED] - Statement - out.println(Checker): null

2018-12-07 10:21:40 - [TEST_STEP][PASSED] - Statement - If (Checker == false): null

2018-12-07 10:21:40 - [TEST_STEP][PASSED] - Statement - Else: null

2018-12-07 10:21:40 - [TEST_STEP][PASSED] - delay: Delayed 2 second(s)

2018-12-07 10:21:42 - [MESSAGE][PASSED] - Delayed 2 second(s)

2018-12-07 10:21:42 - [TEST_STEP][PASSED] - delay: Delayed 4 second(s)

2018-12-07 10:21:46 - [MESSAGE][PASSED] - Delayed 4 second(s)

2018-12-07 10:21:46 - [TEST_STEP][PASSED] - click: Object: 'Object Repository/Final Object Repo/Landing Page/My Sites Drop Down' is clicked on

2018-12-07 10:21:46 - [MESSAGE][PASSED] - Object: 'Object Repository/Final Object Repo/Landing Page/My Sites Drop Down' is clicked on

2018-12-07 10:21:46 - [TEST_STEP][PASSED] - click: Object: 'Object Repository/Final Object Repo/Landing Page/Select to Registration Module' is clicked on

2018-12-07 10:21:47 - [MESSAGE][PASSED] - Object: 'Object Repository/Final Object Repo/Landing Page/Select to Registration Module' is clicked on

2018-12-07 10:21:47 - [TEST_STEP][PASSED] - delay: Delayed 2 second(s)

2018-12-07 10:21:49 - [MESSAGE][PASSED] - Delayed 2 second(s)

2018-12-07 10:21:49 - [TEST_STEP][PASSED] - mouseOver: Object: 'Object Repository/Final Object Repo/Page_Update Add New Employee - ASSIST/Hover Over Search Drop Down' is hovered

2018-12-07 10:21:49 - [MESSAGE][PASSED] - Object: 'Object Repository/Final Object Repo/Page_Update Add New Employee - ASSIST/Hover Over Search Drop Down' is hovered

2018-12-07 10:21:49 - [TEST_STEP][PASSED] - click: Object: 'Object Repository/Final Object Repo/Page_Update Add New Employee - ASSIST/Select Search Pending Case' is clicked on

2018-12-07 10:21:50 - [MESSAGE][PASSED] - Object: 'Object Repository/Final Object Repo/Page_Update Add New Employee - ASSIST/Select Search Pending Case' is clicked on

2018-12-07 10:21:50 - [TEST_STEP][PASSED] - click: Object: 'Object Repository/Final Object Repo/Page_Update Add New Employee - ASSIST/Select Searching Method (Employer Code)' is clicked on

2018-12-07 10:21:50 - [MESSAGE][PASSED] - Object: 'Object Repository/Final Object Repo/Page_Update Add New Employee - ASSIST/Select Searching Method (Employer Code)' is clicked on

2018-12-07 10:21:50 - [TEST_STEP][PASSED] - click: Object: 'Object Repository/Final Object Repo/Page_Update Add New Employee - ASSIST/Select Searching Method to Reference ID' is clicked on

2018-12-07 10:21:51 - [MESSAGE][PASSED] - Object: 'Object Repository/Final Object Repo/Page_Update Add New Employee - ASSIST/Select Searching Method to Reference ID' is clicked on

2018-12-07 10:21:51 - [TEST_STEP][PASSED] - setText: Text 'CAN12201800002280' is set on object 'Object Repository/Final Object Repo/Page_Update Add New Employee - ASSIST/Pending Case Ref NO'

2018-12-07 10:21:51 - [MESSAGE][PASSED] - Text 'CAN12201800002280' is set on object 'Object Repository/Final Object Repo/Page_Update Add New Employee - ASSIST/Pending Case Ref NO'

2018-12-07 10:21:51 - [TEST_STEP][PASSED] - click: Object: 'Object Repository/Final Object Repo/Page_Update Add New Employee - ASSIST/Search Pending Case Based on Ref No' is clicked on

2018-12-07 10:21:51 - [MESSAGE][PASSED] - Object: 'Object Repository/Final Object Repo/Page_Update Add New Employee - ASSIST/Search Pending Case Based on Ref No' is clicked on

2018-12-07 10:21:51 - [TEST_STEP][PASSED] - click: Object: 'Object Repository/Final Object Repo/Page_Update Add New Employee - ASSIST/Action Button after found case' is clicked on

2018-12-07 10:21:55 - [MESSAGE][PASSED] - Object: 'Object Repository/Final Object Repo/Page_Update Add New Employee - ASSIST/Action Button after found case' is clicked on

2018-12-07 10:21:55 - [TEST_STEP][PASSED] - click: Object: 'Object Repository/Final Object Repo/Page_Update Add New Employee - ASSIST/Next Button in Pending Case First Page' is clicked on

2018-12-07 10:21:57 - [MESSAGE][PASSED] - Object: 'Object Repository/Final Object Repo/Page_Update Add New Employee - ASSIST/Next Button in Pending Case First Page' is clicked on

2018-12-07 10:21:57 - [TEST_STEP][PASSED] - click: Object: 'Object Repository/Final Object Repo/Page_Update Add New Employee - ASSIST/Next Button in Third Screen' is clicked on

2018-12-07 10:22:00 - [MESSAGE][PASSED] - Object: 'Object Repository/Final Object Repo/Page_Update Add New Employee - ASSIST/Next Button in Third Screen' is clicked on

2018-12-07 10:22:00 - [TEST_STEP][PASSED] - click: Object: 'Object Repository/Final Object Repo/Page_Update Add New Employee - ASSIST/Add Document for Pending Case' is clicked on

2018-12-07 10:22:00 - [MESSAGE][PASSED] - Object: 'Object Repository/Final Object Repo/Page_Update Add New Employee - ASSIST/Add Document for Pending Case' is clicked on

2018-12-07 10:22:00 - [TEST_STEP][PASSED] - delay: Delayed 10 second(s)

2018-12-07 10:22:10 - [MESSAGE][PASSED] - Delayed 10 second(s)

2018-12-07 10:22:10 - [TEST_STEP][PASSED] - click: Object: 'Object Repository/Final Object Repo/Page_Update Add New Employee - ASSIST/Upload Pending Doc - Please Select' is clicked on

2018-12-07 10:22:10 - [MESSAGE][PASSED] - Object: 'Object Repository/Final Object Repo/Page_Update Add New Employee - ASSIST/Upload Pending Doc - Please Select' is clicked on

2018-12-07 10:22:10 - [TEST_STEP][PASSED] - click: Object: 'Object Repository/Final Object Repo/Page_Update Add New Employee - ASSIST/Select to Others to Upload' is clicked on

2018-12-07 10:22:10 - [MESSAGE][PASSED] - Object: 'Object Repository/Final Object Repo/Page_Update Add New Employee - ASSIST/Select to Others to Upload' is clicked on

2018-12-07 10:22:10 - [TEST_STEP][PASSED] - uploadFile: File 'C:\Users\Public\Pictures\Sample Pictures\Koala.jpg' sent to object: 'Object Repository/Final Object Repo/Page_Update Add New Employee - ASSIST/Uploading Pending Case Action'

2018-12-07 10:22:10 - [MESSAGE][PASSED] - File 'C:\Users\Public\Pictures\Sample Pictures\Koala.jpg' sent to object: 'Object Repository/Final Object Repo/Page_Update Add New Employee - ASSIST/Uploading Pending Case Action'

2018-12-07 10:22:10 - [TEST_STEP][PASSED] - click: Object: 'Object Repository/Final Object Repo/Page_Update Add New Employee - ASSIST/Inner form Add Document Button Pending Case' is clicked on

2018-12-07 10:22:11 - [MESSAGE][PASSED] - Object: 'Object Repository/Final Object Repo/Page_Update Add New Employee - ASSIST/Inner form Add Document Button Pending Case' is clicked on

2018-12-07 10:22:11 - [TEST_STEP][PASSED] - delay: Delayed 2 second(s)

2018-12-07 10:22:13 - [MESSAGE][PASSED] - Delayed 2 second(s)

2018-12-07 10:22:13 - [TEST_STEP][PASSED] - click: Object: 'Object Repository/Final Object Repo/Page_Update Add New Employee - ASSIST/Pending Case Exit' is clicked on

2018-12-07 10:22:15 - [MESSAGE][PASSED] - Object: 'Object Repository/Final Object Repo/Page_Update Add New Employee - ASSIST/Pending Case Exit' is clicked on

2018-12-07 10:22:15 - [TEST_STEP][PASSED] - callTestCase: Call Test Case 'Test Cases/Final Aug 2018 - PKS Automation/Registration Module/Log Out/log out avoiding katalon tagging' successfully

2018-12-07 10:22:15 - [TEST_CASE][PASSED] - Test Cases/Final Aug 2018 - PKS Automation/Registration Module/Log Out/log out avoiding katalon tagging: Test Cases/Final Aug 2018 - PKS Automation/Registration Module/Log Out/log out avoiding katalon tagging

2018-12-07 10:22:15 - [TEST_STEP][PASSED] - navigateToUrl: Navigate to 'https://assist2-uat.perkeso.gov.my/c/portal/logout' successfully

2018-12-07 10:22:16 - [MESSAGE][PASSED] - Navigate to 'https://assist2-uat.perkeso.gov.my/c/portal/logout' successfully

2018-12-07 10:22:16 - [MESSAGE][PASSED] - Call Test Case 'Test Cases/Final Aug 2018 - PKS Automation/Registration Module/Log Out/log out avoiding katalon tagging' successfully

2018-12-07 10:22:16 - [TEST_STEP][PASSED] - callTestCase: Call Test Case 'Test Cases/Final Aug 2018 - PKS Automation/Common/Workflow Owner Finder' successfully

2018-12-07 10:22:16 - [TEST_CASE][PASSED] - Test Cases/Final Aug 2018 - PKS Automation/Common/Workflow Owner Finder: Test Cases/Final Aug 2018 - PKS Automation/Common/Workflow Owner Finder

2018-12-07 10:22:16 - [TEST_STEP][PASSED] - openBrowser: Browser is opened with url: ''

2018-12-07 10:22:16 - [MESSAGE][WARNING] - A browser is already opened. Closing browser and opening a new one

2018-12-07 10:22:19 - [MESSAGE][PASSED] - Browser is opened with url: ''

2018-12-07 10:22:19 - [TEST_STEP][PASSED] - navigateToUrl: Navigate to 'https://assist2-uat.perkeso.gov.my/login' successfully

2018-12-07 10:22:20 - [MESSAGE][PASSED] - Navigate to 'https://assist2-uat.perkeso.gov.my/login' successfully

2018-12-07 10:22:20 - [TEST_STEP][PASSED] - delay: Delayed 5 second(s)

2018-12-07 10:22:25 - [MESSAGE][PASSED] - Delayed 5 second(s)

2018-12-07 10:22:25 - [TEST_STEP][PASSED] - setText: Text 'test@liferay.com' is set on object 'Object Repository/Final Object Repo/Login Page/Internal User/Email Address'

2018-12-07 10:22:25 - [MESSAGE][PASSED] - Text 'test@liferay.com' is set on object 'Object Repository/Final Object Repo/Login Page/Internal User/Email Address'

2018-12-07 10:22:25 - [TEST_STEP][PASSED] - click: Object: 'Object Repository/Final Object Repo/Login Page/Internal User/Next Button' is clicked on

2018-12-07 10:22:25 - [MESSAGE][PASSED] - Object: 'Object Repository/Final Object Repo/Login Page/Internal User/Next Button' is clicked on

2018-12-07 10:22:25 - [TEST_STEP][PASSED] - delay: Delayed 2 second(s)

2018-12-07 10:22:27 - [MESSAGE][PASSED] - Delayed 2 second(s)

2018-12-07 10:22:27 - [TEST_STEP][PASSED] - setText: Text 'test' is set on object 'Object Repository/Final Object Repo/Login Page/Internal User/Password'

2018-12-07 10:22:28 - [MESSAGE][PASSED] - Text 'test' is set on object 'Object Repository/Final Object Repo/Login Page/Internal User/Password'

2018-12-07 10:22:28 - [TEST_STEP][PASSED] - delay: Delayed 2 second(s)

2018-12-07 10:22:30 - [MESSAGE][PASSED] - Delayed 2 second(s)

2018-12-07 10:22:30 - [TEST_STEP][PASSED] - click: Object: 'Object Repository/Final Object Repo/Login Page/Internal User/Login Button' is clicked on

2018-12-07 10:22:30 - [MESSAGE][PASSED] - Object: 'Object Repository/Final Object Repo/Login Page/Internal User/Login Button' is clicked on

2018-12-07 10:22:30 - [TEST_STEP][PASSED] - Statement - tester = com.kms.katalon.core.testobject.ObjectRepository.findTestObject(Final Object Repo/Landing Page/Select to English): Finding Test Object with id 'Object Repository/Final Object Repo/Landing Page/Select to English'

2018-12-07 10:22:30 - [TEST_STEP][PASSED] - Statement - Try: Delayed 2 second(s)

2018-12-07 10:22:30 - [TEST_STEP][PASSED] - Statement - Checker = com.kms.katalon.core.webui.keyword.WebUiBuiltInKeywords.verifyElementNotPresent(tester, 3): Web element with id: 'Object Repository/Final Object Repo/Landing Page/Select to English' located by 'By.xpath: //a[@class = 'taglib-language-list-text' and @lang = 'en-US' and (contains(text(), 'EN') or contains(., 'EN'))]' is not present after '3' second(s)

2018-12-07 10:22:32 - [MESSAGE][PASSED] - Web element with id: 'Object Repository/Final Object Repo/Landing Page/Select to English' located by 'By.xpath: //a[@class = 'taglib-language-list-text' and @lang = 'en-US' and (contains(text(), 'EN') or contains(., 'EN'))]' is not present after '3' second(s)

2018-12-07 10:22:32 - [TEST_STEP][PASSED] - Statement - If (Checker == false): null

2018-12-07 10:22:32 - [TEST_STEP][PASSED] - delay: Delayed 2 second(s)

2018-12-07 10:22:34 - [MESSAGE][PASSED] - Delayed 2 second(s)

2018-12-07 10:22:34 - [TEST_STEP][PASSED] - delay: Delayed 5 second(s)

2018-12-07 10:22:39 - [MESSAGE][PASSED] - Delayed 5 second(s)

2018-12-07 10:22:39 - [TEST_STEP][PASSED] - mouseOver: Object: 'Object Repository/Final Object Repo/Landing Page/WorkFlow Menu' is hovered

2018-12-07 10:22:39 - [MESSAGE][PASSED] - Object: 'Object Repository/Final Object Repo/Landing Page/WorkFlow Menu' is hovered

2018-12-07 10:22:39 - [TEST_STEP][PASSED] - delay: Delayed 2 second(s)

2018-12-07 10:22:41 - [MESSAGE][PASSED] - Delayed 2 second(s)

2018-12-07 10:22:41 - [TEST_STEP][PASSED] - click: Object: 'Object Repository/Final Object Repo/Landing Page/Select to Workflow Listing' is clicked on

2018-12-07 10:22:42 - [MESSAGE][PASSED] - Object: 'Object Repository/Final Object Repo/Landing Page/Select to Workflow Listing' is clicked on

2018-12-07 10:22:42 - [TEST_STEP][PASSED] - delay: Delayed 2 second(s)

2018-12-07 10:22:44 - [MESSAGE][PASSED] - Delayed 2 second(s)

2018-12-07 10:22:44 - [TEST_STEP][PASSED] - click: Object: 'Object Repository/Final Object Repo/WorkFlow Listing Page/Search Information - To Put Ref No' is clicked on

2018-12-07 10:22:44 - [MESSAGE][PASSED] - Object: 'Object Repository/Final Object Repo/WorkFlow Listing Page/Search Information - To Put Ref No' is clicked on

2018-12-07 10:22:44 - [TEST_STEP][PASSED] - delay: Delayed 2 second(s)

2018-12-07 10:22:46 - [MESSAGE][PASSED] - Delayed 2 second(s)

2018-12-07 10:22:46 - [TEST_STEP][PASSED] - callTestCase: Call Test Case 'Test Cases/Final Aug 2018 - PKS Automation/Common/Reference Number Getter' successfully

2018-12-07 10:22:46 - [TEST_CASE][PASSED] - Test Cases/Final Aug 2018 - PKS Automation/Common/Reference Number Getter: Test Cases/Final Aug 2018 - PKS Automation/Common/Reference Number Getter

2018-12-07 10:22:46 - [TEST_STEP][PASSED] - Statement - Try: null

2018-12-07 10:22:46 - [TEST_STEP][PASSED] - Statement - RefNo = new java.io.File(C://Users//Admin//Desktop//PKS//Automation Reference Point//KatalonReference.txt): null

2018-12-07 10:22:46 - [TEST_STEP][PASSED] - Statement - bufferread = new java.io.BufferedReader(new java.io.FileReader(RefNo)): null

2018-12-07 10:22:46 - [TEST_STEP][PASSED] - Statement - readedVal = bufferread.readLine(): null

2018-12-07 10:22:46 - [TEST_STEP][PASSED] - Statement - out.println(CaseReferenceNo): null

2018-12-07 10:22:46 - [TEST_STEP][PASSED] - Statement - out.println(readedVal): null

2018-12-07 10:22:46 - [TEST_STEP][PASSED] - Statement - CaseReferenceNo = "": null

2018-12-07 10:22:46 - [TEST_STEP][PASSED] - Statement - CaseReferenceNo = readedVal: null

2018-12-07 10:22:46 - [MESSAGE][PASSED] - Call Test Case 'Test Cases/Final Aug 2018 - PKS Automation/Common/Reference Number Getter' successfully

2018-12-07 10:22:46 - [TEST_STEP][PASSED] - setText: Text 'CAN12201800002280' is set on object 'Object Repository/Final Object Repo/WorkFlow Listing Page/Ref No Set Text'

2018-12-07 10:22:47 - [MESSAGE][PASSED] - Text 'CAN12201800002280' is set on object 'Object Repository/Final Object Repo/WorkFlow Listing Page/Ref No Set Text'

2018-12-07 10:22:47 - [TEST_STEP][PASSED] - delay: Delayed 2 second(s)

2018-12-07 10:22:49 - [MESSAGE][PASSED] - Delayed 2 second(s)

2018-12-07 10:22:49 - [TEST_STEP][PASSED] - click: Object: 'Object Repository/Final Object Repo/WorkFlow Listing Page/Search Ref No Search Button' is clicked on

2018-12-07 10:22:49 - [MESSAGE][PASSED] - Object: 'Object Repository/Final Object Repo/WorkFlow Listing Page/Search Ref No Search Button' is clicked on

2018-12-07 10:22:49 - [TEST_STEP][PASSED] - delay: Delayed 6 second(s)

2018-12-07 10:22:55 - [MESSAGE][PASSED] - Delayed 6 second(s)

2018-12-07 10:22:55 - [TEST_STEP][PASSED] - click: Object: 'Object Repository/Final Object Repo/WorkFlow Listing Page/Click Continue Tooltip' is clicked on

2018-12-07 10:22:56 - [MESSAGE][PASSED] - Object: 'Object Repository/Final Object Repo/WorkFlow Listing Page/Click Continue Tooltip' is clicked on

2018-12-07 10:22:56 - [TEST_STEP][PASSED] - delay: Delayed 5 second(s)

2018-12-07 10:23:01 - [MESSAGE][PASSED] - Delayed 5 second(s)

2018-12-07 10:23:01 - [TEST_STEP][PASSED] - doubleClick: Object: 'Object Repository/Final Object Repo/WorkFlow Listing Page/Workflow Found - Listing 1' is double clicked on

2018-12-07 10:23:01 - [MESSAGE][PASSED] - Object: 'Object Repository/Final Object Repo/WorkFlow Listing Page/Workflow Found - Listing 1' is double clicked on

2018-12-07 10:23:01 - [TEST_STEP][PASSED] - Statement - println(OwnerID): null

2018-12-07 10:23:01 - [TEST_STEP][PASSED] - Statement - OwnerID = com.kms.katalon.core.webui.keyword.WebUiBuiltInKeywords.getText(com.kms.katalon.core.testobject.ObjectRepository.findTestObject(Final Object Repo/WorkFlow Listing Page/Workflow Found - Listing 1), STOP_ON_FAILURE): Text of object 'Object Repository/Final Object Repo/WorkFlow Listing Page/Workflow Found - Listing 1' is: 'JOHORro2'

2018-12-07 10:23:01 - [MESSAGE][PASSED] - Text of object 'Object Repository/Final Object Repo/WorkFlow Listing Page/Workflow Found - Listing 1' is: 'JOHORro2'

2018-12-07 10:23:01 - [TEST_STEP][PASSED] - Statement - OwnerID = OwnerID.toLowerCase() + "@gmail.com": null

2018-12-07 10:23:01 - [TEST_STEP][PASSED] - Statement - println(OwnerID): null

2018-12-07 10:23:01 - [TEST_STEP][PASSED] - delay: Delayed 2 second(s)

2018-12-07 10:23:03 - [MESSAGE][PASSED] - Delayed 2 second(s)

2018-12-07 10:23:03 - [MESSAGE][PASSED] - Call Test Case 'Test Cases/Final Aug 2018 - PKS Automation/Common/Workflow Owner Finder' successfully

2018-12-07 10:23:03 - [TEST_STEP][PASSED] - callTestCase: Call Test Case 'Test Cases/Final Aug 2018 - PKS Automation/Registration Module/Log Out/log out avoiding katalon tagging' successfully

2018-12-07 10:23:03 - [TEST_CASE][PASSED] - Test Cases/Final Aug 2018 - PKS Automation/Registration Module/Log Out/log out avoiding katalon tagging: Test Cases/Final Aug 2018 - PKS Automation/Registration Module/Log Out/log out avoiding katalon tagging

2018-12-07 10:23:03 - [TEST_STEP][PASSED] - navigateToUrl: Navigate to 'https://assist2-uat.perkeso.gov.my/c/portal/logout' successfully

2018-12-07 10:23:04 - [MESSAGE][PASSED] - Navigate to 'https://assist2-uat.perkeso.gov.my/c/portal/logout' successfully

2018-12-07 10:23:04 - [MESSAGE][PASSED] - Call Test Case 'Test Cases/Final Aug 2018 - PKS Automation/Registration Module/Log Out/log out avoiding katalon tagging' successfully

2018-12-07 10:23:04 - [TEST_STEP][PASSED] - delay: Delayed 2 second(s)

2018-12-07 10:23:06 - [MESSAGE][PASSED] - Delayed 2 second(s)

2018-12-07 10:23:06 - [TEST_STEP][PASSED] - setText: Text 'johorro2@gmail.com' is set on object 'Object Repository/Final Object Repo/Page_Update Add New Employee - ASSIST/Email TextBox'

2018-12-07 10:23:07 - [MESSAGE][PASSED] - Text 'johorro2@gmail.com' is set on object 'Object Repository/Final Object Repo/Page_Update Add New Employee - ASSIST/Email TextBox'

2018-12-07 10:23:07 - [TEST_STEP][PASSED] - click: Object: 'Object Repository/Final Object Repo/Page_Update Add New Employee - ASSIST/Next Button' is clicked on

2018-12-07 10:23:07 - [MESSAGE][PASSED] - Object: 'Object Repository/Final Object Repo/Page_Update Add New Employee - ASSIST/Next Button' is clicked on

2018-12-07 10:23:07 - [TEST_STEP][PASSED] - delay: Delayed 2 second(s)

2018-12-07 10:23:09 - [MESSAGE][PASSED] - Delayed 2 second(s)

2018-12-07 10:23:09 - [TEST_STEP][PASSED] - setText: Text 'Test1@3456789' is set on object 'Object Repository/Final Object Repo/Page_Update Add New Employee - ASSIST/Password TextBox'

2018-12-07 10:23:09 - [MESSAGE][PASSED] - Text 'Test1@3456789' is set on object 'Object Repository/Final Object Repo/Page_Update Add New Employee - ASSIST/Password TextBox'

2018-12-07 10:23:09 - [TEST_STEP][PASSED] - delay: Delayed 2 second(s)

2018-12-07 10:23:11 - [MESSAGE][PASSED] - Delayed 2 second(s)

2018-12-07 10:23:11 - [TEST_STEP][PASSED] - click: Object: 'Object Repository/Final Object Repo/Page_Update Add New Employee - ASSIST/Login Button' is clicked on

2018-12-07 10:23:11 - [MESSAGE][PASSED] - Object: 'Object Repository/Final Object Repo/Page_Update Add New Employee - ASSIST/Login Button' is clicked on

2018-12-07 10:23:11 - [TEST_STEP][PASSED] - delay: Delayed 4 second(s)

2018-12-07 10:23:15 - [MESSAGE][PASSED] - Delayed 4 second(s)

2018-12-07 10:23:15 - [TEST_STEP][PASSED] - Statement - Try: Delayed 2 second(s)

2018-12-07 10:23:15 - [TEST_STEP][PASSED] - Statement - Checker = false: null

2018-12-07 10:23:15 - [TEST_STEP][PASSED] - Statement - Checker = com.kms.katalon.core.webui.keyword.WebUiBuiltInKeywords.verifyElementHasAttribute(com.kms.katalon.core.testobject.ObjectRepository.findTestObject(Final Object Repo/Landing Page/BM Detecting), "href", 20, OPTIONAL): Object 'Object Repository/Final Object Repo/Landing Page/BM Detecting' has attribute 'href'

2018-12-07 10:23:16 - [MESSAGE][PASSED] - Object 'Object Repository/Final Object Repo/Landing Page/BM Detecting' has attribute 'href'

2018-12-07 10:23:16 - [TEST_STEP][PASSED] - Statement - out.println(Checker): null

2018-12-07 10:23:16 - [TEST_STEP][PASSED] - Statement - If (Checker == false): null

2018-12-07 10:23:16 - [TEST_STEP][PASSED] - Statement - Else: null

2018-12-07 10:23:16 - [TEST_STEP][PASSED] - delay: Delayed 2 second(s)

2018-12-07 10:23:18 - [MESSAGE][PASSED] - Delayed 2 second(s)

2018-12-07 10:23:18 - [TEST_STEP][PASSED] - delay: Delayed 4 second(s)

2018-12-07 10:23:22 - [MESSAGE][PASSED] - Delayed 4 second(s)

2018-12-07 10:23:22 - [TEST_STEP][PASSED] - click: Object: 'Object Repository/Final Object Repo/New Registration - Registration Module Pages/New Reg - OTC to RO/Special Case - All Related Objects/Expand to Search' is clicked on

2018-12-07 10:23:22 - [MESSAGE][PASSED] - Object: 'Object Repository/Final Object Repo/New Registration - Registration Module Pages/New Reg - OTC to RO/Special Case - All Related Objects/Expand to Search' is clicked on

2018-12-07 10:23:22 - [TEST_STEP][PASSED] - setText: Text 'CAN12201800002280' is set on object 'Object Repository/Final Object Repo/New Registration - Registration Module Pages/New Reg - OTC to RO/Special Case - All Related Objects/TextBox RefNo in Workbasket'

2018-12-07 10:23:22 - [MESSAGE][PASSED] - Text 'CAN12201800002280' is set on object 'Object Repository/Final Object Repo/New Registration - Registration Module Pages/New Reg - OTC to RO/Special Case - All Related Objects/TextBox RefNo in Workbasket'

2018-12-07 10:23:22 - [TEST_STEP][PASSED] - delay: Delayed 2 second(s)

2018-12-07 10:23:24 - [MESSAGE][PASSED] - Delayed 2 second(s)

2018-12-07 10:23:24 - [TEST_STEP][PASSED] - click: Object: 'Object Repository/Final Object Repo/New Registration - Registration Module Pages/New Reg - OTC to RO/Special Case - All Related Objects/Click Search' is clicked on

2018-12-07 10:23:24 - [MESSAGE][PASSED] - Object: 'Object Repository/Final Object Repo/New Registration - Registration Module Pages/New Reg - OTC to RO/Special Case - All Related Objects/Click Search' is clicked on

2018-12-07 10:23:24 - [TEST_STEP][PASSED] - delay: Delayed 2 second(s)

2018-12-07 10:23:26 - [MESSAGE][PASSED] - Delayed 2 second(s)

2018-12-07 10:23:26 - [TEST_STEP][PASSED] - click: Object: 'Object Repository/Final Object Repo/New Registration - Registration Module Pages/New Reg - OTC to RO/Special Case - All Related Objects/Click to Continue Workflow' is clicked on

2018-12-07 10:23:30 - [MESSAGE][PASSED] - Object: 'Object Repository/Final Object Repo/New Registration - Registration Module Pages/New Reg - OTC to RO/Special Case - All Related Objects/Click to Continue Workflow' is clicked on

2018-12-07 10:23:30 - [TEST_STEP][PASSED] - delay: Delayed 2 second(s)

2018-12-07 10:23:32 - [MESSAGE][PASSED] - Delayed 2 second(s)

2018-12-07 10:23:32 - [TEST_STEP][PASSED] - click: Object: 'Object Repository/Final Object Repo/New Registration - Registration Module Pages/New Reg - OTC to RO/Special Case - All Related Objects/Continue Button in verifying case' is clicked on

2018-12-07 10:23:35 - [MESSAGE][PASSED] - Object: 'Object Repository/Final Object Repo/New Registration - Registration Module Pages/New Reg - OTC to RO/Special Case - All Related Objects/Continue Button in verifying case' is clicked on

2018-12-07 10:23:35 - [TEST_STEP][PASSED] - delay: Delayed 2 second(s)

2018-12-07 10:23:37 - [MESSAGE][PASSED] - Delayed 2 second(s)

2018-12-07 10:23:37 - [TEST_STEP][PASSED] - click: Object: 'Object Repository/Final Object Repo/Page_Update Add New Employee - ASSIST/Save  Continue Button' is clicked on

2018-12-07 10:23:37 - [MESSAGE][PASSED] - Object: 'Object Repository/Final Object Repo/Page_Update Add New Employee - ASSIST/Save  Continue Button' is clicked on

2018-12-07 10:23:37 - [TEST_STEP][PASSED] - delay: Delayed 4 second(s)

2018-12-07 10:23:41 - [MESSAGE][PASSED] - Delayed 4 second(s)

2018-12-07 10:23:41 - [TEST_STEP][PASSED] - click: Object: 'Object Repository/Final Object Repo/Page_Update Add New Employee - ASSIST/Save  Continue Third Screen' is clicked on

2018-12-07 10:23:45 - [MESSAGE][PASSED] - Object: 'Object Repository/Final Object Repo/Page_Update Add New Employee - ASSIST/Save  Continue Third Screen' is clicked on

2018-12-07 10:23:45 - [TEST_STEP][PASSED] - delay: Delayed 4 second(s)

2018-12-07 10:23:49 - [MESSAGE][PASSED] - Delayed 4 second(s)

2018-12-07 10:23:49 - [TEST_STEP][PASSED] - click: Object: 'Object Repository/Final Object Repo/Page_Update Add New Employee - ASSIST/Save   Continue Supporting Doc Page' is clicked on

2018-12-07 10:23:49 - [MESSAGE][PASSED] - Object: 'Object Repository/Final Object Repo/Page_Update Add New Employee - ASSIST/Save   Continue Supporting Doc Page' is clicked on

2018-12-07 10:23:49 - [TEST_STEP][PASSED] - delay: Delayed 4 second(s)

2018-12-07 10:23:53 - [MESSAGE][PASSED] - Delayed 4 second(s)

2018-12-07 10:23:53 - [TEST_STEP][PASSED] - click: Object: 'Object Repository/Final Object Repo/Page_Update Add New Employee - ASSIST/Submit Button' is clicked on

2018-12-07 10:23:53 - [MESSAGE][PASSED] - Object: 'Object Repository/Final Object Repo/Page_Update Add New Employee - ASSIST/Submit Button' is clicked on

2018-12-07 10:23:53 - [TEST_STEP][PASSED] - delay: Delayed 4 second(s)

2018-12-07 10:23:57 - [MESSAGE][PASSED] - Delayed 4 second(s)

2018-12-07 10:23:57 - [TEST_STEP][PASSED] - click: Object: 'Object Repository/Final Object Repo/Page_Update Add New Employee - ASSIST/Confirm Submit Button' is clicked on

2018-12-07 10:23:57 - [MESSAGE][PASSED] - Object: 'Object Repository/Final Object Repo/Page_Update Add New Employee - ASSIST/Confirm Submit Button' is clicked on

2018-12-07 10:23:57 - [TEST_STEP][PASSED] - delay: Delayed 30 second(s)

2018-12-07 10:24:27 - [MESSAGE][PASSED] - Delayed 30 second(s)

2018-12-07 10:24:27 - [TEST_STEP][PASSED] - callTestCase: Call Test Case 'Test Cases/Final Aug 2018 - PKS Automation/Common/Screenshoting tool' successfully

2018-12-07 10:24:27 - [TEST_CASE][PASSED] - Test Cases/Final Aug 2018 - PKS Automation/Common/Screenshoting tool: Test Cases/Final Aug 2018 - PKS Automation/Common/Screenshoting tool

2018-12-07 10:24:27 - [TEST_STEP][PASSED] - delay: Delayed 15 second(s)

2018-12-07 10:24:42 - [MESSAGE][PASSED] - Delayed 15 second(s)

2018-12-07 10:24:42 - [TEST_STEP][PASSED] - Statement - driver = com.kms.katalon.core.webui.driver.DriverFactory.getWebDriver(): null

2018-12-07 10:24:42 - [TEST_STEP][PASSED] - Statement - driver.manage().timeouts().implicitlyWait(10, SECONDS): null

2018-12-07 10:24:42 - [TEST_STEP][PASSED] - Statement - PresavePath = KatalonScreenshots: null

2018-12-07 10:24:42 - [TEST_STEP][PASSED] - Statement - pathPrefix = "C:\Users\Public\Pictures\Sample Pictures\Katalon Screenshots\Automate Ending Screen": null

2018-12-07 10:24:42 - [TEST_STEP][PASSED] - Statement - finalPath = <not implemented yet for class: org.codehaus.groovy.ast.expr.EmptyExpression>: null

2018-12-07 10:24:42 - [TEST_STEP][PASSED] - Statement - scrFile = driver.getScreenshotAs(FILE): null

2018-12-07 10:24:43 - [TEST_STEP][PASSED] - Statement - PreSaveFile = new java.io.File(PresavePath): null

2018-12-07 10:24:43 - [TEST_STEP][PASSED] - Statement - counter = 0: null

2018-12-07 10:24:43 - [TEST_STEP][PASSED] - Statement - If (PreSaveFile.exists()): null

2018-12-07 10:24:43 - [TEST_STEP][PASSED] - Statement - While (PreSaveFile.exists()): null

2018-12-07 10:24:43 - [TEST_STEP][PASSED] - Statement - counter = counter + 1: null

2018-12-07 10:24:43 - [TEST_STEP][PASSED] - Statement - PreSaveFile = new java.io.File(((pathPrefix + java.lang.Integer.toString(counter)) + .png)): null

2018-12-07 10:24:43 - [TEST_STEP][PASSED] - Statement - counter = counter + 1: null

2018-12-07 10:24:43 - [TEST_STEP][PASSED] - Statement - PreSaveFile = new java.io.File(((pathPrefix + java.lang.Integer.toString(counter)) + .png)): null

2018-12-07 10:24:43 - [TEST_STEP][PASSED] - Statement - counter = counter + 1: null

2018-12-07 10:24:43 - [TEST_STEP][PASSED] - Statement - PreSaveFile = new java.io.File(((pathPrefix + java.lang.Integer.toString(counter)) + .png)): null

2018-12-07 10:24:43 - [TEST_STEP][PASSED] - Statement - counter = counter + 1: null

2018-12-07 10:24:43 - [TEST_STEP][PASSED] - Statement - PreSaveFile = new java.io.File(((pathPrefix + java.lang.Integer.toString(counter)) + .png)): null

2018-12-07 10:24:43 - [TEST_STEP][PASSED] - Statement - counter = counter + 1: null

2018-12-07 10:24:43 - [TEST_STEP][PASSED] - Statement - PreSaveFile = new java.io.File(((pathPrefix + java.lang.Integer.toString(counter)) + .png)): null

2018-12-07 10:24:43 - [TEST_STEP][PASSED] - Statement - counter = counter + 1: null

2018-12-07 10:24:43 - [TEST_STEP][PASSED] - Statement - PreSaveFile = new java.io.File(((pathPrefix + java.lang.Integer.toString(counter)) + .png)): null

2018-12-07 10:24:43 - [TEST_STEP][PASSED] - Statement - counter = counter + 1: null

2018-12-07 10:24:43 - [TEST_STEP][PASSED] - Statement - PreSaveFile = new java.io.File(((pathPrefix + java.lang.Integer.toString(counter)) + .png)): null

2018-12-07 10:24:43 - [TEST_STEP][PASSED] - Statement - counter = counter + 1: null

2018-12-07 10:24:43 - [TEST_STEP][PASSED] - Statement - PreSaveFile = new java.io.File(((pathPrefix + java.lang.Integer.toString(counter)) + .png)): null

2018-12-07 10:24:43 - [TEST_STEP][PASSED] - Statement - counter = counter + 1: null

2018-12-07 10:24:43 - [TEST_STEP][PASSED] - Statement - PreSaveFile = new java.io.File(((pathPrefix + java.lang.Integer.toString(counter)) + .png)): null

2018-12-07 10:24:43 - [TEST_STEP][PASSED] - Statement - counter = counter + 1: null

2018-12-07 10:24:43 - [TEST_STEP][PASSED] - Statement - PreSaveFile = new java.io.File(((pathPrefix + java.lang.Integer.toString(counter)) + .png)): null

2018-12-07 10:24:43 - [TEST_STEP][PASSED] - Statement - counter = counter + 1: null

2018-12-07 10:24:43 - [TEST_STEP][PASSED] - Statement - PreSaveFile = new java.io.File(((pathPrefix + java.lang.Integer.toString(counter)) + .png)): null

2018-12-07 10:24:43 - [TEST_STEP][PASSED] - Statement - counter = counter + 1: null

2018-12-07 10:24:43 - [TEST_STEP][PASSED] - Statement - PreSaveFile = new java.io.File(((pathPrefix + java.lang.Integer.toString(counter)) + .png)): null

2018-12-07 10:24:43 - [TEST_STEP][PASSED] - Statement - counter = counter + 1: null

2018-12-07 10:24:43 - [TEST_STEP][PASSED] - Statement - PreSaveFile = new java.io.File(((pathPrefix + java.lang.Integer.toString(counter)) + .png)): null

2018-12-07 10:24:43 - [TEST_STEP][PASSED] - Statement - counter = counter + 1: null

2018-12-07 10:24:43 - [TEST_STEP][PASSED] - Statement - PreSaveFile = new java.io.File(((pathPrefix + java.lang.Integer.toString(counter)) + .png)): null

2018-12-07 10:24:43 - [TEST_STEP][PASSED] - Statement - counter = counter + 1: null

2018-12-07 10:24:43 - [TEST_STEP][PASSED] - Statement - PreSaveFile = new java.io.File(((pathPrefix + java.lang.Integer.toString(counter)) + .png)): null

2018-12-07 10:24:43 - [TEST_STEP][PASSED] - Statement - counter = counter + 1: null

2018-12-07 10:24:43 - [TEST_STEP][PASSED] - Statement - PreSaveFile = new java.io.File(((pathPrefix + java.lang.Integer.toString(counter)) + .png)): null

2018-12-07 10:24:43 - [TEST_STEP][PASSED] - Statement - counter = counter + 1: null

2018-12-07 10:24:43 - [TEST_STEP][PASSED] - Statement - PreSaveFile = new java.io.File(((pathPrefix + java.lang.Integer.toString(counter)) + .png)): null

2018-12-07 10:24:43 - [TEST_STEP][PASSED] - Statement - counter = counter + 1: null

2018-12-07 10:24:43 - [TEST_STEP][PASSED] - Statement - PreSaveFile = new java.io.File(((pathPrefix + java.lang.Integer.toString(counter)) + .png)): null

2018-12-07 10:24:43 - [TEST_STEP][PASSED] - Statement - counter = counter + 1: null

2018-12-07 10:24:43 - [TEST_STEP][PASSED] - Statement - PreSaveFile = new java.io.File(((pathPrefix + java.lang.Integer.toString(counter)) + .png)): null

2018-12-07 10:24:43 - [TEST_STEP][PASSED] - Statement - counter = counter + 1: null

2018-12-07 10:24:43 - [TEST_STEP][PASSED] - Statement - PreSaveFile = new java.io.File(((pathPrefix + java.lang.Integer.toString(counter)) + .png)): null

2018-12-07 10:24:43 - [TEST_STEP][PASSED] - Statement - counter = counter + 1: null

2018-12-07 10:24:43 - [TEST_STEP][PASSED] - Statement - PreSaveFile = new java.io.File(((pathPrefix + java.lang.Integer.toString(counter)) + .png)): null

2018-12-07 10:24:43 - [TEST_STEP][PASSED] - Statement - counter = counter + 1: null

2018-12-07 10:24:43 - [TEST_STEP][PASSED] - Statement - PreSaveFile = new java.io.File(((pathPrefix + java.lang.Integer.toString(counter)) + .png)): null

2018-12-07 10:24:43 - [TEST_STEP][PASSED] - Statement - counter = counter + 1: null

2018-12-07 10:24:43 - [TEST_STEP][PASSED] - Statement - PreSaveFile = new java.io.File(((pathPrefix + java.lang.Integer.toString(counter)) + .png)): null

2018-12-07 10:24:43 - [TEST_STEP][PASSED] - Statement - counter = counter + 1: null

2018-12-07 10:24:44 - [TEST_STEP][PASSED] - Statement - PreSaveFile = new java.io.File(((pathPrefix + java.lang.Integer.toString(counter)) + .png)): null

2018-12-07 10:24:44 - [TEST_STEP][PASSED] - Statement - counter = counter + 1: null

2018-12-07 10:24:44 - [TEST_STEP][PASSED] - Statement - PreSaveFile = new java.io.File(((pathPrefix + java.lang.Integer.toString(counter)) + .png)): null

2018-12-07 10:24:44 - [TEST_STEP][PASSED] - Statement - counter = counter + 1: null

2018-12-07 10:24:44 - [TEST_STEP][PASSED] - Statement - PreSaveFile = new java.io.File(((pathPrefix + java.lang.Integer.toString(counter)) + .png)): null

2018-12-07 10:24:44 - [TEST_STEP][PASSED] - Statement - counter = counter + 1: null

2018-12-07 10:24:44 - [TEST_STEP][PASSED] - Statement - PreSaveFile = new java.io.File(((pathPrefix + java.lang.Integer.toString(counter)) + .png)): null

2018-12-07 10:24:44 - [TEST_STEP][PASSED] - Statement - counter = counter + 1: null

2018-12-07 10:24:44 - [TEST_STEP][PASSED] - Statement - PreSaveFile = new java.io.File(((pathPrefix + java.lang.Integer.toString(counter)) + .png)): null

2018-12-07 10:24:44 - [TEST_STEP][PASSED] - Statement - counter = counter + 1: null

2018-12-07 10:24:44 - [TEST_STEP][PASSED] - Statement - PreSaveFile = new java.io.File(((pathPrefix + java.lang.Integer.toString(counter)) + .png)): null

2018-12-07 10:24:44 - [TEST_STEP][PASSED] - Statement - counter = counter + 1: null

2018-12-07 10:24:44 - [TEST_STEP][PASSED] - Statement - PreSaveFile = new java.io.File(((pathPrefix + java.lang.Integer.toString(counter)) + .png)): null

2018-12-07 10:24:44 - [TEST_STEP][PASSED] - Statement - counter = counter + 1: null

2018-12-07 10:24:44 - [TEST_STEP][PASSED] - Statement - PreSaveFile = new java.io.File(((pathPrefix + java.lang.Integer.toString(counter)) + .png)): null

2018-12-07 10:24:44 - [TEST_STEP][PASSED] - Statement - counter = counter + 1: null

2018-12-07 10:24:44 - [TEST_STEP][PASSED] - Statement - PreSaveFile = new java.io.File(((pathPrefix + java.lang.Integer.toString(counter)) + .png)): null

2018-12-07 10:24:44 - [TEST_STEP][PASSED] - Statement - counter = counter + 1: null

2018-12-07 10:24:44 - [TEST_STEP][PASSED] - Statement - PreSaveFile = new java.io.File(((pathPrefix + java.lang.Integer.toString(counter)) + .png)): null

2018-12-07 10:24:44 - [TEST_STEP][PASSED] - Statement - counter = counter + 1: null

2018-12-07 10:24:44 - [TEST_STEP][PASSED] - Statement - PreSaveFile = new java.io.File(((pathPrefix + java.lang.Integer.toString(counter)) + .png)): null

2018-12-07 10:24:44 - [TEST_STEP][PASSED] - Statement - counter = counter + 1: null

2018-12-07 10:24:44 - [TEST_STEP][PASSED] - Statement - PreSaveFile = new java.io.File(((pathPrefix + java.lang.Integer.toString(counter)) + .png)): null

2018-12-07 10:24:44 - [TEST_STEP][PASSED] - Statement - counter = counter + 1: null

2018-12-07 10:24:44 - [TEST_STEP][PASSED] - Statement - PreSaveFile = new java.io.File(((pathPrefix + java.lang.Integer.toString(counter)) + .png)): null

2018-12-07 10:24:44 - [TEST_STEP][PASSED] - Statement - counter = counter + 1: null

2018-12-07 10:24:44 - [TEST_STEP][PASSED] - Statement - PreSaveFile = new java.io.File(((pathPrefix + java.lang.Integer.toString(counter)) + .png)): null

2018-12-07 10:24:44 - [TEST_STEP][PASSED] - Statement - counter = counter + 1: null

2018-12-07 10:24:44 - [TEST_STEP][PASSED] - Statement - PreSaveFile = new java.io.File(((pathPrefix + java.lang.Integer.toString(counter)) + .png)): null

2018-12-07 10:24:44 - [TEST_STEP][PASSED] - Statement - counter = counter + 1: null

2018-12-07 10:24:44 - [TEST_STEP][PASSED] - Statement - PreSaveFile = new java.io.File(((pathPrefix + java.lang.Integer.toString(counter)) + .png)): null

2018-12-07 10:24:44 - [TEST_STEP][PASSED] - Statement - counter = counter + 1: null

2018-12-07 10:24:44 - [TEST_STEP][PASSED] - Statement - PreSaveFile = new java.io.File(((pathPrefix + java.lang.Integer.toString(counter)) + .png)): null

2018-12-07 10:24:44 - [TEST_STEP][PASSED] - Statement - counter = counter + 1: null

2018-12-07 10:24:44 - [TEST_STEP][PASSED] - Statement - PreSaveFile = new java.io.File(((pathPrefix + java.lang.Integer.toString(counter)) + .png)): null

2018-12-07 10:24:44 - [TEST_STEP][PASSED] - Statement - counter = counter + 1: null

2018-12-07 10:24:44 - [TEST_STEP][PASSED] - Statement - PreSaveFile = new java.io.File(((pathPrefix + java.lang.Integer.toString(counter)) + .png)): null

2018-12-07 10:24:45 - [TEST_STEP][PASSED] - Statement - counter = counter + 1: null

2018-12-07 10:24:45 - [TEST_STEP][PASSED] - Statement - PreSaveFile = new java.io.File(((pathPrefix + java.lang.Integer.toString(counter)) + .png)): null

2018-12-07 10:24:45 - [TEST_STEP][PASSED] - Statement - counter = counter + 1: null

2018-12-07 10:24:45 - [TEST_STEP][PASSED] - Statement - PreSaveFile = new java.io.File(((pathPrefix + java.lang.Integer.toString(counter)) + .png)): null

2018-12-07 10:24:45 - [TEST_STEP][PASSED] - Statement - counter = counter + 1: null

2018-12-07 10:24:45 - [TEST_STEP][PASSED] - Statement - PreSaveFile = new java.io.File(((pathPrefix + java.lang.Integer.toString(counter)) + .png)): null

2018-12-07 10:24:45 - [TEST_STEP][PASSED] - Statement - counter = counter + 1: null

2018-12-07 10:24:45 - [TEST_STEP][PASSED] - Statement - PreSaveFile = new java.io.File(((pathPrefix + java.lang.Integer.toString(counter)) + .png)): null

2018-12-07 10:24:45 - [TEST_STEP][PASSED] - Statement - counter = counter + 1: null

2018-12-07 10:24:45 - [TEST_STEP][PASSED] - Statement - PreSaveFile = new java.io.File(((pathPrefix + java.lang.Integer.toString(counter)) + .png)): null

2018-12-07 10:24:45 - [TEST_STEP][PASSED] - Statement - counter = counter + 1: null

2018-12-07 10:24:45 - [TEST_STEP][PASSED] - Statement - PreSaveFile = new java.io.File(((pathPrefix + java.lang.Integer.toString(counter)) + .png)): null

2018-12-07 10:24:45 - [TEST_STEP][PASSED] - Statement - counter = counter + 1: null

2018-12-07 10:24:45 - [TEST_STEP][PASSED] - Statement - PreSaveFile = new java.io.File(((pathPrefix + java.lang.Integer.toString(counter)) + .png)): null

2018-12-07 10:24:45 - [TEST_STEP][PASSED] - Statement - counter = counter + 1: null

2018-12-07 10:24:45 - [TEST_STEP][PASSED] - Statement - PreSaveFile = new java.io.File(((pathPrefix + java.lang.Integer.toString(counter)) + .png)): null

2018-12-07 10:24:45 - [TEST_STEP][PASSED] - Statement - counter = counter + 1: null

2018-12-07 10:24:45 - [TEST_STEP][PASSED] - Statement - PreSaveFile = new java.io.File(((pathPrefix + java.lang.Integer.toString(counter)) + .png)): null

2018-12-07 10:24:45 - [TEST_STEP][PASSED] - Statement - counter = counter + 1: null

2018-12-07 10:24:45 - [TEST_STEP][PASSED] - Statement - PreSaveFile = new java.io.File(((pathPrefix + java.lang.Integer.toString(counter)) + .png)): null

2018-12-07 10:24:45 - [TEST_STEP][PASSED] - Statement - counter = counter + 1: null

2018-12-07 10:24:45 - [TEST_STEP][PASSED] - Statement - PreSaveFile = new java.io.File(((pathPrefix + java.lang.Integer.toString(counter)) + .png)): null

2018-12-07 10:24:45 - [TEST_STEP][PASSED] - Statement - counter = counter + 1: null

2018-12-07 10:24:45 - [TEST_STEP][PASSED] - Statement - PreSaveFile = new java.io.File(((pathPrefix + java.lang.Integer.toString(counter)) + .png)): null

2018-12-07 10:24:45 - [TEST_STEP][PASSED] - Statement - counter = counter + 1: null

2018-12-07 10:24:45 - [TEST_STEP][PASSED] - Statement - PreSaveFile = new java.io.File(((pathPrefix + java.lang.Integer.toString(counter)) + .png)): null

2018-12-07 10:24:45 - [TEST_STEP][PASSED] - Statement - counter = counter + 1: null

2018-12-07 10:24:45 - [TEST_STEP][PASSED] - Statement - PreSaveFile = new java.io.File(((pathPrefix + java.lang.Integer.toString(counter)) + .png)): null

2018-12-07 10:24:45 - [TEST_STEP][PASSED] - Statement - counter = counter + 1: null

2018-12-07 10:24:46 - [TEST_STEP][PASSED] - Statement - PreSaveFile = new java.io.File(((pathPrefix + java.lang.Integer.toString(counter)) + .png)): null

2018-12-07 10:24:46 - [TEST_STEP][PASSED] - Statement - counter = counter + 1: null

2018-12-07 10:24:46 - [TEST_STEP][PASSED] - Statement - PreSaveFile = new java.io.File(((pathPrefix + java.lang.Integer.toString(counter)) + .png)): null

2018-12-07 10:24:46 - [TEST_STEP][PASSED] - Statement - counter = counter + 1: null

2018-12-07 10:24:46 - [TEST_STEP][PASSED] - Statement - PreSaveFile = new java.io.File(((pathPrefix + java.lang.Integer.toString(counter)) + .png)): null

2018-12-07 10:24:46 - [TEST_STEP][PASSED] - Statement - counter = counter + 1: null

2018-12-07 10:24:46 - [TEST_STEP][PASSED] - Statement - PreSaveFile = new java.io.File(((pathPrefix + java.lang.Integer.toString(counter)) + .png)): null

2018-12-07 10:24:46 - [TEST_STEP][PASSED] - Statement - counter = counter + 1: null

2018-12-07 10:24:46 - [TEST_STEP][PASSED] - Statement - PreSaveFile = new java.io.File(((pathPrefix + java.lang.Integer.toString(counter)) + .png)): null

2018-12-07 10:24:46 - [TEST_STEP][PASSED] - Statement - counter = counter + 1: null

2018-12-07 10:24:46 - [TEST_STEP][PASSED] - Statement - PreSaveFile = new java.io.File(((pathPrefix + java.lang.Integer.toString(counter)) + .png)): null

2018-12-07 10:24:46 - [TEST_STEP][PASSED] - Statement - counter = counter + 1: null

2018-12-07 10:24:46 - [TEST_STEP][PASSED] - Statement - PreSaveFile = new java.io.File(((pathPrefix + java.lang.Integer.toString(counter)) + .png)): null

2018-12-07 10:24:46 - [TEST_STEP][PASSED] - Statement - counter = counter + 1: null

2018-12-07 10:24:46 - [TEST_STEP][PASSED] - Statement - PreSaveFile = new java.io.File(((pathPrefix + java.lang.Integer.toString(counter)) + .png)): null

2018-12-07 10:24:46 - [TEST_STEP][PASSED] - Statement - counter = counter + 1: null

2018-12-07 10:24:46 - [TEST_STEP][PASSED] - Statement - PreSaveFile = new java.io.File(((pathPrefix + java.lang.Integer.toString(counter)) + .png)): null

2018-12-07 10:24:46 - [TEST_STEP][PASSED] - Statement - counter = counter + 1: null

2018-12-07 10:24:46 - [TEST_STEP][PASSED] - Statement - PreSaveFile = new java.io.File(((pathPrefix + java.lang.Integer.toString(counter)) + .png)): null

2018-12-07 10:24:46 - [TEST_STEP][PASSED] - Statement - counter = counter + 1: null

2018-12-07 10:24:46 - [TEST_STEP][PASSED] - Statement - PreSaveFile = new java.io.File(((pathPrefix + java.lang.Integer.toString(counter)) + .png)): null

2018-12-07 10:24:46 - [TEST_STEP][PASSED] - Statement - counter = counter + 1: null

2018-12-07 10:24:46 - [TEST_STEP][PASSED] - Statement - PreSaveFile = new java.io.File(((pathPrefix + java.lang.Integer.toString(counter)) + .png)): null

2018-12-07 10:24:46 - [TEST_STEP][PASSED] - Statement - counter = counter + 1: null

2018-12-07 10:24:46 - [TEST_STEP][PASSED] - Statement - PreSaveFile = new java.io.File(((pathPrefix + java.lang.Integer.toString(counter)) + .png)): null

2018-12-07 10:24:46 - [TEST_STEP][PASSED] - Statement - counter = counter + 1: null

2018-12-07 10:24:46 - [TEST_STEP][PASSED] - Statement - PreSaveFile = new java.io.File(((pathPrefix + java.lang.Integer.toString(counter)) + .png)): null

2018-12-07 10:24:46 - [TEST_STEP][PASSED] - Statement - counter = counter + 1: null

2018-12-07 10:24:46 - [TEST_STEP][PASSED] - Statement - PreSaveFile = new java.io.File(((pathPrefix + java.lang.Integer.toString(counter)) + .png)): null

2018-12-07 10:24:46 - [TEST_STEP][PASSED] - Statement - counter = counter + 1: null

2018-12-07 10:24:46 - [TEST_STEP][PASSED] - Statement - PreSaveFile = new java.io.File(((pathPrefix + java.lang.Integer.toString(counter)) + .png)): null

2018-12-07 10:24:46 - [TEST_STEP][PASSED] - Statement - counter = counter + 1: null

2018-12-07 10:24:46 - [TEST_STEP][PASSED] - Statement - PreSaveFile = new java.io.File(((pathPrefix + java.lang.Integer.toString(counter)) + .png)): null

2018-12-07 10:24:46 - [TEST_STEP][PASSED] - Statement - counter = counter + 1: null

2018-12-07 10:24:46 - [TEST_STEP][PASSED] - Statement - PreSaveFile = new java.io.File(((pathPrefix + java.lang.Integer.toString(counter)) + .png)): null

2018-12-07 10:24:46 - [TEST_STEP][PASSED] - Statement - counter = counter + 1: null

2018-12-07 10:24:46 - [TEST_STEP][PASSED] - Statement - PreSaveFile = new java.io.File(((pathPrefix + java.lang.Integer.toString(counter)) + .png)): null

2018-12-07 10:24:46 - [TEST_STEP][PASSED] - Statement - counter = counter + 1: null

2018-12-07 10:24:46 - [TEST_STEP][PASSED] - Statement - PreSaveFile = new java.io.File(((pathPrefix + java.lang.Integer.toString(counter)) + .png)): null

2018-12-07 10:24:47 - [TEST_STEP][PASSED] - Statement - counter = counter + 1: null

2018-12-07 10:24:47 - [TEST_STEP][PASSED] - Statement - PreSaveFile = new java.io.File(((pathPrefix + java.lang.Integer.toString(counter)) + .png)): null

2018-12-07 10:24:47 - [TEST_STEP][PASSED] - Statement - counter = counter + 1: null

2018-12-07 10:24:47 - [TEST_STEP][PASSED] - Statement - PreSaveFile = new java.io.File(((pathPrefix + java.lang.Integer.toString(counter)) + .png)): null

2018-12-07 10:24:47 - [TEST_STEP][PASSED] - Statement - counter = counter + 1: null

2018-12-07 10:24:47 - [TEST_STEP][PASSED] - Statement - PreSaveFile = new java.io.File(((pathPrefix + java.lang.Integer.toString(counter)) + .png)): null

2018-12-07 10:24:47 - [TEST_STEP][PASSED] - Statement - counter = counter + 1: null

2018-12-07 10:24:47 - [TEST_STEP][PASSED] - Statement - PreSaveFile = new java.io.File(((pathPrefix + java.lang.Integer.toString(counter)) + .png)): null

2018-12-07 10:24:47 - [TEST_STEP][PASSED] - Statement - counter = counter + 1: null

2018-12-07 10:24:47 - [TEST_STEP][PASSED] - Statement - PreSaveFile = new java.io.File(((pathPrefix + java.lang.Integer.toString(counter)) + .png)): null

2018-12-07 10:24:47 - [TEST_STEP][PASSED] - Statement - counter = counter + 1: null

2018-12-07 10:24:47 - [TEST_STEP][PASSED] - Statement - PreSaveFile = new java.io.File(((pathPrefix + java.lang.Integer.toString(counter)) + .png)): null

2018-12-07 10:24:47 - [TEST_STEP][PASSED] - Statement - counter = counter + 1: null

2018-12-07 10:24:47 - [TEST_STEP][PASSED] - Statement - PreSaveFile = new java.io.File(((pathPrefix + java.lang.Integer.toString(counter)) + .png)): null

2018-12-07 10:24:47 - [TEST_STEP][PASSED] - Statement - counter = counter + 1: null

2018-12-07 10:24:47 - [TEST_STEP][PASSED] - Statement - PreSaveFile = new java.io.File(((pathPrefix + java.lang.Integer.toString(counter)) + .png)): null

2018-12-07 10:24:47 - [TEST_STEP][PASSED] - Statement - counter = counter + 1: null

2018-12-07 10:24:47 - [TEST_STEP][PASSED] - Statement - PreSaveFile = new java.io.File(((pathPrefix + java.lang.Integer.toString(counter)) + .png)): null

2018-12-07 10:24:47 - [TEST_STEP][PASSED] - Statement - counter = counter + 1: null

2018-12-07 10:24:47 - [TEST_STEP][PASSED] - Statement - PreSaveFile = new java.io.File(((pathPrefix + java.lang.Integer.toString(counter)) + .png)): null

2018-12-07 10:24:47 - [TEST_STEP][PASSED] - Statement - counter = counter + 1: null

2018-12-07 10:24:47 - [TEST_STEP][PASSED] - Statement - PreSaveFile = new java.io.File(((pathPrefix + java.lang.Integer.toString(counter)) + .png)): null

2018-12-07 10:24:47 - [TEST_STEP][PASSED] - Statement - counter = counter + 1: null

2018-12-07 10:24:47 - [TEST_STEP][PASSED] - Statement - PreSaveFile = new java.io.File(((pathPrefix + java.lang.Integer.toString(counter)) + .png)): null

2018-12-07 10:24:47 - [TEST_STEP][PASSED] - Statement - counter = counter + 1: null

2018-12-07 10:24:47 - [TEST_STEP][PASSED] - Statement - PreSaveFile = new java.io.File(((pathPrefix + java.lang.Integer.toString(counter)) + .png)): null

2018-12-07 10:24:47 - [TEST_STEP][PASSED] - Statement - counter = counter + 1: null

2018-12-07 10:24:47 - [TEST_STEP][PASSED] - Statement - PreSaveFile = new java.io.File(((pathPrefix + java.lang.Integer.toString(counter)) + .png)): null

2018-12-07 10:24:47 - [TEST_STEP][PASSED] - Statement - counter = counter + 1: null

2018-12-07 10:24:48 - [TEST_STEP][PASSED] - Statement - PreSaveFile = new java.io.File(((pathPrefix + java.lang.Integer.toString(counter)) + .png)): null

2018-12-07 10:24:48 - [TEST_STEP][PASSED] - Statement - counter = counter + 1: null

2018-12-07 10:24:48 - [TEST_STEP][PASSED] - Statement - PreSaveFile = new java.io.File(((pathPrefix + java.lang.Integer.toString(counter)) + .png)): null

2018-12-07 10:24:48 - [TEST_STEP][PASSED] - Statement - counter = counter + 1: null

2018-12-07 10:24:48 - [TEST_STEP][PASSED] - Statement - PreSaveFile = new java.io.File(((pathPrefix + java.lang.Integer.toString(counter)) + .png)): null

2018-12-07 10:24:48 - [TEST_STEP][PASSED] - Statement - counter = counter + 1: null

2018-12-07 10:24:48 - [TEST_STEP][PASSED] - Statement - PreSaveFile = new java.io.File(((pathPrefix + java.lang.Integer.toString(counter)) + .png)): null

2018-12-07 10:24:48 - [TEST_STEP][PASSED] - Statement - counter = counter + 1: null

2018-12-07 10:24:48 - [TEST_STEP][PASSED] - Statement - PreSaveFile = new java.io.File(((pathPrefix + java.lang.Integer.toString(counter)) + .png)): null

2018-12-07 10:24:48 - [TEST_STEP][PASSED] - Statement - counter = counter + 1: null

2018-12-07 10:24:48 - [TEST_STEP][PASSED] - Statement - PreSaveFile = new java.io.File(((pathPrefix + java.lang.Integer.toString(counter)) + .png)): null

2018-12-07 10:24:48 - [TEST_STEP][PASSED] - Statement - counter = counter + 1: null

2018-12-07 10:24:48 - [TEST_STEP][PASSED] - Statement - PreSaveFile = new java.io.File(((pathPrefix + java.lang.Integer.toString(counter)) + .png)): null

2018-12-07 10:24:48 - [TEST_STEP][PASSED] - Statement - counter = counter + 1: null

2018-12-07 10:24:48 - [TEST_STEP][PASSED] - Statement - PreSaveFile = new java.io.File(((pathPrefix + java.lang.Integer.toString(counter)) + .png)): null

2018-12-07 10:24:48 - [TEST_STEP][PASSED] - Statement - counter = counter + 1: null

2018-12-07 10:24:48 - [TEST_STEP][PASSED] - Statement - PreSaveFile = new java.io.File(((pathPrefix + java.lang.Integer.toString(counter)) + .png)): null

2018-12-07 10:24:48 - [TEST_STEP][PASSED] - Statement - counter = counter + 1: null

2018-12-07 10:24:48 - [TEST_STEP][PASSED] - Statement - PreSaveFile = new java.io.File(((pathPrefix + java.lang.Integer.toString(counter)) + .png)): null

2018-12-07 10:24:48 - [TEST_STEP][PASSED] - Statement - counter = counter + 1: null

2018-12-07 10:24:48 - [TEST_STEP][PASSED] - Statement - PreSaveFile = new java.io.File(((pathPrefix + java.lang.Integer.toString(counter)) + .png)): null

2018-12-07 10:24:48 - [TEST_STEP][PASSED] - Statement - counter = counter + 1: null

2018-12-07 10:24:48 - [TEST_STEP][PASSED] - Statement - PreSaveFile = new java.io.File(((pathPrefix + java.lang.Integer.toString(counter)) + .png)): null

2018-12-07 10:24:48 - [TEST_STEP][PASSED] - Statement - counter = counter + 1: null

2018-12-07 10:24:48 - [TEST_STEP][PASSED] - Statement - PreSaveFile = new java.io.File(((pathPrefix + java.lang.Integer.toString(counter)) + .png)): null

2018-12-07 10:24:48 - [TEST_STEP][PASSED] - Statement - finalPath = pathPrefix + java.lang.Integer.toString(counter) + ".png": null

2018-12-07 10:24:48 - [TEST_STEP][PASSED] - Statement - SaveFile = new java.io.File(finalPath): null

2018-12-07 10:24:48 - [TEST_STEP][PASSED] - Statement - Try: null

2018-12-07 10:24:49 - [TEST_STEP][PASSED] - Statement - org.apache.commons.io.FileUtils.copyFile(scrFile, SaveFile): null

2018-12-07 10:24:49 - [TEST_STEP][PASSED] - Statement - out.println("file kept"): null

2018-12-07 10:24:49 - [TEST_STEP][PASSED] - delay: Delayed 10 second(s)

2018-12-07 10:24:59 - [MESSAGE][PASSED] - Delayed 10 second(s)

2018-12-07 10:24:59 - [MESSAGE][PASSED] - Call Test Case 'Test Cases/Final Aug 2018 - PKS Automation/Common/Screenshoting tool' successfully]]></system-out>
         <system-err><![CDATA[]]></system-err>
      </testcase>
      <testcase name="Test Cases/Final Aug 2018 - PKS Automation/Registration Module/Workflow/Update Add New Employee/Special Case (Employer - RO Under Enforcement)" classname="Test Cases/Final Aug 2018 - PKS Automation/Registration Module/Workflow/Update Add New Employee/Special Case (Employer - RO Under Enforcement)" status="PASSED">
         <system-out><![CDATA[2018-12-07 10:24:59 - [TEST_CASE][PASSED] - Test Cases/Final Aug 2018 - PKS Automation/Registration Module/Workflow/Update Add New Employee/Special Case (Employer - RO Under Enforcement): Test Cases/Final Aug 2018 - PKS Automation/Registration Module/Workflow/Update Add New Employee/Special Case (Employer - RO Under Enforcement)

2018-12-07 10:24:59 - [TEST_STEP][PASSED] - callTestCase: Call Test Case 'Test Cases/Final Aug 2018 - PKS Automation/Registration Module/Workflow/Update Add New Employee/Template/New Company for Update Add New - Employer' successfully

2018-12-07 10:24:59 - [TEST_CASE][PASSED] - Test Cases/Final Aug 2018 - PKS Automation/Registration Module/Workflow/Update Add New Employee/Template/New Company for Update Add New - Employer: Test Cases/Final Aug 2018 - PKS Automation/Registration Module/Workflow/Update Add New Employee/Template/New Company for Update Add New - Employer

2018-12-07 10:24:59 - [TEST_STEP][PASSED] - callTestCase: Call Test Case 'Test Cases/Final Aug 2018 - PKS Automation/Create Employer Acc/Create Employer Account' successfully

2018-12-07 10:24:59 - [TEST_CASE][PASSED] - Test Cases/Final Aug 2018 - PKS Automation/Create Employer Acc/Create Employer Account: Test Cases/Final Aug 2018 - PKS Automation/Create Employer Acc/Create Employer Account

2018-12-07 10:24:59 - [TEST_STEP][PASSED] - callTestCase: Call Test Case 'Test Cases/Final Aug 2018 - PKS Automation/Create Employer Acc/Template/Register Employer' successfully

2018-12-07 10:24:59 - [TEST_CASE][PASSED] - Test Cases/Final Aug 2018 - PKS Automation/Create Employer Acc/Template/Register Employer: Test Cases/Final Aug 2018 - PKS Automation/Create Employer Acc/Template/Register Employer

2018-12-07 10:24:59 - [TEST_STEP][PASSED] - openBrowser: Browser is opened with url: ''

2018-12-07 10:24:59 - [MESSAGE][WARNING] - A browser is already opened. Closing browser and opening a new one

2018-12-07 10:25:02 - [MESSAGE][PASSED] - Browser is opened with url: ''

2018-12-07 10:25:02 - [TEST_STEP][PASSED] - navigateToUrl: Navigate to 'https://assist2-uat.perkeso.gov.my/login' successfully

2018-12-07 10:25:03 - [MESSAGE][PASSED] - Navigate to 'https://assist2-uat.perkeso.gov.my/login' successfully

2018-12-07 10:25:03 - [TEST_STEP][PASSED] - setText: Text 'johorotc1@gmail.com' is set on object 'Object Repository/Final Object Repo/Login Page/Internal User/Email Address'

2018-12-07 10:25:04 - [MESSAGE][PASSED] - Text 'johorotc1@gmail.com' is set on object 'Object Repository/Final Object Repo/Login Page/Internal User/Email Address'

2018-12-07 10:25:04 - [TEST_STEP][PASSED] - click: Object: 'Object Repository/Final Object Repo/Login Page/Internal User/Next Button' is clicked on

2018-12-07 10:25:04 - [MESSAGE][PASSED] - Object: 'Object Repository/Final Object Repo/Login Page/Internal User/Next Button' is clicked on

2018-12-07 10:25:04 - [TEST_STEP][PASSED] - delay: Delayed 1 second(s)

2018-12-07 10:25:05 - [MESSAGE][PASSED] - Delayed 1 second(s)

2018-12-07 10:25:05 - [TEST_STEP][PASSED] - setEncryptedText: Text ****** has been set on object 'Object Repository/Final Object Repo/Login Page/Internal User/Password'

2018-12-07 10:25:05 - [MESSAGE][PASSED] - Text ****** has been set on object 'Object Repository/Final Object Repo/Login Page/Internal User/Password'

2018-12-07 10:25:05 - [TEST_STEP][PASSED] - click: Object: 'Object Repository/Final Object Repo/Login Page/Internal User/Login Button' is clicked on

2018-12-07 10:25:05 - [MESSAGE][PASSED] - Object: 'Object Repository/Final Object Repo/Login Page/Internal User/Login Button' is clicked on

2018-12-07 10:25:05 - [TEST_STEP][PASSED] - delay: Delayed 1 second(s)

2018-12-07 10:25:06 - [MESSAGE][PASSED] - Delayed 1 second(s)

2018-12-07 10:25:06 - [TEST_STEP][PASSED] - navigateToUrl: Navigate to 'https://assist2-uat.perkeso.gov.my/web/base/portal-id/registration' successfully

2018-12-07 10:25:08 - [MESSAGE][PASSED] - Navigate to 'https://assist2-uat.perkeso.gov.my/web/base/portal-id/registration' successfully

2018-12-07 10:25:08 - [TEST_STEP][PASSED] - setText: Text 'AUTOMATION EMPLOYER' is set on object 'Object Repository/Final Object Repo/Creating Employer Account/Page_Registration - ASSIST (Base)/Employer Name'

2018-12-07 10:25:09 - [MESSAGE][PASSED] - Text 'AUTOMATION EMPLOYER' is set on object 'Object Repository/Final Object Repo/Creating Employer Account/Page_Registration - ASSIST (Base)/Employer Name'

2018-12-07 10:25:09 - [TEST_STEP][PASSED] - delay: Delayed 2 second(s)

2018-12-07 10:25:11 - [MESSAGE][PASSED] - Delayed 2 second(s)

2018-12-07 10:25:11 - [TEST_STEP][PASSED] - click: Object: 'Object Repository/Final Object Repo/Creating Employer Account/Page_Registration - ASSIST (Base)/Registration Type' is clicked on

2018-12-07 10:25:11 - [MESSAGE][PASSED] - Object: 'Object Repository/Final Object Repo/Creating Employer Account/Page_Registration - ASSIST (Base)/Registration Type' is clicked on

2018-12-07 10:25:11 - [TEST_STEP][PASSED] - delay: Delayed 2 second(s)

2018-12-07 10:25:13 - [MESSAGE][PASSED] - Delayed 2 second(s)

2018-12-07 10:25:13 - [TEST_STEP][PASSED] - click: Object: 'Object Repository/Final Object Repo/Creating Employer Account/Page_Registration - ASSIST (Base)/Registration Type - Registration No' is clicked on

2018-12-07 10:25:13 - [MESSAGE][PASSED] - Object: 'Object Repository/Final Object Repo/Creating Employer Account/Page_Registration - ASSIST (Base)/Registration Type - Registration No' is clicked on

2018-12-07 10:25:13 - [TEST_STEP][PASSED] - delay: Delayed 2 second(s)

2018-12-07 10:25:15 - [MESSAGE][PASSED] - Delayed 2 second(s)

2018-12-07 10:25:15 - [TEST_STEP][PASSED] - setText: Text '1234567890' is set on object 'Object Repository/Final Object Repo/Creating Employer Account/Page_Registration - ASSIST (Base)/Registration Number'

2018-12-07 10:25:16 - [MESSAGE][PASSED] - Text '1234567890' is set on object 'Object Repository/Final Object Repo/Creating Employer Account/Page_Registration - ASSIST (Base)/Registration Number'

2018-12-07 10:25:16 - [TEST_STEP][PASSED] - delay: Delayed 2 second(s)

2018-12-07 10:25:18 - [MESSAGE][PASSED] - Delayed 2 second(s)

2018-12-07 10:25:18 - [TEST_STEP][PASSED] - setText: Text 'ADDRESS 1' is set on object 'Object Repository/Final Object Repo/Creating Employer Account/Page_Registration - ASSIST (Base)/Postal Address 1'

2018-12-07 10:25:18 - [MESSAGE][PASSED] - Text 'ADDRESS 1' is set on object 'Object Repository/Final Object Repo/Creating Employer Account/Page_Registration - ASSIST (Base)/Postal Address 1'

2018-12-07 10:25:18 - [TEST_STEP][PASSED] - setText: Text 'ADDRESS 2' is set on object 'Object Repository/Final Object Repo/Creating Employer Account/Page_Registration - ASSIST (Base)/Postal Address 2'

2018-12-07 10:25:18 - [MESSAGE][PASSED] - Text 'ADDRESS 2' is set on object 'Object Repository/Final Object Repo/Creating Employer Account/Page_Registration - ASSIST (Base)/Postal Address 2'

2018-12-07 10:25:18 - [TEST_STEP][PASSED] - click: Object: 'Object Repository/Final Object Repo/Creating Employer Account/Page_Registration - ASSIST (Base)/State' is clicked on

2018-12-07 10:25:19 - [MESSAGE][PASSED] - Object: 'Object Repository/Final Object Repo/Creating Employer Account/Page_Registration - ASSIST (Base)/State' is clicked on

2018-12-07 10:25:19 - [TEST_STEP][PASSED] - delay: Delayed 2 second(s)

2018-12-07 10:25:21 - [MESSAGE][PASSED] - Delayed 2 second(s)

2018-12-07 10:25:21 - [TEST_STEP][PASSED] - click: Object: 'Object Repository/Final Object Repo/Creating Employer Account/Page_Registration - ASSIST (Base)/State - Johor' is clicked on

2018-12-07 10:25:21 - [MESSAGE][PASSED] - Object: 'Object Repository/Final Object Repo/Creating Employer Account/Page_Registration - ASSIST (Base)/State - Johor' is clicked on

2018-12-07 10:25:21 - [TEST_STEP][PASSED] - delay: Delayed 2 second(s)

2018-12-07 10:25:23 - [MESSAGE][PASSED] - Delayed 2 second(s)

2018-12-07 10:25:23 - [TEST_STEP][PASSED] - click: Object: 'Object Repository/Final Object Repo/Creating Employer Account/Page_Registration - ASSIST (Base)/City' is clicked on

2018-12-07 10:25:23 - [MESSAGE][PASSED] - Object: 'Object Repository/Final Object Repo/Creating Employer Account/Page_Registration - ASSIST (Base)/City' is clicked on

2018-12-07 10:25:23 - [TEST_STEP][PASSED] - delay: Delayed 2 second(s)

2018-12-07 10:25:25 - [MESSAGE][PASSED] - Delayed 2 second(s)

2018-12-07 10:25:25 - [TEST_STEP][PASSED] - setText: Text 'joh' is set on object 'Object Repository/Final Object Repo/Creating Employer Account/Page_Registration - ASSIST (Base)/City - joh'

2018-12-07 10:25:25 - [MESSAGE][PASSED] - Text 'joh' is set on object 'Object Repository/Final Object Repo/Creating Employer Account/Page_Registration - ASSIST (Base)/City - joh'

2018-12-07 10:25:25 - [TEST_STEP][PASSED] - delay: Delayed 2 second(s)

2018-12-07 10:25:27 - [MESSAGE][PASSED] - Delayed 2 second(s)

2018-12-07 10:25:27 - [TEST_STEP][PASSED] - click: Object: 'Object Repository/Final Object Repo/Creating Employer Account/Page_Registration - ASSIST (Base)/City - Johor Bharu' is clicked on

2018-12-07 10:25:27 - [MESSAGE][PASSED] - Object: 'Object Repository/Final Object Repo/Creating Employer Account/Page_Registration - ASSIST (Base)/City - Johor Bharu' is clicked on

2018-12-07 10:25:27 - [TEST_STEP][PASSED] - delay: Delayed 2 second(s)

2018-12-07 10:25:29 - [MESSAGE][PASSED] - Delayed 2 second(s)

2018-12-07 10:25:29 - [TEST_STEP][PASSED] - click: Object: 'Object Repository/Final Object Repo/Creating Employer Account/Page_Registration - ASSIST (Base)/Post Code' is clicked on

2018-12-07 10:25:30 - [MESSAGE][PASSED] - Object: 'Object Repository/Final Object Repo/Creating Employer Account/Page_Registration - ASSIST (Base)/Post Code' is clicked on

2018-12-07 10:25:30 - [TEST_STEP][PASSED] - delay: Delayed 2 second(s)

2018-12-07 10:25:32 - [MESSAGE][PASSED] - Delayed 2 second(s)

2018-12-07 10:25:32 - [TEST_STEP][PASSED] - setText: Text '810' is set on object 'Object Repository/Final Object Repo/Creating Employer Account/Page_Registration - ASSIST (Base)/Post Code - 810'

2018-12-07 10:25:32 - [MESSAGE][PASSED] - Text '810' is set on object 'Object Repository/Final Object Repo/Creating Employer Account/Page_Registration - ASSIST (Base)/Post Code - 810'

2018-12-07 10:25:32 - [TEST_STEP][PASSED] - delay: Delayed 2 second(s)

2018-12-07 10:25:34 - [MESSAGE][PASSED] - Delayed 2 second(s)

2018-12-07 10:25:34 - [TEST_STEP][PASSED] - click: Object: 'Object Repository/Final Object Repo/Creating Employer Account/Page_Registration - ASSIST (Base)/Post Code - 81000' is clicked on

2018-12-07 10:25:34 - [MESSAGE][PASSED] - Object: 'Object Repository/Final Object Repo/Creating Employer Account/Page_Registration - ASSIST (Base)/Post Code - 81000' is clicked on

2018-12-07 10:25:34 - [TEST_STEP][PASSED] - delay: Delayed 2 second(s)

2018-12-07 10:25:36 - [MESSAGE][PASSED] - Delayed 2 second(s)

2018-12-07 10:25:36 - [TEST_STEP][PASSED] - setText: Text 'PERKESO' is set on object 'Object Repository/Final Object Repo/Creating Employer Account/Page_Registration - ASSIST (Base)/Full Name'

2018-12-07 10:25:36 - [MESSAGE][PASSED] - Text 'PERKESO' is set on object 'Object Repository/Final Object Repo/Creating Employer Account/Page_Registration - ASSIST (Base)/Full Name'

2018-12-07 10:25:36 - [TEST_STEP][PASSED] - Statement - rnd = new java.util.Random(): null

2018-12-07 10:25:36 - [TEST_STEP][PASSED] - Statement - snum = rnd.nextInt(899999 + 1) + 100000: null

2018-12-07 10:25:36 - [TEST_STEP][PASSED] - Statement - tnum = rnd.nextInt(899999 + 1) + 100000: null

2018-12-07 10:25:36 - [TEST_STEP][PASSED] - Statement - IC = java.lang.Integer.toString(snum) + java.lang.Integer.toString(tnum): null

2018-12-07 10:25:36 - [TEST_STEP][PASSED] - Statement - out.println(IC): null

2018-12-07 10:25:36 - [TEST_STEP][PASSED] - setText: Text '462154824041' is set on object 'Object Repository/Final Object Repo/Creating Employer Account/Page_Registration - ASSIST (Base)/Identification Number'

2018-12-07 10:25:37 - [MESSAGE][PASSED] - Text '462154824041' is set on object 'Object Repository/Final Object Repo/Creating Employer Account/Page_Registration - ASSIST (Base)/Identification Number'

2018-12-07 10:25:37 - [TEST_STEP][PASSED] - delay: Delayed 2 second(s)

2018-12-07 10:25:39 - [MESSAGE][PASSED] - Delayed 2 second(s)

2018-12-07 10:25:39 - [TEST_STEP][PASSED] - setText: Text '123456789012' is set on object 'Object Repository/Final Object Repo/Creating Employer Account/Page_Registration - ASSIST (Base)/Contact Number'

2018-12-07 10:25:39 - [MESSAGE][PASSED] - Text '123456789012' is set on object 'Object Repository/Final Object Repo/Creating Employer Account/Page_Registration - ASSIST (Base)/Contact Number'

2018-12-07 10:25:39 - [TEST_STEP][PASSED] - Statement - Email = "perkeso" + IC + "@gmail.com": null

2018-12-07 10:25:39 - [TEST_STEP][PASSED] - delay: Delayed 2 second(s)

2018-12-07 10:25:41 - [MESSAGE][PASSED] - Delayed 2 second(s)

2018-12-07 10:25:41 - [TEST_STEP][PASSED] - callTestCase: Call Test Case 'Test Cases/Final Aug 2018 - PKS Automation/Create Employer Acc/Template/Employer Email Settler' successfully

2018-12-07 10:25:41 - [TEST_CASE][PASSED] - Test Cases/Final Aug 2018 - PKS Automation/Create Employer Acc/Template/Employer Email Settler: Test Cases/Final Aug 2018 - PKS Automation/Create Employer Acc/Template/Employer Email Settler

2018-12-07 10:25:41 - [TEST_STEP][PASSED] - Statement - EmpEmailOld = new java.io.File(C://Users//Admin//Desktop//PKS//Automation Reference Point//EmpEmail.txt): null

2018-12-07 10:25:41 - [TEST_STEP][PASSED] - Statement - EmpEmailOld.delete(): null

2018-12-07 10:25:41 - [TEST_STEP][PASSED] - delay: Delayed 5 second(s)

2018-12-07 10:25:46 - [MESSAGE][PASSED] - Delayed 5 second(s)

2018-12-07 10:25:46 - [TEST_STEP][PASSED] - Statement - EmpEmail = new java.io.File(C://Users//Admin//Desktop//PKS//Automation Reference Point//EmpEmail.txt): null

2018-12-07 10:25:46 - [TEST_STEP][PASSED] - Statement - f2 = new java.io.FileWriter(EmpEmail, false): null

2018-12-07 10:25:46 - [TEST_STEP][PASSED] - Statement - f2.write(Email): null

2018-12-07 10:25:46 - [TEST_STEP][PASSED] - Statement - f2.close(): null

2018-12-07 10:25:46 - [TEST_STEP][PASSED] - Statement - out.println(Email): null

2018-12-07 10:25:46 - [MESSAGE][PASSED] - Call Test Case 'Test Cases/Final Aug 2018 - PKS Automation/Create Employer Acc/Template/Employer Email Settler' successfully

2018-12-07 10:25:46 - [TEST_STEP][PASSED] - delay: Delayed 2 second(s)

2018-12-07 10:25:48 - [MESSAGE][PASSED] - Delayed 2 second(s)

2018-12-07 10:25:48 - [TEST_STEP][PASSED] - setText: Text 'perkeso462154824041@gmail.com' is set on object 'Object Repository/Final Object Repo/Creating Employer Account/Page_Registration - ASSIST (Base)/Email'

2018-12-07 10:25:49 - [MESSAGE][PASSED] - Text 'perkeso462154824041@gmail.com' is set on object 'Object Repository/Final Object Repo/Creating Employer Account/Page_Registration - ASSIST (Base)/Email'

2018-12-07 10:25:49 - [TEST_STEP][PASSED] - setText: Text '123' is set on object 'Object Repository/Final Object Repo/Creating Employer Account/Page_Registration - ASSIST (Base)/Security Phase'

2018-12-07 10:25:49 - [MESSAGE][PASSED] - Text '123' is set on object 'Object Repository/Final Object Repo/Creating Employer Account/Page_Registration - ASSIST (Base)/Security Phase'

2018-12-07 10:25:49 - [TEST_STEP][PASSED] - click: Object: 'Object Repository/Final Object Repo/Creating Employer Account/Page_Registration - ASSIST (Base)/Save  Continue' is clicked on

2018-12-07 10:25:49 - [MESSAGE][PASSED] - Object: 'Object Repository/Final Object Repo/Creating Employer Account/Page_Registration - ASSIST (Base)/Save  Continue' is clicked on

2018-12-07 10:25:49 - [TEST_STEP][PASSED] - delay: Delayed 2 second(s)

2018-12-07 10:25:51 - [MESSAGE][PASSED] - Delayed 2 second(s)

2018-12-07 10:25:51 - [TEST_STEP][PASSED] - click: Object: 'Object Repository/Final Object Repo/Creating Employer Account/Page_Registration - ASSIST (Base)/Add Document' is clicked on

2018-12-07 10:25:51 - [MESSAGE][PASSED] - Object: 'Object Repository/Final Object Repo/Creating Employer Account/Page_Registration - ASSIST (Base)/Add Document' is clicked on

2018-12-07 10:25:51 - [TEST_STEP][PASSED] - delay: Delayed 2 second(s)

2018-12-07 10:25:53 - [MESSAGE][PASSED] - Delayed 2 second(s)

2018-12-07 10:25:53 - [TEST_STEP][PASSED] - click: Object: 'Object Repository/Final Object Repo/Creating Employer Account/Page_Registration - ASSIST (Base)/Document Type' is clicked on

2018-12-07 10:25:54 - [MESSAGE][PASSED] - Object: 'Object Repository/Final Object Repo/Creating Employer Account/Page_Registration - ASSIST (Base)/Document Type' is clicked on

2018-12-07 10:25:54 - [TEST_STEP][PASSED] - delay: Delayed 2 second(s)

2018-12-07 10:25:56 - [MESSAGE][PASSED] - Delayed 2 second(s)

2018-12-07 10:25:56 - [TEST_STEP][PASSED] - click: Object: 'Object Repository/Final Object Repo/Creating Employer Account/Page_Registration - ASSIST (Base)/Document Type - Letter of Authorization' is clicked on

2018-12-07 10:25:56 - [MESSAGE][PASSED] - Object: 'Object Repository/Final Object Repo/Creating Employer Account/Page_Registration - ASSIST (Base)/Document Type - Letter of Authorization' is clicked on

2018-12-07 10:25:56 - [TEST_STEP][PASSED] - delay: Delayed 2 second(s)

2018-12-07 10:25:58 - [MESSAGE][PASSED] - Delayed 2 second(s)

2018-12-07 10:25:58 - [TEST_STEP][PASSED] - sendKeys: Keys 'C:\Users\Public\Pictures\Sample Pictures\Koala.jpg' sent to object: 'Object Repository/Final Object Repo/Creating Employer Account/Page_Registration - ASSIST (Base)/Uploading File'

2018-12-07 10:25:58 - [MESSAGE][PASSED] - Keys 'C:\Users\Public\Pictures\Sample Pictures\Koala.jpg' sent to object: 'Object Repository/Final Object Repo/Creating Employer Account/Page_Registration - ASSIST (Base)/Uploading File'

2018-12-07 10:25:58 - [TEST_STEP][PASSED] - delay: Delayed 2 second(s)

2018-12-07 10:26:00 - [MESSAGE][PASSED] - Delayed 2 second(s)

2018-12-07 10:26:00 - [TEST_STEP][PASSED] - click: Object: 'Object Repository/Final Object Repo/Creating Employer Account/Page_Registration - ASSIST (Base)/Add Document in Uploading File' is clicked on

2018-12-07 10:26:00 - [MESSAGE][PASSED] - Object: 'Object Repository/Final Object Repo/Creating Employer Account/Page_Registration - ASSIST (Base)/Add Document in Uploading File' is clicked on

2018-12-07 10:26:00 - [TEST_STEP][PASSED] - delay: Delayed 2 second(s)

2018-12-07 10:26:02 - [MESSAGE][PASSED] - Delayed 2 second(s)

2018-12-07 10:26:02 - [TEST_STEP][PASSED] - click: Object: 'Object Repository/Final Object Repo/Creating Employer Account/Page_Registration - ASSIST (Base)/Save' is clicked on

2018-12-07 10:26:02 - [MESSAGE][PASSED] - Object: 'Object Repository/Final Object Repo/Creating Employer Account/Page_Registration - ASSIST (Base)/Save' is clicked on

2018-12-07 10:26:02 - [TEST_STEP][PASSED] - delay: Delayed 2 second(s)

2018-12-07 10:26:04 - [MESSAGE][PASSED] - Delayed 2 second(s)

2018-12-07 10:26:04 - [TEST_STEP][PASSED] - click: Object: 'Object Repository/Final Object Repo/Creating Employer Account/Page_Registration - ASSIST (Base)/Submit' is clicked on

2018-12-07 10:26:04 - [MESSAGE][PASSED] - Object: 'Object Repository/Final Object Repo/Creating Employer Account/Page_Registration - ASSIST (Base)/Submit' is clicked on

2018-12-07 10:26:04 - [TEST_STEP][PASSED] - delay: Delayed 2 second(s)

2018-12-07 10:26:06 - [MESSAGE][PASSED] - Delayed 2 second(s)

2018-12-07 10:26:06 - [TEST_STEP][PASSED] - click: Object: 'Object Repository/Final Object Repo/Creating Employer Account/Page_Registration - ASSIST (Base)/Confirm' is clicked on

2018-12-07 10:26:07 - [MESSAGE][PASSED] - Object: 'Object Repository/Final Object Repo/Creating Employer Account/Page_Registration - ASSIST (Base)/Confirm' is clicked on

2018-12-07 10:26:07 - [MESSAGE][PASSED] - Call Test Case 'Test Cases/Final Aug 2018 - PKS Automation/Create Employer Acc/Template/Register Employer' successfully

2018-12-07 10:26:07 - [TEST_STEP][PASSED] - delay: Delayed 1 second(s)

2018-12-07 10:26:08 - [MESSAGE][PASSED] - Delayed 1 second(s)

2018-12-07 10:26:08 - [TEST_STEP][PASSED] - navigateToUrl: Navigate to 'https://assist2-uat.perkeso.gov.my/c/portal/logout' successfully

2018-12-07 10:26:10 - [MESSAGE][PASSED] - Navigate to 'https://assist2-uat.perkeso.gov.my/c/portal/logout' successfully

2018-12-07 10:26:10 - [TEST_STEP][PASSED] - delay: Delayed 1 second(s)

2018-12-07 10:26:11 - [MESSAGE][PASSED] - Delayed 1 second(s)

2018-12-07 10:26:11 - [TEST_STEP][PASSED] - callTestCase: Call Test Case 'Test Cases/Final Aug 2018 - PKS Automation/Create Employer Acc/Template/Change Password of Employer' successfully

2018-12-07 10:26:11 - [TEST_CASE][PASSED] - Test Cases/Final Aug 2018 - PKS Automation/Create Employer Acc/Template/Change Password of Employer: Test Cases/Final Aug 2018 - PKS Automation/Create Employer Acc/Template/Change Password of Employer

2018-12-07 10:26:11 - [TEST_STEP][PASSED] - openBrowser: Browser is opened with url: ''

2018-12-07 10:26:11 - [MESSAGE][WARNING] - A browser is already opened. Closing browser and opening a new one

2018-12-07 10:26:13 - [MESSAGE][PASSED] - Browser is opened with url: ''

2018-12-07 10:26:13 - [TEST_STEP][PASSED] - navigateToUrl: Navigate to 'https://assist2-uat.perkeso.gov.my/login' successfully

2018-12-07 10:26:15 - [MESSAGE][PASSED] - Navigate to 'https://assist2-uat.perkeso.gov.my/login' successfully

2018-12-07 10:26:15 - [TEST_STEP][PASSED] - delay: Delayed 5 second(s)

2018-12-07 10:26:20 - [MESSAGE][PASSED] - Delayed 5 second(s)

2018-12-07 10:26:20 - [TEST_STEP][PASSED] - setText: Text 'test@liferay.com' is set on object 'Object Repository/Final Object Repo/Login Page/Internal User/Email Address'

2018-12-07 10:26:20 - [MESSAGE][PASSED] - Text 'test@liferay.com' is set on object 'Object Repository/Final Object Repo/Login Page/Internal User/Email Address'

2018-12-07 10:26:20 - [TEST_STEP][PASSED] - click: Object: 'Object Repository/Final Object Repo/Login Page/Internal User/Next Button' is clicked on

2018-12-07 10:26:20 - [MESSAGE][PASSED] - Object: 'Object Repository/Final Object Repo/Login Page/Internal User/Next Button' is clicked on

2018-12-07 10:26:20 - [TEST_STEP][PASSED] - delay: Delayed 2 second(s)

2018-12-07 10:26:22 - [MESSAGE][PASSED] - Delayed 2 second(s)

2018-12-07 10:26:22 - [TEST_STEP][PASSED] - setText: Text 'test' is set on object 'Object Repository/Final Object Repo/Login Page/Internal User/Password'

2018-12-07 10:26:22 - [MESSAGE][PASSED] - Text 'test' is set on object 'Object Repository/Final Object Repo/Login Page/Internal User/Password'

2018-12-07 10:26:22 - [TEST_STEP][PASSED] - delay: Delayed 2 second(s)

2018-12-07 10:26:24 - [MESSAGE][PASSED] - Delayed 2 second(s)

2018-12-07 10:26:24 - [TEST_STEP][PASSED] - click: Object: 'Object Repository/Final Object Repo/Login Page/Internal User/Login Button' is clicked on

2018-12-07 10:26:25 - [MESSAGE][PASSED] - Object: 'Object Repository/Final Object Repo/Login Page/Internal User/Login Button' is clicked on

2018-12-07 10:26:25 - [TEST_STEP][PASSED] - delay: Delayed 3 second(s)

2018-12-07 10:26:28 - [MESSAGE][PASSED] - Delayed 3 second(s)

2018-12-07 10:26:28 - [TEST_STEP][PASSED] - navigateToUrl: Navigate to 'https://assist2-uat.perkeso.gov.my/group/control_panel/manage?p_p_id=125&p_p_lifecycle=0&p_p_state=maximized&p_p_mode=view&refererPlid=20455&_125_usersListView=flat-users&_125_toolbarItem=view-all-users&_125_saveUsersListView=true&_125_struts_action=%2Fusers_admin%2Fview' successfully

2018-12-07 10:26:29 - [MESSAGE][PASSED] - Navigate to 'https://assist2-uat.perkeso.gov.my/group/control_panel/manage?p_p_id=125&p_p_lifecycle=0&p_p_state=maximized&p_p_mode=view&refererPlid=20455&_125_usersListView=flat-users&_125_toolbarItem=view-all-users&_125_saveUsersListView=true&_125_struts_action=%2Fusers_admin%2Fview' successfully

2018-12-07 10:26:29 - [TEST_STEP][PASSED] - delay: Delayed 3 second(s)

2018-12-07 10:26:32 - [MESSAGE][PASSED] - Delayed 3 second(s)

2018-12-07 10:26:32 - [TEST_STEP][PASSED] - setText: Text 'perkeso462154824041@gmail.com' is set on object 'Object Repository/Final Object Repo/Creating Employer Account/Page_Users and Organizations - ASSIST/Employer name'

2018-12-07 10:26:33 - [MESSAGE][PASSED] - Text 'perkeso462154824041@gmail.com' is set on object 'Object Repository/Final Object Repo/Creating Employer Account/Page_Users and Organizations - ASSIST/Employer name'

2018-12-07 10:26:33 - [TEST_STEP][PASSED] - delay: Delayed 3 second(s)

2018-12-07 10:26:36 - [MESSAGE][PASSED] - Delayed 3 second(s)

2018-12-07 10:26:36 - [TEST_STEP][PASSED] - click: Object: 'Object Repository/Final Object Repo/Creating Employer Account/Page_Users and Organizations - ASSIST/Search' is clicked on

2018-12-07 10:26:36 - [MESSAGE][PASSED] - Object: 'Object Repository/Final Object Repo/Creating Employer Account/Page_Users and Organizations - ASSIST/Search' is clicked on

2018-12-07 10:26:36 - [TEST_STEP][PASSED] - delay: Delayed 3 second(s)

2018-12-07 10:26:39 - [MESSAGE][PASSED] - Delayed 3 second(s)

2018-12-07 10:26:39 - [TEST_STEP][PASSED] - click: Object: 'Object Repository/Final Object Repo/Creating Employer Account/Page_Users and Organizations - ASSIST/Action' is clicked on

2018-12-07 10:26:39 - [MESSAGE][PASSED] - Object: 'Object Repository/Final Object Repo/Creating Employer Account/Page_Users and Organizations - ASSIST/Action' is clicked on

2018-12-07 10:26:39 - [TEST_STEP][PASSED] - delay: Delayed 3 second(s)

2018-12-07 10:26:42 - [MESSAGE][PASSED] - Delayed 3 second(s)

2018-12-07 10:26:42 - [TEST_STEP][PASSED] - click: Object: 'Object Repository/Final Object Repo/Creating Employer Account/Page_Users and Organizations - ASSIST/Edit' is clicked on

2018-12-07 10:26:43 - [MESSAGE][PASSED] - Object: 'Object Repository/Final Object Repo/Creating Employer Account/Page_Users and Organizations - ASSIST/Edit' is clicked on

2018-12-07 10:26:43 - [TEST_STEP][PASSED] - delay: Delayed 3 second(s)

2018-12-07 10:26:46 - [MESSAGE][PASSED] - Delayed 3 second(s)

2018-12-07 10:26:46 - [TEST_STEP][PASSED] - click: Object: 'Object Repository/Final Object Repo/Creating Employer Account/Page_PERKESO - Users and Organizati/a_Password (Modified)' is clicked on

2018-12-07 10:26:47 - [MESSAGE][PASSED] - Object: 'Object Repository/Final Object Repo/Creating Employer Account/Page_PERKESO - Users and Organizati/a_Password (Modified)' is clicked on

2018-12-07 10:26:47 - [TEST_STEP][PASSED] - delay: Delayed 3 second(s)

2018-12-07 10:26:50 - [MESSAGE][PASSED] - Delayed 3 second(s)

2018-12-07 10:26:50 - [TEST_STEP][PASSED] - setEncryptedText: Text ****** has been set on object 'Object Repository/Final Object Repo/Creating Employer Account/Page_PERKESO - Users and Organizati/input__125_password1'

2018-12-07 10:26:50 - [MESSAGE][PASSED] - Text ****** has been set on object 'Object Repository/Final Object Repo/Creating Employer Account/Page_PERKESO - Users and Organizati/input__125_password1'

2018-12-07 10:26:50 - [TEST_STEP][PASSED] - delay: Delayed 3 second(s)

2018-12-07 10:26:53 - [MESSAGE][PASSED] - Delayed 3 second(s)

2018-12-07 10:26:53 - [TEST_STEP][PASSED] - setEncryptedText: Text ****** has been set on object 'Object Repository/Final Object Repo/Creating Employer Account/Page_PERKESO - Users and Organizati/input__125_password2'

2018-12-07 10:26:53 - [MESSAGE][PASSED] - Text ****** has been set on object 'Object Repository/Final Object Repo/Creating Employer Account/Page_PERKESO - Users and Organizati/input__125_password2'

2018-12-07 10:26:53 - [TEST_STEP][PASSED] - delay: Delayed 3 second(s)

2018-12-07 10:26:56 - [MESSAGE][PASSED] - Delayed 3 second(s)

2018-12-07 10:26:56 - [TEST_STEP][PASSED] - click: Object: 'Object Repository/Final Object Repo/Creating Employer Account/Page_PERKESO - Users and Organizati/Save' is clicked on

2018-12-07 10:26:57 - [MESSAGE][PASSED] - Object: 'Object Repository/Final Object Repo/Creating Employer Account/Page_PERKESO - Users and Organizati/Save' is clicked on

2018-12-07 10:26:57 - [MESSAGE][PASSED] - Call Test Case 'Test Cases/Final Aug 2018 - PKS Automation/Create Employer Acc/Template/Change Password of Employer' successfully

2018-12-07 10:26:57 - [TEST_STEP][PASSED] - delay: Delayed 1 second(s)

2018-12-07 10:26:58 - [MESSAGE][PASSED] - Delayed 1 second(s)

2018-12-07 10:26:58 - [TEST_STEP][PASSED] - navigateToUrl: Navigate to 'https://assist2-uat.perkeso.gov.my/c/portal/logout' successfully

2018-12-07 10:26:59 - [MESSAGE][PASSED] - Navigate to 'https://assist2-uat.perkeso.gov.my/c/portal/logout' successfully

2018-12-07 10:26:59 - [TEST_STEP][PASSED] - delay: Delayed 1 second(s)

2018-12-07 10:27:00 - [MESSAGE][PASSED] - Delayed 1 second(s)

2018-12-07 10:27:00 - [TEST_STEP][PASSED] - callTestCase: Call Test Case 'Test Cases/Final Aug 2018 - PKS Automation/Create Employer Acc/Template/Login to Employer Account (First Time)' successfully

2018-12-07 10:27:00 - [TEST_CASE][PASSED] - Test Cases/Final Aug 2018 - PKS Automation/Create Employer Acc/Template/Login to Employer Account (First Time): Test Cases/Final Aug 2018 - PKS Automation/Create Employer Acc/Template/Login to Employer Account (First Time)

2018-12-07 10:27:00 - [TEST_STEP][PASSED] - openBrowser: Browser is opened with url: ''

2018-12-07 10:27:00 - [MESSAGE][WARNING] - A browser is already opened. Closing browser and opening a new one

2018-12-07 10:27:03 - [MESSAGE][PASSED] - Browser is opened with url: ''

2018-12-07 10:27:03 - [TEST_STEP][PASSED] - navigateToUrl: Navigate to 'https://assist2-uat.perkeso.gov.my/employer/login' successfully

2018-12-07 10:27:04 - [MESSAGE][PASSED] - Navigate to 'https://assist2-uat.perkeso.gov.my/employer/login' successfully

2018-12-07 10:27:04 - [TEST_STEP][PASSED] - delay: Delayed 3 second(s)

2018-12-07 10:27:07 - [MESSAGE][PASSED] - Delayed 3 second(s)

2018-12-07 10:27:07 - [TEST_STEP][PASSED] - callTestCase: Call Test Case 'Test Cases/Final Aug 2018 - PKS Automation/Create Employer Acc/Template/Employer Email Getter' successfully

2018-12-07 10:27:07 - [TEST_CASE][PASSED] - Test Cases/Final Aug 2018 - PKS Automation/Create Employer Acc/Template/Employer Email Getter: Test Cases/Final Aug 2018 - PKS Automation/Create Employer Acc/Template/Employer Email Getter

2018-12-07 10:27:07 - [TEST_STEP][PASSED] - Statement - Try: null

2018-12-07 10:27:07 - [TEST_STEP][PASSED] - Statement - EmpEmail = new java.io.File(C://Users//Admin//Desktop//PKS//Automation Reference Point//EmpEmail.txt): null

2018-12-07 10:27:07 - [TEST_STEP][PASSED] - Statement - bufferread = new java.io.BufferedReader(new java.io.FileReader(EmpEmail)): null

2018-12-07 10:27:07 - [TEST_STEP][PASSED] - Statement - readedVal = bufferread.readLine(): null

2018-12-07 10:27:07 - [TEST_STEP][PASSED] - Statement - out.println(readedVal): null

2018-12-07 10:27:07 - [TEST_STEP][PASSED] - Statement - Email = readedVal: null

2018-12-07 10:27:07 - [MESSAGE][PASSED] - Call Test Case 'Test Cases/Final Aug 2018 - PKS Automation/Create Employer Acc/Template/Employer Email Getter' successfully

2018-12-07 10:27:07 - [TEST_STEP][PASSED] - setText: Text 'perkeso462154824041@gmail.com' is set on object 'Object Repository/Final Object Repo/Login Page/External Login Page/Email'

2018-12-07 10:27:08 - [MESSAGE][PASSED] - Text 'perkeso462154824041@gmail.com' is set on object 'Object Repository/Final Object Repo/Login Page/External Login Page/Email'

2018-12-07 10:27:08 - [TEST_STEP][PASSED] - click: Object: 'Object Repository/Final Object Repo/Login Page/External Login Page/Next' is clicked on

2018-12-07 10:27:08 - [MESSAGE][PASSED] - Object: 'Object Repository/Final Object Repo/Login Page/External Login Page/Next' is clicked on

2018-12-07 10:27:08 - [TEST_STEP][PASSED] - delay: Delayed 3 second(s)

2018-12-07 10:27:11 - [MESSAGE][PASSED] - Delayed 3 second(s)

2018-12-07 10:27:11 - [TEST_STEP][PASSED] - setEncryptedText: Text ****** has been set on object 'Object Repository/Final Object Repo/Login Page/External Login Page/Password'

2018-12-07 10:27:11 - [MESSAGE][PASSED] - Text ****** has been set on object 'Object Repository/Final Object Repo/Login Page/External Login Page/Password'

2018-12-07 10:27:11 - [TEST_STEP][PASSED] - click: Object: 'Object Repository/Final Object Repo/Login Page/External Login Page/Login' is clicked on

2018-12-07 10:27:11 - [MESSAGE][PASSED] - Object: 'Object Repository/Final Object Repo/Login Page/External Login Page/Login' is clicked on

2018-12-07 10:27:11 - [TEST_STEP][PASSED] - delay: Delayed 3 second(s)

2018-12-07 10:27:14 - [MESSAGE][PASSED] - Delayed 3 second(s)

2018-12-07 10:27:14 - [TEST_STEP][PASSED] - click: Object: 'Object Repository/Final Object Repo/Creating Employer Account/Page_Terms of Use - ASSIST/button_I Agree' is clicked on

2018-12-07 10:27:15 - [MESSAGE][PASSED] - Object: 'Object Repository/Final Object Repo/Creating Employer Account/Page_Terms of Use - ASSIST/button_I Agree' is clicked on

2018-12-07 10:27:15 - [TEST_STEP][PASSED] - delay: Delayed 2 second(s)

2018-12-07 10:27:17 - [MESSAGE][PASSED] - Delayed 2 second(s)

2018-12-07 10:27:17 - [TEST_STEP][PASSED] - setEncryptedText: Text ****** has been set on object 'Object Repository/Final Object Repo/Creating Employer Account/Page_New Password - ASSIST/input_password1'

2018-12-07 10:27:17 - [MESSAGE][PASSED] - Text ****** has been set on object 'Object Repository/Final Object Repo/Creating Employer Account/Page_New Password - ASSIST/input_password1'

2018-12-07 10:27:17 - [TEST_STEP][PASSED] - setEncryptedText: Text ****** has been set on object 'Object Repository/Final Object Repo/Creating Employer Account/Page_New Password - ASSIST/input_password2'

2018-12-07 10:27:18 - [MESSAGE][PASSED] - Text ****** has been set on object 'Object Repository/Final Object Repo/Creating Employer Account/Page_New Password - ASSIST/input_password2'

2018-12-07 10:27:18 - [TEST_STEP][PASSED] - delay: Delayed 2 second(s)

2018-12-07 10:27:20 - [MESSAGE][PASSED] - Delayed 2 second(s)

2018-12-07 10:27:20 - [TEST_STEP][PASSED] - click: Object: 'Object Repository/Final Object Repo/Creating Employer Account/Page_New Password - ASSIST/Save' is clicked on

2018-12-07 10:27:20 - [MESSAGE][PASSED] - Object: 'Object Repository/Final Object Repo/Creating Employer Account/Page_New Password - ASSIST/Save' is clicked on

2018-12-07 10:27:20 - [TEST_STEP][PASSED] - delay: Delayed 2 second(s)

2018-12-07 10:27:22 - [MESSAGE][PASSED] - Delayed 2 second(s)

2018-12-07 10:27:22 - [TEST_STEP][PASSED] - setText: Text 'test' is set on object 'Object Repository/Final Object Repo/Creating Employer Account/Page_Password Reminder - ASSIST/Reminder Query Answer'

2018-12-07 10:27:22 - [MESSAGE][PASSED] - Text 'test' is set on object 'Object Repository/Final Object Repo/Creating Employer Account/Page_Password Reminder - ASSIST/Reminder Query Answer'

2018-12-07 10:27:22 - [TEST_STEP][PASSED] - delay: Delayed 2 second(s)

2018-12-07 10:27:24 - [MESSAGE][PASSED] - Delayed 2 second(s)

2018-12-07 10:27:24 - [TEST_STEP][PASSED] - doubleClick: Object: 'Object Repository/Final Object Repo/Creating Employer Account/Page_Password Reminder - ASSIST/Save' is double clicked on

2018-12-07 10:27:24 - [MESSAGE][PASSED] - Object: 'Object Repository/Final Object Repo/Creating Employer Account/Page_Password Reminder - ASSIST/Save' is double clicked on

2018-12-07 10:27:24 - [MESSAGE][PASSED] - Call Test Case 'Test Cases/Final Aug 2018 - PKS Automation/Create Employer Acc/Template/Login to Employer Account (First Time)' successfully

2018-12-07 10:27:24 - [MESSAGE][PASSED] - Call Test Case 'Test Cases/Final Aug 2018 - PKS Automation/Create Employer Acc/Create Employer Account' successfully

2018-12-07 10:27:24 - [TEST_STEP][PASSED] - callTestCase: Call Test Case 'Test Cases/Final Aug 2018 - PKS Automation/Registration Module/Log Out/log out avoiding katalon tagging' successfully

2018-12-07 10:27:24 - [TEST_CASE][PASSED] - Test Cases/Final Aug 2018 - PKS Automation/Registration Module/Log Out/log out avoiding katalon tagging: Test Cases/Final Aug 2018 - PKS Automation/Registration Module/Log Out/log out avoiding katalon tagging

2018-12-07 10:27:24 - [TEST_STEP][PASSED] - navigateToUrl: Navigate to 'https://assist2-uat.perkeso.gov.my/c/portal/logout' successfully

2018-12-07 10:27:27 - [MESSAGE][PASSED] - Navigate to 'https://assist2-uat.perkeso.gov.my/c/portal/logout' successfully

2018-12-07 10:27:27 - [MESSAGE][PASSED] - Call Test Case 'Test Cases/Final Aug 2018 - PKS Automation/Registration Module/Log Out/log out avoiding katalon tagging' successfully

2018-12-07 10:27:27 - [TEST_STEP][PASSED] - callTestCase: Call Test Case 'Test Cases/Final Aug 2018 - PKS Automation/Create Employer Acc/Login to Employer Account (Second time)' successfully

2018-12-07 10:27:27 - [TEST_CASE][PASSED] - Test Cases/Final Aug 2018 - PKS Automation/Create Employer Acc/Login to Employer Account (Second time): Test Cases/Final Aug 2018 - PKS Automation/Create Employer Acc/Login to Employer Account (Second time)

2018-12-07 10:27:27 - [TEST_STEP][PASSED] - openBrowser: Browser is opened with url: ''

2018-12-07 10:27:27 - [MESSAGE][WARNING] - A browser is already opened. Closing browser and opening a new one

2018-12-07 10:27:30 - [MESSAGE][PASSED] - Browser is opened with url: ''

2018-12-07 10:27:30 - [TEST_STEP][PASSED] - navigateToUrl: Navigate to 'https://assist2-uat.perkeso.gov.my/employer/login' successfully

2018-12-07 10:27:31 - [MESSAGE][PASSED] - Navigate to 'https://assist2-uat.perkeso.gov.my/employer/login' successfully

2018-12-07 10:27:31 - [TEST_STEP][PASSED] - delay: Delayed 3 second(s)

2018-12-07 10:27:34 - [MESSAGE][PASSED] - Delayed 3 second(s)

2018-12-07 10:27:34 - [TEST_STEP][PASSED] - callTestCase: Call Test Case 'Test Cases/Final Aug 2018 - PKS Automation/Create Employer Acc/Template/Employer Email Getter' successfully

2018-12-07 10:27:34 - [TEST_CASE][PASSED] - Test Cases/Final Aug 2018 - PKS Automation/Create Employer Acc/Template/Employer Email Getter: Test Cases/Final Aug 2018 - PKS Automation/Create Employer Acc/Template/Employer Email Getter

2018-12-07 10:27:34 - [TEST_STEP][PASSED] - Statement - Try: null

2018-12-07 10:27:34 - [TEST_STEP][PASSED] - Statement - EmpEmail = new java.io.File(C://Users//Admin//Desktop//PKS//Automation Reference Point//EmpEmail.txt): null

2018-12-07 10:27:34 - [TEST_STEP][PASSED] - Statement - bufferread = new java.io.BufferedReader(new java.io.FileReader(EmpEmail)): null

2018-12-07 10:27:34 - [TEST_STEP][PASSED] - Statement - readedVal = bufferread.readLine(): null

2018-12-07 10:27:34 - [TEST_STEP][PASSED] - Statement - out.println(readedVal): null

2018-12-07 10:27:34 - [TEST_STEP][PASSED] - Statement - Email = readedVal: null

2018-12-07 10:27:34 - [MESSAGE][PASSED] - Call Test Case 'Test Cases/Final Aug 2018 - PKS Automation/Create Employer Acc/Template/Employer Email Getter' successfully

2018-12-07 10:27:34 - [TEST_STEP][PASSED] - setText: Text 'perkeso462154824041@gmail.com' is set on object 'Object Repository/Final Object Repo/Login Page/External Login Page/Email'

2018-12-07 10:27:35 - [MESSAGE][PASSED] - Text 'perkeso462154824041@gmail.com' is set on object 'Object Repository/Final Object Repo/Login Page/External Login Page/Email'

2018-12-07 10:27:35 - [TEST_STEP][PASSED] - click: Object: 'Object Repository/Final Object Repo/Login Page/External Login Page/Next' is clicked on

2018-12-07 10:27:35 - [MESSAGE][PASSED] - Object: 'Object Repository/Final Object Repo/Login Page/External Login Page/Next' is clicked on

2018-12-07 10:27:35 - [TEST_STEP][PASSED] - delay: Delayed 3 second(s)

2018-12-07 10:27:38 - [MESSAGE][PASSED] - Delayed 3 second(s)

2018-12-07 10:27:38 - [TEST_STEP][PASSED] - setEncryptedText: Text ****** has been set on object 'Object Repository/Final Object Repo/Login Page/External Login Page/Password'

2018-12-07 10:27:38 - [MESSAGE][PASSED] - Text ****** has been set on object 'Object Repository/Final Object Repo/Login Page/External Login Page/Password'

2018-12-07 10:27:38 - [TEST_STEP][PASSED] - click: Object: 'Object Repository/Final Object Repo/Login Page/External Login Page/Login' is clicked on

2018-12-07 10:27:39 - [MESSAGE][PASSED] - Object: 'Object Repository/Final Object Repo/Login Page/External Login Page/Login' is clicked on

2018-12-07 10:27:39 - [TEST_STEP][PASSED] - delay: Delayed 5 second(s)

2018-12-07 10:27:44 - [MESSAGE][PASSED] - Delayed 5 second(s)

2018-12-07 10:27:44 - [MESSAGE][PASSED] - Call Test Case 'Test Cases/Final Aug 2018 - PKS Automation/Create Employer Acc/Login to Employer Account (Second time)' successfully

2018-12-07 10:27:44 - [TEST_STEP][PASSED] - delay: Delayed 4 second(s)

2018-12-07 10:27:48 - [MESSAGE][PASSED] - Delayed 4 second(s)

2018-12-07 10:27:48 - [TEST_STEP][PASSED] - Statement - Try: Delayed 2 second(s)

2018-12-07 10:27:48 - [TEST_STEP][PASSED] - Statement - Checker = false: null

2018-12-07 10:27:48 - [TEST_STEP][PASSED] - Statement - Checker = com.kms.katalon.core.webui.keyword.WebUiBuiltInKeywords.verifyElementHasAttribute(com.kms.katalon.core.testobject.ObjectRepository.findTestObject(Final Object Repo/Landing Page/BM Detecting), "href", 20, OPTIONAL): Object 'Object Repository/Final Object Repo/Landing Page/BM Detecting' has attribute 'href'

2018-12-07 10:27:48 - [MESSAGE][PASSED] - Object 'Object Repository/Final Object Repo/Landing Page/BM Detecting' has attribute 'href'

2018-12-07 10:27:48 - [TEST_STEP][PASSED] - Statement - out.println(Checker): null

2018-12-07 10:27:48 - [TEST_STEP][PASSED] - Statement - If (Checker == false): null

2018-12-07 10:27:48 - [TEST_STEP][PASSED] - Statement - Else: null

2018-12-07 10:27:48 - [TEST_STEP][PASSED] - delay: Delayed 2 second(s)

2018-12-07 10:27:50 - [MESSAGE][PASSED] - Delayed 2 second(s)

2018-12-07 10:27:50 - [TEST_STEP][PASSED] - delay: Delayed 4 second(s)

2018-12-07 10:27:54 - [MESSAGE][PASSED] - Delayed 4 second(s)

2018-12-07 10:27:54 - [TEST_STEP][PASSED] - click: Object: 'Object Repository/Final Object Repo/Landing Page/My Sites Drop Down' is clicked on

2018-12-07 10:27:54 - [MESSAGE][PASSED] - Object: 'Object Repository/Final Object Repo/Landing Page/My Sites Drop Down' is clicked on

2018-12-07 10:27:54 - [TEST_STEP][PASSED] - click: Object: 'Object Repository/Final Object Repo/Landing Page/Select to Registration Module' is clicked on

2018-12-07 10:27:57 - [MESSAGE][PASSED] - Object: 'Object Repository/Final Object Repo/Landing Page/Select to Registration Module' is clicked on

2018-12-07 10:27:57 - [TEST_STEP][PASSED] - click: Object: 'Object Repository/Final Object Repo/Landing Page/Registration Button' is clicked on

2018-12-07 10:27:58 - [MESSAGE][PASSED] - Object: 'Object Repository/Final Object Repo/Landing Page/Registration Button' is clicked on

2018-12-07 10:27:58 - [TEST_STEP][PASSED] - delay: Delayed 2 second(s)

2018-12-07 10:28:00 - [MESSAGE][PASSED] - Delayed 2 second(s)

2018-12-07 10:28:00 - [TEST_STEP][PASSED] - click: Object: 'Object Repository/Final Object Repo/New Registration - Registration Module Pages/New Reg - OTC to RO/Special Case - OTC - Form 1/AEC NO' is clicked on

2018-12-07 10:28:00 - [MESSAGE][PASSED] - Object: 'Object Repository/Final Object Repo/New Registration - Registration Module Pages/New Reg - OTC to RO/Special Case - OTC - Form 1/AEC NO' is clicked on

2018-12-07 10:28:00 - [TEST_STEP][PASSED] - click: Object: 'Object Repository/Final Object Repo/New Registration - Registration Module Pages/New Reg - OTC to RO/Special Case - OTC - Form 1/Business Entity - Please Select' is clicked on

2018-12-07 10:28:00 - [MESSAGE][PASSED] - Object: 'Object Repository/Final Object Repo/New Registration - Registration Module Pages/New Reg - OTC to RO/Special Case - OTC - Form 1/Business Entity - Please Select' is clicked on

2018-12-07 10:28:00 - [TEST_STEP][PASSED] - click: Object: 'Object Repository/Final Object Repo/New Registration - Registration Module Pages/New Reg - OTC to RO/Special Case - OTC - Form 1/Selected - Corporation' is clicked on

2018-12-07 10:28:01 - [MESSAGE][PASSED] - Object: 'Object Repository/Final Object Repo/New Registration - Registration Module Pages/New Reg - OTC to RO/Special Case - OTC - Form 1/Selected - Corporation' is clicked on

2018-12-07 10:28:01 - [TEST_STEP][PASSED] - delay: Delayed 2 second(s)

2018-12-07 10:28:03 - [MESSAGE][PASSED] - Delayed 2 second(s)

2018-12-07 10:28:03 - [TEST_STEP][PASSED] - click: Object: 'Object Repository/Final Object Repo/New Registration - Registration Module Pages/New Reg - OTC to RO/Special Case - OTC - Form 1/Sub Business Entity - Please Select' is clicked on

2018-12-07 10:28:03 - [MESSAGE][PASSED] - Object: 'Object Repository/Final Object Repo/New Registration - Registration Module Pages/New Reg - OTC to RO/Special Case - OTC - Form 1/Sub Business Entity - Please Select' is clicked on

2018-12-07 10:28:03 - [TEST_STEP][PASSED] - delay: Delayed 2 second(s)

2018-12-07 10:28:05 - [MESSAGE][PASSED] - Delayed 2 second(s)

2018-12-07 10:28:05 - [TEST_STEP][PASSED] - click: Object: 'Object Repository/Final Object Repo/New Registration - Registration Module Pages/New Reg - OTC to RO/Special Case - OTC - Form 1/Selected - Sendirian Berhad' is clicked on

2018-12-07 10:28:05 - [MESSAGE][PASSED] - Object: 'Object Repository/Final Object Repo/New Registration - Registration Module Pages/New Reg - OTC to RO/Special Case - OTC - Form 1/Selected - Sendirian Berhad' is clicked on

2018-12-07 10:28:05 - [TEST_STEP][PASSED] - setText: Text 'AUTOMATE001' is set on object 'Object Repository/Final Object Repo/New Registration - Registration Module Pages/New Reg - OTC to RO/Special Case - OTC - Form 1/Input BRN Number'

2018-12-07 10:28:05 - [MESSAGE][PASSED] - Text 'AUTOMATE001' is set on object 'Object Repository/Final Object Repo/New Registration - Registration Module Pages/New Reg - OTC to RO/Special Case - OTC - Form 1/Input BRN Number'

2018-12-07 10:28:05 - [TEST_STEP][PASSED] - delay: Delayed 2 second(s)

2018-12-07 10:28:07 - [MESSAGE][PASSED] - Delayed 2 second(s)

2018-12-07 10:28:07 - [TEST_STEP][PASSED] - click: Object: 'Object Repository/Final Object Repo/New Registration - Registration Module Pages/New Reg - OTC to RO/Special Case - OTC - Form 1/BRN Search' is clicked on

2018-12-07 10:28:08 - [MESSAGE][PASSED] - Object: 'Object Repository/Final Object Repo/New Registration - Registration Module Pages/New Reg - OTC to RO/Special Case - OTC - Form 1/BRN Search' is clicked on

2018-12-07 10:28:08 - [TEST_STEP][PASSED] - delay: Delayed 4 second(s)

2018-12-07 10:28:12 - [MESSAGE][PASSED] - Delayed 4 second(s)

2018-12-07 10:28:12 - [TEST_STEP][PASSED] - click: Object: 'Object Repository/Final Object Repo/New Registration - Registration Module Pages/New Reg - OTC to RO/Special Case - OTC - Form 1/Registered with SSM - After Feb 2017' is clicked on

2018-12-07 10:28:12 - [MESSAGE][PASSED] - Object: 'Object Repository/Final Object Repo/New Registration - Registration Module Pages/New Reg - OTC to RO/Special Case - OTC - Form 1/Registered with SSM - After Feb 2017' is clicked on

2018-12-07 10:28:12 - [TEST_STEP][PASSED] - delay: Delayed 2 second(s)

2018-12-07 10:28:14 - [MESSAGE][PASSED] - Delayed 2 second(s)

2018-12-07 10:28:14 - [TEST_STEP][PASSED] - click: Object: 'Object Repository/Final Object Repo/New Registration - Registration Module Pages/Form 1/Registered As a Branch - Yes' is clicked on

2018-12-07 10:28:14 - [MESSAGE][PASSED] - Object: 'Object Repository/Final Object Repo/New Registration - Registration Module Pages/Form 1/Registered As a Branch - Yes' is clicked on

2018-12-07 10:28:14 - [TEST_STEP][PASSED] - click: Object: 'Object Repository/Final Object Repo/New Registration - Registration Module Pages/New Reg - OTC to RO/Special Case - OTC - Form 1/Acknowledgement Ticked' is clicked on

2018-12-07 10:28:14 - [MESSAGE][PASSED] - Object: 'Object Repository/Final Object Repo/New Registration - Registration Module Pages/New Reg - OTC to RO/Special Case - OTC - Form 1/Acknowledgement Ticked' is clicked on

2018-12-07 10:28:14 - [TEST_STEP][PASSED] - setText: Text 'perkeso462154824041@gmail.com' is set on object 'Object Repository/Final Object Repo/New Registration - Registration Module Pages/Form 1/Email'

2018-12-07 10:28:15 - [MESSAGE][PASSED] - Text 'perkeso462154824041@gmail.com' is set on object 'Object Repository/Final Object Repo/New Registration - Registration Module Pages/Form 1/Email'

2018-12-07 10:28:15 - [TEST_STEP][PASSED] - click: Object: 'Object Repository/Final Object Repo/New Registration - Registration Module Pages/New Reg - OTC to RO/Special Case - OTC - Form 1/Submit Button' is clicked on

2018-12-07 10:28:15 - [MESSAGE][PASSED] - Object: 'Object Repository/Final Object Repo/New Registration - Registration Module Pages/New Reg - OTC to RO/Special Case - OTC - Form 1/Submit Button' is clicked on

2018-12-07 10:28:15 - [TEST_STEP][PASSED] - callTestCase: Call Test Case 'Test Cases/Final Aug 2018 - PKS Automation/Registration Module/New Registration/Form 2/Add 1 Eligible - Employer Account Use' successfully

2018-12-07 10:28:15 - [TEST_CASE][PASSED] - Test Cases/Final Aug 2018 - PKS Automation/Registration Module/New Registration/Form 2/Add 1 Eligible - Employer Account Use: Test Cases/Final Aug 2018 - PKS Automation/Registration Module/New Registration/Form 2/Add 1 Eligible - Employer Account Use

2018-12-07 10:28:15 - [TEST_STEP][PASSED] - delay: Delayed 2 second(s)

2018-12-07 10:28:17 - [MESSAGE][PASSED] - Delayed 2 second(s)

2018-12-07 10:28:17 - [TEST_STEP][PASSED] - callTestCase: Call Test Case 'Test Cases/Final Aug 2018 - PKS Automation/Registration Module/New Registration/Form 2/Date Updater' successfully

2018-12-07 10:28:17 - [TEST_CASE][PASSED] - Test Cases/Final Aug 2018 - PKS Automation/Registration Module/New Registration/Form 2/Date Updater: Test Cases/Final Aug 2018 - PKS Automation/Registration Module/New Registration/Form 2/Date Updater

2018-12-07 10:28:17 - [TEST_STEP][PASSED] - Statement - TodayDate = new java.util.Date(): null

2018-12-07 10:28:17 - [TEST_STEP][PASSED] - Statement - CurrentDateNoFilter = new java.text.SimpleDateFormat(): null

2018-12-07 10:28:17 - [TEST_STEP][PASSED] - Statement - CurrentDateNoFilter.applyPattern("MM"): null

2018-12-07 10:28:17 - [TEST_STEP][PASSED] - Statement - monthContainerMatcher = java.lang.Integer.parseInt(CurrentDateNoFilter.format(TodayDate)): null

2018-12-07 10:28:17 - [TEST_STEP][PASSED] - Statement - monthContainerMatcher = monthContainerMatcher - 1: null

2018-12-07 10:28:17 - [TEST_STEP][PASSED] - Statement - CurrentMonth = monthContainerMatcher.toString(): null

2018-12-07 10:28:17 - [TEST_STEP][PASSED] - Statement - CurrentMonth = CurrentMonth: null

2018-12-07 10:28:17 - [TEST_STEP][PASSED] - Statement - CurrentDateNoFilter.applyPattern("yyyy"): null

2018-12-07 10:28:17 - [TEST_STEP][PASSED] - Statement - CurrentYear = CurrentDateNoFilter.format(TodayDate): null

2018-12-07 10:28:17 - [TEST_STEP][PASSED] - Statement - CurrentYear = CurrentYear: null

2018-12-07 10:28:17 - [TEST_STEP][PASSED] - Statement - intCurrentYear = java.lang.Integer.parseInt(CurrentDateNoFilter.format(TodayDate)): null

2018-12-07 10:28:17 - [TEST_STEP][PASSED] - Statement - eighteenYrsAgo = intCurrentYear - 18: null

2018-12-07 10:28:17 - [TEST_STEP][PASSED] - Statement - eighteenYrsBeforeThisYr = eighteenYrsAgo.toString(): null

2018-12-07 10:28:17 - [TEST_STEP][PASSED] - Statement - EighteenYrsBefore = eighteenYrsBeforeThisYr: null

2018-12-07 10:28:17 - [TEST_STEP][PASSED] - Statement - fiftysevenYrsAgo = intCurrentYear - 57: null

2018-12-07 10:28:17 - [TEST_STEP][PASSED] - Statement - fiftysevenYrsBeforeThisYr = fiftysevenYrsAgo.toString(): null

2018-12-07 10:28:17 - [TEST_STEP][PASSED] - Statement - FiftysevenYrsBefore = fiftysevenYrsBeforeThisYr: null

2018-12-07 10:28:17 - [TEST_STEP][PASSED] - Statement - leapYear = false: null

2018-12-07 10:28:17 - [TEST_STEP][PASSED] - Statement - leapYear = intCurrentYear % 4 == 0: null

2018-12-07 10:28:17 - [TEST_STEP][PASSED] - Statement - CurrentDateNoFilter.applyPattern("dd"): null

2018-12-07 10:28:17 - [TEST_STEP][PASSED] - Statement - CurrentDate = CurrentDateNoFilter.format(TodayDate): null

2018-12-07 10:28:17 - [TEST_STEP][PASSED] - Statement - CurrentDate = java.lang.Integer.parseInt(CurrentDate): null

2018-12-07 10:28:17 - [TEST_STEP][PASSED] - Statement - CurrentDate = CurrentDate: null

2018-12-07 10:28:17 - [TEST_STEP][PASSED] - Statement - CurrentDay = java.lang.Integer.parseInt(CurrentDate): null

2018-12-07 10:28:17 - [TEST_STEP][PASSED] - Statement - ConfAdder = <not implemented yet for class: org.codehaus.groovy.ast.expr.EmptyExpression>: null

2018-12-07 10:28:17 - [TEST_STEP][PASSED] - Statement - out.println(CurrentMonth): null

2018-12-07 10:28:17 - [TEST_STEP][PASSED] - Statement - out.println(CurrentDate): null

2018-12-07 10:28:17 - [TEST_STEP][PASSED] - Statement - switch (CurrentDate): null

2018-12-07 10:28:17 - [TEST_STEP][PASSED] - Statement - Default: null

2018-12-07 10:28:17 - [TEST_STEP][PASSED] - Statement - ConfAdder = true: null

2018-12-07 10:28:17 - [TEST_STEP][PASSED] - Statement - Break: null

2018-12-07 10:28:17 - [TEST_STEP][PASSED] - Statement - aDayBefore = <not implemented yet for class: org.codehaus.groovy.ast.expr.EmptyExpression>: null

2018-12-07 10:28:17 - [TEST_STEP][PASSED] - Statement - out.println(ConfAdder): null

2018-12-07 10:28:17 - [TEST_STEP][PASSED] - Statement - If (ConfAdder == true): null

2018-12-07 10:28:17 - [TEST_STEP][PASSED] - Statement - aDayBefore = CurrentDay + 1: null

2018-12-07 10:28:17 - [TEST_STEP][PASSED] - Statement - out.println(aDayBefore): null

2018-12-07 10:28:17 - [TEST_STEP][PASSED] - Statement - If (aDayBefore == 1 && CurrentMonth == 11): null

2018-12-07 10:28:17 - [TEST_STEP][PASSED] - Statement - DayBefore = aDayBefore.toString(): null

2018-12-07 10:28:17 - [TEST_STEP][PASSED] - Statement - OneDayBefore = DayBefore: null

2018-12-07 10:28:18 - [MESSAGE][PASSED] - Call Test Case 'Test Cases/Final Aug 2018 - PKS Automation/Registration Module/New Registration/Form 2/Date Updater' successfully

2018-12-07 10:28:18 - [TEST_STEP][PASSED] - delay: Delayed 1 second(s)

2018-12-07 10:28:19 - [MESSAGE][PASSED] - Delayed 1 second(s)

2018-12-07 10:28:19 - [TEST_STEP][PASSED] - Statement - CaseReferenceNo = com.kms.katalon.core.webui.keyword.WebUiBuiltInKeywords.getText(com.kms.katalon.core.testobject.ObjectRepository.findTestObject(Final Object Repo/New Registration - Registration Module Pages/Form 2/RefNo Acquiring)): Text of object 'Object Repository/Final Object Repo/New Registration - Registration Module Pages/Form 2/RefNo Acquiring' is: 'CRN12201800123084'

2018-12-07 10:28:19 - [MESSAGE][PASSED] - Text of object 'Object Repository/Final Object Repo/New Registration - Registration Module Pages/Form 2/RefNo Acquiring' is: 'CRN12201800123084'

2018-12-07 10:28:19 - [TEST_STEP][PASSED] - delay: Delayed 1 second(s)

2018-12-07 10:28:20 - [MESSAGE][PASSED] - Delayed 1 second(s)

2018-12-07 10:28:20 - [TEST_STEP][PASSED] - click: Object: 'Object Repository/Final Object Repo/New Registration - Registration Module Pages/Form 2/Add Employee Button' is clicked on

2018-12-07 10:28:20 - [MESSAGE][PASSED] - Object: 'Object Repository/Final Object Repo/New Registration - Registration Module Pages/Form 2/Add Employee Button' is clicked on

2018-12-07 10:28:20 - [TEST_STEP][PASSED] - delay: Delayed 1 second(s)

2018-12-07 10:28:21 - [MESSAGE][PASSED] - Delayed 1 second(s)

2018-12-07 10:28:21 - [TEST_STEP][PASSED] - setText: Text '010903091948' is set on object 'Object Repository/Final Object Repo/New Registration - Registration Module Pages/Form 2/NRIC Input'

2018-12-07 10:28:22 - [MESSAGE][PASSED] - Text '010903091948' is set on object 'Object Repository/Final Object Repo/New Registration - Registration Module Pages/Form 2/NRIC Input'

2018-12-07 10:28:22 - [TEST_STEP][PASSED] - delay: Delayed 2 second(s)

2018-12-07 10:28:24 - [MESSAGE][PASSED] - Delayed 2 second(s)

2018-12-07 10:28:24 - [TEST_STEP][PASSED] - setText: Text 'Automate001 eligible 1' is set on object 'Object Repository/Final Object Repo/New Registration - Registration Module Pages/Form 2/Employee Name Input'

2018-12-07 10:28:24 - [MESSAGE][PASSED] - Text 'Automate001 eligible 1' is set on object 'Object Repository/Final Object Repo/New Registration - Registration Module Pages/Form 2/Employee Name Input'

2018-12-07 10:28:24 - [TEST_STEP][PASSED] - delay: Delayed 2 second(s)

2018-12-07 10:28:26 - [MESSAGE][PASSED] - Delayed 2 second(s)

2018-12-07 10:28:26 - [TEST_STEP][PASSED] - click: Object: 'Object Repository/Final Object Repo/New Registration - Registration Module Pages/Form 2/DatePicker Pop Up' is clicked on

2018-12-07 10:28:26 - [MESSAGE][PASSED] - Object: 'Object Repository/Final Object Repo/New Registration - Registration Module Pages/Form 2/DatePicker Pop Up' is clicked on

2018-12-07 10:28:26 - [TEST_STEP][PASSED] - click: Object: 'Object Repository/Final Object Repo/New Registration - Registration Module Pages/Form 2/DOB Month' is clicked on

2018-12-07 10:28:27 - [MESSAGE][PASSED] - Object: 'Object Repository/Final Object Repo/New Registration - Registration Module Pages/Form 2/DOB Month' is clicked on

2018-12-07 10:28:27 - [TEST_STEP][PASSED] - Statement - CurrentMonth = CurrentMonth: null

2018-12-07 10:28:27 - [TEST_STEP][PASSED] - Statement - selectMonth = new com.kms.katalon.core.testobject.TestObject(): null

2018-12-07 10:28:27 - [TEST_STEP][PASSED] - Statement - selectMonth.addProperty("xpath", EQUALS, "//body/div/div/div/select/option[@value='" + CurrentMonth + "']", true): null

2018-12-07 10:28:27 - [TEST_STEP][PASSED] - click: Object: '' is clicked on

2018-12-07 10:28:27 - [MESSAGE][PASSED] - Object: '' is clicked on

2018-12-07 10:28:27 - [TEST_STEP][PASSED] - click: Object: 'Object Repository/Final Object Repo/New Registration - Registration Module Pages/Form 2/DOB Year' is clicked on

2018-12-07 10:28:27 - [MESSAGE][PASSED] - Object: 'Object Repository/Final Object Repo/New Registration - Registration Module Pages/Form 2/DOB Year' is clicked on

2018-12-07 10:28:27 - [TEST_STEP][PASSED] - Statement - Eyearsbf = EighteenYrsBefore: null

2018-12-07 10:28:27 - [TEST_STEP][PASSED] - Statement - selectYear = new com.kms.katalon.core.testobject.TestObject(): null

2018-12-07 10:28:27 - [TEST_STEP][PASSED] - Statement - selectYear.addProperty("xpath", EQUALS, "//div/div/div/select/option[@value='" + Eyearsbf + "']", true): null

2018-12-07 10:28:27 - [TEST_STEP][PASSED] - click: Object: '' is clicked on

2018-12-07 10:28:27 - [MESSAGE][PASSED] - Object: '' is clicked on

2018-12-07 10:28:27 - [TEST_STEP][PASSED] - Statement - UpdatedSelectDate = com.kms.katalon.core.webui.keyword.WebUiBuiltInKeywords.modifyObjectProperty(com.kms.katalon.core.testobject.ObjectRepository.findTestObject(Final Object Repo/New Registration - Registration Module Pages/Form 2/DOB Date), "xpath", "equals", "//body/div/table/tbody/tr/td/a[text()="" + CurrentDate + ""]", true): Modify property of object successfully

2018-12-07 10:28:27 - [MESSAGE][PASSED] - Modify property of object successfully

2018-12-07 10:28:27 - [TEST_STEP][PASSED] - delay: Delayed 3 second(s)

2018-12-07 10:28:30 - [MESSAGE][PASSED] - Delayed 3 second(s)

2018-12-07 10:28:30 - [TEST_STEP][PASSED] - click: Object: 'Object Repository/Final Object Repo/New Registration - Registration Module Pages/Form 2/DOB Date' is clicked on

2018-12-07 10:28:30 - [MESSAGE][PASSED] - Object: 'Object Repository/Final Object Repo/New Registration - Registration Module Pages/Form 2/DOB Date' is clicked on

2018-12-07 10:28:30 - [TEST_STEP][PASSED] - delay: Delayed 2 second(s)

2018-12-07 10:28:32 - [MESSAGE][PASSED] - Delayed 2 second(s)

2018-12-07 10:28:32 - [TEST_STEP][PASSED] - click: Object: 'Object Repository/Final Object Repo/New Registration - Registration Module Pages/Form 2/EmploymentStartDate Pop Up' is clicked on

2018-12-07 10:28:33 - [MESSAGE][PASSED] - Object: 'Object Repository/Final Object Repo/New Registration - Registration Module Pages/Form 2/EmploymentStartDate Pop Up' is clicked on

2018-12-07 10:28:33 - [TEST_STEP][PASSED] - delay: Delayed 2 second(s)

2018-12-07 10:28:35 - [MESSAGE][PASSED] - Delayed 2 second(s)

2018-12-07 10:28:35 - [TEST_STEP][PASSED] - click: Object: 'Object Repository/Final Object Repo/New Registration - Registration Module Pages/Form 2/Socso Employment StartDate Month' is clicked on

2018-12-07 10:28:35 - [MESSAGE][PASSED] - Object: 'Object Repository/Final Object Repo/New Registration - Registration Module Pages/Form 2/Socso Employment StartDate Month' is clicked on

2018-12-07 10:28:35 - [TEST_STEP][PASSED] - delay: Delayed 1 second(s)

2018-12-07 10:28:36 - [MESSAGE][PASSED] - Delayed 1 second(s)

2018-12-07 10:28:36 - [TEST_STEP][PASSED] - click: Object: 'Object Repository/Final Object Repo/New Registration - Registration Module Pages/Form 2/Select Socso Employement Startdate Month' is clicked on

2018-12-07 10:28:36 - [MESSAGE][PASSED] - Object: 'Object Repository/Final Object Repo/New Registration - Registration Module Pages/Form 2/Select Socso Employement Startdate Month' is clicked on

2018-12-07 10:28:36 - [TEST_STEP][PASSED] - delay: Delayed 2 second(s)

2018-12-07 10:28:38 - [MESSAGE][PASSED] - Delayed 2 second(s)

2018-12-07 10:28:38 - [TEST_STEP][PASSED] - click: Object: 'Object Repository/Final Object Repo/New Registration - Registration Module Pages/Form 2/Socso Employment StartDate Year' is clicked on

2018-12-07 10:28:38 - [MESSAGE][PASSED] - Object: 'Object Repository/Final Object Repo/New Registration - Registration Module Pages/Form 2/Socso Employment StartDate Year' is clicked on

2018-12-07 10:28:38 - [TEST_STEP][PASSED] - delay: Delayed 1 second(s)

2018-12-07 10:28:39 - [MESSAGE][PASSED] - Delayed 1 second(s)

2018-12-07 10:28:39 - [TEST_STEP][PASSED] - click: Object: 'Object Repository/Final Object Repo/New Registration - Registration Module Pages/Form 2/Select Socso Employment Startdate Year' is clicked on

2018-12-07 10:28:39 - [MESSAGE][PASSED] - Object: 'Object Repository/Final Object Repo/New Registration - Registration Module Pages/Form 2/Select Socso Employment Startdate Year' is clicked on

2018-12-07 10:28:39 - [TEST_STEP][PASSED] - delay: Delayed 2 second(s)

2018-12-07 10:28:41 - [MESSAGE][PASSED] - Delayed 2 second(s)

2018-12-07 10:28:41 - [TEST_STEP][PASSED] - click: Object: 'Object Repository/Final Object Repo/New Registration - Registration Module Pages/Form 2/Socso Employment Start Date Day' is clicked on

2018-12-07 10:28:42 - [MESSAGE][PASSED] - Object: 'Object Repository/Final Object Repo/New Registration - Registration Module Pages/Form 2/Socso Employment Start Date Day' is clicked on

2018-12-07 10:28:42 - [TEST_STEP][PASSED] - delay: Delayed 2 second(s)

2018-12-07 10:28:44 - [MESSAGE][PASSED] - Delayed 2 second(s)

2018-12-07 10:28:44 - [TEST_STEP][PASSED] - click: Object: 'Object Repository/Final Object Repo/New Registration - Registration Module Pages/Form 2/Save Button for Add Employee' is clicked on

2018-12-07 10:28:44 - [MESSAGE][PASSED] - Object: 'Object Repository/Final Object Repo/New Registration - Registration Module Pages/Form 2/Save Button for Add Employee' is clicked on

2018-12-07 10:28:44 - [TEST_STEP][PASSED] - delay: Delayed 6 second(s)

2018-12-07 10:28:50 - [MESSAGE][PASSED] - Delayed 6 second(s)

2018-12-07 10:28:50 - [TEST_STEP][PASSED] - click: Object: 'Object Repository/Final Object Repo/New Registration - Registration Module Pages/Form 2/Save and Continue Form 2' is clicked on

2018-12-07 10:28:50 - [MESSAGE][PASSED] - Object: 'Object Repository/Final Object Repo/New Registration - Registration Module Pages/Form 2/Save and Continue Form 2' is clicked on

2018-12-07 10:28:50 - [MESSAGE][PASSED] - Call Test Case 'Test Cases/Final Aug 2018 - PKS Automation/Registration Module/New Registration/Form 2/Add 1 Eligible - Employer Account Use' successfully

2018-12-07 10:28:50 - [TEST_STEP][PASSED] - callTestCase: Call Test Case 'Test Cases/Final Aug 2018 - PKS Automation/Registration Module/New Registration/Flow of New Registration/Third Screen - Upload Supporting Doc - Preview' successfully

2018-12-07 10:28:50 - [TEST_CASE][PASSED] - Test Cases/Final Aug 2018 - PKS Automation/Registration Module/New Registration/Flow of New Registration/Third Screen - Upload Supporting Doc - Preview: Test Cases/Final Aug 2018 - PKS Automation/Registration Module/New Registration/Flow of New Registration/Third Screen - Upload Supporting Doc - Preview

2018-12-07 10:28:50 - [TEST_STEP][PASSED] - waitForPageLoad: Wait for page load successfully

2018-12-07 10:28:51 - [MESSAGE][PASSED] - Wait for page load successfully

2018-12-07 10:28:51 - [TEST_STEP][PASSED] - Statement - CaseReferenceNo = com.kms.katalon.core.webui.keyword.WebUiBuiltInKeywords.getText(com.kms.katalon.core.testobject.ObjectRepository.findTestObject(Final Object Repo/New Registration - Registration Module Pages/Third Screen - Upload Supporting Doc- Preview/RefNo Acquiring)): Text of object 'Object Repository/Final Object Repo/New Registration - Registration Module Pages/Third Screen - Upload Supporting Doc- Preview/RefNo Acquiring' is: 'CRN12201800123084'

2018-12-07 10:28:51 - [MESSAGE][PASSED] - Text of object 'Object Repository/Final Object Repo/New Registration - Registration Module Pages/Third Screen - Upload Supporting Doc- Preview/RefNo Acquiring' is: 'CRN12201800123084'

2018-12-07 10:28:51 - [TEST_STEP][PASSED] - delay: Delayed 2 second(s)

2018-12-07 10:28:53 - [MESSAGE][PASSED] - Delayed 2 second(s)

2018-12-07 10:28:53 - [TEST_STEP][PASSED] - callTestCase: Call Test Case 'Test Cases/Final Aug 2018 - PKS Automation/Common/Reference Number Setter' successfully

2018-12-07 10:28:53 - [TEST_CASE][PASSED] - Test Cases/Final Aug 2018 - PKS Automation/Common/Reference Number Setter: Test Cases/Final Aug 2018 - PKS Automation/Common/Reference Number Setter

2018-12-07 10:28:53 - [TEST_STEP][PASSED] - Statement - RefNoOldFile = new java.io.File(C://Users//Admin//Desktop//PKS//Automation Reference Point//KatalonReference.txt): null

2018-12-07 10:28:53 - [TEST_STEP][PASSED] - Statement - RefNoOldFile.delete(): null

2018-12-07 10:28:53 - [TEST_STEP][PASSED] - delay: Delayed 5 second(s)

2018-12-07 10:28:58 - [MESSAGE][PASSED] - Delayed 5 second(s)

2018-12-07 10:28:58 - [TEST_STEP][PASSED] - Statement - RefNo = new java.io.File(C://Users//Admin//Desktop//PKS//Automation Reference Point//KatalonReference.txt): null

2018-12-07 10:28:58 - [TEST_STEP][PASSED] - Statement - f2 = new java.io.FileWriter(RefNo, false): null

2018-12-07 10:28:58 - [TEST_STEP][PASSED] - Statement - f2.write(CaseReferenceNo): null

2018-12-07 10:28:58 - [TEST_STEP][PASSED] - Statement - f2.close(): null

2018-12-07 10:28:58 - [TEST_STEP][PASSED] - Statement - out.println("


" + CaseReferenceNo + "


"): null

2018-12-07 10:28:58 - [MESSAGE][PASSED] - Call Test Case 'Test Cases/Final Aug 2018 - PKS Automation/Common/Reference Number Setter' successfully

2018-12-07 10:28:58 - [TEST_STEP][PASSED] - waitForElementClickable: Object 'Object Repository/Final Object Repo/New Registration - Registration Module Pages/Third Screen - Upload Supporting Doc- Preview/Save n Continue in SIP Employee Listing Page' is clickable

2018-12-07 10:28:58 - [MESSAGE][PASSED] - Object 'Object Repository/Final Object Repo/New Registration - Registration Module Pages/Third Screen - Upload Supporting Doc- Preview/Save n Continue in SIP Employee Listing Page' is clickable

2018-12-07 10:28:58 - [TEST_STEP][PASSED] - click: Object: 'Object Repository/Final Object Repo/New Registration - Registration Module Pages/Third Screen - Upload Supporting Doc- Preview/Save n Continue in SIP Employee Listing Page' is clicked on

2018-12-07 10:29:03 - [MESSAGE][PASSED] - Object: 'Object Repository/Final Object Repo/New Registration - Registration Module Pages/Third Screen - Upload Supporting Doc- Preview/Save n Continue in SIP Employee Listing Page' is clicked on

2018-12-07 10:29:03 - [TEST_STEP][PASSED] - delay: Delayed 7 second(s)

2018-12-07 10:29:10 - [MESSAGE][PASSED] - Delayed 7 second(s)

2018-12-07 10:29:10 - [TEST_STEP][PASSED] - click: Object: 'Object Repository/Final Object Repo/New Registration - Registration Module Pages/Third Screen - Upload Supporting Doc- Preview/Add Document Button' is clicked on

2018-12-07 10:29:11 - [MESSAGE][PASSED] - Object: 'Object Repository/Final Object Repo/New Registration - Registration Module Pages/Third Screen - Upload Supporting Doc- Preview/Add Document Button' is clicked on

2018-12-07 10:29:11 - [TEST_STEP][PASSED] - delay: Delayed 30 second(s)

2018-12-07 10:29:41 - [MESSAGE][PASSED] - Delayed 30 second(s)

2018-12-07 10:29:41 - [TEST_STEP][PASSED] - click: Object: 'Object Repository/Final Object Repo/New Registration - Registration Module Pages/Third Screen - Upload Supporting Doc- Preview/Supporting Doc Please Select Drop Down' is clicked on

2018-12-07 10:29:41 - [MESSAGE][PASSED] - Object: 'Object Repository/Final Object Repo/New Registration - Registration Module Pages/Third Screen - Upload Supporting Doc- Preview/Supporting Doc Please Select Drop Down' is clicked on

2018-12-07 10:29:41 - [TEST_STEP][PASSED] - delay: Delayed 2 second(s)

2018-12-07 10:29:43 - [MESSAGE][PASSED] - Delayed 2 second(s)

2018-12-07 10:29:43 - [TEST_STEP][PASSED] - click: Object: 'Object Repository/Final Object Repo/New Registration - Registration Module Pages/Third Screen - Upload Supporting Doc- Preview/Select to Upload Form 1' is clicked on

2018-12-07 10:29:43 - [MESSAGE][PASSED] - Object: 'Object Repository/Final Object Repo/New Registration - Registration Module Pages/Third Screen - Upload Supporting Doc- Preview/Select to Upload Form 1' is clicked on

2018-12-07 10:29:43 - [TEST_STEP][PASSED] - delay: Delayed 2 second(s)

2018-12-07 10:29:45 - [MESSAGE][PASSED] - Delayed 2 second(s)

2018-12-07 10:29:45 - [TEST_STEP][PASSED] - uploadFile: File 'C:\Users\Public\Pictures\Sample Pictures\Koala.jpg' sent to object: 'Object Repository/Final Object Repo/New Registration - Registration Module Pages/Third Screen - Upload Supporting Doc- Preview/Upload File Adding'

2018-12-07 10:29:45 - [MESSAGE][PASSED] - File 'C:\Users\Public\Pictures\Sample Pictures\Koala.jpg' sent to object: 'Object Repository/Final Object Repo/New Registration - Registration Module Pages/Third Screen - Upload Supporting Doc- Preview/Upload File Adding'

2018-12-07 10:29:45 - [TEST_STEP][PASSED] - delay: Delayed 5 second(s)

2018-12-07 10:29:50 - [MESSAGE][PASSED] - Delayed 5 second(s)

2018-12-07 10:29:50 - [TEST_STEP][PASSED] - click: Object: 'Object Repository/Final Object Repo/New Registration - Registration Module Pages/Third Screen - Upload Supporting Doc- Preview/Inner Form Add Document Button' is clicked on

2018-12-07 10:29:50 - [MESSAGE][PASSED] - Object: 'Object Repository/Final Object Repo/New Registration - Registration Module Pages/Third Screen - Upload Supporting Doc- Preview/Inner Form Add Document Button' is clicked on

2018-12-07 10:29:50 - [TEST_STEP][PASSED] - delay: Delayed 3 second(s)

2018-12-07 10:29:53 - [MESSAGE][PASSED] - Delayed 3 second(s)

2018-12-07 10:29:53 - [TEST_STEP][PASSED] - click: Object: 'Object Repository/Final Object Repo/New Registration - Registration Module Pages/Third Screen - Upload Supporting Doc- Preview/Add Document Button' is clicked on

2018-12-07 10:29:55 - [MESSAGE][PASSED] - Object: 'Object Repository/Final Object Repo/New Registration - Registration Module Pages/Third Screen - Upload Supporting Doc- Preview/Add Document Button' is clicked on

2018-12-07 10:29:55 - [TEST_STEP][PASSED] - delay: Delayed 30 second(s)

2018-12-07 10:30:25 - [MESSAGE][PASSED] - Delayed 30 second(s)

2018-12-07 10:30:25 - [TEST_STEP][PASSED] - click: Object: 'Object Repository/Final Object Repo/New Registration - Registration Module Pages/Third Screen - Upload Supporting Doc- Preview/Supporting Doc Please Select Drop Down' is clicked on

2018-12-07 10:30:25 - [MESSAGE][PASSED] - Object: 'Object Repository/Final Object Repo/New Registration - Registration Module Pages/Third Screen - Upload Supporting Doc- Preview/Supporting Doc Please Select Drop Down' is clicked on

2018-12-07 10:30:25 - [TEST_STEP][PASSED] - delay: Delayed 2 second(s)

2018-12-07 10:30:27 - [MESSAGE][PASSED] - Delayed 2 second(s)

2018-12-07 10:30:27 - [TEST_STEP][PASSED] - click: Object: 'Object Repository/Final Object Repo/New Registration - Registration Module Pages/Third Screen - Upload Supporting Doc- Preview/Select to Upload Form 2' is clicked on

2018-12-07 10:30:27 - [MESSAGE][PASSED] - Object: 'Object Repository/Final Object Repo/New Registration - Registration Module Pages/Third Screen - Upload Supporting Doc- Preview/Select to Upload Form 2' is clicked on

2018-12-07 10:30:27 - [TEST_STEP][PASSED] - delay: Delayed 2 second(s)

2018-12-07 10:30:29 - [MESSAGE][PASSED] - Delayed 2 second(s)

2018-12-07 10:30:29 - [TEST_STEP][PASSED] - uploadFile: File 'C:\Users\Public\Pictures\Sample Pictures\Koala.jpg' sent to object: 'Object Repository/Final Object Repo/New Registration - Registration Module Pages/Third Screen - Upload Supporting Doc- Preview/Upload File Adding'

2018-12-07 10:30:29 - [MESSAGE][PASSED] - File 'C:\Users\Public\Pictures\Sample Pictures\Koala.jpg' sent to object: 'Object Repository/Final Object Repo/New Registration - Registration Module Pages/Third Screen - Upload Supporting Doc- Preview/Upload File Adding'

2018-12-07 10:30:29 - [TEST_STEP][PASSED] - click: Object: 'Object Repository/Final Object Repo/New Registration - Registration Module Pages/Third Screen - Upload Supporting Doc- Preview/Inner Form Add Document Button' is clicked on

2018-12-07 10:30:29 - [MESSAGE][PASSED] - Object: 'Object Repository/Final Object Repo/New Registration - Registration Module Pages/Third Screen - Upload Supporting Doc- Preview/Inner Form Add Document Button' is clicked on

2018-12-07 10:30:29 - [TEST_STEP][PASSED] - delay: Delayed 5 second(s)

2018-12-07 10:30:34 - [MESSAGE][PASSED] - Delayed 5 second(s)

2018-12-07 10:30:34 - [TEST_STEP][PASSED] - click: Object: 'Object Repository/Final Object Repo/New Registration - Registration Module Pages/Third Screen - Upload Supporting Doc- Preview/Add Document Button' is clicked on

2018-12-07 10:30:35 - [MESSAGE][PASSED] - Object: 'Object Repository/Final Object Repo/New Registration - Registration Module Pages/Third Screen - Upload Supporting Doc- Preview/Add Document Button' is clicked on

2018-12-07 10:30:35 - [TEST_STEP][PASSED] - delay: Delayed 30 second(s)

2018-12-07 10:31:05 - [MESSAGE][PASSED] - Delayed 30 second(s)

2018-12-07 10:31:05 - [TEST_STEP][PASSED] - click: Object: 'Object Repository/Final Object Repo/New Registration - Registration Module Pages/Third Screen - Upload Supporting Doc- Preview/Supporting Doc Please Select Drop Down' is clicked on

2018-12-07 10:31:05 - [MESSAGE][PASSED] - Object: 'Object Repository/Final Object Repo/New Registration - Registration Module Pages/Third Screen - Upload Supporting Doc- Preview/Supporting Doc Please Select Drop Down' is clicked on

2018-12-07 10:31:05 - [TEST_STEP][PASSED] - click: Object: 'Object Repository/Final Object Repo/New Registration - Registration Module Pages/Third Screen - Upload Supporting Doc- Preview/Select to Upload Borang SIP 1' is clicked on

2018-12-07 10:31:05 - [MESSAGE][PASSED] - Object: 'Object Repository/Final Object Repo/New Registration - Registration Module Pages/Third Screen - Upload Supporting Doc- Preview/Select to Upload Borang SIP 1' is clicked on

2018-12-07 10:31:05 - [TEST_STEP][PASSED] - delay: Delayed 2 second(s)

2018-12-07 10:31:07 - [MESSAGE][PASSED] - Delayed 2 second(s)

2018-12-07 10:31:07 - [TEST_STEP][PASSED] - uploadFile: File 'C:\Users\Public\Pictures\Sample Pictures\Koala.jpg' sent to object: 'Object Repository/Final Object Repo/New Registration - Registration Module Pages/Third Screen - Upload Supporting Doc- Preview/Upload File Adding'

2018-12-07 10:31:07 - [MESSAGE][PASSED] - File 'C:\Users\Public\Pictures\Sample Pictures\Koala.jpg' sent to object: 'Object Repository/Final Object Repo/New Registration - Registration Module Pages/Third Screen - Upload Supporting Doc- Preview/Upload File Adding'

2018-12-07 10:31:07 - [TEST_STEP][PASSED] - click: Object: 'Object Repository/Final Object Repo/New Registration - Registration Module Pages/Third Screen - Upload Supporting Doc- Preview/Inner Form Add Document Button' is clicked on

2018-12-07 10:31:07 - [MESSAGE][PASSED] - Object: 'Object Repository/Final Object Repo/New Registration - Registration Module Pages/Third Screen - Upload Supporting Doc- Preview/Inner Form Add Document Button' is clicked on

2018-12-07 10:31:07 - [TEST_STEP][PASSED] - delay: Delayed 5 second(s)

2018-12-07 10:31:12 - [MESSAGE][PASSED] - Delayed 5 second(s)

2018-12-07 10:31:12 - [TEST_STEP][PASSED] - click: Object: 'Object Repository/Final Object Repo/New Registration - Registration Module Pages/Third Screen - Upload Supporting Doc- Preview/Add Document Button' is clicked on

2018-12-07 10:31:13 - [MESSAGE][PASSED] - Object: 'Object Repository/Final Object Repo/New Registration - Registration Module Pages/Third Screen - Upload Supporting Doc- Preview/Add Document Button' is clicked on

2018-12-07 10:31:13 - [TEST_STEP][PASSED] - delay: Delayed 30 second(s)

2018-12-07 10:31:43 - [MESSAGE][PASSED] - Delayed 30 second(s)

2018-12-07 10:31:43 - [TEST_STEP][PASSED] - click: Object: 'Object Repository/Final Object Repo/New Registration - Registration Module Pages/Third Screen - Upload Supporting Doc- Preview/Supporting Doc Please Select Drop Down' is clicked on

2018-12-07 10:31:43 - [MESSAGE][PASSED] - Object: 'Object Repository/Final Object Repo/New Registration - Registration Module Pages/Third Screen - Upload Supporting Doc- Preview/Supporting Doc Please Select Drop Down' is clicked on

2018-12-07 10:31:43 - [TEST_STEP][PASSED] - delay: Delayed 3 second(s)

2018-12-07 10:31:46 - [MESSAGE][PASSED] - Delayed 3 second(s)

2018-12-07 10:31:46 - [TEST_STEP][PASSED] - click: Object: 'Object Repository/Final Object Repo/New Registration - Registration Module Pages/Third Screen - Upload Supporting Doc- Preview/Select to Upload Borang SIP 2' is clicked on

2018-12-07 10:31:46 - [MESSAGE][PASSED] - Object: 'Object Repository/Final Object Repo/New Registration - Registration Module Pages/Third Screen - Upload Supporting Doc- Preview/Select to Upload Borang SIP 2' is clicked on

2018-12-07 10:31:46 - [TEST_STEP][PASSED] - delay: Delayed 2 second(s)

2018-12-07 10:31:48 - [MESSAGE][PASSED] - Delayed 2 second(s)

2018-12-07 10:31:48 - [TEST_STEP][PASSED] - uploadFile: File 'C:\Users\Public\Pictures\Sample Pictures\Koala.jpg' sent to object: 'Object Repository/Final Object Repo/New Registration - Registration Module Pages/Third Screen - Upload Supporting Doc- Preview/Upload File Adding'

2018-12-07 10:31:48 - [MESSAGE][PASSED] - File 'C:\Users\Public\Pictures\Sample Pictures\Koala.jpg' sent to object: 'Object Repository/Final Object Repo/New Registration - Registration Module Pages/Third Screen - Upload Supporting Doc- Preview/Upload File Adding'

2018-12-07 10:31:48 - [TEST_STEP][PASSED] - delay: Delayed 5 second(s)

2018-12-07 10:31:53 - [MESSAGE][PASSED] - Delayed 5 second(s)

2018-12-07 10:31:53 - [TEST_STEP][PASSED] - click: Object: 'Object Repository/Final Object Repo/New Registration - Registration Module Pages/Third Screen - Upload Supporting Doc- Preview/Inner Form Add Document Button' is clicked on

2018-12-07 10:31:53 - [MESSAGE][PASSED] - Object: 'Object Repository/Final Object Repo/New Registration - Registration Module Pages/Third Screen - Upload Supporting Doc- Preview/Inner Form Add Document Button' is clicked on

2018-12-07 10:31:53 - [TEST_STEP][PASSED] - delay: Delayed 3 second(s)

2018-12-07 10:31:56 - [MESSAGE][PASSED] - Delayed 3 second(s)

2018-12-07 10:31:56 - [TEST_STEP][PASSED] - waitForElementClickable: Object 'Object Repository/Final Object Repo/New Registration - Registration Module Pages/Third Screen - Upload Supporting Doc- Preview/Save n Continue in Uploading Supporting Doc Page' is clickable

2018-12-07 10:31:58 - [MESSAGE][PASSED] - Object 'Object Repository/Final Object Repo/New Registration - Registration Module Pages/Third Screen - Upload Supporting Doc- Preview/Save n Continue in Uploading Supporting Doc Page' is clickable

2018-12-07 10:31:58 - [TEST_STEP][PASSED] - click: Object: 'Object Repository/Final Object Repo/New Registration - Registration Module Pages/Third Screen - Upload Supporting Doc- Preview/Save n Continue in Uploading Supporting Doc Page' is clicked on

2018-12-07 10:31:58 - [MESSAGE][PASSED] - Object: 'Object Repository/Final Object Repo/New Registration - Registration Module Pages/Third Screen - Upload Supporting Doc- Preview/Save n Continue in Uploading Supporting Doc Page' is clicked on

2018-12-07 10:31:58 - [MESSAGE][PASSED] - Call Test Case 'Test Cases/Final Aug 2018 - PKS Automation/Registration Module/New Registration/Flow of New Registration/Third Screen - Upload Supporting Doc - Preview' successfully

2018-12-07 10:31:58 - [TEST_STEP][PASSED] - setText: Text 'Tester' is set on object 'Object Repository/Final Object Repo/New Registration - Registration Module Pages/New Reg - OTC to RO/Special Case - All Related Objects/Employer Preview Name'

2018-12-07 10:32:03 - [MESSAGE][PASSED] - Text 'Tester' is set on object 'Object Repository/Final Object Repo/New Registration - Registration Module Pages/New Reg - OTC to RO/Special Case - All Related Objects/Employer Preview Name'

2018-12-07 10:32:03 - [TEST_STEP][PASSED] - click: Object: 'Object Repository/Final Object Repo/New Registration - Registration Module Pages/New Reg - OTC to RO/Special Case - All Related Objects/IC Type Drop Down' is clicked on

2018-12-07 10:32:03 - [MESSAGE][PASSED] - Object: 'Object Repository/Final Object Repo/New Registration - Registration Module Pages/New Reg - OTC to RO/Special Case - All Related Objects/IC Type Drop Down' is clicked on

2018-12-07 10:32:03 - [TEST_STEP][PASSED] - click: Object: 'Object Repository/Final Object Repo/New Registration - Registration Module Pages/New Reg - OTC to RO/Special Case - All Related Objects/Select to NRIC' is clicked on

2018-12-07 10:32:04 - [MESSAGE][PASSED] - Object: 'Object Repository/Final Object Repo/New Registration - Registration Module Pages/New Reg - OTC to RO/Special Case - All Related Objects/Select to NRIC' is clicked on

2018-12-07 10:32:04 - [TEST_STEP][PASSED] - setText: Text '133245561223' is set on object 'Object Repository/Final Object Repo/New Registration - Registration Module Pages/New Reg - OTC to RO/Special Case - All Related Objects/IC Value'

2018-12-07 10:32:04 - [MESSAGE][PASSED] - Text '133245561223' is set on object 'Object Repository/Final Object Repo/New Registration - Registration Module Pages/New Reg - OTC to RO/Special Case - All Related Objects/IC Value'

2018-12-07 10:32:04 - [TEST_STEP][PASSED] - setText: Text 'Auto' is set on object 'Object Repository/Final Object Repo/New Registration - Registration Module Pages/New Reg - OTC to RO/Special Case - All Related Objects/Designation'

2018-12-07 10:32:04 - [MESSAGE][PASSED] - Text 'Auto' is set on object 'Object Repository/Final Object Repo/New Registration - Registration Module Pages/New Reg - OTC to RO/Special Case - All Related Objects/Designation'

2018-12-07 10:32:04 - [TEST_STEP][PASSED] - callTestCase: Call Test Case 'Test Cases/Final Aug 2018 - PKS Automation/Registration Module/New Registration/Submit and Screenshot/Submit Registration and Screenshot - Copy' successfully

2018-12-07 10:32:04 - [TEST_CASE][PASSED] - Test Cases/Final Aug 2018 - PKS Automation/Registration Module/New Registration/Submit and Screenshot/Submit Registration and Screenshot - Copy: Test Cases/Final Aug 2018 - PKS Automation/Registration Module/New Registration/Submit and Screenshot/Submit Registration and Screenshot - Copy

2018-12-07 10:32:04 - [TEST_STEP][PASSED] - delay: Delayed 6 second(s)

2018-12-07 10:32:10 - [MESSAGE][PASSED] - Delayed 6 second(s)

2018-12-07 10:32:10 - [TEST_STEP][PASSED] - click: Object: 'Object Repository/Final Object Repo/New Registration - Registration Module Pages/Third Screen - Upload Supporting Doc- Preview/Preview Submit Button' is clicked on

2018-12-07 10:32:11 - [MESSAGE][PASSED] - Object: 'Object Repository/Final Object Repo/New Registration - Registration Module Pages/Third Screen - Upload Supporting Doc- Preview/Preview Submit Button' is clicked on

2018-12-07 10:32:11 - [TEST_STEP][PASSED] - delay: Delayed 2 second(s)

2018-12-07 10:32:13 - [MESSAGE][PASSED] - Delayed 2 second(s)

2018-12-07 10:32:13 - [TEST_STEP][PASSED] - click: Object: 'Object Repository/Final Object Repo/New Registration - Registration Module Pages/Third Screen - Upload Supporting Doc- Preview/Preview Submit - Confirm' is clicked on

2018-12-07 10:32:13 - [MESSAGE][PASSED] - Object: 'Object Repository/Final Object Repo/New Registration - Registration Module Pages/Third Screen - Upload Supporting Doc- Preview/Preview Submit - Confirm' is clicked on

2018-12-07 10:32:13 - [TEST_STEP][PASSED] - delay: Delayed 15 second(s)

2018-12-07 10:32:28 - [MESSAGE][PASSED] - Delayed 15 second(s)

2018-12-07 10:32:28 - [TEST_STEP][PASSED] - Statement - driver = com.kms.katalon.core.webui.driver.DriverFactory.getWebDriver(): null

2018-12-07 10:32:28 - [TEST_STEP][PASSED] - Statement - driver.manage().timeouts().implicitlyWait(10, SECONDS): null

2018-12-07 10:32:28 - [TEST_STEP][PASSED] - Statement - PresavePath = KatalonScreenshots: null

2018-12-07 10:32:28 - [TEST_STEP][PASSED] - Statement - pathPrefix = "C:\Users\Public\Pictures\Sample Pictures\Katalon Screenshots\Automate Ending Screen": null

2018-12-07 10:32:28 - [TEST_STEP][PASSED] - Statement - finalPath = <not implemented yet for class: org.codehaus.groovy.ast.expr.EmptyExpression>: null

2018-12-07 10:32:28 - [TEST_STEP][PASSED] - Statement - scrFile = driver.getScreenshotAs(FILE): null

2018-12-07 10:32:28 - [TEST_STEP][PASSED] - Statement - PreSaveFile = new java.io.File(PresavePath): null

2018-12-07 10:32:28 - [TEST_STEP][PASSED] - Statement - counter = 0: null

2018-12-07 10:32:28 - [TEST_STEP][PASSED] - Statement - If (PreSaveFile.exists()): null

2018-12-07 10:32:28 - [TEST_STEP][PASSED] - Statement - While (PreSaveFile.exists()): null

2018-12-07 10:32:28 - [TEST_STEP][PASSED] - Statement - counter = counter + 1: null

2018-12-07 10:32:28 - [TEST_STEP][PASSED] - Statement - PreSaveFile = new java.io.File(((pathPrefix + java.lang.Integer.toString(counter)) + .png)): null

2018-12-07 10:32:28 - [TEST_STEP][PASSED] - Statement - counter = counter + 1: null

2018-12-07 10:32:28 - [TEST_STEP][PASSED] - Statement - PreSaveFile = new java.io.File(((pathPrefix + java.lang.Integer.toString(counter)) + .png)): null

2018-12-07 10:32:28 - [TEST_STEP][PASSED] - Statement - counter = counter + 1: null

2018-12-07 10:32:28 - [TEST_STEP][PASSED] - Statement - PreSaveFile = new java.io.File(((pathPrefix + java.lang.Integer.toString(counter)) + .png)): null

2018-12-07 10:32:28 - [TEST_STEP][PASSED] - Statement - counter = counter + 1: null

2018-12-07 10:32:28 - [TEST_STEP][PASSED] - Statement - PreSaveFile = new java.io.File(((pathPrefix + java.lang.Integer.toString(counter)) + .png)): null

2018-12-07 10:32:28 - [TEST_STEP][PASSED] - Statement - counter = counter + 1: null

2018-12-07 10:32:28 - [TEST_STEP][PASSED] - Statement - PreSaveFile = new java.io.File(((pathPrefix + java.lang.Integer.toString(counter)) + .png)): null

2018-12-07 10:32:28 - [TEST_STEP][PASSED] - Statement - counter = counter + 1: null

2018-12-07 10:32:28 - [TEST_STEP][PASSED] - Statement - PreSaveFile = new java.io.File(((pathPrefix + java.lang.Integer.toString(counter)) + .png)): null

2018-12-07 10:32:28 - [TEST_STEP][PASSED] - Statement - counter = counter + 1: null

2018-12-07 10:32:28 - [TEST_STEP][PASSED] - Statement - PreSaveFile = new java.io.File(((pathPrefix + java.lang.Integer.toString(counter)) + .png)): null

2018-12-07 10:32:28 - [TEST_STEP][PASSED] - Statement - counter = counter + 1: null

2018-12-07 10:32:28 - [TEST_STEP][PASSED] - Statement - PreSaveFile = new java.io.File(((pathPrefix + java.lang.Integer.toString(counter)) + .png)): null

2018-12-07 10:32:28 - [TEST_STEP][PASSED] - Statement - counter = counter + 1: null

2018-12-07 10:32:28 - [TEST_STEP][PASSED] - Statement - PreSaveFile = new java.io.File(((pathPrefix + java.lang.Integer.toString(counter)) + .png)): null

2018-12-07 10:32:28 - [TEST_STEP][PASSED] - Statement - counter = counter + 1: null

2018-12-07 10:32:28 - [TEST_STEP][PASSED] - Statement - PreSaveFile = new java.io.File(((pathPrefix + java.lang.Integer.toString(counter)) + .png)): null

2018-12-07 10:32:28 - [TEST_STEP][PASSED] - Statement - counter = counter + 1: null

2018-12-07 10:32:28 - [TEST_STEP][PASSED] - Statement - PreSaveFile = new java.io.File(((pathPrefix + java.lang.Integer.toString(counter)) + .png)): null

2018-12-07 10:32:28 - [TEST_STEP][PASSED] - Statement - counter = counter + 1: null

2018-12-07 10:32:28 - [TEST_STEP][PASSED] - Statement - PreSaveFile = new java.io.File(((pathPrefix + java.lang.Integer.toString(counter)) + .png)): null

2018-12-07 10:32:28 - [TEST_STEP][PASSED] - Statement - counter = counter + 1: null

2018-12-07 10:32:28 - [TEST_STEP][PASSED] - Statement - PreSaveFile = new java.io.File(((pathPrefix + java.lang.Integer.toString(counter)) + .png)): null

2018-12-07 10:32:28 - [TEST_STEP][PASSED] - Statement - counter = counter + 1: null

2018-12-07 10:32:28 - [TEST_STEP][PASSED] - Statement - PreSaveFile = new java.io.File(((pathPrefix + java.lang.Integer.toString(counter)) + .png)): null

2018-12-07 10:32:28 - [TEST_STEP][PASSED] - Statement - counter = counter + 1: null

2018-12-07 10:32:28 - [TEST_STEP][PASSED] - Statement - PreSaveFile = new java.io.File(((pathPrefix + java.lang.Integer.toString(counter)) + .png)): null

2018-12-07 10:32:28 - [TEST_STEP][PASSED] - Statement - counter = counter + 1: null

2018-12-07 10:32:28 - [TEST_STEP][PASSED] - Statement - PreSaveFile = new java.io.File(((pathPrefix + java.lang.Integer.toString(counter)) + .png)): null

2018-12-07 10:32:28 - [TEST_STEP][PASSED] - Statement - counter = counter + 1: null

2018-12-07 10:32:28 - [TEST_STEP][PASSED] - Statement - PreSaveFile = new java.io.File(((pathPrefix + java.lang.Integer.toString(counter)) + .png)): null

2018-12-07 10:32:28 - [TEST_STEP][PASSED] - Statement - counter = counter + 1: null

2018-12-07 10:32:28 - [TEST_STEP][PASSED] - Statement - PreSaveFile = new java.io.File(((pathPrefix + java.lang.Integer.toString(counter)) + .png)): null

2018-12-07 10:32:28 - [TEST_STEP][PASSED] - Statement - counter = counter + 1: null

2018-12-07 10:32:29 - [TEST_STEP][PASSED] - Statement - PreSaveFile = new java.io.File(((pathPrefix + java.lang.Integer.toString(counter)) + .png)): null

2018-12-07 10:32:29 - [TEST_STEP][PASSED] - Statement - counter = counter + 1: null

2018-12-07 10:32:29 - [TEST_STEP][PASSED] - Statement - PreSaveFile = new java.io.File(((pathPrefix + java.lang.Integer.toString(counter)) + .png)): null

2018-12-07 10:32:29 - [TEST_STEP][PASSED] - Statement - counter = counter + 1: null

2018-12-07 10:32:29 - [TEST_STEP][PASSED] - Statement - PreSaveFile = new java.io.File(((pathPrefix + java.lang.Integer.toString(counter)) + .png)): null

2018-12-07 10:32:29 - [TEST_STEP][PASSED] - Statement - counter = counter + 1: null

2018-12-07 10:32:29 - [TEST_STEP][PASSED] - Statement - PreSaveFile = new java.io.File(((pathPrefix + java.lang.Integer.toString(counter)) + .png)): null

2018-12-07 10:32:29 - [TEST_STEP][PASSED] - Statement - counter = counter + 1: null

2018-12-07 10:32:29 - [TEST_STEP][PASSED] - Statement - PreSaveFile = new java.io.File(((pathPrefix + java.lang.Integer.toString(counter)) + .png)): null

2018-12-07 10:32:29 - [TEST_STEP][PASSED] - Statement - counter = counter + 1: null

2018-12-07 10:32:29 - [TEST_STEP][PASSED] - Statement - PreSaveFile = new java.io.File(((pathPrefix + java.lang.Integer.toString(counter)) + .png)): null

2018-12-07 10:32:29 - [TEST_STEP][PASSED] - Statement - counter = counter + 1: null

2018-12-07 10:32:29 - [TEST_STEP][PASSED] - Statement - PreSaveFile = new java.io.File(((pathPrefix + java.lang.Integer.toString(counter)) + .png)): null

2018-12-07 10:32:29 - [TEST_STEP][PASSED] - Statement - counter = counter + 1: null

2018-12-07 10:32:29 - [TEST_STEP][PASSED] - Statement - PreSaveFile = new java.io.File(((pathPrefix + java.lang.Integer.toString(counter)) + .png)): null

2018-12-07 10:32:29 - [TEST_STEP][PASSED] - Statement - counter = counter + 1: null

2018-12-07 10:32:29 - [TEST_STEP][PASSED] - Statement - PreSaveFile = new java.io.File(((pathPrefix + java.lang.Integer.toString(counter)) + .png)): null

2018-12-07 10:32:29 - [TEST_STEP][PASSED] - Statement - counter = counter + 1: null

2018-12-07 10:32:29 - [TEST_STEP][PASSED] - Statement - PreSaveFile = new java.io.File(((pathPrefix + java.lang.Integer.toString(counter)) + .png)): null

2018-12-07 10:32:29 - [TEST_STEP][PASSED] - Statement - counter = counter + 1: null

2018-12-07 10:32:29 - [TEST_STEP][PASSED] - Statement - PreSaveFile = new java.io.File(((pathPrefix + java.lang.Integer.toString(counter)) + .png)): null

2018-12-07 10:32:29 - [TEST_STEP][PASSED] - Statement - counter = counter + 1: null

2018-12-07 10:32:29 - [TEST_STEP][PASSED] - Statement - PreSaveFile = new java.io.File(((pathPrefix + java.lang.Integer.toString(counter)) + .png)): null

2018-12-07 10:32:29 - [TEST_STEP][PASSED] - Statement - counter = counter + 1: null

2018-12-07 10:32:29 - [TEST_STEP][PASSED] - Statement - PreSaveFile = new java.io.File(((pathPrefix + java.lang.Integer.toString(counter)) + .png)): null

2018-12-07 10:32:29 - [TEST_STEP][PASSED] - Statement - counter = counter + 1: null

2018-12-07 10:32:29 - [TEST_STEP][PASSED] - Statement - PreSaveFile = new java.io.File(((pathPrefix + java.lang.Integer.toString(counter)) + .png)): null

2018-12-07 10:32:30 - [TEST_STEP][PASSED] - Statement - counter = counter + 1: null

2018-12-07 10:32:30 - [TEST_STEP][PASSED] - Statement - PreSaveFile = new java.io.File(((pathPrefix + java.lang.Integer.toString(counter)) + .png)): null

2018-12-07 10:32:30 - [TEST_STEP][PASSED] - Statement - counter = counter + 1: null

2018-12-07 10:32:30 - [TEST_STEP][PASSED] - Statement - PreSaveFile = new java.io.File(((pathPrefix + java.lang.Integer.toString(counter)) + .png)): null

2018-12-07 10:32:30 - [TEST_STEP][PASSED] - Statement - counter = counter + 1: null

2018-12-07 10:32:30 - [TEST_STEP][PASSED] - Statement - PreSaveFile = new java.io.File(((pathPrefix + java.lang.Integer.toString(counter)) + .png)): null

2018-12-07 10:32:30 - [TEST_STEP][PASSED] - Statement - counter = counter + 1: null

2018-12-07 10:32:30 - [TEST_STEP][PASSED] - Statement - PreSaveFile = new java.io.File(((pathPrefix + java.lang.Integer.toString(counter)) + .png)): null

2018-12-07 10:32:30 - [TEST_STEP][PASSED] - Statement - counter = counter + 1: null

2018-12-07 10:32:30 - [TEST_STEP][PASSED] - Statement - PreSaveFile = new java.io.File(((pathPrefix + java.lang.Integer.toString(counter)) + .png)): null

2018-12-07 10:32:30 - [TEST_STEP][PASSED] - Statement - counter = counter + 1: null

2018-12-07 10:32:30 - [TEST_STEP][PASSED] - Statement - PreSaveFile = new java.io.File(((pathPrefix + java.lang.Integer.toString(counter)) + .png)): null

2018-12-07 10:32:30 - [TEST_STEP][PASSED] - Statement - counter = counter + 1: null

2018-12-07 10:32:30 - [TEST_STEP][PASSED] - Statement - PreSaveFile = new java.io.File(((pathPrefix + java.lang.Integer.toString(counter)) + .png)): null

2018-12-07 10:32:30 - [TEST_STEP][PASSED] - Statement - counter = counter + 1: null

2018-12-07 10:32:30 - [TEST_STEP][PASSED] - Statement - PreSaveFile = new java.io.File(((pathPrefix + java.lang.Integer.toString(counter)) + .png)): null

2018-12-07 10:32:30 - [TEST_STEP][PASSED] - Statement - counter = counter + 1: null

2018-12-07 10:32:30 - [TEST_STEP][PASSED] - Statement - PreSaveFile = new java.io.File(((pathPrefix + java.lang.Integer.toString(counter)) + .png)): null

2018-12-07 10:32:30 - [TEST_STEP][PASSED] - Statement - counter = counter + 1: null

2018-12-07 10:32:30 - [TEST_STEP][PASSED] - Statement - PreSaveFile = new java.io.File(((pathPrefix + java.lang.Integer.toString(counter)) + .png)): null

2018-12-07 10:32:30 - [TEST_STEP][PASSED] - Statement - counter = counter + 1: null

2018-12-07 10:32:30 - [TEST_STEP][PASSED] - Statement - PreSaveFile = new java.io.File(((pathPrefix + java.lang.Integer.toString(counter)) + .png)): null

2018-12-07 10:32:30 - [TEST_STEP][PASSED] - Statement - counter = counter + 1: null

2018-12-07 10:32:30 - [TEST_STEP][PASSED] - Statement - PreSaveFile = new java.io.File(((pathPrefix + java.lang.Integer.toString(counter)) + .png)): null

2018-12-07 10:32:30 - [TEST_STEP][PASSED] - Statement - counter = counter + 1: null

2018-12-07 10:32:30 - [TEST_STEP][PASSED] - Statement - PreSaveFile = new java.io.File(((pathPrefix + java.lang.Integer.toString(counter)) + .png)): null

2018-12-07 10:32:30 - [TEST_STEP][PASSED] - Statement - counter = counter + 1: null

2018-12-07 10:32:30 - [TEST_STEP][PASSED] - Statement - PreSaveFile = new java.io.File(((pathPrefix + java.lang.Integer.toString(counter)) + .png)): null

2018-12-07 10:32:30 - [TEST_STEP][PASSED] - Statement - counter = counter + 1: null

2018-12-07 10:32:30 - [TEST_STEP][PASSED] - Statement - PreSaveFile = new java.io.File(((pathPrefix + java.lang.Integer.toString(counter)) + .png)): null

2018-12-07 10:32:31 - [TEST_STEP][PASSED] - Statement - counter = counter + 1: null

2018-12-07 10:32:31 - [TEST_STEP][PASSED] - Statement - PreSaveFile = new java.io.File(((pathPrefix + java.lang.Integer.toString(counter)) + .png)): null

2018-12-07 10:32:31 - [TEST_STEP][PASSED] - Statement - counter = counter + 1: null

2018-12-07 10:32:31 - [TEST_STEP][PASSED] - Statement - PreSaveFile = new java.io.File(((pathPrefix + java.lang.Integer.toString(counter)) + .png)): null

2018-12-07 10:32:31 - [TEST_STEP][PASSED] - Statement - counter = counter + 1: null

2018-12-07 10:32:31 - [TEST_STEP][PASSED] - Statement - PreSaveFile = new java.io.File(((pathPrefix + java.lang.Integer.toString(counter)) + .png)): null

2018-12-07 10:32:31 - [TEST_STEP][PASSED] - Statement - counter = counter + 1: null

2018-12-07 10:32:31 - [TEST_STEP][PASSED] - Statement - PreSaveFile = new java.io.File(((pathPrefix + java.lang.Integer.toString(counter)) + .png)): null

2018-12-07 10:32:31 - [TEST_STEP][PASSED] - Statement - counter = counter + 1: null

2018-12-07 10:32:31 - [TEST_STEP][PASSED] - Statement - PreSaveFile = new java.io.File(((pathPrefix + java.lang.Integer.toString(counter)) + .png)): null

2018-12-07 10:32:31 - [TEST_STEP][PASSED] - Statement - counter = counter + 1: null

2018-12-07 10:32:31 - [TEST_STEP][PASSED] - Statement - PreSaveFile = new java.io.File(((pathPrefix + java.lang.Integer.toString(counter)) + .png)): null

2018-12-07 10:32:31 - [TEST_STEP][PASSED] - Statement - counter = counter + 1: null

2018-12-07 10:32:31 - [TEST_STEP][PASSED] - Statement - PreSaveFile = new java.io.File(((pathPrefix + java.lang.Integer.toString(counter)) + .png)): null

2018-12-07 10:32:31 - [TEST_STEP][PASSED] - Statement - counter = counter + 1: null

2018-12-07 10:32:31 - [TEST_STEP][PASSED] - Statement - PreSaveFile = new java.io.File(((pathPrefix + java.lang.Integer.toString(counter)) + .png)): null

2018-12-07 10:32:31 - [TEST_STEP][PASSED] - Statement - counter = counter + 1: null

2018-12-07 10:32:31 - [TEST_STEP][PASSED] - Statement - PreSaveFile = new java.io.File(((pathPrefix + java.lang.Integer.toString(counter)) + .png)): null

2018-12-07 10:32:31 - [TEST_STEP][PASSED] - Statement - counter = counter + 1: null

2018-12-07 10:32:31 - [TEST_STEP][PASSED] - Statement - PreSaveFile = new java.io.File(((pathPrefix + java.lang.Integer.toString(counter)) + .png)): null

2018-12-07 10:32:31 - [TEST_STEP][PASSED] - Statement - counter = counter + 1: null

2018-12-07 10:32:31 - [TEST_STEP][PASSED] - Statement - PreSaveFile = new java.io.File(((pathPrefix + java.lang.Integer.toString(counter)) + .png)): null

2018-12-07 10:32:31 - [TEST_STEP][PASSED] - Statement - counter = counter + 1: null

2018-12-07 10:32:31 - [TEST_STEP][PASSED] - Statement - PreSaveFile = new java.io.File(((pathPrefix + java.lang.Integer.toString(counter)) + .png)): null

2018-12-07 10:32:31 - [TEST_STEP][PASSED] - Statement - counter = counter + 1: null

2018-12-07 10:32:31 - [TEST_STEP][PASSED] - Statement - PreSaveFile = new java.io.File(((pathPrefix + java.lang.Integer.toString(counter)) + .png)): null

2018-12-07 10:32:31 - [TEST_STEP][PASSED] - Statement - counter = counter + 1: null

2018-12-07 10:32:31 - [TEST_STEP][PASSED] - Statement - PreSaveFile = new java.io.File(((pathPrefix + java.lang.Integer.toString(counter)) + .png)): null

2018-12-07 10:32:31 - [TEST_STEP][PASSED] - Statement - counter = counter + 1: null

2018-12-07 10:32:31 - [TEST_STEP][PASSED] - Statement - PreSaveFile = new java.io.File(((pathPrefix + java.lang.Integer.toString(counter)) + .png)): null

2018-12-07 10:32:31 - [TEST_STEP][PASSED] - Statement - counter = counter + 1: null

2018-12-07 10:32:31 - [TEST_STEP][PASSED] - Statement - PreSaveFile = new java.io.File(((pathPrefix + java.lang.Integer.toString(counter)) + .png)): null

2018-12-07 10:32:31 - [TEST_STEP][PASSED] - Statement - counter = counter + 1: null

2018-12-07 10:32:31 - [TEST_STEP][PASSED] - Statement - PreSaveFile = new java.io.File(((pathPrefix + java.lang.Integer.toString(counter)) + .png)): null

2018-12-07 10:32:31 - [TEST_STEP][PASSED] - Statement - counter = counter + 1: null

2018-12-07 10:32:31 - [TEST_STEP][PASSED] - Statement - PreSaveFile = new java.io.File(((pathPrefix + java.lang.Integer.toString(counter)) + .png)): null

2018-12-07 10:32:31 - [TEST_STEP][PASSED] - Statement - counter = counter + 1: null

2018-12-07 10:32:31 - [TEST_STEP][PASSED] - Statement - PreSaveFile = new java.io.File(((pathPrefix + java.lang.Integer.toString(counter)) + .png)): null

2018-12-07 10:32:31 - [TEST_STEP][PASSED] - Statement - counter = counter + 1: null

2018-12-07 10:32:32 - [TEST_STEP][PASSED] - Statement - PreSaveFile = new java.io.File(((pathPrefix + java.lang.Integer.toString(counter)) + .png)): null

2018-12-07 10:32:32 - [TEST_STEP][PASSED] - Statement - counter = counter + 1: null

2018-12-07 10:32:32 - [TEST_STEP][PASSED] - Statement - PreSaveFile = new java.io.File(((pathPrefix + java.lang.Integer.toString(counter)) + .png)): null

2018-12-07 10:32:32 - [TEST_STEP][PASSED] - Statement - counter = counter + 1: null

2018-12-07 10:32:32 - [TEST_STEP][PASSED] - Statement - PreSaveFile = new java.io.File(((pathPrefix + java.lang.Integer.toString(counter)) + .png)): null

2018-12-07 10:32:32 - [TEST_STEP][PASSED] - Statement - counter = counter + 1: null

2018-12-07 10:32:32 - [TEST_STEP][PASSED] - Statement - PreSaveFile = new java.io.File(((pathPrefix + java.lang.Integer.toString(counter)) + .png)): null

2018-12-07 10:32:32 - [TEST_STEP][PASSED] - Statement - counter = counter + 1: null

2018-12-07 10:32:32 - [TEST_STEP][PASSED] - Statement - PreSaveFile = new java.io.File(((pathPrefix + java.lang.Integer.toString(counter)) + .png)): null

2018-12-07 10:32:32 - [TEST_STEP][PASSED] - Statement - counter = counter + 1: null

2018-12-07 10:32:32 - [TEST_STEP][PASSED] - Statement - PreSaveFile = new java.io.File(((pathPrefix + java.lang.Integer.toString(counter)) + .png)): null

2018-12-07 10:32:32 - [TEST_STEP][PASSED] - Statement - counter = counter + 1: null

2018-12-07 10:32:32 - [TEST_STEP][PASSED] - Statement - PreSaveFile = new java.io.File(((pathPrefix + java.lang.Integer.toString(counter)) + .png)): null

2018-12-07 10:32:32 - [TEST_STEP][PASSED] - Statement - counter = counter + 1: null

2018-12-07 10:32:32 - [TEST_STEP][PASSED] - Statement - PreSaveFile = new java.io.File(((pathPrefix + java.lang.Integer.toString(counter)) + .png)): null

2018-12-07 10:32:32 - [TEST_STEP][PASSED] - Statement - counter = counter + 1: null

2018-12-07 10:32:32 - [TEST_STEP][PASSED] - Statement - PreSaveFile = new java.io.File(((pathPrefix + java.lang.Integer.toString(counter)) + .png)): null

2018-12-07 10:32:32 - [TEST_STEP][PASSED] - Statement - counter = counter + 1: null

2018-12-07 10:32:32 - [TEST_STEP][PASSED] - Statement - PreSaveFile = new java.io.File(((pathPrefix + java.lang.Integer.toString(counter)) + .png)): null

2018-12-07 10:32:32 - [TEST_STEP][PASSED] - Statement - counter = counter + 1: null

2018-12-07 10:32:32 - [TEST_STEP][PASSED] - Statement - PreSaveFile = new java.io.File(((pathPrefix + java.lang.Integer.toString(counter)) + .png)): null

2018-12-07 10:32:32 - [TEST_STEP][PASSED] - Statement - counter = counter + 1: null

2018-12-07 10:32:32 - [TEST_STEP][PASSED] - Statement - PreSaveFile = new java.io.File(((pathPrefix + java.lang.Integer.toString(counter)) + .png)): null

2018-12-07 10:32:32 - [TEST_STEP][PASSED] - Statement - counter = counter + 1: null

2018-12-07 10:32:32 - [TEST_STEP][PASSED] - Statement - PreSaveFile = new java.io.File(((pathPrefix + java.lang.Integer.toString(counter)) + .png)): null

2018-12-07 10:32:32 - [TEST_STEP][PASSED] - Statement - counter = counter + 1: null

2018-12-07 10:32:32 - [TEST_STEP][PASSED] - Statement - PreSaveFile = new java.io.File(((pathPrefix + java.lang.Integer.toString(counter)) + .png)): null

2018-12-07 10:32:32 - [TEST_STEP][PASSED] - Statement - counter = counter + 1: null

2018-12-07 10:32:32 - [TEST_STEP][PASSED] - Statement - PreSaveFile = new java.io.File(((pathPrefix + java.lang.Integer.toString(counter)) + .png)): null

2018-12-07 10:32:33 - [TEST_STEP][PASSED] - Statement - counter = counter + 1: null

2018-12-07 10:32:33 - [TEST_STEP][PASSED] - Statement - PreSaveFile = new java.io.File(((pathPrefix + java.lang.Integer.toString(counter)) + .png)): null

2018-12-07 10:32:33 - [TEST_STEP][PASSED] - Statement - counter = counter + 1: null

2018-12-07 10:32:33 - [TEST_STEP][PASSED] - Statement - PreSaveFile = new java.io.File(((pathPrefix + java.lang.Integer.toString(counter)) + .png)): null

2018-12-07 10:32:33 - [TEST_STEP][PASSED] - Statement - counter = counter + 1: null

2018-12-07 10:32:33 - [TEST_STEP][PASSED] - Statement - PreSaveFile = new java.io.File(((pathPrefix + java.lang.Integer.toString(counter)) + .png)): null

2018-12-07 10:32:33 - [TEST_STEP][PASSED] - Statement - counter = counter + 1: null

2018-12-07 10:32:33 - [TEST_STEP][PASSED] - Statement - PreSaveFile = new java.io.File(((pathPrefix + java.lang.Integer.toString(counter)) + .png)): null

2018-12-07 10:32:33 - [TEST_STEP][PASSED] - Statement - counter = counter + 1: null

2018-12-07 10:32:33 - [TEST_STEP][PASSED] - Statement - PreSaveFile = new java.io.File(((pathPrefix + java.lang.Integer.toString(counter)) + .png)): null

2018-12-07 10:32:33 - [TEST_STEP][PASSED] - Statement - counter = counter + 1: null

2018-12-07 10:32:33 - [TEST_STEP][PASSED] - Statement - PreSaveFile = new java.io.File(((pathPrefix + java.lang.Integer.toString(counter)) + .png)): null

2018-12-07 10:32:33 - [TEST_STEP][PASSED] - Statement - counter = counter + 1: null

2018-12-07 10:32:33 - [TEST_STEP][PASSED] - Statement - PreSaveFile = new java.io.File(((pathPrefix + java.lang.Integer.toString(counter)) + .png)): null

2018-12-07 10:32:33 - [TEST_STEP][PASSED] - Statement - counter = counter + 1: null

2018-12-07 10:32:33 - [TEST_STEP][PASSED] - Statement - PreSaveFile = new java.io.File(((pathPrefix + java.lang.Integer.toString(counter)) + .png)): null

2018-12-07 10:32:33 - [TEST_STEP][PASSED] - Statement - counter = counter + 1: null

2018-12-07 10:32:33 - [TEST_STEP][PASSED] - Statement - PreSaveFile = new java.io.File(((pathPrefix + java.lang.Integer.toString(counter)) + .png)): null

2018-12-07 10:32:33 - [TEST_STEP][PASSED] - Statement - counter = counter + 1: null

2018-12-07 10:32:33 - [TEST_STEP][PASSED] - Statement - PreSaveFile = new java.io.File(((pathPrefix + java.lang.Integer.toString(counter)) + .png)): null

2018-12-07 10:32:33 - [TEST_STEP][PASSED] - Statement - counter = counter + 1: null

2018-12-07 10:32:33 - [TEST_STEP][PASSED] - Statement - PreSaveFile = new java.io.File(((pathPrefix + java.lang.Integer.toString(counter)) + .png)): null

2018-12-07 10:32:33 - [TEST_STEP][PASSED] - Statement - counter = counter + 1: null

2018-12-07 10:32:33 - [TEST_STEP][PASSED] - Statement - PreSaveFile = new java.io.File(((pathPrefix + java.lang.Integer.toString(counter)) + .png)): null

2018-12-07 10:32:33 - [TEST_STEP][PASSED] - Statement - counter = counter + 1: null

2018-12-07 10:32:33 - [TEST_STEP][PASSED] - Statement - PreSaveFile = new java.io.File(((pathPrefix + java.lang.Integer.toString(counter)) + .png)): null

2018-12-07 10:32:33 - [TEST_STEP][PASSED] - Statement - counter = counter + 1: null

2018-12-07 10:32:33 - [TEST_STEP][PASSED] - Statement - PreSaveFile = new java.io.File(((pathPrefix + java.lang.Integer.toString(counter)) + .png)): null

2018-12-07 10:32:33 - [TEST_STEP][PASSED] - Statement - counter = counter + 1: null

2018-12-07 10:32:33 - [TEST_STEP][PASSED] - Statement - PreSaveFile = new java.io.File(((pathPrefix + java.lang.Integer.toString(counter)) + .png)): null

2018-12-07 10:32:33 - [TEST_STEP][PASSED] - Statement - counter = counter + 1: null

2018-12-07 10:32:33 - [TEST_STEP][PASSED] - Statement - PreSaveFile = new java.io.File(((pathPrefix + java.lang.Integer.toString(counter)) + .png)): null

2018-12-07 10:32:33 - [TEST_STEP][PASSED] - Statement - counter = counter + 1: null

2018-12-07 10:32:33 - [TEST_STEP][PASSED] - Statement - PreSaveFile = new java.io.File(((pathPrefix + java.lang.Integer.toString(counter)) + .png)): null

2018-12-07 10:32:33 - [TEST_STEP][PASSED] - Statement - counter = counter + 1: null

2018-12-07 10:32:33 - [TEST_STEP][PASSED] - Statement - PreSaveFile = new java.io.File(((pathPrefix + java.lang.Integer.toString(counter)) + .png)): null

2018-12-07 10:32:33 - [TEST_STEP][PASSED] - Statement - counter = counter + 1: null

2018-12-07 10:32:33 - [TEST_STEP][PASSED] - Statement - PreSaveFile = new java.io.File(((pathPrefix + java.lang.Integer.toString(counter)) + .png)): null

2018-12-07 10:32:33 - [TEST_STEP][PASSED] - Statement - counter = counter + 1: null

2018-12-07 10:32:34 - [TEST_STEP][PASSED] - Statement - PreSaveFile = new java.io.File(((pathPrefix + java.lang.Integer.toString(counter)) + .png)): null

2018-12-07 10:32:34 - [TEST_STEP][PASSED] - Statement - counter = counter + 1: null

2018-12-07 10:32:34 - [TEST_STEP][PASSED] - Statement - PreSaveFile = new java.io.File(((pathPrefix + java.lang.Integer.toString(counter)) + .png)): null

2018-12-07 10:32:34 - [TEST_STEP][PASSED] - Statement - counter = counter + 1: null

2018-12-07 10:32:34 - [TEST_STEP][PASSED] - Statement - PreSaveFile = new java.io.File(((pathPrefix + java.lang.Integer.toString(counter)) + .png)): null

2018-12-07 10:32:34 - [TEST_STEP][PASSED] - Statement - counter = counter + 1: null

2018-12-07 10:32:34 - [TEST_STEP][PASSED] - Statement - PreSaveFile = new java.io.File(((pathPrefix + java.lang.Integer.toString(counter)) + .png)): null

2018-12-07 10:32:34 - [TEST_STEP][PASSED] - Statement - finalPath = pathPrefix + java.lang.Integer.toString(counter) + ".png": null

2018-12-07 10:32:34 - [TEST_STEP][PASSED] - Statement - SaveFile = new java.io.File(finalPath): null

2018-12-07 10:32:34 - [TEST_STEP][PASSED] - Statement - Try: null

2018-12-07 10:32:34 - [TEST_STEP][PASSED] - Statement - org.apache.commons.io.FileUtils.copyFile(scrFile, SaveFile): null

2018-12-07 10:32:34 - [TEST_STEP][PASSED] - Statement - out.println("file kept"): null

2018-12-07 10:32:34 - [TEST_STEP][PASSED] - delay: Delayed 10 second(s)

2018-12-07 10:32:44 - [MESSAGE][PASSED] - Delayed 10 second(s)

2018-12-07 10:32:44 - [MESSAGE][PASSED] - Call Test Case 'Test Cases/Final Aug 2018 - PKS Automation/Registration Module/New Registration/Submit and Screenshot/Submit Registration and Screenshot - Copy' successfully

2018-12-07 10:32:44 - [TEST_STEP][PASSED] - Statement - UpdateAddNewECode = com.kms.katalon.core.webui.keyword.WebUiBuiltInKeywords.getText(com.kms.katalon.core.testobject.ObjectRepository.findTestObject(Object Repository/Final Object Repo/Page_Update Add New Employee - ASSIST/getEmpCode)): Text of object 'Object Repository/Final Object Repo/Page_Update Add New Employee - ASSIST/getEmpCode' is: 'E1102070666B'

2018-12-07 10:32:44 - [MESSAGE][PASSED] - Text of object 'Object Repository/Final Object Repo/Page_Update Add New Employee - ASSIST/getEmpCode' is: 'E1102070666B'

2018-12-07 10:32:44 - [TEST_STEP][PASSED] - callTestCase: Call Test Case 'Test Cases/Final Aug 2018 - PKS Automation/Common/Emp Code Setter' successfully

2018-12-07 10:32:44 - [TEST_CASE][PASSED] - Test Cases/Final Aug 2018 - PKS Automation/Common/Emp Code Setter: Test Cases/Final Aug 2018 - PKS Automation/Common/Emp Code Setter

2018-12-07 10:32:44 - [TEST_STEP][PASSED] - Statement - EmpCodeOld = new java.io.File(C://Users//Admin//Desktop//PKS//Automation Reference Point//EmpCode.txt): null

2018-12-07 10:32:44 - [TEST_STEP][PASSED] - Statement - EmpCodeOld.delete(): null

2018-12-07 10:32:44 - [TEST_STEP][PASSED] - Statement - EmpCode = new java.io.File(C://Users//Admin//Desktop//PKS//Automation Reference Point//EmpCode.txt): null

2018-12-07 10:32:44 - [TEST_STEP][PASSED] - Statement - f2 = new java.io.FileWriter(EmpCode, false): null

2018-12-07 10:32:44 - [TEST_STEP][PASSED] - Statement - f2.write(UpdateAddNewECode): null

2018-12-07 10:32:44 - [TEST_STEP][PASSED] - Statement - f2.close(): null

2018-12-07 10:32:44 - [TEST_STEP][PASSED] - Statement - out.println("


" + UpdateAddNewECode + "


"): null

2018-12-07 10:32:44 - [MESSAGE][PASSED] - Call Test Case 'Test Cases/Final Aug 2018 - PKS Automation/Common/Emp Code Setter' successfully

2018-12-07 10:32:44 - [MESSAGE][PASSED] - Call Test Case 'Test Cases/Final Aug 2018 - PKS Automation/Registration Module/Workflow/Update Add New Employee/Template/New Company for Update Add New - Employer' successfully

2018-12-07 10:32:44 - [TEST_STEP][PASSED] - callTestCase: Call Test Case 'Test Cases/Final Aug 2018 - PKS Automation/Registration Module/Log Out/log out avoiding katalon tagging' successfully

2018-12-07 10:32:44 - [TEST_CASE][PASSED] - Test Cases/Final Aug 2018 - PKS Automation/Registration Module/Log Out/log out avoiding katalon tagging: Test Cases/Final Aug 2018 - PKS Automation/Registration Module/Log Out/log out avoiding katalon tagging

2018-12-07 10:32:44 - [TEST_STEP][PASSED] - navigateToUrl: Navigate to 'https://assist2-uat.perkeso.gov.my/c/portal/logout' successfully

2018-12-07 10:32:46 - [MESSAGE][PASSED] - Navigate to 'https://assist2-uat.perkeso.gov.my/c/portal/logout' successfully

2018-12-07 10:32:46 - [MESSAGE][PASSED] - Call Test Case 'Test Cases/Final Aug 2018 - PKS Automation/Registration Module/Log Out/log out avoiding katalon tagging' successfully

2018-12-07 10:32:46 - [TEST_STEP][PASSED] - callTestCase: Call Test Case 'Test Cases/Final Aug 2018 - PKS Automation/Registration Module/New Registration/Form 2/Date Updater' successfully

2018-12-07 10:32:46 - [TEST_CASE][PASSED] - Test Cases/Final Aug 2018 - PKS Automation/Registration Module/New Registration/Form 2/Date Updater: Test Cases/Final Aug 2018 - PKS Automation/Registration Module/New Registration/Form 2/Date Updater

2018-12-07 10:32:46 - [TEST_STEP][PASSED] - Statement - TodayDate = new java.util.Date(): null

2018-12-07 10:32:46 - [TEST_STEP][PASSED] - Statement - CurrentDateNoFilter = new java.text.SimpleDateFormat(): null

2018-12-07 10:32:46 - [TEST_STEP][PASSED] - Statement - CurrentDateNoFilter.applyPattern("MM"): null

2018-12-07 10:32:46 - [TEST_STEP][PASSED] - Statement - monthContainerMatcher = java.lang.Integer.parseInt(CurrentDateNoFilter.format(TodayDate)): null

2018-12-07 10:32:46 - [TEST_STEP][PASSED] - Statement - monthContainerMatcher = monthContainerMatcher - 1: null

2018-12-07 10:32:46 - [TEST_STEP][PASSED] - Statement - CurrentMonth = monthContainerMatcher.toString(): null

2018-12-07 10:32:46 - [TEST_STEP][PASSED] - Statement - CurrentMonth = CurrentMonth: null

2018-12-07 10:32:46 - [TEST_STEP][PASSED] - Statement - CurrentDateNoFilter.applyPattern("yyyy"): null

2018-12-07 10:32:46 - [TEST_STEP][PASSED] - Statement - CurrentYear = CurrentDateNoFilter.format(TodayDate): null

2018-12-07 10:32:46 - [TEST_STEP][PASSED] - Statement - CurrentYear = CurrentYear: null

2018-12-07 10:32:46 - [TEST_STEP][PASSED] - Statement - intCurrentYear = java.lang.Integer.parseInt(CurrentDateNoFilter.format(TodayDate)): null

2018-12-07 10:32:46 - [TEST_STEP][PASSED] - Statement - eighteenYrsAgo = intCurrentYear - 18: null

2018-12-07 10:32:46 - [TEST_STEP][PASSED] - Statement - eighteenYrsBeforeThisYr = eighteenYrsAgo.toString(): null

2018-12-07 10:32:46 - [TEST_STEP][PASSED] - Statement - EighteenYrsBefore = eighteenYrsBeforeThisYr: null

2018-12-07 10:32:46 - [TEST_STEP][PASSED] - Statement - fiftysevenYrsAgo = intCurrentYear - 57: null

2018-12-07 10:32:46 - [TEST_STEP][PASSED] - Statement - fiftysevenYrsBeforeThisYr = fiftysevenYrsAgo.toString(): null

2018-12-07 10:32:46 - [TEST_STEP][PASSED] - Statement - FiftysevenYrsBefore = fiftysevenYrsBeforeThisYr: null

2018-12-07 10:32:46 - [TEST_STEP][PASSED] - Statement - leapYear = false: null

2018-12-07 10:32:46 - [TEST_STEP][PASSED] - Statement - leapYear = intCurrentYear % 4 == 0: null

2018-12-07 10:32:46 - [TEST_STEP][PASSED] - Statement - CurrentDateNoFilter.applyPattern("dd"): null

2018-12-07 10:32:46 - [TEST_STEP][PASSED] - Statement - CurrentDate = CurrentDateNoFilter.format(TodayDate): null

2018-12-07 10:32:46 - [TEST_STEP][PASSED] - Statement - CurrentDate = java.lang.Integer.parseInt(CurrentDate): null

2018-12-07 10:32:46 - [TEST_STEP][PASSED] - Statement - CurrentDate = CurrentDate: null

2018-12-07 10:32:46 - [TEST_STEP][PASSED] - Statement - CurrentDay = java.lang.Integer.parseInt(CurrentDate): null

2018-12-07 10:32:46 - [TEST_STEP][PASSED] - Statement - ConfAdder = <not implemented yet for class: org.codehaus.groovy.ast.expr.EmptyExpression>: null

2018-12-07 10:32:46 - [TEST_STEP][PASSED] - Statement - out.println(CurrentMonth): null

2018-12-07 10:32:46 - [TEST_STEP][PASSED] - Statement - out.println(CurrentDate): null

2018-12-07 10:32:46 - [TEST_STEP][PASSED] - Statement - switch (CurrentDate): null

2018-12-07 10:32:46 - [TEST_STEP][PASSED] - Statement - Default: null

2018-12-07 10:32:46 - [TEST_STEP][PASSED] - Statement - ConfAdder = true: null

2018-12-07 10:32:46 - [TEST_STEP][PASSED] - Statement - Break: null

2018-12-07 10:32:46 - [TEST_STEP][PASSED] - Statement - aDayBefore = <not implemented yet for class: org.codehaus.groovy.ast.expr.EmptyExpression>: null

2018-12-07 10:32:46 - [TEST_STEP][PASSED] - Statement - out.println(ConfAdder): null

2018-12-07 10:32:46 - [TEST_STEP][PASSED] - Statement - If (ConfAdder == true): null

2018-12-07 10:32:46 - [TEST_STEP][PASSED] - Statement - aDayBefore = CurrentDay + 1: null

2018-12-07 10:32:46 - [TEST_STEP][PASSED] - Statement - out.println(aDayBefore): null

2018-12-07 10:32:46 - [TEST_STEP][PASSED] - Statement - If (aDayBefore == 1 && CurrentMonth == 11): null

2018-12-07 10:32:46 - [TEST_STEP][PASSED] - Statement - DayBefore = aDayBefore.toString(): null

2018-12-07 10:32:46 - [TEST_STEP][PASSED] - Statement - OneDayBefore = DayBefore: null

2018-12-07 10:32:46 - [MESSAGE][PASSED] - Call Test Case 'Test Cases/Final Aug 2018 - PKS Automation/Registration Module/New Registration/Form 2/Date Updater' successfully

2018-12-07 10:32:46 - [TEST_STEP][PASSED] - delay: Delayed 2 second(s)

2018-12-07 10:32:48 - [MESSAGE][PASSED] - Delayed 2 second(s)

2018-12-07 10:32:48 - [TEST_STEP][PASSED] - callTestCase: Call Test Case 'Test Cases/Final Aug 2018 - PKS Automation/Create Employer Acc/Login to Employer Account (Second time)' successfully

2018-12-07 10:32:49 - [TEST_CASE][PASSED] - Test Cases/Final Aug 2018 - PKS Automation/Create Employer Acc/Login to Employer Account (Second time): Test Cases/Final Aug 2018 - PKS Automation/Create Employer Acc/Login to Employer Account (Second time)

2018-12-07 10:32:49 - [TEST_STEP][PASSED] - openBrowser: Browser is opened with url: ''

2018-12-07 10:32:49 - [MESSAGE][WARNING] - A browser is already opened. Closing browser and opening a new one

2018-12-07 10:32:52 - [MESSAGE][PASSED] - Browser is opened with url: ''

2018-12-07 10:32:52 - [TEST_STEP][PASSED] - navigateToUrl: Navigate to 'https://assist2-uat.perkeso.gov.my/employer/login' successfully

2018-12-07 10:32:53 - [MESSAGE][PASSED] - Navigate to 'https://assist2-uat.perkeso.gov.my/employer/login' successfully

2018-12-07 10:32:53 - [TEST_STEP][PASSED] - delay: Delayed 3 second(s)

2018-12-07 10:32:56 - [MESSAGE][PASSED] - Delayed 3 second(s)

2018-12-07 10:32:56 - [TEST_STEP][PASSED] - callTestCase: Call Test Case 'Test Cases/Final Aug 2018 - PKS Automation/Create Employer Acc/Template/Employer Email Getter' successfully

2018-12-07 10:32:56 - [TEST_CASE][PASSED] - Test Cases/Final Aug 2018 - PKS Automation/Create Employer Acc/Template/Employer Email Getter: Test Cases/Final Aug 2018 - PKS Automation/Create Employer Acc/Template/Employer Email Getter

2018-12-07 10:32:56 - [TEST_STEP][PASSED] - Statement - Try: null

2018-12-07 10:32:56 - [TEST_STEP][PASSED] - Statement - EmpEmail = new java.io.File(C://Users//Admin//Desktop//PKS//Automation Reference Point//EmpEmail.txt): null

2018-12-07 10:32:56 - [TEST_STEP][PASSED] - Statement - bufferread = new java.io.BufferedReader(new java.io.FileReader(EmpEmail)): null

2018-12-07 10:32:56 - [TEST_STEP][PASSED] - Statement - readedVal = bufferread.readLine(): null

2018-12-07 10:32:56 - [TEST_STEP][PASSED] - Statement - out.println(readedVal): null

2018-12-07 10:32:56 - [TEST_STEP][PASSED] - Statement - Email = readedVal: null

2018-12-07 10:32:56 - [MESSAGE][PASSED] - Call Test Case 'Test Cases/Final Aug 2018 - PKS Automation/Create Employer Acc/Template/Employer Email Getter' successfully

2018-12-07 10:32:56 - [TEST_STEP][PASSED] - setText: Text 'perkeso462154824041@gmail.com' is set on object 'Object Repository/Final Object Repo/Login Page/External Login Page/Email'

2018-12-07 10:32:56 - [MESSAGE][PASSED] - Text 'perkeso462154824041@gmail.com' is set on object 'Object Repository/Final Object Repo/Login Page/External Login Page/Email'

2018-12-07 10:32:56 - [TEST_STEP][PASSED] - click: Object: 'Object Repository/Final Object Repo/Login Page/External Login Page/Next' is clicked on

2018-12-07 10:32:56 - [MESSAGE][PASSED] - Object: 'Object Repository/Final Object Repo/Login Page/External Login Page/Next' is clicked on

2018-12-07 10:32:56 - [TEST_STEP][PASSED] - delay: Delayed 3 second(s)

2018-12-07 10:32:59 - [MESSAGE][PASSED] - Delayed 3 second(s)

2018-12-07 10:32:59 - [TEST_STEP][PASSED] - setEncryptedText: Text ****** has been set on object 'Object Repository/Final Object Repo/Login Page/External Login Page/Password'

2018-12-07 10:33:00 - [MESSAGE][PASSED] - Text ****** has been set on object 'Object Repository/Final Object Repo/Login Page/External Login Page/Password'

2018-12-07 10:33:00 - [TEST_STEP][PASSED] - click: Object: 'Object Repository/Final Object Repo/Login Page/External Login Page/Login' is clicked on

2018-12-07 10:33:00 - [MESSAGE][PASSED] - Object: 'Object Repository/Final Object Repo/Login Page/External Login Page/Login' is clicked on

2018-12-07 10:33:00 - [TEST_STEP][PASSED] - delay: Delayed 5 second(s)

2018-12-07 10:33:05 - [MESSAGE][PASSED] - Delayed 5 second(s)

2018-12-07 10:33:05 - [MESSAGE][PASSED] - Call Test Case 'Test Cases/Final Aug 2018 - PKS Automation/Create Employer Acc/Login to Employer Account (Second time)' successfully

2018-12-07 10:33:05 - [TEST_STEP][PASSED] - delay: Delayed 4 second(s)

2018-12-07 10:33:09 - [MESSAGE][PASSED] - Delayed 4 second(s)

2018-12-07 10:33:09 - [TEST_STEP][PASSED] - Statement - Try: Delayed 2 second(s)

2018-12-07 10:33:09 - [TEST_STEP][PASSED] - Statement - Checker = false: null

2018-12-07 10:33:09 - [TEST_STEP][PASSED] - Statement - Checker = com.kms.katalon.core.webui.keyword.WebUiBuiltInKeywords.verifyElementHasAttribute(com.kms.katalon.core.testobject.ObjectRepository.findTestObject(Final Object Repo/Landing Page/BM Detecting), "href", 20, OPTIONAL): Object 'Object Repository/Final Object Repo/Landing Page/BM Detecting' has attribute 'href'

2018-12-07 10:33:09 - [MESSAGE][PASSED] - Object 'Object Repository/Final Object Repo/Landing Page/BM Detecting' has attribute 'href'

2018-12-07 10:33:09 - [TEST_STEP][PASSED] - Statement - out.println(Checker): null

2018-12-07 10:33:09 - [TEST_STEP][PASSED] - Statement - If (Checker == false): null

2018-12-07 10:33:09 - [TEST_STEP][PASSED] - Statement - Else: null

2018-12-07 10:33:09 - [TEST_STEP][PASSED] - delay: Delayed 2 second(s)

2018-12-07 10:33:11 - [MESSAGE][PASSED] - Delayed 2 second(s)

2018-12-07 10:33:11 - [TEST_STEP][PASSED] - delay: Delayed 4 second(s)

2018-12-07 10:33:15 - [MESSAGE][PASSED] - Delayed 4 second(s)

2018-12-07 10:33:15 - [TEST_STEP][PASSED] - click: Object: 'Object Repository/Final Object Repo/Page_Update Add New Employee - ASSIST/My Sites Drop Down' is clicked on

2018-12-07 10:33:15 - [MESSAGE][PASSED] - Object: 'Object Repository/Final Object Repo/Page_Update Add New Employee - ASSIST/My Sites Drop Down' is clicked on

2018-12-07 10:33:15 - [TEST_STEP][PASSED] - click: Object: 'Object Repository/Final Object Repo/Page_Update Add New Employee - ASSIST/Select to Registration Module' is clicked on

2018-12-07 10:33:20 - [MESSAGE][PASSED] - Object: 'Object Repository/Final Object Repo/Page_Update Add New Employee - ASSIST/Select to Registration Module' is clicked on

2018-12-07 10:33:20 - [TEST_STEP][PASSED] - navigateToUrl: Navigate to 'https://assist2-uat.perkeso.gov.my/web/registration/myassist' successfully

2018-12-07 10:33:24 - [MESSAGE][PASSED] - Navigate to 'https://assist2-uat.perkeso.gov.my/web/registration/myassist' successfully

2018-12-07 10:33:24 - [TEST_STEP][PASSED] - mouseOver: Object: 'Object Repository/Final Object Repo/Page_Update Add New Employee - ASSIST/Select to Update Akta 4 Tab' is hovered

2018-12-07 10:33:24 - [MESSAGE][PASSED] - Object: 'Object Repository/Final Object Repo/Page_Update Add New Employee - ASSIST/Select to Update Akta 4 Tab' is hovered

2018-12-07 10:33:24 - [TEST_STEP][PASSED] - delay: Delayed 2 second(s)

2018-12-07 10:33:26 - [MESSAGE][PASSED] - Delayed 2 second(s)

2018-12-07 10:33:26 - [TEST_STEP][PASSED] - click: Object: 'Object Repository/Final Object Repo/Page_Update Add New Employee - ASSIST/Select to Update Add New Employee' is clicked on

2018-12-07 10:33:27 - [MESSAGE][PASSED] - Object: 'Object Repository/Final Object Repo/Page_Update Add New Employee - ASSIST/Select to Update Add New Employee' is clicked on

2018-12-07 10:33:27 - [TEST_STEP][PASSED] - delay: Delayed 2 second(s)

2018-12-07 10:33:29 - [MESSAGE][PASSED] - Delayed 2 second(s)

2018-12-07 10:33:29 - [TEST_STEP][PASSED] - setText: Text 'E1102070666B' is set on object 'Object Repository/Final Object Repo/Page_Update Add New Employee - ASSIST/Employer Code input textbox'

2018-12-07 10:33:30 - [MESSAGE][PASSED] - Text 'E1102070666B' is set on object 'Object Repository/Final Object Repo/Page_Update Add New Employee - ASSIST/Employer Code input textbox'

2018-12-07 10:33:30 - [TEST_STEP][PASSED] - delay: Delayed 2 second(s)

2018-12-07 10:33:32 - [MESSAGE][PASSED] - Delayed 2 second(s)

2018-12-07 10:33:32 - [TEST_STEP][PASSED] - click: Object: 'Object Repository/Final Object Repo/Page_Update Add New Employee - ASSIST/Search Button for Employer Code' is clicked on

2018-12-07 10:33:32 - [MESSAGE][PASSED] - Object: 'Object Repository/Final Object Repo/Page_Update Add New Employee - ASSIST/Search Button for Employer Code' is clicked on

2018-12-07 10:33:32 - [TEST_STEP][PASSED] - delay: Delayed 4 second(s)

2018-12-07 10:33:36 - [MESSAGE][PASSED] - Delayed 4 second(s)

2018-12-07 10:33:36 - [TEST_STEP][PASSED] - click: Object: 'Object Repository/Final Object Repo/Page_Update Add New Employee - ASSIST/Click to Edit Case' is clicked on

2018-12-07 10:33:40 - [MESSAGE][PASSED] - Object: 'Object Repository/Final Object Repo/Page_Update Add New Employee - ASSIST/Click to Edit Case' is clicked on

2018-12-07 10:33:40 - [TEST_STEP][PASSED] - callTestCase: Call Test Case 'Test Cases/Final Aug 2018 - PKS Automation/Registration Module/Workflow/Update Add New Employee/Template/Employee Adding/Employee Adding Action liability date change - Employer Access' successfully

2018-12-07 10:33:40 - [TEST_CASE][PASSED] - Test Cases/Final Aug 2018 - PKS Automation/Registration Module/Workflow/Update Add New Employee/Template/Employee Adding/Employee Adding Action liability date change - Employer Access: Test Cases/Final Aug 2018 - PKS Automation/Registration Module/Workflow/Update Add New Employee/Template/Employee Adding/Employee Adding Action liability date change - Employer Access

2018-12-07 10:33:40 - [TEST_STEP][PASSED] - delay: Delayed 4 second(s)

2018-12-07 10:33:44 - [MESSAGE][PASSED] - Delayed 4 second(s)

2018-12-07 10:33:44 - [TEST_STEP][PASSED] - click: Object: 'Object Repository/Final Object Repo/Page_Update Add New Employee - ASSIST/Add Employee Button' is clicked on

2018-12-07 10:33:44 - [MESSAGE][PASSED] - Object: 'Object Repository/Final Object Repo/Page_Update Add New Employee - ASSIST/Add Employee Button' is clicked on

2018-12-07 10:33:44 - [TEST_STEP][PASSED] - delay: Delayed 3 second(s)

2018-12-07 10:33:47 - [MESSAGE][PASSED] - Delayed 3 second(s)

2018-12-07 10:33:47 - [TEST_STEP][PASSED] - setText: Text '830081009219' is set on object 'Object Repository/Final Object Repo/Page_Update Add New Employee - ASSIST/NRIC Input'

2018-12-07 10:33:48 - [MESSAGE][PASSED] - Text '830081009219' is set on object 'Object Repository/Final Object Repo/Page_Update Add New Employee - ASSIST/NRIC Input'

2018-12-07 10:33:48 - [TEST_STEP][PASSED] - delay: Delayed 2 second(s)

2018-12-07 10:33:50 - [MESSAGE][PASSED] - Delayed 2 second(s)

2018-12-07 10:33:50 - [TEST_STEP][PASSED] - setText: Text 'Automate002 Employee eligible 1' is set on object 'Object Repository/Final Object Repo/Page_Update Add New Employee - ASSIST/Employee Name Input'

2018-12-07 10:33:50 - [MESSAGE][PASSED] - Text 'Automate002 Employee eligible 1' is set on object 'Object Repository/Final Object Repo/Page_Update Add New Employee - ASSIST/Employee Name Input'

2018-12-07 10:33:50 - [TEST_STEP][PASSED] - delay: Delayed 2 second(s)

2018-12-07 10:33:52 - [MESSAGE][PASSED] - Delayed 2 second(s)

2018-12-07 10:33:52 - [TEST_STEP][PASSED] - click: Object: 'Object Repository/Final Object Repo/Page_Update Add New Employee - ASSIST/DatePicker Pop Up' is clicked on

2018-12-07 10:33:53 - [MESSAGE][PASSED] - Object: 'Object Repository/Final Object Repo/Page_Update Add New Employee - ASSIST/DatePicker Pop Up' is clicked on

2018-12-07 10:33:53 - [TEST_STEP][PASSED] - click: Object: 'Object Repository/Final Object Repo/Page_Update Add New Employee - ASSIST/DOB Month' is clicked on

2018-12-07 10:33:53 - [MESSAGE][PASSED] - Object: 'Object Repository/Final Object Repo/Page_Update Add New Employee - ASSIST/DOB Month' is clicked on

2018-12-07 10:33:53 - [TEST_STEP][PASSED] - Statement - CurrentMonth = CurrentMonth: null

2018-12-07 10:33:53 - [TEST_STEP][PASSED] - Statement - selectMonth = new com.kms.katalon.core.testobject.TestObject(): null

2018-12-07 10:33:53 - [TEST_STEP][PASSED] - Statement - selectMonth.addProperty("xpath", EQUALS, "//body/div/div/div/select/option[@value='" + CurrentMonth + "']", true): null

2018-12-07 10:33:53 - [TEST_STEP][PASSED] - click: Object: '' is clicked on

2018-12-07 10:33:53 - [MESSAGE][PASSED] - Object: '' is clicked on

2018-12-07 10:33:53 - [TEST_STEP][PASSED] - click: Object: 'Object Repository/Final Object Repo/Page_Update Add New Employee - ASSIST/DOB Year' is clicked on

2018-12-07 10:33:53 - [MESSAGE][PASSED] - Object: 'Object Repository/Final Object Repo/Page_Update Add New Employee - ASSIST/DOB Year' is clicked on

2018-12-07 10:33:53 - [TEST_STEP][PASSED] - Statement - Eyearsbf = EighteenYrsBefore: null

2018-12-07 10:33:53 - [TEST_STEP][PASSED] - Statement - selectYear = new com.kms.katalon.core.testobject.TestObject(): null

2018-12-07 10:33:53 - [TEST_STEP][PASSED] - Statement - selectYear.addProperty("xpath", EQUALS, "//div/div/div/select/option[@value='" + Eyearsbf + "']", true): null

2018-12-07 10:33:53 - [TEST_STEP][PASSED] - click: Object: '' is clicked on

2018-12-07 10:33:53 - [MESSAGE][PASSED] - Object: '' is clicked on

2018-12-07 10:33:53 - [TEST_STEP][PASSED] - Statement - UpdatedSelectDate = com.kms.katalon.core.webui.keyword.WebUiBuiltInKeywords.modifyObjectProperty(com.kms.katalon.core.testobject.ObjectRepository.findTestObject(Final Object Repo/Page_Update Add New Employee - ASSIST/DOB Date), "xpath", "equals", "//body/div/table/tbody/tr/td/a[text()="" + CurrentDate + ""]", true): Modify property of object successfully

2018-12-07 10:33:53 - [MESSAGE][PASSED] - Modify property of object successfully

2018-12-07 10:33:53 - [TEST_STEP][PASSED] - delay: Delayed 3 second(s)

2018-12-07 10:33:56 - [MESSAGE][PASSED] - Delayed 3 second(s)

2018-12-07 10:33:56 - [TEST_STEP][PASSED] - click: Object: 'Object Repository/Final Object Repo/Page_Update Add New Employee - ASSIST/DOB Date' is clicked on

2018-12-07 10:33:56 - [MESSAGE][PASSED] - Object: 'Object Repository/Final Object Repo/Page_Update Add New Employee - ASSIST/DOB Date' is clicked on

2018-12-07 10:33:56 - [TEST_STEP][PASSED] - delay: Delayed 2 second(s)

2018-12-07 10:33:58 - [MESSAGE][PASSED] - Delayed 2 second(s)

2018-12-07 10:33:58 - [TEST_STEP][PASSED] - click: Object: 'Object Repository/Final Object Repo/Page_Update Add New Employee - ASSIST/EmploymentStartDate Pop Up' is clicked on

2018-12-07 10:33:59 - [MESSAGE][PASSED] - Object: 'Object Repository/Final Object Repo/Page_Update Add New Employee - ASSIST/EmploymentStartDate Pop Up' is clicked on

2018-12-07 10:33:59 - [TEST_STEP][PASSED] - delay: Delayed 2 second(s)

2018-12-07 10:34:01 - [MESSAGE][PASSED] - Delayed 2 second(s)

2018-12-07 10:34:01 - [TEST_STEP][PASSED] - click: Object: 'Object Repository/Final Object Repo/Page_Update Add New Employee - ASSIST/Socso Employment StartDate Month' is clicked on

2018-12-07 10:34:01 - [MESSAGE][PASSED] - Object: 'Object Repository/Final Object Repo/Page_Update Add New Employee - ASSIST/Socso Employment StartDate Month' is clicked on

2018-12-07 10:34:01 - [TEST_STEP][PASSED] - delay: Delayed 1 second(s)

2018-12-07 10:34:02 - [MESSAGE][PASSED] - Delayed 1 second(s)

2018-12-07 10:34:02 - [TEST_STEP][PASSED] - click: Object: 'Object Repository/Final Object Repo/Page_Update Add New Employee - ASSIST/Select Socso Employement Startdate Month' is clicked on

2018-12-07 10:34:02 - [MESSAGE][PASSED] - Object: 'Object Repository/Final Object Repo/Page_Update Add New Employee - ASSIST/Select Socso Employement Startdate Month' is clicked on

2018-12-07 10:34:02 - [TEST_STEP][PASSED] - delay: Delayed 2 second(s)

2018-12-07 10:34:04 - [MESSAGE][PASSED] - Delayed 2 second(s)

2018-12-07 10:34:04 - [TEST_STEP][PASSED] - click: Object: 'Object Repository/Final Object Repo/Page_Update Add New Employee - ASSIST/Socso Employment StartDate Year' is clicked on

2018-12-07 10:34:04 - [MESSAGE][PASSED] - Object: 'Object Repository/Final Object Repo/Page_Update Add New Employee - ASSIST/Socso Employment StartDate Year' is clicked on

2018-12-07 10:34:04 - [TEST_STEP][PASSED] - delay: Delayed 1 second(s)

2018-12-07 10:34:05 - [MESSAGE][PASSED] - Delayed 1 second(s)

2018-12-07 10:34:05 - [TEST_STEP][PASSED] - click: Object: 'Object Repository/Final Object Repo/Page_Update Add New Employee - ASSIST/Select Socso Employment Startdate Year - Emp Update Add New' is clicked on

2018-12-07 10:34:05 - [MESSAGE][PASSED] - Object: 'Object Repository/Final Object Repo/Page_Update Add New Employee - ASSIST/Select Socso Employment Startdate Year - Emp Update Add New' is clicked on

2018-12-07 10:34:05 - [TEST_STEP][PASSED] - delay: Delayed 2 second(s)

2018-12-07 10:34:07 - [MESSAGE][PASSED] - Delayed 2 second(s)

2018-12-07 10:34:07 - [TEST_STEP][PASSED] - click: Object: 'Object Repository/Final Object Repo/Page_Update Add New Employee - ASSIST/Socso Employment Start Date Day' is clicked on

2018-12-07 10:34:08 - [MESSAGE][PASSED] - Object: 'Object Repository/Final Object Repo/Page_Update Add New Employee - ASSIST/Socso Employment Start Date Day' is clicked on

2018-12-07 10:34:08 - [TEST_STEP][PASSED] - delay: Delayed 2 second(s)

2018-12-07 10:34:10 - [MESSAGE][PASSED] - Delayed 2 second(s)

2018-12-07 10:34:10 - [TEST_STEP][PASSED] - click: Object: 'Object Repository/Final Object Repo/Page_Update Add New Employee - ASSIST/Save Button for Add Employee' is clicked on

2018-12-07 10:34:10 - [MESSAGE][PASSED] - Object: 'Object Repository/Final Object Repo/Page_Update Add New Employee - ASSIST/Save Button for Add Employee' is clicked on

2018-12-07 10:34:10 - [MESSAGE][PASSED] - Call Test Case 'Test Cases/Final Aug 2018 - PKS Automation/Registration Module/Workflow/Update Add New Employee/Template/Employee Adding/Employee Adding Action liability date change - Employer Access' successfully

2018-12-07 10:34:10 - [TEST_STEP][PASSED] - delay: Delayed 4 second(s)

2018-12-07 10:34:14 - [MESSAGE][PASSED] - Delayed 4 second(s)

2018-12-07 10:34:14 - [TEST_STEP][PASSED] - Statement - CaseReferenceNo = com.kms.katalon.core.webui.keyword.WebUiBuiltInKeywords.getText(com.kms.katalon.core.testobject.ObjectRepository.findTestObject(Final Object Repo/Page_Update Add New Employee - ASSIST/RefNo)): Text of object 'Object Repository/Final Object Repo/Page_Update Add New Employee - ASSIST/RefNo' is: 'CAN12201800002282'

2018-12-07 10:34:14 - [MESSAGE][PASSED] - Text of object 'Object Repository/Final Object Repo/Page_Update Add New Employee - ASSIST/RefNo' is: 'CAN12201800002282'

2018-12-07 10:34:14 - [TEST_STEP][PASSED] - callTestCase: Call Test Case 'Test Cases/Final Aug 2018 - PKS Automation/Common/Reference Number Setter' successfully

2018-12-07 10:34:14 - [TEST_CASE][PASSED] - Test Cases/Final Aug 2018 - PKS Automation/Common/Reference Number Setter: Test Cases/Final Aug 2018 - PKS Automation/Common/Reference Number Setter

2018-12-07 10:34:14 - [TEST_STEP][PASSED] - Statement - RefNoOldFile = new java.io.File(C://Users//Admin//Desktop//PKS//Automation Reference Point//KatalonReference.txt): null

2018-12-07 10:34:14 - [TEST_STEP][PASSED] - Statement - RefNoOldFile.delete(): null

2018-12-07 10:34:14 - [TEST_STEP][PASSED] - delay: Delayed 5 second(s)

2018-12-07 10:34:19 - [MESSAGE][PASSED] - Delayed 5 second(s)

2018-12-07 10:34:19 - [TEST_STEP][PASSED] - Statement - RefNo = new java.io.File(C://Users//Admin//Desktop//PKS//Automation Reference Point//KatalonReference.txt): null

2018-12-07 10:34:19 - [TEST_STEP][PASSED] - Statement - f2 = new java.io.FileWriter(RefNo, false): null

2018-12-07 10:34:19 - [TEST_STEP][PASSED] - Statement - f2.write(CaseReferenceNo): null

2018-12-07 10:34:19 - [TEST_STEP][PASSED] - Statement - f2.close(): null

2018-12-07 10:34:19 - [TEST_STEP][PASSED] - Statement - out.println("


" + CaseReferenceNo + "


"): null

2018-12-07 10:34:19 - [MESSAGE][PASSED] - Call Test Case 'Test Cases/Final Aug 2018 - PKS Automation/Common/Reference Number Setter' successfully

2018-12-07 10:34:19 - [TEST_STEP][PASSED] - delay: Delayed 5 second(s)

2018-12-07 10:34:24 - [MESSAGE][PASSED] - Delayed 5 second(s)

2018-12-07 10:34:24 - [TEST_STEP][PASSED] - click: Object: 'Object Repository/Final Object Repo/Page_Update Add New Employee - ASSIST/Save  Continue Button' is clicked on

2018-12-07 10:34:24 - [MESSAGE][PASSED] - Object: 'Object Repository/Final Object Repo/Page_Update Add New Employee - ASSIST/Save  Continue Button' is clicked on

2018-12-07 10:34:24 - [TEST_STEP][PASSED] - delay: Delayed 5 second(s)

2018-12-07 10:34:29 - [MESSAGE][PASSED] - Delayed 5 second(s)

2018-12-07 10:34:29 - [TEST_STEP][PASSED] - click: Object: 'Object Repository/Final Object Repo/Page_Update Add New Employee - ASSIST/Save  Continue Third Screen' is clicked on

2018-12-07 10:34:32 - [MESSAGE][PASSED] - Object: 'Object Repository/Final Object Repo/Page_Update Add New Employee - ASSIST/Save  Continue Third Screen' is clicked on

2018-12-07 10:34:32 - [TEST_STEP][PASSED] - delay: Delayed 4 second(s)

2018-12-07 10:34:36 - [MESSAGE][PASSED] - Delayed 4 second(s)

2018-12-07 10:34:36 - [TEST_STEP][PASSED] - click: Object: 'Object Repository/Final Object Repo/Page_Update Add New Employee - ASSIST/Save   Continue Supporting Doc Page' is clicked on

2018-12-07 10:34:37 - [MESSAGE][PASSED] - Object: 'Object Repository/Final Object Repo/Page_Update Add New Employee - ASSIST/Save   Continue Supporting Doc Page' is clicked on

2018-12-07 10:34:37 - [TEST_STEP][PASSED] - delay: Delayed 4 second(s)

2018-12-07 10:34:41 - [MESSAGE][PASSED] - Delayed 4 second(s)

2018-12-07 10:34:41 - [TEST_STEP][PASSED] - click: Object: 'Object Repository/Final Object Repo/Page_Update Add New Employee - ASSIST/Submit Button' is clicked on

2018-12-07 10:34:41 - [MESSAGE][PASSED] - Object: 'Object Repository/Final Object Repo/Page_Update Add New Employee - ASSIST/Submit Button' is clicked on

2018-12-07 10:34:41 - [TEST_STEP][PASSED] - delay: Delayed 4 second(s)

2018-12-07 10:34:45 - [MESSAGE][PASSED] - Delayed 4 second(s)

2018-12-07 10:34:45 - [TEST_STEP][PASSED] - click: Object: 'Object Repository/Final Object Repo/Page_Update Add New Employee - ASSIST/Confirm Submit Button' is clicked on

2018-12-07 10:34:45 - [MESSAGE][PASSED] - Object: 'Object Repository/Final Object Repo/Page_Update Add New Employee - ASSIST/Confirm Submit Button' is clicked on

2018-12-07 10:34:45 - [TEST_STEP][PASSED] - delay: Delayed 30 second(s)

2018-12-07 10:35:15 - [MESSAGE][PASSED] - Delayed 30 second(s)

2018-12-07 10:35:15 - [TEST_STEP][PASSED] - callTestCase: Call Test Case 'Test Cases/Final Aug 2018 - PKS Automation/Common/Screenshoting tool' successfully

2018-12-07 10:35:15 - [TEST_CASE][PASSED] - Test Cases/Final Aug 2018 - PKS Automation/Common/Screenshoting tool: Test Cases/Final Aug 2018 - PKS Automation/Common/Screenshoting tool

2018-12-07 10:35:15 - [TEST_STEP][PASSED] - delay: Delayed 15 second(s)

2018-12-07 10:35:30 - [MESSAGE][PASSED] - Delayed 15 second(s)

2018-12-07 10:35:30 - [TEST_STEP][PASSED] - Statement - driver = com.kms.katalon.core.webui.driver.DriverFactory.getWebDriver(): null

2018-12-07 10:35:30 - [TEST_STEP][PASSED] - Statement - driver.manage().timeouts().implicitlyWait(10, SECONDS): null

2018-12-07 10:35:30 - [TEST_STEP][PASSED] - Statement - PresavePath = KatalonScreenshots: null

2018-12-07 10:35:30 - [TEST_STEP][PASSED] - Statement - pathPrefix = "C:\Users\Public\Pictures\Sample Pictures\Katalon Screenshots\Automate Ending Screen": null

2018-12-07 10:35:30 - [TEST_STEP][PASSED] - Statement - finalPath = <not implemented yet for class: org.codehaus.groovy.ast.expr.EmptyExpression>: null

2018-12-07 10:35:30 - [TEST_STEP][PASSED] - Statement - scrFile = driver.getScreenshotAs(FILE): null

2018-12-07 10:35:30 - [TEST_STEP][PASSED] - Statement - PreSaveFile = new java.io.File(PresavePath): null

2018-12-07 10:35:30 - [TEST_STEP][PASSED] - Statement - counter = 0: null

2018-12-07 10:35:30 - [TEST_STEP][PASSED] - Statement - If (PreSaveFile.exists()): null

2018-12-07 10:35:30 - [TEST_STEP][PASSED] - Statement - While (PreSaveFile.exists()): null

2018-12-07 10:35:30 - [TEST_STEP][PASSED] - Statement - counter = counter + 1: null

2018-12-07 10:35:30 - [TEST_STEP][PASSED] - Statement - PreSaveFile = new java.io.File(((pathPrefix + java.lang.Integer.toString(counter)) + .png)): null

2018-12-07 10:35:30 - [TEST_STEP][PASSED] - Statement - counter = counter + 1: null

2018-12-07 10:35:30 - [TEST_STEP][PASSED] - Statement - PreSaveFile = new java.io.File(((pathPrefix + java.lang.Integer.toString(counter)) + .png)): null

2018-12-07 10:35:30 - [TEST_STEP][PASSED] - Statement - counter = counter + 1: null

2018-12-07 10:35:30 - [TEST_STEP][PASSED] - Statement - PreSaveFile = new java.io.File(((pathPrefix + java.lang.Integer.toString(counter)) + .png)): null

2018-12-07 10:35:30 - [TEST_STEP][PASSED] - Statement - counter = counter + 1: null

2018-12-07 10:35:30 - [TEST_STEP][PASSED] - Statement - PreSaveFile = new java.io.File(((pathPrefix + java.lang.Integer.toString(counter)) + .png)): null

2018-12-07 10:35:30 - [TEST_STEP][PASSED] - Statement - counter = counter + 1: null

2018-12-07 10:35:30 - [TEST_STEP][PASSED] - Statement - PreSaveFile = new java.io.File(((pathPrefix + java.lang.Integer.toString(counter)) + .png)): null

2018-12-07 10:35:30 - [TEST_STEP][PASSED] - Statement - counter = counter + 1: null

2018-12-07 10:35:30 - [TEST_STEP][PASSED] - Statement - PreSaveFile = new java.io.File(((pathPrefix + java.lang.Integer.toString(counter)) + .png)): null

2018-12-07 10:35:30 - [TEST_STEP][PASSED] - Statement - counter = counter + 1: null

2018-12-07 10:35:30 - [TEST_STEP][PASSED] - Statement - PreSaveFile = new java.io.File(((pathPrefix + java.lang.Integer.toString(counter)) + .png)): null

2018-12-07 10:35:30 - [TEST_STEP][PASSED] - Statement - counter = counter + 1: null

2018-12-07 10:35:30 - [TEST_STEP][PASSED] - Statement - PreSaveFile = new java.io.File(((pathPrefix + java.lang.Integer.toString(counter)) + .png)): null

2018-12-07 10:35:30 - [TEST_STEP][PASSED] - Statement - counter = counter + 1: null

2018-12-07 10:35:30 - [TEST_STEP][PASSED] - Statement - PreSaveFile = new java.io.File(((pathPrefix + java.lang.Integer.toString(counter)) + .png)): null

2018-12-07 10:35:30 - [TEST_STEP][PASSED] - Statement - counter = counter + 1: null

2018-12-07 10:35:30 - [TEST_STEP][PASSED] - Statement - PreSaveFile = new java.io.File(((pathPrefix + java.lang.Integer.toString(counter)) + .png)): null

2018-12-07 10:35:30 - [TEST_STEP][PASSED] - Statement - counter = counter + 1: null

2018-12-07 10:35:30 - [TEST_STEP][PASSED] - Statement - PreSaveFile = new java.io.File(((pathPrefix + java.lang.Integer.toString(counter)) + .png)): null

2018-12-07 10:35:30 - [TEST_STEP][PASSED] - Statement - counter = counter + 1: null

2018-12-07 10:35:30 - [TEST_STEP][PASSED] - Statement - PreSaveFile = new java.io.File(((pathPrefix + java.lang.Integer.toString(counter)) + .png)): null

2018-12-07 10:35:30 - [TEST_STEP][PASSED] - Statement - counter = counter + 1: null

2018-12-07 10:35:30 - [TEST_STEP][PASSED] - Statement - PreSaveFile = new java.io.File(((pathPrefix + java.lang.Integer.toString(counter)) + .png)): null

2018-12-07 10:35:30 - [TEST_STEP][PASSED] - Statement - counter = counter + 1: null

2018-12-07 10:35:30 - [TEST_STEP][PASSED] - Statement - PreSaveFile = new java.io.File(((pathPrefix + java.lang.Integer.toString(counter)) + .png)): null

2018-12-07 10:35:30 - [TEST_STEP][PASSED] - Statement - counter = counter + 1: null

2018-12-07 10:35:30 - [TEST_STEP][PASSED] - Statement - PreSaveFile = new java.io.File(((pathPrefix + java.lang.Integer.toString(counter)) + .png)): null

2018-12-07 10:35:30 - [TEST_STEP][PASSED] - Statement - counter = counter + 1: null

2018-12-07 10:35:30 - [TEST_STEP][PASSED] - Statement - PreSaveFile = new java.io.File(((pathPrefix + java.lang.Integer.toString(counter)) + .png)): null

2018-12-07 10:35:30 - [TEST_STEP][PASSED] - Statement - counter = counter + 1: null

2018-12-07 10:35:30 - [TEST_STEP][PASSED] - Statement - PreSaveFile = new java.io.File(((pathPrefix + java.lang.Integer.toString(counter)) + .png)): null

2018-12-07 10:35:30 - [TEST_STEP][PASSED] - Statement - counter = counter + 1: null

2018-12-07 10:35:31 - [TEST_STEP][PASSED] - Statement - PreSaveFile = new java.io.File(((pathPrefix + java.lang.Integer.toString(counter)) + .png)): null

2018-12-07 10:35:31 - [TEST_STEP][PASSED] - Statement - counter = counter + 1: null

2018-12-07 10:35:31 - [TEST_STEP][PASSED] - Statement - PreSaveFile = new java.io.File(((pathPrefix + java.lang.Integer.toString(counter)) + .png)): null

2018-12-07 10:35:31 - [TEST_STEP][PASSED] - Statement - counter = counter + 1: null

2018-12-07 10:35:31 - [TEST_STEP][PASSED] - Statement - PreSaveFile = new java.io.File(((pathPrefix + java.lang.Integer.toString(counter)) + .png)): null

2018-12-07 10:35:31 - [TEST_STEP][PASSED] - Statement - counter = counter + 1: null

2018-12-07 10:35:31 - [TEST_STEP][PASSED] - Statement - PreSaveFile = new java.io.File(((pathPrefix + java.lang.Integer.toString(counter)) + .png)): null

2018-12-07 10:35:31 - [TEST_STEP][PASSED] - Statement - counter = counter + 1: null

2018-12-07 10:35:31 - [TEST_STEP][PASSED] - Statement - PreSaveFile = new java.io.File(((pathPrefix + java.lang.Integer.toString(counter)) + .png)): null

2018-12-07 10:35:31 - [TEST_STEP][PASSED] - Statement - counter = counter + 1: null

2018-12-07 10:35:31 - [TEST_STEP][PASSED] - Statement - PreSaveFile = new java.io.File(((pathPrefix + java.lang.Integer.toString(counter)) + .png)): null

2018-12-07 10:35:31 - [TEST_STEP][PASSED] - Statement - counter = counter + 1: null

2018-12-07 10:35:31 - [TEST_STEP][PASSED] - Statement - PreSaveFile = new java.io.File(((pathPrefix + java.lang.Integer.toString(counter)) + .png)): null

2018-12-07 10:35:31 - [TEST_STEP][PASSED] - Statement - counter = counter + 1: null

2018-12-07 10:35:31 - [TEST_STEP][PASSED] - Statement - PreSaveFile = new java.io.File(((pathPrefix + java.lang.Integer.toString(counter)) + .png)): null

2018-12-07 10:35:31 - [TEST_STEP][PASSED] - Statement - counter = counter + 1: null

2018-12-07 10:35:31 - [TEST_STEP][PASSED] - Statement - PreSaveFile = new java.io.File(((pathPrefix + java.lang.Integer.toString(counter)) + .png)): null

2018-12-07 10:35:31 - [TEST_STEP][PASSED] - Statement - counter = counter + 1: null

2018-12-07 10:35:31 - [TEST_STEP][PASSED] - Statement - PreSaveFile = new java.io.File(((pathPrefix + java.lang.Integer.toString(counter)) + .png)): null

2018-12-07 10:35:31 - [TEST_STEP][PASSED] - Statement - counter = counter + 1: null

2018-12-07 10:35:31 - [TEST_STEP][PASSED] - Statement - PreSaveFile = new java.io.File(((pathPrefix + java.lang.Integer.toString(counter)) + .png)): null

2018-12-07 10:35:31 - [TEST_STEP][PASSED] - Statement - counter = counter + 1: null

2018-12-07 10:35:32 - [TEST_STEP][PASSED] - Statement - PreSaveFile = new java.io.File(((pathPrefix + java.lang.Integer.toString(counter)) + .png)): null

2018-12-07 10:35:32 - [TEST_STEP][PASSED] - Statement - counter = counter + 1: null

2018-12-07 10:35:32 - [TEST_STEP][PASSED] - Statement - PreSaveFile = new java.io.File(((pathPrefix + java.lang.Integer.toString(counter)) + .png)): null

2018-12-07 10:35:32 - [TEST_STEP][PASSED] - Statement - counter = counter + 1: null

2018-12-07 10:35:32 - [TEST_STEP][PASSED] - Statement - PreSaveFile = new java.io.File(((pathPrefix + java.lang.Integer.toString(counter)) + .png)): null

2018-12-07 10:35:32 - [TEST_STEP][PASSED] - Statement - counter = counter + 1: null

2018-12-07 10:35:32 - [TEST_STEP][PASSED] - Statement - PreSaveFile = new java.io.File(((pathPrefix + java.lang.Integer.toString(counter)) + .png)): null

2018-12-07 10:35:32 - [TEST_STEP][PASSED] - Statement - counter = counter + 1: null

2018-12-07 10:35:32 - [TEST_STEP][PASSED] - Statement - PreSaveFile = new java.io.File(((pathPrefix + java.lang.Integer.toString(counter)) + .png)): null

2018-12-07 10:35:32 - [TEST_STEP][PASSED] - Statement - counter = counter + 1: null

2018-12-07 10:35:32 - [TEST_STEP][PASSED] - Statement - PreSaveFile = new java.io.File(((pathPrefix + java.lang.Integer.toString(counter)) + .png)): null

2018-12-07 10:35:32 - [TEST_STEP][PASSED] - Statement - counter = counter + 1: null

2018-12-07 10:35:32 - [TEST_STEP][PASSED] - Statement - PreSaveFile = new java.io.File(((pathPrefix + java.lang.Integer.toString(counter)) + .png)): null

2018-12-07 10:35:32 - [TEST_STEP][PASSED] - Statement - counter = counter + 1: null

2018-12-07 10:35:32 - [TEST_STEP][PASSED] - Statement - PreSaveFile = new java.io.File(((pathPrefix + java.lang.Integer.toString(counter)) + .png)): null

2018-12-07 10:35:32 - [TEST_STEP][PASSED] - Statement - counter = counter + 1: null

2018-12-07 10:35:32 - [TEST_STEP][PASSED] - Statement - PreSaveFile = new java.io.File(((pathPrefix + java.lang.Integer.toString(counter)) + .png)): null

2018-12-07 10:35:32 - [TEST_STEP][PASSED] - Statement - counter = counter + 1: null

2018-12-07 10:35:32 - [TEST_STEP][PASSED] - Statement - PreSaveFile = new java.io.File(((pathPrefix + java.lang.Integer.toString(counter)) + .png)): null

2018-12-07 10:35:32 - [TEST_STEP][PASSED] - Statement - counter = counter + 1: null

2018-12-07 10:35:32 - [TEST_STEP][PASSED] - Statement - PreSaveFile = new java.io.File(((pathPrefix + java.lang.Integer.toString(counter)) + .png)): null

2018-12-07 10:35:32 - [TEST_STEP][PASSED] - Statement - counter = counter + 1: null

2018-12-07 10:35:32 - [TEST_STEP][PASSED] - Statement - PreSaveFile = new java.io.File(((pathPrefix + java.lang.Integer.toString(counter)) + .png)): null

2018-12-07 10:35:32 - [TEST_STEP][PASSED] - Statement - counter = counter + 1: null

2018-12-07 10:35:32 - [TEST_STEP][PASSED] - Statement - PreSaveFile = new java.io.File(((pathPrefix + java.lang.Integer.toString(counter)) + .png)): null

2018-12-07 10:35:32 - [TEST_STEP][PASSED] - Statement - counter = counter + 1: null

2018-12-07 10:35:32 - [TEST_STEP][PASSED] - Statement - PreSaveFile = new java.io.File(((pathPrefix + java.lang.Integer.toString(counter)) + .png)): null

2018-12-07 10:35:32 - [TEST_STEP][PASSED] - Statement - counter = counter + 1: null

2018-12-07 10:35:32 - [TEST_STEP][PASSED] - Statement - PreSaveFile = new java.io.File(((pathPrefix + java.lang.Integer.toString(counter)) + .png)): null

2018-12-07 10:35:32 - [TEST_STEP][PASSED] - Statement - counter = counter + 1: null

2018-12-07 10:35:32 - [TEST_STEP][PASSED] - Statement - PreSaveFile = new java.io.File(((pathPrefix + java.lang.Integer.toString(counter)) + .png)): null

2018-12-07 10:35:32 - [TEST_STEP][PASSED] - Statement - counter = counter + 1: null

2018-12-07 10:35:32 - [TEST_STEP][PASSED] - Statement - PreSaveFile = new java.io.File(((pathPrefix + java.lang.Integer.toString(counter)) + .png)): null

2018-12-07 10:35:32 - [TEST_STEP][PASSED] - Statement - counter = counter + 1: null

2018-12-07 10:35:32 - [TEST_STEP][PASSED] - Statement - PreSaveFile = new java.io.File(((pathPrefix + java.lang.Integer.toString(counter)) + .png)): null

2018-12-07 10:35:32 - [TEST_STEP][PASSED] - Statement - counter = counter + 1: null

2018-12-07 10:35:32 - [TEST_STEP][PASSED] - Statement - PreSaveFile = new java.io.File(((pathPrefix + java.lang.Integer.toString(counter)) + .png)): null

2018-12-07 10:35:32 - [TEST_STEP][PASSED] - Statement - counter = counter + 1: null

2018-12-07 10:35:33 - [TEST_STEP][PASSED] - Statement - PreSaveFile = new java.io.File(((pathPrefix + java.lang.Integer.toString(counter)) + .png)): null

2018-12-07 10:35:33 - [TEST_STEP][PASSED] - Statement - counter = counter + 1: null

2018-12-07 10:35:33 - [TEST_STEP][PASSED] - Statement - PreSaveFile = new java.io.File(((pathPrefix + java.lang.Integer.toString(counter)) + .png)): null

2018-12-07 10:35:33 - [TEST_STEP][PASSED] - Statement - counter = counter + 1: null

2018-12-07 10:35:33 - [TEST_STEP][PASSED] - Statement - PreSaveFile = new java.io.File(((pathPrefix + java.lang.Integer.toString(counter)) + .png)): null

2018-12-07 10:35:33 - [TEST_STEP][PASSED] - Statement - counter = counter + 1: null

2018-12-07 10:35:33 - [TEST_STEP][PASSED] - Statement - PreSaveFile = new java.io.File(((pathPrefix + java.lang.Integer.toString(counter)) + .png)): null

2018-12-07 10:35:33 - [TEST_STEP][PASSED] - Statement - counter = counter + 1: null

2018-12-07 10:35:33 - [TEST_STEP][PASSED] - Statement - PreSaveFile = new java.io.File(((pathPrefix + java.lang.Integer.toString(counter)) + .png)): null

2018-12-07 10:35:33 - [TEST_STEP][PASSED] - Statement - counter = counter + 1: null

2018-12-07 10:35:33 - [TEST_STEP][PASSED] - Statement - PreSaveFile = new java.io.File(((pathPrefix + java.lang.Integer.toString(counter)) + .png)): null

2018-12-07 10:35:33 - [TEST_STEP][PASSED] - Statement - counter = counter + 1: null

2018-12-07 10:35:33 - [TEST_STEP][PASSED] - Statement - PreSaveFile = new java.io.File(((pathPrefix + java.lang.Integer.toString(counter)) + .png)): null

2018-12-07 10:35:33 - [TEST_STEP][PASSED] - Statement - counter = counter + 1: null

2018-12-07 10:35:33 - [TEST_STEP][PASSED] - Statement - PreSaveFile = new java.io.File(((pathPrefix + java.lang.Integer.toString(counter)) + .png)): null

2018-12-07 10:35:33 - [TEST_STEP][PASSED] - Statement - counter = counter + 1: null

2018-12-07 10:35:33 - [TEST_STEP][PASSED] - Statement - PreSaveFile = new java.io.File(((pathPrefix + java.lang.Integer.toString(counter)) + .png)): null

2018-12-07 10:35:33 - [TEST_STEP][PASSED] - Statement - counter = counter + 1: null

2018-12-07 10:35:33 - [TEST_STEP][PASSED] - Statement - PreSaveFile = new java.io.File(((pathPrefix + java.lang.Integer.toString(counter)) + .png)): null

2018-12-07 10:35:33 - [TEST_STEP][PASSED] - Statement - counter = counter + 1: null

2018-12-07 10:35:33 - [TEST_STEP][PASSED] - Statement - PreSaveFile = new java.io.File(((pathPrefix + java.lang.Integer.toString(counter)) + .png)): null

2018-12-07 10:35:33 - [TEST_STEP][PASSED] - Statement - counter = counter + 1: null

2018-12-07 10:35:33 - [TEST_STEP][PASSED] - Statement - PreSaveFile = new java.io.File(((pathPrefix + java.lang.Integer.toString(counter)) + .png)): null

2018-12-07 10:35:33 - [TEST_STEP][PASSED] - Statement - counter = counter + 1: null

2018-12-07 10:35:33 - [TEST_STEP][PASSED] - Statement - PreSaveFile = new java.io.File(((pathPrefix + java.lang.Integer.toString(counter)) + .png)): null

2018-12-07 10:35:33 - [TEST_STEP][PASSED] - Statement - counter = counter + 1: null

2018-12-07 10:35:33 - [TEST_STEP][PASSED] - Statement - PreSaveFile = new java.io.File(((pathPrefix + java.lang.Integer.toString(counter)) + .png)): null

2018-12-07 10:35:33 - [TEST_STEP][PASSED] - Statement - counter = counter + 1: null

2018-12-07 10:35:34 - [TEST_STEP][PASSED] - Statement - PreSaveFile = new java.io.File(((pathPrefix + java.lang.Integer.toString(counter)) + .png)): null

2018-12-07 10:35:34 - [TEST_STEP][PASSED] - Statement - counter = counter + 1: null

2018-12-07 10:35:34 - [TEST_STEP][PASSED] - Statement - PreSaveFile = new java.io.File(((pathPrefix + java.lang.Integer.toString(counter)) + .png)): null

2018-12-07 10:35:34 - [TEST_STEP][PASSED] - Statement - counter = counter + 1: null

2018-12-07 10:35:34 - [TEST_STEP][PASSED] - Statement - PreSaveFile = new java.io.File(((pathPrefix + java.lang.Integer.toString(counter)) + .png)): null

2018-12-07 10:35:34 - [TEST_STEP][PASSED] - Statement - counter = counter + 1: null

2018-12-07 10:35:34 - [TEST_STEP][PASSED] - Statement - PreSaveFile = new java.io.File(((pathPrefix + java.lang.Integer.toString(counter)) + .png)): null

2018-12-07 10:35:34 - [TEST_STEP][PASSED] - Statement - counter = counter + 1: null

2018-12-07 10:35:34 - [TEST_STEP][PASSED] - Statement - PreSaveFile = new java.io.File(((pathPrefix + java.lang.Integer.toString(counter)) + .png)): null

2018-12-07 10:35:34 - [TEST_STEP][PASSED] - Statement - counter = counter + 1: null

2018-12-07 10:35:34 - [TEST_STEP][PASSED] - Statement - PreSaveFile = new java.io.File(((pathPrefix + java.lang.Integer.toString(counter)) + .png)): null

2018-12-07 10:35:34 - [TEST_STEP][PASSED] - Statement - counter = counter + 1: null

2018-12-07 10:35:34 - [TEST_STEP][PASSED] - Statement - PreSaveFile = new java.io.File(((pathPrefix + java.lang.Integer.toString(counter)) + .png)): null

2018-12-07 10:35:34 - [TEST_STEP][PASSED] - Statement - counter = counter + 1: null

2018-12-07 10:35:34 - [TEST_STEP][PASSED] - Statement - PreSaveFile = new java.io.File(((pathPrefix + java.lang.Integer.toString(counter)) + .png)): null

2018-12-07 10:35:34 - [TEST_STEP][PASSED] - Statement - counter = counter + 1: null

2018-12-07 10:35:34 - [TEST_STEP][PASSED] - Statement - PreSaveFile = new java.io.File(((pathPrefix + java.lang.Integer.toString(counter)) + .png)): null

2018-12-07 10:35:34 - [TEST_STEP][PASSED] - Statement - counter = counter + 1: null

2018-12-07 10:35:34 - [TEST_STEP][PASSED] - Statement - PreSaveFile = new java.io.File(((pathPrefix + java.lang.Integer.toString(counter)) + .png)): null

2018-12-07 10:35:34 - [TEST_STEP][PASSED] - Statement - counter = counter + 1: null

2018-12-07 10:35:34 - [TEST_STEP][PASSED] - Statement - PreSaveFile = new java.io.File(((pathPrefix + java.lang.Integer.toString(counter)) + .png)): null

2018-12-07 10:35:34 - [TEST_STEP][PASSED] - Statement - counter = counter + 1: null

2018-12-07 10:35:34 - [TEST_STEP][PASSED] - Statement - PreSaveFile = new java.io.File(((pathPrefix + java.lang.Integer.toString(counter)) + .png)): null

2018-12-07 10:35:34 - [TEST_STEP][PASSED] - Statement - counter = counter + 1: null

2018-12-07 10:35:34 - [TEST_STEP][PASSED] - Statement - PreSaveFile = new java.io.File(((pathPrefix + java.lang.Integer.toString(counter)) + .png)): null

2018-12-07 10:35:34 - [TEST_STEP][PASSED] - Statement - counter = counter + 1: null

2018-12-07 10:35:34 - [TEST_STEP][PASSED] - Statement - PreSaveFile = new java.io.File(((pathPrefix + java.lang.Integer.toString(counter)) + .png)): null

2018-12-07 10:35:34 - [TEST_STEP][PASSED] - Statement - counter = counter + 1: null

2018-12-07 10:35:34 - [TEST_STEP][PASSED] - Statement - PreSaveFile = new java.io.File(((pathPrefix + java.lang.Integer.toString(counter)) + .png)): null

2018-12-07 10:35:34 - [TEST_STEP][PASSED] - Statement - counter = counter + 1: null

2018-12-07 10:35:34 - [TEST_STEP][PASSED] - Statement - PreSaveFile = new java.io.File(((pathPrefix + java.lang.Integer.toString(counter)) + .png)): null

2018-12-07 10:35:34 - [TEST_STEP][PASSED] - Statement - counter = counter + 1: null

2018-12-07 10:35:34 - [TEST_STEP][PASSED] - Statement - PreSaveFile = new java.io.File(((pathPrefix + java.lang.Integer.toString(counter)) + .png)): null

2018-12-07 10:35:34 - [TEST_STEP][PASSED] - Statement - counter = counter + 1: null

2018-12-07 10:35:34 - [TEST_STEP][PASSED] - Statement - PreSaveFile = new java.io.File(((pathPrefix + java.lang.Integer.toString(counter)) + .png)): null

2018-12-07 10:35:34 - [TEST_STEP][PASSED] - Statement - counter = counter + 1: null

2018-12-07 10:35:34 - [TEST_STEP][PASSED] - Statement - PreSaveFile = new java.io.File(((pathPrefix + java.lang.Integer.toString(counter)) + .png)): null

2018-12-07 10:35:34 - [TEST_STEP][PASSED] - Statement - counter = counter + 1: null

2018-12-07 10:35:35 - [TEST_STEP][PASSED] - Statement - PreSaveFile = new java.io.File(((pathPrefix + java.lang.Integer.toString(counter)) + .png)): null

2018-12-07 10:35:35 - [TEST_STEP][PASSED] - Statement - counter = counter + 1: null

2018-12-07 10:35:35 - [TEST_STEP][PASSED] - Statement - PreSaveFile = new java.io.File(((pathPrefix + java.lang.Integer.toString(counter)) + .png)): null

2018-12-07 10:35:35 - [TEST_STEP][PASSED] - Statement - counter = counter + 1: null

2018-12-07 10:35:35 - [TEST_STEP][PASSED] - Statement - PreSaveFile = new java.io.File(((pathPrefix + java.lang.Integer.toString(counter)) + .png)): null

2018-12-07 10:35:35 - [TEST_STEP][PASSED] - Statement - counter = counter + 1: null

2018-12-07 10:35:35 - [TEST_STEP][PASSED] - Statement - PreSaveFile = new java.io.File(((pathPrefix + java.lang.Integer.toString(counter)) + .png)): null

2018-12-07 10:35:35 - [TEST_STEP][PASSED] - Statement - counter = counter + 1: null

2018-12-07 10:35:35 - [TEST_STEP][PASSED] - Statement - PreSaveFile = new java.io.File(((pathPrefix + java.lang.Integer.toString(counter)) + .png)): null

2018-12-07 10:35:35 - [TEST_STEP][PASSED] - Statement - counter = counter + 1: null

2018-12-07 10:35:35 - [TEST_STEP][PASSED] - Statement - PreSaveFile = new java.io.File(((pathPrefix + java.lang.Integer.toString(counter)) + .png)): null

2018-12-07 10:35:35 - [TEST_STEP][PASSED] - Statement - counter = counter + 1: null

2018-12-07 10:35:35 - [TEST_STEP][PASSED] - Statement - PreSaveFile = new java.io.File(((pathPrefix + java.lang.Integer.toString(counter)) + .png)): null

2018-12-07 10:35:35 - [TEST_STEP][PASSED] - Statement - counter = counter + 1: null

2018-12-07 10:35:35 - [TEST_STEP][PASSED] - Statement - PreSaveFile = new java.io.File(((pathPrefix + java.lang.Integer.toString(counter)) + .png)): null

2018-12-07 10:35:35 - [TEST_STEP][PASSED] - Statement - counter = counter + 1: null

2018-12-07 10:35:35 - [TEST_STEP][PASSED] - Statement - PreSaveFile = new java.io.File(((pathPrefix + java.lang.Integer.toString(counter)) + .png)): null

2018-12-07 10:35:35 - [TEST_STEP][PASSED] - Statement - counter = counter + 1: null

2018-12-07 10:35:35 - [TEST_STEP][PASSED] - Statement - PreSaveFile = new java.io.File(((pathPrefix + java.lang.Integer.toString(counter)) + .png)): null

2018-12-07 10:35:35 - [TEST_STEP][PASSED] - Statement - counter = counter + 1: null

2018-12-07 10:35:35 - [TEST_STEP][PASSED] - Statement - PreSaveFile = new java.io.File(((pathPrefix + java.lang.Integer.toString(counter)) + .png)): null

2018-12-07 10:35:35 - [TEST_STEP][PASSED] - Statement - counter = counter + 1: null

2018-12-07 10:35:35 - [TEST_STEP][PASSED] - Statement - PreSaveFile = new java.io.File(((pathPrefix + java.lang.Integer.toString(counter)) + .png)): null

2018-12-07 10:35:35 - [TEST_STEP][PASSED] - Statement - counter = counter + 1: null

2018-12-07 10:35:35 - [TEST_STEP][PASSED] - Statement - PreSaveFile = new java.io.File(((pathPrefix + java.lang.Integer.toString(counter)) + .png)): null

2018-12-07 10:35:35 - [TEST_STEP][PASSED] - Statement - counter = counter + 1: null

2018-12-07 10:35:35 - [TEST_STEP][PASSED] - Statement - PreSaveFile = new java.io.File(((pathPrefix + java.lang.Integer.toString(counter)) + .png)): null

2018-12-07 10:35:35 - [TEST_STEP][PASSED] - Statement - counter = counter + 1: null

2018-12-07 10:35:35 - [TEST_STEP][PASSED] - Statement - PreSaveFile = new java.io.File(((pathPrefix + java.lang.Integer.toString(counter)) + .png)): null

2018-12-07 10:35:36 - [TEST_STEP][PASSED] - Statement - counter = counter + 1: null

2018-12-07 10:35:36 - [TEST_STEP][PASSED] - Statement - PreSaveFile = new java.io.File(((pathPrefix + java.lang.Integer.toString(counter)) + .png)): null

2018-12-07 10:35:36 - [TEST_STEP][PASSED] - Statement - counter = counter + 1: null

2018-12-07 10:35:36 - [TEST_STEP][PASSED] - Statement - PreSaveFile = new java.io.File(((pathPrefix + java.lang.Integer.toString(counter)) + .png)): null

2018-12-07 10:35:36 - [TEST_STEP][PASSED] - Statement - counter = counter + 1: null

2018-12-07 10:35:36 - [TEST_STEP][PASSED] - Statement - PreSaveFile = new java.io.File(((pathPrefix + java.lang.Integer.toString(counter)) + .png)): null

2018-12-07 10:35:36 - [TEST_STEP][PASSED] - Statement - counter = counter + 1: null

2018-12-07 10:35:36 - [TEST_STEP][PASSED] - Statement - PreSaveFile = new java.io.File(((pathPrefix + java.lang.Integer.toString(counter)) + .png)): null

2018-12-07 10:35:36 - [TEST_STEP][PASSED] - Statement - counter = counter + 1: null

2018-12-07 10:35:36 - [TEST_STEP][PASSED] - Statement - PreSaveFile = new java.io.File(((pathPrefix + java.lang.Integer.toString(counter)) + .png)): null

2018-12-07 10:35:36 - [TEST_STEP][PASSED] - Statement - counter = counter + 1: null

2018-12-07 10:35:36 - [TEST_STEP][PASSED] - Statement - PreSaveFile = new java.io.File(((pathPrefix + java.lang.Integer.toString(counter)) + .png)): null

2018-12-07 10:35:36 - [TEST_STEP][PASSED] - Statement - counter = counter + 1: null

2018-12-07 10:35:36 - [TEST_STEP][PASSED] - Statement - PreSaveFile = new java.io.File(((pathPrefix + java.lang.Integer.toString(counter)) + .png)): null

2018-12-07 10:35:36 - [TEST_STEP][PASSED] - Statement - counter = counter + 1: null

2018-12-07 10:35:36 - [TEST_STEP][PASSED] - Statement - PreSaveFile = new java.io.File(((pathPrefix + java.lang.Integer.toString(counter)) + .png)): null

2018-12-07 10:35:36 - [TEST_STEP][PASSED] - Statement - counter = counter + 1: null

2018-12-07 10:35:36 - [TEST_STEP][PASSED] - Statement - PreSaveFile = new java.io.File(((pathPrefix + java.lang.Integer.toString(counter)) + .png)): null

2018-12-07 10:35:36 - [TEST_STEP][PASSED] - Statement - counter = counter + 1: null

2018-12-07 10:35:36 - [TEST_STEP][PASSED] - Statement - PreSaveFile = new java.io.File(((pathPrefix + java.lang.Integer.toString(counter)) + .png)): null

2018-12-07 10:35:36 - [TEST_STEP][PASSED] - Statement - finalPath = pathPrefix + java.lang.Integer.toString(counter) + ".png": null

2018-12-07 10:35:36 - [TEST_STEP][PASSED] - Statement - SaveFile = new java.io.File(finalPath): null

2018-12-07 10:35:36 - [TEST_STEP][PASSED] - Statement - Try: null

2018-12-07 10:35:36 - [TEST_STEP][PASSED] - Statement - org.apache.commons.io.FileUtils.copyFile(scrFile, SaveFile): null

2018-12-07 10:35:36 - [TEST_STEP][PASSED] - Statement - out.println("file kept"): null

2018-12-07 10:35:36 - [TEST_STEP][PASSED] - delay: Delayed 10 second(s)

2018-12-07 10:35:46 - [MESSAGE][PASSED] - Delayed 10 second(s)

2018-12-07 10:35:46 - [MESSAGE][PASSED] - Call Test Case 'Test Cases/Final Aug 2018 - PKS Automation/Common/Screenshoting tool' successfully

2018-12-07 10:35:46 - [TEST_STEP][PASSED] - callTestCase: Call Test Case 'Test Cases/Final Aug 2018 - PKS Automation/Registration Module/Log Out/log out avoiding katalon tagging' successfully

2018-12-07 10:35:46 - [TEST_CASE][PASSED] - Test Cases/Final Aug 2018 - PKS Automation/Registration Module/Log Out/log out avoiding katalon tagging: Test Cases/Final Aug 2018 - PKS Automation/Registration Module/Log Out/log out avoiding katalon tagging

2018-12-07 10:35:46 - [TEST_STEP][PASSED] - navigateToUrl: Navigate to 'https://assist2-uat.perkeso.gov.my/c/portal/logout' successfully

2018-12-07 10:35:47 - [MESSAGE][PASSED] - Navigate to 'https://assist2-uat.perkeso.gov.my/c/portal/logout' successfully

2018-12-07 10:35:47 - [MESSAGE][PASSED] - Call Test Case 'Test Cases/Final Aug 2018 - PKS Automation/Registration Module/Log Out/log out avoiding katalon tagging' successfully

2018-12-07 10:35:47 - [TEST_STEP][PASSED] - callTestCase: Call Test Case 'Test Cases/Final Aug 2018 - PKS Automation/Common/Workflow Owner Finder' successfully

2018-12-07 10:35:47 - [TEST_CASE][PASSED] - Test Cases/Final Aug 2018 - PKS Automation/Common/Workflow Owner Finder: Test Cases/Final Aug 2018 - PKS Automation/Common/Workflow Owner Finder

2018-12-07 10:35:47 - [TEST_STEP][PASSED] - openBrowser: Browser is opened with url: ''

2018-12-07 10:35:47 - [MESSAGE][WARNING] - A browser is already opened. Closing browser and opening a new one

2018-12-07 10:35:50 - [MESSAGE][PASSED] - Browser is opened with url: ''

2018-12-07 10:35:50 - [TEST_STEP][PASSED] - navigateToUrl: Navigate to 'https://assist2-uat.perkeso.gov.my/login' successfully

2018-12-07 10:35:51 - [MESSAGE][PASSED] - Navigate to 'https://assist2-uat.perkeso.gov.my/login' successfully

2018-12-07 10:35:51 - [TEST_STEP][PASSED] - delay: Delayed 5 second(s)

2018-12-07 10:35:56 - [MESSAGE][PASSED] - Delayed 5 second(s)

2018-12-07 10:35:56 - [TEST_STEP][PASSED] - setText: Text 'test@liferay.com' is set on object 'Object Repository/Final Object Repo/Login Page/Internal User/Email Address'

2018-12-07 10:35:57 - [MESSAGE][PASSED] - Text 'test@liferay.com' is set on object 'Object Repository/Final Object Repo/Login Page/Internal User/Email Address'

2018-12-07 10:35:57 - [TEST_STEP][PASSED] - click: Object: 'Object Repository/Final Object Repo/Login Page/Internal User/Next Button' is clicked on

2018-12-07 10:35:57 - [MESSAGE][PASSED] - Object: 'Object Repository/Final Object Repo/Login Page/Internal User/Next Button' is clicked on

2018-12-07 10:35:57 - [TEST_STEP][PASSED] - delay: Delayed 2 second(s)

2018-12-07 10:35:59 - [MESSAGE][PASSED] - Delayed 2 second(s)

2018-12-07 10:35:59 - [TEST_STEP][PASSED] - setText: Text 'test' is set on object 'Object Repository/Final Object Repo/Login Page/Internal User/Password'

2018-12-07 10:35:59 - [MESSAGE][PASSED] - Text 'test' is set on object 'Object Repository/Final Object Repo/Login Page/Internal User/Password'

2018-12-07 10:35:59 - [TEST_STEP][PASSED] - delay: Delayed 2 second(s)

2018-12-07 10:36:01 - [MESSAGE][PASSED] - Delayed 2 second(s)

2018-12-07 10:36:01 - [TEST_STEP][PASSED] - click: Object: 'Object Repository/Final Object Repo/Login Page/Internal User/Login Button' is clicked on

2018-12-07 10:36:01 - [MESSAGE][PASSED] - Object: 'Object Repository/Final Object Repo/Login Page/Internal User/Login Button' is clicked on

2018-12-07 10:36:01 - [TEST_STEP][PASSED] - Statement - tester = com.kms.katalon.core.testobject.ObjectRepository.findTestObject(Final Object Repo/Landing Page/Select to English): Finding Test Object with id 'Object Repository/Final Object Repo/Landing Page/Select to English'

2018-12-07 10:36:01 - [TEST_STEP][PASSED] - Statement - Try: Delayed 2 second(s)

2018-12-07 10:36:01 - [TEST_STEP][PASSED] - Statement - Checker = com.kms.katalon.core.webui.keyword.WebUiBuiltInKeywords.verifyElementNotPresent(tester, 3): Web element with id: 'Object Repository/Final Object Repo/Landing Page/Select to English' located by 'By.xpath: //a[@class = 'taglib-language-list-text' and @lang = 'en-US' and (contains(text(), 'EN') or contains(., 'EN'))]' is not present after '3' second(s)

2018-12-07 10:36:03 - [MESSAGE][PASSED] - Web element with id: 'Object Repository/Final Object Repo/Landing Page/Select to English' located by 'By.xpath: //a[@class = 'taglib-language-list-text' and @lang = 'en-US' and (contains(text(), 'EN') or contains(., 'EN'))]' is not present after '3' second(s)

2018-12-07 10:36:03 - [TEST_STEP][PASSED] - Statement - If (Checker == false): null

2018-12-07 10:36:03 - [TEST_STEP][PASSED] - delay: Delayed 2 second(s)

2018-12-07 10:36:05 - [MESSAGE][PASSED] - Delayed 2 second(s)

2018-12-07 10:36:05 - [TEST_STEP][PASSED] - delay: Delayed 5 second(s)

2018-12-07 10:36:10 - [MESSAGE][PASSED] - Delayed 5 second(s)

2018-12-07 10:36:10 - [TEST_STEP][PASSED] - mouseOver: Object: 'Object Repository/Final Object Repo/Landing Page/WorkFlow Menu' is hovered

2018-12-07 10:36:10 - [MESSAGE][PASSED] - Object: 'Object Repository/Final Object Repo/Landing Page/WorkFlow Menu' is hovered

2018-12-07 10:36:10 - [TEST_STEP][PASSED] - delay: Delayed 2 second(s)

2018-12-07 10:36:12 - [MESSAGE][PASSED] - Delayed 2 second(s)

2018-12-07 10:36:12 - [TEST_STEP][PASSED] - click: Object: 'Object Repository/Final Object Repo/Landing Page/Select to Workflow Listing' is clicked on

2018-12-07 10:36:13 - [MESSAGE][PASSED] - Object: 'Object Repository/Final Object Repo/Landing Page/Select to Workflow Listing' is clicked on

2018-12-07 10:36:13 - [TEST_STEP][PASSED] - delay: Delayed 2 second(s)

2018-12-07 10:36:15 - [MESSAGE][PASSED] - Delayed 2 second(s)

2018-12-07 10:36:15 - [TEST_STEP][PASSED] - click: Object: 'Object Repository/Final Object Repo/WorkFlow Listing Page/Search Information - To Put Ref No' is clicked on

2018-12-07 10:36:16 - [MESSAGE][PASSED] - Object: 'Object Repository/Final Object Repo/WorkFlow Listing Page/Search Information - To Put Ref No' is clicked on

2018-12-07 10:36:16 - [TEST_STEP][PASSED] - delay: Delayed 2 second(s)

2018-12-07 10:36:18 - [MESSAGE][PASSED] - Delayed 2 second(s)

2018-12-07 10:36:18 - [TEST_STEP][PASSED] - callTestCase: Call Test Case 'Test Cases/Final Aug 2018 - PKS Automation/Common/Reference Number Getter' successfully

2018-12-07 10:36:18 - [TEST_CASE][PASSED] - Test Cases/Final Aug 2018 - PKS Automation/Common/Reference Number Getter: Test Cases/Final Aug 2018 - PKS Automation/Common/Reference Number Getter

2018-12-07 10:36:18 - [TEST_STEP][PASSED] - Statement - Try: null

2018-12-07 10:36:18 - [TEST_STEP][PASSED] - Statement - RefNo = new java.io.File(C://Users//Admin//Desktop//PKS//Automation Reference Point//KatalonReference.txt): null

2018-12-07 10:36:18 - [TEST_STEP][PASSED] - Statement - bufferread = new java.io.BufferedReader(new java.io.FileReader(RefNo)): null

2018-12-07 10:36:18 - [TEST_STEP][PASSED] - Statement - readedVal = bufferread.readLine(): null

2018-12-07 10:36:18 - [TEST_STEP][PASSED] - Statement - out.println(CaseReferenceNo): null

2018-12-07 10:36:18 - [TEST_STEP][PASSED] - Statement - out.println(readedVal): null

2018-12-07 10:36:18 - [TEST_STEP][PASSED] - Statement - CaseReferenceNo = "": null

2018-12-07 10:36:18 - [TEST_STEP][PASSED] - Statement - CaseReferenceNo = readedVal: null

2018-12-07 10:36:18 - [MESSAGE][PASSED] - Call Test Case 'Test Cases/Final Aug 2018 - PKS Automation/Common/Reference Number Getter' successfully

2018-12-07 10:36:18 - [TEST_STEP][PASSED] - setText: Text 'CAN12201800002282' is set on object 'Object Repository/Final Object Repo/WorkFlow Listing Page/Ref No Set Text'

2018-12-07 10:36:18 - [MESSAGE][PASSED] - Text 'CAN12201800002282' is set on object 'Object Repository/Final Object Repo/WorkFlow Listing Page/Ref No Set Text'

2018-12-07 10:36:18 - [TEST_STEP][PASSED] - delay: Delayed 2 second(s)

2018-12-07 10:36:20 - [MESSAGE][PASSED] - Delayed 2 second(s)

2018-12-07 10:36:20 - [TEST_STEP][PASSED] - click: Object: 'Object Repository/Final Object Repo/WorkFlow Listing Page/Search Ref No Search Button' is clicked on

2018-12-07 10:36:20 - [MESSAGE][PASSED] - Object: 'Object Repository/Final Object Repo/WorkFlow Listing Page/Search Ref No Search Button' is clicked on

2018-12-07 10:36:20 - [TEST_STEP][PASSED] - delay: Delayed 6 second(s)

2018-12-07 10:36:26 - [MESSAGE][PASSED] - Delayed 6 second(s)

2018-12-07 10:36:26 - [TEST_STEP][PASSED] - click: Object: 'Object Repository/Final Object Repo/WorkFlow Listing Page/Click Continue Tooltip' is clicked on

2018-12-07 10:36:27 - [MESSAGE][PASSED] - Object: 'Object Repository/Final Object Repo/WorkFlow Listing Page/Click Continue Tooltip' is clicked on

2018-12-07 10:36:27 - [TEST_STEP][PASSED] - delay: Delayed 5 second(s)

2018-12-07 10:36:32 - [MESSAGE][PASSED] - Delayed 5 second(s)

2018-12-07 10:36:32 - [TEST_STEP][PASSED] - doubleClick: Object: 'Object Repository/Final Object Repo/WorkFlow Listing Page/Workflow Found - Listing 1' is double clicked on

2018-12-07 10:36:32 - [MESSAGE][PASSED] - Object: 'Object Repository/Final Object Repo/WorkFlow Listing Page/Workflow Found - Listing 1' is double clicked on

2018-12-07 10:36:32 - [TEST_STEP][PASSED] - Statement - println(OwnerID): null

2018-12-07 10:36:32 - [TEST_STEP][PASSED] - Statement - OwnerID = com.kms.katalon.core.webui.keyword.WebUiBuiltInKeywords.getText(com.kms.katalon.core.testobject.ObjectRepository.findTestObject(Final Object Repo/WorkFlow Listing Page/Workflow Found - Listing 1), STOP_ON_FAILURE): Text of object 'Object Repository/Final Object Repo/WorkFlow Listing Page/Workflow Found - Listing 1' is: 'JOHORro3'

2018-12-07 10:36:32 - [MESSAGE][PASSED] - Text of object 'Object Repository/Final Object Repo/WorkFlow Listing Page/Workflow Found - Listing 1' is: 'JOHORro3'

2018-12-07 10:36:32 - [TEST_STEP][PASSED] - Statement - OwnerID = OwnerID.toLowerCase() + "@gmail.com": null

2018-12-07 10:36:32 - [TEST_STEP][PASSED] - Statement - println(OwnerID): null

2018-12-07 10:36:32 - [TEST_STEP][PASSED] - delay: Delayed 2 second(s)

2018-12-07 10:36:34 - [MESSAGE][PASSED] - Delayed 2 second(s)

2018-12-07 10:36:34 - [MESSAGE][PASSED] - Call Test Case 'Test Cases/Final Aug 2018 - PKS Automation/Common/Workflow Owner Finder' successfully

2018-12-07 10:36:34 - [TEST_STEP][PASSED] - callTestCase: Call Test Case 'Test Cases/Final Aug 2018 - PKS Automation/Registration Module/Log Out/log out avoiding katalon tagging' successfully

2018-12-07 10:36:35 - [TEST_CASE][PASSED] - Test Cases/Final Aug 2018 - PKS Automation/Registration Module/Log Out/log out avoiding katalon tagging: Test Cases/Final Aug 2018 - PKS Automation/Registration Module/Log Out/log out avoiding katalon tagging

2018-12-07 10:36:35 - [TEST_STEP][PASSED] - navigateToUrl: Navigate to 'https://assist2-uat.perkeso.gov.my/c/portal/logout' successfully

2018-12-07 10:36:35 - [MESSAGE][PASSED] - Navigate to 'https://assist2-uat.perkeso.gov.my/c/portal/logout' successfully

2018-12-07 10:36:35 - [MESSAGE][PASSED] - Call Test Case 'Test Cases/Final Aug 2018 - PKS Automation/Registration Module/Log Out/log out avoiding katalon tagging' successfully

2018-12-07 10:36:35 - [TEST_STEP][PASSED] - delay: Delayed 2 second(s)

2018-12-07 10:36:37 - [MESSAGE][PASSED] - Delayed 2 second(s)

2018-12-07 10:36:37 - [TEST_STEP][PASSED] - setText: Text 'johorro3@gmail.com' is set on object 'Object Repository/Final Object Repo/Page_Update Add New Employee - ASSIST/Email TextBox'

2018-12-07 10:36:38 - [MESSAGE][PASSED] - Text 'johorro3@gmail.com' is set on object 'Object Repository/Final Object Repo/Page_Update Add New Employee - ASSIST/Email TextBox'

2018-12-07 10:36:38 - [TEST_STEP][PASSED] - click: Object: 'Object Repository/Final Object Repo/Page_Update Add New Employee - ASSIST/Next Button' is clicked on

2018-12-07 10:36:38 - [MESSAGE][PASSED] - Object: 'Object Repository/Final Object Repo/Page_Update Add New Employee - ASSIST/Next Button' is clicked on

2018-12-07 10:36:38 - [TEST_STEP][PASSED] - delay: Delayed 2 second(s)

2018-12-07 10:36:40 - [MESSAGE][PASSED] - Delayed 2 second(s)

2018-12-07 10:36:40 - [TEST_STEP][PASSED] - setText: Text 'Test1@3456789' is set on object 'Object Repository/Final Object Repo/Page_Update Add New Employee - ASSIST/Password TextBox'

2018-12-07 10:36:40 - [MESSAGE][PASSED] - Text 'Test1@3456789' is set on object 'Object Repository/Final Object Repo/Page_Update Add New Employee - ASSIST/Password TextBox'

2018-12-07 10:36:40 - [TEST_STEP][PASSED] - delay: Delayed 2 second(s)

2018-12-07 10:36:42 - [MESSAGE][PASSED] - Delayed 2 second(s)

2018-12-07 10:36:42 - [TEST_STEP][PASSED] - click: Object: 'Object Repository/Final Object Repo/Page_Update Add New Employee - ASSIST/Login Button' is clicked on

2018-12-07 10:36:42 - [MESSAGE][PASSED] - Object: 'Object Repository/Final Object Repo/Page_Update Add New Employee - ASSIST/Login Button' is clicked on

2018-12-07 10:36:42 - [TEST_STEP][PASSED] - delay: Delayed 4 second(s)

2018-12-07 10:36:46 - [MESSAGE][PASSED] - Delayed 4 second(s)

2018-12-07 10:36:46 - [TEST_STEP][PASSED] - Statement - Try: Delayed 2 second(s)

2018-12-07 10:36:46 - [TEST_STEP][PASSED] - Statement - Checker = false: null

2018-12-07 10:36:46 - [TEST_STEP][PASSED] - Statement - Checker = com.kms.katalon.core.webui.keyword.WebUiBuiltInKeywords.verifyElementHasAttribute(com.kms.katalon.core.testobject.ObjectRepository.findTestObject(Final Object Repo/Landing Page/BM Detecting), "href", 20, OPTIONAL): Object 'Object Repository/Final Object Repo/Landing Page/BM Detecting' has attribute 'href'

2018-12-07 10:36:46 - [MESSAGE][PASSED] - Object 'Object Repository/Final Object Repo/Landing Page/BM Detecting' has attribute 'href'

2018-12-07 10:36:46 - [TEST_STEP][PASSED] - Statement - out.println(Checker): null

2018-12-07 10:36:46 - [TEST_STEP][PASSED] - Statement - If (Checker == false): null

2018-12-07 10:36:46 - [TEST_STEP][PASSED] - Statement - Else: null

2018-12-07 10:36:46 - [TEST_STEP][PASSED] - delay: Delayed 2 second(s)

2018-12-07 10:36:48 - [MESSAGE][PASSED] - Delayed 2 second(s)

2018-12-07 10:36:48 - [TEST_STEP][PASSED] - delay: Delayed 4 second(s)

2018-12-07 10:36:52 - [MESSAGE][PASSED] - Delayed 4 second(s)

2018-12-07 10:36:52 - [TEST_STEP][PASSED] - click: Object: 'Object Repository/Final Object Repo/New Registration - Registration Module Pages/New Reg - OTC to RO/Special Case - All Related Objects/Expand to Search' is clicked on

2018-12-07 10:36:53 - [MESSAGE][PASSED] - Object: 'Object Repository/Final Object Repo/New Registration - Registration Module Pages/New Reg - OTC to RO/Special Case - All Related Objects/Expand to Search' is clicked on

2018-12-07 10:36:53 - [TEST_STEP][PASSED] - setText: Text 'CAN12201800002282' is set on object 'Object Repository/Final Object Repo/New Registration - Registration Module Pages/New Reg - OTC to RO/Special Case - All Related Objects/TextBox RefNo in Workbasket'

2018-12-07 10:36:53 - [MESSAGE][PASSED] - Text 'CAN12201800002282' is set on object 'Object Repository/Final Object Repo/New Registration - Registration Module Pages/New Reg - OTC to RO/Special Case - All Related Objects/TextBox RefNo in Workbasket'

2018-12-07 10:36:53 - [TEST_STEP][PASSED] - delay: Delayed 2 second(s)

2018-12-07 10:36:55 - [MESSAGE][PASSED] - Delayed 2 second(s)

2018-12-07 10:36:55 - [TEST_STEP][PASSED] - click: Object: 'Object Repository/Final Object Repo/New Registration - Registration Module Pages/New Reg - OTC to RO/Special Case - All Related Objects/Click Search' is clicked on

2018-12-07 10:36:55 - [MESSAGE][PASSED] - Object: 'Object Repository/Final Object Repo/New Registration - Registration Module Pages/New Reg - OTC to RO/Special Case - All Related Objects/Click Search' is clicked on

2018-12-07 10:36:55 - [TEST_STEP][PASSED] - delay: Delayed 10 second(s)

2018-12-07 10:37:05 - [MESSAGE][PASSED] - Delayed 10 second(s)

2018-12-07 10:37:05 - [TEST_STEP][PASSED] - click: Object: 'Object Repository/Final Object Repo/New Registration - Registration Module Pages/New Reg - OTC to RO/Special Case - All Related Objects/Click to Continue Workflow' is clicked on

2018-12-07 10:37:09 - [MESSAGE][PASSED] - Object: 'Object Repository/Final Object Repo/New Registration - Registration Module Pages/New Reg - OTC to RO/Special Case - All Related Objects/Click to Continue Workflow' is clicked on

2018-12-07 10:37:09 - [TEST_STEP][PASSED] - delay: Delayed 10 second(s)

2018-12-07 10:37:19 - [MESSAGE][PASSED] - Delayed 10 second(s)

2018-12-07 10:37:19 - [TEST_STEP][PASSED] - click: Object: 'Object Repository/Final Object Repo/New Registration - Registration Module Pages/New Reg - OTC to RO/Special Case - All Related Objects/Continue Button in verifying case' is clicked on

2018-12-07 10:37:23 - [MESSAGE][PASSED] - Object: 'Object Repository/Final Object Repo/New Registration - Registration Module Pages/New Reg - OTC to RO/Special Case - All Related Objects/Continue Button in verifying case' is clicked on

2018-12-07 10:37:23 - [TEST_STEP][PASSED] - delay: Delayed 2 second(s)

2018-12-07 10:37:25 - [MESSAGE][PASSED] - Delayed 2 second(s)

2018-12-07 10:37:25 - [TEST_STEP][PASSED] - click: Object: 'Object Repository/Final Object Repo/Page_Update Add New Employee - ASSIST/Save  Continue Button' is clicked on

2018-12-07 10:37:25 - [MESSAGE][PASSED] - Object: 'Object Repository/Final Object Repo/Page_Update Add New Employee - ASSIST/Save  Continue Button' is clicked on

2018-12-07 10:37:25 - [TEST_STEP][PASSED] - delay: Delayed 8 second(s)

2018-12-07 10:37:33 - [MESSAGE][PASSED] - Delayed 8 second(s)

2018-12-07 10:37:33 - [TEST_STEP][PASSED] - click: Object: 'Object Repository/Final Object Repo/Page_Update Add New Employee - ASSIST/Save  Continue Third Screen' is clicked on

2018-12-07 10:37:36 - [MESSAGE][PASSED] - Object: 'Object Repository/Final Object Repo/Page_Update Add New Employee - ASSIST/Save  Continue Third Screen' is clicked on

2018-12-07 10:37:36 - [TEST_STEP][PASSED] - delay: Delayed 4 second(s)

2018-12-07 10:37:40 - [MESSAGE][PASSED] - Delayed 4 second(s)

2018-12-07 10:37:40 - [TEST_STEP][PASSED] - click: Object: 'Object Repository/Final Object Repo/Page_Update Add New Employee - ASSIST/Save   Continue Supporting Doc Page' is clicked on

2018-12-07 10:37:40 - [MESSAGE][PASSED] - Object: 'Object Repository/Final Object Repo/Page_Update Add New Employee - ASSIST/Save   Continue Supporting Doc Page' is clicked on

2018-12-07 10:37:40 - [TEST_STEP][PASSED] - delay: Delayed 4 second(s)

2018-12-07 10:37:44 - [MESSAGE][PASSED] - Delayed 4 second(s)

2018-12-07 10:37:44 - [TEST_STEP][PASSED] - click: Object: 'Object Repository/Final Object Repo/Page_Update Add New Employee - ASSIST/Under Enforcement Button at Preview Screen of RO' is clicked on

2018-12-07 10:37:45 - [MESSAGE][PASSED] - Object: 'Object Repository/Final Object Repo/Page_Update Add New Employee - ASSIST/Under Enforcement Button at Preview Screen of RO' is clicked on

2018-12-07 10:37:45 - [TEST_STEP][PASSED] - delay: Delayed 4 second(s)

2018-12-07 10:37:49 - [MESSAGE][PASSED] - Delayed 4 second(s)

2018-12-07 10:37:49 - [TEST_STEP][PASSED] - click: Object: 'Object Repository/Final Object Repo/Page_Update Add New Employee - ASSIST/Under Enforcement - inner form' is clicked on

2018-12-07 10:37:49 - [MESSAGE][PASSED] - Object: 'Object Repository/Final Object Repo/Page_Update Add New Employee - ASSIST/Under Enforcement - inner form' is clicked on

2018-12-07 10:37:49 - [TEST_STEP][PASSED] - delay: Delayed 4 second(s)

2018-12-07 10:37:53 - [MESSAGE][PASSED] - Delayed 4 second(s)

2018-12-07 10:37:53 - [TEST_STEP][PASSED] - callTestCase: Call Test Case 'Test Cases/Final Aug 2018 - PKS Automation/Common/Screenshoting tool' successfully

2018-12-07 10:37:53 - [TEST_CASE][PASSED] - Test Cases/Final Aug 2018 - PKS Automation/Common/Screenshoting tool: Test Cases/Final Aug 2018 - PKS Automation/Common/Screenshoting tool

2018-12-07 10:37:53 - [TEST_STEP][PASSED] - delay: Delayed 15 second(s)

2018-12-07 10:38:08 - [MESSAGE][PASSED] - Delayed 15 second(s)

2018-12-07 10:38:08 - [TEST_STEP][PASSED] - Statement - driver = com.kms.katalon.core.webui.driver.DriverFactory.getWebDriver(): null

2018-12-07 10:38:08 - [TEST_STEP][PASSED] - Statement - driver.manage().timeouts().implicitlyWait(10, SECONDS): null

2018-12-07 10:38:08 - [TEST_STEP][PASSED] - Statement - PresavePath = KatalonScreenshots: null

2018-12-07 10:38:08 - [TEST_STEP][PASSED] - Statement - pathPrefix = "C:\Users\Public\Pictures\Sample Pictures\Katalon Screenshots\Automate Ending Screen": null

2018-12-07 10:38:08 - [TEST_STEP][PASSED] - Statement - finalPath = <not implemented yet for class: org.codehaus.groovy.ast.expr.EmptyExpression>: null

2018-12-07 10:38:08 - [TEST_STEP][PASSED] - Statement - scrFile = driver.getScreenshotAs(FILE): null

2018-12-07 10:38:08 - [TEST_STEP][PASSED] - Statement - PreSaveFile = new java.io.File(PresavePath): null

2018-12-07 10:38:08 - [TEST_STEP][PASSED] - Statement - counter = 0: null

2018-12-07 10:38:08 - [TEST_STEP][PASSED] - Statement - If (PreSaveFile.exists()): null

2018-12-07 10:38:08 - [TEST_STEP][PASSED] - Statement - While (PreSaveFile.exists()): null

2018-12-07 10:38:08 - [TEST_STEP][PASSED] - Statement - counter = counter + 1: null

2018-12-07 10:38:08 - [TEST_STEP][PASSED] - Statement - PreSaveFile = new java.io.File(((pathPrefix + java.lang.Integer.toString(counter)) + .png)): null

2018-12-07 10:38:08 - [TEST_STEP][PASSED] - Statement - counter = counter + 1: null

2018-12-07 10:38:08 - [TEST_STEP][PASSED] - Statement - PreSaveFile = new java.io.File(((pathPrefix + java.lang.Integer.toString(counter)) + .png)): null

2018-12-07 10:38:08 - [TEST_STEP][PASSED] - Statement - counter = counter + 1: null

2018-12-07 10:38:08 - [TEST_STEP][PASSED] - Statement - PreSaveFile = new java.io.File(((pathPrefix + java.lang.Integer.toString(counter)) + .png)): null

2018-12-07 10:38:08 - [TEST_STEP][PASSED] - Statement - counter = counter + 1: null

2018-12-07 10:38:08 - [TEST_STEP][PASSED] - Statement - PreSaveFile = new java.io.File(((pathPrefix + java.lang.Integer.toString(counter)) + .png)): null

2018-12-07 10:38:08 - [TEST_STEP][PASSED] - Statement - counter = counter + 1: null

2018-12-07 10:38:08 - [TEST_STEP][PASSED] - Statement - PreSaveFile = new java.io.File(((pathPrefix + java.lang.Integer.toString(counter)) + .png)): null

2018-12-07 10:38:08 - [TEST_STEP][PASSED] - Statement - counter = counter + 1: null

2018-12-07 10:38:08 - [TEST_STEP][PASSED] - Statement - PreSaveFile = new java.io.File(((pathPrefix + java.lang.Integer.toString(counter)) + .png)): null

2018-12-07 10:38:08 - [TEST_STEP][PASSED] - Statement - counter = counter + 1: null

2018-12-07 10:38:08 - [TEST_STEP][PASSED] - Statement - PreSaveFile = new java.io.File(((pathPrefix + java.lang.Integer.toString(counter)) + .png)): null

2018-12-07 10:38:08 - [TEST_STEP][PASSED] - Statement - counter = counter + 1: null

2018-12-07 10:38:08 - [TEST_STEP][PASSED] - Statement - PreSaveFile = new java.io.File(((pathPrefix + java.lang.Integer.toString(counter)) + .png)): null

2018-12-07 10:38:08 - [TEST_STEP][PASSED] - Statement - counter = counter + 1: null

2018-12-07 10:38:08 - [TEST_STEP][PASSED] - Statement - PreSaveFile = new java.io.File(((pathPrefix + java.lang.Integer.toString(counter)) + .png)): null

2018-12-07 10:38:08 - [TEST_STEP][PASSED] - Statement - counter = counter + 1: null

2018-12-07 10:38:08 - [TEST_STEP][PASSED] - Statement - PreSaveFile = new java.io.File(((pathPrefix + java.lang.Integer.toString(counter)) + .png)): null

2018-12-07 10:38:08 - [TEST_STEP][PASSED] - Statement - counter = counter + 1: null

2018-12-07 10:38:08 - [TEST_STEP][PASSED] - Statement - PreSaveFile = new java.io.File(((pathPrefix + java.lang.Integer.toString(counter)) + .png)): null

2018-12-07 10:38:08 - [TEST_STEP][PASSED] - Statement - counter = counter + 1: null

2018-12-07 10:38:08 - [TEST_STEP][PASSED] - Statement - PreSaveFile = new java.io.File(((pathPrefix + java.lang.Integer.toString(counter)) + .png)): null

2018-12-07 10:38:08 - [TEST_STEP][PASSED] - Statement - counter = counter + 1: null

2018-12-07 10:38:08 - [TEST_STEP][PASSED] - Statement - PreSaveFile = new java.io.File(((pathPrefix + java.lang.Integer.toString(counter)) + .png)): null

2018-12-07 10:38:08 - [TEST_STEP][PASSED] - Statement - counter = counter + 1: null

2018-12-07 10:38:08 - [TEST_STEP][PASSED] - Statement - PreSaveFile = new java.io.File(((pathPrefix + java.lang.Integer.toString(counter)) + .png)): null

2018-12-07 10:38:08 - [TEST_STEP][PASSED] - Statement - counter = counter + 1: null

2018-12-07 10:38:08 - [TEST_STEP][PASSED] - Statement - PreSaveFile = new java.io.File(((pathPrefix + java.lang.Integer.toString(counter)) + .png)): null

2018-12-07 10:38:08 - [TEST_STEP][PASSED] - Statement - counter = counter + 1: null

2018-12-07 10:38:08 - [TEST_STEP][PASSED] - Statement - PreSaveFile = new java.io.File(((pathPrefix + java.lang.Integer.toString(counter)) + .png)): null

2018-12-07 10:38:08 - [TEST_STEP][PASSED] - Statement - counter = counter + 1: null

2018-12-07 10:38:08 - [TEST_STEP][PASSED] - Statement - PreSaveFile = new java.io.File(((pathPrefix + java.lang.Integer.toString(counter)) + .png)): null

2018-12-07 10:38:08 - [TEST_STEP][PASSED] - Statement - counter = counter + 1: null

2018-12-07 10:38:09 - [TEST_STEP][PASSED] - Statement - PreSaveFile = new java.io.File(((pathPrefix + java.lang.Integer.toString(counter)) + .png)): null

2018-12-07 10:38:09 - [TEST_STEP][PASSED] - Statement - counter = counter + 1: null

2018-12-07 10:38:09 - [TEST_STEP][PASSED] - Statement - PreSaveFile = new java.io.File(((pathPrefix + java.lang.Integer.toString(counter)) + .png)): null

2018-12-07 10:38:09 - [TEST_STEP][PASSED] - Statement - counter = counter + 1: null

2018-12-07 10:38:09 - [TEST_STEP][PASSED] - Statement - PreSaveFile = new java.io.File(((pathPrefix + java.lang.Integer.toString(counter)) + .png)): null

2018-12-07 10:38:09 - [TEST_STEP][PASSED] - Statement - counter = counter + 1: null

2018-12-07 10:38:09 - [TEST_STEP][PASSED] - Statement - PreSaveFile = new java.io.File(((pathPrefix + java.lang.Integer.toString(counter)) + .png)): null

2018-12-07 10:38:09 - [TEST_STEP][PASSED] - Statement - counter = counter + 1: null

2018-12-07 10:38:09 - [TEST_STEP][PASSED] - Statement - PreSaveFile = new java.io.File(((pathPrefix + java.lang.Integer.toString(counter)) + .png)): null

2018-12-07 10:38:09 - [TEST_STEP][PASSED] - Statement - counter = counter + 1: null

2018-12-07 10:38:09 - [TEST_STEP][PASSED] - Statement - PreSaveFile = new java.io.File(((pathPrefix + java.lang.Integer.toString(counter)) + .png)): null

2018-12-07 10:38:09 - [TEST_STEP][PASSED] - Statement - counter = counter + 1: null

2018-12-07 10:38:09 - [TEST_STEP][PASSED] - Statement - PreSaveFile = new java.io.File(((pathPrefix + java.lang.Integer.toString(counter)) + .png)): null

2018-12-07 10:38:09 - [TEST_STEP][PASSED] - Statement - counter = counter + 1: null

2018-12-07 10:38:09 - [TEST_STEP][PASSED] - Statement - PreSaveFile = new java.io.File(((pathPrefix + java.lang.Integer.toString(counter)) + .png)): null

2018-12-07 10:38:09 - [TEST_STEP][PASSED] - Statement - counter = counter + 1: null

2018-12-07 10:38:09 - [TEST_STEP][PASSED] - Statement - PreSaveFile = new java.io.File(((pathPrefix + java.lang.Integer.toString(counter)) + .png)): null

2018-12-07 10:38:09 - [TEST_STEP][PASSED] - Statement - counter = counter + 1: null

2018-12-07 10:38:09 - [TEST_STEP][PASSED] - Statement - PreSaveFile = new java.io.File(((pathPrefix + java.lang.Integer.toString(counter)) + .png)): null

2018-12-07 10:38:09 - [TEST_STEP][PASSED] - Statement - counter = counter + 1: null

2018-12-07 10:38:09 - [TEST_STEP][PASSED] - Statement - PreSaveFile = new java.io.File(((pathPrefix + java.lang.Integer.toString(counter)) + .png)): null

2018-12-07 10:38:09 - [TEST_STEP][PASSED] - Statement - counter = counter + 1: null

2018-12-07 10:38:09 - [TEST_STEP][PASSED] - Statement - PreSaveFile = new java.io.File(((pathPrefix + java.lang.Integer.toString(counter)) + .png)): null

2018-12-07 10:38:09 - [TEST_STEP][PASSED] - Statement - counter = counter + 1: null

2018-12-07 10:38:09 - [TEST_STEP][PASSED] - Statement - PreSaveFile = new java.io.File(((pathPrefix + java.lang.Integer.toString(counter)) + .png)): null

2018-12-07 10:38:09 - [TEST_STEP][PASSED] - Statement - counter = counter + 1: null

2018-12-07 10:38:09 - [TEST_STEP][PASSED] - Statement - PreSaveFile = new java.io.File(((pathPrefix + java.lang.Integer.toString(counter)) + .png)): null

2018-12-07 10:38:09 - [TEST_STEP][PASSED] - Statement - counter = counter + 1: null

2018-12-07 10:38:09 - [TEST_STEP][PASSED] - Statement - PreSaveFile = new java.io.File(((pathPrefix + java.lang.Integer.toString(counter)) + .png)): null

2018-12-07 10:38:10 - [TEST_STEP][PASSED] - Statement - counter = counter + 1: null

2018-12-07 10:38:10 - [TEST_STEP][PASSED] - Statement - PreSaveFile = new java.io.File(((pathPrefix + java.lang.Integer.toString(counter)) + .png)): null

2018-12-07 10:38:10 - [TEST_STEP][PASSED] - Statement - counter = counter + 1: null

2018-12-07 10:38:10 - [TEST_STEP][PASSED] - Statement - PreSaveFile = new java.io.File(((pathPrefix + java.lang.Integer.toString(counter)) + .png)): null

2018-12-07 10:38:10 - [TEST_STEP][PASSED] - Statement - counter = counter + 1: null

2018-12-07 10:38:10 - [TEST_STEP][PASSED] - Statement - PreSaveFile = new java.io.File(((pathPrefix + java.lang.Integer.toString(counter)) + .png)): null

2018-12-07 10:38:10 - [TEST_STEP][PASSED] - Statement - counter = counter + 1: null

2018-12-07 10:38:10 - [TEST_STEP][PASSED] - Statement - PreSaveFile = new java.io.File(((pathPrefix + java.lang.Integer.toString(counter)) + .png)): null

2018-12-07 10:38:10 - [TEST_STEP][PASSED] - Statement - counter = counter + 1: null

2018-12-07 10:38:10 - [TEST_STEP][PASSED] - Statement - PreSaveFile = new java.io.File(((pathPrefix + java.lang.Integer.toString(counter)) + .png)): null

2018-12-07 10:38:10 - [TEST_STEP][PASSED] - Statement - counter = counter + 1: null

2018-12-07 10:38:10 - [TEST_STEP][PASSED] - Statement - PreSaveFile = new java.io.File(((pathPrefix + java.lang.Integer.toString(counter)) + .png)): null

2018-12-07 10:38:10 - [TEST_STEP][PASSED] - Statement - counter = counter + 1: null

2018-12-07 10:38:10 - [TEST_STEP][PASSED] - Statement - PreSaveFile = new java.io.File(((pathPrefix + java.lang.Integer.toString(counter)) + .png)): null

2018-12-07 10:38:10 - [TEST_STEP][PASSED] - Statement - counter = counter + 1: null

2018-12-07 10:38:10 - [TEST_STEP][PASSED] - Statement - PreSaveFile = new java.io.File(((pathPrefix + java.lang.Integer.toString(counter)) + .png)): null

2018-12-07 10:38:10 - [TEST_STEP][PASSED] - Statement - counter = counter + 1: null

2018-12-07 10:38:10 - [TEST_STEP][PASSED] - Statement - PreSaveFile = new java.io.File(((pathPrefix + java.lang.Integer.toString(counter)) + .png)): null

2018-12-07 10:38:10 - [TEST_STEP][PASSED] - Statement - counter = counter + 1: null

2018-12-07 10:38:10 - [TEST_STEP][PASSED] - Statement - PreSaveFile = new java.io.File(((pathPrefix + java.lang.Integer.toString(counter)) + .png)): null

2018-12-07 10:38:10 - [TEST_STEP][PASSED] - Statement - counter = counter + 1: null

2018-12-07 10:38:10 - [TEST_STEP][PASSED] - Statement - PreSaveFile = new java.io.File(((pathPrefix + java.lang.Integer.toString(counter)) + .png)): null

2018-12-07 10:38:10 - [TEST_STEP][PASSED] - Statement - counter = counter + 1: null

2018-12-07 10:38:10 - [TEST_STEP][PASSED] - Statement - PreSaveFile = new java.io.File(((pathPrefix + java.lang.Integer.toString(counter)) + .png)): null

2018-12-07 10:38:10 - [TEST_STEP][PASSED] - Statement - counter = counter + 1: null

2018-12-07 10:38:10 - [TEST_STEP][PASSED] - Statement - PreSaveFile = new java.io.File(((pathPrefix + java.lang.Integer.toString(counter)) + .png)): null

2018-12-07 10:38:10 - [TEST_STEP][PASSED] - Statement - counter = counter + 1: null

2018-12-07 10:38:10 - [TEST_STEP][PASSED] - Statement - PreSaveFile = new java.io.File(((pathPrefix + java.lang.Integer.toString(counter)) + .png)): null

2018-12-07 10:38:10 - [TEST_STEP][PASSED] - Statement - counter = counter + 1: null

2018-12-07 10:38:10 - [TEST_STEP][PASSED] - Statement - PreSaveFile = new java.io.File(((pathPrefix + java.lang.Integer.toString(counter)) + .png)): null

2018-12-07 10:38:11 - [TEST_STEP][PASSED] - Statement - counter = counter + 1: null

2018-12-07 10:38:11 - [TEST_STEP][PASSED] - Statement - PreSaveFile = new java.io.File(((pathPrefix + java.lang.Integer.toString(counter)) + .png)): null

2018-12-07 10:38:11 - [TEST_STEP][PASSED] - Statement - counter = counter + 1: null

2018-12-07 10:38:11 - [TEST_STEP][PASSED] - Statement - PreSaveFile = new java.io.File(((pathPrefix + java.lang.Integer.toString(counter)) + .png)): null

2018-12-07 10:38:11 - [TEST_STEP][PASSED] - Statement - counter = counter + 1: null

2018-12-07 10:38:11 - [TEST_STEP][PASSED] - Statement - PreSaveFile = new java.io.File(((pathPrefix + java.lang.Integer.toString(counter)) + .png)): null

2018-12-07 10:38:11 - [TEST_STEP][PASSED] - Statement - counter = counter + 1: null

2018-12-07 10:38:11 - [TEST_STEP][PASSED] - Statement - PreSaveFile = new java.io.File(((pathPrefix + java.lang.Integer.toString(counter)) + .png)): null

2018-12-07 10:38:11 - [TEST_STEP][PASSED] - Statement - counter = counter + 1: null

2018-12-07 10:38:11 - [TEST_STEP][PASSED] - Statement - PreSaveFile = new java.io.File(((pathPrefix + java.lang.Integer.toString(counter)) + .png)): null

2018-12-07 10:38:11 - [TEST_STEP][PASSED] - Statement - counter = counter + 1: null

2018-12-07 10:38:11 - [TEST_STEP][PASSED] - Statement - PreSaveFile = new java.io.File(((pathPrefix + java.lang.Integer.toString(counter)) + .png)): null

2018-12-07 10:38:11 - [TEST_STEP][PASSED] - Statement - counter = counter + 1: null

2018-12-07 10:38:11 - [TEST_STEP][PASSED] - Statement - PreSaveFile = new java.io.File(((pathPrefix + java.lang.Integer.toString(counter)) + .png)): null

2018-12-07 10:38:11 - [TEST_STEP][PASSED] - Statement - counter = counter + 1: null

2018-12-07 10:38:11 - [TEST_STEP][PASSED] - Statement - PreSaveFile = new java.io.File(((pathPrefix + java.lang.Integer.toString(counter)) + .png)): null

2018-12-07 10:38:11 - [TEST_STEP][PASSED] - Statement - counter = counter + 1: null

2018-12-07 10:38:11 - [TEST_STEP][PASSED] - Statement - PreSaveFile = new java.io.File(((pathPrefix + java.lang.Integer.toString(counter)) + .png)): null

2018-12-07 10:38:11 - [TEST_STEP][PASSED] - Statement - counter = counter + 1: null

2018-12-07 10:38:11 - [TEST_STEP][PASSED] - Statement - PreSaveFile = new java.io.File(((pathPrefix + java.lang.Integer.toString(counter)) + .png)): null

2018-12-07 10:38:11 - [TEST_STEP][PASSED] - Statement - counter = counter + 1: null

2018-12-07 10:38:11 - [TEST_STEP][PASSED] - Statement - PreSaveFile = new java.io.File(((pathPrefix + java.lang.Integer.toString(counter)) + .png)): null

2018-12-07 10:38:11 - [TEST_STEP][PASSED] - Statement - counter = counter + 1: null

2018-12-07 10:38:11 - [TEST_STEP][PASSED] - Statement - PreSaveFile = new java.io.File(((pathPrefix + java.lang.Integer.toString(counter)) + .png)): null

2018-12-07 10:38:11 - [TEST_STEP][PASSED] - Statement - counter = counter + 1: null

2018-12-07 10:38:11 - [TEST_STEP][PASSED] - Statement - PreSaveFile = new java.io.File(((pathPrefix + java.lang.Integer.toString(counter)) + .png)): null

2018-12-07 10:38:11 - [TEST_STEP][PASSED] - Statement - counter = counter + 1: null

2018-12-07 10:38:11 - [TEST_STEP][PASSED] - Statement - PreSaveFile = new java.io.File(((pathPrefix + java.lang.Integer.toString(counter)) + .png)): null

2018-12-07 10:38:11 - [TEST_STEP][PASSED] - Statement - counter = counter + 1: null

2018-12-07 10:38:11 - [TEST_STEP][PASSED] - Statement - PreSaveFile = new java.io.File(((pathPrefix + java.lang.Integer.toString(counter)) + .png)): null

2018-12-07 10:38:11 - [TEST_STEP][PASSED] - Statement - counter = counter + 1: null

2018-12-07 10:38:11 - [TEST_STEP][PASSED] - Statement - PreSaveFile = new java.io.File(((pathPrefix + java.lang.Integer.toString(counter)) + .png)): null

2018-12-07 10:38:11 - [TEST_STEP][PASSED] - Statement - counter = counter + 1: null

2018-12-07 10:38:11 - [TEST_STEP][PASSED] - Statement - PreSaveFile = new java.io.File(((pathPrefix + java.lang.Integer.toString(counter)) + .png)): null

2018-12-07 10:38:11 - [TEST_STEP][PASSED] - Statement - counter = counter + 1: null

2018-12-07 10:38:11 - [TEST_STEP][PASSED] - Statement - PreSaveFile = new java.io.File(((pathPrefix + java.lang.Integer.toString(counter)) + .png)): null

2018-12-07 10:38:11 - [TEST_STEP][PASSED] - Statement - counter = counter + 1: null

2018-12-07 10:38:11 - [TEST_STEP][PASSED] - Statement - PreSaveFile = new java.io.File(((pathPrefix + java.lang.Integer.toString(counter)) + .png)): null

2018-12-07 10:38:11 - [TEST_STEP][PASSED] - Statement - counter = counter + 1: null

2018-12-07 10:38:12 - [TEST_STEP][PASSED] - Statement - PreSaveFile = new java.io.File(((pathPrefix + java.lang.Integer.toString(counter)) + .png)): null

2018-12-07 10:38:12 - [TEST_STEP][PASSED] - Statement - counter = counter + 1: null

2018-12-07 10:38:12 - [TEST_STEP][PASSED] - Statement - PreSaveFile = new java.io.File(((pathPrefix + java.lang.Integer.toString(counter)) + .png)): null

2018-12-07 10:38:12 - [TEST_STEP][PASSED] - Statement - counter = counter + 1: null

2018-12-07 10:38:12 - [TEST_STEP][PASSED] - Statement - PreSaveFile = new java.io.File(((pathPrefix + java.lang.Integer.toString(counter)) + .png)): null

2018-12-07 10:38:12 - [TEST_STEP][PASSED] - Statement - counter = counter + 1: null

2018-12-07 10:38:12 - [TEST_STEP][PASSED] - Statement - PreSaveFile = new java.io.File(((pathPrefix + java.lang.Integer.toString(counter)) + .png)): null

2018-12-07 10:38:12 - [TEST_STEP][PASSED] - Statement - counter = counter + 1: null

2018-12-07 10:38:12 - [TEST_STEP][PASSED] - Statement - PreSaveFile = new java.io.File(((pathPrefix + java.lang.Integer.toString(counter)) + .png)): null

2018-12-07 10:38:12 - [TEST_STEP][PASSED] - Statement - counter = counter + 1: null

2018-12-07 10:38:12 - [TEST_STEP][PASSED] - Statement - PreSaveFile = new java.io.File(((pathPrefix + java.lang.Integer.toString(counter)) + .png)): null

2018-12-07 10:38:12 - [TEST_STEP][PASSED] - Statement - counter = counter + 1: null

2018-12-07 10:38:12 - [TEST_STEP][PASSED] - Statement - PreSaveFile = new java.io.File(((pathPrefix + java.lang.Integer.toString(counter)) + .png)): null

2018-12-07 10:38:12 - [TEST_STEP][PASSED] - Statement - counter = counter + 1: null

2018-12-07 10:38:12 - [TEST_STEP][PASSED] - Statement - PreSaveFile = new java.io.File(((pathPrefix + java.lang.Integer.toString(counter)) + .png)): null

2018-12-07 10:38:12 - [TEST_STEP][PASSED] - Statement - counter = counter + 1: null

2018-12-07 10:38:12 - [TEST_STEP][PASSED] - Statement - PreSaveFile = new java.io.File(((pathPrefix + java.lang.Integer.toString(counter)) + .png)): null

2018-12-07 10:38:12 - [TEST_STEP][PASSED] - Statement - counter = counter + 1: null

2018-12-07 10:38:12 - [TEST_STEP][PASSED] - Statement - PreSaveFile = new java.io.File(((pathPrefix + java.lang.Integer.toString(counter)) + .png)): null

2018-12-07 10:38:12 - [TEST_STEP][PASSED] - Statement - counter = counter + 1: null

2018-12-07 10:38:12 - [TEST_STEP][PASSED] - Statement - PreSaveFile = new java.io.File(((pathPrefix + java.lang.Integer.toString(counter)) + .png)): null

2018-12-07 10:38:12 - [TEST_STEP][PASSED] - Statement - counter = counter + 1: null

2018-12-07 10:38:12 - [TEST_STEP][PASSED] - Statement - PreSaveFile = new java.io.File(((pathPrefix + java.lang.Integer.toString(counter)) + .png)): null

2018-12-07 10:38:12 - [TEST_STEP][PASSED] - Statement - counter = counter + 1: null

2018-12-07 10:38:12 - [TEST_STEP][PASSED] - Statement - PreSaveFile = new java.io.File(((pathPrefix + java.lang.Integer.toString(counter)) + .png)): null

2018-12-07 10:38:12 - [TEST_STEP][PASSED] - Statement - counter = counter + 1: null

2018-12-07 10:38:12 - [TEST_STEP][PASSED] - Statement - PreSaveFile = new java.io.File(((pathPrefix + java.lang.Integer.toString(counter)) + .png)): null

2018-12-07 10:38:12 - [TEST_STEP][PASSED] - Statement - counter = counter + 1: null

2018-12-07 10:38:12 - [TEST_STEP][PASSED] - Statement - PreSaveFile = new java.io.File(((pathPrefix + java.lang.Integer.toString(counter)) + .png)): null

2018-12-07 10:38:13 - [TEST_STEP][PASSED] - Statement - counter = counter + 1: null

2018-12-07 10:38:13 - [TEST_STEP][PASSED] - Statement - PreSaveFile = new java.io.File(((pathPrefix + java.lang.Integer.toString(counter)) + .png)): null

2018-12-07 10:38:13 - [TEST_STEP][PASSED] - Statement - counter = counter + 1: null

2018-12-07 10:38:13 - [TEST_STEP][PASSED] - Statement - PreSaveFile = new java.io.File(((pathPrefix + java.lang.Integer.toString(counter)) + .png)): null

2018-12-07 10:38:13 - [TEST_STEP][PASSED] - Statement - counter = counter + 1: null

2018-12-07 10:38:13 - [TEST_STEP][PASSED] - Statement - PreSaveFile = new java.io.File(((pathPrefix + java.lang.Integer.toString(counter)) + .png)): null

2018-12-07 10:38:13 - [TEST_STEP][PASSED] - Statement - counter = counter + 1: null

2018-12-07 10:38:13 - [TEST_STEP][PASSED] - Statement - PreSaveFile = new java.io.File(((pathPrefix + java.lang.Integer.toString(counter)) + .png)): null

2018-12-07 10:38:13 - [TEST_STEP][PASSED] - Statement - counter = counter + 1: null

2018-12-07 10:38:13 - [TEST_STEP][PASSED] - Statement - PreSaveFile = new java.io.File(((pathPrefix + java.lang.Integer.toString(counter)) + .png)): null

2018-12-07 10:38:13 - [TEST_STEP][PASSED] - Statement - counter = counter + 1: null

2018-12-07 10:38:13 - [TEST_STEP][PASSED] - Statement - PreSaveFile = new java.io.File(((pathPrefix + java.lang.Integer.toString(counter)) + .png)): null

2018-12-07 10:38:13 - [TEST_STEP][PASSED] - Statement - counter = counter + 1: null

2018-12-07 10:38:13 - [TEST_STEP][PASSED] - Statement - PreSaveFile = new java.io.File(((pathPrefix + java.lang.Integer.toString(counter)) + .png)): null

2018-12-07 10:38:13 - [TEST_STEP][PASSED] - Statement - counter = counter + 1: null

2018-12-07 10:38:13 - [TEST_STEP][PASSED] - Statement - PreSaveFile = new java.io.File(((pathPrefix + java.lang.Integer.toString(counter)) + .png)): null

2018-12-07 10:38:13 - [TEST_STEP][PASSED] - Statement - counter = counter + 1: null

2018-12-07 10:38:13 - [TEST_STEP][PASSED] - Statement - PreSaveFile = new java.io.File(((pathPrefix + java.lang.Integer.toString(counter)) + .png)): null

2018-12-07 10:38:13 - [TEST_STEP][PASSED] - Statement - counter = counter + 1: null

2018-12-07 10:38:13 - [TEST_STEP][PASSED] - Statement - PreSaveFile = new java.io.File(((pathPrefix + java.lang.Integer.toString(counter)) + .png)): null

2018-12-07 10:38:13 - [TEST_STEP][PASSED] - Statement - counter = counter + 1: null

2018-12-07 10:38:13 - [TEST_STEP][PASSED] - Statement - PreSaveFile = new java.io.File(((pathPrefix + java.lang.Integer.toString(counter)) + .png)): null

2018-12-07 10:38:13 - [TEST_STEP][PASSED] - Statement - counter = counter + 1: null

2018-12-07 10:38:13 - [TEST_STEP][PASSED] - Statement - PreSaveFile = new java.io.File(((pathPrefix + java.lang.Integer.toString(counter)) + .png)): null

2018-12-07 10:38:13 - [TEST_STEP][PASSED] - Statement - counter = counter + 1: null

2018-12-07 10:38:13 - [TEST_STEP][PASSED] - Statement - PreSaveFile = new java.io.File(((pathPrefix + java.lang.Integer.toString(counter)) + .png)): null

2018-12-07 10:38:13 - [TEST_STEP][PASSED] - Statement - counter = counter + 1: null

2018-12-07 10:38:13 - [TEST_STEP][PASSED] - Statement - PreSaveFile = new java.io.File(((pathPrefix + java.lang.Integer.toString(counter)) + .png)): null

2018-12-07 10:38:13 - [TEST_STEP][PASSED] - Statement - counter = counter + 1: null

2018-12-07 10:38:14 - [TEST_STEP][PASSED] - Statement - PreSaveFile = new java.io.File(((pathPrefix + java.lang.Integer.toString(counter)) + .png)): null

2018-12-07 10:38:14 - [TEST_STEP][PASSED] - Statement - counter = counter + 1: null

2018-12-07 10:38:14 - [TEST_STEP][PASSED] - Statement - PreSaveFile = new java.io.File(((pathPrefix + java.lang.Integer.toString(counter)) + .png)): null

2018-12-07 10:38:14 - [TEST_STEP][PASSED] - Statement - counter = counter + 1: null

2018-12-07 10:38:14 - [TEST_STEP][PASSED] - Statement - PreSaveFile = new java.io.File(((pathPrefix + java.lang.Integer.toString(counter)) + .png)): null

2018-12-07 10:38:14 - [TEST_STEP][PASSED] - Statement - counter = counter + 1: null

2018-12-07 10:38:14 - [TEST_STEP][PASSED] - Statement - PreSaveFile = new java.io.File(((pathPrefix + java.lang.Integer.toString(counter)) + .png)): null

2018-12-07 10:38:14 - [TEST_STEP][PASSED] - Statement - counter = counter + 1: null

2018-12-07 10:38:14 - [TEST_STEP][PASSED] - Statement - PreSaveFile = new java.io.File(((pathPrefix + java.lang.Integer.toString(counter)) + .png)): null

2018-12-07 10:38:14 - [TEST_STEP][PASSED] - Statement - counter = counter + 1: null

2018-12-07 10:38:14 - [TEST_STEP][PASSED] - Statement - PreSaveFile = new java.io.File(((pathPrefix + java.lang.Integer.toString(counter)) + .png)): null

2018-12-07 10:38:14 - [TEST_STEP][PASSED] - Statement - counter = counter + 1: null

2018-12-07 10:38:14 - [TEST_STEP][PASSED] - Statement - PreSaveFile = new java.io.File(((pathPrefix + java.lang.Integer.toString(counter)) + .png)): null

2018-12-07 10:38:14 - [TEST_STEP][PASSED] - Statement - counter = counter + 1: null

2018-12-07 10:38:14 - [TEST_STEP][PASSED] - Statement - PreSaveFile = new java.io.File(((pathPrefix + java.lang.Integer.toString(counter)) + .png)): null

2018-12-07 10:38:14 - [TEST_STEP][PASSED] - Statement - counter = counter + 1: null

2018-12-07 10:38:14 - [TEST_STEP][PASSED] - Statement - PreSaveFile = new java.io.File(((pathPrefix + java.lang.Integer.toString(counter)) + .png)): null

2018-12-07 10:38:14 - [TEST_STEP][PASSED] - Statement - counter = counter + 1: null

2018-12-07 10:38:14 - [TEST_STEP][PASSED] - Statement - PreSaveFile = new java.io.File(((pathPrefix + java.lang.Integer.toString(counter)) + .png)): null

2018-12-07 10:38:14 - [TEST_STEP][PASSED] - Statement - counter = counter + 1: null

2018-12-07 10:38:14 - [TEST_STEP][PASSED] - Statement - PreSaveFile = new java.io.File(((pathPrefix + java.lang.Integer.toString(counter)) + .png)): null

2018-12-07 10:38:14 - [TEST_STEP][PASSED] - Statement - finalPath = pathPrefix + java.lang.Integer.toString(counter) + ".png": null

2018-12-07 10:38:14 - [TEST_STEP][PASSED] - Statement - SaveFile = new java.io.File(finalPath): null

2018-12-07 10:38:14 - [TEST_STEP][PASSED] - Statement - Try: null

2018-12-07 10:38:14 - [TEST_STEP][PASSED] - Statement - org.apache.commons.io.FileUtils.copyFile(scrFile, SaveFile): null

2018-12-07 10:38:14 - [TEST_STEP][PASSED] - Statement - out.println("file kept"): null

2018-12-07 10:38:14 - [TEST_STEP][PASSED] - delay: Delayed 10 second(s)

2018-12-07 10:38:24 - [MESSAGE][PASSED] - Delayed 10 second(s)

2018-12-07 10:38:24 - [MESSAGE][PASSED] - Call Test Case 'Test Cases/Final Aug 2018 - PKS Automation/Common/Screenshoting tool' successfully

2018-12-07 10:38:24 - [TEST_STEP][PASSED] - callTestCase: Call Test Case 'Test Cases/Final Aug 2018 - PKS Automation/Registration Module/Log Out/log out avoiding katalon tagging' successfully

2018-12-07 10:38:24 - [TEST_CASE][PASSED] - Test Cases/Final Aug 2018 - PKS Automation/Registration Module/Log Out/log out avoiding katalon tagging: Test Cases/Final Aug 2018 - PKS Automation/Registration Module/Log Out/log out avoiding katalon tagging

2018-12-07 10:38:24 - [TEST_STEP][PASSED] - navigateToUrl: Navigate to 'https://assist2-uat.perkeso.gov.my/c/portal/logout' successfully

2018-12-07 10:38:25 - [MESSAGE][PASSED] - Navigate to 'https://assist2-uat.perkeso.gov.my/c/portal/logout' successfully

2018-12-07 10:38:25 - [MESSAGE][PASSED] - Call Test Case 'Test Cases/Final Aug 2018 - PKS Automation/Registration Module/Log Out/log out avoiding katalon tagging' successfully

2018-12-07 10:38:25 - [TEST_STEP][PASSED] - callTestCase: Call Test Case 'Test Cases/Final Aug 2018 - PKS Automation/Common/Workflow Owner Finder' successfully

2018-12-07 10:38:25 - [TEST_CASE][PASSED] - Test Cases/Final Aug 2018 - PKS Automation/Common/Workflow Owner Finder: Test Cases/Final Aug 2018 - PKS Automation/Common/Workflow Owner Finder

2018-12-07 10:38:25 - [TEST_STEP][PASSED] - openBrowser: Browser is opened with url: ''

2018-12-07 10:38:25 - [MESSAGE][WARNING] - A browser is already opened. Closing browser and opening a new one

2018-12-07 10:38:28 - [MESSAGE][PASSED] - Browser is opened with url: ''

2018-12-07 10:38:28 - [TEST_STEP][PASSED] - navigateToUrl: Navigate to 'https://assist2-uat.perkeso.gov.my/login' successfully

2018-12-07 10:38:29 - [MESSAGE][PASSED] - Navigate to 'https://assist2-uat.perkeso.gov.my/login' successfully

2018-12-07 10:38:29 - [TEST_STEP][PASSED] - delay: Delayed 5 second(s)

2018-12-07 10:38:34 - [MESSAGE][PASSED] - Delayed 5 second(s)

2018-12-07 10:38:34 - [TEST_STEP][PASSED] - setText: Text 'test@liferay.com' is set on object 'Object Repository/Final Object Repo/Login Page/Internal User/Email Address'

2018-12-07 10:38:35 - [MESSAGE][PASSED] - Text 'test@liferay.com' is set on object 'Object Repository/Final Object Repo/Login Page/Internal User/Email Address'

2018-12-07 10:38:35 - [TEST_STEP][PASSED] - click: Object: 'Object Repository/Final Object Repo/Login Page/Internal User/Next Button' is clicked on

2018-12-07 10:38:35 - [MESSAGE][PASSED] - Object: 'Object Repository/Final Object Repo/Login Page/Internal User/Next Button' is clicked on

2018-12-07 10:38:35 - [TEST_STEP][PASSED] - delay: Delayed 2 second(s)

2018-12-07 10:38:37 - [MESSAGE][PASSED] - Delayed 2 second(s)

2018-12-07 10:38:37 - [TEST_STEP][PASSED] - setText: Text 'test' is set on object 'Object Repository/Final Object Repo/Login Page/Internal User/Password'

2018-12-07 10:38:37 - [MESSAGE][PASSED] - Text 'test' is set on object 'Object Repository/Final Object Repo/Login Page/Internal User/Password'

2018-12-07 10:38:37 - [TEST_STEP][PASSED] - delay: Delayed 2 second(s)

2018-12-07 10:38:39 - [MESSAGE][PASSED] - Delayed 2 second(s)

2018-12-07 10:38:39 - [TEST_STEP][PASSED] - click: Object: 'Object Repository/Final Object Repo/Login Page/Internal User/Login Button' is clicked on

2018-12-07 10:38:39 - [MESSAGE][PASSED] - Object: 'Object Repository/Final Object Repo/Login Page/Internal User/Login Button' is clicked on

2018-12-07 10:38:39 - [TEST_STEP][PASSED] - Statement - tester = com.kms.katalon.core.testobject.ObjectRepository.findTestObject(Final Object Repo/Landing Page/Select to English): Finding Test Object with id 'Object Repository/Final Object Repo/Landing Page/Select to English'

2018-12-07 10:38:39 - [TEST_STEP][PASSED] - Statement - Try: Delayed 2 second(s)

2018-12-07 10:38:39 - [TEST_STEP][PASSED] - Statement - Checker = com.kms.katalon.core.webui.keyword.WebUiBuiltInKeywords.verifyElementNotPresent(tester, 3): Web element with id: 'Object Repository/Final Object Repo/Landing Page/Select to English' located by 'By.xpath: //a[@class = 'taglib-language-list-text' and @lang = 'en-US' and (contains(text(), 'EN') or contains(., 'EN'))]' is not present after '3' second(s)

2018-12-07 10:38:41 - [MESSAGE][PASSED] - Web element with id: 'Object Repository/Final Object Repo/Landing Page/Select to English' located by 'By.xpath: //a[@class = 'taglib-language-list-text' and @lang = 'en-US' and (contains(text(), 'EN') or contains(., 'EN'))]' is not present after '3' second(s)

2018-12-07 10:38:41 - [TEST_STEP][PASSED] - Statement - If (Checker == false): null

2018-12-07 10:38:41 - [TEST_STEP][PASSED] - delay: Delayed 2 second(s)

2018-12-07 10:38:43 - [MESSAGE][PASSED] - Delayed 2 second(s)

2018-12-07 10:38:43 - [TEST_STEP][PASSED] - delay: Delayed 5 second(s)

2018-12-07 10:38:48 - [MESSAGE][PASSED] - Delayed 5 second(s)

2018-12-07 10:38:48 - [TEST_STEP][PASSED] - mouseOver: Object: 'Object Repository/Final Object Repo/Landing Page/WorkFlow Menu' is hovered

2018-12-07 10:38:48 - [MESSAGE][PASSED] - Object: 'Object Repository/Final Object Repo/Landing Page/WorkFlow Menu' is hovered

2018-12-07 10:38:48 - [TEST_STEP][PASSED] - delay: Delayed 2 second(s)

2018-12-07 10:38:50 - [MESSAGE][PASSED] - Delayed 2 second(s)

2018-12-07 10:38:50 - [TEST_STEP][PASSED] - click: Object: 'Object Repository/Final Object Repo/Landing Page/Select to Workflow Listing' is clicked on

2018-12-07 10:38:51 - [MESSAGE][PASSED] - Object: 'Object Repository/Final Object Repo/Landing Page/Select to Workflow Listing' is clicked on

2018-12-07 10:38:51 - [TEST_STEP][PASSED] - delay: Delayed 2 second(s)

2018-12-07 10:38:53 - [MESSAGE][PASSED] - Delayed 2 second(s)

2018-12-07 10:38:53 - [TEST_STEP][PASSED] - click: Object: 'Object Repository/Final Object Repo/WorkFlow Listing Page/Search Information - To Put Ref No' is clicked on

2018-12-07 10:38:54 - [MESSAGE][PASSED] - Object: 'Object Repository/Final Object Repo/WorkFlow Listing Page/Search Information - To Put Ref No' is clicked on

2018-12-07 10:38:54 - [TEST_STEP][PASSED] - delay: Delayed 2 second(s)

2018-12-07 10:38:56 - [MESSAGE][PASSED] - Delayed 2 second(s)

2018-12-07 10:38:56 - [TEST_STEP][PASSED] - callTestCase: Call Test Case 'Test Cases/Final Aug 2018 - PKS Automation/Common/Reference Number Getter' successfully

2018-12-07 10:38:56 - [TEST_CASE][PASSED] - Test Cases/Final Aug 2018 - PKS Automation/Common/Reference Number Getter: Test Cases/Final Aug 2018 - PKS Automation/Common/Reference Number Getter

2018-12-07 10:38:56 - [TEST_STEP][PASSED] - Statement - Try: null

2018-12-07 10:38:56 - [TEST_STEP][PASSED] - Statement - RefNo = new java.io.File(C://Users//Admin//Desktop//PKS//Automation Reference Point//KatalonReference.txt): null

2018-12-07 10:38:56 - [TEST_STEP][PASSED] - Statement - bufferread = new java.io.BufferedReader(new java.io.FileReader(RefNo)): null

2018-12-07 10:38:56 - [TEST_STEP][PASSED] - Statement - readedVal = bufferread.readLine(): null

2018-12-07 10:38:56 - [TEST_STEP][PASSED] - Statement - out.println(CaseReferenceNo): null

2018-12-07 10:38:56 - [TEST_STEP][PASSED] - Statement - out.println(readedVal): null

2018-12-07 10:38:56 - [TEST_STEP][PASSED] - Statement - CaseReferenceNo = "": null

2018-12-07 10:38:56 - [TEST_STEP][PASSED] - Statement - CaseReferenceNo = readedVal: null

2018-12-07 10:38:56 - [MESSAGE][PASSED] - Call Test Case 'Test Cases/Final Aug 2018 - PKS Automation/Common/Reference Number Getter' successfully

2018-12-07 10:38:56 - [TEST_STEP][PASSED] - setText: Text 'CAN12201800002282' is set on object 'Object Repository/Final Object Repo/WorkFlow Listing Page/Ref No Set Text'

2018-12-07 10:38:56 - [MESSAGE][PASSED] - Text 'CAN12201800002282' is set on object 'Object Repository/Final Object Repo/WorkFlow Listing Page/Ref No Set Text'

2018-12-07 10:38:56 - [TEST_STEP][PASSED] - delay: Delayed 2 second(s)

2018-12-07 10:38:58 - [MESSAGE][PASSED] - Delayed 2 second(s)

2018-12-07 10:38:58 - [TEST_STEP][PASSED] - click: Object: 'Object Repository/Final Object Repo/WorkFlow Listing Page/Search Ref No Search Button' is clicked on

2018-12-07 10:38:58 - [MESSAGE][PASSED] - Object: 'Object Repository/Final Object Repo/WorkFlow Listing Page/Search Ref No Search Button' is clicked on

2018-12-07 10:38:58 - [TEST_STEP][PASSED] - delay: Delayed 6 second(s)

2018-12-07 10:39:04 - [MESSAGE][PASSED] - Delayed 6 second(s)

2018-12-07 10:39:04 - [TEST_STEP][PASSED] - click: Object: 'Object Repository/Final Object Repo/WorkFlow Listing Page/Click Continue Tooltip' is clicked on

2018-12-07 10:39:05 - [MESSAGE][PASSED] - Object: 'Object Repository/Final Object Repo/WorkFlow Listing Page/Click Continue Tooltip' is clicked on

2018-12-07 10:39:05 - [TEST_STEP][PASSED] - delay: Delayed 5 second(s)

2018-12-07 10:39:10 - [MESSAGE][PASSED] - Delayed 5 second(s)

2018-12-07 10:39:10 - [TEST_STEP][PASSED] - doubleClick: Object: 'Object Repository/Final Object Repo/WorkFlow Listing Page/Workflow Found - Listing 1' is double clicked on

2018-12-07 10:39:10 - [MESSAGE][PASSED] - Object: 'Object Repository/Final Object Repo/WorkFlow Listing Page/Workflow Found - Listing 1' is double clicked on

2018-12-07 10:39:10 - [TEST_STEP][PASSED] - Statement - println(OwnerID): null

2018-12-07 10:39:10 - [TEST_STEP][PASSED] - Statement - OwnerID = com.kms.katalon.core.webui.keyword.WebUiBuiltInKeywords.getText(com.kms.katalon.core.testobject.ObjectRepository.findTestObject(Final Object Repo/WorkFlow Listing Page/Workflow Found - Listing 1), STOP_ON_FAILURE): Text of object 'Object Repository/Final Object Repo/WorkFlow Listing Page/Workflow Found - Listing 1' is: 'JOHORro3'

2018-12-07 10:39:11 - [MESSAGE][PASSED] - Text of object 'Object Repository/Final Object Repo/WorkFlow Listing Page/Workflow Found - Listing 1' is: 'JOHORro3'

2018-12-07 10:39:11 - [TEST_STEP][PASSED] - Statement - OwnerID = OwnerID.toLowerCase() + "@gmail.com": null

2018-12-07 10:39:11 - [TEST_STEP][PASSED] - Statement - println(OwnerID): null

2018-12-07 10:39:11 - [TEST_STEP][PASSED] - delay: Delayed 2 second(s)

2018-12-07 10:39:13 - [MESSAGE][PASSED] - Delayed 2 second(s)

2018-12-07 10:39:13 - [MESSAGE][PASSED] - Call Test Case 'Test Cases/Final Aug 2018 - PKS Automation/Common/Workflow Owner Finder' successfully

2018-12-07 10:39:13 - [TEST_STEP][PASSED] - callTestCase: Call Test Case 'Test Cases/Final Aug 2018 - PKS Automation/Registration Module/Log Out/log out avoiding katalon tagging' successfully

2018-12-07 10:39:13 - [TEST_CASE][PASSED] - Test Cases/Final Aug 2018 - PKS Automation/Registration Module/Log Out/log out avoiding katalon tagging: Test Cases/Final Aug 2018 - PKS Automation/Registration Module/Log Out/log out avoiding katalon tagging

2018-12-07 10:39:13 - [TEST_STEP][PASSED] - navigateToUrl: Navigate to 'https://assist2-uat.perkeso.gov.my/c/portal/logout' successfully

2018-12-07 10:39:13 - [MESSAGE][PASSED] - Navigate to 'https://assist2-uat.perkeso.gov.my/c/portal/logout' successfully

2018-12-07 10:39:13 - [MESSAGE][PASSED] - Call Test Case 'Test Cases/Final Aug 2018 - PKS Automation/Registration Module/Log Out/log out avoiding katalon tagging' successfully

2018-12-07 10:39:13 - [TEST_STEP][PASSED] - delay: Delayed 2 second(s)

2018-12-07 10:39:15 - [MESSAGE][PASSED] - Delayed 2 second(s)

2018-12-07 10:39:15 - [TEST_STEP][PASSED] - setText: Text 'johorro3@gmail.com' is set on object 'Object Repository/Final Object Repo/Page_Update Add New Employee - ASSIST/Email TextBox'

2018-12-07 10:39:16 - [MESSAGE][PASSED] - Text 'johorro3@gmail.com' is set on object 'Object Repository/Final Object Repo/Page_Update Add New Employee - ASSIST/Email TextBox'

2018-12-07 10:39:16 - [TEST_STEP][PASSED] - click: Object: 'Object Repository/Final Object Repo/Page_Update Add New Employee - ASSIST/Next Button' is clicked on

2018-12-07 10:39:16 - [MESSAGE][PASSED] - Object: 'Object Repository/Final Object Repo/Page_Update Add New Employee - ASSIST/Next Button' is clicked on

2018-12-07 10:39:16 - [TEST_STEP][PASSED] - delay: Delayed 2 second(s)

2018-12-07 10:39:18 - [MESSAGE][PASSED] - Delayed 2 second(s)

2018-12-07 10:39:18 - [TEST_STEP][PASSED] - setText: Text 'Test1@3456789' is set on object 'Object Repository/Final Object Repo/Page_Update Add New Employee - ASSIST/Password TextBox'

2018-12-07 10:39:18 - [MESSAGE][PASSED] - Text 'Test1@3456789' is set on object 'Object Repository/Final Object Repo/Page_Update Add New Employee - ASSIST/Password TextBox'

2018-12-07 10:39:18 - [TEST_STEP][PASSED] - delay: Delayed 2 second(s)

2018-12-07 10:39:20 - [MESSAGE][PASSED] - Delayed 2 second(s)

2018-12-07 10:39:20 - [TEST_STEP][PASSED] - click: Object: 'Object Repository/Final Object Repo/Page_Update Add New Employee - ASSIST/Login Button' is clicked on

2018-12-07 10:39:20 - [MESSAGE][PASSED] - Object: 'Object Repository/Final Object Repo/Page_Update Add New Employee - ASSIST/Login Button' is clicked on

2018-12-07 10:39:20 - [TEST_STEP][PASSED] - delay: Delayed 4 second(s)

2018-12-07 10:39:24 - [MESSAGE][PASSED] - Delayed 4 second(s)

2018-12-07 10:39:24 - [TEST_STEP][PASSED] - Statement - Try: Delayed 2 second(s)

2018-12-07 10:39:24 - [TEST_STEP][PASSED] - Statement - Checker = false: null

2018-12-07 10:39:24 - [TEST_STEP][PASSED] - Statement - Checker = com.kms.katalon.core.webui.keyword.WebUiBuiltInKeywords.verifyElementHasAttribute(com.kms.katalon.core.testobject.ObjectRepository.findTestObject(Final Object Repo/Landing Page/BM Detecting), "href", 20, OPTIONAL): Object 'Object Repository/Final Object Repo/Landing Page/BM Detecting' has attribute 'href'

2018-12-07 10:39:25 - [MESSAGE][PASSED] - Object 'Object Repository/Final Object Repo/Landing Page/BM Detecting' has attribute 'href'

2018-12-07 10:39:25 - [TEST_STEP][PASSED] - Statement - out.println(Checker): null

2018-12-07 10:39:25 - [TEST_STEP][PASSED] - Statement - If (Checker == false): null

2018-12-07 10:39:25 - [TEST_STEP][PASSED] - Statement - Else: null

2018-12-07 10:39:25 - [TEST_STEP][PASSED] - delay: Delayed 2 second(s)

2018-12-07 10:39:27 - [MESSAGE][PASSED] - Delayed 2 second(s)

2018-12-07 10:39:27 - [TEST_STEP][PASSED] - delay: Delayed 4 second(s)

2018-12-07 10:39:31 - [MESSAGE][PASSED] - Delayed 4 second(s)

2018-12-07 10:39:31 - [TEST_STEP][PASSED] - click: Object: 'Object Repository/Final Object Repo/New Registration - Registration Module Pages/New Reg - OTC to RO/Special Case - All Related Objects/Expand to Search' is clicked on

2018-12-07 10:39:31 - [MESSAGE][PASSED] - Object: 'Object Repository/Final Object Repo/New Registration - Registration Module Pages/New Reg - OTC to RO/Special Case - All Related Objects/Expand to Search' is clicked on

2018-12-07 10:39:31 - [TEST_STEP][PASSED] - delay: Delayed 2 second(s)

2018-12-07 10:39:33 - [MESSAGE][PASSED] - Delayed 2 second(s)

2018-12-07 10:39:33 - [TEST_STEP][PASSED] - setText: Text 'CAN12201800002282' is set on object 'Object Repository/Final Object Repo/New Registration - Registration Module Pages/New Reg - OTC to RO/Special Case - All Related Objects/TextBox RefNo in Workbasket'

2018-12-07 10:39:33 - [MESSAGE][PASSED] - Text 'CAN12201800002282' is set on object 'Object Repository/Final Object Repo/New Registration - Registration Module Pages/New Reg - OTC to RO/Special Case - All Related Objects/TextBox RefNo in Workbasket'

2018-12-07 10:39:33 - [TEST_STEP][PASSED] - delay: Delayed 2 second(s)

2018-12-07 10:39:35 - [MESSAGE][PASSED] - Delayed 2 second(s)

2018-12-07 10:39:35 - [TEST_STEP][PASSED] - click: Object: 'Object Repository/Final Object Repo/New Registration - Registration Module Pages/New Reg - OTC to RO/Special Case - All Related Objects/Click Search' is clicked on

2018-12-07 10:39:35 - [MESSAGE][PASSED] - Object: 'Object Repository/Final Object Repo/New Registration - Registration Module Pages/New Reg - OTC to RO/Special Case - All Related Objects/Click Search' is clicked on

2018-12-07 10:39:35 - [TEST_STEP][PASSED] - delay: Delayed 2 second(s)

2018-12-07 10:39:37 - [MESSAGE][PASSED] - Delayed 2 second(s)

2018-12-07 10:39:37 - [TEST_STEP][PASSED] - click: Object: 'Object Repository/Final Object Repo/New Registration - Registration Module Pages/New Reg - OTC to RO/Special Case - All Related Objects/Click to Continue Workflow' is clicked on

2018-12-07 10:39:42 - [MESSAGE][PASSED] - Object: 'Object Repository/Final Object Repo/New Registration - Registration Module Pages/New Reg - OTC to RO/Special Case - All Related Objects/Click to Continue Workflow' is clicked on

2018-12-07 10:39:42 - [TEST_STEP][PASSED] - delay: Delayed 10 second(s)

2018-12-07 10:39:52 - [MESSAGE][PASSED] - Delayed 10 second(s)

2018-12-07 10:39:52 - [TEST_STEP][PASSED] - click: Object: 'Object Repository/Final Object Repo/New Registration - Registration Module Pages/New Reg - OTC to RO/Special Case - All Related Objects/Continue Button in verifying case' is clicked on

2018-12-07 10:39:55 - [MESSAGE][PASSED] - Object: 'Object Repository/Final Object Repo/New Registration - Registration Module Pages/New Reg - OTC to RO/Special Case - All Related Objects/Continue Button in verifying case' is clicked on

2018-12-07 10:39:55 - [TEST_STEP][PASSED] - delay: Delayed 2 second(s)

2018-12-07 10:39:57 - [MESSAGE][PASSED] - Delayed 2 second(s)

2018-12-07 10:39:57 - [TEST_STEP][PASSED] - click: Object: 'Object Repository/Final Object Repo/Page_Update Add New Employee - ASSIST/Save  Continue Button' is clicked on

2018-12-07 10:39:58 - [MESSAGE][PASSED] - Object: 'Object Repository/Final Object Repo/Page_Update Add New Employee - ASSIST/Save  Continue Button' is clicked on

2018-12-07 10:39:58 - [TEST_STEP][PASSED] - delay: Delayed 4 second(s)

2018-12-07 10:40:02 - [MESSAGE][PASSED] - Delayed 4 second(s)

2018-12-07 10:40:02 - [TEST_STEP][PASSED] - click: Object: 'Object Repository/Final Object Repo/Page_Update Add New Employee - ASSIST/Save  Continue Third Screen' is clicked on

2018-12-07 10:40:05 - [MESSAGE][PASSED] - Object: 'Object Repository/Final Object Repo/Page_Update Add New Employee - ASSIST/Save  Continue Third Screen' is clicked on

2018-12-07 10:40:05 - [TEST_STEP][PASSED] - delay: Delayed 4 second(s)

2018-12-07 10:40:09 - [MESSAGE][PASSED] - Delayed 4 second(s)

2018-12-07 10:40:09 - [TEST_STEP][PASSED] - click: Object: 'Object Repository/Final Object Repo/Page_Update Add New Employee - ASSIST/Save   Continue Supporting Doc Page' is clicked on

2018-12-07 10:40:09 - [MESSAGE][PASSED] - Object: 'Object Repository/Final Object Repo/Page_Update Add New Employee - ASSIST/Save   Continue Supporting Doc Page' is clicked on

2018-12-07 10:40:09 - [TEST_STEP][PASSED] - delay: Delayed 4 second(s)

2018-12-07 10:40:13 - [MESSAGE][PASSED] - Delayed 4 second(s)

2018-12-07 10:40:13 - [TEST_STEP][PASSED] - click: Object: 'Object Repository/Final Object Repo/Page_Update Add New Employee - ASSIST/Submit Button' is clicked on

2018-12-07 10:40:13 - [MESSAGE][PASSED] - Object: 'Object Repository/Final Object Repo/Page_Update Add New Employee - ASSIST/Submit Button' is clicked on

2018-12-07 10:40:13 - [TEST_STEP][PASSED] - delay: Delayed 4 second(s)

2018-12-07 10:40:17 - [MESSAGE][PASSED] - Delayed 4 second(s)

2018-12-07 10:40:17 - [TEST_STEP][PASSED] - click: Object: 'Object Repository/Final Object Repo/Page_Update Add New Employee - ASSIST/Confirm Submit Button' is clicked on

2018-12-07 10:40:17 - [MESSAGE][PASSED] - Object: 'Object Repository/Final Object Repo/Page_Update Add New Employee - ASSIST/Confirm Submit Button' is clicked on

2018-12-07 10:40:17 - [TEST_STEP][PASSED] - delay: Delayed 30 second(s)

2018-12-07 10:40:47 - [MESSAGE][PASSED] - Delayed 30 second(s)

2018-12-07 10:40:47 - [TEST_STEP][PASSED] - callTestCase: Call Test Case 'Test Cases/Final Aug 2018 - PKS Automation/Common/Screenshoting tool' successfully

2018-12-07 10:40:47 - [TEST_CASE][PASSED] - Test Cases/Final Aug 2018 - PKS Automation/Common/Screenshoting tool: Test Cases/Final Aug 2018 - PKS Automation/Common/Screenshoting tool

2018-12-07 10:40:47 - [TEST_STEP][PASSED] - delay: Delayed 15 second(s)

2018-12-07 10:41:02 - [MESSAGE][PASSED] - Delayed 15 second(s)

2018-12-07 10:41:02 - [TEST_STEP][PASSED] - Statement - driver = com.kms.katalon.core.webui.driver.DriverFactory.getWebDriver(): null

2018-12-07 10:41:02 - [TEST_STEP][PASSED] - Statement - driver.manage().timeouts().implicitlyWait(10, SECONDS): null

2018-12-07 10:41:02 - [TEST_STEP][PASSED] - Statement - PresavePath = KatalonScreenshots: null

2018-12-07 10:41:02 - [TEST_STEP][PASSED] - Statement - pathPrefix = "C:\Users\Public\Pictures\Sample Pictures\Katalon Screenshots\Automate Ending Screen": null

2018-12-07 10:41:02 - [TEST_STEP][PASSED] - Statement - finalPath = <not implemented yet for class: org.codehaus.groovy.ast.expr.EmptyExpression>: null

2018-12-07 10:41:02 - [TEST_STEP][PASSED] - Statement - scrFile = driver.getScreenshotAs(FILE): null

2018-12-07 10:41:03 - [TEST_STEP][PASSED] - Statement - PreSaveFile = new java.io.File(PresavePath): null

2018-12-07 10:41:03 - [TEST_STEP][PASSED] - Statement - counter = 0: null

2018-12-07 10:41:03 - [TEST_STEP][PASSED] - Statement - If (PreSaveFile.exists()): null

2018-12-07 10:41:03 - [TEST_STEP][PASSED] - Statement - While (PreSaveFile.exists()): null

2018-12-07 10:41:03 - [TEST_STEP][PASSED] - Statement - counter = counter + 1: null

2018-12-07 10:41:03 - [TEST_STEP][PASSED] - Statement - PreSaveFile = new java.io.File(((pathPrefix + java.lang.Integer.toString(counter)) + .png)): null

2018-12-07 10:41:03 - [TEST_STEP][PASSED] - Statement - counter = counter + 1: null

2018-12-07 10:41:03 - [TEST_STEP][PASSED] - Statement - PreSaveFile = new java.io.File(((pathPrefix + java.lang.Integer.toString(counter)) + .png)): null

2018-12-07 10:41:03 - [TEST_STEP][PASSED] - Statement - counter = counter + 1: null

2018-12-07 10:41:03 - [TEST_STEP][PASSED] - Statement - PreSaveFile = new java.io.File(((pathPrefix + java.lang.Integer.toString(counter)) + .png)): null

2018-12-07 10:41:03 - [TEST_STEP][PASSED] - Statement - counter = counter + 1: null

2018-12-07 10:41:03 - [TEST_STEP][PASSED] - Statement - PreSaveFile = new java.io.File(((pathPrefix + java.lang.Integer.toString(counter)) + .png)): null

2018-12-07 10:41:03 - [TEST_STEP][PASSED] - Statement - counter = counter + 1: null

2018-12-07 10:41:03 - [TEST_STEP][PASSED] - Statement - PreSaveFile = new java.io.File(((pathPrefix + java.lang.Integer.toString(counter)) + .png)): null

2018-12-07 10:41:03 - [TEST_STEP][PASSED] - Statement - counter = counter + 1: null

2018-12-07 10:41:03 - [TEST_STEP][PASSED] - Statement - PreSaveFile = new java.io.File(((pathPrefix + java.lang.Integer.toString(counter)) + .png)): null

2018-12-07 10:41:03 - [TEST_STEP][PASSED] - Statement - counter = counter + 1: null

2018-12-07 10:41:03 - [TEST_STEP][PASSED] - Statement - PreSaveFile = new java.io.File(((pathPrefix + java.lang.Integer.toString(counter)) + .png)): null

2018-12-07 10:41:03 - [TEST_STEP][PASSED] - Statement - counter = counter + 1: null

2018-12-07 10:41:03 - [TEST_STEP][PASSED] - Statement - PreSaveFile = new java.io.File(((pathPrefix + java.lang.Integer.toString(counter)) + .png)): null

2018-12-07 10:41:03 - [TEST_STEP][PASSED] - Statement - counter = counter + 1: null

2018-12-07 10:41:03 - [TEST_STEP][PASSED] - Statement - PreSaveFile = new java.io.File(((pathPrefix + java.lang.Integer.toString(counter)) + .png)): null

2018-12-07 10:41:03 - [TEST_STEP][PASSED] - Statement - counter = counter + 1: null

2018-12-07 10:41:03 - [TEST_STEP][PASSED] - Statement - PreSaveFile = new java.io.File(((pathPrefix + java.lang.Integer.toString(counter)) + .png)): null

2018-12-07 10:41:03 - [TEST_STEP][PASSED] - Statement - counter = counter + 1: null

2018-12-07 10:41:03 - [TEST_STEP][PASSED] - Statement - PreSaveFile = new java.io.File(((pathPrefix + java.lang.Integer.toString(counter)) + .png)): null

2018-12-07 10:41:03 - [TEST_STEP][PASSED] - Statement - counter = counter + 1: null

2018-12-07 10:41:03 - [TEST_STEP][PASSED] - Statement - PreSaveFile = new java.io.File(((pathPrefix + java.lang.Integer.toString(counter)) + .png)): null

2018-12-07 10:41:03 - [TEST_STEP][PASSED] - Statement - counter = counter + 1: null

2018-12-07 10:41:03 - [TEST_STEP][PASSED] - Statement - PreSaveFile = new java.io.File(((pathPrefix + java.lang.Integer.toString(counter)) + .png)): null

2018-12-07 10:41:03 - [TEST_STEP][PASSED] - Statement - counter = counter + 1: null

2018-12-07 10:41:03 - [TEST_STEP][PASSED] - Statement - PreSaveFile = new java.io.File(((pathPrefix + java.lang.Integer.toString(counter)) + .png)): null

2018-12-07 10:41:03 - [TEST_STEP][PASSED] - Statement - counter = counter + 1: null

2018-12-07 10:41:03 - [TEST_STEP][PASSED] - Statement - PreSaveFile = new java.io.File(((pathPrefix + java.lang.Integer.toString(counter)) + .png)): null

2018-12-07 10:41:03 - [TEST_STEP][PASSED] - Statement - counter = counter + 1: null

2018-12-07 10:41:03 - [TEST_STEP][PASSED] - Statement - PreSaveFile = new java.io.File(((pathPrefix + java.lang.Integer.toString(counter)) + .png)): null

2018-12-07 10:41:03 - [TEST_STEP][PASSED] - Statement - counter = counter + 1: null

2018-12-07 10:41:03 - [TEST_STEP][PASSED] - Statement - PreSaveFile = new java.io.File(((pathPrefix + java.lang.Integer.toString(counter)) + .png)): null

2018-12-07 10:41:03 - [TEST_STEP][PASSED] - Statement - counter = counter + 1: null

2018-12-07 10:41:03 - [TEST_STEP][PASSED] - Statement - PreSaveFile = new java.io.File(((pathPrefix + java.lang.Integer.toString(counter)) + .png)): null

2018-12-07 10:41:03 - [TEST_STEP][PASSED] - Statement - counter = counter + 1: null

2018-12-07 10:41:03 - [TEST_STEP][PASSED] - Statement - PreSaveFile = new java.io.File(((pathPrefix + java.lang.Integer.toString(counter)) + .png)): null

2018-12-07 10:41:03 - [TEST_STEP][PASSED] - Statement - counter = counter + 1: null

2018-12-07 10:41:03 - [TEST_STEP][PASSED] - Statement - PreSaveFile = new java.io.File(((pathPrefix + java.lang.Integer.toString(counter)) + .png)): null

2018-12-07 10:41:03 - [TEST_STEP][PASSED] - Statement - counter = counter + 1: null

2018-12-07 10:41:03 - [TEST_STEP][PASSED] - Statement - PreSaveFile = new java.io.File(((pathPrefix + java.lang.Integer.toString(counter)) + .png)): null

2018-12-07 10:41:03 - [TEST_STEP][PASSED] - Statement - counter = counter + 1: null

2018-12-07 10:41:03 - [TEST_STEP][PASSED] - Statement - PreSaveFile = new java.io.File(((pathPrefix + java.lang.Integer.toString(counter)) + .png)): null

2018-12-07 10:41:03 - [TEST_STEP][PASSED] - Statement - counter = counter + 1: null

2018-12-07 10:41:03 - [TEST_STEP][PASSED] - Statement - PreSaveFile = new java.io.File(((pathPrefix + java.lang.Integer.toString(counter)) + .png)): null

2018-12-07 10:41:03 - [TEST_STEP][PASSED] - Statement - counter = counter + 1: null

2018-12-07 10:41:03 - [TEST_STEP][PASSED] - Statement - PreSaveFile = new java.io.File(((pathPrefix + java.lang.Integer.toString(counter)) + .png)): null

2018-12-07 10:41:03 - [TEST_STEP][PASSED] - Statement - counter = counter + 1: null

2018-12-07 10:41:03 - [TEST_STEP][PASSED] - Statement - PreSaveFile = new java.io.File(((pathPrefix + java.lang.Integer.toString(counter)) + .png)): null

2018-12-07 10:41:04 - [TEST_STEP][PASSED] - Statement - counter = counter + 1: null

2018-12-07 10:41:04 - [TEST_STEP][PASSED] - Statement - PreSaveFile = new java.io.File(((pathPrefix + java.lang.Integer.toString(counter)) + .png)): null

2018-12-07 10:41:04 - [TEST_STEP][PASSED] - Statement - counter = counter + 1: null

2018-12-07 10:41:04 - [TEST_STEP][PASSED] - Statement - PreSaveFile = new java.io.File(((pathPrefix + java.lang.Integer.toString(counter)) + .png)): null

2018-12-07 10:41:04 - [TEST_STEP][PASSED] - Statement - counter = counter + 1: null

2018-12-07 10:41:04 - [TEST_STEP][PASSED] - Statement - PreSaveFile = new java.io.File(((pathPrefix + java.lang.Integer.toString(counter)) + .png)): null

2018-12-07 10:41:04 - [TEST_STEP][PASSED] - Statement - counter = counter + 1: null

2018-12-07 10:41:04 - [TEST_STEP][PASSED] - Statement - PreSaveFile = new java.io.File(((pathPrefix + java.lang.Integer.toString(counter)) + .png)): null

2018-12-07 10:41:04 - [TEST_STEP][PASSED] - Statement - counter = counter + 1: null

2018-12-07 10:41:04 - [TEST_STEP][PASSED] - Statement - PreSaveFile = new java.io.File(((pathPrefix + java.lang.Integer.toString(counter)) + .png)): null

2018-12-07 10:41:04 - [TEST_STEP][PASSED] - Statement - counter = counter + 1: null

2018-12-07 10:41:04 - [TEST_STEP][PASSED] - Statement - PreSaveFile = new java.io.File(((pathPrefix + java.lang.Integer.toString(counter)) + .png)): null

2018-12-07 10:41:04 - [TEST_STEP][PASSED] - Statement - counter = counter + 1: null

2018-12-07 10:41:04 - [TEST_STEP][PASSED] - Statement - PreSaveFile = new java.io.File(((pathPrefix + java.lang.Integer.toString(counter)) + .png)): null

2018-12-07 10:41:04 - [TEST_STEP][PASSED] - Statement - counter = counter + 1: null

2018-12-07 10:41:04 - [TEST_STEP][PASSED] - Statement - PreSaveFile = new java.io.File(((pathPrefix + java.lang.Integer.toString(counter)) + .png)): null

2018-12-07 10:41:04 - [TEST_STEP][PASSED] - Statement - counter = counter + 1: null

2018-12-07 10:41:04 - [TEST_STEP][PASSED] - Statement - PreSaveFile = new java.io.File(((pathPrefix + java.lang.Integer.toString(counter)) + .png)): null

2018-12-07 10:41:04 - [TEST_STEP][PASSED] - Statement - counter = counter + 1: null

2018-12-07 10:41:04 - [TEST_STEP][PASSED] - Statement - PreSaveFile = new java.io.File(((pathPrefix + java.lang.Integer.toString(counter)) + .png)): null

2018-12-07 10:41:04 - [TEST_STEP][PASSED] - Statement - counter = counter + 1: null

2018-12-07 10:41:04 - [TEST_STEP][PASSED] - Statement - PreSaveFile = new java.io.File(((pathPrefix + java.lang.Integer.toString(counter)) + .png)): null

2018-12-07 10:41:04 - [TEST_STEP][PASSED] - Statement - counter = counter + 1: null

2018-12-07 10:41:04 - [TEST_STEP][PASSED] - Statement - PreSaveFile = new java.io.File(((pathPrefix + java.lang.Integer.toString(counter)) + .png)): null

2018-12-07 10:41:04 - [TEST_STEP][PASSED] - Statement - counter = counter + 1: null

2018-12-07 10:41:04 - [TEST_STEP][PASSED] - Statement - PreSaveFile = new java.io.File(((pathPrefix + java.lang.Integer.toString(counter)) + .png)): null

2018-12-07 10:41:04 - [TEST_STEP][PASSED] - Statement - counter = counter + 1: null

2018-12-07 10:41:04 - [TEST_STEP][PASSED] - Statement - PreSaveFile = new java.io.File(((pathPrefix + java.lang.Integer.toString(counter)) + .png)): null

2018-12-07 10:41:04 - [TEST_STEP][PASSED] - Statement - counter = counter + 1: null

2018-12-07 10:41:04 - [TEST_STEP][PASSED] - Statement - PreSaveFile = new java.io.File(((pathPrefix + java.lang.Integer.toString(counter)) + .png)): null

2018-12-07 10:41:04 - [TEST_STEP][PASSED] - Statement - counter = counter + 1: null

2018-12-07 10:41:04 - [TEST_STEP][PASSED] - Statement - PreSaveFile = new java.io.File(((pathPrefix + java.lang.Integer.toString(counter)) + .png)): null

2018-12-07 10:41:04 - [TEST_STEP][PASSED] - Statement - counter = counter + 1: null

2018-12-07 10:41:04 - [TEST_STEP][PASSED] - Statement - PreSaveFile = new java.io.File(((pathPrefix + java.lang.Integer.toString(counter)) + .png)): null

2018-12-07 10:41:04 - [TEST_STEP][PASSED] - Statement - counter = counter + 1: null

2018-12-07 10:41:04 - [TEST_STEP][PASSED] - Statement - PreSaveFile = new java.io.File(((pathPrefix + java.lang.Integer.toString(counter)) + .png)): null

2018-12-07 10:41:05 - [TEST_STEP][PASSED] - Statement - counter = counter + 1: null

2018-12-07 10:41:05 - [TEST_STEP][PASSED] - Statement - PreSaveFile = new java.io.File(((pathPrefix + java.lang.Integer.toString(counter)) + .png)): null

2018-12-07 10:41:05 - [TEST_STEP][PASSED] - Statement - counter = counter + 1: null

2018-12-07 10:41:05 - [TEST_STEP][PASSED] - Statement - PreSaveFile = new java.io.File(((pathPrefix + java.lang.Integer.toString(counter)) + .png)): null

2018-12-07 10:41:05 - [TEST_STEP][PASSED] - Statement - counter = counter + 1: null

2018-12-07 10:41:05 - [TEST_STEP][PASSED] - Statement - PreSaveFile = new java.io.File(((pathPrefix + java.lang.Integer.toString(counter)) + .png)): null

2018-12-07 10:41:05 - [TEST_STEP][PASSED] - Statement - counter = counter + 1: null

2018-12-07 10:41:05 - [TEST_STEP][PASSED] - Statement - PreSaveFile = new java.io.File(((pathPrefix + java.lang.Integer.toString(counter)) + .png)): null

2018-12-07 10:41:05 - [TEST_STEP][PASSED] - Statement - counter = counter + 1: null

2018-12-07 10:41:05 - [TEST_STEP][PASSED] - Statement - PreSaveFile = new java.io.File(((pathPrefix + java.lang.Integer.toString(counter)) + .png)): null

2018-12-07 10:41:05 - [TEST_STEP][PASSED] - Statement - counter = counter + 1: null

2018-12-07 10:41:05 - [TEST_STEP][PASSED] - Statement - PreSaveFile = new java.io.File(((pathPrefix + java.lang.Integer.toString(counter)) + .png)): null

2018-12-07 10:41:05 - [TEST_STEP][PASSED] - Statement - counter = counter + 1: null

2018-12-07 10:41:05 - [TEST_STEP][PASSED] - Statement - PreSaveFile = new java.io.File(((pathPrefix + java.lang.Integer.toString(counter)) + .png)): null

2018-12-07 10:41:05 - [TEST_STEP][PASSED] - Statement - counter = counter + 1: null

2018-12-07 10:41:05 - [TEST_STEP][PASSED] - Statement - PreSaveFile = new java.io.File(((pathPrefix + java.lang.Integer.toString(counter)) + .png)): null

2018-12-07 10:41:05 - [TEST_STEP][PASSED] - Statement - counter = counter + 1: null

2018-12-07 10:41:05 - [TEST_STEP][PASSED] - Statement - PreSaveFile = new java.io.File(((pathPrefix + java.lang.Integer.toString(counter)) + .png)): null

2018-12-07 10:41:05 - [TEST_STEP][PASSED] - Statement - counter = counter + 1: null

2018-12-07 10:41:05 - [TEST_STEP][PASSED] - Statement - PreSaveFile = new java.io.File(((pathPrefix + java.lang.Integer.toString(counter)) + .png)): null

2018-12-07 10:41:05 - [TEST_STEP][PASSED] - Statement - counter = counter + 1: null

2018-12-07 10:41:05 - [TEST_STEP][PASSED] - Statement - PreSaveFile = new java.io.File(((pathPrefix + java.lang.Integer.toString(counter)) + .png)): null

2018-12-07 10:41:05 - [TEST_STEP][PASSED] - Statement - counter = counter + 1: null

2018-12-07 10:41:05 - [TEST_STEP][PASSED] - Statement - PreSaveFile = new java.io.File(((pathPrefix + java.lang.Integer.toString(counter)) + .png)): null

2018-12-07 10:41:05 - [TEST_STEP][PASSED] - Statement - counter = counter + 1: null

2018-12-07 10:41:05 - [TEST_STEP][PASSED] - Statement - PreSaveFile = new java.io.File(((pathPrefix + java.lang.Integer.toString(counter)) + .png)): null

2018-12-07 10:41:05 - [TEST_STEP][PASSED] - Statement - counter = counter + 1: null

2018-12-07 10:41:05 - [TEST_STEP][PASSED] - Statement - PreSaveFile = new java.io.File(((pathPrefix + java.lang.Integer.toString(counter)) + .png)): null

2018-12-07 10:41:05 - [TEST_STEP][PASSED] - Statement - counter = counter + 1: null

2018-12-07 10:41:06 - [TEST_STEP][PASSED] - Statement - PreSaveFile = new java.io.File(((pathPrefix + java.lang.Integer.toString(counter)) + .png)): null

2018-12-07 10:41:06 - [TEST_STEP][PASSED] - Statement - counter = counter + 1: null

2018-12-07 10:41:06 - [TEST_STEP][PASSED] - Statement - PreSaveFile = new java.io.File(((pathPrefix + java.lang.Integer.toString(counter)) + .png)): null

2018-12-07 10:41:06 - [TEST_STEP][PASSED] - Statement - counter = counter + 1: null

2018-12-07 10:41:06 - [TEST_STEP][PASSED] - Statement - PreSaveFile = new java.io.File(((pathPrefix + java.lang.Integer.toString(counter)) + .png)): null

2018-12-07 10:41:06 - [TEST_STEP][PASSED] - Statement - counter = counter + 1: null

2018-12-07 10:41:06 - [TEST_STEP][PASSED] - Statement - PreSaveFile = new java.io.File(((pathPrefix + java.lang.Integer.toString(counter)) + .png)): null

2018-12-07 10:41:06 - [TEST_STEP][PASSED] - Statement - counter = counter + 1: null

2018-12-07 10:41:06 - [TEST_STEP][PASSED] - Statement - PreSaveFile = new java.io.File(((pathPrefix + java.lang.Integer.toString(counter)) + .png)): null

2018-12-07 10:41:06 - [TEST_STEP][PASSED] - Statement - counter = counter + 1: null

2018-12-07 10:41:06 - [TEST_STEP][PASSED] - Statement - PreSaveFile = new java.io.File(((pathPrefix + java.lang.Integer.toString(counter)) + .png)): null

2018-12-07 10:41:06 - [TEST_STEP][PASSED] - Statement - counter = counter + 1: null

2018-12-07 10:41:06 - [TEST_STEP][PASSED] - Statement - PreSaveFile = new java.io.File(((pathPrefix + java.lang.Integer.toString(counter)) + .png)): null

2018-12-07 10:41:06 - [TEST_STEP][PASSED] - Statement - counter = counter + 1: null

2018-12-07 10:41:06 - [TEST_STEP][PASSED] - Statement - PreSaveFile = new java.io.File(((pathPrefix + java.lang.Integer.toString(counter)) + .png)): null

2018-12-07 10:41:06 - [TEST_STEP][PASSED] - Statement - counter = counter + 1: null

2018-12-07 10:41:06 - [TEST_STEP][PASSED] - Statement - PreSaveFile = new java.io.File(((pathPrefix + java.lang.Integer.toString(counter)) + .png)): null

2018-12-07 10:41:06 - [TEST_STEP][PASSED] - Statement - counter = counter + 1: null

2018-12-07 10:41:06 - [TEST_STEP][PASSED] - Statement - PreSaveFile = new java.io.File(((pathPrefix + java.lang.Integer.toString(counter)) + .png)): null

2018-12-07 10:41:06 - [TEST_STEP][PASSED] - Statement - counter = counter + 1: null

2018-12-07 10:41:06 - [TEST_STEP][PASSED] - Statement - PreSaveFile = new java.io.File(((pathPrefix + java.lang.Integer.toString(counter)) + .png)): null

2018-12-07 10:41:06 - [TEST_STEP][PASSED] - Statement - counter = counter + 1: null

2018-12-07 10:41:06 - [TEST_STEP][PASSED] - Statement - PreSaveFile = new java.io.File(((pathPrefix + java.lang.Integer.toString(counter)) + .png)): null

2018-12-07 10:41:06 - [TEST_STEP][PASSED] - Statement - counter = counter + 1: null

2018-12-07 10:41:06 - [TEST_STEP][PASSED] - Statement - PreSaveFile = new java.io.File(((pathPrefix + java.lang.Integer.toString(counter)) + .png)): null

2018-12-07 10:41:06 - [TEST_STEP][PASSED] - Statement - counter = counter + 1: null

2018-12-07 10:41:06 - [TEST_STEP][PASSED] - Statement - PreSaveFile = new java.io.File(((pathPrefix + java.lang.Integer.toString(counter)) + .png)): null

2018-12-07 10:41:06 - [TEST_STEP][PASSED] - Statement - counter = counter + 1: null

2018-12-07 10:41:06 - [TEST_STEP][PASSED] - Statement - PreSaveFile = new java.io.File(((pathPrefix + java.lang.Integer.toString(counter)) + .png)): null

2018-12-07 10:41:06 - [TEST_STEP][PASSED] - Statement - counter = counter + 1: null

2018-12-07 10:41:06 - [TEST_STEP][PASSED] - Statement - PreSaveFile = new java.io.File(((pathPrefix + java.lang.Integer.toString(counter)) + .png)): null

2018-12-07 10:41:06 - [TEST_STEP][PASSED] - Statement - counter = counter + 1: null

2018-12-07 10:41:06 - [TEST_STEP][PASSED] - Statement - PreSaveFile = new java.io.File(((pathPrefix + java.lang.Integer.toString(counter)) + .png)): null

2018-12-07 10:41:06 - [TEST_STEP][PASSED] - Statement - counter = counter + 1: null

2018-12-07 10:41:06 - [TEST_STEP][PASSED] - Statement - PreSaveFile = new java.io.File(((pathPrefix + java.lang.Integer.toString(counter)) + .png)): null

2018-12-07 10:41:06 - [TEST_STEP][PASSED] - Statement - counter = counter + 1: null

2018-12-07 10:41:06 - [TEST_STEP][PASSED] - Statement - PreSaveFile = new java.io.File(((pathPrefix + java.lang.Integer.toString(counter)) + .png)): null

2018-12-07 10:41:06 - [TEST_STEP][PASSED] - Statement - counter = counter + 1: null

2018-12-07 10:41:07 - [TEST_STEP][PASSED] - Statement - PreSaveFile = new java.io.File(((pathPrefix + java.lang.Integer.toString(counter)) + .png)): null

2018-12-07 10:41:07 - [TEST_STEP][PASSED] - Statement - counter = counter + 1: null

2018-12-07 10:41:07 - [TEST_STEP][PASSED] - Statement - PreSaveFile = new java.io.File(((pathPrefix + java.lang.Integer.toString(counter)) + .png)): null

2018-12-07 10:41:07 - [TEST_STEP][PASSED] - Statement - counter = counter + 1: null

2018-12-07 10:41:07 - [TEST_STEP][PASSED] - Statement - PreSaveFile = new java.io.File(((pathPrefix + java.lang.Integer.toString(counter)) + .png)): null

2018-12-07 10:41:07 - [TEST_STEP][PASSED] - Statement - counter = counter + 1: null

2018-12-07 10:41:07 - [TEST_STEP][PASSED] - Statement - PreSaveFile = new java.io.File(((pathPrefix + java.lang.Integer.toString(counter)) + .png)): null

2018-12-07 10:41:07 - [TEST_STEP][PASSED] - Statement - counter = counter + 1: null

2018-12-07 10:41:07 - [TEST_STEP][PASSED] - Statement - PreSaveFile = new java.io.File(((pathPrefix + java.lang.Integer.toString(counter)) + .png)): null

2018-12-07 10:41:07 - [TEST_STEP][PASSED] - Statement - counter = counter + 1: null

2018-12-07 10:41:07 - [TEST_STEP][PASSED] - Statement - PreSaveFile = new java.io.File(((pathPrefix + java.lang.Integer.toString(counter)) + .png)): null

2018-12-07 10:41:07 - [TEST_STEP][PASSED] - Statement - counter = counter + 1: null

2018-12-07 10:41:07 - [TEST_STEP][PASSED] - Statement - PreSaveFile = new java.io.File(((pathPrefix + java.lang.Integer.toString(counter)) + .png)): null

2018-12-07 10:41:07 - [TEST_STEP][PASSED] - Statement - counter = counter + 1: null

2018-12-07 10:41:07 - [TEST_STEP][PASSED] - Statement - PreSaveFile = new java.io.File(((pathPrefix + java.lang.Integer.toString(counter)) + .png)): null

2018-12-07 10:41:07 - [TEST_STEP][PASSED] - Statement - counter = counter + 1: null

2018-12-07 10:41:07 - [TEST_STEP][PASSED] - Statement - PreSaveFile = new java.io.File(((pathPrefix + java.lang.Integer.toString(counter)) + .png)): null

2018-12-07 10:41:07 - [TEST_STEP][PASSED] - Statement - counter = counter + 1: null

2018-12-07 10:41:07 - [TEST_STEP][PASSED] - Statement - PreSaveFile = new java.io.File(((pathPrefix + java.lang.Integer.toString(counter)) + .png)): null

2018-12-07 10:41:07 - [TEST_STEP][PASSED] - Statement - counter = counter + 1: null

2018-12-07 10:41:07 - [TEST_STEP][PASSED] - Statement - PreSaveFile = new java.io.File(((pathPrefix + java.lang.Integer.toString(counter)) + .png)): null

2018-12-07 10:41:07 - [TEST_STEP][PASSED] - Statement - counter = counter + 1: null

2018-12-07 10:41:07 - [TEST_STEP][PASSED] - Statement - PreSaveFile = new java.io.File(((pathPrefix + java.lang.Integer.toString(counter)) + .png)): null

2018-12-07 10:41:07 - [TEST_STEP][PASSED] - Statement - counter = counter + 1: null

2018-12-07 10:41:07 - [TEST_STEP][PASSED] - Statement - PreSaveFile = new java.io.File(((pathPrefix + java.lang.Integer.toString(counter)) + .png)): null

2018-12-07 10:41:07 - [TEST_STEP][PASSED] - Statement - counter = counter + 1: null

2018-12-07 10:41:07 - [TEST_STEP][PASSED] - Statement - PreSaveFile = new java.io.File(((pathPrefix + java.lang.Integer.toString(counter)) + .png)): null

2018-12-07 10:41:07 - [TEST_STEP][PASSED] - Statement - counter = counter + 1: null

2018-12-07 10:41:08 - [TEST_STEP][PASSED] - Statement - PreSaveFile = new java.io.File(((pathPrefix + java.lang.Integer.toString(counter)) + .png)): null

2018-12-07 10:41:08 - [TEST_STEP][PASSED] - Statement - counter = counter + 1: null

2018-12-07 10:41:08 - [TEST_STEP][PASSED] - Statement - PreSaveFile = new java.io.File(((pathPrefix + java.lang.Integer.toString(counter)) + .png)): null

2018-12-07 10:41:08 - [TEST_STEP][PASSED] - Statement - counter = counter + 1: null

2018-12-07 10:41:08 - [TEST_STEP][PASSED] - Statement - PreSaveFile = new java.io.File(((pathPrefix + java.lang.Integer.toString(counter)) + .png)): null

2018-12-07 10:41:08 - [TEST_STEP][PASSED] - Statement - counter = counter + 1: null

2018-12-07 10:41:08 - [TEST_STEP][PASSED] - Statement - PreSaveFile = new java.io.File(((pathPrefix + java.lang.Integer.toString(counter)) + .png)): null

2018-12-07 10:41:08 - [TEST_STEP][PASSED] - Statement - counter = counter + 1: null

2018-12-07 10:41:08 - [TEST_STEP][PASSED] - Statement - PreSaveFile = new java.io.File(((pathPrefix + java.lang.Integer.toString(counter)) + .png)): null

2018-12-07 10:41:08 - [TEST_STEP][PASSED] - Statement - counter = counter + 1: null

2018-12-07 10:41:08 - [TEST_STEP][PASSED] - Statement - PreSaveFile = new java.io.File(((pathPrefix + java.lang.Integer.toString(counter)) + .png)): null

2018-12-07 10:41:08 - [TEST_STEP][PASSED] - Statement - counter = counter + 1: null

2018-12-07 10:41:08 - [TEST_STEP][PASSED] - Statement - PreSaveFile = new java.io.File(((pathPrefix + java.lang.Integer.toString(counter)) + .png)): null

2018-12-07 10:41:08 - [TEST_STEP][PASSED] - Statement - counter = counter + 1: null

2018-12-07 10:41:08 - [TEST_STEP][PASSED] - Statement - PreSaveFile = new java.io.File(((pathPrefix + java.lang.Integer.toString(counter)) + .png)): null

2018-12-07 10:41:08 - [TEST_STEP][PASSED] - Statement - counter = counter + 1: null

2018-12-07 10:41:08 - [TEST_STEP][PASSED] - Statement - PreSaveFile = new java.io.File(((pathPrefix + java.lang.Integer.toString(counter)) + .png)): null

2018-12-07 10:41:08 - [TEST_STEP][PASSED] - Statement - counter = counter + 1: null

2018-12-07 10:41:08 - [TEST_STEP][PASSED] - Statement - PreSaveFile = new java.io.File(((pathPrefix + java.lang.Integer.toString(counter)) + .png)): null

2018-12-07 10:41:08 - [TEST_STEP][PASSED] - Statement - counter = counter + 1: null

2018-12-07 10:41:08 - [TEST_STEP][PASSED] - Statement - PreSaveFile = new java.io.File(((pathPrefix + java.lang.Integer.toString(counter)) + .png)): null

2018-12-07 10:41:08 - [TEST_STEP][PASSED] - Statement - counter = counter + 1: null

2018-12-07 10:41:08 - [TEST_STEP][PASSED] - Statement - PreSaveFile = new java.io.File(((pathPrefix + java.lang.Integer.toString(counter)) + .png)): null

2018-12-07 10:41:08 - [TEST_STEP][PASSED] - Statement - counter = counter + 1: null

2018-12-07 10:41:08 - [TEST_STEP][PASSED] - Statement - PreSaveFile = new java.io.File(((pathPrefix + java.lang.Integer.toString(counter)) + .png)): null

2018-12-07 10:41:08 - [TEST_STEP][PASSED] - Statement - counter = counter + 1: null

2018-12-07 10:41:08 - [TEST_STEP][PASSED] - Statement - PreSaveFile = new java.io.File(((pathPrefix + java.lang.Integer.toString(counter)) + .png)): null

2018-12-07 10:41:08 - [TEST_STEP][PASSED] - Statement - counter = counter + 1: null

2018-12-07 10:41:08 - [TEST_STEP][PASSED] - Statement - PreSaveFile = new java.io.File(((pathPrefix + java.lang.Integer.toString(counter)) + .png)): null

2018-12-07 10:41:08 - [TEST_STEP][PASSED] - Statement - counter = counter + 1: null

2018-12-07 10:41:09 - [TEST_STEP][PASSED] - Statement - PreSaveFile = new java.io.File(((pathPrefix + java.lang.Integer.toString(counter)) + .png)): null

2018-12-07 10:41:09 - [TEST_STEP][PASSED] - Statement - counter = counter + 1: null

2018-12-07 10:41:09 - [TEST_STEP][PASSED] - Statement - PreSaveFile = new java.io.File(((pathPrefix + java.lang.Integer.toString(counter)) + .png)): null

2018-12-07 10:41:09 - [TEST_STEP][PASSED] - Statement - finalPath = pathPrefix + java.lang.Integer.toString(counter) + ".png": null

2018-12-07 10:41:09 - [TEST_STEP][PASSED] - Statement - SaveFile = new java.io.File(finalPath): null

2018-12-07 10:41:09 - [TEST_STEP][PASSED] - Statement - Try: null

2018-12-07 10:41:09 - [TEST_STEP][PASSED] - Statement - org.apache.commons.io.FileUtils.copyFile(scrFile, SaveFile): null

2018-12-07 10:41:09 - [TEST_STEP][PASSED] - Statement - out.println("file kept"): null

2018-12-07 10:41:09 - [TEST_STEP][PASSED] - delay: Delayed 10 second(s)

2018-12-07 10:41:19 - [MESSAGE][PASSED] - Delayed 10 second(s)

2018-12-07 10:41:19 - [MESSAGE][PASSED] - Call Test Case 'Test Cases/Final Aug 2018 - PKS Automation/Common/Screenshoting tool' successfully]]></system-out>
         <system-err><![CDATA[]]></system-err>
      </testcase>
      <testcase name="Test Cases/Final Aug 2018 - PKS Automation/Registration Module/Workflow/Update Add New Employee/Special Case (OTC - PKR BO -  RO Approve)" classname="Test Cases/Final Aug 2018 - PKS Automation/Registration Module/Workflow/Update Add New Employee/Special Case (OTC - PKR BO -  RO Approve)" status="PASSED">
         <system-out><![CDATA[2018-12-07 10:41:19 - [TEST_CASE][PASSED] - Test Cases/Final Aug 2018 - PKS Automation/Registration Module/Workflow/Update Add New Employee/Special Case (OTC - PKR BO -  RO Approve): Test Cases/Final Aug 2018 - PKS Automation/Registration Module/Workflow/Update Add New Employee/Special Case (OTC - PKR BO -  RO Approve)

2018-12-07 10:41:19 - [TEST_STEP][PASSED] - callTestCase: Call Test Case 'Test Cases/Final Aug 2018 - PKS Automation/Registration Module/Workflow/Update Add New Employee/Template/New Company for Update Add New' successfully

2018-12-07 10:41:19 - [TEST_CASE][PASSED] - Test Cases/Final Aug 2018 - PKS Automation/Registration Module/Workflow/Update Add New Employee/Template/New Company for Update Add New: Test Cases/Final Aug 2018 - PKS Automation/Registration Module/Workflow/Update Add New Employee/Template/New Company for Update Add New

2018-12-07 10:41:20 - [TEST_STEP][PASSED] - callTestCase: Call Test Case 'Test Cases/Final Aug 2018 - PKS Automation/Registration Module/New Registration/Form 1/Form 1 - Corporation - BHD' successfully

2018-12-07 10:41:20 - [TEST_CASE][PASSED] - Test Cases/Final Aug 2018 - PKS Automation/Registration Module/New Registration/Form 1/Form 1 - Corporation - BHD: Test Cases/Final Aug 2018 - PKS Automation/Registration Module/New Registration/Form 1/Form 1 - Corporation - BHD

2018-12-07 10:41:20 - [TEST_STEP][PASSED] - openBrowser: Browser is opened with url: ''

2018-12-07 10:41:20 - [MESSAGE][WARNING] - A browser is already opened. Closing browser and opening a new one

2018-12-07 10:41:23 - [MESSAGE][PASSED] - Browser is opened with url: ''

2018-12-07 10:41:23 - [TEST_STEP][PASSED] - navigateToUrl: Navigate to 'https://assist2-uat.perkeso.gov.my/login' successfully

2018-12-07 10:41:24 - [MESSAGE][PASSED] - Navigate to 'https://assist2-uat.perkeso.gov.my/login' successfully

2018-12-07 10:41:24 - [TEST_STEP][PASSED] - setText: Text 'johorotc1@gmail.com' is set on object 'Object Repository/Final Object Repo/Login Page/Internal User/Email Address'

2018-12-07 10:41:24 - [MESSAGE][PASSED] - Text 'johorotc1@gmail.com' is set on object 'Object Repository/Final Object Repo/Login Page/Internal User/Email Address'

2018-12-07 10:41:24 - [TEST_STEP][PASSED] - click: Object: 'Object Repository/Final Object Repo/Login Page/Internal User/Next Button' is clicked on

2018-12-07 10:41:24 - [MESSAGE][PASSED] - Object: 'Object Repository/Final Object Repo/Login Page/Internal User/Next Button' is clicked on

2018-12-07 10:41:24 - [TEST_STEP][PASSED] - delay: Delayed 1 second(s)

2018-12-07 10:41:25 - [MESSAGE][PASSED] - Delayed 1 second(s)

2018-12-07 10:41:25 - [TEST_STEP][PASSED] - setEncryptedText: Text ****** has been set on object 'Object Repository/Final Object Repo/Login Page/Internal User/Password'

2018-12-07 10:41:26 - [MESSAGE][PASSED] - Text ****** has been set on object 'Object Repository/Final Object Repo/Login Page/Internal User/Password'

2018-12-07 10:41:26 - [TEST_STEP][PASSED] - click: Object: 'Object Repository/Final Object Repo/Login Page/Internal User/Login Button' is clicked on

2018-12-07 10:41:26 - [MESSAGE][PASSED] - Object: 'Object Repository/Final Object Repo/Login Page/Internal User/Login Button' is clicked on

2018-12-07 10:41:26 - [TEST_STEP][PASSED] - delay: Delayed 1 second(s)

2018-12-07 10:41:27 - [MESSAGE][PASSED] - Delayed 1 second(s)

2018-12-07 10:41:27 - [TEST_STEP][PASSED] - Statement - Try: Delayed 2 second(s)

2018-12-07 10:41:27 - [TEST_STEP][PASSED] - Statement - Checker = false: null

2018-12-07 10:41:27 - [TEST_STEP][PASSED] - Statement - Checker = com.kms.katalon.core.webui.keyword.WebUiBuiltInKeywords.verifyElementHasAttribute(com.kms.katalon.core.testobject.ObjectRepository.findTestObject(Final Object Repo/Landing Page/BM Detecting), "href", 20, OPTIONAL): Object 'Object Repository/Final Object Repo/Landing Page/BM Detecting' has attribute 'href'

2018-12-07 10:41:28 - [MESSAGE][PASSED] - Object 'Object Repository/Final Object Repo/Landing Page/BM Detecting' has attribute 'href'

2018-12-07 10:41:28 - [TEST_STEP][PASSED] - Statement - out.println(Checker): null

2018-12-07 10:41:28 - [TEST_STEP][PASSED] - Statement - If (Checker == false): null

2018-12-07 10:41:28 - [TEST_STEP][PASSED] - Statement - Else: null

2018-12-07 10:41:28 - [TEST_STEP][PASSED] - delay: Delayed 2 second(s)

2018-12-07 10:41:30 - [MESSAGE][PASSED] - Delayed 2 second(s)

2018-12-07 10:41:30 - [TEST_STEP][PASSED] - navigateToUrl: Navigate to 'https://assist2-uat.perkeso.gov.my/web/registration/registration' successfully

2018-12-07 10:41:31 - [MESSAGE][PASSED] - Navigate to 'https://assist2-uat.perkeso.gov.my/web/registration/registration' successfully

2018-12-07 10:41:31 - [TEST_STEP][PASSED] - click: Object: 'Object Repository/Final Object Repo/New Registration - Registration Module Pages/Form 1/AEC - No' is clicked on

2018-12-07 10:41:31 - [MESSAGE][PASSED] - Object: 'Object Repository/Final Object Repo/New Registration - Registration Module Pages/Form 1/AEC - No' is clicked on

2018-12-07 10:41:31 - [TEST_STEP][PASSED] - click: Object: 'Object Repository/Final Object Repo/New Registration - Registration Module Pages/Form 1/Business Entity' is clicked on

2018-12-07 10:41:32 - [MESSAGE][PASSED] - Object: 'Object Repository/Final Object Repo/New Registration - Registration Module Pages/Form 1/Business Entity' is clicked on

2018-12-07 10:41:32 - [TEST_STEP][PASSED] - click: Object: 'Object Repository/Final Object Repo/New Registration - Registration Module Pages/Form 1/Businees Entity - Corporation' is clicked on

2018-12-07 10:41:32 - [MESSAGE][PASSED] - Object: 'Object Repository/Final Object Repo/New Registration - Registration Module Pages/Form 1/Businees Entity - Corporation' is clicked on

2018-12-07 10:41:32 - [TEST_STEP][PASSED] - delay: Delayed 1 second(s)

2018-12-07 10:41:33 - [MESSAGE][PASSED] - Delayed 1 second(s)

2018-12-07 10:41:33 - [TEST_STEP][PASSED] - click: Object: 'Object Repository/Final Object Repo/New Registration - Registration Module Pages/Form 1/Sub Business Entity' is clicked on

2018-12-07 10:41:33 - [MESSAGE][PASSED] - Object: 'Object Repository/Final Object Repo/New Registration - Registration Module Pages/Form 1/Sub Business Entity' is clicked on

2018-12-07 10:41:33 - [TEST_STEP][PASSED] - click: Object: 'Object Repository/Final Object Repo/New Registration - Registration Module Pages/Form 1/Sub Business Entity - Berhad' is clicked on

2018-12-07 10:41:33 - [MESSAGE][PASSED] - Object: 'Object Repository/Final Object Repo/New Registration - Registration Module Pages/Form 1/Sub Business Entity - Berhad' is clicked on

2018-12-07 10:41:33 - [TEST_STEP][PASSED] - delay: Delayed 1 second(s)

2018-12-07 10:41:34 - [MESSAGE][PASSED] - Delayed 1 second(s)

2018-12-07 10:41:34 - [TEST_STEP][PASSED] - setText: Text '123' is set on object 'Object Repository/Final Object Repo/New Registration - Registration Module Pages/Form 1/Registration Number'

2018-12-07 10:41:35 - [MESSAGE][PASSED] - Text '123' is set on object 'Object Repository/Final Object Repo/New Registration - Registration Module Pages/Form 1/Registration Number'

2018-12-07 10:41:35 - [TEST_STEP][PASSED] - click: Object: 'Object Repository/Final Object Repo/New Registration - Registration Module Pages/Form 1/Registred with SSM - Before Feb' is clicked on

2018-12-07 10:41:35 - [MESSAGE][PASSED] - Object: 'Object Repository/Final Object Repo/New Registration - Registration Module Pages/Form 1/Registred with SSM - Before Feb' is clicked on

2018-12-07 10:41:35 - [TEST_STEP][PASSED] - click: Object: 'Object Repository/Final Object Repo/New Registration - Registration Module Pages/Form 1/Registered As a Branch - Yes' is clicked on

2018-12-07 10:41:35 - [MESSAGE][PASSED] - Object: 'Object Repository/Final Object Repo/New Registration - Registration Module Pages/Form 1/Registered As a Branch - Yes' is clicked on

2018-12-07 10:41:35 - [TEST_STEP][PASSED] - click: Object: 'Object Repository/Final Object Repo/New Registration - Registration Module Pages/Form 1/Acknowledgement' is clicked on

2018-12-07 10:41:35 - [MESSAGE][PASSED] - Object: 'Object Repository/Final Object Repo/New Registration - Registration Module Pages/Form 1/Acknowledgement' is clicked on

2018-12-07 10:41:35 - [TEST_STEP][PASSED] - setText: Text 'perkeso' is set on object 'Object Repository/Final Object Repo/New Registration - Registration Module Pages/Form 1/Industry name'

2018-12-07 10:41:36 - [MESSAGE][PASSED] - Text 'perkeso' is set on object 'Object Repository/Final Object Repo/New Registration - Registration Module Pages/Form 1/Industry name'

2018-12-07 10:41:36 - [TEST_STEP][PASSED] - setText: Text 'perkeso1' is set on object 'Object Repository/Final Object Repo/New Registration - Registration Module Pages/Form 1/Postal Address1'

2018-12-07 10:41:36 - [MESSAGE][PASSED] - Text 'perkeso1' is set on object 'Object Repository/Final Object Repo/New Registration - Registration Module Pages/Form 1/Postal Address1'

2018-12-07 10:41:36 - [TEST_STEP][PASSED] - setText: Text 'perkeso2' is set on object 'Object Repository/Final Object Repo/New Registration - Registration Module Pages/Form 1/Postal Address2'

2018-12-07 10:41:36 - [MESSAGE][PASSED] - Text 'perkeso2' is set on object 'Object Repository/Final Object Repo/New Registration - Registration Module Pages/Form 1/Postal Address2'

2018-12-07 10:41:36 - [TEST_STEP][PASSED] - setText: Text 'perkeso3' is set on object 'Object Repository/Final Object Repo/New Registration - Registration Module Pages/Form 1/Postal Address3'

2018-12-07 10:41:37 - [MESSAGE][PASSED] - Text 'perkeso3' is set on object 'Object Repository/Final Object Repo/New Registration - Registration Module Pages/Form 1/Postal Address3'

2018-12-07 10:41:37 - [TEST_STEP][PASSED] - click: Object: 'Object Repository/Final Object Repo/New Registration - Registration Module Pages/Form 1/State' is clicked on

2018-12-07 10:41:37 - [MESSAGE][PASSED] - Object: 'Object Repository/Final Object Repo/New Registration - Registration Module Pages/Form 1/State' is clicked on

2018-12-07 10:41:37 - [TEST_STEP][PASSED] - click: Object: 'Object Repository/Final Object Repo/New Registration - Registration Module Pages/Form 1/State - Johor' is clicked on

2018-12-07 10:41:37 - [MESSAGE][PASSED] - Object: 'Object Repository/Final Object Repo/New Registration - Registration Module Pages/Form 1/State - Johor' is clicked on

2018-12-07 10:41:37 - [TEST_STEP][PASSED] - delay: Delayed 1 second(s)

2018-12-07 10:41:38 - [MESSAGE][PASSED] - Delayed 1 second(s)

2018-12-07 10:41:38 - [TEST_STEP][PASSED] - click: Object: 'Object Repository/Final Object Repo/New Registration - Registration Module Pages/Form 1/City' is clicked on

2018-12-07 10:41:38 - [MESSAGE][PASSED] - Object: 'Object Repository/Final Object Repo/New Registration - Registration Module Pages/Form 1/City' is clicked on

2018-12-07 10:41:38 - [TEST_STEP][PASSED] - setText: Text 'joh' is set on object 'Object Repository/Final Object Repo/New Registration - Registration Module Pages/Form 1/Postcode - 810'

2018-12-07 10:41:39 - [MESSAGE][PASSED] - Text 'joh' is set on object 'Object Repository/Final Object Repo/New Registration - Registration Module Pages/Form 1/Postcode - 810'

2018-12-07 10:41:39 - [TEST_STEP][PASSED] - delay: Delayed 1 second(s)

2018-12-07 10:41:40 - [MESSAGE][PASSED] - Delayed 1 second(s)

2018-12-07 10:41:40 - [TEST_STEP][PASSED] - click: Object: 'Object Repository/Final Object Repo/New Registration - Registration Module Pages/Form 1/City - Johor Bharu' is clicked on

2018-12-07 10:41:40 - [MESSAGE][PASSED] - Object: 'Object Repository/Final Object Repo/New Registration - Registration Module Pages/Form 1/City - Johor Bharu' is clicked on

2018-12-07 10:41:40 - [TEST_STEP][PASSED] - delay: Delayed 1 second(s)

2018-12-07 10:41:41 - [MESSAGE][PASSED] - Delayed 1 second(s)

2018-12-07 10:41:41 - [TEST_STEP][PASSED] - click: Object: 'Object Repository/Final Object Repo/New Registration - Registration Module Pages/Form 1/Postcode' is clicked on

2018-12-07 10:41:41 - [MESSAGE][PASSED] - Object: 'Object Repository/Final Object Repo/New Registration - Registration Module Pages/Form 1/Postcode' is clicked on

2018-12-07 10:41:41 - [TEST_STEP][PASSED] - delay: Delayed 1 second(s)

2018-12-07 10:41:42 - [MESSAGE][PASSED] - Delayed 1 second(s)

2018-12-07 10:41:42 - [TEST_STEP][PASSED] - setText: Text '810' is set on object 'Object Repository/Final Object Repo/New Registration - Registration Module Pages/Form 1/Postcode - 810'

2018-12-07 10:41:42 - [MESSAGE][PASSED] - Text '810' is set on object 'Object Repository/Final Object Repo/New Registration - Registration Module Pages/Form 1/Postcode - 810'

2018-12-07 10:41:42 - [TEST_STEP][PASSED] - delay: Delayed 3 second(s)

2018-12-07 10:41:45 - [MESSAGE][PASSED] - Delayed 3 second(s)

2018-12-07 10:41:45 - [TEST_STEP][PASSED] - click: Object: 'Object Repository/Final Object Repo/New Registration - Registration Module Pages/Form 1/Postcode - 81000' is clicked on

2018-12-07 10:41:45 - [MESSAGE][PASSED] - Object: 'Object Repository/Final Object Repo/New Registration - Registration Module Pages/Form 1/Postcode - 81000' is clicked on

2018-12-07 10:41:45 - [TEST_STEP][PASSED] - delay: Delayed 1 second(s)

2018-12-07 10:41:46 - [MESSAGE][PASSED] - Delayed 1 second(s)

2018-12-07 10:41:46 - [TEST_STEP][PASSED] - setText: Text '100' is set on object 'Object Repository/Final Object Repo/New Registration - Registration Module Pages/Form 1/P.O.BOX'

2018-12-07 10:41:47 - [MESSAGE][PASSED] - Text '100' is set on object 'Object Repository/Final Object Repo/New Registration - Registration Module Pages/Form 1/P.O.BOX'

2018-12-07 10:41:47 - [TEST_STEP][PASSED] - setText: Text '100' is set on object 'Object Repository/Final Object Repo/New Registration - Registration Module Pages/Form 1/Locked Bag No'

2018-12-07 10:41:47 - [MESSAGE][PASSED] - Text '100' is set on object 'Object Repository/Final Object Repo/New Registration - Registration Module Pages/Form 1/Locked Bag No'

2018-12-07 10:41:47 - [TEST_STEP][PASSED] - click: Object: 'Object Repository/Final Object Repo/New Registration - Registration Module Pages/Form 1/SOCSO Office Location' is clicked on

2018-12-07 10:41:47 - [MESSAGE][PASSED] - Object: 'Object Repository/Final Object Repo/New Registration - Registration Module Pages/Form 1/SOCSO Office Location' is clicked on

2018-12-07 10:41:47 - [TEST_STEP][PASSED] - click: Object: 'Object Repository/Final Object Repo/New Registration - Registration Module Pages/Form 1/SOCSO Office Location - Pejabat PERKESO Negeri Johor' is clicked on

2018-12-07 10:41:47 - [MESSAGE][PASSED] - Object: 'Object Repository/Final Object Repo/New Registration - Registration Module Pages/Form 1/SOCSO Office Location - Pejabat PERKESO Negeri Johor' is clicked on

2018-12-07 10:41:47 - [TEST_STEP][PASSED] - delay: Delayed 1 second(s)

2018-12-07 10:41:48 - [MESSAGE][PASSED] - Delayed 1 second(s)

2018-12-07 10:41:48 - [TEST_STEP][PASSED] - check: Object 'Object Repository/Final Object Repo/New Registration - Registration Module Pages/Form 1/Indusrty Address Same As Postal Address' is checked

2018-12-07 10:41:49 - [MESSAGE][PASSED] - Object 'Object Repository/Final Object Repo/New Registration - Registration Module Pages/Form 1/Indusrty Address Same As Postal Address' is checked

2018-12-07 10:41:49 - [TEST_STEP][PASSED] - delay: Delayed 3 second(s)

2018-12-07 10:41:52 - [MESSAGE][PASSED] - Delayed 3 second(s)

2018-12-07 10:41:52 - [TEST_STEP][PASSED] - click: Object: 'Object Repository/Final Object Repo/New Registration - Registration Module Pages/Form 1/Indusry Address Same As Postal Address False' is clicked on

2018-12-07 10:41:52 - [MESSAGE][PASSED] - Object: 'Object Repository/Final Object Repo/New Registration - Registration Module Pages/Form 1/Indusry Address Same As Postal Address False' is clicked on

2018-12-07 10:41:52 - [TEST_STEP][PASSED] - delay: Delayed 1 second(s)

2018-12-07 10:41:53 - [MESSAGE][PASSED] - Delayed 1 second(s)

2018-12-07 10:41:53 - [TEST_STEP][PASSED] - setText: Text 'perkeso1' is set on object 'Object Repository/Final Object Repo/New Registration - Registration Module Pages/Form 1/Industry Address1'

2018-12-07 10:41:53 - [MESSAGE][PASSED] - Text 'perkeso1' is set on object 'Object Repository/Final Object Repo/New Registration - Registration Module Pages/Form 1/Industry Address1'

2018-12-07 10:41:53 - [TEST_STEP][PASSED] - setText: Text 'perkeso2' is set on object 'Object Repository/Final Object Repo/New Registration - Registration Module Pages/Form 1/Industry Address2'

2018-12-07 10:41:54 - [MESSAGE][PASSED] - Text 'perkeso2' is set on object 'Object Repository/Final Object Repo/New Registration - Registration Module Pages/Form 1/Industry Address2'

2018-12-07 10:41:54 - [TEST_STEP][PASSED] - setText: Text 'perkeso3' is set on object 'Object Repository/Final Object Repo/New Registration - Registration Module Pages/Form 1/Industry Address3'

2018-12-07 10:41:54 - [MESSAGE][PASSED] - Text 'perkeso3' is set on object 'Object Repository/Final Object Repo/New Registration - Registration Module Pages/Form 1/Industry Address3'

2018-12-07 10:41:54 - [TEST_STEP][PASSED] - click: Object: 'Object Repository/Final Object Repo/New Registration - Registration Module Pages/Form 1/Industry State' is clicked on

2018-12-07 10:41:54 - [MESSAGE][PASSED] - Object: 'Object Repository/Final Object Repo/New Registration - Registration Module Pages/Form 1/Industry State' is clicked on

2018-12-07 10:41:54 - [TEST_STEP][PASSED] - delay: Delayed 2 second(s)

2018-12-07 10:41:56 - [MESSAGE][PASSED] - Delayed 2 second(s)

2018-12-07 10:41:56 - [TEST_STEP][PASSED] - click: Object: 'Object Repository/Final Object Repo/New Registration - Registration Module Pages/Form 1/Industry State - Johor' is clicked on

2018-12-07 10:41:57 - [MESSAGE][PASSED] - Object: 'Object Repository/Final Object Repo/New Registration - Registration Module Pages/Form 1/Industry State - Johor' is clicked on

2018-12-07 10:41:57 - [TEST_STEP][PASSED] - delay: Delayed 2 second(s)

2018-12-07 10:41:59 - [MESSAGE][PASSED] - Delayed 2 second(s)

2018-12-07 10:41:59 - [TEST_STEP][PASSED] - click: Object: 'Object Repository/Final Object Repo/New Registration - Registration Module Pages/Form 1/Industry Ciry' is clicked on

2018-12-07 10:41:59 - [MESSAGE][PASSED] - Object: 'Object Repository/Final Object Repo/New Registration - Registration Module Pages/Form 1/Industry Ciry' is clicked on

2018-12-07 10:41:59 - [TEST_STEP][PASSED] - setText: Text 'joh' is set on object 'Object Repository/Final Object Repo/New Registration - Registration Module Pages/Form 1/Industry Ciry - joh'

2018-12-07 10:41:59 - [MESSAGE][PASSED] - Text 'joh' is set on object 'Object Repository/Final Object Repo/New Registration - Registration Module Pages/Form 1/Industry Ciry - joh'

2018-12-07 10:41:59 - [TEST_STEP][PASSED] - delay: Delayed 2 second(s)

2018-12-07 10:42:01 - [MESSAGE][PASSED] - Delayed 2 second(s)

2018-12-07 10:42:01 - [TEST_STEP][PASSED] - click: Object: 'Object Repository/Final Object Repo/New Registration - Registration Module Pages/Form 1/Industy State - Johor Bharu' is clicked on

2018-12-07 10:42:01 - [MESSAGE][PASSED] - Object: 'Object Repository/Final Object Repo/New Registration - Registration Module Pages/Form 1/Industy State - Johor Bharu' is clicked on

2018-12-07 10:42:01 - [TEST_STEP][PASSED] - delay: Delayed 1 second(s)

2018-12-07 10:42:02 - [MESSAGE][PASSED] - Delayed 1 second(s)

2018-12-07 10:42:02 - [TEST_STEP][PASSED] - click: Object: 'Object Repository/Final Object Repo/New Registration - Registration Module Pages/Form 1/Indusry PostCode' is clicked on

2018-12-07 10:42:02 - [MESSAGE][PASSED] - Object: 'Object Repository/Final Object Repo/New Registration - Registration Module Pages/Form 1/Indusry PostCode' is clicked on

2018-12-07 10:42:02 - [TEST_STEP][PASSED] - delay: Delayed 1 second(s)

2018-12-07 10:42:03 - [MESSAGE][PASSED] - Delayed 1 second(s)

2018-12-07 10:42:03 - [TEST_STEP][PASSED] - setText: Text '810' is set on object 'Object Repository/Final Object Repo/New Registration - Registration Module Pages/Form 1/Insutry Post Code - 810'

2018-12-07 10:42:04 - [MESSAGE][PASSED] - Text '810' is set on object 'Object Repository/Final Object Repo/New Registration - Registration Module Pages/Form 1/Insutry Post Code - 810'

2018-12-07 10:42:04 - [TEST_STEP][PASSED] - delay: Delayed 1 second(s)

2018-12-07 10:42:05 - [MESSAGE][PASSED] - Delayed 1 second(s)

2018-12-07 10:42:05 - [TEST_STEP][PASSED] - click: Object: 'Object Repository/Final Object Repo/New Registration - Registration Module Pages/Form 1/Insutry Post Code - 81000' is clicked on

2018-12-07 10:42:05 - [MESSAGE][PASSED] - Object: 'Object Repository/Final Object Repo/New Registration - Registration Module Pages/Form 1/Insutry Post Code - 81000' is clicked on

2018-12-07 10:42:05 - [TEST_STEP][PASSED] - delay: Delayed 1 second(s)

2018-12-07 10:42:06 - [MESSAGE][PASSED] - Delayed 1 second(s)

2018-12-07 10:42:06 - [TEST_STEP][PASSED] - setText: Text '100' is set on object 'Object Repository/Final Object Repo/New Registration - Registration Module Pages/Form 1/Industry P.O.BOX'

2018-12-07 10:42:06 - [MESSAGE][PASSED] - Text '100' is set on object 'Object Repository/Final Object Repo/New Registration - Registration Module Pages/Form 1/Industry P.O.BOX'

2018-12-07 10:42:06 - [TEST_STEP][PASSED] - setText: Text '100' is set on object 'Object Repository/Final Object Repo/New Registration - Registration Module Pages/Form 1/Industry Locked Bag No'

2018-12-07 10:42:06 - [MESSAGE][PASSED] - Text '100' is set on object 'Object Repository/Final Object Repo/New Registration - Registration Module Pages/Form 1/Industry Locked Bag No'

2018-12-07 10:42:06 - [TEST_STEP][PASSED] - setText: Text '123456789' is set on object 'Object Repository/Final Object Repo/New Registration - Registration Module Pages/Form 1/Telephone No'

2018-12-07 10:42:07 - [MESSAGE][PASSED] - Text '123456789' is set on object 'Object Repository/Final Object Repo/New Registration - Registration Module Pages/Form 1/Telephone No'

2018-12-07 10:42:07 - [TEST_STEP][PASSED] - setText: Text '123456789' is set on object 'Object Repository/Final Object Repo/New Registration - Registration Module Pages/Form 1/Mobile No'

2018-12-07 10:42:07 - [MESSAGE][PASSED] - Text '123456789' is set on object 'Object Repository/Final Object Repo/New Registration - Registration Module Pages/Form 1/Mobile No'

2018-12-07 10:42:07 - [TEST_STEP][PASSED] - setText: Text '123456789' is set on object 'Object Repository/Final Object Repo/New Registration - Registration Module Pages/Form 1/Fax No'

2018-12-07 10:42:08 - [MESSAGE][PASSED] - Text '123456789' is set on object 'Object Repository/Final Object Repo/New Registration - Registration Module Pages/Form 1/Fax No'

2018-12-07 10:42:08 - [TEST_STEP][PASSED] - click: Object: 'Object Repository/Final Object Repo/New Registration - Registration Module Pages/Form 1/Industry Code' is clicked on

2018-12-07 10:42:08 - [MESSAGE][PASSED] - Object: 'Object Repository/Final Object Repo/New Registration - Registration Module Pages/Form 1/Industry Code' is clicked on

2018-12-07 10:42:08 - [TEST_STEP][PASSED] - click: Object: 'Object Repository/Final Object Repo/New Registration - Registration Module Pages/Form 1/Indudustry Code - Crops and Animal' is clicked on

2018-12-07 10:42:08 - [MESSAGE][PASSED] - Object: 'Object Repository/Final Object Repo/New Registration - Registration Module Pages/Form 1/Indudustry Code - Crops and Animal' is clicked on

2018-12-07 10:42:08 - [TEST_STEP][PASSED] - delay: Delayed 1 second(s)

2018-12-07 10:42:09 - [MESSAGE][PASSED] - Delayed 1 second(s)

2018-12-07 10:42:09 - [TEST_STEP][PASSED] - click: Object: 'Object Repository/Final Object Repo/New Registration - Registration Module Pages/Form 1/Sub Industry Code List' is clicked on

2018-12-07 10:42:09 - [MESSAGE][PASSED] - Object: 'Object Repository/Final Object Repo/New Registration - Registration Module Pages/Form 1/Sub Industry Code List' is clicked on

2018-12-07 10:42:09 - [TEST_STEP][PASSED] - click: Object: 'Object Repository/Final Object Repo/New Registration - Registration Module Pages/Form 1/Sub Industry Code List - Growing of Maize' is clicked on

2018-12-07 10:42:10 - [MESSAGE][PASSED] - Object: 'Object Repository/Final Object Repo/New Registration - Registration Module Pages/Form 1/Sub Industry Code List - Growing of Maize' is clicked on

2018-12-07 10:42:10 - [TEST_STEP][PASSED] - setText: Text 'perkeso123@gmail.com' is set on object 'Object Repository/Final Object Repo/New Registration - Registration Module Pages/Form 1/Email'

2018-12-07 10:42:10 - [MESSAGE][PASSED] - Text 'perkeso123@gmail.com' is set on object 'Object Repository/Final Object Repo/New Registration - Registration Module Pages/Form 1/Email'

2018-12-07 10:42:10 - [TEST_STEP][PASSED] - click: Object: 'Object Repository/Final Object Repo/New Registration - Registration Module Pages/Form 1/Method of Contribution Payment' is clicked on

2018-12-07 10:42:11 - [MESSAGE][PASSED] - Object: 'Object Repository/Final Object Repo/New Registration - Registration Module Pages/Form 1/Method of Contribution Payment' is clicked on

2018-12-07 10:42:11 - [TEST_STEP][PASSED] - click: Object: 'Object Repository/Final Object Repo/New Registration - Registration Module Pages/Form 1/Method of Contribution Payment - Portal' is clicked on

2018-12-07 10:42:11 - [MESSAGE][PASSED] - Object: 'Object Repository/Final Object Repo/New Registration - Registration Module Pages/Form 1/Method of Contribution Payment - Portal' is clicked on

2018-12-07 10:42:11 - [TEST_STEP][PASSED] - click: Object: 'Object Repository/Final Object Repo/New Registration - Registration Module Pages/Form 1/Servide Type' is clicked on

2018-12-07 10:42:11 - [MESSAGE][PASSED] - Object: 'Object Repository/Final Object Repo/New Registration - Registration Module Pages/Form 1/Servide Type' is clicked on

2018-12-07 10:42:11 - [TEST_STEP][PASSED] - click: Object: 'Object Repository/Final Object Repo/New Registration - Registration Module Pages/Form 1/Servide Type - Professional Bodies' is clicked on

2018-12-07 10:42:11 - [MESSAGE][PASSED] - Object: 'Object Repository/Final Object Repo/New Registration - Registration Module Pages/Form 1/Servide Type - Professional Bodies' is clicked on

2018-12-07 10:42:11 - [TEST_STEP][PASSED] - click: Object: 'Object Repository/Final Object Repo/New Registration - Registration Module Pages/Form 1/Industry Venue' is clicked on

2018-12-07 10:42:11 - [MESSAGE][PASSED] - Object: 'Object Repository/Final Object Repo/New Registration - Registration Module Pages/Form 1/Industry Venue' is clicked on

2018-12-07 10:42:11 - [TEST_STEP][PASSED] - click: Object: 'Object Repository/Final Object Repo/New Registration - Registration Module Pages/Form 1/Industry Venue -  PPN JOHOR' is clicked on

2018-12-07 10:42:12 - [MESSAGE][PASSED] - Object: 'Object Repository/Final Object Repo/New Registration - Registration Module Pages/Form 1/Industry Venue -  PPN JOHOR' is clicked on

2018-12-07 10:42:12 - [TEST_STEP][PASSED] - click: Object: 'Object Repository/Final Object Repo/New Registration - Registration Module Pages/Form 1/Save  Continue' is clicked on

2018-12-07 10:42:12 - [MESSAGE][PASSED] - Object: 'Object Repository/Final Object Repo/New Registration - Registration Module Pages/Form 1/Save  Continue' is clicked on

2018-12-07 10:42:12 - [MESSAGE][PASSED] - Call Test Case 'Test Cases/Final Aug 2018 - PKS Automation/Registration Module/New Registration/Form 1/Form 1 - Corporation - BHD' successfully

2018-12-07 10:42:12 - [TEST_STEP][PASSED] - callTestCase: Call Test Case 'Test Cases/Final Aug 2018 - PKS Automation/Registration Module/New Registration/Form 2/Add 1 Eligible' successfully

2018-12-07 10:42:12 - [TEST_CASE][PASSED] - Test Cases/Final Aug 2018 - PKS Automation/Registration Module/New Registration/Form 2/Add 1 Eligible: Test Cases/Final Aug 2018 - PKS Automation/Registration Module/New Registration/Form 2/Add 1 Eligible

2018-12-07 10:42:12 - [TEST_STEP][PASSED] - delay: Delayed 2 second(s)

2018-12-07 10:42:14 - [MESSAGE][PASSED] - Delayed 2 second(s)

2018-12-07 10:42:14 - [TEST_STEP][PASSED] - callTestCase: Call Test Case 'Test Cases/Final Aug 2018 - PKS Automation/Registration Module/New Registration/Form 2/Date Updater' successfully

2018-12-07 10:42:14 - [TEST_CASE][PASSED] - Test Cases/Final Aug 2018 - PKS Automation/Registration Module/New Registration/Form 2/Date Updater: Test Cases/Final Aug 2018 - PKS Automation/Registration Module/New Registration/Form 2/Date Updater

2018-12-07 10:42:14 - [TEST_STEP][PASSED] - Statement - TodayDate = new java.util.Date(): null

2018-12-07 10:42:14 - [TEST_STEP][PASSED] - Statement - CurrentDateNoFilter = new java.text.SimpleDateFormat(): null

2018-12-07 10:42:14 - [TEST_STEP][PASSED] - Statement - CurrentDateNoFilter.applyPattern("MM"): null

2018-12-07 10:42:14 - [TEST_STEP][PASSED] - Statement - monthContainerMatcher = java.lang.Integer.parseInt(CurrentDateNoFilter.format(TodayDate)): null

2018-12-07 10:42:14 - [TEST_STEP][PASSED] - Statement - monthContainerMatcher = monthContainerMatcher - 1: null

2018-12-07 10:42:14 - [TEST_STEP][PASSED] - Statement - CurrentMonth = monthContainerMatcher.toString(): null

2018-12-07 10:42:14 - [TEST_STEP][PASSED] - Statement - CurrentMonth = CurrentMonth: null

2018-12-07 10:42:14 - [TEST_STEP][PASSED] - Statement - CurrentDateNoFilter.applyPattern("yyyy"): null

2018-12-07 10:42:14 - [TEST_STEP][PASSED] - Statement - CurrentYear = CurrentDateNoFilter.format(TodayDate): null

2018-12-07 10:42:14 - [TEST_STEP][PASSED] - Statement - CurrentYear = CurrentYear: null

2018-12-07 10:42:14 - [TEST_STEP][PASSED] - Statement - intCurrentYear = java.lang.Integer.parseInt(CurrentDateNoFilter.format(TodayDate)): null

2018-12-07 10:42:14 - [TEST_STEP][PASSED] - Statement - eighteenYrsAgo = intCurrentYear - 18: null

2018-12-07 10:42:14 - [TEST_STEP][PASSED] - Statement - eighteenYrsBeforeThisYr = eighteenYrsAgo.toString(): null

2018-12-07 10:42:14 - [TEST_STEP][PASSED] - Statement - EighteenYrsBefore = eighteenYrsBeforeThisYr: null

2018-12-07 10:42:14 - [TEST_STEP][PASSED] - Statement - fiftysevenYrsAgo = intCurrentYear - 57: null

2018-12-07 10:42:14 - [TEST_STEP][PASSED] - Statement - fiftysevenYrsBeforeThisYr = fiftysevenYrsAgo.toString(): null

2018-12-07 10:42:14 - [TEST_STEP][PASSED] - Statement - FiftysevenYrsBefore = fiftysevenYrsBeforeThisYr: null

2018-12-07 10:42:14 - [TEST_STEP][PASSED] - Statement - leapYear = false: null

2018-12-07 10:42:14 - [TEST_STEP][PASSED] - Statement - leapYear = intCurrentYear % 4 == 0: null

2018-12-07 10:42:14 - [TEST_STEP][PASSED] - Statement - CurrentDateNoFilter.applyPattern("dd"): null

2018-12-07 10:42:14 - [TEST_STEP][PASSED] - Statement - CurrentDate = CurrentDateNoFilter.format(TodayDate): null

2018-12-07 10:42:14 - [TEST_STEP][PASSED] - Statement - CurrentDate = java.lang.Integer.parseInt(CurrentDate): null

2018-12-07 10:42:14 - [TEST_STEP][PASSED] - Statement - CurrentDate = CurrentDate: null

2018-12-07 10:42:14 - [TEST_STEP][PASSED] - Statement - CurrentDay = java.lang.Integer.parseInt(CurrentDate): null

2018-12-07 10:42:14 - [TEST_STEP][PASSED] - Statement - ConfAdder = <not implemented yet for class: org.codehaus.groovy.ast.expr.EmptyExpression>: null

2018-12-07 10:42:14 - [TEST_STEP][PASSED] - Statement - out.println(CurrentMonth): null

2018-12-07 10:42:14 - [TEST_STEP][PASSED] - Statement - out.println(CurrentDate): null

2018-12-07 10:42:14 - [TEST_STEP][PASSED] - Statement - switch (CurrentDate): null

2018-12-07 10:42:14 - [TEST_STEP][PASSED] - Statement - Default: null

2018-12-07 10:42:14 - [TEST_STEP][PASSED] - Statement - ConfAdder = true: null

2018-12-07 10:42:14 - [TEST_STEP][PASSED] - Statement - Break: null

2018-12-07 10:42:14 - [TEST_STEP][PASSED] - Statement - aDayBefore = <not implemented yet for class: org.codehaus.groovy.ast.expr.EmptyExpression>: null

2018-12-07 10:42:14 - [TEST_STEP][PASSED] - Statement - out.println(ConfAdder): null

2018-12-07 10:42:14 - [TEST_STEP][PASSED] - Statement - If (ConfAdder == true): null

2018-12-07 10:42:14 - [TEST_STEP][PASSED] - Statement - aDayBefore = CurrentDay + 1: null

2018-12-07 10:42:14 - [TEST_STEP][PASSED] - Statement - out.println(aDayBefore): null

2018-12-07 10:42:14 - [TEST_STEP][PASSED] - Statement - If (aDayBefore == 1 && CurrentMonth == 11): null

2018-12-07 10:42:14 - [TEST_STEP][PASSED] - Statement - DayBefore = aDayBefore.toString(): null

2018-12-07 10:42:14 - [TEST_STEP][PASSED] - Statement - OneDayBefore = DayBefore: null

2018-12-07 10:42:15 - [MESSAGE][PASSED] - Call Test Case 'Test Cases/Final Aug 2018 - PKS Automation/Registration Module/New Registration/Form 2/Date Updater' successfully

2018-12-07 10:42:15 - [TEST_STEP][PASSED] - delay: Delayed 1 second(s)

2018-12-07 10:42:16 - [MESSAGE][PASSED] - Delayed 1 second(s)

2018-12-07 10:42:16 - [TEST_STEP][PASSED] - Statement - CaseReferenceNo = com.kms.katalon.core.webui.keyword.WebUiBuiltInKeywords.getText(com.kms.katalon.core.testobject.ObjectRepository.findTestObject(Final Object Repo/New Registration - Registration Module Pages/Form 2/RefNo Acquiring)): Text of object 'Object Repository/Final Object Repo/New Registration - Registration Module Pages/Form 2/RefNo Acquiring' is: 'CRN12201800123085'

2018-12-07 10:42:16 - [MESSAGE][PASSED] - Text of object 'Object Repository/Final Object Repo/New Registration - Registration Module Pages/Form 2/RefNo Acquiring' is: 'CRN12201800123085'

2018-12-07 10:42:16 - [TEST_STEP][PASSED] - delay: Delayed 1 second(s)

2018-12-07 10:42:17 - [MESSAGE][PASSED] - Delayed 1 second(s)

2018-12-07 10:42:17 - [TEST_STEP][PASSED] - click: Object: 'Object Repository/Final Object Repo/New Registration - Registration Module Pages/Form 2/Add Employee Button' is clicked on

2018-12-07 10:42:17 - [MESSAGE][PASSED] - Object: 'Object Repository/Final Object Repo/New Registration - Registration Module Pages/Form 2/Add Employee Button' is clicked on

2018-12-07 10:42:17 - [TEST_STEP][PASSED] - delay: Delayed 1 second(s)

2018-12-07 10:42:18 - [MESSAGE][PASSED] - Delayed 1 second(s)

2018-12-07 10:42:18 - [TEST_STEP][PASSED] - setText: Text '010903091963' is set on object 'Object Repository/Final Object Repo/New Registration - Registration Module Pages/Form 2/NRIC Input'

2018-12-07 10:42:19 - [MESSAGE][PASSED] - Text '010903091963' is set on object 'Object Repository/Final Object Repo/New Registration - Registration Module Pages/Form 2/NRIC Input'

2018-12-07 10:42:19 - [TEST_STEP][PASSED] - click: Object: 'Object Repository/Final Object Repo/New Registration - Registration Module Pages/Form 2/button for search for IC' is clicked on

2018-12-07 10:42:19 - [MESSAGE][PASSED] - Object: 'Object Repository/Final Object Repo/New Registration - Registration Module Pages/Form 2/button for search for IC' is clicked on

2018-12-07 10:42:19 - [TEST_STEP][PASSED] - delay: Delayed 2 second(s)

2018-12-07 10:42:21 - [MESSAGE][PASSED] - Delayed 2 second(s)

2018-12-07 10:42:21 - [TEST_STEP][PASSED] - setText: Text 'Automate001 eligible 1' is set on object 'Object Repository/Final Object Repo/New Registration - Registration Module Pages/Form 2/Employee Name Input'

2018-12-07 10:42:21 - [MESSAGE][PASSED] - Text 'Automate001 eligible 1' is set on object 'Object Repository/Final Object Repo/New Registration - Registration Module Pages/Form 2/Employee Name Input'

2018-12-07 10:42:21 - [TEST_STEP][PASSED] - delay: Delayed 2 second(s)

2018-12-07 10:42:23 - [MESSAGE][PASSED] - Delayed 2 second(s)

2018-12-07 10:42:23 - [TEST_STEP][PASSED] - click: Object: 'Object Repository/Final Object Repo/New Registration - Registration Module Pages/Form 2/DatePicker Pop Up' is clicked on

2018-12-07 10:42:24 - [MESSAGE][PASSED] - Object: 'Object Repository/Final Object Repo/New Registration - Registration Module Pages/Form 2/DatePicker Pop Up' is clicked on

2018-12-07 10:42:24 - [TEST_STEP][PASSED] - click: Object: 'Object Repository/Final Object Repo/New Registration - Registration Module Pages/Form 2/DOB Month' is clicked on

2018-12-07 10:42:24 - [MESSAGE][PASSED] - Object: 'Object Repository/Final Object Repo/New Registration - Registration Module Pages/Form 2/DOB Month' is clicked on

2018-12-07 10:42:24 - [TEST_STEP][PASSED] - Statement - CurrentMonth = CurrentMonth: null

2018-12-07 10:42:24 - [TEST_STEP][PASSED] - Statement - selectMonth = new com.kms.katalon.core.testobject.TestObject(): null

2018-12-07 10:42:24 - [TEST_STEP][PASSED] - Statement - selectMonth.addProperty("xpath", EQUALS, "//body/div/div/div/select/option[@value='" + CurrentMonth + "']", true): null

2018-12-07 10:42:24 - [TEST_STEP][PASSED] - click: Object: '' is clicked on

2018-12-07 10:42:24 - [MESSAGE][PASSED] - Object: '' is clicked on

2018-12-07 10:42:24 - [TEST_STEP][PASSED] - click: Object: 'Object Repository/Final Object Repo/New Registration - Registration Module Pages/Form 2/DOB Year' is clicked on

2018-12-07 10:42:24 - [MESSAGE][PASSED] - Object: 'Object Repository/Final Object Repo/New Registration - Registration Module Pages/Form 2/DOB Year' is clicked on

2018-12-07 10:42:24 - [TEST_STEP][PASSED] - Statement - Eyearsbf = EighteenYrsBefore: null

2018-12-07 10:42:24 - [TEST_STEP][PASSED] - Statement - selectYear = new com.kms.katalon.core.testobject.TestObject(): null

2018-12-07 10:42:24 - [TEST_STEP][PASSED] - Statement - selectYear.addProperty("xpath", EQUALS, "//div/div/div/select/option[@value='" + Eyearsbf + "']", true): null

2018-12-07 10:42:24 - [TEST_STEP][PASSED] - click: Object: '' is clicked on

2018-12-07 10:42:24 - [MESSAGE][PASSED] - Object: '' is clicked on

2018-12-07 10:42:24 - [TEST_STEP][PASSED] - Statement - UpdatedSelectDate = com.kms.katalon.core.webui.keyword.WebUiBuiltInKeywords.modifyObjectProperty(com.kms.katalon.core.testobject.ObjectRepository.findTestObject(Final Object Repo/New Registration - Registration Module Pages/Form 2/DOB Date), "xpath", "equals", "//body/div/table/tbody/tr/td/a[text()="" + CurrentDate + ""]", true): Modify property of object successfully

2018-12-07 10:42:24 - [MESSAGE][PASSED] - Modify property of object successfully

2018-12-07 10:42:24 - [TEST_STEP][PASSED] - delay: Delayed 3 second(s)

2018-12-07 10:42:27 - [MESSAGE][PASSED] - Delayed 3 second(s)

2018-12-07 10:42:27 - [TEST_STEP][PASSED] - click: Object: 'Object Repository/Final Object Repo/New Registration - Registration Module Pages/Form 2/DOB Date' is clicked on

2018-12-07 10:42:27 - [MESSAGE][PASSED] - Object: 'Object Repository/Final Object Repo/New Registration - Registration Module Pages/Form 2/DOB Date' is clicked on

2018-12-07 10:42:27 - [TEST_STEP][PASSED] - delay: Delayed 2 second(s)

2018-12-07 10:42:29 - [MESSAGE][PASSED] - Delayed 2 second(s)

2018-12-07 10:42:29 - [TEST_STEP][PASSED] - click: Object: 'Object Repository/Final Object Repo/New Registration - Registration Module Pages/Form 2/EmploymentStartDate Pop Up' is clicked on

2018-12-07 10:42:30 - [MESSAGE][PASSED] - Object: 'Object Repository/Final Object Repo/New Registration - Registration Module Pages/Form 2/EmploymentStartDate Pop Up' is clicked on

2018-12-07 10:42:30 - [TEST_STEP][PASSED] - delay: Delayed 2 second(s)

2018-12-07 10:42:32 - [MESSAGE][PASSED] - Delayed 2 second(s)

2018-12-07 10:42:32 - [TEST_STEP][PASSED] - click: Object: 'Object Repository/Final Object Repo/New Registration - Registration Module Pages/Form 2/Socso Employment StartDate Month' is clicked on

2018-12-07 10:42:32 - [MESSAGE][PASSED] - Object: 'Object Repository/Final Object Repo/New Registration - Registration Module Pages/Form 2/Socso Employment StartDate Month' is clicked on

2018-12-07 10:42:32 - [TEST_STEP][PASSED] - delay: Delayed 1 second(s)

2018-12-07 10:42:33 - [MESSAGE][PASSED] - Delayed 1 second(s)

2018-12-07 10:42:33 - [TEST_STEP][PASSED] - click: Object: 'Object Repository/Final Object Repo/New Registration - Registration Module Pages/Form 2/Select Socso Employement Startdate Month' is clicked on

2018-12-07 10:42:33 - [MESSAGE][PASSED] - Object: 'Object Repository/Final Object Repo/New Registration - Registration Module Pages/Form 2/Select Socso Employement Startdate Month' is clicked on

2018-12-07 10:42:33 - [TEST_STEP][PASSED] - delay: Delayed 2 second(s)

2018-12-07 10:42:35 - [MESSAGE][PASSED] - Delayed 2 second(s)

2018-12-07 10:42:35 - [TEST_STEP][PASSED] - click: Object: 'Object Repository/Final Object Repo/New Registration - Registration Module Pages/Form 2/Socso Employment StartDate Year' is clicked on

2018-12-07 10:42:35 - [MESSAGE][PASSED] - Object: 'Object Repository/Final Object Repo/New Registration - Registration Module Pages/Form 2/Socso Employment StartDate Year' is clicked on

2018-12-07 10:42:35 - [TEST_STEP][PASSED] - delay: Delayed 1 second(s)

2018-12-07 10:42:36 - [MESSAGE][PASSED] - Delayed 1 second(s)

2018-12-07 10:42:36 - [TEST_STEP][PASSED] - click: Object: 'Object Repository/Final Object Repo/New Registration - Registration Module Pages/Form 2/Select Socso Employment Startdate Year' is clicked on

2018-12-07 10:42:36 - [MESSAGE][PASSED] - Object: 'Object Repository/Final Object Repo/New Registration - Registration Module Pages/Form 2/Select Socso Employment Startdate Year' is clicked on

2018-12-07 10:42:36 - [TEST_STEP][PASSED] - delay: Delayed 2 second(s)

2018-12-07 10:42:38 - [MESSAGE][PASSED] - Delayed 2 second(s)

2018-12-07 10:42:38 - [TEST_STEP][PASSED] - click: Object: 'Object Repository/Final Object Repo/New Registration - Registration Module Pages/Form 2/Socso Employment Start Date Day' is clicked on

2018-12-07 10:42:39 - [MESSAGE][PASSED] - Object: 'Object Repository/Final Object Repo/New Registration - Registration Module Pages/Form 2/Socso Employment Start Date Day' is clicked on

2018-12-07 10:42:39 - [TEST_STEP][PASSED] - delay: Delayed 2 second(s)

2018-12-07 10:42:41 - [MESSAGE][PASSED] - Delayed 2 second(s)

2018-12-07 10:42:41 - [TEST_STEP][PASSED] - click: Object: 'Object Repository/Final Object Repo/New Registration - Registration Module Pages/Form 2/Save Button for Add Employee' is clicked on

2018-12-07 10:42:41 - [MESSAGE][PASSED] - Object: 'Object Repository/Final Object Repo/New Registration - Registration Module Pages/Form 2/Save Button for Add Employee' is clicked on

2018-12-07 10:42:41 - [TEST_STEP][PASSED] - delay: Delayed 6 second(s)

2018-12-07 10:42:47 - [MESSAGE][PASSED] - Delayed 6 second(s)

2018-12-07 10:42:47 - [TEST_STEP][PASSED] - click: Object: 'Object Repository/Final Object Repo/New Registration - Registration Module Pages/Form 2/Save and Continue Form 2' is clicked on

2018-12-07 10:42:47 - [MESSAGE][PASSED] - Object: 'Object Repository/Final Object Repo/New Registration - Registration Module Pages/Form 2/Save and Continue Form 2' is clicked on

2018-12-07 10:42:47 - [MESSAGE][PASSED] - Call Test Case 'Test Cases/Final Aug 2018 - PKS Automation/Registration Module/New Registration/Form 2/Add 1 Eligible' successfully

2018-12-07 10:42:47 - [TEST_STEP][PASSED] - callTestCase: Call Test Case 'Test Cases/Final Aug 2018 - PKS Automation/Registration Module/New Registration/Flow of New Registration/Third Screen - Upload Supporting Doc - Preview' successfully

2018-12-07 10:42:47 - [TEST_CASE][PASSED] - Test Cases/Final Aug 2018 - PKS Automation/Registration Module/New Registration/Flow of New Registration/Third Screen - Upload Supporting Doc - Preview: Test Cases/Final Aug 2018 - PKS Automation/Registration Module/New Registration/Flow of New Registration/Third Screen - Upload Supporting Doc - Preview

2018-12-07 10:42:47 - [TEST_STEP][PASSED] - waitForPageLoad: Wait for page load successfully

2018-12-07 10:42:48 - [MESSAGE][PASSED] - Wait for page load successfully

2018-12-07 10:42:48 - [TEST_STEP][PASSED] - Statement - CaseReferenceNo = com.kms.katalon.core.webui.keyword.WebUiBuiltInKeywords.getText(com.kms.katalon.core.testobject.ObjectRepository.findTestObject(Final Object Repo/New Registration - Registration Module Pages/Third Screen - Upload Supporting Doc- Preview/RefNo Acquiring)): Text of object 'Object Repository/Final Object Repo/New Registration - Registration Module Pages/Third Screen - Upload Supporting Doc- Preview/RefNo Acquiring' is: 'CRN12201800123085'

2018-12-07 10:42:48 - [MESSAGE][PASSED] - Text of object 'Object Repository/Final Object Repo/New Registration - Registration Module Pages/Third Screen - Upload Supporting Doc- Preview/RefNo Acquiring' is: 'CRN12201800123085'

2018-12-07 10:42:48 - [TEST_STEP][PASSED] - delay: Delayed 2 second(s)

2018-12-07 10:42:50 - [MESSAGE][PASSED] - Delayed 2 second(s)

2018-12-07 10:42:50 - [TEST_STEP][PASSED] - callTestCase: Call Test Case 'Test Cases/Final Aug 2018 - PKS Automation/Common/Reference Number Setter' successfully

2018-12-07 10:42:50 - [TEST_CASE][PASSED] - Test Cases/Final Aug 2018 - PKS Automation/Common/Reference Number Setter: Test Cases/Final Aug 2018 - PKS Automation/Common/Reference Number Setter

2018-12-07 10:42:50 - [TEST_STEP][PASSED] - Statement - RefNoOldFile = new java.io.File(C://Users//Admin//Desktop//PKS//Automation Reference Point//KatalonReference.txt): null

2018-12-07 10:42:50 - [TEST_STEP][PASSED] - Statement - RefNoOldFile.delete(): null

2018-12-07 10:42:50 - [TEST_STEP][PASSED] - delay: Delayed 5 second(s)

2018-12-07 10:42:55 - [MESSAGE][PASSED] - Delayed 5 second(s)

2018-12-07 10:42:55 - [TEST_STEP][PASSED] - Statement - RefNo = new java.io.File(C://Users//Admin//Desktop//PKS//Automation Reference Point//KatalonReference.txt): null

2018-12-07 10:42:55 - [TEST_STEP][PASSED] - Statement - f2 = new java.io.FileWriter(RefNo, false): null

2018-12-07 10:42:55 - [TEST_STEP][PASSED] - Statement - f2.write(CaseReferenceNo): null

2018-12-07 10:42:55 - [TEST_STEP][PASSED] - Statement - f2.close(): null

2018-12-07 10:42:55 - [TEST_STEP][PASSED] - Statement - out.println("


" + CaseReferenceNo + "


"): null

2018-12-07 10:42:55 - [MESSAGE][PASSED] - Call Test Case 'Test Cases/Final Aug 2018 - PKS Automation/Common/Reference Number Setter' successfully

2018-12-07 10:42:55 - [TEST_STEP][PASSED] - waitForElementClickable: Object 'Object Repository/Final Object Repo/New Registration - Registration Module Pages/Third Screen - Upload Supporting Doc- Preview/Save n Continue in SIP Employee Listing Page' is clickable

2018-12-07 10:42:55 - [MESSAGE][PASSED] - Object 'Object Repository/Final Object Repo/New Registration - Registration Module Pages/Third Screen - Upload Supporting Doc- Preview/Save n Continue in SIP Employee Listing Page' is clickable

2018-12-07 10:42:55 - [TEST_STEP][PASSED] - click: Object: 'Object Repository/Final Object Repo/New Registration - Registration Module Pages/Third Screen - Upload Supporting Doc- Preview/Save n Continue in SIP Employee Listing Page' is clicked on

2018-12-07 10:43:00 - [MESSAGE][PASSED] - Object: 'Object Repository/Final Object Repo/New Registration - Registration Module Pages/Third Screen - Upload Supporting Doc- Preview/Save n Continue in SIP Employee Listing Page' is clicked on

2018-12-07 10:43:00 - [TEST_STEP][PASSED] - delay: Delayed 7 second(s)

2018-12-07 10:43:07 - [MESSAGE][PASSED] - Delayed 7 second(s)

2018-12-07 10:43:07 - [TEST_STEP][PASSED] - click: Object: 'Object Repository/Final Object Repo/New Registration - Registration Module Pages/Third Screen - Upload Supporting Doc- Preview/Add Document Button' is clicked on

2018-12-07 10:43:07 - [MESSAGE][PASSED] - Object: 'Object Repository/Final Object Repo/New Registration - Registration Module Pages/Third Screen - Upload Supporting Doc- Preview/Add Document Button' is clicked on

2018-12-07 10:43:07 - [TEST_STEP][PASSED] - delay: Delayed 30 second(s)

2018-12-07 10:43:37 - [MESSAGE][PASSED] - Delayed 30 second(s)

2018-12-07 10:43:37 - [TEST_STEP][PASSED] - click: Object: 'Object Repository/Final Object Repo/New Registration - Registration Module Pages/Third Screen - Upload Supporting Doc- Preview/Supporting Doc Please Select Drop Down' is clicked on

2018-12-07 10:43:38 - [MESSAGE][PASSED] - Object: 'Object Repository/Final Object Repo/New Registration - Registration Module Pages/Third Screen - Upload Supporting Doc- Preview/Supporting Doc Please Select Drop Down' is clicked on

2018-12-07 10:43:38 - [TEST_STEP][PASSED] - delay: Delayed 2 second(s)

2018-12-07 10:43:40 - [MESSAGE][PASSED] - Delayed 2 second(s)

2018-12-07 10:43:40 - [TEST_STEP][PASSED] - click: Object: 'Object Repository/Final Object Repo/New Registration - Registration Module Pages/Third Screen - Upload Supporting Doc- Preview/Select to Upload Form 1' is clicked on

2018-12-07 10:43:40 - [MESSAGE][PASSED] - Object: 'Object Repository/Final Object Repo/New Registration - Registration Module Pages/Third Screen - Upload Supporting Doc- Preview/Select to Upload Form 1' is clicked on

2018-12-07 10:43:40 - [TEST_STEP][PASSED] - delay: Delayed 2 second(s)

2018-12-07 10:43:42 - [MESSAGE][PASSED] - Delayed 2 second(s)

2018-12-07 10:43:42 - [TEST_STEP][PASSED] - uploadFile: File 'C:\Users\Public\Pictures\Sample Pictures\Koala.jpg' sent to object: 'Object Repository/Final Object Repo/New Registration - Registration Module Pages/Third Screen - Upload Supporting Doc- Preview/Upload File Adding'

2018-12-07 10:43:42 - [MESSAGE][PASSED] - File 'C:\Users\Public\Pictures\Sample Pictures\Koala.jpg' sent to object: 'Object Repository/Final Object Repo/New Registration - Registration Module Pages/Third Screen - Upload Supporting Doc- Preview/Upload File Adding'

2018-12-07 10:43:42 - [TEST_STEP][PASSED] - delay: Delayed 5 second(s)

2018-12-07 10:43:47 - [MESSAGE][PASSED] - Delayed 5 second(s)

2018-12-07 10:43:47 - [TEST_STEP][PASSED] - click: Object: 'Object Repository/Final Object Repo/New Registration - Registration Module Pages/Third Screen - Upload Supporting Doc- Preview/Inner Form Add Document Button' is clicked on

2018-12-07 10:43:47 - [MESSAGE][PASSED] - Object: 'Object Repository/Final Object Repo/New Registration - Registration Module Pages/Third Screen - Upload Supporting Doc- Preview/Inner Form Add Document Button' is clicked on

2018-12-07 10:43:47 - [TEST_STEP][PASSED] - delay: Delayed 3 second(s)

2018-12-07 10:43:50 - [MESSAGE][PASSED] - Delayed 3 second(s)

2018-12-07 10:43:50 - [TEST_STEP][PASSED] - click: Object: 'Object Repository/Final Object Repo/New Registration - Registration Module Pages/Third Screen - Upload Supporting Doc- Preview/Add Document Button' is clicked on

2018-12-07 10:43:52 - [MESSAGE][PASSED] - Object: 'Object Repository/Final Object Repo/New Registration - Registration Module Pages/Third Screen - Upload Supporting Doc- Preview/Add Document Button' is clicked on

2018-12-07 10:43:52 - [TEST_STEP][PASSED] - delay: Delayed 30 second(s)

2018-12-07 10:44:22 - [MESSAGE][PASSED] - Delayed 30 second(s)

2018-12-07 10:44:22 - [TEST_STEP][PASSED] - click: Object: 'Object Repository/Final Object Repo/New Registration - Registration Module Pages/Third Screen - Upload Supporting Doc- Preview/Supporting Doc Please Select Drop Down' is clicked on

2018-12-07 10:44:22 - [MESSAGE][PASSED] - Object: 'Object Repository/Final Object Repo/New Registration - Registration Module Pages/Third Screen - Upload Supporting Doc- Preview/Supporting Doc Please Select Drop Down' is clicked on

2018-12-07 10:44:22 - [TEST_STEP][PASSED] - delay: Delayed 2 second(s)

2018-12-07 10:44:24 - [MESSAGE][PASSED] - Delayed 2 second(s)

2018-12-07 10:44:24 - [TEST_STEP][PASSED] - click: Object: 'Object Repository/Final Object Repo/New Registration - Registration Module Pages/Third Screen - Upload Supporting Doc- Preview/Select to Upload Form 2' is clicked on

2018-12-07 10:44:24 - [MESSAGE][PASSED] - Object: 'Object Repository/Final Object Repo/New Registration - Registration Module Pages/Third Screen - Upload Supporting Doc- Preview/Select to Upload Form 2' is clicked on

2018-12-07 10:44:24 - [TEST_STEP][PASSED] - delay: Delayed 2 second(s)

2018-12-07 10:44:26 - [MESSAGE][PASSED] - Delayed 2 second(s)

2018-12-07 10:44:26 - [TEST_STEP][PASSED] - uploadFile: File 'C:\Users\Public\Pictures\Sample Pictures\Koala.jpg' sent to object: 'Object Repository/Final Object Repo/New Registration - Registration Module Pages/Third Screen - Upload Supporting Doc- Preview/Upload File Adding'

2018-12-07 10:44:26 - [MESSAGE][PASSED] - File 'C:\Users\Public\Pictures\Sample Pictures\Koala.jpg' sent to object: 'Object Repository/Final Object Repo/New Registration - Registration Module Pages/Third Screen - Upload Supporting Doc- Preview/Upload File Adding'

2018-12-07 10:44:26 - [TEST_STEP][PASSED] - click: Object: 'Object Repository/Final Object Repo/New Registration - Registration Module Pages/Third Screen - Upload Supporting Doc- Preview/Inner Form Add Document Button' is clicked on

2018-12-07 10:44:26 - [MESSAGE][PASSED] - Object: 'Object Repository/Final Object Repo/New Registration - Registration Module Pages/Third Screen - Upload Supporting Doc- Preview/Inner Form Add Document Button' is clicked on

2018-12-07 10:44:26 - [TEST_STEP][PASSED] - delay: Delayed 5 second(s)

2018-12-07 10:44:31 - [MESSAGE][PASSED] - Delayed 5 second(s)

2018-12-07 10:44:31 - [TEST_STEP][PASSED] - click: Object: 'Object Repository/Final Object Repo/New Registration - Registration Module Pages/Third Screen - Upload Supporting Doc- Preview/Add Document Button' is clicked on

2018-12-07 10:44:32 - [MESSAGE][PASSED] - Object: 'Object Repository/Final Object Repo/New Registration - Registration Module Pages/Third Screen - Upload Supporting Doc- Preview/Add Document Button' is clicked on

2018-12-07 10:44:32 - [TEST_STEP][PASSED] - delay: Delayed 30 second(s)

2018-12-07 10:45:02 - [MESSAGE][PASSED] - Delayed 30 second(s)

2018-12-07 10:45:02 - [TEST_STEP][PASSED] - click: Object: 'Object Repository/Final Object Repo/New Registration - Registration Module Pages/Third Screen - Upload Supporting Doc- Preview/Supporting Doc Please Select Drop Down' is clicked on

2018-12-07 10:45:02 - [MESSAGE][PASSED] - Object: 'Object Repository/Final Object Repo/New Registration - Registration Module Pages/Third Screen - Upload Supporting Doc- Preview/Supporting Doc Please Select Drop Down' is clicked on

2018-12-07 10:45:02 - [TEST_STEP][PASSED] - click: Object: 'Object Repository/Final Object Repo/New Registration - Registration Module Pages/Third Screen - Upload Supporting Doc- Preview/Select to Upload Borang SIP 1' is clicked on

2018-12-07 10:45:02 - [MESSAGE][PASSED] - Object: 'Object Repository/Final Object Repo/New Registration - Registration Module Pages/Third Screen - Upload Supporting Doc- Preview/Select to Upload Borang SIP 1' is clicked on

2018-12-07 10:45:02 - [TEST_STEP][PASSED] - delay: Delayed 2 second(s)

2018-12-07 10:45:04 - [MESSAGE][PASSED] - Delayed 2 second(s)

2018-12-07 10:45:04 - [TEST_STEP][PASSED] - uploadFile: File 'C:\Users\Public\Pictures\Sample Pictures\Koala.jpg' sent to object: 'Object Repository/Final Object Repo/New Registration - Registration Module Pages/Third Screen - Upload Supporting Doc- Preview/Upload File Adding'

2018-12-07 10:45:04 - [MESSAGE][PASSED] - File 'C:\Users\Public\Pictures\Sample Pictures\Koala.jpg' sent to object: 'Object Repository/Final Object Repo/New Registration - Registration Module Pages/Third Screen - Upload Supporting Doc- Preview/Upload File Adding'

2018-12-07 10:45:04 - [TEST_STEP][PASSED] - click: Object: 'Object Repository/Final Object Repo/New Registration - Registration Module Pages/Third Screen - Upload Supporting Doc- Preview/Inner Form Add Document Button' is clicked on

2018-12-07 10:45:04 - [MESSAGE][PASSED] - Object: 'Object Repository/Final Object Repo/New Registration - Registration Module Pages/Third Screen - Upload Supporting Doc- Preview/Inner Form Add Document Button' is clicked on

2018-12-07 10:45:04 - [TEST_STEP][PASSED] - delay: Delayed 5 second(s)

2018-12-07 10:45:09 - [MESSAGE][PASSED] - Delayed 5 second(s)

2018-12-07 10:45:09 - [TEST_STEP][PASSED] - click: Object: 'Object Repository/Final Object Repo/New Registration - Registration Module Pages/Third Screen - Upload Supporting Doc- Preview/Add Document Button' is clicked on

2018-12-07 10:45:10 - [MESSAGE][PASSED] - Object: 'Object Repository/Final Object Repo/New Registration - Registration Module Pages/Third Screen - Upload Supporting Doc- Preview/Add Document Button' is clicked on

2018-12-07 10:45:10 - [TEST_STEP][PASSED] - delay: Delayed 30 second(s)

2018-12-07 10:45:40 - [MESSAGE][PASSED] - Delayed 30 second(s)

2018-12-07 10:45:40 - [TEST_STEP][PASSED] - click: Object: 'Object Repository/Final Object Repo/New Registration - Registration Module Pages/Third Screen - Upload Supporting Doc- Preview/Supporting Doc Please Select Drop Down' is clicked on

2018-12-07 10:45:40 - [MESSAGE][PASSED] - Object: 'Object Repository/Final Object Repo/New Registration - Registration Module Pages/Third Screen - Upload Supporting Doc- Preview/Supporting Doc Please Select Drop Down' is clicked on

2018-12-07 10:45:40 - [TEST_STEP][PASSED] - delay: Delayed 3 second(s)

2018-12-07 10:45:43 - [MESSAGE][PASSED] - Delayed 3 second(s)

2018-12-07 10:45:43 - [TEST_STEP][PASSED] - click: Object: 'Object Repository/Final Object Repo/New Registration - Registration Module Pages/Third Screen - Upload Supporting Doc- Preview/Select to Upload Borang SIP 2' is clicked on

2018-12-07 10:45:43 - [MESSAGE][PASSED] - Object: 'Object Repository/Final Object Repo/New Registration - Registration Module Pages/Third Screen - Upload Supporting Doc- Preview/Select to Upload Borang SIP 2' is clicked on

2018-12-07 10:45:43 - [TEST_STEP][PASSED] - delay: Delayed 2 second(s)

2018-12-07 10:45:45 - [MESSAGE][PASSED] - Delayed 2 second(s)

2018-12-07 10:45:45 - [TEST_STEP][PASSED] - uploadFile: File 'C:\Users\Public\Pictures\Sample Pictures\Koala.jpg' sent to object: 'Object Repository/Final Object Repo/New Registration - Registration Module Pages/Third Screen - Upload Supporting Doc- Preview/Upload File Adding'

2018-12-07 10:45:45 - [MESSAGE][PASSED] - File 'C:\Users\Public\Pictures\Sample Pictures\Koala.jpg' sent to object: 'Object Repository/Final Object Repo/New Registration - Registration Module Pages/Third Screen - Upload Supporting Doc- Preview/Upload File Adding'

2018-12-07 10:45:45 - [TEST_STEP][PASSED] - delay: Delayed 5 second(s)

2018-12-07 10:45:50 - [MESSAGE][PASSED] - Delayed 5 second(s)

2018-12-07 10:45:50 - [TEST_STEP][PASSED] - click: Object: 'Object Repository/Final Object Repo/New Registration - Registration Module Pages/Third Screen - Upload Supporting Doc- Preview/Inner Form Add Document Button' is clicked on

2018-12-07 10:45:50 - [MESSAGE][PASSED] - Object: 'Object Repository/Final Object Repo/New Registration - Registration Module Pages/Third Screen - Upload Supporting Doc- Preview/Inner Form Add Document Button' is clicked on

2018-12-07 10:45:50 - [TEST_STEP][PASSED] - delay: Delayed 3 second(s)

2018-12-07 10:45:53 - [MESSAGE][PASSED] - Delayed 3 second(s)

2018-12-07 10:45:53 - [TEST_STEP][PASSED] - waitForElementClickable: Object 'Object Repository/Final Object Repo/New Registration - Registration Module Pages/Third Screen - Upload Supporting Doc- Preview/Save n Continue in Uploading Supporting Doc Page' is clickable

2018-12-07 10:45:54 - [MESSAGE][PASSED] - Object 'Object Repository/Final Object Repo/New Registration - Registration Module Pages/Third Screen - Upload Supporting Doc- Preview/Save n Continue in Uploading Supporting Doc Page' is clickable

2018-12-07 10:45:54 - [TEST_STEP][PASSED] - click: Object: 'Object Repository/Final Object Repo/New Registration - Registration Module Pages/Third Screen - Upload Supporting Doc- Preview/Save n Continue in Uploading Supporting Doc Page' is clicked on

2018-12-07 10:45:55 - [MESSAGE][PASSED] - Object: 'Object Repository/Final Object Repo/New Registration - Registration Module Pages/Third Screen - Upload Supporting Doc- Preview/Save n Continue in Uploading Supporting Doc Page' is clicked on

2018-12-07 10:45:55 - [MESSAGE][PASSED] - Call Test Case 'Test Cases/Final Aug 2018 - PKS Automation/Registration Module/New Registration/Flow of New Registration/Third Screen - Upload Supporting Doc - Preview' successfully

2018-12-07 10:45:55 - [TEST_STEP][PASSED] - callTestCase: Call Test Case 'Test Cases/Final Aug 2018 - PKS Automation/Registration Module/New Registration/Submit and Screenshot/Submit Registration and Screenshot - Copy' successfully

2018-12-07 10:45:55 - [TEST_CASE][PASSED] - Test Cases/Final Aug 2018 - PKS Automation/Registration Module/New Registration/Submit and Screenshot/Submit Registration and Screenshot - Copy: Test Cases/Final Aug 2018 - PKS Automation/Registration Module/New Registration/Submit and Screenshot/Submit Registration and Screenshot - Copy

2018-12-07 10:45:55 - [TEST_STEP][PASSED] - delay: Delayed 6 second(s)

2018-12-07 10:46:01 - [MESSAGE][PASSED] - Delayed 6 second(s)

2018-12-07 10:46:01 - [TEST_STEP][PASSED] - click: Object: 'Object Repository/Final Object Repo/New Registration - Registration Module Pages/Third Screen - Upload Supporting Doc- Preview/Preview Submit Button' is clicked on

2018-12-07 10:46:01 - [MESSAGE][PASSED] - Object: 'Object Repository/Final Object Repo/New Registration - Registration Module Pages/Third Screen - Upload Supporting Doc- Preview/Preview Submit Button' is clicked on

2018-12-07 10:46:01 - [TEST_STEP][PASSED] - delay: Delayed 2 second(s)

2018-12-07 10:46:03 - [MESSAGE][PASSED] - Delayed 2 second(s)

2018-12-07 10:46:03 - [TEST_STEP][PASSED] - click: Object: 'Object Repository/Final Object Repo/New Registration - Registration Module Pages/Third Screen - Upload Supporting Doc- Preview/Preview Submit - Confirm' is clicked on

2018-12-07 10:46:03 - [MESSAGE][PASSED] - Object: 'Object Repository/Final Object Repo/New Registration - Registration Module Pages/Third Screen - Upload Supporting Doc- Preview/Preview Submit - Confirm' is clicked on

2018-12-07 10:46:03 - [TEST_STEP][PASSED] - delay: Delayed 15 second(s)

2018-12-07 10:46:18 - [MESSAGE][PASSED] - Delayed 15 second(s)

2018-12-07 10:46:18 - [TEST_STEP][PASSED] - Statement - driver = com.kms.katalon.core.webui.driver.DriverFactory.getWebDriver(): null

2018-12-07 10:46:18 - [TEST_STEP][PASSED] - Statement - driver.manage().timeouts().implicitlyWait(10, SECONDS): null

2018-12-07 10:46:18 - [TEST_STEP][PASSED] - Statement - PresavePath = KatalonScreenshots: null

2018-12-07 10:46:18 - [TEST_STEP][PASSED] - Statement - pathPrefix = "C:\Users\Public\Pictures\Sample Pictures\Katalon Screenshots\Automate Ending Screen": null

2018-12-07 10:46:18 - [TEST_STEP][PASSED] - Statement - finalPath = <not implemented yet for class: org.codehaus.groovy.ast.expr.EmptyExpression>: null

2018-12-07 10:46:18 - [TEST_STEP][PASSED] - Statement - scrFile = driver.getScreenshotAs(FILE): null

2018-12-07 10:46:18 - [TEST_STEP][PASSED] - Statement - PreSaveFile = new java.io.File(PresavePath): null

2018-12-07 10:46:18 - [TEST_STEP][PASSED] - Statement - counter = 0: null

2018-12-07 10:46:18 - [TEST_STEP][PASSED] - Statement - If (PreSaveFile.exists()): null

2018-12-07 10:46:18 - [TEST_STEP][PASSED] - Statement - While (PreSaveFile.exists()): null

2018-12-07 10:46:18 - [TEST_STEP][PASSED] - Statement - counter = counter + 1: null

2018-12-07 10:46:18 - [TEST_STEP][PASSED] - Statement - PreSaveFile = new java.io.File(((pathPrefix + java.lang.Integer.toString(counter)) + .png)): null

2018-12-07 10:46:18 - [TEST_STEP][PASSED] - Statement - counter = counter + 1: null

2018-12-07 10:46:18 - [TEST_STEP][PASSED] - Statement - PreSaveFile = new java.io.File(((pathPrefix + java.lang.Integer.toString(counter)) + .png)): null

2018-12-07 10:46:18 - [TEST_STEP][PASSED] - Statement - counter = counter + 1: null

2018-12-07 10:46:18 - [TEST_STEP][PASSED] - Statement - PreSaveFile = new java.io.File(((pathPrefix + java.lang.Integer.toString(counter)) + .png)): null

2018-12-07 10:46:18 - [TEST_STEP][PASSED] - Statement - counter = counter + 1: null

2018-12-07 10:46:18 - [TEST_STEP][PASSED] - Statement - PreSaveFile = new java.io.File(((pathPrefix + java.lang.Integer.toString(counter)) + .png)): null

2018-12-07 10:46:18 - [TEST_STEP][PASSED] - Statement - counter = counter + 1: null

2018-12-07 10:46:18 - [TEST_STEP][PASSED] - Statement - PreSaveFile = new java.io.File(((pathPrefix + java.lang.Integer.toString(counter)) + .png)): null

2018-12-07 10:46:18 - [TEST_STEP][PASSED] - Statement - counter = counter + 1: null

2018-12-07 10:46:18 - [TEST_STEP][PASSED] - Statement - PreSaveFile = new java.io.File(((pathPrefix + java.lang.Integer.toString(counter)) + .png)): null

2018-12-07 10:46:18 - [TEST_STEP][PASSED] - Statement - counter = counter + 1: null

2018-12-07 10:46:18 - [TEST_STEP][PASSED] - Statement - PreSaveFile = new java.io.File(((pathPrefix + java.lang.Integer.toString(counter)) + .png)): null

2018-12-07 10:46:18 - [TEST_STEP][PASSED] - Statement - counter = counter + 1: null

2018-12-07 10:46:18 - [TEST_STEP][PASSED] - Statement - PreSaveFile = new java.io.File(((pathPrefix + java.lang.Integer.toString(counter)) + .png)): null

2018-12-07 10:46:18 - [TEST_STEP][PASSED] - Statement - counter = counter + 1: null

2018-12-07 10:46:18 - [TEST_STEP][PASSED] - Statement - PreSaveFile = new java.io.File(((pathPrefix + java.lang.Integer.toString(counter)) + .png)): null

2018-12-07 10:46:18 - [TEST_STEP][PASSED] - Statement - counter = counter + 1: null

2018-12-07 10:46:18 - [TEST_STEP][PASSED] - Statement - PreSaveFile = new java.io.File(((pathPrefix + java.lang.Integer.toString(counter)) + .png)): null

2018-12-07 10:46:18 - [TEST_STEP][PASSED] - Statement - counter = counter + 1: null

2018-12-07 10:46:18 - [TEST_STEP][PASSED] - Statement - PreSaveFile = new java.io.File(((pathPrefix + java.lang.Integer.toString(counter)) + .png)): null

2018-12-07 10:46:18 - [TEST_STEP][PASSED] - Statement - counter = counter + 1: null

2018-12-07 10:46:18 - [TEST_STEP][PASSED] - Statement - PreSaveFile = new java.io.File(((pathPrefix + java.lang.Integer.toString(counter)) + .png)): null

2018-12-07 10:46:18 - [TEST_STEP][PASSED] - Statement - counter = counter + 1: null

2018-12-07 10:46:18 - [TEST_STEP][PASSED] - Statement - PreSaveFile = new java.io.File(((pathPrefix + java.lang.Integer.toString(counter)) + .png)): null

2018-12-07 10:46:18 - [TEST_STEP][PASSED] - Statement - counter = counter + 1: null

2018-12-07 10:46:18 - [TEST_STEP][PASSED] - Statement - PreSaveFile = new java.io.File(((pathPrefix + java.lang.Integer.toString(counter)) + .png)): null

2018-12-07 10:46:18 - [TEST_STEP][PASSED] - Statement - counter = counter + 1: null

2018-12-07 10:46:18 - [TEST_STEP][PASSED] - Statement - PreSaveFile = new java.io.File(((pathPrefix + java.lang.Integer.toString(counter)) + .png)): null

2018-12-07 10:46:18 - [TEST_STEP][PASSED] - Statement - counter = counter + 1: null

2018-12-07 10:46:18 - [TEST_STEP][PASSED] - Statement - PreSaveFile = new java.io.File(((pathPrefix + java.lang.Integer.toString(counter)) + .png)): null

2018-12-07 10:46:18 - [TEST_STEP][PASSED] - Statement - counter = counter + 1: null

2018-12-07 10:46:18 - [TEST_STEP][PASSED] - Statement - PreSaveFile = new java.io.File(((pathPrefix + java.lang.Integer.toString(counter)) + .png)): null

2018-12-07 10:46:18 - [TEST_STEP][PASSED] - Statement - counter = counter + 1: null

2018-12-07 10:46:18 - [TEST_STEP][PASSED] - Statement - PreSaveFile = new java.io.File(((pathPrefix + java.lang.Integer.toString(counter)) + .png)): null

2018-12-07 10:46:19 - [TEST_STEP][PASSED] - Statement - counter = counter + 1: null

2018-12-07 10:46:19 - [TEST_STEP][PASSED] - Statement - PreSaveFile = new java.io.File(((pathPrefix + java.lang.Integer.toString(counter)) + .png)): null

2018-12-07 10:46:19 - [TEST_STEP][PASSED] - Statement - counter = counter + 1: null

2018-12-07 10:46:19 - [TEST_STEP][PASSED] - Statement - PreSaveFile = new java.io.File(((pathPrefix + java.lang.Integer.toString(counter)) + .png)): null

2018-12-07 10:46:19 - [TEST_STEP][PASSED] - Statement - counter = counter + 1: null

2018-12-07 10:46:19 - [TEST_STEP][PASSED] - Statement - PreSaveFile = new java.io.File(((pathPrefix + java.lang.Integer.toString(counter)) + .png)): null

2018-12-07 10:46:19 - [TEST_STEP][PASSED] - Statement - counter = counter + 1: null

2018-12-07 10:46:19 - [TEST_STEP][PASSED] - Statement - PreSaveFile = new java.io.File(((pathPrefix + java.lang.Integer.toString(counter)) + .png)): null

2018-12-07 10:46:19 - [TEST_STEP][PASSED] - Statement - counter = counter + 1: null

2018-12-07 10:46:19 - [TEST_STEP][PASSED] - Statement - PreSaveFile = new java.io.File(((pathPrefix + java.lang.Integer.toString(counter)) + .png)): null

2018-12-07 10:46:19 - [TEST_STEP][PASSED] - Statement - counter = counter + 1: null

2018-12-07 10:46:19 - [TEST_STEP][PASSED] - Statement - PreSaveFile = new java.io.File(((pathPrefix + java.lang.Integer.toString(counter)) + .png)): null

2018-12-07 10:46:19 - [TEST_STEP][PASSED] - Statement - counter = counter + 1: null

2018-12-07 10:46:19 - [TEST_STEP][PASSED] - Statement - PreSaveFile = new java.io.File(((pathPrefix + java.lang.Integer.toString(counter)) + .png)): null

2018-12-07 10:46:19 - [TEST_STEP][PASSED] - Statement - counter = counter + 1: null

2018-12-07 10:46:19 - [TEST_STEP][PASSED] - Statement - PreSaveFile = new java.io.File(((pathPrefix + java.lang.Integer.toString(counter)) + .png)): null

2018-12-07 10:46:19 - [TEST_STEP][PASSED] - Statement - counter = counter + 1: null

2018-12-07 10:46:19 - [TEST_STEP][PASSED] - Statement - PreSaveFile = new java.io.File(((pathPrefix + java.lang.Integer.toString(counter)) + .png)): null

2018-12-07 10:46:19 - [TEST_STEP][PASSED] - Statement - counter = counter + 1: null

2018-12-07 10:46:19 - [TEST_STEP][PASSED] - Statement - PreSaveFile = new java.io.File(((pathPrefix + java.lang.Integer.toString(counter)) + .png)): null

2018-12-07 10:46:19 - [TEST_STEP][PASSED] - Statement - counter = counter + 1: null

2018-12-07 10:46:19 - [TEST_STEP][PASSED] - Statement - PreSaveFile = new java.io.File(((pathPrefix + java.lang.Integer.toString(counter)) + .png)): null

2018-12-07 10:46:19 - [TEST_STEP][PASSED] - Statement - counter = counter + 1: null

2018-12-07 10:46:19 - [TEST_STEP][PASSED] - Statement - PreSaveFile = new java.io.File(((pathPrefix + java.lang.Integer.toString(counter)) + .png)): null

2018-12-07 10:46:19 - [TEST_STEP][PASSED] - Statement - counter = counter + 1: null

2018-12-07 10:46:19 - [TEST_STEP][PASSED] - Statement - PreSaveFile = new java.io.File(((pathPrefix + java.lang.Integer.toString(counter)) + .png)): null

2018-12-07 10:46:19 - [TEST_STEP][PASSED] - Statement - counter = counter + 1: null

2018-12-07 10:46:19 - [TEST_STEP][PASSED] - Statement - PreSaveFile = new java.io.File(((pathPrefix + java.lang.Integer.toString(counter)) + .png)): null

2018-12-07 10:46:19 - [TEST_STEP][PASSED] - Statement - counter = counter + 1: null

2018-12-07 10:46:19 - [TEST_STEP][PASSED] - Statement - PreSaveFile = new java.io.File(((pathPrefix + java.lang.Integer.toString(counter)) + .png)): null

2018-12-07 10:46:19 - [TEST_STEP][PASSED] - Statement - counter = counter + 1: null

2018-12-07 10:46:20 - [TEST_STEP][PASSED] - Statement - PreSaveFile = new java.io.File(((pathPrefix + java.lang.Integer.toString(counter)) + .png)): null

2018-12-07 10:46:20 - [TEST_STEP][PASSED] - Statement - counter = counter + 1: null

2018-12-07 10:46:20 - [TEST_STEP][PASSED] - Statement - PreSaveFile = new java.io.File(((pathPrefix + java.lang.Integer.toString(counter)) + .png)): null

2018-12-07 10:46:20 - [TEST_STEP][PASSED] - Statement - counter = counter + 1: null

2018-12-07 10:46:20 - [TEST_STEP][PASSED] - Statement - PreSaveFile = new java.io.File(((pathPrefix + java.lang.Integer.toString(counter)) + .png)): null

2018-12-07 10:46:20 - [TEST_STEP][PASSED] - Statement - counter = counter + 1: null

2018-12-07 10:46:20 - [TEST_STEP][PASSED] - Statement - PreSaveFile = new java.io.File(((pathPrefix + java.lang.Integer.toString(counter)) + .png)): null

2018-12-07 10:46:20 - [TEST_STEP][PASSED] - Statement - counter = counter + 1: null

2018-12-07 10:46:20 - [TEST_STEP][PASSED] - Statement - PreSaveFile = new java.io.File(((pathPrefix + java.lang.Integer.toString(counter)) + .png)): null

2018-12-07 10:46:20 - [TEST_STEP][PASSED] - Statement - counter = counter + 1: null

2018-12-07 10:46:20 - [TEST_STEP][PASSED] - Statement - PreSaveFile = new java.io.File(((pathPrefix + java.lang.Integer.toString(counter)) + .png)): null

2018-12-07 10:46:20 - [TEST_STEP][PASSED] - Statement - counter = counter + 1: null

2018-12-07 10:46:20 - [TEST_STEP][PASSED] - Statement - PreSaveFile = new java.io.File(((pathPrefix + java.lang.Integer.toString(counter)) + .png)): null

2018-12-07 10:46:20 - [TEST_STEP][PASSED] - Statement - counter = counter + 1: null

2018-12-07 10:46:20 - [TEST_STEP][PASSED] - Statement - PreSaveFile = new java.io.File(((pathPrefix + java.lang.Integer.toString(counter)) + .png)): null

2018-12-07 10:46:20 - [TEST_STEP][PASSED] - Statement - counter = counter + 1: null

2018-12-07 10:46:20 - [TEST_STEP][PASSED] - Statement - PreSaveFile = new java.io.File(((pathPrefix + java.lang.Integer.toString(counter)) + .png)): null

2018-12-07 10:46:20 - [TEST_STEP][PASSED] - Statement - counter = counter + 1: null

2018-12-07 10:46:20 - [TEST_STEP][PASSED] - Statement - PreSaveFile = new java.io.File(((pathPrefix + java.lang.Integer.toString(counter)) + .png)): null

2018-12-07 10:46:20 - [TEST_STEP][PASSED] - Statement - counter = counter + 1: null

2018-12-07 10:46:20 - [TEST_STEP][PASSED] - Statement - PreSaveFile = new java.io.File(((pathPrefix + java.lang.Integer.toString(counter)) + .png)): null

2018-12-07 10:46:20 - [TEST_STEP][PASSED] - Statement - counter = counter + 1: null

2018-12-07 10:46:20 - [TEST_STEP][PASSED] - Statement - PreSaveFile = new java.io.File(((pathPrefix + java.lang.Integer.toString(counter)) + .png)): null

2018-12-07 10:46:20 - [TEST_STEP][PASSED] - Statement - counter = counter + 1: null

2018-12-07 10:46:20 - [TEST_STEP][PASSED] - Statement - PreSaveFile = new java.io.File(((pathPrefix + java.lang.Integer.toString(counter)) + .png)): null

2018-12-07 10:46:20 - [TEST_STEP][PASSED] - Statement - counter = counter + 1: null

2018-12-07 10:46:20 - [TEST_STEP][PASSED] - Statement - PreSaveFile = new java.io.File(((pathPrefix + java.lang.Integer.toString(counter)) + .png)): null

2018-12-07 10:46:20 - [TEST_STEP][PASSED] - Statement - counter = counter + 1: null

2018-12-07 10:46:20 - [TEST_STEP][PASSED] - Statement - PreSaveFile = new java.io.File(((pathPrefix + java.lang.Integer.toString(counter)) + .png)): null

2018-12-07 10:46:21 - [TEST_STEP][PASSED] - Statement - counter = counter + 1: null

2018-12-07 10:46:21 - [TEST_STEP][PASSED] - Statement - PreSaveFile = new java.io.File(((pathPrefix + java.lang.Integer.toString(counter)) + .png)): null

2018-12-07 10:46:21 - [TEST_STEP][PASSED] - Statement - counter = counter + 1: null

2018-12-07 10:46:21 - [TEST_STEP][PASSED] - Statement - PreSaveFile = new java.io.File(((pathPrefix + java.lang.Integer.toString(counter)) + .png)): null

2018-12-07 10:46:21 - [TEST_STEP][PASSED] - Statement - counter = counter + 1: null

2018-12-07 10:46:21 - [TEST_STEP][PASSED] - Statement - PreSaveFile = new java.io.File(((pathPrefix + java.lang.Integer.toString(counter)) + .png)): null

2018-12-07 10:46:21 - [TEST_STEP][PASSED] - Statement - counter = counter + 1: null

2018-12-07 10:46:21 - [TEST_STEP][PASSED] - Statement - PreSaveFile = new java.io.File(((pathPrefix + java.lang.Integer.toString(counter)) + .png)): null

2018-12-07 10:46:21 - [TEST_STEP][PASSED] - Statement - counter = counter + 1: null

2018-12-07 10:46:21 - [TEST_STEP][PASSED] - Statement - PreSaveFile = new java.io.File(((pathPrefix + java.lang.Integer.toString(counter)) + .png)): null

2018-12-07 10:46:21 - [TEST_STEP][PASSED] - Statement - counter = counter + 1: null

2018-12-07 10:46:21 - [TEST_STEP][PASSED] - Statement - PreSaveFile = new java.io.File(((pathPrefix + java.lang.Integer.toString(counter)) + .png)): null

2018-12-07 10:46:21 - [TEST_STEP][PASSED] - Statement - counter = counter + 1: null

2018-12-07 10:46:21 - [TEST_STEP][PASSED] - Statement - PreSaveFile = new java.io.File(((pathPrefix + java.lang.Integer.toString(counter)) + .png)): null

2018-12-07 10:46:21 - [TEST_STEP][PASSED] - Statement - counter = counter + 1: null

2018-12-07 10:46:21 - [TEST_STEP][PASSED] - Statement - PreSaveFile = new java.io.File(((pathPrefix + java.lang.Integer.toString(counter)) + .png)): null

2018-12-07 10:46:21 - [TEST_STEP][PASSED] - Statement - counter = counter + 1: null

2018-12-07 10:46:21 - [TEST_STEP][PASSED] - Statement - PreSaveFile = new java.io.File(((pathPrefix + java.lang.Integer.toString(counter)) + .png)): null

2018-12-07 10:46:21 - [TEST_STEP][PASSED] - Statement - counter = counter + 1: null

2018-12-07 10:46:21 - [TEST_STEP][PASSED] - Statement - PreSaveFile = new java.io.File(((pathPrefix + java.lang.Integer.toString(counter)) + .png)): null

2018-12-07 10:46:21 - [TEST_STEP][PASSED] - Statement - counter = counter + 1: null

2018-12-07 10:46:21 - [TEST_STEP][PASSED] - Statement - PreSaveFile = new java.io.File(((pathPrefix + java.lang.Integer.toString(counter)) + .png)): null

2018-12-07 10:46:21 - [TEST_STEP][PASSED] - Statement - counter = counter + 1: null

2018-12-07 10:46:21 - [TEST_STEP][PASSED] - Statement - PreSaveFile = new java.io.File(((pathPrefix + java.lang.Integer.toString(counter)) + .png)): null

2018-12-07 10:46:21 - [TEST_STEP][PASSED] - Statement - counter = counter + 1: null

2018-12-07 10:46:21 - [TEST_STEP][PASSED] - Statement - PreSaveFile = new java.io.File(((pathPrefix + java.lang.Integer.toString(counter)) + .png)): null

2018-12-07 10:46:21 - [TEST_STEP][PASSED] - Statement - counter = counter + 1: null

2018-12-07 10:46:21 - [TEST_STEP][PASSED] - Statement - PreSaveFile = new java.io.File(((pathPrefix + java.lang.Integer.toString(counter)) + .png)): null

2018-12-07 10:46:21 - [TEST_STEP][PASSED] - Statement - counter = counter + 1: null

2018-12-07 10:46:22 - [TEST_STEP][PASSED] - Statement - PreSaveFile = new java.io.File(((pathPrefix + java.lang.Integer.toString(counter)) + .png)): null

2018-12-07 10:46:22 - [TEST_STEP][PASSED] - Statement - counter = counter + 1: null

2018-12-07 10:46:22 - [TEST_STEP][PASSED] - Statement - PreSaveFile = new java.io.File(((pathPrefix + java.lang.Integer.toString(counter)) + .png)): null

2018-12-07 10:46:22 - [TEST_STEP][PASSED] - Statement - counter = counter + 1: null

2018-12-07 10:46:22 - [TEST_STEP][PASSED] - Statement - PreSaveFile = new java.io.File(((pathPrefix + java.lang.Integer.toString(counter)) + .png)): null

2018-12-07 10:46:22 - [TEST_STEP][PASSED] - Statement - counter = counter + 1: null

2018-12-07 10:46:22 - [TEST_STEP][PASSED] - Statement - PreSaveFile = new java.io.File(((pathPrefix + java.lang.Integer.toString(counter)) + .png)): null

2018-12-07 10:46:22 - [TEST_STEP][PASSED] - Statement - counter = counter + 1: null

2018-12-07 10:46:22 - [TEST_STEP][PASSED] - Statement - PreSaveFile = new java.io.File(((pathPrefix + java.lang.Integer.toString(counter)) + .png)): null

2018-12-07 10:46:22 - [TEST_STEP][PASSED] - Statement - counter = counter + 1: null

2018-12-07 10:46:22 - [TEST_STEP][PASSED] - Statement - PreSaveFile = new java.io.File(((pathPrefix + java.lang.Integer.toString(counter)) + .png)): null

2018-12-07 10:46:22 - [TEST_STEP][PASSED] - Statement - counter = counter + 1: null

2018-12-07 10:46:22 - [TEST_STEP][PASSED] - Statement - PreSaveFile = new java.io.File(((pathPrefix + java.lang.Integer.toString(counter)) + .png)): null

2018-12-07 10:46:22 - [TEST_STEP][PASSED] - Statement - counter = counter + 1: null

2018-12-07 10:46:22 - [TEST_STEP][PASSED] - Statement - PreSaveFile = new java.io.File(((pathPrefix + java.lang.Integer.toString(counter)) + .png)): null

2018-12-07 10:46:22 - [TEST_STEP][PASSED] - Statement - counter = counter + 1: null

2018-12-07 10:46:22 - [TEST_STEP][PASSED] - Statement - PreSaveFile = new java.io.File(((pathPrefix + java.lang.Integer.toString(counter)) + .png)): null

2018-12-07 10:46:22 - [TEST_STEP][PASSED] - Statement - counter = counter + 1: null

2018-12-07 10:46:22 - [TEST_STEP][PASSED] - Statement - PreSaveFile = new java.io.File(((pathPrefix + java.lang.Integer.toString(counter)) + .png)): null

2018-12-07 10:46:22 - [TEST_STEP][PASSED] - Statement - counter = counter + 1: null

2018-12-07 10:46:22 - [TEST_STEP][PASSED] - Statement - PreSaveFile = new java.io.File(((pathPrefix + java.lang.Integer.toString(counter)) + .png)): null

2018-12-07 10:46:22 - [TEST_STEP][PASSED] - Statement - counter = counter + 1: null

2018-12-07 10:46:22 - [TEST_STEP][PASSED] - Statement - PreSaveFile = new java.io.File(((pathPrefix + java.lang.Integer.toString(counter)) + .png)): null

2018-12-07 10:46:22 - [TEST_STEP][PASSED] - Statement - counter = counter + 1: null

2018-12-07 10:46:22 - [TEST_STEP][PASSED] - Statement - PreSaveFile = new java.io.File(((pathPrefix + java.lang.Integer.toString(counter)) + .png)): null

2018-12-07 10:46:22 - [TEST_STEP][PASSED] - Statement - counter = counter + 1: null

2018-12-07 10:46:22 - [TEST_STEP][PASSED] - Statement - PreSaveFile = new java.io.File(((pathPrefix + java.lang.Integer.toString(counter)) + .png)): null

2018-12-07 10:46:22 - [TEST_STEP][PASSED] - Statement - counter = counter + 1: null

2018-12-07 10:46:23 - [TEST_STEP][PASSED] - Statement - PreSaveFile = new java.io.File(((pathPrefix + java.lang.Integer.toString(counter)) + .png)): null

2018-12-07 10:46:23 - [TEST_STEP][PASSED] - Statement - counter = counter + 1: null

2018-12-07 10:46:23 - [TEST_STEP][PASSED] - Statement - PreSaveFile = new java.io.File(((pathPrefix + java.lang.Integer.toString(counter)) + .png)): null

2018-12-07 10:46:23 - [TEST_STEP][PASSED] - Statement - counter = counter + 1: null

2018-12-07 10:46:23 - [TEST_STEP][PASSED] - Statement - PreSaveFile = new java.io.File(((pathPrefix + java.lang.Integer.toString(counter)) + .png)): null

2018-12-07 10:46:23 - [TEST_STEP][PASSED] - Statement - counter = counter + 1: null

2018-12-07 10:46:23 - [TEST_STEP][PASSED] - Statement - PreSaveFile = new java.io.File(((pathPrefix + java.lang.Integer.toString(counter)) + .png)): null

2018-12-07 10:46:23 - [TEST_STEP][PASSED] - Statement - counter = counter + 1: null

2018-12-07 10:46:23 - [TEST_STEP][PASSED] - Statement - PreSaveFile = new java.io.File(((pathPrefix + java.lang.Integer.toString(counter)) + .png)): null

2018-12-07 10:46:23 - [TEST_STEP][PASSED] - Statement - counter = counter + 1: null

2018-12-07 10:46:23 - [TEST_STEP][PASSED] - Statement - PreSaveFile = new java.io.File(((pathPrefix + java.lang.Integer.toString(counter)) + .png)): null

2018-12-07 10:46:23 - [TEST_STEP][PASSED] - Statement - counter = counter + 1: null

2018-12-07 10:46:23 - [TEST_STEP][PASSED] - Statement - PreSaveFile = new java.io.File(((pathPrefix + java.lang.Integer.toString(counter)) + .png)): null

2018-12-07 10:46:23 - [TEST_STEP][PASSED] - Statement - counter = counter + 1: null

2018-12-07 10:46:23 - [TEST_STEP][PASSED] - Statement - PreSaveFile = new java.io.File(((pathPrefix + java.lang.Integer.toString(counter)) + .png)): null

2018-12-07 10:46:23 - [TEST_STEP][PASSED] - Statement - counter = counter + 1: null

2018-12-07 10:46:23 - [TEST_STEP][PASSED] - Statement - PreSaveFile = new java.io.File(((pathPrefix + java.lang.Integer.toString(counter)) + .png)): null

2018-12-07 10:46:23 - [TEST_STEP][PASSED] - Statement - counter = counter + 1: null

2018-12-07 10:46:23 - [TEST_STEP][PASSED] - Statement - PreSaveFile = new java.io.File(((pathPrefix + java.lang.Integer.toString(counter)) + .png)): null

2018-12-07 10:46:23 - [TEST_STEP][PASSED] - Statement - counter = counter + 1: null

2018-12-07 10:46:23 - [TEST_STEP][PASSED] - Statement - PreSaveFile = new java.io.File(((pathPrefix + java.lang.Integer.toString(counter)) + .png)): null

2018-12-07 10:46:23 - [TEST_STEP][PASSED] - Statement - counter = counter + 1: null

2018-12-07 10:46:23 - [TEST_STEP][PASSED] - Statement - PreSaveFile = new java.io.File(((pathPrefix + java.lang.Integer.toString(counter)) + .png)): null

2018-12-07 10:46:23 - [TEST_STEP][PASSED] - Statement - counter = counter + 1: null

2018-12-07 10:46:23 - [TEST_STEP][PASSED] - Statement - PreSaveFile = new java.io.File(((pathPrefix + java.lang.Integer.toString(counter)) + .png)): null

2018-12-07 10:46:23 - [TEST_STEP][PASSED] - Statement - counter = counter + 1: null

2018-12-07 10:46:23 - [TEST_STEP][PASSED] - Statement - PreSaveFile = new java.io.File(((pathPrefix + java.lang.Integer.toString(counter)) + .png)): null

2018-12-07 10:46:23 - [TEST_STEP][PASSED] - Statement - counter = counter + 1: null

2018-12-07 10:46:23 - [TEST_STEP][PASSED] - Statement - PreSaveFile = new java.io.File(((pathPrefix + java.lang.Integer.toString(counter)) + .png)): null

2018-12-07 10:46:23 - [TEST_STEP][PASSED] - Statement - counter = counter + 1: null

2018-12-07 10:46:23 - [TEST_STEP][PASSED] - Statement - PreSaveFile = new java.io.File(((pathPrefix + java.lang.Integer.toString(counter)) + .png)): null

2018-12-07 10:46:23 - [TEST_STEP][PASSED] - Statement - counter = counter + 1: null

2018-12-07 10:46:23 - [TEST_STEP][PASSED] - Statement - PreSaveFile = new java.io.File(((pathPrefix + java.lang.Integer.toString(counter)) + .png)): null

2018-12-07 10:46:23 - [TEST_STEP][PASSED] - Statement - counter = counter + 1: null

2018-12-07 10:46:23 - [TEST_STEP][PASSED] - Statement - PreSaveFile = new java.io.File(((pathPrefix + java.lang.Integer.toString(counter)) + .png)): null

2018-12-07 10:46:23 - [TEST_STEP][PASSED] - Statement - counter = counter + 1: null

2018-12-07 10:46:23 - [TEST_STEP][PASSED] - Statement - PreSaveFile = new java.io.File(((pathPrefix + java.lang.Integer.toString(counter)) + .png)): null

2018-12-07 10:46:23 - [TEST_STEP][PASSED] - Statement - counter = counter + 1: null

2018-12-07 10:46:23 - [TEST_STEP][PASSED] - Statement - PreSaveFile = new java.io.File(((pathPrefix + java.lang.Integer.toString(counter)) + .png)): null

2018-12-07 10:46:24 - [TEST_STEP][PASSED] - Statement - counter = counter + 1: null

2018-12-07 10:46:24 - [TEST_STEP][PASSED] - Statement - PreSaveFile = new java.io.File(((pathPrefix + java.lang.Integer.toString(counter)) + .png)): null

2018-12-07 10:46:24 - [TEST_STEP][PASSED] - Statement - counter = counter + 1: null

2018-12-07 10:46:24 - [TEST_STEP][PASSED] - Statement - PreSaveFile = new java.io.File(((pathPrefix + java.lang.Integer.toString(counter)) + .png)): null

2018-12-07 10:46:24 - [TEST_STEP][PASSED] - Statement - counter = counter + 1: null

2018-12-07 10:46:24 - [TEST_STEP][PASSED] - Statement - PreSaveFile = new java.io.File(((pathPrefix + java.lang.Integer.toString(counter)) + .png)): null

2018-12-07 10:46:24 - [TEST_STEP][PASSED] - Statement - counter = counter + 1: null

2018-12-07 10:46:24 - [TEST_STEP][PASSED] - Statement - PreSaveFile = new java.io.File(((pathPrefix + java.lang.Integer.toString(counter)) + .png)): null

2018-12-07 10:46:24 - [TEST_STEP][PASSED] - Statement - counter = counter + 1: null

2018-12-07 10:46:24 - [TEST_STEP][PASSED] - Statement - PreSaveFile = new java.io.File(((pathPrefix + java.lang.Integer.toString(counter)) + .png)): null

2018-12-07 10:46:24 - [TEST_STEP][PASSED] - Statement - counter = counter + 1: null

2018-12-07 10:46:24 - [TEST_STEP][PASSED] - Statement - PreSaveFile = new java.io.File(((pathPrefix + java.lang.Integer.toString(counter)) + .png)): null

2018-12-07 10:46:24 - [TEST_STEP][PASSED] - Statement - counter = counter + 1: null

2018-12-07 10:46:24 - [TEST_STEP][PASSED] - Statement - PreSaveFile = new java.io.File(((pathPrefix + java.lang.Integer.toString(counter)) + .png)): null

2018-12-07 10:46:24 - [TEST_STEP][PASSED] - Statement - counter = counter + 1: null

2018-12-07 10:46:24 - [TEST_STEP][PASSED] - Statement - PreSaveFile = new java.io.File(((pathPrefix + java.lang.Integer.toString(counter)) + .png)): null

2018-12-07 10:46:24 - [TEST_STEP][PASSED] - Statement - counter = counter + 1: null

2018-12-07 10:46:24 - [TEST_STEP][PASSED] - Statement - PreSaveFile = new java.io.File(((pathPrefix + java.lang.Integer.toString(counter)) + .png)): null

2018-12-07 10:46:24 - [TEST_STEP][PASSED] - Statement - counter = counter + 1: null

2018-12-07 10:46:24 - [TEST_STEP][PASSED] - Statement - PreSaveFile = new java.io.File(((pathPrefix + java.lang.Integer.toString(counter)) + .png)): null

2018-12-07 10:46:24 - [TEST_STEP][PASSED] - Statement - counter = counter + 1: null

2018-12-07 10:46:24 - [TEST_STEP][PASSED] - Statement - PreSaveFile = new java.io.File(((pathPrefix + java.lang.Integer.toString(counter)) + .png)): null

2018-12-07 10:46:24 - [TEST_STEP][PASSED] - Statement - counter = counter + 1: null

2018-12-07 10:46:24 - [TEST_STEP][PASSED] - Statement - PreSaveFile = new java.io.File(((pathPrefix + java.lang.Integer.toString(counter)) + .png)): null

2018-12-07 10:46:24 - [TEST_STEP][PASSED] - Statement - finalPath = pathPrefix + java.lang.Integer.toString(counter) + ".png": null

2018-12-07 10:46:24 - [TEST_STEP][PASSED] - Statement - SaveFile = new java.io.File(finalPath): null

2018-12-07 10:46:24 - [TEST_STEP][PASSED] - Statement - Try: null

2018-12-07 10:46:24 - [TEST_STEP][PASSED] - Statement - org.apache.commons.io.FileUtils.copyFile(scrFile, SaveFile): null

2018-12-07 10:46:25 - [TEST_STEP][PASSED] - Statement - out.println("file kept"): null

2018-12-07 10:46:25 - [TEST_STEP][PASSED] - delay: Delayed 10 second(s)

2018-12-07 10:46:35 - [MESSAGE][PASSED] - Delayed 10 second(s)

2018-12-07 10:46:35 - [MESSAGE][PASSED] - Call Test Case 'Test Cases/Final Aug 2018 - PKS Automation/Registration Module/New Registration/Submit and Screenshot/Submit Registration and Screenshot - Copy' successfully

2018-12-07 10:46:35 - [TEST_STEP][PASSED] - Statement - UpdateAddNewECode = com.kms.katalon.core.webui.keyword.WebUiBuiltInKeywords.getText(com.kms.katalon.core.testobject.ObjectRepository.findTestObject(Object Repository/Final Object Repo/Page_Update Add New Employee - ASSIST/getEmpCode)): Text of object 'Object Repository/Final Object Repo/Page_Update Add New Employee - ASSIST/getEmpCode' is: 'E1102070667Z'

2018-12-07 10:46:35 - [MESSAGE][PASSED] - Text of object 'Object Repository/Final Object Repo/Page_Update Add New Employee - ASSIST/getEmpCode' is: 'E1102070667Z'

2018-12-07 10:46:35 - [TEST_STEP][PASSED] - callTestCase: Call Test Case 'Test Cases/Final Aug 2018 - PKS Automation/Common/Emp Code Setter' successfully

2018-12-07 10:46:35 - [TEST_CASE][PASSED] - Test Cases/Final Aug 2018 - PKS Automation/Common/Emp Code Setter: Test Cases/Final Aug 2018 - PKS Automation/Common/Emp Code Setter

2018-12-07 10:46:35 - [TEST_STEP][PASSED] - Statement - EmpCodeOld = new java.io.File(C://Users//Admin//Desktop//PKS//Automation Reference Point//EmpCode.txt): null

2018-12-07 10:46:35 - [TEST_STEP][PASSED] - Statement - EmpCodeOld.delete(): null

2018-12-07 10:46:35 - [TEST_STEP][PASSED] - Statement - EmpCode = new java.io.File(C://Users//Admin//Desktop//PKS//Automation Reference Point//EmpCode.txt): null

2018-12-07 10:46:35 - [TEST_STEP][PASSED] - Statement - f2 = new java.io.FileWriter(EmpCode, false): null

2018-12-07 10:46:35 - [TEST_STEP][PASSED] - Statement - f2.write(UpdateAddNewECode): null

2018-12-07 10:46:35 - [TEST_STEP][PASSED] - Statement - f2.close(): null

2018-12-07 10:46:35 - [TEST_STEP][PASSED] - Statement - out.println("


" + UpdateAddNewECode + "


"): null

2018-12-07 10:46:35 - [MESSAGE][PASSED] - Call Test Case 'Test Cases/Final Aug 2018 - PKS Automation/Common/Emp Code Setter' successfully

2018-12-07 10:46:35 - [MESSAGE][PASSED] - Call Test Case 'Test Cases/Final Aug 2018 - PKS Automation/Registration Module/Workflow/Update Add New Employee/Template/New Company for Update Add New' successfully

2018-12-07 10:46:35 - [TEST_STEP][PASSED] - callTestCase: Call Test Case 'Test Cases/Final Aug 2018 - PKS Automation/Registration Module/Log Out/log out avoiding katalon tagging' successfully

2018-12-07 10:46:35 - [TEST_CASE][PASSED] - Test Cases/Final Aug 2018 - PKS Automation/Registration Module/Log Out/log out avoiding katalon tagging: Test Cases/Final Aug 2018 - PKS Automation/Registration Module/Log Out/log out avoiding katalon tagging

2018-12-07 10:46:35 - [TEST_STEP][PASSED] - navigateToUrl: Navigate to 'https://assist2-uat.perkeso.gov.my/c/portal/logout' successfully

2018-12-07 10:46:36 - [MESSAGE][PASSED] - Navigate to 'https://assist2-uat.perkeso.gov.my/c/portal/logout' successfully

2018-12-07 10:46:36 - [MESSAGE][PASSED] - Call Test Case 'Test Cases/Final Aug 2018 - PKS Automation/Registration Module/Log Out/log out avoiding katalon tagging' successfully

2018-12-07 10:46:36 - [TEST_STEP][PASSED] - callTestCase: Call Test Case 'Test Cases/Final Aug 2018 - PKS Automation/Registration Module/New Registration/Form 2/Date Updater' successfully

2018-12-07 10:46:36 - [TEST_CASE][PASSED] - Test Cases/Final Aug 2018 - PKS Automation/Registration Module/New Registration/Form 2/Date Updater: Test Cases/Final Aug 2018 - PKS Automation/Registration Module/New Registration/Form 2/Date Updater

2018-12-07 10:46:36 - [TEST_STEP][PASSED] - Statement - TodayDate = new java.util.Date(): null

2018-12-07 10:46:36 - [TEST_STEP][PASSED] - Statement - CurrentDateNoFilter = new java.text.SimpleDateFormat(): null

2018-12-07 10:46:36 - [TEST_STEP][PASSED] - Statement - CurrentDateNoFilter.applyPattern("MM"): null

2018-12-07 10:46:36 - [TEST_STEP][PASSED] - Statement - monthContainerMatcher = java.lang.Integer.parseInt(CurrentDateNoFilter.format(TodayDate)): null

2018-12-07 10:46:36 - [TEST_STEP][PASSED] - Statement - monthContainerMatcher = monthContainerMatcher - 1: null

2018-12-07 10:46:36 - [TEST_STEP][PASSED] - Statement - CurrentMonth = monthContainerMatcher.toString(): null

2018-12-07 10:46:36 - [TEST_STEP][PASSED] - Statement - CurrentMonth = CurrentMonth: null

2018-12-07 10:46:36 - [TEST_STEP][PASSED] - Statement - CurrentDateNoFilter.applyPattern("yyyy"): null

2018-12-07 10:46:36 - [TEST_STEP][PASSED] - Statement - CurrentYear = CurrentDateNoFilter.format(TodayDate): null

2018-12-07 10:46:36 - [TEST_STEP][PASSED] - Statement - CurrentYear = CurrentYear: null

2018-12-07 10:46:36 - [TEST_STEP][PASSED] - Statement - intCurrentYear = java.lang.Integer.parseInt(CurrentDateNoFilter.format(TodayDate)): null

2018-12-07 10:46:36 - [TEST_STEP][PASSED] - Statement - eighteenYrsAgo = intCurrentYear - 18: null

2018-12-07 10:46:36 - [TEST_STEP][PASSED] - Statement - eighteenYrsBeforeThisYr = eighteenYrsAgo.toString(): null

2018-12-07 10:46:36 - [TEST_STEP][PASSED] - Statement - EighteenYrsBefore = eighteenYrsBeforeThisYr: null

2018-12-07 10:46:36 - [TEST_STEP][PASSED] - Statement - fiftysevenYrsAgo = intCurrentYear - 57: null

2018-12-07 10:46:36 - [TEST_STEP][PASSED] - Statement - fiftysevenYrsBeforeThisYr = fiftysevenYrsAgo.toString(): null

2018-12-07 10:46:36 - [TEST_STEP][PASSED] - Statement - FiftysevenYrsBefore = fiftysevenYrsBeforeThisYr: null

2018-12-07 10:46:36 - [TEST_STEP][PASSED] - Statement - leapYear = false: null

2018-12-07 10:46:36 - [TEST_STEP][PASSED] - Statement - leapYear = intCurrentYear % 4 == 0: null

2018-12-07 10:46:36 - [TEST_STEP][PASSED] - Statement - CurrentDateNoFilter.applyPattern("dd"): null

2018-12-07 10:46:36 - [TEST_STEP][PASSED] - Statement - CurrentDate = CurrentDateNoFilter.format(TodayDate): null

2018-12-07 10:46:36 - [TEST_STEP][PASSED] - Statement - CurrentDate = java.lang.Integer.parseInt(CurrentDate): null

2018-12-07 10:46:36 - [TEST_STEP][PASSED] - Statement - CurrentDate = CurrentDate: null

2018-12-07 10:46:36 - [TEST_STEP][PASSED] - Statement - CurrentDay = java.lang.Integer.parseInt(CurrentDate): null

2018-12-07 10:46:36 - [TEST_STEP][PASSED] - Statement - ConfAdder = <not implemented yet for class: org.codehaus.groovy.ast.expr.EmptyExpression>: null

2018-12-07 10:46:36 - [TEST_STEP][PASSED] - Statement - out.println(CurrentMonth): null

2018-12-07 10:46:36 - [TEST_STEP][PASSED] - Statement - out.println(CurrentDate): null

2018-12-07 10:46:36 - [TEST_STEP][PASSED] - Statement - switch (CurrentDate): null

2018-12-07 10:46:36 - [TEST_STEP][PASSED] - Statement - Default: null

2018-12-07 10:46:36 - [TEST_STEP][PASSED] - Statement - ConfAdder = true: null

2018-12-07 10:46:36 - [TEST_STEP][PASSED] - Statement - Break: null

2018-12-07 10:46:36 - [TEST_STEP][PASSED] - Statement - aDayBefore = <not implemented yet for class: org.codehaus.groovy.ast.expr.EmptyExpression>: null

2018-12-07 10:46:36 - [TEST_STEP][PASSED] - Statement - out.println(ConfAdder): null

2018-12-07 10:46:36 - [TEST_STEP][PASSED] - Statement - If (ConfAdder == true): null

2018-12-07 10:46:36 - [TEST_STEP][PASSED] - Statement - aDayBefore = CurrentDay + 1: null

2018-12-07 10:46:36 - [TEST_STEP][PASSED] - Statement - out.println(aDayBefore): null

2018-12-07 10:46:36 - [TEST_STEP][PASSED] - Statement - If (aDayBefore == 1 && CurrentMonth == 11): null

2018-12-07 10:46:36 - [TEST_STEP][PASSED] - Statement - DayBefore = aDayBefore.toString(): null

2018-12-07 10:46:36 - [TEST_STEP][PASSED] - Statement - OneDayBefore = DayBefore: null

2018-12-07 10:46:36 - [MESSAGE][PASSED] - Call Test Case 'Test Cases/Final Aug 2018 - PKS Automation/Registration Module/New Registration/Form 2/Date Updater' successfully

2018-12-07 10:46:36 - [TEST_STEP][PASSED] - delay: Delayed 2 second(s)

2018-12-07 10:46:38 - [MESSAGE][PASSED] - Delayed 2 second(s)

2018-12-07 10:46:38 - [TEST_STEP][PASSED] - setText: Text 'klotc2@gmail.com' is set on object 'Object Repository/Final Object Repo/Page_Update Add New Employee - ASSIST/Email TextBox'

2018-12-07 10:46:39 - [MESSAGE][PASSED] - Text 'klotc2@gmail.com' is set on object 'Object Repository/Final Object Repo/Page_Update Add New Employee - ASSIST/Email TextBox'

2018-12-07 10:46:39 - [TEST_STEP][PASSED] - click: Object: 'Object Repository/Final Object Repo/Page_Update Add New Employee - ASSIST/Next Button' is clicked on

2018-12-07 10:46:39 - [MESSAGE][PASSED] - Object: 'Object Repository/Final Object Repo/Page_Update Add New Employee - ASSIST/Next Button' is clicked on

2018-12-07 10:46:39 - [TEST_STEP][PASSED] - delay: Delayed 2 second(s)

2018-12-07 10:46:41 - [MESSAGE][PASSED] - Delayed 2 second(s)

2018-12-07 10:46:41 - [TEST_STEP][PASSED] - setText: Text 'Test1@3456789' is set on object 'Object Repository/Final Object Repo/Page_Update Add New Employee - ASSIST/Password TextBox'

2018-12-07 10:46:41 - [MESSAGE][PASSED] - Text 'Test1@3456789' is set on object 'Object Repository/Final Object Repo/Page_Update Add New Employee - ASSIST/Password TextBox'

2018-12-07 10:46:41 - [TEST_STEP][PASSED] - delay: Delayed 2 second(s)

2018-12-07 10:46:43 - [MESSAGE][PASSED] - Delayed 2 second(s)

2018-12-07 10:46:43 - [TEST_STEP][PASSED] - click: Object: 'Object Repository/Final Object Repo/Page_Update Add New Employee - ASSIST/Login Button' is clicked on

2018-12-07 10:46:43 - [MESSAGE][PASSED] - Object: 'Object Repository/Final Object Repo/Page_Update Add New Employee - ASSIST/Login Button' is clicked on

2018-12-07 10:46:43 - [TEST_STEP][PASSED] - delay: Delayed 4 second(s)

2018-12-07 10:46:47 - [MESSAGE][PASSED] - Delayed 4 second(s)

2018-12-07 10:46:47 - [TEST_STEP][PASSED] - Statement - Try: Delayed 2 second(s)

2018-12-07 10:46:47 - [TEST_STEP][PASSED] - Statement - Checker = false: null

2018-12-07 10:46:47 - [TEST_STEP][PASSED] - Statement - Checker = com.kms.katalon.core.webui.keyword.WebUiBuiltInKeywords.verifyElementHasAttribute(com.kms.katalon.core.testobject.ObjectRepository.findTestObject(Final Object Repo/Landing Page/BM Detecting), "href", 20, OPTIONAL): Object 'Object Repository/Final Object Repo/Landing Page/BM Detecting' has attribute 'href'

2018-12-07 10:46:47 - [MESSAGE][PASSED] - Object 'Object Repository/Final Object Repo/Landing Page/BM Detecting' has attribute 'href'

2018-12-07 10:46:47 - [TEST_STEP][PASSED] - Statement - out.println(Checker): null

2018-12-07 10:46:47 - [TEST_STEP][PASSED] - Statement - If (Checker == false): null

2018-12-07 10:46:47 - [TEST_STEP][PASSED] - Statement - Else: null

2018-12-07 10:46:47 - [TEST_STEP][PASSED] - delay: Delayed 2 second(s)

2018-12-07 10:46:49 - [MESSAGE][PASSED] - Delayed 2 second(s)

2018-12-07 10:46:49 - [TEST_STEP][PASSED] - delay: Delayed 4 second(s)

2018-12-07 10:46:53 - [MESSAGE][PASSED] - Delayed 4 second(s)

2018-12-07 10:46:53 - [TEST_STEP][PASSED] - click: Object: 'Object Repository/Final Object Repo/Page_Update Add New Employee - ASSIST/My Sites Drop Down' is clicked on

2018-12-07 10:46:54 - [MESSAGE][PASSED] - Object: 'Object Repository/Final Object Repo/Page_Update Add New Employee - ASSIST/My Sites Drop Down' is clicked on

2018-12-07 10:46:54 - [TEST_STEP][PASSED] - click: Object: 'Object Repository/Final Object Repo/Page_Update Add New Employee - ASSIST/Select to Registration Module' is clicked on

2018-12-07 10:46:54 - [MESSAGE][PASSED] - Object: 'Object Repository/Final Object Repo/Page_Update Add New Employee - ASSIST/Select to Registration Module' is clicked on

2018-12-07 10:46:54 - [TEST_STEP][PASSED] - navigateToUrl: Navigate to 'https://assist2-uat.perkeso.gov.my/web/registration/myassist' successfully

2018-12-07 10:46:55 - [MESSAGE][PASSED] - Navigate to 'https://assist2-uat.perkeso.gov.my/web/registration/myassist' successfully

2018-12-07 10:46:55 - [TEST_STEP][PASSED] - mouseOver: Object: 'Object Repository/Final Object Repo/Page_Update Add New Employee - ASSIST/Select to Update Akta 4 Tab' is hovered

2018-12-07 10:46:55 - [MESSAGE][PASSED] - Object: 'Object Repository/Final Object Repo/Page_Update Add New Employee - ASSIST/Select to Update Akta 4 Tab' is hovered

2018-12-07 10:46:55 - [TEST_STEP][PASSED] - delay: Delayed 2 second(s)

2018-12-07 10:46:57 - [MESSAGE][PASSED] - Delayed 2 second(s)

2018-12-07 10:46:57 - [TEST_STEP][PASSED] - click: Object: 'Object Repository/Final Object Repo/Page_Update Add New Employee - ASSIST/Select to Update Add New Employee' is clicked on

2018-12-07 10:46:58 - [MESSAGE][PASSED] - Object: 'Object Repository/Final Object Repo/Page_Update Add New Employee - ASSIST/Select to Update Add New Employee' is clicked on

2018-12-07 10:46:58 - [TEST_STEP][PASSED] - delay: Delayed 2 second(s)

2018-12-07 10:47:00 - [MESSAGE][PASSED] - Delayed 2 second(s)

2018-12-07 10:47:00 - [TEST_STEP][PASSED] - setText: Text 'E1102070667Z' is set on object 'Object Repository/Final Object Repo/Page_Update Add New Employee - ASSIST/Employer Code input textbox'

2018-12-07 10:47:00 - [MESSAGE][PASSED] - Text 'E1102070667Z' is set on object 'Object Repository/Final Object Repo/Page_Update Add New Employee - ASSIST/Employer Code input textbox'

2018-12-07 10:47:00 - [TEST_STEP][PASSED] - delay: Delayed 2 second(s)

2018-12-07 10:47:02 - [MESSAGE][PASSED] - Delayed 2 second(s)

2018-12-07 10:47:02 - [TEST_STEP][PASSED] - click: Object: 'Object Repository/Final Object Repo/Page_Update Add New Employee - ASSIST/Search Button for Employer Code' is clicked on

2018-12-07 10:47:02 - [MESSAGE][PASSED] - Object: 'Object Repository/Final Object Repo/Page_Update Add New Employee - ASSIST/Search Button for Employer Code' is clicked on

2018-12-07 10:47:02 - [TEST_STEP][PASSED] - delay: Delayed 4 second(s)

2018-12-07 10:47:06 - [MESSAGE][PASSED] - Delayed 4 second(s)

2018-12-07 10:47:06 - [TEST_STEP][PASSED] - click: Object: 'Object Repository/Final Object Repo/Page_Update Add New Employee - ASSIST/Click to Edit Case' is clicked on

2018-12-07 10:47:09 - [MESSAGE][PASSED] - Object: 'Object Repository/Final Object Repo/Page_Update Add New Employee - ASSIST/Click to Edit Case' is clicked on

2018-12-07 10:47:09 - [TEST_STEP][PASSED] - callTestCase: Call Test Case 'Test Cases/Final Aug 2018 - PKS Automation/Registration Module/Workflow/Update Add New Employee/Template/Employee Adding/Employee Set Decider' successfully

2018-12-07 10:47:09 - [TEST_CASE][PASSED] - Test Cases/Final Aug 2018 - PKS Automation/Registration Module/Workflow/Update Add New Employee/Template/Employee Adding/Employee Set Decider: Test Cases/Final Aug 2018 - PKS Automation/Registration Module/Workflow/Update Add New Employee/Template/Employee Adding/Employee Set Decider

2018-12-07 10:47:09 - [TEST_STEP][PASSED] - delay: Delayed 4 second(s)

2018-12-07 10:47:13 - [MESSAGE][PASSED] - Delayed 4 second(s)

2018-12-07 10:47:13 - [TEST_STEP][PASSED] - click: Object: 'Object Repository/Final Object Repo/Page_Update Add New Employee - ASSIST/Add Employee Button' is clicked on

2018-12-07 10:47:14 - [MESSAGE][PASSED] - Object: 'Object Repository/Final Object Repo/Page_Update Add New Employee - ASSIST/Add Employee Button' is clicked on

2018-12-07 10:47:14 - [TEST_STEP][PASSED] - delay: Delayed 3 second(s)

2018-12-07 10:47:17 - [MESSAGE][PASSED] - Delayed 3 second(s)

2018-12-07 10:47:17 - [TEST_STEP][PASSED] - setText: Text '010903091920' is set on object 'Object Repository/Final Object Repo/Page_Update Add New Employee - ASSIST/NRIC Input'

2018-12-07 10:47:17 - [MESSAGE][PASSED] - Text '010903091920' is set on object 'Object Repository/Final Object Repo/Page_Update Add New Employee - ASSIST/NRIC Input'

2018-12-07 10:47:17 - [TEST_STEP][PASSED] - click: Object: 'Object Repository/Final Object Repo/Page_Update Add New Employee - ASSIST/button for search for IC' is clicked on

2018-12-07 10:47:17 - [MESSAGE][PASSED] - Object: 'Object Repository/Final Object Repo/Page_Update Add New Employee - ASSIST/button for search for IC' is clicked on

2018-12-07 10:47:17 - [TEST_STEP][PASSED] - delay: Delayed 2 second(s)

2018-12-07 10:47:19 - [MESSAGE][PASSED] - Delayed 2 second(s)

2018-12-07 10:47:19 - [TEST_STEP][PASSED] - sendKeys: Keys 'CONTROL + a' sent to object: 'Object Repository/Final Object Repo/Page_Update Add New Employee - ASSIST/Employee Name Input'

2018-12-07 10:47:19 - [MESSAGE][PASSED] - Keys 'CONTROL + a' sent to object: 'Object Repository/Final Object Repo/Page_Update Add New Employee - ASSIST/Employee Name Input'

2018-12-07 10:47:19 - [TEST_STEP][PASSED] - sendKeys: Keys 'CONTROL + c' sent to object: 'Object Repository/Final Object Repo/Page_Update Add New Employee - ASSIST/Employee Name Input'

2018-12-07 10:47:20 - [MESSAGE][PASSED] - Keys 'CONTROL + c' sent to object: 'Object Repository/Final Object Repo/Page_Update Add New Employee - ASSIST/Employee Name Input'

2018-12-07 10:47:20 - [TEST_STEP][PASSED] - Statement - toolkit = java.awt.Toolkit.getDefaultToolkit(): null

2018-12-07 10:47:20 - [TEST_STEP][PASSED] - Statement - clipboard = toolkit.getSystemClipboard(): null

2018-12-07 10:47:20 - [TEST_STEP][PASSED] - Statement - CurrentName = clipboard.getData(stringFlavor): null

2018-12-07 10:47:20 - [TEST_STEP][PASSED] - Statement - out.println("String from Clipboard:" + CurrentName): null

2018-12-07 10:47:20 - [TEST_STEP][PASSED] - Statement - If (CurrentName == "AUTOMATE002 ELIGIBLE 1"): null

2018-12-07 10:47:20 - [TEST_STEP][PASSED] - Statement - Else If (CurrentName == "AUTOMATE003 ELIGIBLE 1"): Call Test Case 'Test Cases/Final Aug 2018 - PKS Automation/Registration Module/Workflow/Update Add New Employee/Template/Employee Adding/Employee Adding Action Repeat IC - set 2' successfully

2018-12-07 10:47:20 - [TEST_STEP][PASSED] - callTestCase: Call Test Case 'Test Cases/Final Aug 2018 - PKS Automation/Registration Module/Workflow/Update Add New Employee/Template/Employee Adding/Employee Adding Action Repeat IC - set 2' successfully

2018-12-07 10:47:20 - [TEST_CASE][PASSED] - Test Cases/Final Aug 2018 - PKS Automation/Registration Module/Workflow/Update Add New Employee/Template/Employee Adding/Employee Adding Action Repeat IC - set 2: Test Cases/Final Aug 2018 - PKS Automation/Registration Module/Workflow/Update Add New Employee/Template/Employee Adding/Employee Adding Action Repeat IC - set 2

2018-12-07 10:47:20 - [TEST_STEP][PASSED] - setText: Text 'Automate002 eligible 1' is set on object 'Object Repository/Final Object Repo/Page_Update Add New Employee - ASSIST/Employee Name Input'

2018-12-07 10:47:21 - [MESSAGE][PASSED] - Text 'Automate002 eligible 1' is set on object 'Object Repository/Final Object Repo/Page_Update Add New Employee - ASSIST/Employee Name Input'

2018-12-07 10:47:21 - [TEST_STEP][PASSED] - delay: Delayed 2 second(s)

2018-12-07 10:47:23 - [MESSAGE][PASSED] - Delayed 2 second(s)

2018-12-07 10:47:23 - [TEST_STEP][PASSED] - click: Object: 'Object Repository/Final Object Repo/Page_Update Add New Employee - ASSIST/DatePicker Pop Up' is clicked on

2018-12-07 10:47:23 - [MESSAGE][PASSED] - Object: 'Object Repository/Final Object Repo/Page_Update Add New Employee - ASSIST/DatePicker Pop Up' is clicked on

2018-12-07 10:47:23 - [TEST_STEP][PASSED] - click: Object: 'Object Repository/Final Object Repo/Page_Update Add New Employee - ASSIST/DOB Month' is clicked on

2018-12-07 10:47:23 - [MESSAGE][PASSED] - Object: 'Object Repository/Final Object Repo/Page_Update Add New Employee - ASSIST/DOB Month' is clicked on

2018-12-07 10:47:23 - [TEST_STEP][PASSED] - Statement - CurrentMonth = CurrentMonth: null

2018-12-07 10:47:23 - [TEST_STEP][PASSED] - Statement - selectMonth = new com.kms.katalon.core.testobject.TestObject(): null

2018-12-07 10:47:23 - [TEST_STEP][PASSED] - Statement - selectMonth.addProperty("xpath", EQUALS, "//body/div/div/div/select/option[@value='" + CurrentMonth + "']", true): null

2018-12-07 10:47:23 - [TEST_STEP][PASSED] - click: Object: '' is clicked on

2018-12-07 10:47:23 - [MESSAGE][PASSED] - Object: '' is clicked on

2018-12-07 10:47:23 - [TEST_STEP][PASSED] - click: Object: 'Object Repository/Final Object Repo/Page_Update Add New Employee - ASSIST/DOB Year' is clicked on

2018-12-07 10:47:24 - [MESSAGE][PASSED] - Object: 'Object Repository/Final Object Repo/Page_Update Add New Employee - ASSIST/DOB Year' is clicked on

2018-12-07 10:47:24 - [TEST_STEP][PASSED] - Statement - Eyearsbf = EighteenYrsBefore: null

2018-12-07 10:47:24 - [TEST_STEP][PASSED] - Statement - selectYear = new com.kms.katalon.core.testobject.TestObject(): null

2018-12-07 10:47:24 - [TEST_STEP][PASSED] - Statement - selectYear.addProperty("xpath", EQUALS, "//div/div/div/select/option[@value='" + Eyearsbf + "']", true): null

2018-12-07 10:47:24 - [TEST_STEP][PASSED] - click: Object: '' is clicked on

2018-12-07 10:47:24 - [MESSAGE][PASSED] - Object: '' is clicked on

2018-12-07 10:47:24 - [TEST_STEP][PASSED] - Statement - UpdatedSelectDate = com.kms.katalon.core.webui.keyword.WebUiBuiltInKeywords.modifyObjectProperty(com.kms.katalon.core.testobject.ObjectRepository.findTestObject(Final Object Repo/Page_Update Add New Employee - ASSIST/DOB Date), "xpath", "equals", "//body/div/table/tbody/tr/td/a[text()="" + CurrentDate + ""]", true): Modify property of object successfully

2018-12-07 10:47:24 - [MESSAGE][PASSED] - Modify property of object successfully

2018-12-07 10:47:24 - [TEST_STEP][PASSED] - delay: Delayed 3 second(s)

2018-12-07 10:47:27 - [MESSAGE][PASSED] - Delayed 3 second(s)

2018-12-07 10:47:27 - [TEST_STEP][PASSED] - click: Object: 'Object Repository/Final Object Repo/Page_Update Add New Employee - ASSIST/DOB Date' is clicked on

2018-12-07 10:47:27 - [MESSAGE][PASSED] - Object: 'Object Repository/Final Object Repo/Page_Update Add New Employee - ASSIST/DOB Date' is clicked on

2018-12-07 10:47:27 - [TEST_STEP][PASSED] - delay: Delayed 2 second(s)

2018-12-07 10:47:29 - [MESSAGE][PASSED] - Delayed 2 second(s)

2018-12-07 10:47:29 - [TEST_STEP][PASSED] - click: Object: 'Object Repository/Final Object Repo/Page_Update Add New Employee - ASSIST/EmploymentStartDate Pop Up' is clicked on

2018-12-07 10:47:29 - [MESSAGE][PASSED] - Object: 'Object Repository/Final Object Repo/Page_Update Add New Employee - ASSIST/EmploymentStartDate Pop Up' is clicked on

2018-12-07 10:47:29 - [TEST_STEP][PASSED] - delay: Delayed 2 second(s)

2018-12-07 10:47:31 - [MESSAGE][PASSED] - Delayed 2 second(s)

2018-12-07 10:47:31 - [TEST_STEP][PASSED] - click: Object: 'Object Repository/Final Object Repo/Page_Update Add New Employee - ASSIST/Socso Employment StartDate Month' is clicked on

2018-12-07 10:47:31 - [MESSAGE][PASSED] - Object: 'Object Repository/Final Object Repo/Page_Update Add New Employee - ASSIST/Socso Employment StartDate Month' is clicked on

2018-12-07 10:47:31 - [TEST_STEP][PASSED] - delay: Delayed 1 second(s)

2018-12-07 10:47:32 - [MESSAGE][PASSED] - Delayed 1 second(s)

2018-12-07 10:47:32 - [TEST_STEP][PASSED] - click: Object: 'Object Repository/Final Object Repo/Page_Update Add New Employee - ASSIST/Select Socso Employement Startdate Month' is clicked on

2018-12-07 10:47:32 - [MESSAGE][PASSED] - Object: 'Object Repository/Final Object Repo/Page_Update Add New Employee - ASSIST/Select Socso Employement Startdate Month' is clicked on

2018-12-07 10:47:32 - [TEST_STEP][PASSED] - delay: Delayed 2 second(s)

2018-12-07 10:47:34 - [MESSAGE][PASSED] - Delayed 2 second(s)

2018-12-07 10:47:34 - [TEST_STEP][PASSED] - click: Object: 'Object Repository/Final Object Repo/Page_Update Add New Employee - ASSIST/Socso Employment StartDate Year' is clicked on

2018-12-07 10:47:35 - [MESSAGE][PASSED] - Object: 'Object Repository/Final Object Repo/Page_Update Add New Employee - ASSIST/Socso Employment StartDate Year' is clicked on

2018-12-07 10:47:35 - [TEST_STEP][PASSED] - delay: Delayed 1 second(s)

2018-12-07 10:47:36 - [MESSAGE][PASSED] - Delayed 1 second(s)

2018-12-07 10:47:36 - [TEST_STEP][PASSED] - click: Object: 'Object Repository/Final Object Repo/Page_Update Add New Employee - ASSIST/Select Socso Employment Startdate Year' is clicked on

2018-12-07 10:47:36 - [MESSAGE][PASSED] - Object: 'Object Repository/Final Object Repo/Page_Update Add New Employee - ASSIST/Select Socso Employment Startdate Year' is clicked on

2018-12-07 10:47:36 - [TEST_STEP][PASSED] - delay: Delayed 2 second(s)

2018-12-07 10:47:38 - [MESSAGE][PASSED] - Delayed 2 second(s)

2018-12-07 10:47:38 - [TEST_STEP][PASSED] - click: Object: 'Object Repository/Final Object Repo/Page_Update Add New Employee - ASSIST/Socso Employment Start Date Day' is clicked on

2018-12-07 10:47:38 - [MESSAGE][PASSED] - Object: 'Object Repository/Final Object Repo/Page_Update Add New Employee - ASSIST/Socso Employment Start Date Day' is clicked on

2018-12-07 10:47:38 - [TEST_STEP][PASSED] - delay: Delayed 2 second(s)

2018-12-07 10:47:40 - [MESSAGE][PASSED] - Delayed 2 second(s)

2018-12-07 10:47:40 - [TEST_STEP][PASSED] - click: Object: 'Object Repository/Final Object Repo/Page_Update Add New Employee - ASSIST/Save Button for Add Employee' is clicked on

2018-12-07 10:47:40 - [MESSAGE][PASSED] - Object: 'Object Repository/Final Object Repo/Page_Update Add New Employee - ASSIST/Save Button for Add Employee' is clicked on

2018-12-07 10:47:40 - [TEST_STEP][PASSED] - delay: Delayed 10 second(s)

2018-12-07 10:47:50 - [MESSAGE][PASSED] - Delayed 10 second(s)

2018-12-07 10:47:50 - [TEST_STEP][PASSED] - click: Object: 'Object Repository/Final Object Repo/Page_Update Add New Employee - ASSIST/Add Employee Button' is clicked on

2018-12-07 10:47:51 - [MESSAGE][PASSED] - Object: 'Object Repository/Final Object Repo/Page_Update Add New Employee - ASSIST/Add Employee Button' is clicked on

2018-12-07 10:47:51 - [TEST_STEP][PASSED] - delay: Delayed 6 second(s)

2018-12-07 10:47:57 - [MESSAGE][PASSED] - Delayed 6 second(s)

2018-12-07 10:47:57 - [TEST_STEP][PASSED] - setText: Text '620904059600' is set on object 'Object Repository/Final Object Repo/Page_Update Add New Employee - ASSIST/NRIC Input'

2018-12-07 10:47:57 - [MESSAGE][PASSED] - Text '620904059600' is set on object 'Object Repository/Final Object Repo/Page_Update Add New Employee - ASSIST/NRIC Input'

2018-12-07 10:47:57 - [TEST_STEP][PASSED] - click: Object: 'Object Repository/Final Object Repo/Page_Update Add New Employee - ASSIST/button for search for IC' is clicked on

2018-12-07 10:47:57 - [MESSAGE][PASSED] - Object: 'Object Repository/Final Object Repo/Page_Update Add New Employee - ASSIST/button for search for IC' is clicked on

2018-12-07 10:47:57 - [TEST_STEP][PASSED] - delay: Delayed 2 second(s)

2018-12-07 10:47:59 - [MESSAGE][PASSED] - Delayed 2 second(s)

2018-12-07 10:47:59 - [TEST_STEP][PASSED] - setText: Text 'Automate002 eligible 2' is set on object 'Object Repository/Final Object Repo/Page_Update Add New Employee - ASSIST/Employee Name Input'

2018-12-07 10:48:00 - [MESSAGE][PASSED] - Text 'Automate002 eligible 2' is set on object 'Object Repository/Final Object Repo/Page_Update Add New Employee - ASSIST/Employee Name Input'

2018-12-07 10:48:00 - [TEST_STEP][PASSED] - delay: Delayed 2 second(s)

2018-12-07 10:48:02 - [MESSAGE][PASSED] - Delayed 2 second(s)

2018-12-07 10:48:02 - [TEST_STEP][PASSED] - click: Object: 'Object Repository/Final Object Repo/Page_Update Add New Employee - ASSIST/DatePicker Pop Up' is clicked on

2018-12-07 10:48:02 - [MESSAGE][PASSED] - Object: 'Object Repository/Final Object Repo/Page_Update Add New Employee - ASSIST/DatePicker Pop Up' is clicked on

2018-12-07 10:48:02 - [TEST_STEP][PASSED] - delay: Delayed 2 second(s)

2018-12-07 10:48:04 - [MESSAGE][PASSED] - Delayed 2 second(s)

2018-12-07 10:48:04 - [TEST_STEP][PASSED] - click: Object: 'Object Repository/Final Object Repo/Page_Update Add New Employee - ASSIST/DOB Month' is clicked on

2018-12-07 10:48:04 - [MESSAGE][PASSED] - Object: 'Object Repository/Final Object Repo/Page_Update Add New Employee - ASSIST/DOB Month' is clicked on

2018-12-07 10:48:04 - [TEST_STEP][PASSED] - Statement - selectMonth = com.kms.katalon.core.webui.keyword.WebUiBuiltInKeywords.modifyObjectProperty(selectMonth, "xpath", "equals", "//body/div/div/div/select/option[@value="" + CurrentMonth + ""]", true): Modify property of object successfully

2018-12-07 10:48:04 - [MESSAGE][PASSED] - Modify property of object successfully

2018-12-07 10:48:04 - [TEST_STEP][PASSED] - click: Object: '' is clicked on

2018-12-07 10:48:04 - [MESSAGE][PASSED] - Object: '' is clicked on

2018-12-07 10:48:04 - [TEST_STEP][PASSED] - click: Object: 'Object Repository/Final Object Repo/Page_Update Add New Employee - ASSIST/DOB Year' is clicked on

2018-12-07 10:48:05 - [MESSAGE][PASSED] - Object: 'Object Repository/Final Object Repo/Page_Update Add New Employee - ASSIST/DOB Year' is clicked on

2018-12-07 10:48:05 - [TEST_STEP][PASSED] - Statement - selectYear = com.kms.katalon.core.webui.keyword.WebUiBuiltInKeywords.modifyObjectProperty(selectYear, "xpath", "equals", "//div/div/div/select/option[@value="" + FiftysevenYrsBefore + ""]", true): Modify property of object successfully

2018-12-07 10:48:05 - [MESSAGE][PASSED] - Modify property of object successfully

2018-12-07 10:48:05 - [TEST_STEP][PASSED] - click: Object: '' is clicked on

2018-12-07 10:48:05 - [MESSAGE][PASSED] - Object: '' is clicked on

2018-12-07 10:48:05 - [TEST_STEP][PASSED] - Statement - UpdatedSelectDate = com.kms.katalon.core.webui.keyword.WebUiBuiltInKeywords.modifyObjectProperty(com.kms.katalon.core.testobject.ObjectRepository.findTestObject(Final Object Repo/Page_Update Add New Employee - ASSIST/DOB Date), "xpath", "equals", "//body/div/table/tbody/tr/td/a[text()="" + OneDayBefore + ""]", true): Modify property of object successfully

2018-12-07 10:48:05 - [MESSAGE][PASSED] - Modify property of object successfully

2018-12-07 10:48:05 - [TEST_STEP][PASSED] - click: Object: 'Object Repository/Final Object Repo/Page_Update Add New Employee - ASSIST/DOB Date' is clicked on

2018-12-07 10:48:05 - [MESSAGE][PASSED] - Object: 'Object Repository/Final Object Repo/Page_Update Add New Employee - ASSIST/DOB Date' is clicked on

2018-12-07 10:48:05 - [TEST_STEP][PASSED] - delay: Delayed 2 second(s)

2018-12-07 10:48:07 - [MESSAGE][PASSED] - Delayed 2 second(s)

2018-12-07 10:48:07 - [TEST_STEP][PASSED] - click: Object: 'Object Repository/Final Object Repo/Page_Update Add New Employee - ASSIST/EmploymentStartDate Pop Up' is clicked on

2018-12-07 10:48:07 - [MESSAGE][PASSED] - Object: 'Object Repository/Final Object Repo/Page_Update Add New Employee - ASSIST/EmploymentStartDate Pop Up' is clicked on

2018-12-07 10:48:07 - [TEST_STEP][PASSED] - delay: Delayed 2 second(s)

2018-12-07 10:48:09 - [MESSAGE][PASSED] - Delayed 2 second(s)

2018-12-07 10:48:09 - [TEST_STEP][PASSED] - click: Object: 'Object Repository/Final Object Repo/Page_Update Add New Employee - ASSIST/Socso Employment StartDate Month' is clicked on

2018-12-07 10:48:09 - [MESSAGE][PASSED] - Object: 'Object Repository/Final Object Repo/Page_Update Add New Employee - ASSIST/Socso Employment StartDate Month' is clicked on

2018-12-07 10:48:09 - [TEST_STEP][PASSED] - delay: Delayed 1 second(s)

2018-12-07 10:48:10 - [MESSAGE][PASSED] - Delayed 1 second(s)

2018-12-07 10:48:10 - [TEST_STEP][PASSED] - click: Object: 'Object Repository/Final Object Repo/Page_Update Add New Employee - ASSIST/Select Socso Employement Startdate Month' is clicked on

2018-12-07 10:48:10 - [MESSAGE][PASSED] - Object: 'Object Repository/Final Object Repo/Page_Update Add New Employee - ASSIST/Select Socso Employement Startdate Month' is clicked on

2018-12-07 10:48:10 - [TEST_STEP][PASSED] - delay: Delayed 2 second(s)

2018-12-07 10:48:12 - [MESSAGE][PASSED] - Delayed 2 second(s)

2018-12-07 10:48:12 - [TEST_STEP][PASSED] - click: Object: 'Object Repository/Final Object Repo/Page_Update Add New Employee - ASSIST/Socso Employment StartDate Year' is clicked on

2018-12-07 10:48:13 - [MESSAGE][PASSED] - Object: 'Object Repository/Final Object Repo/Page_Update Add New Employee - ASSIST/Socso Employment StartDate Year' is clicked on

2018-12-07 10:48:13 - [TEST_STEP][PASSED] - delay: Delayed 1 second(s)

2018-12-07 10:48:14 - [MESSAGE][PASSED] - Delayed 1 second(s)

2018-12-07 10:48:14 - [TEST_STEP][PASSED] - click: Object: 'Object Repository/Final Object Repo/Page_Update Add New Employee - ASSIST/Select Socso Employment Startdate Year' is clicked on

2018-12-07 10:48:14 - [MESSAGE][PASSED] - Object: 'Object Repository/Final Object Repo/Page_Update Add New Employee - ASSIST/Select Socso Employment Startdate Year' is clicked on

2018-12-07 10:48:14 - [TEST_STEP][PASSED] - delay: Delayed 2 second(s)

2018-12-07 10:48:16 - [MESSAGE][PASSED] - Delayed 2 second(s)

2018-12-07 10:48:16 - [TEST_STEP][PASSED] - click: Object: 'Object Repository/Final Object Repo/Page_Update Add New Employee - ASSIST/Socso Employment Start Date Day' is clicked on

2018-12-07 10:48:16 - [MESSAGE][PASSED] - Object: 'Object Repository/Final Object Repo/Page_Update Add New Employee - ASSIST/Socso Employment Start Date Day' is clicked on

2018-12-07 10:48:16 - [TEST_STEP][PASSED] - delay: Delayed 2 second(s)

2018-12-07 10:48:18 - [MESSAGE][PASSED] - Delayed 2 second(s)

2018-12-07 10:48:18 - [TEST_STEP][PASSED] - click: Object: 'Object Repository/Final Object Repo/Page_Update Add New Employee - ASSIST/Save Button for Add Employee' is clicked on

2018-12-07 10:48:18 - [MESSAGE][PASSED] - Object: 'Object Repository/Final Object Repo/Page_Update Add New Employee - ASSIST/Save Button for Add Employee' is clicked on

2018-12-07 10:48:18 - [TEST_STEP][PASSED] - delay: Delayed 5 second(s)

2018-12-07 10:48:23 - [MESSAGE][PASSED] - Delayed 5 second(s)

2018-12-07 10:48:23 - [TEST_STEP][PASSED] - waitForElementClickable: Object 'Object Repository/Final Object Repo/Page_Update Add New Employee - ASSIST/Add Employee Button' is clickable

2018-12-07 10:48:23 - [MESSAGE][PASSED] - Object 'Object Repository/Final Object Repo/Page_Update Add New Employee - ASSIST/Add Employee Button' is clickable

2018-12-07 10:48:23 - [TEST_STEP][PASSED] - click: Object: 'Object Repository/Final Object Repo/Page_Update Add New Employee - ASSIST/Add Employee Button' is clicked on

2018-12-07 10:48:24 - [MESSAGE][PASSED] - Object: 'Object Repository/Final Object Repo/Page_Update Add New Employee - ASSIST/Add Employee Button' is clicked on

2018-12-07 10:48:24 - [TEST_STEP][PASSED] - delay: Delayed 4 second(s)

2018-12-07 10:48:28 - [MESSAGE][PASSED] - Delayed 4 second(s)

2018-12-07 10:48:28 - [TEST_STEP][PASSED] - setText: Text '000209039100' is set on object 'Object Repository/Final Object Repo/Page_Update Add New Employee - ASSIST/NRIC Input'

2018-12-07 10:48:28 - [MESSAGE][PASSED] - Text '000209039100' is set on object 'Object Repository/Final Object Repo/Page_Update Add New Employee - ASSIST/NRIC Input'

2018-12-07 10:48:28 - [TEST_STEP][PASSED] - click: Object: 'Object Repository/Final Object Repo/Page_Update Add New Employee - ASSIST/button for search for IC' is clicked on

2018-12-07 10:48:28 - [MESSAGE][PASSED] - Object: 'Object Repository/Final Object Repo/Page_Update Add New Employee - ASSIST/button for search for IC' is clicked on

2018-12-07 10:48:28 - [TEST_STEP][PASSED] - delay: Delayed 2 second(s)

2018-12-07 10:48:30 - [MESSAGE][PASSED] - Delayed 2 second(s)

2018-12-07 10:48:30 - [TEST_STEP][PASSED] - setText: Text 'Automate002 not eligible 1' is set on object 'Object Repository/Final Object Repo/Page_Update Add New Employee - ASSIST/Employee Name Input'

2018-12-07 10:48:31 - [MESSAGE][PASSED] - Text 'Automate002 not eligible 1' is set on object 'Object Repository/Final Object Repo/Page_Update Add New Employee - ASSIST/Employee Name Input'

2018-12-07 10:48:31 - [TEST_STEP][PASSED] - delay: Delayed 2 second(s)

2018-12-07 10:48:33 - [MESSAGE][PASSED] - Delayed 2 second(s)

2018-12-07 10:48:33 - [TEST_STEP][PASSED] - click: Object: 'Object Repository/Final Object Repo/Page_Update Add New Employee - ASSIST/DatePicker Pop Up' is clicked on

2018-12-07 10:48:33 - [MESSAGE][PASSED] - Object: 'Object Repository/Final Object Repo/Page_Update Add New Employee - ASSIST/DatePicker Pop Up' is clicked on

2018-12-07 10:48:33 - [TEST_STEP][PASSED] - delay: Delayed 2 second(s)

2018-12-07 10:48:35 - [MESSAGE][PASSED] - Delayed 2 second(s)

2018-12-07 10:48:35 - [TEST_STEP][PASSED] - click: Object: 'Object Repository/Final Object Repo/Page_Update Add New Employee - ASSIST/DOB Month' is clicked on

2018-12-07 10:48:35 - [MESSAGE][PASSED] - Object: 'Object Repository/Final Object Repo/Page_Update Add New Employee - ASSIST/DOB Month' is clicked on

2018-12-07 10:48:35 - [TEST_STEP][PASSED] - Statement - selectMonth = com.kms.katalon.core.webui.keyword.WebUiBuiltInKeywords.modifyObjectProperty(selectMonth, "xpath", "equals", "//body/div/div/div/select/option[@value="" + CurrentMonth + ""]", true): Modify property of object successfully

2018-12-07 10:48:35 - [MESSAGE][PASSED] - Modify property of object successfully

2018-12-07 10:48:35 - [TEST_STEP][PASSED] - click: Object: '' is clicked on

2018-12-07 10:48:35 - [MESSAGE][PASSED] - Object: '' is clicked on

2018-12-07 10:48:35 - [TEST_STEP][PASSED] - click: Object: 'Object Repository/Final Object Repo/Page_Update Add New Employee - ASSIST/DOB Year' is clicked on

2018-12-07 10:48:36 - [MESSAGE][PASSED] - Object: 'Object Repository/Final Object Repo/Page_Update Add New Employee - ASSIST/DOB Year' is clicked on

2018-12-07 10:48:36 - [TEST_STEP][PASSED] - Statement - selectYear = com.kms.katalon.core.webui.keyword.WebUiBuiltInKeywords.modifyObjectProperty(selectYear, "xpath", "equals", "//div/div/div/select/option[@value="" + EighteenYrsBefore + ""]", true): Modify property of object successfully

2018-12-07 10:48:36 - [MESSAGE][PASSED] - Modify property of object successfully

2018-12-07 10:48:36 - [TEST_STEP][PASSED] - click: Object: '' is clicked on

2018-12-07 10:48:36 - [MESSAGE][PASSED] - Object: '' is clicked on

2018-12-07 10:48:36 - [TEST_STEP][PASSED] - Statement - UpdatedSelectDate = com.kms.katalon.core.webui.keyword.WebUiBuiltInKeywords.modifyObjectProperty(com.kms.katalon.core.testobject.ObjectRepository.findTestObject(Final Object Repo/Page_Update Add New Employee - ASSIST/DOB Date), "xpath", "equals", "//body/div/table/tbody/tr/td/a[text()="" + OneDayBefore + ""]", true): Modify property of object successfully

2018-12-07 10:48:36 - [MESSAGE][PASSED] - Modify property of object successfully

2018-12-07 10:48:36 - [TEST_STEP][PASSED] - click: Object: 'Object Repository/Final Object Repo/Page_Update Add New Employee - ASSIST/DOB Date' is clicked on

2018-12-07 10:48:36 - [MESSAGE][PASSED] - Object: 'Object Repository/Final Object Repo/Page_Update Add New Employee - ASSIST/DOB Date' is clicked on

2018-12-07 10:48:36 - [TEST_STEP][PASSED] - delay: Delayed 2 second(s)

2018-12-07 10:48:38 - [MESSAGE][PASSED] - Delayed 2 second(s)

2018-12-07 10:48:38 - [TEST_STEP][PASSED] - click: Object: 'Object Repository/Final Object Repo/Page_Update Add New Employee - ASSIST/EmploymentStartDate Pop Up' is clicked on

2018-12-07 10:48:38 - [MESSAGE][PASSED] - Object: 'Object Repository/Final Object Repo/Page_Update Add New Employee - ASSIST/EmploymentStartDate Pop Up' is clicked on

2018-12-07 10:48:38 - [TEST_STEP][PASSED] - delay: Delayed 2 second(s)

2018-12-07 10:48:40 - [MESSAGE][PASSED] - Delayed 2 second(s)

2018-12-07 10:48:40 - [TEST_STEP][PASSED] - click: Object: 'Object Repository/Final Object Repo/Page_Update Add New Employee - ASSIST/Socso Employment StartDate Month' is clicked on

2018-12-07 10:48:40 - [MESSAGE][PASSED] - Object: 'Object Repository/Final Object Repo/Page_Update Add New Employee - ASSIST/Socso Employment StartDate Month' is clicked on

2018-12-07 10:48:40 - [TEST_STEP][PASSED] - delay: Delayed 1 second(s)

2018-12-07 10:48:41 - [MESSAGE][PASSED] - Delayed 1 second(s)

2018-12-07 10:48:41 - [TEST_STEP][PASSED] - click: Object: 'Object Repository/Final Object Repo/Page_Update Add New Employee - ASSIST/Select Socso Employement Startdate Month' is clicked on

2018-12-07 10:48:41 - [MESSAGE][PASSED] - Object: 'Object Repository/Final Object Repo/Page_Update Add New Employee - ASSIST/Select Socso Employement Startdate Month' is clicked on

2018-12-07 10:48:41 - [TEST_STEP][PASSED] - delay: Delayed 2 second(s)

2018-12-07 10:48:43 - [MESSAGE][PASSED] - Delayed 2 second(s)

2018-12-07 10:48:43 - [TEST_STEP][PASSED] - click: Object: 'Object Repository/Final Object Repo/Page_Update Add New Employee - ASSIST/Socso Employment StartDate Year' is clicked on

2018-12-07 10:48:44 - [MESSAGE][PASSED] - Object: 'Object Repository/Final Object Repo/Page_Update Add New Employee - ASSIST/Socso Employment StartDate Year' is clicked on

2018-12-07 10:48:44 - [TEST_STEP][PASSED] - delay: Delayed 1 second(s)

2018-12-07 10:48:45 - [MESSAGE][PASSED] - Delayed 1 second(s)

2018-12-07 10:48:45 - [TEST_STEP][PASSED] - click: Object: 'Object Repository/Final Object Repo/Page_Update Add New Employee - ASSIST/Select Socso Employment Startdate Year' is clicked on

2018-12-07 10:48:45 - [MESSAGE][PASSED] - Object: 'Object Repository/Final Object Repo/Page_Update Add New Employee - ASSIST/Select Socso Employment Startdate Year' is clicked on

2018-12-07 10:48:45 - [TEST_STEP][PASSED] - delay: Delayed 2 second(s)

2018-12-07 10:48:47 - [MESSAGE][PASSED] - Delayed 2 second(s)

2018-12-07 10:48:47 - [TEST_STEP][PASSED] - click: Object: 'Object Repository/Final Object Repo/Page_Update Add New Employee - ASSIST/Socso Employment Start Date Day' is clicked on

2018-12-07 10:48:47 - [MESSAGE][PASSED] - Object: 'Object Repository/Final Object Repo/Page_Update Add New Employee - ASSIST/Socso Employment Start Date Day' is clicked on

2018-12-07 10:48:47 - [TEST_STEP][PASSED] - delay: Delayed 2 second(s)

2018-12-07 10:48:49 - [MESSAGE][PASSED] - Delayed 2 second(s)

2018-12-07 10:48:49 - [TEST_STEP][PASSED] - click: Object: 'Object Repository/Final Object Repo/Page_Update Add New Employee - ASSIST/Save Button for Add Employee' is clicked on

2018-12-07 10:48:49 - [MESSAGE][PASSED] - Object: 'Object Repository/Final Object Repo/Page_Update Add New Employee - ASSIST/Save Button for Add Employee' is clicked on

2018-12-07 10:48:49 - [TEST_STEP][PASSED] - delay: Delayed 20 second(s)

2018-12-07 10:49:09 - [MESSAGE][PASSED] - Delayed 20 second(s)

2018-12-07 10:49:09 - [TEST_STEP][PASSED] - click: Object: 'Object Repository/Final Object Repo/Page_Update Add New Employee - ASSIST/Add Employee Button' is clicked on

2018-12-07 10:49:10 - [MESSAGE][PASSED] - Object: 'Object Repository/Final Object Repo/Page_Update Add New Employee - ASSIST/Add Employee Button' is clicked on

2018-12-07 10:49:10 - [TEST_STEP][PASSED] - delay: Delayed 4 second(s)

2018-12-07 10:49:14 - [MESSAGE][PASSED] - Delayed 4 second(s)

2018-12-07 10:49:14 - [TEST_STEP][PASSED] - setText: Text '600203039104' is set on object 'Object Repository/Final Object Repo/Page_Update Add New Employee - ASSIST/NRIC Input'

2018-12-07 10:49:14 - [MESSAGE][PASSED] - Text '600203039104' is set on object 'Object Repository/Final Object Repo/Page_Update Add New Employee - ASSIST/NRIC Input'

2018-12-07 10:49:14 - [TEST_STEP][PASSED] - click: Object: 'Object Repository/Final Object Repo/Page_Update Add New Employee - ASSIST/button for search for IC' is clicked on

2018-12-07 10:49:14 - [MESSAGE][PASSED] - Object: 'Object Repository/Final Object Repo/Page_Update Add New Employee - ASSIST/button for search for IC' is clicked on

2018-12-07 10:49:14 - [TEST_STEP][PASSED] - delay: Delayed 2 second(s)

2018-12-07 10:49:16 - [MESSAGE][PASSED] - Delayed 2 second(s)

2018-12-07 10:49:16 - [TEST_STEP][PASSED] - setText: Text 'Automate002 not eligible 2' is set on object 'Object Repository/Final Object Repo/Page_Update Add New Employee - ASSIST/Employee Name Input'

2018-12-07 10:49:17 - [MESSAGE][PASSED] - Text 'Automate002 not eligible 2' is set on object 'Object Repository/Final Object Repo/Page_Update Add New Employee - ASSIST/Employee Name Input'

2018-12-07 10:49:17 - [TEST_STEP][PASSED] - delay: Delayed 2 second(s)

2018-12-07 10:49:19 - [MESSAGE][PASSED] - Delayed 2 second(s)

2018-12-07 10:49:19 - [TEST_STEP][PASSED] - click: Object: 'Object Repository/Final Object Repo/Page_Update Add New Employee - ASSIST/DatePicker Pop Up' is clicked on

2018-12-07 10:49:19 - [MESSAGE][PASSED] - Object: 'Object Repository/Final Object Repo/Page_Update Add New Employee - ASSIST/DatePicker Pop Up' is clicked on

2018-12-07 10:49:19 - [TEST_STEP][PASSED] - delay: Delayed 2 second(s)

2018-12-07 10:49:21 - [MESSAGE][PASSED] - Delayed 2 second(s)

2018-12-07 10:49:21 - [TEST_STEP][PASSED] - click: Object: 'Object Repository/Final Object Repo/Page_Update Add New Employee - ASSIST/DOB Month' is clicked on

2018-12-07 10:49:21 - [MESSAGE][PASSED] - Object: 'Object Repository/Final Object Repo/Page_Update Add New Employee - ASSIST/DOB Month' is clicked on

2018-12-07 10:49:21 - [TEST_STEP][PASSED] - Statement - selectMonth = com.kms.katalon.core.webui.keyword.WebUiBuiltInKeywords.modifyObjectProperty(selectMonth, "xpath", "equals", "//body/div/div/div/select/option[@value="" + CurrentMonth + ""]", true): Modify property of object successfully

2018-12-07 10:49:21 - [MESSAGE][PASSED] - Modify property of object successfully

2018-12-07 10:49:21 - [TEST_STEP][PASSED] - click: Object: '' is clicked on

2018-12-07 10:49:21 - [MESSAGE][PASSED] - Object: '' is clicked on

2018-12-07 10:49:21 - [TEST_STEP][PASSED] - click: Object: 'Object Repository/Final Object Repo/Page_Update Add New Employee - ASSIST/DOB Year' is clicked on

2018-12-07 10:49:22 - [MESSAGE][PASSED] - Object: 'Object Repository/Final Object Repo/Page_Update Add New Employee - ASSIST/DOB Year' is clicked on

2018-12-07 10:49:22 - [TEST_STEP][PASSED] - Statement - selectYear = com.kms.katalon.core.webui.keyword.WebUiBuiltInKeywords.modifyObjectProperty(selectYear, "xpath", "equals", "//div/div/div/select/option[@value="" + FiftysevenYrsBefore + ""]", true): Modify property of object successfully

2018-12-07 10:49:22 - [MESSAGE][PASSED] - Modify property of object successfully

2018-12-07 10:49:22 - [TEST_STEP][PASSED] - click: Object: '' is clicked on

2018-12-07 10:49:22 - [MESSAGE][PASSED] - Object: '' is clicked on

2018-12-07 10:49:22 - [TEST_STEP][PASSED] - Statement - UpdatedSelectDate = com.kms.katalon.core.webui.keyword.WebUiBuiltInKeywords.modifyObjectProperty(com.kms.katalon.core.testobject.ObjectRepository.findTestObject(Final Object Repo/Page_Update Add New Employee - ASSIST/DOB Date), "xpath", "equals", "//body/div/table/tbody/tr/td/a[text()="" + CurrentDate + ""]", true): Modify property of object successfully

2018-12-07 10:49:22 - [MESSAGE][PASSED] - Modify property of object successfully

2018-12-07 10:49:22 - [TEST_STEP][PASSED] - click: Object: 'Object Repository/Final Object Repo/Page_Update Add New Employee - ASSIST/DOB Date' is clicked on

2018-12-07 10:49:22 - [MESSAGE][PASSED] - Object: 'Object Repository/Final Object Repo/Page_Update Add New Employee - ASSIST/DOB Date' is clicked on

2018-12-07 10:49:22 - [TEST_STEP][PASSED] - click: Object: 'Object Repository/Final Object Repo/Page_Update Add New Employee - ASSIST/EmploymentStartDate Pop Up' is clicked on

2018-12-07 10:49:22 - [MESSAGE][PASSED] - Object: 'Object Repository/Final Object Repo/Page_Update Add New Employee - ASSIST/EmploymentStartDate Pop Up' is clicked on

2018-12-07 10:49:22 - [TEST_STEP][PASSED] - delay: Delayed 2 second(s)

2018-12-07 10:49:24 - [MESSAGE][PASSED] - Delayed 2 second(s)

2018-12-07 10:49:24 - [TEST_STEP][PASSED] - click: Object: 'Object Repository/Final Object Repo/Page_Update Add New Employee - ASSIST/Socso Employment StartDate Month' is clicked on

2018-12-07 10:49:24 - [MESSAGE][PASSED] - Object: 'Object Repository/Final Object Repo/Page_Update Add New Employee - ASSIST/Socso Employment StartDate Month' is clicked on

2018-12-07 10:49:24 - [TEST_STEP][PASSED] - delay: Delayed 1 second(s)

2018-12-07 10:49:25 - [MESSAGE][PASSED] - Delayed 1 second(s)

2018-12-07 10:49:25 - [TEST_STEP][PASSED] - click: Object: 'Object Repository/Final Object Repo/Page_Update Add New Employee - ASSIST/Select Socso Employement Startdate Month' is clicked on

2018-12-07 10:49:25 - [MESSAGE][PASSED] - Object: 'Object Repository/Final Object Repo/Page_Update Add New Employee - ASSIST/Select Socso Employement Startdate Month' is clicked on

2018-12-07 10:49:25 - [TEST_STEP][PASSED] - delay: Delayed 2 second(s)

2018-12-07 10:49:28 - [MESSAGE][PASSED] - Delayed 2 second(s)

2018-12-07 10:49:28 - [TEST_STEP][PASSED] - click: Object: 'Object Repository/Final Object Repo/Page_Update Add New Employee - ASSIST/Socso Employment StartDate Year' is clicked on

2018-12-07 10:49:28 - [MESSAGE][PASSED] - Object: 'Object Repository/Final Object Repo/Page_Update Add New Employee - ASSIST/Socso Employment StartDate Year' is clicked on

2018-12-07 10:49:28 - [TEST_STEP][PASSED] - delay: Delayed 1 second(s)

2018-12-07 10:49:29 - [MESSAGE][PASSED] - Delayed 1 second(s)

2018-12-07 10:49:29 - [TEST_STEP][PASSED] - click: Object: 'Object Repository/Final Object Repo/Page_Update Add New Employee - ASSIST/Select Socso Employment Startdate Year' is clicked on

2018-12-07 10:49:29 - [MESSAGE][PASSED] - Object: 'Object Repository/Final Object Repo/Page_Update Add New Employee - ASSIST/Select Socso Employment Startdate Year' is clicked on

2018-12-07 10:49:29 - [TEST_STEP][PASSED] - delay: Delayed 2 second(s)

2018-12-07 10:49:31 - [MESSAGE][PASSED] - Delayed 2 second(s)

2018-12-07 10:49:31 - [TEST_STEP][PASSED] - click: Object: 'Object Repository/Final Object Repo/Page_Update Add New Employee - ASSIST/Socso Employment Start Date Day' is clicked on

2018-12-07 10:49:31 - [MESSAGE][PASSED] - Object: 'Object Repository/Final Object Repo/Page_Update Add New Employee - ASSIST/Socso Employment Start Date Day' is clicked on

2018-12-07 10:49:31 - [TEST_STEP][PASSED] - delay: Delayed 2 second(s)

2018-12-07 10:49:33 - [MESSAGE][PASSED] - Delayed 2 second(s)

2018-12-07 10:49:33 - [TEST_STEP][PASSED] - click: Object: 'Object Repository/Final Object Repo/Page_Update Add New Employee - ASSIST/Save Button for Add Employee' is clicked on

2018-12-07 10:49:33 - [MESSAGE][PASSED] - Object: 'Object Repository/Final Object Repo/Page_Update Add New Employee - ASSIST/Save Button for Add Employee' is clicked on

2018-12-07 10:49:33 - [MESSAGE][PASSED] - Call Test Case 'Test Cases/Final Aug 2018 - PKS Automation/Registration Module/Workflow/Update Add New Employee/Template/Employee Adding/Employee Adding Action Repeat IC - set 2' successfully

2018-12-07 10:49:33 - [MESSAGE][PASSED] - Call Test Case 'Test Cases/Final Aug 2018 - PKS Automation/Registration Module/Workflow/Update Add New Employee/Template/Employee Adding/Employee Set Decider' successfully

2018-12-07 10:49:33 - [TEST_STEP][PASSED] - delay: Delayed 4 second(s)

2018-12-07 10:49:37 - [MESSAGE][PASSED] - Delayed 4 second(s)

2018-12-07 10:49:37 - [TEST_STEP][PASSED] - Statement - CaseReferenceNo = com.kms.katalon.core.webui.keyword.WebUiBuiltInKeywords.getText(com.kms.katalon.core.testobject.ObjectRepository.findTestObject(Final Object Repo/Page_Update Add New Employee - ASSIST/RefNo)): Text of object 'Object Repository/Final Object Repo/Page_Update Add New Employee - ASSIST/RefNo' is: 'CAN12201800002284'

2018-12-07 10:49:37 - [MESSAGE][PASSED] - Text of object 'Object Repository/Final Object Repo/Page_Update Add New Employee - ASSIST/RefNo' is: 'CAN12201800002284'

2018-12-07 10:49:37 - [TEST_STEP][PASSED] - callTestCase: Call Test Case 'Test Cases/Final Aug 2018 - PKS Automation/Common/Reference Number Setter' successfully

2018-12-07 10:49:37 - [TEST_CASE][PASSED] - Test Cases/Final Aug 2018 - PKS Automation/Common/Reference Number Setter: Test Cases/Final Aug 2018 - PKS Automation/Common/Reference Number Setter

2018-12-07 10:49:37 - [TEST_STEP][PASSED] - Statement - RefNoOldFile = new java.io.File(C://Users//Admin//Desktop//PKS//Automation Reference Point//KatalonReference.txt): null

2018-12-07 10:49:37 - [TEST_STEP][PASSED] - Statement - RefNoOldFile.delete(): null

2018-12-07 10:49:37 - [TEST_STEP][PASSED] - delay: Delayed 5 second(s)

2018-12-07 10:49:42 - [MESSAGE][PASSED] - Delayed 5 second(s)

2018-12-07 10:49:42 - [TEST_STEP][PASSED] - Statement - RefNo = new java.io.File(C://Users//Admin//Desktop//PKS//Automation Reference Point//KatalonReference.txt): null

2018-12-07 10:49:42 - [TEST_STEP][PASSED] - Statement - f2 = new java.io.FileWriter(RefNo, false): null

2018-12-07 10:49:42 - [TEST_STEP][PASSED] - Statement - f2.write(CaseReferenceNo): null

2018-12-07 10:49:42 - [TEST_STEP][PASSED] - Statement - f2.close(): null

2018-12-07 10:49:42 - [TEST_STEP][PASSED] - Statement - out.println("


" + CaseReferenceNo + "


"): null

2018-12-07 10:49:42 - [MESSAGE][PASSED] - Call Test Case 'Test Cases/Final Aug 2018 - PKS Automation/Common/Reference Number Setter' successfully

2018-12-07 10:49:42 - [TEST_STEP][PASSED] - delay: Delayed 5 second(s)

2018-12-07 10:49:47 - [MESSAGE][PASSED] - Delayed 5 second(s)

2018-12-07 10:49:47 - [TEST_STEP][PASSED] - click: Object: 'Object Repository/Final Object Repo/Page_Update Add New Employee - ASSIST/Incomplete Checkbox' is clicked on

2018-12-07 10:49:48 - [MESSAGE][PASSED] - Object: 'Object Repository/Final Object Repo/Page_Update Add New Employee - ASSIST/Incomplete Checkbox' is clicked on

2018-12-07 10:49:48 - [TEST_STEP][PASSED] - delay: Delayed 5 second(s)

2018-12-07 10:49:53 - [MESSAGE][PASSED] - Delayed 5 second(s)

2018-12-07 10:49:53 - [TEST_STEP][PASSED] - click: Object: 'Object Repository/Final Object Repo/Page_Update Add New Employee - ASSIST/Save  Continue Button' is clicked on

2018-12-07 10:49:53 - [MESSAGE][PASSED] - Object: 'Object Repository/Final Object Repo/Page_Update Add New Employee - ASSIST/Save  Continue Button' is clicked on

2018-12-07 10:49:53 - [TEST_STEP][PASSED] - delay: Delayed 6 second(s)

2018-12-07 10:49:59 - [MESSAGE][PASSED] - Delayed 6 second(s)

2018-12-07 10:49:59 - [TEST_STEP][PASSED] - click: Object: 'Object Repository/Final Object Repo/Page_Update Add New Employee - ASSIST/Save  Continue Third Screen' is clicked on

2018-12-07 10:50:02 - [MESSAGE][PASSED] - Object: 'Object Repository/Final Object Repo/Page_Update Add New Employee - ASSIST/Save  Continue Third Screen' is clicked on

2018-12-07 10:50:02 - [TEST_STEP][PASSED] - delay: Delayed 4 second(s)

2018-12-07 10:50:06 - [MESSAGE][PASSED] - Delayed 4 second(s)

2018-12-07 10:50:06 - [TEST_STEP][PASSED] - click: Object: 'Object Repository/Final Object Repo/Page_Update Add New Employee - ASSIST/Save   Continue Supporting Doc Page' is clicked on

2018-12-07 10:50:06 - [MESSAGE][PASSED] - Object: 'Object Repository/Final Object Repo/Page_Update Add New Employee - ASSIST/Save   Continue Supporting Doc Page' is clicked on

2018-12-07 10:50:06 - [TEST_STEP][PASSED] - delay: Delayed 4 second(s)

2018-12-07 10:50:10 - [MESSAGE][PASSED] - Delayed 4 second(s)

2018-12-07 10:50:10 - [TEST_STEP][PASSED] - click: Object: 'Object Repository/Final Object Repo/Page_Update Add New Employee - ASSIST/Submit Button' is clicked on

2018-12-07 10:50:10 - [MESSAGE][PASSED] - Object: 'Object Repository/Final Object Repo/Page_Update Add New Employee - ASSIST/Submit Button' is clicked on

2018-12-07 10:50:10 - [TEST_STEP][PASSED] - delay: Delayed 4 second(s)

2018-12-07 10:50:14 - [MESSAGE][PASSED] - Delayed 4 second(s)

2018-12-07 10:50:14 - [TEST_STEP][PASSED] - click: Object: 'Object Repository/Final Object Repo/Page_Update Add New Employee - ASSIST/Confirm Submit Button' is clicked on

2018-12-07 10:50:14 - [MESSAGE][PASSED] - Object: 'Object Repository/Final Object Repo/Page_Update Add New Employee - ASSIST/Confirm Submit Button' is clicked on

2018-12-07 10:50:14 - [TEST_STEP][PASSED] - delay: Delayed 30 second(s)

2018-12-07 10:50:44 - [MESSAGE][PASSED] - Delayed 30 second(s)

2018-12-07 10:50:44 - [TEST_STEP][PASSED] - callTestCase: Call Test Case 'Test Cases/Final Aug 2018 - PKS Automation/Common/Screenshoting tool' successfully

2018-12-07 10:50:44 - [TEST_CASE][PASSED] - Test Cases/Final Aug 2018 - PKS Automation/Common/Screenshoting tool: Test Cases/Final Aug 2018 - PKS Automation/Common/Screenshoting tool

2018-12-07 10:50:44 - [TEST_STEP][PASSED] - delay: Delayed 15 second(s)

2018-12-07 10:50:59 - [MESSAGE][PASSED] - Delayed 15 second(s)

2018-12-07 10:50:59 - [TEST_STEP][PASSED] - Statement - driver = com.kms.katalon.core.webui.driver.DriverFactory.getWebDriver(): null

2018-12-07 10:50:59 - [TEST_STEP][PASSED] - Statement - driver.manage().timeouts().implicitlyWait(10, SECONDS): null

2018-12-07 10:50:59 - [TEST_STEP][PASSED] - Statement - PresavePath = KatalonScreenshots: null

2018-12-07 10:50:59 - [TEST_STEP][PASSED] - Statement - pathPrefix = "C:\Users\Public\Pictures\Sample Pictures\Katalon Screenshots\Automate Ending Screen": null

2018-12-07 10:50:59 - [TEST_STEP][PASSED] - Statement - finalPath = <not implemented yet for class: org.codehaus.groovy.ast.expr.EmptyExpression>: null

2018-12-07 10:50:59 - [TEST_STEP][PASSED] - Statement - scrFile = driver.getScreenshotAs(FILE): null

2018-12-07 10:51:00 - [TEST_STEP][PASSED] - Statement - PreSaveFile = new java.io.File(PresavePath): null

2018-12-07 10:51:00 - [TEST_STEP][PASSED] - Statement - counter = 0: null

2018-12-07 10:51:00 - [TEST_STEP][PASSED] - Statement - If (PreSaveFile.exists()): null

2018-12-07 10:51:00 - [TEST_STEP][PASSED] - Statement - While (PreSaveFile.exists()): null

2018-12-07 10:51:00 - [TEST_STEP][PASSED] - Statement - counter = counter + 1: null

2018-12-07 10:51:00 - [TEST_STEP][PASSED] - Statement - PreSaveFile = new java.io.File(((pathPrefix + java.lang.Integer.toString(counter)) + .png)): null

2018-12-07 10:51:00 - [TEST_STEP][PASSED] - Statement - counter = counter + 1: null

2018-12-07 10:51:00 - [TEST_STEP][PASSED] - Statement - PreSaveFile = new java.io.File(((pathPrefix + java.lang.Integer.toString(counter)) + .png)): null

2018-12-07 10:51:00 - [TEST_STEP][PASSED] - Statement - counter = counter + 1: null

2018-12-07 10:51:00 - [TEST_STEP][PASSED] - Statement - PreSaveFile = new java.io.File(((pathPrefix + java.lang.Integer.toString(counter)) + .png)): null

2018-12-07 10:51:00 - [TEST_STEP][PASSED] - Statement - counter = counter + 1: null

2018-12-07 10:51:00 - [TEST_STEP][PASSED] - Statement - PreSaveFile = new java.io.File(((pathPrefix + java.lang.Integer.toString(counter)) + .png)): null

2018-12-07 10:51:00 - [TEST_STEP][PASSED] - Statement - counter = counter + 1: null

2018-12-07 10:51:00 - [TEST_STEP][PASSED] - Statement - PreSaveFile = new java.io.File(((pathPrefix + java.lang.Integer.toString(counter)) + .png)): null

2018-12-07 10:51:00 - [TEST_STEP][PASSED] - Statement - counter = counter + 1: null

2018-12-07 10:51:00 - [TEST_STEP][PASSED] - Statement - PreSaveFile = new java.io.File(((pathPrefix + java.lang.Integer.toString(counter)) + .png)): null

2018-12-07 10:51:00 - [TEST_STEP][PASSED] - Statement - counter = counter + 1: null

2018-12-07 10:51:00 - [TEST_STEP][PASSED] - Statement - PreSaveFile = new java.io.File(((pathPrefix + java.lang.Integer.toString(counter)) + .png)): null

2018-12-07 10:51:00 - [TEST_STEP][PASSED] - Statement - counter = counter + 1: null

2018-12-07 10:51:00 - [TEST_STEP][PASSED] - Statement - PreSaveFile = new java.io.File(((pathPrefix + java.lang.Integer.toString(counter)) + .png)): null

2018-12-07 10:51:00 - [TEST_STEP][PASSED] - Statement - counter = counter + 1: null

2018-12-07 10:51:00 - [TEST_STEP][PASSED] - Statement - PreSaveFile = new java.io.File(((pathPrefix + java.lang.Integer.toString(counter)) + .png)): null

2018-12-07 10:51:00 - [TEST_STEP][PASSED] - Statement - counter = counter + 1: null

2018-12-07 10:51:00 - [TEST_STEP][PASSED] - Statement - PreSaveFile = new java.io.File(((pathPrefix + java.lang.Integer.toString(counter)) + .png)): null

2018-12-07 10:51:00 - [TEST_STEP][PASSED] - Statement - counter = counter + 1: null

2018-12-07 10:51:00 - [TEST_STEP][PASSED] - Statement - PreSaveFile = new java.io.File(((pathPrefix + java.lang.Integer.toString(counter)) + .png)): null

2018-12-07 10:51:00 - [TEST_STEP][PASSED] - Statement - counter = counter + 1: null

2018-12-07 10:51:00 - [TEST_STEP][PASSED] - Statement - PreSaveFile = new java.io.File(((pathPrefix + java.lang.Integer.toString(counter)) + .png)): null

2018-12-07 10:51:00 - [TEST_STEP][PASSED] - Statement - counter = counter + 1: null

2018-12-07 10:51:00 - [TEST_STEP][PASSED] - Statement - PreSaveFile = new java.io.File(((pathPrefix + java.lang.Integer.toString(counter)) + .png)): null

2018-12-07 10:51:00 - [TEST_STEP][PASSED] - Statement - counter = counter + 1: null

2018-12-07 10:51:00 - [TEST_STEP][PASSED] - Statement - PreSaveFile = new java.io.File(((pathPrefix + java.lang.Integer.toString(counter)) + .png)): null

2018-12-07 10:51:00 - [TEST_STEP][PASSED] - Statement - counter = counter + 1: null

2018-12-07 10:51:00 - [TEST_STEP][PASSED] - Statement - PreSaveFile = new java.io.File(((pathPrefix + java.lang.Integer.toString(counter)) + .png)): null

2018-12-07 10:51:00 - [TEST_STEP][PASSED] - Statement - counter = counter + 1: null

2018-12-07 10:51:00 - [TEST_STEP][PASSED] - Statement - PreSaveFile = new java.io.File(((pathPrefix + java.lang.Integer.toString(counter)) + .png)): null

2018-12-07 10:51:00 - [TEST_STEP][PASSED] - Statement - counter = counter + 1: null

2018-12-07 10:51:00 - [TEST_STEP][PASSED] - Statement - PreSaveFile = new java.io.File(((pathPrefix + java.lang.Integer.toString(counter)) + .png)): null

2018-12-07 10:51:00 - [TEST_STEP][PASSED] - Statement - counter = counter + 1: null

2018-12-07 10:51:00 - [TEST_STEP][PASSED] - Statement - PreSaveFile = new java.io.File(((pathPrefix + java.lang.Integer.toString(counter)) + .png)): null

2018-12-07 10:51:00 - [TEST_STEP][PASSED] - Statement - counter = counter + 1: null

2018-12-07 10:51:01 - [TEST_STEP][PASSED] - Statement - PreSaveFile = new java.io.File(((pathPrefix + java.lang.Integer.toString(counter)) + .png)): null

2018-12-07 10:51:01 - [TEST_STEP][PASSED] - Statement - counter = counter + 1: null

2018-12-07 10:51:01 - [TEST_STEP][PASSED] - Statement - PreSaveFile = new java.io.File(((pathPrefix + java.lang.Integer.toString(counter)) + .png)): null

2018-12-07 10:51:01 - [TEST_STEP][PASSED] - Statement - counter = counter + 1: null

2018-12-07 10:51:01 - [TEST_STEP][PASSED] - Statement - PreSaveFile = new java.io.File(((pathPrefix + java.lang.Integer.toString(counter)) + .png)): null

2018-12-07 10:51:01 - [TEST_STEP][PASSED] - Statement - counter = counter + 1: null

2018-12-07 10:51:01 - [TEST_STEP][PASSED] - Statement - PreSaveFile = new java.io.File(((pathPrefix + java.lang.Integer.toString(counter)) + .png)): null

2018-12-07 10:51:01 - [TEST_STEP][PASSED] - Statement - counter = counter + 1: null

2018-12-07 10:51:01 - [TEST_STEP][PASSED] - Statement - PreSaveFile = new java.io.File(((pathPrefix + java.lang.Integer.toString(counter)) + .png)): null

2018-12-07 10:51:01 - [TEST_STEP][PASSED] - Statement - counter = counter + 1: null

2018-12-07 10:51:01 - [TEST_STEP][PASSED] - Statement - PreSaveFile = new java.io.File(((pathPrefix + java.lang.Integer.toString(counter)) + .png)): null

2018-12-07 10:51:01 - [TEST_STEP][PASSED] - Statement - counter = counter + 1: null

2018-12-07 10:51:01 - [TEST_STEP][PASSED] - Statement - PreSaveFile = new java.io.File(((pathPrefix + java.lang.Integer.toString(counter)) + .png)): null

2018-12-07 10:51:01 - [TEST_STEP][PASSED] - Statement - counter = counter + 1: null

2018-12-07 10:51:01 - [TEST_STEP][PASSED] - Statement - PreSaveFile = new java.io.File(((pathPrefix + java.lang.Integer.toString(counter)) + .png)): null

2018-12-07 10:51:01 - [TEST_STEP][PASSED] - Statement - counter = counter + 1: null

2018-12-07 10:51:01 - [TEST_STEP][PASSED] - Statement - PreSaveFile = new java.io.File(((pathPrefix + java.lang.Integer.toString(counter)) + .png)): null

2018-12-07 10:51:01 - [TEST_STEP][PASSED] - Statement - counter = counter + 1: null

2018-12-07 10:51:01 - [TEST_STEP][PASSED] - Statement - PreSaveFile = new java.io.File(((pathPrefix + java.lang.Integer.toString(counter)) + .png)): null

2018-12-07 10:51:01 - [TEST_STEP][PASSED] - Statement - counter = counter + 1: null

2018-12-07 10:51:01 - [TEST_STEP][PASSED] - Statement - PreSaveFile = new java.io.File(((pathPrefix + java.lang.Integer.toString(counter)) + .png)): null

2018-12-07 10:51:01 - [TEST_STEP][PASSED] - Statement - counter = counter + 1: null

2018-12-07 10:51:01 - [TEST_STEP][PASSED] - Statement - PreSaveFile = new java.io.File(((pathPrefix + java.lang.Integer.toString(counter)) + .png)): null

2018-12-07 10:51:01 - [TEST_STEP][PASSED] - Statement - counter = counter + 1: null

2018-12-07 10:51:01 - [TEST_STEP][PASSED] - Statement - PreSaveFile = new java.io.File(((pathPrefix + java.lang.Integer.toString(counter)) + .png)): null

2018-12-07 10:51:01 - [TEST_STEP][PASSED] - Statement - counter = counter + 1: null

2018-12-07 10:51:01 - [TEST_STEP][PASSED] - Statement - PreSaveFile = new java.io.File(((pathPrefix + java.lang.Integer.toString(counter)) + .png)): null

2018-12-07 10:51:01 - [TEST_STEP][PASSED] - Statement - counter = counter + 1: null

2018-12-07 10:51:02 - [TEST_STEP][PASSED] - Statement - PreSaveFile = new java.io.File(((pathPrefix + java.lang.Integer.toString(counter)) + .png)): null

2018-12-07 10:51:02 - [TEST_STEP][PASSED] - Statement - counter = counter + 1: null

2018-12-07 10:51:02 - [TEST_STEP][PASSED] - Statement - PreSaveFile = new java.io.File(((pathPrefix + java.lang.Integer.toString(counter)) + .png)): null

2018-12-07 10:51:02 - [TEST_STEP][PASSED] - Statement - counter = counter + 1: null

2018-12-07 10:51:02 - [TEST_STEP][PASSED] - Statement - PreSaveFile = new java.io.File(((pathPrefix + java.lang.Integer.toString(counter)) + .png)): null

2018-12-07 10:51:02 - [TEST_STEP][PASSED] - Statement - counter = counter + 1: null

2018-12-07 10:51:02 - [TEST_STEP][PASSED] - Statement - PreSaveFile = new java.io.File(((pathPrefix + java.lang.Integer.toString(counter)) + .png)): null

2018-12-07 10:51:02 - [TEST_STEP][PASSED] - Statement - counter = counter + 1: null

2018-12-07 10:51:02 - [TEST_STEP][PASSED] - Statement - PreSaveFile = new java.io.File(((pathPrefix + java.lang.Integer.toString(counter)) + .png)): null

2018-12-07 10:51:02 - [TEST_STEP][PASSED] - Statement - counter = counter + 1: null

2018-12-07 10:51:02 - [TEST_STEP][PASSED] - Statement - PreSaveFile = new java.io.File(((pathPrefix + java.lang.Integer.toString(counter)) + .png)): null

2018-12-07 10:51:02 - [TEST_STEP][PASSED] - Statement - counter = counter + 1: null

2018-12-07 10:51:02 - [TEST_STEP][PASSED] - Statement - PreSaveFile = new java.io.File(((pathPrefix + java.lang.Integer.toString(counter)) + .png)): null

2018-12-07 10:51:02 - [TEST_STEP][PASSED] - Statement - counter = counter + 1: null

2018-12-07 10:51:02 - [TEST_STEP][PASSED] - Statement - PreSaveFile = new java.io.File(((pathPrefix + java.lang.Integer.toString(counter)) + .png)): null

2018-12-07 10:51:02 - [TEST_STEP][PASSED] - Statement - counter = counter + 1: null

2018-12-07 10:51:02 - [TEST_STEP][PASSED] - Statement - PreSaveFile = new java.io.File(((pathPrefix + java.lang.Integer.toString(counter)) + .png)): null

2018-12-07 10:51:02 - [TEST_STEP][PASSED] - Statement - counter = counter + 1: null

2018-12-07 10:51:02 - [TEST_STEP][PASSED] - Statement - PreSaveFile = new java.io.File(((pathPrefix + java.lang.Integer.toString(counter)) + .png)): null

2018-12-07 10:51:02 - [TEST_STEP][PASSED] - Statement - counter = counter + 1: null

2018-12-07 10:51:02 - [TEST_STEP][PASSED] - Statement - PreSaveFile = new java.io.File(((pathPrefix + java.lang.Integer.toString(counter)) + .png)): null

2018-12-07 10:51:02 - [TEST_STEP][PASSED] - Statement - counter = counter + 1: null

2018-12-07 10:51:02 - [TEST_STEP][PASSED] - Statement - PreSaveFile = new java.io.File(((pathPrefix + java.lang.Integer.toString(counter)) + .png)): null

2018-12-07 10:51:02 - [TEST_STEP][PASSED] - Statement - counter = counter + 1: null

2018-12-07 10:51:02 - [TEST_STEP][PASSED] - Statement - PreSaveFile = new java.io.File(((pathPrefix + java.lang.Integer.toString(counter)) + .png)): null

2018-12-07 10:51:02 - [TEST_STEP][PASSED] - Statement - counter = counter + 1: null

2018-12-07 10:51:02 - [TEST_STEP][PASSED] - Statement - PreSaveFile = new java.io.File(((pathPrefix + java.lang.Integer.toString(counter)) + .png)): null

2018-12-07 10:51:02 - [TEST_STEP][PASSED] - Statement - counter = counter + 1: null

2018-12-07 10:51:02 - [TEST_STEP][PASSED] - Statement - PreSaveFile = new java.io.File(((pathPrefix + java.lang.Integer.toString(counter)) + .png)): null

2018-12-07 10:51:03 - [TEST_STEP][PASSED] - Statement - counter = counter + 1: null

2018-12-07 10:51:03 - [TEST_STEP][PASSED] - Statement - PreSaveFile = new java.io.File(((pathPrefix + java.lang.Integer.toString(counter)) + .png)): null

2018-12-07 10:51:03 - [TEST_STEP][PASSED] - Statement - counter = counter + 1: null

2018-12-07 10:51:03 - [TEST_STEP][PASSED] - Statement - PreSaveFile = new java.io.File(((pathPrefix + java.lang.Integer.toString(counter)) + .png)): null

2018-12-07 10:51:03 - [TEST_STEP][PASSED] - Statement - counter = counter + 1: null

2018-12-07 10:51:03 - [TEST_STEP][PASSED] - Statement - PreSaveFile = new java.io.File(((pathPrefix + java.lang.Integer.toString(counter)) + .png)): null

2018-12-07 10:51:03 - [TEST_STEP][PASSED] - Statement - counter = counter + 1: null

2018-12-07 10:51:03 - [TEST_STEP][PASSED] - Statement - PreSaveFile = new java.io.File(((pathPrefix + java.lang.Integer.toString(counter)) + .png)): null

2018-12-07 10:51:03 - [TEST_STEP][PASSED] - Statement - counter = counter + 1: null

2018-12-07 10:51:03 - [TEST_STEP][PASSED] - Statement - PreSaveFile = new java.io.File(((pathPrefix + java.lang.Integer.toString(counter)) + .png)): null

2018-12-07 10:51:03 - [TEST_STEP][PASSED] - Statement - counter = counter + 1: null

2018-12-07 10:51:03 - [TEST_STEP][PASSED] - Statement - PreSaveFile = new java.io.File(((pathPrefix + java.lang.Integer.toString(counter)) + .png)): null

2018-12-07 10:51:03 - [TEST_STEP][PASSED] - Statement - counter = counter + 1: null

2018-12-07 10:51:03 - [TEST_STEP][PASSED] - Statement - PreSaveFile = new java.io.File(((pathPrefix + java.lang.Integer.toString(counter)) + .png)): null

2018-12-07 10:51:03 - [TEST_STEP][PASSED] - Statement - counter = counter + 1: null

2018-12-07 10:51:03 - [TEST_STEP][PASSED] - Statement - PreSaveFile = new java.io.File(((pathPrefix + java.lang.Integer.toString(counter)) + .png)): null

2018-12-07 10:51:03 - [TEST_STEP][PASSED] - Statement - counter = counter + 1: null

2018-12-07 10:51:03 - [TEST_STEP][PASSED] - Statement - PreSaveFile = new java.io.File(((pathPrefix + java.lang.Integer.toString(counter)) + .png)): null

2018-12-07 10:51:03 - [TEST_STEP][PASSED] - Statement - counter = counter + 1: null

2018-12-07 10:51:03 - [TEST_STEP][PASSED] - Statement - PreSaveFile = new java.io.File(((pathPrefix + java.lang.Integer.toString(counter)) + .png)): null

2018-12-07 10:51:03 - [TEST_STEP][PASSED] - Statement - counter = counter + 1: null

2018-12-07 10:51:03 - [TEST_STEP][PASSED] - Statement - PreSaveFile = new java.io.File(((pathPrefix + java.lang.Integer.toString(counter)) + .png)): null

2018-12-07 10:51:03 - [TEST_STEP][PASSED] - Statement - counter = counter + 1: null

2018-12-07 10:51:03 - [TEST_STEP][PASSED] - Statement - PreSaveFile = new java.io.File(((pathPrefix + java.lang.Integer.toString(counter)) + .png)): null

2018-12-07 10:51:03 - [TEST_STEP][PASSED] - Statement - counter = counter + 1: null

2018-12-07 10:51:03 - [TEST_STEP][PASSED] - Statement - PreSaveFile = new java.io.File(((pathPrefix + java.lang.Integer.toString(counter)) + .png)): null

2018-12-07 10:51:03 - [TEST_STEP][PASSED] - Statement - counter = counter + 1: null

2018-12-07 10:51:03 - [TEST_STEP][PASSED] - Statement - PreSaveFile = new java.io.File(((pathPrefix + java.lang.Integer.toString(counter)) + .png)): null

2018-12-07 10:51:03 - [TEST_STEP][PASSED] - Statement - counter = counter + 1: null

2018-12-07 10:51:03 - [TEST_STEP][PASSED] - Statement - PreSaveFile = new java.io.File(((pathPrefix + java.lang.Integer.toString(counter)) + .png)): null

2018-12-07 10:51:03 - [TEST_STEP][PASSED] - Statement - counter = counter + 1: null

2018-12-07 10:51:03 - [TEST_STEP][PASSED] - Statement - PreSaveFile = new java.io.File(((pathPrefix + java.lang.Integer.toString(counter)) + .png)): null

2018-12-07 10:51:03 - [TEST_STEP][PASSED] - Statement - counter = counter + 1: null

2018-12-07 10:51:03 - [TEST_STEP][PASSED] - Statement - PreSaveFile = new java.io.File(((pathPrefix + java.lang.Integer.toString(counter)) + .png)): null

2018-12-07 10:51:03 - [TEST_STEP][PASSED] - Statement - counter = counter + 1: null

2018-12-07 10:51:03 - [TEST_STEP][PASSED] - Statement - PreSaveFile = new java.io.File(((pathPrefix + java.lang.Integer.toString(counter)) + .png)): null

2018-12-07 10:51:03 - [TEST_STEP][PASSED] - Statement - counter = counter + 1: null

2018-12-07 10:51:03 - [TEST_STEP][PASSED] - Statement - PreSaveFile = new java.io.File(((pathPrefix + java.lang.Integer.toString(counter)) + .png)): null

2018-12-07 10:51:03 - [TEST_STEP][PASSED] - Statement - counter = counter + 1: null

2018-12-07 10:51:04 - [TEST_STEP][PASSED] - Statement - PreSaveFile = new java.io.File(((pathPrefix + java.lang.Integer.toString(counter)) + .png)): null

2018-12-07 10:51:04 - [TEST_STEP][PASSED] - Statement - counter = counter + 1: null

2018-12-07 10:51:04 - [TEST_STEP][PASSED] - Statement - PreSaveFile = new java.io.File(((pathPrefix + java.lang.Integer.toString(counter)) + .png)): null

2018-12-07 10:51:04 - [TEST_STEP][PASSED] - Statement - counter = counter + 1: null

2018-12-07 10:51:04 - [TEST_STEP][PASSED] - Statement - PreSaveFile = new java.io.File(((pathPrefix + java.lang.Integer.toString(counter)) + .png)): null

2018-12-07 10:51:04 - [TEST_STEP][PASSED] - Statement - counter = counter + 1: null

2018-12-07 10:51:04 - [TEST_STEP][PASSED] - Statement - PreSaveFile = new java.io.File(((pathPrefix + java.lang.Integer.toString(counter)) + .png)): null

2018-12-07 10:51:04 - [TEST_STEP][PASSED] - Statement - counter = counter + 1: null

2018-12-07 10:51:04 - [TEST_STEP][PASSED] - Statement - PreSaveFile = new java.io.File(((pathPrefix + java.lang.Integer.toString(counter)) + .png)): null

2018-12-07 10:51:04 - [TEST_STEP][PASSED] - Statement - counter = counter + 1: null

2018-12-07 10:51:04 - [TEST_STEP][PASSED] - Statement - PreSaveFile = new java.io.File(((pathPrefix + java.lang.Integer.toString(counter)) + .png)): null

2018-12-07 10:51:04 - [TEST_STEP][PASSED] - Statement - counter = counter + 1: null

2018-12-07 10:51:04 - [TEST_STEP][PASSED] - Statement - PreSaveFile = new java.io.File(((pathPrefix + java.lang.Integer.toString(counter)) + .png)): null

2018-12-07 10:51:04 - [TEST_STEP][PASSED] - Statement - counter = counter + 1: null

2018-12-07 10:51:04 - [TEST_STEP][PASSED] - Statement - PreSaveFile = new java.io.File(((pathPrefix + java.lang.Integer.toString(counter)) + .png)): null

2018-12-07 10:51:04 - [TEST_STEP][PASSED] - Statement - counter = counter + 1: null

2018-12-07 10:51:04 - [TEST_STEP][PASSED] - Statement - PreSaveFile = new java.io.File(((pathPrefix + java.lang.Integer.toString(counter)) + .png)): null

2018-12-07 10:51:04 - [TEST_STEP][PASSED] - Statement - counter = counter + 1: null

2018-12-07 10:51:04 - [TEST_STEP][PASSED] - Statement - PreSaveFile = new java.io.File(((pathPrefix + java.lang.Integer.toString(counter)) + .png)): null

2018-12-07 10:51:04 - [TEST_STEP][PASSED] - Statement - counter = counter + 1: null

2018-12-07 10:51:04 - [TEST_STEP][PASSED] - Statement - PreSaveFile = new java.io.File(((pathPrefix + java.lang.Integer.toString(counter)) + .png)): null

2018-12-07 10:51:04 - [TEST_STEP][PASSED] - Statement - counter = counter + 1: null

2018-12-07 10:51:04 - [TEST_STEP][PASSED] - Statement - PreSaveFile = new java.io.File(((pathPrefix + java.lang.Integer.toString(counter)) + .png)): null

2018-12-07 10:51:04 - [TEST_STEP][PASSED] - Statement - counter = counter + 1: null

2018-12-07 10:51:04 - [TEST_STEP][PASSED] - Statement - PreSaveFile = new java.io.File(((pathPrefix + java.lang.Integer.toString(counter)) + .png)): null

2018-12-07 10:51:04 - [TEST_STEP][PASSED] - Statement - counter = counter + 1: null

2018-12-07 10:51:04 - [TEST_STEP][PASSED] - Statement - PreSaveFile = new java.io.File(((pathPrefix + java.lang.Integer.toString(counter)) + .png)): null

2018-12-07 10:51:04 - [TEST_STEP][PASSED] - Statement - counter = counter + 1: null

2018-12-07 10:51:04 - [TEST_STEP][PASSED] - Statement - PreSaveFile = new java.io.File(((pathPrefix + java.lang.Integer.toString(counter)) + .png)): null

2018-12-07 10:51:04 - [TEST_STEP][PASSED] - Statement - counter = counter + 1: null

2018-12-07 10:51:04 - [TEST_STEP][PASSED] - Statement - PreSaveFile = new java.io.File(((pathPrefix + java.lang.Integer.toString(counter)) + .png)): null

2018-12-07 10:51:04 - [TEST_STEP][PASSED] - Statement - counter = counter + 1: null

2018-12-07 10:51:04 - [TEST_STEP][PASSED] - Statement - PreSaveFile = new java.io.File(((pathPrefix + java.lang.Integer.toString(counter)) + .png)): null

2018-12-07 10:51:04 - [TEST_STEP][PASSED] - Statement - counter = counter + 1: null

2018-12-07 10:51:04 - [TEST_STEP][PASSED] - Statement - PreSaveFile = new java.io.File(((pathPrefix + java.lang.Integer.toString(counter)) + .png)): null

2018-12-07 10:51:04 - [TEST_STEP][PASSED] - Statement - counter = counter + 1: null

2018-12-07 10:51:04 - [TEST_STEP][PASSED] - Statement - PreSaveFile = new java.io.File(((pathPrefix + java.lang.Integer.toString(counter)) + .png)): null

2018-12-07 10:51:04 - [TEST_STEP][PASSED] - Statement - counter = counter + 1: null

2018-12-07 10:51:04 - [TEST_STEP][PASSED] - Statement - PreSaveFile = new java.io.File(((pathPrefix + java.lang.Integer.toString(counter)) + .png)): null

2018-12-07 10:51:05 - [TEST_STEP][PASSED] - Statement - counter = counter + 1: null

2018-12-07 10:51:05 - [TEST_STEP][PASSED] - Statement - PreSaveFile = new java.io.File(((pathPrefix + java.lang.Integer.toString(counter)) + .png)): null

2018-12-07 10:51:05 - [TEST_STEP][PASSED] - Statement - counter = counter + 1: null

2018-12-07 10:51:05 - [TEST_STEP][PASSED] - Statement - PreSaveFile = new java.io.File(((pathPrefix + java.lang.Integer.toString(counter)) + .png)): null

2018-12-07 10:51:05 - [TEST_STEP][PASSED] - Statement - counter = counter + 1: null

2018-12-07 10:51:05 - [TEST_STEP][PASSED] - Statement - PreSaveFile = new java.io.File(((pathPrefix + java.lang.Integer.toString(counter)) + .png)): null

2018-12-07 10:51:05 - [TEST_STEP][PASSED] - Statement - counter = counter + 1: null

2018-12-07 10:51:05 - [TEST_STEP][PASSED] - Statement - PreSaveFile = new java.io.File(((pathPrefix + java.lang.Integer.toString(counter)) + .png)): null

2018-12-07 10:51:05 - [TEST_STEP][PASSED] - Statement - counter = counter + 1: null

2018-12-07 10:51:05 - [TEST_STEP][PASSED] - Statement - PreSaveFile = new java.io.File(((pathPrefix + java.lang.Integer.toString(counter)) + .png)): null

2018-12-07 10:51:05 - [TEST_STEP][PASSED] - Statement - counter = counter + 1: null

2018-12-07 10:51:05 - [TEST_STEP][PASSED] - Statement - PreSaveFile = new java.io.File(((pathPrefix + java.lang.Integer.toString(counter)) + .png)): null

2018-12-07 10:51:05 - [TEST_STEP][PASSED] - Statement - counter = counter + 1: null

2018-12-07 10:51:05 - [TEST_STEP][PASSED] - Statement - PreSaveFile = new java.io.File(((pathPrefix + java.lang.Integer.toString(counter)) + .png)): null

2018-12-07 10:51:05 - [TEST_STEP][PASSED] - Statement - counter = counter + 1: null

2018-12-07 10:51:05 - [TEST_STEP][PASSED] - Statement - PreSaveFile = new java.io.File(((pathPrefix + java.lang.Integer.toString(counter)) + .png)): null

2018-12-07 10:51:05 - [TEST_STEP][PASSED] - Statement - counter = counter + 1: null

2018-12-07 10:51:05 - [TEST_STEP][PASSED] - Statement - PreSaveFile = new java.io.File(((pathPrefix + java.lang.Integer.toString(counter)) + .png)): null

2018-12-07 10:51:05 - [TEST_STEP][PASSED] - Statement - counter = counter + 1: null

2018-12-07 10:51:05 - [TEST_STEP][PASSED] - Statement - PreSaveFile = new java.io.File(((pathPrefix + java.lang.Integer.toString(counter)) + .png)): null

2018-12-07 10:51:05 - [TEST_STEP][PASSED] - Statement - counter = counter + 1: null

2018-12-07 10:51:05 - [TEST_STEP][PASSED] - Statement - PreSaveFile = new java.io.File(((pathPrefix + java.lang.Integer.toString(counter)) + .png)): null

2018-12-07 10:51:05 - [TEST_STEP][PASSED] - Statement - counter = counter + 1: null

2018-12-07 10:51:05 - [TEST_STEP][PASSED] - Statement - PreSaveFile = new java.io.File(((pathPrefix + java.lang.Integer.toString(counter)) + .png)): null

2018-12-07 10:51:05 - [TEST_STEP][PASSED] - Statement - counter = counter + 1: null

2018-12-07 10:51:05 - [TEST_STEP][PASSED] - Statement - PreSaveFile = new java.io.File(((pathPrefix + java.lang.Integer.toString(counter)) + .png)): null

2018-12-07 10:51:05 - [TEST_STEP][PASSED] - Statement - counter = counter + 1: null

2018-12-07 10:51:05 - [TEST_STEP][PASSED] - Statement - PreSaveFile = new java.io.File(((pathPrefix + java.lang.Integer.toString(counter)) + .png)): null

2018-12-07 10:51:05 - [TEST_STEP][PASSED] - Statement - counter = counter + 1: null

2018-12-07 10:51:06 - [TEST_STEP][PASSED] - Statement - PreSaveFile = new java.io.File(((pathPrefix + java.lang.Integer.toString(counter)) + .png)): null

2018-12-07 10:51:06 - [TEST_STEP][PASSED] - Statement - counter = counter + 1: null

2018-12-07 10:51:06 - [TEST_STEP][PASSED] - Statement - PreSaveFile = new java.io.File(((pathPrefix + java.lang.Integer.toString(counter)) + .png)): null

2018-12-07 10:51:06 - [TEST_STEP][PASSED] - Statement - counter = counter + 1: null

2018-12-07 10:51:06 - [TEST_STEP][PASSED] - Statement - PreSaveFile = new java.io.File(((pathPrefix + java.lang.Integer.toString(counter)) + .png)): null

2018-12-07 10:51:06 - [TEST_STEP][PASSED] - Statement - counter = counter + 1: null

2018-12-07 10:51:06 - [TEST_STEP][PASSED] - Statement - PreSaveFile = new java.io.File(((pathPrefix + java.lang.Integer.toString(counter)) + .png)): null

2018-12-07 10:51:06 - [TEST_STEP][PASSED] - Statement - counter = counter + 1: null

2018-12-07 10:51:06 - [TEST_STEP][PASSED] - Statement - PreSaveFile = new java.io.File(((pathPrefix + java.lang.Integer.toString(counter)) + .png)): null

2018-12-07 10:51:06 - [TEST_STEP][PASSED] - Statement - counter = counter + 1: null

2018-12-07 10:51:06 - [TEST_STEP][PASSED] - Statement - PreSaveFile = new java.io.File(((pathPrefix + java.lang.Integer.toString(counter)) + .png)): null

2018-12-07 10:51:06 - [TEST_STEP][PASSED] - Statement - counter = counter + 1: null

2018-12-07 10:51:06 - [TEST_STEP][PASSED] - Statement - PreSaveFile = new java.io.File(((pathPrefix + java.lang.Integer.toString(counter)) + .png)): null

2018-12-07 10:51:06 - [TEST_STEP][PASSED] - Statement - counter = counter + 1: null

2018-12-07 10:51:06 - [TEST_STEP][PASSED] - Statement - PreSaveFile = new java.io.File(((pathPrefix + java.lang.Integer.toString(counter)) + .png)): null

2018-12-07 10:51:06 - [TEST_STEP][PASSED] - Statement - counter = counter + 1: null

2018-12-07 10:51:06 - [TEST_STEP][PASSED] - Statement - PreSaveFile = new java.io.File(((pathPrefix + java.lang.Integer.toString(counter)) + .png)): null

2018-12-07 10:51:06 - [TEST_STEP][PASSED] - Statement - finalPath = pathPrefix + java.lang.Integer.toString(counter) + ".png": null

2018-12-07 10:51:06 - [TEST_STEP][PASSED] - Statement - SaveFile = new java.io.File(finalPath): null

2018-12-07 10:51:06 - [TEST_STEP][PASSED] - Statement - Try: null

2018-12-07 10:51:06 - [TEST_STEP][PASSED] - Statement - org.apache.commons.io.FileUtils.copyFile(scrFile, SaveFile): null

2018-12-07 10:51:06 - [TEST_STEP][PASSED] - Statement - out.println("file kept"): null

2018-12-07 10:51:06 - [TEST_STEP][PASSED] - delay: Delayed 10 second(s)

2018-12-07 10:51:16 - [MESSAGE][PASSED] - Delayed 10 second(s)

2018-12-07 10:51:16 - [MESSAGE][PASSED] - Call Test Case 'Test Cases/Final Aug 2018 - PKS Automation/Common/Screenshoting tool' successfully

2018-12-07 10:51:16 - [TEST_STEP][PASSED] - callTestCase: Call Test Case 'Test Cases/Final Aug 2018 - PKS Automation/Registration Module/Log Out/log out avoiding katalon tagging' successfully

2018-12-07 10:51:16 - [TEST_CASE][PASSED] - Test Cases/Final Aug 2018 - PKS Automation/Registration Module/Log Out/log out avoiding katalon tagging: Test Cases/Final Aug 2018 - PKS Automation/Registration Module/Log Out/log out avoiding katalon tagging

2018-12-07 10:51:16 - [TEST_STEP][PASSED] - navigateToUrl: Navigate to 'https://assist2-uat.perkeso.gov.my/c/portal/logout' successfully

2018-12-07 10:51:17 - [MESSAGE][PASSED] - Navigate to 'https://assist2-uat.perkeso.gov.my/c/portal/logout' successfully

2018-12-07 10:51:17 - [MESSAGE][PASSED] - Call Test Case 'Test Cases/Final Aug 2018 - PKS Automation/Registration Module/Log Out/log out avoiding katalon tagging' successfully

2018-12-07 10:51:17 - [TEST_STEP][PASSED] - callTestCase: Call Test Case 'Test Cases/Final Aug 2018 - PKS Automation/Common/Workflow Owner Finder' successfully

2018-12-07 10:51:17 - [TEST_CASE][PASSED] - Test Cases/Final Aug 2018 - PKS Automation/Common/Workflow Owner Finder: Test Cases/Final Aug 2018 - PKS Automation/Common/Workflow Owner Finder

2018-12-07 10:51:17 - [TEST_STEP][PASSED] - openBrowser: Browser is opened with url: ''

2018-12-07 10:51:17 - [MESSAGE][WARNING] - A browser is already opened. Closing browser and opening a new one

2018-12-07 10:51:20 - [MESSAGE][PASSED] - Browser is opened with url: ''

2018-12-07 10:51:20 - [TEST_STEP][PASSED] - navigateToUrl: Navigate to 'https://assist2-uat.perkeso.gov.my/login' successfully

2018-12-07 10:51:21 - [MESSAGE][PASSED] - Navigate to 'https://assist2-uat.perkeso.gov.my/login' successfully

2018-12-07 10:51:21 - [TEST_STEP][PASSED] - delay: Delayed 5 second(s)

2018-12-07 10:51:26 - [MESSAGE][PASSED] - Delayed 5 second(s)

2018-12-07 10:51:26 - [TEST_STEP][PASSED] - setText: Text 'test@liferay.com' is set on object 'Object Repository/Final Object Repo/Login Page/Internal User/Email Address'

2018-12-07 10:51:27 - [MESSAGE][PASSED] - Text 'test@liferay.com' is set on object 'Object Repository/Final Object Repo/Login Page/Internal User/Email Address'

2018-12-07 10:51:27 - [TEST_STEP][PASSED] - click: Object: 'Object Repository/Final Object Repo/Login Page/Internal User/Next Button' is clicked on

2018-12-07 10:51:27 - [MESSAGE][PASSED] - Object: 'Object Repository/Final Object Repo/Login Page/Internal User/Next Button' is clicked on

2018-12-07 10:51:27 - [TEST_STEP][PASSED] - delay: Delayed 2 second(s)

2018-12-07 10:51:29 - [MESSAGE][PASSED] - Delayed 2 second(s)

2018-12-07 10:51:29 - [TEST_STEP][PASSED] - setText: Text 'test' is set on object 'Object Repository/Final Object Repo/Login Page/Internal User/Password'

2018-12-07 10:51:29 - [MESSAGE][PASSED] - Text 'test' is set on object 'Object Repository/Final Object Repo/Login Page/Internal User/Password'

2018-12-07 10:51:29 - [TEST_STEP][PASSED] - delay: Delayed 2 second(s)

2018-12-07 10:51:31 - [MESSAGE][PASSED] - Delayed 2 second(s)

2018-12-07 10:51:31 - [TEST_STEP][PASSED] - click: Object: 'Object Repository/Final Object Repo/Login Page/Internal User/Login Button' is clicked on

2018-12-07 10:51:31 - [MESSAGE][PASSED] - Object: 'Object Repository/Final Object Repo/Login Page/Internal User/Login Button' is clicked on

2018-12-07 10:51:31 - [TEST_STEP][PASSED] - Statement - tester = com.kms.katalon.core.testobject.ObjectRepository.findTestObject(Final Object Repo/Landing Page/Select to English): Finding Test Object with id 'Object Repository/Final Object Repo/Landing Page/Select to English'

2018-12-07 10:51:31 - [TEST_STEP][PASSED] - Statement - Try: Delayed 2 second(s)

2018-12-07 10:51:31 - [TEST_STEP][PASSED] - Statement - Checker = com.kms.katalon.core.webui.keyword.WebUiBuiltInKeywords.verifyElementNotPresent(tester, 3): Web element with id: 'Object Repository/Final Object Repo/Landing Page/Select to English' located by 'By.xpath: //a[@class = 'taglib-language-list-text' and @lang = 'en-US' and (contains(text(), 'EN') or contains(., 'EN'))]' is not present after '3' second(s)

2018-12-07 10:51:33 - [MESSAGE][PASSED] - Web element with id: 'Object Repository/Final Object Repo/Landing Page/Select to English' located by 'By.xpath: //a[@class = 'taglib-language-list-text' and @lang = 'en-US' and (contains(text(), 'EN') or contains(., 'EN'))]' is not present after '3' second(s)

2018-12-07 10:51:33 - [TEST_STEP][PASSED] - Statement - If (Checker == false): null

2018-12-07 10:51:33 - [TEST_STEP][PASSED] - delay: Delayed 2 second(s)

2018-12-07 10:51:35 - [MESSAGE][PASSED] - Delayed 2 second(s)

2018-12-07 10:51:35 - [TEST_STEP][PASSED] - delay: Delayed 5 second(s)

2018-12-07 10:51:40 - [MESSAGE][PASSED] - Delayed 5 second(s)

2018-12-07 10:51:40 - [TEST_STEP][PASSED] - mouseOver: Object: 'Object Repository/Final Object Repo/Landing Page/WorkFlow Menu' is hovered

2018-12-07 10:51:41 - [MESSAGE][PASSED] - Object: 'Object Repository/Final Object Repo/Landing Page/WorkFlow Menu' is hovered

2018-12-07 10:51:41 - [TEST_STEP][PASSED] - delay: Delayed 2 second(s)

2018-12-07 10:51:43 - [MESSAGE][PASSED] - Delayed 2 second(s)

2018-12-07 10:51:43 - [TEST_STEP][PASSED] - click: Object: 'Object Repository/Final Object Repo/Landing Page/Select to Workflow Listing' is clicked on

2018-12-07 10:51:44 - [MESSAGE][PASSED] - Object: 'Object Repository/Final Object Repo/Landing Page/Select to Workflow Listing' is clicked on

2018-12-07 10:51:44 - [TEST_STEP][PASSED] - delay: Delayed 2 second(s)

2018-12-07 10:51:46 - [MESSAGE][PASSED] - Delayed 2 second(s)

2018-12-07 10:51:46 - [TEST_STEP][PASSED] - click: Object: 'Object Repository/Final Object Repo/WorkFlow Listing Page/Search Information - To Put Ref No' is clicked on

2018-12-07 10:51:46 - [MESSAGE][PASSED] - Object: 'Object Repository/Final Object Repo/WorkFlow Listing Page/Search Information - To Put Ref No' is clicked on

2018-12-07 10:51:46 - [TEST_STEP][PASSED] - delay: Delayed 2 second(s)

2018-12-07 10:51:48 - [MESSAGE][PASSED] - Delayed 2 second(s)

2018-12-07 10:51:48 - [TEST_STEP][PASSED] - callTestCase: Call Test Case 'Test Cases/Final Aug 2018 - PKS Automation/Common/Reference Number Getter' successfully

2018-12-07 10:51:48 - [TEST_CASE][PASSED] - Test Cases/Final Aug 2018 - PKS Automation/Common/Reference Number Getter: Test Cases/Final Aug 2018 - PKS Automation/Common/Reference Number Getter

2018-12-07 10:51:48 - [TEST_STEP][PASSED] - Statement - Try: null

2018-12-07 10:51:48 - [TEST_STEP][PASSED] - Statement - RefNo = new java.io.File(C://Users//Admin//Desktop//PKS//Automation Reference Point//KatalonReference.txt): null

2018-12-07 10:51:48 - [TEST_STEP][PASSED] - Statement - bufferread = new java.io.BufferedReader(new java.io.FileReader(RefNo)): null

2018-12-07 10:51:48 - [TEST_STEP][PASSED] - Statement - readedVal = bufferread.readLine(): null

2018-12-07 10:51:48 - [TEST_STEP][PASSED] - Statement - out.println(CaseReferenceNo): null

2018-12-07 10:51:48 - [TEST_STEP][PASSED] - Statement - out.println(readedVal): null

2018-12-07 10:51:48 - [TEST_STEP][PASSED] - Statement - CaseReferenceNo = "": null

2018-12-07 10:51:48 - [TEST_STEP][PASSED] - Statement - CaseReferenceNo = readedVal: null

2018-12-07 10:51:48 - [MESSAGE][PASSED] - Call Test Case 'Test Cases/Final Aug 2018 - PKS Automation/Common/Reference Number Getter' successfully

2018-12-07 10:51:48 - [TEST_STEP][PASSED] - setText: Text 'CAN12201800002284' is set on object 'Object Repository/Final Object Repo/WorkFlow Listing Page/Ref No Set Text'

2018-12-07 10:51:48 - [MESSAGE][PASSED] - Text 'CAN12201800002284' is set on object 'Object Repository/Final Object Repo/WorkFlow Listing Page/Ref No Set Text'

2018-12-07 10:51:48 - [TEST_STEP][PASSED] - delay: Delayed 2 second(s)

2018-12-07 10:51:50 - [MESSAGE][PASSED] - Delayed 2 second(s)

2018-12-07 10:51:50 - [TEST_STEP][PASSED] - click: Object: 'Object Repository/Final Object Repo/WorkFlow Listing Page/Search Ref No Search Button' is clicked on

2018-12-07 10:51:50 - [MESSAGE][PASSED] - Object: 'Object Repository/Final Object Repo/WorkFlow Listing Page/Search Ref No Search Button' is clicked on

2018-12-07 10:51:50 - [TEST_STEP][PASSED] - delay: Delayed 6 second(s)

2018-12-07 10:51:56 - [MESSAGE][PASSED] - Delayed 6 second(s)

2018-12-07 10:51:56 - [TEST_STEP][PASSED] - click: Object: 'Object Repository/Final Object Repo/WorkFlow Listing Page/Click Continue Tooltip' is clicked on

2018-12-07 10:51:57 - [MESSAGE][PASSED] - Object: 'Object Repository/Final Object Repo/WorkFlow Listing Page/Click Continue Tooltip' is clicked on

2018-12-07 10:51:57 - [TEST_STEP][PASSED] - delay: Delayed 5 second(s)

2018-12-07 10:52:02 - [MESSAGE][PASSED] - Delayed 5 second(s)

2018-12-07 10:52:02 - [TEST_STEP][PASSED] - doubleClick: Object: 'Object Repository/Final Object Repo/WorkFlow Listing Page/Workflow Found - Listing 1' is double clicked on

2018-12-07 10:52:03 - [MESSAGE][PASSED] - Object: 'Object Repository/Final Object Repo/WorkFlow Listing Page/Workflow Found - Listing 1' is double clicked on

2018-12-07 10:52:03 - [TEST_STEP][PASSED] - Statement - println(OwnerID): null

2018-12-07 10:52:03 - [TEST_STEP][PASSED] - Statement - OwnerID = com.kms.katalon.core.webui.keyword.WebUiBuiltInKeywords.getText(com.kms.katalon.core.testobject.ObjectRepository.findTestObject(Final Object Repo/WorkFlow Listing Page/Workflow Found - Listing 1), STOP_ON_FAILURE): Text of object 'Object Repository/Final Object Repo/WorkFlow Listing Page/Workflow Found - Listing 1' is: 'KLpkrbo3'

2018-12-07 10:52:03 - [MESSAGE][PASSED] - Text of object 'Object Repository/Final Object Repo/WorkFlow Listing Page/Workflow Found - Listing 1' is: 'KLpkrbo3'

2018-12-07 10:52:03 - [TEST_STEP][PASSED] - Statement - OwnerID = OwnerID.toLowerCase() + "@gmail.com": null

2018-12-07 10:52:03 - [TEST_STEP][PASSED] - Statement - println(OwnerID): null

2018-12-07 10:52:03 - [TEST_STEP][PASSED] - delay: Delayed 2 second(s)

2018-12-07 10:52:05 - [MESSAGE][PASSED] - Delayed 2 second(s)

2018-12-07 10:52:05 - [MESSAGE][PASSED] - Call Test Case 'Test Cases/Final Aug 2018 - PKS Automation/Common/Workflow Owner Finder' successfully

2018-12-07 10:52:05 - [TEST_STEP][PASSED] - callTestCase: Call Test Case 'Test Cases/Final Aug 2018 - PKS Automation/Registration Module/Log Out/log out avoiding katalon tagging' successfully

2018-12-07 10:52:05 - [TEST_CASE][PASSED] - Test Cases/Final Aug 2018 - PKS Automation/Registration Module/Log Out/log out avoiding katalon tagging: Test Cases/Final Aug 2018 - PKS Automation/Registration Module/Log Out/log out avoiding katalon tagging

2018-12-07 10:52:05 - [TEST_STEP][PASSED] - navigateToUrl: Navigate to 'https://assist2-uat.perkeso.gov.my/c/portal/logout' successfully

2018-12-07 10:52:06 - [MESSAGE][PASSED] - Navigate to 'https://assist2-uat.perkeso.gov.my/c/portal/logout' successfully

2018-12-07 10:52:06 - [MESSAGE][PASSED] - Call Test Case 'Test Cases/Final Aug 2018 - PKS Automation/Registration Module/Log Out/log out avoiding katalon tagging' successfully

2018-12-07 10:52:06 - [TEST_STEP][PASSED] - delay: Delayed 2 second(s)

2018-12-07 10:52:08 - [MESSAGE][PASSED] - Delayed 2 second(s)

2018-12-07 10:52:08 - [TEST_STEP][PASSED] - setText: Text 'klpkrbo3@gmail.com' is set on object 'Object Repository/Final Object Repo/Page_Update Add New Employee - ASSIST/Email TextBox'

2018-12-07 10:52:08 - [MESSAGE][PASSED] - Text 'klpkrbo3@gmail.com' is set on object 'Object Repository/Final Object Repo/Page_Update Add New Employee - ASSIST/Email TextBox'

2018-12-07 10:52:08 - [TEST_STEP][PASSED] - click: Object: 'Object Repository/Final Object Repo/Page_Update Add New Employee - ASSIST/Next Button' is clicked on

2018-12-07 10:52:08 - [MESSAGE][PASSED] - Object: 'Object Repository/Final Object Repo/Page_Update Add New Employee - ASSIST/Next Button' is clicked on

2018-12-07 10:52:08 - [TEST_STEP][PASSED] - delay: Delayed 2 second(s)

2018-12-07 10:52:10 - [MESSAGE][PASSED] - Delayed 2 second(s)

2018-12-07 10:52:10 - [TEST_STEP][PASSED] - setText: Text 'Test1@3456789' is set on object 'Object Repository/Final Object Repo/Page_Update Add New Employee - ASSIST/Password TextBox'

2018-12-07 10:52:11 - [MESSAGE][PASSED] - Text 'Test1@3456789' is set on object 'Object Repository/Final Object Repo/Page_Update Add New Employee - ASSIST/Password TextBox'

2018-12-07 10:52:11 - [TEST_STEP][PASSED] - delay: Delayed 2 second(s)

2018-12-07 10:52:13 - [MESSAGE][PASSED] - Delayed 2 second(s)

2018-12-07 10:52:13 - [TEST_STEP][PASSED] - click: Object: 'Object Repository/Final Object Repo/Page_Update Add New Employee - ASSIST/Login Button' is clicked on

2018-12-07 10:52:13 - [MESSAGE][PASSED] - Object: 'Object Repository/Final Object Repo/Page_Update Add New Employee - ASSIST/Login Button' is clicked on

2018-12-07 10:52:13 - [TEST_STEP][PASSED] - delay: Delayed 4 second(s)

2018-12-07 10:52:17 - [MESSAGE][PASSED] - Delayed 4 second(s)

2018-12-07 10:52:17 - [TEST_STEP][PASSED] - Statement - Try: Delayed 2 second(s)

2018-12-07 10:52:17 - [TEST_STEP][PASSED] - Statement - Checker = false: null

2018-12-07 10:52:17 - [TEST_STEP][PASSED] - Statement - Checker = com.kms.katalon.core.webui.keyword.WebUiBuiltInKeywords.verifyElementHasAttribute(com.kms.katalon.core.testobject.ObjectRepository.findTestObject(Final Object Repo/Landing Page/BM Detecting), "href", 20, OPTIONAL): Object 'Object Repository/Final Object Repo/Landing Page/BM Detecting' has attribute 'href'

2018-12-07 10:52:17 - [MESSAGE][PASSED] - Object 'Object Repository/Final Object Repo/Landing Page/BM Detecting' has attribute 'href'

2018-12-07 10:52:17 - [TEST_STEP][PASSED] - Statement - out.println(Checker): null

2018-12-07 10:52:17 - [TEST_STEP][PASSED] - Statement - If (Checker == false): null

2018-12-07 10:52:17 - [TEST_STEP][PASSED] - Statement - Else: null

2018-12-07 10:52:17 - [TEST_STEP][PASSED] - delay: Delayed 2 second(s)

2018-12-07 10:52:19 - [MESSAGE][PASSED] - Delayed 2 second(s)

2018-12-07 10:52:19 - [TEST_STEP][PASSED] - delay: Delayed 4 second(s)

2018-12-07 10:52:23 - [MESSAGE][PASSED] - Delayed 4 second(s)

2018-12-07 10:52:23 - [TEST_STEP][PASSED] - click: Object: 'Object Repository/Final Object Repo/New Registration - Registration Module Pages/New Reg - OTC to RO/Special Case - All Related Objects/Expand to Search' is clicked on

2018-12-07 10:52:23 - [MESSAGE][PASSED] - Object: 'Object Repository/Final Object Repo/New Registration - Registration Module Pages/New Reg - OTC to RO/Special Case - All Related Objects/Expand to Search' is clicked on

2018-12-07 10:52:23 - [TEST_STEP][PASSED] - delay: Delayed 2 second(s)

2018-12-07 10:52:25 - [MESSAGE][PASSED] - Delayed 2 second(s)

2018-12-07 10:52:25 - [TEST_STEP][PASSED] - setText: Text 'CAN12201800002284' is set on object 'Object Repository/Final Object Repo/New Registration - Registration Module Pages/New Reg - OTC to RO/Special Case - All Related Objects/TextBox RefNo in Workbasket'

2018-12-07 10:52:25 - [MESSAGE][PASSED] - Text 'CAN12201800002284' is set on object 'Object Repository/Final Object Repo/New Registration - Registration Module Pages/New Reg - OTC to RO/Special Case - All Related Objects/TextBox RefNo in Workbasket'

2018-12-07 10:52:25 - [TEST_STEP][PASSED] - delay: Delayed 2 second(s)

2018-12-07 10:52:27 - [MESSAGE][PASSED] - Delayed 2 second(s)

2018-12-07 10:52:27 - [TEST_STEP][PASSED] - click: Object: 'Object Repository/Final Object Repo/New Registration - Registration Module Pages/New Reg - OTC to RO/Special Case - All Related Objects/Click Search' is clicked on

2018-12-07 10:52:28 - [MESSAGE][PASSED] - Object: 'Object Repository/Final Object Repo/New Registration - Registration Module Pages/New Reg - OTC to RO/Special Case - All Related Objects/Click Search' is clicked on

2018-12-07 10:52:28 - [TEST_STEP][PASSED] - delay: Delayed 2 second(s)

2018-12-07 10:52:30 - [MESSAGE][PASSED] - Delayed 2 second(s)

2018-12-07 10:52:30 - [TEST_STEP][PASSED] - click: Object: 'Object Repository/Final Object Repo/New Registration - Registration Module Pages/New Reg - OTC to RO/Special Case - All Related Objects/Click to Continue Workflow' is clicked on

2018-12-07 10:52:33 - [MESSAGE][PASSED] - Object: 'Object Repository/Final Object Repo/New Registration - Registration Module Pages/New Reg - OTC to RO/Special Case - All Related Objects/Click to Continue Workflow' is clicked on

2018-12-07 10:52:33 - [TEST_STEP][PASSED] - delay: Delayed 10 second(s)

2018-12-07 10:52:43 - [MESSAGE][PASSED] - Delayed 10 second(s)

2018-12-07 10:52:43 - [TEST_STEP][PASSED] - click: Object: 'Object Repository/Final Object Repo/Page_Update Add New Employee - ASSIST/Save  Continue Button' is clicked on

2018-12-07 10:52:43 - [MESSAGE][PASSED] - Object: 'Object Repository/Final Object Repo/Page_Update Add New Employee - ASSIST/Save  Continue Button' is clicked on

2018-12-07 10:52:43 - [TEST_STEP][PASSED] - delay: Delayed 4 second(s)

2018-12-07 10:52:47 - [MESSAGE][PASSED] - Delayed 4 second(s)

2018-12-07 10:52:47 - [TEST_STEP][PASSED] - click: Object: 'Object Repository/Final Object Repo/Page_Update Add New Employee - ASSIST/Save  Continue Third Screen' is clicked on

2018-12-07 10:52:50 - [MESSAGE][PASSED] - Object: 'Object Repository/Final Object Repo/Page_Update Add New Employee - ASSIST/Save  Continue Third Screen' is clicked on

2018-12-07 10:52:50 - [TEST_STEP][PASSED] - delay: Delayed 4 second(s)

2018-12-07 10:52:54 - [MESSAGE][PASSED] - Delayed 4 second(s)

2018-12-07 10:52:54 - [TEST_STEP][PASSED] - click: Object: 'Object Repository/Final Object Repo/Page_Update Add New Employee - ASSIST/Save   Continue Supporting Doc Page' is clicked on

2018-12-07 10:52:54 - [MESSAGE][PASSED] - Object: 'Object Repository/Final Object Repo/Page_Update Add New Employee - ASSIST/Save   Continue Supporting Doc Page' is clicked on

2018-12-07 10:52:54 - [TEST_STEP][PASSED] - delay: Delayed 4 second(s)

2018-12-07 10:52:58 - [MESSAGE][PASSED] - Delayed 4 second(s)

2018-12-07 10:52:58 - [TEST_STEP][PASSED] - click: Object: 'Object Repository/Final Object Repo/Page_Update Add New Employee - ASSIST/Submit Button' is clicked on

2018-12-07 10:52:59 - [MESSAGE][PASSED] - Object: 'Object Repository/Final Object Repo/Page_Update Add New Employee - ASSIST/Submit Button' is clicked on

2018-12-07 10:52:59 - [TEST_STEP][PASSED] - delay: Delayed 4 second(s)

2018-12-07 10:53:03 - [MESSAGE][PASSED] - Delayed 4 second(s)

2018-12-07 10:53:03 - [TEST_STEP][PASSED] - click: Object: 'Object Repository/Final Object Repo/Page_Update Add New Employee - ASSIST/Confirm Submit Button' is clicked on

2018-12-07 10:53:03 - [MESSAGE][PASSED] - Object: 'Object Repository/Final Object Repo/Page_Update Add New Employee - ASSIST/Confirm Submit Button' is clicked on

2018-12-07 10:53:03 - [TEST_STEP][PASSED] - delay: Delayed 30 second(s)

2018-12-07 10:53:33 - [MESSAGE][PASSED] - Delayed 30 second(s)

2018-12-07 10:53:33 - [TEST_STEP][PASSED] - callTestCase: Call Test Case 'Test Cases/Final Aug 2018 - PKS Automation/Common/Screenshoting tool' successfully

2018-12-07 10:53:33 - [TEST_CASE][PASSED] - Test Cases/Final Aug 2018 - PKS Automation/Common/Screenshoting tool: Test Cases/Final Aug 2018 - PKS Automation/Common/Screenshoting tool

2018-12-07 10:53:33 - [TEST_STEP][PASSED] - delay: Delayed 15 second(s)

2018-12-07 10:53:48 - [MESSAGE][PASSED] - Delayed 15 second(s)

2018-12-07 10:53:48 - [TEST_STEP][PASSED] - Statement - driver = com.kms.katalon.core.webui.driver.DriverFactory.getWebDriver(): null

2018-12-07 10:53:48 - [TEST_STEP][PASSED] - Statement - driver.manage().timeouts().implicitlyWait(10, SECONDS): null

2018-12-07 10:53:48 - [TEST_STEP][PASSED] - Statement - PresavePath = KatalonScreenshots: null

2018-12-07 10:53:48 - [TEST_STEP][PASSED] - Statement - pathPrefix = "C:\Users\Public\Pictures\Sample Pictures\Katalon Screenshots\Automate Ending Screen": null

2018-12-07 10:53:48 - [TEST_STEP][PASSED] - Statement - finalPath = <not implemented yet for class: org.codehaus.groovy.ast.expr.EmptyExpression>: null

2018-12-07 10:53:48 - [TEST_STEP][PASSED] - Statement - scrFile = driver.getScreenshotAs(FILE): null

2018-12-07 10:53:48 - [TEST_STEP][PASSED] - Statement - PreSaveFile = new java.io.File(PresavePath): null

2018-12-07 10:53:48 - [TEST_STEP][PASSED] - Statement - counter = 0: null

2018-12-07 10:53:48 - [TEST_STEP][PASSED] - Statement - If (PreSaveFile.exists()): null

2018-12-07 10:53:48 - [TEST_STEP][PASSED] - Statement - While (PreSaveFile.exists()): null

2018-12-07 10:53:48 - [TEST_STEP][PASSED] - Statement - counter = counter + 1: null

2018-12-07 10:53:48 - [TEST_STEP][PASSED] - Statement - PreSaveFile = new java.io.File(((pathPrefix + java.lang.Integer.toString(counter)) + .png)): null

2018-12-07 10:53:48 - [TEST_STEP][PASSED] - Statement - counter = counter + 1: null

2018-12-07 10:53:48 - [TEST_STEP][PASSED] - Statement - PreSaveFile = new java.io.File(((pathPrefix + java.lang.Integer.toString(counter)) + .png)): null

2018-12-07 10:53:48 - [TEST_STEP][PASSED] - Statement - counter = counter + 1: null

2018-12-07 10:53:48 - [TEST_STEP][PASSED] - Statement - PreSaveFile = new java.io.File(((pathPrefix + java.lang.Integer.toString(counter)) + .png)): null

2018-12-07 10:53:48 - [TEST_STEP][PASSED] - Statement - counter = counter + 1: null

2018-12-07 10:53:48 - [TEST_STEP][PASSED] - Statement - PreSaveFile = new java.io.File(((pathPrefix + java.lang.Integer.toString(counter)) + .png)): null

2018-12-07 10:53:48 - [TEST_STEP][PASSED] - Statement - counter = counter + 1: null

2018-12-07 10:53:48 - [TEST_STEP][PASSED] - Statement - PreSaveFile = new java.io.File(((pathPrefix + java.lang.Integer.toString(counter)) + .png)): null

2018-12-07 10:53:48 - [TEST_STEP][PASSED] - Statement - counter = counter + 1: null

2018-12-07 10:53:48 - [TEST_STEP][PASSED] - Statement - PreSaveFile = new java.io.File(((pathPrefix + java.lang.Integer.toString(counter)) + .png)): null

2018-12-07 10:53:48 - [TEST_STEP][PASSED] - Statement - counter = counter + 1: null

2018-12-07 10:53:48 - [TEST_STEP][PASSED] - Statement - PreSaveFile = new java.io.File(((pathPrefix + java.lang.Integer.toString(counter)) + .png)): null

2018-12-07 10:53:48 - [TEST_STEP][PASSED] - Statement - counter = counter + 1: null

2018-12-07 10:53:48 - [TEST_STEP][PASSED] - Statement - PreSaveFile = new java.io.File(((pathPrefix + java.lang.Integer.toString(counter)) + .png)): null

2018-12-07 10:53:48 - [TEST_STEP][PASSED] - Statement - counter = counter + 1: null

2018-12-07 10:53:48 - [TEST_STEP][PASSED] - Statement - PreSaveFile = new java.io.File(((pathPrefix + java.lang.Integer.toString(counter)) + .png)): null

2018-12-07 10:53:48 - [TEST_STEP][PASSED] - Statement - counter = counter + 1: null

2018-12-07 10:53:48 - [TEST_STEP][PASSED] - Statement - PreSaveFile = new java.io.File(((pathPrefix + java.lang.Integer.toString(counter)) + .png)): null

2018-12-07 10:53:48 - [TEST_STEP][PASSED] - Statement - counter = counter + 1: null

2018-12-07 10:53:48 - [TEST_STEP][PASSED] - Statement - PreSaveFile = new java.io.File(((pathPrefix + java.lang.Integer.toString(counter)) + .png)): null

2018-12-07 10:53:48 - [TEST_STEP][PASSED] - Statement - counter = counter + 1: null

2018-12-07 10:53:48 - [TEST_STEP][PASSED] - Statement - PreSaveFile = new java.io.File(((pathPrefix + java.lang.Integer.toString(counter)) + .png)): null

2018-12-07 10:53:48 - [TEST_STEP][PASSED] - Statement - counter = counter + 1: null

2018-12-07 10:53:48 - [TEST_STEP][PASSED] - Statement - PreSaveFile = new java.io.File(((pathPrefix + java.lang.Integer.toString(counter)) + .png)): null

2018-12-07 10:53:48 - [TEST_STEP][PASSED] - Statement - counter = counter + 1: null

2018-12-07 10:53:48 - [TEST_STEP][PASSED] - Statement - PreSaveFile = new java.io.File(((pathPrefix + java.lang.Integer.toString(counter)) + .png)): null

2018-12-07 10:53:48 - [TEST_STEP][PASSED] - Statement - counter = counter + 1: null

2018-12-07 10:53:48 - [TEST_STEP][PASSED] - Statement - PreSaveFile = new java.io.File(((pathPrefix + java.lang.Integer.toString(counter)) + .png)): null

2018-12-07 10:53:48 - [TEST_STEP][PASSED] - Statement - counter = counter + 1: null

2018-12-07 10:53:48 - [TEST_STEP][PASSED] - Statement - PreSaveFile = new java.io.File(((pathPrefix + java.lang.Integer.toString(counter)) + .png)): null

2018-12-07 10:53:48 - [TEST_STEP][PASSED] - Statement - counter = counter + 1: null

2018-12-07 10:53:48 - [TEST_STEP][PASSED] - Statement - PreSaveFile = new java.io.File(((pathPrefix + java.lang.Integer.toString(counter)) + .png)): null

2018-12-07 10:53:48 - [TEST_STEP][PASSED] - Statement - counter = counter + 1: null

2018-12-07 10:53:49 - [TEST_STEP][PASSED] - Statement - PreSaveFile = new java.io.File(((pathPrefix + java.lang.Integer.toString(counter)) + .png)): null

2018-12-07 10:53:49 - [TEST_STEP][PASSED] - Statement - counter = counter + 1: null

2018-12-07 10:53:49 - [TEST_STEP][PASSED] - Statement - PreSaveFile = new java.io.File(((pathPrefix + java.lang.Integer.toString(counter)) + .png)): null

2018-12-07 10:53:49 - [TEST_STEP][PASSED] - Statement - counter = counter + 1: null

2018-12-07 10:53:49 - [TEST_STEP][PASSED] - Statement - PreSaveFile = new java.io.File(((pathPrefix + java.lang.Integer.toString(counter)) + .png)): null

2018-12-07 10:53:49 - [TEST_STEP][PASSED] - Statement - counter = counter + 1: null

2018-12-07 10:53:49 - [TEST_STEP][PASSED] - Statement - PreSaveFile = new java.io.File(((pathPrefix + java.lang.Integer.toString(counter)) + .png)): null

2018-12-07 10:53:49 - [TEST_STEP][PASSED] - Statement - counter = counter + 1: null

2018-12-07 10:53:49 - [TEST_STEP][PASSED] - Statement - PreSaveFile = new java.io.File(((pathPrefix + java.lang.Integer.toString(counter)) + .png)): null

2018-12-07 10:53:49 - [TEST_STEP][PASSED] - Statement - counter = counter + 1: null

2018-12-07 10:53:49 - [TEST_STEP][PASSED] - Statement - PreSaveFile = new java.io.File(((pathPrefix + java.lang.Integer.toString(counter)) + .png)): null

2018-12-07 10:53:49 - [TEST_STEP][PASSED] - Statement - counter = counter + 1: null

2018-12-07 10:53:49 - [TEST_STEP][PASSED] - Statement - PreSaveFile = new java.io.File(((pathPrefix + java.lang.Integer.toString(counter)) + .png)): null

2018-12-07 10:53:49 - [TEST_STEP][PASSED] - Statement - counter = counter + 1: null

2018-12-07 10:53:49 - [TEST_STEP][PASSED] - Statement - PreSaveFile = new java.io.File(((pathPrefix + java.lang.Integer.toString(counter)) + .png)): null

2018-12-07 10:53:49 - [TEST_STEP][PASSED] - Statement - counter = counter + 1: null

2018-12-07 10:53:49 - [TEST_STEP][PASSED] - Statement - PreSaveFile = new java.io.File(((pathPrefix + java.lang.Integer.toString(counter)) + .png)): null

2018-12-07 10:53:49 - [TEST_STEP][PASSED] - Statement - counter = counter + 1: null

2018-12-07 10:53:49 - [TEST_STEP][PASSED] - Statement - PreSaveFile = new java.io.File(((pathPrefix + java.lang.Integer.toString(counter)) + .png)): null

2018-12-07 10:53:49 - [TEST_STEP][PASSED] - Statement - counter = counter + 1: null

2018-12-07 10:53:49 - [TEST_STEP][PASSED] - Statement - PreSaveFile = new java.io.File(((pathPrefix + java.lang.Integer.toString(counter)) + .png)): null

2018-12-07 10:53:49 - [TEST_STEP][PASSED] - Statement - counter = counter + 1: null

2018-12-07 10:53:49 - [TEST_STEP][PASSED] - Statement - PreSaveFile = new java.io.File(((pathPrefix + java.lang.Integer.toString(counter)) + .png)): null

2018-12-07 10:53:49 - [TEST_STEP][PASSED] - Statement - counter = counter + 1: null

2018-12-07 10:53:49 - [TEST_STEP][PASSED] - Statement - PreSaveFile = new java.io.File(((pathPrefix + java.lang.Integer.toString(counter)) + .png)): null

2018-12-07 10:53:49 - [TEST_STEP][PASSED] - Statement - counter = counter + 1: null

2018-12-07 10:53:49 - [TEST_STEP][PASSED] - Statement - PreSaveFile = new java.io.File(((pathPrefix + java.lang.Integer.toString(counter)) + .png)): null

2018-12-07 10:53:49 - [TEST_STEP][PASSED] - Statement - counter = counter + 1: null

2018-12-07 10:53:49 - [TEST_STEP][PASSED] - Statement - PreSaveFile = new java.io.File(((pathPrefix + java.lang.Integer.toString(counter)) + .png)): null

2018-12-07 10:53:50 - [TEST_STEP][PASSED] - Statement - counter = counter + 1: null

2018-12-07 10:53:50 - [TEST_STEP][PASSED] - Statement - PreSaveFile = new java.io.File(((pathPrefix + java.lang.Integer.toString(counter)) + .png)): null

2018-12-07 10:53:50 - [TEST_STEP][PASSED] - Statement - counter = counter + 1: null

2018-12-07 10:53:50 - [TEST_STEP][PASSED] - Statement - PreSaveFile = new java.io.File(((pathPrefix + java.lang.Integer.toString(counter)) + .png)): null

2018-12-07 10:53:50 - [TEST_STEP][PASSED] - Statement - counter = counter + 1: null

2018-12-07 10:53:50 - [TEST_STEP][PASSED] - Statement - PreSaveFile = new java.io.File(((pathPrefix + java.lang.Integer.toString(counter)) + .png)): null

2018-12-07 10:53:50 - [TEST_STEP][PASSED] - Statement - counter = counter + 1: null

2018-12-07 10:53:50 - [TEST_STEP][PASSED] - Statement - PreSaveFile = new java.io.File(((pathPrefix + java.lang.Integer.toString(counter)) + .png)): null

2018-12-07 10:53:50 - [TEST_STEP][PASSED] - Statement - counter = counter + 1: null

2018-12-07 10:53:50 - [TEST_STEP][PASSED] - Statement - PreSaveFile = new java.io.File(((pathPrefix + java.lang.Integer.toString(counter)) + .png)): null

2018-12-07 10:53:50 - [TEST_STEP][PASSED] - Statement - counter = counter + 1: null

2018-12-07 10:53:50 - [TEST_STEP][PASSED] - Statement - PreSaveFile = new java.io.File(((pathPrefix + java.lang.Integer.toString(counter)) + .png)): null

2018-12-07 10:53:50 - [TEST_STEP][PASSED] - Statement - counter = counter + 1: null

2018-12-07 10:53:50 - [TEST_STEP][PASSED] - Statement - PreSaveFile = new java.io.File(((pathPrefix + java.lang.Integer.toString(counter)) + .png)): null

2018-12-07 10:53:50 - [TEST_STEP][PASSED] - Statement - counter = counter + 1: null

2018-12-07 10:53:50 - [TEST_STEP][PASSED] - Statement - PreSaveFile = new java.io.File(((pathPrefix + java.lang.Integer.toString(counter)) + .png)): null

2018-12-07 10:53:50 - [TEST_STEP][PASSED] - Statement - counter = counter + 1: null

2018-12-07 10:53:50 - [TEST_STEP][PASSED] - Statement - PreSaveFile = new java.io.File(((pathPrefix + java.lang.Integer.toString(counter)) + .png)): null

2018-12-07 10:53:50 - [TEST_STEP][PASSED] - Statement - counter = counter + 1: null

2018-12-07 10:53:50 - [TEST_STEP][PASSED] - Statement - PreSaveFile = new java.io.File(((pathPrefix + java.lang.Integer.toString(counter)) + .png)): null

2018-12-07 10:53:51 - [TEST_STEP][PASSED] - Statement - counter = counter + 1: null

2018-12-07 10:53:51 - [TEST_STEP][PASSED] - Statement - PreSaveFile = new java.io.File(((pathPrefix + java.lang.Integer.toString(counter)) + .png)): null

2018-12-07 10:53:51 - [TEST_STEP][PASSED] - Statement - counter = counter + 1: null

2018-12-07 10:53:51 - [TEST_STEP][PASSED] - Statement - PreSaveFile = new java.io.File(((pathPrefix + java.lang.Integer.toString(counter)) + .png)): null

2018-12-07 10:53:51 - [TEST_STEP][PASSED] - Statement - counter = counter + 1: null

2018-12-07 10:53:51 - [TEST_STEP][PASSED] - Statement - PreSaveFile = new java.io.File(((pathPrefix + java.lang.Integer.toString(counter)) + .png)): null

2018-12-07 10:53:51 - [TEST_STEP][PASSED] - Statement - counter = counter + 1: null

2018-12-07 10:53:51 - [TEST_STEP][PASSED] - Statement - PreSaveFile = new java.io.File(((pathPrefix + java.lang.Integer.toString(counter)) + .png)): null

2018-12-07 10:53:51 - [TEST_STEP][PASSED] - Statement - counter = counter + 1: null

2018-12-07 10:53:51 - [TEST_STEP][PASSED] - Statement - PreSaveFile = new java.io.File(((pathPrefix + java.lang.Integer.toString(counter)) + .png)): null

2018-12-07 10:53:51 - [TEST_STEP][PASSED] - Statement - counter = counter + 1: null

2018-12-07 10:53:51 - [TEST_STEP][PASSED] - Statement - PreSaveFile = new java.io.File(((pathPrefix + java.lang.Integer.toString(counter)) + .png)): null

2018-12-07 10:53:51 - [TEST_STEP][PASSED] - Statement - counter = counter + 1: null

2018-12-07 10:53:51 - [TEST_STEP][PASSED] - Statement - PreSaveFile = new java.io.File(((pathPrefix + java.lang.Integer.toString(counter)) + .png)): null

2018-12-07 10:53:51 - [TEST_STEP][PASSED] - Statement - counter = counter + 1: null

2018-12-07 10:53:51 - [TEST_STEP][PASSED] - Statement - PreSaveFile = new java.io.File(((pathPrefix + java.lang.Integer.toString(counter)) + .png)): null

2018-12-07 10:53:51 - [TEST_STEP][PASSED] - Statement - counter = counter + 1: null

2018-12-07 10:53:51 - [TEST_STEP][PASSED] - Statement - PreSaveFile = new java.io.File(((pathPrefix + java.lang.Integer.toString(counter)) + .png)): null

2018-12-07 10:53:51 - [TEST_STEP][PASSED] - Statement - counter = counter + 1: null

2018-12-07 10:53:51 - [TEST_STEP][PASSED] - Statement - PreSaveFile = new java.io.File(((pathPrefix + java.lang.Integer.toString(counter)) + .png)): null

2018-12-07 10:53:51 - [TEST_STEP][PASSED] - Statement - counter = counter + 1: null

2018-12-07 10:53:51 - [TEST_STEP][PASSED] - Statement - PreSaveFile = new java.io.File(((pathPrefix + java.lang.Integer.toString(counter)) + .png)): null

2018-12-07 10:53:51 - [TEST_STEP][PASSED] - Statement - counter = counter + 1: null

2018-12-07 10:53:51 - [TEST_STEP][PASSED] - Statement - PreSaveFile = new java.io.File(((pathPrefix + java.lang.Integer.toString(counter)) + .png)): null

2018-12-07 10:53:51 - [TEST_STEP][PASSED] - Statement - counter = counter + 1: null

2018-12-07 10:53:51 - [TEST_STEP][PASSED] - Statement - PreSaveFile = new java.io.File(((pathPrefix + java.lang.Integer.toString(counter)) + .png)): null

2018-12-07 10:53:51 - [TEST_STEP][PASSED] - Statement - counter = counter + 1: null

2018-12-07 10:53:51 - [TEST_STEP][PASSED] - Statement - PreSaveFile = new java.io.File(((pathPrefix + java.lang.Integer.toString(counter)) + .png)): null

2018-12-07 10:53:51 - [TEST_STEP][PASSED] - Statement - counter = counter + 1: null

2018-12-07 10:53:51 - [TEST_STEP][PASSED] - Statement - PreSaveFile = new java.io.File(((pathPrefix + java.lang.Integer.toString(counter)) + .png)): null

2018-12-07 10:53:51 - [TEST_STEP][PASSED] - Statement - counter = counter + 1: null

2018-12-07 10:53:51 - [TEST_STEP][PASSED] - Statement - PreSaveFile = new java.io.File(((pathPrefix + java.lang.Integer.toString(counter)) + .png)): null

2018-12-07 10:53:51 - [TEST_STEP][PASSED] - Statement - counter = counter + 1: null

2018-12-07 10:53:51 - [TEST_STEP][PASSED] - Statement - PreSaveFile = new java.io.File(((pathPrefix + java.lang.Integer.toString(counter)) + .png)): null

2018-12-07 10:53:51 - [TEST_STEP][PASSED] - Statement - counter = counter + 1: null

2018-12-07 10:53:51 - [TEST_STEP][PASSED] - Statement - PreSaveFile = new java.io.File(((pathPrefix + java.lang.Integer.toString(counter)) + .png)): null

2018-12-07 10:53:51 - [TEST_STEP][PASSED] - Statement - counter = counter + 1: null

2018-12-07 10:53:51 - [TEST_STEP][PASSED] - Statement - PreSaveFile = new java.io.File(((pathPrefix + java.lang.Integer.toString(counter)) + .png)): null

2018-12-07 10:53:51 - [TEST_STEP][PASSED] - Statement - counter = counter + 1: null

2018-12-07 10:53:51 - [TEST_STEP][PASSED] - Statement - PreSaveFile = new java.io.File(((pathPrefix + java.lang.Integer.toString(counter)) + .png)): null

2018-12-07 10:53:51 - [TEST_STEP][PASSED] - Statement - counter = counter + 1: null

2018-12-07 10:53:51 - [TEST_STEP][PASSED] - Statement - PreSaveFile = new java.io.File(((pathPrefix + java.lang.Integer.toString(counter)) + .png)): null

2018-12-07 10:53:51 - [TEST_STEP][PASSED] - Statement - counter = counter + 1: null

2018-12-07 10:53:51 - [TEST_STEP][PASSED] - Statement - PreSaveFile = new java.io.File(((pathPrefix + java.lang.Integer.toString(counter)) + .png)): null

2018-12-07 10:53:51 - [TEST_STEP][PASSED] - Statement - counter = counter + 1: null

2018-12-07 10:53:51 - [TEST_STEP][PASSED] - Statement - PreSaveFile = new java.io.File(((pathPrefix + java.lang.Integer.toString(counter)) + .png)): null

2018-12-07 10:53:51 - [TEST_STEP][PASSED] - Statement - counter = counter + 1: null

2018-12-07 10:53:51 - [TEST_STEP][PASSED] - Statement - PreSaveFile = new java.io.File(((pathPrefix + java.lang.Integer.toString(counter)) + .png)): null

2018-12-07 10:53:51 - [TEST_STEP][PASSED] - Statement - counter = counter + 1: null

2018-12-07 10:53:52 - [TEST_STEP][PASSED] - Statement - PreSaveFile = new java.io.File(((pathPrefix + java.lang.Integer.toString(counter)) + .png)): null

2018-12-07 10:53:52 - [TEST_STEP][PASSED] - Statement - counter = counter + 1: null

2018-12-07 10:53:52 - [TEST_STEP][PASSED] - Statement - PreSaveFile = new java.io.File(((pathPrefix + java.lang.Integer.toString(counter)) + .png)): null

2018-12-07 10:53:52 - [TEST_STEP][PASSED] - Statement - counter = counter + 1: null

2018-12-07 10:53:52 - [TEST_STEP][PASSED] - Statement - PreSaveFile = new java.io.File(((pathPrefix + java.lang.Integer.toString(counter)) + .png)): null

2018-12-07 10:53:52 - [TEST_STEP][PASSED] - Statement - counter = counter + 1: null

2018-12-07 10:53:52 - [TEST_STEP][PASSED] - Statement - PreSaveFile = new java.io.File(((pathPrefix + java.lang.Integer.toString(counter)) + .png)): null

2018-12-07 10:53:52 - [TEST_STEP][PASSED] - Statement - counter = counter + 1: null

2018-12-07 10:53:52 - [TEST_STEP][PASSED] - Statement - PreSaveFile = new java.io.File(((pathPrefix + java.lang.Integer.toString(counter)) + .png)): null

2018-12-07 10:53:52 - [TEST_STEP][PASSED] - Statement - counter = counter + 1: null

2018-12-07 10:53:52 - [TEST_STEP][PASSED] - Statement - PreSaveFile = new java.io.File(((pathPrefix + java.lang.Integer.toString(counter)) + .png)): null

2018-12-07 10:53:52 - [TEST_STEP][PASSED] - Statement - counter = counter + 1: null

2018-12-07 10:53:52 - [TEST_STEP][PASSED] - Statement - PreSaveFile = new java.io.File(((pathPrefix + java.lang.Integer.toString(counter)) + .png)): null

2018-12-07 10:53:52 - [TEST_STEP][PASSED] - Statement - counter = counter + 1: null

2018-12-07 10:53:52 - [TEST_STEP][PASSED] - Statement - PreSaveFile = new java.io.File(((pathPrefix + java.lang.Integer.toString(counter)) + .png)): null

2018-12-07 10:53:52 - [TEST_STEP][PASSED] - Statement - counter = counter + 1: null

2018-12-07 10:53:52 - [TEST_STEP][PASSED] - Statement - PreSaveFile = new java.io.File(((pathPrefix + java.lang.Integer.toString(counter)) + .png)): null

2018-12-07 10:53:52 - [TEST_STEP][PASSED] - Statement - counter = counter + 1: null

2018-12-07 10:53:52 - [TEST_STEP][PASSED] - Statement - PreSaveFile = new java.io.File(((pathPrefix + java.lang.Integer.toString(counter)) + .png)): null

2018-12-07 10:53:52 - [TEST_STEP][PASSED] - Statement - counter = counter + 1: null

2018-12-07 10:53:52 - [TEST_STEP][PASSED] - Statement - PreSaveFile = new java.io.File(((pathPrefix + java.lang.Integer.toString(counter)) + .png)): null

2018-12-07 10:53:52 - [TEST_STEP][PASSED] - Statement - counter = counter + 1: null

2018-12-07 10:53:52 - [TEST_STEP][PASSED] - Statement - PreSaveFile = new java.io.File(((pathPrefix + java.lang.Integer.toString(counter)) + .png)): null

2018-12-07 10:53:52 - [TEST_STEP][PASSED] - Statement - counter = counter + 1: null

2018-12-07 10:53:52 - [TEST_STEP][PASSED] - Statement - PreSaveFile = new java.io.File(((pathPrefix + java.lang.Integer.toString(counter)) + .png)): null

2018-12-07 10:53:52 - [TEST_STEP][PASSED] - Statement - counter = counter + 1: null

2018-12-07 10:53:52 - [TEST_STEP][PASSED] - Statement - PreSaveFile = new java.io.File(((pathPrefix + java.lang.Integer.toString(counter)) + .png)): null

2018-12-07 10:53:52 - [TEST_STEP][PASSED] - Statement - counter = counter + 1: null

2018-12-07 10:53:52 - [TEST_STEP][PASSED] - Statement - PreSaveFile = new java.io.File(((pathPrefix + java.lang.Integer.toString(counter)) + .png)): null

2018-12-07 10:53:53 - [TEST_STEP][PASSED] - Statement - counter = counter + 1: null

2018-12-07 10:53:53 - [TEST_STEP][PASSED] - Statement - PreSaveFile = new java.io.File(((pathPrefix + java.lang.Integer.toString(counter)) + .png)): null

2018-12-07 10:53:53 - [TEST_STEP][PASSED] - Statement - counter = counter + 1: null

2018-12-07 10:53:53 - [TEST_STEP][PASSED] - Statement - PreSaveFile = new java.io.File(((pathPrefix + java.lang.Integer.toString(counter)) + .png)): null

2018-12-07 10:53:53 - [TEST_STEP][PASSED] - Statement - counter = counter + 1: null

2018-12-07 10:53:53 - [TEST_STEP][PASSED] - Statement - PreSaveFile = new java.io.File(((pathPrefix + java.lang.Integer.toString(counter)) + .png)): null

2018-12-07 10:53:53 - [TEST_STEP][PASSED] - Statement - counter = counter + 1: null

2018-12-07 10:53:53 - [TEST_STEP][PASSED] - Statement - PreSaveFile = new java.io.File(((pathPrefix + java.lang.Integer.toString(counter)) + .png)): null

2018-12-07 10:53:53 - [TEST_STEP][PASSED] - Statement - counter = counter + 1: null

2018-12-07 10:53:53 - [TEST_STEP][PASSED] - Statement - PreSaveFile = new java.io.File(((pathPrefix + java.lang.Integer.toString(counter)) + .png)): null

2018-12-07 10:53:53 - [TEST_STEP][PASSED] - Statement - counter = counter + 1: null

2018-12-07 10:53:53 - [TEST_STEP][PASSED] - Statement - PreSaveFile = new java.io.File(((pathPrefix + java.lang.Integer.toString(counter)) + .png)): null

2018-12-07 10:53:53 - [TEST_STEP][PASSED] - Statement - counter = counter + 1: null

2018-12-07 10:53:53 - [TEST_STEP][PASSED] - Statement - PreSaveFile = new java.io.File(((pathPrefix + java.lang.Integer.toString(counter)) + .png)): null

2018-12-07 10:53:53 - [TEST_STEP][PASSED] - Statement - counter = counter + 1: null

2018-12-07 10:53:53 - [TEST_STEP][PASSED] - Statement - PreSaveFile = new java.io.File(((pathPrefix + java.lang.Integer.toString(counter)) + .png)): null

2018-12-07 10:53:53 - [TEST_STEP][PASSED] - Statement - counter = counter + 1: null

2018-12-07 10:53:53 - [TEST_STEP][PASSED] - Statement - PreSaveFile = new java.io.File(((pathPrefix + java.lang.Integer.toString(counter)) + .png)): null

2018-12-07 10:53:53 - [TEST_STEP][PASSED] - Statement - counter = counter + 1: null

2018-12-07 10:53:53 - [TEST_STEP][PASSED] - Statement - PreSaveFile = new java.io.File(((pathPrefix + java.lang.Integer.toString(counter)) + .png)): null

2018-12-07 10:53:53 - [TEST_STEP][PASSED] - Statement - counter = counter + 1: null

2018-12-07 10:53:53 - [TEST_STEP][PASSED] - Statement - PreSaveFile = new java.io.File(((pathPrefix + java.lang.Integer.toString(counter)) + .png)): null

2018-12-07 10:53:53 - [TEST_STEP][PASSED] - Statement - counter = counter + 1: null

2018-12-07 10:53:53 - [TEST_STEP][PASSED] - Statement - PreSaveFile = new java.io.File(((pathPrefix + java.lang.Integer.toString(counter)) + .png)): null

2018-12-07 10:53:53 - [TEST_STEP][PASSED] - Statement - counter = counter + 1: null

2018-12-07 10:53:53 - [TEST_STEP][PASSED] - Statement - PreSaveFile = new java.io.File(((pathPrefix + java.lang.Integer.toString(counter)) + .png)): null

2018-12-07 10:53:53 - [TEST_STEP][PASSED] - Statement - counter = counter + 1: null

2018-12-07 10:53:53 - [TEST_STEP][PASSED] - Statement - PreSaveFile = new java.io.File(((pathPrefix + java.lang.Integer.toString(counter)) + .png)): null

2018-12-07 10:53:53 - [TEST_STEP][PASSED] - Statement - counter = counter + 1: null

2018-12-07 10:53:54 - [TEST_STEP][PASSED] - Statement - PreSaveFile = new java.io.File(((pathPrefix + java.lang.Integer.toString(counter)) + .png)): null

2018-12-07 10:53:54 - [TEST_STEP][PASSED] - Statement - counter = counter + 1: null

2018-12-07 10:53:54 - [TEST_STEP][PASSED] - Statement - PreSaveFile = new java.io.File(((pathPrefix + java.lang.Integer.toString(counter)) + .png)): null

2018-12-07 10:53:54 - [TEST_STEP][PASSED] - Statement - counter = counter + 1: null

2018-12-07 10:53:54 - [TEST_STEP][PASSED] - Statement - PreSaveFile = new java.io.File(((pathPrefix + java.lang.Integer.toString(counter)) + .png)): null

2018-12-07 10:53:54 - [TEST_STEP][PASSED] - Statement - counter = counter + 1: null

2018-12-07 10:53:54 - [TEST_STEP][PASSED] - Statement - PreSaveFile = new java.io.File(((pathPrefix + java.lang.Integer.toString(counter)) + .png)): null

2018-12-07 10:53:54 - [TEST_STEP][PASSED] - Statement - counter = counter + 1: null

2018-12-07 10:53:54 - [TEST_STEP][PASSED] - Statement - PreSaveFile = new java.io.File(((pathPrefix + java.lang.Integer.toString(counter)) + .png)): null

2018-12-07 10:53:54 - [TEST_STEP][PASSED] - Statement - counter = counter + 1: null

2018-12-07 10:53:54 - [TEST_STEP][PASSED] - Statement - PreSaveFile = new java.io.File(((pathPrefix + java.lang.Integer.toString(counter)) + .png)): null

2018-12-07 10:53:54 - [TEST_STEP][PASSED] - Statement - counter = counter + 1: null

2018-12-07 10:53:54 - [TEST_STEP][PASSED] - Statement - PreSaveFile = new java.io.File(((pathPrefix + java.lang.Integer.toString(counter)) + .png)): null

2018-12-07 10:53:54 - [TEST_STEP][PASSED] - Statement - counter = counter + 1: null

2018-12-07 10:53:54 - [TEST_STEP][PASSED] - Statement - PreSaveFile = new java.io.File(((pathPrefix + java.lang.Integer.toString(counter)) + .png)): null

2018-12-07 10:53:54 - [TEST_STEP][PASSED] - Statement - counter = counter + 1: null

2018-12-07 10:53:54 - [TEST_STEP][PASSED] - Statement - PreSaveFile = new java.io.File(((pathPrefix + java.lang.Integer.toString(counter)) + .png)): null

2018-12-07 10:53:54 - [TEST_STEP][PASSED] - Statement - counter = counter + 1: null

2018-12-07 10:53:54 - [TEST_STEP][PASSED] - Statement - PreSaveFile = new java.io.File(((pathPrefix + java.lang.Integer.toString(counter)) + .png)): null

2018-12-07 10:53:54 - [TEST_STEP][PASSED] - Statement - counter = counter + 1: null

2018-12-07 10:53:54 - [TEST_STEP][PASSED] - Statement - PreSaveFile = new java.io.File(((pathPrefix + java.lang.Integer.toString(counter)) + .png)): null

2018-12-07 10:53:54 - [TEST_STEP][PASSED] - Statement - counter = counter + 1: null

2018-12-07 10:53:54 - [TEST_STEP][PASSED] - Statement - PreSaveFile = new java.io.File(((pathPrefix + java.lang.Integer.toString(counter)) + .png)): null

2018-12-07 10:53:54 - [TEST_STEP][PASSED] - Statement - counter = counter + 1: null

2018-12-07 10:53:54 - [TEST_STEP][PASSED] - Statement - PreSaveFile = new java.io.File(((pathPrefix + java.lang.Integer.toString(counter)) + .png)): null

2018-12-07 10:53:54 - [TEST_STEP][PASSED] - Statement - counter = counter + 1: null

2018-12-07 10:53:54 - [TEST_STEP][PASSED] - Statement - PreSaveFile = new java.io.File(((pathPrefix + java.lang.Integer.toString(counter)) + .png)): null

2018-12-07 10:53:54 - [TEST_STEP][PASSED] - Statement - counter = counter + 1: null

2018-12-07 10:53:55 - [TEST_STEP][PASSED] - Statement - PreSaveFile = new java.io.File(((pathPrefix + java.lang.Integer.toString(counter)) + .png)): null

2018-12-07 10:53:55 - [TEST_STEP][PASSED] - Statement - finalPath = pathPrefix + java.lang.Integer.toString(counter) + ".png": null

2018-12-07 10:53:55 - [TEST_STEP][PASSED] - Statement - SaveFile = new java.io.File(finalPath): null

2018-12-07 10:53:55 - [TEST_STEP][PASSED] - Statement - Try: null

2018-12-07 10:53:55 - [TEST_STEP][PASSED] - Statement - org.apache.commons.io.FileUtils.copyFile(scrFile, SaveFile): null

2018-12-07 10:53:55 - [TEST_STEP][PASSED] - Statement - out.println("file kept"): null

2018-12-07 10:53:55 - [TEST_STEP][PASSED] - delay: Delayed 10 second(s)

2018-12-07 10:54:05 - [MESSAGE][PASSED] - Delayed 10 second(s)

2018-12-07 10:54:05 - [MESSAGE][PASSED] - Call Test Case 'Test Cases/Final Aug 2018 - PKS Automation/Common/Screenshoting tool' successfully

2018-12-07 10:54:05 - [TEST_STEP][PASSED] - callTestCase: Call Test Case 'Test Cases/Final Aug 2018 - PKS Automation/Registration Module/Log Out/log out avoiding katalon tagging' successfully

2018-12-07 10:54:05 - [TEST_CASE][PASSED] - Test Cases/Final Aug 2018 - PKS Automation/Registration Module/Log Out/log out avoiding katalon tagging: Test Cases/Final Aug 2018 - PKS Automation/Registration Module/Log Out/log out avoiding katalon tagging

2018-12-07 10:54:05 - [TEST_STEP][PASSED] - navigateToUrl: Navigate to 'https://assist2-uat.perkeso.gov.my/c/portal/logout' successfully

2018-12-07 10:54:05 - [MESSAGE][PASSED] - Navigate to 'https://assist2-uat.perkeso.gov.my/c/portal/logout' successfully

2018-12-07 10:54:05 - [MESSAGE][PASSED] - Call Test Case 'Test Cases/Final Aug 2018 - PKS Automation/Registration Module/Log Out/log out avoiding katalon tagging' successfully

2018-12-07 10:54:05 - [TEST_STEP][PASSED] - callTestCase: Call Test Case 'Test Cases/Final Aug 2018 - PKS Automation/Common/Workflow Owner Finder' successfully

2018-12-07 10:54:06 - [TEST_CASE][PASSED] - Test Cases/Final Aug 2018 - PKS Automation/Common/Workflow Owner Finder: Test Cases/Final Aug 2018 - PKS Automation/Common/Workflow Owner Finder

2018-12-07 10:54:06 - [TEST_STEP][PASSED] - openBrowser: Browser is opened with url: ''

2018-12-07 10:54:06 - [MESSAGE][WARNING] - A browser is already opened. Closing browser and opening a new one

2018-12-07 10:54:09 - [MESSAGE][PASSED] - Browser is opened with url: ''

2018-12-07 10:54:09 - [TEST_STEP][PASSED] - navigateToUrl: Navigate to 'https://assist2-uat.perkeso.gov.my/login' successfully

2018-12-07 10:54:10 - [MESSAGE][PASSED] - Navigate to 'https://assist2-uat.perkeso.gov.my/login' successfully

2018-12-07 10:54:10 - [TEST_STEP][PASSED] - delay: Delayed 5 second(s)

2018-12-07 10:54:15 - [MESSAGE][PASSED] - Delayed 5 second(s)

2018-12-07 10:54:15 - [TEST_STEP][PASSED] - setText: Text 'test@liferay.com' is set on object 'Object Repository/Final Object Repo/Login Page/Internal User/Email Address'

2018-12-07 10:54:15 - [MESSAGE][PASSED] - Text 'test@liferay.com' is set on object 'Object Repository/Final Object Repo/Login Page/Internal User/Email Address'

2018-12-07 10:54:15 - [TEST_STEP][PASSED] - click: Object: 'Object Repository/Final Object Repo/Login Page/Internal User/Next Button' is clicked on

2018-12-07 10:54:15 - [MESSAGE][PASSED] - Object: 'Object Repository/Final Object Repo/Login Page/Internal User/Next Button' is clicked on

2018-12-07 10:54:15 - [TEST_STEP][PASSED] - delay: Delayed 2 second(s)

2018-12-07 10:54:17 - [MESSAGE][PASSED] - Delayed 2 second(s)

2018-12-07 10:54:17 - [TEST_STEP][PASSED] - setText: Text 'test' is set on object 'Object Repository/Final Object Repo/Login Page/Internal User/Password'

2018-12-07 10:54:17 - [MESSAGE][PASSED] - Text 'test' is set on object 'Object Repository/Final Object Repo/Login Page/Internal User/Password'

2018-12-07 10:54:17 - [TEST_STEP][PASSED] - delay: Delayed 2 second(s)

2018-12-07 10:54:19 - [MESSAGE][PASSED] - Delayed 2 second(s)

2018-12-07 10:54:19 - [TEST_STEP][PASSED] - click: Object: 'Object Repository/Final Object Repo/Login Page/Internal User/Login Button' is clicked on

2018-12-07 10:54:19 - [MESSAGE][PASSED] - Object: 'Object Repository/Final Object Repo/Login Page/Internal User/Login Button' is clicked on

2018-12-07 10:54:19 - [TEST_STEP][PASSED] - Statement - tester = com.kms.katalon.core.testobject.ObjectRepository.findTestObject(Final Object Repo/Landing Page/Select to English): Finding Test Object with id 'Object Repository/Final Object Repo/Landing Page/Select to English'

2018-12-07 10:54:19 - [TEST_STEP][PASSED] - Statement - Try: Delayed 2 second(s)

2018-12-07 10:54:19 - [TEST_STEP][PASSED] - Statement - Checker = com.kms.katalon.core.webui.keyword.WebUiBuiltInKeywords.verifyElementNotPresent(tester, 3): Web element with id: 'Object Repository/Final Object Repo/Landing Page/Select to English' located by 'By.xpath: //a[@class = 'taglib-language-list-text' and @lang = 'en-US' and (contains(text(), 'EN') or contains(., 'EN'))]' is not present after '3' second(s)

2018-12-07 10:54:22 - [MESSAGE][PASSED] - Web element with id: 'Object Repository/Final Object Repo/Landing Page/Select to English' located by 'By.xpath: //a[@class = 'taglib-language-list-text' and @lang = 'en-US' and (contains(text(), 'EN') or contains(., 'EN'))]' is not present after '3' second(s)

2018-12-07 10:54:22 - [TEST_STEP][PASSED] - Statement - If (Checker == false): null

2018-12-07 10:54:22 - [TEST_STEP][PASSED] - delay: Delayed 2 second(s)

2018-12-07 10:54:24 - [MESSAGE][PASSED] - Delayed 2 second(s)

2018-12-07 10:54:24 - [TEST_STEP][PASSED] - delay: Delayed 5 second(s)

2018-12-07 10:54:29 - [MESSAGE][PASSED] - Delayed 5 second(s)

2018-12-07 10:54:29 - [TEST_STEP][PASSED] - mouseOver: Object: 'Object Repository/Final Object Repo/Landing Page/WorkFlow Menu' is hovered

2018-12-07 10:54:29 - [MESSAGE][PASSED] - Object: 'Object Repository/Final Object Repo/Landing Page/WorkFlow Menu' is hovered

2018-12-07 10:54:29 - [TEST_STEP][PASSED] - delay: Delayed 2 second(s)

2018-12-07 10:54:31 - [MESSAGE][PASSED] - Delayed 2 second(s)

2018-12-07 10:54:31 - [TEST_STEP][PASSED] - click: Object: 'Object Repository/Final Object Repo/Landing Page/Select to Workflow Listing' is clicked on

2018-12-07 10:54:32 - [MESSAGE][PASSED] - Object: 'Object Repository/Final Object Repo/Landing Page/Select to Workflow Listing' is clicked on

2018-12-07 10:54:32 - [TEST_STEP][PASSED] - delay: Delayed 2 second(s)

2018-12-07 10:54:34 - [MESSAGE][PASSED] - Delayed 2 second(s)

2018-12-07 10:54:34 - [TEST_STEP][PASSED] - click: Object: 'Object Repository/Final Object Repo/WorkFlow Listing Page/Search Information - To Put Ref No' is clicked on

2018-12-07 10:54:34 - [MESSAGE][PASSED] - Object: 'Object Repository/Final Object Repo/WorkFlow Listing Page/Search Information - To Put Ref No' is clicked on

2018-12-07 10:54:34 - [TEST_STEP][PASSED] - delay: Delayed 2 second(s)

2018-12-07 10:54:36 - [MESSAGE][PASSED] - Delayed 2 second(s)

2018-12-07 10:54:36 - [TEST_STEP][PASSED] - callTestCase: Call Test Case 'Test Cases/Final Aug 2018 - PKS Automation/Common/Reference Number Getter' successfully

2018-12-07 10:54:36 - [TEST_CASE][PASSED] - Test Cases/Final Aug 2018 - PKS Automation/Common/Reference Number Getter: Test Cases/Final Aug 2018 - PKS Automation/Common/Reference Number Getter

2018-12-07 10:54:36 - [TEST_STEP][PASSED] - Statement - Try: null

2018-12-07 10:54:36 - [TEST_STEP][PASSED] - Statement - RefNo = new java.io.File(C://Users//Admin//Desktop//PKS//Automation Reference Point//KatalonReference.txt): null

2018-12-07 10:54:36 - [TEST_STEP][PASSED] - Statement - bufferread = new java.io.BufferedReader(new java.io.FileReader(RefNo)): null

2018-12-07 10:54:36 - [TEST_STEP][PASSED] - Statement - readedVal = bufferread.readLine(): null

2018-12-07 10:54:36 - [TEST_STEP][PASSED] - Statement - out.println(CaseReferenceNo): null

2018-12-07 10:54:36 - [TEST_STEP][PASSED] - Statement - out.println(readedVal): null

2018-12-07 10:54:36 - [TEST_STEP][PASSED] - Statement - CaseReferenceNo = "": null

2018-12-07 10:54:36 - [TEST_STEP][PASSED] - Statement - CaseReferenceNo = readedVal: null

2018-12-07 10:54:36 - [MESSAGE][PASSED] - Call Test Case 'Test Cases/Final Aug 2018 - PKS Automation/Common/Reference Number Getter' successfully

2018-12-07 10:54:36 - [TEST_STEP][PASSED] - setText: Text 'CAN12201800002284' is set on object 'Object Repository/Final Object Repo/WorkFlow Listing Page/Ref No Set Text'

2018-12-07 10:54:37 - [MESSAGE][PASSED] - Text 'CAN12201800002284' is set on object 'Object Repository/Final Object Repo/WorkFlow Listing Page/Ref No Set Text'

2018-12-07 10:54:37 - [TEST_STEP][PASSED] - delay: Delayed 2 second(s)

2018-12-07 10:54:39 - [MESSAGE][PASSED] - Delayed 2 second(s)

2018-12-07 10:54:39 - [TEST_STEP][PASSED] - click: Object: 'Object Repository/Final Object Repo/WorkFlow Listing Page/Search Ref No Search Button' is clicked on

2018-12-07 10:54:39 - [MESSAGE][PASSED] - Object: 'Object Repository/Final Object Repo/WorkFlow Listing Page/Search Ref No Search Button' is clicked on

2018-12-07 10:54:39 - [TEST_STEP][PASSED] - delay: Delayed 6 second(s)

2018-12-07 10:54:45 - [MESSAGE][PASSED] - Delayed 6 second(s)

2018-12-07 10:54:45 - [TEST_STEP][PASSED] - click: Object: 'Object Repository/Final Object Repo/WorkFlow Listing Page/Click Continue Tooltip' is clicked on

2018-12-07 10:54:46 - [MESSAGE][PASSED] - Object: 'Object Repository/Final Object Repo/WorkFlow Listing Page/Click Continue Tooltip' is clicked on

2018-12-07 10:54:46 - [TEST_STEP][PASSED] - delay: Delayed 5 second(s)

2018-12-07 10:54:51 - [MESSAGE][PASSED] - Delayed 5 second(s)

2018-12-07 10:54:51 - [TEST_STEP][PASSED] - doubleClick: Object: 'Object Repository/Final Object Repo/WorkFlow Listing Page/Workflow Found - Listing 1' is double clicked on

2018-12-07 10:54:51 - [MESSAGE][PASSED] - Object: 'Object Repository/Final Object Repo/WorkFlow Listing Page/Workflow Found - Listing 1' is double clicked on

2018-12-07 10:54:51 - [TEST_STEP][PASSED] - Statement - println(OwnerID): null

2018-12-07 10:54:51 - [TEST_STEP][PASSED] - Statement - OwnerID = com.kms.katalon.core.webui.keyword.WebUiBuiltInKeywords.getText(com.kms.katalon.core.testobject.ObjectRepository.findTestObject(Final Object Repo/WorkFlow Listing Page/Workflow Found - Listing 1), STOP_ON_FAILURE): Text of object 'Object Repository/Final Object Repo/WorkFlow Listing Page/Workflow Found - Listing 1' is: 'JOHORro1'

2018-12-07 10:54:51 - [MESSAGE][PASSED] - Text of object 'Object Repository/Final Object Repo/WorkFlow Listing Page/Workflow Found - Listing 1' is: 'JOHORro1'

2018-12-07 10:54:51 - [TEST_STEP][PASSED] - Statement - OwnerID = OwnerID.toLowerCase() + "@gmail.com": null

2018-12-07 10:54:51 - [TEST_STEP][PASSED] - Statement - println(OwnerID): null

2018-12-07 10:54:51 - [TEST_STEP][PASSED] - delay: Delayed 2 second(s)

2018-12-07 10:54:53 - [MESSAGE][PASSED] - Delayed 2 second(s)

2018-12-07 10:54:53 - [MESSAGE][PASSED] - Call Test Case 'Test Cases/Final Aug 2018 - PKS Automation/Common/Workflow Owner Finder' successfully

2018-12-07 10:54:53 - [TEST_STEP][PASSED] - callTestCase: Call Test Case 'Test Cases/Final Aug 2018 - PKS Automation/Registration Module/Log Out/log out avoiding katalon tagging' successfully

2018-12-07 10:54:53 - [TEST_CASE][PASSED] - Test Cases/Final Aug 2018 - PKS Automation/Registration Module/Log Out/log out avoiding katalon tagging: Test Cases/Final Aug 2018 - PKS Automation/Registration Module/Log Out/log out avoiding katalon tagging

2018-12-07 10:54:53 - [TEST_STEP][PASSED] - navigateToUrl: Navigate to 'https://assist2-uat.perkeso.gov.my/c/portal/logout' successfully

2018-12-07 10:54:54 - [MESSAGE][PASSED] - Navigate to 'https://assist2-uat.perkeso.gov.my/c/portal/logout' successfully

2018-12-07 10:54:54 - [MESSAGE][PASSED] - Call Test Case 'Test Cases/Final Aug 2018 - PKS Automation/Registration Module/Log Out/log out avoiding katalon tagging' successfully

2018-12-07 10:54:54 - [TEST_STEP][PASSED] - delay: Delayed 2 second(s)

2018-12-07 10:54:56 - [MESSAGE][PASSED] - Delayed 2 second(s)

2018-12-07 10:54:56 - [TEST_STEP][PASSED] - setText: Text 'johorro1@gmail.com' is set on object 'Object Repository/Final Object Repo/Page_Update Add New Employee - ASSIST/Email TextBox'

2018-12-07 10:54:57 - [MESSAGE][PASSED] - Text 'johorro1@gmail.com' is set on object 'Object Repository/Final Object Repo/Page_Update Add New Employee - ASSIST/Email TextBox'

2018-12-07 10:54:57 - [TEST_STEP][PASSED] - click: Object: 'Object Repository/Final Object Repo/Page_Update Add New Employee - ASSIST/Next Button' is clicked on

2018-12-07 10:54:57 - [MESSAGE][PASSED] - Object: 'Object Repository/Final Object Repo/Page_Update Add New Employee - ASSIST/Next Button' is clicked on

2018-12-07 10:54:57 - [TEST_STEP][PASSED] - delay: Delayed 2 second(s)

2018-12-07 10:54:59 - [MESSAGE][PASSED] - Delayed 2 second(s)

2018-12-07 10:54:59 - [TEST_STEP][PASSED] - setText: Text 'Test1@3456789' is set on object 'Object Repository/Final Object Repo/Page_Update Add New Employee - ASSIST/Password TextBox'

2018-12-07 10:54:59 - [MESSAGE][PASSED] - Text 'Test1@3456789' is set on object 'Object Repository/Final Object Repo/Page_Update Add New Employee - ASSIST/Password TextBox'

2018-12-07 10:54:59 - [TEST_STEP][PASSED] - delay: Delayed 2 second(s)

2018-12-07 10:55:01 - [MESSAGE][PASSED] - Delayed 2 second(s)

2018-12-07 10:55:01 - [TEST_STEP][PASSED] - click: Object: 'Object Repository/Final Object Repo/Page_Update Add New Employee - ASSIST/Login Button' is clicked on

2018-12-07 10:55:01 - [MESSAGE][PASSED] - Object: 'Object Repository/Final Object Repo/Page_Update Add New Employee - ASSIST/Login Button' is clicked on

2018-12-07 10:55:01 - [TEST_STEP][PASSED] - delay: Delayed 4 second(s)

2018-12-07 10:55:05 - [MESSAGE][PASSED] - Delayed 4 second(s)

2018-12-07 10:55:05 - [TEST_STEP][PASSED] - Statement - Try: Delayed 2 second(s)

2018-12-07 10:55:05 - [TEST_STEP][PASSED] - Statement - Checker = false: null

2018-12-07 10:55:05 - [TEST_STEP][PASSED] - Statement - Checker = com.kms.katalon.core.webui.keyword.WebUiBuiltInKeywords.verifyElementHasAttribute(com.kms.katalon.core.testobject.ObjectRepository.findTestObject(Final Object Repo/Landing Page/BM Detecting), "href", 20, OPTIONAL): Object 'Object Repository/Final Object Repo/Landing Page/BM Detecting' has attribute 'href'

2018-12-07 10:55:05 - [MESSAGE][PASSED] - Object 'Object Repository/Final Object Repo/Landing Page/BM Detecting' has attribute 'href'

2018-12-07 10:55:05 - [TEST_STEP][PASSED] - Statement - out.println(Checker): null

2018-12-07 10:55:05 - [TEST_STEP][PASSED] - Statement - If (Checker == false): null

2018-12-07 10:55:05 - [TEST_STEP][PASSED] - Statement - Else: null

2018-12-07 10:55:05 - [TEST_STEP][PASSED] - delay: Delayed 2 second(s)

2018-12-07 10:55:07 - [MESSAGE][PASSED] - Delayed 2 second(s)

2018-12-07 10:55:07 - [TEST_STEP][PASSED] - delay: Delayed 4 second(s)

2018-12-07 10:55:11 - [MESSAGE][PASSED] - Delayed 4 second(s)

2018-12-07 10:55:11 - [TEST_STEP][PASSED] - click: Object: 'Object Repository/Final Object Repo/New Registration - Registration Module Pages/New Reg - OTC to RO/Special Case - All Related Objects/Expand to Search' is clicked on

2018-12-07 10:55:11 - [MESSAGE][PASSED] - Object: 'Object Repository/Final Object Repo/New Registration - Registration Module Pages/New Reg - OTC to RO/Special Case - All Related Objects/Expand to Search' is clicked on

2018-12-07 10:55:11 - [TEST_STEP][PASSED] - setText: Text 'CAN12201800002284' is set on object 'Object Repository/Final Object Repo/New Registration - Registration Module Pages/New Reg - OTC to RO/Special Case - All Related Objects/TextBox RefNo in Workbasket'

2018-12-07 10:55:12 - [MESSAGE][PASSED] - Text 'CAN12201800002284' is set on object 'Object Repository/Final Object Repo/New Registration - Registration Module Pages/New Reg - OTC to RO/Special Case - All Related Objects/TextBox RefNo in Workbasket'

2018-12-07 10:55:12 - [TEST_STEP][PASSED] - delay: Delayed 2 second(s)

2018-12-07 10:55:14 - [MESSAGE][PASSED] - Delayed 2 second(s)

2018-12-07 10:55:14 - [TEST_STEP][PASSED] - click: Object: 'Object Repository/Final Object Repo/New Registration - Registration Module Pages/New Reg - OTC to RO/Special Case - All Related Objects/Click Search' is clicked on

2018-12-07 10:55:14 - [MESSAGE][PASSED] - Object: 'Object Repository/Final Object Repo/New Registration - Registration Module Pages/New Reg - OTC to RO/Special Case - All Related Objects/Click Search' is clicked on

2018-12-07 10:55:14 - [TEST_STEP][PASSED] - delay: Delayed 2 second(s)

2018-12-07 10:55:16 - [MESSAGE][PASSED] - Delayed 2 second(s)

2018-12-07 10:55:16 - [TEST_STEP][PASSED] - click: Object: 'Object Repository/Final Object Repo/New Registration - Registration Module Pages/New Reg - OTC to RO/Special Case - All Related Objects/Click to Continue Workflow' is clicked on

2018-12-07 10:55:20 - [MESSAGE][PASSED] - Object: 'Object Repository/Final Object Repo/New Registration - Registration Module Pages/New Reg - OTC to RO/Special Case - All Related Objects/Click to Continue Workflow' is clicked on

2018-12-07 10:55:20 - [TEST_STEP][PASSED] - delay: Delayed 10 second(s)

2018-12-07 10:55:30 - [MESSAGE][PASSED] - Delayed 10 second(s)

2018-12-07 10:55:30 - [TEST_STEP][PASSED] - click: Object: 'Object Repository/Final Object Repo/New Registration - Registration Module Pages/New Reg - OTC to RO/Special Case - All Related Objects/Continue Button in verifying case' is clicked on

2018-12-07 10:55:34 - [MESSAGE][PASSED] - Object: 'Object Repository/Final Object Repo/New Registration - Registration Module Pages/New Reg - OTC to RO/Special Case - All Related Objects/Continue Button in verifying case' is clicked on

2018-12-07 10:55:34 - [TEST_STEP][PASSED] - delay: Delayed 2 second(s)

2018-12-07 10:55:36 - [MESSAGE][PASSED] - Delayed 2 second(s)

2018-12-07 10:55:36 - [TEST_STEP][PASSED] - click: Object: 'Object Repository/Final Object Repo/Page_Update Add New Employee - ASSIST/Save  Continue Button' is clicked on

2018-12-07 10:55:36 - [MESSAGE][PASSED] - Object: 'Object Repository/Final Object Repo/Page_Update Add New Employee - ASSIST/Save  Continue Button' is clicked on

2018-12-07 10:55:36 - [TEST_STEP][PASSED] - delay: Delayed 4 second(s)

2018-12-07 10:55:40 - [MESSAGE][PASSED] - Delayed 4 second(s)

2018-12-07 10:55:40 - [TEST_STEP][PASSED] - click: Object: 'Object Repository/Final Object Repo/Page_Update Add New Employee - ASSIST/Save  Continue Third Screen' is clicked on

2018-12-07 10:55:43 - [MESSAGE][PASSED] - Object: 'Object Repository/Final Object Repo/Page_Update Add New Employee - ASSIST/Save  Continue Third Screen' is clicked on

2018-12-07 10:55:43 - [TEST_STEP][PASSED] - delay: Delayed 4 second(s)

2018-12-07 10:55:47 - [MESSAGE][PASSED] - Delayed 4 second(s)

2018-12-07 10:55:47 - [TEST_STEP][PASSED] - click: Object: 'Object Repository/Final Object Repo/Page_Update Add New Employee - ASSIST/Save   Continue Supporting Doc Page' is clicked on

2018-12-07 10:55:47 - [MESSAGE][PASSED] - Object: 'Object Repository/Final Object Repo/Page_Update Add New Employee - ASSIST/Save   Continue Supporting Doc Page' is clicked on

2018-12-07 10:55:47 - [TEST_STEP][PASSED] - delay: Delayed 4 second(s)

2018-12-07 10:55:51 - [MESSAGE][PASSED] - Delayed 4 second(s)

2018-12-07 10:55:51 - [TEST_STEP][PASSED] - click: Object: 'Object Repository/Final Object Repo/Page_Update Add New Employee - ASSIST/Submit Button' is clicked on

2018-12-07 10:55:52 - [MESSAGE][PASSED] - Object: 'Object Repository/Final Object Repo/Page_Update Add New Employee - ASSIST/Submit Button' is clicked on

2018-12-07 10:55:52 - [TEST_STEP][PASSED] - delay: Delayed 4 second(s)

2018-12-07 10:55:56 - [MESSAGE][PASSED] - Delayed 4 second(s)

2018-12-07 10:55:56 - [TEST_STEP][PASSED] - click: Object: 'Object Repository/Final Object Repo/Page_Update Add New Employee - ASSIST/Confirm Submit Button' is clicked on

2018-12-07 10:55:56 - [MESSAGE][PASSED] - Object: 'Object Repository/Final Object Repo/Page_Update Add New Employee - ASSIST/Confirm Submit Button' is clicked on

2018-12-07 10:55:56 - [TEST_STEP][PASSED] - delay: Delayed 30 second(s)

2018-12-07 10:56:26 - [MESSAGE][PASSED] - Delayed 30 second(s)

2018-12-07 10:56:26 - [TEST_STEP][PASSED] - callTestCase: Call Test Case 'Test Cases/Final Aug 2018 - PKS Automation/Common/Screenshoting tool' successfully

2018-12-07 10:56:26 - [TEST_CASE][PASSED] - Test Cases/Final Aug 2018 - PKS Automation/Common/Screenshoting tool: Test Cases/Final Aug 2018 - PKS Automation/Common/Screenshoting tool

2018-12-07 10:56:26 - [TEST_STEP][PASSED] - delay: Delayed 15 second(s)

2018-12-07 10:56:41 - [MESSAGE][PASSED] - Delayed 15 second(s)

2018-12-07 10:56:41 - [TEST_STEP][PASSED] - Statement - driver = com.kms.katalon.core.webui.driver.DriverFactory.getWebDriver(): null

2018-12-07 10:56:41 - [TEST_STEP][PASSED] - Statement - driver.manage().timeouts().implicitlyWait(10, SECONDS): null

2018-12-07 10:56:41 - [TEST_STEP][PASSED] - Statement - PresavePath = KatalonScreenshots: null

2018-12-07 10:56:41 - [TEST_STEP][PASSED] - Statement - pathPrefix = "C:\Users\Public\Pictures\Sample Pictures\Katalon Screenshots\Automate Ending Screen": null

2018-12-07 10:56:41 - [TEST_STEP][PASSED] - Statement - finalPath = <not implemented yet for class: org.codehaus.groovy.ast.expr.EmptyExpression>: null

2018-12-07 10:56:41 - [TEST_STEP][PASSED] - Statement - scrFile = driver.getScreenshotAs(FILE): null

2018-12-07 10:56:41 - [TEST_STEP][PASSED] - Statement - PreSaveFile = new java.io.File(PresavePath): null

2018-12-07 10:56:41 - [TEST_STEP][PASSED] - Statement - counter = 0: null

2018-12-07 10:56:41 - [TEST_STEP][PASSED] - Statement - If (PreSaveFile.exists()): null

2018-12-07 10:56:41 - [TEST_STEP][PASSED] - Statement - While (PreSaveFile.exists()): null

2018-12-07 10:56:41 - [TEST_STEP][PASSED] - Statement - counter = counter + 1: null

2018-12-07 10:56:41 - [TEST_STEP][PASSED] - Statement - PreSaveFile = new java.io.File(((pathPrefix + java.lang.Integer.toString(counter)) + .png)): null

2018-12-07 10:56:41 - [TEST_STEP][PASSED] - Statement - counter = counter + 1: null

2018-12-07 10:56:41 - [TEST_STEP][PASSED] - Statement - PreSaveFile = new java.io.File(((pathPrefix + java.lang.Integer.toString(counter)) + .png)): null

2018-12-07 10:56:41 - [TEST_STEP][PASSED] - Statement - counter = counter + 1: null

2018-12-07 10:56:41 - [TEST_STEP][PASSED] - Statement - PreSaveFile = new java.io.File(((pathPrefix + java.lang.Integer.toString(counter)) + .png)): null

2018-12-07 10:56:41 - [TEST_STEP][PASSED] - Statement - counter = counter + 1: null

2018-12-07 10:56:41 - [TEST_STEP][PASSED] - Statement - PreSaveFile = new java.io.File(((pathPrefix + java.lang.Integer.toString(counter)) + .png)): null

2018-12-07 10:56:41 - [TEST_STEP][PASSED] - Statement - counter = counter + 1: null

2018-12-07 10:56:41 - [TEST_STEP][PASSED] - Statement - PreSaveFile = new java.io.File(((pathPrefix + java.lang.Integer.toString(counter)) + .png)): null

2018-12-07 10:56:41 - [TEST_STEP][PASSED] - Statement - counter = counter + 1: null

2018-12-07 10:56:41 - [TEST_STEP][PASSED] - Statement - PreSaveFile = new java.io.File(((pathPrefix + java.lang.Integer.toString(counter)) + .png)): null

2018-12-07 10:56:41 - [TEST_STEP][PASSED] - Statement - counter = counter + 1: null

2018-12-07 10:56:41 - [TEST_STEP][PASSED] - Statement - PreSaveFile = new java.io.File(((pathPrefix + java.lang.Integer.toString(counter)) + .png)): null

2018-12-07 10:56:41 - [TEST_STEP][PASSED] - Statement - counter = counter + 1: null

2018-12-07 10:56:41 - [TEST_STEP][PASSED] - Statement - PreSaveFile = new java.io.File(((pathPrefix + java.lang.Integer.toString(counter)) + .png)): null

2018-12-07 10:56:41 - [TEST_STEP][PASSED] - Statement - counter = counter + 1: null

2018-12-07 10:56:41 - [TEST_STEP][PASSED] - Statement - PreSaveFile = new java.io.File(((pathPrefix + java.lang.Integer.toString(counter)) + .png)): null

2018-12-07 10:56:41 - [TEST_STEP][PASSED] - Statement - counter = counter + 1: null

2018-12-07 10:56:41 - [TEST_STEP][PASSED] - Statement - PreSaveFile = new java.io.File(((pathPrefix + java.lang.Integer.toString(counter)) + .png)): null

2018-12-07 10:56:41 - [TEST_STEP][PASSED] - Statement - counter = counter + 1: null

2018-12-07 10:56:41 - [TEST_STEP][PASSED] - Statement - PreSaveFile = new java.io.File(((pathPrefix + java.lang.Integer.toString(counter)) + .png)): null

2018-12-07 10:56:41 - [TEST_STEP][PASSED] - Statement - counter = counter + 1: null

2018-12-07 10:56:41 - [TEST_STEP][PASSED] - Statement - PreSaveFile = new java.io.File(((pathPrefix + java.lang.Integer.toString(counter)) + .png)): null

2018-12-07 10:56:41 - [TEST_STEP][PASSED] - Statement - counter = counter + 1: null

2018-12-07 10:56:41 - [TEST_STEP][PASSED] - Statement - PreSaveFile = new java.io.File(((pathPrefix + java.lang.Integer.toString(counter)) + .png)): null

2018-12-07 10:56:41 - [TEST_STEP][PASSED] - Statement - counter = counter + 1: null

2018-12-07 10:56:41 - [TEST_STEP][PASSED] - Statement - PreSaveFile = new java.io.File(((pathPrefix + java.lang.Integer.toString(counter)) + .png)): null

2018-12-07 10:56:41 - [TEST_STEP][PASSED] - Statement - counter = counter + 1: null

2018-12-07 10:56:41 - [TEST_STEP][PASSED] - Statement - PreSaveFile = new java.io.File(((pathPrefix + java.lang.Integer.toString(counter)) + .png)): null

2018-12-07 10:56:41 - [TEST_STEP][PASSED] - Statement - counter = counter + 1: null

2018-12-07 10:56:41 - [TEST_STEP][PASSED] - Statement - PreSaveFile = new java.io.File(((pathPrefix + java.lang.Integer.toString(counter)) + .png)): null

2018-12-07 10:56:41 - [TEST_STEP][PASSED] - Statement - counter = counter + 1: null

2018-12-07 10:56:41 - [TEST_STEP][PASSED] - Statement - PreSaveFile = new java.io.File(((pathPrefix + java.lang.Integer.toString(counter)) + .png)): null

2018-12-07 10:56:41 - [TEST_STEP][PASSED] - Statement - counter = counter + 1: null

2018-12-07 10:56:42 - [TEST_STEP][PASSED] - Statement - PreSaveFile = new java.io.File(((pathPrefix + java.lang.Integer.toString(counter)) + .png)): null

2018-12-07 10:56:42 - [TEST_STEP][PASSED] - Statement - counter = counter + 1: null

2018-12-07 10:56:42 - [TEST_STEP][PASSED] - Statement - PreSaveFile = new java.io.File(((pathPrefix + java.lang.Integer.toString(counter)) + .png)): null

2018-12-07 10:56:42 - [TEST_STEP][PASSED] - Statement - counter = counter + 1: null

2018-12-07 10:56:42 - [TEST_STEP][PASSED] - Statement - PreSaveFile = new java.io.File(((pathPrefix + java.lang.Integer.toString(counter)) + .png)): null

2018-12-07 10:56:42 - [TEST_STEP][PASSED] - Statement - counter = counter + 1: null

2018-12-07 10:56:42 - [TEST_STEP][PASSED] - Statement - PreSaveFile = new java.io.File(((pathPrefix + java.lang.Integer.toString(counter)) + .png)): null

2018-12-07 10:56:42 - [TEST_STEP][PASSED] - Statement - counter = counter + 1: null

2018-12-07 10:56:42 - [TEST_STEP][PASSED] - Statement - PreSaveFile = new java.io.File(((pathPrefix + java.lang.Integer.toString(counter)) + .png)): null

2018-12-07 10:56:42 - [TEST_STEP][PASSED] - Statement - counter = counter + 1: null

2018-12-07 10:56:42 - [TEST_STEP][PASSED] - Statement - PreSaveFile = new java.io.File(((pathPrefix + java.lang.Integer.toString(counter)) + .png)): null

2018-12-07 10:56:42 - [TEST_STEP][PASSED] - Statement - counter = counter + 1: null

2018-12-07 10:56:42 - [TEST_STEP][PASSED] - Statement - PreSaveFile = new java.io.File(((pathPrefix + java.lang.Integer.toString(counter)) + .png)): null

2018-12-07 10:56:42 - [TEST_STEP][PASSED] - Statement - counter = counter + 1: null

2018-12-07 10:56:42 - [TEST_STEP][PASSED] - Statement - PreSaveFile = new java.io.File(((pathPrefix + java.lang.Integer.toString(counter)) + .png)): null

2018-12-07 10:56:42 - [TEST_STEP][PASSED] - Statement - counter = counter + 1: null

2018-12-07 10:56:42 - [TEST_STEP][PASSED] - Statement - PreSaveFile = new java.io.File(((pathPrefix + java.lang.Integer.toString(counter)) + .png)): null

2018-12-07 10:56:42 - [TEST_STEP][PASSED] - Statement - counter = counter + 1: null

2018-12-07 10:56:42 - [TEST_STEP][PASSED] - Statement - PreSaveFile = new java.io.File(((pathPrefix + java.lang.Integer.toString(counter)) + .png)): null

2018-12-07 10:56:42 - [TEST_STEP][PASSED] - Statement - counter = counter + 1: null

2018-12-07 10:56:42 - [TEST_STEP][PASSED] - Statement - PreSaveFile = new java.io.File(((pathPrefix + java.lang.Integer.toString(counter)) + .png)): null

2018-12-07 10:56:42 - [TEST_STEP][PASSED] - Statement - counter = counter + 1: null

2018-12-07 10:56:43 - [TEST_STEP][PASSED] - Statement - PreSaveFile = new java.io.File(((pathPrefix + java.lang.Integer.toString(counter)) + .png)): null

2018-12-07 10:56:43 - [TEST_STEP][PASSED] - Statement - counter = counter + 1: null

2018-12-07 10:56:43 - [TEST_STEP][PASSED] - Statement - PreSaveFile = new java.io.File(((pathPrefix + java.lang.Integer.toString(counter)) + .png)): null

2018-12-07 10:56:43 - [TEST_STEP][PASSED] - Statement - counter = counter + 1: null

2018-12-07 10:56:43 - [TEST_STEP][PASSED] - Statement - PreSaveFile = new java.io.File(((pathPrefix + java.lang.Integer.toString(counter)) + .png)): null

2018-12-07 10:56:43 - [TEST_STEP][PASSED] - Statement - counter = counter + 1: null

2018-12-07 10:56:43 - [TEST_STEP][PASSED] - Statement - PreSaveFile = new java.io.File(((pathPrefix + java.lang.Integer.toString(counter)) + .png)): null

2018-12-07 10:56:43 - [TEST_STEP][PASSED] - Statement - counter = counter + 1: null

2018-12-07 10:56:43 - [TEST_STEP][PASSED] - Statement - PreSaveFile = new java.io.File(((pathPrefix + java.lang.Integer.toString(counter)) + .png)): null

2018-12-07 10:56:43 - [TEST_STEP][PASSED] - Statement - counter = counter + 1: null

2018-12-07 10:56:43 - [TEST_STEP][PASSED] - Statement - PreSaveFile = new java.io.File(((pathPrefix + java.lang.Integer.toString(counter)) + .png)): null

2018-12-07 10:56:43 - [TEST_STEP][PASSED] - Statement - counter = counter + 1: null

2018-12-07 10:56:43 - [TEST_STEP][PASSED] - Statement - PreSaveFile = new java.io.File(((pathPrefix + java.lang.Integer.toString(counter)) + .png)): null

2018-12-07 10:56:43 - [TEST_STEP][PASSED] - Statement - counter = counter + 1: null

2018-12-07 10:56:43 - [TEST_STEP][PASSED] - Statement - PreSaveFile = new java.io.File(((pathPrefix + java.lang.Integer.toString(counter)) + .png)): null

2018-12-07 10:56:43 - [TEST_STEP][PASSED] - Statement - counter = counter + 1: null

2018-12-07 10:56:43 - [TEST_STEP][PASSED] - Statement - PreSaveFile = new java.io.File(((pathPrefix + java.lang.Integer.toString(counter)) + .png)): null

2018-12-07 10:56:43 - [TEST_STEP][PASSED] - Statement - counter = counter + 1: null

2018-12-07 10:56:43 - [TEST_STEP][PASSED] - Statement - PreSaveFile = new java.io.File(((pathPrefix + java.lang.Integer.toString(counter)) + .png)): null

2018-12-07 10:56:43 - [TEST_STEP][PASSED] - Statement - counter = counter + 1: null

2018-12-07 10:56:43 - [TEST_STEP][PASSED] - Statement - PreSaveFile = new java.io.File(((pathPrefix + java.lang.Integer.toString(counter)) + .png)): null

2018-12-07 10:56:43 - [TEST_STEP][PASSED] - Statement - counter = counter + 1: null

2018-12-07 10:56:43 - [TEST_STEP][PASSED] - Statement - PreSaveFile = new java.io.File(((pathPrefix + java.lang.Integer.toString(counter)) + .png)): null

2018-12-07 10:56:43 - [TEST_STEP][PASSED] - Statement - counter = counter + 1: null

2018-12-07 10:56:43 - [TEST_STEP][PASSED] - Statement - PreSaveFile = new java.io.File(((pathPrefix + java.lang.Integer.toString(counter)) + .png)): null

2018-12-07 10:56:43 - [TEST_STEP][PASSED] - Statement - counter = counter + 1: null

2018-12-07 10:56:43 - [TEST_STEP][PASSED] - Statement - PreSaveFile = new java.io.File(((pathPrefix + java.lang.Integer.toString(counter)) + .png)): null

2018-12-07 10:56:43 - [TEST_STEP][PASSED] - Statement - counter = counter + 1: null

2018-12-07 10:56:43 - [TEST_STEP][PASSED] - Statement - PreSaveFile = new java.io.File(((pathPrefix + java.lang.Integer.toString(counter)) + .png)): null

2018-12-07 10:56:43 - [TEST_STEP][PASSED] - Statement - counter = counter + 1: null

2018-12-07 10:56:43 - [TEST_STEP][PASSED] - Statement - PreSaveFile = new java.io.File(((pathPrefix + java.lang.Integer.toString(counter)) + .png)): null

2018-12-07 10:56:43 - [TEST_STEP][PASSED] - Statement - counter = counter + 1: null

2018-12-07 10:56:43 - [TEST_STEP][PASSED] - Statement - PreSaveFile = new java.io.File(((pathPrefix + java.lang.Integer.toString(counter)) + .png)): null

2018-12-07 10:56:43 - [TEST_STEP][PASSED] - Statement - counter = counter + 1: null

2018-12-07 10:56:43 - [TEST_STEP][PASSED] - Statement - PreSaveFile = new java.io.File(((pathPrefix + java.lang.Integer.toString(counter)) + .png)): null

2018-12-07 10:56:43 - [TEST_STEP][PASSED] - Statement - counter = counter + 1: null

2018-12-07 10:56:43 - [TEST_STEP][PASSED] - Statement - PreSaveFile = new java.io.File(((pathPrefix + java.lang.Integer.toString(counter)) + .png)): null

2018-12-07 10:56:43 - [TEST_STEP][PASSED] - Statement - counter = counter + 1: null

2018-12-07 10:56:43 - [TEST_STEP][PASSED] - Statement - PreSaveFile = new java.io.File(((pathPrefix + java.lang.Integer.toString(counter)) + .png)): null

2018-12-07 10:56:43 - [TEST_STEP][PASSED] - Statement - counter = counter + 1: null

2018-12-07 10:56:43 - [TEST_STEP][PASSED] - Statement - PreSaveFile = new java.io.File(((pathPrefix + java.lang.Integer.toString(counter)) + .png)): null

2018-12-07 10:56:43 - [TEST_STEP][PASSED] - Statement - counter = counter + 1: null

2018-12-07 10:56:43 - [TEST_STEP][PASSED] - Statement - PreSaveFile = new java.io.File(((pathPrefix + java.lang.Integer.toString(counter)) + .png)): null

2018-12-07 10:56:43 - [TEST_STEP][PASSED] - Statement - counter = counter + 1: null

2018-12-07 10:56:43 - [TEST_STEP][PASSED] - Statement - PreSaveFile = new java.io.File(((pathPrefix + java.lang.Integer.toString(counter)) + .png)): null

2018-12-07 10:56:43 - [TEST_STEP][PASSED] - Statement - counter = counter + 1: null

2018-12-07 10:56:43 - [TEST_STEP][PASSED] - Statement - PreSaveFile = new java.io.File(((pathPrefix + java.lang.Integer.toString(counter)) + .png)): null

2018-12-07 10:56:44 - [TEST_STEP][PASSED] - Statement - counter = counter + 1: null

2018-12-07 10:56:44 - [TEST_STEP][PASSED] - Statement - PreSaveFile = new java.io.File(((pathPrefix + java.lang.Integer.toString(counter)) + .png)): null

2018-12-07 10:56:44 - [TEST_STEP][PASSED] - Statement - counter = counter + 1: null

2018-12-07 10:56:44 - [TEST_STEP][PASSED] - Statement - PreSaveFile = new java.io.File(((pathPrefix + java.lang.Integer.toString(counter)) + .png)): null

2018-12-07 10:56:44 - [TEST_STEP][PASSED] - Statement - counter = counter + 1: null

2018-12-07 10:56:44 - [TEST_STEP][PASSED] - Statement - PreSaveFile = new java.io.File(((pathPrefix + java.lang.Integer.toString(counter)) + .png)): null

2018-12-07 10:56:44 - [TEST_STEP][PASSED] - Statement - counter = counter + 1: null

2018-12-07 10:56:44 - [TEST_STEP][PASSED] - Statement - PreSaveFile = new java.io.File(((pathPrefix + java.lang.Integer.toString(counter)) + .png)): null

2018-12-07 10:56:44 - [TEST_STEP][PASSED] - Statement - counter = counter + 1: null

2018-12-07 10:56:44 - [TEST_STEP][PASSED] - Statement - PreSaveFile = new java.io.File(((pathPrefix + java.lang.Integer.toString(counter)) + .png)): null

2018-12-07 10:56:44 - [TEST_STEP][PASSED] - Statement - counter = counter + 1: null

2018-12-07 10:56:44 - [TEST_STEP][PASSED] - Statement - PreSaveFile = new java.io.File(((pathPrefix + java.lang.Integer.toString(counter)) + .png)): null

2018-12-07 10:56:44 - [TEST_STEP][PASSED] - Statement - counter = counter + 1: null

2018-12-07 10:56:44 - [TEST_STEP][PASSED] - Statement - PreSaveFile = new java.io.File(((pathPrefix + java.lang.Integer.toString(counter)) + .png)): null

2018-12-07 10:56:44 - [TEST_STEP][PASSED] - Statement - counter = counter + 1: null

2018-12-07 10:56:44 - [TEST_STEP][PASSED] - Statement - PreSaveFile = new java.io.File(((pathPrefix + java.lang.Integer.toString(counter)) + .png)): null

2018-12-07 10:56:44 - [TEST_STEP][PASSED] - Statement - counter = counter + 1: null

2018-12-07 10:56:44 - [TEST_STEP][PASSED] - Statement - PreSaveFile = new java.io.File(((pathPrefix + java.lang.Integer.toString(counter)) + .png)): null

2018-12-07 10:56:44 - [TEST_STEP][PASSED] - Statement - counter = counter + 1: null

2018-12-07 10:56:44 - [TEST_STEP][PASSED] - Statement - PreSaveFile = new java.io.File(((pathPrefix + java.lang.Integer.toString(counter)) + .png)): null

2018-12-07 10:56:44 - [TEST_STEP][PASSED] - Statement - counter = counter + 1: null

2018-12-07 10:56:44 - [TEST_STEP][PASSED] - Statement - PreSaveFile = new java.io.File(((pathPrefix + java.lang.Integer.toString(counter)) + .png)): null

2018-12-07 10:56:44 - [TEST_STEP][PASSED] - Statement - counter = counter + 1: null

2018-12-07 10:56:44 - [TEST_STEP][PASSED] - Statement - PreSaveFile = new java.io.File(((pathPrefix + java.lang.Integer.toString(counter)) + .png)): null

2018-12-07 10:56:44 - [TEST_STEP][PASSED] - Statement - counter = counter + 1: null

2018-12-07 10:56:44 - [TEST_STEP][PASSED] - Statement - PreSaveFile = new java.io.File(((pathPrefix + java.lang.Integer.toString(counter)) + .png)): null

2018-12-07 10:56:44 - [TEST_STEP][PASSED] - Statement - counter = counter + 1: null

2018-12-07 10:56:44 - [TEST_STEP][PASSED] - Statement - PreSaveFile = new java.io.File(((pathPrefix + java.lang.Integer.toString(counter)) + .png)): null

2018-12-07 10:56:44 - [TEST_STEP][PASSED] - Statement - counter = counter + 1: null

2018-12-07 10:56:45 - [TEST_STEP][PASSED] - Statement - PreSaveFile = new java.io.File(((pathPrefix + java.lang.Integer.toString(counter)) + .png)): null

2018-12-07 10:56:45 - [TEST_STEP][PASSED] - Statement - counter = counter + 1: null

2018-12-07 10:56:45 - [TEST_STEP][PASSED] - Statement - PreSaveFile = new java.io.File(((pathPrefix + java.lang.Integer.toString(counter)) + .png)): null

2018-12-07 10:56:45 - [TEST_STEP][PASSED] - Statement - counter = counter + 1: null

2018-12-07 10:56:45 - [TEST_STEP][PASSED] - Statement - PreSaveFile = new java.io.File(((pathPrefix + java.lang.Integer.toString(counter)) + .png)): null

2018-12-07 10:56:45 - [TEST_STEP][PASSED] - Statement - counter = counter + 1: null

2018-12-07 10:56:45 - [TEST_STEP][PASSED] - Statement - PreSaveFile = new java.io.File(((pathPrefix + java.lang.Integer.toString(counter)) + .png)): null

2018-12-07 10:56:45 - [TEST_STEP][PASSED] - Statement - counter = counter + 1: null

2018-12-07 10:56:45 - [TEST_STEP][PASSED] - Statement - PreSaveFile = new java.io.File(((pathPrefix + java.lang.Integer.toString(counter)) + .png)): null

2018-12-07 10:56:45 - [TEST_STEP][PASSED] - Statement - counter = counter + 1: null

2018-12-07 10:56:45 - [TEST_STEP][PASSED] - Statement - PreSaveFile = new java.io.File(((pathPrefix + java.lang.Integer.toString(counter)) + .png)): null

2018-12-07 10:56:45 - [TEST_STEP][PASSED] - Statement - counter = counter + 1: null

2018-12-07 10:56:45 - [TEST_STEP][PASSED] - Statement - PreSaveFile = new java.io.File(((pathPrefix + java.lang.Integer.toString(counter)) + .png)): null

2018-12-07 10:56:45 - [TEST_STEP][PASSED] - Statement - counter = counter + 1: null

2018-12-07 10:56:45 - [TEST_STEP][PASSED] - Statement - PreSaveFile = new java.io.File(((pathPrefix + java.lang.Integer.toString(counter)) + .png)): null

2018-12-07 10:56:45 - [TEST_STEP][PASSED] - Statement - counter = counter + 1: null

2018-12-07 10:56:45 - [TEST_STEP][PASSED] - Statement - PreSaveFile = new java.io.File(((pathPrefix + java.lang.Integer.toString(counter)) + .png)): null

2018-12-07 10:56:45 - [TEST_STEP][PASSED] - Statement - counter = counter + 1: null

2018-12-07 10:56:45 - [TEST_STEP][PASSED] - Statement - PreSaveFile = new java.io.File(((pathPrefix + java.lang.Integer.toString(counter)) + .png)): null

2018-12-07 10:56:45 - [TEST_STEP][PASSED] - Statement - counter = counter + 1: null

2018-12-07 10:56:45 - [TEST_STEP][PASSED] - Statement - PreSaveFile = new java.io.File(((pathPrefix + java.lang.Integer.toString(counter)) + .png)): null

2018-12-07 10:56:45 - [TEST_STEP][PASSED] - Statement - counter = counter + 1: null

2018-12-07 10:56:45 - [TEST_STEP][PASSED] - Statement - PreSaveFile = new java.io.File(((pathPrefix + java.lang.Integer.toString(counter)) + .png)): null

2018-12-07 10:56:45 - [TEST_STEP][PASSED] - Statement - counter = counter + 1: null

2018-12-07 10:56:45 - [TEST_STEP][PASSED] - Statement - PreSaveFile = new java.io.File(((pathPrefix + java.lang.Integer.toString(counter)) + .png)): null

2018-12-07 10:56:45 - [TEST_STEP][PASSED] - Statement - counter = counter + 1: null

2018-12-07 10:56:45 - [TEST_STEP][PASSED] - Statement - PreSaveFile = new java.io.File(((pathPrefix + java.lang.Integer.toString(counter)) + .png)): null

2018-12-07 10:56:45 - [TEST_STEP][PASSED] - Statement - counter = counter + 1: null

2018-12-07 10:56:46 - [TEST_STEP][PASSED] - Statement - PreSaveFile = new java.io.File(((pathPrefix + java.lang.Integer.toString(counter)) + .png)): null

2018-12-07 10:56:46 - [TEST_STEP][PASSED] - Statement - counter = counter + 1: null

2018-12-07 10:56:46 - [TEST_STEP][PASSED] - Statement - PreSaveFile = new java.io.File(((pathPrefix + java.lang.Integer.toString(counter)) + .png)): null

2018-12-07 10:56:46 - [TEST_STEP][PASSED] - Statement - counter = counter + 1: null

2018-12-07 10:56:46 - [TEST_STEP][PASSED] - Statement - PreSaveFile = new java.io.File(((pathPrefix + java.lang.Integer.toString(counter)) + .png)): null

2018-12-07 10:56:46 - [TEST_STEP][PASSED] - Statement - counter = counter + 1: null

2018-12-07 10:56:46 - [TEST_STEP][PASSED] - Statement - PreSaveFile = new java.io.File(((pathPrefix + java.lang.Integer.toString(counter)) + .png)): null

2018-12-07 10:56:46 - [TEST_STEP][PASSED] - Statement - counter = counter + 1: null

2018-12-07 10:56:46 - [TEST_STEP][PASSED] - Statement - PreSaveFile = new java.io.File(((pathPrefix + java.lang.Integer.toString(counter)) + .png)): null

2018-12-07 10:56:46 - [TEST_STEP][PASSED] - Statement - counter = counter + 1: null

2018-12-07 10:56:46 - [TEST_STEP][PASSED] - Statement - PreSaveFile = new java.io.File(((pathPrefix + java.lang.Integer.toString(counter)) + .png)): null

2018-12-07 10:56:46 - [TEST_STEP][PASSED] - Statement - counter = counter + 1: null

2018-12-07 10:56:46 - [TEST_STEP][PASSED] - Statement - PreSaveFile = new java.io.File(((pathPrefix + java.lang.Integer.toString(counter)) + .png)): null

2018-12-07 10:56:46 - [TEST_STEP][PASSED] - Statement - counter = counter + 1: null

2018-12-07 10:56:46 - [TEST_STEP][PASSED] - Statement - PreSaveFile = new java.io.File(((pathPrefix + java.lang.Integer.toString(counter)) + .png)): null

2018-12-07 10:56:46 - [TEST_STEP][PASSED] - Statement - counter = counter + 1: null

2018-12-07 10:56:46 - [TEST_STEP][PASSED] - Statement - PreSaveFile = new java.io.File(((pathPrefix + java.lang.Integer.toString(counter)) + .png)): null

2018-12-07 10:56:46 - [TEST_STEP][PASSED] - Statement - counter = counter + 1: null

2018-12-07 10:56:46 - [TEST_STEP][PASSED] - Statement - PreSaveFile = new java.io.File(((pathPrefix + java.lang.Integer.toString(counter)) + .png)): null

2018-12-07 10:56:46 - [TEST_STEP][PASSED] - Statement - counter = counter + 1: null

2018-12-07 10:56:46 - [TEST_STEP][PASSED] - Statement - PreSaveFile = new java.io.File(((pathPrefix + java.lang.Integer.toString(counter)) + .png)): null

2018-12-07 10:56:46 - [TEST_STEP][PASSED] - Statement - counter = counter + 1: null

2018-12-07 10:56:46 - [TEST_STEP][PASSED] - Statement - PreSaveFile = new java.io.File(((pathPrefix + java.lang.Integer.toString(counter)) + .png)): null

2018-12-07 10:56:46 - [TEST_STEP][PASSED] - Statement - counter = counter + 1: null

2018-12-07 10:56:46 - [TEST_STEP][PASSED] - Statement - PreSaveFile = new java.io.File(((pathPrefix + java.lang.Integer.toString(counter)) + .png)): null

2018-12-07 10:56:46 - [TEST_STEP][PASSED] - Statement - counter = counter + 1: null

2018-12-07 10:56:46 - [TEST_STEP][PASSED] - Statement - PreSaveFile = new java.io.File(((pathPrefix + java.lang.Integer.toString(counter)) + .png)): null

2018-12-07 10:56:46 - [TEST_STEP][PASSED] - Statement - counter = counter + 1: null

2018-12-07 10:56:46 - [TEST_STEP][PASSED] - Statement - PreSaveFile = new java.io.File(((pathPrefix + java.lang.Integer.toString(counter)) + .png)): null

2018-12-07 10:56:47 - [TEST_STEP][PASSED] - Statement - counter = counter + 1: null

2018-12-07 10:56:47 - [TEST_STEP][PASSED] - Statement - PreSaveFile = new java.io.File(((pathPrefix + java.lang.Integer.toString(counter)) + .png)): null

2018-12-07 10:56:47 - [TEST_STEP][PASSED] - Statement - counter = counter + 1: null

2018-12-07 10:56:47 - [TEST_STEP][PASSED] - Statement - PreSaveFile = new java.io.File(((pathPrefix + java.lang.Integer.toString(counter)) + .png)): null

2018-12-07 10:56:47 - [TEST_STEP][PASSED] - Statement - counter = counter + 1: null

2018-12-07 10:56:47 - [TEST_STEP][PASSED] - Statement - PreSaveFile = new java.io.File(((pathPrefix + java.lang.Integer.toString(counter)) + .png)): null

2018-12-07 10:56:47 - [TEST_STEP][PASSED] - Statement - counter = counter + 1: null

2018-12-07 10:56:47 - [TEST_STEP][PASSED] - Statement - PreSaveFile = new java.io.File(((pathPrefix + java.lang.Integer.toString(counter)) + .png)): null

2018-12-07 10:56:47 - [TEST_STEP][PASSED] - Statement - counter = counter + 1: null

2018-12-07 10:56:47 - [TEST_STEP][PASSED] - Statement - PreSaveFile = new java.io.File(((pathPrefix + java.lang.Integer.toString(counter)) + .png)): null

2018-12-07 10:56:47 - [TEST_STEP][PASSED] - Statement - counter = counter + 1: null

2018-12-07 10:56:47 - [TEST_STEP][PASSED] - Statement - PreSaveFile = new java.io.File(((pathPrefix + java.lang.Integer.toString(counter)) + .png)): null

2018-12-07 10:56:47 - [TEST_STEP][PASSED] - Statement - counter = counter + 1: null

2018-12-07 10:56:47 - [TEST_STEP][PASSED] - Statement - PreSaveFile = new java.io.File(((pathPrefix + java.lang.Integer.toString(counter)) + .png)): null

2018-12-07 10:56:47 - [TEST_STEP][PASSED] - Statement - counter = counter + 1: null

2018-12-07 10:56:47 - [TEST_STEP][PASSED] - Statement - PreSaveFile = new java.io.File(((pathPrefix + java.lang.Integer.toString(counter)) + .png)): null

2018-12-07 10:56:47 - [TEST_STEP][PASSED] - Statement - counter = counter + 1: null

2018-12-07 10:56:47 - [TEST_STEP][PASSED] - Statement - PreSaveFile = new java.io.File(((pathPrefix + java.lang.Integer.toString(counter)) + .png)): null

2018-12-07 10:56:47 - [TEST_STEP][PASSED] - Statement - counter = counter + 1: null

2018-12-07 10:56:47 - [TEST_STEP][PASSED] - Statement - PreSaveFile = new java.io.File(((pathPrefix + java.lang.Integer.toString(counter)) + .png)): null

2018-12-07 10:56:47 - [TEST_STEP][PASSED] - Statement - counter = counter + 1: null

2018-12-07 10:56:47 - [TEST_STEP][PASSED] - Statement - PreSaveFile = new java.io.File(((pathPrefix + java.lang.Integer.toString(counter)) + .png)): null

2018-12-07 10:56:47 - [TEST_STEP][PASSED] - Statement - counter = counter + 1: null

2018-12-07 10:56:47 - [TEST_STEP][PASSED] - Statement - PreSaveFile = new java.io.File(((pathPrefix + java.lang.Integer.toString(counter)) + .png)): null

2018-12-07 10:56:47 - [TEST_STEP][PASSED] - Statement - counter = counter + 1: null

2018-12-07 10:56:47 - [TEST_STEP][PASSED] - Statement - PreSaveFile = new java.io.File(((pathPrefix + java.lang.Integer.toString(counter)) + .png)): null

2018-12-07 10:56:47 - [TEST_STEP][PASSED] - Statement - counter = counter + 1: null

2018-12-07 10:56:47 - [TEST_STEP][PASSED] - Statement - PreSaveFile = new java.io.File(((pathPrefix + java.lang.Integer.toString(counter)) + .png)): null

2018-12-07 10:56:47 - [TEST_STEP][PASSED] - Statement - counter = counter + 1: null

2018-12-07 10:56:48 - [TEST_STEP][PASSED] - Statement - PreSaveFile = new java.io.File(((pathPrefix + java.lang.Integer.toString(counter)) + .png)): null

2018-12-07 10:56:48 - [TEST_STEP][PASSED] - Statement - counter = counter + 1: null

2018-12-07 10:56:48 - [TEST_STEP][PASSED] - Statement - PreSaveFile = new java.io.File(((pathPrefix + java.lang.Integer.toString(counter)) + .png)): null

2018-12-07 10:56:48 - [TEST_STEP][PASSED] - Statement - finalPath = pathPrefix + java.lang.Integer.toString(counter) + ".png": null

2018-12-07 10:56:48 - [TEST_STEP][PASSED] - Statement - SaveFile = new java.io.File(finalPath): null

2018-12-07 10:56:48 - [TEST_STEP][PASSED] - Statement - Try: null

2018-12-07 10:56:48 - [TEST_STEP][PASSED] - Statement - org.apache.commons.io.FileUtils.copyFile(scrFile, SaveFile): null

2018-12-07 10:56:48 - [TEST_STEP][PASSED] - Statement - out.println("file kept"): null

2018-12-07 10:56:48 - [TEST_STEP][PASSED] - delay: Delayed 10 second(s)

2018-12-07 10:56:58 - [MESSAGE][PASSED] - Delayed 10 second(s)

2018-12-07 10:56:58 - [MESSAGE][PASSED] - Call Test Case 'Test Cases/Final Aug 2018 - PKS Automation/Common/Screenshoting tool' successfully]]></system-out>
         <system-err><![CDATA[]]></system-err>
      </testcase>
      <testcase name="Test Cases/Final Aug 2018 - PKS Automation/Registration Module/Workflow/Update Add New Employee/Special Case (OTC - PKR BO -  RO Under Enforcement)" classname="Test Cases/Final Aug 2018 - PKS Automation/Registration Module/Workflow/Update Add New Employee/Special Case (OTC - PKR BO -  RO Under Enforcement)" status="PASSED">
         <system-out><![CDATA[2018-12-07 10:56:58 - [TEST_CASE][PASSED] - Test Cases/Final Aug 2018 - PKS Automation/Registration Module/Workflow/Update Add New Employee/Special Case (OTC - PKR BO -  RO Under Enforcement): Test Cases/Final Aug 2018 - PKS Automation/Registration Module/Workflow/Update Add New Employee/Special Case (OTC - PKR BO -  RO Under Enforcement)

2018-12-07 10:56:58 - [TEST_STEP][PASSED] - callTestCase: Call Test Case 'Test Cases/Final Aug 2018 - PKS Automation/Registration Module/Workflow/Update Add New Employee/Template/New Company for Update Add New' successfully

2018-12-07 10:56:58 - [TEST_CASE][PASSED] - Test Cases/Final Aug 2018 - PKS Automation/Registration Module/Workflow/Update Add New Employee/Template/New Company for Update Add New: Test Cases/Final Aug 2018 - PKS Automation/Registration Module/Workflow/Update Add New Employee/Template/New Company for Update Add New

2018-12-07 10:56:58 - [TEST_STEP][PASSED] - callTestCase: Call Test Case 'Test Cases/Final Aug 2018 - PKS Automation/Registration Module/New Registration/Form 1/Form 1 - Corporation - BHD' successfully

2018-12-07 10:56:58 - [TEST_CASE][PASSED] - Test Cases/Final Aug 2018 - PKS Automation/Registration Module/New Registration/Form 1/Form 1 - Corporation - BHD: Test Cases/Final Aug 2018 - PKS Automation/Registration Module/New Registration/Form 1/Form 1 - Corporation - BHD

2018-12-07 10:56:58 - [TEST_STEP][PASSED] - openBrowser: Browser is opened with url: ''

2018-12-07 10:56:58 - [MESSAGE][WARNING] - A browser is already opened. Closing browser and opening a new one

2018-12-07 10:57:01 - [MESSAGE][PASSED] - Browser is opened with url: ''

2018-12-07 10:57:01 - [TEST_STEP][PASSED] - navigateToUrl: Navigate to 'https://assist2-uat.perkeso.gov.my/login' successfully

2018-12-07 10:57:03 - [MESSAGE][PASSED] - Navigate to 'https://assist2-uat.perkeso.gov.my/login' successfully

2018-12-07 10:57:03 - [TEST_STEP][PASSED] - setText: Text 'johorotc1@gmail.com' is set on object 'Object Repository/Final Object Repo/Login Page/Internal User/Email Address'

2018-12-07 10:57:03 - [MESSAGE][PASSED] - Text 'johorotc1@gmail.com' is set on object 'Object Repository/Final Object Repo/Login Page/Internal User/Email Address'

2018-12-07 10:57:03 - [TEST_STEP][PASSED] - click: Object: 'Object Repository/Final Object Repo/Login Page/Internal User/Next Button' is clicked on

2018-12-07 10:57:03 - [MESSAGE][PASSED] - Object: 'Object Repository/Final Object Repo/Login Page/Internal User/Next Button' is clicked on

2018-12-07 10:57:03 - [TEST_STEP][PASSED] - delay: Delayed 1 second(s)

2018-12-07 10:57:04 - [MESSAGE][PASSED] - Delayed 1 second(s)

2018-12-07 10:57:04 - [TEST_STEP][PASSED] - setEncryptedText: Text ****** has been set on object 'Object Repository/Final Object Repo/Login Page/Internal User/Password'

2018-12-07 10:57:04 - [MESSAGE][PASSED] - Text ****** has been set on object 'Object Repository/Final Object Repo/Login Page/Internal User/Password'

2018-12-07 10:57:04 - [TEST_STEP][PASSED] - click: Object: 'Object Repository/Final Object Repo/Login Page/Internal User/Login Button' is clicked on

2018-12-07 10:57:05 - [MESSAGE][PASSED] - Object: 'Object Repository/Final Object Repo/Login Page/Internal User/Login Button' is clicked on

2018-12-07 10:57:05 - [TEST_STEP][PASSED] - delay: Delayed 1 second(s)

2018-12-07 10:57:06 - [MESSAGE][PASSED] - Delayed 1 second(s)

2018-12-07 10:57:06 - [TEST_STEP][PASSED] - Statement - Try: Delayed 2 second(s)

2018-12-07 10:57:06 - [TEST_STEP][PASSED] - Statement - Checker = false: null

2018-12-07 10:57:06 - [TEST_STEP][PASSED] - Statement - Checker = com.kms.katalon.core.webui.keyword.WebUiBuiltInKeywords.verifyElementHasAttribute(com.kms.katalon.core.testobject.ObjectRepository.findTestObject(Final Object Repo/Landing Page/BM Detecting), "href", 20, OPTIONAL): Object 'Object Repository/Final Object Repo/Landing Page/BM Detecting' has attribute 'href'

2018-12-07 10:57:06 - [MESSAGE][PASSED] - Object 'Object Repository/Final Object Repo/Landing Page/BM Detecting' has attribute 'href'

2018-12-07 10:57:06 - [TEST_STEP][PASSED] - Statement - out.println(Checker): null

2018-12-07 10:57:06 - [TEST_STEP][PASSED] - Statement - If (Checker == false): null

2018-12-07 10:57:06 - [TEST_STEP][PASSED] - Statement - Else: null

2018-12-07 10:57:06 - [TEST_STEP][PASSED] - delay: Delayed 2 second(s)

2018-12-07 10:57:08 - [MESSAGE][PASSED] - Delayed 2 second(s)

2018-12-07 10:57:08 - [TEST_STEP][PASSED] - navigateToUrl: Navigate to 'https://assist2-uat.perkeso.gov.my/web/registration/registration' successfully

2018-12-07 10:57:10 - [MESSAGE][PASSED] - Navigate to 'https://assist2-uat.perkeso.gov.my/web/registration/registration' successfully

2018-12-07 10:57:10 - [TEST_STEP][PASSED] - click: Object: 'Object Repository/Final Object Repo/New Registration - Registration Module Pages/Form 1/AEC - No' is clicked on

2018-12-07 10:57:10 - [MESSAGE][PASSED] - Object: 'Object Repository/Final Object Repo/New Registration - Registration Module Pages/Form 1/AEC - No' is clicked on

2018-12-07 10:57:10 - [TEST_STEP][PASSED] - click: Object: 'Object Repository/Final Object Repo/New Registration - Registration Module Pages/Form 1/Business Entity' is clicked on

2018-12-07 10:57:10 - [MESSAGE][PASSED] - Object: 'Object Repository/Final Object Repo/New Registration - Registration Module Pages/Form 1/Business Entity' is clicked on

2018-12-07 10:57:10 - [TEST_STEP][PASSED] - click: Object: 'Object Repository/Final Object Repo/New Registration - Registration Module Pages/Form 1/Businees Entity - Corporation' is clicked on

2018-12-07 10:57:11 - [MESSAGE][PASSED] - Object: 'Object Repository/Final Object Repo/New Registration - Registration Module Pages/Form 1/Businees Entity - Corporation' is clicked on

2018-12-07 10:57:11 - [TEST_STEP][PASSED] - delay: Delayed 1 second(s)

2018-12-07 10:57:12 - [MESSAGE][PASSED] - Delayed 1 second(s)

2018-12-07 10:57:12 - [TEST_STEP][PASSED] - click: Object: 'Object Repository/Final Object Repo/New Registration - Registration Module Pages/Form 1/Sub Business Entity' is clicked on

2018-12-07 10:57:12 - [MESSAGE][PASSED] - Object: 'Object Repository/Final Object Repo/New Registration - Registration Module Pages/Form 1/Sub Business Entity' is clicked on

2018-12-07 10:57:12 - [TEST_STEP][PASSED] - click: Object: 'Object Repository/Final Object Repo/New Registration - Registration Module Pages/Form 1/Sub Business Entity - Berhad' is clicked on

2018-12-07 10:57:12 - [MESSAGE][PASSED] - Object: 'Object Repository/Final Object Repo/New Registration - Registration Module Pages/Form 1/Sub Business Entity - Berhad' is clicked on

2018-12-07 10:57:12 - [TEST_STEP][PASSED] - delay: Delayed 1 second(s)

2018-12-07 10:57:13 - [MESSAGE][PASSED] - Delayed 1 second(s)

2018-12-07 10:57:13 - [TEST_STEP][PASSED] - setText: Text '123' is set on object 'Object Repository/Final Object Repo/New Registration - Registration Module Pages/Form 1/Registration Number'

2018-12-07 10:57:13 - [MESSAGE][PASSED] - Text '123' is set on object 'Object Repository/Final Object Repo/New Registration - Registration Module Pages/Form 1/Registration Number'

2018-12-07 10:57:13 - [TEST_STEP][PASSED] - click: Object: 'Object Repository/Final Object Repo/New Registration - Registration Module Pages/Form 1/Registred with SSM - Before Feb' is clicked on

2018-12-07 10:57:13 - [MESSAGE][PASSED] - Object: 'Object Repository/Final Object Repo/New Registration - Registration Module Pages/Form 1/Registred with SSM - Before Feb' is clicked on

2018-12-07 10:57:13 - [TEST_STEP][PASSED] - click: Object: 'Object Repository/Final Object Repo/New Registration - Registration Module Pages/Form 1/Registered As a Branch - Yes' is clicked on

2018-12-07 10:57:14 - [MESSAGE][PASSED] - Object: 'Object Repository/Final Object Repo/New Registration - Registration Module Pages/Form 1/Registered As a Branch - Yes' is clicked on

2018-12-07 10:57:14 - [TEST_STEP][PASSED] - click: Object: 'Object Repository/Final Object Repo/New Registration - Registration Module Pages/Form 1/Acknowledgement' is clicked on

2018-12-07 10:57:14 - [MESSAGE][PASSED] - Object: 'Object Repository/Final Object Repo/New Registration - Registration Module Pages/Form 1/Acknowledgement' is clicked on

2018-12-07 10:57:14 - [TEST_STEP][PASSED] - setText: Text 'perkeso' is set on object 'Object Repository/Final Object Repo/New Registration - Registration Module Pages/Form 1/Industry name'

2018-12-07 10:57:14 - [MESSAGE][PASSED] - Text 'perkeso' is set on object 'Object Repository/Final Object Repo/New Registration - Registration Module Pages/Form 1/Industry name'

2018-12-07 10:57:14 - [TEST_STEP][PASSED] - setText: Text 'perkeso1' is set on object 'Object Repository/Final Object Repo/New Registration - Registration Module Pages/Form 1/Postal Address1'

2018-12-07 10:57:15 - [MESSAGE][PASSED] - Text 'perkeso1' is set on object 'Object Repository/Final Object Repo/New Registration - Registration Module Pages/Form 1/Postal Address1'

2018-12-07 10:57:15 - [TEST_STEP][PASSED] - setText: Text 'perkeso2' is set on object 'Object Repository/Final Object Repo/New Registration - Registration Module Pages/Form 1/Postal Address2'

2018-12-07 10:57:15 - [MESSAGE][PASSED] - Text 'perkeso2' is set on object 'Object Repository/Final Object Repo/New Registration - Registration Module Pages/Form 1/Postal Address2'

2018-12-07 10:57:15 - [TEST_STEP][PASSED] - setText: Text 'perkeso3' is set on object 'Object Repository/Final Object Repo/New Registration - Registration Module Pages/Form 1/Postal Address3'

2018-12-07 10:57:15 - [MESSAGE][PASSED] - Text 'perkeso3' is set on object 'Object Repository/Final Object Repo/New Registration - Registration Module Pages/Form 1/Postal Address3'

2018-12-07 10:57:15 - [TEST_STEP][PASSED] - click: Object: 'Object Repository/Final Object Repo/New Registration - Registration Module Pages/Form 1/State' is clicked on

2018-12-07 10:57:15 - [MESSAGE][PASSED] - Object: 'Object Repository/Final Object Repo/New Registration - Registration Module Pages/Form 1/State' is clicked on

2018-12-07 10:57:15 - [TEST_STEP][PASSED] - click: Object: 'Object Repository/Final Object Repo/New Registration - Registration Module Pages/Form 1/State - Johor' is clicked on

2018-12-07 10:57:16 - [MESSAGE][PASSED] - Object: 'Object Repository/Final Object Repo/New Registration - Registration Module Pages/Form 1/State - Johor' is clicked on

2018-12-07 10:57:16 - [TEST_STEP][PASSED] - delay: Delayed 1 second(s)

2018-12-07 10:57:17 - [MESSAGE][PASSED] - Delayed 1 second(s)

2018-12-07 10:57:17 - [TEST_STEP][PASSED] - click: Object: 'Object Repository/Final Object Repo/New Registration - Registration Module Pages/Form 1/City' is clicked on

2018-12-07 10:57:17 - [MESSAGE][PASSED] - Object: 'Object Repository/Final Object Repo/New Registration - Registration Module Pages/Form 1/City' is clicked on

2018-12-07 10:57:17 - [TEST_STEP][PASSED] - setText: Text 'joh' is set on object 'Object Repository/Final Object Repo/New Registration - Registration Module Pages/Form 1/Postcode - 810'

2018-12-07 10:57:17 - [MESSAGE][PASSED] - Text 'joh' is set on object 'Object Repository/Final Object Repo/New Registration - Registration Module Pages/Form 1/Postcode - 810'

2018-12-07 10:57:17 - [TEST_STEP][PASSED] - delay: Delayed 1 second(s)

2018-12-07 10:57:18 - [MESSAGE][PASSED] - Delayed 1 second(s)

2018-12-07 10:57:18 - [TEST_STEP][PASSED] - click: Object: 'Object Repository/Final Object Repo/New Registration - Registration Module Pages/Form 1/City - Johor Bharu' is clicked on

2018-12-07 10:57:18 - [MESSAGE][PASSED] - Object: 'Object Repository/Final Object Repo/New Registration - Registration Module Pages/Form 1/City - Johor Bharu' is clicked on

2018-12-07 10:57:18 - [TEST_STEP][PASSED] - delay: Delayed 1 second(s)

2018-12-07 10:57:19 - [MESSAGE][PASSED] - Delayed 1 second(s)

2018-12-07 10:57:19 - [TEST_STEP][PASSED] - click: Object: 'Object Repository/Final Object Repo/New Registration - Registration Module Pages/Form 1/Postcode' is clicked on

2018-12-07 10:57:20 - [MESSAGE][PASSED] - Object: 'Object Repository/Final Object Repo/New Registration - Registration Module Pages/Form 1/Postcode' is clicked on

2018-12-07 10:57:20 - [TEST_STEP][PASSED] - delay: Delayed 1 second(s)

2018-12-07 10:57:21 - [MESSAGE][PASSED] - Delayed 1 second(s)

2018-12-07 10:57:21 - [TEST_STEP][PASSED] - setText: Text '810' is set on object 'Object Repository/Final Object Repo/New Registration - Registration Module Pages/Form 1/Postcode - 810'

2018-12-07 10:57:21 - [MESSAGE][PASSED] - Text '810' is set on object 'Object Repository/Final Object Repo/New Registration - Registration Module Pages/Form 1/Postcode - 810'

2018-12-07 10:57:21 - [TEST_STEP][PASSED] - delay: Delayed 3 second(s)

2018-12-07 10:57:24 - [MESSAGE][PASSED] - Delayed 3 second(s)

2018-12-07 10:57:24 - [TEST_STEP][PASSED] - click: Object: 'Object Repository/Final Object Repo/New Registration - Registration Module Pages/Form 1/Postcode - 81000' is clicked on

2018-12-07 10:57:24 - [MESSAGE][PASSED] - Object: 'Object Repository/Final Object Repo/New Registration - Registration Module Pages/Form 1/Postcode - 81000' is clicked on

2018-12-07 10:57:24 - [TEST_STEP][PASSED] - delay: Delayed 1 second(s)

2018-12-07 10:57:25 - [MESSAGE][PASSED] - Delayed 1 second(s)

2018-12-07 10:57:25 - [TEST_STEP][PASSED] - setText: Text '100' is set on object 'Object Repository/Final Object Repo/New Registration - Registration Module Pages/Form 1/P.O.BOX'

2018-12-07 10:57:25 - [MESSAGE][PASSED] - Text '100' is set on object 'Object Repository/Final Object Repo/New Registration - Registration Module Pages/Form 1/P.O.BOX'

2018-12-07 10:57:25 - [TEST_STEP][PASSED] - setText: Text '100' is set on object 'Object Repository/Final Object Repo/New Registration - Registration Module Pages/Form 1/Locked Bag No'

2018-12-07 10:57:26 - [MESSAGE][PASSED] - Text '100' is set on object 'Object Repository/Final Object Repo/New Registration - Registration Module Pages/Form 1/Locked Bag No'

2018-12-07 10:57:26 - [TEST_STEP][PASSED] - click: Object: 'Object Repository/Final Object Repo/New Registration - Registration Module Pages/Form 1/SOCSO Office Location' is clicked on

2018-12-07 10:57:26 - [MESSAGE][PASSED] - Object: 'Object Repository/Final Object Repo/New Registration - Registration Module Pages/Form 1/SOCSO Office Location' is clicked on

2018-12-07 10:57:26 - [TEST_STEP][PASSED] - click: Object: 'Object Repository/Final Object Repo/New Registration - Registration Module Pages/Form 1/SOCSO Office Location - Pejabat PERKESO Negeri Johor' is clicked on

2018-12-07 10:57:26 - [MESSAGE][PASSED] - Object: 'Object Repository/Final Object Repo/New Registration - Registration Module Pages/Form 1/SOCSO Office Location - Pejabat PERKESO Negeri Johor' is clicked on

2018-12-07 10:57:26 - [TEST_STEP][PASSED] - delay: Delayed 1 second(s)

2018-12-07 10:57:27 - [MESSAGE][PASSED] - Delayed 1 second(s)

2018-12-07 10:57:27 - [TEST_STEP][PASSED] - check: Object 'Object Repository/Final Object Repo/New Registration - Registration Module Pages/Form 1/Indusrty Address Same As Postal Address' is checked

2018-12-07 10:57:27 - [MESSAGE][PASSED] - Object 'Object Repository/Final Object Repo/New Registration - Registration Module Pages/Form 1/Indusrty Address Same As Postal Address' is checked

2018-12-07 10:57:27 - [TEST_STEP][PASSED] - delay: Delayed 3 second(s)

2018-12-07 10:57:30 - [MESSAGE][PASSED] - Delayed 3 second(s)

2018-12-07 10:57:30 - [TEST_STEP][PASSED] - click: Object: 'Object Repository/Final Object Repo/New Registration - Registration Module Pages/Form 1/Indusry Address Same As Postal Address False' is clicked on

2018-12-07 10:57:30 - [MESSAGE][PASSED] - Object: 'Object Repository/Final Object Repo/New Registration - Registration Module Pages/Form 1/Indusry Address Same As Postal Address False' is clicked on

2018-12-07 10:57:30 - [TEST_STEP][PASSED] - delay: Delayed 1 second(s)

2018-12-07 10:57:31 - [MESSAGE][PASSED] - Delayed 1 second(s)

2018-12-07 10:57:31 - [TEST_STEP][PASSED] - setText: Text 'perkeso1' is set on object 'Object Repository/Final Object Repo/New Registration - Registration Module Pages/Form 1/Industry Address1'

2018-12-07 10:57:32 - [MESSAGE][PASSED] - Text 'perkeso1' is set on object 'Object Repository/Final Object Repo/New Registration - Registration Module Pages/Form 1/Industry Address1'

2018-12-07 10:57:32 - [TEST_STEP][PASSED] - setText: Text 'perkeso2' is set on object 'Object Repository/Final Object Repo/New Registration - Registration Module Pages/Form 1/Industry Address2'

2018-12-07 10:57:32 - [MESSAGE][PASSED] - Text 'perkeso2' is set on object 'Object Repository/Final Object Repo/New Registration - Registration Module Pages/Form 1/Industry Address2'

2018-12-07 10:57:32 - [TEST_STEP][PASSED] - setText: Text 'perkeso3' is set on object 'Object Repository/Final Object Repo/New Registration - Registration Module Pages/Form 1/Industry Address3'

2018-12-07 10:57:33 - [MESSAGE][PASSED] - Text 'perkeso3' is set on object 'Object Repository/Final Object Repo/New Registration - Registration Module Pages/Form 1/Industry Address3'

2018-12-07 10:57:33 - [TEST_STEP][PASSED] - click: Object: 'Object Repository/Final Object Repo/New Registration - Registration Module Pages/Form 1/Industry State' is clicked on

2018-12-07 10:57:33 - [MESSAGE][PASSED] - Object: 'Object Repository/Final Object Repo/New Registration - Registration Module Pages/Form 1/Industry State' is clicked on

2018-12-07 10:57:33 - [TEST_STEP][PASSED] - delay: Delayed 2 second(s)

2018-12-07 10:57:35 - [MESSAGE][PASSED] - Delayed 2 second(s)

2018-12-07 10:57:35 - [TEST_STEP][PASSED] - click: Object: 'Object Repository/Final Object Repo/New Registration - Registration Module Pages/Form 1/Industry State - Johor' is clicked on

2018-12-07 10:57:35 - [MESSAGE][PASSED] - Object: 'Object Repository/Final Object Repo/New Registration - Registration Module Pages/Form 1/Industry State - Johor' is clicked on

2018-12-07 10:57:35 - [TEST_STEP][PASSED] - delay: Delayed 2 second(s)

2018-12-07 10:57:37 - [MESSAGE][PASSED] - Delayed 2 second(s)

2018-12-07 10:57:37 - [TEST_STEP][PASSED] - click: Object: 'Object Repository/Final Object Repo/New Registration - Registration Module Pages/Form 1/Industry Ciry' is clicked on

2018-12-07 10:57:37 - [MESSAGE][PASSED] - Object: 'Object Repository/Final Object Repo/New Registration - Registration Module Pages/Form 1/Industry Ciry' is clicked on

2018-12-07 10:57:37 - [TEST_STEP][PASSED] - setText: Text 'joh' is set on object 'Object Repository/Final Object Repo/New Registration - Registration Module Pages/Form 1/Industry Ciry - joh'

2018-12-07 10:57:38 - [MESSAGE][PASSED] - Text 'joh' is set on object 'Object Repository/Final Object Repo/New Registration - Registration Module Pages/Form 1/Industry Ciry - joh'

2018-12-07 10:57:38 - [TEST_STEP][PASSED] - delay: Delayed 2 second(s)

2018-12-07 10:57:40 - [MESSAGE][PASSED] - Delayed 2 second(s)

2018-12-07 10:57:40 - [TEST_STEP][PASSED] - click: Object: 'Object Repository/Final Object Repo/New Registration - Registration Module Pages/Form 1/Industy State - Johor Bharu' is clicked on

2018-12-07 10:57:40 - [MESSAGE][PASSED] - Object: 'Object Repository/Final Object Repo/New Registration - Registration Module Pages/Form 1/Industy State - Johor Bharu' is clicked on

2018-12-07 10:57:40 - [TEST_STEP][PASSED] - delay: Delayed 1 second(s)

2018-12-07 10:57:41 - [MESSAGE][PASSED] - Delayed 1 second(s)

2018-12-07 10:57:41 - [TEST_STEP][PASSED] - click: Object: 'Object Repository/Final Object Repo/New Registration - Registration Module Pages/Form 1/Indusry PostCode' is clicked on

2018-12-07 10:57:41 - [MESSAGE][PASSED] - Object: 'Object Repository/Final Object Repo/New Registration - Registration Module Pages/Form 1/Indusry PostCode' is clicked on

2018-12-07 10:57:41 - [TEST_STEP][PASSED] - delay: Delayed 1 second(s)

2018-12-07 10:57:42 - [MESSAGE][PASSED] - Delayed 1 second(s)

2018-12-07 10:57:42 - [TEST_STEP][PASSED] - setText: Text '810' is set on object 'Object Repository/Final Object Repo/New Registration - Registration Module Pages/Form 1/Insutry Post Code - 810'

2018-12-07 10:57:42 - [MESSAGE][PASSED] - Text '810' is set on object 'Object Repository/Final Object Repo/New Registration - Registration Module Pages/Form 1/Insutry Post Code - 810'

2018-12-07 10:57:42 - [TEST_STEP][PASSED] - delay: Delayed 1 second(s)

2018-12-07 10:57:43 - [MESSAGE][PASSED] - Delayed 1 second(s)

2018-12-07 10:57:43 - [TEST_STEP][PASSED] - click: Object: 'Object Repository/Final Object Repo/New Registration - Registration Module Pages/Form 1/Insutry Post Code - 81000' is clicked on

2018-12-07 10:57:43 - [MESSAGE][PASSED] - Object: 'Object Repository/Final Object Repo/New Registration - Registration Module Pages/Form 1/Insutry Post Code - 81000' is clicked on

2018-12-07 10:57:43 - [TEST_STEP][PASSED] - delay: Delayed 1 second(s)

2018-12-07 10:57:44 - [MESSAGE][PASSED] - Delayed 1 second(s)

2018-12-07 10:57:44 - [TEST_STEP][PASSED] - setText: Text '100' is set on object 'Object Repository/Final Object Repo/New Registration - Registration Module Pages/Form 1/Industry P.O.BOX'

2018-12-07 10:57:45 - [MESSAGE][PASSED] - Text '100' is set on object 'Object Repository/Final Object Repo/New Registration - Registration Module Pages/Form 1/Industry P.O.BOX'

2018-12-07 10:57:45 - [TEST_STEP][PASSED] - setText: Text '100' is set on object 'Object Repository/Final Object Repo/New Registration - Registration Module Pages/Form 1/Industry Locked Bag No'

2018-12-07 10:57:45 - [MESSAGE][PASSED] - Text '100' is set on object 'Object Repository/Final Object Repo/New Registration - Registration Module Pages/Form 1/Industry Locked Bag No'

2018-12-07 10:57:45 - [TEST_STEP][PASSED] - setText: Text '123456789' is set on object 'Object Repository/Final Object Repo/New Registration - Registration Module Pages/Form 1/Telephone No'

2018-12-07 10:57:45 - [MESSAGE][PASSED] - Text '123456789' is set on object 'Object Repository/Final Object Repo/New Registration - Registration Module Pages/Form 1/Telephone No'

2018-12-07 10:57:45 - [TEST_STEP][PASSED] - setText: Text '123456789' is set on object 'Object Repository/Final Object Repo/New Registration - Registration Module Pages/Form 1/Mobile No'

2018-12-07 10:57:46 - [MESSAGE][PASSED] - Text '123456789' is set on object 'Object Repository/Final Object Repo/New Registration - Registration Module Pages/Form 1/Mobile No'

2018-12-07 10:57:46 - [TEST_STEP][PASSED] - setText: Text '123456789' is set on object 'Object Repository/Final Object Repo/New Registration - Registration Module Pages/Form 1/Fax No'

2018-12-07 10:57:46 - [MESSAGE][PASSED] - Text '123456789' is set on object 'Object Repository/Final Object Repo/New Registration - Registration Module Pages/Form 1/Fax No'

2018-12-07 10:57:46 - [TEST_STEP][PASSED] - click: Object: 'Object Repository/Final Object Repo/New Registration - Registration Module Pages/Form 1/Industry Code' is clicked on

2018-12-07 10:57:46 - [MESSAGE][PASSED] - Object: 'Object Repository/Final Object Repo/New Registration - Registration Module Pages/Form 1/Industry Code' is clicked on

2018-12-07 10:57:46 - [TEST_STEP][PASSED] - click: Object: 'Object Repository/Final Object Repo/New Registration - Registration Module Pages/Form 1/Indudustry Code - Crops and Animal' is clicked on

2018-12-07 10:57:47 - [MESSAGE][PASSED] - Object: 'Object Repository/Final Object Repo/New Registration - Registration Module Pages/Form 1/Indudustry Code - Crops and Animal' is clicked on

2018-12-07 10:57:47 - [TEST_STEP][PASSED] - delay: Delayed 1 second(s)

2018-12-07 10:57:48 - [MESSAGE][PASSED] - Delayed 1 second(s)

2018-12-07 10:57:48 - [TEST_STEP][PASSED] - click: Object: 'Object Repository/Final Object Repo/New Registration - Registration Module Pages/Form 1/Sub Industry Code List' is clicked on

2018-12-07 10:57:48 - [MESSAGE][PASSED] - Object: 'Object Repository/Final Object Repo/New Registration - Registration Module Pages/Form 1/Sub Industry Code List' is clicked on

2018-12-07 10:57:48 - [TEST_STEP][PASSED] - click: Object: 'Object Repository/Final Object Repo/New Registration - Registration Module Pages/Form 1/Sub Industry Code List - Growing of Maize' is clicked on

2018-12-07 10:57:48 - [MESSAGE][PASSED] - Object: 'Object Repository/Final Object Repo/New Registration - Registration Module Pages/Form 1/Sub Industry Code List - Growing of Maize' is clicked on

2018-12-07 10:57:48 - [TEST_STEP][PASSED] - setText: Text 'perkeso123@gmail.com' is set on object 'Object Repository/Final Object Repo/New Registration - Registration Module Pages/Form 1/Email'

2018-12-07 10:57:49 - [MESSAGE][PASSED] - Text 'perkeso123@gmail.com' is set on object 'Object Repository/Final Object Repo/New Registration - Registration Module Pages/Form 1/Email'

2018-12-07 10:57:49 - [TEST_STEP][PASSED] - click: Object: 'Object Repository/Final Object Repo/New Registration - Registration Module Pages/Form 1/Method of Contribution Payment' is clicked on

2018-12-07 10:57:49 - [MESSAGE][PASSED] - Object: 'Object Repository/Final Object Repo/New Registration - Registration Module Pages/Form 1/Method of Contribution Payment' is clicked on

2018-12-07 10:57:49 - [TEST_STEP][PASSED] - click: Object: 'Object Repository/Final Object Repo/New Registration - Registration Module Pages/Form 1/Method of Contribution Payment - Portal' is clicked on

2018-12-07 10:57:49 - [MESSAGE][PASSED] - Object: 'Object Repository/Final Object Repo/New Registration - Registration Module Pages/Form 1/Method of Contribution Payment - Portal' is clicked on

2018-12-07 10:57:49 - [TEST_STEP][PASSED] - click: Object: 'Object Repository/Final Object Repo/New Registration - Registration Module Pages/Form 1/Servide Type' is clicked on

2018-12-07 10:57:49 - [MESSAGE][PASSED] - Object: 'Object Repository/Final Object Repo/New Registration - Registration Module Pages/Form 1/Servide Type' is clicked on

2018-12-07 10:57:49 - [TEST_STEP][PASSED] - click: Object: 'Object Repository/Final Object Repo/New Registration - Registration Module Pages/Form 1/Servide Type - Professional Bodies' is clicked on

2018-12-07 10:57:50 - [MESSAGE][PASSED] - Object: 'Object Repository/Final Object Repo/New Registration - Registration Module Pages/Form 1/Servide Type - Professional Bodies' is clicked on

2018-12-07 10:57:50 - [TEST_STEP][PASSED] - click: Object: 'Object Repository/Final Object Repo/New Registration - Registration Module Pages/Form 1/Industry Venue' is clicked on

2018-12-07 10:57:50 - [MESSAGE][PASSED] - Object: 'Object Repository/Final Object Repo/New Registration - Registration Module Pages/Form 1/Industry Venue' is clicked on

2018-12-07 10:57:50 - [TEST_STEP][PASSED] - click: Object: 'Object Repository/Final Object Repo/New Registration - Registration Module Pages/Form 1/Industry Venue -  PPN JOHOR' is clicked on

2018-12-07 10:57:50 - [MESSAGE][PASSED] - Object: 'Object Repository/Final Object Repo/New Registration - Registration Module Pages/Form 1/Industry Venue -  PPN JOHOR' is clicked on

2018-12-07 10:57:50 - [TEST_STEP][PASSED] - click: Object: 'Object Repository/Final Object Repo/New Registration - Registration Module Pages/Form 1/Save  Continue' is clicked on

2018-12-07 10:57:50 - [MESSAGE][PASSED] - Object: 'Object Repository/Final Object Repo/New Registration - Registration Module Pages/Form 1/Save  Continue' is clicked on

2018-12-07 10:57:50 - [MESSAGE][PASSED] - Call Test Case 'Test Cases/Final Aug 2018 - PKS Automation/Registration Module/New Registration/Form 1/Form 1 - Corporation - BHD' successfully

2018-12-07 10:57:50 - [TEST_STEP][PASSED] - callTestCase: Call Test Case 'Test Cases/Final Aug 2018 - PKS Automation/Registration Module/New Registration/Form 2/Add 1 Eligible' successfully

2018-12-07 10:57:50 - [TEST_CASE][PASSED] - Test Cases/Final Aug 2018 - PKS Automation/Registration Module/New Registration/Form 2/Add 1 Eligible: Test Cases/Final Aug 2018 - PKS Automation/Registration Module/New Registration/Form 2/Add 1 Eligible

2018-12-07 10:57:50 - [TEST_STEP][PASSED] - delay: Delayed 2 second(s)

2018-12-07 10:57:52 - [MESSAGE][PASSED] - Delayed 2 second(s)

2018-12-07 10:57:52 - [TEST_STEP][PASSED] - callTestCase: Call Test Case 'Test Cases/Final Aug 2018 - PKS Automation/Registration Module/New Registration/Form 2/Date Updater' successfully

2018-12-07 10:57:52 - [TEST_CASE][PASSED] - Test Cases/Final Aug 2018 - PKS Automation/Registration Module/New Registration/Form 2/Date Updater: Test Cases/Final Aug 2018 - PKS Automation/Registration Module/New Registration/Form 2/Date Updater

2018-12-07 10:57:52 - [TEST_STEP][PASSED] - Statement - TodayDate = new java.util.Date(): null

2018-12-07 10:57:52 - [TEST_STEP][PASSED] - Statement - CurrentDateNoFilter = new java.text.SimpleDateFormat(): null

2018-12-07 10:57:52 - [TEST_STEP][PASSED] - Statement - CurrentDateNoFilter.applyPattern("MM"): null

2018-12-07 10:57:52 - [TEST_STEP][PASSED] - Statement - monthContainerMatcher = java.lang.Integer.parseInt(CurrentDateNoFilter.format(TodayDate)): null

2018-12-07 10:57:52 - [TEST_STEP][PASSED] - Statement - monthContainerMatcher = monthContainerMatcher - 1: null

2018-12-07 10:57:52 - [TEST_STEP][PASSED] - Statement - CurrentMonth = monthContainerMatcher.toString(): null

2018-12-07 10:57:52 - [TEST_STEP][PASSED] - Statement - CurrentMonth = CurrentMonth: null

2018-12-07 10:57:52 - [TEST_STEP][PASSED] - Statement - CurrentDateNoFilter.applyPattern("yyyy"): null

2018-12-07 10:57:52 - [TEST_STEP][PASSED] - Statement - CurrentYear = CurrentDateNoFilter.format(TodayDate): null

2018-12-07 10:57:52 - [TEST_STEP][PASSED] - Statement - CurrentYear = CurrentYear: null

2018-12-07 10:57:52 - [TEST_STEP][PASSED] - Statement - intCurrentYear = java.lang.Integer.parseInt(CurrentDateNoFilter.format(TodayDate)): null

2018-12-07 10:57:52 - [TEST_STEP][PASSED] - Statement - eighteenYrsAgo = intCurrentYear - 18: null

2018-12-07 10:57:52 - [TEST_STEP][PASSED] - Statement - eighteenYrsBeforeThisYr = eighteenYrsAgo.toString(): null

2018-12-07 10:57:52 - [TEST_STEP][PASSED] - Statement - EighteenYrsBefore = eighteenYrsBeforeThisYr: null

2018-12-07 10:57:52 - [TEST_STEP][PASSED] - Statement - fiftysevenYrsAgo = intCurrentYear - 57: null

2018-12-07 10:57:52 - [TEST_STEP][PASSED] - Statement - fiftysevenYrsBeforeThisYr = fiftysevenYrsAgo.toString(): null

2018-12-07 10:57:52 - [TEST_STEP][PASSED] - Statement - FiftysevenYrsBefore = fiftysevenYrsBeforeThisYr: null

2018-12-07 10:57:52 - [TEST_STEP][PASSED] - Statement - leapYear = false: null

2018-12-07 10:57:52 - [TEST_STEP][PASSED] - Statement - leapYear = intCurrentYear % 4 == 0: null

2018-12-07 10:57:52 - [TEST_STEP][PASSED] - Statement - CurrentDateNoFilter.applyPattern("dd"): null

2018-12-07 10:57:52 - [TEST_STEP][PASSED] - Statement - CurrentDate = CurrentDateNoFilter.format(TodayDate): null

2018-12-07 10:57:52 - [TEST_STEP][PASSED] - Statement - CurrentDate = java.lang.Integer.parseInt(CurrentDate): null

2018-12-07 10:57:52 - [TEST_STEP][PASSED] - Statement - CurrentDate = CurrentDate: null

2018-12-07 10:57:52 - [TEST_STEP][PASSED] - Statement - CurrentDay = java.lang.Integer.parseInt(CurrentDate): null

2018-12-07 10:57:52 - [TEST_STEP][PASSED] - Statement - ConfAdder = <not implemented yet for class: org.codehaus.groovy.ast.expr.EmptyExpression>: null

2018-12-07 10:57:52 - [TEST_STEP][PASSED] - Statement - out.println(CurrentMonth): null

2018-12-07 10:57:52 - [TEST_STEP][PASSED] - Statement - out.println(CurrentDate): null

2018-12-07 10:57:52 - [TEST_STEP][PASSED] - Statement - switch (CurrentDate): null

2018-12-07 10:57:52 - [TEST_STEP][PASSED] - Statement - Default: null

2018-12-07 10:57:52 - [TEST_STEP][PASSED] - Statement - ConfAdder = true: null

2018-12-07 10:57:52 - [TEST_STEP][PASSED] - Statement - Break: null

2018-12-07 10:57:52 - [TEST_STEP][PASSED] - Statement - aDayBefore = <not implemented yet for class: org.codehaus.groovy.ast.expr.EmptyExpression>: null

2018-12-07 10:57:52 - [TEST_STEP][PASSED] - Statement - out.println(ConfAdder): null

2018-12-07 10:57:52 - [TEST_STEP][PASSED] - Statement - If (ConfAdder == true): null

2018-12-07 10:57:52 - [TEST_STEP][PASSED] - Statement - aDayBefore = CurrentDay + 1: null

2018-12-07 10:57:52 - [TEST_STEP][PASSED] - Statement - out.println(aDayBefore): null

2018-12-07 10:57:52 - [TEST_STEP][PASSED] - Statement - If (aDayBefore == 1 && CurrentMonth == 11): null

2018-12-07 10:57:52 - [TEST_STEP][PASSED] - Statement - DayBefore = aDayBefore.toString(): null

2018-12-07 10:57:52 - [TEST_STEP][PASSED] - Statement - OneDayBefore = DayBefore: null

2018-12-07 10:57:53 - [MESSAGE][PASSED] - Call Test Case 'Test Cases/Final Aug 2018 - PKS Automation/Registration Module/New Registration/Form 2/Date Updater' successfully

2018-12-07 10:57:53 - [TEST_STEP][PASSED] - delay: Delayed 1 second(s)

2018-12-07 10:57:54 - [MESSAGE][PASSED] - Delayed 1 second(s)

2018-12-07 10:57:54 - [TEST_STEP][PASSED] - Statement - CaseReferenceNo = com.kms.katalon.core.webui.keyword.WebUiBuiltInKeywords.getText(com.kms.katalon.core.testobject.ObjectRepository.findTestObject(Final Object Repo/New Registration - Registration Module Pages/Form 2/RefNo Acquiring)): Text of object 'Object Repository/Final Object Repo/New Registration - Registration Module Pages/Form 2/RefNo Acquiring' is: 'CRN12201800123086'

2018-12-07 10:57:54 - [MESSAGE][PASSED] - Text of object 'Object Repository/Final Object Repo/New Registration - Registration Module Pages/Form 2/RefNo Acquiring' is: 'CRN12201800123086'

2018-12-07 10:57:54 - [TEST_STEP][PASSED] - delay: Delayed 1 second(s)

2018-12-07 10:57:55 - [MESSAGE][PASSED] - Delayed 1 second(s)

2018-12-07 10:57:55 - [TEST_STEP][PASSED] - click: Object: 'Object Repository/Final Object Repo/New Registration - Registration Module Pages/Form 2/Add Employee Button' is clicked on

2018-12-07 10:57:55 - [MESSAGE][PASSED] - Object: 'Object Repository/Final Object Repo/New Registration - Registration Module Pages/Form 2/Add Employee Button' is clicked on

2018-12-07 10:57:55 - [TEST_STEP][PASSED] - delay: Delayed 1 second(s)

2018-12-07 10:57:56 - [MESSAGE][PASSED] - Delayed 1 second(s)

2018-12-07 10:57:56 - [TEST_STEP][PASSED] - setText: Text '010903091963' is set on object 'Object Repository/Final Object Repo/New Registration - Registration Module Pages/Form 2/NRIC Input'

2018-12-07 10:57:57 - [MESSAGE][PASSED] - Text '010903091963' is set on object 'Object Repository/Final Object Repo/New Registration - Registration Module Pages/Form 2/NRIC Input'

2018-12-07 10:57:57 - [TEST_STEP][PASSED] - click: Object: 'Object Repository/Final Object Repo/New Registration - Registration Module Pages/Form 2/button for search for IC' is clicked on

2018-12-07 10:57:57 - [MESSAGE][PASSED] - Object: 'Object Repository/Final Object Repo/New Registration - Registration Module Pages/Form 2/button for search for IC' is clicked on

2018-12-07 10:57:57 - [TEST_STEP][PASSED] - delay: Delayed 2 second(s)

2018-12-07 10:57:59 - [MESSAGE][PASSED] - Delayed 2 second(s)

2018-12-07 10:57:59 - [TEST_STEP][PASSED] - setText: Text 'Automate001 eligible 1' is set on object 'Object Repository/Final Object Repo/New Registration - Registration Module Pages/Form 2/Employee Name Input'

2018-12-07 10:58:00 - [MESSAGE][PASSED] - Text 'Automate001 eligible 1' is set on object 'Object Repository/Final Object Repo/New Registration - Registration Module Pages/Form 2/Employee Name Input'

2018-12-07 10:58:00 - [TEST_STEP][PASSED] - delay: Delayed 2 second(s)

2018-12-07 10:58:02 - [MESSAGE][PASSED] - Delayed 2 second(s)

2018-12-07 10:58:02 - [TEST_STEP][PASSED] - click: Object: 'Object Repository/Final Object Repo/New Registration - Registration Module Pages/Form 2/DatePicker Pop Up' is clicked on

2018-12-07 10:58:02 - [MESSAGE][PASSED] - Object: 'Object Repository/Final Object Repo/New Registration - Registration Module Pages/Form 2/DatePicker Pop Up' is clicked on

2018-12-07 10:58:02 - [TEST_STEP][PASSED] - click: Object: 'Object Repository/Final Object Repo/New Registration - Registration Module Pages/Form 2/DOB Month' is clicked on

2018-12-07 10:58:02 - [MESSAGE][PASSED] - Object: 'Object Repository/Final Object Repo/New Registration - Registration Module Pages/Form 2/DOB Month' is clicked on

2018-12-07 10:58:02 - [TEST_STEP][PASSED] - Statement - CurrentMonth = CurrentMonth: null

2018-12-07 10:58:02 - [TEST_STEP][PASSED] - Statement - selectMonth = new com.kms.katalon.core.testobject.TestObject(): null

2018-12-07 10:58:02 - [TEST_STEP][PASSED] - Statement - selectMonth.addProperty("xpath", EQUALS, "//body/div/div/div/select/option[@value='" + CurrentMonth + "']", true): null

2018-12-07 10:58:02 - [TEST_STEP][PASSED] - click: Object: '' is clicked on

2018-12-07 10:58:02 - [MESSAGE][PASSED] - Object: '' is clicked on

2018-12-07 10:58:02 - [TEST_STEP][PASSED] - click: Object: 'Object Repository/Final Object Repo/New Registration - Registration Module Pages/Form 2/DOB Year' is clicked on

2018-12-07 10:58:02 - [MESSAGE][PASSED] - Object: 'Object Repository/Final Object Repo/New Registration - Registration Module Pages/Form 2/DOB Year' is clicked on

2018-12-07 10:58:02 - [TEST_STEP][PASSED] - Statement - Eyearsbf = EighteenYrsBefore: null

2018-12-07 10:58:02 - [TEST_STEP][PASSED] - Statement - selectYear = new com.kms.katalon.core.testobject.TestObject(): null

2018-12-07 10:58:02 - [TEST_STEP][PASSED] - Statement - selectYear.addProperty("xpath", EQUALS, "//div/div/div/select/option[@value='" + Eyearsbf + "']", true): null

2018-12-07 10:58:02 - [TEST_STEP][PASSED] - click: Object: '' is clicked on

2018-12-07 10:58:02 - [MESSAGE][PASSED] - Object: '' is clicked on

2018-12-07 10:58:02 - [TEST_STEP][PASSED] - Statement - UpdatedSelectDate = com.kms.katalon.core.webui.keyword.WebUiBuiltInKeywords.modifyObjectProperty(com.kms.katalon.core.testobject.ObjectRepository.findTestObject(Final Object Repo/New Registration - Registration Module Pages/Form 2/DOB Date), "xpath", "equals", "//body/div/table/tbody/tr/td/a[text()="" + CurrentDate + ""]", true): Modify property of object successfully

2018-12-07 10:58:02 - [MESSAGE][PASSED] - Modify property of object successfully

2018-12-07 10:58:02 - [TEST_STEP][PASSED] - delay: Delayed 3 second(s)

2018-12-07 10:58:05 - [MESSAGE][PASSED] - Delayed 3 second(s)

2018-12-07 10:58:05 - [TEST_STEP][PASSED] - click: Object: 'Object Repository/Final Object Repo/New Registration - Registration Module Pages/Form 2/DOB Date' is clicked on

2018-12-07 10:58:06 - [MESSAGE][PASSED] - Object: 'Object Repository/Final Object Repo/New Registration - Registration Module Pages/Form 2/DOB Date' is clicked on

2018-12-07 10:58:06 - [TEST_STEP][PASSED] - delay: Delayed 2 second(s)

2018-12-07 10:58:08 - [MESSAGE][PASSED] - Delayed 2 second(s)

2018-12-07 10:58:08 - [TEST_STEP][PASSED] - click: Object: 'Object Repository/Final Object Repo/New Registration - Registration Module Pages/Form 2/EmploymentStartDate Pop Up' is clicked on

2018-12-07 10:58:08 - [MESSAGE][PASSED] - Object: 'Object Repository/Final Object Repo/New Registration - Registration Module Pages/Form 2/EmploymentStartDate Pop Up' is clicked on

2018-12-07 10:58:08 - [TEST_STEP][PASSED] - delay: Delayed 2 second(s)

2018-12-07 10:58:10 - [MESSAGE][PASSED] - Delayed 2 second(s)

2018-12-07 10:58:10 - [TEST_STEP][PASSED] - click: Object: 'Object Repository/Final Object Repo/New Registration - Registration Module Pages/Form 2/Socso Employment StartDate Month' is clicked on

2018-12-07 10:58:10 - [MESSAGE][PASSED] - Object: 'Object Repository/Final Object Repo/New Registration - Registration Module Pages/Form 2/Socso Employment StartDate Month' is clicked on

2018-12-07 10:58:10 - [TEST_STEP][PASSED] - delay: Delayed 1 second(s)

2018-12-07 10:58:11 - [MESSAGE][PASSED] - Delayed 1 second(s)

2018-12-07 10:58:11 - [TEST_STEP][PASSED] - click: Object: 'Object Repository/Final Object Repo/New Registration - Registration Module Pages/Form 2/Select Socso Employement Startdate Month' is clicked on

2018-12-07 10:58:11 - [MESSAGE][PASSED] - Object: 'Object Repository/Final Object Repo/New Registration - Registration Module Pages/Form 2/Select Socso Employement Startdate Month' is clicked on

2018-12-07 10:58:11 - [TEST_STEP][PASSED] - delay: Delayed 2 second(s)

2018-12-07 10:58:13 - [MESSAGE][PASSED] - Delayed 2 second(s)

2018-12-07 10:58:13 - [TEST_STEP][PASSED] - click: Object: 'Object Repository/Final Object Repo/New Registration - Registration Module Pages/Form 2/Socso Employment StartDate Year' is clicked on

2018-12-07 10:58:13 - [MESSAGE][PASSED] - Object: 'Object Repository/Final Object Repo/New Registration - Registration Module Pages/Form 2/Socso Employment StartDate Year' is clicked on

2018-12-07 10:58:13 - [TEST_STEP][PASSED] - delay: Delayed 1 second(s)

2018-12-07 10:58:14 - [MESSAGE][PASSED] - Delayed 1 second(s)

2018-12-07 10:58:14 - [TEST_STEP][PASSED] - click: Object: 'Object Repository/Final Object Repo/New Registration - Registration Module Pages/Form 2/Select Socso Employment Startdate Year' is clicked on

2018-12-07 10:58:15 - [MESSAGE][PASSED] - Object: 'Object Repository/Final Object Repo/New Registration - Registration Module Pages/Form 2/Select Socso Employment Startdate Year' is clicked on

2018-12-07 10:58:15 - [TEST_STEP][PASSED] - delay: Delayed 2 second(s)

2018-12-07 10:58:17 - [MESSAGE][PASSED] - Delayed 2 second(s)

2018-12-07 10:58:17 - [TEST_STEP][PASSED] - click: Object: 'Object Repository/Final Object Repo/New Registration - Registration Module Pages/Form 2/Socso Employment Start Date Day' is clicked on

2018-12-07 10:58:17 - [MESSAGE][PASSED] - Object: 'Object Repository/Final Object Repo/New Registration - Registration Module Pages/Form 2/Socso Employment Start Date Day' is clicked on

2018-12-07 10:58:17 - [TEST_STEP][PASSED] - delay: Delayed 2 second(s)

2018-12-07 10:58:19 - [MESSAGE][PASSED] - Delayed 2 second(s)

2018-12-07 10:58:19 - [TEST_STEP][PASSED] - click: Object: 'Object Repository/Final Object Repo/New Registration - Registration Module Pages/Form 2/Save Button for Add Employee' is clicked on

2018-12-07 10:58:19 - [MESSAGE][PASSED] - Object: 'Object Repository/Final Object Repo/New Registration - Registration Module Pages/Form 2/Save Button for Add Employee' is clicked on

2018-12-07 10:58:19 - [TEST_STEP][PASSED] - delay: Delayed 6 second(s)

2018-12-07 10:58:25 - [MESSAGE][PASSED] - Delayed 6 second(s)

2018-12-07 10:58:25 - [TEST_STEP][PASSED] - click: Object: 'Object Repository/Final Object Repo/New Registration - Registration Module Pages/Form 2/Save and Continue Form 2' is clicked on

2018-12-07 10:58:25 - [MESSAGE][PASSED] - Object: 'Object Repository/Final Object Repo/New Registration - Registration Module Pages/Form 2/Save and Continue Form 2' is clicked on

2018-12-07 10:58:25 - [MESSAGE][PASSED] - Call Test Case 'Test Cases/Final Aug 2018 - PKS Automation/Registration Module/New Registration/Form 2/Add 1 Eligible' successfully

2018-12-07 10:58:25 - [TEST_STEP][PASSED] - callTestCase: Call Test Case 'Test Cases/Final Aug 2018 - PKS Automation/Registration Module/New Registration/Flow of New Registration/Third Screen - Upload Supporting Doc - Preview' successfully

2018-12-07 10:58:25 - [TEST_CASE][PASSED] - Test Cases/Final Aug 2018 - PKS Automation/Registration Module/New Registration/Flow of New Registration/Third Screen - Upload Supporting Doc - Preview: Test Cases/Final Aug 2018 - PKS Automation/Registration Module/New Registration/Flow of New Registration/Third Screen - Upload Supporting Doc - Preview

2018-12-07 10:58:25 - [TEST_STEP][PASSED] - waitForPageLoad: Wait for page load successfully

2018-12-07 10:58:26 - [MESSAGE][PASSED] - Wait for page load successfully

2018-12-07 10:58:26 - [TEST_STEP][PASSED] - Statement - CaseReferenceNo = com.kms.katalon.core.webui.keyword.WebUiBuiltInKeywords.getText(com.kms.katalon.core.testobject.ObjectRepository.findTestObject(Final Object Repo/New Registration - Registration Module Pages/Third Screen - Upload Supporting Doc- Preview/RefNo Acquiring)): Text of object 'Object Repository/Final Object Repo/New Registration - Registration Module Pages/Third Screen - Upload Supporting Doc- Preview/RefNo Acquiring' is: 'CRN12201800123086'

2018-12-07 10:58:26 - [MESSAGE][PASSED] - Text of object 'Object Repository/Final Object Repo/New Registration - Registration Module Pages/Third Screen - Upload Supporting Doc- Preview/RefNo Acquiring' is: 'CRN12201800123086'

2018-12-07 10:58:26 - [TEST_STEP][PASSED] - delay: Delayed 2 second(s)

2018-12-07 10:58:28 - [MESSAGE][PASSED] - Delayed 2 second(s)

2018-12-07 10:58:28 - [TEST_STEP][PASSED] - callTestCase: Call Test Case 'Test Cases/Final Aug 2018 - PKS Automation/Common/Reference Number Setter' successfully

2018-12-07 10:58:28 - [TEST_CASE][PASSED] - Test Cases/Final Aug 2018 - PKS Automation/Common/Reference Number Setter: Test Cases/Final Aug 2018 - PKS Automation/Common/Reference Number Setter

2018-12-07 10:58:28 - [TEST_STEP][PASSED] - Statement - RefNoOldFile = new java.io.File(C://Users//Admin//Desktop//PKS//Automation Reference Point//KatalonReference.txt): null

2018-12-07 10:58:28 - [TEST_STEP][PASSED] - Statement - RefNoOldFile.delete(): null

2018-12-07 10:58:28 - [TEST_STEP][PASSED] - delay: Delayed 5 second(s)

2018-12-07 10:58:33 - [MESSAGE][PASSED] - Delayed 5 second(s)

2018-12-07 10:58:33 - [TEST_STEP][PASSED] - Statement - RefNo = new java.io.File(C://Users//Admin//Desktop//PKS//Automation Reference Point//KatalonReference.txt): null

2018-12-07 10:58:33 - [TEST_STEP][PASSED] - Statement - f2 = new java.io.FileWriter(RefNo, false): null

2018-12-07 10:58:33 - [TEST_STEP][PASSED] - Statement - f2.write(CaseReferenceNo): null

2018-12-07 10:58:33 - [TEST_STEP][PASSED] - Statement - f2.close(): null

2018-12-07 10:58:33 - [TEST_STEP][PASSED] - Statement - out.println("


" + CaseReferenceNo + "


"): null

2018-12-07 10:58:33 - [MESSAGE][PASSED] - Call Test Case 'Test Cases/Final Aug 2018 - PKS Automation/Common/Reference Number Setter' successfully

2018-12-07 10:58:33 - [TEST_STEP][PASSED] - waitForElementClickable: Object 'Object Repository/Final Object Repo/New Registration - Registration Module Pages/Third Screen - Upload Supporting Doc- Preview/Save n Continue in SIP Employee Listing Page' is clickable

2018-12-07 10:58:33 - [MESSAGE][PASSED] - Object 'Object Repository/Final Object Repo/New Registration - Registration Module Pages/Third Screen - Upload Supporting Doc- Preview/Save n Continue in SIP Employee Listing Page' is clickable

2018-12-07 10:58:33 - [TEST_STEP][PASSED] - click: Object: 'Object Repository/Final Object Repo/New Registration - Registration Module Pages/Third Screen - Upload Supporting Doc- Preview/Save n Continue in SIP Employee Listing Page' is clicked on

2018-12-07 10:58:38 - [MESSAGE][PASSED] - Object: 'Object Repository/Final Object Repo/New Registration - Registration Module Pages/Third Screen - Upload Supporting Doc- Preview/Save n Continue in SIP Employee Listing Page' is clicked on

2018-12-07 10:58:38 - [TEST_STEP][PASSED] - delay: Delayed 7 second(s)

2018-12-07 10:58:45 - [MESSAGE][PASSED] - Delayed 7 second(s)

2018-12-07 10:58:45 - [TEST_STEP][PASSED] - click: Object: 'Object Repository/Final Object Repo/New Registration - Registration Module Pages/Third Screen - Upload Supporting Doc- Preview/Add Document Button' is clicked on

2018-12-07 10:58:46 - [MESSAGE][PASSED] - Object: 'Object Repository/Final Object Repo/New Registration - Registration Module Pages/Third Screen - Upload Supporting Doc- Preview/Add Document Button' is clicked on

2018-12-07 10:58:46 - [TEST_STEP][PASSED] - delay: Delayed 30 second(s)

2018-12-07 10:59:16 - [MESSAGE][PASSED] - Delayed 30 second(s)

2018-12-07 10:59:16 - [TEST_STEP][PASSED] - click: Object: 'Object Repository/Final Object Repo/New Registration - Registration Module Pages/Third Screen - Upload Supporting Doc- Preview/Supporting Doc Please Select Drop Down' is clicked on

2018-12-07 10:59:16 - [MESSAGE][PASSED] - Object: 'Object Repository/Final Object Repo/New Registration - Registration Module Pages/Third Screen - Upload Supporting Doc- Preview/Supporting Doc Please Select Drop Down' is clicked on

2018-12-07 10:59:16 - [TEST_STEP][PASSED] - delay: Delayed 2 second(s)

2018-12-07 10:59:18 - [MESSAGE][PASSED] - Delayed 2 second(s)

2018-12-07 10:59:18 - [TEST_STEP][PASSED] - click: Object: 'Object Repository/Final Object Repo/New Registration - Registration Module Pages/Third Screen - Upload Supporting Doc- Preview/Select to Upload Form 1' is clicked on

2018-12-07 10:59:18 - [MESSAGE][PASSED] - Object: 'Object Repository/Final Object Repo/New Registration - Registration Module Pages/Third Screen - Upload Supporting Doc- Preview/Select to Upload Form 1' is clicked on

2018-12-07 10:59:18 - [TEST_STEP][PASSED] - delay: Delayed 2 second(s)

2018-12-07 10:59:20 - [MESSAGE][PASSED] - Delayed 2 second(s)

2018-12-07 10:59:20 - [TEST_STEP][PASSED] - uploadFile: File 'C:\Users\Public\Pictures\Sample Pictures\Koala.jpg' sent to object: 'Object Repository/Final Object Repo/New Registration - Registration Module Pages/Third Screen - Upload Supporting Doc- Preview/Upload File Adding'

2018-12-07 10:59:20 - [MESSAGE][PASSED] - File 'C:\Users\Public\Pictures\Sample Pictures\Koala.jpg' sent to object: 'Object Repository/Final Object Repo/New Registration - Registration Module Pages/Third Screen - Upload Supporting Doc- Preview/Upload File Adding'

2018-12-07 10:59:20 - [TEST_STEP][PASSED] - delay: Delayed 5 second(s)

2018-12-07 10:59:25 - [MESSAGE][PASSED] - Delayed 5 second(s)

2018-12-07 10:59:25 - [TEST_STEP][PASSED] - click: Object: 'Object Repository/Final Object Repo/New Registration - Registration Module Pages/Third Screen - Upload Supporting Doc- Preview/Inner Form Add Document Button' is clicked on

2018-12-07 10:59:25 - [MESSAGE][PASSED] - Object: 'Object Repository/Final Object Repo/New Registration - Registration Module Pages/Third Screen - Upload Supporting Doc- Preview/Inner Form Add Document Button' is clicked on

2018-12-07 10:59:25 - [TEST_STEP][PASSED] - delay: Delayed 3 second(s)

2018-12-07 10:59:28 - [MESSAGE][PASSED] - Delayed 3 second(s)

2018-12-07 10:59:28 - [TEST_STEP][PASSED] - click: Object: 'Object Repository/Final Object Repo/New Registration - Registration Module Pages/Third Screen - Upload Supporting Doc- Preview/Add Document Button' is clicked on

2018-12-07 10:59:30 - [MESSAGE][PASSED] - Object: 'Object Repository/Final Object Repo/New Registration - Registration Module Pages/Third Screen - Upload Supporting Doc- Preview/Add Document Button' is clicked on

2018-12-07 10:59:30 - [TEST_STEP][PASSED] - delay: Delayed 30 second(s)

2018-12-07 11:00:00 - [MESSAGE][PASSED] - Delayed 30 second(s)

2018-12-07 11:00:00 - [TEST_STEP][PASSED] - click: Object: 'Object Repository/Final Object Repo/New Registration - Registration Module Pages/Third Screen - Upload Supporting Doc- Preview/Supporting Doc Please Select Drop Down' is clicked on

2018-12-07 11:00:00 - [MESSAGE][PASSED] - Object: 'Object Repository/Final Object Repo/New Registration - Registration Module Pages/Third Screen - Upload Supporting Doc- Preview/Supporting Doc Please Select Drop Down' is clicked on

2018-12-07 11:00:00 - [TEST_STEP][PASSED] - delay: Delayed 2 second(s)

2018-12-07 11:00:02 - [MESSAGE][PASSED] - Delayed 2 second(s)

2018-12-07 11:00:02 - [TEST_STEP][PASSED] - click: Object: 'Object Repository/Final Object Repo/New Registration - Registration Module Pages/Third Screen - Upload Supporting Doc- Preview/Select to Upload Form 2' is clicked on

2018-12-07 11:00:02 - [MESSAGE][PASSED] - Object: 'Object Repository/Final Object Repo/New Registration - Registration Module Pages/Third Screen - Upload Supporting Doc- Preview/Select to Upload Form 2' is clicked on

2018-12-07 11:00:02 - [TEST_STEP][PASSED] - delay: Delayed 2 second(s)

2018-12-07 11:00:04 - [MESSAGE][PASSED] - Delayed 2 second(s)

2018-12-07 11:00:04 - [TEST_STEP][PASSED] - uploadFile: File 'C:\Users\Public\Pictures\Sample Pictures\Koala.jpg' sent to object: 'Object Repository/Final Object Repo/New Registration - Registration Module Pages/Third Screen - Upload Supporting Doc- Preview/Upload File Adding'

2018-12-07 11:00:04 - [MESSAGE][PASSED] - File 'C:\Users\Public\Pictures\Sample Pictures\Koala.jpg' sent to object: 'Object Repository/Final Object Repo/New Registration - Registration Module Pages/Third Screen - Upload Supporting Doc- Preview/Upload File Adding'

2018-12-07 11:00:04 - [TEST_STEP][PASSED] - click: Object: 'Object Repository/Final Object Repo/New Registration - Registration Module Pages/Third Screen - Upload Supporting Doc- Preview/Inner Form Add Document Button' is clicked on

2018-12-07 11:00:04 - [MESSAGE][PASSED] - Object: 'Object Repository/Final Object Repo/New Registration - Registration Module Pages/Third Screen - Upload Supporting Doc- Preview/Inner Form Add Document Button' is clicked on

2018-12-07 11:00:04 - [TEST_STEP][PASSED] - delay: Delayed 5 second(s)

2018-12-07 11:00:09 - [MESSAGE][PASSED] - Delayed 5 second(s)

2018-12-07 11:00:09 - [TEST_STEP][PASSED] - click: Object: 'Object Repository/Final Object Repo/New Registration - Registration Module Pages/Third Screen - Upload Supporting Doc- Preview/Add Document Button' is clicked on

2018-12-07 11:00:10 - [MESSAGE][PASSED] - Object: 'Object Repository/Final Object Repo/New Registration - Registration Module Pages/Third Screen - Upload Supporting Doc- Preview/Add Document Button' is clicked on

2018-12-07 11:00:10 - [TEST_STEP][PASSED] - delay: Delayed 30 second(s)

2018-12-07 11:00:40 - [MESSAGE][PASSED] - Delayed 30 second(s)

2018-12-07 11:00:40 - [TEST_STEP][PASSED] - click: Object: 'Object Repository/Final Object Repo/New Registration - Registration Module Pages/Third Screen - Upload Supporting Doc- Preview/Supporting Doc Please Select Drop Down' is clicked on

2018-12-07 11:00:40 - [MESSAGE][PASSED] - Object: 'Object Repository/Final Object Repo/New Registration - Registration Module Pages/Third Screen - Upload Supporting Doc- Preview/Supporting Doc Please Select Drop Down' is clicked on

2018-12-07 11:00:40 - [TEST_STEP][PASSED] - click: Object: 'Object Repository/Final Object Repo/New Registration - Registration Module Pages/Third Screen - Upload Supporting Doc- Preview/Select to Upload Borang SIP 1' is clicked on

2018-12-07 11:00:40 - [MESSAGE][PASSED] - Object: 'Object Repository/Final Object Repo/New Registration - Registration Module Pages/Third Screen - Upload Supporting Doc- Preview/Select to Upload Borang SIP 1' is clicked on

2018-12-07 11:00:40 - [TEST_STEP][PASSED] - delay: Delayed 2 second(s)

2018-12-07 11:00:42 - [MESSAGE][PASSED] - Delayed 2 second(s)

2018-12-07 11:00:42 - [TEST_STEP][PASSED] - uploadFile: File 'C:\Users\Public\Pictures\Sample Pictures\Koala.jpg' sent to object: 'Object Repository/Final Object Repo/New Registration - Registration Module Pages/Third Screen - Upload Supporting Doc- Preview/Upload File Adding'

2018-12-07 11:00:42 - [MESSAGE][PASSED] - File 'C:\Users\Public\Pictures\Sample Pictures\Koala.jpg' sent to object: 'Object Repository/Final Object Repo/New Registration - Registration Module Pages/Third Screen - Upload Supporting Doc- Preview/Upload File Adding'

2018-12-07 11:00:42 - [TEST_STEP][PASSED] - click: Object: 'Object Repository/Final Object Repo/New Registration - Registration Module Pages/Third Screen - Upload Supporting Doc- Preview/Inner Form Add Document Button' is clicked on

2018-12-07 11:00:42 - [MESSAGE][PASSED] - Object: 'Object Repository/Final Object Repo/New Registration - Registration Module Pages/Third Screen - Upload Supporting Doc- Preview/Inner Form Add Document Button' is clicked on

2018-12-07 11:00:42 - [TEST_STEP][PASSED] - delay: Delayed 5 second(s)

2018-12-07 11:00:47 - [MESSAGE][PASSED] - Delayed 5 second(s)

2018-12-07 11:00:47 - [TEST_STEP][PASSED] - click: Object: 'Object Repository/Final Object Repo/New Registration - Registration Module Pages/Third Screen - Upload Supporting Doc- Preview/Add Document Button' is clicked on

2018-12-07 11:00:47 - [MESSAGE][PASSED] - Object: 'Object Repository/Final Object Repo/New Registration - Registration Module Pages/Third Screen - Upload Supporting Doc- Preview/Add Document Button' is clicked on

2018-12-07 11:00:47 - [TEST_STEP][PASSED] - delay: Delayed 30 second(s)

2018-12-07 11:01:17 - [MESSAGE][PASSED] - Delayed 30 second(s)

2018-12-07 11:01:17 - [TEST_STEP][PASSED] - click: Object: 'Object Repository/Final Object Repo/New Registration - Registration Module Pages/Third Screen - Upload Supporting Doc- Preview/Supporting Doc Please Select Drop Down' is clicked on

2018-12-07 11:01:18 - [MESSAGE][PASSED] - Object: 'Object Repository/Final Object Repo/New Registration - Registration Module Pages/Third Screen - Upload Supporting Doc- Preview/Supporting Doc Please Select Drop Down' is clicked on

2018-12-07 11:01:18 - [TEST_STEP][PASSED] - delay: Delayed 3 second(s)

2018-12-07 11:01:21 - [MESSAGE][PASSED] - Delayed 3 second(s)

2018-12-07 11:01:21 - [TEST_STEP][PASSED] - click: Object: 'Object Repository/Final Object Repo/New Registration - Registration Module Pages/Third Screen - Upload Supporting Doc- Preview/Select to Upload Borang SIP 2' is clicked on

2018-12-07 11:01:21 - [MESSAGE][PASSED] - Object: 'Object Repository/Final Object Repo/New Registration - Registration Module Pages/Third Screen - Upload Supporting Doc- Preview/Select to Upload Borang SIP 2' is clicked on

2018-12-07 11:01:21 - [TEST_STEP][PASSED] - delay: Delayed 2 second(s)

2018-12-07 11:01:23 - [MESSAGE][PASSED] - Delayed 2 second(s)

2018-12-07 11:01:23 - [TEST_STEP][PASSED] - uploadFile: File 'C:\Users\Public\Pictures\Sample Pictures\Koala.jpg' sent to object: 'Object Repository/Final Object Repo/New Registration - Registration Module Pages/Third Screen - Upload Supporting Doc- Preview/Upload File Adding'

2018-12-07 11:01:23 - [MESSAGE][PASSED] - File 'C:\Users\Public\Pictures\Sample Pictures\Koala.jpg' sent to object: 'Object Repository/Final Object Repo/New Registration - Registration Module Pages/Third Screen - Upload Supporting Doc- Preview/Upload File Adding'

2018-12-07 11:01:23 - [TEST_STEP][PASSED] - delay: Delayed 5 second(s)

2018-12-07 11:01:28 - [MESSAGE][PASSED] - Delayed 5 second(s)

2018-12-07 11:01:28 - [TEST_STEP][PASSED] - click: Object: 'Object Repository/Final Object Repo/New Registration - Registration Module Pages/Third Screen - Upload Supporting Doc- Preview/Inner Form Add Document Button' is clicked on

2018-12-07 11:01:28 - [MESSAGE][PASSED] - Object: 'Object Repository/Final Object Repo/New Registration - Registration Module Pages/Third Screen - Upload Supporting Doc- Preview/Inner Form Add Document Button' is clicked on

2018-12-07 11:01:28 - [TEST_STEP][PASSED] - delay: Delayed 3 second(s)

2018-12-07 11:01:31 - [MESSAGE][PASSED] - Delayed 3 second(s)

2018-12-07 11:01:31 - [TEST_STEP][PASSED] - waitForElementClickable: Object 'Object Repository/Final Object Repo/New Registration - Registration Module Pages/Third Screen - Upload Supporting Doc- Preview/Save n Continue in Uploading Supporting Doc Page' is clickable

2018-12-07 11:01:32 - [MESSAGE][PASSED] - Object 'Object Repository/Final Object Repo/New Registration - Registration Module Pages/Third Screen - Upload Supporting Doc- Preview/Save n Continue in Uploading Supporting Doc Page' is clickable

2018-12-07 11:01:32 - [TEST_STEP][PASSED] - click: Object: 'Object Repository/Final Object Repo/New Registration - Registration Module Pages/Third Screen - Upload Supporting Doc- Preview/Save n Continue in Uploading Supporting Doc Page' is clicked on

2018-12-07 11:01:32 - [MESSAGE][PASSED] - Object: 'Object Repository/Final Object Repo/New Registration - Registration Module Pages/Third Screen - Upload Supporting Doc- Preview/Save n Continue in Uploading Supporting Doc Page' is clicked on

2018-12-07 11:01:32 - [MESSAGE][PASSED] - Call Test Case 'Test Cases/Final Aug 2018 - PKS Automation/Registration Module/New Registration/Flow of New Registration/Third Screen - Upload Supporting Doc - Preview' successfully

2018-12-07 11:01:32 - [TEST_STEP][PASSED] - callTestCase: Call Test Case 'Test Cases/Final Aug 2018 - PKS Automation/Registration Module/New Registration/Submit and Screenshot/Submit Registration and Screenshot - Copy' successfully

2018-12-07 11:01:33 - [TEST_CASE][PASSED] - Test Cases/Final Aug 2018 - PKS Automation/Registration Module/New Registration/Submit and Screenshot/Submit Registration and Screenshot - Copy: Test Cases/Final Aug 2018 - PKS Automation/Registration Module/New Registration/Submit and Screenshot/Submit Registration and Screenshot - Copy

2018-12-07 11:01:33 - [TEST_STEP][PASSED] - delay: Delayed 6 second(s)

2018-12-07 11:01:39 - [MESSAGE][PASSED] - Delayed 6 second(s)

2018-12-07 11:01:39 - [TEST_STEP][PASSED] - click: Object: 'Object Repository/Final Object Repo/New Registration - Registration Module Pages/Third Screen - Upload Supporting Doc- Preview/Preview Submit Button' is clicked on

2018-12-07 11:01:39 - [MESSAGE][PASSED] - Object: 'Object Repository/Final Object Repo/New Registration - Registration Module Pages/Third Screen - Upload Supporting Doc- Preview/Preview Submit Button' is clicked on

2018-12-07 11:01:39 - [TEST_STEP][PASSED] - delay: Delayed 2 second(s)

2018-12-07 11:01:41 - [MESSAGE][PASSED] - Delayed 2 second(s)

2018-12-07 11:01:41 - [TEST_STEP][PASSED] - click: Object: 'Object Repository/Final Object Repo/New Registration - Registration Module Pages/Third Screen - Upload Supporting Doc- Preview/Preview Submit - Confirm' is clicked on

2018-12-07 11:01:41 - [MESSAGE][PASSED] - Object: 'Object Repository/Final Object Repo/New Registration - Registration Module Pages/Third Screen - Upload Supporting Doc- Preview/Preview Submit - Confirm' is clicked on

2018-12-07 11:01:41 - [TEST_STEP][PASSED] - delay: Delayed 15 second(s)

2018-12-07 11:01:56 - [MESSAGE][PASSED] - Delayed 15 second(s)

2018-12-07 11:01:56 - [TEST_STEP][PASSED] - Statement - driver = com.kms.katalon.core.webui.driver.DriverFactory.getWebDriver(): null

2018-12-07 11:01:56 - [TEST_STEP][PASSED] - Statement - driver.manage().timeouts().implicitlyWait(10, SECONDS): null

2018-12-07 11:01:56 - [TEST_STEP][PASSED] - Statement - PresavePath = KatalonScreenshots: null

2018-12-07 11:01:56 - [TEST_STEP][PASSED] - Statement - pathPrefix = "C:\Users\Public\Pictures\Sample Pictures\Katalon Screenshots\Automate Ending Screen": null

2018-12-07 11:01:56 - [TEST_STEP][PASSED] - Statement - finalPath = <not implemented yet for class: org.codehaus.groovy.ast.expr.EmptyExpression>: null

2018-12-07 11:01:56 - [TEST_STEP][PASSED] - Statement - scrFile = driver.getScreenshotAs(FILE): null

2018-12-07 11:01:56 - [TEST_STEP][PASSED] - Statement - PreSaveFile = new java.io.File(PresavePath): null

2018-12-07 11:01:56 - [TEST_STEP][PASSED] - Statement - counter = 0: null

2018-12-07 11:01:56 - [TEST_STEP][PASSED] - Statement - If (PreSaveFile.exists()): null

2018-12-07 11:01:56 - [TEST_STEP][PASSED] - Statement - While (PreSaveFile.exists()): null

2018-12-07 11:01:56 - [TEST_STEP][PASSED] - Statement - counter = counter + 1: null

2018-12-07 11:01:56 - [TEST_STEP][PASSED] - Statement - PreSaveFile = new java.io.File(((pathPrefix + java.lang.Integer.toString(counter)) + .png)): null

2018-12-07 11:01:56 - [TEST_STEP][PASSED] - Statement - counter = counter + 1: null

2018-12-07 11:01:56 - [TEST_STEP][PASSED] - Statement - PreSaveFile = new java.io.File(((pathPrefix + java.lang.Integer.toString(counter)) + .png)): null

2018-12-07 11:01:56 - [TEST_STEP][PASSED] - Statement - counter = counter + 1: null

2018-12-07 11:01:56 - [TEST_STEP][PASSED] - Statement - PreSaveFile = new java.io.File(((pathPrefix + java.lang.Integer.toString(counter)) + .png)): null

2018-12-07 11:01:56 - [TEST_STEP][PASSED] - Statement - counter = counter + 1: null

2018-12-07 11:01:56 - [TEST_STEP][PASSED] - Statement - PreSaveFile = new java.io.File(((pathPrefix + java.lang.Integer.toString(counter)) + .png)): null

2018-12-07 11:01:56 - [TEST_STEP][PASSED] - Statement - counter = counter + 1: null

2018-12-07 11:01:56 - [TEST_STEP][PASSED] - Statement - PreSaveFile = new java.io.File(((pathPrefix + java.lang.Integer.toString(counter)) + .png)): null

2018-12-07 11:01:56 - [TEST_STEP][PASSED] - Statement - counter = counter + 1: null

2018-12-07 11:01:56 - [TEST_STEP][PASSED] - Statement - PreSaveFile = new java.io.File(((pathPrefix + java.lang.Integer.toString(counter)) + .png)): null

2018-12-07 11:01:56 - [TEST_STEP][PASSED] - Statement - counter = counter + 1: null

2018-12-07 11:01:56 - [TEST_STEP][PASSED] - Statement - PreSaveFile = new java.io.File(((pathPrefix + java.lang.Integer.toString(counter)) + .png)): null

2018-12-07 11:01:56 - [TEST_STEP][PASSED] - Statement - counter = counter + 1: null

2018-12-07 11:01:56 - [TEST_STEP][PASSED] - Statement - PreSaveFile = new java.io.File(((pathPrefix + java.lang.Integer.toString(counter)) + .png)): null

2018-12-07 11:01:56 - [TEST_STEP][PASSED] - Statement - counter = counter + 1: null

2018-12-07 11:01:56 - [TEST_STEP][PASSED] - Statement - PreSaveFile = new java.io.File(((pathPrefix + java.lang.Integer.toString(counter)) + .png)): null

2018-12-07 11:01:56 - [TEST_STEP][PASSED] - Statement - counter = counter + 1: null

2018-12-07 11:01:56 - [TEST_STEP][PASSED] - Statement - PreSaveFile = new java.io.File(((pathPrefix + java.lang.Integer.toString(counter)) + .png)): null

2018-12-07 11:01:56 - [TEST_STEP][PASSED] - Statement - counter = counter + 1: null

2018-12-07 11:01:56 - [TEST_STEP][PASSED] - Statement - PreSaveFile = new java.io.File(((pathPrefix + java.lang.Integer.toString(counter)) + .png)): null

2018-12-07 11:01:56 - [TEST_STEP][PASSED] - Statement - counter = counter + 1: null

2018-12-07 11:01:56 - [TEST_STEP][PASSED] - Statement - PreSaveFile = new java.io.File(((pathPrefix + java.lang.Integer.toString(counter)) + .png)): null

2018-12-07 11:01:56 - [TEST_STEP][PASSED] - Statement - counter = counter + 1: null

2018-12-07 11:01:56 - [TEST_STEP][PASSED] - Statement - PreSaveFile = new java.io.File(((pathPrefix + java.lang.Integer.toString(counter)) + .png)): null

2018-12-07 11:01:56 - [TEST_STEP][PASSED] - Statement - counter = counter + 1: null

2018-12-07 11:01:56 - [TEST_STEP][PASSED] - Statement - PreSaveFile = new java.io.File(((pathPrefix + java.lang.Integer.toString(counter)) + .png)): null

2018-12-07 11:01:56 - [TEST_STEP][PASSED] - Statement - counter = counter + 1: null

2018-12-07 11:01:56 - [TEST_STEP][PASSED] - Statement - PreSaveFile = new java.io.File(((pathPrefix + java.lang.Integer.toString(counter)) + .png)): null

2018-12-07 11:01:56 - [TEST_STEP][PASSED] - Statement - counter = counter + 1: null

2018-12-07 11:01:56 - [TEST_STEP][PASSED] - Statement - PreSaveFile = new java.io.File(((pathPrefix + java.lang.Integer.toString(counter)) + .png)): null

2018-12-07 11:01:56 - [TEST_STEP][PASSED] - Statement - counter = counter + 1: null

2018-12-07 11:01:56 - [TEST_STEP][PASSED] - Statement - PreSaveFile = new java.io.File(((pathPrefix + java.lang.Integer.toString(counter)) + .png)): null

2018-12-07 11:01:56 - [TEST_STEP][PASSED] - Statement - counter = counter + 1: null

2018-12-07 11:01:56 - [TEST_STEP][PASSED] - Statement - PreSaveFile = new java.io.File(((pathPrefix + java.lang.Integer.toString(counter)) + .png)): null

2018-12-07 11:01:57 - [TEST_STEP][PASSED] - Statement - counter = counter + 1: null

2018-12-07 11:01:57 - [TEST_STEP][PASSED] - Statement - PreSaveFile = new java.io.File(((pathPrefix + java.lang.Integer.toString(counter)) + .png)): null

2018-12-07 11:01:57 - [TEST_STEP][PASSED] - Statement - counter = counter + 1: null

2018-12-07 11:01:57 - [TEST_STEP][PASSED] - Statement - PreSaveFile = new java.io.File(((pathPrefix + java.lang.Integer.toString(counter)) + .png)): null

2018-12-07 11:01:57 - [TEST_STEP][PASSED] - Statement - counter = counter + 1: null

2018-12-07 11:01:57 - [TEST_STEP][PASSED] - Statement - PreSaveFile = new java.io.File(((pathPrefix + java.lang.Integer.toString(counter)) + .png)): null

2018-12-07 11:01:57 - [TEST_STEP][PASSED] - Statement - counter = counter + 1: null

2018-12-07 11:01:57 - [TEST_STEP][PASSED] - Statement - PreSaveFile = new java.io.File(((pathPrefix + java.lang.Integer.toString(counter)) + .png)): null

2018-12-07 11:01:57 - [TEST_STEP][PASSED] - Statement - counter = counter + 1: null

2018-12-07 11:01:57 - [TEST_STEP][PASSED] - Statement - PreSaveFile = new java.io.File(((pathPrefix + java.lang.Integer.toString(counter)) + .png)): null

2018-12-07 11:01:57 - [TEST_STEP][PASSED] - Statement - counter = counter + 1: null

2018-12-07 11:01:57 - [TEST_STEP][PASSED] - Statement - PreSaveFile = new java.io.File(((pathPrefix + java.lang.Integer.toString(counter)) + .png)): null

2018-12-07 11:01:57 - [TEST_STEP][PASSED] - Statement - counter = counter + 1: null

2018-12-07 11:01:57 - [TEST_STEP][PASSED] - Statement - PreSaveFile = new java.io.File(((pathPrefix + java.lang.Integer.toString(counter)) + .png)): null

2018-12-07 11:01:57 - [TEST_STEP][PASSED] - Statement - counter = counter + 1: null

2018-12-07 11:01:57 - [TEST_STEP][PASSED] - Statement - PreSaveFile = new java.io.File(((pathPrefix + java.lang.Integer.toString(counter)) + .png)): null

2018-12-07 11:01:57 - [TEST_STEP][PASSED] - Statement - counter = counter + 1: null

2018-12-07 11:01:57 - [TEST_STEP][PASSED] - Statement - PreSaveFile = new java.io.File(((pathPrefix + java.lang.Integer.toString(counter)) + .png)): null

2018-12-07 11:01:57 - [TEST_STEP][PASSED] - Statement - counter = counter + 1: null

2018-12-07 11:01:57 - [TEST_STEP][PASSED] - Statement - PreSaveFile = new java.io.File(((pathPrefix + java.lang.Integer.toString(counter)) + .png)): null

2018-12-07 11:01:57 - [TEST_STEP][PASSED] - Statement - counter = counter + 1: null

2018-12-07 11:01:57 - [TEST_STEP][PASSED] - Statement - PreSaveFile = new java.io.File(((pathPrefix + java.lang.Integer.toString(counter)) + .png)): null

2018-12-07 11:01:57 - [TEST_STEP][PASSED] - Statement - counter = counter + 1: null

2018-12-07 11:01:57 - [TEST_STEP][PASSED] - Statement - PreSaveFile = new java.io.File(((pathPrefix + java.lang.Integer.toString(counter)) + .png)): null

2018-12-07 11:01:57 - [TEST_STEP][PASSED] - Statement - counter = counter + 1: null

2018-12-07 11:01:57 - [TEST_STEP][PASSED] - Statement - PreSaveFile = new java.io.File(((pathPrefix + java.lang.Integer.toString(counter)) + .png)): null

2018-12-07 11:01:57 - [TEST_STEP][PASSED] - Statement - counter = counter + 1: null

2018-12-07 11:01:57 - [TEST_STEP][PASSED] - Statement - PreSaveFile = new java.io.File(((pathPrefix + java.lang.Integer.toString(counter)) + .png)): null

2018-12-07 11:01:57 - [TEST_STEP][PASSED] - Statement - counter = counter + 1: null

2018-12-07 11:01:57 - [TEST_STEP][PASSED] - Statement - PreSaveFile = new java.io.File(((pathPrefix + java.lang.Integer.toString(counter)) + .png)): null

2018-12-07 11:01:57 - [TEST_STEP][PASSED] - Statement - counter = counter + 1: null

2018-12-07 11:01:58 - [TEST_STEP][PASSED] - Statement - PreSaveFile = new java.io.File(((pathPrefix + java.lang.Integer.toString(counter)) + .png)): null

2018-12-07 11:01:58 - [TEST_STEP][PASSED] - Statement - counter = counter + 1: null

2018-12-07 11:01:58 - [TEST_STEP][PASSED] - Statement - PreSaveFile = new java.io.File(((pathPrefix + java.lang.Integer.toString(counter)) + .png)): null

2018-12-07 11:01:58 - [TEST_STEP][PASSED] - Statement - counter = counter + 1: null

2018-12-07 11:01:58 - [TEST_STEP][PASSED] - Statement - PreSaveFile = new java.io.File(((pathPrefix + java.lang.Integer.toString(counter)) + .png)): null

2018-12-07 11:01:58 - [TEST_STEP][PASSED] - Statement - counter = counter + 1: null

2018-12-07 11:01:58 - [TEST_STEP][PASSED] - Statement - PreSaveFile = new java.io.File(((pathPrefix + java.lang.Integer.toString(counter)) + .png)): null

2018-12-07 11:01:58 - [TEST_STEP][PASSED] - Statement - counter = counter + 1: null

2018-12-07 11:01:58 - [TEST_STEP][PASSED] - Statement - PreSaveFile = new java.io.File(((pathPrefix + java.lang.Integer.toString(counter)) + .png)): null

2018-12-07 11:01:58 - [TEST_STEP][PASSED] - Statement - counter = counter + 1: null

2018-12-07 11:01:58 - [TEST_STEP][PASSED] - Statement - PreSaveFile = new java.io.File(((pathPrefix + java.lang.Integer.toString(counter)) + .png)): null

2018-12-07 11:01:58 - [TEST_STEP][PASSED] - Statement - counter = counter + 1: null

2018-12-07 11:01:58 - [TEST_STEP][PASSED] - Statement - PreSaveFile = new java.io.File(((pathPrefix + java.lang.Integer.toString(counter)) + .png)): null

2018-12-07 11:01:58 - [TEST_STEP][PASSED] - Statement - counter = counter + 1: null

2018-12-07 11:01:58 - [TEST_STEP][PASSED] - Statement - PreSaveFile = new java.io.File(((pathPrefix + java.lang.Integer.toString(counter)) + .png)): null

2018-12-07 11:01:58 - [TEST_STEP][PASSED] - Statement - counter = counter + 1: null

2018-12-07 11:01:58 - [TEST_STEP][PASSED] - Statement - PreSaveFile = new java.io.File(((pathPrefix + java.lang.Integer.toString(counter)) + .png)): null

2018-12-07 11:01:58 - [TEST_STEP][PASSED] - Statement - counter = counter + 1: null

2018-12-07 11:01:58 - [TEST_STEP][PASSED] - Statement - PreSaveFile = new java.io.File(((pathPrefix + java.lang.Integer.toString(counter)) + .png)): null

2018-12-07 11:01:58 - [TEST_STEP][PASSED] - Statement - counter = counter + 1: null

2018-12-07 11:01:58 - [TEST_STEP][PASSED] - Statement - PreSaveFile = new java.io.File(((pathPrefix + java.lang.Integer.toString(counter)) + .png)): null

2018-12-07 11:01:58 - [TEST_STEP][PASSED] - Statement - counter = counter + 1: null

2018-12-07 11:01:58 - [TEST_STEP][PASSED] - Statement - PreSaveFile = new java.io.File(((pathPrefix + java.lang.Integer.toString(counter)) + .png)): null

2018-12-07 11:01:58 - [TEST_STEP][PASSED] - Statement - counter = counter + 1: null

2018-12-07 11:01:58 - [TEST_STEP][PASSED] - Statement - PreSaveFile = new java.io.File(((pathPrefix + java.lang.Integer.toString(counter)) + .png)): null

2018-12-07 11:01:58 - [TEST_STEP][PASSED] - Statement - counter = counter + 1: null

2018-12-07 11:01:58 - [TEST_STEP][PASSED] - Statement - PreSaveFile = new java.io.File(((pathPrefix + java.lang.Integer.toString(counter)) + .png)): null

2018-12-07 11:01:58 - [TEST_STEP][PASSED] - Statement - counter = counter + 1: null

2018-12-07 11:01:59 - [TEST_STEP][PASSED] - Statement - PreSaveFile = new java.io.File(((pathPrefix + java.lang.Integer.toString(counter)) + .png)): null

2018-12-07 11:01:59 - [TEST_STEP][PASSED] - Statement - counter = counter + 1: null

2018-12-07 11:01:59 - [TEST_STEP][PASSED] - Statement - PreSaveFile = new java.io.File(((pathPrefix + java.lang.Integer.toString(counter)) + .png)): null

2018-12-07 11:01:59 - [TEST_STEP][PASSED] - Statement - counter = counter + 1: null

2018-12-07 11:01:59 - [TEST_STEP][PASSED] - Statement - PreSaveFile = new java.io.File(((pathPrefix + java.lang.Integer.toString(counter)) + .png)): null

2018-12-07 11:01:59 - [TEST_STEP][PASSED] - Statement - counter = counter + 1: null

2018-12-07 11:01:59 - [TEST_STEP][PASSED] - Statement - PreSaveFile = new java.io.File(((pathPrefix + java.lang.Integer.toString(counter)) + .png)): null

2018-12-07 11:01:59 - [TEST_STEP][PASSED] - Statement - counter = counter + 1: null

2018-12-07 11:01:59 - [TEST_STEP][PASSED] - Statement - PreSaveFile = new java.io.File(((pathPrefix + java.lang.Integer.toString(counter)) + .png)): null

2018-12-07 11:01:59 - [TEST_STEP][PASSED] - Statement - counter = counter + 1: null

2018-12-07 11:01:59 - [TEST_STEP][PASSED] - Statement - PreSaveFile = new java.io.File(((pathPrefix + java.lang.Integer.toString(counter)) + .png)): null

2018-12-07 11:01:59 - [TEST_STEP][PASSED] - Statement - counter = counter + 1: null

2018-12-07 11:01:59 - [TEST_STEP][PASSED] - Statement - PreSaveFile = new java.io.File(((pathPrefix + java.lang.Integer.toString(counter)) + .png)): null

2018-12-07 11:01:59 - [TEST_STEP][PASSED] - Statement - counter = counter + 1: null

2018-12-07 11:01:59 - [TEST_STEP][PASSED] - Statement - PreSaveFile = new java.io.File(((pathPrefix + java.lang.Integer.toString(counter)) + .png)): null

2018-12-07 11:01:59 - [TEST_STEP][PASSED] - Statement - counter = counter + 1: null

2018-12-07 11:01:59 - [TEST_STEP][PASSED] - Statement - PreSaveFile = new java.io.File(((pathPrefix + java.lang.Integer.toString(counter)) + .png)): null

2018-12-07 11:01:59 - [TEST_STEP][PASSED] - Statement - counter = counter + 1: null

2018-12-07 11:01:59 - [TEST_STEP][PASSED] - Statement - PreSaveFile = new java.io.File(((pathPrefix + java.lang.Integer.toString(counter)) + .png)): null

2018-12-07 11:01:59 - [TEST_STEP][PASSED] - Statement - counter = counter + 1: null

2018-12-07 11:01:59 - [TEST_STEP][PASSED] - Statement - PreSaveFile = new java.io.File(((pathPrefix + java.lang.Integer.toString(counter)) + .png)): null

2018-12-07 11:01:59 - [TEST_STEP][PASSED] - Statement - counter = counter + 1: null

2018-12-07 11:01:59 - [TEST_STEP][PASSED] - Statement - PreSaveFile = new java.io.File(((pathPrefix + java.lang.Integer.toString(counter)) + .png)): null

2018-12-07 11:01:59 - [TEST_STEP][PASSED] - Statement - counter = counter + 1: null

2018-12-07 11:01:59 - [TEST_STEP][PASSED] - Statement - PreSaveFile = new java.io.File(((pathPrefix + java.lang.Integer.toString(counter)) + .png)): null

2018-12-07 11:01:59 - [TEST_STEP][PASSED] - Statement - counter = counter + 1: null

2018-12-07 11:01:59 - [TEST_STEP][PASSED] - Statement - PreSaveFile = new java.io.File(((pathPrefix + java.lang.Integer.toString(counter)) + .png)): null

2018-12-07 11:01:59 - [TEST_STEP][PASSED] - Statement - counter = counter + 1: null

2018-12-07 11:01:59 - [TEST_STEP][PASSED] - Statement - PreSaveFile = new java.io.File(((pathPrefix + java.lang.Integer.toString(counter)) + .png)): null

2018-12-07 11:01:59 - [TEST_STEP][PASSED] - Statement - counter = counter + 1: null

2018-12-07 11:02:00 - [TEST_STEP][PASSED] - Statement - PreSaveFile = new java.io.File(((pathPrefix + java.lang.Integer.toString(counter)) + .png)): null

2018-12-07 11:02:00 - [TEST_STEP][PASSED] - Statement - counter = counter + 1: null

2018-12-07 11:02:00 - [TEST_STEP][PASSED] - Statement - PreSaveFile = new java.io.File(((pathPrefix + java.lang.Integer.toString(counter)) + .png)): null

2018-12-07 11:02:00 - [TEST_STEP][PASSED] - Statement - counter = counter + 1: null

2018-12-07 11:02:00 - [TEST_STEP][PASSED] - Statement - PreSaveFile = new java.io.File(((pathPrefix + java.lang.Integer.toString(counter)) + .png)): null

2018-12-07 11:02:00 - [TEST_STEP][PASSED] - Statement - counter = counter + 1: null

2018-12-07 11:02:00 - [TEST_STEP][PASSED] - Statement - PreSaveFile = new java.io.File(((pathPrefix + java.lang.Integer.toString(counter)) + .png)): null

2018-12-07 11:02:00 - [TEST_STEP][PASSED] - Statement - counter = counter + 1: null

2018-12-07 11:02:00 - [TEST_STEP][PASSED] - Statement - PreSaveFile = new java.io.File(((pathPrefix + java.lang.Integer.toString(counter)) + .png)): null

2018-12-07 11:02:00 - [TEST_STEP][PASSED] - Statement - counter = counter + 1: null

2018-12-07 11:02:00 - [TEST_STEP][PASSED] - Statement - PreSaveFile = new java.io.File(((pathPrefix + java.lang.Integer.toString(counter)) + .png)): null

2018-12-07 11:02:00 - [TEST_STEP][PASSED] - Statement - counter = counter + 1: null

2018-12-07 11:02:00 - [TEST_STEP][PASSED] - Statement - PreSaveFile = new java.io.File(((pathPrefix + java.lang.Integer.toString(counter)) + .png)): null

2018-12-07 11:02:00 - [TEST_STEP][PASSED] - Statement - counter = counter + 1: null

2018-12-07 11:02:00 - [TEST_STEP][PASSED] - Statement - PreSaveFile = new java.io.File(((pathPrefix + java.lang.Integer.toString(counter)) + .png)): null

2018-12-07 11:02:00 - [TEST_STEP][PASSED] - Statement - counter = counter + 1: null

2018-12-07 11:02:00 - [TEST_STEP][PASSED] - Statement - PreSaveFile = new java.io.File(((pathPrefix + java.lang.Integer.toString(counter)) + .png)): null

2018-12-07 11:02:00 - [TEST_STEP][PASSED] - Statement - counter = counter + 1: null

2018-12-07 11:02:00 - [TEST_STEP][PASSED] - Statement - PreSaveFile = new java.io.File(((pathPrefix + java.lang.Integer.toString(counter)) + .png)): null

2018-12-07 11:02:00 - [TEST_STEP][PASSED] - Statement - counter = counter + 1: null

2018-12-07 11:02:00 - [TEST_STEP][PASSED] - Statement - PreSaveFile = new java.io.File(((pathPrefix + java.lang.Integer.toString(counter)) + .png)): null

2018-12-07 11:02:00 - [TEST_STEP][PASSED] - Statement - counter = counter + 1: null

2018-12-07 11:02:00 - [TEST_STEP][PASSED] - Statement - PreSaveFile = new java.io.File(((pathPrefix + java.lang.Integer.toString(counter)) + .png)): null

2018-12-07 11:02:00 - [TEST_STEP][PASSED] - Statement - counter = counter + 1: null

2018-12-07 11:02:00 - [TEST_STEP][PASSED] - Statement - PreSaveFile = new java.io.File(((pathPrefix + java.lang.Integer.toString(counter)) + .png)): null

2018-12-07 11:02:00 - [TEST_STEP][PASSED] - Statement - counter = counter + 1: null

2018-12-07 11:02:00 - [TEST_STEP][PASSED] - Statement - PreSaveFile = new java.io.File(((pathPrefix + java.lang.Integer.toString(counter)) + .png)): null

2018-12-07 11:02:00 - [TEST_STEP][PASSED] - Statement - counter = counter + 1: null

2018-12-07 11:02:00 - [TEST_STEP][PASSED] - Statement - PreSaveFile = new java.io.File(((pathPrefix + java.lang.Integer.toString(counter)) + .png)): null

2018-12-07 11:02:00 - [TEST_STEP][PASSED] - Statement - counter = counter + 1: null

2018-12-07 11:02:00 - [TEST_STEP][PASSED] - Statement - PreSaveFile = new java.io.File(((pathPrefix + java.lang.Integer.toString(counter)) + .png)): null

2018-12-07 11:02:00 - [TEST_STEP][PASSED] - Statement - counter = counter + 1: null

2018-12-07 11:02:00 - [TEST_STEP][PASSED] - Statement - PreSaveFile = new java.io.File(((pathPrefix + java.lang.Integer.toString(counter)) + .png)): null

2018-12-07 11:02:00 - [TEST_STEP][PASSED] - Statement - counter = counter + 1: null

2018-12-07 11:02:00 - [TEST_STEP][PASSED] - Statement - PreSaveFile = new java.io.File(((pathPrefix + java.lang.Integer.toString(counter)) + .png)): null

2018-12-07 11:02:00 - [TEST_STEP][PASSED] - Statement - counter = counter + 1: null

2018-12-07 11:02:00 - [TEST_STEP][PASSED] - Statement - PreSaveFile = new java.io.File(((pathPrefix + java.lang.Integer.toString(counter)) + .png)): null

2018-12-07 11:02:00 - [TEST_STEP][PASSED] - Statement - counter = counter + 1: null

2018-12-07 11:02:01 - [TEST_STEP][PASSED] - Statement - PreSaveFile = new java.io.File(((pathPrefix + java.lang.Integer.toString(counter)) + .png)): null

2018-12-07 11:02:01 - [TEST_STEP][PASSED] - Statement - counter = counter + 1: null

2018-12-07 11:02:01 - [TEST_STEP][PASSED] - Statement - PreSaveFile = new java.io.File(((pathPrefix + java.lang.Integer.toString(counter)) + .png)): null

2018-12-07 11:02:01 - [TEST_STEP][PASSED] - Statement - counter = counter + 1: null

2018-12-07 11:02:01 - [TEST_STEP][PASSED] - Statement - PreSaveFile = new java.io.File(((pathPrefix + java.lang.Integer.toString(counter)) + .png)): null

2018-12-07 11:02:01 - [TEST_STEP][PASSED] - Statement - counter = counter + 1: null

2018-12-07 11:02:01 - [TEST_STEP][PASSED] - Statement - PreSaveFile = new java.io.File(((pathPrefix + java.lang.Integer.toString(counter)) + .png)): null

2018-12-07 11:02:01 - [TEST_STEP][PASSED] - Statement - counter = counter + 1: null

2018-12-07 11:02:01 - [TEST_STEP][PASSED] - Statement - PreSaveFile = new java.io.File(((pathPrefix + java.lang.Integer.toString(counter)) + .png)): null

2018-12-07 11:02:01 - [TEST_STEP][PASSED] - Statement - counter = counter + 1: null

2018-12-07 11:02:01 - [TEST_STEP][PASSED] - Statement - PreSaveFile = new java.io.File(((pathPrefix + java.lang.Integer.toString(counter)) + .png)): null

2018-12-07 11:02:01 - [TEST_STEP][PASSED] - Statement - counter = counter + 1: null

2018-12-07 11:02:01 - [TEST_STEP][PASSED] - Statement - PreSaveFile = new java.io.File(((pathPrefix + java.lang.Integer.toString(counter)) + .png)): null

2018-12-07 11:02:01 - [TEST_STEP][PASSED] - Statement - counter = counter + 1: null

2018-12-07 11:02:01 - [TEST_STEP][PASSED] - Statement - PreSaveFile = new java.io.File(((pathPrefix + java.lang.Integer.toString(counter)) + .png)): null

2018-12-07 11:02:01 - [TEST_STEP][PASSED] - Statement - counter = counter + 1: null

2018-12-07 11:02:01 - [TEST_STEP][PASSED] - Statement - PreSaveFile = new java.io.File(((pathPrefix + java.lang.Integer.toString(counter)) + .png)): null

2018-12-07 11:02:01 - [TEST_STEP][PASSED] - Statement - counter = counter + 1: null

2018-12-07 11:02:01 - [TEST_STEP][PASSED] - Statement - PreSaveFile = new java.io.File(((pathPrefix + java.lang.Integer.toString(counter)) + .png)): null

2018-12-07 11:02:01 - [TEST_STEP][PASSED] - Statement - counter = counter + 1: null

2018-12-07 11:02:01 - [TEST_STEP][PASSED] - Statement - PreSaveFile = new java.io.File(((pathPrefix + java.lang.Integer.toString(counter)) + .png)): null

2018-12-07 11:02:01 - [TEST_STEP][PASSED] - Statement - counter = counter + 1: null

2018-12-07 11:02:01 - [TEST_STEP][PASSED] - Statement - PreSaveFile = new java.io.File(((pathPrefix + java.lang.Integer.toString(counter)) + .png)): null

2018-12-07 11:02:01 - [TEST_STEP][PASSED] - Statement - counter = counter + 1: null

2018-12-07 11:02:01 - [TEST_STEP][PASSED] - Statement - PreSaveFile = new java.io.File(((pathPrefix + java.lang.Integer.toString(counter)) + .png)): null

2018-12-07 11:02:01 - [TEST_STEP][PASSED] - Statement - counter = counter + 1: null

2018-12-07 11:02:01 - [TEST_STEP][PASSED] - Statement - PreSaveFile = new java.io.File(((pathPrefix + java.lang.Integer.toString(counter)) + .png)): null

2018-12-07 11:02:01 - [TEST_STEP][PASSED] - Statement - counter = counter + 1: null

2018-12-07 11:02:02 - [TEST_STEP][PASSED] - Statement - PreSaveFile = new java.io.File(((pathPrefix + java.lang.Integer.toString(counter)) + .png)): null

2018-12-07 11:02:02 - [TEST_STEP][PASSED] - Statement - counter = counter + 1: null

2018-12-07 11:02:02 - [TEST_STEP][PASSED] - Statement - PreSaveFile = new java.io.File(((pathPrefix + java.lang.Integer.toString(counter)) + .png)): null

2018-12-07 11:02:02 - [TEST_STEP][PASSED] - Statement - counter = counter + 1: null

2018-12-07 11:02:02 - [TEST_STEP][PASSED] - Statement - PreSaveFile = new java.io.File(((pathPrefix + java.lang.Integer.toString(counter)) + .png)): null

2018-12-07 11:02:02 - [TEST_STEP][PASSED] - Statement - counter = counter + 1: null

2018-12-07 11:02:02 - [TEST_STEP][PASSED] - Statement - PreSaveFile = new java.io.File(((pathPrefix + java.lang.Integer.toString(counter)) + .png)): null

2018-12-07 11:02:02 - [TEST_STEP][PASSED] - Statement - counter = counter + 1: null

2018-12-07 11:02:02 - [TEST_STEP][PASSED] - Statement - PreSaveFile = new java.io.File(((pathPrefix + java.lang.Integer.toString(counter)) + .png)): null

2018-12-07 11:02:02 - [TEST_STEP][PASSED] - Statement - counter = counter + 1: null

2018-12-07 11:02:02 - [TEST_STEP][PASSED] - Statement - PreSaveFile = new java.io.File(((pathPrefix + java.lang.Integer.toString(counter)) + .png)): null

2018-12-07 11:02:02 - [TEST_STEP][PASSED] - Statement - counter = counter + 1: null

2018-12-07 11:02:02 - [TEST_STEP][PASSED] - Statement - PreSaveFile = new java.io.File(((pathPrefix + java.lang.Integer.toString(counter)) + .png)): null

2018-12-07 11:02:02 - [TEST_STEP][PASSED] - Statement - counter = counter + 1: null

2018-12-07 11:02:02 - [TEST_STEP][PASSED] - Statement - PreSaveFile = new java.io.File(((pathPrefix + java.lang.Integer.toString(counter)) + .png)): null

2018-12-07 11:02:02 - [TEST_STEP][PASSED] - Statement - counter = counter + 1: null

2018-12-07 11:02:02 - [TEST_STEP][PASSED] - Statement - PreSaveFile = new java.io.File(((pathPrefix + java.lang.Integer.toString(counter)) + .png)): null

2018-12-07 11:02:02 - [TEST_STEP][PASSED] - Statement - counter = counter + 1: null

2018-12-07 11:02:02 - [TEST_STEP][PASSED] - Statement - PreSaveFile = new java.io.File(((pathPrefix + java.lang.Integer.toString(counter)) + .png)): null

2018-12-07 11:02:02 - [TEST_STEP][PASSED] - Statement - counter = counter + 1: null

2018-12-07 11:02:02 - [TEST_STEP][PASSED] - Statement - PreSaveFile = new java.io.File(((pathPrefix + java.lang.Integer.toString(counter)) + .png)): null

2018-12-07 11:02:02 - [TEST_STEP][PASSED] - Statement - counter = counter + 1: null

2018-12-07 11:02:02 - [TEST_STEP][PASSED] - Statement - PreSaveFile = new java.io.File(((pathPrefix + java.lang.Integer.toString(counter)) + .png)): null

2018-12-07 11:02:02 - [TEST_STEP][PASSED] - Statement - counter = counter + 1: null

2018-12-07 11:02:02 - [TEST_STEP][PASSED] - Statement - PreSaveFile = new java.io.File(((pathPrefix + java.lang.Integer.toString(counter)) + .png)): null

2018-12-07 11:02:02 - [TEST_STEP][PASSED] - Statement - counter = counter + 1: null

2018-12-07 11:02:02 - [TEST_STEP][PASSED] - Statement - PreSaveFile = new java.io.File(((pathPrefix + java.lang.Integer.toString(counter)) + .png)): null

2018-12-07 11:02:02 - [TEST_STEP][PASSED] - Statement - counter = counter + 1: null

2018-12-07 11:02:02 - [TEST_STEP][PASSED] - Statement - PreSaveFile = new java.io.File(((pathPrefix + java.lang.Integer.toString(counter)) + .png)): null

2018-12-07 11:02:02 - [TEST_STEP][PASSED] - Statement - counter = counter + 1: null

2018-12-07 11:02:03 - [TEST_STEP][PASSED] - Statement - PreSaveFile = new java.io.File(((pathPrefix + java.lang.Integer.toString(counter)) + .png)): null

2018-12-07 11:02:03 - [TEST_STEP][PASSED] - Statement - counter = counter + 1: null

2018-12-07 11:02:03 - [TEST_STEP][PASSED] - Statement - PreSaveFile = new java.io.File(((pathPrefix + java.lang.Integer.toString(counter)) + .png)): null

2018-12-07 11:02:03 - [TEST_STEP][PASSED] - Statement - finalPath = pathPrefix + java.lang.Integer.toString(counter) + ".png": null

2018-12-07 11:02:03 - [TEST_STEP][PASSED] - Statement - SaveFile = new java.io.File(finalPath): null

2018-12-07 11:02:03 - [TEST_STEP][PASSED] - Statement - Try: null

2018-12-07 11:02:03 - [TEST_STEP][PASSED] - Statement - org.apache.commons.io.FileUtils.copyFile(scrFile, SaveFile): null

2018-12-07 11:02:03 - [TEST_STEP][PASSED] - Statement - out.println("file kept"): null

2018-12-07 11:02:03 - [TEST_STEP][PASSED] - delay: Delayed 10 second(s)

2018-12-07 11:02:13 - [MESSAGE][PASSED] - Delayed 10 second(s)

2018-12-07 11:02:13 - [MESSAGE][PASSED] - Call Test Case 'Test Cases/Final Aug 2018 - PKS Automation/Registration Module/New Registration/Submit and Screenshot/Submit Registration and Screenshot - Copy' successfully

2018-12-07 11:02:13 - [TEST_STEP][PASSED] - Statement - UpdateAddNewECode = com.kms.katalon.core.webui.keyword.WebUiBuiltInKeywords.getText(com.kms.katalon.core.testobject.ObjectRepository.findTestObject(Object Repository/Final Object Repo/Page_Update Add New Employee - ASSIST/getEmpCode)): Text of object 'Object Repository/Final Object Repo/Page_Update Add New Employee - ASSIST/getEmpCode' is: 'E1102070668X'

2018-12-07 11:02:13 - [MESSAGE][PASSED] - Text of object 'Object Repository/Final Object Repo/Page_Update Add New Employee - ASSIST/getEmpCode' is: 'E1102070668X'

2018-12-07 11:02:13 - [TEST_STEP][PASSED] - callTestCase: Call Test Case 'Test Cases/Final Aug 2018 - PKS Automation/Common/Emp Code Setter' successfully

2018-12-07 11:02:13 - [TEST_CASE][PASSED] - Test Cases/Final Aug 2018 - PKS Automation/Common/Emp Code Setter: Test Cases/Final Aug 2018 - PKS Automation/Common/Emp Code Setter

2018-12-07 11:02:13 - [TEST_STEP][PASSED] - Statement - EmpCodeOld = new java.io.File(C://Users//Admin//Desktop//PKS//Automation Reference Point//EmpCode.txt): null

2018-12-07 11:02:13 - [TEST_STEP][PASSED] - Statement - EmpCodeOld.delete(): null

2018-12-07 11:02:13 - [TEST_STEP][PASSED] - Statement - EmpCode = new java.io.File(C://Users//Admin//Desktop//PKS//Automation Reference Point//EmpCode.txt): null

2018-12-07 11:02:13 - [TEST_STEP][PASSED] - Statement - f2 = new java.io.FileWriter(EmpCode, false): null

2018-12-07 11:02:13 - [TEST_STEP][PASSED] - Statement - f2.write(UpdateAddNewECode): null

2018-12-07 11:02:13 - [TEST_STEP][PASSED] - Statement - f2.close(): null

2018-12-07 11:02:13 - [TEST_STEP][PASSED] - Statement - out.println("


" + UpdateAddNewECode + "


"): null

2018-12-07 11:02:13 - [MESSAGE][PASSED] - Call Test Case 'Test Cases/Final Aug 2018 - PKS Automation/Common/Emp Code Setter' successfully

2018-12-07 11:02:13 - [MESSAGE][PASSED] - Call Test Case 'Test Cases/Final Aug 2018 - PKS Automation/Registration Module/Workflow/Update Add New Employee/Template/New Company for Update Add New' successfully

2018-12-07 11:02:13 - [TEST_STEP][PASSED] - callTestCase: Call Test Case 'Test Cases/Final Aug 2018 - PKS Automation/Registration Module/Log Out/log out avoiding katalon tagging' successfully

2018-12-07 11:02:13 - [TEST_CASE][PASSED] - Test Cases/Final Aug 2018 - PKS Automation/Registration Module/Log Out/log out avoiding katalon tagging: Test Cases/Final Aug 2018 - PKS Automation/Registration Module/Log Out/log out avoiding katalon tagging

2018-12-07 11:02:13 - [TEST_STEP][PASSED] - navigateToUrl: Navigate to 'https://assist2-uat.perkeso.gov.my/c/portal/logout' successfully

2018-12-07 11:02:14 - [MESSAGE][PASSED] - Navigate to 'https://assist2-uat.perkeso.gov.my/c/portal/logout' successfully

2018-12-07 11:02:14 - [MESSAGE][PASSED] - Call Test Case 'Test Cases/Final Aug 2018 - PKS Automation/Registration Module/Log Out/log out avoiding katalon tagging' successfully

2018-12-07 11:02:14 - [TEST_STEP][PASSED] - callTestCase: Call Test Case 'Test Cases/Final Aug 2018 - PKS Automation/Registration Module/New Registration/Form 2/Date Updater' successfully

2018-12-07 11:02:14 - [TEST_CASE][PASSED] - Test Cases/Final Aug 2018 - PKS Automation/Registration Module/New Registration/Form 2/Date Updater: Test Cases/Final Aug 2018 - PKS Automation/Registration Module/New Registration/Form 2/Date Updater

2018-12-07 11:02:14 - [TEST_STEP][PASSED] - Statement - TodayDate = new java.util.Date(): null

2018-12-07 11:02:14 - [TEST_STEP][PASSED] - Statement - CurrentDateNoFilter = new java.text.SimpleDateFormat(): null

2018-12-07 11:02:14 - [TEST_STEP][PASSED] - Statement - CurrentDateNoFilter.applyPattern("MM"): null

2018-12-07 11:02:14 - [TEST_STEP][PASSED] - Statement - monthContainerMatcher = java.lang.Integer.parseInt(CurrentDateNoFilter.format(TodayDate)): null

2018-12-07 11:02:14 - [TEST_STEP][PASSED] - Statement - monthContainerMatcher = monthContainerMatcher - 1: null

2018-12-07 11:02:14 - [TEST_STEP][PASSED] - Statement - CurrentMonth = monthContainerMatcher.toString(): null

2018-12-07 11:02:14 - [TEST_STEP][PASSED] - Statement - CurrentMonth = CurrentMonth: null

2018-12-07 11:02:14 - [TEST_STEP][PASSED] - Statement - CurrentDateNoFilter.applyPattern("yyyy"): null

2018-12-07 11:02:14 - [TEST_STEP][PASSED] - Statement - CurrentYear = CurrentDateNoFilter.format(TodayDate): null

2018-12-07 11:02:14 - [TEST_STEP][PASSED] - Statement - CurrentYear = CurrentYear: null

2018-12-07 11:02:14 - [TEST_STEP][PASSED] - Statement - intCurrentYear = java.lang.Integer.parseInt(CurrentDateNoFilter.format(TodayDate)): null

2018-12-07 11:02:14 - [TEST_STEP][PASSED] - Statement - eighteenYrsAgo = intCurrentYear - 18: null

2018-12-07 11:02:14 - [TEST_STEP][PASSED] - Statement - eighteenYrsBeforeThisYr = eighteenYrsAgo.toString(): null

2018-12-07 11:02:14 - [TEST_STEP][PASSED] - Statement - EighteenYrsBefore = eighteenYrsBeforeThisYr: null

2018-12-07 11:02:14 - [TEST_STEP][PASSED] - Statement - fiftysevenYrsAgo = intCurrentYear - 57: null

2018-12-07 11:02:14 - [TEST_STEP][PASSED] - Statement - fiftysevenYrsBeforeThisYr = fiftysevenYrsAgo.toString(): null

2018-12-07 11:02:14 - [TEST_STEP][PASSED] - Statement - FiftysevenYrsBefore = fiftysevenYrsBeforeThisYr: null

2018-12-07 11:02:14 - [TEST_STEP][PASSED] - Statement - leapYear = false: null

2018-12-07 11:02:14 - [TEST_STEP][PASSED] - Statement - leapYear = intCurrentYear % 4 == 0: null

2018-12-07 11:02:14 - [TEST_STEP][PASSED] - Statement - CurrentDateNoFilter.applyPattern("dd"): null

2018-12-07 11:02:14 - [TEST_STEP][PASSED] - Statement - CurrentDate = CurrentDateNoFilter.format(TodayDate): null

2018-12-07 11:02:14 - [TEST_STEP][PASSED] - Statement - CurrentDate = java.lang.Integer.parseInt(CurrentDate): null

2018-12-07 11:02:14 - [TEST_STEP][PASSED] - Statement - CurrentDate = CurrentDate: null

2018-12-07 11:02:14 - [TEST_STEP][PASSED] - Statement - CurrentDay = java.lang.Integer.parseInt(CurrentDate): null

2018-12-07 11:02:14 - [TEST_STEP][PASSED] - Statement - ConfAdder = <not implemented yet for class: org.codehaus.groovy.ast.expr.EmptyExpression>: null

2018-12-07 11:02:14 - [TEST_STEP][PASSED] - Statement - out.println(CurrentMonth): null

2018-12-07 11:02:14 - [TEST_STEP][PASSED] - Statement - out.println(CurrentDate): null

2018-12-07 11:02:14 - [TEST_STEP][PASSED] - Statement - switch (CurrentDate): null

2018-12-07 11:02:14 - [TEST_STEP][PASSED] - Statement - Default: null

2018-12-07 11:02:14 - [TEST_STEP][PASSED] - Statement - ConfAdder = true: null

2018-12-07 11:02:14 - [TEST_STEP][PASSED] - Statement - Break: null

2018-12-07 11:02:14 - [TEST_STEP][PASSED] - Statement - aDayBefore = <not implemented yet for class: org.codehaus.groovy.ast.expr.EmptyExpression>: null

2018-12-07 11:02:14 - [TEST_STEP][PASSED] - Statement - out.println(ConfAdder): null

2018-12-07 11:02:14 - [TEST_STEP][PASSED] - Statement - If (ConfAdder == true): null

2018-12-07 11:02:14 - [TEST_STEP][PASSED] - Statement - aDayBefore = CurrentDay + 1: null

2018-12-07 11:02:14 - [TEST_STEP][PASSED] - Statement - out.println(aDayBefore): null

2018-12-07 11:02:14 - [TEST_STEP][PASSED] - Statement - If (aDayBefore == 1 && CurrentMonth == 11): null

2018-12-07 11:02:14 - [TEST_STEP][PASSED] - Statement - DayBefore = aDayBefore.toString(): null

2018-12-07 11:02:14 - [TEST_STEP][PASSED] - Statement - OneDayBefore = DayBefore: null

2018-12-07 11:02:14 - [MESSAGE][PASSED] - Call Test Case 'Test Cases/Final Aug 2018 - PKS Automation/Registration Module/New Registration/Form 2/Date Updater' successfully

2018-12-07 11:02:14 - [TEST_STEP][PASSED] - delay: Delayed 2 second(s)

2018-12-07 11:02:16 - [MESSAGE][PASSED] - Delayed 2 second(s)

2018-12-07 11:02:16 - [TEST_STEP][PASSED] - setText: Text 'klotc2@gmail.com' is set on object 'Object Repository/Final Object Repo/Page_Update Add New Employee - ASSIST/Email TextBox'

2018-12-07 11:02:17 - [MESSAGE][PASSED] - Text 'klotc2@gmail.com' is set on object 'Object Repository/Final Object Repo/Page_Update Add New Employee - ASSIST/Email TextBox'

2018-12-07 11:02:17 - [TEST_STEP][PASSED] - click: Object: 'Object Repository/Final Object Repo/Page_Update Add New Employee - ASSIST/Next Button' is clicked on

2018-12-07 11:02:17 - [MESSAGE][PASSED] - Object: 'Object Repository/Final Object Repo/Page_Update Add New Employee - ASSIST/Next Button' is clicked on

2018-12-07 11:02:17 - [TEST_STEP][PASSED] - delay: Delayed 2 second(s)

2018-12-07 11:02:19 - [MESSAGE][PASSED] - Delayed 2 second(s)

2018-12-07 11:02:19 - [TEST_STEP][PASSED] - setText: Text 'Test1@3456789' is set on object 'Object Repository/Final Object Repo/Page_Update Add New Employee - ASSIST/Password TextBox'

2018-12-07 11:02:19 - [MESSAGE][PASSED] - Text 'Test1@3456789' is set on object 'Object Repository/Final Object Repo/Page_Update Add New Employee - ASSIST/Password TextBox'

2018-12-07 11:02:19 - [TEST_STEP][PASSED] - delay: Delayed 2 second(s)

2018-12-07 11:02:21 - [MESSAGE][PASSED] - Delayed 2 second(s)

2018-12-07 11:02:21 - [TEST_STEP][PASSED] - click: Object: 'Object Repository/Final Object Repo/Page_Update Add New Employee - ASSIST/Login Button' is clicked on

2018-12-07 11:02:21 - [MESSAGE][PASSED] - Object: 'Object Repository/Final Object Repo/Page_Update Add New Employee - ASSIST/Login Button' is clicked on

2018-12-07 11:02:21 - [TEST_STEP][PASSED] - delay: Delayed 4 second(s)

2018-12-07 11:02:25 - [MESSAGE][PASSED] - Delayed 4 second(s)

2018-12-07 11:02:25 - [TEST_STEP][PASSED] - Statement - Try: Delayed 2 second(s)

2018-12-07 11:02:25 - [TEST_STEP][PASSED] - Statement - Checker = false: null

2018-12-07 11:02:25 - [TEST_STEP][PASSED] - Statement - Checker = com.kms.katalon.core.webui.keyword.WebUiBuiltInKeywords.verifyElementHasAttribute(com.kms.katalon.core.testobject.ObjectRepository.findTestObject(Final Object Repo/Landing Page/BM Detecting), "href", 20, OPTIONAL): Object 'Object Repository/Final Object Repo/Landing Page/BM Detecting' has attribute 'href'

2018-12-07 11:02:25 - [MESSAGE][PASSED] - Object 'Object Repository/Final Object Repo/Landing Page/BM Detecting' has attribute 'href'

2018-12-07 11:02:25 - [TEST_STEP][PASSED] - Statement - out.println(Checker): null

2018-12-07 11:02:25 - [TEST_STEP][PASSED] - Statement - If (Checker == false): null

2018-12-07 11:02:25 - [TEST_STEP][PASSED] - Statement - Else: null

2018-12-07 11:02:25 - [TEST_STEP][PASSED] - delay: Delayed 2 second(s)

2018-12-07 11:02:27 - [MESSAGE][PASSED] - Delayed 2 second(s)

2018-12-07 11:02:27 - [TEST_STEP][PASSED] - delay: Delayed 4 second(s)

2018-12-07 11:02:31 - [MESSAGE][PASSED] - Delayed 4 second(s)

2018-12-07 11:02:31 - [TEST_STEP][PASSED] - click: Object: 'Object Repository/Final Object Repo/Page_Update Add New Employee - ASSIST/My Sites Drop Down' is clicked on

2018-12-07 11:02:32 - [MESSAGE][PASSED] - Object: 'Object Repository/Final Object Repo/Page_Update Add New Employee - ASSIST/My Sites Drop Down' is clicked on

2018-12-07 11:02:32 - [TEST_STEP][PASSED] - click: Object: 'Object Repository/Final Object Repo/Page_Update Add New Employee - ASSIST/Select to Registration Module' is clicked on

2018-12-07 11:02:32 - [MESSAGE][PASSED] - Object: 'Object Repository/Final Object Repo/Page_Update Add New Employee - ASSIST/Select to Registration Module' is clicked on

2018-12-07 11:02:32 - [TEST_STEP][PASSED] - navigateToUrl: Navigate to 'https://assist2-uat.perkeso.gov.my/web/registration/myassist' successfully

2018-12-07 11:02:33 - [MESSAGE][PASSED] - Navigate to 'https://assist2-uat.perkeso.gov.my/web/registration/myassist' successfully

2018-12-07 11:02:33 - [TEST_STEP][PASSED] - mouseOver: Object: 'Object Repository/Final Object Repo/Page_Update Add New Employee - ASSIST/Select to Update Akta 4 Tab' is hovered

2018-12-07 11:02:33 - [MESSAGE][PASSED] - Object: 'Object Repository/Final Object Repo/Page_Update Add New Employee - ASSIST/Select to Update Akta 4 Tab' is hovered

2018-12-07 11:02:33 - [TEST_STEP][PASSED] - delay: Delayed 2 second(s)

2018-12-07 11:02:35 - [MESSAGE][PASSED] - Delayed 2 second(s)

2018-12-07 11:02:35 - [TEST_STEP][PASSED] - click: Object: 'Object Repository/Final Object Repo/Page_Update Add New Employee - ASSIST/Select to Update Add New Employee' is clicked on

2018-12-07 11:02:36 - [MESSAGE][PASSED] - Object: 'Object Repository/Final Object Repo/Page_Update Add New Employee - ASSIST/Select to Update Add New Employee' is clicked on

2018-12-07 11:02:36 - [TEST_STEP][PASSED] - delay: Delayed 2 second(s)

2018-12-07 11:02:38 - [MESSAGE][PASSED] - Delayed 2 second(s)

2018-12-07 11:02:38 - [TEST_STEP][PASSED] - setText: Text 'E1102070668X' is set on object 'Object Repository/Final Object Repo/Page_Update Add New Employee - ASSIST/Employer Code input textbox'

2018-12-07 11:02:38 - [MESSAGE][PASSED] - Text 'E1102070668X' is set on object 'Object Repository/Final Object Repo/Page_Update Add New Employee - ASSIST/Employer Code input textbox'

2018-12-07 11:02:38 - [TEST_STEP][PASSED] - delay: Delayed 2 second(s)

2018-12-07 11:02:40 - [MESSAGE][PASSED] - Delayed 2 second(s)

2018-12-07 11:02:40 - [TEST_STEP][PASSED] - click: Object: 'Object Repository/Final Object Repo/Page_Update Add New Employee - ASSIST/Search Button for Employer Code' is clicked on

2018-12-07 11:02:40 - [MESSAGE][PASSED] - Object: 'Object Repository/Final Object Repo/Page_Update Add New Employee - ASSIST/Search Button for Employer Code' is clicked on

2018-12-07 11:02:40 - [TEST_STEP][PASSED] - delay: Delayed 4 second(s)

2018-12-07 11:02:44 - [MESSAGE][PASSED] - Delayed 4 second(s)

2018-12-07 11:02:44 - [TEST_STEP][PASSED] - click: Object: 'Object Repository/Final Object Repo/Page_Update Add New Employee - ASSIST/Click to Edit Case' is clicked on

2018-12-07 11:02:47 - [MESSAGE][PASSED] - Object: 'Object Repository/Final Object Repo/Page_Update Add New Employee - ASSIST/Click to Edit Case' is clicked on

2018-12-07 11:02:47 - [TEST_STEP][PASSED] - callTestCase: Call Test Case 'Test Cases/Final Aug 2018 - PKS Automation/Registration Module/Workflow/Update Add New Employee/Template/Employee Adding/Employee Set Decider' successfully

2018-12-07 11:02:47 - [TEST_CASE][PASSED] - Test Cases/Final Aug 2018 - PKS Automation/Registration Module/Workflow/Update Add New Employee/Template/Employee Adding/Employee Set Decider: Test Cases/Final Aug 2018 - PKS Automation/Registration Module/Workflow/Update Add New Employee/Template/Employee Adding/Employee Set Decider

2018-12-07 11:02:47 - [TEST_STEP][PASSED] - delay: Delayed 4 second(s)

2018-12-07 11:02:51 - [MESSAGE][PASSED] - Delayed 4 second(s)

2018-12-07 11:02:51 - [TEST_STEP][PASSED] - click: Object: 'Object Repository/Final Object Repo/Page_Update Add New Employee - ASSIST/Add Employee Button' is clicked on

2018-12-07 11:02:51 - [MESSAGE][PASSED] - Object: 'Object Repository/Final Object Repo/Page_Update Add New Employee - ASSIST/Add Employee Button' is clicked on

2018-12-07 11:02:51 - [TEST_STEP][PASSED] - delay: Delayed 3 second(s)

2018-12-07 11:02:54 - [MESSAGE][PASSED] - Delayed 3 second(s)

2018-12-07 11:02:54 - [TEST_STEP][PASSED] - setText: Text '010903091920' is set on object 'Object Repository/Final Object Repo/Page_Update Add New Employee - ASSIST/NRIC Input'

2018-12-07 11:02:55 - [MESSAGE][PASSED] - Text '010903091920' is set on object 'Object Repository/Final Object Repo/Page_Update Add New Employee - ASSIST/NRIC Input'

2018-12-07 11:02:55 - [TEST_STEP][PASSED] - click: Object: 'Object Repository/Final Object Repo/Page_Update Add New Employee - ASSIST/button for search for IC' is clicked on

2018-12-07 11:02:55 - [MESSAGE][PASSED] - Object: 'Object Repository/Final Object Repo/Page_Update Add New Employee - ASSIST/button for search for IC' is clicked on

2018-12-07 11:02:55 - [TEST_STEP][PASSED] - delay: Delayed 2 second(s)

2018-12-07 11:02:57 - [MESSAGE][PASSED] - Delayed 2 second(s)

2018-12-07 11:02:57 - [TEST_STEP][PASSED] - sendKeys: Keys 'CONTROL + a' sent to object: 'Object Repository/Final Object Repo/Page_Update Add New Employee - ASSIST/Employee Name Input'

2018-12-07 11:02:57 - [MESSAGE][PASSED] - Keys 'CONTROL + a' sent to object: 'Object Repository/Final Object Repo/Page_Update Add New Employee - ASSIST/Employee Name Input'

2018-12-07 11:02:57 - [TEST_STEP][PASSED] - sendKeys: Keys 'CONTROL + c' sent to object: 'Object Repository/Final Object Repo/Page_Update Add New Employee - ASSIST/Employee Name Input'

2018-12-07 11:02:57 - [MESSAGE][PASSED] - Keys 'CONTROL + c' sent to object: 'Object Repository/Final Object Repo/Page_Update Add New Employee - ASSIST/Employee Name Input'

2018-12-07 11:02:57 - [TEST_STEP][PASSED] - Statement - toolkit = java.awt.Toolkit.getDefaultToolkit(): null

2018-12-07 11:02:57 - [TEST_STEP][PASSED] - Statement - clipboard = toolkit.getSystemClipboard(): null

2018-12-07 11:02:57 - [TEST_STEP][PASSED] - Statement - CurrentName = clipboard.getData(stringFlavor): null

2018-12-07 11:02:57 - [TEST_STEP][PASSED] - Statement - out.println("String from Clipboard:" + CurrentName): null

2018-12-07 11:02:57 - [TEST_STEP][PASSED] - Statement - If (CurrentName == "AUTOMATE002 ELIGIBLE 1"): Call Test Case 'Test Cases/Final Aug 2018 - PKS Automation/Registration Module/Workflow/Update Add New Employee/Template/Employee Adding/Employee Adding Action Repeat IC - set 1' successfully

2018-12-07 11:02:57 - [TEST_STEP][PASSED] - callTestCase: Call Test Case 'Test Cases/Final Aug 2018 - PKS Automation/Registration Module/Workflow/Update Add New Employee/Template/Employee Adding/Employee Adding Action Repeat IC - set 1' successfully

2018-12-07 11:02:57 - [TEST_CASE][PASSED] - Test Cases/Final Aug 2018 - PKS Automation/Registration Module/Workflow/Update Add New Employee/Template/Employee Adding/Employee Adding Action Repeat IC - set 1: Test Cases/Final Aug 2018 - PKS Automation/Registration Module/Workflow/Update Add New Employee/Template/Employee Adding/Employee Adding Action Repeat IC - set 1

2018-12-07 11:02:57 - [TEST_STEP][PASSED] - setText: Text 'Automate003 eligible 1' is set on object 'Object Repository/Final Object Repo/Page_Update Add New Employee - ASSIST/Employee Name Input'

2018-12-07 11:02:58 - [MESSAGE][PASSED] - Text 'Automate003 eligible 1' is set on object 'Object Repository/Final Object Repo/Page_Update Add New Employee - ASSIST/Employee Name Input'

2018-12-07 11:02:58 - [TEST_STEP][PASSED] - delay: Delayed 2 second(s)

2018-12-07 11:03:00 - [MESSAGE][PASSED] - Delayed 2 second(s)

2018-12-07 11:03:00 - [TEST_STEP][PASSED] - click: Object: 'Object Repository/Final Object Repo/Page_Update Add New Employee - ASSIST/DatePicker Pop Up' is clicked on

2018-12-07 11:03:00 - [MESSAGE][PASSED] - Object: 'Object Repository/Final Object Repo/Page_Update Add New Employee - ASSIST/DatePicker Pop Up' is clicked on

2018-12-07 11:03:00 - [TEST_STEP][PASSED] - click: Object: 'Object Repository/Final Object Repo/Page_Update Add New Employee - ASSIST/DOB Month' is clicked on

2018-12-07 11:03:00 - [MESSAGE][PASSED] - Object: 'Object Repository/Final Object Repo/Page_Update Add New Employee - ASSIST/DOB Month' is clicked on

2018-12-07 11:03:00 - [TEST_STEP][PASSED] - Statement - CurrentMonth = CurrentMonth: null

2018-12-07 11:03:00 - [TEST_STEP][PASSED] - Statement - selectMonth = new com.kms.katalon.core.testobject.TestObject(): null

2018-12-07 11:03:00 - [TEST_STEP][PASSED] - Statement - selectMonth.addProperty("xpath", EQUALS, "//body/div/div/div/select/option[@value='" + CurrentMonth + "']", true): null

2018-12-07 11:03:00 - [TEST_STEP][PASSED] - click: Object: '' is clicked on

2018-12-07 11:03:01 - [MESSAGE][PASSED] - Object: '' is clicked on

2018-12-07 11:03:01 - [TEST_STEP][PASSED] - click: Object: 'Object Repository/Final Object Repo/Page_Update Add New Employee - ASSIST/DOB Year' is clicked on

2018-12-07 11:03:01 - [MESSAGE][PASSED] - Object: 'Object Repository/Final Object Repo/Page_Update Add New Employee - ASSIST/DOB Year' is clicked on

2018-12-07 11:03:01 - [TEST_STEP][PASSED] - Statement - Eyearsbf = EighteenYrsBefore: null

2018-12-07 11:03:01 - [TEST_STEP][PASSED] - Statement - selectYear = new com.kms.katalon.core.testobject.TestObject(): null

2018-12-07 11:03:01 - [TEST_STEP][PASSED] - Statement - selectYear.addProperty("xpath", EQUALS, "//div/div/div/select/option[@value='" + Eyearsbf + "']", true): null

2018-12-07 11:03:01 - [TEST_STEP][PASSED] - click: Object: '' is clicked on

2018-12-07 11:03:01 - [MESSAGE][PASSED] - Object: '' is clicked on

2018-12-07 11:03:01 - [TEST_STEP][PASSED] - Statement - UpdatedSelectDate = com.kms.katalon.core.webui.keyword.WebUiBuiltInKeywords.modifyObjectProperty(com.kms.katalon.core.testobject.ObjectRepository.findTestObject(Final Object Repo/Page_Update Add New Employee - ASSIST/DOB Date), "xpath", "equals", "//body/div/table/tbody/tr/td/a[text()="" + CurrentDate + ""]", true): Modify property of object successfully

2018-12-07 11:03:01 - [MESSAGE][PASSED] - Modify property of object successfully

2018-12-07 11:03:01 - [TEST_STEP][PASSED] - delay: Delayed 3 second(s)

2018-12-07 11:03:04 - [MESSAGE][PASSED] - Delayed 3 second(s)

2018-12-07 11:03:04 - [TEST_STEP][PASSED] - click: Object: 'Object Repository/Final Object Repo/Page_Update Add New Employee - ASSIST/DOB Date' is clicked on

2018-12-07 11:03:04 - [MESSAGE][PASSED] - Object: 'Object Repository/Final Object Repo/Page_Update Add New Employee - ASSIST/DOB Date' is clicked on

2018-12-07 11:03:04 - [TEST_STEP][PASSED] - delay: Delayed 2 second(s)

2018-12-07 11:03:06 - [MESSAGE][PASSED] - Delayed 2 second(s)

2018-12-07 11:03:06 - [TEST_STEP][PASSED] - click: Object: 'Object Repository/Final Object Repo/Page_Update Add New Employee - ASSIST/EmploymentStartDate Pop Up' is clicked on

2018-12-07 11:03:06 - [MESSAGE][PASSED] - Object: 'Object Repository/Final Object Repo/Page_Update Add New Employee - ASSIST/EmploymentStartDate Pop Up' is clicked on

2018-12-07 11:03:06 - [TEST_STEP][PASSED] - delay: Delayed 2 second(s)

2018-12-07 11:03:08 - [MESSAGE][PASSED] - Delayed 2 second(s)

2018-12-07 11:03:08 - [TEST_STEP][PASSED] - click: Object: 'Object Repository/Final Object Repo/Page_Update Add New Employee - ASSIST/Socso Employment StartDate Month' is clicked on

2018-12-07 11:03:08 - [MESSAGE][PASSED] - Object: 'Object Repository/Final Object Repo/Page_Update Add New Employee - ASSIST/Socso Employment StartDate Month' is clicked on

2018-12-07 11:03:08 - [TEST_STEP][PASSED] - delay: Delayed 1 second(s)

2018-12-07 11:03:09 - [MESSAGE][PASSED] - Delayed 1 second(s)

2018-12-07 11:03:09 - [TEST_STEP][PASSED] - click: Object: 'Object Repository/Final Object Repo/Page_Update Add New Employee - ASSIST/Select Socso Employement Startdate Month' is clicked on

2018-12-07 11:03:10 - [MESSAGE][PASSED] - Object: 'Object Repository/Final Object Repo/Page_Update Add New Employee - ASSIST/Select Socso Employement Startdate Month' is clicked on

2018-12-07 11:03:10 - [TEST_STEP][PASSED] - delay: Delayed 2 second(s)

2018-12-07 11:03:12 - [MESSAGE][PASSED] - Delayed 2 second(s)

2018-12-07 11:03:12 - [TEST_STEP][PASSED] - click: Object: 'Object Repository/Final Object Repo/Page_Update Add New Employee - ASSIST/Socso Employment StartDate Year' is clicked on

2018-12-07 11:03:12 - [MESSAGE][PASSED] - Object: 'Object Repository/Final Object Repo/Page_Update Add New Employee - ASSIST/Socso Employment StartDate Year' is clicked on

2018-12-07 11:03:12 - [TEST_STEP][PASSED] - delay: Delayed 1 second(s)

2018-12-07 11:03:13 - [MESSAGE][PASSED] - Delayed 1 second(s)

2018-12-07 11:03:13 - [TEST_STEP][PASSED] - click: Object: 'Object Repository/Final Object Repo/Page_Update Add New Employee - ASSIST/Select Socso Employment Startdate Year' is clicked on

2018-12-07 11:03:13 - [MESSAGE][PASSED] - Object: 'Object Repository/Final Object Repo/Page_Update Add New Employee - ASSIST/Select Socso Employment Startdate Year' is clicked on

2018-12-07 11:03:13 - [TEST_STEP][PASSED] - delay: Delayed 2 second(s)

2018-12-07 11:03:15 - [MESSAGE][PASSED] - Delayed 2 second(s)

2018-12-07 11:03:15 - [TEST_STEP][PASSED] - click: Object: 'Object Repository/Final Object Repo/Page_Update Add New Employee - ASSIST/Socso Employment Start Date Day' is clicked on

2018-12-07 11:03:15 - [MESSAGE][PASSED] - Object: 'Object Repository/Final Object Repo/Page_Update Add New Employee - ASSIST/Socso Employment Start Date Day' is clicked on

2018-12-07 11:03:15 - [TEST_STEP][PASSED] - delay: Delayed 2 second(s)

2018-12-07 11:03:17 - [MESSAGE][PASSED] - Delayed 2 second(s)

2018-12-07 11:03:17 - [TEST_STEP][PASSED] - click: Object: 'Object Repository/Final Object Repo/Page_Update Add New Employee - ASSIST/Save Button for Add Employee' is clicked on

2018-12-07 11:03:17 - [MESSAGE][PASSED] - Object: 'Object Repository/Final Object Repo/Page_Update Add New Employee - ASSIST/Save Button for Add Employee' is clicked on

2018-12-07 11:03:17 - [TEST_STEP][PASSED] - delay: Delayed 6 second(s)

2018-12-07 11:03:23 - [MESSAGE][PASSED] - Delayed 6 second(s)

2018-12-07 11:03:23 - [TEST_STEP][PASSED] - click: Object: 'Object Repository/Final Object Repo/Page_Update Add New Employee - ASSIST/Add Employee Button' is clicked on

2018-12-07 11:03:24 - [MESSAGE][PASSED] - Object: 'Object Repository/Final Object Repo/Page_Update Add New Employee - ASSIST/Add Employee Button' is clicked on

2018-12-07 11:03:24 - [TEST_STEP][PASSED] - delay: Delayed 4 second(s)

2018-12-07 11:03:28 - [MESSAGE][PASSED] - Delayed 4 second(s)

2018-12-07 11:03:28 - [TEST_STEP][PASSED] - setText: Text '620904059600' is set on object 'Object Repository/Final Object Repo/Page_Update Add New Employee - ASSIST/NRIC Input'

2018-12-07 11:03:28 - [MESSAGE][PASSED] - Text '620904059600' is set on object 'Object Repository/Final Object Repo/Page_Update Add New Employee - ASSIST/NRIC Input'

2018-12-07 11:03:28 - [TEST_STEP][PASSED] - click: Object: 'Object Repository/Final Object Repo/Page_Update Add New Employee - ASSIST/button for search for IC' is clicked on

2018-12-07 11:03:28 - [MESSAGE][PASSED] - Object: 'Object Repository/Final Object Repo/Page_Update Add New Employee - ASSIST/button for search for IC' is clicked on

2018-12-07 11:03:28 - [TEST_STEP][PASSED] - delay: Delayed 2 second(s)

2018-12-07 11:03:30 - [MESSAGE][PASSED] - Delayed 2 second(s)

2018-12-07 11:03:30 - [TEST_STEP][PASSED] - setText: Text 'Automate003 eligible 2' is set on object 'Object Repository/Final Object Repo/Page_Update Add New Employee - ASSIST/Employee Name Input'

2018-12-07 11:03:31 - [MESSAGE][PASSED] - Text 'Automate003 eligible 2' is set on object 'Object Repository/Final Object Repo/Page_Update Add New Employee - ASSIST/Employee Name Input'

2018-12-07 11:03:31 - [TEST_STEP][PASSED] - delay: Delayed 2 second(s)

2018-12-07 11:03:33 - [MESSAGE][PASSED] - Delayed 2 second(s)

2018-12-07 11:03:33 - [TEST_STEP][PASSED] - click: Object: 'Object Repository/Final Object Repo/Page_Update Add New Employee - ASSIST/DatePicker Pop Up' is clicked on

2018-12-07 11:03:33 - [MESSAGE][PASSED] - Object: 'Object Repository/Final Object Repo/Page_Update Add New Employee - ASSIST/DatePicker Pop Up' is clicked on

2018-12-07 11:03:33 - [TEST_STEP][PASSED] - delay: Delayed 2 second(s)

2018-12-07 11:03:35 - [MESSAGE][PASSED] - Delayed 2 second(s)

2018-12-07 11:03:35 - [TEST_STEP][PASSED] - click: Object: 'Object Repository/Final Object Repo/Page_Update Add New Employee - ASSIST/DOB Month' is clicked on

2018-12-07 11:03:35 - [MESSAGE][PASSED] - Object: 'Object Repository/Final Object Repo/Page_Update Add New Employee - ASSIST/DOB Month' is clicked on

2018-12-07 11:03:35 - [TEST_STEP][PASSED] - Statement - selectMonth = com.kms.katalon.core.webui.keyword.WebUiBuiltInKeywords.modifyObjectProperty(selectMonth, "xpath", "equals", "//body/div/div/div/select/option[@value="" + CurrentMonth + ""]", true): Modify property of object successfully

2018-12-07 11:03:35 - [MESSAGE][PASSED] - Modify property of object successfully

2018-12-07 11:03:35 - [TEST_STEP][PASSED] - click: Object: '' is clicked on

2018-12-07 11:03:35 - [MESSAGE][PASSED] - Object: '' is clicked on

2018-12-07 11:03:35 - [TEST_STEP][PASSED] - click: Object: 'Object Repository/Final Object Repo/Page_Update Add New Employee - ASSIST/DOB Year' is clicked on

2018-12-07 11:03:36 - [MESSAGE][PASSED] - Object: 'Object Repository/Final Object Repo/Page_Update Add New Employee - ASSIST/DOB Year' is clicked on

2018-12-07 11:03:36 - [TEST_STEP][PASSED] - Statement - selectYear = com.kms.katalon.core.webui.keyword.WebUiBuiltInKeywords.modifyObjectProperty(selectYear, "xpath", "equals", "//div/div/div/select/option[@value="" + FiftysevenYrsBefore + ""]", true): Modify property of object successfully

2018-12-07 11:03:36 - [MESSAGE][PASSED] - Modify property of object successfully

2018-12-07 11:03:36 - [TEST_STEP][PASSED] - click: Object: '' is clicked on

2018-12-07 11:03:36 - [MESSAGE][PASSED] - Object: '' is clicked on

2018-12-07 11:03:36 - [TEST_STEP][PASSED] - Statement - UpdatedSelectDate = com.kms.katalon.core.webui.keyword.WebUiBuiltInKeywords.modifyObjectProperty(com.kms.katalon.core.testobject.ObjectRepository.findTestObject(Final Object Repo/Page_Update Add New Employee - ASSIST/DOB Date), "xpath", "equals", "//body/div/table/tbody/tr/td/a[text()="" + OneDayBefore + ""]", true): Modify property of object successfully

2018-12-07 11:03:36 - [MESSAGE][PASSED] - Modify property of object successfully

2018-12-07 11:03:36 - [TEST_STEP][PASSED] - click: Object: 'Object Repository/Final Object Repo/Page_Update Add New Employee - ASSIST/DOB Date' is clicked on

2018-12-07 11:03:36 - [MESSAGE][PASSED] - Object: 'Object Repository/Final Object Repo/Page_Update Add New Employee - ASSIST/DOB Date' is clicked on

2018-12-07 11:03:36 - [TEST_STEP][PASSED] - delay: Delayed 2 second(s)

2018-12-07 11:03:38 - [MESSAGE][PASSED] - Delayed 2 second(s)

2018-12-07 11:03:38 - [TEST_STEP][PASSED] - click: Object: 'Object Repository/Final Object Repo/Page_Update Add New Employee - ASSIST/EmploymentStartDate Pop Up' is clicked on

2018-12-07 11:03:38 - [MESSAGE][PASSED] - Object: 'Object Repository/Final Object Repo/Page_Update Add New Employee - ASSIST/EmploymentStartDate Pop Up' is clicked on

2018-12-07 11:03:38 - [TEST_STEP][PASSED] - delay: Delayed 2 second(s)

2018-12-07 11:03:40 - [MESSAGE][PASSED] - Delayed 2 second(s)

2018-12-07 11:03:40 - [TEST_STEP][PASSED] - click: Object: 'Object Repository/Final Object Repo/Page_Update Add New Employee - ASSIST/Socso Employment StartDate Month' is clicked on

2018-12-07 11:03:40 - [MESSAGE][PASSED] - Object: 'Object Repository/Final Object Repo/Page_Update Add New Employee - ASSIST/Socso Employment StartDate Month' is clicked on

2018-12-07 11:03:40 - [TEST_STEP][PASSED] - delay: Delayed 1 second(s)

2018-12-07 11:03:41 - [MESSAGE][PASSED] - Delayed 1 second(s)

2018-12-07 11:03:41 - [TEST_STEP][PASSED] - click: Object: 'Object Repository/Final Object Repo/Page_Update Add New Employee - ASSIST/Select Socso Employement Startdate Month' is clicked on

2018-12-07 11:03:41 - [MESSAGE][PASSED] - Object: 'Object Repository/Final Object Repo/Page_Update Add New Employee - ASSIST/Select Socso Employement Startdate Month' is clicked on

2018-12-07 11:03:41 - [TEST_STEP][PASSED] - delay: Delayed 2 second(s)

2018-12-07 11:03:43 - [MESSAGE][PASSED] - Delayed 2 second(s)

2018-12-07 11:03:43 - [TEST_STEP][PASSED] - click: Object: 'Object Repository/Final Object Repo/Page_Update Add New Employee - ASSIST/Socso Employment StartDate Year' is clicked on

2018-12-07 11:03:44 - [MESSAGE][PASSED] - Object: 'Object Repository/Final Object Repo/Page_Update Add New Employee - ASSIST/Socso Employment StartDate Year' is clicked on

2018-12-07 11:03:44 - [TEST_STEP][PASSED] - delay: Delayed 1 second(s)

2018-12-07 11:03:45 - [MESSAGE][PASSED] - Delayed 1 second(s)

2018-12-07 11:03:45 - [TEST_STEP][PASSED] - click: Object: 'Object Repository/Final Object Repo/Page_Update Add New Employee - ASSIST/Select Socso Employment Startdate Year' is clicked on

2018-12-07 11:03:45 - [MESSAGE][PASSED] - Object: 'Object Repository/Final Object Repo/Page_Update Add New Employee - ASSIST/Select Socso Employment Startdate Year' is clicked on

2018-12-07 11:03:45 - [TEST_STEP][PASSED] - delay: Delayed 2 second(s)

2018-12-07 11:03:47 - [MESSAGE][PASSED] - Delayed 2 second(s)

2018-12-07 11:03:47 - [TEST_STEP][PASSED] - click: Object: 'Object Repository/Final Object Repo/Page_Update Add New Employee - ASSIST/Socso Employment Start Date Day' is clicked on

2018-12-07 11:03:47 - [MESSAGE][PASSED] - Object: 'Object Repository/Final Object Repo/Page_Update Add New Employee - ASSIST/Socso Employment Start Date Day' is clicked on

2018-12-07 11:03:47 - [TEST_STEP][PASSED] - delay: Delayed 2 second(s)

2018-12-07 11:03:49 - [MESSAGE][PASSED] - Delayed 2 second(s)

2018-12-07 11:03:49 - [TEST_STEP][PASSED] - click: Object: 'Object Repository/Final Object Repo/Page_Update Add New Employee - ASSIST/Save Button for Add Employee' is clicked on

2018-12-07 11:03:49 - [MESSAGE][PASSED] - Object: 'Object Repository/Final Object Repo/Page_Update Add New Employee - ASSIST/Save Button for Add Employee' is clicked on

2018-12-07 11:03:49 - [TEST_STEP][PASSED] - delay: Delayed 10 second(s)

2018-12-07 11:03:59 - [MESSAGE][PASSED] - Delayed 10 second(s)

2018-12-07 11:03:59 - [TEST_STEP][PASSED] - waitForElementClickable: Object 'Object Repository/Final Object Repo/Page_Update Add New Employee - ASSIST/Add Employee Button' is clickable

2018-12-07 11:03:59 - [MESSAGE][PASSED] - Object 'Object Repository/Final Object Repo/Page_Update Add New Employee - ASSIST/Add Employee Button' is clickable

2018-12-07 11:03:59 - [TEST_STEP][PASSED] - click: Object: 'Object Repository/Final Object Repo/Page_Update Add New Employee - ASSIST/Add Employee Button' is clicked on

2018-12-07 11:04:00 - [MESSAGE][PASSED] - Object: 'Object Repository/Final Object Repo/Page_Update Add New Employee - ASSIST/Add Employee Button' is clicked on

2018-12-07 11:04:00 - [TEST_STEP][PASSED] - delay: Delayed 4 second(s)

2018-12-07 11:04:04 - [MESSAGE][PASSED] - Delayed 4 second(s)

2018-12-07 11:04:04 - [TEST_STEP][PASSED] - setText: Text '000209039100' is set on object 'Object Repository/Final Object Repo/Page_Update Add New Employee - ASSIST/NRIC Input'

2018-12-07 11:04:04 - [MESSAGE][PASSED] - Text '000209039100' is set on object 'Object Repository/Final Object Repo/Page_Update Add New Employee - ASSIST/NRIC Input'

2018-12-07 11:04:04 - [TEST_STEP][PASSED] - click: Object: 'Object Repository/Final Object Repo/Page_Update Add New Employee - ASSIST/button for search for IC' is clicked on

2018-12-07 11:04:04 - [MESSAGE][PASSED] - Object: 'Object Repository/Final Object Repo/Page_Update Add New Employee - ASSIST/button for search for IC' is clicked on

2018-12-07 11:04:04 - [TEST_STEP][PASSED] - delay: Delayed 2 second(s)

2018-12-07 11:04:06 - [MESSAGE][PASSED] - Delayed 2 second(s)

2018-12-07 11:04:06 - [TEST_STEP][PASSED] - setText: Text 'Automate003 not eligible 1' is set on object 'Object Repository/Final Object Repo/Page_Update Add New Employee - ASSIST/Employee Name Input'

2018-12-07 11:04:07 - [MESSAGE][PASSED] - Text 'Automate003 not eligible 1' is set on object 'Object Repository/Final Object Repo/Page_Update Add New Employee - ASSIST/Employee Name Input'

2018-12-07 11:04:07 - [TEST_STEP][PASSED] - delay: Delayed 2 second(s)

2018-12-07 11:04:09 - [MESSAGE][PASSED] - Delayed 2 second(s)

2018-12-07 11:04:09 - [TEST_STEP][PASSED] - click: Object: 'Object Repository/Final Object Repo/Page_Update Add New Employee - ASSIST/DatePicker Pop Up' is clicked on

2018-12-07 11:04:09 - [MESSAGE][PASSED] - Object: 'Object Repository/Final Object Repo/Page_Update Add New Employee - ASSIST/DatePicker Pop Up' is clicked on

2018-12-07 11:04:09 - [TEST_STEP][PASSED] - delay: Delayed 2 second(s)

2018-12-07 11:04:11 - [MESSAGE][PASSED] - Delayed 2 second(s)

2018-12-07 11:04:11 - [TEST_STEP][PASSED] - click: Object: 'Object Repository/Final Object Repo/Page_Update Add New Employee - ASSIST/DOB Month' is clicked on

2018-12-07 11:04:11 - [MESSAGE][PASSED] - Object: 'Object Repository/Final Object Repo/Page_Update Add New Employee - ASSIST/DOB Month' is clicked on

2018-12-07 11:04:11 - [TEST_STEP][PASSED] - Statement - selectMonth = com.kms.katalon.core.webui.keyword.WebUiBuiltInKeywords.modifyObjectProperty(selectMonth, "xpath", "equals", "//body/div/div/div/select/option[@value="" + CurrentMonth + ""]", true): Modify property of object successfully

2018-12-07 11:04:11 - [MESSAGE][PASSED] - Modify property of object successfully

2018-12-07 11:04:11 - [TEST_STEP][PASSED] - click: Object: '' is clicked on

2018-12-07 11:04:11 - [MESSAGE][PASSED] - Object: '' is clicked on

2018-12-07 11:04:11 - [TEST_STEP][PASSED] - click: Object: 'Object Repository/Final Object Repo/Page_Update Add New Employee - ASSIST/DOB Year' is clicked on

2018-12-07 11:04:12 - [MESSAGE][PASSED] - Object: 'Object Repository/Final Object Repo/Page_Update Add New Employee - ASSIST/DOB Year' is clicked on

2018-12-07 11:04:12 - [TEST_STEP][PASSED] - Statement - selectYear = com.kms.katalon.core.webui.keyword.WebUiBuiltInKeywords.modifyObjectProperty(selectYear, "xpath", "equals", "//div/div/div/select/option[@value="" + EighteenYrsBefore + ""]", true): Modify property of object successfully

2018-12-07 11:04:12 - [MESSAGE][PASSED] - Modify property of object successfully

2018-12-07 11:04:12 - [TEST_STEP][PASSED] - click: Object: '' is clicked on

2018-12-07 11:04:12 - [MESSAGE][PASSED] - Object: '' is clicked on

2018-12-07 11:04:12 - [TEST_STEP][PASSED] - Statement - UpdatedSelectDate = com.kms.katalon.core.webui.keyword.WebUiBuiltInKeywords.modifyObjectProperty(com.kms.katalon.core.testobject.ObjectRepository.findTestObject(Final Object Repo/Page_Update Add New Employee - ASSIST/DOB Date), "xpath", "equals", "//body/div/table/tbody/tr/td/a[text()="" + OneDayBefore + ""]", true): Modify property of object successfully

2018-12-07 11:04:12 - [MESSAGE][PASSED] - Modify property of object successfully

2018-12-07 11:04:12 - [TEST_STEP][PASSED] - click: Object: 'Object Repository/Final Object Repo/Page_Update Add New Employee - ASSIST/DOB Date' is clicked on

2018-12-07 11:04:12 - [MESSAGE][PASSED] - Object: 'Object Repository/Final Object Repo/Page_Update Add New Employee - ASSIST/DOB Date' is clicked on

2018-12-07 11:04:12 - [TEST_STEP][PASSED] - delay: Delayed 2 second(s)

2018-12-07 11:04:14 - [MESSAGE][PASSED] - Delayed 2 second(s)

2018-12-07 11:04:14 - [TEST_STEP][PASSED] - click: Object: 'Object Repository/Final Object Repo/Page_Update Add New Employee - ASSIST/EmploymentStartDate Pop Up' is clicked on

2018-12-07 11:04:14 - [MESSAGE][PASSED] - Object: 'Object Repository/Final Object Repo/Page_Update Add New Employee - ASSIST/EmploymentStartDate Pop Up' is clicked on

2018-12-07 11:04:14 - [TEST_STEP][PASSED] - delay: Delayed 2 second(s)

2018-12-07 11:04:16 - [MESSAGE][PASSED] - Delayed 2 second(s)

2018-12-07 11:04:16 - [TEST_STEP][PASSED] - click: Object: 'Object Repository/Final Object Repo/Page_Update Add New Employee - ASSIST/Socso Employment StartDate Month' is clicked on

2018-12-07 11:04:16 - [MESSAGE][PASSED] - Object: 'Object Repository/Final Object Repo/Page_Update Add New Employee - ASSIST/Socso Employment StartDate Month' is clicked on

2018-12-07 11:04:16 - [TEST_STEP][PASSED] - delay: Delayed 1 second(s)

2018-12-07 11:04:17 - [MESSAGE][PASSED] - Delayed 1 second(s)

2018-12-07 11:04:17 - [TEST_STEP][PASSED] - click: Object: 'Object Repository/Final Object Repo/Page_Update Add New Employee - ASSIST/Select Socso Employement Startdate Month' is clicked on

2018-12-07 11:04:17 - [MESSAGE][PASSED] - Object: 'Object Repository/Final Object Repo/Page_Update Add New Employee - ASSIST/Select Socso Employement Startdate Month' is clicked on

2018-12-07 11:04:17 - [TEST_STEP][PASSED] - delay: Delayed 2 second(s)

2018-12-07 11:04:19 - [MESSAGE][PASSED] - Delayed 2 second(s)

2018-12-07 11:04:19 - [TEST_STEP][PASSED] - click: Object: 'Object Repository/Final Object Repo/Page_Update Add New Employee - ASSIST/Socso Employment StartDate Year' is clicked on

2018-12-07 11:04:20 - [MESSAGE][PASSED] - Object: 'Object Repository/Final Object Repo/Page_Update Add New Employee - ASSIST/Socso Employment StartDate Year' is clicked on

2018-12-07 11:04:20 - [TEST_STEP][PASSED] - delay: Delayed 1 second(s)

2018-12-07 11:04:21 - [MESSAGE][PASSED] - Delayed 1 second(s)

2018-12-07 11:04:21 - [TEST_STEP][PASSED] - click: Object: 'Object Repository/Final Object Repo/Page_Update Add New Employee - ASSIST/Select Socso Employment Startdate Year' is clicked on

2018-12-07 11:04:21 - [MESSAGE][PASSED] - Object: 'Object Repository/Final Object Repo/Page_Update Add New Employee - ASSIST/Select Socso Employment Startdate Year' is clicked on

2018-12-07 11:04:21 - [TEST_STEP][PASSED] - delay: Delayed 2 second(s)

2018-12-07 11:04:23 - [MESSAGE][PASSED] - Delayed 2 second(s)

2018-12-07 11:04:23 - [TEST_STEP][PASSED] - click: Object: 'Object Repository/Final Object Repo/Page_Update Add New Employee - ASSIST/Socso Employment Start Date Day' is clicked on

2018-12-07 11:04:23 - [MESSAGE][PASSED] - Object: 'Object Repository/Final Object Repo/Page_Update Add New Employee - ASSIST/Socso Employment Start Date Day' is clicked on

2018-12-07 11:04:23 - [TEST_STEP][PASSED] - delay: Delayed 2 second(s)

2018-12-07 11:04:25 - [MESSAGE][PASSED] - Delayed 2 second(s)

2018-12-07 11:04:25 - [TEST_STEP][PASSED] - click: Object: 'Object Repository/Final Object Repo/Page_Update Add New Employee - ASSIST/Save Button for Add Employee' is clicked on

2018-12-07 11:04:25 - [MESSAGE][PASSED] - Object: 'Object Repository/Final Object Repo/Page_Update Add New Employee - ASSIST/Save Button for Add Employee' is clicked on

2018-12-07 11:04:25 - [TEST_STEP][PASSED] - delay: Delayed 20 second(s)

2018-12-07 11:04:45 - [MESSAGE][PASSED] - Delayed 20 second(s)

2018-12-07 11:04:45 - [TEST_STEP][PASSED] - click: Object: 'Object Repository/Final Object Repo/Page_Update Add New Employee - ASSIST/Add Employee Button' is clicked on

2018-12-07 11:04:45 - [MESSAGE][PASSED] - Object: 'Object Repository/Final Object Repo/Page_Update Add New Employee - ASSIST/Add Employee Button' is clicked on

2018-12-07 11:04:45 - [TEST_STEP][PASSED] - delay: Delayed 4 second(s)

2018-12-07 11:04:50 - [MESSAGE][PASSED] - Delayed 4 second(s)

2018-12-07 11:04:50 - [TEST_STEP][PASSED] - setText: Text '600203039104' is set on object 'Object Repository/Final Object Repo/Page_Update Add New Employee - ASSIST/NRIC Input'

2018-12-07 11:04:50 - [MESSAGE][PASSED] - Text '600203039104' is set on object 'Object Repository/Final Object Repo/Page_Update Add New Employee - ASSIST/NRIC Input'

2018-12-07 11:04:50 - [TEST_STEP][PASSED] - click: Object: 'Object Repository/Final Object Repo/Page_Update Add New Employee - ASSIST/button for search for IC' is clicked on

2018-12-07 11:04:50 - [MESSAGE][PASSED] - Object: 'Object Repository/Final Object Repo/Page_Update Add New Employee - ASSIST/button for search for IC' is clicked on

2018-12-07 11:04:50 - [TEST_STEP][PASSED] - delay: Delayed 2 second(s)

2018-12-07 11:04:52 - [MESSAGE][PASSED] - Delayed 2 second(s)

2018-12-07 11:04:52 - [TEST_STEP][PASSED] - setText: Text 'Automate003 not eligible 2' is set on object 'Object Repository/Final Object Repo/Page_Update Add New Employee - ASSIST/Employee Name Input'

2018-12-07 11:04:53 - [MESSAGE][PASSED] - Text 'Automate003 not eligible 2' is set on object 'Object Repository/Final Object Repo/Page_Update Add New Employee - ASSIST/Employee Name Input'

2018-12-07 11:04:53 - [TEST_STEP][PASSED] - delay: Delayed 2 second(s)

2018-12-07 11:04:55 - [MESSAGE][PASSED] - Delayed 2 second(s)

2018-12-07 11:04:55 - [TEST_STEP][PASSED] - click: Object: 'Object Repository/Final Object Repo/Page_Update Add New Employee - ASSIST/DatePicker Pop Up' is clicked on

2018-12-07 11:04:55 - [MESSAGE][PASSED] - Object: 'Object Repository/Final Object Repo/Page_Update Add New Employee - ASSIST/DatePicker Pop Up' is clicked on

2018-12-07 11:04:55 - [TEST_STEP][PASSED] - delay: Delayed 2 second(s)

2018-12-07 11:04:57 - [MESSAGE][PASSED] - Delayed 2 second(s)

2018-12-07 11:04:57 - [TEST_STEP][PASSED] - click: Object: 'Object Repository/Final Object Repo/Page_Update Add New Employee - ASSIST/DOB Month' is clicked on

2018-12-07 11:04:57 - [MESSAGE][PASSED] - Object: 'Object Repository/Final Object Repo/Page_Update Add New Employee - ASSIST/DOB Month' is clicked on

2018-12-07 11:04:57 - [TEST_STEP][PASSED] - Statement - selectMonth = com.kms.katalon.core.webui.keyword.WebUiBuiltInKeywords.modifyObjectProperty(selectMonth, "xpath", "equals", "//body/div/div/div/select/option[@value="" + CurrentMonth + ""]", true): Modify property of object successfully

2018-12-07 11:04:57 - [MESSAGE][PASSED] - Modify property of object successfully

2018-12-07 11:04:57 - [TEST_STEP][PASSED] - click: Object: '' is clicked on

2018-12-07 11:04:57 - [MESSAGE][PASSED] - Object: '' is clicked on

2018-12-07 11:04:57 - [TEST_STEP][PASSED] - click: Object: 'Object Repository/Final Object Repo/Page_Update Add New Employee - ASSIST/DOB Year' is clicked on

2018-12-07 11:04:58 - [MESSAGE][PASSED] - Object: 'Object Repository/Final Object Repo/Page_Update Add New Employee - ASSIST/DOB Year' is clicked on

2018-12-07 11:04:58 - [TEST_STEP][PASSED] - Statement - selectYear = com.kms.katalon.core.webui.keyword.WebUiBuiltInKeywords.modifyObjectProperty(selectYear, "xpath", "equals", "//div/div/div/select/option[@value="" + FiftysevenYrsBefore + ""]", true): Modify property of object successfully

2018-12-07 11:04:58 - [MESSAGE][PASSED] - Modify property of object successfully

2018-12-07 11:04:58 - [TEST_STEP][PASSED] - click: Object: '' is clicked on

2018-12-07 11:04:58 - [MESSAGE][PASSED] - Object: '' is clicked on

2018-12-07 11:04:58 - [TEST_STEP][PASSED] - Statement - UpdatedSelectDate = com.kms.katalon.core.webui.keyword.WebUiBuiltInKeywords.modifyObjectProperty(com.kms.katalon.core.testobject.ObjectRepository.findTestObject(Final Object Repo/Page_Update Add New Employee - ASSIST/DOB Date), "xpath", "equals", "//body/div/table/tbody/tr/td/a[text()="" + CurrentDate + ""]", true): Modify property of object successfully

2018-12-07 11:04:58 - [MESSAGE][PASSED] - Modify property of object successfully

2018-12-07 11:04:58 - [TEST_STEP][PASSED] - click: Object: 'Object Repository/Final Object Repo/Page_Update Add New Employee - ASSIST/DOB Date' is clicked on

2018-12-07 11:04:58 - [MESSAGE][PASSED] - Object: 'Object Repository/Final Object Repo/Page_Update Add New Employee - ASSIST/DOB Date' is clicked on

2018-12-07 11:04:58 - [TEST_STEP][PASSED] - click: Object: 'Object Repository/Final Object Repo/Page_Update Add New Employee - ASSIST/EmploymentStartDate Pop Up' is clicked on

2018-12-07 11:04:58 - [MESSAGE][PASSED] - Object: 'Object Repository/Final Object Repo/Page_Update Add New Employee - ASSIST/EmploymentStartDate Pop Up' is clicked on

2018-12-07 11:04:58 - [TEST_STEP][PASSED] - delay: Delayed 2 second(s)

2018-12-07 11:05:00 - [MESSAGE][PASSED] - Delayed 2 second(s)

2018-12-07 11:05:00 - [TEST_STEP][PASSED] - click: Object: 'Object Repository/Final Object Repo/Page_Update Add New Employee - ASSIST/Socso Employment StartDate Month' is clicked on

2018-12-07 11:05:00 - [MESSAGE][PASSED] - Object: 'Object Repository/Final Object Repo/Page_Update Add New Employee - ASSIST/Socso Employment StartDate Month' is clicked on

2018-12-07 11:05:00 - [TEST_STEP][PASSED] - delay: Delayed 1 second(s)

2018-12-07 11:05:01 - [MESSAGE][PASSED] - Delayed 1 second(s)

2018-12-07 11:05:01 - [TEST_STEP][PASSED] - click: Object: 'Object Repository/Final Object Repo/Page_Update Add New Employee - ASSIST/Select Socso Employement Startdate Month' is clicked on

2018-12-07 11:05:01 - [MESSAGE][PASSED] - Object: 'Object Repository/Final Object Repo/Page_Update Add New Employee - ASSIST/Select Socso Employement Startdate Month' is clicked on

2018-12-07 11:05:01 - [TEST_STEP][PASSED] - delay: Delayed 2 second(s)

2018-12-07 11:05:03 - [MESSAGE][PASSED] - Delayed 2 second(s)

2018-12-07 11:05:03 - [TEST_STEP][PASSED] - click: Object: 'Object Repository/Final Object Repo/Page_Update Add New Employee - ASSIST/Socso Employment StartDate Year' is clicked on

2018-12-07 11:05:04 - [MESSAGE][PASSED] - Object: 'Object Repository/Final Object Repo/Page_Update Add New Employee - ASSIST/Socso Employment StartDate Year' is clicked on

2018-12-07 11:05:04 - [TEST_STEP][PASSED] - delay: Delayed 1 second(s)

2018-12-07 11:05:05 - [MESSAGE][PASSED] - Delayed 1 second(s)

2018-12-07 11:05:05 - [TEST_STEP][PASSED] - click: Object: 'Object Repository/Final Object Repo/Page_Update Add New Employee - ASSIST/Select Socso Employment Startdate Year' is clicked on

2018-12-07 11:05:05 - [MESSAGE][PASSED] - Object: 'Object Repository/Final Object Repo/Page_Update Add New Employee - ASSIST/Select Socso Employment Startdate Year' is clicked on

2018-12-07 11:05:05 - [TEST_STEP][PASSED] - delay: Delayed 2 second(s)

2018-12-07 11:05:07 - [MESSAGE][PASSED] - Delayed 2 second(s)

2018-12-07 11:05:07 - [TEST_STEP][PASSED] - click: Object: 'Object Repository/Final Object Repo/Page_Update Add New Employee - ASSIST/Socso Employment Start Date Day' is clicked on

2018-12-07 11:05:07 - [MESSAGE][PASSED] - Object: 'Object Repository/Final Object Repo/Page_Update Add New Employee - ASSIST/Socso Employment Start Date Day' is clicked on

2018-12-07 11:05:07 - [TEST_STEP][PASSED] - delay: Delayed 2 second(s)

2018-12-07 11:05:09 - [MESSAGE][PASSED] - Delayed 2 second(s)

2018-12-07 11:05:09 - [TEST_STEP][PASSED] - click: Object: 'Object Repository/Final Object Repo/Page_Update Add New Employee - ASSIST/Save Button for Add Employee' is clicked on

2018-12-07 11:05:09 - [MESSAGE][PASSED] - Object: 'Object Repository/Final Object Repo/Page_Update Add New Employee - ASSIST/Save Button for Add Employee' is clicked on

2018-12-07 11:05:09 - [MESSAGE][PASSED] - Call Test Case 'Test Cases/Final Aug 2018 - PKS Automation/Registration Module/Workflow/Update Add New Employee/Template/Employee Adding/Employee Adding Action Repeat IC - set 1' successfully

2018-12-07 11:05:09 - [MESSAGE][PASSED] - Call Test Case 'Test Cases/Final Aug 2018 - PKS Automation/Registration Module/Workflow/Update Add New Employee/Template/Employee Adding/Employee Set Decider' successfully

2018-12-07 11:05:09 - [TEST_STEP][PASSED] - delay: Delayed 4 second(s)

2018-12-07 11:05:13 - [MESSAGE][PASSED] - Delayed 4 second(s)

2018-12-07 11:05:13 - [TEST_STEP][PASSED] - Statement - CaseReferenceNo = com.kms.katalon.core.webui.keyword.WebUiBuiltInKeywords.getText(com.kms.katalon.core.testobject.ObjectRepository.findTestObject(Final Object Repo/Page_Update Add New Employee - ASSIST/RefNo)): Text of object 'Object Repository/Final Object Repo/Page_Update Add New Employee - ASSIST/RefNo' is: 'CAN12201800002285'

2018-12-07 11:05:13 - [MESSAGE][PASSED] - Text of object 'Object Repository/Final Object Repo/Page_Update Add New Employee - ASSIST/RefNo' is: 'CAN12201800002285'

2018-12-07 11:05:13 - [TEST_STEP][PASSED] - callTestCase: Call Test Case 'Test Cases/Final Aug 2018 - PKS Automation/Common/Reference Number Setter' successfully

2018-12-07 11:05:13 - [TEST_CASE][PASSED] - Test Cases/Final Aug 2018 - PKS Automation/Common/Reference Number Setter: Test Cases/Final Aug 2018 - PKS Automation/Common/Reference Number Setter

2018-12-07 11:05:13 - [TEST_STEP][PASSED] - Statement - RefNoOldFile = new java.io.File(C://Users//Admin//Desktop//PKS//Automation Reference Point//KatalonReference.txt): null

2018-12-07 11:05:13 - [TEST_STEP][PASSED] - Statement - RefNoOldFile.delete(): null

2018-12-07 11:05:13 - [TEST_STEP][PASSED] - delay: Delayed 5 second(s)

2018-12-07 11:05:18 - [MESSAGE][PASSED] - Delayed 5 second(s)

2018-12-07 11:05:18 - [TEST_STEP][PASSED] - Statement - RefNo = new java.io.File(C://Users//Admin//Desktop//PKS//Automation Reference Point//KatalonReference.txt): null

2018-12-07 11:05:18 - [TEST_STEP][PASSED] - Statement - f2 = new java.io.FileWriter(RefNo, false): null

2018-12-07 11:05:18 - [TEST_STEP][PASSED] - Statement - f2.write(CaseReferenceNo): null

2018-12-07 11:05:18 - [TEST_STEP][PASSED] - Statement - f2.close(): null

2018-12-07 11:05:18 - [TEST_STEP][PASSED] - Statement - out.println("


" + CaseReferenceNo + "


"): null

2018-12-07 11:05:18 - [MESSAGE][PASSED] - Call Test Case 'Test Cases/Final Aug 2018 - PKS Automation/Common/Reference Number Setter' successfully

2018-12-07 11:05:18 - [TEST_STEP][PASSED] - delay: Delayed 5 second(s)

2018-12-07 11:05:23 - [MESSAGE][PASSED] - Delayed 5 second(s)

2018-12-07 11:05:23 - [TEST_STEP][PASSED] - click: Object: 'Object Repository/Final Object Repo/Page_Update Add New Employee - ASSIST/Incomplete Checkbox' is clicked on

2018-12-07 11:05:23 - [MESSAGE][PASSED] - Object: 'Object Repository/Final Object Repo/Page_Update Add New Employee - ASSIST/Incomplete Checkbox' is clicked on

2018-12-07 11:05:23 - [TEST_STEP][PASSED] - delay: Delayed 5 second(s)

2018-12-07 11:05:28 - [MESSAGE][PASSED] - Delayed 5 second(s)

2018-12-07 11:05:28 - [TEST_STEP][PASSED] - click: Object: 'Object Repository/Final Object Repo/Page_Update Add New Employee - ASSIST/Save  Continue Button' is clicked on

2018-12-07 11:05:29 - [MESSAGE][PASSED] - Object: 'Object Repository/Final Object Repo/Page_Update Add New Employee - ASSIST/Save  Continue Button' is clicked on

2018-12-07 11:05:29 - [TEST_STEP][PASSED] - delay: Delayed 6 second(s)

2018-12-07 11:05:35 - [MESSAGE][PASSED] - Delayed 6 second(s)

2018-12-07 11:05:35 - [TEST_STEP][PASSED] - click: Object: 'Object Repository/Final Object Repo/Page_Update Add New Employee - ASSIST/Save  Continue Third Screen' is clicked on

2018-12-07 11:05:38 - [MESSAGE][PASSED] - Object: 'Object Repository/Final Object Repo/Page_Update Add New Employee - ASSIST/Save  Continue Third Screen' is clicked on

2018-12-07 11:05:38 - [TEST_STEP][PASSED] - delay: Delayed 4 second(s)

2018-12-07 11:05:42 - [MESSAGE][PASSED] - Delayed 4 second(s)

2018-12-07 11:05:42 - [TEST_STEP][PASSED] - click: Object: 'Object Repository/Final Object Repo/Page_Update Add New Employee - ASSIST/Save   Continue Supporting Doc Page' is clicked on

2018-12-07 11:05:42 - [MESSAGE][PASSED] - Object: 'Object Repository/Final Object Repo/Page_Update Add New Employee - ASSIST/Save   Continue Supporting Doc Page' is clicked on

2018-12-07 11:05:42 - [TEST_STEP][PASSED] - delay: Delayed 4 second(s)

2018-12-07 11:05:46 - [MESSAGE][PASSED] - Delayed 4 second(s)

2018-12-07 11:05:46 - [TEST_STEP][PASSED] - click: Object: 'Object Repository/Final Object Repo/Page_Update Add New Employee - ASSIST/Submit Button' is clicked on

2018-12-07 11:05:46 - [MESSAGE][PASSED] - Object: 'Object Repository/Final Object Repo/Page_Update Add New Employee - ASSIST/Submit Button' is clicked on

2018-12-07 11:05:46 - [TEST_STEP][PASSED] - delay: Delayed 4 second(s)

2018-12-07 11:05:50 - [MESSAGE][PASSED] - Delayed 4 second(s)

2018-12-07 11:05:50 - [TEST_STEP][PASSED] - click: Object: 'Object Repository/Final Object Repo/Page_Update Add New Employee - ASSIST/Confirm Submit Button' is clicked on

2018-12-07 11:05:51 - [MESSAGE][PASSED] - Object: 'Object Repository/Final Object Repo/Page_Update Add New Employee - ASSIST/Confirm Submit Button' is clicked on

2018-12-07 11:05:51 - [TEST_STEP][PASSED] - delay: Delayed 30 second(s)

2018-12-07 11:06:21 - [MESSAGE][PASSED] - Delayed 30 second(s)

2018-12-07 11:06:21 - [TEST_STEP][PASSED] - callTestCase: Call Test Case 'Test Cases/Final Aug 2018 - PKS Automation/Common/Screenshoting tool' successfully

2018-12-07 11:06:21 - [TEST_CASE][PASSED] - Test Cases/Final Aug 2018 - PKS Automation/Common/Screenshoting tool: Test Cases/Final Aug 2018 - PKS Automation/Common/Screenshoting tool

2018-12-07 11:06:21 - [TEST_STEP][PASSED] - delay: Delayed 15 second(s)

2018-12-07 11:06:36 - [MESSAGE][PASSED] - Delayed 15 second(s)

2018-12-07 11:06:36 - [TEST_STEP][PASSED] - Statement - driver = com.kms.katalon.core.webui.driver.DriverFactory.getWebDriver(): null

2018-12-07 11:06:36 - [TEST_STEP][PASSED] - Statement - driver.manage().timeouts().implicitlyWait(10, SECONDS): null

2018-12-07 11:06:36 - [TEST_STEP][PASSED] - Statement - PresavePath = KatalonScreenshots: null

2018-12-07 11:06:36 - [TEST_STEP][PASSED] - Statement - pathPrefix = "C:\Users\Public\Pictures\Sample Pictures\Katalon Screenshots\Automate Ending Screen": null

2018-12-07 11:06:36 - [TEST_STEP][PASSED] - Statement - finalPath = <not implemented yet for class: org.codehaus.groovy.ast.expr.EmptyExpression>: null

2018-12-07 11:06:36 - [TEST_STEP][PASSED] - Statement - scrFile = driver.getScreenshotAs(FILE): null

2018-12-07 11:06:36 - [TEST_STEP][PASSED] - Statement - PreSaveFile = new java.io.File(PresavePath): null

2018-12-07 11:06:36 - [TEST_STEP][PASSED] - Statement - counter = 0: null

2018-12-07 11:06:36 - [TEST_STEP][PASSED] - Statement - If (PreSaveFile.exists()): null

2018-12-07 11:06:36 - [TEST_STEP][PASSED] - Statement - While (PreSaveFile.exists()): null

2018-12-07 11:06:36 - [TEST_STEP][PASSED] - Statement - counter = counter + 1: null

2018-12-07 11:06:36 - [TEST_STEP][PASSED] - Statement - PreSaveFile = new java.io.File(((pathPrefix + java.lang.Integer.toString(counter)) + .png)): null

2018-12-07 11:06:36 - [TEST_STEP][PASSED] - Statement - counter = counter + 1: null

2018-12-07 11:06:36 - [TEST_STEP][PASSED] - Statement - PreSaveFile = new java.io.File(((pathPrefix + java.lang.Integer.toString(counter)) + .png)): null

2018-12-07 11:06:36 - [TEST_STEP][PASSED] - Statement - counter = counter + 1: null

2018-12-07 11:06:36 - [TEST_STEP][PASSED] - Statement - PreSaveFile = new java.io.File(((pathPrefix + java.lang.Integer.toString(counter)) + .png)): null

2018-12-07 11:06:36 - [TEST_STEP][PASSED] - Statement - counter = counter + 1: null

2018-12-07 11:06:36 - [TEST_STEP][PASSED] - Statement - PreSaveFile = new java.io.File(((pathPrefix + java.lang.Integer.toString(counter)) + .png)): null

2018-12-07 11:06:36 - [TEST_STEP][PASSED] - Statement - counter = counter + 1: null

2018-12-07 11:06:36 - [TEST_STEP][PASSED] - Statement - PreSaveFile = new java.io.File(((pathPrefix + java.lang.Integer.toString(counter)) + .png)): null

2018-12-07 11:06:36 - [TEST_STEP][PASSED] - Statement - counter = counter + 1: null

2018-12-07 11:06:36 - [TEST_STEP][PASSED] - Statement - PreSaveFile = new java.io.File(((pathPrefix + java.lang.Integer.toString(counter)) + .png)): null

2018-12-07 11:06:36 - [TEST_STEP][PASSED] - Statement - counter = counter + 1: null

2018-12-07 11:06:36 - [TEST_STEP][PASSED] - Statement - PreSaveFile = new java.io.File(((pathPrefix + java.lang.Integer.toString(counter)) + .png)): null

2018-12-07 11:06:36 - [TEST_STEP][PASSED] - Statement - counter = counter + 1: null

2018-12-07 11:06:36 - [TEST_STEP][PASSED] - Statement - PreSaveFile = new java.io.File(((pathPrefix + java.lang.Integer.toString(counter)) + .png)): null

2018-12-07 11:06:36 - [TEST_STEP][PASSED] - Statement - counter = counter + 1: null

2018-12-07 11:06:36 - [TEST_STEP][PASSED] - Statement - PreSaveFile = new java.io.File(((pathPrefix + java.lang.Integer.toString(counter)) + .png)): null

2018-12-07 11:06:36 - [TEST_STEP][PASSED] - Statement - counter = counter + 1: null

2018-12-07 11:06:36 - [TEST_STEP][PASSED] - Statement - PreSaveFile = new java.io.File(((pathPrefix + java.lang.Integer.toString(counter)) + .png)): null

2018-12-07 11:06:36 - [TEST_STEP][PASSED] - Statement - counter = counter + 1: null

2018-12-07 11:06:36 - [TEST_STEP][PASSED] - Statement - PreSaveFile = new java.io.File(((pathPrefix + java.lang.Integer.toString(counter)) + .png)): null

2018-12-07 11:06:36 - [TEST_STEP][PASSED] - Statement - counter = counter + 1: null

2018-12-07 11:06:36 - [TEST_STEP][PASSED] - Statement - PreSaveFile = new java.io.File(((pathPrefix + java.lang.Integer.toString(counter)) + .png)): null

2018-12-07 11:06:36 - [TEST_STEP][PASSED] - Statement - counter = counter + 1: null

2018-12-07 11:06:36 - [TEST_STEP][PASSED] - Statement - PreSaveFile = new java.io.File(((pathPrefix + java.lang.Integer.toString(counter)) + .png)): null

2018-12-07 11:06:36 - [TEST_STEP][PASSED] - Statement - counter = counter + 1: null

2018-12-07 11:06:36 - [TEST_STEP][PASSED] - Statement - PreSaveFile = new java.io.File(((pathPrefix + java.lang.Integer.toString(counter)) + .png)): null

2018-12-07 11:06:36 - [TEST_STEP][PASSED] - Statement - counter = counter + 1: null

2018-12-07 11:06:36 - [TEST_STEP][PASSED] - Statement - PreSaveFile = new java.io.File(((pathPrefix + java.lang.Integer.toString(counter)) + .png)): null

2018-12-07 11:06:36 - [TEST_STEP][PASSED] - Statement - counter = counter + 1: null

2018-12-07 11:06:36 - [TEST_STEP][PASSED] - Statement - PreSaveFile = new java.io.File(((pathPrefix + java.lang.Integer.toString(counter)) + .png)): null

2018-12-07 11:06:36 - [TEST_STEP][PASSED] - Statement - counter = counter + 1: null

2018-12-07 11:06:36 - [TEST_STEP][PASSED] - Statement - PreSaveFile = new java.io.File(((pathPrefix + java.lang.Integer.toString(counter)) + .png)): null

2018-12-07 11:06:36 - [TEST_STEP][PASSED] - Statement - counter = counter + 1: null

2018-12-07 11:06:36 - [TEST_STEP][PASSED] - Statement - PreSaveFile = new java.io.File(((pathPrefix + java.lang.Integer.toString(counter)) + .png)): null

2018-12-07 11:06:36 - [TEST_STEP][PASSED] - Statement - counter = counter + 1: null

2018-12-07 11:06:37 - [TEST_STEP][PASSED] - Statement - PreSaveFile = new java.io.File(((pathPrefix + java.lang.Integer.toString(counter)) + .png)): null

2018-12-07 11:06:37 - [TEST_STEP][PASSED] - Statement - counter = counter + 1: null

2018-12-07 11:06:37 - [TEST_STEP][PASSED] - Statement - PreSaveFile = new java.io.File(((pathPrefix + java.lang.Integer.toString(counter)) + .png)): null

2018-12-07 11:06:37 - [TEST_STEP][PASSED] - Statement - counter = counter + 1: null

2018-12-07 11:06:37 - [TEST_STEP][PASSED] - Statement - PreSaveFile = new java.io.File(((pathPrefix + java.lang.Integer.toString(counter)) + .png)): null

2018-12-07 11:06:37 - [TEST_STEP][PASSED] - Statement - counter = counter + 1: null

2018-12-07 11:06:37 - [TEST_STEP][PASSED] - Statement - PreSaveFile = new java.io.File(((pathPrefix + java.lang.Integer.toString(counter)) + .png)): null

2018-12-07 11:06:37 - [TEST_STEP][PASSED] - Statement - counter = counter + 1: null

2018-12-07 11:06:37 - [TEST_STEP][PASSED] - Statement - PreSaveFile = new java.io.File(((pathPrefix + java.lang.Integer.toString(counter)) + .png)): null

2018-12-07 11:06:37 - [TEST_STEP][PASSED] - Statement - counter = counter + 1: null

2018-12-07 11:06:37 - [TEST_STEP][PASSED] - Statement - PreSaveFile = new java.io.File(((pathPrefix + java.lang.Integer.toString(counter)) + .png)): null

2018-12-07 11:06:37 - [TEST_STEP][PASSED] - Statement - counter = counter + 1: null

2018-12-07 11:06:37 - [TEST_STEP][PASSED] - Statement - PreSaveFile = new java.io.File(((pathPrefix + java.lang.Integer.toString(counter)) + .png)): null

2018-12-07 11:06:37 - [TEST_STEP][PASSED] - Statement - counter = counter + 1: null

2018-12-07 11:06:37 - [TEST_STEP][PASSED] - Statement - PreSaveFile = new java.io.File(((pathPrefix + java.lang.Integer.toString(counter)) + .png)): null

2018-12-07 11:06:37 - [TEST_STEP][PASSED] - Statement - counter = counter + 1: null

2018-12-07 11:06:37 - [TEST_STEP][PASSED] - Statement - PreSaveFile = new java.io.File(((pathPrefix + java.lang.Integer.toString(counter)) + .png)): null

2018-12-07 11:06:37 - [TEST_STEP][PASSED] - Statement - counter = counter + 1: null

2018-12-07 11:06:37 - [TEST_STEP][PASSED] - Statement - PreSaveFile = new java.io.File(((pathPrefix + java.lang.Integer.toString(counter)) + .png)): null

2018-12-07 11:06:37 - [TEST_STEP][PASSED] - Statement - counter = counter + 1: null

2018-12-07 11:06:37 - [TEST_STEP][PASSED] - Statement - PreSaveFile = new java.io.File(((pathPrefix + java.lang.Integer.toString(counter)) + .png)): null

2018-12-07 11:06:37 - [TEST_STEP][PASSED] - Statement - counter = counter + 1: null

2018-12-07 11:06:37 - [TEST_STEP][PASSED] - Statement - PreSaveFile = new java.io.File(((pathPrefix + java.lang.Integer.toString(counter)) + .png)): null

2018-12-07 11:06:37 - [TEST_STEP][PASSED] - Statement - counter = counter + 1: null

2018-12-07 11:06:37 - [TEST_STEP][PASSED] - Statement - PreSaveFile = new java.io.File(((pathPrefix + java.lang.Integer.toString(counter)) + .png)): null

2018-12-07 11:06:37 - [TEST_STEP][PASSED] - Statement - counter = counter + 1: null

2018-12-07 11:06:37 - [TEST_STEP][PASSED] - Statement - PreSaveFile = new java.io.File(((pathPrefix + java.lang.Integer.toString(counter)) + .png)): null

2018-12-07 11:06:38 - [TEST_STEP][PASSED] - Statement - counter = counter + 1: null

2018-12-07 11:06:38 - [TEST_STEP][PASSED] - Statement - PreSaveFile = new java.io.File(((pathPrefix + java.lang.Integer.toString(counter)) + .png)): null

2018-12-07 11:06:38 - [TEST_STEP][PASSED] - Statement - counter = counter + 1: null

2018-12-07 11:06:38 - [TEST_STEP][PASSED] - Statement - PreSaveFile = new java.io.File(((pathPrefix + java.lang.Integer.toString(counter)) + .png)): null

2018-12-07 11:06:38 - [TEST_STEP][PASSED] - Statement - counter = counter + 1: null

2018-12-07 11:06:38 - [TEST_STEP][PASSED] - Statement - PreSaveFile = new java.io.File(((pathPrefix + java.lang.Integer.toString(counter)) + .png)): null

2018-12-07 11:06:38 - [TEST_STEP][PASSED] - Statement - counter = counter + 1: null

2018-12-07 11:06:38 - [TEST_STEP][PASSED] - Statement - PreSaveFile = new java.io.File(((pathPrefix + java.lang.Integer.toString(counter)) + .png)): null

2018-12-07 11:06:38 - [TEST_STEP][PASSED] - Statement - counter = counter + 1: null

2018-12-07 11:06:38 - [TEST_STEP][PASSED] - Statement - PreSaveFile = new java.io.File(((pathPrefix + java.lang.Integer.toString(counter)) + .png)): null

2018-12-07 11:06:38 - [TEST_STEP][PASSED] - Statement - counter = counter + 1: null

2018-12-07 11:06:38 - [TEST_STEP][PASSED] - Statement - PreSaveFile = new java.io.File(((pathPrefix + java.lang.Integer.toString(counter)) + .png)): null

2018-12-07 11:06:38 - [TEST_STEP][PASSED] - Statement - counter = counter + 1: null

2018-12-07 11:06:38 - [TEST_STEP][PASSED] - Statement - PreSaveFile = new java.io.File(((pathPrefix + java.lang.Integer.toString(counter)) + .png)): null

2018-12-07 11:06:38 - [TEST_STEP][PASSED] - Statement - counter = counter + 1: null

2018-12-07 11:06:38 - [TEST_STEP][PASSED] - Statement - PreSaveFile = new java.io.File(((pathPrefix + java.lang.Integer.toString(counter)) + .png)): null

2018-12-07 11:06:38 - [TEST_STEP][PASSED] - Statement - counter = counter + 1: null

2018-12-07 11:06:38 - [TEST_STEP][PASSED] - Statement - PreSaveFile = new java.io.File(((pathPrefix + java.lang.Integer.toString(counter)) + .png)): null

2018-12-07 11:06:38 - [TEST_STEP][PASSED] - Statement - counter = counter + 1: null

2018-12-07 11:06:38 - [TEST_STEP][PASSED] - Statement - PreSaveFile = new java.io.File(((pathPrefix + java.lang.Integer.toString(counter)) + .png)): null

2018-12-07 11:06:38 - [TEST_STEP][PASSED] - Statement - counter = counter + 1: null

2018-12-07 11:06:38 - [TEST_STEP][PASSED] - Statement - PreSaveFile = new java.io.File(((pathPrefix + java.lang.Integer.toString(counter)) + .png)): null

2018-12-07 11:06:38 - [TEST_STEP][PASSED] - Statement - counter = counter + 1: null

2018-12-07 11:06:38 - [TEST_STEP][PASSED] - Statement - PreSaveFile = new java.io.File(((pathPrefix + java.lang.Integer.toString(counter)) + .png)): null

2018-12-07 11:06:38 - [TEST_STEP][PASSED] - Statement - counter = counter + 1: null

2018-12-07 11:06:38 - [TEST_STEP][PASSED] - Statement - PreSaveFile = new java.io.File(((pathPrefix + java.lang.Integer.toString(counter)) + .png)): null

2018-12-07 11:06:38 - [TEST_STEP][PASSED] - Statement - counter = counter + 1: null

2018-12-07 11:06:38 - [TEST_STEP][PASSED] - Statement - PreSaveFile = new java.io.File(((pathPrefix + java.lang.Integer.toString(counter)) + .png)): null

2018-12-07 11:06:38 - [TEST_STEP][PASSED] - Statement - counter = counter + 1: null

2018-12-07 11:06:38 - [TEST_STEP][PASSED] - Statement - PreSaveFile = new java.io.File(((pathPrefix + java.lang.Integer.toString(counter)) + .png)): null

2018-12-07 11:06:39 - [TEST_STEP][PASSED] - Statement - counter = counter + 1: null

2018-12-07 11:06:39 - [TEST_STEP][PASSED] - Statement - PreSaveFile = new java.io.File(((pathPrefix + java.lang.Integer.toString(counter)) + .png)): null

2018-12-07 11:06:39 - [TEST_STEP][PASSED] - Statement - counter = counter + 1: null

2018-12-07 11:06:39 - [TEST_STEP][PASSED] - Statement - PreSaveFile = new java.io.File(((pathPrefix + java.lang.Integer.toString(counter)) + .png)): null

2018-12-07 11:06:39 - [TEST_STEP][PASSED] - Statement - counter = counter + 1: null

2018-12-07 11:06:39 - [TEST_STEP][PASSED] - Statement - PreSaveFile = new java.io.File(((pathPrefix + java.lang.Integer.toString(counter)) + .png)): null

2018-12-07 11:06:39 - [TEST_STEP][PASSED] - Statement - counter = counter + 1: null

2018-12-07 11:06:39 - [TEST_STEP][PASSED] - Statement - PreSaveFile = new java.io.File(((pathPrefix + java.lang.Integer.toString(counter)) + .png)): null

2018-12-07 11:06:39 - [TEST_STEP][PASSED] - Statement - counter = counter + 1: null

2018-12-07 11:06:39 - [TEST_STEP][PASSED] - Statement - PreSaveFile = new java.io.File(((pathPrefix + java.lang.Integer.toString(counter)) + .png)): null

2018-12-07 11:06:39 - [TEST_STEP][PASSED] - Statement - counter = counter + 1: null

2018-12-07 11:06:39 - [TEST_STEP][PASSED] - Statement - PreSaveFile = new java.io.File(((pathPrefix + java.lang.Integer.toString(counter)) + .png)): null

2018-12-07 11:06:39 - [TEST_STEP][PASSED] - Statement - counter = counter + 1: null

2018-12-07 11:06:39 - [TEST_STEP][PASSED] - Statement - PreSaveFile = new java.io.File(((pathPrefix + java.lang.Integer.toString(counter)) + .png)): null

2018-12-07 11:06:39 - [TEST_STEP][PASSED] - Statement - counter = counter + 1: null

2018-12-07 11:06:39 - [TEST_STEP][PASSED] - Statement - PreSaveFile = new java.io.File(((pathPrefix + java.lang.Integer.toString(counter)) + .png)): null

2018-12-07 11:06:39 - [TEST_STEP][PASSED] - Statement - counter = counter + 1: null

2018-12-07 11:06:39 - [TEST_STEP][PASSED] - Statement - PreSaveFile = new java.io.File(((pathPrefix + java.lang.Integer.toString(counter)) + .png)): null

2018-12-07 11:06:39 - [TEST_STEP][PASSED] - Statement - counter = counter + 1: null

2018-12-07 11:06:39 - [TEST_STEP][PASSED] - Statement - PreSaveFile = new java.io.File(((pathPrefix + java.lang.Integer.toString(counter)) + .png)): null

2018-12-07 11:06:39 - [TEST_STEP][PASSED] - Statement - counter = counter + 1: null

2018-12-07 11:06:39 - [TEST_STEP][PASSED] - Statement - PreSaveFile = new java.io.File(((pathPrefix + java.lang.Integer.toString(counter)) + .png)): null

2018-12-07 11:06:39 - [TEST_STEP][PASSED] - Statement - counter = counter + 1: null

2018-12-07 11:06:39 - [TEST_STEP][PASSED] - Statement - PreSaveFile = new java.io.File(((pathPrefix + java.lang.Integer.toString(counter)) + .png)): null

2018-12-07 11:06:39 - [TEST_STEP][PASSED] - Statement - counter = counter + 1: null

2018-12-07 11:06:39 - [TEST_STEP][PASSED] - Statement - PreSaveFile = new java.io.File(((pathPrefix + java.lang.Integer.toString(counter)) + .png)): null

2018-12-07 11:06:39 - [TEST_STEP][PASSED] - Statement - counter = counter + 1: null

2018-12-07 11:06:39 - [TEST_STEP][PASSED] - Statement - PreSaveFile = new java.io.File(((pathPrefix + java.lang.Integer.toString(counter)) + .png)): null

2018-12-07 11:06:39 - [TEST_STEP][PASSED] - Statement - counter = counter + 1: null

2018-12-07 11:06:39 - [TEST_STEP][PASSED] - Statement - PreSaveFile = new java.io.File(((pathPrefix + java.lang.Integer.toString(counter)) + .png)): null

2018-12-07 11:06:39 - [TEST_STEP][PASSED] - Statement - counter = counter + 1: null

2018-12-07 11:06:39 - [TEST_STEP][PASSED] - Statement - PreSaveFile = new java.io.File(((pathPrefix + java.lang.Integer.toString(counter)) + .png)): null

2018-12-07 11:06:39 - [TEST_STEP][PASSED] - Statement - counter = counter + 1: null

2018-12-07 11:06:39 - [TEST_STEP][PASSED] - Statement - PreSaveFile = new java.io.File(((pathPrefix + java.lang.Integer.toString(counter)) + .png)): null

2018-12-07 11:06:39 - [TEST_STEP][PASSED] - Statement - counter = counter + 1: null

2018-12-07 11:06:39 - [TEST_STEP][PASSED] - Statement - PreSaveFile = new java.io.File(((pathPrefix + java.lang.Integer.toString(counter)) + .png)): null

2018-12-07 11:06:39 - [TEST_STEP][PASSED] - Statement - counter = counter + 1: null

2018-12-07 11:06:39 - [TEST_STEP][PASSED] - Statement - PreSaveFile = new java.io.File(((pathPrefix + java.lang.Integer.toString(counter)) + .png)): null

2018-12-07 11:06:39 - [TEST_STEP][PASSED] - Statement - counter = counter + 1: null

2018-12-07 11:06:40 - [TEST_STEP][PASSED] - Statement - PreSaveFile = new java.io.File(((pathPrefix + java.lang.Integer.toString(counter)) + .png)): null

2018-12-07 11:06:40 - [TEST_STEP][PASSED] - Statement - counter = counter + 1: null

2018-12-07 11:06:40 - [TEST_STEP][PASSED] - Statement - PreSaveFile = new java.io.File(((pathPrefix + java.lang.Integer.toString(counter)) + .png)): null

2018-12-07 11:06:40 - [TEST_STEP][PASSED] - Statement - counter = counter + 1: null

2018-12-07 11:06:40 - [TEST_STEP][PASSED] - Statement - PreSaveFile = new java.io.File(((pathPrefix + java.lang.Integer.toString(counter)) + .png)): null

2018-12-07 11:06:40 - [TEST_STEP][PASSED] - Statement - counter = counter + 1: null

2018-12-07 11:06:40 - [TEST_STEP][PASSED] - Statement - PreSaveFile = new java.io.File(((pathPrefix + java.lang.Integer.toString(counter)) + .png)): null

2018-12-07 11:06:40 - [TEST_STEP][PASSED] - Statement - counter = counter + 1: null

2018-12-07 11:06:40 - [TEST_STEP][PASSED] - Statement - PreSaveFile = new java.io.File(((pathPrefix + java.lang.Integer.toString(counter)) + .png)): null

2018-12-07 11:06:40 - [TEST_STEP][PASSED] - Statement - counter = counter + 1: null

2018-12-07 11:06:40 - [TEST_STEP][PASSED] - Statement - PreSaveFile = new java.io.File(((pathPrefix + java.lang.Integer.toString(counter)) + .png)): null

2018-12-07 11:06:40 - [TEST_STEP][PASSED] - Statement - counter = counter + 1: null

2018-12-07 11:06:40 - [TEST_STEP][PASSED] - Statement - PreSaveFile = new java.io.File(((pathPrefix + java.lang.Integer.toString(counter)) + .png)): null

2018-12-07 11:06:40 - [TEST_STEP][PASSED] - Statement - counter = counter + 1: null

2018-12-07 11:06:40 - [TEST_STEP][PASSED] - Statement - PreSaveFile = new java.io.File(((pathPrefix + java.lang.Integer.toString(counter)) + .png)): null

2018-12-07 11:06:40 - [TEST_STEP][PASSED] - Statement - counter = counter + 1: null

2018-12-07 11:06:40 - [TEST_STEP][PASSED] - Statement - PreSaveFile = new java.io.File(((pathPrefix + java.lang.Integer.toString(counter)) + .png)): null

2018-12-07 11:06:40 - [TEST_STEP][PASSED] - Statement - counter = counter + 1: null

2018-12-07 11:06:40 - [TEST_STEP][PASSED] - Statement - PreSaveFile = new java.io.File(((pathPrefix + java.lang.Integer.toString(counter)) + .png)): null

2018-12-07 11:06:40 - [TEST_STEP][PASSED] - Statement - counter = counter + 1: null

2018-12-07 11:06:40 - [TEST_STEP][PASSED] - Statement - PreSaveFile = new java.io.File(((pathPrefix + java.lang.Integer.toString(counter)) + .png)): null

2018-12-07 11:06:40 - [TEST_STEP][PASSED] - Statement - counter = counter + 1: null

2018-12-07 11:06:40 - [TEST_STEP][PASSED] - Statement - PreSaveFile = new java.io.File(((pathPrefix + java.lang.Integer.toString(counter)) + .png)): null

2018-12-07 11:06:40 - [TEST_STEP][PASSED] - Statement - counter = counter + 1: null

2018-12-07 11:06:40 - [TEST_STEP][PASSED] - Statement - PreSaveFile = new java.io.File(((pathPrefix + java.lang.Integer.toString(counter)) + .png)): null

2018-12-07 11:06:40 - [TEST_STEP][PASSED] - Statement - counter = counter + 1: null

2018-12-07 11:06:40 - [TEST_STEP][PASSED] - Statement - PreSaveFile = new java.io.File(((pathPrefix + java.lang.Integer.toString(counter)) + .png)): null

2018-12-07 11:06:40 - [TEST_STEP][PASSED] - Statement - counter = counter + 1: null

2018-12-07 11:06:40 - [TEST_STEP][PASSED] - Statement - PreSaveFile = new java.io.File(((pathPrefix + java.lang.Integer.toString(counter)) + .png)): null

2018-12-07 11:06:40 - [TEST_STEP][PASSED] - Statement - counter = counter + 1: null

2018-12-07 11:06:40 - [TEST_STEP][PASSED] - Statement - PreSaveFile = new java.io.File(((pathPrefix + java.lang.Integer.toString(counter)) + .png)): null

2018-12-07 11:06:40 - [TEST_STEP][PASSED] - Statement - counter = counter + 1: null

2018-12-07 11:06:40 - [TEST_STEP][PASSED] - Statement - PreSaveFile = new java.io.File(((pathPrefix + java.lang.Integer.toString(counter)) + .png)): null

2018-12-07 11:06:40 - [TEST_STEP][PASSED] - Statement - counter = counter + 1: null

2018-12-07 11:06:40 - [TEST_STEP][PASSED] - Statement - PreSaveFile = new java.io.File(((pathPrefix + java.lang.Integer.toString(counter)) + .png)): null

2018-12-07 11:06:40 - [TEST_STEP][PASSED] - Statement - counter = counter + 1: null

2018-12-07 11:06:40 - [TEST_STEP][PASSED] - Statement - PreSaveFile = new java.io.File(((pathPrefix + java.lang.Integer.toString(counter)) + .png)): null

2018-12-07 11:06:40 - [TEST_STEP][PASSED] - Statement - counter = counter + 1: null

2018-12-07 11:06:40 - [TEST_STEP][PASSED] - Statement - PreSaveFile = new java.io.File(((pathPrefix + java.lang.Integer.toString(counter)) + .png)): null

2018-12-07 11:06:41 - [TEST_STEP][PASSED] - Statement - counter = counter + 1: null

2018-12-07 11:06:41 - [TEST_STEP][PASSED] - Statement - PreSaveFile = new java.io.File(((pathPrefix + java.lang.Integer.toString(counter)) + .png)): null

2018-12-07 11:06:41 - [TEST_STEP][PASSED] - Statement - counter = counter + 1: null

2018-12-07 11:06:41 - [TEST_STEP][PASSED] - Statement - PreSaveFile = new java.io.File(((pathPrefix + java.lang.Integer.toString(counter)) + .png)): null

2018-12-07 11:06:41 - [TEST_STEP][PASSED] - Statement - counter = counter + 1: null

2018-12-07 11:06:41 - [TEST_STEP][PASSED] - Statement - PreSaveFile = new java.io.File(((pathPrefix + java.lang.Integer.toString(counter)) + .png)): null

2018-12-07 11:06:41 - [TEST_STEP][PASSED] - Statement - counter = counter + 1: null

2018-12-07 11:06:41 - [TEST_STEP][PASSED] - Statement - PreSaveFile = new java.io.File(((pathPrefix + java.lang.Integer.toString(counter)) + .png)): null

2018-12-07 11:06:41 - [TEST_STEP][PASSED] - Statement - counter = counter + 1: null

2018-12-07 11:06:41 - [TEST_STEP][PASSED] - Statement - PreSaveFile = new java.io.File(((pathPrefix + java.lang.Integer.toString(counter)) + .png)): null

2018-12-07 11:06:41 - [TEST_STEP][PASSED] - Statement - counter = counter + 1: null

2018-12-07 11:06:41 - [TEST_STEP][PASSED] - Statement - PreSaveFile = new java.io.File(((pathPrefix + java.lang.Integer.toString(counter)) + .png)): null

2018-12-07 11:06:41 - [TEST_STEP][PASSED] - Statement - counter = counter + 1: null

2018-12-07 11:06:41 - [TEST_STEP][PASSED] - Statement - PreSaveFile = new java.io.File(((pathPrefix + java.lang.Integer.toString(counter)) + .png)): null

2018-12-07 11:06:41 - [TEST_STEP][PASSED] - Statement - counter = counter + 1: null

2018-12-07 11:06:41 - [TEST_STEP][PASSED] - Statement - PreSaveFile = new java.io.File(((pathPrefix + java.lang.Integer.toString(counter)) + .png)): null

2018-12-07 11:06:41 - [TEST_STEP][PASSED] - Statement - counter = counter + 1: null

2018-12-07 11:06:41 - [TEST_STEP][PASSED] - Statement - PreSaveFile = new java.io.File(((pathPrefix + java.lang.Integer.toString(counter)) + .png)): null

2018-12-07 11:06:41 - [TEST_STEP][PASSED] - Statement - counter = counter + 1: null

2018-12-07 11:06:41 - [TEST_STEP][PASSED] - Statement - PreSaveFile = new java.io.File(((pathPrefix + java.lang.Integer.toString(counter)) + .png)): null

2018-12-07 11:06:41 - [TEST_STEP][PASSED] - Statement - counter = counter + 1: null

2018-12-07 11:06:41 - [TEST_STEP][PASSED] - Statement - PreSaveFile = new java.io.File(((pathPrefix + java.lang.Integer.toString(counter)) + .png)): null

2018-12-07 11:06:41 - [TEST_STEP][PASSED] - Statement - counter = counter + 1: null

2018-12-07 11:06:41 - [TEST_STEP][PASSED] - Statement - PreSaveFile = new java.io.File(((pathPrefix + java.lang.Integer.toString(counter)) + .png)): null

2018-12-07 11:06:41 - [TEST_STEP][PASSED] - Statement - counter = counter + 1: null

2018-12-07 11:06:41 - [TEST_STEP][PASSED] - Statement - PreSaveFile = new java.io.File(((pathPrefix + java.lang.Integer.toString(counter)) + .png)): null

2018-12-07 11:06:41 - [TEST_STEP][PASSED] - Statement - counter = counter + 1: null

2018-12-07 11:06:41 - [TEST_STEP][PASSED] - Statement - PreSaveFile = new java.io.File(((pathPrefix + java.lang.Integer.toString(counter)) + .png)): null

2018-12-07 11:06:41 - [TEST_STEP][PASSED] - Statement - counter = counter + 1: null

2018-12-07 11:06:42 - [TEST_STEP][PASSED] - Statement - PreSaveFile = new java.io.File(((pathPrefix + java.lang.Integer.toString(counter)) + .png)): null

2018-12-07 11:06:42 - [TEST_STEP][PASSED] - Statement - counter = counter + 1: null

2018-12-07 11:06:42 - [TEST_STEP][PASSED] - Statement - PreSaveFile = new java.io.File(((pathPrefix + java.lang.Integer.toString(counter)) + .png)): null

2018-12-07 11:06:42 - [TEST_STEP][PASSED] - Statement - counter = counter + 1: null

2018-12-07 11:06:42 - [TEST_STEP][PASSED] - Statement - PreSaveFile = new java.io.File(((pathPrefix + java.lang.Integer.toString(counter)) + .png)): null

2018-12-07 11:06:42 - [TEST_STEP][PASSED] - Statement - counter = counter + 1: null

2018-12-07 11:06:42 - [TEST_STEP][PASSED] - Statement - PreSaveFile = new java.io.File(((pathPrefix + java.lang.Integer.toString(counter)) + .png)): null

2018-12-07 11:06:42 - [TEST_STEP][PASSED] - Statement - counter = counter + 1: null

2018-12-07 11:06:42 - [TEST_STEP][PASSED] - Statement - PreSaveFile = new java.io.File(((pathPrefix + java.lang.Integer.toString(counter)) + .png)): null

2018-12-07 11:06:42 - [TEST_STEP][PASSED] - Statement - counter = counter + 1: null

2018-12-07 11:06:42 - [TEST_STEP][PASSED] - Statement - PreSaveFile = new java.io.File(((pathPrefix + java.lang.Integer.toString(counter)) + .png)): null

2018-12-07 11:06:42 - [TEST_STEP][PASSED] - Statement - counter = counter + 1: null

2018-12-07 11:06:42 - [TEST_STEP][PASSED] - Statement - PreSaveFile = new java.io.File(((pathPrefix + java.lang.Integer.toString(counter)) + .png)): null

2018-12-07 11:06:42 - [TEST_STEP][PASSED] - Statement - counter = counter + 1: null

2018-12-07 11:06:42 - [TEST_STEP][PASSED] - Statement - PreSaveFile = new java.io.File(((pathPrefix + java.lang.Integer.toString(counter)) + .png)): null

2018-12-07 11:06:42 - [TEST_STEP][PASSED] - Statement - counter = counter + 1: null

2018-12-07 11:06:42 - [TEST_STEP][PASSED] - Statement - PreSaveFile = new java.io.File(((pathPrefix + java.lang.Integer.toString(counter)) + .png)): null

2018-12-07 11:06:42 - [TEST_STEP][PASSED] - Statement - counter = counter + 1: null

2018-12-07 11:06:42 - [TEST_STEP][PASSED] - Statement - PreSaveFile = new java.io.File(((pathPrefix + java.lang.Integer.toString(counter)) + .png)): null

2018-12-07 11:06:42 - [TEST_STEP][PASSED] - Statement - counter = counter + 1: null

2018-12-07 11:06:42 - [TEST_STEP][PASSED] - Statement - PreSaveFile = new java.io.File(((pathPrefix + java.lang.Integer.toString(counter)) + .png)): null

2018-12-07 11:06:42 - [TEST_STEP][PASSED] - Statement - counter = counter + 1: null

2018-12-07 11:06:42 - [TEST_STEP][PASSED] - Statement - PreSaveFile = new java.io.File(((pathPrefix + java.lang.Integer.toString(counter)) + .png)): null

2018-12-07 11:06:42 - [TEST_STEP][PASSED] - Statement - counter = counter + 1: null

2018-12-07 11:06:42 - [TEST_STEP][PASSED] - Statement - PreSaveFile = new java.io.File(((pathPrefix + java.lang.Integer.toString(counter)) + .png)): null

2018-12-07 11:06:42 - [TEST_STEP][PASSED] - Statement - finalPath = pathPrefix + java.lang.Integer.toString(counter) + ".png": null

2018-12-07 11:06:42 - [TEST_STEP][PASSED] - Statement - SaveFile = new java.io.File(finalPath): null

2018-12-07 11:06:42 - [TEST_STEP][PASSED] - Statement - Try: null

2018-12-07 11:06:43 - [TEST_STEP][PASSED] - Statement - org.apache.commons.io.FileUtils.copyFile(scrFile, SaveFile): null

2018-12-07 11:06:43 - [TEST_STEP][PASSED] - Statement - out.println("file kept"): null

2018-12-07 11:06:43 - [TEST_STEP][PASSED] - delay: Delayed 10 second(s)

2018-12-07 11:06:53 - [MESSAGE][PASSED] - Delayed 10 second(s)

2018-12-07 11:06:53 - [MESSAGE][PASSED] - Call Test Case 'Test Cases/Final Aug 2018 - PKS Automation/Common/Screenshoting tool' successfully

2018-12-07 11:06:53 - [TEST_STEP][PASSED] - callTestCase: Call Test Case 'Test Cases/Final Aug 2018 - PKS Automation/Registration Module/Log Out/log out avoiding katalon tagging' successfully

2018-12-07 11:06:53 - [TEST_CASE][PASSED] - Test Cases/Final Aug 2018 - PKS Automation/Registration Module/Log Out/log out avoiding katalon tagging: Test Cases/Final Aug 2018 - PKS Automation/Registration Module/Log Out/log out avoiding katalon tagging

2018-12-07 11:06:53 - [TEST_STEP][PASSED] - navigateToUrl: Navigate to 'https://assist2-uat.perkeso.gov.my/c/portal/logout' successfully

2018-12-07 11:06:53 - [MESSAGE][PASSED] - Navigate to 'https://assist2-uat.perkeso.gov.my/c/portal/logout' successfully

2018-12-07 11:06:53 - [MESSAGE][PASSED] - Call Test Case 'Test Cases/Final Aug 2018 - PKS Automation/Registration Module/Log Out/log out avoiding katalon tagging' successfully

2018-12-07 11:06:53 - [TEST_STEP][PASSED] - callTestCase: Call Test Case 'Test Cases/Final Aug 2018 - PKS Automation/Common/Workflow Owner Finder' successfully

2018-12-07 11:06:53 - [TEST_CASE][PASSED] - Test Cases/Final Aug 2018 - PKS Automation/Common/Workflow Owner Finder: Test Cases/Final Aug 2018 - PKS Automation/Common/Workflow Owner Finder

2018-12-07 11:06:53 - [TEST_STEP][PASSED] - openBrowser: Browser is opened with url: ''

2018-12-07 11:06:53 - [MESSAGE][WARNING] - A browser is already opened. Closing browser and opening a new one

2018-12-07 11:06:57 - [MESSAGE][PASSED] - Browser is opened with url: ''

2018-12-07 11:06:57 - [TEST_STEP][PASSED] - navigateToUrl: Navigate to 'https://assist2-uat.perkeso.gov.my/login' successfully

2018-12-07 11:06:58 - [MESSAGE][PASSED] - Navigate to 'https://assist2-uat.perkeso.gov.my/login' successfully

2018-12-07 11:06:58 - [TEST_STEP][PASSED] - delay: Delayed 5 second(s)

2018-12-07 11:07:03 - [MESSAGE][PASSED] - Delayed 5 second(s)

2018-12-07 11:07:03 - [TEST_STEP][PASSED] - setText: Text 'test@liferay.com' is set on object 'Object Repository/Final Object Repo/Login Page/Internal User/Email Address'

2018-12-07 11:07:03 - [MESSAGE][PASSED] - Text 'test@liferay.com' is set on object 'Object Repository/Final Object Repo/Login Page/Internal User/Email Address'

2018-12-07 11:07:03 - [TEST_STEP][PASSED] - click: Object: 'Object Repository/Final Object Repo/Login Page/Internal User/Next Button' is clicked on

2018-12-07 11:07:03 - [MESSAGE][PASSED] - Object: 'Object Repository/Final Object Repo/Login Page/Internal User/Next Button' is clicked on

2018-12-07 11:07:03 - [TEST_STEP][PASSED] - delay: Delayed 2 second(s)

2018-12-07 11:07:05 - [MESSAGE][PASSED] - Delayed 2 second(s)

2018-12-07 11:07:05 - [TEST_STEP][PASSED] - setText: Text 'test' is set on object 'Object Repository/Final Object Repo/Login Page/Internal User/Password'

2018-12-07 11:07:06 - [MESSAGE][PASSED] - Text 'test' is set on object 'Object Repository/Final Object Repo/Login Page/Internal User/Password'

2018-12-07 11:07:06 - [TEST_STEP][PASSED] - delay: Delayed 2 second(s)

2018-12-07 11:07:08 - [MESSAGE][PASSED] - Delayed 2 second(s)

2018-12-07 11:07:08 - [TEST_STEP][PASSED] - click: Object: 'Object Repository/Final Object Repo/Login Page/Internal User/Login Button' is clicked on

2018-12-07 11:07:08 - [MESSAGE][PASSED] - Object: 'Object Repository/Final Object Repo/Login Page/Internal User/Login Button' is clicked on

2018-12-07 11:07:08 - [TEST_STEP][PASSED] - Statement - tester = com.kms.katalon.core.testobject.ObjectRepository.findTestObject(Final Object Repo/Landing Page/Select to English): Finding Test Object with id 'Object Repository/Final Object Repo/Landing Page/Select to English'

2018-12-07 11:07:08 - [TEST_STEP][PASSED] - Statement - Try: Delayed 2 second(s)

2018-12-07 11:07:08 - [TEST_STEP][PASSED] - Statement - Checker = com.kms.katalon.core.webui.keyword.WebUiBuiltInKeywords.verifyElementNotPresent(tester, 3): Web element with id: 'Object Repository/Final Object Repo/Landing Page/Select to English' located by 'By.xpath: //a[@class = 'taglib-language-list-text' and @lang = 'en-US' and (contains(text(), 'EN') or contains(., 'EN'))]' is not present after '3' second(s)

2018-12-07 11:07:10 - [MESSAGE][PASSED] - Web element with id: 'Object Repository/Final Object Repo/Landing Page/Select to English' located by 'By.xpath: //a[@class = 'taglib-language-list-text' and @lang = 'en-US' and (contains(text(), 'EN') or contains(., 'EN'))]' is not present after '3' second(s)

2018-12-07 11:07:10 - [TEST_STEP][PASSED] - Statement - If (Checker == false): null

2018-12-07 11:07:10 - [TEST_STEP][PASSED] - delay: Delayed 2 second(s)

2018-12-07 11:07:12 - [MESSAGE][PASSED] - Delayed 2 second(s)

2018-12-07 11:07:12 - [TEST_STEP][PASSED] - delay: Delayed 5 second(s)

2018-12-07 11:07:17 - [MESSAGE][PASSED] - Delayed 5 second(s)

2018-12-07 11:07:17 - [TEST_STEP][PASSED] - mouseOver: Object: 'Object Repository/Final Object Repo/Landing Page/WorkFlow Menu' is hovered

2018-12-07 11:07:17 - [MESSAGE][PASSED] - Object: 'Object Repository/Final Object Repo/Landing Page/WorkFlow Menu' is hovered

2018-12-07 11:07:17 - [TEST_STEP][PASSED] - delay: Delayed 2 second(s)

2018-12-07 11:07:19 - [MESSAGE][PASSED] - Delayed 2 second(s)

2018-12-07 11:07:19 - [TEST_STEP][PASSED] - click: Object: 'Object Repository/Final Object Repo/Landing Page/Select to Workflow Listing' is clicked on

2018-12-07 11:07:20 - [MESSAGE][PASSED] - Object: 'Object Repository/Final Object Repo/Landing Page/Select to Workflow Listing' is clicked on

2018-12-07 11:07:20 - [TEST_STEP][PASSED] - delay: Delayed 2 second(s)

2018-12-07 11:07:22 - [MESSAGE][PASSED] - Delayed 2 second(s)

2018-12-07 11:07:22 - [TEST_STEP][PASSED] - click: Object: 'Object Repository/Final Object Repo/WorkFlow Listing Page/Search Information - To Put Ref No' is clicked on

2018-12-07 11:07:23 - [MESSAGE][PASSED] - Object: 'Object Repository/Final Object Repo/WorkFlow Listing Page/Search Information - To Put Ref No' is clicked on

2018-12-07 11:07:23 - [TEST_STEP][PASSED] - delay: Delayed 2 second(s)

2018-12-07 11:07:25 - [MESSAGE][PASSED] - Delayed 2 second(s)

2018-12-07 11:07:25 - [TEST_STEP][PASSED] - callTestCase: Call Test Case 'Test Cases/Final Aug 2018 - PKS Automation/Common/Reference Number Getter' successfully

2018-12-07 11:07:25 - [TEST_CASE][PASSED] - Test Cases/Final Aug 2018 - PKS Automation/Common/Reference Number Getter: Test Cases/Final Aug 2018 - PKS Automation/Common/Reference Number Getter

2018-12-07 11:07:25 - [TEST_STEP][PASSED] - Statement - Try: null

2018-12-07 11:07:25 - [TEST_STEP][PASSED] - Statement - RefNo = new java.io.File(C://Users//Admin//Desktop//PKS//Automation Reference Point//KatalonReference.txt): null

2018-12-07 11:07:25 - [TEST_STEP][PASSED] - Statement - bufferread = new java.io.BufferedReader(new java.io.FileReader(RefNo)): null

2018-12-07 11:07:25 - [TEST_STEP][PASSED] - Statement - readedVal = bufferread.readLine(): null

2018-12-07 11:07:25 - [TEST_STEP][PASSED] - Statement - out.println(CaseReferenceNo): null

2018-12-07 11:07:25 - [TEST_STEP][PASSED] - Statement - out.println(readedVal): null

2018-12-07 11:07:25 - [TEST_STEP][PASSED] - Statement - CaseReferenceNo = "": null

2018-12-07 11:07:25 - [TEST_STEP][PASSED] - Statement - CaseReferenceNo = readedVal: null

2018-12-07 11:07:25 - [MESSAGE][PASSED] - Call Test Case 'Test Cases/Final Aug 2018 - PKS Automation/Common/Reference Number Getter' successfully

2018-12-07 11:07:25 - [TEST_STEP][PASSED] - setText: Text 'CAN12201800002285' is set on object 'Object Repository/Final Object Repo/WorkFlow Listing Page/Ref No Set Text'

2018-12-07 11:07:25 - [MESSAGE][PASSED] - Text 'CAN12201800002285' is set on object 'Object Repository/Final Object Repo/WorkFlow Listing Page/Ref No Set Text'

2018-12-07 11:07:25 - [TEST_STEP][PASSED] - delay: Delayed 2 second(s)

2018-12-07 11:07:27 - [MESSAGE][PASSED] - Delayed 2 second(s)

2018-12-07 11:07:27 - [TEST_STEP][PASSED] - click: Object: 'Object Repository/Final Object Repo/WorkFlow Listing Page/Search Ref No Search Button' is clicked on

2018-12-07 11:07:27 - [MESSAGE][PASSED] - Object: 'Object Repository/Final Object Repo/WorkFlow Listing Page/Search Ref No Search Button' is clicked on

2018-12-07 11:07:27 - [TEST_STEP][PASSED] - delay: Delayed 6 second(s)

2018-12-07 11:07:33 - [MESSAGE][PASSED] - Delayed 6 second(s)

2018-12-07 11:07:33 - [TEST_STEP][PASSED] - click: Object: 'Object Repository/Final Object Repo/WorkFlow Listing Page/Click Continue Tooltip' is clicked on

2018-12-07 11:07:34 - [MESSAGE][PASSED] - Object: 'Object Repository/Final Object Repo/WorkFlow Listing Page/Click Continue Tooltip' is clicked on

2018-12-07 11:07:34 - [TEST_STEP][PASSED] - delay: Delayed 5 second(s)

2018-12-07 11:07:39 - [MESSAGE][PASSED] - Delayed 5 second(s)

2018-12-07 11:07:39 - [TEST_STEP][PASSED] - doubleClick: Object: 'Object Repository/Final Object Repo/WorkFlow Listing Page/Workflow Found - Listing 1' is double clicked on

2018-12-07 11:07:39 - [MESSAGE][PASSED] - Object: 'Object Repository/Final Object Repo/WorkFlow Listing Page/Workflow Found - Listing 1' is double clicked on

2018-12-07 11:07:39 - [TEST_STEP][PASSED] - Statement - println(OwnerID): null

2018-12-07 11:07:39 - [TEST_STEP][PASSED] - Statement - OwnerID = com.kms.katalon.core.webui.keyword.WebUiBuiltInKeywords.getText(com.kms.katalon.core.testobject.ObjectRepository.findTestObject(Final Object Repo/WorkFlow Listing Page/Workflow Found - Listing 1), STOP_ON_FAILURE): Text of object 'Object Repository/Final Object Repo/WorkFlow Listing Page/Workflow Found - Listing 1' is: 'KLpkrbo1'

2018-12-07 11:07:40 - [MESSAGE][PASSED] - Text of object 'Object Repository/Final Object Repo/WorkFlow Listing Page/Workflow Found - Listing 1' is: 'KLpkrbo1'

2018-12-07 11:07:40 - [TEST_STEP][PASSED] - Statement - OwnerID = OwnerID.toLowerCase() + "@gmail.com": null

2018-12-07 11:07:40 - [TEST_STEP][PASSED] - Statement - println(OwnerID): null

2018-12-07 11:07:40 - [TEST_STEP][PASSED] - delay: Delayed 2 second(s)

2018-12-07 11:07:42 - [MESSAGE][PASSED] - Delayed 2 second(s)

2018-12-07 11:07:42 - [MESSAGE][PASSED] - Call Test Case 'Test Cases/Final Aug 2018 - PKS Automation/Common/Workflow Owner Finder' successfully

2018-12-07 11:07:42 - [TEST_STEP][PASSED] - callTestCase: Call Test Case 'Test Cases/Final Aug 2018 - PKS Automation/Registration Module/Log Out/log out avoiding katalon tagging' successfully

2018-12-07 11:07:42 - [TEST_CASE][PASSED] - Test Cases/Final Aug 2018 - PKS Automation/Registration Module/Log Out/log out avoiding katalon tagging: Test Cases/Final Aug 2018 - PKS Automation/Registration Module/Log Out/log out avoiding katalon tagging

2018-12-07 11:07:42 - [TEST_STEP][PASSED] - navigateToUrl: Navigate to 'https://assist2-uat.perkeso.gov.my/c/portal/logout' successfully

2018-12-07 11:07:43 - [MESSAGE][PASSED] - Navigate to 'https://assist2-uat.perkeso.gov.my/c/portal/logout' successfully

2018-12-07 11:07:43 - [MESSAGE][PASSED] - Call Test Case 'Test Cases/Final Aug 2018 - PKS Automation/Registration Module/Log Out/log out avoiding katalon tagging' successfully

2018-12-07 11:07:43 - [TEST_STEP][PASSED] - delay: Delayed 2 second(s)

2018-12-07 11:07:45 - [MESSAGE][PASSED] - Delayed 2 second(s)

2018-12-07 11:07:45 - [TEST_STEP][PASSED] - setText: Text 'klpkrbo1@gmail.com' is set on object 'Object Repository/Final Object Repo/Page_Update Add New Employee - ASSIST/Email TextBox'

2018-12-07 11:07:45 - [MESSAGE][PASSED] - Text 'klpkrbo1@gmail.com' is set on object 'Object Repository/Final Object Repo/Page_Update Add New Employee - ASSIST/Email TextBox'

2018-12-07 11:07:45 - [TEST_STEP][PASSED] - click: Object: 'Object Repository/Final Object Repo/Page_Update Add New Employee - ASSIST/Next Button' is clicked on

2018-12-07 11:07:45 - [MESSAGE][PASSED] - Object: 'Object Repository/Final Object Repo/Page_Update Add New Employee - ASSIST/Next Button' is clicked on

2018-12-07 11:07:45 - [TEST_STEP][PASSED] - delay: Delayed 2 second(s)

2018-12-07 11:07:47 - [MESSAGE][PASSED] - Delayed 2 second(s)

2018-12-07 11:07:47 - [TEST_STEP][PASSED] - setText: Text 'Test1@3456789' is set on object 'Object Repository/Final Object Repo/Page_Update Add New Employee - ASSIST/Password TextBox'

2018-12-07 11:07:47 - [MESSAGE][PASSED] - Text 'Test1@3456789' is set on object 'Object Repository/Final Object Repo/Page_Update Add New Employee - ASSIST/Password TextBox'

2018-12-07 11:07:47 - [TEST_STEP][PASSED] - delay: Delayed 2 second(s)

2018-12-07 11:07:49 - [MESSAGE][PASSED] - Delayed 2 second(s)

2018-12-07 11:07:49 - [TEST_STEP][PASSED] - click: Object: 'Object Repository/Final Object Repo/Page_Update Add New Employee - ASSIST/Login Button' is clicked on

2018-12-07 11:07:50 - [MESSAGE][PASSED] - Object: 'Object Repository/Final Object Repo/Page_Update Add New Employee - ASSIST/Login Button' is clicked on

2018-12-07 11:07:50 - [TEST_STEP][PASSED] - delay: Delayed 4 second(s)

2018-12-07 11:07:54 - [MESSAGE][PASSED] - Delayed 4 second(s)

2018-12-07 11:07:54 - [TEST_STEP][PASSED] - Statement - Try: Delayed 2 second(s)

2018-12-07 11:07:54 - [TEST_STEP][PASSED] - Statement - Checker = false: null

2018-12-07 11:07:54 - [TEST_STEP][PASSED] - Statement - Checker = com.kms.katalon.core.webui.keyword.WebUiBuiltInKeywords.verifyElementHasAttribute(com.kms.katalon.core.testobject.ObjectRepository.findTestObject(Final Object Repo/Landing Page/BM Detecting), "href", 20, OPTIONAL): Object 'Object Repository/Final Object Repo/Landing Page/BM Detecting' has attribute 'href'

2018-12-07 11:07:54 - [MESSAGE][PASSED] - Object 'Object Repository/Final Object Repo/Landing Page/BM Detecting' has attribute 'href'

2018-12-07 11:07:54 - [TEST_STEP][PASSED] - Statement - out.println(Checker): null

2018-12-07 11:07:54 - [TEST_STEP][PASSED] - Statement - If (Checker == false): null

2018-12-07 11:07:54 - [TEST_STEP][PASSED] - Statement - Else: null

2018-12-07 11:07:54 - [TEST_STEP][PASSED] - delay: Delayed 2 second(s)

2018-12-07 11:07:56 - [MESSAGE][PASSED] - Delayed 2 second(s)

2018-12-07 11:07:56 - [TEST_STEP][PASSED] - delay: Delayed 4 second(s)

2018-12-07 11:08:00 - [MESSAGE][PASSED] - Delayed 4 second(s)

2018-12-07 11:08:00 - [TEST_STEP][PASSED] - click: Object: 'Object Repository/Final Object Repo/New Registration - Registration Module Pages/New Reg - OTC to RO/Special Case - All Related Objects/Expand to Search' is clicked on

2018-12-07 11:08:00 - [MESSAGE][PASSED] - Object: 'Object Repository/Final Object Repo/New Registration - Registration Module Pages/New Reg - OTC to RO/Special Case - All Related Objects/Expand to Search' is clicked on

2018-12-07 11:08:00 - [TEST_STEP][PASSED] - delay: Delayed 2 second(s)

2018-12-07 11:08:02 - [MESSAGE][PASSED] - Delayed 2 second(s)

2018-12-07 11:08:02 - [TEST_STEP][PASSED] - setText: Text 'CAN12201800002285' is set on object 'Object Repository/Final Object Repo/New Registration - Registration Module Pages/New Reg - OTC to RO/Special Case - All Related Objects/TextBox RefNo in Workbasket'

2018-12-07 11:08:02 - [MESSAGE][PASSED] - Text 'CAN12201800002285' is set on object 'Object Repository/Final Object Repo/New Registration - Registration Module Pages/New Reg - OTC to RO/Special Case - All Related Objects/TextBox RefNo in Workbasket'

2018-12-07 11:08:02 - [TEST_STEP][PASSED] - delay: Delayed 2 second(s)

2018-12-07 11:08:04 - [MESSAGE][PASSED] - Delayed 2 second(s)

2018-12-07 11:08:04 - [TEST_STEP][PASSED] - click: Object: 'Object Repository/Final Object Repo/New Registration - Registration Module Pages/New Reg - OTC to RO/Special Case - All Related Objects/Click Search' is clicked on

2018-12-07 11:08:04 - [MESSAGE][PASSED] - Object: 'Object Repository/Final Object Repo/New Registration - Registration Module Pages/New Reg - OTC to RO/Special Case - All Related Objects/Click Search' is clicked on

2018-12-07 11:08:05 - [TEST_STEP][PASSED] - delay: Delayed 2 second(s)

2018-12-07 11:08:07 - [MESSAGE][PASSED] - Delayed 2 second(s)

2018-12-07 11:08:07 - [TEST_STEP][PASSED] - click: Object: 'Object Repository/Final Object Repo/New Registration - Registration Module Pages/New Reg - OTC to RO/Special Case - All Related Objects/Click to Continue Workflow' is clicked on

2018-12-07 11:08:10 - [MESSAGE][PASSED] - Object: 'Object Repository/Final Object Repo/New Registration - Registration Module Pages/New Reg - OTC to RO/Special Case - All Related Objects/Click to Continue Workflow' is clicked on

2018-12-07 11:08:10 - [TEST_STEP][PASSED] - delay: Delayed 10 second(s)

2018-12-07 11:08:20 - [MESSAGE][PASSED] - Delayed 10 second(s)

2018-12-07 11:08:20 - [TEST_STEP][PASSED] - click: Object: 'Object Repository/Final Object Repo/Page_Update Add New Employee - ASSIST/Save  Continue Button' is clicked on

2018-12-07 11:08:20 - [MESSAGE][PASSED] - Object: 'Object Repository/Final Object Repo/Page_Update Add New Employee - ASSIST/Save  Continue Button' is clicked on

2018-12-07 11:08:20 - [TEST_STEP][PASSED] - delay: Delayed 4 second(s)

2018-12-07 11:08:24 - [MESSAGE][PASSED] - Delayed 4 second(s)

2018-12-07 11:08:24 - [TEST_STEP][PASSED] - click: Object: 'Object Repository/Final Object Repo/Page_Update Add New Employee - ASSIST/Save  Continue Third Screen' is clicked on

2018-12-07 11:08:28 - [MESSAGE][PASSED] - Object: 'Object Repository/Final Object Repo/Page_Update Add New Employee - ASSIST/Save  Continue Third Screen' is clicked on

2018-12-07 11:08:28 - [TEST_STEP][PASSED] - delay: Delayed 4 second(s)

2018-12-07 11:08:32 - [MESSAGE][PASSED] - Delayed 4 second(s)

2018-12-07 11:08:32 - [TEST_STEP][PASSED] - click: Object: 'Object Repository/Final Object Repo/Page_Update Add New Employee - ASSIST/Save   Continue Supporting Doc Page' is clicked on

2018-12-07 11:08:32 - [MESSAGE][PASSED] - Object: 'Object Repository/Final Object Repo/Page_Update Add New Employee - ASSIST/Save   Continue Supporting Doc Page' is clicked on

2018-12-07 11:08:32 - [TEST_STEP][PASSED] - delay: Delayed 4 second(s)

2018-12-07 11:08:36 - [MESSAGE][PASSED] - Delayed 4 second(s)

2018-12-07 11:08:36 - [TEST_STEP][PASSED] - click: Object: 'Object Repository/Final Object Repo/Page_Update Add New Employee - ASSIST/Submit Button' is clicked on

2018-12-07 11:08:36 - [MESSAGE][PASSED] - Object: 'Object Repository/Final Object Repo/Page_Update Add New Employee - ASSIST/Submit Button' is clicked on

2018-12-07 11:08:36 - [TEST_STEP][PASSED] - delay: Delayed 4 second(s)

2018-12-07 11:08:40 - [MESSAGE][PASSED] - Delayed 4 second(s)

2018-12-07 11:08:40 - [TEST_STEP][PASSED] - click: Object: 'Object Repository/Final Object Repo/Page_Update Add New Employee - ASSIST/Confirm Submit Button' is clicked on

2018-12-07 11:08:40 - [MESSAGE][PASSED] - Object: 'Object Repository/Final Object Repo/Page_Update Add New Employee - ASSIST/Confirm Submit Button' is clicked on

2018-12-07 11:08:40 - [TEST_STEP][PASSED] - delay: Delayed 30 second(s)

2018-12-07 11:09:10 - [MESSAGE][PASSED] - Delayed 30 second(s)

2018-12-07 11:09:10 - [TEST_STEP][PASSED] - callTestCase: Call Test Case 'Test Cases/Final Aug 2018 - PKS Automation/Common/Screenshoting tool' successfully

2018-12-07 11:09:10 - [TEST_CASE][PASSED] - Test Cases/Final Aug 2018 - PKS Automation/Common/Screenshoting tool: Test Cases/Final Aug 2018 - PKS Automation/Common/Screenshoting tool

2018-12-07 11:09:10 - [TEST_STEP][PASSED] - delay: Delayed 15 second(s)

2018-12-07 11:09:25 - [MESSAGE][PASSED] - Delayed 15 second(s)

2018-12-07 11:09:25 - [TEST_STEP][PASSED] - Statement - driver = com.kms.katalon.core.webui.driver.DriverFactory.getWebDriver(): null

2018-12-07 11:09:25 - [TEST_STEP][PASSED] - Statement - driver.manage().timeouts().implicitlyWait(10, SECONDS): null

2018-12-07 11:09:25 - [TEST_STEP][PASSED] - Statement - PresavePath = KatalonScreenshots: null

2018-12-07 11:09:25 - [TEST_STEP][PASSED] - Statement - pathPrefix = "C:\Users\Public\Pictures\Sample Pictures\Katalon Screenshots\Automate Ending Screen": null

2018-12-07 11:09:25 - [TEST_STEP][PASSED] - Statement - finalPath = <not implemented yet for class: org.codehaus.groovy.ast.expr.EmptyExpression>: null

2018-12-07 11:09:25 - [TEST_STEP][PASSED] - Statement - scrFile = driver.getScreenshotAs(FILE): null

2018-12-07 11:09:26 - [TEST_STEP][PASSED] - Statement - PreSaveFile = new java.io.File(PresavePath): null

2018-12-07 11:09:26 - [TEST_STEP][PASSED] - Statement - counter = 0: null

2018-12-07 11:09:26 - [TEST_STEP][PASSED] - Statement - If (PreSaveFile.exists()): null

2018-12-07 11:09:26 - [TEST_STEP][PASSED] - Statement - While (PreSaveFile.exists()): null

2018-12-07 11:09:26 - [TEST_STEP][PASSED] - Statement - counter = counter + 1: null

2018-12-07 11:09:26 - [TEST_STEP][PASSED] - Statement - PreSaveFile = new java.io.File(((pathPrefix + java.lang.Integer.toString(counter)) + .png)): null

2018-12-07 11:09:26 - [TEST_STEP][PASSED] - Statement - counter = counter + 1: null

2018-12-07 11:09:26 - [TEST_STEP][PASSED] - Statement - PreSaveFile = new java.io.File(((pathPrefix + java.lang.Integer.toString(counter)) + .png)): null

2018-12-07 11:09:26 - [TEST_STEP][PASSED] - Statement - counter = counter + 1: null

2018-12-07 11:09:26 - [TEST_STEP][PASSED] - Statement - PreSaveFile = new java.io.File(((pathPrefix + java.lang.Integer.toString(counter)) + .png)): null

2018-12-07 11:09:26 - [TEST_STEP][PASSED] - Statement - counter = counter + 1: null

2018-12-07 11:09:26 - [TEST_STEP][PASSED] - Statement - PreSaveFile = new java.io.File(((pathPrefix + java.lang.Integer.toString(counter)) + .png)): null

2018-12-07 11:09:26 - [TEST_STEP][PASSED] - Statement - counter = counter + 1: null

2018-12-07 11:09:26 - [TEST_STEP][PASSED] - Statement - PreSaveFile = new java.io.File(((pathPrefix + java.lang.Integer.toString(counter)) + .png)): null

2018-12-07 11:09:26 - [TEST_STEP][PASSED] - Statement - counter = counter + 1: null

2018-12-07 11:09:26 - [TEST_STEP][PASSED] - Statement - PreSaveFile = new java.io.File(((pathPrefix + java.lang.Integer.toString(counter)) + .png)): null

2018-12-07 11:09:26 - [TEST_STEP][PASSED] - Statement - counter = counter + 1: null

2018-12-07 11:09:26 - [TEST_STEP][PASSED] - Statement - PreSaveFile = new java.io.File(((pathPrefix + java.lang.Integer.toString(counter)) + .png)): null

2018-12-07 11:09:26 - [TEST_STEP][PASSED] - Statement - counter = counter + 1: null

2018-12-07 11:09:26 - [TEST_STEP][PASSED] - Statement - PreSaveFile = new java.io.File(((pathPrefix + java.lang.Integer.toString(counter)) + .png)): null

2018-12-07 11:09:26 - [TEST_STEP][PASSED] - Statement - counter = counter + 1: null

2018-12-07 11:09:26 - [TEST_STEP][PASSED] - Statement - PreSaveFile = new java.io.File(((pathPrefix + java.lang.Integer.toString(counter)) + .png)): null

2018-12-07 11:09:26 - [TEST_STEP][PASSED] - Statement - counter = counter + 1: null

2018-12-07 11:09:26 - [TEST_STEP][PASSED] - Statement - PreSaveFile = new java.io.File(((pathPrefix + java.lang.Integer.toString(counter)) + .png)): null

2018-12-07 11:09:26 - [TEST_STEP][PASSED] - Statement - counter = counter + 1: null

2018-12-07 11:09:26 - [TEST_STEP][PASSED] - Statement - PreSaveFile = new java.io.File(((pathPrefix + java.lang.Integer.toString(counter)) + .png)): null

2018-12-07 11:09:26 - [TEST_STEP][PASSED] - Statement - counter = counter + 1: null

2018-12-07 11:09:26 - [TEST_STEP][PASSED] - Statement - PreSaveFile = new java.io.File(((pathPrefix + java.lang.Integer.toString(counter)) + .png)): null

2018-12-07 11:09:26 - [TEST_STEP][PASSED] - Statement - counter = counter + 1: null

2018-12-07 11:09:26 - [TEST_STEP][PASSED] - Statement - PreSaveFile = new java.io.File(((pathPrefix + java.lang.Integer.toString(counter)) + .png)): null

2018-12-07 11:09:26 - [TEST_STEP][PASSED] - Statement - counter = counter + 1: null

2018-12-07 11:09:26 - [TEST_STEP][PASSED] - Statement - PreSaveFile = new java.io.File(((pathPrefix + java.lang.Integer.toString(counter)) + .png)): null

2018-12-07 11:09:26 - [TEST_STEP][PASSED] - Statement - counter = counter + 1: null

2018-12-07 11:09:26 - [TEST_STEP][PASSED] - Statement - PreSaveFile = new java.io.File(((pathPrefix + java.lang.Integer.toString(counter)) + .png)): null

2018-12-07 11:09:26 - [TEST_STEP][PASSED] - Statement - counter = counter + 1: null

2018-12-07 11:09:26 - [TEST_STEP][PASSED] - Statement - PreSaveFile = new java.io.File(((pathPrefix + java.lang.Integer.toString(counter)) + .png)): null

2018-12-07 11:09:26 - [TEST_STEP][PASSED] - Statement - counter = counter + 1: null

2018-12-07 11:09:26 - [TEST_STEP][PASSED] - Statement - PreSaveFile = new java.io.File(((pathPrefix + java.lang.Integer.toString(counter)) + .png)): null

2018-12-07 11:09:26 - [TEST_STEP][PASSED] - Statement - counter = counter + 1: null

2018-12-07 11:09:26 - [TEST_STEP][PASSED] - Statement - PreSaveFile = new java.io.File(((pathPrefix + java.lang.Integer.toString(counter)) + .png)): null

2018-12-07 11:09:26 - [TEST_STEP][PASSED] - Statement - counter = counter + 1: null

2018-12-07 11:09:26 - [TEST_STEP][PASSED] - Statement - PreSaveFile = new java.io.File(((pathPrefix + java.lang.Integer.toString(counter)) + .png)): null

2018-12-07 11:09:26 - [TEST_STEP][PASSED] - Statement - counter = counter + 1: null

2018-12-07 11:09:26 - [TEST_STEP][PASSED] - Statement - PreSaveFile = new java.io.File(((pathPrefix + java.lang.Integer.toString(counter)) + .png)): null

2018-12-07 11:09:26 - [TEST_STEP][PASSED] - Statement - counter = counter + 1: null

2018-12-07 11:09:26 - [TEST_STEP][PASSED] - Statement - PreSaveFile = new java.io.File(((pathPrefix + java.lang.Integer.toString(counter)) + .png)): null

2018-12-07 11:09:26 - [TEST_STEP][PASSED] - Statement - counter = counter + 1: null

2018-12-07 11:09:26 - [TEST_STEP][PASSED] - Statement - PreSaveFile = new java.io.File(((pathPrefix + java.lang.Integer.toString(counter)) + .png)): null

2018-12-07 11:09:26 - [TEST_STEP][PASSED] - Statement - counter = counter + 1: null

2018-12-07 11:09:26 - [TEST_STEP][PASSED] - Statement - PreSaveFile = new java.io.File(((pathPrefix + java.lang.Integer.toString(counter)) + .png)): null

2018-12-07 11:09:26 - [TEST_STEP][PASSED] - Statement - counter = counter + 1: null

2018-12-07 11:09:26 - [TEST_STEP][PASSED] - Statement - PreSaveFile = new java.io.File(((pathPrefix + java.lang.Integer.toString(counter)) + .png)): null

2018-12-07 11:09:26 - [TEST_STEP][PASSED] - Statement - counter = counter + 1: null

2018-12-07 11:09:26 - [TEST_STEP][PASSED] - Statement - PreSaveFile = new java.io.File(((pathPrefix + java.lang.Integer.toString(counter)) + .png)): null

2018-12-07 11:09:26 - [TEST_STEP][PASSED] - Statement - counter = counter + 1: null

2018-12-07 11:09:26 - [TEST_STEP][PASSED] - Statement - PreSaveFile = new java.io.File(((pathPrefix + java.lang.Integer.toString(counter)) + .png)): null

2018-12-07 11:09:26 - [TEST_STEP][PASSED] - Statement - counter = counter + 1: null

2018-12-07 11:09:26 - [TEST_STEP][PASSED] - Statement - PreSaveFile = new java.io.File(((pathPrefix + java.lang.Integer.toString(counter)) + .png)): null

2018-12-07 11:09:26 - [TEST_STEP][PASSED] - Statement - counter = counter + 1: null

2018-12-07 11:09:26 - [TEST_STEP][PASSED] - Statement - PreSaveFile = new java.io.File(((pathPrefix + java.lang.Integer.toString(counter)) + .png)): null

2018-12-07 11:09:26 - [TEST_STEP][PASSED] - Statement - counter = counter + 1: null

2018-12-07 11:09:26 - [TEST_STEP][PASSED] - Statement - PreSaveFile = new java.io.File(((pathPrefix + java.lang.Integer.toString(counter)) + .png)): null

2018-12-07 11:09:26 - [TEST_STEP][PASSED] - Statement - counter = counter + 1: null

2018-12-07 11:09:26 - [TEST_STEP][PASSED] - Statement - PreSaveFile = new java.io.File(((pathPrefix + java.lang.Integer.toString(counter)) + .png)): null

2018-12-07 11:09:26 - [TEST_STEP][PASSED] - Statement - counter = counter + 1: null

2018-12-07 11:09:26 - [TEST_STEP][PASSED] - Statement - PreSaveFile = new java.io.File(((pathPrefix + java.lang.Integer.toString(counter)) + .png)): null

2018-12-07 11:09:26 - [TEST_STEP][PASSED] - Statement - counter = counter + 1: null

2018-12-07 11:09:26 - [TEST_STEP][PASSED] - Statement - PreSaveFile = new java.io.File(((pathPrefix + java.lang.Integer.toString(counter)) + .png)): null

2018-12-07 11:09:26 - [TEST_STEP][PASSED] - Statement - counter = counter + 1: null

2018-12-07 11:09:27 - [TEST_STEP][PASSED] - Statement - PreSaveFile = new java.io.File(((pathPrefix + java.lang.Integer.toString(counter)) + .png)): null

2018-12-07 11:09:27 - [TEST_STEP][PASSED] - Statement - counter = counter + 1: null

2018-12-07 11:09:27 - [TEST_STEP][PASSED] - Statement - PreSaveFile = new java.io.File(((pathPrefix + java.lang.Integer.toString(counter)) + .png)): null

2018-12-07 11:09:27 - [TEST_STEP][PASSED] - Statement - counter = counter + 1: null

2018-12-07 11:09:27 - [TEST_STEP][PASSED] - Statement - PreSaveFile = new java.io.File(((pathPrefix + java.lang.Integer.toString(counter)) + .png)): null

2018-12-07 11:09:27 - [TEST_STEP][PASSED] - Statement - counter = counter + 1: null

2018-12-07 11:09:27 - [TEST_STEP][PASSED] - Statement - PreSaveFile = new java.io.File(((pathPrefix + java.lang.Integer.toString(counter)) + .png)): null

2018-12-07 11:09:27 - [TEST_STEP][PASSED] - Statement - counter = counter + 1: null

2018-12-07 11:09:27 - [TEST_STEP][PASSED] - Statement - PreSaveFile = new java.io.File(((pathPrefix + java.lang.Integer.toString(counter)) + .png)): null

2018-12-07 11:09:27 - [TEST_STEP][PASSED] - Statement - counter = counter + 1: null

2018-12-07 11:09:27 - [TEST_STEP][PASSED] - Statement - PreSaveFile = new java.io.File(((pathPrefix + java.lang.Integer.toString(counter)) + .png)): null

2018-12-07 11:09:27 - [TEST_STEP][PASSED] - Statement - counter = counter + 1: null

2018-12-07 11:09:27 - [TEST_STEP][PASSED] - Statement - PreSaveFile = new java.io.File(((pathPrefix + java.lang.Integer.toString(counter)) + .png)): null

2018-12-07 11:09:27 - [TEST_STEP][PASSED] - Statement - counter = counter + 1: null

2018-12-07 11:09:27 - [TEST_STEP][PASSED] - Statement - PreSaveFile = new java.io.File(((pathPrefix + java.lang.Integer.toString(counter)) + .png)): null

2018-12-07 11:09:27 - [TEST_STEP][PASSED] - Statement - counter = counter + 1: null

2018-12-07 11:09:27 - [TEST_STEP][PASSED] - Statement - PreSaveFile = new java.io.File(((pathPrefix + java.lang.Integer.toString(counter)) + .png)): null

2018-12-07 11:09:27 - [TEST_STEP][PASSED] - Statement - counter = counter + 1: null

2018-12-07 11:09:27 - [TEST_STEP][PASSED] - Statement - PreSaveFile = new java.io.File(((pathPrefix + java.lang.Integer.toString(counter)) + .png)): null

2018-12-07 11:09:27 - [TEST_STEP][PASSED] - Statement - counter = counter + 1: null

2018-12-07 11:09:27 - [TEST_STEP][PASSED] - Statement - PreSaveFile = new java.io.File(((pathPrefix + java.lang.Integer.toString(counter)) + .png)): null

2018-12-07 11:09:27 - [TEST_STEP][PASSED] - Statement - counter = counter + 1: null

2018-12-07 11:09:27 - [TEST_STEP][PASSED] - Statement - PreSaveFile = new java.io.File(((pathPrefix + java.lang.Integer.toString(counter)) + .png)): null

2018-12-07 11:09:27 - [TEST_STEP][PASSED] - Statement - counter = counter + 1: null

2018-12-07 11:09:27 - [TEST_STEP][PASSED] - Statement - PreSaveFile = new java.io.File(((pathPrefix + java.lang.Integer.toString(counter)) + .png)): null

2018-12-07 11:09:27 - [TEST_STEP][PASSED] - Statement - counter = counter + 1: null

2018-12-07 11:09:27 - [TEST_STEP][PASSED] - Statement - PreSaveFile = new java.io.File(((pathPrefix + java.lang.Integer.toString(counter)) + .png)): null

2018-12-07 11:09:27 - [TEST_STEP][PASSED] - Statement - counter = counter + 1: null

2018-12-07 11:09:27 - [TEST_STEP][PASSED] - Statement - PreSaveFile = new java.io.File(((pathPrefix + java.lang.Integer.toString(counter)) + .png)): null

2018-12-07 11:09:27 - [TEST_STEP][PASSED] - Statement - counter = counter + 1: null

2018-12-07 11:09:28 - [TEST_STEP][PASSED] - Statement - PreSaveFile = new java.io.File(((pathPrefix + java.lang.Integer.toString(counter)) + .png)): null

2018-12-07 11:09:28 - [TEST_STEP][PASSED] - Statement - counter = counter + 1: null

2018-12-07 11:09:28 - [TEST_STEP][PASSED] - Statement - PreSaveFile = new java.io.File(((pathPrefix + java.lang.Integer.toString(counter)) + .png)): null

2018-12-07 11:09:28 - [TEST_STEP][PASSED] - Statement - counter = counter + 1: null

2018-12-07 11:09:28 - [TEST_STEP][PASSED] - Statement - PreSaveFile = new java.io.File(((pathPrefix + java.lang.Integer.toString(counter)) + .png)): null

2018-12-07 11:09:28 - [TEST_STEP][PASSED] - Statement - counter = counter + 1: null

2018-12-07 11:09:28 - [TEST_STEP][PASSED] - Statement - PreSaveFile = new java.io.File(((pathPrefix + java.lang.Integer.toString(counter)) + .png)): null

2018-12-07 11:09:28 - [TEST_STEP][PASSED] - Statement - counter = counter + 1: null

2018-12-07 11:09:28 - [TEST_STEP][PASSED] - Statement - PreSaveFile = new java.io.File(((pathPrefix + java.lang.Integer.toString(counter)) + .png)): null

2018-12-07 11:09:28 - [TEST_STEP][PASSED] - Statement - counter = counter + 1: null

2018-12-07 11:09:28 - [TEST_STEP][PASSED] - Statement - PreSaveFile = new java.io.File(((pathPrefix + java.lang.Integer.toString(counter)) + .png)): null

2018-12-07 11:09:28 - [TEST_STEP][PASSED] - Statement - counter = counter + 1: null

2018-12-07 11:09:28 - [TEST_STEP][PASSED] - Statement - PreSaveFile = new java.io.File(((pathPrefix + java.lang.Integer.toString(counter)) + .png)): null

2018-12-07 11:09:28 - [TEST_STEP][PASSED] - Statement - counter = counter + 1: null

2018-12-07 11:09:28 - [TEST_STEP][PASSED] - Statement - PreSaveFile = new java.io.File(((pathPrefix + java.lang.Integer.toString(counter)) + .png)): null

2018-12-07 11:09:28 - [TEST_STEP][PASSED] - Statement - counter = counter + 1: null

2018-12-07 11:09:28 - [TEST_STEP][PASSED] - Statement - PreSaveFile = new java.io.File(((pathPrefix + java.lang.Integer.toString(counter)) + .png)): null

2018-12-07 11:09:28 - [TEST_STEP][PASSED] - Statement - counter = counter + 1: null

2018-12-07 11:09:28 - [TEST_STEP][PASSED] - Statement - PreSaveFile = new java.io.File(((pathPrefix + java.lang.Integer.toString(counter)) + .png)): null

2018-12-07 11:09:28 - [TEST_STEP][PASSED] - Statement - counter = counter + 1: null

2018-12-07 11:09:28 - [TEST_STEP][PASSED] - Statement - PreSaveFile = new java.io.File(((pathPrefix + java.lang.Integer.toString(counter)) + .png)): null

2018-12-07 11:09:28 - [TEST_STEP][PASSED] - Statement - counter = counter + 1: null

2018-12-07 11:09:28 - [TEST_STEP][PASSED] - Statement - PreSaveFile = new java.io.File(((pathPrefix + java.lang.Integer.toString(counter)) + .png)): null

2018-12-07 11:09:28 - [TEST_STEP][PASSED] - Statement - counter = counter + 1: null

2018-12-07 11:09:28 - [TEST_STEP][PASSED] - Statement - PreSaveFile = new java.io.File(((pathPrefix + java.lang.Integer.toString(counter)) + .png)): null

2018-12-07 11:09:28 - [TEST_STEP][PASSED] - Statement - counter = counter + 1: null

2018-12-07 11:09:28 - [TEST_STEP][PASSED] - Statement - PreSaveFile = new java.io.File(((pathPrefix + java.lang.Integer.toString(counter)) + .png)): null

2018-12-07 11:09:28 - [TEST_STEP][PASSED] - Statement - counter = counter + 1: null

2018-12-07 11:09:29 - [TEST_STEP][PASSED] - Statement - PreSaveFile = new java.io.File(((pathPrefix + java.lang.Integer.toString(counter)) + .png)): null

2018-12-07 11:09:29 - [TEST_STEP][PASSED] - Statement - counter = counter + 1: null

2018-12-07 11:09:29 - [TEST_STEP][PASSED] - Statement - PreSaveFile = new java.io.File(((pathPrefix + java.lang.Integer.toString(counter)) + .png)): null

2018-12-07 11:09:29 - [TEST_STEP][PASSED] - Statement - counter = counter + 1: null

2018-12-07 11:09:29 - [TEST_STEP][PASSED] - Statement - PreSaveFile = new java.io.File(((pathPrefix + java.lang.Integer.toString(counter)) + .png)): null

2018-12-07 11:09:29 - [TEST_STEP][PASSED] - Statement - counter = counter + 1: null

2018-12-07 11:09:29 - [TEST_STEP][PASSED] - Statement - PreSaveFile = new java.io.File(((pathPrefix + java.lang.Integer.toString(counter)) + .png)): null

2018-12-07 11:09:29 - [TEST_STEP][PASSED] - Statement - counter = counter + 1: null

2018-12-07 11:09:29 - [TEST_STEP][PASSED] - Statement - PreSaveFile = new java.io.File(((pathPrefix + java.lang.Integer.toString(counter)) + .png)): null

2018-12-07 11:09:29 - [TEST_STEP][PASSED] - Statement - counter = counter + 1: null

2018-12-07 11:09:29 - [TEST_STEP][PASSED] - Statement - PreSaveFile = new java.io.File(((pathPrefix + java.lang.Integer.toString(counter)) + .png)): null

2018-12-07 11:09:29 - [TEST_STEP][PASSED] - Statement - counter = counter + 1: null

2018-12-07 11:09:29 - [TEST_STEP][PASSED] - Statement - PreSaveFile = new java.io.File(((pathPrefix + java.lang.Integer.toString(counter)) + .png)): null

2018-12-07 11:09:29 - [TEST_STEP][PASSED] - Statement - counter = counter + 1: null

2018-12-07 11:09:29 - [TEST_STEP][PASSED] - Statement - PreSaveFile = new java.io.File(((pathPrefix + java.lang.Integer.toString(counter)) + .png)): null

2018-12-07 11:09:29 - [TEST_STEP][PASSED] - Statement - counter = counter + 1: null

2018-12-07 11:09:29 - [TEST_STEP][PASSED] - Statement - PreSaveFile = new java.io.File(((pathPrefix + java.lang.Integer.toString(counter)) + .png)): null

2018-12-07 11:09:29 - [TEST_STEP][PASSED] - Statement - counter = counter + 1: null

2018-12-07 11:09:29 - [TEST_STEP][PASSED] - Statement - PreSaveFile = new java.io.File(((pathPrefix + java.lang.Integer.toString(counter)) + .png)): null

2018-12-07 11:09:29 - [TEST_STEP][PASSED] - Statement - counter = counter + 1: null

2018-12-07 11:09:29 - [TEST_STEP][PASSED] - Statement - PreSaveFile = new java.io.File(((pathPrefix + java.lang.Integer.toString(counter)) + .png)): null

2018-12-07 11:09:29 - [TEST_STEP][PASSED] - Statement - counter = counter + 1: null

2018-12-07 11:09:29 - [TEST_STEP][PASSED] - Statement - PreSaveFile = new java.io.File(((pathPrefix + java.lang.Integer.toString(counter)) + .png)): null

2018-12-07 11:09:29 - [TEST_STEP][PASSED] - Statement - counter = counter + 1: null

2018-12-07 11:09:29 - [TEST_STEP][PASSED] - Statement - PreSaveFile = new java.io.File(((pathPrefix + java.lang.Integer.toString(counter)) + .png)): null

2018-12-07 11:09:29 - [TEST_STEP][PASSED] - Statement - counter = counter + 1: null

2018-12-07 11:09:29 - [TEST_STEP][PASSED] - Statement - PreSaveFile = new java.io.File(((pathPrefix + java.lang.Integer.toString(counter)) + .png)): null

2018-12-07 11:09:29 - [TEST_STEP][PASSED] - Statement - counter = counter + 1: null

2018-12-07 11:09:29 - [TEST_STEP][PASSED] - Statement - PreSaveFile = new java.io.File(((pathPrefix + java.lang.Integer.toString(counter)) + .png)): null

2018-12-07 11:09:30 - [TEST_STEP][PASSED] - Statement - counter = counter + 1: null

2018-12-07 11:09:30 - [TEST_STEP][PASSED] - Statement - PreSaveFile = new java.io.File(((pathPrefix + java.lang.Integer.toString(counter)) + .png)): null

2018-12-07 11:09:30 - [TEST_STEP][PASSED] - Statement - counter = counter + 1: null

2018-12-07 11:09:30 - [TEST_STEP][PASSED] - Statement - PreSaveFile = new java.io.File(((pathPrefix + java.lang.Integer.toString(counter)) + .png)): null

2018-12-07 11:09:30 - [TEST_STEP][PASSED] - Statement - counter = counter + 1: null

2018-12-07 11:09:30 - [TEST_STEP][PASSED] - Statement - PreSaveFile = new java.io.File(((pathPrefix + java.lang.Integer.toString(counter)) + .png)): null

2018-12-07 11:09:30 - [TEST_STEP][PASSED] - Statement - counter = counter + 1: null

2018-12-07 11:09:30 - [TEST_STEP][PASSED] - Statement - PreSaveFile = new java.io.File(((pathPrefix + java.lang.Integer.toString(counter)) + .png)): null

2018-12-07 11:09:30 - [TEST_STEP][PASSED] - Statement - counter = counter + 1: null

2018-12-07 11:09:30 - [TEST_STEP][PASSED] - Statement - PreSaveFile = new java.io.File(((pathPrefix + java.lang.Integer.toString(counter)) + .png)): null

2018-12-07 11:09:30 - [TEST_STEP][PASSED] - Statement - counter = counter + 1: null

2018-12-07 11:09:30 - [TEST_STEP][PASSED] - Statement - PreSaveFile = new java.io.File(((pathPrefix + java.lang.Integer.toString(counter)) + .png)): null

2018-12-07 11:09:30 - [TEST_STEP][PASSED] - Statement - counter = counter + 1: null

2018-12-07 11:09:30 - [TEST_STEP][PASSED] - Statement - PreSaveFile = new java.io.File(((pathPrefix + java.lang.Integer.toString(counter)) + .png)): null

2018-12-07 11:09:30 - [TEST_STEP][PASSED] - Statement - counter = counter + 1: null

2018-12-07 11:09:30 - [TEST_STEP][PASSED] - Statement - PreSaveFile = new java.io.File(((pathPrefix + java.lang.Integer.toString(counter)) + .png)): null

2018-12-07 11:09:30 - [TEST_STEP][PASSED] - Statement - counter = counter + 1: null

2018-12-07 11:09:30 - [TEST_STEP][PASSED] - Statement - PreSaveFile = new java.io.File(((pathPrefix + java.lang.Integer.toString(counter)) + .png)): null

2018-12-07 11:09:30 - [TEST_STEP][PASSED] - Statement - counter = counter + 1: null

2018-12-07 11:09:30 - [TEST_STEP][PASSED] - Statement - PreSaveFile = new java.io.File(((pathPrefix + java.lang.Integer.toString(counter)) + .png)): null

2018-12-07 11:09:30 - [TEST_STEP][PASSED] - Statement - counter = counter + 1: null

2018-12-07 11:09:30 - [TEST_STEP][PASSED] - Statement - PreSaveFile = new java.io.File(((pathPrefix + java.lang.Integer.toString(counter)) + .png)): null

2018-12-07 11:09:30 - [TEST_STEP][PASSED] - Statement - counter = counter + 1: null

2018-12-07 11:09:30 - [TEST_STEP][PASSED] - Statement - PreSaveFile = new java.io.File(((pathPrefix + java.lang.Integer.toString(counter)) + .png)): null

2018-12-07 11:09:30 - [TEST_STEP][PASSED] - Statement - counter = counter + 1: null

2018-12-07 11:09:30 - [TEST_STEP][PASSED] - Statement - PreSaveFile = new java.io.File(((pathPrefix + java.lang.Integer.toString(counter)) + .png)): null

2018-12-07 11:09:30 - [TEST_STEP][PASSED] - Statement - counter = counter + 1: null

2018-12-07 11:09:30 - [TEST_STEP][PASSED] - Statement - PreSaveFile = new java.io.File(((pathPrefix + java.lang.Integer.toString(counter)) + .png)): null

2018-12-07 11:09:30 - [TEST_STEP][PASSED] - Statement - counter = counter + 1: null

2018-12-07 11:09:31 - [TEST_STEP][PASSED] - Statement - PreSaveFile = new java.io.File(((pathPrefix + java.lang.Integer.toString(counter)) + .png)): null

2018-12-07 11:09:31 - [TEST_STEP][PASSED] - Statement - counter = counter + 1: null

2018-12-07 11:09:31 - [TEST_STEP][PASSED] - Statement - PreSaveFile = new java.io.File(((pathPrefix + java.lang.Integer.toString(counter)) + .png)): null

2018-12-07 11:09:31 - [TEST_STEP][PASSED] - Statement - counter = counter + 1: null

2018-12-07 11:09:31 - [TEST_STEP][PASSED] - Statement - PreSaveFile = new java.io.File(((pathPrefix + java.lang.Integer.toString(counter)) + .png)): null

2018-12-07 11:09:31 - [TEST_STEP][PASSED] - Statement - counter = counter + 1: null

2018-12-07 11:09:31 - [TEST_STEP][PASSED] - Statement - PreSaveFile = new java.io.File(((pathPrefix + java.lang.Integer.toString(counter)) + .png)): null

2018-12-07 11:09:31 - [TEST_STEP][PASSED] - Statement - counter = counter + 1: null

2018-12-07 11:09:31 - [TEST_STEP][PASSED] - Statement - PreSaveFile = new java.io.File(((pathPrefix + java.lang.Integer.toString(counter)) + .png)): null

2018-12-07 11:09:31 - [TEST_STEP][PASSED] - Statement - counter = counter + 1: null

2018-12-07 11:09:31 - [TEST_STEP][PASSED] - Statement - PreSaveFile = new java.io.File(((pathPrefix + java.lang.Integer.toString(counter)) + .png)): null

2018-12-07 11:09:31 - [TEST_STEP][PASSED] - Statement - counter = counter + 1: null

2018-12-07 11:09:31 - [TEST_STEP][PASSED] - Statement - PreSaveFile = new java.io.File(((pathPrefix + java.lang.Integer.toString(counter)) + .png)): null

2018-12-07 11:09:31 - [TEST_STEP][PASSED] - Statement - counter = counter + 1: null

2018-12-07 11:09:31 - [TEST_STEP][PASSED] - Statement - PreSaveFile = new java.io.File(((pathPrefix + java.lang.Integer.toString(counter)) + .png)): null

2018-12-07 11:09:31 - [TEST_STEP][PASSED] - Statement - counter = counter + 1: null

2018-12-07 11:09:31 - [TEST_STEP][PASSED] - Statement - PreSaveFile = new java.io.File(((pathPrefix + java.lang.Integer.toString(counter)) + .png)): null

2018-12-07 11:09:31 - [TEST_STEP][PASSED] - Statement - counter = counter + 1: null

2018-12-07 11:09:31 - [TEST_STEP][PASSED] - Statement - PreSaveFile = new java.io.File(((pathPrefix + java.lang.Integer.toString(counter)) + .png)): null

2018-12-07 11:09:31 - [TEST_STEP][PASSED] - Statement - counter = counter + 1: null

2018-12-07 11:09:31 - [TEST_STEP][PASSED] - Statement - PreSaveFile = new java.io.File(((pathPrefix + java.lang.Integer.toString(counter)) + .png)): null

2018-12-07 11:09:31 - [TEST_STEP][PASSED] - Statement - counter = counter + 1: null

2018-12-07 11:09:31 - [TEST_STEP][PASSED] - Statement - PreSaveFile = new java.io.File(((pathPrefix + java.lang.Integer.toString(counter)) + .png)): null

2018-12-07 11:09:31 - [TEST_STEP][PASSED] - Statement - counter = counter + 1: null

2018-12-07 11:09:31 - [TEST_STEP][PASSED] - Statement - PreSaveFile = new java.io.File(((pathPrefix + java.lang.Integer.toString(counter)) + .png)): null

2018-12-07 11:09:31 - [TEST_STEP][PASSED] - Statement - counter = counter + 1: null

2018-12-07 11:09:31 - [TEST_STEP][PASSED] - Statement - PreSaveFile = new java.io.File(((pathPrefix + java.lang.Integer.toString(counter)) + .png)): null

2018-12-07 11:09:31 - [TEST_STEP][PASSED] - Statement - counter = counter + 1: null

2018-12-07 11:09:32 - [TEST_STEP][PASSED] - Statement - PreSaveFile = new java.io.File(((pathPrefix + java.lang.Integer.toString(counter)) + .png)): null

2018-12-07 11:09:32 - [TEST_STEP][PASSED] - Statement - counter = counter + 1: null

2018-12-07 11:09:32 - [TEST_STEP][PASSED] - Statement - PreSaveFile = new java.io.File(((pathPrefix + java.lang.Integer.toString(counter)) + .png)): null

2018-12-07 11:09:32 - [TEST_STEP][PASSED] - Statement - counter = counter + 1: null

2018-12-07 11:09:32 - [TEST_STEP][PASSED] - Statement - PreSaveFile = new java.io.File(((pathPrefix + java.lang.Integer.toString(counter)) + .png)): null

2018-12-07 11:09:32 - [TEST_STEP][PASSED] - Statement - counter = counter + 1: null

2018-12-07 11:09:32 - [TEST_STEP][PASSED] - Statement - PreSaveFile = new java.io.File(((pathPrefix + java.lang.Integer.toString(counter)) + .png)): null

2018-12-07 11:09:32 - [TEST_STEP][PASSED] - Statement - counter = counter + 1: null

2018-12-07 11:09:32 - [TEST_STEP][PASSED] - Statement - PreSaveFile = new java.io.File(((pathPrefix + java.lang.Integer.toString(counter)) + .png)): null

2018-12-07 11:09:32 - [TEST_STEP][PASSED] - Statement - counter = counter + 1: null

2018-12-07 11:09:32 - [TEST_STEP][PASSED] - Statement - PreSaveFile = new java.io.File(((pathPrefix + java.lang.Integer.toString(counter)) + .png)): null

2018-12-07 11:09:32 - [TEST_STEP][PASSED] - Statement - counter = counter + 1: null

2018-12-07 11:09:32 - [TEST_STEP][PASSED] - Statement - PreSaveFile = new java.io.File(((pathPrefix + java.lang.Integer.toString(counter)) + .png)): null

2018-12-07 11:09:32 - [TEST_STEP][PASSED] - Statement - counter = counter + 1: null

2018-12-07 11:09:32 - [TEST_STEP][PASSED] - Statement - PreSaveFile = new java.io.File(((pathPrefix + java.lang.Integer.toString(counter)) + .png)): null

2018-12-07 11:09:32 - [TEST_STEP][PASSED] - Statement - counter = counter + 1: null

2018-12-07 11:09:32 - [TEST_STEP][PASSED] - Statement - PreSaveFile = new java.io.File(((pathPrefix + java.lang.Integer.toString(counter)) + .png)): null

2018-12-07 11:09:32 - [TEST_STEP][PASSED] - Statement - counter = counter + 1: null

2018-12-07 11:09:32 - [TEST_STEP][PASSED] - Statement - PreSaveFile = new java.io.File(((pathPrefix + java.lang.Integer.toString(counter)) + .png)): null

2018-12-07 11:09:32 - [TEST_STEP][PASSED] - Statement - finalPath = pathPrefix + java.lang.Integer.toString(counter) + ".png": null

2018-12-07 11:09:32 - [TEST_STEP][PASSED] - Statement - SaveFile = new java.io.File(finalPath): null

2018-12-07 11:09:32 - [TEST_STEP][PASSED] - Statement - Try: null

2018-12-07 11:09:32 - [TEST_STEP][PASSED] - Statement - org.apache.commons.io.FileUtils.copyFile(scrFile, SaveFile): null

2018-12-07 11:09:32 - [TEST_STEP][PASSED] - Statement - out.println("file kept"): null

2018-12-07 11:09:32 - [TEST_STEP][PASSED] - delay: Delayed 10 second(s)

2018-12-07 11:09:42 - [MESSAGE][PASSED] - Delayed 10 second(s)

2018-12-07 11:09:42 - [MESSAGE][PASSED] - Call Test Case 'Test Cases/Final Aug 2018 - PKS Automation/Common/Screenshoting tool' successfully

2018-12-07 11:09:42 - [TEST_STEP][PASSED] - callTestCase: Call Test Case 'Test Cases/Final Aug 2018 - PKS Automation/Registration Module/Log Out/log out avoiding katalon tagging' successfully

2018-12-07 11:09:42 - [TEST_CASE][PASSED] - Test Cases/Final Aug 2018 - PKS Automation/Registration Module/Log Out/log out avoiding katalon tagging: Test Cases/Final Aug 2018 - PKS Automation/Registration Module/Log Out/log out avoiding katalon tagging

2018-12-07 11:09:42 - [TEST_STEP][PASSED] - navigateToUrl: Navigate to 'https://assist2-uat.perkeso.gov.my/c/portal/logout' successfully

2018-12-07 11:09:43 - [MESSAGE][PASSED] - Navigate to 'https://assist2-uat.perkeso.gov.my/c/portal/logout' successfully

2018-12-07 11:09:43 - [MESSAGE][PASSED] - Call Test Case 'Test Cases/Final Aug 2018 - PKS Automation/Registration Module/Log Out/log out avoiding katalon tagging' successfully

2018-12-07 11:09:43 - [TEST_STEP][PASSED] - callTestCase: Call Test Case 'Test Cases/Final Aug 2018 - PKS Automation/Common/Workflow Owner Finder' successfully

2018-12-07 11:09:43 - [TEST_CASE][PASSED] - Test Cases/Final Aug 2018 - PKS Automation/Common/Workflow Owner Finder: Test Cases/Final Aug 2018 - PKS Automation/Common/Workflow Owner Finder

2018-12-07 11:09:43 - [TEST_STEP][PASSED] - openBrowser: Browser is opened with url: ''

2018-12-07 11:09:43 - [MESSAGE][WARNING] - A browser is already opened. Closing browser and opening a new one

2018-12-07 11:09:46 - [MESSAGE][PASSED] - Browser is opened with url: ''

2018-12-07 11:09:46 - [TEST_STEP][PASSED] - navigateToUrl: Navigate to 'https://assist2-uat.perkeso.gov.my/login' successfully

2018-12-07 11:09:47 - [MESSAGE][PASSED] - Navigate to 'https://assist2-uat.perkeso.gov.my/login' successfully

2018-12-07 11:09:47 - [TEST_STEP][PASSED] - delay: Delayed 5 second(s)

2018-12-07 11:09:52 - [MESSAGE][PASSED] - Delayed 5 second(s)

2018-12-07 11:09:52 - [TEST_STEP][PASSED] - setText: Text 'test@liferay.com' is set on object 'Object Repository/Final Object Repo/Login Page/Internal User/Email Address'

2018-12-07 11:09:53 - [MESSAGE][PASSED] - Text 'test@liferay.com' is set on object 'Object Repository/Final Object Repo/Login Page/Internal User/Email Address'

2018-12-07 11:09:53 - [TEST_STEP][PASSED] - click: Object: 'Object Repository/Final Object Repo/Login Page/Internal User/Next Button' is clicked on

2018-12-07 11:09:53 - [MESSAGE][PASSED] - Object: 'Object Repository/Final Object Repo/Login Page/Internal User/Next Button' is clicked on

2018-12-07 11:09:53 - [TEST_STEP][PASSED] - delay: Delayed 2 second(s)

2018-12-07 11:09:55 - [MESSAGE][PASSED] - Delayed 2 second(s)

2018-12-07 11:09:55 - [TEST_STEP][PASSED] - setText: Text 'test' is set on object 'Object Repository/Final Object Repo/Login Page/Internal User/Password'

2018-12-07 11:09:55 - [MESSAGE][PASSED] - Text 'test' is set on object 'Object Repository/Final Object Repo/Login Page/Internal User/Password'

2018-12-07 11:09:55 - [TEST_STEP][PASSED] - delay: Delayed 2 second(s)

2018-12-07 11:09:57 - [MESSAGE][PASSED] - Delayed 2 second(s)

2018-12-07 11:09:57 - [TEST_STEP][PASSED] - click: Object: 'Object Repository/Final Object Repo/Login Page/Internal User/Login Button' is clicked on

2018-12-07 11:09:57 - [MESSAGE][PASSED] - Object: 'Object Repository/Final Object Repo/Login Page/Internal User/Login Button' is clicked on

2018-12-07 11:09:57 - [TEST_STEP][PASSED] - Statement - tester = com.kms.katalon.core.testobject.ObjectRepository.findTestObject(Final Object Repo/Landing Page/Select to English): Finding Test Object with id 'Object Repository/Final Object Repo/Landing Page/Select to English'

2018-12-07 11:09:57 - [TEST_STEP][PASSED] - Statement - Try: Delayed 2 second(s)

2018-12-07 11:09:57 - [TEST_STEP][PASSED] - Statement - Checker = com.kms.katalon.core.webui.keyword.WebUiBuiltInKeywords.verifyElementNotPresent(tester, 3): Web element with id: 'Object Repository/Final Object Repo/Landing Page/Select to English' located by 'By.xpath: //a[@class = 'taglib-language-list-text' and @lang = 'en-US' and (contains(text(), 'EN') or contains(., 'EN'))]' is not present after '3' second(s)

2018-12-07 11:09:59 - [MESSAGE][PASSED] - Web element with id: 'Object Repository/Final Object Repo/Landing Page/Select to English' located by 'By.xpath: //a[@class = 'taglib-language-list-text' and @lang = 'en-US' and (contains(text(), 'EN') or contains(., 'EN'))]' is not present after '3' second(s)

2018-12-07 11:09:59 - [TEST_STEP][PASSED] - Statement - If (Checker == false): null

2018-12-07 11:09:59 - [TEST_STEP][PASSED] - delay: Delayed 2 second(s)

2018-12-07 11:10:01 - [MESSAGE][PASSED] - Delayed 2 second(s)

2018-12-07 11:10:01 - [TEST_STEP][PASSED] - delay: Delayed 5 second(s)

2018-12-07 11:10:06 - [MESSAGE][PASSED] - Delayed 5 second(s)

2018-12-07 11:10:06 - [TEST_STEP][PASSED] - mouseOver: Object: 'Object Repository/Final Object Repo/Landing Page/WorkFlow Menu' is hovered

2018-12-07 11:10:06 - [MESSAGE][PASSED] - Object: 'Object Repository/Final Object Repo/Landing Page/WorkFlow Menu' is hovered

2018-12-07 11:10:06 - [TEST_STEP][PASSED] - delay: Delayed 2 second(s)

2018-12-07 11:10:08 - [MESSAGE][PASSED] - Delayed 2 second(s)

2018-12-07 11:10:08 - [TEST_STEP][PASSED] - click: Object: 'Object Repository/Final Object Repo/Landing Page/Select to Workflow Listing' is clicked on

2018-12-07 11:10:10 - [MESSAGE][PASSED] - Object: 'Object Repository/Final Object Repo/Landing Page/Select to Workflow Listing' is clicked on

2018-12-07 11:10:10 - [TEST_STEP][PASSED] - delay: Delayed 2 second(s)

2018-12-07 11:10:12 - [MESSAGE][PASSED] - Delayed 2 second(s)

2018-12-07 11:10:12 - [TEST_STEP][PASSED] - click: Object: 'Object Repository/Final Object Repo/WorkFlow Listing Page/Search Information - To Put Ref No' is clicked on

2018-12-07 11:10:12 - [MESSAGE][PASSED] - Object: 'Object Repository/Final Object Repo/WorkFlow Listing Page/Search Information - To Put Ref No' is clicked on

2018-12-07 11:10:12 - [TEST_STEP][PASSED] - delay: Delayed 2 second(s)

2018-12-07 11:10:14 - [MESSAGE][PASSED] - Delayed 2 second(s)

2018-12-07 11:10:14 - [TEST_STEP][PASSED] - callTestCase: Call Test Case 'Test Cases/Final Aug 2018 - PKS Automation/Common/Reference Number Getter' successfully

2018-12-07 11:10:14 - [TEST_CASE][PASSED] - Test Cases/Final Aug 2018 - PKS Automation/Common/Reference Number Getter: Test Cases/Final Aug 2018 - PKS Automation/Common/Reference Number Getter

2018-12-07 11:10:14 - [TEST_STEP][PASSED] - Statement - Try: null

2018-12-07 11:10:14 - [TEST_STEP][PASSED] - Statement - RefNo = new java.io.File(C://Users//Admin//Desktop//PKS//Automation Reference Point//KatalonReference.txt): null

2018-12-07 11:10:14 - [TEST_STEP][PASSED] - Statement - bufferread = new java.io.BufferedReader(new java.io.FileReader(RefNo)): null

2018-12-07 11:10:14 - [TEST_STEP][PASSED] - Statement - readedVal = bufferread.readLine(): null

2018-12-07 11:10:14 - [TEST_STEP][PASSED] - Statement - out.println(CaseReferenceNo): null

2018-12-07 11:10:14 - [TEST_STEP][PASSED] - Statement - out.println(readedVal): null

2018-12-07 11:10:14 - [TEST_STEP][PASSED] - Statement - CaseReferenceNo = "": null

2018-12-07 11:10:14 - [TEST_STEP][PASSED] - Statement - CaseReferenceNo = readedVal: null

2018-12-07 11:10:14 - [MESSAGE][PASSED] - Call Test Case 'Test Cases/Final Aug 2018 - PKS Automation/Common/Reference Number Getter' successfully

2018-12-07 11:10:14 - [TEST_STEP][PASSED] - setText: Text 'CAN12201800002285' is set on object 'Object Repository/Final Object Repo/WorkFlow Listing Page/Ref No Set Text'

2018-12-07 11:10:15 - [MESSAGE][PASSED] - Text 'CAN12201800002285' is set on object 'Object Repository/Final Object Repo/WorkFlow Listing Page/Ref No Set Text'

2018-12-07 11:10:15 - [TEST_STEP][PASSED] - delay: Delayed 2 second(s)

2018-12-07 11:10:17 - [MESSAGE][PASSED] - Delayed 2 second(s)

2018-12-07 11:10:17 - [TEST_STEP][PASSED] - click: Object: 'Object Repository/Final Object Repo/WorkFlow Listing Page/Search Ref No Search Button' is clicked on

2018-12-07 11:10:17 - [MESSAGE][PASSED] - Object: 'Object Repository/Final Object Repo/WorkFlow Listing Page/Search Ref No Search Button' is clicked on

2018-12-07 11:10:17 - [TEST_STEP][PASSED] - delay: Delayed 6 second(s)

2018-12-07 11:10:23 - [MESSAGE][PASSED] - Delayed 6 second(s)

2018-12-07 11:10:23 - [TEST_STEP][PASSED] - click: Object: 'Object Repository/Final Object Repo/WorkFlow Listing Page/Click Continue Tooltip' is clicked on

2018-12-07 11:10:24 - [MESSAGE][PASSED] - Object: 'Object Repository/Final Object Repo/WorkFlow Listing Page/Click Continue Tooltip' is clicked on

2018-12-07 11:10:24 - [TEST_STEP][PASSED] - delay: Delayed 5 second(s)

2018-12-07 11:10:29 - [MESSAGE][PASSED] - Delayed 5 second(s)

2018-12-07 11:10:29 - [TEST_STEP][PASSED] - doubleClick: Object: 'Object Repository/Final Object Repo/WorkFlow Listing Page/Workflow Found - Listing 1' is double clicked on

2018-12-07 11:10:29 - [MESSAGE][PASSED] - Object: 'Object Repository/Final Object Repo/WorkFlow Listing Page/Workflow Found - Listing 1' is double clicked on

2018-12-07 11:10:29 - [TEST_STEP][PASSED] - Statement - println(OwnerID): null

2018-12-07 11:10:29 - [TEST_STEP][PASSED] - Statement - OwnerID = com.kms.katalon.core.webui.keyword.WebUiBuiltInKeywords.getText(com.kms.katalon.core.testobject.ObjectRepository.findTestObject(Final Object Repo/WorkFlow Listing Page/Workflow Found - Listing 1), STOP_ON_FAILURE): Text of object 'Object Repository/Final Object Repo/WorkFlow Listing Page/Workflow Found - Listing 1' is: 'JOHORro2'

2018-12-07 11:10:29 - [MESSAGE][PASSED] - Text of object 'Object Repository/Final Object Repo/WorkFlow Listing Page/Workflow Found - Listing 1' is: 'JOHORro2'

2018-12-07 11:10:29 - [TEST_STEP][PASSED] - Statement - OwnerID = OwnerID.toLowerCase() + "@gmail.com": null

2018-12-07 11:10:29 - [TEST_STEP][PASSED] - Statement - println(OwnerID): null

2018-12-07 11:10:29 - [TEST_STEP][PASSED] - delay: Delayed 2 second(s)

2018-12-07 11:10:31 - [MESSAGE][PASSED] - Delayed 2 second(s)

2018-12-07 11:10:31 - [MESSAGE][PASSED] - Call Test Case 'Test Cases/Final Aug 2018 - PKS Automation/Common/Workflow Owner Finder' successfully

2018-12-07 11:10:31 - [TEST_STEP][PASSED] - callTestCase: Call Test Case 'Test Cases/Final Aug 2018 - PKS Automation/Registration Module/Log Out/log out avoiding katalon tagging' successfully

2018-12-07 11:10:31 - [TEST_CASE][PASSED] - Test Cases/Final Aug 2018 - PKS Automation/Registration Module/Log Out/log out avoiding katalon tagging: Test Cases/Final Aug 2018 - PKS Automation/Registration Module/Log Out/log out avoiding katalon tagging

2018-12-07 11:10:31 - [TEST_STEP][PASSED] - navigateToUrl: Navigate to 'https://assist2-uat.perkeso.gov.my/c/portal/logout' successfully

2018-12-07 11:10:32 - [MESSAGE][PASSED] - Navigate to 'https://assist2-uat.perkeso.gov.my/c/portal/logout' successfully

2018-12-07 11:10:32 - [MESSAGE][PASSED] - Call Test Case 'Test Cases/Final Aug 2018 - PKS Automation/Registration Module/Log Out/log out avoiding katalon tagging' successfully

2018-12-07 11:10:32 - [TEST_STEP][PASSED] - delay: Delayed 2 second(s)

2018-12-07 11:10:34 - [MESSAGE][PASSED] - Delayed 2 second(s)

2018-12-07 11:10:34 - [TEST_STEP][PASSED] - setText: Text 'johorro2@gmail.com' is set on object 'Object Repository/Final Object Repo/Page_Update Add New Employee - ASSIST/Email TextBox'

2018-12-07 11:10:34 - [MESSAGE][PASSED] - Text 'johorro2@gmail.com' is set on object 'Object Repository/Final Object Repo/Page_Update Add New Employee - ASSIST/Email TextBox'

2018-12-07 11:10:34 - [TEST_STEP][PASSED] - click: Object: 'Object Repository/Final Object Repo/Page_Update Add New Employee - ASSIST/Next Button' is clicked on

2018-12-07 11:10:34 - [MESSAGE][PASSED] - Object: 'Object Repository/Final Object Repo/Page_Update Add New Employee - ASSIST/Next Button' is clicked on

2018-12-07 11:10:34 - [TEST_STEP][PASSED] - delay: Delayed 2 second(s)

2018-12-07 11:10:36 - [MESSAGE][PASSED] - Delayed 2 second(s)

2018-12-07 11:10:36 - [TEST_STEP][PASSED] - setText: Text 'Test1@3456789' is set on object 'Object Repository/Final Object Repo/Page_Update Add New Employee - ASSIST/Password TextBox'

2018-12-07 11:10:37 - [MESSAGE][PASSED] - Text 'Test1@3456789' is set on object 'Object Repository/Final Object Repo/Page_Update Add New Employee - ASSIST/Password TextBox'

2018-12-07 11:10:37 - [TEST_STEP][PASSED] - delay: Delayed 2 second(s)

2018-12-07 11:10:39 - [MESSAGE][PASSED] - Delayed 2 second(s)

2018-12-07 11:10:39 - [TEST_STEP][PASSED] - click: Object: 'Object Repository/Final Object Repo/Page_Update Add New Employee - ASSIST/Login Button' is clicked on

2018-12-07 11:10:39 - [MESSAGE][PASSED] - Object: 'Object Repository/Final Object Repo/Page_Update Add New Employee - ASSIST/Login Button' is clicked on

2018-12-07 11:10:39 - [TEST_STEP][PASSED] - delay: Delayed 4 second(s)

2018-12-07 11:10:43 - [MESSAGE][PASSED] - Delayed 4 second(s)

2018-12-07 11:10:43 - [TEST_STEP][PASSED] - Statement - Try: Delayed 2 second(s)

2018-12-07 11:10:43 - [TEST_STEP][PASSED] - Statement - Checker = false: null

2018-12-07 11:10:43 - [TEST_STEP][PASSED] - Statement - Checker = com.kms.katalon.core.webui.keyword.WebUiBuiltInKeywords.verifyElementHasAttribute(com.kms.katalon.core.testobject.ObjectRepository.findTestObject(Final Object Repo/Landing Page/BM Detecting), "href", 20, OPTIONAL): Object 'Object Repository/Final Object Repo/Landing Page/BM Detecting' has attribute 'href'

2018-12-07 11:10:43 - [MESSAGE][PASSED] - Object 'Object Repository/Final Object Repo/Landing Page/BM Detecting' has attribute 'href'

2018-12-07 11:10:43 - [TEST_STEP][PASSED] - Statement - out.println(Checker): null

2018-12-07 11:10:43 - [TEST_STEP][PASSED] - Statement - If (Checker == false): null

2018-12-07 11:10:43 - [TEST_STEP][PASSED] - Statement - Else: null

2018-12-07 11:10:43 - [TEST_STEP][PASSED] - delay: Delayed 2 second(s)

2018-12-07 11:10:45 - [MESSAGE][PASSED] - Delayed 2 second(s)

2018-12-07 11:10:45 - [TEST_STEP][PASSED] - delay: Delayed 4 second(s)

2018-12-07 11:10:49 - [MESSAGE][PASSED] - Delayed 4 second(s)

2018-12-07 11:10:49 - [TEST_STEP][PASSED] - click: Object: 'Object Repository/Final Object Repo/New Registration - Registration Module Pages/New Reg - OTC to RO/Special Case - All Related Objects/Expand to Search' is clicked on

2018-12-07 11:10:49 - [MESSAGE][PASSED] - Object: 'Object Repository/Final Object Repo/New Registration - Registration Module Pages/New Reg - OTC to RO/Special Case - All Related Objects/Expand to Search' is clicked on

2018-12-07 11:10:49 - [TEST_STEP][PASSED] - setText: Text 'CAN12201800002285' is set on object 'Object Repository/Final Object Repo/New Registration - Registration Module Pages/New Reg - OTC to RO/Special Case - All Related Objects/TextBox RefNo in Workbasket'

2018-12-07 11:10:50 - [MESSAGE][PASSED] - Text 'CAN12201800002285' is set on object 'Object Repository/Final Object Repo/New Registration - Registration Module Pages/New Reg - OTC to RO/Special Case - All Related Objects/TextBox RefNo in Workbasket'

2018-12-07 11:10:50 - [TEST_STEP][PASSED] - delay: Delayed 2 second(s)

2018-12-07 11:10:52 - [MESSAGE][PASSED] - Delayed 2 second(s)

2018-12-07 11:10:52 - [TEST_STEP][PASSED] - click: Object: 'Object Repository/Final Object Repo/New Registration - Registration Module Pages/New Reg - OTC to RO/Special Case - All Related Objects/Click Search' is clicked on

2018-12-07 11:10:52 - [MESSAGE][PASSED] - Object: 'Object Repository/Final Object Repo/New Registration - Registration Module Pages/New Reg - OTC to RO/Special Case - All Related Objects/Click Search' is clicked on

2018-12-07 11:10:52 - [TEST_STEP][PASSED] - delay: Delayed 2 second(s)

2018-12-07 11:10:54 - [MESSAGE][PASSED] - Delayed 2 second(s)

2018-12-07 11:10:54 - [TEST_STEP][PASSED] - click: Object: 'Object Repository/Final Object Repo/New Registration - Registration Module Pages/New Reg - OTC to RO/Special Case - All Related Objects/Click to Continue Workflow' is clicked on

2018-12-07 11:10:58 - [MESSAGE][PASSED] - Object: 'Object Repository/Final Object Repo/New Registration - Registration Module Pages/New Reg - OTC to RO/Special Case - All Related Objects/Click to Continue Workflow' is clicked on

2018-12-07 11:10:58 - [TEST_STEP][PASSED] - delay: Delayed 10 second(s)

2018-12-07 11:11:08 - [MESSAGE][PASSED] - Delayed 10 second(s)

2018-12-07 11:11:08 - [TEST_STEP][PASSED] - click: Object: 'Object Repository/Final Object Repo/New Registration - Registration Module Pages/New Reg - OTC to RO/Special Case - All Related Objects/Continue Button in verifying case' is clicked on

2018-12-07 11:11:12 - [MESSAGE][PASSED] - Object: 'Object Repository/Final Object Repo/New Registration - Registration Module Pages/New Reg - OTC to RO/Special Case - All Related Objects/Continue Button in verifying case' is clicked on

2018-12-07 11:11:12 - [TEST_STEP][PASSED] - delay: Delayed 2 second(s)

2018-12-07 11:11:14 - [MESSAGE][PASSED] - Delayed 2 second(s)

2018-12-07 11:11:14 - [TEST_STEP][PASSED] - click: Object: 'Object Repository/Final Object Repo/Page_Update Add New Employee - ASSIST/Save  Continue Button' is clicked on

2018-12-07 11:11:14 - [MESSAGE][PASSED] - Object: 'Object Repository/Final Object Repo/Page_Update Add New Employee - ASSIST/Save  Continue Button' is clicked on

2018-12-07 11:11:14 - [TEST_STEP][PASSED] - delay: Delayed 4 second(s)

2018-12-07 11:11:18 - [MESSAGE][PASSED] - Delayed 4 second(s)

2018-12-07 11:11:18 - [TEST_STEP][PASSED] - click: Object: 'Object Repository/Final Object Repo/Page_Update Add New Employee - ASSIST/Save  Continue Third Screen' is clicked on

2018-12-07 11:11:21 - [MESSAGE][PASSED] - Object: 'Object Repository/Final Object Repo/Page_Update Add New Employee - ASSIST/Save  Continue Third Screen' is clicked on

2018-12-07 11:11:21 - [TEST_STEP][PASSED] - delay: Delayed 4 second(s)

2018-12-07 11:11:25 - [MESSAGE][PASSED] - Delayed 4 second(s)

2018-12-07 11:11:25 - [TEST_STEP][PASSED] - click: Object: 'Object Repository/Final Object Repo/Page_Update Add New Employee - ASSIST/Save   Continue Supporting Doc Page' is clicked on

2018-12-07 11:11:25 - [MESSAGE][PASSED] - Object: 'Object Repository/Final Object Repo/Page_Update Add New Employee - ASSIST/Save   Continue Supporting Doc Page' is clicked on

2018-12-07 11:11:25 - [TEST_STEP][PASSED] - delay: Delayed 4 second(s)

2018-12-07 11:11:29 - [MESSAGE][PASSED] - Delayed 4 second(s)

2018-12-07 11:11:29 - [TEST_STEP][PASSED] - click: Object: 'Object Repository/Final Object Repo/Page_Update Add New Employee - ASSIST/Under Enforcement Button at Preview Screen of RO' is clicked on

2018-12-07 11:11:30 - [MESSAGE][PASSED] - Object: 'Object Repository/Final Object Repo/Page_Update Add New Employee - ASSIST/Under Enforcement Button at Preview Screen of RO' is clicked on

2018-12-07 11:11:30 - [TEST_STEP][PASSED] - delay: Delayed 4 second(s)

2018-12-07 11:11:34 - [MESSAGE][PASSED] - Delayed 4 second(s)

2018-12-07 11:11:34 - [TEST_STEP][PASSED] - click: Object: 'Object Repository/Final Object Repo/Page_Update Add New Employee - ASSIST/Under Enforcement - inner form' is clicked on

2018-12-07 11:11:34 - [MESSAGE][PASSED] - Object: 'Object Repository/Final Object Repo/Page_Update Add New Employee - ASSIST/Under Enforcement - inner form' is clicked on

2018-12-07 11:11:34 - [TEST_STEP][PASSED] - delay: Delayed 4 second(s)

2018-12-07 11:11:38 - [MESSAGE][PASSED] - Delayed 4 second(s)

2018-12-07 11:11:38 - [TEST_STEP][PASSED] - callTestCase: Call Test Case 'Test Cases/Final Aug 2018 - PKS Automation/Common/Screenshoting tool' successfully

2018-12-07 11:11:38 - [TEST_CASE][PASSED] - Test Cases/Final Aug 2018 - PKS Automation/Common/Screenshoting tool: Test Cases/Final Aug 2018 - PKS Automation/Common/Screenshoting tool

2018-12-07 11:11:38 - [TEST_STEP][PASSED] - delay: Delayed 15 second(s)

2018-12-07 11:11:53 - [MESSAGE][PASSED] - Delayed 15 second(s)

2018-12-07 11:11:53 - [TEST_STEP][PASSED] - Statement - driver = com.kms.katalon.core.webui.driver.DriverFactory.getWebDriver(): null

2018-12-07 11:11:53 - [TEST_STEP][PASSED] - Statement - driver.manage().timeouts().implicitlyWait(10, SECONDS): null

2018-12-07 11:11:53 - [TEST_STEP][PASSED] - Statement - PresavePath = KatalonScreenshots: null

2018-12-07 11:11:53 - [TEST_STEP][PASSED] - Statement - pathPrefix = "C:\Users\Public\Pictures\Sample Pictures\Katalon Screenshots\Automate Ending Screen": null

2018-12-07 11:11:53 - [TEST_STEP][PASSED] - Statement - finalPath = <not implemented yet for class: org.codehaus.groovy.ast.expr.EmptyExpression>: null

2018-12-07 11:11:53 - [TEST_STEP][PASSED] - Statement - scrFile = driver.getScreenshotAs(FILE): null

2018-12-07 11:11:53 - [TEST_STEP][PASSED] - Statement - PreSaveFile = new java.io.File(PresavePath): null

2018-12-07 11:11:53 - [TEST_STEP][PASSED] - Statement - counter = 0: null

2018-12-07 11:11:53 - [TEST_STEP][PASSED] - Statement - If (PreSaveFile.exists()): null

2018-12-07 11:11:53 - [TEST_STEP][PASSED] - Statement - While (PreSaveFile.exists()): null

2018-12-07 11:11:53 - [TEST_STEP][PASSED] - Statement - counter = counter + 1: null

2018-12-07 11:11:53 - [TEST_STEP][PASSED] - Statement - PreSaveFile = new java.io.File(((pathPrefix + java.lang.Integer.toString(counter)) + .png)): null

2018-12-07 11:11:53 - [TEST_STEP][PASSED] - Statement - counter = counter + 1: null

2018-12-07 11:11:53 - [TEST_STEP][PASSED] - Statement - PreSaveFile = new java.io.File(((pathPrefix + java.lang.Integer.toString(counter)) + .png)): null

2018-12-07 11:11:53 - [TEST_STEP][PASSED] - Statement - counter = counter + 1: null

2018-12-07 11:11:53 - [TEST_STEP][PASSED] - Statement - PreSaveFile = new java.io.File(((pathPrefix + java.lang.Integer.toString(counter)) + .png)): null

2018-12-07 11:11:53 - [TEST_STEP][PASSED] - Statement - counter = counter + 1: null

2018-12-07 11:11:53 - [TEST_STEP][PASSED] - Statement - PreSaveFile = new java.io.File(((pathPrefix + java.lang.Integer.toString(counter)) + .png)): null

2018-12-07 11:11:53 - [TEST_STEP][PASSED] - Statement - counter = counter + 1: null

2018-12-07 11:11:53 - [TEST_STEP][PASSED] - Statement - PreSaveFile = new java.io.File(((pathPrefix + java.lang.Integer.toString(counter)) + .png)): null

2018-12-07 11:11:53 - [TEST_STEP][PASSED] - Statement - counter = counter + 1: null

2018-12-07 11:11:53 - [TEST_STEP][PASSED] - Statement - PreSaveFile = new java.io.File(((pathPrefix + java.lang.Integer.toString(counter)) + .png)): null

2018-12-07 11:11:53 - [TEST_STEP][PASSED] - Statement - counter = counter + 1: null

2018-12-07 11:11:53 - [TEST_STEP][PASSED] - Statement - PreSaveFile = new java.io.File(((pathPrefix + java.lang.Integer.toString(counter)) + .png)): null

2018-12-07 11:11:53 - [TEST_STEP][PASSED] - Statement - counter = counter + 1: null

2018-12-07 11:11:53 - [TEST_STEP][PASSED] - Statement - PreSaveFile = new java.io.File(((pathPrefix + java.lang.Integer.toString(counter)) + .png)): null

2018-12-07 11:11:53 - [TEST_STEP][PASSED] - Statement - counter = counter + 1: null

2018-12-07 11:11:53 - [TEST_STEP][PASSED] - Statement - PreSaveFile = new java.io.File(((pathPrefix + java.lang.Integer.toString(counter)) + .png)): null

2018-12-07 11:11:53 - [TEST_STEP][PASSED] - Statement - counter = counter + 1: null

2018-12-07 11:11:53 - [TEST_STEP][PASSED] - Statement - PreSaveFile = new java.io.File(((pathPrefix + java.lang.Integer.toString(counter)) + .png)): null

2018-12-07 11:11:53 - [TEST_STEP][PASSED] - Statement - counter = counter + 1: null

2018-12-07 11:11:53 - [TEST_STEP][PASSED] - Statement - PreSaveFile = new java.io.File(((pathPrefix + java.lang.Integer.toString(counter)) + .png)): null

2018-12-07 11:11:53 - [TEST_STEP][PASSED] - Statement - counter = counter + 1: null

2018-12-07 11:11:53 - [TEST_STEP][PASSED] - Statement - PreSaveFile = new java.io.File(((pathPrefix + java.lang.Integer.toString(counter)) + .png)): null

2018-12-07 11:11:53 - [TEST_STEP][PASSED] - Statement - counter = counter + 1: null

2018-12-07 11:11:53 - [TEST_STEP][PASSED] - Statement - PreSaveFile = new java.io.File(((pathPrefix + java.lang.Integer.toString(counter)) + .png)): null

2018-12-07 11:11:53 - [TEST_STEP][PASSED] - Statement - counter = counter + 1: null

2018-12-07 11:11:53 - [TEST_STEP][PASSED] - Statement - PreSaveFile = new java.io.File(((pathPrefix + java.lang.Integer.toString(counter)) + .png)): null

2018-12-07 11:11:53 - [TEST_STEP][PASSED] - Statement - counter = counter + 1: null

2018-12-07 11:11:53 - [TEST_STEP][PASSED] - Statement - PreSaveFile = new java.io.File(((pathPrefix + java.lang.Integer.toString(counter)) + .png)): null

2018-12-07 11:11:53 - [TEST_STEP][PASSED] - Statement - counter = counter + 1: null

2018-12-07 11:11:53 - [TEST_STEP][PASSED] - Statement - PreSaveFile = new java.io.File(((pathPrefix + java.lang.Integer.toString(counter)) + .png)): null

2018-12-07 11:11:53 - [TEST_STEP][PASSED] - Statement - counter = counter + 1: null

2018-12-07 11:11:53 - [TEST_STEP][PASSED] - Statement - PreSaveFile = new java.io.File(((pathPrefix + java.lang.Integer.toString(counter)) + .png)): null

2018-12-07 11:11:53 - [TEST_STEP][PASSED] - Statement - counter = counter + 1: null

2018-12-07 11:11:54 - [TEST_STEP][PASSED] - Statement - PreSaveFile = new java.io.File(((pathPrefix + java.lang.Integer.toString(counter)) + .png)): null

2018-12-07 11:11:54 - [TEST_STEP][PASSED] - Statement - counter = counter + 1: null

2018-12-07 11:11:54 - [TEST_STEP][PASSED] - Statement - PreSaveFile = new java.io.File(((pathPrefix + java.lang.Integer.toString(counter)) + .png)): null

2018-12-07 11:11:54 - [TEST_STEP][PASSED] - Statement - counter = counter + 1: null

2018-12-07 11:11:54 - [TEST_STEP][PASSED] - Statement - PreSaveFile = new java.io.File(((pathPrefix + java.lang.Integer.toString(counter)) + .png)): null

2018-12-07 11:11:54 - [TEST_STEP][PASSED] - Statement - counter = counter + 1: null

2018-12-07 11:11:54 - [TEST_STEP][PASSED] - Statement - PreSaveFile = new java.io.File(((pathPrefix + java.lang.Integer.toString(counter)) + .png)): null

2018-12-07 11:11:54 - [TEST_STEP][PASSED] - Statement - counter = counter + 1: null

2018-12-07 11:11:54 - [TEST_STEP][PASSED] - Statement - PreSaveFile = new java.io.File(((pathPrefix + java.lang.Integer.toString(counter)) + .png)): null

2018-12-07 11:11:54 - [TEST_STEP][PASSED] - Statement - counter = counter + 1: null

2018-12-07 11:11:54 - [TEST_STEP][PASSED] - Statement - PreSaveFile = new java.io.File(((pathPrefix + java.lang.Integer.toString(counter)) + .png)): null

2018-12-07 11:11:54 - [TEST_STEP][PASSED] - Statement - counter = counter + 1: null

2018-12-07 11:11:54 - [TEST_STEP][PASSED] - Statement - PreSaveFile = new java.io.File(((pathPrefix + java.lang.Integer.toString(counter)) + .png)): null

2018-12-07 11:11:54 - [TEST_STEP][PASSED] - Statement - counter = counter + 1: null

2018-12-07 11:11:54 - [TEST_STEP][PASSED] - Statement - PreSaveFile = new java.io.File(((pathPrefix + java.lang.Integer.toString(counter)) + .png)): null

2018-12-07 11:11:54 - [TEST_STEP][PASSED] - Statement - counter = counter + 1: null

2018-12-07 11:11:54 - [TEST_STEP][PASSED] - Statement - PreSaveFile = new java.io.File(((pathPrefix + java.lang.Integer.toString(counter)) + .png)): null

2018-12-07 11:11:54 - [TEST_STEP][PASSED] - Statement - counter = counter + 1: null

2018-12-07 11:11:54 - [TEST_STEP][PASSED] - Statement - PreSaveFile = new java.io.File(((pathPrefix + java.lang.Integer.toString(counter)) + .png)): null

2018-12-07 11:11:54 - [TEST_STEP][PASSED] - Statement - counter = counter + 1: null

2018-12-07 11:11:54 - [TEST_STEP][PASSED] - Statement - PreSaveFile = new java.io.File(((pathPrefix + java.lang.Integer.toString(counter)) + .png)): null

2018-12-07 11:11:54 - [TEST_STEP][PASSED] - Statement - counter = counter + 1: null

2018-12-07 11:11:54 - [TEST_STEP][PASSED] - Statement - PreSaveFile = new java.io.File(((pathPrefix + java.lang.Integer.toString(counter)) + .png)): null

2018-12-07 11:11:54 - [TEST_STEP][PASSED] - Statement - counter = counter + 1: null

2018-12-07 11:11:54 - [TEST_STEP][PASSED] - Statement - PreSaveFile = new java.io.File(((pathPrefix + java.lang.Integer.toString(counter)) + .png)): null

2018-12-07 11:11:54 - [TEST_STEP][PASSED] - Statement - counter = counter + 1: null

2018-12-07 11:11:54 - [TEST_STEP][PASSED] - Statement - PreSaveFile = new java.io.File(((pathPrefix + java.lang.Integer.toString(counter)) + .png)): null

2018-12-07 11:11:54 - [TEST_STEP][PASSED] - Statement - counter = counter + 1: null

2018-12-07 11:11:54 - [TEST_STEP][PASSED] - Statement - PreSaveFile = new java.io.File(((pathPrefix + java.lang.Integer.toString(counter)) + .png)): null

2018-12-07 11:11:54 - [TEST_STEP][PASSED] - Statement - counter = counter + 1: null

2018-12-07 11:11:54 - [TEST_STEP][PASSED] - Statement - PreSaveFile = new java.io.File(((pathPrefix + java.lang.Integer.toString(counter)) + .png)): null

2018-12-07 11:11:55 - [TEST_STEP][PASSED] - Statement - counter = counter + 1: null

2018-12-07 11:11:55 - [TEST_STEP][PASSED] - Statement - PreSaveFile = new java.io.File(((pathPrefix + java.lang.Integer.toString(counter)) + .png)): null

2018-12-07 11:11:55 - [TEST_STEP][PASSED] - Statement - counter = counter + 1: null

2018-12-07 11:11:55 - [TEST_STEP][PASSED] - Statement - PreSaveFile = new java.io.File(((pathPrefix + java.lang.Integer.toString(counter)) + .png)): null

2018-12-07 11:11:55 - [TEST_STEP][PASSED] - Statement - counter = counter + 1: null

2018-12-07 11:11:55 - [TEST_STEP][PASSED] - Statement - PreSaveFile = new java.io.File(((pathPrefix + java.lang.Integer.toString(counter)) + .png)): null

2018-12-07 11:11:55 - [TEST_STEP][PASSED] - Statement - counter = counter + 1: null

2018-12-07 11:11:55 - [TEST_STEP][PASSED] - Statement - PreSaveFile = new java.io.File(((pathPrefix + java.lang.Integer.toString(counter)) + .png)): null

2018-12-07 11:11:55 - [TEST_STEP][PASSED] - Statement - counter = counter + 1: null

2018-12-07 11:11:55 - [TEST_STEP][PASSED] - Statement - PreSaveFile = new java.io.File(((pathPrefix + java.lang.Integer.toString(counter)) + .png)): null

2018-12-07 11:11:55 - [TEST_STEP][PASSED] - Statement - counter = counter + 1: null

2018-12-07 11:11:55 - [TEST_STEP][PASSED] - Statement - PreSaveFile = new java.io.File(((pathPrefix + java.lang.Integer.toString(counter)) + .png)): null

2018-12-07 11:11:55 - [TEST_STEP][PASSED] - Statement - counter = counter + 1: null

2018-12-07 11:11:55 - [TEST_STEP][PASSED] - Statement - PreSaveFile = new java.io.File(((pathPrefix + java.lang.Integer.toString(counter)) + .png)): null

2018-12-07 11:11:55 - [TEST_STEP][PASSED] - Statement - counter = counter + 1: null

2018-12-07 11:11:55 - [TEST_STEP][PASSED] - Statement - PreSaveFile = new java.io.File(((pathPrefix + java.lang.Integer.toString(counter)) + .png)): null

2018-12-07 11:11:55 - [TEST_STEP][PASSED] - Statement - counter = counter + 1: null

2018-12-07 11:11:55 - [TEST_STEP][PASSED] - Statement - PreSaveFile = new java.io.File(((pathPrefix + java.lang.Integer.toString(counter)) + .png)): null

2018-12-07 11:11:55 - [TEST_STEP][PASSED] - Statement - counter = counter + 1: null

2018-12-07 11:11:55 - [TEST_STEP][PASSED] - Statement - PreSaveFile = new java.io.File(((pathPrefix + java.lang.Integer.toString(counter)) + .png)): null

2018-12-07 11:11:55 - [TEST_STEP][PASSED] - Statement - counter = counter + 1: null

2018-12-07 11:11:55 - [TEST_STEP][PASSED] - Statement - PreSaveFile = new java.io.File(((pathPrefix + java.lang.Integer.toString(counter)) + .png)): null

2018-12-07 11:11:55 - [TEST_STEP][PASSED] - Statement - counter = counter + 1: null

2018-12-07 11:11:55 - [TEST_STEP][PASSED] - Statement - PreSaveFile = new java.io.File(((pathPrefix + java.lang.Integer.toString(counter)) + .png)): null

2018-12-07 11:11:55 - [TEST_STEP][PASSED] - Statement - counter = counter + 1: null

2018-12-07 11:11:55 - [TEST_STEP][PASSED] - Statement - PreSaveFile = new java.io.File(((pathPrefix + java.lang.Integer.toString(counter)) + .png)): null

2018-12-07 11:11:55 - [TEST_STEP][PASSED] - Statement - counter = counter + 1: null

2018-12-07 11:11:55 - [TEST_STEP][PASSED] - Statement - PreSaveFile = new java.io.File(((pathPrefix + java.lang.Integer.toString(counter)) + .png)): null

2018-12-07 11:11:55 - [TEST_STEP][PASSED] - Statement - counter = counter + 1: null

2018-12-07 11:11:55 - [TEST_STEP][PASSED] - Statement - PreSaveFile = new java.io.File(((pathPrefix + java.lang.Integer.toString(counter)) + .png)): null

2018-12-07 11:11:55 - [TEST_STEP][PASSED] - Statement - counter = counter + 1: null

2018-12-07 11:11:55 - [TEST_STEP][PASSED] - Statement - PreSaveFile = new java.io.File(((pathPrefix + java.lang.Integer.toString(counter)) + .png)): null

2018-12-07 11:11:55 - [TEST_STEP][PASSED] - Statement - counter = counter + 1: null

2018-12-07 11:11:55 - [TEST_STEP][PASSED] - Statement - PreSaveFile = new java.io.File(((pathPrefix + java.lang.Integer.toString(counter)) + .png)): null

2018-12-07 11:11:55 - [TEST_STEP][PASSED] - Statement - counter = counter + 1: null

2018-12-07 11:11:55 - [TEST_STEP][PASSED] - Statement - PreSaveFile = new java.io.File(((pathPrefix + java.lang.Integer.toString(counter)) + .png)): null

2018-12-07 11:11:55 - [TEST_STEP][PASSED] - Statement - counter = counter + 1: null

2018-12-07 11:11:55 - [TEST_STEP][PASSED] - Statement - PreSaveFile = new java.io.File(((pathPrefix + java.lang.Integer.toString(counter)) + .png)): null

2018-12-07 11:11:55 - [TEST_STEP][PASSED] - Statement - counter = counter + 1: null

2018-12-07 11:11:56 - [TEST_STEP][PASSED] - Statement - PreSaveFile = new java.io.File(((pathPrefix + java.lang.Integer.toString(counter)) + .png)): null

2018-12-07 11:11:56 - [TEST_STEP][PASSED] - Statement - counter = counter + 1: null

2018-12-07 11:11:56 - [TEST_STEP][PASSED] - Statement - PreSaveFile = new java.io.File(((pathPrefix + java.lang.Integer.toString(counter)) + .png)): null

2018-12-07 11:11:56 - [TEST_STEP][PASSED] - Statement - counter = counter + 1: null

2018-12-07 11:11:56 - [TEST_STEP][PASSED] - Statement - PreSaveFile = new java.io.File(((pathPrefix + java.lang.Integer.toString(counter)) + .png)): null

2018-12-07 11:11:56 - [TEST_STEP][PASSED] - Statement - counter = counter + 1: null

2018-12-07 11:11:56 - [TEST_STEP][PASSED] - Statement - PreSaveFile = new java.io.File(((pathPrefix + java.lang.Integer.toString(counter)) + .png)): null

2018-12-07 11:11:56 - [TEST_STEP][PASSED] - Statement - counter = counter + 1: null

2018-12-07 11:11:56 - [TEST_STEP][PASSED] - Statement - PreSaveFile = new java.io.File(((pathPrefix + java.lang.Integer.toString(counter)) + .png)): null

2018-12-07 11:11:56 - [TEST_STEP][PASSED] - Statement - counter = counter + 1: null

2018-12-07 11:11:56 - [TEST_STEP][PASSED] - Statement - PreSaveFile = new java.io.File(((pathPrefix + java.lang.Integer.toString(counter)) + .png)): null

2018-12-07 11:11:56 - [TEST_STEP][PASSED] - Statement - counter = counter + 1: null

2018-12-07 11:11:56 - [TEST_STEP][PASSED] - Statement - PreSaveFile = new java.io.File(((pathPrefix + java.lang.Integer.toString(counter)) + .png)): null

2018-12-07 11:11:56 - [TEST_STEP][PASSED] - Statement - counter = counter + 1: null

2018-12-07 11:11:56 - [TEST_STEP][PASSED] - Statement - PreSaveFile = new java.io.File(((pathPrefix + java.lang.Integer.toString(counter)) + .png)): null

2018-12-07 11:11:56 - [TEST_STEP][PASSED] - Statement - counter = counter + 1: null

2018-12-07 11:11:56 - [TEST_STEP][PASSED] - Statement - PreSaveFile = new java.io.File(((pathPrefix + java.lang.Integer.toString(counter)) + .png)): null

2018-12-07 11:11:56 - [TEST_STEP][PASSED] - Statement - counter = counter + 1: null

2018-12-07 11:11:56 - [TEST_STEP][PASSED] - Statement - PreSaveFile = new java.io.File(((pathPrefix + java.lang.Integer.toString(counter)) + .png)): null

2018-12-07 11:11:56 - [TEST_STEP][PASSED] - Statement - counter = counter + 1: null

2018-12-07 11:11:56 - [TEST_STEP][PASSED] - Statement - PreSaveFile = new java.io.File(((pathPrefix + java.lang.Integer.toString(counter)) + .png)): null

2018-12-07 11:11:56 - [TEST_STEP][PASSED] - Statement - counter = counter + 1: null

2018-12-07 11:11:56 - [TEST_STEP][PASSED] - Statement - PreSaveFile = new java.io.File(((pathPrefix + java.lang.Integer.toString(counter)) + .png)): null

2018-12-07 11:11:56 - [TEST_STEP][PASSED] - Statement - counter = counter + 1: null

2018-12-07 11:11:56 - [TEST_STEP][PASSED] - Statement - PreSaveFile = new java.io.File(((pathPrefix + java.lang.Integer.toString(counter)) + .png)): null

2018-12-07 11:11:56 - [TEST_STEP][PASSED] - Statement - counter = counter + 1: null

2018-12-07 11:11:56 - [TEST_STEP][PASSED] - Statement - PreSaveFile = new java.io.File(((pathPrefix + java.lang.Integer.toString(counter)) + .png)): null

2018-12-07 11:11:56 - [TEST_STEP][PASSED] - Statement - counter = counter + 1: null

2018-12-07 11:11:56 - [TEST_STEP][PASSED] - Statement - PreSaveFile = new java.io.File(((pathPrefix + java.lang.Integer.toString(counter)) + .png)): null

2018-12-07 11:11:57 - [TEST_STEP][PASSED] - Statement - counter = counter + 1: null

2018-12-07 11:11:57 - [TEST_STEP][PASSED] - Statement - PreSaveFile = new java.io.File(((pathPrefix + java.lang.Integer.toString(counter)) + .png)): null

2018-12-07 11:11:57 - [TEST_STEP][PASSED] - Statement - counter = counter + 1: null

2018-12-07 11:11:57 - [TEST_STEP][PASSED] - Statement - PreSaveFile = new java.io.File(((pathPrefix + java.lang.Integer.toString(counter)) + .png)): null

2018-12-07 11:11:57 - [TEST_STEP][PASSED] - Statement - counter = counter + 1: null

2018-12-07 11:11:57 - [TEST_STEP][PASSED] - Statement - PreSaveFile = new java.io.File(((pathPrefix + java.lang.Integer.toString(counter)) + .png)): null

2018-12-07 11:11:57 - [TEST_STEP][PASSED] - Statement - counter = counter + 1: null

2018-12-07 11:11:57 - [TEST_STEP][PASSED] - Statement - PreSaveFile = new java.io.File(((pathPrefix + java.lang.Integer.toString(counter)) + .png)): null

2018-12-07 11:11:57 - [TEST_STEP][PASSED] - Statement - counter = counter + 1: null

2018-12-07 11:11:57 - [TEST_STEP][PASSED] - Statement - PreSaveFile = new java.io.File(((pathPrefix + java.lang.Integer.toString(counter)) + .png)): null

2018-12-07 11:11:57 - [TEST_STEP][PASSED] - Statement - counter = counter + 1: null

2018-12-07 11:11:57 - [TEST_STEP][PASSED] - Statement - PreSaveFile = new java.io.File(((pathPrefix + java.lang.Integer.toString(counter)) + .png)): null

2018-12-07 11:11:57 - [TEST_STEP][PASSED] - Statement - counter = counter + 1: null

2018-12-07 11:11:57 - [TEST_STEP][PASSED] - Statement - PreSaveFile = new java.io.File(((pathPrefix + java.lang.Integer.toString(counter)) + .png)): null

2018-12-07 11:11:57 - [TEST_STEP][PASSED] - Statement - counter = counter + 1: null

2018-12-07 11:11:57 - [TEST_STEP][PASSED] - Statement - PreSaveFile = new java.io.File(((pathPrefix + java.lang.Integer.toString(counter)) + .png)): null

2018-12-07 11:11:57 - [TEST_STEP][PASSED] - Statement - counter = counter + 1: null

2018-12-07 11:11:57 - [TEST_STEP][PASSED] - Statement - PreSaveFile = new java.io.File(((pathPrefix + java.lang.Integer.toString(counter)) + .png)): null

2018-12-07 11:11:57 - [TEST_STEP][PASSED] - Statement - counter = counter + 1: null

2018-12-07 11:11:57 - [TEST_STEP][PASSED] - Statement - PreSaveFile = new java.io.File(((pathPrefix + java.lang.Integer.toString(counter)) + .png)): null

2018-12-07 11:11:57 - [TEST_STEP][PASSED] - Statement - counter = counter + 1: null

2018-12-07 11:11:57 - [TEST_STEP][PASSED] - Statement - PreSaveFile = new java.io.File(((pathPrefix + java.lang.Integer.toString(counter)) + .png)): null

2018-12-07 11:11:57 - [TEST_STEP][PASSED] - Statement - counter = counter + 1: null

2018-12-07 11:11:57 - [TEST_STEP][PASSED] - Statement - PreSaveFile = new java.io.File(((pathPrefix + java.lang.Integer.toString(counter)) + .png)): null

2018-12-07 11:11:57 - [TEST_STEP][PASSED] - Statement - counter = counter + 1: null

2018-12-07 11:11:57 - [TEST_STEP][PASSED] - Statement - PreSaveFile = new java.io.File(((pathPrefix + java.lang.Integer.toString(counter)) + .png)): null

2018-12-07 11:11:57 - [TEST_STEP][PASSED] - Statement - counter = counter + 1: null

2018-12-07 11:11:57 - [TEST_STEP][PASSED] - Statement - PreSaveFile = new java.io.File(((pathPrefix + java.lang.Integer.toString(counter)) + .png)): null

2018-12-07 11:11:57 - [TEST_STEP][PASSED] - Statement - counter = counter + 1: null

2018-12-07 11:11:58 - [TEST_STEP][PASSED] - Statement - PreSaveFile = new java.io.File(((pathPrefix + java.lang.Integer.toString(counter)) + .png)): null

2018-12-07 11:11:58 - [TEST_STEP][PASSED] - Statement - counter = counter + 1: null

2018-12-07 11:11:58 - [TEST_STEP][PASSED] - Statement - PreSaveFile = new java.io.File(((pathPrefix + java.lang.Integer.toString(counter)) + .png)): null

2018-12-07 11:11:58 - [TEST_STEP][PASSED] - Statement - counter = counter + 1: null

2018-12-07 11:11:58 - [TEST_STEP][PASSED] - Statement - PreSaveFile = new java.io.File(((pathPrefix + java.lang.Integer.toString(counter)) + .png)): null

2018-12-07 11:11:58 - [TEST_STEP][PASSED] - Statement - counter = counter + 1: null

2018-12-07 11:11:58 - [TEST_STEP][PASSED] - Statement - PreSaveFile = new java.io.File(((pathPrefix + java.lang.Integer.toString(counter)) + .png)): null

2018-12-07 11:11:58 - [TEST_STEP][PASSED] - Statement - counter = counter + 1: null

2018-12-07 11:11:58 - [TEST_STEP][PASSED] - Statement - PreSaveFile = new java.io.File(((pathPrefix + java.lang.Integer.toString(counter)) + .png)): null

2018-12-07 11:11:58 - [TEST_STEP][PASSED] - Statement - counter = counter + 1: null

2018-12-07 11:11:58 - [TEST_STEP][PASSED] - Statement - PreSaveFile = new java.io.File(((pathPrefix + java.lang.Integer.toString(counter)) + .png)): null

2018-12-07 11:11:58 - [TEST_STEP][PASSED] - Statement - counter = counter + 1: null

2018-12-07 11:11:58 - [TEST_STEP][PASSED] - Statement - PreSaveFile = new java.io.File(((pathPrefix + java.lang.Integer.toString(counter)) + .png)): null

2018-12-07 11:11:58 - [TEST_STEP][PASSED] - Statement - counter = counter + 1: null

2018-12-07 11:11:58 - [TEST_STEP][PASSED] - Statement - PreSaveFile = new java.io.File(((pathPrefix + java.lang.Integer.toString(counter)) + .png)): null

2018-12-07 11:11:58 - [TEST_STEP][PASSED] - Statement - counter = counter + 1: null

2018-12-07 11:11:58 - [TEST_STEP][PASSED] - Statement - PreSaveFile = new java.io.File(((pathPrefix + java.lang.Integer.toString(counter)) + .png)): null

2018-12-07 11:11:58 - [TEST_STEP][PASSED] - Statement - counter = counter + 1: null

2018-12-07 11:11:58 - [TEST_STEP][PASSED] - Statement - PreSaveFile = new java.io.File(((pathPrefix + java.lang.Integer.toString(counter)) + .png)): null

2018-12-07 11:11:58 - [TEST_STEP][PASSED] - Statement - counter = counter + 1: null

2018-12-07 11:11:58 - [TEST_STEP][PASSED] - Statement - PreSaveFile = new java.io.File(((pathPrefix + java.lang.Integer.toString(counter)) + .png)): null

2018-12-07 11:11:58 - [TEST_STEP][PASSED] - Statement - counter = counter + 1: null

2018-12-07 11:11:58 - [TEST_STEP][PASSED] - Statement - PreSaveFile = new java.io.File(((pathPrefix + java.lang.Integer.toString(counter)) + .png)): null

2018-12-07 11:11:58 - [TEST_STEP][PASSED] - Statement - counter = counter + 1: null

2018-12-07 11:11:58 - [TEST_STEP][PASSED] - Statement - PreSaveFile = new java.io.File(((pathPrefix + java.lang.Integer.toString(counter)) + .png)): null

2018-12-07 11:11:58 - [TEST_STEP][PASSED] - Statement - counter = counter + 1: null

2018-12-07 11:11:58 - [TEST_STEP][PASSED] - Statement - PreSaveFile = new java.io.File(((pathPrefix + java.lang.Integer.toString(counter)) + .png)): null

2018-12-07 11:11:58 - [TEST_STEP][PASSED] - Statement - counter = counter + 1: null

2018-12-07 11:11:59 - [TEST_STEP][PASSED] - Statement - PreSaveFile = new java.io.File(((pathPrefix + java.lang.Integer.toString(counter)) + .png)): null

2018-12-07 11:11:59 - [TEST_STEP][PASSED] - Statement - counter = counter + 1: null

2018-12-07 11:11:59 - [TEST_STEP][PASSED] - Statement - PreSaveFile = new java.io.File(((pathPrefix + java.lang.Integer.toString(counter)) + .png)): null

2018-12-07 11:11:59 - [TEST_STEP][PASSED] - Statement - counter = counter + 1: null

2018-12-07 11:11:59 - [TEST_STEP][PASSED] - Statement - PreSaveFile = new java.io.File(((pathPrefix + java.lang.Integer.toString(counter)) + .png)): null

2018-12-07 11:11:59 - [TEST_STEP][PASSED] - Statement - counter = counter + 1: null

2018-12-07 11:11:59 - [TEST_STEP][PASSED] - Statement - PreSaveFile = new java.io.File(((pathPrefix + java.lang.Integer.toString(counter)) + .png)): null

2018-12-07 11:11:59 - [TEST_STEP][PASSED] - Statement - counter = counter + 1: null

2018-12-07 11:11:59 - [TEST_STEP][PASSED] - Statement - PreSaveFile = new java.io.File(((pathPrefix + java.lang.Integer.toString(counter)) + .png)): null

2018-12-07 11:11:59 - [TEST_STEP][PASSED] - Statement - counter = counter + 1: null

2018-12-07 11:11:59 - [TEST_STEP][PASSED] - Statement - PreSaveFile = new java.io.File(((pathPrefix + java.lang.Integer.toString(counter)) + .png)): null

2018-12-07 11:11:59 - [TEST_STEP][PASSED] - Statement - counter = counter + 1: null

2018-12-07 11:11:59 - [TEST_STEP][PASSED] - Statement - PreSaveFile = new java.io.File(((pathPrefix + java.lang.Integer.toString(counter)) + .png)): null

2018-12-07 11:11:59 - [TEST_STEP][PASSED] - Statement - counter = counter + 1: null

2018-12-07 11:11:59 - [TEST_STEP][PASSED] - Statement - PreSaveFile = new java.io.File(((pathPrefix + java.lang.Integer.toString(counter)) + .png)): null

2018-12-07 11:11:59 - [TEST_STEP][PASSED] - Statement - counter = counter + 1: null

2018-12-07 11:11:59 - [TEST_STEP][PASSED] - Statement - PreSaveFile = new java.io.File(((pathPrefix + java.lang.Integer.toString(counter)) + .png)): null

2018-12-07 11:11:59 - [TEST_STEP][PASSED] - Statement - counter = counter + 1: null

2018-12-07 11:11:59 - [TEST_STEP][PASSED] - Statement - PreSaveFile = new java.io.File(((pathPrefix + java.lang.Integer.toString(counter)) + .png)): null

2018-12-07 11:11:59 - [TEST_STEP][PASSED] - Statement - counter = counter + 1: null

2018-12-07 11:11:59 - [TEST_STEP][PASSED] - Statement - PreSaveFile = new java.io.File(((pathPrefix + java.lang.Integer.toString(counter)) + .png)): null

2018-12-07 11:11:59 - [TEST_STEP][PASSED] - Statement - counter = counter + 1: null

2018-12-07 11:11:59 - [TEST_STEP][PASSED] - Statement - PreSaveFile = new java.io.File(((pathPrefix + java.lang.Integer.toString(counter)) + .png)): null

2018-12-07 11:11:59 - [TEST_STEP][PASSED] - Statement - counter = counter + 1: null

2018-12-07 11:11:59 - [TEST_STEP][PASSED] - Statement - PreSaveFile = new java.io.File(((pathPrefix + java.lang.Integer.toString(counter)) + .png)): null

2018-12-07 11:11:59 - [TEST_STEP][PASSED] - Statement - counter = counter + 1: null

2018-12-07 11:11:59 - [TEST_STEP][PASSED] - Statement - PreSaveFile = new java.io.File(((pathPrefix + java.lang.Integer.toString(counter)) + .png)): null

2018-12-07 11:11:59 - [TEST_STEP][PASSED] - Statement - counter = counter + 1: null

2018-12-07 11:11:59 - [TEST_STEP][PASSED] - Statement - PreSaveFile = new java.io.File(((pathPrefix + java.lang.Integer.toString(counter)) + .png)): null

2018-12-07 11:12:00 - [TEST_STEP][PASSED] - Statement - counter = counter + 1: null

2018-12-07 11:12:00 - [TEST_STEP][PASSED] - Statement - PreSaveFile = new java.io.File(((pathPrefix + java.lang.Integer.toString(counter)) + .png)): null

2018-12-07 11:12:00 - [TEST_STEP][PASSED] - Statement - counter = counter + 1: null

2018-12-07 11:12:00 - [TEST_STEP][PASSED] - Statement - PreSaveFile = new java.io.File(((pathPrefix + java.lang.Integer.toString(counter)) + .png)): null

2018-12-07 11:12:00 - [TEST_STEP][PASSED] - Statement - counter = counter + 1: null

2018-12-07 11:12:00 - [TEST_STEP][PASSED] - Statement - PreSaveFile = new java.io.File(((pathPrefix + java.lang.Integer.toString(counter)) + .png)): null

2018-12-07 11:12:00 - [TEST_STEP][PASSED] - Statement - counter = counter + 1: null

2018-12-07 11:12:00 - [TEST_STEP][PASSED] - Statement - PreSaveFile = new java.io.File(((pathPrefix + java.lang.Integer.toString(counter)) + .png)): null

2018-12-07 11:12:00 - [TEST_STEP][PASSED] - Statement - counter = counter + 1: null

2018-12-07 11:12:00 - [TEST_STEP][PASSED] - Statement - PreSaveFile = new java.io.File(((pathPrefix + java.lang.Integer.toString(counter)) + .png)): null

2018-12-07 11:12:00 - [TEST_STEP][PASSED] - Statement - finalPath = pathPrefix + java.lang.Integer.toString(counter) + ".png": null

2018-12-07 11:12:00 - [TEST_STEP][PASSED] - Statement - SaveFile = new java.io.File(finalPath): null

2018-12-07 11:12:00 - [TEST_STEP][PASSED] - Statement - Try: null

2018-12-07 11:12:00 - [TEST_STEP][PASSED] - Statement - org.apache.commons.io.FileUtils.copyFile(scrFile, SaveFile): null

2018-12-07 11:12:00 - [TEST_STEP][PASSED] - Statement - out.println("file kept"): null

2018-12-07 11:12:00 - [TEST_STEP][PASSED] - delay: Delayed 10 second(s)

2018-12-07 11:12:10 - [MESSAGE][PASSED] - Delayed 10 second(s)

2018-12-07 11:12:10 - [MESSAGE][PASSED] - Call Test Case 'Test Cases/Final Aug 2018 - PKS Automation/Common/Screenshoting tool' successfully

2018-12-07 11:12:10 - [TEST_STEP][PASSED] - callTestCase: Call Test Case 'Test Cases/Final Aug 2018 - PKS Automation/Registration Module/Log Out/log out avoiding katalon tagging' successfully

2018-12-07 11:12:10 - [TEST_CASE][PASSED] - Test Cases/Final Aug 2018 - PKS Automation/Registration Module/Log Out/log out avoiding katalon tagging: Test Cases/Final Aug 2018 - PKS Automation/Registration Module/Log Out/log out avoiding katalon tagging

2018-12-07 11:12:10 - [TEST_STEP][PASSED] - navigateToUrl: Navigate to 'https://assist2-uat.perkeso.gov.my/c/portal/logout' successfully

2018-12-07 11:12:11 - [MESSAGE][PASSED] - Navigate to 'https://assist2-uat.perkeso.gov.my/c/portal/logout' successfully

2018-12-07 11:12:11 - [MESSAGE][PASSED] - Call Test Case 'Test Cases/Final Aug 2018 - PKS Automation/Registration Module/Log Out/log out avoiding katalon tagging' successfully

2018-12-07 11:12:11 - [TEST_STEP][PASSED] - callTestCase: Call Test Case 'Test Cases/Final Aug 2018 - PKS Automation/Common/Workflow Owner Finder' successfully

2018-12-07 11:12:11 - [TEST_CASE][PASSED] - Test Cases/Final Aug 2018 - PKS Automation/Common/Workflow Owner Finder: Test Cases/Final Aug 2018 - PKS Automation/Common/Workflow Owner Finder

2018-12-07 11:12:11 - [TEST_STEP][PASSED] - openBrowser: Browser is opened with url: ''

2018-12-07 11:12:11 - [MESSAGE][WARNING] - A browser is already opened. Closing browser and opening a new one

2018-12-07 11:12:14 - [MESSAGE][PASSED] - Browser is opened with url: ''

2018-12-07 11:12:14 - [TEST_STEP][PASSED] - navigateToUrl: Navigate to 'https://assist2-uat.perkeso.gov.my/login' successfully

2018-12-07 11:12:15 - [MESSAGE][PASSED] - Navigate to 'https://assist2-uat.perkeso.gov.my/login' successfully

2018-12-07 11:12:15 - [TEST_STEP][PASSED] - delay: Delayed 5 second(s)

2018-12-07 11:12:20 - [MESSAGE][PASSED] - Delayed 5 second(s)

2018-12-07 11:12:20 - [TEST_STEP][PASSED] - setText: Text 'test@liferay.com' is set on object 'Object Repository/Final Object Repo/Login Page/Internal User/Email Address'

2018-12-07 11:12:20 - [MESSAGE][PASSED] - Text 'test@liferay.com' is set on object 'Object Repository/Final Object Repo/Login Page/Internal User/Email Address'

2018-12-07 11:12:20 - [TEST_STEP][PASSED] - click: Object: 'Object Repository/Final Object Repo/Login Page/Internal User/Next Button' is clicked on

2018-12-07 11:12:20 - [MESSAGE][PASSED] - Object: 'Object Repository/Final Object Repo/Login Page/Internal User/Next Button' is clicked on

2018-12-07 11:12:20 - [TEST_STEP][PASSED] - delay: Delayed 2 second(s)

2018-12-07 11:12:22 - [MESSAGE][PASSED] - Delayed 2 second(s)

2018-12-07 11:12:22 - [TEST_STEP][PASSED] - setText: Text 'test' is set on object 'Object Repository/Final Object Repo/Login Page/Internal User/Password'

2018-12-07 11:12:23 - [MESSAGE][PASSED] - Text 'test' is set on object 'Object Repository/Final Object Repo/Login Page/Internal User/Password'

2018-12-07 11:12:23 - [TEST_STEP][PASSED] - delay: Delayed 2 second(s)

2018-12-07 11:12:25 - [MESSAGE][PASSED] - Delayed 2 second(s)

2018-12-07 11:12:25 - [TEST_STEP][PASSED] - click: Object: 'Object Repository/Final Object Repo/Login Page/Internal User/Login Button' is clicked on

2018-12-07 11:12:25 - [MESSAGE][PASSED] - Object: 'Object Repository/Final Object Repo/Login Page/Internal User/Login Button' is clicked on

2018-12-07 11:12:25 - [TEST_STEP][PASSED] - Statement - tester = com.kms.katalon.core.testobject.ObjectRepository.findTestObject(Final Object Repo/Landing Page/Select to English): Finding Test Object with id 'Object Repository/Final Object Repo/Landing Page/Select to English'

2018-12-07 11:12:25 - [TEST_STEP][PASSED] - Statement - Try: Delayed 2 second(s)

2018-12-07 11:12:25 - [TEST_STEP][PASSED] - Statement - Checker = com.kms.katalon.core.webui.keyword.WebUiBuiltInKeywords.verifyElementNotPresent(tester, 3): Web element with id: 'Object Repository/Final Object Repo/Landing Page/Select to English' located by 'By.xpath: //a[@class = 'taglib-language-list-text' and @lang = 'en-US' and (contains(text(), 'EN') or contains(., 'EN'))]' is not present after '3' second(s)

2018-12-07 11:12:27 - [MESSAGE][PASSED] - Web element with id: 'Object Repository/Final Object Repo/Landing Page/Select to English' located by 'By.xpath: //a[@class = 'taglib-language-list-text' and @lang = 'en-US' and (contains(text(), 'EN') or contains(., 'EN'))]' is not present after '3' second(s)

2018-12-07 11:12:27 - [TEST_STEP][PASSED] - Statement - If (Checker == false): null

2018-12-07 11:12:27 - [TEST_STEP][PASSED] - delay: Delayed 2 second(s)

2018-12-07 11:12:29 - [MESSAGE][PASSED] - Delayed 2 second(s)

2018-12-07 11:12:29 - [TEST_STEP][PASSED] - delay: Delayed 5 second(s)

2018-12-07 11:12:34 - [MESSAGE][PASSED] - Delayed 5 second(s)

2018-12-07 11:12:34 - [TEST_STEP][PASSED] - mouseOver: Object: 'Object Repository/Final Object Repo/Landing Page/WorkFlow Menu' is hovered

2018-12-07 11:12:34 - [MESSAGE][PASSED] - Object: 'Object Repository/Final Object Repo/Landing Page/WorkFlow Menu' is hovered

2018-12-07 11:12:34 - [TEST_STEP][PASSED] - delay: Delayed 2 second(s)

2018-12-07 11:12:36 - [MESSAGE][PASSED] - Delayed 2 second(s)

2018-12-07 11:12:36 - [TEST_STEP][PASSED] - click: Object: 'Object Repository/Final Object Repo/Landing Page/Select to Workflow Listing' is clicked on

2018-12-07 11:12:37 - [MESSAGE][PASSED] - Object: 'Object Repository/Final Object Repo/Landing Page/Select to Workflow Listing' is clicked on

2018-12-07 11:12:37 - [TEST_STEP][PASSED] - delay: Delayed 2 second(s)

2018-12-07 11:12:39 - [MESSAGE][PASSED] - Delayed 2 second(s)

2018-12-07 11:12:39 - [TEST_STEP][PASSED] - click: Object: 'Object Repository/Final Object Repo/WorkFlow Listing Page/Search Information - To Put Ref No' is clicked on

2018-12-07 11:12:39 - [MESSAGE][PASSED] - Object: 'Object Repository/Final Object Repo/WorkFlow Listing Page/Search Information - To Put Ref No' is clicked on

2018-12-07 11:12:39 - [TEST_STEP][PASSED] - delay: Delayed 2 second(s)

2018-12-07 11:12:41 - [MESSAGE][PASSED] - Delayed 2 second(s)

2018-12-07 11:12:41 - [TEST_STEP][PASSED] - callTestCase: Call Test Case 'Test Cases/Final Aug 2018 - PKS Automation/Common/Reference Number Getter' successfully

2018-12-07 11:12:41 - [TEST_CASE][PASSED] - Test Cases/Final Aug 2018 - PKS Automation/Common/Reference Number Getter: Test Cases/Final Aug 2018 - PKS Automation/Common/Reference Number Getter

2018-12-07 11:12:41 - [TEST_STEP][PASSED] - Statement - Try: null

2018-12-07 11:12:41 - [TEST_STEP][PASSED] - Statement - RefNo = new java.io.File(C://Users//Admin//Desktop//PKS//Automation Reference Point//KatalonReference.txt): null

2018-12-07 11:12:41 - [TEST_STEP][PASSED] - Statement - bufferread = new java.io.BufferedReader(new java.io.FileReader(RefNo)): null

2018-12-07 11:12:41 - [TEST_STEP][PASSED] - Statement - readedVal = bufferread.readLine(): null

2018-12-07 11:12:41 - [TEST_STEP][PASSED] - Statement - out.println(CaseReferenceNo): null

2018-12-07 11:12:41 - [TEST_STEP][PASSED] - Statement - out.println(readedVal): null

2018-12-07 11:12:41 - [TEST_STEP][PASSED] - Statement - CaseReferenceNo = "": null

2018-12-07 11:12:41 - [TEST_STEP][PASSED] - Statement - CaseReferenceNo = readedVal: null

2018-12-07 11:12:41 - [MESSAGE][PASSED] - Call Test Case 'Test Cases/Final Aug 2018 - PKS Automation/Common/Reference Number Getter' successfully

2018-12-07 11:12:41 - [TEST_STEP][PASSED] - setText: Text 'CAN12201800002285' is set on object 'Object Repository/Final Object Repo/WorkFlow Listing Page/Ref No Set Text'

2018-12-07 11:12:42 - [MESSAGE][PASSED] - Text 'CAN12201800002285' is set on object 'Object Repository/Final Object Repo/WorkFlow Listing Page/Ref No Set Text'

2018-12-07 11:12:42 - [TEST_STEP][PASSED] - delay: Delayed 2 second(s)

2018-12-07 11:12:44 - [MESSAGE][PASSED] - Delayed 2 second(s)

2018-12-07 11:12:44 - [TEST_STEP][PASSED] - click: Object: 'Object Repository/Final Object Repo/WorkFlow Listing Page/Search Ref No Search Button' is clicked on

2018-12-07 11:12:44 - [MESSAGE][PASSED] - Object: 'Object Repository/Final Object Repo/WorkFlow Listing Page/Search Ref No Search Button' is clicked on

2018-12-07 11:12:44 - [TEST_STEP][PASSED] - delay: Delayed 6 second(s)

2018-12-07 11:12:50 - [MESSAGE][PASSED] - Delayed 6 second(s)

2018-12-07 11:12:50 - [TEST_STEP][PASSED] - click: Object: 'Object Repository/Final Object Repo/WorkFlow Listing Page/Click Continue Tooltip' is clicked on

2018-12-07 11:12:51 - [MESSAGE][PASSED] - Object: 'Object Repository/Final Object Repo/WorkFlow Listing Page/Click Continue Tooltip' is clicked on

2018-12-07 11:12:51 - [TEST_STEP][PASSED] - delay: Delayed 5 second(s)

2018-12-07 11:12:56 - [MESSAGE][PASSED] - Delayed 5 second(s)

2018-12-07 11:12:56 - [TEST_STEP][PASSED] - doubleClick: Object: 'Object Repository/Final Object Repo/WorkFlow Listing Page/Workflow Found - Listing 1' is double clicked on

2018-12-07 11:12:56 - [MESSAGE][PASSED] - Object: 'Object Repository/Final Object Repo/WorkFlow Listing Page/Workflow Found - Listing 1' is double clicked on

2018-12-07 11:12:56 - [TEST_STEP][PASSED] - Statement - println(OwnerID): null

2018-12-07 11:12:56 - [TEST_STEP][PASSED] - Statement - OwnerID = com.kms.katalon.core.webui.keyword.WebUiBuiltInKeywords.getText(com.kms.katalon.core.testobject.ObjectRepository.findTestObject(Final Object Repo/WorkFlow Listing Page/Workflow Found - Listing 1), STOP_ON_FAILURE): Text of object 'Object Repository/Final Object Repo/WorkFlow Listing Page/Workflow Found - Listing 1' is: 'JOHORro2'

2018-12-07 11:12:56 - [MESSAGE][PASSED] - Text of object 'Object Repository/Final Object Repo/WorkFlow Listing Page/Workflow Found - Listing 1' is: 'JOHORro2'

2018-12-07 11:12:56 - [TEST_STEP][PASSED] - Statement - OwnerID = OwnerID.toLowerCase() + "@gmail.com": null

2018-12-07 11:12:56 - [TEST_STEP][PASSED] - Statement - println(OwnerID): null

2018-12-07 11:12:56 - [TEST_STEP][PASSED] - delay: Delayed 2 second(s)

2018-12-07 11:12:58 - [MESSAGE][PASSED] - Delayed 2 second(s)

2018-12-07 11:12:58 - [MESSAGE][PASSED] - Call Test Case 'Test Cases/Final Aug 2018 - PKS Automation/Common/Workflow Owner Finder' successfully

2018-12-07 11:12:58 - [TEST_STEP][PASSED] - callTestCase: Call Test Case 'Test Cases/Final Aug 2018 - PKS Automation/Registration Module/Log Out/log out avoiding katalon tagging' successfully

2018-12-07 11:12:58 - [TEST_CASE][PASSED] - Test Cases/Final Aug 2018 - PKS Automation/Registration Module/Log Out/log out avoiding katalon tagging: Test Cases/Final Aug 2018 - PKS Automation/Registration Module/Log Out/log out avoiding katalon tagging

2018-12-07 11:12:58 - [TEST_STEP][PASSED] - navigateToUrl: Navigate to 'https://assist2-uat.perkeso.gov.my/c/portal/logout' successfully

2018-12-07 11:12:59 - [MESSAGE][PASSED] - Navigate to 'https://assist2-uat.perkeso.gov.my/c/portal/logout' successfully

2018-12-07 11:12:59 - [MESSAGE][PASSED] - Call Test Case 'Test Cases/Final Aug 2018 - PKS Automation/Registration Module/Log Out/log out avoiding katalon tagging' successfully

2018-12-07 11:12:59 - [TEST_STEP][PASSED] - delay: Delayed 2 second(s)

2018-12-07 11:13:01 - [MESSAGE][PASSED] - Delayed 2 second(s)

2018-12-07 11:13:01 - [TEST_STEP][PASSED] - setText: Text 'johorro2@gmail.com' is set on object 'Object Repository/Final Object Repo/Page_Update Add New Employee - ASSIST/Email TextBox'

2018-12-07 11:13:01 - [MESSAGE][PASSED] - Text 'johorro2@gmail.com' is set on object 'Object Repository/Final Object Repo/Page_Update Add New Employee - ASSIST/Email TextBox'

2018-12-07 11:13:01 - [TEST_STEP][PASSED] - click: Object: 'Object Repository/Final Object Repo/Page_Update Add New Employee - ASSIST/Next Button' is clicked on

2018-12-07 11:13:01 - [MESSAGE][PASSED] - Object: 'Object Repository/Final Object Repo/Page_Update Add New Employee - ASSIST/Next Button' is clicked on

2018-12-07 11:13:01 - [TEST_STEP][PASSED] - delay: Delayed 2 second(s)

2018-12-07 11:13:03 - [MESSAGE][PASSED] - Delayed 2 second(s)

2018-12-07 11:13:03 - [TEST_STEP][PASSED] - setText: Text 'Test1@3456789' is set on object 'Object Repository/Final Object Repo/Page_Update Add New Employee - ASSIST/Password TextBox'

2018-12-07 11:13:04 - [MESSAGE][PASSED] - Text 'Test1@3456789' is set on object 'Object Repository/Final Object Repo/Page_Update Add New Employee - ASSIST/Password TextBox'

2018-12-07 11:13:04 - [TEST_STEP][PASSED] - delay: Delayed 2 second(s)

2018-12-07 11:13:06 - [MESSAGE][PASSED] - Delayed 2 second(s)

2018-12-07 11:13:06 - [TEST_STEP][PASSED] - click: Object: 'Object Repository/Final Object Repo/Page_Update Add New Employee - ASSIST/Login Button' is clicked on

2018-12-07 11:13:06 - [MESSAGE][PASSED] - Object: 'Object Repository/Final Object Repo/Page_Update Add New Employee - ASSIST/Login Button' is clicked on

2018-12-07 11:13:06 - [TEST_STEP][PASSED] - delay: Delayed 4 second(s)

2018-12-07 11:13:10 - [MESSAGE][PASSED] - Delayed 4 second(s)

2018-12-07 11:13:10 - [TEST_STEP][PASSED] - Statement - Try: Delayed 2 second(s)

2018-12-07 11:13:10 - [TEST_STEP][PASSED] - Statement - Checker = false: null

2018-12-07 11:13:10 - [TEST_STEP][PASSED] - Statement - Checker = com.kms.katalon.core.webui.keyword.WebUiBuiltInKeywords.verifyElementHasAttribute(com.kms.katalon.core.testobject.ObjectRepository.findTestObject(Final Object Repo/Landing Page/BM Detecting), "href", 20, OPTIONAL): Object 'Object Repository/Final Object Repo/Landing Page/BM Detecting' has attribute 'href'

2018-12-07 11:13:10 - [MESSAGE][PASSED] - Object 'Object Repository/Final Object Repo/Landing Page/BM Detecting' has attribute 'href'

2018-12-07 11:13:10 - [TEST_STEP][PASSED] - Statement - out.println(Checker): null

2018-12-07 11:13:10 - [TEST_STEP][PASSED] - Statement - If (Checker == false): null

2018-12-07 11:13:10 - [TEST_STEP][PASSED] - Statement - Else: null

2018-12-07 11:13:10 - [TEST_STEP][PASSED] - delay: Delayed 2 second(s)

2018-12-07 11:13:12 - [MESSAGE][PASSED] - Delayed 2 second(s)

2018-12-07 11:13:12 - [TEST_STEP][PASSED] - delay: Delayed 4 second(s)

2018-12-07 11:13:16 - [MESSAGE][PASSED] - Delayed 4 second(s)

2018-12-07 11:13:16 - [TEST_STEP][PASSED] - click: Object: 'Object Repository/Final Object Repo/New Registration - Registration Module Pages/New Reg - OTC to RO/Special Case - All Related Objects/Expand to Search' is clicked on

2018-12-07 11:13:16 - [MESSAGE][PASSED] - Object: 'Object Repository/Final Object Repo/New Registration - Registration Module Pages/New Reg - OTC to RO/Special Case - All Related Objects/Expand to Search' is clicked on

2018-12-07 11:13:16 - [TEST_STEP][PASSED] - setText: Text 'CAN12201800002285' is set on object 'Object Repository/Final Object Repo/New Registration - Registration Module Pages/New Reg - OTC to RO/Special Case - All Related Objects/TextBox RefNo in Workbasket'

2018-12-07 11:13:17 - [MESSAGE][PASSED] - Text 'CAN12201800002285' is set on object 'Object Repository/Final Object Repo/New Registration - Registration Module Pages/New Reg - OTC to RO/Special Case - All Related Objects/TextBox RefNo in Workbasket'

2018-12-07 11:13:17 - [TEST_STEP][PASSED] - delay: Delayed 2 second(s)

2018-12-07 11:13:19 - [MESSAGE][PASSED] - Delayed 2 second(s)

2018-12-07 11:13:19 - [TEST_STEP][PASSED] - click: Object: 'Object Repository/Final Object Repo/New Registration - Registration Module Pages/New Reg - OTC to RO/Special Case - All Related Objects/Click Search' is clicked on

2018-12-07 11:13:19 - [MESSAGE][PASSED] - Object: 'Object Repository/Final Object Repo/New Registration - Registration Module Pages/New Reg - OTC to RO/Special Case - All Related Objects/Click Search' is clicked on

2018-12-07 11:13:19 - [TEST_STEP][PASSED] - delay: Delayed 2 second(s)

2018-12-07 11:13:21 - [MESSAGE][PASSED] - Delayed 2 second(s)

2018-12-07 11:13:21 - [TEST_STEP][PASSED] - click: Object: 'Object Repository/Final Object Repo/New Registration - Registration Module Pages/New Reg - OTC to RO/Special Case - All Related Objects/Click to Continue Workflow' is clicked on

2018-12-07 11:13:25 - [MESSAGE][PASSED] - Object: 'Object Repository/Final Object Repo/New Registration - Registration Module Pages/New Reg - OTC to RO/Special Case - All Related Objects/Click to Continue Workflow' is clicked on

2018-12-07 11:13:25 - [TEST_STEP][PASSED] - delay: Delayed 10 second(s)

2018-12-07 11:13:35 - [MESSAGE][PASSED] - Delayed 10 second(s)

2018-12-07 11:13:35 - [TEST_STEP][PASSED] - click: Object: 'Object Repository/Final Object Repo/New Registration - Registration Module Pages/New Reg - OTC to RO/Special Case - All Related Objects/Continue Button in verifying case' is clicked on

2018-12-07 11:13:39 - [MESSAGE][PASSED] - Object: 'Object Repository/Final Object Repo/New Registration - Registration Module Pages/New Reg - OTC to RO/Special Case - All Related Objects/Continue Button in verifying case' is clicked on

2018-12-07 11:13:39 - [TEST_STEP][PASSED] - delay: Delayed 2 second(s)

2018-12-07 11:13:41 - [MESSAGE][PASSED] - Delayed 2 second(s)

2018-12-07 11:13:41 - [TEST_STEP][PASSED] - click: Object: 'Object Repository/Final Object Repo/Page_Update Add New Employee - ASSIST/Save  Continue Button' is clicked on

2018-12-07 11:13:41 - [MESSAGE][PASSED] - Object: 'Object Repository/Final Object Repo/Page_Update Add New Employee - ASSIST/Save  Continue Button' is clicked on

2018-12-07 11:13:41 - [TEST_STEP][PASSED] - delay: Delayed 4 second(s)

2018-12-07 11:13:45 - [MESSAGE][PASSED] - Delayed 4 second(s)

2018-12-07 11:13:45 - [TEST_STEP][PASSED] - click: Object: 'Object Repository/Final Object Repo/Page_Update Add New Employee - ASSIST/Save  Continue Third Screen' is clicked on

2018-12-07 11:13:48 - [MESSAGE][PASSED] - Object: 'Object Repository/Final Object Repo/Page_Update Add New Employee - ASSIST/Save  Continue Third Screen' is clicked on

2018-12-07 11:13:48 - [TEST_STEP][PASSED] - delay: Delayed 4 second(s)

2018-12-07 11:13:52 - [MESSAGE][PASSED] - Delayed 4 second(s)

2018-12-07 11:13:52 - [TEST_STEP][PASSED] - click: Object: 'Object Repository/Final Object Repo/Page_Update Add New Employee - ASSIST/Save   Continue Supporting Doc Page' is clicked on

2018-12-07 11:13:52 - [MESSAGE][PASSED] - Object: 'Object Repository/Final Object Repo/Page_Update Add New Employee - ASSIST/Save   Continue Supporting Doc Page' is clicked on

2018-12-07 11:13:52 - [TEST_STEP][PASSED] - delay: Delayed 4 second(s)

2018-12-07 11:13:56 - [MESSAGE][PASSED] - Delayed 4 second(s)

2018-12-07 11:13:56 - [TEST_STEP][PASSED] - click: Object: 'Object Repository/Final Object Repo/Page_Update Add New Employee - ASSIST/Submit Button' is clicked on

2018-12-07 11:13:56 - [MESSAGE][PASSED] - Object: 'Object Repository/Final Object Repo/Page_Update Add New Employee - ASSIST/Submit Button' is clicked on

2018-12-07 11:13:56 - [TEST_STEP][PASSED] - delay: Delayed 4 second(s)

2018-12-07 11:14:00 - [MESSAGE][PASSED] - Delayed 4 second(s)

2018-12-07 11:14:00 - [TEST_STEP][PASSED] - click: Object: 'Object Repository/Final Object Repo/Page_Update Add New Employee - ASSIST/Confirm Submit Button' is clicked on

2018-12-07 11:14:01 - [MESSAGE][PASSED] - Object: 'Object Repository/Final Object Repo/Page_Update Add New Employee - ASSIST/Confirm Submit Button' is clicked on

2018-12-07 11:14:01 - [TEST_STEP][PASSED] - delay: Delayed 30 second(s)

2018-12-07 11:14:31 - [MESSAGE][PASSED] - Delayed 30 second(s)

2018-12-07 11:14:31 - [TEST_STEP][PASSED] - callTestCase: Call Test Case 'Test Cases/Final Aug 2018 - PKS Automation/Common/Screenshoting tool' successfully

2018-12-07 11:14:31 - [TEST_CASE][PASSED] - Test Cases/Final Aug 2018 - PKS Automation/Common/Screenshoting tool: Test Cases/Final Aug 2018 - PKS Automation/Common/Screenshoting tool

2018-12-07 11:14:31 - [TEST_STEP][PASSED] - delay: Delayed 15 second(s)

2018-12-07 11:14:46 - [MESSAGE][PASSED] - Delayed 15 second(s)

2018-12-07 11:14:46 - [TEST_STEP][PASSED] - Statement - driver = com.kms.katalon.core.webui.driver.DriverFactory.getWebDriver(): null

2018-12-07 11:14:46 - [TEST_STEP][PASSED] - Statement - driver.manage().timeouts().implicitlyWait(10, SECONDS): null

2018-12-07 11:14:46 - [TEST_STEP][PASSED] - Statement - PresavePath = KatalonScreenshots: null

2018-12-07 11:14:46 - [TEST_STEP][PASSED] - Statement - pathPrefix = "C:\Users\Public\Pictures\Sample Pictures\Katalon Screenshots\Automate Ending Screen": null

2018-12-07 11:14:46 - [TEST_STEP][PASSED] - Statement - finalPath = <not implemented yet for class: org.codehaus.groovy.ast.expr.EmptyExpression>: null

2018-12-07 11:14:46 - [TEST_STEP][PASSED] - Statement - scrFile = driver.getScreenshotAs(FILE): null

2018-12-07 11:14:46 - [TEST_STEP][PASSED] - Statement - PreSaveFile = new java.io.File(PresavePath): null

2018-12-07 11:14:46 - [TEST_STEP][PASSED] - Statement - counter = 0: null

2018-12-07 11:14:46 - [TEST_STEP][PASSED] - Statement - If (PreSaveFile.exists()): null

2018-12-07 11:14:46 - [TEST_STEP][PASSED] - Statement - While (PreSaveFile.exists()): null

2018-12-07 11:14:46 - [TEST_STEP][PASSED] - Statement - counter = counter + 1: null

2018-12-07 11:14:46 - [TEST_STEP][PASSED] - Statement - PreSaveFile = new java.io.File(((pathPrefix + java.lang.Integer.toString(counter)) + .png)): null

2018-12-07 11:14:46 - [TEST_STEP][PASSED] - Statement - counter = counter + 1: null

2018-12-07 11:14:46 - [TEST_STEP][PASSED] - Statement - PreSaveFile = new java.io.File(((pathPrefix + java.lang.Integer.toString(counter)) + .png)): null

2018-12-07 11:14:46 - [TEST_STEP][PASSED] - Statement - counter = counter + 1: null

2018-12-07 11:14:46 - [TEST_STEP][PASSED] - Statement - PreSaveFile = new java.io.File(((pathPrefix + java.lang.Integer.toString(counter)) + .png)): null

2018-12-07 11:14:46 - [TEST_STEP][PASSED] - Statement - counter = counter + 1: null

2018-12-07 11:14:46 - [TEST_STEP][PASSED] - Statement - PreSaveFile = new java.io.File(((pathPrefix + java.lang.Integer.toString(counter)) + .png)): null

2018-12-07 11:14:46 - [TEST_STEP][PASSED] - Statement - counter = counter + 1: null

2018-12-07 11:14:46 - [TEST_STEP][PASSED] - Statement - PreSaveFile = new java.io.File(((pathPrefix + java.lang.Integer.toString(counter)) + .png)): null

2018-12-07 11:14:46 - [TEST_STEP][PASSED] - Statement - counter = counter + 1: null

2018-12-07 11:14:46 - [TEST_STEP][PASSED] - Statement - PreSaveFile = new java.io.File(((pathPrefix + java.lang.Integer.toString(counter)) + .png)): null

2018-12-07 11:14:46 - [TEST_STEP][PASSED] - Statement - counter = counter + 1: null

2018-12-07 11:14:46 - [TEST_STEP][PASSED] - Statement - PreSaveFile = new java.io.File(((pathPrefix + java.lang.Integer.toString(counter)) + .png)): null

2018-12-07 11:14:46 - [TEST_STEP][PASSED] - Statement - counter = counter + 1: null

2018-12-07 11:14:46 - [TEST_STEP][PASSED] - Statement - PreSaveFile = new java.io.File(((pathPrefix + java.lang.Integer.toString(counter)) + .png)): null

2018-12-07 11:14:46 - [TEST_STEP][PASSED] - Statement - counter = counter + 1: null

2018-12-07 11:14:46 - [TEST_STEP][PASSED] - Statement - PreSaveFile = new java.io.File(((pathPrefix + java.lang.Integer.toString(counter)) + .png)): null

2018-12-07 11:14:46 - [TEST_STEP][PASSED] - Statement - counter = counter + 1: null

2018-12-07 11:14:46 - [TEST_STEP][PASSED] - Statement - PreSaveFile = new java.io.File(((pathPrefix + java.lang.Integer.toString(counter)) + .png)): null

2018-12-07 11:14:46 - [TEST_STEP][PASSED] - Statement - counter = counter + 1: null

2018-12-07 11:14:46 - [TEST_STEP][PASSED] - Statement - PreSaveFile = new java.io.File(((pathPrefix + java.lang.Integer.toString(counter)) + .png)): null

2018-12-07 11:14:46 - [TEST_STEP][PASSED] - Statement - counter = counter + 1: null

2018-12-07 11:14:46 - [TEST_STEP][PASSED] - Statement - PreSaveFile = new java.io.File(((pathPrefix + java.lang.Integer.toString(counter)) + .png)): null

2018-12-07 11:14:46 - [TEST_STEP][PASSED] - Statement - counter = counter + 1: null

2018-12-07 11:14:46 - [TEST_STEP][PASSED] - Statement - PreSaveFile = new java.io.File(((pathPrefix + java.lang.Integer.toString(counter)) + .png)): null

2018-12-07 11:14:46 - [TEST_STEP][PASSED] - Statement - counter = counter + 1: null

2018-12-07 11:14:46 - [TEST_STEP][PASSED] - Statement - PreSaveFile = new java.io.File(((pathPrefix + java.lang.Integer.toString(counter)) + .png)): null

2018-12-07 11:14:46 - [TEST_STEP][PASSED] - Statement - counter = counter + 1: null

2018-12-07 11:14:46 - [TEST_STEP][PASSED] - Statement - PreSaveFile = new java.io.File(((pathPrefix + java.lang.Integer.toString(counter)) + .png)): null

2018-12-07 11:14:46 - [TEST_STEP][PASSED] - Statement - counter = counter + 1: null

2018-12-07 11:14:46 - [TEST_STEP][PASSED] - Statement - PreSaveFile = new java.io.File(((pathPrefix + java.lang.Integer.toString(counter)) + .png)): null

2018-12-07 11:14:46 - [TEST_STEP][PASSED] - Statement - counter = counter + 1: null

2018-12-07 11:14:46 - [TEST_STEP][PASSED] - Statement - PreSaveFile = new java.io.File(((pathPrefix + java.lang.Integer.toString(counter)) + .png)): null

2018-12-07 11:14:46 - [TEST_STEP][PASSED] - Statement - counter = counter + 1: null

2018-12-07 11:14:46 - [TEST_STEP][PASSED] - Statement - PreSaveFile = new java.io.File(((pathPrefix + java.lang.Integer.toString(counter)) + .png)): null

2018-12-07 11:14:46 - [TEST_STEP][PASSED] - Statement - counter = counter + 1: null

2018-12-07 11:14:46 - [TEST_STEP][PASSED] - Statement - PreSaveFile = new java.io.File(((pathPrefix + java.lang.Integer.toString(counter)) + .png)): null

2018-12-07 11:14:46 - [TEST_STEP][PASSED] - Statement - counter = counter + 1: null

2018-12-07 11:14:46 - [TEST_STEP][PASSED] - Statement - PreSaveFile = new java.io.File(((pathPrefix + java.lang.Integer.toString(counter)) + .png)): null

2018-12-07 11:14:46 - [TEST_STEP][PASSED] - Statement - counter = counter + 1: null

2018-12-07 11:14:47 - [TEST_STEP][PASSED] - Statement - PreSaveFile = new java.io.File(((pathPrefix + java.lang.Integer.toString(counter)) + .png)): null

2018-12-07 11:14:47 - [TEST_STEP][PASSED] - Statement - counter = counter + 1: null

2018-12-07 11:14:47 - [TEST_STEP][PASSED] - Statement - PreSaveFile = new java.io.File(((pathPrefix + java.lang.Integer.toString(counter)) + .png)): null

2018-12-07 11:14:47 - [TEST_STEP][PASSED] - Statement - counter = counter + 1: null

2018-12-07 11:14:47 - [TEST_STEP][PASSED] - Statement - PreSaveFile = new java.io.File(((pathPrefix + java.lang.Integer.toString(counter)) + .png)): null

2018-12-07 11:14:47 - [TEST_STEP][PASSED] - Statement - counter = counter + 1: null

2018-12-07 11:14:47 - [TEST_STEP][PASSED] - Statement - PreSaveFile = new java.io.File(((pathPrefix + java.lang.Integer.toString(counter)) + .png)): null

2018-12-07 11:14:47 - [TEST_STEP][PASSED] - Statement - counter = counter + 1: null

2018-12-07 11:14:47 - [TEST_STEP][PASSED] - Statement - PreSaveFile = new java.io.File(((pathPrefix + java.lang.Integer.toString(counter)) + .png)): null

2018-12-07 11:14:47 - [TEST_STEP][PASSED] - Statement - counter = counter + 1: null

2018-12-07 11:14:47 - [TEST_STEP][PASSED] - Statement - PreSaveFile = new java.io.File(((pathPrefix + java.lang.Integer.toString(counter)) + .png)): null

2018-12-07 11:14:47 - [TEST_STEP][PASSED] - Statement - counter = counter + 1: null

2018-12-07 11:14:47 - [TEST_STEP][PASSED] - Statement - PreSaveFile = new java.io.File(((pathPrefix + java.lang.Integer.toString(counter)) + .png)): null

2018-12-07 11:14:47 - [TEST_STEP][PASSED] - Statement - counter = counter + 1: null

2018-12-07 11:14:47 - [TEST_STEP][PASSED] - Statement - PreSaveFile = new java.io.File(((pathPrefix + java.lang.Integer.toString(counter)) + .png)): null

2018-12-07 11:14:47 - [TEST_STEP][PASSED] - Statement - counter = counter + 1: null

2018-12-07 11:14:47 - [TEST_STEP][PASSED] - Statement - PreSaveFile = new java.io.File(((pathPrefix + java.lang.Integer.toString(counter)) + .png)): null

2018-12-07 11:14:47 - [TEST_STEP][PASSED] - Statement - counter = counter + 1: null

2018-12-07 11:14:47 - [TEST_STEP][PASSED] - Statement - PreSaveFile = new java.io.File(((pathPrefix + java.lang.Integer.toString(counter)) + .png)): null

2018-12-07 11:14:47 - [TEST_STEP][PASSED] - Statement - counter = counter + 1: null

2018-12-07 11:14:47 - [TEST_STEP][PASSED] - Statement - PreSaveFile = new java.io.File(((pathPrefix + java.lang.Integer.toString(counter)) + .png)): null

2018-12-07 11:14:47 - [TEST_STEP][PASSED] - Statement - counter = counter + 1: null

2018-12-07 11:14:47 - [TEST_STEP][PASSED] - Statement - PreSaveFile = new java.io.File(((pathPrefix + java.lang.Integer.toString(counter)) + .png)): null

2018-12-07 11:14:47 - [TEST_STEP][PASSED] - Statement - counter = counter + 1: null

2018-12-07 11:14:47 - [TEST_STEP][PASSED] - Statement - PreSaveFile = new java.io.File(((pathPrefix + java.lang.Integer.toString(counter)) + .png)): null

2018-12-07 11:14:47 - [TEST_STEP][PASSED] - Statement - counter = counter + 1: null

2018-12-07 11:14:47 - [TEST_STEP][PASSED] - Statement - PreSaveFile = new java.io.File(((pathPrefix + java.lang.Integer.toString(counter)) + .png)): null

2018-12-07 11:14:47 - [TEST_STEP][PASSED] - Statement - counter = counter + 1: null

2018-12-07 11:14:47 - [TEST_STEP][PASSED] - Statement - PreSaveFile = new java.io.File(((pathPrefix + java.lang.Integer.toString(counter)) + .png)): null

2018-12-07 11:14:47 - [TEST_STEP][PASSED] - Statement - counter = counter + 1: null

2018-12-07 11:14:47 - [TEST_STEP][PASSED] - Statement - PreSaveFile = new java.io.File(((pathPrefix + java.lang.Integer.toString(counter)) + .png)): null

2018-12-07 11:14:47 - [TEST_STEP][PASSED] - Statement - counter = counter + 1: null

2018-12-07 11:14:47 - [TEST_STEP][PASSED] - Statement - PreSaveFile = new java.io.File(((pathPrefix + java.lang.Integer.toString(counter)) + .png)): null

2018-12-07 11:14:47 - [TEST_STEP][PASSED] - Statement - counter = counter + 1: null

2018-12-07 11:14:47 - [TEST_STEP][PASSED] - Statement - PreSaveFile = new java.io.File(((pathPrefix + java.lang.Integer.toString(counter)) + .png)): null

2018-12-07 11:14:47 - [TEST_STEP][PASSED] - Statement - counter = counter + 1: null

2018-12-07 11:14:48 - [TEST_STEP][PASSED] - Statement - PreSaveFile = new java.io.File(((pathPrefix + java.lang.Integer.toString(counter)) + .png)): null

2018-12-07 11:14:48 - [TEST_STEP][PASSED] - Statement - counter = counter + 1: null

2018-12-07 11:14:48 - [TEST_STEP][PASSED] - Statement - PreSaveFile = new java.io.File(((pathPrefix + java.lang.Integer.toString(counter)) + .png)): null

2018-12-07 11:14:48 - [TEST_STEP][PASSED] - Statement - counter = counter + 1: null

2018-12-07 11:14:48 - [TEST_STEP][PASSED] - Statement - PreSaveFile = new java.io.File(((pathPrefix + java.lang.Integer.toString(counter)) + .png)): null

2018-12-07 11:14:48 - [TEST_STEP][PASSED] - Statement - counter = counter + 1: null

2018-12-07 11:14:48 - [TEST_STEP][PASSED] - Statement - PreSaveFile = new java.io.File(((pathPrefix + java.lang.Integer.toString(counter)) + .png)): null

2018-12-07 11:14:48 - [TEST_STEP][PASSED] - Statement - counter = counter + 1: null

2018-12-07 11:14:48 - [TEST_STEP][PASSED] - Statement - PreSaveFile = new java.io.File(((pathPrefix + java.lang.Integer.toString(counter)) + .png)): null

2018-12-07 11:14:48 - [TEST_STEP][PASSED] - Statement - counter = counter + 1: null

2018-12-07 11:14:48 - [TEST_STEP][PASSED] - Statement - PreSaveFile = new java.io.File(((pathPrefix + java.lang.Integer.toString(counter)) + .png)): null

2018-12-07 11:14:48 - [TEST_STEP][PASSED] - Statement - counter = counter + 1: null

2018-12-07 11:14:48 - [TEST_STEP][PASSED] - Statement - PreSaveFile = new java.io.File(((pathPrefix + java.lang.Integer.toString(counter)) + .png)): null

2018-12-07 11:14:48 - [TEST_STEP][PASSED] - Statement - counter = counter + 1: null

2018-12-07 11:14:48 - [TEST_STEP][PASSED] - Statement - PreSaveFile = new java.io.File(((pathPrefix + java.lang.Integer.toString(counter)) + .png)): null

2018-12-07 11:14:48 - [TEST_STEP][PASSED] - Statement - counter = counter + 1: null

2018-12-07 11:14:48 - [TEST_STEP][PASSED] - Statement - PreSaveFile = new java.io.File(((pathPrefix + java.lang.Integer.toString(counter)) + .png)): null

2018-12-07 11:14:48 - [TEST_STEP][PASSED] - Statement - counter = counter + 1: null

2018-12-07 11:14:48 - [TEST_STEP][PASSED] - Statement - PreSaveFile = new java.io.File(((pathPrefix + java.lang.Integer.toString(counter)) + .png)): null

2018-12-07 11:14:48 - [TEST_STEP][PASSED] - Statement - counter = counter + 1: null

2018-12-07 11:14:48 - [TEST_STEP][PASSED] - Statement - PreSaveFile = new java.io.File(((pathPrefix + java.lang.Integer.toString(counter)) + .png)): null

2018-12-07 11:14:48 - [TEST_STEP][PASSED] - Statement - counter = counter + 1: null

2018-12-07 11:14:48 - [TEST_STEP][PASSED] - Statement - PreSaveFile = new java.io.File(((pathPrefix + java.lang.Integer.toString(counter)) + .png)): null

2018-12-07 11:14:48 - [TEST_STEP][PASSED] - Statement - counter = counter + 1: null

2018-12-07 11:14:48 - [TEST_STEP][PASSED] - Statement - PreSaveFile = new java.io.File(((pathPrefix + java.lang.Integer.toString(counter)) + .png)): null

2018-12-07 11:14:48 - [TEST_STEP][PASSED] - Statement - counter = counter + 1: null

2018-12-07 11:14:48 - [TEST_STEP][PASSED] - Statement - PreSaveFile = new java.io.File(((pathPrefix + java.lang.Integer.toString(counter)) + .png)): null

2018-12-07 11:14:48 - [TEST_STEP][PASSED] - Statement - counter = counter + 1: null

2018-12-07 11:14:49 - [TEST_STEP][PASSED] - Statement - PreSaveFile = new java.io.File(((pathPrefix + java.lang.Integer.toString(counter)) + .png)): null

2018-12-07 11:14:49 - [TEST_STEP][PASSED] - Statement - counter = counter + 1: null

2018-12-07 11:14:49 - [TEST_STEP][PASSED] - Statement - PreSaveFile = new java.io.File(((pathPrefix + java.lang.Integer.toString(counter)) + .png)): null

2018-12-07 11:14:49 - [TEST_STEP][PASSED] - Statement - counter = counter + 1: null

2018-12-07 11:14:49 - [TEST_STEP][PASSED] - Statement - PreSaveFile = new java.io.File(((pathPrefix + java.lang.Integer.toString(counter)) + .png)): null

2018-12-07 11:14:49 - [TEST_STEP][PASSED] - Statement - counter = counter + 1: null

2018-12-07 11:14:49 - [TEST_STEP][PASSED] - Statement - PreSaveFile = new java.io.File(((pathPrefix + java.lang.Integer.toString(counter)) + .png)): null

2018-12-07 11:14:49 - [TEST_STEP][PASSED] - Statement - counter = counter + 1: null

2018-12-07 11:14:49 - [TEST_STEP][PASSED] - Statement - PreSaveFile = new java.io.File(((pathPrefix + java.lang.Integer.toString(counter)) + .png)): null

2018-12-07 11:14:49 - [TEST_STEP][PASSED] - Statement - counter = counter + 1: null

2018-12-07 11:14:49 - [TEST_STEP][PASSED] - Statement - PreSaveFile = new java.io.File(((pathPrefix + java.lang.Integer.toString(counter)) + .png)): null

2018-12-07 11:14:49 - [TEST_STEP][PASSED] - Statement - counter = counter + 1: null

2018-12-07 11:14:49 - [TEST_STEP][PASSED] - Statement - PreSaveFile = new java.io.File(((pathPrefix + java.lang.Integer.toString(counter)) + .png)): null

2018-12-07 11:14:49 - [TEST_STEP][PASSED] - Statement - counter = counter + 1: null

2018-12-07 11:14:49 - [TEST_STEP][PASSED] - Statement - PreSaveFile = new java.io.File(((pathPrefix + java.lang.Integer.toString(counter)) + .png)): null

2018-12-07 11:14:49 - [TEST_STEP][PASSED] - Statement - counter = counter + 1: null

2018-12-07 11:14:49 - [TEST_STEP][PASSED] - Statement - PreSaveFile = new java.io.File(((pathPrefix + java.lang.Integer.toString(counter)) + .png)): null

2018-12-07 11:14:49 - [TEST_STEP][PASSED] - Statement - counter = counter + 1: null

2018-12-07 11:14:49 - [TEST_STEP][PASSED] - Statement - PreSaveFile = new java.io.File(((pathPrefix + java.lang.Integer.toString(counter)) + .png)): null

2018-12-07 11:14:49 - [TEST_STEP][PASSED] - Statement - counter = counter + 1: null

2018-12-07 11:14:49 - [TEST_STEP][PASSED] - Statement - PreSaveFile = new java.io.File(((pathPrefix + java.lang.Integer.toString(counter)) + .png)): null

2018-12-07 11:14:49 - [TEST_STEP][PASSED] - Statement - counter = counter + 1: null

2018-12-07 11:14:49 - [TEST_STEP][PASSED] - Statement - PreSaveFile = new java.io.File(((pathPrefix + java.lang.Integer.toString(counter)) + .png)): null

2018-12-07 11:14:49 - [TEST_STEP][PASSED] - Statement - counter = counter + 1: null

2018-12-07 11:14:49 - [TEST_STEP][PASSED] - Statement - PreSaveFile = new java.io.File(((pathPrefix + java.lang.Integer.toString(counter)) + .png)): null

2018-12-07 11:14:49 - [TEST_STEP][PASSED] - Statement - counter = counter + 1: null

2018-12-07 11:14:49 - [TEST_STEP][PASSED] - Statement - PreSaveFile = new java.io.File(((pathPrefix + java.lang.Integer.toString(counter)) + .png)): null

2018-12-07 11:14:49 - [TEST_STEP][PASSED] - Statement - counter = counter + 1: null

2018-12-07 11:14:49 - [TEST_STEP][PASSED] - Statement - PreSaveFile = new java.io.File(((pathPrefix + java.lang.Integer.toString(counter)) + .png)): null

2018-12-07 11:14:50 - [TEST_STEP][PASSED] - Statement - counter = counter + 1: null

2018-12-07 11:14:50 - [TEST_STEP][PASSED] - Statement - PreSaveFile = new java.io.File(((pathPrefix + java.lang.Integer.toString(counter)) + .png)): null

2018-12-07 11:14:50 - [TEST_STEP][PASSED] - Statement - counter = counter + 1: null

2018-12-07 11:14:50 - [TEST_STEP][PASSED] - Statement - PreSaveFile = new java.io.File(((pathPrefix + java.lang.Integer.toString(counter)) + .png)): null

2018-12-07 11:14:50 - [TEST_STEP][PASSED] - Statement - counter = counter + 1: null

2018-12-07 11:14:50 - [TEST_STEP][PASSED] - Statement - PreSaveFile = new java.io.File(((pathPrefix + java.lang.Integer.toString(counter)) + .png)): null

2018-12-07 11:14:50 - [TEST_STEP][PASSED] - Statement - counter = counter + 1: null

2018-12-07 11:14:50 - [TEST_STEP][PASSED] - Statement - PreSaveFile = new java.io.File(((pathPrefix + java.lang.Integer.toString(counter)) + .png)): null

2018-12-07 11:14:50 - [TEST_STEP][PASSED] - Statement - counter = counter + 1: null

2018-12-07 11:14:50 - [TEST_STEP][PASSED] - Statement - PreSaveFile = new java.io.File(((pathPrefix + java.lang.Integer.toString(counter)) + .png)): null

2018-12-07 11:14:50 - [TEST_STEP][PASSED] - Statement - counter = counter + 1: null

2018-12-07 11:14:50 - [TEST_STEP][PASSED] - Statement - PreSaveFile = new java.io.File(((pathPrefix + java.lang.Integer.toString(counter)) + .png)): null

2018-12-07 11:14:50 - [TEST_STEP][PASSED] - Statement - counter = counter + 1: null

2018-12-07 11:14:50 - [TEST_STEP][PASSED] - Statement - PreSaveFile = new java.io.File(((pathPrefix + java.lang.Integer.toString(counter)) + .png)): null

2018-12-07 11:14:50 - [TEST_STEP][PASSED] - Statement - counter = counter + 1: null

2018-12-07 11:14:50 - [TEST_STEP][PASSED] - Statement - PreSaveFile = new java.io.File(((pathPrefix + java.lang.Integer.toString(counter)) + .png)): null

2018-12-07 11:14:50 - [TEST_STEP][PASSED] - Statement - counter = counter + 1: null

2018-12-07 11:14:50 - [TEST_STEP][PASSED] - Statement - PreSaveFile = new java.io.File(((pathPrefix + java.lang.Integer.toString(counter)) + .png)): null

2018-12-07 11:14:50 - [TEST_STEP][PASSED] - Statement - counter = counter + 1: null

2018-12-07 11:14:50 - [TEST_STEP][PASSED] - Statement - PreSaveFile = new java.io.File(((pathPrefix + java.lang.Integer.toString(counter)) + .png)): null

2018-12-07 11:14:50 - [TEST_STEP][PASSED] - Statement - counter = counter + 1: null

2018-12-07 11:14:50 - [TEST_STEP][PASSED] - Statement - PreSaveFile = new java.io.File(((pathPrefix + java.lang.Integer.toString(counter)) + .png)): null

2018-12-07 11:14:50 - [TEST_STEP][PASSED] - Statement - counter = counter + 1: null

2018-12-07 11:14:50 - [TEST_STEP][PASSED] - Statement - PreSaveFile = new java.io.File(((pathPrefix + java.lang.Integer.toString(counter)) + .png)): null

2018-12-07 11:14:50 - [TEST_STEP][PASSED] - Statement - counter = counter + 1: null

2018-12-07 11:14:50 - [TEST_STEP][PASSED] - Statement - PreSaveFile = new java.io.File(((pathPrefix + java.lang.Integer.toString(counter)) + .png)): null

2018-12-07 11:14:50 - [TEST_STEP][PASSED] - Statement - counter = counter + 1: null

2018-12-07 11:14:50 - [TEST_STEP][PASSED] - Statement - PreSaveFile = new java.io.File(((pathPrefix + java.lang.Integer.toString(counter)) + .png)): null

2018-12-07 11:14:50 - [TEST_STEP][PASSED] - Statement - counter = counter + 1: null

2018-12-07 11:14:51 - [TEST_STEP][PASSED] - Statement - PreSaveFile = new java.io.File(((pathPrefix + java.lang.Integer.toString(counter)) + .png)): null

2018-12-07 11:14:51 - [TEST_STEP][PASSED] - Statement - counter = counter + 1: null

2018-12-07 11:14:51 - [TEST_STEP][PASSED] - Statement - PreSaveFile = new java.io.File(((pathPrefix + java.lang.Integer.toString(counter)) + .png)): null

2018-12-07 11:14:51 - [TEST_STEP][PASSED] - Statement - counter = counter + 1: null

2018-12-07 11:14:51 - [TEST_STEP][PASSED] - Statement - PreSaveFile = new java.io.File(((pathPrefix + java.lang.Integer.toString(counter)) + .png)): null

2018-12-07 11:14:51 - [TEST_STEP][PASSED] - Statement - counter = counter + 1: null

2018-12-07 11:14:51 - [TEST_STEP][PASSED] - Statement - PreSaveFile = new java.io.File(((pathPrefix + java.lang.Integer.toString(counter)) + .png)): null

2018-12-07 11:14:51 - [TEST_STEP][PASSED] - Statement - counter = counter + 1: null

2018-12-07 11:14:51 - [TEST_STEP][PASSED] - Statement - PreSaveFile = new java.io.File(((pathPrefix + java.lang.Integer.toString(counter)) + .png)): null

2018-12-07 11:14:51 - [TEST_STEP][PASSED] - Statement - counter = counter + 1: null

2018-12-07 11:14:51 - [TEST_STEP][PASSED] - Statement - PreSaveFile = new java.io.File(((pathPrefix + java.lang.Integer.toString(counter)) + .png)): null

2018-12-07 11:14:51 - [TEST_STEP][PASSED] - Statement - counter = counter + 1: null

2018-12-07 11:14:51 - [TEST_STEP][PASSED] - Statement - PreSaveFile = new java.io.File(((pathPrefix + java.lang.Integer.toString(counter)) + .png)): null

2018-12-07 11:14:51 - [TEST_STEP][PASSED] - Statement - counter = counter + 1: null

2018-12-07 11:14:51 - [TEST_STEP][PASSED] - Statement - PreSaveFile = new java.io.File(((pathPrefix + java.lang.Integer.toString(counter)) + .png)): null

2018-12-07 11:14:51 - [TEST_STEP][PASSED] - Statement - counter = counter + 1: null

2018-12-07 11:14:51 - [TEST_STEP][PASSED] - Statement - PreSaveFile = new java.io.File(((pathPrefix + java.lang.Integer.toString(counter)) + .png)): null

2018-12-07 11:14:51 - [TEST_STEP][PASSED] - Statement - counter = counter + 1: null

2018-12-07 11:14:51 - [TEST_STEP][PASSED] - Statement - PreSaveFile = new java.io.File(((pathPrefix + java.lang.Integer.toString(counter)) + .png)): null

2018-12-07 11:14:51 - [TEST_STEP][PASSED] - Statement - counter = counter + 1: null

2018-12-07 11:14:51 - [TEST_STEP][PASSED] - Statement - PreSaveFile = new java.io.File(((pathPrefix + java.lang.Integer.toString(counter)) + .png)): null

2018-12-07 11:14:51 - [TEST_STEP][PASSED] - Statement - counter = counter + 1: null

2018-12-07 11:14:51 - [TEST_STEP][PASSED] - Statement - PreSaveFile = new java.io.File(((pathPrefix + java.lang.Integer.toString(counter)) + .png)): null

2018-12-07 11:14:51 - [TEST_STEP][PASSED] - Statement - counter = counter + 1: null

2018-12-07 11:14:51 - [TEST_STEP][PASSED] - Statement - PreSaveFile = new java.io.File(((pathPrefix + java.lang.Integer.toString(counter)) + .png)): null

2018-12-07 11:14:51 - [TEST_STEP][PASSED] - Statement - counter = counter + 1: null

2018-12-07 11:14:51 - [TEST_STEP][PASSED] - Statement - PreSaveFile = new java.io.File(((pathPrefix + java.lang.Integer.toString(counter)) + .png)): null

2018-12-07 11:14:51 - [TEST_STEP][PASSED] - Statement - counter = counter + 1: null

2018-12-07 11:14:52 - [TEST_STEP][PASSED] - Statement - PreSaveFile = new java.io.File(((pathPrefix + java.lang.Integer.toString(counter)) + .png)): null

2018-12-07 11:14:52 - [TEST_STEP][PASSED] - Statement - counter = counter + 1: null

2018-12-07 11:14:52 - [TEST_STEP][PASSED] - Statement - PreSaveFile = new java.io.File(((pathPrefix + java.lang.Integer.toString(counter)) + .png)): null

2018-12-07 11:14:52 - [TEST_STEP][PASSED] - Statement - counter = counter + 1: null

2018-12-07 11:14:52 - [TEST_STEP][PASSED] - Statement - PreSaveFile = new java.io.File(((pathPrefix + java.lang.Integer.toString(counter)) + .png)): null

2018-12-07 11:14:52 - [TEST_STEP][PASSED] - Statement - counter = counter + 1: null

2018-12-07 11:14:52 - [TEST_STEP][PASSED] - Statement - PreSaveFile = new java.io.File(((pathPrefix + java.lang.Integer.toString(counter)) + .png)): null

2018-12-07 11:14:52 - [TEST_STEP][PASSED] - Statement - counter = counter + 1: null

2018-12-07 11:14:52 - [TEST_STEP][PASSED] - Statement - PreSaveFile = new java.io.File(((pathPrefix + java.lang.Integer.toString(counter)) + .png)): null

2018-12-07 11:14:52 - [TEST_STEP][PASSED] - Statement - counter = counter + 1: null

2018-12-07 11:14:52 - [TEST_STEP][PASSED] - Statement - PreSaveFile = new java.io.File(((pathPrefix + java.lang.Integer.toString(counter)) + .png)): null

2018-12-07 11:14:52 - [TEST_STEP][PASSED] - Statement - counter = counter + 1: null

2018-12-07 11:14:52 - [TEST_STEP][PASSED] - Statement - PreSaveFile = new java.io.File(((pathPrefix + java.lang.Integer.toString(counter)) + .png)): null

2018-12-07 11:14:52 - [TEST_STEP][PASSED] - Statement - counter = counter + 1: null

2018-12-07 11:14:52 - [TEST_STEP][PASSED] - Statement - PreSaveFile = new java.io.File(((pathPrefix + java.lang.Integer.toString(counter)) + .png)): null

2018-12-07 11:14:52 - [TEST_STEP][PASSED] - Statement - counter = counter + 1: null

2018-12-07 11:14:52 - [TEST_STEP][PASSED] - Statement - PreSaveFile = new java.io.File(((pathPrefix + java.lang.Integer.toString(counter)) + .png)): null

2018-12-07 11:14:52 - [TEST_STEP][PASSED] - Statement - counter = counter + 1: null

2018-12-07 11:14:52 - [TEST_STEP][PASSED] - Statement - PreSaveFile = new java.io.File(((pathPrefix + java.lang.Integer.toString(counter)) + .png)): null

2018-12-07 11:14:52 - [TEST_STEP][PASSED] - Statement - counter = counter + 1: null

2018-12-07 11:14:52 - [TEST_STEP][PASSED] - Statement - PreSaveFile = new java.io.File(((pathPrefix + java.lang.Integer.toString(counter)) + .png)): null

2018-12-07 11:14:52 - [TEST_STEP][PASSED] - Statement - counter = counter + 1: null

2018-12-07 11:14:52 - [TEST_STEP][PASSED] - Statement - PreSaveFile = new java.io.File(((pathPrefix + java.lang.Integer.toString(counter)) + .png)): null

2018-12-07 11:14:52 - [TEST_STEP][PASSED] - Statement - counter = counter + 1: null

2018-12-07 11:14:52 - [TEST_STEP][PASSED] - Statement - PreSaveFile = new java.io.File(((pathPrefix + java.lang.Integer.toString(counter)) + .png)): null

2018-12-07 11:14:52 - [TEST_STEP][PASSED] - Statement - counter = counter + 1: null

2018-12-07 11:14:52 - [TEST_STEP][PASSED] - Statement - PreSaveFile = new java.io.File(((pathPrefix + java.lang.Integer.toString(counter)) + .png)): null

2018-12-07 11:14:52 - [TEST_STEP][PASSED] - Statement - counter = counter + 1: null

2018-12-07 11:14:52 - [TEST_STEP][PASSED] - Statement - PreSaveFile = new java.io.File(((pathPrefix + java.lang.Integer.toString(counter)) + .png)): null

2018-12-07 11:14:52 - [TEST_STEP][PASSED] - Statement - counter = counter + 1: null

2018-12-07 11:14:53 - [TEST_STEP][PASSED] - Statement - PreSaveFile = new java.io.File(((pathPrefix + java.lang.Integer.toString(counter)) + .png)): null

2018-12-07 11:14:53 - [TEST_STEP][PASSED] - Statement - counter = counter + 1: null

2018-12-07 11:14:53 - [TEST_STEP][PASSED] - Statement - PreSaveFile = new java.io.File(((pathPrefix + java.lang.Integer.toString(counter)) + .png)): null

2018-12-07 11:14:53 - [TEST_STEP][PASSED] - Statement - counter = counter + 1: null

2018-12-07 11:14:53 - [TEST_STEP][PASSED] - Statement - PreSaveFile = new java.io.File(((pathPrefix + java.lang.Integer.toString(counter)) + .png)): null

2018-12-07 11:14:53 - [TEST_STEP][PASSED] - Statement - counter = counter + 1: null

2018-12-07 11:14:53 - [TEST_STEP][PASSED] - Statement - PreSaveFile = new java.io.File(((pathPrefix + java.lang.Integer.toString(counter)) + .png)): null

2018-12-07 11:14:53 - [TEST_STEP][PASSED] - Statement - counter = counter + 1: null

2018-12-07 11:14:53 - [TEST_STEP][PASSED] - Statement - PreSaveFile = new java.io.File(((pathPrefix + java.lang.Integer.toString(counter)) + .png)): null

2018-12-07 11:14:53 - [TEST_STEP][PASSED] - Statement - counter = counter + 1: null

2018-12-07 11:14:53 - [TEST_STEP][PASSED] - Statement - PreSaveFile = new java.io.File(((pathPrefix + java.lang.Integer.toString(counter)) + .png)): null

2018-12-07 11:14:53 - [TEST_STEP][PASSED] - Statement - finalPath = pathPrefix + java.lang.Integer.toString(counter) + ".png": null

2018-12-07 11:14:53 - [TEST_STEP][PASSED] - Statement - SaveFile = new java.io.File(finalPath): null

2018-12-07 11:14:53 - [TEST_STEP][PASSED] - Statement - Try: null

2018-12-07 11:14:53 - [TEST_STEP][PASSED] - Statement - org.apache.commons.io.FileUtils.copyFile(scrFile, SaveFile): null

2018-12-07 11:14:53 - [TEST_STEP][PASSED] - Statement - out.println("file kept"): null

2018-12-07 11:14:53 - [TEST_STEP][PASSED] - delay: Delayed 10 second(s)

2018-12-07 11:15:03 - [MESSAGE][PASSED] - Delayed 10 second(s)

2018-12-07 11:15:03 - [MESSAGE][PASSED] - Call Test Case 'Test Cases/Final Aug 2018 - PKS Automation/Common/Screenshoting tool' successfully]]></system-out>
         <system-err><![CDATA[]]></system-err>
      </testcase>
      <testcase name="Test Cases/Final Aug 2018 - PKS Automation/Registration Module/Workflow/Update Add New Employee/Special Case (OTC - PKR BO - RO Query - PKR BO Upload Pending Case - RO Approve)" classname="Test Cases/Final Aug 2018 - PKS Automation/Registration Module/Workflow/Update Add New Employee/Special Case (OTC - PKR BO - RO Query - PKR BO Upload Pending Case - RO Approve)" status="PASSED">
         <system-out><![CDATA[2018-12-07 11:15:03 - [TEST_CASE][PASSED] - Test Cases/Final Aug 2018 - PKS Automation/Registration Module/Workflow/Update Add New Employee/Special Case (OTC - PKR BO - RO Query - PKR BO Upload Pending Case - RO Approve): Test Cases/Final Aug 2018 - PKS Automation/Registration Module/Workflow/Update Add New Employee/Special Case (OTC - PKR BO - RO Query - PKR BO Upload Pending Case - RO Approve)

2018-12-07 11:15:03 - [TEST_STEP][PASSED] - callTestCase: Call Test Case 'Test Cases/Final Aug 2018 - PKS Automation/Registration Module/Workflow/Update Add New Employee/Template/New Company for Update Add New' successfully

2018-12-07 11:15:03 - [TEST_CASE][PASSED] - Test Cases/Final Aug 2018 - PKS Automation/Registration Module/Workflow/Update Add New Employee/Template/New Company for Update Add New: Test Cases/Final Aug 2018 - PKS Automation/Registration Module/Workflow/Update Add New Employee/Template/New Company for Update Add New

2018-12-07 11:15:03 - [TEST_STEP][PASSED] - callTestCase: Call Test Case 'Test Cases/Final Aug 2018 - PKS Automation/Registration Module/New Registration/Form 1/Form 1 - Corporation - BHD' successfully

2018-12-07 11:15:03 - [TEST_CASE][PASSED] - Test Cases/Final Aug 2018 - PKS Automation/Registration Module/New Registration/Form 1/Form 1 - Corporation - BHD: Test Cases/Final Aug 2018 - PKS Automation/Registration Module/New Registration/Form 1/Form 1 - Corporation - BHD

2018-12-07 11:15:03 - [TEST_STEP][PASSED] - openBrowser: Browser is opened with url: ''

2018-12-07 11:15:03 - [MESSAGE][WARNING] - A browser is already opened. Closing browser and opening a new one

2018-12-07 11:15:06 - [MESSAGE][PASSED] - Browser is opened with url: ''

2018-12-07 11:15:06 - [TEST_STEP][PASSED] - navigateToUrl: Navigate to 'https://assist2-uat.perkeso.gov.my/login' successfully

2018-12-07 11:15:08 - [MESSAGE][PASSED] - Navigate to 'https://assist2-uat.perkeso.gov.my/login' successfully

2018-12-07 11:15:08 - [TEST_STEP][PASSED] - setText: Text 'johorotc1@gmail.com' is set on object 'Object Repository/Final Object Repo/Login Page/Internal User/Email Address'

2018-12-07 11:15:08 - [MESSAGE][PASSED] - Text 'johorotc1@gmail.com' is set on object 'Object Repository/Final Object Repo/Login Page/Internal User/Email Address'

2018-12-07 11:15:08 - [TEST_STEP][PASSED] - click: Object: 'Object Repository/Final Object Repo/Login Page/Internal User/Next Button' is clicked on

2018-12-07 11:15:08 - [MESSAGE][PASSED] - Object: 'Object Repository/Final Object Repo/Login Page/Internal User/Next Button' is clicked on

2018-12-07 11:15:08 - [TEST_STEP][PASSED] - delay: Delayed 1 second(s)

2018-12-07 11:15:09 - [MESSAGE][PASSED] - Delayed 1 second(s)

2018-12-07 11:15:09 - [TEST_STEP][PASSED] - setEncryptedText: Text ****** has been set on object 'Object Repository/Final Object Repo/Login Page/Internal User/Password'

2018-12-07 11:15:09 - [MESSAGE][PASSED] - Text ****** has been set on object 'Object Repository/Final Object Repo/Login Page/Internal User/Password'

2018-12-07 11:15:09 - [TEST_STEP][PASSED] - click: Object: 'Object Repository/Final Object Repo/Login Page/Internal User/Login Button' is clicked on

2018-12-07 11:15:10 - [MESSAGE][PASSED] - Object: 'Object Repository/Final Object Repo/Login Page/Internal User/Login Button' is clicked on

2018-12-07 11:15:10 - [TEST_STEP][PASSED] - delay: Delayed 1 second(s)

2018-12-07 11:15:11 - [MESSAGE][PASSED] - Delayed 1 second(s)

2018-12-07 11:15:11 - [TEST_STEP][PASSED] - Statement - Try: Delayed 2 second(s)

2018-12-07 11:15:11 - [TEST_STEP][PASSED] - Statement - Checker = false: null

2018-12-07 11:15:11 - [TEST_STEP][PASSED] - Statement - Checker = com.kms.katalon.core.webui.keyword.WebUiBuiltInKeywords.verifyElementHasAttribute(com.kms.katalon.core.testobject.ObjectRepository.findTestObject(Final Object Repo/Landing Page/BM Detecting), "href", 20, OPTIONAL): Object 'Object Repository/Final Object Repo/Landing Page/BM Detecting' has attribute 'href'

2018-12-07 11:15:12 - [MESSAGE][PASSED] - Object 'Object Repository/Final Object Repo/Landing Page/BM Detecting' has attribute 'href'

2018-12-07 11:15:12 - [TEST_STEP][PASSED] - Statement - out.println(Checker): null

2018-12-07 11:15:12 - [TEST_STEP][PASSED] - Statement - If (Checker == false): null

2018-12-07 11:15:12 - [TEST_STEP][PASSED] - Statement - Else: null

2018-12-07 11:15:12 - [TEST_STEP][PASSED] - delay: Delayed 2 second(s)

2018-12-07 11:15:14 - [MESSAGE][PASSED] - Delayed 2 second(s)

2018-12-07 11:15:14 - [TEST_STEP][PASSED] - navigateToUrl: Navigate to 'https://assist2-uat.perkeso.gov.my/web/registration/registration' successfully

2018-12-07 11:15:15 - [MESSAGE][PASSED] - Navigate to 'https://assist2-uat.perkeso.gov.my/web/registration/registration' successfully

2018-12-07 11:15:15 - [TEST_STEP][PASSED] - click: Object: 'Object Repository/Final Object Repo/New Registration - Registration Module Pages/Form 1/AEC - No' is clicked on

2018-12-07 11:15:15 - [MESSAGE][PASSED] - Object: 'Object Repository/Final Object Repo/New Registration - Registration Module Pages/Form 1/AEC - No' is clicked on

2018-12-07 11:15:15 - [TEST_STEP][PASSED] - click: Object: 'Object Repository/Final Object Repo/New Registration - Registration Module Pages/Form 1/Business Entity' is clicked on

2018-12-07 11:15:16 - [MESSAGE][PASSED] - Object: 'Object Repository/Final Object Repo/New Registration - Registration Module Pages/Form 1/Business Entity' is clicked on

2018-12-07 11:15:16 - [TEST_STEP][PASSED] - click: Object: 'Object Repository/Final Object Repo/New Registration - Registration Module Pages/Form 1/Businees Entity - Corporation' is clicked on

2018-12-07 11:15:16 - [MESSAGE][PASSED] - Object: 'Object Repository/Final Object Repo/New Registration - Registration Module Pages/Form 1/Businees Entity - Corporation' is clicked on

2018-12-07 11:15:16 - [TEST_STEP][PASSED] - delay: Delayed 1 second(s)

2018-12-07 11:15:17 - [MESSAGE][PASSED] - Delayed 1 second(s)

2018-12-07 11:15:17 - [TEST_STEP][PASSED] - click: Object: 'Object Repository/Final Object Repo/New Registration - Registration Module Pages/Form 1/Sub Business Entity' is clicked on

2018-12-07 11:15:17 - [MESSAGE][PASSED] - Object: 'Object Repository/Final Object Repo/New Registration - Registration Module Pages/Form 1/Sub Business Entity' is clicked on

2018-12-07 11:15:17 - [TEST_STEP][PASSED] - click: Object: 'Object Repository/Final Object Repo/New Registration - Registration Module Pages/Form 1/Sub Business Entity - Berhad' is clicked on

2018-12-07 11:15:17 - [MESSAGE][PASSED] - Object: 'Object Repository/Final Object Repo/New Registration - Registration Module Pages/Form 1/Sub Business Entity - Berhad' is clicked on

2018-12-07 11:15:17 - [TEST_STEP][PASSED] - delay: Delayed 1 second(s)

2018-12-07 11:15:18 - [MESSAGE][PASSED] - Delayed 1 second(s)

2018-12-07 11:15:18 - [TEST_STEP][PASSED] - setText: Text '123' is set on object 'Object Repository/Final Object Repo/New Registration - Registration Module Pages/Form 1/Registration Number'

2018-12-07 11:15:19 - [MESSAGE][PASSED] - Text '123' is set on object 'Object Repository/Final Object Repo/New Registration - Registration Module Pages/Form 1/Registration Number'

2018-12-07 11:15:19 - [TEST_STEP][PASSED] - click: Object: 'Object Repository/Final Object Repo/New Registration - Registration Module Pages/Form 1/Registred with SSM - Before Feb' is clicked on

2018-12-07 11:15:19 - [MESSAGE][PASSED] - Object: 'Object Repository/Final Object Repo/New Registration - Registration Module Pages/Form 1/Registred with SSM - Before Feb' is clicked on

2018-12-07 11:15:19 - [TEST_STEP][PASSED] - click: Object: 'Object Repository/Final Object Repo/New Registration - Registration Module Pages/Form 1/Registered As a Branch - Yes' is clicked on

2018-12-07 11:15:19 - [MESSAGE][PASSED] - Object: 'Object Repository/Final Object Repo/New Registration - Registration Module Pages/Form 1/Registered As a Branch - Yes' is clicked on

2018-12-07 11:15:19 - [TEST_STEP][PASSED] - click: Object: 'Object Repository/Final Object Repo/New Registration - Registration Module Pages/Form 1/Acknowledgement' is clicked on

2018-12-07 11:15:19 - [MESSAGE][PASSED] - Object: 'Object Repository/Final Object Repo/New Registration - Registration Module Pages/Form 1/Acknowledgement' is clicked on

2018-12-07 11:15:19 - [TEST_STEP][PASSED] - setText: Text 'perkeso' is set on object 'Object Repository/Final Object Repo/New Registration - Registration Module Pages/Form 1/Industry name'

2018-12-07 11:15:19 - [MESSAGE][PASSED] - Text 'perkeso' is set on object 'Object Repository/Final Object Repo/New Registration - Registration Module Pages/Form 1/Industry name'

2018-12-07 11:15:19 - [TEST_STEP][PASSED] - setText: Text 'perkeso1' is set on object 'Object Repository/Final Object Repo/New Registration - Registration Module Pages/Form 1/Postal Address1'

2018-12-07 11:15:20 - [MESSAGE][PASSED] - Text 'perkeso1' is set on object 'Object Repository/Final Object Repo/New Registration - Registration Module Pages/Form 1/Postal Address1'

2018-12-07 11:15:20 - [TEST_STEP][PASSED] - setText: Text 'perkeso2' is set on object 'Object Repository/Final Object Repo/New Registration - Registration Module Pages/Form 1/Postal Address2'

2018-12-07 11:15:20 - [MESSAGE][PASSED] - Text 'perkeso2' is set on object 'Object Repository/Final Object Repo/New Registration - Registration Module Pages/Form 1/Postal Address2'

2018-12-07 11:15:20 - [TEST_STEP][PASSED] - setText: Text 'perkeso3' is set on object 'Object Repository/Final Object Repo/New Registration - Registration Module Pages/Form 1/Postal Address3'

2018-12-07 11:15:21 - [MESSAGE][PASSED] - Text 'perkeso3' is set on object 'Object Repository/Final Object Repo/New Registration - Registration Module Pages/Form 1/Postal Address3'

2018-12-07 11:15:21 - [TEST_STEP][PASSED] - click: Object: 'Object Repository/Final Object Repo/New Registration - Registration Module Pages/Form 1/State' is clicked on

2018-12-07 11:15:21 - [MESSAGE][PASSED] - Object: 'Object Repository/Final Object Repo/New Registration - Registration Module Pages/Form 1/State' is clicked on

2018-12-07 11:15:21 - [TEST_STEP][PASSED] - click: Object: 'Object Repository/Final Object Repo/New Registration - Registration Module Pages/Form 1/State - Johor' is clicked on

2018-12-07 11:15:21 - [MESSAGE][PASSED] - Object: 'Object Repository/Final Object Repo/New Registration - Registration Module Pages/Form 1/State - Johor' is clicked on

2018-12-07 11:15:21 - [TEST_STEP][PASSED] - delay: Delayed 1 second(s)

2018-12-07 11:15:22 - [MESSAGE][PASSED] - Delayed 1 second(s)

2018-12-07 11:15:22 - [TEST_STEP][PASSED] - click: Object: 'Object Repository/Final Object Repo/New Registration - Registration Module Pages/Form 1/City' is clicked on

2018-12-07 11:15:22 - [MESSAGE][PASSED] - Object: 'Object Repository/Final Object Repo/New Registration - Registration Module Pages/Form 1/City' is clicked on

2018-12-07 11:15:22 - [TEST_STEP][PASSED] - setText: Text 'joh' is set on object 'Object Repository/Final Object Repo/New Registration - Registration Module Pages/Form 1/Postcode - 810'

2018-12-07 11:15:22 - [MESSAGE][PASSED] - Text 'joh' is set on object 'Object Repository/Final Object Repo/New Registration - Registration Module Pages/Form 1/Postcode - 810'

2018-12-07 11:15:22 - [TEST_STEP][PASSED] - delay: Delayed 1 second(s)

2018-12-07 11:15:23 - [MESSAGE][PASSED] - Delayed 1 second(s)

2018-12-07 11:15:23 - [TEST_STEP][PASSED] - click: Object: 'Object Repository/Final Object Repo/New Registration - Registration Module Pages/Form 1/City - Johor Bharu' is clicked on

2018-12-07 11:15:24 - [MESSAGE][PASSED] - Object: 'Object Repository/Final Object Repo/New Registration - Registration Module Pages/Form 1/City - Johor Bharu' is clicked on

2018-12-07 11:15:24 - [TEST_STEP][PASSED] - delay: Delayed 1 second(s)

2018-12-07 11:15:25 - [MESSAGE][PASSED] - Delayed 1 second(s)

2018-12-07 11:15:25 - [TEST_STEP][PASSED] - click: Object: 'Object Repository/Final Object Repo/New Registration - Registration Module Pages/Form 1/Postcode' is clicked on

2018-12-07 11:15:25 - [MESSAGE][PASSED] - Object: 'Object Repository/Final Object Repo/New Registration - Registration Module Pages/Form 1/Postcode' is clicked on

2018-12-07 11:15:25 - [TEST_STEP][PASSED] - delay: Delayed 1 second(s)

2018-12-07 11:15:26 - [MESSAGE][PASSED] - Delayed 1 second(s)

2018-12-07 11:15:26 - [TEST_STEP][PASSED] - setText: Text '810' is set on object 'Object Repository/Final Object Repo/New Registration - Registration Module Pages/Form 1/Postcode - 810'

2018-12-07 11:15:26 - [MESSAGE][PASSED] - Text '810' is set on object 'Object Repository/Final Object Repo/New Registration - Registration Module Pages/Form 1/Postcode - 810'

2018-12-07 11:15:26 - [TEST_STEP][PASSED] - delay: Delayed 3 second(s)

2018-12-07 11:15:29 - [MESSAGE][PASSED] - Delayed 3 second(s)

2018-12-07 11:15:29 - [TEST_STEP][PASSED] - click: Object: 'Object Repository/Final Object Repo/New Registration - Registration Module Pages/Form 1/Postcode - 81000' is clicked on

2018-12-07 11:15:29 - [MESSAGE][PASSED] - Object: 'Object Repository/Final Object Repo/New Registration - Registration Module Pages/Form 1/Postcode - 81000' is clicked on

2018-12-07 11:15:29 - [TEST_STEP][PASSED] - delay: Delayed 1 second(s)

2018-12-07 11:15:30 - [MESSAGE][PASSED] - Delayed 1 second(s)

2018-12-07 11:15:30 - [TEST_STEP][PASSED] - setText: Text '100' is set on object 'Object Repository/Final Object Repo/New Registration - Registration Module Pages/Form 1/P.O.BOX'

2018-12-07 11:15:31 - [MESSAGE][PASSED] - Text '100' is set on object 'Object Repository/Final Object Repo/New Registration - Registration Module Pages/Form 1/P.O.BOX'

2018-12-07 11:15:31 - [TEST_STEP][PASSED] - setText: Text '100' is set on object 'Object Repository/Final Object Repo/New Registration - Registration Module Pages/Form 1/Locked Bag No'

2018-12-07 11:15:31 - [MESSAGE][PASSED] - Text '100' is set on object 'Object Repository/Final Object Repo/New Registration - Registration Module Pages/Form 1/Locked Bag No'

2018-12-07 11:15:31 - [TEST_STEP][PASSED] - click: Object: 'Object Repository/Final Object Repo/New Registration - Registration Module Pages/Form 1/SOCSO Office Location' is clicked on

2018-12-07 11:15:31 - [MESSAGE][PASSED] - Object: 'Object Repository/Final Object Repo/New Registration - Registration Module Pages/Form 1/SOCSO Office Location' is clicked on

2018-12-07 11:15:31 - [TEST_STEP][PASSED] - click: Object: 'Object Repository/Final Object Repo/New Registration - Registration Module Pages/Form 1/SOCSO Office Location - Pejabat PERKESO Negeri Johor' is clicked on

2018-12-07 11:15:31 - [MESSAGE][PASSED] - Object: 'Object Repository/Final Object Repo/New Registration - Registration Module Pages/Form 1/SOCSO Office Location - Pejabat PERKESO Negeri Johor' is clicked on

2018-12-07 11:15:31 - [TEST_STEP][PASSED] - delay: Delayed 1 second(s)

2018-12-07 11:15:32 - [MESSAGE][PASSED] - Delayed 1 second(s)

2018-12-07 11:15:32 - [TEST_STEP][PASSED] - check: Object 'Object Repository/Final Object Repo/New Registration - Registration Module Pages/Form 1/Indusrty Address Same As Postal Address' is checked

2018-12-07 11:15:32 - [MESSAGE][PASSED] - Object 'Object Repository/Final Object Repo/New Registration - Registration Module Pages/Form 1/Indusrty Address Same As Postal Address' is checked

2018-12-07 11:15:33 - [TEST_STEP][PASSED] - delay: Delayed 3 second(s)

2018-12-07 11:15:36 - [MESSAGE][PASSED] - Delayed 3 second(s)

2018-12-07 11:15:36 - [TEST_STEP][PASSED] - click: Object: 'Object Repository/Final Object Repo/New Registration - Registration Module Pages/Form 1/Indusry Address Same As Postal Address False' is clicked on

2018-12-07 11:15:36 - [MESSAGE][PASSED] - Object: 'Object Repository/Final Object Repo/New Registration - Registration Module Pages/Form 1/Indusry Address Same As Postal Address False' is clicked on

2018-12-07 11:15:36 - [TEST_STEP][PASSED] - delay: Delayed 1 second(s)

2018-12-07 11:15:37 - [MESSAGE][PASSED] - Delayed 1 second(s)

2018-12-07 11:15:37 - [TEST_STEP][PASSED] - setText: Text 'perkeso1' is set on object 'Object Repository/Final Object Repo/New Registration - Registration Module Pages/Form 1/Industry Address1'

2018-12-07 11:15:37 - [MESSAGE][PASSED] - Text 'perkeso1' is set on object 'Object Repository/Final Object Repo/New Registration - Registration Module Pages/Form 1/Industry Address1'

2018-12-07 11:15:37 - [TEST_STEP][PASSED] - setText: Text 'perkeso2' is set on object 'Object Repository/Final Object Repo/New Registration - Registration Module Pages/Form 1/Industry Address2'

2018-12-07 11:15:37 - [MESSAGE][PASSED] - Text 'perkeso2' is set on object 'Object Repository/Final Object Repo/New Registration - Registration Module Pages/Form 1/Industry Address2'

2018-12-07 11:15:37 - [TEST_STEP][PASSED] - setText: Text 'perkeso3' is set on object 'Object Repository/Final Object Repo/New Registration - Registration Module Pages/Form 1/Industry Address3'

2018-12-07 11:15:38 - [MESSAGE][PASSED] - Text 'perkeso3' is set on object 'Object Repository/Final Object Repo/New Registration - Registration Module Pages/Form 1/Industry Address3'

2018-12-07 11:15:38 - [TEST_STEP][PASSED] - click: Object: 'Object Repository/Final Object Repo/New Registration - Registration Module Pages/Form 1/Industry State' is clicked on

2018-12-07 11:15:38 - [MESSAGE][PASSED] - Object: 'Object Repository/Final Object Repo/New Registration - Registration Module Pages/Form 1/Industry State' is clicked on

2018-12-07 11:15:38 - [TEST_STEP][PASSED] - delay: Delayed 2 second(s)

2018-12-07 11:15:40 - [MESSAGE][PASSED] - Delayed 2 second(s)

2018-12-07 11:15:40 - [TEST_STEP][PASSED] - click: Object: 'Object Repository/Final Object Repo/New Registration - Registration Module Pages/Form 1/Industry State - Johor' is clicked on

2018-12-07 11:15:40 - [MESSAGE][PASSED] - Object: 'Object Repository/Final Object Repo/New Registration - Registration Module Pages/Form 1/Industry State - Johor' is clicked on

2018-12-07 11:15:40 - [TEST_STEP][PASSED] - delay: Delayed 2 second(s)

2018-12-07 11:15:42 - [MESSAGE][PASSED] - Delayed 2 second(s)

2018-12-07 11:15:42 - [TEST_STEP][PASSED] - click: Object: 'Object Repository/Final Object Repo/New Registration - Registration Module Pages/Form 1/Industry Ciry' is clicked on

2018-12-07 11:15:42 - [MESSAGE][PASSED] - Object: 'Object Repository/Final Object Repo/New Registration - Registration Module Pages/Form 1/Industry Ciry' is clicked on

2018-12-07 11:15:42 - [TEST_STEP][PASSED] - setText: Text 'joh' is set on object 'Object Repository/Final Object Repo/New Registration - Registration Module Pages/Form 1/Industry Ciry - joh'

2018-12-07 11:15:43 - [MESSAGE][PASSED] - Text 'joh' is set on object 'Object Repository/Final Object Repo/New Registration - Registration Module Pages/Form 1/Industry Ciry - joh'

2018-12-07 11:15:43 - [TEST_STEP][PASSED] - delay: Delayed 2 second(s)

2018-12-07 11:15:45 - [MESSAGE][PASSED] - Delayed 2 second(s)

2018-12-07 11:15:45 - [TEST_STEP][PASSED] - click: Object: 'Object Repository/Final Object Repo/New Registration - Registration Module Pages/Form 1/Industy State - Johor Bharu' is clicked on

2018-12-07 11:15:45 - [MESSAGE][PASSED] - Object: 'Object Repository/Final Object Repo/New Registration - Registration Module Pages/Form 1/Industy State - Johor Bharu' is clicked on

2018-12-07 11:15:45 - [TEST_STEP][PASSED] - delay: Delayed 1 second(s)

2018-12-07 11:15:46 - [MESSAGE][PASSED] - Delayed 1 second(s)

2018-12-07 11:15:46 - [TEST_STEP][PASSED] - click: Object: 'Object Repository/Final Object Repo/New Registration - Registration Module Pages/Form 1/Indusry PostCode' is clicked on

2018-12-07 11:15:46 - [MESSAGE][PASSED] - Object: 'Object Repository/Final Object Repo/New Registration - Registration Module Pages/Form 1/Indusry PostCode' is clicked on

2018-12-07 11:15:46 - [TEST_STEP][PASSED] - delay: Delayed 1 second(s)

2018-12-07 11:15:47 - [MESSAGE][PASSED] - Delayed 1 second(s)

2018-12-07 11:15:47 - [TEST_STEP][PASSED] - setText: Text '810' is set on object 'Object Repository/Final Object Repo/New Registration - Registration Module Pages/Form 1/Insutry Post Code - 810'

2018-12-07 11:15:47 - [MESSAGE][PASSED] - Text '810' is set on object 'Object Repository/Final Object Repo/New Registration - Registration Module Pages/Form 1/Insutry Post Code - 810'

2018-12-07 11:15:47 - [TEST_STEP][PASSED] - delay: Delayed 1 second(s)

2018-12-07 11:15:48 - [MESSAGE][PASSED] - Delayed 1 second(s)

2018-12-07 11:15:48 - [TEST_STEP][PASSED] - click: Object: 'Object Repository/Final Object Repo/New Registration - Registration Module Pages/Form 1/Insutry Post Code - 81000' is clicked on

2018-12-07 11:15:48 - [MESSAGE][PASSED] - Object: 'Object Repository/Final Object Repo/New Registration - Registration Module Pages/Form 1/Insutry Post Code - 81000' is clicked on

2018-12-07 11:15:48 - [TEST_STEP][PASSED] - delay: Delayed 1 second(s)

2018-12-07 11:15:49 - [MESSAGE][PASSED] - Delayed 1 second(s)

2018-12-07 11:15:49 - [TEST_STEP][PASSED] - setText: Text '100' is set on object 'Object Repository/Final Object Repo/New Registration - Registration Module Pages/Form 1/Industry P.O.BOX'

2018-12-07 11:15:50 - [MESSAGE][PASSED] - Text '100' is set on object 'Object Repository/Final Object Repo/New Registration - Registration Module Pages/Form 1/Industry P.O.BOX'

2018-12-07 11:15:50 - [TEST_STEP][PASSED] - setText: Text '100' is set on object 'Object Repository/Final Object Repo/New Registration - Registration Module Pages/Form 1/Industry Locked Bag No'

2018-12-07 11:15:50 - [MESSAGE][PASSED] - Text '100' is set on object 'Object Repository/Final Object Repo/New Registration - Registration Module Pages/Form 1/Industry Locked Bag No'

2018-12-07 11:15:50 - [TEST_STEP][PASSED] - setText: Text '123456789' is set on object 'Object Repository/Final Object Repo/New Registration - Registration Module Pages/Form 1/Telephone No'

2018-12-07 11:15:51 - [MESSAGE][PASSED] - Text '123456789' is set on object 'Object Repository/Final Object Repo/New Registration - Registration Module Pages/Form 1/Telephone No'

2018-12-07 11:15:51 - [TEST_STEP][PASSED] - setText: Text '123456789' is set on object 'Object Repository/Final Object Repo/New Registration - Registration Module Pages/Form 1/Mobile No'

2018-12-07 11:15:51 - [MESSAGE][PASSED] - Text '123456789' is set on object 'Object Repository/Final Object Repo/New Registration - Registration Module Pages/Form 1/Mobile No'

2018-12-07 11:15:51 - [TEST_STEP][PASSED] - setText: Text '123456789' is set on object 'Object Repository/Final Object Repo/New Registration - Registration Module Pages/Form 1/Fax No'

2018-12-07 11:15:51 - [MESSAGE][PASSED] - Text '123456789' is set on object 'Object Repository/Final Object Repo/New Registration - Registration Module Pages/Form 1/Fax No'

2018-12-07 11:15:51 - [TEST_STEP][PASSED] - click: Object: 'Object Repository/Final Object Repo/New Registration - Registration Module Pages/Form 1/Industry Code' is clicked on

2018-12-07 11:15:52 - [MESSAGE][PASSED] - Object: 'Object Repository/Final Object Repo/New Registration - Registration Module Pages/Form 1/Industry Code' is clicked on

2018-12-07 11:15:52 - [TEST_STEP][PASSED] - click: Object: 'Object Repository/Final Object Repo/New Registration - Registration Module Pages/Form 1/Indudustry Code - Crops and Animal' is clicked on

2018-12-07 11:15:52 - [MESSAGE][PASSED] - Object: 'Object Repository/Final Object Repo/New Registration - Registration Module Pages/Form 1/Indudustry Code - Crops and Animal' is clicked on

2018-12-07 11:15:52 - [TEST_STEP][PASSED] - delay: Delayed 1 second(s)

2018-12-07 11:15:53 - [MESSAGE][PASSED] - Delayed 1 second(s)

2018-12-07 11:15:53 - [TEST_STEP][PASSED] - click: Object: 'Object Repository/Final Object Repo/New Registration - Registration Module Pages/Form 1/Sub Industry Code List' is clicked on

2018-12-07 11:15:53 - [MESSAGE][PASSED] - Object: 'Object Repository/Final Object Repo/New Registration - Registration Module Pages/Form 1/Sub Industry Code List' is clicked on

2018-12-07 11:15:53 - [TEST_STEP][PASSED] - click: Object: 'Object Repository/Final Object Repo/New Registration - Registration Module Pages/Form 1/Sub Industry Code List - Growing of Maize' is clicked on

2018-12-07 11:15:53 - [MESSAGE][PASSED] - Object: 'Object Repository/Final Object Repo/New Registration - Registration Module Pages/Form 1/Sub Industry Code List - Growing of Maize' is clicked on

2018-12-07 11:15:53 - [TEST_STEP][PASSED] - setText: Text 'perkeso123@gmail.com' is set on object 'Object Repository/Final Object Repo/New Registration - Registration Module Pages/Form 1/Email'

2018-12-07 11:15:54 - [MESSAGE][PASSED] - Text 'perkeso123@gmail.com' is set on object 'Object Repository/Final Object Repo/New Registration - Registration Module Pages/Form 1/Email'

2018-12-07 11:15:54 - [TEST_STEP][PASSED] - click: Object: 'Object Repository/Final Object Repo/New Registration - Registration Module Pages/Form 1/Method of Contribution Payment' is clicked on

2018-12-07 11:15:54 - [MESSAGE][PASSED] - Object: 'Object Repository/Final Object Repo/New Registration - Registration Module Pages/Form 1/Method of Contribution Payment' is clicked on

2018-12-07 11:15:54 - [TEST_STEP][PASSED] - click: Object: 'Object Repository/Final Object Repo/New Registration - Registration Module Pages/Form 1/Method of Contribution Payment - Portal' is clicked on

2018-12-07 11:15:54 - [MESSAGE][PASSED] - Object: 'Object Repository/Final Object Repo/New Registration - Registration Module Pages/Form 1/Method of Contribution Payment - Portal' is clicked on

2018-12-07 11:15:54 - [TEST_STEP][PASSED] - click: Object: 'Object Repository/Final Object Repo/New Registration - Registration Module Pages/Form 1/Servide Type' is clicked on

2018-12-07 11:15:55 - [MESSAGE][PASSED] - Object: 'Object Repository/Final Object Repo/New Registration - Registration Module Pages/Form 1/Servide Type' is clicked on

2018-12-07 11:15:55 - [TEST_STEP][PASSED] - click: Object: 'Object Repository/Final Object Repo/New Registration - Registration Module Pages/Form 1/Servide Type - Professional Bodies' is clicked on

2018-12-07 11:15:55 - [MESSAGE][PASSED] - Object: 'Object Repository/Final Object Repo/New Registration - Registration Module Pages/Form 1/Servide Type - Professional Bodies' is clicked on

2018-12-07 11:15:55 - [TEST_STEP][PASSED] - click: Object: 'Object Repository/Final Object Repo/New Registration - Registration Module Pages/Form 1/Industry Venue' is clicked on

2018-12-07 11:15:55 - [MESSAGE][PASSED] - Object: 'Object Repository/Final Object Repo/New Registration - Registration Module Pages/Form 1/Industry Venue' is clicked on

2018-12-07 11:15:55 - [TEST_STEP][PASSED] - click: Object: 'Object Repository/Final Object Repo/New Registration - Registration Module Pages/Form 1/Industry Venue -  PPN JOHOR' is clicked on

2018-12-07 11:15:55 - [MESSAGE][PASSED] - Object: 'Object Repository/Final Object Repo/New Registration - Registration Module Pages/Form 1/Industry Venue -  PPN JOHOR' is clicked on

2018-12-07 11:15:55 - [TEST_STEP][PASSED] - click: Object: 'Object Repository/Final Object Repo/New Registration - Registration Module Pages/Form 1/Save  Continue' is clicked on

2018-12-07 11:15:55 - [MESSAGE][PASSED] - Object: 'Object Repository/Final Object Repo/New Registration - Registration Module Pages/Form 1/Save  Continue' is clicked on

2018-12-07 11:15:55 - [MESSAGE][PASSED] - Call Test Case 'Test Cases/Final Aug 2018 - PKS Automation/Registration Module/New Registration/Form 1/Form 1 - Corporation - BHD' successfully

2018-12-07 11:15:55 - [TEST_STEP][PASSED] - callTestCase: Call Test Case 'Test Cases/Final Aug 2018 - PKS Automation/Registration Module/New Registration/Form 2/Add 1 Eligible' successfully

2018-12-07 11:15:55 - [TEST_CASE][PASSED] - Test Cases/Final Aug 2018 - PKS Automation/Registration Module/New Registration/Form 2/Add 1 Eligible: Test Cases/Final Aug 2018 - PKS Automation/Registration Module/New Registration/Form 2/Add 1 Eligible

2018-12-07 11:15:56 - [TEST_STEP][PASSED] - delay: Delayed 2 second(s)

2018-12-07 11:15:58 - [MESSAGE][PASSED] - Delayed 2 second(s)

2018-12-07 11:15:58 - [TEST_STEP][PASSED] - callTestCase: Call Test Case 'Test Cases/Final Aug 2018 - PKS Automation/Registration Module/New Registration/Form 2/Date Updater' successfully

2018-12-07 11:15:58 - [TEST_CASE][PASSED] - Test Cases/Final Aug 2018 - PKS Automation/Registration Module/New Registration/Form 2/Date Updater: Test Cases/Final Aug 2018 - PKS Automation/Registration Module/New Registration/Form 2/Date Updater

2018-12-07 11:15:58 - [TEST_STEP][PASSED] - Statement - TodayDate = new java.util.Date(): null

2018-12-07 11:15:58 - [TEST_STEP][PASSED] - Statement - CurrentDateNoFilter = new java.text.SimpleDateFormat(): null

2018-12-07 11:15:58 - [TEST_STEP][PASSED] - Statement - CurrentDateNoFilter.applyPattern("MM"): null

2018-12-07 11:15:58 - [TEST_STEP][PASSED] - Statement - monthContainerMatcher = java.lang.Integer.parseInt(CurrentDateNoFilter.format(TodayDate)): null

2018-12-07 11:15:58 - [TEST_STEP][PASSED] - Statement - monthContainerMatcher = monthContainerMatcher - 1: null

2018-12-07 11:15:58 - [TEST_STEP][PASSED] - Statement - CurrentMonth = monthContainerMatcher.toString(): null

2018-12-07 11:15:58 - [TEST_STEP][PASSED] - Statement - CurrentMonth = CurrentMonth: null

2018-12-07 11:15:58 - [TEST_STEP][PASSED] - Statement - CurrentDateNoFilter.applyPattern("yyyy"): null

2018-12-07 11:15:58 - [TEST_STEP][PASSED] - Statement - CurrentYear = CurrentDateNoFilter.format(TodayDate): null

2018-12-07 11:15:58 - [TEST_STEP][PASSED] - Statement - CurrentYear = CurrentYear: null

2018-12-07 11:15:58 - [TEST_STEP][PASSED] - Statement - intCurrentYear = java.lang.Integer.parseInt(CurrentDateNoFilter.format(TodayDate)): null

2018-12-07 11:15:58 - [TEST_STEP][PASSED] - Statement - eighteenYrsAgo = intCurrentYear - 18: null

2018-12-07 11:15:58 - [TEST_STEP][PASSED] - Statement - eighteenYrsBeforeThisYr = eighteenYrsAgo.toString(): null

2018-12-07 11:15:58 - [TEST_STEP][PASSED] - Statement - EighteenYrsBefore = eighteenYrsBeforeThisYr: null

2018-12-07 11:15:58 - [TEST_STEP][PASSED] - Statement - fiftysevenYrsAgo = intCurrentYear - 57: null

2018-12-07 11:15:58 - [TEST_STEP][PASSED] - Statement - fiftysevenYrsBeforeThisYr = fiftysevenYrsAgo.toString(): null

2018-12-07 11:15:58 - [TEST_STEP][PASSED] - Statement - FiftysevenYrsBefore = fiftysevenYrsBeforeThisYr: null

2018-12-07 11:15:58 - [TEST_STEP][PASSED] - Statement - leapYear = false: null

2018-12-07 11:15:58 - [TEST_STEP][PASSED] - Statement - leapYear = intCurrentYear % 4 == 0: null

2018-12-07 11:15:58 - [TEST_STEP][PASSED] - Statement - CurrentDateNoFilter.applyPattern("dd"): null

2018-12-07 11:15:58 - [TEST_STEP][PASSED] - Statement - CurrentDate = CurrentDateNoFilter.format(TodayDate): null

2018-12-07 11:15:58 - [TEST_STEP][PASSED] - Statement - CurrentDate = java.lang.Integer.parseInt(CurrentDate): null

2018-12-07 11:15:58 - [TEST_STEP][PASSED] - Statement - CurrentDate = CurrentDate: null

2018-12-07 11:15:58 - [TEST_STEP][PASSED] - Statement - CurrentDay = java.lang.Integer.parseInt(CurrentDate): null

2018-12-07 11:15:58 - [TEST_STEP][PASSED] - Statement - ConfAdder = <not implemented yet for class: org.codehaus.groovy.ast.expr.EmptyExpression>: null

2018-12-07 11:15:58 - [TEST_STEP][PASSED] - Statement - out.println(CurrentMonth): null

2018-12-07 11:15:58 - [TEST_STEP][PASSED] - Statement - out.println(CurrentDate): null

2018-12-07 11:15:58 - [TEST_STEP][PASSED] - Statement - switch (CurrentDate): null

2018-12-07 11:15:58 - [TEST_STEP][PASSED] - Statement - Default: null

2018-12-07 11:15:58 - [TEST_STEP][PASSED] - Statement - ConfAdder = true: null

2018-12-07 11:15:58 - [TEST_STEP][PASSED] - Statement - Break: null

2018-12-07 11:15:58 - [TEST_STEP][PASSED] - Statement - aDayBefore = <not implemented yet for class: org.codehaus.groovy.ast.expr.EmptyExpression>: null

2018-12-07 11:15:58 - [TEST_STEP][PASSED] - Statement - out.println(ConfAdder): null

2018-12-07 11:15:58 - [TEST_STEP][PASSED] - Statement - If (ConfAdder == true): null

2018-12-07 11:15:58 - [TEST_STEP][PASSED] - Statement - aDayBefore = CurrentDay + 1: null

2018-12-07 11:15:58 - [TEST_STEP][PASSED] - Statement - out.println(aDayBefore): null

2018-12-07 11:15:58 - [TEST_STEP][PASSED] - Statement - If (aDayBefore == 1 && CurrentMonth == 11): null

2018-12-07 11:15:58 - [TEST_STEP][PASSED] - Statement - DayBefore = aDayBefore.toString(): null

2018-12-07 11:15:58 - [TEST_STEP][PASSED] - Statement - OneDayBefore = DayBefore: null

2018-12-07 11:15:58 - [MESSAGE][PASSED] - Call Test Case 'Test Cases/Final Aug 2018 - PKS Automation/Registration Module/New Registration/Form 2/Date Updater' successfully

2018-12-07 11:15:58 - [TEST_STEP][PASSED] - delay: Delayed 1 second(s)

2018-12-07 11:15:59 - [MESSAGE][PASSED] - Delayed 1 second(s)

2018-12-07 11:15:59 - [TEST_STEP][PASSED] - Statement - CaseReferenceNo = com.kms.katalon.core.webui.keyword.WebUiBuiltInKeywords.getText(com.kms.katalon.core.testobject.ObjectRepository.findTestObject(Final Object Repo/New Registration - Registration Module Pages/Form 2/RefNo Acquiring)): Text of object 'Object Repository/Final Object Repo/New Registration - Registration Module Pages/Form 2/RefNo Acquiring' is: 'CRN12201800123087'

2018-12-07 11:15:59 - [MESSAGE][PASSED] - Text of object 'Object Repository/Final Object Repo/New Registration - Registration Module Pages/Form 2/RefNo Acquiring' is: 'CRN12201800123087'

2018-12-07 11:15:59 - [TEST_STEP][PASSED] - delay: Delayed 1 second(s)

2018-12-07 11:16:00 - [MESSAGE][PASSED] - Delayed 1 second(s)

2018-12-07 11:16:00 - [TEST_STEP][PASSED] - click: Object: 'Object Repository/Final Object Repo/New Registration - Registration Module Pages/Form 2/Add Employee Button' is clicked on

2018-12-07 11:16:01 - [MESSAGE][PASSED] - Object: 'Object Repository/Final Object Repo/New Registration - Registration Module Pages/Form 2/Add Employee Button' is clicked on

2018-12-07 11:16:01 - [TEST_STEP][PASSED] - delay: Delayed 1 second(s)

2018-12-07 11:16:02 - [MESSAGE][PASSED] - Delayed 1 second(s)

2018-12-07 11:16:02 - [TEST_STEP][PASSED] - setText: Text '010903091963' is set on object 'Object Repository/Final Object Repo/New Registration - Registration Module Pages/Form 2/NRIC Input'

2018-12-07 11:16:02 - [MESSAGE][PASSED] - Text '010903091963' is set on object 'Object Repository/Final Object Repo/New Registration - Registration Module Pages/Form 2/NRIC Input'

2018-12-07 11:16:02 - [TEST_STEP][PASSED] - click: Object: 'Object Repository/Final Object Repo/New Registration - Registration Module Pages/Form 2/button for search for IC' is clicked on

2018-12-07 11:16:02 - [MESSAGE][PASSED] - Object: 'Object Repository/Final Object Repo/New Registration - Registration Module Pages/Form 2/button for search for IC' is clicked on

2018-12-07 11:16:02 - [TEST_STEP][PASSED] - delay: Delayed 2 second(s)

2018-12-07 11:16:04 - [MESSAGE][PASSED] - Delayed 2 second(s)

2018-12-07 11:16:04 - [TEST_STEP][PASSED] - setText: Text 'Automate001 eligible 1' is set on object 'Object Repository/Final Object Repo/New Registration - Registration Module Pages/Form 2/Employee Name Input'

2018-12-07 11:16:05 - [MESSAGE][PASSED] - Text 'Automate001 eligible 1' is set on object 'Object Repository/Final Object Repo/New Registration - Registration Module Pages/Form 2/Employee Name Input'

2018-12-07 11:16:05 - [TEST_STEP][PASSED] - delay: Delayed 2 second(s)

2018-12-07 11:16:07 - [MESSAGE][PASSED] - Delayed 2 second(s)

2018-12-07 11:16:07 - [TEST_STEP][PASSED] - click: Object: 'Object Repository/Final Object Repo/New Registration - Registration Module Pages/Form 2/DatePicker Pop Up' is clicked on

2018-12-07 11:16:07 - [MESSAGE][PASSED] - Object: 'Object Repository/Final Object Repo/New Registration - Registration Module Pages/Form 2/DatePicker Pop Up' is clicked on

2018-12-07 11:16:07 - [TEST_STEP][PASSED] - click: Object: 'Object Repository/Final Object Repo/New Registration - Registration Module Pages/Form 2/DOB Month' is clicked on

2018-12-07 11:16:07 - [MESSAGE][PASSED] - Object: 'Object Repository/Final Object Repo/New Registration - Registration Module Pages/Form 2/DOB Month' is clicked on

2018-12-07 11:16:07 - [TEST_STEP][PASSED] - Statement - CurrentMonth = CurrentMonth: null

2018-12-07 11:16:07 - [TEST_STEP][PASSED] - Statement - selectMonth = new com.kms.katalon.core.testobject.TestObject(): null

2018-12-07 11:16:07 - [TEST_STEP][PASSED] - Statement - selectMonth.addProperty("xpath", EQUALS, "//body/div/div/div/select/option[@value='" + CurrentMonth + "']", true): null

2018-12-07 11:16:07 - [TEST_STEP][PASSED] - click: Object: '' is clicked on

2018-12-07 11:16:07 - [MESSAGE][PASSED] - Object: '' is clicked on

2018-12-07 11:16:07 - [TEST_STEP][PASSED] - click: Object: 'Object Repository/Final Object Repo/New Registration - Registration Module Pages/Form 2/DOB Year' is clicked on

2018-12-07 11:16:07 - [MESSAGE][PASSED] - Object: 'Object Repository/Final Object Repo/New Registration - Registration Module Pages/Form 2/DOB Year' is clicked on

2018-12-07 11:16:07 - [TEST_STEP][PASSED] - Statement - Eyearsbf = EighteenYrsBefore: null

2018-12-07 11:16:07 - [TEST_STEP][PASSED] - Statement - selectYear = new com.kms.katalon.core.testobject.TestObject(): null

2018-12-07 11:16:07 - [TEST_STEP][PASSED] - Statement - selectYear.addProperty("xpath", EQUALS, "//div/div/div/select/option[@value='" + Eyearsbf + "']", true): null

2018-12-07 11:16:07 - [TEST_STEP][PASSED] - click: Object: '' is clicked on

2018-12-07 11:16:07 - [MESSAGE][PASSED] - Object: '' is clicked on

2018-12-07 11:16:07 - [TEST_STEP][PASSED] - Statement - UpdatedSelectDate = com.kms.katalon.core.webui.keyword.WebUiBuiltInKeywords.modifyObjectProperty(com.kms.katalon.core.testobject.ObjectRepository.findTestObject(Final Object Repo/New Registration - Registration Module Pages/Form 2/DOB Date), "xpath", "equals", "//body/div/table/tbody/tr/td/a[text()="" + CurrentDate + ""]", true): Modify property of object successfully

2018-12-07 11:16:07 - [MESSAGE][PASSED] - Modify property of object successfully

2018-12-07 11:16:07 - [TEST_STEP][PASSED] - delay: Delayed 3 second(s)

2018-12-07 11:16:10 - [MESSAGE][PASSED] - Delayed 3 second(s)

2018-12-07 11:16:10 - [TEST_STEP][PASSED] - click: Object: 'Object Repository/Final Object Repo/New Registration - Registration Module Pages/Form 2/DOB Date' is clicked on

2018-12-07 11:16:11 - [MESSAGE][PASSED] - Object: 'Object Repository/Final Object Repo/New Registration - Registration Module Pages/Form 2/DOB Date' is clicked on

2018-12-07 11:16:11 - [TEST_STEP][PASSED] - delay: Delayed 2 second(s)

2018-12-07 11:16:13 - [MESSAGE][PASSED] - Delayed 2 second(s)

2018-12-07 11:16:13 - [TEST_STEP][PASSED] - click: Object: 'Object Repository/Final Object Repo/New Registration - Registration Module Pages/Form 2/EmploymentStartDate Pop Up' is clicked on

2018-12-07 11:16:13 - [MESSAGE][PASSED] - Object: 'Object Repository/Final Object Repo/New Registration - Registration Module Pages/Form 2/EmploymentStartDate Pop Up' is clicked on

2018-12-07 11:16:13 - [TEST_STEP][PASSED] - delay: Delayed 2 second(s)

2018-12-07 11:16:15 - [MESSAGE][PASSED] - Delayed 2 second(s)

2018-12-07 11:16:15 - [TEST_STEP][PASSED] - click: Object: 'Object Repository/Final Object Repo/New Registration - Registration Module Pages/Form 2/Socso Employment StartDate Month' is clicked on

2018-12-07 11:16:15 - [MESSAGE][PASSED] - Object: 'Object Repository/Final Object Repo/New Registration - Registration Module Pages/Form 2/Socso Employment StartDate Month' is clicked on

2018-12-07 11:16:15 - [TEST_STEP][PASSED] - delay: Delayed 1 second(s)

2018-12-07 11:16:16 - [MESSAGE][PASSED] - Delayed 1 second(s)

2018-12-07 11:16:16 - [TEST_STEP][PASSED] - click: Object: 'Object Repository/Final Object Repo/New Registration - Registration Module Pages/Form 2/Select Socso Employement Startdate Month' is clicked on

2018-12-07 11:16:16 - [MESSAGE][PASSED] - Object: 'Object Repository/Final Object Repo/New Registration - Registration Module Pages/Form 2/Select Socso Employement Startdate Month' is clicked on

2018-12-07 11:16:16 - [TEST_STEP][PASSED] - delay: Delayed 2 second(s)

2018-12-07 11:16:18 - [MESSAGE][PASSED] - Delayed 2 second(s)

2018-12-07 11:16:18 - [TEST_STEP][PASSED] - click: Object: 'Object Repository/Final Object Repo/New Registration - Registration Module Pages/Form 2/Socso Employment StartDate Year' is clicked on

2018-12-07 11:16:18 - [MESSAGE][PASSED] - Object: 'Object Repository/Final Object Repo/New Registration - Registration Module Pages/Form 2/Socso Employment StartDate Year' is clicked on

2018-12-07 11:16:18 - [TEST_STEP][PASSED] - delay: Delayed 1 second(s)

2018-12-07 11:16:19 - [MESSAGE][PASSED] - Delayed 1 second(s)

2018-12-07 11:16:19 - [TEST_STEP][PASSED] - click: Object: 'Object Repository/Final Object Repo/New Registration - Registration Module Pages/Form 2/Select Socso Employment Startdate Year' is clicked on

2018-12-07 11:16:20 - [MESSAGE][PASSED] - Object: 'Object Repository/Final Object Repo/New Registration - Registration Module Pages/Form 2/Select Socso Employment Startdate Year' is clicked on

2018-12-07 11:16:20 - [TEST_STEP][PASSED] - delay: Delayed 2 second(s)

2018-12-07 11:16:22 - [MESSAGE][PASSED] - Delayed 2 second(s)

2018-12-07 11:16:22 - [TEST_STEP][PASSED] - click: Object: 'Object Repository/Final Object Repo/New Registration - Registration Module Pages/Form 2/Socso Employment Start Date Day' is clicked on

2018-12-07 11:16:22 - [MESSAGE][PASSED] - Object: 'Object Repository/Final Object Repo/New Registration - Registration Module Pages/Form 2/Socso Employment Start Date Day' is clicked on

2018-12-07 11:16:22 - [TEST_STEP][PASSED] - delay: Delayed 2 second(s)

2018-12-07 11:16:24 - [MESSAGE][PASSED] - Delayed 2 second(s)

2018-12-07 11:16:24 - [TEST_STEP][PASSED] - click: Object: 'Object Repository/Final Object Repo/New Registration - Registration Module Pages/Form 2/Save Button for Add Employee' is clicked on

2018-12-07 11:16:24 - [MESSAGE][PASSED] - Object: 'Object Repository/Final Object Repo/New Registration - Registration Module Pages/Form 2/Save Button for Add Employee' is clicked on

2018-12-07 11:16:24 - [TEST_STEP][PASSED] - delay: Delayed 6 second(s)

2018-12-07 11:16:30 - [MESSAGE][PASSED] - Delayed 6 second(s)

2018-12-07 11:16:30 - [TEST_STEP][PASSED] - click: Object: 'Object Repository/Final Object Repo/New Registration - Registration Module Pages/Form 2/Save and Continue Form 2' is clicked on

2018-12-07 11:16:30 - [MESSAGE][PASSED] - Object: 'Object Repository/Final Object Repo/New Registration - Registration Module Pages/Form 2/Save and Continue Form 2' is clicked on

2018-12-07 11:16:30 - [MESSAGE][PASSED] - Call Test Case 'Test Cases/Final Aug 2018 - PKS Automation/Registration Module/New Registration/Form 2/Add 1 Eligible' successfully

2018-12-07 11:16:30 - [TEST_STEP][PASSED] - callTestCase: Call Test Case 'Test Cases/Final Aug 2018 - PKS Automation/Registration Module/New Registration/Flow of New Registration/Third Screen - Upload Supporting Doc - Preview' successfully

2018-12-07 11:16:30 - [TEST_CASE][PASSED] - Test Cases/Final Aug 2018 - PKS Automation/Registration Module/New Registration/Flow of New Registration/Third Screen - Upload Supporting Doc - Preview: Test Cases/Final Aug 2018 - PKS Automation/Registration Module/New Registration/Flow of New Registration/Third Screen - Upload Supporting Doc - Preview

2018-12-07 11:16:30 - [TEST_STEP][PASSED] - waitForPageLoad: Wait for page load successfully

2018-12-07 11:16:31 - [MESSAGE][PASSED] - Wait for page load successfully

2018-12-07 11:16:31 - [TEST_STEP][PASSED] - Statement - CaseReferenceNo = com.kms.katalon.core.webui.keyword.WebUiBuiltInKeywords.getText(com.kms.katalon.core.testobject.ObjectRepository.findTestObject(Final Object Repo/New Registration - Registration Module Pages/Third Screen - Upload Supporting Doc- Preview/RefNo Acquiring)): Text of object 'Object Repository/Final Object Repo/New Registration - Registration Module Pages/Third Screen - Upload Supporting Doc- Preview/RefNo Acquiring' is: 'CRN12201800123087'

2018-12-07 11:16:31 - [MESSAGE][PASSED] - Text of object 'Object Repository/Final Object Repo/New Registration - Registration Module Pages/Third Screen - Upload Supporting Doc- Preview/RefNo Acquiring' is: 'CRN12201800123087'

2018-12-07 11:16:31 - [TEST_STEP][PASSED] - delay: Delayed 2 second(s)

2018-12-07 11:16:33 - [MESSAGE][PASSED] - Delayed 2 second(s)

2018-12-07 11:16:33 - [TEST_STEP][PASSED] - callTestCase: Call Test Case 'Test Cases/Final Aug 2018 - PKS Automation/Common/Reference Number Setter' successfully

2018-12-07 11:16:33 - [TEST_CASE][PASSED] - Test Cases/Final Aug 2018 - PKS Automation/Common/Reference Number Setter: Test Cases/Final Aug 2018 - PKS Automation/Common/Reference Number Setter

2018-12-07 11:16:33 - [TEST_STEP][PASSED] - Statement - RefNoOldFile = new java.io.File(C://Users//Admin//Desktop//PKS//Automation Reference Point//KatalonReference.txt): null

2018-12-07 11:16:33 - [TEST_STEP][PASSED] - Statement - RefNoOldFile.delete(): null

2018-12-07 11:16:33 - [TEST_STEP][PASSED] - delay: Delayed 5 second(s)

2018-12-07 11:16:38 - [MESSAGE][PASSED] - Delayed 5 second(s)

2018-12-07 11:16:38 - [TEST_STEP][PASSED] - Statement - RefNo = new java.io.File(C://Users//Admin//Desktop//PKS//Automation Reference Point//KatalonReference.txt): null

2018-12-07 11:16:38 - [TEST_STEP][PASSED] - Statement - f2 = new java.io.FileWriter(RefNo, false): null

2018-12-07 11:16:38 - [TEST_STEP][PASSED] - Statement - f2.write(CaseReferenceNo): null

2018-12-07 11:16:38 - [TEST_STEP][PASSED] - Statement - f2.close(): null

2018-12-07 11:16:38 - [TEST_STEP][PASSED] - Statement - out.println("


" + CaseReferenceNo + "


"): null

2018-12-07 11:16:38 - [MESSAGE][PASSED] - Call Test Case 'Test Cases/Final Aug 2018 - PKS Automation/Common/Reference Number Setter' successfully

2018-12-07 11:16:38 - [TEST_STEP][PASSED] - waitForElementClickable: Object 'Object Repository/Final Object Repo/New Registration - Registration Module Pages/Third Screen - Upload Supporting Doc- Preview/Save n Continue in SIP Employee Listing Page' is clickable

2018-12-07 11:16:38 - [MESSAGE][PASSED] - Object 'Object Repository/Final Object Repo/New Registration - Registration Module Pages/Third Screen - Upload Supporting Doc- Preview/Save n Continue in SIP Employee Listing Page' is clickable

2018-12-07 11:16:38 - [TEST_STEP][PASSED] - click: Object: 'Object Repository/Final Object Repo/New Registration - Registration Module Pages/Third Screen - Upload Supporting Doc- Preview/Save n Continue in SIP Employee Listing Page' is clicked on

2018-12-07 11:16:43 - [MESSAGE][PASSED] - Object: 'Object Repository/Final Object Repo/New Registration - Registration Module Pages/Third Screen - Upload Supporting Doc- Preview/Save n Continue in SIP Employee Listing Page' is clicked on

2018-12-07 11:16:43 - [TEST_STEP][PASSED] - delay: Delayed 7 second(s)

2018-12-07 11:16:50 - [MESSAGE][PASSED] - Delayed 7 second(s)

2018-12-07 11:16:50 - [TEST_STEP][PASSED] - click: Object: 'Object Repository/Final Object Repo/New Registration - Registration Module Pages/Third Screen - Upload Supporting Doc- Preview/Add Document Button' is clicked on

2018-12-07 11:16:51 - [MESSAGE][PASSED] - Object: 'Object Repository/Final Object Repo/New Registration - Registration Module Pages/Third Screen - Upload Supporting Doc- Preview/Add Document Button' is clicked on

2018-12-07 11:16:51 - [TEST_STEP][PASSED] - delay: Delayed 30 second(s)

2018-12-07 11:17:21 - [MESSAGE][PASSED] - Delayed 30 second(s)

2018-12-07 11:17:21 - [TEST_STEP][PASSED] - click: Object: 'Object Repository/Final Object Repo/New Registration - Registration Module Pages/Third Screen - Upload Supporting Doc- Preview/Supporting Doc Please Select Drop Down' is clicked on

2018-12-07 11:17:21 - [MESSAGE][PASSED] - Object: 'Object Repository/Final Object Repo/New Registration - Registration Module Pages/Third Screen - Upload Supporting Doc- Preview/Supporting Doc Please Select Drop Down' is clicked on

2018-12-07 11:17:21 - [TEST_STEP][PASSED] - delay: Delayed 2 second(s)

2018-12-07 11:17:23 - [MESSAGE][PASSED] - Delayed 2 second(s)

2018-12-07 11:17:23 - [TEST_STEP][PASSED] - click: Object: 'Object Repository/Final Object Repo/New Registration - Registration Module Pages/Third Screen - Upload Supporting Doc- Preview/Select to Upload Form 1' is clicked on

2018-12-07 11:17:23 - [MESSAGE][PASSED] - Object: 'Object Repository/Final Object Repo/New Registration - Registration Module Pages/Third Screen - Upload Supporting Doc- Preview/Select to Upload Form 1' is clicked on

2018-12-07 11:17:23 - [TEST_STEP][PASSED] - delay: Delayed 2 second(s)

2018-12-07 11:17:25 - [MESSAGE][PASSED] - Delayed 2 second(s)

2018-12-07 11:17:25 - [TEST_STEP][PASSED] - uploadFile: File 'C:\Users\Public\Pictures\Sample Pictures\Koala.jpg' sent to object: 'Object Repository/Final Object Repo/New Registration - Registration Module Pages/Third Screen - Upload Supporting Doc- Preview/Upload File Adding'

2018-12-07 11:17:25 - [MESSAGE][PASSED] - File 'C:\Users\Public\Pictures\Sample Pictures\Koala.jpg' sent to object: 'Object Repository/Final Object Repo/New Registration - Registration Module Pages/Third Screen - Upload Supporting Doc- Preview/Upload File Adding'

2018-12-07 11:17:25 - [TEST_STEP][PASSED] - delay: Delayed 5 second(s)

2018-12-07 11:17:30 - [MESSAGE][PASSED] - Delayed 5 second(s)

2018-12-07 11:17:30 - [TEST_STEP][PASSED] - click: Object: 'Object Repository/Final Object Repo/New Registration - Registration Module Pages/Third Screen - Upload Supporting Doc- Preview/Inner Form Add Document Button' is clicked on

2018-12-07 11:17:30 - [MESSAGE][PASSED] - Object: 'Object Repository/Final Object Repo/New Registration - Registration Module Pages/Third Screen - Upload Supporting Doc- Preview/Inner Form Add Document Button' is clicked on

2018-12-07 11:17:30 - [TEST_STEP][PASSED] - delay: Delayed 3 second(s)

2018-12-07 11:17:33 - [MESSAGE][PASSED] - Delayed 3 second(s)

2018-12-07 11:17:33 - [TEST_STEP][PASSED] - click: Object: 'Object Repository/Final Object Repo/New Registration - Registration Module Pages/Third Screen - Upload Supporting Doc- Preview/Add Document Button' is clicked on

2018-12-07 11:17:34 - [MESSAGE][PASSED] - Object: 'Object Repository/Final Object Repo/New Registration - Registration Module Pages/Third Screen - Upload Supporting Doc- Preview/Add Document Button' is clicked on

2018-12-07 11:17:34 - [TEST_STEP][PASSED] - delay: Delayed 30 second(s)

2018-12-07 11:18:04 - [MESSAGE][PASSED] - Delayed 30 second(s)

2018-12-07 11:18:04 - [TEST_STEP][PASSED] - click: Object: 'Object Repository/Final Object Repo/New Registration - Registration Module Pages/Third Screen - Upload Supporting Doc- Preview/Supporting Doc Please Select Drop Down' is clicked on

2018-12-07 11:18:05 - [MESSAGE][PASSED] - Object: 'Object Repository/Final Object Repo/New Registration - Registration Module Pages/Third Screen - Upload Supporting Doc- Preview/Supporting Doc Please Select Drop Down' is clicked on

2018-12-07 11:18:05 - [TEST_STEP][PASSED] - delay: Delayed 2 second(s)

2018-12-07 11:18:07 - [MESSAGE][PASSED] - Delayed 2 second(s)

2018-12-07 11:18:07 - [TEST_STEP][PASSED] - click: Object: 'Object Repository/Final Object Repo/New Registration - Registration Module Pages/Third Screen - Upload Supporting Doc- Preview/Select to Upload Form 2' is clicked on

2018-12-07 11:18:07 - [MESSAGE][PASSED] - Object: 'Object Repository/Final Object Repo/New Registration - Registration Module Pages/Third Screen - Upload Supporting Doc- Preview/Select to Upload Form 2' is clicked on

2018-12-07 11:18:07 - [TEST_STEP][PASSED] - delay: Delayed 2 second(s)

2018-12-07 11:18:09 - [MESSAGE][PASSED] - Delayed 2 second(s)

2018-12-07 11:18:09 - [TEST_STEP][PASSED] - uploadFile: File 'C:\Users\Public\Pictures\Sample Pictures\Koala.jpg' sent to object: 'Object Repository/Final Object Repo/New Registration - Registration Module Pages/Third Screen - Upload Supporting Doc- Preview/Upload File Adding'

2018-12-07 11:18:09 - [MESSAGE][PASSED] - File 'C:\Users\Public\Pictures\Sample Pictures\Koala.jpg' sent to object: 'Object Repository/Final Object Repo/New Registration - Registration Module Pages/Third Screen - Upload Supporting Doc- Preview/Upload File Adding'

2018-12-07 11:18:09 - [TEST_STEP][PASSED] - click: Object: 'Object Repository/Final Object Repo/New Registration - Registration Module Pages/Third Screen - Upload Supporting Doc- Preview/Inner Form Add Document Button' is clicked on

2018-12-07 11:18:09 - [MESSAGE][PASSED] - Object: 'Object Repository/Final Object Repo/New Registration - Registration Module Pages/Third Screen - Upload Supporting Doc- Preview/Inner Form Add Document Button' is clicked on

2018-12-07 11:18:09 - [TEST_STEP][PASSED] - delay: Delayed 5 second(s)

2018-12-07 11:18:14 - [MESSAGE][PASSED] - Delayed 5 second(s)

2018-12-07 11:18:14 - [TEST_STEP][PASSED] - click: Object: 'Object Repository/Final Object Repo/New Registration - Registration Module Pages/Third Screen - Upload Supporting Doc- Preview/Add Document Button' is clicked on

2018-12-07 11:18:14 - [MESSAGE][PASSED] - Object: 'Object Repository/Final Object Repo/New Registration - Registration Module Pages/Third Screen - Upload Supporting Doc- Preview/Add Document Button' is clicked on

2018-12-07 11:18:14 - [TEST_STEP][PASSED] - delay: Delayed 30 second(s)

2018-12-07 11:18:44 - [MESSAGE][PASSED] - Delayed 30 second(s)

2018-12-07 11:18:44 - [TEST_STEP][PASSED] - click: Object: 'Object Repository/Final Object Repo/New Registration - Registration Module Pages/Third Screen - Upload Supporting Doc- Preview/Supporting Doc Please Select Drop Down' is clicked on

2018-12-07 11:18:45 - [MESSAGE][PASSED] - Object: 'Object Repository/Final Object Repo/New Registration - Registration Module Pages/Third Screen - Upload Supporting Doc- Preview/Supporting Doc Please Select Drop Down' is clicked on

2018-12-07 11:18:45 - [TEST_STEP][PASSED] - click: Object: 'Object Repository/Final Object Repo/New Registration - Registration Module Pages/Third Screen - Upload Supporting Doc- Preview/Select to Upload Borang SIP 1' is clicked on

2018-12-07 11:18:45 - [MESSAGE][PASSED] - Object: 'Object Repository/Final Object Repo/New Registration - Registration Module Pages/Third Screen - Upload Supporting Doc- Preview/Select to Upload Borang SIP 1' is clicked on

2018-12-07 11:18:45 - [TEST_STEP][PASSED] - delay: Delayed 2 second(s)

2018-12-07 11:18:47 - [MESSAGE][PASSED] - Delayed 2 second(s)

2018-12-07 11:18:47 - [TEST_STEP][PASSED] - uploadFile: File 'C:\Users\Public\Pictures\Sample Pictures\Koala.jpg' sent to object: 'Object Repository/Final Object Repo/New Registration - Registration Module Pages/Third Screen - Upload Supporting Doc- Preview/Upload File Adding'

2018-12-07 11:18:47 - [MESSAGE][PASSED] - File 'C:\Users\Public\Pictures\Sample Pictures\Koala.jpg' sent to object: 'Object Repository/Final Object Repo/New Registration - Registration Module Pages/Third Screen - Upload Supporting Doc- Preview/Upload File Adding'

2018-12-07 11:18:47 - [TEST_STEP][PASSED] - click: Object: 'Object Repository/Final Object Repo/New Registration - Registration Module Pages/Third Screen - Upload Supporting Doc- Preview/Inner Form Add Document Button' is clicked on

2018-12-07 11:18:47 - [MESSAGE][PASSED] - Object: 'Object Repository/Final Object Repo/New Registration - Registration Module Pages/Third Screen - Upload Supporting Doc- Preview/Inner Form Add Document Button' is clicked on

2018-12-07 11:18:47 - [TEST_STEP][PASSED] - delay: Delayed 5 second(s)

2018-12-07 11:18:52 - [MESSAGE][PASSED] - Delayed 5 second(s)

2018-12-07 11:18:52 - [TEST_STEP][PASSED] - click: Object: 'Object Repository/Final Object Repo/New Registration - Registration Module Pages/Third Screen - Upload Supporting Doc- Preview/Add Document Button' is clicked on

2018-12-07 11:18:52 - [MESSAGE][PASSED] - Object: 'Object Repository/Final Object Repo/New Registration - Registration Module Pages/Third Screen - Upload Supporting Doc- Preview/Add Document Button' is clicked on

2018-12-07 11:18:52 - [TEST_STEP][PASSED] - delay: Delayed 30 second(s)

2018-12-07 11:19:22 - [MESSAGE][PASSED] - Delayed 30 second(s)

2018-12-07 11:19:22 - [TEST_STEP][PASSED] - click: Object: 'Object Repository/Final Object Repo/New Registration - Registration Module Pages/Third Screen - Upload Supporting Doc- Preview/Supporting Doc Please Select Drop Down' is clicked on

2018-12-07 11:19:23 - [MESSAGE][PASSED] - Object: 'Object Repository/Final Object Repo/New Registration - Registration Module Pages/Third Screen - Upload Supporting Doc- Preview/Supporting Doc Please Select Drop Down' is clicked on

2018-12-07 11:19:23 - [TEST_STEP][PASSED] - delay: Delayed 3 second(s)

2018-12-07 11:19:26 - [MESSAGE][PASSED] - Delayed 3 second(s)

2018-12-07 11:19:26 - [TEST_STEP][PASSED] - click: Object: 'Object Repository/Final Object Repo/New Registration - Registration Module Pages/Third Screen - Upload Supporting Doc- Preview/Select to Upload Borang SIP 2' is clicked on

2018-12-07 11:19:26 - [MESSAGE][PASSED] - Object: 'Object Repository/Final Object Repo/New Registration - Registration Module Pages/Third Screen - Upload Supporting Doc- Preview/Select to Upload Borang SIP 2' is clicked on

2018-12-07 11:19:26 - [TEST_STEP][PASSED] - delay: Delayed 2 second(s)

2018-12-07 11:19:28 - [MESSAGE][PASSED] - Delayed 2 second(s)

2018-12-07 11:19:28 - [TEST_STEP][PASSED] - uploadFile: File 'C:\Users\Public\Pictures\Sample Pictures\Koala.jpg' sent to object: 'Object Repository/Final Object Repo/New Registration - Registration Module Pages/Third Screen - Upload Supporting Doc- Preview/Upload File Adding'

2018-12-07 11:19:28 - [MESSAGE][PASSED] - File 'C:\Users\Public\Pictures\Sample Pictures\Koala.jpg' sent to object: 'Object Repository/Final Object Repo/New Registration - Registration Module Pages/Third Screen - Upload Supporting Doc- Preview/Upload File Adding'

2018-12-07 11:19:28 - [TEST_STEP][PASSED] - delay: Delayed 5 second(s)

2018-12-07 11:19:33 - [MESSAGE][PASSED] - Delayed 5 second(s)

2018-12-07 11:19:33 - [TEST_STEP][PASSED] - click: Object: 'Object Repository/Final Object Repo/New Registration - Registration Module Pages/Third Screen - Upload Supporting Doc- Preview/Inner Form Add Document Button' is clicked on

2018-12-07 11:19:33 - [MESSAGE][PASSED] - Object: 'Object Repository/Final Object Repo/New Registration - Registration Module Pages/Third Screen - Upload Supporting Doc- Preview/Inner Form Add Document Button' is clicked on

2018-12-07 11:19:33 - [TEST_STEP][PASSED] - delay: Delayed 3 second(s)

2018-12-07 11:19:36 - [MESSAGE][PASSED] - Delayed 3 second(s)

2018-12-07 11:19:36 - [TEST_STEP][PASSED] - waitForElementClickable: Object 'Object Repository/Final Object Repo/New Registration - Registration Module Pages/Third Screen - Upload Supporting Doc- Preview/Save n Continue in Uploading Supporting Doc Page' is clickable

2018-12-07 11:19:37 - [MESSAGE][PASSED] - Object 'Object Repository/Final Object Repo/New Registration - Registration Module Pages/Third Screen - Upload Supporting Doc- Preview/Save n Continue in Uploading Supporting Doc Page' is clickable

2018-12-07 11:19:37 - [TEST_STEP][PASSED] - click: Object: 'Object Repository/Final Object Repo/New Registration - Registration Module Pages/Third Screen - Upload Supporting Doc- Preview/Save n Continue in Uploading Supporting Doc Page' is clicked on

2018-12-07 11:19:37 - [MESSAGE][PASSED] - Object: 'Object Repository/Final Object Repo/New Registration - Registration Module Pages/Third Screen - Upload Supporting Doc- Preview/Save n Continue in Uploading Supporting Doc Page' is clicked on

2018-12-07 11:19:37 - [MESSAGE][PASSED] - Call Test Case 'Test Cases/Final Aug 2018 - PKS Automation/Registration Module/New Registration/Flow of New Registration/Third Screen - Upload Supporting Doc - Preview' successfully

2018-12-07 11:19:37 - [TEST_STEP][PASSED] - callTestCase: Call Test Case 'Test Cases/Final Aug 2018 - PKS Automation/Registration Module/New Registration/Submit and Screenshot/Submit Registration and Screenshot - Copy' successfully

2018-12-07 11:19:37 - [TEST_CASE][PASSED] - Test Cases/Final Aug 2018 - PKS Automation/Registration Module/New Registration/Submit and Screenshot/Submit Registration and Screenshot - Copy: Test Cases/Final Aug 2018 - PKS Automation/Registration Module/New Registration/Submit and Screenshot/Submit Registration and Screenshot - Copy

2018-12-07 11:19:37 - [TEST_STEP][PASSED] - delay: Delayed 6 second(s)

2018-12-07 11:19:43 - [MESSAGE][PASSED] - Delayed 6 second(s)

2018-12-07 11:19:43 - [TEST_STEP][PASSED] - click: Object: 'Object Repository/Final Object Repo/New Registration - Registration Module Pages/Third Screen - Upload Supporting Doc- Preview/Preview Submit Button' is clicked on

2018-12-07 11:19:43 - [MESSAGE][PASSED] - Object: 'Object Repository/Final Object Repo/New Registration - Registration Module Pages/Third Screen - Upload Supporting Doc- Preview/Preview Submit Button' is clicked on

2018-12-07 11:19:43 - [TEST_STEP][PASSED] - delay: Delayed 2 second(s)

2018-12-07 11:19:45 - [MESSAGE][PASSED] - Delayed 2 second(s)

2018-12-07 11:19:45 - [TEST_STEP][PASSED] - click: Object: 'Object Repository/Final Object Repo/New Registration - Registration Module Pages/Third Screen - Upload Supporting Doc- Preview/Preview Submit - Confirm' is clicked on

2018-12-07 11:19:45 - [MESSAGE][PASSED] - Object: 'Object Repository/Final Object Repo/New Registration - Registration Module Pages/Third Screen - Upload Supporting Doc- Preview/Preview Submit - Confirm' is clicked on

2018-12-07 11:19:45 - [TEST_STEP][PASSED] - delay: Delayed 15 second(s)

2018-12-07 11:20:00 - [MESSAGE][PASSED] - Delayed 15 second(s)

2018-12-07 11:20:00 - [TEST_STEP][PASSED] - Statement - driver = com.kms.katalon.core.webui.driver.DriverFactory.getWebDriver(): null

2018-12-07 11:20:00 - [TEST_STEP][PASSED] - Statement - driver.manage().timeouts().implicitlyWait(10, SECONDS): null

2018-12-07 11:20:01 - [TEST_STEP][PASSED] - Statement - PresavePath = KatalonScreenshots: null

2018-12-07 11:20:01 - [TEST_STEP][PASSED] - Statement - pathPrefix = "C:\Users\Public\Pictures\Sample Pictures\Katalon Screenshots\Automate Ending Screen": null

2018-12-07 11:20:01 - [TEST_STEP][PASSED] - Statement - finalPath = <not implemented yet for class: org.codehaus.groovy.ast.expr.EmptyExpression>: null

2018-12-07 11:20:01 - [TEST_STEP][PASSED] - Statement - scrFile = driver.getScreenshotAs(FILE): null

2018-12-07 11:20:01 - [TEST_STEP][PASSED] - Statement - PreSaveFile = new java.io.File(PresavePath): null

2018-12-07 11:20:01 - [TEST_STEP][PASSED] - Statement - counter = 0: null

2018-12-07 11:20:01 - [TEST_STEP][PASSED] - Statement - If (PreSaveFile.exists()): null

2018-12-07 11:20:01 - [TEST_STEP][PASSED] - Statement - While (PreSaveFile.exists()): null

2018-12-07 11:20:01 - [TEST_STEP][PASSED] - Statement - counter = counter + 1: null

2018-12-07 11:20:01 - [TEST_STEP][PASSED] - Statement - PreSaveFile = new java.io.File(((pathPrefix + java.lang.Integer.toString(counter)) + .png)): null

2018-12-07 11:20:01 - [TEST_STEP][PASSED] - Statement - counter = counter + 1: null

2018-12-07 11:20:01 - [TEST_STEP][PASSED] - Statement - PreSaveFile = new java.io.File(((pathPrefix + java.lang.Integer.toString(counter)) + .png)): null

2018-12-07 11:20:01 - [TEST_STEP][PASSED] - Statement - counter = counter + 1: null

2018-12-07 11:20:01 - [TEST_STEP][PASSED] - Statement - PreSaveFile = new java.io.File(((pathPrefix + java.lang.Integer.toString(counter)) + .png)): null

2018-12-07 11:20:01 - [TEST_STEP][PASSED] - Statement - counter = counter + 1: null

2018-12-07 11:20:01 - [TEST_STEP][PASSED] - Statement - PreSaveFile = new java.io.File(((pathPrefix + java.lang.Integer.toString(counter)) + .png)): null

2018-12-07 11:20:01 - [TEST_STEP][PASSED] - Statement - counter = counter + 1: null

2018-12-07 11:20:01 - [TEST_STEP][PASSED] - Statement - PreSaveFile = new java.io.File(((pathPrefix + java.lang.Integer.toString(counter)) + .png)): null

2018-12-07 11:20:01 - [TEST_STEP][PASSED] - Statement - counter = counter + 1: null

2018-12-07 11:20:01 - [TEST_STEP][PASSED] - Statement - PreSaveFile = new java.io.File(((pathPrefix + java.lang.Integer.toString(counter)) + .png)): null

2018-12-07 11:20:01 - [TEST_STEP][PASSED] - Statement - counter = counter + 1: null

2018-12-07 11:20:01 - [TEST_STEP][PASSED] - Statement - PreSaveFile = new java.io.File(((pathPrefix + java.lang.Integer.toString(counter)) + .png)): null

2018-12-07 11:20:01 - [TEST_STEP][PASSED] - Statement - counter = counter + 1: null

2018-12-07 11:20:01 - [TEST_STEP][PASSED] - Statement - PreSaveFile = new java.io.File(((pathPrefix + java.lang.Integer.toString(counter)) + .png)): null

2018-12-07 11:20:01 - [TEST_STEP][PASSED] - Statement - counter = counter + 1: null

2018-12-07 11:20:01 - [TEST_STEP][PASSED] - Statement - PreSaveFile = new java.io.File(((pathPrefix + java.lang.Integer.toString(counter)) + .png)): null

2018-12-07 11:20:01 - [TEST_STEP][PASSED] - Statement - counter = counter + 1: null

2018-12-07 11:20:01 - [TEST_STEP][PASSED] - Statement - PreSaveFile = new java.io.File(((pathPrefix + java.lang.Integer.toString(counter)) + .png)): null

2018-12-07 11:20:01 - [TEST_STEP][PASSED] - Statement - counter = counter + 1: null

2018-12-07 11:20:01 - [TEST_STEP][PASSED] - Statement - PreSaveFile = new java.io.File(((pathPrefix + java.lang.Integer.toString(counter)) + .png)): null

2018-12-07 11:20:01 - [TEST_STEP][PASSED] - Statement - counter = counter + 1: null

2018-12-07 11:20:01 - [TEST_STEP][PASSED] - Statement - PreSaveFile = new java.io.File(((pathPrefix + java.lang.Integer.toString(counter)) + .png)): null

2018-12-07 11:20:01 - [TEST_STEP][PASSED] - Statement - counter = counter + 1: null

2018-12-07 11:20:01 - [TEST_STEP][PASSED] - Statement - PreSaveFile = new java.io.File(((pathPrefix + java.lang.Integer.toString(counter)) + .png)): null

2018-12-07 11:20:01 - [TEST_STEP][PASSED] - Statement - counter = counter + 1: null

2018-12-07 11:20:01 - [TEST_STEP][PASSED] - Statement - PreSaveFile = new java.io.File(((pathPrefix + java.lang.Integer.toString(counter)) + .png)): null

2018-12-07 11:20:01 - [TEST_STEP][PASSED] - Statement - counter = counter + 1: null

2018-12-07 11:20:01 - [TEST_STEP][PASSED] - Statement - PreSaveFile = new java.io.File(((pathPrefix + java.lang.Integer.toString(counter)) + .png)): null

2018-12-07 11:20:01 - [TEST_STEP][PASSED] - Statement - counter = counter + 1: null

2018-12-07 11:20:01 - [TEST_STEP][PASSED] - Statement - PreSaveFile = new java.io.File(((pathPrefix + java.lang.Integer.toString(counter)) + .png)): null

2018-12-07 11:20:01 - [TEST_STEP][PASSED] - Statement - counter = counter + 1: null

2018-12-07 11:20:01 - [TEST_STEP][PASSED] - Statement - PreSaveFile = new java.io.File(((pathPrefix + java.lang.Integer.toString(counter)) + .png)): null

2018-12-07 11:20:01 - [TEST_STEP][PASSED] - Statement - counter = counter + 1: null

2018-12-07 11:20:01 - [TEST_STEP][PASSED] - Statement - PreSaveFile = new java.io.File(((pathPrefix + java.lang.Integer.toString(counter)) + .png)): null

2018-12-07 11:20:01 - [TEST_STEP][PASSED] - Statement - counter = counter + 1: null

2018-12-07 11:20:02 - [TEST_STEP][PASSED] - Statement - PreSaveFile = new java.io.File(((pathPrefix + java.lang.Integer.toString(counter)) + .png)): null

2018-12-07 11:20:02 - [TEST_STEP][PASSED] - Statement - counter = counter + 1: null

2018-12-07 11:20:02 - [TEST_STEP][PASSED] - Statement - PreSaveFile = new java.io.File(((pathPrefix + java.lang.Integer.toString(counter)) + .png)): null

2018-12-07 11:20:02 - [TEST_STEP][PASSED] - Statement - counter = counter + 1: null

2018-12-07 11:20:02 - [TEST_STEP][PASSED] - Statement - PreSaveFile = new java.io.File(((pathPrefix + java.lang.Integer.toString(counter)) + .png)): null

2018-12-07 11:20:02 - [TEST_STEP][PASSED] - Statement - counter = counter + 1: null

2018-12-07 11:20:02 - [TEST_STEP][PASSED] - Statement - PreSaveFile = new java.io.File(((pathPrefix + java.lang.Integer.toString(counter)) + .png)): null

2018-12-07 11:20:02 - [TEST_STEP][PASSED] - Statement - counter = counter + 1: null

2018-12-07 11:20:02 - [TEST_STEP][PASSED] - Statement - PreSaveFile = new java.io.File(((pathPrefix + java.lang.Integer.toString(counter)) + .png)): null

2018-12-07 11:20:02 - [TEST_STEP][PASSED] - Statement - counter = counter + 1: null

2018-12-07 11:20:02 - [TEST_STEP][PASSED] - Statement - PreSaveFile = new java.io.File(((pathPrefix + java.lang.Integer.toString(counter)) + .png)): null

2018-12-07 11:20:02 - [TEST_STEP][PASSED] - Statement - counter = counter + 1: null

2018-12-07 11:20:02 - [TEST_STEP][PASSED] - Statement - PreSaveFile = new java.io.File(((pathPrefix + java.lang.Integer.toString(counter)) + .png)): null

2018-12-07 11:20:02 - [TEST_STEP][PASSED] - Statement - counter = counter + 1: null

2018-12-07 11:20:02 - [TEST_STEP][PASSED] - Statement - PreSaveFile = new java.io.File(((pathPrefix + java.lang.Integer.toString(counter)) + .png)): null

2018-12-07 11:20:02 - [TEST_STEP][PASSED] - Statement - counter = counter + 1: null

2018-12-07 11:20:02 - [TEST_STEP][PASSED] - Statement - PreSaveFile = new java.io.File(((pathPrefix + java.lang.Integer.toString(counter)) + .png)): null

2018-12-07 11:20:02 - [TEST_STEP][PASSED] - Statement - counter = counter + 1: null

2018-12-07 11:20:02 - [TEST_STEP][PASSED] - Statement - PreSaveFile = new java.io.File(((pathPrefix + java.lang.Integer.toString(counter)) + .png)): null

2018-12-07 11:20:02 - [TEST_STEP][PASSED] - Statement - counter = counter + 1: null

2018-12-07 11:20:02 - [TEST_STEP][PASSED] - Statement - PreSaveFile = new java.io.File(((pathPrefix + java.lang.Integer.toString(counter)) + .png)): null

2018-12-07 11:20:02 - [TEST_STEP][PASSED] - Statement - counter = counter + 1: null

2018-12-07 11:20:02 - [TEST_STEP][PASSED] - Statement - PreSaveFile = new java.io.File(((pathPrefix + java.lang.Integer.toString(counter)) + .png)): null

2018-12-07 11:20:02 - [TEST_STEP][PASSED] - Statement - counter = counter + 1: null

2018-12-07 11:20:02 - [TEST_STEP][PASSED] - Statement - PreSaveFile = new java.io.File(((pathPrefix + java.lang.Integer.toString(counter)) + .png)): null

2018-12-07 11:20:02 - [TEST_STEP][PASSED] - Statement - counter = counter + 1: null

2018-12-07 11:20:02 - [TEST_STEP][PASSED] - Statement - PreSaveFile = new java.io.File(((pathPrefix + java.lang.Integer.toString(counter)) + .png)): null

2018-12-07 11:20:02 - [TEST_STEP][PASSED] - Statement - counter = counter + 1: null

2018-12-07 11:20:02 - [TEST_STEP][PASSED] - Statement - PreSaveFile = new java.io.File(((pathPrefix + java.lang.Integer.toString(counter)) + .png)): null

2018-12-07 11:20:02 - [TEST_STEP][PASSED] - Statement - counter = counter + 1: null

2018-12-07 11:20:02 - [TEST_STEP][PASSED] - Statement - PreSaveFile = new java.io.File(((pathPrefix + java.lang.Integer.toString(counter)) + .png)): null

2018-12-07 11:20:02 - [TEST_STEP][PASSED] - Statement - counter = counter + 1: null

2018-12-07 11:20:02 - [TEST_STEP][PASSED] - Statement - PreSaveFile = new java.io.File(((pathPrefix + java.lang.Integer.toString(counter)) + .png)): null

2018-12-07 11:20:02 - [TEST_STEP][PASSED] - Statement - counter = counter + 1: null

2018-12-07 11:20:02 - [TEST_STEP][PASSED] - Statement - PreSaveFile = new java.io.File(((pathPrefix + java.lang.Integer.toString(counter)) + .png)): null

2018-12-07 11:20:02 - [TEST_STEP][PASSED] - Statement - counter = counter + 1: null

2018-12-07 11:20:02 - [TEST_STEP][PASSED] - Statement - PreSaveFile = new java.io.File(((pathPrefix + java.lang.Integer.toString(counter)) + .png)): null

2018-12-07 11:20:02 - [TEST_STEP][PASSED] - Statement - counter = counter + 1: null

2018-12-07 11:20:03 - [TEST_STEP][PASSED] - Statement - PreSaveFile = new java.io.File(((pathPrefix + java.lang.Integer.toString(counter)) + .png)): null

2018-12-07 11:20:03 - [TEST_STEP][PASSED] - Statement - counter = counter + 1: null

2018-12-07 11:20:03 - [TEST_STEP][PASSED] - Statement - PreSaveFile = new java.io.File(((pathPrefix + java.lang.Integer.toString(counter)) + .png)): null

2018-12-07 11:20:03 - [TEST_STEP][PASSED] - Statement - counter = counter + 1: null

2018-12-07 11:20:03 - [TEST_STEP][PASSED] - Statement - PreSaveFile = new java.io.File(((pathPrefix + java.lang.Integer.toString(counter)) + .png)): null

2018-12-07 11:20:03 - [TEST_STEP][PASSED] - Statement - counter = counter + 1: null

2018-12-07 11:20:03 - [TEST_STEP][PASSED] - Statement - PreSaveFile = new java.io.File(((pathPrefix + java.lang.Integer.toString(counter)) + .png)): null

2018-12-07 11:20:03 - [TEST_STEP][PASSED] - Statement - counter = counter + 1: null

2018-12-07 11:20:03 - [TEST_STEP][PASSED] - Statement - PreSaveFile = new java.io.File(((pathPrefix + java.lang.Integer.toString(counter)) + .png)): null

2018-12-07 11:20:03 - [TEST_STEP][PASSED] - Statement - counter = counter + 1: null

2018-12-07 11:20:03 - [TEST_STEP][PASSED] - Statement - PreSaveFile = new java.io.File(((pathPrefix + java.lang.Integer.toString(counter)) + .png)): null

2018-12-07 11:20:03 - [TEST_STEP][PASSED] - Statement - counter = counter + 1: null

2018-12-07 11:20:03 - [TEST_STEP][PASSED] - Statement - PreSaveFile = new java.io.File(((pathPrefix + java.lang.Integer.toString(counter)) + .png)): null

2018-12-07 11:20:03 - [TEST_STEP][PASSED] - Statement - counter = counter + 1: null

2018-12-07 11:20:03 - [TEST_STEP][PASSED] - Statement - PreSaveFile = new java.io.File(((pathPrefix + java.lang.Integer.toString(counter)) + .png)): null

2018-12-07 11:20:03 - [TEST_STEP][PASSED] - Statement - counter = counter + 1: null

2018-12-07 11:20:03 - [TEST_STEP][PASSED] - Statement - PreSaveFile = new java.io.File(((pathPrefix + java.lang.Integer.toString(counter)) + .png)): null

2018-12-07 11:20:03 - [TEST_STEP][PASSED] - Statement - counter = counter + 1: null

2018-12-07 11:20:03 - [TEST_STEP][PASSED] - Statement - PreSaveFile = new java.io.File(((pathPrefix + java.lang.Integer.toString(counter)) + .png)): null

2018-12-07 11:20:03 - [TEST_STEP][PASSED] - Statement - counter = counter + 1: null

2018-12-07 11:20:03 - [TEST_STEP][PASSED] - Statement - PreSaveFile = new java.io.File(((pathPrefix + java.lang.Integer.toString(counter)) + .png)): null

2018-12-07 11:20:03 - [TEST_STEP][PASSED] - Statement - counter = counter + 1: null

2018-12-07 11:20:03 - [TEST_STEP][PASSED] - Statement - PreSaveFile = new java.io.File(((pathPrefix + java.lang.Integer.toString(counter)) + .png)): null

2018-12-07 11:20:03 - [TEST_STEP][PASSED] - Statement - counter = counter + 1: null

2018-12-07 11:20:03 - [TEST_STEP][PASSED] - Statement - PreSaveFile = new java.io.File(((pathPrefix + java.lang.Integer.toString(counter)) + .png)): null

2018-12-07 11:20:03 - [TEST_STEP][PASSED] - Statement - counter = counter + 1: null

2018-12-07 11:20:03 - [TEST_STEP][PASSED] - Statement - PreSaveFile = new java.io.File(((pathPrefix + java.lang.Integer.toString(counter)) + .png)): null

2018-12-07 11:20:03 - [TEST_STEP][PASSED] - Statement - counter = counter + 1: null

2018-12-07 11:20:03 - [TEST_STEP][PASSED] - Statement - PreSaveFile = new java.io.File(((pathPrefix + java.lang.Integer.toString(counter)) + .png)): null

2018-12-07 11:20:03 - [TEST_STEP][PASSED] - Statement - counter = counter + 1: null

2018-12-07 11:20:03 - [TEST_STEP][PASSED] - Statement - PreSaveFile = new java.io.File(((pathPrefix + java.lang.Integer.toString(counter)) + .png)): null

2018-12-07 11:20:03 - [TEST_STEP][PASSED] - Statement - counter = counter + 1: null

2018-12-07 11:20:03 - [TEST_STEP][PASSED] - Statement - PreSaveFile = new java.io.File(((pathPrefix + java.lang.Integer.toString(counter)) + .png)): null

2018-12-07 11:20:03 - [TEST_STEP][PASSED] - Statement - counter = counter + 1: null

2018-12-07 11:20:03 - [TEST_STEP][PASSED] - Statement - PreSaveFile = new java.io.File(((pathPrefix + java.lang.Integer.toString(counter)) + .png)): null

2018-12-07 11:20:03 - [TEST_STEP][PASSED] - Statement - counter = counter + 1: null

2018-12-07 11:20:03 - [TEST_STEP][PASSED] - Statement - PreSaveFile = new java.io.File(((pathPrefix + java.lang.Integer.toString(counter)) + .png)): null

2018-12-07 11:20:03 - [TEST_STEP][PASSED] - Statement - counter = counter + 1: null

2018-12-07 11:20:03 - [TEST_STEP][PASSED] - Statement - PreSaveFile = new java.io.File(((pathPrefix + java.lang.Integer.toString(counter)) + .png)): null

2018-12-07 11:20:03 - [TEST_STEP][PASSED] - Statement - counter = counter + 1: null

2018-12-07 11:20:04 - [TEST_STEP][PASSED] - Statement - PreSaveFile = new java.io.File(((pathPrefix + java.lang.Integer.toString(counter)) + .png)): null

2018-12-07 11:20:04 - [TEST_STEP][PASSED] - Statement - counter = counter + 1: null

2018-12-07 11:20:04 - [TEST_STEP][PASSED] - Statement - PreSaveFile = new java.io.File(((pathPrefix + java.lang.Integer.toString(counter)) + .png)): null

2018-12-07 11:20:04 - [TEST_STEP][PASSED] - Statement - counter = counter + 1: null

2018-12-07 11:20:04 - [TEST_STEP][PASSED] - Statement - PreSaveFile = new java.io.File(((pathPrefix + java.lang.Integer.toString(counter)) + .png)): null

2018-12-07 11:20:04 - [TEST_STEP][PASSED] - Statement - counter = counter + 1: null

2018-12-07 11:20:04 - [TEST_STEP][PASSED] - Statement - PreSaveFile = new java.io.File(((pathPrefix + java.lang.Integer.toString(counter)) + .png)): null

2018-12-07 11:20:04 - [TEST_STEP][PASSED] - Statement - counter = counter + 1: null

2018-12-07 11:20:04 - [TEST_STEP][PASSED] - Statement - PreSaveFile = new java.io.File(((pathPrefix + java.lang.Integer.toString(counter)) + .png)): null

2018-12-07 11:20:04 - [TEST_STEP][PASSED] - Statement - counter = counter + 1: null

2018-12-07 11:20:04 - [TEST_STEP][PASSED] - Statement - PreSaveFile = new java.io.File(((pathPrefix + java.lang.Integer.toString(counter)) + .png)): null

2018-12-07 11:20:04 - [TEST_STEP][PASSED] - Statement - counter = counter + 1: null

2018-12-07 11:20:04 - [TEST_STEP][PASSED] - Statement - PreSaveFile = new java.io.File(((pathPrefix + java.lang.Integer.toString(counter)) + .png)): null

2018-12-07 11:20:04 - [TEST_STEP][PASSED] - Statement - counter = counter + 1: null

2018-12-07 11:20:04 - [TEST_STEP][PASSED] - Statement - PreSaveFile = new java.io.File(((pathPrefix + java.lang.Integer.toString(counter)) + .png)): null

2018-12-07 11:20:04 - [TEST_STEP][PASSED] - Statement - counter = counter + 1: null

2018-12-07 11:20:04 - [TEST_STEP][PASSED] - Statement - PreSaveFile = new java.io.File(((pathPrefix + java.lang.Integer.toString(counter)) + .png)): null

2018-12-07 11:20:04 - [TEST_STEP][PASSED] - Statement - counter = counter + 1: null

2018-12-07 11:20:04 - [TEST_STEP][PASSED] - Statement - PreSaveFile = new java.io.File(((pathPrefix + java.lang.Integer.toString(counter)) + .png)): null

2018-12-07 11:20:04 - [TEST_STEP][PASSED] - Statement - counter = counter + 1: null

2018-12-07 11:20:04 - [TEST_STEP][PASSED] - Statement - PreSaveFile = new java.io.File(((pathPrefix + java.lang.Integer.toString(counter)) + .png)): null

2018-12-07 11:20:04 - [TEST_STEP][PASSED] - Statement - counter = counter + 1: null

2018-12-07 11:20:04 - [TEST_STEP][PASSED] - Statement - PreSaveFile = new java.io.File(((pathPrefix + java.lang.Integer.toString(counter)) + .png)): null

2018-12-07 11:20:04 - [TEST_STEP][PASSED] - Statement - counter = counter + 1: null

2018-12-07 11:20:04 - [TEST_STEP][PASSED] - Statement - PreSaveFile = new java.io.File(((pathPrefix + java.lang.Integer.toString(counter)) + .png)): null

2018-12-07 11:20:04 - [TEST_STEP][PASSED] - Statement - counter = counter + 1: null

2018-12-07 11:20:04 - [TEST_STEP][PASSED] - Statement - PreSaveFile = new java.io.File(((pathPrefix + java.lang.Integer.toString(counter)) + .png)): null

2018-12-07 11:20:04 - [TEST_STEP][PASSED] - Statement - counter = counter + 1: null

2018-12-07 11:20:05 - [TEST_STEP][PASSED] - Statement - PreSaveFile = new java.io.File(((pathPrefix + java.lang.Integer.toString(counter)) + .png)): null

2018-12-07 11:20:05 - [TEST_STEP][PASSED] - Statement - counter = counter + 1: null

2018-12-07 11:20:05 - [TEST_STEP][PASSED] - Statement - PreSaveFile = new java.io.File(((pathPrefix + java.lang.Integer.toString(counter)) + .png)): null

2018-12-07 11:20:05 - [TEST_STEP][PASSED] - Statement - counter = counter + 1: null

2018-12-07 11:20:05 - [TEST_STEP][PASSED] - Statement - PreSaveFile = new java.io.File(((pathPrefix + java.lang.Integer.toString(counter)) + .png)): null

2018-12-07 11:20:05 - [TEST_STEP][PASSED] - Statement - counter = counter + 1: null

2018-12-07 11:20:05 - [TEST_STEP][PASSED] - Statement - PreSaveFile = new java.io.File(((pathPrefix + java.lang.Integer.toString(counter)) + .png)): null

2018-12-07 11:20:05 - [TEST_STEP][PASSED] - Statement - counter = counter + 1: null

2018-12-07 11:20:05 - [TEST_STEP][PASSED] - Statement - PreSaveFile = new java.io.File(((pathPrefix + java.lang.Integer.toString(counter)) + .png)): null

2018-12-07 11:20:05 - [TEST_STEP][PASSED] - Statement - counter = counter + 1: null

2018-12-07 11:20:05 - [TEST_STEP][PASSED] - Statement - PreSaveFile = new java.io.File(((pathPrefix + java.lang.Integer.toString(counter)) + .png)): null

2018-12-07 11:20:05 - [TEST_STEP][PASSED] - Statement - counter = counter + 1: null

2018-12-07 11:20:05 - [TEST_STEP][PASSED] - Statement - PreSaveFile = new java.io.File(((pathPrefix + java.lang.Integer.toString(counter)) + .png)): null

2018-12-07 11:20:05 - [TEST_STEP][PASSED] - Statement - counter = counter + 1: null

2018-12-07 11:20:05 - [TEST_STEP][PASSED] - Statement - PreSaveFile = new java.io.File(((pathPrefix + java.lang.Integer.toString(counter)) + .png)): null

2018-12-07 11:20:05 - [TEST_STEP][PASSED] - Statement - counter = counter + 1: null

2018-12-07 11:20:05 - [TEST_STEP][PASSED] - Statement - PreSaveFile = new java.io.File(((pathPrefix + java.lang.Integer.toString(counter)) + .png)): null

2018-12-07 11:20:05 - [TEST_STEP][PASSED] - Statement - counter = counter + 1: null

2018-12-07 11:20:05 - [TEST_STEP][PASSED] - Statement - PreSaveFile = new java.io.File(((pathPrefix + java.lang.Integer.toString(counter)) + .png)): null

2018-12-07 11:20:05 - [TEST_STEP][PASSED] - Statement - counter = counter + 1: null

2018-12-07 11:20:05 - [TEST_STEP][PASSED] - Statement - PreSaveFile = new java.io.File(((pathPrefix + java.lang.Integer.toString(counter)) + .png)): null

2018-12-07 11:20:05 - [TEST_STEP][PASSED] - Statement - counter = counter + 1: null

2018-12-07 11:20:05 - [TEST_STEP][PASSED] - Statement - PreSaveFile = new java.io.File(((pathPrefix + java.lang.Integer.toString(counter)) + .png)): null

2018-12-07 11:20:05 - [TEST_STEP][PASSED] - Statement - counter = counter + 1: null

2018-12-07 11:20:05 - [TEST_STEP][PASSED] - Statement - PreSaveFile = new java.io.File(((pathPrefix + java.lang.Integer.toString(counter)) + .png)): null

2018-12-07 11:20:05 - [TEST_STEP][PASSED] - Statement - counter = counter + 1: null

2018-12-07 11:20:05 - [TEST_STEP][PASSED] - Statement - PreSaveFile = new java.io.File(((pathPrefix + java.lang.Integer.toString(counter)) + .png)): null

2018-12-07 11:20:05 - [TEST_STEP][PASSED] - Statement - counter = counter + 1: null

2018-12-07 11:20:05 - [TEST_STEP][PASSED] - Statement - PreSaveFile = new java.io.File(((pathPrefix + java.lang.Integer.toString(counter)) + .png)): null

2018-12-07 11:20:06 - [TEST_STEP][PASSED] - Statement - counter = counter + 1: null

2018-12-07 11:20:06 - [TEST_STEP][PASSED] - Statement - PreSaveFile = new java.io.File(((pathPrefix + java.lang.Integer.toString(counter)) + .png)): null

2018-12-07 11:20:06 - [TEST_STEP][PASSED] - Statement - counter = counter + 1: null

2018-12-07 11:20:06 - [TEST_STEP][PASSED] - Statement - PreSaveFile = new java.io.File(((pathPrefix + java.lang.Integer.toString(counter)) + .png)): null

2018-12-07 11:20:06 - [TEST_STEP][PASSED] - Statement - counter = counter + 1: null

2018-12-07 11:20:06 - [TEST_STEP][PASSED] - Statement - PreSaveFile = new java.io.File(((pathPrefix + java.lang.Integer.toString(counter)) + .png)): null

2018-12-07 11:20:06 - [TEST_STEP][PASSED] - Statement - counter = counter + 1: null

2018-12-07 11:20:06 - [TEST_STEP][PASSED] - Statement - PreSaveFile = new java.io.File(((pathPrefix + java.lang.Integer.toString(counter)) + .png)): null

2018-12-07 11:20:06 - [TEST_STEP][PASSED] - Statement - counter = counter + 1: null

2018-12-07 11:20:06 - [TEST_STEP][PASSED] - Statement - PreSaveFile = new java.io.File(((pathPrefix + java.lang.Integer.toString(counter)) + .png)): null

2018-12-07 11:20:06 - [TEST_STEP][PASSED] - Statement - counter = counter + 1: null

2018-12-07 11:20:06 - [TEST_STEP][PASSED] - Statement - PreSaveFile = new java.io.File(((pathPrefix + java.lang.Integer.toString(counter)) + .png)): null

2018-12-07 11:20:06 - [TEST_STEP][PASSED] - Statement - counter = counter + 1: null

2018-12-07 11:20:06 - [TEST_STEP][PASSED] - Statement - PreSaveFile = new java.io.File(((pathPrefix + java.lang.Integer.toString(counter)) + .png)): null

2018-12-07 11:20:06 - [TEST_STEP][PASSED] - Statement - counter = counter + 1: null

2018-12-07 11:20:06 - [TEST_STEP][PASSED] - Statement - PreSaveFile = new java.io.File(((pathPrefix + java.lang.Integer.toString(counter)) + .png)): null

2018-12-07 11:20:06 - [TEST_STEP][PASSED] - Statement - counter = counter + 1: null

2018-12-07 11:20:06 - [TEST_STEP][PASSED] - Statement - PreSaveFile = new java.io.File(((pathPrefix + java.lang.Integer.toString(counter)) + .png)): null

2018-12-07 11:20:06 - [TEST_STEP][PASSED] - Statement - counter = counter + 1: null

2018-12-07 11:20:06 - [TEST_STEP][PASSED] - Statement - PreSaveFile = new java.io.File(((pathPrefix + java.lang.Integer.toString(counter)) + .png)): null

2018-12-07 11:20:06 - [TEST_STEP][PASSED] - Statement - counter = counter + 1: null

2018-12-07 11:20:06 - [TEST_STEP][PASSED] - Statement - PreSaveFile = new java.io.File(((pathPrefix + java.lang.Integer.toString(counter)) + .png)): null

2018-12-07 11:20:06 - [TEST_STEP][PASSED] - Statement - counter = counter + 1: null

2018-12-07 11:20:06 - [TEST_STEP][PASSED] - Statement - PreSaveFile = new java.io.File(((pathPrefix + java.lang.Integer.toString(counter)) + .png)): null

2018-12-07 11:20:06 - [TEST_STEP][PASSED] - Statement - counter = counter + 1: null

2018-12-07 11:20:06 - [TEST_STEP][PASSED] - Statement - PreSaveFile = new java.io.File(((pathPrefix + java.lang.Integer.toString(counter)) + .png)): null

2018-12-07 11:20:06 - [TEST_STEP][PASSED] - Statement - counter = counter + 1: null

2018-12-07 11:20:06 - [TEST_STEP][PASSED] - Statement - PreSaveFile = new java.io.File(((pathPrefix + java.lang.Integer.toString(counter)) + .png)): null

2018-12-07 11:20:06 - [TEST_STEP][PASSED] - Statement - counter = counter + 1: null

2018-12-07 11:20:06 - [TEST_STEP][PASSED] - Statement - PreSaveFile = new java.io.File(((pathPrefix + java.lang.Integer.toString(counter)) + .png)): null

2018-12-07 11:20:06 - [TEST_STEP][PASSED] - Statement - counter = counter + 1: null

2018-12-07 11:20:06 - [TEST_STEP][PASSED] - Statement - PreSaveFile = new java.io.File(((pathPrefix + java.lang.Integer.toString(counter)) + .png)): null

2018-12-07 11:20:06 - [TEST_STEP][PASSED] - Statement - counter = counter + 1: null

2018-12-07 11:20:06 - [TEST_STEP][PASSED] - Statement - PreSaveFile = new java.io.File(((pathPrefix + java.lang.Integer.toString(counter)) + .png)): null

2018-12-07 11:20:06 - [TEST_STEP][PASSED] - Statement - counter = counter + 1: null

2018-12-07 11:20:07 - [TEST_STEP][PASSED] - Statement - PreSaveFile = new java.io.File(((pathPrefix + java.lang.Integer.toString(counter)) + .png)): null

2018-12-07 11:20:07 - [TEST_STEP][PASSED] - Statement - counter = counter + 1: null

2018-12-07 11:20:07 - [TEST_STEP][PASSED] - Statement - PreSaveFile = new java.io.File(((pathPrefix + java.lang.Integer.toString(counter)) + .png)): null

2018-12-07 11:20:07 - [TEST_STEP][PASSED] - Statement - counter = counter + 1: null

2018-12-07 11:20:07 - [TEST_STEP][PASSED] - Statement - PreSaveFile = new java.io.File(((pathPrefix + java.lang.Integer.toString(counter)) + .png)): null

2018-12-07 11:20:07 - [TEST_STEP][PASSED] - Statement - counter = counter + 1: null

2018-12-07 11:20:07 - [TEST_STEP][PASSED] - Statement - PreSaveFile = new java.io.File(((pathPrefix + java.lang.Integer.toString(counter)) + .png)): null

2018-12-07 11:20:07 - [TEST_STEP][PASSED] - Statement - counter = counter + 1: null

2018-12-07 11:20:07 - [TEST_STEP][PASSED] - Statement - PreSaveFile = new java.io.File(((pathPrefix + java.lang.Integer.toString(counter)) + .png)): null

2018-12-07 11:20:07 - [TEST_STEP][PASSED] - Statement - counter = counter + 1: null

2018-12-07 11:20:07 - [TEST_STEP][PASSED] - Statement - PreSaveFile = new java.io.File(((pathPrefix + java.lang.Integer.toString(counter)) + .png)): null

2018-12-07 11:20:07 - [TEST_STEP][PASSED] - Statement - counter = counter + 1: null

2018-12-07 11:20:07 - [TEST_STEP][PASSED] - Statement - PreSaveFile = new java.io.File(((pathPrefix + java.lang.Integer.toString(counter)) + .png)): null

2018-12-07 11:20:07 - [TEST_STEP][PASSED] - Statement - counter = counter + 1: null

2018-12-07 11:20:07 - [TEST_STEP][PASSED] - Statement - PreSaveFile = new java.io.File(((pathPrefix + java.lang.Integer.toString(counter)) + .png)): null

2018-12-07 11:20:07 - [TEST_STEP][PASSED] - Statement - counter = counter + 1: null

2018-12-07 11:20:07 - [TEST_STEP][PASSED] - Statement - PreSaveFile = new java.io.File(((pathPrefix + java.lang.Integer.toString(counter)) + .png)): null

2018-12-07 11:20:07 - [TEST_STEP][PASSED] - Statement - counter = counter + 1: null

2018-12-07 11:20:07 - [TEST_STEP][PASSED] - Statement - PreSaveFile = new java.io.File(((pathPrefix + java.lang.Integer.toString(counter)) + .png)): null

2018-12-07 11:20:07 - [TEST_STEP][PASSED] - Statement - counter = counter + 1: null

2018-12-07 11:20:07 - [TEST_STEP][PASSED] - Statement - PreSaveFile = new java.io.File(((pathPrefix + java.lang.Integer.toString(counter)) + .png)): null

2018-12-07 11:20:07 - [TEST_STEP][PASSED] - Statement - counter = counter + 1: null

2018-12-07 11:20:07 - [TEST_STEP][PASSED] - Statement - PreSaveFile = new java.io.File(((pathPrefix + java.lang.Integer.toString(counter)) + .png)): null

2018-12-07 11:20:07 - [TEST_STEP][PASSED] - Statement - counter = counter + 1: null

2018-12-07 11:20:07 - [TEST_STEP][PASSED] - Statement - PreSaveFile = new java.io.File(((pathPrefix + java.lang.Integer.toString(counter)) + .png)): null

2018-12-07 11:20:07 - [TEST_STEP][PASSED] - Statement - counter = counter + 1: null

2018-12-07 11:20:07 - [TEST_STEP][PASSED] - Statement - PreSaveFile = new java.io.File(((pathPrefix + java.lang.Integer.toString(counter)) + .png)): null

2018-12-07 11:20:07 - [TEST_STEP][PASSED] - Statement - finalPath = pathPrefix + java.lang.Integer.toString(counter) + ".png": null

2018-12-07 11:20:07 - [TEST_STEP][PASSED] - Statement - SaveFile = new java.io.File(finalPath): null

2018-12-07 11:20:07 - [TEST_STEP][PASSED] - Statement - Try: null

2018-12-07 11:20:07 - [TEST_STEP][PASSED] - Statement - org.apache.commons.io.FileUtils.copyFile(scrFile, SaveFile): null

2018-12-07 11:20:08 - [TEST_STEP][PASSED] - Statement - out.println("file kept"): null

2018-12-07 11:20:08 - [TEST_STEP][PASSED] - delay: Delayed 10 second(s)

2018-12-07 11:20:18 - [MESSAGE][PASSED] - Delayed 10 second(s)

2018-12-07 11:20:18 - [MESSAGE][PASSED] - Call Test Case 'Test Cases/Final Aug 2018 - PKS Automation/Registration Module/New Registration/Submit and Screenshot/Submit Registration and Screenshot - Copy' successfully

2018-12-07 11:20:18 - [TEST_STEP][PASSED] - Statement - UpdateAddNewECode = com.kms.katalon.core.webui.keyword.WebUiBuiltInKeywords.getText(com.kms.katalon.core.testobject.ObjectRepository.findTestObject(Object Repository/Final Object Repo/Page_Update Add New Employee - ASSIST/getEmpCode)): Text of object 'Object Repository/Final Object Repo/Page_Update Add New Employee - ASSIST/getEmpCode' is: 'E1102070669V'

2018-12-07 11:20:18 - [MESSAGE][PASSED] - Text of object 'Object Repository/Final Object Repo/Page_Update Add New Employee - ASSIST/getEmpCode' is: 'E1102070669V'

2018-12-07 11:20:18 - [TEST_STEP][PASSED] - callTestCase: Call Test Case 'Test Cases/Final Aug 2018 - PKS Automation/Common/Emp Code Setter' successfully

2018-12-07 11:20:18 - [TEST_CASE][PASSED] - Test Cases/Final Aug 2018 - PKS Automation/Common/Emp Code Setter: Test Cases/Final Aug 2018 - PKS Automation/Common/Emp Code Setter

2018-12-07 11:20:18 - [TEST_STEP][PASSED] - Statement - EmpCodeOld = new java.io.File(C://Users//Admin//Desktop//PKS//Automation Reference Point//EmpCode.txt): null

2018-12-07 11:20:18 - [TEST_STEP][PASSED] - Statement - EmpCodeOld.delete(): null

2018-12-07 11:20:18 - [TEST_STEP][PASSED] - Statement - EmpCode = new java.io.File(C://Users//Admin//Desktop//PKS//Automation Reference Point//EmpCode.txt): null

2018-12-07 11:20:18 - [TEST_STEP][PASSED] - Statement - f2 = new java.io.FileWriter(EmpCode, false): null

2018-12-07 11:20:18 - [TEST_STEP][PASSED] - Statement - f2.write(UpdateAddNewECode): null

2018-12-07 11:20:18 - [TEST_STEP][PASSED] - Statement - f2.close(): null

2018-12-07 11:20:18 - [TEST_STEP][PASSED] - Statement - out.println("


" + UpdateAddNewECode + "


"): null

2018-12-07 11:20:18 - [MESSAGE][PASSED] - Call Test Case 'Test Cases/Final Aug 2018 - PKS Automation/Common/Emp Code Setter' successfully

2018-12-07 11:20:18 - [MESSAGE][PASSED] - Call Test Case 'Test Cases/Final Aug 2018 - PKS Automation/Registration Module/Workflow/Update Add New Employee/Template/New Company for Update Add New' successfully

2018-12-07 11:20:18 - [TEST_STEP][PASSED] - callTestCase: Call Test Case 'Test Cases/Final Aug 2018 - PKS Automation/Registration Module/Log Out/log out avoiding katalon tagging' successfully

2018-12-07 11:20:18 - [TEST_CASE][PASSED] - Test Cases/Final Aug 2018 - PKS Automation/Registration Module/Log Out/log out avoiding katalon tagging: Test Cases/Final Aug 2018 - PKS Automation/Registration Module/Log Out/log out avoiding katalon tagging

2018-12-07 11:20:18 - [TEST_STEP][PASSED] - navigateToUrl: Navigate to 'https://assist2-uat.perkeso.gov.my/c/portal/logout' successfully

2018-12-07 11:20:19 - [MESSAGE][PASSED] - Navigate to 'https://assist2-uat.perkeso.gov.my/c/portal/logout' successfully

2018-12-07 11:20:19 - [MESSAGE][PASSED] - Call Test Case 'Test Cases/Final Aug 2018 - PKS Automation/Registration Module/Log Out/log out avoiding katalon tagging' successfully

2018-12-07 11:20:19 - [TEST_STEP][PASSED] - callTestCase: Call Test Case 'Test Cases/Final Aug 2018 - PKS Automation/Registration Module/New Registration/Form 2/Date Updater' successfully

2018-12-07 11:20:19 - [TEST_CASE][PASSED] - Test Cases/Final Aug 2018 - PKS Automation/Registration Module/New Registration/Form 2/Date Updater: Test Cases/Final Aug 2018 - PKS Automation/Registration Module/New Registration/Form 2/Date Updater

2018-12-07 11:20:19 - [TEST_STEP][PASSED] - Statement - TodayDate = new java.util.Date(): null

2018-12-07 11:20:19 - [TEST_STEP][PASSED] - Statement - CurrentDateNoFilter = new java.text.SimpleDateFormat(): null

2018-12-07 11:20:19 - [TEST_STEP][PASSED] - Statement - CurrentDateNoFilter.applyPattern("MM"): null

2018-12-07 11:20:19 - [TEST_STEP][PASSED] - Statement - monthContainerMatcher = java.lang.Integer.parseInt(CurrentDateNoFilter.format(TodayDate)): null

2018-12-07 11:20:19 - [TEST_STEP][PASSED] - Statement - monthContainerMatcher = monthContainerMatcher - 1: null

2018-12-07 11:20:19 - [TEST_STEP][PASSED] - Statement - CurrentMonth = monthContainerMatcher.toString(): null

2018-12-07 11:20:19 - [TEST_STEP][PASSED] - Statement - CurrentMonth = CurrentMonth: null

2018-12-07 11:20:19 - [TEST_STEP][PASSED] - Statement - CurrentDateNoFilter.applyPattern("yyyy"): null

2018-12-07 11:20:19 - [TEST_STEP][PASSED] - Statement - CurrentYear = CurrentDateNoFilter.format(TodayDate): null

2018-12-07 11:20:19 - [TEST_STEP][PASSED] - Statement - CurrentYear = CurrentYear: null

2018-12-07 11:20:19 - [TEST_STEP][PASSED] - Statement - intCurrentYear = java.lang.Integer.parseInt(CurrentDateNoFilter.format(TodayDate)): null

2018-12-07 11:20:19 - [TEST_STEP][PASSED] - Statement - eighteenYrsAgo = intCurrentYear - 18: null

2018-12-07 11:20:19 - [TEST_STEP][PASSED] - Statement - eighteenYrsBeforeThisYr = eighteenYrsAgo.toString(): null

2018-12-07 11:20:19 - [TEST_STEP][PASSED] - Statement - EighteenYrsBefore = eighteenYrsBeforeThisYr: null

2018-12-07 11:20:19 - [TEST_STEP][PASSED] - Statement - fiftysevenYrsAgo = intCurrentYear - 57: null

2018-12-07 11:20:19 - [TEST_STEP][PASSED] - Statement - fiftysevenYrsBeforeThisYr = fiftysevenYrsAgo.toString(): null

2018-12-07 11:20:19 - [TEST_STEP][PASSED] - Statement - FiftysevenYrsBefore = fiftysevenYrsBeforeThisYr: null

2018-12-07 11:20:19 - [TEST_STEP][PASSED] - Statement - leapYear = false: null

2018-12-07 11:20:19 - [TEST_STEP][PASSED] - Statement - leapYear = intCurrentYear % 4 == 0: null

2018-12-07 11:20:19 - [TEST_STEP][PASSED] - Statement - CurrentDateNoFilter.applyPattern("dd"): null

2018-12-07 11:20:19 - [TEST_STEP][PASSED] - Statement - CurrentDate = CurrentDateNoFilter.format(TodayDate): null

2018-12-07 11:20:19 - [TEST_STEP][PASSED] - Statement - CurrentDate = java.lang.Integer.parseInt(CurrentDate): null

2018-12-07 11:20:19 - [TEST_STEP][PASSED] - Statement - CurrentDate = CurrentDate: null

2018-12-07 11:20:19 - [TEST_STEP][PASSED] - Statement - CurrentDay = java.lang.Integer.parseInt(CurrentDate): null

2018-12-07 11:20:19 - [TEST_STEP][PASSED] - Statement - ConfAdder = <not implemented yet for class: org.codehaus.groovy.ast.expr.EmptyExpression>: null

2018-12-07 11:20:19 - [TEST_STEP][PASSED] - Statement - out.println(CurrentMonth): null

2018-12-07 11:20:19 - [TEST_STEP][PASSED] - Statement - out.println(CurrentDate): null

2018-12-07 11:20:19 - [TEST_STEP][PASSED] - Statement - switch (CurrentDate): null

2018-12-07 11:20:19 - [TEST_STEP][PASSED] - Statement - Default: null

2018-12-07 11:20:19 - [TEST_STEP][PASSED] - Statement - ConfAdder = true: null

2018-12-07 11:20:19 - [TEST_STEP][PASSED] - Statement - Break: null

2018-12-07 11:20:19 - [TEST_STEP][PASSED] - Statement - aDayBefore = <not implemented yet for class: org.codehaus.groovy.ast.expr.EmptyExpression>: null

2018-12-07 11:20:19 - [TEST_STEP][PASSED] - Statement - out.println(ConfAdder): null

2018-12-07 11:20:19 - [TEST_STEP][PASSED] - Statement - If (ConfAdder == true): null

2018-12-07 11:20:19 - [TEST_STEP][PASSED] - Statement - aDayBefore = CurrentDay + 1: null

2018-12-07 11:20:19 - [TEST_STEP][PASSED] - Statement - out.println(aDayBefore): null

2018-12-07 11:20:19 - [TEST_STEP][PASSED] - Statement - If (aDayBefore == 1 && CurrentMonth == 11): null

2018-12-07 11:20:19 - [TEST_STEP][PASSED] - Statement - DayBefore = aDayBefore.toString(): null

2018-12-07 11:20:19 - [TEST_STEP][PASSED] - Statement - OneDayBefore = DayBefore: null

2018-12-07 11:20:19 - [MESSAGE][PASSED] - Call Test Case 'Test Cases/Final Aug 2018 - PKS Automation/Registration Module/New Registration/Form 2/Date Updater' successfully

2018-12-07 11:20:19 - [TEST_STEP][PASSED] - delay: Delayed 2 second(s)

2018-12-07 11:20:21 - [MESSAGE][PASSED] - Delayed 2 second(s)

2018-12-07 11:20:21 - [TEST_STEP][PASSED] - setText: Text 'klotc2@gmail.com' is set on object 'Object Repository/Final Object Repo/Page_Update Add New Employee - ASSIST/Email TextBox'

2018-12-07 11:20:22 - [MESSAGE][PASSED] - Text 'klotc2@gmail.com' is set on object 'Object Repository/Final Object Repo/Page_Update Add New Employee - ASSIST/Email TextBox'

2018-12-07 11:20:22 - [TEST_STEP][PASSED] - click: Object: 'Object Repository/Final Object Repo/Page_Update Add New Employee - ASSIST/Next Button' is clicked on

2018-12-07 11:20:22 - [MESSAGE][PASSED] - Object: 'Object Repository/Final Object Repo/Page_Update Add New Employee - ASSIST/Next Button' is clicked on

2018-12-07 11:20:22 - [TEST_STEP][PASSED] - delay: Delayed 2 second(s)

2018-12-07 11:20:24 - [MESSAGE][PASSED] - Delayed 2 second(s)

2018-12-07 11:20:24 - [TEST_STEP][PASSED] - setText: Text 'Test1@3456789' is set on object 'Object Repository/Final Object Repo/Page_Update Add New Employee - ASSIST/Password TextBox'

2018-12-07 11:20:24 - [MESSAGE][PASSED] - Text 'Test1@3456789' is set on object 'Object Repository/Final Object Repo/Page_Update Add New Employee - ASSIST/Password TextBox'

2018-12-07 11:20:24 - [TEST_STEP][PASSED] - delay: Delayed 2 second(s)

2018-12-07 11:20:26 - [MESSAGE][PASSED] - Delayed 2 second(s)

2018-12-07 11:20:26 - [TEST_STEP][PASSED] - click: Object: 'Object Repository/Final Object Repo/Page_Update Add New Employee - ASSIST/Login Button' is clicked on

2018-12-07 11:20:26 - [MESSAGE][PASSED] - Object: 'Object Repository/Final Object Repo/Page_Update Add New Employee - ASSIST/Login Button' is clicked on

2018-12-07 11:20:26 - [TEST_STEP][PASSED] - delay: Delayed 4 second(s)

2018-12-07 11:20:30 - [MESSAGE][PASSED] - Delayed 4 second(s)

2018-12-07 11:20:30 - [TEST_STEP][PASSED] - Statement - Try: Delayed 2 second(s)

2018-12-07 11:20:30 - [TEST_STEP][PASSED] - Statement - Checker = false: null

2018-12-07 11:20:30 - [TEST_STEP][PASSED] - Statement - Checker = com.kms.katalon.core.webui.keyword.WebUiBuiltInKeywords.verifyElementHasAttribute(com.kms.katalon.core.testobject.ObjectRepository.findTestObject(Final Object Repo/Landing Page/BM Detecting), "href", 20, OPTIONAL): Object 'Object Repository/Final Object Repo/Landing Page/BM Detecting' has attribute 'href'

2018-12-07 11:20:30 - [MESSAGE][PASSED] - Object 'Object Repository/Final Object Repo/Landing Page/BM Detecting' has attribute 'href'

2018-12-07 11:20:30 - [TEST_STEP][PASSED] - Statement - out.println(Checker): null

2018-12-07 11:20:30 - [TEST_STEP][PASSED] - Statement - If (Checker == false): null

2018-12-07 11:20:30 - [TEST_STEP][PASSED] - Statement - Else: null

2018-12-07 11:20:30 - [TEST_STEP][PASSED] - delay: Delayed 2 second(s)

2018-12-07 11:20:32 - [MESSAGE][PASSED] - Delayed 2 second(s)

2018-12-07 11:20:32 - [TEST_STEP][PASSED] - delay: Delayed 4 second(s)

2018-12-07 11:20:36 - [MESSAGE][PASSED] - Delayed 4 second(s)

2018-12-07 11:20:36 - [TEST_STEP][PASSED] - click: Object: 'Object Repository/Final Object Repo/Page_Update Add New Employee - ASSIST/My Sites Drop Down' is clicked on

2018-12-07 11:20:36 - [MESSAGE][PASSED] - Object: 'Object Repository/Final Object Repo/Page_Update Add New Employee - ASSIST/My Sites Drop Down' is clicked on

2018-12-07 11:20:36 - [TEST_STEP][PASSED] - click: Object: 'Object Repository/Final Object Repo/Page_Update Add New Employee - ASSIST/Select to Registration Module' is clicked on

2018-12-07 11:20:38 - [MESSAGE][PASSED] - Object: 'Object Repository/Final Object Repo/Page_Update Add New Employee - ASSIST/Select to Registration Module' is clicked on

2018-12-07 11:20:38 - [TEST_STEP][PASSED] - navigateToUrl: Navigate to 'https://assist2-uat.perkeso.gov.my/web/registration/myassist' successfully

2018-12-07 11:20:38 - [MESSAGE][PASSED] - Navigate to 'https://assist2-uat.perkeso.gov.my/web/registration/myassist' successfully

2018-12-07 11:20:38 - [TEST_STEP][PASSED] - mouseOver: Object: 'Object Repository/Final Object Repo/Page_Update Add New Employee - ASSIST/Select to Update Akta 4 Tab' is hovered

2018-12-07 11:20:38 - [MESSAGE][PASSED] - Object: 'Object Repository/Final Object Repo/Page_Update Add New Employee - ASSIST/Select to Update Akta 4 Tab' is hovered

2018-12-07 11:20:38 - [TEST_STEP][PASSED] - delay: Delayed 2 second(s)

2018-12-07 11:20:40 - [MESSAGE][PASSED] - Delayed 2 second(s)

2018-12-07 11:20:40 - [TEST_STEP][PASSED] - click: Object: 'Object Repository/Final Object Repo/Page_Update Add New Employee - ASSIST/Select to Update Add New Employee' is clicked on

2018-12-07 11:20:41 - [MESSAGE][PASSED] - Object: 'Object Repository/Final Object Repo/Page_Update Add New Employee - ASSIST/Select to Update Add New Employee' is clicked on

2018-12-07 11:20:41 - [TEST_STEP][PASSED] - delay: Delayed 2 second(s)

2018-12-07 11:20:43 - [MESSAGE][PASSED] - Delayed 2 second(s)

2018-12-07 11:20:43 - [TEST_STEP][PASSED] - setText: Text 'E1102070669V' is set on object 'Object Repository/Final Object Repo/Page_Update Add New Employee - ASSIST/Employer Code input textbox'

2018-12-07 11:20:43 - [MESSAGE][PASSED] - Text 'E1102070669V' is set on object 'Object Repository/Final Object Repo/Page_Update Add New Employee - ASSIST/Employer Code input textbox'

2018-12-07 11:20:43 - [TEST_STEP][PASSED] - delay: Delayed 2 second(s)

2018-12-07 11:20:45 - [MESSAGE][PASSED] - Delayed 2 second(s)

2018-12-07 11:20:45 - [TEST_STEP][PASSED] - click: Object: 'Object Repository/Final Object Repo/Page_Update Add New Employee - ASSIST/Search Button for Employer Code' is clicked on

2018-12-07 11:20:45 - [MESSAGE][PASSED] - Object: 'Object Repository/Final Object Repo/Page_Update Add New Employee - ASSIST/Search Button for Employer Code' is clicked on

2018-12-07 11:20:45 - [TEST_STEP][PASSED] - delay: Delayed 4 second(s)

2018-12-07 11:20:49 - [MESSAGE][PASSED] - Delayed 4 second(s)

2018-12-07 11:20:49 - [TEST_STEP][PASSED] - click: Object: 'Object Repository/Final Object Repo/Page_Update Add New Employee - ASSIST/Click to Edit Case' is clicked on

2018-12-07 11:20:52 - [MESSAGE][PASSED] - Object: 'Object Repository/Final Object Repo/Page_Update Add New Employee - ASSIST/Click to Edit Case' is clicked on

2018-12-07 11:20:52 - [TEST_STEP][PASSED] - callTestCase: Call Test Case 'Test Cases/Final Aug 2018 - PKS Automation/Registration Module/Workflow/Update Add New Employee/Template/Employee Adding/Employee Set Decider' successfully

2018-12-07 11:20:52 - [TEST_CASE][PASSED] - Test Cases/Final Aug 2018 - PKS Automation/Registration Module/Workflow/Update Add New Employee/Template/Employee Adding/Employee Set Decider: Test Cases/Final Aug 2018 - PKS Automation/Registration Module/Workflow/Update Add New Employee/Template/Employee Adding/Employee Set Decider

2018-12-07 11:20:52 - [TEST_STEP][PASSED] - delay: Delayed 4 second(s)

2018-12-07 11:20:56 - [MESSAGE][PASSED] - Delayed 4 second(s)

2018-12-07 11:20:56 - [TEST_STEP][PASSED] - click: Object: 'Object Repository/Final Object Repo/Page_Update Add New Employee - ASSIST/Add Employee Button' is clicked on

2018-12-07 11:20:56 - [MESSAGE][PASSED] - Object: 'Object Repository/Final Object Repo/Page_Update Add New Employee - ASSIST/Add Employee Button' is clicked on

2018-12-07 11:20:56 - [TEST_STEP][PASSED] - delay: Delayed 3 second(s)

2018-12-07 11:20:59 - [MESSAGE][PASSED] - Delayed 3 second(s)

2018-12-07 11:20:59 - [TEST_STEP][PASSED] - setText: Text '010903091920' is set on object 'Object Repository/Final Object Repo/Page_Update Add New Employee - ASSIST/NRIC Input'

2018-12-07 11:21:00 - [MESSAGE][PASSED] - Text '010903091920' is set on object 'Object Repository/Final Object Repo/Page_Update Add New Employee - ASSIST/NRIC Input'

2018-12-07 11:21:00 - [TEST_STEP][PASSED] - click: Object: 'Object Repository/Final Object Repo/Page_Update Add New Employee - ASSIST/button for search for IC' is clicked on

2018-12-07 11:21:00 - [MESSAGE][PASSED] - Object: 'Object Repository/Final Object Repo/Page_Update Add New Employee - ASSIST/button for search for IC' is clicked on

2018-12-07 11:21:00 - [TEST_STEP][PASSED] - delay: Delayed 2 second(s)

2018-12-07 11:21:02 - [MESSAGE][PASSED] - Delayed 2 second(s)

2018-12-07 11:21:02 - [TEST_STEP][PASSED] - sendKeys: Keys 'CONTROL + a' sent to object: 'Object Repository/Final Object Repo/Page_Update Add New Employee - ASSIST/Employee Name Input'

2018-12-07 11:21:02 - [MESSAGE][PASSED] - Keys 'CONTROL + a' sent to object: 'Object Repository/Final Object Repo/Page_Update Add New Employee - ASSIST/Employee Name Input'

2018-12-07 11:21:02 - [TEST_STEP][PASSED] - sendKeys: Keys 'CONTROL + c' sent to object: 'Object Repository/Final Object Repo/Page_Update Add New Employee - ASSIST/Employee Name Input'

2018-12-07 11:21:02 - [MESSAGE][PASSED] - Keys 'CONTROL + c' sent to object: 'Object Repository/Final Object Repo/Page_Update Add New Employee - ASSIST/Employee Name Input'

2018-12-07 11:21:02 - [TEST_STEP][PASSED] - Statement - toolkit = java.awt.Toolkit.getDefaultToolkit(): null

2018-12-07 11:21:02 - [TEST_STEP][PASSED] - Statement - clipboard = toolkit.getSystemClipboard(): null

2018-12-07 11:21:02 - [TEST_STEP][PASSED] - Statement - CurrentName = clipboard.getData(stringFlavor): null

2018-12-07 11:21:02 - [TEST_STEP][PASSED] - Statement - out.println("String from Clipboard:" + CurrentName): null

2018-12-07 11:21:02 - [TEST_STEP][PASSED] - Statement - If (CurrentName == "AUTOMATE002 ELIGIBLE 1"): null

2018-12-07 11:21:02 - [TEST_STEP][PASSED] - Statement - Else If (CurrentName == "AUTOMATE003 ELIGIBLE 1"): Call Test Case 'Test Cases/Final Aug 2018 - PKS Automation/Registration Module/Workflow/Update Add New Employee/Template/Employee Adding/Employee Adding Action Repeat IC - set 2' successfully

2018-12-07 11:21:02 - [TEST_STEP][PASSED] - callTestCase: Call Test Case 'Test Cases/Final Aug 2018 - PKS Automation/Registration Module/Workflow/Update Add New Employee/Template/Employee Adding/Employee Adding Action Repeat IC - set 2' successfully

2018-12-07 11:21:02 - [TEST_CASE][PASSED] - Test Cases/Final Aug 2018 - PKS Automation/Registration Module/Workflow/Update Add New Employee/Template/Employee Adding/Employee Adding Action Repeat IC - set 2: Test Cases/Final Aug 2018 - PKS Automation/Registration Module/Workflow/Update Add New Employee/Template/Employee Adding/Employee Adding Action Repeat IC - set 2

2018-12-07 11:21:02 - [TEST_STEP][PASSED] - setText: Text 'Automate002 eligible 1' is set on object 'Object Repository/Final Object Repo/Page_Update Add New Employee - ASSIST/Employee Name Input'

2018-12-07 11:21:03 - [MESSAGE][PASSED] - Text 'Automate002 eligible 1' is set on object 'Object Repository/Final Object Repo/Page_Update Add New Employee - ASSIST/Employee Name Input'

2018-12-07 11:21:03 - [TEST_STEP][PASSED] - delay: Delayed 2 second(s)

2018-12-07 11:21:05 - [MESSAGE][PASSED] - Delayed 2 second(s)

2018-12-07 11:21:05 - [TEST_STEP][PASSED] - click: Object: 'Object Repository/Final Object Repo/Page_Update Add New Employee - ASSIST/DatePicker Pop Up' is clicked on

2018-12-07 11:21:05 - [MESSAGE][PASSED] - Object: 'Object Repository/Final Object Repo/Page_Update Add New Employee - ASSIST/DatePicker Pop Up' is clicked on

2018-12-07 11:21:05 - [TEST_STEP][PASSED] - click: Object: 'Object Repository/Final Object Repo/Page_Update Add New Employee - ASSIST/DOB Month' is clicked on

2018-12-07 11:21:05 - [MESSAGE][PASSED] - Object: 'Object Repository/Final Object Repo/Page_Update Add New Employee - ASSIST/DOB Month' is clicked on

2018-12-07 11:21:05 - [TEST_STEP][PASSED] - Statement - CurrentMonth = CurrentMonth: null

2018-12-07 11:21:05 - [TEST_STEP][PASSED] - Statement - selectMonth = new com.kms.katalon.core.testobject.TestObject(): null

2018-12-07 11:21:05 - [TEST_STEP][PASSED] - Statement - selectMonth.addProperty("xpath", EQUALS, "//body/div/div/div/select/option[@value='" + CurrentMonth + "']", true): null

2018-12-07 11:21:05 - [TEST_STEP][PASSED] - click: Object: '' is clicked on

2018-12-07 11:21:05 - [MESSAGE][PASSED] - Object: '' is clicked on

2018-12-07 11:21:05 - [TEST_STEP][PASSED] - click: Object: 'Object Repository/Final Object Repo/Page_Update Add New Employee - ASSIST/DOB Year' is clicked on

2018-12-07 11:21:05 - [MESSAGE][PASSED] - Object: 'Object Repository/Final Object Repo/Page_Update Add New Employee - ASSIST/DOB Year' is clicked on

2018-12-07 11:21:05 - [TEST_STEP][PASSED] - Statement - Eyearsbf = EighteenYrsBefore: null

2018-12-07 11:21:05 - [TEST_STEP][PASSED] - Statement - selectYear = new com.kms.katalon.core.testobject.TestObject(): null

2018-12-07 11:21:05 - [TEST_STEP][PASSED] - Statement - selectYear.addProperty("xpath", EQUALS, "//div/div/div/select/option[@value='" + Eyearsbf + "']", true): null

2018-12-07 11:21:05 - [TEST_STEP][PASSED] - click: Object: '' is clicked on

2018-12-07 11:21:05 - [MESSAGE][PASSED] - Object: '' is clicked on

2018-12-07 11:21:05 - [TEST_STEP][PASSED] - Statement - UpdatedSelectDate = com.kms.katalon.core.webui.keyword.WebUiBuiltInKeywords.modifyObjectProperty(com.kms.katalon.core.testobject.ObjectRepository.findTestObject(Final Object Repo/Page_Update Add New Employee - ASSIST/DOB Date), "xpath", "equals", "//body/div/table/tbody/tr/td/a[text()="" + CurrentDate + ""]", true): Modify property of object successfully

2018-12-07 11:21:05 - [MESSAGE][PASSED] - Modify property of object successfully

2018-12-07 11:21:05 - [TEST_STEP][PASSED] - delay: Delayed 3 second(s)

2018-12-07 11:21:08 - [MESSAGE][PASSED] - Delayed 3 second(s)

2018-12-07 11:21:08 - [TEST_STEP][PASSED] - click: Object: 'Object Repository/Final Object Repo/Page_Update Add New Employee - ASSIST/DOB Date' is clicked on

2018-12-07 11:21:09 - [MESSAGE][PASSED] - Object: 'Object Repository/Final Object Repo/Page_Update Add New Employee - ASSIST/DOB Date' is clicked on

2018-12-07 11:21:09 - [TEST_STEP][PASSED] - delay: Delayed 2 second(s)

2018-12-07 11:21:11 - [MESSAGE][PASSED] - Delayed 2 second(s)

2018-12-07 11:21:11 - [TEST_STEP][PASSED] - click: Object: 'Object Repository/Final Object Repo/Page_Update Add New Employee - ASSIST/EmploymentStartDate Pop Up' is clicked on

2018-12-07 11:21:11 - [MESSAGE][PASSED] - Object: 'Object Repository/Final Object Repo/Page_Update Add New Employee - ASSIST/EmploymentStartDate Pop Up' is clicked on

2018-12-07 11:21:11 - [TEST_STEP][PASSED] - delay: Delayed 2 second(s)

2018-12-07 11:21:13 - [MESSAGE][PASSED] - Delayed 2 second(s)

2018-12-07 11:21:13 - [TEST_STEP][PASSED] - click: Object: 'Object Repository/Final Object Repo/Page_Update Add New Employee - ASSIST/Socso Employment StartDate Month' is clicked on

2018-12-07 11:21:13 - [MESSAGE][PASSED] - Object: 'Object Repository/Final Object Repo/Page_Update Add New Employee - ASSIST/Socso Employment StartDate Month' is clicked on

2018-12-07 11:21:13 - [TEST_STEP][PASSED] - delay: Delayed 1 second(s)

2018-12-07 11:21:14 - [MESSAGE][PASSED] - Delayed 1 second(s)

2018-12-07 11:21:14 - [TEST_STEP][PASSED] - click: Object: 'Object Repository/Final Object Repo/Page_Update Add New Employee - ASSIST/Select Socso Employement Startdate Month' is clicked on

2018-12-07 11:21:14 - [MESSAGE][PASSED] - Object: 'Object Repository/Final Object Repo/Page_Update Add New Employee - ASSIST/Select Socso Employement Startdate Month' is clicked on

2018-12-07 11:21:14 - [TEST_STEP][PASSED] - delay: Delayed 2 second(s)

2018-12-07 11:21:16 - [MESSAGE][PASSED] - Delayed 2 second(s)

2018-12-07 11:21:16 - [TEST_STEP][PASSED] - click: Object: 'Object Repository/Final Object Repo/Page_Update Add New Employee - ASSIST/Socso Employment StartDate Year' is clicked on

2018-12-07 11:21:16 - [MESSAGE][PASSED] - Object: 'Object Repository/Final Object Repo/Page_Update Add New Employee - ASSIST/Socso Employment StartDate Year' is clicked on

2018-12-07 11:21:16 - [TEST_STEP][PASSED] - delay: Delayed 1 second(s)

2018-12-07 11:21:17 - [MESSAGE][PASSED] - Delayed 1 second(s)

2018-12-07 11:21:17 - [TEST_STEP][PASSED] - click: Object: 'Object Repository/Final Object Repo/Page_Update Add New Employee - ASSIST/Select Socso Employment Startdate Year' is clicked on

2018-12-07 11:21:18 - [MESSAGE][PASSED] - Object: 'Object Repository/Final Object Repo/Page_Update Add New Employee - ASSIST/Select Socso Employment Startdate Year' is clicked on

2018-12-07 11:21:18 - [TEST_STEP][PASSED] - delay: Delayed 2 second(s)

2018-12-07 11:21:20 - [MESSAGE][PASSED] - Delayed 2 second(s)

2018-12-07 11:21:20 - [TEST_STEP][PASSED] - click: Object: 'Object Repository/Final Object Repo/Page_Update Add New Employee - ASSIST/Socso Employment Start Date Day' is clicked on

2018-12-07 11:21:20 - [MESSAGE][PASSED] - Object: 'Object Repository/Final Object Repo/Page_Update Add New Employee - ASSIST/Socso Employment Start Date Day' is clicked on

2018-12-07 11:21:20 - [TEST_STEP][PASSED] - delay: Delayed 2 second(s)

2018-12-07 11:21:22 - [MESSAGE][PASSED] - Delayed 2 second(s)

2018-12-07 11:21:22 - [TEST_STEP][PASSED] - click: Object: 'Object Repository/Final Object Repo/Page_Update Add New Employee - ASSIST/Save Button for Add Employee' is clicked on

2018-12-07 11:21:22 - [MESSAGE][PASSED] - Object: 'Object Repository/Final Object Repo/Page_Update Add New Employee - ASSIST/Save Button for Add Employee' is clicked on

2018-12-07 11:21:22 - [TEST_STEP][PASSED] - delay: Delayed 10 second(s)

2018-12-07 11:21:32 - [MESSAGE][PASSED] - Delayed 10 second(s)

2018-12-07 11:21:32 - [TEST_STEP][PASSED] - click: Object: 'Object Repository/Final Object Repo/Page_Update Add New Employee - ASSIST/Add Employee Button' is clicked on

2018-12-07 11:21:32 - [MESSAGE][PASSED] - Object: 'Object Repository/Final Object Repo/Page_Update Add New Employee - ASSIST/Add Employee Button' is clicked on

2018-12-07 11:21:32 - [TEST_STEP][PASSED] - delay: Delayed 6 second(s)

2018-12-07 11:21:38 - [MESSAGE][PASSED] - Delayed 6 second(s)

2018-12-07 11:21:38 - [TEST_STEP][PASSED] - setText: Text '620904059600' is set on object 'Object Repository/Final Object Repo/Page_Update Add New Employee - ASSIST/NRIC Input'

2018-12-07 11:21:39 - [MESSAGE][PASSED] - Text '620904059600' is set on object 'Object Repository/Final Object Repo/Page_Update Add New Employee - ASSIST/NRIC Input'

2018-12-07 11:21:39 - [TEST_STEP][PASSED] - click: Object: 'Object Repository/Final Object Repo/Page_Update Add New Employee - ASSIST/button for search for IC' is clicked on

2018-12-07 11:21:39 - [MESSAGE][PASSED] - Object: 'Object Repository/Final Object Repo/Page_Update Add New Employee - ASSIST/button for search for IC' is clicked on

2018-12-07 11:21:39 - [TEST_STEP][PASSED] - delay: Delayed 2 second(s)

2018-12-07 11:21:41 - [MESSAGE][PASSED] - Delayed 2 second(s)

2018-12-07 11:21:41 - [TEST_STEP][PASSED] - setText: Text 'Automate002 eligible 2' is set on object 'Object Repository/Final Object Repo/Page_Update Add New Employee - ASSIST/Employee Name Input'

2018-12-07 11:21:41 - [MESSAGE][PASSED] - Text 'Automate002 eligible 2' is set on object 'Object Repository/Final Object Repo/Page_Update Add New Employee - ASSIST/Employee Name Input'

2018-12-07 11:21:41 - [TEST_STEP][PASSED] - delay: Delayed 2 second(s)

2018-12-07 11:21:43 - [MESSAGE][PASSED] - Delayed 2 second(s)

2018-12-07 11:21:43 - [TEST_STEP][PASSED] - click: Object: 'Object Repository/Final Object Repo/Page_Update Add New Employee - ASSIST/DatePicker Pop Up' is clicked on

2018-12-07 11:21:44 - [MESSAGE][PASSED] - Object: 'Object Repository/Final Object Repo/Page_Update Add New Employee - ASSIST/DatePicker Pop Up' is clicked on

2018-12-07 11:21:44 - [TEST_STEP][PASSED] - delay: Delayed 2 second(s)

2018-12-07 11:21:46 - [MESSAGE][PASSED] - Delayed 2 second(s)

2018-12-07 11:21:46 - [TEST_STEP][PASSED] - click: Object: 'Object Repository/Final Object Repo/Page_Update Add New Employee - ASSIST/DOB Month' is clicked on

2018-12-07 11:21:46 - [MESSAGE][PASSED] - Object: 'Object Repository/Final Object Repo/Page_Update Add New Employee - ASSIST/DOB Month' is clicked on

2018-12-07 11:21:46 - [TEST_STEP][PASSED] - Statement - selectMonth = com.kms.katalon.core.webui.keyword.WebUiBuiltInKeywords.modifyObjectProperty(selectMonth, "xpath", "equals", "//body/div/div/div/select/option[@value="" + CurrentMonth + ""]", true): Modify property of object successfully

2018-12-07 11:21:46 - [MESSAGE][PASSED] - Modify property of object successfully

2018-12-07 11:21:46 - [TEST_STEP][PASSED] - click: Object: '' is clicked on

2018-12-07 11:21:46 - [MESSAGE][PASSED] - Object: '' is clicked on

2018-12-07 11:21:46 - [TEST_STEP][PASSED] - click: Object: 'Object Repository/Final Object Repo/Page_Update Add New Employee - ASSIST/DOB Year' is clicked on

2018-12-07 11:21:46 - [MESSAGE][PASSED] - Object: 'Object Repository/Final Object Repo/Page_Update Add New Employee - ASSIST/DOB Year' is clicked on

2018-12-07 11:21:46 - [TEST_STEP][PASSED] - Statement - selectYear = com.kms.katalon.core.webui.keyword.WebUiBuiltInKeywords.modifyObjectProperty(selectYear, "xpath", "equals", "//div/div/div/select/option[@value="" + FiftysevenYrsBefore + ""]", true): Modify property of object successfully

2018-12-07 11:21:46 - [MESSAGE][PASSED] - Modify property of object successfully

2018-12-07 11:21:46 - [TEST_STEP][PASSED] - click: Object: '' is clicked on

2018-12-07 11:21:46 - [MESSAGE][PASSED] - Object: '' is clicked on

2018-12-07 11:21:46 - [TEST_STEP][PASSED] - Statement - UpdatedSelectDate = com.kms.katalon.core.webui.keyword.WebUiBuiltInKeywords.modifyObjectProperty(com.kms.katalon.core.testobject.ObjectRepository.findTestObject(Final Object Repo/Page_Update Add New Employee - ASSIST/DOB Date), "xpath", "equals", "//body/div/table/tbody/tr/td/a[text()="" + OneDayBefore + ""]", true): Modify property of object successfully

2018-12-07 11:21:46 - [MESSAGE][PASSED] - Modify property of object successfully

2018-12-07 11:21:46 - [TEST_STEP][PASSED] - click: Object: 'Object Repository/Final Object Repo/Page_Update Add New Employee - ASSIST/DOB Date' is clicked on

2018-12-07 11:21:47 - [MESSAGE][PASSED] - Object: 'Object Repository/Final Object Repo/Page_Update Add New Employee - ASSIST/DOB Date' is clicked on

2018-12-07 11:21:47 - [TEST_STEP][PASSED] - delay: Delayed 2 second(s)

2018-12-07 11:21:49 - [MESSAGE][PASSED] - Delayed 2 second(s)

2018-12-07 11:21:49 - [TEST_STEP][PASSED] - click: Object: 'Object Repository/Final Object Repo/Page_Update Add New Employee - ASSIST/EmploymentStartDate Pop Up' is clicked on

2018-12-07 11:21:49 - [MESSAGE][PASSED] - Object: 'Object Repository/Final Object Repo/Page_Update Add New Employee - ASSIST/EmploymentStartDate Pop Up' is clicked on

2018-12-07 11:21:49 - [TEST_STEP][PASSED] - delay: Delayed 2 second(s)

2018-12-07 11:21:51 - [MESSAGE][PASSED] - Delayed 2 second(s)

2018-12-07 11:21:51 - [TEST_STEP][PASSED] - click: Object: 'Object Repository/Final Object Repo/Page_Update Add New Employee - ASSIST/Socso Employment StartDate Month' is clicked on

2018-12-07 11:21:51 - [MESSAGE][PASSED] - Object: 'Object Repository/Final Object Repo/Page_Update Add New Employee - ASSIST/Socso Employment StartDate Month' is clicked on

2018-12-07 11:21:51 - [TEST_STEP][PASSED] - delay: Delayed 1 second(s)

2018-12-07 11:21:52 - [MESSAGE][PASSED] - Delayed 1 second(s)

2018-12-07 11:21:52 - [TEST_STEP][PASSED] - click: Object: 'Object Repository/Final Object Repo/Page_Update Add New Employee - ASSIST/Select Socso Employement Startdate Month' is clicked on

2018-12-07 11:21:52 - [MESSAGE][PASSED] - Object: 'Object Repository/Final Object Repo/Page_Update Add New Employee - ASSIST/Select Socso Employement Startdate Month' is clicked on

2018-12-07 11:21:52 - [TEST_STEP][PASSED] - delay: Delayed 2 second(s)

2018-12-07 11:21:54 - [MESSAGE][PASSED] - Delayed 2 second(s)

2018-12-07 11:21:54 - [TEST_STEP][PASSED] - click: Object: 'Object Repository/Final Object Repo/Page_Update Add New Employee - ASSIST/Socso Employment StartDate Year' is clicked on

2018-12-07 11:21:54 - [MESSAGE][PASSED] - Object: 'Object Repository/Final Object Repo/Page_Update Add New Employee - ASSIST/Socso Employment StartDate Year' is clicked on

2018-12-07 11:21:54 - [TEST_STEP][PASSED] - delay: Delayed 1 second(s)

2018-12-07 11:21:55 - [MESSAGE][PASSED] - Delayed 1 second(s)

2018-12-07 11:21:55 - [TEST_STEP][PASSED] - click: Object: 'Object Repository/Final Object Repo/Page_Update Add New Employee - ASSIST/Select Socso Employment Startdate Year' is clicked on

2018-12-07 11:21:55 - [MESSAGE][PASSED] - Object: 'Object Repository/Final Object Repo/Page_Update Add New Employee - ASSIST/Select Socso Employment Startdate Year' is clicked on

2018-12-07 11:21:55 - [TEST_STEP][PASSED] - delay: Delayed 2 second(s)

2018-12-07 11:21:57 - [MESSAGE][PASSED] - Delayed 2 second(s)

2018-12-07 11:21:57 - [TEST_STEP][PASSED] - click: Object: 'Object Repository/Final Object Repo/Page_Update Add New Employee - ASSIST/Socso Employment Start Date Day' is clicked on

2018-12-07 11:21:58 - [MESSAGE][PASSED] - Object: 'Object Repository/Final Object Repo/Page_Update Add New Employee - ASSIST/Socso Employment Start Date Day' is clicked on

2018-12-07 11:21:58 - [TEST_STEP][PASSED] - delay: Delayed 2 second(s)

2018-12-07 11:22:00 - [MESSAGE][PASSED] - Delayed 2 second(s)

2018-12-07 11:22:00 - [TEST_STEP][PASSED] - click: Object: 'Object Repository/Final Object Repo/Page_Update Add New Employee - ASSIST/Save Button for Add Employee' is clicked on

2018-12-07 11:22:00 - [MESSAGE][PASSED] - Object: 'Object Repository/Final Object Repo/Page_Update Add New Employee - ASSIST/Save Button for Add Employee' is clicked on

2018-12-07 11:22:00 - [TEST_STEP][PASSED] - delay: Delayed 5 second(s)

2018-12-07 11:22:05 - [MESSAGE][PASSED] - Delayed 5 second(s)

2018-12-07 11:22:05 - [TEST_STEP][PASSED] - waitForElementClickable: Object 'Object Repository/Final Object Repo/Page_Update Add New Employee - ASSIST/Add Employee Button' is clickable

2018-12-07 11:22:05 - [MESSAGE][PASSED] - Object 'Object Repository/Final Object Repo/Page_Update Add New Employee - ASSIST/Add Employee Button' is clickable

2018-12-07 11:22:05 - [TEST_STEP][PASSED] - click: Object: 'Object Repository/Final Object Repo/Page_Update Add New Employee - ASSIST/Add Employee Button' is clicked on

2018-12-07 11:22:05 - [MESSAGE][PASSED] - Object: 'Object Repository/Final Object Repo/Page_Update Add New Employee - ASSIST/Add Employee Button' is clicked on

2018-12-07 11:22:05 - [TEST_STEP][PASSED] - delay: Delayed 4 second(s)

2018-12-07 11:22:09 - [MESSAGE][PASSED] - Delayed 4 second(s)

2018-12-07 11:22:09 - [TEST_STEP][PASSED] - setText: Text '000209039100' is set on object 'Object Repository/Final Object Repo/Page_Update Add New Employee - ASSIST/NRIC Input'

2018-12-07 11:22:10 - [MESSAGE][PASSED] - Text '000209039100' is set on object 'Object Repository/Final Object Repo/Page_Update Add New Employee - ASSIST/NRIC Input'

2018-12-07 11:22:10 - [TEST_STEP][PASSED] - click: Object: 'Object Repository/Final Object Repo/Page_Update Add New Employee - ASSIST/button for search for IC' is clicked on

2018-12-07 11:22:10 - [MESSAGE][PASSED] - Object: 'Object Repository/Final Object Repo/Page_Update Add New Employee - ASSIST/button for search for IC' is clicked on

2018-12-07 11:22:10 - [TEST_STEP][PASSED] - delay: Delayed 2 second(s)

2018-12-07 11:22:12 - [MESSAGE][PASSED] - Delayed 2 second(s)

2018-12-07 11:22:12 - [TEST_STEP][PASSED] - setText: Text 'Automate002 not eligible 1' is set on object 'Object Repository/Final Object Repo/Page_Update Add New Employee - ASSIST/Employee Name Input'

2018-12-07 11:22:12 - [MESSAGE][PASSED] - Text 'Automate002 not eligible 1' is set on object 'Object Repository/Final Object Repo/Page_Update Add New Employee - ASSIST/Employee Name Input'

2018-12-07 11:22:12 - [TEST_STEP][PASSED] - delay: Delayed 2 second(s)

2018-12-07 11:22:14 - [MESSAGE][PASSED] - Delayed 2 second(s)

2018-12-07 11:22:14 - [TEST_STEP][PASSED] - click: Object: 'Object Repository/Final Object Repo/Page_Update Add New Employee - ASSIST/DatePicker Pop Up' is clicked on

2018-12-07 11:22:15 - [MESSAGE][PASSED] - Object: 'Object Repository/Final Object Repo/Page_Update Add New Employee - ASSIST/DatePicker Pop Up' is clicked on

2018-12-07 11:22:15 - [TEST_STEP][PASSED] - delay: Delayed 2 second(s)

2018-12-07 11:22:17 - [MESSAGE][PASSED] - Delayed 2 second(s)

2018-12-07 11:22:17 - [TEST_STEP][PASSED] - click: Object: 'Object Repository/Final Object Repo/Page_Update Add New Employee - ASSIST/DOB Month' is clicked on

2018-12-07 11:22:17 - [MESSAGE][PASSED] - Object: 'Object Repository/Final Object Repo/Page_Update Add New Employee - ASSIST/DOB Month' is clicked on

2018-12-07 11:22:17 - [TEST_STEP][PASSED] - Statement - selectMonth = com.kms.katalon.core.webui.keyword.WebUiBuiltInKeywords.modifyObjectProperty(selectMonth, "xpath", "equals", "//body/div/div/div/select/option[@value="" + CurrentMonth + ""]", true): Modify property of object successfully

2018-12-07 11:22:17 - [MESSAGE][PASSED] - Modify property of object successfully

2018-12-07 11:22:17 - [TEST_STEP][PASSED] - click: Object: '' is clicked on

2018-12-07 11:22:17 - [MESSAGE][PASSED] - Object: '' is clicked on

2018-12-07 11:22:17 - [TEST_STEP][PASSED] - click: Object: 'Object Repository/Final Object Repo/Page_Update Add New Employee - ASSIST/DOB Year' is clicked on

2018-12-07 11:22:17 - [MESSAGE][PASSED] - Object: 'Object Repository/Final Object Repo/Page_Update Add New Employee - ASSIST/DOB Year' is clicked on

2018-12-07 11:22:17 - [TEST_STEP][PASSED] - Statement - selectYear = com.kms.katalon.core.webui.keyword.WebUiBuiltInKeywords.modifyObjectProperty(selectYear, "xpath", "equals", "//div/div/div/select/option[@value="" + EighteenYrsBefore + ""]", true): Modify property of object successfully

2018-12-07 11:22:17 - [MESSAGE][PASSED] - Modify property of object successfully

2018-12-07 11:22:17 - [TEST_STEP][PASSED] - click: Object: '' is clicked on

2018-12-07 11:22:17 - [MESSAGE][PASSED] - Object: '' is clicked on

2018-12-07 11:22:17 - [TEST_STEP][PASSED] - Statement - UpdatedSelectDate = com.kms.katalon.core.webui.keyword.WebUiBuiltInKeywords.modifyObjectProperty(com.kms.katalon.core.testobject.ObjectRepository.findTestObject(Final Object Repo/Page_Update Add New Employee - ASSIST/DOB Date), "xpath", "equals", "//body/div/table/tbody/tr/td/a[text()="" + OneDayBefore + ""]", true): Modify property of object successfully

2018-12-07 11:22:17 - [MESSAGE][PASSED] - Modify property of object successfully

2018-12-07 11:22:17 - [TEST_STEP][PASSED] - click: Object: 'Object Repository/Final Object Repo/Page_Update Add New Employee - ASSIST/DOB Date' is clicked on

2018-12-07 11:22:17 - [MESSAGE][PASSED] - Object: 'Object Repository/Final Object Repo/Page_Update Add New Employee - ASSIST/DOB Date' is clicked on

2018-12-07 11:22:17 - [TEST_STEP][PASSED] - delay: Delayed 2 second(s)

2018-12-07 11:22:19 - [MESSAGE][PASSED] - Delayed 2 second(s)

2018-12-07 11:22:19 - [TEST_STEP][PASSED] - click: Object: 'Object Repository/Final Object Repo/Page_Update Add New Employee - ASSIST/EmploymentStartDate Pop Up' is clicked on

2018-12-07 11:22:20 - [MESSAGE][PASSED] - Object: 'Object Repository/Final Object Repo/Page_Update Add New Employee - ASSIST/EmploymentStartDate Pop Up' is clicked on

2018-12-07 11:22:20 - [TEST_STEP][PASSED] - delay: Delayed 2 second(s)

2018-12-07 11:22:22 - [MESSAGE][PASSED] - Delayed 2 second(s)

2018-12-07 11:22:22 - [TEST_STEP][PASSED] - click: Object: 'Object Repository/Final Object Repo/Page_Update Add New Employee - ASSIST/Socso Employment StartDate Month' is clicked on

2018-12-07 11:22:22 - [MESSAGE][PASSED] - Object: 'Object Repository/Final Object Repo/Page_Update Add New Employee - ASSIST/Socso Employment StartDate Month' is clicked on

2018-12-07 11:22:22 - [TEST_STEP][PASSED] - delay: Delayed 1 second(s)

2018-12-07 11:22:23 - [MESSAGE][PASSED] - Delayed 1 second(s)

2018-12-07 11:22:23 - [TEST_STEP][PASSED] - click: Object: 'Object Repository/Final Object Repo/Page_Update Add New Employee - ASSIST/Select Socso Employement Startdate Month' is clicked on

2018-12-07 11:22:23 - [MESSAGE][PASSED] - Object: 'Object Repository/Final Object Repo/Page_Update Add New Employee - ASSIST/Select Socso Employement Startdate Month' is clicked on

2018-12-07 11:22:23 - [TEST_STEP][PASSED] - delay: Delayed 2 second(s)

2018-12-07 11:22:25 - [MESSAGE][PASSED] - Delayed 2 second(s)

2018-12-07 11:22:25 - [TEST_STEP][PASSED] - click: Object: 'Object Repository/Final Object Repo/Page_Update Add New Employee - ASSIST/Socso Employment StartDate Year' is clicked on

2018-12-07 11:22:25 - [MESSAGE][PASSED] - Object: 'Object Repository/Final Object Repo/Page_Update Add New Employee - ASSIST/Socso Employment StartDate Year' is clicked on

2018-12-07 11:22:25 - [TEST_STEP][PASSED] - delay: Delayed 1 second(s)

2018-12-07 11:22:26 - [MESSAGE][PASSED] - Delayed 1 second(s)

2018-12-07 11:22:26 - [TEST_STEP][PASSED] - click: Object: 'Object Repository/Final Object Repo/Page_Update Add New Employee - ASSIST/Select Socso Employment Startdate Year' is clicked on

2018-12-07 11:22:26 - [MESSAGE][PASSED] - Object: 'Object Repository/Final Object Repo/Page_Update Add New Employee - ASSIST/Select Socso Employment Startdate Year' is clicked on

2018-12-07 11:22:26 - [TEST_STEP][PASSED] - delay: Delayed 2 second(s)

2018-12-07 11:22:28 - [MESSAGE][PASSED] - Delayed 2 second(s)

2018-12-07 11:22:28 - [TEST_STEP][PASSED] - click: Object: 'Object Repository/Final Object Repo/Page_Update Add New Employee - ASSIST/Socso Employment Start Date Day' is clicked on

2018-12-07 11:22:28 - [MESSAGE][PASSED] - Object: 'Object Repository/Final Object Repo/Page_Update Add New Employee - ASSIST/Socso Employment Start Date Day' is clicked on

2018-12-07 11:22:28 - [TEST_STEP][PASSED] - delay: Delayed 2 second(s)

2018-12-07 11:22:30 - [MESSAGE][PASSED] - Delayed 2 second(s)

2018-12-07 11:22:30 - [TEST_STEP][PASSED] - click: Object: 'Object Repository/Final Object Repo/Page_Update Add New Employee - ASSIST/Save Button for Add Employee' is clicked on

2018-12-07 11:22:31 - [MESSAGE][PASSED] - Object: 'Object Repository/Final Object Repo/Page_Update Add New Employee - ASSIST/Save Button for Add Employee' is clicked on

2018-12-07 11:22:31 - [TEST_STEP][PASSED] - delay: Delayed 20 second(s)

2018-12-07 11:22:51 - [MESSAGE][PASSED] - Delayed 20 second(s)

2018-12-07 11:22:51 - [TEST_STEP][PASSED] - click: Object: 'Object Repository/Final Object Repo/Page_Update Add New Employee - ASSIST/Add Employee Button' is clicked on

2018-12-07 11:22:51 - [MESSAGE][PASSED] - Object: 'Object Repository/Final Object Repo/Page_Update Add New Employee - ASSIST/Add Employee Button' is clicked on

2018-12-07 11:22:51 - [TEST_STEP][PASSED] - delay: Delayed 4 second(s)

2018-12-07 11:22:55 - [MESSAGE][PASSED] - Delayed 4 second(s)

2018-12-07 11:22:55 - [TEST_STEP][PASSED] - setText: Text '600203039104' is set on object 'Object Repository/Final Object Repo/Page_Update Add New Employee - ASSIST/NRIC Input'

2018-12-07 11:22:55 - [MESSAGE][PASSED] - Text '600203039104' is set on object 'Object Repository/Final Object Repo/Page_Update Add New Employee - ASSIST/NRIC Input'

2018-12-07 11:22:55 - [TEST_STEP][PASSED] - click: Object: 'Object Repository/Final Object Repo/Page_Update Add New Employee - ASSIST/button for search for IC' is clicked on

2018-12-07 11:22:56 - [MESSAGE][PASSED] - Object: 'Object Repository/Final Object Repo/Page_Update Add New Employee - ASSIST/button for search for IC' is clicked on

2018-12-07 11:22:56 - [TEST_STEP][PASSED] - delay: Delayed 2 second(s)

2018-12-07 11:22:58 - [MESSAGE][PASSED] - Delayed 2 second(s)

2018-12-07 11:22:58 - [TEST_STEP][PASSED] - setText: Text 'Automate002 not eligible 2' is set on object 'Object Repository/Final Object Repo/Page_Update Add New Employee - ASSIST/Employee Name Input'

2018-12-07 11:22:58 - [MESSAGE][PASSED] - Text 'Automate002 not eligible 2' is set on object 'Object Repository/Final Object Repo/Page_Update Add New Employee - ASSIST/Employee Name Input'

2018-12-07 11:22:58 - [TEST_STEP][PASSED] - delay: Delayed 2 second(s)

2018-12-07 11:23:00 - [MESSAGE][PASSED] - Delayed 2 second(s)

2018-12-07 11:23:00 - [TEST_STEP][PASSED] - click: Object: 'Object Repository/Final Object Repo/Page_Update Add New Employee - ASSIST/DatePicker Pop Up' is clicked on

2018-12-07 11:23:00 - [MESSAGE][PASSED] - Object: 'Object Repository/Final Object Repo/Page_Update Add New Employee - ASSIST/DatePicker Pop Up' is clicked on

2018-12-07 11:23:00 - [TEST_STEP][PASSED] - delay: Delayed 2 second(s)

2018-12-07 11:23:02 - [MESSAGE][PASSED] - Delayed 2 second(s)

2018-12-07 11:23:02 - [TEST_STEP][PASSED] - click: Object: 'Object Repository/Final Object Repo/Page_Update Add New Employee - ASSIST/DOB Month' is clicked on

2018-12-07 11:23:03 - [MESSAGE][PASSED] - Object: 'Object Repository/Final Object Repo/Page_Update Add New Employee - ASSIST/DOB Month' is clicked on

2018-12-07 11:23:03 - [TEST_STEP][PASSED] - Statement - selectMonth = com.kms.katalon.core.webui.keyword.WebUiBuiltInKeywords.modifyObjectProperty(selectMonth, "xpath", "equals", "//body/div/div/div/select/option[@value="" + CurrentMonth + ""]", true): Modify property of object successfully

2018-12-07 11:23:03 - [MESSAGE][PASSED] - Modify property of object successfully

2018-12-07 11:23:03 - [TEST_STEP][PASSED] - click: Object: '' is clicked on

2018-12-07 11:23:03 - [MESSAGE][PASSED] - Object: '' is clicked on

2018-12-07 11:23:03 - [TEST_STEP][PASSED] - click: Object: 'Object Repository/Final Object Repo/Page_Update Add New Employee - ASSIST/DOB Year' is clicked on

2018-12-07 11:23:03 - [MESSAGE][PASSED] - Object: 'Object Repository/Final Object Repo/Page_Update Add New Employee - ASSIST/DOB Year' is clicked on

2018-12-07 11:23:03 - [TEST_STEP][PASSED] - Statement - selectYear = com.kms.katalon.core.webui.keyword.WebUiBuiltInKeywords.modifyObjectProperty(selectYear, "xpath", "equals", "//div/div/div/select/option[@value="" + FiftysevenYrsBefore + ""]", true): Modify property of object successfully

2018-12-07 11:23:03 - [MESSAGE][PASSED] - Modify property of object successfully

2018-12-07 11:23:03 - [TEST_STEP][PASSED] - click: Object: '' is clicked on

2018-12-07 11:23:03 - [MESSAGE][PASSED] - Object: '' is clicked on

2018-12-07 11:23:03 - [TEST_STEP][PASSED] - Statement - UpdatedSelectDate = com.kms.katalon.core.webui.keyword.WebUiBuiltInKeywords.modifyObjectProperty(com.kms.katalon.core.testobject.ObjectRepository.findTestObject(Final Object Repo/Page_Update Add New Employee - ASSIST/DOB Date), "xpath", "equals", "//body/div/table/tbody/tr/td/a[text()="" + CurrentDate + ""]", true): Modify property of object successfully

2018-12-07 11:23:03 - [MESSAGE][PASSED] - Modify property of object successfully

2018-12-07 11:23:03 - [TEST_STEP][PASSED] - click: Object: 'Object Repository/Final Object Repo/Page_Update Add New Employee - ASSIST/DOB Date' is clicked on

2018-12-07 11:23:03 - [MESSAGE][PASSED] - Object: 'Object Repository/Final Object Repo/Page_Update Add New Employee - ASSIST/DOB Date' is clicked on

2018-12-07 11:23:03 - [TEST_STEP][PASSED] - click: Object: 'Object Repository/Final Object Repo/Page_Update Add New Employee - ASSIST/EmploymentStartDate Pop Up' is clicked on

2018-12-07 11:23:04 - [MESSAGE][PASSED] - Object: 'Object Repository/Final Object Repo/Page_Update Add New Employee - ASSIST/EmploymentStartDate Pop Up' is clicked on

2018-12-07 11:23:04 - [TEST_STEP][PASSED] - delay: Delayed 2 second(s)

2018-12-07 11:23:06 - [MESSAGE][PASSED] - Delayed 2 second(s)

2018-12-07 11:23:06 - [TEST_STEP][PASSED] - click: Object: 'Object Repository/Final Object Repo/Page_Update Add New Employee - ASSIST/Socso Employment StartDate Month' is clicked on

2018-12-07 11:23:06 - [MESSAGE][PASSED] - Object: 'Object Repository/Final Object Repo/Page_Update Add New Employee - ASSIST/Socso Employment StartDate Month' is clicked on

2018-12-07 11:23:06 - [TEST_STEP][PASSED] - delay: Delayed 1 second(s)

2018-12-07 11:23:07 - [MESSAGE][PASSED] - Delayed 1 second(s)

2018-12-07 11:23:07 - [TEST_STEP][PASSED] - click: Object: 'Object Repository/Final Object Repo/Page_Update Add New Employee - ASSIST/Select Socso Employement Startdate Month' is clicked on

2018-12-07 11:23:07 - [MESSAGE][PASSED] - Object: 'Object Repository/Final Object Repo/Page_Update Add New Employee - ASSIST/Select Socso Employement Startdate Month' is clicked on

2018-12-07 11:23:07 - [TEST_STEP][PASSED] - delay: Delayed 2 second(s)

2018-12-07 11:23:09 - [MESSAGE][PASSED] - Delayed 2 second(s)

2018-12-07 11:23:09 - [TEST_STEP][PASSED] - click: Object: 'Object Repository/Final Object Repo/Page_Update Add New Employee - ASSIST/Socso Employment StartDate Year' is clicked on

2018-12-07 11:23:09 - [MESSAGE][PASSED] - Object: 'Object Repository/Final Object Repo/Page_Update Add New Employee - ASSIST/Socso Employment StartDate Year' is clicked on

2018-12-07 11:23:09 - [TEST_STEP][PASSED] - delay: Delayed 1 second(s)

2018-12-07 11:23:10 - [MESSAGE][PASSED] - Delayed 1 second(s)

2018-12-07 11:23:10 - [TEST_STEP][PASSED] - click: Object: 'Object Repository/Final Object Repo/Page_Update Add New Employee - ASSIST/Select Socso Employment Startdate Year' is clicked on

2018-12-07 11:23:10 - [MESSAGE][PASSED] - Object: 'Object Repository/Final Object Repo/Page_Update Add New Employee - ASSIST/Select Socso Employment Startdate Year' is clicked on

2018-12-07 11:23:10 - [TEST_STEP][PASSED] - delay: Delayed 2 second(s)

2018-12-07 11:23:12 - [MESSAGE][PASSED] - Delayed 2 second(s)

2018-12-07 11:23:12 - [TEST_STEP][PASSED] - click: Object: 'Object Repository/Final Object Repo/Page_Update Add New Employee - ASSIST/Socso Employment Start Date Day' is clicked on

2018-12-07 11:23:12 - [MESSAGE][PASSED] - Object: 'Object Repository/Final Object Repo/Page_Update Add New Employee - ASSIST/Socso Employment Start Date Day' is clicked on

2018-12-07 11:23:12 - [TEST_STEP][PASSED] - delay: Delayed 2 second(s)

2018-12-07 11:23:14 - [MESSAGE][PASSED] - Delayed 2 second(s)

2018-12-07 11:23:14 - [TEST_STEP][PASSED] - click: Object: 'Object Repository/Final Object Repo/Page_Update Add New Employee - ASSIST/Save Button for Add Employee' is clicked on

2018-12-07 11:23:15 - [MESSAGE][PASSED] - Object: 'Object Repository/Final Object Repo/Page_Update Add New Employee - ASSIST/Save Button for Add Employee' is clicked on

2018-12-07 11:23:15 - [MESSAGE][PASSED] - Call Test Case 'Test Cases/Final Aug 2018 - PKS Automation/Registration Module/Workflow/Update Add New Employee/Template/Employee Adding/Employee Adding Action Repeat IC - set 2' successfully

2018-12-07 11:23:15 - [MESSAGE][PASSED] - Call Test Case 'Test Cases/Final Aug 2018 - PKS Automation/Registration Module/Workflow/Update Add New Employee/Template/Employee Adding/Employee Set Decider' successfully

2018-12-07 11:23:15 - [TEST_STEP][PASSED] - delay: Delayed 4 second(s)

2018-12-07 11:23:19 - [MESSAGE][PASSED] - Delayed 4 second(s)

2018-12-07 11:23:19 - [TEST_STEP][PASSED] - Statement - CaseReferenceNo = com.kms.katalon.core.webui.keyword.WebUiBuiltInKeywords.getText(com.kms.katalon.core.testobject.ObjectRepository.findTestObject(Final Object Repo/Page_Update Add New Employee - ASSIST/RefNo)): Text of object 'Object Repository/Final Object Repo/Page_Update Add New Employee - ASSIST/RefNo' is: 'CAN12201800002286'

2018-12-07 11:23:19 - [MESSAGE][PASSED] - Text of object 'Object Repository/Final Object Repo/Page_Update Add New Employee - ASSIST/RefNo' is: 'CAN12201800002286'

2018-12-07 11:23:19 - [TEST_STEP][PASSED] - callTestCase: Call Test Case 'Test Cases/Final Aug 2018 - PKS Automation/Common/Reference Number Setter' successfully

2018-12-07 11:23:19 - [TEST_CASE][PASSED] - Test Cases/Final Aug 2018 - PKS Automation/Common/Reference Number Setter: Test Cases/Final Aug 2018 - PKS Automation/Common/Reference Number Setter

2018-12-07 11:23:19 - [TEST_STEP][PASSED] - Statement - RefNoOldFile = new java.io.File(C://Users//Admin//Desktop//PKS//Automation Reference Point//KatalonReference.txt): null

2018-12-07 11:23:19 - [TEST_STEP][PASSED] - Statement - RefNoOldFile.delete(): null

2018-12-07 11:23:19 - [TEST_STEP][PASSED] - delay: Delayed 5 second(s)

2018-12-07 11:23:24 - [MESSAGE][PASSED] - Delayed 5 second(s)

2018-12-07 11:23:24 - [TEST_STEP][PASSED] - Statement - RefNo = new java.io.File(C://Users//Admin//Desktop//PKS//Automation Reference Point//KatalonReference.txt): null

2018-12-07 11:23:24 - [TEST_STEP][PASSED] - Statement - f2 = new java.io.FileWriter(RefNo, false): null

2018-12-07 11:23:24 - [TEST_STEP][PASSED] - Statement - f2.write(CaseReferenceNo): null

2018-12-07 11:23:24 - [TEST_STEP][PASSED] - Statement - f2.close(): null

2018-12-07 11:23:24 - [TEST_STEP][PASSED] - Statement - out.println("


" + CaseReferenceNo + "


"): null

2018-12-07 11:23:24 - [MESSAGE][PASSED] - Call Test Case 'Test Cases/Final Aug 2018 - PKS Automation/Common/Reference Number Setter' successfully

2018-12-07 11:23:24 - [TEST_STEP][PASSED] - delay: Delayed 5 second(s)

2018-12-07 11:23:29 - [MESSAGE][PASSED] - Delayed 5 second(s)

2018-12-07 11:23:29 - [TEST_STEP][PASSED] - click: Object: 'Object Repository/Final Object Repo/Page_Update Add New Employee - ASSIST/Incomplete Checkbox' is clicked on

2018-12-07 11:23:29 - [MESSAGE][PASSED] - Object: 'Object Repository/Final Object Repo/Page_Update Add New Employee - ASSIST/Incomplete Checkbox' is clicked on

2018-12-07 11:23:29 - [TEST_STEP][PASSED] - delay: Delayed 2 second(s)

2018-12-07 11:23:31 - [MESSAGE][PASSED] - Delayed 2 second(s)

2018-12-07 11:23:31 - [TEST_STEP][PASSED] - click: Object: 'Object Repository/Final Object Repo/Page_Update Add New Employee - ASSIST/Save  Continue Button' is clicked on

2018-12-07 11:23:31 - [MESSAGE][PASSED] - Object: 'Object Repository/Final Object Repo/Page_Update Add New Employee - ASSIST/Save  Continue Button' is clicked on

2018-12-07 11:23:31 - [TEST_STEP][PASSED] - delay: Delayed 4 second(s)

2018-12-07 11:23:35 - [MESSAGE][PASSED] - Delayed 4 second(s)

2018-12-07 11:23:35 - [TEST_STEP][PASSED] - click: Object: 'Object Repository/Final Object Repo/Page_Update Add New Employee - ASSIST/Save  Continue Third Screen' is clicked on

2018-12-07 11:23:39 - [MESSAGE][PASSED] - Object: 'Object Repository/Final Object Repo/Page_Update Add New Employee - ASSIST/Save  Continue Third Screen' is clicked on

2018-12-07 11:23:39 - [TEST_STEP][PASSED] - delay: Delayed 4 second(s)

2018-12-07 11:23:43 - [MESSAGE][PASSED] - Delayed 4 second(s)

2018-12-07 11:23:43 - [TEST_STEP][PASSED] - click: Object: 'Object Repository/Final Object Repo/Page_Update Add New Employee - ASSIST/Save   Continue Supporting Doc Page' is clicked on

2018-12-07 11:23:43 - [MESSAGE][PASSED] - Object: 'Object Repository/Final Object Repo/Page_Update Add New Employee - ASSIST/Save   Continue Supporting Doc Page' is clicked on

2018-12-07 11:23:43 - [TEST_STEP][PASSED] - delay: Delayed 4 second(s)

2018-12-07 11:23:47 - [MESSAGE][PASSED] - Delayed 4 second(s)

2018-12-07 11:23:47 - [TEST_STEP][PASSED] - click: Object: 'Object Repository/Final Object Repo/Page_Update Add New Employee - ASSIST/Submit Button' is clicked on

2018-12-07 11:23:47 - [MESSAGE][PASSED] - Object: 'Object Repository/Final Object Repo/Page_Update Add New Employee - ASSIST/Submit Button' is clicked on

2018-12-07 11:23:47 - [TEST_STEP][PASSED] - delay: Delayed 4 second(s)

2018-12-07 11:23:51 - [MESSAGE][PASSED] - Delayed 4 second(s)

2018-12-07 11:23:51 - [TEST_STEP][PASSED] - click: Object: 'Object Repository/Final Object Repo/Page_Update Add New Employee - ASSIST/Confirm Submit Button' is clicked on

2018-12-07 11:23:51 - [MESSAGE][PASSED] - Object: 'Object Repository/Final Object Repo/Page_Update Add New Employee - ASSIST/Confirm Submit Button' is clicked on

2018-12-07 11:23:51 - [TEST_STEP][PASSED] - delay: Delayed 20 second(s)

2018-12-07 11:24:11 - [MESSAGE][PASSED] - Delayed 20 second(s)

2018-12-07 11:24:11 - [TEST_STEP][PASSED] - callTestCase: Call Test Case 'Test Cases/Final Aug 2018 - PKS Automation/Common/Screenshoting tool' successfully

2018-12-07 11:24:11 - [TEST_CASE][PASSED] - Test Cases/Final Aug 2018 - PKS Automation/Common/Screenshoting tool: Test Cases/Final Aug 2018 - PKS Automation/Common/Screenshoting tool

2018-12-07 11:24:11 - [TEST_STEP][PASSED] - delay: Delayed 15 second(s)

2018-12-07 11:24:26 - [MESSAGE][PASSED] - Delayed 15 second(s)

2018-12-07 11:24:26 - [TEST_STEP][PASSED] - Statement - driver = com.kms.katalon.core.webui.driver.DriverFactory.getWebDriver(): null

2018-12-07 11:24:26 - [TEST_STEP][PASSED] - Statement - driver.manage().timeouts().implicitlyWait(10, SECONDS): null

2018-12-07 11:24:26 - [TEST_STEP][PASSED] - Statement - PresavePath = KatalonScreenshots: null

2018-12-07 11:24:26 - [TEST_STEP][PASSED] - Statement - pathPrefix = "C:\Users\Public\Pictures\Sample Pictures\Katalon Screenshots\Automate Ending Screen": null

2018-12-07 11:24:26 - [TEST_STEP][PASSED] - Statement - finalPath = <not implemented yet for class: org.codehaus.groovy.ast.expr.EmptyExpression>: null

2018-12-07 11:24:26 - [TEST_STEP][PASSED] - Statement - scrFile = driver.getScreenshotAs(FILE): null

2018-12-07 11:24:27 - [TEST_STEP][PASSED] - Statement - PreSaveFile = new java.io.File(PresavePath): null

2018-12-07 11:24:27 - [TEST_STEP][PASSED] - Statement - counter = 0: null

2018-12-07 11:24:27 - [TEST_STEP][PASSED] - Statement - If (PreSaveFile.exists()): null

2018-12-07 11:24:27 - [TEST_STEP][PASSED] - Statement - While (PreSaveFile.exists()): null

2018-12-07 11:24:27 - [TEST_STEP][PASSED] - Statement - counter = counter + 1: null

2018-12-07 11:24:27 - [TEST_STEP][PASSED] - Statement - PreSaveFile = new java.io.File(((pathPrefix + java.lang.Integer.toString(counter)) + .png)): null

2018-12-07 11:24:27 - [TEST_STEP][PASSED] - Statement - counter = counter + 1: null

2018-12-07 11:24:27 - [TEST_STEP][PASSED] - Statement - PreSaveFile = new java.io.File(((pathPrefix + java.lang.Integer.toString(counter)) + .png)): null

2018-12-07 11:24:27 - [TEST_STEP][PASSED] - Statement - counter = counter + 1: null

2018-12-07 11:24:27 - [TEST_STEP][PASSED] - Statement - PreSaveFile = new java.io.File(((pathPrefix + java.lang.Integer.toString(counter)) + .png)): null

2018-12-07 11:24:27 - [TEST_STEP][PASSED] - Statement - counter = counter + 1: null

2018-12-07 11:24:27 - [TEST_STEP][PASSED] - Statement - PreSaveFile = new java.io.File(((pathPrefix + java.lang.Integer.toString(counter)) + .png)): null

2018-12-07 11:24:27 - [TEST_STEP][PASSED] - Statement - counter = counter + 1: null

2018-12-07 11:24:27 - [TEST_STEP][PASSED] - Statement - PreSaveFile = new java.io.File(((pathPrefix + java.lang.Integer.toString(counter)) + .png)): null

2018-12-07 11:24:27 - [TEST_STEP][PASSED] - Statement - counter = counter + 1: null

2018-12-07 11:24:27 - [TEST_STEP][PASSED] - Statement - PreSaveFile = new java.io.File(((pathPrefix + java.lang.Integer.toString(counter)) + .png)): null

2018-12-07 11:24:27 - [TEST_STEP][PASSED] - Statement - counter = counter + 1: null

2018-12-07 11:24:27 - [TEST_STEP][PASSED] - Statement - PreSaveFile = new java.io.File(((pathPrefix + java.lang.Integer.toString(counter)) + .png)): null

2018-12-07 11:24:27 - [TEST_STEP][PASSED] - Statement - counter = counter + 1: null

2018-12-07 11:24:27 - [TEST_STEP][PASSED] - Statement - PreSaveFile = new java.io.File(((pathPrefix + java.lang.Integer.toString(counter)) + .png)): null

2018-12-07 11:24:27 - [TEST_STEP][PASSED] - Statement - counter = counter + 1: null

2018-12-07 11:24:27 - [TEST_STEP][PASSED] - Statement - PreSaveFile = new java.io.File(((pathPrefix + java.lang.Integer.toString(counter)) + .png)): null

2018-12-07 11:24:27 - [TEST_STEP][PASSED] - Statement - counter = counter + 1: null

2018-12-07 11:24:27 - [TEST_STEP][PASSED] - Statement - PreSaveFile = new java.io.File(((pathPrefix + java.lang.Integer.toString(counter)) + .png)): null

2018-12-07 11:24:27 - [TEST_STEP][PASSED] - Statement - counter = counter + 1: null

2018-12-07 11:24:27 - [TEST_STEP][PASSED] - Statement - PreSaveFile = new java.io.File(((pathPrefix + java.lang.Integer.toString(counter)) + .png)): null

2018-12-07 11:24:27 - [TEST_STEP][PASSED] - Statement - counter = counter + 1: null

2018-12-07 11:24:27 - [TEST_STEP][PASSED] - Statement - PreSaveFile = new java.io.File(((pathPrefix + java.lang.Integer.toString(counter)) + .png)): null

2018-12-07 11:24:27 - [TEST_STEP][PASSED] - Statement - counter = counter + 1: null

2018-12-07 11:24:27 - [TEST_STEP][PASSED] - Statement - PreSaveFile = new java.io.File(((pathPrefix + java.lang.Integer.toString(counter)) + .png)): null

2018-12-07 11:24:27 - [TEST_STEP][PASSED] - Statement - counter = counter + 1: null

2018-12-07 11:24:27 - [TEST_STEP][PASSED] - Statement - PreSaveFile = new java.io.File(((pathPrefix + java.lang.Integer.toString(counter)) + .png)): null

2018-12-07 11:24:27 - [TEST_STEP][PASSED] - Statement - counter = counter + 1: null

2018-12-07 11:24:27 - [TEST_STEP][PASSED] - Statement - PreSaveFile = new java.io.File(((pathPrefix + java.lang.Integer.toString(counter)) + .png)): null

2018-12-07 11:24:27 - [TEST_STEP][PASSED] - Statement - counter = counter + 1: null

2018-12-07 11:24:27 - [TEST_STEP][PASSED] - Statement - PreSaveFile = new java.io.File(((pathPrefix + java.lang.Integer.toString(counter)) + .png)): null

2018-12-07 11:24:27 - [TEST_STEP][PASSED] - Statement - counter = counter + 1: null

2018-12-07 11:24:27 - [TEST_STEP][PASSED] - Statement - PreSaveFile = new java.io.File(((pathPrefix + java.lang.Integer.toString(counter)) + .png)): null

2018-12-07 11:24:27 - [TEST_STEP][PASSED] - Statement - counter = counter + 1: null

2018-12-07 11:24:27 - [TEST_STEP][PASSED] - Statement - PreSaveFile = new java.io.File(((pathPrefix + java.lang.Integer.toString(counter)) + .png)): null

2018-12-07 11:24:27 - [TEST_STEP][PASSED] - Statement - counter = counter + 1: null

2018-12-07 11:24:27 - [TEST_STEP][PASSED] - Statement - PreSaveFile = new java.io.File(((pathPrefix + java.lang.Integer.toString(counter)) + .png)): null

2018-12-07 11:24:27 - [TEST_STEP][PASSED] - Statement - counter = counter + 1: null

2018-12-07 11:24:27 - [TEST_STEP][PASSED] - Statement - PreSaveFile = new java.io.File(((pathPrefix + java.lang.Integer.toString(counter)) + .png)): null

2018-12-07 11:24:27 - [TEST_STEP][PASSED] - Statement - counter = counter + 1: null

2018-12-07 11:24:27 - [TEST_STEP][PASSED] - Statement - PreSaveFile = new java.io.File(((pathPrefix + java.lang.Integer.toString(counter)) + .png)): null

2018-12-07 11:24:27 - [TEST_STEP][PASSED] - Statement - counter = counter + 1: null

2018-12-07 11:24:27 - [TEST_STEP][PASSED] - Statement - PreSaveFile = new java.io.File(((pathPrefix + java.lang.Integer.toString(counter)) + .png)): null

2018-12-07 11:24:27 - [TEST_STEP][PASSED] - Statement - counter = counter + 1: null

2018-12-07 11:24:27 - [TEST_STEP][PASSED] - Statement - PreSaveFile = new java.io.File(((pathPrefix + java.lang.Integer.toString(counter)) + .png)): null

2018-12-07 11:24:27 - [TEST_STEP][PASSED] - Statement - counter = counter + 1: null

2018-12-07 11:24:27 - [TEST_STEP][PASSED] - Statement - PreSaveFile = new java.io.File(((pathPrefix + java.lang.Integer.toString(counter)) + .png)): null

2018-12-07 11:24:28 - [TEST_STEP][PASSED] - Statement - counter = counter + 1: null

2018-12-07 11:24:28 - [TEST_STEP][PASSED] - Statement - PreSaveFile = new java.io.File(((pathPrefix + java.lang.Integer.toString(counter)) + .png)): null

2018-12-07 11:24:28 - [TEST_STEP][PASSED] - Statement - counter = counter + 1: null

2018-12-07 11:24:28 - [TEST_STEP][PASSED] - Statement - PreSaveFile = new java.io.File(((pathPrefix + java.lang.Integer.toString(counter)) + .png)): null

2018-12-07 11:24:28 - [TEST_STEP][PASSED] - Statement - counter = counter + 1: null

2018-12-07 11:24:28 - [TEST_STEP][PASSED] - Statement - PreSaveFile = new java.io.File(((pathPrefix + java.lang.Integer.toString(counter)) + .png)): null

2018-12-07 11:24:28 - [TEST_STEP][PASSED] - Statement - counter = counter + 1: null

2018-12-07 11:24:28 - [TEST_STEP][PASSED] - Statement - PreSaveFile = new java.io.File(((pathPrefix + java.lang.Integer.toString(counter)) + .png)): null

2018-12-07 11:24:28 - [TEST_STEP][PASSED] - Statement - counter = counter + 1: null

2018-12-07 11:24:28 - [TEST_STEP][PASSED] - Statement - PreSaveFile = new java.io.File(((pathPrefix + java.lang.Integer.toString(counter)) + .png)): null

2018-12-07 11:24:28 - [TEST_STEP][PASSED] - Statement - counter = counter + 1: null

2018-12-07 11:24:28 - [TEST_STEP][PASSED] - Statement - PreSaveFile = new java.io.File(((pathPrefix + java.lang.Integer.toString(counter)) + .png)): null

2018-12-07 11:24:28 - [TEST_STEP][PASSED] - Statement - counter = counter + 1: null

2018-12-07 11:24:28 - [TEST_STEP][PASSED] - Statement - PreSaveFile = new java.io.File(((pathPrefix + java.lang.Integer.toString(counter)) + .png)): null

2018-12-07 11:24:28 - [TEST_STEP][PASSED] - Statement - counter = counter + 1: null

2018-12-07 11:24:28 - [TEST_STEP][PASSED] - Statement - PreSaveFile = new java.io.File(((pathPrefix + java.lang.Integer.toString(counter)) + .png)): null

2018-12-07 11:24:28 - [TEST_STEP][PASSED] - Statement - counter = counter + 1: null

2018-12-07 11:24:28 - [TEST_STEP][PASSED] - Statement - PreSaveFile = new java.io.File(((pathPrefix + java.lang.Integer.toString(counter)) + .png)): null

2018-12-07 11:24:28 - [TEST_STEP][PASSED] - Statement - counter = counter + 1: null

2018-12-07 11:24:28 - [TEST_STEP][PASSED] - Statement - PreSaveFile = new java.io.File(((pathPrefix + java.lang.Integer.toString(counter)) + .png)): null

2018-12-07 11:24:28 - [TEST_STEP][PASSED] - Statement - counter = counter + 1: null

2018-12-07 11:24:28 - [TEST_STEP][PASSED] - Statement - PreSaveFile = new java.io.File(((pathPrefix + java.lang.Integer.toString(counter)) + .png)): null

2018-12-07 11:24:28 - [TEST_STEP][PASSED] - Statement - counter = counter + 1: null

2018-12-07 11:24:28 - [TEST_STEP][PASSED] - Statement - PreSaveFile = new java.io.File(((pathPrefix + java.lang.Integer.toString(counter)) + .png)): null

2018-12-07 11:24:28 - [TEST_STEP][PASSED] - Statement - counter = counter + 1: null

2018-12-07 11:24:28 - [TEST_STEP][PASSED] - Statement - PreSaveFile = new java.io.File(((pathPrefix + java.lang.Integer.toString(counter)) + .png)): null

2018-12-07 11:24:28 - [TEST_STEP][PASSED] - Statement - counter = counter + 1: null

2018-12-07 11:24:28 - [TEST_STEP][PASSED] - Statement - PreSaveFile = new java.io.File(((pathPrefix + java.lang.Integer.toString(counter)) + .png)): null

2018-12-07 11:24:28 - [TEST_STEP][PASSED] - Statement - counter = counter + 1: null

2018-12-07 11:24:28 - [TEST_STEP][PASSED] - Statement - PreSaveFile = new java.io.File(((pathPrefix + java.lang.Integer.toString(counter)) + .png)): null

2018-12-07 11:24:28 - [TEST_STEP][PASSED] - Statement - counter = counter + 1: null

2018-12-07 11:24:28 - [TEST_STEP][PASSED] - Statement - PreSaveFile = new java.io.File(((pathPrefix + java.lang.Integer.toString(counter)) + .png)): null

2018-12-07 11:24:28 - [TEST_STEP][PASSED] - Statement - counter = counter + 1: null

2018-12-07 11:24:28 - [TEST_STEP][PASSED] - Statement - PreSaveFile = new java.io.File(((pathPrefix + java.lang.Integer.toString(counter)) + .png)): null

2018-12-07 11:24:28 - [TEST_STEP][PASSED] - Statement - counter = counter + 1: null

2018-12-07 11:24:28 - [TEST_STEP][PASSED] - Statement - PreSaveFile = new java.io.File(((pathPrefix + java.lang.Integer.toString(counter)) + .png)): null

2018-12-07 11:24:28 - [TEST_STEP][PASSED] - Statement - counter = counter + 1: null

2018-12-07 11:24:29 - [TEST_STEP][PASSED] - Statement - PreSaveFile = new java.io.File(((pathPrefix + java.lang.Integer.toString(counter)) + .png)): null

2018-12-07 11:24:29 - [TEST_STEP][PASSED] - Statement - counter = counter + 1: null

2018-12-07 11:24:29 - [TEST_STEP][PASSED] - Statement - PreSaveFile = new java.io.File(((pathPrefix + java.lang.Integer.toString(counter)) + .png)): null

2018-12-07 11:24:29 - [TEST_STEP][PASSED] - Statement - counter = counter + 1: null

2018-12-07 11:24:29 - [TEST_STEP][PASSED] - Statement - PreSaveFile = new java.io.File(((pathPrefix + java.lang.Integer.toString(counter)) + .png)): null

2018-12-07 11:24:29 - [TEST_STEP][PASSED] - Statement - counter = counter + 1: null

2018-12-07 11:24:29 - [TEST_STEP][PASSED] - Statement - PreSaveFile = new java.io.File(((pathPrefix + java.lang.Integer.toString(counter)) + .png)): null

2018-12-07 11:24:29 - [TEST_STEP][PASSED] - Statement - counter = counter + 1: null

2018-12-07 11:24:29 - [TEST_STEP][PASSED] - Statement - PreSaveFile = new java.io.File(((pathPrefix + java.lang.Integer.toString(counter)) + .png)): null

2018-12-07 11:24:29 - [TEST_STEP][PASSED] - Statement - counter = counter + 1: null

2018-12-07 11:24:29 - [TEST_STEP][PASSED] - Statement - PreSaveFile = new java.io.File(((pathPrefix + java.lang.Integer.toString(counter)) + .png)): null

2018-12-07 11:24:29 - [TEST_STEP][PASSED] - Statement - counter = counter + 1: null

2018-12-07 11:24:29 - [TEST_STEP][PASSED] - Statement - PreSaveFile = new java.io.File(((pathPrefix + java.lang.Integer.toString(counter)) + .png)): null

2018-12-07 11:24:29 - [TEST_STEP][PASSED] - Statement - counter = counter + 1: null

2018-12-07 11:24:29 - [TEST_STEP][PASSED] - Statement - PreSaveFile = new java.io.File(((pathPrefix + java.lang.Integer.toString(counter)) + .png)): null

2018-12-07 11:24:29 - [TEST_STEP][PASSED] - Statement - counter = counter + 1: null

2018-12-07 11:24:29 - [TEST_STEP][PASSED] - Statement - PreSaveFile = new java.io.File(((pathPrefix + java.lang.Integer.toString(counter)) + .png)): null

2018-12-07 11:24:29 - [TEST_STEP][PASSED] - Statement - counter = counter + 1: null

2018-12-07 11:24:29 - [TEST_STEP][PASSED] - Statement - PreSaveFile = new java.io.File(((pathPrefix + java.lang.Integer.toString(counter)) + .png)): null

2018-12-07 11:24:29 - [TEST_STEP][PASSED] - Statement - counter = counter + 1: null

2018-12-07 11:24:29 - [TEST_STEP][PASSED] - Statement - PreSaveFile = new java.io.File(((pathPrefix + java.lang.Integer.toString(counter)) + .png)): null

2018-12-07 11:24:29 - [TEST_STEP][PASSED] - Statement - counter = counter + 1: null

2018-12-07 11:24:29 - [TEST_STEP][PASSED] - Statement - PreSaveFile = new java.io.File(((pathPrefix + java.lang.Integer.toString(counter)) + .png)): null

2018-12-07 11:24:29 - [TEST_STEP][PASSED] - Statement - counter = counter + 1: null

2018-12-07 11:24:29 - [TEST_STEP][PASSED] - Statement - PreSaveFile = new java.io.File(((pathPrefix + java.lang.Integer.toString(counter)) + .png)): null

2018-12-07 11:24:29 - [TEST_STEP][PASSED] - Statement - counter = counter + 1: null

2018-12-07 11:24:29 - [TEST_STEP][PASSED] - Statement - PreSaveFile = new java.io.File(((pathPrefix + java.lang.Integer.toString(counter)) + .png)): null

2018-12-07 11:24:29 - [TEST_STEP][PASSED] - Statement - counter = counter + 1: null

2018-12-07 11:24:29 - [TEST_STEP][PASSED] - Statement - PreSaveFile = new java.io.File(((pathPrefix + java.lang.Integer.toString(counter)) + .png)): null

2018-12-07 11:24:29 - [TEST_STEP][PASSED] - Statement - counter = counter + 1: null

2018-12-07 11:24:29 - [TEST_STEP][PASSED] - Statement - PreSaveFile = new java.io.File(((pathPrefix + java.lang.Integer.toString(counter)) + .png)): null

2018-12-07 11:24:29 - [TEST_STEP][PASSED] - Statement - counter = counter + 1: null

2018-12-07 11:24:29 - [TEST_STEP][PASSED] - Statement - PreSaveFile = new java.io.File(((pathPrefix + java.lang.Integer.toString(counter)) + .png)): null

2018-12-07 11:24:29 - [TEST_STEP][PASSED] - Statement - counter = counter + 1: null

2018-12-07 11:24:29 - [TEST_STEP][PASSED] - Statement - PreSaveFile = new java.io.File(((pathPrefix + java.lang.Integer.toString(counter)) + .png)): null

2018-12-07 11:24:29 - [TEST_STEP][PASSED] - Statement - counter = counter + 1: null

2018-12-07 11:24:29 - [TEST_STEP][PASSED] - Statement - PreSaveFile = new java.io.File(((pathPrefix + java.lang.Integer.toString(counter)) + .png)): null

2018-12-07 11:24:29 - [TEST_STEP][PASSED] - Statement - counter = counter + 1: null

2018-12-07 11:24:30 - [TEST_STEP][PASSED] - Statement - PreSaveFile = new java.io.File(((pathPrefix + java.lang.Integer.toString(counter)) + .png)): null

2018-12-07 11:24:30 - [TEST_STEP][PASSED] - Statement - counter = counter + 1: null

2018-12-07 11:24:30 - [TEST_STEP][PASSED] - Statement - PreSaveFile = new java.io.File(((pathPrefix + java.lang.Integer.toString(counter)) + .png)): null

2018-12-07 11:24:30 - [TEST_STEP][PASSED] - Statement - counter = counter + 1: null

2018-12-07 11:24:30 - [TEST_STEP][PASSED] - Statement - PreSaveFile = new java.io.File(((pathPrefix + java.lang.Integer.toString(counter)) + .png)): null

2018-12-07 11:24:30 - [TEST_STEP][PASSED] - Statement - counter = counter + 1: null

2018-12-07 11:24:30 - [TEST_STEP][PASSED] - Statement - PreSaveFile = new java.io.File(((pathPrefix + java.lang.Integer.toString(counter)) + .png)): null

2018-12-07 11:24:30 - [TEST_STEP][PASSED] - Statement - counter = counter + 1: null

2018-12-07 11:24:30 - [TEST_STEP][PASSED] - Statement - PreSaveFile = new java.io.File(((pathPrefix + java.lang.Integer.toString(counter)) + .png)): null

2018-12-07 11:24:30 - [TEST_STEP][PASSED] - Statement - counter = counter + 1: null

2018-12-07 11:24:30 - [TEST_STEP][PASSED] - Statement - PreSaveFile = new java.io.File(((pathPrefix + java.lang.Integer.toString(counter)) + .png)): null

2018-12-07 11:24:30 - [TEST_STEP][PASSED] - Statement - counter = counter + 1: null

2018-12-07 11:24:30 - [TEST_STEP][PASSED] - Statement - PreSaveFile = new java.io.File(((pathPrefix + java.lang.Integer.toString(counter)) + .png)): null

2018-12-07 11:24:30 - [TEST_STEP][PASSED] - Statement - counter = counter + 1: null

2018-12-07 11:24:30 - [TEST_STEP][PASSED] - Statement - PreSaveFile = new java.io.File(((pathPrefix + java.lang.Integer.toString(counter)) + .png)): null

2018-12-07 11:24:30 - [TEST_STEP][PASSED] - Statement - counter = counter + 1: null

2018-12-07 11:24:30 - [TEST_STEP][PASSED] - Statement - PreSaveFile = new java.io.File(((pathPrefix + java.lang.Integer.toString(counter)) + .png)): null

2018-12-07 11:24:30 - [TEST_STEP][PASSED] - Statement - counter = counter + 1: null

2018-12-07 11:24:30 - [TEST_STEP][PASSED] - Statement - PreSaveFile = new java.io.File(((pathPrefix + java.lang.Integer.toString(counter)) + .png)): null

2018-12-07 11:24:30 - [TEST_STEP][PASSED] - Statement - counter = counter + 1: null

2018-12-07 11:24:30 - [TEST_STEP][PASSED] - Statement - PreSaveFile = new java.io.File(((pathPrefix + java.lang.Integer.toString(counter)) + .png)): null

2018-12-07 11:24:30 - [TEST_STEP][PASSED] - Statement - counter = counter + 1: null

2018-12-07 11:24:30 - [TEST_STEP][PASSED] - Statement - PreSaveFile = new java.io.File(((pathPrefix + java.lang.Integer.toString(counter)) + .png)): null

2018-12-07 11:24:30 - [TEST_STEP][PASSED] - Statement - counter = counter + 1: null

2018-12-07 11:24:30 - [TEST_STEP][PASSED] - Statement - PreSaveFile = new java.io.File(((pathPrefix + java.lang.Integer.toString(counter)) + .png)): null

2018-12-07 11:24:30 - [TEST_STEP][PASSED] - Statement - counter = counter + 1: null

2018-12-07 11:24:30 - [TEST_STEP][PASSED] - Statement - PreSaveFile = new java.io.File(((pathPrefix + java.lang.Integer.toString(counter)) + .png)): null

2018-12-07 11:24:30 - [TEST_STEP][PASSED] - Statement - counter = counter + 1: null

2018-12-07 11:24:30 - [TEST_STEP][PASSED] - Statement - PreSaveFile = new java.io.File(((pathPrefix + java.lang.Integer.toString(counter)) + .png)): null

2018-12-07 11:24:31 - [TEST_STEP][PASSED] - Statement - counter = counter + 1: null

2018-12-07 11:24:31 - [TEST_STEP][PASSED] - Statement - PreSaveFile = new java.io.File(((pathPrefix + java.lang.Integer.toString(counter)) + .png)): null

2018-12-07 11:24:31 - [TEST_STEP][PASSED] - Statement - counter = counter + 1: null

2018-12-07 11:24:31 - [TEST_STEP][PASSED] - Statement - PreSaveFile = new java.io.File(((pathPrefix + java.lang.Integer.toString(counter)) + .png)): null

2018-12-07 11:24:31 - [TEST_STEP][PASSED] - Statement - counter = counter + 1: null

2018-12-07 11:24:31 - [TEST_STEP][PASSED] - Statement - PreSaveFile = new java.io.File(((pathPrefix + java.lang.Integer.toString(counter)) + .png)): null

2018-12-07 11:24:31 - [TEST_STEP][PASSED] - Statement - counter = counter + 1: null

2018-12-07 11:24:31 - [TEST_STEP][PASSED] - Statement - PreSaveFile = new java.io.File(((pathPrefix + java.lang.Integer.toString(counter)) + .png)): null

2018-12-07 11:24:31 - [TEST_STEP][PASSED] - Statement - counter = counter + 1: null

2018-12-07 11:24:31 - [TEST_STEP][PASSED] - Statement - PreSaveFile = new java.io.File(((pathPrefix + java.lang.Integer.toString(counter)) + .png)): null

2018-12-07 11:24:31 - [TEST_STEP][PASSED] - Statement - counter = counter + 1: null

2018-12-07 11:24:31 - [TEST_STEP][PASSED] - Statement - PreSaveFile = new java.io.File(((pathPrefix + java.lang.Integer.toString(counter)) + .png)): null

2018-12-07 11:24:31 - [TEST_STEP][PASSED] - Statement - counter = counter + 1: null

2018-12-07 11:24:31 - [TEST_STEP][PASSED] - Statement - PreSaveFile = new java.io.File(((pathPrefix + java.lang.Integer.toString(counter)) + .png)): null

2018-12-07 11:24:31 - [TEST_STEP][PASSED] - Statement - counter = counter + 1: null

2018-12-07 11:24:31 - [TEST_STEP][PASSED] - Statement - PreSaveFile = new java.io.File(((pathPrefix + java.lang.Integer.toString(counter)) + .png)): null

2018-12-07 11:24:31 - [TEST_STEP][PASSED] - Statement - counter = counter + 1: null

2018-12-07 11:24:31 - [TEST_STEP][PASSED] - Statement - PreSaveFile = new java.io.File(((pathPrefix + java.lang.Integer.toString(counter)) + .png)): null

2018-12-07 11:24:31 - [TEST_STEP][PASSED] - Statement - counter = counter + 1: null

2018-12-07 11:24:31 - [TEST_STEP][PASSED] - Statement - PreSaveFile = new java.io.File(((pathPrefix + java.lang.Integer.toString(counter)) + .png)): null

2018-12-07 11:24:31 - [TEST_STEP][PASSED] - Statement - counter = counter + 1: null

2018-12-07 11:24:31 - [TEST_STEP][PASSED] - Statement - PreSaveFile = new java.io.File(((pathPrefix + java.lang.Integer.toString(counter)) + .png)): null

2018-12-07 11:24:31 - [TEST_STEP][PASSED] - Statement - counter = counter + 1: null

2018-12-07 11:24:31 - [TEST_STEP][PASSED] - Statement - PreSaveFile = new java.io.File(((pathPrefix + java.lang.Integer.toString(counter)) + .png)): null

2018-12-07 11:24:31 - [TEST_STEP][PASSED] - Statement - counter = counter + 1: null

2018-12-07 11:24:31 - [TEST_STEP][PASSED] - Statement - PreSaveFile = new java.io.File(((pathPrefix + java.lang.Integer.toString(counter)) + .png)): null

2018-12-07 11:24:31 - [TEST_STEP][PASSED] - Statement - counter = counter + 1: null

2018-12-07 11:24:31 - [TEST_STEP][PASSED] - Statement - PreSaveFile = new java.io.File(((pathPrefix + java.lang.Integer.toString(counter)) + .png)): null

2018-12-07 11:24:31 - [TEST_STEP][PASSED] - Statement - counter = counter + 1: null

2018-12-07 11:24:32 - [TEST_STEP][PASSED] - Statement - PreSaveFile = new java.io.File(((pathPrefix + java.lang.Integer.toString(counter)) + .png)): null

2018-12-07 11:24:32 - [TEST_STEP][PASSED] - Statement - counter = counter + 1: null

2018-12-07 11:24:32 - [TEST_STEP][PASSED] - Statement - PreSaveFile = new java.io.File(((pathPrefix + java.lang.Integer.toString(counter)) + .png)): null

2018-12-07 11:24:32 - [TEST_STEP][PASSED] - Statement - counter = counter + 1: null

2018-12-07 11:24:32 - [TEST_STEP][PASSED] - Statement - PreSaveFile = new java.io.File(((pathPrefix + java.lang.Integer.toString(counter)) + .png)): null

2018-12-07 11:24:32 - [TEST_STEP][PASSED] - Statement - counter = counter + 1: null

2018-12-07 11:24:32 - [TEST_STEP][PASSED] - Statement - PreSaveFile = new java.io.File(((pathPrefix + java.lang.Integer.toString(counter)) + .png)): null

2018-12-07 11:24:32 - [TEST_STEP][PASSED] - Statement - counter = counter + 1: null

2018-12-07 11:24:32 - [TEST_STEP][PASSED] - Statement - PreSaveFile = new java.io.File(((pathPrefix + java.lang.Integer.toString(counter)) + .png)): null

2018-12-07 11:24:32 - [TEST_STEP][PASSED] - Statement - counter = counter + 1: null

2018-12-07 11:24:32 - [TEST_STEP][PASSED] - Statement - PreSaveFile = new java.io.File(((pathPrefix + java.lang.Integer.toString(counter)) + .png)): null

2018-12-07 11:24:32 - [TEST_STEP][PASSED] - Statement - counter = counter + 1: null

2018-12-07 11:24:32 - [TEST_STEP][PASSED] - Statement - PreSaveFile = new java.io.File(((pathPrefix + java.lang.Integer.toString(counter)) + .png)): null

2018-12-07 11:24:32 - [TEST_STEP][PASSED] - Statement - counter = counter + 1: null

2018-12-07 11:24:32 - [TEST_STEP][PASSED] - Statement - PreSaveFile = new java.io.File(((pathPrefix + java.lang.Integer.toString(counter)) + .png)): null

2018-12-07 11:24:32 - [TEST_STEP][PASSED] - Statement - counter = counter + 1: null

2018-12-07 11:24:32 - [TEST_STEP][PASSED] - Statement - PreSaveFile = new java.io.File(((pathPrefix + java.lang.Integer.toString(counter)) + .png)): null

2018-12-07 11:24:32 - [TEST_STEP][PASSED] - Statement - counter = counter + 1: null

2018-12-07 11:24:32 - [TEST_STEP][PASSED] - Statement - PreSaveFile = new java.io.File(((pathPrefix + java.lang.Integer.toString(counter)) + .png)): null

2018-12-07 11:24:32 - [TEST_STEP][PASSED] - Statement - counter = counter + 1: null

2018-12-07 11:24:32 - [TEST_STEP][PASSED] - Statement - PreSaveFile = new java.io.File(((pathPrefix + java.lang.Integer.toString(counter)) + .png)): null

2018-12-07 11:24:32 - [TEST_STEP][PASSED] - Statement - counter = counter + 1: null

2018-12-07 11:24:32 - [TEST_STEP][PASSED] - Statement - PreSaveFile = new java.io.File(((pathPrefix + java.lang.Integer.toString(counter)) + .png)): null

2018-12-07 11:24:32 - [TEST_STEP][PASSED] - Statement - counter = counter + 1: null

2018-12-07 11:24:32 - [TEST_STEP][PASSED] - Statement - PreSaveFile = new java.io.File(((pathPrefix + java.lang.Integer.toString(counter)) + .png)): null

2018-12-07 11:24:32 - [TEST_STEP][PASSED] - Statement - counter = counter + 1: null

2018-12-07 11:24:32 - [TEST_STEP][PASSED] - Statement - PreSaveFile = new java.io.File(((pathPrefix + java.lang.Integer.toString(counter)) + .png)): null

2018-12-07 11:24:32 - [TEST_STEP][PASSED] - Statement - counter = counter + 1: null

2018-12-07 11:24:33 - [TEST_STEP][PASSED] - Statement - PreSaveFile = new java.io.File(((pathPrefix + java.lang.Integer.toString(counter)) + .png)): null

2018-12-07 11:24:33 - [TEST_STEP][PASSED] - Statement - counter = counter + 1: null

2018-12-07 11:24:33 - [TEST_STEP][PASSED] - Statement - PreSaveFile = new java.io.File(((pathPrefix + java.lang.Integer.toString(counter)) + .png)): null

2018-12-07 11:24:33 - [TEST_STEP][PASSED] - Statement - counter = counter + 1: null

2018-12-07 11:24:33 - [TEST_STEP][PASSED] - Statement - PreSaveFile = new java.io.File(((pathPrefix + java.lang.Integer.toString(counter)) + .png)): null

2018-12-07 11:24:33 - [TEST_STEP][PASSED] - Statement - counter = counter + 1: null

2018-12-07 11:24:33 - [TEST_STEP][PASSED] - Statement - PreSaveFile = new java.io.File(((pathPrefix + java.lang.Integer.toString(counter)) + .png)): null

2018-12-07 11:24:33 - [TEST_STEP][PASSED] - Statement - counter = counter + 1: null

2018-12-07 11:24:33 - [TEST_STEP][PASSED] - Statement - PreSaveFile = new java.io.File(((pathPrefix + java.lang.Integer.toString(counter)) + .png)): null

2018-12-07 11:24:33 - [TEST_STEP][PASSED] - Statement - counter = counter + 1: null

2018-12-07 11:24:33 - [TEST_STEP][PASSED] - Statement - PreSaveFile = new java.io.File(((pathPrefix + java.lang.Integer.toString(counter)) + .png)): null

2018-12-07 11:24:33 - [TEST_STEP][PASSED] - Statement - counter = counter + 1: null

2018-12-07 11:24:33 - [TEST_STEP][PASSED] - Statement - PreSaveFile = new java.io.File(((pathPrefix + java.lang.Integer.toString(counter)) + .png)): null

2018-12-07 11:24:33 - [TEST_STEP][PASSED] - Statement - counter = counter + 1: null

2018-12-07 11:24:33 - [TEST_STEP][PASSED] - Statement - PreSaveFile = new java.io.File(((pathPrefix + java.lang.Integer.toString(counter)) + .png)): null

2018-12-07 11:24:33 - [TEST_STEP][PASSED] - Statement - counter = counter + 1: null

2018-12-07 11:24:33 - [TEST_STEP][PASSED] - Statement - PreSaveFile = new java.io.File(((pathPrefix + java.lang.Integer.toString(counter)) + .png)): null

2018-12-07 11:24:33 - [TEST_STEP][PASSED] - Statement - counter = counter + 1: null

2018-12-07 11:24:33 - [TEST_STEP][PASSED] - Statement - PreSaveFile = new java.io.File(((pathPrefix + java.lang.Integer.toString(counter)) + .png)): null

2018-12-07 11:24:33 - [TEST_STEP][PASSED] - Statement - counter = counter + 1: null

2018-12-07 11:24:33 - [TEST_STEP][PASSED] - Statement - PreSaveFile = new java.io.File(((pathPrefix + java.lang.Integer.toString(counter)) + .png)): null

2018-12-07 11:24:33 - [TEST_STEP][PASSED] - Statement - counter = counter + 1: null

2018-12-07 11:24:33 - [TEST_STEP][PASSED] - Statement - PreSaveFile = new java.io.File(((pathPrefix + java.lang.Integer.toString(counter)) + .png)): null

2018-12-07 11:24:33 - [TEST_STEP][PASSED] - Statement - counter = counter + 1: null

2018-12-07 11:24:33 - [TEST_STEP][PASSED] - Statement - PreSaveFile = new java.io.File(((pathPrefix + java.lang.Integer.toString(counter)) + .png)): null

2018-12-07 11:24:33 - [TEST_STEP][PASSED] - Statement - counter = counter + 1: null

2018-12-07 11:24:33 - [TEST_STEP][PASSED] - Statement - PreSaveFile = new java.io.File(((pathPrefix + java.lang.Integer.toString(counter)) + .png)): null

2018-12-07 11:24:33 - [TEST_STEP][PASSED] - Statement - finalPath = pathPrefix + java.lang.Integer.toString(counter) + ".png": null

2018-12-07 11:24:34 - [TEST_STEP][PASSED] - Statement - SaveFile = new java.io.File(finalPath): null

2018-12-07 11:24:34 - [TEST_STEP][PASSED] - Statement - Try: null

2018-12-07 11:24:34 - [TEST_STEP][PASSED] - Statement - org.apache.commons.io.FileUtils.copyFile(scrFile, SaveFile): null

2018-12-07 11:24:34 - [TEST_STEP][PASSED] - Statement - out.println("file kept"): null

2018-12-07 11:24:34 - [TEST_STEP][PASSED] - delay: Delayed 10 second(s)

2018-12-07 11:24:44 - [MESSAGE][PASSED] - Delayed 10 second(s)

2018-12-07 11:24:44 - [MESSAGE][PASSED] - Call Test Case 'Test Cases/Final Aug 2018 - PKS Automation/Common/Screenshoting tool' successfully

2018-12-07 11:24:44 - [TEST_STEP][PASSED] - callTestCase: Call Test Case 'Test Cases/Final Aug 2018 - PKS Automation/Registration Module/Log Out/log out avoiding katalon tagging' successfully

2018-12-07 11:24:44 - [TEST_CASE][PASSED] - Test Cases/Final Aug 2018 - PKS Automation/Registration Module/Log Out/log out avoiding katalon tagging: Test Cases/Final Aug 2018 - PKS Automation/Registration Module/Log Out/log out avoiding katalon tagging

2018-12-07 11:24:44 - [TEST_STEP][PASSED] - navigateToUrl: Navigate to 'https://assist2-uat.perkeso.gov.my/c/portal/logout' successfully

2018-12-07 11:24:44 - [MESSAGE][PASSED] - Navigate to 'https://assist2-uat.perkeso.gov.my/c/portal/logout' successfully

2018-12-07 11:24:44 - [MESSAGE][PASSED] - Call Test Case 'Test Cases/Final Aug 2018 - PKS Automation/Registration Module/Log Out/log out avoiding katalon tagging' successfully

2018-12-07 11:24:44 - [TEST_STEP][PASSED] - callTestCase: Call Test Case 'Test Cases/Final Aug 2018 - PKS Automation/Common/Workflow Owner Finder' successfully

2018-12-07 11:24:44 - [TEST_CASE][PASSED] - Test Cases/Final Aug 2018 - PKS Automation/Common/Workflow Owner Finder: Test Cases/Final Aug 2018 - PKS Automation/Common/Workflow Owner Finder

2018-12-07 11:24:44 - [TEST_STEP][PASSED] - openBrowser: Browser is opened with url: ''

2018-12-07 11:24:44 - [MESSAGE][WARNING] - A browser is already opened. Closing browser and opening a new one

2018-12-07 11:24:48 - [MESSAGE][PASSED] - Browser is opened with url: ''

2018-12-07 11:24:48 - [TEST_STEP][PASSED] - navigateToUrl: Navigate to 'https://assist2-uat.perkeso.gov.my/login' successfully

2018-12-07 11:24:49 - [MESSAGE][PASSED] - Navigate to 'https://assist2-uat.perkeso.gov.my/login' successfully

2018-12-07 11:24:49 - [TEST_STEP][PASSED] - delay: Delayed 5 second(s)

2018-12-07 11:24:54 - [MESSAGE][PASSED] - Delayed 5 second(s)

2018-12-07 11:24:54 - [TEST_STEP][PASSED] - setText: Text 'test@liferay.com' is set on object 'Object Repository/Final Object Repo/Login Page/Internal User/Email Address'

2018-12-07 11:24:54 - [MESSAGE][PASSED] - Text 'test@liferay.com' is set on object 'Object Repository/Final Object Repo/Login Page/Internal User/Email Address'

2018-12-07 11:24:54 - [TEST_STEP][PASSED] - click: Object: 'Object Repository/Final Object Repo/Login Page/Internal User/Next Button' is clicked on

2018-12-07 11:24:54 - [MESSAGE][PASSED] - Object: 'Object Repository/Final Object Repo/Login Page/Internal User/Next Button' is clicked on

2018-12-07 11:24:54 - [TEST_STEP][PASSED] - delay: Delayed 2 second(s)

2018-12-07 11:24:56 - [MESSAGE][PASSED] - Delayed 2 second(s)

2018-12-07 11:24:56 - [TEST_STEP][PASSED] - setText: Text 'test' is set on object 'Object Repository/Final Object Repo/Login Page/Internal User/Password'

2018-12-07 11:24:56 - [MESSAGE][PASSED] - Text 'test' is set on object 'Object Repository/Final Object Repo/Login Page/Internal User/Password'

2018-12-07 11:24:56 - [TEST_STEP][PASSED] - delay: Delayed 2 second(s)

2018-12-07 11:24:58 - [MESSAGE][PASSED] - Delayed 2 second(s)

2018-12-07 11:24:58 - [TEST_STEP][PASSED] - click: Object: 'Object Repository/Final Object Repo/Login Page/Internal User/Login Button' is clicked on

2018-12-07 11:24:59 - [MESSAGE][PASSED] - Object: 'Object Repository/Final Object Repo/Login Page/Internal User/Login Button' is clicked on

2018-12-07 11:24:59 - [TEST_STEP][PASSED] - Statement - tester = com.kms.katalon.core.testobject.ObjectRepository.findTestObject(Final Object Repo/Landing Page/Select to English): Finding Test Object with id 'Object Repository/Final Object Repo/Landing Page/Select to English'

2018-12-07 11:24:59 - [TEST_STEP][PASSED] - Statement - Try: Delayed 2 second(s)

2018-12-07 11:24:59 - [TEST_STEP][PASSED] - Statement - Checker = com.kms.katalon.core.webui.keyword.WebUiBuiltInKeywords.verifyElementNotPresent(tester, 3): Web element with id: 'Object Repository/Final Object Repo/Landing Page/Select to English' located by 'By.xpath: //a[@class = 'taglib-language-list-text' and @lang = 'en-US' and (contains(text(), 'EN') or contains(., 'EN'))]' is not present after '3' second(s)

2018-12-07 11:25:01 - [MESSAGE][PASSED] - Web element with id: 'Object Repository/Final Object Repo/Landing Page/Select to English' located by 'By.xpath: //a[@class = 'taglib-language-list-text' and @lang = 'en-US' and (contains(text(), 'EN') or contains(., 'EN'))]' is not present after '3' second(s)

2018-12-07 11:25:01 - [TEST_STEP][PASSED] - Statement - If (Checker == false): null

2018-12-07 11:25:01 - [TEST_STEP][PASSED] - delay: Delayed 2 second(s)

2018-12-07 11:25:03 - [MESSAGE][PASSED] - Delayed 2 second(s)

2018-12-07 11:25:03 - [TEST_STEP][PASSED] - delay: Delayed 5 second(s)

2018-12-07 11:25:08 - [MESSAGE][PASSED] - Delayed 5 second(s)

2018-12-07 11:25:08 - [TEST_STEP][PASSED] - mouseOver: Object: 'Object Repository/Final Object Repo/Landing Page/WorkFlow Menu' is hovered

2018-12-07 11:25:08 - [MESSAGE][PASSED] - Object: 'Object Repository/Final Object Repo/Landing Page/WorkFlow Menu' is hovered

2018-12-07 11:25:08 - [TEST_STEP][PASSED] - delay: Delayed 2 second(s)

2018-12-07 11:25:10 - [MESSAGE][PASSED] - Delayed 2 second(s)

2018-12-07 11:25:10 - [TEST_STEP][PASSED] - click: Object: 'Object Repository/Final Object Repo/Landing Page/Select to Workflow Listing' is clicked on

2018-12-07 11:25:11 - [MESSAGE][PASSED] - Object: 'Object Repository/Final Object Repo/Landing Page/Select to Workflow Listing' is clicked on

2018-12-07 11:25:11 - [TEST_STEP][PASSED] - delay: Delayed 2 second(s)

2018-12-07 11:25:13 - [MESSAGE][PASSED] - Delayed 2 second(s)

2018-12-07 11:25:13 - [TEST_STEP][PASSED] - click: Object: 'Object Repository/Final Object Repo/WorkFlow Listing Page/Search Information - To Put Ref No' is clicked on

2018-12-07 11:25:13 - [MESSAGE][PASSED] - Object: 'Object Repository/Final Object Repo/WorkFlow Listing Page/Search Information - To Put Ref No' is clicked on

2018-12-07 11:25:13 - [TEST_STEP][PASSED] - delay: Delayed 2 second(s)

2018-12-07 11:25:15 - [MESSAGE][PASSED] - Delayed 2 second(s)

2018-12-07 11:25:15 - [TEST_STEP][PASSED] - callTestCase: Call Test Case 'Test Cases/Final Aug 2018 - PKS Automation/Common/Reference Number Getter' successfully

2018-12-07 11:25:16 - [TEST_CASE][PASSED] - Test Cases/Final Aug 2018 - PKS Automation/Common/Reference Number Getter: Test Cases/Final Aug 2018 - PKS Automation/Common/Reference Number Getter

2018-12-07 11:25:16 - [TEST_STEP][PASSED] - Statement - Try: null

2018-12-07 11:25:16 - [TEST_STEP][PASSED] - Statement - RefNo = new java.io.File(C://Users//Admin//Desktop//PKS//Automation Reference Point//KatalonReference.txt): null

2018-12-07 11:25:16 - [TEST_STEP][PASSED] - Statement - bufferread = new java.io.BufferedReader(new java.io.FileReader(RefNo)): null

2018-12-07 11:25:16 - [TEST_STEP][PASSED] - Statement - readedVal = bufferread.readLine(): null

2018-12-07 11:25:16 - [TEST_STEP][PASSED] - Statement - out.println(CaseReferenceNo): null

2018-12-07 11:25:16 - [TEST_STEP][PASSED] - Statement - out.println(readedVal): null

2018-12-07 11:25:16 - [TEST_STEP][PASSED] - Statement - CaseReferenceNo = "": null

2018-12-07 11:25:16 - [TEST_STEP][PASSED] - Statement - CaseReferenceNo = readedVal: null

2018-12-07 11:25:16 - [MESSAGE][PASSED] - Call Test Case 'Test Cases/Final Aug 2018 - PKS Automation/Common/Reference Number Getter' successfully

2018-12-07 11:25:16 - [TEST_STEP][PASSED] - setText: Text 'CAN12201800002286' is set on object 'Object Repository/Final Object Repo/WorkFlow Listing Page/Ref No Set Text'

2018-12-07 11:25:16 - [MESSAGE][PASSED] - Text 'CAN12201800002286' is set on object 'Object Repository/Final Object Repo/WorkFlow Listing Page/Ref No Set Text'

2018-12-07 11:25:16 - [TEST_STEP][PASSED] - delay: Delayed 2 second(s)

2018-12-07 11:25:18 - [MESSAGE][PASSED] - Delayed 2 second(s)

2018-12-07 11:25:18 - [TEST_STEP][PASSED] - click: Object: 'Object Repository/Final Object Repo/WorkFlow Listing Page/Search Ref No Search Button' is clicked on

2018-12-07 11:25:18 - [MESSAGE][PASSED] - Object: 'Object Repository/Final Object Repo/WorkFlow Listing Page/Search Ref No Search Button' is clicked on

2018-12-07 11:25:18 - [TEST_STEP][PASSED] - delay: Delayed 6 second(s)

2018-12-07 11:25:24 - [MESSAGE][PASSED] - Delayed 6 second(s)

2018-12-07 11:25:24 - [TEST_STEP][PASSED] - click: Object: 'Object Repository/Final Object Repo/WorkFlow Listing Page/Click Continue Tooltip' is clicked on

2018-12-07 11:25:25 - [MESSAGE][PASSED] - Object: 'Object Repository/Final Object Repo/WorkFlow Listing Page/Click Continue Tooltip' is clicked on

2018-12-07 11:25:25 - [TEST_STEP][PASSED] - delay: Delayed 5 second(s)

2018-12-07 11:25:30 - [MESSAGE][PASSED] - Delayed 5 second(s)

2018-12-07 11:25:30 - [TEST_STEP][PASSED] - doubleClick: Object: 'Object Repository/Final Object Repo/WorkFlow Listing Page/Workflow Found - Listing 1' is double clicked on

2018-12-07 11:25:30 - [MESSAGE][PASSED] - Object: 'Object Repository/Final Object Repo/WorkFlow Listing Page/Workflow Found - Listing 1' is double clicked on

2018-12-07 11:25:30 - [TEST_STEP][PASSED] - Statement - println(OwnerID): null

2018-12-07 11:25:30 - [TEST_STEP][PASSED] - Statement - OwnerID = com.kms.katalon.core.webui.keyword.WebUiBuiltInKeywords.getText(com.kms.katalon.core.testobject.ObjectRepository.findTestObject(Final Object Repo/WorkFlow Listing Page/Workflow Found - Listing 1), STOP_ON_FAILURE): Text of object 'Object Repository/Final Object Repo/WorkFlow Listing Page/Workflow Found - Listing 1' is: 'KLpkrbo2'

2018-12-07 11:25:31 - [MESSAGE][PASSED] - Text of object 'Object Repository/Final Object Repo/WorkFlow Listing Page/Workflow Found - Listing 1' is: 'KLpkrbo2'

2018-12-07 11:25:31 - [TEST_STEP][PASSED] - Statement - OwnerID = OwnerID.toLowerCase() + "@gmail.com": null

2018-12-07 11:25:31 - [TEST_STEP][PASSED] - Statement - println(OwnerID): null

2018-12-07 11:25:31 - [TEST_STEP][PASSED] - delay: Delayed 2 second(s)

2018-12-07 11:25:33 - [MESSAGE][PASSED] - Delayed 2 second(s)

2018-12-07 11:25:33 - [MESSAGE][PASSED] - Call Test Case 'Test Cases/Final Aug 2018 - PKS Automation/Common/Workflow Owner Finder' successfully

2018-12-07 11:25:33 - [TEST_STEP][PASSED] - callTestCase: Call Test Case 'Test Cases/Final Aug 2018 - PKS Automation/Registration Module/Log Out/log out avoiding katalon tagging' successfully

2018-12-07 11:25:33 - [TEST_CASE][PASSED] - Test Cases/Final Aug 2018 - PKS Automation/Registration Module/Log Out/log out avoiding katalon tagging: Test Cases/Final Aug 2018 - PKS Automation/Registration Module/Log Out/log out avoiding katalon tagging

2018-12-07 11:25:33 - [TEST_STEP][PASSED] - navigateToUrl: Navigate to 'https://assist2-uat.perkeso.gov.my/c/portal/logout' successfully

2018-12-07 11:25:33 - [MESSAGE][PASSED] - Navigate to 'https://assist2-uat.perkeso.gov.my/c/portal/logout' successfully

2018-12-07 11:25:33 - [MESSAGE][PASSED] - Call Test Case 'Test Cases/Final Aug 2018 - PKS Automation/Registration Module/Log Out/log out avoiding katalon tagging' successfully

2018-12-07 11:25:33 - [TEST_STEP][PASSED] - delay: Delayed 2 second(s)

2018-12-07 11:25:35 - [MESSAGE][PASSED] - Delayed 2 second(s)

2018-12-07 11:25:35 - [TEST_STEP][PASSED] - setText: Text 'klpkrbo2@gmail.com' is set on object 'Object Repository/Final Object Repo/Page_Update Add New Employee - ASSIST/Email TextBox'

2018-12-07 11:25:36 - [MESSAGE][PASSED] - Text 'klpkrbo2@gmail.com' is set on object 'Object Repository/Final Object Repo/Page_Update Add New Employee - ASSIST/Email TextBox'

2018-12-07 11:25:36 - [TEST_STEP][PASSED] - click: Object: 'Object Repository/Final Object Repo/Page_Update Add New Employee - ASSIST/Next Button' is clicked on

2018-12-07 11:25:36 - [MESSAGE][PASSED] - Object: 'Object Repository/Final Object Repo/Page_Update Add New Employee - ASSIST/Next Button' is clicked on

2018-12-07 11:25:36 - [TEST_STEP][PASSED] - delay: Delayed 2 second(s)

2018-12-07 11:25:38 - [MESSAGE][PASSED] - Delayed 2 second(s)

2018-12-07 11:25:38 - [TEST_STEP][PASSED] - setText: Text 'Test1@3456789' is set on object 'Object Repository/Final Object Repo/Page_Update Add New Employee - ASSIST/Password TextBox'

2018-12-07 11:25:38 - [MESSAGE][PASSED] - Text 'Test1@3456789' is set on object 'Object Repository/Final Object Repo/Page_Update Add New Employee - ASSIST/Password TextBox'

2018-12-07 11:25:38 - [TEST_STEP][PASSED] - delay: Delayed 2 second(s)

2018-12-07 11:25:40 - [MESSAGE][PASSED] - Delayed 2 second(s)

2018-12-07 11:25:40 - [TEST_STEP][PASSED] - click: Object: 'Object Repository/Final Object Repo/Page_Update Add New Employee - ASSIST/Login Button' is clicked on

2018-12-07 11:25:40 - [MESSAGE][PASSED] - Object: 'Object Repository/Final Object Repo/Page_Update Add New Employee - ASSIST/Login Button' is clicked on

2018-12-07 11:25:40 - [TEST_STEP][PASSED] - delay: Delayed 4 second(s)

2018-12-07 11:25:44 - [MESSAGE][PASSED] - Delayed 4 second(s)

2018-12-07 11:25:44 - [TEST_STEP][PASSED] - Statement - Try: Delayed 2 second(s)

2018-12-07 11:25:44 - [TEST_STEP][PASSED] - Statement - Checker = false: null

2018-12-07 11:25:44 - [TEST_STEP][PASSED] - Statement - Checker = com.kms.katalon.core.webui.keyword.WebUiBuiltInKeywords.verifyElementHasAttribute(com.kms.katalon.core.testobject.ObjectRepository.findTestObject(Final Object Repo/Landing Page/BM Detecting), "href", 20, OPTIONAL): Object 'Object Repository/Final Object Repo/Landing Page/BM Detecting' has attribute 'href'

2018-12-07 11:25:44 - [MESSAGE][PASSED] - Object 'Object Repository/Final Object Repo/Landing Page/BM Detecting' has attribute 'href'

2018-12-07 11:25:44 - [TEST_STEP][PASSED] - Statement - out.println(Checker): null

2018-12-07 11:25:44 - [TEST_STEP][PASSED] - Statement - If (Checker == false): null

2018-12-07 11:25:44 - [TEST_STEP][PASSED] - Statement - Else: null

2018-12-07 11:25:44 - [TEST_STEP][PASSED] - delay: Delayed 2 second(s)

2018-12-07 11:25:46 - [MESSAGE][PASSED] - Delayed 2 second(s)

2018-12-07 11:25:46 - [TEST_STEP][PASSED] - delay: Delayed 4 second(s)

2018-12-07 11:25:50 - [MESSAGE][PASSED] - Delayed 4 second(s)

2018-12-07 11:25:50 - [TEST_STEP][PASSED] - click: Object: 'Object Repository/Final Object Repo/New Registration - Registration Module Pages/New Reg - OTC to RO/Special Case - All Related Objects/Expand to Search' is clicked on

2018-12-07 11:25:51 - [MESSAGE][PASSED] - Object: 'Object Repository/Final Object Repo/New Registration - Registration Module Pages/New Reg - OTC to RO/Special Case - All Related Objects/Expand to Search' is clicked on

2018-12-07 11:25:51 - [TEST_STEP][PASSED] - delay: Delayed 2 second(s)

2018-12-07 11:25:53 - [MESSAGE][PASSED] - Delayed 2 second(s)

2018-12-07 11:25:53 - [TEST_STEP][PASSED] - setText: Text 'CAN12201800002286' is set on object 'Object Repository/Final Object Repo/New Registration - Registration Module Pages/New Reg - OTC to RO/Special Case - All Related Objects/TextBox RefNo in Workbasket'

2018-12-07 11:25:53 - [MESSAGE][PASSED] - Text 'CAN12201800002286' is set on object 'Object Repository/Final Object Repo/New Registration - Registration Module Pages/New Reg - OTC to RO/Special Case - All Related Objects/TextBox RefNo in Workbasket'

2018-12-07 11:25:53 - [TEST_STEP][PASSED] - delay: Delayed 2 second(s)

2018-12-07 11:25:55 - [MESSAGE][PASSED] - Delayed 2 second(s)

2018-12-07 11:25:55 - [TEST_STEP][PASSED] - click: Object: 'Object Repository/Final Object Repo/New Registration - Registration Module Pages/New Reg - OTC to RO/Special Case - All Related Objects/Click Search' is clicked on

2018-12-07 11:25:55 - [MESSAGE][PASSED] - Object: 'Object Repository/Final Object Repo/New Registration - Registration Module Pages/New Reg - OTC to RO/Special Case - All Related Objects/Click Search' is clicked on

2018-12-07 11:25:55 - [TEST_STEP][PASSED] - delay: Delayed 2 second(s)

2018-12-07 11:25:57 - [MESSAGE][PASSED] - Delayed 2 second(s)

2018-12-07 11:25:57 - [TEST_STEP][PASSED] - click: Object: 'Object Repository/Final Object Repo/New Registration - Registration Module Pages/New Reg - OTC to RO/Special Case - All Related Objects/Click to Continue Workflow' is clicked on

2018-12-07 11:26:01 - [MESSAGE][PASSED] - Object: 'Object Repository/Final Object Repo/New Registration - Registration Module Pages/New Reg - OTC to RO/Special Case - All Related Objects/Click to Continue Workflow' is clicked on

2018-12-07 11:26:01 - [TEST_STEP][PASSED] - delay: Delayed 10 second(s)

2018-12-07 11:26:11 - [MESSAGE][PASSED] - Delayed 10 second(s)

2018-12-07 11:26:11 - [TEST_STEP][PASSED] - click: Object: 'Object Repository/Final Object Repo/Page_Update Add New Employee - ASSIST/Save  Continue Button' is clicked on

2018-12-07 11:26:11 - [MESSAGE][PASSED] - Object: 'Object Repository/Final Object Repo/Page_Update Add New Employee - ASSIST/Save  Continue Button' is clicked on

2018-12-07 11:26:11 - [TEST_STEP][PASSED] - delay: Delayed 4 second(s)

2018-12-07 11:26:15 - [MESSAGE][PASSED] - Delayed 4 second(s)

2018-12-07 11:26:15 - [TEST_STEP][PASSED] - click: Object: 'Object Repository/Final Object Repo/Page_Update Add New Employee - ASSIST/Save  Continue Third Screen' is clicked on

2018-12-07 11:26:18 - [MESSAGE][PASSED] - Object: 'Object Repository/Final Object Repo/Page_Update Add New Employee - ASSIST/Save  Continue Third Screen' is clicked on

2018-12-07 11:26:18 - [TEST_STEP][PASSED] - delay: Delayed 4 second(s)

2018-12-07 11:26:22 - [MESSAGE][PASSED] - Delayed 4 second(s)

2018-12-07 11:26:22 - [TEST_STEP][PASSED] - click: Object: 'Object Repository/Final Object Repo/Page_Update Add New Employee - ASSIST/Save   Continue Supporting Doc Page' is clicked on

2018-12-07 11:26:22 - [MESSAGE][PASSED] - Object: 'Object Repository/Final Object Repo/Page_Update Add New Employee - ASSIST/Save   Continue Supporting Doc Page' is clicked on

2018-12-07 11:26:22 - [TEST_STEP][PASSED] - delay: Delayed 4 second(s)

2018-12-07 11:26:26 - [MESSAGE][PASSED] - Delayed 4 second(s)

2018-12-07 11:26:26 - [TEST_STEP][PASSED] - click: Object: 'Object Repository/Final Object Repo/Page_Update Add New Employee - ASSIST/Submit Button' is clicked on

2018-12-07 11:26:26 - [MESSAGE][PASSED] - Object: 'Object Repository/Final Object Repo/Page_Update Add New Employee - ASSIST/Submit Button' is clicked on

2018-12-07 11:26:26 - [TEST_STEP][PASSED] - delay: Delayed 4 second(s)

2018-12-07 11:26:30 - [MESSAGE][PASSED] - Delayed 4 second(s)

2018-12-07 11:26:30 - [TEST_STEP][PASSED] - click: Object: 'Object Repository/Final Object Repo/Page_Update Add New Employee - ASSIST/Confirm Submit Button' is clicked on

2018-12-07 11:26:31 - [MESSAGE][PASSED] - Object: 'Object Repository/Final Object Repo/Page_Update Add New Employee - ASSIST/Confirm Submit Button' is clicked on

2018-12-07 11:26:31 - [TEST_STEP][PASSED] - delay: Delayed 30 second(s)

2018-12-07 11:27:01 - [MESSAGE][PASSED] - Delayed 30 second(s)

2018-12-07 11:27:01 - [TEST_STEP][PASSED] - callTestCase: Call Test Case 'Test Cases/Final Aug 2018 - PKS Automation/Common/Screenshoting tool' successfully

2018-12-07 11:27:01 - [TEST_CASE][PASSED] - Test Cases/Final Aug 2018 - PKS Automation/Common/Screenshoting tool: Test Cases/Final Aug 2018 - PKS Automation/Common/Screenshoting tool

2018-12-07 11:27:01 - [TEST_STEP][PASSED] - delay: Delayed 15 second(s)

2018-12-07 11:27:16 - [MESSAGE][PASSED] - Delayed 15 second(s)

2018-12-07 11:27:16 - [TEST_STEP][PASSED] - Statement - driver = com.kms.katalon.core.webui.driver.DriverFactory.getWebDriver(): null

2018-12-07 11:27:16 - [TEST_STEP][PASSED] - Statement - driver.manage().timeouts().implicitlyWait(10, SECONDS): null

2018-12-07 11:27:16 - [TEST_STEP][PASSED] - Statement - PresavePath = KatalonScreenshots: null

2018-12-07 11:27:16 - [TEST_STEP][PASSED] - Statement - pathPrefix = "C:\Users\Public\Pictures\Sample Pictures\Katalon Screenshots\Automate Ending Screen": null

2018-12-07 11:27:16 - [TEST_STEP][PASSED] - Statement - finalPath = <not implemented yet for class: org.codehaus.groovy.ast.expr.EmptyExpression>: null

2018-12-07 11:27:16 - [TEST_STEP][PASSED] - Statement - scrFile = driver.getScreenshotAs(FILE): null

2018-12-07 11:27:16 - [TEST_STEP][PASSED] - Statement - PreSaveFile = new java.io.File(PresavePath): null

2018-12-07 11:27:16 - [TEST_STEP][PASSED] - Statement - counter = 0: null

2018-12-07 11:27:16 - [TEST_STEP][PASSED] - Statement - If (PreSaveFile.exists()): null

2018-12-07 11:27:16 - [TEST_STEP][PASSED] - Statement - While (PreSaveFile.exists()): null

2018-12-07 11:27:16 - [TEST_STEP][PASSED] - Statement - counter = counter + 1: null

2018-12-07 11:27:16 - [TEST_STEP][PASSED] - Statement - PreSaveFile = new java.io.File(((pathPrefix + java.lang.Integer.toString(counter)) + .png)): null

2018-12-07 11:27:16 - [TEST_STEP][PASSED] - Statement - counter = counter + 1: null

2018-12-07 11:27:16 - [TEST_STEP][PASSED] - Statement - PreSaveFile = new java.io.File(((pathPrefix + java.lang.Integer.toString(counter)) + .png)): null

2018-12-07 11:27:16 - [TEST_STEP][PASSED] - Statement - counter = counter + 1: null

2018-12-07 11:27:16 - [TEST_STEP][PASSED] - Statement - PreSaveFile = new java.io.File(((pathPrefix + java.lang.Integer.toString(counter)) + .png)): null

2018-12-07 11:27:16 - [TEST_STEP][PASSED] - Statement - counter = counter + 1: null

2018-12-07 11:27:16 - [TEST_STEP][PASSED] - Statement - PreSaveFile = new java.io.File(((pathPrefix + java.lang.Integer.toString(counter)) + .png)): null

2018-12-07 11:27:16 - [TEST_STEP][PASSED] - Statement - counter = counter + 1: null

2018-12-07 11:27:16 - [TEST_STEP][PASSED] - Statement - PreSaveFile = new java.io.File(((pathPrefix + java.lang.Integer.toString(counter)) + .png)): null

2018-12-07 11:27:16 - [TEST_STEP][PASSED] - Statement - counter = counter + 1: null

2018-12-07 11:27:16 - [TEST_STEP][PASSED] - Statement - PreSaveFile = new java.io.File(((pathPrefix + java.lang.Integer.toString(counter)) + .png)): null

2018-12-07 11:27:16 - [TEST_STEP][PASSED] - Statement - counter = counter + 1: null

2018-12-07 11:27:16 - [TEST_STEP][PASSED] - Statement - PreSaveFile = new java.io.File(((pathPrefix + java.lang.Integer.toString(counter)) + .png)): null

2018-12-07 11:27:16 - [TEST_STEP][PASSED] - Statement - counter = counter + 1: null

2018-12-07 11:27:16 - [TEST_STEP][PASSED] - Statement - PreSaveFile = new java.io.File(((pathPrefix + java.lang.Integer.toString(counter)) + .png)): null

2018-12-07 11:27:16 - [TEST_STEP][PASSED] - Statement - counter = counter + 1: null

2018-12-07 11:27:16 - [TEST_STEP][PASSED] - Statement - PreSaveFile = new java.io.File(((pathPrefix + java.lang.Integer.toString(counter)) + .png)): null

2018-12-07 11:27:16 - [TEST_STEP][PASSED] - Statement - counter = counter + 1: null

2018-12-07 11:27:16 - [TEST_STEP][PASSED] - Statement - PreSaveFile = new java.io.File(((pathPrefix + java.lang.Integer.toString(counter)) + .png)): null

2018-12-07 11:27:16 - [TEST_STEP][PASSED] - Statement - counter = counter + 1: null

2018-12-07 11:27:16 - [TEST_STEP][PASSED] - Statement - PreSaveFile = new java.io.File(((pathPrefix + java.lang.Integer.toString(counter)) + .png)): null

2018-12-07 11:27:16 - [TEST_STEP][PASSED] - Statement - counter = counter + 1: null

2018-12-07 11:27:16 - [TEST_STEP][PASSED] - Statement - PreSaveFile = new java.io.File(((pathPrefix + java.lang.Integer.toString(counter)) + .png)): null

2018-12-07 11:27:16 - [TEST_STEP][PASSED] - Statement - counter = counter + 1: null

2018-12-07 11:27:16 - [TEST_STEP][PASSED] - Statement - PreSaveFile = new java.io.File(((pathPrefix + java.lang.Integer.toString(counter)) + .png)): null

2018-12-07 11:27:16 - [TEST_STEP][PASSED] - Statement - counter = counter + 1: null

2018-12-07 11:27:16 - [TEST_STEP][PASSED] - Statement - PreSaveFile = new java.io.File(((pathPrefix + java.lang.Integer.toString(counter)) + .png)): null

2018-12-07 11:27:16 - [TEST_STEP][PASSED] - Statement - counter = counter + 1: null

2018-12-07 11:27:16 - [TEST_STEP][PASSED] - Statement - PreSaveFile = new java.io.File(((pathPrefix + java.lang.Integer.toString(counter)) + .png)): null

2018-12-07 11:27:16 - [TEST_STEP][PASSED] - Statement - counter = counter + 1: null

2018-12-07 11:27:16 - [TEST_STEP][PASSED] - Statement - PreSaveFile = new java.io.File(((pathPrefix + java.lang.Integer.toString(counter)) + .png)): null

2018-12-07 11:27:16 - [TEST_STEP][PASSED] - Statement - counter = counter + 1: null

2018-12-07 11:27:16 - [TEST_STEP][PASSED] - Statement - PreSaveFile = new java.io.File(((pathPrefix + java.lang.Integer.toString(counter)) + .png)): null

2018-12-07 11:27:16 - [TEST_STEP][PASSED] - Statement - counter = counter + 1: null

2018-12-07 11:27:16 - [TEST_STEP][PASSED] - Statement - PreSaveFile = new java.io.File(((pathPrefix + java.lang.Integer.toString(counter)) + .png)): null

2018-12-07 11:27:16 - [TEST_STEP][PASSED] - Statement - counter = counter + 1: null

2018-12-07 11:27:16 - [TEST_STEP][PASSED] - Statement - PreSaveFile = new java.io.File(((pathPrefix + java.lang.Integer.toString(counter)) + .png)): null

2018-12-07 11:27:16 - [TEST_STEP][PASSED] - Statement - counter = counter + 1: null

2018-12-07 11:27:16 - [TEST_STEP][PASSED] - Statement - PreSaveFile = new java.io.File(((pathPrefix + java.lang.Integer.toString(counter)) + .png)): null

2018-12-07 11:27:17 - [TEST_STEP][PASSED] - Statement - counter = counter + 1: null

2018-12-07 11:27:17 - [TEST_STEP][PASSED] - Statement - PreSaveFile = new java.io.File(((pathPrefix + java.lang.Integer.toString(counter)) + .png)): null

2018-12-07 11:27:17 - [TEST_STEP][PASSED] - Statement - counter = counter + 1: null

2018-12-07 11:27:17 - [TEST_STEP][PASSED] - Statement - PreSaveFile = new java.io.File(((pathPrefix + java.lang.Integer.toString(counter)) + .png)): null

2018-12-07 11:27:17 - [TEST_STEP][PASSED] - Statement - counter = counter + 1: null

2018-12-07 11:27:17 - [TEST_STEP][PASSED] - Statement - PreSaveFile = new java.io.File(((pathPrefix + java.lang.Integer.toString(counter)) + .png)): null

2018-12-07 11:27:17 - [TEST_STEP][PASSED] - Statement - counter = counter + 1: null

2018-12-07 11:27:17 - [TEST_STEP][PASSED] - Statement - PreSaveFile = new java.io.File(((pathPrefix + java.lang.Integer.toString(counter)) + .png)): null

2018-12-07 11:27:17 - [TEST_STEP][PASSED] - Statement - counter = counter + 1: null

2018-12-07 11:27:17 - [TEST_STEP][PASSED] - Statement - PreSaveFile = new java.io.File(((pathPrefix + java.lang.Integer.toString(counter)) + .png)): null

2018-12-07 11:27:17 - [TEST_STEP][PASSED] - Statement - counter = counter + 1: null

2018-12-07 11:27:17 - [TEST_STEP][PASSED] - Statement - PreSaveFile = new java.io.File(((pathPrefix + java.lang.Integer.toString(counter)) + .png)): null

2018-12-07 11:27:17 - [TEST_STEP][PASSED] - Statement - counter = counter + 1: null

2018-12-07 11:27:17 - [TEST_STEP][PASSED] - Statement - PreSaveFile = new java.io.File(((pathPrefix + java.lang.Integer.toString(counter)) + .png)): null

2018-12-07 11:27:17 - [TEST_STEP][PASSED] - Statement - counter = counter + 1: null

2018-12-07 11:27:17 - [TEST_STEP][PASSED] - Statement - PreSaveFile = new java.io.File(((pathPrefix + java.lang.Integer.toString(counter)) + .png)): null

2018-12-07 11:27:17 - [TEST_STEP][PASSED] - Statement - counter = counter + 1: null

2018-12-07 11:27:17 - [TEST_STEP][PASSED] - Statement - PreSaveFile = new java.io.File(((pathPrefix + java.lang.Integer.toString(counter)) + .png)): null

2018-12-07 11:27:17 - [TEST_STEP][PASSED] - Statement - counter = counter + 1: null

2018-12-07 11:27:17 - [TEST_STEP][PASSED] - Statement - PreSaveFile = new java.io.File(((pathPrefix + java.lang.Integer.toString(counter)) + .png)): null

2018-12-07 11:27:17 - [TEST_STEP][PASSED] - Statement - counter = counter + 1: null

2018-12-07 11:27:17 - [TEST_STEP][PASSED] - Statement - PreSaveFile = new java.io.File(((pathPrefix + java.lang.Integer.toString(counter)) + .png)): null

2018-12-07 11:27:17 - [TEST_STEP][PASSED] - Statement - counter = counter + 1: null

2018-12-07 11:27:17 - [TEST_STEP][PASSED] - Statement - PreSaveFile = new java.io.File(((pathPrefix + java.lang.Integer.toString(counter)) + .png)): null

2018-12-07 11:27:17 - [TEST_STEP][PASSED] - Statement - counter = counter + 1: null

2018-12-07 11:27:17 - [TEST_STEP][PASSED] - Statement - PreSaveFile = new java.io.File(((pathPrefix + java.lang.Integer.toString(counter)) + .png)): null

2018-12-07 11:27:17 - [TEST_STEP][PASSED] - Statement - counter = counter + 1: null

2018-12-07 11:27:17 - [TEST_STEP][PASSED] - Statement - PreSaveFile = new java.io.File(((pathPrefix + java.lang.Integer.toString(counter)) + .png)): null

2018-12-07 11:27:17 - [TEST_STEP][PASSED] - Statement - counter = counter + 1: null

2018-12-07 11:27:17 - [TEST_STEP][PASSED] - Statement - PreSaveFile = new java.io.File(((pathPrefix + java.lang.Integer.toString(counter)) + .png)): null

2018-12-07 11:27:17 - [TEST_STEP][PASSED] - Statement - counter = counter + 1: null

2018-12-07 11:27:17 - [TEST_STEP][PASSED] - Statement - PreSaveFile = new java.io.File(((pathPrefix + java.lang.Integer.toString(counter)) + .png)): null

2018-12-07 11:27:17 - [TEST_STEP][PASSED] - Statement - counter = counter + 1: null

2018-12-07 11:27:17 - [TEST_STEP][PASSED] - Statement - PreSaveFile = new java.io.File(((pathPrefix + java.lang.Integer.toString(counter)) + .png)): null

2018-12-07 11:27:17 - [TEST_STEP][PASSED] - Statement - counter = counter + 1: null

2018-12-07 11:27:17 - [TEST_STEP][PASSED] - Statement - PreSaveFile = new java.io.File(((pathPrefix + java.lang.Integer.toString(counter)) + .png)): null

2018-12-07 11:27:17 - [TEST_STEP][PASSED] - Statement - counter = counter + 1: null

2018-12-07 11:27:18 - [TEST_STEP][PASSED] - Statement - PreSaveFile = new java.io.File(((pathPrefix + java.lang.Integer.toString(counter)) + .png)): null

2018-12-07 11:27:18 - [TEST_STEP][PASSED] - Statement - counter = counter + 1: null

2018-12-07 11:27:18 - [TEST_STEP][PASSED] - Statement - PreSaveFile = new java.io.File(((pathPrefix + java.lang.Integer.toString(counter)) + .png)): null

2018-12-07 11:27:18 - [TEST_STEP][PASSED] - Statement - counter = counter + 1: null

2018-12-07 11:27:18 - [TEST_STEP][PASSED] - Statement - PreSaveFile = new java.io.File(((pathPrefix + java.lang.Integer.toString(counter)) + .png)): null

2018-12-07 11:27:18 - [TEST_STEP][PASSED] - Statement - counter = counter + 1: null

2018-12-07 11:27:18 - [TEST_STEP][PASSED] - Statement - PreSaveFile = new java.io.File(((pathPrefix + java.lang.Integer.toString(counter)) + .png)): null

2018-12-07 11:27:18 - [TEST_STEP][PASSED] - Statement - counter = counter + 1: null

2018-12-07 11:27:18 - [TEST_STEP][PASSED] - Statement - PreSaveFile = new java.io.File(((pathPrefix + java.lang.Integer.toString(counter)) + .png)): null

2018-12-07 11:27:18 - [TEST_STEP][PASSED] - Statement - counter = counter + 1: null

2018-12-07 11:27:18 - [TEST_STEP][PASSED] - Statement - PreSaveFile = new java.io.File(((pathPrefix + java.lang.Integer.toString(counter)) + .png)): null

2018-12-07 11:27:18 - [TEST_STEP][PASSED] - Statement - counter = counter + 1: null

2018-12-07 11:27:18 - [TEST_STEP][PASSED] - Statement - PreSaveFile = new java.io.File(((pathPrefix + java.lang.Integer.toString(counter)) + .png)): null

2018-12-07 11:27:18 - [TEST_STEP][PASSED] - Statement - counter = counter + 1: null

2018-12-07 11:27:18 - [TEST_STEP][PASSED] - Statement - PreSaveFile = new java.io.File(((pathPrefix + java.lang.Integer.toString(counter)) + .png)): null

2018-12-07 11:27:18 - [TEST_STEP][PASSED] - Statement - counter = counter + 1: null

2018-12-07 11:27:18 - [TEST_STEP][PASSED] - Statement - PreSaveFile = new java.io.File(((pathPrefix + java.lang.Integer.toString(counter)) + .png)): null

2018-12-07 11:27:18 - [TEST_STEP][PASSED] - Statement - counter = counter + 1: null

2018-12-07 11:27:18 - [TEST_STEP][PASSED] - Statement - PreSaveFile = new java.io.File(((pathPrefix + java.lang.Integer.toString(counter)) + .png)): null

2018-12-07 11:27:18 - [TEST_STEP][PASSED] - Statement - counter = counter + 1: null

2018-12-07 11:27:18 - [TEST_STEP][PASSED] - Statement - PreSaveFile = new java.io.File(((pathPrefix + java.lang.Integer.toString(counter)) + .png)): null

2018-12-07 11:27:18 - [TEST_STEP][PASSED] - Statement - counter = counter + 1: null

2018-12-07 11:27:18 - [TEST_STEP][PASSED] - Statement - PreSaveFile = new java.io.File(((pathPrefix + java.lang.Integer.toString(counter)) + .png)): null

2018-12-07 11:27:18 - [TEST_STEP][PASSED] - Statement - counter = counter + 1: null

2018-12-07 11:27:18 - [TEST_STEP][PASSED] - Statement - PreSaveFile = new java.io.File(((pathPrefix + java.lang.Integer.toString(counter)) + .png)): null

2018-12-07 11:27:18 - [TEST_STEP][PASSED] - Statement - counter = counter + 1: null

2018-12-07 11:27:18 - [TEST_STEP][PASSED] - Statement - PreSaveFile = new java.io.File(((pathPrefix + java.lang.Integer.toString(counter)) + .png)): null

2018-12-07 11:27:18 - [TEST_STEP][PASSED] - Statement - counter = counter + 1: null

2018-12-07 11:27:19 - [TEST_STEP][PASSED] - Statement - PreSaveFile = new java.io.File(((pathPrefix + java.lang.Integer.toString(counter)) + .png)): null

2018-12-07 11:27:19 - [TEST_STEP][PASSED] - Statement - counter = counter + 1: null

2018-12-07 11:27:19 - [TEST_STEP][PASSED] - Statement - PreSaveFile = new java.io.File(((pathPrefix + java.lang.Integer.toString(counter)) + .png)): null

2018-12-07 11:27:19 - [TEST_STEP][PASSED] - Statement - counter = counter + 1: null

2018-12-07 11:27:19 - [TEST_STEP][PASSED] - Statement - PreSaveFile = new java.io.File(((pathPrefix + java.lang.Integer.toString(counter)) + .png)): null

2018-12-07 11:27:19 - [TEST_STEP][PASSED] - Statement - counter = counter + 1: null

2018-12-07 11:27:19 - [TEST_STEP][PASSED] - Statement - PreSaveFile = new java.io.File(((pathPrefix + java.lang.Integer.toString(counter)) + .png)): null

2018-12-07 11:27:19 - [TEST_STEP][PASSED] - Statement - counter = counter + 1: null

2018-12-07 11:27:19 - [TEST_STEP][PASSED] - Statement - PreSaveFile = new java.io.File(((pathPrefix + java.lang.Integer.toString(counter)) + .png)): null

2018-12-07 11:27:19 - [TEST_STEP][PASSED] - Statement - counter = counter + 1: null

2018-12-07 11:27:19 - [TEST_STEP][PASSED] - Statement - PreSaveFile = new java.io.File(((pathPrefix + java.lang.Integer.toString(counter)) + .png)): null

2018-12-07 11:27:19 - [TEST_STEP][PASSED] - Statement - counter = counter + 1: null

2018-12-07 11:27:19 - [TEST_STEP][PASSED] - Statement - PreSaveFile = new java.io.File(((pathPrefix + java.lang.Integer.toString(counter)) + .png)): null

2018-12-07 11:27:19 - [TEST_STEP][PASSED] - Statement - counter = counter + 1: null

2018-12-07 11:27:19 - [TEST_STEP][PASSED] - Statement - PreSaveFile = new java.io.File(((pathPrefix + java.lang.Integer.toString(counter)) + .png)): null

2018-12-07 11:27:19 - [TEST_STEP][PASSED] - Statement - counter = counter + 1: null

2018-12-07 11:27:19 - [TEST_STEP][PASSED] - Statement - PreSaveFile = new java.io.File(((pathPrefix + java.lang.Integer.toString(counter)) + .png)): null

2018-12-07 11:27:19 - [TEST_STEP][PASSED] - Statement - counter = counter + 1: null

2018-12-07 11:27:19 - [TEST_STEP][PASSED] - Statement - PreSaveFile = new java.io.File(((pathPrefix + java.lang.Integer.toString(counter)) + .png)): null

2018-12-07 11:27:19 - [TEST_STEP][PASSED] - Statement - counter = counter + 1: null

2018-12-07 11:27:19 - [TEST_STEP][PASSED] - Statement - PreSaveFile = new java.io.File(((pathPrefix + java.lang.Integer.toString(counter)) + .png)): null

2018-12-07 11:27:19 - [TEST_STEP][PASSED] - Statement - counter = counter + 1: null

2018-12-07 11:27:19 - [TEST_STEP][PASSED] - Statement - PreSaveFile = new java.io.File(((pathPrefix + java.lang.Integer.toString(counter)) + .png)): null

2018-12-07 11:27:19 - [TEST_STEP][PASSED] - Statement - counter = counter + 1: null

2018-12-07 11:27:19 - [TEST_STEP][PASSED] - Statement - PreSaveFile = new java.io.File(((pathPrefix + java.lang.Integer.toString(counter)) + .png)): null

2018-12-07 11:27:19 - [TEST_STEP][PASSED] - Statement - counter = counter + 1: null

2018-12-07 11:27:19 - [TEST_STEP][PASSED] - Statement - PreSaveFile = new java.io.File(((pathPrefix + java.lang.Integer.toString(counter)) + .png)): null

2018-12-07 11:27:19 - [TEST_STEP][PASSED] - Statement - counter = counter + 1: null

2018-12-07 11:27:19 - [TEST_STEP][PASSED] - Statement - PreSaveFile = new java.io.File(((pathPrefix + java.lang.Integer.toString(counter)) + .png)): null

2018-12-07 11:27:19 - [TEST_STEP][PASSED] - Statement - counter = counter + 1: null

2018-12-07 11:27:19 - [TEST_STEP][PASSED] - Statement - PreSaveFile = new java.io.File(((pathPrefix + java.lang.Integer.toString(counter)) + .png)): null

2018-12-07 11:27:19 - [TEST_STEP][PASSED] - Statement - counter = counter + 1: null

2018-12-07 11:27:19 - [TEST_STEP][PASSED] - Statement - PreSaveFile = new java.io.File(((pathPrefix + java.lang.Integer.toString(counter)) + .png)): null

2018-12-07 11:27:19 - [TEST_STEP][PASSED] - Statement - counter = counter + 1: null

2018-12-07 11:27:19 - [TEST_STEP][PASSED] - Statement - PreSaveFile = new java.io.File(((pathPrefix + java.lang.Integer.toString(counter)) + .png)): null

2018-12-07 11:27:19 - [TEST_STEP][PASSED] - Statement - counter = counter + 1: null

2018-12-07 11:27:19 - [TEST_STEP][PASSED] - Statement - PreSaveFile = new java.io.File(((pathPrefix + java.lang.Integer.toString(counter)) + .png)): null

2018-12-07 11:27:19 - [TEST_STEP][PASSED] - Statement - counter = counter + 1: null

2018-12-07 11:27:20 - [TEST_STEP][PASSED] - Statement - PreSaveFile = new java.io.File(((pathPrefix + java.lang.Integer.toString(counter)) + .png)): null

2018-12-07 11:27:20 - [TEST_STEP][PASSED] - Statement - counter = counter + 1: null

2018-12-07 11:27:20 - [TEST_STEP][PASSED] - Statement - PreSaveFile = new java.io.File(((pathPrefix + java.lang.Integer.toString(counter)) + .png)): null

2018-12-07 11:27:20 - [TEST_STEP][PASSED] - Statement - counter = counter + 1: null

2018-12-07 11:27:20 - [TEST_STEP][PASSED] - Statement - PreSaveFile = new java.io.File(((pathPrefix + java.lang.Integer.toString(counter)) + .png)): null

2018-12-07 11:27:20 - [TEST_STEP][PASSED] - Statement - counter = counter + 1: null

2018-12-07 11:27:20 - [TEST_STEP][PASSED] - Statement - PreSaveFile = new java.io.File(((pathPrefix + java.lang.Integer.toString(counter)) + .png)): null

2018-12-07 11:27:20 - [TEST_STEP][PASSED] - Statement - counter = counter + 1: null

2018-12-07 11:27:20 - [TEST_STEP][PASSED] - Statement - PreSaveFile = new java.io.File(((pathPrefix + java.lang.Integer.toString(counter)) + .png)): null

2018-12-07 11:27:20 - [TEST_STEP][PASSED] - Statement - counter = counter + 1: null

2018-12-07 11:27:20 - [TEST_STEP][PASSED] - Statement - PreSaveFile = new java.io.File(((pathPrefix + java.lang.Integer.toString(counter)) + .png)): null

2018-12-07 11:27:20 - [TEST_STEP][PASSED] - Statement - counter = counter + 1: null

2018-12-07 11:27:20 - [TEST_STEP][PASSED] - Statement - PreSaveFile = new java.io.File(((pathPrefix + java.lang.Integer.toString(counter)) + .png)): null

2018-12-07 11:27:20 - [TEST_STEP][PASSED] - Statement - counter = counter + 1: null

2018-12-07 11:27:20 - [TEST_STEP][PASSED] - Statement - PreSaveFile = new java.io.File(((pathPrefix + java.lang.Integer.toString(counter)) + .png)): null

2018-12-07 11:27:20 - [TEST_STEP][PASSED] - Statement - counter = counter + 1: null

2018-12-07 11:27:20 - [TEST_STEP][PASSED] - Statement - PreSaveFile = new java.io.File(((pathPrefix + java.lang.Integer.toString(counter)) + .png)): null

2018-12-07 11:27:20 - [TEST_STEP][PASSED] - Statement - counter = counter + 1: null

2018-12-07 11:27:20 - [TEST_STEP][PASSED] - Statement - PreSaveFile = new java.io.File(((pathPrefix + java.lang.Integer.toString(counter)) + .png)): null

2018-12-07 11:27:20 - [TEST_STEP][PASSED] - Statement - counter = counter + 1: null

2018-12-07 11:27:20 - [TEST_STEP][PASSED] - Statement - PreSaveFile = new java.io.File(((pathPrefix + java.lang.Integer.toString(counter)) + .png)): null

2018-12-07 11:27:20 - [TEST_STEP][PASSED] - Statement - counter = counter + 1: null

2018-12-07 11:27:20 - [TEST_STEP][PASSED] - Statement - PreSaveFile = new java.io.File(((pathPrefix + java.lang.Integer.toString(counter)) + .png)): null

2018-12-07 11:27:20 - [TEST_STEP][PASSED] - Statement - counter = counter + 1: null

2018-12-07 11:27:20 - [TEST_STEP][PASSED] - Statement - PreSaveFile = new java.io.File(((pathPrefix + java.lang.Integer.toString(counter)) + .png)): null

2018-12-07 11:27:20 - [TEST_STEP][PASSED] - Statement - counter = counter + 1: null

2018-12-07 11:27:20 - [TEST_STEP][PASSED] - Statement - PreSaveFile = new java.io.File(((pathPrefix + java.lang.Integer.toString(counter)) + .png)): null

2018-12-07 11:27:20 - [TEST_STEP][PASSED] - Statement - counter = counter + 1: null

2018-12-07 11:27:20 - [TEST_STEP][PASSED] - Statement - PreSaveFile = new java.io.File(((pathPrefix + java.lang.Integer.toString(counter)) + .png)): null

2018-12-07 11:27:21 - [TEST_STEP][PASSED] - Statement - counter = counter + 1: null

2018-12-07 11:27:21 - [TEST_STEP][PASSED] - Statement - PreSaveFile = new java.io.File(((pathPrefix + java.lang.Integer.toString(counter)) + .png)): null

2018-12-07 11:27:21 - [TEST_STEP][PASSED] - Statement - counter = counter + 1: null

2018-12-07 11:27:21 - [TEST_STEP][PASSED] - Statement - PreSaveFile = new java.io.File(((pathPrefix + java.lang.Integer.toString(counter)) + .png)): null

2018-12-07 11:27:21 - [TEST_STEP][PASSED] - Statement - counter = counter + 1: null

2018-12-07 11:27:21 - [TEST_STEP][PASSED] - Statement - PreSaveFile = new java.io.File(((pathPrefix + java.lang.Integer.toString(counter)) + .png)): null

2018-12-07 11:27:21 - [TEST_STEP][PASSED] - Statement - counter = counter + 1: null

2018-12-07 11:27:21 - [TEST_STEP][PASSED] - Statement - PreSaveFile = new java.io.File(((pathPrefix + java.lang.Integer.toString(counter)) + .png)): null

2018-12-07 11:27:21 - [TEST_STEP][PASSED] - Statement - counter = counter + 1: null

2018-12-07 11:27:21 - [TEST_STEP][PASSED] - Statement - PreSaveFile = new java.io.File(((pathPrefix + java.lang.Integer.toString(counter)) + .png)): null

2018-12-07 11:27:21 - [TEST_STEP][PASSED] - Statement - counter = counter + 1: null

2018-12-07 11:27:21 - [TEST_STEP][PASSED] - Statement - PreSaveFile = new java.io.File(((pathPrefix + java.lang.Integer.toString(counter)) + .png)): null

2018-12-07 11:27:21 - [TEST_STEP][PASSED] - Statement - counter = counter + 1: null

2018-12-07 11:27:21 - [TEST_STEP][PASSED] - Statement - PreSaveFile = new java.io.File(((pathPrefix + java.lang.Integer.toString(counter)) + .png)): null

2018-12-07 11:27:21 - [TEST_STEP][PASSED] - Statement - counter = counter + 1: null

2018-12-07 11:27:21 - [TEST_STEP][PASSED] - Statement - PreSaveFile = new java.io.File(((pathPrefix + java.lang.Integer.toString(counter)) + .png)): null

2018-12-07 11:27:21 - [TEST_STEP][PASSED] - Statement - counter = counter + 1: null

2018-12-07 11:27:21 - [TEST_STEP][PASSED] - Statement - PreSaveFile = new java.io.File(((pathPrefix + java.lang.Integer.toString(counter)) + .png)): null

2018-12-07 11:27:21 - [TEST_STEP][PASSED] - Statement - counter = counter + 1: null

2018-12-07 11:27:21 - [TEST_STEP][PASSED] - Statement - PreSaveFile = new java.io.File(((pathPrefix + java.lang.Integer.toString(counter)) + .png)): null

2018-12-07 11:27:21 - [TEST_STEP][PASSED] - Statement - counter = counter + 1: null

2018-12-07 11:27:21 - [TEST_STEP][PASSED] - Statement - PreSaveFile = new java.io.File(((pathPrefix + java.lang.Integer.toString(counter)) + .png)): null

2018-12-07 11:27:21 - [TEST_STEP][PASSED] - Statement - counter = counter + 1: null

2018-12-07 11:27:21 - [TEST_STEP][PASSED] - Statement - PreSaveFile = new java.io.File(((pathPrefix + java.lang.Integer.toString(counter)) + .png)): null

2018-12-07 11:27:21 - [TEST_STEP][PASSED] - Statement - counter = counter + 1: null

2018-12-07 11:27:21 - [TEST_STEP][PASSED] - Statement - PreSaveFile = new java.io.File(((pathPrefix + java.lang.Integer.toString(counter)) + .png)): null

2018-12-07 11:27:21 - [TEST_STEP][PASSED] - Statement - counter = counter + 1: null

2018-12-07 11:27:21 - [TEST_STEP][PASSED] - Statement - PreSaveFile = new java.io.File(((pathPrefix + java.lang.Integer.toString(counter)) + .png)): null

2018-12-07 11:27:21 - [TEST_STEP][PASSED] - Statement - counter = counter + 1: null

2018-12-07 11:27:22 - [TEST_STEP][PASSED] - Statement - PreSaveFile = new java.io.File(((pathPrefix + java.lang.Integer.toString(counter)) + .png)): null

2018-12-07 11:27:22 - [TEST_STEP][PASSED] - Statement - counter = counter + 1: null

2018-12-07 11:27:22 - [TEST_STEP][PASSED] - Statement - PreSaveFile = new java.io.File(((pathPrefix + java.lang.Integer.toString(counter)) + .png)): null

2018-12-07 11:27:22 - [TEST_STEP][PASSED] - Statement - counter = counter + 1: null

2018-12-07 11:27:22 - [TEST_STEP][PASSED] - Statement - PreSaveFile = new java.io.File(((pathPrefix + java.lang.Integer.toString(counter)) + .png)): null

2018-12-07 11:27:22 - [TEST_STEP][PASSED] - Statement - counter = counter + 1: null

2018-12-07 11:27:22 - [TEST_STEP][PASSED] - Statement - PreSaveFile = new java.io.File(((pathPrefix + java.lang.Integer.toString(counter)) + .png)): null

2018-12-07 11:27:22 - [TEST_STEP][PASSED] - Statement - counter = counter + 1: null

2018-12-07 11:27:22 - [TEST_STEP][PASSED] - Statement - PreSaveFile = new java.io.File(((pathPrefix + java.lang.Integer.toString(counter)) + .png)): null

2018-12-07 11:27:22 - [TEST_STEP][PASSED] - Statement - counter = counter + 1: null

2018-12-07 11:27:22 - [TEST_STEP][PASSED] - Statement - PreSaveFile = new java.io.File(((pathPrefix + java.lang.Integer.toString(counter)) + .png)): null

2018-12-07 11:27:22 - [TEST_STEP][PASSED] - Statement - counter = counter + 1: null

2018-12-07 11:27:22 - [TEST_STEP][PASSED] - Statement - PreSaveFile = new java.io.File(((pathPrefix + java.lang.Integer.toString(counter)) + .png)): null

2018-12-07 11:27:22 - [TEST_STEP][PASSED] - Statement - counter = counter + 1: null

2018-12-07 11:27:22 - [TEST_STEP][PASSED] - Statement - PreSaveFile = new java.io.File(((pathPrefix + java.lang.Integer.toString(counter)) + .png)): null

2018-12-07 11:27:22 - [TEST_STEP][PASSED] - Statement - counter = counter + 1: null

2018-12-07 11:27:22 - [TEST_STEP][PASSED] - Statement - PreSaveFile = new java.io.File(((pathPrefix + java.lang.Integer.toString(counter)) + .png)): null

2018-12-07 11:27:22 - [TEST_STEP][PASSED] - Statement - counter = counter + 1: null

2018-12-07 11:27:22 - [TEST_STEP][PASSED] - Statement - PreSaveFile = new java.io.File(((pathPrefix + java.lang.Integer.toString(counter)) + .png)): null

2018-12-07 11:27:22 - [TEST_STEP][PASSED] - Statement - counter = counter + 1: null

2018-12-07 11:27:22 - [TEST_STEP][PASSED] - Statement - PreSaveFile = new java.io.File(((pathPrefix + java.lang.Integer.toString(counter)) + .png)): null

2018-12-07 11:27:22 - [TEST_STEP][PASSED] - Statement - counter = counter + 1: null

2018-12-07 11:27:22 - [TEST_STEP][PASSED] - Statement - PreSaveFile = new java.io.File(((pathPrefix + java.lang.Integer.toString(counter)) + .png)): null

2018-12-07 11:27:22 - [TEST_STEP][PASSED] - Statement - counter = counter + 1: null

2018-12-07 11:27:22 - [TEST_STEP][PASSED] - Statement - PreSaveFile = new java.io.File(((pathPrefix + java.lang.Integer.toString(counter)) + .png)): null

2018-12-07 11:27:22 - [TEST_STEP][PASSED] - Statement - counter = counter + 1: null

2018-12-07 11:27:22 - [TEST_STEP][PASSED] - Statement - PreSaveFile = new java.io.File(((pathPrefix + java.lang.Integer.toString(counter)) + .png)): null

2018-12-07 11:27:22 - [TEST_STEP][PASSED] - Statement - counter = counter + 1: null

2018-12-07 11:27:23 - [TEST_STEP][PASSED] - Statement - PreSaveFile = new java.io.File(((pathPrefix + java.lang.Integer.toString(counter)) + .png)): null

2018-12-07 11:27:23 - [TEST_STEP][PASSED] - Statement - counter = counter + 1: null

2018-12-07 11:27:23 - [TEST_STEP][PASSED] - Statement - PreSaveFile = new java.io.File(((pathPrefix + java.lang.Integer.toString(counter)) + .png)): null

2018-12-07 11:27:23 - [TEST_STEP][PASSED] - Statement - counter = counter + 1: null

2018-12-07 11:27:23 - [TEST_STEP][PASSED] - Statement - PreSaveFile = new java.io.File(((pathPrefix + java.lang.Integer.toString(counter)) + .png)): null

2018-12-07 11:27:23 - [TEST_STEP][PASSED] - Statement - counter = counter + 1: null

2018-12-07 11:27:23 - [TEST_STEP][PASSED] - Statement - PreSaveFile = new java.io.File(((pathPrefix + java.lang.Integer.toString(counter)) + .png)): null

2018-12-07 11:27:23 - [TEST_STEP][PASSED] - Statement - counter = counter + 1: null

2018-12-07 11:27:23 - [TEST_STEP][PASSED] - Statement - PreSaveFile = new java.io.File(((pathPrefix + java.lang.Integer.toString(counter)) + .png)): null

2018-12-07 11:27:23 - [TEST_STEP][PASSED] - Statement - finalPath = pathPrefix + java.lang.Integer.toString(counter) + ".png": null

2018-12-07 11:27:23 - [TEST_STEP][PASSED] - Statement - SaveFile = new java.io.File(finalPath): null

2018-12-07 11:27:23 - [TEST_STEP][PASSED] - Statement - Try: null

2018-12-07 11:27:23 - [TEST_STEP][PASSED] - Statement - org.apache.commons.io.FileUtils.copyFile(scrFile, SaveFile): null

2018-12-07 11:27:23 - [TEST_STEP][PASSED] - Statement - out.println("file kept"): null

2018-12-07 11:27:23 - [TEST_STEP][PASSED] - delay: Delayed 10 second(s)

2018-12-07 11:27:33 - [MESSAGE][PASSED] - Delayed 10 second(s)

2018-12-07 11:27:33 - [MESSAGE][PASSED] - Call Test Case 'Test Cases/Final Aug 2018 - PKS Automation/Common/Screenshoting tool' successfully

2018-12-07 11:27:33 - [TEST_STEP][PASSED] - callTestCase: Call Test Case 'Test Cases/Final Aug 2018 - PKS Automation/Registration Module/Log Out/log out avoiding katalon tagging' successfully

2018-12-07 11:27:33 - [TEST_CASE][PASSED] - Test Cases/Final Aug 2018 - PKS Automation/Registration Module/Log Out/log out avoiding katalon tagging: Test Cases/Final Aug 2018 - PKS Automation/Registration Module/Log Out/log out avoiding katalon tagging

2018-12-07 11:27:33 - [TEST_STEP][PASSED] - navigateToUrl: Navigate to 'https://assist2-uat.perkeso.gov.my/c/portal/logout' successfully

2018-12-07 11:27:34 - [MESSAGE][PASSED] - Navigate to 'https://assist2-uat.perkeso.gov.my/c/portal/logout' successfully

2018-12-07 11:27:34 - [MESSAGE][PASSED] - Call Test Case 'Test Cases/Final Aug 2018 - PKS Automation/Registration Module/Log Out/log out avoiding katalon tagging' successfully

2018-12-07 11:27:34 - [TEST_STEP][PASSED] - callTestCase: Call Test Case 'Test Cases/Final Aug 2018 - PKS Automation/Common/Workflow Owner Finder' successfully

2018-12-07 11:27:34 - [TEST_CASE][PASSED] - Test Cases/Final Aug 2018 - PKS Automation/Common/Workflow Owner Finder: Test Cases/Final Aug 2018 - PKS Automation/Common/Workflow Owner Finder

2018-12-07 11:27:34 - [TEST_STEP][PASSED] - openBrowser: Browser is opened with url: ''

2018-12-07 11:27:34 - [MESSAGE][WARNING] - A browser is already opened. Closing browser and opening a new one

2018-12-07 11:27:37 - [MESSAGE][PASSED] - Browser is opened with url: ''

2018-12-07 11:27:37 - [TEST_STEP][PASSED] - navigateToUrl: Navigate to 'https://assist2-uat.perkeso.gov.my/login' successfully

2018-12-07 11:27:38 - [MESSAGE][PASSED] - Navigate to 'https://assist2-uat.perkeso.gov.my/login' successfully

2018-12-07 11:27:38 - [TEST_STEP][PASSED] - delay: Delayed 5 second(s)

2018-12-07 11:27:43 - [MESSAGE][PASSED] - Delayed 5 second(s)

2018-12-07 11:27:43 - [TEST_STEP][PASSED] - setText: Text 'test@liferay.com' is set on object 'Object Repository/Final Object Repo/Login Page/Internal User/Email Address'

2018-12-07 11:27:43 - [MESSAGE][PASSED] - Text 'test@liferay.com' is set on object 'Object Repository/Final Object Repo/Login Page/Internal User/Email Address'

2018-12-07 11:27:43 - [TEST_STEP][PASSED] - click: Object: 'Object Repository/Final Object Repo/Login Page/Internal User/Next Button' is clicked on

2018-12-07 11:27:43 - [MESSAGE][PASSED] - Object: 'Object Repository/Final Object Repo/Login Page/Internal User/Next Button' is clicked on

2018-12-07 11:27:43 - [TEST_STEP][PASSED] - delay: Delayed 2 second(s)

2018-12-07 11:27:45 - [MESSAGE][PASSED] - Delayed 2 second(s)

2018-12-07 11:27:45 - [TEST_STEP][PASSED] - setText: Text 'test' is set on object 'Object Repository/Final Object Repo/Login Page/Internal User/Password'

2018-12-07 11:27:46 - [MESSAGE][PASSED] - Text 'test' is set on object 'Object Repository/Final Object Repo/Login Page/Internal User/Password'

2018-12-07 11:27:46 - [TEST_STEP][PASSED] - delay: Delayed 2 second(s)

2018-12-07 11:27:48 - [MESSAGE][PASSED] - Delayed 2 second(s)

2018-12-07 11:27:48 - [TEST_STEP][PASSED] - click: Object: 'Object Repository/Final Object Repo/Login Page/Internal User/Login Button' is clicked on

2018-12-07 11:27:48 - [MESSAGE][PASSED] - Object: 'Object Repository/Final Object Repo/Login Page/Internal User/Login Button' is clicked on

2018-12-07 11:27:48 - [TEST_STEP][PASSED] - Statement - tester = com.kms.katalon.core.testobject.ObjectRepository.findTestObject(Final Object Repo/Landing Page/Select to English): Finding Test Object with id 'Object Repository/Final Object Repo/Landing Page/Select to English'

2018-12-07 11:27:48 - [TEST_STEP][PASSED] - Statement - Try: Delayed 2 second(s)

2018-12-07 11:27:48 - [TEST_STEP][PASSED] - Statement - Checker = com.kms.katalon.core.webui.keyword.WebUiBuiltInKeywords.verifyElementNotPresent(tester, 3): Web element with id: 'Object Repository/Final Object Repo/Landing Page/Select to English' located by 'By.xpath: //a[@class = 'taglib-language-list-text' and @lang = 'en-US' and (contains(text(), 'EN') or contains(., 'EN'))]' is not present after '3' second(s)

2018-12-07 11:27:50 - [MESSAGE][PASSED] - Web element with id: 'Object Repository/Final Object Repo/Landing Page/Select to English' located by 'By.xpath: //a[@class = 'taglib-language-list-text' and @lang = 'en-US' and (contains(text(), 'EN') or contains(., 'EN'))]' is not present after '3' second(s)

2018-12-07 11:27:50 - [TEST_STEP][PASSED] - Statement - If (Checker == false): null

2018-12-07 11:27:50 - [TEST_STEP][PASSED] - delay: Delayed 2 second(s)

2018-12-07 11:27:52 - [MESSAGE][PASSED] - Delayed 2 second(s)

2018-12-07 11:27:52 - [TEST_STEP][PASSED] - delay: Delayed 5 second(s)

2018-12-07 11:27:57 - [MESSAGE][PASSED] - Delayed 5 second(s)

2018-12-07 11:27:57 - [TEST_STEP][PASSED] - mouseOver: Object: 'Object Repository/Final Object Repo/Landing Page/WorkFlow Menu' is hovered

2018-12-07 11:27:57 - [MESSAGE][PASSED] - Object: 'Object Repository/Final Object Repo/Landing Page/WorkFlow Menu' is hovered

2018-12-07 11:27:57 - [TEST_STEP][PASSED] - delay: Delayed 2 second(s)

2018-12-07 11:27:59 - [MESSAGE][PASSED] - Delayed 2 second(s)

2018-12-07 11:27:59 - [TEST_STEP][PASSED] - click: Object: 'Object Repository/Final Object Repo/Landing Page/Select to Workflow Listing' is clicked on

2018-12-07 11:28:00 - [MESSAGE][PASSED] - Object: 'Object Repository/Final Object Repo/Landing Page/Select to Workflow Listing' is clicked on

2018-12-07 11:28:00 - [TEST_STEP][PASSED] - delay: Delayed 2 second(s)

2018-12-07 11:28:02 - [MESSAGE][PASSED] - Delayed 2 second(s)

2018-12-07 11:28:02 - [TEST_STEP][PASSED] - click: Object: 'Object Repository/Final Object Repo/WorkFlow Listing Page/Search Information - To Put Ref No' is clicked on

2018-12-07 11:28:02 - [MESSAGE][PASSED] - Object: 'Object Repository/Final Object Repo/WorkFlow Listing Page/Search Information - To Put Ref No' is clicked on

2018-12-07 11:28:02 - [TEST_STEP][PASSED] - delay: Delayed 2 second(s)

2018-12-07 11:28:04 - [MESSAGE][PASSED] - Delayed 2 second(s)

2018-12-07 11:28:04 - [TEST_STEP][PASSED] - callTestCase: Call Test Case 'Test Cases/Final Aug 2018 - PKS Automation/Common/Reference Number Getter' successfully

2018-12-07 11:28:04 - [TEST_CASE][PASSED] - Test Cases/Final Aug 2018 - PKS Automation/Common/Reference Number Getter: Test Cases/Final Aug 2018 - PKS Automation/Common/Reference Number Getter

2018-12-07 11:28:04 - [TEST_STEP][PASSED] - Statement - Try: null

2018-12-07 11:28:04 - [TEST_STEP][PASSED] - Statement - RefNo = new java.io.File(C://Users//Admin//Desktop//PKS//Automation Reference Point//KatalonReference.txt): null

2018-12-07 11:28:04 - [TEST_STEP][PASSED] - Statement - bufferread = new java.io.BufferedReader(new java.io.FileReader(RefNo)): null

2018-12-07 11:28:04 - [TEST_STEP][PASSED] - Statement - readedVal = bufferread.readLine(): null

2018-12-07 11:28:04 - [TEST_STEP][PASSED] - Statement - out.println(CaseReferenceNo): null

2018-12-07 11:28:04 - [TEST_STEP][PASSED] - Statement - out.println(readedVal): null

2018-12-07 11:28:04 - [TEST_STEP][PASSED] - Statement - CaseReferenceNo = "": null

2018-12-07 11:28:04 - [TEST_STEP][PASSED] - Statement - CaseReferenceNo = readedVal: null

2018-12-07 11:28:04 - [MESSAGE][PASSED] - Call Test Case 'Test Cases/Final Aug 2018 - PKS Automation/Common/Reference Number Getter' successfully

2018-12-07 11:28:04 - [TEST_STEP][PASSED] - setText: Text 'CAN12201800002286' is set on object 'Object Repository/Final Object Repo/WorkFlow Listing Page/Ref No Set Text'

2018-12-07 11:28:05 - [MESSAGE][PASSED] - Text 'CAN12201800002286' is set on object 'Object Repository/Final Object Repo/WorkFlow Listing Page/Ref No Set Text'

2018-12-07 11:28:05 - [TEST_STEP][PASSED] - delay: Delayed 2 second(s)

2018-12-07 11:28:07 - [MESSAGE][PASSED] - Delayed 2 second(s)

2018-12-07 11:28:07 - [TEST_STEP][PASSED] - click: Object: 'Object Repository/Final Object Repo/WorkFlow Listing Page/Search Ref No Search Button' is clicked on

2018-12-07 11:28:07 - [MESSAGE][PASSED] - Object: 'Object Repository/Final Object Repo/WorkFlow Listing Page/Search Ref No Search Button' is clicked on

2018-12-07 11:28:07 - [TEST_STEP][PASSED] - delay: Delayed 6 second(s)

2018-12-07 11:28:13 - [MESSAGE][PASSED] - Delayed 6 second(s)

2018-12-07 11:28:13 - [TEST_STEP][PASSED] - click: Object: 'Object Repository/Final Object Repo/WorkFlow Listing Page/Click Continue Tooltip' is clicked on

2018-12-07 11:28:14 - [MESSAGE][PASSED] - Object: 'Object Repository/Final Object Repo/WorkFlow Listing Page/Click Continue Tooltip' is clicked on

2018-12-07 11:28:14 - [TEST_STEP][PASSED] - delay: Delayed 5 second(s)

2018-12-07 11:28:19 - [MESSAGE][PASSED] - Delayed 5 second(s)

2018-12-07 11:28:19 - [TEST_STEP][PASSED] - doubleClick: Object: 'Object Repository/Final Object Repo/WorkFlow Listing Page/Workflow Found - Listing 1' is double clicked on

2018-12-07 11:28:19 - [MESSAGE][PASSED] - Object: 'Object Repository/Final Object Repo/WorkFlow Listing Page/Workflow Found - Listing 1' is double clicked on

2018-12-07 11:28:19 - [TEST_STEP][PASSED] - Statement - println(OwnerID): null

2018-12-07 11:28:19 - [TEST_STEP][PASSED] - Statement - OwnerID = com.kms.katalon.core.webui.keyword.WebUiBuiltInKeywords.getText(com.kms.katalon.core.testobject.ObjectRepository.findTestObject(Final Object Repo/WorkFlow Listing Page/Workflow Found - Listing 1), STOP_ON_FAILURE): Text of object 'Object Repository/Final Object Repo/WorkFlow Listing Page/Workflow Found - Listing 1' is: 'JOHORro3'

2018-12-07 11:28:19 - [MESSAGE][PASSED] - Text of object 'Object Repository/Final Object Repo/WorkFlow Listing Page/Workflow Found - Listing 1' is: 'JOHORro3'

2018-12-07 11:28:19 - [TEST_STEP][PASSED] - Statement - OwnerID = OwnerID.toLowerCase() + "@gmail.com": null

2018-12-07 11:28:19 - [TEST_STEP][PASSED] - Statement - println(OwnerID): null

2018-12-07 11:28:19 - [TEST_STEP][PASSED] - delay: Delayed 2 second(s)

2018-12-07 11:28:21 - [MESSAGE][PASSED] - Delayed 2 second(s)

2018-12-07 11:28:21 - [MESSAGE][PASSED] - Call Test Case 'Test Cases/Final Aug 2018 - PKS Automation/Common/Workflow Owner Finder' successfully

2018-12-07 11:28:21 - [TEST_STEP][PASSED] - callTestCase: Call Test Case 'Test Cases/Final Aug 2018 - PKS Automation/Registration Module/Log Out/log out avoiding katalon tagging' successfully

2018-12-07 11:28:21 - [TEST_CASE][PASSED] - Test Cases/Final Aug 2018 - PKS Automation/Registration Module/Log Out/log out avoiding katalon tagging: Test Cases/Final Aug 2018 - PKS Automation/Registration Module/Log Out/log out avoiding katalon tagging

2018-12-07 11:28:21 - [TEST_STEP][PASSED] - navigateToUrl: Navigate to 'https://assist2-uat.perkeso.gov.my/c/portal/logout' successfully

2018-12-07 11:28:22 - [MESSAGE][PASSED] - Navigate to 'https://assist2-uat.perkeso.gov.my/c/portal/logout' successfully

2018-12-07 11:28:22 - [MESSAGE][PASSED] - Call Test Case 'Test Cases/Final Aug 2018 - PKS Automation/Registration Module/Log Out/log out avoiding katalon tagging' successfully

2018-12-07 11:28:22 - [TEST_STEP][PASSED] - delay: Delayed 2 second(s)

2018-12-07 11:28:24 - [MESSAGE][PASSED] - Delayed 2 second(s)

2018-12-07 11:28:24 - [TEST_STEP][PASSED] - setText: Text 'johorro3@gmail.com' is set on object 'Object Repository/Final Object Repo/Page_Update Add New Employee - ASSIST/Email TextBox'

2018-12-07 11:28:25 - [MESSAGE][PASSED] - Text 'johorro3@gmail.com' is set on object 'Object Repository/Final Object Repo/Page_Update Add New Employee - ASSIST/Email TextBox'

2018-12-07 11:28:25 - [TEST_STEP][PASSED] - click: Object: 'Object Repository/Final Object Repo/Page_Update Add New Employee - ASSIST/Next Button' is clicked on

2018-12-07 11:28:25 - [MESSAGE][PASSED] - Object: 'Object Repository/Final Object Repo/Page_Update Add New Employee - ASSIST/Next Button' is clicked on

2018-12-07 11:28:25 - [TEST_STEP][PASSED] - delay: Delayed 2 second(s)

2018-12-07 11:28:27 - [MESSAGE][PASSED] - Delayed 2 second(s)

2018-12-07 11:28:27 - [TEST_STEP][PASSED] - setText: Text 'Test1@3456789' is set on object 'Object Repository/Final Object Repo/Page_Update Add New Employee - ASSIST/Password TextBox'

2018-12-07 11:28:27 - [MESSAGE][PASSED] - Text 'Test1@3456789' is set on object 'Object Repository/Final Object Repo/Page_Update Add New Employee - ASSIST/Password TextBox'

2018-12-07 11:28:27 - [TEST_STEP][PASSED] - delay: Delayed 2 second(s)

2018-12-07 11:28:29 - [MESSAGE][PASSED] - Delayed 2 second(s)

2018-12-07 11:28:29 - [TEST_STEP][PASSED] - click: Object: 'Object Repository/Final Object Repo/Page_Update Add New Employee - ASSIST/Login Button' is clicked on

2018-12-07 11:28:29 - [MESSAGE][PASSED] - Object: 'Object Repository/Final Object Repo/Page_Update Add New Employee - ASSIST/Login Button' is clicked on

2018-12-07 11:28:29 - [TEST_STEP][PASSED] - delay: Delayed 4 second(s)

2018-12-07 11:28:33 - [MESSAGE][PASSED] - Delayed 4 second(s)

2018-12-07 11:28:33 - [TEST_STEP][PASSED] - Statement - Try: Delayed 2 second(s)

2018-12-07 11:28:33 - [TEST_STEP][PASSED] - Statement - Checker = false: null

2018-12-07 11:28:33 - [TEST_STEP][PASSED] - Statement - Checker = com.kms.katalon.core.webui.keyword.WebUiBuiltInKeywords.verifyElementHasAttribute(com.kms.katalon.core.testobject.ObjectRepository.findTestObject(Final Object Repo/Landing Page/BM Detecting), "href", 20, OPTIONAL): Object 'Object Repository/Final Object Repo/Landing Page/BM Detecting' has attribute 'href'

2018-12-07 11:28:34 - [MESSAGE][PASSED] - Object 'Object Repository/Final Object Repo/Landing Page/BM Detecting' has attribute 'href'

2018-12-07 11:28:34 - [TEST_STEP][PASSED] - Statement - out.println(Checker): null

2018-12-07 11:28:34 - [TEST_STEP][PASSED] - Statement - If (Checker == false): null

2018-12-07 11:28:34 - [TEST_STEP][PASSED] - Statement - Else: null

2018-12-07 11:28:34 - [TEST_STEP][PASSED] - delay: Delayed 2 second(s)

2018-12-07 11:28:36 - [MESSAGE][PASSED] - Delayed 2 second(s)

2018-12-07 11:28:36 - [TEST_STEP][PASSED] - delay: Delayed 4 second(s)

2018-12-07 11:28:40 - [MESSAGE][PASSED] - Delayed 4 second(s)

2018-12-07 11:28:40 - [TEST_STEP][PASSED] - click: Object: 'Object Repository/Final Object Repo/New Registration - Registration Module Pages/New Reg - OTC to RO/Special Case - All Related Objects/Expand to Search' is clicked on

2018-12-07 11:28:40 - [MESSAGE][PASSED] - Object: 'Object Repository/Final Object Repo/New Registration - Registration Module Pages/New Reg - OTC to RO/Special Case - All Related Objects/Expand to Search' is clicked on

2018-12-07 11:28:40 - [TEST_STEP][PASSED] - setText: Text 'CAN12201800002286' is set on object 'Object Repository/Final Object Repo/New Registration - Registration Module Pages/New Reg - OTC to RO/Special Case - All Related Objects/TextBox RefNo in Workbasket'

2018-12-07 11:28:40 - [MESSAGE][PASSED] - Text 'CAN12201800002286' is set on object 'Object Repository/Final Object Repo/New Registration - Registration Module Pages/New Reg - OTC to RO/Special Case - All Related Objects/TextBox RefNo in Workbasket'

2018-12-07 11:28:40 - [TEST_STEP][PASSED] - delay: Delayed 2 second(s)

2018-12-07 11:28:42 - [MESSAGE][PASSED] - Delayed 2 second(s)

2018-12-07 11:28:42 - [TEST_STEP][PASSED] - click: Object: 'Object Repository/Final Object Repo/New Registration - Registration Module Pages/New Reg - OTC to RO/Special Case - All Related Objects/Click Search' is clicked on

2018-12-07 11:28:42 - [MESSAGE][PASSED] - Object: 'Object Repository/Final Object Repo/New Registration - Registration Module Pages/New Reg - OTC to RO/Special Case - All Related Objects/Click Search' is clicked on

2018-12-07 11:28:42 - [TEST_STEP][PASSED] - delay: Delayed 2 second(s)

2018-12-07 11:28:44 - [MESSAGE][PASSED] - Delayed 2 second(s)

2018-12-07 11:28:44 - [TEST_STEP][PASSED] - click: Object: 'Object Repository/Final Object Repo/New Registration - Registration Module Pages/New Reg - OTC to RO/Special Case - All Related Objects/Click to Continue Workflow' is clicked on

2018-12-07 11:28:49 - [MESSAGE][PASSED] - Object: 'Object Repository/Final Object Repo/New Registration - Registration Module Pages/New Reg - OTC to RO/Special Case - All Related Objects/Click to Continue Workflow' is clicked on

2018-12-07 11:28:49 - [TEST_STEP][PASSED] - delay: Delayed 10 second(s)

2018-12-07 11:28:59 - [MESSAGE][PASSED] - Delayed 10 second(s)

2018-12-07 11:28:59 - [TEST_STEP][PASSED] - click: Object: 'Object Repository/Final Object Repo/New Registration - Registration Module Pages/New Reg - OTC to RO/Special Case - All Related Objects/Continue Button in verifying case' is clicked on

2018-12-07 11:29:02 - [MESSAGE][PASSED] - Object: 'Object Repository/Final Object Repo/New Registration - Registration Module Pages/New Reg - OTC to RO/Special Case - All Related Objects/Continue Button in verifying case' is clicked on

2018-12-07 11:29:02 - [TEST_STEP][PASSED] - delay: Delayed 2 second(s)

2018-12-07 11:29:04 - [MESSAGE][PASSED] - Delayed 2 second(s)

2018-12-07 11:29:04 - [TEST_STEP][PASSED] - click: Object: 'Object Repository/Final Object Repo/Page_Update Add New Employee - ASSIST/Save  Continue Button' is clicked on

2018-12-07 11:29:04 - [MESSAGE][PASSED] - Object: 'Object Repository/Final Object Repo/Page_Update Add New Employee - ASSIST/Save  Continue Button' is clicked on

2018-12-07 11:29:04 - [TEST_STEP][PASSED] - delay: Delayed 6 second(s)

2018-12-07 11:29:10 - [MESSAGE][PASSED] - Delayed 6 second(s)

2018-12-07 11:29:10 - [TEST_STEP][PASSED] - click: Object: 'Object Repository/Final Object Repo/Page_Update Add New Employee - ASSIST/Save  Continue Third Screen' is clicked on

2018-12-07 11:29:13 - [MESSAGE][PASSED] - Object: 'Object Repository/Final Object Repo/Page_Update Add New Employee - ASSIST/Save  Continue Third Screen' is clicked on

2018-12-07 11:29:13 - [TEST_STEP][PASSED] - delay: Delayed 4 second(s)

2018-12-07 11:29:17 - [MESSAGE][PASSED] - Delayed 4 second(s)

2018-12-07 11:29:17 - [TEST_STEP][PASSED] - setText: Text 'Query the Case' is set on object 'Object Repository/Final Object Repo/Page_Update Add New Employee - ASSIST/Query Text Input'

2018-12-07 11:29:18 - [MESSAGE][PASSED] - Text 'Query the Case' is set on object 'Object Repository/Final Object Repo/Page_Update Add New Employee - ASSIST/Query Text Input'

2018-12-07 11:29:18 - [TEST_STEP][PASSED] - delay: Delayed 4 second(s)

2018-12-07 11:29:22 - [MESSAGE][PASSED] - Delayed 4 second(s)

2018-12-07 11:29:22 - [TEST_STEP][PASSED] - click: Object: 'Object Repository/Final Object Repo/Page_Update Add New Employee - ASSIST/Save   Continue Supporting Doc Page' is clicked on

2018-12-07 11:29:22 - [MESSAGE][PASSED] - Object: 'Object Repository/Final Object Repo/Page_Update Add New Employee - ASSIST/Save   Continue Supporting Doc Page' is clicked on

2018-12-07 11:29:22 - [TEST_STEP][PASSED] - delay: Delayed 4 second(s)

2018-12-07 11:29:26 - [MESSAGE][PASSED] - Delayed 4 second(s)

2018-12-07 11:29:26 - [TEST_STEP][PASSED] - click: Object: 'Object Repository/Final Object Repo/Page_Update Add New Employee - ASSIST/Query Button' is clicked on

2018-12-07 11:29:26 - [MESSAGE][PASSED] - Object: 'Object Repository/Final Object Repo/Page_Update Add New Employee - ASSIST/Query Button' is clicked on

2018-12-07 11:29:26 - [TEST_STEP][PASSED] - delay: Delayed 4 second(s)

2018-12-07 11:29:30 - [MESSAGE][PASSED] - Delayed 4 second(s)

2018-12-07 11:29:30 - [TEST_STEP][PASSED] - click: Object: 'Object Repository/Final Object Repo/Page_Update Add New Employee - ASSIST/Confirm to Query' is clicked on

2018-12-07 11:29:30 - [MESSAGE][PASSED] - Object: 'Object Repository/Final Object Repo/Page_Update Add New Employee - ASSIST/Confirm to Query' is clicked on

2018-12-07 11:29:30 - [TEST_STEP][PASSED] - delay: Delayed 20 second(s)

2018-12-07 11:29:50 - [MESSAGE][PASSED] - Delayed 20 second(s)

2018-12-07 11:29:50 - [TEST_STEP][PASSED] - callTestCase: Call Test Case 'Test Cases/Final Aug 2018 - PKS Automation/Common/Screenshoting tool' successfully

2018-12-07 11:29:50 - [TEST_CASE][PASSED] - Test Cases/Final Aug 2018 - PKS Automation/Common/Screenshoting tool: Test Cases/Final Aug 2018 - PKS Automation/Common/Screenshoting tool

2018-12-07 11:29:50 - [TEST_STEP][PASSED] - delay: Delayed 15 second(s)

2018-12-07 11:30:05 - [MESSAGE][PASSED] - Delayed 15 second(s)

2018-12-07 11:30:05 - [TEST_STEP][PASSED] - Statement - driver = com.kms.katalon.core.webui.driver.DriverFactory.getWebDriver(): null

2018-12-07 11:30:05 - [TEST_STEP][PASSED] - Statement - driver.manage().timeouts().implicitlyWait(10, SECONDS): null

2018-12-07 11:30:05 - [TEST_STEP][PASSED] - Statement - PresavePath = KatalonScreenshots: null

2018-12-07 11:30:05 - [TEST_STEP][PASSED] - Statement - pathPrefix = "C:\Users\Public\Pictures\Sample Pictures\Katalon Screenshots\Automate Ending Screen": null

2018-12-07 11:30:05 - [TEST_STEP][PASSED] - Statement - finalPath = <not implemented yet for class: org.codehaus.groovy.ast.expr.EmptyExpression>: null

2018-12-07 11:30:05 - [TEST_STEP][PASSED] - Statement - scrFile = driver.getScreenshotAs(FILE): null

2018-12-07 11:30:06 - [TEST_STEP][PASSED] - Statement - PreSaveFile = new java.io.File(PresavePath): null

2018-12-07 11:30:06 - [TEST_STEP][PASSED] - Statement - counter = 0: null

2018-12-07 11:30:06 - [TEST_STEP][PASSED] - Statement - If (PreSaveFile.exists()): null

2018-12-07 11:30:06 - [TEST_STEP][PASSED] - Statement - While (PreSaveFile.exists()): null

2018-12-07 11:30:06 - [TEST_STEP][PASSED] - Statement - counter = counter + 1: null

2018-12-07 11:30:06 - [TEST_STEP][PASSED] - Statement - PreSaveFile = new java.io.File(((pathPrefix + java.lang.Integer.toString(counter)) + .png)): null

2018-12-07 11:30:06 - [TEST_STEP][PASSED] - Statement - counter = counter + 1: null

2018-12-07 11:30:06 - [TEST_STEP][PASSED] - Statement - PreSaveFile = new java.io.File(((pathPrefix + java.lang.Integer.toString(counter)) + .png)): null

2018-12-07 11:30:06 - [TEST_STEP][PASSED] - Statement - counter = counter + 1: null

2018-12-07 11:30:06 - [TEST_STEP][PASSED] - Statement - PreSaveFile = new java.io.File(((pathPrefix + java.lang.Integer.toString(counter)) + .png)): null

2018-12-07 11:30:06 - [TEST_STEP][PASSED] - Statement - counter = counter + 1: null

2018-12-07 11:30:06 - [TEST_STEP][PASSED] - Statement - PreSaveFile = new java.io.File(((pathPrefix + java.lang.Integer.toString(counter)) + .png)): null

2018-12-07 11:30:06 - [TEST_STEP][PASSED] - Statement - counter = counter + 1: null

2018-12-07 11:30:06 - [TEST_STEP][PASSED] - Statement - PreSaveFile = new java.io.File(((pathPrefix + java.lang.Integer.toString(counter)) + .png)): null

2018-12-07 11:30:06 - [TEST_STEP][PASSED] - Statement - counter = counter + 1: null

2018-12-07 11:30:06 - [TEST_STEP][PASSED] - Statement - PreSaveFile = new java.io.File(((pathPrefix + java.lang.Integer.toString(counter)) + .png)): null

2018-12-07 11:30:06 - [TEST_STEP][PASSED] - Statement - counter = counter + 1: null

2018-12-07 11:30:06 - [TEST_STEP][PASSED] - Statement - PreSaveFile = new java.io.File(((pathPrefix + java.lang.Integer.toString(counter)) + .png)): null

2018-12-07 11:30:06 - [TEST_STEP][PASSED] - Statement - counter = counter + 1: null

2018-12-07 11:30:06 - [TEST_STEP][PASSED] - Statement - PreSaveFile = new java.io.File(((pathPrefix + java.lang.Integer.toString(counter)) + .png)): null

2018-12-07 11:30:06 - [TEST_STEP][PASSED] - Statement - counter = counter + 1: null

2018-12-07 11:30:06 - [TEST_STEP][PASSED] - Statement - PreSaveFile = new java.io.File(((pathPrefix + java.lang.Integer.toString(counter)) + .png)): null

2018-12-07 11:30:06 - [TEST_STEP][PASSED] - Statement - counter = counter + 1: null

2018-12-07 11:30:06 - [TEST_STEP][PASSED] - Statement - PreSaveFile = new java.io.File(((pathPrefix + java.lang.Integer.toString(counter)) + .png)): null

2018-12-07 11:30:06 - [TEST_STEP][PASSED] - Statement - counter = counter + 1: null

2018-12-07 11:30:06 - [TEST_STEP][PASSED] - Statement - PreSaveFile = new java.io.File(((pathPrefix + java.lang.Integer.toString(counter)) + .png)): null

2018-12-07 11:30:06 - [TEST_STEP][PASSED] - Statement - counter = counter + 1: null

2018-12-07 11:30:06 - [TEST_STEP][PASSED] - Statement - PreSaveFile = new java.io.File(((pathPrefix + java.lang.Integer.toString(counter)) + .png)): null

2018-12-07 11:30:06 - [TEST_STEP][PASSED] - Statement - counter = counter + 1: null

2018-12-07 11:30:06 - [TEST_STEP][PASSED] - Statement - PreSaveFile = new java.io.File(((pathPrefix + java.lang.Integer.toString(counter)) + .png)): null

2018-12-07 11:30:06 - [TEST_STEP][PASSED] - Statement - counter = counter + 1: null

2018-12-07 11:30:06 - [TEST_STEP][PASSED] - Statement - PreSaveFile = new java.io.File(((pathPrefix + java.lang.Integer.toString(counter)) + .png)): null

2018-12-07 11:30:06 - [TEST_STEP][PASSED] - Statement - counter = counter + 1: null

2018-12-07 11:30:06 - [TEST_STEP][PASSED] - Statement - PreSaveFile = new java.io.File(((pathPrefix + java.lang.Integer.toString(counter)) + .png)): null

2018-12-07 11:30:06 - [TEST_STEP][PASSED] - Statement - counter = counter + 1: null

2018-12-07 11:30:06 - [TEST_STEP][PASSED] - Statement - PreSaveFile = new java.io.File(((pathPrefix + java.lang.Integer.toString(counter)) + .png)): null

2018-12-07 11:30:06 - [TEST_STEP][PASSED] - Statement - counter = counter + 1: null

2018-12-07 11:30:06 - [TEST_STEP][PASSED] - Statement - PreSaveFile = new java.io.File(((pathPrefix + java.lang.Integer.toString(counter)) + .png)): null

2018-12-07 11:30:06 - [TEST_STEP][PASSED] - Statement - counter = counter + 1: null

2018-12-07 11:30:06 - [TEST_STEP][PASSED] - Statement - PreSaveFile = new java.io.File(((pathPrefix + java.lang.Integer.toString(counter)) + .png)): null

2018-12-07 11:30:06 - [TEST_STEP][PASSED] - Statement - counter = counter + 1: null

2018-12-07 11:30:06 - [TEST_STEP][PASSED] - Statement - PreSaveFile = new java.io.File(((pathPrefix + java.lang.Integer.toString(counter)) + .png)): null

2018-12-07 11:30:06 - [TEST_STEP][PASSED] - Statement - counter = counter + 1: null

2018-12-07 11:30:06 - [TEST_STEP][PASSED] - Statement - PreSaveFile = new java.io.File(((pathPrefix + java.lang.Integer.toString(counter)) + .png)): null

2018-12-07 11:30:06 - [TEST_STEP][PASSED] - Statement - counter = counter + 1: null

2018-12-07 11:30:06 - [TEST_STEP][PASSED] - Statement - PreSaveFile = new java.io.File(((pathPrefix + java.lang.Integer.toString(counter)) + .png)): null

2018-12-07 11:30:06 - [TEST_STEP][PASSED] - Statement - counter = counter + 1: null

2018-12-07 11:30:06 - [TEST_STEP][PASSED] - Statement - PreSaveFile = new java.io.File(((pathPrefix + java.lang.Integer.toString(counter)) + .png)): null

2018-12-07 11:30:06 - [TEST_STEP][PASSED] - Statement - counter = counter + 1: null

2018-12-07 11:30:06 - [TEST_STEP][PASSED] - Statement - PreSaveFile = new java.io.File(((pathPrefix + java.lang.Integer.toString(counter)) + .png)): null

2018-12-07 11:30:06 - [TEST_STEP][PASSED] - Statement - counter = counter + 1: null

2018-12-07 11:30:06 - [TEST_STEP][PASSED] - Statement - PreSaveFile = new java.io.File(((pathPrefix + java.lang.Integer.toString(counter)) + .png)): null

2018-12-07 11:30:06 - [TEST_STEP][PASSED] - Statement - counter = counter + 1: null

2018-12-07 11:30:07 - [TEST_STEP][PASSED] - Statement - PreSaveFile = new java.io.File(((pathPrefix + java.lang.Integer.toString(counter)) + .png)): null

2018-12-07 11:30:07 - [TEST_STEP][PASSED] - Statement - counter = counter + 1: null

2018-12-07 11:30:07 - [TEST_STEP][PASSED] - Statement - PreSaveFile = new java.io.File(((pathPrefix + java.lang.Integer.toString(counter)) + .png)): null

2018-12-07 11:30:07 - [TEST_STEP][PASSED] - Statement - counter = counter + 1: null

2018-12-07 11:30:07 - [TEST_STEP][PASSED] - Statement - PreSaveFile = new java.io.File(((pathPrefix + java.lang.Integer.toString(counter)) + .png)): null

2018-12-07 11:30:07 - [TEST_STEP][PASSED] - Statement - counter = counter + 1: null

2018-12-07 11:30:07 - [TEST_STEP][PASSED] - Statement - PreSaveFile = new java.io.File(((pathPrefix + java.lang.Integer.toString(counter)) + .png)): null

2018-12-07 11:30:07 - [TEST_STEP][PASSED] - Statement - counter = counter + 1: null

2018-12-07 11:30:07 - [TEST_STEP][PASSED] - Statement - PreSaveFile = new java.io.File(((pathPrefix + java.lang.Integer.toString(counter)) + .png)): null

2018-12-07 11:30:07 - [TEST_STEP][PASSED] - Statement - counter = counter + 1: null

2018-12-07 11:30:07 - [TEST_STEP][PASSED] - Statement - PreSaveFile = new java.io.File(((pathPrefix + java.lang.Integer.toString(counter)) + .png)): null

2018-12-07 11:30:07 - [TEST_STEP][PASSED] - Statement - counter = counter + 1: null

2018-12-07 11:30:07 - [TEST_STEP][PASSED] - Statement - PreSaveFile = new java.io.File(((pathPrefix + java.lang.Integer.toString(counter)) + .png)): null

2018-12-07 11:30:07 - [TEST_STEP][PASSED] - Statement - counter = counter + 1: null

2018-12-07 11:30:07 - [TEST_STEP][PASSED] - Statement - PreSaveFile = new java.io.File(((pathPrefix + java.lang.Integer.toString(counter)) + .png)): null

2018-12-07 11:30:07 - [TEST_STEP][PASSED] - Statement - counter = counter + 1: null

2018-12-07 11:30:07 - [TEST_STEP][PASSED] - Statement - PreSaveFile = new java.io.File(((pathPrefix + java.lang.Integer.toString(counter)) + .png)): null

2018-12-07 11:30:07 - [TEST_STEP][PASSED] - Statement - counter = counter + 1: null

2018-12-07 11:30:07 - [TEST_STEP][PASSED] - Statement - PreSaveFile = new java.io.File(((pathPrefix + java.lang.Integer.toString(counter)) + .png)): null

2018-12-07 11:30:07 - [TEST_STEP][PASSED] - Statement - counter = counter + 1: null

2018-12-07 11:30:07 - [TEST_STEP][PASSED] - Statement - PreSaveFile = new java.io.File(((pathPrefix + java.lang.Integer.toString(counter)) + .png)): null

2018-12-07 11:30:07 - [TEST_STEP][PASSED] - Statement - counter = counter + 1: null

2018-12-07 11:30:07 - [TEST_STEP][PASSED] - Statement - PreSaveFile = new java.io.File(((pathPrefix + java.lang.Integer.toString(counter)) + .png)): null

2018-12-07 11:30:07 - [TEST_STEP][PASSED] - Statement - counter = counter + 1: null

2018-12-07 11:30:07 - [TEST_STEP][PASSED] - Statement - PreSaveFile = new java.io.File(((pathPrefix + java.lang.Integer.toString(counter)) + .png)): null

2018-12-07 11:30:07 - [TEST_STEP][PASSED] - Statement - counter = counter + 1: null

2018-12-07 11:30:07 - [TEST_STEP][PASSED] - Statement - PreSaveFile = new java.io.File(((pathPrefix + java.lang.Integer.toString(counter)) + .png)): null

2018-12-07 11:30:07 - [TEST_STEP][PASSED] - Statement - counter = counter + 1: null

2018-12-07 11:30:07 - [TEST_STEP][PASSED] - Statement - PreSaveFile = new java.io.File(((pathPrefix + java.lang.Integer.toString(counter)) + .png)): null

2018-12-07 11:30:07 - [TEST_STEP][PASSED] - Statement - counter = counter + 1: null

2018-12-07 11:30:07 - [TEST_STEP][PASSED] - Statement - PreSaveFile = new java.io.File(((pathPrefix + java.lang.Integer.toString(counter)) + .png)): null

2018-12-07 11:30:07 - [TEST_STEP][PASSED] - Statement - counter = counter + 1: null

2018-12-07 11:30:07 - [TEST_STEP][PASSED] - Statement - PreSaveFile = new java.io.File(((pathPrefix + java.lang.Integer.toString(counter)) + .png)): null

2018-12-07 11:30:07 - [TEST_STEP][PASSED] - Statement - counter = counter + 1: null

2018-12-07 11:30:07 - [TEST_STEP][PASSED] - Statement - PreSaveFile = new java.io.File(((pathPrefix + java.lang.Integer.toString(counter)) + .png)): null

2018-12-07 11:30:07 - [TEST_STEP][PASSED] - Statement - counter = counter + 1: null

2018-12-07 11:30:07 - [TEST_STEP][PASSED] - Statement - PreSaveFile = new java.io.File(((pathPrefix + java.lang.Integer.toString(counter)) + .png)): null

2018-12-07 11:30:07 - [TEST_STEP][PASSED] - Statement - counter = counter + 1: null

2018-12-07 11:30:07 - [TEST_STEP][PASSED] - Statement - PreSaveFile = new java.io.File(((pathPrefix + java.lang.Integer.toString(counter)) + .png)): null

2018-12-07 11:30:07 - [TEST_STEP][PASSED] - Statement - counter = counter + 1: null

2018-12-07 11:30:07 - [TEST_STEP][PASSED] - Statement - PreSaveFile = new java.io.File(((pathPrefix + java.lang.Integer.toString(counter)) + .png)): null

2018-12-07 11:30:07 - [TEST_STEP][PASSED] - Statement - counter = counter + 1: null

2018-12-07 11:30:07 - [TEST_STEP][PASSED] - Statement - PreSaveFile = new java.io.File(((pathPrefix + java.lang.Integer.toString(counter)) + .png)): null

2018-12-07 11:30:07 - [TEST_STEP][PASSED] - Statement - counter = counter + 1: null

2018-12-07 11:30:07 - [TEST_STEP][PASSED] - Statement - PreSaveFile = new java.io.File(((pathPrefix + java.lang.Integer.toString(counter)) + .png)): null

2018-12-07 11:30:07 - [TEST_STEP][PASSED] - Statement - counter = counter + 1: null

2018-12-07 11:30:07 - [TEST_STEP][PASSED] - Statement - PreSaveFile = new java.io.File(((pathPrefix + java.lang.Integer.toString(counter)) + .png)): null

2018-12-07 11:30:07 - [TEST_STEP][PASSED] - Statement - counter = counter + 1: null

2018-12-07 11:30:08 - [TEST_STEP][PASSED] - Statement - PreSaveFile = new java.io.File(((pathPrefix + java.lang.Integer.toString(counter)) + .png)): null

2018-12-07 11:30:08 - [TEST_STEP][PASSED] - Statement - counter = counter + 1: null

2018-12-07 11:30:08 - [TEST_STEP][PASSED] - Statement - PreSaveFile = new java.io.File(((pathPrefix + java.lang.Integer.toString(counter)) + .png)): null

2018-12-07 11:30:08 - [TEST_STEP][PASSED] - Statement - counter = counter + 1: null

2018-12-07 11:30:08 - [TEST_STEP][PASSED] - Statement - PreSaveFile = new java.io.File(((pathPrefix + java.lang.Integer.toString(counter)) + .png)): null

2018-12-07 11:30:08 - [TEST_STEP][PASSED] - Statement - counter = counter + 1: null

2018-12-07 11:30:08 - [TEST_STEP][PASSED] - Statement - PreSaveFile = new java.io.File(((pathPrefix + java.lang.Integer.toString(counter)) + .png)): null

2018-12-07 11:30:08 - [TEST_STEP][PASSED] - Statement - counter = counter + 1: null

2018-12-07 11:30:08 - [TEST_STEP][PASSED] - Statement - PreSaveFile = new java.io.File(((pathPrefix + java.lang.Integer.toString(counter)) + .png)): null

2018-12-07 11:30:08 - [TEST_STEP][PASSED] - Statement - counter = counter + 1: null

2018-12-07 11:30:08 - [TEST_STEP][PASSED] - Statement - PreSaveFile = new java.io.File(((pathPrefix + java.lang.Integer.toString(counter)) + .png)): null

2018-12-07 11:30:08 - [TEST_STEP][PASSED] - Statement - counter = counter + 1: null

2018-12-07 11:30:08 - [TEST_STEP][PASSED] - Statement - PreSaveFile = new java.io.File(((pathPrefix + java.lang.Integer.toString(counter)) + .png)): null

2018-12-07 11:30:08 - [TEST_STEP][PASSED] - Statement - counter = counter + 1: null

2018-12-07 11:30:08 - [TEST_STEP][PASSED] - Statement - PreSaveFile = new java.io.File(((pathPrefix + java.lang.Integer.toString(counter)) + .png)): null

2018-12-07 11:30:08 - [TEST_STEP][PASSED] - Statement - counter = counter + 1: null

2018-12-07 11:30:08 - [TEST_STEP][PASSED] - Statement - PreSaveFile = new java.io.File(((pathPrefix + java.lang.Integer.toString(counter)) + .png)): null

2018-12-07 11:30:08 - [TEST_STEP][PASSED] - Statement - counter = counter + 1: null

2018-12-07 11:30:08 - [TEST_STEP][PASSED] - Statement - PreSaveFile = new java.io.File(((pathPrefix + java.lang.Integer.toString(counter)) + .png)): null

2018-12-07 11:30:08 - [TEST_STEP][PASSED] - Statement - counter = counter + 1: null

2018-12-07 11:30:08 - [TEST_STEP][PASSED] - Statement - PreSaveFile = new java.io.File(((pathPrefix + java.lang.Integer.toString(counter)) + .png)): null

2018-12-07 11:30:08 - [TEST_STEP][PASSED] - Statement - counter = counter + 1: null

2018-12-07 11:30:08 - [TEST_STEP][PASSED] - Statement - PreSaveFile = new java.io.File(((pathPrefix + java.lang.Integer.toString(counter)) + .png)): null

2018-12-07 11:30:08 - [TEST_STEP][PASSED] - Statement - counter = counter + 1: null

2018-12-07 11:30:08 - [TEST_STEP][PASSED] - Statement - PreSaveFile = new java.io.File(((pathPrefix + java.lang.Integer.toString(counter)) + .png)): null

2018-12-07 11:30:08 - [TEST_STEP][PASSED] - Statement - counter = counter + 1: null

2018-12-07 11:30:08 - [TEST_STEP][PASSED] - Statement - PreSaveFile = new java.io.File(((pathPrefix + java.lang.Integer.toString(counter)) + .png)): null

2018-12-07 11:30:08 - [TEST_STEP][PASSED] - Statement - counter = counter + 1: null

2018-12-07 11:30:09 - [TEST_STEP][PASSED] - Statement - PreSaveFile = new java.io.File(((pathPrefix + java.lang.Integer.toString(counter)) + .png)): null

2018-12-07 11:30:09 - [TEST_STEP][PASSED] - Statement - counter = counter + 1: null

2018-12-07 11:30:09 - [TEST_STEP][PASSED] - Statement - PreSaveFile = new java.io.File(((pathPrefix + java.lang.Integer.toString(counter)) + .png)): null

2018-12-07 11:30:09 - [TEST_STEP][PASSED] - Statement - counter = counter + 1: null

2018-12-07 11:30:09 - [TEST_STEP][PASSED] - Statement - PreSaveFile = new java.io.File(((pathPrefix + java.lang.Integer.toString(counter)) + .png)): null

2018-12-07 11:30:09 - [TEST_STEP][PASSED] - Statement - counter = counter + 1: null

2018-12-07 11:30:09 - [TEST_STEP][PASSED] - Statement - PreSaveFile = new java.io.File(((pathPrefix + java.lang.Integer.toString(counter)) + .png)): null

2018-12-07 11:30:09 - [TEST_STEP][PASSED] - Statement - counter = counter + 1: null

2018-12-07 11:30:09 - [TEST_STEP][PASSED] - Statement - PreSaveFile = new java.io.File(((pathPrefix + java.lang.Integer.toString(counter)) + .png)): null

2018-12-07 11:30:09 - [TEST_STEP][PASSED] - Statement - counter = counter + 1: null

2018-12-07 11:30:09 - [TEST_STEP][PASSED] - Statement - PreSaveFile = new java.io.File(((pathPrefix + java.lang.Integer.toString(counter)) + .png)): null

2018-12-07 11:30:09 - [TEST_STEP][PASSED] - Statement - counter = counter + 1: null

2018-12-07 11:30:09 - [TEST_STEP][PASSED] - Statement - PreSaveFile = new java.io.File(((pathPrefix + java.lang.Integer.toString(counter)) + .png)): null

2018-12-07 11:30:09 - [TEST_STEP][PASSED] - Statement - counter = counter + 1: null

2018-12-07 11:30:09 - [TEST_STEP][PASSED] - Statement - PreSaveFile = new java.io.File(((pathPrefix + java.lang.Integer.toString(counter)) + .png)): null

2018-12-07 11:30:09 - [TEST_STEP][PASSED] - Statement - counter = counter + 1: null

2018-12-07 11:30:09 - [TEST_STEP][PASSED] - Statement - PreSaveFile = new java.io.File(((pathPrefix + java.lang.Integer.toString(counter)) + .png)): null

2018-12-07 11:30:09 - [TEST_STEP][PASSED] - Statement - counter = counter + 1: null

2018-12-07 11:30:09 - [TEST_STEP][PASSED] - Statement - PreSaveFile = new java.io.File(((pathPrefix + java.lang.Integer.toString(counter)) + .png)): null

2018-12-07 11:30:09 - [TEST_STEP][PASSED] - Statement - counter = counter + 1: null

2018-12-07 11:30:09 - [TEST_STEP][PASSED] - Statement - PreSaveFile = new java.io.File(((pathPrefix + java.lang.Integer.toString(counter)) + .png)): null

2018-12-07 11:30:09 - [TEST_STEP][PASSED] - Statement - counter = counter + 1: null

2018-12-07 11:30:09 - [TEST_STEP][PASSED] - Statement - PreSaveFile = new java.io.File(((pathPrefix + java.lang.Integer.toString(counter)) + .png)): null

2018-12-07 11:30:09 - [TEST_STEP][PASSED] - Statement - counter = counter + 1: null

2018-12-07 11:30:09 - [TEST_STEP][PASSED] - Statement - PreSaveFile = new java.io.File(((pathPrefix + java.lang.Integer.toString(counter)) + .png)): null

2018-12-07 11:30:09 - [TEST_STEP][PASSED] - Statement - counter = counter + 1: null

2018-12-07 11:30:09 - [TEST_STEP][PASSED] - Statement - PreSaveFile = new java.io.File(((pathPrefix + java.lang.Integer.toString(counter)) + .png)): null

2018-12-07 11:30:09 - [TEST_STEP][PASSED] - Statement - counter = counter + 1: null

2018-12-07 11:30:09 - [TEST_STEP][PASSED] - Statement - PreSaveFile = new java.io.File(((pathPrefix + java.lang.Integer.toString(counter)) + .png)): null

2018-12-07 11:30:10 - [TEST_STEP][PASSED] - Statement - counter = counter + 1: null

2018-12-07 11:30:10 - [TEST_STEP][PASSED] - Statement - PreSaveFile = new java.io.File(((pathPrefix + java.lang.Integer.toString(counter)) + .png)): null

2018-12-07 11:30:10 - [TEST_STEP][PASSED] - Statement - counter = counter + 1: null

2018-12-07 11:30:10 - [TEST_STEP][PASSED] - Statement - PreSaveFile = new java.io.File(((pathPrefix + java.lang.Integer.toString(counter)) + .png)): null

2018-12-07 11:30:10 - [TEST_STEP][PASSED] - Statement - counter = counter + 1: null

2018-12-07 11:30:10 - [TEST_STEP][PASSED] - Statement - PreSaveFile = new java.io.File(((pathPrefix + java.lang.Integer.toString(counter)) + .png)): null

2018-12-07 11:30:10 - [TEST_STEP][PASSED] - Statement - counter = counter + 1: null

2018-12-07 11:30:10 - [TEST_STEP][PASSED] - Statement - PreSaveFile = new java.io.File(((pathPrefix + java.lang.Integer.toString(counter)) + .png)): null

2018-12-07 11:30:10 - [TEST_STEP][PASSED] - Statement - counter = counter + 1: null

2018-12-07 11:30:10 - [TEST_STEP][PASSED] - Statement - PreSaveFile = new java.io.File(((pathPrefix + java.lang.Integer.toString(counter)) + .png)): null

2018-12-07 11:30:10 - [TEST_STEP][PASSED] - Statement - counter = counter + 1: null

2018-12-07 11:30:10 - [TEST_STEP][PASSED] - Statement - PreSaveFile = new java.io.File(((pathPrefix + java.lang.Integer.toString(counter)) + .png)): null

2018-12-07 11:30:10 - [TEST_STEP][PASSED] - Statement - counter = counter + 1: null

2018-12-07 11:30:10 - [TEST_STEP][PASSED] - Statement - PreSaveFile = new java.io.File(((pathPrefix + java.lang.Integer.toString(counter)) + .png)): null

2018-12-07 11:30:10 - [TEST_STEP][PASSED] - Statement - counter = counter + 1: null

2018-12-07 11:30:10 - [TEST_STEP][PASSED] - Statement - PreSaveFile = new java.io.File(((pathPrefix + java.lang.Integer.toString(counter)) + .png)): null

2018-12-07 11:30:10 - [TEST_STEP][PASSED] - Statement - counter = counter + 1: null

2018-12-07 11:30:10 - [TEST_STEP][PASSED] - Statement - PreSaveFile = new java.io.File(((pathPrefix + java.lang.Integer.toString(counter)) + .png)): null

2018-12-07 11:30:10 - [TEST_STEP][PASSED] - Statement - counter = counter + 1: null

2018-12-07 11:30:10 - [TEST_STEP][PASSED] - Statement - PreSaveFile = new java.io.File(((pathPrefix + java.lang.Integer.toString(counter)) + .png)): null

2018-12-07 11:30:10 - [TEST_STEP][PASSED] - Statement - counter = counter + 1: null

2018-12-07 11:30:10 - [TEST_STEP][PASSED] - Statement - PreSaveFile = new java.io.File(((pathPrefix + java.lang.Integer.toString(counter)) + .png)): null

2018-12-07 11:30:10 - [TEST_STEP][PASSED] - Statement - counter = counter + 1: null

2018-12-07 11:30:10 - [TEST_STEP][PASSED] - Statement - PreSaveFile = new java.io.File(((pathPrefix + java.lang.Integer.toString(counter)) + .png)): null

2018-12-07 11:30:10 - [TEST_STEP][PASSED] - Statement - counter = counter + 1: null

2018-12-07 11:30:10 - [TEST_STEP][PASSED] - Statement - PreSaveFile = new java.io.File(((pathPrefix + java.lang.Integer.toString(counter)) + .png)): null

2018-12-07 11:30:10 - [TEST_STEP][PASSED] - Statement - counter = counter + 1: null

2018-12-07 11:30:10 - [TEST_STEP][PASSED] - Statement - PreSaveFile = new java.io.File(((pathPrefix + java.lang.Integer.toString(counter)) + .png)): null

2018-12-07 11:30:10 - [TEST_STEP][PASSED] - Statement - counter = counter + 1: null

2018-12-07 11:30:11 - [TEST_STEP][PASSED] - Statement - PreSaveFile = new java.io.File(((pathPrefix + java.lang.Integer.toString(counter)) + .png)): null

2018-12-07 11:30:11 - [TEST_STEP][PASSED] - Statement - counter = counter + 1: null

2018-12-07 11:30:11 - [TEST_STEP][PASSED] - Statement - PreSaveFile = new java.io.File(((pathPrefix + java.lang.Integer.toString(counter)) + .png)): null

2018-12-07 11:30:11 - [TEST_STEP][PASSED] - Statement - counter = counter + 1: null

2018-12-07 11:30:11 - [TEST_STEP][PASSED] - Statement - PreSaveFile = new java.io.File(((pathPrefix + java.lang.Integer.toString(counter)) + .png)): null

2018-12-07 11:30:11 - [TEST_STEP][PASSED] - Statement - counter = counter + 1: null

2018-12-07 11:30:11 - [TEST_STEP][PASSED] - Statement - PreSaveFile = new java.io.File(((pathPrefix + java.lang.Integer.toString(counter)) + .png)): null

2018-12-07 11:30:11 - [TEST_STEP][PASSED] - Statement - counter = counter + 1: null

2018-12-07 11:30:11 - [TEST_STEP][PASSED] - Statement - PreSaveFile = new java.io.File(((pathPrefix + java.lang.Integer.toString(counter)) + .png)): null

2018-12-07 11:30:11 - [TEST_STEP][PASSED] - Statement - counter = counter + 1: null

2018-12-07 11:30:11 - [TEST_STEP][PASSED] - Statement - PreSaveFile = new java.io.File(((pathPrefix + java.lang.Integer.toString(counter)) + .png)): null

2018-12-07 11:30:11 - [TEST_STEP][PASSED] - Statement - counter = counter + 1: null

2018-12-07 11:30:11 - [TEST_STEP][PASSED] - Statement - PreSaveFile = new java.io.File(((pathPrefix + java.lang.Integer.toString(counter)) + .png)): null

2018-12-07 11:30:11 - [TEST_STEP][PASSED] - Statement - counter = counter + 1: null

2018-12-07 11:30:11 - [TEST_STEP][PASSED] - Statement - PreSaveFile = new java.io.File(((pathPrefix + java.lang.Integer.toString(counter)) + .png)): null

2018-12-07 11:30:11 - [TEST_STEP][PASSED] - Statement - counter = counter + 1: null

2018-12-07 11:30:11 - [TEST_STEP][PASSED] - Statement - PreSaveFile = new java.io.File(((pathPrefix + java.lang.Integer.toString(counter)) + .png)): null

2018-12-07 11:30:11 - [TEST_STEP][PASSED] - Statement - counter = counter + 1: null

2018-12-07 11:30:11 - [TEST_STEP][PASSED] - Statement - PreSaveFile = new java.io.File(((pathPrefix + java.lang.Integer.toString(counter)) + .png)): null

2018-12-07 11:30:11 - [TEST_STEP][PASSED] - Statement - counter = counter + 1: null

2018-12-07 11:30:11 - [TEST_STEP][PASSED] - Statement - PreSaveFile = new java.io.File(((pathPrefix + java.lang.Integer.toString(counter)) + .png)): null

2018-12-07 11:30:11 - [TEST_STEP][PASSED] - Statement - counter = counter + 1: null

2018-12-07 11:30:11 - [TEST_STEP][PASSED] - Statement - PreSaveFile = new java.io.File(((pathPrefix + java.lang.Integer.toString(counter)) + .png)): null

2018-12-07 11:30:11 - [TEST_STEP][PASSED] - Statement - counter = counter + 1: null

2018-12-07 11:30:11 - [TEST_STEP][PASSED] - Statement - PreSaveFile = new java.io.File(((pathPrefix + java.lang.Integer.toString(counter)) + .png)): null

2018-12-07 11:30:11 - [TEST_STEP][PASSED] - Statement - counter = counter + 1: null

2018-12-07 11:30:11 - [TEST_STEP][PASSED] - Statement - PreSaveFile = new java.io.File(((pathPrefix + java.lang.Integer.toString(counter)) + .png)): null

2018-12-07 11:30:11 - [TEST_STEP][PASSED] - Statement - counter = counter + 1: null

2018-12-07 11:30:12 - [TEST_STEP][PASSED] - Statement - PreSaveFile = new java.io.File(((pathPrefix + java.lang.Integer.toString(counter)) + .png)): null

2018-12-07 11:30:12 - [TEST_STEP][PASSED] - Statement - counter = counter + 1: null

2018-12-07 11:30:12 - [TEST_STEP][PASSED] - Statement - PreSaveFile = new java.io.File(((pathPrefix + java.lang.Integer.toString(counter)) + .png)): null

2018-12-07 11:30:12 - [TEST_STEP][PASSED] - Statement - counter = counter + 1: null

2018-12-07 11:30:12 - [TEST_STEP][PASSED] - Statement - PreSaveFile = new java.io.File(((pathPrefix + java.lang.Integer.toString(counter)) + .png)): null

2018-12-07 11:30:12 - [TEST_STEP][PASSED] - Statement - counter = counter + 1: null

2018-12-07 11:30:12 - [TEST_STEP][PASSED] - Statement - PreSaveFile = new java.io.File(((pathPrefix + java.lang.Integer.toString(counter)) + .png)): null

2018-12-07 11:30:12 - [TEST_STEP][PASSED] - Statement - counter = counter + 1: null

2018-12-07 11:30:12 - [TEST_STEP][PASSED] - Statement - PreSaveFile = new java.io.File(((pathPrefix + java.lang.Integer.toString(counter)) + .png)): null

2018-12-07 11:30:12 - [TEST_STEP][PASSED] - Statement - counter = counter + 1: null

2018-12-07 11:30:12 - [TEST_STEP][PASSED] - Statement - PreSaveFile = new java.io.File(((pathPrefix + java.lang.Integer.toString(counter)) + .png)): null

2018-12-07 11:30:12 - [TEST_STEP][PASSED] - Statement - counter = counter + 1: null

2018-12-07 11:30:12 - [TEST_STEP][PASSED] - Statement - PreSaveFile = new java.io.File(((pathPrefix + java.lang.Integer.toString(counter)) + .png)): null

2018-12-07 11:30:12 - [TEST_STEP][PASSED] - Statement - counter = counter + 1: null

2018-12-07 11:30:12 - [TEST_STEP][PASSED] - Statement - PreSaveFile = new java.io.File(((pathPrefix + java.lang.Integer.toString(counter)) + .png)): null

2018-12-07 11:30:12 - [TEST_STEP][PASSED] - Statement - counter = counter + 1: null

2018-12-07 11:30:12 - [TEST_STEP][PASSED] - Statement - PreSaveFile = new java.io.File(((pathPrefix + java.lang.Integer.toString(counter)) + .png)): null

2018-12-07 11:30:12 - [TEST_STEP][PASSED] - Statement - counter = counter + 1: null

2018-12-07 11:30:12 - [TEST_STEP][PASSED] - Statement - PreSaveFile = new java.io.File(((pathPrefix + java.lang.Integer.toString(counter)) + .png)): null

2018-12-07 11:30:12 - [TEST_STEP][PASSED] - Statement - counter = counter + 1: null

2018-12-07 11:30:12 - [TEST_STEP][PASSED] - Statement - PreSaveFile = new java.io.File(((pathPrefix + java.lang.Integer.toString(counter)) + .png)): null

2018-12-07 11:30:12 - [TEST_STEP][PASSED] - Statement - counter = counter + 1: null

2018-12-07 11:30:12 - [TEST_STEP][PASSED] - Statement - PreSaveFile = new java.io.File(((pathPrefix + java.lang.Integer.toString(counter)) + .png)): null

2018-12-07 11:30:12 - [TEST_STEP][PASSED] - Statement - counter = counter + 1: null

2018-12-07 11:30:12 - [TEST_STEP][PASSED] - Statement - PreSaveFile = new java.io.File(((pathPrefix + java.lang.Integer.toString(counter)) + .png)): null

2018-12-07 11:30:12 - [TEST_STEP][PASSED] - Statement - counter = counter + 1: null

2018-12-07 11:30:12 - [TEST_STEP][PASSED] - Statement - PreSaveFile = new java.io.File(((pathPrefix + java.lang.Integer.toString(counter)) + .png)): null

2018-12-07 11:30:12 - [TEST_STEP][PASSED] - Statement - counter = counter + 1: null

2018-12-07 11:30:12 - [TEST_STEP][PASSED] - Statement - PreSaveFile = new java.io.File(((pathPrefix + java.lang.Integer.toString(counter)) + .png)): null

2018-12-07 11:30:13 - [TEST_STEP][PASSED] - Statement - finalPath = pathPrefix + java.lang.Integer.toString(counter) + ".png": null

2018-12-07 11:30:13 - [TEST_STEP][PASSED] - Statement - SaveFile = new java.io.File(finalPath): null

2018-12-07 11:30:13 - [TEST_STEP][PASSED] - Statement - Try: null

2018-12-07 11:30:13 - [TEST_STEP][PASSED] - Statement - org.apache.commons.io.FileUtils.copyFile(scrFile, SaveFile): null

2018-12-07 11:30:13 - [TEST_STEP][PASSED] - Statement - out.println("file kept"): null

2018-12-07 11:30:13 - [TEST_STEP][PASSED] - delay: Delayed 10 second(s)

2018-12-07 11:30:23 - [MESSAGE][PASSED] - Delayed 10 second(s)

2018-12-07 11:30:23 - [MESSAGE][PASSED] - Call Test Case 'Test Cases/Final Aug 2018 - PKS Automation/Common/Screenshoting tool' successfully

2018-12-07 11:30:23 - [TEST_STEP][PASSED] - callTestCase: Call Test Case 'Test Cases/Final Aug 2018 - PKS Automation/Registration Module/Log Out/log out avoiding katalon tagging' successfully

2018-12-07 11:30:23 - [TEST_CASE][PASSED] - Test Cases/Final Aug 2018 - PKS Automation/Registration Module/Log Out/log out avoiding katalon tagging: Test Cases/Final Aug 2018 - PKS Automation/Registration Module/Log Out/log out avoiding katalon tagging

2018-12-07 11:30:23 - [TEST_STEP][PASSED] - navigateToUrl: Navigate to 'https://assist2-uat.perkeso.gov.my/c/portal/logout' successfully

2018-12-07 11:30:23 - [MESSAGE][PASSED] - Navigate to 'https://assist2-uat.perkeso.gov.my/c/portal/logout' successfully

2018-12-07 11:30:23 - [MESSAGE][PASSED] - Call Test Case 'Test Cases/Final Aug 2018 - PKS Automation/Registration Module/Log Out/log out avoiding katalon tagging' successfully

2018-12-07 11:30:23 - [TEST_STEP][PASSED] - delay: Delayed 4 second(s)

2018-12-07 11:30:27 - [MESSAGE][PASSED] - Delayed 4 second(s)

2018-12-07 11:30:27 - [TEST_STEP][PASSED] - setText: Text 'klpkrbo2@gmail.com' is set on object 'Object Repository/Final Object Repo/Login Page/Internal User/Email Address'

2018-12-07 11:30:28 - [MESSAGE][PASSED] - Text 'klpkrbo2@gmail.com' is set on object 'Object Repository/Final Object Repo/Login Page/Internal User/Email Address'

2018-12-07 11:30:28 - [TEST_STEP][PASSED] - click: Object: 'Object Repository/Final Object Repo/Login Page/Internal User/Next Button' is clicked on

2018-12-07 11:30:28 - [MESSAGE][PASSED] - Object: 'Object Repository/Final Object Repo/Login Page/Internal User/Next Button' is clicked on

2018-12-07 11:30:28 - [TEST_STEP][PASSED] - delay: Delayed 2 second(s)

2018-12-07 11:30:30 - [MESSAGE][PASSED] - Delayed 2 second(s)

2018-12-07 11:30:30 - [TEST_STEP][PASSED] - setText: Text 'Test1@3456789' is set on object 'Object Repository/Final Object Repo/Login Page/Internal User/Password'

2018-12-07 11:30:30 - [MESSAGE][PASSED] - Text 'Test1@3456789' is set on object 'Object Repository/Final Object Repo/Login Page/Internal User/Password'

2018-12-07 11:30:30 - [TEST_STEP][PASSED] - delay: Delayed 2 second(s)

2018-12-07 11:30:32 - [MESSAGE][PASSED] - Delayed 2 second(s)

2018-12-07 11:30:32 - [TEST_STEP][PASSED] - click: Object: 'Object Repository/Final Object Repo/Login Page/Internal User/Login Button' is clicked on

2018-12-07 11:30:32 - [MESSAGE][PASSED] - Object: 'Object Repository/Final Object Repo/Login Page/Internal User/Login Button' is clicked on

2018-12-07 11:30:32 - [TEST_STEP][PASSED] - delay: Delayed 4 second(s)

2018-12-07 11:30:36 - [MESSAGE][PASSED] - Delayed 4 second(s)

2018-12-07 11:30:36 - [TEST_STEP][PASSED] - Statement - Try: Delayed 2 second(s)

2018-12-07 11:30:36 - [TEST_STEP][PASSED] - Statement - Checker = false: null

2018-12-07 11:30:36 - [TEST_STEP][PASSED] - Statement - Checker = com.kms.katalon.core.webui.keyword.WebUiBuiltInKeywords.verifyElementHasAttribute(com.kms.katalon.core.testobject.ObjectRepository.findTestObject(Final Object Repo/Landing Page/BM Detecting), "href", 20, OPTIONAL): Object 'Object Repository/Final Object Repo/Landing Page/BM Detecting' has attribute 'href'

2018-12-07 11:30:37 - [MESSAGE][PASSED] - Object 'Object Repository/Final Object Repo/Landing Page/BM Detecting' has attribute 'href'

2018-12-07 11:30:37 - [TEST_STEP][PASSED] - Statement - out.println(Checker): null

2018-12-07 11:30:37 - [TEST_STEP][PASSED] - Statement - If (Checker == false): null

2018-12-07 11:30:37 - [TEST_STEP][PASSED] - Statement - Else: null

2018-12-07 11:30:37 - [TEST_STEP][PASSED] - delay: Delayed 2 second(s)

2018-12-07 11:30:39 - [MESSAGE][PASSED] - Delayed 2 second(s)

2018-12-07 11:30:39 - [TEST_STEP][PASSED] - delay: Delayed 4 second(s)

2018-12-07 11:30:43 - [MESSAGE][PASSED] - Delayed 4 second(s)

2018-12-07 11:30:43 - [TEST_STEP][PASSED] - click: Object: 'Object Repository/Final Object Repo/Landing Page/My Sites Drop Down' is clicked on

2018-12-07 11:30:43 - [MESSAGE][PASSED] - Object: 'Object Repository/Final Object Repo/Landing Page/My Sites Drop Down' is clicked on

2018-12-07 11:30:43 - [TEST_STEP][PASSED] - click: Object: 'Object Repository/Final Object Repo/Landing Page/Select to Registration Module' is clicked on

2018-12-07 11:30:44 - [MESSAGE][PASSED] - Object: 'Object Repository/Final Object Repo/Landing Page/Select to Registration Module' is clicked on

2018-12-07 11:30:44 - [TEST_STEP][PASSED] - delay: Delayed 2 second(s)

2018-12-07 11:30:46 - [MESSAGE][PASSED] - Delayed 2 second(s)

2018-12-07 11:30:46 - [TEST_STEP][PASSED] - mouseOver: Object: 'Object Repository/Final Object Repo/Page_Update Add New Employee - ASSIST/Hover Over Search Drop Down' is hovered

2018-12-07 11:30:46 - [MESSAGE][PASSED] - Object: 'Object Repository/Final Object Repo/Page_Update Add New Employee - ASSIST/Hover Over Search Drop Down' is hovered

2018-12-07 11:30:46 - [TEST_STEP][PASSED] - click: Object: 'Object Repository/Final Object Repo/Page_Update Add New Employee - ASSIST/Select Search Pending Case' is clicked on

2018-12-07 11:30:47 - [MESSAGE][PASSED] - Object: 'Object Repository/Final Object Repo/Page_Update Add New Employee - ASSIST/Select Search Pending Case' is clicked on

2018-12-07 11:30:47 - [TEST_STEP][PASSED] - click: Object: 'Object Repository/Final Object Repo/Page_Update Add New Employee - ASSIST/Select Searching Method (Employer Code)' is clicked on

2018-12-07 11:30:47 - [MESSAGE][PASSED] - Object: 'Object Repository/Final Object Repo/Page_Update Add New Employee - ASSIST/Select Searching Method (Employer Code)' is clicked on

2018-12-07 11:30:47 - [TEST_STEP][PASSED] - click: Object: 'Object Repository/Final Object Repo/Page_Update Add New Employee - ASSIST/Select Searching Method to Reference ID' is clicked on

2018-12-07 11:30:47 - [MESSAGE][PASSED] - Object: 'Object Repository/Final Object Repo/Page_Update Add New Employee - ASSIST/Select Searching Method to Reference ID' is clicked on

2018-12-07 11:30:47 - [TEST_STEP][PASSED] - setText: Text 'CAN12201800002286' is set on object 'Object Repository/Final Object Repo/Page_Update Add New Employee - ASSIST/Pending Case Ref NO'

2018-12-07 11:30:47 - [MESSAGE][PASSED] - Text 'CAN12201800002286' is set on object 'Object Repository/Final Object Repo/Page_Update Add New Employee - ASSIST/Pending Case Ref NO'

2018-12-07 11:30:47 - [TEST_STEP][PASSED] - click: Object: 'Object Repository/Final Object Repo/Page_Update Add New Employee - ASSIST/Search Pending Case Based on Ref No' is clicked on

2018-12-07 11:30:48 - [MESSAGE][PASSED] - Object: 'Object Repository/Final Object Repo/Page_Update Add New Employee - ASSIST/Search Pending Case Based on Ref No' is clicked on

2018-12-07 11:30:48 - [TEST_STEP][PASSED] - click: Object: 'Object Repository/Final Object Repo/Page_Update Add New Employee - ASSIST/Action Button after found case' is clicked on

2018-12-07 11:30:52 - [MESSAGE][PASSED] - Object: 'Object Repository/Final Object Repo/Page_Update Add New Employee - ASSIST/Action Button after found case' is clicked on

2018-12-07 11:30:52 - [TEST_STEP][PASSED] - click: Object: 'Object Repository/Final Object Repo/Page_Update Add New Employee - ASSIST/Next Button in Pending Case First Page' is clicked on

2018-12-07 11:30:53 - [MESSAGE][PASSED] - Object: 'Object Repository/Final Object Repo/Page_Update Add New Employee - ASSIST/Next Button in Pending Case First Page' is clicked on

2018-12-07 11:30:53 - [TEST_STEP][PASSED] - click: Object: 'Object Repository/Final Object Repo/Page_Update Add New Employee - ASSIST/Next Button in Third Screen' is clicked on

2018-12-07 11:30:56 - [MESSAGE][PASSED] - Object: 'Object Repository/Final Object Repo/Page_Update Add New Employee - ASSIST/Next Button in Third Screen' is clicked on

2018-12-07 11:30:56 - [TEST_STEP][PASSED] - click: Object: 'Object Repository/Final Object Repo/Page_Update Add New Employee - ASSIST/Add Document for Pending Case' is clicked on

2018-12-07 11:30:56 - [MESSAGE][PASSED] - Object: 'Object Repository/Final Object Repo/Page_Update Add New Employee - ASSIST/Add Document for Pending Case' is clicked on

2018-12-07 11:30:56 - [TEST_STEP][PASSED] - delay: Delayed 10 second(s)

2018-12-07 11:31:06 - [MESSAGE][PASSED] - Delayed 10 second(s)

2018-12-07 11:31:06 - [TEST_STEP][PASSED] - click: Object: 'Object Repository/Final Object Repo/Page_Update Add New Employee - ASSIST/Upload Pending Doc - Please Select' is clicked on

2018-12-07 11:31:07 - [MESSAGE][PASSED] - Object: 'Object Repository/Final Object Repo/Page_Update Add New Employee - ASSIST/Upload Pending Doc - Please Select' is clicked on

2018-12-07 11:31:07 - [TEST_STEP][PASSED] - click: Object: 'Object Repository/Final Object Repo/Page_Update Add New Employee - ASSIST/Select to Others to Upload' is clicked on

2018-12-07 11:31:07 - [MESSAGE][PASSED] - Object: 'Object Repository/Final Object Repo/Page_Update Add New Employee - ASSIST/Select to Others to Upload' is clicked on

2018-12-07 11:31:07 - [TEST_STEP][PASSED] - uploadFile: File 'C:\Users\Public\Pictures\Sample Pictures\Koala.jpg' sent to object: 'Object Repository/Final Object Repo/Page_Update Add New Employee - ASSIST/Uploading Pending Case Action'

2018-12-07 11:31:07 - [MESSAGE][PASSED] - File 'C:\Users\Public\Pictures\Sample Pictures\Koala.jpg' sent to object: 'Object Repository/Final Object Repo/Page_Update Add New Employee - ASSIST/Uploading Pending Case Action'

2018-12-07 11:31:07 - [TEST_STEP][PASSED] - click: Object: 'Object Repository/Final Object Repo/Page_Update Add New Employee - ASSIST/Inner form Add Document Button Pending Case' is clicked on

2018-12-07 11:31:07 - [MESSAGE][PASSED] - Object: 'Object Repository/Final Object Repo/Page_Update Add New Employee - ASSIST/Inner form Add Document Button Pending Case' is clicked on

2018-12-07 11:31:07 - [TEST_STEP][PASSED] - delay: Delayed 2 second(s)

2018-12-07 11:31:09 - [MESSAGE][PASSED] - Delayed 2 second(s)

2018-12-07 11:31:09 - [TEST_STEP][PASSED] - click: Object: 'Object Repository/Final Object Repo/Page_Update Add New Employee - ASSIST/Pending Case Exit' is clicked on

2018-12-07 11:31:12 - [MESSAGE][PASSED] - Object: 'Object Repository/Final Object Repo/Page_Update Add New Employee - ASSIST/Pending Case Exit' is clicked on

2018-12-07 11:31:12 - [TEST_STEP][PASSED] - callTestCase: Call Test Case 'Test Cases/Final Aug 2018 - PKS Automation/Registration Module/Log Out/log out avoiding katalon tagging' successfully

2018-12-07 11:31:12 - [TEST_CASE][PASSED] - Test Cases/Final Aug 2018 - PKS Automation/Registration Module/Log Out/log out avoiding katalon tagging: Test Cases/Final Aug 2018 - PKS Automation/Registration Module/Log Out/log out avoiding katalon tagging

2018-12-07 11:31:12 - [TEST_STEP][PASSED] - navigateToUrl: Navigate to 'https://assist2-uat.perkeso.gov.my/c/portal/logout' successfully

2018-12-07 11:31:13 - [MESSAGE][PASSED] - Navigate to 'https://assist2-uat.perkeso.gov.my/c/portal/logout' successfully

2018-12-07 11:31:13 - [MESSAGE][PASSED] - Call Test Case 'Test Cases/Final Aug 2018 - PKS Automation/Registration Module/Log Out/log out avoiding katalon tagging' successfully

2018-12-07 11:31:13 - [TEST_STEP][PASSED] - callTestCase: Call Test Case 'Test Cases/Final Aug 2018 - PKS Automation/Common/Workflow Owner Finder' successfully

2018-12-07 11:31:13 - [TEST_CASE][PASSED] - Test Cases/Final Aug 2018 - PKS Automation/Common/Workflow Owner Finder: Test Cases/Final Aug 2018 - PKS Automation/Common/Workflow Owner Finder

2018-12-07 11:31:13 - [TEST_STEP][PASSED] - openBrowser: Browser is opened with url: ''

2018-12-07 11:31:13 - [MESSAGE][WARNING] - A browser is already opened. Closing browser and opening a new one

2018-12-07 11:31:16 - [MESSAGE][PASSED] - Browser is opened with url: ''

2018-12-07 11:31:16 - [TEST_STEP][PASSED] - navigateToUrl: Navigate to 'https://assist2-uat.perkeso.gov.my/login' successfully

2018-12-07 11:31:17 - [MESSAGE][PASSED] - Navigate to 'https://assist2-uat.perkeso.gov.my/login' successfully

2018-12-07 11:31:17 - [TEST_STEP][PASSED] - delay: Delayed 5 second(s)

2018-12-07 11:31:22 - [MESSAGE][PASSED] - Delayed 5 second(s)

2018-12-07 11:31:22 - [TEST_STEP][PASSED] - setText: Text 'test@liferay.com' is set on object 'Object Repository/Final Object Repo/Login Page/Internal User/Email Address'

2018-12-07 11:31:22 - [MESSAGE][PASSED] - Text 'test@liferay.com' is set on object 'Object Repository/Final Object Repo/Login Page/Internal User/Email Address'

2018-12-07 11:31:22 - [TEST_STEP][PASSED] - click: Object: 'Object Repository/Final Object Repo/Login Page/Internal User/Next Button' is clicked on

2018-12-07 11:31:22 - [MESSAGE][PASSED] - Object: 'Object Repository/Final Object Repo/Login Page/Internal User/Next Button' is clicked on

2018-12-07 11:31:22 - [TEST_STEP][PASSED] - delay: Delayed 2 second(s)

2018-12-07 11:31:24 - [MESSAGE][PASSED] - Delayed 2 second(s)

2018-12-07 11:31:24 - [TEST_STEP][PASSED] - setText: Text 'test' is set on object 'Object Repository/Final Object Repo/Login Page/Internal User/Password'

2018-12-07 11:31:25 - [MESSAGE][PASSED] - Text 'test' is set on object 'Object Repository/Final Object Repo/Login Page/Internal User/Password'

2018-12-07 11:31:25 - [TEST_STEP][PASSED] - delay: Delayed 2 second(s)

2018-12-07 11:31:27 - [MESSAGE][PASSED] - Delayed 2 second(s)

2018-12-07 11:31:27 - [TEST_STEP][PASSED] - click: Object: 'Object Repository/Final Object Repo/Login Page/Internal User/Login Button' is clicked on

2018-12-07 11:31:27 - [MESSAGE][PASSED] - Object: 'Object Repository/Final Object Repo/Login Page/Internal User/Login Button' is clicked on

2018-12-07 11:31:27 - [TEST_STEP][PASSED] - Statement - tester = com.kms.katalon.core.testobject.ObjectRepository.findTestObject(Final Object Repo/Landing Page/Select to English): Finding Test Object with id 'Object Repository/Final Object Repo/Landing Page/Select to English'

2018-12-07 11:31:27 - [TEST_STEP][PASSED] - Statement - Try: Delayed 2 second(s)

2018-12-07 11:31:27 - [TEST_STEP][PASSED] - Statement - Checker = com.kms.katalon.core.webui.keyword.WebUiBuiltInKeywords.verifyElementNotPresent(tester, 3): Web element with id: 'Object Repository/Final Object Repo/Landing Page/Select to English' located by 'By.xpath: //a[@class = 'taglib-language-list-text' and @lang = 'en-US' and (contains(text(), 'EN') or contains(., 'EN'))]' is not present after '3' second(s)

2018-12-07 11:31:29 - [MESSAGE][PASSED] - Web element with id: 'Object Repository/Final Object Repo/Landing Page/Select to English' located by 'By.xpath: //a[@class = 'taglib-language-list-text' and @lang = 'en-US' and (contains(text(), 'EN') or contains(., 'EN'))]' is not present after '3' second(s)

2018-12-07 11:31:29 - [TEST_STEP][PASSED] - Statement - If (Checker == false): null

2018-12-07 11:31:29 - [TEST_STEP][PASSED] - delay: Delayed 2 second(s)

2018-12-07 11:31:31 - [MESSAGE][PASSED] - Delayed 2 second(s)

2018-12-07 11:31:31 - [TEST_STEP][PASSED] - delay: Delayed 5 second(s)

2018-12-07 11:31:36 - [MESSAGE][PASSED] - Delayed 5 second(s)

2018-12-07 11:31:36 - [TEST_STEP][PASSED] - mouseOver: Object: 'Object Repository/Final Object Repo/Landing Page/WorkFlow Menu' is hovered

2018-12-07 11:31:36 - [MESSAGE][PASSED] - Object: 'Object Repository/Final Object Repo/Landing Page/WorkFlow Menu' is hovered

2018-12-07 11:31:36 - [TEST_STEP][PASSED] - delay: Delayed 2 second(s)

2018-12-07 11:31:38 - [MESSAGE][PASSED] - Delayed 2 second(s)

2018-12-07 11:31:38 - [TEST_STEP][PASSED] - click: Object: 'Object Repository/Final Object Repo/Landing Page/Select to Workflow Listing' is clicked on

2018-12-07 11:31:39 - [MESSAGE][PASSED] - Object: 'Object Repository/Final Object Repo/Landing Page/Select to Workflow Listing' is clicked on

2018-12-07 11:31:39 - [TEST_STEP][PASSED] - delay: Delayed 2 second(s)

2018-12-07 11:31:41 - [MESSAGE][PASSED] - Delayed 2 second(s)

2018-12-07 11:31:41 - [TEST_STEP][PASSED] - click: Object: 'Object Repository/Final Object Repo/WorkFlow Listing Page/Search Information - To Put Ref No' is clicked on

2018-12-07 11:31:41 - [MESSAGE][PASSED] - Object: 'Object Repository/Final Object Repo/WorkFlow Listing Page/Search Information - To Put Ref No' is clicked on

2018-12-07 11:31:41 - [TEST_STEP][PASSED] - delay: Delayed 2 second(s)

2018-12-07 11:31:43 - [MESSAGE][PASSED] - Delayed 2 second(s)

2018-12-07 11:31:43 - [TEST_STEP][PASSED] - callTestCase: Call Test Case 'Test Cases/Final Aug 2018 - PKS Automation/Common/Reference Number Getter' successfully

2018-12-07 11:31:43 - [TEST_CASE][PASSED] - Test Cases/Final Aug 2018 - PKS Automation/Common/Reference Number Getter: Test Cases/Final Aug 2018 - PKS Automation/Common/Reference Number Getter

2018-12-07 11:31:43 - [TEST_STEP][PASSED] - Statement - Try: null

2018-12-07 11:31:43 - [TEST_STEP][PASSED] - Statement - RefNo = new java.io.File(C://Users//Admin//Desktop//PKS//Automation Reference Point//KatalonReference.txt): null

2018-12-07 11:31:43 - [TEST_STEP][PASSED] - Statement - bufferread = new java.io.BufferedReader(new java.io.FileReader(RefNo)): null

2018-12-07 11:31:43 - [TEST_STEP][PASSED] - Statement - readedVal = bufferread.readLine(): null

2018-12-07 11:31:43 - [TEST_STEP][PASSED] - Statement - out.println(CaseReferenceNo): null

2018-12-07 11:31:43 - [TEST_STEP][PASSED] - Statement - out.println(readedVal): null

2018-12-07 11:31:43 - [TEST_STEP][PASSED] - Statement - CaseReferenceNo = "": null

2018-12-07 11:31:43 - [TEST_STEP][PASSED] - Statement - CaseReferenceNo = readedVal: null

2018-12-07 11:31:43 - [MESSAGE][PASSED] - Call Test Case 'Test Cases/Final Aug 2018 - PKS Automation/Common/Reference Number Getter' successfully

2018-12-07 11:31:43 - [TEST_STEP][PASSED] - setText: Text 'CAN12201800002286' is set on object 'Object Repository/Final Object Repo/WorkFlow Listing Page/Ref No Set Text'

2018-12-07 11:31:44 - [MESSAGE][PASSED] - Text 'CAN12201800002286' is set on object 'Object Repository/Final Object Repo/WorkFlow Listing Page/Ref No Set Text'

2018-12-07 11:31:44 - [TEST_STEP][PASSED] - delay: Delayed 2 second(s)

2018-12-07 11:31:46 - [MESSAGE][PASSED] - Delayed 2 second(s)

2018-12-07 11:31:46 - [TEST_STEP][PASSED] - click: Object: 'Object Repository/Final Object Repo/WorkFlow Listing Page/Search Ref No Search Button' is clicked on

2018-12-07 11:31:46 - [MESSAGE][PASSED] - Object: 'Object Repository/Final Object Repo/WorkFlow Listing Page/Search Ref No Search Button' is clicked on

2018-12-07 11:31:46 - [TEST_STEP][PASSED] - delay: Delayed 6 second(s)

2018-12-07 11:31:52 - [MESSAGE][PASSED] - Delayed 6 second(s)

2018-12-07 11:31:52 - [TEST_STEP][PASSED] - click: Object: 'Object Repository/Final Object Repo/WorkFlow Listing Page/Click Continue Tooltip' is clicked on

2018-12-07 11:31:53 - [MESSAGE][PASSED] - Object: 'Object Repository/Final Object Repo/WorkFlow Listing Page/Click Continue Tooltip' is clicked on

2018-12-07 11:31:53 - [TEST_STEP][PASSED] - delay: Delayed 5 second(s)

2018-12-07 11:31:58 - [MESSAGE][PASSED] - Delayed 5 second(s)

2018-12-07 11:31:58 - [TEST_STEP][PASSED] - doubleClick: Object: 'Object Repository/Final Object Repo/WorkFlow Listing Page/Workflow Found - Listing 1' is double clicked on

2018-12-07 11:31:58 - [MESSAGE][PASSED] - Object: 'Object Repository/Final Object Repo/WorkFlow Listing Page/Workflow Found - Listing 1' is double clicked on

2018-12-07 11:31:58 - [TEST_STEP][PASSED] - Statement - println(OwnerID): null

2018-12-07 11:31:58 - [TEST_STEP][PASSED] - Statement - OwnerID = com.kms.katalon.core.webui.keyword.WebUiBuiltInKeywords.getText(com.kms.katalon.core.testobject.ObjectRepository.findTestObject(Final Object Repo/WorkFlow Listing Page/Workflow Found - Listing 1), STOP_ON_FAILURE): Text of object 'Object Repository/Final Object Repo/WorkFlow Listing Page/Workflow Found - Listing 1' is: 'JOHORro3'

2018-12-07 11:31:58 - [MESSAGE][PASSED] - Text of object 'Object Repository/Final Object Repo/WorkFlow Listing Page/Workflow Found - Listing 1' is: 'JOHORro3'

2018-12-07 11:31:58 - [TEST_STEP][PASSED] - Statement - OwnerID = OwnerID.toLowerCase() + "@gmail.com": null

2018-12-07 11:31:58 - [TEST_STEP][PASSED] - Statement - println(OwnerID): null

2018-12-07 11:31:58 - [TEST_STEP][PASSED] - delay: Delayed 2 second(s)

2018-12-07 11:32:00 - [MESSAGE][PASSED] - Delayed 2 second(s)

2018-12-07 11:32:00 - [MESSAGE][PASSED] - Call Test Case 'Test Cases/Final Aug 2018 - PKS Automation/Common/Workflow Owner Finder' successfully

2018-12-07 11:32:00 - [TEST_STEP][PASSED] - callTestCase: Call Test Case 'Test Cases/Final Aug 2018 - PKS Automation/Registration Module/Log Out/log out avoiding katalon tagging' successfully

2018-12-07 11:32:00 - [TEST_CASE][PASSED] - Test Cases/Final Aug 2018 - PKS Automation/Registration Module/Log Out/log out avoiding katalon tagging: Test Cases/Final Aug 2018 - PKS Automation/Registration Module/Log Out/log out avoiding katalon tagging

2018-12-07 11:32:00 - [TEST_STEP][PASSED] - navigateToUrl: Navigate to 'https://assist2-uat.perkeso.gov.my/c/portal/logout' successfully

2018-12-07 11:32:01 - [MESSAGE][PASSED] - Navigate to 'https://assist2-uat.perkeso.gov.my/c/portal/logout' successfully

2018-12-07 11:32:01 - [MESSAGE][PASSED] - Call Test Case 'Test Cases/Final Aug 2018 - PKS Automation/Registration Module/Log Out/log out avoiding katalon tagging' successfully

2018-12-07 11:32:01 - [TEST_STEP][PASSED] - delay: Delayed 2 second(s)

2018-12-07 11:32:03 - [MESSAGE][PASSED] - Delayed 2 second(s)

2018-12-07 11:32:03 - [TEST_STEP][PASSED] - setText: Text 'johorro3@gmail.com' is set on object 'Object Repository/Final Object Repo/Page_Update Add New Employee - ASSIST/Email TextBox'

2018-12-07 11:32:04 - [MESSAGE][PASSED] - Text 'johorro3@gmail.com' is set on object 'Object Repository/Final Object Repo/Page_Update Add New Employee - ASSIST/Email TextBox'

2018-12-07 11:32:04 - [TEST_STEP][PASSED] - click: Object: 'Object Repository/Final Object Repo/Page_Update Add New Employee - ASSIST/Next Button' is clicked on

2018-12-07 11:32:04 - [MESSAGE][PASSED] - Object: 'Object Repository/Final Object Repo/Page_Update Add New Employee - ASSIST/Next Button' is clicked on

2018-12-07 11:32:04 - [TEST_STEP][PASSED] - delay: Delayed 2 second(s)

2018-12-07 11:32:06 - [MESSAGE][PASSED] - Delayed 2 second(s)

2018-12-07 11:32:06 - [TEST_STEP][PASSED] - setText: Text 'Test1@3456789' is set on object 'Object Repository/Final Object Repo/Page_Update Add New Employee - ASSIST/Password TextBox'

2018-12-07 11:32:06 - [MESSAGE][PASSED] - Text 'Test1@3456789' is set on object 'Object Repository/Final Object Repo/Page_Update Add New Employee - ASSIST/Password TextBox'

2018-12-07 11:32:06 - [TEST_STEP][PASSED] - delay: Delayed 2 second(s)

2018-12-07 11:32:08 - [MESSAGE][PASSED] - Delayed 2 second(s)

2018-12-07 11:32:08 - [TEST_STEP][PASSED] - click: Object: 'Object Repository/Final Object Repo/Page_Update Add New Employee - ASSIST/Login Button' is clicked on

2018-12-07 11:32:08 - [MESSAGE][PASSED] - Object: 'Object Repository/Final Object Repo/Page_Update Add New Employee - ASSIST/Login Button' is clicked on

2018-12-07 11:32:08 - [TEST_STEP][PASSED] - delay: Delayed 4 second(s)

2018-12-07 11:32:12 - [MESSAGE][PASSED] - Delayed 4 second(s)

2018-12-07 11:32:12 - [TEST_STEP][PASSED] - Statement - Try: Delayed 2 second(s)

2018-12-07 11:32:12 - [TEST_STEP][PASSED] - Statement - Checker = false: null

2018-12-07 11:32:12 - [TEST_STEP][PASSED] - Statement - Checker = com.kms.katalon.core.webui.keyword.WebUiBuiltInKeywords.verifyElementHasAttribute(com.kms.katalon.core.testobject.ObjectRepository.findTestObject(Final Object Repo/Landing Page/BM Detecting), "href", 20, OPTIONAL): Object 'Object Repository/Final Object Repo/Landing Page/BM Detecting' has attribute 'href'

2018-12-07 11:32:12 - [MESSAGE][PASSED] - Object 'Object Repository/Final Object Repo/Landing Page/BM Detecting' has attribute 'href'

2018-12-07 11:32:12 - [TEST_STEP][PASSED] - Statement - out.println(Checker): null

2018-12-07 11:32:12 - [TEST_STEP][PASSED] - Statement - If (Checker == false): null

2018-12-07 11:32:12 - [TEST_STEP][PASSED] - Statement - Else: null

2018-12-07 11:32:12 - [TEST_STEP][PASSED] - delay: Delayed 2 second(s)

2018-12-07 11:32:14 - [MESSAGE][PASSED] - Delayed 2 second(s)

2018-12-07 11:32:14 - [TEST_STEP][PASSED] - delay: Delayed 4 second(s)

2018-12-07 11:32:18 - [MESSAGE][PASSED] - Delayed 4 second(s)

2018-12-07 11:32:18 - [TEST_STEP][PASSED] - click: Object: 'Object Repository/Final Object Repo/New Registration - Registration Module Pages/New Reg - OTC to RO/Special Case - All Related Objects/Expand to Search' is clicked on

2018-12-07 11:32:19 - [MESSAGE][PASSED] - Object: 'Object Repository/Final Object Repo/New Registration - Registration Module Pages/New Reg - OTC to RO/Special Case - All Related Objects/Expand to Search' is clicked on

2018-12-07 11:32:19 - [TEST_STEP][PASSED] - setText: Text 'CAN12201800002286' is set on object 'Object Repository/Final Object Repo/New Registration - Registration Module Pages/New Reg - OTC to RO/Special Case - All Related Objects/TextBox RefNo in Workbasket'

2018-12-07 11:32:19 - [MESSAGE][PASSED] - Text 'CAN12201800002286' is set on object 'Object Repository/Final Object Repo/New Registration - Registration Module Pages/New Reg - OTC to RO/Special Case - All Related Objects/TextBox RefNo in Workbasket'

2018-12-07 11:32:19 - [TEST_STEP][PASSED] - delay: Delayed 2 second(s)

2018-12-07 11:32:21 - [MESSAGE][PASSED] - Delayed 2 second(s)

2018-12-07 11:32:21 - [TEST_STEP][PASSED] - click: Object: 'Object Repository/Final Object Repo/New Registration - Registration Module Pages/New Reg - OTC to RO/Special Case - All Related Objects/Click Search' is clicked on

2018-12-07 11:32:21 - [MESSAGE][PASSED] - Object: 'Object Repository/Final Object Repo/New Registration - Registration Module Pages/New Reg - OTC to RO/Special Case - All Related Objects/Click Search' is clicked on

2018-12-07 11:32:21 - [TEST_STEP][PASSED] - delay: Delayed 2 second(s)

2018-12-07 11:32:23 - [MESSAGE][PASSED] - Delayed 2 second(s)

2018-12-07 11:32:23 - [TEST_STEP][PASSED] - click: Object: 'Object Repository/Final Object Repo/New Registration - Registration Module Pages/New Reg - OTC to RO/Special Case - All Related Objects/Click to Continue Workflow' is clicked on

2018-12-07 11:32:28 - [MESSAGE][PASSED] - Object: 'Object Repository/Final Object Repo/New Registration - Registration Module Pages/New Reg - OTC to RO/Special Case - All Related Objects/Click to Continue Workflow' is clicked on

2018-12-07 11:32:28 - [TEST_STEP][PASSED] - delay: Delayed 2 second(s)

2018-12-07 11:32:30 - [MESSAGE][PASSED] - Delayed 2 second(s)

2018-12-07 11:32:30 - [TEST_STEP][PASSED] - click: Object: 'Object Repository/Final Object Repo/New Registration - Registration Module Pages/New Reg - OTC to RO/Special Case - All Related Objects/Continue Button in verifying case' is clicked on

2018-12-07 11:32:33 - [MESSAGE][PASSED] - Object: 'Object Repository/Final Object Repo/New Registration - Registration Module Pages/New Reg - OTC to RO/Special Case - All Related Objects/Continue Button in verifying case' is clicked on

2018-12-07 11:32:33 - [TEST_STEP][PASSED] - delay: Delayed 2 second(s)

2018-12-07 11:32:35 - [MESSAGE][PASSED] - Delayed 2 second(s)

2018-12-07 11:32:35 - [TEST_STEP][PASSED] - click: Object: 'Object Repository/Final Object Repo/Page_Update Add New Employee - ASSIST/Save  Continue Button' is clicked on

2018-12-07 11:32:35 - [MESSAGE][PASSED] - Object: 'Object Repository/Final Object Repo/Page_Update Add New Employee - ASSIST/Save  Continue Button' is clicked on

2018-12-07 11:32:35 - [TEST_STEP][PASSED] - delay: Delayed 6 second(s)

2018-12-07 11:32:41 - [MESSAGE][PASSED] - Delayed 6 second(s)

2018-12-07 11:32:41 - [TEST_STEP][PASSED] - click: Object: 'Object Repository/Final Object Repo/Page_Update Add New Employee - ASSIST/Save  Continue Third Screen' is clicked on

2018-12-07 11:32:44 - [MESSAGE][PASSED] - Object: 'Object Repository/Final Object Repo/Page_Update Add New Employee - ASSIST/Save  Continue Third Screen' is clicked on

2018-12-07 11:32:44 - [TEST_STEP][PASSED] - delay: Delayed 4 second(s)

2018-12-07 11:32:48 - [MESSAGE][PASSED] - Delayed 4 second(s)

2018-12-07 11:32:48 - [TEST_STEP][PASSED] - click: Object: 'Object Repository/Final Object Repo/Page_Update Add New Employee - ASSIST/Save   Continue Supporting Doc Page' is clicked on

2018-12-07 11:32:49 - [MESSAGE][PASSED] - Object: 'Object Repository/Final Object Repo/Page_Update Add New Employee - ASSIST/Save   Continue Supporting Doc Page' is clicked on

2018-12-07 11:32:49 - [TEST_STEP][PASSED] - delay: Delayed 4 second(s)

2018-12-07 11:32:53 - [MESSAGE][PASSED] - Delayed 4 second(s)

2018-12-07 11:32:53 - [TEST_STEP][PASSED] - click: Object: 'Object Repository/Final Object Repo/Page_Update Add New Employee - ASSIST/Submit Button' is clicked on

2018-12-07 11:32:53 - [MESSAGE][PASSED] - Object: 'Object Repository/Final Object Repo/Page_Update Add New Employee - ASSIST/Submit Button' is clicked on

2018-12-07 11:32:53 - [TEST_STEP][PASSED] - delay: Delayed 4 second(s)

2018-12-07 11:32:57 - [MESSAGE][PASSED] - Delayed 4 second(s)

2018-12-07 11:32:57 - [TEST_STEP][PASSED] - click: Object: 'Object Repository/Final Object Repo/Page_Update Add New Employee - ASSIST/Confirm Submit Button' is clicked on

2018-12-07 11:32:57 - [MESSAGE][PASSED] - Object: 'Object Repository/Final Object Repo/Page_Update Add New Employee - ASSIST/Confirm Submit Button' is clicked on

2018-12-07 11:32:57 - [TEST_STEP][PASSED] - delay: Delayed 30 second(s)

2018-12-07 11:33:27 - [MESSAGE][PASSED] - Delayed 30 second(s)

2018-12-07 11:33:27 - [TEST_STEP][PASSED] - callTestCase: Call Test Case 'Test Cases/Final Aug 2018 - PKS Automation/Common/Screenshoting tool' successfully

2018-12-07 11:33:27 - [TEST_CASE][PASSED] - Test Cases/Final Aug 2018 - PKS Automation/Common/Screenshoting tool: Test Cases/Final Aug 2018 - PKS Automation/Common/Screenshoting tool

2018-12-07 11:33:27 - [TEST_STEP][PASSED] - delay: Delayed 15 second(s)

2018-12-07 11:33:42 - [MESSAGE][PASSED] - Delayed 15 second(s)

2018-12-07 11:33:42 - [TEST_STEP][PASSED] - Statement - driver = com.kms.katalon.core.webui.driver.DriverFactory.getWebDriver(): null

2018-12-07 11:33:42 - [TEST_STEP][PASSED] - Statement - driver.manage().timeouts().implicitlyWait(10, SECONDS): null

2018-12-07 11:33:42 - [TEST_STEP][PASSED] - Statement - PresavePath = KatalonScreenshots: null

2018-12-07 11:33:42 - [TEST_STEP][PASSED] - Statement - pathPrefix = "C:\Users\Public\Pictures\Sample Pictures\Katalon Screenshots\Automate Ending Screen": null

2018-12-07 11:33:42 - [TEST_STEP][PASSED] - Statement - finalPath = <not implemented yet for class: org.codehaus.groovy.ast.expr.EmptyExpression>: null

2018-12-07 11:33:42 - [TEST_STEP][PASSED] - Statement - scrFile = driver.getScreenshotAs(FILE): null

2018-12-07 11:33:42 - [TEST_STEP][PASSED] - Statement - PreSaveFile = new java.io.File(PresavePath): null

2018-12-07 11:33:42 - [TEST_STEP][PASSED] - Statement - counter = 0: null

2018-12-07 11:33:42 - [TEST_STEP][PASSED] - Statement - If (PreSaveFile.exists()): null

2018-12-07 11:33:42 - [TEST_STEP][PASSED] - Statement - While (PreSaveFile.exists()): null

2018-12-07 11:33:42 - [TEST_STEP][PASSED] - Statement - counter = counter + 1: null

2018-12-07 11:33:42 - [TEST_STEP][PASSED] - Statement - PreSaveFile = new java.io.File(((pathPrefix + java.lang.Integer.toString(counter)) + .png)): null

2018-12-07 11:33:42 - [TEST_STEP][PASSED] - Statement - counter = counter + 1: null

2018-12-07 11:33:42 - [TEST_STEP][PASSED] - Statement - PreSaveFile = new java.io.File(((pathPrefix + java.lang.Integer.toString(counter)) + .png)): null

2018-12-07 11:33:42 - [TEST_STEP][PASSED] - Statement - counter = counter + 1: null

2018-12-07 11:33:42 - [TEST_STEP][PASSED] - Statement - PreSaveFile = new java.io.File(((pathPrefix + java.lang.Integer.toString(counter)) + .png)): null

2018-12-07 11:33:42 - [TEST_STEP][PASSED] - Statement - counter = counter + 1: null

2018-12-07 11:33:42 - [TEST_STEP][PASSED] - Statement - PreSaveFile = new java.io.File(((pathPrefix + java.lang.Integer.toString(counter)) + .png)): null

2018-12-07 11:33:42 - [TEST_STEP][PASSED] - Statement - counter = counter + 1: null

2018-12-07 11:33:42 - [TEST_STEP][PASSED] - Statement - PreSaveFile = new java.io.File(((pathPrefix + java.lang.Integer.toString(counter)) + .png)): null

2018-12-07 11:33:42 - [TEST_STEP][PASSED] - Statement - counter = counter + 1: null

2018-12-07 11:33:42 - [TEST_STEP][PASSED] - Statement - PreSaveFile = new java.io.File(((pathPrefix + java.lang.Integer.toString(counter)) + .png)): null

2018-12-07 11:33:42 - [TEST_STEP][PASSED] - Statement - counter = counter + 1: null

2018-12-07 11:33:42 - [TEST_STEP][PASSED] - Statement - PreSaveFile = new java.io.File(((pathPrefix + java.lang.Integer.toString(counter)) + .png)): null

2018-12-07 11:33:42 - [TEST_STEP][PASSED] - Statement - counter = counter + 1: null

2018-12-07 11:33:42 - [TEST_STEP][PASSED] - Statement - PreSaveFile = new java.io.File(((pathPrefix + java.lang.Integer.toString(counter)) + .png)): null

2018-12-07 11:33:42 - [TEST_STEP][PASSED] - Statement - counter = counter + 1: null

2018-12-07 11:33:43 - [TEST_STEP][PASSED] - Statement - PreSaveFile = new java.io.File(((pathPrefix + java.lang.Integer.toString(counter)) + .png)): null

2018-12-07 11:33:43 - [TEST_STEP][PASSED] - Statement - counter = counter + 1: null

2018-12-07 11:33:43 - [TEST_STEP][PASSED] - Statement - PreSaveFile = new java.io.File(((pathPrefix + java.lang.Integer.toString(counter)) + .png)): null

2018-12-07 11:33:43 - [TEST_STEP][PASSED] - Statement - counter = counter + 1: null

2018-12-07 11:33:43 - [TEST_STEP][PASSED] - Statement - PreSaveFile = new java.io.File(((pathPrefix + java.lang.Integer.toString(counter)) + .png)): null

2018-12-07 11:33:43 - [TEST_STEP][PASSED] - Statement - counter = counter + 1: null

2018-12-07 11:33:43 - [TEST_STEP][PASSED] - Statement - PreSaveFile = new java.io.File(((pathPrefix + java.lang.Integer.toString(counter)) + .png)): null

2018-12-07 11:33:43 - [TEST_STEP][PASSED] - Statement - counter = counter + 1: null

2018-12-07 11:33:43 - [TEST_STEP][PASSED] - Statement - PreSaveFile = new java.io.File(((pathPrefix + java.lang.Integer.toString(counter)) + .png)): null

2018-12-07 11:33:43 - [TEST_STEP][PASSED] - Statement - counter = counter + 1: null

2018-12-07 11:33:43 - [TEST_STEP][PASSED] - Statement - PreSaveFile = new java.io.File(((pathPrefix + java.lang.Integer.toString(counter)) + .png)): null

2018-12-07 11:33:43 - [TEST_STEP][PASSED] - Statement - counter = counter + 1: null

2018-12-07 11:33:43 - [TEST_STEP][PASSED] - Statement - PreSaveFile = new java.io.File(((pathPrefix + java.lang.Integer.toString(counter)) + .png)): null

2018-12-07 11:33:43 - [TEST_STEP][PASSED] - Statement - counter = counter + 1: null

2018-12-07 11:33:43 - [TEST_STEP][PASSED] - Statement - PreSaveFile = new java.io.File(((pathPrefix + java.lang.Integer.toString(counter)) + .png)): null

2018-12-07 11:33:43 - [TEST_STEP][PASSED] - Statement - counter = counter + 1: null

2018-12-07 11:33:43 - [TEST_STEP][PASSED] - Statement - PreSaveFile = new java.io.File(((pathPrefix + java.lang.Integer.toString(counter)) + .png)): null

2018-12-07 11:33:43 - [TEST_STEP][PASSED] - Statement - counter = counter + 1: null

2018-12-07 11:33:43 - [TEST_STEP][PASSED] - Statement - PreSaveFile = new java.io.File(((pathPrefix + java.lang.Integer.toString(counter)) + .png)): null

2018-12-07 11:33:43 - [TEST_STEP][PASSED] - Statement - counter = counter + 1: null

2018-12-07 11:33:43 - [TEST_STEP][PASSED] - Statement - PreSaveFile = new java.io.File(((pathPrefix + java.lang.Integer.toString(counter)) + .png)): null

2018-12-07 11:33:43 - [TEST_STEP][PASSED] - Statement - counter = counter + 1: null

2018-12-07 11:33:43 - [TEST_STEP][PASSED] - Statement - PreSaveFile = new java.io.File(((pathPrefix + java.lang.Integer.toString(counter)) + .png)): null

2018-12-07 11:33:43 - [TEST_STEP][PASSED] - Statement - counter = counter + 1: null

2018-12-07 11:33:43 - [TEST_STEP][PASSED] - Statement - PreSaveFile = new java.io.File(((pathPrefix + java.lang.Integer.toString(counter)) + .png)): null

2018-12-07 11:33:43 - [TEST_STEP][PASSED] - Statement - counter = counter + 1: null

2018-12-07 11:33:43 - [TEST_STEP][PASSED] - Statement - PreSaveFile = new java.io.File(((pathPrefix + java.lang.Integer.toString(counter)) + .png)): null

2018-12-07 11:33:43 - [TEST_STEP][PASSED] - Statement - counter = counter + 1: null

2018-12-07 11:33:43 - [TEST_STEP][PASSED] - Statement - PreSaveFile = new java.io.File(((pathPrefix + java.lang.Integer.toString(counter)) + .png)): null

2018-12-07 11:33:43 - [TEST_STEP][PASSED] - Statement - counter = counter + 1: null

2018-12-07 11:33:43 - [TEST_STEP][PASSED] - Statement - PreSaveFile = new java.io.File(((pathPrefix + java.lang.Integer.toString(counter)) + .png)): null

2018-12-07 11:33:43 - [TEST_STEP][PASSED] - Statement - counter = counter + 1: null

2018-12-07 11:33:43 - [TEST_STEP][PASSED] - Statement - PreSaveFile = new java.io.File(((pathPrefix + java.lang.Integer.toString(counter)) + .png)): null

2018-12-07 11:33:43 - [TEST_STEP][PASSED] - Statement - counter = counter + 1: null

2018-12-07 11:33:43 - [TEST_STEP][PASSED] - Statement - PreSaveFile = new java.io.File(((pathPrefix + java.lang.Integer.toString(counter)) + .png)): null

2018-12-07 11:33:43 - [TEST_STEP][PASSED] - Statement - counter = counter + 1: null

2018-12-07 11:33:43 - [TEST_STEP][PASSED] - Statement - PreSaveFile = new java.io.File(((pathPrefix + java.lang.Integer.toString(counter)) + .png)): null

2018-12-07 11:33:43 - [TEST_STEP][PASSED] - Statement - counter = counter + 1: null

2018-12-07 11:33:43 - [TEST_STEP][PASSED] - Statement - PreSaveFile = new java.io.File(((pathPrefix + java.lang.Integer.toString(counter)) + .png)): null

2018-12-07 11:33:43 - [TEST_STEP][PASSED] - Statement - counter = counter + 1: null

2018-12-07 11:33:43 - [TEST_STEP][PASSED] - Statement - PreSaveFile = new java.io.File(((pathPrefix + java.lang.Integer.toString(counter)) + .png)): null

2018-12-07 11:33:43 - [TEST_STEP][PASSED] - Statement - counter = counter + 1: null

2018-12-07 11:33:44 - [TEST_STEP][PASSED] - Statement - PreSaveFile = new java.io.File(((pathPrefix + java.lang.Integer.toString(counter)) + .png)): null

2018-12-07 11:33:44 - [TEST_STEP][PASSED] - Statement - counter = counter + 1: null

2018-12-07 11:33:44 - [TEST_STEP][PASSED] - Statement - PreSaveFile = new java.io.File(((pathPrefix + java.lang.Integer.toString(counter)) + .png)): null

2018-12-07 11:33:44 - [TEST_STEP][PASSED] - Statement - counter = counter + 1: null

2018-12-07 11:33:44 - [TEST_STEP][PASSED] - Statement - PreSaveFile = new java.io.File(((pathPrefix + java.lang.Integer.toString(counter)) + .png)): null

2018-12-07 11:33:44 - [TEST_STEP][PASSED] - Statement - counter = counter + 1: null

2018-12-07 11:33:44 - [TEST_STEP][PASSED] - Statement - PreSaveFile = new java.io.File(((pathPrefix + java.lang.Integer.toString(counter)) + .png)): null

2018-12-07 11:33:44 - [TEST_STEP][PASSED] - Statement - counter = counter + 1: null

2018-12-07 11:33:44 - [TEST_STEP][PASSED] - Statement - PreSaveFile = new java.io.File(((pathPrefix + java.lang.Integer.toString(counter)) + .png)): null

2018-12-07 11:33:44 - [TEST_STEP][PASSED] - Statement - counter = counter + 1: null

2018-12-07 11:33:44 - [TEST_STEP][PASSED] - Statement - PreSaveFile = new java.io.File(((pathPrefix + java.lang.Integer.toString(counter)) + .png)): null

2018-12-07 11:33:44 - [TEST_STEP][PASSED] - Statement - counter = counter + 1: null

2018-12-07 11:33:44 - [TEST_STEP][PASSED] - Statement - PreSaveFile = new java.io.File(((pathPrefix + java.lang.Integer.toString(counter)) + .png)): null

2018-12-07 11:33:44 - [TEST_STEP][PASSED] - Statement - counter = counter + 1: null

2018-12-07 11:33:44 - [TEST_STEP][PASSED] - Statement - PreSaveFile = new java.io.File(((pathPrefix + java.lang.Integer.toString(counter)) + .png)): null

2018-12-07 11:33:44 - [TEST_STEP][PASSED] - Statement - counter = counter + 1: null

2018-12-07 11:33:44 - [TEST_STEP][PASSED] - Statement - PreSaveFile = new java.io.File(((pathPrefix + java.lang.Integer.toString(counter)) + .png)): null

2018-12-07 11:33:44 - [TEST_STEP][PASSED] - Statement - counter = counter + 1: null

2018-12-07 11:33:44 - [TEST_STEP][PASSED] - Statement - PreSaveFile = new java.io.File(((pathPrefix + java.lang.Integer.toString(counter)) + .png)): null

2018-12-07 11:33:44 - [TEST_STEP][PASSED] - Statement - counter = counter + 1: null

2018-12-07 11:33:44 - [TEST_STEP][PASSED] - Statement - PreSaveFile = new java.io.File(((pathPrefix + java.lang.Integer.toString(counter)) + .png)): null

2018-12-07 11:33:44 - [TEST_STEP][PASSED] - Statement - counter = counter + 1: null

2018-12-07 11:33:44 - [TEST_STEP][PASSED] - Statement - PreSaveFile = new java.io.File(((pathPrefix + java.lang.Integer.toString(counter)) + .png)): null

2018-12-07 11:33:44 - [TEST_STEP][PASSED] - Statement - counter = counter + 1: null

2018-12-07 11:33:44 - [TEST_STEP][PASSED] - Statement - PreSaveFile = new java.io.File(((pathPrefix + java.lang.Integer.toString(counter)) + .png)): null

2018-12-07 11:33:44 - [TEST_STEP][PASSED] - Statement - counter = counter + 1: null

2018-12-07 11:33:44 - [TEST_STEP][PASSED] - Statement - PreSaveFile = new java.io.File(((pathPrefix + java.lang.Integer.toString(counter)) + .png)): null

2018-12-07 11:33:44 - [TEST_STEP][PASSED] - Statement - counter = counter + 1: null

2018-12-07 11:33:44 - [TEST_STEP][PASSED] - Statement - PreSaveFile = new java.io.File(((pathPrefix + java.lang.Integer.toString(counter)) + .png)): null

2018-12-07 11:33:44 - [TEST_STEP][PASSED] - Statement - counter = counter + 1: null

2018-12-07 11:33:44 - [TEST_STEP][PASSED] - Statement - PreSaveFile = new java.io.File(((pathPrefix + java.lang.Integer.toString(counter)) + .png)): null

2018-12-07 11:33:44 - [TEST_STEP][PASSED] - Statement - counter = counter + 1: null

2018-12-07 11:33:44 - [TEST_STEP][PASSED] - Statement - PreSaveFile = new java.io.File(((pathPrefix + java.lang.Integer.toString(counter)) + .png)): null

2018-12-07 11:33:44 - [TEST_STEP][PASSED] - Statement - counter = counter + 1: null

2018-12-07 11:33:44 - [TEST_STEP][PASSED] - Statement - PreSaveFile = new java.io.File(((pathPrefix + java.lang.Integer.toString(counter)) + .png)): null

2018-12-07 11:33:44 - [TEST_STEP][PASSED] - Statement - counter = counter + 1: null

2018-12-07 11:33:44 - [TEST_STEP][PASSED] - Statement - PreSaveFile = new java.io.File(((pathPrefix + java.lang.Integer.toString(counter)) + .png)): null

2018-12-07 11:33:44 - [TEST_STEP][PASSED] - Statement - counter = counter + 1: null

2018-12-07 11:33:45 - [TEST_STEP][PASSED] - Statement - PreSaveFile = new java.io.File(((pathPrefix + java.lang.Integer.toString(counter)) + .png)): null

2018-12-07 11:33:45 - [TEST_STEP][PASSED] - Statement - counter = counter + 1: null

2018-12-07 11:33:45 - [TEST_STEP][PASSED] - Statement - PreSaveFile = new java.io.File(((pathPrefix + java.lang.Integer.toString(counter)) + .png)): null

2018-12-07 11:33:45 - [TEST_STEP][PASSED] - Statement - counter = counter + 1: null

2018-12-07 11:33:45 - [TEST_STEP][PASSED] - Statement - PreSaveFile = new java.io.File(((pathPrefix + java.lang.Integer.toString(counter)) + .png)): null

2018-12-07 11:33:45 - [TEST_STEP][PASSED] - Statement - counter = counter + 1: null

2018-12-07 11:33:45 - [TEST_STEP][PASSED] - Statement - PreSaveFile = new java.io.File(((pathPrefix + java.lang.Integer.toString(counter)) + .png)): null

2018-12-07 11:33:45 - [TEST_STEP][PASSED] - Statement - counter = counter + 1: null

2018-12-07 11:33:45 - [TEST_STEP][PASSED] - Statement - PreSaveFile = new java.io.File(((pathPrefix + java.lang.Integer.toString(counter)) + .png)): null

2018-12-07 11:33:45 - [TEST_STEP][PASSED] - Statement - counter = counter + 1: null

2018-12-07 11:33:45 - [TEST_STEP][PASSED] - Statement - PreSaveFile = new java.io.File(((pathPrefix + java.lang.Integer.toString(counter)) + .png)): null

2018-12-07 11:33:45 - [TEST_STEP][PASSED] - Statement - counter = counter + 1: null

2018-12-07 11:33:45 - [TEST_STEP][PASSED] - Statement - PreSaveFile = new java.io.File(((pathPrefix + java.lang.Integer.toString(counter)) + .png)): null

2018-12-07 11:33:45 - [TEST_STEP][PASSED] - Statement - counter = counter + 1: null

2018-12-07 11:33:45 - [TEST_STEP][PASSED] - Statement - PreSaveFile = new java.io.File(((pathPrefix + java.lang.Integer.toString(counter)) + .png)): null

2018-12-07 11:33:45 - [TEST_STEP][PASSED] - Statement - counter = counter + 1: null

2018-12-07 11:33:45 - [TEST_STEP][PASSED] - Statement - PreSaveFile = new java.io.File(((pathPrefix + java.lang.Integer.toString(counter)) + .png)): null

2018-12-07 11:33:45 - [TEST_STEP][PASSED] - Statement - counter = counter + 1: null

2018-12-07 11:33:45 - [TEST_STEP][PASSED] - Statement - PreSaveFile = new java.io.File(((pathPrefix + java.lang.Integer.toString(counter)) + .png)): null

2018-12-07 11:33:45 - [TEST_STEP][PASSED] - Statement - counter = counter + 1: null

2018-12-07 11:33:45 - [TEST_STEP][PASSED] - Statement - PreSaveFile = new java.io.File(((pathPrefix + java.lang.Integer.toString(counter)) + .png)): null

2018-12-07 11:33:45 - [TEST_STEP][PASSED] - Statement - counter = counter + 1: null

2018-12-07 11:33:45 - [TEST_STEP][PASSED] - Statement - PreSaveFile = new java.io.File(((pathPrefix + java.lang.Integer.toString(counter)) + .png)): null

2018-12-07 11:33:45 - [TEST_STEP][PASSED] - Statement - counter = counter + 1: null

2018-12-07 11:33:45 - [TEST_STEP][PASSED] - Statement - PreSaveFile = new java.io.File(((pathPrefix + java.lang.Integer.toString(counter)) + .png)): null

2018-12-07 11:33:45 - [TEST_STEP][PASSED] - Statement - counter = counter + 1: null

2018-12-07 11:33:45 - [TEST_STEP][PASSED] - Statement - PreSaveFile = new java.io.File(((pathPrefix + java.lang.Integer.toString(counter)) + .png)): null

2018-12-07 11:33:45 - [TEST_STEP][PASSED] - Statement - counter = counter + 1: null

2018-12-07 11:33:46 - [TEST_STEP][PASSED] - Statement - PreSaveFile = new java.io.File(((pathPrefix + java.lang.Integer.toString(counter)) + .png)): null

2018-12-07 11:33:46 - [TEST_STEP][PASSED] - Statement - counter = counter + 1: null

2018-12-07 11:33:46 - [TEST_STEP][PASSED] - Statement - PreSaveFile = new java.io.File(((pathPrefix + java.lang.Integer.toString(counter)) + .png)): null

2018-12-07 11:33:46 - [TEST_STEP][PASSED] - Statement - counter = counter + 1: null

2018-12-07 11:33:46 - [TEST_STEP][PASSED] - Statement - PreSaveFile = new java.io.File(((pathPrefix + java.lang.Integer.toString(counter)) + .png)): null

2018-12-07 11:33:46 - [TEST_STEP][PASSED] - Statement - counter = counter + 1: null

2018-12-07 11:33:46 - [TEST_STEP][PASSED] - Statement - PreSaveFile = new java.io.File(((pathPrefix + java.lang.Integer.toString(counter)) + .png)): null

2018-12-07 11:33:46 - [TEST_STEP][PASSED] - Statement - counter = counter + 1: null

2018-12-07 11:33:46 - [TEST_STEP][PASSED] - Statement - PreSaveFile = new java.io.File(((pathPrefix + java.lang.Integer.toString(counter)) + .png)): null

2018-12-07 11:33:46 - [TEST_STEP][PASSED] - Statement - counter = counter + 1: null

2018-12-07 11:33:46 - [TEST_STEP][PASSED] - Statement - PreSaveFile = new java.io.File(((pathPrefix + java.lang.Integer.toString(counter)) + .png)): null

2018-12-07 11:33:46 - [TEST_STEP][PASSED] - Statement - counter = counter + 1: null

2018-12-07 11:33:46 - [TEST_STEP][PASSED] - Statement - PreSaveFile = new java.io.File(((pathPrefix + java.lang.Integer.toString(counter)) + .png)): null

2018-12-07 11:33:46 - [TEST_STEP][PASSED] - Statement - counter = counter + 1: null

2018-12-07 11:33:46 - [TEST_STEP][PASSED] - Statement - PreSaveFile = new java.io.File(((pathPrefix + java.lang.Integer.toString(counter)) + .png)): null

2018-12-07 11:33:46 - [TEST_STEP][PASSED] - Statement - counter = counter + 1: null

2018-12-07 11:33:46 - [TEST_STEP][PASSED] - Statement - PreSaveFile = new java.io.File(((pathPrefix + java.lang.Integer.toString(counter)) + .png)): null

2018-12-07 11:33:46 - [TEST_STEP][PASSED] - Statement - counter = counter + 1: null

2018-12-07 11:33:46 - [TEST_STEP][PASSED] - Statement - PreSaveFile = new java.io.File(((pathPrefix + java.lang.Integer.toString(counter)) + .png)): null

2018-12-07 11:33:46 - [TEST_STEP][PASSED] - Statement - counter = counter + 1: null

2018-12-07 11:33:46 - [TEST_STEP][PASSED] - Statement - PreSaveFile = new java.io.File(((pathPrefix + java.lang.Integer.toString(counter)) + .png)): null

2018-12-07 11:33:46 - [TEST_STEP][PASSED] - Statement - counter = counter + 1: null

2018-12-07 11:33:46 - [TEST_STEP][PASSED] - Statement - PreSaveFile = new java.io.File(((pathPrefix + java.lang.Integer.toString(counter)) + .png)): null

2018-12-07 11:33:46 - [TEST_STEP][PASSED] - Statement - counter = counter + 1: null

2018-12-07 11:33:46 - [TEST_STEP][PASSED] - Statement - PreSaveFile = new java.io.File(((pathPrefix + java.lang.Integer.toString(counter)) + .png)): null

2018-12-07 11:33:46 - [TEST_STEP][PASSED] - Statement - counter = counter + 1: null

2018-12-07 11:33:46 - [TEST_STEP][PASSED] - Statement - PreSaveFile = new java.io.File(((pathPrefix + java.lang.Integer.toString(counter)) + .png)): null

2018-12-07 11:33:46 - [TEST_STEP][PASSED] - Statement - counter = counter + 1: null

2018-12-07 11:33:46 - [TEST_STEP][PASSED] - Statement - PreSaveFile = new java.io.File(((pathPrefix + java.lang.Integer.toString(counter)) + .png)): null

2018-12-07 11:33:47 - [TEST_STEP][PASSED] - Statement - counter = counter + 1: null

2018-12-07 11:33:47 - [TEST_STEP][PASSED] - Statement - PreSaveFile = new java.io.File(((pathPrefix + java.lang.Integer.toString(counter)) + .png)): null

2018-12-07 11:33:47 - [TEST_STEP][PASSED] - Statement - counter = counter + 1: null

2018-12-07 11:33:47 - [TEST_STEP][PASSED] - Statement - PreSaveFile = new java.io.File(((pathPrefix + java.lang.Integer.toString(counter)) + .png)): null

2018-12-07 11:33:47 - [TEST_STEP][PASSED] - Statement - counter = counter + 1: null

2018-12-07 11:33:47 - [TEST_STEP][PASSED] - Statement - PreSaveFile = new java.io.File(((pathPrefix + java.lang.Integer.toString(counter)) + .png)): null

2018-12-07 11:33:47 - [TEST_STEP][PASSED] - Statement - counter = counter + 1: null

2018-12-07 11:33:47 - [TEST_STEP][PASSED] - Statement - PreSaveFile = new java.io.File(((pathPrefix + java.lang.Integer.toString(counter)) + .png)): null

2018-12-07 11:33:47 - [TEST_STEP][PASSED] - Statement - counter = counter + 1: null

2018-12-07 11:33:47 - [TEST_STEP][PASSED] - Statement - PreSaveFile = new java.io.File(((pathPrefix + java.lang.Integer.toString(counter)) + .png)): null

2018-12-07 11:33:47 - [TEST_STEP][PASSED] - Statement - counter = counter + 1: null

2018-12-07 11:33:47 - [TEST_STEP][PASSED] - Statement - PreSaveFile = new java.io.File(((pathPrefix + java.lang.Integer.toString(counter)) + .png)): null

2018-12-07 11:33:47 - [TEST_STEP][PASSED] - Statement - counter = counter + 1: null

2018-12-07 11:33:47 - [TEST_STEP][PASSED] - Statement - PreSaveFile = new java.io.File(((pathPrefix + java.lang.Integer.toString(counter)) + .png)): null

2018-12-07 11:33:47 - [TEST_STEP][PASSED] - Statement - counter = counter + 1: null

2018-12-07 11:33:47 - [TEST_STEP][PASSED] - Statement - PreSaveFile = new java.io.File(((pathPrefix + java.lang.Integer.toString(counter)) + .png)): null

2018-12-07 11:33:47 - [TEST_STEP][PASSED] - Statement - counter = counter + 1: null

2018-12-07 11:33:47 - [TEST_STEP][PASSED] - Statement - PreSaveFile = new java.io.File(((pathPrefix + java.lang.Integer.toString(counter)) + .png)): null

2018-12-07 11:33:47 - [TEST_STEP][PASSED] - Statement - counter = counter + 1: null

2018-12-07 11:33:47 - [TEST_STEP][PASSED] - Statement - PreSaveFile = new java.io.File(((pathPrefix + java.lang.Integer.toString(counter)) + .png)): null

2018-12-07 11:33:47 - [TEST_STEP][PASSED] - Statement - counter = counter + 1: null

2018-12-07 11:33:47 - [TEST_STEP][PASSED] - Statement - PreSaveFile = new java.io.File(((pathPrefix + java.lang.Integer.toString(counter)) + .png)): null

2018-12-07 11:33:47 - [TEST_STEP][PASSED] - Statement - counter = counter + 1: null

2018-12-07 11:33:47 - [TEST_STEP][PASSED] - Statement - PreSaveFile = new java.io.File(((pathPrefix + java.lang.Integer.toString(counter)) + .png)): null

2018-12-07 11:33:47 - [TEST_STEP][PASSED] - Statement - counter = counter + 1: null

2018-12-07 11:33:47 - [TEST_STEP][PASSED] - Statement - PreSaveFile = new java.io.File(((pathPrefix + java.lang.Integer.toString(counter)) + .png)): null

2018-12-07 11:33:47 - [TEST_STEP][PASSED] - Statement - counter = counter + 1: null

2018-12-07 11:33:47 - [TEST_STEP][PASSED] - Statement - PreSaveFile = new java.io.File(((pathPrefix + java.lang.Integer.toString(counter)) + .png)): null

2018-12-07 11:33:47 - [TEST_STEP][PASSED] - Statement - counter = counter + 1: null

2018-12-07 11:33:48 - [TEST_STEP][PASSED] - Statement - PreSaveFile = new java.io.File(((pathPrefix + java.lang.Integer.toString(counter)) + .png)): null

2018-12-07 11:33:48 - [TEST_STEP][PASSED] - Statement - counter = counter + 1: null

2018-12-07 11:33:48 - [TEST_STEP][PASSED] - Statement - PreSaveFile = new java.io.File(((pathPrefix + java.lang.Integer.toString(counter)) + .png)): null

2018-12-07 11:33:48 - [TEST_STEP][PASSED] - Statement - counter = counter + 1: null

2018-12-07 11:33:48 - [TEST_STEP][PASSED] - Statement - PreSaveFile = new java.io.File(((pathPrefix + java.lang.Integer.toString(counter)) + .png)): null

2018-12-07 11:33:48 - [TEST_STEP][PASSED] - Statement - counter = counter + 1: null

2018-12-07 11:33:48 - [TEST_STEP][PASSED] - Statement - PreSaveFile = new java.io.File(((pathPrefix + java.lang.Integer.toString(counter)) + .png)): null

2018-12-07 11:33:48 - [TEST_STEP][PASSED] - Statement - counter = counter + 1: null

2018-12-07 11:33:48 - [TEST_STEP][PASSED] - Statement - PreSaveFile = new java.io.File(((pathPrefix + java.lang.Integer.toString(counter)) + .png)): null

2018-12-07 11:33:48 - [TEST_STEP][PASSED] - Statement - counter = counter + 1: null

2018-12-07 11:33:48 - [TEST_STEP][PASSED] - Statement - PreSaveFile = new java.io.File(((pathPrefix + java.lang.Integer.toString(counter)) + .png)): null

2018-12-07 11:33:48 - [TEST_STEP][PASSED] - Statement - counter = counter + 1: null

2018-12-07 11:33:48 - [TEST_STEP][PASSED] - Statement - PreSaveFile = new java.io.File(((pathPrefix + java.lang.Integer.toString(counter)) + .png)): null

2018-12-07 11:33:48 - [TEST_STEP][PASSED] - Statement - counter = counter + 1: null

2018-12-07 11:33:48 - [TEST_STEP][PASSED] - Statement - PreSaveFile = new java.io.File(((pathPrefix + java.lang.Integer.toString(counter)) + .png)): null

2018-12-07 11:33:48 - [TEST_STEP][PASSED] - Statement - counter = counter + 1: null

2018-12-07 11:33:48 - [TEST_STEP][PASSED] - Statement - PreSaveFile = new java.io.File(((pathPrefix + java.lang.Integer.toString(counter)) + .png)): null

2018-12-07 11:33:48 - [TEST_STEP][PASSED] - Statement - counter = counter + 1: null

2018-12-07 11:33:48 - [TEST_STEP][PASSED] - Statement - PreSaveFile = new java.io.File(((pathPrefix + java.lang.Integer.toString(counter)) + .png)): null

2018-12-07 11:33:48 - [TEST_STEP][PASSED] - Statement - counter = counter + 1: null

2018-12-07 11:33:48 - [TEST_STEP][PASSED] - Statement - PreSaveFile = new java.io.File(((pathPrefix + java.lang.Integer.toString(counter)) + .png)): null

2018-12-07 11:33:48 - [TEST_STEP][PASSED] - Statement - counter = counter + 1: null

2018-12-07 11:33:48 - [TEST_STEP][PASSED] - Statement - PreSaveFile = new java.io.File(((pathPrefix + java.lang.Integer.toString(counter)) + .png)): null

2018-12-07 11:33:48 - [TEST_STEP][PASSED] - Statement - counter = counter + 1: null

2018-12-07 11:33:48 - [TEST_STEP][PASSED] - Statement - PreSaveFile = new java.io.File(((pathPrefix + java.lang.Integer.toString(counter)) + .png)): null

2018-12-07 11:33:48 - [TEST_STEP][PASSED] - Statement - counter = counter + 1: null

2018-12-07 11:33:48 - [TEST_STEP][PASSED] - Statement - PreSaveFile = new java.io.File(((pathPrefix + java.lang.Integer.toString(counter)) + .png)): null

2018-12-07 11:33:48 - [TEST_STEP][PASSED] - Statement - counter = counter + 1: null

2018-12-07 11:33:49 - [TEST_STEP][PASSED] - Statement - PreSaveFile = new java.io.File(((pathPrefix + java.lang.Integer.toString(counter)) + .png)): null

2018-12-07 11:33:49 - [TEST_STEP][PASSED] - Statement - counter = counter + 1: null

2018-12-07 11:33:49 - [TEST_STEP][PASSED] - Statement - PreSaveFile = new java.io.File(((pathPrefix + java.lang.Integer.toString(counter)) + .png)): null

2018-12-07 11:33:49 - [TEST_STEP][PASSED] - Statement - counter = counter + 1: null

2018-12-07 11:33:49 - [TEST_STEP][PASSED] - Statement - PreSaveFile = new java.io.File(((pathPrefix + java.lang.Integer.toString(counter)) + .png)): null

2018-12-07 11:33:49 - [TEST_STEP][PASSED] - Statement - counter = counter + 1: null

2018-12-07 11:33:49 - [TEST_STEP][PASSED] - Statement - PreSaveFile = new java.io.File(((pathPrefix + java.lang.Integer.toString(counter)) + .png)): null

2018-12-07 11:33:49 - [TEST_STEP][PASSED] - Statement - counter = counter + 1: null

2018-12-07 11:33:49 - [TEST_STEP][PASSED] - Statement - PreSaveFile = new java.io.File(((pathPrefix + java.lang.Integer.toString(counter)) + .png)): null

2018-12-07 11:33:49 - [TEST_STEP][PASSED] - Statement - counter = counter + 1: null

2018-12-07 11:33:49 - [TEST_STEP][PASSED] - Statement - PreSaveFile = new java.io.File(((pathPrefix + java.lang.Integer.toString(counter)) + .png)): null

2018-12-07 11:33:49 - [TEST_STEP][PASSED] - Statement - counter = counter + 1: null

2018-12-07 11:33:49 - [TEST_STEP][PASSED] - Statement - PreSaveFile = new java.io.File(((pathPrefix + java.lang.Integer.toString(counter)) + .png)): null

2018-12-07 11:33:49 - [TEST_STEP][PASSED] - Statement - counter = counter + 1: null

2018-12-07 11:33:49 - [TEST_STEP][PASSED] - Statement - PreSaveFile = new java.io.File(((pathPrefix + java.lang.Integer.toString(counter)) + .png)): null

2018-12-07 11:33:49 - [TEST_STEP][PASSED] - Statement - counter = counter + 1: null

2018-12-07 11:33:49 - [TEST_STEP][PASSED] - Statement - PreSaveFile = new java.io.File(((pathPrefix + java.lang.Integer.toString(counter)) + .png)): null

2018-12-07 11:33:49 - [TEST_STEP][PASSED] - Statement - counter = counter + 1: null

2018-12-07 11:33:49 - [TEST_STEP][PASSED] - Statement - PreSaveFile = new java.io.File(((pathPrefix + java.lang.Integer.toString(counter)) + .png)): null

2018-12-07 11:33:49 - [TEST_STEP][PASSED] - Statement - counter = counter + 1: null

2018-12-07 11:33:49 - [TEST_STEP][PASSED] - Statement - PreSaveFile = new java.io.File(((pathPrefix + java.lang.Integer.toString(counter)) + .png)): null

2018-12-07 11:33:49 - [TEST_STEP][PASSED] - Statement - counter = counter + 1: null

2018-12-07 11:33:49 - [TEST_STEP][PASSED] - Statement - PreSaveFile = new java.io.File(((pathPrefix + java.lang.Integer.toString(counter)) + .png)): null

2018-12-07 11:33:49 - [TEST_STEP][PASSED] - Statement - counter = counter + 1: null

2018-12-07 11:33:49 - [TEST_STEP][PASSED] - Statement - PreSaveFile = new java.io.File(((pathPrefix + java.lang.Integer.toString(counter)) + .png)): null

2018-12-07 11:33:49 - [TEST_STEP][PASSED] - Statement - counter = counter + 1: null

2018-12-07 11:33:49 - [TEST_STEP][PASSED] - Statement - PreSaveFile = new java.io.File(((pathPrefix + java.lang.Integer.toString(counter)) + .png)): null

2018-12-07 11:33:49 - [TEST_STEP][PASSED] - Statement - counter = counter + 1: null

2018-12-07 11:33:49 - [TEST_STEP][PASSED] - Statement - PreSaveFile = new java.io.File(((pathPrefix + java.lang.Integer.toString(counter)) + .png)): null

2018-12-07 11:33:49 - [TEST_STEP][PASSED] - Statement - counter = counter + 1: null

2018-12-07 11:33:49 - [TEST_STEP][PASSED] - Statement - PreSaveFile = new java.io.File(((pathPrefix + java.lang.Integer.toString(counter)) + .png)): null

2018-12-07 11:33:49 - [TEST_STEP][PASSED] - Statement - finalPath = pathPrefix + java.lang.Integer.toString(counter) + ".png": null

2018-12-07 11:33:49 - [TEST_STEP][PASSED] - Statement - SaveFile = new java.io.File(finalPath): null

2018-12-07 11:33:49 - [TEST_STEP][PASSED] - Statement - Try: null

2018-12-07 11:33:49 - [TEST_STEP][PASSED] - Statement - org.apache.commons.io.FileUtils.copyFile(scrFile, SaveFile): null

2018-12-07 11:33:49 - [TEST_STEP][PASSED] - Statement - out.println("file kept"): null

2018-12-07 11:33:49 - [TEST_STEP][PASSED] - delay: Delayed 10 second(s)

2018-12-07 11:33:59 - [MESSAGE][PASSED] - Delayed 10 second(s)

2018-12-07 11:33:59 - [MESSAGE][PASSED] - Call Test Case 'Test Cases/Final Aug 2018 - PKS Automation/Common/Screenshoting tool' successfully]]></system-out>
         <system-err><![CDATA[]]></system-err>
      </testcase>
      <testcase name="Test Cases/Final Aug 2018 - PKS Automation/Registration Module/Workflow/Update Add New Employee/Special Case (OTC - RO Approve)" classname="Test Cases/Final Aug 2018 - PKS Automation/Registration Module/Workflow/Update Add New Employee/Special Case (OTC - RO Approve)" status="PASSED">
         <system-out><![CDATA[2018-12-07 11:34:00 - [TEST_CASE][PASSED] - Test Cases/Final Aug 2018 - PKS Automation/Registration Module/Workflow/Update Add New Employee/Special Case (OTC - RO Approve): Test Cases/Final Aug 2018 - PKS Automation/Registration Module/Workflow/Update Add New Employee/Special Case (OTC - RO Approve)

2018-12-07 11:34:00 - [TEST_STEP][PASSED] - callTestCase: Call Test Case 'Test Cases/Final Aug 2018 - PKS Automation/Registration Module/Workflow/Update Add New Employee/Template/New Company for Update Add New' successfully

2018-12-07 11:34:00 - [TEST_CASE][PASSED] - Test Cases/Final Aug 2018 - PKS Automation/Registration Module/Workflow/Update Add New Employee/Template/New Company for Update Add New: Test Cases/Final Aug 2018 - PKS Automation/Registration Module/Workflow/Update Add New Employee/Template/New Company for Update Add New

2018-12-07 11:34:00 - [TEST_STEP][PASSED] - callTestCase: Call Test Case 'Test Cases/Final Aug 2018 - PKS Automation/Registration Module/New Registration/Form 1/Form 1 - Corporation - BHD' successfully

2018-12-07 11:34:00 - [TEST_CASE][PASSED] - Test Cases/Final Aug 2018 - PKS Automation/Registration Module/New Registration/Form 1/Form 1 - Corporation - BHD: Test Cases/Final Aug 2018 - PKS Automation/Registration Module/New Registration/Form 1/Form 1 - Corporation - BHD

2018-12-07 11:34:00 - [TEST_STEP][PASSED] - openBrowser: Browser is opened with url: ''

2018-12-07 11:34:00 - [MESSAGE][WARNING] - A browser is already opened. Closing browser and opening a new one

2018-12-07 11:34:03 - [MESSAGE][PASSED] - Browser is opened with url: ''

2018-12-07 11:34:03 - [TEST_STEP][PASSED] - navigateToUrl: Navigate to 'https://assist2-uat.perkeso.gov.my/login' successfully

2018-12-07 11:34:04 - [MESSAGE][PASSED] - Navigate to 'https://assist2-uat.perkeso.gov.my/login' successfully

2018-12-07 11:34:04 - [TEST_STEP][PASSED] - setText: Text 'johorotc1@gmail.com' is set on object 'Object Repository/Final Object Repo/Login Page/Internal User/Email Address'

2018-12-07 11:34:05 - [MESSAGE][PASSED] - Text 'johorotc1@gmail.com' is set on object 'Object Repository/Final Object Repo/Login Page/Internal User/Email Address'

2018-12-07 11:34:05 - [TEST_STEP][PASSED] - click: Object: 'Object Repository/Final Object Repo/Login Page/Internal User/Next Button' is clicked on

2018-12-07 11:34:05 - [MESSAGE][PASSED] - Object: 'Object Repository/Final Object Repo/Login Page/Internal User/Next Button' is clicked on

2018-12-07 11:34:05 - [TEST_STEP][PASSED] - delay: Delayed 1 second(s)

2018-12-07 11:34:06 - [MESSAGE][PASSED] - Delayed 1 second(s)

2018-12-07 11:34:06 - [TEST_STEP][PASSED] - setEncryptedText: Text ****** has been set on object 'Object Repository/Final Object Repo/Login Page/Internal User/Password'

2018-12-07 11:34:06 - [MESSAGE][PASSED] - Text ****** has been set on object 'Object Repository/Final Object Repo/Login Page/Internal User/Password'

2018-12-07 11:34:06 - [TEST_STEP][PASSED] - click: Object: 'Object Repository/Final Object Repo/Login Page/Internal User/Login Button' is clicked on

2018-12-07 11:34:06 - [MESSAGE][PASSED] - Object: 'Object Repository/Final Object Repo/Login Page/Internal User/Login Button' is clicked on

2018-12-07 11:34:06 - [TEST_STEP][PASSED] - delay: Delayed 1 second(s)

2018-12-07 11:34:07 - [MESSAGE][PASSED] - Delayed 1 second(s)

2018-12-07 11:34:07 - [TEST_STEP][PASSED] - Statement - Try: Delayed 2 second(s)

2018-12-07 11:34:07 - [TEST_STEP][PASSED] - Statement - Checker = false: null

2018-12-07 11:34:07 - [TEST_STEP][PASSED] - Statement - Checker = com.kms.katalon.core.webui.keyword.WebUiBuiltInKeywords.verifyElementHasAttribute(com.kms.katalon.core.testobject.ObjectRepository.findTestObject(Final Object Repo/Landing Page/BM Detecting), "href", 20, OPTIONAL): Object 'Object Repository/Final Object Repo/Landing Page/BM Detecting' has attribute 'href'

2018-12-07 11:34:08 - [MESSAGE][PASSED] - Object 'Object Repository/Final Object Repo/Landing Page/BM Detecting' has attribute 'href'

2018-12-07 11:34:08 - [TEST_STEP][PASSED] - Statement - out.println(Checker): null

2018-12-07 11:34:08 - [TEST_STEP][PASSED] - Statement - If (Checker == false): null

2018-12-07 11:34:08 - [TEST_STEP][PASSED] - Statement - Else: null

2018-12-07 11:34:08 - [TEST_STEP][PASSED] - delay: Delayed 2 second(s)

2018-12-07 11:34:10 - [MESSAGE][PASSED] - Delayed 2 second(s)

2018-12-07 11:34:10 - [TEST_STEP][PASSED] - navigateToUrl: Navigate to 'https://assist2-uat.perkeso.gov.my/web/registration/registration' successfully

2018-12-07 11:34:12 - [MESSAGE][PASSED] - Navigate to 'https://assist2-uat.perkeso.gov.my/web/registration/registration' successfully

2018-12-07 11:34:12 - [TEST_STEP][PASSED] - click: Object: 'Object Repository/Final Object Repo/New Registration - Registration Module Pages/Form 1/AEC - No' is clicked on

2018-12-07 11:34:12 - [MESSAGE][PASSED] - Object: 'Object Repository/Final Object Repo/New Registration - Registration Module Pages/Form 1/AEC - No' is clicked on

2018-12-07 11:34:12 - [TEST_STEP][PASSED] - click: Object: 'Object Repository/Final Object Repo/New Registration - Registration Module Pages/Form 1/Business Entity' is clicked on

2018-12-07 11:34:12 - [MESSAGE][PASSED] - Object: 'Object Repository/Final Object Repo/New Registration - Registration Module Pages/Form 1/Business Entity' is clicked on

2018-12-07 11:34:12 - [TEST_STEP][PASSED] - click: Object: 'Object Repository/Final Object Repo/New Registration - Registration Module Pages/Form 1/Businees Entity - Corporation' is clicked on

2018-12-07 11:34:13 - [MESSAGE][PASSED] - Object: 'Object Repository/Final Object Repo/New Registration - Registration Module Pages/Form 1/Businees Entity - Corporation' is clicked on

2018-12-07 11:34:13 - [TEST_STEP][PASSED] - delay: Delayed 1 second(s)

2018-12-07 11:34:14 - [MESSAGE][PASSED] - Delayed 1 second(s)

2018-12-07 11:34:14 - [TEST_STEP][PASSED] - click: Object: 'Object Repository/Final Object Repo/New Registration - Registration Module Pages/Form 1/Sub Business Entity' is clicked on

2018-12-07 11:34:14 - [MESSAGE][PASSED] - Object: 'Object Repository/Final Object Repo/New Registration - Registration Module Pages/Form 1/Sub Business Entity' is clicked on

2018-12-07 11:34:14 - [TEST_STEP][PASSED] - click: Object: 'Object Repository/Final Object Repo/New Registration - Registration Module Pages/Form 1/Sub Business Entity - Berhad' is clicked on

2018-12-07 11:34:14 - [MESSAGE][PASSED] - Object: 'Object Repository/Final Object Repo/New Registration - Registration Module Pages/Form 1/Sub Business Entity - Berhad' is clicked on

2018-12-07 11:34:14 - [TEST_STEP][PASSED] - delay: Delayed 1 second(s)

2018-12-07 11:34:15 - [MESSAGE][PASSED] - Delayed 1 second(s)

2018-12-07 11:34:15 - [TEST_STEP][PASSED] - setText: Text '123' is set on object 'Object Repository/Final Object Repo/New Registration - Registration Module Pages/Form 1/Registration Number'

2018-12-07 11:34:15 - [MESSAGE][PASSED] - Text '123' is set on object 'Object Repository/Final Object Repo/New Registration - Registration Module Pages/Form 1/Registration Number'

2018-12-07 11:34:15 - [TEST_STEP][PASSED] - click: Object: 'Object Repository/Final Object Repo/New Registration - Registration Module Pages/Form 1/Registred with SSM - Before Feb' is clicked on

2018-12-07 11:34:16 - [MESSAGE][PASSED] - Object: 'Object Repository/Final Object Repo/New Registration - Registration Module Pages/Form 1/Registred with SSM - Before Feb' is clicked on

2018-12-07 11:34:16 - [TEST_STEP][PASSED] - click: Object: 'Object Repository/Final Object Repo/New Registration - Registration Module Pages/Form 1/Registered As a Branch - Yes' is clicked on

2018-12-07 11:34:16 - [MESSAGE][PASSED] - Object: 'Object Repository/Final Object Repo/New Registration - Registration Module Pages/Form 1/Registered As a Branch - Yes' is clicked on

2018-12-07 11:34:16 - [TEST_STEP][PASSED] - click: Object: 'Object Repository/Final Object Repo/New Registration - Registration Module Pages/Form 1/Acknowledgement' is clicked on

2018-12-07 11:34:16 - [MESSAGE][PASSED] - Object: 'Object Repository/Final Object Repo/New Registration - Registration Module Pages/Form 1/Acknowledgement' is clicked on

2018-12-07 11:34:16 - [TEST_STEP][PASSED] - setText: Text 'perkeso' is set on object 'Object Repository/Final Object Repo/New Registration - Registration Module Pages/Form 1/Industry name'

2018-12-07 11:34:16 - [MESSAGE][PASSED] - Text 'perkeso' is set on object 'Object Repository/Final Object Repo/New Registration - Registration Module Pages/Form 1/Industry name'

2018-12-07 11:34:16 - [TEST_STEP][PASSED] - setText: Text 'perkeso1' is set on object 'Object Repository/Final Object Repo/New Registration - Registration Module Pages/Form 1/Postal Address1'

2018-12-07 11:34:17 - [MESSAGE][PASSED] - Text 'perkeso1' is set on object 'Object Repository/Final Object Repo/New Registration - Registration Module Pages/Form 1/Postal Address1'

2018-12-07 11:34:17 - [TEST_STEP][PASSED] - setText: Text 'perkeso2' is set on object 'Object Repository/Final Object Repo/New Registration - Registration Module Pages/Form 1/Postal Address2'

2018-12-07 11:34:17 - [MESSAGE][PASSED] - Text 'perkeso2' is set on object 'Object Repository/Final Object Repo/New Registration - Registration Module Pages/Form 1/Postal Address2'

2018-12-07 11:34:17 - [TEST_STEP][PASSED] - setText: Text 'perkeso3' is set on object 'Object Repository/Final Object Repo/New Registration - Registration Module Pages/Form 1/Postal Address3'

2018-12-07 11:34:17 - [MESSAGE][PASSED] - Text 'perkeso3' is set on object 'Object Repository/Final Object Repo/New Registration - Registration Module Pages/Form 1/Postal Address3'

2018-12-07 11:34:17 - [TEST_STEP][PASSED] - click: Object: 'Object Repository/Final Object Repo/New Registration - Registration Module Pages/Form 1/State' is clicked on

2018-12-07 11:34:18 - [MESSAGE][PASSED] - Object: 'Object Repository/Final Object Repo/New Registration - Registration Module Pages/Form 1/State' is clicked on

2018-12-07 11:34:18 - [TEST_STEP][PASSED] - click: Object: 'Object Repository/Final Object Repo/New Registration - Registration Module Pages/Form 1/State - Johor' is clicked on

2018-12-07 11:34:18 - [MESSAGE][PASSED] - Object: 'Object Repository/Final Object Repo/New Registration - Registration Module Pages/Form 1/State - Johor' is clicked on

2018-12-07 11:34:18 - [TEST_STEP][PASSED] - delay: Delayed 1 second(s)

2018-12-07 11:34:19 - [MESSAGE][PASSED] - Delayed 1 second(s)

2018-12-07 11:34:19 - [TEST_STEP][PASSED] - click: Object: 'Object Repository/Final Object Repo/New Registration - Registration Module Pages/Form 1/City' is clicked on

2018-12-07 11:34:19 - [MESSAGE][PASSED] - Object: 'Object Repository/Final Object Repo/New Registration - Registration Module Pages/Form 1/City' is clicked on

2018-12-07 11:34:19 - [TEST_STEP][PASSED] - setText: Text 'joh' is set on object 'Object Repository/Final Object Repo/New Registration - Registration Module Pages/Form 1/Postcode - 810'

2018-12-07 11:34:19 - [MESSAGE][PASSED] - Text 'joh' is set on object 'Object Repository/Final Object Repo/New Registration - Registration Module Pages/Form 1/Postcode - 810'

2018-12-07 11:34:19 - [TEST_STEP][PASSED] - delay: Delayed 1 second(s)

2018-12-07 11:34:20 - [MESSAGE][PASSED] - Delayed 1 second(s)

2018-12-07 11:34:20 - [TEST_STEP][PASSED] - click: Object: 'Object Repository/Final Object Repo/New Registration - Registration Module Pages/Form 1/City - Johor Bharu' is clicked on

2018-12-07 11:34:21 - [MESSAGE][PASSED] - Object: 'Object Repository/Final Object Repo/New Registration - Registration Module Pages/Form 1/City - Johor Bharu' is clicked on

2018-12-07 11:34:21 - [TEST_STEP][PASSED] - delay: Delayed 1 second(s)

2018-12-07 11:34:22 - [MESSAGE][PASSED] - Delayed 1 second(s)

2018-12-07 11:34:22 - [TEST_STEP][PASSED] - click: Object: 'Object Repository/Final Object Repo/New Registration - Registration Module Pages/Form 1/Postcode' is clicked on

2018-12-07 11:34:22 - [MESSAGE][PASSED] - Object: 'Object Repository/Final Object Repo/New Registration - Registration Module Pages/Form 1/Postcode' is clicked on

2018-12-07 11:34:22 - [TEST_STEP][PASSED] - delay: Delayed 1 second(s)

2018-12-07 11:34:23 - [MESSAGE][PASSED] - Delayed 1 second(s)

2018-12-07 11:34:23 - [TEST_STEP][PASSED] - setText: Text '810' is set on object 'Object Repository/Final Object Repo/New Registration - Registration Module Pages/Form 1/Postcode - 810'

2018-12-07 11:34:23 - [MESSAGE][PASSED] - Text '810' is set on object 'Object Repository/Final Object Repo/New Registration - Registration Module Pages/Form 1/Postcode - 810'

2018-12-07 11:34:23 - [TEST_STEP][PASSED] - delay: Delayed 3 second(s)

2018-12-07 11:34:26 - [MESSAGE][PASSED] - Delayed 3 second(s)

2018-12-07 11:34:26 - [TEST_STEP][PASSED] - click: Object: 'Object Repository/Final Object Repo/New Registration - Registration Module Pages/Form 1/Postcode - 81000' is clicked on

2018-12-07 11:34:26 - [MESSAGE][PASSED] - Object: 'Object Repository/Final Object Repo/New Registration - Registration Module Pages/Form 1/Postcode - 81000' is clicked on

2018-12-07 11:34:26 - [TEST_STEP][PASSED] - delay: Delayed 1 second(s)

2018-12-07 11:34:27 - [MESSAGE][PASSED] - Delayed 1 second(s)

2018-12-07 11:34:27 - [TEST_STEP][PASSED] - setText: Text '100' is set on object 'Object Repository/Final Object Repo/New Registration - Registration Module Pages/Form 1/P.O.BOX'

2018-12-07 11:34:27 - [MESSAGE][PASSED] - Text '100' is set on object 'Object Repository/Final Object Repo/New Registration - Registration Module Pages/Form 1/P.O.BOX'

2018-12-07 11:34:27 - [TEST_STEP][PASSED] - setText: Text '100' is set on object 'Object Repository/Final Object Repo/New Registration - Registration Module Pages/Form 1/Locked Bag No'

2018-12-07 11:34:28 - [MESSAGE][PASSED] - Text '100' is set on object 'Object Repository/Final Object Repo/New Registration - Registration Module Pages/Form 1/Locked Bag No'

2018-12-07 11:34:28 - [TEST_STEP][PASSED] - click: Object: 'Object Repository/Final Object Repo/New Registration - Registration Module Pages/Form 1/SOCSO Office Location' is clicked on

2018-12-07 11:34:28 - [MESSAGE][PASSED] - Object: 'Object Repository/Final Object Repo/New Registration - Registration Module Pages/Form 1/SOCSO Office Location' is clicked on

2018-12-07 11:34:28 - [TEST_STEP][PASSED] - click: Object: 'Object Repository/Final Object Repo/New Registration - Registration Module Pages/Form 1/SOCSO Office Location - Pejabat PERKESO Negeri Johor' is clicked on

2018-12-07 11:34:28 - [MESSAGE][PASSED] - Object: 'Object Repository/Final Object Repo/New Registration - Registration Module Pages/Form 1/SOCSO Office Location - Pejabat PERKESO Negeri Johor' is clicked on

2018-12-07 11:34:28 - [TEST_STEP][PASSED] - delay: Delayed 1 second(s)

2018-12-07 11:34:29 - [MESSAGE][PASSED] - Delayed 1 second(s)

2018-12-07 11:34:29 - [TEST_STEP][PASSED] - check: Object 'Object Repository/Final Object Repo/New Registration - Registration Module Pages/Form 1/Indusrty Address Same As Postal Address' is checked

2018-12-07 11:34:29 - [MESSAGE][PASSED] - Object 'Object Repository/Final Object Repo/New Registration - Registration Module Pages/Form 1/Indusrty Address Same As Postal Address' is checked

2018-12-07 11:34:29 - [TEST_STEP][PASSED] - delay: Delayed 3 second(s)

2018-12-07 11:34:32 - [MESSAGE][PASSED] - Delayed 3 second(s)

2018-12-07 11:34:32 - [TEST_STEP][PASSED] - click: Object: 'Object Repository/Final Object Repo/New Registration - Registration Module Pages/Form 1/Indusry Address Same As Postal Address False' is clicked on

2018-12-07 11:34:33 - [MESSAGE][PASSED] - Object: 'Object Repository/Final Object Repo/New Registration - Registration Module Pages/Form 1/Indusry Address Same As Postal Address False' is clicked on

2018-12-07 11:34:33 - [TEST_STEP][PASSED] - delay: Delayed 1 second(s)

2018-12-07 11:34:34 - [MESSAGE][PASSED] - Delayed 1 second(s)

2018-12-07 11:34:34 - [TEST_STEP][PASSED] - setText: Text 'perkeso1' is set on object 'Object Repository/Final Object Repo/New Registration - Registration Module Pages/Form 1/Industry Address1'

2018-12-07 11:34:34 - [MESSAGE][PASSED] - Text 'perkeso1' is set on object 'Object Repository/Final Object Repo/New Registration - Registration Module Pages/Form 1/Industry Address1'

2018-12-07 11:34:34 - [TEST_STEP][PASSED] - setText: Text 'perkeso2' is set on object 'Object Repository/Final Object Repo/New Registration - Registration Module Pages/Form 1/Industry Address2'

2018-12-07 11:34:34 - [MESSAGE][PASSED] - Text 'perkeso2' is set on object 'Object Repository/Final Object Repo/New Registration - Registration Module Pages/Form 1/Industry Address2'

2018-12-07 11:34:34 - [TEST_STEP][PASSED] - setText: Text 'perkeso3' is set on object 'Object Repository/Final Object Repo/New Registration - Registration Module Pages/Form 1/Industry Address3'

2018-12-07 11:34:35 - [MESSAGE][PASSED] - Text 'perkeso3' is set on object 'Object Repository/Final Object Repo/New Registration - Registration Module Pages/Form 1/Industry Address3'

2018-12-07 11:34:35 - [TEST_STEP][PASSED] - click: Object: 'Object Repository/Final Object Repo/New Registration - Registration Module Pages/Form 1/Industry State' is clicked on

2018-12-07 11:34:35 - [MESSAGE][PASSED] - Object: 'Object Repository/Final Object Repo/New Registration - Registration Module Pages/Form 1/Industry State' is clicked on

2018-12-07 11:34:35 - [TEST_STEP][PASSED] - delay: Delayed 2 second(s)

2018-12-07 11:34:37 - [MESSAGE][PASSED] - Delayed 2 second(s)

2018-12-07 11:34:37 - [TEST_STEP][PASSED] - click: Object: 'Object Repository/Final Object Repo/New Registration - Registration Module Pages/Form 1/Industry State - Johor' is clicked on

2018-12-07 11:34:37 - [MESSAGE][PASSED] - Object: 'Object Repository/Final Object Repo/New Registration - Registration Module Pages/Form 1/Industry State - Johor' is clicked on

2018-12-07 11:34:37 - [TEST_STEP][PASSED] - delay: Delayed 2 second(s)

2018-12-07 11:34:39 - [MESSAGE][PASSED] - Delayed 2 second(s)

2018-12-07 11:34:39 - [TEST_STEP][PASSED] - click: Object: 'Object Repository/Final Object Repo/New Registration - Registration Module Pages/Form 1/Industry Ciry' is clicked on

2018-12-07 11:34:39 - [MESSAGE][PASSED] - Object: 'Object Repository/Final Object Repo/New Registration - Registration Module Pages/Form 1/Industry Ciry' is clicked on

2018-12-07 11:34:39 - [TEST_STEP][PASSED] - setText: Text 'joh' is set on object 'Object Repository/Final Object Repo/New Registration - Registration Module Pages/Form 1/Industry Ciry - joh'

2018-12-07 11:34:40 - [MESSAGE][PASSED] - Text 'joh' is set on object 'Object Repository/Final Object Repo/New Registration - Registration Module Pages/Form 1/Industry Ciry - joh'

2018-12-07 11:34:40 - [TEST_STEP][PASSED] - delay: Delayed 2 second(s)

2018-12-07 11:34:42 - [MESSAGE][PASSED] - Delayed 2 second(s)

2018-12-07 11:34:42 - [TEST_STEP][PASSED] - click: Object: 'Object Repository/Final Object Repo/New Registration - Registration Module Pages/Form 1/Industy State - Johor Bharu' is clicked on

2018-12-07 11:34:42 - [MESSAGE][PASSED] - Object: 'Object Repository/Final Object Repo/New Registration - Registration Module Pages/Form 1/Industy State - Johor Bharu' is clicked on

2018-12-07 11:34:42 - [TEST_STEP][PASSED] - delay: Delayed 1 second(s)

2018-12-07 11:34:43 - [MESSAGE][PASSED] - Delayed 1 second(s)

2018-12-07 11:34:43 - [TEST_STEP][PASSED] - click: Object: 'Object Repository/Final Object Repo/New Registration - Registration Module Pages/Form 1/Indusry PostCode' is clicked on

2018-12-07 11:34:43 - [MESSAGE][PASSED] - Object: 'Object Repository/Final Object Repo/New Registration - Registration Module Pages/Form 1/Indusry PostCode' is clicked on

2018-12-07 11:34:43 - [TEST_STEP][PASSED] - delay: Delayed 1 second(s)

2018-12-07 11:34:44 - [MESSAGE][PASSED] - Delayed 1 second(s)

2018-12-07 11:34:44 - [TEST_STEP][PASSED] - setText: Text '810' is set on object 'Object Repository/Final Object Repo/New Registration - Registration Module Pages/Form 1/Insutry Post Code - 810'

2018-12-07 11:34:44 - [MESSAGE][PASSED] - Text '810' is set on object 'Object Repository/Final Object Repo/New Registration - Registration Module Pages/Form 1/Insutry Post Code - 810'

2018-12-07 11:34:44 - [TEST_STEP][PASSED] - delay: Delayed 1 second(s)

2018-12-07 11:34:45 - [MESSAGE][PASSED] - Delayed 1 second(s)

2018-12-07 11:34:45 - [TEST_STEP][PASSED] - click: Object: 'Object Repository/Final Object Repo/New Registration - Registration Module Pages/Form 1/Insutry Post Code - 81000' is clicked on

2018-12-07 11:34:45 - [MESSAGE][PASSED] - Object: 'Object Repository/Final Object Repo/New Registration - Registration Module Pages/Form 1/Insutry Post Code - 81000' is clicked on

2018-12-07 11:34:45 - [TEST_STEP][PASSED] - delay: Delayed 1 second(s)

2018-12-07 11:34:46 - [MESSAGE][PASSED] - Delayed 1 second(s)

2018-12-07 11:34:46 - [TEST_STEP][PASSED] - setText: Text '100' is set on object 'Object Repository/Final Object Repo/New Registration - Registration Module Pages/Form 1/Industry P.O.BOX'

2018-12-07 11:34:47 - [MESSAGE][PASSED] - Text '100' is set on object 'Object Repository/Final Object Repo/New Registration - Registration Module Pages/Form 1/Industry P.O.BOX'

2018-12-07 11:34:47 - [TEST_STEP][PASSED] - setText: Text '100' is set on object 'Object Repository/Final Object Repo/New Registration - Registration Module Pages/Form 1/Industry Locked Bag No'

2018-12-07 11:34:47 - [MESSAGE][PASSED] - Text '100' is set on object 'Object Repository/Final Object Repo/New Registration - Registration Module Pages/Form 1/Industry Locked Bag No'

2018-12-07 11:34:47 - [TEST_STEP][PASSED] - setText: Text '123456789' is set on object 'Object Repository/Final Object Repo/New Registration - Registration Module Pages/Form 1/Telephone No'

2018-12-07 11:34:47 - [MESSAGE][PASSED] - Text '123456789' is set on object 'Object Repository/Final Object Repo/New Registration - Registration Module Pages/Form 1/Telephone No'

2018-12-07 11:34:47 - [TEST_STEP][PASSED] - setText: Text '123456789' is set on object 'Object Repository/Final Object Repo/New Registration - Registration Module Pages/Form 1/Mobile No'

2018-12-07 11:34:48 - [MESSAGE][PASSED] - Text '123456789' is set on object 'Object Repository/Final Object Repo/New Registration - Registration Module Pages/Form 1/Mobile No'

2018-12-07 11:34:48 - [TEST_STEP][PASSED] - setText: Text '123456789' is set on object 'Object Repository/Final Object Repo/New Registration - Registration Module Pages/Form 1/Fax No'

2018-12-07 11:34:48 - [MESSAGE][PASSED] - Text '123456789' is set on object 'Object Repository/Final Object Repo/New Registration - Registration Module Pages/Form 1/Fax No'

2018-12-07 11:34:48 - [TEST_STEP][PASSED] - click: Object: 'Object Repository/Final Object Repo/New Registration - Registration Module Pages/Form 1/Industry Code' is clicked on

2018-12-07 11:34:48 - [MESSAGE][PASSED] - Object: 'Object Repository/Final Object Repo/New Registration - Registration Module Pages/Form 1/Industry Code' is clicked on

2018-12-07 11:34:48 - [TEST_STEP][PASSED] - click: Object: 'Object Repository/Final Object Repo/New Registration - Registration Module Pages/Form 1/Indudustry Code - Crops and Animal' is clicked on

2018-12-07 11:34:49 - [MESSAGE][PASSED] - Object: 'Object Repository/Final Object Repo/New Registration - Registration Module Pages/Form 1/Indudustry Code - Crops and Animal' is clicked on

2018-12-07 11:34:49 - [TEST_STEP][PASSED] - delay: Delayed 1 second(s)

2018-12-07 11:34:50 - [MESSAGE][PASSED] - Delayed 1 second(s)

2018-12-07 11:34:50 - [TEST_STEP][PASSED] - click: Object: 'Object Repository/Final Object Repo/New Registration - Registration Module Pages/Form 1/Sub Industry Code List' is clicked on

2018-12-07 11:34:50 - [MESSAGE][PASSED] - Object: 'Object Repository/Final Object Repo/New Registration - Registration Module Pages/Form 1/Sub Industry Code List' is clicked on

2018-12-07 11:34:50 - [TEST_STEP][PASSED] - click: Object: 'Object Repository/Final Object Repo/New Registration - Registration Module Pages/Form 1/Sub Industry Code List - Growing of Maize' is clicked on

2018-12-07 11:34:50 - [MESSAGE][PASSED] - Object: 'Object Repository/Final Object Repo/New Registration - Registration Module Pages/Form 1/Sub Industry Code List - Growing of Maize' is clicked on

2018-12-07 11:34:50 - [TEST_STEP][PASSED] - setText: Text 'perkeso123@gmail.com' is set on object 'Object Repository/Final Object Repo/New Registration - Registration Module Pages/Form 1/Email'

2018-12-07 11:34:51 - [MESSAGE][PASSED] - Text 'perkeso123@gmail.com' is set on object 'Object Repository/Final Object Repo/New Registration - Registration Module Pages/Form 1/Email'

2018-12-07 11:34:51 - [TEST_STEP][PASSED] - click: Object: 'Object Repository/Final Object Repo/New Registration - Registration Module Pages/Form 1/Method of Contribution Payment' is clicked on

2018-12-07 11:34:51 - [MESSAGE][PASSED] - Object: 'Object Repository/Final Object Repo/New Registration - Registration Module Pages/Form 1/Method of Contribution Payment' is clicked on

2018-12-07 11:34:51 - [TEST_STEP][PASSED] - click: Object: 'Object Repository/Final Object Repo/New Registration - Registration Module Pages/Form 1/Method of Contribution Payment - Portal' is clicked on

2018-12-07 11:34:51 - [MESSAGE][PASSED] - Object: 'Object Repository/Final Object Repo/New Registration - Registration Module Pages/Form 1/Method of Contribution Payment - Portal' is clicked on

2018-12-07 11:34:51 - [TEST_STEP][PASSED] - click: Object: 'Object Repository/Final Object Repo/New Registration - Registration Module Pages/Form 1/Servide Type' is clicked on

2018-12-07 11:34:52 - [MESSAGE][PASSED] - Object: 'Object Repository/Final Object Repo/New Registration - Registration Module Pages/Form 1/Servide Type' is clicked on

2018-12-07 11:34:52 - [TEST_STEP][PASSED] - click: Object: 'Object Repository/Final Object Repo/New Registration - Registration Module Pages/Form 1/Servide Type - Professional Bodies' is clicked on

2018-12-07 11:34:52 - [MESSAGE][PASSED] - Object: 'Object Repository/Final Object Repo/New Registration - Registration Module Pages/Form 1/Servide Type - Professional Bodies' is clicked on

2018-12-07 11:34:52 - [TEST_STEP][PASSED] - click: Object: 'Object Repository/Final Object Repo/New Registration - Registration Module Pages/Form 1/Industry Venue' is clicked on

2018-12-07 11:34:52 - [MESSAGE][PASSED] - Object: 'Object Repository/Final Object Repo/New Registration - Registration Module Pages/Form 1/Industry Venue' is clicked on

2018-12-07 11:34:52 - [TEST_STEP][PASSED] - click: Object: 'Object Repository/Final Object Repo/New Registration - Registration Module Pages/Form 1/Industry Venue -  PPN JOHOR' is clicked on

2018-12-07 11:34:52 - [MESSAGE][PASSED] - Object: 'Object Repository/Final Object Repo/New Registration - Registration Module Pages/Form 1/Industry Venue -  PPN JOHOR' is clicked on

2018-12-07 11:34:52 - [TEST_STEP][PASSED] - click: Object: 'Object Repository/Final Object Repo/New Registration - Registration Module Pages/Form 1/Save  Continue' is clicked on

2018-12-07 11:34:52 - [MESSAGE][PASSED] - Object: 'Object Repository/Final Object Repo/New Registration - Registration Module Pages/Form 1/Save  Continue' is clicked on

2018-12-07 11:34:52 - [MESSAGE][PASSED] - Call Test Case 'Test Cases/Final Aug 2018 - PKS Automation/Registration Module/New Registration/Form 1/Form 1 - Corporation - BHD' successfully

2018-12-07 11:34:52 - [TEST_STEP][PASSED] - callTestCase: Call Test Case 'Test Cases/Final Aug 2018 - PKS Automation/Registration Module/New Registration/Form 2/Add 1 Eligible' successfully

2018-12-07 11:34:52 - [TEST_CASE][PASSED] - Test Cases/Final Aug 2018 - PKS Automation/Registration Module/New Registration/Form 2/Add 1 Eligible: Test Cases/Final Aug 2018 - PKS Automation/Registration Module/New Registration/Form 2/Add 1 Eligible

2018-12-07 11:34:52 - [TEST_STEP][PASSED] - delay: Delayed 2 second(s)

2018-12-07 11:34:54 - [MESSAGE][PASSED] - Delayed 2 second(s)

2018-12-07 11:34:54 - [TEST_STEP][PASSED] - callTestCase: Call Test Case 'Test Cases/Final Aug 2018 - PKS Automation/Registration Module/New Registration/Form 2/Date Updater' successfully

2018-12-07 11:34:55 - [TEST_CASE][PASSED] - Test Cases/Final Aug 2018 - PKS Automation/Registration Module/New Registration/Form 2/Date Updater: Test Cases/Final Aug 2018 - PKS Automation/Registration Module/New Registration/Form 2/Date Updater

2018-12-07 11:34:55 - [TEST_STEP][PASSED] - Statement - TodayDate = new java.util.Date(): null

2018-12-07 11:34:55 - [TEST_STEP][PASSED] - Statement - CurrentDateNoFilter = new java.text.SimpleDateFormat(): null

2018-12-07 11:34:55 - [TEST_STEP][PASSED] - Statement - CurrentDateNoFilter.applyPattern("MM"): null

2018-12-07 11:34:55 - [TEST_STEP][PASSED] - Statement - monthContainerMatcher = java.lang.Integer.parseInt(CurrentDateNoFilter.format(TodayDate)): null

2018-12-07 11:34:55 - [TEST_STEP][PASSED] - Statement - monthContainerMatcher = monthContainerMatcher - 1: null

2018-12-07 11:34:55 - [TEST_STEP][PASSED] - Statement - CurrentMonth = monthContainerMatcher.toString(): null

2018-12-07 11:34:55 - [TEST_STEP][PASSED] - Statement - CurrentMonth = CurrentMonth: null

2018-12-07 11:34:55 - [TEST_STEP][PASSED] - Statement - CurrentDateNoFilter.applyPattern("yyyy"): null

2018-12-07 11:34:55 - [TEST_STEP][PASSED] - Statement - CurrentYear = CurrentDateNoFilter.format(TodayDate): null

2018-12-07 11:34:55 - [TEST_STEP][PASSED] - Statement - CurrentYear = CurrentYear: null

2018-12-07 11:34:55 - [TEST_STEP][PASSED] - Statement - intCurrentYear = java.lang.Integer.parseInt(CurrentDateNoFilter.format(TodayDate)): null

2018-12-07 11:34:55 - [TEST_STEP][PASSED] - Statement - eighteenYrsAgo = intCurrentYear - 18: null

2018-12-07 11:34:55 - [TEST_STEP][PASSED] - Statement - eighteenYrsBeforeThisYr = eighteenYrsAgo.toString(): null

2018-12-07 11:34:55 - [TEST_STEP][PASSED] - Statement - EighteenYrsBefore = eighteenYrsBeforeThisYr: null

2018-12-07 11:34:55 - [TEST_STEP][PASSED] - Statement - fiftysevenYrsAgo = intCurrentYear - 57: null

2018-12-07 11:34:55 - [TEST_STEP][PASSED] - Statement - fiftysevenYrsBeforeThisYr = fiftysevenYrsAgo.toString(): null

2018-12-07 11:34:55 - [TEST_STEP][PASSED] - Statement - FiftysevenYrsBefore = fiftysevenYrsBeforeThisYr: null

2018-12-07 11:34:55 - [TEST_STEP][PASSED] - Statement - leapYear = false: null

2018-12-07 11:34:55 - [TEST_STEP][PASSED] - Statement - leapYear = intCurrentYear % 4 == 0: null

2018-12-07 11:34:55 - [TEST_STEP][PASSED] - Statement - CurrentDateNoFilter.applyPattern("dd"): null

2018-12-07 11:34:55 - [TEST_STEP][PASSED] - Statement - CurrentDate = CurrentDateNoFilter.format(TodayDate): null

2018-12-07 11:34:55 - [TEST_STEP][PASSED] - Statement - CurrentDate = java.lang.Integer.parseInt(CurrentDate): null

2018-12-07 11:34:55 - [TEST_STEP][PASSED] - Statement - CurrentDate = CurrentDate: null

2018-12-07 11:34:55 - [TEST_STEP][PASSED] - Statement - CurrentDay = java.lang.Integer.parseInt(CurrentDate): null

2018-12-07 11:34:55 - [TEST_STEP][PASSED] - Statement - ConfAdder = <not implemented yet for class: org.codehaus.groovy.ast.expr.EmptyExpression>: null

2018-12-07 11:34:55 - [TEST_STEP][PASSED] - Statement - out.println(CurrentMonth): null

2018-12-07 11:34:55 - [TEST_STEP][PASSED] - Statement - out.println(CurrentDate): null

2018-12-07 11:34:55 - [TEST_STEP][PASSED] - Statement - switch (CurrentDate): null

2018-12-07 11:34:55 - [TEST_STEP][PASSED] - Statement - Default: null

2018-12-07 11:34:55 - [TEST_STEP][PASSED] - Statement - ConfAdder = true: null

2018-12-07 11:34:55 - [TEST_STEP][PASSED] - Statement - Break: null

2018-12-07 11:34:55 - [TEST_STEP][PASSED] - Statement - aDayBefore = <not implemented yet for class: org.codehaus.groovy.ast.expr.EmptyExpression>: null

2018-12-07 11:34:55 - [TEST_STEP][PASSED] - Statement - out.println(ConfAdder): null

2018-12-07 11:34:55 - [TEST_STEP][PASSED] - Statement - If (ConfAdder == true): null

2018-12-07 11:34:55 - [TEST_STEP][PASSED] - Statement - aDayBefore = CurrentDay + 1: null

2018-12-07 11:34:55 - [TEST_STEP][PASSED] - Statement - out.println(aDayBefore): null

2018-12-07 11:34:55 - [TEST_STEP][PASSED] - Statement - If (aDayBefore == 1 && CurrentMonth == 11): null

2018-12-07 11:34:55 - [TEST_STEP][PASSED] - Statement - DayBefore = aDayBefore.toString(): null

2018-12-07 11:34:55 - [TEST_STEP][PASSED] - Statement - OneDayBefore = DayBefore: null

2018-12-07 11:34:55 - [MESSAGE][PASSED] - Call Test Case 'Test Cases/Final Aug 2018 - PKS Automation/Registration Module/New Registration/Form 2/Date Updater' successfully

2018-12-07 11:34:55 - [TEST_STEP][PASSED] - delay: Delayed 1 second(s)

2018-12-07 11:34:56 - [MESSAGE][PASSED] - Delayed 1 second(s)

2018-12-07 11:34:56 - [TEST_STEP][PASSED] - Statement - CaseReferenceNo = com.kms.katalon.core.webui.keyword.WebUiBuiltInKeywords.getText(com.kms.katalon.core.testobject.ObjectRepository.findTestObject(Final Object Repo/New Registration - Registration Module Pages/Form 2/RefNo Acquiring)): Text of object 'Object Repository/Final Object Repo/New Registration - Registration Module Pages/Form 2/RefNo Acquiring' is: 'CRN12201800123088'

2018-12-07 11:34:56 - [MESSAGE][PASSED] - Text of object 'Object Repository/Final Object Repo/New Registration - Registration Module Pages/Form 2/RefNo Acquiring' is: 'CRN12201800123088'

2018-12-07 11:34:56 - [TEST_STEP][PASSED] - delay: Delayed 1 second(s)

2018-12-07 11:34:57 - [MESSAGE][PASSED] - Delayed 1 second(s)

2018-12-07 11:34:57 - [TEST_STEP][PASSED] - click: Object: 'Object Repository/Final Object Repo/New Registration - Registration Module Pages/Form 2/Add Employee Button' is clicked on

2018-12-07 11:34:57 - [MESSAGE][PASSED] - Object: 'Object Repository/Final Object Repo/New Registration - Registration Module Pages/Form 2/Add Employee Button' is clicked on

2018-12-07 11:34:57 - [TEST_STEP][PASSED] - delay: Delayed 1 second(s)

2018-12-07 11:34:58 - [MESSAGE][PASSED] - Delayed 1 second(s)

2018-12-07 11:34:58 - [TEST_STEP][PASSED] - setText: Text '010903091963' is set on object 'Object Repository/Final Object Repo/New Registration - Registration Module Pages/Form 2/NRIC Input'

2018-12-07 11:34:59 - [MESSAGE][PASSED] - Text '010903091963' is set on object 'Object Repository/Final Object Repo/New Registration - Registration Module Pages/Form 2/NRIC Input'

2018-12-07 11:34:59 - [TEST_STEP][PASSED] - click: Object: 'Object Repository/Final Object Repo/New Registration - Registration Module Pages/Form 2/button for search for IC' is clicked on

2018-12-07 11:34:59 - [MESSAGE][PASSED] - Object: 'Object Repository/Final Object Repo/New Registration - Registration Module Pages/Form 2/button for search for IC' is clicked on

2018-12-07 11:34:59 - [TEST_STEP][PASSED] - delay: Delayed 2 second(s)

2018-12-07 11:35:01 - [MESSAGE][PASSED] - Delayed 2 second(s)

2018-12-07 11:35:01 - [TEST_STEP][PASSED] - setText: Text 'Automate001 eligible 1' is set on object 'Object Repository/Final Object Repo/New Registration - Registration Module Pages/Form 2/Employee Name Input'

2018-12-07 11:35:01 - [MESSAGE][PASSED] - Text 'Automate001 eligible 1' is set on object 'Object Repository/Final Object Repo/New Registration - Registration Module Pages/Form 2/Employee Name Input'

2018-12-07 11:35:01 - [TEST_STEP][PASSED] - delay: Delayed 2 second(s)

2018-12-07 11:35:03 - [MESSAGE][PASSED] - Delayed 2 second(s)

2018-12-07 11:35:03 - [TEST_STEP][PASSED] - click: Object: 'Object Repository/Final Object Repo/New Registration - Registration Module Pages/Form 2/DatePicker Pop Up' is clicked on

2018-12-07 11:35:04 - [MESSAGE][PASSED] - Object: 'Object Repository/Final Object Repo/New Registration - Registration Module Pages/Form 2/DatePicker Pop Up' is clicked on

2018-12-07 11:35:04 - [TEST_STEP][PASSED] - click: Object: 'Object Repository/Final Object Repo/New Registration - Registration Module Pages/Form 2/DOB Month' is clicked on

2018-12-07 11:35:04 - [MESSAGE][PASSED] - Object: 'Object Repository/Final Object Repo/New Registration - Registration Module Pages/Form 2/DOB Month' is clicked on

2018-12-07 11:35:04 - [TEST_STEP][PASSED] - Statement - CurrentMonth = CurrentMonth: null

2018-12-07 11:35:04 - [TEST_STEP][PASSED] - Statement - selectMonth = new com.kms.katalon.core.testobject.TestObject(): null

2018-12-07 11:35:04 - [TEST_STEP][PASSED] - Statement - selectMonth.addProperty("xpath", EQUALS, "//body/div/div/div/select/option[@value='" + CurrentMonth + "']", true): null

2018-12-07 11:35:04 - [TEST_STEP][PASSED] - click: Object: '' is clicked on

2018-12-07 11:35:04 - [MESSAGE][PASSED] - Object: '' is clicked on

2018-12-07 11:35:04 - [TEST_STEP][PASSED] - click: Object: 'Object Repository/Final Object Repo/New Registration - Registration Module Pages/Form 2/DOB Year' is clicked on

2018-12-07 11:35:04 - [MESSAGE][PASSED] - Object: 'Object Repository/Final Object Repo/New Registration - Registration Module Pages/Form 2/DOB Year' is clicked on

2018-12-07 11:35:04 - [TEST_STEP][PASSED] - Statement - Eyearsbf = EighteenYrsBefore: null

2018-12-07 11:35:04 - [TEST_STEP][PASSED] - Statement - selectYear = new com.kms.katalon.core.testobject.TestObject(): null

2018-12-07 11:35:04 - [TEST_STEP][PASSED] - Statement - selectYear.addProperty("xpath", EQUALS, "//div/div/div/select/option[@value='" + Eyearsbf + "']", true): null

2018-12-07 11:35:04 - [TEST_STEP][PASSED] - click: Object: '' is clicked on

2018-12-07 11:35:04 - [MESSAGE][PASSED] - Object: '' is clicked on

2018-12-07 11:35:04 - [TEST_STEP][PASSED] - Statement - UpdatedSelectDate = com.kms.katalon.core.webui.keyword.WebUiBuiltInKeywords.modifyObjectProperty(com.kms.katalon.core.testobject.ObjectRepository.findTestObject(Final Object Repo/New Registration - Registration Module Pages/Form 2/DOB Date), "xpath", "equals", "//body/div/table/tbody/tr/td/a[text()="" + CurrentDate + ""]", true): Modify property of object successfully

2018-12-07 11:35:04 - [MESSAGE][PASSED] - Modify property of object successfully

2018-12-07 11:35:04 - [TEST_STEP][PASSED] - delay: Delayed 3 second(s)

2018-12-07 11:35:07 - [MESSAGE][PASSED] - Delayed 3 second(s)

2018-12-07 11:35:07 - [TEST_STEP][PASSED] - click: Object: 'Object Repository/Final Object Repo/New Registration - Registration Module Pages/Form 2/DOB Date' is clicked on

2018-12-07 11:35:07 - [MESSAGE][PASSED] - Object: 'Object Repository/Final Object Repo/New Registration - Registration Module Pages/Form 2/DOB Date' is clicked on

2018-12-07 11:35:07 - [TEST_STEP][PASSED] - delay: Delayed 2 second(s)

2018-12-07 11:35:09 - [MESSAGE][PASSED] - Delayed 2 second(s)

2018-12-07 11:35:09 - [TEST_STEP][PASSED] - click: Object: 'Object Repository/Final Object Repo/New Registration - Registration Module Pages/Form 2/EmploymentStartDate Pop Up' is clicked on

2018-12-07 11:35:10 - [MESSAGE][PASSED] - Object: 'Object Repository/Final Object Repo/New Registration - Registration Module Pages/Form 2/EmploymentStartDate Pop Up' is clicked on

2018-12-07 11:35:10 - [TEST_STEP][PASSED] - delay: Delayed 2 second(s)

2018-12-07 11:35:12 - [MESSAGE][PASSED] - Delayed 2 second(s)

2018-12-07 11:35:12 - [TEST_STEP][PASSED] - click: Object: 'Object Repository/Final Object Repo/New Registration - Registration Module Pages/Form 2/Socso Employment StartDate Month' is clicked on

2018-12-07 11:35:12 - [MESSAGE][PASSED] - Object: 'Object Repository/Final Object Repo/New Registration - Registration Module Pages/Form 2/Socso Employment StartDate Month' is clicked on

2018-12-07 11:35:12 - [TEST_STEP][PASSED] - delay: Delayed 1 second(s)

2018-12-07 11:35:13 - [MESSAGE][PASSED] - Delayed 1 second(s)

2018-12-07 11:35:13 - [TEST_STEP][PASSED] - click: Object: 'Object Repository/Final Object Repo/New Registration - Registration Module Pages/Form 2/Select Socso Employement Startdate Month' is clicked on

2018-12-07 11:35:13 - [MESSAGE][PASSED] - Object: 'Object Repository/Final Object Repo/New Registration - Registration Module Pages/Form 2/Select Socso Employement Startdate Month' is clicked on

2018-12-07 11:35:13 - [TEST_STEP][PASSED] - delay: Delayed 2 second(s)

2018-12-07 11:35:15 - [MESSAGE][PASSED] - Delayed 2 second(s)

2018-12-07 11:35:15 - [TEST_STEP][PASSED] - click: Object: 'Object Repository/Final Object Repo/New Registration - Registration Module Pages/Form 2/Socso Employment StartDate Year' is clicked on

2018-12-07 11:35:15 - [MESSAGE][PASSED] - Object: 'Object Repository/Final Object Repo/New Registration - Registration Module Pages/Form 2/Socso Employment StartDate Year' is clicked on

2018-12-07 11:35:15 - [TEST_STEP][PASSED] - delay: Delayed 1 second(s)

2018-12-07 11:35:16 - [MESSAGE][PASSED] - Delayed 1 second(s)

2018-12-07 11:35:16 - [TEST_STEP][PASSED] - click: Object: 'Object Repository/Final Object Repo/New Registration - Registration Module Pages/Form 2/Select Socso Employment Startdate Year' is clicked on

2018-12-07 11:35:16 - [MESSAGE][PASSED] - Object: 'Object Repository/Final Object Repo/New Registration - Registration Module Pages/Form 2/Select Socso Employment Startdate Year' is clicked on

2018-12-07 11:35:16 - [TEST_STEP][PASSED] - delay: Delayed 2 second(s)

2018-12-07 11:35:18 - [MESSAGE][PASSED] - Delayed 2 second(s)

2018-12-07 11:35:18 - [TEST_STEP][PASSED] - click: Object: 'Object Repository/Final Object Repo/New Registration - Registration Module Pages/Form 2/Socso Employment Start Date Day' is clicked on

2018-12-07 11:35:19 - [MESSAGE][PASSED] - Object: 'Object Repository/Final Object Repo/New Registration - Registration Module Pages/Form 2/Socso Employment Start Date Day' is clicked on

2018-12-07 11:35:19 - [TEST_STEP][PASSED] - delay: Delayed 2 second(s)

2018-12-07 11:35:21 - [MESSAGE][PASSED] - Delayed 2 second(s)

2018-12-07 11:35:21 - [TEST_STEP][PASSED] - click: Object: 'Object Repository/Final Object Repo/New Registration - Registration Module Pages/Form 2/Save Button for Add Employee' is clicked on

2018-12-07 11:35:21 - [MESSAGE][PASSED] - Object: 'Object Repository/Final Object Repo/New Registration - Registration Module Pages/Form 2/Save Button for Add Employee' is clicked on

2018-12-07 11:35:21 - [TEST_STEP][PASSED] - delay: Delayed 6 second(s)

2018-12-07 11:35:27 - [MESSAGE][PASSED] - Delayed 6 second(s)

2018-12-07 11:35:27 - [TEST_STEP][PASSED] - click: Object: 'Object Repository/Final Object Repo/New Registration - Registration Module Pages/Form 2/Save and Continue Form 2' is clicked on

2018-12-07 11:35:27 - [MESSAGE][PASSED] - Object: 'Object Repository/Final Object Repo/New Registration - Registration Module Pages/Form 2/Save and Continue Form 2' is clicked on

2018-12-07 11:35:27 - [MESSAGE][PASSED] - Call Test Case 'Test Cases/Final Aug 2018 - PKS Automation/Registration Module/New Registration/Form 2/Add 1 Eligible' successfully

2018-12-07 11:35:27 - [TEST_STEP][PASSED] - callTestCase: Call Test Case 'Test Cases/Final Aug 2018 - PKS Automation/Registration Module/New Registration/Flow of New Registration/Third Screen - Upload Supporting Doc - Preview' successfully

2018-12-07 11:35:27 - [TEST_CASE][PASSED] - Test Cases/Final Aug 2018 - PKS Automation/Registration Module/New Registration/Flow of New Registration/Third Screen - Upload Supporting Doc - Preview: Test Cases/Final Aug 2018 - PKS Automation/Registration Module/New Registration/Flow of New Registration/Third Screen - Upload Supporting Doc - Preview

2018-12-07 11:35:27 - [TEST_STEP][PASSED] - waitForPageLoad: Wait for page load successfully

2018-12-07 11:35:28 - [MESSAGE][PASSED] - Wait for page load successfully

2018-12-07 11:35:28 - [TEST_STEP][PASSED] - Statement - CaseReferenceNo = com.kms.katalon.core.webui.keyword.WebUiBuiltInKeywords.getText(com.kms.katalon.core.testobject.ObjectRepository.findTestObject(Final Object Repo/New Registration - Registration Module Pages/Third Screen - Upload Supporting Doc- Preview/RefNo Acquiring)): Text of object 'Object Repository/Final Object Repo/New Registration - Registration Module Pages/Third Screen - Upload Supporting Doc- Preview/RefNo Acquiring' is: 'CRN12201800123088'

2018-12-07 11:35:28 - [MESSAGE][PASSED] - Text of object 'Object Repository/Final Object Repo/New Registration - Registration Module Pages/Third Screen - Upload Supporting Doc- Preview/RefNo Acquiring' is: 'CRN12201800123088'

2018-12-07 11:35:28 - [TEST_STEP][PASSED] - delay: Delayed 2 second(s)

2018-12-07 11:35:30 - [MESSAGE][PASSED] - Delayed 2 second(s)

2018-12-07 11:35:30 - [TEST_STEP][PASSED] - callTestCase: Call Test Case 'Test Cases/Final Aug 2018 - PKS Automation/Common/Reference Number Setter' successfully

2018-12-07 11:35:30 - [TEST_CASE][PASSED] - Test Cases/Final Aug 2018 - PKS Automation/Common/Reference Number Setter: Test Cases/Final Aug 2018 - PKS Automation/Common/Reference Number Setter

2018-12-07 11:35:30 - [TEST_STEP][PASSED] - Statement - RefNoOldFile = new java.io.File(C://Users//Admin//Desktop//PKS//Automation Reference Point//KatalonReference.txt): null

2018-12-07 11:35:30 - [TEST_STEP][PASSED] - Statement - RefNoOldFile.delete(): null

2018-12-07 11:35:30 - [TEST_STEP][PASSED] - delay: Delayed 5 second(s)

2018-12-07 11:35:35 - [MESSAGE][PASSED] - Delayed 5 second(s)

2018-12-07 11:35:35 - [TEST_STEP][PASSED] - Statement - RefNo = new java.io.File(C://Users//Admin//Desktop//PKS//Automation Reference Point//KatalonReference.txt): null

2018-12-07 11:35:35 - [TEST_STEP][PASSED] - Statement - f2 = new java.io.FileWriter(RefNo, false): null

2018-12-07 11:35:35 - [TEST_STEP][PASSED] - Statement - f2.write(CaseReferenceNo): null

2018-12-07 11:35:35 - [TEST_STEP][PASSED] - Statement - f2.close(): null

2018-12-07 11:35:35 - [TEST_STEP][PASSED] - Statement - out.println("


" + CaseReferenceNo + "


"): null

2018-12-07 11:35:35 - [MESSAGE][PASSED] - Call Test Case 'Test Cases/Final Aug 2018 - PKS Automation/Common/Reference Number Setter' successfully

2018-12-07 11:35:35 - [TEST_STEP][PASSED] - waitForElementClickable: Object 'Object Repository/Final Object Repo/New Registration - Registration Module Pages/Third Screen - Upload Supporting Doc- Preview/Save n Continue in SIP Employee Listing Page' is clickable

2018-12-07 11:35:35 - [MESSAGE][PASSED] - Object 'Object Repository/Final Object Repo/New Registration - Registration Module Pages/Third Screen - Upload Supporting Doc- Preview/Save n Continue in SIP Employee Listing Page' is clickable

2018-12-07 11:35:35 - [TEST_STEP][PASSED] - click: Object: 'Object Repository/Final Object Repo/New Registration - Registration Module Pages/Third Screen - Upload Supporting Doc- Preview/Save n Continue in SIP Employee Listing Page' is clicked on

2018-12-07 11:35:40 - [MESSAGE][PASSED] - Object: 'Object Repository/Final Object Repo/New Registration - Registration Module Pages/Third Screen - Upload Supporting Doc- Preview/Save n Continue in SIP Employee Listing Page' is clicked on

2018-12-07 11:35:40 - [TEST_STEP][PASSED] - delay: Delayed 7 second(s)

2018-12-07 11:35:47 - [MESSAGE][PASSED] - Delayed 7 second(s)

2018-12-07 11:35:47 - [TEST_STEP][PASSED] - click: Object: 'Object Repository/Final Object Repo/New Registration - Registration Module Pages/Third Screen - Upload Supporting Doc- Preview/Add Document Button' is clicked on

2018-12-07 11:35:48 - [MESSAGE][PASSED] - Object: 'Object Repository/Final Object Repo/New Registration - Registration Module Pages/Third Screen - Upload Supporting Doc- Preview/Add Document Button' is clicked on

2018-12-07 11:35:48 - [TEST_STEP][PASSED] - delay: Delayed 30 second(s)

2018-12-07 11:36:18 - [MESSAGE][PASSED] - Delayed 30 second(s)

2018-12-07 11:36:18 - [TEST_STEP][PASSED] - click: Object: 'Object Repository/Final Object Repo/New Registration - Registration Module Pages/Third Screen - Upload Supporting Doc- Preview/Supporting Doc Please Select Drop Down' is clicked on

2018-12-07 11:36:18 - [MESSAGE][PASSED] - Object: 'Object Repository/Final Object Repo/New Registration - Registration Module Pages/Third Screen - Upload Supporting Doc- Preview/Supporting Doc Please Select Drop Down' is clicked on

2018-12-07 11:36:18 - [TEST_STEP][PASSED] - delay: Delayed 2 second(s)

2018-12-07 11:36:20 - [MESSAGE][PASSED] - Delayed 2 second(s)

2018-12-07 11:36:20 - [TEST_STEP][PASSED] - click: Object: 'Object Repository/Final Object Repo/New Registration - Registration Module Pages/Third Screen - Upload Supporting Doc- Preview/Select to Upload Form 1' is clicked on

2018-12-07 11:36:20 - [MESSAGE][PASSED] - Object: 'Object Repository/Final Object Repo/New Registration - Registration Module Pages/Third Screen - Upload Supporting Doc- Preview/Select to Upload Form 1' is clicked on

2018-12-07 11:36:20 - [TEST_STEP][PASSED] - delay: Delayed 2 second(s)

2018-12-07 11:36:22 - [MESSAGE][PASSED] - Delayed 2 second(s)

2018-12-07 11:36:22 - [TEST_STEP][PASSED] - uploadFile: File 'C:\Users\Public\Pictures\Sample Pictures\Koala.jpg' sent to object: 'Object Repository/Final Object Repo/New Registration - Registration Module Pages/Third Screen - Upload Supporting Doc- Preview/Upload File Adding'

2018-12-07 11:36:22 - [MESSAGE][PASSED] - File 'C:\Users\Public\Pictures\Sample Pictures\Koala.jpg' sent to object: 'Object Repository/Final Object Repo/New Registration - Registration Module Pages/Third Screen - Upload Supporting Doc- Preview/Upload File Adding'

2018-12-07 11:36:22 - [TEST_STEP][PASSED] - delay: Delayed 5 second(s)

2018-12-07 11:36:27 - [MESSAGE][PASSED] - Delayed 5 second(s)

2018-12-07 11:36:27 - [TEST_STEP][PASSED] - click: Object: 'Object Repository/Final Object Repo/New Registration - Registration Module Pages/Third Screen - Upload Supporting Doc- Preview/Inner Form Add Document Button' is clicked on

2018-12-07 11:36:27 - [MESSAGE][PASSED] - Object: 'Object Repository/Final Object Repo/New Registration - Registration Module Pages/Third Screen - Upload Supporting Doc- Preview/Inner Form Add Document Button' is clicked on

2018-12-07 11:36:27 - [TEST_STEP][PASSED] - delay: Delayed 3 second(s)

2018-12-07 11:36:30 - [MESSAGE][PASSED] - Delayed 3 second(s)

2018-12-07 11:36:30 - [TEST_STEP][PASSED] - click: Object: 'Object Repository/Final Object Repo/New Registration - Registration Module Pages/Third Screen - Upload Supporting Doc- Preview/Add Document Button' is clicked on

2018-12-07 11:36:32 - [MESSAGE][PASSED] - Object: 'Object Repository/Final Object Repo/New Registration - Registration Module Pages/Third Screen - Upload Supporting Doc- Preview/Add Document Button' is clicked on

2018-12-07 11:36:32 - [TEST_STEP][PASSED] - delay: Delayed 30 second(s)

2018-12-07 11:37:02 - [MESSAGE][PASSED] - Delayed 30 second(s)

2018-12-07 11:37:02 - [TEST_STEP][PASSED] - click: Object: 'Object Repository/Final Object Repo/New Registration - Registration Module Pages/Third Screen - Upload Supporting Doc- Preview/Supporting Doc Please Select Drop Down' is clicked on

2018-12-07 11:37:02 - [MESSAGE][PASSED] - Object: 'Object Repository/Final Object Repo/New Registration - Registration Module Pages/Third Screen - Upload Supporting Doc- Preview/Supporting Doc Please Select Drop Down' is clicked on

2018-12-07 11:37:02 - [TEST_STEP][PASSED] - delay: Delayed 2 second(s)

2018-12-07 11:37:04 - [MESSAGE][PASSED] - Delayed 2 second(s)

2018-12-07 11:37:04 - [TEST_STEP][PASSED] - click: Object: 'Object Repository/Final Object Repo/New Registration - Registration Module Pages/Third Screen - Upload Supporting Doc- Preview/Select to Upload Form 2' is clicked on

2018-12-07 11:37:04 - [MESSAGE][PASSED] - Object: 'Object Repository/Final Object Repo/New Registration - Registration Module Pages/Third Screen - Upload Supporting Doc- Preview/Select to Upload Form 2' is clicked on

2018-12-07 11:37:04 - [TEST_STEP][PASSED] - delay: Delayed 2 second(s)

2018-12-07 11:37:06 - [MESSAGE][PASSED] - Delayed 2 second(s)

2018-12-07 11:37:06 - [TEST_STEP][PASSED] - uploadFile: File 'C:\Users\Public\Pictures\Sample Pictures\Koala.jpg' sent to object: 'Object Repository/Final Object Repo/New Registration - Registration Module Pages/Third Screen - Upload Supporting Doc- Preview/Upload File Adding'

2018-12-07 11:37:06 - [MESSAGE][PASSED] - File 'C:\Users\Public\Pictures\Sample Pictures\Koala.jpg' sent to object: 'Object Repository/Final Object Repo/New Registration - Registration Module Pages/Third Screen - Upload Supporting Doc- Preview/Upload File Adding'

2018-12-07 11:37:06 - [TEST_STEP][PASSED] - click: Object: 'Object Repository/Final Object Repo/New Registration - Registration Module Pages/Third Screen - Upload Supporting Doc- Preview/Inner Form Add Document Button' is clicked on

2018-12-07 11:37:06 - [MESSAGE][PASSED] - Object: 'Object Repository/Final Object Repo/New Registration - Registration Module Pages/Third Screen - Upload Supporting Doc- Preview/Inner Form Add Document Button' is clicked on

2018-12-07 11:37:06 - [TEST_STEP][PASSED] - delay: Delayed 5 second(s)

2018-12-07 11:37:11 - [MESSAGE][PASSED] - Delayed 5 second(s)

2018-12-07 11:37:11 - [TEST_STEP][PASSED] - click: Object: 'Object Repository/Final Object Repo/New Registration - Registration Module Pages/Third Screen - Upload Supporting Doc- Preview/Add Document Button' is clicked on

2018-12-07 11:37:12 - [MESSAGE][PASSED] - Object: 'Object Repository/Final Object Repo/New Registration - Registration Module Pages/Third Screen - Upload Supporting Doc- Preview/Add Document Button' is clicked on

2018-12-07 11:37:12 - [TEST_STEP][PASSED] - delay: Delayed 30 second(s)

2018-12-07 11:37:42 - [MESSAGE][PASSED] - Delayed 30 second(s)

2018-12-07 11:37:42 - [TEST_STEP][PASSED] - click: Object: 'Object Repository/Final Object Repo/New Registration - Registration Module Pages/Third Screen - Upload Supporting Doc- Preview/Supporting Doc Please Select Drop Down' is clicked on

2018-12-07 11:37:42 - [MESSAGE][PASSED] - Object: 'Object Repository/Final Object Repo/New Registration - Registration Module Pages/Third Screen - Upload Supporting Doc- Preview/Supporting Doc Please Select Drop Down' is clicked on

2018-12-07 11:37:42 - [TEST_STEP][PASSED] - click: Object: 'Object Repository/Final Object Repo/New Registration - Registration Module Pages/Third Screen - Upload Supporting Doc- Preview/Select to Upload Borang SIP 1' is clicked on

2018-12-07 11:37:42 - [MESSAGE][PASSED] - Object: 'Object Repository/Final Object Repo/New Registration - Registration Module Pages/Third Screen - Upload Supporting Doc- Preview/Select to Upload Borang SIP 1' is clicked on

2018-12-07 11:37:42 - [TEST_STEP][PASSED] - delay: Delayed 2 second(s)

2018-12-07 11:37:44 - [MESSAGE][PASSED] - Delayed 2 second(s)

2018-12-07 11:37:44 - [TEST_STEP][PASSED] - uploadFile: File 'C:\Users\Public\Pictures\Sample Pictures\Koala.jpg' sent to object: 'Object Repository/Final Object Repo/New Registration - Registration Module Pages/Third Screen - Upload Supporting Doc- Preview/Upload File Adding'

2018-12-07 11:37:44 - [MESSAGE][PASSED] - File 'C:\Users\Public\Pictures\Sample Pictures\Koala.jpg' sent to object: 'Object Repository/Final Object Repo/New Registration - Registration Module Pages/Third Screen - Upload Supporting Doc- Preview/Upload File Adding'

2018-12-07 11:37:44 - [TEST_STEP][PASSED] - click: Object: 'Object Repository/Final Object Repo/New Registration - Registration Module Pages/Third Screen - Upload Supporting Doc- Preview/Inner Form Add Document Button' is clicked on

2018-12-07 11:37:44 - [MESSAGE][PASSED] - Object: 'Object Repository/Final Object Repo/New Registration - Registration Module Pages/Third Screen - Upload Supporting Doc- Preview/Inner Form Add Document Button' is clicked on

2018-12-07 11:37:44 - [TEST_STEP][PASSED] - delay: Delayed 5 second(s)

2018-12-07 11:37:49 - [MESSAGE][PASSED] - Delayed 5 second(s)

2018-12-07 11:37:49 - [TEST_STEP][PASSED] - click: Object: 'Object Repository/Final Object Repo/New Registration - Registration Module Pages/Third Screen - Upload Supporting Doc- Preview/Add Document Button' is clicked on

2018-12-07 11:37:49 - [MESSAGE][PASSED] - Object: 'Object Repository/Final Object Repo/New Registration - Registration Module Pages/Third Screen - Upload Supporting Doc- Preview/Add Document Button' is clicked on

2018-12-07 11:37:49 - [TEST_STEP][PASSED] - delay: Delayed 30 second(s)

2018-12-07 11:38:19 - [MESSAGE][PASSED] - Delayed 30 second(s)

2018-12-07 11:38:19 - [TEST_STEP][PASSED] - click: Object: 'Object Repository/Final Object Repo/New Registration - Registration Module Pages/Third Screen - Upload Supporting Doc- Preview/Supporting Doc Please Select Drop Down' is clicked on

2018-12-07 11:38:20 - [MESSAGE][PASSED] - Object: 'Object Repository/Final Object Repo/New Registration - Registration Module Pages/Third Screen - Upload Supporting Doc- Preview/Supporting Doc Please Select Drop Down' is clicked on

2018-12-07 11:38:20 - [TEST_STEP][PASSED] - delay: Delayed 3 second(s)

2018-12-07 11:38:23 - [MESSAGE][PASSED] - Delayed 3 second(s)

2018-12-07 11:38:23 - [TEST_STEP][PASSED] - click: Object: 'Object Repository/Final Object Repo/New Registration - Registration Module Pages/Third Screen - Upload Supporting Doc- Preview/Select to Upload Borang SIP 2' is clicked on

2018-12-07 11:38:23 - [MESSAGE][PASSED] - Object: 'Object Repository/Final Object Repo/New Registration - Registration Module Pages/Third Screen - Upload Supporting Doc- Preview/Select to Upload Borang SIP 2' is clicked on

2018-12-07 11:38:23 - [TEST_STEP][PASSED] - delay: Delayed 2 second(s)

2018-12-07 11:38:25 - [MESSAGE][PASSED] - Delayed 2 second(s)

2018-12-07 11:38:25 - [TEST_STEP][PASSED] - uploadFile: File 'C:\Users\Public\Pictures\Sample Pictures\Koala.jpg' sent to object: 'Object Repository/Final Object Repo/New Registration - Registration Module Pages/Third Screen - Upload Supporting Doc- Preview/Upload File Adding'

2018-12-07 11:38:25 - [MESSAGE][PASSED] - File 'C:\Users\Public\Pictures\Sample Pictures\Koala.jpg' sent to object: 'Object Repository/Final Object Repo/New Registration - Registration Module Pages/Third Screen - Upload Supporting Doc- Preview/Upload File Adding'

2018-12-07 11:38:25 - [TEST_STEP][PASSED] - delay: Delayed 5 second(s)

2018-12-07 11:38:30 - [MESSAGE][PASSED] - Delayed 5 second(s)

2018-12-07 11:38:30 - [TEST_STEP][PASSED] - click: Object: 'Object Repository/Final Object Repo/New Registration - Registration Module Pages/Third Screen - Upload Supporting Doc- Preview/Inner Form Add Document Button' is clicked on

2018-12-07 11:38:30 - [MESSAGE][PASSED] - Object: 'Object Repository/Final Object Repo/New Registration - Registration Module Pages/Third Screen - Upload Supporting Doc- Preview/Inner Form Add Document Button' is clicked on

2018-12-07 11:38:30 - [TEST_STEP][PASSED] - delay: Delayed 3 second(s)

2018-12-07 11:38:33 - [MESSAGE][PASSED] - Delayed 3 second(s)

2018-12-07 11:38:33 - [TEST_STEP][PASSED] - waitForElementClickable: Object 'Object Repository/Final Object Repo/New Registration - Registration Module Pages/Third Screen - Upload Supporting Doc- Preview/Save n Continue in Uploading Supporting Doc Page' is clickable

2018-12-07 11:38:34 - [MESSAGE][PASSED] - Object 'Object Repository/Final Object Repo/New Registration - Registration Module Pages/Third Screen - Upload Supporting Doc- Preview/Save n Continue in Uploading Supporting Doc Page' is clickable

2018-12-07 11:38:34 - [TEST_STEP][PASSED] - click: Object: 'Object Repository/Final Object Repo/New Registration - Registration Module Pages/Third Screen - Upload Supporting Doc- Preview/Save n Continue in Uploading Supporting Doc Page' is clicked on

2018-12-07 11:38:34 - [MESSAGE][PASSED] - Object: 'Object Repository/Final Object Repo/New Registration - Registration Module Pages/Third Screen - Upload Supporting Doc- Preview/Save n Continue in Uploading Supporting Doc Page' is clicked on

2018-12-07 11:38:34 - [MESSAGE][PASSED] - Call Test Case 'Test Cases/Final Aug 2018 - PKS Automation/Registration Module/New Registration/Flow of New Registration/Third Screen - Upload Supporting Doc - Preview' successfully

2018-12-07 11:38:34 - [TEST_STEP][PASSED] - callTestCase: Call Test Case 'Test Cases/Final Aug 2018 - PKS Automation/Registration Module/New Registration/Submit and Screenshot/Submit Registration and Screenshot - Copy' successfully

2018-12-07 11:38:34 - [TEST_CASE][PASSED] - Test Cases/Final Aug 2018 - PKS Automation/Registration Module/New Registration/Submit and Screenshot/Submit Registration and Screenshot - Copy: Test Cases/Final Aug 2018 - PKS Automation/Registration Module/New Registration/Submit and Screenshot/Submit Registration and Screenshot - Copy

2018-12-07 11:38:34 - [TEST_STEP][PASSED] - delay: Delayed 6 second(s)

2018-12-07 11:38:40 - [MESSAGE][PASSED] - Delayed 6 second(s)

2018-12-07 11:38:40 - [TEST_STEP][PASSED] - click: Object: 'Object Repository/Final Object Repo/New Registration - Registration Module Pages/Third Screen - Upload Supporting Doc- Preview/Preview Submit Button' is clicked on

2018-12-07 11:38:41 - [MESSAGE][PASSED] - Object: 'Object Repository/Final Object Repo/New Registration - Registration Module Pages/Third Screen - Upload Supporting Doc- Preview/Preview Submit Button' is clicked on

2018-12-07 11:38:41 - [TEST_STEP][PASSED] - delay: Delayed 2 second(s)

2018-12-07 11:38:43 - [MESSAGE][PASSED] - Delayed 2 second(s)

2018-12-07 11:38:43 - [TEST_STEP][PASSED] - click: Object: 'Object Repository/Final Object Repo/New Registration - Registration Module Pages/Third Screen - Upload Supporting Doc- Preview/Preview Submit - Confirm' is clicked on

2018-12-07 11:38:43 - [MESSAGE][PASSED] - Object: 'Object Repository/Final Object Repo/New Registration - Registration Module Pages/Third Screen - Upload Supporting Doc- Preview/Preview Submit - Confirm' is clicked on

2018-12-07 11:38:43 - [TEST_STEP][PASSED] - delay: Delayed 15 second(s)

2018-12-07 11:38:58 - [MESSAGE][PASSED] - Delayed 15 second(s)

2018-12-07 11:38:58 - [TEST_STEP][PASSED] - Statement - driver = com.kms.katalon.core.webui.driver.DriverFactory.getWebDriver(): null

2018-12-07 11:38:58 - [TEST_STEP][PASSED] - Statement - driver.manage().timeouts().implicitlyWait(10, SECONDS): null

2018-12-07 11:38:58 - [TEST_STEP][PASSED] - Statement - PresavePath = KatalonScreenshots: null

2018-12-07 11:38:58 - [TEST_STEP][PASSED] - Statement - pathPrefix = "C:\Users\Public\Pictures\Sample Pictures\Katalon Screenshots\Automate Ending Screen": null

2018-12-07 11:38:58 - [TEST_STEP][PASSED] - Statement - finalPath = <not implemented yet for class: org.codehaus.groovy.ast.expr.EmptyExpression>: null

2018-12-07 11:38:58 - [TEST_STEP][PASSED] - Statement - scrFile = driver.getScreenshotAs(FILE): null

2018-12-07 11:38:58 - [TEST_STEP][PASSED] - Statement - PreSaveFile = new java.io.File(PresavePath): null

2018-12-07 11:38:58 - [TEST_STEP][PASSED] - Statement - counter = 0: null

2018-12-07 11:38:58 - [TEST_STEP][PASSED] - Statement - If (PreSaveFile.exists()): null

2018-12-07 11:38:58 - [TEST_STEP][PASSED] - Statement - While (PreSaveFile.exists()): null

2018-12-07 11:38:58 - [TEST_STEP][PASSED] - Statement - counter = counter + 1: null

2018-12-07 11:38:58 - [TEST_STEP][PASSED] - Statement - PreSaveFile = new java.io.File(((pathPrefix + java.lang.Integer.toString(counter)) + .png)): null

2018-12-07 11:38:58 - [TEST_STEP][PASSED] - Statement - counter = counter + 1: null

2018-12-07 11:38:58 - [TEST_STEP][PASSED] - Statement - PreSaveFile = new java.io.File(((pathPrefix + java.lang.Integer.toString(counter)) + .png)): null

2018-12-07 11:38:58 - [TEST_STEP][PASSED] - Statement - counter = counter + 1: null

2018-12-07 11:38:58 - [TEST_STEP][PASSED] - Statement - PreSaveFile = new java.io.File(((pathPrefix + java.lang.Integer.toString(counter)) + .png)): null

2018-12-07 11:38:58 - [TEST_STEP][PASSED] - Statement - counter = counter + 1: null

2018-12-07 11:38:58 - [TEST_STEP][PASSED] - Statement - PreSaveFile = new java.io.File(((pathPrefix + java.lang.Integer.toString(counter)) + .png)): null

2018-12-07 11:38:58 - [TEST_STEP][PASSED] - Statement - counter = counter + 1: null

2018-12-07 11:38:58 - [TEST_STEP][PASSED] - Statement - PreSaveFile = new java.io.File(((pathPrefix + java.lang.Integer.toString(counter)) + .png)): null

2018-12-07 11:38:58 - [TEST_STEP][PASSED] - Statement - counter = counter + 1: null

2018-12-07 11:38:58 - [TEST_STEP][PASSED] - Statement - PreSaveFile = new java.io.File(((pathPrefix + java.lang.Integer.toString(counter)) + .png)): null

2018-12-07 11:38:58 - [TEST_STEP][PASSED] - Statement - counter = counter + 1: null

2018-12-07 11:38:58 - [TEST_STEP][PASSED] - Statement - PreSaveFile = new java.io.File(((pathPrefix + java.lang.Integer.toString(counter)) + .png)): null

2018-12-07 11:38:58 - [TEST_STEP][PASSED] - Statement - counter = counter + 1: null

2018-12-07 11:38:58 - [TEST_STEP][PASSED] - Statement - PreSaveFile = new java.io.File(((pathPrefix + java.lang.Integer.toString(counter)) + .png)): null

2018-12-07 11:38:58 - [TEST_STEP][PASSED] - Statement - counter = counter + 1: null

2018-12-07 11:38:58 - [TEST_STEP][PASSED] - Statement - PreSaveFile = new java.io.File(((pathPrefix + java.lang.Integer.toString(counter)) + .png)): null

2018-12-07 11:38:58 - [TEST_STEP][PASSED] - Statement - counter = counter + 1: null

2018-12-07 11:38:58 - [TEST_STEP][PASSED] - Statement - PreSaveFile = new java.io.File(((pathPrefix + java.lang.Integer.toString(counter)) + .png)): null

2018-12-07 11:38:58 - [TEST_STEP][PASSED] - Statement - counter = counter + 1: null

2018-12-07 11:38:58 - [TEST_STEP][PASSED] - Statement - PreSaveFile = new java.io.File(((pathPrefix + java.lang.Integer.toString(counter)) + .png)): null

2018-12-07 11:38:58 - [TEST_STEP][PASSED] - Statement - counter = counter + 1: null

2018-12-07 11:38:58 - [TEST_STEP][PASSED] - Statement - PreSaveFile = new java.io.File(((pathPrefix + java.lang.Integer.toString(counter)) + .png)): null

2018-12-07 11:38:58 - [TEST_STEP][PASSED] - Statement - counter = counter + 1: null

2018-12-07 11:38:58 - [TEST_STEP][PASSED] - Statement - PreSaveFile = new java.io.File(((pathPrefix + java.lang.Integer.toString(counter)) + .png)): null

2018-12-07 11:38:58 - [TEST_STEP][PASSED] - Statement - counter = counter + 1: null

2018-12-07 11:38:58 - [TEST_STEP][PASSED] - Statement - PreSaveFile = new java.io.File(((pathPrefix + java.lang.Integer.toString(counter)) + .png)): null

2018-12-07 11:38:58 - [TEST_STEP][PASSED] - Statement - counter = counter + 1: null

2018-12-07 11:38:58 - [TEST_STEP][PASSED] - Statement - PreSaveFile = new java.io.File(((pathPrefix + java.lang.Integer.toString(counter)) + .png)): null

2018-12-07 11:38:58 - [TEST_STEP][PASSED] - Statement - counter = counter + 1: null

2018-12-07 11:38:58 - [TEST_STEP][PASSED] - Statement - PreSaveFile = new java.io.File(((pathPrefix + java.lang.Integer.toString(counter)) + .png)): null

2018-12-07 11:38:58 - [TEST_STEP][PASSED] - Statement - counter = counter + 1: null

2018-12-07 11:38:58 - [TEST_STEP][PASSED] - Statement - PreSaveFile = new java.io.File(((pathPrefix + java.lang.Integer.toString(counter)) + .png)): null

2018-12-07 11:38:58 - [TEST_STEP][PASSED] - Statement - counter = counter + 1: null

2018-12-07 11:38:59 - [TEST_STEP][PASSED] - Statement - PreSaveFile = new java.io.File(((pathPrefix + java.lang.Integer.toString(counter)) + .png)): null

2018-12-07 11:38:59 - [TEST_STEP][PASSED] - Statement - counter = counter + 1: null

2018-12-07 11:38:59 - [TEST_STEP][PASSED] - Statement - PreSaveFile = new java.io.File(((pathPrefix + java.lang.Integer.toString(counter)) + .png)): null

2018-12-07 11:38:59 - [TEST_STEP][PASSED] - Statement - counter = counter + 1: null

2018-12-07 11:38:59 - [TEST_STEP][PASSED] - Statement - PreSaveFile = new java.io.File(((pathPrefix + java.lang.Integer.toString(counter)) + .png)): null

2018-12-07 11:38:59 - [TEST_STEP][PASSED] - Statement - counter = counter + 1: null

2018-12-07 11:38:59 - [TEST_STEP][PASSED] - Statement - PreSaveFile = new java.io.File(((pathPrefix + java.lang.Integer.toString(counter)) + .png)): null

2018-12-07 11:38:59 - [TEST_STEP][PASSED] - Statement - counter = counter + 1: null

2018-12-07 11:38:59 - [TEST_STEP][PASSED] - Statement - PreSaveFile = new java.io.File(((pathPrefix + java.lang.Integer.toString(counter)) + .png)): null

2018-12-07 11:38:59 - [TEST_STEP][PASSED] - Statement - counter = counter + 1: null

2018-12-07 11:38:59 - [TEST_STEP][PASSED] - Statement - PreSaveFile = new java.io.File(((pathPrefix + java.lang.Integer.toString(counter)) + .png)): null

2018-12-07 11:38:59 - [TEST_STEP][PASSED] - Statement - counter = counter + 1: null

2018-12-07 11:38:59 - [TEST_STEP][PASSED] - Statement - PreSaveFile = new java.io.File(((pathPrefix + java.lang.Integer.toString(counter)) + .png)): null

2018-12-07 11:38:59 - [TEST_STEP][PASSED] - Statement - counter = counter + 1: null

2018-12-07 11:38:59 - [TEST_STEP][PASSED] - Statement - PreSaveFile = new java.io.File(((pathPrefix + java.lang.Integer.toString(counter)) + .png)): null

2018-12-07 11:38:59 - [TEST_STEP][PASSED] - Statement - counter = counter + 1: null

2018-12-07 11:38:59 - [TEST_STEP][PASSED] - Statement - PreSaveFile = new java.io.File(((pathPrefix + java.lang.Integer.toString(counter)) + .png)): null

2018-12-07 11:38:59 - [TEST_STEP][PASSED] - Statement - counter = counter + 1: null

2018-12-07 11:38:59 - [TEST_STEP][PASSED] - Statement - PreSaveFile = new java.io.File(((pathPrefix + java.lang.Integer.toString(counter)) + .png)): null

2018-12-07 11:38:59 - [TEST_STEP][PASSED] - Statement - counter = counter + 1: null

2018-12-07 11:38:59 - [TEST_STEP][PASSED] - Statement - PreSaveFile = new java.io.File(((pathPrefix + java.lang.Integer.toString(counter)) + .png)): null

2018-12-07 11:38:59 - [TEST_STEP][PASSED] - Statement - counter = counter + 1: null

2018-12-07 11:38:59 - [TEST_STEP][PASSED] - Statement - PreSaveFile = new java.io.File(((pathPrefix + java.lang.Integer.toString(counter)) + .png)): null

2018-12-07 11:38:59 - [TEST_STEP][PASSED] - Statement - counter = counter + 1: null

2018-12-07 11:38:59 - [TEST_STEP][PASSED] - Statement - PreSaveFile = new java.io.File(((pathPrefix + java.lang.Integer.toString(counter)) + .png)): null

2018-12-07 11:38:59 - [TEST_STEP][PASSED] - Statement - counter = counter + 1: null

2018-12-07 11:38:59 - [TEST_STEP][PASSED] - Statement - PreSaveFile = new java.io.File(((pathPrefix + java.lang.Integer.toString(counter)) + .png)): null

2018-12-07 11:38:59 - [TEST_STEP][PASSED] - Statement - counter = counter + 1: null

2018-12-07 11:38:59 - [TEST_STEP][PASSED] - Statement - PreSaveFile = new java.io.File(((pathPrefix + java.lang.Integer.toString(counter)) + .png)): null

2018-12-07 11:39:00 - [TEST_STEP][PASSED] - Statement - counter = counter + 1: null

2018-12-07 11:39:00 - [TEST_STEP][PASSED] - Statement - PreSaveFile = new java.io.File(((pathPrefix + java.lang.Integer.toString(counter)) + .png)): null

2018-12-07 11:39:00 - [TEST_STEP][PASSED] - Statement - counter = counter + 1: null

2018-12-07 11:39:00 - [TEST_STEP][PASSED] - Statement - PreSaveFile = new java.io.File(((pathPrefix + java.lang.Integer.toString(counter)) + .png)): null

2018-12-07 11:39:00 - [TEST_STEP][PASSED] - Statement - counter = counter + 1: null

2018-12-07 11:39:00 - [TEST_STEP][PASSED] - Statement - PreSaveFile = new java.io.File(((pathPrefix + java.lang.Integer.toString(counter)) + .png)): null

2018-12-07 11:39:00 - [TEST_STEP][PASSED] - Statement - counter = counter + 1: null

2018-12-07 11:39:00 - [TEST_STEP][PASSED] - Statement - PreSaveFile = new java.io.File(((pathPrefix + java.lang.Integer.toString(counter)) + .png)): null

2018-12-07 11:39:00 - [TEST_STEP][PASSED] - Statement - counter = counter + 1: null

2018-12-07 11:39:00 - [TEST_STEP][PASSED] - Statement - PreSaveFile = new java.io.File(((pathPrefix + java.lang.Integer.toString(counter)) + .png)): null

2018-12-07 11:39:00 - [TEST_STEP][PASSED] - Statement - counter = counter + 1: null

2018-12-07 11:39:00 - [TEST_STEP][PASSED] - Statement - PreSaveFile = new java.io.File(((pathPrefix + java.lang.Integer.toString(counter)) + .png)): null

2018-12-07 11:39:00 - [TEST_STEP][PASSED] - Statement - counter = counter + 1: null

2018-12-07 11:39:00 - [TEST_STEP][PASSED] - Statement - PreSaveFile = new java.io.File(((pathPrefix + java.lang.Integer.toString(counter)) + .png)): null

2018-12-07 11:39:00 - [TEST_STEP][PASSED] - Statement - counter = counter + 1: null

2018-12-07 11:39:00 - [TEST_STEP][PASSED] - Statement - PreSaveFile = new java.io.File(((pathPrefix + java.lang.Integer.toString(counter)) + .png)): null

2018-12-07 11:39:00 - [TEST_STEP][PASSED] - Statement - counter = counter + 1: null

2018-12-07 11:39:00 - [TEST_STEP][PASSED] - Statement - PreSaveFile = new java.io.File(((pathPrefix + java.lang.Integer.toString(counter)) + .png)): null

2018-12-07 11:39:00 - [TEST_STEP][PASSED] - Statement - counter = counter + 1: null

2018-12-07 11:39:00 - [TEST_STEP][PASSED] - Statement - PreSaveFile = new java.io.File(((pathPrefix + java.lang.Integer.toString(counter)) + .png)): null

2018-12-07 11:39:00 - [TEST_STEP][PASSED] - Statement - counter = counter + 1: null

2018-12-07 11:39:00 - [TEST_STEP][PASSED] - Statement - PreSaveFile = new java.io.File(((pathPrefix + java.lang.Integer.toString(counter)) + .png)): null

2018-12-07 11:39:00 - [TEST_STEP][PASSED] - Statement - counter = counter + 1: null

2018-12-07 11:39:00 - [TEST_STEP][PASSED] - Statement - PreSaveFile = new java.io.File(((pathPrefix + java.lang.Integer.toString(counter)) + .png)): null

2018-12-07 11:39:00 - [TEST_STEP][PASSED] - Statement - counter = counter + 1: null

2018-12-07 11:39:00 - [TEST_STEP][PASSED] - Statement - PreSaveFile = new java.io.File(((pathPrefix + java.lang.Integer.toString(counter)) + .png)): null

2018-12-07 11:39:00 - [TEST_STEP][PASSED] - Statement - counter = counter + 1: null

2018-12-07 11:39:00 - [TEST_STEP][PASSED] - Statement - PreSaveFile = new java.io.File(((pathPrefix + java.lang.Integer.toString(counter)) + .png)): null

2018-12-07 11:39:00 - [TEST_STEP][PASSED] - Statement - counter = counter + 1: null

2018-12-07 11:39:00 - [TEST_STEP][PASSED] - Statement - PreSaveFile = new java.io.File(((pathPrefix + java.lang.Integer.toString(counter)) + .png)): null

2018-12-07 11:39:00 - [TEST_STEP][PASSED] - Statement - counter = counter + 1: null

2018-12-07 11:39:01 - [TEST_STEP][PASSED] - Statement - PreSaveFile = new java.io.File(((pathPrefix + java.lang.Integer.toString(counter)) + .png)): null

2018-12-07 11:39:01 - [TEST_STEP][PASSED] - Statement - counter = counter + 1: null

2018-12-07 11:39:01 - [TEST_STEP][PASSED] - Statement - PreSaveFile = new java.io.File(((pathPrefix + java.lang.Integer.toString(counter)) + .png)): null

2018-12-07 11:39:01 - [TEST_STEP][PASSED] - Statement - counter = counter + 1: null

2018-12-07 11:39:01 - [TEST_STEP][PASSED] - Statement - PreSaveFile = new java.io.File(((pathPrefix + java.lang.Integer.toString(counter)) + .png)): null

2018-12-07 11:39:01 - [TEST_STEP][PASSED] - Statement - counter = counter + 1: null

2018-12-07 11:39:01 - [TEST_STEP][PASSED] - Statement - PreSaveFile = new java.io.File(((pathPrefix + java.lang.Integer.toString(counter)) + .png)): null

2018-12-07 11:39:01 - [TEST_STEP][PASSED] - Statement - counter = counter + 1: null

2018-12-07 11:39:01 - [TEST_STEP][PASSED] - Statement - PreSaveFile = new java.io.File(((pathPrefix + java.lang.Integer.toString(counter)) + .png)): null

2018-12-07 11:39:01 - [TEST_STEP][PASSED] - Statement - counter = counter + 1: null

2018-12-07 11:39:01 - [TEST_STEP][PASSED] - Statement - PreSaveFile = new java.io.File(((pathPrefix + java.lang.Integer.toString(counter)) + .png)): null

2018-12-07 11:39:01 - [TEST_STEP][PASSED] - Statement - counter = counter + 1: null

2018-12-07 11:39:01 - [TEST_STEP][PASSED] - Statement - PreSaveFile = new java.io.File(((pathPrefix + java.lang.Integer.toString(counter)) + .png)): null

2018-12-07 11:39:01 - [TEST_STEP][PASSED] - Statement - counter = counter + 1: null

2018-12-07 11:39:01 - [TEST_STEP][PASSED] - Statement - PreSaveFile = new java.io.File(((pathPrefix + java.lang.Integer.toString(counter)) + .png)): null

2018-12-07 11:39:01 - [TEST_STEP][PASSED] - Statement - counter = counter + 1: null

2018-12-07 11:39:01 - [TEST_STEP][PASSED] - Statement - PreSaveFile = new java.io.File(((pathPrefix + java.lang.Integer.toString(counter)) + .png)): null

2018-12-07 11:39:01 - [TEST_STEP][PASSED] - Statement - counter = counter + 1: null

2018-12-07 11:39:01 - [TEST_STEP][PASSED] - Statement - PreSaveFile = new java.io.File(((pathPrefix + java.lang.Integer.toString(counter)) + .png)): null

2018-12-07 11:39:01 - [TEST_STEP][PASSED] - Statement - counter = counter + 1: null

2018-12-07 11:39:01 - [TEST_STEP][PASSED] - Statement - PreSaveFile = new java.io.File(((pathPrefix + java.lang.Integer.toString(counter)) + .png)): null

2018-12-07 11:39:01 - [TEST_STEP][PASSED] - Statement - counter = counter + 1: null

2018-12-07 11:39:01 - [TEST_STEP][PASSED] - Statement - PreSaveFile = new java.io.File(((pathPrefix + java.lang.Integer.toString(counter)) + .png)): null

2018-12-07 11:39:01 - [TEST_STEP][PASSED] - Statement - counter = counter + 1: null

2018-12-07 11:39:01 - [TEST_STEP][PASSED] - Statement - PreSaveFile = new java.io.File(((pathPrefix + java.lang.Integer.toString(counter)) + .png)): null

2018-12-07 11:39:01 - [TEST_STEP][PASSED] - Statement - counter = counter + 1: null

2018-12-07 11:39:01 - [TEST_STEP][PASSED] - Statement - PreSaveFile = new java.io.File(((pathPrefix + java.lang.Integer.toString(counter)) + .png)): null

2018-12-07 11:39:01 - [TEST_STEP][PASSED] - Statement - counter = counter + 1: null

2018-12-07 11:39:01 - [TEST_STEP][PASSED] - Statement - PreSaveFile = new java.io.File(((pathPrefix + java.lang.Integer.toString(counter)) + .png)): null

2018-12-07 11:39:02 - [TEST_STEP][PASSED] - Statement - counter = counter + 1: null

2018-12-07 11:39:02 - [TEST_STEP][PASSED] - Statement - PreSaveFile = new java.io.File(((pathPrefix + java.lang.Integer.toString(counter)) + .png)): null

2018-12-07 11:39:02 - [TEST_STEP][PASSED] - Statement - counter = counter + 1: null

2018-12-07 11:39:02 - [TEST_STEP][PASSED] - Statement - PreSaveFile = new java.io.File(((pathPrefix + java.lang.Integer.toString(counter)) + .png)): null

2018-12-07 11:39:02 - [TEST_STEP][PASSED] - Statement - counter = counter + 1: null

2018-12-07 11:39:02 - [TEST_STEP][PASSED] - Statement - PreSaveFile = new java.io.File(((pathPrefix + java.lang.Integer.toString(counter)) + .png)): null

2018-12-07 11:39:02 - [TEST_STEP][PASSED] - Statement - counter = counter + 1: null

2018-12-07 11:39:02 - [TEST_STEP][PASSED] - Statement - PreSaveFile = new java.io.File(((pathPrefix + java.lang.Integer.toString(counter)) + .png)): null

2018-12-07 11:39:02 - [TEST_STEP][PASSED] - Statement - counter = counter + 1: null

2018-12-07 11:39:02 - [TEST_STEP][PASSED] - Statement - PreSaveFile = new java.io.File(((pathPrefix + java.lang.Integer.toString(counter)) + .png)): null

2018-12-07 11:39:02 - [TEST_STEP][PASSED] - Statement - counter = counter + 1: null

2018-12-07 11:39:02 - [TEST_STEP][PASSED] - Statement - PreSaveFile = new java.io.File(((pathPrefix + java.lang.Integer.toString(counter)) + .png)): null

2018-12-07 11:39:02 - [TEST_STEP][PASSED] - Statement - counter = counter + 1: null

2018-12-07 11:39:02 - [TEST_STEP][PASSED] - Statement - PreSaveFile = new java.io.File(((pathPrefix + java.lang.Integer.toString(counter)) + .png)): null

2018-12-07 11:39:02 - [TEST_STEP][PASSED] - Statement - counter = counter + 1: null

2018-12-07 11:39:02 - [TEST_STEP][PASSED] - Statement - PreSaveFile = new java.io.File(((pathPrefix + java.lang.Integer.toString(counter)) + .png)): null

2018-12-07 11:39:02 - [TEST_STEP][PASSED] - Statement - counter = counter + 1: null

2018-12-07 11:39:02 - [TEST_STEP][PASSED] - Statement - PreSaveFile = new java.io.File(((pathPrefix + java.lang.Integer.toString(counter)) + .png)): null

2018-12-07 11:39:02 - [TEST_STEP][PASSED] - Statement - counter = counter + 1: null

2018-12-07 11:39:02 - [TEST_STEP][PASSED] - Statement - PreSaveFile = new java.io.File(((pathPrefix + java.lang.Integer.toString(counter)) + .png)): null

2018-12-07 11:39:02 - [TEST_STEP][PASSED] - Statement - counter = counter + 1: null

2018-12-07 11:39:02 - [TEST_STEP][PASSED] - Statement - PreSaveFile = new java.io.File(((pathPrefix + java.lang.Integer.toString(counter)) + .png)): null

2018-12-07 11:39:02 - [TEST_STEP][PASSED] - Statement - counter = counter + 1: null

2018-12-07 11:39:02 - [TEST_STEP][PASSED] - Statement - PreSaveFile = new java.io.File(((pathPrefix + java.lang.Integer.toString(counter)) + .png)): null

2018-12-07 11:39:02 - [TEST_STEP][PASSED] - Statement - counter = counter + 1: null

2018-12-07 11:39:02 - [TEST_STEP][PASSED] - Statement - PreSaveFile = new java.io.File(((pathPrefix + java.lang.Integer.toString(counter)) + .png)): null

2018-12-07 11:39:02 - [TEST_STEP][PASSED] - Statement - counter = counter + 1: null

2018-12-07 11:39:02 - [TEST_STEP][PASSED] - Statement - PreSaveFile = new java.io.File(((pathPrefix + java.lang.Integer.toString(counter)) + .png)): null

2018-12-07 11:39:02 - [TEST_STEP][PASSED] - Statement - counter = counter + 1: null

2018-12-07 11:39:02 - [TEST_STEP][PASSED] - Statement - PreSaveFile = new java.io.File(((pathPrefix + java.lang.Integer.toString(counter)) + .png)): null

2018-12-07 11:39:02 - [TEST_STEP][PASSED] - Statement - counter = counter + 1: null

2018-12-07 11:39:02 - [TEST_STEP][PASSED] - Statement - PreSaveFile = new java.io.File(((pathPrefix + java.lang.Integer.toString(counter)) + .png)): null

2018-12-07 11:39:02 - [TEST_STEP][PASSED] - Statement - counter = counter + 1: null

2018-12-07 11:39:02 - [TEST_STEP][PASSED] - Statement - PreSaveFile = new java.io.File(((pathPrefix + java.lang.Integer.toString(counter)) + .png)): null

2018-12-07 11:39:02 - [TEST_STEP][PASSED] - Statement - counter = counter + 1: null

2018-12-07 11:39:02 - [TEST_STEP][PASSED] - Statement - PreSaveFile = new java.io.File(((pathPrefix + java.lang.Integer.toString(counter)) + .png)): null

2018-12-07 11:39:02 - [TEST_STEP][PASSED] - Statement - counter = counter + 1: null

2018-12-07 11:39:02 - [TEST_STEP][PASSED] - Statement - PreSaveFile = new java.io.File(((pathPrefix + java.lang.Integer.toString(counter)) + .png)): null

2018-12-07 11:39:02 - [TEST_STEP][PASSED] - Statement - counter = counter + 1: null

2018-12-07 11:39:02 - [TEST_STEP][PASSED] - Statement - PreSaveFile = new java.io.File(((pathPrefix + java.lang.Integer.toString(counter)) + .png)): null

2018-12-07 11:39:02 - [TEST_STEP][PASSED] - Statement - counter = counter + 1: null

2018-12-07 11:39:02 - [TEST_STEP][PASSED] - Statement - PreSaveFile = new java.io.File(((pathPrefix + java.lang.Integer.toString(counter)) + .png)): null

2018-12-07 11:39:02 - [TEST_STEP][PASSED] - Statement - counter = counter + 1: null

2018-12-07 11:39:02 - [TEST_STEP][PASSED] - Statement - PreSaveFile = new java.io.File(((pathPrefix + java.lang.Integer.toString(counter)) + .png)): null

2018-12-07 11:39:02 - [TEST_STEP][PASSED] - Statement - counter = counter + 1: null

2018-12-07 11:39:02 - [TEST_STEP][PASSED] - Statement - PreSaveFile = new java.io.File(((pathPrefix + java.lang.Integer.toString(counter)) + .png)): null

2018-12-07 11:39:02 - [TEST_STEP][PASSED] - Statement - counter = counter + 1: null

2018-12-07 11:39:03 - [TEST_STEP][PASSED] - Statement - PreSaveFile = new java.io.File(((pathPrefix + java.lang.Integer.toString(counter)) + .png)): null

2018-12-07 11:39:03 - [TEST_STEP][PASSED] - Statement - counter = counter + 1: null

2018-12-07 11:39:03 - [TEST_STEP][PASSED] - Statement - PreSaveFile = new java.io.File(((pathPrefix + java.lang.Integer.toString(counter)) + .png)): null

2018-12-07 11:39:03 - [TEST_STEP][PASSED] - Statement - counter = counter + 1: null

2018-12-07 11:39:03 - [TEST_STEP][PASSED] - Statement - PreSaveFile = new java.io.File(((pathPrefix + java.lang.Integer.toString(counter)) + .png)): null

2018-12-07 11:39:03 - [TEST_STEP][PASSED] - Statement - counter = counter + 1: null

2018-12-07 11:39:03 - [TEST_STEP][PASSED] - Statement - PreSaveFile = new java.io.File(((pathPrefix + java.lang.Integer.toString(counter)) + .png)): null

2018-12-07 11:39:03 - [TEST_STEP][PASSED] - Statement - counter = counter + 1: null

2018-12-07 11:39:03 - [TEST_STEP][PASSED] - Statement - PreSaveFile = new java.io.File(((pathPrefix + java.lang.Integer.toString(counter)) + .png)): null

2018-12-07 11:39:03 - [TEST_STEP][PASSED] - Statement - counter = counter + 1: null

2018-12-07 11:39:03 - [TEST_STEP][PASSED] - Statement - PreSaveFile = new java.io.File(((pathPrefix + java.lang.Integer.toString(counter)) + .png)): null

2018-12-07 11:39:03 - [TEST_STEP][PASSED] - Statement - counter = counter + 1: null

2018-12-07 11:39:03 - [TEST_STEP][PASSED] - Statement - PreSaveFile = new java.io.File(((pathPrefix + java.lang.Integer.toString(counter)) + .png)): null

2018-12-07 11:39:03 - [TEST_STEP][PASSED] - Statement - counter = counter + 1: null

2018-12-07 11:39:03 - [TEST_STEP][PASSED] - Statement - PreSaveFile = new java.io.File(((pathPrefix + java.lang.Integer.toString(counter)) + .png)): null

2018-12-07 11:39:03 - [TEST_STEP][PASSED] - Statement - counter = counter + 1: null

2018-12-07 11:39:03 - [TEST_STEP][PASSED] - Statement - PreSaveFile = new java.io.File(((pathPrefix + java.lang.Integer.toString(counter)) + .png)): null

2018-12-07 11:39:03 - [TEST_STEP][PASSED] - Statement - counter = counter + 1: null

2018-12-07 11:39:03 - [TEST_STEP][PASSED] - Statement - PreSaveFile = new java.io.File(((pathPrefix + java.lang.Integer.toString(counter)) + .png)): null

2018-12-07 11:39:03 - [TEST_STEP][PASSED] - Statement - counter = counter + 1: null

2018-12-07 11:39:03 - [TEST_STEP][PASSED] - Statement - PreSaveFile = new java.io.File(((pathPrefix + java.lang.Integer.toString(counter)) + .png)): null

2018-12-07 11:39:03 - [TEST_STEP][PASSED] - Statement - counter = counter + 1: null

2018-12-07 11:39:03 - [TEST_STEP][PASSED] - Statement - PreSaveFile = new java.io.File(((pathPrefix + java.lang.Integer.toString(counter)) + .png)): null

2018-12-07 11:39:03 - [TEST_STEP][PASSED] - Statement - counter = counter + 1: null

2018-12-07 11:39:03 - [TEST_STEP][PASSED] - Statement - PreSaveFile = new java.io.File(((pathPrefix + java.lang.Integer.toString(counter)) + .png)): null

2018-12-07 11:39:03 - [TEST_STEP][PASSED] - Statement - counter = counter + 1: null

2018-12-07 11:39:03 - [TEST_STEP][PASSED] - Statement - PreSaveFile = new java.io.File(((pathPrefix + java.lang.Integer.toString(counter)) + .png)): null

2018-12-07 11:39:03 - [TEST_STEP][PASSED] - Statement - counter = counter + 1: null

2018-12-07 11:39:04 - [TEST_STEP][PASSED] - Statement - PreSaveFile = new java.io.File(((pathPrefix + java.lang.Integer.toString(counter)) + .png)): null

2018-12-07 11:39:04 - [TEST_STEP][PASSED] - Statement - counter = counter + 1: null

2018-12-07 11:39:04 - [TEST_STEP][PASSED] - Statement - PreSaveFile = new java.io.File(((pathPrefix + java.lang.Integer.toString(counter)) + .png)): null

2018-12-07 11:39:04 - [TEST_STEP][PASSED] - Statement - counter = counter + 1: null

2018-12-07 11:39:04 - [TEST_STEP][PASSED] - Statement - PreSaveFile = new java.io.File(((pathPrefix + java.lang.Integer.toString(counter)) + .png)): null

2018-12-07 11:39:04 - [TEST_STEP][PASSED] - Statement - counter = counter + 1: null

2018-12-07 11:39:04 - [TEST_STEP][PASSED] - Statement - PreSaveFile = new java.io.File(((pathPrefix + java.lang.Integer.toString(counter)) + .png)): null

2018-12-07 11:39:04 - [TEST_STEP][PASSED] - Statement - counter = counter + 1: null

2018-12-07 11:39:04 - [TEST_STEP][PASSED] - Statement - PreSaveFile = new java.io.File(((pathPrefix + java.lang.Integer.toString(counter)) + .png)): null

2018-12-07 11:39:04 - [TEST_STEP][PASSED] - Statement - counter = counter + 1: null

2018-12-07 11:39:04 - [TEST_STEP][PASSED] - Statement - PreSaveFile = new java.io.File(((pathPrefix + java.lang.Integer.toString(counter)) + .png)): null

2018-12-07 11:39:04 - [TEST_STEP][PASSED] - Statement - counter = counter + 1: null

2018-12-07 11:39:04 - [TEST_STEP][PASSED] - Statement - PreSaveFile = new java.io.File(((pathPrefix + java.lang.Integer.toString(counter)) + .png)): null

2018-12-07 11:39:04 - [TEST_STEP][PASSED] - Statement - counter = counter + 1: null

2018-12-07 11:39:04 - [TEST_STEP][PASSED] - Statement - PreSaveFile = new java.io.File(((pathPrefix + java.lang.Integer.toString(counter)) + .png)): null

2018-12-07 11:39:04 - [TEST_STEP][PASSED] - Statement - counter = counter + 1: null

2018-12-07 11:39:04 - [TEST_STEP][PASSED] - Statement - PreSaveFile = new java.io.File(((pathPrefix + java.lang.Integer.toString(counter)) + .png)): null

2018-12-07 11:39:04 - [TEST_STEP][PASSED] - Statement - counter = counter + 1: null

2018-12-07 11:39:04 - [TEST_STEP][PASSED] - Statement - PreSaveFile = new java.io.File(((pathPrefix + java.lang.Integer.toString(counter)) + .png)): null

2018-12-07 11:39:04 - [TEST_STEP][PASSED] - Statement - counter = counter + 1: null

2018-12-07 11:39:04 - [TEST_STEP][PASSED] - Statement - PreSaveFile = new java.io.File(((pathPrefix + java.lang.Integer.toString(counter)) + .png)): null

2018-12-07 11:39:04 - [TEST_STEP][PASSED] - Statement - counter = counter + 1: null

2018-12-07 11:39:04 - [TEST_STEP][PASSED] - Statement - PreSaveFile = new java.io.File(((pathPrefix + java.lang.Integer.toString(counter)) + .png)): null

2018-12-07 11:39:04 - [TEST_STEP][PASSED] - Statement - counter = counter + 1: null

2018-12-07 11:39:04 - [TEST_STEP][PASSED] - Statement - PreSaveFile = new java.io.File(((pathPrefix + java.lang.Integer.toString(counter)) + .png)): null

2018-12-07 11:39:04 - [TEST_STEP][PASSED] - Statement - counter = counter + 1: null

2018-12-07 11:39:04 - [TEST_STEP][PASSED] - Statement - PreSaveFile = new java.io.File(((pathPrefix + java.lang.Integer.toString(counter)) + .png)): null

2018-12-07 11:39:04 - [TEST_STEP][PASSED] - Statement - counter = counter + 1: null

2018-12-07 11:39:04 - [TEST_STEP][PASSED] - Statement - PreSaveFile = new java.io.File(((pathPrefix + java.lang.Integer.toString(counter)) + .png)): null

2018-12-07 11:39:04 - [TEST_STEP][PASSED] - Statement - counter = counter + 1: null

2018-12-07 11:39:05 - [TEST_STEP][PASSED] - Statement - PreSaveFile = new java.io.File(((pathPrefix + java.lang.Integer.toString(counter)) + .png)): null

2018-12-07 11:39:05 - [TEST_STEP][PASSED] - Statement - counter = counter + 1: null

2018-12-07 11:39:05 - [TEST_STEP][PASSED] - Statement - PreSaveFile = new java.io.File(((pathPrefix + java.lang.Integer.toString(counter)) + .png)): null

2018-12-07 11:39:05 - [TEST_STEP][PASSED] - Statement - counter = counter + 1: null

2018-12-07 11:39:05 - [TEST_STEP][PASSED] - Statement - PreSaveFile = new java.io.File(((pathPrefix + java.lang.Integer.toString(counter)) + .png)): null

2018-12-07 11:39:05 - [TEST_STEP][PASSED] - Statement - counter = counter + 1: null

2018-12-07 11:39:05 - [TEST_STEP][PASSED] - Statement - PreSaveFile = new java.io.File(((pathPrefix + java.lang.Integer.toString(counter)) + .png)): null

2018-12-07 11:39:05 - [TEST_STEP][PASSED] - Statement - counter = counter + 1: null

2018-12-07 11:39:05 - [TEST_STEP][PASSED] - Statement - PreSaveFile = new java.io.File(((pathPrefix + java.lang.Integer.toString(counter)) + .png)): null

2018-12-07 11:39:05 - [TEST_STEP][PASSED] - Statement - counter = counter + 1: null

2018-12-07 11:39:05 - [TEST_STEP][PASSED] - Statement - PreSaveFile = new java.io.File(((pathPrefix + java.lang.Integer.toString(counter)) + .png)): null

2018-12-07 11:39:05 - [TEST_STEP][PASSED] - Statement - counter = counter + 1: null

2018-12-07 11:39:05 - [TEST_STEP][PASSED] - Statement - PreSaveFile = new java.io.File(((pathPrefix + java.lang.Integer.toString(counter)) + .png)): null

2018-12-07 11:39:05 - [TEST_STEP][PASSED] - Statement - counter = counter + 1: null

2018-12-07 11:39:05 - [TEST_STEP][PASSED] - Statement - PreSaveFile = new java.io.File(((pathPrefix + java.lang.Integer.toString(counter)) + .png)): null

2018-12-07 11:39:05 - [TEST_STEP][PASSED] - Statement - finalPath = pathPrefix + java.lang.Integer.toString(counter) + ".png": null

2018-12-07 11:39:05 - [TEST_STEP][PASSED] - Statement - SaveFile = new java.io.File(finalPath): null

2018-12-07 11:39:05 - [TEST_STEP][PASSED] - Statement - Try: null

2018-12-07 11:39:05 - [TEST_STEP][PASSED] - Statement - org.apache.commons.io.FileUtils.copyFile(scrFile, SaveFile): null

2018-12-07 11:39:05 - [TEST_STEP][PASSED] - Statement - out.println("file kept"): null

2018-12-07 11:39:05 - [TEST_STEP][PASSED] - delay: Delayed 10 second(s)

2018-12-07 11:39:15 - [MESSAGE][PASSED] - Delayed 10 second(s)

2018-12-07 11:39:15 - [MESSAGE][PASSED] - Call Test Case 'Test Cases/Final Aug 2018 - PKS Automation/Registration Module/New Registration/Submit and Screenshot/Submit Registration and Screenshot - Copy' successfully

2018-12-07 11:39:15 - [TEST_STEP][PASSED] - Statement - UpdateAddNewECode = com.kms.katalon.core.webui.keyword.WebUiBuiltInKeywords.getText(com.kms.katalon.core.testobject.ObjectRepository.findTestObject(Object Repository/Final Object Repo/Page_Update Add New Employee - ASSIST/getEmpCode)): Text of object 'Object Repository/Final Object Repo/Page_Update Add New Employee - ASSIST/getEmpCode' is: 'E1102070670Y'

2018-12-07 11:39:15 - [MESSAGE][PASSED] - Text of object 'Object Repository/Final Object Repo/Page_Update Add New Employee - ASSIST/getEmpCode' is: 'E1102070670Y'

2018-12-07 11:39:15 - [TEST_STEP][PASSED] - callTestCase: Call Test Case 'Test Cases/Final Aug 2018 - PKS Automation/Common/Emp Code Setter' successfully

2018-12-07 11:39:15 - [TEST_CASE][PASSED] - Test Cases/Final Aug 2018 - PKS Automation/Common/Emp Code Setter: Test Cases/Final Aug 2018 - PKS Automation/Common/Emp Code Setter

2018-12-07 11:39:15 - [TEST_STEP][PASSED] - Statement - EmpCodeOld = new java.io.File(C://Users//Admin//Desktop//PKS//Automation Reference Point//EmpCode.txt): null

2018-12-07 11:39:15 - [TEST_STEP][PASSED] - Statement - EmpCodeOld.delete(): null

2018-12-07 11:39:15 - [TEST_STEP][PASSED] - Statement - EmpCode = new java.io.File(C://Users//Admin//Desktop//PKS//Automation Reference Point//EmpCode.txt): null

2018-12-07 11:39:15 - [TEST_STEP][PASSED] - Statement - f2 = new java.io.FileWriter(EmpCode, false): null

2018-12-07 11:39:15 - [TEST_STEP][PASSED] - Statement - f2.write(UpdateAddNewECode): null

2018-12-07 11:39:15 - [TEST_STEP][PASSED] - Statement - f2.close(): null

2018-12-07 11:39:15 - [TEST_STEP][PASSED] - Statement - out.println("


" + UpdateAddNewECode + "


"): null

2018-12-07 11:39:15 - [MESSAGE][PASSED] - Call Test Case 'Test Cases/Final Aug 2018 - PKS Automation/Common/Emp Code Setter' successfully

2018-12-07 11:39:16 - [MESSAGE][PASSED] - Call Test Case 'Test Cases/Final Aug 2018 - PKS Automation/Registration Module/Workflow/Update Add New Employee/Template/New Company for Update Add New' successfully

2018-12-07 11:39:16 - [TEST_STEP][PASSED] - callTestCase: Call Test Case 'Test Cases/Final Aug 2018 - PKS Automation/Registration Module/Log Out/log out avoiding katalon tagging' successfully

2018-12-07 11:39:16 - [TEST_CASE][PASSED] - Test Cases/Final Aug 2018 - PKS Automation/Registration Module/Log Out/log out avoiding katalon tagging: Test Cases/Final Aug 2018 - PKS Automation/Registration Module/Log Out/log out avoiding katalon tagging

2018-12-07 11:39:16 - [TEST_STEP][PASSED] - navigateToUrl: Navigate to 'https://assist2-uat.perkeso.gov.my/c/portal/logout' successfully

2018-12-07 11:39:17 - [MESSAGE][PASSED] - Navigate to 'https://assist2-uat.perkeso.gov.my/c/portal/logout' successfully

2018-12-07 11:39:17 - [MESSAGE][PASSED] - Call Test Case 'Test Cases/Final Aug 2018 - PKS Automation/Registration Module/Log Out/log out avoiding katalon tagging' successfully

2018-12-07 11:39:17 - [TEST_STEP][PASSED] - callTestCase: Call Test Case 'Test Cases/Final Aug 2018 - PKS Automation/Registration Module/New Registration/Form 2/Date Updater' successfully

2018-12-07 11:39:17 - [TEST_CASE][PASSED] - Test Cases/Final Aug 2018 - PKS Automation/Registration Module/New Registration/Form 2/Date Updater: Test Cases/Final Aug 2018 - PKS Automation/Registration Module/New Registration/Form 2/Date Updater

2018-12-07 11:39:17 - [TEST_STEP][PASSED] - Statement - TodayDate = new java.util.Date(): null

2018-12-07 11:39:17 - [TEST_STEP][PASSED] - Statement - CurrentDateNoFilter = new java.text.SimpleDateFormat(): null

2018-12-07 11:39:17 - [TEST_STEP][PASSED] - Statement - CurrentDateNoFilter.applyPattern("MM"): null

2018-12-07 11:39:17 - [TEST_STEP][PASSED] - Statement - monthContainerMatcher = java.lang.Integer.parseInt(CurrentDateNoFilter.format(TodayDate)): null

2018-12-07 11:39:17 - [TEST_STEP][PASSED] - Statement - monthContainerMatcher = monthContainerMatcher - 1: null

2018-12-07 11:39:17 - [TEST_STEP][PASSED] - Statement - CurrentMonth = monthContainerMatcher.toString(): null

2018-12-07 11:39:17 - [TEST_STEP][PASSED] - Statement - CurrentMonth = CurrentMonth: null

2018-12-07 11:39:17 - [TEST_STEP][PASSED] - Statement - CurrentDateNoFilter.applyPattern("yyyy"): null

2018-12-07 11:39:17 - [TEST_STEP][PASSED] - Statement - CurrentYear = CurrentDateNoFilter.format(TodayDate): null

2018-12-07 11:39:17 - [TEST_STEP][PASSED] - Statement - CurrentYear = CurrentYear: null

2018-12-07 11:39:17 - [TEST_STEP][PASSED] - Statement - intCurrentYear = java.lang.Integer.parseInt(CurrentDateNoFilter.format(TodayDate)): null

2018-12-07 11:39:17 - [TEST_STEP][PASSED] - Statement - eighteenYrsAgo = intCurrentYear - 18: null

2018-12-07 11:39:17 - [TEST_STEP][PASSED] - Statement - eighteenYrsBeforeThisYr = eighteenYrsAgo.toString(): null

2018-12-07 11:39:17 - [TEST_STEP][PASSED] - Statement - EighteenYrsBefore = eighteenYrsBeforeThisYr: null

2018-12-07 11:39:17 - [TEST_STEP][PASSED] - Statement - fiftysevenYrsAgo = intCurrentYear - 57: null

2018-12-07 11:39:17 - [TEST_STEP][PASSED] - Statement - fiftysevenYrsBeforeThisYr = fiftysevenYrsAgo.toString(): null

2018-12-07 11:39:17 - [TEST_STEP][PASSED] - Statement - FiftysevenYrsBefore = fiftysevenYrsBeforeThisYr: null

2018-12-07 11:39:17 - [TEST_STEP][PASSED] - Statement - leapYear = false: null

2018-12-07 11:39:17 - [TEST_STEP][PASSED] - Statement - leapYear = intCurrentYear % 4 == 0: null

2018-12-07 11:39:17 - [TEST_STEP][PASSED] - Statement - CurrentDateNoFilter.applyPattern("dd"): null

2018-12-07 11:39:17 - [TEST_STEP][PASSED] - Statement - CurrentDate = CurrentDateNoFilter.format(TodayDate): null

2018-12-07 11:39:17 - [TEST_STEP][PASSED] - Statement - CurrentDate = java.lang.Integer.parseInt(CurrentDate): null

2018-12-07 11:39:17 - [TEST_STEP][PASSED] - Statement - CurrentDate = CurrentDate: null

2018-12-07 11:39:17 - [TEST_STEP][PASSED] - Statement - CurrentDay = java.lang.Integer.parseInt(CurrentDate): null

2018-12-07 11:39:17 - [TEST_STEP][PASSED] - Statement - ConfAdder = <not implemented yet for class: org.codehaus.groovy.ast.expr.EmptyExpression>: null

2018-12-07 11:39:17 - [TEST_STEP][PASSED] - Statement - out.println(CurrentMonth): null

2018-12-07 11:39:17 - [TEST_STEP][PASSED] - Statement - out.println(CurrentDate): null

2018-12-07 11:39:17 - [TEST_STEP][PASSED] - Statement - switch (CurrentDate): null

2018-12-07 11:39:17 - [TEST_STEP][PASSED] - Statement - Default: null

2018-12-07 11:39:17 - [TEST_STEP][PASSED] - Statement - ConfAdder = true: null

2018-12-07 11:39:17 - [TEST_STEP][PASSED] - Statement - Break: null

2018-12-07 11:39:17 - [TEST_STEP][PASSED] - Statement - aDayBefore = <not implemented yet for class: org.codehaus.groovy.ast.expr.EmptyExpression>: null

2018-12-07 11:39:17 - [TEST_STEP][PASSED] - Statement - out.println(ConfAdder): null

2018-12-07 11:39:17 - [TEST_STEP][PASSED] - Statement - If (ConfAdder == true): null

2018-12-07 11:39:17 - [TEST_STEP][PASSED] - Statement - aDayBefore = CurrentDay + 1: null

2018-12-07 11:39:17 - [TEST_STEP][PASSED] - Statement - out.println(aDayBefore): null

2018-12-07 11:39:17 - [TEST_STEP][PASSED] - Statement - If (aDayBefore == 1 && CurrentMonth == 11): null

2018-12-07 11:39:17 - [TEST_STEP][PASSED] - Statement - DayBefore = aDayBefore.toString(): null

2018-12-07 11:39:17 - [TEST_STEP][PASSED] - Statement - OneDayBefore = DayBefore: null

2018-12-07 11:39:17 - [MESSAGE][PASSED] - Call Test Case 'Test Cases/Final Aug 2018 - PKS Automation/Registration Module/New Registration/Form 2/Date Updater' successfully

2018-12-07 11:39:17 - [TEST_STEP][PASSED] - delay: Delayed 2 second(s)

2018-12-07 11:39:19 - [MESSAGE][PASSED] - Delayed 2 second(s)

2018-12-07 11:39:19 - [TEST_STEP][PASSED] - setText: Text 'klotc2@gmail.com' is set on object 'Object Repository/Final Object Repo/Page_Update Add New Employee - ASSIST/Email TextBox'

2018-12-07 11:39:19 - [MESSAGE][PASSED] - Text 'klotc2@gmail.com' is set on object 'Object Repository/Final Object Repo/Page_Update Add New Employee - ASSIST/Email TextBox'

2018-12-07 11:39:19 - [TEST_STEP][PASSED] - click: Object: 'Object Repository/Final Object Repo/Page_Update Add New Employee - ASSIST/Next Button' is clicked on

2018-12-07 11:39:20 - [MESSAGE][PASSED] - Object: 'Object Repository/Final Object Repo/Page_Update Add New Employee - ASSIST/Next Button' is clicked on

2018-12-07 11:39:20 - [TEST_STEP][PASSED] - delay: Delayed 2 second(s)

2018-12-07 11:39:22 - [MESSAGE][PASSED] - Delayed 2 second(s)

2018-12-07 11:39:22 - [TEST_STEP][PASSED] - setText: Text 'Test1@3456789' is set on object 'Object Repository/Final Object Repo/Page_Update Add New Employee - ASSIST/Password TextBox'

2018-12-07 11:39:22 - [MESSAGE][PASSED] - Text 'Test1@3456789' is set on object 'Object Repository/Final Object Repo/Page_Update Add New Employee - ASSIST/Password TextBox'

2018-12-07 11:39:22 - [TEST_STEP][PASSED] - delay: Delayed 2 second(s)

2018-12-07 11:39:24 - [MESSAGE][PASSED] - Delayed 2 second(s)

2018-12-07 11:39:24 - [TEST_STEP][PASSED] - click: Object: 'Object Repository/Final Object Repo/Page_Update Add New Employee - ASSIST/Login Button' is clicked on

2018-12-07 11:39:24 - [MESSAGE][PASSED] - Object: 'Object Repository/Final Object Repo/Page_Update Add New Employee - ASSIST/Login Button' is clicked on

2018-12-07 11:39:24 - [TEST_STEP][PASSED] - delay: Delayed 4 second(s)

2018-12-07 11:39:28 - [MESSAGE][PASSED] - Delayed 4 second(s)

2018-12-07 11:39:28 - [TEST_STEP][PASSED] - Statement - Try: Delayed 2 second(s)

2018-12-07 11:39:28 - [TEST_STEP][PASSED] - Statement - Checker = false: null

2018-12-07 11:39:28 - [TEST_STEP][PASSED] - Statement - Checker = com.kms.katalon.core.webui.keyword.WebUiBuiltInKeywords.verifyElementHasAttribute(com.kms.katalon.core.testobject.ObjectRepository.findTestObject(Final Object Repo/Landing Page/BM Detecting), "href", 20, OPTIONAL): Object 'Object Repository/Final Object Repo/Landing Page/BM Detecting' has attribute 'href'

2018-12-07 11:39:28 - [MESSAGE][PASSED] - Object 'Object Repository/Final Object Repo/Landing Page/BM Detecting' has attribute 'href'

2018-12-07 11:39:28 - [TEST_STEP][PASSED] - Statement - out.println(Checker): null

2018-12-07 11:39:28 - [TEST_STEP][PASSED] - Statement - If (Checker == false): null

2018-12-07 11:39:28 - [TEST_STEP][PASSED] - Statement - Else: null

2018-12-07 11:39:28 - [TEST_STEP][PASSED] - delay: Delayed 2 second(s)

2018-12-07 11:39:30 - [MESSAGE][PASSED] - Delayed 2 second(s)

2018-12-07 11:39:30 - [TEST_STEP][PASSED] - delay: Delayed 4 second(s)

2018-12-07 11:39:34 - [MESSAGE][PASSED] - Delayed 4 second(s)

2018-12-07 11:39:34 - [TEST_STEP][PASSED] - click: Object: 'Object Repository/Final Object Repo/Page_Update Add New Employee - ASSIST/My Sites Drop Down' is clicked on

2018-12-07 11:39:34 - [MESSAGE][PASSED] - Object: 'Object Repository/Final Object Repo/Page_Update Add New Employee - ASSIST/My Sites Drop Down' is clicked on

2018-12-07 11:39:34 - [TEST_STEP][PASSED] - click: Object: 'Object Repository/Final Object Repo/Page_Update Add New Employee - ASSIST/Select to Registration Module' is clicked on

2018-12-07 11:39:35 - [MESSAGE][PASSED] - Object: 'Object Repository/Final Object Repo/Page_Update Add New Employee - ASSIST/Select to Registration Module' is clicked on

2018-12-07 11:39:35 - [TEST_STEP][PASSED] - navigateToUrl: Navigate to 'https://assist2-uat.perkeso.gov.my/web/registration/myassist' successfully

2018-12-07 11:39:36 - [MESSAGE][PASSED] - Navigate to 'https://assist2-uat.perkeso.gov.my/web/registration/myassist' successfully

2018-12-07 11:39:36 - [TEST_STEP][PASSED] - mouseOver: Object: 'Object Repository/Final Object Repo/Page_Update Add New Employee - ASSIST/Select to Update Akta 4 Tab' is hovered

2018-12-07 11:39:36 - [MESSAGE][PASSED] - Object: 'Object Repository/Final Object Repo/Page_Update Add New Employee - ASSIST/Select to Update Akta 4 Tab' is hovered

2018-12-07 11:39:36 - [TEST_STEP][PASSED] - delay: Delayed 2 second(s)

2018-12-07 11:39:38 - [MESSAGE][PASSED] - Delayed 2 second(s)

2018-12-07 11:39:38 - [TEST_STEP][PASSED] - click: Object: 'Object Repository/Final Object Repo/Page_Update Add New Employee - ASSIST/Select to Update Add New Employee' is clicked on

2018-12-07 11:39:39 - [MESSAGE][PASSED] - Object: 'Object Repository/Final Object Repo/Page_Update Add New Employee - ASSIST/Select to Update Add New Employee' is clicked on

2018-12-07 11:39:39 - [TEST_STEP][PASSED] - delay: Delayed 2 second(s)

2018-12-07 11:39:41 - [MESSAGE][PASSED] - Delayed 2 second(s)

2018-12-07 11:39:41 - [TEST_STEP][PASSED] - setText: Text 'E1102070670Y' is set on object 'Object Repository/Final Object Repo/Page_Update Add New Employee - ASSIST/Employer Code input textbox'

2018-12-07 11:39:41 - [MESSAGE][PASSED] - Text 'E1102070670Y' is set on object 'Object Repository/Final Object Repo/Page_Update Add New Employee - ASSIST/Employer Code input textbox'

2018-12-07 11:39:41 - [TEST_STEP][PASSED] - delay: Delayed 2 second(s)

2018-12-07 11:39:43 - [MESSAGE][PASSED] - Delayed 2 second(s)

2018-12-07 11:39:43 - [TEST_STEP][PASSED] - click: Object: 'Object Repository/Final Object Repo/Page_Update Add New Employee - ASSIST/Search Button for Employer Code' is clicked on

2018-12-07 11:39:43 - [MESSAGE][PASSED] - Object: 'Object Repository/Final Object Repo/Page_Update Add New Employee - ASSIST/Search Button for Employer Code' is clicked on

2018-12-07 11:39:43 - [TEST_STEP][PASSED] - delay: Delayed 4 second(s)

2018-12-07 11:39:47 - [MESSAGE][PASSED] - Delayed 4 second(s)

2018-12-07 11:39:47 - [TEST_STEP][PASSED] - click: Object: 'Object Repository/Final Object Repo/Page_Update Add New Employee - ASSIST/Click to Edit Case' is clicked on

2018-12-07 11:39:50 - [MESSAGE][PASSED] - Object: 'Object Repository/Final Object Repo/Page_Update Add New Employee - ASSIST/Click to Edit Case' is clicked on

2018-12-07 11:39:50 - [TEST_STEP][PASSED] - callTestCase: Call Test Case 'Test Cases/Final Aug 2018 - PKS Automation/Registration Module/Workflow/Update Add New Employee/Template/Employee Adding/Employee Set Decider' successfully

2018-12-07 11:39:50 - [TEST_CASE][PASSED] - Test Cases/Final Aug 2018 - PKS Automation/Registration Module/Workflow/Update Add New Employee/Template/Employee Adding/Employee Set Decider: Test Cases/Final Aug 2018 - PKS Automation/Registration Module/Workflow/Update Add New Employee/Template/Employee Adding/Employee Set Decider

2018-12-07 11:39:50 - [TEST_STEP][PASSED] - delay: Delayed 4 second(s)

2018-12-07 11:39:54 - [MESSAGE][PASSED] - Delayed 4 second(s)

2018-12-07 11:39:54 - [TEST_STEP][PASSED] - click: Object: 'Object Repository/Final Object Repo/Page_Update Add New Employee - ASSIST/Add Employee Button' is clicked on

2018-12-07 11:39:54 - [MESSAGE][PASSED] - Object: 'Object Repository/Final Object Repo/Page_Update Add New Employee - ASSIST/Add Employee Button' is clicked on

2018-12-07 11:39:54 - [TEST_STEP][PASSED] - delay: Delayed 3 second(s)

2018-12-07 11:39:57 - [MESSAGE][PASSED] - Delayed 3 second(s)

2018-12-07 11:39:57 - [TEST_STEP][PASSED] - setText: Text '010903091920' is set on object 'Object Repository/Final Object Repo/Page_Update Add New Employee - ASSIST/NRIC Input'

2018-12-07 11:39:57 - [MESSAGE][PASSED] - Text '010903091920' is set on object 'Object Repository/Final Object Repo/Page_Update Add New Employee - ASSIST/NRIC Input'

2018-12-07 11:39:57 - [TEST_STEP][PASSED] - click: Object: 'Object Repository/Final Object Repo/Page_Update Add New Employee - ASSIST/button for search for IC' is clicked on

2018-12-07 11:39:58 - [MESSAGE][PASSED] - Object: 'Object Repository/Final Object Repo/Page_Update Add New Employee - ASSIST/button for search for IC' is clicked on

2018-12-07 11:39:58 - [TEST_STEP][PASSED] - delay: Delayed 2 second(s)

2018-12-07 11:40:00 - [MESSAGE][PASSED] - Delayed 2 second(s)

2018-12-07 11:40:00 - [TEST_STEP][PASSED] - sendKeys: Keys 'CONTROL + a' sent to object: 'Object Repository/Final Object Repo/Page_Update Add New Employee - ASSIST/Employee Name Input'

2018-12-07 11:40:00 - [MESSAGE][PASSED] - Keys 'CONTROL + a' sent to object: 'Object Repository/Final Object Repo/Page_Update Add New Employee - ASSIST/Employee Name Input'

2018-12-07 11:40:00 - [TEST_STEP][PASSED] - sendKeys: Keys 'CONTROL + c' sent to object: 'Object Repository/Final Object Repo/Page_Update Add New Employee - ASSIST/Employee Name Input'

2018-12-07 11:40:00 - [MESSAGE][PASSED] - Keys 'CONTROL + c' sent to object: 'Object Repository/Final Object Repo/Page_Update Add New Employee - ASSIST/Employee Name Input'

2018-12-07 11:40:00 - [TEST_STEP][PASSED] - Statement - toolkit = java.awt.Toolkit.getDefaultToolkit(): null

2018-12-07 11:40:00 - [TEST_STEP][PASSED] - Statement - clipboard = toolkit.getSystemClipboard(): null

2018-12-07 11:40:00 - [TEST_STEP][PASSED] - Statement - CurrentName = clipboard.getData(stringFlavor): null

2018-12-07 11:40:00 - [TEST_STEP][PASSED] - Statement - out.println("String from Clipboard:" + CurrentName): null

2018-12-07 11:40:00 - [TEST_STEP][PASSED] - Statement - If (CurrentName == "AUTOMATE002 ELIGIBLE 1"): Call Test Case 'Test Cases/Final Aug 2018 - PKS Automation/Registration Module/Workflow/Update Add New Employee/Template/Employee Adding/Employee Adding Action Repeat IC - set 1' successfully

2018-12-07 11:40:00 - [TEST_STEP][PASSED] - callTestCase: Call Test Case 'Test Cases/Final Aug 2018 - PKS Automation/Registration Module/Workflow/Update Add New Employee/Template/Employee Adding/Employee Adding Action Repeat IC - set 1' successfully

2018-12-07 11:40:00 - [TEST_CASE][PASSED] - Test Cases/Final Aug 2018 - PKS Automation/Registration Module/Workflow/Update Add New Employee/Template/Employee Adding/Employee Adding Action Repeat IC - set 1: Test Cases/Final Aug 2018 - PKS Automation/Registration Module/Workflow/Update Add New Employee/Template/Employee Adding/Employee Adding Action Repeat IC - set 1

2018-12-07 11:40:00 - [TEST_STEP][PASSED] - setText: Text 'Automate003 eligible 1' is set on object 'Object Repository/Final Object Repo/Page_Update Add New Employee - ASSIST/Employee Name Input'

2018-12-07 11:40:01 - [MESSAGE][PASSED] - Text 'Automate003 eligible 1' is set on object 'Object Repository/Final Object Repo/Page_Update Add New Employee - ASSIST/Employee Name Input'

2018-12-07 11:40:01 - [TEST_STEP][PASSED] - delay: Delayed 2 second(s)

2018-12-07 11:40:03 - [MESSAGE][PASSED] - Delayed 2 second(s)

2018-12-07 11:40:03 - [TEST_STEP][PASSED] - click: Object: 'Object Repository/Final Object Repo/Page_Update Add New Employee - ASSIST/DatePicker Pop Up' is clicked on

2018-12-07 11:40:03 - [MESSAGE][PASSED] - Object: 'Object Repository/Final Object Repo/Page_Update Add New Employee - ASSIST/DatePicker Pop Up' is clicked on

2018-12-07 11:40:03 - [TEST_STEP][PASSED] - click: Object: 'Object Repository/Final Object Repo/Page_Update Add New Employee - ASSIST/DOB Month' is clicked on

2018-12-07 11:40:03 - [MESSAGE][PASSED] - Object: 'Object Repository/Final Object Repo/Page_Update Add New Employee - ASSIST/DOB Month' is clicked on

2018-12-07 11:40:03 - [TEST_STEP][PASSED] - Statement - CurrentMonth = CurrentMonth: null

2018-12-07 11:40:03 - [TEST_STEP][PASSED] - Statement - selectMonth = new com.kms.katalon.core.testobject.TestObject(): null

2018-12-07 11:40:03 - [TEST_STEP][PASSED] - Statement - selectMonth.addProperty("xpath", EQUALS, "//body/div/div/div/select/option[@value='" + CurrentMonth + "']", true): null

2018-12-07 11:40:03 - [TEST_STEP][PASSED] - click: Object: '' is clicked on

2018-12-07 11:40:04 - [MESSAGE][PASSED] - Object: '' is clicked on

2018-12-07 11:40:04 - [TEST_STEP][PASSED] - click: Object: 'Object Repository/Final Object Repo/Page_Update Add New Employee - ASSIST/DOB Year' is clicked on

2018-12-07 11:40:04 - [MESSAGE][PASSED] - Object: 'Object Repository/Final Object Repo/Page_Update Add New Employee - ASSIST/DOB Year' is clicked on

2018-12-07 11:40:04 - [TEST_STEP][PASSED] - Statement - Eyearsbf = EighteenYrsBefore: null

2018-12-07 11:40:04 - [TEST_STEP][PASSED] - Statement - selectYear = new com.kms.katalon.core.testobject.TestObject(): null

2018-12-07 11:40:04 - [TEST_STEP][PASSED] - Statement - selectYear.addProperty("xpath", EQUALS, "//div/div/div/select/option[@value='" + Eyearsbf + "']", true): null

2018-12-07 11:40:04 - [TEST_STEP][PASSED] - click: Object: '' is clicked on

2018-12-07 11:40:04 - [MESSAGE][PASSED] - Object: '' is clicked on

2018-12-07 11:40:04 - [TEST_STEP][PASSED] - Statement - UpdatedSelectDate = com.kms.katalon.core.webui.keyword.WebUiBuiltInKeywords.modifyObjectProperty(com.kms.katalon.core.testobject.ObjectRepository.findTestObject(Final Object Repo/Page_Update Add New Employee - ASSIST/DOB Date), "xpath", "equals", "//body/div/table/tbody/tr/td/a[text()="" + CurrentDate + ""]", true): Modify property of object successfully

2018-12-07 11:40:04 - [MESSAGE][PASSED] - Modify property of object successfully

2018-12-07 11:40:04 - [TEST_STEP][PASSED] - delay: Delayed 3 second(s)

2018-12-07 11:40:07 - [MESSAGE][PASSED] - Delayed 3 second(s)

2018-12-07 11:40:07 - [TEST_STEP][PASSED] - click: Object: 'Object Repository/Final Object Repo/Page_Update Add New Employee - ASSIST/DOB Date' is clicked on

2018-12-07 11:40:07 - [MESSAGE][PASSED] - Object: 'Object Repository/Final Object Repo/Page_Update Add New Employee - ASSIST/DOB Date' is clicked on

2018-12-07 11:40:07 - [TEST_STEP][PASSED] - delay: Delayed 2 second(s)

2018-12-07 11:40:09 - [MESSAGE][PASSED] - Delayed 2 second(s)

2018-12-07 11:40:09 - [TEST_STEP][PASSED] - click: Object: 'Object Repository/Final Object Repo/Page_Update Add New Employee - ASSIST/EmploymentStartDate Pop Up' is clicked on

2018-12-07 11:40:09 - [MESSAGE][PASSED] - Object: 'Object Repository/Final Object Repo/Page_Update Add New Employee - ASSIST/EmploymentStartDate Pop Up' is clicked on

2018-12-07 11:40:09 - [TEST_STEP][PASSED] - delay: Delayed 2 second(s)

2018-12-07 11:40:11 - [MESSAGE][PASSED] - Delayed 2 second(s)

2018-12-07 11:40:11 - [TEST_STEP][PASSED] - click: Object: 'Object Repository/Final Object Repo/Page_Update Add New Employee - ASSIST/Socso Employment StartDate Month' is clicked on

2018-12-07 11:40:12 - [MESSAGE][PASSED] - Object: 'Object Repository/Final Object Repo/Page_Update Add New Employee - ASSIST/Socso Employment StartDate Month' is clicked on

2018-12-07 11:40:12 - [TEST_STEP][PASSED] - delay: Delayed 1 second(s)

2018-12-07 11:40:13 - [MESSAGE][PASSED] - Delayed 1 second(s)

2018-12-07 11:40:13 - [TEST_STEP][PASSED] - click: Object: 'Object Repository/Final Object Repo/Page_Update Add New Employee - ASSIST/Select Socso Employement Startdate Month' is clicked on

2018-12-07 11:40:13 - [MESSAGE][PASSED] - Object: 'Object Repository/Final Object Repo/Page_Update Add New Employee - ASSIST/Select Socso Employement Startdate Month' is clicked on

2018-12-07 11:40:13 - [TEST_STEP][PASSED] - delay: Delayed 2 second(s)

2018-12-07 11:40:15 - [MESSAGE][PASSED] - Delayed 2 second(s)

2018-12-07 11:40:15 - [TEST_STEP][PASSED] - click: Object: 'Object Repository/Final Object Repo/Page_Update Add New Employee - ASSIST/Socso Employment StartDate Year' is clicked on

2018-12-07 11:40:15 - [MESSAGE][PASSED] - Object: 'Object Repository/Final Object Repo/Page_Update Add New Employee - ASSIST/Socso Employment StartDate Year' is clicked on

2018-12-07 11:40:15 - [TEST_STEP][PASSED] - delay: Delayed 1 second(s)

2018-12-07 11:40:16 - [MESSAGE][PASSED] - Delayed 1 second(s)

2018-12-07 11:40:16 - [TEST_STEP][PASSED] - click: Object: 'Object Repository/Final Object Repo/Page_Update Add New Employee - ASSIST/Select Socso Employment Startdate Year' is clicked on

2018-12-07 11:40:16 - [MESSAGE][PASSED] - Object: 'Object Repository/Final Object Repo/Page_Update Add New Employee - ASSIST/Select Socso Employment Startdate Year' is clicked on

2018-12-07 11:40:16 - [TEST_STEP][PASSED] - delay: Delayed 2 second(s)

2018-12-07 11:40:18 - [MESSAGE][PASSED] - Delayed 2 second(s)

2018-12-07 11:40:18 - [TEST_STEP][PASSED] - click: Object: 'Object Repository/Final Object Repo/Page_Update Add New Employee - ASSIST/Socso Employment Start Date Day' is clicked on

2018-12-07 11:40:18 - [MESSAGE][PASSED] - Object: 'Object Repository/Final Object Repo/Page_Update Add New Employee - ASSIST/Socso Employment Start Date Day' is clicked on

2018-12-07 11:40:18 - [TEST_STEP][PASSED] - delay: Delayed 2 second(s)

2018-12-07 11:40:20 - [MESSAGE][PASSED] - Delayed 2 second(s)

2018-12-07 11:40:20 - [TEST_STEP][PASSED] - click: Object: 'Object Repository/Final Object Repo/Page_Update Add New Employee - ASSIST/Save Button for Add Employee' is clicked on

2018-12-07 11:40:20 - [MESSAGE][PASSED] - Object: 'Object Repository/Final Object Repo/Page_Update Add New Employee - ASSIST/Save Button for Add Employee' is clicked on

2018-12-07 11:40:20 - [TEST_STEP][PASSED] - delay: Delayed 6 second(s)

2018-12-07 11:40:26 - [MESSAGE][PASSED] - Delayed 6 second(s)

2018-12-07 11:40:26 - [TEST_STEP][PASSED] - click: Object: 'Object Repository/Final Object Repo/Page_Update Add New Employee - ASSIST/Add Employee Button' is clicked on

2018-12-07 11:40:27 - [MESSAGE][PASSED] - Object: 'Object Repository/Final Object Repo/Page_Update Add New Employee - ASSIST/Add Employee Button' is clicked on

2018-12-07 11:40:27 - [TEST_STEP][PASSED] - delay: Delayed 4 second(s)

2018-12-07 11:40:31 - [MESSAGE][PASSED] - Delayed 4 second(s)

2018-12-07 11:40:31 - [TEST_STEP][PASSED] - setText: Text '620904059600' is set on object 'Object Repository/Final Object Repo/Page_Update Add New Employee - ASSIST/NRIC Input'

2018-12-07 11:40:31 - [MESSAGE][PASSED] - Text '620904059600' is set on object 'Object Repository/Final Object Repo/Page_Update Add New Employee - ASSIST/NRIC Input'

2018-12-07 11:40:31 - [TEST_STEP][PASSED] - click: Object: 'Object Repository/Final Object Repo/Page_Update Add New Employee - ASSIST/button for search for IC' is clicked on

2018-12-07 11:40:31 - [MESSAGE][PASSED] - Object: 'Object Repository/Final Object Repo/Page_Update Add New Employee - ASSIST/button for search for IC' is clicked on

2018-12-07 11:40:31 - [TEST_STEP][PASSED] - delay: Delayed 2 second(s)

2018-12-07 11:40:33 - [MESSAGE][PASSED] - Delayed 2 second(s)

2018-12-07 11:40:33 - [TEST_STEP][PASSED] - setText: Text 'Automate003 eligible 2' is set on object 'Object Repository/Final Object Repo/Page_Update Add New Employee - ASSIST/Employee Name Input'

2018-12-07 11:40:34 - [MESSAGE][PASSED] - Text 'Automate003 eligible 2' is set on object 'Object Repository/Final Object Repo/Page_Update Add New Employee - ASSIST/Employee Name Input'

2018-12-07 11:40:34 - [TEST_STEP][PASSED] - delay: Delayed 2 second(s)

2018-12-07 11:40:36 - [MESSAGE][PASSED] - Delayed 2 second(s)

2018-12-07 11:40:36 - [TEST_STEP][PASSED] - click: Object: 'Object Repository/Final Object Repo/Page_Update Add New Employee - ASSIST/DatePicker Pop Up' is clicked on

2018-12-07 11:40:36 - [MESSAGE][PASSED] - Object: 'Object Repository/Final Object Repo/Page_Update Add New Employee - ASSIST/DatePicker Pop Up' is clicked on

2018-12-07 11:40:36 - [TEST_STEP][PASSED] - delay: Delayed 2 second(s)

2018-12-07 11:40:38 - [MESSAGE][PASSED] - Delayed 2 second(s)

2018-12-07 11:40:38 - [TEST_STEP][PASSED] - click: Object: 'Object Repository/Final Object Repo/Page_Update Add New Employee - ASSIST/DOB Month' is clicked on

2018-12-07 11:40:38 - [MESSAGE][PASSED] - Object: 'Object Repository/Final Object Repo/Page_Update Add New Employee - ASSIST/DOB Month' is clicked on

2018-12-07 11:40:38 - [TEST_STEP][PASSED] - Statement - selectMonth = com.kms.katalon.core.webui.keyword.WebUiBuiltInKeywords.modifyObjectProperty(selectMonth, "xpath", "equals", "//body/div/div/div/select/option[@value="" + CurrentMonth + ""]", true): Modify property of object successfully

2018-12-07 11:40:38 - [MESSAGE][PASSED] - Modify property of object successfully

2018-12-07 11:40:38 - [TEST_STEP][PASSED] - click: Object: '' is clicked on

2018-12-07 11:40:38 - [MESSAGE][PASSED] - Object: '' is clicked on

2018-12-07 11:40:38 - [TEST_STEP][PASSED] - click: Object: 'Object Repository/Final Object Repo/Page_Update Add New Employee - ASSIST/DOB Year' is clicked on

2018-12-07 11:40:39 - [MESSAGE][PASSED] - Object: 'Object Repository/Final Object Repo/Page_Update Add New Employee - ASSIST/DOB Year' is clicked on

2018-12-07 11:40:39 - [TEST_STEP][PASSED] - Statement - selectYear = com.kms.katalon.core.webui.keyword.WebUiBuiltInKeywords.modifyObjectProperty(selectYear, "xpath", "equals", "//div/div/div/select/option[@value="" + FiftysevenYrsBefore + ""]", true): Modify property of object successfully

2018-12-07 11:40:39 - [MESSAGE][PASSED] - Modify property of object successfully

2018-12-07 11:40:39 - [TEST_STEP][PASSED] - click: Object: '' is clicked on

2018-12-07 11:40:39 - [MESSAGE][PASSED] - Object: '' is clicked on

2018-12-07 11:40:39 - [TEST_STEP][PASSED] - Statement - UpdatedSelectDate = com.kms.katalon.core.webui.keyword.WebUiBuiltInKeywords.modifyObjectProperty(com.kms.katalon.core.testobject.ObjectRepository.findTestObject(Final Object Repo/Page_Update Add New Employee - ASSIST/DOB Date), "xpath", "equals", "//body/div/table/tbody/tr/td/a[text()="" + OneDayBefore + ""]", true): Modify property of object successfully

2018-12-07 11:40:39 - [MESSAGE][PASSED] - Modify property of object successfully

2018-12-07 11:40:39 - [TEST_STEP][PASSED] - click: Object: 'Object Repository/Final Object Repo/Page_Update Add New Employee - ASSIST/DOB Date' is clicked on

2018-12-07 11:40:39 - [MESSAGE][PASSED] - Object: 'Object Repository/Final Object Repo/Page_Update Add New Employee - ASSIST/DOB Date' is clicked on

2018-12-07 11:40:39 - [TEST_STEP][PASSED] - delay: Delayed 2 second(s)

2018-12-07 11:40:41 - [MESSAGE][PASSED] - Delayed 2 second(s)

2018-12-07 11:40:41 - [TEST_STEP][PASSED] - click: Object: 'Object Repository/Final Object Repo/Page_Update Add New Employee - ASSIST/EmploymentStartDate Pop Up' is clicked on

2018-12-07 11:40:41 - [MESSAGE][PASSED] - Object: 'Object Repository/Final Object Repo/Page_Update Add New Employee - ASSIST/EmploymentStartDate Pop Up' is clicked on

2018-12-07 11:40:41 - [TEST_STEP][PASSED] - delay: Delayed 2 second(s)

2018-12-07 11:40:43 - [MESSAGE][PASSED] - Delayed 2 second(s)

2018-12-07 11:40:43 - [TEST_STEP][PASSED] - click: Object: 'Object Repository/Final Object Repo/Page_Update Add New Employee - ASSIST/Socso Employment StartDate Month' is clicked on

2018-12-07 11:40:43 - [MESSAGE][PASSED] - Object: 'Object Repository/Final Object Repo/Page_Update Add New Employee - ASSIST/Socso Employment StartDate Month' is clicked on

2018-12-07 11:40:43 - [TEST_STEP][PASSED] - delay: Delayed 1 second(s)

2018-12-07 11:40:44 - [MESSAGE][PASSED] - Delayed 1 second(s)

2018-12-07 11:40:44 - [TEST_STEP][PASSED] - click: Object: 'Object Repository/Final Object Repo/Page_Update Add New Employee - ASSIST/Select Socso Employement Startdate Month' is clicked on

2018-12-07 11:40:44 - [MESSAGE][PASSED] - Object: 'Object Repository/Final Object Repo/Page_Update Add New Employee - ASSIST/Select Socso Employement Startdate Month' is clicked on

2018-12-07 11:40:44 - [TEST_STEP][PASSED] - delay: Delayed 2 second(s)

2018-12-07 11:40:46 - [MESSAGE][PASSED] - Delayed 2 second(s)

2018-12-07 11:40:46 - [TEST_STEP][PASSED] - click: Object: 'Object Repository/Final Object Repo/Page_Update Add New Employee - ASSIST/Socso Employment StartDate Year' is clicked on

2018-12-07 11:40:47 - [MESSAGE][PASSED] - Object: 'Object Repository/Final Object Repo/Page_Update Add New Employee - ASSIST/Socso Employment StartDate Year' is clicked on

2018-12-07 11:40:47 - [TEST_STEP][PASSED] - delay: Delayed 1 second(s)

2018-12-07 11:40:48 - [MESSAGE][PASSED] - Delayed 1 second(s)

2018-12-07 11:40:48 - [TEST_STEP][PASSED] - click: Object: 'Object Repository/Final Object Repo/Page_Update Add New Employee - ASSIST/Select Socso Employment Startdate Year' is clicked on

2018-12-07 11:40:48 - [MESSAGE][PASSED] - Object: 'Object Repository/Final Object Repo/Page_Update Add New Employee - ASSIST/Select Socso Employment Startdate Year' is clicked on

2018-12-07 11:40:48 - [TEST_STEP][PASSED] - delay: Delayed 2 second(s)

2018-12-07 11:40:50 - [MESSAGE][PASSED] - Delayed 2 second(s)

2018-12-07 11:40:50 - [TEST_STEP][PASSED] - click: Object: 'Object Repository/Final Object Repo/Page_Update Add New Employee - ASSIST/Socso Employment Start Date Day' is clicked on

2018-12-07 11:40:50 - [MESSAGE][PASSED] - Object: 'Object Repository/Final Object Repo/Page_Update Add New Employee - ASSIST/Socso Employment Start Date Day' is clicked on

2018-12-07 11:40:50 - [TEST_STEP][PASSED] - delay: Delayed 2 second(s)

2018-12-07 11:40:52 - [MESSAGE][PASSED] - Delayed 2 second(s)

2018-12-07 11:40:52 - [TEST_STEP][PASSED] - click: Object: 'Object Repository/Final Object Repo/Page_Update Add New Employee - ASSIST/Save Button for Add Employee' is clicked on

2018-12-07 11:40:53 - [MESSAGE][PASSED] - Object: 'Object Repository/Final Object Repo/Page_Update Add New Employee - ASSIST/Save Button for Add Employee' is clicked on

2018-12-07 11:40:53 - [TEST_STEP][PASSED] - delay: Delayed 10 second(s)

2018-12-07 11:41:03 - [MESSAGE][PASSED] - Delayed 10 second(s)

2018-12-07 11:41:03 - [TEST_STEP][PASSED] - waitForElementClickable: Object 'Object Repository/Final Object Repo/Page_Update Add New Employee - ASSIST/Add Employee Button' is clickable

2018-12-07 11:41:03 - [MESSAGE][PASSED] - Object 'Object Repository/Final Object Repo/Page_Update Add New Employee - ASSIST/Add Employee Button' is clickable

2018-12-07 11:41:03 - [TEST_STEP][PASSED] - click: Object: 'Object Repository/Final Object Repo/Page_Update Add New Employee - ASSIST/Add Employee Button' is clicked on

2018-12-07 11:41:03 - [MESSAGE][PASSED] - Object: 'Object Repository/Final Object Repo/Page_Update Add New Employee - ASSIST/Add Employee Button' is clicked on

2018-12-07 11:41:03 - [TEST_STEP][PASSED] - delay: Delayed 4 second(s)

2018-12-07 11:41:07 - [MESSAGE][PASSED] - Delayed 4 second(s)

2018-12-07 11:41:07 - [TEST_STEP][PASSED] - setText: Text '000209039100' is set on object 'Object Repository/Final Object Repo/Page_Update Add New Employee - ASSIST/NRIC Input'

2018-12-07 11:41:07 - [MESSAGE][PASSED] - Text '000209039100' is set on object 'Object Repository/Final Object Repo/Page_Update Add New Employee - ASSIST/NRIC Input'

2018-12-07 11:41:07 - [TEST_STEP][PASSED] - click: Object: 'Object Repository/Final Object Repo/Page_Update Add New Employee - ASSIST/button for search for IC' is clicked on

2018-12-07 11:41:08 - [MESSAGE][PASSED] - Object: 'Object Repository/Final Object Repo/Page_Update Add New Employee - ASSIST/button for search for IC' is clicked on

2018-12-07 11:41:08 - [TEST_STEP][PASSED] - delay: Delayed 2 second(s)

2018-12-07 11:41:10 - [MESSAGE][PASSED] - Delayed 2 second(s)

2018-12-07 11:41:10 - [TEST_STEP][PASSED] - setText: Text 'Automate003 not eligible 1' is set on object 'Object Repository/Final Object Repo/Page_Update Add New Employee - ASSIST/Employee Name Input'

2018-12-07 11:41:10 - [MESSAGE][PASSED] - Text 'Automate003 not eligible 1' is set on object 'Object Repository/Final Object Repo/Page_Update Add New Employee - ASSIST/Employee Name Input'

2018-12-07 11:41:10 - [TEST_STEP][PASSED] - delay: Delayed 2 second(s)

2018-12-07 11:41:12 - [MESSAGE][PASSED] - Delayed 2 second(s)

2018-12-07 11:41:12 - [TEST_STEP][PASSED] - click: Object: 'Object Repository/Final Object Repo/Page_Update Add New Employee - ASSIST/DatePicker Pop Up' is clicked on

2018-12-07 11:41:12 - [MESSAGE][PASSED] - Object: 'Object Repository/Final Object Repo/Page_Update Add New Employee - ASSIST/DatePicker Pop Up' is clicked on

2018-12-07 11:41:12 - [TEST_STEP][PASSED] - delay: Delayed 2 second(s)

2018-12-07 11:41:14 - [MESSAGE][PASSED] - Delayed 2 second(s)

2018-12-07 11:41:14 - [TEST_STEP][PASSED] - click: Object: 'Object Repository/Final Object Repo/Page_Update Add New Employee - ASSIST/DOB Month' is clicked on

2018-12-07 11:41:15 - [MESSAGE][PASSED] - Object: 'Object Repository/Final Object Repo/Page_Update Add New Employee - ASSIST/DOB Month' is clicked on

2018-12-07 11:41:15 - [TEST_STEP][PASSED] - Statement - selectMonth = com.kms.katalon.core.webui.keyword.WebUiBuiltInKeywords.modifyObjectProperty(selectMonth, "xpath", "equals", "//body/div/div/div/select/option[@value="" + CurrentMonth + ""]", true): Modify property of object successfully

2018-12-07 11:41:15 - [MESSAGE][PASSED] - Modify property of object successfully

2018-12-07 11:41:15 - [TEST_STEP][PASSED] - click: Object: '' is clicked on

2018-12-07 11:41:15 - [MESSAGE][PASSED] - Object: '' is clicked on

2018-12-07 11:41:15 - [TEST_STEP][PASSED] - click: Object: 'Object Repository/Final Object Repo/Page_Update Add New Employee - ASSIST/DOB Year' is clicked on

2018-12-07 11:41:15 - [MESSAGE][PASSED] - Object: 'Object Repository/Final Object Repo/Page_Update Add New Employee - ASSIST/DOB Year' is clicked on

2018-12-07 11:41:15 - [TEST_STEP][PASSED] - Statement - selectYear = com.kms.katalon.core.webui.keyword.WebUiBuiltInKeywords.modifyObjectProperty(selectYear, "xpath", "equals", "//div/div/div/select/option[@value="" + EighteenYrsBefore + ""]", true): Modify property of object successfully

2018-12-07 11:41:15 - [MESSAGE][PASSED] - Modify property of object successfully

2018-12-07 11:41:15 - [TEST_STEP][PASSED] - click: Object: '' is clicked on

2018-12-07 11:41:15 - [MESSAGE][PASSED] - Object: '' is clicked on

2018-12-07 11:41:15 - [TEST_STEP][PASSED] - Statement - UpdatedSelectDate = com.kms.katalon.core.webui.keyword.WebUiBuiltInKeywords.modifyObjectProperty(com.kms.katalon.core.testobject.ObjectRepository.findTestObject(Final Object Repo/Page_Update Add New Employee - ASSIST/DOB Date), "xpath", "equals", "//body/div/table/tbody/tr/td/a[text()="" + OneDayBefore + ""]", true): Modify property of object successfully

2018-12-07 11:41:15 - [MESSAGE][PASSED] - Modify property of object successfully

2018-12-07 11:41:15 - [TEST_STEP][PASSED] - click: Object: 'Object Repository/Final Object Repo/Page_Update Add New Employee - ASSIST/DOB Date' is clicked on

2018-12-07 11:41:15 - [MESSAGE][PASSED] - Object: 'Object Repository/Final Object Repo/Page_Update Add New Employee - ASSIST/DOB Date' is clicked on

2018-12-07 11:41:15 - [TEST_STEP][PASSED] - delay: Delayed 2 second(s)

2018-12-07 11:41:17 - [MESSAGE][PASSED] - Delayed 2 second(s)

2018-12-07 11:41:17 - [TEST_STEP][PASSED] - click: Object: 'Object Repository/Final Object Repo/Page_Update Add New Employee - ASSIST/EmploymentStartDate Pop Up' is clicked on

2018-12-07 11:41:17 - [MESSAGE][PASSED] - Object: 'Object Repository/Final Object Repo/Page_Update Add New Employee - ASSIST/EmploymentStartDate Pop Up' is clicked on

2018-12-07 11:41:17 - [TEST_STEP][PASSED] - delay: Delayed 2 second(s)

2018-12-07 11:41:19 - [MESSAGE][PASSED] - Delayed 2 second(s)

2018-12-07 11:41:19 - [TEST_STEP][PASSED] - click: Object: 'Object Repository/Final Object Repo/Page_Update Add New Employee - ASSIST/Socso Employment StartDate Month' is clicked on

2018-12-07 11:41:20 - [MESSAGE][PASSED] - Object: 'Object Repository/Final Object Repo/Page_Update Add New Employee - ASSIST/Socso Employment StartDate Month' is clicked on

2018-12-07 11:41:20 - [TEST_STEP][PASSED] - delay: Delayed 1 second(s)

2018-12-07 11:41:21 - [MESSAGE][PASSED] - Delayed 1 second(s)

2018-12-07 11:41:21 - [TEST_STEP][PASSED] - click: Object: 'Object Repository/Final Object Repo/Page_Update Add New Employee - ASSIST/Select Socso Employement Startdate Month' is clicked on

2018-12-07 11:41:21 - [MESSAGE][PASSED] - Object: 'Object Repository/Final Object Repo/Page_Update Add New Employee - ASSIST/Select Socso Employement Startdate Month' is clicked on

2018-12-07 11:41:21 - [TEST_STEP][PASSED] - delay: Delayed 2 second(s)

2018-12-07 11:41:23 - [MESSAGE][PASSED] - Delayed 2 second(s)

2018-12-07 11:41:23 - [TEST_STEP][PASSED] - click: Object: 'Object Repository/Final Object Repo/Page_Update Add New Employee - ASSIST/Socso Employment StartDate Year' is clicked on

2018-12-07 11:41:23 - [MESSAGE][PASSED] - Object: 'Object Repository/Final Object Repo/Page_Update Add New Employee - ASSIST/Socso Employment StartDate Year' is clicked on

2018-12-07 11:41:23 - [TEST_STEP][PASSED] - delay: Delayed 1 second(s)

2018-12-07 11:41:24 - [MESSAGE][PASSED] - Delayed 1 second(s)

2018-12-07 11:41:24 - [TEST_STEP][PASSED] - click: Object: 'Object Repository/Final Object Repo/Page_Update Add New Employee - ASSIST/Select Socso Employment Startdate Year' is clicked on

2018-12-07 11:41:24 - [MESSAGE][PASSED] - Object: 'Object Repository/Final Object Repo/Page_Update Add New Employee - ASSIST/Select Socso Employment Startdate Year' is clicked on

2018-12-07 11:41:24 - [TEST_STEP][PASSED] - delay: Delayed 2 second(s)

2018-12-07 11:41:26 - [MESSAGE][PASSED] - Delayed 2 second(s)

2018-12-07 11:41:26 - [TEST_STEP][PASSED] - click: Object: 'Object Repository/Final Object Repo/Page_Update Add New Employee - ASSIST/Socso Employment Start Date Day' is clicked on

2018-12-07 11:41:26 - [MESSAGE][PASSED] - Object: 'Object Repository/Final Object Repo/Page_Update Add New Employee - ASSIST/Socso Employment Start Date Day' is clicked on

2018-12-07 11:41:26 - [TEST_STEP][PASSED] - delay: Delayed 2 second(s)

2018-12-07 11:41:28 - [MESSAGE][PASSED] - Delayed 2 second(s)

2018-12-07 11:41:28 - [TEST_STEP][PASSED] - click: Object: 'Object Repository/Final Object Repo/Page_Update Add New Employee - ASSIST/Save Button for Add Employee' is clicked on

2018-12-07 11:41:29 - [MESSAGE][PASSED] - Object: 'Object Repository/Final Object Repo/Page_Update Add New Employee - ASSIST/Save Button for Add Employee' is clicked on

2018-12-07 11:41:29 - [TEST_STEP][PASSED] - delay: Delayed 20 second(s)

2018-12-07 11:41:49 - [MESSAGE][PASSED] - Delayed 20 second(s)

2018-12-07 11:41:49 - [TEST_STEP][PASSED] - click: Object: 'Object Repository/Final Object Repo/Page_Update Add New Employee - ASSIST/Add Employee Button' is clicked on

2018-12-07 11:41:49 - [MESSAGE][PASSED] - Object: 'Object Repository/Final Object Repo/Page_Update Add New Employee - ASSIST/Add Employee Button' is clicked on

2018-12-07 11:41:49 - [TEST_STEP][PASSED] - delay: Delayed 4 second(s)

2018-12-07 11:41:53 - [MESSAGE][PASSED] - Delayed 4 second(s)

2018-12-07 11:41:53 - [TEST_STEP][PASSED] - setText: Text '600203039104' is set on object 'Object Repository/Final Object Repo/Page_Update Add New Employee - ASSIST/NRIC Input'

2018-12-07 11:41:53 - [MESSAGE][PASSED] - Text '600203039104' is set on object 'Object Repository/Final Object Repo/Page_Update Add New Employee - ASSIST/NRIC Input'

2018-12-07 11:41:53 - [TEST_STEP][PASSED] - click: Object: 'Object Repository/Final Object Repo/Page_Update Add New Employee - ASSIST/button for search for IC' is clicked on

2018-12-07 11:41:53 - [MESSAGE][PASSED] - Object: 'Object Repository/Final Object Repo/Page_Update Add New Employee - ASSIST/button for search for IC' is clicked on

2018-12-07 11:41:53 - [TEST_STEP][PASSED] - delay: Delayed 2 second(s)

2018-12-07 11:41:55 - [MESSAGE][PASSED] - Delayed 2 second(s)

2018-12-07 11:41:55 - [TEST_STEP][PASSED] - setText: Text 'Automate003 not eligible 2' is set on object 'Object Repository/Final Object Repo/Page_Update Add New Employee - ASSIST/Employee Name Input'

2018-12-07 11:41:56 - [MESSAGE][PASSED] - Text 'Automate003 not eligible 2' is set on object 'Object Repository/Final Object Repo/Page_Update Add New Employee - ASSIST/Employee Name Input'

2018-12-07 11:41:56 - [TEST_STEP][PASSED] - delay: Delayed 2 second(s)

2018-12-07 11:41:58 - [MESSAGE][PASSED] - Delayed 2 second(s)

2018-12-07 11:41:58 - [TEST_STEP][PASSED] - click: Object: 'Object Repository/Final Object Repo/Page_Update Add New Employee - ASSIST/DatePicker Pop Up' is clicked on

2018-12-07 11:41:58 - [MESSAGE][PASSED] - Object: 'Object Repository/Final Object Repo/Page_Update Add New Employee - ASSIST/DatePicker Pop Up' is clicked on

2018-12-07 11:41:58 - [TEST_STEP][PASSED] - delay: Delayed 2 second(s)

2018-12-07 11:42:00 - [MESSAGE][PASSED] - Delayed 2 second(s)

2018-12-07 11:42:00 - [TEST_STEP][PASSED] - click: Object: 'Object Repository/Final Object Repo/Page_Update Add New Employee - ASSIST/DOB Month' is clicked on

2018-12-07 11:42:01 - [MESSAGE][PASSED] - Object: 'Object Repository/Final Object Repo/Page_Update Add New Employee - ASSIST/DOB Month' is clicked on

2018-12-07 11:42:01 - [TEST_STEP][PASSED] - Statement - selectMonth = com.kms.katalon.core.webui.keyword.WebUiBuiltInKeywords.modifyObjectProperty(selectMonth, "xpath", "equals", "//body/div/div/div/select/option[@value="" + CurrentMonth + ""]", true): Modify property of object successfully

2018-12-07 11:42:01 - [MESSAGE][PASSED] - Modify property of object successfully

2018-12-07 11:42:01 - [TEST_STEP][PASSED] - click: Object: '' is clicked on

2018-12-07 11:42:01 - [MESSAGE][PASSED] - Object: '' is clicked on

2018-12-07 11:42:01 - [TEST_STEP][PASSED] - click: Object: 'Object Repository/Final Object Repo/Page_Update Add New Employee - ASSIST/DOB Year' is clicked on

2018-12-07 11:42:01 - [MESSAGE][PASSED] - Object: 'Object Repository/Final Object Repo/Page_Update Add New Employee - ASSIST/DOB Year' is clicked on

2018-12-07 11:42:01 - [TEST_STEP][PASSED] - Statement - selectYear = com.kms.katalon.core.webui.keyword.WebUiBuiltInKeywords.modifyObjectProperty(selectYear, "xpath", "equals", "//div/div/div/select/option[@value="" + FiftysevenYrsBefore + ""]", true): Modify property of object successfully

2018-12-07 11:42:01 - [MESSAGE][PASSED] - Modify property of object successfully

2018-12-07 11:42:01 - [TEST_STEP][PASSED] - click: Object: '' is clicked on

2018-12-07 11:42:01 - [MESSAGE][PASSED] - Object: '' is clicked on

2018-12-07 11:42:01 - [TEST_STEP][PASSED] - Statement - UpdatedSelectDate = com.kms.katalon.core.webui.keyword.WebUiBuiltInKeywords.modifyObjectProperty(com.kms.katalon.core.testobject.ObjectRepository.findTestObject(Final Object Repo/Page_Update Add New Employee - ASSIST/DOB Date), "xpath", "equals", "//body/div/table/tbody/tr/td/a[text()="" + CurrentDate + ""]", true): Modify property of object successfully

2018-12-07 11:42:01 - [MESSAGE][PASSED] - Modify property of object successfully

2018-12-07 11:42:01 - [TEST_STEP][PASSED] - click: Object: 'Object Repository/Final Object Repo/Page_Update Add New Employee - ASSIST/DOB Date' is clicked on

2018-12-07 11:42:01 - [MESSAGE][PASSED] - Object: 'Object Repository/Final Object Repo/Page_Update Add New Employee - ASSIST/DOB Date' is clicked on

2018-12-07 11:42:01 - [TEST_STEP][PASSED] - click: Object: 'Object Repository/Final Object Repo/Page_Update Add New Employee - ASSIST/EmploymentStartDate Pop Up' is clicked on

2018-12-07 11:42:01 - [MESSAGE][PASSED] - Object: 'Object Repository/Final Object Repo/Page_Update Add New Employee - ASSIST/EmploymentStartDate Pop Up' is clicked on

2018-12-07 11:42:01 - [TEST_STEP][PASSED] - delay: Delayed 2 second(s)

2018-12-07 11:42:03 - [MESSAGE][PASSED] - Delayed 2 second(s)

2018-12-07 11:42:03 - [TEST_STEP][PASSED] - click: Object: 'Object Repository/Final Object Repo/Page_Update Add New Employee - ASSIST/Socso Employment StartDate Month' is clicked on

2018-12-07 11:42:04 - [MESSAGE][PASSED] - Object: 'Object Repository/Final Object Repo/Page_Update Add New Employee - ASSIST/Socso Employment StartDate Month' is clicked on

2018-12-07 11:42:04 - [TEST_STEP][PASSED] - delay: Delayed 1 second(s)

2018-12-07 11:42:05 - [MESSAGE][PASSED] - Delayed 1 second(s)

2018-12-07 11:42:05 - [TEST_STEP][PASSED] - click: Object: 'Object Repository/Final Object Repo/Page_Update Add New Employee - ASSIST/Select Socso Employement Startdate Month' is clicked on

2018-12-07 11:42:05 - [MESSAGE][PASSED] - Object: 'Object Repository/Final Object Repo/Page_Update Add New Employee - ASSIST/Select Socso Employement Startdate Month' is clicked on

2018-12-07 11:42:05 - [TEST_STEP][PASSED] - delay: Delayed 2 second(s)

2018-12-07 11:42:07 - [MESSAGE][PASSED] - Delayed 2 second(s)

2018-12-07 11:42:07 - [TEST_STEP][PASSED] - click: Object: 'Object Repository/Final Object Repo/Page_Update Add New Employee - ASSIST/Socso Employment StartDate Year' is clicked on

2018-12-07 11:42:07 - [MESSAGE][PASSED] - Object: 'Object Repository/Final Object Repo/Page_Update Add New Employee - ASSIST/Socso Employment StartDate Year' is clicked on

2018-12-07 11:42:07 - [TEST_STEP][PASSED] - delay: Delayed 1 second(s)

2018-12-07 11:42:08 - [MESSAGE][PASSED] - Delayed 1 second(s)

2018-12-07 11:42:08 - [TEST_STEP][PASSED] - click: Object: 'Object Repository/Final Object Repo/Page_Update Add New Employee - ASSIST/Select Socso Employment Startdate Year' is clicked on

2018-12-07 11:42:08 - [MESSAGE][PASSED] - Object: 'Object Repository/Final Object Repo/Page_Update Add New Employee - ASSIST/Select Socso Employment Startdate Year' is clicked on

2018-12-07 11:42:08 - [TEST_STEP][PASSED] - delay: Delayed 2 second(s)

2018-12-07 11:42:10 - [MESSAGE][PASSED] - Delayed 2 second(s)

2018-12-07 11:42:10 - [TEST_STEP][PASSED] - click: Object: 'Object Repository/Final Object Repo/Page_Update Add New Employee - ASSIST/Socso Employment Start Date Day' is clicked on

2018-12-07 11:42:10 - [MESSAGE][PASSED] - Object: 'Object Repository/Final Object Repo/Page_Update Add New Employee - ASSIST/Socso Employment Start Date Day' is clicked on

2018-12-07 11:42:10 - [TEST_STEP][PASSED] - delay: Delayed 2 second(s)

2018-12-07 11:42:12 - [MESSAGE][PASSED] - Delayed 2 second(s)

2018-12-07 11:42:12 - [TEST_STEP][PASSED] - click: Object: 'Object Repository/Final Object Repo/Page_Update Add New Employee - ASSIST/Save Button for Add Employee' is clicked on

2018-12-07 11:42:13 - [MESSAGE][PASSED] - Object: 'Object Repository/Final Object Repo/Page_Update Add New Employee - ASSIST/Save Button for Add Employee' is clicked on

2018-12-07 11:42:13 - [MESSAGE][PASSED] - Call Test Case 'Test Cases/Final Aug 2018 - PKS Automation/Registration Module/Workflow/Update Add New Employee/Template/Employee Adding/Employee Adding Action Repeat IC - set 1' successfully

2018-12-07 11:42:13 - [MESSAGE][PASSED] - Call Test Case 'Test Cases/Final Aug 2018 - PKS Automation/Registration Module/Workflow/Update Add New Employee/Template/Employee Adding/Employee Set Decider' successfully

2018-12-07 11:42:13 - [TEST_STEP][PASSED] - delay: Delayed 4 second(s)

2018-12-07 11:42:17 - [MESSAGE][PASSED] - Delayed 4 second(s)

2018-12-07 11:42:17 - [TEST_STEP][PASSED] - Statement - CaseReferenceNo = com.kms.katalon.core.webui.keyword.WebUiBuiltInKeywords.getText(com.kms.katalon.core.testobject.ObjectRepository.findTestObject(Final Object Repo/Page_Update Add New Employee - ASSIST/RefNo)): Text of object 'Object Repository/Final Object Repo/Page_Update Add New Employee - ASSIST/RefNo' is: 'CAN12201800002287'

2018-12-07 11:42:17 - [MESSAGE][PASSED] - Text of object 'Object Repository/Final Object Repo/Page_Update Add New Employee - ASSIST/RefNo' is: 'CAN12201800002287'

2018-12-07 11:42:17 - [TEST_STEP][PASSED] - callTestCase: Call Test Case 'Test Cases/Final Aug 2018 - PKS Automation/Common/Reference Number Setter' successfully

2018-12-07 11:42:17 - [TEST_CASE][PASSED] - Test Cases/Final Aug 2018 - PKS Automation/Common/Reference Number Setter: Test Cases/Final Aug 2018 - PKS Automation/Common/Reference Number Setter

2018-12-07 11:42:17 - [TEST_STEP][PASSED] - Statement - RefNoOldFile = new java.io.File(C://Users//Admin//Desktop//PKS//Automation Reference Point//KatalonReference.txt): null

2018-12-07 11:42:17 - [TEST_STEP][PASSED] - Statement - RefNoOldFile.delete(): null

2018-12-07 11:42:17 - [TEST_STEP][PASSED] - delay: Delayed 5 second(s)

2018-12-07 11:42:22 - [MESSAGE][PASSED] - Delayed 5 second(s)

2018-12-07 11:42:22 - [TEST_STEP][PASSED] - Statement - RefNo = new java.io.File(C://Users//Admin//Desktop//PKS//Automation Reference Point//KatalonReference.txt): null

2018-12-07 11:42:22 - [TEST_STEP][PASSED] - Statement - f2 = new java.io.FileWriter(RefNo, false): null

2018-12-07 11:42:22 - [TEST_STEP][PASSED] - Statement - f2.write(CaseReferenceNo): null

2018-12-07 11:42:22 - [TEST_STEP][PASSED] - Statement - f2.close(): null

2018-12-07 11:42:22 - [TEST_STEP][PASSED] - Statement - out.println("


" + CaseReferenceNo + "


"): null

2018-12-07 11:42:22 - [MESSAGE][PASSED] - Call Test Case 'Test Cases/Final Aug 2018 - PKS Automation/Common/Reference Number Setter' successfully

2018-12-07 11:42:22 - [TEST_STEP][PASSED] - delay: Delayed 5 second(s)

2018-12-07 11:42:27 - [MESSAGE][PASSED] - Delayed 5 second(s)

2018-12-07 11:42:27 - [TEST_STEP][PASSED] - click: Object: 'Object Repository/Final Object Repo/Page_Update Add New Employee - ASSIST/Save  Continue Button' is clicked on

2018-12-07 11:42:27 - [MESSAGE][PASSED] - Object: 'Object Repository/Final Object Repo/Page_Update Add New Employee - ASSIST/Save  Continue Button' is clicked on

2018-12-07 11:42:27 - [TEST_STEP][PASSED] - delay: Delayed 4 second(s)

2018-12-07 11:42:31 - [MESSAGE][PASSED] - Delayed 4 second(s)

2018-12-07 11:42:31 - [TEST_STEP][PASSED] - click: Object: 'Object Repository/Final Object Repo/Page_Update Add New Employee - ASSIST/Save  Continue Third Screen' is clicked on

2018-12-07 11:42:34 - [MESSAGE][PASSED] - Object: 'Object Repository/Final Object Repo/Page_Update Add New Employee - ASSIST/Save  Continue Third Screen' is clicked on

2018-12-07 11:42:34 - [TEST_STEP][PASSED] - delay: Delayed 4 second(s)

2018-12-07 11:42:38 - [MESSAGE][PASSED] - Delayed 4 second(s)

2018-12-07 11:42:38 - [TEST_STEP][PASSED] - click: Object: 'Object Repository/Final Object Repo/Page_Update Add New Employee - ASSIST/Save   Continue Supporting Doc Page' is clicked on

2018-12-07 11:42:39 - [MESSAGE][PASSED] - Object: 'Object Repository/Final Object Repo/Page_Update Add New Employee - ASSIST/Save   Continue Supporting Doc Page' is clicked on

2018-12-07 11:42:39 - [TEST_STEP][PASSED] - delay: Delayed 4 second(s)

2018-12-07 11:42:43 - [MESSAGE][PASSED] - Delayed 4 second(s)

2018-12-07 11:42:43 - [TEST_STEP][PASSED] - click: Object: 'Object Repository/Final Object Repo/Page_Update Add New Employee - ASSIST/Submit Button' is clicked on

2018-12-07 11:42:43 - [MESSAGE][PASSED] - Object: 'Object Repository/Final Object Repo/Page_Update Add New Employee - ASSIST/Submit Button' is clicked on

2018-12-07 11:42:43 - [TEST_STEP][PASSED] - delay: Delayed 4 second(s)

2018-12-07 11:42:47 - [MESSAGE][PASSED] - Delayed 4 second(s)

2018-12-07 11:42:47 - [TEST_STEP][PASSED] - click: Object: 'Object Repository/Final Object Repo/Page_Update Add New Employee - ASSIST/Confirm Submit Button' is clicked on

2018-12-07 11:42:47 - [MESSAGE][PASSED] - Object: 'Object Repository/Final Object Repo/Page_Update Add New Employee - ASSIST/Confirm Submit Button' is clicked on

2018-12-07 11:42:47 - [TEST_STEP][PASSED] - delay: Delayed 30 second(s)

2018-12-07 11:43:17 - [MESSAGE][PASSED] - Delayed 30 second(s)

2018-12-07 11:43:17 - [TEST_STEP][PASSED] - callTestCase: Call Test Case 'Test Cases/Final Aug 2018 - PKS Automation/Common/Screenshoting tool' successfully

2018-12-07 11:43:17 - [TEST_CASE][PASSED] - Test Cases/Final Aug 2018 - PKS Automation/Common/Screenshoting tool: Test Cases/Final Aug 2018 - PKS Automation/Common/Screenshoting tool

2018-12-07 11:43:17 - [TEST_STEP][PASSED] - delay: Delayed 15 second(s)

2018-12-07 11:43:32 - [MESSAGE][PASSED] - Delayed 15 second(s)

2018-12-07 11:43:32 - [TEST_STEP][PASSED] - Statement - driver = com.kms.katalon.core.webui.driver.DriverFactory.getWebDriver(): null

2018-12-07 11:43:32 - [TEST_STEP][PASSED] - Statement - driver.manage().timeouts().implicitlyWait(10, SECONDS): null

2018-12-07 11:43:32 - [TEST_STEP][PASSED] - Statement - PresavePath = KatalonScreenshots: null

2018-12-07 11:43:32 - [TEST_STEP][PASSED] - Statement - pathPrefix = "C:\Users\Public\Pictures\Sample Pictures\Katalon Screenshots\Automate Ending Screen": null

2018-12-07 11:43:32 - [TEST_STEP][PASSED] - Statement - finalPath = <not implemented yet for class: org.codehaus.groovy.ast.expr.EmptyExpression>: null

2018-12-07 11:43:32 - [TEST_STEP][PASSED] - Statement - scrFile = driver.getScreenshotAs(FILE): null

2018-12-07 11:43:32 - [TEST_STEP][PASSED] - Statement - PreSaveFile = new java.io.File(PresavePath): null

2018-12-07 11:43:32 - [TEST_STEP][PASSED] - Statement - counter = 0: null

2018-12-07 11:43:32 - [TEST_STEP][PASSED] - Statement - If (PreSaveFile.exists()): null

2018-12-07 11:43:32 - [TEST_STEP][PASSED] - Statement - While (PreSaveFile.exists()): null

2018-12-07 11:43:32 - [TEST_STEP][PASSED] - Statement - counter = counter + 1: null

2018-12-07 11:43:32 - [TEST_STEP][PASSED] - Statement - PreSaveFile = new java.io.File(((pathPrefix + java.lang.Integer.toString(counter)) + .png)): null

2018-12-07 11:43:32 - [TEST_STEP][PASSED] - Statement - counter = counter + 1: null

2018-12-07 11:43:32 - [TEST_STEP][PASSED] - Statement - PreSaveFile = new java.io.File(((pathPrefix + java.lang.Integer.toString(counter)) + .png)): null

2018-12-07 11:43:32 - [TEST_STEP][PASSED] - Statement - counter = counter + 1: null

2018-12-07 11:43:32 - [TEST_STEP][PASSED] - Statement - PreSaveFile = new java.io.File(((pathPrefix + java.lang.Integer.toString(counter)) + .png)): null

2018-12-07 11:43:32 - [TEST_STEP][PASSED] - Statement - counter = counter + 1: null

2018-12-07 11:43:32 - [TEST_STEP][PASSED] - Statement - PreSaveFile = new java.io.File(((pathPrefix + java.lang.Integer.toString(counter)) + .png)): null

2018-12-07 11:43:32 - [TEST_STEP][PASSED] - Statement - counter = counter + 1: null

2018-12-07 11:43:32 - [TEST_STEP][PASSED] - Statement - PreSaveFile = new java.io.File(((pathPrefix + java.lang.Integer.toString(counter)) + .png)): null

2018-12-07 11:43:32 - [TEST_STEP][PASSED] - Statement - counter = counter + 1: null

2018-12-07 11:43:32 - [TEST_STEP][PASSED] - Statement - PreSaveFile = new java.io.File(((pathPrefix + java.lang.Integer.toString(counter)) + .png)): null

2018-12-07 11:43:32 - [TEST_STEP][PASSED] - Statement - counter = counter + 1: null

2018-12-07 11:43:32 - [TEST_STEP][PASSED] - Statement - PreSaveFile = new java.io.File(((pathPrefix + java.lang.Integer.toString(counter)) + .png)): null

2018-12-07 11:43:32 - [TEST_STEP][PASSED] - Statement - counter = counter + 1: null

2018-12-07 11:43:32 - [TEST_STEP][PASSED] - Statement - PreSaveFile = new java.io.File(((pathPrefix + java.lang.Integer.toString(counter)) + .png)): null

2018-12-07 11:43:32 - [TEST_STEP][PASSED] - Statement - counter = counter + 1: null

2018-12-07 11:43:32 - [TEST_STEP][PASSED] - Statement - PreSaveFile = new java.io.File(((pathPrefix + java.lang.Integer.toString(counter)) + .png)): null

2018-12-07 11:43:32 - [TEST_STEP][PASSED] - Statement - counter = counter + 1: null

2018-12-07 11:43:32 - [TEST_STEP][PASSED] - Statement - PreSaveFile = new java.io.File(((pathPrefix + java.lang.Integer.toString(counter)) + .png)): null

2018-12-07 11:43:32 - [TEST_STEP][PASSED] - Statement - counter = counter + 1: null

2018-12-07 11:43:32 - [TEST_STEP][PASSED] - Statement - PreSaveFile = new java.io.File(((pathPrefix + java.lang.Integer.toString(counter)) + .png)): null

2018-12-07 11:43:32 - [TEST_STEP][PASSED] - Statement - counter = counter + 1: null

2018-12-07 11:43:32 - [TEST_STEP][PASSED] - Statement - PreSaveFile = new java.io.File(((pathPrefix + java.lang.Integer.toString(counter)) + .png)): null

2018-12-07 11:43:32 - [TEST_STEP][PASSED] - Statement - counter = counter + 1: null

2018-12-07 11:43:32 - [TEST_STEP][PASSED] - Statement - PreSaveFile = new java.io.File(((pathPrefix + java.lang.Integer.toString(counter)) + .png)): null

2018-12-07 11:43:32 - [TEST_STEP][PASSED] - Statement - counter = counter + 1: null

2018-12-07 11:43:32 - [TEST_STEP][PASSED] - Statement - PreSaveFile = new java.io.File(((pathPrefix + java.lang.Integer.toString(counter)) + .png)): null

2018-12-07 11:43:32 - [TEST_STEP][PASSED] - Statement - counter = counter + 1: null

2018-12-07 11:43:32 - [TEST_STEP][PASSED] - Statement - PreSaveFile = new java.io.File(((pathPrefix + java.lang.Integer.toString(counter)) + .png)): null

2018-12-07 11:43:32 - [TEST_STEP][PASSED] - Statement - counter = counter + 1: null

2018-12-07 11:43:32 - [TEST_STEP][PASSED] - Statement - PreSaveFile = new java.io.File(((pathPrefix + java.lang.Integer.toString(counter)) + .png)): null

2018-12-07 11:43:32 - [TEST_STEP][PASSED] - Statement - counter = counter + 1: null

2018-12-07 11:43:32 - [TEST_STEP][PASSED] - Statement - PreSaveFile = new java.io.File(((pathPrefix + java.lang.Integer.toString(counter)) + .png)): null

2018-12-07 11:43:32 - [TEST_STEP][PASSED] - Statement - counter = counter + 1: null

2018-12-07 11:43:33 - [TEST_STEP][PASSED] - Statement - PreSaveFile = new java.io.File(((pathPrefix + java.lang.Integer.toString(counter)) + .png)): null

2018-12-07 11:43:33 - [TEST_STEP][PASSED] - Statement - counter = counter + 1: null

2018-12-07 11:43:33 - [TEST_STEP][PASSED] - Statement - PreSaveFile = new java.io.File(((pathPrefix + java.lang.Integer.toString(counter)) + .png)): null

2018-12-07 11:43:33 - [TEST_STEP][PASSED] - Statement - counter = counter + 1: null

2018-12-07 11:43:33 - [TEST_STEP][PASSED] - Statement - PreSaveFile = new java.io.File(((pathPrefix + java.lang.Integer.toString(counter)) + .png)): null

2018-12-07 11:43:33 - [TEST_STEP][PASSED] - Statement - counter = counter + 1: null

2018-12-07 11:43:33 - [TEST_STEP][PASSED] - Statement - PreSaveFile = new java.io.File(((pathPrefix + java.lang.Integer.toString(counter)) + .png)): null

2018-12-07 11:43:33 - [TEST_STEP][PASSED] - Statement - counter = counter + 1: null

2018-12-07 11:43:33 - [TEST_STEP][PASSED] - Statement - PreSaveFile = new java.io.File(((pathPrefix + java.lang.Integer.toString(counter)) + .png)): null

2018-12-07 11:43:33 - [TEST_STEP][PASSED] - Statement - counter = counter + 1: null

2018-12-07 11:43:33 - [TEST_STEP][PASSED] - Statement - PreSaveFile = new java.io.File(((pathPrefix + java.lang.Integer.toString(counter)) + .png)): null

2018-12-07 11:43:33 - [TEST_STEP][PASSED] - Statement - counter = counter + 1: null

2018-12-07 11:43:33 - [TEST_STEP][PASSED] - Statement - PreSaveFile = new java.io.File(((pathPrefix + java.lang.Integer.toString(counter)) + .png)): null

2018-12-07 11:43:33 - [TEST_STEP][PASSED] - Statement - counter = counter + 1: null

2018-12-07 11:43:33 - [TEST_STEP][PASSED] - Statement - PreSaveFile = new java.io.File(((pathPrefix + java.lang.Integer.toString(counter)) + .png)): null

2018-12-07 11:43:33 - [TEST_STEP][PASSED] - Statement - counter = counter + 1: null

2018-12-07 11:43:33 - [TEST_STEP][PASSED] - Statement - PreSaveFile = new java.io.File(((pathPrefix + java.lang.Integer.toString(counter)) + .png)): null

2018-12-07 11:43:33 - [TEST_STEP][PASSED] - Statement - counter = counter + 1: null

2018-12-07 11:43:33 - [TEST_STEP][PASSED] - Statement - PreSaveFile = new java.io.File(((pathPrefix + java.lang.Integer.toString(counter)) + .png)): null

2018-12-07 11:43:33 - [TEST_STEP][PASSED] - Statement - counter = counter + 1: null

2018-12-07 11:43:33 - [TEST_STEP][PASSED] - Statement - PreSaveFile = new java.io.File(((pathPrefix + java.lang.Integer.toString(counter)) + .png)): null

2018-12-07 11:43:33 - [TEST_STEP][PASSED] - Statement - counter = counter + 1: null

2018-12-07 11:43:33 - [TEST_STEP][PASSED] - Statement - PreSaveFile = new java.io.File(((pathPrefix + java.lang.Integer.toString(counter)) + .png)): null

2018-12-07 11:43:33 - [TEST_STEP][PASSED] - Statement - counter = counter + 1: null

2018-12-07 11:43:33 - [TEST_STEP][PASSED] - Statement - PreSaveFile = new java.io.File(((pathPrefix + java.lang.Integer.toString(counter)) + .png)): null

2018-12-07 11:43:33 - [TEST_STEP][PASSED] - Statement - counter = counter + 1: null

2018-12-07 11:43:33 - [TEST_STEP][PASSED] - Statement - PreSaveFile = new java.io.File(((pathPrefix + java.lang.Integer.toString(counter)) + .png)): null

2018-12-07 11:43:33 - [TEST_STEP][PASSED] - Statement - counter = counter + 1: null

2018-12-07 11:43:33 - [TEST_STEP][PASSED] - Statement - PreSaveFile = new java.io.File(((pathPrefix + java.lang.Integer.toString(counter)) + .png)): null

2018-12-07 11:43:34 - [TEST_STEP][PASSED] - Statement - counter = counter + 1: null

2018-12-07 11:43:34 - [TEST_STEP][PASSED] - Statement - PreSaveFile = new java.io.File(((pathPrefix + java.lang.Integer.toString(counter)) + .png)): null

2018-12-07 11:43:34 - [TEST_STEP][PASSED] - Statement - counter = counter + 1: null

2018-12-07 11:43:34 - [TEST_STEP][PASSED] - Statement - PreSaveFile = new java.io.File(((pathPrefix + java.lang.Integer.toString(counter)) + .png)): null

2018-12-07 11:43:34 - [TEST_STEP][PASSED] - Statement - counter = counter + 1: null

2018-12-07 11:43:34 - [TEST_STEP][PASSED] - Statement - PreSaveFile = new java.io.File(((pathPrefix + java.lang.Integer.toString(counter)) + .png)): null

2018-12-07 11:43:34 - [TEST_STEP][PASSED] - Statement - counter = counter + 1: null

2018-12-07 11:43:34 - [TEST_STEP][PASSED] - Statement - PreSaveFile = new java.io.File(((pathPrefix + java.lang.Integer.toString(counter)) + .png)): null

2018-12-07 11:43:34 - [TEST_STEP][PASSED] - Statement - counter = counter + 1: null

2018-12-07 11:43:34 - [TEST_STEP][PASSED] - Statement - PreSaveFile = new java.io.File(((pathPrefix + java.lang.Integer.toString(counter)) + .png)): null

2018-12-07 11:43:34 - [TEST_STEP][PASSED] - Statement - counter = counter + 1: null

2018-12-07 11:43:34 - [TEST_STEP][PASSED] - Statement - PreSaveFile = new java.io.File(((pathPrefix + java.lang.Integer.toString(counter)) + .png)): null

2018-12-07 11:43:34 - [TEST_STEP][PASSED] - Statement - counter = counter + 1: null

2018-12-07 11:43:34 - [TEST_STEP][PASSED] - Statement - PreSaveFile = new java.io.File(((pathPrefix + java.lang.Integer.toString(counter)) + .png)): null

2018-12-07 11:43:34 - [TEST_STEP][PASSED] - Statement - counter = counter + 1: null

2018-12-07 11:43:34 - [TEST_STEP][PASSED] - Statement - PreSaveFile = new java.io.File(((pathPrefix + java.lang.Integer.toString(counter)) + .png)): null

2018-12-07 11:43:34 - [TEST_STEP][PASSED] - Statement - counter = counter + 1: null

2018-12-07 11:43:34 - [TEST_STEP][PASSED] - Statement - PreSaveFile = new java.io.File(((pathPrefix + java.lang.Integer.toString(counter)) + .png)): null

2018-12-07 11:43:34 - [TEST_STEP][PASSED] - Statement - counter = counter + 1: null

2018-12-07 11:43:34 - [TEST_STEP][PASSED] - Statement - PreSaveFile = new java.io.File(((pathPrefix + java.lang.Integer.toString(counter)) + .png)): null

2018-12-07 11:43:34 - [TEST_STEP][PASSED] - Statement - counter = counter + 1: null

2018-12-07 11:43:34 - [TEST_STEP][PASSED] - Statement - PreSaveFile = new java.io.File(((pathPrefix + java.lang.Integer.toString(counter)) + .png)): null

2018-12-07 11:43:34 - [TEST_STEP][PASSED] - Statement - counter = counter + 1: null

2018-12-07 11:43:34 - [TEST_STEP][PASSED] - Statement - PreSaveFile = new java.io.File(((pathPrefix + java.lang.Integer.toString(counter)) + .png)): null

2018-12-07 11:43:34 - [TEST_STEP][PASSED] - Statement - counter = counter + 1: null

2018-12-07 11:43:34 - [TEST_STEP][PASSED] - Statement - PreSaveFile = new java.io.File(((pathPrefix + java.lang.Integer.toString(counter)) + .png)): null

2018-12-07 11:43:34 - [TEST_STEP][PASSED] - Statement - counter = counter + 1: null

2018-12-07 11:43:34 - [TEST_STEP][PASSED] - Statement - PreSaveFile = new java.io.File(((pathPrefix + java.lang.Integer.toString(counter)) + .png)): null

2018-12-07 11:43:34 - [TEST_STEP][PASSED] - Statement - counter = counter + 1: null

2018-12-07 11:43:34 - [TEST_STEP][PASSED] - Statement - PreSaveFile = new java.io.File(((pathPrefix + java.lang.Integer.toString(counter)) + .png)): null

2018-12-07 11:43:34 - [TEST_STEP][PASSED] - Statement - counter = counter + 1: null

2018-12-07 11:43:35 - [TEST_STEP][PASSED] - Statement - PreSaveFile = new java.io.File(((pathPrefix + java.lang.Integer.toString(counter)) + .png)): null

2018-12-07 11:43:35 - [TEST_STEP][PASSED] - Statement - counter = counter + 1: null

2018-12-07 11:43:35 - [TEST_STEP][PASSED] - Statement - PreSaveFile = new java.io.File(((pathPrefix + java.lang.Integer.toString(counter)) + .png)): null

2018-12-07 11:43:35 - [TEST_STEP][PASSED] - Statement - counter = counter + 1: null

2018-12-07 11:43:35 - [TEST_STEP][PASSED] - Statement - PreSaveFile = new java.io.File(((pathPrefix + java.lang.Integer.toString(counter)) + .png)): null

2018-12-07 11:43:35 - [TEST_STEP][PASSED] - Statement - counter = counter + 1: null

2018-12-07 11:43:35 - [TEST_STEP][PASSED] - Statement - PreSaveFile = new java.io.File(((pathPrefix + java.lang.Integer.toString(counter)) + .png)): null

2018-12-07 11:43:35 - [TEST_STEP][PASSED] - Statement - counter = counter + 1: null

2018-12-07 11:43:35 - [TEST_STEP][PASSED] - Statement - PreSaveFile = new java.io.File(((pathPrefix + java.lang.Integer.toString(counter)) + .png)): null

2018-12-07 11:43:35 - [TEST_STEP][PASSED] - Statement - counter = counter + 1: null

2018-12-07 11:43:35 - [TEST_STEP][PASSED] - Statement - PreSaveFile = new java.io.File(((pathPrefix + java.lang.Integer.toString(counter)) + .png)): null

2018-12-07 11:43:35 - [TEST_STEP][PASSED] - Statement - counter = counter + 1: null

2018-12-07 11:43:35 - [TEST_STEP][PASSED] - Statement - PreSaveFile = new java.io.File(((pathPrefix + java.lang.Integer.toString(counter)) + .png)): null

2018-12-07 11:43:35 - [TEST_STEP][PASSED] - Statement - counter = counter + 1: null

2018-12-07 11:43:35 - [TEST_STEP][PASSED] - Statement - PreSaveFile = new java.io.File(((pathPrefix + java.lang.Integer.toString(counter)) + .png)): null

2018-12-07 11:43:35 - [TEST_STEP][PASSED] - Statement - counter = counter + 1: null

2018-12-07 11:43:35 - [TEST_STEP][PASSED] - Statement - PreSaveFile = new java.io.File(((pathPrefix + java.lang.Integer.toString(counter)) + .png)): null

2018-12-07 11:43:35 - [TEST_STEP][PASSED] - Statement - counter = counter + 1: null

2018-12-07 11:43:35 - [TEST_STEP][PASSED] - Statement - PreSaveFile = new java.io.File(((pathPrefix + java.lang.Integer.toString(counter)) + .png)): null

2018-12-07 11:43:35 - [TEST_STEP][PASSED] - Statement - counter = counter + 1: null

2018-12-07 11:43:35 - [TEST_STEP][PASSED] - Statement - PreSaveFile = new java.io.File(((pathPrefix + java.lang.Integer.toString(counter)) + .png)): null

2018-12-07 11:43:35 - [TEST_STEP][PASSED] - Statement - counter = counter + 1: null

2018-12-07 11:43:35 - [TEST_STEP][PASSED] - Statement - PreSaveFile = new java.io.File(((pathPrefix + java.lang.Integer.toString(counter)) + .png)): null

2018-12-07 11:43:35 - [TEST_STEP][PASSED] - Statement - counter = counter + 1: null

2018-12-07 11:43:35 - [TEST_STEP][PASSED] - Statement - PreSaveFile = new java.io.File(((pathPrefix + java.lang.Integer.toString(counter)) + .png)): null

2018-12-07 11:43:35 - [TEST_STEP][PASSED] - Statement - counter = counter + 1: null

2018-12-07 11:43:35 - [TEST_STEP][PASSED] - Statement - PreSaveFile = new java.io.File(((pathPrefix + java.lang.Integer.toString(counter)) + .png)): null

2018-12-07 11:43:35 - [TEST_STEP][PASSED] - Statement - counter = counter + 1: null

2018-12-07 11:43:36 - [TEST_STEP][PASSED] - Statement - PreSaveFile = new java.io.File(((pathPrefix + java.lang.Integer.toString(counter)) + .png)): null

2018-12-07 11:43:36 - [TEST_STEP][PASSED] - Statement - counter = counter + 1: null

2018-12-07 11:43:36 - [TEST_STEP][PASSED] - Statement - PreSaveFile = new java.io.File(((pathPrefix + java.lang.Integer.toString(counter)) + .png)): null

2018-12-07 11:43:36 - [TEST_STEP][PASSED] - Statement - counter = counter + 1: null

2018-12-07 11:43:36 - [TEST_STEP][PASSED] - Statement - PreSaveFile = new java.io.File(((pathPrefix + java.lang.Integer.toString(counter)) + .png)): null

2018-12-07 11:43:36 - [TEST_STEP][PASSED] - Statement - counter = counter + 1: null

2018-12-07 11:43:36 - [TEST_STEP][PASSED] - Statement - PreSaveFile = new java.io.File(((pathPrefix + java.lang.Integer.toString(counter)) + .png)): null

2018-12-07 11:43:36 - [TEST_STEP][PASSED] - Statement - counter = counter + 1: null

2018-12-07 11:43:36 - [TEST_STEP][PASSED] - Statement - PreSaveFile = new java.io.File(((pathPrefix + java.lang.Integer.toString(counter)) + .png)): null

2018-12-07 11:43:36 - [TEST_STEP][PASSED] - Statement - counter = counter + 1: null

2018-12-07 11:43:36 - [TEST_STEP][PASSED] - Statement - PreSaveFile = new java.io.File(((pathPrefix + java.lang.Integer.toString(counter)) + .png)): null

2018-12-07 11:43:36 - [TEST_STEP][PASSED] - Statement - counter = counter + 1: null

2018-12-07 11:43:36 - [TEST_STEP][PASSED] - Statement - PreSaveFile = new java.io.File(((pathPrefix + java.lang.Integer.toString(counter)) + .png)): null

2018-12-07 11:43:36 - [TEST_STEP][PASSED] - Statement - counter = counter + 1: null

2018-12-07 11:43:36 - [TEST_STEP][PASSED] - Statement - PreSaveFile = new java.io.File(((pathPrefix + java.lang.Integer.toString(counter)) + .png)): null

2018-12-07 11:43:36 - [TEST_STEP][PASSED] - Statement - counter = counter + 1: null

2018-12-07 11:43:36 - [TEST_STEP][PASSED] - Statement - PreSaveFile = new java.io.File(((pathPrefix + java.lang.Integer.toString(counter)) + .png)): null

2018-12-07 11:43:36 - [TEST_STEP][PASSED] - Statement - counter = counter + 1: null

2018-12-07 11:43:36 - [TEST_STEP][PASSED] - Statement - PreSaveFile = new java.io.File(((pathPrefix + java.lang.Integer.toString(counter)) + .png)): null

2018-12-07 11:43:36 - [TEST_STEP][PASSED] - Statement - counter = counter + 1: null

2018-12-07 11:43:36 - [TEST_STEP][PASSED] - Statement - PreSaveFile = new java.io.File(((pathPrefix + java.lang.Integer.toString(counter)) + .png)): null

2018-12-07 11:43:36 - [TEST_STEP][PASSED] - Statement - counter = counter + 1: null

2018-12-07 11:43:36 - [TEST_STEP][PASSED] - Statement - PreSaveFile = new java.io.File(((pathPrefix + java.lang.Integer.toString(counter)) + .png)): null

2018-12-07 11:43:36 - [TEST_STEP][PASSED] - Statement - counter = counter + 1: null

2018-12-07 11:43:36 - [TEST_STEP][PASSED] - Statement - PreSaveFile = new java.io.File(((pathPrefix + java.lang.Integer.toString(counter)) + .png)): null

2018-12-07 11:43:36 - [TEST_STEP][PASSED] - Statement - counter = counter + 1: null

2018-12-07 11:43:36 - [TEST_STEP][PASSED] - Statement - PreSaveFile = new java.io.File(((pathPrefix + java.lang.Integer.toString(counter)) + .png)): null

2018-12-07 11:43:36 - [TEST_STEP][PASSED] - Statement - counter = counter + 1: null

2018-12-07 11:43:36 - [TEST_STEP][PASSED] - Statement - PreSaveFile = new java.io.File(((pathPrefix + java.lang.Integer.toString(counter)) + .png)): null

2018-12-07 11:43:36 - [TEST_STEP][PASSED] - Statement - counter = counter + 1: null

2018-12-07 11:43:36 - [TEST_STEP][PASSED] - Statement - PreSaveFile = new java.io.File(((pathPrefix + java.lang.Integer.toString(counter)) + .png)): null

2018-12-07 11:43:36 - [TEST_STEP][PASSED] - Statement - counter = counter + 1: null

2018-12-07 11:43:36 - [TEST_STEP][PASSED] - Statement - PreSaveFile = new java.io.File(((pathPrefix + java.lang.Integer.toString(counter)) + .png)): null

2018-12-07 11:43:36 - [TEST_STEP][PASSED] - Statement - counter = counter + 1: null

2018-12-07 11:43:36 - [TEST_STEP][PASSED] - Statement - PreSaveFile = new java.io.File(((pathPrefix + java.lang.Integer.toString(counter)) + .png)): null

2018-12-07 11:43:36 - [TEST_STEP][PASSED] - Statement - counter = counter + 1: null

2018-12-07 11:43:36 - [TEST_STEP][PASSED] - Statement - PreSaveFile = new java.io.File(((pathPrefix + java.lang.Integer.toString(counter)) + .png)): null

2018-12-07 11:43:36 - [TEST_STEP][PASSED] - Statement - counter = counter + 1: null

2018-12-07 11:43:36 - [TEST_STEP][PASSED] - Statement - PreSaveFile = new java.io.File(((pathPrefix + java.lang.Integer.toString(counter)) + .png)): null

2018-12-07 11:43:37 - [TEST_STEP][PASSED] - Statement - counter = counter + 1: null

2018-12-07 11:43:37 - [TEST_STEP][PASSED] - Statement - PreSaveFile = new java.io.File(((pathPrefix + java.lang.Integer.toString(counter)) + .png)): null

2018-12-07 11:43:37 - [TEST_STEP][PASSED] - Statement - counter = counter + 1: null

2018-12-07 11:43:37 - [TEST_STEP][PASSED] - Statement - PreSaveFile = new java.io.File(((pathPrefix + java.lang.Integer.toString(counter)) + .png)): null

2018-12-07 11:43:37 - [TEST_STEP][PASSED] - Statement - counter = counter + 1: null

2018-12-07 11:43:37 - [TEST_STEP][PASSED] - Statement - PreSaveFile = new java.io.File(((pathPrefix + java.lang.Integer.toString(counter)) + .png)): null

2018-12-07 11:43:37 - [TEST_STEP][PASSED] - Statement - counter = counter + 1: null

2018-12-07 11:43:37 - [TEST_STEP][PASSED] - Statement - PreSaveFile = new java.io.File(((pathPrefix + java.lang.Integer.toString(counter)) + .png)): null

2018-12-07 11:43:37 - [TEST_STEP][PASSED] - Statement - counter = counter + 1: null

2018-12-07 11:43:37 - [TEST_STEP][PASSED] - Statement - PreSaveFile = new java.io.File(((pathPrefix + java.lang.Integer.toString(counter)) + .png)): null

2018-12-07 11:43:37 - [TEST_STEP][PASSED] - Statement - counter = counter + 1: null

2018-12-07 11:43:37 - [TEST_STEP][PASSED] - Statement - PreSaveFile = new java.io.File(((pathPrefix + java.lang.Integer.toString(counter)) + .png)): null

2018-12-07 11:43:37 - [TEST_STEP][PASSED] - Statement - counter = counter + 1: null

2018-12-07 11:43:37 - [TEST_STEP][PASSED] - Statement - PreSaveFile = new java.io.File(((pathPrefix + java.lang.Integer.toString(counter)) + .png)): null

2018-12-07 11:43:37 - [TEST_STEP][PASSED] - Statement - counter = counter + 1: null

2018-12-07 11:43:37 - [TEST_STEP][PASSED] - Statement - PreSaveFile = new java.io.File(((pathPrefix + java.lang.Integer.toString(counter)) + .png)): null

2018-12-07 11:43:37 - [TEST_STEP][PASSED] - Statement - counter = counter + 1: null

2018-12-07 11:43:37 - [TEST_STEP][PASSED] - Statement - PreSaveFile = new java.io.File(((pathPrefix + java.lang.Integer.toString(counter)) + .png)): null

2018-12-07 11:43:37 - [TEST_STEP][PASSED] - Statement - counter = counter + 1: null

2018-12-07 11:43:37 - [TEST_STEP][PASSED] - Statement - PreSaveFile = new java.io.File(((pathPrefix + java.lang.Integer.toString(counter)) + .png)): null

2018-12-07 11:43:37 - [TEST_STEP][PASSED] - Statement - counter = counter + 1: null

2018-12-07 11:43:37 - [TEST_STEP][PASSED] - Statement - PreSaveFile = new java.io.File(((pathPrefix + java.lang.Integer.toString(counter)) + .png)): null

2018-12-07 11:43:37 - [TEST_STEP][PASSED] - Statement - counter = counter + 1: null

2018-12-07 11:43:37 - [TEST_STEP][PASSED] - Statement - PreSaveFile = new java.io.File(((pathPrefix + java.lang.Integer.toString(counter)) + .png)): null

2018-12-07 11:43:37 - [TEST_STEP][PASSED] - Statement - counter = counter + 1: null

2018-12-07 11:43:37 - [TEST_STEP][PASSED] - Statement - PreSaveFile = new java.io.File(((pathPrefix + java.lang.Integer.toString(counter)) + .png)): null

2018-12-07 11:43:37 - [TEST_STEP][PASSED] - Statement - counter = counter + 1: null

2018-12-07 11:43:37 - [TEST_STEP][PASSED] - Statement - PreSaveFile = new java.io.File(((pathPrefix + java.lang.Integer.toString(counter)) + .png)): null

2018-12-07 11:43:37 - [TEST_STEP][PASSED] - Statement - counter = counter + 1: null

2018-12-07 11:43:38 - [TEST_STEP][PASSED] - Statement - PreSaveFile = new java.io.File(((pathPrefix + java.lang.Integer.toString(counter)) + .png)): null

2018-12-07 11:43:38 - [TEST_STEP][PASSED] - Statement - counter = counter + 1: null

2018-12-07 11:43:38 - [TEST_STEP][PASSED] - Statement - PreSaveFile = new java.io.File(((pathPrefix + java.lang.Integer.toString(counter)) + .png)): null

2018-12-07 11:43:38 - [TEST_STEP][PASSED] - Statement - counter = counter + 1: null

2018-12-07 11:43:38 - [TEST_STEP][PASSED] - Statement - PreSaveFile = new java.io.File(((pathPrefix + java.lang.Integer.toString(counter)) + .png)): null

2018-12-07 11:43:38 - [TEST_STEP][PASSED] - Statement - counter = counter + 1: null

2018-12-07 11:43:38 - [TEST_STEP][PASSED] - Statement - PreSaveFile = new java.io.File(((pathPrefix + java.lang.Integer.toString(counter)) + .png)): null

2018-12-07 11:43:38 - [TEST_STEP][PASSED] - Statement - counter = counter + 1: null

2018-12-07 11:43:38 - [TEST_STEP][PASSED] - Statement - PreSaveFile = new java.io.File(((pathPrefix + java.lang.Integer.toString(counter)) + .png)): null

2018-12-07 11:43:38 - [TEST_STEP][PASSED] - Statement - counter = counter + 1: null

2018-12-07 11:43:38 - [TEST_STEP][PASSED] - Statement - PreSaveFile = new java.io.File(((pathPrefix + java.lang.Integer.toString(counter)) + .png)): null

2018-12-07 11:43:38 - [TEST_STEP][PASSED] - Statement - counter = counter + 1: null

2018-12-07 11:43:38 - [TEST_STEP][PASSED] - Statement - PreSaveFile = new java.io.File(((pathPrefix + java.lang.Integer.toString(counter)) + .png)): null

2018-12-07 11:43:38 - [TEST_STEP][PASSED] - Statement - counter = counter + 1: null

2018-12-07 11:43:38 - [TEST_STEP][PASSED] - Statement - PreSaveFile = new java.io.File(((pathPrefix + java.lang.Integer.toString(counter)) + .png)): null

2018-12-07 11:43:38 - [TEST_STEP][PASSED] - Statement - counter = counter + 1: null

2018-12-07 11:43:38 - [TEST_STEP][PASSED] - Statement - PreSaveFile = new java.io.File(((pathPrefix + java.lang.Integer.toString(counter)) + .png)): null

2018-12-07 11:43:38 - [TEST_STEP][PASSED] - Statement - counter = counter + 1: null

2018-12-07 11:43:38 - [TEST_STEP][PASSED] - Statement - PreSaveFile = new java.io.File(((pathPrefix + java.lang.Integer.toString(counter)) + .png)): null

2018-12-07 11:43:38 - [TEST_STEP][PASSED] - Statement - counter = counter + 1: null

2018-12-07 11:43:38 - [TEST_STEP][PASSED] - Statement - PreSaveFile = new java.io.File(((pathPrefix + java.lang.Integer.toString(counter)) + .png)): null

2018-12-07 11:43:38 - [TEST_STEP][PASSED] - Statement - counter = counter + 1: null

2018-12-07 11:43:38 - [TEST_STEP][PASSED] - Statement - PreSaveFile = new java.io.File(((pathPrefix + java.lang.Integer.toString(counter)) + .png)): null

2018-12-07 11:43:38 - [TEST_STEP][PASSED] - Statement - counter = counter + 1: null

2018-12-07 11:43:38 - [TEST_STEP][PASSED] - Statement - PreSaveFile = new java.io.File(((pathPrefix + java.lang.Integer.toString(counter)) + .png)): null

2018-12-07 11:43:38 - [TEST_STEP][PASSED] - Statement - counter = counter + 1: null

2018-12-07 11:43:38 - [TEST_STEP][PASSED] - Statement - PreSaveFile = new java.io.File(((pathPrefix + java.lang.Integer.toString(counter)) + .png)): null

2018-12-07 11:43:38 - [TEST_STEP][PASSED] - Statement - counter = counter + 1: null

2018-12-07 11:43:39 - [TEST_STEP][PASSED] - Statement - PreSaveFile = new java.io.File(((pathPrefix + java.lang.Integer.toString(counter)) + .png)): null

2018-12-07 11:43:39 - [TEST_STEP][PASSED] - Statement - counter = counter + 1: null

2018-12-07 11:43:39 - [TEST_STEP][PASSED] - Statement - PreSaveFile = new java.io.File(((pathPrefix + java.lang.Integer.toString(counter)) + .png)): null

2018-12-07 11:43:39 - [TEST_STEP][PASSED] - Statement - counter = counter + 1: null

2018-12-07 11:43:39 - [TEST_STEP][PASSED] - Statement - PreSaveFile = new java.io.File(((pathPrefix + java.lang.Integer.toString(counter)) + .png)): null

2018-12-07 11:43:39 - [TEST_STEP][PASSED] - Statement - counter = counter + 1: null

2018-12-07 11:43:39 - [TEST_STEP][PASSED] - Statement - PreSaveFile = new java.io.File(((pathPrefix + java.lang.Integer.toString(counter)) + .png)): null

2018-12-07 11:43:39 - [TEST_STEP][PASSED] - Statement - counter = counter + 1: null

2018-12-07 11:43:39 - [TEST_STEP][PASSED] - Statement - PreSaveFile = new java.io.File(((pathPrefix + java.lang.Integer.toString(counter)) + .png)): null

2018-12-07 11:43:39 - [TEST_STEP][PASSED] - Statement - counter = counter + 1: null

2018-12-07 11:43:39 - [TEST_STEP][PASSED] - Statement - PreSaveFile = new java.io.File(((pathPrefix + java.lang.Integer.toString(counter)) + .png)): null

2018-12-07 11:43:39 - [TEST_STEP][PASSED] - Statement - counter = counter + 1: null

2018-12-07 11:43:39 - [TEST_STEP][PASSED] - Statement - PreSaveFile = new java.io.File(((pathPrefix + java.lang.Integer.toString(counter)) + .png)): null

2018-12-07 11:43:39 - [TEST_STEP][PASSED] - Statement - counter = counter + 1: null

2018-12-07 11:43:39 - [TEST_STEP][PASSED] - Statement - PreSaveFile = new java.io.File(((pathPrefix + java.lang.Integer.toString(counter)) + .png)): null

2018-12-07 11:43:39 - [TEST_STEP][PASSED] - Statement - counter = counter + 1: null

2018-12-07 11:43:39 - [TEST_STEP][PASSED] - Statement - PreSaveFile = new java.io.File(((pathPrefix + java.lang.Integer.toString(counter)) + .png)): null

2018-12-07 11:43:39 - [TEST_STEP][PASSED] - Statement - counter = counter + 1: null

2018-12-07 11:43:39 - [TEST_STEP][PASSED] - Statement - PreSaveFile = new java.io.File(((pathPrefix + java.lang.Integer.toString(counter)) + .png)): null

2018-12-07 11:43:39 - [TEST_STEP][PASSED] - Statement - counter = counter + 1: null

2018-12-07 11:43:39 - [TEST_STEP][PASSED] - Statement - PreSaveFile = new java.io.File(((pathPrefix + java.lang.Integer.toString(counter)) + .png)): null

2018-12-07 11:43:39 - [TEST_STEP][PASSED] - Statement - counter = counter + 1: null

2018-12-07 11:43:39 - [TEST_STEP][PASSED] - Statement - PreSaveFile = new java.io.File(((pathPrefix + java.lang.Integer.toString(counter)) + .png)): null

2018-12-07 11:43:39 - [TEST_STEP][PASSED] - Statement - counter = counter + 1: null

2018-12-07 11:43:39 - [TEST_STEP][PASSED] - Statement - PreSaveFile = new java.io.File(((pathPrefix + java.lang.Integer.toString(counter)) + .png)): null

2018-12-07 11:43:39 - [TEST_STEP][PASSED] - Statement - counter = counter + 1: null

2018-12-07 11:43:39 - [TEST_STEP][PASSED] - Statement - PreSaveFile = new java.io.File(((pathPrefix + java.lang.Integer.toString(counter)) + .png)): null

2018-12-07 11:43:39 - [TEST_STEP][PASSED] - Statement - finalPath = pathPrefix + java.lang.Integer.toString(counter) + ".png": null

2018-12-07 11:43:40 - [TEST_STEP][PASSED] - Statement - SaveFile = new java.io.File(finalPath): null

2018-12-07 11:43:40 - [TEST_STEP][PASSED] - Statement - Try: null

2018-12-07 11:43:40 - [TEST_STEP][PASSED] - Statement - org.apache.commons.io.FileUtils.copyFile(scrFile, SaveFile): null

2018-12-07 11:43:40 - [TEST_STEP][PASSED] - Statement - out.println("file kept"): null

2018-12-07 11:43:40 - [TEST_STEP][PASSED] - delay: Delayed 10 second(s)

2018-12-07 11:43:50 - [MESSAGE][PASSED] - Delayed 10 second(s)

2018-12-07 11:43:50 - [MESSAGE][PASSED] - Call Test Case 'Test Cases/Final Aug 2018 - PKS Automation/Common/Screenshoting tool' successfully

2018-12-07 11:43:50 - [TEST_STEP][PASSED] - callTestCase: Call Test Case 'Test Cases/Final Aug 2018 - PKS Automation/Registration Module/Log Out/log out avoiding katalon tagging' successfully

2018-12-07 11:43:50 - [TEST_CASE][PASSED] - Test Cases/Final Aug 2018 - PKS Automation/Registration Module/Log Out/log out avoiding katalon tagging: Test Cases/Final Aug 2018 - PKS Automation/Registration Module/Log Out/log out avoiding katalon tagging

2018-12-07 11:43:50 - [TEST_STEP][PASSED] - navigateToUrl: Navigate to 'https://assist2-uat.perkeso.gov.my/c/portal/logout' successfully

2018-12-07 11:43:50 - [MESSAGE][PASSED] - Navigate to 'https://assist2-uat.perkeso.gov.my/c/portal/logout' successfully

2018-12-07 11:43:50 - [MESSAGE][PASSED] - Call Test Case 'Test Cases/Final Aug 2018 - PKS Automation/Registration Module/Log Out/log out avoiding katalon tagging' successfully

2018-12-07 11:43:50 - [TEST_STEP][PASSED] - callTestCase: Call Test Case 'Test Cases/Final Aug 2018 - PKS Automation/Common/Workflow Owner Finder' successfully

2018-12-07 11:43:51 - [TEST_CASE][PASSED] - Test Cases/Final Aug 2018 - PKS Automation/Common/Workflow Owner Finder: Test Cases/Final Aug 2018 - PKS Automation/Common/Workflow Owner Finder

2018-12-07 11:43:51 - [TEST_STEP][PASSED] - openBrowser: Browser is opened with url: ''

2018-12-07 11:43:51 - [MESSAGE][WARNING] - A browser is already opened. Closing browser and opening a new one

2018-12-07 11:43:54 - [MESSAGE][PASSED] - Browser is opened with url: ''

2018-12-07 11:43:54 - [TEST_STEP][PASSED] - navigateToUrl: Navigate to 'https://assist2-uat.perkeso.gov.my/login' successfully

2018-12-07 11:43:55 - [MESSAGE][PASSED] - Navigate to 'https://assist2-uat.perkeso.gov.my/login' successfully

2018-12-07 11:43:55 - [TEST_STEP][PASSED] - delay: Delayed 5 second(s)

2018-12-07 11:44:00 - [MESSAGE][PASSED] - Delayed 5 second(s)

2018-12-07 11:44:00 - [TEST_STEP][PASSED] - setText: Text 'test@liferay.com' is set on object 'Object Repository/Final Object Repo/Login Page/Internal User/Email Address'

2018-12-07 11:44:00 - [MESSAGE][PASSED] - Text 'test@liferay.com' is set on object 'Object Repository/Final Object Repo/Login Page/Internal User/Email Address'

2018-12-07 11:44:00 - [TEST_STEP][PASSED] - click: Object: 'Object Repository/Final Object Repo/Login Page/Internal User/Next Button' is clicked on

2018-12-07 11:44:00 - [MESSAGE][PASSED] - Object: 'Object Repository/Final Object Repo/Login Page/Internal User/Next Button' is clicked on

2018-12-07 11:44:00 - [TEST_STEP][PASSED] - delay: Delayed 2 second(s)

2018-12-07 11:44:02 - [MESSAGE][PASSED] - Delayed 2 second(s)

2018-12-07 11:44:02 - [TEST_STEP][PASSED] - setText: Text 'test' is set on object 'Object Repository/Final Object Repo/Login Page/Internal User/Password'

2018-12-07 11:44:02 - [MESSAGE][PASSED] - Text 'test' is set on object 'Object Repository/Final Object Repo/Login Page/Internal User/Password'

2018-12-07 11:44:02 - [TEST_STEP][PASSED] - delay: Delayed 2 second(s)

2018-12-07 11:44:04 - [MESSAGE][PASSED] - Delayed 2 second(s)

2018-12-07 11:44:04 - [TEST_STEP][PASSED] - click: Object: 'Object Repository/Final Object Repo/Login Page/Internal User/Login Button' is clicked on

2018-12-07 11:44:05 - [MESSAGE][PASSED] - Object: 'Object Repository/Final Object Repo/Login Page/Internal User/Login Button' is clicked on

2018-12-07 11:44:05 - [TEST_STEP][PASSED] - Statement - tester = com.kms.katalon.core.testobject.ObjectRepository.findTestObject(Final Object Repo/Landing Page/Select to English): Finding Test Object with id 'Object Repository/Final Object Repo/Landing Page/Select to English'

2018-12-07 11:44:05 - [TEST_STEP][PASSED] - Statement - Try: Delayed 2 second(s)

2018-12-07 11:44:05 - [TEST_STEP][PASSED] - Statement - Checker = com.kms.katalon.core.webui.keyword.WebUiBuiltInKeywords.verifyElementNotPresent(tester, 3): Web element with id: 'Object Repository/Final Object Repo/Landing Page/Select to English' located by 'By.xpath: //a[@class = 'taglib-language-list-text' and @lang = 'en-US' and (contains(text(), 'EN') or contains(., 'EN'))]' is not present after '3' second(s)

2018-12-07 11:44:07 - [MESSAGE][PASSED] - Web element with id: 'Object Repository/Final Object Repo/Landing Page/Select to English' located by 'By.xpath: //a[@class = 'taglib-language-list-text' and @lang = 'en-US' and (contains(text(), 'EN') or contains(., 'EN'))]' is not present after '3' second(s)

2018-12-07 11:44:07 - [TEST_STEP][PASSED] - Statement - If (Checker == false): null

2018-12-07 11:44:07 - [TEST_STEP][PASSED] - delay: Delayed 2 second(s)

2018-12-07 11:44:09 - [MESSAGE][PASSED] - Delayed 2 second(s)

2018-12-07 11:44:09 - [TEST_STEP][PASSED] - delay: Delayed 5 second(s)

2018-12-07 11:44:14 - [MESSAGE][PASSED] - Delayed 5 second(s)

2018-12-07 11:44:14 - [TEST_STEP][PASSED] - mouseOver: Object: 'Object Repository/Final Object Repo/Landing Page/WorkFlow Menu' is hovered

2018-12-07 11:44:14 - [MESSAGE][PASSED] - Object: 'Object Repository/Final Object Repo/Landing Page/WorkFlow Menu' is hovered

2018-12-07 11:44:14 - [TEST_STEP][PASSED] - delay: Delayed 2 second(s)

2018-12-07 11:44:16 - [MESSAGE][PASSED] - Delayed 2 second(s)

2018-12-07 11:44:16 - [TEST_STEP][PASSED] - click: Object: 'Object Repository/Final Object Repo/Landing Page/Select to Workflow Listing' is clicked on

2018-12-07 11:44:17 - [MESSAGE][PASSED] - Object: 'Object Repository/Final Object Repo/Landing Page/Select to Workflow Listing' is clicked on

2018-12-07 11:44:17 - [TEST_STEP][PASSED] - delay: Delayed 2 second(s)

2018-12-07 11:44:19 - [MESSAGE][PASSED] - Delayed 2 second(s)

2018-12-07 11:44:19 - [TEST_STEP][PASSED] - click: Object: 'Object Repository/Final Object Repo/WorkFlow Listing Page/Search Information - To Put Ref No' is clicked on

2018-12-07 11:44:19 - [MESSAGE][PASSED] - Object: 'Object Repository/Final Object Repo/WorkFlow Listing Page/Search Information - To Put Ref No' is clicked on

2018-12-07 11:44:19 - [TEST_STEP][PASSED] - delay: Delayed 2 second(s)

2018-12-07 11:44:21 - [MESSAGE][PASSED] - Delayed 2 second(s)

2018-12-07 11:44:21 - [TEST_STEP][PASSED] - callTestCase: Call Test Case 'Test Cases/Final Aug 2018 - PKS Automation/Common/Reference Number Getter' successfully

2018-12-07 11:44:21 - [TEST_CASE][PASSED] - Test Cases/Final Aug 2018 - PKS Automation/Common/Reference Number Getter: Test Cases/Final Aug 2018 - PKS Automation/Common/Reference Number Getter

2018-12-07 11:44:21 - [TEST_STEP][PASSED] - Statement - Try: null

2018-12-07 11:44:21 - [TEST_STEP][PASSED] - Statement - RefNo = new java.io.File(C://Users//Admin//Desktop//PKS//Automation Reference Point//KatalonReference.txt): null

2018-12-07 11:44:21 - [TEST_STEP][PASSED] - Statement - bufferread = new java.io.BufferedReader(new java.io.FileReader(RefNo)): null

2018-12-07 11:44:21 - [TEST_STEP][PASSED] - Statement - readedVal = bufferread.readLine(): null

2018-12-07 11:44:21 - [TEST_STEP][PASSED] - Statement - out.println(CaseReferenceNo): null

2018-12-07 11:44:21 - [TEST_STEP][PASSED] - Statement - out.println(readedVal): null

2018-12-07 11:44:21 - [TEST_STEP][PASSED] - Statement - CaseReferenceNo = "": null

2018-12-07 11:44:21 - [TEST_STEP][PASSED] - Statement - CaseReferenceNo = readedVal: null

2018-12-07 11:44:21 - [MESSAGE][PASSED] - Call Test Case 'Test Cases/Final Aug 2018 - PKS Automation/Common/Reference Number Getter' successfully

2018-12-07 11:44:21 - [TEST_STEP][PASSED] - setText: Text 'CAN12201800002287' is set on object 'Object Repository/Final Object Repo/WorkFlow Listing Page/Ref No Set Text'

2018-12-07 11:44:22 - [MESSAGE][PASSED] - Text 'CAN12201800002287' is set on object 'Object Repository/Final Object Repo/WorkFlow Listing Page/Ref No Set Text'

2018-12-07 11:44:22 - [TEST_STEP][PASSED] - delay: Delayed 2 second(s)

2018-12-07 11:44:24 - [MESSAGE][PASSED] - Delayed 2 second(s)

2018-12-07 11:44:24 - [TEST_STEP][PASSED] - click: Object: 'Object Repository/Final Object Repo/WorkFlow Listing Page/Search Ref No Search Button' is clicked on

2018-12-07 11:44:24 - [MESSAGE][PASSED] - Object: 'Object Repository/Final Object Repo/WorkFlow Listing Page/Search Ref No Search Button' is clicked on

2018-12-07 11:44:24 - [TEST_STEP][PASSED] - delay: Delayed 6 second(s)

2018-12-07 11:44:30 - [MESSAGE][PASSED] - Delayed 6 second(s)

2018-12-07 11:44:30 - [TEST_STEP][PASSED] - click: Object: 'Object Repository/Final Object Repo/WorkFlow Listing Page/Click Continue Tooltip' is clicked on

2018-12-07 11:44:31 - [MESSAGE][PASSED] - Object: 'Object Repository/Final Object Repo/WorkFlow Listing Page/Click Continue Tooltip' is clicked on

2018-12-07 11:44:31 - [TEST_STEP][PASSED] - delay: Delayed 5 second(s)

2018-12-07 11:44:36 - [MESSAGE][PASSED] - Delayed 5 second(s)

2018-12-07 11:44:36 - [TEST_STEP][PASSED] - doubleClick: Object: 'Object Repository/Final Object Repo/WorkFlow Listing Page/Workflow Found - Listing 1' is double clicked on

2018-12-07 11:44:36 - [MESSAGE][PASSED] - Object: 'Object Repository/Final Object Repo/WorkFlow Listing Page/Workflow Found - Listing 1' is double clicked on

2018-12-07 11:44:36 - [TEST_STEP][PASSED] - Statement - println(OwnerID): null

2018-12-07 11:44:36 - [TEST_STEP][PASSED] - Statement - OwnerID = com.kms.katalon.core.webui.keyword.WebUiBuiltInKeywords.getText(com.kms.katalon.core.testobject.ObjectRepository.findTestObject(Final Object Repo/WorkFlow Listing Page/Workflow Found - Listing 1), STOP_ON_FAILURE): Text of object 'Object Repository/Final Object Repo/WorkFlow Listing Page/Workflow Found - Listing 1' is: 'JOHORro1'

2018-12-07 11:44:36 - [MESSAGE][PASSED] - Text of object 'Object Repository/Final Object Repo/WorkFlow Listing Page/Workflow Found - Listing 1' is: 'JOHORro1'

2018-12-07 11:44:36 - [TEST_STEP][PASSED] - Statement - OwnerID = OwnerID.toLowerCase() + "@gmail.com": null

2018-12-07 11:44:36 - [TEST_STEP][PASSED] - Statement - println(OwnerID): null

2018-12-07 11:44:36 - [TEST_STEP][PASSED] - delay: Delayed 2 second(s)

2018-12-07 11:44:38 - [MESSAGE][PASSED] - Delayed 2 second(s)

2018-12-07 11:44:38 - [MESSAGE][PASSED] - Call Test Case 'Test Cases/Final Aug 2018 - PKS Automation/Common/Workflow Owner Finder' successfully

2018-12-07 11:44:38 - [TEST_STEP][PASSED] - callTestCase: Call Test Case 'Test Cases/Final Aug 2018 - PKS Automation/Registration Module/Log Out/log out avoiding katalon tagging' successfully

2018-12-07 11:44:38 - [TEST_CASE][PASSED] - Test Cases/Final Aug 2018 - PKS Automation/Registration Module/Log Out/log out avoiding katalon tagging: Test Cases/Final Aug 2018 - PKS Automation/Registration Module/Log Out/log out avoiding katalon tagging

2018-12-07 11:44:38 - [TEST_STEP][PASSED] - navigateToUrl: Navigate to 'https://assist2-uat.perkeso.gov.my/c/portal/logout' successfully

2018-12-07 11:44:39 - [MESSAGE][PASSED] - Navigate to 'https://assist2-uat.perkeso.gov.my/c/portal/logout' successfully

2018-12-07 11:44:39 - [MESSAGE][PASSED] - Call Test Case 'Test Cases/Final Aug 2018 - PKS Automation/Registration Module/Log Out/log out avoiding katalon tagging' successfully

2018-12-07 11:44:39 - [TEST_STEP][PASSED] - delay: Delayed 2 second(s)

2018-12-07 11:44:41 - [MESSAGE][PASSED] - Delayed 2 second(s)

2018-12-07 11:44:41 - [TEST_STEP][PASSED] - setText: Text 'johorro1@gmail.com' is set on object 'Object Repository/Final Object Repo/Page_Update Add New Employee - ASSIST/Email TextBox'

2018-12-07 11:44:41 - [MESSAGE][PASSED] - Text 'johorro1@gmail.com' is set on object 'Object Repository/Final Object Repo/Page_Update Add New Employee - ASSIST/Email TextBox'

2018-12-07 11:44:41 - [TEST_STEP][PASSED] - click: Object: 'Object Repository/Final Object Repo/Page_Update Add New Employee - ASSIST/Next Button' is clicked on

2018-12-07 11:44:42 - [MESSAGE][PASSED] - Object: 'Object Repository/Final Object Repo/Page_Update Add New Employee - ASSIST/Next Button' is clicked on

2018-12-07 11:44:42 - [TEST_STEP][PASSED] - delay: Delayed 2 second(s)

2018-12-07 11:44:44 - [MESSAGE][PASSED] - Delayed 2 second(s)

2018-12-07 11:44:44 - [TEST_STEP][PASSED] - setText: Text 'Test1@3456789' is set on object 'Object Repository/Final Object Repo/Page_Update Add New Employee - ASSIST/Password TextBox'

2018-12-07 11:44:44 - [MESSAGE][PASSED] - Text 'Test1@3456789' is set on object 'Object Repository/Final Object Repo/Page_Update Add New Employee - ASSIST/Password TextBox'

2018-12-07 11:44:44 - [TEST_STEP][PASSED] - delay: Delayed 2 second(s)

2018-12-07 11:44:46 - [MESSAGE][PASSED] - Delayed 2 second(s)

2018-12-07 11:44:46 - [TEST_STEP][PASSED] - click: Object: 'Object Repository/Final Object Repo/Page_Update Add New Employee - ASSIST/Login Button' is clicked on

2018-12-07 11:44:46 - [MESSAGE][PASSED] - Object: 'Object Repository/Final Object Repo/Page_Update Add New Employee - ASSIST/Login Button' is clicked on

2018-12-07 11:44:46 - [TEST_STEP][PASSED] - delay: Delayed 4 second(s)

2018-12-07 11:44:50 - [MESSAGE][PASSED] - Delayed 4 second(s)

2018-12-07 11:44:50 - [TEST_STEP][PASSED] - Statement - Try: Delayed 2 second(s)

2018-12-07 11:44:50 - [TEST_STEP][PASSED] - Statement - Checker = false: null

2018-12-07 11:44:50 - [TEST_STEP][PASSED] - Statement - Checker = com.kms.katalon.core.webui.keyword.WebUiBuiltInKeywords.verifyElementHasAttribute(com.kms.katalon.core.testobject.ObjectRepository.findTestObject(Final Object Repo/Landing Page/BM Detecting), "href", 20, OPTIONAL): Object 'Object Repository/Final Object Repo/Landing Page/BM Detecting' has attribute 'href'

2018-12-07 11:44:50 - [MESSAGE][PASSED] - Object 'Object Repository/Final Object Repo/Landing Page/BM Detecting' has attribute 'href'

2018-12-07 11:44:50 - [TEST_STEP][PASSED] - Statement - out.println(Checker): null

2018-12-07 11:44:50 - [TEST_STEP][PASSED] - Statement - If (Checker == false): null

2018-12-07 11:44:50 - [TEST_STEP][PASSED] - Statement - Else: null

2018-12-07 11:44:50 - [TEST_STEP][PASSED] - delay: Delayed 2 second(s)

2018-12-07 11:44:52 - [MESSAGE][PASSED] - Delayed 2 second(s)

2018-12-07 11:44:52 - [TEST_STEP][PASSED] - delay: Delayed 4 second(s)

2018-12-07 11:44:56 - [MESSAGE][PASSED] - Delayed 4 second(s)

2018-12-07 11:44:56 - [TEST_STEP][PASSED] - click: Object: 'Object Repository/Final Object Repo/New Registration - Registration Module Pages/New Reg - OTC to RO/Special Case - All Related Objects/Expand to Search' is clicked on

2018-12-07 11:44:56 - [MESSAGE][PASSED] - Object: 'Object Repository/Final Object Repo/New Registration - Registration Module Pages/New Reg - OTC to RO/Special Case - All Related Objects/Expand to Search' is clicked on

2018-12-07 11:44:56 - [TEST_STEP][PASSED] - delay: Delayed 2 second(s)

2018-12-07 11:44:58 - [MESSAGE][PASSED] - Delayed 2 second(s)

2018-12-07 11:44:58 - [TEST_STEP][PASSED] - setText: Text 'CAN12201800002287' is set on object 'Object Repository/Final Object Repo/New Registration - Registration Module Pages/New Reg - OTC to RO/Special Case - All Related Objects/TextBox RefNo in Workbasket'

2018-12-07 11:44:59 - [MESSAGE][PASSED] - Text 'CAN12201800002287' is set on object 'Object Repository/Final Object Repo/New Registration - Registration Module Pages/New Reg - OTC to RO/Special Case - All Related Objects/TextBox RefNo in Workbasket'

2018-12-07 11:44:59 - [TEST_STEP][PASSED] - delay: Delayed 2 second(s)

2018-12-07 11:45:01 - [MESSAGE][PASSED] - Delayed 2 second(s)

2018-12-07 11:45:01 - [TEST_STEP][PASSED] - click: Object: 'Object Repository/Final Object Repo/New Registration - Registration Module Pages/New Reg - OTC to RO/Special Case - All Related Objects/Click Search' is clicked on

2018-12-07 11:45:01 - [MESSAGE][PASSED] - Object: 'Object Repository/Final Object Repo/New Registration - Registration Module Pages/New Reg - OTC to RO/Special Case - All Related Objects/Click Search' is clicked on

2018-12-07 11:45:01 - [TEST_STEP][PASSED] - delay: Delayed 2 second(s)

2018-12-07 11:45:03 - [MESSAGE][PASSED] - Delayed 2 second(s)

2018-12-07 11:45:03 - [TEST_STEP][PASSED] - click: Object: 'Object Repository/Final Object Repo/New Registration - Registration Module Pages/New Reg - OTC to RO/Special Case - All Related Objects/Click to Continue Workflow' is clicked on

2018-12-07 11:45:07 - [MESSAGE][PASSED] - Object: 'Object Repository/Final Object Repo/New Registration - Registration Module Pages/New Reg - OTC to RO/Special Case - All Related Objects/Click to Continue Workflow' is clicked on

2018-12-07 11:45:07 - [TEST_STEP][PASSED] - delay: Delayed 10 second(s)

2018-12-07 11:45:17 - [MESSAGE][PASSED] - Delayed 10 second(s)

2018-12-07 11:45:17 - [TEST_STEP][PASSED] - click: Object: 'Object Repository/Final Object Repo/New Registration - Registration Module Pages/New Reg - OTC to RO/Special Case - All Related Objects/Continue Button in verifying case' is clicked on

2018-12-07 11:45:20 - [MESSAGE][PASSED] - Object: 'Object Repository/Final Object Repo/New Registration - Registration Module Pages/New Reg - OTC to RO/Special Case - All Related Objects/Continue Button in verifying case' is clicked on

2018-12-07 11:45:20 - [TEST_STEP][PASSED] - delay: Delayed 2 second(s)

2018-12-07 11:45:22 - [MESSAGE][PASSED] - Delayed 2 second(s)

2018-12-07 11:45:22 - [TEST_STEP][PASSED] - click: Object: 'Object Repository/Final Object Repo/Page_Update Add New Employee - ASSIST/Save  Continue Button' is clicked on

2018-12-07 11:45:23 - [MESSAGE][PASSED] - Object: 'Object Repository/Final Object Repo/Page_Update Add New Employee - ASSIST/Save  Continue Button' is clicked on

2018-12-07 11:45:23 - [TEST_STEP][PASSED] - delay: Delayed 4 second(s)

2018-12-07 11:45:27 - [MESSAGE][PASSED] - Delayed 4 second(s)

2018-12-07 11:45:27 - [TEST_STEP][PASSED] - click: Object: 'Object Repository/Final Object Repo/Page_Update Add New Employee - ASSIST/Save  Continue Third Screen' is clicked on

2018-12-07 11:45:29 - [MESSAGE][PASSED] - Object: 'Object Repository/Final Object Repo/Page_Update Add New Employee - ASSIST/Save  Continue Third Screen' is clicked on

2018-12-07 11:45:29 - [TEST_STEP][PASSED] - delay: Delayed 4 second(s)

2018-12-07 11:45:33 - [MESSAGE][PASSED] - Delayed 4 second(s)

2018-12-07 11:45:33 - [TEST_STEP][PASSED] - click: Object: 'Object Repository/Final Object Repo/Page_Update Add New Employee - ASSIST/Save   Continue Supporting Doc Page' is clicked on

2018-12-07 11:45:34 - [MESSAGE][PASSED] - Object: 'Object Repository/Final Object Repo/Page_Update Add New Employee - ASSIST/Save   Continue Supporting Doc Page' is clicked on

2018-12-07 11:45:34 - [TEST_STEP][PASSED] - delay: Delayed 4 second(s)

2018-12-07 11:45:38 - [MESSAGE][PASSED] - Delayed 4 second(s)

2018-12-07 11:45:38 - [TEST_STEP][PASSED] - click: Object: 'Object Repository/Final Object Repo/Page_Update Add New Employee - ASSIST/Submit Button' is clicked on

2018-12-07 11:45:38 - [MESSAGE][PASSED] - Object: 'Object Repository/Final Object Repo/Page_Update Add New Employee - ASSIST/Submit Button' is clicked on

2018-12-07 11:45:38 - [TEST_STEP][PASSED] - delay: Delayed 4 second(s)

2018-12-07 11:45:42 - [MESSAGE][PASSED] - Delayed 4 second(s)

2018-12-07 11:45:42 - [TEST_STEP][PASSED] - click: Object: 'Object Repository/Final Object Repo/Page_Update Add New Employee - ASSIST/Confirm Submit Button' is clicked on

2018-12-07 11:45:42 - [MESSAGE][PASSED] - Object: 'Object Repository/Final Object Repo/Page_Update Add New Employee - ASSIST/Confirm Submit Button' is clicked on

2018-12-07 11:45:42 - [TEST_STEP][PASSED] - delay: Delayed 30 second(s)

2018-12-07 11:46:12 - [MESSAGE][PASSED] - Delayed 30 second(s)

2018-12-07 11:46:12 - [TEST_STEP][PASSED] - callTestCase: Call Test Case 'Test Cases/Final Aug 2018 - PKS Automation/Common/Screenshoting tool' successfully

2018-12-07 11:46:12 - [TEST_CASE][PASSED] - Test Cases/Final Aug 2018 - PKS Automation/Common/Screenshoting tool: Test Cases/Final Aug 2018 - PKS Automation/Common/Screenshoting tool

2018-12-07 11:46:12 - [TEST_STEP][PASSED] - delay: Delayed 15 second(s)

2018-12-07 11:46:27 - [MESSAGE][PASSED] - Delayed 15 second(s)

2018-12-07 11:46:27 - [TEST_STEP][PASSED] - Statement - driver = com.kms.katalon.core.webui.driver.DriverFactory.getWebDriver(): null

2018-12-07 11:46:27 - [TEST_STEP][PASSED] - Statement - driver.manage().timeouts().implicitlyWait(10, SECONDS): null

2018-12-07 11:46:27 - [TEST_STEP][PASSED] - Statement - PresavePath = KatalonScreenshots: null

2018-12-07 11:46:27 - [TEST_STEP][PASSED] - Statement - pathPrefix = "C:\Users\Public\Pictures\Sample Pictures\Katalon Screenshots\Automate Ending Screen": null

2018-12-07 11:46:27 - [TEST_STEP][PASSED] - Statement - finalPath = <not implemented yet for class: org.codehaus.groovy.ast.expr.EmptyExpression>: null

2018-12-07 11:46:27 - [TEST_STEP][PASSED] - Statement - scrFile = driver.getScreenshotAs(FILE): null

2018-12-07 11:46:27 - [TEST_STEP][PASSED] - Statement - PreSaveFile = new java.io.File(PresavePath): null

2018-12-07 11:46:27 - [TEST_STEP][PASSED] - Statement - counter = 0: null

2018-12-07 11:46:27 - [TEST_STEP][PASSED] - Statement - If (PreSaveFile.exists()): null

2018-12-07 11:46:27 - [TEST_STEP][PASSED] - Statement - While (PreSaveFile.exists()): null

2018-12-07 11:46:27 - [TEST_STEP][PASSED] - Statement - counter = counter + 1: null

2018-12-07 11:46:27 - [TEST_STEP][PASSED] - Statement - PreSaveFile = new java.io.File(((pathPrefix + java.lang.Integer.toString(counter)) + .png)): null

2018-12-07 11:46:27 - [TEST_STEP][PASSED] - Statement - counter = counter + 1: null

2018-12-07 11:46:27 - [TEST_STEP][PASSED] - Statement - PreSaveFile = new java.io.File(((pathPrefix + java.lang.Integer.toString(counter)) + .png)): null

2018-12-07 11:46:27 - [TEST_STEP][PASSED] - Statement - counter = counter + 1: null

2018-12-07 11:46:27 - [TEST_STEP][PASSED] - Statement - PreSaveFile = new java.io.File(((pathPrefix + java.lang.Integer.toString(counter)) + .png)): null

2018-12-07 11:46:27 - [TEST_STEP][PASSED] - Statement - counter = counter + 1: null

2018-12-07 11:46:27 - [TEST_STEP][PASSED] - Statement - PreSaveFile = new java.io.File(((pathPrefix + java.lang.Integer.toString(counter)) + .png)): null

2018-12-07 11:46:27 - [TEST_STEP][PASSED] - Statement - counter = counter + 1: null

2018-12-07 11:46:27 - [TEST_STEP][PASSED] - Statement - PreSaveFile = new java.io.File(((pathPrefix + java.lang.Integer.toString(counter)) + .png)): null

2018-12-07 11:46:27 - [TEST_STEP][PASSED] - Statement - counter = counter + 1: null

2018-12-07 11:46:27 - [TEST_STEP][PASSED] - Statement - PreSaveFile = new java.io.File(((pathPrefix + java.lang.Integer.toString(counter)) + .png)): null

2018-12-07 11:46:27 - [TEST_STEP][PASSED] - Statement - counter = counter + 1: null

2018-12-07 11:46:27 - [TEST_STEP][PASSED] - Statement - PreSaveFile = new java.io.File(((pathPrefix + java.lang.Integer.toString(counter)) + .png)): null

2018-12-07 11:46:27 - [TEST_STEP][PASSED] - Statement - counter = counter + 1: null

2018-12-07 11:46:27 - [TEST_STEP][PASSED] - Statement - PreSaveFile = new java.io.File(((pathPrefix + java.lang.Integer.toString(counter)) + .png)): null

2018-12-07 11:46:27 - [TEST_STEP][PASSED] - Statement - counter = counter + 1: null

2018-12-07 11:46:27 - [TEST_STEP][PASSED] - Statement - PreSaveFile = new java.io.File(((pathPrefix + java.lang.Integer.toString(counter)) + .png)): null

2018-12-07 11:46:27 - [TEST_STEP][PASSED] - Statement - counter = counter + 1: null

2018-12-07 11:46:27 - [TEST_STEP][PASSED] - Statement - PreSaveFile = new java.io.File(((pathPrefix + java.lang.Integer.toString(counter)) + .png)): null

2018-12-07 11:46:27 - [TEST_STEP][PASSED] - Statement - counter = counter + 1: null

2018-12-07 11:46:27 - [TEST_STEP][PASSED] - Statement - PreSaveFile = new java.io.File(((pathPrefix + java.lang.Integer.toString(counter)) + .png)): null

2018-12-07 11:46:27 - [TEST_STEP][PASSED] - Statement - counter = counter + 1: null

2018-12-07 11:46:27 - [TEST_STEP][PASSED] - Statement - PreSaveFile = new java.io.File(((pathPrefix + java.lang.Integer.toString(counter)) + .png)): null

2018-12-07 11:46:27 - [TEST_STEP][PASSED] - Statement - counter = counter + 1: null

2018-12-07 11:46:27 - [TEST_STEP][PASSED] - Statement - PreSaveFile = new java.io.File(((pathPrefix + java.lang.Integer.toString(counter)) + .png)): null

2018-12-07 11:46:27 - [TEST_STEP][PASSED] - Statement - counter = counter + 1: null

2018-12-07 11:46:27 - [TEST_STEP][PASSED] - Statement - PreSaveFile = new java.io.File(((pathPrefix + java.lang.Integer.toString(counter)) + .png)): null

2018-12-07 11:46:27 - [TEST_STEP][PASSED] - Statement - counter = counter + 1: null

2018-12-07 11:46:27 - [TEST_STEP][PASSED] - Statement - PreSaveFile = new java.io.File(((pathPrefix + java.lang.Integer.toString(counter)) + .png)): null

2018-12-07 11:46:27 - [TEST_STEP][PASSED] - Statement - counter = counter + 1: null

2018-12-07 11:46:27 - [TEST_STEP][PASSED] - Statement - PreSaveFile = new java.io.File(((pathPrefix + java.lang.Integer.toString(counter)) + .png)): null

2018-12-07 11:46:27 - [TEST_STEP][PASSED] - Statement - counter = counter + 1: null

2018-12-07 11:46:27 - [TEST_STEP][PASSED] - Statement - PreSaveFile = new java.io.File(((pathPrefix + java.lang.Integer.toString(counter)) + .png)): null

2018-12-07 11:46:28 - [TEST_STEP][PASSED] - Statement - counter = counter + 1: null

2018-12-07 11:46:28 - [TEST_STEP][PASSED] - Statement - PreSaveFile = new java.io.File(((pathPrefix + java.lang.Integer.toString(counter)) + .png)): null

2018-12-07 11:46:28 - [TEST_STEP][PASSED] - Statement - counter = counter + 1: null

2018-12-07 11:46:28 - [TEST_STEP][PASSED] - Statement - PreSaveFile = new java.io.File(((pathPrefix + java.lang.Integer.toString(counter)) + .png)): null

2018-12-07 11:46:28 - [TEST_STEP][PASSED] - Statement - counter = counter + 1: null

2018-12-07 11:46:28 - [TEST_STEP][PASSED] - Statement - PreSaveFile = new java.io.File(((pathPrefix + java.lang.Integer.toString(counter)) + .png)): null

2018-12-07 11:46:28 - [TEST_STEP][PASSED] - Statement - counter = counter + 1: null

2018-12-07 11:46:28 - [TEST_STEP][PASSED] - Statement - PreSaveFile = new java.io.File(((pathPrefix + java.lang.Integer.toString(counter)) + .png)): null

2018-12-07 11:46:28 - [TEST_STEP][PASSED] - Statement - counter = counter + 1: null

2018-12-07 11:46:28 - [TEST_STEP][PASSED] - Statement - PreSaveFile = new java.io.File(((pathPrefix + java.lang.Integer.toString(counter)) + .png)): null

2018-12-07 11:46:28 - [TEST_STEP][PASSED] - Statement - counter = counter + 1: null

2018-12-07 11:46:28 - [TEST_STEP][PASSED] - Statement - PreSaveFile = new java.io.File(((pathPrefix + java.lang.Integer.toString(counter)) + .png)): null

2018-12-07 11:46:28 - [TEST_STEP][PASSED] - Statement - counter = counter + 1: null

2018-12-07 11:46:28 - [TEST_STEP][PASSED] - Statement - PreSaveFile = new java.io.File(((pathPrefix + java.lang.Integer.toString(counter)) + .png)): null

2018-12-07 11:46:28 - [TEST_STEP][PASSED] - Statement - counter = counter + 1: null

2018-12-07 11:46:28 - [TEST_STEP][PASSED] - Statement - PreSaveFile = new java.io.File(((pathPrefix + java.lang.Integer.toString(counter)) + .png)): null

2018-12-07 11:46:28 - [TEST_STEP][PASSED] - Statement - counter = counter + 1: null

2018-12-07 11:46:28 - [TEST_STEP][PASSED] - Statement - PreSaveFile = new java.io.File(((pathPrefix + java.lang.Integer.toString(counter)) + .png)): null

2018-12-07 11:46:28 - [TEST_STEP][PASSED] - Statement - counter = counter + 1: null

2018-12-07 11:46:28 - [TEST_STEP][PASSED] - Statement - PreSaveFile = new java.io.File(((pathPrefix + java.lang.Integer.toString(counter)) + .png)): null

2018-12-07 11:46:28 - [TEST_STEP][PASSED] - Statement - counter = counter + 1: null

2018-12-07 11:46:28 - [TEST_STEP][PASSED] - Statement - PreSaveFile = new java.io.File(((pathPrefix + java.lang.Integer.toString(counter)) + .png)): null

2018-12-07 11:46:28 - [TEST_STEP][PASSED] - Statement - counter = counter + 1: null

2018-12-07 11:46:28 - [TEST_STEP][PASSED] - Statement - PreSaveFile = new java.io.File(((pathPrefix + java.lang.Integer.toString(counter)) + .png)): null

2018-12-07 11:46:28 - [TEST_STEP][PASSED] - Statement - counter = counter + 1: null

2018-12-07 11:46:28 - [TEST_STEP][PASSED] - Statement - PreSaveFile = new java.io.File(((pathPrefix + java.lang.Integer.toString(counter)) + .png)): null

2018-12-07 11:46:28 - [TEST_STEP][PASSED] - Statement - counter = counter + 1: null

2018-12-07 11:46:28 - [TEST_STEP][PASSED] - Statement - PreSaveFile = new java.io.File(((pathPrefix + java.lang.Integer.toString(counter)) + .png)): null

2018-12-07 11:46:28 - [TEST_STEP][PASSED] - Statement - counter = counter + 1: null

2018-12-07 11:46:28 - [TEST_STEP][PASSED] - Statement - PreSaveFile = new java.io.File(((pathPrefix + java.lang.Integer.toString(counter)) + .png)): null

2018-12-07 11:46:28 - [TEST_STEP][PASSED] - Statement - counter = counter + 1: null

2018-12-07 11:46:28 - [TEST_STEP][PASSED] - Statement - PreSaveFile = new java.io.File(((pathPrefix + java.lang.Integer.toString(counter)) + .png)): null

2018-12-07 11:46:28 - [TEST_STEP][PASSED] - Statement - counter = counter + 1: null

2018-12-07 11:46:29 - [TEST_STEP][PASSED] - Statement - PreSaveFile = new java.io.File(((pathPrefix + java.lang.Integer.toString(counter)) + .png)): null

2018-12-07 11:46:29 - [TEST_STEP][PASSED] - Statement - counter = counter + 1: null

2018-12-07 11:46:29 - [TEST_STEP][PASSED] - Statement - PreSaveFile = new java.io.File(((pathPrefix + java.lang.Integer.toString(counter)) + .png)): null

2018-12-07 11:46:29 - [TEST_STEP][PASSED] - Statement - counter = counter + 1: null

2018-12-07 11:46:29 - [TEST_STEP][PASSED] - Statement - PreSaveFile = new java.io.File(((pathPrefix + java.lang.Integer.toString(counter)) + .png)): null

2018-12-07 11:46:29 - [TEST_STEP][PASSED] - Statement - counter = counter + 1: null

2018-12-07 11:46:29 - [TEST_STEP][PASSED] - Statement - PreSaveFile = new java.io.File(((pathPrefix + java.lang.Integer.toString(counter)) + .png)): null

2018-12-07 11:46:29 - [TEST_STEP][PASSED] - Statement - counter = counter + 1: null

2018-12-07 11:46:29 - [TEST_STEP][PASSED] - Statement - PreSaveFile = new java.io.File(((pathPrefix + java.lang.Integer.toString(counter)) + .png)): null

2018-12-07 11:46:29 - [TEST_STEP][PASSED] - Statement - counter = counter + 1: null

2018-12-07 11:46:29 - [TEST_STEP][PASSED] - Statement - PreSaveFile = new java.io.File(((pathPrefix + java.lang.Integer.toString(counter)) + .png)): null

2018-12-07 11:46:29 - [TEST_STEP][PASSED] - Statement - counter = counter + 1: null

2018-12-07 11:46:29 - [TEST_STEP][PASSED] - Statement - PreSaveFile = new java.io.File(((pathPrefix + java.lang.Integer.toString(counter)) + .png)): null

2018-12-07 11:46:29 - [TEST_STEP][PASSED] - Statement - counter = counter + 1: null

2018-12-07 11:46:29 - [TEST_STEP][PASSED] - Statement - PreSaveFile = new java.io.File(((pathPrefix + java.lang.Integer.toString(counter)) + .png)): null

2018-12-07 11:46:29 - [TEST_STEP][PASSED] - Statement - counter = counter + 1: null

2018-12-07 11:46:29 - [TEST_STEP][PASSED] - Statement - PreSaveFile = new java.io.File(((pathPrefix + java.lang.Integer.toString(counter)) + .png)): null

2018-12-07 11:46:29 - [TEST_STEP][PASSED] - Statement - counter = counter + 1: null

2018-12-07 11:46:29 - [TEST_STEP][PASSED] - Statement - PreSaveFile = new java.io.File(((pathPrefix + java.lang.Integer.toString(counter)) + .png)): null

2018-12-07 11:46:29 - [TEST_STEP][PASSED] - Statement - counter = counter + 1: null

2018-12-07 11:46:29 - [TEST_STEP][PASSED] - Statement - PreSaveFile = new java.io.File(((pathPrefix + java.lang.Integer.toString(counter)) + .png)): null

2018-12-07 11:46:29 - [TEST_STEP][PASSED] - Statement - counter = counter + 1: null

2018-12-07 11:46:29 - [TEST_STEP][PASSED] - Statement - PreSaveFile = new java.io.File(((pathPrefix + java.lang.Integer.toString(counter)) + .png)): null

2018-12-07 11:46:29 - [TEST_STEP][PASSED] - Statement - counter = counter + 1: null

2018-12-07 11:46:29 - [TEST_STEP][PASSED] - Statement - PreSaveFile = new java.io.File(((pathPrefix + java.lang.Integer.toString(counter)) + .png)): null

2018-12-07 11:46:29 - [TEST_STEP][PASSED] - Statement - counter = counter + 1: null

2018-12-07 11:46:29 - [TEST_STEP][PASSED] - Statement - PreSaveFile = new java.io.File(((pathPrefix + java.lang.Integer.toString(counter)) + .png)): null

2018-12-07 11:46:29 - [TEST_STEP][PASSED] - Statement - counter = counter + 1: null

2018-12-07 11:46:30 - [TEST_STEP][PASSED] - Statement - PreSaveFile = new java.io.File(((pathPrefix + java.lang.Integer.toString(counter)) + .png)): null

2018-12-07 11:46:30 - [TEST_STEP][PASSED] - Statement - counter = counter + 1: null

2018-12-07 11:46:30 - [TEST_STEP][PASSED] - Statement - PreSaveFile = new java.io.File(((pathPrefix + java.lang.Integer.toString(counter)) + .png)): null

2018-12-07 11:46:30 - [TEST_STEP][PASSED] - Statement - counter = counter + 1: null

2018-12-07 11:46:30 - [TEST_STEP][PASSED] - Statement - PreSaveFile = new java.io.File(((pathPrefix + java.lang.Integer.toString(counter)) + .png)): null

2018-12-07 11:46:30 - [TEST_STEP][PASSED] - Statement - counter = counter + 1: null

2018-12-07 11:46:30 - [TEST_STEP][PASSED] - Statement - PreSaveFile = new java.io.File(((pathPrefix + java.lang.Integer.toString(counter)) + .png)): null

2018-12-07 11:46:30 - [TEST_STEP][PASSED] - Statement - counter = counter + 1: null

2018-12-07 11:46:30 - [TEST_STEP][PASSED] - Statement - PreSaveFile = new java.io.File(((pathPrefix + java.lang.Integer.toString(counter)) + .png)): null

2018-12-07 11:46:30 - [TEST_STEP][PASSED] - Statement - counter = counter + 1: null

2018-12-07 11:46:30 - [TEST_STEP][PASSED] - Statement - PreSaveFile = new java.io.File(((pathPrefix + java.lang.Integer.toString(counter)) + .png)): null

2018-12-07 11:46:30 - [TEST_STEP][PASSED] - Statement - counter = counter + 1: null

2018-12-07 11:46:30 - [TEST_STEP][PASSED] - Statement - PreSaveFile = new java.io.File(((pathPrefix + java.lang.Integer.toString(counter)) + .png)): null

2018-12-07 11:46:30 - [TEST_STEP][PASSED] - Statement - counter = counter + 1: null

2018-12-07 11:46:30 - [TEST_STEP][PASSED] - Statement - PreSaveFile = new java.io.File(((pathPrefix + java.lang.Integer.toString(counter)) + .png)): null

2018-12-07 11:46:30 - [TEST_STEP][PASSED] - Statement - counter = counter + 1: null

2018-12-07 11:46:30 - [TEST_STEP][PASSED] - Statement - PreSaveFile = new java.io.File(((pathPrefix + java.lang.Integer.toString(counter)) + .png)): null

2018-12-07 11:46:30 - [TEST_STEP][PASSED] - Statement - counter = counter + 1: null

2018-12-07 11:46:30 - [TEST_STEP][PASSED] - Statement - PreSaveFile = new java.io.File(((pathPrefix + java.lang.Integer.toString(counter)) + .png)): null

2018-12-07 11:46:30 - [TEST_STEP][PASSED] - Statement - counter = counter + 1: null

2018-12-07 11:46:30 - [TEST_STEP][PASSED] - Statement - PreSaveFile = new java.io.File(((pathPrefix + java.lang.Integer.toString(counter)) + .png)): null

2018-12-07 11:46:30 - [TEST_STEP][PASSED] - Statement - counter = counter + 1: null

2018-12-07 11:46:30 - [TEST_STEP][PASSED] - Statement - PreSaveFile = new java.io.File(((pathPrefix + java.lang.Integer.toString(counter)) + .png)): null

2018-12-07 11:46:30 - [TEST_STEP][PASSED] - Statement - counter = counter + 1: null

2018-12-07 11:46:30 - [TEST_STEP][PASSED] - Statement - PreSaveFile = new java.io.File(((pathPrefix + java.lang.Integer.toString(counter)) + .png)): null

2018-12-07 11:46:30 - [TEST_STEP][PASSED] - Statement - counter = counter + 1: null

2018-12-07 11:46:30 - [TEST_STEP][PASSED] - Statement - PreSaveFile = new java.io.File(((pathPrefix + java.lang.Integer.toString(counter)) + .png)): null

2018-12-07 11:46:30 - [TEST_STEP][PASSED] - Statement - counter = counter + 1: null

2018-12-07 11:46:30 - [TEST_STEP][PASSED] - Statement - PreSaveFile = new java.io.File(((pathPrefix + java.lang.Integer.toString(counter)) + .png)): null

2018-12-07 11:46:30 - [TEST_STEP][PASSED] - Statement - counter = counter + 1: null

2018-12-07 11:46:31 - [TEST_STEP][PASSED] - Statement - PreSaveFile = new java.io.File(((pathPrefix + java.lang.Integer.toString(counter)) + .png)): null

2018-12-07 11:46:31 - [TEST_STEP][PASSED] - Statement - counter = counter + 1: null

2018-12-07 11:46:31 - [TEST_STEP][PASSED] - Statement - PreSaveFile = new java.io.File(((pathPrefix + java.lang.Integer.toString(counter)) + .png)): null

2018-12-07 11:46:31 - [TEST_STEP][PASSED] - Statement - counter = counter + 1: null

2018-12-07 11:46:31 - [TEST_STEP][PASSED] - Statement - PreSaveFile = new java.io.File(((pathPrefix + java.lang.Integer.toString(counter)) + .png)): null

2018-12-07 11:46:31 - [TEST_STEP][PASSED] - Statement - counter = counter + 1: null

2018-12-07 11:46:31 - [TEST_STEP][PASSED] - Statement - PreSaveFile = new java.io.File(((pathPrefix + java.lang.Integer.toString(counter)) + .png)): null

2018-12-07 11:46:31 - [TEST_STEP][PASSED] - Statement - counter = counter + 1: null

2018-12-07 11:46:31 - [TEST_STEP][PASSED] - Statement - PreSaveFile = new java.io.File(((pathPrefix + java.lang.Integer.toString(counter)) + .png)): null

2018-12-07 11:46:31 - [TEST_STEP][PASSED] - Statement - counter = counter + 1: null

2018-12-07 11:46:31 - [TEST_STEP][PASSED] - Statement - PreSaveFile = new java.io.File(((pathPrefix + java.lang.Integer.toString(counter)) + .png)): null

2018-12-07 11:46:31 - [TEST_STEP][PASSED] - Statement - counter = counter + 1: null

2018-12-07 11:46:31 - [TEST_STEP][PASSED] - Statement - PreSaveFile = new java.io.File(((pathPrefix + java.lang.Integer.toString(counter)) + .png)): null

2018-12-07 11:46:31 - [TEST_STEP][PASSED] - Statement - counter = counter + 1: null

2018-12-07 11:46:31 - [TEST_STEP][PASSED] - Statement - PreSaveFile = new java.io.File(((pathPrefix + java.lang.Integer.toString(counter)) + .png)): null

2018-12-07 11:46:31 - [TEST_STEP][PASSED] - Statement - counter = counter + 1: null

2018-12-07 11:46:31 - [TEST_STEP][PASSED] - Statement - PreSaveFile = new java.io.File(((pathPrefix + java.lang.Integer.toString(counter)) + .png)): null

2018-12-07 11:46:31 - [TEST_STEP][PASSED] - Statement - counter = counter + 1: null

2018-12-07 11:46:31 - [TEST_STEP][PASSED] - Statement - PreSaveFile = new java.io.File(((pathPrefix + java.lang.Integer.toString(counter)) + .png)): null

2018-12-07 11:46:31 - [TEST_STEP][PASSED] - Statement - counter = counter + 1: null

2018-12-07 11:46:31 - [TEST_STEP][PASSED] - Statement - PreSaveFile = new java.io.File(((pathPrefix + java.lang.Integer.toString(counter)) + .png)): null

2018-12-07 11:46:31 - [TEST_STEP][PASSED] - Statement - counter = counter + 1: null

2018-12-07 11:46:31 - [TEST_STEP][PASSED] - Statement - PreSaveFile = new java.io.File(((pathPrefix + java.lang.Integer.toString(counter)) + .png)): null

2018-12-07 11:46:31 - [TEST_STEP][PASSED] - Statement - counter = counter + 1: null

2018-12-07 11:46:31 - [TEST_STEP][PASSED] - Statement - PreSaveFile = new java.io.File(((pathPrefix + java.lang.Integer.toString(counter)) + .png)): null

2018-12-07 11:46:31 - [TEST_STEP][PASSED] - Statement - counter = counter + 1: null

2018-12-07 11:46:31 - [TEST_STEP][PASSED] - Statement - PreSaveFile = new java.io.File(((pathPrefix + java.lang.Integer.toString(counter)) + .png)): null

2018-12-07 11:46:31 - [TEST_STEP][PASSED] - Statement - counter = counter + 1: null

2018-12-07 11:46:32 - [TEST_STEP][PASSED] - Statement - PreSaveFile = new java.io.File(((pathPrefix + java.lang.Integer.toString(counter)) + .png)): null

2018-12-07 11:46:32 - [TEST_STEP][PASSED] - Statement - counter = counter + 1: null

2018-12-07 11:46:32 - [TEST_STEP][PASSED] - Statement - PreSaveFile = new java.io.File(((pathPrefix + java.lang.Integer.toString(counter)) + .png)): null

2018-12-07 11:46:32 - [TEST_STEP][PASSED] - Statement - counter = counter + 1: null

2018-12-07 11:46:32 - [TEST_STEP][PASSED] - Statement - PreSaveFile = new java.io.File(((pathPrefix + java.lang.Integer.toString(counter)) + .png)): null

2018-12-07 11:46:32 - [TEST_STEP][PASSED] - Statement - counter = counter + 1: null

2018-12-07 11:46:32 - [TEST_STEP][PASSED] - Statement - PreSaveFile = new java.io.File(((pathPrefix + java.lang.Integer.toString(counter)) + .png)): null

2018-12-07 11:46:32 - [TEST_STEP][PASSED] - Statement - counter = counter + 1: null

2018-12-07 11:46:32 - [TEST_STEP][PASSED] - Statement - PreSaveFile = new java.io.File(((pathPrefix + java.lang.Integer.toString(counter)) + .png)): null

2018-12-07 11:46:32 - [TEST_STEP][PASSED] - Statement - counter = counter + 1: null

2018-12-07 11:46:32 - [TEST_STEP][PASSED] - Statement - PreSaveFile = new java.io.File(((pathPrefix + java.lang.Integer.toString(counter)) + .png)): null

2018-12-07 11:46:32 - [TEST_STEP][PASSED] - Statement - counter = counter + 1: null

2018-12-07 11:46:32 - [TEST_STEP][PASSED] - Statement - PreSaveFile = new java.io.File(((pathPrefix + java.lang.Integer.toString(counter)) + .png)): null

2018-12-07 11:46:32 - [TEST_STEP][PASSED] - Statement - counter = counter + 1: null

2018-12-07 11:46:32 - [TEST_STEP][PASSED] - Statement - PreSaveFile = new java.io.File(((pathPrefix + java.lang.Integer.toString(counter)) + .png)): null

2018-12-07 11:46:32 - [TEST_STEP][PASSED] - Statement - counter = counter + 1: null

2018-12-07 11:46:32 - [TEST_STEP][PASSED] - Statement - PreSaveFile = new java.io.File(((pathPrefix + java.lang.Integer.toString(counter)) + .png)): null

2018-12-07 11:46:32 - [TEST_STEP][PASSED] - Statement - counter = counter + 1: null

2018-12-07 11:46:32 - [TEST_STEP][PASSED] - Statement - PreSaveFile = new java.io.File(((pathPrefix + java.lang.Integer.toString(counter)) + .png)): null

2018-12-07 11:46:32 - [TEST_STEP][PASSED] - Statement - counter = counter + 1: null

2018-12-07 11:46:32 - [TEST_STEP][PASSED] - Statement - PreSaveFile = new java.io.File(((pathPrefix + java.lang.Integer.toString(counter)) + .png)): null

2018-12-07 11:46:32 - [TEST_STEP][PASSED] - Statement - counter = counter + 1: null

2018-12-07 11:46:32 - [TEST_STEP][PASSED] - Statement - PreSaveFile = new java.io.File(((pathPrefix + java.lang.Integer.toString(counter)) + .png)): null

2018-12-07 11:46:32 - [TEST_STEP][PASSED] - Statement - counter = counter + 1: null

2018-12-07 11:46:32 - [TEST_STEP][PASSED] - Statement - PreSaveFile = new java.io.File(((pathPrefix + java.lang.Integer.toString(counter)) + .png)): null

2018-12-07 11:46:32 - [TEST_STEP][PASSED] - Statement - counter = counter + 1: null

2018-12-07 11:46:32 - [TEST_STEP][PASSED] - Statement - PreSaveFile = new java.io.File(((pathPrefix + java.lang.Integer.toString(counter)) + .png)): null

2018-12-07 11:46:32 - [TEST_STEP][PASSED] - Statement - counter = counter + 1: null

2018-12-07 11:46:32 - [TEST_STEP][PASSED] - Statement - PreSaveFile = new java.io.File(((pathPrefix + java.lang.Integer.toString(counter)) + .png)): null

2018-12-07 11:46:32 - [TEST_STEP][PASSED] - Statement - counter = counter + 1: null

2018-12-07 11:46:32 - [TEST_STEP][PASSED] - Statement - PreSaveFile = new java.io.File(((pathPrefix + java.lang.Integer.toString(counter)) + .png)): null

2018-12-07 11:46:32 - [TEST_STEP][PASSED] - Statement - counter = counter + 1: null

2018-12-07 11:46:32 - [TEST_STEP][PASSED] - Statement - PreSaveFile = new java.io.File(((pathPrefix + java.lang.Integer.toString(counter)) + .png)): null

2018-12-07 11:46:32 - [TEST_STEP][PASSED] - Statement - counter = counter + 1: null

2018-12-07 11:46:32 - [TEST_STEP][PASSED] - Statement - PreSaveFile = new java.io.File(((pathPrefix + java.lang.Integer.toString(counter)) + .png)): null

2018-12-07 11:46:32 - [TEST_STEP][PASSED] - Statement - counter = counter + 1: null

2018-12-07 11:46:32 - [TEST_STEP][PASSED] - Statement - PreSaveFile = new java.io.File(((pathPrefix + java.lang.Integer.toString(counter)) + .png)): null

2018-12-07 11:46:32 - [TEST_STEP][PASSED] - Statement - counter = counter + 1: null

2018-12-07 11:46:33 - [TEST_STEP][PASSED] - Statement - PreSaveFile = new java.io.File(((pathPrefix + java.lang.Integer.toString(counter)) + .png)): null

2018-12-07 11:46:33 - [TEST_STEP][PASSED] - Statement - counter = counter + 1: null

2018-12-07 11:46:33 - [TEST_STEP][PASSED] - Statement - PreSaveFile = new java.io.File(((pathPrefix + java.lang.Integer.toString(counter)) + .png)): null

2018-12-07 11:46:33 - [TEST_STEP][PASSED] - Statement - counter = counter + 1: null

2018-12-07 11:46:33 - [TEST_STEP][PASSED] - Statement - PreSaveFile = new java.io.File(((pathPrefix + java.lang.Integer.toString(counter)) + .png)): null

2018-12-07 11:46:33 - [TEST_STEP][PASSED] - Statement - counter = counter + 1: null

2018-12-07 11:46:33 - [TEST_STEP][PASSED] - Statement - PreSaveFile = new java.io.File(((pathPrefix + java.lang.Integer.toString(counter)) + .png)): null

2018-12-07 11:46:33 - [TEST_STEP][PASSED] - Statement - counter = counter + 1: null

2018-12-07 11:46:33 - [TEST_STEP][PASSED] - Statement - PreSaveFile = new java.io.File(((pathPrefix + java.lang.Integer.toString(counter)) + .png)): null

2018-12-07 11:46:33 - [TEST_STEP][PASSED] - Statement - counter = counter + 1: null

2018-12-07 11:46:33 - [TEST_STEP][PASSED] - Statement - PreSaveFile = new java.io.File(((pathPrefix + java.lang.Integer.toString(counter)) + .png)): null

2018-12-07 11:46:33 - [TEST_STEP][PASSED] - Statement - counter = counter + 1: null

2018-12-07 11:46:33 - [TEST_STEP][PASSED] - Statement - PreSaveFile = new java.io.File(((pathPrefix + java.lang.Integer.toString(counter)) + .png)): null

2018-12-07 11:46:33 - [TEST_STEP][PASSED] - Statement - counter = counter + 1: null

2018-12-07 11:46:33 - [TEST_STEP][PASSED] - Statement - PreSaveFile = new java.io.File(((pathPrefix + java.lang.Integer.toString(counter)) + .png)): null

2018-12-07 11:46:33 - [TEST_STEP][PASSED] - Statement - counter = counter + 1: null

2018-12-07 11:46:33 - [TEST_STEP][PASSED] - Statement - PreSaveFile = new java.io.File(((pathPrefix + java.lang.Integer.toString(counter)) + .png)): null

2018-12-07 11:46:33 - [TEST_STEP][PASSED] - Statement - counter = counter + 1: null

2018-12-07 11:46:33 - [TEST_STEP][PASSED] - Statement - PreSaveFile = new java.io.File(((pathPrefix + java.lang.Integer.toString(counter)) + .png)): null

2018-12-07 11:46:33 - [TEST_STEP][PASSED] - Statement - counter = counter + 1: null

2018-12-07 11:46:33 - [TEST_STEP][PASSED] - Statement - PreSaveFile = new java.io.File(((pathPrefix + java.lang.Integer.toString(counter)) + .png)): null

2018-12-07 11:46:33 - [TEST_STEP][PASSED] - Statement - counter = counter + 1: null

2018-12-07 11:46:33 - [TEST_STEP][PASSED] - Statement - PreSaveFile = new java.io.File(((pathPrefix + java.lang.Integer.toString(counter)) + .png)): null

2018-12-07 11:46:33 - [TEST_STEP][PASSED] - Statement - counter = counter + 1: null

2018-12-07 11:46:33 - [TEST_STEP][PASSED] - Statement - PreSaveFile = new java.io.File(((pathPrefix + java.lang.Integer.toString(counter)) + .png)): null

2018-12-07 11:46:33 - [TEST_STEP][PASSED] - Statement - counter = counter + 1: null

2018-12-07 11:46:33 - [TEST_STEP][PASSED] - Statement - PreSaveFile = new java.io.File(((pathPrefix + java.lang.Integer.toString(counter)) + .png)): null

2018-12-07 11:46:33 - [TEST_STEP][PASSED] - Statement - counter = counter + 1: null

2018-12-07 11:46:33 - [TEST_STEP][PASSED] - Statement - PreSaveFile = new java.io.File(((pathPrefix + java.lang.Integer.toString(counter)) + .png)): null

2018-12-07 11:46:34 - [TEST_STEP][PASSED] - Statement - counter = counter + 1: null

2018-12-07 11:46:34 - [TEST_STEP][PASSED] - Statement - PreSaveFile = new java.io.File(((pathPrefix + java.lang.Integer.toString(counter)) + .png)): null

2018-12-07 11:46:34 - [TEST_STEP][PASSED] - Statement - counter = counter + 1: null

2018-12-07 11:46:34 - [TEST_STEP][PASSED] - Statement - PreSaveFile = new java.io.File(((pathPrefix + java.lang.Integer.toString(counter)) + .png)): null

2018-12-07 11:46:34 - [TEST_STEP][PASSED] - Statement - counter = counter + 1: null

2018-12-07 11:46:34 - [TEST_STEP][PASSED] - Statement - PreSaveFile = new java.io.File(((pathPrefix + java.lang.Integer.toString(counter)) + .png)): null

2018-12-07 11:46:34 - [TEST_STEP][PASSED] - Statement - counter = counter + 1: null

2018-12-07 11:46:34 - [TEST_STEP][PASSED] - Statement - PreSaveFile = new java.io.File(((pathPrefix + java.lang.Integer.toString(counter)) + .png)): null

2018-12-07 11:46:34 - [TEST_STEP][PASSED] - Statement - counter = counter + 1: null

2018-12-07 11:46:34 - [TEST_STEP][PASSED] - Statement - PreSaveFile = new java.io.File(((pathPrefix + java.lang.Integer.toString(counter)) + .png)): null

2018-12-07 11:46:34 - [TEST_STEP][PASSED] - Statement - counter = counter + 1: null

2018-12-07 11:46:34 - [TEST_STEP][PASSED] - Statement - PreSaveFile = new java.io.File(((pathPrefix + java.lang.Integer.toString(counter)) + .png)): null

2018-12-07 11:46:34 - [TEST_STEP][PASSED] - Statement - counter = counter + 1: null

2018-12-07 11:46:34 - [TEST_STEP][PASSED] - Statement - PreSaveFile = new java.io.File(((pathPrefix + java.lang.Integer.toString(counter)) + .png)): null

2018-12-07 11:46:34 - [TEST_STEP][PASSED] - Statement - counter = counter + 1: null

2018-12-07 11:46:34 - [TEST_STEP][PASSED] - Statement - PreSaveFile = new java.io.File(((pathPrefix + java.lang.Integer.toString(counter)) + .png)): null

2018-12-07 11:46:34 - [TEST_STEP][PASSED] - Statement - counter = counter + 1: null

2018-12-07 11:46:34 - [TEST_STEP][PASSED] - Statement - PreSaveFile = new java.io.File(((pathPrefix + java.lang.Integer.toString(counter)) + .png)): null

2018-12-07 11:46:34 - [TEST_STEP][PASSED] - Statement - counter = counter + 1: null

2018-12-07 11:46:34 - [TEST_STEP][PASSED] - Statement - PreSaveFile = new java.io.File(((pathPrefix + java.lang.Integer.toString(counter)) + .png)): null

2018-12-07 11:46:34 - [TEST_STEP][PASSED] - Statement - counter = counter + 1: null

2018-12-07 11:46:34 - [TEST_STEP][PASSED] - Statement - PreSaveFile = new java.io.File(((pathPrefix + java.lang.Integer.toString(counter)) + .png)): null

2018-12-07 11:46:34 - [TEST_STEP][PASSED] - Statement - counter = counter + 1: null

2018-12-07 11:46:34 - [TEST_STEP][PASSED] - Statement - PreSaveFile = new java.io.File(((pathPrefix + java.lang.Integer.toString(counter)) + .png)): null

2018-12-07 11:46:34 - [TEST_STEP][PASSED] - Statement - counter = counter + 1: null

2018-12-07 11:46:34 - [TEST_STEP][PASSED] - Statement - PreSaveFile = new java.io.File(((pathPrefix + java.lang.Integer.toString(counter)) + .png)): null

2018-12-07 11:46:34 - [TEST_STEP][PASSED] - Statement - counter = counter + 1: null

2018-12-07 11:46:34 - [TEST_STEP][PASSED] - Statement - PreSaveFile = new java.io.File(((pathPrefix + java.lang.Integer.toString(counter)) + .png)): null

2018-12-07 11:46:35 - [TEST_STEP][PASSED] - Statement - finalPath = pathPrefix + java.lang.Integer.toString(counter) + ".png": null

2018-12-07 11:46:35 - [TEST_STEP][PASSED] - Statement - SaveFile = new java.io.File(finalPath): null

2018-12-07 11:46:35 - [TEST_STEP][PASSED] - Statement - Try: null

2018-12-07 11:46:35 - [TEST_STEP][PASSED] - Statement - org.apache.commons.io.FileUtils.copyFile(scrFile, SaveFile): null

2018-12-07 11:46:35 - [TEST_STEP][PASSED] - Statement - out.println("file kept"): null

2018-12-07 11:46:35 - [TEST_STEP][PASSED] - delay: Delayed 10 second(s)

2018-12-07 11:46:45 - [MESSAGE][PASSED] - Delayed 10 second(s)

2018-12-07 11:46:45 - [MESSAGE][PASSED] - Call Test Case 'Test Cases/Final Aug 2018 - PKS Automation/Common/Screenshoting tool' successfully]]></system-out>
         <system-err><![CDATA[]]></system-err>
      </testcase>
      <testcase name="Test Cases/Final Aug 2018 - PKS Automation/Registration Module/Workflow/Update Add New Employee/Special Case (OTC - RO Query - OTC Upload Pending Case - RO Approve)" classname="Test Cases/Final Aug 2018 - PKS Automation/Registration Module/Workflow/Update Add New Employee/Special Case (OTC - RO Query - OTC Upload Pending Case - RO Approve)" status="PASSED">
         <system-out><![CDATA[2018-12-07 11:46:45 - [TEST_CASE][PASSED] - Test Cases/Final Aug 2018 - PKS Automation/Registration Module/Workflow/Update Add New Employee/Special Case (OTC - RO Query - OTC Upload Pending Case - RO Approve): Test Cases/Final Aug 2018 - PKS Automation/Registration Module/Workflow/Update Add New Employee/Special Case (OTC - RO Query - OTC Upload Pending Case - RO Approve)

2018-12-07 11:46:45 - [TEST_STEP][PASSED] - callTestCase: Call Test Case 'Test Cases/Final Aug 2018 - PKS Automation/Registration Module/Workflow/Update Add New Employee/Template/New Company for Update Add New' successfully

2018-12-07 11:46:45 - [TEST_CASE][PASSED] - Test Cases/Final Aug 2018 - PKS Automation/Registration Module/Workflow/Update Add New Employee/Template/New Company for Update Add New: Test Cases/Final Aug 2018 - PKS Automation/Registration Module/Workflow/Update Add New Employee/Template/New Company for Update Add New

2018-12-07 11:46:45 - [TEST_STEP][PASSED] - callTestCase: Call Test Case 'Test Cases/Final Aug 2018 - PKS Automation/Registration Module/New Registration/Form 1/Form 1 - Corporation - BHD' successfully

2018-12-07 11:46:45 - [TEST_CASE][PASSED] - Test Cases/Final Aug 2018 - PKS Automation/Registration Module/New Registration/Form 1/Form 1 - Corporation - BHD: Test Cases/Final Aug 2018 - PKS Automation/Registration Module/New Registration/Form 1/Form 1 - Corporation - BHD

2018-12-07 11:46:45 - [TEST_STEP][PASSED] - openBrowser: Browser is opened with url: ''

2018-12-07 11:46:45 - [MESSAGE][WARNING] - A browser is already opened. Closing browser and opening a new one

2018-12-07 11:46:48 - [MESSAGE][PASSED] - Browser is opened with url: ''

2018-12-07 11:46:48 - [TEST_STEP][PASSED] - navigateToUrl: Navigate to 'https://assist2-uat.perkeso.gov.my/login' successfully

2018-12-07 11:46:50 - [MESSAGE][PASSED] - Navigate to 'https://assist2-uat.perkeso.gov.my/login' successfully

2018-12-07 11:46:50 - [TEST_STEP][PASSED] - setText: Text 'johorotc1@gmail.com' is set on object 'Object Repository/Final Object Repo/Login Page/Internal User/Email Address'

2018-12-07 11:46:50 - [MESSAGE][PASSED] - Text 'johorotc1@gmail.com' is set on object 'Object Repository/Final Object Repo/Login Page/Internal User/Email Address'

2018-12-07 11:46:50 - [TEST_STEP][PASSED] - click: Object: 'Object Repository/Final Object Repo/Login Page/Internal User/Next Button' is clicked on

2018-12-07 11:46:50 - [MESSAGE][PASSED] - Object: 'Object Repository/Final Object Repo/Login Page/Internal User/Next Button' is clicked on

2018-12-07 11:46:50 - [TEST_STEP][PASSED] - delay: Delayed 1 second(s)

2018-12-07 11:46:51 - [MESSAGE][PASSED] - Delayed 1 second(s)

2018-12-07 11:46:51 - [TEST_STEP][PASSED] - setEncryptedText: Text ****** has been set on object 'Object Repository/Final Object Repo/Login Page/Internal User/Password'

2018-12-07 11:46:51 - [MESSAGE][PASSED] - Text ****** has been set on object 'Object Repository/Final Object Repo/Login Page/Internal User/Password'

2018-12-07 11:46:51 - [TEST_STEP][PASSED] - click: Object: 'Object Repository/Final Object Repo/Login Page/Internal User/Login Button' is clicked on

2018-12-07 11:46:52 - [MESSAGE][PASSED] - Object: 'Object Repository/Final Object Repo/Login Page/Internal User/Login Button' is clicked on

2018-12-07 11:46:52 - [TEST_STEP][PASSED] - delay: Delayed 1 second(s)

2018-12-07 11:46:53 - [MESSAGE][PASSED] - Delayed 1 second(s)

2018-12-07 11:46:53 - [TEST_STEP][PASSED] - Statement - Try: Delayed 2 second(s)

2018-12-07 11:46:53 - [TEST_STEP][PASSED] - Statement - Checker = false: null

2018-12-07 11:46:53 - [TEST_STEP][PASSED] - Statement - Checker = com.kms.katalon.core.webui.keyword.WebUiBuiltInKeywords.verifyElementHasAttribute(com.kms.katalon.core.testobject.ObjectRepository.findTestObject(Final Object Repo/Landing Page/BM Detecting), "href", 20, OPTIONAL): Object 'Object Repository/Final Object Repo/Landing Page/BM Detecting' has attribute 'href'

2018-12-07 11:46:54 - [MESSAGE][PASSED] - Object 'Object Repository/Final Object Repo/Landing Page/BM Detecting' has attribute 'href'

2018-12-07 11:46:54 - [TEST_STEP][PASSED] - Statement - out.println(Checker): null

2018-12-07 11:46:54 - [TEST_STEP][PASSED] - Statement - If (Checker == false): null

2018-12-07 11:46:54 - [TEST_STEP][PASSED] - Statement - Else: null

2018-12-07 11:46:54 - [TEST_STEP][PASSED] - delay: Delayed 2 second(s)

2018-12-07 11:46:56 - [MESSAGE][PASSED] - Delayed 2 second(s)

2018-12-07 11:46:56 - [TEST_STEP][PASSED] - navigateToUrl: Navigate to 'https://assist2-uat.perkeso.gov.my/web/registration/registration' successfully

2018-12-07 11:46:57 - [MESSAGE][PASSED] - Navigate to 'https://assist2-uat.perkeso.gov.my/web/registration/registration' successfully

2018-12-07 11:46:57 - [TEST_STEP][PASSED] - click: Object: 'Object Repository/Final Object Repo/New Registration - Registration Module Pages/Form 1/AEC - No' is clicked on

2018-12-07 11:46:57 - [MESSAGE][PASSED] - Object: 'Object Repository/Final Object Repo/New Registration - Registration Module Pages/Form 1/AEC - No' is clicked on

2018-12-07 11:46:57 - [TEST_STEP][PASSED] - click: Object: 'Object Repository/Final Object Repo/New Registration - Registration Module Pages/Form 1/Business Entity' is clicked on

2018-12-07 11:46:57 - [MESSAGE][PASSED] - Object: 'Object Repository/Final Object Repo/New Registration - Registration Module Pages/Form 1/Business Entity' is clicked on

2018-12-07 11:46:57 - [TEST_STEP][PASSED] - click: Object: 'Object Repository/Final Object Repo/New Registration - Registration Module Pages/Form 1/Businees Entity - Corporation' is clicked on

2018-12-07 11:46:58 - [MESSAGE][PASSED] - Object: 'Object Repository/Final Object Repo/New Registration - Registration Module Pages/Form 1/Businees Entity - Corporation' is clicked on

2018-12-07 11:46:58 - [TEST_STEP][PASSED] - delay: Delayed 1 second(s)

2018-12-07 11:46:59 - [MESSAGE][PASSED] - Delayed 1 second(s)

2018-12-07 11:46:59 - [TEST_STEP][PASSED] - click: Object: 'Object Repository/Final Object Repo/New Registration - Registration Module Pages/Form 1/Sub Business Entity' is clicked on

2018-12-07 11:46:59 - [MESSAGE][PASSED] - Object: 'Object Repository/Final Object Repo/New Registration - Registration Module Pages/Form 1/Sub Business Entity' is clicked on

2018-12-07 11:46:59 - [TEST_STEP][PASSED] - click: Object: 'Object Repository/Final Object Repo/New Registration - Registration Module Pages/Form 1/Sub Business Entity - Berhad' is clicked on

2018-12-07 11:46:59 - [MESSAGE][PASSED] - Object: 'Object Repository/Final Object Repo/New Registration - Registration Module Pages/Form 1/Sub Business Entity - Berhad' is clicked on

2018-12-07 11:46:59 - [TEST_STEP][PASSED] - delay: Delayed 1 second(s)

2018-12-07 11:47:00 - [MESSAGE][PASSED] - Delayed 1 second(s)

2018-12-07 11:47:00 - [TEST_STEP][PASSED] - setText: Text '123' is set on object 'Object Repository/Final Object Repo/New Registration - Registration Module Pages/Form 1/Registration Number'

2018-12-07 11:47:00 - [MESSAGE][PASSED] - Text '123' is set on object 'Object Repository/Final Object Repo/New Registration - Registration Module Pages/Form 1/Registration Number'

2018-12-07 11:47:00 - [TEST_STEP][PASSED] - click: Object: 'Object Repository/Final Object Repo/New Registration - Registration Module Pages/Form 1/Registred with SSM - Before Feb' is clicked on

2018-12-07 11:47:01 - [MESSAGE][PASSED] - Object: 'Object Repository/Final Object Repo/New Registration - Registration Module Pages/Form 1/Registred with SSM - Before Feb' is clicked on

2018-12-07 11:47:01 - [TEST_STEP][PASSED] - click: Object: 'Object Repository/Final Object Repo/New Registration - Registration Module Pages/Form 1/Registered As a Branch - Yes' is clicked on

2018-12-07 11:47:01 - [MESSAGE][PASSED] - Object: 'Object Repository/Final Object Repo/New Registration - Registration Module Pages/Form 1/Registered As a Branch - Yes' is clicked on

2018-12-07 11:47:01 - [TEST_STEP][PASSED] - click: Object: 'Object Repository/Final Object Repo/New Registration - Registration Module Pages/Form 1/Acknowledgement' is clicked on

2018-12-07 11:47:01 - [MESSAGE][PASSED] - Object: 'Object Repository/Final Object Repo/New Registration - Registration Module Pages/Form 1/Acknowledgement' is clicked on

2018-12-07 11:47:01 - [TEST_STEP][PASSED] - setText: Text 'perkeso' is set on object 'Object Repository/Final Object Repo/New Registration - Registration Module Pages/Form 1/Industry name'

2018-12-07 11:47:01 - [MESSAGE][PASSED] - Text 'perkeso' is set on object 'Object Repository/Final Object Repo/New Registration - Registration Module Pages/Form 1/Industry name'

2018-12-07 11:47:01 - [TEST_STEP][PASSED] - setText: Text 'perkeso1' is set on object 'Object Repository/Final Object Repo/New Registration - Registration Module Pages/Form 1/Postal Address1'

2018-12-07 11:47:02 - [MESSAGE][PASSED] - Text 'perkeso1' is set on object 'Object Repository/Final Object Repo/New Registration - Registration Module Pages/Form 1/Postal Address1'

2018-12-07 11:47:02 - [TEST_STEP][PASSED] - setText: Text 'perkeso2' is set on object 'Object Repository/Final Object Repo/New Registration - Registration Module Pages/Form 1/Postal Address2'

2018-12-07 11:47:02 - [MESSAGE][PASSED] - Text 'perkeso2' is set on object 'Object Repository/Final Object Repo/New Registration - Registration Module Pages/Form 1/Postal Address2'

2018-12-07 11:47:02 - [TEST_STEP][PASSED] - setText: Text 'perkeso3' is set on object 'Object Repository/Final Object Repo/New Registration - Registration Module Pages/Form 1/Postal Address3'

2018-12-07 11:47:02 - [MESSAGE][PASSED] - Text 'perkeso3' is set on object 'Object Repository/Final Object Repo/New Registration - Registration Module Pages/Form 1/Postal Address3'

2018-12-07 11:47:02 - [TEST_STEP][PASSED] - click: Object: 'Object Repository/Final Object Repo/New Registration - Registration Module Pages/Form 1/State' is clicked on

2018-12-07 11:47:03 - [MESSAGE][PASSED] - Object: 'Object Repository/Final Object Repo/New Registration - Registration Module Pages/Form 1/State' is clicked on

2018-12-07 11:47:03 - [TEST_STEP][PASSED] - click: Object: 'Object Repository/Final Object Repo/New Registration - Registration Module Pages/Form 1/State - Johor' is clicked on

2018-12-07 11:47:03 - [MESSAGE][PASSED] - Object: 'Object Repository/Final Object Repo/New Registration - Registration Module Pages/Form 1/State - Johor' is clicked on

2018-12-07 11:47:03 - [TEST_STEP][PASSED] - delay: Delayed 1 second(s)

2018-12-07 11:47:04 - [MESSAGE][PASSED] - Delayed 1 second(s)

2018-12-07 11:47:04 - [TEST_STEP][PASSED] - click: Object: 'Object Repository/Final Object Repo/New Registration - Registration Module Pages/Form 1/City' is clicked on

2018-12-07 11:47:04 - [MESSAGE][PASSED] - Object: 'Object Repository/Final Object Repo/New Registration - Registration Module Pages/Form 1/City' is clicked on

2018-12-07 11:47:04 - [TEST_STEP][PASSED] - setText: Text 'joh' is set on object 'Object Repository/Final Object Repo/New Registration - Registration Module Pages/Form 1/Postcode - 810'

2018-12-07 11:47:04 - [MESSAGE][PASSED] - Text 'joh' is set on object 'Object Repository/Final Object Repo/New Registration - Registration Module Pages/Form 1/Postcode - 810'

2018-12-07 11:47:04 - [TEST_STEP][PASSED] - delay: Delayed 1 second(s)

2018-12-07 11:47:05 - [MESSAGE][PASSED] - Delayed 1 second(s)

2018-12-07 11:47:05 - [TEST_STEP][PASSED] - click: Object: 'Object Repository/Final Object Repo/New Registration - Registration Module Pages/Form 1/City - Johor Bharu' is clicked on

2018-12-07 11:47:05 - [MESSAGE][PASSED] - Object: 'Object Repository/Final Object Repo/New Registration - Registration Module Pages/Form 1/City - Johor Bharu' is clicked on

2018-12-07 11:47:05 - [TEST_STEP][PASSED] - delay: Delayed 1 second(s)

2018-12-07 11:47:06 - [MESSAGE][PASSED] - Delayed 1 second(s)

2018-12-07 11:47:06 - [TEST_STEP][PASSED] - click: Object: 'Object Repository/Final Object Repo/New Registration - Registration Module Pages/Form 1/Postcode' is clicked on

2018-12-07 11:47:07 - [MESSAGE][PASSED] - Object: 'Object Repository/Final Object Repo/New Registration - Registration Module Pages/Form 1/Postcode' is clicked on

2018-12-07 11:47:07 - [TEST_STEP][PASSED] - delay: Delayed 1 second(s)

2018-12-07 11:47:08 - [MESSAGE][PASSED] - Delayed 1 second(s)

2018-12-07 11:47:08 - [TEST_STEP][PASSED] - setText: Text '810' is set on object 'Object Repository/Final Object Repo/New Registration - Registration Module Pages/Form 1/Postcode - 810'

2018-12-07 11:47:08 - [MESSAGE][PASSED] - Text '810' is set on object 'Object Repository/Final Object Repo/New Registration - Registration Module Pages/Form 1/Postcode - 810'

2018-12-07 11:47:08 - [TEST_STEP][PASSED] - delay: Delayed 3 second(s)

2018-12-07 11:47:11 - [MESSAGE][PASSED] - Delayed 3 second(s)

2018-12-07 11:47:11 - [TEST_STEP][PASSED] - click: Object: 'Object Repository/Final Object Repo/New Registration - Registration Module Pages/Form 1/Postcode - 81000' is clicked on

2018-12-07 11:47:11 - [MESSAGE][PASSED] - Object: 'Object Repository/Final Object Repo/New Registration - Registration Module Pages/Form 1/Postcode - 81000' is clicked on

2018-12-07 11:47:11 - [TEST_STEP][PASSED] - delay: Delayed 1 second(s)

2018-12-07 11:47:12 - [MESSAGE][PASSED] - Delayed 1 second(s)

2018-12-07 11:47:12 - [TEST_STEP][PASSED] - setText: Text '100' is set on object 'Object Repository/Final Object Repo/New Registration - Registration Module Pages/Form 1/P.O.BOX'

2018-12-07 11:47:12 - [MESSAGE][PASSED] - Text '100' is set on object 'Object Repository/Final Object Repo/New Registration - Registration Module Pages/Form 1/P.O.BOX'

2018-12-07 11:47:12 - [TEST_STEP][PASSED] - setText: Text '100' is set on object 'Object Repository/Final Object Repo/New Registration - Registration Module Pages/Form 1/Locked Bag No'

2018-12-07 11:47:13 - [MESSAGE][PASSED] - Text '100' is set on object 'Object Repository/Final Object Repo/New Registration - Registration Module Pages/Form 1/Locked Bag No'

2018-12-07 11:47:13 - [TEST_STEP][PASSED] - click: Object: 'Object Repository/Final Object Repo/New Registration - Registration Module Pages/Form 1/SOCSO Office Location' is clicked on

2018-12-07 11:47:13 - [MESSAGE][PASSED] - Object: 'Object Repository/Final Object Repo/New Registration - Registration Module Pages/Form 1/SOCSO Office Location' is clicked on

2018-12-07 11:47:13 - [TEST_STEP][PASSED] - click: Object: 'Object Repository/Final Object Repo/New Registration - Registration Module Pages/Form 1/SOCSO Office Location - Pejabat PERKESO Negeri Johor' is clicked on

2018-12-07 11:47:13 - [MESSAGE][PASSED] - Object: 'Object Repository/Final Object Repo/New Registration - Registration Module Pages/Form 1/SOCSO Office Location - Pejabat PERKESO Negeri Johor' is clicked on

2018-12-07 11:47:13 - [TEST_STEP][PASSED] - delay: Delayed 1 second(s)

2018-12-07 11:47:14 - [MESSAGE][PASSED] - Delayed 1 second(s)

2018-12-07 11:47:14 - [TEST_STEP][PASSED] - check: Object 'Object Repository/Final Object Repo/New Registration - Registration Module Pages/Form 1/Indusrty Address Same As Postal Address' is checked

2018-12-07 11:47:14 - [MESSAGE][PASSED] - Object 'Object Repository/Final Object Repo/New Registration - Registration Module Pages/Form 1/Indusrty Address Same As Postal Address' is checked

2018-12-07 11:47:14 - [TEST_STEP][PASSED] - delay: Delayed 3 second(s)

2018-12-07 11:47:17 - [MESSAGE][PASSED] - Delayed 3 second(s)

2018-12-07 11:47:17 - [TEST_STEP][PASSED] - click: Object: 'Object Repository/Final Object Repo/New Registration - Registration Module Pages/Form 1/Indusry Address Same As Postal Address False' is clicked on

2018-12-07 11:47:17 - [MESSAGE][PASSED] - Object: 'Object Repository/Final Object Repo/New Registration - Registration Module Pages/Form 1/Indusry Address Same As Postal Address False' is clicked on

2018-12-07 11:47:17 - [TEST_STEP][PASSED] - delay: Delayed 1 second(s)

2018-12-07 11:47:18 - [MESSAGE][PASSED] - Delayed 1 second(s)

2018-12-07 11:47:18 - [TEST_STEP][PASSED] - setText: Text 'perkeso1' is set on object 'Object Repository/Final Object Repo/New Registration - Registration Module Pages/Form 1/Industry Address1'

2018-12-07 11:47:19 - [MESSAGE][PASSED] - Text 'perkeso1' is set on object 'Object Repository/Final Object Repo/New Registration - Registration Module Pages/Form 1/Industry Address1'

2018-12-07 11:47:19 - [TEST_STEP][PASSED] - setText: Text 'perkeso2' is set on object 'Object Repository/Final Object Repo/New Registration - Registration Module Pages/Form 1/Industry Address2'

2018-12-07 11:47:19 - [MESSAGE][PASSED] - Text 'perkeso2' is set on object 'Object Repository/Final Object Repo/New Registration - Registration Module Pages/Form 1/Industry Address2'

2018-12-07 11:47:19 - [TEST_STEP][PASSED] - setText: Text 'perkeso3' is set on object 'Object Repository/Final Object Repo/New Registration - Registration Module Pages/Form 1/Industry Address3'

2018-12-07 11:47:20 - [MESSAGE][PASSED] - Text 'perkeso3' is set on object 'Object Repository/Final Object Repo/New Registration - Registration Module Pages/Form 1/Industry Address3'

2018-12-07 11:47:20 - [TEST_STEP][PASSED] - click: Object: 'Object Repository/Final Object Repo/New Registration - Registration Module Pages/Form 1/Industry State' is clicked on

2018-12-07 11:47:20 - [MESSAGE][PASSED] - Object: 'Object Repository/Final Object Repo/New Registration - Registration Module Pages/Form 1/Industry State' is clicked on

2018-12-07 11:47:20 - [TEST_STEP][PASSED] - delay: Delayed 2 second(s)

2018-12-07 11:47:22 - [MESSAGE][PASSED] - Delayed 2 second(s)

2018-12-07 11:47:22 - [TEST_STEP][PASSED] - click: Object: 'Object Repository/Final Object Repo/New Registration - Registration Module Pages/Form 1/Industry State - Johor' is clicked on

2018-12-07 11:47:22 - [MESSAGE][PASSED] - Object: 'Object Repository/Final Object Repo/New Registration - Registration Module Pages/Form 1/Industry State - Johor' is clicked on

2018-12-07 11:47:22 - [TEST_STEP][PASSED] - delay: Delayed 2 second(s)

2018-12-07 11:47:24 - [MESSAGE][PASSED] - Delayed 2 second(s)

2018-12-07 11:47:24 - [TEST_STEP][PASSED] - click: Object: 'Object Repository/Final Object Repo/New Registration - Registration Module Pages/Form 1/Industry Ciry' is clicked on

2018-12-07 11:47:24 - [MESSAGE][PASSED] - Object: 'Object Repository/Final Object Repo/New Registration - Registration Module Pages/Form 1/Industry Ciry' is clicked on

2018-12-07 11:47:24 - [TEST_STEP][PASSED] - setText: Text 'joh' is set on object 'Object Repository/Final Object Repo/New Registration - Registration Module Pages/Form 1/Industry Ciry - joh'

2018-12-07 11:47:24 - [MESSAGE][PASSED] - Text 'joh' is set on object 'Object Repository/Final Object Repo/New Registration - Registration Module Pages/Form 1/Industry Ciry - joh'

2018-12-07 11:47:24 - [TEST_STEP][PASSED] - delay: Delayed 2 second(s)

2018-12-07 11:47:26 - [MESSAGE][PASSED] - Delayed 2 second(s)

2018-12-07 11:47:26 - [TEST_STEP][PASSED] - click: Object: 'Object Repository/Final Object Repo/New Registration - Registration Module Pages/Form 1/Industy State - Johor Bharu' is clicked on

2018-12-07 11:47:27 - [MESSAGE][PASSED] - Object: 'Object Repository/Final Object Repo/New Registration - Registration Module Pages/Form 1/Industy State - Johor Bharu' is clicked on

2018-12-07 11:47:27 - [TEST_STEP][PASSED] - delay: Delayed 1 second(s)

2018-12-07 11:47:28 - [MESSAGE][PASSED] - Delayed 1 second(s)

2018-12-07 11:47:28 - [TEST_STEP][PASSED] - click: Object: 'Object Repository/Final Object Repo/New Registration - Registration Module Pages/Form 1/Indusry PostCode' is clicked on

2018-12-07 11:47:28 - [MESSAGE][PASSED] - Object: 'Object Repository/Final Object Repo/New Registration - Registration Module Pages/Form 1/Indusry PostCode' is clicked on

2018-12-07 11:47:28 - [TEST_STEP][PASSED] - delay: Delayed 1 second(s)

2018-12-07 11:47:29 - [MESSAGE][PASSED] - Delayed 1 second(s)

2018-12-07 11:47:29 - [TEST_STEP][PASSED] - setText: Text '810' is set on object 'Object Repository/Final Object Repo/New Registration - Registration Module Pages/Form 1/Insutry Post Code - 810'

2018-12-07 11:47:29 - [MESSAGE][PASSED] - Text '810' is set on object 'Object Repository/Final Object Repo/New Registration - Registration Module Pages/Form 1/Insutry Post Code - 810'

2018-12-07 11:47:29 - [TEST_STEP][PASSED] - delay: Delayed 1 second(s)

2018-12-07 11:47:30 - [MESSAGE][PASSED] - Delayed 1 second(s)

2018-12-07 11:47:30 - [TEST_STEP][PASSED] - click: Object: 'Object Repository/Final Object Repo/New Registration - Registration Module Pages/Form 1/Insutry Post Code - 81000' is clicked on

2018-12-07 11:47:30 - [MESSAGE][PASSED] - Object: 'Object Repository/Final Object Repo/New Registration - Registration Module Pages/Form 1/Insutry Post Code - 81000' is clicked on

2018-12-07 11:47:30 - [TEST_STEP][PASSED] - delay: Delayed 1 second(s)

2018-12-07 11:47:31 - [MESSAGE][PASSED] - Delayed 1 second(s)

2018-12-07 11:47:31 - [TEST_STEP][PASSED] - setText: Text '100' is set on object 'Object Repository/Final Object Repo/New Registration - Registration Module Pages/Form 1/Industry P.O.BOX'

2018-12-07 11:47:32 - [MESSAGE][PASSED] - Text '100' is set on object 'Object Repository/Final Object Repo/New Registration - Registration Module Pages/Form 1/Industry P.O.BOX'

2018-12-07 11:47:32 - [TEST_STEP][PASSED] - setText: Text '100' is set on object 'Object Repository/Final Object Repo/New Registration - Registration Module Pages/Form 1/Industry Locked Bag No'

2018-12-07 11:47:32 - [MESSAGE][PASSED] - Text '100' is set on object 'Object Repository/Final Object Repo/New Registration - Registration Module Pages/Form 1/Industry Locked Bag No'

2018-12-07 11:47:32 - [TEST_STEP][PASSED] - setText: Text '123456789' is set on object 'Object Repository/Final Object Repo/New Registration - Registration Module Pages/Form 1/Telephone No'

2018-12-07 11:47:32 - [MESSAGE][PASSED] - Text '123456789' is set on object 'Object Repository/Final Object Repo/New Registration - Registration Module Pages/Form 1/Telephone No'

2018-12-07 11:47:32 - [TEST_STEP][PASSED] - setText: Text '123456789' is set on object 'Object Repository/Final Object Repo/New Registration - Registration Module Pages/Form 1/Mobile No'

2018-12-07 11:47:33 - [MESSAGE][PASSED] - Text '123456789' is set on object 'Object Repository/Final Object Repo/New Registration - Registration Module Pages/Form 1/Mobile No'

2018-12-07 11:47:33 - [TEST_STEP][PASSED] - setText: Text '123456789' is set on object 'Object Repository/Final Object Repo/New Registration - Registration Module Pages/Form 1/Fax No'

2018-12-07 11:47:33 - [MESSAGE][PASSED] - Text '123456789' is set on object 'Object Repository/Final Object Repo/New Registration - Registration Module Pages/Form 1/Fax No'

2018-12-07 11:47:33 - [TEST_STEP][PASSED] - click: Object: 'Object Repository/Final Object Repo/New Registration - Registration Module Pages/Form 1/Industry Code' is clicked on

2018-12-07 11:47:33 - [MESSAGE][PASSED] - Object: 'Object Repository/Final Object Repo/New Registration - Registration Module Pages/Form 1/Industry Code' is clicked on

2018-12-07 11:47:33 - [TEST_STEP][PASSED] - click: Object: 'Object Repository/Final Object Repo/New Registration - Registration Module Pages/Form 1/Indudustry Code - Crops and Animal' is clicked on

2018-12-07 11:47:34 - [MESSAGE][PASSED] - Object: 'Object Repository/Final Object Repo/New Registration - Registration Module Pages/Form 1/Indudustry Code - Crops and Animal' is clicked on

2018-12-07 11:47:34 - [TEST_STEP][PASSED] - delay: Delayed 1 second(s)

2018-12-07 11:47:35 - [MESSAGE][PASSED] - Delayed 1 second(s)

2018-12-07 11:47:35 - [TEST_STEP][PASSED] - click: Object: 'Object Repository/Final Object Repo/New Registration - Registration Module Pages/Form 1/Sub Industry Code List' is clicked on

2018-12-07 11:47:35 - [MESSAGE][PASSED] - Object: 'Object Repository/Final Object Repo/New Registration - Registration Module Pages/Form 1/Sub Industry Code List' is clicked on

2018-12-07 11:47:35 - [TEST_STEP][PASSED] - click: Object: 'Object Repository/Final Object Repo/New Registration - Registration Module Pages/Form 1/Sub Industry Code List - Growing of Maize' is clicked on

2018-12-07 11:47:35 - [MESSAGE][PASSED] - Object: 'Object Repository/Final Object Repo/New Registration - Registration Module Pages/Form 1/Sub Industry Code List - Growing of Maize' is clicked on

2018-12-07 11:47:35 - [TEST_STEP][PASSED] - setText: Text 'perkeso123@gmail.com' is set on object 'Object Repository/Final Object Repo/New Registration - Registration Module Pages/Form 1/Email'

2018-12-07 11:47:36 - [MESSAGE][PASSED] - Text 'perkeso123@gmail.com' is set on object 'Object Repository/Final Object Repo/New Registration - Registration Module Pages/Form 1/Email'

2018-12-07 11:47:36 - [TEST_STEP][PASSED] - click: Object: 'Object Repository/Final Object Repo/New Registration - Registration Module Pages/Form 1/Method of Contribution Payment' is clicked on

2018-12-07 11:47:36 - [MESSAGE][PASSED] - Object: 'Object Repository/Final Object Repo/New Registration - Registration Module Pages/Form 1/Method of Contribution Payment' is clicked on

2018-12-07 11:47:36 - [TEST_STEP][PASSED] - click: Object: 'Object Repository/Final Object Repo/New Registration - Registration Module Pages/Form 1/Method of Contribution Payment - Portal' is clicked on

2018-12-07 11:47:36 - [MESSAGE][PASSED] - Object: 'Object Repository/Final Object Repo/New Registration - Registration Module Pages/Form 1/Method of Contribution Payment - Portal' is clicked on

2018-12-07 11:47:36 - [TEST_STEP][PASSED] - click: Object: 'Object Repository/Final Object Repo/New Registration - Registration Module Pages/Form 1/Servide Type' is clicked on

2018-12-07 11:47:36 - [MESSAGE][PASSED] - Object: 'Object Repository/Final Object Repo/New Registration - Registration Module Pages/Form 1/Servide Type' is clicked on

2018-12-07 11:47:36 - [TEST_STEP][PASSED] - click: Object: 'Object Repository/Final Object Repo/New Registration - Registration Module Pages/Form 1/Servide Type - Professional Bodies' is clicked on

2018-12-07 11:47:37 - [MESSAGE][PASSED] - Object: 'Object Repository/Final Object Repo/New Registration - Registration Module Pages/Form 1/Servide Type - Professional Bodies' is clicked on

2018-12-07 11:47:37 - [TEST_STEP][PASSED] - click: Object: 'Object Repository/Final Object Repo/New Registration - Registration Module Pages/Form 1/Industry Venue' is clicked on

2018-12-07 11:47:37 - [MESSAGE][PASSED] - Object: 'Object Repository/Final Object Repo/New Registration - Registration Module Pages/Form 1/Industry Venue' is clicked on

2018-12-07 11:47:37 - [TEST_STEP][PASSED] - click: Object: 'Object Repository/Final Object Repo/New Registration - Registration Module Pages/Form 1/Industry Venue -  PPN JOHOR' is clicked on

2018-12-07 11:47:37 - [MESSAGE][PASSED] - Object: 'Object Repository/Final Object Repo/New Registration - Registration Module Pages/Form 1/Industry Venue -  PPN JOHOR' is clicked on

2018-12-07 11:47:37 - [TEST_STEP][PASSED] - click: Object: 'Object Repository/Final Object Repo/New Registration - Registration Module Pages/Form 1/Save  Continue' is clicked on

2018-12-07 11:47:37 - [MESSAGE][PASSED] - Object: 'Object Repository/Final Object Repo/New Registration - Registration Module Pages/Form 1/Save  Continue' is clicked on

2018-12-07 11:47:37 - [MESSAGE][PASSED] - Call Test Case 'Test Cases/Final Aug 2018 - PKS Automation/Registration Module/New Registration/Form 1/Form 1 - Corporation - BHD' successfully

2018-12-07 11:47:37 - [TEST_STEP][PASSED] - callTestCase: Call Test Case 'Test Cases/Final Aug 2018 - PKS Automation/Registration Module/New Registration/Form 2/Add 1 Eligible' successfully

2018-12-07 11:47:37 - [TEST_CASE][PASSED] - Test Cases/Final Aug 2018 - PKS Automation/Registration Module/New Registration/Form 2/Add 1 Eligible: Test Cases/Final Aug 2018 - PKS Automation/Registration Module/New Registration/Form 2/Add 1 Eligible

2018-12-07 11:47:37 - [TEST_STEP][PASSED] - delay: Delayed 2 second(s)

2018-12-07 11:47:39 - [MESSAGE][PASSED] - Delayed 2 second(s)

2018-12-07 11:47:39 - [TEST_STEP][PASSED] - callTestCase: Call Test Case 'Test Cases/Final Aug 2018 - PKS Automation/Registration Module/New Registration/Form 2/Date Updater' successfully

2018-12-07 11:47:39 - [TEST_CASE][PASSED] - Test Cases/Final Aug 2018 - PKS Automation/Registration Module/New Registration/Form 2/Date Updater: Test Cases/Final Aug 2018 - PKS Automation/Registration Module/New Registration/Form 2/Date Updater

2018-12-07 11:47:39 - [TEST_STEP][PASSED] - Statement - TodayDate = new java.util.Date(): null

2018-12-07 11:47:39 - [TEST_STEP][PASSED] - Statement - CurrentDateNoFilter = new java.text.SimpleDateFormat(): null

2018-12-07 11:47:39 - [TEST_STEP][PASSED] - Statement - CurrentDateNoFilter.applyPattern("MM"): null

2018-12-07 11:47:39 - [TEST_STEP][PASSED] - Statement - monthContainerMatcher = java.lang.Integer.parseInt(CurrentDateNoFilter.format(TodayDate)): null

2018-12-07 11:47:39 - [TEST_STEP][PASSED] - Statement - monthContainerMatcher = monthContainerMatcher - 1: null

2018-12-07 11:47:39 - [TEST_STEP][PASSED] - Statement - CurrentMonth = monthContainerMatcher.toString(): null

2018-12-07 11:47:39 - [TEST_STEP][PASSED] - Statement - CurrentMonth = CurrentMonth: null

2018-12-07 11:47:39 - [TEST_STEP][PASSED] - Statement - CurrentDateNoFilter.applyPattern("yyyy"): null

2018-12-07 11:47:39 - [TEST_STEP][PASSED] - Statement - CurrentYear = CurrentDateNoFilter.format(TodayDate): null

2018-12-07 11:47:39 - [TEST_STEP][PASSED] - Statement - CurrentYear = CurrentYear: null

2018-12-07 11:47:39 - [TEST_STEP][PASSED] - Statement - intCurrentYear = java.lang.Integer.parseInt(CurrentDateNoFilter.format(TodayDate)): null

2018-12-07 11:47:39 - [TEST_STEP][PASSED] - Statement - eighteenYrsAgo = intCurrentYear - 18: null

2018-12-07 11:47:39 - [TEST_STEP][PASSED] - Statement - eighteenYrsBeforeThisYr = eighteenYrsAgo.toString(): null

2018-12-07 11:47:39 - [TEST_STEP][PASSED] - Statement - EighteenYrsBefore = eighteenYrsBeforeThisYr: null

2018-12-07 11:47:39 - [TEST_STEP][PASSED] - Statement - fiftysevenYrsAgo = intCurrentYear - 57: null

2018-12-07 11:47:39 - [TEST_STEP][PASSED] - Statement - fiftysevenYrsBeforeThisYr = fiftysevenYrsAgo.toString(): null

2018-12-07 11:47:39 - [TEST_STEP][PASSED] - Statement - FiftysevenYrsBefore = fiftysevenYrsBeforeThisYr: null

2018-12-07 11:47:39 - [TEST_STEP][PASSED] - Statement - leapYear = false: null

2018-12-07 11:47:39 - [TEST_STEP][PASSED] - Statement - leapYear = intCurrentYear % 4 == 0: null

2018-12-07 11:47:39 - [TEST_STEP][PASSED] - Statement - CurrentDateNoFilter.applyPattern("dd"): null

2018-12-07 11:47:39 - [TEST_STEP][PASSED] - Statement - CurrentDate = CurrentDateNoFilter.format(TodayDate): null

2018-12-07 11:47:39 - [TEST_STEP][PASSED] - Statement - CurrentDate = java.lang.Integer.parseInt(CurrentDate): null

2018-12-07 11:47:39 - [TEST_STEP][PASSED] - Statement - CurrentDate = CurrentDate: null

2018-12-07 11:47:39 - [TEST_STEP][PASSED] - Statement - CurrentDay = java.lang.Integer.parseInt(CurrentDate): null

2018-12-07 11:47:39 - [TEST_STEP][PASSED] - Statement - ConfAdder = <not implemented yet for class: org.codehaus.groovy.ast.expr.EmptyExpression>: null

2018-12-07 11:47:39 - [TEST_STEP][PASSED] - Statement - out.println(CurrentMonth): null

2018-12-07 11:47:39 - [TEST_STEP][PASSED] - Statement - out.println(CurrentDate): null

2018-12-07 11:47:39 - [TEST_STEP][PASSED] - Statement - switch (CurrentDate): null

2018-12-07 11:47:39 - [TEST_STEP][PASSED] - Statement - Default: null

2018-12-07 11:47:39 - [TEST_STEP][PASSED] - Statement - ConfAdder = true: null

2018-12-07 11:47:39 - [TEST_STEP][PASSED] - Statement - Break: null

2018-12-07 11:47:39 - [TEST_STEP][PASSED] - Statement - aDayBefore = <not implemented yet for class: org.codehaus.groovy.ast.expr.EmptyExpression>: null

2018-12-07 11:47:39 - [TEST_STEP][PASSED] - Statement - out.println(ConfAdder): null

2018-12-07 11:47:39 - [TEST_STEP][PASSED] - Statement - If (ConfAdder == true): null

2018-12-07 11:47:39 - [TEST_STEP][PASSED] - Statement - aDayBefore = CurrentDay + 1: null

2018-12-07 11:47:39 - [TEST_STEP][PASSED] - Statement - out.println(aDayBefore): null

2018-12-07 11:47:39 - [TEST_STEP][PASSED] - Statement - If (aDayBefore == 1 && CurrentMonth == 11): null

2018-12-07 11:47:39 - [TEST_STEP][PASSED] - Statement - DayBefore = aDayBefore.toString(): null

2018-12-07 11:47:39 - [TEST_STEP][PASSED] - Statement - OneDayBefore = DayBefore: null

2018-12-07 11:47:40 - [MESSAGE][PASSED] - Call Test Case 'Test Cases/Final Aug 2018 - PKS Automation/Registration Module/New Registration/Form 2/Date Updater' successfully

2018-12-07 11:47:40 - [TEST_STEP][PASSED] - delay: Delayed 1 second(s)

2018-12-07 11:47:41 - [MESSAGE][PASSED] - Delayed 1 second(s)

2018-12-07 11:47:41 - [TEST_STEP][PASSED] - Statement - CaseReferenceNo = com.kms.katalon.core.webui.keyword.WebUiBuiltInKeywords.getText(com.kms.katalon.core.testobject.ObjectRepository.findTestObject(Final Object Repo/New Registration - Registration Module Pages/Form 2/RefNo Acquiring)): Text of object 'Object Repository/Final Object Repo/New Registration - Registration Module Pages/Form 2/RefNo Acquiring' is: 'CRN12201800123089'

2018-12-07 11:47:41 - [MESSAGE][PASSED] - Text of object 'Object Repository/Final Object Repo/New Registration - Registration Module Pages/Form 2/RefNo Acquiring' is: 'CRN12201800123089'

2018-12-07 11:47:41 - [TEST_STEP][PASSED] - delay: Delayed 1 second(s)

2018-12-07 11:47:42 - [MESSAGE][PASSED] - Delayed 1 second(s)

2018-12-07 11:47:42 - [TEST_STEP][PASSED] - click: Object: 'Object Repository/Final Object Repo/New Registration - Registration Module Pages/Form 2/Add Employee Button' is clicked on

2018-12-07 11:47:42 - [MESSAGE][PASSED] - Object: 'Object Repository/Final Object Repo/New Registration - Registration Module Pages/Form 2/Add Employee Button' is clicked on

2018-12-07 11:47:42 - [TEST_STEP][PASSED] - delay: Delayed 1 second(s)

2018-12-07 11:47:43 - [MESSAGE][PASSED] - Delayed 1 second(s)

2018-12-07 11:47:43 - [TEST_STEP][PASSED] - setText: Text '010903091963' is set on object 'Object Repository/Final Object Repo/New Registration - Registration Module Pages/Form 2/NRIC Input'

2018-12-07 11:47:44 - [MESSAGE][PASSED] - Text '010903091963' is set on object 'Object Repository/Final Object Repo/New Registration - Registration Module Pages/Form 2/NRIC Input'

2018-12-07 11:47:44 - [TEST_STEP][PASSED] - click: Object: 'Object Repository/Final Object Repo/New Registration - Registration Module Pages/Form 2/button for search for IC' is clicked on

2018-12-07 11:47:44 - [MESSAGE][PASSED] - Object: 'Object Repository/Final Object Repo/New Registration - Registration Module Pages/Form 2/button for search for IC' is clicked on

2018-12-07 11:47:44 - [TEST_STEP][PASSED] - delay: Delayed 2 second(s)

2018-12-07 11:47:46 - [MESSAGE][PASSED] - Delayed 2 second(s)

2018-12-07 11:47:46 - [TEST_STEP][PASSED] - setText: Text 'Automate001 eligible 1' is set on object 'Object Repository/Final Object Repo/New Registration - Registration Module Pages/Form 2/Employee Name Input'

2018-12-07 11:47:46 - [MESSAGE][PASSED] - Text 'Automate001 eligible 1' is set on object 'Object Repository/Final Object Repo/New Registration - Registration Module Pages/Form 2/Employee Name Input'

2018-12-07 11:47:46 - [TEST_STEP][PASSED] - delay: Delayed 2 second(s)

2018-12-07 11:47:48 - [MESSAGE][PASSED] - Delayed 2 second(s)

2018-12-07 11:47:48 - [TEST_STEP][PASSED] - click: Object: 'Object Repository/Final Object Repo/New Registration - Registration Module Pages/Form 2/DatePicker Pop Up' is clicked on

2018-12-07 11:47:49 - [MESSAGE][PASSED] - Object: 'Object Repository/Final Object Repo/New Registration - Registration Module Pages/Form 2/DatePicker Pop Up' is clicked on

2018-12-07 11:47:49 - [TEST_STEP][PASSED] - click: Object: 'Object Repository/Final Object Repo/New Registration - Registration Module Pages/Form 2/DOB Month' is clicked on

2018-12-07 11:47:49 - [MESSAGE][PASSED] - Object: 'Object Repository/Final Object Repo/New Registration - Registration Module Pages/Form 2/DOB Month' is clicked on

2018-12-07 11:47:49 - [TEST_STEP][PASSED] - Statement - CurrentMonth = CurrentMonth: null

2018-12-07 11:47:49 - [TEST_STEP][PASSED] - Statement - selectMonth = new com.kms.katalon.core.testobject.TestObject(): null

2018-12-07 11:47:49 - [TEST_STEP][PASSED] - Statement - selectMonth.addProperty("xpath", EQUALS, "//body/div/div/div/select/option[@value='" + CurrentMonth + "']", true): null

2018-12-07 11:47:49 - [TEST_STEP][PASSED] - click: Object: '' is clicked on

2018-12-07 11:47:49 - [MESSAGE][PASSED] - Object: '' is clicked on

2018-12-07 11:47:49 - [TEST_STEP][PASSED] - click: Object: 'Object Repository/Final Object Repo/New Registration - Registration Module Pages/Form 2/DOB Year' is clicked on

2018-12-07 11:47:49 - [MESSAGE][PASSED] - Object: 'Object Repository/Final Object Repo/New Registration - Registration Module Pages/Form 2/DOB Year' is clicked on

2018-12-07 11:47:49 - [TEST_STEP][PASSED] - Statement - Eyearsbf = EighteenYrsBefore: null

2018-12-07 11:47:49 - [TEST_STEP][PASSED] - Statement - selectYear = new com.kms.katalon.core.testobject.TestObject(): null

2018-12-07 11:47:49 - [TEST_STEP][PASSED] - Statement - selectYear.addProperty("xpath", EQUALS, "//div/div/div/select/option[@value='" + Eyearsbf + "']", true): null

2018-12-07 11:47:49 - [TEST_STEP][PASSED] - click: Object: '' is clicked on

2018-12-07 11:47:49 - [MESSAGE][PASSED] - Object: '' is clicked on

2018-12-07 11:47:49 - [TEST_STEP][PASSED] - Statement - UpdatedSelectDate = com.kms.katalon.core.webui.keyword.WebUiBuiltInKeywords.modifyObjectProperty(com.kms.katalon.core.testobject.ObjectRepository.findTestObject(Final Object Repo/New Registration - Registration Module Pages/Form 2/DOB Date), "xpath", "equals", "//body/div/table/tbody/tr/td/a[text()="" + CurrentDate + ""]", true): Modify property of object successfully

2018-12-07 11:47:49 - [MESSAGE][PASSED] - Modify property of object successfully

2018-12-07 11:47:49 - [TEST_STEP][PASSED] - delay: Delayed 3 second(s)

2018-12-07 11:47:52 - [MESSAGE][PASSED] - Delayed 3 second(s)

2018-12-07 11:47:52 - [TEST_STEP][PASSED] - click: Object: 'Object Repository/Final Object Repo/New Registration - Registration Module Pages/Form 2/DOB Date' is clicked on

2018-12-07 11:47:53 - [MESSAGE][PASSED] - Object: 'Object Repository/Final Object Repo/New Registration - Registration Module Pages/Form 2/DOB Date' is clicked on

2018-12-07 11:47:53 - [TEST_STEP][PASSED] - delay: Delayed 2 second(s)

2018-12-07 11:47:55 - [MESSAGE][PASSED] - Delayed 2 second(s)

2018-12-07 11:47:55 - [TEST_STEP][PASSED] - click: Object: 'Object Repository/Final Object Repo/New Registration - Registration Module Pages/Form 2/EmploymentStartDate Pop Up' is clicked on

2018-12-07 11:47:55 - [MESSAGE][PASSED] - Object: 'Object Repository/Final Object Repo/New Registration - Registration Module Pages/Form 2/EmploymentStartDate Pop Up' is clicked on

2018-12-07 11:47:55 - [TEST_STEP][PASSED] - delay: Delayed 2 second(s)

2018-12-07 11:47:57 - [MESSAGE][PASSED] - Delayed 2 second(s)

2018-12-07 11:47:57 - [TEST_STEP][PASSED] - click: Object: 'Object Repository/Final Object Repo/New Registration - Registration Module Pages/Form 2/Socso Employment StartDate Month' is clicked on

2018-12-07 11:47:57 - [MESSAGE][PASSED] - Object: 'Object Repository/Final Object Repo/New Registration - Registration Module Pages/Form 2/Socso Employment StartDate Month' is clicked on

2018-12-07 11:47:57 - [TEST_STEP][PASSED] - delay: Delayed 1 second(s)

2018-12-07 11:47:58 - [MESSAGE][PASSED] - Delayed 1 second(s)

2018-12-07 11:47:58 - [TEST_STEP][PASSED] - click: Object: 'Object Repository/Final Object Repo/New Registration - Registration Module Pages/Form 2/Select Socso Employement Startdate Month' is clicked on

2018-12-07 11:47:58 - [MESSAGE][PASSED] - Object: 'Object Repository/Final Object Repo/New Registration - Registration Module Pages/Form 2/Select Socso Employement Startdate Month' is clicked on

2018-12-07 11:47:58 - [TEST_STEP][PASSED] - delay: Delayed 2 second(s)

2018-12-07 11:48:00 - [MESSAGE][PASSED] - Delayed 2 second(s)

2018-12-07 11:48:00 - [TEST_STEP][PASSED] - click: Object: 'Object Repository/Final Object Repo/New Registration - Registration Module Pages/Form 2/Socso Employment StartDate Year' is clicked on

2018-12-07 11:48:00 - [MESSAGE][PASSED] - Object: 'Object Repository/Final Object Repo/New Registration - Registration Module Pages/Form 2/Socso Employment StartDate Year' is clicked on

2018-12-07 11:48:00 - [TEST_STEP][PASSED] - delay: Delayed 1 second(s)

2018-12-07 11:48:01 - [MESSAGE][PASSED] - Delayed 1 second(s)

2018-12-07 11:48:01 - [TEST_STEP][PASSED] - click: Object: 'Object Repository/Final Object Repo/New Registration - Registration Module Pages/Form 2/Select Socso Employment Startdate Year' is clicked on

2018-12-07 11:48:01 - [MESSAGE][PASSED] - Object: 'Object Repository/Final Object Repo/New Registration - Registration Module Pages/Form 2/Select Socso Employment Startdate Year' is clicked on

2018-12-07 11:48:01 - [TEST_STEP][PASSED] - delay: Delayed 2 second(s)

2018-12-07 11:48:03 - [MESSAGE][PASSED] - Delayed 2 second(s)

2018-12-07 11:48:03 - [TEST_STEP][PASSED] - click: Object: 'Object Repository/Final Object Repo/New Registration - Registration Module Pages/Form 2/Socso Employment Start Date Day' is clicked on

2018-12-07 11:48:04 - [MESSAGE][PASSED] - Object: 'Object Repository/Final Object Repo/New Registration - Registration Module Pages/Form 2/Socso Employment Start Date Day' is clicked on

2018-12-07 11:48:04 - [TEST_STEP][PASSED] - delay: Delayed 2 second(s)

2018-12-07 11:48:06 - [MESSAGE][PASSED] - Delayed 2 second(s)

2018-12-07 11:48:06 - [TEST_STEP][PASSED] - click: Object: 'Object Repository/Final Object Repo/New Registration - Registration Module Pages/Form 2/Save Button for Add Employee' is clicked on

2018-12-07 11:48:06 - [MESSAGE][PASSED] - Object: 'Object Repository/Final Object Repo/New Registration - Registration Module Pages/Form 2/Save Button for Add Employee' is clicked on

2018-12-07 11:48:06 - [TEST_STEP][PASSED] - delay: Delayed 6 second(s)

2018-12-07 11:48:12 - [MESSAGE][PASSED] - Delayed 6 second(s)

2018-12-07 11:48:12 - [TEST_STEP][PASSED] - click: Object: 'Object Repository/Final Object Repo/New Registration - Registration Module Pages/Form 2/Save and Continue Form 2' is clicked on

2018-12-07 11:48:12 - [MESSAGE][PASSED] - Object: 'Object Repository/Final Object Repo/New Registration - Registration Module Pages/Form 2/Save and Continue Form 2' is clicked on

2018-12-07 11:48:12 - [MESSAGE][PASSED] - Call Test Case 'Test Cases/Final Aug 2018 - PKS Automation/Registration Module/New Registration/Form 2/Add 1 Eligible' successfully

2018-12-07 11:48:12 - [TEST_STEP][PASSED] - callTestCase: Call Test Case 'Test Cases/Final Aug 2018 - PKS Automation/Registration Module/New Registration/Flow of New Registration/Third Screen - Upload Supporting Doc - Preview' successfully

2018-12-07 11:48:12 - [TEST_CASE][PASSED] - Test Cases/Final Aug 2018 - PKS Automation/Registration Module/New Registration/Flow of New Registration/Third Screen - Upload Supporting Doc - Preview: Test Cases/Final Aug 2018 - PKS Automation/Registration Module/New Registration/Flow of New Registration/Third Screen - Upload Supporting Doc - Preview

2018-12-07 11:48:12 - [TEST_STEP][PASSED] - waitForPageLoad: Wait for page load successfully

2018-12-07 11:48:13 - [MESSAGE][PASSED] - Wait for page load successfully

2018-12-07 11:48:13 - [TEST_STEP][PASSED] - Statement - CaseReferenceNo = com.kms.katalon.core.webui.keyword.WebUiBuiltInKeywords.getText(com.kms.katalon.core.testobject.ObjectRepository.findTestObject(Final Object Repo/New Registration - Registration Module Pages/Third Screen - Upload Supporting Doc- Preview/RefNo Acquiring)): Text of object 'Object Repository/Final Object Repo/New Registration - Registration Module Pages/Third Screen - Upload Supporting Doc- Preview/RefNo Acquiring' is: 'CRN12201800123089'

2018-12-07 11:48:13 - [MESSAGE][PASSED] - Text of object 'Object Repository/Final Object Repo/New Registration - Registration Module Pages/Third Screen - Upload Supporting Doc- Preview/RefNo Acquiring' is: 'CRN12201800123089'

2018-12-07 11:48:13 - [TEST_STEP][PASSED] - delay: Delayed 2 second(s)

2018-12-07 11:48:15 - [MESSAGE][PASSED] - Delayed 2 second(s)

2018-12-07 11:48:15 - [TEST_STEP][PASSED] - callTestCase: Call Test Case 'Test Cases/Final Aug 2018 - PKS Automation/Common/Reference Number Setter' successfully

2018-12-07 11:48:15 - [TEST_CASE][PASSED] - Test Cases/Final Aug 2018 - PKS Automation/Common/Reference Number Setter: Test Cases/Final Aug 2018 - PKS Automation/Common/Reference Number Setter

2018-12-07 11:48:15 - [TEST_STEP][PASSED] - Statement - RefNoOldFile = new java.io.File(C://Users//Admin//Desktop//PKS//Automation Reference Point//KatalonReference.txt): null

2018-12-07 11:48:15 - [TEST_STEP][PASSED] - Statement - RefNoOldFile.delete(): null

2018-12-07 11:48:15 - [TEST_STEP][PASSED] - delay: Delayed 5 second(s)

2018-12-07 11:48:20 - [MESSAGE][PASSED] - Delayed 5 second(s)

2018-12-07 11:48:20 - [TEST_STEP][PASSED] - Statement - RefNo = new java.io.File(C://Users//Admin//Desktop//PKS//Automation Reference Point//KatalonReference.txt): null

2018-12-07 11:48:20 - [TEST_STEP][PASSED] - Statement - f2 = new java.io.FileWriter(RefNo, false): null

2018-12-07 11:48:20 - [TEST_STEP][PASSED] - Statement - f2.write(CaseReferenceNo): null

2018-12-07 11:48:20 - [TEST_STEP][PASSED] - Statement - f2.close(): null

2018-12-07 11:48:20 - [TEST_STEP][PASSED] - Statement - out.println("


" + CaseReferenceNo + "


"): null

2018-12-07 11:48:20 - [MESSAGE][PASSED] - Call Test Case 'Test Cases/Final Aug 2018 - PKS Automation/Common/Reference Number Setter' successfully

2018-12-07 11:48:20 - [TEST_STEP][PASSED] - waitForElementClickable: Object 'Object Repository/Final Object Repo/New Registration - Registration Module Pages/Third Screen - Upload Supporting Doc- Preview/Save n Continue in SIP Employee Listing Page' is clickable

2018-12-07 11:48:20 - [MESSAGE][PASSED] - Object 'Object Repository/Final Object Repo/New Registration - Registration Module Pages/Third Screen - Upload Supporting Doc- Preview/Save n Continue in SIP Employee Listing Page' is clickable

2018-12-07 11:48:20 - [TEST_STEP][PASSED] - click: Object: 'Object Repository/Final Object Repo/New Registration - Registration Module Pages/Third Screen - Upload Supporting Doc- Preview/Save n Continue in SIP Employee Listing Page' is clicked on

2018-12-07 11:48:26 - [MESSAGE][PASSED] - Object: 'Object Repository/Final Object Repo/New Registration - Registration Module Pages/Third Screen - Upload Supporting Doc- Preview/Save n Continue in SIP Employee Listing Page' is clicked on

2018-12-07 11:48:26 - [TEST_STEP][PASSED] - delay: Delayed 7 second(s)

2018-12-07 11:48:33 - [MESSAGE][PASSED] - Delayed 7 second(s)

2018-12-07 11:48:33 - [TEST_STEP][PASSED] - click: Object: 'Object Repository/Final Object Repo/New Registration - Registration Module Pages/Third Screen - Upload Supporting Doc- Preview/Add Document Button' is clicked on

2018-12-07 11:48:33 - [MESSAGE][PASSED] - Object: 'Object Repository/Final Object Repo/New Registration - Registration Module Pages/Third Screen - Upload Supporting Doc- Preview/Add Document Button' is clicked on

2018-12-07 11:48:33 - [TEST_STEP][PASSED] - delay: Delayed 30 second(s)

2018-12-07 11:49:03 - [MESSAGE][PASSED] - Delayed 30 second(s)

2018-12-07 11:49:03 - [TEST_STEP][PASSED] - click: Object: 'Object Repository/Final Object Repo/New Registration - Registration Module Pages/Third Screen - Upload Supporting Doc- Preview/Supporting Doc Please Select Drop Down' is clicked on

2018-12-07 11:49:03 - [MESSAGE][PASSED] - Object: 'Object Repository/Final Object Repo/New Registration - Registration Module Pages/Third Screen - Upload Supporting Doc- Preview/Supporting Doc Please Select Drop Down' is clicked on

2018-12-07 11:49:03 - [TEST_STEP][PASSED] - delay: Delayed 2 second(s)

2018-12-07 11:49:05 - [MESSAGE][PASSED] - Delayed 2 second(s)

2018-12-07 11:49:05 - [TEST_STEP][PASSED] - click: Object: 'Object Repository/Final Object Repo/New Registration - Registration Module Pages/Third Screen - Upload Supporting Doc- Preview/Select to Upload Form 1' is clicked on

2018-12-07 11:49:05 - [MESSAGE][PASSED] - Object: 'Object Repository/Final Object Repo/New Registration - Registration Module Pages/Third Screen - Upload Supporting Doc- Preview/Select to Upload Form 1' is clicked on

2018-12-07 11:49:05 - [TEST_STEP][PASSED] - delay: Delayed 2 second(s)

2018-12-07 11:49:07 - [MESSAGE][PASSED] - Delayed 2 second(s)

2018-12-07 11:49:07 - [TEST_STEP][PASSED] - uploadFile: File 'C:\Users\Public\Pictures\Sample Pictures\Koala.jpg' sent to object: 'Object Repository/Final Object Repo/New Registration - Registration Module Pages/Third Screen - Upload Supporting Doc- Preview/Upload File Adding'

2018-12-07 11:49:08 - [MESSAGE][PASSED] - File 'C:\Users\Public\Pictures\Sample Pictures\Koala.jpg' sent to object: 'Object Repository/Final Object Repo/New Registration - Registration Module Pages/Third Screen - Upload Supporting Doc- Preview/Upload File Adding'

2018-12-07 11:49:08 - [TEST_STEP][PASSED] - delay: Delayed 5 second(s)

2018-12-07 11:49:13 - [MESSAGE][PASSED] - Delayed 5 second(s)

2018-12-07 11:49:13 - [TEST_STEP][PASSED] - click: Object: 'Object Repository/Final Object Repo/New Registration - Registration Module Pages/Third Screen - Upload Supporting Doc- Preview/Inner Form Add Document Button' is clicked on

2018-12-07 11:49:13 - [MESSAGE][PASSED] - Object: 'Object Repository/Final Object Repo/New Registration - Registration Module Pages/Third Screen - Upload Supporting Doc- Preview/Inner Form Add Document Button' is clicked on

2018-12-07 11:49:13 - [TEST_STEP][PASSED] - delay: Delayed 3 second(s)

2018-12-07 11:49:16 - [MESSAGE][PASSED] - Delayed 3 second(s)

2018-12-07 11:49:16 - [TEST_STEP][PASSED] - click: Object: 'Object Repository/Final Object Repo/New Registration - Registration Module Pages/Third Screen - Upload Supporting Doc- Preview/Add Document Button' is clicked on

2018-12-07 11:49:17 - [MESSAGE][PASSED] - Object: 'Object Repository/Final Object Repo/New Registration - Registration Module Pages/Third Screen - Upload Supporting Doc- Preview/Add Document Button' is clicked on

2018-12-07 11:49:17 - [TEST_STEP][PASSED] - delay: Delayed 30 second(s)

2018-12-07 11:49:47 - [MESSAGE][PASSED] - Delayed 30 second(s)

2018-12-07 11:49:47 - [TEST_STEP][PASSED] - click: Object: 'Object Repository/Final Object Repo/New Registration - Registration Module Pages/Third Screen - Upload Supporting Doc- Preview/Supporting Doc Please Select Drop Down' is clicked on

2018-12-07 11:49:47 - [MESSAGE][PASSED] - Object: 'Object Repository/Final Object Repo/New Registration - Registration Module Pages/Third Screen - Upload Supporting Doc- Preview/Supporting Doc Please Select Drop Down' is clicked on

2018-12-07 11:49:47 - [TEST_STEP][PASSED] - delay: Delayed 2 second(s)

2018-12-07 11:49:49 - [MESSAGE][PASSED] - Delayed 2 second(s)

2018-12-07 11:49:49 - [TEST_STEP][PASSED] - click: Object: 'Object Repository/Final Object Repo/New Registration - Registration Module Pages/Third Screen - Upload Supporting Doc- Preview/Select to Upload Form 2' is clicked on

2018-12-07 11:49:50 - [MESSAGE][PASSED] - Object: 'Object Repository/Final Object Repo/New Registration - Registration Module Pages/Third Screen - Upload Supporting Doc- Preview/Select to Upload Form 2' is clicked on

2018-12-07 11:49:50 - [TEST_STEP][PASSED] - delay: Delayed 2 second(s)

2018-12-07 11:49:52 - [MESSAGE][PASSED] - Delayed 2 second(s)

2018-12-07 11:49:52 - [TEST_STEP][PASSED] - uploadFile: File 'C:\Users\Public\Pictures\Sample Pictures\Koala.jpg' sent to object: 'Object Repository/Final Object Repo/New Registration - Registration Module Pages/Third Screen - Upload Supporting Doc- Preview/Upload File Adding'

2018-12-07 11:49:52 - [MESSAGE][PASSED] - File 'C:\Users\Public\Pictures\Sample Pictures\Koala.jpg' sent to object: 'Object Repository/Final Object Repo/New Registration - Registration Module Pages/Third Screen - Upload Supporting Doc- Preview/Upload File Adding'

2018-12-07 11:49:52 - [TEST_STEP][PASSED] - click: Object: 'Object Repository/Final Object Repo/New Registration - Registration Module Pages/Third Screen - Upload Supporting Doc- Preview/Inner Form Add Document Button' is clicked on

2018-12-07 11:49:52 - [MESSAGE][PASSED] - Object: 'Object Repository/Final Object Repo/New Registration - Registration Module Pages/Third Screen - Upload Supporting Doc- Preview/Inner Form Add Document Button' is clicked on

2018-12-07 11:49:52 - [TEST_STEP][PASSED] - delay: Delayed 5 second(s)

2018-12-07 11:49:57 - [MESSAGE][PASSED] - Delayed 5 second(s)

2018-12-07 11:49:57 - [TEST_STEP][PASSED] - click: Object: 'Object Repository/Final Object Repo/New Registration - Registration Module Pages/Third Screen - Upload Supporting Doc- Preview/Add Document Button' is clicked on

2018-12-07 11:49:57 - [MESSAGE][PASSED] - Object: 'Object Repository/Final Object Repo/New Registration - Registration Module Pages/Third Screen - Upload Supporting Doc- Preview/Add Document Button' is clicked on

2018-12-07 11:49:57 - [TEST_STEP][PASSED] - delay: Delayed 30 second(s)

2018-12-07 11:50:27 - [MESSAGE][PASSED] - Delayed 30 second(s)

2018-12-07 11:50:27 - [TEST_STEP][PASSED] - click: Object: 'Object Repository/Final Object Repo/New Registration - Registration Module Pages/Third Screen - Upload Supporting Doc- Preview/Supporting Doc Please Select Drop Down' is clicked on

2018-12-07 11:50:27 - [MESSAGE][PASSED] - Object: 'Object Repository/Final Object Repo/New Registration - Registration Module Pages/Third Screen - Upload Supporting Doc- Preview/Supporting Doc Please Select Drop Down' is clicked on

2018-12-07 11:50:27 - [TEST_STEP][PASSED] - click: Object: 'Object Repository/Final Object Repo/New Registration - Registration Module Pages/Third Screen - Upload Supporting Doc- Preview/Select to Upload Borang SIP 1' is clicked on

2018-12-07 11:50:28 - [MESSAGE][PASSED] - Object: 'Object Repository/Final Object Repo/New Registration - Registration Module Pages/Third Screen - Upload Supporting Doc- Preview/Select to Upload Borang SIP 1' is clicked on

2018-12-07 11:50:28 - [TEST_STEP][PASSED] - delay: Delayed 2 second(s)

2018-12-07 11:50:30 - [MESSAGE][PASSED] - Delayed 2 second(s)

2018-12-07 11:50:30 - [TEST_STEP][PASSED] - uploadFile: File 'C:\Users\Public\Pictures\Sample Pictures\Koala.jpg' sent to object: 'Object Repository/Final Object Repo/New Registration - Registration Module Pages/Third Screen - Upload Supporting Doc- Preview/Upload File Adding'

2018-12-07 11:50:30 - [MESSAGE][PASSED] - File 'C:\Users\Public\Pictures\Sample Pictures\Koala.jpg' sent to object: 'Object Repository/Final Object Repo/New Registration - Registration Module Pages/Third Screen - Upload Supporting Doc- Preview/Upload File Adding'

2018-12-07 11:50:30 - [TEST_STEP][PASSED] - click: Object: 'Object Repository/Final Object Repo/New Registration - Registration Module Pages/Third Screen - Upload Supporting Doc- Preview/Inner Form Add Document Button' is clicked on

2018-12-07 11:50:30 - [MESSAGE][PASSED] - Object: 'Object Repository/Final Object Repo/New Registration - Registration Module Pages/Third Screen - Upload Supporting Doc- Preview/Inner Form Add Document Button' is clicked on

2018-12-07 11:50:30 - [TEST_STEP][PASSED] - delay: Delayed 5 second(s)

2018-12-07 11:50:35 - [MESSAGE][PASSED] - Delayed 5 second(s)

2018-12-07 11:50:35 - [TEST_STEP][PASSED] - click: Object: 'Object Repository/Final Object Repo/New Registration - Registration Module Pages/Third Screen - Upload Supporting Doc- Preview/Add Document Button' is clicked on

2018-12-07 11:50:35 - [MESSAGE][PASSED] - Object: 'Object Repository/Final Object Repo/New Registration - Registration Module Pages/Third Screen - Upload Supporting Doc- Preview/Add Document Button' is clicked on

2018-12-07 11:50:35 - [TEST_STEP][PASSED] - delay: Delayed 30 second(s)

2018-12-07 11:51:05 - [MESSAGE][PASSED] - Delayed 30 second(s)

2018-12-07 11:51:05 - [TEST_STEP][PASSED] - click: Object: 'Object Repository/Final Object Repo/New Registration - Registration Module Pages/Third Screen - Upload Supporting Doc- Preview/Supporting Doc Please Select Drop Down' is clicked on

2018-12-07 11:51:05 - [MESSAGE][PASSED] - Object: 'Object Repository/Final Object Repo/New Registration - Registration Module Pages/Third Screen - Upload Supporting Doc- Preview/Supporting Doc Please Select Drop Down' is clicked on

2018-12-07 11:51:05 - [TEST_STEP][PASSED] - delay: Delayed 3 second(s)

2018-12-07 11:51:08 - [MESSAGE][PASSED] - Delayed 3 second(s)

2018-12-07 11:51:08 - [TEST_STEP][PASSED] - click: Object: 'Object Repository/Final Object Repo/New Registration - Registration Module Pages/Third Screen - Upload Supporting Doc- Preview/Select to Upload Borang SIP 2' is clicked on

2018-12-07 11:51:08 - [MESSAGE][PASSED] - Object: 'Object Repository/Final Object Repo/New Registration - Registration Module Pages/Third Screen - Upload Supporting Doc- Preview/Select to Upload Borang SIP 2' is clicked on

2018-12-07 11:51:08 - [TEST_STEP][PASSED] - delay: Delayed 2 second(s)

2018-12-07 11:51:10 - [MESSAGE][PASSED] - Delayed 2 second(s)

2018-12-07 11:51:10 - [TEST_STEP][PASSED] - uploadFile: File 'C:\Users\Public\Pictures\Sample Pictures\Koala.jpg' sent to object: 'Object Repository/Final Object Repo/New Registration - Registration Module Pages/Third Screen - Upload Supporting Doc- Preview/Upload File Adding'

2018-12-07 11:51:11 - [MESSAGE][PASSED] - File 'C:\Users\Public\Pictures\Sample Pictures\Koala.jpg' sent to object: 'Object Repository/Final Object Repo/New Registration - Registration Module Pages/Third Screen - Upload Supporting Doc- Preview/Upload File Adding'

2018-12-07 11:51:11 - [TEST_STEP][PASSED] - delay: Delayed 5 second(s)

2018-12-07 11:51:16 - [MESSAGE][PASSED] - Delayed 5 second(s)

2018-12-07 11:51:16 - [TEST_STEP][PASSED] - click: Object: 'Object Repository/Final Object Repo/New Registration - Registration Module Pages/Third Screen - Upload Supporting Doc- Preview/Inner Form Add Document Button' is clicked on

2018-12-07 11:51:16 - [MESSAGE][PASSED] - Object: 'Object Repository/Final Object Repo/New Registration - Registration Module Pages/Third Screen - Upload Supporting Doc- Preview/Inner Form Add Document Button' is clicked on

2018-12-07 11:51:16 - [TEST_STEP][PASSED] - delay: Delayed 3 second(s)

2018-12-07 11:51:19 - [MESSAGE][PASSED] - Delayed 3 second(s)

2018-12-07 11:51:19 - [TEST_STEP][PASSED] - waitForElementClickable: Object 'Object Repository/Final Object Repo/New Registration - Registration Module Pages/Third Screen - Upload Supporting Doc- Preview/Save n Continue in Uploading Supporting Doc Page' is clickable

2018-12-07 11:51:20 - [MESSAGE][PASSED] - Object 'Object Repository/Final Object Repo/New Registration - Registration Module Pages/Third Screen - Upload Supporting Doc- Preview/Save n Continue in Uploading Supporting Doc Page' is clickable

2018-12-07 11:51:20 - [TEST_STEP][PASSED] - click: Object: 'Object Repository/Final Object Repo/New Registration - Registration Module Pages/Third Screen - Upload Supporting Doc- Preview/Save n Continue in Uploading Supporting Doc Page' is clicked on

2018-12-07 11:51:20 - [MESSAGE][PASSED] - Object: 'Object Repository/Final Object Repo/New Registration - Registration Module Pages/Third Screen - Upload Supporting Doc- Preview/Save n Continue in Uploading Supporting Doc Page' is clicked on

2018-12-07 11:51:20 - [MESSAGE][PASSED] - Call Test Case 'Test Cases/Final Aug 2018 - PKS Automation/Registration Module/New Registration/Flow of New Registration/Third Screen - Upload Supporting Doc - Preview' successfully

2018-12-07 11:51:20 - [TEST_STEP][PASSED] - callTestCase: Call Test Case 'Test Cases/Final Aug 2018 - PKS Automation/Registration Module/New Registration/Submit and Screenshot/Submit Registration and Screenshot - Copy' successfully

2018-12-07 11:51:20 - [TEST_CASE][PASSED] - Test Cases/Final Aug 2018 - PKS Automation/Registration Module/New Registration/Submit and Screenshot/Submit Registration and Screenshot - Copy: Test Cases/Final Aug 2018 - PKS Automation/Registration Module/New Registration/Submit and Screenshot/Submit Registration and Screenshot - Copy

2018-12-07 11:51:20 - [TEST_STEP][PASSED] - delay: Delayed 6 second(s)

2018-12-07 11:51:26 - [MESSAGE][PASSED] - Delayed 6 second(s)

2018-12-07 11:51:26 - [TEST_STEP][PASSED] - click: Object: 'Object Repository/Final Object Repo/New Registration - Registration Module Pages/Third Screen - Upload Supporting Doc- Preview/Preview Submit Button' is clicked on

2018-12-07 11:51:26 - [MESSAGE][PASSED] - Object: 'Object Repository/Final Object Repo/New Registration - Registration Module Pages/Third Screen - Upload Supporting Doc- Preview/Preview Submit Button' is clicked on

2018-12-07 11:51:26 - [TEST_STEP][PASSED] - delay: Delayed 2 second(s)

2018-12-07 11:51:28 - [MESSAGE][PASSED] - Delayed 2 second(s)

2018-12-07 11:51:28 - [TEST_STEP][PASSED] - click: Object: 'Object Repository/Final Object Repo/New Registration - Registration Module Pages/Third Screen - Upload Supporting Doc- Preview/Preview Submit - Confirm' is clicked on

2018-12-07 11:51:29 - [MESSAGE][PASSED] - Object: 'Object Repository/Final Object Repo/New Registration - Registration Module Pages/Third Screen - Upload Supporting Doc- Preview/Preview Submit - Confirm' is clicked on

2018-12-07 11:51:29 - [TEST_STEP][PASSED] - delay: Delayed 15 second(s)

2018-12-07 11:51:44 - [MESSAGE][PASSED] - Delayed 15 second(s)

2018-12-07 11:51:44 - [TEST_STEP][PASSED] - Statement - driver = com.kms.katalon.core.webui.driver.DriverFactory.getWebDriver(): null

2018-12-07 11:51:44 - [TEST_STEP][PASSED] - Statement - driver.manage().timeouts().implicitlyWait(10, SECONDS): null

2018-12-07 11:51:44 - [TEST_STEP][PASSED] - Statement - PresavePath = KatalonScreenshots: null

2018-12-07 11:51:44 - [TEST_STEP][PASSED] - Statement - pathPrefix = "C:\Users\Public\Pictures\Sample Pictures\Katalon Screenshots\Automate Ending Screen": null

2018-12-07 11:51:44 - [TEST_STEP][PASSED] - Statement - finalPath = <not implemented yet for class: org.codehaus.groovy.ast.expr.EmptyExpression>: null

2018-12-07 11:51:44 - [TEST_STEP][PASSED] - Statement - scrFile = driver.getScreenshotAs(FILE): null

2018-12-07 11:51:44 - [TEST_STEP][PASSED] - Statement - PreSaveFile = new java.io.File(PresavePath): null

2018-12-07 11:51:44 - [TEST_STEP][PASSED] - Statement - counter = 0: null

2018-12-07 11:51:44 - [TEST_STEP][PASSED] - Statement - If (PreSaveFile.exists()): null

2018-12-07 11:51:44 - [TEST_STEP][PASSED] - Statement - While (PreSaveFile.exists()): null

2018-12-07 11:51:44 - [TEST_STEP][PASSED] - Statement - counter = counter + 1: null

2018-12-07 11:51:44 - [TEST_STEP][PASSED] - Statement - PreSaveFile = new java.io.File(((pathPrefix + java.lang.Integer.toString(counter)) + .png)): null

2018-12-07 11:51:44 - [TEST_STEP][PASSED] - Statement - counter = counter + 1: null

2018-12-07 11:51:44 - [TEST_STEP][PASSED] - Statement - PreSaveFile = new java.io.File(((pathPrefix + java.lang.Integer.toString(counter)) + .png)): null

2018-12-07 11:51:44 - [TEST_STEP][PASSED] - Statement - counter = counter + 1: null

2018-12-07 11:51:44 - [TEST_STEP][PASSED] - Statement - PreSaveFile = new java.io.File(((pathPrefix + java.lang.Integer.toString(counter)) + .png)): null

2018-12-07 11:51:44 - [TEST_STEP][PASSED] - Statement - counter = counter + 1: null

2018-12-07 11:51:44 - [TEST_STEP][PASSED] - Statement - PreSaveFile = new java.io.File(((pathPrefix + java.lang.Integer.toString(counter)) + .png)): null

2018-12-07 11:51:44 - [TEST_STEP][PASSED] - Statement - counter = counter + 1: null

2018-12-07 11:51:44 - [TEST_STEP][PASSED] - Statement - PreSaveFile = new java.io.File(((pathPrefix + java.lang.Integer.toString(counter)) + .png)): null

2018-12-07 11:51:44 - [TEST_STEP][PASSED] - Statement - counter = counter + 1: null

2018-12-07 11:51:44 - [TEST_STEP][PASSED] - Statement - PreSaveFile = new java.io.File(((pathPrefix + java.lang.Integer.toString(counter)) + .png)): null

2018-12-07 11:51:44 - [TEST_STEP][PASSED] - Statement - counter = counter + 1: null

2018-12-07 11:51:44 - [TEST_STEP][PASSED] - Statement - PreSaveFile = new java.io.File(((pathPrefix + java.lang.Integer.toString(counter)) + .png)): null

2018-12-07 11:51:44 - [TEST_STEP][PASSED] - Statement - counter = counter + 1: null

2018-12-07 11:51:44 - [TEST_STEP][PASSED] - Statement - PreSaveFile = new java.io.File(((pathPrefix + java.lang.Integer.toString(counter)) + .png)): null

2018-12-07 11:51:44 - [TEST_STEP][PASSED] - Statement - counter = counter + 1: null

2018-12-07 11:51:44 - [TEST_STEP][PASSED] - Statement - PreSaveFile = new java.io.File(((pathPrefix + java.lang.Integer.toString(counter)) + .png)): null

2018-12-07 11:51:44 - [TEST_STEP][PASSED] - Statement - counter = counter + 1: null

2018-12-07 11:51:44 - [TEST_STEP][PASSED] - Statement - PreSaveFile = new java.io.File(((pathPrefix + java.lang.Integer.toString(counter)) + .png)): null

2018-12-07 11:51:44 - [TEST_STEP][PASSED] - Statement - counter = counter + 1: null

2018-12-07 11:51:44 - [TEST_STEP][PASSED] - Statement - PreSaveFile = new java.io.File(((pathPrefix + java.lang.Integer.toString(counter)) + .png)): null

2018-12-07 11:51:44 - [TEST_STEP][PASSED] - Statement - counter = counter + 1: null

2018-12-07 11:51:44 - [TEST_STEP][PASSED] - Statement - PreSaveFile = new java.io.File(((pathPrefix + java.lang.Integer.toString(counter)) + .png)): null

2018-12-07 11:51:44 - [TEST_STEP][PASSED] - Statement - counter = counter + 1: null

2018-12-07 11:51:44 - [TEST_STEP][PASSED] - Statement - PreSaveFile = new java.io.File(((pathPrefix + java.lang.Integer.toString(counter)) + .png)): null

2018-12-07 11:51:44 - [TEST_STEP][PASSED] - Statement - counter = counter + 1: null

2018-12-07 11:51:44 - [TEST_STEP][PASSED] - Statement - PreSaveFile = new java.io.File(((pathPrefix + java.lang.Integer.toString(counter)) + .png)): null

2018-12-07 11:51:44 - [TEST_STEP][PASSED] - Statement - counter = counter + 1: null

2018-12-07 11:51:44 - [TEST_STEP][PASSED] - Statement - PreSaveFile = new java.io.File(((pathPrefix + java.lang.Integer.toString(counter)) + .png)): null

2018-12-07 11:51:44 - [TEST_STEP][PASSED] - Statement - counter = counter + 1: null

2018-12-07 11:51:44 - [TEST_STEP][PASSED] - Statement - PreSaveFile = new java.io.File(((pathPrefix + java.lang.Integer.toString(counter)) + .png)): null

2018-12-07 11:51:44 - [TEST_STEP][PASSED] - Statement - counter = counter + 1: null

2018-12-07 11:51:44 - [TEST_STEP][PASSED] - Statement - PreSaveFile = new java.io.File(((pathPrefix + java.lang.Integer.toString(counter)) + .png)): null

2018-12-07 11:51:44 - [TEST_STEP][PASSED] - Statement - counter = counter + 1: null

2018-12-07 11:51:44 - [TEST_STEP][PASSED] - Statement - PreSaveFile = new java.io.File(((pathPrefix + java.lang.Integer.toString(counter)) + .png)): null

2018-12-07 11:51:44 - [TEST_STEP][PASSED] - Statement - counter = counter + 1: null

2018-12-07 11:51:45 - [TEST_STEP][PASSED] - Statement - PreSaveFile = new java.io.File(((pathPrefix + java.lang.Integer.toString(counter)) + .png)): null

2018-12-07 11:51:45 - [TEST_STEP][PASSED] - Statement - counter = counter + 1: null

2018-12-07 11:51:45 - [TEST_STEP][PASSED] - Statement - PreSaveFile = new java.io.File(((pathPrefix + java.lang.Integer.toString(counter)) + .png)): null

2018-12-07 11:51:45 - [TEST_STEP][PASSED] - Statement - counter = counter + 1: null

2018-12-07 11:51:45 - [TEST_STEP][PASSED] - Statement - PreSaveFile = new java.io.File(((pathPrefix + java.lang.Integer.toString(counter)) + .png)): null

2018-12-07 11:51:45 - [TEST_STEP][PASSED] - Statement - counter = counter + 1: null

2018-12-07 11:51:45 - [TEST_STEP][PASSED] - Statement - PreSaveFile = new java.io.File(((pathPrefix + java.lang.Integer.toString(counter)) + .png)): null

2018-12-07 11:51:45 - [TEST_STEP][PASSED] - Statement - counter = counter + 1: null

2018-12-07 11:51:45 - [TEST_STEP][PASSED] - Statement - PreSaveFile = new java.io.File(((pathPrefix + java.lang.Integer.toString(counter)) + .png)): null

2018-12-07 11:51:45 - [TEST_STEP][PASSED] - Statement - counter = counter + 1: null

2018-12-07 11:51:45 - [TEST_STEP][PASSED] - Statement - PreSaveFile = new java.io.File(((pathPrefix + java.lang.Integer.toString(counter)) + .png)): null

2018-12-07 11:51:45 - [TEST_STEP][PASSED] - Statement - counter = counter + 1: null

2018-12-07 11:51:45 - [TEST_STEP][PASSED] - Statement - PreSaveFile = new java.io.File(((pathPrefix + java.lang.Integer.toString(counter)) + .png)): null

2018-12-07 11:51:45 - [TEST_STEP][PASSED] - Statement - counter = counter + 1: null

2018-12-07 11:51:45 - [TEST_STEP][PASSED] - Statement - PreSaveFile = new java.io.File(((pathPrefix + java.lang.Integer.toString(counter)) + .png)): null

2018-12-07 11:51:45 - [TEST_STEP][PASSED] - Statement - counter = counter + 1: null

2018-12-07 11:51:45 - [TEST_STEP][PASSED] - Statement - PreSaveFile = new java.io.File(((pathPrefix + java.lang.Integer.toString(counter)) + .png)): null

2018-12-07 11:51:45 - [TEST_STEP][PASSED] - Statement - counter = counter + 1: null

2018-12-07 11:51:45 - [TEST_STEP][PASSED] - Statement - PreSaveFile = new java.io.File(((pathPrefix + java.lang.Integer.toString(counter)) + .png)): null

2018-12-07 11:51:45 - [TEST_STEP][PASSED] - Statement - counter = counter + 1: null

2018-12-07 11:51:45 - [TEST_STEP][PASSED] - Statement - PreSaveFile = new java.io.File(((pathPrefix + java.lang.Integer.toString(counter)) + .png)): null

2018-12-07 11:51:45 - [TEST_STEP][PASSED] - Statement - counter = counter + 1: null

2018-12-07 11:51:45 - [TEST_STEP][PASSED] - Statement - PreSaveFile = new java.io.File(((pathPrefix + java.lang.Integer.toString(counter)) + .png)): null

2018-12-07 11:51:45 - [TEST_STEP][PASSED] - Statement - counter = counter + 1: null

2018-12-07 11:51:45 - [TEST_STEP][PASSED] - Statement - PreSaveFile = new java.io.File(((pathPrefix + java.lang.Integer.toString(counter)) + .png)): null

2018-12-07 11:51:45 - [TEST_STEP][PASSED] - Statement - counter = counter + 1: null

2018-12-07 11:51:45 - [TEST_STEP][PASSED] - Statement - PreSaveFile = new java.io.File(((pathPrefix + java.lang.Integer.toString(counter)) + .png)): null

2018-12-07 11:51:45 - [TEST_STEP][PASSED] - Statement - counter = counter + 1: null

2018-12-07 11:51:46 - [TEST_STEP][PASSED] - Statement - PreSaveFile = new java.io.File(((pathPrefix + java.lang.Integer.toString(counter)) + .png)): null

2018-12-07 11:51:46 - [TEST_STEP][PASSED] - Statement - counter = counter + 1: null

2018-12-07 11:51:46 - [TEST_STEP][PASSED] - Statement - PreSaveFile = new java.io.File(((pathPrefix + java.lang.Integer.toString(counter)) + .png)): null

2018-12-07 11:51:46 - [TEST_STEP][PASSED] - Statement - counter = counter + 1: null

2018-12-07 11:51:46 - [TEST_STEP][PASSED] - Statement - PreSaveFile = new java.io.File(((pathPrefix + java.lang.Integer.toString(counter)) + .png)): null

2018-12-07 11:51:46 - [TEST_STEP][PASSED] - Statement - counter = counter + 1: null

2018-12-07 11:51:46 - [TEST_STEP][PASSED] - Statement - PreSaveFile = new java.io.File(((pathPrefix + java.lang.Integer.toString(counter)) + .png)): null

2018-12-07 11:51:46 - [TEST_STEP][PASSED] - Statement - counter = counter + 1: null

2018-12-07 11:51:46 - [TEST_STEP][PASSED] - Statement - PreSaveFile = new java.io.File(((pathPrefix + java.lang.Integer.toString(counter)) + .png)): null

2018-12-07 11:51:46 - [TEST_STEP][PASSED] - Statement - counter = counter + 1: null

2018-12-07 11:51:46 - [TEST_STEP][PASSED] - Statement - PreSaveFile = new java.io.File(((pathPrefix + java.lang.Integer.toString(counter)) + .png)): null

2018-12-07 11:51:46 - [TEST_STEP][PASSED] - Statement - counter = counter + 1: null

2018-12-07 11:51:46 - [TEST_STEP][PASSED] - Statement - PreSaveFile = new java.io.File(((pathPrefix + java.lang.Integer.toString(counter)) + .png)): null

2018-12-07 11:51:46 - [TEST_STEP][PASSED] - Statement - counter = counter + 1: null

2018-12-07 11:51:46 - [TEST_STEP][PASSED] - Statement - PreSaveFile = new java.io.File(((pathPrefix + java.lang.Integer.toString(counter)) + .png)): null

2018-12-07 11:51:46 - [TEST_STEP][PASSED] - Statement - counter = counter + 1: null

2018-12-07 11:51:46 - [TEST_STEP][PASSED] - Statement - PreSaveFile = new java.io.File(((pathPrefix + java.lang.Integer.toString(counter)) + .png)): null

2018-12-07 11:51:46 - [TEST_STEP][PASSED] - Statement - counter = counter + 1: null

2018-12-07 11:51:46 - [TEST_STEP][PASSED] - Statement - PreSaveFile = new java.io.File(((pathPrefix + java.lang.Integer.toString(counter)) + .png)): null

2018-12-07 11:51:46 - [TEST_STEP][PASSED] - Statement - counter = counter + 1: null

2018-12-07 11:51:46 - [TEST_STEP][PASSED] - Statement - PreSaveFile = new java.io.File(((pathPrefix + java.lang.Integer.toString(counter)) + .png)): null

2018-12-07 11:51:46 - [TEST_STEP][PASSED] - Statement - counter = counter + 1: null

2018-12-07 11:51:46 - [TEST_STEP][PASSED] - Statement - PreSaveFile = new java.io.File(((pathPrefix + java.lang.Integer.toString(counter)) + .png)): null

2018-12-07 11:51:46 - [TEST_STEP][PASSED] - Statement - counter = counter + 1: null

2018-12-07 11:51:46 - [TEST_STEP][PASSED] - Statement - PreSaveFile = new java.io.File(((pathPrefix + java.lang.Integer.toString(counter)) + .png)): null

2018-12-07 11:51:46 - [TEST_STEP][PASSED] - Statement - counter = counter + 1: null

2018-12-07 11:51:46 - [TEST_STEP][PASSED] - Statement - PreSaveFile = new java.io.File(((pathPrefix + java.lang.Integer.toString(counter)) + .png)): null

2018-12-07 11:51:46 - [TEST_STEP][PASSED] - Statement - counter = counter + 1: null

2018-12-07 11:51:46 - [TEST_STEP][PASSED] - Statement - PreSaveFile = new java.io.File(((pathPrefix + java.lang.Integer.toString(counter)) + .png)): null

2018-12-07 11:51:47 - [TEST_STEP][PASSED] - Statement - counter = counter + 1: null

2018-12-07 11:51:47 - [TEST_STEP][PASSED] - Statement - PreSaveFile = new java.io.File(((pathPrefix + java.lang.Integer.toString(counter)) + .png)): null

2018-12-07 11:51:47 - [TEST_STEP][PASSED] - Statement - counter = counter + 1: null

2018-12-07 11:51:47 - [TEST_STEP][PASSED] - Statement - PreSaveFile = new java.io.File(((pathPrefix + java.lang.Integer.toString(counter)) + .png)): null

2018-12-07 11:51:47 - [TEST_STEP][PASSED] - Statement - counter = counter + 1: null

2018-12-07 11:51:47 - [TEST_STEP][PASSED] - Statement - PreSaveFile = new java.io.File(((pathPrefix + java.lang.Integer.toString(counter)) + .png)): null

2018-12-07 11:51:47 - [TEST_STEP][PASSED] - Statement - counter = counter + 1: null

2018-12-07 11:51:47 - [TEST_STEP][PASSED] - Statement - PreSaveFile = new java.io.File(((pathPrefix + java.lang.Integer.toString(counter)) + .png)): null

2018-12-07 11:51:47 - [TEST_STEP][PASSED] - Statement - counter = counter + 1: null

2018-12-07 11:51:47 - [TEST_STEP][PASSED] - Statement - PreSaveFile = new java.io.File(((pathPrefix + java.lang.Integer.toString(counter)) + .png)): null

2018-12-07 11:51:47 - [TEST_STEP][PASSED] - Statement - counter = counter + 1: null

2018-12-07 11:51:47 - [TEST_STEP][PASSED] - Statement - PreSaveFile = new java.io.File(((pathPrefix + java.lang.Integer.toString(counter)) + .png)): null

2018-12-07 11:51:47 - [TEST_STEP][PASSED] - Statement - counter = counter + 1: null

2018-12-07 11:51:47 - [TEST_STEP][PASSED] - Statement - PreSaveFile = new java.io.File(((pathPrefix + java.lang.Integer.toString(counter)) + .png)): null

2018-12-07 11:51:47 - [TEST_STEP][PASSED] - Statement - counter = counter + 1: null

2018-12-07 11:51:47 - [TEST_STEP][PASSED] - Statement - PreSaveFile = new java.io.File(((pathPrefix + java.lang.Integer.toString(counter)) + .png)): null

2018-12-07 11:51:47 - [TEST_STEP][PASSED] - Statement - counter = counter + 1: null

2018-12-07 11:51:47 - [TEST_STEP][PASSED] - Statement - PreSaveFile = new java.io.File(((pathPrefix + java.lang.Integer.toString(counter)) + .png)): null

2018-12-07 11:51:47 - [TEST_STEP][PASSED] - Statement - counter = counter + 1: null

2018-12-07 11:51:47 - [TEST_STEP][PASSED] - Statement - PreSaveFile = new java.io.File(((pathPrefix + java.lang.Integer.toString(counter)) + .png)): null

2018-12-07 11:51:47 - [TEST_STEP][PASSED] - Statement - counter = counter + 1: null

2018-12-07 11:51:47 - [TEST_STEP][PASSED] - Statement - PreSaveFile = new java.io.File(((pathPrefix + java.lang.Integer.toString(counter)) + .png)): null

2018-12-07 11:51:47 - [TEST_STEP][PASSED] - Statement - counter = counter + 1: null

2018-12-07 11:51:47 - [TEST_STEP][PASSED] - Statement - PreSaveFile = new java.io.File(((pathPrefix + java.lang.Integer.toString(counter)) + .png)): null

2018-12-07 11:51:47 - [TEST_STEP][PASSED] - Statement - counter = counter + 1: null

2018-12-07 11:51:47 - [TEST_STEP][PASSED] - Statement - PreSaveFile = new java.io.File(((pathPrefix + java.lang.Integer.toString(counter)) + .png)): null

2018-12-07 11:51:47 - [TEST_STEP][PASSED] - Statement - counter = counter + 1: null

2018-12-07 11:51:47 - [TEST_STEP][PASSED] - Statement - PreSaveFile = new java.io.File(((pathPrefix + java.lang.Integer.toString(counter)) + .png)): null

2018-12-07 11:51:47 - [TEST_STEP][PASSED] - Statement - counter = counter + 1: null

2018-12-07 11:51:47 - [TEST_STEP][PASSED] - Statement - PreSaveFile = new java.io.File(((pathPrefix + java.lang.Integer.toString(counter)) + .png)): null

2018-12-07 11:51:47 - [TEST_STEP][PASSED] - Statement - counter = counter + 1: null

2018-12-07 11:51:47 - [TEST_STEP][PASSED] - Statement - PreSaveFile = new java.io.File(((pathPrefix + java.lang.Integer.toString(counter)) + .png)): null

2018-12-07 11:51:47 - [TEST_STEP][PASSED] - Statement - counter = counter + 1: null

2018-12-07 11:51:47 - [TEST_STEP][PASSED] - Statement - PreSaveFile = new java.io.File(((pathPrefix + java.lang.Integer.toString(counter)) + .png)): null

2018-12-07 11:51:47 - [TEST_STEP][PASSED] - Statement - counter = counter + 1: null

2018-12-07 11:51:47 - [TEST_STEP][PASSED] - Statement - PreSaveFile = new java.io.File(((pathPrefix + java.lang.Integer.toString(counter)) + .png)): null

2018-12-07 11:51:47 - [TEST_STEP][PASSED] - Statement - counter = counter + 1: null

2018-12-07 11:51:47 - [TEST_STEP][PASSED] - Statement - PreSaveFile = new java.io.File(((pathPrefix + java.lang.Integer.toString(counter)) + .png)): null

2018-12-07 11:51:47 - [TEST_STEP][PASSED] - Statement - counter = counter + 1: null

2018-12-07 11:51:48 - [TEST_STEP][PASSED] - Statement - PreSaveFile = new java.io.File(((pathPrefix + java.lang.Integer.toString(counter)) + .png)): null

2018-12-07 11:51:48 - [TEST_STEP][PASSED] - Statement - counter = counter + 1: null

2018-12-07 11:51:48 - [TEST_STEP][PASSED] - Statement - PreSaveFile = new java.io.File(((pathPrefix + java.lang.Integer.toString(counter)) + .png)): null

2018-12-07 11:51:48 - [TEST_STEP][PASSED] - Statement - counter = counter + 1: null

2018-12-07 11:51:48 - [TEST_STEP][PASSED] - Statement - PreSaveFile = new java.io.File(((pathPrefix + java.lang.Integer.toString(counter)) + .png)): null

2018-12-07 11:51:48 - [TEST_STEP][PASSED] - Statement - counter = counter + 1: null

2018-12-07 11:51:48 - [TEST_STEP][PASSED] - Statement - PreSaveFile = new java.io.File(((pathPrefix + java.lang.Integer.toString(counter)) + .png)): null

2018-12-07 11:51:48 - [TEST_STEP][PASSED] - Statement - counter = counter + 1: null

2018-12-07 11:51:48 - [TEST_STEP][PASSED] - Statement - PreSaveFile = new java.io.File(((pathPrefix + java.lang.Integer.toString(counter)) + .png)): null

2018-12-07 11:51:48 - [TEST_STEP][PASSED] - Statement - counter = counter + 1: null

2018-12-07 11:51:48 - [TEST_STEP][PASSED] - Statement - PreSaveFile = new java.io.File(((pathPrefix + java.lang.Integer.toString(counter)) + .png)): null

2018-12-07 11:51:48 - [TEST_STEP][PASSED] - Statement - counter = counter + 1: null

2018-12-07 11:51:48 - [TEST_STEP][PASSED] - Statement - PreSaveFile = new java.io.File(((pathPrefix + java.lang.Integer.toString(counter)) + .png)): null

2018-12-07 11:51:48 - [TEST_STEP][PASSED] - Statement - counter = counter + 1: null

2018-12-07 11:51:48 - [TEST_STEP][PASSED] - Statement - PreSaveFile = new java.io.File(((pathPrefix + java.lang.Integer.toString(counter)) + .png)): null

2018-12-07 11:51:48 - [TEST_STEP][PASSED] - Statement - counter = counter + 1: null

2018-12-07 11:51:48 - [TEST_STEP][PASSED] - Statement - PreSaveFile = new java.io.File(((pathPrefix + java.lang.Integer.toString(counter)) + .png)): null

2018-12-07 11:51:48 - [TEST_STEP][PASSED] - Statement - counter = counter + 1: null

2018-12-07 11:51:48 - [TEST_STEP][PASSED] - Statement - PreSaveFile = new java.io.File(((pathPrefix + java.lang.Integer.toString(counter)) + .png)): null

2018-12-07 11:51:48 - [TEST_STEP][PASSED] - Statement - counter = counter + 1: null

2018-12-07 11:51:48 - [TEST_STEP][PASSED] - Statement - PreSaveFile = new java.io.File(((pathPrefix + java.lang.Integer.toString(counter)) + .png)): null

2018-12-07 11:51:48 - [TEST_STEP][PASSED] - Statement - counter = counter + 1: null

2018-12-07 11:51:48 - [TEST_STEP][PASSED] - Statement - PreSaveFile = new java.io.File(((pathPrefix + java.lang.Integer.toString(counter)) + .png)): null

2018-12-07 11:51:48 - [TEST_STEP][PASSED] - Statement - counter = counter + 1: null

2018-12-07 11:51:48 - [TEST_STEP][PASSED] - Statement - PreSaveFile = new java.io.File(((pathPrefix + java.lang.Integer.toString(counter)) + .png)): null

2018-12-07 11:51:48 - [TEST_STEP][PASSED] - Statement - counter = counter + 1: null

2018-12-07 11:51:48 - [TEST_STEP][PASSED] - Statement - PreSaveFile = new java.io.File(((pathPrefix + java.lang.Integer.toString(counter)) + .png)): null

2018-12-07 11:51:48 - [TEST_STEP][PASSED] - Statement - counter = counter + 1: null

2018-12-07 11:51:48 - [TEST_STEP][PASSED] - Statement - PreSaveFile = new java.io.File(((pathPrefix + java.lang.Integer.toString(counter)) + .png)): null

2018-12-07 11:51:48 - [TEST_STEP][PASSED] - Statement - counter = counter + 1: null

2018-12-07 11:51:48 - [TEST_STEP][PASSED] - Statement - PreSaveFile = new java.io.File(((pathPrefix + java.lang.Integer.toString(counter)) + .png)): null

2018-12-07 11:51:48 - [TEST_STEP][PASSED] - Statement - counter = counter + 1: null

2018-12-07 11:51:48 - [TEST_STEP][PASSED] - Statement - PreSaveFile = new java.io.File(((pathPrefix + java.lang.Integer.toString(counter)) + .png)): null

2018-12-07 11:51:48 - [TEST_STEP][PASSED] - Statement - counter = counter + 1: null

2018-12-07 11:51:48 - [TEST_STEP][PASSED] - Statement - PreSaveFile = new java.io.File(((pathPrefix + java.lang.Integer.toString(counter)) + .png)): null

2018-12-07 11:51:48 - [TEST_STEP][PASSED] - Statement - counter = counter + 1: null

2018-12-07 11:51:48 - [TEST_STEP][PASSED] - Statement - PreSaveFile = new java.io.File(((pathPrefix + java.lang.Integer.toString(counter)) + .png)): null

2018-12-07 11:51:48 - [TEST_STEP][PASSED] - Statement - counter = counter + 1: null

2018-12-07 11:51:48 - [TEST_STEP][PASSED] - Statement - PreSaveFile = new java.io.File(((pathPrefix + java.lang.Integer.toString(counter)) + .png)): null

2018-12-07 11:51:49 - [TEST_STEP][PASSED] - Statement - counter = counter + 1: null

2018-12-07 11:51:49 - [TEST_STEP][PASSED] - Statement - PreSaveFile = new java.io.File(((pathPrefix + java.lang.Integer.toString(counter)) + .png)): null

2018-12-07 11:51:49 - [TEST_STEP][PASSED] - Statement - counter = counter + 1: null

2018-12-07 11:51:49 - [TEST_STEP][PASSED] - Statement - PreSaveFile = new java.io.File(((pathPrefix + java.lang.Integer.toString(counter)) + .png)): null

2018-12-07 11:51:49 - [TEST_STEP][PASSED] - Statement - counter = counter + 1: null

2018-12-07 11:51:49 - [TEST_STEP][PASSED] - Statement - PreSaveFile = new java.io.File(((pathPrefix + java.lang.Integer.toString(counter)) + .png)): null

2018-12-07 11:51:49 - [TEST_STEP][PASSED] - Statement - counter = counter + 1: null

2018-12-07 11:51:49 - [TEST_STEP][PASSED] - Statement - PreSaveFile = new java.io.File(((pathPrefix + java.lang.Integer.toString(counter)) + .png)): null

2018-12-07 11:51:49 - [TEST_STEP][PASSED] - Statement - counter = counter + 1: null

2018-12-07 11:51:49 - [TEST_STEP][PASSED] - Statement - PreSaveFile = new java.io.File(((pathPrefix + java.lang.Integer.toString(counter)) + .png)): null

2018-12-07 11:51:49 - [TEST_STEP][PASSED] - Statement - counter = counter + 1: null

2018-12-07 11:51:49 - [TEST_STEP][PASSED] - Statement - PreSaveFile = new java.io.File(((pathPrefix + java.lang.Integer.toString(counter)) + .png)): null

2018-12-07 11:51:49 - [TEST_STEP][PASSED] - Statement - counter = counter + 1: null

2018-12-07 11:51:49 - [TEST_STEP][PASSED] - Statement - PreSaveFile = new java.io.File(((pathPrefix + java.lang.Integer.toString(counter)) + .png)): null

2018-12-07 11:51:49 - [TEST_STEP][PASSED] - Statement - counter = counter + 1: null

2018-12-07 11:51:49 - [TEST_STEP][PASSED] - Statement - PreSaveFile = new java.io.File(((pathPrefix + java.lang.Integer.toString(counter)) + .png)): null

2018-12-07 11:51:49 - [TEST_STEP][PASSED] - Statement - counter = counter + 1: null

2018-12-07 11:51:49 - [TEST_STEP][PASSED] - Statement - PreSaveFile = new java.io.File(((pathPrefix + java.lang.Integer.toString(counter)) + .png)): null

2018-12-07 11:51:49 - [TEST_STEP][PASSED] - Statement - counter = counter + 1: null

2018-12-07 11:51:49 - [TEST_STEP][PASSED] - Statement - PreSaveFile = new java.io.File(((pathPrefix + java.lang.Integer.toString(counter)) + .png)): null

2018-12-07 11:51:49 - [TEST_STEP][PASSED] - Statement - counter = counter + 1: null

2018-12-07 11:51:49 - [TEST_STEP][PASSED] - Statement - PreSaveFile = new java.io.File(((pathPrefix + java.lang.Integer.toString(counter)) + .png)): null

2018-12-07 11:51:49 - [TEST_STEP][PASSED] - Statement - counter = counter + 1: null

2018-12-07 11:51:49 - [TEST_STEP][PASSED] - Statement - PreSaveFile = new java.io.File(((pathPrefix + java.lang.Integer.toString(counter)) + .png)): null

2018-12-07 11:51:49 - [TEST_STEP][PASSED] - Statement - counter = counter + 1: null

2018-12-07 11:51:49 - [TEST_STEP][PASSED] - Statement - PreSaveFile = new java.io.File(((pathPrefix + java.lang.Integer.toString(counter)) + .png)): null

2018-12-07 11:51:49 - [TEST_STEP][PASSED] - Statement - counter = counter + 1: null

2018-12-07 11:51:49 - [TEST_STEP][PASSED] - Statement - PreSaveFile = new java.io.File(((pathPrefix + java.lang.Integer.toString(counter)) + .png)): null

2018-12-07 11:51:49 - [TEST_STEP][PASSED] - Statement - counter = counter + 1: null

2018-12-07 11:51:50 - [TEST_STEP][PASSED] - Statement - PreSaveFile = new java.io.File(((pathPrefix + java.lang.Integer.toString(counter)) + .png)): null

2018-12-07 11:51:50 - [TEST_STEP][PASSED] - Statement - counter = counter + 1: null

2018-12-07 11:51:50 - [TEST_STEP][PASSED] - Statement - PreSaveFile = new java.io.File(((pathPrefix + java.lang.Integer.toString(counter)) + .png)): null

2018-12-07 11:51:50 - [TEST_STEP][PASSED] - Statement - counter = counter + 1: null

2018-12-07 11:51:50 - [TEST_STEP][PASSED] - Statement - PreSaveFile = new java.io.File(((pathPrefix + java.lang.Integer.toString(counter)) + .png)): null

2018-12-07 11:51:50 - [TEST_STEP][PASSED] - Statement - counter = counter + 1: null

2018-12-07 11:51:50 - [TEST_STEP][PASSED] - Statement - PreSaveFile = new java.io.File(((pathPrefix + java.lang.Integer.toString(counter)) + .png)): null

2018-12-07 11:51:50 - [TEST_STEP][PASSED] - Statement - counter = counter + 1: null

2018-12-07 11:51:50 - [TEST_STEP][PASSED] - Statement - PreSaveFile = new java.io.File(((pathPrefix + java.lang.Integer.toString(counter)) + .png)): null

2018-12-07 11:51:50 - [TEST_STEP][PASSED] - Statement - counter = counter + 1: null

2018-12-07 11:51:50 - [TEST_STEP][PASSED] - Statement - PreSaveFile = new java.io.File(((pathPrefix + java.lang.Integer.toString(counter)) + .png)): null

2018-12-07 11:51:50 - [TEST_STEP][PASSED] - Statement - counter = counter + 1: null

2018-12-07 11:51:50 - [TEST_STEP][PASSED] - Statement - PreSaveFile = new java.io.File(((pathPrefix + java.lang.Integer.toString(counter)) + .png)): null

2018-12-07 11:51:50 - [TEST_STEP][PASSED] - Statement - counter = counter + 1: null

2018-12-07 11:51:50 - [TEST_STEP][PASSED] - Statement - PreSaveFile = new java.io.File(((pathPrefix + java.lang.Integer.toString(counter)) + .png)): null

2018-12-07 11:51:50 - [TEST_STEP][PASSED] - Statement - counter = counter + 1: null

2018-12-07 11:51:50 - [TEST_STEP][PASSED] - Statement - PreSaveFile = new java.io.File(((pathPrefix + java.lang.Integer.toString(counter)) + .png)): null

2018-12-07 11:51:50 - [TEST_STEP][PASSED] - Statement - counter = counter + 1: null

2018-12-07 11:51:50 - [TEST_STEP][PASSED] - Statement - PreSaveFile = new java.io.File(((pathPrefix + java.lang.Integer.toString(counter)) + .png)): null

2018-12-07 11:51:50 - [TEST_STEP][PASSED] - Statement - counter = counter + 1: null

2018-12-07 11:51:50 - [TEST_STEP][PASSED] - Statement - PreSaveFile = new java.io.File(((pathPrefix + java.lang.Integer.toString(counter)) + .png)): null

2018-12-07 11:51:50 - [TEST_STEP][PASSED] - Statement - counter = counter + 1: null

2018-12-07 11:51:50 - [TEST_STEP][PASSED] - Statement - PreSaveFile = new java.io.File(((pathPrefix + java.lang.Integer.toString(counter)) + .png)): null

2018-12-07 11:51:50 - [TEST_STEP][PASSED] - Statement - counter = counter + 1: null

2018-12-07 11:51:50 - [TEST_STEP][PASSED] - Statement - PreSaveFile = new java.io.File(((pathPrefix + java.lang.Integer.toString(counter)) + .png)): null

2018-12-07 11:51:50 - [TEST_STEP][PASSED] - Statement - counter = counter + 1: null

2018-12-07 11:51:50 - [TEST_STEP][PASSED] - Statement - PreSaveFile = new java.io.File(((pathPrefix + java.lang.Integer.toString(counter)) + .png)): null

2018-12-07 11:51:50 - [TEST_STEP][PASSED] - Statement - counter = counter + 1: null

2018-12-07 11:51:50 - [TEST_STEP][PASSED] - Statement - PreSaveFile = new java.io.File(((pathPrefix + java.lang.Integer.toString(counter)) + .png)): null

2018-12-07 11:51:50 - [TEST_STEP][PASSED] - Statement - counter = counter + 1: null

2018-12-07 11:51:50 - [TEST_STEP][PASSED] - Statement - PreSaveFile = new java.io.File(((pathPrefix + java.lang.Integer.toString(counter)) + .png)): null

2018-12-07 11:51:50 - [TEST_STEP][PASSED] - Statement - counter = counter + 1: null

2018-12-07 11:51:50 - [TEST_STEP][PASSED] - Statement - PreSaveFile = new java.io.File(((pathPrefix + java.lang.Integer.toString(counter)) + .png)): null

2018-12-07 11:51:50 - [TEST_STEP][PASSED] - Statement - counter = counter + 1: null

2018-12-07 11:51:50 - [TEST_STEP][PASSED] - Statement - PreSaveFile = new java.io.File(((pathPrefix + java.lang.Integer.toString(counter)) + .png)): null

2018-12-07 11:51:50 - [TEST_STEP][PASSED] - Statement - counter = counter + 1: null

2018-12-07 11:51:50 - [TEST_STEP][PASSED] - Statement - PreSaveFile = new java.io.File(((pathPrefix + java.lang.Integer.toString(counter)) + .png)): null

2018-12-07 11:51:50 - [TEST_STEP][PASSED] - Statement - counter = counter + 1: null

2018-12-07 11:51:51 - [TEST_STEP][PASSED] - Statement - PreSaveFile = new java.io.File(((pathPrefix + java.lang.Integer.toString(counter)) + .png)): null

2018-12-07 11:51:51 - [TEST_STEP][PASSED] - Statement - counter = counter + 1: null

2018-12-07 11:51:51 - [TEST_STEP][PASSED] - Statement - PreSaveFile = new java.io.File(((pathPrefix + java.lang.Integer.toString(counter)) + .png)): null

2018-12-07 11:51:51 - [TEST_STEP][PASSED] - Statement - counter = counter + 1: null

2018-12-07 11:51:51 - [TEST_STEP][PASSED] - Statement - PreSaveFile = new java.io.File(((pathPrefix + java.lang.Integer.toString(counter)) + .png)): null

2018-12-07 11:51:51 - [TEST_STEP][PASSED] - Statement - counter = counter + 1: null

2018-12-07 11:51:51 - [TEST_STEP][PASSED] - Statement - PreSaveFile = new java.io.File(((pathPrefix + java.lang.Integer.toString(counter)) + .png)): null

2018-12-07 11:51:51 - [TEST_STEP][PASSED] - Statement - counter = counter + 1: null

2018-12-07 11:51:51 - [TEST_STEP][PASSED] - Statement - PreSaveFile = new java.io.File(((pathPrefix + java.lang.Integer.toString(counter)) + .png)): null

2018-12-07 11:51:51 - [TEST_STEP][PASSED] - Statement - counter = counter + 1: null

2018-12-07 11:51:51 - [TEST_STEP][PASSED] - Statement - PreSaveFile = new java.io.File(((pathPrefix + java.lang.Integer.toString(counter)) + .png)): null

2018-12-07 11:51:51 - [TEST_STEP][PASSED] - Statement - finalPath = pathPrefix + java.lang.Integer.toString(counter) + ".png": null

2018-12-07 11:51:51 - [TEST_STEP][PASSED] - Statement - SaveFile = new java.io.File(finalPath): null

2018-12-07 11:51:51 - [TEST_STEP][PASSED] - Statement - Try: null

2018-12-07 11:51:51 - [TEST_STEP][PASSED] - Statement - org.apache.commons.io.FileUtils.copyFile(scrFile, SaveFile): null

2018-12-07 11:51:51 - [TEST_STEP][PASSED] - Statement - out.println("file kept"): null

2018-12-07 11:51:51 - [TEST_STEP][PASSED] - delay: Delayed 10 second(s)

2018-12-07 11:52:01 - [MESSAGE][PASSED] - Delayed 10 second(s)

2018-12-07 11:52:01 - [MESSAGE][PASSED] - Call Test Case 'Test Cases/Final Aug 2018 - PKS Automation/Registration Module/New Registration/Submit and Screenshot/Submit Registration and Screenshot - Copy' successfully

2018-12-07 11:52:01 - [TEST_STEP][PASSED] - Statement - UpdateAddNewECode = com.kms.katalon.core.webui.keyword.WebUiBuiltInKeywords.getText(com.kms.katalon.core.testobject.ObjectRepository.findTestObject(Object Repository/Final Object Repo/Page_Update Add New Employee - ASSIST/getEmpCode)): Text of object 'Object Repository/Final Object Repo/Page_Update Add New Employee - ASSIST/getEmpCode' is: 'E1102070671W'

2018-12-07 11:52:01 - [MESSAGE][PASSED] - Text of object 'Object Repository/Final Object Repo/Page_Update Add New Employee - ASSIST/getEmpCode' is: 'E1102070671W'

2018-12-07 11:52:01 - [TEST_STEP][PASSED] - callTestCase: Call Test Case 'Test Cases/Final Aug 2018 - PKS Automation/Common/Emp Code Setter' successfully

2018-12-07 11:52:01 - [TEST_CASE][PASSED] - Test Cases/Final Aug 2018 - PKS Automation/Common/Emp Code Setter: Test Cases/Final Aug 2018 - PKS Automation/Common/Emp Code Setter

2018-12-07 11:52:01 - [TEST_STEP][PASSED] - Statement - EmpCodeOld = new java.io.File(C://Users//Admin//Desktop//PKS//Automation Reference Point//EmpCode.txt): null

2018-12-07 11:52:01 - [TEST_STEP][PASSED] - Statement - EmpCodeOld.delete(): null

2018-12-07 11:52:01 - [TEST_STEP][PASSED] - Statement - EmpCode = new java.io.File(C://Users//Admin//Desktop//PKS//Automation Reference Point//EmpCode.txt): null

2018-12-07 11:52:01 - [TEST_STEP][PASSED] - Statement - f2 = new java.io.FileWriter(EmpCode, false): null

2018-12-07 11:52:01 - [TEST_STEP][PASSED] - Statement - f2.write(UpdateAddNewECode): null

2018-12-07 11:52:01 - [TEST_STEP][PASSED] - Statement - f2.close(): null

2018-12-07 11:52:01 - [TEST_STEP][PASSED] - Statement - out.println("


" + UpdateAddNewECode + "


"): null

2018-12-07 11:52:01 - [MESSAGE][PASSED] - Call Test Case 'Test Cases/Final Aug 2018 - PKS Automation/Common/Emp Code Setter' successfully

2018-12-07 11:52:01 - [MESSAGE][PASSED] - Call Test Case 'Test Cases/Final Aug 2018 - PKS Automation/Registration Module/Workflow/Update Add New Employee/Template/New Company for Update Add New' successfully

2018-12-07 11:52:01 - [TEST_STEP][PASSED] - callTestCase: Call Test Case 'Test Cases/Final Aug 2018 - PKS Automation/Registration Module/Log Out/log out avoiding katalon tagging' successfully

2018-12-07 11:52:01 - [TEST_CASE][PASSED] - Test Cases/Final Aug 2018 - PKS Automation/Registration Module/Log Out/log out avoiding katalon tagging: Test Cases/Final Aug 2018 - PKS Automation/Registration Module/Log Out/log out avoiding katalon tagging

2018-12-07 11:52:01 - [TEST_STEP][PASSED] - navigateToUrl: Navigate to 'https://assist2-uat.perkeso.gov.my/c/portal/logout' successfully

2018-12-07 11:52:02 - [MESSAGE][PASSED] - Navigate to 'https://assist2-uat.perkeso.gov.my/c/portal/logout' successfully

2018-12-07 11:52:02 - [MESSAGE][PASSED] - Call Test Case 'Test Cases/Final Aug 2018 - PKS Automation/Registration Module/Log Out/log out avoiding katalon tagging' successfully

2018-12-07 11:52:02 - [TEST_STEP][PASSED] - callTestCase: Call Test Case 'Test Cases/Final Aug 2018 - PKS Automation/Registration Module/New Registration/Form 2/Date Updater' successfully

2018-12-07 11:52:02 - [TEST_CASE][PASSED] - Test Cases/Final Aug 2018 - PKS Automation/Registration Module/New Registration/Form 2/Date Updater: Test Cases/Final Aug 2018 - PKS Automation/Registration Module/New Registration/Form 2/Date Updater

2018-12-07 11:52:02 - [TEST_STEP][PASSED] - Statement - TodayDate = new java.util.Date(): null

2018-12-07 11:52:02 - [TEST_STEP][PASSED] - Statement - CurrentDateNoFilter = new java.text.SimpleDateFormat(): null

2018-12-07 11:52:02 - [TEST_STEP][PASSED] - Statement - CurrentDateNoFilter.applyPattern("MM"): null

2018-12-07 11:52:02 - [TEST_STEP][PASSED] - Statement - monthContainerMatcher = java.lang.Integer.parseInt(CurrentDateNoFilter.format(TodayDate)): null

2018-12-07 11:52:02 - [TEST_STEP][PASSED] - Statement - monthContainerMatcher = monthContainerMatcher - 1: null

2018-12-07 11:52:02 - [TEST_STEP][PASSED] - Statement - CurrentMonth = monthContainerMatcher.toString(): null

2018-12-07 11:52:02 - [TEST_STEP][PASSED] - Statement - CurrentMonth = CurrentMonth: null

2018-12-07 11:52:02 - [TEST_STEP][PASSED] - Statement - CurrentDateNoFilter.applyPattern("yyyy"): null

2018-12-07 11:52:02 - [TEST_STEP][PASSED] - Statement - CurrentYear = CurrentDateNoFilter.format(TodayDate): null

2018-12-07 11:52:02 - [TEST_STEP][PASSED] - Statement - CurrentYear = CurrentYear: null

2018-12-07 11:52:02 - [TEST_STEP][PASSED] - Statement - intCurrentYear = java.lang.Integer.parseInt(CurrentDateNoFilter.format(TodayDate)): null

2018-12-07 11:52:02 - [TEST_STEP][PASSED] - Statement - eighteenYrsAgo = intCurrentYear - 18: null

2018-12-07 11:52:02 - [TEST_STEP][PASSED] - Statement - eighteenYrsBeforeThisYr = eighteenYrsAgo.toString(): null

2018-12-07 11:52:02 - [TEST_STEP][PASSED] - Statement - EighteenYrsBefore = eighteenYrsBeforeThisYr: null

2018-12-07 11:52:02 - [TEST_STEP][PASSED] - Statement - fiftysevenYrsAgo = intCurrentYear - 57: null

2018-12-07 11:52:02 - [TEST_STEP][PASSED] - Statement - fiftysevenYrsBeforeThisYr = fiftysevenYrsAgo.toString(): null

2018-12-07 11:52:02 - [TEST_STEP][PASSED] - Statement - FiftysevenYrsBefore = fiftysevenYrsBeforeThisYr: null

2018-12-07 11:52:02 - [TEST_STEP][PASSED] - Statement - leapYear = false: null

2018-12-07 11:52:02 - [TEST_STEP][PASSED] - Statement - leapYear = intCurrentYear % 4 == 0: null

2018-12-07 11:52:02 - [TEST_STEP][PASSED] - Statement - CurrentDateNoFilter.applyPattern("dd"): null

2018-12-07 11:52:02 - [TEST_STEP][PASSED] - Statement - CurrentDate = CurrentDateNoFilter.format(TodayDate): null

2018-12-07 11:52:02 - [TEST_STEP][PASSED] - Statement - CurrentDate = java.lang.Integer.parseInt(CurrentDate): null

2018-12-07 11:52:02 - [TEST_STEP][PASSED] - Statement - CurrentDate = CurrentDate: null

2018-12-07 11:52:02 - [TEST_STEP][PASSED] - Statement - CurrentDay = java.lang.Integer.parseInt(CurrentDate): null

2018-12-07 11:52:02 - [TEST_STEP][PASSED] - Statement - ConfAdder = <not implemented yet for class: org.codehaus.groovy.ast.expr.EmptyExpression>: null

2018-12-07 11:52:02 - [TEST_STEP][PASSED] - Statement - out.println(CurrentMonth): null

2018-12-07 11:52:02 - [TEST_STEP][PASSED] - Statement - out.println(CurrentDate): null

2018-12-07 11:52:02 - [TEST_STEP][PASSED] - Statement - switch (CurrentDate): null

2018-12-07 11:52:02 - [TEST_STEP][PASSED] - Statement - Default: null

2018-12-07 11:52:02 - [TEST_STEP][PASSED] - Statement - ConfAdder = true: null

2018-12-07 11:52:02 - [TEST_STEP][PASSED] - Statement - Break: null

2018-12-07 11:52:02 - [TEST_STEP][PASSED] - Statement - aDayBefore = <not implemented yet for class: org.codehaus.groovy.ast.expr.EmptyExpression>: null

2018-12-07 11:52:02 - [TEST_STEP][PASSED] - Statement - out.println(ConfAdder): null

2018-12-07 11:52:02 - [TEST_STEP][PASSED] - Statement - If (ConfAdder == true): null

2018-12-07 11:52:02 - [TEST_STEP][PASSED] - Statement - aDayBefore = CurrentDay + 1: null

2018-12-07 11:52:03 - [TEST_STEP][PASSED] - Statement - out.println(aDayBefore): null

2018-12-07 11:52:03 - [TEST_STEP][PASSED] - Statement - If (aDayBefore == 1 && CurrentMonth == 11): null

2018-12-07 11:52:03 - [TEST_STEP][PASSED] - Statement - DayBefore = aDayBefore.toString(): null

2018-12-07 11:52:03 - [TEST_STEP][PASSED] - Statement - OneDayBefore = DayBefore: null

2018-12-07 11:52:03 - [MESSAGE][PASSED] - Call Test Case 'Test Cases/Final Aug 2018 - PKS Automation/Registration Module/New Registration/Form 2/Date Updater' successfully

2018-12-07 11:52:03 - [TEST_STEP][PASSED] - delay: Delayed 2 second(s)

2018-12-07 11:52:05 - [MESSAGE][PASSED] - Delayed 2 second(s)

2018-12-07 11:52:05 - [TEST_STEP][PASSED] - setText: Text 'klpkrbo2@gmail.com' is set on object 'Object Repository/Final Object Repo/Page_Update Add New Employee - ASSIST/Email TextBox'

2018-12-07 11:52:05 - [MESSAGE][PASSED] - Text 'klpkrbo2@gmail.com' is set on object 'Object Repository/Final Object Repo/Page_Update Add New Employee - ASSIST/Email TextBox'

2018-12-07 11:52:05 - [TEST_STEP][PASSED] - click: Object: 'Object Repository/Final Object Repo/Page_Update Add New Employee - ASSIST/Next Button' is clicked on

2018-12-07 11:52:05 - [MESSAGE][PASSED] - Object: 'Object Repository/Final Object Repo/Page_Update Add New Employee - ASSIST/Next Button' is clicked on

2018-12-07 11:52:05 - [TEST_STEP][PASSED] - delay: Delayed 2 second(s)

2018-12-07 11:52:07 - [MESSAGE][PASSED] - Delayed 2 second(s)

2018-12-07 11:52:07 - [TEST_STEP][PASSED] - setText: Text 'Test1@3456789' is set on object 'Object Repository/Final Object Repo/Page_Update Add New Employee - ASSIST/Password TextBox'

2018-12-07 11:52:08 - [MESSAGE][PASSED] - Text 'Test1@3456789' is set on object 'Object Repository/Final Object Repo/Page_Update Add New Employee - ASSIST/Password TextBox'

2018-12-07 11:52:08 - [TEST_STEP][PASSED] - delay: Delayed 2 second(s)

2018-12-07 11:52:10 - [MESSAGE][PASSED] - Delayed 2 second(s)

2018-12-07 11:52:10 - [TEST_STEP][PASSED] - click: Object: 'Object Repository/Final Object Repo/Page_Update Add New Employee - ASSIST/Login Button' is clicked on

2018-12-07 11:52:10 - [MESSAGE][PASSED] - Object: 'Object Repository/Final Object Repo/Page_Update Add New Employee - ASSIST/Login Button' is clicked on

2018-12-07 11:52:10 - [TEST_STEP][PASSED] - delay: Delayed 4 second(s)

2018-12-07 11:52:14 - [MESSAGE][PASSED] - Delayed 4 second(s)

2018-12-07 11:52:14 - [TEST_STEP][PASSED] - Statement - Try: Delayed 2 second(s)

2018-12-07 11:52:14 - [TEST_STEP][PASSED] - Statement - Checker = false: null

2018-12-07 11:52:14 - [TEST_STEP][PASSED] - Statement - Checker = com.kms.katalon.core.webui.keyword.WebUiBuiltInKeywords.verifyElementHasAttribute(com.kms.katalon.core.testobject.ObjectRepository.findTestObject(Final Object Repo/Landing Page/BM Detecting), "href", 20, OPTIONAL): Object 'Object Repository/Final Object Repo/Landing Page/BM Detecting' has attribute 'href'

2018-12-07 11:52:14 - [MESSAGE][PASSED] - Object 'Object Repository/Final Object Repo/Landing Page/BM Detecting' has attribute 'href'

2018-12-07 11:52:14 - [TEST_STEP][PASSED] - Statement - out.println(Checker): null

2018-12-07 11:52:14 - [TEST_STEP][PASSED] - Statement - If (Checker == false): null

2018-12-07 11:52:14 - [TEST_STEP][PASSED] - Statement - Else: null

2018-12-07 11:52:14 - [TEST_STEP][PASSED] - delay: Delayed 2 second(s)

2018-12-07 11:52:16 - [MESSAGE][PASSED] - Delayed 2 second(s)

2018-12-07 11:52:16 - [TEST_STEP][PASSED] - delay: Delayed 4 second(s)

2018-12-07 11:52:20 - [MESSAGE][PASSED] - Delayed 4 second(s)

2018-12-07 11:52:20 - [TEST_STEP][PASSED] - click: Object: 'Object Repository/Final Object Repo/Page_Update Add New Employee - ASSIST/My Sites Drop Down' is clicked on

2018-12-07 11:52:20 - [MESSAGE][PASSED] - Object: 'Object Repository/Final Object Repo/Page_Update Add New Employee - ASSIST/My Sites Drop Down' is clicked on

2018-12-07 11:52:20 - [TEST_STEP][PASSED] - click: Object: 'Object Repository/Final Object Repo/Page_Update Add New Employee - ASSIST/Select to Registration Module' is clicked on

2018-12-07 11:52:21 - [MESSAGE][PASSED] - Object: 'Object Repository/Final Object Repo/Page_Update Add New Employee - ASSIST/Select to Registration Module' is clicked on

2018-12-07 11:52:21 - [TEST_STEP][PASSED] - navigateToUrl: Navigate to 'https://assist2-uat.perkeso.gov.my/web/registration/myassist' successfully

2018-12-07 11:52:22 - [MESSAGE][PASSED] - Navigate to 'https://assist2-uat.perkeso.gov.my/web/registration/myassist' successfully

2018-12-07 11:52:22 - [TEST_STEP][PASSED] - mouseOver: Object: 'Object Repository/Final Object Repo/Page_Update Add New Employee - ASSIST/Select to Update Akta 4 Tab' is hovered

2018-12-07 11:52:22 - [MESSAGE][PASSED] - Object: 'Object Repository/Final Object Repo/Page_Update Add New Employee - ASSIST/Select to Update Akta 4 Tab' is hovered

2018-12-07 11:52:22 - [TEST_STEP][PASSED] - delay: Delayed 2 second(s)

2018-12-07 11:52:24 - [MESSAGE][PASSED] - Delayed 2 second(s)

2018-12-07 11:52:24 - [TEST_STEP][PASSED] - click: Object: 'Object Repository/Final Object Repo/Page_Update Add New Employee - ASSIST/Select to Update Add New Employee' is clicked on

2018-12-07 11:52:24 - [MESSAGE][PASSED] - Object: 'Object Repository/Final Object Repo/Page_Update Add New Employee - ASSIST/Select to Update Add New Employee' is clicked on

2018-12-07 11:52:24 - [TEST_STEP][PASSED] - delay: Delayed 2 second(s)

2018-12-07 11:52:26 - [MESSAGE][PASSED] - Delayed 2 second(s)

2018-12-07 11:52:26 - [TEST_STEP][PASSED] - setText: Text 'E1102070671W' is set on object 'Object Repository/Final Object Repo/Page_Update Add New Employee - ASSIST/Employer Code input textbox'

2018-12-07 11:52:27 - [MESSAGE][PASSED] - Text 'E1102070671W' is set on object 'Object Repository/Final Object Repo/Page_Update Add New Employee - ASSIST/Employer Code input textbox'

2018-12-07 11:52:27 - [TEST_STEP][PASSED] - delay: Delayed 2 second(s)

2018-12-07 11:52:29 - [MESSAGE][PASSED] - Delayed 2 second(s)

2018-12-07 11:52:29 - [TEST_STEP][PASSED] - click: Object: 'Object Repository/Final Object Repo/Page_Update Add New Employee - ASSIST/Search Button for Employer Code' is clicked on

2018-12-07 11:52:29 - [MESSAGE][PASSED] - Object: 'Object Repository/Final Object Repo/Page_Update Add New Employee - ASSIST/Search Button for Employer Code' is clicked on

2018-12-07 11:52:29 - [TEST_STEP][PASSED] - delay: Delayed 4 second(s)

2018-12-07 11:52:33 - [MESSAGE][PASSED] - Delayed 4 second(s)

2018-12-07 11:52:33 - [TEST_STEP][PASSED] - click: Object: 'Object Repository/Final Object Repo/Page_Update Add New Employee - ASSIST/Click to Edit Case' is clicked on

2018-12-07 11:52:35 - [MESSAGE][PASSED] - Object: 'Object Repository/Final Object Repo/Page_Update Add New Employee - ASSIST/Click to Edit Case' is clicked on

2018-12-07 11:52:35 - [TEST_STEP][PASSED] - callTestCase: Call Test Case 'Test Cases/Final Aug 2018 - PKS Automation/Registration Module/Workflow/Update Add New Employee/Template/Employee Adding/Employee Set Decider' successfully

2018-12-07 11:52:35 - [TEST_CASE][PASSED] - Test Cases/Final Aug 2018 - PKS Automation/Registration Module/Workflow/Update Add New Employee/Template/Employee Adding/Employee Set Decider: Test Cases/Final Aug 2018 - PKS Automation/Registration Module/Workflow/Update Add New Employee/Template/Employee Adding/Employee Set Decider

2018-12-07 11:52:35 - [TEST_STEP][PASSED] - delay: Delayed 4 second(s)

2018-12-07 11:52:39 - [MESSAGE][PASSED] - Delayed 4 second(s)

2018-12-07 11:52:39 - [TEST_STEP][PASSED] - click: Object: 'Object Repository/Final Object Repo/Page_Update Add New Employee - ASSIST/Add Employee Button' is clicked on

2018-12-07 11:52:40 - [MESSAGE][PASSED] - Object: 'Object Repository/Final Object Repo/Page_Update Add New Employee - ASSIST/Add Employee Button' is clicked on

2018-12-07 11:52:40 - [TEST_STEP][PASSED] - delay: Delayed 3 second(s)

2018-12-07 11:52:43 - [MESSAGE][PASSED] - Delayed 3 second(s)

2018-12-07 11:52:43 - [TEST_STEP][PASSED] - setText: Text '010903091920' is set on object 'Object Repository/Final Object Repo/Page_Update Add New Employee - ASSIST/NRIC Input'

2018-12-07 11:52:43 - [MESSAGE][PASSED] - Text '010903091920' is set on object 'Object Repository/Final Object Repo/Page_Update Add New Employee - ASSIST/NRIC Input'

2018-12-07 11:52:43 - [TEST_STEP][PASSED] - click: Object: 'Object Repository/Final Object Repo/Page_Update Add New Employee - ASSIST/button for search for IC' is clicked on

2018-12-07 11:52:43 - [MESSAGE][PASSED] - Object: 'Object Repository/Final Object Repo/Page_Update Add New Employee - ASSIST/button for search for IC' is clicked on

2018-12-07 11:52:43 - [TEST_STEP][PASSED] - delay: Delayed 2 second(s)

2018-12-07 11:52:45 - [MESSAGE][PASSED] - Delayed 2 second(s)

2018-12-07 11:52:45 - [TEST_STEP][PASSED] - sendKeys: Keys 'CONTROL + a' sent to object: 'Object Repository/Final Object Repo/Page_Update Add New Employee - ASSIST/Employee Name Input'

2018-12-07 11:52:45 - [MESSAGE][PASSED] - Keys 'CONTROL + a' sent to object: 'Object Repository/Final Object Repo/Page_Update Add New Employee - ASSIST/Employee Name Input'

2018-12-07 11:52:45 - [TEST_STEP][PASSED] - sendKeys: Keys 'CONTROL + c' sent to object: 'Object Repository/Final Object Repo/Page_Update Add New Employee - ASSIST/Employee Name Input'

2018-12-07 11:52:45 - [MESSAGE][PASSED] - Keys 'CONTROL + c' sent to object: 'Object Repository/Final Object Repo/Page_Update Add New Employee - ASSIST/Employee Name Input'

2018-12-07 11:52:45 - [TEST_STEP][PASSED] - Statement - toolkit = java.awt.Toolkit.getDefaultToolkit(): null

2018-12-07 11:52:45 - [TEST_STEP][PASSED] - Statement - clipboard = toolkit.getSystemClipboard(): null

2018-12-07 11:52:45 - [TEST_STEP][PASSED] - Statement - CurrentName = clipboard.getData(stringFlavor): null

2018-12-07 11:52:46 - [TEST_STEP][PASSED] - Statement - out.println("String from Clipboard:" + CurrentName): null

2018-12-07 11:52:46 - [TEST_STEP][PASSED] - Statement - If (CurrentName == "AUTOMATE002 ELIGIBLE 1"): null

2018-12-07 11:52:46 - [TEST_STEP][PASSED] - Statement - Else If (CurrentName == "AUTOMATE003 ELIGIBLE 1"): Call Test Case 'Test Cases/Final Aug 2018 - PKS Automation/Registration Module/Workflow/Update Add New Employee/Template/Employee Adding/Employee Adding Action Repeat IC - set 2' successfully

2018-12-07 11:52:46 - [TEST_STEP][PASSED] - callTestCase: Call Test Case 'Test Cases/Final Aug 2018 - PKS Automation/Registration Module/Workflow/Update Add New Employee/Template/Employee Adding/Employee Adding Action Repeat IC - set 2' successfully

2018-12-07 11:52:46 - [TEST_CASE][PASSED] - Test Cases/Final Aug 2018 - PKS Automation/Registration Module/Workflow/Update Add New Employee/Template/Employee Adding/Employee Adding Action Repeat IC - set 2: Test Cases/Final Aug 2018 - PKS Automation/Registration Module/Workflow/Update Add New Employee/Template/Employee Adding/Employee Adding Action Repeat IC - set 2

2018-12-07 11:52:46 - [TEST_STEP][PASSED] - setText: Text 'Automate002 eligible 1' is set on object 'Object Repository/Final Object Repo/Page_Update Add New Employee - ASSIST/Employee Name Input'

2018-12-07 11:52:46 - [MESSAGE][PASSED] - Text 'Automate002 eligible 1' is set on object 'Object Repository/Final Object Repo/Page_Update Add New Employee - ASSIST/Employee Name Input'

2018-12-07 11:52:46 - [TEST_STEP][PASSED] - delay: Delayed 2 second(s)

2018-12-07 11:52:48 - [MESSAGE][PASSED] - Delayed 2 second(s)

2018-12-07 11:52:48 - [TEST_STEP][PASSED] - click: Object: 'Object Repository/Final Object Repo/Page_Update Add New Employee - ASSIST/DatePicker Pop Up' is clicked on

2018-12-07 11:52:48 - [MESSAGE][PASSED] - Object: 'Object Repository/Final Object Repo/Page_Update Add New Employee - ASSIST/DatePicker Pop Up' is clicked on

2018-12-07 11:52:48 - [TEST_STEP][PASSED] - click: Object: 'Object Repository/Final Object Repo/Page_Update Add New Employee - ASSIST/DOB Month' is clicked on

2018-12-07 11:52:49 - [MESSAGE][PASSED] - Object: 'Object Repository/Final Object Repo/Page_Update Add New Employee - ASSIST/DOB Month' is clicked on

2018-12-07 11:52:49 - [TEST_STEP][PASSED] - Statement - CurrentMonth = CurrentMonth: null

2018-12-07 11:52:49 - [TEST_STEP][PASSED] - Statement - selectMonth = new com.kms.katalon.core.testobject.TestObject(): null

2018-12-07 11:52:49 - [TEST_STEP][PASSED] - Statement - selectMonth.addProperty("xpath", EQUALS, "//body/div/div/div/select/option[@value='" + CurrentMonth + "']", true): null

2018-12-07 11:52:49 - [TEST_STEP][PASSED] - click: Object: '' is clicked on

2018-12-07 11:52:49 - [MESSAGE][PASSED] - Object: '' is clicked on

2018-12-07 11:52:49 - [TEST_STEP][PASSED] - click: Object: 'Object Repository/Final Object Repo/Page_Update Add New Employee - ASSIST/DOB Year' is clicked on

2018-12-07 11:52:49 - [MESSAGE][PASSED] - Object: 'Object Repository/Final Object Repo/Page_Update Add New Employee - ASSIST/DOB Year' is clicked on

2018-12-07 11:52:49 - [TEST_STEP][PASSED] - Statement - Eyearsbf = EighteenYrsBefore: null

2018-12-07 11:52:49 - [TEST_STEP][PASSED] - Statement - selectYear = new com.kms.katalon.core.testobject.TestObject(): null

2018-12-07 11:52:49 - [TEST_STEP][PASSED] - Statement - selectYear.addProperty("xpath", EQUALS, "//div/div/div/select/option[@value='" + Eyearsbf + "']", true): null

2018-12-07 11:52:49 - [TEST_STEP][PASSED] - click: Object: '' is clicked on

2018-12-07 11:52:49 - [MESSAGE][PASSED] - Object: '' is clicked on

2018-12-07 11:52:49 - [TEST_STEP][PASSED] - Statement - UpdatedSelectDate = com.kms.katalon.core.webui.keyword.WebUiBuiltInKeywords.modifyObjectProperty(com.kms.katalon.core.testobject.ObjectRepository.findTestObject(Final Object Repo/Page_Update Add New Employee - ASSIST/DOB Date), "xpath", "equals", "//body/div/table/tbody/tr/td/a[text()="" + CurrentDate + ""]", true): Modify property of object successfully

2018-12-07 11:52:49 - [MESSAGE][PASSED] - Modify property of object successfully

2018-12-07 11:52:49 - [TEST_STEP][PASSED] - delay: Delayed 3 second(s)

2018-12-07 11:52:52 - [MESSAGE][PASSED] - Delayed 3 second(s)

2018-12-07 11:52:52 - [TEST_STEP][PASSED] - click: Object: 'Object Repository/Final Object Repo/Page_Update Add New Employee - ASSIST/DOB Date' is clicked on

2018-12-07 11:52:52 - [MESSAGE][PASSED] - Object: 'Object Repository/Final Object Repo/Page_Update Add New Employee - ASSIST/DOB Date' is clicked on

2018-12-07 11:52:52 - [TEST_STEP][PASSED] - delay: Delayed 2 second(s)

2018-12-07 11:52:54 - [MESSAGE][PASSED] - Delayed 2 second(s)

2018-12-07 11:52:54 - [TEST_STEP][PASSED] - click: Object: 'Object Repository/Final Object Repo/Page_Update Add New Employee - ASSIST/EmploymentStartDate Pop Up' is clicked on

2018-12-07 11:52:54 - [MESSAGE][PASSED] - Object: 'Object Repository/Final Object Repo/Page_Update Add New Employee - ASSIST/EmploymentStartDate Pop Up' is clicked on

2018-12-07 11:52:54 - [TEST_STEP][PASSED] - delay: Delayed 2 second(s)

2018-12-07 11:52:56 - [MESSAGE][PASSED] - Delayed 2 second(s)

2018-12-07 11:52:56 - [TEST_STEP][PASSED] - click: Object: 'Object Repository/Final Object Repo/Page_Update Add New Employee - ASSIST/Socso Employment StartDate Month' is clicked on

2018-12-07 11:52:57 - [MESSAGE][PASSED] - Object: 'Object Repository/Final Object Repo/Page_Update Add New Employee - ASSIST/Socso Employment StartDate Month' is clicked on

2018-12-07 11:52:57 - [TEST_STEP][PASSED] - delay: Delayed 1 second(s)

2018-12-07 11:52:58 - [MESSAGE][PASSED] - Delayed 1 second(s)

2018-12-07 11:52:58 - [TEST_STEP][PASSED] - click: Object: 'Object Repository/Final Object Repo/Page_Update Add New Employee - ASSIST/Select Socso Employement Startdate Month' is clicked on

2018-12-07 11:52:58 - [MESSAGE][PASSED] - Object: 'Object Repository/Final Object Repo/Page_Update Add New Employee - ASSIST/Select Socso Employement Startdate Month' is clicked on

2018-12-07 11:52:58 - [TEST_STEP][PASSED] - delay: Delayed 2 second(s)

2018-12-07 11:53:00 - [MESSAGE][PASSED] - Delayed 2 second(s)

2018-12-07 11:53:00 - [TEST_STEP][PASSED] - click: Object: 'Object Repository/Final Object Repo/Page_Update Add New Employee - ASSIST/Socso Employment StartDate Year' is clicked on

2018-12-07 11:53:00 - [MESSAGE][PASSED] - Object: 'Object Repository/Final Object Repo/Page_Update Add New Employee - ASSIST/Socso Employment StartDate Year' is clicked on

2018-12-07 11:53:00 - [TEST_STEP][PASSED] - delay: Delayed 1 second(s)

2018-12-07 11:53:01 - [MESSAGE][PASSED] - Delayed 1 second(s)

2018-12-07 11:53:01 - [TEST_STEP][PASSED] - click: Object: 'Object Repository/Final Object Repo/Page_Update Add New Employee - ASSIST/Select Socso Employment Startdate Year' is clicked on

2018-12-07 11:53:01 - [MESSAGE][PASSED] - Object: 'Object Repository/Final Object Repo/Page_Update Add New Employee - ASSIST/Select Socso Employment Startdate Year' is clicked on

2018-12-07 11:53:01 - [TEST_STEP][PASSED] - delay: Delayed 2 second(s)

2018-12-07 11:53:03 - [MESSAGE][PASSED] - Delayed 2 second(s)

2018-12-07 11:53:03 - [TEST_STEP][PASSED] - click: Object: 'Object Repository/Final Object Repo/Page_Update Add New Employee - ASSIST/Socso Employment Start Date Day' is clicked on

2018-12-07 11:53:03 - [MESSAGE][PASSED] - Object: 'Object Repository/Final Object Repo/Page_Update Add New Employee - ASSIST/Socso Employment Start Date Day' is clicked on

2018-12-07 11:53:03 - [TEST_STEP][PASSED] - delay: Delayed 2 second(s)

2018-12-07 11:53:05 - [MESSAGE][PASSED] - Delayed 2 second(s)

2018-12-07 11:53:05 - [TEST_STEP][PASSED] - click: Object: 'Object Repository/Final Object Repo/Page_Update Add New Employee - ASSIST/Save Button for Add Employee' is clicked on

2018-12-07 11:53:06 - [MESSAGE][PASSED] - Object: 'Object Repository/Final Object Repo/Page_Update Add New Employee - ASSIST/Save Button for Add Employee' is clicked on

2018-12-07 11:53:06 - [TEST_STEP][PASSED] - delay: Delayed 10 second(s)

2018-12-07 11:53:16 - [MESSAGE][PASSED] - Delayed 10 second(s)

2018-12-07 11:53:16 - [TEST_STEP][PASSED] - click: Object: 'Object Repository/Final Object Repo/Page_Update Add New Employee - ASSIST/Add Employee Button' is clicked on

2018-12-07 11:53:16 - [MESSAGE][PASSED] - Object: 'Object Repository/Final Object Repo/Page_Update Add New Employee - ASSIST/Add Employee Button' is clicked on

2018-12-07 11:53:16 - [TEST_STEP][PASSED] - delay: Delayed 6 second(s)

2018-12-07 11:53:22 - [MESSAGE][PASSED] - Delayed 6 second(s)

2018-12-07 11:53:22 - [TEST_STEP][PASSED] - setText: Text '620904059600' is set on object 'Object Repository/Final Object Repo/Page_Update Add New Employee - ASSIST/NRIC Input'

2018-12-07 11:53:22 - [MESSAGE][PASSED] - Text '620904059600' is set on object 'Object Repository/Final Object Repo/Page_Update Add New Employee - ASSIST/NRIC Input'

2018-12-07 11:53:22 - [TEST_STEP][PASSED] - click: Object: 'Object Repository/Final Object Repo/Page_Update Add New Employee - ASSIST/button for search for IC' is clicked on

2018-12-07 11:53:22 - [MESSAGE][PASSED] - Object: 'Object Repository/Final Object Repo/Page_Update Add New Employee - ASSIST/button for search for IC' is clicked on

2018-12-07 11:53:22 - [TEST_STEP][PASSED] - delay: Delayed 2 second(s)

2018-12-07 11:53:24 - [MESSAGE][PASSED] - Delayed 2 second(s)

2018-12-07 11:53:24 - [TEST_STEP][PASSED] - setText: Text 'Automate002 eligible 2' is set on object 'Object Repository/Final Object Repo/Page_Update Add New Employee - ASSIST/Employee Name Input'

2018-12-07 11:53:25 - [MESSAGE][PASSED] - Text 'Automate002 eligible 2' is set on object 'Object Repository/Final Object Repo/Page_Update Add New Employee - ASSIST/Employee Name Input'

2018-12-07 11:53:25 - [TEST_STEP][PASSED] - delay: Delayed 2 second(s)

2018-12-07 11:53:27 - [MESSAGE][PASSED] - Delayed 2 second(s)

2018-12-07 11:53:27 - [TEST_STEP][PASSED] - click: Object: 'Object Repository/Final Object Repo/Page_Update Add New Employee - ASSIST/DatePicker Pop Up' is clicked on

2018-12-07 11:53:27 - [MESSAGE][PASSED] - Object: 'Object Repository/Final Object Repo/Page_Update Add New Employee - ASSIST/DatePicker Pop Up' is clicked on

2018-12-07 11:53:27 - [TEST_STEP][PASSED] - delay: Delayed 2 second(s)

2018-12-07 11:53:29 - [MESSAGE][PASSED] - Delayed 2 second(s)

2018-12-07 11:53:29 - [TEST_STEP][PASSED] - click: Object: 'Object Repository/Final Object Repo/Page_Update Add New Employee - ASSIST/DOB Month' is clicked on

2018-12-07 11:53:30 - [MESSAGE][PASSED] - Object: 'Object Repository/Final Object Repo/Page_Update Add New Employee - ASSIST/DOB Month' is clicked on

2018-12-07 11:53:30 - [TEST_STEP][PASSED] - Statement - selectMonth = com.kms.katalon.core.webui.keyword.WebUiBuiltInKeywords.modifyObjectProperty(selectMonth, "xpath", "equals", "//body/div/div/div/select/option[@value="" + CurrentMonth + ""]", true): Modify property of object successfully

2018-12-07 11:53:30 - [MESSAGE][PASSED] - Modify property of object successfully

2018-12-07 11:53:30 - [TEST_STEP][PASSED] - click: Object: '' is clicked on

2018-12-07 11:53:30 - [MESSAGE][PASSED] - Object: '' is clicked on

2018-12-07 11:53:30 - [TEST_STEP][PASSED] - click: Object: 'Object Repository/Final Object Repo/Page_Update Add New Employee - ASSIST/DOB Year' is clicked on

2018-12-07 11:53:30 - [MESSAGE][PASSED] - Object: 'Object Repository/Final Object Repo/Page_Update Add New Employee - ASSIST/DOB Year' is clicked on

2018-12-07 11:53:30 - [TEST_STEP][PASSED] - Statement - selectYear = com.kms.katalon.core.webui.keyword.WebUiBuiltInKeywords.modifyObjectProperty(selectYear, "xpath", "equals", "//div/div/div/select/option[@value="" + FiftysevenYrsBefore + ""]", true): Modify property of object successfully

2018-12-07 11:53:30 - [MESSAGE][PASSED] - Modify property of object successfully

2018-12-07 11:53:30 - [TEST_STEP][PASSED] - click: Object: '' is clicked on

2018-12-07 11:53:30 - [MESSAGE][PASSED] - Object: '' is clicked on

2018-12-07 11:53:30 - [TEST_STEP][PASSED] - Statement - UpdatedSelectDate = com.kms.katalon.core.webui.keyword.WebUiBuiltInKeywords.modifyObjectProperty(com.kms.katalon.core.testobject.ObjectRepository.findTestObject(Final Object Repo/Page_Update Add New Employee - ASSIST/DOB Date), "xpath", "equals", "//body/div/table/tbody/tr/td/a[text()="" + OneDayBefore + ""]", true): Modify property of object successfully

2018-12-07 11:53:30 - [MESSAGE][PASSED] - Modify property of object successfully

2018-12-07 11:53:30 - [TEST_STEP][PASSED] - click: Object: 'Object Repository/Final Object Repo/Page_Update Add New Employee - ASSIST/DOB Date' is clicked on

2018-12-07 11:53:30 - [MESSAGE][PASSED] - Object: 'Object Repository/Final Object Repo/Page_Update Add New Employee - ASSIST/DOB Date' is clicked on

2018-12-07 11:53:30 - [TEST_STEP][PASSED] - delay: Delayed 2 second(s)

2018-12-07 11:53:32 - [MESSAGE][PASSED] - Delayed 2 second(s)

2018-12-07 11:53:32 - [TEST_STEP][PASSED] - click: Object: 'Object Repository/Final Object Repo/Page_Update Add New Employee - ASSIST/EmploymentStartDate Pop Up' is clicked on

2018-12-07 11:53:32 - [MESSAGE][PASSED] - Object: 'Object Repository/Final Object Repo/Page_Update Add New Employee - ASSIST/EmploymentStartDate Pop Up' is clicked on

2018-12-07 11:53:32 - [TEST_STEP][PASSED] - delay: Delayed 2 second(s)

2018-12-07 11:53:34 - [MESSAGE][PASSED] - Delayed 2 second(s)

2018-12-07 11:53:34 - [TEST_STEP][PASSED] - click: Object: 'Object Repository/Final Object Repo/Page_Update Add New Employee - ASSIST/Socso Employment StartDate Month' is clicked on

2018-12-07 11:53:35 - [MESSAGE][PASSED] - Object: 'Object Repository/Final Object Repo/Page_Update Add New Employee - ASSIST/Socso Employment StartDate Month' is clicked on

2018-12-07 11:53:35 - [TEST_STEP][PASSED] - delay: Delayed 1 second(s)

2018-12-07 11:53:36 - [MESSAGE][PASSED] - Delayed 1 second(s)

2018-12-07 11:53:36 - [TEST_STEP][PASSED] - click: Object: 'Object Repository/Final Object Repo/Page_Update Add New Employee - ASSIST/Select Socso Employement Startdate Month' is clicked on

2018-12-07 11:53:36 - [MESSAGE][PASSED] - Object: 'Object Repository/Final Object Repo/Page_Update Add New Employee - ASSIST/Select Socso Employement Startdate Month' is clicked on

2018-12-07 11:53:36 - [TEST_STEP][PASSED] - delay: Delayed 2 second(s)

2018-12-07 11:53:38 - [MESSAGE][PASSED] - Delayed 2 second(s)

2018-12-07 11:53:38 - [TEST_STEP][PASSED] - click: Object: 'Object Repository/Final Object Repo/Page_Update Add New Employee - ASSIST/Socso Employment StartDate Year' is clicked on

2018-12-07 11:53:38 - [MESSAGE][PASSED] - Object: 'Object Repository/Final Object Repo/Page_Update Add New Employee - ASSIST/Socso Employment StartDate Year' is clicked on

2018-12-07 11:53:38 - [TEST_STEP][PASSED] - delay: Delayed 1 second(s)

2018-12-07 11:53:39 - [MESSAGE][PASSED] - Delayed 1 second(s)

2018-12-07 11:53:39 - [TEST_STEP][PASSED] - click: Object: 'Object Repository/Final Object Repo/Page_Update Add New Employee - ASSIST/Select Socso Employment Startdate Year' is clicked on

2018-12-07 11:53:39 - [MESSAGE][PASSED] - Object: 'Object Repository/Final Object Repo/Page_Update Add New Employee - ASSIST/Select Socso Employment Startdate Year' is clicked on

2018-12-07 11:53:39 - [TEST_STEP][PASSED] - delay: Delayed 2 second(s)

2018-12-07 11:53:41 - [MESSAGE][PASSED] - Delayed 2 second(s)

2018-12-07 11:53:41 - [TEST_STEP][PASSED] - click: Object: 'Object Repository/Final Object Repo/Page_Update Add New Employee - ASSIST/Socso Employment Start Date Day' is clicked on

2018-12-07 11:53:41 - [MESSAGE][PASSED] - Object: 'Object Repository/Final Object Repo/Page_Update Add New Employee - ASSIST/Socso Employment Start Date Day' is clicked on

2018-12-07 11:53:41 - [TEST_STEP][PASSED] - delay: Delayed 2 second(s)

2018-12-07 11:53:43 - [MESSAGE][PASSED] - Delayed 2 second(s)

2018-12-07 11:53:43 - [TEST_STEP][PASSED] - click: Object: 'Object Repository/Final Object Repo/Page_Update Add New Employee - ASSIST/Save Button for Add Employee' is clicked on

2018-12-07 11:53:43 - [MESSAGE][PASSED] - Object: 'Object Repository/Final Object Repo/Page_Update Add New Employee - ASSIST/Save Button for Add Employee' is clicked on

2018-12-07 11:53:43 - [TEST_STEP][PASSED] - delay: Delayed 5 second(s)

2018-12-07 11:53:48 - [MESSAGE][PASSED] - Delayed 5 second(s)

2018-12-07 11:53:48 - [TEST_STEP][PASSED] - waitForElementClickable: Object 'Object Repository/Final Object Repo/Page_Update Add New Employee - ASSIST/Add Employee Button' is clickable

2018-12-07 11:53:49 - [MESSAGE][PASSED] - Object 'Object Repository/Final Object Repo/Page_Update Add New Employee - ASSIST/Add Employee Button' is clickable

2018-12-07 11:53:49 - [TEST_STEP][PASSED] - click: Object: 'Object Repository/Final Object Repo/Page_Update Add New Employee - ASSIST/Add Employee Button' is clicked on

2018-12-07 11:53:49 - [MESSAGE][PASSED] - Object: 'Object Repository/Final Object Repo/Page_Update Add New Employee - ASSIST/Add Employee Button' is clicked on

2018-12-07 11:53:49 - [TEST_STEP][PASSED] - delay: Delayed 4 second(s)

2018-12-07 11:53:53 - [MESSAGE][PASSED] - Delayed 4 second(s)

2018-12-07 11:53:53 - [TEST_STEP][PASSED] - setText: Text '000209039100' is set on object 'Object Repository/Final Object Repo/Page_Update Add New Employee - ASSIST/NRIC Input'

2018-12-07 11:53:53 - [MESSAGE][PASSED] - Text '000209039100' is set on object 'Object Repository/Final Object Repo/Page_Update Add New Employee - ASSIST/NRIC Input'

2018-12-07 11:53:53 - [TEST_STEP][PASSED] - click: Object: 'Object Repository/Final Object Repo/Page_Update Add New Employee - ASSIST/button for search for IC' is clicked on

2018-12-07 11:53:53 - [MESSAGE][PASSED] - Object: 'Object Repository/Final Object Repo/Page_Update Add New Employee - ASSIST/button for search for IC' is clicked on

2018-12-07 11:53:53 - [TEST_STEP][PASSED] - delay: Delayed 2 second(s)

2018-12-07 11:53:55 - [MESSAGE][PASSED] - Delayed 2 second(s)

2018-12-07 11:53:55 - [TEST_STEP][PASSED] - setText: Text 'Automate002 not eligible 1' is set on object 'Object Repository/Final Object Repo/Page_Update Add New Employee - ASSIST/Employee Name Input'

2018-12-07 11:53:56 - [MESSAGE][PASSED] - Text 'Automate002 not eligible 1' is set on object 'Object Repository/Final Object Repo/Page_Update Add New Employee - ASSIST/Employee Name Input'

2018-12-07 11:53:56 - [TEST_STEP][PASSED] - delay: Delayed 2 second(s)

2018-12-07 11:53:58 - [MESSAGE][PASSED] - Delayed 2 second(s)

2018-12-07 11:53:58 - [TEST_STEP][PASSED] - click: Object: 'Object Repository/Final Object Repo/Page_Update Add New Employee - ASSIST/DatePicker Pop Up' is clicked on

2018-12-07 11:53:58 - [MESSAGE][PASSED] - Object: 'Object Repository/Final Object Repo/Page_Update Add New Employee - ASSIST/DatePicker Pop Up' is clicked on

2018-12-07 11:53:58 - [TEST_STEP][PASSED] - delay: Delayed 2 second(s)

2018-12-07 11:54:00 - [MESSAGE][PASSED] - Delayed 2 second(s)

2018-12-07 11:54:00 - [TEST_STEP][PASSED] - click: Object: 'Object Repository/Final Object Repo/Page_Update Add New Employee - ASSIST/DOB Month' is clicked on

2018-12-07 11:54:00 - [MESSAGE][PASSED] - Object: 'Object Repository/Final Object Repo/Page_Update Add New Employee - ASSIST/DOB Month' is clicked on

2018-12-07 11:54:00 - [TEST_STEP][PASSED] - Statement - selectMonth = com.kms.katalon.core.webui.keyword.WebUiBuiltInKeywords.modifyObjectProperty(selectMonth, "xpath", "equals", "//body/div/div/div/select/option[@value="" + CurrentMonth + ""]", true): Modify property of object successfully

2018-12-07 11:54:00 - [MESSAGE][PASSED] - Modify property of object successfully

2018-12-07 11:54:00 - [TEST_STEP][PASSED] - click: Object: '' is clicked on

2018-12-07 11:54:01 - [MESSAGE][PASSED] - Object: '' is clicked on

2018-12-07 11:54:01 - [TEST_STEP][PASSED] - click: Object: 'Object Repository/Final Object Repo/Page_Update Add New Employee - ASSIST/DOB Year' is clicked on

2018-12-07 11:54:01 - [MESSAGE][PASSED] - Object: 'Object Repository/Final Object Repo/Page_Update Add New Employee - ASSIST/DOB Year' is clicked on

2018-12-07 11:54:01 - [TEST_STEP][PASSED] - Statement - selectYear = com.kms.katalon.core.webui.keyword.WebUiBuiltInKeywords.modifyObjectProperty(selectYear, "xpath", "equals", "//div/div/div/select/option[@value="" + EighteenYrsBefore + ""]", true): Modify property of object successfully

2018-12-07 11:54:01 - [MESSAGE][PASSED] - Modify property of object successfully

2018-12-07 11:54:01 - [TEST_STEP][PASSED] - click: Object: '' is clicked on

2018-12-07 11:54:01 - [MESSAGE][PASSED] - Object: '' is clicked on

2018-12-07 11:54:01 - [TEST_STEP][PASSED] - Statement - UpdatedSelectDate = com.kms.katalon.core.webui.keyword.WebUiBuiltInKeywords.modifyObjectProperty(com.kms.katalon.core.testobject.ObjectRepository.findTestObject(Final Object Repo/Page_Update Add New Employee - ASSIST/DOB Date), "xpath", "equals", "//body/div/table/tbody/tr/td/a[text()="" + OneDayBefore + ""]", true): Modify property of object successfully

2018-12-07 11:54:01 - [MESSAGE][PASSED] - Modify property of object successfully

2018-12-07 11:54:01 - [TEST_STEP][PASSED] - click: Object: 'Object Repository/Final Object Repo/Page_Update Add New Employee - ASSIST/DOB Date' is clicked on

2018-12-07 11:54:01 - [MESSAGE][PASSED] - Object: 'Object Repository/Final Object Repo/Page_Update Add New Employee - ASSIST/DOB Date' is clicked on

2018-12-07 11:54:01 - [TEST_STEP][PASSED] - delay: Delayed 2 second(s)

2018-12-07 11:54:03 - [MESSAGE][PASSED] - Delayed 2 second(s)

2018-12-07 11:54:03 - [TEST_STEP][PASSED] - click: Object: 'Object Repository/Final Object Repo/Page_Update Add New Employee - ASSIST/EmploymentStartDate Pop Up' is clicked on

2018-12-07 11:54:03 - [MESSAGE][PASSED] - Object: 'Object Repository/Final Object Repo/Page_Update Add New Employee - ASSIST/EmploymentStartDate Pop Up' is clicked on

2018-12-07 11:54:03 - [TEST_STEP][PASSED] - delay: Delayed 2 second(s)

2018-12-07 11:54:05 - [MESSAGE][PASSED] - Delayed 2 second(s)

2018-12-07 11:54:05 - [TEST_STEP][PASSED] - click: Object: 'Object Repository/Final Object Repo/Page_Update Add New Employee - ASSIST/Socso Employment StartDate Month' is clicked on

2018-12-07 11:54:05 - [MESSAGE][PASSED] - Object: 'Object Repository/Final Object Repo/Page_Update Add New Employee - ASSIST/Socso Employment StartDate Month' is clicked on

2018-12-07 11:54:05 - [TEST_STEP][PASSED] - delay: Delayed 1 second(s)

2018-12-07 11:54:06 - [MESSAGE][PASSED] - Delayed 1 second(s)

2018-12-07 11:54:06 - [TEST_STEP][PASSED] - click: Object: 'Object Repository/Final Object Repo/Page_Update Add New Employee - ASSIST/Select Socso Employement Startdate Month' is clicked on

2018-12-07 11:54:07 - [MESSAGE][PASSED] - Object: 'Object Repository/Final Object Repo/Page_Update Add New Employee - ASSIST/Select Socso Employement Startdate Month' is clicked on

2018-12-07 11:54:07 - [TEST_STEP][PASSED] - delay: Delayed 2 second(s)

2018-12-07 11:54:09 - [MESSAGE][PASSED] - Delayed 2 second(s)

2018-12-07 11:54:09 - [TEST_STEP][PASSED] - click: Object: 'Object Repository/Final Object Repo/Page_Update Add New Employee - ASSIST/Socso Employment StartDate Year' is clicked on

2018-12-07 11:54:09 - [MESSAGE][PASSED] - Object: 'Object Repository/Final Object Repo/Page_Update Add New Employee - ASSIST/Socso Employment StartDate Year' is clicked on

2018-12-07 11:54:09 - [TEST_STEP][PASSED] - delay: Delayed 1 second(s)

2018-12-07 11:54:10 - [MESSAGE][PASSED] - Delayed 1 second(s)

2018-12-07 11:54:10 - [TEST_STEP][PASSED] - click: Object: 'Object Repository/Final Object Repo/Page_Update Add New Employee - ASSIST/Select Socso Employment Startdate Year' is clicked on

2018-12-07 11:54:10 - [MESSAGE][PASSED] - Object: 'Object Repository/Final Object Repo/Page_Update Add New Employee - ASSIST/Select Socso Employment Startdate Year' is clicked on

2018-12-07 11:54:10 - [TEST_STEP][PASSED] - delay: Delayed 2 second(s)

2018-12-07 11:54:12 - [MESSAGE][PASSED] - Delayed 2 second(s)

2018-12-07 11:54:12 - [TEST_STEP][PASSED] - click: Object: 'Object Repository/Final Object Repo/Page_Update Add New Employee - ASSIST/Socso Employment Start Date Day' is clicked on

2018-12-07 11:54:12 - [MESSAGE][PASSED] - Object: 'Object Repository/Final Object Repo/Page_Update Add New Employee - ASSIST/Socso Employment Start Date Day' is clicked on

2018-12-07 11:54:12 - [TEST_STEP][PASSED] - delay: Delayed 2 second(s)

2018-12-07 11:54:14 - [MESSAGE][PASSED] - Delayed 2 second(s)

2018-12-07 11:54:14 - [TEST_STEP][PASSED] - click: Object: 'Object Repository/Final Object Repo/Page_Update Add New Employee - ASSIST/Save Button for Add Employee' is clicked on

2018-12-07 11:54:14 - [MESSAGE][PASSED] - Object: 'Object Repository/Final Object Repo/Page_Update Add New Employee - ASSIST/Save Button for Add Employee' is clicked on

2018-12-07 11:54:14 - [TEST_STEP][PASSED] - delay: Delayed 20 second(s)

2018-12-07 11:54:34 - [MESSAGE][PASSED] - Delayed 20 second(s)

2018-12-07 11:54:34 - [TEST_STEP][PASSED] - click: Object: 'Object Repository/Final Object Repo/Page_Update Add New Employee - ASSIST/Add Employee Button' is clicked on

2018-12-07 11:54:35 - [MESSAGE][PASSED] - Object: 'Object Repository/Final Object Repo/Page_Update Add New Employee - ASSIST/Add Employee Button' is clicked on

2018-12-07 11:54:35 - [TEST_STEP][PASSED] - delay: Delayed 4 second(s)

2018-12-07 11:54:39 - [MESSAGE][PASSED] - Delayed 4 second(s)

2018-12-07 11:54:39 - [TEST_STEP][PASSED] - setText: Text '600203039104' is set on object 'Object Repository/Final Object Repo/Page_Update Add New Employee - ASSIST/NRIC Input'

2018-12-07 11:54:39 - [MESSAGE][PASSED] - Text '600203039104' is set on object 'Object Repository/Final Object Repo/Page_Update Add New Employee - ASSIST/NRIC Input'

2018-12-07 11:54:39 - [TEST_STEP][PASSED] - click: Object: 'Object Repository/Final Object Repo/Page_Update Add New Employee - ASSIST/button for search for IC' is clicked on

2018-12-07 11:54:39 - [MESSAGE][PASSED] - Object: 'Object Repository/Final Object Repo/Page_Update Add New Employee - ASSIST/button for search for IC' is clicked on

2018-12-07 11:54:39 - [TEST_STEP][PASSED] - delay: Delayed 2 second(s)

2018-12-07 11:54:41 - [MESSAGE][PASSED] - Delayed 2 second(s)

2018-12-07 11:54:41 - [TEST_STEP][PASSED] - setText: Text 'Automate002 not eligible 2' is set on object 'Object Repository/Final Object Repo/Page_Update Add New Employee - ASSIST/Employee Name Input'

2018-12-07 11:54:42 - [MESSAGE][PASSED] - Text 'Automate002 not eligible 2' is set on object 'Object Repository/Final Object Repo/Page_Update Add New Employee - ASSIST/Employee Name Input'

2018-12-07 11:54:42 - [TEST_STEP][PASSED] - delay: Delayed 2 second(s)

2018-12-07 11:54:44 - [MESSAGE][PASSED] - Delayed 2 second(s)

2018-12-07 11:54:44 - [TEST_STEP][PASSED] - click: Object: 'Object Repository/Final Object Repo/Page_Update Add New Employee - ASSIST/DatePicker Pop Up' is clicked on

2018-12-07 11:54:44 - [MESSAGE][PASSED] - Object: 'Object Repository/Final Object Repo/Page_Update Add New Employee - ASSIST/DatePicker Pop Up' is clicked on

2018-12-07 11:54:44 - [TEST_STEP][PASSED] - delay: Delayed 2 second(s)

2018-12-07 11:54:46 - [MESSAGE][PASSED] - Delayed 2 second(s)

2018-12-07 11:54:46 - [TEST_STEP][PASSED] - click: Object: 'Object Repository/Final Object Repo/Page_Update Add New Employee - ASSIST/DOB Month' is clicked on

2018-12-07 11:54:46 - [MESSAGE][PASSED] - Object: 'Object Repository/Final Object Repo/Page_Update Add New Employee - ASSIST/DOB Month' is clicked on

2018-12-07 11:54:46 - [TEST_STEP][PASSED] - Statement - selectMonth = com.kms.katalon.core.webui.keyword.WebUiBuiltInKeywords.modifyObjectProperty(selectMonth, "xpath", "equals", "//body/div/div/div/select/option[@value="" + CurrentMonth + ""]", true): Modify property of object successfully

2018-12-07 11:54:46 - [MESSAGE][PASSED] - Modify property of object successfully

2018-12-07 11:54:46 - [TEST_STEP][PASSED] - click: Object: '' is clicked on

2018-12-07 11:54:46 - [MESSAGE][PASSED] - Object: '' is clicked on

2018-12-07 11:54:46 - [TEST_STEP][PASSED] - click: Object: 'Object Repository/Final Object Repo/Page_Update Add New Employee - ASSIST/DOB Year' is clicked on

2018-12-07 11:54:47 - [MESSAGE][PASSED] - Object: 'Object Repository/Final Object Repo/Page_Update Add New Employee - ASSIST/DOB Year' is clicked on

2018-12-07 11:54:47 - [TEST_STEP][PASSED] - Statement - selectYear = com.kms.katalon.core.webui.keyword.WebUiBuiltInKeywords.modifyObjectProperty(selectYear, "xpath", "equals", "//div/div/div/select/option[@value="" + FiftysevenYrsBefore + ""]", true): Modify property of object successfully

2018-12-07 11:54:47 - [MESSAGE][PASSED] - Modify property of object successfully

2018-12-07 11:54:47 - [TEST_STEP][PASSED] - click: Object: '' is clicked on

2018-12-07 11:54:47 - [MESSAGE][PASSED] - Object: '' is clicked on

2018-12-07 11:54:47 - [TEST_STEP][PASSED] - Statement - UpdatedSelectDate = com.kms.katalon.core.webui.keyword.WebUiBuiltInKeywords.modifyObjectProperty(com.kms.katalon.core.testobject.ObjectRepository.findTestObject(Final Object Repo/Page_Update Add New Employee - ASSIST/DOB Date), "xpath", "equals", "//body/div/table/tbody/tr/td/a[text()="" + CurrentDate + ""]", true): Modify property of object successfully

2018-12-07 11:54:47 - [MESSAGE][PASSED] - Modify property of object successfully

2018-12-07 11:54:47 - [TEST_STEP][PASSED] - click: Object: 'Object Repository/Final Object Repo/Page_Update Add New Employee - ASSIST/DOB Date' is clicked on

2018-12-07 11:54:47 - [MESSAGE][PASSED] - Object: 'Object Repository/Final Object Repo/Page_Update Add New Employee - ASSIST/DOB Date' is clicked on

2018-12-07 11:54:47 - [TEST_STEP][PASSED] - click: Object: 'Object Repository/Final Object Repo/Page_Update Add New Employee - ASSIST/EmploymentStartDate Pop Up' is clicked on

2018-12-07 11:54:47 - [MESSAGE][PASSED] - Object: 'Object Repository/Final Object Repo/Page_Update Add New Employee - ASSIST/EmploymentStartDate Pop Up' is clicked on

2018-12-07 11:54:47 - [TEST_STEP][PASSED] - delay: Delayed 2 second(s)

2018-12-07 11:54:49 - [MESSAGE][PASSED] - Delayed 2 second(s)

2018-12-07 11:54:49 - [TEST_STEP][PASSED] - click: Object: 'Object Repository/Final Object Repo/Page_Update Add New Employee - ASSIST/Socso Employment StartDate Month' is clicked on

2018-12-07 11:54:49 - [MESSAGE][PASSED] - Object: 'Object Repository/Final Object Repo/Page_Update Add New Employee - ASSIST/Socso Employment StartDate Month' is clicked on

2018-12-07 11:54:49 - [TEST_STEP][PASSED] - delay: Delayed 1 second(s)

2018-12-07 11:54:50 - [MESSAGE][PASSED] - Delayed 1 second(s)

2018-12-07 11:54:50 - [TEST_STEP][PASSED] - click: Object: 'Object Repository/Final Object Repo/Page_Update Add New Employee - ASSIST/Select Socso Employement Startdate Month' is clicked on

2018-12-07 11:54:50 - [MESSAGE][PASSED] - Object: 'Object Repository/Final Object Repo/Page_Update Add New Employee - ASSIST/Select Socso Employement Startdate Month' is clicked on

2018-12-07 11:54:50 - [TEST_STEP][PASSED] - delay: Delayed 2 second(s)

2018-12-07 11:54:52 - [MESSAGE][PASSED] - Delayed 2 second(s)

2018-12-07 11:54:52 - [TEST_STEP][PASSED] - click: Object: 'Object Repository/Final Object Repo/Page_Update Add New Employee - ASSIST/Socso Employment StartDate Year' is clicked on

2018-12-07 11:54:53 - [MESSAGE][PASSED] - Object: 'Object Repository/Final Object Repo/Page_Update Add New Employee - ASSIST/Socso Employment StartDate Year' is clicked on

2018-12-07 11:54:53 - [TEST_STEP][PASSED] - delay: Delayed 1 second(s)

2018-12-07 11:54:54 - [MESSAGE][PASSED] - Delayed 1 second(s)

2018-12-07 11:54:54 - [TEST_STEP][PASSED] - click: Object: 'Object Repository/Final Object Repo/Page_Update Add New Employee - ASSIST/Select Socso Employment Startdate Year' is clicked on

2018-12-07 11:54:54 - [MESSAGE][PASSED] - Object: 'Object Repository/Final Object Repo/Page_Update Add New Employee - ASSIST/Select Socso Employment Startdate Year' is clicked on

2018-12-07 11:54:54 - [TEST_STEP][PASSED] - delay: Delayed 2 second(s)

2018-12-07 11:54:56 - [MESSAGE][PASSED] - Delayed 2 second(s)

2018-12-07 11:54:56 - [TEST_STEP][PASSED] - click: Object: 'Object Repository/Final Object Repo/Page_Update Add New Employee - ASSIST/Socso Employment Start Date Day' is clicked on

2018-12-07 11:54:56 - [MESSAGE][PASSED] - Object: 'Object Repository/Final Object Repo/Page_Update Add New Employee - ASSIST/Socso Employment Start Date Day' is clicked on

2018-12-07 11:54:56 - [TEST_STEP][PASSED] - delay: Delayed 2 second(s)

2018-12-07 11:54:58 - [MESSAGE][PASSED] - Delayed 2 second(s)

2018-12-07 11:54:58 - [TEST_STEP][PASSED] - click: Object: 'Object Repository/Final Object Repo/Page_Update Add New Employee - ASSIST/Save Button for Add Employee' is clicked on

2018-12-07 11:54:58 - [MESSAGE][PASSED] - Object: 'Object Repository/Final Object Repo/Page_Update Add New Employee - ASSIST/Save Button for Add Employee' is clicked on

2018-12-07 11:54:58 - [MESSAGE][PASSED] - Call Test Case 'Test Cases/Final Aug 2018 - PKS Automation/Registration Module/Workflow/Update Add New Employee/Template/Employee Adding/Employee Adding Action Repeat IC - set 2' successfully

2018-12-07 11:54:58 - [MESSAGE][PASSED] - Call Test Case 'Test Cases/Final Aug 2018 - PKS Automation/Registration Module/Workflow/Update Add New Employee/Template/Employee Adding/Employee Set Decider' successfully

2018-12-07 11:54:58 - [TEST_STEP][PASSED] - delay: Delayed 4 second(s)

2018-12-07 11:55:02 - [MESSAGE][PASSED] - Delayed 4 second(s)

2018-12-07 11:55:02 - [TEST_STEP][PASSED] - Statement - CaseReferenceNo = com.kms.katalon.core.webui.keyword.WebUiBuiltInKeywords.getText(com.kms.katalon.core.testobject.ObjectRepository.findTestObject(Final Object Repo/Page_Update Add New Employee - ASSIST/RefNo)): Text of object 'Object Repository/Final Object Repo/Page_Update Add New Employee - ASSIST/RefNo' is: 'CAN12201800002288'

2018-12-07 11:55:02 - [MESSAGE][PASSED] - Text of object 'Object Repository/Final Object Repo/Page_Update Add New Employee - ASSIST/RefNo' is: 'CAN12201800002288'

2018-12-07 11:55:02 - [TEST_STEP][PASSED] - callTestCase: Call Test Case 'Test Cases/Final Aug 2018 - PKS Automation/Common/Reference Number Setter' successfully

2018-12-07 11:55:02 - [TEST_CASE][PASSED] - Test Cases/Final Aug 2018 - PKS Automation/Common/Reference Number Setter: Test Cases/Final Aug 2018 - PKS Automation/Common/Reference Number Setter

2018-12-07 11:55:02 - [TEST_STEP][PASSED] - Statement - RefNoOldFile = new java.io.File(C://Users//Admin//Desktop//PKS//Automation Reference Point//KatalonReference.txt): null

2018-12-07 11:55:02 - [TEST_STEP][PASSED] - Statement - RefNoOldFile.delete(): null

2018-12-07 11:55:02 - [TEST_STEP][PASSED] - delay: Delayed 5 second(s)

2018-12-07 11:55:07 - [MESSAGE][PASSED] - Delayed 5 second(s)

2018-12-07 11:55:07 - [TEST_STEP][PASSED] - Statement - RefNo = new java.io.File(C://Users//Admin//Desktop//PKS//Automation Reference Point//KatalonReference.txt): null

2018-12-07 11:55:07 - [TEST_STEP][PASSED] - Statement - f2 = new java.io.FileWriter(RefNo, false): null

2018-12-07 11:55:07 - [TEST_STEP][PASSED] - Statement - f2.write(CaseReferenceNo): null

2018-12-07 11:55:07 - [TEST_STEP][PASSED] - Statement - f2.close(): null

2018-12-07 11:55:07 - [TEST_STEP][PASSED] - Statement - out.println("


" + CaseReferenceNo + "


"): null

2018-12-07 11:55:07 - [MESSAGE][PASSED] - Call Test Case 'Test Cases/Final Aug 2018 - PKS Automation/Common/Reference Number Setter' successfully

2018-12-07 11:55:07 - [TEST_STEP][PASSED] - delay: Delayed 5 second(s)

2018-12-07 11:55:12 - [MESSAGE][PASSED] - Delayed 5 second(s)

2018-12-07 11:55:12 - [TEST_STEP][PASSED] - click: Object: 'Object Repository/Final Object Repo/Page_Update Add New Employee - ASSIST/Save  Continue Button' is clicked on

2018-12-07 11:55:13 - [MESSAGE][PASSED] - Object: 'Object Repository/Final Object Repo/Page_Update Add New Employee - ASSIST/Save  Continue Button' is clicked on

2018-12-07 11:55:13 - [TEST_STEP][PASSED] - delay: Delayed 4 second(s)

2018-12-07 11:55:17 - [MESSAGE][PASSED] - Delayed 4 second(s)

2018-12-07 11:55:17 - [TEST_STEP][PASSED] - callTestCase: Call Test Case 'Test Cases/Final Aug 2018 - PKS Automation/Common/Reference Number Getter' successfully

2018-12-07 11:55:17 - [TEST_CASE][PASSED] - Test Cases/Final Aug 2018 - PKS Automation/Common/Reference Number Getter: Test Cases/Final Aug 2018 - PKS Automation/Common/Reference Number Getter

2018-12-07 11:55:17 - [TEST_STEP][PASSED] - Statement - Try: null

2018-12-07 11:55:17 - [TEST_STEP][PASSED] - Statement - RefNo = new java.io.File(C://Users//Admin//Desktop//PKS//Automation Reference Point//KatalonReference.txt): null

2018-12-07 11:55:17 - [TEST_STEP][PASSED] - Statement - bufferread = new java.io.BufferedReader(new java.io.FileReader(RefNo)): null

2018-12-07 11:55:17 - [TEST_STEP][PASSED] - Statement - readedVal = bufferread.readLine(): null

2018-12-07 11:55:17 - [TEST_STEP][PASSED] - Statement - out.println(CaseReferenceNo): null

2018-12-07 11:55:17 - [TEST_STEP][PASSED] - Statement - out.println(readedVal): null

2018-12-07 11:55:17 - [TEST_STEP][PASSED] - Statement - CaseReferenceNo = "": null

2018-12-07 11:55:17 - [TEST_STEP][PASSED] - Statement - CaseReferenceNo = readedVal: null

2018-12-07 11:55:17 - [MESSAGE][PASSED] - Call Test Case 'Test Cases/Final Aug 2018 - PKS Automation/Common/Reference Number Getter' successfully

2018-12-07 11:55:17 - [TEST_STEP][PASSED] - click: Object: 'Object Repository/Final Object Repo/Page_Update Add New Employee - ASSIST/Save  Continue Third Screen' is clicked on

2018-12-07 11:55:20 - [MESSAGE][PASSED] - Object: 'Object Repository/Final Object Repo/Page_Update Add New Employee - ASSIST/Save  Continue Third Screen' is clicked on

2018-12-07 11:55:20 - [TEST_STEP][PASSED] - delay: Delayed 4 second(s)

2018-12-07 11:55:24 - [MESSAGE][PASSED] - Delayed 4 second(s)

2018-12-07 11:55:24 - [TEST_STEP][PASSED] - click: Object: 'Object Repository/Final Object Repo/Page_Update Add New Employee - ASSIST/Save   Continue Supporting Doc Page' is clicked on

2018-12-07 11:55:24 - [MESSAGE][PASSED] - Object: 'Object Repository/Final Object Repo/Page_Update Add New Employee - ASSIST/Save   Continue Supporting Doc Page' is clicked on

2018-12-07 11:55:24 - [TEST_STEP][PASSED] - delay: Delayed 4 second(s)

2018-12-07 11:55:28 - [MESSAGE][PASSED] - Delayed 4 second(s)

2018-12-07 11:55:28 - [TEST_STEP][PASSED] - click: Object: 'Object Repository/Final Object Repo/Page_Update Add New Employee - ASSIST/Submit Button' is clicked on

2018-12-07 11:55:28 - [MESSAGE][PASSED] - Object: 'Object Repository/Final Object Repo/Page_Update Add New Employee - ASSIST/Submit Button' is clicked on

2018-12-07 11:55:28 - [TEST_STEP][PASSED] - delay: Delayed 4 second(s)

2018-12-07 11:55:32 - [MESSAGE][PASSED] - Delayed 4 second(s)

2018-12-07 11:55:32 - [TEST_STEP][PASSED] - click: Object: 'Object Repository/Final Object Repo/Page_Update Add New Employee - ASSIST/Confirm Submit Button' is clicked on

2018-12-07 11:55:32 - [MESSAGE][PASSED] - Object: 'Object Repository/Final Object Repo/Page_Update Add New Employee - ASSIST/Confirm Submit Button' is clicked on

2018-12-07 11:55:32 - [TEST_STEP][PASSED] - delay: Delayed 20 second(s)

2018-12-07 11:55:52 - [MESSAGE][PASSED] - Delayed 20 second(s)

2018-12-07 11:55:52 - [TEST_STEP][PASSED] - callTestCase: Call Test Case 'Test Cases/Final Aug 2018 - PKS Automation/Common/Screenshoting tool' successfully

2018-12-07 11:55:53 - [TEST_CASE][PASSED] - Test Cases/Final Aug 2018 - PKS Automation/Common/Screenshoting tool: Test Cases/Final Aug 2018 - PKS Automation/Common/Screenshoting tool

2018-12-07 11:55:53 - [TEST_STEP][PASSED] - delay: Delayed 15 second(s)

2018-12-07 11:56:08 - [MESSAGE][PASSED] - Delayed 15 second(s)

2018-12-07 11:56:08 - [TEST_STEP][PASSED] - Statement - driver = com.kms.katalon.core.webui.driver.DriverFactory.getWebDriver(): null

2018-12-07 11:56:08 - [TEST_STEP][PASSED] - Statement - driver.manage().timeouts().implicitlyWait(10, SECONDS): null

2018-12-07 11:56:08 - [TEST_STEP][PASSED] - Statement - PresavePath = KatalonScreenshots: null

2018-12-07 11:56:08 - [TEST_STEP][PASSED] - Statement - pathPrefix = "C:\Users\Public\Pictures\Sample Pictures\Katalon Screenshots\Automate Ending Screen": null

2018-12-07 11:56:08 - [TEST_STEP][PASSED] - Statement - finalPath = <not implemented yet for class: org.codehaus.groovy.ast.expr.EmptyExpression>: null

2018-12-07 11:56:08 - [TEST_STEP][PASSED] - Statement - scrFile = driver.getScreenshotAs(FILE): null

2018-12-07 11:56:08 - [TEST_STEP][PASSED] - Statement - PreSaveFile = new java.io.File(PresavePath): null

2018-12-07 11:56:08 - [TEST_STEP][PASSED] - Statement - counter = 0: null

2018-12-07 11:56:08 - [TEST_STEP][PASSED] - Statement - If (PreSaveFile.exists()): null

2018-12-07 11:56:08 - [TEST_STEP][PASSED] - Statement - While (PreSaveFile.exists()): null

2018-12-07 11:56:08 - [TEST_STEP][PASSED] - Statement - counter = counter + 1: null

2018-12-07 11:56:08 - [TEST_STEP][PASSED] - Statement - PreSaveFile = new java.io.File(((pathPrefix + java.lang.Integer.toString(counter)) + .png)): null

2018-12-07 11:56:08 - [TEST_STEP][PASSED] - Statement - counter = counter + 1: null

2018-12-07 11:56:08 - [TEST_STEP][PASSED] - Statement - PreSaveFile = new java.io.File(((pathPrefix + java.lang.Integer.toString(counter)) + .png)): null

2018-12-07 11:56:08 - [TEST_STEP][PASSED] - Statement - counter = counter + 1: null

2018-12-07 11:56:08 - [TEST_STEP][PASSED] - Statement - PreSaveFile = new java.io.File(((pathPrefix + java.lang.Integer.toString(counter)) + .png)): null

2018-12-07 11:56:08 - [TEST_STEP][PASSED] - Statement - counter = counter + 1: null

2018-12-07 11:56:08 - [TEST_STEP][PASSED] - Statement - PreSaveFile = new java.io.File(((pathPrefix + java.lang.Integer.toString(counter)) + .png)): null

2018-12-07 11:56:08 - [TEST_STEP][PASSED] - Statement - counter = counter + 1: null

2018-12-07 11:56:08 - [TEST_STEP][PASSED] - Statement - PreSaveFile = new java.io.File(((pathPrefix + java.lang.Integer.toString(counter)) + .png)): null

2018-12-07 11:56:08 - [TEST_STEP][PASSED] - Statement - counter = counter + 1: null

2018-12-07 11:56:08 - [TEST_STEP][PASSED] - Statement - PreSaveFile = new java.io.File(((pathPrefix + java.lang.Integer.toString(counter)) + .png)): null

2018-12-07 11:56:08 - [TEST_STEP][PASSED] - Statement - counter = counter + 1: null

2018-12-07 11:56:08 - [TEST_STEP][PASSED] - Statement - PreSaveFile = new java.io.File(((pathPrefix + java.lang.Integer.toString(counter)) + .png)): null

2018-12-07 11:56:08 - [TEST_STEP][PASSED] - Statement - counter = counter + 1: null

2018-12-07 11:56:08 - [TEST_STEP][PASSED] - Statement - PreSaveFile = new java.io.File(((pathPrefix + java.lang.Integer.toString(counter)) + .png)): null

2018-12-07 11:56:08 - [TEST_STEP][PASSED] - Statement - counter = counter + 1: null

2018-12-07 11:56:08 - [TEST_STEP][PASSED] - Statement - PreSaveFile = new java.io.File(((pathPrefix + java.lang.Integer.toString(counter)) + .png)): null

2018-12-07 11:56:08 - [TEST_STEP][PASSED] - Statement - counter = counter + 1: null

2018-12-07 11:56:08 - [TEST_STEP][PASSED] - Statement - PreSaveFile = new java.io.File(((pathPrefix + java.lang.Integer.toString(counter)) + .png)): null

2018-12-07 11:56:08 - [TEST_STEP][PASSED] - Statement - counter = counter + 1: null

2018-12-07 11:56:08 - [TEST_STEP][PASSED] - Statement - PreSaveFile = new java.io.File(((pathPrefix + java.lang.Integer.toString(counter)) + .png)): null

2018-12-07 11:56:08 - [TEST_STEP][PASSED] - Statement - counter = counter + 1: null

2018-12-07 11:56:08 - [TEST_STEP][PASSED] - Statement - PreSaveFile = new java.io.File(((pathPrefix + java.lang.Integer.toString(counter)) + .png)): null

2018-12-07 11:56:08 - [TEST_STEP][PASSED] - Statement - counter = counter + 1: null

2018-12-07 11:56:08 - [TEST_STEP][PASSED] - Statement - PreSaveFile = new java.io.File(((pathPrefix + java.lang.Integer.toString(counter)) + .png)): null

2018-12-07 11:56:08 - [TEST_STEP][PASSED] - Statement - counter = counter + 1: null

2018-12-07 11:56:08 - [TEST_STEP][PASSED] - Statement - PreSaveFile = new java.io.File(((pathPrefix + java.lang.Integer.toString(counter)) + .png)): null

2018-12-07 11:56:08 - [TEST_STEP][PASSED] - Statement - counter = counter + 1: null

2018-12-07 11:56:08 - [TEST_STEP][PASSED] - Statement - PreSaveFile = new java.io.File(((pathPrefix + java.lang.Integer.toString(counter)) + .png)): null

2018-12-07 11:56:08 - [TEST_STEP][PASSED] - Statement - counter = counter + 1: null

2018-12-07 11:56:08 - [TEST_STEP][PASSED] - Statement - PreSaveFile = new java.io.File(((pathPrefix + java.lang.Integer.toString(counter)) + .png)): null

2018-12-07 11:56:08 - [TEST_STEP][PASSED] - Statement - counter = counter + 1: null

2018-12-07 11:56:08 - [TEST_STEP][PASSED] - Statement - PreSaveFile = new java.io.File(((pathPrefix + java.lang.Integer.toString(counter)) + .png)): null

2018-12-07 11:56:08 - [TEST_STEP][PASSED] - Statement - counter = counter + 1: null

2018-12-07 11:56:08 - [TEST_STEP][PASSED] - Statement - PreSaveFile = new java.io.File(((pathPrefix + java.lang.Integer.toString(counter)) + .png)): null

2018-12-07 11:56:08 - [TEST_STEP][PASSED] - Statement - counter = counter + 1: null

2018-12-07 11:56:08 - [TEST_STEP][PASSED] - Statement - PreSaveFile = new java.io.File(((pathPrefix + java.lang.Integer.toString(counter)) + .png)): null

2018-12-07 11:56:08 - [TEST_STEP][PASSED] - Statement - counter = counter + 1: null

2018-12-07 11:56:08 - [TEST_STEP][PASSED] - Statement - PreSaveFile = new java.io.File(((pathPrefix + java.lang.Integer.toString(counter)) + .png)): null

2018-12-07 11:56:09 - [TEST_STEP][PASSED] - Statement - counter = counter + 1: null

2018-12-07 11:56:09 - [TEST_STEP][PASSED] - Statement - PreSaveFile = new java.io.File(((pathPrefix + java.lang.Integer.toString(counter)) + .png)): null

2018-12-07 11:56:09 - [TEST_STEP][PASSED] - Statement - counter = counter + 1: null

2018-12-07 11:56:09 - [TEST_STEP][PASSED] - Statement - PreSaveFile = new java.io.File(((pathPrefix + java.lang.Integer.toString(counter)) + .png)): null

2018-12-07 11:56:09 - [TEST_STEP][PASSED] - Statement - counter = counter + 1: null

2018-12-07 11:56:09 - [TEST_STEP][PASSED] - Statement - PreSaveFile = new java.io.File(((pathPrefix + java.lang.Integer.toString(counter)) + .png)): null

2018-12-07 11:56:09 - [TEST_STEP][PASSED] - Statement - counter = counter + 1: null

2018-12-07 11:56:09 - [TEST_STEP][PASSED] - Statement - PreSaveFile = new java.io.File(((pathPrefix + java.lang.Integer.toString(counter)) + .png)): null

2018-12-07 11:56:09 - [TEST_STEP][PASSED] - Statement - counter = counter + 1: null

2018-12-07 11:56:09 - [TEST_STEP][PASSED] - Statement - PreSaveFile = new java.io.File(((pathPrefix + java.lang.Integer.toString(counter)) + .png)): null

2018-12-07 11:56:09 - [TEST_STEP][PASSED] - Statement - counter = counter + 1: null

2018-12-07 11:56:09 - [TEST_STEP][PASSED] - Statement - PreSaveFile = new java.io.File(((pathPrefix + java.lang.Integer.toString(counter)) + .png)): null

2018-12-07 11:56:09 - [TEST_STEP][PASSED] - Statement - counter = counter + 1: null

2018-12-07 11:56:09 - [TEST_STEP][PASSED] - Statement - PreSaveFile = new java.io.File(((pathPrefix + java.lang.Integer.toString(counter)) + .png)): null

2018-12-07 11:56:09 - [TEST_STEP][PASSED] - Statement - counter = counter + 1: null

2018-12-07 11:56:09 - [TEST_STEP][PASSED] - Statement - PreSaveFile = new java.io.File(((pathPrefix + java.lang.Integer.toString(counter)) + .png)): null

2018-12-07 11:56:09 - [TEST_STEP][PASSED] - Statement - counter = counter + 1: null

2018-12-07 11:56:09 - [TEST_STEP][PASSED] - Statement - PreSaveFile = new java.io.File(((pathPrefix + java.lang.Integer.toString(counter)) + .png)): null

2018-12-07 11:56:09 - [TEST_STEP][PASSED] - Statement - counter = counter + 1: null

2018-12-07 11:56:09 - [TEST_STEP][PASSED] - Statement - PreSaveFile = new java.io.File(((pathPrefix + java.lang.Integer.toString(counter)) + .png)): null

2018-12-07 11:56:09 - [TEST_STEP][PASSED] - Statement - counter = counter + 1: null

2018-12-07 11:56:09 - [TEST_STEP][PASSED] - Statement - PreSaveFile = new java.io.File(((pathPrefix + java.lang.Integer.toString(counter)) + .png)): null

2018-12-07 11:56:09 - [TEST_STEP][PASSED] - Statement - counter = counter + 1: null

2018-12-07 11:56:09 - [TEST_STEP][PASSED] - Statement - PreSaveFile = new java.io.File(((pathPrefix + java.lang.Integer.toString(counter)) + .png)): null

2018-12-07 11:56:09 - [TEST_STEP][PASSED] - Statement - counter = counter + 1: null

2018-12-07 11:56:09 - [TEST_STEP][PASSED] - Statement - PreSaveFile = new java.io.File(((pathPrefix + java.lang.Integer.toString(counter)) + .png)): null

2018-12-07 11:56:09 - [TEST_STEP][PASSED] - Statement - counter = counter + 1: null

2018-12-07 11:56:09 - [TEST_STEP][PASSED] - Statement - PreSaveFile = new java.io.File(((pathPrefix + java.lang.Integer.toString(counter)) + .png)): null

2018-12-07 11:56:09 - [TEST_STEP][PASSED] - Statement - counter = counter + 1: null

2018-12-07 11:56:09 - [TEST_STEP][PASSED] - Statement - PreSaveFile = new java.io.File(((pathPrefix + java.lang.Integer.toString(counter)) + .png)): null

2018-12-07 11:56:09 - [TEST_STEP][PASSED] - Statement - counter = counter + 1: null

2018-12-07 11:56:09 - [TEST_STEP][PASSED] - Statement - PreSaveFile = new java.io.File(((pathPrefix + java.lang.Integer.toString(counter)) + .png)): null

2018-12-07 11:56:09 - [TEST_STEP][PASSED] - Statement - counter = counter + 1: null

2018-12-07 11:56:09 - [TEST_STEP][PASSED] - Statement - PreSaveFile = new java.io.File(((pathPrefix + java.lang.Integer.toString(counter)) + .png)): null

2018-12-07 11:56:09 - [TEST_STEP][PASSED] - Statement - counter = counter + 1: null

2018-12-07 11:56:09 - [TEST_STEP][PASSED] - Statement - PreSaveFile = new java.io.File(((pathPrefix + java.lang.Integer.toString(counter)) + .png)): null

2018-12-07 11:56:09 - [TEST_STEP][PASSED] - Statement - counter = counter + 1: null

2018-12-07 11:56:10 - [TEST_STEP][PASSED] - Statement - PreSaveFile = new java.io.File(((pathPrefix + java.lang.Integer.toString(counter)) + .png)): null

2018-12-07 11:56:10 - [TEST_STEP][PASSED] - Statement - counter = counter + 1: null

2018-12-07 11:56:10 - [TEST_STEP][PASSED] - Statement - PreSaveFile = new java.io.File(((pathPrefix + java.lang.Integer.toString(counter)) + .png)): null

2018-12-07 11:56:10 - [TEST_STEP][PASSED] - Statement - counter = counter + 1: null

2018-12-07 11:56:10 - [TEST_STEP][PASSED] - Statement - PreSaveFile = new java.io.File(((pathPrefix + java.lang.Integer.toString(counter)) + .png)): null

2018-12-07 11:56:10 - [TEST_STEP][PASSED] - Statement - counter = counter + 1: null

2018-12-07 11:56:10 - [TEST_STEP][PASSED] - Statement - PreSaveFile = new java.io.File(((pathPrefix + java.lang.Integer.toString(counter)) + .png)): null

2018-12-07 11:56:10 - [TEST_STEP][PASSED] - Statement - counter = counter + 1: null

2018-12-07 11:56:10 - [TEST_STEP][PASSED] - Statement - PreSaveFile = new java.io.File(((pathPrefix + java.lang.Integer.toString(counter)) + .png)): null

2018-12-07 11:56:10 - [TEST_STEP][PASSED] - Statement - counter = counter + 1: null

2018-12-07 11:56:10 - [TEST_STEP][PASSED] - Statement - PreSaveFile = new java.io.File(((pathPrefix + java.lang.Integer.toString(counter)) + .png)): null

2018-12-07 11:56:10 - [TEST_STEP][PASSED] - Statement - counter = counter + 1: null

2018-12-07 11:56:10 - [TEST_STEP][PASSED] - Statement - PreSaveFile = new java.io.File(((pathPrefix + java.lang.Integer.toString(counter)) + .png)): null

2018-12-07 11:56:10 - [TEST_STEP][PASSED] - Statement - counter = counter + 1: null

2018-12-07 11:56:10 - [TEST_STEP][PASSED] - Statement - PreSaveFile = new java.io.File(((pathPrefix + java.lang.Integer.toString(counter)) + .png)): null

2018-12-07 11:56:10 - [TEST_STEP][PASSED] - Statement - counter = counter + 1: null

2018-12-07 11:56:10 - [TEST_STEP][PASSED] - Statement - PreSaveFile = new java.io.File(((pathPrefix + java.lang.Integer.toString(counter)) + .png)): null

2018-12-07 11:56:10 - [TEST_STEP][PASSED] - Statement - counter = counter + 1: null

2018-12-07 11:56:10 - [TEST_STEP][PASSED] - Statement - PreSaveFile = new java.io.File(((pathPrefix + java.lang.Integer.toString(counter)) + .png)): null

2018-12-07 11:56:10 - [TEST_STEP][PASSED] - Statement - counter = counter + 1: null

2018-12-07 11:56:10 - [TEST_STEP][PASSED] - Statement - PreSaveFile = new java.io.File(((pathPrefix + java.lang.Integer.toString(counter)) + .png)): null

2018-12-07 11:56:10 - [TEST_STEP][PASSED] - Statement - counter = counter + 1: null

2018-12-07 11:56:10 - [TEST_STEP][PASSED] - Statement - PreSaveFile = new java.io.File(((pathPrefix + java.lang.Integer.toString(counter)) + .png)): null

2018-12-07 11:56:10 - [TEST_STEP][PASSED] - Statement - counter = counter + 1: null

2018-12-07 11:56:10 - [TEST_STEP][PASSED] - Statement - PreSaveFile = new java.io.File(((pathPrefix + java.lang.Integer.toString(counter)) + .png)): null

2018-12-07 11:56:10 - [TEST_STEP][PASSED] - Statement - counter = counter + 1: null

2018-12-07 11:56:10 - [TEST_STEP][PASSED] - Statement - PreSaveFile = new java.io.File(((pathPrefix + java.lang.Integer.toString(counter)) + .png)): null

2018-12-07 11:56:10 - [TEST_STEP][PASSED] - Statement - counter = counter + 1: null

2018-12-07 11:56:11 - [TEST_STEP][PASSED] - Statement - PreSaveFile = new java.io.File(((pathPrefix + java.lang.Integer.toString(counter)) + .png)): null

2018-12-07 11:56:11 - [TEST_STEP][PASSED] - Statement - counter = counter + 1: null

2018-12-07 11:56:11 - [TEST_STEP][PASSED] - Statement - PreSaveFile = new java.io.File(((pathPrefix + java.lang.Integer.toString(counter)) + .png)): null

2018-12-07 11:56:11 - [TEST_STEP][PASSED] - Statement - counter = counter + 1: null

2018-12-07 11:56:11 - [TEST_STEP][PASSED] - Statement - PreSaveFile = new java.io.File(((pathPrefix + java.lang.Integer.toString(counter)) + .png)): null

2018-12-07 11:56:11 - [TEST_STEP][PASSED] - Statement - counter = counter + 1: null

2018-12-07 11:56:11 - [TEST_STEP][PASSED] - Statement - PreSaveFile = new java.io.File(((pathPrefix + java.lang.Integer.toString(counter)) + .png)): null

2018-12-07 11:56:11 - [TEST_STEP][PASSED] - Statement - counter = counter + 1: null

2018-12-07 11:56:11 - [TEST_STEP][PASSED] - Statement - PreSaveFile = new java.io.File(((pathPrefix + java.lang.Integer.toString(counter)) + .png)): null

2018-12-07 11:56:11 - [TEST_STEP][PASSED] - Statement - counter = counter + 1: null

2018-12-07 11:56:11 - [TEST_STEP][PASSED] - Statement - PreSaveFile = new java.io.File(((pathPrefix + java.lang.Integer.toString(counter)) + .png)): null

2018-12-07 11:56:11 - [TEST_STEP][PASSED] - Statement - counter = counter + 1: null

2018-12-07 11:56:11 - [TEST_STEP][PASSED] - Statement - PreSaveFile = new java.io.File(((pathPrefix + java.lang.Integer.toString(counter)) + .png)): null

2018-12-07 11:56:11 - [TEST_STEP][PASSED] - Statement - counter = counter + 1: null

2018-12-07 11:56:11 - [TEST_STEP][PASSED] - Statement - PreSaveFile = new java.io.File(((pathPrefix + java.lang.Integer.toString(counter)) + .png)): null

2018-12-07 11:56:11 - [TEST_STEP][PASSED] - Statement - counter = counter + 1: null

2018-12-07 11:56:11 - [TEST_STEP][PASSED] - Statement - PreSaveFile = new java.io.File(((pathPrefix + java.lang.Integer.toString(counter)) + .png)): null

2018-12-07 11:56:11 - [TEST_STEP][PASSED] - Statement - counter = counter + 1: null

2018-12-07 11:56:11 - [TEST_STEP][PASSED] - Statement - PreSaveFile = new java.io.File(((pathPrefix + java.lang.Integer.toString(counter)) + .png)): null

2018-12-07 11:56:11 - [TEST_STEP][PASSED] - Statement - counter = counter + 1: null

2018-12-07 11:56:11 - [TEST_STEP][PASSED] - Statement - PreSaveFile = new java.io.File(((pathPrefix + java.lang.Integer.toString(counter)) + .png)): null

2018-12-07 11:56:11 - [TEST_STEP][PASSED] - Statement - counter = counter + 1: null

2018-12-07 11:56:11 - [TEST_STEP][PASSED] - Statement - PreSaveFile = new java.io.File(((pathPrefix + java.lang.Integer.toString(counter)) + .png)): null

2018-12-07 11:56:11 - [TEST_STEP][PASSED] - Statement - counter = counter + 1: null

2018-12-07 11:56:11 - [TEST_STEP][PASSED] - Statement - PreSaveFile = new java.io.File(((pathPrefix + java.lang.Integer.toString(counter)) + .png)): null

2018-12-07 11:56:11 - [TEST_STEP][PASSED] - Statement - counter = counter + 1: null

2018-12-07 11:56:11 - [TEST_STEP][PASSED] - Statement - PreSaveFile = new java.io.File(((pathPrefix + java.lang.Integer.toString(counter)) + .png)): null

2018-12-07 11:56:11 - [TEST_STEP][PASSED] - Statement - counter = counter + 1: null

2018-12-07 11:56:11 - [TEST_STEP][PASSED] - Statement - PreSaveFile = new java.io.File(((pathPrefix + java.lang.Integer.toString(counter)) + .png)): null

2018-12-07 11:56:11 - [TEST_STEP][PASSED] - Statement - counter = counter + 1: null

2018-12-07 11:56:11 - [TEST_STEP][PASSED] - Statement - PreSaveFile = new java.io.File(((pathPrefix + java.lang.Integer.toString(counter)) + .png)): null

2018-12-07 11:56:11 - [TEST_STEP][PASSED] - Statement - counter = counter + 1: null

2018-12-07 11:56:11 - [TEST_STEP][PASSED] - Statement - PreSaveFile = new java.io.File(((pathPrefix + java.lang.Integer.toString(counter)) + .png)): null

2018-12-07 11:56:11 - [TEST_STEP][PASSED] - Statement - counter = counter + 1: null

2018-12-07 11:56:11 - [TEST_STEP][PASSED] - Statement - PreSaveFile = new java.io.File(((pathPrefix + java.lang.Integer.toString(counter)) + .png)): null

2018-12-07 11:56:11 - [TEST_STEP][PASSED] - Statement - counter = counter + 1: null

2018-12-07 11:56:11 - [TEST_STEP][PASSED] - Statement - PreSaveFile = new java.io.File(((pathPrefix + java.lang.Integer.toString(counter)) + .png)): null

2018-12-07 11:56:11 - [TEST_STEP][PASSED] - Statement - counter = counter + 1: null

2018-12-07 11:56:12 - [TEST_STEP][PASSED] - Statement - PreSaveFile = new java.io.File(((pathPrefix + java.lang.Integer.toString(counter)) + .png)): null

2018-12-07 11:56:12 - [TEST_STEP][PASSED] - Statement - counter = counter + 1: null

2018-12-07 11:56:12 - [TEST_STEP][PASSED] - Statement - PreSaveFile = new java.io.File(((pathPrefix + java.lang.Integer.toString(counter)) + .png)): null

2018-12-07 11:56:12 - [TEST_STEP][PASSED] - Statement - counter = counter + 1: null

2018-12-07 11:56:12 - [TEST_STEP][PASSED] - Statement - PreSaveFile = new java.io.File(((pathPrefix + java.lang.Integer.toString(counter)) + .png)): null

2018-12-07 11:56:12 - [TEST_STEP][PASSED] - Statement - counter = counter + 1: null

2018-12-07 11:56:12 - [TEST_STEP][PASSED] - Statement - PreSaveFile = new java.io.File(((pathPrefix + java.lang.Integer.toString(counter)) + .png)): null

2018-12-07 11:56:12 - [TEST_STEP][PASSED] - Statement - counter = counter + 1: null

2018-12-07 11:56:12 - [TEST_STEP][PASSED] - Statement - PreSaveFile = new java.io.File(((pathPrefix + java.lang.Integer.toString(counter)) + .png)): null

2018-12-07 11:56:12 - [TEST_STEP][PASSED] - Statement - counter = counter + 1: null

2018-12-07 11:56:12 - [TEST_STEP][PASSED] - Statement - PreSaveFile = new java.io.File(((pathPrefix + java.lang.Integer.toString(counter)) + .png)): null

2018-12-07 11:56:12 - [TEST_STEP][PASSED] - Statement - counter = counter + 1: null

2018-12-07 11:56:12 - [TEST_STEP][PASSED] - Statement - PreSaveFile = new java.io.File(((pathPrefix + java.lang.Integer.toString(counter)) + .png)): null

2018-12-07 11:56:12 - [TEST_STEP][PASSED] - Statement - counter = counter + 1: null

2018-12-07 11:56:12 - [TEST_STEP][PASSED] - Statement - PreSaveFile = new java.io.File(((pathPrefix + java.lang.Integer.toString(counter)) + .png)): null

2018-12-07 11:56:12 - [TEST_STEP][PASSED] - Statement - counter = counter + 1: null

2018-12-07 11:56:12 - [TEST_STEP][PASSED] - Statement - PreSaveFile = new java.io.File(((pathPrefix + java.lang.Integer.toString(counter)) + .png)): null

2018-12-07 11:56:12 - [TEST_STEP][PASSED] - Statement - counter = counter + 1: null

2018-12-07 11:56:12 - [TEST_STEP][PASSED] - Statement - PreSaveFile = new java.io.File(((pathPrefix + java.lang.Integer.toString(counter)) + .png)): null

2018-12-07 11:56:12 - [TEST_STEP][PASSED] - Statement - counter = counter + 1: null

2018-12-07 11:56:12 - [TEST_STEP][PASSED] - Statement - PreSaveFile = new java.io.File(((pathPrefix + java.lang.Integer.toString(counter)) + .png)): null

2018-12-07 11:56:12 - [TEST_STEP][PASSED] - Statement - counter = counter + 1: null

2018-12-07 11:56:12 - [TEST_STEP][PASSED] - Statement - PreSaveFile = new java.io.File(((pathPrefix + java.lang.Integer.toString(counter)) + .png)): null

2018-12-07 11:56:12 - [TEST_STEP][PASSED] - Statement - counter = counter + 1: null

2018-12-07 11:56:12 - [TEST_STEP][PASSED] - Statement - PreSaveFile = new java.io.File(((pathPrefix + java.lang.Integer.toString(counter)) + .png)): null

2018-12-07 11:56:12 - [TEST_STEP][PASSED] - Statement - counter = counter + 1: null

2018-12-07 11:56:12 - [TEST_STEP][PASSED] - Statement - PreSaveFile = new java.io.File(((pathPrefix + java.lang.Integer.toString(counter)) + .png)): null

2018-12-07 11:56:12 - [TEST_STEP][PASSED] - Statement - counter = counter + 1: null

2018-12-07 11:56:12 - [TEST_STEP][PASSED] - Statement - PreSaveFile = new java.io.File(((pathPrefix + java.lang.Integer.toString(counter)) + .png)): null

2018-12-07 11:56:13 - [TEST_STEP][PASSED] - Statement - counter = counter + 1: null

2018-12-07 11:56:13 - [TEST_STEP][PASSED] - Statement - PreSaveFile = new java.io.File(((pathPrefix + java.lang.Integer.toString(counter)) + .png)): null

2018-12-07 11:56:13 - [TEST_STEP][PASSED] - Statement - counter = counter + 1: null

2018-12-07 11:56:13 - [TEST_STEP][PASSED] - Statement - PreSaveFile = new java.io.File(((pathPrefix + java.lang.Integer.toString(counter)) + .png)): null

2018-12-07 11:56:13 - [TEST_STEP][PASSED] - Statement - counter = counter + 1: null

2018-12-07 11:56:13 - [TEST_STEP][PASSED] - Statement - PreSaveFile = new java.io.File(((pathPrefix + java.lang.Integer.toString(counter)) + .png)): null

2018-12-07 11:56:13 - [TEST_STEP][PASSED] - Statement - counter = counter + 1: null

2018-12-07 11:56:13 - [TEST_STEP][PASSED] - Statement - PreSaveFile = new java.io.File(((pathPrefix + java.lang.Integer.toString(counter)) + .png)): null

2018-12-07 11:56:13 - [TEST_STEP][PASSED] - Statement - counter = counter + 1: null

2018-12-07 11:56:13 - [TEST_STEP][PASSED] - Statement - PreSaveFile = new java.io.File(((pathPrefix + java.lang.Integer.toString(counter)) + .png)): null

2018-12-07 11:56:13 - [TEST_STEP][PASSED] - Statement - counter = counter + 1: null

2018-12-07 11:56:13 - [TEST_STEP][PASSED] - Statement - PreSaveFile = new java.io.File(((pathPrefix + java.lang.Integer.toString(counter)) + .png)): null

2018-12-07 11:56:13 - [TEST_STEP][PASSED] - Statement - counter = counter + 1: null

2018-12-07 11:56:13 - [TEST_STEP][PASSED] - Statement - PreSaveFile = new java.io.File(((pathPrefix + java.lang.Integer.toString(counter)) + .png)): null

2018-12-07 11:56:13 - [TEST_STEP][PASSED] - Statement - counter = counter + 1: null

2018-12-07 11:56:13 - [TEST_STEP][PASSED] - Statement - PreSaveFile = new java.io.File(((pathPrefix + java.lang.Integer.toString(counter)) + .png)): null

2018-12-07 11:56:13 - [TEST_STEP][PASSED] - Statement - counter = counter + 1: null

2018-12-07 11:56:13 - [TEST_STEP][PASSED] - Statement - PreSaveFile = new java.io.File(((pathPrefix + java.lang.Integer.toString(counter)) + .png)): null

2018-12-07 11:56:13 - [TEST_STEP][PASSED] - Statement - counter = counter + 1: null

2018-12-07 11:56:13 - [TEST_STEP][PASSED] - Statement - PreSaveFile = new java.io.File(((pathPrefix + java.lang.Integer.toString(counter)) + .png)): null

2018-12-07 11:56:13 - [TEST_STEP][PASSED] - Statement - counter = counter + 1: null

2018-12-07 11:56:13 - [TEST_STEP][PASSED] - Statement - PreSaveFile = new java.io.File(((pathPrefix + java.lang.Integer.toString(counter)) + .png)): null

2018-12-07 11:56:13 - [TEST_STEP][PASSED] - Statement - counter = counter + 1: null

2018-12-07 11:56:13 - [TEST_STEP][PASSED] - Statement - PreSaveFile = new java.io.File(((pathPrefix + java.lang.Integer.toString(counter)) + .png)): null

2018-12-07 11:56:13 - [TEST_STEP][PASSED] - Statement - counter = counter + 1: null

2018-12-07 11:56:13 - [TEST_STEP][PASSED] - Statement - PreSaveFile = new java.io.File(((pathPrefix + java.lang.Integer.toString(counter)) + .png)): null

2018-12-07 11:56:13 - [TEST_STEP][PASSED] - Statement - counter = counter + 1: null

2018-12-07 11:56:13 - [TEST_STEP][PASSED] - Statement - PreSaveFile = new java.io.File(((pathPrefix + java.lang.Integer.toString(counter)) + .png)): null

2018-12-07 11:56:13 - [TEST_STEP][PASSED] - Statement - counter = counter + 1: null

2018-12-07 11:56:14 - [TEST_STEP][PASSED] - Statement - PreSaveFile = new java.io.File(((pathPrefix + java.lang.Integer.toString(counter)) + .png)): null

2018-12-07 11:56:14 - [TEST_STEP][PASSED] - Statement - counter = counter + 1: null

2018-12-07 11:56:14 - [TEST_STEP][PASSED] - Statement - PreSaveFile = new java.io.File(((pathPrefix + java.lang.Integer.toString(counter)) + .png)): null

2018-12-07 11:56:14 - [TEST_STEP][PASSED] - Statement - counter = counter + 1: null

2018-12-07 11:56:14 - [TEST_STEP][PASSED] - Statement - PreSaveFile = new java.io.File(((pathPrefix + java.lang.Integer.toString(counter)) + .png)): null

2018-12-07 11:56:14 - [TEST_STEP][PASSED] - Statement - counter = counter + 1: null

2018-12-07 11:56:14 - [TEST_STEP][PASSED] - Statement - PreSaveFile = new java.io.File(((pathPrefix + java.lang.Integer.toString(counter)) + .png)): null

2018-12-07 11:56:14 - [TEST_STEP][PASSED] - Statement - counter = counter + 1: null

2018-12-07 11:56:14 - [TEST_STEP][PASSED] - Statement - PreSaveFile = new java.io.File(((pathPrefix + java.lang.Integer.toString(counter)) + .png)): null

2018-12-07 11:56:14 - [TEST_STEP][PASSED] - Statement - counter = counter + 1: null

2018-12-07 11:56:14 - [TEST_STEP][PASSED] - Statement - PreSaveFile = new java.io.File(((pathPrefix + java.lang.Integer.toString(counter)) + .png)): null

2018-12-07 11:56:14 - [TEST_STEP][PASSED] - Statement - counter = counter + 1: null

2018-12-07 11:56:14 - [TEST_STEP][PASSED] - Statement - PreSaveFile = new java.io.File(((pathPrefix + java.lang.Integer.toString(counter)) + .png)): null

2018-12-07 11:56:14 - [TEST_STEP][PASSED] - Statement - counter = counter + 1: null

2018-12-07 11:56:14 - [TEST_STEP][PASSED] - Statement - PreSaveFile = new java.io.File(((pathPrefix + java.lang.Integer.toString(counter)) + .png)): null

2018-12-07 11:56:14 - [TEST_STEP][PASSED] - Statement - counter = counter + 1: null

2018-12-07 11:56:14 - [TEST_STEP][PASSED] - Statement - PreSaveFile = new java.io.File(((pathPrefix + java.lang.Integer.toString(counter)) + .png)): null

2018-12-07 11:56:14 - [TEST_STEP][PASSED] - Statement - counter = counter + 1: null

2018-12-07 11:56:14 - [TEST_STEP][PASSED] - Statement - PreSaveFile = new java.io.File(((pathPrefix + java.lang.Integer.toString(counter)) + .png)): null

2018-12-07 11:56:14 - [TEST_STEP][PASSED] - Statement - counter = counter + 1: null

2018-12-07 11:56:14 - [TEST_STEP][PASSED] - Statement - PreSaveFile = new java.io.File(((pathPrefix + java.lang.Integer.toString(counter)) + .png)): null

2018-12-07 11:56:14 - [TEST_STEP][PASSED] - Statement - counter = counter + 1: null

2018-12-07 11:56:14 - [TEST_STEP][PASSED] - Statement - PreSaveFile = new java.io.File(((pathPrefix + java.lang.Integer.toString(counter)) + .png)): null

2018-12-07 11:56:14 - [TEST_STEP][PASSED] - Statement - counter = counter + 1: null

2018-12-07 11:56:14 - [TEST_STEP][PASSED] - Statement - PreSaveFile = new java.io.File(((pathPrefix + java.lang.Integer.toString(counter)) + .png)): null

2018-12-07 11:56:14 - [TEST_STEP][PASSED] - Statement - counter = counter + 1: null

2018-12-07 11:56:14 - [TEST_STEP][PASSED] - Statement - PreSaveFile = new java.io.File(((pathPrefix + java.lang.Integer.toString(counter)) + .png)): null

2018-12-07 11:56:14 - [TEST_STEP][PASSED] - Statement - counter = counter + 1: null

2018-12-07 11:56:15 - [TEST_STEP][PASSED] - Statement - PreSaveFile = new java.io.File(((pathPrefix + java.lang.Integer.toString(counter)) + .png)): null

2018-12-07 11:56:15 - [TEST_STEP][PASSED] - Statement - counter = counter + 1: null

2018-12-07 11:56:15 - [TEST_STEP][PASSED] - Statement - PreSaveFile = new java.io.File(((pathPrefix + java.lang.Integer.toString(counter)) + .png)): null

2018-12-07 11:56:15 - [TEST_STEP][PASSED] - Statement - counter = counter + 1: null

2018-12-07 11:56:15 - [TEST_STEP][PASSED] - Statement - PreSaveFile = new java.io.File(((pathPrefix + java.lang.Integer.toString(counter)) + .png)): null

2018-12-07 11:56:15 - [TEST_STEP][PASSED] - Statement - counter = counter + 1: null

2018-12-07 11:56:15 - [TEST_STEP][PASSED] - Statement - PreSaveFile = new java.io.File(((pathPrefix + java.lang.Integer.toString(counter)) + .png)): null

2018-12-07 11:56:15 - [TEST_STEP][PASSED] - Statement - counter = counter + 1: null

2018-12-07 11:56:15 - [TEST_STEP][PASSED] - Statement - PreSaveFile = new java.io.File(((pathPrefix + java.lang.Integer.toString(counter)) + .png)): null

2018-12-07 11:56:15 - [TEST_STEP][PASSED] - Statement - counter = counter + 1: null

2018-12-07 11:56:15 - [TEST_STEP][PASSED] - Statement - PreSaveFile = new java.io.File(((pathPrefix + java.lang.Integer.toString(counter)) + .png)): null

2018-12-07 11:56:15 - [TEST_STEP][PASSED] - Statement - counter = counter + 1: null

2018-12-07 11:56:15 - [TEST_STEP][PASSED] - Statement - PreSaveFile = new java.io.File(((pathPrefix + java.lang.Integer.toString(counter)) + .png)): null

2018-12-07 11:56:15 - [TEST_STEP][PASSED] - Statement - counter = counter + 1: null

2018-12-07 11:56:15 - [TEST_STEP][PASSED] - Statement - PreSaveFile = new java.io.File(((pathPrefix + java.lang.Integer.toString(counter)) + .png)): null

2018-12-07 11:56:15 - [TEST_STEP][PASSED] - Statement - counter = counter + 1: null

2018-12-07 11:56:15 - [TEST_STEP][PASSED] - Statement - PreSaveFile = new java.io.File(((pathPrefix + java.lang.Integer.toString(counter)) + .png)): null

2018-12-07 11:56:15 - [TEST_STEP][PASSED] - Statement - counter = counter + 1: null

2018-12-07 11:56:15 - [TEST_STEP][PASSED] - Statement - PreSaveFile = new java.io.File(((pathPrefix + java.lang.Integer.toString(counter)) + .png)): null

2018-12-07 11:56:15 - [TEST_STEP][PASSED] - Statement - counter = counter + 1: null

2018-12-07 11:56:15 - [TEST_STEP][PASSED] - Statement - PreSaveFile = new java.io.File(((pathPrefix + java.lang.Integer.toString(counter)) + .png)): null

2018-12-07 11:56:15 - [TEST_STEP][PASSED] - Statement - counter = counter + 1: null

2018-12-07 11:56:15 - [TEST_STEP][PASSED] - Statement - PreSaveFile = new java.io.File(((pathPrefix + java.lang.Integer.toString(counter)) + .png)): null

2018-12-07 11:56:15 - [TEST_STEP][PASSED] - Statement - finalPath = pathPrefix + java.lang.Integer.toString(counter) + ".png": null

2018-12-07 11:56:15 - [TEST_STEP][PASSED] - Statement - SaveFile = new java.io.File(finalPath): null

2018-12-07 11:56:15 - [TEST_STEP][PASSED] - Statement - Try: null

2018-12-07 11:56:15 - [TEST_STEP][PASSED] - Statement - org.apache.commons.io.FileUtils.copyFile(scrFile, SaveFile): null

2018-12-07 11:56:15 - [TEST_STEP][PASSED] - Statement - out.println("file kept"): null

2018-12-07 11:56:16 - [TEST_STEP][PASSED] - delay: Delayed 10 second(s)

2018-12-07 11:56:26 - [MESSAGE][PASSED] - Delayed 10 second(s)

2018-12-07 11:56:26 - [MESSAGE][PASSED] - Call Test Case 'Test Cases/Final Aug 2018 - PKS Automation/Common/Screenshoting tool' successfully

2018-12-07 11:56:26 - [TEST_STEP][PASSED] - callTestCase: Call Test Case 'Test Cases/Final Aug 2018 - PKS Automation/Registration Module/Log Out/log out avoiding katalon tagging' successfully

2018-12-07 11:56:26 - [TEST_CASE][PASSED] - Test Cases/Final Aug 2018 - PKS Automation/Registration Module/Log Out/log out avoiding katalon tagging: Test Cases/Final Aug 2018 - PKS Automation/Registration Module/Log Out/log out avoiding katalon tagging

2018-12-07 11:56:26 - [TEST_STEP][PASSED] - navigateToUrl: Navigate to 'https://assist2-uat.perkeso.gov.my/c/portal/logout' successfully

2018-12-07 11:56:26 - [MESSAGE][PASSED] - Navigate to 'https://assist2-uat.perkeso.gov.my/c/portal/logout' successfully

2018-12-07 11:56:26 - [MESSAGE][PASSED] - Call Test Case 'Test Cases/Final Aug 2018 - PKS Automation/Registration Module/Log Out/log out avoiding katalon tagging' successfully

2018-12-07 11:56:26 - [TEST_STEP][PASSED] - callTestCase: Call Test Case 'Test Cases/Final Aug 2018 - PKS Automation/Common/Workflow Owner Finder' successfully

2018-12-07 11:56:26 - [TEST_CASE][PASSED] - Test Cases/Final Aug 2018 - PKS Automation/Common/Workflow Owner Finder: Test Cases/Final Aug 2018 - PKS Automation/Common/Workflow Owner Finder

2018-12-07 11:56:26 - [TEST_STEP][PASSED] - openBrowser: Browser is opened with url: ''

2018-12-07 11:56:26 - [MESSAGE][WARNING] - A browser is already opened. Closing browser and opening a new one

2018-12-07 11:56:30 - [MESSAGE][PASSED] - Browser is opened with url: ''

2018-12-07 11:56:30 - [TEST_STEP][PASSED] - navigateToUrl: Navigate to 'https://assist2-uat.perkeso.gov.my/login' successfully

2018-12-07 11:56:31 - [MESSAGE][PASSED] - Navigate to 'https://assist2-uat.perkeso.gov.my/login' successfully

2018-12-07 11:56:31 - [TEST_STEP][PASSED] - delay: Delayed 5 second(s)

2018-12-07 11:56:36 - [MESSAGE][PASSED] - Delayed 5 second(s)

2018-12-07 11:56:36 - [TEST_STEP][PASSED] - setText: Text 'test@liferay.com' is set on object 'Object Repository/Final Object Repo/Login Page/Internal User/Email Address'

2018-12-07 11:56:36 - [MESSAGE][PASSED] - Text 'test@liferay.com' is set on object 'Object Repository/Final Object Repo/Login Page/Internal User/Email Address'

2018-12-07 11:56:36 - [TEST_STEP][PASSED] - click: Object: 'Object Repository/Final Object Repo/Login Page/Internal User/Next Button' is clicked on

2018-12-07 11:56:36 - [MESSAGE][PASSED] - Object: 'Object Repository/Final Object Repo/Login Page/Internal User/Next Button' is clicked on

2018-12-07 11:56:36 - [TEST_STEP][PASSED] - delay: Delayed 2 second(s)

2018-12-07 11:56:38 - [MESSAGE][PASSED] - Delayed 2 second(s)

2018-12-07 11:56:38 - [TEST_STEP][PASSED] - setText: Text 'test' is set on object 'Object Repository/Final Object Repo/Login Page/Internal User/Password'

2018-12-07 11:56:38 - [MESSAGE][PASSED] - Text 'test' is set on object 'Object Repository/Final Object Repo/Login Page/Internal User/Password'

2018-12-07 11:56:38 - [TEST_STEP][PASSED] - delay: Delayed 2 second(s)

2018-12-07 11:56:40 - [MESSAGE][PASSED] - Delayed 2 second(s)

2018-12-07 11:56:40 - [TEST_STEP][PASSED] - click: Object: 'Object Repository/Final Object Repo/Login Page/Internal User/Login Button' is clicked on

2018-12-07 11:56:41 - [MESSAGE][PASSED] - Object: 'Object Repository/Final Object Repo/Login Page/Internal User/Login Button' is clicked on

2018-12-07 11:56:41 - [TEST_STEP][PASSED] - Statement - tester = com.kms.katalon.core.testobject.ObjectRepository.findTestObject(Final Object Repo/Landing Page/Select to English): Finding Test Object with id 'Object Repository/Final Object Repo/Landing Page/Select to English'

2018-12-07 11:56:41 - [TEST_STEP][PASSED] - Statement - Try: Delayed 2 second(s)

2018-12-07 11:56:41 - [TEST_STEP][PASSED] - Statement - Checker = com.kms.katalon.core.webui.keyword.WebUiBuiltInKeywords.verifyElementNotPresent(tester, 3): Web element with id: 'Object Repository/Final Object Repo/Landing Page/Select to English' located by 'By.xpath: //a[@class = 'taglib-language-list-text' and @lang = 'en-US' and (contains(text(), 'EN') or contains(., 'EN'))]' is not present after '3' second(s)

2018-12-07 11:56:42 - [MESSAGE][PASSED] - Web element with id: 'Object Repository/Final Object Repo/Landing Page/Select to English' located by 'By.xpath: //a[@class = 'taglib-language-list-text' and @lang = 'en-US' and (contains(text(), 'EN') or contains(., 'EN'))]' is not present after '3' second(s)

2018-12-07 11:56:42 - [TEST_STEP][PASSED] - Statement - If (Checker == false): null

2018-12-07 11:56:42 - [TEST_STEP][PASSED] - delay: Delayed 2 second(s)

2018-12-07 11:56:44 - [MESSAGE][PASSED] - Delayed 2 second(s)

2018-12-07 11:56:44 - [TEST_STEP][PASSED] - delay: Delayed 5 second(s)

2018-12-07 11:56:49 - [MESSAGE][PASSED] - Delayed 5 second(s)

2018-12-07 11:56:49 - [TEST_STEP][PASSED] - mouseOver: Object: 'Object Repository/Final Object Repo/Landing Page/WorkFlow Menu' is hovered

2018-12-07 11:56:50 - [MESSAGE][PASSED] - Object: 'Object Repository/Final Object Repo/Landing Page/WorkFlow Menu' is hovered

2018-12-07 11:56:50 - [TEST_STEP][PASSED] - delay: Delayed 2 second(s)

2018-12-07 11:56:52 - [MESSAGE][PASSED] - Delayed 2 second(s)

2018-12-07 11:56:52 - [TEST_STEP][PASSED] - click: Object: 'Object Repository/Final Object Repo/Landing Page/Select to Workflow Listing' is clicked on

2018-12-07 11:56:53 - [MESSAGE][PASSED] - Object: 'Object Repository/Final Object Repo/Landing Page/Select to Workflow Listing' is clicked on

2018-12-07 11:56:53 - [TEST_STEP][PASSED] - delay: Delayed 2 second(s)

2018-12-07 11:56:55 - [MESSAGE][PASSED] - Delayed 2 second(s)

2018-12-07 11:56:55 - [TEST_STEP][PASSED] - click: Object: 'Object Repository/Final Object Repo/WorkFlow Listing Page/Search Information - To Put Ref No' is clicked on

2018-12-07 11:56:55 - [MESSAGE][PASSED] - Object: 'Object Repository/Final Object Repo/WorkFlow Listing Page/Search Information - To Put Ref No' is clicked on

2018-12-07 11:56:55 - [TEST_STEP][PASSED] - delay: Delayed 2 second(s)

2018-12-07 11:56:57 - [MESSAGE][PASSED] - Delayed 2 second(s)

2018-12-07 11:56:57 - [TEST_STEP][PASSED] - callTestCase: Call Test Case 'Test Cases/Final Aug 2018 - PKS Automation/Common/Reference Number Getter' successfully

2018-12-07 11:56:57 - [TEST_CASE][PASSED] - Test Cases/Final Aug 2018 - PKS Automation/Common/Reference Number Getter: Test Cases/Final Aug 2018 - PKS Automation/Common/Reference Number Getter

2018-12-07 11:56:57 - [TEST_STEP][PASSED] - Statement - Try: null

2018-12-07 11:56:57 - [TEST_STEP][PASSED] - Statement - RefNo = new java.io.File(C://Users//Admin//Desktop//PKS//Automation Reference Point//KatalonReference.txt): null

2018-12-07 11:56:57 - [TEST_STEP][PASSED] - Statement - bufferread = new java.io.BufferedReader(new java.io.FileReader(RefNo)): null

2018-12-07 11:56:57 - [TEST_STEP][PASSED] - Statement - readedVal = bufferread.readLine(): null

2018-12-07 11:56:57 - [TEST_STEP][PASSED] - Statement - out.println(CaseReferenceNo): null

2018-12-07 11:56:57 - [TEST_STEP][PASSED] - Statement - out.println(readedVal): null

2018-12-07 11:56:57 - [TEST_STEP][PASSED] - Statement - CaseReferenceNo = "": null

2018-12-07 11:56:57 - [TEST_STEP][PASSED] - Statement - CaseReferenceNo = readedVal: null

2018-12-07 11:56:57 - [MESSAGE][PASSED] - Call Test Case 'Test Cases/Final Aug 2018 - PKS Automation/Common/Reference Number Getter' successfully

2018-12-07 11:56:57 - [TEST_STEP][PASSED] - setText: Text 'CAN12201800002288' is set on object 'Object Repository/Final Object Repo/WorkFlow Listing Page/Ref No Set Text'

2018-12-07 11:56:57 - [MESSAGE][PASSED] - Text 'CAN12201800002288' is set on object 'Object Repository/Final Object Repo/WorkFlow Listing Page/Ref No Set Text'

2018-12-07 11:56:57 - [TEST_STEP][PASSED] - delay: Delayed 2 second(s)

2018-12-07 11:56:59 - [MESSAGE][PASSED] - Delayed 2 second(s)

2018-12-07 11:56:59 - [TEST_STEP][PASSED] - click: Object: 'Object Repository/Final Object Repo/WorkFlow Listing Page/Search Ref No Search Button' is clicked on

2018-12-07 11:57:00 - [MESSAGE][PASSED] - Object: 'Object Repository/Final Object Repo/WorkFlow Listing Page/Search Ref No Search Button' is clicked on

2018-12-07 11:57:00 - [TEST_STEP][PASSED] - delay: Delayed 6 second(s)

2018-12-07 11:57:06 - [MESSAGE][PASSED] - Delayed 6 second(s)

2018-12-07 11:57:06 - [TEST_STEP][PASSED] - click: Object: 'Object Repository/Final Object Repo/WorkFlow Listing Page/Click Continue Tooltip' is clicked on

2018-12-07 11:57:07 - [MESSAGE][PASSED] - Object: 'Object Repository/Final Object Repo/WorkFlow Listing Page/Click Continue Tooltip' is clicked on

2018-12-07 11:57:07 - [TEST_STEP][PASSED] - delay: Delayed 5 second(s)

2018-12-07 11:57:12 - [MESSAGE][PASSED] - Delayed 5 second(s)

2018-12-07 11:57:12 - [TEST_STEP][PASSED] - doubleClick: Object: 'Object Repository/Final Object Repo/WorkFlow Listing Page/Workflow Found - Listing 1' is double clicked on

2018-12-07 11:57:12 - [MESSAGE][PASSED] - Object: 'Object Repository/Final Object Repo/WorkFlow Listing Page/Workflow Found - Listing 1' is double clicked on

2018-12-07 11:57:12 - [TEST_STEP][PASSED] - Statement - println(OwnerID): null

2018-12-07 11:57:12 - [TEST_STEP][PASSED] - Statement - OwnerID = com.kms.katalon.core.webui.keyword.WebUiBuiltInKeywords.getText(com.kms.katalon.core.testobject.ObjectRepository.findTestObject(Final Object Repo/WorkFlow Listing Page/Workflow Found - Listing 1), STOP_ON_FAILURE): Text of object 'Object Repository/Final Object Repo/WorkFlow Listing Page/Workflow Found - Listing 1' is: 'JOHORro2'

2018-12-07 11:57:12 - [MESSAGE][PASSED] - Text of object 'Object Repository/Final Object Repo/WorkFlow Listing Page/Workflow Found - Listing 1' is: 'JOHORro2'

2018-12-07 11:57:12 - [TEST_STEP][PASSED] - Statement - OwnerID = OwnerID.toLowerCase() + "@gmail.com": null

2018-12-07 11:57:12 - [TEST_STEP][PASSED] - Statement - println(OwnerID): null

2018-12-07 11:57:12 - [TEST_STEP][PASSED] - delay: Delayed 2 second(s)

2018-12-07 11:57:14 - [MESSAGE][PASSED] - Delayed 2 second(s)

2018-12-07 11:57:14 - [MESSAGE][PASSED] - Call Test Case 'Test Cases/Final Aug 2018 - PKS Automation/Common/Workflow Owner Finder' successfully

2018-12-07 11:57:14 - [TEST_STEP][PASSED] - callTestCase: Call Test Case 'Test Cases/Final Aug 2018 - PKS Automation/Registration Module/Log Out/log out avoiding katalon tagging' successfully

2018-12-07 11:57:14 - [TEST_CASE][PASSED] - Test Cases/Final Aug 2018 - PKS Automation/Registration Module/Log Out/log out avoiding katalon tagging: Test Cases/Final Aug 2018 - PKS Automation/Registration Module/Log Out/log out avoiding katalon tagging

2018-12-07 11:57:14 - [TEST_STEP][PASSED] - navigateToUrl: Navigate to 'https://assist2-uat.perkeso.gov.my/c/portal/logout' successfully

2018-12-07 11:57:15 - [MESSAGE][PASSED] - Navigate to 'https://assist2-uat.perkeso.gov.my/c/portal/logout' successfully

2018-12-07 11:57:15 - [MESSAGE][PASSED] - Call Test Case 'Test Cases/Final Aug 2018 - PKS Automation/Registration Module/Log Out/log out avoiding katalon tagging' successfully

2018-12-07 11:57:15 - [TEST_STEP][PASSED] - delay: Delayed 2 second(s)

2018-12-07 11:57:17 - [MESSAGE][PASSED] - Delayed 2 second(s)

2018-12-07 11:57:17 - [TEST_STEP][PASSED] - setText: Text 'johorro2@gmail.com' is set on object 'Object Repository/Final Object Repo/Page_Update Add New Employee - ASSIST/Email TextBox'

2018-12-07 11:57:17 - [MESSAGE][PASSED] - Text 'johorro2@gmail.com' is set on object 'Object Repository/Final Object Repo/Page_Update Add New Employee - ASSIST/Email TextBox'

2018-12-07 11:57:17 - [TEST_STEP][PASSED] - click: Object: 'Object Repository/Final Object Repo/Page_Update Add New Employee - ASSIST/Next Button' is clicked on

2018-12-07 11:57:17 - [MESSAGE][PASSED] - Object: 'Object Repository/Final Object Repo/Page_Update Add New Employee - ASSIST/Next Button' is clicked on

2018-12-07 11:57:17 - [TEST_STEP][PASSED] - delay: Delayed 2 second(s)

2018-12-07 11:57:19 - [MESSAGE][PASSED] - Delayed 2 second(s)

2018-12-07 11:57:19 - [TEST_STEP][PASSED] - setText: Text 'Test1@3456789' is set on object 'Object Repository/Final Object Repo/Page_Update Add New Employee - ASSIST/Password TextBox'

2018-12-07 11:57:20 - [MESSAGE][PASSED] - Text 'Test1@3456789' is set on object 'Object Repository/Final Object Repo/Page_Update Add New Employee - ASSIST/Password TextBox'

2018-12-07 11:57:20 - [TEST_STEP][PASSED] - delay: Delayed 2 second(s)

2018-12-07 11:57:22 - [MESSAGE][PASSED] - Delayed 2 second(s)

2018-12-07 11:57:22 - [TEST_STEP][PASSED] - click: Object: 'Object Repository/Final Object Repo/Page_Update Add New Employee - ASSIST/Login Button' is clicked on

2018-12-07 11:57:22 - [MESSAGE][PASSED] - Object: 'Object Repository/Final Object Repo/Page_Update Add New Employee - ASSIST/Login Button' is clicked on

2018-12-07 11:57:22 - [TEST_STEP][PASSED] - delay: Delayed 4 second(s)

2018-12-07 11:57:26 - [MESSAGE][PASSED] - Delayed 4 second(s)

2018-12-07 11:57:26 - [TEST_STEP][PASSED] - Statement - Try: Delayed 2 second(s)

2018-12-07 11:57:26 - [TEST_STEP][PASSED] - Statement - Checker = false: null

2018-12-07 11:57:26 - [TEST_STEP][PASSED] - Statement - Checker = com.kms.katalon.core.webui.keyword.WebUiBuiltInKeywords.verifyElementHasAttribute(com.kms.katalon.core.testobject.ObjectRepository.findTestObject(Final Object Repo/Landing Page/BM Detecting), "href", 20, OPTIONAL): Object 'Object Repository/Final Object Repo/Landing Page/BM Detecting' has attribute 'href'

2018-12-07 11:57:26 - [MESSAGE][PASSED] - Object 'Object Repository/Final Object Repo/Landing Page/BM Detecting' has attribute 'href'

2018-12-07 11:57:26 - [TEST_STEP][PASSED] - Statement - out.println(Checker): null

2018-12-07 11:57:26 - [TEST_STEP][PASSED] - Statement - If (Checker == false): null

2018-12-07 11:57:26 - [TEST_STEP][PASSED] - Statement - Else: null

2018-12-07 11:57:26 - [TEST_STEP][PASSED] - delay: Delayed 2 second(s)

2018-12-07 11:57:28 - [MESSAGE][PASSED] - Delayed 2 second(s)

2018-12-07 11:57:28 - [TEST_STEP][PASSED] - delay: Delayed 4 second(s)

2018-12-07 11:57:32 - [MESSAGE][PASSED] - Delayed 4 second(s)

2018-12-07 11:57:32 - [TEST_STEP][PASSED] - click: Object: 'Object Repository/Final Object Repo/New Registration - Registration Module Pages/New Reg - OTC to RO/Special Case - All Related Objects/Expand to Search' is clicked on

2018-12-07 11:57:32 - [MESSAGE][PASSED] - Object: 'Object Repository/Final Object Repo/New Registration - Registration Module Pages/New Reg - OTC to RO/Special Case - All Related Objects/Expand to Search' is clicked on

2018-12-07 11:57:32 - [TEST_STEP][PASSED] - delay: Delayed 2 second(s)

2018-12-07 11:57:34 - [MESSAGE][PASSED] - Delayed 2 second(s)

2018-12-07 11:57:34 - [TEST_STEP][PASSED] - setText: Text 'CAN12201800002288' is set on object 'Object Repository/Final Object Repo/New Registration - Registration Module Pages/New Reg - OTC to RO/Special Case - All Related Objects/TextBox RefNo in Workbasket'

2018-12-07 11:57:34 - [MESSAGE][PASSED] - Text 'CAN12201800002288' is set on object 'Object Repository/Final Object Repo/New Registration - Registration Module Pages/New Reg - OTC to RO/Special Case - All Related Objects/TextBox RefNo in Workbasket'

2018-12-07 11:57:34 - [TEST_STEP][PASSED] - delay: Delayed 2 second(s)

2018-12-07 11:57:36 - [MESSAGE][PASSED] - Delayed 2 second(s)

2018-12-07 11:57:36 - [TEST_STEP][PASSED] - click: Object: 'Object Repository/Final Object Repo/New Registration - Registration Module Pages/New Reg - OTC to RO/Special Case - All Related Objects/Click Search' is clicked on

2018-12-07 11:57:37 - [MESSAGE][PASSED] - Object: 'Object Repository/Final Object Repo/New Registration - Registration Module Pages/New Reg - OTC to RO/Special Case - All Related Objects/Click Search' is clicked on

2018-12-07 11:57:37 - [TEST_STEP][PASSED] - delay: Delayed 2 second(s)

2018-12-07 11:57:39 - [MESSAGE][PASSED] - Delayed 2 second(s)

2018-12-07 11:57:39 - [TEST_STEP][PASSED] - click: Object: 'Object Repository/Final Object Repo/New Registration - Registration Module Pages/New Reg - OTC to RO/Special Case - All Related Objects/Click to Continue Workflow' is clicked on

2018-12-07 11:57:43 - [MESSAGE][PASSED] - Object: 'Object Repository/Final Object Repo/New Registration - Registration Module Pages/New Reg - OTC to RO/Special Case - All Related Objects/Click to Continue Workflow' is clicked on

2018-12-07 11:57:43 - [TEST_STEP][PASSED] - delay: Delayed 10 second(s)

2018-12-07 11:57:53 - [MESSAGE][PASSED] - Delayed 10 second(s)

2018-12-07 11:57:53 - [TEST_STEP][PASSED] - click: Object: 'Object Repository/Final Object Repo/New Registration - Registration Module Pages/New Reg - OTC to RO/Special Case - All Related Objects/Continue Button in verifying case' is clicked on

2018-12-07 11:57:56 - [MESSAGE][PASSED] - Object: 'Object Repository/Final Object Repo/New Registration - Registration Module Pages/New Reg - OTC to RO/Special Case - All Related Objects/Continue Button in verifying case' is clicked on

2018-12-07 11:57:56 - [TEST_STEP][PASSED] - delay: Delayed 2 second(s)

2018-12-07 11:57:58 - [MESSAGE][PASSED] - Delayed 2 second(s)

2018-12-07 11:57:58 - [TEST_STEP][PASSED] - click: Object: 'Object Repository/Final Object Repo/Page_Update Add New Employee - ASSIST/Save  Continue Button' is clicked on

2018-12-07 11:57:58 - [MESSAGE][PASSED] - Object: 'Object Repository/Final Object Repo/Page_Update Add New Employee - ASSIST/Save  Continue Button' is clicked on

2018-12-07 11:57:58 - [TEST_STEP][PASSED] - delay: Delayed 4 second(s)

2018-12-07 11:58:02 - [MESSAGE][PASSED] - Delayed 4 second(s)

2018-12-07 11:58:02 - [TEST_STEP][PASSED] - click: Object: 'Object Repository/Final Object Repo/Page_Update Add New Employee - ASSIST/Save  Continue Third Screen' is clicked on

2018-12-07 11:58:05 - [MESSAGE][PASSED] - Object: 'Object Repository/Final Object Repo/Page_Update Add New Employee - ASSIST/Save  Continue Third Screen' is clicked on

2018-12-07 11:58:05 - [TEST_STEP][PASSED] - delay: Delayed 4 second(s)

2018-12-07 11:58:09 - [MESSAGE][PASSED] - Delayed 4 second(s)

2018-12-07 11:58:09 - [TEST_STEP][PASSED] - setText: Text 'Query the Case' is set on object 'Object Repository/Final Object Repo/Page_Update Add New Employee - ASSIST/Query Text Input'

2018-12-07 11:58:10 - [MESSAGE][PASSED] - Text 'Query the Case' is set on object 'Object Repository/Final Object Repo/Page_Update Add New Employee - ASSIST/Query Text Input'

2018-12-07 11:58:10 - [TEST_STEP][PASSED] - delay: Delayed 4 second(s)

2018-12-07 11:58:14 - [MESSAGE][PASSED] - Delayed 4 second(s)

2018-12-07 11:58:14 - [TEST_STEP][PASSED] - click: Object: 'Object Repository/Final Object Repo/Page_Update Add New Employee - ASSIST/Save   Continue Supporting Doc Page' is clicked on

2018-12-07 11:58:14 - [MESSAGE][PASSED] - Object: 'Object Repository/Final Object Repo/Page_Update Add New Employee - ASSIST/Save   Continue Supporting Doc Page' is clicked on

2018-12-07 11:58:14 - [TEST_STEP][PASSED] - delay: Delayed 4 second(s)

2018-12-07 11:58:18 - [MESSAGE][PASSED] - Delayed 4 second(s)

2018-12-07 11:58:18 - [TEST_STEP][PASSED] - click: Object: 'Object Repository/Final Object Repo/Page_Update Add New Employee - ASSIST/Query Button' is clicked on

2018-12-07 11:58:18 - [MESSAGE][PASSED] - Object: 'Object Repository/Final Object Repo/Page_Update Add New Employee - ASSIST/Query Button' is clicked on

2018-12-07 11:58:18 - [TEST_STEP][PASSED] - delay: Delayed 4 second(s)

2018-12-07 11:58:22 - [MESSAGE][PASSED] - Delayed 4 second(s)

2018-12-07 11:58:22 - [TEST_STEP][PASSED] - click: Object: 'Object Repository/Final Object Repo/Page_Update Add New Employee - ASSIST/Confirm to Query' is clicked on

2018-12-07 11:58:22 - [MESSAGE][PASSED] - Object: 'Object Repository/Final Object Repo/Page_Update Add New Employee - ASSIST/Confirm to Query' is clicked on

2018-12-07 11:58:22 - [TEST_STEP][PASSED] - delay: Delayed 20 second(s)

2018-12-07 11:58:42 - [MESSAGE][PASSED] - Delayed 20 second(s)

2018-12-07 11:58:42 - [TEST_STEP][PASSED] - callTestCase: Call Test Case 'Test Cases/Final Aug 2018 - PKS Automation/Common/Screenshoting tool' successfully

2018-12-07 11:58:42 - [TEST_CASE][PASSED] - Test Cases/Final Aug 2018 - PKS Automation/Common/Screenshoting tool: Test Cases/Final Aug 2018 - PKS Automation/Common/Screenshoting tool

2018-12-07 11:58:42 - [TEST_STEP][PASSED] - delay: Delayed 15 second(s)

2018-12-07 11:58:57 - [MESSAGE][PASSED] - Delayed 15 second(s)

2018-12-07 11:58:57 - [TEST_STEP][PASSED] - Statement - driver = com.kms.katalon.core.webui.driver.DriverFactory.getWebDriver(): null

2018-12-07 11:58:57 - [TEST_STEP][PASSED] - Statement - driver.manage().timeouts().implicitlyWait(10, SECONDS): null

2018-12-07 11:58:57 - [TEST_STEP][PASSED] - Statement - PresavePath = KatalonScreenshots: null

2018-12-07 11:58:57 - [TEST_STEP][PASSED] - Statement - pathPrefix = "C:\Users\Public\Pictures\Sample Pictures\Katalon Screenshots\Automate Ending Screen": null

2018-12-07 11:58:57 - [TEST_STEP][PASSED] - Statement - finalPath = <not implemented yet for class: org.codehaus.groovy.ast.expr.EmptyExpression>: null

2018-12-07 11:58:57 - [TEST_STEP][PASSED] - Statement - scrFile = driver.getScreenshotAs(FILE): null

2018-12-07 11:58:58 - [TEST_STEP][PASSED] - Statement - PreSaveFile = new java.io.File(PresavePath): null

2018-12-07 11:58:58 - [TEST_STEP][PASSED] - Statement - counter = 0: null

2018-12-07 11:58:58 - [TEST_STEP][PASSED] - Statement - If (PreSaveFile.exists()): null

2018-12-07 11:58:58 - [TEST_STEP][PASSED] - Statement - While (PreSaveFile.exists()): null

2018-12-07 11:58:58 - [TEST_STEP][PASSED] - Statement - counter = counter + 1: null

2018-12-07 11:58:58 - [TEST_STEP][PASSED] - Statement - PreSaveFile = new java.io.File(((pathPrefix + java.lang.Integer.toString(counter)) + .png)): null

2018-12-07 11:58:58 - [TEST_STEP][PASSED] - Statement - counter = counter + 1: null

2018-12-07 11:58:58 - [TEST_STEP][PASSED] - Statement - PreSaveFile = new java.io.File(((pathPrefix + java.lang.Integer.toString(counter)) + .png)): null

2018-12-07 11:58:58 - [TEST_STEP][PASSED] - Statement - counter = counter + 1: null

2018-12-07 11:58:58 - [TEST_STEP][PASSED] - Statement - PreSaveFile = new java.io.File(((pathPrefix + java.lang.Integer.toString(counter)) + .png)): null

2018-12-07 11:58:58 - [TEST_STEP][PASSED] - Statement - counter = counter + 1: null

2018-12-07 11:58:58 - [TEST_STEP][PASSED] - Statement - PreSaveFile = new java.io.File(((pathPrefix + java.lang.Integer.toString(counter)) + .png)): null

2018-12-07 11:58:58 - [TEST_STEP][PASSED] - Statement - counter = counter + 1: null

2018-12-07 11:58:58 - [TEST_STEP][PASSED] - Statement - PreSaveFile = new java.io.File(((pathPrefix + java.lang.Integer.toString(counter)) + .png)): null

2018-12-07 11:58:58 - [TEST_STEP][PASSED] - Statement - counter = counter + 1: null

2018-12-07 11:58:58 - [TEST_STEP][PASSED] - Statement - PreSaveFile = new java.io.File(((pathPrefix + java.lang.Integer.toString(counter)) + .png)): null

2018-12-07 11:58:58 - [TEST_STEP][PASSED] - Statement - counter = counter + 1: null

2018-12-07 11:58:58 - [TEST_STEP][PASSED] - Statement - PreSaveFile = new java.io.File(((pathPrefix + java.lang.Integer.toString(counter)) + .png)): null

2018-12-07 11:58:58 - [TEST_STEP][PASSED] - Statement - counter = counter + 1: null

2018-12-07 11:58:58 - [TEST_STEP][PASSED] - Statement - PreSaveFile = new java.io.File(((pathPrefix + java.lang.Integer.toString(counter)) + .png)): null

2018-12-07 11:58:58 - [TEST_STEP][PASSED] - Statement - counter = counter + 1: null

2018-12-07 11:58:58 - [TEST_STEP][PASSED] - Statement - PreSaveFile = new java.io.File(((pathPrefix + java.lang.Integer.toString(counter)) + .png)): null

2018-12-07 11:58:58 - [TEST_STEP][PASSED] - Statement - counter = counter + 1: null

2018-12-07 11:58:58 - [TEST_STEP][PASSED] - Statement - PreSaveFile = new java.io.File(((pathPrefix + java.lang.Integer.toString(counter)) + .png)): null

2018-12-07 11:58:58 - [TEST_STEP][PASSED] - Statement - counter = counter + 1: null

2018-12-07 11:58:58 - [TEST_STEP][PASSED] - Statement - PreSaveFile = new java.io.File(((pathPrefix + java.lang.Integer.toString(counter)) + .png)): null

2018-12-07 11:58:58 - [TEST_STEP][PASSED] - Statement - counter = counter + 1: null

2018-12-07 11:58:58 - [TEST_STEP][PASSED] - Statement - PreSaveFile = new java.io.File(((pathPrefix + java.lang.Integer.toString(counter)) + .png)): null

2018-12-07 11:58:58 - [TEST_STEP][PASSED] - Statement - counter = counter + 1: null

2018-12-07 11:58:58 - [TEST_STEP][PASSED] - Statement - PreSaveFile = new java.io.File(((pathPrefix + java.lang.Integer.toString(counter)) + .png)): null

2018-12-07 11:58:58 - [TEST_STEP][PASSED] - Statement - counter = counter + 1: null

2018-12-07 11:58:58 - [TEST_STEP][PASSED] - Statement - PreSaveFile = new java.io.File(((pathPrefix + java.lang.Integer.toString(counter)) + .png)): null

2018-12-07 11:58:58 - [TEST_STEP][PASSED] - Statement - counter = counter + 1: null

2018-12-07 11:58:58 - [TEST_STEP][PASSED] - Statement - PreSaveFile = new java.io.File(((pathPrefix + java.lang.Integer.toString(counter)) + .png)): null

2018-12-07 11:58:58 - [TEST_STEP][PASSED] - Statement - counter = counter + 1: null

2018-12-07 11:58:58 - [TEST_STEP][PASSED] - Statement - PreSaveFile = new java.io.File(((pathPrefix + java.lang.Integer.toString(counter)) + .png)): null

2018-12-07 11:58:58 - [TEST_STEP][PASSED] - Statement - counter = counter + 1: null

2018-12-07 11:58:58 - [TEST_STEP][PASSED] - Statement - PreSaveFile = new java.io.File(((pathPrefix + java.lang.Integer.toString(counter)) + .png)): null

2018-12-07 11:58:58 - [TEST_STEP][PASSED] - Statement - counter = counter + 1: null

2018-12-07 11:58:58 - [TEST_STEP][PASSED] - Statement - PreSaveFile = new java.io.File(((pathPrefix + java.lang.Integer.toString(counter)) + .png)): null

2018-12-07 11:58:58 - [TEST_STEP][PASSED] - Statement - counter = counter + 1: null

2018-12-07 11:58:58 - [TEST_STEP][PASSED] - Statement - PreSaveFile = new java.io.File(((pathPrefix + java.lang.Integer.toString(counter)) + .png)): null

2018-12-07 11:58:58 - [TEST_STEP][PASSED] - Statement - counter = counter + 1: null

2018-12-07 11:58:58 - [TEST_STEP][PASSED] - Statement - PreSaveFile = new java.io.File(((pathPrefix + java.lang.Integer.toString(counter)) + .png)): null

2018-12-07 11:58:58 - [TEST_STEP][PASSED] - Statement - counter = counter + 1: null

2018-12-07 11:58:58 - [TEST_STEP][PASSED] - Statement - PreSaveFile = new java.io.File(((pathPrefix + java.lang.Integer.toString(counter)) + .png)): null

2018-12-07 11:58:58 - [TEST_STEP][PASSED] - Statement - counter = counter + 1: null

2018-12-07 11:58:58 - [TEST_STEP][PASSED] - Statement - PreSaveFile = new java.io.File(((pathPrefix + java.lang.Integer.toString(counter)) + .png)): null

2018-12-07 11:58:58 - [TEST_STEP][PASSED] - Statement - counter = counter + 1: null

2018-12-07 11:58:58 - [TEST_STEP][PASSED] - Statement - PreSaveFile = new java.io.File(((pathPrefix + java.lang.Integer.toString(counter)) + .png)): null

2018-12-07 11:58:58 - [TEST_STEP][PASSED] - Statement - counter = counter + 1: null

2018-12-07 11:58:58 - [TEST_STEP][PASSED] - Statement - PreSaveFile = new java.io.File(((pathPrefix + java.lang.Integer.toString(counter)) + .png)): null

2018-12-07 11:58:59 - [TEST_STEP][PASSED] - Statement - counter = counter + 1: null

2018-12-07 11:58:59 - [TEST_STEP][PASSED] - Statement - PreSaveFile = new java.io.File(((pathPrefix + java.lang.Integer.toString(counter)) + .png)): null

2018-12-07 11:58:59 - [TEST_STEP][PASSED] - Statement - counter = counter + 1: null

2018-12-07 11:58:59 - [TEST_STEP][PASSED] - Statement - PreSaveFile = new java.io.File(((pathPrefix + java.lang.Integer.toString(counter)) + .png)): null

2018-12-07 11:58:59 - [TEST_STEP][PASSED] - Statement - counter = counter + 1: null

2018-12-07 11:58:59 - [TEST_STEP][PASSED] - Statement - PreSaveFile = new java.io.File(((pathPrefix + java.lang.Integer.toString(counter)) + .png)): null

2018-12-07 11:58:59 - [TEST_STEP][PASSED] - Statement - counter = counter + 1: null

2018-12-07 11:58:59 - [TEST_STEP][PASSED] - Statement - PreSaveFile = new java.io.File(((pathPrefix + java.lang.Integer.toString(counter)) + .png)): null

2018-12-07 11:58:59 - [TEST_STEP][PASSED] - Statement - counter = counter + 1: null

2018-12-07 11:58:59 - [TEST_STEP][PASSED] - Statement - PreSaveFile = new java.io.File(((pathPrefix + java.lang.Integer.toString(counter)) + .png)): null

2018-12-07 11:58:59 - [TEST_STEP][PASSED] - Statement - counter = counter + 1: null

2018-12-07 11:58:59 - [TEST_STEP][PASSED] - Statement - PreSaveFile = new java.io.File(((pathPrefix + java.lang.Integer.toString(counter)) + .png)): null

2018-12-07 11:58:59 - [TEST_STEP][PASSED] - Statement - counter = counter + 1: null

2018-12-07 11:58:59 - [TEST_STEP][PASSED] - Statement - PreSaveFile = new java.io.File(((pathPrefix + java.lang.Integer.toString(counter)) + .png)): null

2018-12-07 11:58:59 - [TEST_STEP][PASSED] - Statement - counter = counter + 1: null

2018-12-07 11:58:59 - [TEST_STEP][PASSED] - Statement - PreSaveFile = new java.io.File(((pathPrefix + java.lang.Integer.toString(counter)) + .png)): null

2018-12-07 11:58:59 - [TEST_STEP][PASSED] - Statement - counter = counter + 1: null

2018-12-07 11:58:59 - [TEST_STEP][PASSED] - Statement - PreSaveFile = new java.io.File(((pathPrefix + java.lang.Integer.toString(counter)) + .png)): null

2018-12-07 11:58:59 - [TEST_STEP][PASSED] - Statement - counter = counter + 1: null

2018-12-07 11:58:59 - [TEST_STEP][PASSED] - Statement - PreSaveFile = new java.io.File(((pathPrefix + java.lang.Integer.toString(counter)) + .png)): null

2018-12-07 11:58:59 - [TEST_STEP][PASSED] - Statement - counter = counter + 1: null

2018-12-07 11:58:59 - [TEST_STEP][PASSED] - Statement - PreSaveFile = new java.io.File(((pathPrefix + java.lang.Integer.toString(counter)) + .png)): null

2018-12-07 11:58:59 - [TEST_STEP][PASSED] - Statement - counter = counter + 1: null

2018-12-07 11:58:59 - [TEST_STEP][PASSED] - Statement - PreSaveFile = new java.io.File(((pathPrefix + java.lang.Integer.toString(counter)) + .png)): null

2018-12-07 11:58:59 - [TEST_STEP][PASSED] - Statement - counter = counter + 1: null

2018-12-07 11:58:59 - [TEST_STEP][PASSED] - Statement - PreSaveFile = new java.io.File(((pathPrefix + java.lang.Integer.toString(counter)) + .png)): null

2018-12-07 11:58:59 - [TEST_STEP][PASSED] - Statement - counter = counter + 1: null

2018-12-07 11:58:59 - [TEST_STEP][PASSED] - Statement - PreSaveFile = new java.io.File(((pathPrefix + java.lang.Integer.toString(counter)) + .png)): null

2018-12-07 11:58:59 - [TEST_STEP][PASSED] - Statement - counter = counter + 1: null

2018-12-07 11:58:59 - [TEST_STEP][PASSED] - Statement - PreSaveFile = new java.io.File(((pathPrefix + java.lang.Integer.toString(counter)) + .png)): null

2018-12-07 11:58:59 - [TEST_STEP][PASSED] - Statement - counter = counter + 1: null

2018-12-07 11:58:59 - [TEST_STEP][PASSED] - Statement - PreSaveFile = new java.io.File(((pathPrefix + java.lang.Integer.toString(counter)) + .png)): null

2018-12-07 11:58:59 - [TEST_STEP][PASSED] - Statement - counter = counter + 1: null

2018-12-07 11:58:59 - [TEST_STEP][PASSED] - Statement - PreSaveFile = new java.io.File(((pathPrefix + java.lang.Integer.toString(counter)) + .png)): null

2018-12-07 11:58:59 - [TEST_STEP][PASSED] - Statement - counter = counter + 1: null

2018-12-07 11:58:59 - [TEST_STEP][PASSED] - Statement - PreSaveFile = new java.io.File(((pathPrefix + java.lang.Integer.toString(counter)) + .png)): null

2018-12-07 11:58:59 - [TEST_STEP][PASSED] - Statement - counter = counter + 1: null

2018-12-07 11:59:00 - [TEST_STEP][PASSED] - Statement - PreSaveFile = new java.io.File(((pathPrefix + java.lang.Integer.toString(counter)) + .png)): null

2018-12-07 11:59:00 - [TEST_STEP][PASSED] - Statement - counter = counter + 1: null

2018-12-07 11:59:00 - [TEST_STEP][PASSED] - Statement - PreSaveFile = new java.io.File(((pathPrefix + java.lang.Integer.toString(counter)) + .png)): null

2018-12-07 11:59:00 - [TEST_STEP][PASSED] - Statement - counter = counter + 1: null

2018-12-07 11:59:00 - [TEST_STEP][PASSED] - Statement - PreSaveFile = new java.io.File(((pathPrefix + java.lang.Integer.toString(counter)) + .png)): null

2018-12-07 11:59:00 - [TEST_STEP][PASSED] - Statement - counter = counter + 1: null

2018-12-07 11:59:00 - [TEST_STEP][PASSED] - Statement - PreSaveFile = new java.io.File(((pathPrefix + java.lang.Integer.toString(counter)) + .png)): null

2018-12-07 11:59:00 - [TEST_STEP][PASSED] - Statement - counter = counter + 1: null

2018-12-07 11:59:00 - [TEST_STEP][PASSED] - Statement - PreSaveFile = new java.io.File(((pathPrefix + java.lang.Integer.toString(counter)) + .png)): null

2018-12-07 11:59:00 - [TEST_STEP][PASSED] - Statement - counter = counter + 1: null

2018-12-07 11:59:00 - [TEST_STEP][PASSED] - Statement - PreSaveFile = new java.io.File(((pathPrefix + java.lang.Integer.toString(counter)) + .png)): null

2018-12-07 11:59:00 - [TEST_STEP][PASSED] - Statement - counter = counter + 1: null

2018-12-07 11:59:00 - [TEST_STEP][PASSED] - Statement - PreSaveFile = new java.io.File(((pathPrefix + java.lang.Integer.toString(counter)) + .png)): null

2018-12-07 11:59:00 - [TEST_STEP][PASSED] - Statement - counter = counter + 1: null

2018-12-07 11:59:00 - [TEST_STEP][PASSED] - Statement - PreSaveFile = new java.io.File(((pathPrefix + java.lang.Integer.toString(counter)) + .png)): null

2018-12-07 11:59:00 - [TEST_STEP][PASSED] - Statement - counter = counter + 1: null

2018-12-07 11:59:00 - [TEST_STEP][PASSED] - Statement - PreSaveFile = new java.io.File(((pathPrefix + java.lang.Integer.toString(counter)) + .png)): null

2018-12-07 11:59:00 - [TEST_STEP][PASSED] - Statement - counter = counter + 1: null

2018-12-07 11:59:00 - [TEST_STEP][PASSED] - Statement - PreSaveFile = new java.io.File(((pathPrefix + java.lang.Integer.toString(counter)) + .png)): null

2018-12-07 11:59:00 - [TEST_STEP][PASSED] - Statement - counter = counter + 1: null

2018-12-07 11:59:00 - [TEST_STEP][PASSED] - Statement - PreSaveFile = new java.io.File(((pathPrefix + java.lang.Integer.toString(counter)) + .png)): null

2018-12-07 11:59:00 - [TEST_STEP][PASSED] - Statement - counter = counter + 1: null

2018-12-07 11:59:00 - [TEST_STEP][PASSED] - Statement - PreSaveFile = new java.io.File(((pathPrefix + java.lang.Integer.toString(counter)) + .png)): null

2018-12-07 11:59:00 - [TEST_STEP][PASSED] - Statement - counter = counter + 1: null

2018-12-07 11:59:00 - [TEST_STEP][PASSED] - Statement - PreSaveFile = new java.io.File(((pathPrefix + java.lang.Integer.toString(counter)) + .png)): null

2018-12-07 11:59:00 - [TEST_STEP][PASSED] - Statement - counter = counter + 1: null

2018-12-07 11:59:00 - [TEST_STEP][PASSED] - Statement - PreSaveFile = new java.io.File(((pathPrefix + java.lang.Integer.toString(counter)) + .png)): null

2018-12-07 11:59:00 - [TEST_STEP][PASSED] - Statement - counter = counter + 1: null

2018-12-07 11:59:00 - [TEST_STEP][PASSED] - Statement - PreSaveFile = new java.io.File(((pathPrefix + java.lang.Integer.toString(counter)) + .png)): null

2018-12-07 11:59:01 - [TEST_STEP][PASSED] - Statement - counter = counter + 1: null

2018-12-07 11:59:01 - [TEST_STEP][PASSED] - Statement - PreSaveFile = new java.io.File(((pathPrefix + java.lang.Integer.toString(counter)) + .png)): null

2018-12-07 11:59:01 - [TEST_STEP][PASSED] - Statement - counter = counter + 1: null

2018-12-07 11:59:01 - [TEST_STEP][PASSED] - Statement - PreSaveFile = new java.io.File(((pathPrefix + java.lang.Integer.toString(counter)) + .png)): null

2018-12-07 11:59:01 - [TEST_STEP][PASSED] - Statement - counter = counter + 1: null

2018-12-07 11:59:01 - [TEST_STEP][PASSED] - Statement - PreSaveFile = new java.io.File(((pathPrefix + java.lang.Integer.toString(counter)) + .png)): null

2018-12-07 11:59:01 - [TEST_STEP][PASSED] - Statement - counter = counter + 1: null

2018-12-07 11:59:01 - [TEST_STEP][PASSED] - Statement - PreSaveFile = new java.io.File(((pathPrefix + java.lang.Integer.toString(counter)) + .png)): null

2018-12-07 11:59:01 - [TEST_STEP][PASSED] - Statement - counter = counter + 1: null

2018-12-07 11:59:01 - [TEST_STEP][PASSED] - Statement - PreSaveFile = new java.io.File(((pathPrefix + java.lang.Integer.toString(counter)) + .png)): null

2018-12-07 11:59:01 - [TEST_STEP][PASSED] - Statement - counter = counter + 1: null

2018-12-07 11:59:01 - [TEST_STEP][PASSED] - Statement - PreSaveFile = new java.io.File(((pathPrefix + java.lang.Integer.toString(counter)) + .png)): null

2018-12-07 11:59:01 - [TEST_STEP][PASSED] - Statement - counter = counter + 1: null

2018-12-07 11:59:01 - [TEST_STEP][PASSED] - Statement - PreSaveFile = new java.io.File(((pathPrefix + java.lang.Integer.toString(counter)) + .png)): null

2018-12-07 11:59:01 - [TEST_STEP][PASSED] - Statement - counter = counter + 1: null

2018-12-07 11:59:01 - [TEST_STEP][PASSED] - Statement - PreSaveFile = new java.io.File(((pathPrefix + java.lang.Integer.toString(counter)) + .png)): null

2018-12-07 11:59:01 - [TEST_STEP][PASSED] - Statement - counter = counter + 1: null

2018-12-07 11:59:01 - [TEST_STEP][PASSED] - Statement - PreSaveFile = new java.io.File(((pathPrefix + java.lang.Integer.toString(counter)) + .png)): null

2018-12-07 11:59:01 - [TEST_STEP][PASSED] - Statement - counter = counter + 1: null

2018-12-07 11:59:01 - [TEST_STEP][PASSED] - Statement - PreSaveFile = new java.io.File(((pathPrefix + java.lang.Integer.toString(counter)) + .png)): null

2018-12-07 11:59:01 - [TEST_STEP][PASSED] - Statement - counter = counter + 1: null

2018-12-07 11:59:01 - [TEST_STEP][PASSED] - Statement - PreSaveFile = new java.io.File(((pathPrefix + java.lang.Integer.toString(counter)) + .png)): null

2018-12-07 11:59:01 - [TEST_STEP][PASSED] - Statement - counter = counter + 1: null

2018-12-07 11:59:01 - [TEST_STEP][PASSED] - Statement - PreSaveFile = new java.io.File(((pathPrefix + java.lang.Integer.toString(counter)) + .png)): null

2018-12-07 11:59:01 - [TEST_STEP][PASSED] - Statement - counter = counter + 1: null

2018-12-07 11:59:01 - [TEST_STEP][PASSED] - Statement - PreSaveFile = new java.io.File(((pathPrefix + java.lang.Integer.toString(counter)) + .png)): null

2018-12-07 11:59:01 - [TEST_STEP][PASSED] - Statement - counter = counter + 1: null

2018-12-07 11:59:01 - [TEST_STEP][PASSED] - Statement - PreSaveFile = new java.io.File(((pathPrefix + java.lang.Integer.toString(counter)) + .png)): null

2018-12-07 11:59:01 - [TEST_STEP][PASSED] - Statement - counter = counter + 1: null

2018-12-07 11:59:02 - [TEST_STEP][PASSED] - Statement - PreSaveFile = new java.io.File(((pathPrefix + java.lang.Integer.toString(counter)) + .png)): null

2018-12-07 11:59:02 - [TEST_STEP][PASSED] - Statement - counter = counter + 1: null

2018-12-07 11:59:02 - [TEST_STEP][PASSED] - Statement - PreSaveFile = new java.io.File(((pathPrefix + java.lang.Integer.toString(counter)) + .png)): null

2018-12-07 11:59:02 - [TEST_STEP][PASSED] - Statement - counter = counter + 1: null

2018-12-07 11:59:02 - [TEST_STEP][PASSED] - Statement - PreSaveFile = new java.io.File(((pathPrefix + java.lang.Integer.toString(counter)) + .png)): null

2018-12-07 11:59:02 - [TEST_STEP][PASSED] - Statement - counter = counter + 1: null

2018-12-07 11:59:02 - [TEST_STEP][PASSED] - Statement - PreSaveFile = new java.io.File(((pathPrefix + java.lang.Integer.toString(counter)) + .png)): null

2018-12-07 11:59:02 - [TEST_STEP][PASSED] - Statement - counter = counter + 1: null

2018-12-07 11:59:02 - [TEST_STEP][PASSED] - Statement - PreSaveFile = new java.io.File(((pathPrefix + java.lang.Integer.toString(counter)) + .png)): null

2018-12-07 11:59:02 - [TEST_STEP][PASSED] - Statement - counter = counter + 1: null

2018-12-07 11:59:02 - [TEST_STEP][PASSED] - Statement - PreSaveFile = new java.io.File(((pathPrefix + java.lang.Integer.toString(counter)) + .png)): null

2018-12-07 11:59:02 - [TEST_STEP][PASSED] - Statement - counter = counter + 1: null

2018-12-07 11:59:02 - [TEST_STEP][PASSED] - Statement - PreSaveFile = new java.io.File(((pathPrefix + java.lang.Integer.toString(counter)) + .png)): null

2018-12-07 11:59:02 - [TEST_STEP][PASSED] - Statement - counter = counter + 1: null

2018-12-07 11:59:02 - [TEST_STEP][PASSED] - Statement - PreSaveFile = new java.io.File(((pathPrefix + java.lang.Integer.toString(counter)) + .png)): null

2018-12-07 11:59:02 - [TEST_STEP][PASSED] - Statement - counter = counter + 1: null

2018-12-07 11:59:02 - [TEST_STEP][PASSED] - Statement - PreSaveFile = new java.io.File(((pathPrefix + java.lang.Integer.toString(counter)) + .png)): null

2018-12-07 11:59:02 - [TEST_STEP][PASSED] - Statement - counter = counter + 1: null

2018-12-07 11:59:02 - [TEST_STEP][PASSED] - Statement - PreSaveFile = new java.io.File(((pathPrefix + java.lang.Integer.toString(counter)) + .png)): null

2018-12-07 11:59:02 - [TEST_STEP][PASSED] - Statement - counter = counter + 1: null

2018-12-07 11:59:02 - [TEST_STEP][PASSED] - Statement - PreSaveFile = new java.io.File(((pathPrefix + java.lang.Integer.toString(counter)) + .png)): null

2018-12-07 11:59:02 - [TEST_STEP][PASSED] - Statement - counter = counter + 1: null

2018-12-07 11:59:02 - [TEST_STEP][PASSED] - Statement - PreSaveFile = new java.io.File(((pathPrefix + java.lang.Integer.toString(counter)) + .png)): null

2018-12-07 11:59:02 - [TEST_STEP][PASSED] - Statement - counter = counter + 1: null

2018-12-07 11:59:02 - [TEST_STEP][PASSED] - Statement - PreSaveFile = new java.io.File(((pathPrefix + java.lang.Integer.toString(counter)) + .png)): null

2018-12-07 11:59:02 - [TEST_STEP][PASSED] - Statement - counter = counter + 1: null

2018-12-07 11:59:02 - [TEST_STEP][PASSED] - Statement - PreSaveFile = new java.io.File(((pathPrefix + java.lang.Integer.toString(counter)) + .png)): null

2018-12-07 11:59:02 - [TEST_STEP][PASSED] - Statement - counter = counter + 1: null

2018-12-07 11:59:02 - [TEST_STEP][PASSED] - Statement - PreSaveFile = new java.io.File(((pathPrefix + java.lang.Integer.toString(counter)) + .png)): null

2018-12-07 11:59:02 - [TEST_STEP][PASSED] - Statement - counter = counter + 1: null

2018-12-07 11:59:02 - [TEST_STEP][PASSED] - Statement - PreSaveFile = new java.io.File(((pathPrefix + java.lang.Integer.toString(counter)) + .png)): null

2018-12-07 11:59:02 - [TEST_STEP][PASSED] - Statement - counter = counter + 1: null

2018-12-07 11:59:02 - [TEST_STEP][PASSED] - Statement - PreSaveFile = new java.io.File(((pathPrefix + java.lang.Integer.toString(counter)) + .png)): null

2018-12-07 11:59:02 - [TEST_STEP][PASSED] - Statement - counter = counter + 1: null

2018-12-07 11:59:02 - [TEST_STEP][PASSED] - Statement - PreSaveFile = new java.io.File(((pathPrefix + java.lang.Integer.toString(counter)) + .png)): null

2018-12-07 11:59:02 - [TEST_STEP][PASSED] - Statement - counter = counter + 1: null

2018-12-07 11:59:02 - [TEST_STEP][PASSED] - Statement - PreSaveFile = new java.io.File(((pathPrefix + java.lang.Integer.toString(counter)) + .png)): null

2018-12-07 11:59:02 - [TEST_STEP][PASSED] - Statement - counter = counter + 1: null

2018-12-07 11:59:03 - [TEST_STEP][PASSED] - Statement - PreSaveFile = new java.io.File(((pathPrefix + java.lang.Integer.toString(counter)) + .png)): null

2018-12-07 11:59:03 - [TEST_STEP][PASSED] - Statement - counter = counter + 1: null

2018-12-07 11:59:03 - [TEST_STEP][PASSED] - Statement - PreSaveFile = new java.io.File(((pathPrefix + java.lang.Integer.toString(counter)) + .png)): null

2018-12-07 11:59:03 - [TEST_STEP][PASSED] - Statement - counter = counter + 1: null

2018-12-07 11:59:03 - [TEST_STEP][PASSED] - Statement - PreSaveFile = new java.io.File(((pathPrefix + java.lang.Integer.toString(counter)) + .png)): null

2018-12-07 11:59:03 - [TEST_STEP][PASSED] - Statement - counter = counter + 1: null

2018-12-07 11:59:03 - [TEST_STEP][PASSED] - Statement - PreSaveFile = new java.io.File(((pathPrefix + java.lang.Integer.toString(counter)) + .png)): null

2018-12-07 11:59:03 - [TEST_STEP][PASSED] - Statement - counter = counter + 1: null

2018-12-07 11:59:03 - [TEST_STEP][PASSED] - Statement - PreSaveFile = new java.io.File(((pathPrefix + java.lang.Integer.toString(counter)) + .png)): null

2018-12-07 11:59:03 - [TEST_STEP][PASSED] - Statement - counter = counter + 1: null

2018-12-07 11:59:03 - [TEST_STEP][PASSED] - Statement - PreSaveFile = new java.io.File(((pathPrefix + java.lang.Integer.toString(counter)) + .png)): null

2018-12-07 11:59:03 - [TEST_STEP][PASSED] - Statement - counter = counter + 1: null

2018-12-07 11:59:03 - [TEST_STEP][PASSED] - Statement - PreSaveFile = new java.io.File(((pathPrefix + java.lang.Integer.toString(counter)) + .png)): null

2018-12-07 11:59:03 - [TEST_STEP][PASSED] - Statement - counter = counter + 1: null

2018-12-07 11:59:03 - [TEST_STEP][PASSED] - Statement - PreSaveFile = new java.io.File(((pathPrefix + java.lang.Integer.toString(counter)) + .png)): null

2018-12-07 11:59:03 - [TEST_STEP][PASSED] - Statement - counter = counter + 1: null

2018-12-07 11:59:03 - [TEST_STEP][PASSED] - Statement - PreSaveFile = new java.io.File(((pathPrefix + java.lang.Integer.toString(counter)) + .png)): null

2018-12-07 11:59:03 - [TEST_STEP][PASSED] - Statement - counter = counter + 1: null

2018-12-07 11:59:03 - [TEST_STEP][PASSED] - Statement - PreSaveFile = new java.io.File(((pathPrefix + java.lang.Integer.toString(counter)) + .png)): null

2018-12-07 11:59:03 - [TEST_STEP][PASSED] - Statement - counter = counter + 1: null

2018-12-07 11:59:03 - [TEST_STEP][PASSED] - Statement - PreSaveFile = new java.io.File(((pathPrefix + java.lang.Integer.toString(counter)) + .png)): null

2018-12-07 11:59:03 - [TEST_STEP][PASSED] - Statement - counter = counter + 1: null

2018-12-07 11:59:03 - [TEST_STEP][PASSED] - Statement - PreSaveFile = new java.io.File(((pathPrefix + java.lang.Integer.toString(counter)) + .png)): null

2018-12-07 11:59:03 - [TEST_STEP][PASSED] - Statement - counter = counter + 1: null

2018-12-07 11:59:03 - [TEST_STEP][PASSED] - Statement - PreSaveFile = new java.io.File(((pathPrefix + java.lang.Integer.toString(counter)) + .png)): null

2018-12-07 11:59:03 - [TEST_STEP][PASSED] - Statement - counter = counter + 1: null

2018-12-07 11:59:03 - [TEST_STEP][PASSED] - Statement - PreSaveFile = new java.io.File(((pathPrefix + java.lang.Integer.toString(counter)) + .png)): null

2018-12-07 11:59:03 - [TEST_STEP][PASSED] - Statement - counter = counter + 1: null

2018-12-07 11:59:03 - [TEST_STEP][PASSED] - Statement - PreSaveFile = new java.io.File(((pathPrefix + java.lang.Integer.toString(counter)) + .png)): null

2018-12-07 11:59:04 - [TEST_STEP][PASSED] - Statement - counter = counter + 1: null

2018-12-07 11:59:04 - [TEST_STEP][PASSED] - Statement - PreSaveFile = new java.io.File(((pathPrefix + java.lang.Integer.toString(counter)) + .png)): null

2018-12-07 11:59:04 - [TEST_STEP][PASSED] - Statement - counter = counter + 1: null

2018-12-07 11:59:04 - [TEST_STEP][PASSED] - Statement - PreSaveFile = new java.io.File(((pathPrefix + java.lang.Integer.toString(counter)) + .png)): null

2018-12-07 11:59:04 - [TEST_STEP][PASSED] - Statement - counter = counter + 1: null

2018-12-07 11:59:04 - [TEST_STEP][PASSED] - Statement - PreSaveFile = new java.io.File(((pathPrefix + java.lang.Integer.toString(counter)) + .png)): null

2018-12-07 11:59:04 - [TEST_STEP][PASSED] - Statement - counter = counter + 1: null

2018-12-07 11:59:04 - [TEST_STEP][PASSED] - Statement - PreSaveFile = new java.io.File(((pathPrefix + java.lang.Integer.toString(counter)) + .png)): null

2018-12-07 11:59:04 - [TEST_STEP][PASSED] - Statement - counter = counter + 1: null

2018-12-07 11:59:04 - [TEST_STEP][PASSED] - Statement - PreSaveFile = new java.io.File(((pathPrefix + java.lang.Integer.toString(counter)) + .png)): null

2018-12-07 11:59:04 - [TEST_STEP][PASSED] - Statement - counter = counter + 1: null

2018-12-07 11:59:04 - [TEST_STEP][PASSED] - Statement - PreSaveFile = new java.io.File(((pathPrefix + java.lang.Integer.toString(counter)) + .png)): null

2018-12-07 11:59:04 - [TEST_STEP][PASSED] - Statement - counter = counter + 1: null

2018-12-07 11:59:04 - [TEST_STEP][PASSED] - Statement - PreSaveFile = new java.io.File(((pathPrefix + java.lang.Integer.toString(counter)) + .png)): null

2018-12-07 11:59:04 - [TEST_STEP][PASSED] - Statement - counter = counter + 1: null

2018-12-07 11:59:04 - [TEST_STEP][PASSED] - Statement - PreSaveFile = new java.io.File(((pathPrefix + java.lang.Integer.toString(counter)) + .png)): null

2018-12-07 11:59:04 - [TEST_STEP][PASSED] - Statement - counter = counter + 1: null

2018-12-07 11:59:04 - [TEST_STEP][PASSED] - Statement - PreSaveFile = new java.io.File(((pathPrefix + java.lang.Integer.toString(counter)) + .png)): null

2018-12-07 11:59:04 - [TEST_STEP][PASSED] - Statement - counter = counter + 1: null

2018-12-07 11:59:04 - [TEST_STEP][PASSED] - Statement - PreSaveFile = new java.io.File(((pathPrefix + java.lang.Integer.toString(counter)) + .png)): null

2018-12-07 11:59:04 - [TEST_STEP][PASSED] - Statement - counter = counter + 1: null

2018-12-07 11:59:04 - [TEST_STEP][PASSED] - Statement - PreSaveFile = new java.io.File(((pathPrefix + java.lang.Integer.toString(counter)) + .png)): null

2018-12-07 11:59:04 - [TEST_STEP][PASSED] - Statement - counter = counter + 1: null

2018-12-07 11:59:04 - [TEST_STEP][PASSED] - Statement - PreSaveFile = new java.io.File(((pathPrefix + java.lang.Integer.toString(counter)) + .png)): null

2018-12-07 11:59:04 - [TEST_STEP][PASSED] - Statement - counter = counter + 1: null

2018-12-07 11:59:04 - [TEST_STEP][PASSED] - Statement - PreSaveFile = new java.io.File(((pathPrefix + java.lang.Integer.toString(counter)) + .png)): null

2018-12-07 11:59:04 - [TEST_STEP][PASSED] - Statement - counter = counter + 1: null

2018-12-07 11:59:04 - [TEST_STEP][PASSED] - Statement - PreSaveFile = new java.io.File(((pathPrefix + java.lang.Integer.toString(counter)) + .png)): null

2018-12-07 11:59:04 - [TEST_STEP][PASSED] - Statement - counter = counter + 1: null

2018-12-07 11:59:05 - [TEST_STEP][PASSED] - Statement - PreSaveFile = new java.io.File(((pathPrefix + java.lang.Integer.toString(counter)) + .png)): null

2018-12-07 11:59:05 - [TEST_STEP][PASSED] - Statement - counter = counter + 1: null

2018-12-07 11:59:05 - [TEST_STEP][PASSED] - Statement - PreSaveFile = new java.io.File(((pathPrefix + java.lang.Integer.toString(counter)) + .png)): null

2018-12-07 11:59:05 - [TEST_STEP][PASSED] - Statement - counter = counter + 1: null

2018-12-07 11:59:05 - [TEST_STEP][PASSED] - Statement - PreSaveFile = new java.io.File(((pathPrefix + java.lang.Integer.toString(counter)) + .png)): null

2018-12-07 11:59:05 - [TEST_STEP][PASSED] - Statement - counter = counter + 1: null

2018-12-07 11:59:05 - [TEST_STEP][PASSED] - Statement - PreSaveFile = new java.io.File(((pathPrefix + java.lang.Integer.toString(counter)) + .png)): null

2018-12-07 11:59:05 - [TEST_STEP][PASSED] - Statement - counter = counter + 1: null

2018-12-07 11:59:05 - [TEST_STEP][PASSED] - Statement - PreSaveFile = new java.io.File(((pathPrefix + java.lang.Integer.toString(counter)) + .png)): null

2018-12-07 11:59:05 - [TEST_STEP][PASSED] - Statement - counter = counter + 1: null

2018-12-07 11:59:05 - [TEST_STEP][PASSED] - Statement - PreSaveFile = new java.io.File(((pathPrefix + java.lang.Integer.toString(counter)) + .png)): null

2018-12-07 11:59:05 - [TEST_STEP][PASSED] - Statement - counter = counter + 1: null

2018-12-07 11:59:05 - [TEST_STEP][PASSED] - Statement - PreSaveFile = new java.io.File(((pathPrefix + java.lang.Integer.toString(counter)) + .png)): null

2018-12-07 11:59:05 - [TEST_STEP][PASSED] - Statement - counter = counter + 1: null

2018-12-07 11:59:05 - [TEST_STEP][PASSED] - Statement - PreSaveFile = new java.io.File(((pathPrefix + java.lang.Integer.toString(counter)) + .png)): null

2018-12-07 11:59:05 - [TEST_STEP][PASSED] - Statement - finalPath = pathPrefix + java.lang.Integer.toString(counter) + ".png": null

2018-12-07 11:59:05 - [TEST_STEP][PASSED] - Statement - SaveFile = new java.io.File(finalPath): null

2018-12-07 11:59:05 - [TEST_STEP][PASSED] - Statement - Try: null

2018-12-07 11:59:05 - [TEST_STEP][PASSED] - Statement - org.apache.commons.io.FileUtils.copyFile(scrFile, SaveFile): null

2018-12-07 11:59:05 - [TEST_STEP][PASSED] - Statement - out.println("file kept"): null

2018-12-07 11:59:05 - [TEST_STEP][PASSED] - delay: Delayed 10 second(s)

2018-12-07 11:59:15 - [MESSAGE][PASSED] - Delayed 10 second(s)

2018-12-07 11:59:15 - [MESSAGE][PASSED] - Call Test Case 'Test Cases/Final Aug 2018 - PKS Automation/Common/Screenshoting tool' successfully

2018-12-07 11:59:15 - [TEST_STEP][PASSED] - callTestCase: Call Test Case 'Test Cases/Final Aug 2018 - PKS Automation/Registration Module/Log Out/log out avoiding katalon tagging' successfully

2018-12-07 11:59:15 - [TEST_CASE][PASSED] - Test Cases/Final Aug 2018 - PKS Automation/Registration Module/Log Out/log out avoiding katalon tagging: Test Cases/Final Aug 2018 - PKS Automation/Registration Module/Log Out/log out avoiding katalon tagging

2018-12-07 11:59:15 - [TEST_STEP][PASSED] - navigateToUrl: Navigate to 'https://assist2-uat.perkeso.gov.my/c/portal/logout' successfully

2018-12-07 11:59:16 - [MESSAGE][PASSED] - Navigate to 'https://assist2-uat.perkeso.gov.my/c/portal/logout' successfully

2018-12-07 11:59:16 - [MESSAGE][PASSED] - Call Test Case 'Test Cases/Final Aug 2018 - PKS Automation/Registration Module/Log Out/log out avoiding katalon tagging' successfully

2018-12-07 11:59:16 - [TEST_STEP][PASSED] - delay: Delayed 4 second(s)

2018-12-07 11:59:20 - [MESSAGE][PASSED] - Delayed 4 second(s)

2018-12-07 11:59:20 - [TEST_STEP][PASSED] - setText: Text 'klpkrbo2@gmail.com' is set on object 'Object Repository/Final Object Repo/Login Page/Internal User/Email Address'

2018-12-07 11:59:20 - [MESSAGE][PASSED] - Text 'klpkrbo2@gmail.com' is set on object 'Object Repository/Final Object Repo/Login Page/Internal User/Email Address'

2018-12-07 11:59:20 - [TEST_STEP][PASSED] - click: Object: 'Object Repository/Final Object Repo/Login Page/Internal User/Next Button' is clicked on

2018-12-07 11:59:21 - [MESSAGE][PASSED] - Object: 'Object Repository/Final Object Repo/Login Page/Internal User/Next Button' is clicked on

2018-12-07 11:59:21 - [TEST_STEP][PASSED] - delay: Delayed 2 second(s)

2018-12-07 11:59:23 - [MESSAGE][PASSED] - Delayed 2 second(s)

2018-12-07 11:59:23 - [TEST_STEP][PASSED] - setText: Text 'Test1@3456789' is set on object 'Object Repository/Final Object Repo/Login Page/Internal User/Password'

2018-12-07 11:59:23 - [MESSAGE][PASSED] - Text 'Test1@3456789' is set on object 'Object Repository/Final Object Repo/Login Page/Internal User/Password'

2018-12-07 11:59:23 - [TEST_STEP][PASSED] - delay: Delayed 2 second(s)

2018-12-07 11:59:25 - [MESSAGE][PASSED] - Delayed 2 second(s)

2018-12-07 11:59:25 - [TEST_STEP][PASSED] - click: Object: 'Object Repository/Final Object Repo/Login Page/Internal User/Login Button' is clicked on

2018-12-07 11:59:25 - [MESSAGE][PASSED] - Object: 'Object Repository/Final Object Repo/Login Page/Internal User/Login Button' is clicked on

2018-12-07 11:59:25 - [TEST_STEP][PASSED] - delay: Delayed 4 second(s)

2018-12-07 11:59:29 - [MESSAGE][PASSED] - Delayed 4 second(s)

2018-12-07 11:59:29 - [TEST_STEP][PASSED] - Statement - Try: Delayed 2 second(s)

2018-12-07 11:59:29 - [TEST_STEP][PASSED] - Statement - Checker = false: null

2018-12-07 11:59:29 - [TEST_STEP][PASSED] - Statement - Checker = com.kms.katalon.core.webui.keyword.WebUiBuiltInKeywords.verifyElementHasAttribute(com.kms.katalon.core.testobject.ObjectRepository.findTestObject(Final Object Repo/Landing Page/BM Detecting), "href", 20, OPTIONAL): Object 'Object Repository/Final Object Repo/Landing Page/BM Detecting' has attribute 'href'

2018-12-07 11:59:29 - [MESSAGE][PASSED] - Object 'Object Repository/Final Object Repo/Landing Page/BM Detecting' has attribute 'href'

2018-12-07 11:59:29 - [TEST_STEP][PASSED] - Statement - out.println(Checker): null

2018-12-07 11:59:29 - [TEST_STEP][PASSED] - Statement - If (Checker == false): null

2018-12-07 11:59:29 - [TEST_STEP][PASSED] - Statement - Else: null

2018-12-07 11:59:29 - [TEST_STEP][PASSED] - delay: Delayed 2 second(s)

2018-12-07 11:59:31 - [MESSAGE][PASSED] - Delayed 2 second(s)

2018-12-07 11:59:31 - [TEST_STEP][PASSED] - delay: Delayed 4 second(s)

2018-12-07 11:59:35 - [MESSAGE][PASSED] - Delayed 4 second(s)

2018-12-07 11:59:35 - [TEST_STEP][PASSED] - click: Object: 'Object Repository/Final Object Repo/Landing Page/My Sites Drop Down' is clicked on

2018-12-07 11:59:35 - [MESSAGE][PASSED] - Object: 'Object Repository/Final Object Repo/Landing Page/My Sites Drop Down' is clicked on

2018-12-07 11:59:35 - [TEST_STEP][PASSED] - click: Object: 'Object Repository/Final Object Repo/Landing Page/Select to Registration Module' is clicked on

2018-12-07 11:59:36 - [MESSAGE][PASSED] - Object: 'Object Repository/Final Object Repo/Landing Page/Select to Registration Module' is clicked on

2018-12-07 11:59:36 - [TEST_STEP][PASSED] - delay: Delayed 2 second(s)

2018-12-07 11:59:38 - [MESSAGE][PASSED] - Delayed 2 second(s)

2018-12-07 11:59:38 - [TEST_STEP][PASSED] - mouseOver: Object: 'Object Repository/Final Object Repo/Page_Update Add New Employee - ASSIST/Hover Over Search Drop Down' is hovered

2018-12-07 11:59:38 - [MESSAGE][PASSED] - Object: 'Object Repository/Final Object Repo/Page_Update Add New Employee - ASSIST/Hover Over Search Drop Down' is hovered

2018-12-07 11:59:38 - [TEST_STEP][PASSED] - click: Object: 'Object Repository/Final Object Repo/Page_Update Add New Employee - ASSIST/Select Search Pending Case' is clicked on

2018-12-07 11:59:39 - [MESSAGE][PASSED] - Object: 'Object Repository/Final Object Repo/Page_Update Add New Employee - ASSIST/Select Search Pending Case' is clicked on

2018-12-07 11:59:39 - [TEST_STEP][PASSED] - click: Object: 'Object Repository/Final Object Repo/Page_Update Add New Employee - ASSIST/Select Searching Method (Employer Code)' is clicked on

2018-12-07 11:59:39 - [MESSAGE][PASSED] - Object: 'Object Repository/Final Object Repo/Page_Update Add New Employee - ASSIST/Select Searching Method (Employer Code)' is clicked on

2018-12-07 11:59:39 - [TEST_STEP][PASSED] - click: Object: 'Object Repository/Final Object Repo/Page_Update Add New Employee - ASSIST/Select Searching Method to Reference ID' is clicked on

2018-12-07 11:59:40 - [MESSAGE][PASSED] - Object: 'Object Repository/Final Object Repo/Page_Update Add New Employee - ASSIST/Select Searching Method to Reference ID' is clicked on

2018-12-07 11:59:40 - [TEST_STEP][PASSED] - delay: Delayed 2 second(s)

2018-12-07 11:59:42 - [MESSAGE][PASSED] - Delayed 2 second(s)

2018-12-07 11:59:42 - [TEST_STEP][PASSED] - setText: Text 'CAN12201800002288' is set on object 'Object Repository/Final Object Repo/Page_Update Add New Employee - ASSIST/Pending Case Ref NO'

2018-12-07 11:59:42 - [MESSAGE][PASSED] - Text 'CAN12201800002288' is set on object 'Object Repository/Final Object Repo/Page_Update Add New Employee - ASSIST/Pending Case Ref NO'

2018-12-07 11:59:42 - [TEST_STEP][PASSED] - click: Object: 'Object Repository/Final Object Repo/Page_Update Add New Employee - ASSIST/Search Pending Case Based on Ref No' is clicked on

2018-12-07 11:59:42 - [MESSAGE][PASSED] - Object: 'Object Repository/Final Object Repo/Page_Update Add New Employee - ASSIST/Search Pending Case Based on Ref No' is clicked on

2018-12-07 11:59:42 - [TEST_STEP][PASSED] - click: Object: 'Object Repository/Final Object Repo/Page_Update Add New Employee - ASSIST/Action Button after found case' is clicked on

2018-12-07 11:59:46 - [MESSAGE][PASSED] - Object: 'Object Repository/Final Object Repo/Page_Update Add New Employee - ASSIST/Action Button after found case' is clicked on

2018-12-07 11:59:46 - [TEST_STEP][PASSED] - click: Object: 'Object Repository/Final Object Repo/Page_Update Add New Employee - ASSIST/Next Button in Pending Case First Page' is clicked on

2018-12-07 11:59:47 - [MESSAGE][PASSED] - Object: 'Object Repository/Final Object Repo/Page_Update Add New Employee - ASSIST/Next Button in Pending Case First Page' is clicked on

2018-12-07 11:59:47 - [TEST_STEP][PASSED] - click: Object: 'Object Repository/Final Object Repo/Page_Update Add New Employee - ASSIST/Next Button in Third Screen' is clicked on

2018-12-07 11:59:50 - [MESSAGE][PASSED] - Object: 'Object Repository/Final Object Repo/Page_Update Add New Employee - ASSIST/Next Button in Third Screen' is clicked on

2018-12-07 11:59:50 - [TEST_STEP][PASSED] - click: Object: 'Object Repository/Final Object Repo/Page_Update Add New Employee - ASSIST/Add Document for Pending Case' is clicked on

2018-12-07 11:59:50 - [MESSAGE][PASSED] - Object: 'Object Repository/Final Object Repo/Page_Update Add New Employee - ASSIST/Add Document for Pending Case' is clicked on

2018-12-07 11:59:50 - [TEST_STEP][PASSED] - delay: Delayed 10 second(s)

2018-12-07 12:00:00 - [MESSAGE][PASSED] - Delayed 10 second(s)

2018-12-07 12:00:00 - [TEST_STEP][PASSED] - click: Object: 'Object Repository/Final Object Repo/Page_Update Add New Employee - ASSIST/Upload Pending Doc - Please Select' is clicked on

2018-12-07 12:00:01 - [MESSAGE][PASSED] - Object: 'Object Repository/Final Object Repo/Page_Update Add New Employee - ASSIST/Upload Pending Doc - Please Select' is clicked on

2018-12-07 12:00:01 - [TEST_STEP][PASSED] - click: Object: 'Object Repository/Final Object Repo/Page_Update Add New Employee - ASSIST/Select to Others to Upload' is clicked on

2018-12-07 12:00:01 - [MESSAGE][PASSED] - Object: 'Object Repository/Final Object Repo/Page_Update Add New Employee - ASSIST/Select to Others to Upload' is clicked on

2018-12-07 12:00:01 - [TEST_STEP][PASSED] - uploadFile: File 'C:\Users\Public\Pictures\Sample Pictures\Koala.jpg' sent to object: 'Object Repository/Final Object Repo/Page_Update Add New Employee - ASSIST/Uploading Pending Case Action'

2018-12-07 12:00:01 - [MESSAGE][PASSED] - File 'C:\Users\Public\Pictures\Sample Pictures\Koala.jpg' sent to object: 'Object Repository/Final Object Repo/Page_Update Add New Employee - ASSIST/Uploading Pending Case Action'

2018-12-07 12:00:01 - [TEST_STEP][PASSED] - click: Object: 'Object Repository/Final Object Repo/Page_Update Add New Employee - ASSIST/Inner form Add Document Button Pending Case' is clicked on

2018-12-07 12:00:01 - [MESSAGE][PASSED] - Object: 'Object Repository/Final Object Repo/Page_Update Add New Employee - ASSIST/Inner form Add Document Button Pending Case' is clicked on

2018-12-07 12:00:01 - [TEST_STEP][PASSED] - delay: Delayed 2 second(s)

2018-12-07 12:00:03 - [MESSAGE][PASSED] - Delayed 2 second(s)

2018-12-07 12:00:03 - [TEST_STEP][PASSED] - click: Object: 'Object Repository/Final Object Repo/Page_Update Add New Employee - ASSIST/Pending Case Exit' is clicked on

2018-12-07 12:00:06 - [MESSAGE][PASSED] - Object: 'Object Repository/Final Object Repo/Page_Update Add New Employee - ASSIST/Pending Case Exit' is clicked on

2018-12-07 12:00:06 - [TEST_STEP][PASSED] - callTestCase: Call Test Case 'Test Cases/Final Aug 2018 - PKS Automation/Registration Module/Log Out/log out avoiding katalon tagging' successfully

2018-12-07 12:00:06 - [TEST_CASE][PASSED] - Test Cases/Final Aug 2018 - PKS Automation/Registration Module/Log Out/log out avoiding katalon tagging: Test Cases/Final Aug 2018 - PKS Automation/Registration Module/Log Out/log out avoiding katalon tagging

2018-12-07 12:00:06 - [TEST_STEP][PASSED] - navigateToUrl: Navigate to 'https://assist2-uat.perkeso.gov.my/c/portal/logout' successfully

2018-12-07 12:00:06 - [MESSAGE][PASSED] - Navigate to 'https://assist2-uat.perkeso.gov.my/c/portal/logout' successfully

2018-12-07 12:00:06 - [MESSAGE][PASSED] - Call Test Case 'Test Cases/Final Aug 2018 - PKS Automation/Registration Module/Log Out/log out avoiding katalon tagging' successfully

2018-12-07 12:00:06 - [TEST_STEP][PASSED] - callTestCase: Call Test Case 'Test Cases/Final Aug 2018 - PKS Automation/Common/Workflow Owner Finder' successfully

2018-12-07 12:00:06 - [TEST_CASE][PASSED] - Test Cases/Final Aug 2018 - PKS Automation/Common/Workflow Owner Finder: Test Cases/Final Aug 2018 - PKS Automation/Common/Workflow Owner Finder

2018-12-07 12:00:06 - [TEST_STEP][PASSED] - openBrowser: Browser is opened with url: ''

2018-12-07 12:00:06 - [MESSAGE][WARNING] - A browser is already opened. Closing browser and opening a new one

2018-12-07 12:00:09 - [MESSAGE][PASSED] - Browser is opened with url: ''

2018-12-07 12:00:09 - [TEST_STEP][PASSED] - navigateToUrl: Navigate to 'https://assist2-uat.perkeso.gov.my/login' successfully

2018-12-07 12:00:11 - [MESSAGE][PASSED] - Navigate to 'https://assist2-uat.perkeso.gov.my/login' successfully

2018-12-07 12:00:11 - [TEST_STEP][PASSED] - delay: Delayed 5 second(s)

2018-12-07 12:00:16 - [MESSAGE][PASSED] - Delayed 5 second(s)

2018-12-07 12:00:16 - [TEST_STEP][PASSED] - setText: Text 'test@liferay.com' is set on object 'Object Repository/Final Object Repo/Login Page/Internal User/Email Address'

2018-12-07 12:00:16 - [MESSAGE][PASSED] - Text 'test@liferay.com' is set on object 'Object Repository/Final Object Repo/Login Page/Internal User/Email Address'

2018-12-07 12:00:16 - [TEST_STEP][PASSED] - click: Object: 'Object Repository/Final Object Repo/Login Page/Internal User/Next Button' is clicked on

2018-12-07 12:00:16 - [MESSAGE][PASSED] - Object: 'Object Repository/Final Object Repo/Login Page/Internal User/Next Button' is clicked on

2018-12-07 12:00:16 - [TEST_STEP][PASSED] - delay: Delayed 2 second(s)

2018-12-07 12:00:18 - [MESSAGE][PASSED] - Delayed 2 second(s)

2018-12-07 12:00:18 - [TEST_STEP][PASSED] - setText: Text 'test' is set on object 'Object Repository/Final Object Repo/Login Page/Internal User/Password'

2018-12-07 12:00:18 - [MESSAGE][PASSED] - Text 'test' is set on object 'Object Repository/Final Object Repo/Login Page/Internal User/Password'

2018-12-07 12:00:18 - [TEST_STEP][PASSED] - delay: Delayed 2 second(s)

2018-12-07 12:00:20 - [MESSAGE][PASSED] - Delayed 2 second(s)

2018-12-07 12:00:20 - [TEST_STEP][PASSED] - click: Object: 'Object Repository/Final Object Repo/Login Page/Internal User/Login Button' is clicked on

2018-12-07 12:00:21 - [MESSAGE][PASSED] - Object: 'Object Repository/Final Object Repo/Login Page/Internal User/Login Button' is clicked on

2018-12-07 12:00:21 - [TEST_STEP][PASSED] - Statement - tester = com.kms.katalon.core.testobject.ObjectRepository.findTestObject(Final Object Repo/Landing Page/Select to English): Finding Test Object with id 'Object Repository/Final Object Repo/Landing Page/Select to English'

2018-12-07 12:00:21 - [TEST_STEP][PASSED] - Statement - Try: Delayed 2 second(s)

2018-12-07 12:00:21 - [TEST_STEP][PASSED] - Statement - Checker = com.kms.katalon.core.webui.keyword.WebUiBuiltInKeywords.verifyElementNotPresent(tester, 3): Web element with id: 'Object Repository/Final Object Repo/Landing Page/Select to English' located by 'By.xpath: //a[@class = 'taglib-language-list-text' and @lang = 'en-US' and (contains(text(), 'EN') or contains(., 'EN'))]' is not present after '3' second(s)

2018-12-07 12:00:22 - [MESSAGE][PASSED] - Web element with id: 'Object Repository/Final Object Repo/Landing Page/Select to English' located by 'By.xpath: //a[@class = 'taglib-language-list-text' and @lang = 'en-US' and (contains(text(), 'EN') or contains(., 'EN'))]' is not present after '3' second(s)

2018-12-07 12:00:22 - [TEST_STEP][PASSED] - Statement - If (Checker == false): null

2018-12-07 12:00:22 - [TEST_STEP][PASSED] - delay: Delayed 2 second(s)

2018-12-07 12:00:24 - [MESSAGE][PASSED] - Delayed 2 second(s)

2018-12-07 12:00:24 - [TEST_STEP][PASSED] - delay: Delayed 5 second(s)

2018-12-07 12:00:29 - [MESSAGE][PASSED] - Delayed 5 second(s)

2018-12-07 12:00:29 - [TEST_STEP][PASSED] - mouseOver: Object: 'Object Repository/Final Object Repo/Landing Page/WorkFlow Menu' is hovered

2018-12-07 12:00:29 - [MESSAGE][PASSED] - Object: 'Object Repository/Final Object Repo/Landing Page/WorkFlow Menu' is hovered

2018-12-07 12:00:29 - [TEST_STEP][PASSED] - delay: Delayed 2 second(s)

2018-12-07 12:00:31 - [MESSAGE][PASSED] - Delayed 2 second(s)

2018-12-07 12:00:31 - [TEST_STEP][PASSED] - click: Object: 'Object Repository/Final Object Repo/Landing Page/Select to Workflow Listing' is clicked on

2018-12-07 12:00:33 - [MESSAGE][PASSED] - Object: 'Object Repository/Final Object Repo/Landing Page/Select to Workflow Listing' is clicked on

2018-12-07 12:00:33 - [TEST_STEP][PASSED] - delay: Delayed 2 second(s)

2018-12-07 12:00:35 - [MESSAGE][PASSED] - Delayed 2 second(s)

2018-12-07 12:00:35 - [TEST_STEP][PASSED] - click: Object: 'Object Repository/Final Object Repo/WorkFlow Listing Page/Search Information - To Put Ref No' is clicked on

2018-12-07 12:00:35 - [MESSAGE][PASSED] - Object: 'Object Repository/Final Object Repo/WorkFlow Listing Page/Search Information - To Put Ref No' is clicked on

2018-12-07 12:00:35 - [TEST_STEP][PASSED] - delay: Delayed 2 second(s)

2018-12-07 12:00:37 - [MESSAGE][PASSED] - Delayed 2 second(s)

2018-12-07 12:00:37 - [TEST_STEP][PASSED] - callTestCase: Call Test Case 'Test Cases/Final Aug 2018 - PKS Automation/Common/Reference Number Getter' successfully

2018-12-07 12:00:37 - [TEST_CASE][PASSED] - Test Cases/Final Aug 2018 - PKS Automation/Common/Reference Number Getter: Test Cases/Final Aug 2018 - PKS Automation/Common/Reference Number Getter

2018-12-07 12:00:37 - [TEST_STEP][PASSED] - Statement - Try: null

2018-12-07 12:00:37 - [TEST_STEP][PASSED] - Statement - RefNo = new java.io.File(C://Users//Admin//Desktop//PKS//Automation Reference Point//KatalonReference.txt): null

2018-12-07 12:00:37 - [TEST_STEP][PASSED] - Statement - bufferread = new java.io.BufferedReader(new java.io.FileReader(RefNo)): null

2018-12-07 12:00:37 - [TEST_STEP][PASSED] - Statement - readedVal = bufferread.readLine(): null

2018-12-07 12:00:37 - [TEST_STEP][PASSED] - Statement - out.println(CaseReferenceNo): null

2018-12-07 12:00:37 - [TEST_STEP][PASSED] - Statement - out.println(readedVal): null

2018-12-07 12:00:37 - [TEST_STEP][PASSED] - Statement - CaseReferenceNo = "": null

2018-12-07 12:00:37 - [TEST_STEP][PASSED] - Statement - CaseReferenceNo = readedVal: null

2018-12-07 12:00:37 - [MESSAGE][PASSED] - Call Test Case 'Test Cases/Final Aug 2018 - PKS Automation/Common/Reference Number Getter' successfully

2018-12-07 12:00:37 - [TEST_STEP][PASSED] - setText: Text 'CAN12201800002288' is set on object 'Object Repository/Final Object Repo/WorkFlow Listing Page/Ref No Set Text'

2018-12-07 12:00:37 - [MESSAGE][PASSED] - Text 'CAN12201800002288' is set on object 'Object Repository/Final Object Repo/WorkFlow Listing Page/Ref No Set Text'

2018-12-07 12:00:37 - [TEST_STEP][PASSED] - delay: Delayed 2 second(s)

2018-12-07 12:00:39 - [MESSAGE][PASSED] - Delayed 2 second(s)

2018-12-07 12:00:39 - [TEST_STEP][PASSED] - click: Object: 'Object Repository/Final Object Repo/WorkFlow Listing Page/Search Ref No Search Button' is clicked on

2018-12-07 12:00:40 - [MESSAGE][PASSED] - Object: 'Object Repository/Final Object Repo/WorkFlow Listing Page/Search Ref No Search Button' is clicked on

2018-12-07 12:00:40 - [TEST_STEP][PASSED] - delay: Delayed 6 second(s)

2018-12-07 12:00:46 - [MESSAGE][PASSED] - Delayed 6 second(s)

2018-12-07 12:00:46 - [TEST_STEP][PASSED] - click: Object: 'Object Repository/Final Object Repo/WorkFlow Listing Page/Click Continue Tooltip' is clicked on

2018-12-07 12:00:47 - [MESSAGE][PASSED] - Object: 'Object Repository/Final Object Repo/WorkFlow Listing Page/Click Continue Tooltip' is clicked on

2018-12-07 12:00:47 - [TEST_STEP][PASSED] - delay: Delayed 5 second(s)

2018-12-07 12:00:52 - [MESSAGE][PASSED] - Delayed 5 second(s)

2018-12-07 12:00:52 - [TEST_STEP][PASSED] - doubleClick: Object: 'Object Repository/Final Object Repo/WorkFlow Listing Page/Workflow Found - Listing 1' is double clicked on

2018-12-07 12:00:52 - [MESSAGE][PASSED] - Object: 'Object Repository/Final Object Repo/WorkFlow Listing Page/Workflow Found - Listing 1' is double clicked on

2018-12-07 12:00:52 - [TEST_STEP][PASSED] - Statement - println(OwnerID): null

2018-12-07 12:00:52 - [TEST_STEP][PASSED] - Statement - OwnerID = com.kms.katalon.core.webui.keyword.WebUiBuiltInKeywords.getText(com.kms.katalon.core.testobject.ObjectRepository.findTestObject(Final Object Repo/WorkFlow Listing Page/Workflow Found - Listing 1), STOP_ON_FAILURE): Text of object 'Object Repository/Final Object Repo/WorkFlow Listing Page/Workflow Found - Listing 1' is: 'JOHORro2'

2018-12-07 12:00:52 - [MESSAGE][PASSED] - Text of object 'Object Repository/Final Object Repo/WorkFlow Listing Page/Workflow Found - Listing 1' is: 'JOHORro2'

2018-12-07 12:00:52 - [TEST_STEP][PASSED] - Statement - OwnerID = OwnerID.toLowerCase() + "@gmail.com": null

2018-12-07 12:00:52 - [TEST_STEP][PASSED] - Statement - println(OwnerID): null

2018-12-07 12:00:52 - [TEST_STEP][PASSED] - delay: Delayed 2 second(s)

2018-12-07 12:00:54 - [MESSAGE][PASSED] - Delayed 2 second(s)

2018-12-07 12:00:54 - [MESSAGE][PASSED] - Call Test Case 'Test Cases/Final Aug 2018 - PKS Automation/Common/Workflow Owner Finder' successfully

2018-12-07 12:00:54 - [TEST_STEP][PASSED] - callTestCase: Call Test Case 'Test Cases/Final Aug 2018 - PKS Automation/Registration Module/Log Out/log out avoiding katalon tagging' successfully

2018-12-07 12:00:54 - [TEST_CASE][PASSED] - Test Cases/Final Aug 2018 - PKS Automation/Registration Module/Log Out/log out avoiding katalon tagging: Test Cases/Final Aug 2018 - PKS Automation/Registration Module/Log Out/log out avoiding katalon tagging

2018-12-07 12:00:54 - [TEST_STEP][PASSED] - navigateToUrl: Navigate to 'https://assist2-uat.perkeso.gov.my/c/portal/logout' successfully

2018-12-07 12:00:55 - [MESSAGE][PASSED] - Navigate to 'https://assist2-uat.perkeso.gov.my/c/portal/logout' successfully

2018-12-07 12:00:55 - [MESSAGE][PASSED] - Call Test Case 'Test Cases/Final Aug 2018 - PKS Automation/Registration Module/Log Out/log out avoiding katalon tagging' successfully

2018-12-07 12:00:55 - [TEST_STEP][PASSED] - delay: Delayed 2 second(s)

2018-12-07 12:00:57 - [MESSAGE][PASSED] - Delayed 2 second(s)

2018-12-07 12:00:57 - [TEST_STEP][PASSED] - setText: Text 'johorro2@gmail.com' is set on object 'Object Repository/Final Object Repo/Page_Update Add New Employee - ASSIST/Email TextBox'

2018-12-07 12:00:57 - [MESSAGE][PASSED] - Text 'johorro2@gmail.com' is set on object 'Object Repository/Final Object Repo/Page_Update Add New Employee - ASSIST/Email TextBox'

2018-12-07 12:00:57 - [TEST_STEP][PASSED] - click: Object: 'Object Repository/Final Object Repo/Page_Update Add New Employee - ASSIST/Next Button' is clicked on

2018-12-07 12:00:57 - [MESSAGE][PASSED] - Object: 'Object Repository/Final Object Repo/Page_Update Add New Employee - ASSIST/Next Button' is clicked on

2018-12-07 12:00:57 - [TEST_STEP][PASSED] - delay: Delayed 2 second(s)

2018-12-07 12:00:59 - [MESSAGE][PASSED] - Delayed 2 second(s)

2018-12-07 12:00:59 - [TEST_STEP][PASSED] - setText: Text 'Test1@3456789' is set on object 'Object Repository/Final Object Repo/Page_Update Add New Employee - ASSIST/Password TextBox'

2018-12-07 12:01:00 - [MESSAGE][PASSED] - Text 'Test1@3456789' is set on object 'Object Repository/Final Object Repo/Page_Update Add New Employee - ASSIST/Password TextBox'

2018-12-07 12:01:00 - [TEST_STEP][PASSED] - delay: Delayed 2 second(s)

2018-12-07 12:01:02 - [MESSAGE][PASSED] - Delayed 2 second(s)

2018-12-07 12:01:02 - [TEST_STEP][PASSED] - click: Object: 'Object Repository/Final Object Repo/Page_Update Add New Employee - ASSIST/Login Button' is clicked on

2018-12-07 12:01:02 - [MESSAGE][PASSED] - Object: 'Object Repository/Final Object Repo/Page_Update Add New Employee - ASSIST/Login Button' is clicked on

2018-12-07 12:01:02 - [TEST_STEP][PASSED] - delay: Delayed 4 second(s)

2018-12-07 12:01:06 - [MESSAGE][PASSED] - Delayed 4 second(s)

2018-12-07 12:01:06 - [TEST_STEP][PASSED] - Statement - Try: Delayed 2 second(s)

2018-12-07 12:01:06 - [TEST_STEP][PASSED] - Statement - Checker = false: null

2018-12-07 12:01:06 - [TEST_STEP][PASSED] - Statement - Checker = com.kms.katalon.core.webui.keyword.WebUiBuiltInKeywords.verifyElementHasAttribute(com.kms.katalon.core.testobject.ObjectRepository.findTestObject(Final Object Repo/Landing Page/BM Detecting), "href", 20, OPTIONAL): Object 'Object Repository/Final Object Repo/Landing Page/BM Detecting' has attribute 'href'

2018-12-07 12:01:06 - [MESSAGE][PASSED] - Object 'Object Repository/Final Object Repo/Landing Page/BM Detecting' has attribute 'href'

2018-12-07 12:01:06 - [TEST_STEP][PASSED] - Statement - out.println(Checker): null

2018-12-07 12:01:06 - [TEST_STEP][PASSED] - Statement - If (Checker == false): null

2018-12-07 12:01:06 - [TEST_STEP][PASSED] - Statement - Else: null

2018-12-07 12:01:06 - [TEST_STEP][PASSED] - delay: Delayed 2 second(s)

2018-12-07 12:01:08 - [MESSAGE][PASSED] - Delayed 2 second(s)

2018-12-07 12:01:08 - [TEST_STEP][PASSED] - delay: Delayed 4 second(s)

2018-12-07 12:01:12 - [MESSAGE][PASSED] - Delayed 4 second(s)

2018-12-07 12:01:12 - [TEST_STEP][PASSED] - click: Object: 'Object Repository/Final Object Repo/New Registration - Registration Module Pages/New Reg - OTC to RO/Special Case - All Related Objects/Expand to Search' is clicked on

2018-12-07 12:01:12 - [MESSAGE][PASSED] - Object: 'Object Repository/Final Object Repo/New Registration - Registration Module Pages/New Reg - OTC to RO/Special Case - All Related Objects/Expand to Search' is clicked on

2018-12-07 12:01:12 - [TEST_STEP][PASSED] - setText: Text 'CAN12201800002288' is set on object 'Object Repository/Final Object Repo/New Registration - Registration Module Pages/New Reg - OTC to RO/Special Case - All Related Objects/TextBox RefNo in Workbasket'

2018-12-07 12:01:13 - [MESSAGE][PASSED] - Text 'CAN12201800002288' is set on object 'Object Repository/Final Object Repo/New Registration - Registration Module Pages/New Reg - OTC to RO/Special Case - All Related Objects/TextBox RefNo in Workbasket'

2018-12-07 12:01:13 - [TEST_STEP][PASSED] - delay: Delayed 2 second(s)

2018-12-07 12:01:15 - [MESSAGE][PASSED] - Delayed 2 second(s)

2018-12-07 12:01:15 - [TEST_STEP][PASSED] - click: Object: 'Object Repository/Final Object Repo/New Registration - Registration Module Pages/New Reg - OTC to RO/Special Case - All Related Objects/Click Search' is clicked on

2018-12-07 12:01:15 - [MESSAGE][PASSED] - Object: 'Object Repository/Final Object Repo/New Registration - Registration Module Pages/New Reg - OTC to RO/Special Case - All Related Objects/Click Search' is clicked on

2018-12-07 12:01:15 - [TEST_STEP][PASSED] - delay: Delayed 2 second(s)

2018-12-07 12:01:17 - [MESSAGE][PASSED] - Delayed 2 second(s)

2018-12-07 12:01:17 - [TEST_STEP][PASSED] - click: Object: 'Object Repository/Final Object Repo/New Registration - Registration Module Pages/New Reg - OTC to RO/Special Case - All Related Objects/Click to Continue Workflow' is clicked on

2018-12-07 12:01:21 - [MESSAGE][PASSED] - Object: 'Object Repository/Final Object Repo/New Registration - Registration Module Pages/New Reg - OTC to RO/Special Case - All Related Objects/Click to Continue Workflow' is clicked on

2018-12-07 12:01:21 - [TEST_STEP][PASSED] - delay: Delayed 2 second(s)

2018-12-07 12:01:23 - [MESSAGE][PASSED] - Delayed 2 second(s)

2018-12-07 12:01:23 - [TEST_STEP][PASSED] - click: Object: 'Object Repository/Final Object Repo/New Registration - Registration Module Pages/New Reg - OTC to RO/Special Case - All Related Objects/Continue Button in verifying case' is clicked on

2018-12-07 12:01:26 - [MESSAGE][PASSED] - Object: 'Object Repository/Final Object Repo/New Registration - Registration Module Pages/New Reg - OTC to RO/Special Case - All Related Objects/Continue Button in verifying case' is clicked on

2018-12-07 12:01:26 - [TEST_STEP][PASSED] - delay: Delayed 2 second(s)

2018-12-07 12:01:28 - [MESSAGE][PASSED] - Delayed 2 second(s)

2018-12-07 12:01:28 - [TEST_STEP][PASSED] - click: Object: 'Object Repository/Final Object Repo/Page_Update Add New Employee - ASSIST/Save  Continue Button' is clicked on

2018-12-07 12:01:28 - [MESSAGE][PASSED] - Object: 'Object Repository/Final Object Repo/Page_Update Add New Employee - ASSIST/Save  Continue Button' is clicked on

2018-12-07 12:01:28 - [TEST_STEP][PASSED] - delay: Delayed 4 second(s)

2018-12-07 12:01:32 - [MESSAGE][PASSED] - Delayed 4 second(s)

2018-12-07 12:01:32 - [TEST_STEP][PASSED] - click: Object: 'Object Repository/Final Object Repo/Page_Update Add New Employee - ASSIST/Save  Continue Third Screen' is clicked on

2018-12-07 12:01:35 - [MESSAGE][PASSED] - Object: 'Object Repository/Final Object Repo/Page_Update Add New Employee - ASSIST/Save  Continue Third Screen' is clicked on

2018-12-07 12:01:35 - [TEST_STEP][PASSED] - delay: Delayed 4 second(s)

2018-12-07 12:01:39 - [MESSAGE][PASSED] - Delayed 4 second(s)

2018-12-07 12:01:39 - [TEST_STEP][PASSED] - click: Object: 'Object Repository/Final Object Repo/Page_Update Add New Employee - ASSIST/Save   Continue Supporting Doc Page' is clicked on

2018-12-07 12:01:39 - [MESSAGE][PASSED] - Object: 'Object Repository/Final Object Repo/Page_Update Add New Employee - ASSIST/Save   Continue Supporting Doc Page' is clicked on

2018-12-07 12:01:39 - [TEST_STEP][PASSED] - delay: Delayed 4 second(s)

2018-12-07 12:01:43 - [MESSAGE][PASSED] - Delayed 4 second(s)

2018-12-07 12:01:43 - [TEST_STEP][PASSED] - click: Object: 'Object Repository/Final Object Repo/Page_Update Add New Employee - ASSIST/Submit Button' is clicked on

2018-12-07 12:01:44 - [MESSAGE][PASSED] - Object: 'Object Repository/Final Object Repo/Page_Update Add New Employee - ASSIST/Submit Button' is clicked on

2018-12-07 12:01:44 - [TEST_STEP][PASSED] - delay: Delayed 4 second(s)

2018-12-07 12:01:48 - [MESSAGE][PASSED] - Delayed 4 second(s)

2018-12-07 12:01:48 - [TEST_STEP][PASSED] - click: Object: 'Object Repository/Final Object Repo/Page_Update Add New Employee - ASSIST/Confirm Submit Button' is clicked on

2018-12-07 12:01:48 - [MESSAGE][PASSED] - Object: 'Object Repository/Final Object Repo/Page_Update Add New Employee - ASSIST/Confirm Submit Button' is clicked on

2018-12-07 12:01:48 - [TEST_STEP][PASSED] - delay: Delayed 30 second(s)

2018-12-07 12:02:18 - [MESSAGE][PASSED] - Delayed 30 second(s)

2018-12-07 12:02:18 - [TEST_STEP][PASSED] - callTestCase: Call Test Case 'Test Cases/Final Aug 2018 - PKS Automation/Common/Screenshoting tool' successfully

2018-12-07 12:02:18 - [TEST_CASE][PASSED] - Test Cases/Final Aug 2018 - PKS Automation/Common/Screenshoting tool: Test Cases/Final Aug 2018 - PKS Automation/Common/Screenshoting tool

2018-12-07 12:02:18 - [TEST_STEP][PASSED] - delay: Delayed 15 second(s)

2018-12-07 12:02:33 - [MESSAGE][PASSED] - Delayed 15 second(s)

2018-12-07 12:02:33 - [TEST_STEP][PASSED] - Statement - driver = com.kms.katalon.core.webui.driver.DriverFactory.getWebDriver(): null

2018-12-07 12:02:33 - [TEST_STEP][PASSED] - Statement - driver.manage().timeouts().implicitlyWait(10, SECONDS): null

2018-12-07 12:02:33 - [TEST_STEP][PASSED] - Statement - PresavePath = KatalonScreenshots: null

2018-12-07 12:02:33 - [TEST_STEP][PASSED] - Statement - pathPrefix = "C:\Users\Public\Pictures\Sample Pictures\Katalon Screenshots\Automate Ending Screen": null

2018-12-07 12:02:33 - [TEST_STEP][PASSED] - Statement - finalPath = <not implemented yet for class: org.codehaus.groovy.ast.expr.EmptyExpression>: null

2018-12-07 12:02:33 - [TEST_STEP][PASSED] - Statement - scrFile = driver.getScreenshotAs(FILE): null

2018-12-07 12:02:33 - [TEST_STEP][PASSED] - Statement - PreSaveFile = new java.io.File(PresavePath): null

2018-12-07 12:02:33 - [TEST_STEP][PASSED] - Statement - counter = 0: null

2018-12-07 12:02:33 - [TEST_STEP][PASSED] - Statement - If (PreSaveFile.exists()): null

2018-12-07 12:02:33 - [TEST_STEP][PASSED] - Statement - While (PreSaveFile.exists()): null

2018-12-07 12:02:33 - [TEST_STEP][PASSED] - Statement - counter = counter + 1: null

2018-12-07 12:02:33 - [TEST_STEP][PASSED] - Statement - PreSaveFile = new java.io.File(((pathPrefix + java.lang.Integer.toString(counter)) + .png)): null

2018-12-07 12:02:33 - [TEST_STEP][PASSED] - Statement - counter = counter + 1: null

2018-12-07 12:02:33 - [TEST_STEP][PASSED] - Statement - PreSaveFile = new java.io.File(((pathPrefix + java.lang.Integer.toString(counter)) + .png)): null

2018-12-07 12:02:33 - [TEST_STEP][PASSED] - Statement - counter = counter + 1: null

2018-12-07 12:02:33 - [TEST_STEP][PASSED] - Statement - PreSaveFile = new java.io.File(((pathPrefix + java.lang.Integer.toString(counter)) + .png)): null

2018-12-07 12:02:33 - [TEST_STEP][PASSED] - Statement - counter = counter + 1: null

2018-12-07 12:02:33 - [TEST_STEP][PASSED] - Statement - PreSaveFile = new java.io.File(((pathPrefix + java.lang.Integer.toString(counter)) + .png)): null

2018-12-07 12:02:33 - [TEST_STEP][PASSED] - Statement - counter = counter + 1: null

2018-12-07 12:02:33 - [TEST_STEP][PASSED] - Statement - PreSaveFile = new java.io.File(((pathPrefix + java.lang.Integer.toString(counter)) + .png)): null

2018-12-07 12:02:33 - [TEST_STEP][PASSED] - Statement - counter = counter + 1: null

2018-12-07 12:02:33 - [TEST_STEP][PASSED] - Statement - PreSaveFile = new java.io.File(((pathPrefix + java.lang.Integer.toString(counter)) + .png)): null

2018-12-07 12:02:33 - [TEST_STEP][PASSED] - Statement - counter = counter + 1: null

2018-12-07 12:02:33 - [TEST_STEP][PASSED] - Statement - PreSaveFile = new java.io.File(((pathPrefix + java.lang.Integer.toString(counter)) + .png)): null

2018-12-07 12:02:33 - [TEST_STEP][PASSED] - Statement - counter = counter + 1: null

2018-12-07 12:02:33 - [TEST_STEP][PASSED] - Statement - PreSaveFile = new java.io.File(((pathPrefix + java.lang.Integer.toString(counter)) + .png)): null

2018-12-07 12:02:33 - [TEST_STEP][PASSED] - Statement - counter = counter + 1: null

2018-12-07 12:02:33 - [TEST_STEP][PASSED] - Statement - PreSaveFile = new java.io.File(((pathPrefix + java.lang.Integer.toString(counter)) + .png)): null

2018-12-07 12:02:33 - [TEST_STEP][PASSED] - Statement - counter = counter + 1: null

2018-12-07 12:02:33 - [TEST_STEP][PASSED] - Statement - PreSaveFile = new java.io.File(((pathPrefix + java.lang.Integer.toString(counter)) + .png)): null

2018-12-07 12:02:33 - [TEST_STEP][PASSED] - Statement - counter = counter + 1: null

2018-12-07 12:02:33 - [TEST_STEP][PASSED] - Statement - PreSaveFile = new java.io.File(((pathPrefix + java.lang.Integer.toString(counter)) + .png)): null

2018-12-07 12:02:33 - [TEST_STEP][PASSED] - Statement - counter = counter + 1: null

2018-12-07 12:02:33 - [TEST_STEP][PASSED] - Statement - PreSaveFile = new java.io.File(((pathPrefix + java.lang.Integer.toString(counter)) + .png)): null

2018-12-07 12:02:33 - [TEST_STEP][PASSED] - Statement - counter = counter + 1: null

2018-12-07 12:02:33 - [TEST_STEP][PASSED] - Statement - PreSaveFile = new java.io.File(((pathPrefix + java.lang.Integer.toString(counter)) + .png)): null

2018-12-07 12:02:33 - [TEST_STEP][PASSED] - Statement - counter = counter + 1: null

2018-12-07 12:02:33 - [TEST_STEP][PASSED] - Statement - PreSaveFile = new java.io.File(((pathPrefix + java.lang.Integer.toString(counter)) + .png)): null

2018-12-07 12:02:33 - [TEST_STEP][PASSED] - Statement - counter = counter + 1: null

2018-12-07 12:02:33 - [TEST_STEP][PASSED] - Statement - PreSaveFile = new java.io.File(((pathPrefix + java.lang.Integer.toString(counter)) + .png)): null

2018-12-07 12:02:33 - [TEST_STEP][PASSED] - Statement - counter = counter + 1: null

2018-12-07 12:02:33 - [TEST_STEP][PASSED] - Statement - PreSaveFile = new java.io.File(((pathPrefix + java.lang.Integer.toString(counter)) + .png)): null

2018-12-07 12:02:33 - [TEST_STEP][PASSED] - Statement - counter = counter + 1: null

2018-12-07 12:02:33 - [TEST_STEP][PASSED] - Statement - PreSaveFile = new java.io.File(((pathPrefix + java.lang.Integer.toString(counter)) + .png)): null

2018-12-07 12:02:33 - [TEST_STEP][PASSED] - Statement - counter = counter + 1: null

2018-12-07 12:02:33 - [TEST_STEP][PASSED] - Statement - PreSaveFile = new java.io.File(((pathPrefix + java.lang.Integer.toString(counter)) + .png)): null

2018-12-07 12:02:33 - [TEST_STEP][PASSED] - Statement - counter = counter + 1: null

2018-12-07 12:02:33 - [TEST_STEP][PASSED] - Statement - PreSaveFile = new java.io.File(((pathPrefix + java.lang.Integer.toString(counter)) + .png)): null

2018-12-07 12:02:33 - [TEST_STEP][PASSED] - Statement - counter = counter + 1: null

2018-12-07 12:02:34 - [TEST_STEP][PASSED] - Statement - PreSaveFile = new java.io.File(((pathPrefix + java.lang.Integer.toString(counter)) + .png)): null

2018-12-07 12:02:34 - [TEST_STEP][PASSED] - Statement - counter = counter + 1: null

2018-12-07 12:02:34 - [TEST_STEP][PASSED] - Statement - PreSaveFile = new java.io.File(((pathPrefix + java.lang.Integer.toString(counter)) + .png)): null

2018-12-07 12:02:34 - [TEST_STEP][PASSED] - Statement - counter = counter + 1: null

2018-12-07 12:02:34 - [TEST_STEP][PASSED] - Statement - PreSaveFile = new java.io.File(((pathPrefix + java.lang.Integer.toString(counter)) + .png)): null

2018-12-07 12:02:34 - [TEST_STEP][PASSED] - Statement - counter = counter + 1: null

2018-12-07 12:02:34 - [TEST_STEP][PASSED] - Statement - PreSaveFile = new java.io.File(((pathPrefix + java.lang.Integer.toString(counter)) + .png)): null

2018-12-07 12:02:34 - [TEST_STEP][PASSED] - Statement - counter = counter + 1: null

2018-12-07 12:02:34 - [TEST_STEP][PASSED] - Statement - PreSaveFile = new java.io.File(((pathPrefix + java.lang.Integer.toString(counter)) + .png)): null

2018-12-07 12:02:34 - [TEST_STEP][PASSED] - Statement - counter = counter + 1: null

2018-12-07 12:02:34 - [TEST_STEP][PASSED] - Statement - PreSaveFile = new java.io.File(((pathPrefix + java.lang.Integer.toString(counter)) + .png)): null

2018-12-07 12:02:34 - [TEST_STEP][PASSED] - Statement - counter = counter + 1: null

2018-12-07 12:02:34 - [TEST_STEP][PASSED] - Statement - PreSaveFile = new java.io.File(((pathPrefix + java.lang.Integer.toString(counter)) + .png)): null

2018-12-07 12:02:34 - [TEST_STEP][PASSED] - Statement - counter = counter + 1: null

2018-12-07 12:02:34 - [TEST_STEP][PASSED] - Statement - PreSaveFile = new java.io.File(((pathPrefix + java.lang.Integer.toString(counter)) + .png)): null

2018-12-07 12:02:34 - [TEST_STEP][PASSED] - Statement - counter = counter + 1: null

2018-12-07 12:02:34 - [TEST_STEP][PASSED] - Statement - PreSaveFile = new java.io.File(((pathPrefix + java.lang.Integer.toString(counter)) + .png)): null

2018-12-07 12:02:34 - [TEST_STEP][PASSED] - Statement - counter = counter + 1: null

2018-12-07 12:02:34 - [TEST_STEP][PASSED] - Statement - PreSaveFile = new java.io.File(((pathPrefix + java.lang.Integer.toString(counter)) + .png)): null

2018-12-07 12:02:34 - [TEST_STEP][PASSED] - Statement - counter = counter + 1: null

2018-12-07 12:02:34 - [TEST_STEP][PASSED] - Statement - PreSaveFile = new java.io.File(((pathPrefix + java.lang.Integer.toString(counter)) + .png)): null

2018-12-07 12:02:34 - [TEST_STEP][PASSED] - Statement - counter = counter + 1: null

2018-12-07 12:02:34 - [TEST_STEP][PASSED] - Statement - PreSaveFile = new java.io.File(((pathPrefix + java.lang.Integer.toString(counter)) + .png)): null

2018-12-07 12:02:34 - [TEST_STEP][PASSED] - Statement - counter = counter + 1: null

2018-12-07 12:02:34 - [TEST_STEP][PASSED] - Statement - PreSaveFile = new java.io.File(((pathPrefix + java.lang.Integer.toString(counter)) + .png)): null

2018-12-07 12:02:34 - [TEST_STEP][PASSED] - Statement - counter = counter + 1: null

2018-12-07 12:02:34 - [TEST_STEP][PASSED] - Statement - PreSaveFile = new java.io.File(((pathPrefix + java.lang.Integer.toString(counter)) + .png)): null

2018-12-07 12:02:34 - [TEST_STEP][PASSED] - Statement - counter = counter + 1: null

2018-12-07 12:02:34 - [TEST_STEP][PASSED] - Statement - PreSaveFile = new java.io.File(((pathPrefix + java.lang.Integer.toString(counter)) + .png)): null

2018-12-07 12:02:34 - [TEST_STEP][PASSED] - Statement - counter = counter + 1: null

2018-12-07 12:02:34 - [TEST_STEP][PASSED] - Statement - PreSaveFile = new java.io.File(((pathPrefix + java.lang.Integer.toString(counter)) + .png)): null

2018-12-07 12:02:35 - [TEST_STEP][PASSED] - Statement - counter = counter + 1: null

2018-12-07 12:02:35 - [TEST_STEP][PASSED] - Statement - PreSaveFile = new java.io.File(((pathPrefix + java.lang.Integer.toString(counter)) + .png)): null

2018-12-07 12:02:35 - [TEST_STEP][PASSED] - Statement - counter = counter + 1: null

2018-12-07 12:02:35 - [TEST_STEP][PASSED] - Statement - PreSaveFile = new java.io.File(((pathPrefix + java.lang.Integer.toString(counter)) + .png)): null

2018-12-07 12:02:35 - [TEST_STEP][PASSED] - Statement - counter = counter + 1: null

2018-12-07 12:02:35 - [TEST_STEP][PASSED] - Statement - PreSaveFile = new java.io.File(((pathPrefix + java.lang.Integer.toString(counter)) + .png)): null

2018-12-07 12:02:35 - [TEST_STEP][PASSED] - Statement - counter = counter + 1: null

2018-12-07 12:02:35 - [TEST_STEP][PASSED] - Statement - PreSaveFile = new java.io.File(((pathPrefix + java.lang.Integer.toString(counter)) + .png)): null

2018-12-07 12:02:35 - [TEST_STEP][PASSED] - Statement - counter = counter + 1: null

2018-12-07 12:02:35 - [TEST_STEP][PASSED] - Statement - PreSaveFile = new java.io.File(((pathPrefix + java.lang.Integer.toString(counter)) + .png)): null

2018-12-07 12:02:35 - [TEST_STEP][PASSED] - Statement - counter = counter + 1: null

2018-12-07 12:02:35 - [TEST_STEP][PASSED] - Statement - PreSaveFile = new java.io.File(((pathPrefix + java.lang.Integer.toString(counter)) + .png)): null

2018-12-07 12:02:35 - [TEST_STEP][PASSED] - Statement - counter = counter + 1: null

2018-12-07 12:02:35 - [TEST_STEP][PASSED] - Statement - PreSaveFile = new java.io.File(((pathPrefix + java.lang.Integer.toString(counter)) + .png)): null

2018-12-07 12:02:35 - [TEST_STEP][PASSED] - Statement - counter = counter + 1: null

2018-12-07 12:02:35 - [TEST_STEP][PASSED] - Statement - PreSaveFile = new java.io.File(((pathPrefix + java.lang.Integer.toString(counter)) + .png)): null

2018-12-07 12:02:35 - [TEST_STEP][PASSED] - Statement - counter = counter + 1: null

2018-12-07 12:02:35 - [TEST_STEP][PASSED] - Statement - PreSaveFile = new java.io.File(((pathPrefix + java.lang.Integer.toString(counter)) + .png)): null

2018-12-07 12:02:35 - [TEST_STEP][PASSED] - Statement - counter = counter + 1: null

2018-12-07 12:02:35 - [TEST_STEP][PASSED] - Statement - PreSaveFile = new java.io.File(((pathPrefix + java.lang.Integer.toString(counter)) + .png)): null

2018-12-07 12:02:35 - [TEST_STEP][PASSED] - Statement - counter = counter + 1: null

2018-12-07 12:02:35 - [TEST_STEP][PASSED] - Statement - PreSaveFile = new java.io.File(((pathPrefix + java.lang.Integer.toString(counter)) + .png)): null

2018-12-07 12:02:35 - [TEST_STEP][PASSED] - Statement - counter = counter + 1: null

2018-12-07 12:02:35 - [TEST_STEP][PASSED] - Statement - PreSaveFile = new java.io.File(((pathPrefix + java.lang.Integer.toString(counter)) + .png)): null

2018-12-07 12:02:35 - [TEST_STEP][PASSED] - Statement - counter = counter + 1: null

2018-12-07 12:02:35 - [TEST_STEP][PASSED] - Statement - PreSaveFile = new java.io.File(((pathPrefix + java.lang.Integer.toString(counter)) + .png)): null

2018-12-07 12:02:35 - [TEST_STEP][PASSED] - Statement - counter = counter + 1: null

2018-12-07 12:02:35 - [TEST_STEP][PASSED] - Statement - PreSaveFile = new java.io.File(((pathPrefix + java.lang.Integer.toString(counter)) + .png)): null

2018-12-07 12:02:35 - [TEST_STEP][PASSED] - Statement - counter = counter + 1: null

2018-12-07 12:02:36 - [TEST_STEP][PASSED] - Statement - PreSaveFile = new java.io.File(((pathPrefix + java.lang.Integer.toString(counter)) + .png)): null

2018-12-07 12:02:36 - [TEST_STEP][PASSED] - Statement - counter = counter + 1: null

2018-12-07 12:02:36 - [TEST_STEP][PASSED] - Statement - PreSaveFile = new java.io.File(((pathPrefix + java.lang.Integer.toString(counter)) + .png)): null

2018-12-07 12:02:36 - [TEST_STEP][PASSED] - Statement - counter = counter + 1: null

2018-12-07 12:02:36 - [TEST_STEP][PASSED] - Statement - PreSaveFile = new java.io.File(((pathPrefix + java.lang.Integer.toString(counter)) + .png)): null

2018-12-07 12:02:36 - [TEST_STEP][PASSED] - Statement - counter = counter + 1: null

2018-12-07 12:02:36 - [TEST_STEP][PASSED] - Statement - PreSaveFile = new java.io.File(((pathPrefix + java.lang.Integer.toString(counter)) + .png)): null

2018-12-07 12:02:36 - [TEST_STEP][PASSED] - Statement - counter = counter + 1: null

2018-12-07 12:02:36 - [TEST_STEP][PASSED] - Statement - PreSaveFile = new java.io.File(((pathPrefix + java.lang.Integer.toString(counter)) + .png)): null

2018-12-07 12:02:36 - [TEST_STEP][PASSED] - Statement - counter = counter + 1: null

2018-12-07 12:02:36 - [TEST_STEP][PASSED] - Statement - PreSaveFile = new java.io.File(((pathPrefix + java.lang.Integer.toString(counter)) + .png)): null

2018-12-07 12:02:36 - [TEST_STEP][PASSED] - Statement - counter = counter + 1: null

2018-12-07 12:02:36 - [TEST_STEP][PASSED] - Statement - PreSaveFile = new java.io.File(((pathPrefix + java.lang.Integer.toString(counter)) + .png)): null

2018-12-07 12:02:36 - [TEST_STEP][PASSED] - Statement - counter = counter + 1: null

2018-12-07 12:02:36 - [TEST_STEP][PASSED] - Statement - PreSaveFile = new java.io.File(((pathPrefix + java.lang.Integer.toString(counter)) + .png)): null

2018-12-07 12:02:36 - [TEST_STEP][PASSED] - Statement - counter = counter + 1: null

2018-12-07 12:02:36 - [TEST_STEP][PASSED] - Statement - PreSaveFile = new java.io.File(((pathPrefix + java.lang.Integer.toString(counter)) + .png)): null

2018-12-07 12:02:36 - [TEST_STEP][PASSED] - Statement - counter = counter + 1: null

2018-12-07 12:02:36 - [TEST_STEP][PASSED] - Statement - PreSaveFile = new java.io.File(((pathPrefix + java.lang.Integer.toString(counter)) + .png)): null

2018-12-07 12:02:36 - [TEST_STEP][PASSED] - Statement - counter = counter + 1: null

2018-12-07 12:02:36 - [TEST_STEP][PASSED] - Statement - PreSaveFile = new java.io.File(((pathPrefix + java.lang.Integer.toString(counter)) + .png)): null

2018-12-07 12:02:36 - [TEST_STEP][PASSED] - Statement - counter = counter + 1: null

2018-12-07 12:02:36 - [TEST_STEP][PASSED] - Statement - PreSaveFile = new java.io.File(((pathPrefix + java.lang.Integer.toString(counter)) + .png)): null

2018-12-07 12:02:36 - [TEST_STEP][PASSED] - Statement - counter = counter + 1: null

2018-12-07 12:02:36 - [TEST_STEP][PASSED] - Statement - PreSaveFile = new java.io.File(((pathPrefix + java.lang.Integer.toString(counter)) + .png)): null

2018-12-07 12:02:36 - [TEST_STEP][PASSED] - Statement - counter = counter + 1: null

2018-12-07 12:02:36 - [TEST_STEP][PASSED] - Statement - PreSaveFile = new java.io.File(((pathPrefix + java.lang.Integer.toString(counter)) + .png)): null

2018-12-07 12:02:36 - [TEST_STEP][PASSED] - Statement - counter = counter + 1: null

2018-12-07 12:02:37 - [TEST_STEP][PASSED] - Statement - PreSaveFile = new java.io.File(((pathPrefix + java.lang.Integer.toString(counter)) + .png)): null

2018-12-07 12:02:37 - [TEST_STEP][PASSED] - Statement - counter = counter + 1: null

2018-12-07 12:02:37 - [TEST_STEP][PASSED] - Statement - PreSaveFile = new java.io.File(((pathPrefix + java.lang.Integer.toString(counter)) + .png)): null

2018-12-07 12:02:37 - [TEST_STEP][PASSED] - Statement - counter = counter + 1: null

2018-12-07 12:02:37 - [TEST_STEP][PASSED] - Statement - PreSaveFile = new java.io.File(((pathPrefix + java.lang.Integer.toString(counter)) + .png)): null

2018-12-07 12:02:37 - [TEST_STEP][PASSED] - Statement - counter = counter + 1: null

2018-12-07 12:02:37 - [TEST_STEP][PASSED] - Statement - PreSaveFile = new java.io.File(((pathPrefix + java.lang.Integer.toString(counter)) + .png)): null

2018-12-07 12:02:37 - [TEST_STEP][PASSED] - Statement - counter = counter + 1: null

2018-12-07 12:02:37 - [TEST_STEP][PASSED] - Statement - PreSaveFile = new java.io.File(((pathPrefix + java.lang.Integer.toString(counter)) + .png)): null

2018-12-07 12:02:37 - [TEST_STEP][PASSED] - Statement - counter = counter + 1: null

2018-12-07 12:02:37 - [TEST_STEP][PASSED] - Statement - PreSaveFile = new java.io.File(((pathPrefix + java.lang.Integer.toString(counter)) + .png)): null

2018-12-07 12:02:37 - [TEST_STEP][PASSED] - Statement - counter = counter + 1: null

2018-12-07 12:02:37 - [TEST_STEP][PASSED] - Statement - PreSaveFile = new java.io.File(((pathPrefix + java.lang.Integer.toString(counter)) + .png)): null

2018-12-07 12:02:37 - [TEST_STEP][PASSED] - Statement - counter = counter + 1: null

2018-12-07 12:02:37 - [TEST_STEP][PASSED] - Statement - PreSaveFile = new java.io.File(((pathPrefix + java.lang.Integer.toString(counter)) + .png)): null

2018-12-07 12:02:37 - [TEST_STEP][PASSED] - Statement - counter = counter + 1: null

2018-12-07 12:02:37 - [TEST_STEP][PASSED] - Statement - PreSaveFile = new java.io.File(((pathPrefix + java.lang.Integer.toString(counter)) + .png)): null

2018-12-07 12:02:37 - [TEST_STEP][PASSED] - Statement - counter = counter + 1: null

2018-12-07 12:02:37 - [TEST_STEP][PASSED] - Statement - PreSaveFile = new java.io.File(((pathPrefix + java.lang.Integer.toString(counter)) + .png)): null

2018-12-07 12:02:37 - [TEST_STEP][PASSED] - Statement - counter = counter + 1: null

2018-12-07 12:02:37 - [TEST_STEP][PASSED] - Statement - PreSaveFile = new java.io.File(((pathPrefix + java.lang.Integer.toString(counter)) + .png)): null

2018-12-07 12:02:37 - [TEST_STEP][PASSED] - Statement - counter = counter + 1: null

2018-12-07 12:02:37 - [TEST_STEP][PASSED] - Statement - PreSaveFile = new java.io.File(((pathPrefix + java.lang.Integer.toString(counter)) + .png)): null

2018-12-07 12:02:37 - [TEST_STEP][PASSED] - Statement - counter = counter + 1: null

2018-12-07 12:02:37 - [TEST_STEP][PASSED] - Statement - PreSaveFile = new java.io.File(((pathPrefix + java.lang.Integer.toString(counter)) + .png)): null

2018-12-07 12:02:37 - [TEST_STEP][PASSED] - Statement - counter = counter + 1: null

2018-12-07 12:02:37 - [TEST_STEP][PASSED] - Statement - PreSaveFile = new java.io.File(((pathPrefix + java.lang.Integer.toString(counter)) + .png)): null

2018-12-07 12:02:37 - [TEST_STEP][PASSED] - Statement - counter = counter + 1: null

2018-12-07 12:02:37 - [TEST_STEP][PASSED] - Statement - PreSaveFile = new java.io.File(((pathPrefix + java.lang.Integer.toString(counter)) + .png)): null

2018-12-07 12:02:38 - [TEST_STEP][PASSED] - Statement - counter = counter + 1: null

2018-12-07 12:02:38 - [TEST_STEP][PASSED] - Statement - PreSaveFile = new java.io.File(((pathPrefix + java.lang.Integer.toString(counter)) + .png)): null

2018-12-07 12:02:38 - [TEST_STEP][PASSED] - Statement - counter = counter + 1: null

2018-12-07 12:02:38 - [TEST_STEP][PASSED] - Statement - PreSaveFile = new java.io.File(((pathPrefix + java.lang.Integer.toString(counter)) + .png)): null

2018-12-07 12:02:38 - [TEST_STEP][PASSED] - Statement - counter = counter + 1: null

2018-12-07 12:02:38 - [TEST_STEP][PASSED] - Statement - PreSaveFile = new java.io.File(((pathPrefix + java.lang.Integer.toString(counter)) + .png)): null

2018-12-07 12:02:38 - [TEST_STEP][PASSED] - Statement - counter = counter + 1: null

2018-12-07 12:02:38 - [TEST_STEP][PASSED] - Statement - PreSaveFile = new java.io.File(((pathPrefix + java.lang.Integer.toString(counter)) + .png)): null

2018-12-07 12:02:38 - [TEST_STEP][PASSED] - Statement - counter = counter + 1: null

2018-12-07 12:02:38 - [TEST_STEP][PASSED] - Statement - PreSaveFile = new java.io.File(((pathPrefix + java.lang.Integer.toString(counter)) + .png)): null

2018-12-07 12:02:38 - [TEST_STEP][PASSED] - Statement - counter = counter + 1: null

2018-12-07 12:02:38 - [TEST_STEP][PASSED] - Statement - PreSaveFile = new java.io.File(((pathPrefix + java.lang.Integer.toString(counter)) + .png)): null

2018-12-07 12:02:38 - [TEST_STEP][PASSED] - Statement - counter = counter + 1: null

2018-12-07 12:02:38 - [TEST_STEP][PASSED] - Statement - PreSaveFile = new java.io.File(((pathPrefix + java.lang.Integer.toString(counter)) + .png)): null

2018-12-07 12:02:38 - [TEST_STEP][PASSED] - Statement - counter = counter + 1: null

2018-12-07 12:02:38 - [TEST_STEP][PASSED] - Statement - PreSaveFile = new java.io.File(((pathPrefix + java.lang.Integer.toString(counter)) + .png)): null

2018-12-07 12:02:38 - [TEST_STEP][PASSED] - Statement - counter = counter + 1: null

2018-12-07 12:02:38 - [TEST_STEP][PASSED] - Statement - PreSaveFile = new java.io.File(((pathPrefix + java.lang.Integer.toString(counter)) + .png)): null

2018-12-07 12:02:38 - [TEST_STEP][PASSED] - Statement - counter = counter + 1: null

2018-12-07 12:02:38 - [TEST_STEP][PASSED] - Statement - PreSaveFile = new java.io.File(((pathPrefix + java.lang.Integer.toString(counter)) + .png)): null

2018-12-07 12:02:38 - [TEST_STEP][PASSED] - Statement - counter = counter + 1: null

2018-12-07 12:02:38 - [TEST_STEP][PASSED] - Statement - PreSaveFile = new java.io.File(((pathPrefix + java.lang.Integer.toString(counter)) + .png)): null

2018-12-07 12:02:38 - [TEST_STEP][PASSED] - Statement - counter = counter + 1: null

2018-12-07 12:02:38 - [TEST_STEP][PASSED] - Statement - PreSaveFile = new java.io.File(((pathPrefix + java.lang.Integer.toString(counter)) + .png)): null

2018-12-07 12:02:38 - [TEST_STEP][PASSED] - Statement - counter = counter + 1: null

2018-12-07 12:02:38 - [TEST_STEP][PASSED] - Statement - PreSaveFile = new java.io.File(((pathPrefix + java.lang.Integer.toString(counter)) + .png)): null

2018-12-07 12:02:38 - [TEST_STEP][PASSED] - Statement - counter = counter + 1: null

2018-12-07 12:02:38 - [TEST_STEP][PASSED] - Statement - PreSaveFile = new java.io.File(((pathPrefix + java.lang.Integer.toString(counter)) + .png)): null

2018-12-07 12:02:38 - [TEST_STEP][PASSED] - Statement - counter = counter + 1: null

2018-12-07 12:02:38 - [TEST_STEP][PASSED] - Statement - PreSaveFile = new java.io.File(((pathPrefix + java.lang.Integer.toString(counter)) + .png)): null

2018-12-07 12:02:38 - [TEST_STEP][PASSED] - Statement - counter = counter + 1: null

2018-12-07 12:02:38 - [TEST_STEP][PASSED] - Statement - PreSaveFile = new java.io.File(((pathPrefix + java.lang.Integer.toString(counter)) + .png)): null

2018-12-07 12:02:38 - [TEST_STEP][PASSED] - Statement - counter = counter + 1: null

2018-12-07 12:02:38 - [TEST_STEP][PASSED] - Statement - PreSaveFile = new java.io.File(((pathPrefix + java.lang.Integer.toString(counter)) + .png)): null

2018-12-07 12:02:38 - [TEST_STEP][PASSED] - Statement - counter = counter + 1: null

2018-12-07 12:02:38 - [TEST_STEP][PASSED] - Statement - PreSaveFile = new java.io.File(((pathPrefix + java.lang.Integer.toString(counter)) + .png)): null

2018-12-07 12:02:38 - [TEST_STEP][PASSED] - Statement - counter = counter + 1: null

2018-12-07 12:02:38 - [TEST_STEP][PASSED] - Statement - PreSaveFile = new java.io.File(((pathPrefix + java.lang.Integer.toString(counter)) + .png)): null

2018-12-07 12:02:38 - [TEST_STEP][PASSED] - Statement - counter = counter + 1: null

2018-12-07 12:02:39 - [TEST_STEP][PASSED] - Statement - PreSaveFile = new java.io.File(((pathPrefix + java.lang.Integer.toString(counter)) + .png)): null

2018-12-07 12:02:39 - [TEST_STEP][PASSED] - Statement - counter = counter + 1: null

2018-12-07 12:02:39 - [TEST_STEP][PASSED] - Statement - PreSaveFile = new java.io.File(((pathPrefix + java.lang.Integer.toString(counter)) + .png)): null

2018-12-07 12:02:39 - [TEST_STEP][PASSED] - Statement - counter = counter + 1: null

2018-12-07 12:02:39 - [TEST_STEP][PASSED] - Statement - PreSaveFile = new java.io.File(((pathPrefix + java.lang.Integer.toString(counter)) + .png)): null

2018-12-07 12:02:39 - [TEST_STEP][PASSED] - Statement - counter = counter + 1: null

2018-12-07 12:02:39 - [TEST_STEP][PASSED] - Statement - PreSaveFile = new java.io.File(((pathPrefix + java.lang.Integer.toString(counter)) + .png)): null

2018-12-07 12:02:39 - [TEST_STEP][PASSED] - Statement - counter = counter + 1: null

2018-12-07 12:02:39 - [TEST_STEP][PASSED] - Statement - PreSaveFile = new java.io.File(((pathPrefix + java.lang.Integer.toString(counter)) + .png)): null

2018-12-07 12:02:39 - [TEST_STEP][PASSED] - Statement - counter = counter + 1: null

2018-12-07 12:02:39 - [TEST_STEP][PASSED] - Statement - PreSaveFile = new java.io.File(((pathPrefix + java.lang.Integer.toString(counter)) + .png)): null

2018-12-07 12:02:39 - [TEST_STEP][PASSED] - Statement - counter = counter + 1: null

2018-12-07 12:02:39 - [TEST_STEP][PASSED] - Statement - PreSaveFile = new java.io.File(((pathPrefix + java.lang.Integer.toString(counter)) + .png)): null

2018-12-07 12:02:39 - [TEST_STEP][PASSED] - Statement - counter = counter + 1: null

2018-12-07 12:02:39 - [TEST_STEP][PASSED] - Statement - PreSaveFile = new java.io.File(((pathPrefix + java.lang.Integer.toString(counter)) + .png)): null

2018-12-07 12:02:39 - [TEST_STEP][PASSED] - Statement - counter = counter + 1: null

2018-12-07 12:02:39 - [TEST_STEP][PASSED] - Statement - PreSaveFile = new java.io.File(((pathPrefix + java.lang.Integer.toString(counter)) + .png)): null

2018-12-07 12:02:39 - [TEST_STEP][PASSED] - Statement - counter = counter + 1: null

2018-12-07 12:02:39 - [TEST_STEP][PASSED] - Statement - PreSaveFile = new java.io.File(((pathPrefix + java.lang.Integer.toString(counter)) + .png)): null

2018-12-07 12:02:39 - [TEST_STEP][PASSED] - Statement - counter = counter + 1: null

2018-12-07 12:02:39 - [TEST_STEP][PASSED] - Statement - PreSaveFile = new java.io.File(((pathPrefix + java.lang.Integer.toString(counter)) + .png)): null

2018-12-07 12:02:39 - [TEST_STEP][PASSED] - Statement - counter = counter + 1: null

2018-12-07 12:02:39 - [TEST_STEP][PASSED] - Statement - PreSaveFile = new java.io.File(((pathPrefix + java.lang.Integer.toString(counter)) + .png)): null

2018-12-07 12:02:39 - [TEST_STEP][PASSED] - Statement - counter = counter + 1: null

2018-12-07 12:02:39 - [TEST_STEP][PASSED] - Statement - PreSaveFile = new java.io.File(((pathPrefix + java.lang.Integer.toString(counter)) + .png)): null

2018-12-07 12:02:39 - [TEST_STEP][PASSED] - Statement - counter = counter + 1: null

2018-12-07 12:02:39 - [TEST_STEP][PASSED] - Statement - PreSaveFile = new java.io.File(((pathPrefix + java.lang.Integer.toString(counter)) + .png)): null

2018-12-07 12:02:39 - [TEST_STEP][PASSED] - Statement - counter = counter + 1: null

2018-12-07 12:02:40 - [TEST_STEP][PASSED] - Statement - PreSaveFile = new java.io.File(((pathPrefix + java.lang.Integer.toString(counter)) + .png)): null

2018-12-07 12:02:40 - [TEST_STEP][PASSED] - Statement - counter = counter + 1: null

2018-12-07 12:02:40 - [TEST_STEP][PASSED] - Statement - PreSaveFile = new java.io.File(((pathPrefix + java.lang.Integer.toString(counter)) + .png)): null

2018-12-07 12:02:40 - [TEST_STEP][PASSED] - Statement - counter = counter + 1: null

2018-12-07 12:02:40 - [TEST_STEP][PASSED] - Statement - PreSaveFile = new java.io.File(((pathPrefix + java.lang.Integer.toString(counter)) + .png)): null

2018-12-07 12:02:40 - [TEST_STEP][PASSED] - Statement - counter = counter + 1: null

2018-12-07 12:02:40 - [TEST_STEP][PASSED] - Statement - PreSaveFile = new java.io.File(((pathPrefix + java.lang.Integer.toString(counter)) + .png)): null

2018-12-07 12:02:40 - [TEST_STEP][PASSED] - Statement - counter = counter + 1: null

2018-12-07 12:02:40 - [TEST_STEP][PASSED] - Statement - PreSaveFile = new java.io.File(((pathPrefix + java.lang.Integer.toString(counter)) + .png)): null

2018-12-07 12:02:40 - [TEST_STEP][PASSED] - Statement - counter = counter + 1: null

2018-12-07 12:02:40 - [TEST_STEP][PASSED] - Statement - PreSaveFile = new java.io.File(((pathPrefix + java.lang.Integer.toString(counter)) + .png)): null

2018-12-07 12:02:40 - [TEST_STEP][PASSED] - Statement - counter = counter + 1: null

2018-12-07 12:02:40 - [TEST_STEP][PASSED] - Statement - PreSaveFile = new java.io.File(((pathPrefix + java.lang.Integer.toString(counter)) + .png)): null

2018-12-07 12:02:40 - [TEST_STEP][PASSED] - Statement - counter = counter + 1: null

2018-12-07 12:02:40 - [TEST_STEP][PASSED] - Statement - PreSaveFile = new java.io.File(((pathPrefix + java.lang.Integer.toString(counter)) + .png)): null

2018-12-07 12:02:40 - [TEST_STEP][PASSED] - Statement - counter = counter + 1: null

2018-12-07 12:02:40 - [TEST_STEP][PASSED] - Statement - PreSaveFile = new java.io.File(((pathPrefix + java.lang.Integer.toString(counter)) + .png)): null

2018-12-07 12:02:40 - [TEST_STEP][PASSED] - Statement - counter = counter + 1: null

2018-12-07 12:02:40 - [TEST_STEP][PASSED] - Statement - PreSaveFile = new java.io.File(((pathPrefix + java.lang.Integer.toString(counter)) + .png)): null

2018-12-07 12:02:40 - [TEST_STEP][PASSED] - Statement - counter = counter + 1: null

2018-12-07 12:02:40 - [TEST_STEP][PASSED] - Statement - PreSaveFile = new java.io.File(((pathPrefix + java.lang.Integer.toString(counter)) + .png)): null

2018-12-07 12:02:40 - [TEST_STEP][PASSED] - Statement - counter = counter + 1: null

2018-12-07 12:02:40 - [TEST_STEP][PASSED] - Statement - PreSaveFile = new java.io.File(((pathPrefix + java.lang.Integer.toString(counter)) + .png)): null

2018-12-07 12:02:40 - [TEST_STEP][PASSED] - Statement - counter = counter + 1: null

2018-12-07 12:02:40 - [TEST_STEP][PASSED] - Statement - PreSaveFile = new java.io.File(((pathPrefix + java.lang.Integer.toString(counter)) + .png)): null

2018-12-07 12:02:40 - [TEST_STEP][PASSED] - Statement - counter = counter + 1: null

2018-12-07 12:02:40 - [TEST_STEP][PASSED] - Statement - PreSaveFile = new java.io.File(((pathPrefix + java.lang.Integer.toString(counter)) + .png)): null

2018-12-07 12:02:40 - [TEST_STEP][PASSED] - Statement - counter = counter + 1: null

2018-12-07 12:02:40 - [TEST_STEP][PASSED] - Statement - PreSaveFile = new java.io.File(((pathPrefix + java.lang.Integer.toString(counter)) + .png)): null

2018-12-07 12:02:41 - [TEST_STEP][PASSED] - Statement - counter = counter + 1: null

2018-12-07 12:02:41 - [TEST_STEP][PASSED] - Statement - PreSaveFile = new java.io.File(((pathPrefix + java.lang.Integer.toString(counter)) + .png)): null

2018-12-07 12:02:41 - [TEST_STEP][PASSED] - Statement - counter = counter + 1: null

2018-12-07 12:02:41 - [TEST_STEP][PASSED] - Statement - PreSaveFile = new java.io.File(((pathPrefix + java.lang.Integer.toString(counter)) + .png)): null

2018-12-07 12:02:41 - [TEST_STEP][PASSED] - Statement - finalPath = pathPrefix + java.lang.Integer.toString(counter) + ".png": null

2018-12-07 12:02:41 - [TEST_STEP][PASSED] - Statement - SaveFile = new java.io.File(finalPath): null

2018-12-07 12:02:41 - [TEST_STEP][PASSED] - Statement - Try: null

2018-12-07 12:02:41 - [TEST_STEP][PASSED] - Statement - org.apache.commons.io.FileUtils.copyFile(scrFile, SaveFile): null

2018-12-07 12:02:41 - [TEST_STEP][PASSED] - Statement - out.println("file kept"): null

2018-12-07 12:02:41 - [TEST_STEP][PASSED] - delay: Delayed 10 second(s)

2018-12-07 12:02:51 - [MESSAGE][PASSED] - Delayed 10 second(s)

2018-12-07 12:02:51 - [MESSAGE][PASSED] - Call Test Case 'Test Cases/Final Aug 2018 - PKS Automation/Common/Screenshoting tool' successfully]]></system-out>
         <system-err><![CDATA[]]></system-err>
      </testcase>
      <testcase name="Test Cases/Final Aug 2018 - PKS Automation/Registration Module/Workflow/Update Add New Employee/Special Case (OTC - RO Under Enforcement)" classname="Test Cases/Final Aug 2018 - PKS Automation/Registration Module/Workflow/Update Add New Employee/Special Case (OTC - RO Under Enforcement)" status="PASSED">
         <system-out><![CDATA[2018-12-07 12:02:51 - [TEST_CASE][PASSED] - Test Cases/Final Aug 2018 - PKS Automation/Registration Module/Workflow/Update Add New Employee/Special Case (OTC - RO Under Enforcement): Test Cases/Final Aug 2018 - PKS Automation/Registration Module/Workflow/Update Add New Employee/Special Case (OTC - RO Under Enforcement)

2018-12-07 12:02:51 - [TEST_STEP][PASSED] - callTestCase: Call Test Case 'Test Cases/Final Aug 2018 - PKS Automation/Registration Module/Workflow/Update Add New Employee/Template/New Company for Update Add New' successfully

2018-12-07 12:02:51 - [TEST_CASE][PASSED] - Test Cases/Final Aug 2018 - PKS Automation/Registration Module/Workflow/Update Add New Employee/Template/New Company for Update Add New: Test Cases/Final Aug 2018 - PKS Automation/Registration Module/Workflow/Update Add New Employee/Template/New Company for Update Add New

2018-12-07 12:02:51 - [TEST_STEP][PASSED] - callTestCase: Call Test Case 'Test Cases/Final Aug 2018 - PKS Automation/Registration Module/New Registration/Form 1/Form 1 - Corporation - BHD' successfully

2018-12-07 12:02:51 - [TEST_CASE][PASSED] - Test Cases/Final Aug 2018 - PKS Automation/Registration Module/New Registration/Form 1/Form 1 - Corporation - BHD: Test Cases/Final Aug 2018 - PKS Automation/Registration Module/New Registration/Form 1/Form 1 - Corporation - BHD

2018-12-07 12:02:51 - [TEST_STEP][PASSED] - openBrowser: Browser is opened with url: ''

2018-12-07 12:02:51 - [MESSAGE][WARNING] - A browser is already opened. Closing browser and opening a new one

2018-12-07 12:02:55 - [MESSAGE][PASSED] - Browser is opened with url: ''

2018-12-07 12:02:55 - [TEST_STEP][PASSED] - navigateToUrl: Navigate to 'https://assist2-uat.perkeso.gov.my/login' successfully

2018-12-07 12:02:56 - [MESSAGE][PASSED] - Navigate to 'https://assist2-uat.perkeso.gov.my/login' successfully

2018-12-07 12:02:56 - [TEST_STEP][PASSED] - setText: Text 'johorotc1@gmail.com' is set on object 'Object Repository/Final Object Repo/Login Page/Internal User/Email Address'

2018-12-07 12:02:56 - [MESSAGE][PASSED] - Text 'johorotc1@gmail.com' is set on object 'Object Repository/Final Object Repo/Login Page/Internal User/Email Address'

2018-12-07 12:02:56 - [TEST_STEP][PASSED] - click: Object: 'Object Repository/Final Object Repo/Login Page/Internal User/Next Button' is clicked on

2018-12-07 12:02:56 - [MESSAGE][PASSED] - Object: 'Object Repository/Final Object Repo/Login Page/Internal User/Next Button' is clicked on

2018-12-07 12:02:56 - [TEST_STEP][PASSED] - delay: Delayed 1 second(s)

2018-12-07 12:02:57 - [MESSAGE][PASSED] - Delayed 1 second(s)

2018-12-07 12:02:57 - [TEST_STEP][PASSED] - setEncryptedText: Text ****** has been set on object 'Object Repository/Final Object Repo/Login Page/Internal User/Password'

2018-12-07 12:02:57 - [MESSAGE][PASSED] - Text ****** has been set on object 'Object Repository/Final Object Repo/Login Page/Internal User/Password'

2018-12-07 12:02:57 - [TEST_STEP][PASSED] - click: Object: 'Object Repository/Final Object Repo/Login Page/Internal User/Login Button' is clicked on

2018-12-07 12:02:58 - [MESSAGE][PASSED] - Object: 'Object Repository/Final Object Repo/Login Page/Internal User/Login Button' is clicked on

2018-12-07 12:02:58 - [TEST_STEP][PASSED] - delay: Delayed 1 second(s)

2018-12-07 12:02:59 - [MESSAGE][PASSED] - Delayed 1 second(s)

2018-12-07 12:02:59 - [TEST_STEP][PASSED] - Statement - Try: Delayed 2 second(s)

2018-12-07 12:02:59 - [TEST_STEP][PASSED] - Statement - Checker = false: null

2018-12-07 12:02:59 - [TEST_STEP][PASSED] - Statement - Checker = com.kms.katalon.core.webui.keyword.WebUiBuiltInKeywords.verifyElementHasAttribute(com.kms.katalon.core.testobject.ObjectRepository.findTestObject(Final Object Repo/Landing Page/BM Detecting), "href", 20, OPTIONAL): Object 'Object Repository/Final Object Repo/Landing Page/BM Detecting' has attribute 'href'

2018-12-07 12:03:00 - [MESSAGE][PASSED] - Object 'Object Repository/Final Object Repo/Landing Page/BM Detecting' has attribute 'href'

2018-12-07 12:03:00 - [TEST_STEP][PASSED] - Statement - out.println(Checker): null

2018-12-07 12:03:00 - [TEST_STEP][PASSED] - Statement - If (Checker == false): null

2018-12-07 12:03:00 - [TEST_STEP][PASSED] - Statement - Else: null

2018-12-07 12:03:00 - [TEST_STEP][PASSED] - delay: Delayed 2 second(s)

2018-12-07 12:03:02 - [MESSAGE][PASSED] - Delayed 2 second(s)

2018-12-07 12:03:02 - [TEST_STEP][PASSED] - navigateToUrl: Navigate to 'https://assist2-uat.perkeso.gov.my/web/registration/registration' successfully

2018-12-07 12:03:03 - [MESSAGE][PASSED] - Navigate to 'https://assist2-uat.perkeso.gov.my/web/registration/registration' successfully

2018-12-07 12:03:03 - [TEST_STEP][PASSED] - click: Object: 'Object Repository/Final Object Repo/New Registration - Registration Module Pages/Form 1/AEC - No' is clicked on

2018-12-07 12:03:04 - [MESSAGE][PASSED] - Object: 'Object Repository/Final Object Repo/New Registration - Registration Module Pages/Form 1/AEC - No' is clicked on

2018-12-07 12:03:04 - [TEST_STEP][PASSED] - click: Object: 'Object Repository/Final Object Repo/New Registration - Registration Module Pages/Form 1/Business Entity' is clicked on

2018-12-07 12:03:04 - [MESSAGE][PASSED] - Object: 'Object Repository/Final Object Repo/New Registration - Registration Module Pages/Form 1/Business Entity' is clicked on

2018-12-07 12:03:04 - [TEST_STEP][PASSED] - click: Object: 'Object Repository/Final Object Repo/New Registration - Registration Module Pages/Form 1/Businees Entity - Corporation' is clicked on

2018-12-07 12:03:04 - [MESSAGE][PASSED] - Object: 'Object Repository/Final Object Repo/New Registration - Registration Module Pages/Form 1/Businees Entity - Corporation' is clicked on

2018-12-07 12:03:04 - [TEST_STEP][PASSED] - delay: Delayed 1 second(s)

2018-12-07 12:03:05 - [MESSAGE][PASSED] - Delayed 1 second(s)

2018-12-07 12:03:05 - [TEST_STEP][PASSED] - click: Object: 'Object Repository/Final Object Repo/New Registration - Registration Module Pages/Form 1/Sub Business Entity' is clicked on

2018-12-07 12:03:05 - [MESSAGE][PASSED] - Object: 'Object Repository/Final Object Repo/New Registration - Registration Module Pages/Form 1/Sub Business Entity' is clicked on

2018-12-07 12:03:05 - [TEST_STEP][PASSED] - click: Object: 'Object Repository/Final Object Repo/New Registration - Registration Module Pages/Form 1/Sub Business Entity - Berhad' is clicked on

2018-12-07 12:03:06 - [MESSAGE][PASSED] - Object: 'Object Repository/Final Object Repo/New Registration - Registration Module Pages/Form 1/Sub Business Entity - Berhad' is clicked on

2018-12-07 12:03:06 - [TEST_STEP][PASSED] - delay: Delayed 1 second(s)

2018-12-07 12:03:07 - [MESSAGE][PASSED] - Delayed 1 second(s)

2018-12-07 12:03:07 - [TEST_STEP][PASSED] - setText: Text '123' is set on object 'Object Repository/Final Object Repo/New Registration - Registration Module Pages/Form 1/Registration Number'

2018-12-07 12:03:07 - [MESSAGE][PASSED] - Text '123' is set on object 'Object Repository/Final Object Repo/New Registration - Registration Module Pages/Form 1/Registration Number'

2018-12-07 12:03:07 - [TEST_STEP][PASSED] - click: Object: 'Object Repository/Final Object Repo/New Registration - Registration Module Pages/Form 1/Registred with SSM - Before Feb' is clicked on

2018-12-07 12:03:07 - [MESSAGE][PASSED] - Object: 'Object Repository/Final Object Repo/New Registration - Registration Module Pages/Form 1/Registred with SSM - Before Feb' is clicked on

2018-12-07 12:03:07 - [TEST_STEP][PASSED] - click: Object: 'Object Repository/Final Object Repo/New Registration - Registration Module Pages/Form 1/Registered As a Branch - Yes' is clicked on

2018-12-07 12:03:07 - [MESSAGE][PASSED] - Object: 'Object Repository/Final Object Repo/New Registration - Registration Module Pages/Form 1/Registered As a Branch - Yes' is clicked on

2018-12-07 12:03:07 - [TEST_STEP][PASSED] - click: Object: 'Object Repository/Final Object Repo/New Registration - Registration Module Pages/Form 1/Acknowledgement' is clicked on

2018-12-07 12:03:07 - [MESSAGE][PASSED] - Object: 'Object Repository/Final Object Repo/New Registration - Registration Module Pages/Form 1/Acknowledgement' is clicked on

2018-12-07 12:03:07 - [TEST_STEP][PASSED] - setText: Text 'perkeso' is set on object 'Object Repository/Final Object Repo/New Registration - Registration Module Pages/Form 1/Industry name'

2018-12-07 12:03:08 - [MESSAGE][PASSED] - Text 'perkeso' is set on object 'Object Repository/Final Object Repo/New Registration - Registration Module Pages/Form 1/Industry name'

2018-12-07 12:03:08 - [TEST_STEP][PASSED] - setText: Text 'perkeso1' is set on object 'Object Repository/Final Object Repo/New Registration - Registration Module Pages/Form 1/Postal Address1'

2018-12-07 12:03:08 - [MESSAGE][PASSED] - Text 'perkeso1' is set on object 'Object Repository/Final Object Repo/New Registration - Registration Module Pages/Form 1/Postal Address1'

2018-12-07 12:03:08 - [TEST_STEP][PASSED] - setText: Text 'perkeso2' is set on object 'Object Repository/Final Object Repo/New Registration - Registration Module Pages/Form 1/Postal Address2'

2018-12-07 12:03:08 - [MESSAGE][PASSED] - Text 'perkeso2' is set on object 'Object Repository/Final Object Repo/New Registration - Registration Module Pages/Form 1/Postal Address2'

2018-12-07 12:03:08 - [TEST_STEP][PASSED] - setText: Text 'perkeso3' is set on object 'Object Repository/Final Object Repo/New Registration - Registration Module Pages/Form 1/Postal Address3'

2018-12-07 12:03:09 - [MESSAGE][PASSED] - Text 'perkeso3' is set on object 'Object Repository/Final Object Repo/New Registration - Registration Module Pages/Form 1/Postal Address3'

2018-12-07 12:03:09 - [TEST_STEP][PASSED] - click: Object: 'Object Repository/Final Object Repo/New Registration - Registration Module Pages/Form 1/State' is clicked on

2018-12-07 12:03:09 - [MESSAGE][PASSED] - Object: 'Object Repository/Final Object Repo/New Registration - Registration Module Pages/Form 1/State' is clicked on

2018-12-07 12:03:09 - [TEST_STEP][PASSED] - click: Object: 'Object Repository/Final Object Repo/New Registration - Registration Module Pages/Form 1/State - Johor' is clicked on

2018-12-07 12:03:09 - [MESSAGE][PASSED] - Object: 'Object Repository/Final Object Repo/New Registration - Registration Module Pages/Form 1/State - Johor' is clicked on

2018-12-07 12:03:09 - [TEST_STEP][PASSED] - delay: Delayed 1 second(s)

2018-12-07 12:03:10 - [MESSAGE][PASSED] - Delayed 1 second(s)

2018-12-07 12:03:10 - [TEST_STEP][PASSED] - click: Object: 'Object Repository/Final Object Repo/New Registration - Registration Module Pages/Form 1/City' is clicked on

2018-12-07 12:03:10 - [MESSAGE][PASSED] - Object: 'Object Repository/Final Object Repo/New Registration - Registration Module Pages/Form 1/City' is clicked on

2018-12-07 12:03:10 - [TEST_STEP][PASSED] - setText: Text 'joh' is set on object 'Object Repository/Final Object Repo/New Registration - Registration Module Pages/Form 1/Postcode - 810'

2018-12-07 12:03:11 - [MESSAGE][PASSED] - Text 'joh' is set on object 'Object Repository/Final Object Repo/New Registration - Registration Module Pages/Form 1/Postcode - 810'

2018-12-07 12:03:11 - [TEST_STEP][PASSED] - delay: Delayed 1 second(s)

2018-12-07 12:03:12 - [MESSAGE][PASSED] - Delayed 1 second(s)

2018-12-07 12:03:12 - [TEST_STEP][PASSED] - click: Object: 'Object Repository/Final Object Repo/New Registration - Registration Module Pages/Form 1/City - Johor Bharu' is clicked on

2018-12-07 12:03:12 - [MESSAGE][PASSED] - Object: 'Object Repository/Final Object Repo/New Registration - Registration Module Pages/Form 1/City - Johor Bharu' is clicked on

2018-12-07 12:03:12 - [TEST_STEP][PASSED] - delay: Delayed 1 second(s)

2018-12-07 12:03:13 - [MESSAGE][PASSED] - Delayed 1 second(s)

2018-12-07 12:03:13 - [TEST_STEP][PASSED] - click: Object: 'Object Repository/Final Object Repo/New Registration - Registration Module Pages/Form 1/Postcode' is clicked on

2018-12-07 12:03:13 - [MESSAGE][PASSED] - Object: 'Object Repository/Final Object Repo/New Registration - Registration Module Pages/Form 1/Postcode' is clicked on

2018-12-07 12:03:13 - [TEST_STEP][PASSED] - delay: Delayed 1 second(s)

2018-12-07 12:03:14 - [MESSAGE][PASSED] - Delayed 1 second(s)

2018-12-07 12:03:14 - [TEST_STEP][PASSED] - setText: Text '810' is set on object 'Object Repository/Final Object Repo/New Registration - Registration Module Pages/Form 1/Postcode - 810'

2018-12-07 12:03:14 - [MESSAGE][PASSED] - Text '810' is set on object 'Object Repository/Final Object Repo/New Registration - Registration Module Pages/Form 1/Postcode - 810'

2018-12-07 12:03:14 - [TEST_STEP][PASSED] - delay: Delayed 3 second(s)

2018-12-07 12:03:17 - [MESSAGE][PASSED] - Delayed 3 second(s)

2018-12-07 12:03:17 - [TEST_STEP][PASSED] - click: Object: 'Object Repository/Final Object Repo/New Registration - Registration Module Pages/Form 1/Postcode - 81000' is clicked on

2018-12-07 12:03:18 - [MESSAGE][PASSED] - Object: 'Object Repository/Final Object Repo/New Registration - Registration Module Pages/Form 1/Postcode - 81000' is clicked on

2018-12-07 12:03:18 - [TEST_STEP][PASSED] - delay: Delayed 1 second(s)

2018-12-07 12:03:19 - [MESSAGE][PASSED] - Delayed 1 second(s)

2018-12-07 12:03:19 - [TEST_STEP][PASSED] - setText: Text '100' is set on object 'Object Repository/Final Object Repo/New Registration - Registration Module Pages/Form 1/P.O.BOX'

2018-12-07 12:03:19 - [MESSAGE][PASSED] - Text '100' is set on object 'Object Repository/Final Object Repo/New Registration - Registration Module Pages/Form 1/P.O.BOX'

2018-12-07 12:03:19 - [TEST_STEP][PASSED] - setText: Text '100' is set on object 'Object Repository/Final Object Repo/New Registration - Registration Module Pages/Form 1/Locked Bag No'

2018-12-07 12:03:19 - [MESSAGE][PASSED] - Text '100' is set on object 'Object Repository/Final Object Repo/New Registration - Registration Module Pages/Form 1/Locked Bag No'

2018-12-07 12:03:19 - [TEST_STEP][PASSED] - click: Object: 'Object Repository/Final Object Repo/New Registration - Registration Module Pages/Form 1/SOCSO Office Location' is clicked on

2018-12-07 12:03:19 - [MESSAGE][PASSED] - Object: 'Object Repository/Final Object Repo/New Registration - Registration Module Pages/Form 1/SOCSO Office Location' is clicked on

2018-12-07 12:03:19 - [TEST_STEP][PASSED] - click: Object: 'Object Repository/Final Object Repo/New Registration - Registration Module Pages/Form 1/SOCSO Office Location - Pejabat PERKESO Negeri Johor' is clicked on

2018-12-07 12:03:20 - [MESSAGE][PASSED] - Object: 'Object Repository/Final Object Repo/New Registration - Registration Module Pages/Form 1/SOCSO Office Location - Pejabat PERKESO Negeri Johor' is clicked on

2018-12-07 12:03:20 - [TEST_STEP][PASSED] - delay: Delayed 1 second(s)

2018-12-07 12:03:21 - [MESSAGE][PASSED] - Delayed 1 second(s)

2018-12-07 12:03:21 - [TEST_STEP][PASSED] - check: Object 'Object Repository/Final Object Repo/New Registration - Registration Module Pages/Form 1/Indusrty Address Same As Postal Address' is checked

2018-12-07 12:03:21 - [MESSAGE][PASSED] - Object 'Object Repository/Final Object Repo/New Registration - Registration Module Pages/Form 1/Indusrty Address Same As Postal Address' is checked

2018-12-07 12:03:21 - [TEST_STEP][PASSED] - delay: Delayed 3 second(s)

2018-12-07 12:03:24 - [MESSAGE][PASSED] - Delayed 3 second(s)

2018-12-07 12:03:24 - [TEST_STEP][PASSED] - click: Object: 'Object Repository/Final Object Repo/New Registration - Registration Module Pages/Form 1/Indusry Address Same As Postal Address False' is clicked on

2018-12-07 12:03:24 - [MESSAGE][PASSED] - Object: 'Object Repository/Final Object Repo/New Registration - Registration Module Pages/Form 1/Indusry Address Same As Postal Address False' is clicked on

2018-12-07 12:03:24 - [TEST_STEP][PASSED] - delay: Delayed 1 second(s)

2018-12-07 12:03:25 - [MESSAGE][PASSED] - Delayed 1 second(s)

2018-12-07 12:03:25 - [TEST_STEP][PASSED] - setText: Text 'perkeso1' is set on object 'Object Repository/Final Object Repo/New Registration - Registration Module Pages/Form 1/Industry Address1'

2018-12-07 12:03:25 - [MESSAGE][PASSED] - Text 'perkeso1' is set on object 'Object Repository/Final Object Repo/New Registration - Registration Module Pages/Form 1/Industry Address1'

2018-12-07 12:03:25 - [TEST_STEP][PASSED] - setText: Text 'perkeso2' is set on object 'Object Repository/Final Object Repo/New Registration - Registration Module Pages/Form 1/Industry Address2'

2018-12-07 12:03:26 - [MESSAGE][PASSED] - Text 'perkeso2' is set on object 'Object Repository/Final Object Repo/New Registration - Registration Module Pages/Form 1/Industry Address2'

2018-12-07 12:03:26 - [TEST_STEP][PASSED] - setText: Text 'perkeso3' is set on object 'Object Repository/Final Object Repo/New Registration - Registration Module Pages/Form 1/Industry Address3'

2018-12-07 12:03:26 - [MESSAGE][PASSED] - Text 'perkeso3' is set on object 'Object Repository/Final Object Repo/New Registration - Registration Module Pages/Form 1/Industry Address3'

2018-12-07 12:03:26 - [TEST_STEP][PASSED] - click: Object: 'Object Repository/Final Object Repo/New Registration - Registration Module Pages/Form 1/Industry State' is clicked on

2018-12-07 12:03:26 - [MESSAGE][PASSED] - Object: 'Object Repository/Final Object Repo/New Registration - Registration Module Pages/Form 1/Industry State' is clicked on

2018-12-07 12:03:26 - [TEST_STEP][PASSED] - delay: Delayed 2 second(s)

2018-12-07 12:03:28 - [MESSAGE][PASSED] - Delayed 2 second(s)

2018-12-07 12:03:28 - [TEST_STEP][PASSED] - click: Object: 'Object Repository/Final Object Repo/New Registration - Registration Module Pages/Form 1/Industry State - Johor' is clicked on

2018-12-07 12:03:29 - [MESSAGE][PASSED] - Object: 'Object Repository/Final Object Repo/New Registration - Registration Module Pages/Form 1/Industry State - Johor' is clicked on

2018-12-07 12:03:29 - [TEST_STEP][PASSED] - delay: Delayed 2 second(s)

2018-12-07 12:03:31 - [MESSAGE][PASSED] - Delayed 2 second(s)

2018-12-07 12:03:31 - [TEST_STEP][PASSED] - click: Object: 'Object Repository/Final Object Repo/New Registration - Registration Module Pages/Form 1/Industry Ciry' is clicked on

2018-12-07 12:03:31 - [MESSAGE][PASSED] - Object: 'Object Repository/Final Object Repo/New Registration - Registration Module Pages/Form 1/Industry Ciry' is clicked on

2018-12-07 12:03:31 - [TEST_STEP][PASSED] - setText: Text 'joh' is set on object 'Object Repository/Final Object Repo/New Registration - Registration Module Pages/Form 1/Industry Ciry - joh'

2018-12-07 12:03:31 - [MESSAGE][PASSED] - Text 'joh' is set on object 'Object Repository/Final Object Repo/New Registration - Registration Module Pages/Form 1/Industry Ciry - joh'

2018-12-07 12:03:31 - [TEST_STEP][PASSED] - delay: Delayed 2 second(s)

2018-12-07 12:03:33 - [MESSAGE][PASSED] - Delayed 2 second(s)

2018-12-07 12:03:33 - [TEST_STEP][PASSED] - click: Object: 'Object Repository/Final Object Repo/New Registration - Registration Module Pages/Form 1/Industy State - Johor Bharu' is clicked on

2018-12-07 12:03:33 - [MESSAGE][PASSED] - Object: 'Object Repository/Final Object Repo/New Registration - Registration Module Pages/Form 1/Industy State - Johor Bharu' is clicked on

2018-12-07 12:03:33 - [TEST_STEP][PASSED] - delay: Delayed 1 second(s)

2018-12-07 12:03:34 - [MESSAGE][PASSED] - Delayed 1 second(s)

2018-12-07 12:03:34 - [TEST_STEP][PASSED] - click: Object: 'Object Repository/Final Object Repo/New Registration - Registration Module Pages/Form 1/Indusry PostCode' is clicked on

2018-12-07 12:03:34 - [MESSAGE][PASSED] - Object: 'Object Repository/Final Object Repo/New Registration - Registration Module Pages/Form 1/Indusry PostCode' is clicked on

2018-12-07 12:03:34 - [TEST_STEP][PASSED] - delay: Delayed 1 second(s)

2018-12-07 12:03:35 - [MESSAGE][PASSED] - Delayed 1 second(s)

2018-12-07 12:03:35 - [TEST_STEP][PASSED] - setText: Text '810' is set on object 'Object Repository/Final Object Repo/New Registration - Registration Module Pages/Form 1/Insutry Post Code - 810'

2018-12-07 12:03:36 - [MESSAGE][PASSED] - Text '810' is set on object 'Object Repository/Final Object Repo/New Registration - Registration Module Pages/Form 1/Insutry Post Code - 810'

2018-12-07 12:03:36 - [TEST_STEP][PASSED] - delay: Delayed 1 second(s)

2018-12-07 12:03:37 - [MESSAGE][PASSED] - Delayed 1 second(s)

2018-12-07 12:03:37 - [TEST_STEP][PASSED] - click: Object: 'Object Repository/Final Object Repo/New Registration - Registration Module Pages/Form 1/Insutry Post Code - 81000' is clicked on

2018-12-07 12:03:37 - [MESSAGE][PASSED] - Object: 'Object Repository/Final Object Repo/New Registration - Registration Module Pages/Form 1/Insutry Post Code - 81000' is clicked on

2018-12-07 12:03:37 - [TEST_STEP][PASSED] - delay: Delayed 1 second(s)

2018-12-07 12:03:38 - [MESSAGE][PASSED] - Delayed 1 second(s)

2018-12-07 12:03:38 - [TEST_STEP][PASSED] - setText: Text '100' is set on object 'Object Repository/Final Object Repo/New Registration - Registration Module Pages/Form 1/Industry P.O.BOX'

2018-12-07 12:03:38 - [MESSAGE][PASSED] - Text '100' is set on object 'Object Repository/Final Object Repo/New Registration - Registration Module Pages/Form 1/Industry P.O.BOX'

2018-12-07 12:03:38 - [TEST_STEP][PASSED] - setText: Text '100' is set on object 'Object Repository/Final Object Repo/New Registration - Registration Module Pages/Form 1/Industry Locked Bag No'

2018-12-07 12:03:38 - [MESSAGE][PASSED] - Text '100' is set on object 'Object Repository/Final Object Repo/New Registration - Registration Module Pages/Form 1/Industry Locked Bag No'

2018-12-07 12:03:38 - [TEST_STEP][PASSED] - setText: Text '123456789' is set on object 'Object Repository/Final Object Repo/New Registration - Registration Module Pages/Form 1/Telephone No'

2018-12-07 12:03:39 - [MESSAGE][PASSED] - Text '123456789' is set on object 'Object Repository/Final Object Repo/New Registration - Registration Module Pages/Form 1/Telephone No'

2018-12-07 12:03:39 - [TEST_STEP][PASSED] - setText: Text '123456789' is set on object 'Object Repository/Final Object Repo/New Registration - Registration Module Pages/Form 1/Mobile No'

2018-12-07 12:03:39 - [MESSAGE][PASSED] - Text '123456789' is set on object 'Object Repository/Final Object Repo/New Registration - Registration Module Pages/Form 1/Mobile No'

2018-12-07 12:03:39 - [TEST_STEP][PASSED] - setText: Text '123456789' is set on object 'Object Repository/Final Object Repo/New Registration - Registration Module Pages/Form 1/Fax No'

2018-12-07 12:03:40 - [MESSAGE][PASSED] - Text '123456789' is set on object 'Object Repository/Final Object Repo/New Registration - Registration Module Pages/Form 1/Fax No'

2018-12-07 12:03:40 - [TEST_STEP][PASSED] - click: Object: 'Object Repository/Final Object Repo/New Registration - Registration Module Pages/Form 1/Industry Code' is clicked on

2018-12-07 12:03:40 - [MESSAGE][PASSED] - Object: 'Object Repository/Final Object Repo/New Registration - Registration Module Pages/Form 1/Industry Code' is clicked on

2018-12-07 12:03:40 - [TEST_STEP][PASSED] - click: Object: 'Object Repository/Final Object Repo/New Registration - Registration Module Pages/Form 1/Indudustry Code - Crops and Animal' is clicked on

2018-12-07 12:03:40 - [MESSAGE][PASSED] - Object: 'Object Repository/Final Object Repo/New Registration - Registration Module Pages/Form 1/Indudustry Code - Crops and Animal' is clicked on

2018-12-07 12:03:40 - [TEST_STEP][PASSED] - delay: Delayed 1 second(s)

2018-12-07 12:03:41 - [MESSAGE][PASSED] - Delayed 1 second(s)

2018-12-07 12:03:41 - [TEST_STEP][PASSED] - click: Object: 'Object Repository/Final Object Repo/New Registration - Registration Module Pages/Form 1/Sub Industry Code List' is clicked on

2018-12-07 12:03:41 - [MESSAGE][PASSED] - Object: 'Object Repository/Final Object Repo/New Registration - Registration Module Pages/Form 1/Sub Industry Code List' is clicked on

2018-12-07 12:03:41 - [TEST_STEP][PASSED] - click: Object: 'Object Repository/Final Object Repo/New Registration - Registration Module Pages/Form 1/Sub Industry Code List - Growing of Maize' is clicked on

2018-12-07 12:03:42 - [MESSAGE][PASSED] - Object: 'Object Repository/Final Object Repo/New Registration - Registration Module Pages/Form 1/Sub Industry Code List - Growing of Maize' is clicked on

2018-12-07 12:03:42 - [TEST_STEP][PASSED] - setText: Text 'perkeso123@gmail.com' is set on object 'Object Repository/Final Object Repo/New Registration - Registration Module Pages/Form 1/Email'

2018-12-07 12:03:42 - [MESSAGE][PASSED] - Text 'perkeso123@gmail.com' is set on object 'Object Repository/Final Object Repo/New Registration - Registration Module Pages/Form 1/Email'

2018-12-07 12:03:42 - [TEST_STEP][PASSED] - click: Object: 'Object Repository/Final Object Repo/New Registration - Registration Module Pages/Form 1/Method of Contribution Payment' is clicked on

2018-12-07 12:03:42 - [MESSAGE][PASSED] - Object: 'Object Repository/Final Object Repo/New Registration - Registration Module Pages/Form 1/Method of Contribution Payment' is clicked on

2018-12-07 12:03:42 - [TEST_STEP][PASSED] - click: Object: 'Object Repository/Final Object Repo/New Registration - Registration Module Pages/Form 1/Method of Contribution Payment - Portal' is clicked on

2018-12-07 12:03:43 - [MESSAGE][PASSED] - Object: 'Object Repository/Final Object Repo/New Registration - Registration Module Pages/Form 1/Method of Contribution Payment - Portal' is clicked on

2018-12-07 12:03:43 - [TEST_STEP][PASSED] - click: Object: 'Object Repository/Final Object Repo/New Registration - Registration Module Pages/Form 1/Servide Type' is clicked on

2018-12-07 12:03:43 - [MESSAGE][PASSED] - Object: 'Object Repository/Final Object Repo/New Registration - Registration Module Pages/Form 1/Servide Type' is clicked on

2018-12-07 12:03:43 - [TEST_STEP][PASSED] - click: Object: 'Object Repository/Final Object Repo/New Registration - Registration Module Pages/Form 1/Servide Type - Professional Bodies' is clicked on

2018-12-07 12:03:43 - [MESSAGE][PASSED] - Object: 'Object Repository/Final Object Repo/New Registration - Registration Module Pages/Form 1/Servide Type - Professional Bodies' is clicked on

2018-12-07 12:03:43 - [TEST_STEP][PASSED] - click: Object: 'Object Repository/Final Object Repo/New Registration - Registration Module Pages/Form 1/Industry Venue' is clicked on

2018-12-07 12:03:43 - [MESSAGE][PASSED] - Object: 'Object Repository/Final Object Repo/New Registration - Registration Module Pages/Form 1/Industry Venue' is clicked on

2018-12-07 12:03:43 - [TEST_STEP][PASSED] - click: Object: 'Object Repository/Final Object Repo/New Registration - Registration Module Pages/Form 1/Industry Venue -  PPN JOHOR' is clicked on

2018-12-07 12:03:44 - [MESSAGE][PASSED] - Object: 'Object Repository/Final Object Repo/New Registration - Registration Module Pages/Form 1/Industry Venue -  PPN JOHOR' is clicked on

2018-12-07 12:03:44 - [TEST_STEP][PASSED] - click: Object: 'Object Repository/Final Object Repo/New Registration - Registration Module Pages/Form 1/Save  Continue' is clicked on

2018-12-07 12:03:44 - [MESSAGE][PASSED] - Object: 'Object Repository/Final Object Repo/New Registration - Registration Module Pages/Form 1/Save  Continue' is clicked on

2018-12-07 12:03:44 - [MESSAGE][PASSED] - Call Test Case 'Test Cases/Final Aug 2018 - PKS Automation/Registration Module/New Registration/Form 1/Form 1 - Corporation - BHD' successfully

2018-12-07 12:03:44 - [TEST_STEP][PASSED] - callTestCase: Call Test Case 'Test Cases/Final Aug 2018 - PKS Automation/Registration Module/New Registration/Form 2/Add 1 Eligible' successfully

2018-12-07 12:03:44 - [TEST_CASE][PASSED] - Test Cases/Final Aug 2018 - PKS Automation/Registration Module/New Registration/Form 2/Add 1 Eligible: Test Cases/Final Aug 2018 - PKS Automation/Registration Module/New Registration/Form 2/Add 1 Eligible

2018-12-07 12:03:44 - [TEST_STEP][PASSED] - delay: Delayed 2 second(s)

2018-12-07 12:03:46 - [MESSAGE][PASSED] - Delayed 2 second(s)

2018-12-07 12:03:46 - [TEST_STEP][PASSED] - callTestCase: Call Test Case 'Test Cases/Final Aug 2018 - PKS Automation/Registration Module/New Registration/Form 2/Date Updater' successfully

2018-12-07 12:03:46 - [TEST_CASE][PASSED] - Test Cases/Final Aug 2018 - PKS Automation/Registration Module/New Registration/Form 2/Date Updater: Test Cases/Final Aug 2018 - PKS Automation/Registration Module/New Registration/Form 2/Date Updater

2018-12-07 12:03:46 - [TEST_STEP][PASSED] - Statement - TodayDate = new java.util.Date(): null

2018-12-07 12:03:46 - [TEST_STEP][PASSED] - Statement - CurrentDateNoFilter = new java.text.SimpleDateFormat(): null

2018-12-07 12:03:46 - [TEST_STEP][PASSED] - Statement - CurrentDateNoFilter.applyPattern("MM"): null

2018-12-07 12:03:46 - [TEST_STEP][PASSED] - Statement - monthContainerMatcher = java.lang.Integer.parseInt(CurrentDateNoFilter.format(TodayDate)): null

2018-12-07 12:03:46 - [TEST_STEP][PASSED] - Statement - monthContainerMatcher = monthContainerMatcher - 1: null

2018-12-07 12:03:46 - [TEST_STEP][PASSED] - Statement - CurrentMonth = monthContainerMatcher.toString(): null

2018-12-07 12:03:46 - [TEST_STEP][PASSED] - Statement - CurrentMonth = CurrentMonth: null

2018-12-07 12:03:46 - [TEST_STEP][PASSED] - Statement - CurrentDateNoFilter.applyPattern("yyyy"): null

2018-12-07 12:03:46 - [TEST_STEP][PASSED] - Statement - CurrentYear = CurrentDateNoFilter.format(TodayDate): null

2018-12-07 12:03:46 - [TEST_STEP][PASSED] - Statement - CurrentYear = CurrentYear: null

2018-12-07 12:03:46 - [TEST_STEP][PASSED] - Statement - intCurrentYear = java.lang.Integer.parseInt(CurrentDateNoFilter.format(TodayDate)): null

2018-12-07 12:03:46 - [TEST_STEP][PASSED] - Statement - eighteenYrsAgo = intCurrentYear - 18: null

2018-12-07 12:03:46 - [TEST_STEP][PASSED] - Statement - eighteenYrsBeforeThisYr = eighteenYrsAgo.toString(): null

2018-12-07 12:03:46 - [TEST_STEP][PASSED] - Statement - EighteenYrsBefore = eighteenYrsBeforeThisYr: null

2018-12-07 12:03:46 - [TEST_STEP][PASSED] - Statement - fiftysevenYrsAgo = intCurrentYear - 57: null

2018-12-07 12:03:46 - [TEST_STEP][PASSED] - Statement - fiftysevenYrsBeforeThisYr = fiftysevenYrsAgo.toString(): null

2018-12-07 12:03:46 - [TEST_STEP][PASSED] - Statement - FiftysevenYrsBefore = fiftysevenYrsBeforeThisYr: null

2018-12-07 12:03:46 - [TEST_STEP][PASSED] - Statement - leapYear = false: null

2018-12-07 12:03:46 - [TEST_STEP][PASSED] - Statement - leapYear = intCurrentYear % 4 == 0: null

2018-12-07 12:03:46 - [TEST_STEP][PASSED] - Statement - CurrentDateNoFilter.applyPattern("dd"): null

2018-12-07 12:03:46 - [TEST_STEP][PASSED] - Statement - CurrentDate = CurrentDateNoFilter.format(TodayDate): null

2018-12-07 12:03:46 - [TEST_STEP][PASSED] - Statement - CurrentDate = java.lang.Integer.parseInt(CurrentDate): null

2018-12-07 12:03:46 - [TEST_STEP][PASSED] - Statement - CurrentDate = CurrentDate: null

2018-12-07 12:03:46 - [TEST_STEP][PASSED] - Statement - CurrentDay = java.lang.Integer.parseInt(CurrentDate): null

2018-12-07 12:03:46 - [TEST_STEP][PASSED] - Statement - ConfAdder = <not implemented yet for class: org.codehaus.groovy.ast.expr.EmptyExpression>: null

2018-12-07 12:03:46 - [TEST_STEP][PASSED] - Statement - out.println(CurrentMonth): null

2018-12-07 12:03:46 - [TEST_STEP][PASSED] - Statement - out.println(CurrentDate): null

2018-12-07 12:03:46 - [TEST_STEP][PASSED] - Statement - switch (CurrentDate): null

2018-12-07 12:03:46 - [TEST_STEP][PASSED] - Statement - Default: null

2018-12-07 12:03:46 - [TEST_STEP][PASSED] - Statement - ConfAdder = true: null

2018-12-07 12:03:46 - [TEST_STEP][PASSED] - Statement - Break: null

2018-12-07 12:03:46 - [TEST_STEP][PASSED] - Statement - aDayBefore = <not implemented yet for class: org.codehaus.groovy.ast.expr.EmptyExpression>: null

2018-12-07 12:03:46 - [TEST_STEP][PASSED] - Statement - out.println(ConfAdder): null

2018-12-07 12:03:46 - [TEST_STEP][PASSED] - Statement - If (ConfAdder == true): null

2018-12-07 12:03:46 - [TEST_STEP][PASSED] - Statement - aDayBefore = CurrentDay + 1: null

2018-12-07 12:03:46 - [TEST_STEP][PASSED] - Statement - out.println(aDayBefore): null

2018-12-07 12:03:46 - [TEST_STEP][PASSED] - Statement - If (aDayBefore == 1 && CurrentMonth == 11): null

2018-12-07 12:03:46 - [TEST_STEP][PASSED] - Statement - DayBefore = aDayBefore.toString(): null

2018-12-07 12:03:46 - [TEST_STEP][PASSED] - Statement - OneDayBefore = DayBefore: null

2018-12-07 12:03:46 - [MESSAGE][PASSED] - Call Test Case 'Test Cases/Final Aug 2018 - PKS Automation/Registration Module/New Registration/Form 2/Date Updater' successfully

2018-12-07 12:03:47 - [TEST_STEP][PASSED] - delay: Delayed 1 second(s)

2018-12-07 12:03:48 - [MESSAGE][PASSED] - Delayed 1 second(s)

2018-12-07 12:03:48 - [TEST_STEP][PASSED] - Statement - CaseReferenceNo = com.kms.katalon.core.webui.keyword.WebUiBuiltInKeywords.getText(com.kms.katalon.core.testobject.ObjectRepository.findTestObject(Final Object Repo/New Registration - Registration Module Pages/Form 2/RefNo Acquiring)): Text of object 'Object Repository/Final Object Repo/New Registration - Registration Module Pages/Form 2/RefNo Acquiring' is: 'CRN12201800123090'

2018-12-07 12:03:48 - [MESSAGE][PASSED] - Text of object 'Object Repository/Final Object Repo/New Registration - Registration Module Pages/Form 2/RefNo Acquiring' is: 'CRN12201800123090'

2018-12-07 12:03:48 - [TEST_STEP][PASSED] - delay: Delayed 1 second(s)

2018-12-07 12:03:49 - [MESSAGE][PASSED] - Delayed 1 second(s)

2018-12-07 12:03:49 - [TEST_STEP][PASSED] - click: Object: 'Object Repository/Final Object Repo/New Registration - Registration Module Pages/Form 2/Add Employee Button' is clicked on

2018-12-07 12:03:49 - [MESSAGE][PASSED] - Object: 'Object Repository/Final Object Repo/New Registration - Registration Module Pages/Form 2/Add Employee Button' is clicked on

2018-12-07 12:03:49 - [TEST_STEP][PASSED] - delay: Delayed 1 second(s)

2018-12-07 12:03:50 - [MESSAGE][PASSED] - Delayed 1 second(s)

2018-12-07 12:03:50 - [TEST_STEP][PASSED] - setText: Text '010903091963' is set on object 'Object Repository/Final Object Repo/New Registration - Registration Module Pages/Form 2/NRIC Input'

2018-12-07 12:03:50 - [MESSAGE][PASSED] - Text '010903091963' is set on object 'Object Repository/Final Object Repo/New Registration - Registration Module Pages/Form 2/NRIC Input'

2018-12-07 12:03:50 - [TEST_STEP][PASSED] - click: Object: 'Object Repository/Final Object Repo/New Registration - Registration Module Pages/Form 2/button for search for IC' is clicked on

2018-12-07 12:03:50 - [MESSAGE][PASSED] - Object: 'Object Repository/Final Object Repo/New Registration - Registration Module Pages/Form 2/button for search for IC' is clicked on

2018-12-07 12:03:50 - [TEST_STEP][PASSED] - delay: Delayed 2 second(s)

2018-12-07 12:03:52 - [MESSAGE][PASSED] - Delayed 2 second(s)

2018-12-07 12:03:52 - [TEST_STEP][PASSED] - setText: Text 'Automate001 eligible 1' is set on object 'Object Repository/Final Object Repo/New Registration - Registration Module Pages/Form 2/Employee Name Input'

2018-12-07 12:03:53 - [MESSAGE][PASSED] - Text 'Automate001 eligible 1' is set on object 'Object Repository/Final Object Repo/New Registration - Registration Module Pages/Form 2/Employee Name Input'

2018-12-07 12:03:53 - [TEST_STEP][PASSED] - delay: Delayed 2 second(s)

2018-12-07 12:03:55 - [MESSAGE][PASSED] - Delayed 2 second(s)

2018-12-07 12:03:55 - [TEST_STEP][PASSED] - click: Object: 'Object Repository/Final Object Repo/New Registration - Registration Module Pages/Form 2/DatePicker Pop Up' is clicked on

2018-12-07 12:03:55 - [MESSAGE][PASSED] - Object: 'Object Repository/Final Object Repo/New Registration - Registration Module Pages/Form 2/DatePicker Pop Up' is clicked on

2018-12-07 12:03:55 - [TEST_STEP][PASSED] - click: Object: 'Object Repository/Final Object Repo/New Registration - Registration Module Pages/Form 2/DOB Month' is clicked on

2018-12-07 12:03:55 - [MESSAGE][PASSED] - Object: 'Object Repository/Final Object Repo/New Registration - Registration Module Pages/Form 2/DOB Month' is clicked on

2018-12-07 12:03:55 - [TEST_STEP][PASSED] - Statement - CurrentMonth = CurrentMonth: null

2018-12-07 12:03:55 - [TEST_STEP][PASSED] - Statement - selectMonth = new com.kms.katalon.core.testobject.TestObject(): null

2018-12-07 12:03:55 - [TEST_STEP][PASSED] - Statement - selectMonth.addProperty("xpath", EQUALS, "//body/div/div/div/select/option[@value='" + CurrentMonth + "']", true): null

2018-12-07 12:03:55 - [TEST_STEP][PASSED] - click: Object: '' is clicked on

2018-12-07 12:03:56 - [MESSAGE][PASSED] - Object: '' is clicked on

2018-12-07 12:03:56 - [TEST_STEP][PASSED] - click: Object: 'Object Repository/Final Object Repo/New Registration - Registration Module Pages/Form 2/DOB Year' is clicked on

2018-12-07 12:03:56 - [MESSAGE][PASSED] - Object: 'Object Repository/Final Object Repo/New Registration - Registration Module Pages/Form 2/DOB Year' is clicked on

2018-12-07 12:03:56 - [TEST_STEP][PASSED] - Statement - Eyearsbf = EighteenYrsBefore: null

2018-12-07 12:03:56 - [TEST_STEP][PASSED] - Statement - selectYear = new com.kms.katalon.core.testobject.TestObject(): null

2018-12-07 12:03:56 - [TEST_STEP][PASSED] - Statement - selectYear.addProperty("xpath", EQUALS, "//div/div/div/select/option[@value='" + Eyearsbf + "']", true): null

2018-12-07 12:03:56 - [TEST_STEP][PASSED] - click: Object: '' is clicked on

2018-12-07 12:03:56 - [MESSAGE][PASSED] - Object: '' is clicked on

2018-12-07 12:03:56 - [TEST_STEP][PASSED] - Statement - UpdatedSelectDate = com.kms.katalon.core.webui.keyword.WebUiBuiltInKeywords.modifyObjectProperty(com.kms.katalon.core.testobject.ObjectRepository.findTestObject(Final Object Repo/New Registration - Registration Module Pages/Form 2/DOB Date), "xpath", "equals", "//body/div/table/tbody/tr/td/a[text()="" + CurrentDate + ""]", true): Modify property of object successfully

2018-12-07 12:03:56 - [MESSAGE][PASSED] - Modify property of object successfully

2018-12-07 12:03:56 - [TEST_STEP][PASSED] - delay: Delayed 3 second(s)

2018-12-07 12:03:59 - [MESSAGE][PASSED] - Delayed 3 second(s)

2018-12-07 12:03:59 - [TEST_STEP][PASSED] - click: Object: 'Object Repository/Final Object Repo/New Registration - Registration Module Pages/Form 2/DOB Date' is clicked on

2018-12-07 12:03:59 - [MESSAGE][PASSED] - Object: 'Object Repository/Final Object Repo/New Registration - Registration Module Pages/Form 2/DOB Date' is clicked on

2018-12-07 12:03:59 - [TEST_STEP][PASSED] - delay: Delayed 2 second(s)

2018-12-07 12:04:01 - [MESSAGE][PASSED] - Delayed 2 second(s)

2018-12-07 12:04:01 - [TEST_STEP][PASSED] - click: Object: 'Object Repository/Final Object Repo/New Registration - Registration Module Pages/Form 2/EmploymentStartDate Pop Up' is clicked on

2018-12-07 12:04:01 - [MESSAGE][PASSED] - Object: 'Object Repository/Final Object Repo/New Registration - Registration Module Pages/Form 2/EmploymentStartDate Pop Up' is clicked on

2018-12-07 12:04:01 - [TEST_STEP][PASSED] - delay: Delayed 2 second(s)

2018-12-07 12:04:03 - [MESSAGE][PASSED] - Delayed 2 second(s)

2018-12-07 12:04:03 - [TEST_STEP][PASSED] - click: Object: 'Object Repository/Final Object Repo/New Registration - Registration Module Pages/Form 2/Socso Employment StartDate Month' is clicked on

2018-12-07 12:04:03 - [MESSAGE][PASSED] - Object: 'Object Repository/Final Object Repo/New Registration - Registration Module Pages/Form 2/Socso Employment StartDate Month' is clicked on

2018-12-07 12:04:03 - [TEST_STEP][PASSED] - delay: Delayed 1 second(s)

2018-12-07 12:04:04 - [MESSAGE][PASSED] - Delayed 1 second(s)

2018-12-07 12:04:04 - [TEST_STEP][PASSED] - click: Object: 'Object Repository/Final Object Repo/New Registration - Registration Module Pages/Form 2/Select Socso Employement Startdate Month' is clicked on

2018-12-07 12:04:05 - [MESSAGE][PASSED] - Object: 'Object Repository/Final Object Repo/New Registration - Registration Module Pages/Form 2/Select Socso Employement Startdate Month' is clicked on

2018-12-07 12:04:05 - [TEST_STEP][PASSED] - delay: Delayed 2 second(s)

2018-12-07 12:04:07 - [MESSAGE][PASSED] - Delayed 2 second(s)

2018-12-07 12:04:07 - [TEST_STEP][PASSED] - click: Object: 'Object Repository/Final Object Repo/New Registration - Registration Module Pages/Form 2/Socso Employment StartDate Year' is clicked on

2018-12-07 12:04:07 - [MESSAGE][PASSED] - Object: 'Object Repository/Final Object Repo/New Registration - Registration Module Pages/Form 2/Socso Employment StartDate Year' is clicked on

2018-12-07 12:04:07 - [TEST_STEP][PASSED] - delay: Delayed 1 second(s)

2018-12-07 12:04:08 - [MESSAGE][PASSED] - Delayed 1 second(s)

2018-12-07 12:04:08 - [TEST_STEP][PASSED] - click: Object: 'Object Repository/Final Object Repo/New Registration - Registration Module Pages/Form 2/Select Socso Employment Startdate Year' is clicked on

2018-12-07 12:04:08 - [MESSAGE][PASSED] - Object: 'Object Repository/Final Object Repo/New Registration - Registration Module Pages/Form 2/Select Socso Employment Startdate Year' is clicked on

2018-12-07 12:04:08 - [TEST_STEP][PASSED] - delay: Delayed 2 second(s)

2018-12-07 12:04:10 - [MESSAGE][PASSED] - Delayed 2 second(s)

2018-12-07 12:04:10 - [TEST_STEP][PASSED] - click: Object: 'Object Repository/Final Object Repo/New Registration - Registration Module Pages/Form 2/Socso Employment Start Date Day' is clicked on

2018-12-07 12:04:10 - [MESSAGE][PASSED] - Object: 'Object Repository/Final Object Repo/New Registration - Registration Module Pages/Form 2/Socso Employment Start Date Day' is clicked on

2018-12-07 12:04:10 - [TEST_STEP][PASSED] - delay: Delayed 2 second(s)

2018-12-07 12:04:12 - [MESSAGE][PASSED] - Delayed 2 second(s)

2018-12-07 12:04:12 - [TEST_STEP][PASSED] - click: Object: 'Object Repository/Final Object Repo/New Registration - Registration Module Pages/Form 2/Save Button for Add Employee' is clicked on

2018-12-07 12:04:12 - [MESSAGE][PASSED] - Object: 'Object Repository/Final Object Repo/New Registration - Registration Module Pages/Form 2/Save Button for Add Employee' is clicked on

2018-12-07 12:04:12 - [TEST_STEP][PASSED] - delay: Delayed 6 second(s)

2018-12-07 12:04:18 - [MESSAGE][PASSED] - Delayed 6 second(s)

2018-12-07 12:04:18 - [TEST_STEP][PASSED] - click: Object: 'Object Repository/Final Object Repo/New Registration - Registration Module Pages/Form 2/Save and Continue Form 2' is clicked on

2018-12-07 12:04:19 - [MESSAGE][PASSED] - Object: 'Object Repository/Final Object Repo/New Registration - Registration Module Pages/Form 2/Save and Continue Form 2' is clicked on

2018-12-07 12:04:19 - [MESSAGE][PASSED] - Call Test Case 'Test Cases/Final Aug 2018 - PKS Automation/Registration Module/New Registration/Form 2/Add 1 Eligible' successfully

2018-12-07 12:04:19 - [TEST_STEP][PASSED] - callTestCase: Call Test Case 'Test Cases/Final Aug 2018 - PKS Automation/Registration Module/New Registration/Flow of New Registration/Third Screen - Upload Supporting Doc - Preview' successfully

2018-12-07 12:04:19 - [TEST_CASE][PASSED] - Test Cases/Final Aug 2018 - PKS Automation/Registration Module/New Registration/Flow of New Registration/Third Screen - Upload Supporting Doc - Preview: Test Cases/Final Aug 2018 - PKS Automation/Registration Module/New Registration/Flow of New Registration/Third Screen - Upload Supporting Doc - Preview

2018-12-07 12:04:19 - [TEST_STEP][PASSED] - waitForPageLoad: Wait for page load successfully

2018-12-07 12:04:19 - [MESSAGE][PASSED] - Wait for page load successfully

2018-12-07 12:04:19 - [TEST_STEP][PASSED] - Statement - CaseReferenceNo = com.kms.katalon.core.webui.keyword.WebUiBuiltInKeywords.getText(com.kms.katalon.core.testobject.ObjectRepository.findTestObject(Final Object Repo/New Registration - Registration Module Pages/Third Screen - Upload Supporting Doc- Preview/RefNo Acquiring)): Text of object 'Object Repository/Final Object Repo/New Registration - Registration Module Pages/Third Screen - Upload Supporting Doc- Preview/RefNo Acquiring' is: 'CRN12201800123090'

2018-12-07 12:04:20 - [MESSAGE][PASSED] - Text of object 'Object Repository/Final Object Repo/New Registration - Registration Module Pages/Third Screen - Upload Supporting Doc- Preview/RefNo Acquiring' is: 'CRN12201800123090'

2018-12-07 12:04:20 - [TEST_STEP][PASSED] - delay: Delayed 2 second(s)

2018-12-07 12:04:22 - [MESSAGE][PASSED] - Delayed 2 second(s)

2018-12-07 12:04:22 - [TEST_STEP][PASSED] - callTestCase: Call Test Case 'Test Cases/Final Aug 2018 - PKS Automation/Common/Reference Number Setter' successfully

2018-12-07 12:04:22 - [TEST_CASE][PASSED] - Test Cases/Final Aug 2018 - PKS Automation/Common/Reference Number Setter: Test Cases/Final Aug 2018 - PKS Automation/Common/Reference Number Setter

2018-12-07 12:04:22 - [TEST_STEP][PASSED] - Statement - RefNoOldFile = new java.io.File(C://Users//Admin//Desktop//PKS//Automation Reference Point//KatalonReference.txt): null

2018-12-07 12:04:22 - [TEST_STEP][PASSED] - Statement - RefNoOldFile.delete(): null

2018-12-07 12:04:22 - [TEST_STEP][PASSED] - delay: Delayed 5 second(s)

2018-12-07 12:04:27 - [MESSAGE][PASSED] - Delayed 5 second(s)

2018-12-07 12:04:27 - [TEST_STEP][PASSED] - Statement - RefNo = new java.io.File(C://Users//Admin//Desktop//PKS//Automation Reference Point//KatalonReference.txt): null

2018-12-07 12:04:27 - [TEST_STEP][PASSED] - Statement - f2 = new java.io.FileWriter(RefNo, false): null

2018-12-07 12:04:27 - [TEST_STEP][PASSED] - Statement - f2.write(CaseReferenceNo): null

2018-12-07 12:04:27 - [TEST_STEP][PASSED] - Statement - f2.close(): null

2018-12-07 12:04:27 - [TEST_STEP][PASSED] - Statement - out.println("


" + CaseReferenceNo + "


"): null

2018-12-07 12:04:27 - [MESSAGE][PASSED] - Call Test Case 'Test Cases/Final Aug 2018 - PKS Automation/Common/Reference Number Setter' successfully

2018-12-07 12:04:27 - [TEST_STEP][PASSED] - waitForElementClickable: Object 'Object Repository/Final Object Repo/New Registration - Registration Module Pages/Third Screen - Upload Supporting Doc- Preview/Save n Continue in SIP Employee Listing Page' is clickable

2018-12-07 12:04:27 - [MESSAGE][PASSED] - Object 'Object Repository/Final Object Repo/New Registration - Registration Module Pages/Third Screen - Upload Supporting Doc- Preview/Save n Continue in SIP Employee Listing Page' is clickable

2018-12-07 12:04:27 - [TEST_STEP][PASSED] - click: Object: 'Object Repository/Final Object Repo/New Registration - Registration Module Pages/Third Screen - Upload Supporting Doc- Preview/Save n Continue in SIP Employee Listing Page' is clicked on

2018-12-07 12:04:32 - [MESSAGE][PASSED] - Object: 'Object Repository/Final Object Repo/New Registration - Registration Module Pages/Third Screen - Upload Supporting Doc- Preview/Save n Continue in SIP Employee Listing Page' is clicked on

2018-12-07 12:04:32 - [TEST_STEP][PASSED] - delay: Delayed 7 second(s)

2018-12-07 12:04:39 - [MESSAGE][PASSED] - Delayed 7 second(s)

2018-12-07 12:04:39 - [TEST_STEP][PASSED] - click: Object: 'Object Repository/Final Object Repo/New Registration - Registration Module Pages/Third Screen - Upload Supporting Doc- Preview/Add Document Button' is clicked on

2018-12-07 12:04:39 - [MESSAGE][PASSED] - Object: 'Object Repository/Final Object Repo/New Registration - Registration Module Pages/Third Screen - Upload Supporting Doc- Preview/Add Document Button' is clicked on

2018-12-07 12:04:39 - [TEST_STEP][PASSED] - delay: Delayed 30 second(s)

2018-12-07 12:05:09 - [MESSAGE][PASSED] - Delayed 30 second(s)

2018-12-07 12:05:09 - [TEST_STEP][PASSED] - click: Object: 'Object Repository/Final Object Repo/New Registration - Registration Module Pages/Third Screen - Upload Supporting Doc- Preview/Supporting Doc Please Select Drop Down' is clicked on

2018-12-07 12:05:10 - [MESSAGE][PASSED] - Object: 'Object Repository/Final Object Repo/New Registration - Registration Module Pages/Third Screen - Upload Supporting Doc- Preview/Supporting Doc Please Select Drop Down' is clicked on

2018-12-07 12:05:10 - [TEST_STEP][PASSED] - delay: Delayed 2 second(s)

2018-12-07 12:05:12 - [MESSAGE][PASSED] - Delayed 2 second(s)

2018-12-07 12:05:12 - [TEST_STEP][PASSED] - click: Object: 'Object Repository/Final Object Repo/New Registration - Registration Module Pages/Third Screen - Upload Supporting Doc- Preview/Select to Upload Form 1' is clicked on

2018-12-07 12:05:12 - [MESSAGE][PASSED] - Object: 'Object Repository/Final Object Repo/New Registration - Registration Module Pages/Third Screen - Upload Supporting Doc- Preview/Select to Upload Form 1' is clicked on

2018-12-07 12:05:12 - [TEST_STEP][PASSED] - delay: Delayed 2 second(s)

2018-12-07 12:05:14 - [MESSAGE][PASSED] - Delayed 2 second(s)

2018-12-07 12:05:14 - [TEST_STEP][PASSED] - uploadFile: File 'C:\Users\Public\Pictures\Sample Pictures\Koala.jpg' sent to object: 'Object Repository/Final Object Repo/New Registration - Registration Module Pages/Third Screen - Upload Supporting Doc- Preview/Upload File Adding'

2018-12-07 12:05:14 - [MESSAGE][PASSED] - File 'C:\Users\Public\Pictures\Sample Pictures\Koala.jpg' sent to object: 'Object Repository/Final Object Repo/New Registration - Registration Module Pages/Third Screen - Upload Supporting Doc- Preview/Upload File Adding'

2018-12-07 12:05:14 - [TEST_STEP][PASSED] - delay: Delayed 5 second(s)

2018-12-07 12:05:19 - [MESSAGE][PASSED] - Delayed 5 second(s)

2018-12-07 12:05:23 - [TEST_STEP][PASSED] - click: Object: 'Object Repository/Final Object Repo/New Registration - Registration Module Pages/Third Screen - Upload Supporting Doc- Preview/Inner Form Add Document Button' is clicked on

2018-12-07 12:05:23 - [MESSAGE][PASSED] - Object: 'Object Repository/Final Object Repo/New Registration - Registration Module Pages/Third Screen - Upload Supporting Doc- Preview/Inner Form Add Document Button' is clicked on

2018-12-07 12:05:23 - [TEST_STEP][PASSED] - delay: Delayed 3 second(s)

2018-12-07 12:05:26 - [MESSAGE][PASSED] - Delayed 3 second(s)

2018-12-07 12:05:26 - [TEST_STEP][PASSED] - click: Object: 'Object Repository/Final Object Repo/New Registration - Registration Module Pages/Third Screen - Upload Supporting Doc- Preview/Add Document Button' is clicked on

2018-12-07 12:05:27 - [MESSAGE][PASSED] - Object: 'Object Repository/Final Object Repo/New Registration - Registration Module Pages/Third Screen - Upload Supporting Doc- Preview/Add Document Button' is clicked on

2018-12-07 12:05:27 - [TEST_STEP][PASSED] - delay: Delayed 30 second(s)

2018-12-07 12:05:57 - [MESSAGE][PASSED] - Delayed 30 second(s)

2018-12-07 12:05:57 - [TEST_STEP][PASSED] - click: Object: 'Object Repository/Final Object Repo/New Registration - Registration Module Pages/Third Screen - Upload Supporting Doc- Preview/Supporting Doc Please Select Drop Down' is clicked on

2018-12-07 12:05:57 - [MESSAGE][PASSED] - Object: 'Object Repository/Final Object Repo/New Registration - Registration Module Pages/Third Screen - Upload Supporting Doc- Preview/Supporting Doc Please Select Drop Down' is clicked on

2018-12-07 12:05:57 - [TEST_STEP][PASSED] - delay: Delayed 2 second(s)

2018-12-07 12:05:59 - [MESSAGE][PASSED] - Delayed 2 second(s)

2018-12-07 12:05:59 - [TEST_STEP][PASSED] - click: Object: 'Object Repository/Final Object Repo/New Registration - Registration Module Pages/Third Screen - Upload Supporting Doc- Preview/Select to Upload Form 2' is clicked on

2018-12-07 12:06:00 - [MESSAGE][PASSED] - Object: 'Object Repository/Final Object Repo/New Registration - Registration Module Pages/Third Screen - Upload Supporting Doc- Preview/Select to Upload Form 2' is clicked on

2018-12-07 12:06:00 - [TEST_STEP][PASSED] - delay: Delayed 2 second(s)

2018-12-07 12:06:02 - [MESSAGE][PASSED] - Delayed 2 second(s)

2018-12-07 12:06:02 - [TEST_STEP][PASSED] - uploadFile: File 'C:\Users\Public\Pictures\Sample Pictures\Koala.jpg' sent to object: 'Object Repository/Final Object Repo/New Registration - Registration Module Pages/Third Screen - Upload Supporting Doc- Preview/Upload File Adding'

2018-12-07 12:06:02 - [MESSAGE][PASSED] - File 'C:\Users\Public\Pictures\Sample Pictures\Koala.jpg' sent to object: 'Object Repository/Final Object Repo/New Registration - Registration Module Pages/Third Screen - Upload Supporting Doc- Preview/Upload File Adding'

2018-12-07 12:06:02 - [TEST_STEP][PASSED] - click: Object: 'Object Repository/Final Object Repo/New Registration - Registration Module Pages/Third Screen - Upload Supporting Doc- Preview/Inner Form Add Document Button' is clicked on

2018-12-07 12:06:02 - [MESSAGE][PASSED] - Object: 'Object Repository/Final Object Repo/New Registration - Registration Module Pages/Third Screen - Upload Supporting Doc- Preview/Inner Form Add Document Button' is clicked on

2018-12-07 12:06:02 - [TEST_STEP][PASSED] - delay: Delayed 5 second(s)

2018-12-07 12:06:07 - [MESSAGE][PASSED] - Delayed 5 second(s)

2018-12-07 12:06:07 - [TEST_STEP][PASSED] - click: Object: 'Object Repository/Final Object Repo/New Registration - Registration Module Pages/Third Screen - Upload Supporting Doc- Preview/Add Document Button' is clicked on

2018-12-07 12:06:07 - [MESSAGE][PASSED] - Object: 'Object Repository/Final Object Repo/New Registration - Registration Module Pages/Third Screen - Upload Supporting Doc- Preview/Add Document Button' is clicked on

2018-12-07 12:06:07 - [TEST_STEP][PASSED] - delay: Delayed 30 second(s)

2018-12-07 12:06:37 - [MESSAGE][PASSED] - Delayed 30 second(s)

2018-12-07 12:06:37 - [TEST_STEP][PASSED] - click: Object: 'Object Repository/Final Object Repo/New Registration - Registration Module Pages/Third Screen - Upload Supporting Doc- Preview/Supporting Doc Please Select Drop Down' is clicked on

2018-12-07 12:06:37 - [MESSAGE][PASSED] - Object: 'Object Repository/Final Object Repo/New Registration - Registration Module Pages/Third Screen - Upload Supporting Doc- Preview/Supporting Doc Please Select Drop Down' is clicked on

2018-12-07 12:06:37 - [TEST_STEP][PASSED] - click: Object: 'Object Repository/Final Object Repo/New Registration - Registration Module Pages/Third Screen - Upload Supporting Doc- Preview/Select to Upload Borang SIP 1' is clicked on

2018-12-07 12:06:37 - [MESSAGE][PASSED] - Object: 'Object Repository/Final Object Repo/New Registration - Registration Module Pages/Third Screen - Upload Supporting Doc- Preview/Select to Upload Borang SIP 1' is clicked on

2018-12-07 12:06:37 - [TEST_STEP][PASSED] - delay: Delayed 2 second(s)

2018-12-07 12:06:39 - [MESSAGE][PASSED] - Delayed 2 second(s)

2018-12-07 12:06:39 - [TEST_STEP][PASSED] - uploadFile: File 'C:\Users\Public\Pictures\Sample Pictures\Koala.jpg' sent to object: 'Object Repository/Final Object Repo/New Registration - Registration Module Pages/Third Screen - Upload Supporting Doc- Preview/Upload File Adding'

2018-12-07 12:06:40 - [MESSAGE][PASSED] - File 'C:\Users\Public\Pictures\Sample Pictures\Koala.jpg' sent to object: 'Object Repository/Final Object Repo/New Registration - Registration Module Pages/Third Screen - Upload Supporting Doc- Preview/Upload File Adding'

2018-12-07 12:06:40 - [TEST_STEP][PASSED] - click: Object: 'Object Repository/Final Object Repo/New Registration - Registration Module Pages/Third Screen - Upload Supporting Doc- Preview/Inner Form Add Document Button' is clicked on

2018-12-07 12:06:40 - [MESSAGE][PASSED] - Object: 'Object Repository/Final Object Repo/New Registration - Registration Module Pages/Third Screen - Upload Supporting Doc- Preview/Inner Form Add Document Button' is clicked on

2018-12-07 12:06:40 - [TEST_STEP][PASSED] - delay: Delayed 5 second(s)

2018-12-07 12:06:45 - [MESSAGE][PASSED] - Delayed 5 second(s)

2018-12-07 12:06:45 - [TEST_STEP][PASSED] - click: Object: 'Object Repository/Final Object Repo/New Registration - Registration Module Pages/Third Screen - Upload Supporting Doc- Preview/Add Document Button' is clicked on

2018-12-07 12:06:45 - [MESSAGE][PASSED] - Object: 'Object Repository/Final Object Repo/New Registration - Registration Module Pages/Third Screen - Upload Supporting Doc- Preview/Add Document Button' is clicked on

2018-12-07 12:06:45 - [TEST_STEP][PASSED] - delay: Delayed 30 second(s)

2018-12-07 12:07:15 - [MESSAGE][PASSED] - Delayed 30 second(s)

2018-12-07 12:07:15 - [TEST_STEP][PASSED] - click: Object: 'Object Repository/Final Object Repo/New Registration - Registration Module Pages/Third Screen - Upload Supporting Doc- Preview/Supporting Doc Please Select Drop Down' is clicked on

2018-12-07 12:07:15 - [MESSAGE][PASSED] - Object: 'Object Repository/Final Object Repo/New Registration - Registration Module Pages/Third Screen - Upload Supporting Doc- Preview/Supporting Doc Please Select Drop Down' is clicked on

2018-12-07 12:07:15 - [TEST_STEP][PASSED] - delay: Delayed 3 second(s)

2018-12-07 12:07:18 - [MESSAGE][PASSED] - Delayed 3 second(s)

2018-12-07 12:07:18 - [TEST_STEP][PASSED] - click: Object: 'Object Repository/Final Object Repo/New Registration - Registration Module Pages/Third Screen - Upload Supporting Doc- Preview/Select to Upload Borang SIP 2' is clicked on

2018-12-07 12:07:18 - [MESSAGE][PASSED] - Object: 'Object Repository/Final Object Repo/New Registration - Registration Module Pages/Third Screen - Upload Supporting Doc- Preview/Select to Upload Borang SIP 2' is clicked on

2018-12-07 12:07:18 - [TEST_STEP][PASSED] - delay: Delayed 2 second(s)

2018-12-07 12:07:20 - [MESSAGE][PASSED] - Delayed 2 second(s)

2018-12-07 12:07:20 - [TEST_STEP][PASSED] - uploadFile: File 'C:\Users\Public\Pictures\Sample Pictures\Koala.jpg' sent to object: 'Object Repository/Final Object Repo/New Registration - Registration Module Pages/Third Screen - Upload Supporting Doc- Preview/Upload File Adding'

2018-12-07 12:07:20 - [MESSAGE][PASSED] - File 'C:\Users\Public\Pictures\Sample Pictures\Koala.jpg' sent to object: 'Object Repository/Final Object Repo/New Registration - Registration Module Pages/Third Screen - Upload Supporting Doc- Preview/Upload File Adding'

2018-12-07 12:07:20 - [TEST_STEP][PASSED] - delay: Delayed 5 second(s)

2018-12-07 12:07:25 - [MESSAGE][PASSED] - Delayed 5 second(s)

2018-12-07 12:07:25 - [TEST_STEP][PASSED] - click: Object: 'Object Repository/Final Object Repo/New Registration - Registration Module Pages/Third Screen - Upload Supporting Doc- Preview/Inner Form Add Document Button' is clicked on

2018-12-07 12:07:26 - [MESSAGE][PASSED] - Object: 'Object Repository/Final Object Repo/New Registration - Registration Module Pages/Third Screen - Upload Supporting Doc- Preview/Inner Form Add Document Button' is clicked on

2018-12-07 12:07:26 - [TEST_STEP][PASSED] - delay: Delayed 3 second(s)

2018-12-07 12:07:29 - [MESSAGE][PASSED] - Delayed 3 second(s)

2018-12-07 12:07:29 - [TEST_STEP][PASSED] - waitForElementClickable: Object 'Object Repository/Final Object Repo/New Registration - Registration Module Pages/Third Screen - Upload Supporting Doc- Preview/Save n Continue in Uploading Supporting Doc Page' is clickable

2018-12-07 12:07:40 - [MESSAGE][PASSED] - Object 'Object Repository/Final Object Repo/New Registration - Registration Module Pages/Third Screen - Upload Supporting Doc- Preview/Save n Continue in Uploading Supporting Doc Page' is clickable

2018-12-07 12:07:40 - [TEST_STEP][PASSED] - click: Object: 'Object Repository/Final Object Repo/New Registration - Registration Module Pages/Third Screen - Upload Supporting Doc- Preview/Save n Continue in Uploading Supporting Doc Page' is clicked on

2018-12-07 12:07:40 - [MESSAGE][PASSED] - Object: 'Object Repository/Final Object Repo/New Registration - Registration Module Pages/Third Screen - Upload Supporting Doc- Preview/Save n Continue in Uploading Supporting Doc Page' is clicked on

2018-12-07 12:07:40 - [MESSAGE][PASSED] - Call Test Case 'Test Cases/Final Aug 2018 - PKS Automation/Registration Module/New Registration/Flow of New Registration/Third Screen - Upload Supporting Doc - Preview' successfully

2018-12-07 12:07:40 - [TEST_STEP][PASSED] - callTestCase: Call Test Case 'Test Cases/Final Aug 2018 - PKS Automation/Registration Module/New Registration/Submit and Screenshot/Submit Registration and Screenshot - Copy' successfully

2018-12-07 12:07:40 - [TEST_CASE][PASSED] - Test Cases/Final Aug 2018 - PKS Automation/Registration Module/New Registration/Submit and Screenshot/Submit Registration and Screenshot - Copy: Test Cases/Final Aug 2018 - PKS Automation/Registration Module/New Registration/Submit and Screenshot/Submit Registration and Screenshot - Copy

2018-12-07 12:07:40 - [TEST_STEP][PASSED] - delay: Delayed 6 second(s)

2018-12-07 12:07:46 - [MESSAGE][PASSED] - Delayed 6 second(s)

2018-12-07 12:07:46 - [TEST_STEP][PASSED] - click: Object: 'Object Repository/Final Object Repo/New Registration - Registration Module Pages/Third Screen - Upload Supporting Doc- Preview/Preview Submit Button' is clicked on

2018-12-07 12:07:46 - [MESSAGE][PASSED] - Object: 'Object Repository/Final Object Repo/New Registration - Registration Module Pages/Third Screen - Upload Supporting Doc- Preview/Preview Submit Button' is clicked on

2018-12-07 12:07:46 - [TEST_STEP][PASSED] - delay: Delayed 2 second(s)

2018-12-07 12:07:48 - [MESSAGE][PASSED] - Delayed 2 second(s)

2018-12-07 12:07:48 - [TEST_STEP][PASSED] - click: Object: 'Object Repository/Final Object Repo/New Registration - Registration Module Pages/Third Screen - Upload Supporting Doc- Preview/Preview Submit - Confirm' is clicked on

2018-12-07 12:07:48 - [MESSAGE][PASSED] - Object: 'Object Repository/Final Object Repo/New Registration - Registration Module Pages/Third Screen - Upload Supporting Doc- Preview/Preview Submit - Confirm' is clicked on

2018-12-07 12:07:48 - [TEST_STEP][PASSED] - delay: Delayed 15 second(s)

2018-12-07 12:08:03 - [MESSAGE][PASSED] - Delayed 15 second(s)

2018-12-07 12:08:03 - [TEST_STEP][PASSED] - Statement - driver = com.kms.katalon.core.webui.driver.DriverFactory.getWebDriver(): null

2018-12-07 12:08:03 - [TEST_STEP][PASSED] - Statement - driver.manage().timeouts().implicitlyWait(10, SECONDS): null

2018-12-07 12:08:03 - [TEST_STEP][PASSED] - Statement - PresavePath = KatalonScreenshots: null

2018-12-07 12:08:03 - [TEST_STEP][PASSED] - Statement - pathPrefix = "C:\Users\Public\Pictures\Sample Pictures\Katalon Screenshots\Automate Ending Screen": null

2018-12-07 12:08:03 - [TEST_STEP][PASSED] - Statement - finalPath = <not implemented yet for class: org.codehaus.groovy.ast.expr.EmptyExpression>: null

2018-12-07 12:08:03 - [TEST_STEP][PASSED] - Statement - scrFile = driver.getScreenshotAs(FILE): null

2018-12-07 12:08:04 - [TEST_STEP][PASSED] - Statement - PreSaveFile = new java.io.File(PresavePath): null

2018-12-07 12:08:04 - [TEST_STEP][PASSED] - Statement - counter = 0: null

2018-12-07 12:08:04 - [TEST_STEP][PASSED] - Statement - If (PreSaveFile.exists()): null

2018-12-07 12:08:04 - [TEST_STEP][PASSED] - Statement - While (PreSaveFile.exists()): null

2018-12-07 12:08:04 - [TEST_STEP][PASSED] - Statement - counter = counter + 1: null

2018-12-07 12:08:04 - [TEST_STEP][PASSED] - Statement - PreSaveFile = new java.io.File(((pathPrefix + java.lang.Integer.toString(counter)) + .png)): null

2018-12-07 12:08:04 - [TEST_STEP][PASSED] - Statement - counter = counter + 1: null

2018-12-07 12:08:04 - [TEST_STEP][PASSED] - Statement - PreSaveFile = new java.io.File(((pathPrefix + java.lang.Integer.toString(counter)) + .png)): null

2018-12-07 12:08:04 - [TEST_STEP][PASSED] - Statement - counter = counter + 1: null

2018-12-07 12:08:04 - [TEST_STEP][PASSED] - Statement - PreSaveFile = new java.io.File(((pathPrefix + java.lang.Integer.toString(counter)) + .png)): null

2018-12-07 12:08:04 - [TEST_STEP][PASSED] - Statement - counter = counter + 1: null

2018-12-07 12:08:04 - [TEST_STEP][PASSED] - Statement - PreSaveFile = new java.io.File(((pathPrefix + java.lang.Integer.toString(counter)) + .png)): null

2018-12-07 12:08:04 - [TEST_STEP][PASSED] - Statement - counter = counter + 1: null

2018-12-07 12:08:04 - [TEST_STEP][PASSED] - Statement - PreSaveFile = new java.io.File(((pathPrefix + java.lang.Integer.toString(counter)) + .png)): null

2018-12-07 12:08:04 - [TEST_STEP][PASSED] - Statement - counter = counter + 1: null

2018-12-07 12:08:04 - [TEST_STEP][PASSED] - Statement - PreSaveFile = new java.io.File(((pathPrefix + java.lang.Integer.toString(counter)) + .png)): null

2018-12-07 12:08:04 - [TEST_STEP][PASSED] - Statement - counter = counter + 1: null

2018-12-07 12:08:04 - [TEST_STEP][PASSED] - Statement - PreSaveFile = new java.io.File(((pathPrefix + java.lang.Integer.toString(counter)) + .png)): null

2018-12-07 12:08:04 - [TEST_STEP][PASSED] - Statement - counter = counter + 1: null

2018-12-07 12:08:04 - [TEST_STEP][PASSED] - Statement - PreSaveFile = new java.io.File(((pathPrefix + java.lang.Integer.toString(counter)) + .png)): null

2018-12-07 12:08:04 - [TEST_STEP][PASSED] - Statement - counter = counter + 1: null

2018-12-07 12:08:04 - [TEST_STEP][PASSED] - Statement - PreSaveFile = new java.io.File(((pathPrefix + java.lang.Integer.toString(counter)) + .png)): null

2018-12-07 12:08:04 - [TEST_STEP][PASSED] - Statement - counter = counter + 1: null

2018-12-07 12:08:04 - [TEST_STEP][PASSED] - Statement - PreSaveFile = new java.io.File(((pathPrefix + java.lang.Integer.toString(counter)) + .png)): null

2018-12-07 12:08:04 - [TEST_STEP][PASSED] - Statement - counter = counter + 1: null

2018-12-07 12:08:04 - [TEST_STEP][PASSED] - Statement - PreSaveFile = new java.io.File(((pathPrefix + java.lang.Integer.toString(counter)) + .png)): null

2018-12-07 12:08:04 - [TEST_STEP][PASSED] - Statement - counter = counter + 1: null

2018-12-07 12:08:04 - [TEST_STEP][PASSED] - Statement - PreSaveFile = new java.io.File(((pathPrefix + java.lang.Integer.toString(counter)) + .png)): null

2018-12-07 12:08:04 - [TEST_STEP][PASSED] - Statement - counter = counter + 1: null

2018-12-07 12:08:04 - [TEST_STEP][PASSED] - Statement - PreSaveFile = new java.io.File(((pathPrefix + java.lang.Integer.toString(counter)) + .png)): null

2018-12-07 12:08:04 - [TEST_STEP][PASSED] - Statement - counter = counter + 1: null

2018-12-07 12:08:04 - [TEST_STEP][PASSED] - Statement - PreSaveFile = new java.io.File(((pathPrefix + java.lang.Integer.toString(counter)) + .png)): null

2018-12-07 12:08:04 - [TEST_STEP][PASSED] - Statement - counter = counter + 1: null

2018-12-07 12:08:04 - [TEST_STEP][PASSED] - Statement - PreSaveFile = new java.io.File(((pathPrefix + java.lang.Integer.toString(counter)) + .png)): null

2018-12-07 12:08:04 - [TEST_STEP][PASSED] - Statement - counter = counter + 1: null

2018-12-07 12:08:04 - [TEST_STEP][PASSED] - Statement - PreSaveFile = new java.io.File(((pathPrefix + java.lang.Integer.toString(counter)) + .png)): null

2018-12-07 12:08:04 - [TEST_STEP][PASSED] - Statement - counter = counter + 1: null

2018-12-07 12:08:04 - [TEST_STEP][PASSED] - Statement - PreSaveFile = new java.io.File(((pathPrefix + java.lang.Integer.toString(counter)) + .png)): null

2018-12-07 12:08:04 - [TEST_STEP][PASSED] - Statement - counter = counter + 1: null

2018-12-07 12:08:04 - [TEST_STEP][PASSED] - Statement - PreSaveFile = new java.io.File(((pathPrefix + java.lang.Integer.toString(counter)) + .png)): null

2018-12-07 12:08:04 - [TEST_STEP][PASSED] - Statement - counter = counter + 1: null

2018-12-07 12:08:04 - [TEST_STEP][PASSED] - Statement - PreSaveFile = new java.io.File(((pathPrefix + java.lang.Integer.toString(counter)) + .png)): null

2018-12-07 12:08:04 - [TEST_STEP][PASSED] - Statement - counter = counter + 1: null

2018-12-07 12:08:05 - [TEST_STEP][PASSED] - Statement - PreSaveFile = new java.io.File(((pathPrefix + java.lang.Integer.toString(counter)) + .png)): null

2018-12-07 12:08:05 - [TEST_STEP][PASSED] - Statement - counter = counter + 1: null

2018-12-07 12:08:05 - [TEST_STEP][PASSED] - Statement - PreSaveFile = new java.io.File(((pathPrefix + java.lang.Integer.toString(counter)) + .png)): null

2018-12-07 12:08:05 - [TEST_STEP][PASSED] - Statement - counter = counter + 1: null

2018-12-07 12:08:05 - [TEST_STEP][PASSED] - Statement - PreSaveFile = new java.io.File(((pathPrefix + java.lang.Integer.toString(counter)) + .png)): null

2018-12-07 12:08:05 - [TEST_STEP][PASSED] - Statement - counter = counter + 1: null

2018-12-07 12:08:05 - [TEST_STEP][PASSED] - Statement - PreSaveFile = new java.io.File(((pathPrefix + java.lang.Integer.toString(counter)) + .png)): null

2018-12-07 12:08:05 - [TEST_STEP][PASSED] - Statement - counter = counter + 1: null

2018-12-07 12:08:05 - [TEST_STEP][PASSED] - Statement - PreSaveFile = new java.io.File(((pathPrefix + java.lang.Integer.toString(counter)) + .png)): null

2018-12-07 12:08:05 - [TEST_STEP][PASSED] - Statement - counter = counter + 1: null

2018-12-07 12:08:05 - [TEST_STEP][PASSED] - Statement - PreSaveFile = new java.io.File(((pathPrefix + java.lang.Integer.toString(counter)) + .png)): null

2018-12-07 12:08:05 - [TEST_STEP][PASSED] - Statement - counter = counter + 1: null

2018-12-07 12:08:05 - [TEST_STEP][PASSED] - Statement - PreSaveFile = new java.io.File(((pathPrefix + java.lang.Integer.toString(counter)) + .png)): null

2018-12-07 12:08:05 - [TEST_STEP][PASSED] - Statement - counter = counter + 1: null

2018-12-07 12:08:05 - [TEST_STEP][PASSED] - Statement - PreSaveFile = new java.io.File(((pathPrefix + java.lang.Integer.toString(counter)) + .png)): null

2018-12-07 12:08:05 - [TEST_STEP][PASSED] - Statement - counter = counter + 1: null

2018-12-07 12:08:05 - [TEST_STEP][PASSED] - Statement - PreSaveFile = new java.io.File(((pathPrefix + java.lang.Integer.toString(counter)) + .png)): null

2018-12-07 12:08:05 - [TEST_STEP][PASSED] - Statement - counter = counter + 1: null

2018-12-07 12:08:05 - [TEST_STEP][PASSED] - Statement - PreSaveFile = new java.io.File(((pathPrefix + java.lang.Integer.toString(counter)) + .png)): null

2018-12-07 12:08:05 - [TEST_STEP][PASSED] - Statement - counter = counter + 1: null

2018-12-07 12:08:05 - [TEST_STEP][PASSED] - Statement - PreSaveFile = new java.io.File(((pathPrefix + java.lang.Integer.toString(counter)) + .png)): null

2018-12-07 12:08:05 - [TEST_STEP][PASSED] - Statement - counter = counter + 1: null

2018-12-07 12:08:05 - [TEST_STEP][PASSED] - Statement - PreSaveFile = new java.io.File(((pathPrefix + java.lang.Integer.toString(counter)) + .png)): null

2018-12-07 12:08:05 - [TEST_STEP][PASSED] - Statement - counter = counter + 1: null

2018-12-07 12:08:05 - [TEST_STEP][PASSED] - Statement - PreSaveFile = new java.io.File(((pathPrefix + java.lang.Integer.toString(counter)) + .png)): null

2018-12-07 12:08:05 - [TEST_STEP][PASSED] - Statement - counter = counter + 1: null

2018-12-07 12:08:05 - [TEST_STEP][PASSED] - Statement - PreSaveFile = new java.io.File(((pathPrefix + java.lang.Integer.toString(counter)) + .png)): null

2018-12-07 12:08:05 - [TEST_STEP][PASSED] - Statement - counter = counter + 1: null

2018-12-07 12:08:05 - [TEST_STEP][PASSED] - Statement - PreSaveFile = new java.io.File(((pathPrefix + java.lang.Integer.toString(counter)) + .png)): null

2018-12-07 12:08:05 - [TEST_STEP][PASSED] - Statement - counter = counter + 1: null

2018-12-07 12:08:05 - [TEST_STEP][PASSED] - Statement - PreSaveFile = new java.io.File(((pathPrefix + java.lang.Integer.toString(counter)) + .png)): null

2018-12-07 12:08:05 - [TEST_STEP][PASSED] - Statement - counter = counter + 1: null

2018-12-07 12:08:05 - [TEST_STEP][PASSED] - Statement - PreSaveFile = new java.io.File(((pathPrefix + java.lang.Integer.toString(counter)) + .png)): null

2018-12-07 12:08:05 - [TEST_STEP][PASSED] - Statement - counter = counter + 1: null

2018-12-07 12:08:05 - [TEST_STEP][PASSED] - Statement - PreSaveFile = new java.io.File(((pathPrefix + java.lang.Integer.toString(counter)) + .png)): null

2018-12-07 12:08:05 - [TEST_STEP][PASSED] - Statement - counter = counter + 1: null

2018-12-07 12:08:05 - [TEST_STEP][PASSED] - Statement - PreSaveFile = new java.io.File(((pathPrefix + java.lang.Integer.toString(counter)) + .png)): null

2018-12-07 12:08:06 - [TEST_STEP][PASSED] - Statement - counter = counter + 1: null

2018-12-07 12:08:06 - [TEST_STEP][PASSED] - Statement - PreSaveFile = new java.io.File(((pathPrefix + java.lang.Integer.toString(counter)) + .png)): null

2018-12-07 12:08:06 - [TEST_STEP][PASSED] - Statement - counter = counter + 1: null

2018-12-07 12:08:06 - [TEST_STEP][PASSED] - Statement - PreSaveFile = new java.io.File(((pathPrefix + java.lang.Integer.toString(counter)) + .png)): null

2018-12-07 12:08:06 - [TEST_STEP][PASSED] - Statement - counter = counter + 1: null

2018-12-07 12:08:06 - [TEST_STEP][PASSED] - Statement - PreSaveFile = new java.io.File(((pathPrefix + java.lang.Integer.toString(counter)) + .png)): null

2018-12-07 12:08:06 - [TEST_STEP][PASSED] - Statement - counter = counter + 1: null

2018-12-07 12:08:06 - [TEST_STEP][PASSED] - Statement - PreSaveFile = new java.io.File(((pathPrefix + java.lang.Integer.toString(counter)) + .png)): null

2018-12-07 12:08:06 - [TEST_STEP][PASSED] - Statement - counter = counter + 1: null

2018-12-07 12:08:06 - [TEST_STEP][PASSED] - Statement - PreSaveFile = new java.io.File(((pathPrefix + java.lang.Integer.toString(counter)) + .png)): null

2018-12-07 12:08:06 - [TEST_STEP][PASSED] - Statement - counter = counter + 1: null

2018-12-07 12:08:06 - [TEST_STEP][PASSED] - Statement - PreSaveFile = new java.io.File(((pathPrefix + java.lang.Integer.toString(counter)) + .png)): null

2018-12-07 12:08:06 - [TEST_STEP][PASSED] - Statement - counter = counter + 1: null

2018-12-07 12:08:06 - [TEST_STEP][PASSED] - Statement - PreSaveFile = new java.io.File(((pathPrefix + java.lang.Integer.toString(counter)) + .png)): null

2018-12-07 12:08:06 - [TEST_STEP][PASSED] - Statement - counter = counter + 1: null

2018-12-07 12:08:06 - [TEST_STEP][PASSED] - Statement - PreSaveFile = new java.io.File(((pathPrefix + java.lang.Integer.toString(counter)) + .png)): null

2018-12-07 12:08:06 - [TEST_STEP][PASSED] - Statement - counter = counter + 1: null

2018-12-07 12:08:06 - [TEST_STEP][PASSED] - Statement - PreSaveFile = new java.io.File(((pathPrefix + java.lang.Integer.toString(counter)) + .png)): null

2018-12-07 12:08:06 - [TEST_STEP][PASSED] - Statement - counter = counter + 1: null

2018-12-07 12:08:06 - [TEST_STEP][PASSED] - Statement - PreSaveFile = new java.io.File(((pathPrefix + java.lang.Integer.toString(counter)) + .png)): null

2018-12-07 12:08:06 - [TEST_STEP][PASSED] - Statement - counter = counter + 1: null

2018-12-07 12:08:06 - [TEST_STEP][PASSED] - Statement - PreSaveFile = new java.io.File(((pathPrefix + java.lang.Integer.toString(counter)) + .png)): null

2018-12-07 12:08:06 - [TEST_STEP][PASSED] - Statement - counter = counter + 1: null

2018-12-07 12:08:06 - [TEST_STEP][PASSED] - Statement - PreSaveFile = new java.io.File(((pathPrefix + java.lang.Integer.toString(counter)) + .png)): null

2018-12-07 12:08:06 - [TEST_STEP][PASSED] - Statement - counter = counter + 1: null

2018-12-07 12:08:06 - [TEST_STEP][PASSED] - Statement - PreSaveFile = new java.io.File(((pathPrefix + java.lang.Integer.toString(counter)) + .png)): null

2018-12-07 12:08:06 - [TEST_STEP][PASSED] - Statement - counter = counter + 1: null

2018-12-07 12:08:06 - [TEST_STEP][PASSED] - Statement - PreSaveFile = new java.io.File(((pathPrefix + java.lang.Integer.toString(counter)) + .png)): null

2018-12-07 12:08:06 - [TEST_STEP][PASSED] - Statement - counter = counter + 1: null

2018-12-07 12:08:07 - [TEST_STEP][PASSED] - Statement - PreSaveFile = new java.io.File(((pathPrefix + java.lang.Integer.toString(counter)) + .png)): null

2018-12-07 12:08:07 - [TEST_STEP][PASSED] - Statement - counter = counter + 1: null

2018-12-07 12:08:07 - [TEST_STEP][PASSED] - Statement - PreSaveFile = new java.io.File(((pathPrefix + java.lang.Integer.toString(counter)) + .png)): null

2018-12-07 12:08:07 - [TEST_STEP][PASSED] - Statement - counter = counter + 1: null

2018-12-07 12:08:07 - [TEST_STEP][PASSED] - Statement - PreSaveFile = new java.io.File(((pathPrefix + java.lang.Integer.toString(counter)) + .png)): null

2018-12-07 12:08:07 - [TEST_STEP][PASSED] - Statement - counter = counter + 1: null

2018-12-07 12:08:07 - [TEST_STEP][PASSED] - Statement - PreSaveFile = new java.io.File(((pathPrefix + java.lang.Integer.toString(counter)) + .png)): null

2018-12-07 12:08:07 - [TEST_STEP][PASSED] - Statement - counter = counter + 1: null

2018-12-07 12:08:07 - [TEST_STEP][PASSED] - Statement - PreSaveFile = new java.io.File(((pathPrefix + java.lang.Integer.toString(counter)) + .png)): null

2018-12-07 12:08:07 - [TEST_STEP][PASSED] - Statement - counter = counter + 1: null

2018-12-07 12:08:07 - [TEST_STEP][PASSED] - Statement - PreSaveFile = new java.io.File(((pathPrefix + java.lang.Integer.toString(counter)) + .png)): null

2018-12-07 12:08:07 - [TEST_STEP][PASSED] - Statement - counter = counter + 1: null

2018-12-07 12:08:07 - [TEST_STEP][PASSED] - Statement - PreSaveFile = new java.io.File(((pathPrefix + java.lang.Integer.toString(counter)) + .png)): null

2018-12-07 12:08:07 - [TEST_STEP][PASSED] - Statement - counter = counter + 1: null

2018-12-07 12:08:07 - [TEST_STEP][PASSED] - Statement - PreSaveFile = new java.io.File(((pathPrefix + java.lang.Integer.toString(counter)) + .png)): null

2018-12-07 12:08:07 - [TEST_STEP][PASSED] - Statement - counter = counter + 1: null

2018-12-07 12:08:07 - [TEST_STEP][PASSED] - Statement - PreSaveFile = new java.io.File(((pathPrefix + java.lang.Integer.toString(counter)) + .png)): null

2018-12-07 12:08:07 - [TEST_STEP][PASSED] - Statement - counter = counter + 1: null

2018-12-07 12:08:07 - [TEST_STEP][PASSED] - Statement - PreSaveFile = new java.io.File(((pathPrefix + java.lang.Integer.toString(counter)) + .png)): null

2018-12-07 12:08:07 - [TEST_STEP][PASSED] - Statement - counter = counter + 1: null

2018-12-07 12:08:07 - [TEST_STEP][PASSED] - Statement - PreSaveFile = new java.io.File(((pathPrefix + java.lang.Integer.toString(counter)) + .png)): null

2018-12-07 12:08:07 - [TEST_STEP][PASSED] - Statement - counter = counter + 1: null

2018-12-07 12:08:07 - [TEST_STEP][PASSED] - Statement - PreSaveFile = new java.io.File(((pathPrefix + java.lang.Integer.toString(counter)) + .png)): null

2018-12-07 12:08:07 - [TEST_STEP][PASSED] - Statement - counter = counter + 1: null

2018-12-07 12:08:07 - [TEST_STEP][PASSED] - Statement - PreSaveFile = new java.io.File(((pathPrefix + java.lang.Integer.toString(counter)) + .png)): null

2018-12-07 12:08:07 - [TEST_STEP][PASSED] - Statement - counter = counter + 1: null

2018-12-07 12:08:07 - [TEST_STEP][PASSED] - Statement - PreSaveFile = new java.io.File(((pathPrefix + java.lang.Integer.toString(counter)) + .png)): null

2018-12-07 12:08:07 - [TEST_STEP][PASSED] - Statement - counter = counter + 1: null

2018-12-07 12:08:07 - [TEST_STEP][PASSED] - Statement - PreSaveFile = new java.io.File(((pathPrefix + java.lang.Integer.toString(counter)) + .png)): null

2018-12-07 12:08:07 - [TEST_STEP][PASSED] - Statement - counter = counter + 1: null

2018-12-07 12:08:07 - [TEST_STEP][PASSED] - Statement - PreSaveFile = new java.io.File(((pathPrefix + java.lang.Integer.toString(counter)) + .png)): null

2018-12-07 12:08:07 - [TEST_STEP][PASSED] - Statement - counter = counter + 1: null

2018-12-07 12:08:07 - [TEST_STEP][PASSED] - Statement - PreSaveFile = new java.io.File(((pathPrefix + java.lang.Integer.toString(counter)) + .png)): null

2018-12-07 12:08:07 - [TEST_STEP][PASSED] - Statement - counter = counter + 1: null

2018-12-07 12:08:07 - [TEST_STEP][PASSED] - Statement - PreSaveFile = new java.io.File(((pathPrefix + java.lang.Integer.toString(counter)) + .png)): null

2018-12-07 12:08:07 - [TEST_STEP][PASSED] - Statement - counter = counter + 1: null

2018-12-07 12:08:07 - [TEST_STEP][PASSED] - Statement - PreSaveFile = new java.io.File(((pathPrefix + java.lang.Integer.toString(counter)) + .png)): null

2018-12-07 12:08:07 - [TEST_STEP][PASSED] - Statement - counter = counter + 1: null

2018-12-07 12:08:08 - [TEST_STEP][PASSED] - Statement - PreSaveFile = new java.io.File(((pathPrefix + java.lang.Integer.toString(counter)) + .png)): null

2018-12-07 12:08:08 - [TEST_STEP][PASSED] - Statement - counter = counter + 1: null

2018-12-07 12:08:08 - [TEST_STEP][PASSED] - Statement - PreSaveFile = new java.io.File(((pathPrefix + java.lang.Integer.toString(counter)) + .png)): null

2018-12-07 12:08:08 - [TEST_STEP][PASSED] - Statement - counter = counter + 1: null

2018-12-07 12:08:08 - [TEST_STEP][PASSED] - Statement - PreSaveFile = new java.io.File(((pathPrefix + java.lang.Integer.toString(counter)) + .png)): null

2018-12-07 12:08:08 - [TEST_STEP][PASSED] - Statement - counter = counter + 1: null

2018-12-07 12:08:08 - [TEST_STEP][PASSED] - Statement - PreSaveFile = new java.io.File(((pathPrefix + java.lang.Integer.toString(counter)) + .png)): null

2018-12-07 12:08:08 - [TEST_STEP][PASSED] - Statement - counter = counter + 1: null

2018-12-07 12:08:08 - [TEST_STEP][PASSED] - Statement - PreSaveFile = new java.io.File(((pathPrefix + java.lang.Integer.toString(counter)) + .png)): null

2018-12-07 12:08:08 - [TEST_STEP][PASSED] - Statement - counter = counter + 1: null

2018-12-07 12:08:08 - [TEST_STEP][PASSED] - Statement - PreSaveFile = new java.io.File(((pathPrefix + java.lang.Integer.toString(counter)) + .png)): null

2018-12-07 12:08:08 - [TEST_STEP][PASSED] - Statement - counter = counter + 1: null

2018-12-07 12:08:08 - [TEST_STEP][PASSED] - Statement - PreSaveFile = new java.io.File(((pathPrefix + java.lang.Integer.toString(counter)) + .png)): null

2018-12-07 12:08:08 - [TEST_STEP][PASSED] - Statement - counter = counter + 1: null

2018-12-07 12:08:08 - [TEST_STEP][PASSED] - Statement - PreSaveFile = new java.io.File(((pathPrefix + java.lang.Integer.toString(counter)) + .png)): null

2018-12-07 12:08:08 - [TEST_STEP][PASSED] - Statement - counter = counter + 1: null

2018-12-07 12:08:08 - [TEST_STEP][PASSED] - Statement - PreSaveFile = new java.io.File(((pathPrefix + java.lang.Integer.toString(counter)) + .png)): null

2018-12-07 12:08:08 - [TEST_STEP][PASSED] - Statement - counter = counter + 1: null

2018-12-07 12:08:08 - [TEST_STEP][PASSED] - Statement - PreSaveFile = new java.io.File(((pathPrefix + java.lang.Integer.toString(counter)) + .png)): null

2018-12-07 12:08:08 - [TEST_STEP][PASSED] - Statement - counter = counter + 1: null

2018-12-07 12:08:08 - [TEST_STEP][PASSED] - Statement - PreSaveFile = new java.io.File(((pathPrefix + java.lang.Integer.toString(counter)) + .png)): null

2018-12-07 12:08:08 - [TEST_STEP][PASSED] - Statement - counter = counter + 1: null

2018-12-07 12:08:08 - [TEST_STEP][PASSED] - Statement - PreSaveFile = new java.io.File(((pathPrefix + java.lang.Integer.toString(counter)) + .png)): null

2018-12-07 12:08:08 - [TEST_STEP][PASSED] - Statement - counter = counter + 1: null

2018-12-07 12:08:08 - [TEST_STEP][PASSED] - Statement - PreSaveFile = new java.io.File(((pathPrefix + java.lang.Integer.toString(counter)) + .png)): null

2018-12-07 12:08:08 - [TEST_STEP][PASSED] - Statement - counter = counter + 1: null

2018-12-07 12:08:08 - [TEST_STEP][PASSED] - Statement - PreSaveFile = new java.io.File(((pathPrefix + java.lang.Integer.toString(counter)) + .png)): null

2018-12-07 12:08:08 - [TEST_STEP][PASSED] - Statement - counter = counter + 1: null

2018-12-07 12:08:09 - [TEST_STEP][PASSED] - Statement - PreSaveFile = new java.io.File(((pathPrefix + java.lang.Integer.toString(counter)) + .png)): null

2018-12-07 12:08:09 - [TEST_STEP][PASSED] - Statement - counter = counter + 1: null

2018-12-07 12:08:09 - [TEST_STEP][PASSED] - Statement - PreSaveFile = new java.io.File(((pathPrefix + java.lang.Integer.toString(counter)) + .png)): null

2018-12-07 12:08:09 - [TEST_STEP][PASSED] - Statement - counter = counter + 1: null

2018-12-07 12:08:09 - [TEST_STEP][PASSED] - Statement - PreSaveFile = new java.io.File(((pathPrefix + java.lang.Integer.toString(counter)) + .png)): null

2018-12-07 12:08:09 - [TEST_STEP][PASSED] - Statement - counter = counter + 1: null

2018-12-07 12:08:09 - [TEST_STEP][PASSED] - Statement - PreSaveFile = new java.io.File(((pathPrefix + java.lang.Integer.toString(counter)) + .png)): null

2018-12-07 12:08:09 - [TEST_STEP][PASSED] - Statement - counter = counter + 1: null

2018-12-07 12:08:09 - [TEST_STEP][PASSED] - Statement - PreSaveFile = new java.io.File(((pathPrefix + java.lang.Integer.toString(counter)) + .png)): null

2018-12-07 12:08:09 - [TEST_STEP][PASSED] - Statement - counter = counter + 1: null

2018-12-07 12:08:09 - [TEST_STEP][PASSED] - Statement - PreSaveFile = new java.io.File(((pathPrefix + java.lang.Integer.toString(counter)) + .png)): null

2018-12-07 12:08:09 - [TEST_STEP][PASSED] - Statement - counter = counter + 1: null

2018-12-07 12:08:09 - [TEST_STEP][PASSED] - Statement - PreSaveFile = new java.io.File(((pathPrefix + java.lang.Integer.toString(counter)) + .png)): null

2018-12-07 12:08:09 - [TEST_STEP][PASSED] - Statement - counter = counter + 1: null

2018-12-07 12:08:09 - [TEST_STEP][PASSED] - Statement - PreSaveFile = new java.io.File(((pathPrefix + java.lang.Integer.toString(counter)) + .png)): null

2018-12-07 12:08:09 - [TEST_STEP][PASSED] - Statement - counter = counter + 1: null

2018-12-07 12:08:09 - [TEST_STEP][PASSED] - Statement - PreSaveFile = new java.io.File(((pathPrefix + java.lang.Integer.toString(counter)) + .png)): null

2018-12-07 12:08:09 - [TEST_STEP][PASSED] - Statement - counter = counter + 1: null

2018-12-07 12:08:09 - [TEST_STEP][PASSED] - Statement - PreSaveFile = new java.io.File(((pathPrefix + java.lang.Integer.toString(counter)) + .png)): null

2018-12-07 12:08:09 - [TEST_STEP][PASSED] - Statement - counter = counter + 1: null

2018-12-07 12:08:09 - [TEST_STEP][PASSED] - Statement - PreSaveFile = new java.io.File(((pathPrefix + java.lang.Integer.toString(counter)) + .png)): null

2018-12-07 12:08:09 - [TEST_STEP][PASSED] - Statement - counter = counter + 1: null

2018-12-07 12:08:09 - [TEST_STEP][PASSED] - Statement - PreSaveFile = new java.io.File(((pathPrefix + java.lang.Integer.toString(counter)) + .png)): null

2018-12-07 12:08:09 - [TEST_STEP][PASSED] - Statement - counter = counter + 1: null

2018-12-07 12:08:09 - [TEST_STEP][PASSED] - Statement - PreSaveFile = new java.io.File(((pathPrefix + java.lang.Integer.toString(counter)) + .png)): null

2018-12-07 12:08:09 - [TEST_STEP][PASSED] - Statement - counter = counter + 1: null

2018-12-07 12:08:09 - [TEST_STEP][PASSED] - Statement - PreSaveFile = new java.io.File(((pathPrefix + java.lang.Integer.toString(counter)) + .png)): null

2018-12-07 12:08:09 - [TEST_STEP][PASSED] - Statement - counter = counter + 1: null

2018-12-07 12:08:09 - [TEST_STEP][PASSED] - Statement - PreSaveFile = new java.io.File(((pathPrefix + java.lang.Integer.toString(counter)) + .png)): null

2018-12-07 12:08:10 - [TEST_STEP][PASSED] - Statement - counter = counter + 1: null

2018-12-07 12:08:10 - [TEST_STEP][PASSED] - Statement - PreSaveFile = new java.io.File(((pathPrefix + java.lang.Integer.toString(counter)) + .png)): null

2018-12-07 12:08:10 - [TEST_STEP][PASSED] - Statement - counter = counter + 1: null

2018-12-07 12:08:10 - [TEST_STEP][PASSED] - Statement - PreSaveFile = new java.io.File(((pathPrefix + java.lang.Integer.toString(counter)) + .png)): null

2018-12-07 12:08:10 - [TEST_STEP][PASSED] - Statement - counter = counter + 1: null

2018-12-07 12:08:10 - [TEST_STEP][PASSED] - Statement - PreSaveFile = new java.io.File(((pathPrefix + java.lang.Integer.toString(counter)) + .png)): null

2018-12-07 12:08:10 - [TEST_STEP][PASSED] - Statement - counter = counter + 1: null

2018-12-07 12:08:10 - [TEST_STEP][PASSED] - Statement - PreSaveFile = new java.io.File(((pathPrefix + java.lang.Integer.toString(counter)) + .png)): null

2018-12-07 12:08:10 - [TEST_STEP][PASSED] - Statement - counter = counter + 1: null

2018-12-07 12:08:10 - [TEST_STEP][PASSED] - Statement - PreSaveFile = new java.io.File(((pathPrefix + java.lang.Integer.toString(counter)) + .png)): null

2018-12-07 12:08:10 - [TEST_STEP][PASSED] - Statement - counter = counter + 1: null

2018-12-07 12:08:10 - [TEST_STEP][PASSED] - Statement - PreSaveFile = new java.io.File(((pathPrefix + java.lang.Integer.toString(counter)) + .png)): null

2018-12-07 12:08:10 - [TEST_STEP][PASSED] - Statement - counter = counter + 1: null

2018-12-07 12:08:10 - [TEST_STEP][PASSED] - Statement - PreSaveFile = new java.io.File(((pathPrefix + java.lang.Integer.toString(counter)) + .png)): null

2018-12-07 12:08:10 - [TEST_STEP][PASSED] - Statement - counter = counter + 1: null

2018-12-07 12:08:10 - [TEST_STEP][PASSED] - Statement - PreSaveFile = new java.io.File(((pathPrefix + java.lang.Integer.toString(counter)) + .png)): null

2018-12-07 12:08:10 - [TEST_STEP][PASSED] - Statement - counter = counter + 1: null

2018-12-07 12:08:10 - [TEST_STEP][PASSED] - Statement - PreSaveFile = new java.io.File(((pathPrefix + java.lang.Integer.toString(counter)) + .png)): null

2018-12-07 12:08:10 - [TEST_STEP][PASSED] - Statement - counter = counter + 1: null

2018-12-07 12:08:10 - [TEST_STEP][PASSED] - Statement - PreSaveFile = new java.io.File(((pathPrefix + java.lang.Integer.toString(counter)) + .png)): null

2018-12-07 12:08:10 - [TEST_STEP][PASSED] - Statement - counter = counter + 1: null

2018-12-07 12:08:10 - [TEST_STEP][PASSED] - Statement - PreSaveFile = new java.io.File(((pathPrefix + java.lang.Integer.toString(counter)) + .png)): null

2018-12-07 12:08:10 - [TEST_STEP][PASSED] - Statement - counter = counter + 1: null

2018-12-07 12:08:10 - [TEST_STEP][PASSED] - Statement - PreSaveFile = new java.io.File(((pathPrefix + java.lang.Integer.toString(counter)) + .png)): null

2018-12-07 12:08:10 - [TEST_STEP][PASSED] - Statement - counter = counter + 1: null

2018-12-07 12:08:10 - [TEST_STEP][PASSED] - Statement - PreSaveFile = new java.io.File(((pathPrefix + java.lang.Integer.toString(counter)) + .png)): null

2018-12-07 12:08:10 - [TEST_STEP][PASSED] - Statement - counter = counter + 1: null

2018-12-07 12:08:10 - [TEST_STEP][PASSED] - Statement - PreSaveFile = new java.io.File(((pathPrefix + java.lang.Integer.toString(counter)) + .png)): null

2018-12-07 12:08:10 - [TEST_STEP][PASSED] - Statement - counter = counter + 1: null

2018-12-07 12:08:11 - [TEST_STEP][PASSED] - Statement - PreSaveFile = new java.io.File(((pathPrefix + java.lang.Integer.toString(counter)) + .png)): null

2018-12-07 12:08:11 - [TEST_STEP][PASSED] - Statement - counter = counter + 1: null

2018-12-07 12:08:11 - [TEST_STEP][PASSED] - Statement - PreSaveFile = new java.io.File(((pathPrefix + java.lang.Integer.toString(counter)) + .png)): null

2018-12-07 12:08:11 - [TEST_STEP][PASSED] - Statement - counter = counter + 1: null

2018-12-07 12:08:11 - [TEST_STEP][PASSED] - Statement - PreSaveFile = new java.io.File(((pathPrefix + java.lang.Integer.toString(counter)) + .png)): null

2018-12-07 12:08:11 - [TEST_STEP][PASSED] - Statement - counter = counter + 1: null

2018-12-07 12:08:11 - [TEST_STEP][PASSED] - Statement - PreSaveFile = new java.io.File(((pathPrefix + java.lang.Integer.toString(counter)) + .png)): null

2018-12-07 12:08:11 - [TEST_STEP][PASSED] - Statement - counter = counter + 1: null

2018-12-07 12:08:11 - [TEST_STEP][PASSED] - Statement - PreSaveFile = new java.io.File(((pathPrefix + java.lang.Integer.toString(counter)) + .png)): null

2018-12-07 12:08:11 - [TEST_STEP][PASSED] - Statement - counter = counter + 1: null

2018-12-07 12:08:11 - [TEST_STEP][PASSED] - Statement - PreSaveFile = new java.io.File(((pathPrefix + java.lang.Integer.toString(counter)) + .png)): null

2018-12-07 12:08:11 - [TEST_STEP][PASSED] - Statement - counter = counter + 1: null

2018-12-07 12:08:11 - [TEST_STEP][PASSED] - Statement - PreSaveFile = new java.io.File(((pathPrefix + java.lang.Integer.toString(counter)) + .png)): null

2018-12-07 12:08:11 - [TEST_STEP][PASSED] - Statement - counter = counter + 1: null

2018-12-07 12:08:11 - [TEST_STEP][PASSED] - Statement - PreSaveFile = new java.io.File(((pathPrefix + java.lang.Integer.toString(counter)) + .png)): null

2018-12-07 12:08:11 - [TEST_STEP][PASSED] - Statement - counter = counter + 1: null

2018-12-07 12:08:11 - [TEST_STEP][PASSED] - Statement - PreSaveFile = new java.io.File(((pathPrefix + java.lang.Integer.toString(counter)) + .png)): null

2018-12-07 12:08:11 - [TEST_STEP][PASSED] - Statement - counter = counter + 1: null

2018-12-07 12:08:11 - [TEST_STEP][PASSED] - Statement - PreSaveFile = new java.io.File(((pathPrefix + java.lang.Integer.toString(counter)) + .png)): null

2018-12-07 12:08:11 - [TEST_STEP][PASSED] - Statement - counter = counter + 1: null

2018-12-07 12:08:11 - [TEST_STEP][PASSED] - Statement - PreSaveFile = new java.io.File(((pathPrefix + java.lang.Integer.toString(counter)) + .png)): null

2018-12-07 12:08:11 - [TEST_STEP][PASSED] - Statement - counter = counter + 1: null

2018-12-07 12:08:11 - [TEST_STEP][PASSED] - Statement - PreSaveFile = new java.io.File(((pathPrefix + java.lang.Integer.toString(counter)) + .png)): null

2018-12-07 12:08:11 - [TEST_STEP][PASSED] - Statement - counter = counter + 1: null

2018-12-07 12:08:11 - [TEST_STEP][PASSED] - Statement - PreSaveFile = new java.io.File(((pathPrefix + java.lang.Integer.toString(counter)) + .png)): null

2018-12-07 12:08:11 - [TEST_STEP][PASSED] - Statement - counter = counter + 1: null

2018-12-07 12:08:11 - [TEST_STEP][PASSED] - Statement - PreSaveFile = new java.io.File(((pathPrefix + java.lang.Integer.toString(counter)) + .png)): null

2018-12-07 12:08:11 - [TEST_STEP][PASSED] - Statement - counter = counter + 1: null

2018-12-07 12:08:12 - [TEST_STEP][PASSED] - Statement - PreSaveFile = new java.io.File(((pathPrefix + java.lang.Integer.toString(counter)) + .png)): null

2018-12-07 12:08:12 - [TEST_STEP][PASSED] - Statement - finalPath = pathPrefix + java.lang.Integer.toString(counter) + ".png": null

2018-12-07 12:08:12 - [TEST_STEP][PASSED] - Statement - SaveFile = new java.io.File(finalPath): null

2018-12-07 12:08:12 - [TEST_STEP][PASSED] - Statement - Try: null

2018-12-07 12:08:12 - [TEST_STEP][PASSED] - Statement - org.apache.commons.io.FileUtils.copyFile(scrFile, SaveFile): null

2018-12-07 12:08:12 - [TEST_STEP][PASSED] - Statement - out.println("file kept"): null

2018-12-07 12:08:12 - [TEST_STEP][PASSED] - delay: Delayed 10 second(s)

2018-12-07 12:08:22 - [MESSAGE][PASSED] - Delayed 10 second(s)

2018-12-07 12:08:22 - [MESSAGE][PASSED] - Call Test Case 'Test Cases/Final Aug 2018 - PKS Automation/Registration Module/New Registration/Submit and Screenshot/Submit Registration and Screenshot - Copy' successfully

2018-12-07 12:08:22 - [TEST_STEP][PASSED] - Statement - UpdateAddNewECode = com.kms.katalon.core.webui.keyword.WebUiBuiltInKeywords.getText(com.kms.katalon.core.testobject.ObjectRepository.findTestObject(Object Repository/Final Object Repo/Page_Update Add New Employee - ASSIST/getEmpCode)): Text of object 'Object Repository/Final Object Repo/Page_Update Add New Employee - ASSIST/getEmpCode' is: 'E1102070672P'

2018-12-07 12:08:22 - [MESSAGE][PASSED] - Text of object 'Object Repository/Final Object Repo/Page_Update Add New Employee - ASSIST/getEmpCode' is: 'E1102070672P'

2018-12-07 12:08:22 - [TEST_STEP][PASSED] - callTestCase: Call Test Case 'Test Cases/Final Aug 2018 - PKS Automation/Common/Emp Code Setter' successfully

2018-12-07 12:08:22 - [TEST_CASE][PASSED] - Test Cases/Final Aug 2018 - PKS Automation/Common/Emp Code Setter: Test Cases/Final Aug 2018 - PKS Automation/Common/Emp Code Setter

2018-12-07 12:08:22 - [TEST_STEP][PASSED] - Statement - EmpCodeOld = new java.io.File(C://Users//Admin//Desktop//PKS//Automation Reference Point//EmpCode.txt): null

2018-12-07 12:08:22 - [TEST_STEP][PASSED] - Statement - EmpCodeOld.delete(): null

2018-12-07 12:08:22 - [TEST_STEP][PASSED] - Statement - EmpCode = new java.io.File(C://Users//Admin//Desktop//PKS//Automation Reference Point//EmpCode.txt): null

2018-12-07 12:08:22 - [TEST_STEP][PASSED] - Statement - f2 = new java.io.FileWriter(EmpCode, false): null

2018-12-07 12:08:22 - [TEST_STEP][PASSED] - Statement - f2.write(UpdateAddNewECode): null

2018-12-07 12:08:22 - [TEST_STEP][PASSED] - Statement - f2.close(): null

2018-12-07 12:08:22 - [TEST_STEP][PASSED] - Statement - out.println("


" + UpdateAddNewECode + "


"): null

2018-12-07 12:08:22 - [MESSAGE][PASSED] - Call Test Case 'Test Cases/Final Aug 2018 - PKS Automation/Common/Emp Code Setter' successfully

2018-12-07 12:08:22 - [MESSAGE][PASSED] - Call Test Case 'Test Cases/Final Aug 2018 - PKS Automation/Registration Module/Workflow/Update Add New Employee/Template/New Company for Update Add New' successfully

2018-12-07 12:08:22 - [TEST_STEP][PASSED] - callTestCase: Call Test Case 'Test Cases/Final Aug 2018 - PKS Automation/Registration Module/Log Out/log out avoiding katalon tagging' successfully

2018-12-07 12:08:22 - [TEST_CASE][PASSED] - Test Cases/Final Aug 2018 - PKS Automation/Registration Module/Log Out/log out avoiding katalon tagging: Test Cases/Final Aug 2018 - PKS Automation/Registration Module/Log Out/log out avoiding katalon tagging

2018-12-07 12:08:22 - [TEST_STEP][PASSED] - navigateToUrl: Navigate to 'https://assist2-uat.perkeso.gov.my/c/portal/logout' successfully

2018-12-07 12:08:23 - [MESSAGE][PASSED] - Navigate to 'https://assist2-uat.perkeso.gov.my/c/portal/logout' successfully

2018-12-07 12:08:23 - [MESSAGE][PASSED] - Call Test Case 'Test Cases/Final Aug 2018 - PKS Automation/Registration Module/Log Out/log out avoiding katalon tagging' successfully

2018-12-07 12:08:23 - [TEST_STEP][PASSED] - callTestCase: Call Test Case 'Test Cases/Final Aug 2018 - PKS Automation/Registration Module/New Registration/Form 2/Date Updater' successfully

2018-12-07 12:08:23 - [TEST_CASE][PASSED] - Test Cases/Final Aug 2018 - PKS Automation/Registration Module/New Registration/Form 2/Date Updater: Test Cases/Final Aug 2018 - PKS Automation/Registration Module/New Registration/Form 2/Date Updater

2018-12-07 12:08:23 - [TEST_STEP][PASSED] - Statement - TodayDate = new java.util.Date(): null

2018-12-07 12:08:23 - [TEST_STEP][PASSED] - Statement - CurrentDateNoFilter = new java.text.SimpleDateFormat(): null

2018-12-07 12:08:23 - [TEST_STEP][PASSED] - Statement - CurrentDateNoFilter.applyPattern("MM"): null

2018-12-07 12:08:23 - [TEST_STEP][PASSED] - Statement - monthContainerMatcher = java.lang.Integer.parseInt(CurrentDateNoFilter.format(TodayDate)): null

2018-12-07 12:08:23 - [TEST_STEP][PASSED] - Statement - monthContainerMatcher = monthContainerMatcher - 1: null

2018-12-07 12:08:23 - [TEST_STEP][PASSED] - Statement - CurrentMonth = monthContainerMatcher.toString(): null

2018-12-07 12:08:23 - [TEST_STEP][PASSED] - Statement - CurrentMonth = CurrentMonth: null

2018-12-07 12:08:23 - [TEST_STEP][PASSED] - Statement - CurrentDateNoFilter.applyPattern("yyyy"): null

2018-12-07 12:08:23 - [TEST_STEP][PASSED] - Statement - CurrentYear = CurrentDateNoFilter.format(TodayDate): null

2018-12-07 12:08:23 - [TEST_STEP][PASSED] - Statement - CurrentYear = CurrentYear: null

2018-12-07 12:08:23 - [TEST_STEP][PASSED] - Statement - intCurrentYear = java.lang.Integer.parseInt(CurrentDateNoFilter.format(TodayDate)): null

2018-12-07 12:08:23 - [TEST_STEP][PASSED] - Statement - eighteenYrsAgo = intCurrentYear - 18: null

2018-12-07 12:08:23 - [TEST_STEP][PASSED] - Statement - eighteenYrsBeforeThisYr = eighteenYrsAgo.toString(): null

2018-12-07 12:08:23 - [TEST_STEP][PASSED] - Statement - EighteenYrsBefore = eighteenYrsBeforeThisYr: null

2018-12-07 12:08:23 - [TEST_STEP][PASSED] - Statement - fiftysevenYrsAgo = intCurrentYear - 57: null

2018-12-07 12:08:23 - [TEST_STEP][PASSED] - Statement - fiftysevenYrsBeforeThisYr = fiftysevenYrsAgo.toString(): null

2018-12-07 12:08:23 - [TEST_STEP][PASSED] - Statement - FiftysevenYrsBefore = fiftysevenYrsBeforeThisYr: null

2018-12-07 12:08:23 - [TEST_STEP][PASSED] - Statement - leapYear = false: null

2018-12-07 12:08:23 - [TEST_STEP][PASSED] - Statement - leapYear = intCurrentYear % 4 == 0: null

2018-12-07 12:08:23 - [TEST_STEP][PASSED] - Statement - CurrentDateNoFilter.applyPattern("dd"): null

2018-12-07 12:08:23 - [TEST_STEP][PASSED] - Statement - CurrentDate = CurrentDateNoFilter.format(TodayDate): null

2018-12-07 12:08:23 - [TEST_STEP][PASSED] - Statement - CurrentDate = java.lang.Integer.parseInt(CurrentDate): null

2018-12-07 12:08:23 - [TEST_STEP][PASSED] - Statement - CurrentDate = CurrentDate: null

2018-12-07 12:08:23 - [TEST_STEP][PASSED] - Statement - CurrentDay = java.lang.Integer.parseInt(CurrentDate): null

2018-12-07 12:08:23 - [TEST_STEP][PASSED] - Statement - ConfAdder = <not implemented yet for class: org.codehaus.groovy.ast.expr.EmptyExpression>: null

2018-12-07 12:08:23 - [TEST_STEP][PASSED] - Statement - out.println(CurrentMonth): null

2018-12-07 12:08:23 - [TEST_STEP][PASSED] - Statement - out.println(CurrentDate): null

2018-12-07 12:08:23 - [TEST_STEP][PASSED] - Statement - switch (CurrentDate): null

2018-12-07 12:08:23 - [TEST_STEP][PASSED] - Statement - Default: null

2018-12-07 12:08:23 - [TEST_STEP][PASSED] - Statement - ConfAdder = true: null

2018-12-07 12:08:23 - [TEST_STEP][PASSED] - Statement - Break: null

2018-12-07 12:08:23 - [TEST_STEP][PASSED] - Statement - aDayBefore = <not implemented yet for class: org.codehaus.groovy.ast.expr.EmptyExpression>: null

2018-12-07 12:08:23 - [TEST_STEP][PASSED] - Statement - out.println(ConfAdder): null

2018-12-07 12:08:23 - [TEST_STEP][PASSED] - Statement - If (ConfAdder == true): null

2018-12-07 12:08:23 - [TEST_STEP][PASSED] - Statement - aDayBefore = CurrentDay + 1: null

2018-12-07 12:08:23 - [TEST_STEP][PASSED] - Statement - out.println(aDayBefore): null

2018-12-07 12:08:23 - [TEST_STEP][PASSED] - Statement - If (aDayBefore == 1 && CurrentMonth == 11): null

2018-12-07 12:08:23 - [TEST_STEP][PASSED] - Statement - DayBefore = aDayBefore.toString(): null

2018-12-07 12:08:23 - [TEST_STEP][PASSED] - Statement - OneDayBefore = DayBefore: null

2018-12-07 12:08:23 - [MESSAGE][PASSED] - Call Test Case 'Test Cases/Final Aug 2018 - PKS Automation/Registration Module/New Registration/Form 2/Date Updater' successfully

2018-12-07 12:08:23 - [TEST_STEP][PASSED] - delay: Delayed 2 second(s)

2018-12-07 12:08:25 - [MESSAGE][PASSED] - Delayed 2 second(s)

2018-12-07 12:08:25 - [TEST_STEP][PASSED] - setText: Text 'klotc2@gmail.com' is set on object 'Object Repository/Final Object Repo/Page_Update Add New Employee - ASSIST/Email TextBox'

2018-12-07 12:08:26 - [MESSAGE][PASSED] - Text 'klotc2@gmail.com' is set on object 'Object Repository/Final Object Repo/Page_Update Add New Employee - ASSIST/Email TextBox'

2018-12-07 12:08:26 - [TEST_STEP][PASSED] - click: Object: 'Object Repository/Final Object Repo/Page_Update Add New Employee - ASSIST/Next Button' is clicked on

2018-12-07 12:08:26 - [MESSAGE][PASSED] - Object: 'Object Repository/Final Object Repo/Page_Update Add New Employee - ASSIST/Next Button' is clicked on

2018-12-07 12:08:26 - [TEST_STEP][PASSED] - delay: Delayed 2 second(s)

2018-12-07 12:08:28 - [MESSAGE][PASSED] - Delayed 2 second(s)

2018-12-07 12:08:28 - [TEST_STEP][PASSED] - setText: Text 'Test1@3456789' is set on object 'Object Repository/Final Object Repo/Page_Update Add New Employee - ASSIST/Password TextBox'

2018-12-07 12:08:28 - [MESSAGE][PASSED] - Text 'Test1@3456789' is set on object 'Object Repository/Final Object Repo/Page_Update Add New Employee - ASSIST/Password TextBox'

2018-12-07 12:08:28 - [TEST_STEP][PASSED] - delay: Delayed 2 second(s)

2018-12-07 12:08:30 - [MESSAGE][PASSED] - Delayed 2 second(s)

2018-12-07 12:08:30 - [TEST_STEP][PASSED] - click: Object: 'Object Repository/Final Object Repo/Page_Update Add New Employee - ASSIST/Login Button' is clicked on

2018-12-07 12:08:30 - [MESSAGE][PASSED] - Object: 'Object Repository/Final Object Repo/Page_Update Add New Employee - ASSIST/Login Button' is clicked on

2018-12-07 12:08:30 - [TEST_STEP][PASSED] - delay: Delayed 4 second(s)

2018-12-07 12:08:34 - [MESSAGE][PASSED] - Delayed 4 second(s)

2018-12-07 12:08:34 - [TEST_STEP][PASSED] - Statement - Try: Delayed 2 second(s)

2018-12-07 12:08:34 - [TEST_STEP][PASSED] - Statement - Checker = false: null

2018-12-07 12:08:34 - [TEST_STEP][PASSED] - Statement - Checker = com.kms.katalon.core.webui.keyword.WebUiBuiltInKeywords.verifyElementHasAttribute(com.kms.katalon.core.testobject.ObjectRepository.findTestObject(Final Object Repo/Landing Page/BM Detecting), "href", 20, OPTIONAL): Object 'Object Repository/Final Object Repo/Landing Page/BM Detecting' has attribute 'href'

2018-12-07 12:08:34 - [MESSAGE][PASSED] - Object 'Object Repository/Final Object Repo/Landing Page/BM Detecting' has attribute 'href'

2018-12-07 12:08:34 - [TEST_STEP][PASSED] - Statement - out.println(Checker): null

2018-12-07 12:08:34 - [TEST_STEP][PASSED] - Statement - If (Checker == false): null

2018-12-07 12:08:34 - [TEST_STEP][PASSED] - Statement - Else: null

2018-12-07 12:08:34 - [TEST_STEP][PASSED] - delay: Delayed 2 second(s)

2018-12-07 12:08:36 - [MESSAGE][PASSED] - Delayed 2 second(s)

2018-12-07 12:08:36 - [TEST_STEP][PASSED] - delay: Delayed 4 second(s)

2018-12-07 12:08:40 - [MESSAGE][PASSED] - Delayed 4 second(s)

2018-12-07 12:08:40 - [TEST_STEP][PASSED] - click: Object: 'Object Repository/Final Object Repo/Page_Update Add New Employee - ASSIST/My Sites Drop Down' is clicked on

2018-12-07 12:08:40 - [MESSAGE][PASSED] - Object: 'Object Repository/Final Object Repo/Page_Update Add New Employee - ASSIST/My Sites Drop Down' is clicked on

2018-12-07 12:08:40 - [TEST_STEP][PASSED] - click: Object: 'Object Repository/Final Object Repo/Page_Update Add New Employee - ASSIST/Select to Registration Module' is clicked on

2018-12-07 12:08:41 - [MESSAGE][PASSED] - Object: 'Object Repository/Final Object Repo/Page_Update Add New Employee - ASSIST/Select to Registration Module' is clicked on

2018-12-07 12:08:41 - [TEST_STEP][PASSED] - navigateToUrl: Navigate to 'https://assist2-uat.perkeso.gov.my/web/registration/myassist' successfully

2018-12-07 12:08:42 - [MESSAGE][PASSED] - Navigate to 'https://assist2-uat.perkeso.gov.my/web/registration/myassist' successfully

2018-12-07 12:08:42 - [TEST_STEP][PASSED] - mouseOver: Object: 'Object Repository/Final Object Repo/Page_Update Add New Employee - ASSIST/Select to Update Akta 4 Tab' is hovered

2018-12-07 12:08:42 - [MESSAGE][PASSED] - Object: 'Object Repository/Final Object Repo/Page_Update Add New Employee - ASSIST/Select to Update Akta 4 Tab' is hovered

2018-12-07 12:08:42 - [TEST_STEP][PASSED] - delay: Delayed 2 second(s)

2018-12-07 12:08:44 - [MESSAGE][PASSED] - Delayed 2 second(s)

2018-12-07 12:08:44 - [TEST_STEP][PASSED] - click: Object: 'Object Repository/Final Object Repo/Page_Update Add New Employee - ASSIST/Select to Update Add New Employee' is clicked on

2018-12-07 12:08:45 - [MESSAGE][PASSED] - Object: 'Object Repository/Final Object Repo/Page_Update Add New Employee - ASSIST/Select to Update Add New Employee' is clicked on

2018-12-07 12:08:45 - [TEST_STEP][PASSED] - delay: Delayed 2 second(s)

2018-12-07 12:08:47 - [MESSAGE][PASSED] - Delayed 2 second(s)

2018-12-07 12:08:47 - [TEST_STEP][PASSED] - setText: Text 'E1102070672P' is set on object 'Object Repository/Final Object Repo/Page_Update Add New Employee - ASSIST/Employer Code input textbox'

2018-12-07 12:08:47 - [MESSAGE][PASSED] - Text 'E1102070672P' is set on object 'Object Repository/Final Object Repo/Page_Update Add New Employee - ASSIST/Employer Code input textbox'

2018-12-07 12:08:47 - [TEST_STEP][PASSED] - delay: Delayed 2 second(s)

2018-12-07 12:08:49 - [MESSAGE][PASSED] - Delayed 2 second(s)

2018-12-07 12:08:49 - [TEST_STEP][PASSED] - click: Object: 'Object Repository/Final Object Repo/Page_Update Add New Employee - ASSIST/Search Button for Employer Code' is clicked on

2018-12-07 12:08:49 - [MESSAGE][PASSED] - Object: 'Object Repository/Final Object Repo/Page_Update Add New Employee - ASSIST/Search Button for Employer Code' is clicked on

2018-12-07 12:08:49 - [TEST_STEP][PASSED] - delay: Delayed 4 second(s)

2018-12-07 12:08:53 - [MESSAGE][PASSED] - Delayed 4 second(s)

2018-12-07 12:08:53 - [TEST_STEP][PASSED] - click: Object: 'Object Repository/Final Object Repo/Page_Update Add New Employee - ASSIST/Click to Edit Case' is clicked on

2018-12-07 12:08:56 - [MESSAGE][PASSED] - Object: 'Object Repository/Final Object Repo/Page_Update Add New Employee - ASSIST/Click to Edit Case' is clicked on

2018-12-07 12:08:56 - [TEST_STEP][PASSED] - callTestCase: Call Test Case 'Test Cases/Final Aug 2018 - PKS Automation/Registration Module/Workflow/Update Add New Employee/Template/Employee Adding/Employee Set Decider' successfully

2018-12-07 12:08:56 - [TEST_CASE][PASSED] - Test Cases/Final Aug 2018 - PKS Automation/Registration Module/Workflow/Update Add New Employee/Template/Employee Adding/Employee Set Decider: Test Cases/Final Aug 2018 - PKS Automation/Registration Module/Workflow/Update Add New Employee/Template/Employee Adding/Employee Set Decider

2018-12-07 12:08:56 - [TEST_STEP][PASSED] - delay: Delayed 4 second(s)

2018-12-07 12:09:00 - [MESSAGE][PASSED] - Delayed 4 second(s)

2018-12-07 12:09:00 - [TEST_STEP][PASSED] - click: Object: 'Object Repository/Final Object Repo/Page_Update Add New Employee - ASSIST/Add Employee Button' is clicked on

2018-12-07 12:09:00 - [MESSAGE][PASSED] - Object: 'Object Repository/Final Object Repo/Page_Update Add New Employee - ASSIST/Add Employee Button' is clicked on

2018-12-07 12:09:00 - [TEST_STEP][PASSED] - delay: Delayed 3 second(s)

2018-12-07 12:09:03 - [MESSAGE][PASSED] - Delayed 3 second(s)

2018-12-07 12:09:03 - [TEST_STEP][PASSED] - setText: Text '010903091920' is set on object 'Object Repository/Final Object Repo/Page_Update Add New Employee - ASSIST/NRIC Input'

2018-12-07 12:09:04 - [MESSAGE][PASSED] - Text '010903091920' is set on object 'Object Repository/Final Object Repo/Page_Update Add New Employee - ASSIST/NRIC Input'

2018-12-07 12:09:04 - [TEST_STEP][PASSED] - click: Object: 'Object Repository/Final Object Repo/Page_Update Add New Employee - ASSIST/button for search for IC' is clicked on

2018-12-07 12:09:04 - [MESSAGE][PASSED] - Object: 'Object Repository/Final Object Repo/Page_Update Add New Employee - ASSIST/button for search for IC' is clicked on

2018-12-07 12:09:04 - [TEST_STEP][PASSED] - delay: Delayed 2 second(s)

2018-12-07 12:09:06 - [MESSAGE][PASSED] - Delayed 2 second(s)

2018-12-07 12:09:06 - [TEST_STEP][PASSED] - sendKeys: Keys 'CONTROL + a' sent to object: 'Object Repository/Final Object Repo/Page_Update Add New Employee - ASSIST/Employee Name Input'

2018-12-07 12:09:06 - [MESSAGE][PASSED] - Keys 'CONTROL + a' sent to object: 'Object Repository/Final Object Repo/Page_Update Add New Employee - ASSIST/Employee Name Input'

2018-12-07 12:09:06 - [TEST_STEP][PASSED] - sendKeys: Keys 'CONTROL + c' sent to object: 'Object Repository/Final Object Repo/Page_Update Add New Employee - ASSIST/Employee Name Input'

2018-12-07 12:09:06 - [MESSAGE][PASSED] - Keys 'CONTROL + c' sent to object: 'Object Repository/Final Object Repo/Page_Update Add New Employee - ASSIST/Employee Name Input'

2018-12-07 12:09:06 - [TEST_STEP][PASSED] - Statement - toolkit = java.awt.Toolkit.getDefaultToolkit(): null

2018-12-07 12:09:06 - [TEST_STEP][PASSED] - Statement - clipboard = toolkit.getSystemClipboard(): null

2018-12-07 12:09:06 - [TEST_STEP][PASSED] - Statement - CurrentName = clipboard.getData(stringFlavor): null

2018-12-07 12:09:06 - [TEST_STEP][PASSED] - Statement - out.println("String from Clipboard:" + CurrentName): null

2018-12-07 12:09:06 - [TEST_STEP][PASSED] - Statement - If (CurrentName == "AUTOMATE002 ELIGIBLE 1"): Call Test Case 'Test Cases/Final Aug 2018 - PKS Automation/Registration Module/Workflow/Update Add New Employee/Template/Employee Adding/Employee Adding Action Repeat IC - set 1' successfully

2018-12-07 12:09:06 - [TEST_STEP][PASSED] - callTestCase: Call Test Case 'Test Cases/Final Aug 2018 - PKS Automation/Registration Module/Workflow/Update Add New Employee/Template/Employee Adding/Employee Adding Action Repeat IC - set 1' successfully

2018-12-07 12:09:06 - [TEST_CASE][PASSED] - Test Cases/Final Aug 2018 - PKS Automation/Registration Module/Workflow/Update Add New Employee/Template/Employee Adding/Employee Adding Action Repeat IC - set 1: Test Cases/Final Aug 2018 - PKS Automation/Registration Module/Workflow/Update Add New Employee/Template/Employee Adding/Employee Adding Action Repeat IC - set 1

2018-12-07 12:09:06 - [TEST_STEP][PASSED] - setText: Text 'Automate003 eligible 1' is set on object 'Object Repository/Final Object Repo/Page_Update Add New Employee - ASSIST/Employee Name Input'

2018-12-07 12:09:07 - [MESSAGE][PASSED] - Text 'Automate003 eligible 1' is set on object 'Object Repository/Final Object Repo/Page_Update Add New Employee - ASSIST/Employee Name Input'

2018-12-07 12:09:07 - [TEST_STEP][PASSED] - delay: Delayed 2 second(s)

2018-12-07 12:09:09 - [MESSAGE][PASSED] - Delayed 2 second(s)

2018-12-07 12:09:09 - [TEST_STEP][PASSED] - click: Object: 'Object Repository/Final Object Repo/Page_Update Add New Employee - ASSIST/DatePicker Pop Up' is clicked on

2018-12-07 12:09:09 - [MESSAGE][PASSED] - Object: 'Object Repository/Final Object Repo/Page_Update Add New Employee - ASSIST/DatePicker Pop Up' is clicked on

2018-12-07 12:09:09 - [TEST_STEP][PASSED] - click: Object: 'Object Repository/Final Object Repo/Page_Update Add New Employee - ASSIST/DOB Month' is clicked on

2018-12-07 12:09:09 - [MESSAGE][PASSED] - Object: 'Object Repository/Final Object Repo/Page_Update Add New Employee - ASSIST/DOB Month' is clicked on

2018-12-07 12:09:09 - [TEST_STEP][PASSED] - Statement - CurrentMonth = CurrentMonth: null

2018-12-07 12:09:09 - [TEST_STEP][PASSED] - Statement - selectMonth = new com.kms.katalon.core.testobject.TestObject(): null

2018-12-07 12:09:09 - [TEST_STEP][PASSED] - Statement - selectMonth.addProperty("xpath", EQUALS, "//body/div/div/div/select/option[@value='" + CurrentMonth + "']", true): null

2018-12-07 12:09:09 - [TEST_STEP][PASSED] - click: Object: '' is clicked on

2018-12-07 12:09:09 - [MESSAGE][PASSED] - Object: '' is clicked on

2018-12-07 12:09:09 - [TEST_STEP][PASSED] - click: Object: 'Object Repository/Final Object Repo/Page_Update Add New Employee - ASSIST/DOB Year' is clicked on

2018-12-07 12:09:09 - [MESSAGE][PASSED] - Object: 'Object Repository/Final Object Repo/Page_Update Add New Employee - ASSIST/DOB Year' is clicked on

2018-12-07 12:09:09 - [TEST_STEP][PASSED] - Statement - Eyearsbf = EighteenYrsBefore: null

2018-12-07 12:09:09 - [TEST_STEP][PASSED] - Statement - selectYear = new com.kms.katalon.core.testobject.TestObject(): null

2018-12-07 12:09:09 - [TEST_STEP][PASSED] - Statement - selectYear.addProperty("xpath", EQUALS, "//div/div/div/select/option[@value='" + Eyearsbf + "']", true): null

2018-12-07 12:09:09 - [TEST_STEP][PASSED] - click: Object: '' is clicked on

2018-12-07 12:09:10 - [MESSAGE][PASSED] - Object: '' is clicked on

2018-12-07 12:09:10 - [TEST_STEP][PASSED] - Statement - UpdatedSelectDate = com.kms.katalon.core.webui.keyword.WebUiBuiltInKeywords.modifyObjectProperty(com.kms.katalon.core.testobject.ObjectRepository.findTestObject(Final Object Repo/Page_Update Add New Employee - ASSIST/DOB Date), "xpath", "equals", "//body/div/table/tbody/tr/td/a[text()="" + CurrentDate + ""]", true): Modify property of object successfully

2018-12-07 12:09:10 - [MESSAGE][PASSED] - Modify property of object successfully

2018-12-07 12:09:10 - [TEST_STEP][PASSED] - delay: Delayed 3 second(s)

2018-12-07 12:09:13 - [MESSAGE][PASSED] - Delayed 3 second(s)

2018-12-07 12:09:13 - [TEST_STEP][PASSED] - click: Object: 'Object Repository/Final Object Repo/Page_Update Add New Employee - ASSIST/DOB Date' is clicked on

2018-12-07 12:09:13 - [MESSAGE][PASSED] - Object: 'Object Repository/Final Object Repo/Page_Update Add New Employee - ASSIST/DOB Date' is clicked on

2018-12-07 12:09:13 - [TEST_STEP][PASSED] - delay: Delayed 2 second(s)

2018-12-07 12:09:15 - [MESSAGE][PASSED] - Delayed 2 second(s)

2018-12-07 12:09:15 - [TEST_STEP][PASSED] - click: Object: 'Object Repository/Final Object Repo/Page_Update Add New Employee - ASSIST/EmploymentStartDate Pop Up' is clicked on

2018-12-07 12:09:15 - [MESSAGE][PASSED] - Object: 'Object Repository/Final Object Repo/Page_Update Add New Employee - ASSIST/EmploymentStartDate Pop Up' is clicked on

2018-12-07 12:09:15 - [TEST_STEP][PASSED] - delay: Delayed 2 second(s)

2018-12-07 12:09:17 - [MESSAGE][PASSED] - Delayed 2 second(s)

2018-12-07 12:09:17 - [TEST_STEP][PASSED] - click: Object: 'Object Repository/Final Object Repo/Page_Update Add New Employee - ASSIST/Socso Employment StartDate Month' is clicked on

2018-12-07 12:09:17 - [MESSAGE][PASSED] - Object: 'Object Repository/Final Object Repo/Page_Update Add New Employee - ASSIST/Socso Employment StartDate Month' is clicked on

2018-12-07 12:09:17 - [TEST_STEP][PASSED] - delay: Delayed 1 second(s)

2018-12-07 12:09:18 - [MESSAGE][PASSED] - Delayed 1 second(s)

2018-12-07 12:09:18 - [TEST_STEP][PASSED] - click: Object: 'Object Repository/Final Object Repo/Page_Update Add New Employee - ASSIST/Select Socso Employement Startdate Month' is clicked on

2018-12-07 12:09:18 - [MESSAGE][PASSED] - Object: 'Object Repository/Final Object Repo/Page_Update Add New Employee - ASSIST/Select Socso Employement Startdate Month' is clicked on

2018-12-07 12:09:18 - [TEST_STEP][PASSED] - delay: Delayed 2 second(s)

2018-12-07 12:09:20 - [MESSAGE][PASSED] - Delayed 2 second(s)

2018-12-07 12:09:20 - [TEST_STEP][PASSED] - click: Object: 'Object Repository/Final Object Repo/Page_Update Add New Employee - ASSIST/Socso Employment StartDate Year' is clicked on

2018-12-07 12:09:20 - [MESSAGE][PASSED] - Object: 'Object Repository/Final Object Repo/Page_Update Add New Employee - ASSIST/Socso Employment StartDate Year' is clicked on

2018-12-07 12:09:20 - [TEST_STEP][PASSED] - delay: Delayed 1 second(s)

2018-12-07 12:09:21 - [MESSAGE][PASSED] - Delayed 1 second(s)

2018-12-07 12:09:21 - [TEST_STEP][PASSED] - click: Object: 'Object Repository/Final Object Repo/Page_Update Add New Employee - ASSIST/Select Socso Employment Startdate Year' is clicked on

2018-12-07 12:09:22 - [MESSAGE][PASSED] - Object: 'Object Repository/Final Object Repo/Page_Update Add New Employee - ASSIST/Select Socso Employment Startdate Year' is clicked on

2018-12-07 12:09:22 - [TEST_STEP][PASSED] - delay: Delayed 2 second(s)

2018-12-07 12:09:24 - [MESSAGE][PASSED] - Delayed 2 second(s)

2018-12-07 12:09:24 - [TEST_STEP][PASSED] - click: Object: 'Object Repository/Final Object Repo/Page_Update Add New Employee - ASSIST/Socso Employment Start Date Day' is clicked on

2018-12-07 12:09:24 - [MESSAGE][PASSED] - Object: 'Object Repository/Final Object Repo/Page_Update Add New Employee - ASSIST/Socso Employment Start Date Day' is clicked on

2018-12-07 12:09:24 - [TEST_STEP][PASSED] - delay: Delayed 2 second(s)

2018-12-07 12:09:26 - [MESSAGE][PASSED] - Delayed 2 second(s)

2018-12-07 12:09:26 - [TEST_STEP][PASSED] - click: Object: 'Object Repository/Final Object Repo/Page_Update Add New Employee - ASSIST/Save Button for Add Employee' is clicked on

2018-12-07 12:09:26 - [MESSAGE][PASSED] - Object: 'Object Repository/Final Object Repo/Page_Update Add New Employee - ASSIST/Save Button for Add Employee' is clicked on

2018-12-07 12:09:26 - [TEST_STEP][PASSED] - delay: Delayed 6 second(s)

2018-12-07 12:09:32 - [MESSAGE][PASSED] - Delayed 6 second(s)

2018-12-07 12:09:32 - [TEST_STEP][PASSED] - click: Object: 'Object Repository/Final Object Repo/Page_Update Add New Employee - ASSIST/Add Employee Button' is clicked on

2018-12-07 12:09:32 - [MESSAGE][PASSED] - Object: 'Object Repository/Final Object Repo/Page_Update Add New Employee - ASSIST/Add Employee Button' is clicked on

2018-12-07 12:09:32 - [TEST_STEP][PASSED] - delay: Delayed 4 second(s)

2018-12-07 12:09:36 - [MESSAGE][PASSED] - Delayed 4 second(s)

2018-12-07 12:09:36 - [TEST_STEP][PASSED] - setText: Text '620904059600' is set on object 'Object Repository/Final Object Repo/Page_Update Add New Employee - ASSIST/NRIC Input'

2018-12-07 12:09:37 - [MESSAGE][PASSED] - Text '620904059600' is set on object 'Object Repository/Final Object Repo/Page_Update Add New Employee - ASSIST/NRIC Input'

2018-12-07 12:09:37 - [TEST_STEP][PASSED] - click: Object: 'Object Repository/Final Object Repo/Page_Update Add New Employee - ASSIST/button for search for IC' is clicked on

2018-12-07 12:09:37 - [MESSAGE][PASSED] - Object: 'Object Repository/Final Object Repo/Page_Update Add New Employee - ASSIST/button for search for IC' is clicked on

2018-12-07 12:09:37 - [TEST_STEP][PASSED] - delay: Delayed 2 second(s)

2018-12-07 12:09:39 - [MESSAGE][PASSED] - Delayed 2 second(s)

2018-12-07 12:09:39 - [TEST_STEP][PASSED] - setText: Text 'Automate003 eligible 2' is set on object 'Object Repository/Final Object Repo/Page_Update Add New Employee - ASSIST/Employee Name Input'

2018-12-07 12:09:39 - [MESSAGE][PASSED] - Text 'Automate003 eligible 2' is set on object 'Object Repository/Final Object Repo/Page_Update Add New Employee - ASSIST/Employee Name Input'

2018-12-07 12:09:39 - [TEST_STEP][PASSED] - delay: Delayed 2 second(s)

2018-12-07 12:09:41 - [MESSAGE][PASSED] - Delayed 2 second(s)

2018-12-07 12:09:41 - [TEST_STEP][PASSED] - click: Object: 'Object Repository/Final Object Repo/Page_Update Add New Employee - ASSIST/DatePicker Pop Up' is clicked on

2018-12-07 12:09:42 - [MESSAGE][PASSED] - Object: 'Object Repository/Final Object Repo/Page_Update Add New Employee - ASSIST/DatePicker Pop Up' is clicked on

2018-12-07 12:09:42 - [TEST_STEP][PASSED] - delay: Delayed 2 second(s)

2018-12-07 12:09:44 - [MESSAGE][PASSED] - Delayed 2 second(s)

2018-12-07 12:09:44 - [TEST_STEP][PASSED] - click: Object: 'Object Repository/Final Object Repo/Page_Update Add New Employee - ASSIST/DOB Month' is clicked on

2018-12-07 12:09:44 - [MESSAGE][PASSED] - Object: 'Object Repository/Final Object Repo/Page_Update Add New Employee - ASSIST/DOB Month' is clicked on

2018-12-07 12:09:44 - [TEST_STEP][PASSED] - Statement - selectMonth = com.kms.katalon.core.webui.keyword.WebUiBuiltInKeywords.modifyObjectProperty(selectMonth, "xpath", "equals", "//body/div/div/div/select/option[@value="" + CurrentMonth + ""]", true): Modify property of object successfully

2018-12-07 12:09:44 - [MESSAGE][PASSED] - Modify property of object successfully

2018-12-07 12:09:44 - [TEST_STEP][PASSED] - click: Object: '' is clicked on

2018-12-07 12:09:44 - [MESSAGE][PASSED] - Object: '' is clicked on

2018-12-07 12:09:44 - [TEST_STEP][PASSED] - click: Object: 'Object Repository/Final Object Repo/Page_Update Add New Employee - ASSIST/DOB Year' is clicked on

2018-12-07 12:09:44 - [MESSAGE][PASSED] - Object: 'Object Repository/Final Object Repo/Page_Update Add New Employee - ASSIST/DOB Year' is clicked on

2018-12-07 12:09:44 - [TEST_STEP][PASSED] - Statement - selectYear = com.kms.katalon.core.webui.keyword.WebUiBuiltInKeywords.modifyObjectProperty(selectYear, "xpath", "equals", "//div/div/div/select/option[@value="" + FiftysevenYrsBefore + ""]", true): Modify property of object successfully

2018-12-07 12:09:44 - [MESSAGE][PASSED] - Modify property of object successfully

2018-12-07 12:09:44 - [TEST_STEP][PASSED] - click: Object: '' is clicked on

2018-12-07 12:09:44 - [MESSAGE][PASSED] - Object: '' is clicked on

2018-12-07 12:09:44 - [TEST_STEP][PASSED] - Statement - UpdatedSelectDate = com.kms.katalon.core.webui.keyword.WebUiBuiltInKeywords.modifyObjectProperty(com.kms.katalon.core.testobject.ObjectRepository.findTestObject(Final Object Repo/Page_Update Add New Employee - ASSIST/DOB Date), "xpath", "equals", "//body/div/table/tbody/tr/td/a[text()="" + OneDayBefore + ""]", true): Modify property of object successfully

2018-12-07 12:09:44 - [MESSAGE][PASSED] - Modify property of object successfully

2018-12-07 12:09:44 - [TEST_STEP][PASSED] - click: Object: 'Object Repository/Final Object Repo/Page_Update Add New Employee - ASSIST/DOB Date' is clicked on

2018-12-07 12:09:44 - [MESSAGE][PASSED] - Object: 'Object Repository/Final Object Repo/Page_Update Add New Employee - ASSIST/DOB Date' is clicked on

2018-12-07 12:09:44 - [TEST_STEP][PASSED] - delay: Delayed 2 second(s)

2018-12-07 12:09:46 - [MESSAGE][PASSED] - Delayed 2 second(s)

2018-12-07 12:09:46 - [TEST_STEP][PASSED] - click: Object: 'Object Repository/Final Object Repo/Page_Update Add New Employee - ASSIST/EmploymentStartDate Pop Up' is clicked on

2018-12-07 12:09:47 - [MESSAGE][PASSED] - Object: 'Object Repository/Final Object Repo/Page_Update Add New Employee - ASSIST/EmploymentStartDate Pop Up' is clicked on

2018-12-07 12:09:47 - [TEST_STEP][PASSED] - delay: Delayed 2 second(s)

2018-12-07 12:09:49 - [MESSAGE][PASSED] - Delayed 2 second(s)

2018-12-07 12:09:49 - [TEST_STEP][PASSED] - click: Object: 'Object Repository/Final Object Repo/Page_Update Add New Employee - ASSIST/Socso Employment StartDate Month' is clicked on

2018-12-07 12:09:49 - [MESSAGE][PASSED] - Object: 'Object Repository/Final Object Repo/Page_Update Add New Employee - ASSIST/Socso Employment StartDate Month' is clicked on

2018-12-07 12:09:49 - [TEST_STEP][PASSED] - delay: Delayed 1 second(s)

2018-12-07 12:09:50 - [MESSAGE][PASSED] - Delayed 1 second(s)

2018-12-07 12:09:50 - [TEST_STEP][PASSED] - click: Object: 'Object Repository/Final Object Repo/Page_Update Add New Employee - ASSIST/Select Socso Employement Startdate Month' is clicked on

2018-12-07 12:09:50 - [MESSAGE][PASSED] - Object: 'Object Repository/Final Object Repo/Page_Update Add New Employee - ASSIST/Select Socso Employement Startdate Month' is clicked on

2018-12-07 12:09:50 - [TEST_STEP][PASSED] - delay: Delayed 2 second(s)

2018-12-07 12:09:52 - [MESSAGE][PASSED] - Delayed 2 second(s)

2018-12-07 12:09:52 - [TEST_STEP][PASSED] - click: Object: 'Object Repository/Final Object Repo/Page_Update Add New Employee - ASSIST/Socso Employment StartDate Year' is clicked on

2018-12-07 12:09:52 - [MESSAGE][PASSED] - Object: 'Object Repository/Final Object Repo/Page_Update Add New Employee - ASSIST/Socso Employment StartDate Year' is clicked on

2018-12-07 12:09:52 - [TEST_STEP][PASSED] - delay: Delayed 1 second(s)

2018-12-07 12:09:53 - [MESSAGE][PASSED] - Delayed 1 second(s)

2018-12-07 12:09:53 - [TEST_STEP][PASSED] - click: Object: 'Object Repository/Final Object Repo/Page_Update Add New Employee - ASSIST/Select Socso Employment Startdate Year' is clicked on

2018-12-07 12:09:53 - [MESSAGE][PASSED] - Object: 'Object Repository/Final Object Repo/Page_Update Add New Employee - ASSIST/Select Socso Employment Startdate Year' is clicked on

2018-12-07 12:09:53 - [TEST_STEP][PASSED] - delay: Delayed 2 second(s)

2018-12-07 12:09:55 - [MESSAGE][PASSED] - Delayed 2 second(s)

2018-12-07 12:09:55 - [TEST_STEP][PASSED] - click: Object: 'Object Repository/Final Object Repo/Page_Update Add New Employee - ASSIST/Socso Employment Start Date Day' is clicked on

2018-12-07 12:09:56 - [MESSAGE][PASSED] - Object: 'Object Repository/Final Object Repo/Page_Update Add New Employee - ASSIST/Socso Employment Start Date Day' is clicked on

2018-12-07 12:09:56 - [TEST_STEP][PASSED] - delay: Delayed 2 second(s)

2018-12-07 12:09:58 - [MESSAGE][PASSED] - Delayed 2 second(s)

2018-12-07 12:09:58 - [TEST_STEP][PASSED] - click: Object: 'Object Repository/Final Object Repo/Page_Update Add New Employee - ASSIST/Save Button for Add Employee' is clicked on

2018-12-07 12:09:58 - [MESSAGE][PASSED] - Object: 'Object Repository/Final Object Repo/Page_Update Add New Employee - ASSIST/Save Button for Add Employee' is clicked on

2018-12-07 12:09:58 - [TEST_STEP][PASSED] - delay: Delayed 10 second(s)

2018-12-07 12:10:08 - [MESSAGE][PASSED] - Delayed 10 second(s)

2018-12-07 12:10:08 - [TEST_STEP][PASSED] - waitForElementClickable: Object 'Object Repository/Final Object Repo/Page_Update Add New Employee - ASSIST/Add Employee Button' is clickable

2018-12-07 12:10:08 - [MESSAGE][PASSED] - Object 'Object Repository/Final Object Repo/Page_Update Add New Employee - ASSIST/Add Employee Button' is clickable

2018-12-07 12:10:08 - [TEST_STEP][PASSED] - click: Object: 'Object Repository/Final Object Repo/Page_Update Add New Employee - ASSIST/Add Employee Button' is clicked on

2018-12-07 12:10:08 - [MESSAGE][PASSED] - Object: 'Object Repository/Final Object Repo/Page_Update Add New Employee - ASSIST/Add Employee Button' is clicked on

2018-12-07 12:10:08 - [TEST_STEP][PASSED] - delay: Delayed 4 second(s)

2018-12-07 12:10:12 - [MESSAGE][PASSED] - Delayed 4 second(s)

2018-12-07 12:10:12 - [TEST_STEP][PASSED] - setText: Text '000209039100' is set on object 'Object Repository/Final Object Repo/Page_Update Add New Employee - ASSIST/NRIC Input'

2018-12-07 12:10:13 - [MESSAGE][PASSED] - Text '000209039100' is set on object 'Object Repository/Final Object Repo/Page_Update Add New Employee - ASSIST/NRIC Input'

2018-12-07 12:10:13 - [TEST_STEP][PASSED] - click: Object: 'Object Repository/Final Object Repo/Page_Update Add New Employee - ASSIST/button for search for IC' is clicked on

2018-12-07 12:10:13 - [MESSAGE][PASSED] - Object: 'Object Repository/Final Object Repo/Page_Update Add New Employee - ASSIST/button for search for IC' is clicked on

2018-12-07 12:10:13 - [TEST_STEP][PASSED] - delay: Delayed 2 second(s)

2018-12-07 12:10:15 - [MESSAGE][PASSED] - Delayed 2 second(s)

2018-12-07 12:10:15 - [TEST_STEP][PASSED] - setText: Text 'Automate003 not eligible 1' is set on object 'Object Repository/Final Object Repo/Page_Update Add New Employee - ASSIST/Employee Name Input'

2018-12-07 12:10:15 - [MESSAGE][PASSED] - Text 'Automate003 not eligible 1' is set on object 'Object Repository/Final Object Repo/Page_Update Add New Employee - ASSIST/Employee Name Input'

2018-12-07 12:10:15 - [TEST_STEP][PASSED] - delay: Delayed 2 second(s)

2018-12-07 12:10:17 - [MESSAGE][PASSED] - Delayed 2 second(s)

2018-12-07 12:10:17 - [TEST_STEP][PASSED] - click: Object: 'Object Repository/Final Object Repo/Page_Update Add New Employee - ASSIST/DatePicker Pop Up' is clicked on

2018-12-07 12:10:18 - [MESSAGE][PASSED] - Object: 'Object Repository/Final Object Repo/Page_Update Add New Employee - ASSIST/DatePicker Pop Up' is clicked on

2018-12-07 12:10:18 - [TEST_STEP][PASSED] - delay: Delayed 2 second(s)

2018-12-07 12:10:20 - [MESSAGE][PASSED] - Delayed 2 second(s)

2018-12-07 12:10:20 - [TEST_STEP][PASSED] - click: Object: 'Object Repository/Final Object Repo/Page_Update Add New Employee - ASSIST/DOB Month' is clicked on

2018-12-07 12:10:20 - [MESSAGE][PASSED] - Object: 'Object Repository/Final Object Repo/Page_Update Add New Employee - ASSIST/DOB Month' is clicked on

2018-12-07 12:10:20 - [TEST_STEP][PASSED] - Statement - selectMonth = com.kms.katalon.core.webui.keyword.WebUiBuiltInKeywords.modifyObjectProperty(selectMonth, "xpath", "equals", "//body/div/div/div/select/option[@value="" + CurrentMonth + ""]", true): Modify property of object successfully

2018-12-07 12:10:20 - [MESSAGE][PASSED] - Modify property of object successfully

2018-12-07 12:10:20 - [TEST_STEP][PASSED] - click: Object: '' is clicked on

2018-12-07 12:10:20 - [MESSAGE][PASSED] - Object: '' is clicked on

2018-12-07 12:10:20 - [TEST_STEP][PASSED] - click: Object: 'Object Repository/Final Object Repo/Page_Update Add New Employee - ASSIST/DOB Year' is clicked on

2018-12-07 12:10:20 - [MESSAGE][PASSED] - Object: 'Object Repository/Final Object Repo/Page_Update Add New Employee - ASSIST/DOB Year' is clicked on

2018-12-07 12:10:20 - [TEST_STEP][PASSED] - Statement - selectYear = com.kms.katalon.core.webui.keyword.WebUiBuiltInKeywords.modifyObjectProperty(selectYear, "xpath", "equals", "//div/div/div/select/option[@value="" + EighteenYrsBefore + ""]", true): Modify property of object successfully

2018-12-07 12:10:20 - [MESSAGE][PASSED] - Modify property of object successfully

2018-12-07 12:10:20 - [TEST_STEP][PASSED] - click: Object: '' is clicked on

2018-12-07 12:10:20 - [MESSAGE][PASSED] - Object: '' is clicked on

2018-12-07 12:10:20 - [TEST_STEP][PASSED] - Statement - UpdatedSelectDate = com.kms.katalon.core.webui.keyword.WebUiBuiltInKeywords.modifyObjectProperty(com.kms.katalon.core.testobject.ObjectRepository.findTestObject(Final Object Repo/Page_Update Add New Employee - ASSIST/DOB Date), "xpath", "equals", "//body/div/table/tbody/tr/td/a[text()="" + OneDayBefore + ""]", true): Modify property of object successfully

2018-12-07 12:10:20 - [MESSAGE][PASSED] - Modify property of object successfully

2018-12-07 12:10:20 - [TEST_STEP][PASSED] - click: Object: 'Object Repository/Final Object Repo/Page_Update Add New Employee - ASSIST/DOB Date' is clicked on

2018-12-07 12:10:20 - [MESSAGE][PASSED] - Object: 'Object Repository/Final Object Repo/Page_Update Add New Employee - ASSIST/DOB Date' is clicked on

2018-12-07 12:10:20 - [TEST_STEP][PASSED] - delay: Delayed 2 second(s)

2018-12-07 12:10:22 - [MESSAGE][PASSED] - Delayed 2 second(s)

2018-12-07 12:10:22 - [TEST_STEP][PASSED] - click: Object: 'Object Repository/Final Object Repo/Page_Update Add New Employee - ASSIST/EmploymentStartDate Pop Up' is clicked on

2018-12-07 12:10:23 - [MESSAGE][PASSED] - Object: 'Object Repository/Final Object Repo/Page_Update Add New Employee - ASSIST/EmploymentStartDate Pop Up' is clicked on

2018-12-07 12:10:23 - [TEST_STEP][PASSED] - delay: Delayed 2 second(s)

2018-12-07 12:10:25 - [MESSAGE][PASSED] - Delayed 2 second(s)

2018-12-07 12:10:25 - [TEST_STEP][PASSED] - click: Object: 'Object Repository/Final Object Repo/Page_Update Add New Employee - ASSIST/Socso Employment StartDate Month' is clicked on

2018-12-07 12:10:25 - [MESSAGE][PASSED] - Object: 'Object Repository/Final Object Repo/Page_Update Add New Employee - ASSIST/Socso Employment StartDate Month' is clicked on

2018-12-07 12:10:25 - [TEST_STEP][PASSED] - delay: Delayed 1 second(s)

2018-12-07 12:10:26 - [MESSAGE][PASSED] - Delayed 1 second(s)

2018-12-07 12:10:26 - [TEST_STEP][PASSED] - click: Object: 'Object Repository/Final Object Repo/Page_Update Add New Employee - ASSIST/Select Socso Employement Startdate Month' is clicked on

2018-12-07 12:10:26 - [MESSAGE][PASSED] - Object: 'Object Repository/Final Object Repo/Page_Update Add New Employee - ASSIST/Select Socso Employement Startdate Month' is clicked on

2018-12-07 12:10:26 - [TEST_STEP][PASSED] - delay: Delayed 2 second(s)

2018-12-07 12:10:28 - [MESSAGE][PASSED] - Delayed 2 second(s)

2018-12-07 12:10:28 - [TEST_STEP][PASSED] - click: Object: 'Object Repository/Final Object Repo/Page_Update Add New Employee - ASSIST/Socso Employment StartDate Year' is clicked on

2018-12-07 12:10:28 - [MESSAGE][PASSED] - Object: 'Object Repository/Final Object Repo/Page_Update Add New Employee - ASSIST/Socso Employment StartDate Year' is clicked on

2018-12-07 12:10:28 - [TEST_STEP][PASSED] - delay: Delayed 1 second(s)

2018-12-07 12:10:29 - [MESSAGE][PASSED] - Delayed 1 second(s)

2018-12-07 12:10:29 - [TEST_STEP][PASSED] - click: Object: 'Object Repository/Final Object Repo/Page_Update Add New Employee - ASSIST/Select Socso Employment Startdate Year' is clicked on

2018-12-07 12:10:29 - [MESSAGE][PASSED] - Object: 'Object Repository/Final Object Repo/Page_Update Add New Employee - ASSIST/Select Socso Employment Startdate Year' is clicked on

2018-12-07 12:10:29 - [TEST_STEP][PASSED] - delay: Delayed 2 second(s)

2018-12-07 12:10:31 - [MESSAGE][PASSED] - Delayed 2 second(s)

2018-12-07 12:10:31 - [TEST_STEP][PASSED] - click: Object: 'Object Repository/Final Object Repo/Page_Update Add New Employee - ASSIST/Socso Employment Start Date Day' is clicked on

2018-12-07 12:10:31 - [MESSAGE][PASSED] - Object: 'Object Repository/Final Object Repo/Page_Update Add New Employee - ASSIST/Socso Employment Start Date Day' is clicked on

2018-12-07 12:10:31 - [TEST_STEP][PASSED] - delay: Delayed 2 second(s)

2018-12-07 12:10:33 - [MESSAGE][PASSED] - Delayed 2 second(s)

2018-12-07 12:10:33 - [TEST_STEP][PASSED] - click: Object: 'Object Repository/Final Object Repo/Page_Update Add New Employee - ASSIST/Save Button for Add Employee' is clicked on

2018-12-07 12:10:34 - [MESSAGE][PASSED] - Object: 'Object Repository/Final Object Repo/Page_Update Add New Employee - ASSIST/Save Button for Add Employee' is clicked on

2018-12-07 12:10:34 - [TEST_STEP][PASSED] - delay: Delayed 20 second(s)

2018-12-07 12:10:54 - [MESSAGE][PASSED] - Delayed 20 second(s)

2018-12-07 12:10:54 - [TEST_STEP][PASSED] - click: Object: 'Object Repository/Final Object Repo/Page_Update Add New Employee - ASSIST/Add Employee Button' is clicked on

2018-12-07 12:10:54 - [MESSAGE][PASSED] - Object: 'Object Repository/Final Object Repo/Page_Update Add New Employee - ASSIST/Add Employee Button' is clicked on

2018-12-07 12:10:54 - [TEST_STEP][PASSED] - delay: Delayed 4 second(s)

2018-12-07 12:10:58 - [MESSAGE][PASSED] - Delayed 4 second(s)

2018-12-07 12:10:58 - [TEST_STEP][PASSED] - setText: Text '600203039104' is set on object 'Object Repository/Final Object Repo/Page_Update Add New Employee - ASSIST/NRIC Input'

2018-12-07 12:10:58 - [MESSAGE][PASSED] - Text '600203039104' is set on object 'Object Repository/Final Object Repo/Page_Update Add New Employee - ASSIST/NRIC Input'

2018-12-07 12:10:58 - [TEST_STEP][PASSED] - click: Object: 'Object Repository/Final Object Repo/Page_Update Add New Employee - ASSIST/button for search for IC' is clicked on

2018-12-07 12:10:59 - [MESSAGE][PASSED] - Object: 'Object Repository/Final Object Repo/Page_Update Add New Employee - ASSIST/button for search for IC' is clicked on

2018-12-07 12:10:59 - [TEST_STEP][PASSED] - delay: Delayed 2 second(s)

2018-12-07 12:11:01 - [MESSAGE][PASSED] - Delayed 2 second(s)

2018-12-07 12:11:01 - [TEST_STEP][PASSED] - setText: Text 'Automate003 not eligible 2' is set on object 'Object Repository/Final Object Repo/Page_Update Add New Employee - ASSIST/Employee Name Input'

2018-12-07 12:11:01 - [MESSAGE][PASSED] - Text 'Automate003 not eligible 2' is set on object 'Object Repository/Final Object Repo/Page_Update Add New Employee - ASSIST/Employee Name Input'

2018-12-07 12:11:01 - [TEST_STEP][PASSED] - delay: Delayed 2 second(s)

2018-12-07 12:11:03 - [MESSAGE][PASSED] - Delayed 2 second(s)

2018-12-07 12:11:03 - [TEST_STEP][PASSED] - click: Object: 'Object Repository/Final Object Repo/Page_Update Add New Employee - ASSIST/DatePicker Pop Up' is clicked on

2018-12-07 12:11:03 - [MESSAGE][PASSED] - Object: 'Object Repository/Final Object Repo/Page_Update Add New Employee - ASSIST/DatePicker Pop Up' is clicked on

2018-12-07 12:11:03 - [TEST_STEP][PASSED] - delay: Delayed 2 second(s)

2018-12-07 12:11:05 - [MESSAGE][PASSED] - Delayed 2 second(s)

2018-12-07 12:11:05 - [TEST_STEP][PASSED] - click: Object: 'Object Repository/Final Object Repo/Page_Update Add New Employee - ASSIST/DOB Month' is clicked on

2018-12-07 12:11:06 - [MESSAGE][PASSED] - Object: 'Object Repository/Final Object Repo/Page_Update Add New Employee - ASSIST/DOB Month' is clicked on

2018-12-07 12:11:06 - [TEST_STEP][PASSED] - Statement - selectMonth = com.kms.katalon.core.webui.keyword.WebUiBuiltInKeywords.modifyObjectProperty(selectMonth, "xpath", "equals", "//body/div/div/div/select/option[@value="" + CurrentMonth + ""]", true): Modify property of object successfully

2018-12-07 12:11:06 - [MESSAGE][PASSED] - Modify property of object successfully

2018-12-07 12:11:06 - [TEST_STEP][PASSED] - click: Object: '' is clicked on

2018-12-07 12:11:06 - [MESSAGE][PASSED] - Object: '' is clicked on

2018-12-07 12:11:06 - [TEST_STEP][PASSED] - click: Object: 'Object Repository/Final Object Repo/Page_Update Add New Employee - ASSIST/DOB Year' is clicked on

2018-12-07 12:11:06 - [MESSAGE][PASSED] - Object: 'Object Repository/Final Object Repo/Page_Update Add New Employee - ASSIST/DOB Year' is clicked on

2018-12-07 12:11:06 - [TEST_STEP][PASSED] - Statement - selectYear = com.kms.katalon.core.webui.keyword.WebUiBuiltInKeywords.modifyObjectProperty(selectYear, "xpath", "equals", "//div/div/div/select/option[@value="" + FiftysevenYrsBefore + ""]", true): Modify property of object successfully

2018-12-07 12:11:06 - [MESSAGE][PASSED] - Modify property of object successfully

2018-12-07 12:11:06 - [TEST_STEP][PASSED] - click: Object: '' is clicked on

2018-12-07 12:11:06 - [MESSAGE][PASSED] - Object: '' is clicked on

2018-12-07 12:11:06 - [TEST_STEP][PASSED] - Statement - UpdatedSelectDate = com.kms.katalon.core.webui.keyword.WebUiBuiltInKeywords.modifyObjectProperty(com.kms.katalon.core.testobject.ObjectRepository.findTestObject(Final Object Repo/Page_Update Add New Employee - ASSIST/DOB Date), "xpath", "equals", "//body/div/table/tbody/tr/td/a[text()="" + CurrentDate + ""]", true): Modify property of object successfully

2018-12-07 12:11:06 - [MESSAGE][PASSED] - Modify property of object successfully

2018-12-07 12:11:06 - [TEST_STEP][PASSED] - click: Object: 'Object Repository/Final Object Repo/Page_Update Add New Employee - ASSIST/DOB Date' is clicked on

2018-12-07 12:11:06 - [MESSAGE][PASSED] - Object: 'Object Repository/Final Object Repo/Page_Update Add New Employee - ASSIST/DOB Date' is clicked on

2018-12-07 12:11:06 - [TEST_STEP][PASSED] - click: Object: 'Object Repository/Final Object Repo/Page_Update Add New Employee - ASSIST/EmploymentStartDate Pop Up' is clicked on

2018-12-07 12:11:06 - [MESSAGE][PASSED] - Object: 'Object Repository/Final Object Repo/Page_Update Add New Employee - ASSIST/EmploymentStartDate Pop Up' is clicked on

2018-12-07 12:11:06 - [TEST_STEP][PASSED] - delay: Delayed 2 second(s)

2018-12-07 12:11:08 - [MESSAGE][PASSED] - Delayed 2 second(s)

2018-12-07 12:11:08 - [TEST_STEP][PASSED] - click: Object: 'Object Repository/Final Object Repo/Page_Update Add New Employee - ASSIST/Socso Employment StartDate Month' is clicked on

2018-12-07 12:11:09 - [MESSAGE][PASSED] - Object: 'Object Repository/Final Object Repo/Page_Update Add New Employee - ASSIST/Socso Employment StartDate Month' is clicked on

2018-12-07 12:11:09 - [TEST_STEP][PASSED] - delay: Delayed 1 second(s)

2018-12-07 12:11:10 - [MESSAGE][PASSED] - Delayed 1 second(s)

2018-12-07 12:11:10 - [TEST_STEP][PASSED] - click: Object: 'Object Repository/Final Object Repo/Page_Update Add New Employee - ASSIST/Select Socso Employement Startdate Month' is clicked on

2018-12-07 12:11:10 - [MESSAGE][PASSED] - Object: 'Object Repository/Final Object Repo/Page_Update Add New Employee - ASSIST/Select Socso Employement Startdate Month' is clicked on

2018-12-07 12:11:10 - [TEST_STEP][PASSED] - delay: Delayed 2 second(s)

2018-12-07 12:11:12 - [MESSAGE][PASSED] - Delayed 2 second(s)

2018-12-07 12:11:12 - [TEST_STEP][PASSED] - click: Object: 'Object Repository/Final Object Repo/Page_Update Add New Employee - ASSIST/Socso Employment StartDate Year' is clicked on

2018-12-07 12:11:12 - [MESSAGE][PASSED] - Object: 'Object Repository/Final Object Repo/Page_Update Add New Employee - ASSIST/Socso Employment StartDate Year' is clicked on

2018-12-07 12:11:12 - [TEST_STEP][PASSED] - delay: Delayed 1 second(s)

2018-12-07 12:11:13 - [MESSAGE][PASSED] - Delayed 1 second(s)

2018-12-07 12:11:13 - [TEST_STEP][PASSED] - click: Object: 'Object Repository/Final Object Repo/Page_Update Add New Employee - ASSIST/Select Socso Employment Startdate Year' is clicked on

2018-12-07 12:11:13 - [MESSAGE][PASSED] - Object: 'Object Repository/Final Object Repo/Page_Update Add New Employee - ASSIST/Select Socso Employment Startdate Year' is clicked on

2018-12-07 12:11:13 - [TEST_STEP][PASSED] - delay: Delayed 2 second(s)

2018-12-07 12:11:15 - [MESSAGE][PASSED] - Delayed 2 second(s)

2018-12-07 12:11:15 - [TEST_STEP][PASSED] - click: Object: 'Object Repository/Final Object Repo/Page_Update Add New Employee - ASSIST/Socso Employment Start Date Day' is clicked on

2018-12-07 12:11:15 - [MESSAGE][PASSED] - Object: 'Object Repository/Final Object Repo/Page_Update Add New Employee - ASSIST/Socso Employment Start Date Day' is clicked on

2018-12-07 12:11:15 - [TEST_STEP][PASSED] - delay: Delayed 2 second(s)

2018-12-07 12:11:17 - [MESSAGE][PASSED] - Delayed 2 second(s)

2018-12-07 12:11:17 - [TEST_STEP][PASSED] - click: Object: 'Object Repository/Final Object Repo/Page_Update Add New Employee - ASSIST/Save Button for Add Employee' is clicked on

2018-12-07 12:11:18 - [MESSAGE][PASSED] - Object: 'Object Repository/Final Object Repo/Page_Update Add New Employee - ASSIST/Save Button for Add Employee' is clicked on

2018-12-07 12:11:18 - [MESSAGE][PASSED] - Call Test Case 'Test Cases/Final Aug 2018 - PKS Automation/Registration Module/Workflow/Update Add New Employee/Template/Employee Adding/Employee Adding Action Repeat IC - set 1' successfully

2018-12-07 12:11:18 - [MESSAGE][PASSED] - Call Test Case 'Test Cases/Final Aug 2018 - PKS Automation/Registration Module/Workflow/Update Add New Employee/Template/Employee Adding/Employee Set Decider' successfully

2018-12-07 12:11:18 - [TEST_STEP][PASSED] - delay: Delayed 4 second(s)

2018-12-07 12:11:22 - [MESSAGE][PASSED] - Delayed 4 second(s)

2018-12-07 12:11:22 - [TEST_STEP][PASSED] - Statement - CaseReferenceNo = com.kms.katalon.core.webui.keyword.WebUiBuiltInKeywords.getText(com.kms.katalon.core.testobject.ObjectRepository.findTestObject(Final Object Repo/Page_Update Add New Employee - ASSIST/RefNo)): Text of object 'Object Repository/Final Object Repo/Page_Update Add New Employee - ASSIST/RefNo' is: 'CAN12201800002289'

2018-12-07 12:11:22 - [MESSAGE][PASSED] - Text of object 'Object Repository/Final Object Repo/Page_Update Add New Employee - ASSIST/RefNo' is: 'CAN12201800002289'

2018-12-07 12:11:22 - [TEST_STEP][PASSED] - callTestCase: Call Test Case 'Test Cases/Final Aug 2018 - PKS Automation/Common/Reference Number Setter' successfully

2018-12-07 12:11:22 - [TEST_CASE][PASSED] - Test Cases/Final Aug 2018 - PKS Automation/Common/Reference Number Setter: Test Cases/Final Aug 2018 - PKS Automation/Common/Reference Number Setter

2018-12-07 12:11:22 - [TEST_STEP][PASSED] - Statement - RefNoOldFile = new java.io.File(C://Users//Admin//Desktop//PKS//Automation Reference Point//KatalonReference.txt): null

2018-12-07 12:11:22 - [TEST_STEP][PASSED] - Statement - RefNoOldFile.delete(): null

2018-12-07 12:11:22 - [TEST_STEP][PASSED] - delay: Delayed 5 second(s)

2018-12-07 12:11:27 - [MESSAGE][PASSED] - Delayed 5 second(s)

2018-12-07 12:11:27 - [TEST_STEP][PASSED] - Statement - RefNo = new java.io.File(C://Users//Admin//Desktop//PKS//Automation Reference Point//KatalonReference.txt): null

2018-12-07 12:11:27 - [TEST_STEP][PASSED] - Statement - f2 = new java.io.FileWriter(RefNo, false): null

2018-12-07 12:11:27 - [TEST_STEP][PASSED] - Statement - f2.write(CaseReferenceNo): null

2018-12-07 12:11:27 - [TEST_STEP][PASSED] - Statement - f2.close(): null

2018-12-07 12:11:27 - [TEST_STEP][PASSED] - Statement - out.println("


" + CaseReferenceNo + "


"): null

2018-12-07 12:11:27 - [MESSAGE][PASSED] - Call Test Case 'Test Cases/Final Aug 2018 - PKS Automation/Common/Reference Number Setter' successfully

2018-12-07 12:11:27 - [TEST_STEP][PASSED] - delay: Delayed 5 second(s)

2018-12-07 12:11:32 - [MESSAGE][PASSED] - Delayed 5 second(s)

2018-12-07 12:11:32 - [TEST_STEP][PASSED] - click: Object: 'Object Repository/Final Object Repo/Page_Update Add New Employee - ASSIST/Save  Continue Button' is clicked on

2018-12-07 12:11:32 - [MESSAGE][PASSED] - Object: 'Object Repository/Final Object Repo/Page_Update Add New Employee - ASSIST/Save  Continue Button' is clicked on

2018-12-07 12:11:32 - [TEST_STEP][PASSED] - delay: Delayed 5 second(s)

2018-12-07 12:11:37 - [MESSAGE][PASSED] - Delayed 5 second(s)

2018-12-07 12:11:37 - [TEST_STEP][PASSED] - click: Object: 'Object Repository/Final Object Repo/Page_Update Add New Employee - ASSIST/Save  Continue Third Screen' is clicked on

2018-12-07 12:11:40 - [MESSAGE][PASSED] - Object: 'Object Repository/Final Object Repo/Page_Update Add New Employee - ASSIST/Save  Continue Third Screen' is clicked on

2018-12-07 12:11:40 - [TEST_STEP][PASSED] - delay: Delayed 4 second(s)

2018-12-07 12:11:44 - [MESSAGE][PASSED] - Delayed 4 second(s)

2018-12-07 12:11:44 - [TEST_STEP][PASSED] - click: Object: 'Object Repository/Final Object Repo/Page_Update Add New Employee - ASSIST/Save   Continue Supporting Doc Page' is clicked on

2018-12-07 12:11:44 - [MESSAGE][PASSED] - Object: 'Object Repository/Final Object Repo/Page_Update Add New Employee - ASSIST/Save   Continue Supporting Doc Page' is clicked on

2018-12-07 12:11:44 - [TEST_STEP][PASSED] - delay: Delayed 4 second(s)

2018-12-07 12:11:48 - [MESSAGE][PASSED] - Delayed 4 second(s)

2018-12-07 12:11:48 - [TEST_STEP][PASSED] - click: Object: 'Object Repository/Final Object Repo/Page_Update Add New Employee - ASSIST/Submit Button' is clicked on

2018-12-07 12:11:48 - [MESSAGE][PASSED] - Object: 'Object Repository/Final Object Repo/Page_Update Add New Employee - ASSIST/Submit Button' is clicked on

2018-12-07 12:11:48 - [TEST_STEP][PASSED] - delay: Delayed 4 second(s)

2018-12-07 12:11:52 - [MESSAGE][PASSED] - Delayed 4 second(s)

2018-12-07 12:11:52 - [TEST_STEP][PASSED] - click: Object: 'Object Repository/Final Object Repo/Page_Update Add New Employee - ASSIST/Confirm Submit Button' is clicked on

2018-12-07 12:11:53 - [MESSAGE][PASSED] - Object: 'Object Repository/Final Object Repo/Page_Update Add New Employee - ASSIST/Confirm Submit Button' is clicked on

2018-12-07 12:11:53 - [TEST_STEP][PASSED] - delay: Delayed 30 second(s)

2018-12-07 12:12:23 - [MESSAGE][PASSED] - Delayed 30 second(s)

2018-12-07 12:12:23 - [TEST_STEP][PASSED] - callTestCase: Call Test Case 'Test Cases/Final Aug 2018 - PKS Automation/Common/Screenshoting tool' successfully

2018-12-07 12:12:23 - [TEST_CASE][PASSED] - Test Cases/Final Aug 2018 - PKS Automation/Common/Screenshoting tool: Test Cases/Final Aug 2018 - PKS Automation/Common/Screenshoting tool

2018-12-07 12:12:23 - [TEST_STEP][PASSED] - delay: Delayed 15 second(s)

2018-12-07 12:12:38 - [MESSAGE][PASSED] - Delayed 15 second(s)

2018-12-07 12:12:38 - [TEST_STEP][PASSED] - Statement - driver = com.kms.katalon.core.webui.driver.DriverFactory.getWebDriver(): null

2018-12-07 12:12:38 - [TEST_STEP][PASSED] - Statement - driver.manage().timeouts().implicitlyWait(10, SECONDS): null

2018-12-07 12:12:38 - [TEST_STEP][PASSED] - Statement - PresavePath = KatalonScreenshots: null

2018-12-07 12:12:38 - [TEST_STEP][PASSED] - Statement - pathPrefix = "C:\Users\Public\Pictures\Sample Pictures\Katalon Screenshots\Automate Ending Screen": null

2018-12-07 12:12:38 - [TEST_STEP][PASSED] - Statement - finalPath = <not implemented yet for class: org.codehaus.groovy.ast.expr.EmptyExpression>: null

2018-12-07 12:12:38 - [TEST_STEP][PASSED] - Statement - scrFile = driver.getScreenshotAs(FILE): null

2018-12-07 12:12:38 - [TEST_STEP][PASSED] - Statement - PreSaveFile = new java.io.File(PresavePath): null

2018-12-07 12:12:38 - [TEST_STEP][PASSED] - Statement - counter = 0: null

2018-12-07 12:12:38 - [TEST_STEP][PASSED] - Statement - If (PreSaveFile.exists()): null

2018-12-07 12:12:38 - [TEST_STEP][PASSED] - Statement - While (PreSaveFile.exists()): null

2018-12-07 12:12:38 - [TEST_STEP][PASSED] - Statement - counter = counter + 1: null

2018-12-07 12:12:38 - [TEST_STEP][PASSED] - Statement - PreSaveFile = new java.io.File(((pathPrefix + java.lang.Integer.toString(counter)) + .png)): null

2018-12-07 12:12:38 - [TEST_STEP][PASSED] - Statement - counter = counter + 1: null

2018-12-07 12:12:38 - [TEST_STEP][PASSED] - Statement - PreSaveFile = new java.io.File(((pathPrefix + java.lang.Integer.toString(counter)) + .png)): null

2018-12-07 12:12:38 - [TEST_STEP][PASSED] - Statement - counter = counter + 1: null

2018-12-07 12:12:38 - [TEST_STEP][PASSED] - Statement - PreSaveFile = new java.io.File(((pathPrefix + java.lang.Integer.toString(counter)) + .png)): null

2018-12-07 12:12:38 - [TEST_STEP][PASSED] - Statement - counter = counter + 1: null

2018-12-07 12:12:38 - [TEST_STEP][PASSED] - Statement - PreSaveFile = new java.io.File(((pathPrefix + java.lang.Integer.toString(counter)) + .png)): null

2018-12-07 12:12:38 - [TEST_STEP][PASSED] - Statement - counter = counter + 1: null

2018-12-07 12:12:38 - [TEST_STEP][PASSED] - Statement - PreSaveFile = new java.io.File(((pathPrefix + java.lang.Integer.toString(counter)) + .png)): null

2018-12-07 12:12:38 - [TEST_STEP][PASSED] - Statement - counter = counter + 1: null

2018-12-07 12:12:38 - [TEST_STEP][PASSED] - Statement - PreSaveFile = new java.io.File(((pathPrefix + java.lang.Integer.toString(counter)) + .png)): null

2018-12-07 12:12:38 - [TEST_STEP][PASSED] - Statement - counter = counter + 1: null

2018-12-07 12:12:38 - [TEST_STEP][PASSED] - Statement - PreSaveFile = new java.io.File(((pathPrefix + java.lang.Integer.toString(counter)) + .png)): null

2018-12-07 12:12:38 - [TEST_STEP][PASSED] - Statement - counter = counter + 1: null

2018-12-07 12:12:38 - [TEST_STEP][PASSED] - Statement - PreSaveFile = new java.io.File(((pathPrefix + java.lang.Integer.toString(counter)) + .png)): null

2018-12-07 12:12:38 - [TEST_STEP][PASSED] - Statement - counter = counter + 1: null

2018-12-07 12:12:38 - [TEST_STEP][PASSED] - Statement - PreSaveFile = new java.io.File(((pathPrefix + java.lang.Integer.toString(counter)) + .png)): null

2018-12-07 12:12:38 - [TEST_STEP][PASSED] - Statement - counter = counter + 1: null

2018-12-07 12:12:38 - [TEST_STEP][PASSED] - Statement - PreSaveFile = new java.io.File(((pathPrefix + java.lang.Integer.toString(counter)) + .png)): null

2018-12-07 12:12:38 - [TEST_STEP][PASSED] - Statement - counter = counter + 1: null

2018-12-07 12:12:38 - [TEST_STEP][PASSED] - Statement - PreSaveFile = new java.io.File(((pathPrefix + java.lang.Integer.toString(counter)) + .png)): null

2018-12-07 12:12:38 - [TEST_STEP][PASSED] - Statement - counter = counter + 1: null

2018-12-07 12:12:38 - [TEST_STEP][PASSED] - Statement - PreSaveFile = new java.io.File(((pathPrefix + java.lang.Integer.toString(counter)) + .png)): null

2018-12-07 12:12:38 - [TEST_STEP][PASSED] - Statement - counter = counter + 1: null

2018-12-07 12:12:38 - [TEST_STEP][PASSED] - Statement - PreSaveFile = new java.io.File(((pathPrefix + java.lang.Integer.toString(counter)) + .png)): null

2018-12-07 12:12:38 - [TEST_STEP][PASSED] - Statement - counter = counter + 1: null

2018-12-07 12:12:38 - [TEST_STEP][PASSED] - Statement - PreSaveFile = new java.io.File(((pathPrefix + java.lang.Integer.toString(counter)) + .png)): null

2018-12-07 12:12:38 - [TEST_STEP][PASSED] - Statement - counter = counter + 1: null

2018-12-07 12:12:38 - [TEST_STEP][PASSED] - Statement - PreSaveFile = new java.io.File(((pathPrefix + java.lang.Integer.toString(counter)) + .png)): null

2018-12-07 12:12:38 - [TEST_STEP][PASSED] - Statement - counter = counter + 1: null

2018-12-07 12:12:38 - [TEST_STEP][PASSED] - Statement - PreSaveFile = new java.io.File(((pathPrefix + java.lang.Integer.toString(counter)) + .png)): null

2018-12-07 12:12:38 - [TEST_STEP][PASSED] - Statement - counter = counter + 1: null

2018-12-07 12:12:38 - [TEST_STEP][PASSED] - Statement - PreSaveFile = new java.io.File(((pathPrefix + java.lang.Integer.toString(counter)) + .png)): null

2018-12-07 12:12:38 - [TEST_STEP][PASSED] - Statement - counter = counter + 1: null

2018-12-07 12:12:38 - [TEST_STEP][PASSED] - Statement - PreSaveFile = new java.io.File(((pathPrefix + java.lang.Integer.toString(counter)) + .png)): null

2018-12-07 12:12:38 - [TEST_STEP][PASSED] - Statement - counter = counter + 1: null

2018-12-07 12:12:38 - [TEST_STEP][PASSED] - Statement - PreSaveFile = new java.io.File(((pathPrefix + java.lang.Integer.toString(counter)) + .png)): null

2018-12-07 12:12:38 - [TEST_STEP][PASSED] - Statement - counter = counter + 1: null

2018-12-07 12:12:39 - [TEST_STEP][PASSED] - Statement - PreSaveFile = new java.io.File(((pathPrefix + java.lang.Integer.toString(counter)) + .png)): null

2018-12-07 12:12:39 - [TEST_STEP][PASSED] - Statement - counter = counter + 1: null

2018-12-07 12:12:39 - [TEST_STEP][PASSED] - Statement - PreSaveFile = new java.io.File(((pathPrefix + java.lang.Integer.toString(counter)) + .png)): null

2018-12-07 12:12:39 - [TEST_STEP][PASSED] - Statement - counter = counter + 1: null

2018-12-07 12:12:39 - [TEST_STEP][PASSED] - Statement - PreSaveFile = new java.io.File(((pathPrefix + java.lang.Integer.toString(counter)) + .png)): null

2018-12-07 12:12:39 - [TEST_STEP][PASSED] - Statement - counter = counter + 1: null

2018-12-07 12:12:39 - [TEST_STEP][PASSED] - Statement - PreSaveFile = new java.io.File(((pathPrefix + java.lang.Integer.toString(counter)) + .png)): null

2018-12-07 12:12:39 - [TEST_STEP][PASSED] - Statement - counter = counter + 1: null

2018-12-07 12:12:39 - [TEST_STEP][PASSED] - Statement - PreSaveFile = new java.io.File(((pathPrefix + java.lang.Integer.toString(counter)) + .png)): null

2018-12-07 12:12:39 - [TEST_STEP][PASSED] - Statement - counter = counter + 1: null

2018-12-07 12:12:39 - [TEST_STEP][PASSED] - Statement - PreSaveFile = new java.io.File(((pathPrefix + java.lang.Integer.toString(counter)) + .png)): null

2018-12-07 12:12:39 - [TEST_STEP][PASSED] - Statement - counter = counter + 1: null

2018-12-07 12:12:39 - [TEST_STEP][PASSED] - Statement - PreSaveFile = new java.io.File(((pathPrefix + java.lang.Integer.toString(counter)) + .png)): null

2018-12-07 12:12:39 - [TEST_STEP][PASSED] - Statement - counter = counter + 1: null

2018-12-07 12:12:39 - [TEST_STEP][PASSED] - Statement - PreSaveFile = new java.io.File(((pathPrefix + java.lang.Integer.toString(counter)) + .png)): null

2018-12-07 12:12:39 - [TEST_STEP][PASSED] - Statement - counter = counter + 1: null

2018-12-07 12:12:39 - [TEST_STEP][PASSED] - Statement - PreSaveFile = new java.io.File(((pathPrefix + java.lang.Integer.toString(counter)) + .png)): null

2018-12-07 12:12:39 - [TEST_STEP][PASSED] - Statement - counter = counter + 1: null

2018-12-07 12:12:39 - [TEST_STEP][PASSED] - Statement - PreSaveFile = new java.io.File(((pathPrefix + java.lang.Integer.toString(counter)) + .png)): null

2018-12-07 12:12:39 - [TEST_STEP][PASSED] - Statement - counter = counter + 1: null

2018-12-07 12:12:39 - [TEST_STEP][PASSED] - Statement - PreSaveFile = new java.io.File(((pathPrefix + java.lang.Integer.toString(counter)) + .png)): null

2018-12-07 12:12:39 - [TEST_STEP][PASSED] - Statement - counter = counter + 1: null

2018-12-07 12:12:39 - [TEST_STEP][PASSED] - Statement - PreSaveFile = new java.io.File(((pathPrefix + java.lang.Integer.toString(counter)) + .png)): null

2018-12-07 12:12:39 - [TEST_STEP][PASSED] - Statement - counter = counter + 1: null

2018-12-07 12:12:39 - [TEST_STEP][PASSED] - Statement - PreSaveFile = new java.io.File(((pathPrefix + java.lang.Integer.toString(counter)) + .png)): null

2018-12-07 12:12:39 - [TEST_STEP][PASSED] - Statement - counter = counter + 1: null

2018-12-07 12:12:39 - [TEST_STEP][PASSED] - Statement - PreSaveFile = new java.io.File(((pathPrefix + java.lang.Integer.toString(counter)) + .png)): null

2018-12-07 12:12:39 - [TEST_STEP][PASSED] - Statement - counter = counter + 1: null

2018-12-07 12:12:39 - [TEST_STEP][PASSED] - Statement - PreSaveFile = new java.io.File(((pathPrefix + java.lang.Integer.toString(counter)) + .png)): null

2018-12-07 12:12:39 - [TEST_STEP][PASSED] - Statement - counter = counter + 1: null

2018-12-07 12:12:39 - [TEST_STEP][PASSED] - Statement - PreSaveFile = new java.io.File(((pathPrefix + java.lang.Integer.toString(counter)) + .png)): null

2018-12-07 12:12:39 - [TEST_STEP][PASSED] - Statement - counter = counter + 1: null

2018-12-07 12:12:39 - [TEST_STEP][PASSED] - Statement - PreSaveFile = new java.io.File(((pathPrefix + java.lang.Integer.toString(counter)) + .png)): null

2018-12-07 12:12:39 - [TEST_STEP][PASSED] - Statement - counter = counter + 1: null

2018-12-07 12:12:39 - [TEST_STEP][PASSED] - Statement - PreSaveFile = new java.io.File(((pathPrefix + java.lang.Integer.toString(counter)) + .png)): null

2018-12-07 12:12:39 - [TEST_STEP][PASSED] - Statement - counter = counter + 1: null

2018-12-07 12:12:40 - [TEST_STEP][PASSED] - Statement - PreSaveFile = new java.io.File(((pathPrefix + java.lang.Integer.toString(counter)) + .png)): null

2018-12-07 12:12:40 - [TEST_STEP][PASSED] - Statement - counter = counter + 1: null

2018-12-07 12:12:40 - [TEST_STEP][PASSED] - Statement - PreSaveFile = new java.io.File(((pathPrefix + java.lang.Integer.toString(counter)) + .png)): null

2018-12-07 12:12:40 - [TEST_STEP][PASSED] - Statement - counter = counter + 1: null

2018-12-07 12:12:40 - [TEST_STEP][PASSED] - Statement - PreSaveFile = new java.io.File(((pathPrefix + java.lang.Integer.toString(counter)) + .png)): null

2018-12-07 12:12:40 - [TEST_STEP][PASSED] - Statement - counter = counter + 1: null

2018-12-07 12:12:40 - [TEST_STEP][PASSED] - Statement - PreSaveFile = new java.io.File(((pathPrefix + java.lang.Integer.toString(counter)) + .png)): null

2018-12-07 12:12:40 - [TEST_STEP][PASSED] - Statement - counter = counter + 1: null

2018-12-07 12:12:40 - [TEST_STEP][PASSED] - Statement - PreSaveFile = new java.io.File(((pathPrefix + java.lang.Integer.toString(counter)) + .png)): null

2018-12-07 12:12:40 - [TEST_STEP][PASSED] - Statement - counter = counter + 1: null

2018-12-07 12:12:40 - [TEST_STEP][PASSED] - Statement - PreSaveFile = new java.io.File(((pathPrefix + java.lang.Integer.toString(counter)) + .png)): null

2018-12-07 12:12:40 - [TEST_STEP][PASSED] - Statement - counter = counter + 1: null

2018-12-07 12:12:40 - [TEST_STEP][PASSED] - Statement - PreSaveFile = new java.io.File(((pathPrefix + java.lang.Integer.toString(counter)) + .png)): null

2018-12-07 12:12:40 - [TEST_STEP][PASSED] - Statement - counter = counter + 1: null

2018-12-07 12:12:40 - [TEST_STEP][PASSED] - Statement - PreSaveFile = new java.io.File(((pathPrefix + java.lang.Integer.toString(counter)) + .png)): null

2018-12-07 12:12:40 - [TEST_STEP][PASSED] - Statement - counter = counter + 1: null

2018-12-07 12:12:40 - [TEST_STEP][PASSED] - Statement - PreSaveFile = new java.io.File(((pathPrefix + java.lang.Integer.toString(counter)) + .png)): null

2018-12-07 12:12:40 - [TEST_STEP][PASSED] - Statement - counter = counter + 1: null

2018-12-07 12:12:40 - [TEST_STEP][PASSED] - Statement - PreSaveFile = new java.io.File(((pathPrefix + java.lang.Integer.toString(counter)) + .png)): null

2018-12-07 12:12:40 - [TEST_STEP][PASSED] - Statement - counter = counter + 1: null

2018-12-07 12:12:40 - [TEST_STEP][PASSED] - Statement - PreSaveFile = new java.io.File(((pathPrefix + java.lang.Integer.toString(counter)) + .png)): null

2018-12-07 12:12:40 - [TEST_STEP][PASSED] - Statement - counter = counter + 1: null

2018-12-07 12:12:40 - [TEST_STEP][PASSED] - Statement - PreSaveFile = new java.io.File(((pathPrefix + java.lang.Integer.toString(counter)) + .png)): null

2018-12-07 12:12:40 - [TEST_STEP][PASSED] - Statement - counter = counter + 1: null

2018-12-07 12:12:40 - [TEST_STEP][PASSED] - Statement - PreSaveFile = new java.io.File(((pathPrefix + java.lang.Integer.toString(counter)) + .png)): null

2018-12-07 12:12:40 - [TEST_STEP][PASSED] - Statement - counter = counter + 1: null

2018-12-07 12:12:40 - [TEST_STEP][PASSED] - Statement - PreSaveFile = new java.io.File(((pathPrefix + java.lang.Integer.toString(counter)) + .png)): null

2018-12-07 12:12:40 - [TEST_STEP][PASSED] - Statement - counter = counter + 1: null

2018-12-07 12:12:41 - [TEST_STEP][PASSED] - Statement - PreSaveFile = new java.io.File(((pathPrefix + java.lang.Integer.toString(counter)) + .png)): null

2018-12-07 12:12:41 - [TEST_STEP][PASSED] - Statement - counter = counter + 1: null

2018-12-07 12:12:41 - [TEST_STEP][PASSED] - Statement - PreSaveFile = new java.io.File(((pathPrefix + java.lang.Integer.toString(counter)) + .png)): null

2018-12-07 12:12:41 - [TEST_STEP][PASSED] - Statement - counter = counter + 1: null

2018-12-07 12:12:41 - [TEST_STEP][PASSED] - Statement - PreSaveFile = new java.io.File(((pathPrefix + java.lang.Integer.toString(counter)) + .png)): null

2018-12-07 12:12:41 - [TEST_STEP][PASSED] - Statement - counter = counter + 1: null

2018-12-07 12:12:41 - [TEST_STEP][PASSED] - Statement - PreSaveFile = new java.io.File(((pathPrefix + java.lang.Integer.toString(counter)) + .png)): null

2018-12-07 12:12:41 - [TEST_STEP][PASSED] - Statement - counter = counter + 1: null

2018-12-07 12:12:41 - [TEST_STEP][PASSED] - Statement - PreSaveFile = new java.io.File(((pathPrefix + java.lang.Integer.toString(counter)) + .png)): null

2018-12-07 12:12:41 - [TEST_STEP][PASSED] - Statement - counter = counter + 1: null

2018-12-07 12:12:41 - [TEST_STEP][PASSED] - Statement - PreSaveFile = new java.io.File(((pathPrefix + java.lang.Integer.toString(counter)) + .png)): null

2018-12-07 12:12:41 - [TEST_STEP][PASSED] - Statement - counter = counter + 1: null

2018-12-07 12:12:41 - [TEST_STEP][PASSED] - Statement - PreSaveFile = new java.io.File(((pathPrefix + java.lang.Integer.toString(counter)) + .png)): null

2018-12-07 12:12:41 - [TEST_STEP][PASSED] - Statement - counter = counter + 1: null

2018-12-07 12:12:41 - [TEST_STEP][PASSED] - Statement - PreSaveFile = new java.io.File(((pathPrefix + java.lang.Integer.toString(counter)) + .png)): null

2018-12-07 12:12:41 - [TEST_STEP][PASSED] - Statement - counter = counter + 1: null

2018-12-07 12:12:41 - [TEST_STEP][PASSED] - Statement - PreSaveFile = new java.io.File(((pathPrefix + java.lang.Integer.toString(counter)) + .png)): null

2018-12-07 12:12:41 - [TEST_STEP][PASSED] - Statement - counter = counter + 1: null

2018-12-07 12:12:41 - [TEST_STEP][PASSED] - Statement - PreSaveFile = new java.io.File(((pathPrefix + java.lang.Integer.toString(counter)) + .png)): null

2018-12-07 12:12:41 - [TEST_STEP][PASSED] - Statement - counter = counter + 1: null

2018-12-07 12:12:41 - [TEST_STEP][PASSED] - Statement - PreSaveFile = new java.io.File(((pathPrefix + java.lang.Integer.toString(counter)) + .png)): null

2018-12-07 12:12:41 - [TEST_STEP][PASSED] - Statement - counter = counter + 1: null

2018-12-07 12:12:41 - [TEST_STEP][PASSED] - Statement - PreSaveFile = new java.io.File(((pathPrefix + java.lang.Integer.toString(counter)) + .png)): null

2018-12-07 12:12:41 - [TEST_STEP][PASSED] - Statement - counter = counter + 1: null

2018-12-07 12:12:41 - [TEST_STEP][PASSED] - Statement - PreSaveFile = new java.io.File(((pathPrefix + java.lang.Integer.toString(counter)) + .png)): null

2018-12-07 12:12:41 - [TEST_STEP][PASSED] - Statement - counter = counter + 1: null

2018-12-07 12:12:41 - [TEST_STEP][PASSED] - Statement - PreSaveFile = new java.io.File(((pathPrefix + java.lang.Integer.toString(counter)) + .png)): null

2018-12-07 12:12:41 - [TEST_STEP][PASSED] - Statement - counter = counter + 1: null

2018-12-07 12:12:41 - [TEST_STEP][PASSED] - Statement - PreSaveFile = new java.io.File(((pathPrefix + java.lang.Integer.toString(counter)) + .png)): null

2018-12-07 12:12:41 - [TEST_STEP][PASSED] - Statement - counter = counter + 1: null

2018-12-07 12:12:42 - [TEST_STEP][PASSED] - Statement - PreSaveFile = new java.io.File(((pathPrefix + java.lang.Integer.toString(counter)) + .png)): null

2018-12-07 12:12:42 - [TEST_STEP][PASSED] - Statement - counter = counter + 1: null

2018-12-07 12:12:42 - [TEST_STEP][PASSED] - Statement - PreSaveFile = new java.io.File(((pathPrefix + java.lang.Integer.toString(counter)) + .png)): null

2018-12-07 12:12:42 - [TEST_STEP][PASSED] - Statement - counter = counter + 1: null

2018-12-07 12:12:42 - [TEST_STEP][PASSED] - Statement - PreSaveFile = new java.io.File(((pathPrefix + java.lang.Integer.toString(counter)) + .png)): null

2018-12-07 12:12:42 - [TEST_STEP][PASSED] - Statement - counter = counter + 1: null

2018-12-07 12:12:42 - [TEST_STEP][PASSED] - Statement - PreSaveFile = new java.io.File(((pathPrefix + java.lang.Integer.toString(counter)) + .png)): null

2018-12-07 12:12:42 - [TEST_STEP][PASSED] - Statement - counter = counter + 1: null

2018-12-07 12:12:42 - [TEST_STEP][PASSED] - Statement - PreSaveFile = new java.io.File(((pathPrefix + java.lang.Integer.toString(counter)) + .png)): null

2018-12-07 12:12:42 - [TEST_STEP][PASSED] - Statement - counter = counter + 1: null

2018-12-07 12:12:42 - [TEST_STEP][PASSED] - Statement - PreSaveFile = new java.io.File(((pathPrefix + java.lang.Integer.toString(counter)) + .png)): null

2018-12-07 12:12:42 - [TEST_STEP][PASSED] - Statement - counter = counter + 1: null

2018-12-07 12:12:42 - [TEST_STEP][PASSED] - Statement - PreSaveFile = new java.io.File(((pathPrefix + java.lang.Integer.toString(counter)) + .png)): null

2018-12-07 12:12:42 - [TEST_STEP][PASSED] - Statement - counter = counter + 1: null

2018-12-07 12:12:42 - [TEST_STEP][PASSED] - Statement - PreSaveFile = new java.io.File(((pathPrefix + java.lang.Integer.toString(counter)) + .png)): null

2018-12-07 12:12:42 - [TEST_STEP][PASSED] - Statement - counter = counter + 1: null

2018-12-07 12:12:42 - [TEST_STEP][PASSED] - Statement - PreSaveFile = new java.io.File(((pathPrefix + java.lang.Integer.toString(counter)) + .png)): null

2018-12-07 12:12:42 - [TEST_STEP][PASSED] - Statement - counter = counter + 1: null

2018-12-07 12:12:42 - [TEST_STEP][PASSED] - Statement - PreSaveFile = new java.io.File(((pathPrefix + java.lang.Integer.toString(counter)) + .png)): null

2018-12-07 12:12:42 - [TEST_STEP][PASSED] - Statement - counter = counter + 1: null

2018-12-07 12:12:42 - [TEST_STEP][PASSED] - Statement - PreSaveFile = new java.io.File(((pathPrefix + java.lang.Integer.toString(counter)) + .png)): null

2018-12-07 12:12:42 - [TEST_STEP][PASSED] - Statement - counter = counter + 1: null

2018-12-07 12:12:42 - [TEST_STEP][PASSED] - Statement - PreSaveFile = new java.io.File(((pathPrefix + java.lang.Integer.toString(counter)) + .png)): null

2018-12-07 12:12:42 - [TEST_STEP][PASSED] - Statement - counter = counter + 1: null

2018-12-07 12:12:42 - [TEST_STEP][PASSED] - Statement - PreSaveFile = new java.io.File(((pathPrefix + java.lang.Integer.toString(counter)) + .png)): null

2018-12-07 12:12:42 - [TEST_STEP][PASSED] - Statement - counter = counter + 1: null

2018-12-07 12:12:42 - [TEST_STEP][PASSED] - Statement - PreSaveFile = new java.io.File(((pathPrefix + java.lang.Integer.toString(counter)) + .png)): null

2018-12-07 12:12:42 - [TEST_STEP][PASSED] - Statement - counter = counter + 1: null

2018-12-07 12:12:43 - [TEST_STEP][PASSED] - Statement - PreSaveFile = new java.io.File(((pathPrefix + java.lang.Integer.toString(counter)) + .png)): null

2018-12-07 12:12:43 - [TEST_STEP][PASSED] - Statement - counter = counter + 1: null

2018-12-07 12:12:43 - [TEST_STEP][PASSED] - Statement - PreSaveFile = new java.io.File(((pathPrefix + java.lang.Integer.toString(counter)) + .png)): null

2018-12-07 12:12:43 - [TEST_STEP][PASSED] - Statement - counter = counter + 1: null

2018-12-07 12:12:43 - [TEST_STEP][PASSED] - Statement - PreSaveFile = new java.io.File(((pathPrefix + java.lang.Integer.toString(counter)) + .png)): null

2018-12-07 12:12:43 - [TEST_STEP][PASSED] - Statement - counter = counter + 1: null

2018-12-07 12:12:43 - [TEST_STEP][PASSED] - Statement - PreSaveFile = new java.io.File(((pathPrefix + java.lang.Integer.toString(counter)) + .png)): null

2018-12-07 12:12:43 - [TEST_STEP][PASSED] - Statement - counter = counter + 1: null

2018-12-07 12:12:43 - [TEST_STEP][PASSED] - Statement - PreSaveFile = new java.io.File(((pathPrefix + java.lang.Integer.toString(counter)) + .png)): null

2018-12-07 12:12:43 - [TEST_STEP][PASSED] - Statement - counter = counter + 1: null

2018-12-07 12:12:43 - [TEST_STEP][PASSED] - Statement - PreSaveFile = new java.io.File(((pathPrefix + java.lang.Integer.toString(counter)) + .png)): null

2018-12-07 12:12:43 - [TEST_STEP][PASSED] - Statement - counter = counter + 1: null

2018-12-07 12:12:43 - [TEST_STEP][PASSED] - Statement - PreSaveFile = new java.io.File(((pathPrefix + java.lang.Integer.toString(counter)) + .png)): null

2018-12-07 12:12:43 - [TEST_STEP][PASSED] - Statement - counter = counter + 1: null

2018-12-07 12:12:43 - [TEST_STEP][PASSED] - Statement - PreSaveFile = new java.io.File(((pathPrefix + java.lang.Integer.toString(counter)) + .png)): null

2018-12-07 12:12:43 - [TEST_STEP][PASSED] - Statement - counter = counter + 1: null

2018-12-07 12:12:43 - [TEST_STEP][PASSED] - Statement - PreSaveFile = new java.io.File(((pathPrefix + java.lang.Integer.toString(counter)) + .png)): null

2018-12-07 12:12:43 - [TEST_STEP][PASSED] - Statement - counter = counter + 1: null

2018-12-07 12:12:43 - [TEST_STEP][PASSED] - Statement - PreSaveFile = new java.io.File(((pathPrefix + java.lang.Integer.toString(counter)) + .png)): null

2018-12-07 12:12:43 - [TEST_STEP][PASSED] - Statement - counter = counter + 1: null

2018-12-07 12:12:43 - [TEST_STEP][PASSED] - Statement - PreSaveFile = new java.io.File(((pathPrefix + java.lang.Integer.toString(counter)) + .png)): null

2018-12-07 12:12:43 - [TEST_STEP][PASSED] - Statement - counter = counter + 1: null

2018-12-07 12:12:43 - [TEST_STEP][PASSED] - Statement - PreSaveFile = new java.io.File(((pathPrefix + java.lang.Integer.toString(counter)) + .png)): null

2018-12-07 12:12:43 - [TEST_STEP][PASSED] - Statement - counter = counter + 1: null

2018-12-07 12:12:43 - [TEST_STEP][PASSED] - Statement - PreSaveFile = new java.io.File(((pathPrefix + java.lang.Integer.toString(counter)) + .png)): null

2018-12-07 12:12:43 - [TEST_STEP][PASSED] - Statement - counter = counter + 1: null

2018-12-07 12:12:43 - [TEST_STEP][PASSED] - Statement - PreSaveFile = new java.io.File(((pathPrefix + java.lang.Integer.toString(counter)) + .png)): null

2018-12-07 12:12:43 - [TEST_STEP][PASSED] - Statement - counter = counter + 1: null

2018-12-07 12:12:43 - [TEST_STEP][PASSED] - Statement - PreSaveFile = new java.io.File(((pathPrefix + java.lang.Integer.toString(counter)) + .png)): null

2018-12-07 12:12:43 - [TEST_STEP][PASSED] - Statement - counter = counter + 1: null

2018-12-07 12:12:43 - [TEST_STEP][PASSED] - Statement - PreSaveFile = new java.io.File(((pathPrefix + java.lang.Integer.toString(counter)) + .png)): null

2018-12-07 12:12:43 - [TEST_STEP][PASSED] - Statement - counter = counter + 1: null

2018-12-07 12:12:43 - [TEST_STEP][PASSED] - Statement - PreSaveFile = new java.io.File(((pathPrefix + java.lang.Integer.toString(counter)) + .png)): null

2018-12-07 12:12:43 - [TEST_STEP][PASSED] - Statement - counter = counter + 1: null

2018-12-07 12:12:43 - [TEST_STEP][PASSED] - Statement - PreSaveFile = new java.io.File(((pathPrefix + java.lang.Integer.toString(counter)) + .png)): null

2018-12-07 12:12:43 - [TEST_STEP][PASSED] - Statement - counter = counter + 1: null

2018-12-07 12:12:43 - [TEST_STEP][PASSED] - Statement - PreSaveFile = new java.io.File(((pathPrefix + java.lang.Integer.toString(counter)) + .png)): null

2018-12-07 12:12:43 - [TEST_STEP][PASSED] - Statement - counter = counter + 1: null

2018-12-07 12:12:44 - [TEST_STEP][PASSED] - Statement - PreSaveFile = new java.io.File(((pathPrefix + java.lang.Integer.toString(counter)) + .png)): null

2018-12-07 12:12:44 - [TEST_STEP][PASSED] - Statement - counter = counter + 1: null

2018-12-07 12:12:44 - [TEST_STEP][PASSED] - Statement - PreSaveFile = new java.io.File(((pathPrefix + java.lang.Integer.toString(counter)) + .png)): null

2018-12-07 12:12:44 - [TEST_STEP][PASSED] - Statement - counter = counter + 1: null

2018-12-07 12:12:44 - [TEST_STEP][PASSED] - Statement - PreSaveFile = new java.io.File(((pathPrefix + java.lang.Integer.toString(counter)) + .png)): null

2018-12-07 12:12:44 - [TEST_STEP][PASSED] - Statement - counter = counter + 1: null

2018-12-07 12:12:44 - [TEST_STEP][PASSED] - Statement - PreSaveFile = new java.io.File(((pathPrefix + java.lang.Integer.toString(counter)) + .png)): null

2018-12-07 12:12:44 - [TEST_STEP][PASSED] - Statement - counter = counter + 1: null

2018-12-07 12:12:44 - [TEST_STEP][PASSED] - Statement - PreSaveFile = new java.io.File(((pathPrefix + java.lang.Integer.toString(counter)) + .png)): null

2018-12-07 12:12:44 - [TEST_STEP][PASSED] - Statement - counter = counter + 1: null

2018-12-07 12:12:44 - [TEST_STEP][PASSED] - Statement - PreSaveFile = new java.io.File(((pathPrefix + java.lang.Integer.toString(counter)) + .png)): null

2018-12-07 12:12:44 - [TEST_STEP][PASSED] - Statement - counter = counter + 1: null

2018-12-07 12:12:44 - [TEST_STEP][PASSED] - Statement - PreSaveFile = new java.io.File(((pathPrefix + java.lang.Integer.toString(counter)) + .png)): null

2018-12-07 12:12:44 - [TEST_STEP][PASSED] - Statement - counter = counter + 1: null

2018-12-07 12:12:44 - [TEST_STEP][PASSED] - Statement - PreSaveFile = new java.io.File(((pathPrefix + java.lang.Integer.toString(counter)) + .png)): null

2018-12-07 12:12:44 - [TEST_STEP][PASSED] - Statement - counter = counter + 1: null

2018-12-07 12:12:44 - [TEST_STEP][PASSED] - Statement - PreSaveFile = new java.io.File(((pathPrefix + java.lang.Integer.toString(counter)) + .png)): null

2018-12-07 12:12:44 - [TEST_STEP][PASSED] - Statement - counter = counter + 1: null

2018-12-07 12:12:44 - [TEST_STEP][PASSED] - Statement - PreSaveFile = new java.io.File(((pathPrefix + java.lang.Integer.toString(counter)) + .png)): null

2018-12-07 12:12:44 - [TEST_STEP][PASSED] - Statement - counter = counter + 1: null

2018-12-07 12:12:44 - [TEST_STEP][PASSED] - Statement - PreSaveFile = new java.io.File(((pathPrefix + java.lang.Integer.toString(counter)) + .png)): null

2018-12-07 12:12:44 - [TEST_STEP][PASSED] - Statement - counter = counter + 1: null

2018-12-07 12:12:44 - [TEST_STEP][PASSED] - Statement - PreSaveFile = new java.io.File(((pathPrefix + java.lang.Integer.toString(counter)) + .png)): null

2018-12-07 12:12:44 - [TEST_STEP][PASSED] - Statement - counter = counter + 1: null

2018-12-07 12:12:44 - [TEST_STEP][PASSED] - Statement - PreSaveFile = new java.io.File(((pathPrefix + java.lang.Integer.toString(counter)) + .png)): null

2018-12-07 12:12:44 - [TEST_STEP][PASSED] - Statement - counter = counter + 1: null

2018-12-07 12:12:44 - [TEST_STEP][PASSED] - Statement - PreSaveFile = new java.io.File(((pathPrefix + java.lang.Integer.toString(counter)) + .png)): null

2018-12-07 12:12:44 - [TEST_STEP][PASSED] - Statement - counter = counter + 1: null

2018-12-07 12:12:44 - [TEST_STEP][PASSED] - Statement - PreSaveFile = new java.io.File(((pathPrefix + java.lang.Integer.toString(counter)) + .png)): null

2018-12-07 12:12:45 - [TEST_STEP][PASSED] - Statement - counter = counter + 1: null

2018-12-07 12:12:45 - [TEST_STEP][PASSED] - Statement - PreSaveFile = new java.io.File(((pathPrefix + java.lang.Integer.toString(counter)) + .png)): null

2018-12-07 12:12:45 - [TEST_STEP][PASSED] - Statement - counter = counter + 1: null

2018-12-07 12:12:45 - [TEST_STEP][PASSED] - Statement - PreSaveFile = new java.io.File(((pathPrefix + java.lang.Integer.toString(counter)) + .png)): null

2018-12-07 12:12:45 - [TEST_STEP][PASSED] - Statement - counter = counter + 1: null

2018-12-07 12:12:45 - [TEST_STEP][PASSED] - Statement - PreSaveFile = new java.io.File(((pathPrefix + java.lang.Integer.toString(counter)) + .png)): null

2018-12-07 12:12:45 - [TEST_STEP][PASSED] - Statement - counter = counter + 1: null

2018-12-07 12:12:45 - [TEST_STEP][PASSED] - Statement - PreSaveFile = new java.io.File(((pathPrefix + java.lang.Integer.toString(counter)) + .png)): null

2018-12-07 12:12:45 - [TEST_STEP][PASSED] - Statement - counter = counter + 1: null

2018-12-07 12:12:45 - [TEST_STEP][PASSED] - Statement - PreSaveFile = new java.io.File(((pathPrefix + java.lang.Integer.toString(counter)) + .png)): null

2018-12-07 12:12:45 - [TEST_STEP][PASSED] - Statement - counter = counter + 1: null

2018-12-07 12:12:45 - [TEST_STEP][PASSED] - Statement - PreSaveFile = new java.io.File(((pathPrefix + java.lang.Integer.toString(counter)) + .png)): null

2018-12-07 12:12:45 - [TEST_STEP][PASSED] - Statement - counter = counter + 1: null

2018-12-07 12:12:45 - [TEST_STEP][PASSED] - Statement - PreSaveFile = new java.io.File(((pathPrefix + java.lang.Integer.toString(counter)) + .png)): null

2018-12-07 12:12:45 - [TEST_STEP][PASSED] - Statement - counter = counter + 1: null

2018-12-07 12:12:45 - [TEST_STEP][PASSED] - Statement - PreSaveFile = new java.io.File(((pathPrefix + java.lang.Integer.toString(counter)) + .png)): null

2018-12-07 12:12:45 - [TEST_STEP][PASSED] - Statement - counter = counter + 1: null

2018-12-07 12:12:45 - [TEST_STEP][PASSED] - Statement - PreSaveFile = new java.io.File(((pathPrefix + java.lang.Integer.toString(counter)) + .png)): null

2018-12-07 12:12:45 - [TEST_STEP][PASSED] - Statement - counter = counter + 1: null

2018-12-07 12:12:45 - [TEST_STEP][PASSED] - Statement - PreSaveFile = new java.io.File(((pathPrefix + java.lang.Integer.toString(counter)) + .png)): null

2018-12-07 12:12:45 - [TEST_STEP][PASSED] - Statement - counter = counter + 1: null

2018-12-07 12:12:45 - [TEST_STEP][PASSED] - Statement - PreSaveFile = new java.io.File(((pathPrefix + java.lang.Integer.toString(counter)) + .png)): null

2018-12-07 12:12:45 - [TEST_STEP][PASSED] - Statement - counter = counter + 1: null

2018-12-07 12:12:45 - [TEST_STEP][PASSED] - Statement - PreSaveFile = new java.io.File(((pathPrefix + java.lang.Integer.toString(counter)) + .png)): null

2018-12-07 12:12:45 - [TEST_STEP][PASSED] - Statement - counter = counter + 1: null

2018-12-07 12:12:45 - [TEST_STEP][PASSED] - Statement - PreSaveFile = new java.io.File(((pathPrefix + java.lang.Integer.toString(counter)) + .png)): null

2018-12-07 12:12:45 - [TEST_STEP][PASSED] - Statement - counter = counter + 1: null

2018-12-07 12:12:45 - [TEST_STEP][PASSED] - Statement - PreSaveFile = new java.io.File(((pathPrefix + java.lang.Integer.toString(counter)) + .png)): null

2018-12-07 12:12:45 - [TEST_STEP][PASSED] - Statement - counter = counter + 1: null

2018-12-07 12:12:46 - [TEST_STEP][PASSED] - Statement - PreSaveFile = new java.io.File(((pathPrefix + java.lang.Integer.toString(counter)) + .png)): null

2018-12-07 12:12:46 - [TEST_STEP][PASSED] - Statement - counter = counter + 1: null

2018-12-07 12:12:46 - [TEST_STEP][PASSED] - Statement - PreSaveFile = new java.io.File(((pathPrefix + java.lang.Integer.toString(counter)) + .png)): null

2018-12-07 12:12:46 - [TEST_STEP][PASSED] - Statement - finalPath = pathPrefix + java.lang.Integer.toString(counter) + ".png": null

2018-12-07 12:12:46 - [TEST_STEP][PASSED] - Statement - SaveFile = new java.io.File(finalPath): null

2018-12-07 12:12:46 - [TEST_STEP][PASSED] - Statement - Try: null

2018-12-07 12:12:46 - [TEST_STEP][PASSED] - Statement - org.apache.commons.io.FileUtils.copyFile(scrFile, SaveFile): null

2018-12-07 12:12:46 - [TEST_STEP][PASSED] - Statement - out.println("file kept"): null

2018-12-07 12:12:46 - [TEST_STEP][PASSED] - delay: Delayed 10 second(s)

2018-12-07 12:12:56 - [MESSAGE][PASSED] - Delayed 10 second(s)

2018-12-07 12:12:56 - [MESSAGE][PASSED] - Call Test Case 'Test Cases/Final Aug 2018 - PKS Automation/Common/Screenshoting tool' successfully

2018-12-07 12:12:56 - [TEST_STEP][PASSED] - callTestCase: Call Test Case 'Test Cases/Final Aug 2018 - PKS Automation/Registration Module/Log Out/log out avoiding katalon tagging' successfully

2018-12-07 12:12:56 - [TEST_CASE][PASSED] - Test Cases/Final Aug 2018 - PKS Automation/Registration Module/Log Out/log out avoiding katalon tagging: Test Cases/Final Aug 2018 - PKS Automation/Registration Module/Log Out/log out avoiding katalon tagging

2018-12-07 12:12:56 - [TEST_STEP][PASSED] - navigateToUrl: Navigate to 'https://assist2-uat.perkeso.gov.my/c/portal/logout' successfully

2018-12-07 12:12:57 - [MESSAGE][PASSED] - Navigate to 'https://assist2-uat.perkeso.gov.my/c/portal/logout' successfully

2018-12-07 12:12:57 - [MESSAGE][PASSED] - Call Test Case 'Test Cases/Final Aug 2018 - PKS Automation/Registration Module/Log Out/log out avoiding katalon tagging' successfully

2018-12-07 12:12:57 - [TEST_STEP][PASSED] - callTestCase: Call Test Case 'Test Cases/Final Aug 2018 - PKS Automation/Common/Workflow Owner Finder' successfully

2018-12-07 12:12:57 - [TEST_CASE][PASSED] - Test Cases/Final Aug 2018 - PKS Automation/Common/Workflow Owner Finder: Test Cases/Final Aug 2018 - PKS Automation/Common/Workflow Owner Finder

2018-12-07 12:12:57 - [TEST_STEP][PASSED] - openBrowser: Browser is opened with url: ''

2018-12-07 12:12:57 - [MESSAGE][WARNING] - A browser is already opened. Closing browser and opening a new one

2018-12-07 12:13:01 - [MESSAGE][PASSED] - Browser is opened with url: ''

2018-12-07 12:13:01 - [TEST_STEP][PASSED] - navigateToUrl: Navigate to 'https://assist2-uat.perkeso.gov.my/login' successfully

2018-12-07 12:13:02 - [MESSAGE][PASSED] - Navigate to 'https://assist2-uat.perkeso.gov.my/login' successfully

2018-12-07 12:13:02 - [TEST_STEP][PASSED] - delay: Delayed 5 second(s)

2018-12-07 12:13:07 - [MESSAGE][PASSED] - Delayed 5 second(s)

2018-12-07 12:13:07 - [TEST_STEP][PASSED] - setText: Text 'test@liferay.com' is set on object 'Object Repository/Final Object Repo/Login Page/Internal User/Email Address'

2018-12-07 12:13:07 - [MESSAGE][PASSED] - Text 'test@liferay.com' is set on object 'Object Repository/Final Object Repo/Login Page/Internal User/Email Address'

2018-12-07 12:13:07 - [TEST_STEP][PASSED] - click: Object: 'Object Repository/Final Object Repo/Login Page/Internal User/Next Button' is clicked on

2018-12-07 12:13:07 - [MESSAGE][PASSED] - Object: 'Object Repository/Final Object Repo/Login Page/Internal User/Next Button' is clicked on

2018-12-07 12:13:07 - [TEST_STEP][PASSED] - delay: Delayed 2 second(s)

2018-12-07 12:13:09 - [MESSAGE][PASSED] - Delayed 2 second(s)

2018-12-07 12:13:09 - [TEST_STEP][PASSED] - setText: Text 'test' is set on object 'Object Repository/Final Object Repo/Login Page/Internal User/Password'

2018-12-07 12:13:09 - [MESSAGE][PASSED] - Text 'test' is set on object 'Object Repository/Final Object Repo/Login Page/Internal User/Password'

2018-12-07 12:13:09 - [TEST_STEP][PASSED] - delay: Delayed 2 second(s)

2018-12-07 12:13:11 - [MESSAGE][PASSED] - Delayed 2 second(s)

2018-12-07 12:13:11 - [TEST_STEP][PASSED] - click: Object: 'Object Repository/Final Object Repo/Login Page/Internal User/Login Button' is clicked on

2018-12-07 12:13:12 - [MESSAGE][PASSED] - Object: 'Object Repository/Final Object Repo/Login Page/Internal User/Login Button' is clicked on

2018-12-07 12:13:12 - [TEST_STEP][PASSED] - Statement - tester = com.kms.katalon.core.testobject.ObjectRepository.findTestObject(Final Object Repo/Landing Page/Select to English): Finding Test Object with id 'Object Repository/Final Object Repo/Landing Page/Select to English'

2018-12-07 12:13:12 - [TEST_STEP][PASSED] - Statement - Try: Delayed 2 second(s)

2018-12-07 12:13:12 - [TEST_STEP][PASSED] - Statement - Checker = com.kms.katalon.core.webui.keyword.WebUiBuiltInKeywords.verifyElementNotPresent(tester, 3): Web element with id: 'Object Repository/Final Object Repo/Landing Page/Select to English' located by 'By.xpath: //a[@class = 'taglib-language-list-text' and @lang = 'en-US' and (contains(text(), 'EN') or contains(., 'EN'))]' is not present after '3' second(s)

2018-12-07 12:13:14 - [MESSAGE][PASSED] - Web element with id: 'Object Repository/Final Object Repo/Landing Page/Select to English' located by 'By.xpath: //a[@class = 'taglib-language-list-text' and @lang = 'en-US' and (contains(text(), 'EN') or contains(., 'EN'))]' is not present after '3' second(s)

2018-12-07 12:13:14 - [TEST_STEP][PASSED] - Statement - If (Checker == false): null

2018-12-07 12:13:14 - [TEST_STEP][PASSED] - delay: Delayed 2 second(s)

2018-12-07 12:13:16 - [MESSAGE][PASSED] - Delayed 2 second(s)

2018-12-07 12:13:16 - [TEST_STEP][PASSED] - delay: Delayed 5 second(s)

2018-12-07 12:13:21 - [MESSAGE][PASSED] - Delayed 5 second(s)

2018-12-07 12:13:21 - [TEST_STEP][PASSED] - mouseOver: Object: 'Object Repository/Final Object Repo/Landing Page/WorkFlow Menu' is hovered

2018-12-07 12:13:21 - [MESSAGE][PASSED] - Object: 'Object Repository/Final Object Repo/Landing Page/WorkFlow Menu' is hovered

2018-12-07 12:13:21 - [TEST_STEP][PASSED] - delay: Delayed 2 second(s)

2018-12-07 12:13:23 - [MESSAGE][PASSED] - Delayed 2 second(s)

2018-12-07 12:13:23 - [TEST_STEP][PASSED] - click: Object: 'Object Repository/Final Object Repo/Landing Page/Select to Workflow Listing' is clicked on

2018-12-07 12:13:24 - [MESSAGE][PASSED] - Object: 'Object Repository/Final Object Repo/Landing Page/Select to Workflow Listing' is clicked on

2018-12-07 12:13:24 - [TEST_STEP][PASSED] - delay: Delayed 2 second(s)

2018-12-07 12:13:26 - [MESSAGE][PASSED] - Delayed 2 second(s)

2018-12-07 12:13:26 - [TEST_STEP][PASSED] - click: Object: 'Object Repository/Final Object Repo/WorkFlow Listing Page/Search Information - To Put Ref No' is clicked on

2018-12-07 12:13:26 - [MESSAGE][PASSED] - Object: 'Object Repository/Final Object Repo/WorkFlow Listing Page/Search Information - To Put Ref No' is clicked on

2018-12-07 12:13:26 - [TEST_STEP][PASSED] - delay: Delayed 2 second(s)

2018-12-07 12:13:28 - [MESSAGE][PASSED] - Delayed 2 second(s)

2018-12-07 12:13:28 - [TEST_STEP][PASSED] - callTestCase: Call Test Case 'Test Cases/Final Aug 2018 - PKS Automation/Common/Reference Number Getter' successfully

2018-12-07 12:13:29 - [TEST_CASE][PASSED] - Test Cases/Final Aug 2018 - PKS Automation/Common/Reference Number Getter: Test Cases/Final Aug 2018 - PKS Automation/Common/Reference Number Getter

2018-12-07 12:13:29 - [TEST_STEP][PASSED] - Statement - Try: null

2018-12-07 12:13:29 - [TEST_STEP][PASSED] - Statement - RefNo = new java.io.File(C://Users//Admin//Desktop//PKS//Automation Reference Point//KatalonReference.txt): null

2018-12-07 12:13:29 - [TEST_STEP][PASSED] - Statement - bufferread = new java.io.BufferedReader(new java.io.FileReader(RefNo)): null

2018-12-07 12:13:29 - [TEST_STEP][PASSED] - Statement - readedVal = bufferread.readLine(): null

2018-12-07 12:13:29 - [TEST_STEP][PASSED] - Statement - out.println(CaseReferenceNo): null

2018-12-07 12:13:29 - [TEST_STEP][PASSED] - Statement - out.println(readedVal): null

2018-12-07 12:13:29 - [TEST_STEP][PASSED] - Statement - CaseReferenceNo = "": null

2018-12-07 12:13:29 - [TEST_STEP][PASSED] - Statement - CaseReferenceNo = readedVal: null

2018-12-07 12:13:29 - [MESSAGE][PASSED] - Call Test Case 'Test Cases/Final Aug 2018 - PKS Automation/Common/Reference Number Getter' successfully

2018-12-07 12:13:29 - [TEST_STEP][PASSED] - setText: Text 'CAN12201800002289' is set on object 'Object Repository/Final Object Repo/WorkFlow Listing Page/Ref No Set Text'

2018-12-07 12:13:29 - [MESSAGE][PASSED] - Text 'CAN12201800002289' is set on object 'Object Repository/Final Object Repo/WorkFlow Listing Page/Ref No Set Text'

2018-12-07 12:13:29 - [TEST_STEP][PASSED] - delay: Delayed 2 second(s)

2018-12-07 12:13:31 - [MESSAGE][PASSED] - Delayed 2 second(s)

2018-12-07 12:13:31 - [TEST_STEP][PASSED] - click: Object: 'Object Repository/Final Object Repo/WorkFlow Listing Page/Search Ref No Search Button' is clicked on

2018-12-07 12:13:31 - [MESSAGE][PASSED] - Object: 'Object Repository/Final Object Repo/WorkFlow Listing Page/Search Ref No Search Button' is clicked on

2018-12-07 12:13:31 - [TEST_STEP][PASSED] - delay: Delayed 6 second(s)

2018-12-07 12:13:37 - [MESSAGE][PASSED] - Delayed 6 second(s)

2018-12-07 12:13:37 - [TEST_STEP][PASSED] - click: Object: 'Object Repository/Final Object Repo/WorkFlow Listing Page/Click Continue Tooltip' is clicked on

2018-12-07 12:13:38 - [MESSAGE][PASSED] - Object: 'Object Repository/Final Object Repo/WorkFlow Listing Page/Click Continue Tooltip' is clicked on

2018-12-07 12:13:38 - [TEST_STEP][PASSED] - delay: Delayed 5 second(s)

2018-12-07 12:13:43 - [MESSAGE][PASSED] - Delayed 5 second(s)

2018-12-07 12:13:43 - [TEST_STEP][PASSED] - doubleClick: Object: 'Object Repository/Final Object Repo/WorkFlow Listing Page/Workflow Found - Listing 1' is double clicked on

2018-12-07 12:13:43 - [MESSAGE][PASSED] - Object: 'Object Repository/Final Object Repo/WorkFlow Listing Page/Workflow Found - Listing 1' is double clicked on

2018-12-07 12:13:43 - [TEST_STEP][PASSED] - Statement - println(OwnerID): null

2018-12-07 12:13:43 - [TEST_STEP][PASSED] - Statement - OwnerID = com.kms.katalon.core.webui.keyword.WebUiBuiltInKeywords.getText(com.kms.katalon.core.testobject.ObjectRepository.findTestObject(Final Object Repo/WorkFlow Listing Page/Workflow Found - Listing 1), STOP_ON_FAILURE): Text of object 'Object Repository/Final Object Repo/WorkFlow Listing Page/Workflow Found - Listing 1' is: 'JOHORro3'

2018-12-07 12:13:44 - [MESSAGE][PASSED] - Text of object 'Object Repository/Final Object Repo/WorkFlow Listing Page/Workflow Found - Listing 1' is: 'JOHORro3'

2018-12-07 12:13:44 - [TEST_STEP][PASSED] - Statement - OwnerID = OwnerID.toLowerCase() + "@gmail.com": null

2018-12-07 12:13:44 - [TEST_STEP][PASSED] - Statement - println(OwnerID): null

2018-12-07 12:13:44 - [TEST_STEP][PASSED] - delay: Delayed 2 second(s)

2018-12-07 12:13:46 - [MESSAGE][PASSED] - Delayed 2 second(s)

2018-12-07 12:13:46 - [MESSAGE][PASSED] - Call Test Case 'Test Cases/Final Aug 2018 - PKS Automation/Common/Workflow Owner Finder' successfully

2018-12-07 12:13:46 - [TEST_STEP][PASSED] - callTestCase: Call Test Case 'Test Cases/Final Aug 2018 - PKS Automation/Registration Module/Log Out/log out avoiding katalon tagging' successfully

2018-12-07 12:13:46 - [TEST_CASE][PASSED] - Test Cases/Final Aug 2018 - PKS Automation/Registration Module/Log Out/log out avoiding katalon tagging: Test Cases/Final Aug 2018 - PKS Automation/Registration Module/Log Out/log out avoiding katalon tagging

2018-12-07 12:13:46 - [TEST_STEP][PASSED] - navigateToUrl: Navigate to 'https://assist2-uat.perkeso.gov.my/c/portal/logout' successfully

2018-12-07 12:13:47 - [MESSAGE][PASSED] - Navigate to 'https://assist2-uat.perkeso.gov.my/c/portal/logout' successfully

2018-12-07 12:13:47 - [MESSAGE][PASSED] - Call Test Case 'Test Cases/Final Aug 2018 - PKS Automation/Registration Module/Log Out/log out avoiding katalon tagging' successfully

2018-12-07 12:13:47 - [TEST_STEP][PASSED] - delay: Delayed 2 second(s)

2018-12-07 12:13:49 - [MESSAGE][PASSED] - Delayed 2 second(s)

2018-12-07 12:13:49 - [TEST_STEP][PASSED] - setText: Text 'johorro3@gmail.com' is set on object 'Object Repository/Final Object Repo/Page_Update Add New Employee - ASSIST/Email TextBox'

2018-12-07 12:13:49 - [MESSAGE][PASSED] - Text 'johorro3@gmail.com' is set on object 'Object Repository/Final Object Repo/Page_Update Add New Employee - ASSIST/Email TextBox'

2018-12-07 12:13:49 - [TEST_STEP][PASSED] - click: Object: 'Object Repository/Final Object Repo/Page_Update Add New Employee - ASSIST/Next Button' is clicked on

2018-12-07 12:13:49 - [MESSAGE][PASSED] - Object: 'Object Repository/Final Object Repo/Page_Update Add New Employee - ASSIST/Next Button' is clicked on

2018-12-07 12:13:49 - [TEST_STEP][PASSED] - delay: Delayed 2 second(s)

2018-12-07 12:13:51 - [MESSAGE][PASSED] - Delayed 2 second(s)

2018-12-07 12:13:51 - [TEST_STEP][PASSED] - setText: Text 'Test1@3456789' is set on object 'Object Repository/Final Object Repo/Page_Update Add New Employee - ASSIST/Password TextBox'

2018-12-07 12:13:51 - [MESSAGE][PASSED] - Text 'Test1@3456789' is set on object 'Object Repository/Final Object Repo/Page_Update Add New Employee - ASSIST/Password TextBox'

2018-12-07 12:13:51 - [TEST_STEP][PASSED] - delay: Delayed 2 second(s)

2018-12-07 12:13:53 - [MESSAGE][PASSED] - Delayed 2 second(s)

2018-12-07 12:13:53 - [TEST_STEP][PASSED] - click: Object: 'Object Repository/Final Object Repo/Page_Update Add New Employee - ASSIST/Login Button' is clicked on

2018-12-07 12:13:54 - [MESSAGE][PASSED] - Object: 'Object Repository/Final Object Repo/Page_Update Add New Employee - ASSIST/Login Button' is clicked on

2018-12-07 12:13:54 - [TEST_STEP][PASSED] - delay: Delayed 4 second(s)

2018-12-07 12:13:58 - [MESSAGE][PASSED] - Delayed 4 second(s)

2018-12-07 12:13:58 - [TEST_STEP][PASSED] - Statement - Try: Delayed 2 second(s)

2018-12-07 12:13:58 - [TEST_STEP][PASSED] - Statement - Checker = false: null

2018-12-07 12:13:58 - [TEST_STEP][PASSED] - Statement - Checker = com.kms.katalon.core.webui.keyword.WebUiBuiltInKeywords.verifyElementHasAttribute(com.kms.katalon.core.testobject.ObjectRepository.findTestObject(Final Object Repo/Landing Page/BM Detecting), "href", 20, OPTIONAL): Object 'Object Repository/Final Object Repo/Landing Page/BM Detecting' has attribute 'href'

2018-12-07 12:13:58 - [MESSAGE][PASSED] - Object 'Object Repository/Final Object Repo/Landing Page/BM Detecting' has attribute 'href'

2018-12-07 12:13:58 - [TEST_STEP][PASSED] - Statement - out.println(Checker): null

2018-12-07 12:13:58 - [TEST_STEP][PASSED] - Statement - If (Checker == false): null

2018-12-07 12:13:58 - [TEST_STEP][PASSED] - Statement - Else: null

2018-12-07 12:13:58 - [TEST_STEP][PASSED] - delay: Delayed 2 second(s)

2018-12-07 12:14:00 - [MESSAGE][PASSED] - Delayed 2 second(s)

2018-12-07 12:14:00 - [TEST_STEP][PASSED] - delay: Delayed 4 second(s)

2018-12-07 12:14:04 - [MESSAGE][PASSED] - Delayed 4 second(s)

2018-12-07 12:14:04 - [TEST_STEP][PASSED] - click: Object: 'Object Repository/Final Object Repo/New Registration - Registration Module Pages/New Reg - OTC to RO/Special Case - All Related Objects/Expand to Search' is clicked on

2018-12-07 12:14:04 - [MESSAGE][PASSED] - Object: 'Object Repository/Final Object Repo/New Registration - Registration Module Pages/New Reg - OTC to RO/Special Case - All Related Objects/Expand to Search' is clicked on

2018-12-07 12:14:04 - [TEST_STEP][PASSED] - delay: Delayed 2 second(s)

2018-12-07 12:14:06 - [MESSAGE][PASSED] - Delayed 2 second(s)

2018-12-07 12:14:06 - [TEST_STEP][PASSED] - setText: Text 'CAN12201800002289' is set on object 'Object Repository/Final Object Repo/New Registration - Registration Module Pages/New Reg - OTC to RO/Special Case - All Related Objects/TextBox RefNo in Workbasket'

2018-12-07 12:14:06 - [MESSAGE][PASSED] - Text 'CAN12201800002289' is set on object 'Object Repository/Final Object Repo/New Registration - Registration Module Pages/New Reg - OTC to RO/Special Case - All Related Objects/TextBox RefNo in Workbasket'

2018-12-07 12:14:06 - [TEST_STEP][PASSED] - delay: Delayed 2 second(s)

2018-12-07 12:14:08 - [MESSAGE][PASSED] - Delayed 2 second(s)

2018-12-07 12:14:08 - [TEST_STEP][PASSED] - click: Object: 'Object Repository/Final Object Repo/New Registration - Registration Module Pages/New Reg - OTC to RO/Special Case - All Related Objects/Click Search' is clicked on

2018-12-07 12:14:08 - [MESSAGE][PASSED] - Object: 'Object Repository/Final Object Repo/New Registration - Registration Module Pages/New Reg - OTC to RO/Special Case - All Related Objects/Click Search' is clicked on

2018-12-07 12:14:08 - [TEST_STEP][PASSED] - delay: Delayed 10 second(s)

2018-12-07 12:14:18 - [MESSAGE][PASSED] - Delayed 10 second(s)

2018-12-07 12:14:18 - [TEST_STEP][PASSED] - click: Object: 'Object Repository/Final Object Repo/New Registration - Registration Module Pages/New Reg - OTC to RO/Special Case - All Related Objects/Click to Continue Workflow' is clicked on

2018-12-07 12:14:23 - [MESSAGE][PASSED] - Object: 'Object Repository/Final Object Repo/New Registration - Registration Module Pages/New Reg - OTC to RO/Special Case - All Related Objects/Click to Continue Workflow' is clicked on

2018-12-07 12:14:23 - [TEST_STEP][PASSED] - delay: Delayed 10 second(s)

2018-12-07 12:14:33 - [MESSAGE][PASSED] - Delayed 10 second(s)

2018-12-07 12:14:33 - [TEST_STEP][PASSED] - click: Object: 'Object Repository/Final Object Repo/New Registration - Registration Module Pages/New Reg - OTC to RO/Special Case - All Related Objects/Continue Button in verifying case' is clicked on

2018-12-07 12:14:36 - [MESSAGE][PASSED] - Object: 'Object Repository/Final Object Repo/New Registration - Registration Module Pages/New Reg - OTC to RO/Special Case - All Related Objects/Continue Button in verifying case' is clicked on

2018-12-07 12:14:36 - [TEST_STEP][PASSED] - delay: Delayed 2 second(s)

2018-12-07 12:14:38 - [MESSAGE][PASSED] - Delayed 2 second(s)

2018-12-07 12:14:38 - [TEST_STEP][PASSED] - click: Object: 'Object Repository/Final Object Repo/Page_Update Add New Employee - ASSIST/Save  Continue Button' is clicked on

2018-12-07 12:14:38 - [MESSAGE][PASSED] - Object: 'Object Repository/Final Object Repo/Page_Update Add New Employee - ASSIST/Save  Continue Button' is clicked on

2018-12-07 12:14:38 - [TEST_STEP][PASSED] - delay: Delayed 8 second(s)

2018-12-07 12:14:46 - [MESSAGE][PASSED] - Delayed 8 second(s)

2018-12-07 12:14:46 - [TEST_STEP][PASSED] - click: Object: 'Object Repository/Final Object Repo/Page_Update Add New Employee - ASSIST/Save  Continue Third Screen' is clicked on

2018-12-07 12:14:49 - [MESSAGE][PASSED] - Object: 'Object Repository/Final Object Repo/Page_Update Add New Employee - ASSIST/Save  Continue Third Screen' is clicked on

2018-12-07 12:14:49 - [TEST_STEP][PASSED] - delay: Delayed 4 second(s)

2018-12-07 12:14:53 - [MESSAGE][PASSED] - Delayed 4 second(s)

2018-12-07 12:14:53 - [TEST_STEP][PASSED] - click: Object: 'Object Repository/Final Object Repo/Page_Update Add New Employee - ASSIST/Save   Continue Supporting Doc Page' is clicked on

2018-12-07 12:14:54 - [MESSAGE][PASSED] - Object: 'Object Repository/Final Object Repo/Page_Update Add New Employee - ASSIST/Save   Continue Supporting Doc Page' is clicked on

2018-12-07 12:14:54 - [TEST_STEP][PASSED] - delay: Delayed 4 second(s)

2018-12-07 12:14:58 - [MESSAGE][PASSED] - Delayed 4 second(s)

2018-12-07 12:14:58 - [TEST_STEP][PASSED] - click: Object: 'Object Repository/Final Object Repo/Page_Update Add New Employee - ASSIST/Under Enforcement Button at Preview Screen of RO' is clicked on

2018-12-07 12:14:58 - [MESSAGE][PASSED] - Object: 'Object Repository/Final Object Repo/Page_Update Add New Employee - ASSIST/Under Enforcement Button at Preview Screen of RO' is clicked on

2018-12-07 12:14:58 - [TEST_STEP][PASSED] - delay: Delayed 4 second(s)

2018-12-07 12:15:02 - [MESSAGE][PASSED] - Delayed 4 second(s)

2018-12-07 12:15:02 - [TEST_STEP][PASSED] - click: Object: 'Object Repository/Final Object Repo/Page_Update Add New Employee - ASSIST/Under Enforcement - inner form' is clicked on

2018-12-07 12:15:02 - [MESSAGE][PASSED] - Object: 'Object Repository/Final Object Repo/Page_Update Add New Employee - ASSIST/Under Enforcement - inner form' is clicked on

2018-12-07 12:15:02 - [TEST_STEP][PASSED] - delay: Delayed 4 second(s)

2018-12-07 12:15:06 - [MESSAGE][PASSED] - Delayed 4 second(s)

2018-12-07 12:15:06 - [TEST_STEP][PASSED] - callTestCase: Call Test Case 'Test Cases/Final Aug 2018 - PKS Automation/Common/Screenshoting tool' successfully

2018-12-07 12:15:06 - [TEST_CASE][PASSED] - Test Cases/Final Aug 2018 - PKS Automation/Common/Screenshoting tool: Test Cases/Final Aug 2018 - PKS Automation/Common/Screenshoting tool

2018-12-07 12:15:06 - [TEST_STEP][PASSED] - delay: Delayed 15 second(s)

2018-12-07 12:15:21 - [MESSAGE][PASSED] - Delayed 15 second(s)

2018-12-07 12:15:21 - [TEST_STEP][PASSED] - Statement - driver = com.kms.katalon.core.webui.driver.DriverFactory.getWebDriver(): null

2018-12-07 12:15:21 - [TEST_STEP][PASSED] - Statement - driver.manage().timeouts().implicitlyWait(10, SECONDS): null

2018-12-07 12:15:21 - [TEST_STEP][PASSED] - Statement - PresavePath = KatalonScreenshots: null

2018-12-07 12:15:21 - [TEST_STEP][PASSED] - Statement - pathPrefix = "C:\Users\Public\Pictures\Sample Pictures\Katalon Screenshots\Automate Ending Screen": null

2018-12-07 12:15:21 - [TEST_STEP][PASSED] - Statement - finalPath = <not implemented yet for class: org.codehaus.groovy.ast.expr.EmptyExpression>: null

2018-12-07 12:15:21 - [TEST_STEP][PASSED] - Statement - scrFile = driver.getScreenshotAs(FILE): null

2018-12-07 12:15:21 - [TEST_STEP][PASSED] - Statement - PreSaveFile = new java.io.File(PresavePath): null

2018-12-07 12:15:21 - [TEST_STEP][PASSED] - Statement - counter = 0: null

2018-12-07 12:15:21 - [TEST_STEP][PASSED] - Statement - If (PreSaveFile.exists()): null

2018-12-07 12:15:21 - [TEST_STEP][PASSED] - Statement - While (PreSaveFile.exists()): null

2018-12-07 12:15:21 - [TEST_STEP][PASSED] - Statement - counter = counter + 1: null

2018-12-07 12:15:21 - [TEST_STEP][PASSED] - Statement - PreSaveFile = new java.io.File(((pathPrefix + java.lang.Integer.toString(counter)) + .png)): null

2018-12-07 12:15:21 - [TEST_STEP][PASSED] - Statement - counter = counter + 1: null

2018-12-07 12:15:21 - [TEST_STEP][PASSED] - Statement - PreSaveFile = new java.io.File(((pathPrefix + java.lang.Integer.toString(counter)) + .png)): null

2018-12-07 12:15:21 - [TEST_STEP][PASSED] - Statement - counter = counter + 1: null

2018-12-07 12:15:21 - [TEST_STEP][PASSED] - Statement - PreSaveFile = new java.io.File(((pathPrefix + java.lang.Integer.toString(counter)) + .png)): null

2018-12-07 12:15:21 - [TEST_STEP][PASSED] - Statement - counter = counter + 1: null

2018-12-07 12:15:21 - [TEST_STEP][PASSED] - Statement - PreSaveFile = new java.io.File(((pathPrefix + java.lang.Integer.toString(counter)) + .png)): null

2018-12-07 12:15:21 - [TEST_STEP][PASSED] - Statement - counter = counter + 1: null

2018-12-07 12:15:21 - [TEST_STEP][PASSED] - Statement - PreSaveFile = new java.io.File(((pathPrefix + java.lang.Integer.toString(counter)) + .png)): null

2018-12-07 12:15:21 - [TEST_STEP][PASSED] - Statement - counter = counter + 1: null

2018-12-07 12:15:21 - [TEST_STEP][PASSED] - Statement - PreSaveFile = new java.io.File(((pathPrefix + java.lang.Integer.toString(counter)) + .png)): null

2018-12-07 12:15:21 - [TEST_STEP][PASSED] - Statement - counter = counter + 1: null

2018-12-07 12:15:21 - [TEST_STEP][PASSED] - Statement - PreSaveFile = new java.io.File(((pathPrefix + java.lang.Integer.toString(counter)) + .png)): null

2018-12-07 12:15:21 - [TEST_STEP][PASSED] - Statement - counter = counter + 1: null

2018-12-07 12:15:21 - [TEST_STEP][PASSED] - Statement - PreSaveFile = new java.io.File(((pathPrefix + java.lang.Integer.toString(counter)) + .png)): null

2018-12-07 12:15:21 - [TEST_STEP][PASSED] - Statement - counter = counter + 1: null

2018-12-07 12:15:21 - [TEST_STEP][PASSED] - Statement - PreSaveFile = new java.io.File(((pathPrefix + java.lang.Integer.toString(counter)) + .png)): null

2018-12-07 12:15:21 - [TEST_STEP][PASSED] - Statement - counter = counter + 1: null

2018-12-07 12:15:21 - [TEST_STEP][PASSED] - Statement - PreSaveFile = new java.io.File(((pathPrefix + java.lang.Integer.toString(counter)) + .png)): null

2018-12-07 12:15:21 - [TEST_STEP][PASSED] - Statement - counter = counter + 1: null

2018-12-07 12:15:21 - [TEST_STEP][PASSED] - Statement - PreSaveFile = new java.io.File(((pathPrefix + java.lang.Integer.toString(counter)) + .png)): null

2018-12-07 12:15:21 - [TEST_STEP][PASSED] - Statement - counter = counter + 1: null

2018-12-07 12:15:21 - [TEST_STEP][PASSED] - Statement - PreSaveFile = new java.io.File(((pathPrefix + java.lang.Integer.toString(counter)) + .png)): null

2018-12-07 12:15:21 - [TEST_STEP][PASSED] - Statement - counter = counter + 1: null

2018-12-07 12:15:21 - [TEST_STEP][PASSED] - Statement - PreSaveFile = new java.io.File(((pathPrefix + java.lang.Integer.toString(counter)) + .png)): null

2018-12-07 12:15:21 - [TEST_STEP][PASSED] - Statement - counter = counter + 1: null

2018-12-07 12:15:21 - [TEST_STEP][PASSED] - Statement - PreSaveFile = new java.io.File(((pathPrefix + java.lang.Integer.toString(counter)) + .png)): null

2018-12-07 12:15:21 - [TEST_STEP][PASSED] - Statement - counter = counter + 1: null

2018-12-07 12:15:21 - [TEST_STEP][PASSED] - Statement - PreSaveFile = new java.io.File(((pathPrefix + java.lang.Integer.toString(counter)) + .png)): null

2018-12-07 12:15:21 - [TEST_STEP][PASSED] - Statement - counter = counter + 1: null

2018-12-07 12:15:21 - [TEST_STEP][PASSED] - Statement - PreSaveFile = new java.io.File(((pathPrefix + java.lang.Integer.toString(counter)) + .png)): null

2018-12-07 12:15:21 - [TEST_STEP][PASSED] - Statement - counter = counter + 1: null

2018-12-07 12:15:21 - [TEST_STEP][PASSED] - Statement - PreSaveFile = new java.io.File(((pathPrefix + java.lang.Integer.toString(counter)) + .png)): null

2018-12-07 12:15:22 - [TEST_STEP][PASSED] - Statement - counter = counter + 1: null

2018-12-07 12:15:22 - [TEST_STEP][PASSED] - Statement - PreSaveFile = new java.io.File(((pathPrefix + java.lang.Integer.toString(counter)) + .png)): null

2018-12-07 12:15:22 - [TEST_STEP][PASSED] - Statement - counter = counter + 1: null

2018-12-07 12:15:22 - [TEST_STEP][PASSED] - Statement - PreSaveFile = new java.io.File(((pathPrefix + java.lang.Integer.toString(counter)) + .png)): null

2018-12-07 12:15:22 - [TEST_STEP][PASSED] - Statement - counter = counter + 1: null

2018-12-07 12:15:22 - [TEST_STEP][PASSED] - Statement - PreSaveFile = new java.io.File(((pathPrefix + java.lang.Integer.toString(counter)) + .png)): null

2018-12-07 12:15:22 - [TEST_STEP][PASSED] - Statement - counter = counter + 1: null

2018-12-07 12:15:22 - [TEST_STEP][PASSED] - Statement - PreSaveFile = new java.io.File(((pathPrefix + java.lang.Integer.toString(counter)) + .png)): null

2018-12-07 12:15:22 - [TEST_STEP][PASSED] - Statement - counter = counter + 1: null

2018-12-07 12:15:22 - [TEST_STEP][PASSED] - Statement - PreSaveFile = new java.io.File(((pathPrefix + java.lang.Integer.toString(counter)) + .png)): null

2018-12-07 12:15:22 - [TEST_STEP][PASSED] - Statement - counter = counter + 1: null

2018-12-07 12:15:22 - [TEST_STEP][PASSED] - Statement - PreSaveFile = new java.io.File(((pathPrefix + java.lang.Integer.toString(counter)) + .png)): null

2018-12-07 12:15:22 - [TEST_STEP][PASSED] - Statement - counter = counter + 1: null

2018-12-07 12:15:22 - [TEST_STEP][PASSED] - Statement - PreSaveFile = new java.io.File(((pathPrefix + java.lang.Integer.toString(counter)) + .png)): null

2018-12-07 12:15:22 - [TEST_STEP][PASSED] - Statement - counter = counter + 1: null

2018-12-07 12:15:22 - [TEST_STEP][PASSED] - Statement - PreSaveFile = new java.io.File(((pathPrefix + java.lang.Integer.toString(counter)) + .png)): null

2018-12-07 12:15:22 - [TEST_STEP][PASSED] - Statement - counter = counter + 1: null

2018-12-07 12:15:22 - [TEST_STEP][PASSED] - Statement - PreSaveFile = new java.io.File(((pathPrefix + java.lang.Integer.toString(counter)) + .png)): null

2018-12-07 12:15:22 - [TEST_STEP][PASSED] - Statement - counter = counter + 1: null

2018-12-07 12:15:22 - [TEST_STEP][PASSED] - Statement - PreSaveFile = new java.io.File(((pathPrefix + java.lang.Integer.toString(counter)) + .png)): null

2018-12-07 12:15:22 - [TEST_STEP][PASSED] - Statement - counter = counter + 1: null

2018-12-07 12:15:22 - [TEST_STEP][PASSED] - Statement - PreSaveFile = new java.io.File(((pathPrefix + java.lang.Integer.toString(counter)) + .png)): null

2018-12-07 12:15:22 - [TEST_STEP][PASSED] - Statement - counter = counter + 1: null

2018-12-07 12:15:22 - [TEST_STEP][PASSED] - Statement - PreSaveFile = new java.io.File(((pathPrefix + java.lang.Integer.toString(counter)) + .png)): null

2018-12-07 12:15:22 - [TEST_STEP][PASSED] - Statement - counter = counter + 1: null

2018-12-07 12:15:22 - [TEST_STEP][PASSED] - Statement - PreSaveFile = new java.io.File(((pathPrefix + java.lang.Integer.toString(counter)) + .png)): null

2018-12-07 12:15:22 - [TEST_STEP][PASSED] - Statement - counter = counter + 1: null

2018-12-07 12:15:22 - [TEST_STEP][PASSED] - Statement - PreSaveFile = new java.io.File(((pathPrefix + java.lang.Integer.toString(counter)) + .png)): null

2018-12-07 12:15:22 - [TEST_STEP][PASSED] - Statement - counter = counter + 1: null

2018-12-07 12:15:22 - [TEST_STEP][PASSED] - Statement - PreSaveFile = new java.io.File(((pathPrefix + java.lang.Integer.toString(counter)) + .png)): null

2018-12-07 12:15:22 - [TEST_STEP][PASSED] - Statement - counter = counter + 1: null

2018-12-07 12:15:23 - [TEST_STEP][PASSED] - Statement - PreSaveFile = new java.io.File(((pathPrefix + java.lang.Integer.toString(counter)) + .png)): null

2018-12-07 12:15:23 - [TEST_STEP][PASSED] - Statement - counter = counter + 1: null

2018-12-07 12:15:23 - [TEST_STEP][PASSED] - Statement - PreSaveFile = new java.io.File(((pathPrefix + java.lang.Integer.toString(counter)) + .png)): null

2018-12-07 12:15:23 - [TEST_STEP][PASSED] - Statement - counter = counter + 1: null

2018-12-07 12:15:23 - [TEST_STEP][PASSED] - Statement - PreSaveFile = new java.io.File(((pathPrefix + java.lang.Integer.toString(counter)) + .png)): null

2018-12-07 12:15:23 - [TEST_STEP][PASSED] - Statement - counter = counter + 1: null

2018-12-07 12:15:23 - [TEST_STEP][PASSED] - Statement - PreSaveFile = new java.io.File(((pathPrefix + java.lang.Integer.toString(counter)) + .png)): null

2018-12-07 12:15:23 - [TEST_STEP][PASSED] - Statement - counter = counter + 1: null

2018-12-07 12:15:23 - [TEST_STEP][PASSED] - Statement - PreSaveFile = new java.io.File(((pathPrefix + java.lang.Integer.toString(counter)) + .png)): null

2018-12-07 12:15:23 - [TEST_STEP][PASSED] - Statement - counter = counter + 1: null

2018-12-07 12:15:23 - [TEST_STEP][PASSED] - Statement - PreSaveFile = new java.io.File(((pathPrefix + java.lang.Integer.toString(counter)) + .png)): null

2018-12-07 12:15:23 - [TEST_STEP][PASSED] - Statement - counter = counter + 1: null

2018-12-07 12:15:23 - [TEST_STEP][PASSED] - Statement - PreSaveFile = new java.io.File(((pathPrefix + java.lang.Integer.toString(counter)) + .png)): null

2018-12-07 12:15:23 - [TEST_STEP][PASSED] - Statement - counter = counter + 1: null

2018-12-07 12:15:23 - [TEST_STEP][PASSED] - Statement - PreSaveFile = new java.io.File(((pathPrefix + java.lang.Integer.toString(counter)) + .png)): null

2018-12-07 12:15:23 - [TEST_STEP][PASSED] - Statement - counter = counter + 1: null

2018-12-07 12:15:23 - [TEST_STEP][PASSED] - Statement - PreSaveFile = new java.io.File(((pathPrefix + java.lang.Integer.toString(counter)) + .png)): null

2018-12-07 12:15:23 - [TEST_STEP][PASSED] - Statement - counter = counter + 1: null

2018-12-07 12:15:23 - [TEST_STEP][PASSED] - Statement - PreSaveFile = new java.io.File(((pathPrefix + java.lang.Integer.toString(counter)) + .png)): null

2018-12-07 12:15:23 - [TEST_STEP][PASSED] - Statement - counter = counter + 1: null

2018-12-07 12:15:23 - [TEST_STEP][PASSED] - Statement - PreSaveFile = new java.io.File(((pathPrefix + java.lang.Integer.toString(counter)) + .png)): null

2018-12-07 12:15:23 - [TEST_STEP][PASSED] - Statement - counter = counter + 1: null

2018-12-07 12:15:23 - [TEST_STEP][PASSED] - Statement - PreSaveFile = new java.io.File(((pathPrefix + java.lang.Integer.toString(counter)) + .png)): null

2018-12-07 12:15:23 - [TEST_STEP][PASSED] - Statement - counter = counter + 1: null

2018-12-07 12:15:23 - [TEST_STEP][PASSED] - Statement - PreSaveFile = new java.io.File(((pathPrefix + java.lang.Integer.toString(counter)) + .png)): null

2018-12-07 12:15:23 - [TEST_STEP][PASSED] - Statement - counter = counter + 1: null

2018-12-07 12:15:23 - [TEST_STEP][PASSED] - Statement - PreSaveFile = new java.io.File(((pathPrefix + java.lang.Integer.toString(counter)) + .png)): null

2018-12-07 12:15:23 - [TEST_STEP][PASSED] - Statement - counter = counter + 1: null

2018-12-07 12:15:23 - [TEST_STEP][PASSED] - Statement - PreSaveFile = new java.io.File(((pathPrefix + java.lang.Integer.toString(counter)) + .png)): null

2018-12-07 12:15:23 - [TEST_STEP][PASSED] - Statement - counter = counter + 1: null

2018-12-07 12:15:24 - [TEST_STEP][PASSED] - Statement - PreSaveFile = new java.io.File(((pathPrefix + java.lang.Integer.toString(counter)) + .png)): null

2018-12-07 12:15:24 - [TEST_STEP][PASSED] - Statement - counter = counter + 1: null

2018-12-07 12:15:24 - [TEST_STEP][PASSED] - Statement - PreSaveFile = new java.io.File(((pathPrefix + java.lang.Integer.toString(counter)) + .png)): null

2018-12-07 12:15:24 - [TEST_STEP][PASSED] - Statement - counter = counter + 1: null

2018-12-07 12:15:24 - [TEST_STEP][PASSED] - Statement - PreSaveFile = new java.io.File(((pathPrefix + java.lang.Integer.toString(counter)) + .png)): null

2018-12-07 12:15:24 - [TEST_STEP][PASSED] - Statement - counter = counter + 1: null

2018-12-07 12:15:24 - [TEST_STEP][PASSED] - Statement - PreSaveFile = new java.io.File(((pathPrefix + java.lang.Integer.toString(counter)) + .png)): null

2018-12-07 12:15:24 - [TEST_STEP][PASSED] - Statement - counter = counter + 1: null

2018-12-07 12:15:24 - [TEST_STEP][PASSED] - Statement - PreSaveFile = new java.io.File(((pathPrefix + java.lang.Integer.toString(counter)) + .png)): null

2018-12-07 12:15:24 - [TEST_STEP][PASSED] - Statement - counter = counter + 1: null

2018-12-07 12:15:24 - [TEST_STEP][PASSED] - Statement - PreSaveFile = new java.io.File(((pathPrefix + java.lang.Integer.toString(counter)) + .png)): null

2018-12-07 12:15:24 - [TEST_STEP][PASSED] - Statement - counter = counter + 1: null

2018-12-07 12:15:24 - [TEST_STEP][PASSED] - Statement - PreSaveFile = new java.io.File(((pathPrefix + java.lang.Integer.toString(counter)) + .png)): null

2018-12-07 12:15:24 - [TEST_STEP][PASSED] - Statement - counter = counter + 1: null

2018-12-07 12:15:24 - [TEST_STEP][PASSED] - Statement - PreSaveFile = new java.io.File(((pathPrefix + java.lang.Integer.toString(counter)) + .png)): null

2018-12-07 12:15:24 - [TEST_STEP][PASSED] - Statement - counter = counter + 1: null

2018-12-07 12:15:24 - [TEST_STEP][PASSED] - Statement - PreSaveFile = new java.io.File(((pathPrefix + java.lang.Integer.toString(counter)) + .png)): null

2018-12-07 12:15:24 - [TEST_STEP][PASSED] - Statement - counter = counter + 1: null

2018-12-07 12:15:24 - [TEST_STEP][PASSED] - Statement - PreSaveFile = new java.io.File(((pathPrefix + java.lang.Integer.toString(counter)) + .png)): null

2018-12-07 12:15:24 - [TEST_STEP][PASSED] - Statement - counter = counter + 1: null

2018-12-07 12:15:24 - [TEST_STEP][PASSED] - Statement - PreSaveFile = new java.io.File(((pathPrefix + java.lang.Integer.toString(counter)) + .png)): null

2018-12-07 12:15:24 - [TEST_STEP][PASSED] - Statement - counter = counter + 1: null

2018-12-07 12:15:24 - [TEST_STEP][PASSED] - Statement - PreSaveFile = new java.io.File(((pathPrefix + java.lang.Integer.toString(counter)) + .png)): null

2018-12-07 12:15:24 - [TEST_STEP][PASSED] - Statement - counter = counter + 1: null

2018-12-07 12:15:24 - [TEST_STEP][PASSED] - Statement - PreSaveFile = new java.io.File(((pathPrefix + java.lang.Integer.toString(counter)) + .png)): null

2018-12-07 12:15:24 - [TEST_STEP][PASSED] - Statement - counter = counter + 1: null

2018-12-07 12:15:24 - [TEST_STEP][PASSED] - Statement - PreSaveFile = new java.io.File(((pathPrefix + java.lang.Integer.toString(counter)) + .png)): null

2018-12-07 12:15:24 - [TEST_STEP][PASSED] - Statement - counter = counter + 1: null

2018-12-07 12:15:25 - [TEST_STEP][PASSED] - Statement - PreSaveFile = new java.io.File(((pathPrefix + java.lang.Integer.toString(counter)) + .png)): null

2018-12-07 12:15:25 - [TEST_STEP][PASSED] - Statement - counter = counter + 1: null

2018-12-07 12:15:25 - [TEST_STEP][PASSED] - Statement - PreSaveFile = new java.io.File(((pathPrefix + java.lang.Integer.toString(counter)) + .png)): null

2018-12-07 12:15:25 - [TEST_STEP][PASSED] - Statement - counter = counter + 1: null

2018-12-07 12:15:25 - [TEST_STEP][PASSED] - Statement - PreSaveFile = new java.io.File(((pathPrefix + java.lang.Integer.toString(counter)) + .png)): null

2018-12-07 12:15:25 - [TEST_STEP][PASSED] - Statement - counter = counter + 1: null

2018-12-07 12:15:25 - [TEST_STEP][PASSED] - Statement - PreSaveFile = new java.io.File(((pathPrefix + java.lang.Integer.toString(counter)) + .png)): null

2018-12-07 12:15:25 - [TEST_STEP][PASSED] - Statement - counter = counter + 1: null

2018-12-07 12:15:25 - [TEST_STEP][PASSED] - Statement - PreSaveFile = new java.io.File(((pathPrefix + java.lang.Integer.toString(counter)) + .png)): null

2018-12-07 12:15:25 - [TEST_STEP][PASSED] - Statement - counter = counter + 1: null

2018-12-07 12:15:25 - [TEST_STEP][PASSED] - Statement - PreSaveFile = new java.io.File(((pathPrefix + java.lang.Integer.toString(counter)) + .png)): null

2018-12-07 12:15:25 - [TEST_STEP][PASSED] - Statement - counter = counter + 1: null

2018-12-07 12:15:25 - [TEST_STEP][PASSED] - Statement - PreSaveFile = new java.io.File(((pathPrefix + java.lang.Integer.toString(counter)) + .png)): null

2018-12-07 12:15:25 - [TEST_STEP][PASSED] - Statement - counter = counter + 1: null

2018-12-07 12:15:25 - [TEST_STEP][PASSED] - Statement - PreSaveFile = new java.io.File(((pathPrefix + java.lang.Integer.toString(counter)) + .png)): null

2018-12-07 12:15:25 - [TEST_STEP][PASSED] - Statement - counter = counter + 1: null

2018-12-07 12:15:25 - [TEST_STEP][PASSED] - Statement - PreSaveFile = new java.io.File(((pathPrefix + java.lang.Integer.toString(counter)) + .png)): null

2018-12-07 12:15:25 - [TEST_STEP][PASSED] - Statement - counter = counter + 1: null

2018-12-07 12:15:25 - [TEST_STEP][PASSED] - Statement - PreSaveFile = new java.io.File(((pathPrefix + java.lang.Integer.toString(counter)) + .png)): null

2018-12-07 12:15:25 - [TEST_STEP][PASSED] - Statement - counter = counter + 1: null

2018-12-07 12:15:25 - [TEST_STEP][PASSED] - Statement - PreSaveFile = new java.io.File(((pathPrefix + java.lang.Integer.toString(counter)) + .png)): null

2018-12-07 12:15:25 - [TEST_STEP][PASSED] - Statement - counter = counter + 1: null

2018-12-07 12:15:25 - [TEST_STEP][PASSED] - Statement - PreSaveFile = new java.io.File(((pathPrefix + java.lang.Integer.toString(counter)) + .png)): null

2018-12-07 12:15:25 - [TEST_STEP][PASSED] - Statement - counter = counter + 1: null

2018-12-07 12:15:25 - [TEST_STEP][PASSED] - Statement - PreSaveFile = new java.io.File(((pathPrefix + java.lang.Integer.toString(counter)) + .png)): null

2018-12-07 12:15:25 - [TEST_STEP][PASSED] - Statement - counter = counter + 1: null

2018-12-07 12:15:25 - [TEST_STEP][PASSED] - Statement - PreSaveFile = new java.io.File(((pathPrefix + java.lang.Integer.toString(counter)) + .png)): null

2018-12-07 12:15:25 - [TEST_STEP][PASSED] - Statement - counter = counter + 1: null

2018-12-07 12:15:25 - [TEST_STEP][PASSED] - Statement - PreSaveFile = new java.io.File(((pathPrefix + java.lang.Integer.toString(counter)) + .png)): null

2018-12-07 12:15:25 - [TEST_STEP][PASSED] - Statement - counter = counter + 1: null

2018-12-07 12:15:26 - [TEST_STEP][PASSED] - Statement - PreSaveFile = new java.io.File(((pathPrefix + java.lang.Integer.toString(counter)) + .png)): null

2018-12-07 12:15:26 - [TEST_STEP][PASSED] - Statement - counter = counter + 1: null

2018-12-07 12:15:26 - [TEST_STEP][PASSED] - Statement - PreSaveFile = new java.io.File(((pathPrefix + java.lang.Integer.toString(counter)) + .png)): null

2018-12-07 12:15:26 - [TEST_STEP][PASSED] - Statement - counter = counter + 1: null

2018-12-07 12:15:26 - [TEST_STEP][PASSED] - Statement - PreSaveFile = new java.io.File(((pathPrefix + java.lang.Integer.toString(counter)) + .png)): null

2018-12-07 12:15:26 - [TEST_STEP][PASSED] - Statement - counter = counter + 1: null

2018-12-07 12:15:26 - [TEST_STEP][PASSED] - Statement - PreSaveFile = new java.io.File(((pathPrefix + java.lang.Integer.toString(counter)) + .png)): null

2018-12-07 12:15:26 - [TEST_STEP][PASSED] - Statement - counter = counter + 1: null

2018-12-07 12:15:26 - [TEST_STEP][PASSED] - Statement - PreSaveFile = new java.io.File(((pathPrefix + java.lang.Integer.toString(counter)) + .png)): null

2018-12-07 12:15:26 - [TEST_STEP][PASSED] - Statement - counter = counter + 1: null

2018-12-07 12:15:26 - [TEST_STEP][PASSED] - Statement - PreSaveFile = new java.io.File(((pathPrefix + java.lang.Integer.toString(counter)) + .png)): null

2018-12-07 12:15:26 - [TEST_STEP][PASSED] - Statement - counter = counter + 1: null

2018-12-07 12:15:26 - [TEST_STEP][PASSED] - Statement - PreSaveFile = new java.io.File(((pathPrefix + java.lang.Integer.toString(counter)) + .png)): null

2018-12-07 12:15:26 - [TEST_STEP][PASSED] - Statement - counter = counter + 1: null

2018-12-07 12:15:26 - [TEST_STEP][PASSED] - Statement - PreSaveFile = new java.io.File(((pathPrefix + java.lang.Integer.toString(counter)) + .png)): null

2018-12-07 12:15:26 - [TEST_STEP][PASSED] - Statement - counter = counter + 1: null

2018-12-07 12:15:26 - [TEST_STEP][PASSED] - Statement - PreSaveFile = new java.io.File(((pathPrefix + java.lang.Integer.toString(counter)) + .png)): null

2018-12-07 12:15:26 - [TEST_STEP][PASSED] - Statement - counter = counter + 1: null

2018-12-07 12:15:26 - [TEST_STEP][PASSED] - Statement - PreSaveFile = new java.io.File(((pathPrefix + java.lang.Integer.toString(counter)) + .png)): null

2018-12-07 12:15:26 - [TEST_STEP][PASSED] - Statement - counter = counter + 1: null

2018-12-07 12:15:26 - [TEST_STEP][PASSED] - Statement - PreSaveFile = new java.io.File(((pathPrefix + java.lang.Integer.toString(counter)) + .png)): null

2018-12-07 12:15:26 - [TEST_STEP][PASSED] - Statement - counter = counter + 1: null

2018-12-07 12:15:26 - [TEST_STEP][PASSED] - Statement - PreSaveFile = new java.io.File(((pathPrefix + java.lang.Integer.toString(counter)) + .png)): null

2018-12-07 12:15:26 - [TEST_STEP][PASSED] - Statement - counter = counter + 1: null

2018-12-07 12:15:26 - [TEST_STEP][PASSED] - Statement - PreSaveFile = new java.io.File(((pathPrefix + java.lang.Integer.toString(counter)) + .png)): null

2018-12-07 12:15:26 - [TEST_STEP][PASSED] - Statement - counter = counter + 1: null

2018-12-07 12:15:26 - [TEST_STEP][PASSED] - Statement - PreSaveFile = new java.io.File(((pathPrefix + java.lang.Integer.toString(counter)) + .png)): null

2018-12-07 12:15:26 - [TEST_STEP][PASSED] - Statement - counter = counter + 1: null

2018-12-07 12:15:27 - [TEST_STEP][PASSED] - Statement - PreSaveFile = new java.io.File(((pathPrefix + java.lang.Integer.toString(counter)) + .png)): null

2018-12-07 12:15:27 - [TEST_STEP][PASSED] - Statement - counter = counter + 1: null

2018-12-07 12:15:27 - [TEST_STEP][PASSED] - Statement - PreSaveFile = new java.io.File(((pathPrefix + java.lang.Integer.toString(counter)) + .png)): null

2018-12-07 12:15:27 - [TEST_STEP][PASSED] - Statement - counter = counter + 1: null

2018-12-07 12:15:27 - [TEST_STEP][PASSED] - Statement - PreSaveFile = new java.io.File(((pathPrefix + java.lang.Integer.toString(counter)) + .png)): null

2018-12-07 12:15:27 - [TEST_STEP][PASSED] - Statement - counter = counter + 1: null

2018-12-07 12:15:27 - [TEST_STEP][PASSED] - Statement - PreSaveFile = new java.io.File(((pathPrefix + java.lang.Integer.toString(counter)) + .png)): null

2018-12-07 12:15:27 - [TEST_STEP][PASSED] - Statement - counter = counter + 1: null

2018-12-07 12:15:27 - [TEST_STEP][PASSED] - Statement - PreSaveFile = new java.io.File(((pathPrefix + java.lang.Integer.toString(counter)) + .png)): null

2018-12-07 12:15:27 - [TEST_STEP][PASSED] - Statement - counter = counter + 1: null

2018-12-07 12:15:27 - [TEST_STEP][PASSED] - Statement - PreSaveFile = new java.io.File(((pathPrefix + java.lang.Integer.toString(counter)) + .png)): null

2018-12-07 12:15:27 - [TEST_STEP][PASSED] - Statement - counter = counter + 1: null

2018-12-07 12:15:27 - [TEST_STEP][PASSED] - Statement - PreSaveFile = new java.io.File(((pathPrefix + java.lang.Integer.toString(counter)) + .png)): null

2018-12-07 12:15:27 - [TEST_STEP][PASSED] - Statement - counter = counter + 1: null

2018-12-07 12:15:27 - [TEST_STEP][PASSED] - Statement - PreSaveFile = new java.io.File(((pathPrefix + java.lang.Integer.toString(counter)) + .png)): null

2018-12-07 12:15:27 - [TEST_STEP][PASSED] - Statement - counter = counter + 1: null

2018-12-07 12:15:27 - [TEST_STEP][PASSED] - Statement - PreSaveFile = new java.io.File(((pathPrefix + java.lang.Integer.toString(counter)) + .png)): null

2018-12-07 12:15:27 - [TEST_STEP][PASSED] - Statement - counter = counter + 1: null

2018-12-07 12:15:27 - [TEST_STEP][PASSED] - Statement - PreSaveFile = new java.io.File(((pathPrefix + java.lang.Integer.toString(counter)) + .png)): null

2018-12-07 12:15:27 - [TEST_STEP][PASSED] - Statement - counter = counter + 1: null

2018-12-07 12:15:27 - [TEST_STEP][PASSED] - Statement - PreSaveFile = new java.io.File(((pathPrefix + java.lang.Integer.toString(counter)) + .png)): null

2018-12-07 12:15:27 - [TEST_STEP][PASSED] - Statement - counter = counter + 1: null

2018-12-07 12:15:27 - [TEST_STEP][PASSED] - Statement - PreSaveFile = new java.io.File(((pathPrefix + java.lang.Integer.toString(counter)) + .png)): null

2018-12-07 12:15:27 - [TEST_STEP][PASSED] - Statement - counter = counter + 1: null

2018-12-07 12:15:27 - [TEST_STEP][PASSED] - Statement - PreSaveFile = new java.io.File(((pathPrefix + java.lang.Integer.toString(counter)) + .png)): null

2018-12-07 12:15:27 - [TEST_STEP][PASSED] - Statement - counter = counter + 1: null

2018-12-07 12:15:27 - [TEST_STEP][PASSED] - Statement - PreSaveFile = new java.io.File(((pathPrefix + java.lang.Integer.toString(counter)) + .png)): null

2018-12-07 12:15:27 - [TEST_STEP][PASSED] - Statement - counter = counter + 1: null

2018-12-07 12:15:27 - [TEST_STEP][PASSED] - Statement - PreSaveFile = new java.io.File(((pathPrefix + java.lang.Integer.toString(counter)) + .png)): null

2018-12-07 12:15:28 - [TEST_STEP][PASSED] - Statement - counter = counter + 1: null

2018-12-07 12:15:28 - [TEST_STEP][PASSED] - Statement - PreSaveFile = new java.io.File(((pathPrefix + java.lang.Integer.toString(counter)) + .png)): null

2018-12-07 12:15:28 - [TEST_STEP][PASSED] - Statement - counter = counter + 1: null

2018-12-07 12:15:28 - [TEST_STEP][PASSED] - Statement - PreSaveFile = new java.io.File(((pathPrefix + java.lang.Integer.toString(counter)) + .png)): null

2018-12-07 12:15:28 - [TEST_STEP][PASSED] - Statement - counter = counter + 1: null

2018-12-07 12:15:28 - [TEST_STEP][PASSED] - Statement - PreSaveFile = new java.io.File(((pathPrefix + java.lang.Integer.toString(counter)) + .png)): null

2018-12-07 12:15:28 - [TEST_STEP][PASSED] - Statement - counter = counter + 1: null

2018-12-07 12:15:28 - [TEST_STEP][PASSED] - Statement - PreSaveFile = new java.io.File(((pathPrefix + java.lang.Integer.toString(counter)) + .png)): null

2018-12-07 12:15:28 - [TEST_STEP][PASSED] - Statement - counter = counter + 1: null

2018-12-07 12:15:28 - [TEST_STEP][PASSED] - Statement - PreSaveFile = new java.io.File(((pathPrefix + java.lang.Integer.toString(counter)) + .png)): null

2018-12-07 12:15:28 - [TEST_STEP][PASSED] - Statement - counter = counter + 1: null

2018-12-07 12:15:28 - [TEST_STEP][PASSED] - Statement - PreSaveFile = new java.io.File(((pathPrefix + java.lang.Integer.toString(counter)) + .png)): null

2018-12-07 12:15:28 - [TEST_STEP][PASSED] - Statement - counter = counter + 1: null

2018-12-07 12:15:28 - [TEST_STEP][PASSED] - Statement - PreSaveFile = new java.io.File(((pathPrefix + java.lang.Integer.toString(counter)) + .png)): null

2018-12-07 12:15:28 - [TEST_STEP][PASSED] - Statement - counter = counter + 1: null

2018-12-07 12:15:28 - [TEST_STEP][PASSED] - Statement - PreSaveFile = new java.io.File(((pathPrefix + java.lang.Integer.toString(counter)) + .png)): null

2018-12-07 12:15:28 - [TEST_STEP][PASSED] - Statement - counter = counter + 1: null

2018-12-07 12:15:28 - [TEST_STEP][PASSED] - Statement - PreSaveFile = new java.io.File(((pathPrefix + java.lang.Integer.toString(counter)) + .png)): null

2018-12-07 12:15:28 - [TEST_STEP][PASSED] - Statement - counter = counter + 1: null

2018-12-07 12:15:28 - [TEST_STEP][PASSED] - Statement - PreSaveFile = new java.io.File(((pathPrefix + java.lang.Integer.toString(counter)) + .png)): null

2018-12-07 12:15:28 - [TEST_STEP][PASSED] - Statement - counter = counter + 1: null

2018-12-07 12:15:28 - [TEST_STEP][PASSED] - Statement - PreSaveFile = new java.io.File(((pathPrefix + java.lang.Integer.toString(counter)) + .png)): null

2018-12-07 12:15:28 - [TEST_STEP][PASSED] - Statement - counter = counter + 1: null

2018-12-07 12:15:28 - [TEST_STEP][PASSED] - Statement - PreSaveFile = new java.io.File(((pathPrefix + java.lang.Integer.toString(counter)) + .png)): null

2018-12-07 12:15:28 - [TEST_STEP][PASSED] - Statement - counter = counter + 1: null

2018-12-07 12:15:28 - [TEST_STEP][PASSED] - Statement - PreSaveFile = new java.io.File(((pathPrefix + java.lang.Integer.toString(counter)) + .png)): null

2018-12-07 12:15:28 - [TEST_STEP][PASSED] - Statement - counter = counter + 1: null

2018-12-07 12:15:28 - [TEST_STEP][PASSED] - Statement - PreSaveFile = new java.io.File(((pathPrefix + java.lang.Integer.toString(counter)) + .png)): null

2018-12-07 12:15:28 - [TEST_STEP][PASSED] - Statement - counter = counter + 1: null

2018-12-07 12:15:29 - [TEST_STEP][PASSED] - Statement - PreSaveFile = new java.io.File(((pathPrefix + java.lang.Integer.toString(counter)) + .png)): null

2018-12-07 12:15:29 - [TEST_STEP][PASSED] - Statement - counter = counter + 1: null

2018-12-07 12:15:29 - [TEST_STEP][PASSED] - Statement - PreSaveFile = new java.io.File(((pathPrefix + java.lang.Integer.toString(counter)) + .png)): null

2018-12-07 12:15:29 - [TEST_STEP][PASSED] - Statement - counter = counter + 1: null

2018-12-07 12:15:29 - [TEST_STEP][PASSED] - Statement - PreSaveFile = new java.io.File(((pathPrefix + java.lang.Integer.toString(counter)) + .png)): null

2018-12-07 12:15:29 - [TEST_STEP][PASSED] - Statement - counter = counter + 1: null

2018-12-07 12:15:29 - [TEST_STEP][PASSED] - Statement - PreSaveFile = new java.io.File(((pathPrefix + java.lang.Integer.toString(counter)) + .png)): null

2018-12-07 12:15:29 - [TEST_STEP][PASSED] - Statement - counter = counter + 1: null

2018-12-07 12:15:29 - [TEST_STEP][PASSED] - Statement - PreSaveFile = new java.io.File(((pathPrefix + java.lang.Integer.toString(counter)) + .png)): null

2018-12-07 12:15:29 - [TEST_STEP][PASSED] - Statement - counter = counter + 1: null

2018-12-07 12:15:29 - [TEST_STEP][PASSED] - Statement - PreSaveFile = new java.io.File(((pathPrefix + java.lang.Integer.toString(counter)) + .png)): null

2018-12-07 12:15:29 - [TEST_STEP][PASSED] - Statement - counter = counter + 1: null

2018-12-07 12:15:29 - [TEST_STEP][PASSED] - Statement - PreSaveFile = new java.io.File(((pathPrefix + java.lang.Integer.toString(counter)) + .png)): null

2018-12-07 12:15:29 - [TEST_STEP][PASSED] - Statement - counter = counter + 1: null

2018-12-07 12:15:29 - [TEST_STEP][PASSED] - Statement - PreSaveFile = new java.io.File(((pathPrefix + java.lang.Integer.toString(counter)) + .png)): null

2018-12-07 12:15:29 - [TEST_STEP][PASSED] - Statement - counter = counter + 1: null

2018-12-07 12:15:29 - [TEST_STEP][PASSED] - Statement - PreSaveFile = new java.io.File(((pathPrefix + java.lang.Integer.toString(counter)) + .png)): null

2018-12-07 12:15:29 - [TEST_STEP][PASSED] - Statement - counter = counter + 1: null

2018-12-07 12:15:29 - [TEST_STEP][PASSED] - Statement - PreSaveFile = new java.io.File(((pathPrefix + java.lang.Integer.toString(counter)) + .png)): null

2018-12-07 12:15:29 - [TEST_STEP][PASSED] - Statement - counter = counter + 1: null

2018-12-07 12:15:29 - [TEST_STEP][PASSED] - Statement - PreSaveFile = new java.io.File(((pathPrefix + java.lang.Integer.toString(counter)) + .png)): null

2018-12-07 12:15:29 - [TEST_STEP][PASSED] - Statement - counter = counter + 1: null

2018-12-07 12:15:29 - [TEST_STEP][PASSED] - Statement - PreSaveFile = new java.io.File(((pathPrefix + java.lang.Integer.toString(counter)) + .png)): null

2018-12-07 12:15:29 - [TEST_STEP][PASSED] - Statement - finalPath = pathPrefix + java.lang.Integer.toString(counter) + ".png": null

2018-12-07 12:15:29 - [TEST_STEP][PASSED] - Statement - SaveFile = new java.io.File(finalPath): null

2018-12-07 12:15:29 - [TEST_STEP][PASSED] - Statement - Try: null

2018-12-07 12:15:29 - [TEST_STEP][PASSED] - Statement - org.apache.commons.io.FileUtils.copyFile(scrFile, SaveFile): null

2018-12-07 12:15:29 - [TEST_STEP][PASSED] - Statement - out.println("file kept"): null

2018-12-07 12:15:30 - [TEST_STEP][PASSED] - delay: Delayed 10 second(s)

2018-12-07 12:15:40 - [MESSAGE][PASSED] - Delayed 10 second(s)

2018-12-07 12:15:40 - [MESSAGE][PASSED] - Call Test Case 'Test Cases/Final Aug 2018 - PKS Automation/Common/Screenshoting tool' successfully

2018-12-07 12:15:40 - [TEST_STEP][PASSED] - callTestCase: Call Test Case 'Test Cases/Final Aug 2018 - PKS Automation/Registration Module/Log Out/log out avoiding katalon tagging' successfully

2018-12-07 12:15:40 - [TEST_CASE][PASSED] - Test Cases/Final Aug 2018 - PKS Automation/Registration Module/Log Out/log out avoiding katalon tagging: Test Cases/Final Aug 2018 - PKS Automation/Registration Module/Log Out/log out avoiding katalon tagging

2018-12-07 12:15:40 - [TEST_STEP][PASSED] - navigateToUrl: Navigate to 'https://assist2-uat.perkeso.gov.my/c/portal/logout' successfully

2018-12-07 12:15:40 - [MESSAGE][PASSED] - Navigate to 'https://assist2-uat.perkeso.gov.my/c/portal/logout' successfully

2018-12-07 12:15:40 - [MESSAGE][PASSED] - Call Test Case 'Test Cases/Final Aug 2018 - PKS Automation/Registration Module/Log Out/log out avoiding katalon tagging' successfully

2018-12-07 12:15:40 - [TEST_STEP][PASSED] - callTestCase: Call Test Case 'Test Cases/Final Aug 2018 - PKS Automation/Common/Workflow Owner Finder' successfully

2018-12-07 12:15:40 - [TEST_CASE][PASSED] - Test Cases/Final Aug 2018 - PKS Automation/Common/Workflow Owner Finder: Test Cases/Final Aug 2018 - PKS Automation/Common/Workflow Owner Finder

2018-12-07 12:15:40 - [TEST_STEP][PASSED] - openBrowser: Browser is opened with url: ''

2018-12-07 12:15:40 - [MESSAGE][WARNING] - A browser is already opened. Closing browser and opening a new one

2018-12-07 12:15:43 - [MESSAGE][PASSED] - Browser is opened with url: ''

2018-12-07 12:15:43 - [TEST_STEP][PASSED] - navigateToUrl: Navigate to 'https://assist2-uat.perkeso.gov.my/login' successfully

2018-12-07 12:15:45 - [MESSAGE][PASSED] - Navigate to 'https://assist2-uat.perkeso.gov.my/login' successfully

2018-12-07 12:15:45 - [TEST_STEP][PASSED] - delay: Delayed 5 second(s)

2018-12-07 12:15:50 - [MESSAGE][PASSED] - Delayed 5 second(s)

2018-12-07 12:15:50 - [TEST_STEP][PASSED] - setText: Text 'test@liferay.com' is set on object 'Object Repository/Final Object Repo/Login Page/Internal User/Email Address'

2018-12-07 12:15:50 - [MESSAGE][PASSED] - Text 'test@liferay.com' is set on object 'Object Repository/Final Object Repo/Login Page/Internal User/Email Address'

2018-12-07 12:15:50 - [TEST_STEP][PASSED] - click: Object: 'Object Repository/Final Object Repo/Login Page/Internal User/Next Button' is clicked on

2018-12-07 12:15:50 - [MESSAGE][PASSED] - Object: 'Object Repository/Final Object Repo/Login Page/Internal User/Next Button' is clicked on

2018-12-07 12:15:50 - [TEST_STEP][PASSED] - delay: Delayed 2 second(s)

2018-12-07 12:15:52 - [MESSAGE][PASSED] - Delayed 2 second(s)

2018-12-07 12:15:52 - [TEST_STEP][PASSED] - setText: Text 'test' is set on object 'Object Repository/Final Object Repo/Login Page/Internal User/Password'

2018-12-07 12:15:52 - [MESSAGE][PASSED] - Text 'test' is set on object 'Object Repository/Final Object Repo/Login Page/Internal User/Password'

2018-12-07 12:15:52 - [TEST_STEP][PASSED] - delay: Delayed 2 second(s)

2018-12-07 12:15:54 - [MESSAGE][PASSED] - Delayed 2 second(s)

2018-12-07 12:15:54 - [TEST_STEP][PASSED] - click: Object: 'Object Repository/Final Object Repo/Login Page/Internal User/Login Button' is clicked on

2018-12-07 12:15:55 - [MESSAGE][PASSED] - Object: 'Object Repository/Final Object Repo/Login Page/Internal User/Login Button' is clicked on

2018-12-07 12:15:55 - [TEST_STEP][PASSED] - Statement - tester = com.kms.katalon.core.testobject.ObjectRepository.findTestObject(Final Object Repo/Landing Page/Select to English): Finding Test Object with id 'Object Repository/Final Object Repo/Landing Page/Select to English'

2018-12-07 12:15:55 - [TEST_STEP][PASSED] - Statement - Try: Delayed 2 second(s)

2018-12-07 12:15:55 - [TEST_STEP][PASSED] - Statement - Checker = com.kms.katalon.core.webui.keyword.WebUiBuiltInKeywords.verifyElementNotPresent(tester, 3): Web element with id: 'Object Repository/Final Object Repo/Landing Page/Select to English' located by 'By.xpath: //a[@class = 'taglib-language-list-text' and @lang = 'en-US' and (contains(text(), 'EN') or contains(., 'EN'))]' is not present after '3' second(s)

2018-12-07 12:15:57 - [MESSAGE][PASSED] - Web element with id: 'Object Repository/Final Object Repo/Landing Page/Select to English' located by 'By.xpath: //a[@class = 'taglib-language-list-text' and @lang = 'en-US' and (contains(text(), 'EN') or contains(., 'EN'))]' is not present after '3' second(s)

2018-12-07 12:15:57 - [TEST_STEP][PASSED] - Statement - If (Checker == false): null

2018-12-07 12:15:57 - [TEST_STEP][PASSED] - delay: Delayed 2 second(s)

2018-12-07 12:15:59 - [MESSAGE][PASSED] - Delayed 2 second(s)

2018-12-07 12:15:59 - [TEST_STEP][PASSED] - delay: Delayed 5 second(s)

2018-12-07 12:16:04 - [MESSAGE][PASSED] - Delayed 5 second(s)

2018-12-07 12:16:04 - [TEST_STEP][PASSED] - mouseOver: Object: 'Object Repository/Final Object Repo/Landing Page/WorkFlow Menu' is hovered

2018-12-07 12:16:04 - [MESSAGE][PASSED] - Object: 'Object Repository/Final Object Repo/Landing Page/WorkFlow Menu' is hovered

2018-12-07 12:16:04 - [TEST_STEP][PASSED] - delay: Delayed 2 second(s)

2018-12-07 12:16:06 - [MESSAGE][PASSED] - Delayed 2 second(s)

2018-12-07 12:16:06 - [TEST_STEP][PASSED] - click: Object: 'Object Repository/Final Object Repo/Landing Page/Select to Workflow Listing' is clicked on

2018-12-07 12:16:07 - [MESSAGE][PASSED] - Object: 'Object Repository/Final Object Repo/Landing Page/Select to Workflow Listing' is clicked on

2018-12-07 12:16:07 - [TEST_STEP][PASSED] - delay: Delayed 2 second(s)

2018-12-07 12:16:09 - [MESSAGE][PASSED] - Delayed 2 second(s)

2018-12-07 12:16:09 - [TEST_STEP][PASSED] - click: Object: 'Object Repository/Final Object Repo/WorkFlow Listing Page/Search Information - To Put Ref No' is clicked on

2018-12-07 12:16:09 - [MESSAGE][PASSED] - Object: 'Object Repository/Final Object Repo/WorkFlow Listing Page/Search Information - To Put Ref No' is clicked on

2018-12-07 12:16:09 - [TEST_STEP][PASSED] - delay: Delayed 2 second(s)

2018-12-07 12:16:11 - [MESSAGE][PASSED] - Delayed 2 second(s)

2018-12-07 12:16:11 - [TEST_STEP][PASSED] - callTestCase: Call Test Case 'Test Cases/Final Aug 2018 - PKS Automation/Common/Reference Number Getter' successfully

2018-12-07 12:16:11 - [TEST_CASE][PASSED] - Test Cases/Final Aug 2018 - PKS Automation/Common/Reference Number Getter: Test Cases/Final Aug 2018 - PKS Automation/Common/Reference Number Getter

2018-12-07 12:16:11 - [TEST_STEP][PASSED] - Statement - Try: null

2018-12-07 12:16:11 - [TEST_STEP][PASSED] - Statement - RefNo = new java.io.File(C://Users//Admin//Desktop//PKS//Automation Reference Point//KatalonReference.txt): null

2018-12-07 12:16:11 - [TEST_STEP][PASSED] - Statement - bufferread = new java.io.BufferedReader(new java.io.FileReader(RefNo)): null

2018-12-07 12:16:11 - [TEST_STEP][PASSED] - Statement - readedVal = bufferread.readLine(): null

2018-12-07 12:16:11 - [TEST_STEP][PASSED] - Statement - out.println(CaseReferenceNo): null

2018-12-07 12:16:11 - [TEST_STEP][PASSED] - Statement - out.println(readedVal): null

2018-12-07 12:16:11 - [TEST_STEP][PASSED] - Statement - CaseReferenceNo = "": null

2018-12-07 12:16:11 - [TEST_STEP][PASSED] - Statement - CaseReferenceNo = readedVal: null

2018-12-07 12:16:11 - [MESSAGE][PASSED] - Call Test Case 'Test Cases/Final Aug 2018 - PKS Automation/Common/Reference Number Getter' successfully

2018-12-07 12:16:11 - [TEST_STEP][PASSED] - setText: Text 'CAN12201800002289' is set on object 'Object Repository/Final Object Repo/WorkFlow Listing Page/Ref No Set Text'

2018-12-07 12:16:12 - [MESSAGE][PASSED] - Text 'CAN12201800002289' is set on object 'Object Repository/Final Object Repo/WorkFlow Listing Page/Ref No Set Text'

2018-12-07 12:16:12 - [TEST_STEP][PASSED] - delay: Delayed 2 second(s)

2018-12-07 12:16:14 - [MESSAGE][PASSED] - Delayed 2 second(s)

2018-12-07 12:16:14 - [TEST_STEP][PASSED] - click: Object: 'Object Repository/Final Object Repo/WorkFlow Listing Page/Search Ref No Search Button' is clicked on

2018-12-07 12:16:14 - [MESSAGE][PASSED] - Object: 'Object Repository/Final Object Repo/WorkFlow Listing Page/Search Ref No Search Button' is clicked on

2018-12-07 12:16:14 - [TEST_STEP][PASSED] - delay: Delayed 6 second(s)

2018-12-07 12:16:20 - [MESSAGE][PASSED] - Delayed 6 second(s)

2018-12-07 12:16:20 - [TEST_STEP][PASSED] - click: Object: 'Object Repository/Final Object Repo/WorkFlow Listing Page/Click Continue Tooltip' is clicked on

2018-12-07 12:16:21 - [MESSAGE][PASSED] - Object: 'Object Repository/Final Object Repo/WorkFlow Listing Page/Click Continue Tooltip' is clicked on

2018-12-07 12:16:21 - [TEST_STEP][PASSED] - delay: Delayed 5 second(s)

2018-12-07 12:16:26 - [MESSAGE][PASSED] - Delayed 5 second(s)

2018-12-07 12:16:26 - [TEST_STEP][PASSED] - doubleClick: Object: 'Object Repository/Final Object Repo/WorkFlow Listing Page/Workflow Found - Listing 1' is double clicked on

2018-12-07 12:16:26 - [MESSAGE][PASSED] - Object: 'Object Repository/Final Object Repo/WorkFlow Listing Page/Workflow Found - Listing 1' is double clicked on

2018-12-07 12:16:26 - [TEST_STEP][PASSED] - Statement - println(OwnerID): null

2018-12-07 12:16:26 - [TEST_STEP][PASSED] - Statement - OwnerID = com.kms.katalon.core.webui.keyword.WebUiBuiltInKeywords.getText(com.kms.katalon.core.testobject.ObjectRepository.findTestObject(Final Object Repo/WorkFlow Listing Page/Workflow Found - Listing 1), STOP_ON_FAILURE): Text of object 'Object Repository/Final Object Repo/WorkFlow Listing Page/Workflow Found - Listing 1' is: 'JOHORro3'

2018-12-07 12:16:26 - [MESSAGE][PASSED] - Text of object 'Object Repository/Final Object Repo/WorkFlow Listing Page/Workflow Found - Listing 1' is: 'JOHORro3'

2018-12-07 12:16:26 - [TEST_STEP][PASSED] - Statement - OwnerID = OwnerID.toLowerCase() + "@gmail.com": null

2018-12-07 12:16:26 - [TEST_STEP][PASSED] - Statement - println(OwnerID): null

2018-12-07 12:16:26 - [TEST_STEP][PASSED] - delay: Delayed 2 second(s)

2018-12-07 12:16:28 - [MESSAGE][PASSED] - Delayed 2 second(s)

2018-12-07 12:16:28 - [MESSAGE][PASSED] - Call Test Case 'Test Cases/Final Aug 2018 - PKS Automation/Common/Workflow Owner Finder' successfully

2018-12-07 12:16:28 - [TEST_STEP][PASSED] - callTestCase: Call Test Case 'Test Cases/Final Aug 2018 - PKS Automation/Registration Module/Log Out/log out avoiding katalon tagging' successfully

2018-12-07 12:16:28 - [TEST_CASE][PASSED] - Test Cases/Final Aug 2018 - PKS Automation/Registration Module/Log Out/log out avoiding katalon tagging: Test Cases/Final Aug 2018 - PKS Automation/Registration Module/Log Out/log out avoiding katalon tagging

2018-12-07 12:16:28 - [TEST_STEP][PASSED] - navigateToUrl: Navigate to 'https://assist2-uat.perkeso.gov.my/c/portal/logout' successfully

2018-12-07 12:16:29 - [MESSAGE][PASSED] - Navigate to 'https://assist2-uat.perkeso.gov.my/c/portal/logout' successfully

2018-12-07 12:16:29 - [MESSAGE][PASSED] - Call Test Case 'Test Cases/Final Aug 2018 - PKS Automation/Registration Module/Log Out/log out avoiding katalon tagging' successfully

2018-12-07 12:16:29 - [TEST_STEP][PASSED] - delay: Delayed 2 second(s)

2018-12-07 12:16:31 - [MESSAGE][PASSED] - Delayed 2 second(s)

2018-12-07 12:16:31 - [TEST_STEP][PASSED] - setText: Text 'johorro3@gmail.com' is set on object 'Object Repository/Final Object Repo/Page_Update Add New Employee - ASSIST/Email TextBox'

2018-12-07 12:16:31 - [MESSAGE][PASSED] - Text 'johorro3@gmail.com' is set on object 'Object Repository/Final Object Repo/Page_Update Add New Employee - ASSIST/Email TextBox'

2018-12-07 12:16:31 - [TEST_STEP][PASSED] - click: Object: 'Object Repository/Final Object Repo/Page_Update Add New Employee - ASSIST/Next Button' is clicked on

2018-12-07 12:16:32 - [MESSAGE][PASSED] - Object: 'Object Repository/Final Object Repo/Page_Update Add New Employee - ASSIST/Next Button' is clicked on

2018-12-07 12:16:32 - [TEST_STEP][PASSED] - delay: Delayed 2 second(s)

2018-12-07 12:16:34 - [MESSAGE][PASSED] - Delayed 2 second(s)

2018-12-07 12:16:34 - [TEST_STEP][PASSED] - setText: Text 'Test1@3456789' is set on object 'Object Repository/Final Object Repo/Page_Update Add New Employee - ASSIST/Password TextBox'

2018-12-07 12:16:34 - [MESSAGE][PASSED] - Text 'Test1@3456789' is set on object 'Object Repository/Final Object Repo/Page_Update Add New Employee - ASSIST/Password TextBox'

2018-12-07 12:16:34 - [TEST_STEP][PASSED] - delay: Delayed 2 second(s)

2018-12-07 12:16:36 - [MESSAGE][PASSED] - Delayed 2 second(s)

2018-12-07 12:16:36 - [TEST_STEP][PASSED] - click: Object: 'Object Repository/Final Object Repo/Page_Update Add New Employee - ASSIST/Login Button' is clicked on

2018-12-07 12:16:36 - [MESSAGE][PASSED] - Object: 'Object Repository/Final Object Repo/Page_Update Add New Employee - ASSIST/Login Button' is clicked on

2018-12-07 12:16:36 - [TEST_STEP][PASSED] - delay: Delayed 4 second(s)

2018-12-07 12:16:40 - [MESSAGE][PASSED] - Delayed 4 second(s)

2018-12-07 12:16:40 - [TEST_STEP][PASSED] - Statement - Try: Delayed 2 second(s)

2018-12-07 12:16:40 - [TEST_STEP][PASSED] - Statement - Checker = false: null

2018-12-07 12:16:40 - [TEST_STEP][PASSED] - Statement - Checker = com.kms.katalon.core.webui.keyword.WebUiBuiltInKeywords.verifyElementHasAttribute(com.kms.katalon.core.testobject.ObjectRepository.findTestObject(Final Object Repo/Landing Page/BM Detecting), "href", 20, OPTIONAL): Object 'Object Repository/Final Object Repo/Landing Page/BM Detecting' has attribute 'href'

2018-12-07 12:16:40 - [MESSAGE][PASSED] - Object 'Object Repository/Final Object Repo/Landing Page/BM Detecting' has attribute 'href'

2018-12-07 12:16:40 - [TEST_STEP][PASSED] - Statement - out.println(Checker): null

2018-12-07 12:16:40 - [TEST_STEP][PASSED] - Statement - If (Checker == false): null

2018-12-07 12:16:40 - [TEST_STEP][PASSED] - Statement - Else: null

2018-12-07 12:16:40 - [TEST_STEP][PASSED] - delay: Delayed 2 second(s)

2018-12-07 12:16:42 - [MESSAGE][PASSED] - Delayed 2 second(s)

2018-12-07 12:16:42 - [TEST_STEP][PASSED] - delay: Delayed 4 second(s)

2018-12-07 12:16:46 - [MESSAGE][PASSED] - Delayed 4 second(s)

2018-12-07 12:16:46 - [TEST_STEP][PASSED] - click: Object: 'Object Repository/Final Object Repo/New Registration - Registration Module Pages/New Reg - OTC to RO/Special Case - All Related Objects/Expand to Search' is clicked on

2018-12-07 12:16:46 - [MESSAGE][PASSED] - Object: 'Object Repository/Final Object Repo/New Registration - Registration Module Pages/New Reg - OTC to RO/Special Case - All Related Objects/Expand to Search' is clicked on

2018-12-07 12:16:46 - [TEST_STEP][PASSED] - delay: Delayed 2 second(s)

2018-12-07 12:16:48 - [MESSAGE][PASSED] - Delayed 2 second(s)

2018-12-07 12:16:48 - [TEST_STEP][PASSED] - setText: Text 'CAN12201800002289' is set on object 'Object Repository/Final Object Repo/New Registration - Registration Module Pages/New Reg - OTC to RO/Special Case - All Related Objects/TextBox RefNo in Workbasket'

2018-12-07 12:16:49 - [MESSAGE][PASSED] - Text 'CAN12201800002289' is set on object 'Object Repository/Final Object Repo/New Registration - Registration Module Pages/New Reg - OTC to RO/Special Case - All Related Objects/TextBox RefNo in Workbasket'

2018-12-07 12:16:49 - [TEST_STEP][PASSED] - delay: Delayed 2 second(s)

2018-12-07 12:16:51 - [MESSAGE][PASSED] - Delayed 2 second(s)

2018-12-07 12:16:51 - [TEST_STEP][PASSED] - click: Object: 'Object Repository/Final Object Repo/New Registration - Registration Module Pages/New Reg - OTC to RO/Special Case - All Related Objects/Click Search' is clicked on

2018-12-07 12:16:51 - [MESSAGE][PASSED] - Object: 'Object Repository/Final Object Repo/New Registration - Registration Module Pages/New Reg - OTC to RO/Special Case - All Related Objects/Click Search' is clicked on

2018-12-07 12:16:51 - [TEST_STEP][PASSED] - delay: Delayed 2 second(s)

2018-12-07 12:16:53 - [MESSAGE][PASSED] - Delayed 2 second(s)

2018-12-07 12:16:53 - [TEST_STEP][PASSED] - click: Object: 'Object Repository/Final Object Repo/New Registration - Registration Module Pages/New Reg - OTC to RO/Special Case - All Related Objects/Click to Continue Workflow' is clicked on

2018-12-07 12:16:57 - [MESSAGE][PASSED] - Object: 'Object Repository/Final Object Repo/New Registration - Registration Module Pages/New Reg - OTC to RO/Special Case - All Related Objects/Click to Continue Workflow' is clicked on

2018-12-07 12:16:57 - [TEST_STEP][PASSED] - delay: Delayed 10 second(s)

2018-12-07 12:17:07 - [MESSAGE][PASSED] - Delayed 10 second(s)

2018-12-07 12:17:07 - [TEST_STEP][PASSED] - click: Object: 'Object Repository/Final Object Repo/New Registration - Registration Module Pages/New Reg - OTC to RO/Special Case - All Related Objects/Continue Button in verifying case' is clicked on

2018-12-07 12:17:10 - [MESSAGE][PASSED] - Object: 'Object Repository/Final Object Repo/New Registration - Registration Module Pages/New Reg - OTC to RO/Special Case - All Related Objects/Continue Button in verifying case' is clicked on

2018-12-07 12:17:10 - [TEST_STEP][PASSED] - delay: Delayed 2 second(s)

2018-12-07 12:17:12 - [MESSAGE][PASSED] - Delayed 2 second(s)

2018-12-07 12:17:12 - [TEST_STEP][PASSED] - click: Object: 'Object Repository/Final Object Repo/Page_Update Add New Employee - ASSIST/Save  Continue Button' is clicked on

2018-12-07 12:17:12 - [MESSAGE][PASSED] - Object: 'Object Repository/Final Object Repo/Page_Update Add New Employee - ASSIST/Save  Continue Button' is clicked on

2018-12-07 12:17:12 - [TEST_STEP][PASSED] - delay: Delayed 4 second(s)

2018-12-07 12:17:16 - [MESSAGE][PASSED] - Delayed 4 second(s)

2018-12-07 12:17:16 - [TEST_STEP][PASSED] - click: Object: 'Object Repository/Final Object Repo/Page_Update Add New Employee - ASSIST/Save  Continue Third Screen' is clicked on

2018-12-07 12:17:20 - [MESSAGE][PASSED] - Object: 'Object Repository/Final Object Repo/Page_Update Add New Employee - ASSIST/Save  Continue Third Screen' is clicked on

2018-12-07 12:17:20 - [TEST_STEP][PASSED] - delay: Delayed 4 second(s)

2018-12-07 12:17:24 - [MESSAGE][PASSED] - Delayed 4 second(s)

2018-12-07 12:17:24 - [TEST_STEP][PASSED] - click: Object: 'Object Repository/Final Object Repo/Page_Update Add New Employee - ASSIST/Save   Continue Supporting Doc Page' is clicked on

2018-12-07 12:17:24 - [MESSAGE][PASSED] - Object: 'Object Repository/Final Object Repo/Page_Update Add New Employee - ASSIST/Save   Continue Supporting Doc Page' is clicked on

2018-12-07 12:17:24 - [TEST_STEP][PASSED] - delay: Delayed 4 second(s)

2018-12-07 12:17:28 - [MESSAGE][PASSED] - Delayed 4 second(s)

2018-12-07 12:17:28 - [TEST_STEP][PASSED] - click: Object: 'Object Repository/Final Object Repo/Page_Update Add New Employee - ASSIST/Submit Button' is clicked on

2018-12-07 12:17:28 - [MESSAGE][PASSED] - Object: 'Object Repository/Final Object Repo/Page_Update Add New Employee - ASSIST/Submit Button' is clicked on

2018-12-07 12:17:28 - [TEST_STEP][PASSED] - delay: Delayed 4 second(s)

2018-12-07 12:17:32 - [MESSAGE][PASSED] - Delayed 4 second(s)

2018-12-07 12:17:32 - [TEST_STEP][PASSED] - click: Object: 'Object Repository/Final Object Repo/Page_Update Add New Employee - ASSIST/Confirm Submit Button' is clicked on

2018-12-07 12:17:32 - [MESSAGE][PASSED] - Object: 'Object Repository/Final Object Repo/Page_Update Add New Employee - ASSIST/Confirm Submit Button' is clicked on

2018-12-07 12:17:32 - [TEST_STEP][PASSED] - delay: Delayed 30 second(s)

2018-12-07 12:18:02 - [MESSAGE][PASSED] - Delayed 30 second(s)

2018-12-07 12:18:02 - [TEST_STEP][PASSED] - callTestCase: Call Test Case 'Test Cases/Final Aug 2018 - PKS Automation/Common/Screenshoting tool' successfully

2018-12-07 12:18:02 - [TEST_CASE][PASSED] - Test Cases/Final Aug 2018 - PKS Automation/Common/Screenshoting tool: Test Cases/Final Aug 2018 - PKS Automation/Common/Screenshoting tool

2018-12-07 12:18:02 - [TEST_STEP][PASSED] - delay: Delayed 15 second(s)

2018-12-07 12:18:17 - [MESSAGE][PASSED] - Delayed 15 second(s)

2018-12-07 12:18:17 - [TEST_STEP][PASSED] - Statement - driver = com.kms.katalon.core.webui.driver.DriverFactory.getWebDriver(): null

2018-12-07 12:18:17 - [TEST_STEP][PASSED] - Statement - driver.manage().timeouts().implicitlyWait(10, SECONDS): null

2018-12-07 12:18:17 - [TEST_STEP][PASSED] - Statement - PresavePath = KatalonScreenshots: null

2018-12-07 12:18:17 - [TEST_STEP][PASSED] - Statement - pathPrefix = "C:\Users\Public\Pictures\Sample Pictures\Katalon Screenshots\Automate Ending Screen": null

2018-12-07 12:18:17 - [TEST_STEP][PASSED] - Statement - finalPath = <not implemented yet for class: org.codehaus.groovy.ast.expr.EmptyExpression>: null

2018-12-07 12:18:17 - [TEST_STEP][PASSED] - Statement - scrFile = driver.getScreenshotAs(FILE): null

2018-12-07 12:18:18 - [TEST_STEP][PASSED] - Statement - PreSaveFile = new java.io.File(PresavePath): null

2018-12-07 12:18:18 - [TEST_STEP][PASSED] - Statement - counter = 0: null

2018-12-07 12:18:18 - [TEST_STEP][PASSED] - Statement - If (PreSaveFile.exists()): null

2018-12-07 12:18:18 - [TEST_STEP][PASSED] - Statement - While (PreSaveFile.exists()): null

2018-12-07 12:18:18 - [TEST_STEP][PASSED] - Statement - counter = counter + 1: null

2018-12-07 12:18:18 - [TEST_STEP][PASSED] - Statement - PreSaveFile = new java.io.File(((pathPrefix + java.lang.Integer.toString(counter)) + .png)): null

2018-12-07 12:18:18 - [TEST_STEP][PASSED] - Statement - counter = counter + 1: null

2018-12-07 12:18:18 - [TEST_STEP][PASSED] - Statement - PreSaveFile = new java.io.File(((pathPrefix + java.lang.Integer.toString(counter)) + .png)): null

2018-12-07 12:18:18 - [TEST_STEP][PASSED] - Statement - counter = counter + 1: null

2018-12-07 12:18:18 - [TEST_STEP][PASSED] - Statement - PreSaveFile = new java.io.File(((pathPrefix + java.lang.Integer.toString(counter)) + .png)): null

2018-12-07 12:18:18 - [TEST_STEP][PASSED] - Statement - counter = counter + 1: null

2018-12-07 12:18:18 - [TEST_STEP][PASSED] - Statement - PreSaveFile = new java.io.File(((pathPrefix + java.lang.Integer.toString(counter)) + .png)): null

2018-12-07 12:18:18 - [TEST_STEP][PASSED] - Statement - counter = counter + 1: null

2018-12-07 12:18:18 - [TEST_STEP][PASSED] - Statement - PreSaveFile = new java.io.File(((pathPrefix + java.lang.Integer.toString(counter)) + .png)): null

2018-12-07 12:18:18 - [TEST_STEP][PASSED] - Statement - counter = counter + 1: null

2018-12-07 12:18:18 - [TEST_STEP][PASSED] - Statement - PreSaveFile = new java.io.File(((pathPrefix + java.lang.Integer.toString(counter)) + .png)): null

2018-12-07 12:18:18 - [TEST_STEP][PASSED] - Statement - counter = counter + 1: null

2018-12-07 12:18:18 - [TEST_STEP][PASSED] - Statement - PreSaveFile = new java.io.File(((pathPrefix + java.lang.Integer.toString(counter)) + .png)): null

2018-12-07 12:18:18 - [TEST_STEP][PASSED] - Statement - counter = counter + 1: null

2018-12-07 12:18:18 - [TEST_STEP][PASSED] - Statement - PreSaveFile = new java.io.File(((pathPrefix + java.lang.Integer.toString(counter)) + .png)): null

2018-12-07 12:18:18 - [TEST_STEP][PASSED] - Statement - counter = counter + 1: null

2018-12-07 12:18:18 - [TEST_STEP][PASSED] - Statement - PreSaveFile = new java.io.File(((pathPrefix + java.lang.Integer.toString(counter)) + .png)): null

2018-12-07 12:18:18 - [TEST_STEP][PASSED] - Statement - counter = counter + 1: null

2018-12-07 12:18:18 - [TEST_STEP][PASSED] - Statement - PreSaveFile = new java.io.File(((pathPrefix + java.lang.Integer.toString(counter)) + .png)): null

2018-12-07 12:18:18 - [TEST_STEP][PASSED] - Statement - counter = counter + 1: null

2018-12-07 12:18:18 - [TEST_STEP][PASSED] - Statement - PreSaveFile = new java.io.File(((pathPrefix + java.lang.Integer.toString(counter)) + .png)): null

2018-12-07 12:18:18 - [TEST_STEP][PASSED] - Statement - counter = counter + 1: null

2018-12-07 12:18:18 - [TEST_STEP][PASSED] - Statement - PreSaveFile = new java.io.File(((pathPrefix + java.lang.Integer.toString(counter)) + .png)): null

2018-12-07 12:18:18 - [TEST_STEP][PASSED] - Statement - counter = counter + 1: null

2018-12-07 12:18:18 - [TEST_STEP][PASSED] - Statement - PreSaveFile = new java.io.File(((pathPrefix + java.lang.Integer.toString(counter)) + .png)): null

2018-12-07 12:18:18 - [TEST_STEP][PASSED] - Statement - counter = counter + 1: null

2018-12-07 12:18:18 - [TEST_STEP][PASSED] - Statement - PreSaveFile = new java.io.File(((pathPrefix + java.lang.Integer.toString(counter)) + .png)): null

2018-12-07 12:18:18 - [TEST_STEP][PASSED] - Statement - counter = counter + 1: null

2018-12-07 12:18:18 - [TEST_STEP][PASSED] - Statement - PreSaveFile = new java.io.File(((pathPrefix + java.lang.Integer.toString(counter)) + .png)): null

2018-12-07 12:18:18 - [TEST_STEP][PASSED] - Statement - counter = counter + 1: null

2018-12-07 12:18:18 - [TEST_STEP][PASSED] - Statement - PreSaveFile = new java.io.File(((pathPrefix + java.lang.Integer.toString(counter)) + .png)): null

2018-12-07 12:18:18 - [TEST_STEP][PASSED] - Statement - counter = counter + 1: null

2018-12-07 12:18:18 - [TEST_STEP][PASSED] - Statement - PreSaveFile = new java.io.File(((pathPrefix + java.lang.Integer.toString(counter)) + .png)): null

2018-12-07 12:18:18 - [TEST_STEP][PASSED] - Statement - counter = counter + 1: null

2018-12-07 12:18:18 - [TEST_STEP][PASSED] - Statement - PreSaveFile = new java.io.File(((pathPrefix + java.lang.Integer.toString(counter)) + .png)): null

2018-12-07 12:18:18 - [TEST_STEP][PASSED] - Statement - counter = counter + 1: null

2018-12-07 12:18:18 - [TEST_STEP][PASSED] - Statement - PreSaveFile = new java.io.File(((pathPrefix + java.lang.Integer.toString(counter)) + .png)): null

2018-12-07 12:18:18 - [TEST_STEP][PASSED] - Statement - counter = counter + 1: null

2018-12-07 12:18:18 - [TEST_STEP][PASSED] - Statement - PreSaveFile = new java.io.File(((pathPrefix + java.lang.Integer.toString(counter)) + .png)): null

2018-12-07 12:18:18 - [TEST_STEP][PASSED] - Statement - counter = counter + 1: null

2018-12-07 12:18:18 - [TEST_STEP][PASSED] - Statement - PreSaveFile = new java.io.File(((pathPrefix + java.lang.Integer.toString(counter)) + .png)): null

2018-12-07 12:18:18 - [TEST_STEP][PASSED] - Statement - counter = counter + 1: null

2018-12-07 12:18:18 - [TEST_STEP][PASSED] - Statement - PreSaveFile = new java.io.File(((pathPrefix + java.lang.Integer.toString(counter)) + .png)): null

2018-12-07 12:18:18 - [TEST_STEP][PASSED] - Statement - counter = counter + 1: null

2018-12-07 12:18:18 - [TEST_STEP][PASSED] - Statement - PreSaveFile = new java.io.File(((pathPrefix + java.lang.Integer.toString(counter)) + .png)): null

2018-12-07 12:18:18 - [TEST_STEP][PASSED] - Statement - counter = counter + 1: null

2018-12-07 12:18:19 - [TEST_STEP][PASSED] - Statement - PreSaveFile = new java.io.File(((pathPrefix + java.lang.Integer.toString(counter)) + .png)): null

2018-12-07 12:18:19 - [TEST_STEP][PASSED] - Statement - counter = counter + 1: null

2018-12-07 12:18:19 - [TEST_STEP][PASSED] - Statement - PreSaveFile = new java.io.File(((pathPrefix + java.lang.Integer.toString(counter)) + .png)): null

2018-12-07 12:18:19 - [TEST_STEP][PASSED] - Statement - counter = counter + 1: null

2018-12-07 12:18:19 - [TEST_STEP][PASSED] - Statement - PreSaveFile = new java.io.File(((pathPrefix + java.lang.Integer.toString(counter)) + .png)): null

2018-12-07 12:18:19 - [TEST_STEP][PASSED] - Statement - counter = counter + 1: null

2018-12-07 12:18:19 - [TEST_STEP][PASSED] - Statement - PreSaveFile = new java.io.File(((pathPrefix + java.lang.Integer.toString(counter)) + .png)): null

2018-12-07 12:18:19 - [TEST_STEP][PASSED] - Statement - counter = counter + 1: null

2018-12-07 12:18:19 - [TEST_STEP][PASSED] - Statement - PreSaveFile = new java.io.File(((pathPrefix + java.lang.Integer.toString(counter)) + .png)): null

2018-12-07 12:18:19 - [TEST_STEP][PASSED] - Statement - counter = counter + 1: null

2018-12-07 12:18:19 - [TEST_STEP][PASSED] - Statement - PreSaveFile = new java.io.File(((pathPrefix + java.lang.Integer.toString(counter)) + .png)): null

2018-12-07 12:18:19 - [TEST_STEP][PASSED] - Statement - counter = counter + 1: null

2018-12-07 12:18:19 - [TEST_STEP][PASSED] - Statement - PreSaveFile = new java.io.File(((pathPrefix + java.lang.Integer.toString(counter)) + .png)): null

2018-12-07 12:18:19 - [TEST_STEP][PASSED] - Statement - counter = counter + 1: null

2018-12-07 12:18:19 - [TEST_STEP][PASSED] - Statement - PreSaveFile = new java.io.File(((pathPrefix + java.lang.Integer.toString(counter)) + .png)): null

2018-12-07 12:18:19 - [TEST_STEP][PASSED] - Statement - counter = counter + 1: null

2018-12-07 12:18:19 - [TEST_STEP][PASSED] - Statement - PreSaveFile = new java.io.File(((pathPrefix + java.lang.Integer.toString(counter)) + .png)): null

2018-12-07 12:18:19 - [TEST_STEP][PASSED] - Statement - counter = counter + 1: null

2018-12-07 12:18:19 - [TEST_STEP][PASSED] - Statement - PreSaveFile = new java.io.File(((pathPrefix + java.lang.Integer.toString(counter)) + .png)): null

2018-12-07 12:18:19 - [TEST_STEP][PASSED] - Statement - counter = counter + 1: null

2018-12-07 12:18:19 - [TEST_STEP][PASSED] - Statement - PreSaveFile = new java.io.File(((pathPrefix + java.lang.Integer.toString(counter)) + .png)): null

2018-12-07 12:18:19 - [TEST_STEP][PASSED] - Statement - counter = counter + 1: null

2018-12-07 12:18:19 - [TEST_STEP][PASSED] - Statement - PreSaveFile = new java.io.File(((pathPrefix + java.lang.Integer.toString(counter)) + .png)): null

2018-12-07 12:18:19 - [TEST_STEP][PASSED] - Statement - counter = counter + 1: null

2018-12-07 12:18:19 - [TEST_STEP][PASSED] - Statement - PreSaveFile = new java.io.File(((pathPrefix + java.lang.Integer.toString(counter)) + .png)): null

2018-12-07 12:18:19 - [TEST_STEP][PASSED] - Statement - counter = counter + 1: null

2018-12-07 12:18:19 - [TEST_STEP][PASSED] - Statement - PreSaveFile = new java.io.File(((pathPrefix + java.lang.Integer.toString(counter)) + .png)): null

2018-12-07 12:18:19 - [TEST_STEP][PASSED] - Statement - counter = counter + 1: null

2018-12-07 12:18:19 - [TEST_STEP][PASSED] - Statement - PreSaveFile = new java.io.File(((pathPrefix + java.lang.Integer.toString(counter)) + .png)): null

2018-12-07 12:18:19 - [TEST_STEP][PASSED] - Statement - counter = counter + 1: null

2018-12-07 12:18:19 - [TEST_STEP][PASSED] - Statement - PreSaveFile = new java.io.File(((pathPrefix + java.lang.Integer.toString(counter)) + .png)): null

2018-12-07 12:18:19 - [TEST_STEP][PASSED] - Statement - counter = counter + 1: null

2018-12-07 12:18:19 - [TEST_STEP][PASSED] - Statement - PreSaveFile = new java.io.File(((pathPrefix + java.lang.Integer.toString(counter)) + .png)): null

2018-12-07 12:18:19 - [TEST_STEP][PASSED] - Statement - counter = counter + 1: null

2018-12-07 12:18:19 - [TEST_STEP][PASSED] - Statement - PreSaveFile = new java.io.File(((pathPrefix + java.lang.Integer.toString(counter)) + .png)): null

2018-12-07 12:18:19 - [TEST_STEP][PASSED] - Statement - counter = counter + 1: null

2018-12-07 12:18:19 - [TEST_STEP][PASSED] - Statement - PreSaveFile = new java.io.File(((pathPrefix + java.lang.Integer.toString(counter)) + .png)): null

2018-12-07 12:18:19 - [TEST_STEP][PASSED] - Statement - counter = counter + 1: null

2018-12-07 12:18:20 - [TEST_STEP][PASSED] - Statement - PreSaveFile = new java.io.File(((pathPrefix + java.lang.Integer.toString(counter)) + .png)): null

2018-12-07 12:18:20 - [TEST_STEP][PASSED] - Statement - counter = counter + 1: null

2018-12-07 12:18:20 - [TEST_STEP][PASSED] - Statement - PreSaveFile = new java.io.File(((pathPrefix + java.lang.Integer.toString(counter)) + .png)): null

2018-12-07 12:18:20 - [TEST_STEP][PASSED] - Statement - counter = counter + 1: null

2018-12-07 12:18:20 - [TEST_STEP][PASSED] - Statement - PreSaveFile = new java.io.File(((pathPrefix + java.lang.Integer.toString(counter)) + .png)): null

2018-12-07 12:18:20 - [TEST_STEP][PASSED] - Statement - counter = counter + 1: null

2018-12-07 12:18:20 - [TEST_STEP][PASSED] - Statement - PreSaveFile = new java.io.File(((pathPrefix + java.lang.Integer.toString(counter)) + .png)): null

2018-12-07 12:18:20 - [TEST_STEP][PASSED] - Statement - counter = counter + 1: null

2018-12-07 12:18:20 - [TEST_STEP][PASSED] - Statement - PreSaveFile = new java.io.File(((pathPrefix + java.lang.Integer.toString(counter)) + .png)): null

2018-12-07 12:18:20 - [TEST_STEP][PASSED] - Statement - counter = counter + 1: null

2018-12-07 12:18:20 - [TEST_STEP][PASSED] - Statement - PreSaveFile = new java.io.File(((pathPrefix + java.lang.Integer.toString(counter)) + .png)): null

2018-12-07 12:18:20 - [TEST_STEP][PASSED] - Statement - counter = counter + 1: null

2018-12-07 12:18:20 - [TEST_STEP][PASSED] - Statement - PreSaveFile = new java.io.File(((pathPrefix + java.lang.Integer.toString(counter)) + .png)): null

2018-12-07 12:18:20 - [TEST_STEP][PASSED] - Statement - counter = counter + 1: null

2018-12-07 12:18:20 - [TEST_STEP][PASSED] - Statement - PreSaveFile = new java.io.File(((pathPrefix + java.lang.Integer.toString(counter)) + .png)): null

2018-12-07 12:18:20 - [TEST_STEP][PASSED] - Statement - counter = counter + 1: null

2018-12-07 12:18:20 - [TEST_STEP][PASSED] - Statement - PreSaveFile = new java.io.File(((pathPrefix + java.lang.Integer.toString(counter)) + .png)): null

2018-12-07 12:18:20 - [TEST_STEP][PASSED] - Statement - counter = counter + 1: null

2018-12-07 12:18:20 - [TEST_STEP][PASSED] - Statement - PreSaveFile = new java.io.File(((pathPrefix + java.lang.Integer.toString(counter)) + .png)): null

2018-12-07 12:18:20 - [TEST_STEP][PASSED] - Statement - counter = counter + 1: null

2018-12-07 12:18:20 - [TEST_STEP][PASSED] - Statement - PreSaveFile = new java.io.File(((pathPrefix + java.lang.Integer.toString(counter)) + .png)): null

2018-12-07 12:18:20 - [TEST_STEP][PASSED] - Statement - counter = counter + 1: null

2018-12-07 12:18:20 - [TEST_STEP][PASSED] - Statement - PreSaveFile = new java.io.File(((pathPrefix + java.lang.Integer.toString(counter)) + .png)): null

2018-12-07 12:18:20 - [TEST_STEP][PASSED] - Statement - counter = counter + 1: null

2018-12-07 12:18:20 - [TEST_STEP][PASSED] - Statement - PreSaveFile = new java.io.File(((pathPrefix + java.lang.Integer.toString(counter)) + .png)): null

2018-12-07 12:18:20 - [TEST_STEP][PASSED] - Statement - counter = counter + 1: null

2018-12-07 12:18:20 - [TEST_STEP][PASSED] - Statement - PreSaveFile = new java.io.File(((pathPrefix + java.lang.Integer.toString(counter)) + .png)): null

2018-12-07 12:18:20 - [TEST_STEP][PASSED] - Statement - counter = counter + 1: null

2018-12-07 12:18:20 - [TEST_STEP][PASSED] - Statement - PreSaveFile = new java.io.File(((pathPrefix + java.lang.Integer.toString(counter)) + .png)): null

2018-12-07 12:18:20 - [TEST_STEP][PASSED] - Statement - counter = counter + 1: null

2018-12-07 12:18:20 - [TEST_STEP][PASSED] - Statement - PreSaveFile = new java.io.File(((pathPrefix + java.lang.Integer.toString(counter)) + .png)): null

2018-12-07 12:18:20 - [TEST_STEP][PASSED] - Statement - counter = counter + 1: null

2018-12-07 12:18:20 - [TEST_STEP][PASSED] - Statement - PreSaveFile = new java.io.File(((pathPrefix + java.lang.Integer.toString(counter)) + .png)): null

2018-12-07 12:18:20 - [TEST_STEP][PASSED] - Statement - counter = counter + 1: null

2018-12-07 12:18:20 - [TEST_STEP][PASSED] - Statement - PreSaveFile = new java.io.File(((pathPrefix + java.lang.Integer.toString(counter)) + .png)): null

2018-12-07 12:18:20 - [TEST_STEP][PASSED] - Statement - counter = counter + 1: null

2018-12-07 12:18:20 - [TEST_STEP][PASSED] - Statement - PreSaveFile = new java.io.File(((pathPrefix + java.lang.Integer.toString(counter)) + .png)): null

2018-12-07 12:18:20 - [TEST_STEP][PASSED] - Statement - counter = counter + 1: null

2018-12-07 12:18:21 - [TEST_STEP][PASSED] - Statement - PreSaveFile = new java.io.File(((pathPrefix + java.lang.Integer.toString(counter)) + .png)): null

2018-12-07 12:18:21 - [TEST_STEP][PASSED] - Statement - counter = counter + 1: null

2018-12-07 12:18:21 - [TEST_STEP][PASSED] - Statement - PreSaveFile = new java.io.File(((pathPrefix + java.lang.Integer.toString(counter)) + .png)): null

2018-12-07 12:18:21 - [TEST_STEP][PASSED] - Statement - counter = counter + 1: null

2018-12-07 12:18:21 - [TEST_STEP][PASSED] - Statement - PreSaveFile = new java.io.File(((pathPrefix + java.lang.Integer.toString(counter)) + .png)): null

2018-12-07 12:18:21 - [TEST_STEP][PASSED] - Statement - counter = counter + 1: null

2018-12-07 12:18:21 - [TEST_STEP][PASSED] - Statement - PreSaveFile = new java.io.File(((pathPrefix + java.lang.Integer.toString(counter)) + .png)): null

2018-12-07 12:18:21 - [TEST_STEP][PASSED] - Statement - counter = counter + 1: null

2018-12-07 12:18:21 - [TEST_STEP][PASSED] - Statement - PreSaveFile = new java.io.File(((pathPrefix + java.lang.Integer.toString(counter)) + .png)): null

2018-12-07 12:18:21 - [TEST_STEP][PASSED] - Statement - counter = counter + 1: null

2018-12-07 12:18:21 - [TEST_STEP][PASSED] - Statement - PreSaveFile = new java.io.File(((pathPrefix + java.lang.Integer.toString(counter)) + .png)): null

2018-12-07 12:18:21 - [TEST_STEP][PASSED] - Statement - counter = counter + 1: null

2018-12-07 12:18:21 - [TEST_STEP][PASSED] - Statement - PreSaveFile = new java.io.File(((pathPrefix + java.lang.Integer.toString(counter)) + .png)): null

2018-12-07 12:18:21 - [TEST_STEP][PASSED] - Statement - counter = counter + 1: null

2018-12-07 12:18:21 - [TEST_STEP][PASSED] - Statement - PreSaveFile = new java.io.File(((pathPrefix + java.lang.Integer.toString(counter)) + .png)): null

2018-12-07 12:18:21 - [TEST_STEP][PASSED] - Statement - counter = counter + 1: null

2018-12-07 12:18:21 - [TEST_STEP][PASSED] - Statement - PreSaveFile = new java.io.File(((pathPrefix + java.lang.Integer.toString(counter)) + .png)): null

2018-12-07 12:18:21 - [TEST_STEP][PASSED] - Statement - counter = counter + 1: null

2018-12-07 12:18:21 - [TEST_STEP][PASSED] - Statement - PreSaveFile = new java.io.File(((pathPrefix + java.lang.Integer.toString(counter)) + .png)): null

2018-12-07 12:18:21 - [TEST_STEP][PASSED] - Statement - counter = counter + 1: null

2018-12-07 12:18:21 - [TEST_STEP][PASSED] - Statement - PreSaveFile = new java.io.File(((pathPrefix + java.lang.Integer.toString(counter)) + .png)): null

2018-12-07 12:18:21 - [TEST_STEP][PASSED] - Statement - counter = counter + 1: null

2018-12-07 12:18:21 - [TEST_STEP][PASSED] - Statement - PreSaveFile = new java.io.File(((pathPrefix + java.lang.Integer.toString(counter)) + .png)): null

2018-12-07 12:18:21 - [TEST_STEP][PASSED] - Statement - counter = counter + 1: null

2018-12-07 12:18:21 - [TEST_STEP][PASSED] - Statement - PreSaveFile = new java.io.File(((pathPrefix + java.lang.Integer.toString(counter)) + .png)): null

2018-12-07 12:18:21 - [TEST_STEP][PASSED] - Statement - counter = counter + 1: null

2018-12-07 12:18:21 - [TEST_STEP][PASSED] - Statement - PreSaveFile = new java.io.File(((pathPrefix + java.lang.Integer.toString(counter)) + .png)): null

2018-12-07 12:18:21 - [TEST_STEP][PASSED] - Statement - counter = counter + 1: null

2018-12-07 12:18:21 - [TEST_STEP][PASSED] - Statement - PreSaveFile = new java.io.File(((pathPrefix + java.lang.Integer.toString(counter)) + .png)): null

2018-12-07 12:18:21 - [TEST_STEP][PASSED] - Statement - counter = counter + 1: null

2018-12-07 12:18:22 - [TEST_STEP][PASSED] - Statement - PreSaveFile = new java.io.File(((pathPrefix + java.lang.Integer.toString(counter)) + .png)): null

2018-12-07 12:18:22 - [TEST_STEP][PASSED] - Statement - counter = counter + 1: null

2018-12-07 12:18:22 - [TEST_STEP][PASSED] - Statement - PreSaveFile = new java.io.File(((pathPrefix + java.lang.Integer.toString(counter)) + .png)): null

2018-12-07 12:18:22 - [TEST_STEP][PASSED] - Statement - counter = counter + 1: null

2018-12-07 12:18:22 - [TEST_STEP][PASSED] - Statement - PreSaveFile = new java.io.File(((pathPrefix + java.lang.Integer.toString(counter)) + .png)): null

2018-12-07 12:18:22 - [TEST_STEP][PASSED] - Statement - counter = counter + 1: null

2018-12-07 12:18:22 - [TEST_STEP][PASSED] - Statement - PreSaveFile = new java.io.File(((pathPrefix + java.lang.Integer.toString(counter)) + .png)): null

2018-12-07 12:18:22 - [TEST_STEP][PASSED] - Statement - counter = counter + 1: null

2018-12-07 12:18:22 - [TEST_STEP][PASSED] - Statement - PreSaveFile = new java.io.File(((pathPrefix + java.lang.Integer.toString(counter)) + .png)): null

2018-12-07 12:18:22 - [TEST_STEP][PASSED] - Statement - counter = counter + 1: null

2018-12-07 12:18:22 - [TEST_STEP][PASSED] - Statement - PreSaveFile = new java.io.File(((pathPrefix + java.lang.Integer.toString(counter)) + .png)): null

2018-12-07 12:18:22 - [TEST_STEP][PASSED] - Statement - counter = counter + 1: null

2018-12-07 12:18:22 - [TEST_STEP][PASSED] - Statement - PreSaveFile = new java.io.File(((pathPrefix + java.lang.Integer.toString(counter)) + .png)): null

2018-12-07 12:18:22 - [TEST_STEP][PASSED] - Statement - counter = counter + 1: null

2018-12-07 12:18:22 - [TEST_STEP][PASSED] - Statement - PreSaveFile = new java.io.File(((pathPrefix + java.lang.Integer.toString(counter)) + .png)): null

2018-12-07 12:18:22 - [TEST_STEP][PASSED] - Statement - counter = counter + 1: null

2018-12-07 12:18:22 - [TEST_STEP][PASSED] - Statement - PreSaveFile = new java.io.File(((pathPrefix + java.lang.Integer.toString(counter)) + .png)): null

2018-12-07 12:18:22 - [TEST_STEP][PASSED] - Statement - counter = counter + 1: null

2018-12-07 12:18:22 - [TEST_STEP][PASSED] - Statement - PreSaveFile = new java.io.File(((pathPrefix + java.lang.Integer.toString(counter)) + .png)): null

2018-12-07 12:18:22 - [TEST_STEP][PASSED] - Statement - counter = counter + 1: null

2018-12-07 12:18:22 - [TEST_STEP][PASSED] - Statement - PreSaveFile = new java.io.File(((pathPrefix + java.lang.Integer.toString(counter)) + .png)): null

2018-12-07 12:18:22 - [TEST_STEP][PASSED] - Statement - counter = counter + 1: null

2018-12-07 12:18:22 - [TEST_STEP][PASSED] - Statement - PreSaveFile = new java.io.File(((pathPrefix + java.lang.Integer.toString(counter)) + .png)): null

2018-12-07 12:18:22 - [TEST_STEP][PASSED] - Statement - counter = counter + 1: null

2018-12-07 12:18:22 - [TEST_STEP][PASSED] - Statement - PreSaveFile = new java.io.File(((pathPrefix + java.lang.Integer.toString(counter)) + .png)): null

2018-12-07 12:18:22 - [TEST_STEP][PASSED] - Statement - counter = counter + 1: null

2018-12-07 12:18:22 - [TEST_STEP][PASSED] - Statement - PreSaveFile = new java.io.File(((pathPrefix + java.lang.Integer.toString(counter)) + .png)): null

2018-12-07 12:18:22 - [TEST_STEP][PASSED] - Statement - counter = counter + 1: null

2018-12-07 12:18:23 - [TEST_STEP][PASSED] - Statement - PreSaveFile = new java.io.File(((pathPrefix + java.lang.Integer.toString(counter)) + .png)): null

2018-12-07 12:18:23 - [TEST_STEP][PASSED] - Statement - counter = counter + 1: null

2018-12-07 12:18:23 - [TEST_STEP][PASSED] - Statement - PreSaveFile = new java.io.File(((pathPrefix + java.lang.Integer.toString(counter)) + .png)): null

2018-12-07 12:18:23 - [TEST_STEP][PASSED] - Statement - counter = counter + 1: null

2018-12-07 12:18:23 - [TEST_STEP][PASSED] - Statement - PreSaveFile = new java.io.File(((pathPrefix + java.lang.Integer.toString(counter)) + .png)): null

2018-12-07 12:18:23 - [TEST_STEP][PASSED] - Statement - counter = counter + 1: null

2018-12-07 12:18:23 - [TEST_STEP][PASSED] - Statement - PreSaveFile = new java.io.File(((pathPrefix + java.lang.Integer.toString(counter)) + .png)): null

2018-12-07 12:18:23 - [TEST_STEP][PASSED] - Statement - counter = counter + 1: null

2018-12-07 12:18:23 - [TEST_STEP][PASSED] - Statement - PreSaveFile = new java.io.File(((pathPrefix + java.lang.Integer.toString(counter)) + .png)): null

2018-12-07 12:18:23 - [TEST_STEP][PASSED] - Statement - counter = counter + 1: null

2018-12-07 12:18:23 - [TEST_STEP][PASSED] - Statement - PreSaveFile = new java.io.File(((pathPrefix + java.lang.Integer.toString(counter)) + .png)): null

2018-12-07 12:18:23 - [TEST_STEP][PASSED] - Statement - counter = counter + 1: null

2018-12-07 12:18:23 - [TEST_STEP][PASSED] - Statement - PreSaveFile = new java.io.File(((pathPrefix + java.lang.Integer.toString(counter)) + .png)): null

2018-12-07 12:18:23 - [TEST_STEP][PASSED] - Statement - counter = counter + 1: null

2018-12-07 12:18:23 - [TEST_STEP][PASSED] - Statement - PreSaveFile = new java.io.File(((pathPrefix + java.lang.Integer.toString(counter)) + .png)): null

2018-12-07 12:18:23 - [TEST_STEP][PASSED] - Statement - counter = counter + 1: null

2018-12-07 12:18:23 - [TEST_STEP][PASSED] - Statement - PreSaveFile = new java.io.File(((pathPrefix + java.lang.Integer.toString(counter)) + .png)): null

2018-12-07 12:18:23 - [TEST_STEP][PASSED] - Statement - counter = counter + 1: null

2018-12-07 12:18:23 - [TEST_STEP][PASSED] - Statement - PreSaveFile = new java.io.File(((pathPrefix + java.lang.Integer.toString(counter)) + .png)): null

2018-12-07 12:18:23 - [TEST_STEP][PASSED] - Statement - counter = counter + 1: null

2018-12-07 12:18:23 - [TEST_STEP][PASSED] - Statement - PreSaveFile = new java.io.File(((pathPrefix + java.lang.Integer.toString(counter)) + .png)): null

2018-12-07 12:18:23 - [TEST_STEP][PASSED] - Statement - counter = counter + 1: null

2018-12-07 12:18:23 - [TEST_STEP][PASSED] - Statement - PreSaveFile = new java.io.File(((pathPrefix + java.lang.Integer.toString(counter)) + .png)): null

2018-12-07 12:18:23 - [TEST_STEP][PASSED] - Statement - counter = counter + 1: null

2018-12-07 12:18:23 - [TEST_STEP][PASSED] - Statement - PreSaveFile = new java.io.File(((pathPrefix + java.lang.Integer.toString(counter)) + .png)): null

2018-12-07 12:18:23 - [TEST_STEP][PASSED] - Statement - counter = counter + 1: null

2018-12-07 12:18:23 - [TEST_STEP][PASSED] - Statement - PreSaveFile = new java.io.File(((pathPrefix + java.lang.Integer.toString(counter)) + .png)): null

2018-12-07 12:18:23 - [TEST_STEP][PASSED] - Statement - counter = counter + 1: null

2018-12-07 12:18:23 - [TEST_STEP][PASSED] - Statement - PreSaveFile = new java.io.File(((pathPrefix + java.lang.Integer.toString(counter)) + .png)): null

2018-12-07 12:18:24 - [TEST_STEP][PASSED] - Statement - counter = counter + 1: null

2018-12-07 12:18:24 - [TEST_STEP][PASSED] - Statement - PreSaveFile = new java.io.File(((pathPrefix + java.lang.Integer.toString(counter)) + .png)): null

2018-12-07 12:18:24 - [TEST_STEP][PASSED] - Statement - counter = counter + 1: null

2018-12-07 12:18:24 - [TEST_STEP][PASSED] - Statement - PreSaveFile = new java.io.File(((pathPrefix + java.lang.Integer.toString(counter)) + .png)): null

2018-12-07 12:18:24 - [TEST_STEP][PASSED] - Statement - counter = counter + 1: null

2018-12-07 12:18:24 - [TEST_STEP][PASSED] - Statement - PreSaveFile = new java.io.File(((pathPrefix + java.lang.Integer.toString(counter)) + .png)): null

2018-12-07 12:18:24 - [TEST_STEP][PASSED] - Statement - counter = counter + 1: null

2018-12-07 12:18:24 - [TEST_STEP][PASSED] - Statement - PreSaveFile = new java.io.File(((pathPrefix + java.lang.Integer.toString(counter)) + .png)): null

2018-12-07 12:18:24 - [TEST_STEP][PASSED] - Statement - counter = counter + 1: null

2018-12-07 12:18:24 - [TEST_STEP][PASSED] - Statement - PreSaveFile = new java.io.File(((pathPrefix + java.lang.Integer.toString(counter)) + .png)): null

2018-12-07 12:18:24 - [TEST_STEP][PASSED] - Statement - counter = counter + 1: null

2018-12-07 12:18:24 - [TEST_STEP][PASSED] - Statement - PreSaveFile = new java.io.File(((pathPrefix + java.lang.Integer.toString(counter)) + .png)): null

2018-12-07 12:18:24 - [TEST_STEP][PASSED] - Statement - counter = counter + 1: null

2018-12-07 12:18:24 - [TEST_STEP][PASSED] - Statement - PreSaveFile = new java.io.File(((pathPrefix + java.lang.Integer.toString(counter)) + .png)): null

2018-12-07 12:18:24 - [TEST_STEP][PASSED] - Statement - counter = counter + 1: null

2018-12-07 12:18:24 - [TEST_STEP][PASSED] - Statement - PreSaveFile = new java.io.File(((pathPrefix + java.lang.Integer.toString(counter)) + .png)): null

2018-12-07 12:18:24 - [TEST_STEP][PASSED] - Statement - counter = counter + 1: null

2018-12-07 12:18:24 - [TEST_STEP][PASSED] - Statement - PreSaveFile = new java.io.File(((pathPrefix + java.lang.Integer.toString(counter)) + .png)): null

2018-12-07 12:18:24 - [TEST_STEP][PASSED] - Statement - counter = counter + 1: null

2018-12-07 12:18:24 - [TEST_STEP][PASSED] - Statement - PreSaveFile = new java.io.File(((pathPrefix + java.lang.Integer.toString(counter)) + .png)): null

2018-12-07 12:18:24 - [TEST_STEP][PASSED] - Statement - counter = counter + 1: null

2018-12-07 12:18:24 - [TEST_STEP][PASSED] - Statement - PreSaveFile = new java.io.File(((pathPrefix + java.lang.Integer.toString(counter)) + .png)): null

2018-12-07 12:18:24 - [TEST_STEP][PASSED] - Statement - counter = counter + 1: null

2018-12-07 12:18:24 - [TEST_STEP][PASSED] - Statement - PreSaveFile = new java.io.File(((pathPrefix + java.lang.Integer.toString(counter)) + .png)): null

2018-12-07 12:18:24 - [TEST_STEP][PASSED] - Statement - counter = counter + 1: null

2018-12-07 12:18:24 - [TEST_STEP][PASSED] - Statement - PreSaveFile = new java.io.File(((pathPrefix + java.lang.Integer.toString(counter)) + .png)): null

2018-12-07 12:18:24 - [TEST_STEP][PASSED] - Statement - counter = counter + 1: null

2018-12-07 12:18:24 - [TEST_STEP][PASSED] - Statement - PreSaveFile = new java.io.File(((pathPrefix + java.lang.Integer.toString(counter)) + .png)): null

2018-12-07 12:18:24 - [TEST_STEP][PASSED] - Statement - counter = counter + 1: null

2018-12-07 12:18:25 - [TEST_STEP][PASSED] - Statement - PreSaveFile = new java.io.File(((pathPrefix + java.lang.Integer.toString(counter)) + .png)): null

2018-12-07 12:18:25 - [TEST_STEP][PASSED] - Statement - counter = counter + 1: null

2018-12-07 12:18:25 - [TEST_STEP][PASSED] - Statement - PreSaveFile = new java.io.File(((pathPrefix + java.lang.Integer.toString(counter)) + .png)): null

2018-12-07 12:18:25 - [TEST_STEP][PASSED] - Statement - counter = counter + 1: null

2018-12-07 12:18:25 - [TEST_STEP][PASSED] - Statement - PreSaveFile = new java.io.File(((pathPrefix + java.lang.Integer.toString(counter)) + .png)): null

2018-12-07 12:18:25 - [TEST_STEP][PASSED] - Statement - counter = counter + 1: null

2018-12-07 12:18:25 - [TEST_STEP][PASSED] - Statement - PreSaveFile = new java.io.File(((pathPrefix + java.lang.Integer.toString(counter)) + .png)): null

2018-12-07 12:18:25 - [TEST_STEP][PASSED] - Statement - counter = counter + 1: null

2018-12-07 12:18:25 - [TEST_STEP][PASSED] - Statement - PreSaveFile = new java.io.File(((pathPrefix + java.lang.Integer.toString(counter)) + .png)): null

2018-12-07 12:18:25 - [TEST_STEP][PASSED] - Statement - counter = counter + 1: null

2018-12-07 12:18:25 - [TEST_STEP][PASSED] - Statement - PreSaveFile = new java.io.File(((pathPrefix + java.lang.Integer.toString(counter)) + .png)): null

2018-12-07 12:18:25 - [TEST_STEP][PASSED] - Statement - counter = counter + 1: null

2018-12-07 12:18:25 - [TEST_STEP][PASSED] - Statement - PreSaveFile = new java.io.File(((pathPrefix + java.lang.Integer.toString(counter)) + .png)): null

2018-12-07 12:18:25 - [TEST_STEP][PASSED] - Statement - counter = counter + 1: null

2018-12-07 12:18:25 - [TEST_STEP][PASSED] - Statement - PreSaveFile = new java.io.File(((pathPrefix + java.lang.Integer.toString(counter)) + .png)): null

2018-12-07 12:18:25 - [TEST_STEP][PASSED] - Statement - counter = counter + 1: null

2018-12-07 12:18:25 - [TEST_STEP][PASSED] - Statement - PreSaveFile = new java.io.File(((pathPrefix + java.lang.Integer.toString(counter)) + .png)): null

2018-12-07 12:18:25 - [TEST_STEP][PASSED] - Statement - counter = counter + 1: null

2018-12-07 12:18:25 - [TEST_STEP][PASSED] - Statement - PreSaveFile = new java.io.File(((pathPrefix + java.lang.Integer.toString(counter)) + .png)): null

2018-12-07 12:18:25 - [TEST_STEP][PASSED] - Statement - counter = counter + 1: null

2018-12-07 12:18:25 - [TEST_STEP][PASSED] - Statement - PreSaveFile = new java.io.File(((pathPrefix + java.lang.Integer.toString(counter)) + .png)): null

2018-12-07 12:18:25 - [TEST_STEP][PASSED] - Statement - counter = counter + 1: null

2018-12-07 12:18:25 - [TEST_STEP][PASSED] - Statement - PreSaveFile = new java.io.File(((pathPrefix + java.lang.Integer.toString(counter)) + .png)): null

2018-12-07 12:18:25 - [TEST_STEP][PASSED] - Statement - counter = counter + 1: null

2018-12-07 12:18:25 - [TEST_STEP][PASSED] - Statement - PreSaveFile = new java.io.File(((pathPrefix + java.lang.Integer.toString(counter)) + .png)): null

2018-12-07 12:18:25 - [TEST_STEP][PASSED] - Statement - finalPath = pathPrefix + java.lang.Integer.toString(counter) + ".png": null

2018-12-07 12:18:25 - [TEST_STEP][PASSED] - Statement - SaveFile = new java.io.File(finalPath): null

2018-12-07 12:18:25 - [TEST_STEP][PASSED] - Statement - Try: null

2018-12-07 12:18:26 - [TEST_STEP][PASSED] - Statement - org.apache.commons.io.FileUtils.copyFile(scrFile, SaveFile): null

2018-12-07 12:18:26 - [TEST_STEP][PASSED] - Statement - out.println("file kept"): null

2018-12-07 12:18:26 - [TEST_STEP][PASSED] - delay: Delayed 10 second(s)

2018-12-07 12:18:36 - [MESSAGE][PASSED] - Delayed 10 second(s)

2018-12-07 12:18:36 - [MESSAGE][PASSED] - Call Test Case 'Test Cases/Final Aug 2018 - PKS Automation/Common/Screenshoting tool' successfully]]></system-out>
         <system-err><![CDATA[]]></system-err>
      </testcase>
      <testcase name="Test Cases/Final Aug 2018 - PKS Automation/Registration Module/Workflow/Update Add New Employee/Special Case (PKR BO - RO Approve)" classname="Test Cases/Final Aug 2018 - PKS Automation/Registration Module/Workflow/Update Add New Employee/Special Case (PKR BO - RO Approve)" status="PASSED">
         <system-out><![CDATA[2018-12-07 12:18:36 - [TEST_CASE][PASSED] - Test Cases/Final Aug 2018 - PKS Automation/Registration Module/Workflow/Update Add New Employee/Special Case (PKR BO - RO Approve): Test Cases/Final Aug 2018 - PKS Automation/Registration Module/Workflow/Update Add New Employee/Special Case (PKR BO - RO Approve)

2018-12-07 12:18:36 - [TEST_STEP][PASSED] - callTestCase: Call Test Case 'Test Cases/Final Aug 2018 - PKS Automation/Registration Module/Workflow/Update Add New Employee/Template/New Company for Update Add New' successfully

2018-12-07 12:18:36 - [TEST_CASE][PASSED] - Test Cases/Final Aug 2018 - PKS Automation/Registration Module/Workflow/Update Add New Employee/Template/New Company for Update Add New: Test Cases/Final Aug 2018 - PKS Automation/Registration Module/Workflow/Update Add New Employee/Template/New Company for Update Add New

2018-12-07 12:18:36 - [TEST_STEP][PASSED] - callTestCase: Call Test Case 'Test Cases/Final Aug 2018 - PKS Automation/Registration Module/New Registration/Form 1/Form 1 - Corporation - BHD' successfully

2018-12-07 12:18:36 - [TEST_CASE][PASSED] - Test Cases/Final Aug 2018 - PKS Automation/Registration Module/New Registration/Form 1/Form 1 - Corporation - BHD: Test Cases/Final Aug 2018 - PKS Automation/Registration Module/New Registration/Form 1/Form 1 - Corporation - BHD

2018-12-07 12:18:36 - [TEST_STEP][PASSED] - openBrowser: Browser is opened with url: ''

2018-12-07 12:18:36 - [MESSAGE][WARNING] - A browser is already opened. Closing browser and opening a new one

2018-12-07 12:18:39 - [MESSAGE][PASSED] - Browser is opened with url: ''

2018-12-07 12:18:39 - [TEST_STEP][PASSED] - navigateToUrl: Navigate to 'https://assist2-uat.perkeso.gov.my/login' successfully

2018-12-07 12:18:40 - [MESSAGE][PASSED] - Navigate to 'https://assist2-uat.perkeso.gov.my/login' successfully

2018-12-07 12:18:40 - [TEST_STEP][PASSED] - setText: Text 'johorotc1@gmail.com' is set on object 'Object Repository/Final Object Repo/Login Page/Internal User/Email Address'

2018-12-07 12:18:41 - [MESSAGE][PASSED] - Text 'johorotc1@gmail.com' is set on object 'Object Repository/Final Object Repo/Login Page/Internal User/Email Address'

2018-12-07 12:18:41 - [TEST_STEP][PASSED] - click: Object: 'Object Repository/Final Object Repo/Login Page/Internal User/Next Button' is clicked on

2018-12-07 12:18:41 - [MESSAGE][PASSED] - Object: 'Object Repository/Final Object Repo/Login Page/Internal User/Next Button' is clicked on

2018-12-07 12:18:41 - [TEST_STEP][PASSED] - delay: Delayed 1 second(s)

2018-12-07 12:18:42 - [MESSAGE][PASSED] - Delayed 1 second(s)

2018-12-07 12:18:42 - [TEST_STEP][PASSED] - setEncryptedText: Text ****** has been set on object 'Object Repository/Final Object Repo/Login Page/Internal User/Password'

2018-12-07 12:18:42 - [MESSAGE][PASSED] - Text ****** has been set on object 'Object Repository/Final Object Repo/Login Page/Internal User/Password'

2018-12-07 12:18:42 - [TEST_STEP][PASSED] - click: Object: 'Object Repository/Final Object Repo/Login Page/Internal User/Login Button' is clicked on

2018-12-07 12:18:42 - [MESSAGE][PASSED] - Object: 'Object Repository/Final Object Repo/Login Page/Internal User/Login Button' is clicked on

2018-12-07 12:18:42 - [TEST_STEP][PASSED] - delay: Delayed 1 second(s)

2018-12-07 12:18:43 - [MESSAGE][PASSED] - Delayed 1 second(s)

2018-12-07 12:18:43 - [TEST_STEP][PASSED] - Statement - Try: Delayed 2 second(s)

2018-12-07 12:18:43 - [TEST_STEP][PASSED] - Statement - Checker = false: null

2018-12-07 12:18:43 - [TEST_STEP][PASSED] - Statement - Checker = com.kms.katalon.core.webui.keyword.WebUiBuiltInKeywords.verifyElementHasAttribute(com.kms.katalon.core.testobject.ObjectRepository.findTestObject(Final Object Repo/Landing Page/BM Detecting), "href", 20, OPTIONAL): Object 'Object Repository/Final Object Repo/Landing Page/BM Detecting' has attribute 'href'

2018-12-07 12:18:49 - [MESSAGE][PASSED] - Object 'Object Repository/Final Object Repo/Landing Page/BM Detecting' has attribute 'href'

2018-12-07 12:18:49 - [TEST_STEP][PASSED] - Statement - out.println(Checker): null

2018-12-07 12:18:49 - [TEST_STEP][PASSED] - Statement - If (Checker == false): null

2018-12-07 12:18:49 - [TEST_STEP][PASSED] - Statement - Else: null

2018-12-07 12:18:49 - [TEST_STEP][PASSED] - delay: Delayed 2 second(s)

2018-12-07 12:18:51 - [MESSAGE][PASSED] - Delayed 2 second(s)

2018-12-07 12:18:51 - [TEST_STEP][PASSED] - navigateToUrl: Navigate to 'https://assist2-uat.perkeso.gov.my/web/registration/registration' successfully

2018-12-07 12:18:53 - [MESSAGE][PASSED] - Navigate to 'https://assist2-uat.perkeso.gov.my/web/registration/registration' successfully

2018-12-07 12:18:53 - [TEST_STEP][PASSED] - click: Object: 'Object Repository/Final Object Repo/New Registration - Registration Module Pages/Form 1/AEC - No' is clicked on

2018-12-07 12:18:53 - [MESSAGE][PASSED] - Object: 'Object Repository/Final Object Repo/New Registration - Registration Module Pages/Form 1/AEC - No' is clicked on

2018-12-07 12:18:53 - [TEST_STEP][PASSED] - click: Object: 'Object Repository/Final Object Repo/New Registration - Registration Module Pages/Form 1/Business Entity' is clicked on

2018-12-07 12:18:53 - [MESSAGE][PASSED] - Object: 'Object Repository/Final Object Repo/New Registration - Registration Module Pages/Form 1/Business Entity' is clicked on

2018-12-07 12:18:53 - [TEST_STEP][PASSED] - click: Object: 'Object Repository/Final Object Repo/New Registration - Registration Module Pages/Form 1/Businees Entity - Corporation' is clicked on

2018-12-07 12:18:53 - [MESSAGE][PASSED] - Object: 'Object Repository/Final Object Repo/New Registration - Registration Module Pages/Form 1/Businees Entity - Corporation' is clicked on

2018-12-07 12:18:53 - [TEST_STEP][PASSED] - delay: Delayed 1 second(s)

2018-12-07 12:18:54 - [MESSAGE][PASSED] - Delayed 1 second(s)

2018-12-07 12:18:54 - [TEST_STEP][PASSED] - click: Object: 'Object Repository/Final Object Repo/New Registration - Registration Module Pages/Form 1/Sub Business Entity' is clicked on

2018-12-07 12:18:55 - [MESSAGE][PASSED] - Object: 'Object Repository/Final Object Repo/New Registration - Registration Module Pages/Form 1/Sub Business Entity' is clicked on

2018-12-07 12:18:55 - [TEST_STEP][PASSED] - click: Object: 'Object Repository/Final Object Repo/New Registration - Registration Module Pages/Form 1/Sub Business Entity - Berhad' is clicked on

2018-12-07 12:18:55 - [MESSAGE][PASSED] - Object: 'Object Repository/Final Object Repo/New Registration - Registration Module Pages/Form 1/Sub Business Entity - Berhad' is clicked on

2018-12-07 12:18:55 - [TEST_STEP][PASSED] - delay: Delayed 1 second(s)

2018-12-07 12:18:56 - [MESSAGE][PASSED] - Delayed 1 second(s)

2018-12-07 12:18:56 - [TEST_STEP][PASSED] - setText: Text '123' is set on object 'Object Repository/Final Object Repo/New Registration - Registration Module Pages/Form 1/Registration Number'

2018-12-07 12:18:56 - [MESSAGE][PASSED] - Text '123' is set on object 'Object Repository/Final Object Repo/New Registration - Registration Module Pages/Form 1/Registration Number'

2018-12-07 12:18:56 - [TEST_STEP][PASSED] - click: Object: 'Object Repository/Final Object Repo/New Registration - Registration Module Pages/Form 1/Registred with SSM - Before Feb' is clicked on

2018-12-07 12:18:56 - [MESSAGE][PASSED] - Object: 'Object Repository/Final Object Repo/New Registration - Registration Module Pages/Form 1/Registred with SSM - Before Feb' is clicked on

2018-12-07 12:18:56 - [TEST_STEP][PASSED] - click: Object: 'Object Repository/Final Object Repo/New Registration - Registration Module Pages/Form 1/Registered As a Branch - Yes' is clicked on

2018-12-07 12:18:56 - [MESSAGE][PASSED] - Object: 'Object Repository/Final Object Repo/New Registration - Registration Module Pages/Form 1/Registered As a Branch - Yes' is clicked on

2018-12-07 12:18:56 - [TEST_STEP][PASSED] - click: Object: 'Object Repository/Final Object Repo/New Registration - Registration Module Pages/Form 1/Acknowledgement' is clicked on

2018-12-07 12:18:57 - [MESSAGE][PASSED] - Object: 'Object Repository/Final Object Repo/New Registration - Registration Module Pages/Form 1/Acknowledgement' is clicked on

2018-12-07 12:18:57 - [TEST_STEP][PASSED] - setText: Text 'perkeso' is set on object 'Object Repository/Final Object Repo/New Registration - Registration Module Pages/Form 1/Industry name'

2018-12-07 12:18:57 - [MESSAGE][PASSED] - Text 'perkeso' is set on object 'Object Repository/Final Object Repo/New Registration - Registration Module Pages/Form 1/Industry name'

2018-12-07 12:18:57 - [TEST_STEP][PASSED] - setText: Text 'perkeso1' is set on object 'Object Repository/Final Object Repo/New Registration - Registration Module Pages/Form 1/Postal Address1'

2018-12-07 12:18:57 - [MESSAGE][PASSED] - Text 'perkeso1' is set on object 'Object Repository/Final Object Repo/New Registration - Registration Module Pages/Form 1/Postal Address1'

2018-12-07 12:18:57 - [TEST_STEP][PASSED] - setText: Text 'perkeso2' is set on object 'Object Repository/Final Object Repo/New Registration - Registration Module Pages/Form 1/Postal Address2'

2018-12-07 12:18:58 - [MESSAGE][PASSED] - Text 'perkeso2' is set on object 'Object Repository/Final Object Repo/New Registration - Registration Module Pages/Form 1/Postal Address2'

2018-12-07 12:18:58 - [TEST_STEP][PASSED] - setText: Text 'perkeso3' is set on object 'Object Repository/Final Object Repo/New Registration - Registration Module Pages/Form 1/Postal Address3'

2018-12-07 12:18:58 - [MESSAGE][PASSED] - Text 'perkeso3' is set on object 'Object Repository/Final Object Repo/New Registration - Registration Module Pages/Form 1/Postal Address3'

2018-12-07 12:18:58 - [TEST_STEP][PASSED] - click: Object: 'Object Repository/Final Object Repo/New Registration - Registration Module Pages/Form 1/State' is clicked on

2018-12-07 12:18:58 - [MESSAGE][PASSED] - Object: 'Object Repository/Final Object Repo/New Registration - Registration Module Pages/Form 1/State' is clicked on

2018-12-07 12:18:58 - [TEST_STEP][PASSED] - click: Object: 'Object Repository/Final Object Repo/New Registration - Registration Module Pages/Form 1/State - Johor' is clicked on

2018-12-07 12:18:59 - [MESSAGE][PASSED] - Object: 'Object Repository/Final Object Repo/New Registration - Registration Module Pages/Form 1/State - Johor' is clicked on

2018-12-07 12:18:59 - [TEST_STEP][PASSED] - delay: Delayed 1 second(s)

2018-12-07 12:19:00 - [MESSAGE][PASSED] - Delayed 1 second(s)

2018-12-07 12:19:00 - [TEST_STEP][PASSED] - click: Object: 'Object Repository/Final Object Repo/New Registration - Registration Module Pages/Form 1/City' is clicked on

2018-12-07 12:19:00 - [MESSAGE][PASSED] - Object: 'Object Repository/Final Object Repo/New Registration - Registration Module Pages/Form 1/City' is clicked on

2018-12-07 12:19:00 - [TEST_STEP][PASSED] - setText: Text 'joh' is set on object 'Object Repository/Final Object Repo/New Registration - Registration Module Pages/Form 1/Postcode - 810'

2018-12-07 12:19:00 - [MESSAGE][PASSED] - Text 'joh' is set on object 'Object Repository/Final Object Repo/New Registration - Registration Module Pages/Form 1/Postcode - 810'

2018-12-07 12:19:00 - [TEST_STEP][PASSED] - delay: Delayed 1 second(s)

2018-12-07 12:19:01 - [MESSAGE][PASSED] - Delayed 1 second(s)

2018-12-07 12:19:01 - [TEST_STEP][PASSED] - click: Object: 'Object Repository/Final Object Repo/New Registration - Registration Module Pages/Form 1/City - Johor Bharu' is clicked on

2018-12-07 12:19:01 - [MESSAGE][PASSED] - Object: 'Object Repository/Final Object Repo/New Registration - Registration Module Pages/Form 1/City - Johor Bharu' is clicked on

2018-12-07 12:19:01 - [TEST_STEP][PASSED] - delay: Delayed 1 second(s)

2018-12-07 12:19:02 - [MESSAGE][PASSED] - Delayed 1 second(s)

2018-12-07 12:19:02 - [TEST_STEP][PASSED] - click: Object: 'Object Repository/Final Object Repo/New Registration - Registration Module Pages/Form 1/Postcode' is clicked on

2018-12-07 12:19:02 - [MESSAGE][PASSED] - Object: 'Object Repository/Final Object Repo/New Registration - Registration Module Pages/Form 1/Postcode' is clicked on

2018-12-07 12:19:02 - [TEST_STEP][PASSED] - delay: Delayed 1 second(s)

2018-12-07 12:19:03 - [MESSAGE][PASSED] - Delayed 1 second(s)

2018-12-07 12:19:03 - [TEST_STEP][PASSED] - setText: Text '810' is set on object 'Object Repository/Final Object Repo/New Registration - Registration Module Pages/Form 1/Postcode - 810'

2018-12-07 12:19:04 - [MESSAGE][PASSED] - Text '810' is set on object 'Object Repository/Final Object Repo/New Registration - Registration Module Pages/Form 1/Postcode - 810'

2018-12-07 12:19:04 - [TEST_STEP][PASSED] - delay: Delayed 3 second(s)

2018-12-07 12:19:07 - [MESSAGE][PASSED] - Delayed 3 second(s)

2018-12-07 12:19:07 - [TEST_STEP][PASSED] - click: Object: 'Object Repository/Final Object Repo/New Registration - Registration Module Pages/Form 1/Postcode - 81000' is clicked on

2018-12-07 12:19:07 - [MESSAGE][PASSED] - Object: 'Object Repository/Final Object Repo/New Registration - Registration Module Pages/Form 1/Postcode - 81000' is clicked on

2018-12-07 12:19:07 - [TEST_STEP][PASSED] - delay: Delayed 1 second(s)

2018-12-07 12:19:08 - [MESSAGE][PASSED] - Delayed 1 second(s)

2018-12-07 12:19:08 - [TEST_STEP][PASSED] - setText: Text '100' is set on object 'Object Repository/Final Object Repo/New Registration - Registration Module Pages/Form 1/P.O.BOX'

2018-12-07 12:19:08 - [MESSAGE][PASSED] - Text '100' is set on object 'Object Repository/Final Object Repo/New Registration - Registration Module Pages/Form 1/P.O.BOX'

2018-12-07 12:19:08 - [TEST_STEP][PASSED] - setText: Text '100' is set on object 'Object Repository/Final Object Repo/New Registration - Registration Module Pages/Form 1/Locked Bag No'

2018-12-07 12:19:08 - [MESSAGE][PASSED] - Text '100' is set on object 'Object Repository/Final Object Repo/New Registration - Registration Module Pages/Form 1/Locked Bag No'

2018-12-07 12:19:08 - [TEST_STEP][PASSED] - click: Object: 'Object Repository/Final Object Repo/New Registration - Registration Module Pages/Form 1/SOCSO Office Location' is clicked on

2018-12-07 12:19:08 - [MESSAGE][PASSED] - Object: 'Object Repository/Final Object Repo/New Registration - Registration Module Pages/Form 1/SOCSO Office Location' is clicked on

2018-12-07 12:19:08 - [TEST_STEP][PASSED] - click: Object: 'Object Repository/Final Object Repo/New Registration - Registration Module Pages/Form 1/SOCSO Office Location - Pejabat PERKESO Negeri Johor' is clicked on

2018-12-07 12:19:09 - [MESSAGE][PASSED] - Object: 'Object Repository/Final Object Repo/New Registration - Registration Module Pages/Form 1/SOCSO Office Location - Pejabat PERKESO Negeri Johor' is clicked on

2018-12-07 12:19:09 - [TEST_STEP][PASSED] - delay: Delayed 1 second(s)

2018-12-07 12:19:10 - [MESSAGE][PASSED] - Delayed 1 second(s)

2018-12-07 12:19:10 - [TEST_STEP][PASSED] - check: Object 'Object Repository/Final Object Repo/New Registration - Registration Module Pages/Form 1/Indusrty Address Same As Postal Address' is checked

2018-12-07 12:19:10 - [MESSAGE][PASSED] - Object 'Object Repository/Final Object Repo/New Registration - Registration Module Pages/Form 1/Indusrty Address Same As Postal Address' is checked

2018-12-07 12:19:10 - [TEST_STEP][PASSED] - delay: Delayed 3 second(s)

2018-12-07 12:19:13 - [MESSAGE][PASSED] - Delayed 3 second(s)

2018-12-07 12:19:13 - [TEST_STEP][PASSED] - click: Object: 'Object Repository/Final Object Repo/New Registration - Registration Module Pages/Form 1/Indusry Address Same As Postal Address False' is clicked on

2018-12-07 12:19:13 - [MESSAGE][PASSED] - Object: 'Object Repository/Final Object Repo/New Registration - Registration Module Pages/Form 1/Indusry Address Same As Postal Address False' is clicked on

2018-12-07 12:19:13 - [TEST_STEP][PASSED] - delay: Delayed 1 second(s)

2018-12-07 12:19:14 - [MESSAGE][PASSED] - Delayed 1 second(s)

2018-12-07 12:19:14 - [TEST_STEP][PASSED] - setText: Text 'perkeso1' is set on object 'Object Repository/Final Object Repo/New Registration - Registration Module Pages/Form 1/Industry Address1'

2018-12-07 12:19:15 - [MESSAGE][PASSED] - Text 'perkeso1' is set on object 'Object Repository/Final Object Repo/New Registration - Registration Module Pages/Form 1/Industry Address1'

2018-12-07 12:19:15 - [TEST_STEP][PASSED] - setText: Text 'perkeso2' is set on object 'Object Repository/Final Object Repo/New Registration - Registration Module Pages/Form 1/Industry Address2'

2018-12-07 12:19:15 - [MESSAGE][PASSED] - Text 'perkeso2' is set on object 'Object Repository/Final Object Repo/New Registration - Registration Module Pages/Form 1/Industry Address2'

2018-12-07 12:19:15 - [TEST_STEP][PASSED] - setText: Text 'perkeso3' is set on object 'Object Repository/Final Object Repo/New Registration - Registration Module Pages/Form 1/Industry Address3'

2018-12-07 12:19:15 - [MESSAGE][PASSED] - Text 'perkeso3' is set on object 'Object Repository/Final Object Repo/New Registration - Registration Module Pages/Form 1/Industry Address3'

2018-12-07 12:19:15 - [TEST_STEP][PASSED] - click: Object: 'Object Repository/Final Object Repo/New Registration - Registration Module Pages/Form 1/Industry State' is clicked on

2018-12-07 12:19:16 - [MESSAGE][PASSED] - Object: 'Object Repository/Final Object Repo/New Registration - Registration Module Pages/Form 1/Industry State' is clicked on

2018-12-07 12:19:16 - [TEST_STEP][PASSED] - delay: Delayed 2 second(s)

2018-12-07 12:19:18 - [MESSAGE][PASSED] - Delayed 2 second(s)

2018-12-07 12:19:18 - [TEST_STEP][PASSED] - click: Object: 'Object Repository/Final Object Repo/New Registration - Registration Module Pages/Form 1/Industry State - Johor' is clicked on

2018-12-07 12:19:18 - [MESSAGE][PASSED] - Object: 'Object Repository/Final Object Repo/New Registration - Registration Module Pages/Form 1/Industry State - Johor' is clicked on

2018-12-07 12:19:18 - [TEST_STEP][PASSED] - delay: Delayed 2 second(s)

2018-12-07 12:19:20 - [MESSAGE][PASSED] - Delayed 2 second(s)

2018-12-07 12:19:20 - [TEST_STEP][PASSED] - click: Object: 'Object Repository/Final Object Repo/New Registration - Registration Module Pages/Form 1/Industry Ciry' is clicked on

2018-12-07 12:19:20 - [MESSAGE][PASSED] - Object: 'Object Repository/Final Object Repo/New Registration - Registration Module Pages/Form 1/Industry Ciry' is clicked on

2018-12-07 12:19:20 - [TEST_STEP][PASSED] - setText: Text 'joh' is set on object 'Object Repository/Final Object Repo/New Registration - Registration Module Pages/Form 1/Industry Ciry - joh'

2018-12-07 12:19:20 - [MESSAGE][PASSED] - Text 'joh' is set on object 'Object Repository/Final Object Repo/New Registration - Registration Module Pages/Form 1/Industry Ciry - joh'

2018-12-07 12:19:20 - [TEST_STEP][PASSED] - delay: Delayed 2 second(s)

2018-12-07 12:19:22 - [MESSAGE][PASSED] - Delayed 2 second(s)

2018-12-07 12:19:22 - [TEST_STEP][PASSED] - click: Object: 'Object Repository/Final Object Repo/New Registration - Registration Module Pages/Form 1/Industy State - Johor Bharu' is clicked on

2018-12-07 12:19:22 - [MESSAGE][PASSED] - Object: 'Object Repository/Final Object Repo/New Registration - Registration Module Pages/Form 1/Industy State - Johor Bharu' is clicked on

2018-12-07 12:19:22 - [TEST_STEP][PASSED] - delay: Delayed 1 second(s)

2018-12-07 12:19:23 - [MESSAGE][PASSED] - Delayed 1 second(s)

2018-12-07 12:19:23 - [TEST_STEP][PASSED] - click: Object: 'Object Repository/Final Object Repo/New Registration - Registration Module Pages/Form 1/Indusry PostCode' is clicked on

2018-12-07 12:19:24 - [MESSAGE][PASSED] - Object: 'Object Repository/Final Object Repo/New Registration - Registration Module Pages/Form 1/Indusry PostCode' is clicked on

2018-12-07 12:19:24 - [TEST_STEP][PASSED] - delay: Delayed 1 second(s)

2018-12-07 12:19:25 - [MESSAGE][PASSED] - Delayed 1 second(s)

2018-12-07 12:19:25 - [TEST_STEP][PASSED] - setText: Text '810' is set on object 'Object Repository/Final Object Repo/New Registration - Registration Module Pages/Form 1/Insutry Post Code - 810'

2018-12-07 12:19:25 - [MESSAGE][PASSED] - Text '810' is set on object 'Object Repository/Final Object Repo/New Registration - Registration Module Pages/Form 1/Insutry Post Code - 810'

2018-12-07 12:19:25 - [TEST_STEP][PASSED] - delay: Delayed 1 second(s)

2018-12-07 12:19:26 - [MESSAGE][PASSED] - Delayed 1 second(s)

2018-12-07 12:19:26 - [TEST_STEP][PASSED] - click: Object: 'Object Repository/Final Object Repo/New Registration - Registration Module Pages/Form 1/Insutry Post Code - 81000' is clicked on

2018-12-07 12:19:26 - [MESSAGE][PASSED] - Object: 'Object Repository/Final Object Repo/New Registration - Registration Module Pages/Form 1/Insutry Post Code - 81000' is clicked on

2018-12-07 12:19:26 - [TEST_STEP][PASSED] - delay: Delayed 1 second(s)

2018-12-07 12:19:27 - [MESSAGE][PASSED] - Delayed 1 second(s)

2018-12-07 12:19:27 - [TEST_STEP][PASSED] - setText: Text '100' is set on object 'Object Repository/Final Object Repo/New Registration - Registration Module Pages/Form 1/Industry P.O.BOX'

2018-12-07 12:19:27 - [MESSAGE][PASSED] - Text '100' is set on object 'Object Repository/Final Object Repo/New Registration - Registration Module Pages/Form 1/Industry P.O.BOX'

2018-12-07 12:19:27 - [TEST_STEP][PASSED] - setText: Text '100' is set on object 'Object Repository/Final Object Repo/New Registration - Registration Module Pages/Form 1/Industry Locked Bag No'

2018-12-07 12:19:28 - [MESSAGE][PASSED] - Text '100' is set on object 'Object Repository/Final Object Repo/New Registration - Registration Module Pages/Form 1/Industry Locked Bag No'

2018-12-07 12:19:28 - [TEST_STEP][PASSED] - setText: Text '123456789' is set on object 'Object Repository/Final Object Repo/New Registration - Registration Module Pages/Form 1/Telephone No'

2018-12-07 12:19:28 - [MESSAGE][PASSED] - Text '123456789' is set on object 'Object Repository/Final Object Repo/New Registration - Registration Module Pages/Form 1/Telephone No'

2018-12-07 12:19:28 - [TEST_STEP][PASSED] - setText: Text '123456789' is set on object 'Object Repository/Final Object Repo/New Registration - Registration Module Pages/Form 1/Mobile No'

2018-12-07 12:19:28 - [MESSAGE][PASSED] - Text '123456789' is set on object 'Object Repository/Final Object Repo/New Registration - Registration Module Pages/Form 1/Mobile No'

2018-12-07 12:19:28 - [TEST_STEP][PASSED] - setText: Text '123456789' is set on object 'Object Repository/Final Object Repo/New Registration - Registration Module Pages/Form 1/Fax No'

2018-12-07 12:19:29 - [MESSAGE][PASSED] - Text '123456789' is set on object 'Object Repository/Final Object Repo/New Registration - Registration Module Pages/Form 1/Fax No'

2018-12-07 12:19:29 - [TEST_STEP][PASSED] - click: Object: 'Object Repository/Final Object Repo/New Registration - Registration Module Pages/Form 1/Industry Code' is clicked on

2018-12-07 12:19:29 - [MESSAGE][PASSED] - Object: 'Object Repository/Final Object Repo/New Registration - Registration Module Pages/Form 1/Industry Code' is clicked on

2018-12-07 12:19:29 - [TEST_STEP][PASSED] - click: Object: 'Object Repository/Final Object Repo/New Registration - Registration Module Pages/Form 1/Indudustry Code - Crops and Animal' is clicked on

2018-12-07 12:19:29 - [MESSAGE][PASSED] - Object: 'Object Repository/Final Object Repo/New Registration - Registration Module Pages/Form 1/Indudustry Code - Crops and Animal' is clicked on

2018-12-07 12:19:29 - [TEST_STEP][PASSED] - delay: Delayed 1 second(s)

2018-12-07 12:19:30 - [MESSAGE][PASSED] - Delayed 1 second(s)

2018-12-07 12:19:30 - [TEST_STEP][PASSED] - click: Object: 'Object Repository/Final Object Repo/New Registration - Registration Module Pages/Form 1/Sub Industry Code List' is clicked on

2018-12-07 12:19:30 - [MESSAGE][PASSED] - Object: 'Object Repository/Final Object Repo/New Registration - Registration Module Pages/Form 1/Sub Industry Code List' is clicked on

2018-12-07 12:19:30 - [TEST_STEP][PASSED] - click: Object: 'Object Repository/Final Object Repo/New Registration - Registration Module Pages/Form 1/Sub Industry Code List - Growing of Maize' is clicked on

2018-12-07 12:19:31 - [MESSAGE][PASSED] - Object: 'Object Repository/Final Object Repo/New Registration - Registration Module Pages/Form 1/Sub Industry Code List - Growing of Maize' is clicked on

2018-12-07 12:19:31 - [TEST_STEP][PASSED] - setText: Text 'perkeso123@gmail.com' is set on object 'Object Repository/Final Object Repo/New Registration - Registration Module Pages/Form 1/Email'

2018-12-07 12:19:31 - [MESSAGE][PASSED] - Text 'perkeso123@gmail.com' is set on object 'Object Repository/Final Object Repo/New Registration - Registration Module Pages/Form 1/Email'

2018-12-07 12:19:31 - [TEST_STEP][PASSED] - click: Object: 'Object Repository/Final Object Repo/New Registration - Registration Module Pages/Form 1/Method of Contribution Payment' is clicked on

2018-12-07 12:19:32 - [MESSAGE][PASSED] - Object: 'Object Repository/Final Object Repo/New Registration - Registration Module Pages/Form 1/Method of Contribution Payment' is clicked on

2018-12-07 12:19:32 - [TEST_STEP][PASSED] - click: Object: 'Object Repository/Final Object Repo/New Registration - Registration Module Pages/Form 1/Method of Contribution Payment - Portal' is clicked on

2018-12-07 12:19:32 - [MESSAGE][PASSED] - Object: 'Object Repository/Final Object Repo/New Registration - Registration Module Pages/Form 1/Method of Contribution Payment - Portal' is clicked on

2018-12-07 12:19:32 - [TEST_STEP][PASSED] - click: Object: 'Object Repository/Final Object Repo/New Registration - Registration Module Pages/Form 1/Servide Type' is clicked on

2018-12-07 12:19:32 - [MESSAGE][PASSED] - Object: 'Object Repository/Final Object Repo/New Registration - Registration Module Pages/Form 1/Servide Type' is clicked on

2018-12-07 12:19:32 - [TEST_STEP][PASSED] - click: Object: 'Object Repository/Final Object Repo/New Registration - Registration Module Pages/Form 1/Servide Type - Professional Bodies' is clicked on

2018-12-07 12:19:32 - [MESSAGE][PASSED] - Object: 'Object Repository/Final Object Repo/New Registration - Registration Module Pages/Form 1/Servide Type - Professional Bodies' is clicked on

2018-12-07 12:19:32 - [TEST_STEP][PASSED] - click: Object: 'Object Repository/Final Object Repo/New Registration - Registration Module Pages/Form 1/Industry Venue' is clicked on

2018-12-07 12:19:32 - [MESSAGE][PASSED] - Object: 'Object Repository/Final Object Repo/New Registration - Registration Module Pages/Form 1/Industry Venue' is clicked on

2018-12-07 12:19:32 - [TEST_STEP][PASSED] - click: Object: 'Object Repository/Final Object Repo/New Registration - Registration Module Pages/Form 1/Industry Venue -  PPN JOHOR' is clicked on

2018-12-07 12:19:33 - [MESSAGE][PASSED] - Object: 'Object Repository/Final Object Repo/New Registration - Registration Module Pages/Form 1/Industry Venue -  PPN JOHOR' is clicked on

2018-12-07 12:19:33 - [TEST_STEP][PASSED] - click: Object: 'Object Repository/Final Object Repo/New Registration - Registration Module Pages/Form 1/Save  Continue' is clicked on

2018-12-07 12:19:33 - [MESSAGE][PASSED] - Object: 'Object Repository/Final Object Repo/New Registration - Registration Module Pages/Form 1/Save  Continue' is clicked on

2018-12-07 12:19:33 - [MESSAGE][PASSED] - Call Test Case 'Test Cases/Final Aug 2018 - PKS Automation/Registration Module/New Registration/Form 1/Form 1 - Corporation - BHD' successfully

2018-12-07 12:19:33 - [TEST_STEP][PASSED] - callTestCase: Call Test Case 'Test Cases/Final Aug 2018 - PKS Automation/Registration Module/New Registration/Form 2/Add 1 Eligible' successfully

2018-12-07 12:19:33 - [TEST_CASE][PASSED] - Test Cases/Final Aug 2018 - PKS Automation/Registration Module/New Registration/Form 2/Add 1 Eligible: Test Cases/Final Aug 2018 - PKS Automation/Registration Module/New Registration/Form 2/Add 1 Eligible

2018-12-07 12:19:33 - [TEST_STEP][PASSED] - delay: Delayed 2 second(s)

2018-12-07 12:19:35 - [MESSAGE][PASSED] - Delayed 2 second(s)

2018-12-07 12:19:35 - [TEST_STEP][PASSED] - callTestCase: Call Test Case 'Test Cases/Final Aug 2018 - PKS Automation/Registration Module/New Registration/Form 2/Date Updater' successfully

2018-12-07 12:19:35 - [TEST_CASE][PASSED] - Test Cases/Final Aug 2018 - PKS Automation/Registration Module/New Registration/Form 2/Date Updater: Test Cases/Final Aug 2018 - PKS Automation/Registration Module/New Registration/Form 2/Date Updater

2018-12-07 12:19:35 - [TEST_STEP][PASSED] - Statement - TodayDate = new java.util.Date(): null

2018-12-07 12:19:35 - [TEST_STEP][PASSED] - Statement - CurrentDateNoFilter = new java.text.SimpleDateFormat(): null

2018-12-07 12:19:35 - [TEST_STEP][PASSED] - Statement - CurrentDateNoFilter.applyPattern("MM"): null

2018-12-07 12:19:35 - [TEST_STEP][PASSED] - Statement - monthContainerMatcher = java.lang.Integer.parseInt(CurrentDateNoFilter.format(TodayDate)): null

2018-12-07 12:19:35 - [TEST_STEP][PASSED] - Statement - monthContainerMatcher = monthContainerMatcher - 1: null

2018-12-07 12:19:35 - [TEST_STEP][PASSED] - Statement - CurrentMonth = monthContainerMatcher.toString(): null

2018-12-07 12:19:35 - [TEST_STEP][PASSED] - Statement - CurrentMonth = CurrentMonth: null

2018-12-07 12:19:35 - [TEST_STEP][PASSED] - Statement - CurrentDateNoFilter.applyPattern("yyyy"): null

2018-12-07 12:19:35 - [TEST_STEP][PASSED] - Statement - CurrentYear = CurrentDateNoFilter.format(TodayDate): null

2018-12-07 12:19:35 - [TEST_STEP][PASSED] - Statement - CurrentYear = CurrentYear: null

2018-12-07 12:19:35 - [TEST_STEP][PASSED] - Statement - intCurrentYear = java.lang.Integer.parseInt(CurrentDateNoFilter.format(TodayDate)): null

2018-12-07 12:19:35 - [TEST_STEP][PASSED] - Statement - eighteenYrsAgo = intCurrentYear - 18: null

2018-12-07 12:19:35 - [TEST_STEP][PASSED] - Statement - eighteenYrsBeforeThisYr = eighteenYrsAgo.toString(): null

2018-12-07 12:19:35 - [TEST_STEP][PASSED] - Statement - EighteenYrsBefore = eighteenYrsBeforeThisYr: null

2018-12-07 12:19:35 - [TEST_STEP][PASSED] - Statement - fiftysevenYrsAgo = intCurrentYear - 57: null

2018-12-07 12:19:35 - [TEST_STEP][PASSED] - Statement - fiftysevenYrsBeforeThisYr = fiftysevenYrsAgo.toString(): null

2018-12-07 12:19:35 - [TEST_STEP][PASSED] - Statement - FiftysevenYrsBefore = fiftysevenYrsBeforeThisYr: null

2018-12-07 12:19:35 - [TEST_STEP][PASSED] - Statement - leapYear = false: null

2018-12-07 12:19:35 - [TEST_STEP][PASSED] - Statement - leapYear = intCurrentYear % 4 == 0: null

2018-12-07 12:19:35 - [TEST_STEP][PASSED] - Statement - CurrentDateNoFilter.applyPattern("dd"): null

2018-12-07 12:19:35 - [TEST_STEP][PASSED] - Statement - CurrentDate = CurrentDateNoFilter.format(TodayDate): null

2018-12-07 12:19:35 - [TEST_STEP][PASSED] - Statement - CurrentDate = java.lang.Integer.parseInt(CurrentDate): null

2018-12-07 12:19:35 - [TEST_STEP][PASSED] - Statement - CurrentDate = CurrentDate: null

2018-12-07 12:19:35 - [TEST_STEP][PASSED] - Statement - CurrentDay = java.lang.Integer.parseInt(CurrentDate): null

2018-12-07 12:19:35 - [TEST_STEP][PASSED] - Statement - ConfAdder = <not implemented yet for class: org.codehaus.groovy.ast.expr.EmptyExpression>: null

2018-12-07 12:19:35 - [TEST_STEP][PASSED] - Statement - out.println(CurrentMonth): null

2018-12-07 12:19:35 - [TEST_STEP][PASSED] - Statement - out.println(CurrentDate): null

2018-12-07 12:19:35 - [TEST_STEP][PASSED] - Statement - switch (CurrentDate): null

2018-12-07 12:19:35 - [TEST_STEP][PASSED] - Statement - Default: null

2018-12-07 12:19:35 - [TEST_STEP][PASSED] - Statement - ConfAdder = true: null

2018-12-07 12:19:35 - [TEST_STEP][PASSED] - Statement - Break: null

2018-12-07 12:19:35 - [TEST_STEP][PASSED] - Statement - aDayBefore = <not implemented yet for class: org.codehaus.groovy.ast.expr.EmptyExpression>: null

2018-12-07 12:19:35 - [TEST_STEP][PASSED] - Statement - out.println(ConfAdder): null

2018-12-07 12:19:35 - [TEST_STEP][PASSED] - Statement - If (ConfAdder == true): null

2018-12-07 12:19:35 - [TEST_STEP][PASSED] - Statement - aDayBefore = CurrentDay + 1: null

2018-12-07 12:19:35 - [TEST_STEP][PASSED] - Statement - out.println(aDayBefore): null

2018-12-07 12:19:35 - [TEST_STEP][PASSED] - Statement - If (aDayBefore == 1 && CurrentMonth == 11): null

2018-12-07 12:19:35 - [TEST_STEP][PASSED] - Statement - DayBefore = aDayBefore.toString(): null

2018-12-07 12:19:35 - [TEST_STEP][PASSED] - Statement - OneDayBefore = DayBefore: null

2018-12-07 12:19:35 - [MESSAGE][PASSED] - Call Test Case 'Test Cases/Final Aug 2018 - PKS Automation/Registration Module/New Registration/Form 2/Date Updater' successfully

2018-12-07 12:19:36 - [TEST_STEP][PASSED] - delay: Delayed 1 second(s)

2018-12-07 12:19:37 - [MESSAGE][PASSED] - Delayed 1 second(s)

2018-12-07 12:19:37 - [TEST_STEP][PASSED] - Statement - CaseReferenceNo = com.kms.katalon.core.webui.keyword.WebUiBuiltInKeywords.getText(com.kms.katalon.core.testobject.ObjectRepository.findTestObject(Final Object Repo/New Registration - Registration Module Pages/Form 2/RefNo Acquiring)): Text of object 'Object Repository/Final Object Repo/New Registration - Registration Module Pages/Form 2/RefNo Acquiring' is: 'CRN12201800123091'

2018-12-07 12:19:37 - [MESSAGE][PASSED] - Text of object 'Object Repository/Final Object Repo/New Registration - Registration Module Pages/Form 2/RefNo Acquiring' is: 'CRN12201800123091'

2018-12-07 12:19:37 - [TEST_STEP][PASSED] - delay: Delayed 1 second(s)

2018-12-07 12:19:38 - [MESSAGE][PASSED] - Delayed 1 second(s)

2018-12-07 12:19:38 - [TEST_STEP][PASSED] - click: Object: 'Object Repository/Final Object Repo/New Registration - Registration Module Pages/Form 2/Add Employee Button' is clicked on

2018-12-07 12:19:38 - [MESSAGE][PASSED] - Object: 'Object Repository/Final Object Repo/New Registration - Registration Module Pages/Form 2/Add Employee Button' is clicked on

2018-12-07 12:19:38 - [TEST_STEP][PASSED] - delay: Delayed 1 second(s)

2018-12-07 12:19:39 - [MESSAGE][PASSED] - Delayed 1 second(s)

2018-12-07 12:19:39 - [TEST_STEP][PASSED] - setText: Text '010903091963' is set on object 'Object Repository/Final Object Repo/New Registration - Registration Module Pages/Form 2/NRIC Input'

2018-12-07 12:19:39 - [MESSAGE][PASSED] - Text '010903091963' is set on object 'Object Repository/Final Object Repo/New Registration - Registration Module Pages/Form 2/NRIC Input'

2018-12-07 12:19:39 - [TEST_STEP][PASSED] - click: Object: 'Object Repository/Final Object Repo/New Registration - Registration Module Pages/Form 2/button for search for IC' is clicked on

2018-12-07 12:19:39 - [MESSAGE][PASSED] - Object: 'Object Repository/Final Object Repo/New Registration - Registration Module Pages/Form 2/button for search for IC' is clicked on

2018-12-07 12:19:39 - [TEST_STEP][PASSED] - delay: Delayed 2 second(s)

2018-12-07 12:19:41 - [MESSAGE][PASSED] - Delayed 2 second(s)

2018-12-07 12:19:41 - [TEST_STEP][PASSED] - setText: Text 'Automate001 eligible 1' is set on object 'Object Repository/Final Object Repo/New Registration - Registration Module Pages/Form 2/Employee Name Input'

2018-12-07 12:19:42 - [MESSAGE][PASSED] - Text 'Automate001 eligible 1' is set on object 'Object Repository/Final Object Repo/New Registration - Registration Module Pages/Form 2/Employee Name Input'

2018-12-07 12:19:42 - [TEST_STEP][PASSED] - delay: Delayed 2 second(s)

2018-12-07 12:19:44 - [MESSAGE][PASSED] - Delayed 2 second(s)

2018-12-07 12:19:44 - [TEST_STEP][PASSED] - click: Object: 'Object Repository/Final Object Repo/New Registration - Registration Module Pages/Form 2/DatePicker Pop Up' is clicked on

2018-12-07 12:19:44 - [MESSAGE][PASSED] - Object: 'Object Repository/Final Object Repo/New Registration - Registration Module Pages/Form 2/DatePicker Pop Up' is clicked on

2018-12-07 12:19:44 - [TEST_STEP][PASSED] - click: Object: 'Object Repository/Final Object Repo/New Registration - Registration Module Pages/Form 2/DOB Month' is clicked on

2018-12-07 12:19:45 - [MESSAGE][PASSED] - Object: 'Object Repository/Final Object Repo/New Registration - Registration Module Pages/Form 2/DOB Month' is clicked on

2018-12-07 12:19:45 - [TEST_STEP][PASSED] - Statement - CurrentMonth = CurrentMonth: null

2018-12-07 12:19:45 - [TEST_STEP][PASSED] - Statement - selectMonth = new com.kms.katalon.core.testobject.TestObject(): null

2018-12-07 12:19:45 - [TEST_STEP][PASSED] - Statement - selectMonth.addProperty("xpath", EQUALS, "//body/div/div/div/select/option[@value='" + CurrentMonth + "']", true): null

2018-12-07 12:19:45 - [TEST_STEP][PASSED] - click: Object: '' is clicked on

2018-12-07 12:19:45 - [MESSAGE][PASSED] - Object: '' is clicked on

2018-12-07 12:19:45 - [TEST_STEP][PASSED] - click: Object: 'Object Repository/Final Object Repo/New Registration - Registration Module Pages/Form 2/DOB Year' is clicked on

2018-12-07 12:19:45 - [MESSAGE][PASSED] - Object: 'Object Repository/Final Object Repo/New Registration - Registration Module Pages/Form 2/DOB Year' is clicked on

2018-12-07 12:19:45 - [TEST_STEP][PASSED] - Statement - Eyearsbf = EighteenYrsBefore: null

2018-12-07 12:19:45 - [TEST_STEP][PASSED] - Statement - selectYear = new com.kms.katalon.core.testobject.TestObject(): null

2018-12-07 12:19:45 - [TEST_STEP][PASSED] - Statement - selectYear.addProperty("xpath", EQUALS, "//div/div/div/select/option[@value='" + Eyearsbf + "']", true): null

2018-12-07 12:19:45 - [TEST_STEP][PASSED] - click: Object: '' is clicked on

2018-12-07 12:19:45 - [MESSAGE][PASSED] - Object: '' is clicked on

2018-12-07 12:19:45 - [TEST_STEP][PASSED] - Statement - UpdatedSelectDate = com.kms.katalon.core.webui.keyword.WebUiBuiltInKeywords.modifyObjectProperty(com.kms.katalon.core.testobject.ObjectRepository.findTestObject(Final Object Repo/New Registration - Registration Module Pages/Form 2/DOB Date), "xpath", "equals", "//body/div/table/tbody/tr/td/a[text()="" + CurrentDate + ""]", true): Modify property of object successfully

2018-12-07 12:19:45 - [MESSAGE][PASSED] - Modify property of object successfully

2018-12-07 12:19:45 - [TEST_STEP][PASSED] - delay: Delayed 3 second(s)

2018-12-07 12:19:48 - [MESSAGE][PASSED] - Delayed 3 second(s)

2018-12-07 12:19:48 - [TEST_STEP][PASSED] - click: Object: 'Object Repository/Final Object Repo/New Registration - Registration Module Pages/Form 2/DOB Date' is clicked on

2018-12-07 12:19:48 - [MESSAGE][PASSED] - Object: 'Object Repository/Final Object Repo/New Registration - Registration Module Pages/Form 2/DOB Date' is clicked on

2018-12-07 12:19:48 - [TEST_STEP][PASSED] - delay: Delayed 2 second(s)

2018-12-07 12:19:50 - [MESSAGE][PASSED] - Delayed 2 second(s)

2018-12-07 12:19:50 - [TEST_STEP][PASSED] - click: Object: 'Object Repository/Final Object Repo/New Registration - Registration Module Pages/Form 2/EmploymentStartDate Pop Up' is clicked on

2018-12-07 12:19:50 - [MESSAGE][PASSED] - Object: 'Object Repository/Final Object Repo/New Registration - Registration Module Pages/Form 2/EmploymentStartDate Pop Up' is clicked on

2018-12-07 12:19:50 - [TEST_STEP][PASSED] - delay: Delayed 2 second(s)

2018-12-07 12:19:52 - [MESSAGE][PASSED] - Delayed 2 second(s)

2018-12-07 12:19:52 - [TEST_STEP][PASSED] - click: Object: 'Object Repository/Final Object Repo/New Registration - Registration Module Pages/Form 2/Socso Employment StartDate Month' is clicked on

2018-12-07 12:19:52 - [MESSAGE][PASSED] - Object: 'Object Repository/Final Object Repo/New Registration - Registration Module Pages/Form 2/Socso Employment StartDate Month' is clicked on

2018-12-07 12:19:52 - [TEST_STEP][PASSED] - delay: Delayed 1 second(s)

2018-12-07 12:19:53 - [MESSAGE][PASSED] - Delayed 1 second(s)

2018-12-07 12:19:53 - [TEST_STEP][PASSED] - click: Object: 'Object Repository/Final Object Repo/New Registration - Registration Module Pages/Form 2/Select Socso Employement Startdate Month' is clicked on

2018-12-07 12:19:54 - [MESSAGE][PASSED] - Object: 'Object Repository/Final Object Repo/New Registration - Registration Module Pages/Form 2/Select Socso Employement Startdate Month' is clicked on

2018-12-07 12:19:54 - [TEST_STEP][PASSED] - delay: Delayed 2 second(s)

2018-12-07 12:19:56 - [MESSAGE][PASSED] - Delayed 2 second(s)

2018-12-07 12:19:56 - [TEST_STEP][PASSED] - click: Object: 'Object Repository/Final Object Repo/New Registration - Registration Module Pages/Form 2/Socso Employment StartDate Year' is clicked on

2018-12-07 12:19:56 - [MESSAGE][PASSED] - Object: 'Object Repository/Final Object Repo/New Registration - Registration Module Pages/Form 2/Socso Employment StartDate Year' is clicked on

2018-12-07 12:19:56 - [TEST_STEP][PASSED] - delay: Delayed 1 second(s)

2018-12-07 12:19:57 - [MESSAGE][PASSED] - Delayed 1 second(s)

2018-12-07 12:19:57 - [TEST_STEP][PASSED] - click: Object: 'Object Repository/Final Object Repo/New Registration - Registration Module Pages/Form 2/Select Socso Employment Startdate Year' is clicked on

2018-12-07 12:19:57 - [MESSAGE][PASSED] - Object: 'Object Repository/Final Object Repo/New Registration - Registration Module Pages/Form 2/Select Socso Employment Startdate Year' is clicked on

2018-12-07 12:19:57 - [TEST_STEP][PASSED] - delay: Delayed 2 second(s)

2018-12-07 12:19:59 - [MESSAGE][PASSED] - Delayed 2 second(s)

2018-12-07 12:19:59 - [TEST_STEP][PASSED] - click: Object: 'Object Repository/Final Object Repo/New Registration - Registration Module Pages/Form 2/Socso Employment Start Date Day' is clicked on

2018-12-07 12:19:59 - [MESSAGE][PASSED] - Object: 'Object Repository/Final Object Repo/New Registration - Registration Module Pages/Form 2/Socso Employment Start Date Day' is clicked on

2018-12-07 12:19:59 - [TEST_STEP][PASSED] - delay: Delayed 2 second(s)

2018-12-07 12:20:01 - [MESSAGE][PASSED] - Delayed 2 second(s)

2018-12-07 12:20:01 - [TEST_STEP][PASSED] - click: Object: 'Object Repository/Final Object Repo/New Registration - Registration Module Pages/Form 2/Save Button for Add Employee' is clicked on

2018-12-07 12:20:01 - [MESSAGE][PASSED] - Object: 'Object Repository/Final Object Repo/New Registration - Registration Module Pages/Form 2/Save Button for Add Employee' is clicked on

2018-12-07 12:20:01 - [TEST_STEP][PASSED] - delay: Delayed 6 second(s)

2018-12-07 12:20:07 - [MESSAGE][PASSED] - Delayed 6 second(s)

2018-12-07 12:20:07 - [TEST_STEP][PASSED] - click: Object: 'Object Repository/Final Object Repo/New Registration - Registration Module Pages/Form 2/Save and Continue Form 2' is clicked on

2018-12-07 12:20:08 - [MESSAGE][PASSED] - Object: 'Object Repository/Final Object Repo/New Registration - Registration Module Pages/Form 2/Save and Continue Form 2' is clicked on

2018-12-07 12:20:08 - [MESSAGE][PASSED] - Call Test Case 'Test Cases/Final Aug 2018 - PKS Automation/Registration Module/New Registration/Form 2/Add 1 Eligible' successfully

2018-12-07 12:20:08 - [TEST_STEP][PASSED] - callTestCase: Call Test Case 'Test Cases/Final Aug 2018 - PKS Automation/Registration Module/New Registration/Flow of New Registration/Third Screen - Upload Supporting Doc - Preview' successfully

2018-12-07 12:20:08 - [TEST_CASE][PASSED] - Test Cases/Final Aug 2018 - PKS Automation/Registration Module/New Registration/Flow of New Registration/Third Screen - Upload Supporting Doc - Preview: Test Cases/Final Aug 2018 - PKS Automation/Registration Module/New Registration/Flow of New Registration/Third Screen - Upload Supporting Doc - Preview

2018-12-07 12:20:08 - [TEST_STEP][PASSED] - waitForPageLoad: Wait for page load successfully

2018-12-07 12:20:09 - [MESSAGE][PASSED] - Wait for page load successfully

2018-12-07 12:20:09 - [TEST_STEP][PASSED] - Statement - CaseReferenceNo = com.kms.katalon.core.webui.keyword.WebUiBuiltInKeywords.getText(com.kms.katalon.core.testobject.ObjectRepository.findTestObject(Final Object Repo/New Registration - Registration Module Pages/Third Screen - Upload Supporting Doc- Preview/RefNo Acquiring)): Text of object 'Object Repository/Final Object Repo/New Registration - Registration Module Pages/Third Screen - Upload Supporting Doc- Preview/RefNo Acquiring' is: 'CRN12201800123091'

2018-12-07 12:20:09 - [MESSAGE][PASSED] - Text of object 'Object Repository/Final Object Repo/New Registration - Registration Module Pages/Third Screen - Upload Supporting Doc- Preview/RefNo Acquiring' is: 'CRN12201800123091'

2018-12-07 12:20:09 - [TEST_STEP][PASSED] - delay: Delayed 2 second(s)

2018-12-07 12:20:11 - [MESSAGE][PASSED] - Delayed 2 second(s)

2018-12-07 12:20:11 - [TEST_STEP][PASSED] - callTestCase: Call Test Case 'Test Cases/Final Aug 2018 - PKS Automation/Common/Reference Number Setter' successfully

2018-12-07 12:20:11 - [TEST_CASE][PASSED] - Test Cases/Final Aug 2018 - PKS Automation/Common/Reference Number Setter: Test Cases/Final Aug 2018 - PKS Automation/Common/Reference Number Setter

2018-12-07 12:20:11 - [TEST_STEP][PASSED] - Statement - RefNoOldFile = new java.io.File(C://Users//Admin//Desktop//PKS//Automation Reference Point//KatalonReference.txt): null

2018-12-07 12:20:11 - [TEST_STEP][PASSED] - Statement - RefNoOldFile.delete(): null

2018-12-07 12:20:11 - [TEST_STEP][PASSED] - delay: Delayed 5 second(s)

2018-12-07 12:20:16 - [MESSAGE][PASSED] - Delayed 5 second(s)

2018-12-07 12:20:16 - [TEST_STEP][PASSED] - Statement - RefNo = new java.io.File(C://Users//Admin//Desktop//PKS//Automation Reference Point//KatalonReference.txt): null

2018-12-07 12:20:16 - [TEST_STEP][PASSED] - Statement - f2 = new java.io.FileWriter(RefNo, false): null

2018-12-07 12:20:16 - [TEST_STEP][PASSED] - Statement - f2.write(CaseReferenceNo): null

2018-12-07 12:20:16 - [TEST_STEP][PASSED] - Statement - f2.close(): null

2018-12-07 12:20:16 - [TEST_STEP][PASSED] - Statement - out.println("


" + CaseReferenceNo + "


"): null

2018-12-07 12:20:16 - [MESSAGE][PASSED] - Call Test Case 'Test Cases/Final Aug 2018 - PKS Automation/Common/Reference Number Setter' successfully

2018-12-07 12:20:16 - [TEST_STEP][PASSED] - waitForElementClickable: Object 'Object Repository/Final Object Repo/New Registration - Registration Module Pages/Third Screen - Upload Supporting Doc- Preview/Save n Continue in SIP Employee Listing Page' is clickable

2018-12-07 12:20:16 - [MESSAGE][PASSED] - Object 'Object Repository/Final Object Repo/New Registration - Registration Module Pages/Third Screen - Upload Supporting Doc- Preview/Save n Continue in SIP Employee Listing Page' is clickable

2018-12-07 12:20:16 - [TEST_STEP][PASSED] - click: Object: 'Object Repository/Final Object Repo/New Registration - Registration Module Pages/Third Screen - Upload Supporting Doc- Preview/Save n Continue in SIP Employee Listing Page' is clicked on

2018-12-07 12:20:21 - [MESSAGE][PASSED] - Object: 'Object Repository/Final Object Repo/New Registration - Registration Module Pages/Third Screen - Upload Supporting Doc- Preview/Save n Continue in SIP Employee Listing Page' is clicked on

2018-12-07 12:20:21 - [TEST_STEP][PASSED] - delay: Delayed 7 second(s)

2018-12-07 12:20:28 - [MESSAGE][PASSED] - Delayed 7 second(s)

2018-12-07 12:20:28 - [TEST_STEP][PASSED] - click: Object: 'Object Repository/Final Object Repo/New Registration - Registration Module Pages/Third Screen - Upload Supporting Doc- Preview/Add Document Button' is clicked on

2018-12-07 12:20:28 - [MESSAGE][PASSED] - Object: 'Object Repository/Final Object Repo/New Registration - Registration Module Pages/Third Screen - Upload Supporting Doc- Preview/Add Document Button' is clicked on

2018-12-07 12:20:28 - [TEST_STEP][PASSED] - delay: Delayed 30 second(s)

2018-12-07 12:20:58 - [MESSAGE][PASSED] - Delayed 30 second(s)

2018-12-07 12:20:58 - [TEST_STEP][PASSED] - click: Object: 'Object Repository/Final Object Repo/New Registration - Registration Module Pages/Third Screen - Upload Supporting Doc- Preview/Supporting Doc Please Select Drop Down' is clicked on

2018-12-07 12:20:58 - [MESSAGE][PASSED] - Object: 'Object Repository/Final Object Repo/New Registration - Registration Module Pages/Third Screen - Upload Supporting Doc- Preview/Supporting Doc Please Select Drop Down' is clicked on

2018-12-07 12:20:58 - [TEST_STEP][PASSED] - delay: Delayed 2 second(s)

2018-12-07 12:21:00 - [MESSAGE][PASSED] - Delayed 2 second(s)

2018-12-07 12:21:00 - [TEST_STEP][PASSED] - click: Object: 'Object Repository/Final Object Repo/New Registration - Registration Module Pages/Third Screen - Upload Supporting Doc- Preview/Select to Upload Form 1' is clicked on

2018-12-07 12:21:00 - [MESSAGE][PASSED] - Object: 'Object Repository/Final Object Repo/New Registration - Registration Module Pages/Third Screen - Upload Supporting Doc- Preview/Select to Upload Form 1' is clicked on

2018-12-07 12:21:00 - [TEST_STEP][PASSED] - delay: Delayed 2 second(s)

2018-12-07 12:21:02 - [MESSAGE][PASSED] - Delayed 2 second(s)

2018-12-07 12:21:02 - [TEST_STEP][PASSED] - uploadFile: File 'C:\Users\Public\Pictures\Sample Pictures\Koala.jpg' sent to object: 'Object Repository/Final Object Repo/New Registration - Registration Module Pages/Third Screen - Upload Supporting Doc- Preview/Upload File Adding'

2018-12-07 12:21:03 - [MESSAGE][PASSED] - File 'C:\Users\Public\Pictures\Sample Pictures\Koala.jpg' sent to object: 'Object Repository/Final Object Repo/New Registration - Registration Module Pages/Third Screen - Upload Supporting Doc- Preview/Upload File Adding'

2018-12-07 12:21:03 - [TEST_STEP][PASSED] - delay: Delayed 5 second(s)

2018-12-07 12:21:08 - [MESSAGE][PASSED] - Delayed 5 second(s)

2018-12-07 12:21:08 - [TEST_STEP][PASSED] - click: Object: 'Object Repository/Final Object Repo/New Registration - Registration Module Pages/Third Screen - Upload Supporting Doc- Preview/Inner Form Add Document Button' is clicked on

2018-12-07 12:21:08 - [MESSAGE][PASSED] - Object: 'Object Repository/Final Object Repo/New Registration - Registration Module Pages/Third Screen - Upload Supporting Doc- Preview/Inner Form Add Document Button' is clicked on

2018-12-07 12:21:08 - [TEST_STEP][PASSED] - delay: Delayed 3 second(s)

2018-12-07 12:21:11 - [MESSAGE][PASSED] - Delayed 3 second(s)

2018-12-07 12:21:11 - [TEST_STEP][PASSED] - click: Object: 'Object Repository/Final Object Repo/New Registration - Registration Module Pages/Third Screen - Upload Supporting Doc- Preview/Add Document Button' is clicked on

2018-12-07 12:21:12 - [MESSAGE][PASSED] - Object: 'Object Repository/Final Object Repo/New Registration - Registration Module Pages/Third Screen - Upload Supporting Doc- Preview/Add Document Button' is clicked on

2018-12-07 12:21:12 - [TEST_STEP][PASSED] - delay: Delayed 30 second(s)

2018-12-07 12:21:42 - [MESSAGE][PASSED] - Delayed 30 second(s)

2018-12-07 12:21:42 - [TEST_STEP][PASSED] - click: Object: 'Object Repository/Final Object Repo/New Registration - Registration Module Pages/Third Screen - Upload Supporting Doc- Preview/Supporting Doc Please Select Drop Down' is clicked on

2018-12-07 12:21:42 - [MESSAGE][PASSED] - Object: 'Object Repository/Final Object Repo/New Registration - Registration Module Pages/Third Screen - Upload Supporting Doc- Preview/Supporting Doc Please Select Drop Down' is clicked on

2018-12-07 12:21:42 - [TEST_STEP][PASSED] - delay: Delayed 2 second(s)

2018-12-07 12:21:44 - [MESSAGE][PASSED] - Delayed 2 second(s)

2018-12-07 12:21:44 - [TEST_STEP][PASSED] - click: Object: 'Object Repository/Final Object Repo/New Registration - Registration Module Pages/Third Screen - Upload Supporting Doc- Preview/Select to Upload Form 2' is clicked on

2018-12-07 12:21:44 - [MESSAGE][PASSED] - Object: 'Object Repository/Final Object Repo/New Registration - Registration Module Pages/Third Screen - Upload Supporting Doc- Preview/Select to Upload Form 2' is clicked on

2018-12-07 12:21:44 - [TEST_STEP][PASSED] - delay: Delayed 2 second(s)

2018-12-07 12:21:46 - [MESSAGE][PASSED] - Delayed 2 second(s)

2018-12-07 12:21:46 - [TEST_STEP][PASSED] - uploadFile: File 'C:\Users\Public\Pictures\Sample Pictures\Koala.jpg' sent to object: 'Object Repository/Final Object Repo/New Registration - Registration Module Pages/Third Screen - Upload Supporting Doc- Preview/Upload File Adding'

2018-12-07 12:21:46 - [MESSAGE][PASSED] - File 'C:\Users\Public\Pictures\Sample Pictures\Koala.jpg' sent to object: 'Object Repository/Final Object Repo/New Registration - Registration Module Pages/Third Screen - Upload Supporting Doc- Preview/Upload File Adding'

2018-12-07 12:21:46 - [TEST_STEP][PASSED] - click: Object: 'Object Repository/Final Object Repo/New Registration - Registration Module Pages/Third Screen - Upload Supporting Doc- Preview/Inner Form Add Document Button' is clicked on

2018-12-07 12:21:46 - [MESSAGE][PASSED] - Object: 'Object Repository/Final Object Repo/New Registration - Registration Module Pages/Third Screen - Upload Supporting Doc- Preview/Inner Form Add Document Button' is clicked on

2018-12-07 12:21:46 - [TEST_STEP][PASSED] - delay: Delayed 5 second(s)

2018-12-07 12:21:51 - [MESSAGE][PASSED] - Delayed 5 second(s)

2018-12-07 12:21:51 - [TEST_STEP][PASSED] - click: Object: 'Object Repository/Final Object Repo/New Registration - Registration Module Pages/Third Screen - Upload Supporting Doc- Preview/Add Document Button' is clicked on

2018-12-07 12:21:52 - [MESSAGE][PASSED] - Object: 'Object Repository/Final Object Repo/New Registration - Registration Module Pages/Third Screen - Upload Supporting Doc- Preview/Add Document Button' is clicked on

2018-12-07 12:21:52 - [TEST_STEP][PASSED] - delay: Delayed 30 second(s)

2018-12-07 12:22:22 - [MESSAGE][PASSED] - Delayed 30 second(s)

2018-12-07 12:22:22 - [TEST_STEP][PASSED] - click: Object: 'Object Repository/Final Object Repo/New Registration - Registration Module Pages/Third Screen - Upload Supporting Doc- Preview/Supporting Doc Please Select Drop Down' is clicked on

2018-12-07 12:22:22 - [MESSAGE][PASSED] - Object: 'Object Repository/Final Object Repo/New Registration - Registration Module Pages/Third Screen - Upload Supporting Doc- Preview/Supporting Doc Please Select Drop Down' is clicked on

2018-12-07 12:22:22 - [TEST_STEP][PASSED] - click: Object: 'Object Repository/Final Object Repo/New Registration - Registration Module Pages/Third Screen - Upload Supporting Doc- Preview/Select to Upload Borang SIP 1' is clicked on

2018-12-07 12:22:22 - [MESSAGE][PASSED] - Object: 'Object Repository/Final Object Repo/New Registration - Registration Module Pages/Third Screen - Upload Supporting Doc- Preview/Select to Upload Borang SIP 1' is clicked on

2018-12-07 12:22:22 - [TEST_STEP][PASSED] - delay: Delayed 2 second(s)

2018-12-07 12:22:24 - [MESSAGE][PASSED] - Delayed 2 second(s)

2018-12-07 12:22:24 - [TEST_STEP][PASSED] - uploadFile: File 'C:\Users\Public\Pictures\Sample Pictures\Koala.jpg' sent to object: 'Object Repository/Final Object Repo/New Registration - Registration Module Pages/Third Screen - Upload Supporting Doc- Preview/Upload File Adding'

2018-12-07 12:22:24 - [MESSAGE][PASSED] - File 'C:\Users\Public\Pictures\Sample Pictures\Koala.jpg' sent to object: 'Object Repository/Final Object Repo/New Registration - Registration Module Pages/Third Screen - Upload Supporting Doc- Preview/Upload File Adding'

2018-12-07 12:22:24 - [TEST_STEP][PASSED] - click: Object: 'Object Repository/Final Object Repo/New Registration - Registration Module Pages/Third Screen - Upload Supporting Doc- Preview/Inner Form Add Document Button' is clicked on

2018-12-07 12:22:24 - [MESSAGE][PASSED] - Object: 'Object Repository/Final Object Repo/New Registration - Registration Module Pages/Third Screen - Upload Supporting Doc- Preview/Inner Form Add Document Button' is clicked on

2018-12-07 12:22:24 - [TEST_STEP][PASSED] - delay: Delayed 5 second(s)

2018-12-07 12:22:29 - [MESSAGE][PASSED] - Delayed 5 second(s)

2018-12-07 12:22:29 - [TEST_STEP][PASSED] - click: Object: 'Object Repository/Final Object Repo/New Registration - Registration Module Pages/Third Screen - Upload Supporting Doc- Preview/Add Document Button' is clicked on

2018-12-07 12:22:30 - [MESSAGE][PASSED] - Object: 'Object Repository/Final Object Repo/New Registration - Registration Module Pages/Third Screen - Upload Supporting Doc- Preview/Add Document Button' is clicked on

2018-12-07 12:22:30 - [TEST_STEP][PASSED] - delay: Delayed 30 second(s)

2018-12-07 12:23:00 - [MESSAGE][PASSED] - Delayed 30 second(s)

2018-12-07 12:23:00 - [TEST_STEP][PASSED] - click: Object: 'Object Repository/Final Object Repo/New Registration - Registration Module Pages/Third Screen - Upload Supporting Doc- Preview/Supporting Doc Please Select Drop Down' is clicked on

2018-12-07 12:23:00 - [MESSAGE][PASSED] - Object: 'Object Repository/Final Object Repo/New Registration - Registration Module Pages/Third Screen - Upload Supporting Doc- Preview/Supporting Doc Please Select Drop Down' is clicked on

2018-12-07 12:23:00 - [TEST_STEP][PASSED] - delay: Delayed 3 second(s)

2018-12-07 12:23:03 - [MESSAGE][PASSED] - Delayed 3 second(s)

2018-12-07 12:23:03 - [TEST_STEP][PASSED] - click: Object: 'Object Repository/Final Object Repo/New Registration - Registration Module Pages/Third Screen - Upload Supporting Doc- Preview/Select to Upload Borang SIP 2' is clicked on

2018-12-07 12:23:03 - [MESSAGE][PASSED] - Object: 'Object Repository/Final Object Repo/New Registration - Registration Module Pages/Third Screen - Upload Supporting Doc- Preview/Select to Upload Borang SIP 2' is clicked on

2018-12-07 12:23:03 - [TEST_STEP][PASSED] - delay: Delayed 2 second(s)

2018-12-07 12:23:05 - [MESSAGE][PASSED] - Delayed 2 second(s)

2018-12-07 12:23:05 - [TEST_STEP][PASSED] - uploadFile: File 'C:\Users\Public\Pictures\Sample Pictures\Koala.jpg' sent to object: 'Object Repository/Final Object Repo/New Registration - Registration Module Pages/Third Screen - Upload Supporting Doc- Preview/Upload File Adding'

2018-12-07 12:23:05 - [MESSAGE][PASSED] - File 'C:\Users\Public\Pictures\Sample Pictures\Koala.jpg' sent to object: 'Object Repository/Final Object Repo/New Registration - Registration Module Pages/Third Screen - Upload Supporting Doc- Preview/Upload File Adding'

2018-12-07 12:23:05 - [TEST_STEP][PASSED] - delay: Delayed 5 second(s)

2018-12-07 12:23:10 - [MESSAGE][PASSED] - Delayed 5 second(s)

2018-12-07 12:23:10 - [TEST_STEP][PASSED] - click: Object: 'Object Repository/Final Object Repo/New Registration - Registration Module Pages/Third Screen - Upload Supporting Doc- Preview/Inner Form Add Document Button' is clicked on

2018-12-07 12:23:10 - [MESSAGE][PASSED] - Object: 'Object Repository/Final Object Repo/New Registration - Registration Module Pages/Third Screen - Upload Supporting Doc- Preview/Inner Form Add Document Button' is clicked on

2018-12-07 12:23:10 - [TEST_STEP][PASSED] - delay: Delayed 3 second(s)

2018-12-07 12:23:13 - [MESSAGE][PASSED] - Delayed 3 second(s)

2018-12-07 12:23:13 - [TEST_STEP][PASSED] - waitForElementClickable: Object 'Object Repository/Final Object Repo/New Registration - Registration Module Pages/Third Screen - Upload Supporting Doc- Preview/Save n Continue in Uploading Supporting Doc Page' is clickable

2018-12-07 12:23:15 - [MESSAGE][PASSED] - Object 'Object Repository/Final Object Repo/New Registration - Registration Module Pages/Third Screen - Upload Supporting Doc- Preview/Save n Continue in Uploading Supporting Doc Page' is clickable

2018-12-07 12:23:15 - [TEST_STEP][PASSED] - click: Object: 'Object Repository/Final Object Repo/New Registration - Registration Module Pages/Third Screen - Upload Supporting Doc- Preview/Save n Continue in Uploading Supporting Doc Page' is clicked on

2018-12-07 12:23:15 - [MESSAGE][PASSED] - Object: 'Object Repository/Final Object Repo/New Registration - Registration Module Pages/Third Screen - Upload Supporting Doc- Preview/Save n Continue in Uploading Supporting Doc Page' is clicked on

2018-12-07 12:23:15 - [MESSAGE][PASSED] - Call Test Case 'Test Cases/Final Aug 2018 - PKS Automation/Registration Module/New Registration/Flow of New Registration/Third Screen - Upload Supporting Doc - Preview' successfully

2018-12-07 12:23:15 - [TEST_STEP][PASSED] - callTestCase: Call Test Case 'Test Cases/Final Aug 2018 - PKS Automation/Registration Module/New Registration/Submit and Screenshot/Submit Registration and Screenshot - Copy' successfully

2018-12-07 12:23:15 - [TEST_CASE][PASSED] - Test Cases/Final Aug 2018 - PKS Automation/Registration Module/New Registration/Submit and Screenshot/Submit Registration and Screenshot - Copy: Test Cases/Final Aug 2018 - PKS Automation/Registration Module/New Registration/Submit and Screenshot/Submit Registration and Screenshot - Copy

2018-12-07 12:23:15 - [TEST_STEP][PASSED] - delay: Delayed 6 second(s)

2018-12-07 12:23:21 - [MESSAGE][PASSED] - Delayed 6 second(s)

2018-12-07 12:23:21 - [TEST_STEP][PASSED] - click: Object: 'Object Repository/Final Object Repo/New Registration - Registration Module Pages/Third Screen - Upload Supporting Doc- Preview/Preview Submit Button' is clicked on

2018-12-07 12:23:21 - [MESSAGE][PASSED] - Object: 'Object Repository/Final Object Repo/New Registration - Registration Module Pages/Third Screen - Upload Supporting Doc- Preview/Preview Submit Button' is clicked on

2018-12-07 12:23:21 - [TEST_STEP][PASSED] - delay: Delayed 2 second(s)

2018-12-07 12:23:23 - [MESSAGE][PASSED] - Delayed 2 second(s)

2018-12-07 12:23:23 - [TEST_STEP][PASSED] - click: Object: 'Object Repository/Final Object Repo/New Registration - Registration Module Pages/Third Screen - Upload Supporting Doc- Preview/Preview Submit - Confirm' is clicked on

2018-12-07 12:23:23 - [MESSAGE][PASSED] - Object: 'Object Repository/Final Object Repo/New Registration - Registration Module Pages/Third Screen - Upload Supporting Doc- Preview/Preview Submit - Confirm' is clicked on

2018-12-07 12:23:23 - [TEST_STEP][PASSED] - delay: Delayed 15 second(s)

2018-12-07 12:23:38 - [MESSAGE][PASSED] - Delayed 15 second(s)

2018-12-07 12:23:38 - [TEST_STEP][PASSED] - Statement - driver = com.kms.katalon.core.webui.driver.DriverFactory.getWebDriver(): null

2018-12-07 12:23:38 - [TEST_STEP][PASSED] - Statement - driver.manage().timeouts().implicitlyWait(10, SECONDS): null

2018-12-07 12:23:38 - [TEST_STEP][PASSED] - Statement - PresavePath = KatalonScreenshots: null

2018-12-07 12:23:38 - [TEST_STEP][PASSED] - Statement - pathPrefix = "C:\Users\Public\Pictures\Sample Pictures\Katalon Screenshots\Automate Ending Screen": null

2018-12-07 12:23:38 - [TEST_STEP][PASSED] - Statement - finalPath = <not implemented yet for class: org.codehaus.groovy.ast.expr.EmptyExpression>: null

2018-12-07 12:23:38 - [TEST_STEP][PASSED] - Statement - scrFile = driver.getScreenshotAs(FILE): null

2018-12-07 12:23:39 - [TEST_STEP][PASSED] - Statement - PreSaveFile = new java.io.File(PresavePath): null

2018-12-07 12:23:39 - [TEST_STEP][PASSED] - Statement - counter = 0: null

2018-12-07 12:23:39 - [TEST_STEP][PASSED] - Statement - If (PreSaveFile.exists()): null

2018-12-07 12:23:39 - [TEST_STEP][PASSED] - Statement - While (PreSaveFile.exists()): null

2018-12-07 12:23:39 - [TEST_STEP][PASSED] - Statement - counter = counter + 1: null

2018-12-07 12:23:39 - [TEST_STEP][PASSED] - Statement - PreSaveFile = new java.io.File(((pathPrefix + java.lang.Integer.toString(counter)) + .png)): null

2018-12-07 12:23:39 - [TEST_STEP][PASSED] - Statement - counter = counter + 1: null

2018-12-07 12:23:39 - [TEST_STEP][PASSED] - Statement - PreSaveFile = new java.io.File(((pathPrefix + java.lang.Integer.toString(counter)) + .png)): null

2018-12-07 12:23:39 - [TEST_STEP][PASSED] - Statement - counter = counter + 1: null

2018-12-07 12:23:39 - [TEST_STEP][PASSED] - Statement - PreSaveFile = new java.io.File(((pathPrefix + java.lang.Integer.toString(counter)) + .png)): null

2018-12-07 12:23:39 - [TEST_STEP][PASSED] - Statement - counter = counter + 1: null

2018-12-07 12:23:39 - [TEST_STEP][PASSED] - Statement - PreSaveFile = new java.io.File(((pathPrefix + java.lang.Integer.toString(counter)) + .png)): null

2018-12-07 12:23:39 - [TEST_STEP][PASSED] - Statement - counter = counter + 1: null

2018-12-07 12:23:39 - [TEST_STEP][PASSED] - Statement - PreSaveFile = new java.io.File(((pathPrefix + java.lang.Integer.toString(counter)) + .png)): null

2018-12-07 12:23:39 - [TEST_STEP][PASSED] - Statement - counter = counter + 1: null

2018-12-07 12:23:39 - [TEST_STEP][PASSED] - Statement - PreSaveFile = new java.io.File(((pathPrefix + java.lang.Integer.toString(counter)) + .png)): null

2018-12-07 12:23:39 - [TEST_STEP][PASSED] - Statement - counter = counter + 1: null

2018-12-07 12:23:39 - [TEST_STEP][PASSED] - Statement - PreSaveFile = new java.io.File(((pathPrefix + java.lang.Integer.toString(counter)) + .png)): null

2018-12-07 12:23:39 - [TEST_STEP][PASSED] - Statement - counter = counter + 1: null

2018-12-07 12:23:39 - [TEST_STEP][PASSED] - Statement - PreSaveFile = new java.io.File(((pathPrefix + java.lang.Integer.toString(counter)) + .png)): null

2018-12-07 12:23:39 - [TEST_STEP][PASSED] - Statement - counter = counter + 1: null

2018-12-07 12:23:39 - [TEST_STEP][PASSED] - Statement - PreSaveFile = new java.io.File(((pathPrefix + java.lang.Integer.toString(counter)) + .png)): null

2018-12-07 12:23:39 - [TEST_STEP][PASSED] - Statement - counter = counter + 1: null

2018-12-07 12:23:39 - [TEST_STEP][PASSED] - Statement - PreSaveFile = new java.io.File(((pathPrefix + java.lang.Integer.toString(counter)) + .png)): null

2018-12-07 12:23:39 - [TEST_STEP][PASSED] - Statement - counter = counter + 1: null

2018-12-07 12:23:39 - [TEST_STEP][PASSED] - Statement - PreSaveFile = new java.io.File(((pathPrefix + java.lang.Integer.toString(counter)) + .png)): null

2018-12-07 12:23:39 - [TEST_STEP][PASSED] - Statement - counter = counter + 1: null

2018-12-07 12:23:39 - [TEST_STEP][PASSED] - Statement - PreSaveFile = new java.io.File(((pathPrefix + java.lang.Integer.toString(counter)) + .png)): null

2018-12-07 12:23:39 - [TEST_STEP][PASSED] - Statement - counter = counter + 1: null

2018-12-07 12:23:39 - [TEST_STEP][PASSED] - Statement - PreSaveFile = new java.io.File(((pathPrefix + java.lang.Integer.toString(counter)) + .png)): null

2018-12-07 12:23:39 - [TEST_STEP][PASSED] - Statement - counter = counter + 1: null

2018-12-07 12:23:39 - [TEST_STEP][PASSED] - Statement - PreSaveFile = new java.io.File(((pathPrefix + java.lang.Integer.toString(counter)) + .png)): null

2018-12-07 12:23:39 - [TEST_STEP][PASSED] - Statement - counter = counter + 1: null

2018-12-07 12:23:39 - [TEST_STEP][PASSED] - Statement - PreSaveFile = new java.io.File(((pathPrefix + java.lang.Integer.toString(counter)) + .png)): null

2018-12-07 12:23:39 - [TEST_STEP][PASSED] - Statement - counter = counter + 1: null

2018-12-07 12:23:39 - [TEST_STEP][PASSED] - Statement - PreSaveFile = new java.io.File(((pathPrefix + java.lang.Integer.toString(counter)) + .png)): null

2018-12-07 12:23:39 - [TEST_STEP][PASSED] - Statement - counter = counter + 1: null

2018-12-07 12:23:39 - [TEST_STEP][PASSED] - Statement - PreSaveFile = new java.io.File(((pathPrefix + java.lang.Integer.toString(counter)) + .png)): null

2018-12-07 12:23:39 - [TEST_STEP][PASSED] - Statement - counter = counter + 1: null

2018-12-07 12:23:39 - [TEST_STEP][PASSED] - Statement - PreSaveFile = new java.io.File(((pathPrefix + java.lang.Integer.toString(counter)) + .png)): null

2018-12-07 12:23:39 - [TEST_STEP][PASSED] - Statement - counter = counter + 1: null

2018-12-07 12:23:39 - [TEST_STEP][PASSED] - Statement - PreSaveFile = new java.io.File(((pathPrefix + java.lang.Integer.toString(counter)) + .png)): null

2018-12-07 12:23:39 - [TEST_STEP][PASSED] - Statement - counter = counter + 1: null

2018-12-07 12:23:39 - [TEST_STEP][PASSED] - Statement - PreSaveFile = new java.io.File(((pathPrefix + java.lang.Integer.toString(counter)) + .png)): null

2018-12-07 12:23:40 - [TEST_STEP][PASSED] - Statement - counter = counter + 1: null

2018-12-07 12:23:40 - [TEST_STEP][PASSED] - Statement - PreSaveFile = new java.io.File(((pathPrefix + java.lang.Integer.toString(counter)) + .png)): null

2018-12-07 12:23:40 - [TEST_STEP][PASSED] - Statement - counter = counter + 1: null

2018-12-07 12:23:40 - [TEST_STEP][PASSED] - Statement - PreSaveFile = new java.io.File(((pathPrefix + java.lang.Integer.toString(counter)) + .png)): null

2018-12-07 12:23:40 - [TEST_STEP][PASSED] - Statement - counter = counter + 1: null

2018-12-07 12:23:40 - [TEST_STEP][PASSED] - Statement - PreSaveFile = new java.io.File(((pathPrefix + java.lang.Integer.toString(counter)) + .png)): null

2018-12-07 12:23:40 - [TEST_STEP][PASSED] - Statement - counter = counter + 1: null

2018-12-07 12:23:40 - [TEST_STEP][PASSED] - Statement - PreSaveFile = new java.io.File(((pathPrefix + java.lang.Integer.toString(counter)) + .png)): null

2018-12-07 12:23:40 - [TEST_STEP][PASSED] - Statement - counter = counter + 1: null

2018-12-07 12:23:40 - [TEST_STEP][PASSED] - Statement - PreSaveFile = new java.io.File(((pathPrefix + java.lang.Integer.toString(counter)) + .png)): null

2018-12-07 12:23:40 - [TEST_STEP][PASSED] - Statement - counter = counter + 1: null

2018-12-07 12:23:40 - [TEST_STEP][PASSED] - Statement - PreSaveFile = new java.io.File(((pathPrefix + java.lang.Integer.toString(counter)) + .png)): null

2018-12-07 12:23:40 - [TEST_STEP][PASSED] - Statement - counter = counter + 1: null

2018-12-07 12:23:40 - [TEST_STEP][PASSED] - Statement - PreSaveFile = new java.io.File(((pathPrefix + java.lang.Integer.toString(counter)) + .png)): null

2018-12-07 12:23:40 - [TEST_STEP][PASSED] - Statement - counter = counter + 1: null

2018-12-07 12:23:40 - [TEST_STEP][PASSED] - Statement - PreSaveFile = new java.io.File(((pathPrefix + java.lang.Integer.toString(counter)) + .png)): null

2018-12-07 12:23:40 - [TEST_STEP][PASSED] - Statement - counter = counter + 1: null

2018-12-07 12:23:40 - [TEST_STEP][PASSED] - Statement - PreSaveFile = new java.io.File(((pathPrefix + java.lang.Integer.toString(counter)) + .png)): null

2018-12-07 12:23:40 - [TEST_STEP][PASSED] - Statement - counter = counter + 1: null

2018-12-07 12:23:40 - [TEST_STEP][PASSED] - Statement - PreSaveFile = new java.io.File(((pathPrefix + java.lang.Integer.toString(counter)) + .png)): null

2018-12-07 12:23:40 - [TEST_STEP][PASSED] - Statement - counter = counter + 1: null

2018-12-07 12:23:40 - [TEST_STEP][PASSED] - Statement - PreSaveFile = new java.io.File(((pathPrefix + java.lang.Integer.toString(counter)) + .png)): null

2018-12-07 12:23:40 - [TEST_STEP][PASSED] - Statement - counter = counter + 1: null

2018-12-07 12:23:40 - [TEST_STEP][PASSED] - Statement - PreSaveFile = new java.io.File(((pathPrefix + java.lang.Integer.toString(counter)) + .png)): null

2018-12-07 12:23:40 - [TEST_STEP][PASSED] - Statement - counter = counter + 1: null

2018-12-07 12:23:40 - [TEST_STEP][PASSED] - Statement - PreSaveFile = new java.io.File(((pathPrefix + java.lang.Integer.toString(counter)) + .png)): null

2018-12-07 12:23:40 - [TEST_STEP][PASSED] - Statement - counter = counter + 1: null

2018-12-07 12:23:40 - [TEST_STEP][PASSED] - Statement - PreSaveFile = new java.io.File(((pathPrefix + java.lang.Integer.toString(counter)) + .png)): null

2018-12-07 12:23:40 - [TEST_STEP][PASSED] - Statement - counter = counter + 1: null

2018-12-07 12:23:40 - [TEST_STEP][PASSED] - Statement - PreSaveFile = new java.io.File(((pathPrefix + java.lang.Integer.toString(counter)) + .png)): null

2018-12-07 12:23:40 - [TEST_STEP][PASSED] - Statement - counter = counter + 1: null

2018-12-07 12:23:40 - [TEST_STEP][PASSED] - Statement - PreSaveFile = new java.io.File(((pathPrefix + java.lang.Integer.toString(counter)) + .png)): null

2018-12-07 12:23:40 - [TEST_STEP][PASSED] - Statement - counter = counter + 1: null

2018-12-07 12:23:40 - [TEST_STEP][PASSED] - Statement - PreSaveFile = new java.io.File(((pathPrefix + java.lang.Integer.toString(counter)) + .png)): null

2018-12-07 12:23:40 - [TEST_STEP][PASSED] - Statement - counter = counter + 1: null

2018-12-07 12:23:40 - [TEST_STEP][PASSED] - Statement - PreSaveFile = new java.io.File(((pathPrefix + java.lang.Integer.toString(counter)) + .png)): null

2018-12-07 12:23:40 - [TEST_STEP][PASSED] - Statement - counter = counter + 1: null

2018-12-07 12:23:41 - [TEST_STEP][PASSED] - Statement - PreSaveFile = new java.io.File(((pathPrefix + java.lang.Integer.toString(counter)) + .png)): null

2018-12-07 12:23:41 - [TEST_STEP][PASSED] - Statement - counter = counter + 1: null

2018-12-07 12:23:41 - [TEST_STEP][PASSED] - Statement - PreSaveFile = new java.io.File(((pathPrefix + java.lang.Integer.toString(counter)) + .png)): null

2018-12-07 12:23:41 - [TEST_STEP][PASSED] - Statement - counter = counter + 1: null

2018-12-07 12:23:41 - [TEST_STEP][PASSED] - Statement - PreSaveFile = new java.io.File(((pathPrefix + java.lang.Integer.toString(counter)) + .png)): null

2018-12-07 12:23:41 - [TEST_STEP][PASSED] - Statement - counter = counter + 1: null

2018-12-07 12:23:41 - [TEST_STEP][PASSED] - Statement - PreSaveFile = new java.io.File(((pathPrefix + java.lang.Integer.toString(counter)) + .png)): null

2018-12-07 12:23:41 - [TEST_STEP][PASSED] - Statement - counter = counter + 1: null

2018-12-07 12:23:41 - [TEST_STEP][PASSED] - Statement - PreSaveFile = new java.io.File(((pathPrefix + java.lang.Integer.toString(counter)) + .png)): null

2018-12-07 12:23:41 - [TEST_STEP][PASSED] - Statement - counter = counter + 1: null

2018-12-07 12:23:41 - [TEST_STEP][PASSED] - Statement - PreSaveFile = new java.io.File(((pathPrefix + java.lang.Integer.toString(counter)) + .png)): null

2018-12-07 12:23:41 - [TEST_STEP][PASSED] - Statement - counter = counter + 1: null

2018-12-07 12:23:41 - [TEST_STEP][PASSED] - Statement - PreSaveFile = new java.io.File(((pathPrefix + java.lang.Integer.toString(counter)) + .png)): null

2018-12-07 12:23:41 - [TEST_STEP][PASSED] - Statement - counter = counter + 1: null

2018-12-07 12:23:41 - [TEST_STEP][PASSED] - Statement - PreSaveFile = new java.io.File(((pathPrefix + java.lang.Integer.toString(counter)) + .png)): null

2018-12-07 12:23:41 - [TEST_STEP][PASSED] - Statement - counter = counter + 1: null

2018-12-07 12:23:41 - [TEST_STEP][PASSED] - Statement - PreSaveFile = new java.io.File(((pathPrefix + java.lang.Integer.toString(counter)) + .png)): null

2018-12-07 12:23:41 - [TEST_STEP][PASSED] - Statement - counter = counter + 1: null

2018-12-07 12:23:41 - [TEST_STEP][PASSED] - Statement - PreSaveFile = new java.io.File(((pathPrefix + java.lang.Integer.toString(counter)) + .png)): null

2018-12-07 12:23:41 - [TEST_STEP][PASSED] - Statement - counter = counter + 1: null

2018-12-07 12:23:41 - [TEST_STEP][PASSED] - Statement - PreSaveFile = new java.io.File(((pathPrefix + java.lang.Integer.toString(counter)) + .png)): null

2018-12-07 12:23:41 - [TEST_STEP][PASSED] - Statement - counter = counter + 1: null

2018-12-07 12:23:41 - [TEST_STEP][PASSED] - Statement - PreSaveFile = new java.io.File(((pathPrefix + java.lang.Integer.toString(counter)) + .png)): null

2018-12-07 12:23:41 - [TEST_STEP][PASSED] - Statement - counter = counter + 1: null

2018-12-07 12:23:41 - [TEST_STEP][PASSED] - Statement - PreSaveFile = new java.io.File(((pathPrefix + java.lang.Integer.toString(counter)) + .png)): null

2018-12-07 12:23:41 - [TEST_STEP][PASSED] - Statement - counter = counter + 1: null

2018-12-07 12:23:41 - [TEST_STEP][PASSED] - Statement - PreSaveFile = new java.io.File(((pathPrefix + java.lang.Integer.toString(counter)) + .png)): null

2018-12-07 12:23:41 - [TEST_STEP][PASSED] - Statement - counter = counter + 1: null

2018-12-07 12:23:42 - [TEST_STEP][PASSED] - Statement - PreSaveFile = new java.io.File(((pathPrefix + java.lang.Integer.toString(counter)) + .png)): null

2018-12-07 12:23:42 - [TEST_STEP][PASSED] - Statement - counter = counter + 1: null

2018-12-07 12:23:42 - [TEST_STEP][PASSED] - Statement - PreSaveFile = new java.io.File(((pathPrefix + java.lang.Integer.toString(counter)) + .png)): null

2018-12-07 12:23:42 - [TEST_STEP][PASSED] - Statement - counter = counter + 1: null

2018-12-07 12:23:42 - [TEST_STEP][PASSED] - Statement - PreSaveFile = new java.io.File(((pathPrefix + java.lang.Integer.toString(counter)) + .png)): null

2018-12-07 12:23:42 - [TEST_STEP][PASSED] - Statement - counter = counter + 1: null

2018-12-07 12:23:42 - [TEST_STEP][PASSED] - Statement - PreSaveFile = new java.io.File(((pathPrefix + java.lang.Integer.toString(counter)) + .png)): null

2018-12-07 12:23:42 - [TEST_STEP][PASSED] - Statement - counter = counter + 1: null

2018-12-07 12:23:42 - [TEST_STEP][PASSED] - Statement - PreSaveFile = new java.io.File(((pathPrefix + java.lang.Integer.toString(counter)) + .png)): null

2018-12-07 12:23:42 - [TEST_STEP][PASSED] - Statement - counter = counter + 1: null

2018-12-07 12:23:42 - [TEST_STEP][PASSED] - Statement - PreSaveFile = new java.io.File(((pathPrefix + java.lang.Integer.toString(counter)) + .png)): null

2018-12-07 12:23:42 - [TEST_STEP][PASSED] - Statement - counter = counter + 1: null

2018-12-07 12:23:42 - [TEST_STEP][PASSED] - Statement - PreSaveFile = new java.io.File(((pathPrefix + java.lang.Integer.toString(counter)) + .png)): null

2018-12-07 12:23:42 - [TEST_STEP][PASSED] - Statement - counter = counter + 1: null

2018-12-07 12:23:42 - [TEST_STEP][PASSED] - Statement - PreSaveFile = new java.io.File(((pathPrefix + java.lang.Integer.toString(counter)) + .png)): null

2018-12-07 12:23:42 - [TEST_STEP][PASSED] - Statement - counter = counter + 1: null

2018-12-07 12:23:42 - [TEST_STEP][PASSED] - Statement - PreSaveFile = new java.io.File(((pathPrefix + java.lang.Integer.toString(counter)) + .png)): null

2018-12-07 12:23:42 - [TEST_STEP][PASSED] - Statement - counter = counter + 1: null

2018-12-07 12:23:42 - [TEST_STEP][PASSED] - Statement - PreSaveFile = new java.io.File(((pathPrefix + java.lang.Integer.toString(counter)) + .png)): null

2018-12-07 12:23:42 - [TEST_STEP][PASSED] - Statement - counter = counter + 1: null

2018-12-07 12:23:42 - [TEST_STEP][PASSED] - Statement - PreSaveFile = new java.io.File(((pathPrefix + java.lang.Integer.toString(counter)) + .png)): null

2018-12-07 12:23:42 - [TEST_STEP][PASSED] - Statement - counter = counter + 1: null

2018-12-07 12:23:42 - [TEST_STEP][PASSED] - Statement - PreSaveFile = new java.io.File(((pathPrefix + java.lang.Integer.toString(counter)) + .png)): null

2018-12-07 12:23:42 - [TEST_STEP][PASSED] - Statement - counter = counter + 1: null

2018-12-07 12:23:42 - [TEST_STEP][PASSED] - Statement - PreSaveFile = new java.io.File(((pathPrefix + java.lang.Integer.toString(counter)) + .png)): null

2018-12-07 12:23:42 - [TEST_STEP][PASSED] - Statement - counter = counter + 1: null

2018-12-07 12:23:42 - [TEST_STEP][PASSED] - Statement - PreSaveFile = new java.io.File(((pathPrefix + java.lang.Integer.toString(counter)) + .png)): null

2018-12-07 12:23:42 - [TEST_STEP][PASSED] - Statement - counter = counter + 1: null

2018-12-07 12:23:42 - [TEST_STEP][PASSED] - Statement - PreSaveFile = new java.io.File(((pathPrefix + java.lang.Integer.toString(counter)) + .png)): null

2018-12-07 12:23:43 - [TEST_STEP][PASSED] - Statement - counter = counter + 1: null

2018-12-07 12:23:43 - [TEST_STEP][PASSED] - Statement - PreSaveFile = new java.io.File(((pathPrefix + java.lang.Integer.toString(counter)) + .png)): null

2018-12-07 12:23:43 - [TEST_STEP][PASSED] - Statement - counter = counter + 1: null

2018-12-07 12:23:43 - [TEST_STEP][PASSED] - Statement - PreSaveFile = new java.io.File(((pathPrefix + java.lang.Integer.toString(counter)) + .png)): null

2018-12-07 12:23:43 - [TEST_STEP][PASSED] - Statement - counter = counter + 1: null

2018-12-07 12:23:43 - [TEST_STEP][PASSED] - Statement - PreSaveFile = new java.io.File(((pathPrefix + java.lang.Integer.toString(counter)) + .png)): null

2018-12-07 12:23:43 - [TEST_STEP][PASSED] - Statement - counter = counter + 1: null

2018-12-07 12:23:43 - [TEST_STEP][PASSED] - Statement - PreSaveFile = new java.io.File(((pathPrefix + java.lang.Integer.toString(counter)) + .png)): null

2018-12-07 12:23:43 - [TEST_STEP][PASSED] - Statement - counter = counter + 1: null

2018-12-07 12:23:43 - [TEST_STEP][PASSED] - Statement - PreSaveFile = new java.io.File(((pathPrefix + java.lang.Integer.toString(counter)) + .png)): null

2018-12-07 12:23:43 - [TEST_STEP][PASSED] - Statement - counter = counter + 1: null

2018-12-07 12:23:43 - [TEST_STEP][PASSED] - Statement - PreSaveFile = new java.io.File(((pathPrefix + java.lang.Integer.toString(counter)) + .png)): null

2018-12-07 12:23:43 - [TEST_STEP][PASSED] - Statement - counter = counter + 1: null

2018-12-07 12:23:43 - [TEST_STEP][PASSED] - Statement - PreSaveFile = new java.io.File(((pathPrefix + java.lang.Integer.toString(counter)) + .png)): null

2018-12-07 12:23:43 - [TEST_STEP][PASSED] - Statement - counter = counter + 1: null

2018-12-07 12:23:43 - [TEST_STEP][PASSED] - Statement - PreSaveFile = new java.io.File(((pathPrefix + java.lang.Integer.toString(counter)) + .png)): null

2018-12-07 12:23:43 - [TEST_STEP][PASSED] - Statement - counter = counter + 1: null

2018-12-07 12:23:43 - [TEST_STEP][PASSED] - Statement - PreSaveFile = new java.io.File(((pathPrefix + java.lang.Integer.toString(counter)) + .png)): null

2018-12-07 12:23:43 - [TEST_STEP][PASSED] - Statement - counter = counter + 1: null

2018-12-07 12:23:43 - [TEST_STEP][PASSED] - Statement - PreSaveFile = new java.io.File(((pathPrefix + java.lang.Integer.toString(counter)) + .png)): null

2018-12-07 12:23:43 - [TEST_STEP][PASSED] - Statement - counter = counter + 1: null

2018-12-07 12:23:43 - [TEST_STEP][PASSED] - Statement - PreSaveFile = new java.io.File(((pathPrefix + java.lang.Integer.toString(counter)) + .png)): null

2018-12-07 12:23:43 - [TEST_STEP][PASSED] - Statement - counter = counter + 1: null

2018-12-07 12:23:43 - [TEST_STEP][PASSED] - Statement - PreSaveFile = new java.io.File(((pathPrefix + java.lang.Integer.toString(counter)) + .png)): null

2018-12-07 12:23:43 - [TEST_STEP][PASSED] - Statement - counter = counter + 1: null

2018-12-07 12:23:43 - [TEST_STEP][PASSED] - Statement - PreSaveFile = new java.io.File(((pathPrefix + java.lang.Integer.toString(counter)) + .png)): null

2018-12-07 12:23:43 - [TEST_STEP][PASSED] - Statement - counter = counter + 1: null

2018-12-07 12:23:43 - [TEST_STEP][PASSED] - Statement - PreSaveFile = new java.io.File(((pathPrefix + java.lang.Integer.toString(counter)) + .png)): null

2018-12-07 12:23:43 - [TEST_STEP][PASSED] - Statement - counter = counter + 1: null

2018-12-07 12:23:43 - [TEST_STEP][PASSED] - Statement - PreSaveFile = new java.io.File(((pathPrefix + java.lang.Integer.toString(counter)) + .png)): null

2018-12-07 12:23:43 - [TEST_STEP][PASSED] - Statement - counter = counter + 1: null

2018-12-07 12:23:43 - [TEST_STEP][PASSED] - Statement - PreSaveFile = new java.io.File(((pathPrefix + java.lang.Integer.toString(counter)) + .png)): null

2018-12-07 12:23:43 - [TEST_STEP][PASSED] - Statement - counter = counter + 1: null

2018-12-07 12:23:43 - [TEST_STEP][PASSED] - Statement - PreSaveFile = new java.io.File(((pathPrefix + java.lang.Integer.toString(counter)) + .png)): null

2018-12-07 12:23:43 - [TEST_STEP][PASSED] - Statement - counter = counter + 1: null

2018-12-07 12:23:43 - [TEST_STEP][PASSED] - Statement - PreSaveFile = new java.io.File(((pathPrefix + java.lang.Integer.toString(counter)) + .png)): null

2018-12-07 12:23:43 - [TEST_STEP][PASSED] - Statement - counter = counter + 1: null

2018-12-07 12:23:43 - [TEST_STEP][PASSED] - Statement - PreSaveFile = new java.io.File(((pathPrefix + java.lang.Integer.toString(counter)) + .png)): null

2018-12-07 12:23:44 - [TEST_STEP][PASSED] - Statement - counter = counter + 1: null

2018-12-07 12:23:44 - [TEST_STEP][PASSED] - Statement - PreSaveFile = new java.io.File(((pathPrefix + java.lang.Integer.toString(counter)) + .png)): null

2018-12-07 12:23:44 - [TEST_STEP][PASSED] - Statement - counter = counter + 1: null

2018-12-07 12:23:44 - [TEST_STEP][PASSED] - Statement - PreSaveFile = new java.io.File(((pathPrefix + java.lang.Integer.toString(counter)) + .png)): null

2018-12-07 12:23:44 - [TEST_STEP][PASSED] - Statement - counter = counter + 1: null

2018-12-07 12:23:44 - [TEST_STEP][PASSED] - Statement - PreSaveFile = new java.io.File(((pathPrefix + java.lang.Integer.toString(counter)) + .png)): null

2018-12-07 12:23:44 - [TEST_STEP][PASSED] - Statement - counter = counter + 1: null

2018-12-07 12:23:44 - [TEST_STEP][PASSED] - Statement - PreSaveFile = new java.io.File(((pathPrefix + java.lang.Integer.toString(counter)) + .png)): null

2018-12-07 12:23:44 - [TEST_STEP][PASSED] - Statement - counter = counter + 1: null

2018-12-07 12:23:44 - [TEST_STEP][PASSED] - Statement - PreSaveFile = new java.io.File(((pathPrefix + java.lang.Integer.toString(counter)) + .png)): null

2018-12-07 12:23:44 - [TEST_STEP][PASSED] - Statement - counter = counter + 1: null

2018-12-07 12:23:44 - [TEST_STEP][PASSED] - Statement - PreSaveFile = new java.io.File(((pathPrefix + java.lang.Integer.toString(counter)) + .png)): null

2018-12-07 12:23:44 - [TEST_STEP][PASSED] - Statement - counter = counter + 1: null

2018-12-07 12:23:44 - [TEST_STEP][PASSED] - Statement - PreSaveFile = new java.io.File(((pathPrefix + java.lang.Integer.toString(counter)) + .png)): null

2018-12-07 12:23:44 - [TEST_STEP][PASSED] - Statement - counter = counter + 1: null

2018-12-07 12:23:44 - [TEST_STEP][PASSED] - Statement - PreSaveFile = new java.io.File(((pathPrefix + java.lang.Integer.toString(counter)) + .png)): null

2018-12-07 12:23:44 - [TEST_STEP][PASSED] - Statement - counter = counter + 1: null

2018-12-07 12:23:44 - [TEST_STEP][PASSED] - Statement - PreSaveFile = new java.io.File(((pathPrefix + java.lang.Integer.toString(counter)) + .png)): null

2018-12-07 12:23:44 - [TEST_STEP][PASSED] - Statement - counter = counter + 1: null

2018-12-07 12:23:44 - [TEST_STEP][PASSED] - Statement - PreSaveFile = new java.io.File(((pathPrefix + java.lang.Integer.toString(counter)) + .png)): null

2018-12-07 12:23:44 - [TEST_STEP][PASSED] - Statement - counter = counter + 1: null

2018-12-07 12:23:44 - [TEST_STEP][PASSED] - Statement - PreSaveFile = new java.io.File(((pathPrefix + java.lang.Integer.toString(counter)) + .png)): null

2018-12-07 12:23:44 - [TEST_STEP][PASSED] - Statement - counter = counter + 1: null

2018-12-07 12:23:44 - [TEST_STEP][PASSED] - Statement - PreSaveFile = new java.io.File(((pathPrefix + java.lang.Integer.toString(counter)) + .png)): null

2018-12-07 12:23:44 - [TEST_STEP][PASSED] - Statement - counter = counter + 1: null

2018-12-07 12:23:44 - [TEST_STEP][PASSED] - Statement - PreSaveFile = new java.io.File(((pathPrefix + java.lang.Integer.toString(counter)) + .png)): null

2018-12-07 12:23:44 - [TEST_STEP][PASSED] - Statement - counter = counter + 1: null

2018-12-07 12:23:44 - [TEST_STEP][PASSED] - Statement - PreSaveFile = new java.io.File(((pathPrefix + java.lang.Integer.toString(counter)) + .png)): null

2018-12-07 12:23:44 - [TEST_STEP][PASSED] - Statement - counter = counter + 1: null

2018-12-07 12:23:45 - [TEST_STEP][PASSED] - Statement - PreSaveFile = new java.io.File(((pathPrefix + java.lang.Integer.toString(counter)) + .png)): null

2018-12-07 12:23:45 - [TEST_STEP][PASSED] - Statement - counter = counter + 1: null

2018-12-07 12:23:45 - [TEST_STEP][PASSED] - Statement - PreSaveFile = new java.io.File(((pathPrefix + java.lang.Integer.toString(counter)) + .png)): null

2018-12-07 12:23:45 - [TEST_STEP][PASSED] - Statement - counter = counter + 1: null

2018-12-07 12:23:45 - [TEST_STEP][PASSED] - Statement - PreSaveFile = new java.io.File(((pathPrefix + java.lang.Integer.toString(counter)) + .png)): null

2018-12-07 12:23:45 - [TEST_STEP][PASSED] - Statement - counter = counter + 1: null

2018-12-07 12:23:45 - [TEST_STEP][PASSED] - Statement - PreSaveFile = new java.io.File(((pathPrefix + java.lang.Integer.toString(counter)) + .png)): null

2018-12-07 12:23:45 - [TEST_STEP][PASSED] - Statement - counter = counter + 1: null

2018-12-07 12:23:45 - [TEST_STEP][PASSED] - Statement - PreSaveFile = new java.io.File(((pathPrefix + java.lang.Integer.toString(counter)) + .png)): null

2018-12-07 12:23:45 - [TEST_STEP][PASSED] - Statement - counter = counter + 1: null

2018-12-07 12:23:45 - [TEST_STEP][PASSED] - Statement - PreSaveFile = new java.io.File(((pathPrefix + java.lang.Integer.toString(counter)) + .png)): null

2018-12-07 12:23:45 - [TEST_STEP][PASSED] - Statement - counter = counter + 1: null

2018-12-07 12:23:45 - [TEST_STEP][PASSED] - Statement - PreSaveFile = new java.io.File(((pathPrefix + java.lang.Integer.toString(counter)) + .png)): null

2018-12-07 12:23:45 - [TEST_STEP][PASSED] - Statement - counter = counter + 1: null

2018-12-07 12:23:45 - [TEST_STEP][PASSED] - Statement - PreSaveFile = new java.io.File(((pathPrefix + java.lang.Integer.toString(counter)) + .png)): null

2018-12-07 12:23:45 - [TEST_STEP][PASSED] - Statement - counter = counter + 1: null

2018-12-07 12:23:45 - [TEST_STEP][PASSED] - Statement - PreSaveFile = new java.io.File(((pathPrefix + java.lang.Integer.toString(counter)) + .png)): null

2018-12-07 12:23:45 - [TEST_STEP][PASSED] - Statement - counter = counter + 1: null

2018-12-07 12:23:45 - [TEST_STEP][PASSED] - Statement - PreSaveFile = new java.io.File(((pathPrefix + java.lang.Integer.toString(counter)) + .png)): null

2018-12-07 12:23:45 - [TEST_STEP][PASSED] - Statement - counter = counter + 1: null

2018-12-07 12:23:45 - [TEST_STEP][PASSED] - Statement - PreSaveFile = new java.io.File(((pathPrefix + java.lang.Integer.toString(counter)) + .png)): null

2018-12-07 12:23:45 - [TEST_STEP][PASSED] - Statement - counter = counter + 1: null

2018-12-07 12:23:45 - [TEST_STEP][PASSED] - Statement - PreSaveFile = new java.io.File(((pathPrefix + java.lang.Integer.toString(counter)) + .png)): null

2018-12-07 12:23:45 - [TEST_STEP][PASSED] - Statement - counter = counter + 1: null

2018-12-07 12:23:45 - [TEST_STEP][PASSED] - Statement - PreSaveFile = new java.io.File(((pathPrefix + java.lang.Integer.toString(counter)) + .png)): null

2018-12-07 12:23:45 - [TEST_STEP][PASSED] - Statement - counter = counter + 1: null

2018-12-07 12:23:45 - [TEST_STEP][PASSED] - Statement - PreSaveFile = new java.io.File(((pathPrefix + java.lang.Integer.toString(counter)) + .png)): null

2018-12-07 12:23:45 - [TEST_STEP][PASSED] - Statement - counter = counter + 1: null

2018-12-07 12:23:46 - [TEST_STEP][PASSED] - Statement - PreSaveFile = new java.io.File(((pathPrefix + java.lang.Integer.toString(counter)) + .png)): null

2018-12-07 12:23:46 - [TEST_STEP][PASSED] - Statement - counter = counter + 1: null

2018-12-07 12:23:46 - [TEST_STEP][PASSED] - Statement - PreSaveFile = new java.io.File(((pathPrefix + java.lang.Integer.toString(counter)) + .png)): null

2018-12-07 12:23:46 - [TEST_STEP][PASSED] - Statement - counter = counter + 1: null

2018-12-07 12:23:46 - [TEST_STEP][PASSED] - Statement - PreSaveFile = new java.io.File(((pathPrefix + java.lang.Integer.toString(counter)) + .png)): null

2018-12-07 12:23:46 - [TEST_STEP][PASSED] - Statement - counter = counter + 1: null

2018-12-07 12:23:46 - [TEST_STEP][PASSED] - Statement - PreSaveFile = new java.io.File(((pathPrefix + java.lang.Integer.toString(counter)) + .png)): null

2018-12-07 12:23:46 - [TEST_STEP][PASSED] - Statement - counter = counter + 1: null

2018-12-07 12:23:46 - [TEST_STEP][PASSED] - Statement - PreSaveFile = new java.io.File(((pathPrefix + java.lang.Integer.toString(counter)) + .png)): null

2018-12-07 12:23:46 - [TEST_STEP][PASSED] - Statement - counter = counter + 1: null

2018-12-07 12:23:46 - [TEST_STEP][PASSED] - Statement - PreSaveFile = new java.io.File(((pathPrefix + java.lang.Integer.toString(counter)) + .png)): null

2018-12-07 12:23:46 - [TEST_STEP][PASSED] - Statement - counter = counter + 1: null

2018-12-07 12:23:46 - [TEST_STEP][PASSED] - Statement - PreSaveFile = new java.io.File(((pathPrefix + java.lang.Integer.toString(counter)) + .png)): null

2018-12-07 12:23:46 - [TEST_STEP][PASSED] - Statement - counter = counter + 1: null

2018-12-07 12:23:46 - [TEST_STEP][PASSED] - Statement - PreSaveFile = new java.io.File(((pathPrefix + java.lang.Integer.toString(counter)) + .png)): null

2018-12-07 12:23:46 - [TEST_STEP][PASSED] - Statement - counter = counter + 1: null

2018-12-07 12:23:46 - [TEST_STEP][PASSED] - Statement - PreSaveFile = new java.io.File(((pathPrefix + java.lang.Integer.toString(counter)) + .png)): null

2018-12-07 12:23:46 - [TEST_STEP][PASSED] - Statement - counter = counter + 1: null

2018-12-07 12:23:46 - [TEST_STEP][PASSED] - Statement - PreSaveFile = new java.io.File(((pathPrefix + java.lang.Integer.toString(counter)) + .png)): null

2018-12-07 12:23:46 - [TEST_STEP][PASSED] - Statement - counter = counter + 1: null

2018-12-07 12:23:46 - [TEST_STEP][PASSED] - Statement - PreSaveFile = new java.io.File(((pathPrefix + java.lang.Integer.toString(counter)) + .png)): null

2018-12-07 12:23:46 - [TEST_STEP][PASSED] - Statement - counter = counter + 1: null

2018-12-07 12:23:46 - [TEST_STEP][PASSED] - Statement - PreSaveFile = new java.io.File(((pathPrefix + java.lang.Integer.toString(counter)) + .png)): null

2018-12-07 12:23:46 - [TEST_STEP][PASSED] - Statement - counter = counter + 1: null

2018-12-07 12:23:46 - [TEST_STEP][PASSED] - Statement - PreSaveFile = new java.io.File(((pathPrefix + java.lang.Integer.toString(counter)) + .png)): null

2018-12-07 12:23:46 - [TEST_STEP][PASSED] - Statement - counter = counter + 1: null

2018-12-07 12:23:46 - [TEST_STEP][PASSED] - Statement - PreSaveFile = new java.io.File(((pathPrefix + java.lang.Integer.toString(counter)) + .png)): null

2018-12-07 12:23:46 - [TEST_STEP][PASSED] - Statement - counter = counter + 1: null

2018-12-07 12:23:46 - [TEST_STEP][PASSED] - Statement - PreSaveFile = new java.io.File(((pathPrefix + java.lang.Integer.toString(counter)) + .png)): null

2018-12-07 12:23:47 - [TEST_STEP][PASSED] - Statement - counter = counter + 1: null

2018-12-07 12:23:47 - [TEST_STEP][PASSED] - Statement - PreSaveFile = new java.io.File(((pathPrefix + java.lang.Integer.toString(counter)) + .png)): null

2018-12-07 12:23:47 - [TEST_STEP][PASSED] - Statement - counter = counter + 1: null

2018-12-07 12:23:47 - [TEST_STEP][PASSED] - Statement - PreSaveFile = new java.io.File(((pathPrefix + java.lang.Integer.toString(counter)) + .png)): null

2018-12-07 12:23:47 - [TEST_STEP][PASSED] - Statement - counter = counter + 1: null

2018-12-07 12:23:47 - [TEST_STEP][PASSED] - Statement - PreSaveFile = new java.io.File(((pathPrefix + java.lang.Integer.toString(counter)) + .png)): null

2018-12-07 12:23:47 - [TEST_STEP][PASSED] - Statement - counter = counter + 1: null

2018-12-07 12:23:47 - [TEST_STEP][PASSED] - Statement - PreSaveFile = new java.io.File(((pathPrefix + java.lang.Integer.toString(counter)) + .png)): null

2018-12-07 12:23:47 - [TEST_STEP][PASSED] - Statement - finalPath = pathPrefix + java.lang.Integer.toString(counter) + ".png": null

2018-12-07 12:23:47 - [TEST_STEP][PASSED] - Statement - SaveFile = new java.io.File(finalPath): null

2018-12-07 12:23:47 - [TEST_STEP][PASSED] - Statement - Try: null

2018-12-07 12:23:47 - [TEST_STEP][PASSED] - Statement - org.apache.commons.io.FileUtils.copyFile(scrFile, SaveFile): null

2018-12-07 12:23:47 - [TEST_STEP][PASSED] - Statement - out.println("file kept"): null

2018-12-07 12:23:47 - [TEST_STEP][PASSED] - delay: Delayed 10 second(s)

2018-12-07 12:23:57 - [MESSAGE][PASSED] - Delayed 10 second(s)

2018-12-07 12:23:57 - [MESSAGE][PASSED] - Call Test Case 'Test Cases/Final Aug 2018 - PKS Automation/Registration Module/New Registration/Submit and Screenshot/Submit Registration and Screenshot - Copy' successfully

2018-12-07 12:23:57 - [TEST_STEP][PASSED] - Statement - UpdateAddNewECode = com.kms.katalon.core.webui.keyword.WebUiBuiltInKeywords.getText(com.kms.katalon.core.testobject.ObjectRepository.findTestObject(Object Repository/Final Object Repo/Page_Update Add New Employee - ASSIST/getEmpCode)): Text of object 'Object Repository/Final Object Repo/Page_Update Add New Employee - ASSIST/getEmpCode' is: 'E1102070673K'

2018-12-07 12:23:57 - [MESSAGE][PASSED] - Text of object 'Object Repository/Final Object Repo/Page_Update Add New Employee - ASSIST/getEmpCode' is: 'E1102070673K'

2018-12-07 12:23:57 - [TEST_STEP][PASSED] - callTestCase: Call Test Case 'Test Cases/Final Aug 2018 - PKS Automation/Common/Emp Code Setter' successfully

2018-12-07 12:23:57 - [TEST_CASE][PASSED] - Test Cases/Final Aug 2018 - PKS Automation/Common/Emp Code Setter: Test Cases/Final Aug 2018 - PKS Automation/Common/Emp Code Setter

2018-12-07 12:23:57 - [TEST_STEP][PASSED] - Statement - EmpCodeOld = new java.io.File(C://Users//Admin//Desktop//PKS//Automation Reference Point//EmpCode.txt): null

2018-12-07 12:23:57 - [TEST_STEP][PASSED] - Statement - EmpCodeOld.delete(): null

2018-12-07 12:23:57 - [TEST_STEP][PASSED] - Statement - EmpCode = new java.io.File(C://Users//Admin//Desktop//PKS//Automation Reference Point//EmpCode.txt): null

2018-12-07 12:23:57 - [TEST_STEP][PASSED] - Statement - f2 = new java.io.FileWriter(EmpCode, false): null

2018-12-07 12:23:57 - [TEST_STEP][PASSED] - Statement - f2.write(UpdateAddNewECode): null

2018-12-07 12:23:57 - [TEST_STEP][PASSED] - Statement - f2.close(): null

2018-12-07 12:23:57 - [TEST_STEP][PASSED] - Statement - out.println("


" + UpdateAddNewECode + "


"): null

2018-12-07 12:23:57 - [MESSAGE][PASSED] - Call Test Case 'Test Cases/Final Aug 2018 - PKS Automation/Common/Emp Code Setter' successfully

2018-12-07 12:23:57 - [MESSAGE][PASSED] - Call Test Case 'Test Cases/Final Aug 2018 - PKS Automation/Registration Module/Workflow/Update Add New Employee/Template/New Company for Update Add New' successfully

2018-12-07 12:23:57 - [TEST_STEP][PASSED] - callTestCase: Call Test Case 'Test Cases/Final Aug 2018 - PKS Automation/Registration Module/Log Out/log out avoiding katalon tagging' successfully

2018-12-07 12:23:57 - [TEST_CASE][PASSED] - Test Cases/Final Aug 2018 - PKS Automation/Registration Module/Log Out/log out avoiding katalon tagging: Test Cases/Final Aug 2018 - PKS Automation/Registration Module/Log Out/log out avoiding katalon tagging

2018-12-07 12:23:57 - [TEST_STEP][PASSED] - navigateToUrl: Navigate to 'https://assist2-uat.perkeso.gov.my/c/portal/logout' successfully

2018-12-07 12:23:58 - [MESSAGE][PASSED] - Navigate to 'https://assist2-uat.perkeso.gov.my/c/portal/logout' successfully

2018-12-07 12:23:58 - [MESSAGE][PASSED] - Call Test Case 'Test Cases/Final Aug 2018 - PKS Automation/Registration Module/Log Out/log out avoiding katalon tagging' successfully

2018-12-07 12:23:58 - [TEST_STEP][PASSED] - callTestCase: Call Test Case 'Test Cases/Final Aug 2018 - PKS Automation/Registration Module/New Registration/Form 2/Date Updater' successfully

2018-12-07 12:23:58 - [TEST_CASE][PASSED] - Test Cases/Final Aug 2018 - PKS Automation/Registration Module/New Registration/Form 2/Date Updater: Test Cases/Final Aug 2018 - PKS Automation/Registration Module/New Registration/Form 2/Date Updater

2018-12-07 12:23:58 - [TEST_STEP][PASSED] - Statement - TodayDate = new java.util.Date(): null

2018-12-07 12:23:58 - [TEST_STEP][PASSED] - Statement - CurrentDateNoFilter = new java.text.SimpleDateFormat(): null

2018-12-07 12:23:58 - [TEST_STEP][PASSED] - Statement - CurrentDateNoFilter.applyPattern("MM"): null

2018-12-07 12:23:58 - [TEST_STEP][PASSED] - Statement - monthContainerMatcher = java.lang.Integer.parseInt(CurrentDateNoFilter.format(TodayDate)): null

2018-12-07 12:23:58 - [TEST_STEP][PASSED] - Statement - monthContainerMatcher = monthContainerMatcher - 1: null

2018-12-07 12:23:58 - [TEST_STEP][PASSED] - Statement - CurrentMonth = monthContainerMatcher.toString(): null

2018-12-07 12:23:58 - [TEST_STEP][PASSED] - Statement - CurrentMonth = CurrentMonth: null

2018-12-07 12:23:58 - [TEST_STEP][PASSED] - Statement - CurrentDateNoFilter.applyPattern("yyyy"): null

2018-12-07 12:23:58 - [TEST_STEP][PASSED] - Statement - CurrentYear = CurrentDateNoFilter.format(TodayDate): null

2018-12-07 12:23:58 - [TEST_STEP][PASSED] - Statement - CurrentYear = CurrentYear: null

2018-12-07 12:23:58 - [TEST_STEP][PASSED] - Statement - intCurrentYear = java.lang.Integer.parseInt(CurrentDateNoFilter.format(TodayDate)): null

2018-12-07 12:23:58 - [TEST_STEP][PASSED] - Statement - eighteenYrsAgo = intCurrentYear - 18: null

2018-12-07 12:23:58 - [TEST_STEP][PASSED] - Statement - eighteenYrsBeforeThisYr = eighteenYrsAgo.toString(): null

2018-12-07 12:23:58 - [TEST_STEP][PASSED] - Statement - EighteenYrsBefore = eighteenYrsBeforeThisYr: null

2018-12-07 12:23:58 - [TEST_STEP][PASSED] - Statement - fiftysevenYrsAgo = intCurrentYear - 57: null

2018-12-07 12:23:58 - [TEST_STEP][PASSED] - Statement - fiftysevenYrsBeforeThisYr = fiftysevenYrsAgo.toString(): null

2018-12-07 12:23:58 - [TEST_STEP][PASSED] - Statement - FiftysevenYrsBefore = fiftysevenYrsBeforeThisYr: null

2018-12-07 12:23:58 - [TEST_STEP][PASSED] - Statement - leapYear = false: null

2018-12-07 12:23:58 - [TEST_STEP][PASSED] - Statement - leapYear = intCurrentYear % 4 == 0: null

2018-12-07 12:23:58 - [TEST_STEP][PASSED] - Statement - CurrentDateNoFilter.applyPattern("dd"): null

2018-12-07 12:23:58 - [TEST_STEP][PASSED] - Statement - CurrentDate = CurrentDateNoFilter.format(TodayDate): null

2018-12-07 12:23:58 - [TEST_STEP][PASSED] - Statement - CurrentDate = java.lang.Integer.parseInt(CurrentDate): null

2018-12-07 12:23:58 - [TEST_STEP][PASSED] - Statement - CurrentDate = CurrentDate: null

2018-12-07 12:23:58 - [TEST_STEP][PASSED] - Statement - CurrentDay = java.lang.Integer.parseInt(CurrentDate): null

2018-12-07 12:23:58 - [TEST_STEP][PASSED] - Statement - ConfAdder = <not implemented yet for class: org.codehaus.groovy.ast.expr.EmptyExpression>: null

2018-12-07 12:23:58 - [TEST_STEP][PASSED] - Statement - out.println(CurrentMonth): null

2018-12-07 12:23:58 - [TEST_STEP][PASSED] - Statement - out.println(CurrentDate): null

2018-12-07 12:23:58 - [TEST_STEP][PASSED] - Statement - switch (CurrentDate): null

2018-12-07 12:23:58 - [TEST_STEP][PASSED] - Statement - Default: null

2018-12-07 12:23:58 - [TEST_STEP][PASSED] - Statement - ConfAdder = true: null

2018-12-07 12:23:58 - [TEST_STEP][PASSED] - Statement - Break: null

2018-12-07 12:23:58 - [TEST_STEP][PASSED] - Statement - aDayBefore = <not implemented yet for class: org.codehaus.groovy.ast.expr.EmptyExpression>: null

2018-12-07 12:23:58 - [TEST_STEP][PASSED] - Statement - out.println(ConfAdder): null

2018-12-07 12:23:58 - [TEST_STEP][PASSED] - Statement - If (ConfAdder == true): null

2018-12-07 12:23:58 - [TEST_STEP][PASSED] - Statement - aDayBefore = CurrentDay + 1: null

2018-12-07 12:23:58 - [TEST_STEP][PASSED] - Statement - out.println(aDayBefore): null

2018-12-07 12:23:58 - [TEST_STEP][PASSED] - Statement - If (aDayBefore == 1 && CurrentMonth == 11): null

2018-12-07 12:23:58 - [TEST_STEP][PASSED] - Statement - DayBefore = aDayBefore.toString(): null

2018-12-07 12:23:58 - [TEST_STEP][PASSED] - Statement - OneDayBefore = DayBefore: null

2018-12-07 12:23:58 - [MESSAGE][PASSED] - Call Test Case 'Test Cases/Final Aug 2018 - PKS Automation/Registration Module/New Registration/Form 2/Date Updater' successfully

2018-12-07 12:23:58 - [TEST_STEP][PASSED] - delay: Delayed 2 second(s)

2018-12-07 12:24:00 - [MESSAGE][PASSED] - Delayed 2 second(s)

2018-12-07 12:24:00 - [TEST_STEP][PASSED] - setText: Text 'klpkrbo2@gmail.com' is set on object 'Object Repository/Final Object Repo/Page_Update Add New Employee - ASSIST/Email TextBox'

2018-12-07 12:24:01 - [MESSAGE][PASSED] - Text 'klpkrbo2@gmail.com' is set on object 'Object Repository/Final Object Repo/Page_Update Add New Employee - ASSIST/Email TextBox'

2018-12-07 12:24:01 - [TEST_STEP][PASSED] - click: Object: 'Object Repository/Final Object Repo/Page_Update Add New Employee - ASSIST/Next Button' is clicked on

2018-12-07 12:24:01 - [MESSAGE][PASSED] - Object: 'Object Repository/Final Object Repo/Page_Update Add New Employee - ASSIST/Next Button' is clicked on

2018-12-07 12:24:01 - [TEST_STEP][PASSED] - delay: Delayed 2 second(s)

2018-12-07 12:24:03 - [MESSAGE][PASSED] - Delayed 2 second(s)

2018-12-07 12:24:03 - [TEST_STEP][PASSED] - setText: Text 'Test1@3456789' is set on object 'Object Repository/Final Object Repo/Page_Update Add New Employee - ASSIST/Password TextBox'

2018-12-07 12:24:03 - [MESSAGE][PASSED] - Text 'Test1@3456789' is set on object 'Object Repository/Final Object Repo/Page_Update Add New Employee - ASSIST/Password TextBox'

2018-12-07 12:24:03 - [TEST_STEP][PASSED] - delay: Delayed 2 second(s)

2018-12-07 12:24:05 - [MESSAGE][PASSED] - Delayed 2 second(s)

2018-12-07 12:24:05 - [TEST_STEP][PASSED] - click: Object: 'Object Repository/Final Object Repo/Page_Update Add New Employee - ASSIST/Login Button' is clicked on

2018-12-07 12:24:05 - [MESSAGE][PASSED] - Object: 'Object Repository/Final Object Repo/Page_Update Add New Employee - ASSIST/Login Button' is clicked on

2018-12-07 12:24:05 - [TEST_STEP][PASSED] - delay: Delayed 4 second(s)

2018-12-07 12:24:09 - [MESSAGE][PASSED] - Delayed 4 second(s)

2018-12-07 12:24:09 - [TEST_STEP][PASSED] - Statement - Try: Delayed 2 second(s)

2018-12-07 12:24:09 - [TEST_STEP][PASSED] - Statement - Checker = false: null

2018-12-07 12:24:09 - [TEST_STEP][PASSED] - Statement - Checker = com.kms.katalon.core.webui.keyword.WebUiBuiltInKeywords.verifyElementHasAttribute(com.kms.katalon.core.testobject.ObjectRepository.findTestObject(Final Object Repo/Landing Page/BM Detecting), "href", 20, OPTIONAL): Object 'Object Repository/Final Object Repo/Landing Page/BM Detecting' has attribute 'href'

2018-12-07 12:24:09 - [MESSAGE][PASSED] - Object 'Object Repository/Final Object Repo/Landing Page/BM Detecting' has attribute 'href'

2018-12-07 12:24:09 - [TEST_STEP][PASSED] - Statement - out.println(Checker): null

2018-12-07 12:24:09 - [TEST_STEP][PASSED] - Statement - If (Checker == false): null

2018-12-07 12:24:09 - [TEST_STEP][PASSED] - Statement - Else: null

2018-12-07 12:24:09 - [TEST_STEP][PASSED] - delay: Delayed 2 second(s)

2018-12-07 12:24:11 - [MESSAGE][PASSED] - Delayed 2 second(s)

2018-12-07 12:24:11 - [TEST_STEP][PASSED] - delay: Delayed 4 second(s)

2018-12-07 12:24:15 - [MESSAGE][PASSED] - Delayed 4 second(s)

2018-12-07 12:24:15 - [TEST_STEP][PASSED] - click: Object: 'Object Repository/Final Object Repo/Page_Update Add New Employee - ASSIST/My Sites Drop Down' is clicked on

2018-12-07 12:24:16 - [MESSAGE][PASSED] - Object: 'Object Repository/Final Object Repo/Page_Update Add New Employee - ASSIST/My Sites Drop Down' is clicked on

2018-12-07 12:24:16 - [TEST_STEP][PASSED] - click: Object: 'Object Repository/Final Object Repo/Page_Update Add New Employee - ASSIST/Select to Registration Module' is clicked on

2018-12-07 12:24:17 - [MESSAGE][PASSED] - Object: 'Object Repository/Final Object Repo/Page_Update Add New Employee - ASSIST/Select to Registration Module' is clicked on

2018-12-07 12:24:17 - [TEST_STEP][PASSED] - navigateToUrl: Navigate to 'https://assist2-uat.perkeso.gov.my/web/registration/myassist' successfully

2018-12-07 12:24:17 - [MESSAGE][PASSED] - Navigate to 'https://assist2-uat.perkeso.gov.my/web/registration/myassist' successfully

2018-12-07 12:24:17 - [TEST_STEP][PASSED] - mouseOver: Object: 'Object Repository/Final Object Repo/Page_Update Add New Employee - ASSIST/Select to Update Akta 4 Tab' is hovered

2018-12-07 12:24:17 - [MESSAGE][PASSED] - Object: 'Object Repository/Final Object Repo/Page_Update Add New Employee - ASSIST/Select to Update Akta 4 Tab' is hovered

2018-12-07 12:24:17 - [TEST_STEP][PASSED] - delay: Delayed 2 second(s)

2018-12-07 12:24:19 - [MESSAGE][PASSED] - Delayed 2 second(s)

2018-12-07 12:24:19 - [TEST_STEP][PASSED] - click: Object: 'Object Repository/Final Object Repo/Page_Update Add New Employee - ASSIST/Select to Update Add New Employee' is clicked on

2018-12-07 12:24:20 - [MESSAGE][PASSED] - Object: 'Object Repository/Final Object Repo/Page_Update Add New Employee - ASSIST/Select to Update Add New Employee' is clicked on

2018-12-07 12:24:20 - [TEST_STEP][PASSED] - delay: Delayed 2 second(s)

2018-12-07 12:24:22 - [MESSAGE][PASSED] - Delayed 2 second(s)

2018-12-07 12:24:22 - [TEST_STEP][PASSED] - setText: Text 'E1102070673K' is set on object 'Object Repository/Final Object Repo/Page_Update Add New Employee - ASSIST/Employer Code input textbox'

2018-12-07 12:24:22 - [MESSAGE][PASSED] - Text 'E1102070673K' is set on object 'Object Repository/Final Object Repo/Page_Update Add New Employee - ASSIST/Employer Code input textbox'

2018-12-07 12:24:22 - [TEST_STEP][PASSED] - delay: Delayed 2 second(s)

2018-12-07 12:24:24 - [MESSAGE][PASSED] - Delayed 2 second(s)

2018-12-07 12:24:24 - [TEST_STEP][PASSED] - click: Object: 'Object Repository/Final Object Repo/Page_Update Add New Employee - ASSIST/Search Button for Employer Code' is clicked on

2018-12-07 12:24:25 - [MESSAGE][PASSED] - Object: 'Object Repository/Final Object Repo/Page_Update Add New Employee - ASSIST/Search Button for Employer Code' is clicked on

2018-12-07 12:24:25 - [TEST_STEP][PASSED] - delay: Delayed 4 second(s)

2018-12-07 12:24:29 - [MESSAGE][PASSED] - Delayed 4 second(s)

2018-12-07 12:24:29 - [TEST_STEP][PASSED] - click: Object: 'Object Repository/Final Object Repo/Page_Update Add New Employee - ASSIST/Click to Edit Case' is clicked on

2018-12-07 12:24:31 - [MESSAGE][PASSED] - Object: 'Object Repository/Final Object Repo/Page_Update Add New Employee - ASSIST/Click to Edit Case' is clicked on

2018-12-07 12:24:31 - [TEST_STEP][PASSED] - callTestCase: Call Test Case 'Test Cases/Final Aug 2018 - PKS Automation/Registration Module/Workflow/Update Add New Employee/Template/Employee Adding/Employee Set Decider' successfully

2018-12-07 12:24:31 - [TEST_CASE][PASSED] - Test Cases/Final Aug 2018 - PKS Automation/Registration Module/Workflow/Update Add New Employee/Template/Employee Adding/Employee Set Decider: Test Cases/Final Aug 2018 - PKS Automation/Registration Module/Workflow/Update Add New Employee/Template/Employee Adding/Employee Set Decider

2018-12-07 12:24:31 - [TEST_STEP][PASSED] - delay: Delayed 4 second(s)

2018-12-07 12:24:35 - [MESSAGE][PASSED] - Delayed 4 second(s)

2018-12-07 12:24:35 - [TEST_STEP][PASSED] - click: Object: 'Object Repository/Final Object Repo/Page_Update Add New Employee - ASSIST/Add Employee Button' is clicked on

2018-12-07 12:24:35 - [MESSAGE][PASSED] - Object: 'Object Repository/Final Object Repo/Page_Update Add New Employee - ASSIST/Add Employee Button' is clicked on

2018-12-07 12:24:35 - [TEST_STEP][PASSED] - delay: Delayed 3 second(s)

2018-12-07 12:24:38 - [MESSAGE][PASSED] - Delayed 3 second(s)

2018-12-07 12:24:38 - [TEST_STEP][PASSED] - setText: Text '010903091920' is set on object 'Object Repository/Final Object Repo/Page_Update Add New Employee - ASSIST/NRIC Input'

2018-12-07 12:24:39 - [MESSAGE][PASSED] - Text '010903091920' is set on object 'Object Repository/Final Object Repo/Page_Update Add New Employee - ASSIST/NRIC Input'

2018-12-07 12:24:39 - [TEST_STEP][PASSED] - click: Object: 'Object Repository/Final Object Repo/Page_Update Add New Employee - ASSIST/button for search for IC' is clicked on

2018-12-07 12:24:39 - [MESSAGE][PASSED] - Object: 'Object Repository/Final Object Repo/Page_Update Add New Employee - ASSIST/button for search for IC' is clicked on

2018-12-07 12:24:39 - [TEST_STEP][PASSED] - delay: Delayed 2 second(s)

2018-12-07 12:24:41 - [MESSAGE][PASSED] - Delayed 2 second(s)

2018-12-07 12:24:41 - [TEST_STEP][PASSED] - sendKeys: Keys 'CONTROL + a' sent to object: 'Object Repository/Final Object Repo/Page_Update Add New Employee - ASSIST/Employee Name Input'

2018-12-07 12:24:41 - [MESSAGE][PASSED] - Keys 'CONTROL + a' sent to object: 'Object Repository/Final Object Repo/Page_Update Add New Employee - ASSIST/Employee Name Input'

2018-12-07 12:24:41 - [TEST_STEP][PASSED] - sendKeys: Keys 'CONTROL + c' sent to object: 'Object Repository/Final Object Repo/Page_Update Add New Employee - ASSIST/Employee Name Input'

2018-12-07 12:24:41 - [MESSAGE][PASSED] - Keys 'CONTROL + c' sent to object: 'Object Repository/Final Object Repo/Page_Update Add New Employee - ASSIST/Employee Name Input'

2018-12-07 12:24:41 - [TEST_STEP][PASSED] - Statement - toolkit = java.awt.Toolkit.getDefaultToolkit(): null

2018-12-07 12:24:41 - [TEST_STEP][PASSED] - Statement - clipboard = toolkit.getSystemClipboard(): null

2018-12-07 12:24:41 - [TEST_STEP][PASSED] - Statement - CurrentName = clipboard.getData(stringFlavor): null

2018-12-07 12:24:41 - [TEST_STEP][PASSED] - Statement - out.println("String from Clipboard:" + CurrentName): null

2018-12-07 12:24:41 - [TEST_STEP][PASSED] - Statement - If (CurrentName == "AUTOMATE002 ELIGIBLE 1"): null

2018-12-07 12:24:41 - [TEST_STEP][PASSED] - Statement - Else If (CurrentName == "AUTOMATE003 ELIGIBLE 1"): Call Test Case 'Test Cases/Final Aug 2018 - PKS Automation/Registration Module/Workflow/Update Add New Employee/Template/Employee Adding/Employee Adding Action Repeat IC - set 2' successfully

2018-12-07 12:24:41 - [TEST_STEP][PASSED] - callTestCase: Call Test Case 'Test Cases/Final Aug 2018 - PKS Automation/Registration Module/Workflow/Update Add New Employee/Template/Employee Adding/Employee Adding Action Repeat IC - set 2' successfully

2018-12-07 12:24:41 - [TEST_CASE][PASSED] - Test Cases/Final Aug 2018 - PKS Automation/Registration Module/Workflow/Update Add New Employee/Template/Employee Adding/Employee Adding Action Repeat IC - set 2: Test Cases/Final Aug 2018 - PKS Automation/Registration Module/Workflow/Update Add New Employee/Template/Employee Adding/Employee Adding Action Repeat IC - set 2

2018-12-07 12:24:41 - [TEST_STEP][PASSED] - setText: Text 'Automate002 eligible 1' is set on object 'Object Repository/Final Object Repo/Page_Update Add New Employee - ASSIST/Employee Name Input'

2018-12-07 12:24:42 - [MESSAGE][PASSED] - Text 'Automate002 eligible 1' is set on object 'Object Repository/Final Object Repo/Page_Update Add New Employee - ASSIST/Employee Name Input'

2018-12-07 12:24:42 - [TEST_STEP][PASSED] - delay: Delayed 2 second(s)

2018-12-07 12:24:44 - [MESSAGE][PASSED] - Delayed 2 second(s)

2018-12-07 12:24:44 - [TEST_STEP][PASSED] - click: Object: 'Object Repository/Final Object Repo/Page_Update Add New Employee - ASSIST/DatePicker Pop Up' is clicked on

2018-12-07 12:24:44 - [MESSAGE][PASSED] - Object: 'Object Repository/Final Object Repo/Page_Update Add New Employee - ASSIST/DatePicker Pop Up' is clicked on

2018-12-07 12:24:44 - [TEST_STEP][PASSED] - click: Object: 'Object Repository/Final Object Repo/Page_Update Add New Employee - ASSIST/DOB Month' is clicked on

2018-12-07 12:24:44 - [MESSAGE][PASSED] - Object: 'Object Repository/Final Object Repo/Page_Update Add New Employee - ASSIST/DOB Month' is clicked on

2018-12-07 12:24:44 - [TEST_STEP][PASSED] - Statement - CurrentMonth = CurrentMonth: null

2018-12-07 12:24:44 - [TEST_STEP][PASSED] - Statement - selectMonth = new com.kms.katalon.core.testobject.TestObject(): null

2018-12-07 12:24:44 - [TEST_STEP][PASSED] - Statement - selectMonth.addProperty("xpath", EQUALS, "//body/div/div/div/select/option[@value='" + CurrentMonth + "']", true): null

2018-12-07 12:24:44 - [TEST_STEP][PASSED] - click: Object: '' is clicked on

2018-12-07 12:24:44 - [MESSAGE][PASSED] - Object: '' is clicked on

2018-12-07 12:24:44 - [TEST_STEP][PASSED] - click: Object: 'Object Repository/Final Object Repo/Page_Update Add New Employee - ASSIST/DOB Year' is clicked on

2018-12-07 12:24:44 - [MESSAGE][PASSED] - Object: 'Object Repository/Final Object Repo/Page_Update Add New Employee - ASSIST/DOB Year' is clicked on

2018-12-07 12:24:44 - [TEST_STEP][PASSED] - Statement - Eyearsbf = EighteenYrsBefore: null

2018-12-07 12:24:44 - [TEST_STEP][PASSED] - Statement - selectYear = new com.kms.katalon.core.testobject.TestObject(): null

2018-12-07 12:24:44 - [TEST_STEP][PASSED] - Statement - selectYear.addProperty("xpath", EQUALS, "//div/div/div/select/option[@value='" + Eyearsbf + "']", true): null

2018-12-07 12:24:44 - [TEST_STEP][PASSED] - click: Object: '' is clicked on

2018-12-07 12:24:45 - [MESSAGE][PASSED] - Object: '' is clicked on

2018-12-07 12:24:45 - [TEST_STEP][PASSED] - Statement - UpdatedSelectDate = com.kms.katalon.core.webui.keyword.WebUiBuiltInKeywords.modifyObjectProperty(com.kms.katalon.core.testobject.ObjectRepository.findTestObject(Final Object Repo/Page_Update Add New Employee - ASSIST/DOB Date), "xpath", "equals", "//body/div/table/tbody/tr/td/a[text()="" + CurrentDate + ""]", true): Modify property of object successfully

2018-12-07 12:24:45 - [MESSAGE][PASSED] - Modify property of object successfully

2018-12-07 12:24:45 - [TEST_STEP][PASSED] - delay: Delayed 3 second(s)

2018-12-07 12:24:48 - [MESSAGE][PASSED] - Delayed 3 second(s)

2018-12-07 12:24:48 - [TEST_STEP][PASSED] - click: Object: 'Object Repository/Final Object Repo/Page_Update Add New Employee - ASSIST/DOB Date' is clicked on

2018-12-07 12:24:48 - [MESSAGE][PASSED] - Object: 'Object Repository/Final Object Repo/Page_Update Add New Employee - ASSIST/DOB Date' is clicked on

2018-12-07 12:24:48 - [TEST_STEP][PASSED] - delay: Delayed 2 second(s)

2018-12-07 12:24:50 - [MESSAGE][PASSED] - Delayed 2 second(s)

2018-12-07 12:24:50 - [TEST_STEP][PASSED] - click: Object: 'Object Repository/Final Object Repo/Page_Update Add New Employee - ASSIST/EmploymentStartDate Pop Up' is clicked on

2018-12-07 12:24:50 - [MESSAGE][PASSED] - Object: 'Object Repository/Final Object Repo/Page_Update Add New Employee - ASSIST/EmploymentStartDate Pop Up' is clicked on

2018-12-07 12:24:50 - [TEST_STEP][PASSED] - delay: Delayed 2 second(s)

2018-12-07 12:24:52 - [MESSAGE][PASSED] - Delayed 2 second(s)

2018-12-07 12:24:52 - [TEST_STEP][PASSED] - click: Object: 'Object Repository/Final Object Repo/Page_Update Add New Employee - ASSIST/Socso Employment StartDate Month' is clicked on

2018-12-07 12:24:52 - [MESSAGE][PASSED] - Object: 'Object Repository/Final Object Repo/Page_Update Add New Employee - ASSIST/Socso Employment StartDate Month' is clicked on

2018-12-07 12:24:52 - [TEST_STEP][PASSED] - delay: Delayed 1 second(s)

2018-12-07 12:24:53 - [MESSAGE][PASSED] - Delayed 1 second(s)

2018-12-07 12:24:53 - [TEST_STEP][PASSED] - click: Object: 'Object Repository/Final Object Repo/Page_Update Add New Employee - ASSIST/Select Socso Employement Startdate Month' is clicked on

2018-12-07 12:24:53 - [MESSAGE][PASSED] - Object: 'Object Repository/Final Object Repo/Page_Update Add New Employee - ASSIST/Select Socso Employement Startdate Month' is clicked on

2018-12-07 12:24:53 - [TEST_STEP][PASSED] - delay: Delayed 2 second(s)

2018-12-07 12:24:55 - [MESSAGE][PASSED] - Delayed 2 second(s)

2018-12-07 12:24:55 - [TEST_STEP][PASSED] - click: Object: 'Object Repository/Final Object Repo/Page_Update Add New Employee - ASSIST/Socso Employment StartDate Year' is clicked on

2018-12-07 12:24:56 - [MESSAGE][PASSED] - Object: 'Object Repository/Final Object Repo/Page_Update Add New Employee - ASSIST/Socso Employment StartDate Year' is clicked on

2018-12-07 12:24:56 - [TEST_STEP][PASSED] - delay: Delayed 1 second(s)

2018-12-07 12:24:57 - [MESSAGE][PASSED] - Delayed 1 second(s)

2018-12-07 12:24:57 - [TEST_STEP][PASSED] - click: Object: 'Object Repository/Final Object Repo/Page_Update Add New Employee - ASSIST/Select Socso Employment Startdate Year' is clicked on

2018-12-07 12:24:57 - [MESSAGE][PASSED] - Object: 'Object Repository/Final Object Repo/Page_Update Add New Employee - ASSIST/Select Socso Employment Startdate Year' is clicked on

2018-12-07 12:24:57 - [TEST_STEP][PASSED] - delay: Delayed 2 second(s)

2018-12-07 12:24:59 - [MESSAGE][PASSED] - Delayed 2 second(s)

2018-12-07 12:24:59 - [TEST_STEP][PASSED] - click: Object: 'Object Repository/Final Object Repo/Page_Update Add New Employee - ASSIST/Socso Employment Start Date Day' is clicked on

2018-12-07 12:24:59 - [MESSAGE][PASSED] - Object: 'Object Repository/Final Object Repo/Page_Update Add New Employee - ASSIST/Socso Employment Start Date Day' is clicked on

2018-12-07 12:24:59 - [TEST_STEP][PASSED] - delay: Delayed 2 second(s)

2018-12-07 12:25:01 - [MESSAGE][PASSED] - Delayed 2 second(s)

2018-12-07 12:25:01 - [TEST_STEP][PASSED] - click: Object: 'Object Repository/Final Object Repo/Page_Update Add New Employee - ASSIST/Save Button for Add Employee' is clicked on

2018-12-07 12:25:01 - [MESSAGE][PASSED] - Object: 'Object Repository/Final Object Repo/Page_Update Add New Employee - ASSIST/Save Button for Add Employee' is clicked on

2018-12-07 12:25:01 - [TEST_STEP][PASSED] - delay: Delayed 10 second(s)

2018-12-07 12:25:11 - [MESSAGE][PASSED] - Delayed 10 second(s)

2018-12-07 12:25:11 - [TEST_STEP][PASSED] - click: Object: 'Object Repository/Final Object Repo/Page_Update Add New Employee - ASSIST/Add Employee Button' is clicked on

2018-12-07 12:25:11 - [MESSAGE][PASSED] - Object: 'Object Repository/Final Object Repo/Page_Update Add New Employee - ASSIST/Add Employee Button' is clicked on

2018-12-07 12:25:11 - [TEST_STEP][PASSED] - delay: Delayed 6 second(s)

2018-12-07 12:25:17 - [MESSAGE][PASSED] - Delayed 6 second(s)

2018-12-07 12:25:17 - [TEST_STEP][PASSED] - setText: Text '620904059600' is set on object 'Object Repository/Final Object Repo/Page_Update Add New Employee - ASSIST/NRIC Input'

2018-12-07 12:25:18 - [MESSAGE][PASSED] - Text '620904059600' is set on object 'Object Repository/Final Object Repo/Page_Update Add New Employee - ASSIST/NRIC Input'

2018-12-07 12:25:18 - [TEST_STEP][PASSED] - click: Object: 'Object Repository/Final Object Repo/Page_Update Add New Employee - ASSIST/button for search for IC' is clicked on

2018-12-07 12:25:18 - [MESSAGE][PASSED] - Object: 'Object Repository/Final Object Repo/Page_Update Add New Employee - ASSIST/button for search for IC' is clicked on

2018-12-07 12:25:18 - [TEST_STEP][PASSED] - delay: Delayed 2 second(s)

2018-12-07 12:25:20 - [MESSAGE][PASSED] - Delayed 2 second(s)

2018-12-07 12:25:20 - [TEST_STEP][PASSED] - setText: Text 'Automate002 eligible 2' is set on object 'Object Repository/Final Object Repo/Page_Update Add New Employee - ASSIST/Employee Name Input'

2018-12-07 12:25:21 - [MESSAGE][PASSED] - Text 'Automate002 eligible 2' is set on object 'Object Repository/Final Object Repo/Page_Update Add New Employee - ASSIST/Employee Name Input'

2018-12-07 12:25:21 - [TEST_STEP][PASSED] - delay: Delayed 2 second(s)

2018-12-07 12:25:23 - [MESSAGE][PASSED] - Delayed 2 second(s)

2018-12-07 12:25:23 - [TEST_STEP][PASSED] - click: Object: 'Object Repository/Final Object Repo/Page_Update Add New Employee - ASSIST/DatePicker Pop Up' is clicked on

2018-12-07 12:25:23 - [MESSAGE][PASSED] - Object: 'Object Repository/Final Object Repo/Page_Update Add New Employee - ASSIST/DatePicker Pop Up' is clicked on

2018-12-07 12:25:23 - [TEST_STEP][PASSED] - delay: Delayed 2 second(s)

2018-12-07 12:25:25 - [MESSAGE][PASSED] - Delayed 2 second(s)

2018-12-07 12:25:25 - [TEST_STEP][PASSED] - click: Object: 'Object Repository/Final Object Repo/Page_Update Add New Employee - ASSIST/DOB Month' is clicked on

2018-12-07 12:25:25 - [MESSAGE][PASSED] - Object: 'Object Repository/Final Object Repo/Page_Update Add New Employee - ASSIST/DOB Month' is clicked on

2018-12-07 12:25:25 - [TEST_STEP][PASSED] - Statement - selectMonth = com.kms.katalon.core.webui.keyword.WebUiBuiltInKeywords.modifyObjectProperty(selectMonth, "xpath", "equals", "//body/div/div/div/select/option[@value="" + CurrentMonth + ""]", true): Modify property of object successfully

2018-12-07 12:25:25 - [MESSAGE][PASSED] - Modify property of object successfully

2018-12-07 12:25:25 - [TEST_STEP][PASSED] - click: Object: '' is clicked on

2018-12-07 12:25:25 - [MESSAGE][PASSED] - Object: '' is clicked on

2018-12-07 12:25:25 - [TEST_STEP][PASSED] - click: Object: 'Object Repository/Final Object Repo/Page_Update Add New Employee - ASSIST/DOB Year' is clicked on

2018-12-07 12:25:25 - [MESSAGE][PASSED] - Object: 'Object Repository/Final Object Repo/Page_Update Add New Employee - ASSIST/DOB Year' is clicked on

2018-12-07 12:25:25 - [TEST_STEP][PASSED] - Statement - selectYear = com.kms.katalon.core.webui.keyword.WebUiBuiltInKeywords.modifyObjectProperty(selectYear, "xpath", "equals", "//div/div/div/select/option[@value="" + FiftysevenYrsBefore + ""]", true): Modify property of object successfully

2018-12-07 12:25:25 - [MESSAGE][PASSED] - Modify property of object successfully

2018-12-07 12:25:25 - [TEST_STEP][PASSED] - click: Object: '' is clicked on

2018-12-07 12:25:25 - [MESSAGE][PASSED] - Object: '' is clicked on

2018-12-07 12:25:25 - [TEST_STEP][PASSED] - Statement - UpdatedSelectDate = com.kms.katalon.core.webui.keyword.WebUiBuiltInKeywords.modifyObjectProperty(com.kms.katalon.core.testobject.ObjectRepository.findTestObject(Final Object Repo/Page_Update Add New Employee - ASSIST/DOB Date), "xpath", "equals", "//body/div/table/tbody/tr/td/a[text()="" + OneDayBefore + ""]", true): Modify property of object successfully

2018-12-07 12:25:25 - [MESSAGE][PASSED] - Modify property of object successfully

2018-12-07 12:25:25 - [TEST_STEP][PASSED] - click: Object: 'Object Repository/Final Object Repo/Page_Update Add New Employee - ASSIST/DOB Date' is clicked on

2018-12-07 12:25:26 - [MESSAGE][PASSED] - Object: 'Object Repository/Final Object Repo/Page_Update Add New Employee - ASSIST/DOB Date' is clicked on

2018-12-07 12:25:26 - [TEST_STEP][PASSED] - delay: Delayed 2 second(s)

2018-12-07 12:25:28 - [MESSAGE][PASSED] - Delayed 2 second(s)

2018-12-07 12:25:28 - [TEST_STEP][PASSED] - click: Object: 'Object Repository/Final Object Repo/Page_Update Add New Employee - ASSIST/EmploymentStartDate Pop Up' is clicked on

2018-12-07 12:25:28 - [MESSAGE][PASSED] - Object: 'Object Repository/Final Object Repo/Page_Update Add New Employee - ASSIST/EmploymentStartDate Pop Up' is clicked on

2018-12-07 12:25:28 - [TEST_STEP][PASSED] - delay: Delayed 2 second(s)

2018-12-07 12:25:30 - [MESSAGE][PASSED] - Delayed 2 second(s)

2018-12-07 12:25:30 - [TEST_STEP][PASSED] - click: Object: 'Object Repository/Final Object Repo/Page_Update Add New Employee - ASSIST/Socso Employment StartDate Month' is clicked on

2018-12-07 12:25:30 - [MESSAGE][PASSED] - Object: 'Object Repository/Final Object Repo/Page_Update Add New Employee - ASSIST/Socso Employment StartDate Month' is clicked on

2018-12-07 12:25:30 - [TEST_STEP][PASSED] - delay: Delayed 1 second(s)

2018-12-07 12:25:31 - [MESSAGE][PASSED] - Delayed 1 second(s)

2018-12-07 12:25:31 - [TEST_STEP][PASSED] - click: Object: 'Object Repository/Final Object Repo/Page_Update Add New Employee - ASSIST/Select Socso Employement Startdate Month' is clicked on

2018-12-07 12:25:31 - [MESSAGE][PASSED] - Object: 'Object Repository/Final Object Repo/Page_Update Add New Employee - ASSIST/Select Socso Employement Startdate Month' is clicked on

2018-12-07 12:25:31 - [TEST_STEP][PASSED] - delay: Delayed 2 second(s)

2018-12-07 12:25:33 - [MESSAGE][PASSED] - Delayed 2 second(s)

2018-12-07 12:25:33 - [TEST_STEP][PASSED] - click: Object: 'Object Repository/Final Object Repo/Page_Update Add New Employee - ASSIST/Socso Employment StartDate Year' is clicked on

2018-12-07 12:25:33 - [MESSAGE][PASSED] - Object: 'Object Repository/Final Object Repo/Page_Update Add New Employee - ASSIST/Socso Employment StartDate Year' is clicked on

2018-12-07 12:25:33 - [TEST_STEP][PASSED] - delay: Delayed 1 second(s)

2018-12-07 12:25:34 - [MESSAGE][PASSED] - Delayed 1 second(s)

2018-12-07 12:25:34 - [TEST_STEP][PASSED] - click: Object: 'Object Repository/Final Object Repo/Page_Update Add New Employee - ASSIST/Select Socso Employment Startdate Year' is clicked on

2018-12-07 12:25:35 - [MESSAGE][PASSED] - Object: 'Object Repository/Final Object Repo/Page_Update Add New Employee - ASSIST/Select Socso Employment Startdate Year' is clicked on

2018-12-07 12:25:35 - [TEST_STEP][PASSED] - delay: Delayed 2 second(s)

2018-12-07 12:25:37 - [MESSAGE][PASSED] - Delayed 2 second(s)

2018-12-07 12:25:37 - [TEST_STEP][PASSED] - click: Object: 'Object Repository/Final Object Repo/Page_Update Add New Employee - ASSIST/Socso Employment Start Date Day' is clicked on

2018-12-07 12:25:37 - [MESSAGE][PASSED] - Object: 'Object Repository/Final Object Repo/Page_Update Add New Employee - ASSIST/Socso Employment Start Date Day' is clicked on

2018-12-07 12:25:37 - [TEST_STEP][PASSED] - delay: Delayed 2 second(s)

2018-12-07 12:25:39 - [MESSAGE][PASSED] - Delayed 2 second(s)

2018-12-07 12:25:39 - [TEST_STEP][PASSED] - click: Object: 'Object Repository/Final Object Repo/Page_Update Add New Employee - ASSIST/Save Button for Add Employee' is clicked on

2018-12-07 12:25:39 - [MESSAGE][PASSED] - Object: 'Object Repository/Final Object Repo/Page_Update Add New Employee - ASSIST/Save Button for Add Employee' is clicked on

2018-12-07 12:25:39 - [TEST_STEP][PASSED] - delay: Delayed 5 second(s)

2018-12-07 12:25:44 - [MESSAGE][PASSED] - Delayed 5 second(s)

2018-12-07 12:25:44 - [TEST_STEP][PASSED] - waitForElementClickable: Object 'Object Repository/Final Object Repo/Page_Update Add New Employee - ASSIST/Add Employee Button' is clickable

2018-12-07 12:25:44 - [MESSAGE][PASSED] - Object 'Object Repository/Final Object Repo/Page_Update Add New Employee - ASSIST/Add Employee Button' is clickable

2018-12-07 12:25:44 - [TEST_STEP][PASSED] - click: Object: 'Object Repository/Final Object Repo/Page_Update Add New Employee - ASSIST/Add Employee Button' is clicked on

2018-12-07 12:25:44 - [MESSAGE][PASSED] - Object: 'Object Repository/Final Object Repo/Page_Update Add New Employee - ASSIST/Add Employee Button' is clicked on

2018-12-07 12:25:44 - [TEST_STEP][PASSED] - delay: Delayed 4 second(s)

2018-12-07 12:25:48 - [MESSAGE][PASSED] - Delayed 4 second(s)

2018-12-07 12:25:48 - [TEST_STEP][PASSED] - setText: Text '000209039100' is set on object 'Object Repository/Final Object Repo/Page_Update Add New Employee - ASSIST/NRIC Input'

2018-12-07 12:25:49 - [MESSAGE][PASSED] - Text '000209039100' is set on object 'Object Repository/Final Object Repo/Page_Update Add New Employee - ASSIST/NRIC Input'

2018-12-07 12:25:49 - [TEST_STEP][PASSED] - click: Object: 'Object Repository/Final Object Repo/Page_Update Add New Employee - ASSIST/button for search for IC' is clicked on

2018-12-07 12:25:49 - [MESSAGE][PASSED] - Object: 'Object Repository/Final Object Repo/Page_Update Add New Employee - ASSIST/button for search for IC' is clicked on

2018-12-07 12:25:49 - [TEST_STEP][PASSED] - delay: Delayed 2 second(s)

2018-12-07 12:25:51 - [MESSAGE][PASSED] - Delayed 2 second(s)

2018-12-07 12:25:51 - [TEST_STEP][PASSED] - setText: Text 'Automate002 not eligible 1' is set on object 'Object Repository/Final Object Repo/Page_Update Add New Employee - ASSIST/Employee Name Input'

2018-12-07 12:25:51 - [MESSAGE][PASSED] - Text 'Automate002 not eligible 1' is set on object 'Object Repository/Final Object Repo/Page_Update Add New Employee - ASSIST/Employee Name Input'

2018-12-07 12:25:51 - [TEST_STEP][PASSED] - delay: Delayed 2 second(s)

2018-12-07 12:25:53 - [MESSAGE][PASSED] - Delayed 2 second(s)

2018-12-07 12:25:53 - [TEST_STEP][PASSED] - click: Object: 'Object Repository/Final Object Repo/Page_Update Add New Employee - ASSIST/DatePicker Pop Up' is clicked on

2018-12-07 12:25:54 - [MESSAGE][PASSED] - Object: 'Object Repository/Final Object Repo/Page_Update Add New Employee - ASSIST/DatePicker Pop Up' is clicked on

2018-12-07 12:25:54 - [TEST_STEP][PASSED] - delay: Delayed 2 second(s)

2018-12-07 12:25:56 - [MESSAGE][PASSED] - Delayed 2 second(s)

2018-12-07 12:25:56 - [TEST_STEP][PASSED] - click: Object: 'Object Repository/Final Object Repo/Page_Update Add New Employee - ASSIST/DOB Month' is clicked on

2018-12-07 12:25:56 - [MESSAGE][PASSED] - Object: 'Object Repository/Final Object Repo/Page_Update Add New Employee - ASSIST/DOB Month' is clicked on

2018-12-07 12:25:56 - [TEST_STEP][PASSED] - Statement - selectMonth = com.kms.katalon.core.webui.keyword.WebUiBuiltInKeywords.modifyObjectProperty(selectMonth, "xpath", "equals", "//body/div/div/div/select/option[@value="" + CurrentMonth + ""]", true): Modify property of object successfully

2018-12-07 12:25:56 - [MESSAGE][PASSED] - Modify property of object successfully

2018-12-07 12:25:56 - [TEST_STEP][PASSED] - click: Object: '' is clicked on

2018-12-07 12:25:56 - [MESSAGE][PASSED] - Object: '' is clicked on

2018-12-07 12:25:56 - [TEST_STEP][PASSED] - click: Object: 'Object Repository/Final Object Repo/Page_Update Add New Employee - ASSIST/DOB Year' is clicked on

2018-12-07 12:25:56 - [MESSAGE][PASSED] - Object: 'Object Repository/Final Object Repo/Page_Update Add New Employee - ASSIST/DOB Year' is clicked on

2018-12-07 12:25:56 - [TEST_STEP][PASSED] - Statement - selectYear = com.kms.katalon.core.webui.keyword.WebUiBuiltInKeywords.modifyObjectProperty(selectYear, "xpath", "equals", "//div/div/div/select/option[@value="" + EighteenYrsBefore + ""]", true): Modify property of object successfully

2018-12-07 12:25:56 - [MESSAGE][PASSED] - Modify property of object successfully

2018-12-07 12:25:56 - [TEST_STEP][PASSED] - click: Object: '' is clicked on

2018-12-07 12:25:56 - [MESSAGE][PASSED] - Object: '' is clicked on

2018-12-07 12:25:56 - [TEST_STEP][PASSED] - Statement - UpdatedSelectDate = com.kms.katalon.core.webui.keyword.WebUiBuiltInKeywords.modifyObjectProperty(com.kms.katalon.core.testobject.ObjectRepository.findTestObject(Final Object Repo/Page_Update Add New Employee - ASSIST/DOB Date), "xpath", "equals", "//body/div/table/tbody/tr/td/a[text()="" + OneDayBefore + ""]", true): Modify property of object successfully

2018-12-07 12:25:56 - [MESSAGE][PASSED] - Modify property of object successfully

2018-12-07 12:25:56 - [TEST_STEP][PASSED] - click: Object: 'Object Repository/Final Object Repo/Page_Update Add New Employee - ASSIST/DOB Date' is clicked on

2018-12-07 12:25:56 - [MESSAGE][PASSED] - Object: 'Object Repository/Final Object Repo/Page_Update Add New Employee - ASSIST/DOB Date' is clicked on

2018-12-07 12:25:56 - [TEST_STEP][PASSED] - delay: Delayed 2 second(s)

2018-12-07 12:25:58 - [MESSAGE][PASSED] - Delayed 2 second(s)

2018-12-07 12:25:58 - [TEST_STEP][PASSED] - click: Object: 'Object Repository/Final Object Repo/Page_Update Add New Employee - ASSIST/EmploymentStartDate Pop Up' is clicked on

2018-12-07 12:25:59 - [MESSAGE][PASSED] - Object: 'Object Repository/Final Object Repo/Page_Update Add New Employee - ASSIST/EmploymentStartDate Pop Up' is clicked on

2018-12-07 12:25:59 - [TEST_STEP][PASSED] - delay: Delayed 2 second(s)

2018-12-07 12:26:01 - [MESSAGE][PASSED] - Delayed 2 second(s)

2018-12-07 12:26:01 - [TEST_STEP][PASSED] - click: Object: 'Object Repository/Final Object Repo/Page_Update Add New Employee - ASSIST/Socso Employment StartDate Month' is clicked on

2018-12-07 12:26:01 - [MESSAGE][PASSED] - Object: 'Object Repository/Final Object Repo/Page_Update Add New Employee - ASSIST/Socso Employment StartDate Month' is clicked on

2018-12-07 12:26:01 - [TEST_STEP][PASSED] - delay: Delayed 1 second(s)

2018-12-07 12:26:02 - [MESSAGE][PASSED] - Delayed 1 second(s)

2018-12-07 12:26:02 - [TEST_STEP][PASSED] - click: Object: 'Object Repository/Final Object Repo/Page_Update Add New Employee - ASSIST/Select Socso Employement Startdate Month' is clicked on

2018-12-07 12:26:02 - [MESSAGE][PASSED] - Object: 'Object Repository/Final Object Repo/Page_Update Add New Employee - ASSIST/Select Socso Employement Startdate Month' is clicked on

2018-12-07 12:26:02 - [TEST_STEP][PASSED] - delay: Delayed 2 second(s)

2018-12-07 12:26:04 - [MESSAGE][PASSED] - Delayed 2 second(s)

2018-12-07 12:26:04 - [TEST_STEP][PASSED] - click: Object: 'Object Repository/Final Object Repo/Page_Update Add New Employee - ASSIST/Socso Employment StartDate Year' is clicked on

2018-12-07 12:26:04 - [MESSAGE][PASSED] - Object: 'Object Repository/Final Object Repo/Page_Update Add New Employee - ASSIST/Socso Employment StartDate Year' is clicked on

2018-12-07 12:26:04 - [TEST_STEP][PASSED] - delay: Delayed 1 second(s)

2018-12-07 12:26:05 - [MESSAGE][PASSED] - Delayed 1 second(s)

2018-12-07 12:26:05 - [TEST_STEP][PASSED] - click: Object: 'Object Repository/Final Object Repo/Page_Update Add New Employee - ASSIST/Select Socso Employment Startdate Year' is clicked on

2018-12-07 12:26:05 - [MESSAGE][PASSED] - Object: 'Object Repository/Final Object Repo/Page_Update Add New Employee - ASSIST/Select Socso Employment Startdate Year' is clicked on

2018-12-07 12:26:05 - [TEST_STEP][PASSED] - delay: Delayed 2 second(s)

2018-12-07 12:26:07 - [MESSAGE][PASSED] - Delayed 2 second(s)

2018-12-07 12:26:07 - [TEST_STEP][PASSED] - click: Object: 'Object Repository/Final Object Repo/Page_Update Add New Employee - ASSIST/Socso Employment Start Date Day' is clicked on

2018-12-07 12:26:07 - [MESSAGE][PASSED] - Object: 'Object Repository/Final Object Repo/Page_Update Add New Employee - ASSIST/Socso Employment Start Date Day' is clicked on

2018-12-07 12:26:07 - [TEST_STEP][PASSED] - delay: Delayed 2 second(s)

2018-12-07 12:26:09 - [MESSAGE][PASSED] - Delayed 2 second(s)

2018-12-07 12:26:09 - [TEST_STEP][PASSED] - click: Object: 'Object Repository/Final Object Repo/Page_Update Add New Employee - ASSIST/Save Button for Add Employee' is clicked on

2018-12-07 12:26:10 - [MESSAGE][PASSED] - Object: 'Object Repository/Final Object Repo/Page_Update Add New Employee - ASSIST/Save Button for Add Employee' is clicked on

2018-12-07 12:26:10 - [TEST_STEP][PASSED] - delay: Delayed 20 second(s)

2018-12-07 12:26:30 - [MESSAGE][PASSED] - Delayed 20 second(s)

2018-12-07 12:26:30 - [TEST_STEP][PASSED] - click: Object: 'Object Repository/Final Object Repo/Page_Update Add New Employee - ASSIST/Add Employee Button' is clicked on

2018-12-07 12:26:30 - [MESSAGE][PASSED] - Object: 'Object Repository/Final Object Repo/Page_Update Add New Employee - ASSIST/Add Employee Button' is clicked on

2018-12-07 12:26:30 - [TEST_STEP][PASSED] - delay: Delayed 4 second(s)

2018-12-07 12:26:34 - [MESSAGE][PASSED] - Delayed 4 second(s)

2018-12-07 12:26:34 - [TEST_STEP][PASSED] - setText: Text '600203039104' is set on object 'Object Repository/Final Object Repo/Page_Update Add New Employee - ASSIST/NRIC Input'

2018-12-07 12:26:34 - [MESSAGE][PASSED] - Text '600203039104' is set on object 'Object Repository/Final Object Repo/Page_Update Add New Employee - ASSIST/NRIC Input'

2018-12-07 12:26:34 - [TEST_STEP][PASSED] - click: Object: 'Object Repository/Final Object Repo/Page_Update Add New Employee - ASSIST/button for search for IC' is clicked on

2018-12-07 12:26:34 - [MESSAGE][PASSED] - Object: 'Object Repository/Final Object Repo/Page_Update Add New Employee - ASSIST/button for search for IC' is clicked on

2018-12-07 12:26:34 - [TEST_STEP][PASSED] - delay: Delayed 2 second(s)

2018-12-07 12:26:36 - [MESSAGE][PASSED] - Delayed 2 second(s)

2018-12-07 12:26:36 - [TEST_STEP][PASSED] - setText: Text 'Automate002 not eligible 2' is set on object 'Object Repository/Final Object Repo/Page_Update Add New Employee - ASSIST/Employee Name Input'

2018-12-07 12:26:37 - [MESSAGE][PASSED] - Text 'Automate002 not eligible 2' is set on object 'Object Repository/Final Object Repo/Page_Update Add New Employee - ASSIST/Employee Name Input'

2018-12-07 12:26:37 - [TEST_STEP][PASSED] - delay: Delayed 2 second(s)

2018-12-07 12:26:39 - [MESSAGE][PASSED] - Delayed 2 second(s)

2018-12-07 12:26:39 - [TEST_STEP][PASSED] - click: Object: 'Object Repository/Final Object Repo/Page_Update Add New Employee - ASSIST/DatePicker Pop Up' is clicked on

2018-12-07 12:26:39 - [MESSAGE][PASSED] - Object: 'Object Repository/Final Object Repo/Page_Update Add New Employee - ASSIST/DatePicker Pop Up' is clicked on

2018-12-07 12:26:39 - [TEST_STEP][PASSED] - delay: Delayed 2 second(s)

2018-12-07 12:26:41 - [MESSAGE][PASSED] - Delayed 2 second(s)

2018-12-07 12:26:41 - [TEST_STEP][PASSED] - click: Object: 'Object Repository/Final Object Repo/Page_Update Add New Employee - ASSIST/DOB Month' is clicked on

2018-12-07 12:26:42 - [MESSAGE][PASSED] - Object: 'Object Repository/Final Object Repo/Page_Update Add New Employee - ASSIST/DOB Month' is clicked on

2018-12-07 12:26:42 - [TEST_STEP][PASSED] - Statement - selectMonth = com.kms.katalon.core.webui.keyword.WebUiBuiltInKeywords.modifyObjectProperty(selectMonth, "xpath", "equals", "//body/div/div/div/select/option[@value="" + CurrentMonth + ""]", true): Modify property of object successfully

2018-12-07 12:26:42 - [MESSAGE][PASSED] - Modify property of object successfully

2018-12-07 12:26:42 - [TEST_STEP][PASSED] - click: Object: '' is clicked on

2018-12-07 12:26:42 - [MESSAGE][PASSED] - Object: '' is clicked on

2018-12-07 12:26:42 - [TEST_STEP][PASSED] - click: Object: 'Object Repository/Final Object Repo/Page_Update Add New Employee - ASSIST/DOB Year' is clicked on

2018-12-07 12:26:42 - [MESSAGE][PASSED] - Object: 'Object Repository/Final Object Repo/Page_Update Add New Employee - ASSIST/DOB Year' is clicked on

2018-12-07 12:26:42 - [TEST_STEP][PASSED] - Statement - selectYear = com.kms.katalon.core.webui.keyword.WebUiBuiltInKeywords.modifyObjectProperty(selectYear, "xpath", "equals", "//div/div/div/select/option[@value="" + FiftysevenYrsBefore + ""]", true): Modify property of object successfully

2018-12-07 12:26:42 - [MESSAGE][PASSED] - Modify property of object successfully

2018-12-07 12:26:42 - [TEST_STEP][PASSED] - click: Object: '' is clicked on

2018-12-07 12:26:42 - [MESSAGE][PASSED] - Object: '' is clicked on

2018-12-07 12:26:42 - [TEST_STEP][PASSED] - Statement - UpdatedSelectDate = com.kms.katalon.core.webui.keyword.WebUiBuiltInKeywords.modifyObjectProperty(com.kms.katalon.core.testobject.ObjectRepository.findTestObject(Final Object Repo/Page_Update Add New Employee - ASSIST/DOB Date), "xpath", "equals", "//body/div/table/tbody/tr/td/a[text()="" + CurrentDate + ""]", true): Modify property of object successfully

2018-12-07 12:26:42 - [MESSAGE][PASSED] - Modify property of object successfully

2018-12-07 12:26:42 - [TEST_STEP][PASSED] - click: Object: 'Object Repository/Final Object Repo/Page_Update Add New Employee - ASSIST/DOB Date' is clicked on

2018-12-07 12:26:42 - [MESSAGE][PASSED] - Object: 'Object Repository/Final Object Repo/Page_Update Add New Employee - ASSIST/DOB Date' is clicked on

2018-12-07 12:26:42 - [TEST_STEP][PASSED] - click: Object: 'Object Repository/Final Object Repo/Page_Update Add New Employee - ASSIST/EmploymentStartDate Pop Up' is clicked on

2018-12-07 12:26:42 - [MESSAGE][PASSED] - Object: 'Object Repository/Final Object Repo/Page_Update Add New Employee - ASSIST/EmploymentStartDate Pop Up' is clicked on

2018-12-07 12:26:42 - [TEST_STEP][PASSED] - delay: Delayed 2 second(s)

2018-12-07 12:26:44 - [MESSAGE][PASSED] - Delayed 2 second(s)

2018-12-07 12:26:44 - [TEST_STEP][PASSED] - click: Object: 'Object Repository/Final Object Repo/Page_Update Add New Employee - ASSIST/Socso Employment StartDate Month' is clicked on

2018-12-07 12:26:44 - [MESSAGE][PASSED] - Object: 'Object Repository/Final Object Repo/Page_Update Add New Employee - ASSIST/Socso Employment StartDate Month' is clicked on

2018-12-07 12:26:44 - [TEST_STEP][PASSED] - delay: Delayed 1 second(s)

2018-12-07 12:26:45 - [MESSAGE][PASSED] - Delayed 1 second(s)

2018-12-07 12:26:45 - [TEST_STEP][PASSED] - click: Object: 'Object Repository/Final Object Repo/Page_Update Add New Employee - ASSIST/Select Socso Employement Startdate Month' is clicked on

2018-12-07 12:26:46 - [MESSAGE][PASSED] - Object: 'Object Repository/Final Object Repo/Page_Update Add New Employee - ASSIST/Select Socso Employement Startdate Month' is clicked on

2018-12-07 12:26:46 - [TEST_STEP][PASSED] - delay: Delayed 2 second(s)

2018-12-07 12:26:48 - [MESSAGE][PASSED] - Delayed 2 second(s)

2018-12-07 12:26:48 - [TEST_STEP][PASSED] - click: Object: 'Object Repository/Final Object Repo/Page_Update Add New Employee - ASSIST/Socso Employment StartDate Year' is clicked on

2018-12-07 12:26:48 - [MESSAGE][PASSED] - Object: 'Object Repository/Final Object Repo/Page_Update Add New Employee - ASSIST/Socso Employment StartDate Year' is clicked on

2018-12-07 12:26:48 - [TEST_STEP][PASSED] - delay: Delayed 1 second(s)

2018-12-07 12:26:49 - [MESSAGE][PASSED] - Delayed 1 second(s)

2018-12-07 12:26:49 - [TEST_STEP][PASSED] - click: Object: 'Object Repository/Final Object Repo/Page_Update Add New Employee - ASSIST/Select Socso Employment Startdate Year' is clicked on

2018-12-07 12:26:49 - [MESSAGE][PASSED] - Object: 'Object Repository/Final Object Repo/Page_Update Add New Employee - ASSIST/Select Socso Employment Startdate Year' is clicked on

2018-12-07 12:26:49 - [TEST_STEP][PASSED] - delay: Delayed 2 second(s)

2018-12-07 12:26:51 - [MESSAGE][PASSED] - Delayed 2 second(s)

2018-12-07 12:26:51 - [TEST_STEP][PASSED] - click: Object: 'Object Repository/Final Object Repo/Page_Update Add New Employee - ASSIST/Socso Employment Start Date Day' is clicked on

2018-12-07 12:26:51 - [MESSAGE][PASSED] - Object: 'Object Repository/Final Object Repo/Page_Update Add New Employee - ASSIST/Socso Employment Start Date Day' is clicked on

2018-12-07 12:26:51 - [TEST_STEP][PASSED] - delay: Delayed 2 second(s)

2018-12-07 12:26:53 - [MESSAGE][PASSED] - Delayed 2 second(s)

2018-12-07 12:26:53 - [TEST_STEP][PASSED] - click: Object: 'Object Repository/Final Object Repo/Page_Update Add New Employee - ASSIST/Save Button for Add Employee' is clicked on

2018-12-07 12:26:53 - [MESSAGE][PASSED] - Object: 'Object Repository/Final Object Repo/Page_Update Add New Employee - ASSIST/Save Button for Add Employee' is clicked on

2018-12-07 12:26:53 - [MESSAGE][PASSED] - Call Test Case 'Test Cases/Final Aug 2018 - PKS Automation/Registration Module/Workflow/Update Add New Employee/Template/Employee Adding/Employee Adding Action Repeat IC - set 2' successfully

2018-12-07 12:26:53 - [MESSAGE][PASSED] - Call Test Case 'Test Cases/Final Aug 2018 - PKS Automation/Registration Module/Workflow/Update Add New Employee/Template/Employee Adding/Employee Set Decider' successfully

2018-12-07 12:26:53 - [TEST_STEP][PASSED] - delay: Delayed 4 second(s)

2018-12-07 12:26:57 - [MESSAGE][PASSED] - Delayed 4 second(s)

2018-12-07 12:26:57 - [TEST_STEP][PASSED] - Statement - CaseReferenceNo = com.kms.katalon.core.webui.keyword.WebUiBuiltInKeywords.getText(com.kms.katalon.core.testobject.ObjectRepository.findTestObject(Final Object Repo/Page_Update Add New Employee - ASSIST/RefNo)): Text of object 'Object Repository/Final Object Repo/Page_Update Add New Employee - ASSIST/RefNo' is: 'CAN12201800002290'

2018-12-07 12:26:57 - [MESSAGE][PASSED] - Text of object 'Object Repository/Final Object Repo/Page_Update Add New Employee - ASSIST/RefNo' is: 'CAN12201800002290'

2018-12-07 12:26:57 - [TEST_STEP][PASSED] - callTestCase: Call Test Case 'Test Cases/Final Aug 2018 - PKS Automation/Common/Reference Number Setter' successfully

2018-12-07 12:26:58 - [TEST_CASE][PASSED] - Test Cases/Final Aug 2018 - PKS Automation/Common/Reference Number Setter: Test Cases/Final Aug 2018 - PKS Automation/Common/Reference Number Setter

2018-12-07 12:26:58 - [TEST_STEP][PASSED] - Statement - RefNoOldFile = new java.io.File(C://Users//Admin//Desktop//PKS//Automation Reference Point//KatalonReference.txt): null

2018-12-07 12:26:58 - [TEST_STEP][PASSED] - Statement - RefNoOldFile.delete(): null

2018-12-07 12:26:58 - [TEST_STEP][PASSED] - delay: Delayed 5 second(s)

2018-12-07 12:27:03 - [MESSAGE][PASSED] - Delayed 5 second(s)

2018-12-07 12:27:03 - [TEST_STEP][PASSED] - Statement - RefNo = new java.io.File(C://Users//Admin//Desktop//PKS//Automation Reference Point//KatalonReference.txt): null

2018-12-07 12:27:03 - [TEST_STEP][PASSED] - Statement - f2 = new java.io.FileWriter(RefNo, false): null

2018-12-07 12:27:03 - [TEST_STEP][PASSED] - Statement - f2.write(CaseReferenceNo): null

2018-12-07 12:27:03 - [TEST_STEP][PASSED] - Statement - f2.close(): null

2018-12-07 12:27:03 - [TEST_STEP][PASSED] - Statement - out.println("


" + CaseReferenceNo + "


"): null

2018-12-07 12:27:03 - [MESSAGE][PASSED] - Call Test Case 'Test Cases/Final Aug 2018 - PKS Automation/Common/Reference Number Setter' successfully

2018-12-07 12:27:03 - [TEST_STEP][PASSED] - delay: Delayed 5 second(s)

2018-12-07 12:27:08 - [MESSAGE][PASSED] - Delayed 5 second(s)

2018-12-07 12:27:08 - [TEST_STEP][PASSED] - click: Object: 'Object Repository/Final Object Repo/Page_Update Add New Employee - ASSIST/Save  Continue Button' is clicked on

2018-12-07 12:27:08 - [MESSAGE][PASSED] - Object: 'Object Repository/Final Object Repo/Page_Update Add New Employee - ASSIST/Save  Continue Button' is clicked on

2018-12-07 12:27:08 - [TEST_STEP][PASSED] - delay: Delayed 4 second(s)

2018-12-07 12:27:12 - [MESSAGE][PASSED] - Delayed 4 second(s)

2018-12-07 12:27:12 - [TEST_STEP][PASSED] - click: Object: 'Object Repository/Final Object Repo/Page_Update Add New Employee - ASSIST/Save  Continue Third Screen' is clicked on

2018-12-07 12:27:15 - [MESSAGE][PASSED] - Object: 'Object Repository/Final Object Repo/Page_Update Add New Employee - ASSIST/Save  Continue Third Screen' is clicked on

2018-12-07 12:27:15 - [TEST_STEP][PASSED] - delay: Delayed 4 second(s)

2018-12-07 12:27:19 - [MESSAGE][PASSED] - Delayed 4 second(s)

2018-12-07 12:27:19 - [TEST_STEP][PASSED] - click: Object: 'Object Repository/Final Object Repo/Page_Update Add New Employee - ASSIST/Save   Continue Supporting Doc Page' is clicked on

2018-12-07 12:27:19 - [MESSAGE][PASSED] - Object: 'Object Repository/Final Object Repo/Page_Update Add New Employee - ASSIST/Save   Continue Supporting Doc Page' is clicked on

2018-12-07 12:27:19 - [TEST_STEP][PASSED] - delay: Delayed 4 second(s)

2018-12-07 12:27:23 - [MESSAGE][PASSED] - Delayed 4 second(s)

2018-12-07 12:27:23 - [TEST_STEP][PASSED] - click: Object: 'Object Repository/Final Object Repo/Page_Update Add New Employee - ASSIST/Submit Button' is clicked on

2018-12-07 12:27:23 - [MESSAGE][PASSED] - Object: 'Object Repository/Final Object Repo/Page_Update Add New Employee - ASSIST/Submit Button' is clicked on

2018-12-07 12:27:23 - [TEST_STEP][PASSED] - delay: Delayed 4 second(s)

2018-12-07 12:27:27 - [MESSAGE][PASSED] - Delayed 4 second(s)

2018-12-07 12:27:27 - [TEST_STEP][PASSED] - click: Object: 'Object Repository/Final Object Repo/Page_Update Add New Employee - ASSIST/Confirm Submit Button' is clicked on

2018-12-07 12:27:27 - [MESSAGE][PASSED] - Object: 'Object Repository/Final Object Repo/Page_Update Add New Employee - ASSIST/Confirm Submit Button' is clicked on

2018-12-07 12:27:27 - [TEST_STEP][PASSED] - delay: Delayed 30 second(s)

2018-12-07 12:27:57 - [MESSAGE][PASSED] - Delayed 30 second(s)

2018-12-07 12:27:57 - [TEST_STEP][PASSED] - callTestCase: Call Test Case 'Test Cases/Final Aug 2018 - PKS Automation/Common/Screenshoting tool' successfully

2018-12-07 12:27:57 - [TEST_CASE][PASSED] - Test Cases/Final Aug 2018 - PKS Automation/Common/Screenshoting tool: Test Cases/Final Aug 2018 - PKS Automation/Common/Screenshoting tool

2018-12-07 12:27:57 - [TEST_STEP][PASSED] - delay: Delayed 15 second(s)

2018-12-07 12:28:12 - [MESSAGE][PASSED] - Delayed 15 second(s)

2018-12-07 12:28:12 - [TEST_STEP][PASSED] - Statement - driver = com.kms.katalon.core.webui.driver.DriverFactory.getWebDriver(): null

2018-12-07 12:28:12 - [TEST_STEP][PASSED] - Statement - driver.manage().timeouts().implicitlyWait(10, SECONDS): null

2018-12-07 12:28:12 - [TEST_STEP][PASSED] - Statement - PresavePath = KatalonScreenshots: null

2018-12-07 12:28:12 - [TEST_STEP][PASSED] - Statement - pathPrefix = "C:\Users\Public\Pictures\Sample Pictures\Katalon Screenshots\Automate Ending Screen": null

2018-12-07 12:28:12 - [TEST_STEP][PASSED] - Statement - finalPath = <not implemented yet for class: org.codehaus.groovy.ast.expr.EmptyExpression>: null

2018-12-07 12:28:12 - [TEST_STEP][PASSED] - Statement - scrFile = driver.getScreenshotAs(FILE): null

2018-12-07 12:28:13 - [TEST_STEP][PASSED] - Statement - PreSaveFile = new java.io.File(PresavePath): null

2018-12-07 12:28:13 - [TEST_STEP][PASSED] - Statement - counter = 0: null

2018-12-07 12:28:13 - [TEST_STEP][PASSED] - Statement - If (PreSaveFile.exists()): null

2018-12-07 12:28:13 - [TEST_STEP][PASSED] - Statement - While (PreSaveFile.exists()): null

2018-12-07 12:28:13 - [TEST_STEP][PASSED] - Statement - counter = counter + 1: null

2018-12-07 12:28:13 - [TEST_STEP][PASSED] - Statement - PreSaveFile = new java.io.File(((pathPrefix + java.lang.Integer.toString(counter)) + .png)): null

2018-12-07 12:28:13 - [TEST_STEP][PASSED] - Statement - counter = counter + 1: null

2018-12-07 12:28:13 - [TEST_STEP][PASSED] - Statement - PreSaveFile = new java.io.File(((pathPrefix + java.lang.Integer.toString(counter)) + .png)): null

2018-12-07 12:28:13 - [TEST_STEP][PASSED] - Statement - counter = counter + 1: null

2018-12-07 12:28:13 - [TEST_STEP][PASSED] - Statement - PreSaveFile = new java.io.File(((pathPrefix + java.lang.Integer.toString(counter)) + .png)): null

2018-12-07 12:28:13 - [TEST_STEP][PASSED] - Statement - counter = counter + 1: null

2018-12-07 12:28:13 - [TEST_STEP][PASSED] - Statement - PreSaveFile = new java.io.File(((pathPrefix + java.lang.Integer.toString(counter)) + .png)): null

2018-12-07 12:28:13 - [TEST_STEP][PASSED] - Statement - counter = counter + 1: null

2018-12-07 12:28:13 - [TEST_STEP][PASSED] - Statement - PreSaveFile = new java.io.File(((pathPrefix + java.lang.Integer.toString(counter)) + .png)): null

2018-12-07 12:28:13 - [TEST_STEP][PASSED] - Statement - counter = counter + 1: null

2018-12-07 12:28:13 - [TEST_STEP][PASSED] - Statement - PreSaveFile = new java.io.File(((pathPrefix + java.lang.Integer.toString(counter)) + .png)): null

2018-12-07 12:28:13 - [TEST_STEP][PASSED] - Statement - counter = counter + 1: null

2018-12-07 12:28:13 - [TEST_STEP][PASSED] - Statement - PreSaveFile = new java.io.File(((pathPrefix + java.lang.Integer.toString(counter)) + .png)): null

2018-12-07 12:28:13 - [TEST_STEP][PASSED] - Statement - counter = counter + 1: null

2018-12-07 12:28:13 - [TEST_STEP][PASSED] - Statement - PreSaveFile = new java.io.File(((pathPrefix + java.lang.Integer.toString(counter)) + .png)): null

2018-12-07 12:28:13 - [TEST_STEP][PASSED] - Statement - counter = counter + 1: null

2018-12-07 12:28:13 - [TEST_STEP][PASSED] - Statement - PreSaveFile = new java.io.File(((pathPrefix + java.lang.Integer.toString(counter)) + .png)): null

2018-12-07 12:28:13 - [TEST_STEP][PASSED] - Statement - counter = counter + 1: null

2018-12-07 12:28:13 - [TEST_STEP][PASSED] - Statement - PreSaveFile = new java.io.File(((pathPrefix + java.lang.Integer.toString(counter)) + .png)): null

2018-12-07 12:28:13 - [TEST_STEP][PASSED] - Statement - counter = counter + 1: null

2018-12-07 12:28:13 - [TEST_STEP][PASSED] - Statement - PreSaveFile = new java.io.File(((pathPrefix + java.lang.Integer.toString(counter)) + .png)): null

2018-12-07 12:28:13 - [TEST_STEP][PASSED] - Statement - counter = counter + 1: null

2018-12-07 12:28:13 - [TEST_STEP][PASSED] - Statement - PreSaveFile = new java.io.File(((pathPrefix + java.lang.Integer.toString(counter)) + .png)): null

2018-12-07 12:28:13 - [TEST_STEP][PASSED] - Statement - counter = counter + 1: null

2018-12-07 12:28:13 - [TEST_STEP][PASSED] - Statement - PreSaveFile = new java.io.File(((pathPrefix + java.lang.Integer.toString(counter)) + .png)): null

2018-12-07 12:28:13 - [TEST_STEP][PASSED] - Statement - counter = counter + 1: null

2018-12-07 12:28:13 - [TEST_STEP][PASSED] - Statement - PreSaveFile = new java.io.File(((pathPrefix + java.lang.Integer.toString(counter)) + .png)): null

2018-12-07 12:28:13 - [TEST_STEP][PASSED] - Statement - counter = counter + 1: null

2018-12-07 12:28:13 - [TEST_STEP][PASSED] - Statement - PreSaveFile = new java.io.File(((pathPrefix + java.lang.Integer.toString(counter)) + .png)): null

2018-12-07 12:28:13 - [TEST_STEP][PASSED] - Statement - counter = counter + 1: null

2018-12-07 12:28:13 - [TEST_STEP][PASSED] - Statement - PreSaveFile = new java.io.File(((pathPrefix + java.lang.Integer.toString(counter)) + .png)): null

2018-12-07 12:28:13 - [TEST_STEP][PASSED] - Statement - counter = counter + 1: null

2018-12-07 12:28:13 - [TEST_STEP][PASSED] - Statement - PreSaveFile = new java.io.File(((pathPrefix + java.lang.Integer.toString(counter)) + .png)): null

2018-12-07 12:28:13 - [TEST_STEP][PASSED] - Statement - counter = counter + 1: null

2018-12-07 12:28:13 - [TEST_STEP][PASSED] - Statement - PreSaveFile = new java.io.File(((pathPrefix + java.lang.Integer.toString(counter)) + .png)): null

2018-12-07 12:28:13 - [TEST_STEP][PASSED] - Statement - counter = counter + 1: null

2018-12-07 12:28:13 - [TEST_STEP][PASSED] - Statement - PreSaveFile = new java.io.File(((pathPrefix + java.lang.Integer.toString(counter)) + .png)): null

2018-12-07 12:28:13 - [TEST_STEP][PASSED] - Statement - counter = counter + 1: null

2018-12-07 12:28:13 - [TEST_STEP][PASSED] - Statement - PreSaveFile = new java.io.File(((pathPrefix + java.lang.Integer.toString(counter)) + .png)): null

2018-12-07 12:28:13 - [TEST_STEP][PASSED] - Statement - counter = counter + 1: null

2018-12-07 12:28:13 - [TEST_STEP][PASSED] - Statement - PreSaveFile = new java.io.File(((pathPrefix + java.lang.Integer.toString(counter)) + .png)): null

2018-12-07 12:28:13 - [TEST_STEP][PASSED] - Statement - counter = counter + 1: null

2018-12-07 12:28:13 - [TEST_STEP][PASSED] - Statement - PreSaveFile = new java.io.File(((pathPrefix + java.lang.Integer.toString(counter)) + .png)): null

2018-12-07 12:28:13 - [TEST_STEP][PASSED] - Statement - counter = counter + 1: null

2018-12-07 12:28:13 - [TEST_STEP][PASSED] - Statement - PreSaveFile = new java.io.File(((pathPrefix + java.lang.Integer.toString(counter)) + .png)): null

2018-12-07 12:28:13 - [TEST_STEP][PASSED] - Statement - counter = counter + 1: null

2018-12-07 12:28:13 - [TEST_STEP][PASSED] - Statement - PreSaveFile = new java.io.File(((pathPrefix + java.lang.Integer.toString(counter)) + .png)): null

2018-12-07 12:28:13 - [TEST_STEP][PASSED] - Statement - counter = counter + 1: null

2018-12-07 12:28:13 - [TEST_STEP][PASSED] - Statement - PreSaveFile = new java.io.File(((pathPrefix + java.lang.Integer.toString(counter)) + .png)): null

2018-12-07 12:28:13 - [TEST_STEP][PASSED] - Statement - counter = counter + 1: null

2018-12-07 12:28:13 - [TEST_STEP][PASSED] - Statement - PreSaveFile = new java.io.File(((pathPrefix + java.lang.Integer.toString(counter)) + .png)): null

2018-12-07 12:28:13 - [TEST_STEP][PASSED] - Statement - counter = counter + 1: null

2018-12-07 12:28:13 - [TEST_STEP][PASSED] - Statement - PreSaveFile = new java.io.File(((pathPrefix + java.lang.Integer.toString(counter)) + .png)): null

2018-12-07 12:28:13 - [TEST_STEP][PASSED] - Statement - counter = counter + 1: null

2018-12-07 12:28:13 - [TEST_STEP][PASSED] - Statement - PreSaveFile = new java.io.File(((pathPrefix + java.lang.Integer.toString(counter)) + .png)): null

2018-12-07 12:28:14 - [TEST_STEP][PASSED] - Statement - counter = counter + 1: null

2018-12-07 12:28:14 - [TEST_STEP][PASSED] - Statement - PreSaveFile = new java.io.File(((pathPrefix + java.lang.Integer.toString(counter)) + .png)): null

2018-12-07 12:28:14 - [TEST_STEP][PASSED] - Statement - counter = counter + 1: null

2018-12-07 12:28:14 - [TEST_STEP][PASSED] - Statement - PreSaveFile = new java.io.File(((pathPrefix + java.lang.Integer.toString(counter)) + .png)): null

2018-12-07 12:28:14 - [TEST_STEP][PASSED] - Statement - counter = counter + 1: null

2018-12-07 12:28:14 - [TEST_STEP][PASSED] - Statement - PreSaveFile = new java.io.File(((pathPrefix + java.lang.Integer.toString(counter)) + .png)): null

2018-12-07 12:28:14 - [TEST_STEP][PASSED] - Statement - counter = counter + 1: null

2018-12-07 12:28:14 - [TEST_STEP][PASSED] - Statement - PreSaveFile = new java.io.File(((pathPrefix + java.lang.Integer.toString(counter)) + .png)): null

2018-12-07 12:28:14 - [TEST_STEP][PASSED] - Statement - counter = counter + 1: null

2018-12-07 12:28:14 - [TEST_STEP][PASSED] - Statement - PreSaveFile = new java.io.File(((pathPrefix + java.lang.Integer.toString(counter)) + .png)): null

2018-12-07 12:28:14 - [TEST_STEP][PASSED] - Statement - counter = counter + 1: null

2018-12-07 12:28:14 - [TEST_STEP][PASSED] - Statement - PreSaveFile = new java.io.File(((pathPrefix + java.lang.Integer.toString(counter)) + .png)): null

2018-12-07 12:28:14 - [TEST_STEP][PASSED] - Statement - counter = counter + 1: null

2018-12-07 12:28:14 - [TEST_STEP][PASSED] - Statement - PreSaveFile = new java.io.File(((pathPrefix + java.lang.Integer.toString(counter)) + .png)): null

2018-12-07 12:28:14 - [TEST_STEP][PASSED] - Statement - counter = counter + 1: null

2018-12-07 12:28:14 - [TEST_STEP][PASSED] - Statement - PreSaveFile = new java.io.File(((pathPrefix + java.lang.Integer.toString(counter)) + .png)): null

2018-12-07 12:28:14 - [TEST_STEP][PASSED] - Statement - counter = counter + 1: null

2018-12-07 12:28:14 - [TEST_STEP][PASSED] - Statement - PreSaveFile = new java.io.File(((pathPrefix + java.lang.Integer.toString(counter)) + .png)): null

2018-12-07 12:28:14 - [TEST_STEP][PASSED] - Statement - counter = counter + 1: null

2018-12-07 12:28:14 - [TEST_STEP][PASSED] - Statement - PreSaveFile = new java.io.File(((pathPrefix + java.lang.Integer.toString(counter)) + .png)): null

2018-12-07 12:28:14 - [TEST_STEP][PASSED] - Statement - counter = counter + 1: null

2018-12-07 12:28:14 - [TEST_STEP][PASSED] - Statement - PreSaveFile = new java.io.File(((pathPrefix + java.lang.Integer.toString(counter)) + .png)): null

2018-12-07 12:28:14 - [TEST_STEP][PASSED] - Statement - counter = counter + 1: null

2018-12-07 12:28:14 - [TEST_STEP][PASSED] - Statement - PreSaveFile = new java.io.File(((pathPrefix + java.lang.Integer.toString(counter)) + .png)): null

2018-12-07 12:28:14 - [TEST_STEP][PASSED] - Statement - counter = counter + 1: null

2018-12-07 12:28:14 - [TEST_STEP][PASSED] - Statement - PreSaveFile = new java.io.File(((pathPrefix + java.lang.Integer.toString(counter)) + .png)): null

2018-12-07 12:28:14 - [TEST_STEP][PASSED] - Statement - counter = counter + 1: null

2018-12-07 12:28:14 - [TEST_STEP][PASSED] - Statement - PreSaveFile = new java.io.File(((pathPrefix + java.lang.Integer.toString(counter)) + .png)): null

2018-12-07 12:28:14 - [TEST_STEP][PASSED] - Statement - counter = counter + 1: null

2018-12-07 12:28:15 - [TEST_STEP][PASSED] - Statement - PreSaveFile = new java.io.File(((pathPrefix + java.lang.Integer.toString(counter)) + .png)): null

2018-12-07 12:28:15 - [TEST_STEP][PASSED] - Statement - counter = counter + 1: null

2018-12-07 12:28:15 - [TEST_STEP][PASSED] - Statement - PreSaveFile = new java.io.File(((pathPrefix + java.lang.Integer.toString(counter)) + .png)): null

2018-12-07 12:28:15 - [TEST_STEP][PASSED] - Statement - counter = counter + 1: null

2018-12-07 12:28:15 - [TEST_STEP][PASSED] - Statement - PreSaveFile = new java.io.File(((pathPrefix + java.lang.Integer.toString(counter)) + .png)): null

2018-12-07 12:28:15 - [TEST_STEP][PASSED] - Statement - counter = counter + 1: null

2018-12-07 12:28:15 - [TEST_STEP][PASSED] - Statement - PreSaveFile = new java.io.File(((pathPrefix + java.lang.Integer.toString(counter)) + .png)): null

2018-12-07 12:28:15 - [TEST_STEP][PASSED] - Statement - counter = counter + 1: null

2018-12-07 12:28:15 - [TEST_STEP][PASSED] - Statement - PreSaveFile = new java.io.File(((pathPrefix + java.lang.Integer.toString(counter)) + .png)): null

2018-12-07 12:28:15 - [TEST_STEP][PASSED] - Statement - counter = counter + 1: null

2018-12-07 12:28:15 - [TEST_STEP][PASSED] - Statement - PreSaveFile = new java.io.File(((pathPrefix + java.lang.Integer.toString(counter)) + .png)): null

2018-12-07 12:28:15 - [TEST_STEP][PASSED] - Statement - counter = counter + 1: null

2018-12-07 12:28:15 - [TEST_STEP][PASSED] - Statement - PreSaveFile = new java.io.File(((pathPrefix + java.lang.Integer.toString(counter)) + .png)): null

2018-12-07 12:28:15 - [TEST_STEP][PASSED] - Statement - counter = counter + 1: null

2018-12-07 12:28:15 - [TEST_STEP][PASSED] - Statement - PreSaveFile = new java.io.File(((pathPrefix + java.lang.Integer.toString(counter)) + .png)): null

2018-12-07 12:28:15 - [TEST_STEP][PASSED] - Statement - counter = counter + 1: null

2018-12-07 12:28:15 - [TEST_STEP][PASSED] - Statement - PreSaveFile = new java.io.File(((pathPrefix + java.lang.Integer.toString(counter)) + .png)): null

2018-12-07 12:28:15 - [TEST_STEP][PASSED] - Statement - counter = counter + 1: null

2018-12-07 12:28:15 - [TEST_STEP][PASSED] - Statement - PreSaveFile = new java.io.File(((pathPrefix + java.lang.Integer.toString(counter)) + .png)): null

2018-12-07 12:28:15 - [TEST_STEP][PASSED] - Statement - counter = counter + 1: null

2018-12-07 12:28:15 - [TEST_STEP][PASSED] - Statement - PreSaveFile = new java.io.File(((pathPrefix + java.lang.Integer.toString(counter)) + .png)): null

2018-12-07 12:28:15 - [TEST_STEP][PASSED] - Statement - counter = counter + 1: null

2018-12-07 12:28:15 - [TEST_STEP][PASSED] - Statement - PreSaveFile = new java.io.File(((pathPrefix + java.lang.Integer.toString(counter)) + .png)): null

2018-12-07 12:28:15 - [TEST_STEP][PASSED] - Statement - counter = counter + 1: null

2018-12-07 12:28:15 - [TEST_STEP][PASSED] - Statement - PreSaveFile = new java.io.File(((pathPrefix + java.lang.Integer.toString(counter)) + .png)): null

2018-12-07 12:28:15 - [TEST_STEP][PASSED] - Statement - counter = counter + 1: null

2018-12-07 12:28:15 - [TEST_STEP][PASSED] - Statement - PreSaveFile = new java.io.File(((pathPrefix + java.lang.Integer.toString(counter)) + .png)): null

2018-12-07 12:28:15 - [TEST_STEP][PASSED] - Statement - counter = counter + 1: null

2018-12-07 12:28:16 - [TEST_STEP][PASSED] - Statement - PreSaveFile = new java.io.File(((pathPrefix + java.lang.Integer.toString(counter)) + .png)): null

2018-12-07 12:28:16 - [TEST_STEP][PASSED] - Statement - counter = counter + 1: null

2018-12-07 12:28:16 - [TEST_STEP][PASSED] - Statement - PreSaveFile = new java.io.File(((pathPrefix + java.lang.Integer.toString(counter)) + .png)): null

2018-12-07 12:28:16 - [TEST_STEP][PASSED] - Statement - counter = counter + 1: null

2018-12-07 12:28:16 - [TEST_STEP][PASSED] - Statement - PreSaveFile = new java.io.File(((pathPrefix + java.lang.Integer.toString(counter)) + .png)): null

2018-12-07 12:28:16 - [TEST_STEP][PASSED] - Statement - counter = counter + 1: null

2018-12-07 12:28:16 - [TEST_STEP][PASSED] - Statement - PreSaveFile = new java.io.File(((pathPrefix + java.lang.Integer.toString(counter)) + .png)): null

2018-12-07 12:28:16 - [TEST_STEP][PASSED] - Statement - counter = counter + 1: null

2018-12-07 12:28:16 - [TEST_STEP][PASSED] - Statement - PreSaveFile = new java.io.File(((pathPrefix + java.lang.Integer.toString(counter)) + .png)): null

2018-12-07 12:28:16 - [TEST_STEP][PASSED] - Statement - counter = counter + 1: null

2018-12-07 12:28:16 - [TEST_STEP][PASSED] - Statement - PreSaveFile = new java.io.File(((pathPrefix + java.lang.Integer.toString(counter)) + .png)): null

2018-12-07 12:28:16 - [TEST_STEP][PASSED] - Statement - counter = counter + 1: null

2018-12-07 12:28:16 - [TEST_STEP][PASSED] - Statement - PreSaveFile = new java.io.File(((pathPrefix + java.lang.Integer.toString(counter)) + .png)): null

2018-12-07 12:28:16 - [TEST_STEP][PASSED] - Statement - counter = counter + 1: null

2018-12-07 12:28:16 - [TEST_STEP][PASSED] - Statement - PreSaveFile = new java.io.File(((pathPrefix + java.lang.Integer.toString(counter)) + .png)): null

2018-12-07 12:28:16 - [TEST_STEP][PASSED] - Statement - counter = counter + 1: null

2018-12-07 12:28:16 - [TEST_STEP][PASSED] - Statement - PreSaveFile = new java.io.File(((pathPrefix + java.lang.Integer.toString(counter)) + .png)): null

2018-12-07 12:28:16 - [TEST_STEP][PASSED] - Statement - counter = counter + 1: null

2018-12-07 12:28:16 - [TEST_STEP][PASSED] - Statement - PreSaveFile = new java.io.File(((pathPrefix + java.lang.Integer.toString(counter)) + .png)): null

2018-12-07 12:28:16 - [TEST_STEP][PASSED] - Statement - counter = counter + 1: null

2018-12-07 12:28:16 - [TEST_STEP][PASSED] - Statement - PreSaveFile = new java.io.File(((pathPrefix + java.lang.Integer.toString(counter)) + .png)): null

2018-12-07 12:28:16 - [TEST_STEP][PASSED] - Statement - counter = counter + 1: null

2018-12-07 12:28:16 - [TEST_STEP][PASSED] - Statement - PreSaveFile = new java.io.File(((pathPrefix + java.lang.Integer.toString(counter)) + .png)): null

2018-12-07 12:28:16 - [TEST_STEP][PASSED] - Statement - counter = counter + 1: null

2018-12-07 12:28:16 - [TEST_STEP][PASSED] - Statement - PreSaveFile = new java.io.File(((pathPrefix + java.lang.Integer.toString(counter)) + .png)): null

2018-12-07 12:28:16 - [TEST_STEP][PASSED] - Statement - counter = counter + 1: null

2018-12-07 12:28:16 - [TEST_STEP][PASSED] - Statement - PreSaveFile = new java.io.File(((pathPrefix + java.lang.Integer.toString(counter)) + .png)): null

2018-12-07 12:28:16 - [TEST_STEP][PASSED] - Statement - counter = counter + 1: null

2018-12-07 12:28:16 - [TEST_STEP][PASSED] - Statement - PreSaveFile = new java.io.File(((pathPrefix + java.lang.Integer.toString(counter)) + .png)): null

2018-12-07 12:28:17 - [TEST_STEP][PASSED] - Statement - counter = counter + 1: null

2018-12-07 12:28:17 - [TEST_STEP][PASSED] - Statement - PreSaveFile = new java.io.File(((pathPrefix + java.lang.Integer.toString(counter)) + .png)): null

2018-12-07 12:28:17 - [TEST_STEP][PASSED] - Statement - counter = counter + 1: null

2018-12-07 12:28:17 - [TEST_STEP][PASSED] - Statement - PreSaveFile = new java.io.File(((pathPrefix + java.lang.Integer.toString(counter)) + .png)): null

2018-12-07 12:28:17 - [TEST_STEP][PASSED] - Statement - counter = counter + 1: null

2018-12-07 12:28:17 - [TEST_STEP][PASSED] - Statement - PreSaveFile = new java.io.File(((pathPrefix + java.lang.Integer.toString(counter)) + .png)): null

2018-12-07 12:28:17 - [TEST_STEP][PASSED] - Statement - counter = counter + 1: null

2018-12-07 12:28:17 - [TEST_STEP][PASSED] - Statement - PreSaveFile = new java.io.File(((pathPrefix + java.lang.Integer.toString(counter)) + .png)): null

2018-12-07 12:28:17 - [TEST_STEP][PASSED] - Statement - counter = counter + 1: null

2018-12-07 12:28:17 - [TEST_STEP][PASSED] - Statement - PreSaveFile = new java.io.File(((pathPrefix + java.lang.Integer.toString(counter)) + .png)): null

2018-12-07 12:28:17 - [TEST_STEP][PASSED] - Statement - counter = counter + 1: null

2018-12-07 12:28:17 - [TEST_STEP][PASSED] - Statement - PreSaveFile = new java.io.File(((pathPrefix + java.lang.Integer.toString(counter)) + .png)): null

2018-12-07 12:28:17 - [TEST_STEP][PASSED] - Statement - counter = counter + 1: null

2018-12-07 12:28:17 - [TEST_STEP][PASSED] - Statement - PreSaveFile = new java.io.File(((pathPrefix + java.lang.Integer.toString(counter)) + .png)): null

2018-12-07 12:28:17 - [TEST_STEP][PASSED] - Statement - counter = counter + 1: null

2018-12-07 12:28:17 - [TEST_STEP][PASSED] - Statement - PreSaveFile = new java.io.File(((pathPrefix + java.lang.Integer.toString(counter)) + .png)): null

2018-12-07 12:28:17 - [TEST_STEP][PASSED] - Statement - counter = counter + 1: null

2018-12-07 12:28:17 - [TEST_STEP][PASSED] - Statement - PreSaveFile = new java.io.File(((pathPrefix + java.lang.Integer.toString(counter)) + .png)): null

2018-12-07 12:28:17 - [TEST_STEP][PASSED] - Statement - counter = counter + 1: null

2018-12-07 12:28:17 - [TEST_STEP][PASSED] - Statement - PreSaveFile = new java.io.File(((pathPrefix + java.lang.Integer.toString(counter)) + .png)): null

2018-12-07 12:28:17 - [TEST_STEP][PASSED] - Statement - counter = counter + 1: null

2018-12-07 12:28:17 - [TEST_STEP][PASSED] - Statement - PreSaveFile = new java.io.File(((pathPrefix + java.lang.Integer.toString(counter)) + .png)): null

2018-12-07 12:28:17 - [TEST_STEP][PASSED] - Statement - counter = counter + 1: null

2018-12-07 12:28:17 - [TEST_STEP][PASSED] - Statement - PreSaveFile = new java.io.File(((pathPrefix + java.lang.Integer.toString(counter)) + .png)): null

2018-12-07 12:28:17 - [TEST_STEP][PASSED] - Statement - counter = counter + 1: null

2018-12-07 12:28:17 - [TEST_STEP][PASSED] - Statement - PreSaveFile = new java.io.File(((pathPrefix + java.lang.Integer.toString(counter)) + .png)): null

2018-12-07 12:28:17 - [TEST_STEP][PASSED] - Statement - counter = counter + 1: null

2018-12-07 12:28:17 - [TEST_STEP][PASSED] - Statement - PreSaveFile = new java.io.File(((pathPrefix + java.lang.Integer.toString(counter)) + .png)): null

2018-12-07 12:28:17 - [TEST_STEP][PASSED] - Statement - counter = counter + 1: null

2018-12-07 12:28:18 - [TEST_STEP][PASSED] - Statement - PreSaveFile = new java.io.File(((pathPrefix + java.lang.Integer.toString(counter)) + .png)): null

2018-12-07 12:28:18 - [TEST_STEP][PASSED] - Statement - counter = counter + 1: null

2018-12-07 12:28:18 - [TEST_STEP][PASSED] - Statement - PreSaveFile = new java.io.File(((pathPrefix + java.lang.Integer.toString(counter)) + .png)): null

2018-12-07 12:28:18 - [TEST_STEP][PASSED] - Statement - counter = counter + 1: null

2018-12-07 12:28:18 - [TEST_STEP][PASSED] - Statement - PreSaveFile = new java.io.File(((pathPrefix + java.lang.Integer.toString(counter)) + .png)): null

2018-12-07 12:28:18 - [TEST_STEP][PASSED] - Statement - counter = counter + 1: null

2018-12-07 12:28:18 - [TEST_STEP][PASSED] - Statement - PreSaveFile = new java.io.File(((pathPrefix + java.lang.Integer.toString(counter)) + .png)): null

2018-12-07 12:28:18 - [TEST_STEP][PASSED] - Statement - counter = counter + 1: null

2018-12-07 12:28:18 - [TEST_STEP][PASSED] - Statement - PreSaveFile = new java.io.File(((pathPrefix + java.lang.Integer.toString(counter)) + .png)): null

2018-12-07 12:28:18 - [TEST_STEP][PASSED] - Statement - counter = counter + 1: null

2018-12-07 12:28:18 - [TEST_STEP][PASSED] - Statement - PreSaveFile = new java.io.File(((pathPrefix + java.lang.Integer.toString(counter)) + .png)): null

2018-12-07 12:28:18 - [TEST_STEP][PASSED] - Statement - counter = counter + 1: null

2018-12-07 12:28:18 - [TEST_STEP][PASSED] - Statement - PreSaveFile = new java.io.File(((pathPrefix + java.lang.Integer.toString(counter)) + .png)): null

2018-12-07 12:28:18 - [TEST_STEP][PASSED] - Statement - counter = counter + 1: null

2018-12-07 12:28:18 - [TEST_STEP][PASSED] - Statement - PreSaveFile = new java.io.File(((pathPrefix + java.lang.Integer.toString(counter)) + .png)): null

2018-12-07 12:28:18 - [TEST_STEP][PASSED] - Statement - counter = counter + 1: null

2018-12-07 12:28:18 - [TEST_STEP][PASSED] - Statement - PreSaveFile = new java.io.File(((pathPrefix + java.lang.Integer.toString(counter)) + .png)): null

2018-12-07 12:28:18 - [TEST_STEP][PASSED] - Statement - counter = counter + 1: null

2018-12-07 12:28:18 - [TEST_STEP][PASSED] - Statement - PreSaveFile = new java.io.File(((pathPrefix + java.lang.Integer.toString(counter)) + .png)): null

2018-12-07 12:28:18 - [TEST_STEP][PASSED] - Statement - counter = counter + 1: null

2018-12-07 12:28:18 - [TEST_STEP][PASSED] - Statement - PreSaveFile = new java.io.File(((pathPrefix + java.lang.Integer.toString(counter)) + .png)): null

2018-12-07 12:28:18 - [TEST_STEP][PASSED] - Statement - counter = counter + 1: null

2018-12-07 12:28:18 - [TEST_STEP][PASSED] - Statement - PreSaveFile = new java.io.File(((pathPrefix + java.lang.Integer.toString(counter)) + .png)): null

2018-12-07 12:28:18 - [TEST_STEP][PASSED] - Statement - counter = counter + 1: null

2018-12-07 12:28:18 - [TEST_STEP][PASSED] - Statement - PreSaveFile = new java.io.File(((pathPrefix + java.lang.Integer.toString(counter)) + .png)): null

2018-12-07 12:28:18 - [TEST_STEP][PASSED] - Statement - counter = counter + 1: null

2018-12-07 12:28:18 - [TEST_STEP][PASSED] - Statement - PreSaveFile = new java.io.File(((pathPrefix + java.lang.Integer.toString(counter)) + .png)): null

2018-12-07 12:28:18 - [TEST_STEP][PASSED] - Statement - counter = counter + 1: null

2018-12-07 12:28:19 - [TEST_STEP][PASSED] - Statement - PreSaveFile = new java.io.File(((pathPrefix + java.lang.Integer.toString(counter)) + .png)): null

2018-12-07 12:28:19 - [TEST_STEP][PASSED] - Statement - counter = counter + 1: null

2018-12-07 12:28:19 - [TEST_STEP][PASSED] - Statement - PreSaveFile = new java.io.File(((pathPrefix + java.lang.Integer.toString(counter)) + .png)): null

2018-12-07 12:28:19 - [TEST_STEP][PASSED] - Statement - counter = counter + 1: null

2018-12-07 12:28:19 - [TEST_STEP][PASSED] - Statement - PreSaveFile = new java.io.File(((pathPrefix + java.lang.Integer.toString(counter)) + .png)): null

2018-12-07 12:28:19 - [TEST_STEP][PASSED] - Statement - counter = counter + 1: null

2018-12-07 12:28:19 - [TEST_STEP][PASSED] - Statement - PreSaveFile = new java.io.File(((pathPrefix + java.lang.Integer.toString(counter)) + .png)): null

2018-12-07 12:28:19 - [TEST_STEP][PASSED] - Statement - counter = counter + 1: null

2018-12-07 12:28:19 - [TEST_STEP][PASSED] - Statement - PreSaveFile = new java.io.File(((pathPrefix + java.lang.Integer.toString(counter)) + .png)): null

2018-12-07 12:28:19 - [TEST_STEP][PASSED] - Statement - counter = counter + 1: null

2018-12-07 12:28:19 - [TEST_STEP][PASSED] - Statement - PreSaveFile = new java.io.File(((pathPrefix + java.lang.Integer.toString(counter)) + .png)): null

2018-12-07 12:28:19 - [TEST_STEP][PASSED] - Statement - counter = counter + 1: null

2018-12-07 12:28:19 - [TEST_STEP][PASSED] - Statement - PreSaveFile = new java.io.File(((pathPrefix + java.lang.Integer.toString(counter)) + .png)): null

2018-12-07 12:28:19 - [TEST_STEP][PASSED] - Statement - counter = counter + 1: null

2018-12-07 12:28:19 - [TEST_STEP][PASSED] - Statement - PreSaveFile = new java.io.File(((pathPrefix + java.lang.Integer.toString(counter)) + .png)): null

2018-12-07 12:28:19 - [TEST_STEP][PASSED] - Statement - counter = counter + 1: null

2018-12-07 12:28:19 - [TEST_STEP][PASSED] - Statement - PreSaveFile = new java.io.File(((pathPrefix + java.lang.Integer.toString(counter)) + .png)): null

2018-12-07 12:28:19 - [TEST_STEP][PASSED] - Statement - counter = counter + 1: null

2018-12-07 12:28:19 - [TEST_STEP][PASSED] - Statement - PreSaveFile = new java.io.File(((pathPrefix + java.lang.Integer.toString(counter)) + .png)): null

2018-12-07 12:28:19 - [TEST_STEP][PASSED] - Statement - counter = counter + 1: null

2018-12-07 12:28:19 - [TEST_STEP][PASSED] - Statement - PreSaveFile = new java.io.File(((pathPrefix + java.lang.Integer.toString(counter)) + .png)): null

2018-12-07 12:28:19 - [TEST_STEP][PASSED] - Statement - counter = counter + 1: null

2018-12-07 12:28:19 - [TEST_STEP][PASSED] - Statement - PreSaveFile = new java.io.File(((pathPrefix + java.lang.Integer.toString(counter)) + .png)): null

2018-12-07 12:28:19 - [TEST_STEP][PASSED] - Statement - counter = counter + 1: null

2018-12-07 12:28:19 - [TEST_STEP][PASSED] - Statement - PreSaveFile = new java.io.File(((pathPrefix + java.lang.Integer.toString(counter)) + .png)): null

2018-12-07 12:28:19 - [TEST_STEP][PASSED] - Statement - counter = counter + 1: null

2018-12-07 12:28:19 - [TEST_STEP][PASSED] - Statement - PreSaveFile = new java.io.File(((pathPrefix + java.lang.Integer.toString(counter)) + .png)): null

2018-12-07 12:28:19 - [TEST_STEP][PASSED] - Statement - counter = counter + 1: null

2018-12-07 12:28:19 - [TEST_STEP][PASSED] - Statement - PreSaveFile = new java.io.File(((pathPrefix + java.lang.Integer.toString(counter)) + .png)): null

2018-12-07 12:28:20 - [TEST_STEP][PASSED] - Statement - counter = counter + 1: null

2018-12-07 12:28:20 - [TEST_STEP][PASSED] - Statement - PreSaveFile = new java.io.File(((pathPrefix + java.lang.Integer.toString(counter)) + .png)): null

2018-12-07 12:28:20 - [TEST_STEP][PASSED] - Statement - counter = counter + 1: null

2018-12-07 12:28:20 - [TEST_STEP][PASSED] - Statement - PreSaveFile = new java.io.File(((pathPrefix + java.lang.Integer.toString(counter)) + .png)): null

2018-12-07 12:28:20 - [TEST_STEP][PASSED] - Statement - counter = counter + 1: null

2018-12-07 12:28:20 - [TEST_STEP][PASSED] - Statement - PreSaveFile = new java.io.File(((pathPrefix + java.lang.Integer.toString(counter)) + .png)): null

2018-12-07 12:28:20 - [TEST_STEP][PASSED] - Statement - counter = counter + 1: null

2018-12-07 12:28:20 - [TEST_STEP][PASSED] - Statement - PreSaveFile = new java.io.File(((pathPrefix + java.lang.Integer.toString(counter)) + .png)): null

2018-12-07 12:28:20 - [TEST_STEP][PASSED] - Statement - counter = counter + 1: null

2018-12-07 12:28:20 - [TEST_STEP][PASSED] - Statement - PreSaveFile = new java.io.File(((pathPrefix + java.lang.Integer.toString(counter)) + .png)): null

2018-12-07 12:28:20 - [TEST_STEP][PASSED] - Statement - counter = counter + 1: null

2018-12-07 12:28:20 - [TEST_STEP][PASSED] - Statement - PreSaveFile = new java.io.File(((pathPrefix + java.lang.Integer.toString(counter)) + .png)): null

2018-12-07 12:28:20 - [TEST_STEP][PASSED] - Statement - counter = counter + 1: null

2018-12-07 12:28:20 - [TEST_STEP][PASSED] - Statement - PreSaveFile = new java.io.File(((pathPrefix + java.lang.Integer.toString(counter)) + .png)): null

2018-12-07 12:28:20 - [TEST_STEP][PASSED] - Statement - counter = counter + 1: null

2018-12-07 12:28:20 - [TEST_STEP][PASSED] - Statement - PreSaveFile = new java.io.File(((pathPrefix + java.lang.Integer.toString(counter)) + .png)): null

2018-12-07 12:28:20 - [TEST_STEP][PASSED] - Statement - counter = counter + 1: null

2018-12-07 12:28:20 - [TEST_STEP][PASSED] - Statement - PreSaveFile = new java.io.File(((pathPrefix + java.lang.Integer.toString(counter)) + .png)): null

2018-12-07 12:28:20 - [TEST_STEP][PASSED] - Statement - counter = counter + 1: null

2018-12-07 12:28:20 - [TEST_STEP][PASSED] - Statement - PreSaveFile = new java.io.File(((pathPrefix + java.lang.Integer.toString(counter)) + .png)): null

2018-12-07 12:28:20 - [TEST_STEP][PASSED] - Statement - counter = counter + 1: null

2018-12-07 12:28:20 - [TEST_STEP][PASSED] - Statement - PreSaveFile = new java.io.File(((pathPrefix + java.lang.Integer.toString(counter)) + .png)): null

2018-12-07 12:28:20 - [TEST_STEP][PASSED] - Statement - counter = counter + 1: null

2018-12-07 12:28:20 - [TEST_STEP][PASSED] - Statement - PreSaveFile = new java.io.File(((pathPrefix + java.lang.Integer.toString(counter)) + .png)): null

2018-12-07 12:28:20 - [TEST_STEP][PASSED] - Statement - counter = counter + 1: null

2018-12-07 12:28:20 - [TEST_STEP][PASSED] - Statement - PreSaveFile = new java.io.File(((pathPrefix + java.lang.Integer.toString(counter)) + .png)): null

2018-12-07 12:28:20 - [TEST_STEP][PASSED] - Statement - counter = counter + 1: null

2018-12-07 12:28:20 - [TEST_STEP][PASSED] - Statement - PreSaveFile = new java.io.File(((pathPrefix + java.lang.Integer.toString(counter)) + .png)): null

2018-12-07 12:28:20 - [TEST_STEP][PASSED] - Statement - counter = counter + 1: null

2018-12-07 12:28:21 - [TEST_STEP][PASSED] - Statement - PreSaveFile = new java.io.File(((pathPrefix + java.lang.Integer.toString(counter)) + .png)): null

2018-12-07 12:28:21 - [TEST_STEP][PASSED] - Statement - counter = counter + 1: null

2018-12-07 12:28:21 - [TEST_STEP][PASSED] - Statement - PreSaveFile = new java.io.File(((pathPrefix + java.lang.Integer.toString(counter)) + .png)): null

2018-12-07 12:28:21 - [TEST_STEP][PASSED] - Statement - counter = counter + 1: null

2018-12-07 12:28:21 - [TEST_STEP][PASSED] - Statement - PreSaveFile = new java.io.File(((pathPrefix + java.lang.Integer.toString(counter)) + .png)): null

2018-12-07 12:28:21 - [TEST_STEP][PASSED] - Statement - counter = counter + 1: null

2018-12-07 12:28:21 - [TEST_STEP][PASSED] - Statement - PreSaveFile = new java.io.File(((pathPrefix + java.lang.Integer.toString(counter)) + .png)): null

2018-12-07 12:28:21 - [TEST_STEP][PASSED] - Statement - counter = counter + 1: null

2018-12-07 12:28:21 - [TEST_STEP][PASSED] - Statement - PreSaveFile = new java.io.File(((pathPrefix + java.lang.Integer.toString(counter)) + .png)): null

2018-12-07 12:28:21 - [TEST_STEP][PASSED] - Statement - counter = counter + 1: null

2018-12-07 12:28:21 - [TEST_STEP][PASSED] - Statement - PreSaveFile = new java.io.File(((pathPrefix + java.lang.Integer.toString(counter)) + .png)): null

2018-12-07 12:28:21 - [TEST_STEP][PASSED] - Statement - finalPath = pathPrefix + java.lang.Integer.toString(counter) + ".png": null

2018-12-07 12:28:21 - [TEST_STEP][PASSED] - Statement - SaveFile = new java.io.File(finalPath): null

2018-12-07 12:28:21 - [TEST_STEP][PASSED] - Statement - Try: null

2018-12-07 12:28:21 - [TEST_STEP][PASSED] - Statement - org.apache.commons.io.FileUtils.copyFile(scrFile, SaveFile): null

2018-12-07 12:28:21 - [TEST_STEP][PASSED] - Statement - out.println("file kept"): null

2018-12-07 12:28:21 - [TEST_STEP][PASSED] - delay: Delayed 10 second(s)

2018-12-07 12:28:31 - [MESSAGE][PASSED] - Delayed 10 second(s)

2018-12-07 12:28:31 - [MESSAGE][PASSED] - Call Test Case 'Test Cases/Final Aug 2018 - PKS Automation/Common/Screenshoting tool' successfully

2018-12-07 12:28:31 - [TEST_STEP][PASSED] - callTestCase: Call Test Case 'Test Cases/Final Aug 2018 - PKS Automation/Registration Module/Log Out/log out avoiding katalon tagging' successfully

2018-12-07 12:28:31 - [TEST_CASE][PASSED] - Test Cases/Final Aug 2018 - PKS Automation/Registration Module/Log Out/log out avoiding katalon tagging: Test Cases/Final Aug 2018 - PKS Automation/Registration Module/Log Out/log out avoiding katalon tagging

2018-12-07 12:28:31 - [TEST_STEP][PASSED] - navigateToUrl: Navigate to 'https://assist2-uat.perkeso.gov.my/c/portal/logout' successfully

2018-12-07 12:28:32 - [MESSAGE][PASSED] - Navigate to 'https://assist2-uat.perkeso.gov.my/c/portal/logout' successfully

2018-12-07 12:28:32 - [MESSAGE][PASSED] - Call Test Case 'Test Cases/Final Aug 2018 - PKS Automation/Registration Module/Log Out/log out avoiding katalon tagging' successfully

2018-12-07 12:28:32 - [TEST_STEP][PASSED] - callTestCase: Call Test Case 'Test Cases/Final Aug 2018 - PKS Automation/Common/Workflow Owner Finder' successfully

2018-12-07 12:28:32 - [TEST_CASE][PASSED] - Test Cases/Final Aug 2018 - PKS Automation/Common/Workflow Owner Finder: Test Cases/Final Aug 2018 - PKS Automation/Common/Workflow Owner Finder

2018-12-07 12:28:32 - [TEST_STEP][PASSED] - openBrowser: Browser is opened with url: ''

2018-12-07 12:28:32 - [MESSAGE][WARNING] - A browser is already opened. Closing browser and opening a new one

2018-12-07 12:28:35 - [MESSAGE][PASSED] - Browser is opened with url: ''

2018-12-07 12:28:35 - [TEST_STEP][PASSED] - navigateToUrl: Navigate to 'https://assist2-uat.perkeso.gov.my/login' successfully

2018-12-07 12:28:36 - [MESSAGE][PASSED] - Navigate to 'https://assist2-uat.perkeso.gov.my/login' successfully

2018-12-07 12:28:36 - [TEST_STEP][PASSED] - delay: Delayed 5 second(s)

2018-12-07 12:28:41 - [MESSAGE][PASSED] - Delayed 5 second(s)

2018-12-07 12:28:41 - [TEST_STEP][PASSED] - setText: Text 'test@liferay.com' is set on object 'Object Repository/Final Object Repo/Login Page/Internal User/Email Address'

2018-12-07 12:28:41 - [MESSAGE][PASSED] - Text 'test@liferay.com' is set on object 'Object Repository/Final Object Repo/Login Page/Internal User/Email Address'

2018-12-07 12:28:41 - [TEST_STEP][PASSED] - click: Object: 'Object Repository/Final Object Repo/Login Page/Internal User/Next Button' is clicked on

2018-12-07 12:28:42 - [MESSAGE][PASSED] - Object: 'Object Repository/Final Object Repo/Login Page/Internal User/Next Button' is clicked on

2018-12-07 12:28:42 - [TEST_STEP][PASSED] - delay: Delayed 2 second(s)

2018-12-07 12:28:44 - [MESSAGE][PASSED] - Delayed 2 second(s)

2018-12-07 12:28:44 - [TEST_STEP][PASSED] - setText: Text 'test' is set on object 'Object Repository/Final Object Repo/Login Page/Internal User/Password'

2018-12-07 12:28:44 - [MESSAGE][PASSED] - Text 'test' is set on object 'Object Repository/Final Object Repo/Login Page/Internal User/Password'

2018-12-07 12:28:44 - [TEST_STEP][PASSED] - delay: Delayed 2 second(s)

2018-12-07 12:28:46 - [MESSAGE][PASSED] - Delayed 2 second(s)

2018-12-07 12:28:46 - [TEST_STEP][PASSED] - click: Object: 'Object Repository/Final Object Repo/Login Page/Internal User/Login Button' is clicked on

2018-12-07 12:28:46 - [MESSAGE][PASSED] - Object: 'Object Repository/Final Object Repo/Login Page/Internal User/Login Button' is clicked on

2018-12-07 12:28:46 - [TEST_STEP][PASSED] - Statement - tester = com.kms.katalon.core.testobject.ObjectRepository.findTestObject(Final Object Repo/Landing Page/Select to English): Finding Test Object with id 'Object Repository/Final Object Repo/Landing Page/Select to English'

2018-12-07 12:28:46 - [TEST_STEP][PASSED] - Statement - Try: Delayed 2 second(s)

2018-12-07 12:28:46 - [TEST_STEP][PASSED] - Statement - Checker = com.kms.katalon.core.webui.keyword.WebUiBuiltInKeywords.verifyElementNotPresent(tester, 3): Web element with id: 'Object Repository/Final Object Repo/Landing Page/Select to English' located by 'By.xpath: //a[@class = 'taglib-language-list-text' and @lang = 'en-US' and (contains(text(), 'EN') or contains(., 'EN'))]' is not present after '3' second(s)

2018-12-07 12:28:48 - [MESSAGE][PASSED] - Web element with id: 'Object Repository/Final Object Repo/Landing Page/Select to English' located by 'By.xpath: //a[@class = 'taglib-language-list-text' and @lang = 'en-US' and (contains(text(), 'EN') or contains(., 'EN'))]' is not present after '3' second(s)

2018-12-07 12:28:48 - [TEST_STEP][PASSED] - Statement - If (Checker == false): null

2018-12-07 12:28:48 - [TEST_STEP][PASSED] - delay: Delayed 2 second(s)

2018-12-07 12:28:50 - [MESSAGE][PASSED] - Delayed 2 second(s)

2018-12-07 12:28:50 - [TEST_STEP][PASSED] - delay: Delayed 5 second(s)

2018-12-07 12:28:55 - [MESSAGE][PASSED] - Delayed 5 second(s)

2018-12-07 12:28:55 - [TEST_STEP][PASSED] - mouseOver: Object: 'Object Repository/Final Object Repo/Landing Page/WorkFlow Menu' is hovered

2018-12-07 12:28:55 - [MESSAGE][PASSED] - Object: 'Object Repository/Final Object Repo/Landing Page/WorkFlow Menu' is hovered

2018-12-07 12:28:55 - [TEST_STEP][PASSED] - delay: Delayed 2 second(s)

2018-12-07 12:28:57 - [MESSAGE][PASSED] - Delayed 2 second(s)

2018-12-07 12:28:57 - [TEST_STEP][PASSED] - click: Object: 'Object Repository/Final Object Repo/Landing Page/Select to Workflow Listing' is clicked on

2018-12-07 12:28:58 - [MESSAGE][PASSED] - Object: 'Object Repository/Final Object Repo/Landing Page/Select to Workflow Listing' is clicked on

2018-12-07 12:28:58 - [TEST_STEP][PASSED] - delay: Delayed 2 second(s)

2018-12-07 12:29:00 - [MESSAGE][PASSED] - Delayed 2 second(s)

2018-12-07 12:29:00 - [TEST_STEP][PASSED] - click: Object: 'Object Repository/Final Object Repo/WorkFlow Listing Page/Search Information - To Put Ref No' is clicked on

2018-12-07 12:29:01 - [MESSAGE][PASSED] - Object: 'Object Repository/Final Object Repo/WorkFlow Listing Page/Search Information - To Put Ref No' is clicked on

2018-12-07 12:29:01 - [TEST_STEP][PASSED] - delay: Delayed 2 second(s)

2018-12-07 12:29:03 - [MESSAGE][PASSED] - Delayed 2 second(s)

2018-12-07 12:29:03 - [TEST_STEP][PASSED] - callTestCase: Call Test Case 'Test Cases/Final Aug 2018 - PKS Automation/Common/Reference Number Getter' successfully

2018-12-07 12:29:03 - [TEST_CASE][PASSED] - Test Cases/Final Aug 2018 - PKS Automation/Common/Reference Number Getter: Test Cases/Final Aug 2018 - PKS Automation/Common/Reference Number Getter

2018-12-07 12:29:03 - [TEST_STEP][PASSED] - Statement - Try: null

2018-12-07 12:29:03 - [TEST_STEP][PASSED] - Statement - RefNo = new java.io.File(C://Users//Admin//Desktop//PKS//Automation Reference Point//KatalonReference.txt): null

2018-12-07 12:29:03 - [TEST_STEP][PASSED] - Statement - bufferread = new java.io.BufferedReader(new java.io.FileReader(RefNo)): null

2018-12-07 12:29:03 - [TEST_STEP][PASSED] - Statement - readedVal = bufferread.readLine(): null

2018-12-07 12:29:03 - [TEST_STEP][PASSED] - Statement - out.println(CaseReferenceNo): null

2018-12-07 12:29:03 - [TEST_STEP][PASSED] - Statement - out.println(readedVal): null

2018-12-07 12:29:03 - [TEST_STEP][PASSED] - Statement - CaseReferenceNo = "": null

2018-12-07 12:29:03 - [TEST_STEP][PASSED] - Statement - CaseReferenceNo = readedVal: null

2018-12-07 12:29:03 - [MESSAGE][PASSED] - Call Test Case 'Test Cases/Final Aug 2018 - PKS Automation/Common/Reference Number Getter' successfully

2018-12-07 12:29:03 - [TEST_STEP][PASSED] - setText: Text 'CAN12201800002290' is set on object 'Object Repository/Final Object Repo/WorkFlow Listing Page/Ref No Set Text'

2018-12-07 12:29:03 - [MESSAGE][PASSED] - Text 'CAN12201800002290' is set on object 'Object Repository/Final Object Repo/WorkFlow Listing Page/Ref No Set Text'

2018-12-07 12:29:03 - [TEST_STEP][PASSED] - delay: Delayed 2 second(s)

2018-12-07 12:29:05 - [MESSAGE][PASSED] - Delayed 2 second(s)

2018-12-07 12:29:05 - [TEST_STEP][PASSED] - click: Object: 'Object Repository/Final Object Repo/WorkFlow Listing Page/Search Ref No Search Button' is clicked on

2018-12-07 12:29:05 - [MESSAGE][PASSED] - Object: 'Object Repository/Final Object Repo/WorkFlow Listing Page/Search Ref No Search Button' is clicked on

2018-12-07 12:29:05 - [TEST_STEP][PASSED] - delay: Delayed 6 second(s)

2018-12-07 12:29:11 - [MESSAGE][PASSED] - Delayed 6 second(s)

2018-12-07 12:29:11 - [TEST_STEP][PASSED] - click: Object: 'Object Repository/Final Object Repo/WorkFlow Listing Page/Click Continue Tooltip' is clicked on

2018-12-07 12:29:12 - [MESSAGE][PASSED] - Object: 'Object Repository/Final Object Repo/WorkFlow Listing Page/Click Continue Tooltip' is clicked on

2018-12-07 12:29:12 - [TEST_STEP][PASSED] - delay: Delayed 5 second(s)

2018-12-07 12:29:17 - [MESSAGE][PASSED] - Delayed 5 second(s)

2018-12-07 12:29:17 - [TEST_STEP][PASSED] - doubleClick: Object: 'Object Repository/Final Object Repo/WorkFlow Listing Page/Workflow Found - Listing 1' is double clicked on

2018-12-07 12:29:17 - [MESSAGE][PASSED] - Object: 'Object Repository/Final Object Repo/WorkFlow Listing Page/Workflow Found - Listing 1' is double clicked on

2018-12-07 12:29:17 - [TEST_STEP][PASSED] - Statement - println(OwnerID): null

2018-12-07 12:29:17 - [TEST_STEP][PASSED] - Statement - OwnerID = com.kms.katalon.core.webui.keyword.WebUiBuiltInKeywords.getText(com.kms.katalon.core.testobject.ObjectRepository.findTestObject(Final Object Repo/WorkFlow Listing Page/Workflow Found - Listing 1), STOP_ON_FAILURE): Text of object 'Object Repository/Final Object Repo/WorkFlow Listing Page/Workflow Found - Listing 1' is: 'JOHORro1'

2018-12-07 12:29:17 - [MESSAGE][PASSED] - Text of object 'Object Repository/Final Object Repo/WorkFlow Listing Page/Workflow Found - Listing 1' is: 'JOHORro1'

2018-12-07 12:29:17 - [TEST_STEP][PASSED] - Statement - OwnerID = OwnerID.toLowerCase() + "@gmail.com": null

2018-12-07 12:29:17 - [TEST_STEP][PASSED] - Statement - println(OwnerID): null

2018-12-07 12:29:17 - [TEST_STEP][PASSED] - delay: Delayed 2 second(s)

2018-12-07 12:29:19 - [MESSAGE][PASSED] - Delayed 2 second(s)

2018-12-07 12:29:19 - [MESSAGE][PASSED] - Call Test Case 'Test Cases/Final Aug 2018 - PKS Automation/Common/Workflow Owner Finder' successfully

2018-12-07 12:29:19 - [TEST_STEP][PASSED] - callTestCase: Call Test Case 'Test Cases/Final Aug 2018 - PKS Automation/Registration Module/Log Out/log out avoiding katalon tagging' successfully

2018-12-07 12:29:19 - [TEST_CASE][PASSED] - Test Cases/Final Aug 2018 - PKS Automation/Registration Module/Log Out/log out avoiding katalon tagging: Test Cases/Final Aug 2018 - PKS Automation/Registration Module/Log Out/log out avoiding katalon tagging

2018-12-07 12:29:19 - [TEST_STEP][PASSED] - navigateToUrl: Navigate to 'https://assist2-uat.perkeso.gov.my/c/portal/logout' successfully

2018-12-07 12:29:20 - [MESSAGE][PASSED] - Navigate to 'https://assist2-uat.perkeso.gov.my/c/portal/logout' successfully

2018-12-07 12:29:20 - [MESSAGE][PASSED] - Call Test Case 'Test Cases/Final Aug 2018 - PKS Automation/Registration Module/Log Out/log out avoiding katalon tagging' successfully

2018-12-07 12:29:20 - [TEST_STEP][PASSED] - delay: Delayed 2 second(s)

2018-12-07 12:29:22 - [MESSAGE][PASSED] - Delayed 2 second(s)

2018-12-07 12:29:22 - [TEST_STEP][PASSED] - setText: Text 'johorro1@gmail.com' is set on object 'Object Repository/Final Object Repo/Page_Update Add New Employee - ASSIST/Email TextBox'

2018-12-07 12:29:23 - [MESSAGE][PASSED] - Text 'johorro1@gmail.com' is set on object 'Object Repository/Final Object Repo/Page_Update Add New Employee - ASSIST/Email TextBox'

2018-12-07 12:29:23 - [TEST_STEP][PASSED] - click: Object: 'Object Repository/Final Object Repo/Page_Update Add New Employee - ASSIST/Next Button' is clicked on

2018-12-07 12:29:23 - [MESSAGE][PASSED] - Object: 'Object Repository/Final Object Repo/Page_Update Add New Employee - ASSIST/Next Button' is clicked on

2018-12-07 12:29:23 - [TEST_STEP][PASSED] - delay: Delayed 2 second(s)

2018-12-07 12:29:25 - [MESSAGE][PASSED] - Delayed 2 second(s)

2018-12-07 12:29:25 - [TEST_STEP][PASSED] - setText: Text 'Test1@3456789' is set on object 'Object Repository/Final Object Repo/Page_Update Add New Employee - ASSIST/Password TextBox'

2018-12-07 12:29:25 - [MESSAGE][PASSED] - Text 'Test1@3456789' is set on object 'Object Repository/Final Object Repo/Page_Update Add New Employee - ASSIST/Password TextBox'

2018-12-07 12:29:25 - [TEST_STEP][PASSED] - delay: Delayed 2 second(s)

2018-12-07 12:29:27 - [MESSAGE][PASSED] - Delayed 2 second(s)

2018-12-07 12:29:27 - [TEST_STEP][PASSED] - click: Object: 'Object Repository/Final Object Repo/Page_Update Add New Employee - ASSIST/Login Button' is clicked on

2018-12-07 12:29:28 - [MESSAGE][PASSED] - Object: 'Object Repository/Final Object Repo/Page_Update Add New Employee - ASSIST/Login Button' is clicked on

2018-12-07 12:29:28 - [TEST_STEP][PASSED] - delay: Delayed 4 second(s)

2018-12-07 12:29:32 - [MESSAGE][PASSED] - Delayed 4 second(s)

2018-12-07 12:29:32 - [TEST_STEP][PASSED] - Statement - Try: Delayed 2 second(s)

2018-12-07 12:29:32 - [TEST_STEP][PASSED] - Statement - Checker = false: null

2018-12-07 12:29:32 - [TEST_STEP][PASSED] - Statement - Checker = com.kms.katalon.core.webui.keyword.WebUiBuiltInKeywords.verifyElementHasAttribute(com.kms.katalon.core.testobject.ObjectRepository.findTestObject(Final Object Repo/Landing Page/BM Detecting), "href", 20, OPTIONAL): Object 'Object Repository/Final Object Repo/Landing Page/BM Detecting' has attribute 'href'

2018-12-07 12:29:32 - [MESSAGE][PASSED] - Object 'Object Repository/Final Object Repo/Landing Page/BM Detecting' has attribute 'href'

2018-12-07 12:29:32 - [TEST_STEP][PASSED] - Statement - out.println(Checker): null

2018-12-07 12:29:32 - [TEST_STEP][PASSED] - Statement - If (Checker == false): null

2018-12-07 12:29:32 - [TEST_STEP][PASSED] - Statement - Else: null

2018-12-07 12:29:32 - [TEST_STEP][PASSED] - delay: Delayed 2 second(s)

2018-12-07 12:29:34 - [MESSAGE][PASSED] - Delayed 2 second(s)

2018-12-07 12:29:34 - [TEST_STEP][PASSED] - delay: Delayed 4 second(s)

2018-12-07 12:29:38 - [MESSAGE][PASSED] - Delayed 4 second(s)

2018-12-07 12:29:38 - [TEST_STEP][PASSED] - click: Object: 'Object Repository/Final Object Repo/New Registration - Registration Module Pages/New Reg - OTC to RO/Special Case - All Related Objects/Expand to Search' is clicked on

2018-12-07 12:29:38 - [MESSAGE][PASSED] - Object: 'Object Repository/Final Object Repo/New Registration - Registration Module Pages/New Reg - OTC to RO/Special Case - All Related Objects/Expand to Search' is clicked on

2018-12-07 12:29:38 - [TEST_STEP][PASSED] - delay: Delayed 2 second(s)

2018-12-07 12:29:40 - [MESSAGE][PASSED] - Delayed 2 second(s)

2018-12-07 12:29:40 - [TEST_STEP][PASSED] - setText: Text 'CAN12201800002290' is set on object 'Object Repository/Final Object Repo/New Registration - Registration Module Pages/New Reg - OTC to RO/Special Case - All Related Objects/TextBox RefNo in Workbasket'

2018-12-07 12:29:40 - [MESSAGE][PASSED] - Text 'CAN12201800002290' is set on object 'Object Repository/Final Object Repo/New Registration - Registration Module Pages/New Reg - OTC to RO/Special Case - All Related Objects/TextBox RefNo in Workbasket'

2018-12-07 12:29:40 - [TEST_STEP][PASSED] - delay: Delayed 2 second(s)

2018-12-07 12:29:42 - [MESSAGE][PASSED] - Delayed 2 second(s)

2018-12-07 12:29:42 - [TEST_STEP][PASSED] - click: Object: 'Object Repository/Final Object Repo/New Registration - Registration Module Pages/New Reg - OTC to RO/Special Case - All Related Objects/Click Search' is clicked on

2018-12-07 12:29:42 - [MESSAGE][PASSED] - Object: 'Object Repository/Final Object Repo/New Registration - Registration Module Pages/New Reg - OTC to RO/Special Case - All Related Objects/Click Search' is clicked on

2018-12-07 12:29:42 - [TEST_STEP][PASSED] - delay: Delayed 2 second(s)

2018-12-07 12:29:44 - [MESSAGE][PASSED] - Delayed 2 second(s)

2018-12-07 12:29:44 - [TEST_STEP][PASSED] - click: Object: 'Object Repository/Final Object Repo/New Registration - Registration Module Pages/New Reg - OTC to RO/Special Case - All Related Objects/Click to Continue Workflow' is clicked on

2018-12-07 12:29:48 - [MESSAGE][PASSED] - Object: 'Object Repository/Final Object Repo/New Registration - Registration Module Pages/New Reg - OTC to RO/Special Case - All Related Objects/Click to Continue Workflow' is clicked on

2018-12-07 12:29:48 - [TEST_STEP][PASSED] - delay: Delayed 2 second(s)

2018-12-07 12:29:50 - [MESSAGE][PASSED] - Delayed 2 second(s)

2018-12-07 12:29:50 - [TEST_STEP][PASSED] - click: Object: 'Object Repository/Final Object Repo/New Registration - Registration Module Pages/New Reg - OTC to RO/Special Case - All Related Objects/Continue Button in verifying case' is clicked on

2018-12-07 12:29:53 - [MESSAGE][PASSED] - Object: 'Object Repository/Final Object Repo/New Registration - Registration Module Pages/New Reg - OTC to RO/Special Case - All Related Objects/Continue Button in verifying case' is clicked on

2018-12-07 12:29:53 - [TEST_STEP][PASSED] - delay: Delayed 2 second(s)

2018-12-07 12:29:55 - [MESSAGE][PASSED] - Delayed 2 second(s)

2018-12-07 12:29:55 - [TEST_STEP][PASSED] - click: Object: 'Object Repository/Final Object Repo/Page_Update Add New Employee - ASSIST/Save  Continue Button' is clicked on

2018-12-07 12:29:56 - [MESSAGE][PASSED] - Object: 'Object Repository/Final Object Repo/Page_Update Add New Employee - ASSIST/Save  Continue Button' is clicked on

2018-12-07 12:29:56 - [TEST_STEP][PASSED] - delay: Delayed 4 second(s)

2018-12-07 12:30:00 - [MESSAGE][PASSED] - Delayed 4 second(s)

2018-12-07 12:30:00 - [TEST_STEP][PASSED] - click: Object: 'Object Repository/Final Object Repo/Page_Update Add New Employee - ASSIST/Save  Continue Third Screen' is clicked on

2018-12-07 12:30:02 - [MESSAGE][PASSED] - Object: 'Object Repository/Final Object Repo/Page_Update Add New Employee - ASSIST/Save  Continue Third Screen' is clicked on

2018-12-07 12:30:02 - [TEST_STEP][PASSED] - delay: Delayed 4 second(s)

2018-12-07 12:30:06 - [MESSAGE][PASSED] - Delayed 4 second(s)

2018-12-07 12:30:06 - [TEST_STEP][PASSED] - click: Object: 'Object Repository/Final Object Repo/Page_Update Add New Employee - ASSIST/Save   Continue Supporting Doc Page' is clicked on

2018-12-07 12:30:07 - [MESSAGE][PASSED] - Object: 'Object Repository/Final Object Repo/Page_Update Add New Employee - ASSIST/Save   Continue Supporting Doc Page' is clicked on

2018-12-07 12:30:07 - [TEST_STEP][PASSED] - delay: Delayed 4 second(s)

2018-12-07 12:30:11 - [MESSAGE][PASSED] - Delayed 4 second(s)

2018-12-07 12:30:11 - [TEST_STEP][PASSED] - click: Object: 'Object Repository/Final Object Repo/Page_Update Add New Employee - ASSIST/Submit Button' is clicked on

2018-12-07 12:30:11 - [MESSAGE][PASSED] - Object: 'Object Repository/Final Object Repo/Page_Update Add New Employee - ASSIST/Submit Button' is clicked on

2018-12-07 12:30:11 - [TEST_STEP][PASSED] - delay: Delayed 4 second(s)

2018-12-07 12:30:15 - [MESSAGE][PASSED] - Delayed 4 second(s)

2018-12-07 12:30:15 - [TEST_STEP][PASSED] - click: Object: 'Object Repository/Final Object Repo/Page_Update Add New Employee - ASSIST/Confirm Submit Button' is clicked on

2018-12-07 12:30:15 - [MESSAGE][PASSED] - Object: 'Object Repository/Final Object Repo/Page_Update Add New Employee - ASSIST/Confirm Submit Button' is clicked on

2018-12-07 12:30:15 - [TEST_STEP][PASSED] - delay: Delayed 30 second(s)

2018-12-07 12:30:45 - [MESSAGE][PASSED] - Delayed 30 second(s)

2018-12-07 12:30:45 - [TEST_STEP][PASSED] - callTestCase: Call Test Case 'Test Cases/Final Aug 2018 - PKS Automation/Common/Screenshoting tool' successfully

2018-12-07 12:30:45 - [TEST_CASE][PASSED] - Test Cases/Final Aug 2018 - PKS Automation/Common/Screenshoting tool: Test Cases/Final Aug 2018 - PKS Automation/Common/Screenshoting tool

2018-12-07 12:30:45 - [TEST_STEP][PASSED] - delay: Delayed 15 second(s)

2018-12-07 12:31:00 - [MESSAGE][PASSED] - Delayed 15 second(s)

2018-12-07 12:31:00 - [TEST_STEP][PASSED] - Statement - driver = com.kms.katalon.core.webui.driver.DriverFactory.getWebDriver(): null

2018-12-07 12:31:00 - [TEST_STEP][PASSED] - Statement - driver.manage().timeouts().implicitlyWait(10, SECONDS): null

2018-12-07 12:31:00 - [TEST_STEP][PASSED] - Statement - PresavePath = KatalonScreenshots: null

2018-12-07 12:31:00 - [TEST_STEP][PASSED] - Statement - pathPrefix = "C:\Users\Public\Pictures\Sample Pictures\Katalon Screenshots\Automate Ending Screen": null

2018-12-07 12:31:00 - [TEST_STEP][PASSED] - Statement - finalPath = <not implemented yet for class: org.codehaus.groovy.ast.expr.EmptyExpression>: null

2018-12-07 12:31:00 - [TEST_STEP][PASSED] - Statement - scrFile = driver.getScreenshotAs(FILE): null

2018-12-07 12:31:00 - [TEST_STEP][PASSED] - Statement - PreSaveFile = new java.io.File(PresavePath): null

2018-12-07 12:31:00 - [TEST_STEP][PASSED] - Statement - counter = 0: null

2018-12-07 12:31:00 - [TEST_STEP][PASSED] - Statement - If (PreSaveFile.exists()): null

2018-12-07 12:31:00 - [TEST_STEP][PASSED] - Statement - While (PreSaveFile.exists()): null

2018-12-07 12:31:00 - [TEST_STEP][PASSED] - Statement - counter = counter + 1: null

2018-12-07 12:31:00 - [TEST_STEP][PASSED] - Statement - PreSaveFile = new java.io.File(((pathPrefix + java.lang.Integer.toString(counter)) + .png)): null

2018-12-07 12:31:00 - [TEST_STEP][PASSED] - Statement - counter = counter + 1: null

2018-12-07 12:31:00 - [TEST_STEP][PASSED] - Statement - PreSaveFile = new java.io.File(((pathPrefix + java.lang.Integer.toString(counter)) + .png)): null

2018-12-07 12:31:00 - [TEST_STEP][PASSED] - Statement - counter = counter + 1: null

2018-12-07 12:31:00 - [TEST_STEP][PASSED] - Statement - PreSaveFile = new java.io.File(((pathPrefix + java.lang.Integer.toString(counter)) + .png)): null

2018-12-07 12:31:00 - [TEST_STEP][PASSED] - Statement - counter = counter + 1: null

2018-12-07 12:31:00 - [TEST_STEP][PASSED] - Statement - PreSaveFile = new java.io.File(((pathPrefix + java.lang.Integer.toString(counter)) + .png)): null

2018-12-07 12:31:00 - [TEST_STEP][PASSED] - Statement - counter = counter + 1: null

2018-12-07 12:31:00 - [TEST_STEP][PASSED] - Statement - PreSaveFile = new java.io.File(((pathPrefix + java.lang.Integer.toString(counter)) + .png)): null

2018-12-07 12:31:00 - [TEST_STEP][PASSED] - Statement - counter = counter + 1: null

2018-12-07 12:31:00 - [TEST_STEP][PASSED] - Statement - PreSaveFile = new java.io.File(((pathPrefix + java.lang.Integer.toString(counter)) + .png)): null

2018-12-07 12:31:00 - [TEST_STEP][PASSED] - Statement - counter = counter + 1: null

2018-12-07 12:31:00 - [TEST_STEP][PASSED] - Statement - PreSaveFile = new java.io.File(((pathPrefix + java.lang.Integer.toString(counter)) + .png)): null

2018-12-07 12:31:00 - [TEST_STEP][PASSED] - Statement - counter = counter + 1: null

2018-12-07 12:31:00 - [TEST_STEP][PASSED] - Statement - PreSaveFile = new java.io.File(((pathPrefix + java.lang.Integer.toString(counter)) + .png)): null

2018-12-07 12:31:00 - [TEST_STEP][PASSED] - Statement - counter = counter + 1: null

2018-12-07 12:31:00 - [TEST_STEP][PASSED] - Statement - PreSaveFile = new java.io.File(((pathPrefix + java.lang.Integer.toString(counter)) + .png)): null

2018-12-07 12:31:00 - [TEST_STEP][PASSED] - Statement - counter = counter + 1: null

2018-12-07 12:31:00 - [TEST_STEP][PASSED] - Statement - PreSaveFile = new java.io.File(((pathPrefix + java.lang.Integer.toString(counter)) + .png)): null

2018-12-07 12:31:00 - [TEST_STEP][PASSED] - Statement - counter = counter + 1: null

2018-12-07 12:31:00 - [TEST_STEP][PASSED] - Statement - PreSaveFile = new java.io.File(((pathPrefix + java.lang.Integer.toString(counter)) + .png)): null

2018-12-07 12:31:00 - [TEST_STEP][PASSED] - Statement - counter = counter + 1: null

2018-12-07 12:31:00 - [TEST_STEP][PASSED] - Statement - PreSaveFile = new java.io.File(((pathPrefix + java.lang.Integer.toString(counter)) + .png)): null

2018-12-07 12:31:00 - [TEST_STEP][PASSED] - Statement - counter = counter + 1: null

2018-12-07 12:31:00 - [TEST_STEP][PASSED] - Statement - PreSaveFile = new java.io.File(((pathPrefix + java.lang.Integer.toString(counter)) + .png)): null

2018-12-07 12:31:00 - [TEST_STEP][PASSED] - Statement - counter = counter + 1: null

2018-12-07 12:31:00 - [TEST_STEP][PASSED] - Statement - PreSaveFile = new java.io.File(((pathPrefix + java.lang.Integer.toString(counter)) + .png)): null

2018-12-07 12:31:00 - [TEST_STEP][PASSED] - Statement - counter = counter + 1: null

2018-12-07 12:31:00 - [TEST_STEP][PASSED] - Statement - PreSaveFile = new java.io.File(((pathPrefix + java.lang.Integer.toString(counter)) + .png)): null

2018-12-07 12:31:00 - [TEST_STEP][PASSED] - Statement - counter = counter + 1: null

2018-12-07 12:31:00 - [TEST_STEP][PASSED] - Statement - PreSaveFile = new java.io.File(((pathPrefix + java.lang.Integer.toString(counter)) + .png)): null

2018-12-07 12:31:00 - [TEST_STEP][PASSED] - Statement - counter = counter + 1: null

2018-12-07 12:31:00 - [TEST_STEP][PASSED] - Statement - PreSaveFile = new java.io.File(((pathPrefix + java.lang.Integer.toString(counter)) + .png)): null

2018-12-07 12:31:01 - [TEST_STEP][PASSED] - Statement - counter = counter + 1: null

2018-12-07 12:31:01 - [TEST_STEP][PASSED] - Statement - PreSaveFile = new java.io.File(((pathPrefix + java.lang.Integer.toString(counter)) + .png)): null

2018-12-07 12:31:01 - [TEST_STEP][PASSED] - Statement - counter = counter + 1: null

2018-12-07 12:31:01 - [TEST_STEP][PASSED] - Statement - PreSaveFile = new java.io.File(((pathPrefix + java.lang.Integer.toString(counter)) + .png)): null

2018-12-07 12:31:01 - [TEST_STEP][PASSED] - Statement - counter = counter + 1: null

2018-12-07 12:31:01 - [TEST_STEP][PASSED] - Statement - PreSaveFile = new java.io.File(((pathPrefix + java.lang.Integer.toString(counter)) + .png)): null

2018-12-07 12:31:01 - [TEST_STEP][PASSED] - Statement - counter = counter + 1: null

2018-12-07 12:31:01 - [TEST_STEP][PASSED] - Statement - PreSaveFile = new java.io.File(((pathPrefix + java.lang.Integer.toString(counter)) + .png)): null

2018-12-07 12:31:01 - [TEST_STEP][PASSED] - Statement - counter = counter + 1: null

2018-12-07 12:31:01 - [TEST_STEP][PASSED] - Statement - PreSaveFile = new java.io.File(((pathPrefix + java.lang.Integer.toString(counter)) + .png)): null

2018-12-07 12:31:01 - [TEST_STEP][PASSED] - Statement - counter = counter + 1: null

2018-12-07 12:31:01 - [TEST_STEP][PASSED] - Statement - PreSaveFile = new java.io.File(((pathPrefix + java.lang.Integer.toString(counter)) + .png)): null

2018-12-07 12:31:01 - [TEST_STEP][PASSED] - Statement - counter = counter + 1: null

2018-12-07 12:31:01 - [TEST_STEP][PASSED] - Statement - PreSaveFile = new java.io.File(((pathPrefix + java.lang.Integer.toString(counter)) + .png)): null

2018-12-07 12:31:01 - [TEST_STEP][PASSED] - Statement - counter = counter + 1: null

2018-12-07 12:31:01 - [TEST_STEP][PASSED] - Statement - PreSaveFile = new java.io.File(((pathPrefix + java.lang.Integer.toString(counter)) + .png)): null

2018-12-07 12:31:01 - [TEST_STEP][PASSED] - Statement - counter = counter + 1: null

2018-12-07 12:31:01 - [TEST_STEP][PASSED] - Statement - PreSaveFile = new java.io.File(((pathPrefix + java.lang.Integer.toString(counter)) + .png)): null

2018-12-07 12:31:01 - [TEST_STEP][PASSED] - Statement - counter = counter + 1: null

2018-12-07 12:31:01 - [TEST_STEP][PASSED] - Statement - PreSaveFile = new java.io.File(((pathPrefix + java.lang.Integer.toString(counter)) + .png)): null

2018-12-07 12:31:01 - [TEST_STEP][PASSED] - Statement - counter = counter + 1: null

2018-12-07 12:31:01 - [TEST_STEP][PASSED] - Statement - PreSaveFile = new java.io.File(((pathPrefix + java.lang.Integer.toString(counter)) + .png)): null

2018-12-07 12:31:01 - [TEST_STEP][PASSED] - Statement - counter = counter + 1: null

2018-12-07 12:31:01 - [TEST_STEP][PASSED] - Statement - PreSaveFile = new java.io.File(((pathPrefix + java.lang.Integer.toString(counter)) + .png)): null

2018-12-07 12:31:01 - [TEST_STEP][PASSED] - Statement - counter = counter + 1: null

2018-12-07 12:31:01 - [TEST_STEP][PASSED] - Statement - PreSaveFile = new java.io.File(((pathPrefix + java.lang.Integer.toString(counter)) + .png)): null

2018-12-07 12:31:01 - [TEST_STEP][PASSED] - Statement - counter = counter + 1: null

2018-12-07 12:31:01 - [TEST_STEP][PASSED] - Statement - PreSaveFile = new java.io.File(((pathPrefix + java.lang.Integer.toString(counter)) + .png)): null

2018-12-07 12:31:01 - [TEST_STEP][PASSED] - Statement - counter = counter + 1: null

2018-12-07 12:31:01 - [TEST_STEP][PASSED] - Statement - PreSaveFile = new java.io.File(((pathPrefix + java.lang.Integer.toString(counter)) + .png)): null

2018-12-07 12:31:01 - [TEST_STEP][PASSED] - Statement - counter = counter + 1: null

2018-12-07 12:31:02 - [TEST_STEP][PASSED] - Statement - PreSaveFile = new java.io.File(((pathPrefix + java.lang.Integer.toString(counter)) + .png)): null

2018-12-07 12:31:02 - [TEST_STEP][PASSED] - Statement - counter = counter + 1: null

2018-12-07 12:31:02 - [TEST_STEP][PASSED] - Statement - PreSaveFile = new java.io.File(((pathPrefix + java.lang.Integer.toString(counter)) + .png)): null

2018-12-07 12:31:02 - [TEST_STEP][PASSED] - Statement - counter = counter + 1: null

2018-12-07 12:31:02 - [TEST_STEP][PASSED] - Statement - PreSaveFile = new java.io.File(((pathPrefix + java.lang.Integer.toString(counter)) + .png)): null

2018-12-07 12:31:02 - [TEST_STEP][PASSED] - Statement - counter = counter + 1: null

2018-12-07 12:31:02 - [TEST_STEP][PASSED] - Statement - PreSaveFile = new java.io.File(((pathPrefix + java.lang.Integer.toString(counter)) + .png)): null

2018-12-07 12:31:02 - [TEST_STEP][PASSED] - Statement - counter = counter + 1: null

2018-12-07 12:31:02 - [TEST_STEP][PASSED] - Statement - PreSaveFile = new java.io.File(((pathPrefix + java.lang.Integer.toString(counter)) + .png)): null

2018-12-07 12:31:02 - [TEST_STEP][PASSED] - Statement - counter = counter + 1: null

2018-12-07 12:31:02 - [TEST_STEP][PASSED] - Statement - PreSaveFile = new java.io.File(((pathPrefix + java.lang.Integer.toString(counter)) + .png)): null

2018-12-07 12:31:02 - [TEST_STEP][PASSED] - Statement - counter = counter + 1: null

2018-12-07 12:31:02 - [TEST_STEP][PASSED] - Statement - PreSaveFile = new java.io.File(((pathPrefix + java.lang.Integer.toString(counter)) + .png)): null

2018-12-07 12:31:02 - [TEST_STEP][PASSED] - Statement - counter = counter + 1: null

2018-12-07 12:31:02 - [TEST_STEP][PASSED] - Statement - PreSaveFile = new java.io.File(((pathPrefix + java.lang.Integer.toString(counter)) + .png)): null

2018-12-07 12:31:02 - [TEST_STEP][PASSED] - Statement - counter = counter + 1: null

2018-12-07 12:31:02 - [TEST_STEP][PASSED] - Statement - PreSaveFile = new java.io.File(((pathPrefix + java.lang.Integer.toString(counter)) + .png)): null

2018-12-07 12:31:02 - [TEST_STEP][PASSED] - Statement - counter = counter + 1: null

2018-12-07 12:31:02 - [TEST_STEP][PASSED] - Statement - PreSaveFile = new java.io.File(((pathPrefix + java.lang.Integer.toString(counter)) + .png)): null

2018-12-07 12:31:02 - [TEST_STEP][PASSED] - Statement - counter = counter + 1: null

2018-12-07 12:31:02 - [TEST_STEP][PASSED] - Statement - PreSaveFile = new java.io.File(((pathPrefix + java.lang.Integer.toString(counter)) + .png)): null

2018-12-07 12:31:02 - [TEST_STEP][PASSED] - Statement - counter = counter + 1: null

2018-12-07 12:31:02 - [TEST_STEP][PASSED] - Statement - PreSaveFile = new java.io.File(((pathPrefix + java.lang.Integer.toString(counter)) + .png)): null

2018-12-07 12:31:02 - [TEST_STEP][PASSED] - Statement - counter = counter + 1: null

2018-12-07 12:31:02 - [TEST_STEP][PASSED] - Statement - PreSaveFile = new java.io.File(((pathPrefix + java.lang.Integer.toString(counter)) + .png)): null

2018-12-07 12:31:02 - [TEST_STEP][PASSED] - Statement - counter = counter + 1: null

2018-12-07 12:31:02 - [TEST_STEP][PASSED] - Statement - PreSaveFile = new java.io.File(((pathPrefix + java.lang.Integer.toString(counter)) + .png)): null

2018-12-07 12:31:02 - [TEST_STEP][PASSED] - Statement - counter = counter + 1: null

2018-12-07 12:31:02 - [TEST_STEP][PASSED] - Statement - PreSaveFile = new java.io.File(((pathPrefix + java.lang.Integer.toString(counter)) + .png)): null

2018-12-07 12:31:03 - [TEST_STEP][PASSED] - Statement - counter = counter + 1: null

2018-12-07 12:31:03 - [TEST_STEP][PASSED] - Statement - PreSaveFile = new java.io.File(((pathPrefix + java.lang.Integer.toString(counter)) + .png)): null

2018-12-07 12:31:03 - [TEST_STEP][PASSED] - Statement - counter = counter + 1: null

2018-12-07 12:31:03 - [TEST_STEP][PASSED] - Statement - PreSaveFile = new java.io.File(((pathPrefix + java.lang.Integer.toString(counter)) + .png)): null

2018-12-07 12:31:03 - [TEST_STEP][PASSED] - Statement - counter = counter + 1: null

2018-12-07 12:31:03 - [TEST_STEP][PASSED] - Statement - PreSaveFile = new java.io.File(((pathPrefix + java.lang.Integer.toString(counter)) + .png)): null

2018-12-07 12:31:03 - [TEST_STEP][PASSED] - Statement - counter = counter + 1: null

2018-12-07 12:31:03 - [TEST_STEP][PASSED] - Statement - PreSaveFile = new java.io.File(((pathPrefix + java.lang.Integer.toString(counter)) + .png)): null

2018-12-07 12:31:03 - [TEST_STEP][PASSED] - Statement - counter = counter + 1: null

2018-12-07 12:31:03 - [TEST_STEP][PASSED] - Statement - PreSaveFile = new java.io.File(((pathPrefix + java.lang.Integer.toString(counter)) + .png)): null

2018-12-07 12:31:03 - [TEST_STEP][PASSED] - Statement - counter = counter + 1: null

2018-12-07 12:31:03 - [TEST_STEP][PASSED] - Statement - PreSaveFile = new java.io.File(((pathPrefix + java.lang.Integer.toString(counter)) + .png)): null

2018-12-07 12:31:03 - [TEST_STEP][PASSED] - Statement - counter = counter + 1: null

2018-12-07 12:31:03 - [TEST_STEP][PASSED] - Statement - PreSaveFile = new java.io.File(((pathPrefix + java.lang.Integer.toString(counter)) + .png)): null

2018-12-07 12:31:03 - [TEST_STEP][PASSED] - Statement - counter = counter + 1: null

2018-12-07 12:31:03 - [TEST_STEP][PASSED] - Statement - PreSaveFile = new java.io.File(((pathPrefix + java.lang.Integer.toString(counter)) + .png)): null

2018-12-07 12:31:03 - [TEST_STEP][PASSED] - Statement - counter = counter + 1: null

2018-12-07 12:31:03 - [TEST_STEP][PASSED] - Statement - PreSaveFile = new java.io.File(((pathPrefix + java.lang.Integer.toString(counter)) + .png)): null

2018-12-07 12:31:03 - [TEST_STEP][PASSED] - Statement - counter = counter + 1: null

2018-12-07 12:31:03 - [TEST_STEP][PASSED] - Statement - PreSaveFile = new java.io.File(((pathPrefix + java.lang.Integer.toString(counter)) + .png)): null

2018-12-07 12:31:03 - [TEST_STEP][PASSED] - Statement - counter = counter + 1: null

2018-12-07 12:31:03 - [TEST_STEP][PASSED] - Statement - PreSaveFile = new java.io.File(((pathPrefix + java.lang.Integer.toString(counter)) + .png)): null

2018-12-07 12:31:03 - [TEST_STEP][PASSED] - Statement - counter = counter + 1: null

2018-12-07 12:31:03 - [TEST_STEP][PASSED] - Statement - PreSaveFile = new java.io.File(((pathPrefix + java.lang.Integer.toString(counter)) + .png)): null

2018-12-07 12:31:03 - [TEST_STEP][PASSED] - Statement - counter = counter + 1: null

2018-12-07 12:31:03 - [TEST_STEP][PASSED] - Statement - PreSaveFile = new java.io.File(((pathPrefix + java.lang.Integer.toString(counter)) + .png)): null

2018-12-07 12:31:03 - [TEST_STEP][PASSED] - Statement - counter = counter + 1: null

2018-12-07 12:31:03 - [TEST_STEP][PASSED] - Statement - PreSaveFile = new java.io.File(((pathPrefix + java.lang.Integer.toString(counter)) + .png)): null

2018-12-07 12:31:03 - [TEST_STEP][PASSED] - Statement - counter = counter + 1: null

2018-12-07 12:31:04 - [TEST_STEP][PASSED] - Statement - PreSaveFile = new java.io.File(((pathPrefix + java.lang.Integer.toString(counter)) + .png)): null

2018-12-07 12:31:04 - [TEST_STEP][PASSED] - Statement - counter = counter + 1: null

2018-12-07 12:31:04 - [TEST_STEP][PASSED] - Statement - PreSaveFile = new java.io.File(((pathPrefix + java.lang.Integer.toString(counter)) + .png)): null

2018-12-07 12:31:04 - [TEST_STEP][PASSED] - Statement - counter = counter + 1: null

2018-12-07 12:31:04 - [TEST_STEP][PASSED] - Statement - PreSaveFile = new java.io.File(((pathPrefix + java.lang.Integer.toString(counter)) + .png)): null

2018-12-07 12:31:04 - [TEST_STEP][PASSED] - Statement - counter = counter + 1: null

2018-12-07 12:31:04 - [TEST_STEP][PASSED] - Statement - PreSaveFile = new java.io.File(((pathPrefix + java.lang.Integer.toString(counter)) + .png)): null

2018-12-07 12:31:04 - [TEST_STEP][PASSED] - Statement - counter = counter + 1: null

2018-12-07 12:31:04 - [TEST_STEP][PASSED] - Statement - PreSaveFile = new java.io.File(((pathPrefix + java.lang.Integer.toString(counter)) + .png)): null

2018-12-07 12:31:04 - [TEST_STEP][PASSED] - Statement - counter = counter + 1: null

2018-12-07 12:31:04 - [TEST_STEP][PASSED] - Statement - PreSaveFile = new java.io.File(((pathPrefix + java.lang.Integer.toString(counter)) + .png)): null

2018-12-07 12:31:04 - [TEST_STEP][PASSED] - Statement - counter = counter + 1: null

2018-12-07 12:31:04 - [TEST_STEP][PASSED] - Statement - PreSaveFile = new java.io.File(((pathPrefix + java.lang.Integer.toString(counter)) + .png)): null

2018-12-07 12:31:04 - [TEST_STEP][PASSED] - Statement - counter = counter + 1: null

2018-12-07 12:31:04 - [TEST_STEP][PASSED] - Statement - PreSaveFile = new java.io.File(((pathPrefix + java.lang.Integer.toString(counter)) + .png)): null

2018-12-07 12:31:04 - [TEST_STEP][PASSED] - Statement - counter = counter + 1: null

2018-12-07 12:31:04 - [TEST_STEP][PASSED] - Statement - PreSaveFile = new java.io.File(((pathPrefix + java.lang.Integer.toString(counter)) + .png)): null

2018-12-07 12:31:04 - [TEST_STEP][PASSED] - Statement - counter = counter + 1: null

2018-12-07 12:31:04 - [TEST_STEP][PASSED] - Statement - PreSaveFile = new java.io.File(((pathPrefix + java.lang.Integer.toString(counter)) + .png)): null

2018-12-07 12:31:04 - [TEST_STEP][PASSED] - Statement - counter = counter + 1: null

2018-12-07 12:31:04 - [TEST_STEP][PASSED] - Statement - PreSaveFile = new java.io.File(((pathPrefix + java.lang.Integer.toString(counter)) + .png)): null

2018-12-07 12:31:04 - [TEST_STEP][PASSED] - Statement - counter = counter + 1: null

2018-12-07 12:31:04 - [TEST_STEP][PASSED] - Statement - PreSaveFile = new java.io.File(((pathPrefix + java.lang.Integer.toString(counter)) + .png)): null

2018-12-07 12:31:04 - [TEST_STEP][PASSED] - Statement - counter = counter + 1: null

2018-12-07 12:31:04 - [TEST_STEP][PASSED] - Statement - PreSaveFile = new java.io.File(((pathPrefix + java.lang.Integer.toString(counter)) + .png)): null

2018-12-07 12:31:04 - [TEST_STEP][PASSED] - Statement - counter = counter + 1: null

2018-12-07 12:31:04 - [TEST_STEP][PASSED] - Statement - PreSaveFile = new java.io.File(((pathPrefix + java.lang.Integer.toString(counter)) + .png)): null

2018-12-07 12:31:04 - [TEST_STEP][PASSED] - Statement - counter = counter + 1: null

2018-12-07 12:31:05 - [TEST_STEP][PASSED] - Statement - PreSaveFile = new java.io.File(((pathPrefix + java.lang.Integer.toString(counter)) + .png)): null

2018-12-07 12:31:05 - [TEST_STEP][PASSED] - Statement - counter = counter + 1: null

2018-12-07 12:31:05 - [TEST_STEP][PASSED] - Statement - PreSaveFile = new java.io.File(((pathPrefix + java.lang.Integer.toString(counter)) + .png)): null

2018-12-07 12:31:05 - [TEST_STEP][PASSED] - Statement - counter = counter + 1: null

2018-12-07 12:31:05 - [TEST_STEP][PASSED] - Statement - PreSaveFile = new java.io.File(((pathPrefix + java.lang.Integer.toString(counter)) + .png)): null

2018-12-07 12:31:05 - [TEST_STEP][PASSED] - Statement - counter = counter + 1: null

2018-12-07 12:31:05 - [TEST_STEP][PASSED] - Statement - PreSaveFile = new java.io.File(((pathPrefix + java.lang.Integer.toString(counter)) + .png)): null

2018-12-07 12:31:05 - [TEST_STEP][PASSED] - Statement - counter = counter + 1: null

2018-12-07 12:31:05 - [TEST_STEP][PASSED] - Statement - PreSaveFile = new java.io.File(((pathPrefix + java.lang.Integer.toString(counter)) + .png)): null

2018-12-07 12:31:05 - [TEST_STEP][PASSED] - Statement - counter = counter + 1: null

2018-12-07 12:31:05 - [TEST_STEP][PASSED] - Statement - PreSaveFile = new java.io.File(((pathPrefix + java.lang.Integer.toString(counter)) + .png)): null

2018-12-07 12:31:05 - [TEST_STEP][PASSED] - Statement - counter = counter + 1: null

2018-12-07 12:31:05 - [TEST_STEP][PASSED] - Statement - PreSaveFile = new java.io.File(((pathPrefix + java.lang.Integer.toString(counter)) + .png)): null

2018-12-07 12:31:05 - [TEST_STEP][PASSED] - Statement - counter = counter + 1: null

2018-12-07 12:31:05 - [TEST_STEP][PASSED] - Statement - PreSaveFile = new java.io.File(((pathPrefix + java.lang.Integer.toString(counter)) + .png)): null

2018-12-07 12:31:05 - [TEST_STEP][PASSED] - Statement - counter = counter + 1: null

2018-12-07 12:31:05 - [TEST_STEP][PASSED] - Statement - PreSaveFile = new java.io.File(((pathPrefix + java.lang.Integer.toString(counter)) + .png)): null

2018-12-07 12:31:05 - [TEST_STEP][PASSED] - Statement - counter = counter + 1: null

2018-12-07 12:31:05 - [TEST_STEP][PASSED] - Statement - PreSaveFile = new java.io.File(((pathPrefix + java.lang.Integer.toString(counter)) + .png)): null

2018-12-07 12:31:05 - [TEST_STEP][PASSED] - Statement - counter = counter + 1: null

2018-12-07 12:31:05 - [TEST_STEP][PASSED] - Statement - PreSaveFile = new java.io.File(((pathPrefix + java.lang.Integer.toString(counter)) + .png)): null

2018-12-07 12:31:05 - [TEST_STEP][PASSED] - Statement - counter = counter + 1: null

2018-12-07 12:31:05 - [TEST_STEP][PASSED] - Statement - PreSaveFile = new java.io.File(((pathPrefix + java.lang.Integer.toString(counter)) + .png)): null

2018-12-07 12:31:05 - [TEST_STEP][PASSED] - Statement - counter = counter + 1: null

2018-12-07 12:31:05 - [TEST_STEP][PASSED] - Statement - PreSaveFile = new java.io.File(((pathPrefix + java.lang.Integer.toString(counter)) + .png)): null

2018-12-07 12:31:05 - [TEST_STEP][PASSED] - Statement - counter = counter + 1: null

2018-12-07 12:31:05 - [TEST_STEP][PASSED] - Statement - PreSaveFile = new java.io.File(((pathPrefix + java.lang.Integer.toString(counter)) + .png)): null

2018-12-07 12:31:05 - [TEST_STEP][PASSED] - Statement - counter = counter + 1: null

2018-12-07 12:31:05 - [TEST_STEP][PASSED] - Statement - PreSaveFile = new java.io.File(((pathPrefix + java.lang.Integer.toString(counter)) + .png)): null

2018-12-07 12:31:06 - [TEST_STEP][PASSED] - Statement - counter = counter + 1: null

2018-12-07 12:31:06 - [TEST_STEP][PASSED] - Statement - PreSaveFile = new java.io.File(((pathPrefix + java.lang.Integer.toString(counter)) + .png)): null

2018-12-07 12:31:06 - [TEST_STEP][PASSED] - Statement - counter = counter + 1: null

2018-12-07 12:31:06 - [TEST_STEP][PASSED] - Statement - PreSaveFile = new java.io.File(((pathPrefix + java.lang.Integer.toString(counter)) + .png)): null

2018-12-07 12:31:06 - [TEST_STEP][PASSED] - Statement - counter = counter + 1: null

2018-12-07 12:31:06 - [TEST_STEP][PASSED] - Statement - PreSaveFile = new java.io.File(((pathPrefix + java.lang.Integer.toString(counter)) + .png)): null

2018-12-07 12:31:06 - [TEST_STEP][PASSED] - Statement - counter = counter + 1: null

2018-12-07 12:31:06 - [TEST_STEP][PASSED] - Statement - PreSaveFile = new java.io.File(((pathPrefix + java.lang.Integer.toString(counter)) + .png)): null

2018-12-07 12:31:06 - [TEST_STEP][PASSED] - Statement - counter = counter + 1: null

2018-12-07 12:31:06 - [TEST_STEP][PASSED] - Statement - PreSaveFile = new java.io.File(((pathPrefix + java.lang.Integer.toString(counter)) + .png)): null

2018-12-07 12:31:06 - [TEST_STEP][PASSED] - Statement - counter = counter + 1: null

2018-12-07 12:31:06 - [TEST_STEP][PASSED] - Statement - PreSaveFile = new java.io.File(((pathPrefix + java.lang.Integer.toString(counter)) + .png)): null

2018-12-07 12:31:06 - [TEST_STEP][PASSED] - Statement - counter = counter + 1: null

2018-12-07 12:31:06 - [TEST_STEP][PASSED] - Statement - PreSaveFile = new java.io.File(((pathPrefix + java.lang.Integer.toString(counter)) + .png)): null

2018-12-07 12:31:06 - [TEST_STEP][PASSED] - Statement - counter = counter + 1: null

2018-12-07 12:31:06 - [TEST_STEP][PASSED] - Statement - PreSaveFile = new java.io.File(((pathPrefix + java.lang.Integer.toString(counter)) + .png)): null

2018-12-07 12:31:06 - [TEST_STEP][PASSED] - Statement - counter = counter + 1: null

2018-12-07 12:31:06 - [TEST_STEP][PASSED] - Statement - PreSaveFile = new java.io.File(((pathPrefix + java.lang.Integer.toString(counter)) + .png)): null

2018-12-07 12:31:06 - [TEST_STEP][PASSED] - Statement - counter = counter + 1: null

2018-12-07 12:31:06 - [TEST_STEP][PASSED] - Statement - PreSaveFile = new java.io.File(((pathPrefix + java.lang.Integer.toString(counter)) + .png)): null

2018-12-07 12:31:06 - [TEST_STEP][PASSED] - Statement - counter = counter + 1: null

2018-12-07 12:31:06 - [TEST_STEP][PASSED] - Statement - PreSaveFile = new java.io.File(((pathPrefix + java.lang.Integer.toString(counter)) + .png)): null

2018-12-07 12:31:06 - [TEST_STEP][PASSED] - Statement - counter = counter + 1: null

2018-12-07 12:31:06 - [TEST_STEP][PASSED] - Statement - PreSaveFile = new java.io.File(((pathPrefix + java.lang.Integer.toString(counter)) + .png)): null

2018-12-07 12:31:06 - [TEST_STEP][PASSED] - Statement - counter = counter + 1: null

2018-12-07 12:31:06 - [TEST_STEP][PASSED] - Statement - PreSaveFile = new java.io.File(((pathPrefix + java.lang.Integer.toString(counter)) + .png)): null

2018-12-07 12:31:06 - [TEST_STEP][PASSED] - Statement - counter = counter + 1: null

2018-12-07 12:31:06 - [TEST_STEP][PASSED] - Statement - PreSaveFile = new java.io.File(((pathPrefix + java.lang.Integer.toString(counter)) + .png)): null

2018-12-07 12:31:06 - [TEST_STEP][PASSED] - Statement - counter = counter + 1: null

2018-12-07 12:31:06 - [TEST_STEP][PASSED] - Statement - PreSaveFile = new java.io.File(((pathPrefix + java.lang.Integer.toString(counter)) + .png)): null

2018-12-07 12:31:06 - [TEST_STEP][PASSED] - Statement - counter = counter + 1: null

2018-12-07 12:31:06 - [TEST_STEP][PASSED] - Statement - PreSaveFile = new java.io.File(((pathPrefix + java.lang.Integer.toString(counter)) + .png)): null

2018-12-07 12:31:06 - [TEST_STEP][PASSED] - Statement - counter = counter + 1: null

2018-12-07 12:31:06 - [TEST_STEP][PASSED] - Statement - PreSaveFile = new java.io.File(((pathPrefix + java.lang.Integer.toString(counter)) + .png)): null

2018-12-07 12:31:06 - [TEST_STEP][PASSED] - Statement - counter = counter + 1: null

2018-12-07 12:31:06 - [TEST_STEP][PASSED] - Statement - PreSaveFile = new java.io.File(((pathPrefix + java.lang.Integer.toString(counter)) + .png)): null

2018-12-07 12:31:06 - [TEST_STEP][PASSED] - Statement - counter = counter + 1: null

2018-12-07 12:31:06 - [TEST_STEP][PASSED] - Statement - PreSaveFile = new java.io.File(((pathPrefix + java.lang.Integer.toString(counter)) + .png)): null

2018-12-07 12:31:07 - [TEST_STEP][PASSED] - Statement - counter = counter + 1: null

2018-12-07 12:31:07 - [TEST_STEP][PASSED] - Statement - PreSaveFile = new java.io.File(((pathPrefix + java.lang.Integer.toString(counter)) + .png)): null

2018-12-07 12:31:07 - [TEST_STEP][PASSED] - Statement - counter = counter + 1: null

2018-12-07 12:31:07 - [TEST_STEP][PASSED] - Statement - PreSaveFile = new java.io.File(((pathPrefix + java.lang.Integer.toString(counter)) + .png)): null

2018-12-07 12:31:07 - [TEST_STEP][PASSED] - Statement - counter = counter + 1: null

2018-12-07 12:31:07 - [TEST_STEP][PASSED] - Statement - PreSaveFile = new java.io.File(((pathPrefix + java.lang.Integer.toString(counter)) + .png)): null

2018-12-07 12:31:07 - [TEST_STEP][PASSED] - Statement - counter = counter + 1: null

2018-12-07 12:31:07 - [TEST_STEP][PASSED] - Statement - PreSaveFile = new java.io.File(((pathPrefix + java.lang.Integer.toString(counter)) + .png)): null

2018-12-07 12:31:07 - [TEST_STEP][PASSED] - Statement - counter = counter + 1: null

2018-12-07 12:31:07 - [TEST_STEP][PASSED] - Statement - PreSaveFile = new java.io.File(((pathPrefix + java.lang.Integer.toString(counter)) + .png)): null

2018-12-07 12:31:07 - [TEST_STEP][PASSED] - Statement - counter = counter + 1: null

2018-12-07 12:31:07 - [TEST_STEP][PASSED] - Statement - PreSaveFile = new java.io.File(((pathPrefix + java.lang.Integer.toString(counter)) + .png)): null

2018-12-07 12:31:07 - [TEST_STEP][PASSED] - Statement - counter = counter + 1: null

2018-12-07 12:31:07 - [TEST_STEP][PASSED] - Statement - PreSaveFile = new java.io.File(((pathPrefix + java.lang.Integer.toString(counter)) + .png)): null

2018-12-07 12:31:07 - [TEST_STEP][PASSED] - Statement - counter = counter + 1: null

2018-12-07 12:31:07 - [TEST_STEP][PASSED] - Statement - PreSaveFile = new java.io.File(((pathPrefix + java.lang.Integer.toString(counter)) + .png)): null

2018-12-07 12:31:07 - [TEST_STEP][PASSED] - Statement - counter = counter + 1: null

2018-12-07 12:31:07 - [TEST_STEP][PASSED] - Statement - PreSaveFile = new java.io.File(((pathPrefix + java.lang.Integer.toString(counter)) + .png)): null

2018-12-07 12:31:07 - [TEST_STEP][PASSED] - Statement - counter = counter + 1: null

2018-12-07 12:31:07 - [TEST_STEP][PASSED] - Statement - PreSaveFile = new java.io.File(((pathPrefix + java.lang.Integer.toString(counter)) + .png)): null

2018-12-07 12:31:07 - [TEST_STEP][PASSED] - Statement - counter = counter + 1: null

2018-12-07 12:31:07 - [TEST_STEP][PASSED] - Statement - PreSaveFile = new java.io.File(((pathPrefix + java.lang.Integer.toString(counter)) + .png)): null

2018-12-07 12:31:07 - [TEST_STEP][PASSED] - Statement - counter = counter + 1: null

2018-12-07 12:31:07 - [TEST_STEP][PASSED] - Statement - PreSaveFile = new java.io.File(((pathPrefix + java.lang.Integer.toString(counter)) + .png)): null

2018-12-07 12:31:07 - [TEST_STEP][PASSED] - Statement - counter = counter + 1: null

2018-12-07 12:31:07 - [TEST_STEP][PASSED] - Statement - PreSaveFile = new java.io.File(((pathPrefix + java.lang.Integer.toString(counter)) + .png)): null

2018-12-07 12:31:07 - [TEST_STEP][PASSED] - Statement - counter = counter + 1: null

2018-12-07 12:31:07 - [TEST_STEP][PASSED] - Statement - PreSaveFile = new java.io.File(((pathPrefix + java.lang.Integer.toString(counter)) + .png)): null

2018-12-07 12:31:07 - [TEST_STEP][PASSED] - Statement - counter = counter + 1: null

2018-12-07 12:31:08 - [TEST_STEP][PASSED] - Statement - PreSaveFile = new java.io.File(((pathPrefix + java.lang.Integer.toString(counter)) + .png)): null

2018-12-07 12:31:08 - [TEST_STEP][PASSED] - Statement - counter = counter + 1: null

2018-12-07 12:31:08 - [TEST_STEP][PASSED] - Statement - PreSaveFile = new java.io.File(((pathPrefix + java.lang.Integer.toString(counter)) + .png)): null

2018-12-07 12:31:08 - [TEST_STEP][PASSED] - Statement - counter = counter + 1: null

2018-12-07 12:31:08 - [TEST_STEP][PASSED] - Statement - PreSaveFile = new java.io.File(((pathPrefix + java.lang.Integer.toString(counter)) + .png)): null

2018-12-07 12:31:08 - [TEST_STEP][PASSED] - Statement - counter = counter + 1: null

2018-12-07 12:31:08 - [TEST_STEP][PASSED] - Statement - PreSaveFile = new java.io.File(((pathPrefix + java.lang.Integer.toString(counter)) + .png)): null

2018-12-07 12:31:08 - [TEST_STEP][PASSED] - Statement - counter = counter + 1: null

2018-12-07 12:31:08 - [TEST_STEP][PASSED] - Statement - PreSaveFile = new java.io.File(((pathPrefix + java.lang.Integer.toString(counter)) + .png)): null

2018-12-07 12:31:08 - [TEST_STEP][PASSED] - Statement - counter = counter + 1: null

2018-12-07 12:31:08 - [TEST_STEP][PASSED] - Statement - PreSaveFile = new java.io.File(((pathPrefix + java.lang.Integer.toString(counter)) + .png)): null

2018-12-07 12:31:08 - [TEST_STEP][PASSED] - Statement - counter = counter + 1: null

2018-12-07 12:31:08 - [TEST_STEP][PASSED] - Statement - PreSaveFile = new java.io.File(((pathPrefix + java.lang.Integer.toString(counter)) + .png)): null

2018-12-07 12:31:08 - [TEST_STEP][PASSED] - Statement - counter = counter + 1: null

2018-12-07 12:31:08 - [TEST_STEP][PASSED] - Statement - PreSaveFile = new java.io.File(((pathPrefix + java.lang.Integer.toString(counter)) + .png)): null

2018-12-07 12:31:08 - [TEST_STEP][PASSED] - Statement - counter = counter + 1: null

2018-12-07 12:31:08 - [TEST_STEP][PASSED] - Statement - PreSaveFile = new java.io.File(((pathPrefix + java.lang.Integer.toString(counter)) + .png)): null

2018-12-07 12:31:08 - [TEST_STEP][PASSED] - Statement - counter = counter + 1: null

2018-12-07 12:31:08 - [TEST_STEP][PASSED] - Statement - PreSaveFile = new java.io.File(((pathPrefix + java.lang.Integer.toString(counter)) + .png)): null

2018-12-07 12:31:08 - [TEST_STEP][PASSED] - Statement - counter = counter + 1: null

2018-12-07 12:31:08 - [TEST_STEP][PASSED] - Statement - PreSaveFile = new java.io.File(((pathPrefix + java.lang.Integer.toString(counter)) + .png)): null

2018-12-07 12:31:08 - [TEST_STEP][PASSED] - Statement - counter = counter + 1: null

2018-12-07 12:31:08 - [TEST_STEP][PASSED] - Statement - PreSaveFile = new java.io.File(((pathPrefix + java.lang.Integer.toString(counter)) + .png)): null

2018-12-07 12:31:08 - [TEST_STEP][PASSED] - Statement - finalPath = pathPrefix + java.lang.Integer.toString(counter) + ".png": null

2018-12-07 12:31:08 - [TEST_STEP][PASSED] - Statement - SaveFile = new java.io.File(finalPath): null

2018-12-07 12:31:08 - [TEST_STEP][PASSED] - Statement - Try: null

2018-12-07 12:31:08 - [TEST_STEP][PASSED] - Statement - org.apache.commons.io.FileUtils.copyFile(scrFile, SaveFile): null

2018-12-07 12:31:08 - [TEST_STEP][PASSED] - Statement - out.println("file kept"): null

2018-12-07 12:31:09 - [TEST_STEP][PASSED] - delay: Delayed 10 second(s)

2018-12-07 12:31:19 - [MESSAGE][PASSED] - Delayed 10 second(s)

2018-12-07 12:31:19 - [MESSAGE][PASSED] - Call Test Case 'Test Cases/Final Aug 2018 - PKS Automation/Common/Screenshoting tool' successfully]]></system-out>
         <system-err><![CDATA[]]></system-err>
      </testcase>
      <testcase name="Test Cases/Final Aug 2018 - PKS Automation/Registration Module/Workflow/Update Add New Employee/Special Case (PKR BO - RO Query - OTC Upload Pending Case - RO Approve)" classname="Test Cases/Final Aug 2018 - PKS Automation/Registration Module/Workflow/Update Add New Employee/Special Case (PKR BO - RO Query - OTC Upload Pending Case - RO Approve)" status="PASSED">
         <system-out><![CDATA[2018-12-07 12:31:19 - [TEST_CASE][PASSED] - Test Cases/Final Aug 2018 - PKS Automation/Registration Module/Workflow/Update Add New Employee/Special Case (PKR BO - RO Query - OTC Upload Pending Case - RO Approve): Test Cases/Final Aug 2018 - PKS Automation/Registration Module/Workflow/Update Add New Employee/Special Case (PKR BO - RO Query - OTC Upload Pending Case - RO Approve)

2018-12-07 12:31:19 - [TEST_STEP][PASSED] - callTestCase: Call Test Case 'Test Cases/Final Aug 2018 - PKS Automation/Registration Module/Workflow/Update Add New Employee/Template/New Company for Update Add New' successfully

2018-12-07 12:31:19 - [TEST_CASE][PASSED] - Test Cases/Final Aug 2018 - PKS Automation/Registration Module/Workflow/Update Add New Employee/Template/New Company for Update Add New: Test Cases/Final Aug 2018 - PKS Automation/Registration Module/Workflow/Update Add New Employee/Template/New Company for Update Add New

2018-12-07 12:31:19 - [TEST_STEP][PASSED] - callTestCase: Call Test Case 'Test Cases/Final Aug 2018 - PKS Automation/Registration Module/New Registration/Form 1/Form 1 - Corporation - BHD' successfully

2018-12-07 12:31:19 - [TEST_CASE][PASSED] - Test Cases/Final Aug 2018 - PKS Automation/Registration Module/New Registration/Form 1/Form 1 - Corporation - BHD: Test Cases/Final Aug 2018 - PKS Automation/Registration Module/New Registration/Form 1/Form 1 - Corporation - BHD

2018-12-07 12:31:19 - [TEST_STEP][PASSED] - openBrowser: Browser is opened with url: ''

2018-12-07 12:31:19 - [MESSAGE][WARNING] - A browser is already opened. Closing browser and opening a new one

2018-12-07 12:31:22 - [MESSAGE][PASSED] - Browser is opened with url: ''

2018-12-07 12:31:22 - [TEST_STEP][PASSED] - navigateToUrl: Navigate to 'https://assist2-uat.perkeso.gov.my/login' successfully

2018-12-07 12:31:23 - [MESSAGE][PASSED] - Navigate to 'https://assist2-uat.perkeso.gov.my/login' successfully

2018-12-07 12:31:23 - [TEST_STEP][PASSED] - setText: Text 'johorotc1@gmail.com' is set on object 'Object Repository/Final Object Repo/Login Page/Internal User/Email Address'

2018-12-07 12:31:24 - [MESSAGE][PASSED] - Text 'johorotc1@gmail.com' is set on object 'Object Repository/Final Object Repo/Login Page/Internal User/Email Address'

2018-12-07 12:31:24 - [TEST_STEP][PASSED] - click: Object: 'Object Repository/Final Object Repo/Login Page/Internal User/Next Button' is clicked on

2018-12-07 12:31:24 - [MESSAGE][PASSED] - Object: 'Object Repository/Final Object Repo/Login Page/Internal User/Next Button' is clicked on

2018-12-07 12:31:24 - [TEST_STEP][PASSED] - delay: Delayed 1 second(s)

2018-12-07 12:31:25 - [MESSAGE][PASSED] - Delayed 1 second(s)

2018-12-07 12:31:25 - [TEST_STEP][PASSED] - setEncryptedText: Text ****** has been set on object 'Object Repository/Final Object Repo/Login Page/Internal User/Password'

2018-12-07 12:31:25 - [MESSAGE][PASSED] - Text ****** has been set on object 'Object Repository/Final Object Repo/Login Page/Internal User/Password'

2018-12-07 12:31:25 - [TEST_STEP][PASSED] - click: Object: 'Object Repository/Final Object Repo/Login Page/Internal User/Login Button' is clicked on

2018-12-07 12:31:25 - [MESSAGE][PASSED] - Object: 'Object Repository/Final Object Repo/Login Page/Internal User/Login Button' is clicked on

2018-12-07 12:31:25 - [TEST_STEP][PASSED] - delay: Delayed 1 second(s)

2018-12-07 12:31:26 - [MESSAGE][PASSED] - Delayed 1 second(s)

2018-12-07 12:31:26 - [TEST_STEP][PASSED] - Statement - Try: Delayed 2 second(s)

2018-12-07 12:31:26 - [TEST_STEP][PASSED] - Statement - Checker = false: null

2018-12-07 12:31:26 - [TEST_STEP][PASSED] - Statement - Checker = com.kms.katalon.core.webui.keyword.WebUiBuiltInKeywords.verifyElementHasAttribute(com.kms.katalon.core.testobject.ObjectRepository.findTestObject(Final Object Repo/Landing Page/BM Detecting), "href", 20, OPTIONAL): Object 'Object Repository/Final Object Repo/Landing Page/BM Detecting' has attribute 'href'

2018-12-07 12:31:27 - [MESSAGE][PASSED] - Object 'Object Repository/Final Object Repo/Landing Page/BM Detecting' has attribute 'href'

2018-12-07 12:31:27 - [TEST_STEP][PASSED] - Statement - out.println(Checker): null

2018-12-07 12:31:27 - [TEST_STEP][PASSED] - Statement - If (Checker == false): null

2018-12-07 12:31:27 - [TEST_STEP][PASSED] - Statement - Else: null

2018-12-07 12:31:27 - [TEST_STEP][PASSED] - delay: Delayed 2 second(s)

2018-12-07 12:31:29 - [MESSAGE][PASSED] - Delayed 2 second(s)

2018-12-07 12:31:29 - [TEST_STEP][PASSED] - navigateToUrl: Navigate to 'https://assist2-uat.perkeso.gov.my/web/registration/registration' successfully

2018-12-07 12:31:31 - [MESSAGE][PASSED] - Navigate to 'https://assist2-uat.perkeso.gov.my/web/registration/registration' successfully

2018-12-07 12:31:31 - [TEST_STEP][PASSED] - click: Object: 'Object Repository/Final Object Repo/New Registration - Registration Module Pages/Form 1/AEC - No' is clicked on

2018-12-07 12:31:31 - [MESSAGE][PASSED] - Object: 'Object Repository/Final Object Repo/New Registration - Registration Module Pages/Form 1/AEC - No' is clicked on

2018-12-07 12:31:31 - [TEST_STEP][PASSED] - click: Object: 'Object Repository/Final Object Repo/New Registration - Registration Module Pages/Form 1/Business Entity' is clicked on

2018-12-07 12:31:31 - [MESSAGE][PASSED] - Object: 'Object Repository/Final Object Repo/New Registration - Registration Module Pages/Form 1/Business Entity' is clicked on

2018-12-07 12:31:31 - [TEST_STEP][PASSED] - click: Object: 'Object Repository/Final Object Repo/New Registration - Registration Module Pages/Form 1/Businees Entity - Corporation' is clicked on

2018-12-07 12:31:32 - [MESSAGE][PASSED] - Object: 'Object Repository/Final Object Repo/New Registration - Registration Module Pages/Form 1/Businees Entity - Corporation' is clicked on

2018-12-07 12:31:32 - [TEST_STEP][PASSED] - delay: Delayed 1 second(s)

2018-12-07 12:31:33 - [MESSAGE][PASSED] - Delayed 1 second(s)

2018-12-07 12:31:33 - [TEST_STEP][PASSED] - click: Object: 'Object Repository/Final Object Repo/New Registration - Registration Module Pages/Form 1/Sub Business Entity' is clicked on

2018-12-07 12:31:33 - [MESSAGE][PASSED] - Object: 'Object Repository/Final Object Repo/New Registration - Registration Module Pages/Form 1/Sub Business Entity' is clicked on

2018-12-07 12:31:33 - [TEST_STEP][PASSED] - click: Object: 'Object Repository/Final Object Repo/New Registration - Registration Module Pages/Form 1/Sub Business Entity - Berhad' is clicked on

2018-12-07 12:31:33 - [MESSAGE][PASSED] - Object: 'Object Repository/Final Object Repo/New Registration - Registration Module Pages/Form 1/Sub Business Entity - Berhad' is clicked on

2018-12-07 12:31:33 - [TEST_STEP][PASSED] - delay: Delayed 1 second(s)

2018-12-07 12:31:34 - [MESSAGE][PASSED] - Delayed 1 second(s)

2018-12-07 12:31:34 - [TEST_STEP][PASSED] - setText: Text '123' is set on object 'Object Repository/Final Object Repo/New Registration - Registration Module Pages/Form 1/Registration Number'

2018-12-07 12:31:34 - [MESSAGE][PASSED] - Text '123' is set on object 'Object Repository/Final Object Repo/New Registration - Registration Module Pages/Form 1/Registration Number'

2018-12-07 12:31:34 - [TEST_STEP][PASSED] - click: Object: 'Object Repository/Final Object Repo/New Registration - Registration Module Pages/Form 1/Registred with SSM - Before Feb' is clicked on

2018-12-07 12:31:35 - [MESSAGE][PASSED] - Object: 'Object Repository/Final Object Repo/New Registration - Registration Module Pages/Form 1/Registred with SSM - Before Feb' is clicked on

2018-12-07 12:31:35 - [TEST_STEP][PASSED] - click: Object: 'Object Repository/Final Object Repo/New Registration - Registration Module Pages/Form 1/Registered As a Branch - Yes' is clicked on

2018-12-07 12:31:35 - [MESSAGE][PASSED] - Object: 'Object Repository/Final Object Repo/New Registration - Registration Module Pages/Form 1/Registered As a Branch - Yes' is clicked on

2018-12-07 12:31:35 - [TEST_STEP][PASSED] - click: Object: 'Object Repository/Final Object Repo/New Registration - Registration Module Pages/Form 1/Acknowledgement' is clicked on

2018-12-07 12:31:35 - [MESSAGE][PASSED] - Object: 'Object Repository/Final Object Repo/New Registration - Registration Module Pages/Form 1/Acknowledgement' is clicked on

2018-12-07 12:31:35 - [TEST_STEP][PASSED] - setText: Text 'perkeso' is set on object 'Object Repository/Final Object Repo/New Registration - Registration Module Pages/Form 1/Industry name'

2018-12-07 12:31:35 - [MESSAGE][PASSED] - Text 'perkeso' is set on object 'Object Repository/Final Object Repo/New Registration - Registration Module Pages/Form 1/Industry name'

2018-12-07 12:31:35 - [TEST_STEP][PASSED] - setText: Text 'perkeso1' is set on object 'Object Repository/Final Object Repo/New Registration - Registration Module Pages/Form 1/Postal Address1'

2018-12-07 12:31:36 - [MESSAGE][PASSED] - Text 'perkeso1' is set on object 'Object Repository/Final Object Repo/New Registration - Registration Module Pages/Form 1/Postal Address1'

2018-12-07 12:31:36 - [TEST_STEP][PASSED] - setText: Text 'perkeso2' is set on object 'Object Repository/Final Object Repo/New Registration - Registration Module Pages/Form 1/Postal Address2'

2018-12-07 12:31:36 - [MESSAGE][PASSED] - Text 'perkeso2' is set on object 'Object Repository/Final Object Repo/New Registration - Registration Module Pages/Form 1/Postal Address2'

2018-12-07 12:31:36 - [TEST_STEP][PASSED] - setText: Text 'perkeso3' is set on object 'Object Repository/Final Object Repo/New Registration - Registration Module Pages/Form 1/Postal Address3'

2018-12-07 12:31:36 - [MESSAGE][PASSED] - Text 'perkeso3' is set on object 'Object Repository/Final Object Repo/New Registration - Registration Module Pages/Form 1/Postal Address3'

2018-12-07 12:31:36 - [TEST_STEP][PASSED] - click: Object: 'Object Repository/Final Object Repo/New Registration - Registration Module Pages/Form 1/State' is clicked on

2018-12-07 12:31:37 - [MESSAGE][PASSED] - Object: 'Object Repository/Final Object Repo/New Registration - Registration Module Pages/Form 1/State' is clicked on

2018-12-07 12:31:37 - [TEST_STEP][PASSED] - click: Object: 'Object Repository/Final Object Repo/New Registration - Registration Module Pages/Form 1/State - Johor' is clicked on

2018-12-07 12:31:37 - [MESSAGE][PASSED] - Object: 'Object Repository/Final Object Repo/New Registration - Registration Module Pages/Form 1/State - Johor' is clicked on

2018-12-07 12:31:37 - [TEST_STEP][PASSED] - delay: Delayed 1 second(s)

2018-12-07 12:31:38 - [MESSAGE][PASSED] - Delayed 1 second(s)

2018-12-07 12:31:38 - [TEST_STEP][PASSED] - click: Object: 'Object Repository/Final Object Repo/New Registration - Registration Module Pages/Form 1/City' is clicked on

2018-12-07 12:31:38 - [MESSAGE][PASSED] - Object: 'Object Repository/Final Object Repo/New Registration - Registration Module Pages/Form 1/City' is clicked on

2018-12-07 12:31:38 - [TEST_STEP][PASSED] - setText: Text 'joh' is set on object 'Object Repository/Final Object Repo/New Registration - Registration Module Pages/Form 1/Postcode - 810'

2018-12-07 12:31:38 - [MESSAGE][PASSED] - Text 'joh' is set on object 'Object Repository/Final Object Repo/New Registration - Registration Module Pages/Form 1/Postcode - 810'

2018-12-07 12:31:38 - [TEST_STEP][PASSED] - delay: Delayed 1 second(s)

2018-12-07 12:31:39 - [MESSAGE][PASSED] - Delayed 1 second(s)

2018-12-07 12:31:39 - [TEST_STEP][PASSED] - click: Object: 'Object Repository/Final Object Repo/New Registration - Registration Module Pages/Form 1/City - Johor Bharu' is clicked on

2018-12-07 12:31:39 - [MESSAGE][PASSED] - Object: 'Object Repository/Final Object Repo/New Registration - Registration Module Pages/Form 1/City - Johor Bharu' is clicked on

2018-12-07 12:31:39 - [TEST_STEP][PASSED] - delay: Delayed 1 second(s)

2018-12-07 12:31:40 - [MESSAGE][PASSED] - Delayed 1 second(s)

2018-12-07 12:31:40 - [TEST_STEP][PASSED] - click: Object: 'Object Repository/Final Object Repo/New Registration - Registration Module Pages/Form 1/Postcode' is clicked on

2018-12-07 12:31:41 - [MESSAGE][PASSED] - Object: 'Object Repository/Final Object Repo/New Registration - Registration Module Pages/Form 1/Postcode' is clicked on

2018-12-07 12:31:41 - [TEST_STEP][PASSED] - delay: Delayed 1 second(s)

2018-12-07 12:31:42 - [MESSAGE][PASSED] - Delayed 1 second(s)

2018-12-07 12:31:42 - [TEST_STEP][PASSED] - setText: Text '810' is set on object 'Object Repository/Final Object Repo/New Registration - Registration Module Pages/Form 1/Postcode - 810'

2018-12-07 12:31:42 - [MESSAGE][PASSED] - Text '810' is set on object 'Object Repository/Final Object Repo/New Registration - Registration Module Pages/Form 1/Postcode - 810'

2018-12-07 12:31:42 - [TEST_STEP][PASSED] - delay: Delayed 3 second(s)

2018-12-07 12:31:45 - [MESSAGE][PASSED] - Delayed 3 second(s)

2018-12-07 12:31:45 - [TEST_STEP][PASSED] - click: Object: 'Object Repository/Final Object Repo/New Registration - Registration Module Pages/Form 1/Postcode - 81000' is clicked on

2018-12-07 12:31:45 - [MESSAGE][PASSED] - Object: 'Object Repository/Final Object Repo/New Registration - Registration Module Pages/Form 1/Postcode - 81000' is clicked on

2018-12-07 12:31:45 - [TEST_STEP][PASSED] - delay: Delayed 1 second(s)

2018-12-07 12:31:46 - [MESSAGE][PASSED] - Delayed 1 second(s)

2018-12-07 12:31:46 - [TEST_STEP][PASSED] - setText: Text '100' is set on object 'Object Repository/Final Object Repo/New Registration - Registration Module Pages/Form 1/P.O.BOX'

2018-12-07 12:31:46 - [MESSAGE][PASSED] - Text '100' is set on object 'Object Repository/Final Object Repo/New Registration - Registration Module Pages/Form 1/P.O.BOX'

2018-12-07 12:31:46 - [TEST_STEP][PASSED] - setText: Text '100' is set on object 'Object Repository/Final Object Repo/New Registration - Registration Module Pages/Form 1/Locked Bag No'

2018-12-07 12:31:47 - [MESSAGE][PASSED] - Text '100' is set on object 'Object Repository/Final Object Repo/New Registration - Registration Module Pages/Form 1/Locked Bag No'

2018-12-07 12:31:47 - [TEST_STEP][PASSED] - click: Object: 'Object Repository/Final Object Repo/New Registration - Registration Module Pages/Form 1/SOCSO Office Location' is clicked on

2018-12-07 12:31:47 - [MESSAGE][PASSED] - Object: 'Object Repository/Final Object Repo/New Registration - Registration Module Pages/Form 1/SOCSO Office Location' is clicked on

2018-12-07 12:31:47 - [TEST_STEP][PASSED] - click: Object: 'Object Repository/Final Object Repo/New Registration - Registration Module Pages/Form 1/SOCSO Office Location - Pejabat PERKESO Negeri Johor' is clicked on

2018-12-07 12:31:47 - [MESSAGE][PASSED] - Object: 'Object Repository/Final Object Repo/New Registration - Registration Module Pages/Form 1/SOCSO Office Location - Pejabat PERKESO Negeri Johor' is clicked on

2018-12-07 12:31:47 - [TEST_STEP][PASSED] - delay: Delayed 1 second(s)

2018-12-07 12:31:48 - [MESSAGE][PASSED] - Delayed 1 second(s)

2018-12-07 12:31:48 - [TEST_STEP][PASSED] - check: Object 'Object Repository/Final Object Repo/New Registration - Registration Module Pages/Form 1/Indusrty Address Same As Postal Address' is checked

2018-12-07 12:31:48 - [MESSAGE][PASSED] - Object 'Object Repository/Final Object Repo/New Registration - Registration Module Pages/Form 1/Indusrty Address Same As Postal Address' is checked

2018-12-07 12:31:48 - [TEST_STEP][PASSED] - delay: Delayed 3 second(s)

2018-12-07 12:31:51 - [MESSAGE][PASSED] - Delayed 3 second(s)

2018-12-07 12:31:51 - [TEST_STEP][PASSED] - click: Object: 'Object Repository/Final Object Repo/New Registration - Registration Module Pages/Form 1/Indusry Address Same As Postal Address False' is clicked on

2018-12-07 12:31:51 - [MESSAGE][PASSED] - Object: 'Object Repository/Final Object Repo/New Registration - Registration Module Pages/Form 1/Indusry Address Same As Postal Address False' is clicked on

2018-12-07 12:31:51 - [TEST_STEP][PASSED] - delay: Delayed 1 second(s)

2018-12-07 12:31:52 - [MESSAGE][PASSED] - Delayed 1 second(s)

2018-12-07 12:31:52 - [TEST_STEP][PASSED] - setText: Text 'perkeso1' is set on object 'Object Repository/Final Object Repo/New Registration - Registration Module Pages/Form 1/Industry Address1'

2018-12-07 12:31:53 - [MESSAGE][PASSED] - Text 'perkeso1' is set on object 'Object Repository/Final Object Repo/New Registration - Registration Module Pages/Form 1/Industry Address1'

2018-12-07 12:31:53 - [TEST_STEP][PASSED] - setText: Text 'perkeso2' is set on object 'Object Repository/Final Object Repo/New Registration - Registration Module Pages/Form 1/Industry Address2'

2018-12-07 12:31:53 - [MESSAGE][PASSED] - Text 'perkeso2' is set on object 'Object Repository/Final Object Repo/New Registration - Registration Module Pages/Form 1/Industry Address2'

2018-12-07 12:31:53 - [TEST_STEP][PASSED] - setText: Text 'perkeso3' is set on object 'Object Repository/Final Object Repo/New Registration - Registration Module Pages/Form 1/Industry Address3'

2018-12-07 12:31:54 - [MESSAGE][PASSED] - Text 'perkeso3' is set on object 'Object Repository/Final Object Repo/New Registration - Registration Module Pages/Form 1/Industry Address3'

2018-12-07 12:31:54 - [TEST_STEP][PASSED] - click: Object: 'Object Repository/Final Object Repo/New Registration - Registration Module Pages/Form 1/Industry State' is clicked on

2018-12-07 12:31:54 - [MESSAGE][PASSED] - Object: 'Object Repository/Final Object Repo/New Registration - Registration Module Pages/Form 1/Industry State' is clicked on

2018-12-07 12:31:54 - [TEST_STEP][PASSED] - delay: Delayed 2 second(s)

2018-12-07 12:31:56 - [MESSAGE][PASSED] - Delayed 2 second(s)

2018-12-07 12:31:56 - [TEST_STEP][PASSED] - click: Object: 'Object Repository/Final Object Repo/New Registration - Registration Module Pages/Form 1/Industry State - Johor' is clicked on

2018-12-07 12:31:56 - [MESSAGE][PASSED] - Object: 'Object Repository/Final Object Repo/New Registration - Registration Module Pages/Form 1/Industry State - Johor' is clicked on

2018-12-07 12:31:56 - [TEST_STEP][PASSED] - delay: Delayed 2 second(s)

2018-12-07 12:31:58 - [MESSAGE][PASSED] - Delayed 2 second(s)

2018-12-07 12:31:58 - [TEST_STEP][PASSED] - click: Object: 'Object Repository/Final Object Repo/New Registration - Registration Module Pages/Form 1/Industry Ciry' is clicked on

2018-12-07 12:31:58 - [MESSAGE][PASSED] - Object: 'Object Repository/Final Object Repo/New Registration - Registration Module Pages/Form 1/Industry Ciry' is clicked on

2018-12-07 12:31:58 - [TEST_STEP][PASSED] - setText: Text 'joh' is set on object 'Object Repository/Final Object Repo/New Registration - Registration Module Pages/Form 1/Industry Ciry - joh'

2018-12-07 12:31:58 - [MESSAGE][PASSED] - Text 'joh' is set on object 'Object Repository/Final Object Repo/New Registration - Registration Module Pages/Form 1/Industry Ciry - joh'

2018-12-07 12:31:58 - [TEST_STEP][PASSED] - delay: Delayed 2 second(s)

2018-12-07 12:32:00 - [MESSAGE][PASSED] - Delayed 2 second(s)

2018-12-07 12:32:00 - [TEST_STEP][PASSED] - click: Object: 'Object Repository/Final Object Repo/New Registration - Registration Module Pages/Form 1/Industy State - Johor Bharu' is clicked on

2018-12-07 12:32:01 - [MESSAGE][PASSED] - Object: 'Object Repository/Final Object Repo/New Registration - Registration Module Pages/Form 1/Industy State - Johor Bharu' is clicked on

2018-12-07 12:32:01 - [TEST_STEP][PASSED] - delay: Delayed 1 second(s)

2018-12-07 12:32:02 - [MESSAGE][PASSED] - Delayed 1 second(s)

2018-12-07 12:32:02 - [TEST_STEP][PASSED] - click: Object: 'Object Repository/Final Object Repo/New Registration - Registration Module Pages/Form 1/Indusry PostCode' is clicked on

2018-12-07 12:32:02 - [MESSAGE][PASSED] - Object: 'Object Repository/Final Object Repo/New Registration - Registration Module Pages/Form 1/Indusry PostCode' is clicked on

2018-12-07 12:32:02 - [TEST_STEP][PASSED] - delay: Delayed 1 second(s)

2018-12-07 12:32:03 - [MESSAGE][PASSED] - Delayed 1 second(s)

2018-12-07 12:32:03 - [TEST_STEP][PASSED] - setText: Text '810' is set on object 'Object Repository/Final Object Repo/New Registration - Registration Module Pages/Form 1/Insutry Post Code - 810'

2018-12-07 12:32:03 - [MESSAGE][PASSED] - Text '810' is set on object 'Object Repository/Final Object Repo/New Registration - Registration Module Pages/Form 1/Insutry Post Code - 810'

2018-12-07 12:32:03 - [TEST_STEP][PASSED] - delay: Delayed 1 second(s)

2018-12-07 12:32:04 - [MESSAGE][PASSED] - Delayed 1 second(s)

2018-12-07 12:32:04 - [TEST_STEP][PASSED] - click: Object: 'Object Repository/Final Object Repo/New Registration - Registration Module Pages/Form 1/Insutry Post Code - 81000' is clicked on

2018-12-07 12:32:04 - [MESSAGE][PASSED] - Object: 'Object Repository/Final Object Repo/New Registration - Registration Module Pages/Form 1/Insutry Post Code - 81000' is clicked on

2018-12-07 12:32:04 - [TEST_STEP][PASSED] - delay: Delayed 1 second(s)

2018-12-07 12:32:05 - [MESSAGE][PASSED] - Delayed 1 second(s)

2018-12-07 12:32:05 - [TEST_STEP][PASSED] - setText: Text '100' is set on object 'Object Repository/Final Object Repo/New Registration - Registration Module Pages/Form 1/Industry P.O.BOX'

2018-12-07 12:32:06 - [MESSAGE][PASSED] - Text '100' is set on object 'Object Repository/Final Object Repo/New Registration - Registration Module Pages/Form 1/Industry P.O.BOX'

2018-12-07 12:32:06 - [TEST_STEP][PASSED] - setText: Text '100' is set on object 'Object Repository/Final Object Repo/New Registration - Registration Module Pages/Form 1/Industry Locked Bag No'

2018-12-07 12:32:06 - [MESSAGE][PASSED] - Text '100' is set on object 'Object Repository/Final Object Repo/New Registration - Registration Module Pages/Form 1/Industry Locked Bag No'

2018-12-07 12:32:06 - [TEST_STEP][PASSED] - setText: Text '123456789' is set on object 'Object Repository/Final Object Repo/New Registration - Registration Module Pages/Form 1/Telephone No'

2018-12-07 12:32:06 - [MESSAGE][PASSED] - Text '123456789' is set on object 'Object Repository/Final Object Repo/New Registration - Registration Module Pages/Form 1/Telephone No'

2018-12-07 12:32:06 - [TEST_STEP][PASSED] - setText: Text '123456789' is set on object 'Object Repository/Final Object Repo/New Registration - Registration Module Pages/Form 1/Mobile No'

2018-12-07 12:32:07 - [MESSAGE][PASSED] - Text '123456789' is set on object 'Object Repository/Final Object Repo/New Registration - Registration Module Pages/Form 1/Mobile No'

2018-12-07 12:32:07 - [TEST_STEP][PASSED] - setText: Text '123456789' is set on object 'Object Repository/Final Object Repo/New Registration - Registration Module Pages/Form 1/Fax No'

2018-12-07 12:32:07 - [MESSAGE][PASSED] - Text '123456789' is set on object 'Object Repository/Final Object Repo/New Registration - Registration Module Pages/Form 1/Fax No'

2018-12-07 12:32:07 - [TEST_STEP][PASSED] - click: Object: 'Object Repository/Final Object Repo/New Registration - Registration Module Pages/Form 1/Industry Code' is clicked on

2018-12-07 12:32:07 - [MESSAGE][PASSED] - Object: 'Object Repository/Final Object Repo/New Registration - Registration Module Pages/Form 1/Industry Code' is clicked on

2018-12-07 12:32:07 - [TEST_STEP][PASSED] - click: Object: 'Object Repository/Final Object Repo/New Registration - Registration Module Pages/Form 1/Indudustry Code - Crops and Animal' is clicked on

2018-12-07 12:32:08 - [MESSAGE][PASSED] - Object: 'Object Repository/Final Object Repo/New Registration - Registration Module Pages/Form 1/Indudustry Code - Crops and Animal' is clicked on

2018-12-07 12:32:08 - [TEST_STEP][PASSED] - delay: Delayed 1 second(s)

2018-12-07 12:32:09 - [MESSAGE][PASSED] - Delayed 1 second(s)

2018-12-07 12:32:09 - [TEST_STEP][PASSED] - click: Object: 'Object Repository/Final Object Repo/New Registration - Registration Module Pages/Form 1/Sub Industry Code List' is clicked on

2018-12-07 12:32:09 - [MESSAGE][PASSED] - Object: 'Object Repository/Final Object Repo/New Registration - Registration Module Pages/Form 1/Sub Industry Code List' is clicked on

2018-12-07 12:32:09 - [TEST_STEP][PASSED] - click: Object: 'Object Repository/Final Object Repo/New Registration - Registration Module Pages/Form 1/Sub Industry Code List - Growing of Maize' is clicked on

2018-12-07 12:32:09 - [MESSAGE][PASSED] - Object: 'Object Repository/Final Object Repo/New Registration - Registration Module Pages/Form 1/Sub Industry Code List - Growing of Maize' is clicked on

2018-12-07 12:32:09 - [TEST_STEP][PASSED] - setText: Text 'perkeso123@gmail.com' is set on object 'Object Repository/Final Object Repo/New Registration - Registration Module Pages/Form 1/Email'

2018-12-07 12:32:10 - [MESSAGE][PASSED] - Text 'perkeso123@gmail.com' is set on object 'Object Repository/Final Object Repo/New Registration - Registration Module Pages/Form 1/Email'

2018-12-07 12:32:10 - [TEST_STEP][PASSED] - click: Object: 'Object Repository/Final Object Repo/New Registration - Registration Module Pages/Form 1/Method of Contribution Payment' is clicked on

2018-12-07 12:32:10 - [MESSAGE][PASSED] - Object: 'Object Repository/Final Object Repo/New Registration - Registration Module Pages/Form 1/Method of Contribution Payment' is clicked on

2018-12-07 12:32:10 - [TEST_STEP][PASSED] - click: Object: 'Object Repository/Final Object Repo/New Registration - Registration Module Pages/Form 1/Method of Contribution Payment - Portal' is clicked on

2018-12-07 12:32:10 - [MESSAGE][PASSED] - Object: 'Object Repository/Final Object Repo/New Registration - Registration Module Pages/Form 1/Method of Contribution Payment - Portal' is clicked on

2018-12-07 12:32:10 - [TEST_STEP][PASSED] - click: Object: 'Object Repository/Final Object Repo/New Registration - Registration Module Pages/Form 1/Servide Type' is clicked on

2018-12-07 12:32:10 - [MESSAGE][PASSED] - Object: 'Object Repository/Final Object Repo/New Registration - Registration Module Pages/Form 1/Servide Type' is clicked on

2018-12-07 12:32:10 - [TEST_STEP][PASSED] - click: Object: 'Object Repository/Final Object Repo/New Registration - Registration Module Pages/Form 1/Servide Type - Professional Bodies' is clicked on

2018-12-07 12:32:10 - [MESSAGE][PASSED] - Object: 'Object Repository/Final Object Repo/New Registration - Registration Module Pages/Form 1/Servide Type - Professional Bodies' is clicked on

2018-12-07 12:32:10 - [TEST_STEP][PASSED] - click: Object: 'Object Repository/Final Object Repo/New Registration - Registration Module Pages/Form 1/Industry Venue' is clicked on

2018-12-07 12:32:11 - [MESSAGE][PASSED] - Object: 'Object Repository/Final Object Repo/New Registration - Registration Module Pages/Form 1/Industry Venue' is clicked on

2018-12-07 12:32:11 - [TEST_STEP][PASSED] - click: Object: 'Object Repository/Final Object Repo/New Registration - Registration Module Pages/Form 1/Industry Venue -  PPN JOHOR' is clicked on

2018-12-07 12:32:11 - [MESSAGE][PASSED] - Object: 'Object Repository/Final Object Repo/New Registration - Registration Module Pages/Form 1/Industry Venue -  PPN JOHOR' is clicked on

2018-12-07 12:32:11 - [TEST_STEP][PASSED] - click: Object: 'Object Repository/Final Object Repo/New Registration - Registration Module Pages/Form 1/Save  Continue' is clicked on

2018-12-07 12:32:11 - [MESSAGE][PASSED] - Object: 'Object Repository/Final Object Repo/New Registration - Registration Module Pages/Form 1/Save  Continue' is clicked on

2018-12-07 12:32:11 - [MESSAGE][PASSED] - Call Test Case 'Test Cases/Final Aug 2018 - PKS Automation/Registration Module/New Registration/Form 1/Form 1 - Corporation - BHD' successfully

2018-12-07 12:32:11 - [TEST_STEP][PASSED] - callTestCase: Call Test Case 'Test Cases/Final Aug 2018 - PKS Automation/Registration Module/New Registration/Form 2/Add 1 Eligible' successfully

2018-12-07 12:32:11 - [TEST_CASE][PASSED] - Test Cases/Final Aug 2018 - PKS Automation/Registration Module/New Registration/Form 2/Add 1 Eligible: Test Cases/Final Aug 2018 - PKS Automation/Registration Module/New Registration/Form 2/Add 1 Eligible

2018-12-07 12:32:11 - [TEST_STEP][PASSED] - delay: Delayed 2 second(s)

2018-12-07 12:32:13 - [MESSAGE][PASSED] - Delayed 2 second(s)

2018-12-07 12:32:13 - [TEST_STEP][PASSED] - callTestCase: Call Test Case 'Test Cases/Final Aug 2018 - PKS Automation/Registration Module/New Registration/Form 2/Date Updater' successfully

2018-12-07 12:32:13 - [TEST_CASE][PASSED] - Test Cases/Final Aug 2018 - PKS Automation/Registration Module/New Registration/Form 2/Date Updater: Test Cases/Final Aug 2018 - PKS Automation/Registration Module/New Registration/Form 2/Date Updater

2018-12-07 12:32:13 - [TEST_STEP][PASSED] - Statement - TodayDate = new java.util.Date(): null

2018-12-07 12:32:13 - [TEST_STEP][PASSED] - Statement - CurrentDateNoFilter = new java.text.SimpleDateFormat(): null

2018-12-07 12:32:13 - [TEST_STEP][PASSED] - Statement - CurrentDateNoFilter.applyPattern("MM"): null

2018-12-07 12:32:13 - [TEST_STEP][PASSED] - Statement - monthContainerMatcher = java.lang.Integer.parseInt(CurrentDateNoFilter.format(TodayDate)): null

2018-12-07 12:32:13 - [TEST_STEP][PASSED] - Statement - monthContainerMatcher = monthContainerMatcher - 1: null

2018-12-07 12:32:13 - [TEST_STEP][PASSED] - Statement - CurrentMonth = monthContainerMatcher.toString(): null

2018-12-07 12:32:13 - [TEST_STEP][PASSED] - Statement - CurrentMonth = CurrentMonth: null

2018-12-07 12:32:13 - [TEST_STEP][PASSED] - Statement - CurrentDateNoFilter.applyPattern("yyyy"): null

2018-12-07 12:32:13 - [TEST_STEP][PASSED] - Statement - CurrentYear = CurrentDateNoFilter.format(TodayDate): null

2018-12-07 12:32:13 - [TEST_STEP][PASSED] - Statement - CurrentYear = CurrentYear: null

2018-12-07 12:32:13 - [TEST_STEP][PASSED] - Statement - intCurrentYear = java.lang.Integer.parseInt(CurrentDateNoFilter.format(TodayDate)): null

2018-12-07 12:32:13 - [TEST_STEP][PASSED] - Statement - eighteenYrsAgo = intCurrentYear - 18: null

2018-12-07 12:32:13 - [TEST_STEP][PASSED] - Statement - eighteenYrsBeforeThisYr = eighteenYrsAgo.toString(): null

2018-12-07 12:32:13 - [TEST_STEP][PASSED] - Statement - EighteenYrsBefore = eighteenYrsBeforeThisYr: null

2018-12-07 12:32:13 - [TEST_STEP][PASSED] - Statement - fiftysevenYrsAgo = intCurrentYear - 57: null

2018-12-07 12:32:13 - [TEST_STEP][PASSED] - Statement - fiftysevenYrsBeforeThisYr = fiftysevenYrsAgo.toString(): null

2018-12-07 12:32:13 - [TEST_STEP][PASSED] - Statement - FiftysevenYrsBefore = fiftysevenYrsBeforeThisYr: null

2018-12-07 12:32:13 - [TEST_STEP][PASSED] - Statement - leapYear = false: null

2018-12-07 12:32:13 - [TEST_STEP][PASSED] - Statement - leapYear = intCurrentYear % 4 == 0: null

2018-12-07 12:32:13 - [TEST_STEP][PASSED] - Statement - CurrentDateNoFilter.applyPattern("dd"): null

2018-12-07 12:32:13 - [TEST_STEP][PASSED] - Statement - CurrentDate = CurrentDateNoFilter.format(TodayDate): null

2018-12-07 12:32:13 - [TEST_STEP][PASSED] - Statement - CurrentDate = java.lang.Integer.parseInt(CurrentDate): null

2018-12-07 12:32:13 - [TEST_STEP][PASSED] - Statement - CurrentDate = CurrentDate: null

2018-12-07 12:32:13 - [TEST_STEP][PASSED] - Statement - CurrentDay = java.lang.Integer.parseInt(CurrentDate): null

2018-12-07 12:32:13 - [TEST_STEP][PASSED] - Statement - ConfAdder = <not implemented yet for class: org.codehaus.groovy.ast.expr.EmptyExpression>: null

2018-12-07 12:32:13 - [TEST_STEP][PASSED] - Statement - out.println(CurrentMonth): null

2018-12-07 12:32:13 - [TEST_STEP][PASSED] - Statement - out.println(CurrentDate): null

2018-12-07 12:32:13 - [TEST_STEP][PASSED] - Statement - switch (CurrentDate): null

2018-12-07 12:32:13 - [TEST_STEP][PASSED] - Statement - Default: null

2018-12-07 12:32:13 - [TEST_STEP][PASSED] - Statement - ConfAdder = true: null

2018-12-07 12:32:13 - [TEST_STEP][PASSED] - Statement - Break: null

2018-12-07 12:32:13 - [TEST_STEP][PASSED] - Statement - aDayBefore = <not implemented yet for class: org.codehaus.groovy.ast.expr.EmptyExpression>: null

2018-12-07 12:32:13 - [TEST_STEP][PASSED] - Statement - out.println(ConfAdder): null

2018-12-07 12:32:13 - [TEST_STEP][PASSED] - Statement - If (ConfAdder == true): null

2018-12-07 12:32:13 - [TEST_STEP][PASSED] - Statement - aDayBefore = CurrentDay + 1: null

2018-12-07 12:32:13 - [TEST_STEP][PASSED] - Statement - out.println(aDayBefore): null

2018-12-07 12:32:13 - [TEST_STEP][PASSED] - Statement - If (aDayBefore == 1 && CurrentMonth == 11): null

2018-12-07 12:32:13 - [TEST_STEP][PASSED] - Statement - DayBefore = aDayBefore.toString(): null

2018-12-07 12:32:13 - [TEST_STEP][PASSED] - Statement - OneDayBefore = DayBefore: null

2018-12-07 12:32:14 - [MESSAGE][PASSED] - Call Test Case 'Test Cases/Final Aug 2018 - PKS Automation/Registration Module/New Registration/Form 2/Date Updater' successfully

2018-12-07 12:32:14 - [TEST_STEP][PASSED] - delay: Delayed 1 second(s)

2018-12-07 12:32:15 - [MESSAGE][PASSED] - Delayed 1 second(s)

2018-12-07 12:32:15 - [TEST_STEP][PASSED] - Statement - CaseReferenceNo = com.kms.katalon.core.webui.keyword.WebUiBuiltInKeywords.getText(com.kms.katalon.core.testobject.ObjectRepository.findTestObject(Final Object Repo/New Registration - Registration Module Pages/Form 2/RefNo Acquiring)): Text of object 'Object Repository/Final Object Repo/New Registration - Registration Module Pages/Form 2/RefNo Acquiring' is: 'CRN12201800123092'

2018-12-07 12:32:15 - [MESSAGE][PASSED] - Text of object 'Object Repository/Final Object Repo/New Registration - Registration Module Pages/Form 2/RefNo Acquiring' is: 'CRN12201800123092'

2018-12-07 12:32:15 - [TEST_STEP][PASSED] - delay: Delayed 1 second(s)

2018-12-07 12:32:16 - [MESSAGE][PASSED] - Delayed 1 second(s)

2018-12-07 12:32:16 - [TEST_STEP][PASSED] - click: Object: 'Object Repository/Final Object Repo/New Registration - Registration Module Pages/Form 2/Add Employee Button' is clicked on

2018-12-07 12:32:16 - [MESSAGE][PASSED] - Object: 'Object Repository/Final Object Repo/New Registration - Registration Module Pages/Form 2/Add Employee Button' is clicked on

2018-12-07 12:32:16 - [TEST_STEP][PASSED] - delay: Delayed 1 second(s)

2018-12-07 12:32:17 - [MESSAGE][PASSED] - Delayed 1 second(s)

2018-12-07 12:32:17 - [TEST_STEP][PASSED] - setText: Text '010903091963' is set on object 'Object Repository/Final Object Repo/New Registration - Registration Module Pages/Form 2/NRIC Input'

2018-12-07 12:32:18 - [MESSAGE][PASSED] - Text '010903091963' is set on object 'Object Repository/Final Object Repo/New Registration - Registration Module Pages/Form 2/NRIC Input'

2018-12-07 12:32:18 - [TEST_STEP][PASSED] - click: Object: 'Object Repository/Final Object Repo/New Registration - Registration Module Pages/Form 2/button for search for IC' is clicked on

2018-12-07 12:32:18 - [MESSAGE][PASSED] - Object: 'Object Repository/Final Object Repo/New Registration - Registration Module Pages/Form 2/button for search for IC' is clicked on

2018-12-07 12:32:18 - [TEST_STEP][PASSED] - delay: Delayed 2 second(s)

2018-12-07 12:32:20 - [MESSAGE][PASSED] - Delayed 2 second(s)

2018-12-07 12:32:20 - [TEST_STEP][PASSED] - setText: Text 'Automate001 eligible 1' is set on object 'Object Repository/Final Object Repo/New Registration - Registration Module Pages/Form 2/Employee Name Input'

2018-12-07 12:32:20 - [MESSAGE][PASSED] - Text 'Automate001 eligible 1' is set on object 'Object Repository/Final Object Repo/New Registration - Registration Module Pages/Form 2/Employee Name Input'

2018-12-07 12:32:20 - [TEST_STEP][PASSED] - delay: Delayed 2 second(s)

2018-12-07 12:32:22 - [MESSAGE][PASSED] - Delayed 2 second(s)

2018-12-07 12:32:22 - [TEST_STEP][PASSED] - click: Object: 'Object Repository/Final Object Repo/New Registration - Registration Module Pages/Form 2/DatePicker Pop Up' is clicked on

2018-12-07 12:32:22 - [MESSAGE][PASSED] - Object: 'Object Repository/Final Object Repo/New Registration - Registration Module Pages/Form 2/DatePicker Pop Up' is clicked on

2018-12-07 12:32:22 - [TEST_STEP][PASSED] - click: Object: 'Object Repository/Final Object Repo/New Registration - Registration Module Pages/Form 2/DOB Month' is clicked on

2018-12-07 12:32:23 - [MESSAGE][PASSED] - Object: 'Object Repository/Final Object Repo/New Registration - Registration Module Pages/Form 2/DOB Month' is clicked on

2018-12-07 12:32:23 - [TEST_STEP][PASSED] - Statement - CurrentMonth = CurrentMonth: null

2018-12-07 12:32:23 - [TEST_STEP][PASSED] - Statement - selectMonth = new com.kms.katalon.core.testobject.TestObject(): null

2018-12-07 12:32:23 - [TEST_STEP][PASSED] - Statement - selectMonth.addProperty("xpath", EQUALS, "//body/div/div/div/select/option[@value='" + CurrentMonth + "']", true): null

2018-12-07 12:32:23 - [TEST_STEP][PASSED] - click: Object: '' is clicked on

2018-12-07 12:32:23 - [MESSAGE][PASSED] - Object: '' is clicked on

2018-12-07 12:32:23 - [TEST_STEP][PASSED] - click: Object: 'Object Repository/Final Object Repo/New Registration - Registration Module Pages/Form 2/DOB Year' is clicked on

2018-12-07 12:32:23 - [MESSAGE][PASSED] - Object: 'Object Repository/Final Object Repo/New Registration - Registration Module Pages/Form 2/DOB Year' is clicked on

2018-12-07 12:32:23 - [TEST_STEP][PASSED] - Statement - Eyearsbf = EighteenYrsBefore: null

2018-12-07 12:32:23 - [TEST_STEP][PASSED] - Statement - selectYear = new com.kms.katalon.core.testobject.TestObject(): null

2018-12-07 12:32:23 - [TEST_STEP][PASSED] - Statement - selectYear.addProperty("xpath", EQUALS, "//div/div/div/select/option[@value='" + Eyearsbf + "']", true): null

2018-12-07 12:32:23 - [TEST_STEP][PASSED] - click: Object: '' is clicked on

2018-12-07 12:32:23 - [MESSAGE][PASSED] - Object: '' is clicked on

2018-12-07 12:32:23 - [TEST_STEP][PASSED] - Statement - UpdatedSelectDate = com.kms.katalon.core.webui.keyword.WebUiBuiltInKeywords.modifyObjectProperty(com.kms.katalon.core.testobject.ObjectRepository.findTestObject(Final Object Repo/New Registration - Registration Module Pages/Form 2/DOB Date), "xpath", "equals", "//body/div/table/tbody/tr/td/a[text()="" + CurrentDate + ""]", true): Modify property of object successfully

2018-12-07 12:32:23 - [MESSAGE][PASSED] - Modify property of object successfully

2018-12-07 12:32:23 - [TEST_STEP][PASSED] - delay: Delayed 3 second(s)

2018-12-07 12:32:26 - [MESSAGE][PASSED] - Delayed 3 second(s)

2018-12-07 12:32:26 - [TEST_STEP][PASSED] - click: Object: 'Object Repository/Final Object Repo/New Registration - Registration Module Pages/Form 2/DOB Date' is clicked on

2018-12-07 12:32:26 - [MESSAGE][PASSED] - Object: 'Object Repository/Final Object Repo/New Registration - Registration Module Pages/Form 2/DOB Date' is clicked on

2018-12-07 12:32:26 - [TEST_STEP][PASSED] - delay: Delayed 2 second(s)

2018-12-07 12:32:28 - [MESSAGE][PASSED] - Delayed 2 second(s)

2018-12-07 12:32:28 - [TEST_STEP][PASSED] - click: Object: 'Object Repository/Final Object Repo/New Registration - Registration Module Pages/Form 2/EmploymentStartDate Pop Up' is clicked on

2018-12-07 12:32:28 - [MESSAGE][PASSED] - Object: 'Object Repository/Final Object Repo/New Registration - Registration Module Pages/Form 2/EmploymentStartDate Pop Up' is clicked on

2018-12-07 12:32:28 - [TEST_STEP][PASSED] - delay: Delayed 2 second(s)

2018-12-07 12:32:30 - [MESSAGE][PASSED] - Delayed 2 second(s)

2018-12-07 12:32:30 - [TEST_STEP][PASSED] - click: Object: 'Object Repository/Final Object Repo/New Registration - Registration Module Pages/Form 2/Socso Employment StartDate Month' is clicked on

2018-12-07 12:32:31 - [MESSAGE][PASSED] - Object: 'Object Repository/Final Object Repo/New Registration - Registration Module Pages/Form 2/Socso Employment StartDate Month' is clicked on

2018-12-07 12:32:31 - [TEST_STEP][PASSED] - delay: Delayed 1 second(s)

2018-12-07 12:32:32 - [MESSAGE][PASSED] - Delayed 1 second(s)

2018-12-07 12:32:32 - [TEST_STEP][PASSED] - click: Object: 'Object Repository/Final Object Repo/New Registration - Registration Module Pages/Form 2/Select Socso Employement Startdate Month' is clicked on

2018-12-07 12:32:32 - [MESSAGE][PASSED] - Object: 'Object Repository/Final Object Repo/New Registration - Registration Module Pages/Form 2/Select Socso Employement Startdate Month' is clicked on

2018-12-07 12:32:32 - [TEST_STEP][PASSED] - delay: Delayed 2 second(s)

2018-12-07 12:32:34 - [MESSAGE][PASSED] - Delayed 2 second(s)

2018-12-07 12:32:34 - [TEST_STEP][PASSED] - click: Object: 'Object Repository/Final Object Repo/New Registration - Registration Module Pages/Form 2/Socso Employment StartDate Year' is clicked on

2018-12-07 12:32:34 - [MESSAGE][PASSED] - Object: 'Object Repository/Final Object Repo/New Registration - Registration Module Pages/Form 2/Socso Employment StartDate Year' is clicked on

2018-12-07 12:32:34 - [TEST_STEP][PASSED] - delay: Delayed 1 second(s)

2018-12-07 12:32:35 - [MESSAGE][PASSED] - Delayed 1 second(s)

2018-12-07 12:32:35 - [TEST_STEP][PASSED] - click: Object: 'Object Repository/Final Object Repo/New Registration - Registration Module Pages/Form 2/Select Socso Employment Startdate Year' is clicked on

2018-12-07 12:32:35 - [MESSAGE][PASSED] - Object: 'Object Repository/Final Object Repo/New Registration - Registration Module Pages/Form 2/Select Socso Employment Startdate Year' is clicked on

2018-12-07 12:32:35 - [TEST_STEP][PASSED] - delay: Delayed 2 second(s)

2018-12-07 12:32:37 - [MESSAGE][PASSED] - Delayed 2 second(s)

2018-12-07 12:32:37 - [TEST_STEP][PASSED] - click: Object: 'Object Repository/Final Object Repo/New Registration - Registration Module Pages/Form 2/Socso Employment Start Date Day' is clicked on

2018-12-07 12:32:37 - [MESSAGE][PASSED] - Object: 'Object Repository/Final Object Repo/New Registration - Registration Module Pages/Form 2/Socso Employment Start Date Day' is clicked on

2018-12-07 12:32:37 - [TEST_STEP][PASSED] - delay: Delayed 2 second(s)

2018-12-07 12:32:39 - [MESSAGE][PASSED] - Delayed 2 second(s)

2018-12-07 12:32:39 - [TEST_STEP][PASSED] - click: Object: 'Object Repository/Final Object Repo/New Registration - Registration Module Pages/Form 2/Save Button for Add Employee' is clicked on

2018-12-07 12:32:40 - [MESSAGE][PASSED] - Object: 'Object Repository/Final Object Repo/New Registration - Registration Module Pages/Form 2/Save Button for Add Employee' is clicked on

2018-12-07 12:32:40 - [TEST_STEP][PASSED] - delay: Delayed 6 second(s)

2018-12-07 12:32:46 - [MESSAGE][PASSED] - Delayed 6 second(s)

2018-12-07 12:32:46 - [TEST_STEP][PASSED] - click: Object: 'Object Repository/Final Object Repo/New Registration - Registration Module Pages/Form 2/Save and Continue Form 2' is clicked on

2018-12-07 12:32:46 - [MESSAGE][PASSED] - Object: 'Object Repository/Final Object Repo/New Registration - Registration Module Pages/Form 2/Save and Continue Form 2' is clicked on

2018-12-07 12:32:46 - [MESSAGE][PASSED] - Call Test Case 'Test Cases/Final Aug 2018 - PKS Automation/Registration Module/New Registration/Form 2/Add 1 Eligible' successfully

2018-12-07 12:32:46 - [TEST_STEP][PASSED] - callTestCase: Call Test Case 'Test Cases/Final Aug 2018 - PKS Automation/Registration Module/New Registration/Flow of New Registration/Third Screen - Upload Supporting Doc - Preview' successfully

2018-12-07 12:32:46 - [TEST_CASE][PASSED] - Test Cases/Final Aug 2018 - PKS Automation/Registration Module/New Registration/Flow of New Registration/Third Screen - Upload Supporting Doc - Preview: Test Cases/Final Aug 2018 - PKS Automation/Registration Module/New Registration/Flow of New Registration/Third Screen - Upload Supporting Doc - Preview

2018-12-07 12:32:46 - [TEST_STEP][PASSED] - waitForPageLoad: Wait for page load successfully

2018-12-07 12:32:46 - [MESSAGE][PASSED] - Wait for page load successfully

2018-12-07 12:32:46 - [TEST_STEP][PASSED] - Statement - CaseReferenceNo = com.kms.katalon.core.webui.keyword.WebUiBuiltInKeywords.getText(com.kms.katalon.core.testobject.ObjectRepository.findTestObject(Final Object Repo/New Registration - Registration Module Pages/Third Screen - Upload Supporting Doc- Preview/RefNo Acquiring)): Text of object 'Object Repository/Final Object Repo/New Registration - Registration Module Pages/Third Screen - Upload Supporting Doc- Preview/RefNo Acquiring' is: 'CRN12201800123092'

2018-12-07 12:32:47 - [MESSAGE][PASSED] - Text of object 'Object Repository/Final Object Repo/New Registration - Registration Module Pages/Third Screen - Upload Supporting Doc- Preview/RefNo Acquiring' is: 'CRN12201800123092'

2018-12-07 12:32:47 - [TEST_STEP][PASSED] - delay: Delayed 2 second(s)

2018-12-07 12:32:49 - [MESSAGE][PASSED] - Delayed 2 second(s)

2018-12-07 12:32:49 - [TEST_STEP][PASSED] - callTestCase: Call Test Case 'Test Cases/Final Aug 2018 - PKS Automation/Common/Reference Number Setter' successfully

2018-12-07 12:32:49 - [TEST_CASE][PASSED] - Test Cases/Final Aug 2018 - PKS Automation/Common/Reference Number Setter: Test Cases/Final Aug 2018 - PKS Automation/Common/Reference Number Setter

2018-12-07 12:32:49 - [TEST_STEP][PASSED] - Statement - RefNoOldFile = new java.io.File(C://Users//Admin//Desktop//PKS//Automation Reference Point//KatalonReference.txt): null

2018-12-07 12:32:49 - [TEST_STEP][PASSED] - Statement - RefNoOldFile.delete(): null

2018-12-07 12:32:49 - [TEST_STEP][PASSED] - delay: Delayed 5 second(s)

2018-12-07 12:32:54 - [MESSAGE][PASSED] - Delayed 5 second(s)

2018-12-07 12:32:54 - [TEST_STEP][PASSED] - Statement - RefNo = new java.io.File(C://Users//Admin//Desktop//PKS//Automation Reference Point//KatalonReference.txt): null

2018-12-07 12:32:54 - [TEST_STEP][PASSED] - Statement - f2 = new java.io.FileWriter(RefNo, false): null

2018-12-07 12:32:54 - [TEST_STEP][PASSED] - Statement - f2.write(CaseReferenceNo): null

2018-12-07 12:32:54 - [TEST_STEP][PASSED] - Statement - f2.close(): null

2018-12-07 12:32:54 - [TEST_STEP][PASSED] - Statement - out.println("


" + CaseReferenceNo + "


"): null

2018-12-07 12:32:54 - [MESSAGE][PASSED] - Call Test Case 'Test Cases/Final Aug 2018 - PKS Automation/Common/Reference Number Setter' successfully

2018-12-07 12:32:54 - [TEST_STEP][PASSED] - waitForElementClickable: Object 'Object Repository/Final Object Repo/New Registration - Registration Module Pages/Third Screen - Upload Supporting Doc- Preview/Save n Continue in SIP Employee Listing Page' is clickable

2018-12-07 12:32:54 - [MESSAGE][PASSED] - Object 'Object Repository/Final Object Repo/New Registration - Registration Module Pages/Third Screen - Upload Supporting Doc- Preview/Save n Continue in SIP Employee Listing Page' is clickable

2018-12-07 12:32:54 - [TEST_STEP][PASSED] - click: Object: 'Object Repository/Final Object Repo/New Registration - Registration Module Pages/Third Screen - Upload Supporting Doc- Preview/Save n Continue in SIP Employee Listing Page' is clicked on

2018-12-07 12:32:59 - [MESSAGE][PASSED] - Object: 'Object Repository/Final Object Repo/New Registration - Registration Module Pages/Third Screen - Upload Supporting Doc- Preview/Save n Continue in SIP Employee Listing Page' is clicked on

2018-12-07 12:32:59 - [TEST_STEP][PASSED] - delay: Delayed 7 second(s)

2018-12-07 12:33:06 - [MESSAGE][PASSED] - Delayed 7 second(s)

2018-12-07 12:33:06 - [TEST_STEP][PASSED] - click: Object: 'Object Repository/Final Object Repo/New Registration - Registration Module Pages/Third Screen - Upload Supporting Doc- Preview/Add Document Button' is clicked on

2018-12-07 12:33:06 - [MESSAGE][PASSED] - Object: 'Object Repository/Final Object Repo/New Registration - Registration Module Pages/Third Screen - Upload Supporting Doc- Preview/Add Document Button' is clicked on

2018-12-07 12:33:06 - [TEST_STEP][PASSED] - delay: Delayed 30 second(s)

2018-12-07 12:33:36 - [MESSAGE][PASSED] - Delayed 30 second(s)

2018-12-07 12:33:36 - [TEST_STEP][PASSED] - click: Object: 'Object Repository/Final Object Repo/New Registration - Registration Module Pages/Third Screen - Upload Supporting Doc- Preview/Supporting Doc Please Select Drop Down' is clicked on

2018-12-07 12:33:37 - [MESSAGE][PASSED] - Object: 'Object Repository/Final Object Repo/New Registration - Registration Module Pages/Third Screen - Upload Supporting Doc- Preview/Supporting Doc Please Select Drop Down' is clicked on

2018-12-07 12:33:37 - [TEST_STEP][PASSED] - delay: Delayed 2 second(s)

2018-12-07 12:33:39 - [MESSAGE][PASSED] - Delayed 2 second(s)

2018-12-07 12:33:39 - [TEST_STEP][PASSED] - click: Object: 'Object Repository/Final Object Repo/New Registration - Registration Module Pages/Third Screen - Upload Supporting Doc- Preview/Select to Upload Form 1' is clicked on

2018-12-07 12:33:39 - [MESSAGE][PASSED] - Object: 'Object Repository/Final Object Repo/New Registration - Registration Module Pages/Third Screen - Upload Supporting Doc- Preview/Select to Upload Form 1' is clicked on

2018-12-07 12:33:39 - [TEST_STEP][PASSED] - delay: Delayed 2 second(s)

2018-12-07 12:33:41 - [MESSAGE][PASSED] - Delayed 2 second(s)

2018-12-07 12:33:41 - [TEST_STEP][PASSED] - uploadFile: File 'C:\Users\Public\Pictures\Sample Pictures\Koala.jpg' sent to object: 'Object Repository/Final Object Repo/New Registration - Registration Module Pages/Third Screen - Upload Supporting Doc- Preview/Upload File Adding'

2018-12-07 12:33:41 - [MESSAGE][PASSED] - File 'C:\Users\Public\Pictures\Sample Pictures\Koala.jpg' sent to object: 'Object Repository/Final Object Repo/New Registration - Registration Module Pages/Third Screen - Upload Supporting Doc- Preview/Upload File Adding'

2018-12-07 12:33:41 - [TEST_STEP][PASSED] - delay: Delayed 5 second(s)

2018-12-07 12:33:46 - [MESSAGE][PASSED] - Delayed 5 second(s)

2018-12-07 12:33:46 - [TEST_STEP][PASSED] - click: Object: 'Object Repository/Final Object Repo/New Registration - Registration Module Pages/Third Screen - Upload Supporting Doc- Preview/Inner Form Add Document Button' is clicked on

2018-12-07 12:33:46 - [MESSAGE][PASSED] - Object: 'Object Repository/Final Object Repo/New Registration - Registration Module Pages/Third Screen - Upload Supporting Doc- Preview/Inner Form Add Document Button' is clicked on

2018-12-07 12:33:46 - [TEST_STEP][PASSED] - delay: Delayed 3 second(s)

2018-12-07 12:33:49 - [MESSAGE][PASSED] - Delayed 3 second(s)

2018-12-07 12:33:49 - [TEST_STEP][PASSED] - click: Object: 'Object Repository/Final Object Repo/New Registration - Registration Module Pages/Third Screen - Upload Supporting Doc- Preview/Add Document Button' is clicked on

2018-12-07 12:33:51 - [MESSAGE][PASSED] - Object: 'Object Repository/Final Object Repo/New Registration - Registration Module Pages/Third Screen - Upload Supporting Doc- Preview/Add Document Button' is clicked on

2018-12-07 12:33:51 - [TEST_STEP][PASSED] - delay: Delayed 30 second(s)

2018-12-07 12:34:21 - [MESSAGE][PASSED] - Delayed 30 second(s)

2018-12-07 12:34:21 - [TEST_STEP][PASSED] - click: Object: 'Object Repository/Final Object Repo/New Registration - Registration Module Pages/Third Screen - Upload Supporting Doc- Preview/Supporting Doc Please Select Drop Down' is clicked on

2018-12-07 12:34:21 - [MESSAGE][PASSED] - Object: 'Object Repository/Final Object Repo/New Registration - Registration Module Pages/Third Screen - Upload Supporting Doc- Preview/Supporting Doc Please Select Drop Down' is clicked on

2018-12-07 12:34:21 - [TEST_STEP][PASSED] - delay: Delayed 2 second(s)

2018-12-07 12:34:23 - [MESSAGE][PASSED] - Delayed 2 second(s)

2018-12-07 12:34:23 - [TEST_STEP][PASSED] - click: Object: 'Object Repository/Final Object Repo/New Registration - Registration Module Pages/Third Screen - Upload Supporting Doc- Preview/Select to Upload Form 2' is clicked on

2018-12-07 12:34:23 - [MESSAGE][PASSED] - Object: 'Object Repository/Final Object Repo/New Registration - Registration Module Pages/Third Screen - Upload Supporting Doc- Preview/Select to Upload Form 2' is clicked on

2018-12-07 12:34:23 - [TEST_STEP][PASSED] - delay: Delayed 2 second(s)

2018-12-07 12:34:25 - [MESSAGE][PASSED] - Delayed 2 second(s)

2018-12-07 12:34:25 - [TEST_STEP][PASSED] - uploadFile: File 'C:\Users\Public\Pictures\Sample Pictures\Koala.jpg' sent to object: 'Object Repository/Final Object Repo/New Registration - Registration Module Pages/Third Screen - Upload Supporting Doc- Preview/Upload File Adding'

2018-12-07 12:34:25 - [MESSAGE][PASSED] - File 'C:\Users\Public\Pictures\Sample Pictures\Koala.jpg' sent to object: 'Object Repository/Final Object Repo/New Registration - Registration Module Pages/Third Screen - Upload Supporting Doc- Preview/Upload File Adding'

2018-12-07 12:34:25 - [TEST_STEP][PASSED] - click: Object: 'Object Repository/Final Object Repo/New Registration - Registration Module Pages/Third Screen - Upload Supporting Doc- Preview/Inner Form Add Document Button' is clicked on

2018-12-07 12:34:25 - [MESSAGE][PASSED] - Object: 'Object Repository/Final Object Repo/New Registration - Registration Module Pages/Third Screen - Upload Supporting Doc- Preview/Inner Form Add Document Button' is clicked on

2018-12-07 12:34:25 - [TEST_STEP][PASSED] - delay: Delayed 5 second(s)

2018-12-07 12:34:30 - [MESSAGE][PASSED] - Delayed 5 second(s)

2018-12-07 12:34:30 - [TEST_STEP][PASSED] - click: Object: 'Object Repository/Final Object Repo/New Registration - Registration Module Pages/Third Screen - Upload Supporting Doc- Preview/Add Document Button' is clicked on

2018-12-07 12:34:30 - [MESSAGE][PASSED] - Object: 'Object Repository/Final Object Repo/New Registration - Registration Module Pages/Third Screen - Upload Supporting Doc- Preview/Add Document Button' is clicked on

2018-12-07 12:34:30 - [TEST_STEP][PASSED] - delay: Delayed 30 second(s)

2018-12-07 12:35:00 - [MESSAGE][PASSED] - Delayed 30 second(s)

2018-12-07 12:35:00 - [TEST_STEP][PASSED] - click: Object: 'Object Repository/Final Object Repo/New Registration - Registration Module Pages/Third Screen - Upload Supporting Doc- Preview/Supporting Doc Please Select Drop Down' is clicked on

2018-12-07 12:35:01 - [MESSAGE][PASSED] - Object: 'Object Repository/Final Object Repo/New Registration - Registration Module Pages/Third Screen - Upload Supporting Doc- Preview/Supporting Doc Please Select Drop Down' is clicked on

2018-12-07 12:35:01 - [TEST_STEP][PASSED] - click: Object: 'Object Repository/Final Object Repo/New Registration - Registration Module Pages/Third Screen - Upload Supporting Doc- Preview/Select to Upload Borang SIP 1' is clicked on

2018-12-07 12:35:01 - [MESSAGE][PASSED] - Object: 'Object Repository/Final Object Repo/New Registration - Registration Module Pages/Third Screen - Upload Supporting Doc- Preview/Select to Upload Borang SIP 1' is clicked on

2018-12-07 12:35:01 - [TEST_STEP][PASSED] - delay: Delayed 2 second(s)

2018-12-07 12:35:03 - [MESSAGE][PASSED] - Delayed 2 second(s)

2018-12-07 12:35:03 - [TEST_STEP][PASSED] - uploadFile: File 'C:\Users\Public\Pictures\Sample Pictures\Koala.jpg' sent to object: 'Object Repository/Final Object Repo/New Registration - Registration Module Pages/Third Screen - Upload Supporting Doc- Preview/Upload File Adding'

2018-12-07 12:35:03 - [MESSAGE][PASSED] - File 'C:\Users\Public\Pictures\Sample Pictures\Koala.jpg' sent to object: 'Object Repository/Final Object Repo/New Registration - Registration Module Pages/Third Screen - Upload Supporting Doc- Preview/Upload File Adding'

2018-12-07 12:35:03 - [TEST_STEP][PASSED] - click: Object: 'Object Repository/Final Object Repo/New Registration - Registration Module Pages/Third Screen - Upload Supporting Doc- Preview/Inner Form Add Document Button' is clicked on

2018-12-07 12:35:03 - [MESSAGE][PASSED] - Object: 'Object Repository/Final Object Repo/New Registration - Registration Module Pages/Third Screen - Upload Supporting Doc- Preview/Inner Form Add Document Button' is clicked on

2018-12-07 12:35:03 - [TEST_STEP][PASSED] - delay: Delayed 5 second(s)

2018-12-07 12:35:08 - [MESSAGE][PASSED] - Delayed 5 second(s)

2018-12-07 12:35:08 - [TEST_STEP][PASSED] - click: Object: 'Object Repository/Final Object Repo/New Registration - Registration Module Pages/Third Screen - Upload Supporting Doc- Preview/Add Document Button' is clicked on

2018-12-07 12:35:08 - [MESSAGE][PASSED] - Object: 'Object Repository/Final Object Repo/New Registration - Registration Module Pages/Third Screen - Upload Supporting Doc- Preview/Add Document Button' is clicked on

2018-12-07 12:35:08 - [TEST_STEP][PASSED] - delay: Delayed 30 second(s)

2018-12-07 12:35:38 - [MESSAGE][PASSED] - Delayed 30 second(s)

2018-12-07 12:35:38 - [TEST_STEP][PASSED] - click: Object: 'Object Repository/Final Object Repo/New Registration - Registration Module Pages/Third Screen - Upload Supporting Doc- Preview/Supporting Doc Please Select Drop Down' is clicked on

2018-12-07 12:35:39 - [MESSAGE][PASSED] - Object: 'Object Repository/Final Object Repo/New Registration - Registration Module Pages/Third Screen - Upload Supporting Doc- Preview/Supporting Doc Please Select Drop Down' is clicked on

2018-12-07 12:35:39 - [TEST_STEP][PASSED] - delay: Delayed 3 second(s)

2018-12-07 12:35:42 - [MESSAGE][PASSED] - Delayed 3 second(s)

2018-12-07 12:35:42 - [TEST_STEP][PASSED] - click: Object: 'Object Repository/Final Object Repo/New Registration - Registration Module Pages/Third Screen - Upload Supporting Doc- Preview/Select to Upload Borang SIP 2' is clicked on

2018-12-07 12:35:42 - [MESSAGE][PASSED] - Object: 'Object Repository/Final Object Repo/New Registration - Registration Module Pages/Third Screen - Upload Supporting Doc- Preview/Select to Upload Borang SIP 2' is clicked on

2018-12-07 12:35:42 - [TEST_STEP][PASSED] - delay: Delayed 2 second(s)

2018-12-07 12:35:44 - [MESSAGE][PASSED] - Delayed 2 second(s)

2018-12-07 12:35:44 - [TEST_STEP][PASSED] - uploadFile: File 'C:\Users\Public\Pictures\Sample Pictures\Koala.jpg' sent to object: 'Object Repository/Final Object Repo/New Registration - Registration Module Pages/Third Screen - Upload Supporting Doc- Preview/Upload File Adding'

2018-12-07 12:35:44 - [MESSAGE][PASSED] - File 'C:\Users\Public\Pictures\Sample Pictures\Koala.jpg' sent to object: 'Object Repository/Final Object Repo/New Registration - Registration Module Pages/Third Screen - Upload Supporting Doc- Preview/Upload File Adding'

2018-12-07 12:35:44 - [TEST_STEP][PASSED] - delay: Delayed 5 second(s)

2018-12-07 12:35:49 - [MESSAGE][PASSED] - Delayed 5 second(s)

2018-12-07 12:35:49 - [TEST_STEP][PASSED] - click: Object: 'Object Repository/Final Object Repo/New Registration - Registration Module Pages/Third Screen - Upload Supporting Doc- Preview/Inner Form Add Document Button' is clicked on

2018-12-07 12:35:49 - [MESSAGE][PASSED] - Object: 'Object Repository/Final Object Repo/New Registration - Registration Module Pages/Third Screen - Upload Supporting Doc- Preview/Inner Form Add Document Button' is clicked on

2018-12-07 12:35:49 - [TEST_STEP][PASSED] - delay: Delayed 3 second(s)

2018-12-07 12:35:52 - [MESSAGE][PASSED] - Delayed 3 second(s)

2018-12-07 12:35:52 - [TEST_STEP][PASSED] - waitForElementClickable: Object 'Object Repository/Final Object Repo/New Registration - Registration Module Pages/Third Screen - Upload Supporting Doc- Preview/Save n Continue in Uploading Supporting Doc Page' is clickable

2018-12-07 12:35:53 - [MESSAGE][PASSED] - Object 'Object Repository/Final Object Repo/New Registration - Registration Module Pages/Third Screen - Upload Supporting Doc- Preview/Save n Continue in Uploading Supporting Doc Page' is clickable

2018-12-07 12:35:53 - [TEST_STEP][PASSED] - click: Object: 'Object Repository/Final Object Repo/New Registration - Registration Module Pages/Third Screen - Upload Supporting Doc- Preview/Save n Continue in Uploading Supporting Doc Page' is clicked on

2018-12-07 12:35:53 - [MESSAGE][PASSED] - Object: 'Object Repository/Final Object Repo/New Registration - Registration Module Pages/Third Screen - Upload Supporting Doc- Preview/Save n Continue in Uploading Supporting Doc Page' is clicked on

2018-12-07 12:35:53 - [MESSAGE][PASSED] - Call Test Case 'Test Cases/Final Aug 2018 - PKS Automation/Registration Module/New Registration/Flow of New Registration/Third Screen - Upload Supporting Doc - Preview' successfully

2018-12-07 12:35:53 - [TEST_STEP][PASSED] - callTestCase: Call Test Case 'Test Cases/Final Aug 2018 - PKS Automation/Registration Module/New Registration/Submit and Screenshot/Submit Registration and Screenshot - Copy' successfully

2018-12-07 12:35:53 - [TEST_CASE][PASSED] - Test Cases/Final Aug 2018 - PKS Automation/Registration Module/New Registration/Submit and Screenshot/Submit Registration and Screenshot - Copy: Test Cases/Final Aug 2018 - PKS Automation/Registration Module/New Registration/Submit and Screenshot/Submit Registration and Screenshot - Copy

2018-12-07 12:35:53 - [TEST_STEP][PASSED] - delay: Delayed 6 second(s)

2018-12-07 12:35:59 - [MESSAGE][PASSED] - Delayed 6 second(s)

2018-12-07 12:35:59 - [TEST_STEP][PASSED] - click: Object: 'Object Repository/Final Object Repo/New Registration - Registration Module Pages/Third Screen - Upload Supporting Doc- Preview/Preview Submit Button' is clicked on

2018-12-07 12:35:59 - [MESSAGE][PASSED] - Object: 'Object Repository/Final Object Repo/New Registration - Registration Module Pages/Third Screen - Upload Supporting Doc- Preview/Preview Submit Button' is clicked on

2018-12-07 12:35:59 - [TEST_STEP][PASSED] - delay: Delayed 2 second(s)

2018-12-07 12:36:01 - [MESSAGE][PASSED] - Delayed 2 second(s)

2018-12-07 12:36:01 - [TEST_STEP][PASSED] - click: Object: 'Object Repository/Final Object Repo/New Registration - Registration Module Pages/Third Screen - Upload Supporting Doc- Preview/Preview Submit - Confirm' is clicked on

2018-12-07 12:36:02 - [MESSAGE][PASSED] - Object: 'Object Repository/Final Object Repo/New Registration - Registration Module Pages/Third Screen - Upload Supporting Doc- Preview/Preview Submit - Confirm' is clicked on

2018-12-07 12:36:02 - [TEST_STEP][PASSED] - delay: Delayed 15 second(s)

2018-12-07 12:36:17 - [MESSAGE][PASSED] - Delayed 15 second(s)

2018-12-07 12:36:17 - [TEST_STEP][PASSED] - Statement - driver = com.kms.katalon.core.webui.driver.DriverFactory.getWebDriver(): null

2018-12-07 12:36:17 - [TEST_STEP][PASSED] - Statement - driver.manage().timeouts().implicitlyWait(10, SECONDS): null

2018-12-07 12:36:17 - [TEST_STEP][PASSED] - Statement - PresavePath = KatalonScreenshots: null

2018-12-07 12:36:17 - [TEST_STEP][PASSED] - Statement - pathPrefix = "C:\Users\Public\Pictures\Sample Pictures\Katalon Screenshots\Automate Ending Screen": null

2018-12-07 12:36:17 - [TEST_STEP][PASSED] - Statement - finalPath = <not implemented yet for class: org.codehaus.groovy.ast.expr.EmptyExpression>: null

2018-12-07 12:36:17 - [TEST_STEP][PASSED] - Statement - scrFile = driver.getScreenshotAs(FILE): null

2018-12-07 12:36:17 - [TEST_STEP][PASSED] - Statement - PreSaveFile = new java.io.File(PresavePath): null

2018-12-07 12:36:17 - [TEST_STEP][PASSED] - Statement - counter = 0: null

2018-12-07 12:36:17 - [TEST_STEP][PASSED] - Statement - If (PreSaveFile.exists()): null

2018-12-07 12:36:17 - [TEST_STEP][PASSED] - Statement - While (PreSaveFile.exists()): null

2018-12-07 12:36:17 - [TEST_STEP][PASSED] - Statement - counter = counter + 1: null

2018-12-07 12:36:17 - [TEST_STEP][PASSED] - Statement - PreSaveFile = new java.io.File(((pathPrefix + java.lang.Integer.toString(counter)) + .png)): null

2018-12-07 12:36:17 - [TEST_STEP][PASSED] - Statement - counter = counter + 1: null

2018-12-07 12:36:17 - [TEST_STEP][PASSED] - Statement - PreSaveFile = new java.io.File(((pathPrefix + java.lang.Integer.toString(counter)) + .png)): null

2018-12-07 12:36:17 - [TEST_STEP][PASSED] - Statement - counter = counter + 1: null

2018-12-07 12:36:17 - [TEST_STEP][PASSED] - Statement - PreSaveFile = new java.io.File(((pathPrefix + java.lang.Integer.toString(counter)) + .png)): null

2018-12-07 12:36:17 - [TEST_STEP][PASSED] - Statement - counter = counter + 1: null

2018-12-07 12:36:17 - [TEST_STEP][PASSED] - Statement - PreSaveFile = new java.io.File(((pathPrefix + java.lang.Integer.toString(counter)) + .png)): null

2018-12-07 12:36:17 - [TEST_STEP][PASSED] - Statement - counter = counter + 1: null

2018-12-07 12:36:17 - [TEST_STEP][PASSED] - Statement - PreSaveFile = new java.io.File(((pathPrefix + java.lang.Integer.toString(counter)) + .png)): null

2018-12-07 12:36:17 - [TEST_STEP][PASSED] - Statement - counter = counter + 1: null

2018-12-07 12:36:17 - [TEST_STEP][PASSED] - Statement - PreSaveFile = new java.io.File(((pathPrefix + java.lang.Integer.toString(counter)) + .png)): null

2018-12-07 12:36:17 - [TEST_STEP][PASSED] - Statement - counter = counter + 1: null

2018-12-07 12:36:17 - [TEST_STEP][PASSED] - Statement - PreSaveFile = new java.io.File(((pathPrefix + java.lang.Integer.toString(counter)) + .png)): null

2018-12-07 12:36:17 - [TEST_STEP][PASSED] - Statement - counter = counter + 1: null

2018-12-07 12:36:17 - [TEST_STEP][PASSED] - Statement - PreSaveFile = new java.io.File(((pathPrefix + java.lang.Integer.toString(counter)) + .png)): null

2018-12-07 12:36:17 - [TEST_STEP][PASSED] - Statement - counter = counter + 1: null

2018-12-07 12:36:17 - [TEST_STEP][PASSED] - Statement - PreSaveFile = new java.io.File(((pathPrefix + java.lang.Integer.toString(counter)) + .png)): null

2018-12-07 12:36:17 - [TEST_STEP][PASSED] - Statement - counter = counter + 1: null

2018-12-07 12:36:17 - [TEST_STEP][PASSED] - Statement - PreSaveFile = new java.io.File(((pathPrefix + java.lang.Integer.toString(counter)) + .png)): null

2018-12-07 12:36:17 - [TEST_STEP][PASSED] - Statement - counter = counter + 1: null

2018-12-07 12:36:17 - [TEST_STEP][PASSED] - Statement - PreSaveFile = new java.io.File(((pathPrefix + java.lang.Integer.toString(counter)) + .png)): null

2018-12-07 12:36:17 - [TEST_STEP][PASSED] - Statement - counter = counter + 1: null

2018-12-07 12:36:17 - [TEST_STEP][PASSED] - Statement - PreSaveFile = new java.io.File(((pathPrefix + java.lang.Integer.toString(counter)) + .png)): null

2018-12-07 12:36:17 - [TEST_STEP][PASSED] - Statement - counter = counter + 1: null

2018-12-07 12:36:17 - [TEST_STEP][PASSED] - Statement - PreSaveFile = new java.io.File(((pathPrefix + java.lang.Integer.toString(counter)) + .png)): null

2018-12-07 12:36:17 - [TEST_STEP][PASSED] - Statement - counter = counter + 1: null

2018-12-07 12:36:17 - [TEST_STEP][PASSED] - Statement - PreSaveFile = new java.io.File(((pathPrefix + java.lang.Integer.toString(counter)) + .png)): null

2018-12-07 12:36:17 - [TEST_STEP][PASSED] - Statement - counter = counter + 1: null

2018-12-07 12:36:17 - [TEST_STEP][PASSED] - Statement - PreSaveFile = new java.io.File(((pathPrefix + java.lang.Integer.toString(counter)) + .png)): null

2018-12-07 12:36:17 - [TEST_STEP][PASSED] - Statement - counter = counter + 1: null

2018-12-07 12:36:17 - [TEST_STEP][PASSED] - Statement - PreSaveFile = new java.io.File(((pathPrefix + java.lang.Integer.toString(counter)) + .png)): null

2018-12-07 12:36:17 - [TEST_STEP][PASSED] - Statement - counter = counter + 1: null

2018-12-07 12:36:17 - [TEST_STEP][PASSED] - Statement - PreSaveFile = new java.io.File(((pathPrefix + java.lang.Integer.toString(counter)) + .png)): null

2018-12-07 12:36:17 - [TEST_STEP][PASSED] - Statement - counter = counter + 1: null

2018-12-07 12:36:17 - [TEST_STEP][PASSED] - Statement - PreSaveFile = new java.io.File(((pathPrefix + java.lang.Integer.toString(counter)) + .png)): null

2018-12-07 12:36:17 - [TEST_STEP][PASSED] - Statement - counter = counter + 1: null

2018-12-07 12:36:17 - [TEST_STEP][PASSED] - Statement - PreSaveFile = new java.io.File(((pathPrefix + java.lang.Integer.toString(counter)) + .png)): null

2018-12-07 12:36:17 - [TEST_STEP][PASSED] - Statement - counter = counter + 1: null

2018-12-07 12:36:17 - [TEST_STEP][PASSED] - Statement - PreSaveFile = new java.io.File(((pathPrefix + java.lang.Integer.toString(counter)) + .png)): null

2018-12-07 12:36:18 - [TEST_STEP][PASSED] - Statement - counter = counter + 1: null

2018-12-07 12:36:18 - [TEST_STEP][PASSED] - Statement - PreSaveFile = new java.io.File(((pathPrefix + java.lang.Integer.toString(counter)) + .png)): null

2018-12-07 12:36:18 - [TEST_STEP][PASSED] - Statement - counter = counter + 1: null

2018-12-07 12:36:18 - [TEST_STEP][PASSED] - Statement - PreSaveFile = new java.io.File(((pathPrefix + java.lang.Integer.toString(counter)) + .png)): null

2018-12-07 12:36:18 - [TEST_STEP][PASSED] - Statement - counter = counter + 1: null

2018-12-07 12:36:18 - [TEST_STEP][PASSED] - Statement - PreSaveFile = new java.io.File(((pathPrefix + java.lang.Integer.toString(counter)) + .png)): null

2018-12-07 12:36:18 - [TEST_STEP][PASSED] - Statement - counter = counter + 1: null

2018-12-07 12:36:18 - [TEST_STEP][PASSED] - Statement - PreSaveFile = new java.io.File(((pathPrefix + java.lang.Integer.toString(counter)) + .png)): null

2018-12-07 12:36:18 - [TEST_STEP][PASSED] - Statement - counter = counter + 1: null

2018-12-07 12:36:18 - [TEST_STEP][PASSED] - Statement - PreSaveFile = new java.io.File(((pathPrefix + java.lang.Integer.toString(counter)) + .png)): null

2018-12-07 12:36:18 - [TEST_STEP][PASSED] - Statement - counter = counter + 1: null

2018-12-07 12:36:18 - [TEST_STEP][PASSED] - Statement - PreSaveFile = new java.io.File(((pathPrefix + java.lang.Integer.toString(counter)) + .png)): null

2018-12-07 12:36:18 - [TEST_STEP][PASSED] - Statement - counter = counter + 1: null

2018-12-07 12:36:18 - [TEST_STEP][PASSED] - Statement - PreSaveFile = new java.io.File(((pathPrefix + java.lang.Integer.toString(counter)) + .png)): null

2018-12-07 12:36:18 - [TEST_STEP][PASSED] - Statement - counter = counter + 1: null

2018-12-07 12:36:18 - [TEST_STEP][PASSED] - Statement - PreSaveFile = new java.io.File(((pathPrefix + java.lang.Integer.toString(counter)) + .png)): null

2018-12-07 12:36:18 - [TEST_STEP][PASSED] - Statement - counter = counter + 1: null

2018-12-07 12:36:18 - [TEST_STEP][PASSED] - Statement - PreSaveFile = new java.io.File(((pathPrefix + java.lang.Integer.toString(counter)) + .png)): null

2018-12-07 12:36:18 - [TEST_STEP][PASSED] - Statement - counter = counter + 1: null

2018-12-07 12:36:18 - [TEST_STEP][PASSED] - Statement - PreSaveFile = new java.io.File(((pathPrefix + java.lang.Integer.toString(counter)) + .png)): null

2018-12-07 12:36:18 - [TEST_STEP][PASSED] - Statement - counter = counter + 1: null

2018-12-07 12:36:18 - [TEST_STEP][PASSED] - Statement - PreSaveFile = new java.io.File(((pathPrefix + java.lang.Integer.toString(counter)) + .png)): null

2018-12-07 12:36:18 - [TEST_STEP][PASSED] - Statement - counter = counter + 1: null

2018-12-07 12:36:18 - [TEST_STEP][PASSED] - Statement - PreSaveFile = new java.io.File(((pathPrefix + java.lang.Integer.toString(counter)) + .png)): null

2018-12-07 12:36:18 - [TEST_STEP][PASSED] - Statement - counter = counter + 1: null

2018-12-07 12:36:18 - [TEST_STEP][PASSED] - Statement - PreSaveFile = new java.io.File(((pathPrefix + java.lang.Integer.toString(counter)) + .png)): null

2018-12-07 12:36:18 - [TEST_STEP][PASSED] - Statement - counter = counter + 1: null

2018-12-07 12:36:18 - [TEST_STEP][PASSED] - Statement - PreSaveFile = new java.io.File(((pathPrefix + java.lang.Integer.toString(counter)) + .png)): null

2018-12-07 12:36:18 - [TEST_STEP][PASSED] - Statement - counter = counter + 1: null

2018-12-07 12:36:18 - [TEST_STEP][PASSED] - Statement - PreSaveFile = new java.io.File(((pathPrefix + java.lang.Integer.toString(counter)) + .png)): null

2018-12-07 12:36:18 - [TEST_STEP][PASSED] - Statement - counter = counter + 1: null

2018-12-07 12:36:18 - [TEST_STEP][PASSED] - Statement - PreSaveFile = new java.io.File(((pathPrefix + java.lang.Integer.toString(counter)) + .png)): null

2018-12-07 12:36:18 - [TEST_STEP][PASSED] - Statement - counter = counter + 1: null

2018-12-07 12:36:18 - [TEST_STEP][PASSED] - Statement - PreSaveFile = new java.io.File(((pathPrefix + java.lang.Integer.toString(counter)) + .png)): null

2018-12-07 12:36:18 - [TEST_STEP][PASSED] - Statement - counter = counter + 1: null

2018-12-07 12:36:18 - [TEST_STEP][PASSED] - Statement - PreSaveFile = new java.io.File(((pathPrefix + java.lang.Integer.toString(counter)) + .png)): null

2018-12-07 12:36:18 - [TEST_STEP][PASSED] - Statement - counter = counter + 1: null

2018-12-07 12:36:19 - [TEST_STEP][PASSED] - Statement - PreSaveFile = new java.io.File(((pathPrefix + java.lang.Integer.toString(counter)) + .png)): null

2018-12-07 12:36:19 - [TEST_STEP][PASSED] - Statement - counter = counter + 1: null

2018-12-07 12:36:19 - [TEST_STEP][PASSED] - Statement - PreSaveFile = new java.io.File(((pathPrefix + java.lang.Integer.toString(counter)) + .png)): null

2018-12-07 12:36:19 - [TEST_STEP][PASSED] - Statement - counter = counter + 1: null

2018-12-07 12:36:19 - [TEST_STEP][PASSED] - Statement - PreSaveFile = new java.io.File(((pathPrefix + java.lang.Integer.toString(counter)) + .png)): null

2018-12-07 12:36:19 - [TEST_STEP][PASSED] - Statement - counter = counter + 1: null

2018-12-07 12:36:19 - [TEST_STEP][PASSED] - Statement - PreSaveFile = new java.io.File(((pathPrefix + java.lang.Integer.toString(counter)) + .png)): null

2018-12-07 12:36:19 - [TEST_STEP][PASSED] - Statement - counter = counter + 1: null

2018-12-07 12:36:19 - [TEST_STEP][PASSED] - Statement - PreSaveFile = new java.io.File(((pathPrefix + java.lang.Integer.toString(counter)) + .png)): null

2018-12-07 12:36:20 - [TEST_STEP][PASSED] - Statement - counter = counter + 1: null

2018-12-07 12:36:20 - [TEST_STEP][PASSED] - Statement - PreSaveFile = new java.io.File(((pathPrefix + java.lang.Integer.toString(counter)) + .png)): null

2018-12-07 12:36:20 - [TEST_STEP][PASSED] - Statement - counter = counter + 1: null

2018-12-07 12:36:20 - [TEST_STEP][PASSED] - Statement - PreSaveFile = new java.io.File(((pathPrefix + java.lang.Integer.toString(counter)) + .png)): null

2018-12-07 12:36:20 - [TEST_STEP][PASSED] - Statement - counter = counter + 1: null

2018-12-07 12:36:20 - [TEST_STEP][PASSED] - Statement - PreSaveFile = new java.io.File(((pathPrefix + java.lang.Integer.toString(counter)) + .png)): null

2018-12-07 12:36:20 - [TEST_STEP][PASSED] - Statement - counter = counter + 1: null

2018-12-07 12:36:20 - [TEST_STEP][PASSED] - Statement - PreSaveFile = new java.io.File(((pathPrefix + java.lang.Integer.toString(counter)) + .png)): null

2018-12-07 12:36:20 - [TEST_STEP][PASSED] - Statement - counter = counter + 1: null

2018-12-07 12:36:20 - [TEST_STEP][PASSED] - Statement - PreSaveFile = new java.io.File(((pathPrefix + java.lang.Integer.toString(counter)) + .png)): null

2018-12-07 12:36:20 - [TEST_STEP][PASSED] - Statement - counter = counter + 1: null

2018-12-07 12:36:20 - [TEST_STEP][PASSED] - Statement - PreSaveFile = new java.io.File(((pathPrefix + java.lang.Integer.toString(counter)) + .png)): null

2018-12-07 12:36:20 - [TEST_STEP][PASSED] - Statement - counter = counter + 1: null

2018-12-07 12:36:20 - [TEST_STEP][PASSED] - Statement - PreSaveFile = new java.io.File(((pathPrefix + java.lang.Integer.toString(counter)) + .png)): null

2018-12-07 12:36:20 - [TEST_STEP][PASSED] - Statement - counter = counter + 1: null

2018-12-07 12:36:20 - [TEST_STEP][PASSED] - Statement - PreSaveFile = new java.io.File(((pathPrefix + java.lang.Integer.toString(counter)) + .png)): null

2018-12-07 12:36:20 - [TEST_STEP][PASSED] - Statement - counter = counter + 1: null

2018-12-07 12:36:20 - [TEST_STEP][PASSED] - Statement - PreSaveFile = new java.io.File(((pathPrefix + java.lang.Integer.toString(counter)) + .png)): null

2018-12-07 12:36:20 - [TEST_STEP][PASSED] - Statement - counter = counter + 1: null

2018-12-07 12:36:20 - [TEST_STEP][PASSED] - Statement - PreSaveFile = new java.io.File(((pathPrefix + java.lang.Integer.toString(counter)) + .png)): null

2018-12-07 12:36:20 - [TEST_STEP][PASSED] - Statement - counter = counter + 1: null

2018-12-07 12:36:20 - [TEST_STEP][PASSED] - Statement - PreSaveFile = new java.io.File(((pathPrefix + java.lang.Integer.toString(counter)) + .png)): null

2018-12-07 12:36:20 - [TEST_STEP][PASSED] - Statement - counter = counter + 1: null

2018-12-07 12:36:20 - [TEST_STEP][PASSED] - Statement - PreSaveFile = new java.io.File(((pathPrefix + java.lang.Integer.toString(counter)) + .png)): null

2018-12-07 12:36:20 - [TEST_STEP][PASSED] - Statement - counter = counter + 1: null

2018-12-07 12:36:20 - [TEST_STEP][PASSED] - Statement - PreSaveFile = new java.io.File(((pathPrefix + java.lang.Integer.toString(counter)) + .png)): null

2018-12-07 12:36:20 - [TEST_STEP][PASSED] - Statement - counter = counter + 1: null

2018-12-07 12:36:20 - [TEST_STEP][PASSED] - Statement - PreSaveFile = new java.io.File(((pathPrefix + java.lang.Integer.toString(counter)) + .png)): null

2018-12-07 12:36:20 - [TEST_STEP][PASSED] - Statement - counter = counter + 1: null

2018-12-07 12:36:20 - [TEST_STEP][PASSED] - Statement - PreSaveFile = new java.io.File(((pathPrefix + java.lang.Integer.toString(counter)) + .png)): null

2018-12-07 12:36:20 - [TEST_STEP][PASSED] - Statement - counter = counter + 1: null

2018-12-07 12:36:20 - [TEST_STEP][PASSED] - Statement - PreSaveFile = new java.io.File(((pathPrefix + java.lang.Integer.toString(counter)) + .png)): null

2018-12-07 12:36:20 - [TEST_STEP][PASSED] - Statement - counter = counter + 1: null

2018-12-07 12:36:20 - [TEST_STEP][PASSED] - Statement - PreSaveFile = new java.io.File(((pathPrefix + java.lang.Integer.toString(counter)) + .png)): null

2018-12-07 12:36:20 - [TEST_STEP][PASSED] - Statement - counter = counter + 1: null

2018-12-07 12:36:20 - [TEST_STEP][PASSED] - Statement - PreSaveFile = new java.io.File(((pathPrefix + java.lang.Integer.toString(counter)) + .png)): null

2018-12-07 12:36:20 - [TEST_STEP][PASSED] - Statement - counter = counter + 1: null

2018-12-07 12:36:20 - [TEST_STEP][PASSED] - Statement - PreSaveFile = new java.io.File(((pathPrefix + java.lang.Integer.toString(counter)) + .png)): null

2018-12-07 12:36:20 - [TEST_STEP][PASSED] - Statement - counter = counter + 1: null

2018-12-07 12:36:21 - [TEST_STEP][PASSED] - Statement - PreSaveFile = new java.io.File(((pathPrefix + java.lang.Integer.toString(counter)) + .png)): null

2018-12-07 12:36:21 - [TEST_STEP][PASSED] - Statement - counter = counter + 1: null

2018-12-07 12:36:21 - [TEST_STEP][PASSED] - Statement - PreSaveFile = new java.io.File(((pathPrefix + java.lang.Integer.toString(counter)) + .png)): null

2018-12-07 12:36:21 - [TEST_STEP][PASSED] - Statement - counter = counter + 1: null

2018-12-07 12:36:21 - [TEST_STEP][PASSED] - Statement - PreSaveFile = new java.io.File(((pathPrefix + java.lang.Integer.toString(counter)) + .png)): null

2018-12-07 12:36:21 - [TEST_STEP][PASSED] - Statement - counter = counter + 1: null

2018-12-07 12:36:21 - [TEST_STEP][PASSED] - Statement - PreSaveFile = new java.io.File(((pathPrefix + java.lang.Integer.toString(counter)) + .png)): null

2018-12-07 12:36:21 - [TEST_STEP][PASSED] - Statement - counter = counter + 1: null

2018-12-07 12:36:21 - [TEST_STEP][PASSED] - Statement - PreSaveFile = new java.io.File(((pathPrefix + java.lang.Integer.toString(counter)) + .png)): null

2018-12-07 12:36:21 - [TEST_STEP][PASSED] - Statement - counter = counter + 1: null

2018-12-07 12:36:21 - [TEST_STEP][PASSED] - Statement - PreSaveFile = new java.io.File(((pathPrefix + java.lang.Integer.toString(counter)) + .png)): null

2018-12-07 12:36:21 - [TEST_STEP][PASSED] - Statement - counter = counter + 1: null

2018-12-07 12:36:21 - [TEST_STEP][PASSED] - Statement - PreSaveFile = new java.io.File(((pathPrefix + java.lang.Integer.toString(counter)) + .png)): null

2018-12-07 12:36:21 - [TEST_STEP][PASSED] - Statement - counter = counter + 1: null

2018-12-07 12:36:21 - [TEST_STEP][PASSED] - Statement - PreSaveFile = new java.io.File(((pathPrefix + java.lang.Integer.toString(counter)) + .png)): null

2018-12-07 12:36:21 - [TEST_STEP][PASSED] - Statement - counter = counter + 1: null

2018-12-07 12:36:21 - [TEST_STEP][PASSED] - Statement - PreSaveFile = new java.io.File(((pathPrefix + java.lang.Integer.toString(counter)) + .png)): null

2018-12-07 12:36:21 - [TEST_STEP][PASSED] - Statement - counter = counter + 1: null

2018-12-07 12:36:21 - [TEST_STEP][PASSED] - Statement - PreSaveFile = new java.io.File(((pathPrefix + java.lang.Integer.toString(counter)) + .png)): null

2018-12-07 12:36:21 - [TEST_STEP][PASSED] - Statement - counter = counter + 1: null

2018-12-07 12:36:21 - [TEST_STEP][PASSED] - Statement - PreSaveFile = new java.io.File(((pathPrefix + java.lang.Integer.toString(counter)) + .png)): null

2018-12-07 12:36:21 - [TEST_STEP][PASSED] - Statement - counter = counter + 1: null

2018-12-07 12:36:21 - [TEST_STEP][PASSED] - Statement - PreSaveFile = new java.io.File(((pathPrefix + java.lang.Integer.toString(counter)) + .png)): null

2018-12-07 12:36:21 - [TEST_STEP][PASSED] - Statement - counter = counter + 1: null

2018-12-07 12:36:21 - [TEST_STEP][PASSED] - Statement - PreSaveFile = new java.io.File(((pathPrefix + java.lang.Integer.toString(counter)) + .png)): null

2018-12-07 12:36:21 - [TEST_STEP][PASSED] - Statement - counter = counter + 1: null

2018-12-07 12:36:21 - [TEST_STEP][PASSED] - Statement - PreSaveFile = new java.io.File(((pathPrefix + java.lang.Integer.toString(counter)) + .png)): null

2018-12-07 12:36:21 - [TEST_STEP][PASSED] - Statement - counter = counter + 1: null

2018-12-07 12:36:22 - [TEST_STEP][PASSED] - Statement - PreSaveFile = new java.io.File(((pathPrefix + java.lang.Integer.toString(counter)) + .png)): null

2018-12-07 12:36:22 - [TEST_STEP][PASSED] - Statement - counter = counter + 1: null

2018-12-07 12:36:22 - [TEST_STEP][PASSED] - Statement - PreSaveFile = new java.io.File(((pathPrefix + java.lang.Integer.toString(counter)) + .png)): null

2018-12-07 12:36:22 - [TEST_STEP][PASSED] - Statement - counter = counter + 1: null

2018-12-07 12:36:22 - [TEST_STEP][PASSED] - Statement - PreSaveFile = new java.io.File(((pathPrefix + java.lang.Integer.toString(counter)) + .png)): null

2018-12-07 12:36:22 - [TEST_STEP][PASSED] - Statement - counter = counter + 1: null

2018-12-07 12:36:22 - [TEST_STEP][PASSED] - Statement - PreSaveFile = new java.io.File(((pathPrefix + java.lang.Integer.toString(counter)) + .png)): null

2018-12-07 12:36:22 - [TEST_STEP][PASSED] - Statement - counter = counter + 1: null

2018-12-07 12:36:22 - [TEST_STEP][PASSED] - Statement - PreSaveFile = new java.io.File(((pathPrefix + java.lang.Integer.toString(counter)) + .png)): null

2018-12-07 12:36:22 - [TEST_STEP][PASSED] - Statement - counter = counter + 1: null

2018-12-07 12:36:22 - [TEST_STEP][PASSED] - Statement - PreSaveFile = new java.io.File(((pathPrefix + java.lang.Integer.toString(counter)) + .png)): null

2018-12-07 12:36:22 - [TEST_STEP][PASSED] - Statement - counter = counter + 1: null

2018-12-07 12:36:22 - [TEST_STEP][PASSED] - Statement - PreSaveFile = new java.io.File(((pathPrefix + java.lang.Integer.toString(counter)) + .png)): null

2018-12-07 12:36:22 - [TEST_STEP][PASSED] - Statement - counter = counter + 1: null

2018-12-07 12:36:22 - [TEST_STEP][PASSED] - Statement - PreSaveFile = new java.io.File(((pathPrefix + java.lang.Integer.toString(counter)) + .png)): null

2018-12-07 12:36:22 - [TEST_STEP][PASSED] - Statement - counter = counter + 1: null

2018-12-07 12:36:22 - [TEST_STEP][PASSED] - Statement - PreSaveFile = new java.io.File(((pathPrefix + java.lang.Integer.toString(counter)) + .png)): null

2018-12-07 12:36:22 - [TEST_STEP][PASSED] - Statement - counter = counter + 1: null

2018-12-07 12:36:22 - [TEST_STEP][PASSED] - Statement - PreSaveFile = new java.io.File(((pathPrefix + java.lang.Integer.toString(counter)) + .png)): null

2018-12-07 12:36:22 - [TEST_STEP][PASSED] - Statement - counter = counter + 1: null

2018-12-07 12:36:22 - [TEST_STEP][PASSED] - Statement - PreSaveFile = new java.io.File(((pathPrefix + java.lang.Integer.toString(counter)) + .png)): null

2018-12-07 12:36:22 - [TEST_STEP][PASSED] - Statement - counter = counter + 1: null

2018-12-07 12:36:22 - [TEST_STEP][PASSED] - Statement - PreSaveFile = new java.io.File(((pathPrefix + java.lang.Integer.toString(counter)) + .png)): null

2018-12-07 12:36:22 - [TEST_STEP][PASSED] - Statement - counter = counter + 1: null

2018-12-07 12:36:22 - [TEST_STEP][PASSED] - Statement - PreSaveFile = new java.io.File(((pathPrefix + java.lang.Integer.toString(counter)) + .png)): null

2018-12-07 12:36:22 - [TEST_STEP][PASSED] - Statement - counter = counter + 1: null

2018-12-07 12:36:22 - [TEST_STEP][PASSED] - Statement - PreSaveFile = new java.io.File(((pathPrefix + java.lang.Integer.toString(counter)) + .png)): null

2018-12-07 12:36:22 - [TEST_STEP][PASSED] - Statement - counter = counter + 1: null

2018-12-07 12:36:23 - [TEST_STEP][PASSED] - Statement - PreSaveFile = new java.io.File(((pathPrefix + java.lang.Integer.toString(counter)) + .png)): null

2018-12-07 12:36:23 - [TEST_STEP][PASSED] - Statement - counter = counter + 1: null

2018-12-07 12:36:23 - [TEST_STEP][PASSED] - Statement - PreSaveFile = new java.io.File(((pathPrefix + java.lang.Integer.toString(counter)) + .png)): null

2018-12-07 12:36:23 - [TEST_STEP][PASSED] - Statement - counter = counter + 1: null

2018-12-07 12:36:23 - [TEST_STEP][PASSED] - Statement - PreSaveFile = new java.io.File(((pathPrefix + java.lang.Integer.toString(counter)) + .png)): null

2018-12-07 12:36:23 - [TEST_STEP][PASSED] - Statement - counter = counter + 1: null

2018-12-07 12:36:23 - [TEST_STEP][PASSED] - Statement - PreSaveFile = new java.io.File(((pathPrefix + java.lang.Integer.toString(counter)) + .png)): null

2018-12-07 12:36:23 - [TEST_STEP][PASSED] - Statement - counter = counter + 1: null

2018-12-07 12:36:23 - [TEST_STEP][PASSED] - Statement - PreSaveFile = new java.io.File(((pathPrefix + java.lang.Integer.toString(counter)) + .png)): null

2018-12-07 12:36:23 - [TEST_STEP][PASSED] - Statement - counter = counter + 1: null

2018-12-07 12:36:23 - [TEST_STEP][PASSED] - Statement - PreSaveFile = new java.io.File(((pathPrefix + java.lang.Integer.toString(counter)) + .png)): null

2018-12-07 12:36:23 - [TEST_STEP][PASSED] - Statement - counter = counter + 1: null

2018-12-07 12:36:23 - [TEST_STEP][PASSED] - Statement - PreSaveFile = new java.io.File(((pathPrefix + java.lang.Integer.toString(counter)) + .png)): null

2018-12-07 12:36:23 - [TEST_STEP][PASSED] - Statement - counter = counter + 1: null

2018-12-07 12:36:23 - [TEST_STEP][PASSED] - Statement - PreSaveFile = new java.io.File(((pathPrefix + java.lang.Integer.toString(counter)) + .png)): null

2018-12-07 12:36:23 - [TEST_STEP][PASSED] - Statement - counter = counter + 1: null

2018-12-07 12:36:23 - [TEST_STEP][PASSED] - Statement - PreSaveFile = new java.io.File(((pathPrefix + java.lang.Integer.toString(counter)) + .png)): null

2018-12-07 12:36:23 - [TEST_STEP][PASSED] - Statement - counter = counter + 1: null

2018-12-07 12:36:23 - [TEST_STEP][PASSED] - Statement - PreSaveFile = new java.io.File(((pathPrefix + java.lang.Integer.toString(counter)) + .png)): null

2018-12-07 12:36:23 - [TEST_STEP][PASSED] - Statement - counter = counter + 1: null

2018-12-07 12:36:23 - [TEST_STEP][PASSED] - Statement - PreSaveFile = new java.io.File(((pathPrefix + java.lang.Integer.toString(counter)) + .png)): null

2018-12-07 12:36:23 - [TEST_STEP][PASSED] - Statement - counter = counter + 1: null

2018-12-07 12:36:23 - [TEST_STEP][PASSED] - Statement - PreSaveFile = new java.io.File(((pathPrefix + java.lang.Integer.toString(counter)) + .png)): null

2018-12-07 12:36:23 - [TEST_STEP][PASSED] - Statement - counter = counter + 1: null

2018-12-07 12:36:23 - [TEST_STEP][PASSED] - Statement - PreSaveFile = new java.io.File(((pathPrefix + java.lang.Integer.toString(counter)) + .png)): null

2018-12-07 12:36:23 - [TEST_STEP][PASSED] - Statement - counter = counter + 1: null

2018-12-07 12:36:23 - [TEST_STEP][PASSED] - Statement - PreSaveFile = new java.io.File(((pathPrefix + java.lang.Integer.toString(counter)) + .png)): null

2018-12-07 12:36:23 - [TEST_STEP][PASSED] - Statement - counter = counter + 1: null

2018-12-07 12:36:23 - [TEST_STEP][PASSED] - Statement - PreSaveFile = new java.io.File(((pathPrefix + java.lang.Integer.toString(counter)) + .png)): null

2018-12-07 12:36:23 - [TEST_STEP][PASSED] - Statement - counter = counter + 1: null

2018-12-07 12:36:24 - [TEST_STEP][PASSED] - Statement - PreSaveFile = new java.io.File(((pathPrefix + java.lang.Integer.toString(counter)) + .png)): null

2018-12-07 12:36:24 - [TEST_STEP][PASSED] - Statement - counter = counter + 1: null

2018-12-07 12:36:24 - [TEST_STEP][PASSED] - Statement - PreSaveFile = new java.io.File(((pathPrefix + java.lang.Integer.toString(counter)) + .png)): null

2018-12-07 12:36:24 - [TEST_STEP][PASSED] - Statement - counter = counter + 1: null

2018-12-07 12:36:24 - [TEST_STEP][PASSED] - Statement - PreSaveFile = new java.io.File(((pathPrefix + java.lang.Integer.toString(counter)) + .png)): null

2018-12-07 12:36:24 - [TEST_STEP][PASSED] - Statement - counter = counter + 1: null

2018-12-07 12:36:24 - [TEST_STEP][PASSED] - Statement - PreSaveFile = new java.io.File(((pathPrefix + java.lang.Integer.toString(counter)) + .png)): null

2018-12-07 12:36:24 - [TEST_STEP][PASSED] - Statement - counter = counter + 1: null

2018-12-07 12:36:24 - [TEST_STEP][PASSED] - Statement - PreSaveFile = new java.io.File(((pathPrefix + java.lang.Integer.toString(counter)) + .png)): null

2018-12-07 12:36:24 - [TEST_STEP][PASSED] - Statement - counter = counter + 1: null

2018-12-07 12:36:24 - [TEST_STEP][PASSED] - Statement - PreSaveFile = new java.io.File(((pathPrefix + java.lang.Integer.toString(counter)) + .png)): null

2018-12-07 12:36:24 - [TEST_STEP][PASSED] - Statement - counter = counter + 1: null

2018-12-07 12:36:24 - [TEST_STEP][PASSED] - Statement - PreSaveFile = new java.io.File(((pathPrefix + java.lang.Integer.toString(counter)) + .png)): null

2018-12-07 12:36:24 - [TEST_STEP][PASSED] - Statement - counter = counter + 1: null

2018-12-07 12:36:24 - [TEST_STEP][PASSED] - Statement - PreSaveFile = new java.io.File(((pathPrefix + java.lang.Integer.toString(counter)) + .png)): null

2018-12-07 12:36:24 - [TEST_STEP][PASSED] - Statement - counter = counter + 1: null

2018-12-07 12:36:24 - [TEST_STEP][PASSED] - Statement - PreSaveFile = new java.io.File(((pathPrefix + java.lang.Integer.toString(counter)) + .png)): null

2018-12-07 12:36:24 - [TEST_STEP][PASSED] - Statement - counter = counter + 1: null

2018-12-07 12:36:24 - [TEST_STEP][PASSED] - Statement - PreSaveFile = new java.io.File(((pathPrefix + java.lang.Integer.toString(counter)) + .png)): null

2018-12-07 12:36:24 - [TEST_STEP][PASSED] - Statement - counter = counter + 1: null

2018-12-07 12:36:24 - [TEST_STEP][PASSED] - Statement - PreSaveFile = new java.io.File(((pathPrefix + java.lang.Integer.toString(counter)) + .png)): null

2018-12-07 12:36:24 - [TEST_STEP][PASSED] - Statement - counter = counter + 1: null

2018-12-07 12:36:24 - [TEST_STEP][PASSED] - Statement - PreSaveFile = new java.io.File(((pathPrefix + java.lang.Integer.toString(counter)) + .png)): null

2018-12-07 12:36:24 - [TEST_STEP][PASSED] - Statement - counter = counter + 1: null

2018-12-07 12:36:24 - [TEST_STEP][PASSED] - Statement - PreSaveFile = new java.io.File(((pathPrefix + java.lang.Integer.toString(counter)) + .png)): null

2018-12-07 12:36:24 - [TEST_STEP][PASSED] - Statement - counter = counter + 1: null

2018-12-07 12:36:24 - [TEST_STEP][PASSED] - Statement - PreSaveFile = new java.io.File(((pathPrefix + java.lang.Integer.toString(counter)) + .png)): null

2018-12-07 12:36:24 - [TEST_STEP][PASSED] - Statement - counter = counter + 1: null

2018-12-07 12:36:25 - [TEST_STEP][PASSED] - Statement - PreSaveFile = new java.io.File(((pathPrefix + java.lang.Integer.toString(counter)) + .png)): null

2018-12-07 12:36:25 - [TEST_STEP][PASSED] - Statement - counter = counter + 1: null

2018-12-07 12:36:25 - [TEST_STEP][PASSED] - Statement - PreSaveFile = new java.io.File(((pathPrefix + java.lang.Integer.toString(counter)) + .png)): null

2018-12-07 12:36:25 - [TEST_STEP][PASSED] - Statement - counter = counter + 1: null

2018-12-07 12:36:25 - [TEST_STEP][PASSED] - Statement - PreSaveFile = new java.io.File(((pathPrefix + java.lang.Integer.toString(counter)) + .png)): null

2018-12-07 12:36:25 - [TEST_STEP][PASSED] - Statement - counter = counter + 1: null

2018-12-07 12:36:25 - [TEST_STEP][PASSED] - Statement - PreSaveFile = new java.io.File(((pathPrefix + java.lang.Integer.toString(counter)) + .png)): null

2018-12-07 12:36:25 - [TEST_STEP][PASSED] - Statement - counter = counter + 1: null

2018-12-07 12:36:25 - [TEST_STEP][PASSED] - Statement - PreSaveFile = new java.io.File(((pathPrefix + java.lang.Integer.toString(counter)) + .png)): null

2018-12-07 12:36:25 - [TEST_STEP][PASSED] - Statement - counter = counter + 1: null

2018-12-07 12:36:25 - [TEST_STEP][PASSED] - Statement - PreSaveFile = new java.io.File(((pathPrefix + java.lang.Integer.toString(counter)) + .png)): null

2018-12-07 12:36:25 - [TEST_STEP][PASSED] - Statement - counter = counter + 1: null

2018-12-07 12:36:25 - [TEST_STEP][PASSED] - Statement - PreSaveFile = new java.io.File(((pathPrefix + java.lang.Integer.toString(counter)) + .png)): null

2018-12-07 12:36:25 - [TEST_STEP][PASSED] - Statement - counter = counter + 1: null

2018-12-07 12:36:25 - [TEST_STEP][PASSED] - Statement - PreSaveFile = new java.io.File(((pathPrefix + java.lang.Integer.toString(counter)) + .png)): null

2018-12-07 12:36:25 - [TEST_STEP][PASSED] - Statement - counter = counter + 1: null

2018-12-07 12:36:25 - [TEST_STEP][PASSED] - Statement - PreSaveFile = new java.io.File(((pathPrefix + java.lang.Integer.toString(counter)) + .png)): null

2018-12-07 12:36:25 - [TEST_STEP][PASSED] - Statement - counter = counter + 1: null

2018-12-07 12:36:25 - [TEST_STEP][PASSED] - Statement - PreSaveFile = new java.io.File(((pathPrefix + java.lang.Integer.toString(counter)) + .png)): null

2018-12-07 12:36:25 - [TEST_STEP][PASSED] - Statement - counter = counter + 1: null

2018-12-07 12:36:25 - [TEST_STEP][PASSED] - Statement - PreSaveFile = new java.io.File(((pathPrefix + java.lang.Integer.toString(counter)) + .png)): null

2018-12-07 12:36:25 - [TEST_STEP][PASSED] - Statement - counter = counter + 1: null

2018-12-07 12:36:25 - [TEST_STEP][PASSED] - Statement - PreSaveFile = new java.io.File(((pathPrefix + java.lang.Integer.toString(counter)) + .png)): null

2018-12-07 12:36:25 - [TEST_STEP][PASSED] - Statement - counter = counter + 1: null

2018-12-07 12:36:25 - [TEST_STEP][PASSED] - Statement - PreSaveFile = new java.io.File(((pathPrefix + java.lang.Integer.toString(counter)) + .png)): null

2018-12-07 12:36:25 - [TEST_STEP][PASSED] - Statement - counter = counter + 1: null

2018-12-07 12:36:25 - [TEST_STEP][PASSED] - Statement - PreSaveFile = new java.io.File(((pathPrefix + java.lang.Integer.toString(counter)) + .png)): null

2018-12-07 12:36:25 - [TEST_STEP][PASSED] - Statement - counter = counter + 1: null

2018-12-07 12:36:25 - [TEST_STEP][PASSED] - Statement - PreSaveFile = new java.io.File(((pathPrefix + java.lang.Integer.toString(counter)) + .png)): null

2018-12-07 12:36:26 - [TEST_STEP][PASSED] - Statement - counter = counter + 1: null

2018-12-07 12:36:26 - [TEST_STEP][PASSED] - Statement - PreSaveFile = new java.io.File(((pathPrefix + java.lang.Integer.toString(counter)) + .png)): null

2018-12-07 12:36:26 - [TEST_STEP][PASSED] - Statement - counter = counter + 1: null

2018-12-07 12:36:26 - [TEST_STEP][PASSED] - Statement - PreSaveFile = new java.io.File(((pathPrefix + java.lang.Integer.toString(counter)) + .png)): null

2018-12-07 12:36:26 - [TEST_STEP][PASSED] - Statement - finalPath = pathPrefix + java.lang.Integer.toString(counter) + ".png": null

2018-12-07 12:36:26 - [TEST_STEP][PASSED] - Statement - SaveFile = new java.io.File(finalPath): null

2018-12-07 12:36:26 - [TEST_STEP][PASSED] - Statement - Try: null

2018-12-07 12:36:26 - [TEST_STEP][PASSED] - Statement - org.apache.commons.io.FileUtils.copyFile(scrFile, SaveFile): null

2018-12-07 12:36:26 - [TEST_STEP][PASSED] - Statement - out.println("file kept"): null

2018-12-07 12:36:26 - [TEST_STEP][PASSED] - delay: Delayed 10 second(s)

2018-12-07 12:36:36 - [MESSAGE][PASSED] - Delayed 10 second(s)

2018-12-07 12:36:36 - [MESSAGE][PASSED] - Call Test Case 'Test Cases/Final Aug 2018 - PKS Automation/Registration Module/New Registration/Submit and Screenshot/Submit Registration and Screenshot - Copy' successfully

2018-12-07 12:36:36 - [TEST_STEP][PASSED] - Statement - UpdateAddNewECode = com.kms.katalon.core.webui.keyword.WebUiBuiltInKeywords.getText(com.kms.katalon.core.testobject.ObjectRepository.findTestObject(Object Repository/Final Object Repo/Page_Update Add New Employee - ASSIST/getEmpCode)): Text of object 'Object Repository/Final Object Repo/Page_Update Add New Employee - ASSIST/getEmpCode' is: 'E1102070674B'

2018-12-07 12:36:36 - [MESSAGE][PASSED] - Text of object 'Object Repository/Final Object Repo/Page_Update Add New Employee - ASSIST/getEmpCode' is: 'E1102070674B'

2018-12-07 12:36:36 - [TEST_STEP][PASSED] - callTestCase: Call Test Case 'Test Cases/Final Aug 2018 - PKS Automation/Common/Emp Code Setter' successfully

2018-12-07 12:36:36 - [TEST_CASE][PASSED] - Test Cases/Final Aug 2018 - PKS Automation/Common/Emp Code Setter: Test Cases/Final Aug 2018 - PKS Automation/Common/Emp Code Setter

2018-12-07 12:36:36 - [TEST_STEP][PASSED] - Statement - EmpCodeOld = new java.io.File(C://Users//Admin//Desktop//PKS//Automation Reference Point//EmpCode.txt): null

2018-12-07 12:36:36 - [TEST_STEP][PASSED] - Statement - EmpCodeOld.delete(): null

2018-12-07 12:36:36 - [TEST_STEP][PASSED] - Statement - EmpCode = new java.io.File(C://Users//Admin//Desktop//PKS//Automation Reference Point//EmpCode.txt): null

2018-12-07 12:36:36 - [TEST_STEP][PASSED] - Statement - f2 = new java.io.FileWriter(EmpCode, false): null

2018-12-07 12:36:36 - [TEST_STEP][PASSED] - Statement - f2.write(UpdateAddNewECode): null

2018-12-07 12:36:36 - [TEST_STEP][PASSED] - Statement - f2.close(): null

2018-12-07 12:36:36 - [TEST_STEP][PASSED] - Statement - out.println("


" + UpdateAddNewECode + "


"): null

2018-12-07 12:36:36 - [MESSAGE][PASSED] - Call Test Case 'Test Cases/Final Aug 2018 - PKS Automation/Common/Emp Code Setter' successfully

2018-12-07 12:36:36 - [MESSAGE][PASSED] - Call Test Case 'Test Cases/Final Aug 2018 - PKS Automation/Registration Module/Workflow/Update Add New Employee/Template/New Company for Update Add New' successfully

2018-12-07 12:36:36 - [TEST_STEP][PASSED] - callTestCase: Call Test Case 'Test Cases/Final Aug 2018 - PKS Automation/Registration Module/Log Out/log out avoiding katalon tagging' successfully

2018-12-07 12:36:36 - [TEST_CASE][PASSED] - Test Cases/Final Aug 2018 - PKS Automation/Registration Module/Log Out/log out avoiding katalon tagging: Test Cases/Final Aug 2018 - PKS Automation/Registration Module/Log Out/log out avoiding katalon tagging

2018-12-07 12:36:36 - [TEST_STEP][PASSED] - navigateToUrl: Navigate to 'https://assist2-uat.perkeso.gov.my/c/portal/logout' successfully

2018-12-07 12:36:37 - [MESSAGE][PASSED] - Navigate to 'https://assist2-uat.perkeso.gov.my/c/portal/logout' successfully

2018-12-07 12:36:37 - [MESSAGE][PASSED] - Call Test Case 'Test Cases/Final Aug 2018 - PKS Automation/Registration Module/Log Out/log out avoiding katalon tagging' successfully

2018-12-07 12:36:37 - [TEST_STEP][PASSED] - callTestCase: Call Test Case 'Test Cases/Final Aug 2018 - PKS Automation/Registration Module/New Registration/Form 2/Date Updater' successfully

2018-12-07 12:36:37 - [TEST_CASE][PASSED] - Test Cases/Final Aug 2018 - PKS Automation/Registration Module/New Registration/Form 2/Date Updater: Test Cases/Final Aug 2018 - PKS Automation/Registration Module/New Registration/Form 2/Date Updater

2018-12-07 12:36:37 - [TEST_STEP][PASSED] - Statement - TodayDate = new java.util.Date(): null

2018-12-07 12:36:37 - [TEST_STEP][PASSED] - Statement - CurrentDateNoFilter = new java.text.SimpleDateFormat(): null

2018-12-07 12:36:37 - [TEST_STEP][PASSED] - Statement - CurrentDateNoFilter.applyPattern("MM"): null

2018-12-07 12:36:37 - [TEST_STEP][PASSED] - Statement - monthContainerMatcher = java.lang.Integer.parseInt(CurrentDateNoFilter.format(TodayDate)): null

2018-12-07 12:36:37 - [TEST_STEP][PASSED] - Statement - monthContainerMatcher = monthContainerMatcher - 1: null

2018-12-07 12:36:37 - [TEST_STEP][PASSED] - Statement - CurrentMonth = monthContainerMatcher.toString(): null

2018-12-07 12:36:37 - [TEST_STEP][PASSED] - Statement - CurrentMonth = CurrentMonth: null

2018-12-07 12:36:37 - [TEST_STEP][PASSED] - Statement - CurrentDateNoFilter.applyPattern("yyyy"): null

2018-12-07 12:36:37 - [TEST_STEP][PASSED] - Statement - CurrentYear = CurrentDateNoFilter.format(TodayDate): null

2018-12-07 12:36:37 - [TEST_STEP][PASSED] - Statement - CurrentYear = CurrentYear: null

2018-12-07 12:36:37 - [TEST_STEP][PASSED] - Statement - intCurrentYear = java.lang.Integer.parseInt(CurrentDateNoFilter.format(TodayDate)): null

2018-12-07 12:36:37 - [TEST_STEP][PASSED] - Statement - eighteenYrsAgo = intCurrentYear - 18: null

2018-12-07 12:36:37 - [TEST_STEP][PASSED] - Statement - eighteenYrsBeforeThisYr = eighteenYrsAgo.toString(): null

2018-12-07 12:36:37 - [TEST_STEP][PASSED] - Statement - EighteenYrsBefore = eighteenYrsBeforeThisYr: null

2018-12-07 12:36:37 - [TEST_STEP][PASSED] - Statement - fiftysevenYrsAgo = intCurrentYear - 57: null

2018-12-07 12:36:37 - [TEST_STEP][PASSED] - Statement - fiftysevenYrsBeforeThisYr = fiftysevenYrsAgo.toString(): null

2018-12-07 12:36:37 - [TEST_STEP][PASSED] - Statement - FiftysevenYrsBefore = fiftysevenYrsBeforeThisYr: null

2018-12-07 12:36:37 - [TEST_STEP][PASSED] - Statement - leapYear = false: null

2018-12-07 12:36:37 - [TEST_STEP][PASSED] - Statement - leapYear = intCurrentYear % 4 == 0: null

2018-12-07 12:36:37 - [TEST_STEP][PASSED] - Statement - CurrentDateNoFilter.applyPattern("dd"): null

2018-12-07 12:36:37 - [TEST_STEP][PASSED] - Statement - CurrentDate = CurrentDateNoFilter.format(TodayDate): null

2018-12-07 12:36:37 - [TEST_STEP][PASSED] - Statement - CurrentDate = java.lang.Integer.parseInt(CurrentDate): null

2018-12-07 12:36:37 - [TEST_STEP][PASSED] - Statement - CurrentDate = CurrentDate: null

2018-12-07 12:36:37 - [TEST_STEP][PASSED] - Statement - CurrentDay = java.lang.Integer.parseInt(CurrentDate): null

2018-12-07 12:36:37 - [TEST_STEP][PASSED] - Statement - ConfAdder = <not implemented yet for class: org.codehaus.groovy.ast.expr.EmptyExpression>: null

2018-12-07 12:36:37 - [TEST_STEP][PASSED] - Statement - out.println(CurrentMonth): null

2018-12-07 12:36:37 - [TEST_STEP][PASSED] - Statement - out.println(CurrentDate): null

2018-12-07 12:36:37 - [TEST_STEP][PASSED] - Statement - switch (CurrentDate): null

2018-12-07 12:36:37 - [TEST_STEP][PASSED] - Statement - Default: null

2018-12-07 12:36:37 - [TEST_STEP][PASSED] - Statement - ConfAdder = true: null

2018-12-07 12:36:37 - [TEST_STEP][PASSED] - Statement - Break: null

2018-12-07 12:36:37 - [TEST_STEP][PASSED] - Statement - aDayBefore = <not implemented yet for class: org.codehaus.groovy.ast.expr.EmptyExpression>: null

2018-12-07 12:36:37 - [TEST_STEP][PASSED] - Statement - out.println(ConfAdder): null

2018-12-07 12:36:37 - [TEST_STEP][PASSED] - Statement - If (ConfAdder == true): null

2018-12-07 12:36:37 - [TEST_STEP][PASSED] - Statement - aDayBefore = CurrentDay + 1: null

2018-12-07 12:36:37 - [TEST_STEP][PASSED] - Statement - out.println(aDayBefore): null

2018-12-07 12:36:37 - [TEST_STEP][PASSED] - Statement - If (aDayBefore == 1 && CurrentMonth == 11): null

2018-12-07 12:36:37 - [TEST_STEP][PASSED] - Statement - DayBefore = aDayBefore.toString(): null

2018-12-07 12:36:37 - [TEST_STEP][PASSED] - Statement - OneDayBefore = DayBefore: null

2018-12-07 12:36:37 - [MESSAGE][PASSED] - Call Test Case 'Test Cases/Final Aug 2018 - PKS Automation/Registration Module/New Registration/Form 2/Date Updater' successfully

2018-12-07 12:36:37 - [TEST_STEP][PASSED] - delay: Delayed 2 second(s)

2018-12-07 12:36:39 - [MESSAGE][PASSED] - Delayed 2 second(s)

2018-12-07 12:36:39 - [TEST_STEP][PASSED] - setText: Text 'klotc2@gmail.com' is set on object 'Object Repository/Final Object Repo/Page_Update Add New Employee - ASSIST/Email TextBox'

2018-12-07 12:36:39 - [MESSAGE][PASSED] - Text 'klotc2@gmail.com' is set on object 'Object Repository/Final Object Repo/Page_Update Add New Employee - ASSIST/Email TextBox'

2018-12-07 12:36:39 - [TEST_STEP][PASSED] - click: Object: 'Object Repository/Final Object Repo/Page_Update Add New Employee - ASSIST/Next Button' is clicked on

2018-12-07 12:36:40 - [MESSAGE][PASSED] - Object: 'Object Repository/Final Object Repo/Page_Update Add New Employee - ASSIST/Next Button' is clicked on

2018-12-07 12:36:40 - [TEST_STEP][PASSED] - delay: Delayed 2 second(s)

2018-12-07 12:36:42 - [MESSAGE][PASSED] - Delayed 2 second(s)

2018-12-07 12:36:42 - [TEST_STEP][PASSED] - setText: Text 'Test1@3456789' is set on object 'Object Repository/Final Object Repo/Page_Update Add New Employee - ASSIST/Password TextBox'

2018-12-07 12:36:42 - [MESSAGE][PASSED] - Text 'Test1@3456789' is set on object 'Object Repository/Final Object Repo/Page_Update Add New Employee - ASSIST/Password TextBox'

2018-12-07 12:36:42 - [TEST_STEP][PASSED] - delay: Delayed 2 second(s)

2018-12-07 12:36:44 - [MESSAGE][PASSED] - Delayed 2 second(s)

2018-12-07 12:36:44 - [TEST_STEP][PASSED] - click: Object: 'Object Repository/Final Object Repo/Page_Update Add New Employee - ASSIST/Login Button' is clicked on

2018-12-07 12:36:44 - [MESSAGE][PASSED] - Object: 'Object Repository/Final Object Repo/Page_Update Add New Employee - ASSIST/Login Button' is clicked on

2018-12-07 12:36:44 - [TEST_STEP][PASSED] - delay: Delayed 4 second(s)

2018-12-07 12:36:48 - [MESSAGE][PASSED] - Delayed 4 second(s)

2018-12-07 12:36:48 - [TEST_STEP][PASSED] - Statement - Try: Delayed 2 second(s)

2018-12-07 12:36:48 - [TEST_STEP][PASSED] - Statement - Checker = false: null

2018-12-07 12:36:48 - [TEST_STEP][PASSED] - Statement - Checker = com.kms.katalon.core.webui.keyword.WebUiBuiltInKeywords.verifyElementHasAttribute(com.kms.katalon.core.testobject.ObjectRepository.findTestObject(Final Object Repo/Landing Page/BM Detecting), "href", 20, OPTIONAL): Object 'Object Repository/Final Object Repo/Landing Page/BM Detecting' has attribute 'href'

2018-12-07 12:36:48 - [MESSAGE][PASSED] - Object 'Object Repository/Final Object Repo/Landing Page/BM Detecting' has attribute 'href'

2018-12-07 12:36:48 - [TEST_STEP][PASSED] - Statement - out.println(Checker): null

2018-12-07 12:36:48 - [TEST_STEP][PASSED] - Statement - If (Checker == false): null

2018-12-07 12:36:48 - [TEST_STEP][PASSED] - Statement - Else: null

2018-12-07 12:36:48 - [TEST_STEP][PASSED] - delay: Delayed 2 second(s)

2018-12-07 12:36:50 - [MESSAGE][PASSED] - Delayed 2 second(s)

2018-12-07 12:36:50 - [TEST_STEP][PASSED] - delay: Delayed 4 second(s)

2018-12-07 12:36:54 - [MESSAGE][PASSED] - Delayed 4 second(s)

2018-12-07 12:36:54 - [TEST_STEP][PASSED] - click: Object: 'Object Repository/Final Object Repo/Page_Update Add New Employee - ASSIST/My Sites Drop Down' is clicked on

2018-12-07 12:36:54 - [MESSAGE][PASSED] - Object: 'Object Repository/Final Object Repo/Page_Update Add New Employee - ASSIST/My Sites Drop Down' is clicked on

2018-12-07 12:36:54 - [TEST_STEP][PASSED] - click: Object: 'Object Repository/Final Object Repo/Page_Update Add New Employee - ASSIST/Select to Registration Module' is clicked on

2018-12-07 12:36:55 - [MESSAGE][PASSED] - Object: 'Object Repository/Final Object Repo/Page_Update Add New Employee - ASSIST/Select to Registration Module' is clicked on

2018-12-07 12:36:55 - [TEST_STEP][PASSED] - navigateToUrl: Navigate to 'https://assist2-uat.perkeso.gov.my/web/registration/myassist' successfully

2018-12-07 12:36:56 - [MESSAGE][PASSED] - Navigate to 'https://assist2-uat.perkeso.gov.my/web/registration/myassist' successfully

2018-12-07 12:36:56 - [TEST_STEP][PASSED] - mouseOver: Object: 'Object Repository/Final Object Repo/Page_Update Add New Employee - ASSIST/Select to Update Akta 4 Tab' is hovered

2018-12-07 12:36:56 - [MESSAGE][PASSED] - Object: 'Object Repository/Final Object Repo/Page_Update Add New Employee - ASSIST/Select to Update Akta 4 Tab' is hovered

2018-12-07 12:36:56 - [TEST_STEP][PASSED] - delay: Delayed 2 second(s)

2018-12-07 12:36:58 - [MESSAGE][PASSED] - Delayed 2 second(s)

2018-12-07 12:36:58 - [TEST_STEP][PASSED] - click: Object: 'Object Repository/Final Object Repo/Page_Update Add New Employee - ASSIST/Select to Update Add New Employee' is clicked on

2018-12-07 12:36:59 - [MESSAGE][PASSED] - Object: 'Object Repository/Final Object Repo/Page_Update Add New Employee - ASSIST/Select to Update Add New Employee' is clicked on

2018-12-07 12:36:59 - [TEST_STEP][PASSED] - delay: Delayed 2 second(s)

2018-12-07 12:37:01 - [MESSAGE][PASSED] - Delayed 2 second(s)

2018-12-07 12:37:01 - [TEST_STEP][PASSED] - setText: Text 'E1102070674B' is set on object 'Object Repository/Final Object Repo/Page_Update Add New Employee - ASSIST/Employer Code input textbox'

2018-12-07 12:37:01 - [MESSAGE][PASSED] - Text 'E1102070674B' is set on object 'Object Repository/Final Object Repo/Page_Update Add New Employee - ASSIST/Employer Code input textbox'

2018-12-07 12:37:01 - [TEST_STEP][PASSED] - delay: Delayed 2 second(s)

2018-12-07 12:37:03 - [MESSAGE][PASSED] - Delayed 2 second(s)

2018-12-07 12:37:03 - [TEST_STEP][PASSED] - click: Object: 'Object Repository/Final Object Repo/Page_Update Add New Employee - ASSIST/Search Button for Employer Code' is clicked on

2018-12-07 12:37:03 - [MESSAGE][PASSED] - Object: 'Object Repository/Final Object Repo/Page_Update Add New Employee - ASSIST/Search Button for Employer Code' is clicked on

2018-12-07 12:37:03 - [TEST_STEP][PASSED] - delay: Delayed 4 second(s)

2018-12-07 12:37:07 - [MESSAGE][PASSED] - Delayed 4 second(s)

2018-12-07 12:37:07 - [TEST_STEP][PASSED] - click: Object: 'Object Repository/Final Object Repo/Page_Update Add New Employee - ASSIST/Click to Edit Case' is clicked on

2018-12-07 12:37:09 - [MESSAGE][PASSED] - Object: 'Object Repository/Final Object Repo/Page_Update Add New Employee - ASSIST/Click to Edit Case' is clicked on

2018-12-07 12:37:09 - [TEST_STEP][PASSED] - delay: Delayed 2 second(s)

2018-12-07 12:37:11 - [MESSAGE][PASSED] - Delayed 2 second(s)

2018-12-07 12:37:11 - [TEST_STEP][PASSED] - callTestCase: Call Test Case 'Test Cases/Final Aug 2018 - PKS Automation/Registration Module/Workflow/Update Add New Employee/Template/Employee Adding/Employee Set Decider' successfully

2018-12-07 12:37:12 - [TEST_CASE][PASSED] - Test Cases/Final Aug 2018 - PKS Automation/Registration Module/Workflow/Update Add New Employee/Template/Employee Adding/Employee Set Decider: Test Cases/Final Aug 2018 - PKS Automation/Registration Module/Workflow/Update Add New Employee/Template/Employee Adding/Employee Set Decider

2018-12-07 12:37:12 - [TEST_STEP][PASSED] - delay: Delayed 4 second(s)

2018-12-07 12:37:16 - [MESSAGE][PASSED] - Delayed 4 second(s)

2018-12-07 12:37:16 - [TEST_STEP][PASSED] - click: Object: 'Object Repository/Final Object Repo/Page_Update Add New Employee - ASSIST/Add Employee Button' is clicked on

2018-12-07 12:37:16 - [MESSAGE][PASSED] - Object: 'Object Repository/Final Object Repo/Page_Update Add New Employee - ASSIST/Add Employee Button' is clicked on

2018-12-07 12:37:16 - [TEST_STEP][PASSED] - delay: Delayed 3 second(s)

2018-12-07 12:37:19 - [MESSAGE][PASSED] - Delayed 3 second(s)

2018-12-07 12:37:19 - [TEST_STEP][PASSED] - setText: Text '010903091920' is set on object 'Object Repository/Final Object Repo/Page_Update Add New Employee - ASSIST/NRIC Input'

2018-12-07 12:37:19 - [MESSAGE][PASSED] - Text '010903091920' is set on object 'Object Repository/Final Object Repo/Page_Update Add New Employee - ASSIST/NRIC Input'

2018-12-07 12:37:19 - [TEST_STEP][PASSED] - click: Object: 'Object Repository/Final Object Repo/Page_Update Add New Employee - ASSIST/button for search for IC' is clicked on

2018-12-07 12:37:19 - [MESSAGE][PASSED] - Object: 'Object Repository/Final Object Repo/Page_Update Add New Employee - ASSIST/button for search for IC' is clicked on

2018-12-07 12:37:19 - [TEST_STEP][PASSED] - delay: Delayed 2 second(s)

2018-12-07 12:37:21 - [MESSAGE][PASSED] - Delayed 2 second(s)

2018-12-07 12:37:21 - [TEST_STEP][PASSED] - sendKeys: Keys 'CONTROL + a' sent to object: 'Object Repository/Final Object Repo/Page_Update Add New Employee - ASSIST/Employee Name Input'

2018-12-07 12:37:22 - [MESSAGE][PASSED] - Keys 'CONTROL + a' sent to object: 'Object Repository/Final Object Repo/Page_Update Add New Employee - ASSIST/Employee Name Input'

2018-12-07 12:37:22 - [TEST_STEP][PASSED] - sendKeys: Keys 'CONTROL + c' sent to object: 'Object Repository/Final Object Repo/Page_Update Add New Employee - ASSIST/Employee Name Input'

2018-12-07 12:37:22 - [MESSAGE][PASSED] - Keys 'CONTROL + c' sent to object: 'Object Repository/Final Object Repo/Page_Update Add New Employee - ASSIST/Employee Name Input'

2018-12-07 12:37:22 - [TEST_STEP][PASSED] - Statement - toolkit = java.awt.Toolkit.getDefaultToolkit(): null

2018-12-07 12:37:22 - [TEST_STEP][PASSED] - Statement - clipboard = toolkit.getSystemClipboard(): null

2018-12-07 12:37:22 - [TEST_STEP][PASSED] - Statement - CurrentName = clipboard.getData(stringFlavor): null

2018-12-07 12:37:22 - [TEST_STEP][PASSED] - Statement - out.println("String from Clipboard:" + CurrentName): null

2018-12-07 12:37:22 - [TEST_STEP][PASSED] - Statement - If (CurrentName == "AUTOMATE002 ELIGIBLE 1"): Call Test Case 'Test Cases/Final Aug 2018 - PKS Automation/Registration Module/Workflow/Update Add New Employee/Template/Employee Adding/Employee Adding Action Repeat IC - set 1' successfully

2018-12-07 12:37:22 - [TEST_STEP][PASSED] - callTestCase: Call Test Case 'Test Cases/Final Aug 2018 - PKS Automation/Registration Module/Workflow/Update Add New Employee/Template/Employee Adding/Employee Adding Action Repeat IC - set 1' successfully

2018-12-07 12:37:22 - [TEST_CASE][PASSED] - Test Cases/Final Aug 2018 - PKS Automation/Registration Module/Workflow/Update Add New Employee/Template/Employee Adding/Employee Adding Action Repeat IC - set 1: Test Cases/Final Aug 2018 - PKS Automation/Registration Module/Workflow/Update Add New Employee/Template/Employee Adding/Employee Adding Action Repeat IC - set 1

2018-12-07 12:37:22 - [TEST_STEP][PASSED] - setText: Text 'Automate003 eligible 1' is set on object 'Object Repository/Final Object Repo/Page_Update Add New Employee - ASSIST/Employee Name Input'

2018-12-07 12:37:22 - [MESSAGE][PASSED] - Text 'Automate003 eligible 1' is set on object 'Object Repository/Final Object Repo/Page_Update Add New Employee - ASSIST/Employee Name Input'

2018-12-07 12:37:22 - [TEST_STEP][PASSED] - delay: Delayed 2 second(s)

2018-12-07 12:37:24 - [MESSAGE][PASSED] - Delayed 2 second(s)

2018-12-07 12:37:24 - [TEST_STEP][PASSED] - click: Object: 'Object Repository/Final Object Repo/Page_Update Add New Employee - ASSIST/DatePicker Pop Up' is clicked on

2018-12-07 12:37:24 - [MESSAGE][PASSED] - Object: 'Object Repository/Final Object Repo/Page_Update Add New Employee - ASSIST/DatePicker Pop Up' is clicked on

2018-12-07 12:37:24 - [TEST_STEP][PASSED] - click: Object: 'Object Repository/Final Object Repo/Page_Update Add New Employee - ASSIST/DOB Month' is clicked on

2018-12-07 12:37:25 - [MESSAGE][PASSED] - Object: 'Object Repository/Final Object Repo/Page_Update Add New Employee - ASSIST/DOB Month' is clicked on

2018-12-07 12:37:25 - [TEST_STEP][PASSED] - Statement - CurrentMonth = CurrentMonth: null

2018-12-07 12:37:25 - [TEST_STEP][PASSED] - Statement - selectMonth = new com.kms.katalon.core.testobject.TestObject(): null

2018-12-07 12:37:25 - [TEST_STEP][PASSED] - Statement - selectMonth.addProperty("xpath", EQUALS, "//body/div/div/div/select/option[@value='" + CurrentMonth + "']", true): null

2018-12-07 12:37:25 - [TEST_STEP][PASSED] - click: Object: '' is clicked on

2018-12-07 12:37:25 - [MESSAGE][PASSED] - Object: '' is clicked on

2018-12-07 12:37:25 - [TEST_STEP][PASSED] - click: Object: 'Object Repository/Final Object Repo/Page_Update Add New Employee - ASSIST/DOB Year' is clicked on

2018-12-07 12:37:25 - [MESSAGE][PASSED] - Object: 'Object Repository/Final Object Repo/Page_Update Add New Employee - ASSIST/DOB Year' is clicked on

2018-12-07 12:37:25 - [TEST_STEP][PASSED] - Statement - Eyearsbf = EighteenYrsBefore: null

2018-12-07 12:37:25 - [TEST_STEP][PASSED] - Statement - selectYear = new com.kms.katalon.core.testobject.TestObject(): null

2018-12-07 12:37:25 - [TEST_STEP][PASSED] - Statement - selectYear.addProperty("xpath", EQUALS, "//div/div/div/select/option[@value='" + Eyearsbf + "']", true): null

2018-12-07 12:37:25 - [TEST_STEP][PASSED] - click: Object: '' is clicked on

2018-12-07 12:37:25 - [MESSAGE][PASSED] - Object: '' is clicked on

2018-12-07 12:37:25 - [TEST_STEP][PASSED] - Statement - UpdatedSelectDate = com.kms.katalon.core.webui.keyword.WebUiBuiltInKeywords.modifyObjectProperty(com.kms.katalon.core.testobject.ObjectRepository.findTestObject(Final Object Repo/Page_Update Add New Employee - ASSIST/DOB Date), "xpath", "equals", "//body/div/table/tbody/tr/td/a[text()="" + CurrentDate + ""]", true): Modify property of object successfully

2018-12-07 12:37:25 - [MESSAGE][PASSED] - Modify property of object successfully

2018-12-07 12:37:25 - [TEST_STEP][PASSED] - delay: Delayed 3 second(s)

2018-12-07 12:37:28 - [MESSAGE][PASSED] - Delayed 3 second(s)

2018-12-07 12:37:28 - [TEST_STEP][PASSED] - click: Object: 'Object Repository/Final Object Repo/Page_Update Add New Employee - ASSIST/DOB Date' is clicked on

2018-12-07 12:37:28 - [MESSAGE][PASSED] - Object: 'Object Repository/Final Object Repo/Page_Update Add New Employee - ASSIST/DOB Date' is clicked on

2018-12-07 12:37:28 - [TEST_STEP][PASSED] - delay: Delayed 2 second(s)

2018-12-07 12:37:30 - [MESSAGE][PASSED] - Delayed 2 second(s)

2018-12-07 12:37:30 - [TEST_STEP][PASSED] - click: Object: 'Object Repository/Final Object Repo/Page_Update Add New Employee - ASSIST/EmploymentStartDate Pop Up' is clicked on

2018-12-07 12:37:30 - [MESSAGE][PASSED] - Object: 'Object Repository/Final Object Repo/Page_Update Add New Employee - ASSIST/EmploymentStartDate Pop Up' is clicked on

2018-12-07 12:37:30 - [TEST_STEP][PASSED] - delay: Delayed 2 second(s)

2018-12-07 12:37:32 - [MESSAGE][PASSED] - Delayed 2 second(s)

2018-12-07 12:37:32 - [TEST_STEP][PASSED] - click: Object: 'Object Repository/Final Object Repo/Page_Update Add New Employee - ASSIST/Socso Employment StartDate Month' is clicked on

2018-12-07 12:37:33 - [MESSAGE][PASSED] - Object: 'Object Repository/Final Object Repo/Page_Update Add New Employee - ASSIST/Socso Employment StartDate Month' is clicked on

2018-12-07 12:37:33 - [TEST_STEP][PASSED] - delay: Delayed 1 second(s)

2018-12-07 12:37:34 - [MESSAGE][PASSED] - Delayed 1 second(s)

2018-12-07 12:37:34 - [TEST_STEP][PASSED] - click: Object: 'Object Repository/Final Object Repo/Page_Update Add New Employee - ASSIST/Select Socso Employement Startdate Month' is clicked on

2018-12-07 12:37:34 - [MESSAGE][PASSED] - Object: 'Object Repository/Final Object Repo/Page_Update Add New Employee - ASSIST/Select Socso Employement Startdate Month' is clicked on

2018-12-07 12:37:34 - [TEST_STEP][PASSED] - delay: Delayed 2 second(s)

2018-12-07 12:37:36 - [MESSAGE][PASSED] - Delayed 2 second(s)

2018-12-07 12:37:36 - [TEST_STEP][PASSED] - click: Object: 'Object Repository/Final Object Repo/Page_Update Add New Employee - ASSIST/Socso Employment StartDate Year' is clicked on

2018-12-07 12:37:36 - [MESSAGE][PASSED] - Object: 'Object Repository/Final Object Repo/Page_Update Add New Employee - ASSIST/Socso Employment StartDate Year' is clicked on

2018-12-07 12:37:36 - [TEST_STEP][PASSED] - delay: Delayed 1 second(s)

2018-12-07 12:37:37 - [MESSAGE][PASSED] - Delayed 1 second(s)

2018-12-07 12:37:37 - [TEST_STEP][PASSED] - click: Object: 'Object Repository/Final Object Repo/Page_Update Add New Employee - ASSIST/Select Socso Employment Startdate Year' is clicked on

2018-12-07 12:37:37 - [MESSAGE][PASSED] - Object: 'Object Repository/Final Object Repo/Page_Update Add New Employee - ASSIST/Select Socso Employment Startdate Year' is clicked on

2018-12-07 12:37:37 - [TEST_STEP][PASSED] - delay: Delayed 2 second(s)

2018-12-07 12:37:39 - [MESSAGE][PASSED] - Delayed 2 second(s)

2018-12-07 12:37:39 - [TEST_STEP][PASSED] - click: Object: 'Object Repository/Final Object Repo/Page_Update Add New Employee - ASSIST/Socso Employment Start Date Day' is clicked on

2018-12-07 12:37:39 - [MESSAGE][PASSED] - Object: 'Object Repository/Final Object Repo/Page_Update Add New Employee - ASSIST/Socso Employment Start Date Day' is clicked on

2018-12-07 12:37:39 - [TEST_STEP][PASSED] - delay: Delayed 2 second(s)

2018-12-07 12:37:41 - [MESSAGE][PASSED] - Delayed 2 second(s)

2018-12-07 12:37:41 - [TEST_STEP][PASSED] - click: Object: 'Object Repository/Final Object Repo/Page_Update Add New Employee - ASSIST/Save Button for Add Employee' is clicked on

2018-12-07 12:37:42 - [MESSAGE][PASSED] - Object: 'Object Repository/Final Object Repo/Page_Update Add New Employee - ASSIST/Save Button for Add Employee' is clicked on

2018-12-07 12:37:42 - [TEST_STEP][PASSED] - delay: Delayed 6 second(s)

2018-12-07 12:37:48 - [MESSAGE][PASSED] - Delayed 6 second(s)

2018-12-07 12:37:48 - [TEST_STEP][PASSED] - click: Object: 'Object Repository/Final Object Repo/Page_Update Add New Employee - ASSIST/Add Employee Button' is clicked on

2018-12-07 12:37:48 - [MESSAGE][PASSED] - Object: 'Object Repository/Final Object Repo/Page_Update Add New Employee - ASSIST/Add Employee Button' is clicked on

2018-12-07 12:37:48 - [TEST_STEP][PASSED] - delay: Delayed 4 second(s)

2018-12-07 12:37:52 - [MESSAGE][PASSED] - Delayed 4 second(s)

2018-12-07 12:37:52 - [TEST_STEP][PASSED] - setText: Text '620904059600' is set on object 'Object Repository/Final Object Repo/Page_Update Add New Employee - ASSIST/NRIC Input'

2018-12-07 12:37:52 - [MESSAGE][PASSED] - Text '620904059600' is set on object 'Object Repository/Final Object Repo/Page_Update Add New Employee - ASSIST/NRIC Input'

2018-12-07 12:37:52 - [TEST_STEP][PASSED] - click: Object: 'Object Repository/Final Object Repo/Page_Update Add New Employee - ASSIST/button for search for IC' is clicked on

2018-12-07 12:37:52 - [MESSAGE][PASSED] - Object: 'Object Repository/Final Object Repo/Page_Update Add New Employee - ASSIST/button for search for IC' is clicked on

2018-12-07 12:37:52 - [TEST_STEP][PASSED] - delay: Delayed 2 second(s)

2018-12-07 12:37:54 - [MESSAGE][PASSED] - Delayed 2 second(s)

2018-12-07 12:37:54 - [TEST_STEP][PASSED] - setText: Text 'Automate003 eligible 2' is set on object 'Object Repository/Final Object Repo/Page_Update Add New Employee - ASSIST/Employee Name Input'

2018-12-07 12:37:55 - [MESSAGE][PASSED] - Text 'Automate003 eligible 2' is set on object 'Object Repository/Final Object Repo/Page_Update Add New Employee - ASSIST/Employee Name Input'

2018-12-07 12:37:55 - [TEST_STEP][PASSED] - delay: Delayed 2 second(s)

2018-12-07 12:37:57 - [MESSAGE][PASSED] - Delayed 2 second(s)

2018-12-07 12:37:57 - [TEST_STEP][PASSED] - click: Object: 'Object Repository/Final Object Repo/Page_Update Add New Employee - ASSIST/DatePicker Pop Up' is clicked on

2018-12-07 12:37:57 - [MESSAGE][PASSED] - Object: 'Object Repository/Final Object Repo/Page_Update Add New Employee - ASSIST/DatePicker Pop Up' is clicked on

2018-12-07 12:37:57 - [TEST_STEP][PASSED] - delay: Delayed 2 second(s)

2018-12-07 12:37:59 - [MESSAGE][PASSED] - Delayed 2 second(s)

2018-12-07 12:37:59 - [TEST_STEP][PASSED] - click: Object: 'Object Repository/Final Object Repo/Page_Update Add New Employee - ASSIST/DOB Month' is clicked on

2018-12-07 12:37:59 - [MESSAGE][PASSED] - Object: 'Object Repository/Final Object Repo/Page_Update Add New Employee - ASSIST/DOB Month' is clicked on

2018-12-07 12:37:59 - [TEST_STEP][PASSED] - Statement - selectMonth = com.kms.katalon.core.webui.keyword.WebUiBuiltInKeywords.modifyObjectProperty(selectMonth, "xpath", "equals", "//body/div/div/div/select/option[@value="" + CurrentMonth + ""]", true): Modify property of object successfully

2018-12-07 12:37:59 - [MESSAGE][PASSED] - Modify property of object successfully

2018-12-07 12:37:59 - [TEST_STEP][PASSED] - click: Object: '' is clicked on

2018-12-07 12:38:00 - [MESSAGE][PASSED] - Object: '' is clicked on

2018-12-07 12:38:00 - [TEST_STEP][PASSED] - click: Object: 'Object Repository/Final Object Repo/Page_Update Add New Employee - ASSIST/DOB Year' is clicked on

2018-12-07 12:38:00 - [MESSAGE][PASSED] - Object: 'Object Repository/Final Object Repo/Page_Update Add New Employee - ASSIST/DOB Year' is clicked on

2018-12-07 12:38:00 - [TEST_STEP][PASSED] - Statement - selectYear = com.kms.katalon.core.webui.keyword.WebUiBuiltInKeywords.modifyObjectProperty(selectYear, "xpath", "equals", "//div/div/div/select/option[@value="" + FiftysevenYrsBefore + ""]", true): Modify property of object successfully

2018-12-07 12:38:00 - [MESSAGE][PASSED] - Modify property of object successfully

2018-12-07 12:38:00 - [TEST_STEP][PASSED] - click: Object: '' is clicked on

2018-12-07 12:38:00 - [MESSAGE][PASSED] - Object: '' is clicked on

2018-12-07 12:38:00 - [TEST_STEP][PASSED] - Statement - UpdatedSelectDate = com.kms.katalon.core.webui.keyword.WebUiBuiltInKeywords.modifyObjectProperty(com.kms.katalon.core.testobject.ObjectRepository.findTestObject(Final Object Repo/Page_Update Add New Employee - ASSIST/DOB Date), "xpath", "equals", "//body/div/table/tbody/tr/td/a[text()="" + OneDayBefore + ""]", true): Modify property of object successfully

2018-12-07 12:38:00 - [MESSAGE][PASSED] - Modify property of object successfully

2018-12-07 12:38:00 - [TEST_STEP][PASSED] - click: Object: 'Object Repository/Final Object Repo/Page_Update Add New Employee - ASSIST/DOB Date' is clicked on

2018-12-07 12:38:00 - [MESSAGE][PASSED] - Object: 'Object Repository/Final Object Repo/Page_Update Add New Employee - ASSIST/DOB Date' is clicked on

2018-12-07 12:38:00 - [TEST_STEP][PASSED] - delay: Delayed 2 second(s)

2018-12-07 12:38:02 - [MESSAGE][PASSED] - Delayed 2 second(s)

2018-12-07 12:38:02 - [TEST_STEP][PASSED] - click: Object: 'Object Repository/Final Object Repo/Page_Update Add New Employee - ASSIST/EmploymentStartDate Pop Up' is clicked on

2018-12-07 12:38:02 - [MESSAGE][PASSED] - Object: 'Object Repository/Final Object Repo/Page_Update Add New Employee - ASSIST/EmploymentStartDate Pop Up' is clicked on

2018-12-07 12:38:02 - [TEST_STEP][PASSED] - delay: Delayed 2 second(s)

2018-12-07 12:38:04 - [MESSAGE][PASSED] - Delayed 2 second(s)

2018-12-07 12:38:04 - [TEST_STEP][PASSED] - click: Object: 'Object Repository/Final Object Repo/Page_Update Add New Employee - ASSIST/Socso Employment StartDate Month' is clicked on

2018-12-07 12:38:04 - [MESSAGE][PASSED] - Object: 'Object Repository/Final Object Repo/Page_Update Add New Employee - ASSIST/Socso Employment StartDate Month' is clicked on

2018-12-07 12:38:04 - [TEST_STEP][PASSED] - delay: Delayed 1 second(s)

2018-12-07 12:38:05 - [MESSAGE][PASSED] - Delayed 1 second(s)

2018-12-07 12:38:05 - [TEST_STEP][PASSED] - click: Object: 'Object Repository/Final Object Repo/Page_Update Add New Employee - ASSIST/Select Socso Employement Startdate Month' is clicked on

2018-12-07 12:38:05 - [MESSAGE][PASSED] - Object: 'Object Repository/Final Object Repo/Page_Update Add New Employee - ASSIST/Select Socso Employement Startdate Month' is clicked on

2018-12-07 12:38:05 - [TEST_STEP][PASSED] - delay: Delayed 2 second(s)

2018-12-07 12:38:07 - [MESSAGE][PASSED] - Delayed 2 second(s)

2018-12-07 12:38:07 - [TEST_STEP][PASSED] - click: Object: 'Object Repository/Final Object Repo/Page_Update Add New Employee - ASSIST/Socso Employment StartDate Year' is clicked on

2018-12-07 12:38:08 - [MESSAGE][PASSED] - Object: 'Object Repository/Final Object Repo/Page_Update Add New Employee - ASSIST/Socso Employment StartDate Year' is clicked on

2018-12-07 12:38:08 - [TEST_STEP][PASSED] - delay: Delayed 1 second(s)

2018-12-07 12:38:09 - [MESSAGE][PASSED] - Delayed 1 second(s)

2018-12-07 12:38:09 - [TEST_STEP][PASSED] - click: Object: 'Object Repository/Final Object Repo/Page_Update Add New Employee - ASSIST/Select Socso Employment Startdate Year' is clicked on

2018-12-07 12:38:09 - [MESSAGE][PASSED] - Object: 'Object Repository/Final Object Repo/Page_Update Add New Employee - ASSIST/Select Socso Employment Startdate Year' is clicked on

2018-12-07 12:38:09 - [TEST_STEP][PASSED] - delay: Delayed 2 second(s)

2018-12-07 12:38:11 - [MESSAGE][PASSED] - Delayed 2 second(s)

2018-12-07 12:38:11 - [TEST_STEP][PASSED] - click: Object: 'Object Repository/Final Object Repo/Page_Update Add New Employee - ASSIST/Socso Employment Start Date Day' is clicked on

2018-12-07 12:38:11 - [MESSAGE][PASSED] - Object: 'Object Repository/Final Object Repo/Page_Update Add New Employee - ASSIST/Socso Employment Start Date Day' is clicked on

2018-12-07 12:38:11 - [TEST_STEP][PASSED] - delay: Delayed 2 second(s)

2018-12-07 12:38:13 - [MESSAGE][PASSED] - Delayed 2 second(s)

2018-12-07 12:38:13 - [TEST_STEP][PASSED] - click: Object: 'Object Repository/Final Object Repo/Page_Update Add New Employee - ASSIST/Save Button for Add Employee' is clicked on

2018-12-07 12:38:13 - [MESSAGE][PASSED] - Object: 'Object Repository/Final Object Repo/Page_Update Add New Employee - ASSIST/Save Button for Add Employee' is clicked on

2018-12-07 12:38:13 - [TEST_STEP][PASSED] - delay: Delayed 10 second(s)

2018-12-07 12:38:23 - [MESSAGE][PASSED] - Delayed 10 second(s)

2018-12-07 12:38:23 - [TEST_STEP][PASSED] - waitForElementClickable: Object 'Object Repository/Final Object Repo/Page_Update Add New Employee - ASSIST/Add Employee Button' is clickable

2018-12-07 12:38:23 - [MESSAGE][PASSED] - Object 'Object Repository/Final Object Repo/Page_Update Add New Employee - ASSIST/Add Employee Button' is clickable

2018-12-07 12:38:23 - [TEST_STEP][PASSED] - click: Object: 'Object Repository/Final Object Repo/Page_Update Add New Employee - ASSIST/Add Employee Button' is clicked on

2018-12-07 12:38:24 - [MESSAGE][PASSED] - Object: 'Object Repository/Final Object Repo/Page_Update Add New Employee - ASSIST/Add Employee Button' is clicked on

2018-12-07 12:38:24 - [TEST_STEP][PASSED] - delay: Delayed 4 second(s)

2018-12-07 12:38:28 - [MESSAGE][PASSED] - Delayed 4 second(s)

2018-12-07 12:38:28 - [TEST_STEP][PASSED] - setText: Text '000209039100' is set on object 'Object Repository/Final Object Repo/Page_Update Add New Employee - ASSIST/NRIC Input'

2018-12-07 12:38:28 - [MESSAGE][PASSED] - Text '000209039100' is set on object 'Object Repository/Final Object Repo/Page_Update Add New Employee - ASSIST/NRIC Input'

2018-12-07 12:38:28 - [TEST_STEP][PASSED] - click: Object: 'Object Repository/Final Object Repo/Page_Update Add New Employee - ASSIST/button for search for IC' is clicked on

2018-12-07 12:38:28 - [MESSAGE][PASSED] - Object: 'Object Repository/Final Object Repo/Page_Update Add New Employee - ASSIST/button for search for IC' is clicked on

2018-12-07 12:38:28 - [TEST_STEP][PASSED] - delay: Delayed 2 second(s)

2018-12-07 12:38:30 - [MESSAGE][PASSED] - Delayed 2 second(s)

2018-12-07 12:38:30 - [TEST_STEP][PASSED] - setText: Text 'Automate003 not eligible 1' is set on object 'Object Repository/Final Object Repo/Page_Update Add New Employee - ASSIST/Employee Name Input'

2018-12-07 12:38:31 - [MESSAGE][PASSED] - Text 'Automate003 not eligible 1' is set on object 'Object Repository/Final Object Repo/Page_Update Add New Employee - ASSIST/Employee Name Input'

2018-12-07 12:38:31 - [TEST_STEP][PASSED] - delay: Delayed 2 second(s)

2018-12-07 12:38:33 - [MESSAGE][PASSED] - Delayed 2 second(s)

2018-12-07 12:38:33 - [TEST_STEP][PASSED] - click: Object: 'Object Repository/Final Object Repo/Page_Update Add New Employee - ASSIST/DatePicker Pop Up' is clicked on

2018-12-07 12:38:33 - [MESSAGE][PASSED] - Object: 'Object Repository/Final Object Repo/Page_Update Add New Employee - ASSIST/DatePicker Pop Up' is clicked on

2018-12-07 12:38:33 - [TEST_STEP][PASSED] - delay: Delayed 2 second(s)

2018-12-07 12:38:35 - [MESSAGE][PASSED] - Delayed 2 second(s)

2018-12-07 12:38:35 - [TEST_STEP][PASSED] - click: Object: 'Object Repository/Final Object Repo/Page_Update Add New Employee - ASSIST/DOB Month' is clicked on

2018-12-07 12:38:35 - [MESSAGE][PASSED] - Object: 'Object Repository/Final Object Repo/Page_Update Add New Employee - ASSIST/DOB Month' is clicked on

2018-12-07 12:38:35 - [TEST_STEP][PASSED] - Statement - selectMonth = com.kms.katalon.core.webui.keyword.WebUiBuiltInKeywords.modifyObjectProperty(selectMonth, "xpath", "equals", "//body/div/div/div/select/option[@value="" + CurrentMonth + ""]", true): Modify property of object successfully

2018-12-07 12:38:35 - [MESSAGE][PASSED] - Modify property of object successfully

2018-12-07 12:38:35 - [TEST_STEP][PASSED] - click: Object: '' is clicked on

2018-12-07 12:38:35 - [MESSAGE][PASSED] - Object: '' is clicked on

2018-12-07 12:38:35 - [TEST_STEP][PASSED] - click: Object: 'Object Repository/Final Object Repo/Page_Update Add New Employee - ASSIST/DOB Year' is clicked on

2018-12-07 12:38:36 - [MESSAGE][PASSED] - Object: 'Object Repository/Final Object Repo/Page_Update Add New Employee - ASSIST/DOB Year' is clicked on

2018-12-07 12:38:36 - [TEST_STEP][PASSED] - Statement - selectYear = com.kms.katalon.core.webui.keyword.WebUiBuiltInKeywords.modifyObjectProperty(selectYear, "xpath", "equals", "//div/div/div/select/option[@value="" + EighteenYrsBefore + ""]", true): Modify property of object successfully

2018-12-07 12:38:36 - [MESSAGE][PASSED] - Modify property of object successfully

2018-12-07 12:38:36 - [TEST_STEP][PASSED] - click: Object: '' is clicked on

2018-12-07 12:38:36 - [MESSAGE][PASSED] - Object: '' is clicked on

2018-12-07 12:38:36 - [TEST_STEP][PASSED] - Statement - UpdatedSelectDate = com.kms.katalon.core.webui.keyword.WebUiBuiltInKeywords.modifyObjectProperty(com.kms.katalon.core.testobject.ObjectRepository.findTestObject(Final Object Repo/Page_Update Add New Employee - ASSIST/DOB Date), "xpath", "equals", "//body/div/table/tbody/tr/td/a[text()="" + OneDayBefore + ""]", true): Modify property of object successfully

2018-12-07 12:38:36 - [MESSAGE][PASSED] - Modify property of object successfully

2018-12-07 12:38:36 - [TEST_STEP][PASSED] - click: Object: 'Object Repository/Final Object Repo/Page_Update Add New Employee - ASSIST/DOB Date' is clicked on

2018-12-07 12:38:36 - [MESSAGE][PASSED] - Object: 'Object Repository/Final Object Repo/Page_Update Add New Employee - ASSIST/DOB Date' is clicked on

2018-12-07 12:38:36 - [TEST_STEP][PASSED] - delay: Delayed 2 second(s)

2018-12-07 12:38:38 - [MESSAGE][PASSED] - Delayed 2 second(s)

2018-12-07 12:38:38 - [TEST_STEP][PASSED] - click: Object: 'Object Repository/Final Object Repo/Page_Update Add New Employee - ASSIST/EmploymentStartDate Pop Up' is clicked on

2018-12-07 12:38:38 - [MESSAGE][PASSED] - Object: 'Object Repository/Final Object Repo/Page_Update Add New Employee - ASSIST/EmploymentStartDate Pop Up' is clicked on

2018-12-07 12:38:38 - [TEST_STEP][PASSED] - delay: Delayed 2 second(s)

2018-12-07 12:38:40 - [MESSAGE][PASSED] - Delayed 2 second(s)

2018-12-07 12:38:40 - [TEST_STEP][PASSED] - click: Object: 'Object Repository/Final Object Repo/Page_Update Add New Employee - ASSIST/Socso Employment StartDate Month' is clicked on

2018-12-07 12:38:40 - [MESSAGE][PASSED] - Object: 'Object Repository/Final Object Repo/Page_Update Add New Employee - ASSIST/Socso Employment StartDate Month' is clicked on

2018-12-07 12:38:40 - [TEST_STEP][PASSED] - delay: Delayed 1 second(s)

2018-12-07 12:38:41 - [MESSAGE][PASSED] - Delayed 1 second(s)

2018-12-07 12:38:41 - [TEST_STEP][PASSED] - click: Object: 'Object Repository/Final Object Repo/Page_Update Add New Employee - ASSIST/Select Socso Employement Startdate Month' is clicked on

2018-12-07 12:38:41 - [MESSAGE][PASSED] - Object: 'Object Repository/Final Object Repo/Page_Update Add New Employee - ASSIST/Select Socso Employement Startdate Month' is clicked on

2018-12-07 12:38:41 - [TEST_STEP][PASSED] - delay: Delayed 2 second(s)

2018-12-07 12:38:43 - [MESSAGE][PASSED] - Delayed 2 second(s)

2018-12-07 12:38:43 - [TEST_STEP][PASSED] - click: Object: 'Object Repository/Final Object Repo/Page_Update Add New Employee - ASSIST/Socso Employment StartDate Year' is clicked on

2018-12-07 12:38:44 - [MESSAGE][PASSED] - Object: 'Object Repository/Final Object Repo/Page_Update Add New Employee - ASSIST/Socso Employment StartDate Year' is clicked on

2018-12-07 12:38:44 - [TEST_STEP][PASSED] - delay: Delayed 1 second(s)

2018-12-07 12:38:45 - [MESSAGE][PASSED] - Delayed 1 second(s)

2018-12-07 12:38:45 - [TEST_STEP][PASSED] - click: Object: 'Object Repository/Final Object Repo/Page_Update Add New Employee - ASSIST/Select Socso Employment Startdate Year' is clicked on

2018-12-07 12:38:45 - [MESSAGE][PASSED] - Object: 'Object Repository/Final Object Repo/Page_Update Add New Employee - ASSIST/Select Socso Employment Startdate Year' is clicked on

2018-12-07 12:38:45 - [TEST_STEP][PASSED] - delay: Delayed 2 second(s)

2018-12-07 12:38:47 - [MESSAGE][PASSED] - Delayed 2 second(s)

2018-12-07 12:38:47 - [TEST_STEP][PASSED] - click: Object: 'Object Repository/Final Object Repo/Page_Update Add New Employee - ASSIST/Socso Employment Start Date Day' is clicked on

2018-12-07 12:38:47 - [MESSAGE][PASSED] - Object: 'Object Repository/Final Object Repo/Page_Update Add New Employee - ASSIST/Socso Employment Start Date Day' is clicked on

2018-12-07 12:38:47 - [TEST_STEP][PASSED] - delay: Delayed 2 second(s)

2018-12-07 12:38:49 - [MESSAGE][PASSED] - Delayed 2 second(s)

2018-12-07 12:38:49 - [TEST_STEP][PASSED] - click: Object: 'Object Repository/Final Object Repo/Page_Update Add New Employee - ASSIST/Save Button for Add Employee' is clicked on

2018-12-07 12:38:49 - [MESSAGE][PASSED] - Object: 'Object Repository/Final Object Repo/Page_Update Add New Employee - ASSIST/Save Button for Add Employee' is clicked on

2018-12-07 12:38:49 - [TEST_STEP][PASSED] - delay: Delayed 20 second(s)

2018-12-07 12:39:09 - [MESSAGE][PASSED] - Delayed 20 second(s)

2018-12-07 12:39:09 - [TEST_STEP][PASSED] - click: Object: 'Object Repository/Final Object Repo/Page_Update Add New Employee - ASSIST/Add Employee Button' is clicked on

2018-12-07 12:39:09 - [MESSAGE][PASSED] - Object: 'Object Repository/Final Object Repo/Page_Update Add New Employee - ASSIST/Add Employee Button' is clicked on

2018-12-07 12:39:09 - [TEST_STEP][PASSED] - delay: Delayed 4 second(s)

2018-12-07 12:39:13 - [MESSAGE][PASSED] - Delayed 4 second(s)

2018-12-07 12:39:13 - [TEST_STEP][PASSED] - setText: Text '600203039104' is set on object 'Object Repository/Final Object Repo/Page_Update Add New Employee - ASSIST/NRIC Input'

2018-12-07 12:39:14 - [MESSAGE][PASSED] - Text '600203039104' is set on object 'Object Repository/Final Object Repo/Page_Update Add New Employee - ASSIST/NRIC Input'

2018-12-07 12:39:14 - [TEST_STEP][PASSED] - click: Object: 'Object Repository/Final Object Repo/Page_Update Add New Employee - ASSIST/button for search for IC' is clicked on

2018-12-07 12:39:14 - [MESSAGE][PASSED] - Object: 'Object Repository/Final Object Repo/Page_Update Add New Employee - ASSIST/button for search for IC' is clicked on

2018-12-07 12:39:14 - [TEST_STEP][PASSED] - delay: Delayed 2 second(s)

2018-12-07 12:39:16 - [MESSAGE][PASSED] - Delayed 2 second(s)

2018-12-07 12:39:16 - [TEST_STEP][PASSED] - setText: Text 'Automate003 not eligible 2' is set on object 'Object Repository/Final Object Repo/Page_Update Add New Employee - ASSIST/Employee Name Input'

2018-12-07 12:39:17 - [MESSAGE][PASSED] - Text 'Automate003 not eligible 2' is set on object 'Object Repository/Final Object Repo/Page_Update Add New Employee - ASSIST/Employee Name Input'

2018-12-07 12:39:17 - [TEST_STEP][PASSED] - delay: Delayed 2 second(s)

2018-12-07 12:39:19 - [MESSAGE][PASSED] - Delayed 2 second(s)

2018-12-07 12:39:19 - [TEST_STEP][PASSED] - click: Object: 'Object Repository/Final Object Repo/Page_Update Add New Employee - ASSIST/DatePicker Pop Up' is clicked on

2018-12-07 12:39:19 - [MESSAGE][PASSED] - Object: 'Object Repository/Final Object Repo/Page_Update Add New Employee - ASSIST/DatePicker Pop Up' is clicked on

2018-12-07 12:39:19 - [TEST_STEP][PASSED] - delay: Delayed 2 second(s)

2018-12-07 12:39:21 - [MESSAGE][PASSED] - Delayed 2 second(s)

2018-12-07 12:39:21 - [TEST_STEP][PASSED] - click: Object: 'Object Repository/Final Object Repo/Page_Update Add New Employee - ASSIST/DOB Month' is clicked on

2018-12-07 12:39:21 - [MESSAGE][PASSED] - Object: 'Object Repository/Final Object Repo/Page_Update Add New Employee - ASSIST/DOB Month' is clicked on

2018-12-07 12:39:21 - [TEST_STEP][PASSED] - Statement - selectMonth = com.kms.katalon.core.webui.keyword.WebUiBuiltInKeywords.modifyObjectProperty(selectMonth, "xpath", "equals", "//body/div/div/div/select/option[@value="" + CurrentMonth + ""]", true): Modify property of object successfully

2018-12-07 12:39:21 - [MESSAGE][PASSED] - Modify property of object successfully

2018-12-07 12:39:21 - [TEST_STEP][PASSED] - click: Object: '' is clicked on

2018-12-07 12:39:21 - [MESSAGE][PASSED] - Object: '' is clicked on

2018-12-07 12:39:21 - [TEST_STEP][PASSED] - click: Object: 'Object Repository/Final Object Repo/Page_Update Add New Employee - ASSIST/DOB Year' is clicked on

2018-12-07 12:39:21 - [MESSAGE][PASSED] - Object: 'Object Repository/Final Object Repo/Page_Update Add New Employee - ASSIST/DOB Year' is clicked on

2018-12-07 12:39:21 - [TEST_STEP][PASSED] - Statement - selectYear = com.kms.katalon.core.webui.keyword.WebUiBuiltInKeywords.modifyObjectProperty(selectYear, "xpath", "equals", "//div/div/div/select/option[@value="" + FiftysevenYrsBefore + ""]", true): Modify property of object successfully

2018-12-07 12:39:21 - [MESSAGE][PASSED] - Modify property of object successfully

2018-12-07 12:39:21 - [TEST_STEP][PASSED] - click: Object: '' is clicked on

2018-12-07 12:39:22 - [MESSAGE][PASSED] - Object: '' is clicked on

2018-12-07 12:39:22 - [TEST_STEP][PASSED] - Statement - UpdatedSelectDate = com.kms.katalon.core.webui.keyword.WebUiBuiltInKeywords.modifyObjectProperty(com.kms.katalon.core.testobject.ObjectRepository.findTestObject(Final Object Repo/Page_Update Add New Employee - ASSIST/DOB Date), "xpath", "equals", "//body/div/table/tbody/tr/td/a[text()="" + CurrentDate + ""]", true): Modify property of object successfully

2018-12-07 12:39:22 - [MESSAGE][PASSED] - Modify property of object successfully

2018-12-07 12:39:22 - [TEST_STEP][PASSED] - click: Object: 'Object Repository/Final Object Repo/Page_Update Add New Employee - ASSIST/DOB Date' is clicked on

2018-12-07 12:39:22 - [MESSAGE][PASSED] - Object: 'Object Repository/Final Object Repo/Page_Update Add New Employee - ASSIST/DOB Date' is clicked on

2018-12-07 12:39:22 - [TEST_STEP][PASSED] - click: Object: 'Object Repository/Final Object Repo/Page_Update Add New Employee - ASSIST/EmploymentStartDate Pop Up' is clicked on

2018-12-07 12:39:22 - [MESSAGE][PASSED] - Object: 'Object Repository/Final Object Repo/Page_Update Add New Employee - ASSIST/EmploymentStartDate Pop Up' is clicked on

2018-12-07 12:39:22 - [TEST_STEP][PASSED] - delay: Delayed 2 second(s)

2018-12-07 12:39:24 - [MESSAGE][PASSED] - Delayed 2 second(s)

2018-12-07 12:39:24 - [TEST_STEP][PASSED] - click: Object: 'Object Repository/Final Object Repo/Page_Update Add New Employee - ASSIST/Socso Employment StartDate Month' is clicked on

2018-12-07 12:39:24 - [MESSAGE][PASSED] - Object: 'Object Repository/Final Object Repo/Page_Update Add New Employee - ASSIST/Socso Employment StartDate Month' is clicked on

2018-12-07 12:39:24 - [TEST_STEP][PASSED] - delay: Delayed 1 second(s)

2018-12-07 12:39:25 - [MESSAGE][PASSED] - Delayed 1 second(s)

2018-12-07 12:39:25 - [TEST_STEP][PASSED] - click: Object: 'Object Repository/Final Object Repo/Page_Update Add New Employee - ASSIST/Select Socso Employement Startdate Month' is clicked on

2018-12-07 12:39:25 - [MESSAGE][PASSED] - Object: 'Object Repository/Final Object Repo/Page_Update Add New Employee - ASSIST/Select Socso Employement Startdate Month' is clicked on

2018-12-07 12:39:25 - [TEST_STEP][PASSED] - delay: Delayed 2 second(s)

2018-12-07 12:39:27 - [MESSAGE][PASSED] - Delayed 2 second(s)

2018-12-07 12:39:27 - [TEST_STEP][PASSED] - click: Object: 'Object Repository/Final Object Repo/Page_Update Add New Employee - ASSIST/Socso Employment StartDate Year' is clicked on

2018-12-07 12:39:28 - [MESSAGE][PASSED] - Object: 'Object Repository/Final Object Repo/Page_Update Add New Employee - ASSIST/Socso Employment StartDate Year' is clicked on

2018-12-07 12:39:28 - [TEST_STEP][PASSED] - delay: Delayed 1 second(s)

2018-12-07 12:39:29 - [MESSAGE][PASSED] - Delayed 1 second(s)

2018-12-07 12:39:29 - [TEST_STEP][PASSED] - click: Object: 'Object Repository/Final Object Repo/Page_Update Add New Employee - ASSIST/Select Socso Employment Startdate Year' is clicked on

2018-12-07 12:39:29 - [MESSAGE][PASSED] - Object: 'Object Repository/Final Object Repo/Page_Update Add New Employee - ASSIST/Select Socso Employment Startdate Year' is clicked on

2018-12-07 12:39:29 - [TEST_STEP][PASSED] - delay: Delayed 2 second(s)

2018-12-07 12:39:31 - [MESSAGE][PASSED] - Delayed 2 second(s)

2018-12-07 12:39:31 - [TEST_STEP][PASSED] - click: Object: 'Object Repository/Final Object Repo/Page_Update Add New Employee - ASSIST/Socso Employment Start Date Day' is clicked on

2018-12-07 12:39:31 - [MESSAGE][PASSED] - Object: 'Object Repository/Final Object Repo/Page_Update Add New Employee - ASSIST/Socso Employment Start Date Day' is clicked on

2018-12-07 12:39:31 - [TEST_STEP][PASSED] - delay: Delayed 2 second(s)

2018-12-07 12:39:33 - [MESSAGE][PASSED] - Delayed 2 second(s)

2018-12-07 12:39:33 - [TEST_STEP][PASSED] - click: Object: 'Object Repository/Final Object Repo/Page_Update Add New Employee - ASSIST/Save Button for Add Employee' is clicked on

2018-12-07 12:39:33 - [MESSAGE][PASSED] - Object: 'Object Repository/Final Object Repo/Page_Update Add New Employee - ASSIST/Save Button for Add Employee' is clicked on

2018-12-07 12:39:33 - [MESSAGE][PASSED] - Call Test Case 'Test Cases/Final Aug 2018 - PKS Automation/Registration Module/Workflow/Update Add New Employee/Template/Employee Adding/Employee Adding Action Repeat IC - set 1' successfully

2018-12-07 12:39:33 - [MESSAGE][PASSED] - Call Test Case 'Test Cases/Final Aug 2018 - PKS Automation/Registration Module/Workflow/Update Add New Employee/Template/Employee Adding/Employee Set Decider' successfully

2018-12-07 12:39:33 - [TEST_STEP][PASSED] - delay: Delayed 4 second(s)

2018-12-07 12:39:37 - [MESSAGE][PASSED] - Delayed 4 second(s)

2018-12-07 12:39:37 - [TEST_STEP][PASSED] - Statement - CaseReferenceNo = com.kms.katalon.core.webui.keyword.WebUiBuiltInKeywords.getText(com.kms.katalon.core.testobject.ObjectRepository.findTestObject(Final Object Repo/Page_Update Add New Employee - ASSIST/RefNo)): Text of object 'Object Repository/Final Object Repo/Page_Update Add New Employee - ASSIST/RefNo' is: 'CAN12201800002291'

2018-12-07 12:39:37 - [MESSAGE][PASSED] - Text of object 'Object Repository/Final Object Repo/Page_Update Add New Employee - ASSIST/RefNo' is: 'CAN12201800002291'

2018-12-07 12:39:37 - [TEST_STEP][PASSED] - callTestCase: Call Test Case 'Test Cases/Final Aug 2018 - PKS Automation/Common/Reference Number Setter' successfully

2018-12-07 12:39:37 - [TEST_CASE][PASSED] - Test Cases/Final Aug 2018 - PKS Automation/Common/Reference Number Setter: Test Cases/Final Aug 2018 - PKS Automation/Common/Reference Number Setter

2018-12-07 12:39:37 - [TEST_STEP][PASSED] - Statement - RefNoOldFile = new java.io.File(C://Users//Admin//Desktop//PKS//Automation Reference Point//KatalonReference.txt): null

2018-12-07 12:39:37 - [TEST_STEP][PASSED] - Statement - RefNoOldFile.delete(): null

2018-12-07 12:39:37 - [TEST_STEP][PASSED] - delay: Delayed 5 second(s)

2018-12-07 12:39:42 - [MESSAGE][PASSED] - Delayed 5 second(s)

2018-12-07 12:39:42 - [TEST_STEP][PASSED] - Statement - RefNo = new java.io.File(C://Users//Admin//Desktop//PKS//Automation Reference Point//KatalonReference.txt): null

2018-12-07 12:39:42 - [TEST_STEP][PASSED] - Statement - f2 = new java.io.FileWriter(RefNo, false): null

2018-12-07 12:39:42 - [TEST_STEP][PASSED] - Statement - f2.write(CaseReferenceNo): null

2018-12-07 12:39:42 - [TEST_STEP][PASSED] - Statement - f2.close(): null

2018-12-07 12:39:42 - [TEST_STEP][PASSED] - Statement - out.println("


" + CaseReferenceNo + "


"): null

2018-12-07 12:39:42 - [MESSAGE][PASSED] - Call Test Case 'Test Cases/Final Aug 2018 - PKS Automation/Common/Reference Number Setter' successfully

2018-12-07 12:39:42 - [TEST_STEP][PASSED] - delay: Delayed 5 second(s)

2018-12-07 12:39:47 - [MESSAGE][PASSED] - Delayed 5 second(s)

2018-12-07 12:39:47 - [TEST_STEP][PASSED] - click: Object: 'Object Repository/Final Object Repo/Page_Update Add New Employee - ASSIST/Save  Continue Button' is clicked on

2018-12-07 12:39:47 - [MESSAGE][PASSED] - Object: 'Object Repository/Final Object Repo/Page_Update Add New Employee - ASSIST/Save  Continue Button' is clicked on

2018-12-07 12:39:47 - [TEST_STEP][PASSED] - delay: Delayed 4 second(s)

2018-12-07 12:39:51 - [MESSAGE][PASSED] - Delayed 4 second(s)

2018-12-07 12:39:51 - [TEST_STEP][PASSED] - callTestCase: Call Test Case 'Test Cases/Final Aug 2018 - PKS Automation/Common/Reference Number Getter' successfully

2018-12-07 12:39:52 - [TEST_CASE][PASSED] - Test Cases/Final Aug 2018 - PKS Automation/Common/Reference Number Getter: Test Cases/Final Aug 2018 - PKS Automation/Common/Reference Number Getter

2018-12-07 12:39:52 - [TEST_STEP][PASSED] - Statement - Try: null

2018-12-07 12:39:52 - [TEST_STEP][PASSED] - Statement - RefNo = new java.io.File(C://Users//Admin//Desktop//PKS//Automation Reference Point//KatalonReference.txt): null

2018-12-07 12:39:52 - [TEST_STEP][PASSED] - Statement - bufferread = new java.io.BufferedReader(new java.io.FileReader(RefNo)): null

2018-12-07 12:39:52 - [TEST_STEP][PASSED] - Statement - readedVal = bufferread.readLine(): null

2018-12-07 12:39:52 - [TEST_STEP][PASSED] - Statement - out.println(CaseReferenceNo): null

2018-12-07 12:39:52 - [TEST_STEP][PASSED] - Statement - out.println(readedVal): null

2018-12-07 12:39:52 - [TEST_STEP][PASSED] - Statement - CaseReferenceNo = "": null

2018-12-07 12:39:52 - [TEST_STEP][PASSED] - Statement - CaseReferenceNo = readedVal: null

2018-12-07 12:39:52 - [MESSAGE][PASSED] - Call Test Case 'Test Cases/Final Aug 2018 - PKS Automation/Common/Reference Number Getter' successfully

2018-12-07 12:39:52 - [TEST_STEP][PASSED] - click: Object: 'Object Repository/Final Object Repo/Page_Update Add New Employee - ASSIST/Save  Continue Third Screen' is clicked on

2018-12-07 12:39:55 - [MESSAGE][PASSED] - Object: 'Object Repository/Final Object Repo/Page_Update Add New Employee - ASSIST/Save  Continue Third Screen' is clicked on

2018-12-07 12:39:55 - [TEST_STEP][PASSED] - delay: Delayed 4 second(s)

2018-12-07 12:39:59 - [MESSAGE][PASSED] - Delayed 4 second(s)

2018-12-07 12:39:59 - [TEST_STEP][PASSED] - click: Object: 'Object Repository/Final Object Repo/Page_Update Add New Employee - ASSIST/Save   Continue Supporting Doc Page' is clicked on

2018-12-07 12:39:59 - [MESSAGE][PASSED] - Object: 'Object Repository/Final Object Repo/Page_Update Add New Employee - ASSIST/Save   Continue Supporting Doc Page' is clicked on

2018-12-07 12:39:59 - [TEST_STEP][PASSED] - delay: Delayed 4 second(s)

2018-12-07 12:40:03 - [MESSAGE][PASSED] - Delayed 4 second(s)

2018-12-07 12:40:03 - [TEST_STEP][PASSED] - click: Object: 'Object Repository/Final Object Repo/Page_Update Add New Employee - ASSIST/Submit Button' is clicked on

2018-12-07 12:40:03 - [MESSAGE][PASSED] - Object: 'Object Repository/Final Object Repo/Page_Update Add New Employee - ASSIST/Submit Button' is clicked on

2018-12-07 12:40:03 - [TEST_STEP][PASSED] - delay: Delayed 4 second(s)

2018-12-07 12:40:07 - [MESSAGE][PASSED] - Delayed 4 second(s)

2018-12-07 12:40:07 - [TEST_STEP][PASSED] - click: Object: 'Object Repository/Final Object Repo/Page_Update Add New Employee - ASSIST/Confirm Submit Button' is clicked on

2018-12-07 12:40:07 - [MESSAGE][PASSED] - Object: 'Object Repository/Final Object Repo/Page_Update Add New Employee - ASSIST/Confirm Submit Button' is clicked on

2018-12-07 12:40:07 - [TEST_STEP][PASSED] - delay: Delayed 20 second(s)

2018-12-07 12:40:27 - [MESSAGE][PASSED] - Delayed 20 second(s)

2018-12-07 12:40:27 - [TEST_STEP][PASSED] - callTestCase: Call Test Case 'Test Cases/Final Aug 2018 - PKS Automation/Common/Screenshoting tool' successfully

2018-12-07 12:40:27 - [TEST_CASE][PASSED] - Test Cases/Final Aug 2018 - PKS Automation/Common/Screenshoting tool: Test Cases/Final Aug 2018 - PKS Automation/Common/Screenshoting tool

2018-12-07 12:40:27 - [TEST_STEP][PASSED] - delay: Delayed 15 second(s)

2018-12-07 12:40:42 - [MESSAGE][PASSED] - Delayed 15 second(s)

2018-12-07 12:40:42 - [TEST_STEP][PASSED] - Statement - driver = com.kms.katalon.core.webui.driver.DriverFactory.getWebDriver(): null

2018-12-07 12:40:42 - [TEST_STEP][PASSED] - Statement - driver.manage().timeouts().implicitlyWait(10, SECONDS): null

2018-12-07 12:40:42 - [TEST_STEP][PASSED] - Statement - PresavePath = KatalonScreenshots: null

2018-12-07 12:40:42 - [TEST_STEP][PASSED] - Statement - pathPrefix = "C:\Users\Public\Pictures\Sample Pictures\Katalon Screenshots\Automate Ending Screen": null

2018-12-07 12:40:42 - [TEST_STEP][PASSED] - Statement - finalPath = <not implemented yet for class: org.codehaus.groovy.ast.expr.EmptyExpression>: null

2018-12-07 12:40:42 - [TEST_STEP][PASSED] - Statement - scrFile = driver.getScreenshotAs(FILE): null

2018-12-07 12:40:43 - [TEST_STEP][PASSED] - Statement - PreSaveFile = new java.io.File(PresavePath): null

2018-12-07 12:40:43 - [TEST_STEP][PASSED] - Statement - counter = 0: null

2018-12-07 12:40:43 - [TEST_STEP][PASSED] - Statement - If (PreSaveFile.exists()): null

2018-12-07 12:40:43 - [TEST_STEP][PASSED] - Statement - While (PreSaveFile.exists()): null

2018-12-07 12:40:43 - [TEST_STEP][PASSED] - Statement - counter = counter + 1: null

2018-12-07 12:40:43 - [TEST_STEP][PASSED] - Statement - PreSaveFile = new java.io.File(((pathPrefix + java.lang.Integer.toString(counter)) + .png)): null

2018-12-07 12:40:43 - [TEST_STEP][PASSED] - Statement - counter = counter + 1: null

2018-12-07 12:40:43 - [TEST_STEP][PASSED] - Statement - PreSaveFile = new java.io.File(((pathPrefix + java.lang.Integer.toString(counter)) + .png)): null

2018-12-07 12:40:43 - [TEST_STEP][PASSED] - Statement - counter = counter + 1: null

2018-12-07 12:40:43 - [TEST_STEP][PASSED] - Statement - PreSaveFile = new java.io.File(((pathPrefix + java.lang.Integer.toString(counter)) + .png)): null

2018-12-07 12:40:43 - [TEST_STEP][PASSED] - Statement - counter = counter + 1: null

2018-12-07 12:40:43 - [TEST_STEP][PASSED] - Statement - PreSaveFile = new java.io.File(((pathPrefix + java.lang.Integer.toString(counter)) + .png)): null

2018-12-07 12:40:43 - [TEST_STEP][PASSED] - Statement - counter = counter + 1: null

2018-12-07 12:40:43 - [TEST_STEP][PASSED] - Statement - PreSaveFile = new java.io.File(((pathPrefix + java.lang.Integer.toString(counter)) + .png)): null

2018-12-07 12:40:43 - [TEST_STEP][PASSED] - Statement - counter = counter + 1: null

2018-12-07 12:40:43 - [TEST_STEP][PASSED] - Statement - PreSaveFile = new java.io.File(((pathPrefix + java.lang.Integer.toString(counter)) + .png)): null

2018-12-07 12:40:43 - [TEST_STEP][PASSED] - Statement - counter = counter + 1: null

2018-12-07 12:40:43 - [TEST_STEP][PASSED] - Statement - PreSaveFile = new java.io.File(((pathPrefix + java.lang.Integer.toString(counter)) + .png)): null

2018-12-07 12:40:43 - [TEST_STEP][PASSED] - Statement - counter = counter + 1: null

2018-12-07 12:40:43 - [TEST_STEP][PASSED] - Statement - PreSaveFile = new java.io.File(((pathPrefix + java.lang.Integer.toString(counter)) + .png)): null

2018-12-07 12:40:43 - [TEST_STEP][PASSED] - Statement - counter = counter + 1: null

2018-12-07 12:40:43 - [TEST_STEP][PASSED] - Statement - PreSaveFile = new java.io.File(((pathPrefix + java.lang.Integer.toString(counter)) + .png)): null

2018-12-07 12:40:43 - [TEST_STEP][PASSED] - Statement - counter = counter + 1: null

2018-12-07 12:40:43 - [TEST_STEP][PASSED] - Statement - PreSaveFile = new java.io.File(((pathPrefix + java.lang.Integer.toString(counter)) + .png)): null

2018-12-07 12:40:43 - [TEST_STEP][PASSED] - Statement - counter = counter + 1: null

2018-12-07 12:40:43 - [TEST_STEP][PASSED] - Statement - PreSaveFile = new java.io.File(((pathPrefix + java.lang.Integer.toString(counter)) + .png)): null

2018-12-07 12:40:43 - [TEST_STEP][PASSED] - Statement - counter = counter + 1: null

2018-12-07 12:40:43 - [TEST_STEP][PASSED] - Statement - PreSaveFile = new java.io.File(((pathPrefix + java.lang.Integer.toString(counter)) + .png)): null

2018-12-07 12:40:43 - [TEST_STEP][PASSED] - Statement - counter = counter + 1: null

2018-12-07 12:40:43 - [TEST_STEP][PASSED] - Statement - PreSaveFile = new java.io.File(((pathPrefix + java.lang.Integer.toString(counter)) + .png)): null

2018-12-07 12:40:43 - [TEST_STEP][PASSED] - Statement - counter = counter + 1: null

2018-12-07 12:40:43 - [TEST_STEP][PASSED] - Statement - PreSaveFile = new java.io.File(((pathPrefix + java.lang.Integer.toString(counter)) + .png)): null

2018-12-07 12:40:43 - [TEST_STEP][PASSED] - Statement - counter = counter + 1: null

2018-12-07 12:40:43 - [TEST_STEP][PASSED] - Statement - PreSaveFile = new java.io.File(((pathPrefix + java.lang.Integer.toString(counter)) + .png)): null

2018-12-07 12:40:43 - [TEST_STEP][PASSED] - Statement - counter = counter + 1: null

2018-12-07 12:40:43 - [TEST_STEP][PASSED] - Statement - PreSaveFile = new java.io.File(((pathPrefix + java.lang.Integer.toString(counter)) + .png)): null

2018-12-07 12:40:43 - [TEST_STEP][PASSED] - Statement - counter = counter + 1: null

2018-12-07 12:40:43 - [TEST_STEP][PASSED] - Statement - PreSaveFile = new java.io.File(((pathPrefix + java.lang.Integer.toString(counter)) + .png)): null

2018-12-07 12:40:43 - [TEST_STEP][PASSED] - Statement - counter = counter + 1: null

2018-12-07 12:40:43 - [TEST_STEP][PASSED] - Statement - PreSaveFile = new java.io.File(((pathPrefix + java.lang.Integer.toString(counter)) + .png)): null

2018-12-07 12:40:43 - [TEST_STEP][PASSED] - Statement - counter = counter + 1: null

2018-12-07 12:40:43 - [TEST_STEP][PASSED] - Statement - PreSaveFile = new java.io.File(((pathPrefix + java.lang.Integer.toString(counter)) + .png)): null

2018-12-07 12:40:43 - [TEST_STEP][PASSED] - Statement - counter = counter + 1: null

2018-12-07 12:40:43 - [TEST_STEP][PASSED] - Statement - PreSaveFile = new java.io.File(((pathPrefix + java.lang.Integer.toString(counter)) + .png)): null

2018-12-07 12:40:43 - [TEST_STEP][PASSED] - Statement - counter = counter + 1: null

2018-12-07 12:40:43 - [TEST_STEP][PASSED] - Statement - PreSaveFile = new java.io.File(((pathPrefix + java.lang.Integer.toString(counter)) + .png)): null

2018-12-07 12:40:43 - [TEST_STEP][PASSED] - Statement - counter = counter + 1: null

2018-12-07 12:40:43 - [TEST_STEP][PASSED] - Statement - PreSaveFile = new java.io.File(((pathPrefix + java.lang.Integer.toString(counter)) + .png)): null

2018-12-07 12:40:43 - [TEST_STEP][PASSED] - Statement - counter = counter + 1: null

2018-12-07 12:40:43 - [TEST_STEP][PASSED] - Statement - PreSaveFile = new java.io.File(((pathPrefix + java.lang.Integer.toString(counter)) + .png)): null

2018-12-07 12:40:43 - [TEST_STEP][PASSED] - Statement - counter = counter + 1: null

2018-12-07 12:40:44 - [TEST_STEP][PASSED] - Statement - PreSaveFile = new java.io.File(((pathPrefix + java.lang.Integer.toString(counter)) + .png)): null

2018-12-07 12:40:44 - [TEST_STEP][PASSED] - Statement - counter = counter + 1: null

2018-12-07 12:40:44 - [TEST_STEP][PASSED] - Statement - PreSaveFile = new java.io.File(((pathPrefix + java.lang.Integer.toString(counter)) + .png)): null

2018-12-07 12:40:44 - [TEST_STEP][PASSED] - Statement - counter = counter + 1: null

2018-12-07 12:40:44 - [TEST_STEP][PASSED] - Statement - PreSaveFile = new java.io.File(((pathPrefix + java.lang.Integer.toString(counter)) + .png)): null

2018-12-07 12:40:44 - [TEST_STEP][PASSED] - Statement - counter = counter + 1: null

2018-12-07 12:40:44 - [TEST_STEP][PASSED] - Statement - PreSaveFile = new java.io.File(((pathPrefix + java.lang.Integer.toString(counter)) + .png)): null

2018-12-07 12:40:44 - [TEST_STEP][PASSED] - Statement - counter = counter + 1: null

2018-12-07 12:40:44 - [TEST_STEP][PASSED] - Statement - PreSaveFile = new java.io.File(((pathPrefix + java.lang.Integer.toString(counter)) + .png)): null

2018-12-07 12:40:44 - [TEST_STEP][PASSED] - Statement - counter = counter + 1: null

2018-12-07 12:40:44 - [TEST_STEP][PASSED] - Statement - PreSaveFile = new java.io.File(((pathPrefix + java.lang.Integer.toString(counter)) + .png)): null

2018-12-07 12:40:44 - [TEST_STEP][PASSED] - Statement - counter = counter + 1: null

2018-12-07 12:40:44 - [TEST_STEP][PASSED] - Statement - PreSaveFile = new java.io.File(((pathPrefix + java.lang.Integer.toString(counter)) + .png)): null

2018-12-07 12:40:44 - [TEST_STEP][PASSED] - Statement - counter = counter + 1: null

2018-12-07 12:40:44 - [TEST_STEP][PASSED] - Statement - PreSaveFile = new java.io.File(((pathPrefix + java.lang.Integer.toString(counter)) + .png)): null

2018-12-07 12:40:44 - [TEST_STEP][PASSED] - Statement - counter = counter + 1: null

2018-12-07 12:40:44 - [TEST_STEP][PASSED] - Statement - PreSaveFile = new java.io.File(((pathPrefix + java.lang.Integer.toString(counter)) + .png)): null

2018-12-07 12:40:44 - [TEST_STEP][PASSED] - Statement - counter = counter + 1: null

2018-12-07 12:40:44 - [TEST_STEP][PASSED] - Statement - PreSaveFile = new java.io.File(((pathPrefix + java.lang.Integer.toString(counter)) + .png)): null

2018-12-07 12:40:44 - [TEST_STEP][PASSED] - Statement - counter = counter + 1: null

2018-12-07 12:40:44 - [TEST_STEP][PASSED] - Statement - PreSaveFile = new java.io.File(((pathPrefix + java.lang.Integer.toString(counter)) + .png)): null

2018-12-07 12:40:44 - [TEST_STEP][PASSED] - Statement - counter = counter + 1: null

2018-12-07 12:40:44 - [TEST_STEP][PASSED] - Statement - PreSaveFile = new java.io.File(((pathPrefix + java.lang.Integer.toString(counter)) + .png)): null

2018-12-07 12:40:44 - [TEST_STEP][PASSED] - Statement - counter = counter + 1: null

2018-12-07 12:40:44 - [TEST_STEP][PASSED] - Statement - PreSaveFile = new java.io.File(((pathPrefix + java.lang.Integer.toString(counter)) + .png)): null

2018-12-07 12:40:44 - [TEST_STEP][PASSED] - Statement - counter = counter + 1: null

2018-12-07 12:40:44 - [TEST_STEP][PASSED] - Statement - PreSaveFile = new java.io.File(((pathPrefix + java.lang.Integer.toString(counter)) + .png)): null

2018-12-07 12:40:44 - [TEST_STEP][PASSED] - Statement - counter = counter + 1: null

2018-12-07 12:40:44 - [TEST_STEP][PASSED] - Statement - PreSaveFile = new java.io.File(((pathPrefix + java.lang.Integer.toString(counter)) + .png)): null

2018-12-07 12:40:44 - [TEST_STEP][PASSED] - Statement - counter = counter + 1: null

2018-12-07 12:40:44 - [TEST_STEP][PASSED] - Statement - PreSaveFile = new java.io.File(((pathPrefix + java.lang.Integer.toString(counter)) + .png)): null

2018-12-07 12:40:44 - [TEST_STEP][PASSED] - Statement - counter = counter + 1: null

2018-12-07 12:40:44 - [TEST_STEP][PASSED] - Statement - PreSaveFile = new java.io.File(((pathPrefix + java.lang.Integer.toString(counter)) + .png)): null

2018-12-07 12:40:44 - [TEST_STEP][PASSED] - Statement - counter = counter + 1: null

2018-12-07 12:40:44 - [TEST_STEP][PASSED] - Statement - PreSaveFile = new java.io.File(((pathPrefix + java.lang.Integer.toString(counter)) + .png)): null

2018-12-07 12:40:44 - [TEST_STEP][PASSED] - Statement - counter = counter + 1: null

2018-12-07 12:40:44 - [TEST_STEP][PASSED] - Statement - PreSaveFile = new java.io.File(((pathPrefix + java.lang.Integer.toString(counter)) + .png)): null

2018-12-07 12:40:44 - [TEST_STEP][PASSED] - Statement - counter = counter + 1: null

2018-12-07 12:40:45 - [TEST_STEP][PASSED] - Statement - PreSaveFile = new java.io.File(((pathPrefix + java.lang.Integer.toString(counter)) + .png)): null

2018-12-07 12:40:45 - [TEST_STEP][PASSED] - Statement - counter = counter + 1: null

2018-12-07 12:40:45 - [TEST_STEP][PASSED] - Statement - PreSaveFile = new java.io.File(((pathPrefix + java.lang.Integer.toString(counter)) + .png)): null

2018-12-07 12:40:45 - [TEST_STEP][PASSED] - Statement - counter = counter + 1: null

2018-12-07 12:40:45 - [TEST_STEP][PASSED] - Statement - PreSaveFile = new java.io.File(((pathPrefix + java.lang.Integer.toString(counter)) + .png)): null

2018-12-07 12:40:45 - [TEST_STEP][PASSED] - Statement - counter = counter + 1: null

2018-12-07 12:40:45 - [TEST_STEP][PASSED] - Statement - PreSaveFile = new java.io.File(((pathPrefix + java.lang.Integer.toString(counter)) + .png)): null

2018-12-07 12:40:45 - [TEST_STEP][PASSED] - Statement - counter = counter + 1: null

2018-12-07 12:40:45 - [TEST_STEP][PASSED] - Statement - PreSaveFile = new java.io.File(((pathPrefix + java.lang.Integer.toString(counter)) + .png)): null

2018-12-07 12:40:45 - [TEST_STEP][PASSED] - Statement - counter = counter + 1: null

2018-12-07 12:40:45 - [TEST_STEP][PASSED] - Statement - PreSaveFile = new java.io.File(((pathPrefix + java.lang.Integer.toString(counter)) + .png)): null

2018-12-07 12:40:45 - [TEST_STEP][PASSED] - Statement - counter = counter + 1: null

2018-12-07 12:40:45 - [TEST_STEP][PASSED] - Statement - PreSaveFile = new java.io.File(((pathPrefix + java.lang.Integer.toString(counter)) + .png)): null

2018-12-07 12:40:45 - [TEST_STEP][PASSED] - Statement - counter = counter + 1: null

2018-12-07 12:40:45 - [TEST_STEP][PASSED] - Statement - PreSaveFile = new java.io.File(((pathPrefix + java.lang.Integer.toString(counter)) + .png)): null

2018-12-07 12:40:45 - [TEST_STEP][PASSED] - Statement - counter = counter + 1: null

2018-12-07 12:40:45 - [TEST_STEP][PASSED] - Statement - PreSaveFile = new java.io.File(((pathPrefix + java.lang.Integer.toString(counter)) + .png)): null

2018-12-07 12:40:45 - [TEST_STEP][PASSED] - Statement - counter = counter + 1: null

2018-12-07 12:40:45 - [TEST_STEP][PASSED] - Statement - PreSaveFile = new java.io.File(((pathPrefix + java.lang.Integer.toString(counter)) + .png)): null

2018-12-07 12:40:45 - [TEST_STEP][PASSED] - Statement - counter = counter + 1: null

2018-12-07 12:40:45 - [TEST_STEP][PASSED] - Statement - PreSaveFile = new java.io.File(((pathPrefix + java.lang.Integer.toString(counter)) + .png)): null

2018-12-07 12:40:45 - [TEST_STEP][PASSED] - Statement - counter = counter + 1: null

2018-12-07 12:40:45 - [TEST_STEP][PASSED] - Statement - PreSaveFile = new java.io.File(((pathPrefix + java.lang.Integer.toString(counter)) + .png)): null

2018-12-07 12:40:45 - [TEST_STEP][PASSED] - Statement - counter = counter + 1: null

2018-12-07 12:40:45 - [TEST_STEP][PASSED] - Statement - PreSaveFile = new java.io.File(((pathPrefix + java.lang.Integer.toString(counter)) + .png)): null

2018-12-07 12:40:45 - [TEST_STEP][PASSED] - Statement - counter = counter + 1: null

2018-12-07 12:40:45 - [TEST_STEP][PASSED] - Statement - PreSaveFile = new java.io.File(((pathPrefix + java.lang.Integer.toString(counter)) + .png)): null

2018-12-07 12:40:45 - [TEST_STEP][PASSED] - Statement - counter = counter + 1: null

2018-12-07 12:40:45 - [TEST_STEP][PASSED] - Statement - PreSaveFile = new java.io.File(((pathPrefix + java.lang.Integer.toString(counter)) + .png)): null

2018-12-07 12:40:46 - [TEST_STEP][PASSED] - Statement - counter = counter + 1: null

2018-12-07 12:40:46 - [TEST_STEP][PASSED] - Statement - PreSaveFile = new java.io.File(((pathPrefix + java.lang.Integer.toString(counter)) + .png)): null

2018-12-07 12:40:46 - [TEST_STEP][PASSED] - Statement - counter = counter + 1: null

2018-12-07 12:40:46 - [TEST_STEP][PASSED] - Statement - PreSaveFile = new java.io.File(((pathPrefix + java.lang.Integer.toString(counter)) + .png)): null

2018-12-07 12:40:46 - [TEST_STEP][PASSED] - Statement - counter = counter + 1: null

2018-12-07 12:40:46 - [TEST_STEP][PASSED] - Statement - PreSaveFile = new java.io.File(((pathPrefix + java.lang.Integer.toString(counter)) + .png)): null

2018-12-07 12:40:46 - [TEST_STEP][PASSED] - Statement - counter = counter + 1: null

2018-12-07 12:40:46 - [TEST_STEP][PASSED] - Statement - PreSaveFile = new java.io.File(((pathPrefix + java.lang.Integer.toString(counter)) + .png)): null

2018-12-07 12:40:46 - [TEST_STEP][PASSED] - Statement - counter = counter + 1: null

2018-12-07 12:40:46 - [TEST_STEP][PASSED] - Statement - PreSaveFile = new java.io.File(((pathPrefix + java.lang.Integer.toString(counter)) + .png)): null

2018-12-07 12:40:46 - [TEST_STEP][PASSED] - Statement - counter = counter + 1: null

2018-12-07 12:40:46 - [TEST_STEP][PASSED] - Statement - PreSaveFile = new java.io.File(((pathPrefix + java.lang.Integer.toString(counter)) + .png)): null

2018-12-07 12:40:46 - [TEST_STEP][PASSED] - Statement - counter = counter + 1: null

2018-12-07 12:40:46 - [TEST_STEP][PASSED] - Statement - PreSaveFile = new java.io.File(((pathPrefix + java.lang.Integer.toString(counter)) + .png)): null

2018-12-07 12:40:46 - [TEST_STEP][PASSED] - Statement - counter = counter + 1: null

2018-12-07 12:40:46 - [TEST_STEP][PASSED] - Statement - PreSaveFile = new java.io.File(((pathPrefix + java.lang.Integer.toString(counter)) + .png)): null

2018-12-07 12:40:46 - [TEST_STEP][PASSED] - Statement - counter = counter + 1: null

2018-12-07 12:40:46 - [TEST_STEP][PASSED] - Statement - PreSaveFile = new java.io.File(((pathPrefix + java.lang.Integer.toString(counter)) + .png)): null

2018-12-07 12:40:46 - [TEST_STEP][PASSED] - Statement - counter = counter + 1: null

2018-12-07 12:40:46 - [TEST_STEP][PASSED] - Statement - PreSaveFile = new java.io.File(((pathPrefix + java.lang.Integer.toString(counter)) + .png)): null

2018-12-07 12:40:46 - [TEST_STEP][PASSED] - Statement - counter = counter + 1: null

2018-12-07 12:40:46 - [TEST_STEP][PASSED] - Statement - PreSaveFile = new java.io.File(((pathPrefix + java.lang.Integer.toString(counter)) + .png)): null

2018-12-07 12:40:46 - [TEST_STEP][PASSED] - Statement - counter = counter + 1: null

2018-12-07 12:40:46 - [TEST_STEP][PASSED] - Statement - PreSaveFile = new java.io.File(((pathPrefix + java.lang.Integer.toString(counter)) + .png)): null

2018-12-07 12:40:46 - [TEST_STEP][PASSED] - Statement - counter = counter + 1: null

2018-12-07 12:40:46 - [TEST_STEP][PASSED] - Statement - PreSaveFile = new java.io.File(((pathPrefix + java.lang.Integer.toString(counter)) + .png)): null

2018-12-07 12:40:46 - [TEST_STEP][PASSED] - Statement - counter = counter + 1: null

2018-12-07 12:40:46 - [TEST_STEP][PASSED] - Statement - PreSaveFile = new java.io.File(((pathPrefix + java.lang.Integer.toString(counter)) + .png)): null

2018-12-07 12:40:46 - [TEST_STEP][PASSED] - Statement - counter = counter + 1: null

2018-12-07 12:40:47 - [TEST_STEP][PASSED] - Statement - PreSaveFile = new java.io.File(((pathPrefix + java.lang.Integer.toString(counter)) + .png)): null

2018-12-07 12:40:47 - [TEST_STEP][PASSED] - Statement - counter = counter + 1: null

2018-12-07 12:40:47 - [TEST_STEP][PASSED] - Statement - PreSaveFile = new java.io.File(((pathPrefix + java.lang.Integer.toString(counter)) + .png)): null

2018-12-07 12:40:47 - [TEST_STEP][PASSED] - Statement - counter = counter + 1: null

2018-12-07 12:40:47 - [TEST_STEP][PASSED] - Statement - PreSaveFile = new java.io.File(((pathPrefix + java.lang.Integer.toString(counter)) + .png)): null

2018-12-07 12:40:47 - [TEST_STEP][PASSED] - Statement - counter = counter + 1: null

2018-12-07 12:40:47 - [TEST_STEP][PASSED] - Statement - PreSaveFile = new java.io.File(((pathPrefix + java.lang.Integer.toString(counter)) + .png)): null

2018-12-07 12:40:47 - [TEST_STEP][PASSED] - Statement - counter = counter + 1: null

2018-12-07 12:40:47 - [TEST_STEP][PASSED] - Statement - PreSaveFile = new java.io.File(((pathPrefix + java.lang.Integer.toString(counter)) + .png)): null

2018-12-07 12:40:47 - [TEST_STEP][PASSED] - Statement - counter = counter + 1: null

2018-12-07 12:40:47 - [TEST_STEP][PASSED] - Statement - PreSaveFile = new java.io.File(((pathPrefix + java.lang.Integer.toString(counter)) + .png)): null

2018-12-07 12:40:47 - [TEST_STEP][PASSED] - Statement - counter = counter + 1: null

2018-12-07 12:40:47 - [TEST_STEP][PASSED] - Statement - PreSaveFile = new java.io.File(((pathPrefix + java.lang.Integer.toString(counter)) + .png)): null

2018-12-07 12:40:47 - [TEST_STEP][PASSED] - Statement - counter = counter + 1: null

2018-12-07 12:40:47 - [TEST_STEP][PASSED] - Statement - PreSaveFile = new java.io.File(((pathPrefix + java.lang.Integer.toString(counter)) + .png)): null

2018-12-07 12:40:47 - [TEST_STEP][PASSED] - Statement - counter = counter + 1: null

2018-12-07 12:40:47 - [TEST_STEP][PASSED] - Statement - PreSaveFile = new java.io.File(((pathPrefix + java.lang.Integer.toString(counter)) + .png)): null

2018-12-07 12:40:47 - [TEST_STEP][PASSED] - Statement - counter = counter + 1: null

2018-12-07 12:40:47 - [TEST_STEP][PASSED] - Statement - PreSaveFile = new java.io.File(((pathPrefix + java.lang.Integer.toString(counter)) + .png)): null

2018-12-07 12:40:47 - [TEST_STEP][PASSED] - Statement - counter = counter + 1: null

2018-12-07 12:40:47 - [TEST_STEP][PASSED] - Statement - PreSaveFile = new java.io.File(((pathPrefix + java.lang.Integer.toString(counter)) + .png)): null

2018-12-07 12:40:47 - [TEST_STEP][PASSED] - Statement - counter = counter + 1: null

2018-12-07 12:40:47 - [TEST_STEP][PASSED] - Statement - PreSaveFile = new java.io.File(((pathPrefix + java.lang.Integer.toString(counter)) + .png)): null

2018-12-07 12:40:47 - [TEST_STEP][PASSED] - Statement - counter = counter + 1: null

2018-12-07 12:40:47 - [TEST_STEP][PASSED] - Statement - PreSaveFile = new java.io.File(((pathPrefix + java.lang.Integer.toString(counter)) + .png)): null

2018-12-07 12:40:47 - [TEST_STEP][PASSED] - Statement - counter = counter + 1: null

2018-12-07 12:40:47 - [TEST_STEP][PASSED] - Statement - PreSaveFile = new java.io.File(((pathPrefix + java.lang.Integer.toString(counter)) + .png)): null

2018-12-07 12:40:47 - [TEST_STEP][PASSED] - Statement - counter = counter + 1: null

2018-12-07 12:40:48 - [TEST_STEP][PASSED] - Statement - PreSaveFile = new java.io.File(((pathPrefix + java.lang.Integer.toString(counter)) + .png)): null

2018-12-07 12:40:48 - [TEST_STEP][PASSED] - Statement - counter = counter + 1: null

2018-12-07 12:40:48 - [TEST_STEP][PASSED] - Statement - PreSaveFile = new java.io.File(((pathPrefix + java.lang.Integer.toString(counter)) + .png)): null

2018-12-07 12:40:48 - [TEST_STEP][PASSED] - Statement - counter = counter + 1: null

2018-12-07 12:40:48 - [TEST_STEP][PASSED] - Statement - PreSaveFile = new java.io.File(((pathPrefix + java.lang.Integer.toString(counter)) + .png)): null

2018-12-07 12:40:48 - [TEST_STEP][PASSED] - Statement - counter = counter + 1: null

2018-12-07 12:40:48 - [TEST_STEP][PASSED] - Statement - PreSaveFile = new java.io.File(((pathPrefix + java.lang.Integer.toString(counter)) + .png)): null

2018-12-07 12:40:48 - [TEST_STEP][PASSED] - Statement - counter = counter + 1: null

2018-12-07 12:40:48 - [TEST_STEP][PASSED] - Statement - PreSaveFile = new java.io.File(((pathPrefix + java.lang.Integer.toString(counter)) + .png)): null

2018-12-07 12:40:48 - [TEST_STEP][PASSED] - Statement - counter = counter + 1: null

2018-12-07 12:40:48 - [TEST_STEP][PASSED] - Statement - PreSaveFile = new java.io.File(((pathPrefix + java.lang.Integer.toString(counter)) + .png)): null

2018-12-07 12:40:48 - [TEST_STEP][PASSED] - Statement - counter = counter + 1: null

2018-12-07 12:40:48 - [TEST_STEP][PASSED] - Statement - PreSaveFile = new java.io.File(((pathPrefix + java.lang.Integer.toString(counter)) + .png)): null

2018-12-07 12:40:48 - [TEST_STEP][PASSED] - Statement - counter = counter + 1: null

2018-12-07 12:40:48 - [TEST_STEP][PASSED] - Statement - PreSaveFile = new java.io.File(((pathPrefix + java.lang.Integer.toString(counter)) + .png)): null

2018-12-07 12:40:48 - [TEST_STEP][PASSED] - Statement - counter = counter + 1: null

2018-12-07 12:40:48 - [TEST_STEP][PASSED] - Statement - PreSaveFile = new java.io.File(((pathPrefix + java.lang.Integer.toString(counter)) + .png)): null

2018-12-07 12:40:48 - [TEST_STEP][PASSED] - Statement - counter = counter + 1: null

2018-12-07 12:40:48 - [TEST_STEP][PASSED] - Statement - PreSaveFile = new java.io.File(((pathPrefix + java.lang.Integer.toString(counter)) + .png)): null

2018-12-07 12:40:48 - [TEST_STEP][PASSED] - Statement - counter = counter + 1: null

2018-12-07 12:40:48 - [TEST_STEP][PASSED] - Statement - PreSaveFile = new java.io.File(((pathPrefix + java.lang.Integer.toString(counter)) + .png)): null

2018-12-07 12:40:48 - [TEST_STEP][PASSED] - Statement - counter = counter + 1: null

2018-12-07 12:40:48 - [TEST_STEP][PASSED] - Statement - PreSaveFile = new java.io.File(((pathPrefix + java.lang.Integer.toString(counter)) + .png)): null

2018-12-07 12:40:48 - [TEST_STEP][PASSED] - Statement - counter = counter + 1: null

2018-12-07 12:40:48 - [TEST_STEP][PASSED] - Statement - PreSaveFile = new java.io.File(((pathPrefix + java.lang.Integer.toString(counter)) + .png)): null

2018-12-07 12:40:48 - [TEST_STEP][PASSED] - Statement - counter = counter + 1: null

2018-12-07 12:40:48 - [TEST_STEP][PASSED] - Statement - PreSaveFile = new java.io.File(((pathPrefix + java.lang.Integer.toString(counter)) + .png)): null

2018-12-07 12:40:48 - [TEST_STEP][PASSED] - Statement - counter = counter + 1: null

2018-12-07 12:40:48 - [TEST_STEP][PASSED] - Statement - PreSaveFile = new java.io.File(((pathPrefix + java.lang.Integer.toString(counter)) + .png)): null

2018-12-07 12:40:49 - [TEST_STEP][PASSED] - Statement - counter = counter + 1: null

2018-12-07 12:40:49 - [TEST_STEP][PASSED] - Statement - PreSaveFile = new java.io.File(((pathPrefix + java.lang.Integer.toString(counter)) + .png)): null

2018-12-07 12:40:49 - [TEST_STEP][PASSED] - Statement - counter = counter + 1: null

2018-12-07 12:40:49 - [TEST_STEP][PASSED] - Statement - PreSaveFile = new java.io.File(((pathPrefix + java.lang.Integer.toString(counter)) + .png)): null

2018-12-07 12:40:49 - [TEST_STEP][PASSED] - Statement - counter = counter + 1: null

2018-12-07 12:40:49 - [TEST_STEP][PASSED] - Statement - PreSaveFile = new java.io.File(((pathPrefix + java.lang.Integer.toString(counter)) + .png)): null

2018-12-07 12:40:49 - [TEST_STEP][PASSED] - Statement - counter = counter + 1: null

2018-12-07 12:40:49 - [TEST_STEP][PASSED] - Statement - PreSaveFile = new java.io.File(((pathPrefix + java.lang.Integer.toString(counter)) + .png)): null

2018-12-07 12:40:49 - [TEST_STEP][PASSED] - Statement - counter = counter + 1: null

2018-12-07 12:40:49 - [TEST_STEP][PASSED] - Statement - PreSaveFile = new java.io.File(((pathPrefix + java.lang.Integer.toString(counter)) + .png)): null

2018-12-07 12:40:49 - [TEST_STEP][PASSED] - Statement - counter = counter + 1: null

2018-12-07 12:40:49 - [TEST_STEP][PASSED] - Statement - PreSaveFile = new java.io.File(((pathPrefix + java.lang.Integer.toString(counter)) + .png)): null

2018-12-07 12:40:49 - [TEST_STEP][PASSED] - Statement - counter = counter + 1: null

2018-12-07 12:40:49 - [TEST_STEP][PASSED] - Statement - PreSaveFile = new java.io.File(((pathPrefix + java.lang.Integer.toString(counter)) + .png)): null

2018-12-07 12:40:49 - [TEST_STEP][PASSED] - Statement - counter = counter + 1: null

2018-12-07 12:40:49 - [TEST_STEP][PASSED] - Statement - PreSaveFile = new java.io.File(((pathPrefix + java.lang.Integer.toString(counter)) + .png)): null

2018-12-07 12:40:49 - [TEST_STEP][PASSED] - Statement - counter = counter + 1: null

2018-12-07 12:40:49 - [TEST_STEP][PASSED] - Statement - PreSaveFile = new java.io.File(((pathPrefix + java.lang.Integer.toString(counter)) + .png)): null

2018-12-07 12:40:49 - [TEST_STEP][PASSED] - Statement - counter = counter + 1: null

2018-12-07 12:40:49 - [TEST_STEP][PASSED] - Statement - PreSaveFile = new java.io.File(((pathPrefix + java.lang.Integer.toString(counter)) + .png)): null

2018-12-07 12:40:49 - [TEST_STEP][PASSED] - Statement - counter = counter + 1: null

2018-12-07 12:40:49 - [TEST_STEP][PASSED] - Statement - PreSaveFile = new java.io.File(((pathPrefix + java.lang.Integer.toString(counter)) + .png)): null

2018-12-07 12:40:49 - [TEST_STEP][PASSED] - Statement - counter = counter + 1: null

2018-12-07 12:40:49 - [TEST_STEP][PASSED] - Statement - PreSaveFile = new java.io.File(((pathPrefix + java.lang.Integer.toString(counter)) + .png)): null

2018-12-07 12:40:49 - [TEST_STEP][PASSED] - Statement - counter = counter + 1: null

2018-12-07 12:40:49 - [TEST_STEP][PASSED] - Statement - PreSaveFile = new java.io.File(((pathPrefix + java.lang.Integer.toString(counter)) + .png)): null

2018-12-07 12:40:49 - [TEST_STEP][PASSED] - Statement - counter = counter + 1: null

2018-12-07 12:40:49 - [TEST_STEP][PASSED] - Statement - PreSaveFile = new java.io.File(((pathPrefix + java.lang.Integer.toString(counter)) + .png)): null

2018-12-07 12:40:49 - [TEST_STEP][PASSED] - Statement - counter = counter + 1: null

2018-12-07 12:40:49 - [TEST_STEP][PASSED] - Statement - PreSaveFile = new java.io.File(((pathPrefix + java.lang.Integer.toString(counter)) + .png)): null

2018-12-07 12:40:49 - [TEST_STEP][PASSED] - Statement - counter = counter + 1: null

2018-12-07 12:40:49 - [TEST_STEP][PASSED] - Statement - PreSaveFile = new java.io.File(((pathPrefix + java.lang.Integer.toString(counter)) + .png)): null

2018-12-07 12:40:49 - [TEST_STEP][PASSED] - Statement - counter = counter + 1: null

2018-12-07 12:40:49 - [TEST_STEP][PASSED] - Statement - PreSaveFile = new java.io.File(((pathPrefix + java.lang.Integer.toString(counter)) + .png)): null

2018-12-07 12:40:49 - [TEST_STEP][PASSED] - Statement - counter = counter + 1: null

2018-12-07 12:40:49 - [TEST_STEP][PASSED] - Statement - PreSaveFile = new java.io.File(((pathPrefix + java.lang.Integer.toString(counter)) + .png)): null

2018-12-07 12:40:49 - [TEST_STEP][PASSED] - Statement - counter = counter + 1: null

2018-12-07 12:40:49 - [TEST_STEP][PASSED] - Statement - PreSaveFile = new java.io.File(((pathPrefix + java.lang.Integer.toString(counter)) + .png)): null

2018-12-07 12:40:49 - [TEST_STEP][PASSED] - Statement - counter = counter + 1: null

2018-12-07 12:40:50 - [TEST_STEP][PASSED] - Statement - PreSaveFile = new java.io.File(((pathPrefix + java.lang.Integer.toString(counter)) + .png)): null

2018-12-07 12:40:50 - [TEST_STEP][PASSED] - Statement - counter = counter + 1: null

2018-12-07 12:40:50 - [TEST_STEP][PASSED] - Statement - PreSaveFile = new java.io.File(((pathPrefix + java.lang.Integer.toString(counter)) + .png)): null

2018-12-07 12:40:50 - [TEST_STEP][PASSED] - Statement - counter = counter + 1: null

2018-12-07 12:40:50 - [TEST_STEP][PASSED] - Statement - PreSaveFile = new java.io.File(((pathPrefix + java.lang.Integer.toString(counter)) + .png)): null

2018-12-07 12:40:50 - [TEST_STEP][PASSED] - Statement - counter = counter + 1: null

2018-12-07 12:40:50 - [TEST_STEP][PASSED] - Statement - PreSaveFile = new java.io.File(((pathPrefix + java.lang.Integer.toString(counter)) + .png)): null

2018-12-07 12:40:50 - [TEST_STEP][PASSED] - Statement - counter = counter + 1: null

2018-12-07 12:40:50 - [TEST_STEP][PASSED] - Statement - PreSaveFile = new java.io.File(((pathPrefix + java.lang.Integer.toString(counter)) + .png)): null

2018-12-07 12:40:50 - [TEST_STEP][PASSED] - Statement - counter = counter + 1: null

2018-12-07 12:40:50 - [TEST_STEP][PASSED] - Statement - PreSaveFile = new java.io.File(((pathPrefix + java.lang.Integer.toString(counter)) + .png)): null

2018-12-07 12:40:50 - [TEST_STEP][PASSED] - Statement - counter = counter + 1: null

2018-12-07 12:40:50 - [TEST_STEP][PASSED] - Statement - PreSaveFile = new java.io.File(((pathPrefix + java.lang.Integer.toString(counter)) + .png)): null

2018-12-07 12:40:50 - [TEST_STEP][PASSED] - Statement - counter = counter + 1: null

2018-12-07 12:40:50 - [TEST_STEP][PASSED] - Statement - PreSaveFile = new java.io.File(((pathPrefix + java.lang.Integer.toString(counter)) + .png)): null

2018-12-07 12:40:50 - [TEST_STEP][PASSED] - Statement - counter = counter + 1: null

2018-12-07 12:40:50 - [TEST_STEP][PASSED] - Statement - PreSaveFile = new java.io.File(((pathPrefix + java.lang.Integer.toString(counter)) + .png)): null

2018-12-07 12:40:50 - [TEST_STEP][PASSED] - Statement - counter = counter + 1: null

2018-12-07 12:40:50 - [TEST_STEP][PASSED] - Statement - PreSaveFile = new java.io.File(((pathPrefix + java.lang.Integer.toString(counter)) + .png)): null

2018-12-07 12:40:50 - [TEST_STEP][PASSED] - Statement - counter = counter + 1: null

2018-12-07 12:40:50 - [TEST_STEP][PASSED] - Statement - PreSaveFile = new java.io.File(((pathPrefix + java.lang.Integer.toString(counter)) + .png)): null

2018-12-07 12:40:50 - [TEST_STEP][PASSED] - Statement - counter = counter + 1: null

2018-12-07 12:40:50 - [TEST_STEP][PASSED] - Statement - PreSaveFile = new java.io.File(((pathPrefix + java.lang.Integer.toString(counter)) + .png)): null

2018-12-07 12:40:50 - [TEST_STEP][PASSED] - Statement - counter = counter + 1: null

2018-12-07 12:40:50 - [TEST_STEP][PASSED] - Statement - PreSaveFile = new java.io.File(((pathPrefix + java.lang.Integer.toString(counter)) + .png)): null

2018-12-07 12:40:50 - [TEST_STEP][PASSED] - Statement - counter = counter + 1: null

2018-12-07 12:40:50 - [TEST_STEP][PASSED] - Statement - PreSaveFile = new java.io.File(((pathPrefix + java.lang.Integer.toString(counter)) + .png)): null

2018-12-07 12:40:50 - [TEST_STEP][PASSED] - Statement - counter = counter + 1: null

2018-12-07 12:40:51 - [TEST_STEP][PASSED] - Statement - PreSaveFile = new java.io.File(((pathPrefix + java.lang.Integer.toString(counter)) + .png)): null

2018-12-07 12:40:51 - [TEST_STEP][PASSED] - Statement - counter = counter + 1: null

2018-12-07 12:40:51 - [TEST_STEP][PASSED] - Statement - PreSaveFile = new java.io.File(((pathPrefix + java.lang.Integer.toString(counter)) + .png)): null

2018-12-07 12:40:51 - [TEST_STEP][PASSED] - Statement - counter = counter + 1: null

2018-12-07 12:40:51 - [TEST_STEP][PASSED] - Statement - PreSaveFile = new java.io.File(((pathPrefix + java.lang.Integer.toString(counter)) + .png)): null

2018-12-07 12:40:51 - [TEST_STEP][PASSED] - Statement - counter = counter + 1: null

2018-12-07 12:40:51 - [TEST_STEP][PASSED] - Statement - PreSaveFile = new java.io.File(((pathPrefix + java.lang.Integer.toString(counter)) + .png)): null

2018-12-07 12:40:51 - [TEST_STEP][PASSED] - Statement - finalPath = pathPrefix + java.lang.Integer.toString(counter) + ".png": null

2018-12-07 12:40:51 - [TEST_STEP][PASSED] - Statement - SaveFile = new java.io.File(finalPath): null

2018-12-07 12:40:51 - [TEST_STEP][PASSED] - Statement - Try: null

2018-12-07 12:40:51 - [TEST_STEP][PASSED] - Statement - org.apache.commons.io.FileUtils.copyFile(scrFile, SaveFile): null

2018-12-07 12:40:51 - [TEST_STEP][PASSED] - Statement - out.println("file kept"): null

2018-12-07 12:40:51 - [TEST_STEP][PASSED] - delay: Delayed 10 second(s)

2018-12-07 12:41:01 - [MESSAGE][PASSED] - Delayed 10 second(s)

2018-12-07 12:41:01 - [MESSAGE][PASSED] - Call Test Case 'Test Cases/Final Aug 2018 - PKS Automation/Common/Screenshoting tool' successfully

2018-12-07 12:41:01 - [TEST_STEP][PASSED] - callTestCase: Call Test Case 'Test Cases/Final Aug 2018 - PKS Automation/Registration Module/Log Out/log out avoiding katalon tagging' successfully

2018-12-07 12:41:01 - [TEST_CASE][PASSED] - Test Cases/Final Aug 2018 - PKS Automation/Registration Module/Log Out/log out avoiding katalon tagging: Test Cases/Final Aug 2018 - PKS Automation/Registration Module/Log Out/log out avoiding katalon tagging

2018-12-07 12:41:01 - [TEST_STEP][PASSED] - navigateToUrl: Navigate to 'https://assist2-uat.perkeso.gov.my/c/portal/logout' successfully

2018-12-07 12:41:02 - [MESSAGE][PASSED] - Navigate to 'https://assist2-uat.perkeso.gov.my/c/portal/logout' successfully

2018-12-07 12:41:02 - [MESSAGE][PASSED] - Call Test Case 'Test Cases/Final Aug 2018 - PKS Automation/Registration Module/Log Out/log out avoiding katalon tagging' successfully

2018-12-07 12:41:02 - [TEST_STEP][PASSED] - callTestCase: Call Test Case 'Test Cases/Final Aug 2018 - PKS Automation/Common/Workflow Owner Finder' successfully

2018-12-07 12:41:02 - [TEST_CASE][PASSED] - Test Cases/Final Aug 2018 - PKS Automation/Common/Workflow Owner Finder: Test Cases/Final Aug 2018 - PKS Automation/Common/Workflow Owner Finder

2018-12-07 12:41:02 - [TEST_STEP][PASSED] - openBrowser: Browser is opened with url: ''

2018-12-07 12:41:02 - [MESSAGE][WARNING] - A browser is already opened. Closing browser and opening a new one

2018-12-07 12:41:05 - [MESSAGE][PASSED] - Browser is opened with url: ''

2018-12-07 12:41:05 - [TEST_STEP][PASSED] - navigateToUrl: Navigate to 'https://assist2-uat.perkeso.gov.my/login' successfully

2018-12-07 12:41:06 - [MESSAGE][PASSED] - Navigate to 'https://assist2-uat.perkeso.gov.my/login' successfully

2018-12-07 12:41:06 - [TEST_STEP][PASSED] - delay: Delayed 5 second(s)

2018-12-07 12:41:11 - [MESSAGE][PASSED] - Delayed 5 second(s)

2018-12-07 12:41:11 - [TEST_STEP][PASSED] - setText: Text 'test@liferay.com' is set on object 'Object Repository/Final Object Repo/Login Page/Internal User/Email Address'

2018-12-07 12:41:11 - [MESSAGE][PASSED] - Text 'test@liferay.com' is set on object 'Object Repository/Final Object Repo/Login Page/Internal User/Email Address'

2018-12-07 12:41:11 - [TEST_STEP][PASSED] - click: Object: 'Object Repository/Final Object Repo/Login Page/Internal User/Next Button' is clicked on

2018-12-07 12:41:12 - [MESSAGE][PASSED] - Object: 'Object Repository/Final Object Repo/Login Page/Internal User/Next Button' is clicked on

2018-12-07 12:41:12 - [TEST_STEP][PASSED] - delay: Delayed 2 second(s)

2018-12-07 12:41:14 - [MESSAGE][PASSED] - Delayed 2 second(s)

2018-12-07 12:41:14 - [TEST_STEP][PASSED] - setText: Text 'test' is set on object 'Object Repository/Final Object Repo/Login Page/Internal User/Password'

2018-12-07 12:41:14 - [MESSAGE][PASSED] - Text 'test' is set on object 'Object Repository/Final Object Repo/Login Page/Internal User/Password'

2018-12-07 12:41:14 - [TEST_STEP][PASSED] - delay: Delayed 2 second(s)

2018-12-07 12:41:16 - [MESSAGE][PASSED] - Delayed 2 second(s)

2018-12-07 12:41:16 - [TEST_STEP][PASSED] - click: Object: 'Object Repository/Final Object Repo/Login Page/Internal User/Login Button' is clicked on

2018-12-07 12:41:16 - [MESSAGE][PASSED] - Object: 'Object Repository/Final Object Repo/Login Page/Internal User/Login Button' is clicked on

2018-12-07 12:41:16 - [TEST_STEP][PASSED] - Statement - tester = com.kms.katalon.core.testobject.ObjectRepository.findTestObject(Final Object Repo/Landing Page/Select to English): Finding Test Object with id 'Object Repository/Final Object Repo/Landing Page/Select to English'

2018-12-07 12:41:16 - [TEST_STEP][PASSED] - Statement - Try: Delayed 2 second(s)

2018-12-07 12:41:16 - [TEST_STEP][PASSED] - Statement - Checker = com.kms.katalon.core.webui.keyword.WebUiBuiltInKeywords.verifyElementNotPresent(tester, 3): Web element with id: 'Object Repository/Final Object Repo/Landing Page/Select to English' located by 'By.xpath: //a[@class = 'taglib-language-list-text' and @lang = 'en-US' and (contains(text(), 'EN') or contains(., 'EN'))]' is not present after '3' second(s)

2018-12-07 12:41:18 - [MESSAGE][PASSED] - Web element with id: 'Object Repository/Final Object Repo/Landing Page/Select to English' located by 'By.xpath: //a[@class = 'taglib-language-list-text' and @lang = 'en-US' and (contains(text(), 'EN') or contains(., 'EN'))]' is not present after '3' second(s)

2018-12-07 12:41:18 - [TEST_STEP][PASSED] - Statement - If (Checker == false): null

2018-12-07 12:41:18 - [TEST_STEP][PASSED] - delay: Delayed 2 second(s)

2018-12-07 12:41:20 - [MESSAGE][PASSED] - Delayed 2 second(s)

2018-12-07 12:41:20 - [TEST_STEP][PASSED] - delay: Delayed 5 second(s)

2018-12-07 12:41:25 - [MESSAGE][PASSED] - Delayed 5 second(s)

2018-12-07 12:41:25 - [TEST_STEP][PASSED] - mouseOver: Object: 'Object Repository/Final Object Repo/Landing Page/WorkFlow Menu' is hovered

2018-12-07 12:41:25 - [MESSAGE][PASSED] - Object: 'Object Repository/Final Object Repo/Landing Page/WorkFlow Menu' is hovered

2018-12-07 12:41:25 - [TEST_STEP][PASSED] - delay: Delayed 2 second(s)

2018-12-07 12:41:27 - [MESSAGE][PASSED] - Delayed 2 second(s)

2018-12-07 12:41:27 - [TEST_STEP][PASSED] - click: Object: 'Object Repository/Final Object Repo/Landing Page/Select to Workflow Listing' is clicked on

2018-12-07 12:41:28 - [MESSAGE][PASSED] - Object: 'Object Repository/Final Object Repo/Landing Page/Select to Workflow Listing' is clicked on

2018-12-07 12:41:28 - [TEST_STEP][PASSED] - delay: Delayed 2 second(s)

2018-12-07 12:41:30 - [MESSAGE][PASSED] - Delayed 2 second(s)

2018-12-07 12:41:30 - [TEST_STEP][PASSED] - click: Object: 'Object Repository/Final Object Repo/WorkFlow Listing Page/Search Information - To Put Ref No' is clicked on

2018-12-07 12:41:31 - [MESSAGE][PASSED] - Object: 'Object Repository/Final Object Repo/WorkFlow Listing Page/Search Information - To Put Ref No' is clicked on

2018-12-07 12:41:31 - [TEST_STEP][PASSED] - delay: Delayed 2 second(s)

2018-12-07 12:41:33 - [MESSAGE][PASSED] - Delayed 2 second(s)

2018-12-07 12:41:33 - [TEST_STEP][PASSED] - callTestCase: Call Test Case 'Test Cases/Final Aug 2018 - PKS Automation/Common/Reference Number Getter' successfully

2018-12-07 12:41:33 - [TEST_CASE][PASSED] - Test Cases/Final Aug 2018 - PKS Automation/Common/Reference Number Getter: Test Cases/Final Aug 2018 - PKS Automation/Common/Reference Number Getter

2018-12-07 12:41:33 - [TEST_STEP][PASSED] - Statement - Try: null

2018-12-07 12:41:33 - [TEST_STEP][PASSED] - Statement - RefNo = new java.io.File(C://Users//Admin//Desktop//PKS//Automation Reference Point//KatalonReference.txt): null

2018-12-07 12:41:33 - [TEST_STEP][PASSED] - Statement - bufferread = new java.io.BufferedReader(new java.io.FileReader(RefNo)): null

2018-12-07 12:41:33 - [TEST_STEP][PASSED] - Statement - readedVal = bufferread.readLine(): null

2018-12-07 12:41:33 - [TEST_STEP][PASSED] - Statement - out.println(CaseReferenceNo): null

2018-12-07 12:41:33 - [TEST_STEP][PASSED] - Statement - out.println(readedVal): null

2018-12-07 12:41:33 - [TEST_STEP][PASSED] - Statement - CaseReferenceNo = "": null

2018-12-07 12:41:33 - [TEST_STEP][PASSED] - Statement - CaseReferenceNo = readedVal: null

2018-12-07 12:41:33 - [MESSAGE][PASSED] - Call Test Case 'Test Cases/Final Aug 2018 - PKS Automation/Common/Reference Number Getter' successfully

2018-12-07 12:41:33 - [TEST_STEP][PASSED] - setText: Text 'CAN12201800002291' is set on object 'Object Repository/Final Object Repo/WorkFlow Listing Page/Ref No Set Text'

2018-12-07 12:41:33 - [MESSAGE][PASSED] - Text 'CAN12201800002291' is set on object 'Object Repository/Final Object Repo/WorkFlow Listing Page/Ref No Set Text'

2018-12-07 12:41:33 - [TEST_STEP][PASSED] - delay: Delayed 2 second(s)

2018-12-07 12:41:35 - [MESSAGE][PASSED] - Delayed 2 second(s)

2018-12-07 12:41:35 - [TEST_STEP][PASSED] - click: Object: 'Object Repository/Final Object Repo/WorkFlow Listing Page/Search Ref No Search Button' is clicked on

2018-12-07 12:41:35 - [MESSAGE][PASSED] - Object: 'Object Repository/Final Object Repo/WorkFlow Listing Page/Search Ref No Search Button' is clicked on

2018-12-07 12:41:35 - [TEST_STEP][PASSED] - delay: Delayed 6 second(s)

2018-12-07 12:41:41 - [MESSAGE][PASSED] - Delayed 6 second(s)

2018-12-07 12:41:41 - [TEST_STEP][PASSED] - click: Object: 'Object Repository/Final Object Repo/WorkFlow Listing Page/Click Continue Tooltip' is clicked on

2018-12-07 12:41:42 - [MESSAGE][PASSED] - Object: 'Object Repository/Final Object Repo/WorkFlow Listing Page/Click Continue Tooltip' is clicked on

2018-12-07 12:41:42 - [TEST_STEP][PASSED] - delay: Delayed 5 second(s)

2018-12-07 12:41:47 - [MESSAGE][PASSED] - Delayed 5 second(s)

2018-12-07 12:41:47 - [TEST_STEP][PASSED] - doubleClick: Object: 'Object Repository/Final Object Repo/WorkFlow Listing Page/Workflow Found - Listing 1' is double clicked on

2018-12-07 12:41:48 - [MESSAGE][PASSED] - Object: 'Object Repository/Final Object Repo/WorkFlow Listing Page/Workflow Found - Listing 1' is double clicked on

2018-12-07 12:41:48 - [TEST_STEP][PASSED] - Statement - println(OwnerID): null

2018-12-07 12:41:48 - [TEST_STEP][PASSED] - Statement - OwnerID = com.kms.katalon.core.webui.keyword.WebUiBuiltInKeywords.getText(com.kms.katalon.core.testobject.ObjectRepository.findTestObject(Final Object Repo/WorkFlow Listing Page/Workflow Found - Listing 1), STOP_ON_FAILURE): Text of object 'Object Repository/Final Object Repo/WorkFlow Listing Page/Workflow Found - Listing 1' is: 'JOHORro2'

2018-12-07 12:41:48 - [MESSAGE][PASSED] - Text of object 'Object Repository/Final Object Repo/WorkFlow Listing Page/Workflow Found - Listing 1' is: 'JOHORro2'

2018-12-07 12:41:48 - [TEST_STEP][PASSED] - Statement - OwnerID = OwnerID.toLowerCase() + "@gmail.com": null

2018-12-07 12:41:48 - [TEST_STEP][PASSED] - Statement - println(OwnerID): null

2018-12-07 12:41:48 - [TEST_STEP][PASSED] - delay: Delayed 2 second(s)

2018-12-07 12:41:50 - [MESSAGE][PASSED] - Delayed 2 second(s)

2018-12-07 12:41:50 - [MESSAGE][PASSED] - Call Test Case 'Test Cases/Final Aug 2018 - PKS Automation/Common/Workflow Owner Finder' successfully

2018-12-07 12:41:50 - [TEST_STEP][PASSED] - callTestCase: Call Test Case 'Test Cases/Final Aug 2018 - PKS Automation/Registration Module/Log Out/log out avoiding katalon tagging' successfully

2018-12-07 12:41:50 - [TEST_CASE][PASSED] - Test Cases/Final Aug 2018 - PKS Automation/Registration Module/Log Out/log out avoiding katalon tagging: Test Cases/Final Aug 2018 - PKS Automation/Registration Module/Log Out/log out avoiding katalon tagging

2018-12-07 12:41:50 - [TEST_STEP][PASSED] - navigateToUrl: Navigate to 'https://assist2-uat.perkeso.gov.my/c/portal/logout' successfully

2018-12-07 12:41:50 - [MESSAGE][PASSED] - Navigate to 'https://assist2-uat.perkeso.gov.my/c/portal/logout' successfully

2018-12-07 12:41:50 - [MESSAGE][PASSED] - Call Test Case 'Test Cases/Final Aug 2018 - PKS Automation/Registration Module/Log Out/log out avoiding katalon tagging' successfully

2018-12-07 12:41:50 - [TEST_STEP][PASSED] - delay: Delayed 2 second(s)

2018-12-07 12:41:52 - [MESSAGE][PASSED] - Delayed 2 second(s)

2018-12-07 12:41:52 - [TEST_STEP][PASSED] - setText: Text 'johorro2@gmail.com' is set on object 'Object Repository/Final Object Repo/Page_Update Add New Employee - ASSIST/Email TextBox'

2018-12-07 12:41:53 - [MESSAGE][PASSED] - Text 'johorro2@gmail.com' is set on object 'Object Repository/Final Object Repo/Page_Update Add New Employee - ASSIST/Email TextBox'

2018-12-07 12:41:53 - [TEST_STEP][PASSED] - click: Object: 'Object Repository/Final Object Repo/Page_Update Add New Employee - ASSIST/Next Button' is clicked on

2018-12-07 12:41:53 - [MESSAGE][PASSED] - Object: 'Object Repository/Final Object Repo/Page_Update Add New Employee - ASSIST/Next Button' is clicked on

2018-12-07 12:41:53 - [TEST_STEP][PASSED] - delay: Delayed 2 second(s)

2018-12-07 12:41:55 - [MESSAGE][PASSED] - Delayed 2 second(s)

2018-12-07 12:41:55 - [TEST_STEP][PASSED] - setText: Text 'Test1@3456789' is set on object 'Object Repository/Final Object Repo/Page_Update Add New Employee - ASSIST/Password TextBox'

2018-12-07 12:41:55 - [MESSAGE][PASSED] - Text 'Test1@3456789' is set on object 'Object Repository/Final Object Repo/Page_Update Add New Employee - ASSIST/Password TextBox'

2018-12-07 12:41:55 - [TEST_STEP][PASSED] - delay: Delayed 2 second(s)

2018-12-07 12:41:57 - [MESSAGE][PASSED] - Delayed 2 second(s)

2018-12-07 12:41:57 - [TEST_STEP][PASSED] - click: Object: 'Object Repository/Final Object Repo/Page_Update Add New Employee - ASSIST/Login Button' is clicked on

2018-12-07 12:41:57 - [MESSAGE][PASSED] - Object: 'Object Repository/Final Object Repo/Page_Update Add New Employee - ASSIST/Login Button' is clicked on

2018-12-07 12:41:57 - [TEST_STEP][PASSED] - delay: Delayed 4 second(s)

2018-12-07 12:42:01 - [MESSAGE][PASSED] - Delayed 4 second(s)

2018-12-07 12:42:01 - [TEST_STEP][PASSED] - Statement - Try: Delayed 2 second(s)

2018-12-07 12:42:01 - [TEST_STEP][PASSED] - Statement - Checker = false: null

2018-12-07 12:42:01 - [TEST_STEP][PASSED] - Statement - Checker = com.kms.katalon.core.webui.keyword.WebUiBuiltInKeywords.verifyElementHasAttribute(com.kms.katalon.core.testobject.ObjectRepository.findTestObject(Final Object Repo/Landing Page/BM Detecting), "href", 20, OPTIONAL): Object 'Object Repository/Final Object Repo/Landing Page/BM Detecting' has attribute 'href'

2018-12-07 12:42:02 - [MESSAGE][PASSED] - Object 'Object Repository/Final Object Repo/Landing Page/BM Detecting' has attribute 'href'

2018-12-07 12:42:02 - [TEST_STEP][PASSED] - Statement - out.println(Checker): null

2018-12-07 12:42:02 - [TEST_STEP][PASSED] - Statement - If (Checker == false): null

2018-12-07 12:42:02 - [TEST_STEP][PASSED] - Statement - Else: null

2018-12-07 12:42:02 - [TEST_STEP][PASSED] - delay: Delayed 2 second(s)

2018-12-07 12:42:04 - [MESSAGE][PASSED] - Delayed 2 second(s)

2018-12-07 12:42:04 - [TEST_STEP][PASSED] - delay: Delayed 4 second(s)

2018-12-07 12:42:08 - [MESSAGE][PASSED] - Delayed 4 second(s)

2018-12-07 12:42:08 - [TEST_STEP][PASSED] - click: Object: 'Object Repository/Final Object Repo/New Registration - Registration Module Pages/New Reg - OTC to RO/Special Case - All Related Objects/Expand to Search' is clicked on

2018-12-07 12:42:08 - [MESSAGE][PASSED] - Object: 'Object Repository/Final Object Repo/New Registration - Registration Module Pages/New Reg - OTC to RO/Special Case - All Related Objects/Expand to Search' is clicked on

2018-12-07 12:42:08 - [TEST_STEP][PASSED] - delay: Delayed 2 second(s)

2018-12-07 12:42:10 - [MESSAGE][PASSED] - Delayed 2 second(s)

2018-12-07 12:42:10 - [TEST_STEP][PASSED] - setText: Text 'CAN12201800002291' is set on object 'Object Repository/Final Object Repo/New Registration - Registration Module Pages/New Reg - OTC to RO/Special Case - All Related Objects/TextBox RefNo in Workbasket'

2018-12-07 12:42:10 - [MESSAGE][PASSED] - Text 'CAN12201800002291' is set on object 'Object Repository/Final Object Repo/New Registration - Registration Module Pages/New Reg - OTC to RO/Special Case - All Related Objects/TextBox RefNo in Workbasket'

2018-12-07 12:42:10 - [TEST_STEP][PASSED] - delay: Delayed 2 second(s)

2018-12-07 12:42:12 - [MESSAGE][PASSED] - Delayed 2 second(s)

2018-12-07 12:42:12 - [TEST_STEP][PASSED] - click: Object: 'Object Repository/Final Object Repo/New Registration - Registration Module Pages/New Reg - OTC to RO/Special Case - All Related Objects/Click Search' is clicked on

2018-12-07 12:42:12 - [MESSAGE][PASSED] - Object: 'Object Repository/Final Object Repo/New Registration - Registration Module Pages/New Reg - OTC to RO/Special Case - All Related Objects/Click Search' is clicked on

2018-12-07 12:42:12 - [TEST_STEP][PASSED] - delay: Delayed 2 second(s)

2018-12-07 12:42:14 - [MESSAGE][PASSED] - Delayed 2 second(s)

2018-12-07 12:42:14 - [TEST_STEP][PASSED] - click: Object: 'Object Repository/Final Object Repo/New Registration - Registration Module Pages/New Reg - OTC to RO/Special Case - All Related Objects/Click to Continue Workflow' is clicked on

2018-12-07 12:42:18 - [MESSAGE][PASSED] - Object: 'Object Repository/Final Object Repo/New Registration - Registration Module Pages/New Reg - OTC to RO/Special Case - All Related Objects/Click to Continue Workflow' is clicked on

2018-12-07 12:42:18 - [TEST_STEP][PASSED] - delay: Delayed 10 second(s)

2018-12-07 12:42:28 - [MESSAGE][PASSED] - Delayed 10 second(s)

2018-12-07 12:42:28 - [TEST_STEP][PASSED] - click: Object: 'Object Repository/Final Object Repo/New Registration - Registration Module Pages/New Reg - OTC to RO/Special Case - All Related Objects/Continue Button in verifying case' is clicked on

2018-12-07 12:42:32 - [MESSAGE][PASSED] - Object: 'Object Repository/Final Object Repo/New Registration - Registration Module Pages/New Reg - OTC to RO/Special Case - All Related Objects/Continue Button in verifying case' is clicked on

2018-12-07 12:42:32 - [TEST_STEP][PASSED] - delay: Delayed 2 second(s)

2018-12-07 12:42:34 - [MESSAGE][PASSED] - Delayed 2 second(s)

2018-12-07 12:42:34 - [TEST_STEP][PASSED] - click: Object: 'Object Repository/Final Object Repo/Page_Update Add New Employee - ASSIST/Save  Continue Button' is clicked on

2018-12-07 12:42:34 - [MESSAGE][PASSED] - Object: 'Object Repository/Final Object Repo/Page_Update Add New Employee - ASSIST/Save  Continue Button' is clicked on

2018-12-07 12:42:34 - [TEST_STEP][PASSED] - delay: Delayed 4 second(s)

2018-12-07 12:42:38 - [MESSAGE][PASSED] - Delayed 4 second(s)

2018-12-07 12:42:38 - [TEST_STEP][PASSED] - click: Object: 'Object Repository/Final Object Repo/Page_Update Add New Employee - ASSIST/Save  Continue Third Screen' is clicked on

2018-12-07 12:42:41 - [MESSAGE][PASSED] - Object: 'Object Repository/Final Object Repo/Page_Update Add New Employee - ASSIST/Save  Continue Third Screen' is clicked on

2018-12-07 12:42:41 - [TEST_STEP][PASSED] - delay: Delayed 4 second(s)

2018-12-07 12:42:45 - [MESSAGE][PASSED] - Delayed 4 second(s)

2018-12-07 12:42:45 - [TEST_STEP][PASSED] - setText: Text 'Query the Case' is set on object 'Object Repository/Final Object Repo/Page_Update Add New Employee - ASSIST/Query Text Input'

2018-12-07 12:42:45 - [MESSAGE][PASSED] - Text 'Query the Case' is set on object 'Object Repository/Final Object Repo/Page_Update Add New Employee - ASSIST/Query Text Input'

2018-12-07 12:42:45 - [TEST_STEP][PASSED] - delay: Delayed 4 second(s)

2018-12-07 12:42:49 - [MESSAGE][PASSED] - Delayed 4 second(s)

2018-12-07 12:42:49 - [TEST_STEP][PASSED] - click: Object: 'Object Repository/Final Object Repo/Page_Update Add New Employee - ASSIST/Save   Continue Supporting Doc Page' is clicked on

2018-12-07 12:42:49 - [MESSAGE][PASSED] - Object: 'Object Repository/Final Object Repo/Page_Update Add New Employee - ASSIST/Save   Continue Supporting Doc Page' is clicked on

2018-12-07 12:42:49 - [TEST_STEP][PASSED] - delay: Delayed 4 second(s)

2018-12-07 12:42:53 - [MESSAGE][PASSED] - Delayed 4 second(s)

2018-12-07 12:42:53 - [TEST_STEP][PASSED] - click: Object: 'Object Repository/Final Object Repo/Page_Update Add New Employee - ASSIST/Query Button' is clicked on

2018-12-07 12:42:54 - [MESSAGE][PASSED] - Object: 'Object Repository/Final Object Repo/Page_Update Add New Employee - ASSIST/Query Button' is clicked on

2018-12-07 12:42:54 - [TEST_STEP][PASSED] - delay: Delayed 4 second(s)

2018-12-07 12:42:58 - [MESSAGE][PASSED] - Delayed 4 second(s)

2018-12-07 12:42:58 - [TEST_STEP][PASSED] - click: Object: 'Object Repository/Final Object Repo/Page_Update Add New Employee - ASSIST/Confirm to Query' is clicked on

2018-12-07 12:42:58 - [MESSAGE][PASSED] - Object: 'Object Repository/Final Object Repo/Page_Update Add New Employee - ASSIST/Confirm to Query' is clicked on

2018-12-07 12:42:58 - [TEST_STEP][PASSED] - delay: Delayed 20 second(s)

2018-12-07 12:43:18 - [MESSAGE][PASSED] - Delayed 20 second(s)

2018-12-07 12:43:18 - [TEST_STEP][PASSED] - callTestCase: Call Test Case 'Test Cases/Final Aug 2018 - PKS Automation/Common/Screenshoting tool' successfully

2018-12-07 12:43:18 - [TEST_CASE][PASSED] - Test Cases/Final Aug 2018 - PKS Automation/Common/Screenshoting tool: Test Cases/Final Aug 2018 - PKS Automation/Common/Screenshoting tool

2018-12-07 12:43:18 - [TEST_STEP][PASSED] - delay: Delayed 15 second(s)

2018-12-07 12:43:33 - [MESSAGE][PASSED] - Delayed 15 second(s)

2018-12-07 12:43:33 - [TEST_STEP][PASSED] - Statement - driver = com.kms.katalon.core.webui.driver.DriverFactory.getWebDriver(): null

2018-12-07 12:43:33 - [TEST_STEP][PASSED] - Statement - driver.manage().timeouts().implicitlyWait(10, SECONDS): null

2018-12-07 12:43:33 - [TEST_STEP][PASSED] - Statement - PresavePath = KatalonScreenshots: null

2018-12-07 12:43:33 - [TEST_STEP][PASSED] - Statement - pathPrefix = "C:\Users\Public\Pictures\Sample Pictures\Katalon Screenshots\Automate Ending Screen": null

2018-12-07 12:43:33 - [TEST_STEP][PASSED] - Statement - finalPath = <not implemented yet for class: org.codehaus.groovy.ast.expr.EmptyExpression>: null

2018-12-07 12:43:33 - [TEST_STEP][PASSED] - Statement - scrFile = driver.getScreenshotAs(FILE): null

2018-12-07 12:43:33 - [TEST_STEP][PASSED] - Statement - PreSaveFile = new java.io.File(PresavePath): null

2018-12-07 12:43:33 - [TEST_STEP][PASSED] - Statement - counter = 0: null

2018-12-07 12:43:33 - [TEST_STEP][PASSED] - Statement - If (PreSaveFile.exists()): null

2018-12-07 12:43:33 - [TEST_STEP][PASSED] - Statement - While (PreSaveFile.exists()): null

2018-12-07 12:43:33 - [TEST_STEP][PASSED] - Statement - counter = counter + 1: null

2018-12-07 12:43:33 - [TEST_STEP][PASSED] - Statement - PreSaveFile = new java.io.File(((pathPrefix + java.lang.Integer.toString(counter)) + .png)): null

2018-12-07 12:43:33 - [TEST_STEP][PASSED] - Statement - counter = counter + 1: null

2018-12-07 12:43:33 - [TEST_STEP][PASSED] - Statement - PreSaveFile = new java.io.File(((pathPrefix + java.lang.Integer.toString(counter)) + .png)): null

2018-12-07 12:43:33 - [TEST_STEP][PASSED] - Statement - counter = counter + 1: null

2018-12-07 12:43:33 - [TEST_STEP][PASSED] - Statement - PreSaveFile = new java.io.File(((pathPrefix + java.lang.Integer.toString(counter)) + .png)): null

2018-12-07 12:43:33 - [TEST_STEP][PASSED] - Statement - counter = counter + 1: null

2018-12-07 12:43:33 - [TEST_STEP][PASSED] - Statement - PreSaveFile = new java.io.File(((pathPrefix + java.lang.Integer.toString(counter)) + .png)): null

2018-12-07 12:43:33 - [TEST_STEP][PASSED] - Statement - counter = counter + 1: null

2018-12-07 12:43:33 - [TEST_STEP][PASSED] - Statement - PreSaveFile = new java.io.File(((pathPrefix + java.lang.Integer.toString(counter)) + .png)): null

2018-12-07 12:43:33 - [TEST_STEP][PASSED] - Statement - counter = counter + 1: null

2018-12-07 12:43:33 - [TEST_STEP][PASSED] - Statement - PreSaveFile = new java.io.File(((pathPrefix + java.lang.Integer.toString(counter)) + .png)): null

2018-12-07 12:43:33 - [TEST_STEP][PASSED] - Statement - counter = counter + 1: null

2018-12-07 12:43:33 - [TEST_STEP][PASSED] - Statement - PreSaveFile = new java.io.File(((pathPrefix + java.lang.Integer.toString(counter)) + .png)): null

2018-12-07 12:43:33 - [TEST_STEP][PASSED] - Statement - counter = counter + 1: null

2018-12-07 12:43:33 - [TEST_STEP][PASSED] - Statement - PreSaveFile = new java.io.File(((pathPrefix + java.lang.Integer.toString(counter)) + .png)): null

2018-12-07 12:43:33 - [TEST_STEP][PASSED] - Statement - counter = counter + 1: null

2018-12-07 12:43:33 - [TEST_STEP][PASSED] - Statement - PreSaveFile = new java.io.File(((pathPrefix + java.lang.Integer.toString(counter)) + .png)): null

2018-12-07 12:43:33 - [TEST_STEP][PASSED] - Statement - counter = counter + 1: null

2018-12-07 12:43:33 - [TEST_STEP][PASSED] - Statement - PreSaveFile = new java.io.File(((pathPrefix + java.lang.Integer.toString(counter)) + .png)): null

2018-12-07 12:43:33 - [TEST_STEP][PASSED] - Statement - counter = counter + 1: null

2018-12-07 12:43:33 - [TEST_STEP][PASSED] - Statement - PreSaveFile = new java.io.File(((pathPrefix + java.lang.Integer.toString(counter)) + .png)): null

2018-12-07 12:43:33 - [TEST_STEP][PASSED] - Statement - counter = counter + 1: null

2018-12-07 12:43:33 - [TEST_STEP][PASSED] - Statement - PreSaveFile = new java.io.File(((pathPrefix + java.lang.Integer.toString(counter)) + .png)): null

2018-12-07 12:43:33 - [TEST_STEP][PASSED] - Statement - counter = counter + 1: null

2018-12-07 12:43:33 - [TEST_STEP][PASSED] - Statement - PreSaveFile = new java.io.File(((pathPrefix + java.lang.Integer.toString(counter)) + .png)): null

2018-12-07 12:43:33 - [TEST_STEP][PASSED] - Statement - counter = counter + 1: null

2018-12-07 12:43:33 - [TEST_STEP][PASSED] - Statement - PreSaveFile = new java.io.File(((pathPrefix + java.lang.Integer.toString(counter)) + .png)): null

2018-12-07 12:43:33 - [TEST_STEP][PASSED] - Statement - counter = counter + 1: null

2018-12-07 12:43:33 - [TEST_STEP][PASSED] - Statement - PreSaveFile = new java.io.File(((pathPrefix + java.lang.Integer.toString(counter)) + .png)): null

2018-12-07 12:43:33 - [TEST_STEP][PASSED] - Statement - counter = counter + 1: null

2018-12-07 12:43:33 - [TEST_STEP][PASSED] - Statement - PreSaveFile = new java.io.File(((pathPrefix + java.lang.Integer.toString(counter)) + .png)): null

2018-12-07 12:43:33 - [TEST_STEP][PASSED] - Statement - counter = counter + 1: null

2018-12-07 12:43:33 - [TEST_STEP][PASSED] - Statement - PreSaveFile = new java.io.File(((pathPrefix + java.lang.Integer.toString(counter)) + .png)): null

2018-12-07 12:43:34 - [TEST_STEP][PASSED] - Statement - counter = counter + 1: null

2018-12-07 12:43:34 - [TEST_STEP][PASSED] - Statement - PreSaveFile = new java.io.File(((pathPrefix + java.lang.Integer.toString(counter)) + .png)): null

2018-12-07 12:43:34 - [TEST_STEP][PASSED] - Statement - counter = counter + 1: null

2018-12-07 12:43:34 - [TEST_STEP][PASSED] - Statement - PreSaveFile = new java.io.File(((pathPrefix + java.lang.Integer.toString(counter)) + .png)): null

2018-12-07 12:43:34 - [TEST_STEP][PASSED] - Statement - counter = counter + 1: null

2018-12-07 12:43:34 - [TEST_STEP][PASSED] - Statement - PreSaveFile = new java.io.File(((pathPrefix + java.lang.Integer.toString(counter)) + .png)): null

2018-12-07 12:43:34 - [TEST_STEP][PASSED] - Statement - counter = counter + 1: null

2018-12-07 12:43:34 - [TEST_STEP][PASSED] - Statement - PreSaveFile = new java.io.File(((pathPrefix + java.lang.Integer.toString(counter)) + .png)): null

2018-12-07 12:43:34 - [TEST_STEP][PASSED] - Statement - counter = counter + 1: null

2018-12-07 12:43:34 - [TEST_STEP][PASSED] - Statement - PreSaveFile = new java.io.File(((pathPrefix + java.lang.Integer.toString(counter)) + .png)): null

2018-12-07 12:43:34 - [TEST_STEP][PASSED] - Statement - counter = counter + 1: null

2018-12-07 12:43:34 - [TEST_STEP][PASSED] - Statement - PreSaveFile = new java.io.File(((pathPrefix + java.lang.Integer.toString(counter)) + .png)): null

2018-12-07 12:43:34 - [TEST_STEP][PASSED] - Statement - counter = counter + 1: null

2018-12-07 12:43:34 - [TEST_STEP][PASSED] - Statement - PreSaveFile = new java.io.File(((pathPrefix + java.lang.Integer.toString(counter)) + .png)): null

2018-12-07 12:43:34 - [TEST_STEP][PASSED] - Statement - counter = counter + 1: null

2018-12-07 12:43:34 - [TEST_STEP][PASSED] - Statement - PreSaveFile = new java.io.File(((pathPrefix + java.lang.Integer.toString(counter)) + .png)): null

2018-12-07 12:43:34 - [TEST_STEP][PASSED] - Statement - counter = counter + 1: null

2018-12-07 12:43:34 - [TEST_STEP][PASSED] - Statement - PreSaveFile = new java.io.File(((pathPrefix + java.lang.Integer.toString(counter)) + .png)): null

2018-12-07 12:43:34 - [TEST_STEP][PASSED] - Statement - counter = counter + 1: null

2018-12-07 12:43:34 - [TEST_STEP][PASSED] - Statement - PreSaveFile = new java.io.File(((pathPrefix + java.lang.Integer.toString(counter)) + .png)): null

2018-12-07 12:43:34 - [TEST_STEP][PASSED] - Statement - counter = counter + 1: null

2018-12-07 12:43:34 - [TEST_STEP][PASSED] - Statement - PreSaveFile = new java.io.File(((pathPrefix + java.lang.Integer.toString(counter)) + .png)): null

2018-12-07 12:43:34 - [TEST_STEP][PASSED] - Statement - counter = counter + 1: null

2018-12-07 12:43:34 - [TEST_STEP][PASSED] - Statement - PreSaveFile = new java.io.File(((pathPrefix + java.lang.Integer.toString(counter)) + .png)): null

2018-12-07 12:43:34 - [TEST_STEP][PASSED] - Statement - counter = counter + 1: null

2018-12-07 12:43:34 - [TEST_STEP][PASSED] - Statement - PreSaveFile = new java.io.File(((pathPrefix + java.lang.Integer.toString(counter)) + .png)): null

2018-12-07 12:43:34 - [TEST_STEP][PASSED] - Statement - counter = counter + 1: null

2018-12-07 12:43:34 - [TEST_STEP][PASSED] - Statement - PreSaveFile = new java.io.File(((pathPrefix + java.lang.Integer.toString(counter)) + .png)): null

2018-12-07 12:43:34 - [TEST_STEP][PASSED] - Statement - counter = counter + 1: null

2018-12-07 12:43:34 - [TEST_STEP][PASSED] - Statement - PreSaveFile = new java.io.File(((pathPrefix + java.lang.Integer.toString(counter)) + .png)): null

2018-12-07 12:43:34 - [TEST_STEP][PASSED] - Statement - counter = counter + 1: null

2018-12-07 12:43:34 - [TEST_STEP][PASSED] - Statement - PreSaveFile = new java.io.File(((pathPrefix + java.lang.Integer.toString(counter)) + .png)): null

2018-12-07 12:43:35 - [TEST_STEP][PASSED] - Statement - counter = counter + 1: null

2018-12-07 12:43:35 - [TEST_STEP][PASSED] - Statement - PreSaveFile = new java.io.File(((pathPrefix + java.lang.Integer.toString(counter)) + .png)): null

2018-12-07 12:43:35 - [TEST_STEP][PASSED] - Statement - counter = counter + 1: null

2018-12-07 12:43:35 - [TEST_STEP][PASSED] - Statement - PreSaveFile = new java.io.File(((pathPrefix + java.lang.Integer.toString(counter)) + .png)): null

2018-12-07 12:43:35 - [TEST_STEP][PASSED] - Statement - counter = counter + 1: null

2018-12-07 12:43:35 - [TEST_STEP][PASSED] - Statement - PreSaveFile = new java.io.File(((pathPrefix + java.lang.Integer.toString(counter)) + .png)): null

2018-12-07 12:43:35 - [TEST_STEP][PASSED] - Statement - counter = counter + 1: null

2018-12-07 12:43:35 - [TEST_STEP][PASSED] - Statement - PreSaveFile = new java.io.File(((pathPrefix + java.lang.Integer.toString(counter)) + .png)): null

2018-12-07 12:43:35 - [TEST_STEP][PASSED] - Statement - counter = counter + 1: null

2018-12-07 12:43:35 - [TEST_STEP][PASSED] - Statement - PreSaveFile = new java.io.File(((pathPrefix + java.lang.Integer.toString(counter)) + .png)): null

2018-12-07 12:43:35 - [TEST_STEP][PASSED] - Statement - counter = counter + 1: null

2018-12-07 12:43:35 - [TEST_STEP][PASSED] - Statement - PreSaveFile = new java.io.File(((pathPrefix + java.lang.Integer.toString(counter)) + .png)): null

2018-12-07 12:43:35 - [TEST_STEP][PASSED] - Statement - counter = counter + 1: null

2018-12-07 12:43:35 - [TEST_STEP][PASSED] - Statement - PreSaveFile = new java.io.File(((pathPrefix + java.lang.Integer.toString(counter)) + .png)): null

2018-12-07 12:43:35 - [TEST_STEP][PASSED] - Statement - counter = counter + 1: null

2018-12-07 12:43:35 - [TEST_STEP][PASSED] - Statement - PreSaveFile = new java.io.File(((pathPrefix + java.lang.Integer.toString(counter)) + .png)): null

2018-12-07 12:43:35 - [TEST_STEP][PASSED] - Statement - counter = counter + 1: null

2018-12-07 12:43:35 - [TEST_STEP][PASSED] - Statement - PreSaveFile = new java.io.File(((pathPrefix + java.lang.Integer.toString(counter)) + .png)): null

2018-12-07 12:43:35 - [TEST_STEP][PASSED] - Statement - counter = counter + 1: null

2018-12-07 12:43:35 - [TEST_STEP][PASSED] - Statement - PreSaveFile = new java.io.File(((pathPrefix + java.lang.Integer.toString(counter)) + .png)): null

2018-12-07 12:43:35 - [TEST_STEP][PASSED] - Statement - counter = counter + 1: null

2018-12-07 12:43:35 - [TEST_STEP][PASSED] - Statement - PreSaveFile = new java.io.File(((pathPrefix + java.lang.Integer.toString(counter)) + .png)): null

2018-12-07 12:43:35 - [TEST_STEP][PASSED] - Statement - counter = counter + 1: null

2018-12-07 12:43:35 - [TEST_STEP][PASSED] - Statement - PreSaveFile = new java.io.File(((pathPrefix + java.lang.Integer.toString(counter)) + .png)): null

2018-12-07 12:43:35 - [TEST_STEP][PASSED] - Statement - counter = counter + 1: null

2018-12-07 12:43:35 - [TEST_STEP][PASSED] - Statement - PreSaveFile = new java.io.File(((pathPrefix + java.lang.Integer.toString(counter)) + .png)): null

2018-12-07 12:43:35 - [TEST_STEP][PASSED] - Statement - counter = counter + 1: null

2018-12-07 12:43:35 - [TEST_STEP][PASSED] - Statement - PreSaveFile = new java.io.File(((pathPrefix + java.lang.Integer.toString(counter)) + .png)): null

2018-12-07 12:43:35 - [TEST_STEP][PASSED] - Statement - counter = counter + 1: null

2018-12-07 12:43:35 - [TEST_STEP][PASSED] - Statement - PreSaveFile = new java.io.File(((pathPrefix + java.lang.Integer.toString(counter)) + .png)): null

2018-12-07 12:43:35 - [TEST_STEP][PASSED] - Statement - counter = counter + 1: null

2018-12-07 12:43:35 - [TEST_STEP][PASSED] - Statement - PreSaveFile = new java.io.File(((pathPrefix + java.lang.Integer.toString(counter)) + .png)): null

2018-12-07 12:43:35 - [TEST_STEP][PASSED] - Statement - counter = counter + 1: null

2018-12-07 12:43:35 - [TEST_STEP][PASSED] - Statement - PreSaveFile = new java.io.File(((pathPrefix + java.lang.Integer.toString(counter)) + .png)): null

2018-12-07 12:43:35 - [TEST_STEP][PASSED] - Statement - counter = counter + 1: null

2018-12-07 12:43:35 - [TEST_STEP][PASSED] - Statement - PreSaveFile = new java.io.File(((pathPrefix + java.lang.Integer.toString(counter)) + .png)): null

2018-12-07 12:43:35 - [TEST_STEP][PASSED] - Statement - counter = counter + 1: null

2018-12-07 12:43:35 - [TEST_STEP][PASSED] - Statement - PreSaveFile = new java.io.File(((pathPrefix + java.lang.Integer.toString(counter)) + .png)): null

2018-12-07 12:43:36 - [TEST_STEP][PASSED] - Statement - counter = counter + 1: null

2018-12-07 12:43:36 - [TEST_STEP][PASSED] - Statement - PreSaveFile = new java.io.File(((pathPrefix + java.lang.Integer.toString(counter)) + .png)): null

2018-12-07 12:43:36 - [TEST_STEP][PASSED] - Statement - counter = counter + 1: null

2018-12-07 12:43:36 - [TEST_STEP][PASSED] - Statement - PreSaveFile = new java.io.File(((pathPrefix + java.lang.Integer.toString(counter)) + .png)): null

2018-12-07 12:43:36 - [TEST_STEP][PASSED] - Statement - counter = counter + 1: null

2018-12-07 12:43:36 - [TEST_STEP][PASSED] - Statement - PreSaveFile = new java.io.File(((pathPrefix + java.lang.Integer.toString(counter)) + .png)): null

2018-12-07 12:43:36 - [TEST_STEP][PASSED] - Statement - counter = counter + 1: null

2018-12-07 12:43:36 - [TEST_STEP][PASSED] - Statement - PreSaveFile = new java.io.File(((pathPrefix + java.lang.Integer.toString(counter)) + .png)): null

2018-12-07 12:43:36 - [TEST_STEP][PASSED] - Statement - counter = counter + 1: null

2018-12-07 12:43:36 - [TEST_STEP][PASSED] - Statement - PreSaveFile = new java.io.File(((pathPrefix + java.lang.Integer.toString(counter)) + .png)): null

2018-12-07 12:43:36 - [TEST_STEP][PASSED] - Statement - counter = counter + 1: null

2018-12-07 12:43:36 - [TEST_STEP][PASSED] - Statement - PreSaveFile = new java.io.File(((pathPrefix + java.lang.Integer.toString(counter)) + .png)): null

2018-12-07 12:43:36 - [TEST_STEP][PASSED] - Statement - counter = counter + 1: null

2018-12-07 12:43:36 - [TEST_STEP][PASSED] - Statement - PreSaveFile = new java.io.File(((pathPrefix + java.lang.Integer.toString(counter)) + .png)): null

2018-12-07 12:43:36 - [TEST_STEP][PASSED] - Statement - counter = counter + 1: null

2018-12-07 12:43:36 - [TEST_STEP][PASSED] - Statement - PreSaveFile = new java.io.File(((pathPrefix + java.lang.Integer.toString(counter)) + .png)): null

2018-12-07 12:43:36 - [TEST_STEP][PASSED] - Statement - counter = counter + 1: null

2018-12-07 12:43:36 - [TEST_STEP][PASSED] - Statement - PreSaveFile = new java.io.File(((pathPrefix + java.lang.Integer.toString(counter)) + .png)): null

2018-12-07 12:43:36 - [TEST_STEP][PASSED] - Statement - counter = counter + 1: null

2018-12-07 12:43:36 - [TEST_STEP][PASSED] - Statement - PreSaveFile = new java.io.File(((pathPrefix + java.lang.Integer.toString(counter)) + .png)): null

2018-12-07 12:43:36 - [TEST_STEP][PASSED] - Statement - counter = counter + 1: null

2018-12-07 12:43:36 - [TEST_STEP][PASSED] - Statement - PreSaveFile = new java.io.File(((pathPrefix + java.lang.Integer.toString(counter)) + .png)): null

2018-12-07 12:43:36 - [TEST_STEP][PASSED] - Statement - counter = counter + 1: null

2018-12-07 12:43:36 - [TEST_STEP][PASSED] - Statement - PreSaveFile = new java.io.File(((pathPrefix + java.lang.Integer.toString(counter)) + .png)): null

2018-12-07 12:43:36 - [TEST_STEP][PASSED] - Statement - counter = counter + 1: null

2018-12-07 12:43:36 - [TEST_STEP][PASSED] - Statement - PreSaveFile = new java.io.File(((pathPrefix + java.lang.Integer.toString(counter)) + .png)): null

2018-12-07 12:43:36 - [TEST_STEP][PASSED] - Statement - counter = counter + 1: null

2018-12-07 12:43:36 - [TEST_STEP][PASSED] - Statement - PreSaveFile = new java.io.File(((pathPrefix + java.lang.Integer.toString(counter)) + .png)): null

2018-12-07 12:43:36 - [TEST_STEP][PASSED] - Statement - counter = counter + 1: null

2018-12-07 12:43:37 - [TEST_STEP][PASSED] - Statement - PreSaveFile = new java.io.File(((pathPrefix + java.lang.Integer.toString(counter)) + .png)): null

2018-12-07 12:43:37 - [TEST_STEP][PASSED] - Statement - counter = counter + 1: null

2018-12-07 12:43:37 - [TEST_STEP][PASSED] - Statement - PreSaveFile = new java.io.File(((pathPrefix + java.lang.Integer.toString(counter)) + .png)): null

2018-12-07 12:43:37 - [TEST_STEP][PASSED] - Statement - counter = counter + 1: null

2018-12-07 12:43:37 - [TEST_STEP][PASSED] - Statement - PreSaveFile = new java.io.File(((pathPrefix + java.lang.Integer.toString(counter)) + .png)): null

2018-12-07 12:43:37 - [TEST_STEP][PASSED] - Statement - counter = counter + 1: null

2018-12-07 12:43:37 - [TEST_STEP][PASSED] - Statement - PreSaveFile = new java.io.File(((pathPrefix + java.lang.Integer.toString(counter)) + .png)): null

2018-12-07 12:43:37 - [TEST_STEP][PASSED] - Statement - counter = counter + 1: null

2018-12-07 12:43:37 - [TEST_STEP][PASSED] - Statement - PreSaveFile = new java.io.File(((pathPrefix + java.lang.Integer.toString(counter)) + .png)): null

2018-12-07 12:43:37 - [TEST_STEP][PASSED] - Statement - counter = counter + 1: null

2018-12-07 12:43:37 - [TEST_STEP][PASSED] - Statement - PreSaveFile = new java.io.File(((pathPrefix + java.lang.Integer.toString(counter)) + .png)): null

2018-12-07 12:43:37 - [TEST_STEP][PASSED] - Statement - counter = counter + 1: null

2018-12-07 12:43:37 - [TEST_STEP][PASSED] - Statement - PreSaveFile = new java.io.File(((pathPrefix + java.lang.Integer.toString(counter)) + .png)): null

2018-12-07 12:43:37 - [TEST_STEP][PASSED] - Statement - counter = counter + 1: null

2018-12-07 12:43:37 - [TEST_STEP][PASSED] - Statement - PreSaveFile = new java.io.File(((pathPrefix + java.lang.Integer.toString(counter)) + .png)): null

2018-12-07 12:43:37 - [TEST_STEP][PASSED] - Statement - counter = counter + 1: null

2018-12-07 12:43:37 - [TEST_STEP][PASSED] - Statement - PreSaveFile = new java.io.File(((pathPrefix + java.lang.Integer.toString(counter)) + .png)): null

2018-12-07 12:43:37 - [TEST_STEP][PASSED] - Statement - counter = counter + 1: null

2018-12-07 12:43:37 - [TEST_STEP][PASSED] - Statement - PreSaveFile = new java.io.File(((pathPrefix + java.lang.Integer.toString(counter)) + .png)): null

2018-12-07 12:43:37 - [TEST_STEP][PASSED] - Statement - counter = counter + 1: null

2018-12-07 12:43:37 - [TEST_STEP][PASSED] - Statement - PreSaveFile = new java.io.File(((pathPrefix + java.lang.Integer.toString(counter)) + .png)): null

2018-12-07 12:43:37 - [TEST_STEP][PASSED] - Statement - counter = counter + 1: null

2018-12-07 12:43:37 - [TEST_STEP][PASSED] - Statement - PreSaveFile = new java.io.File(((pathPrefix + java.lang.Integer.toString(counter)) + .png)): null

2018-12-07 12:43:37 - [TEST_STEP][PASSED] - Statement - counter = counter + 1: null

2018-12-07 12:43:37 - [TEST_STEP][PASSED] - Statement - PreSaveFile = new java.io.File(((pathPrefix + java.lang.Integer.toString(counter)) + .png)): null

2018-12-07 12:43:37 - [TEST_STEP][PASSED] - Statement - counter = counter + 1: null

2018-12-07 12:43:37 - [TEST_STEP][PASSED] - Statement - PreSaveFile = new java.io.File(((pathPrefix + java.lang.Integer.toString(counter)) + .png)): null

2018-12-07 12:43:37 - [TEST_STEP][PASSED] - Statement - counter = counter + 1: null

2018-12-07 12:43:38 - [TEST_STEP][PASSED] - Statement - PreSaveFile = new java.io.File(((pathPrefix + java.lang.Integer.toString(counter)) + .png)): null

2018-12-07 12:43:38 - [TEST_STEP][PASSED] - Statement - counter = counter + 1: null

2018-12-07 12:43:38 - [TEST_STEP][PASSED] - Statement - PreSaveFile = new java.io.File(((pathPrefix + java.lang.Integer.toString(counter)) + .png)): null

2018-12-07 12:43:38 - [TEST_STEP][PASSED] - Statement - counter = counter + 1: null

2018-12-07 12:43:38 - [TEST_STEP][PASSED] - Statement - PreSaveFile = new java.io.File(((pathPrefix + java.lang.Integer.toString(counter)) + .png)): null

2018-12-07 12:43:38 - [TEST_STEP][PASSED] - Statement - counter = counter + 1: null

2018-12-07 12:43:38 - [TEST_STEP][PASSED] - Statement - PreSaveFile = new java.io.File(((pathPrefix + java.lang.Integer.toString(counter)) + .png)): null

2018-12-07 12:43:38 - [TEST_STEP][PASSED] - Statement - counter = counter + 1: null

2018-12-07 12:43:38 - [TEST_STEP][PASSED] - Statement - PreSaveFile = new java.io.File(((pathPrefix + java.lang.Integer.toString(counter)) + .png)): null

2018-12-07 12:43:38 - [TEST_STEP][PASSED] - Statement - counter = counter + 1: null

2018-12-07 12:43:38 - [TEST_STEP][PASSED] - Statement - PreSaveFile = new java.io.File(((pathPrefix + java.lang.Integer.toString(counter)) + .png)): null

2018-12-07 12:43:38 - [TEST_STEP][PASSED] - Statement - counter = counter + 1: null

2018-12-07 12:43:38 - [TEST_STEP][PASSED] - Statement - PreSaveFile = new java.io.File(((pathPrefix + java.lang.Integer.toString(counter)) + .png)): null

2018-12-07 12:43:38 - [TEST_STEP][PASSED] - Statement - counter = counter + 1: null

2018-12-07 12:43:38 - [TEST_STEP][PASSED] - Statement - PreSaveFile = new java.io.File(((pathPrefix + java.lang.Integer.toString(counter)) + .png)): null

2018-12-07 12:43:38 - [TEST_STEP][PASSED] - Statement - counter = counter + 1: null

2018-12-07 12:43:38 - [TEST_STEP][PASSED] - Statement - PreSaveFile = new java.io.File(((pathPrefix + java.lang.Integer.toString(counter)) + .png)): null

2018-12-07 12:43:38 - [TEST_STEP][PASSED] - Statement - counter = counter + 1: null

2018-12-07 12:43:38 - [TEST_STEP][PASSED] - Statement - PreSaveFile = new java.io.File(((pathPrefix + java.lang.Integer.toString(counter)) + .png)): null

2018-12-07 12:43:38 - [TEST_STEP][PASSED] - Statement - counter = counter + 1: null

2018-12-07 12:43:38 - [TEST_STEP][PASSED] - Statement - PreSaveFile = new java.io.File(((pathPrefix + java.lang.Integer.toString(counter)) + .png)): null

2018-12-07 12:43:38 - [TEST_STEP][PASSED] - Statement - counter = counter + 1: null

2018-12-07 12:43:38 - [TEST_STEP][PASSED] - Statement - PreSaveFile = new java.io.File(((pathPrefix + java.lang.Integer.toString(counter)) + .png)): null

2018-12-07 12:43:38 - [TEST_STEP][PASSED] - Statement - counter = counter + 1: null

2018-12-07 12:43:38 - [TEST_STEP][PASSED] - Statement - PreSaveFile = new java.io.File(((pathPrefix + java.lang.Integer.toString(counter)) + .png)): null

2018-12-07 12:43:38 - [TEST_STEP][PASSED] - Statement - counter = counter + 1: null

2018-12-07 12:43:38 - [TEST_STEP][PASSED] - Statement - PreSaveFile = new java.io.File(((pathPrefix + java.lang.Integer.toString(counter)) + .png)): null

2018-12-07 12:43:38 - [TEST_STEP][PASSED] - Statement - counter = counter + 1: null

2018-12-07 12:43:38 - [TEST_STEP][PASSED] - Statement - PreSaveFile = new java.io.File(((pathPrefix + java.lang.Integer.toString(counter)) + .png)): null

2018-12-07 12:43:39 - [TEST_STEP][PASSED] - Statement - counter = counter + 1: null

2018-12-07 12:43:39 - [TEST_STEP][PASSED] - Statement - PreSaveFile = new java.io.File(((pathPrefix + java.lang.Integer.toString(counter)) + .png)): null

2018-12-07 12:43:39 - [TEST_STEP][PASSED] - Statement - counter = counter + 1: null

2018-12-07 12:43:39 - [TEST_STEP][PASSED] - Statement - PreSaveFile = new java.io.File(((pathPrefix + java.lang.Integer.toString(counter)) + .png)): null

2018-12-07 12:43:39 - [TEST_STEP][PASSED] - Statement - counter = counter + 1: null

2018-12-07 12:43:39 - [TEST_STEP][PASSED] - Statement - PreSaveFile = new java.io.File(((pathPrefix + java.lang.Integer.toString(counter)) + .png)): null

2018-12-07 12:43:39 - [TEST_STEP][PASSED] - Statement - counter = counter + 1: null

2018-12-07 12:43:39 - [TEST_STEP][PASSED] - Statement - PreSaveFile = new java.io.File(((pathPrefix + java.lang.Integer.toString(counter)) + .png)): null

2018-12-07 12:43:39 - [TEST_STEP][PASSED] - Statement - counter = counter + 1: null

2018-12-07 12:43:39 - [TEST_STEP][PASSED] - Statement - PreSaveFile = new java.io.File(((pathPrefix + java.lang.Integer.toString(counter)) + .png)): null

2018-12-07 12:43:39 - [TEST_STEP][PASSED] - Statement - counter = counter + 1: null

2018-12-07 12:43:39 - [TEST_STEP][PASSED] - Statement - PreSaveFile = new java.io.File(((pathPrefix + java.lang.Integer.toString(counter)) + .png)): null

2018-12-07 12:43:39 - [TEST_STEP][PASSED] - Statement - counter = counter + 1: null

2018-12-07 12:43:39 - [TEST_STEP][PASSED] - Statement - PreSaveFile = new java.io.File(((pathPrefix + java.lang.Integer.toString(counter)) + .png)): null

2018-12-07 12:43:39 - [TEST_STEP][PASSED] - Statement - counter = counter + 1: null

2018-12-07 12:43:39 - [TEST_STEP][PASSED] - Statement - PreSaveFile = new java.io.File(((pathPrefix + java.lang.Integer.toString(counter)) + .png)): null

2018-12-07 12:43:39 - [TEST_STEP][PASSED] - Statement - counter = counter + 1: null

2018-12-07 12:43:39 - [TEST_STEP][PASSED] - Statement - PreSaveFile = new java.io.File(((pathPrefix + java.lang.Integer.toString(counter)) + .png)): null

2018-12-07 12:43:39 - [TEST_STEP][PASSED] - Statement - counter = counter + 1: null

2018-12-07 12:43:39 - [TEST_STEP][PASSED] - Statement - PreSaveFile = new java.io.File(((pathPrefix + java.lang.Integer.toString(counter)) + .png)): null

2018-12-07 12:43:39 - [TEST_STEP][PASSED] - Statement - counter = counter + 1: null

2018-12-07 12:43:39 - [TEST_STEP][PASSED] - Statement - PreSaveFile = new java.io.File(((pathPrefix + java.lang.Integer.toString(counter)) + .png)): null

2018-12-07 12:43:39 - [TEST_STEP][PASSED] - Statement - counter = counter + 1: null

2018-12-07 12:43:39 - [TEST_STEP][PASSED] - Statement - PreSaveFile = new java.io.File(((pathPrefix + java.lang.Integer.toString(counter)) + .png)): null

2018-12-07 12:43:39 - [TEST_STEP][PASSED] - Statement - counter = counter + 1: null

2018-12-07 12:43:39 - [TEST_STEP][PASSED] - Statement - PreSaveFile = new java.io.File(((pathPrefix + java.lang.Integer.toString(counter)) + .png)): null

2018-12-07 12:43:39 - [TEST_STEP][PASSED] - Statement - counter = counter + 1: null

2018-12-07 12:43:39 - [TEST_STEP][PASSED] - Statement - PreSaveFile = new java.io.File(((pathPrefix + java.lang.Integer.toString(counter)) + .png)): null

2018-12-07 12:43:39 - [TEST_STEP][PASSED] - Statement - counter = counter + 1: null

2018-12-07 12:43:40 - [TEST_STEP][PASSED] - Statement - PreSaveFile = new java.io.File(((pathPrefix + java.lang.Integer.toString(counter)) + .png)): null

2018-12-07 12:43:40 - [TEST_STEP][PASSED] - Statement - counter = counter + 1: null

2018-12-07 12:43:40 - [TEST_STEP][PASSED] - Statement - PreSaveFile = new java.io.File(((pathPrefix + java.lang.Integer.toString(counter)) + .png)): null

2018-12-07 12:43:40 - [TEST_STEP][PASSED] - Statement - counter = counter + 1: null

2018-12-07 12:43:40 - [TEST_STEP][PASSED] - Statement - PreSaveFile = new java.io.File(((pathPrefix + java.lang.Integer.toString(counter)) + .png)): null

2018-12-07 12:43:40 - [TEST_STEP][PASSED] - Statement - counter = counter + 1: null

2018-12-07 12:43:40 - [TEST_STEP][PASSED] - Statement - PreSaveFile = new java.io.File(((pathPrefix + java.lang.Integer.toString(counter)) + .png)): null

2018-12-07 12:43:40 - [TEST_STEP][PASSED] - Statement - counter = counter + 1: null

2018-12-07 12:43:40 - [TEST_STEP][PASSED] - Statement - PreSaveFile = new java.io.File(((pathPrefix + java.lang.Integer.toString(counter)) + .png)): null

2018-12-07 12:43:40 - [TEST_STEP][PASSED] - Statement - counter = counter + 1: null

2018-12-07 12:43:40 - [TEST_STEP][PASSED] - Statement - PreSaveFile = new java.io.File(((pathPrefix + java.lang.Integer.toString(counter)) + .png)): null

2018-12-07 12:43:40 - [TEST_STEP][PASSED] - Statement - counter = counter + 1: null

2018-12-07 12:43:40 - [TEST_STEP][PASSED] - Statement - PreSaveFile = new java.io.File(((pathPrefix + java.lang.Integer.toString(counter)) + .png)): null

2018-12-07 12:43:40 - [TEST_STEP][PASSED] - Statement - counter = counter + 1: null

2018-12-07 12:43:40 - [TEST_STEP][PASSED] - Statement - PreSaveFile = new java.io.File(((pathPrefix + java.lang.Integer.toString(counter)) + .png)): null

2018-12-07 12:43:40 - [TEST_STEP][PASSED] - Statement - counter = counter + 1: null

2018-12-07 12:43:40 - [TEST_STEP][PASSED] - Statement - PreSaveFile = new java.io.File(((pathPrefix + java.lang.Integer.toString(counter)) + .png)): null

2018-12-07 12:43:40 - [TEST_STEP][PASSED] - Statement - counter = counter + 1: null

2018-12-07 12:43:40 - [TEST_STEP][PASSED] - Statement - PreSaveFile = new java.io.File(((pathPrefix + java.lang.Integer.toString(counter)) + .png)): null

2018-12-07 12:43:40 - [TEST_STEP][PASSED] - Statement - counter = counter + 1: null

2018-12-07 12:43:40 - [TEST_STEP][PASSED] - Statement - PreSaveFile = new java.io.File(((pathPrefix + java.lang.Integer.toString(counter)) + .png)): null

2018-12-07 12:43:40 - [TEST_STEP][PASSED] - Statement - counter = counter + 1: null

2018-12-07 12:43:40 - [TEST_STEP][PASSED] - Statement - PreSaveFile = new java.io.File(((pathPrefix + java.lang.Integer.toString(counter)) + .png)): null

2018-12-07 12:43:40 - [TEST_STEP][PASSED] - Statement - counter = counter + 1: null

2018-12-07 12:43:40 - [TEST_STEP][PASSED] - Statement - PreSaveFile = new java.io.File(((pathPrefix + java.lang.Integer.toString(counter)) + .png)): null

2018-12-07 12:43:40 - [TEST_STEP][PASSED] - Statement - counter = counter + 1: null

2018-12-07 12:43:40 - [TEST_STEP][PASSED] - Statement - PreSaveFile = new java.io.File(((pathPrefix + java.lang.Integer.toString(counter)) + .png)): null

2018-12-07 12:43:40 - [TEST_STEP][PASSED] - Statement - counter = counter + 1: null

2018-12-07 12:43:40 - [TEST_STEP][PASSED] - Statement - PreSaveFile = new java.io.File(((pathPrefix + java.lang.Integer.toString(counter)) + .png)): null

2018-12-07 12:43:40 - [TEST_STEP][PASSED] - Statement - counter = counter + 1: null

2018-12-07 12:43:40 - [TEST_STEP][PASSED] - Statement - PreSaveFile = new java.io.File(((pathPrefix + java.lang.Integer.toString(counter)) + .png)): null

2018-12-07 12:43:40 - [TEST_STEP][PASSED] - Statement - counter = counter + 1: null

2018-12-07 12:43:40 - [TEST_STEP][PASSED] - Statement - PreSaveFile = new java.io.File(((pathPrefix + java.lang.Integer.toString(counter)) + .png)): null

2018-12-07 12:43:40 - [TEST_STEP][PASSED] - Statement - counter = counter + 1: null

2018-12-07 12:43:40 - [TEST_STEP][PASSED] - Statement - PreSaveFile = new java.io.File(((pathPrefix + java.lang.Integer.toString(counter)) + .png)): null

2018-12-07 12:43:40 - [TEST_STEP][PASSED] - Statement - counter = counter + 1: null

2018-12-07 12:43:40 - [TEST_STEP][PASSED] - Statement - PreSaveFile = new java.io.File(((pathPrefix + java.lang.Integer.toString(counter)) + .png)): null

2018-12-07 12:43:40 - [TEST_STEP][PASSED] - Statement - counter = counter + 1: null

2018-12-07 12:43:41 - [TEST_STEP][PASSED] - Statement - PreSaveFile = new java.io.File(((pathPrefix + java.lang.Integer.toString(counter)) + .png)): null

2018-12-07 12:43:41 - [TEST_STEP][PASSED] - Statement - counter = counter + 1: null

2018-12-07 12:43:41 - [TEST_STEP][PASSED] - Statement - PreSaveFile = new java.io.File(((pathPrefix + java.lang.Integer.toString(counter)) + .png)): null

2018-12-07 12:43:41 - [TEST_STEP][PASSED] - Statement - counter = counter + 1: null

2018-12-07 12:43:41 - [TEST_STEP][PASSED] - Statement - PreSaveFile = new java.io.File(((pathPrefix + java.lang.Integer.toString(counter)) + .png)): null

2018-12-07 12:43:41 - [TEST_STEP][PASSED] - Statement - counter = counter + 1: null

2018-12-07 12:43:41 - [TEST_STEP][PASSED] - Statement - PreSaveFile = new java.io.File(((pathPrefix + java.lang.Integer.toString(counter)) + .png)): null

2018-12-07 12:43:41 - [TEST_STEP][PASSED] - Statement - counter = counter + 1: null

2018-12-07 12:43:41 - [TEST_STEP][PASSED] - Statement - PreSaveFile = new java.io.File(((pathPrefix + java.lang.Integer.toString(counter)) + .png)): null

2018-12-07 12:43:41 - [TEST_STEP][PASSED] - Statement - counter = counter + 1: null

2018-12-07 12:43:41 - [TEST_STEP][PASSED] - Statement - PreSaveFile = new java.io.File(((pathPrefix + java.lang.Integer.toString(counter)) + .png)): null

2018-12-07 12:43:41 - [TEST_STEP][PASSED] - Statement - counter = counter + 1: null

2018-12-07 12:43:41 - [TEST_STEP][PASSED] - Statement - PreSaveFile = new java.io.File(((pathPrefix + java.lang.Integer.toString(counter)) + .png)): null

2018-12-07 12:43:41 - [TEST_STEP][PASSED] - Statement - counter = counter + 1: null

2018-12-07 12:43:41 - [TEST_STEP][PASSED] - Statement - PreSaveFile = new java.io.File(((pathPrefix + java.lang.Integer.toString(counter)) + .png)): null

2018-12-07 12:43:41 - [TEST_STEP][PASSED] - Statement - counter = counter + 1: null

2018-12-07 12:43:41 - [TEST_STEP][PASSED] - Statement - PreSaveFile = new java.io.File(((pathPrefix + java.lang.Integer.toString(counter)) + .png)): null

2018-12-07 12:43:41 - [TEST_STEP][PASSED] - Statement - counter = counter + 1: null

2018-12-07 12:43:41 - [TEST_STEP][PASSED] - Statement - PreSaveFile = new java.io.File(((pathPrefix + java.lang.Integer.toString(counter)) + .png)): null

2018-12-07 12:43:41 - [TEST_STEP][PASSED] - Statement - finalPath = pathPrefix + java.lang.Integer.toString(counter) + ".png": null

2018-12-07 12:43:41 - [TEST_STEP][PASSED] - Statement - SaveFile = new java.io.File(finalPath): null

2018-12-07 12:43:41 - [TEST_STEP][PASSED] - Statement - Try: null

2018-12-07 12:43:41 - [TEST_STEP][PASSED] - Statement - org.apache.commons.io.FileUtils.copyFile(scrFile, SaveFile): null

2018-12-07 12:43:41 - [TEST_STEP][PASSED] - Statement - out.println("file kept"): null

2018-12-07 12:43:41 - [TEST_STEP][PASSED] - delay: Delayed 10 second(s)

2018-12-07 12:43:51 - [MESSAGE][PASSED] - Delayed 10 second(s)

2018-12-07 12:43:51 - [MESSAGE][PASSED] - Call Test Case 'Test Cases/Final Aug 2018 - PKS Automation/Common/Screenshoting tool' successfully

2018-12-07 12:43:51 - [TEST_STEP][PASSED] - callTestCase: Call Test Case 'Test Cases/Final Aug 2018 - PKS Automation/Registration Module/Log Out/log out avoiding katalon tagging' successfully

2018-12-07 12:43:52 - [TEST_CASE][PASSED] - Test Cases/Final Aug 2018 - PKS Automation/Registration Module/Log Out/log out avoiding katalon tagging: Test Cases/Final Aug 2018 - PKS Automation/Registration Module/Log Out/log out avoiding katalon tagging

2018-12-07 12:43:52 - [TEST_STEP][PASSED] - navigateToUrl: Navigate to 'https://assist2-uat.perkeso.gov.my/c/portal/logout' successfully

2018-12-07 12:43:52 - [MESSAGE][PASSED] - Navigate to 'https://assist2-uat.perkeso.gov.my/c/portal/logout' successfully

2018-12-07 12:43:52 - [MESSAGE][PASSED] - Call Test Case 'Test Cases/Final Aug 2018 - PKS Automation/Registration Module/Log Out/log out avoiding katalon tagging' successfully

2018-12-07 12:43:52 - [TEST_STEP][PASSED] - delay: Delayed 4 second(s)

2018-12-07 12:43:56 - [MESSAGE][PASSED] - Delayed 4 second(s)

2018-12-07 12:43:56 - [TEST_STEP][PASSED] - setText: Text 'klotc2@gmail.com' is set on object 'Object Repository/Final Object Repo/Login Page/Internal User/Email Address'

2018-12-07 12:43:57 - [MESSAGE][PASSED] - Text 'klotc2@gmail.com' is set on object 'Object Repository/Final Object Repo/Login Page/Internal User/Email Address'

2018-12-07 12:43:57 - [TEST_STEP][PASSED] - click: Object: 'Object Repository/Final Object Repo/Login Page/Internal User/Next Button' is clicked on

2018-12-07 12:43:57 - [MESSAGE][PASSED] - Object: 'Object Repository/Final Object Repo/Login Page/Internal User/Next Button' is clicked on

2018-12-07 12:43:57 - [TEST_STEP][PASSED] - delay: Delayed 2 second(s)

2018-12-07 12:43:59 - [MESSAGE][PASSED] - Delayed 2 second(s)

2018-12-07 12:43:59 - [TEST_STEP][PASSED] - setText: Text 'Test1@3456789' is set on object 'Object Repository/Final Object Repo/Login Page/Internal User/Password'

2018-12-07 12:43:59 - [MESSAGE][PASSED] - Text 'Test1@3456789' is set on object 'Object Repository/Final Object Repo/Login Page/Internal User/Password'

2018-12-07 12:43:59 - [TEST_STEP][PASSED] - delay: Delayed 2 second(s)

2018-12-07 12:44:01 - [MESSAGE][PASSED] - Delayed 2 second(s)

2018-12-07 12:44:01 - [TEST_STEP][PASSED] - click: Object: 'Object Repository/Final Object Repo/Login Page/Internal User/Login Button' is clicked on

2018-12-07 12:44:01 - [MESSAGE][PASSED] - Object: 'Object Repository/Final Object Repo/Login Page/Internal User/Login Button' is clicked on

2018-12-07 12:44:01 - [TEST_STEP][PASSED] - delay: Delayed 4 second(s)

2018-12-07 12:44:05 - [MESSAGE][PASSED] - Delayed 4 second(s)

2018-12-07 12:44:05 - [TEST_STEP][PASSED] - Statement - Try: Delayed 2 second(s)

2018-12-07 12:44:05 - [TEST_STEP][PASSED] - Statement - Checker = false: null

2018-12-07 12:44:05 - [TEST_STEP][PASSED] - Statement - Checker = com.kms.katalon.core.webui.keyword.WebUiBuiltInKeywords.verifyElementHasAttribute(com.kms.katalon.core.testobject.ObjectRepository.findTestObject(Final Object Repo/Landing Page/BM Detecting), "href", 20, OPTIONAL): Object 'Object Repository/Final Object Repo/Landing Page/BM Detecting' has attribute 'href'

2018-12-07 12:44:05 - [MESSAGE][PASSED] - Object 'Object Repository/Final Object Repo/Landing Page/BM Detecting' has attribute 'href'

2018-12-07 12:44:05 - [TEST_STEP][PASSED] - Statement - out.println(Checker): null

2018-12-07 12:44:05 - [TEST_STEP][PASSED] - Statement - If (Checker == false): null

2018-12-07 12:44:05 - [TEST_STEP][PASSED] - Statement - Else: null

2018-12-07 12:44:05 - [TEST_STEP][PASSED] - delay: Delayed 2 second(s)

2018-12-07 12:44:07 - [MESSAGE][PASSED] - Delayed 2 second(s)

2018-12-07 12:44:07 - [TEST_STEP][PASSED] - delay: Delayed 4 second(s)

2018-12-07 12:44:11 - [MESSAGE][PASSED] - Delayed 4 second(s)

2018-12-07 12:44:11 - [TEST_STEP][PASSED] - click: Object: 'Object Repository/Final Object Repo/Landing Page/My Sites Drop Down' is clicked on

2018-12-07 12:44:12 - [MESSAGE][PASSED] - Object: 'Object Repository/Final Object Repo/Landing Page/My Sites Drop Down' is clicked on

2018-12-07 12:44:12 - [TEST_STEP][PASSED] - click: Object: 'Object Repository/Final Object Repo/Landing Page/Select to Registration Module' is clicked on

2018-12-07 12:44:13 - [MESSAGE][PASSED] - Object: 'Object Repository/Final Object Repo/Landing Page/Select to Registration Module' is clicked on

2018-12-07 12:44:13 - [TEST_STEP][PASSED] - delay: Delayed 2 second(s)

2018-12-07 12:44:15 - [MESSAGE][PASSED] - Delayed 2 second(s)

2018-12-07 12:44:15 - [TEST_STEP][PASSED] - mouseOver: Object: 'Object Repository/Final Object Repo/Page_Update Add New Employee - ASSIST/Hover Over Search Drop Down' is hovered

2018-12-07 12:44:15 - [MESSAGE][PASSED] - Object: 'Object Repository/Final Object Repo/Page_Update Add New Employee - ASSIST/Hover Over Search Drop Down' is hovered

2018-12-07 12:44:15 - [TEST_STEP][PASSED] - click: Object: 'Object Repository/Final Object Repo/Page_Update Add New Employee - ASSIST/Select Search Pending Case' is clicked on

2018-12-07 12:44:15 - [MESSAGE][PASSED] - Object: 'Object Repository/Final Object Repo/Page_Update Add New Employee - ASSIST/Select Search Pending Case' is clicked on

2018-12-07 12:44:15 - [TEST_STEP][PASSED] - click: Object: 'Object Repository/Final Object Repo/Page_Update Add New Employee - ASSIST/Select Searching Method (Employer Code)' is clicked on

2018-12-07 12:44:16 - [MESSAGE][PASSED] - Object: 'Object Repository/Final Object Repo/Page_Update Add New Employee - ASSIST/Select Searching Method (Employer Code)' is clicked on

2018-12-07 12:44:16 - [TEST_STEP][PASSED] - click: Object: 'Object Repository/Final Object Repo/Page_Update Add New Employee - ASSIST/Select Searching Method to Reference ID' is clicked on

2018-12-07 12:44:16 - [MESSAGE][PASSED] - Object: 'Object Repository/Final Object Repo/Page_Update Add New Employee - ASSIST/Select Searching Method to Reference ID' is clicked on

2018-12-07 12:44:16 - [TEST_STEP][PASSED] - setText: Text 'CAN12201800002291' is set on object 'Object Repository/Final Object Repo/Page_Update Add New Employee - ASSIST/Pending Case Ref NO'

2018-12-07 12:44:16 - [MESSAGE][PASSED] - Text 'CAN12201800002291' is set on object 'Object Repository/Final Object Repo/Page_Update Add New Employee - ASSIST/Pending Case Ref NO'

2018-12-07 12:44:16 - [TEST_STEP][PASSED] - click: Object: 'Object Repository/Final Object Repo/Page_Update Add New Employee - ASSIST/Search Pending Case Based on Ref No' is clicked on

2018-12-07 12:44:16 - [MESSAGE][PASSED] - Object: 'Object Repository/Final Object Repo/Page_Update Add New Employee - ASSIST/Search Pending Case Based on Ref No' is clicked on

2018-12-07 12:44:16 - [TEST_STEP][PASSED] - click: Object: 'Object Repository/Final Object Repo/Page_Update Add New Employee - ASSIST/Action Button after found case' is clicked on

2018-12-07 12:44:20 - [MESSAGE][PASSED] - Object: 'Object Repository/Final Object Repo/Page_Update Add New Employee - ASSIST/Action Button after found case' is clicked on

2018-12-07 12:44:20 - [TEST_STEP][PASSED] - click: Object: 'Object Repository/Final Object Repo/Page_Update Add New Employee - ASSIST/Next Button in Pending Case First Page' is clicked on

2018-12-07 12:44:22 - [MESSAGE][PASSED] - Object: 'Object Repository/Final Object Repo/Page_Update Add New Employee - ASSIST/Next Button in Pending Case First Page' is clicked on

2018-12-07 12:44:22 - [TEST_STEP][PASSED] - click: Object: 'Object Repository/Final Object Repo/Page_Update Add New Employee - ASSIST/Next Button in Third Screen' is clicked on

2018-12-07 12:44:25 - [MESSAGE][PASSED] - Object: 'Object Repository/Final Object Repo/Page_Update Add New Employee - ASSIST/Next Button in Third Screen' is clicked on

2018-12-07 12:44:25 - [TEST_STEP][PASSED] - click: Object: 'Object Repository/Final Object Repo/Page_Update Add New Employee - ASSIST/Add Document for Pending Case' is clicked on

2018-12-07 12:44:25 - [MESSAGE][PASSED] - Object: 'Object Repository/Final Object Repo/Page_Update Add New Employee - ASSIST/Add Document for Pending Case' is clicked on

2018-12-07 12:44:25 - [TEST_STEP][PASSED] - delay: Delayed 10 second(s)

2018-12-07 12:44:35 - [MESSAGE][PASSED] - Delayed 10 second(s)

2018-12-07 12:44:35 - [TEST_STEP][PASSED] - click: Object: 'Object Repository/Final Object Repo/Page_Update Add New Employee - ASSIST/Upload Pending Doc - Please Select' is clicked on

2018-12-07 12:44:35 - [MESSAGE][PASSED] - Object: 'Object Repository/Final Object Repo/Page_Update Add New Employee - ASSIST/Upload Pending Doc - Please Select' is clicked on

2018-12-07 12:44:35 - [TEST_STEP][PASSED] - click: Object: 'Object Repository/Final Object Repo/Page_Update Add New Employee - ASSIST/Select to Others to Upload' is clicked on

2018-12-07 12:44:35 - [MESSAGE][PASSED] - Object: 'Object Repository/Final Object Repo/Page_Update Add New Employee - ASSIST/Select to Others to Upload' is clicked on

2018-12-07 12:44:35 - [TEST_STEP][PASSED] - uploadFile: File 'C:\Users\Public\Pictures\Sample Pictures\Koala.jpg' sent to object: 'Object Repository/Final Object Repo/Page_Update Add New Employee - ASSIST/Uploading Pending Case Action'

2018-12-07 12:44:36 - [MESSAGE][PASSED] - File 'C:\Users\Public\Pictures\Sample Pictures\Koala.jpg' sent to object: 'Object Repository/Final Object Repo/Page_Update Add New Employee - ASSIST/Uploading Pending Case Action'

2018-12-07 12:44:36 - [TEST_STEP][PASSED] - click: Object: 'Object Repository/Final Object Repo/Page_Update Add New Employee - ASSIST/Inner form Add Document Button Pending Case' is clicked on

2018-12-07 12:44:36 - [MESSAGE][PASSED] - Object: 'Object Repository/Final Object Repo/Page_Update Add New Employee - ASSIST/Inner form Add Document Button Pending Case' is clicked on

2018-12-07 12:44:36 - [TEST_STEP][PASSED] - delay: Delayed 2 second(s)

2018-12-07 12:44:38 - [MESSAGE][PASSED] - Delayed 2 second(s)

2018-12-07 12:44:38 - [TEST_STEP][PASSED] - click: Object: 'Object Repository/Final Object Repo/Page_Update Add New Employee - ASSIST/Pending Case Exit' is clicked on

2018-12-07 12:44:40 - [MESSAGE][PASSED] - Object: 'Object Repository/Final Object Repo/Page_Update Add New Employee - ASSIST/Pending Case Exit' is clicked on

2018-12-07 12:44:40 - [TEST_STEP][PASSED] - callTestCase: Call Test Case 'Test Cases/Final Aug 2018 - PKS Automation/Registration Module/Log Out/log out avoiding katalon tagging' successfully

2018-12-07 12:44:41 - [TEST_CASE][PASSED] - Test Cases/Final Aug 2018 - PKS Automation/Registration Module/Log Out/log out avoiding katalon tagging: Test Cases/Final Aug 2018 - PKS Automation/Registration Module/Log Out/log out avoiding katalon tagging

2018-12-07 12:44:41 - [TEST_STEP][PASSED] - navigateToUrl: Navigate to 'https://assist2-uat.perkeso.gov.my/c/portal/logout' successfully

2018-12-07 12:44:41 - [MESSAGE][PASSED] - Navigate to 'https://assist2-uat.perkeso.gov.my/c/portal/logout' successfully

2018-12-07 12:44:41 - [MESSAGE][PASSED] - Call Test Case 'Test Cases/Final Aug 2018 - PKS Automation/Registration Module/Log Out/log out avoiding katalon tagging' successfully

2018-12-07 12:44:41 - [TEST_STEP][PASSED] - callTestCase: Call Test Case 'Test Cases/Final Aug 2018 - PKS Automation/Common/Workflow Owner Finder' successfully

2018-12-07 12:44:41 - [TEST_CASE][PASSED] - Test Cases/Final Aug 2018 - PKS Automation/Common/Workflow Owner Finder: Test Cases/Final Aug 2018 - PKS Automation/Common/Workflow Owner Finder

2018-12-07 12:44:41 - [TEST_STEP][PASSED] - openBrowser: Browser is opened with url: ''

2018-12-07 12:44:41 - [MESSAGE][WARNING] - A browser is already opened. Closing browser and opening a new one

2018-12-07 12:44:44 - [MESSAGE][PASSED] - Browser is opened with url: ''

2018-12-07 12:44:44 - [TEST_STEP][PASSED] - navigateToUrl: Navigate to 'https://assist2-uat.perkeso.gov.my/login' successfully

2018-12-07 12:44:45 - [MESSAGE][PASSED] - Navigate to 'https://assist2-uat.perkeso.gov.my/login' successfully

2018-12-07 12:44:45 - [TEST_STEP][PASSED] - delay: Delayed 5 second(s)

2018-12-07 12:44:50 - [MESSAGE][PASSED] - Delayed 5 second(s)

2018-12-07 12:44:50 - [TEST_STEP][PASSED] - setText: Text 'test@liferay.com' is set on object 'Object Repository/Final Object Repo/Login Page/Internal User/Email Address'

2018-12-07 12:44:51 - [MESSAGE][PASSED] - Text 'test@liferay.com' is set on object 'Object Repository/Final Object Repo/Login Page/Internal User/Email Address'

2018-12-07 12:44:51 - [TEST_STEP][PASSED] - click: Object: 'Object Repository/Final Object Repo/Login Page/Internal User/Next Button' is clicked on

2018-12-07 12:44:51 - [MESSAGE][PASSED] - Object: 'Object Repository/Final Object Repo/Login Page/Internal User/Next Button' is clicked on

2018-12-07 12:44:51 - [TEST_STEP][PASSED] - delay: Delayed 2 second(s)

2018-12-07 12:44:53 - [MESSAGE][PASSED] - Delayed 2 second(s)

2018-12-07 12:44:53 - [TEST_STEP][PASSED] - setText: Text 'test' is set on object 'Object Repository/Final Object Repo/Login Page/Internal User/Password'

2018-12-07 12:44:53 - [MESSAGE][PASSED] - Text 'test' is set on object 'Object Repository/Final Object Repo/Login Page/Internal User/Password'

2018-12-07 12:44:53 - [TEST_STEP][PASSED] - delay: Delayed 2 second(s)

2018-12-07 12:44:55 - [MESSAGE][PASSED] - Delayed 2 second(s)

2018-12-07 12:44:55 - [TEST_STEP][PASSED] - click: Object: 'Object Repository/Final Object Repo/Login Page/Internal User/Login Button' is clicked on

2018-12-07 12:44:55 - [MESSAGE][PASSED] - Object: 'Object Repository/Final Object Repo/Login Page/Internal User/Login Button' is clicked on

2018-12-07 12:44:55 - [TEST_STEP][PASSED] - Statement - tester = com.kms.katalon.core.testobject.ObjectRepository.findTestObject(Final Object Repo/Landing Page/Select to English): Finding Test Object with id 'Object Repository/Final Object Repo/Landing Page/Select to English'

2018-12-07 12:44:55 - [TEST_STEP][PASSED] - Statement - Try: Delayed 2 second(s)

2018-12-07 12:44:55 - [TEST_STEP][PASSED] - Statement - Checker = com.kms.katalon.core.webui.keyword.WebUiBuiltInKeywords.verifyElementNotPresent(tester, 3): Web element with id: 'Object Repository/Final Object Repo/Landing Page/Select to English' located by 'By.xpath: //a[@class = 'taglib-language-list-text' and @lang = 'en-US' and (contains(text(), 'EN') or contains(., 'EN'))]' is not present after '3' second(s)

2018-12-07 12:44:57 - [MESSAGE][PASSED] - Web element with id: 'Object Repository/Final Object Repo/Landing Page/Select to English' located by 'By.xpath: //a[@class = 'taglib-language-list-text' and @lang = 'en-US' and (contains(text(), 'EN') or contains(., 'EN'))]' is not present after '3' second(s)

2018-12-07 12:44:57 - [TEST_STEP][PASSED] - Statement - If (Checker == false): null

2018-12-07 12:44:57 - [TEST_STEP][PASSED] - delay: Delayed 2 second(s)

2018-12-07 12:44:59 - [MESSAGE][PASSED] - Delayed 2 second(s)

2018-12-07 12:44:59 - [TEST_STEP][PASSED] - delay: Delayed 5 second(s)

2018-12-07 12:45:04 - [MESSAGE][PASSED] - Delayed 5 second(s)

2018-12-07 12:45:04 - [TEST_STEP][PASSED] - mouseOver: Object: 'Object Repository/Final Object Repo/Landing Page/WorkFlow Menu' is hovered

2018-12-07 12:45:05 - [MESSAGE][PASSED] - Object: 'Object Repository/Final Object Repo/Landing Page/WorkFlow Menu' is hovered

2018-12-07 12:45:05 - [TEST_STEP][PASSED] - delay: Delayed 2 second(s)

2018-12-07 12:45:07 - [MESSAGE][PASSED] - Delayed 2 second(s)

2018-12-07 12:45:07 - [TEST_STEP][PASSED] - click: Object: 'Object Repository/Final Object Repo/Landing Page/Select to Workflow Listing' is clicked on

2018-12-07 12:45:08 - [MESSAGE][PASSED] - Object: 'Object Repository/Final Object Repo/Landing Page/Select to Workflow Listing' is clicked on

2018-12-07 12:45:08 - [TEST_STEP][PASSED] - delay: Delayed 2 second(s)

2018-12-07 12:45:10 - [MESSAGE][PASSED] - Delayed 2 second(s)

2018-12-07 12:45:10 - [TEST_STEP][PASSED] - click: Object: 'Object Repository/Final Object Repo/WorkFlow Listing Page/Search Information - To Put Ref No' is clicked on

2018-12-07 12:45:10 - [MESSAGE][PASSED] - Object: 'Object Repository/Final Object Repo/WorkFlow Listing Page/Search Information - To Put Ref No' is clicked on

2018-12-07 12:45:10 - [TEST_STEP][PASSED] - delay: Delayed 2 second(s)

2018-12-07 12:45:12 - [MESSAGE][PASSED] - Delayed 2 second(s)

2018-12-07 12:45:12 - [TEST_STEP][PASSED] - callTestCase: Call Test Case 'Test Cases/Final Aug 2018 - PKS Automation/Common/Reference Number Getter' successfully

2018-12-07 12:45:12 - [TEST_CASE][PASSED] - Test Cases/Final Aug 2018 - PKS Automation/Common/Reference Number Getter: Test Cases/Final Aug 2018 - PKS Automation/Common/Reference Number Getter

2018-12-07 12:45:12 - [TEST_STEP][PASSED] - Statement - Try: null

2018-12-07 12:45:12 - [TEST_STEP][PASSED] - Statement - RefNo = new java.io.File(C://Users//Admin//Desktop//PKS//Automation Reference Point//KatalonReference.txt): null

2018-12-07 12:45:12 - [TEST_STEP][PASSED] - Statement - bufferread = new java.io.BufferedReader(new java.io.FileReader(RefNo)): null

2018-12-07 12:45:12 - [TEST_STEP][PASSED] - Statement - readedVal = bufferread.readLine(): null

2018-12-07 12:45:12 - [TEST_STEP][PASSED] - Statement - out.println(CaseReferenceNo): null

2018-12-07 12:45:12 - [TEST_STEP][PASSED] - Statement - out.println(readedVal): null

2018-12-07 12:45:12 - [TEST_STEP][PASSED] - Statement - CaseReferenceNo = "": null

2018-12-07 12:45:12 - [TEST_STEP][PASSED] - Statement - CaseReferenceNo = readedVal: null

2018-12-07 12:45:12 - [MESSAGE][PASSED] - Call Test Case 'Test Cases/Final Aug 2018 - PKS Automation/Common/Reference Number Getter' successfully

2018-12-07 12:45:12 - [TEST_STEP][PASSED] - setText: Text 'CAN12201800002291' is set on object 'Object Repository/Final Object Repo/WorkFlow Listing Page/Ref No Set Text'

2018-12-07 12:45:13 - [MESSAGE][PASSED] - Text 'CAN12201800002291' is set on object 'Object Repository/Final Object Repo/WorkFlow Listing Page/Ref No Set Text'

2018-12-07 12:45:13 - [TEST_STEP][PASSED] - delay: Delayed 2 second(s)

2018-12-07 12:45:15 - [MESSAGE][PASSED] - Delayed 2 second(s)

2018-12-07 12:45:15 - [TEST_STEP][PASSED] - click: Object: 'Object Repository/Final Object Repo/WorkFlow Listing Page/Search Ref No Search Button' is clicked on

2018-12-07 12:45:15 - [MESSAGE][PASSED] - Object: 'Object Repository/Final Object Repo/WorkFlow Listing Page/Search Ref No Search Button' is clicked on

2018-12-07 12:45:15 - [TEST_STEP][PASSED] - delay: Delayed 6 second(s)

2018-12-07 12:45:21 - [MESSAGE][PASSED] - Delayed 6 second(s)

2018-12-07 12:45:21 - [TEST_STEP][PASSED] - click: Object: 'Object Repository/Final Object Repo/WorkFlow Listing Page/Click Continue Tooltip' is clicked on

2018-12-07 12:45:22 - [MESSAGE][PASSED] - Object: 'Object Repository/Final Object Repo/WorkFlow Listing Page/Click Continue Tooltip' is clicked on

2018-12-07 12:45:22 - [TEST_STEP][PASSED] - delay: Delayed 5 second(s)

2018-12-07 12:45:27 - [MESSAGE][PASSED] - Delayed 5 second(s)

2018-12-07 12:45:27 - [TEST_STEP][PASSED] - doubleClick: Object: 'Object Repository/Final Object Repo/WorkFlow Listing Page/Workflow Found - Listing 1' is double clicked on

2018-12-07 12:45:27 - [MESSAGE][PASSED] - Object: 'Object Repository/Final Object Repo/WorkFlow Listing Page/Workflow Found - Listing 1' is double clicked on

2018-12-07 12:45:27 - [TEST_STEP][PASSED] - Statement - println(OwnerID): null

2018-12-07 12:45:27 - [TEST_STEP][PASSED] - Statement - OwnerID = com.kms.katalon.core.webui.keyword.WebUiBuiltInKeywords.getText(com.kms.katalon.core.testobject.ObjectRepository.findTestObject(Final Object Repo/WorkFlow Listing Page/Workflow Found - Listing 1), STOP_ON_FAILURE): Text of object 'Object Repository/Final Object Repo/WorkFlow Listing Page/Workflow Found - Listing 1' is: 'JOHORro2'

2018-12-07 12:45:27 - [MESSAGE][PASSED] - Text of object 'Object Repository/Final Object Repo/WorkFlow Listing Page/Workflow Found - Listing 1' is: 'JOHORro2'

2018-12-07 12:45:27 - [TEST_STEP][PASSED] - Statement - OwnerID = OwnerID.toLowerCase() + "@gmail.com": null

2018-12-07 12:45:27 - [TEST_STEP][PASSED] - Statement - println(OwnerID): null

2018-12-07 12:45:27 - [TEST_STEP][PASSED] - delay: Delayed 2 second(s)

2018-12-07 12:45:29 - [MESSAGE][PASSED] - Delayed 2 second(s)

2018-12-07 12:45:29 - [MESSAGE][PASSED] - Call Test Case 'Test Cases/Final Aug 2018 - PKS Automation/Common/Workflow Owner Finder' successfully

2018-12-07 12:45:29 - [TEST_STEP][PASSED] - callTestCase: Call Test Case 'Test Cases/Final Aug 2018 - PKS Automation/Registration Module/Log Out/log out avoiding katalon tagging' successfully

2018-12-07 12:45:29 - [TEST_CASE][PASSED] - Test Cases/Final Aug 2018 - PKS Automation/Registration Module/Log Out/log out avoiding katalon tagging: Test Cases/Final Aug 2018 - PKS Automation/Registration Module/Log Out/log out avoiding katalon tagging

2018-12-07 12:45:29 - [TEST_STEP][PASSED] - navigateToUrl: Navigate to 'https://assist2-uat.perkeso.gov.my/c/portal/logout' successfully

2018-12-07 12:45:30 - [MESSAGE][PASSED] - Navigate to 'https://assist2-uat.perkeso.gov.my/c/portal/logout' successfully

2018-12-07 12:45:30 - [MESSAGE][PASSED] - Call Test Case 'Test Cases/Final Aug 2018 - PKS Automation/Registration Module/Log Out/log out avoiding katalon tagging' successfully

2018-12-07 12:45:30 - [TEST_STEP][PASSED] - delay: Delayed 2 second(s)

2018-12-07 12:45:32 - [MESSAGE][PASSED] - Delayed 2 second(s)

2018-12-07 12:45:32 - [TEST_STEP][PASSED] - setText: Text 'johorro2@gmail.com' is set on object 'Object Repository/Final Object Repo/Page_Update Add New Employee - ASSIST/Email TextBox'

2018-12-07 12:45:32 - [MESSAGE][PASSED] - Text 'johorro2@gmail.com' is set on object 'Object Repository/Final Object Repo/Page_Update Add New Employee - ASSIST/Email TextBox'

2018-12-07 12:45:32 - [TEST_STEP][PASSED] - click: Object: 'Object Repository/Final Object Repo/Page_Update Add New Employee - ASSIST/Next Button' is clicked on

2018-12-07 12:45:33 - [MESSAGE][PASSED] - Object: 'Object Repository/Final Object Repo/Page_Update Add New Employee - ASSIST/Next Button' is clicked on

2018-12-07 12:45:33 - [TEST_STEP][PASSED] - delay: Delayed 2 second(s)

2018-12-07 12:45:35 - [MESSAGE][PASSED] - Delayed 2 second(s)

2018-12-07 12:45:35 - [TEST_STEP][PASSED] - setText: Text 'Test1@3456789' is set on object 'Object Repository/Final Object Repo/Page_Update Add New Employee - ASSIST/Password TextBox'

2018-12-07 12:45:35 - [MESSAGE][PASSED] - Text 'Test1@3456789' is set on object 'Object Repository/Final Object Repo/Page_Update Add New Employee - ASSIST/Password TextBox'

2018-12-07 12:45:35 - [TEST_STEP][PASSED] - delay: Delayed 2 second(s)

2018-12-07 12:45:37 - [MESSAGE][PASSED] - Delayed 2 second(s)

2018-12-07 12:45:37 - [TEST_STEP][PASSED] - click: Object: 'Object Repository/Final Object Repo/Page_Update Add New Employee - ASSIST/Login Button' is clicked on

2018-12-07 12:45:37 - [MESSAGE][PASSED] - Object: 'Object Repository/Final Object Repo/Page_Update Add New Employee - ASSIST/Login Button' is clicked on

2018-12-07 12:45:37 - [TEST_STEP][PASSED] - delay: Delayed 4 second(s)

2018-12-07 12:45:41 - [MESSAGE][PASSED] - Delayed 4 second(s)

2018-12-07 12:45:41 - [TEST_STEP][PASSED] - Statement - Try: Delayed 2 second(s)

2018-12-07 12:45:41 - [TEST_STEP][PASSED] - Statement - Checker = false: null

2018-12-07 12:45:41 - [TEST_STEP][PASSED] - Statement - Checker = com.kms.katalon.core.webui.keyword.WebUiBuiltInKeywords.verifyElementHasAttribute(com.kms.katalon.core.testobject.ObjectRepository.findTestObject(Final Object Repo/Landing Page/BM Detecting), "href", 20, OPTIONAL): Object 'Object Repository/Final Object Repo/Landing Page/BM Detecting' has attribute 'href'

2018-12-07 12:45:41 - [MESSAGE][PASSED] - Object 'Object Repository/Final Object Repo/Landing Page/BM Detecting' has attribute 'href'

2018-12-07 12:45:41 - [TEST_STEP][PASSED] - Statement - out.println(Checker): null

2018-12-07 12:45:41 - [TEST_STEP][PASSED] - Statement - If (Checker == false): null

2018-12-07 12:45:41 - [TEST_STEP][PASSED] - Statement - Else: null

2018-12-07 12:45:41 - [TEST_STEP][PASSED] - delay: Delayed 2 second(s)

2018-12-07 12:45:43 - [MESSAGE][PASSED] - Delayed 2 second(s)

2018-12-07 12:45:43 - [TEST_STEP][PASSED] - delay: Delayed 4 second(s)

2018-12-07 12:45:47 - [MESSAGE][PASSED] - Delayed 4 second(s)

2018-12-07 12:45:47 - [TEST_STEP][PASSED] - click: Object: 'Object Repository/Final Object Repo/New Registration - Registration Module Pages/New Reg - OTC to RO/Special Case - All Related Objects/Expand to Search' is clicked on

2018-12-07 12:45:47 - [MESSAGE][PASSED] - Object: 'Object Repository/Final Object Repo/New Registration - Registration Module Pages/New Reg - OTC to RO/Special Case - All Related Objects/Expand to Search' is clicked on

2018-12-07 12:45:47 - [TEST_STEP][PASSED] - delay: Delayed 2 second(s)

2018-12-07 12:45:49 - [MESSAGE][PASSED] - Delayed 2 second(s)

2018-12-07 12:45:49 - [TEST_STEP][PASSED] - setText: Text 'CAN12201800002291' is set on object 'Object Repository/Final Object Repo/New Registration - Registration Module Pages/New Reg - OTC to RO/Special Case - All Related Objects/TextBox RefNo in Workbasket'

2018-12-07 12:45:50 - [MESSAGE][PASSED] - Text 'CAN12201800002291' is set on object 'Object Repository/Final Object Repo/New Registration - Registration Module Pages/New Reg - OTC to RO/Special Case - All Related Objects/TextBox RefNo in Workbasket'

2018-12-07 12:45:50 - [TEST_STEP][PASSED] - delay: Delayed 4 second(s)

2018-12-07 12:45:54 - [MESSAGE][PASSED] - Delayed 4 second(s)

2018-12-07 12:45:54 - [TEST_STEP][PASSED] - click: Object: 'Object Repository/Final Object Repo/New Registration - Registration Module Pages/New Reg - OTC to RO/Special Case - All Related Objects/Click Search' is clicked on

2018-12-07 12:45:54 - [MESSAGE][PASSED] - Object: 'Object Repository/Final Object Repo/New Registration - Registration Module Pages/New Reg - OTC to RO/Special Case - All Related Objects/Click Search' is clicked on

2018-12-07 12:45:54 - [TEST_STEP][PASSED] - delay: Delayed 2 second(s)

2018-12-07 12:45:56 - [MESSAGE][PASSED] - Delayed 2 second(s)

2018-12-07 12:45:56 - [TEST_STEP][PASSED] - click: Object: 'Object Repository/Final Object Repo/New Registration - Registration Module Pages/New Reg - OTC to RO/Special Case - All Related Objects/Click to Continue Workflow' is clicked on

2018-12-07 12:46:00 - [MESSAGE][PASSED] - Object: 'Object Repository/Final Object Repo/New Registration - Registration Module Pages/New Reg - OTC to RO/Special Case - All Related Objects/Click to Continue Workflow' is clicked on

2018-12-07 12:46:00 - [TEST_STEP][PASSED] - delay: Delayed 0 second(s)

2018-12-07 12:46:00 - [MESSAGE][PASSED] - Delayed 0 second(s)

2018-12-07 12:46:00 - [TEST_STEP][PASSED] - click: Object: 'Object Repository/Final Object Repo/New Registration - Registration Module Pages/New Reg - OTC to RO/Special Case - All Related Objects/Continue Button in verifying case' is clicked on

2018-12-07 12:46:03 - [MESSAGE][PASSED] - Object: 'Object Repository/Final Object Repo/New Registration - Registration Module Pages/New Reg - OTC to RO/Special Case - All Related Objects/Continue Button in verifying case' is clicked on

2018-12-07 12:46:03 - [TEST_STEP][PASSED] - delay: Delayed 2 second(s)

2018-12-07 12:46:05 - [MESSAGE][PASSED] - Delayed 2 second(s)

2018-12-07 12:46:05 - [TEST_STEP][PASSED] - click: Object: 'Object Repository/Final Object Repo/Page_Update Add New Employee - ASSIST/Save  Continue Button' is clicked on

2018-12-07 12:46:05 - [MESSAGE][PASSED] - Object: 'Object Repository/Final Object Repo/Page_Update Add New Employee - ASSIST/Save  Continue Button' is clicked on

2018-12-07 12:46:05 - [TEST_STEP][PASSED] - delay: Delayed 4 second(s)

2018-12-07 12:46:09 - [MESSAGE][PASSED] - Delayed 4 second(s)

2018-12-07 12:46:09 - [TEST_STEP][PASSED] - click: Object: 'Object Repository/Final Object Repo/Page_Update Add New Employee - ASSIST/Save  Continue Third Screen' is clicked on

2018-12-07 12:46:12 - [MESSAGE][PASSED] - Object: 'Object Repository/Final Object Repo/Page_Update Add New Employee - ASSIST/Save  Continue Third Screen' is clicked on

2018-12-07 12:46:12 - [TEST_STEP][PASSED] - delay: Delayed 4 second(s)

2018-12-07 12:46:16 - [MESSAGE][PASSED] - Delayed 4 second(s)

2018-12-07 12:46:16 - [TEST_STEP][PASSED] - click: Object: 'Object Repository/Final Object Repo/Page_Update Add New Employee - ASSIST/Save   Continue Supporting Doc Page' is clicked on

2018-12-07 12:46:17 - [MESSAGE][PASSED] - Object: 'Object Repository/Final Object Repo/Page_Update Add New Employee - ASSIST/Save   Continue Supporting Doc Page' is clicked on

2018-12-07 12:46:17 - [TEST_STEP][PASSED] - delay: Delayed 4 second(s)

2018-12-07 12:46:21 - [MESSAGE][PASSED] - Delayed 4 second(s)

2018-12-07 12:46:21 - [TEST_STEP][PASSED] - click: Object: 'Object Repository/Final Object Repo/Page_Update Add New Employee - ASSIST/Submit Button' is clicked on

2018-12-07 12:46:21 - [MESSAGE][PASSED] - Object: 'Object Repository/Final Object Repo/Page_Update Add New Employee - ASSIST/Submit Button' is clicked on

2018-12-07 12:46:21 - [TEST_STEP][PASSED] - delay: Delayed 4 second(s)

2018-12-07 12:46:25 - [MESSAGE][PASSED] - Delayed 4 second(s)

2018-12-07 12:46:25 - [TEST_STEP][PASSED] - click: Object: 'Object Repository/Final Object Repo/Page_Update Add New Employee - ASSIST/Confirm Submit Button' is clicked on

2018-12-07 12:46:25 - [MESSAGE][PASSED] - Object: 'Object Repository/Final Object Repo/Page_Update Add New Employee - ASSIST/Confirm Submit Button' is clicked on

2018-12-07 12:46:25 - [TEST_STEP][PASSED] - delay: Delayed 30 second(s)

2018-12-07 12:46:55 - [MESSAGE][PASSED] - Delayed 30 second(s)

2018-12-07 12:46:55 - [TEST_STEP][PASSED] - callTestCase: Call Test Case 'Test Cases/Final Aug 2018 - PKS Automation/Common/Screenshoting tool' successfully

2018-12-07 12:46:55 - [TEST_CASE][PASSED] - Test Cases/Final Aug 2018 - PKS Automation/Common/Screenshoting tool: Test Cases/Final Aug 2018 - PKS Automation/Common/Screenshoting tool

2018-12-07 12:46:55 - [TEST_STEP][PASSED] - delay: Delayed 15 second(s)

2018-12-07 12:47:10 - [MESSAGE][PASSED] - Delayed 15 second(s)

2018-12-07 12:47:10 - [TEST_STEP][PASSED] - Statement - driver = com.kms.katalon.core.webui.driver.DriverFactory.getWebDriver(): null

2018-12-07 12:47:10 - [TEST_STEP][PASSED] - Statement - driver.manage().timeouts().implicitlyWait(10, SECONDS): null

2018-12-07 12:47:10 - [TEST_STEP][PASSED] - Statement - PresavePath = KatalonScreenshots: null

2018-12-07 12:47:10 - [TEST_STEP][PASSED] - Statement - pathPrefix = "C:\Users\Public\Pictures\Sample Pictures\Katalon Screenshots\Automate Ending Screen": null

2018-12-07 12:47:10 - [TEST_STEP][PASSED] - Statement - finalPath = <not implemented yet for class: org.codehaus.groovy.ast.expr.EmptyExpression>: null

2018-12-07 12:47:10 - [TEST_STEP][PASSED] - Statement - scrFile = driver.getScreenshotAs(FILE): null

2018-12-07 12:47:10 - [TEST_STEP][PASSED] - Statement - PreSaveFile = new java.io.File(PresavePath): null

2018-12-07 12:47:10 - [TEST_STEP][PASSED] - Statement - counter = 0: null

2018-12-07 12:47:10 - [TEST_STEP][PASSED] - Statement - If (PreSaveFile.exists()): null

2018-12-07 12:47:10 - [TEST_STEP][PASSED] - Statement - While (PreSaveFile.exists()): null

2018-12-07 12:47:10 - [TEST_STEP][PASSED] - Statement - counter = counter + 1: null

2018-12-07 12:47:10 - [TEST_STEP][PASSED] - Statement - PreSaveFile = new java.io.File(((pathPrefix + java.lang.Integer.toString(counter)) + .png)): null

2018-12-07 12:47:10 - [TEST_STEP][PASSED] - Statement - counter = counter + 1: null

2018-12-07 12:47:10 - [TEST_STEP][PASSED] - Statement - PreSaveFile = new java.io.File(((pathPrefix + java.lang.Integer.toString(counter)) + .png)): null

2018-12-07 12:47:10 - [TEST_STEP][PASSED] - Statement - counter = counter + 1: null

2018-12-07 12:47:10 - [TEST_STEP][PASSED] - Statement - PreSaveFile = new java.io.File(((pathPrefix + java.lang.Integer.toString(counter)) + .png)): null

2018-12-07 12:47:10 - [TEST_STEP][PASSED] - Statement - counter = counter + 1: null

2018-12-07 12:47:10 - [TEST_STEP][PASSED] - Statement - PreSaveFile = new java.io.File(((pathPrefix + java.lang.Integer.toString(counter)) + .png)): null

2018-12-07 12:47:10 - [TEST_STEP][PASSED] - Statement - counter = counter + 1: null

2018-12-07 12:47:10 - [TEST_STEP][PASSED] - Statement - PreSaveFile = new java.io.File(((pathPrefix + java.lang.Integer.toString(counter)) + .png)): null

2018-12-07 12:47:10 - [TEST_STEP][PASSED] - Statement - counter = counter + 1: null

2018-12-07 12:47:10 - [TEST_STEP][PASSED] - Statement - PreSaveFile = new java.io.File(((pathPrefix + java.lang.Integer.toString(counter)) + .png)): null

2018-12-07 12:47:10 - [TEST_STEP][PASSED] - Statement - counter = counter + 1: null

2018-12-07 12:47:10 - [TEST_STEP][PASSED] - Statement - PreSaveFile = new java.io.File(((pathPrefix + java.lang.Integer.toString(counter)) + .png)): null

2018-12-07 12:47:10 - [TEST_STEP][PASSED] - Statement - counter = counter + 1: null

2018-12-07 12:47:10 - [TEST_STEP][PASSED] - Statement - PreSaveFile = new java.io.File(((pathPrefix + java.lang.Integer.toString(counter)) + .png)): null

2018-12-07 12:47:10 - [TEST_STEP][PASSED] - Statement - counter = counter + 1: null

2018-12-07 12:47:10 - [TEST_STEP][PASSED] - Statement - PreSaveFile = new java.io.File(((pathPrefix + java.lang.Integer.toString(counter)) + .png)): null

2018-12-07 12:47:10 - [TEST_STEP][PASSED] - Statement - counter = counter + 1: null

2018-12-07 12:47:10 - [TEST_STEP][PASSED] - Statement - PreSaveFile = new java.io.File(((pathPrefix + java.lang.Integer.toString(counter)) + .png)): null

2018-12-07 12:47:10 - [TEST_STEP][PASSED] - Statement - counter = counter + 1: null

2018-12-07 12:47:10 - [TEST_STEP][PASSED] - Statement - PreSaveFile = new java.io.File(((pathPrefix + java.lang.Integer.toString(counter)) + .png)): null

2018-12-07 12:47:10 - [TEST_STEP][PASSED] - Statement - counter = counter + 1: null

2018-12-07 12:47:10 - [TEST_STEP][PASSED] - Statement - PreSaveFile = new java.io.File(((pathPrefix + java.lang.Integer.toString(counter)) + .png)): null

2018-12-07 12:47:10 - [TEST_STEP][PASSED] - Statement - counter = counter + 1: null

2018-12-07 12:47:10 - [TEST_STEP][PASSED] - Statement - PreSaveFile = new java.io.File(((pathPrefix + java.lang.Integer.toString(counter)) + .png)): null

2018-12-07 12:47:10 - [TEST_STEP][PASSED] - Statement - counter = counter + 1: null

2018-12-07 12:47:10 - [TEST_STEP][PASSED] - Statement - PreSaveFile = new java.io.File(((pathPrefix + java.lang.Integer.toString(counter)) + .png)): null

2018-12-07 12:47:10 - [TEST_STEP][PASSED] - Statement - counter = counter + 1: null

2018-12-07 12:47:10 - [TEST_STEP][PASSED] - Statement - PreSaveFile = new java.io.File(((pathPrefix + java.lang.Integer.toString(counter)) + .png)): null

2018-12-07 12:47:10 - [TEST_STEP][PASSED] - Statement - counter = counter + 1: null

2018-12-07 12:47:10 - [TEST_STEP][PASSED] - Statement - PreSaveFile = new java.io.File(((pathPrefix + java.lang.Integer.toString(counter)) + .png)): null

2018-12-07 12:47:10 - [TEST_STEP][PASSED] - Statement - counter = counter + 1: null

2018-12-07 12:47:10 - [TEST_STEP][PASSED] - Statement - PreSaveFile = new java.io.File(((pathPrefix + java.lang.Integer.toString(counter)) + .png)): null

2018-12-07 12:47:11 - [TEST_STEP][PASSED] - Statement - counter = counter + 1: null

2018-12-07 12:47:11 - [TEST_STEP][PASSED] - Statement - PreSaveFile = new java.io.File(((pathPrefix + java.lang.Integer.toString(counter)) + .png)): null

2018-12-07 12:47:11 - [TEST_STEP][PASSED] - Statement - counter = counter + 1: null

2018-12-07 12:47:11 - [TEST_STEP][PASSED] - Statement - PreSaveFile = new java.io.File(((pathPrefix + java.lang.Integer.toString(counter)) + .png)): null

2018-12-07 12:47:11 - [TEST_STEP][PASSED] - Statement - counter = counter + 1: null

2018-12-07 12:47:11 - [TEST_STEP][PASSED] - Statement - PreSaveFile = new java.io.File(((pathPrefix + java.lang.Integer.toString(counter)) + .png)): null

2018-12-07 12:47:11 - [TEST_STEP][PASSED] - Statement - counter = counter + 1: null

2018-12-07 12:47:11 - [TEST_STEP][PASSED] - Statement - PreSaveFile = new java.io.File(((pathPrefix + java.lang.Integer.toString(counter)) + .png)): null

2018-12-07 12:47:11 - [TEST_STEP][PASSED] - Statement - counter = counter + 1: null

2018-12-07 12:47:11 - [TEST_STEP][PASSED] - Statement - PreSaveFile = new java.io.File(((pathPrefix + java.lang.Integer.toString(counter)) + .png)): null

2018-12-07 12:47:11 - [TEST_STEP][PASSED] - Statement - counter = counter + 1: null

2018-12-07 12:47:11 - [TEST_STEP][PASSED] - Statement - PreSaveFile = new java.io.File(((pathPrefix + java.lang.Integer.toString(counter)) + .png)): null

2018-12-07 12:47:11 - [TEST_STEP][PASSED] - Statement - counter = counter + 1: null

2018-12-07 12:47:11 - [TEST_STEP][PASSED] - Statement - PreSaveFile = new java.io.File(((pathPrefix + java.lang.Integer.toString(counter)) + .png)): null

2018-12-07 12:47:11 - [TEST_STEP][PASSED] - Statement - counter = counter + 1: null

2018-12-07 12:47:11 - [TEST_STEP][PASSED] - Statement - PreSaveFile = new java.io.File(((pathPrefix + java.lang.Integer.toString(counter)) + .png)): null

2018-12-07 12:47:11 - [TEST_STEP][PASSED] - Statement - counter = counter + 1: null

2018-12-07 12:47:11 - [TEST_STEP][PASSED] - Statement - PreSaveFile = new java.io.File(((pathPrefix + java.lang.Integer.toString(counter)) + .png)): null

2018-12-07 12:47:11 - [TEST_STEP][PASSED] - Statement - counter = counter + 1: null

2018-12-07 12:47:11 - [TEST_STEP][PASSED] - Statement - PreSaveFile = new java.io.File(((pathPrefix + java.lang.Integer.toString(counter)) + .png)): null

2018-12-07 12:47:11 - [TEST_STEP][PASSED] - Statement - counter = counter + 1: null

2018-12-07 12:47:11 - [TEST_STEP][PASSED] - Statement - PreSaveFile = new java.io.File(((pathPrefix + java.lang.Integer.toString(counter)) + .png)): null

2018-12-07 12:47:11 - [TEST_STEP][PASSED] - Statement - counter = counter + 1: null

2018-12-07 12:47:11 - [TEST_STEP][PASSED] - Statement - PreSaveFile = new java.io.File(((pathPrefix + java.lang.Integer.toString(counter)) + .png)): null

2018-12-07 12:47:11 - [TEST_STEP][PASSED] - Statement - counter = counter + 1: null

2018-12-07 12:47:11 - [TEST_STEP][PASSED] - Statement - PreSaveFile = new java.io.File(((pathPrefix + java.lang.Integer.toString(counter)) + .png)): null

2018-12-07 12:47:11 - [TEST_STEP][PASSED] - Statement - counter = counter + 1: null

2018-12-07 12:47:11 - [TEST_STEP][PASSED] - Statement - PreSaveFile = new java.io.File(((pathPrefix + java.lang.Integer.toString(counter)) + .png)): null

2018-12-07 12:47:11 - [TEST_STEP][PASSED] - Statement - counter = counter + 1: null

2018-12-07 12:47:11 - [TEST_STEP][PASSED] - Statement - PreSaveFile = new java.io.File(((pathPrefix + java.lang.Integer.toString(counter)) + .png)): null

2018-12-07 12:47:11 - [TEST_STEP][PASSED] - Statement - counter = counter + 1: null

2018-12-07 12:47:12 - [TEST_STEP][PASSED] - Statement - PreSaveFile = new java.io.File(((pathPrefix + java.lang.Integer.toString(counter)) + .png)): null

2018-12-07 12:47:12 - [TEST_STEP][PASSED] - Statement - counter = counter + 1: null

2018-12-07 12:47:12 - [TEST_STEP][PASSED] - Statement - PreSaveFile = new java.io.File(((pathPrefix + java.lang.Integer.toString(counter)) + .png)): null

2018-12-07 12:47:12 - [TEST_STEP][PASSED] - Statement - counter = counter + 1: null

2018-12-07 12:47:12 - [TEST_STEP][PASSED] - Statement - PreSaveFile = new java.io.File(((pathPrefix + java.lang.Integer.toString(counter)) + .png)): null

2018-12-07 12:47:12 - [TEST_STEP][PASSED] - Statement - counter = counter + 1: null

2018-12-07 12:47:12 - [TEST_STEP][PASSED] - Statement - PreSaveFile = new java.io.File(((pathPrefix + java.lang.Integer.toString(counter)) + .png)): null

2018-12-07 12:47:12 - [TEST_STEP][PASSED] - Statement - counter = counter + 1: null

2018-12-07 12:47:12 - [TEST_STEP][PASSED] - Statement - PreSaveFile = new java.io.File(((pathPrefix + java.lang.Integer.toString(counter)) + .png)): null

2018-12-07 12:47:12 - [TEST_STEP][PASSED] - Statement - counter = counter + 1: null

2018-12-07 12:47:12 - [TEST_STEP][PASSED] - Statement - PreSaveFile = new java.io.File(((pathPrefix + java.lang.Integer.toString(counter)) + .png)): null

2018-12-07 12:47:12 - [TEST_STEP][PASSED] - Statement - counter = counter + 1: null

2018-12-07 12:47:12 - [TEST_STEP][PASSED] - Statement - PreSaveFile = new java.io.File(((pathPrefix + java.lang.Integer.toString(counter)) + .png)): null

2018-12-07 12:47:12 - [TEST_STEP][PASSED] - Statement - counter = counter + 1: null

2018-12-07 12:47:12 - [TEST_STEP][PASSED] - Statement - PreSaveFile = new java.io.File(((pathPrefix + java.lang.Integer.toString(counter)) + .png)): null

2018-12-07 12:47:12 - [TEST_STEP][PASSED] - Statement - counter = counter + 1: null

2018-12-07 12:47:12 - [TEST_STEP][PASSED] - Statement - PreSaveFile = new java.io.File(((pathPrefix + java.lang.Integer.toString(counter)) + .png)): null

2018-12-07 12:47:12 - [TEST_STEP][PASSED] - Statement - counter = counter + 1: null

2018-12-07 12:47:12 - [TEST_STEP][PASSED] - Statement - PreSaveFile = new java.io.File(((pathPrefix + java.lang.Integer.toString(counter)) + .png)): null

2018-12-07 12:47:12 - [TEST_STEP][PASSED] - Statement - counter = counter + 1: null

2018-12-07 12:47:12 - [TEST_STEP][PASSED] - Statement - PreSaveFile = new java.io.File(((pathPrefix + java.lang.Integer.toString(counter)) + .png)): null

2018-12-07 12:47:12 - [TEST_STEP][PASSED] - Statement - counter = counter + 1: null

2018-12-07 12:47:12 - [TEST_STEP][PASSED] - Statement - PreSaveFile = new java.io.File(((pathPrefix + java.lang.Integer.toString(counter)) + .png)): null

2018-12-07 12:47:12 - [TEST_STEP][PASSED] - Statement - counter = counter + 1: null

2018-12-07 12:47:12 - [TEST_STEP][PASSED] - Statement - PreSaveFile = new java.io.File(((pathPrefix + java.lang.Integer.toString(counter)) + .png)): null

2018-12-07 12:47:12 - [TEST_STEP][PASSED] - Statement - counter = counter + 1: null

2018-12-07 12:47:12 - [TEST_STEP][PASSED] - Statement - PreSaveFile = new java.io.File(((pathPrefix + java.lang.Integer.toString(counter)) + .png)): null

2018-12-07 12:47:12 - [TEST_STEP][PASSED] - Statement - counter = counter + 1: null

2018-12-07 12:47:12 - [TEST_STEP][PASSED] - Statement - PreSaveFile = new java.io.File(((pathPrefix + java.lang.Integer.toString(counter)) + .png)): null

2018-12-07 12:47:12 - [TEST_STEP][PASSED] - Statement - counter = counter + 1: null

2018-12-07 12:47:13 - [TEST_STEP][PASSED] - Statement - PreSaveFile = new java.io.File(((pathPrefix + java.lang.Integer.toString(counter)) + .png)): null

2018-12-07 12:47:13 - [TEST_STEP][PASSED] - Statement - counter = counter + 1: null

2018-12-07 12:47:13 - [TEST_STEP][PASSED] - Statement - PreSaveFile = new java.io.File(((pathPrefix + java.lang.Integer.toString(counter)) + .png)): null

2018-12-07 12:47:13 - [TEST_STEP][PASSED] - Statement - counter = counter + 1: null

2018-12-07 12:47:13 - [TEST_STEP][PASSED] - Statement - PreSaveFile = new java.io.File(((pathPrefix + java.lang.Integer.toString(counter)) + .png)): null

2018-12-07 12:47:13 - [TEST_STEP][PASSED] - Statement - counter = counter + 1: null

2018-12-07 12:47:13 - [TEST_STEP][PASSED] - Statement - PreSaveFile = new java.io.File(((pathPrefix + java.lang.Integer.toString(counter)) + .png)): null

2018-12-07 12:47:13 - [TEST_STEP][PASSED] - Statement - counter = counter + 1: null

2018-12-07 12:47:13 - [TEST_STEP][PASSED] - Statement - PreSaveFile = new java.io.File(((pathPrefix + java.lang.Integer.toString(counter)) + .png)): null

2018-12-07 12:47:13 - [TEST_STEP][PASSED] - Statement - counter = counter + 1: null

2018-12-07 12:47:13 - [TEST_STEP][PASSED] - Statement - PreSaveFile = new java.io.File(((pathPrefix + java.lang.Integer.toString(counter)) + .png)): null

2018-12-07 12:47:13 - [TEST_STEP][PASSED] - Statement - counter = counter + 1: null

2018-12-07 12:47:13 - [TEST_STEP][PASSED] - Statement - PreSaveFile = new java.io.File(((pathPrefix + java.lang.Integer.toString(counter)) + .png)): null

2018-12-07 12:47:13 - [TEST_STEP][PASSED] - Statement - counter = counter + 1: null

2018-12-07 12:47:13 - [TEST_STEP][PASSED] - Statement - PreSaveFile = new java.io.File(((pathPrefix + java.lang.Integer.toString(counter)) + .png)): null

2018-12-07 12:47:13 - [TEST_STEP][PASSED] - Statement - counter = counter + 1: null

2018-12-07 12:47:13 - [TEST_STEP][PASSED] - Statement - PreSaveFile = new java.io.File(((pathPrefix + java.lang.Integer.toString(counter)) + .png)): null

2018-12-07 12:47:13 - [TEST_STEP][PASSED] - Statement - counter = counter + 1: null

2018-12-07 12:47:13 - [TEST_STEP][PASSED] - Statement - PreSaveFile = new java.io.File(((pathPrefix + java.lang.Integer.toString(counter)) + .png)): null

2018-12-07 12:47:13 - [TEST_STEP][PASSED] - Statement - counter = counter + 1: null

2018-12-07 12:47:13 - [TEST_STEP][PASSED] - Statement - PreSaveFile = new java.io.File(((pathPrefix + java.lang.Integer.toString(counter)) + .png)): null

2018-12-07 12:47:13 - [TEST_STEP][PASSED] - Statement - counter = counter + 1: null

2018-12-07 12:47:13 - [TEST_STEP][PASSED] - Statement - PreSaveFile = new java.io.File(((pathPrefix + java.lang.Integer.toString(counter)) + .png)): null

2018-12-07 12:47:13 - [TEST_STEP][PASSED] - Statement - counter = counter + 1: null

2018-12-07 12:47:13 - [TEST_STEP][PASSED] - Statement - PreSaveFile = new java.io.File(((pathPrefix + java.lang.Integer.toString(counter)) + .png)): null

2018-12-07 12:47:13 - [TEST_STEP][PASSED] - Statement - counter = counter + 1: null

2018-12-07 12:47:13 - [TEST_STEP][PASSED] - Statement - PreSaveFile = new java.io.File(((pathPrefix + java.lang.Integer.toString(counter)) + .png)): null

2018-12-07 12:47:13 - [TEST_STEP][PASSED] - Statement - counter = counter + 1: null

2018-12-07 12:47:14 - [TEST_STEP][PASSED] - Statement - PreSaveFile = new java.io.File(((pathPrefix + java.lang.Integer.toString(counter)) + .png)): null

2018-12-07 12:47:14 - [TEST_STEP][PASSED] - Statement - counter = counter + 1: null

2018-12-07 12:47:14 - [TEST_STEP][PASSED] - Statement - PreSaveFile = new java.io.File(((pathPrefix + java.lang.Integer.toString(counter)) + .png)): null

2018-12-07 12:47:14 - [TEST_STEP][PASSED] - Statement - counter = counter + 1: null

2018-12-07 12:47:14 - [TEST_STEP][PASSED] - Statement - PreSaveFile = new java.io.File(((pathPrefix + java.lang.Integer.toString(counter)) + .png)): null

2018-12-07 12:47:14 - [TEST_STEP][PASSED] - Statement - counter = counter + 1: null

2018-12-07 12:47:14 - [TEST_STEP][PASSED] - Statement - PreSaveFile = new java.io.File(((pathPrefix + java.lang.Integer.toString(counter)) + .png)): null

2018-12-07 12:47:14 - [TEST_STEP][PASSED] - Statement - counter = counter + 1: null

2018-12-07 12:47:14 - [TEST_STEP][PASSED] - Statement - PreSaveFile = new java.io.File(((pathPrefix + java.lang.Integer.toString(counter)) + .png)): null

2018-12-07 12:47:14 - [TEST_STEP][PASSED] - Statement - counter = counter + 1: null

2018-12-07 12:47:14 - [TEST_STEP][PASSED] - Statement - PreSaveFile = new java.io.File(((pathPrefix + java.lang.Integer.toString(counter)) + .png)): null

2018-12-07 12:47:14 - [TEST_STEP][PASSED] - Statement - counter = counter + 1: null

2018-12-07 12:47:14 - [TEST_STEP][PASSED] - Statement - PreSaveFile = new java.io.File(((pathPrefix + java.lang.Integer.toString(counter)) + .png)): null

2018-12-07 12:47:14 - [TEST_STEP][PASSED] - Statement - counter = counter + 1: null

2018-12-07 12:47:14 - [TEST_STEP][PASSED] - Statement - PreSaveFile = new java.io.File(((pathPrefix + java.lang.Integer.toString(counter)) + .png)): null

2018-12-07 12:47:14 - [TEST_STEP][PASSED] - Statement - counter = counter + 1: null

2018-12-07 12:47:14 - [TEST_STEP][PASSED] - Statement - PreSaveFile = new java.io.File(((pathPrefix + java.lang.Integer.toString(counter)) + .png)): null

2018-12-07 12:47:14 - [TEST_STEP][PASSED] - Statement - counter = counter + 1: null

2018-12-07 12:47:14 - [TEST_STEP][PASSED] - Statement - PreSaveFile = new java.io.File(((pathPrefix + java.lang.Integer.toString(counter)) + .png)): null

2018-12-07 12:47:14 - [TEST_STEP][PASSED] - Statement - counter = counter + 1: null

2018-12-07 12:47:14 - [TEST_STEP][PASSED] - Statement - PreSaveFile = new java.io.File(((pathPrefix + java.lang.Integer.toString(counter)) + .png)): null

2018-12-07 12:47:14 - [TEST_STEP][PASSED] - Statement - counter = counter + 1: null

2018-12-07 12:47:14 - [TEST_STEP][PASSED] - Statement - PreSaveFile = new java.io.File(((pathPrefix + java.lang.Integer.toString(counter)) + .png)): null

2018-12-07 12:47:14 - [TEST_STEP][PASSED] - Statement - counter = counter + 1: null

2018-12-07 12:47:14 - [TEST_STEP][PASSED] - Statement - PreSaveFile = new java.io.File(((pathPrefix + java.lang.Integer.toString(counter)) + .png)): null

2018-12-07 12:47:14 - [TEST_STEP][PASSED] - Statement - counter = counter + 1: null

2018-12-07 12:47:14 - [TEST_STEP][PASSED] - Statement - PreSaveFile = new java.io.File(((pathPrefix + java.lang.Integer.toString(counter)) + .png)): null

2018-12-07 12:47:14 - [TEST_STEP][PASSED] - Statement - counter = counter + 1: null

2018-12-07 12:47:14 - [TEST_STEP][PASSED] - Statement - PreSaveFile = new java.io.File(((pathPrefix + java.lang.Integer.toString(counter)) + .png)): null

2018-12-07 12:47:14 - [TEST_STEP][PASSED] - Statement - counter = counter + 1: null

2018-12-07 12:47:14 - [TEST_STEP][PASSED] - Statement - PreSaveFile = new java.io.File(((pathPrefix + java.lang.Integer.toString(counter)) + .png)): null

2018-12-07 12:47:14 - [TEST_STEP][PASSED] - Statement - counter = counter + 1: null

2018-12-07 12:47:14 - [TEST_STEP][PASSED] - Statement - PreSaveFile = new java.io.File(((pathPrefix + java.lang.Integer.toString(counter)) + .png)): null

2018-12-07 12:47:14 - [TEST_STEP][PASSED] - Statement - counter = counter + 1: null

2018-12-07 12:47:14 - [TEST_STEP][PASSED] - Statement - PreSaveFile = new java.io.File(((pathPrefix + java.lang.Integer.toString(counter)) + .png)): null

2018-12-07 12:47:14 - [TEST_STEP][PASSED] - Statement - counter = counter + 1: null

2018-12-07 12:47:14 - [TEST_STEP][PASSED] - Statement - PreSaveFile = new java.io.File(((pathPrefix + java.lang.Integer.toString(counter)) + .png)): null

2018-12-07 12:47:14 - [TEST_STEP][PASSED] - Statement - counter = counter + 1: null

2018-12-07 12:47:15 - [TEST_STEP][PASSED] - Statement - PreSaveFile = new java.io.File(((pathPrefix + java.lang.Integer.toString(counter)) + .png)): null

2018-12-07 12:47:15 - [TEST_STEP][PASSED] - Statement - counter = counter + 1: null

2018-12-07 12:47:15 - [TEST_STEP][PASSED] - Statement - PreSaveFile = new java.io.File(((pathPrefix + java.lang.Integer.toString(counter)) + .png)): null

2018-12-07 12:47:15 - [TEST_STEP][PASSED] - Statement - counter = counter + 1: null

2018-12-07 12:47:15 - [TEST_STEP][PASSED] - Statement - PreSaveFile = new java.io.File(((pathPrefix + java.lang.Integer.toString(counter)) + .png)): null

2018-12-07 12:47:15 - [TEST_STEP][PASSED] - Statement - counter = counter + 1: null

2018-12-07 12:47:15 - [TEST_STEP][PASSED] - Statement - PreSaveFile = new java.io.File(((pathPrefix + java.lang.Integer.toString(counter)) + .png)): null

2018-12-07 12:47:15 - [TEST_STEP][PASSED] - Statement - counter = counter + 1: null

2018-12-07 12:47:15 - [TEST_STEP][PASSED] - Statement - PreSaveFile = new java.io.File(((pathPrefix + java.lang.Integer.toString(counter)) + .png)): null

2018-12-07 12:47:15 - [TEST_STEP][PASSED] - Statement - counter = counter + 1: null

2018-12-07 12:47:15 - [TEST_STEP][PASSED] - Statement - PreSaveFile = new java.io.File(((pathPrefix + java.lang.Integer.toString(counter)) + .png)): null

2018-12-07 12:47:15 - [TEST_STEP][PASSED] - Statement - counter = counter + 1: null

2018-12-07 12:47:15 - [TEST_STEP][PASSED] - Statement - PreSaveFile = new java.io.File(((pathPrefix + java.lang.Integer.toString(counter)) + .png)): null

2018-12-07 12:47:15 - [TEST_STEP][PASSED] - Statement - counter = counter + 1: null

2018-12-07 12:47:15 - [TEST_STEP][PASSED] - Statement - PreSaveFile = new java.io.File(((pathPrefix + java.lang.Integer.toString(counter)) + .png)): null

2018-12-07 12:47:15 - [TEST_STEP][PASSED] - Statement - counter = counter + 1: null

2018-12-07 12:47:15 - [TEST_STEP][PASSED] - Statement - PreSaveFile = new java.io.File(((pathPrefix + java.lang.Integer.toString(counter)) + .png)): null

2018-12-07 12:47:15 - [TEST_STEP][PASSED] - Statement - counter = counter + 1: null

2018-12-07 12:47:15 - [TEST_STEP][PASSED] - Statement - PreSaveFile = new java.io.File(((pathPrefix + java.lang.Integer.toString(counter)) + .png)): null

2018-12-07 12:47:15 - [TEST_STEP][PASSED] - Statement - counter = counter + 1: null

2018-12-07 12:47:15 - [TEST_STEP][PASSED] - Statement - PreSaveFile = new java.io.File(((pathPrefix + java.lang.Integer.toString(counter)) + .png)): null

2018-12-07 12:47:15 - [TEST_STEP][PASSED] - Statement - counter = counter + 1: null

2018-12-07 12:47:15 - [TEST_STEP][PASSED] - Statement - PreSaveFile = new java.io.File(((pathPrefix + java.lang.Integer.toString(counter)) + .png)): null

2018-12-07 12:47:15 - [TEST_STEP][PASSED] - Statement - counter = counter + 1: null

2018-12-07 12:47:15 - [TEST_STEP][PASSED] - Statement - PreSaveFile = new java.io.File(((pathPrefix + java.lang.Integer.toString(counter)) + .png)): null

2018-12-07 12:47:15 - [TEST_STEP][PASSED] - Statement - counter = counter + 1: null

2018-12-07 12:47:15 - [TEST_STEP][PASSED] - Statement - PreSaveFile = new java.io.File(((pathPrefix + java.lang.Integer.toString(counter)) + .png)): null

2018-12-07 12:47:15 - [TEST_STEP][PASSED] - Statement - counter = counter + 1: null

2018-12-07 12:47:15 - [TEST_STEP][PASSED] - Statement - PreSaveFile = new java.io.File(((pathPrefix + java.lang.Integer.toString(counter)) + .png)): null

2018-12-07 12:47:16 - [TEST_STEP][PASSED] - Statement - counter = counter + 1: null

2018-12-07 12:47:16 - [TEST_STEP][PASSED] - Statement - PreSaveFile = new java.io.File(((pathPrefix + java.lang.Integer.toString(counter)) + .png)): null

2018-12-07 12:47:16 - [TEST_STEP][PASSED] - Statement - counter = counter + 1: null

2018-12-07 12:47:16 - [TEST_STEP][PASSED] - Statement - PreSaveFile = new java.io.File(((pathPrefix + java.lang.Integer.toString(counter)) + .png)): null

2018-12-07 12:47:16 - [TEST_STEP][PASSED] - Statement - counter = counter + 1: null

2018-12-07 12:47:16 - [TEST_STEP][PASSED] - Statement - PreSaveFile = new java.io.File(((pathPrefix + java.lang.Integer.toString(counter)) + .png)): null

2018-12-07 12:47:16 - [TEST_STEP][PASSED] - Statement - counter = counter + 1: null

2018-12-07 12:47:16 - [TEST_STEP][PASSED] - Statement - PreSaveFile = new java.io.File(((pathPrefix + java.lang.Integer.toString(counter)) + .png)): null

2018-12-07 12:47:16 - [TEST_STEP][PASSED] - Statement - counter = counter + 1: null

2018-12-07 12:47:16 - [TEST_STEP][PASSED] - Statement - PreSaveFile = new java.io.File(((pathPrefix + java.lang.Integer.toString(counter)) + .png)): null

2018-12-07 12:47:16 - [TEST_STEP][PASSED] - Statement - counter = counter + 1: null

2018-12-07 12:47:16 - [TEST_STEP][PASSED] - Statement - PreSaveFile = new java.io.File(((pathPrefix + java.lang.Integer.toString(counter)) + .png)): null

2018-12-07 12:47:16 - [TEST_STEP][PASSED] - Statement - counter = counter + 1: null

2018-12-07 12:47:16 - [TEST_STEP][PASSED] - Statement - PreSaveFile = new java.io.File(((pathPrefix + java.lang.Integer.toString(counter)) + .png)): null

2018-12-07 12:47:16 - [TEST_STEP][PASSED] - Statement - counter = counter + 1: null

2018-12-07 12:47:16 - [TEST_STEP][PASSED] - Statement - PreSaveFile = new java.io.File(((pathPrefix + java.lang.Integer.toString(counter)) + .png)): null

2018-12-07 12:47:16 - [TEST_STEP][PASSED] - Statement - counter = counter + 1: null

2018-12-07 12:47:16 - [TEST_STEP][PASSED] - Statement - PreSaveFile = new java.io.File(((pathPrefix + java.lang.Integer.toString(counter)) + .png)): null

2018-12-07 12:47:16 - [TEST_STEP][PASSED] - Statement - counter = counter + 1: null

2018-12-07 12:47:16 - [TEST_STEP][PASSED] - Statement - PreSaveFile = new java.io.File(((pathPrefix + java.lang.Integer.toString(counter)) + .png)): null

2018-12-07 12:47:16 - [TEST_STEP][PASSED] - Statement - counter = counter + 1: null

2018-12-07 12:47:16 - [TEST_STEP][PASSED] - Statement - PreSaveFile = new java.io.File(((pathPrefix + java.lang.Integer.toString(counter)) + .png)): null

2018-12-07 12:47:16 - [TEST_STEP][PASSED] - Statement - counter = counter + 1: null

2018-12-07 12:47:16 - [TEST_STEP][PASSED] - Statement - PreSaveFile = new java.io.File(((pathPrefix + java.lang.Integer.toString(counter)) + .png)): null

2018-12-07 12:47:16 - [TEST_STEP][PASSED] - Statement - counter = counter + 1: null

2018-12-07 12:47:16 - [TEST_STEP][PASSED] - Statement - PreSaveFile = new java.io.File(((pathPrefix + java.lang.Integer.toString(counter)) + .png)): null

2018-12-07 12:47:16 - [TEST_STEP][PASSED] - Statement - counter = counter + 1: null

2018-12-07 12:47:16 - [TEST_STEP][PASSED] - Statement - PreSaveFile = new java.io.File(((pathPrefix + java.lang.Integer.toString(counter)) + .png)): null

2018-12-07 12:47:16 - [TEST_STEP][PASSED] - Statement - counter = counter + 1: null

2018-12-07 12:47:17 - [TEST_STEP][PASSED] - Statement - PreSaveFile = new java.io.File(((pathPrefix + java.lang.Integer.toString(counter)) + .png)): null

2018-12-07 12:47:17 - [TEST_STEP][PASSED] - Statement - counter = counter + 1: null

2018-12-07 12:47:17 - [TEST_STEP][PASSED] - Statement - PreSaveFile = new java.io.File(((pathPrefix + java.lang.Integer.toString(counter)) + .png)): null

2018-12-07 12:47:17 - [TEST_STEP][PASSED] - Statement - counter = counter + 1: null

2018-12-07 12:47:17 - [TEST_STEP][PASSED] - Statement - PreSaveFile = new java.io.File(((pathPrefix + java.lang.Integer.toString(counter)) + .png)): null

2018-12-07 12:47:17 - [TEST_STEP][PASSED] - Statement - counter = counter + 1: null

2018-12-07 12:47:17 - [TEST_STEP][PASSED] - Statement - PreSaveFile = new java.io.File(((pathPrefix + java.lang.Integer.toString(counter)) + .png)): null

2018-12-07 12:47:17 - [TEST_STEP][PASSED] - Statement - counter = counter + 1: null

2018-12-07 12:47:17 - [TEST_STEP][PASSED] - Statement - PreSaveFile = new java.io.File(((pathPrefix + java.lang.Integer.toString(counter)) + .png)): null

2018-12-07 12:47:17 - [TEST_STEP][PASSED] - Statement - counter = counter + 1: null

2018-12-07 12:47:17 - [TEST_STEP][PASSED] - Statement - PreSaveFile = new java.io.File(((pathPrefix + java.lang.Integer.toString(counter)) + .png)): null

2018-12-07 12:47:17 - [TEST_STEP][PASSED] - Statement - counter = counter + 1: null

2018-12-07 12:47:17 - [TEST_STEP][PASSED] - Statement - PreSaveFile = new java.io.File(((pathPrefix + java.lang.Integer.toString(counter)) + .png)): null

2018-12-07 12:47:17 - [TEST_STEP][PASSED] - Statement - counter = counter + 1: null

2018-12-07 12:47:17 - [TEST_STEP][PASSED] - Statement - PreSaveFile = new java.io.File(((pathPrefix + java.lang.Integer.toString(counter)) + .png)): null

2018-12-07 12:47:17 - [TEST_STEP][PASSED] - Statement - counter = counter + 1: null

2018-12-07 12:47:17 - [TEST_STEP][PASSED] - Statement - PreSaveFile = new java.io.File(((pathPrefix + java.lang.Integer.toString(counter)) + .png)): null

2018-12-07 12:47:17 - [TEST_STEP][PASSED] - Statement - counter = counter + 1: null

2018-12-07 12:47:17 - [TEST_STEP][PASSED] - Statement - PreSaveFile = new java.io.File(((pathPrefix + java.lang.Integer.toString(counter)) + .png)): null

2018-12-07 12:47:17 - [TEST_STEP][PASSED] - Statement - counter = counter + 1: null

2018-12-07 12:47:17 - [TEST_STEP][PASSED] - Statement - PreSaveFile = new java.io.File(((pathPrefix + java.lang.Integer.toString(counter)) + .png)): null

2018-12-07 12:47:17 - [TEST_STEP][PASSED] - Statement - counter = counter + 1: null

2018-12-07 12:47:17 - [TEST_STEP][PASSED] - Statement - PreSaveFile = new java.io.File(((pathPrefix + java.lang.Integer.toString(counter)) + .png)): null

2018-12-07 12:47:17 - [TEST_STEP][PASSED] - Statement - counter = counter + 1: null

2018-12-07 12:47:17 - [TEST_STEP][PASSED] - Statement - PreSaveFile = new java.io.File(((pathPrefix + java.lang.Integer.toString(counter)) + .png)): null

2018-12-07 12:47:17 - [TEST_STEP][PASSED] - Statement - counter = counter + 1: null

2018-12-07 12:47:17 - [TEST_STEP][PASSED] - Statement - PreSaveFile = new java.io.File(((pathPrefix + java.lang.Integer.toString(counter)) + .png)): null

2018-12-07 12:47:17 - [TEST_STEP][PASSED] - Statement - counter = counter + 1: null

2018-12-07 12:47:18 - [TEST_STEP][PASSED] - Statement - PreSaveFile = new java.io.File(((pathPrefix + java.lang.Integer.toString(counter)) + .png)): null

2018-12-07 12:47:18 - [TEST_STEP][PASSED] - Statement - counter = counter + 1: null

2018-12-07 12:47:18 - [TEST_STEP][PASSED] - Statement - PreSaveFile = new java.io.File(((pathPrefix + java.lang.Integer.toString(counter)) + .png)): null

2018-12-07 12:47:18 - [TEST_STEP][PASSED] - Statement - counter = counter + 1: null

2018-12-07 12:47:18 - [TEST_STEP][PASSED] - Statement - PreSaveFile = new java.io.File(((pathPrefix + java.lang.Integer.toString(counter)) + .png)): null

2018-12-07 12:47:18 - [TEST_STEP][PASSED] - Statement - counter = counter + 1: null

2018-12-07 12:47:18 - [TEST_STEP][PASSED] - Statement - PreSaveFile = new java.io.File(((pathPrefix + java.lang.Integer.toString(counter)) + .png)): null

2018-12-07 12:47:18 - [TEST_STEP][PASSED] - Statement - counter = counter + 1: null

2018-12-07 12:47:18 - [TEST_STEP][PASSED] - Statement - PreSaveFile = new java.io.File(((pathPrefix + java.lang.Integer.toString(counter)) + .png)): null

2018-12-07 12:47:18 - [TEST_STEP][PASSED] - Statement - counter = counter + 1: null

2018-12-07 12:47:18 - [TEST_STEP][PASSED] - Statement - PreSaveFile = new java.io.File(((pathPrefix + java.lang.Integer.toString(counter)) + .png)): null

2018-12-07 12:47:18 - [TEST_STEP][PASSED] - Statement - counter = counter + 1: null

2018-12-07 12:47:18 - [TEST_STEP][PASSED] - Statement - PreSaveFile = new java.io.File(((pathPrefix + java.lang.Integer.toString(counter)) + .png)): null

2018-12-07 12:47:18 - [TEST_STEP][PASSED] - Statement - counter = counter + 1: null

2018-12-07 12:47:18 - [TEST_STEP][PASSED] - Statement - PreSaveFile = new java.io.File(((pathPrefix + java.lang.Integer.toString(counter)) + .png)): null

2018-12-07 12:47:18 - [TEST_STEP][PASSED] - Statement - counter = counter + 1: null

2018-12-07 12:47:18 - [TEST_STEP][PASSED] - Statement - PreSaveFile = new java.io.File(((pathPrefix + java.lang.Integer.toString(counter)) + .png)): null

2018-12-07 12:47:18 - [TEST_STEP][PASSED] - Statement - counter = counter + 1: null

2018-12-07 12:47:18 - [TEST_STEP][PASSED] - Statement - PreSaveFile = new java.io.File(((pathPrefix + java.lang.Integer.toString(counter)) + .png)): null

2018-12-07 12:47:18 - [TEST_STEP][PASSED] - Statement - counter = counter + 1: null

2018-12-07 12:47:18 - [TEST_STEP][PASSED] - Statement - PreSaveFile = new java.io.File(((pathPrefix + java.lang.Integer.toString(counter)) + .png)): null

2018-12-07 12:47:18 - [TEST_STEP][PASSED] - Statement - counter = counter + 1: null

2018-12-07 12:47:18 - [TEST_STEP][PASSED] - Statement - PreSaveFile = new java.io.File(((pathPrefix + java.lang.Integer.toString(counter)) + .png)): null

2018-12-07 12:47:18 - [TEST_STEP][PASSED] - Statement - counter = counter + 1: null

2018-12-07 12:47:18 - [TEST_STEP][PASSED] - Statement - PreSaveFile = new java.io.File(((pathPrefix + java.lang.Integer.toString(counter)) + .png)): null

2018-12-07 12:47:18 - [TEST_STEP][PASSED] - Statement - counter = counter + 1: null

2018-12-07 12:47:18 - [TEST_STEP][PASSED] - Statement - PreSaveFile = new java.io.File(((pathPrefix + java.lang.Integer.toString(counter)) + .png)): null

2018-12-07 12:47:18 - [TEST_STEP][PASSED] - Statement - counter = counter + 1: null

2018-12-07 12:47:18 - [TEST_STEP][PASSED] - Statement - PreSaveFile = new java.io.File(((pathPrefix + java.lang.Integer.toString(counter)) + .png)): null

2018-12-07 12:47:19 - [TEST_STEP][PASSED] - Statement - counter = counter + 1: null

2018-12-07 12:47:19 - [TEST_STEP][PASSED] - Statement - PreSaveFile = new java.io.File(((pathPrefix + java.lang.Integer.toString(counter)) + .png)): null

2018-12-07 12:47:19 - [TEST_STEP][PASSED] - Statement - finalPath = pathPrefix + java.lang.Integer.toString(counter) + ".png": null

2018-12-07 12:47:19 - [TEST_STEP][PASSED] - Statement - SaveFile = new java.io.File(finalPath): null

2018-12-07 12:47:19 - [TEST_STEP][PASSED] - Statement - Try: null

2018-12-07 12:47:19 - [TEST_STEP][PASSED] - Statement - org.apache.commons.io.FileUtils.copyFile(scrFile, SaveFile): null

2018-12-07 12:47:19 - [TEST_STEP][PASSED] - Statement - out.println("file kept"): null

2018-12-07 12:47:19 - [TEST_STEP][PASSED] - delay: Delayed 10 second(s)

2018-12-07 12:47:29 - [MESSAGE][PASSED] - Delayed 10 second(s)

2018-12-07 12:47:29 - [MESSAGE][PASSED] - Call Test Case 'Test Cases/Final Aug 2018 - PKS Automation/Common/Screenshoting tool' successfully]]></system-out>
         <system-err><![CDATA[]]></system-err>
      </testcase>
      <testcase name="Test Cases/Final Aug 2018 - PKS Automation/Registration Module/Workflow/Update Add New Employee/Special Case (PKR BO - RO Under Enforcement)" classname="Test Cases/Final Aug 2018 - PKS Automation/Registration Module/Workflow/Update Add New Employee/Special Case (PKR BO - RO Under Enforcement)" status="PASSED">
         <system-out><![CDATA[2018-12-07 12:47:29 - [TEST_CASE][PASSED] - Test Cases/Final Aug 2018 - PKS Automation/Registration Module/Workflow/Update Add New Employee/Special Case (PKR BO - RO Under Enforcement): Test Cases/Final Aug 2018 - PKS Automation/Registration Module/Workflow/Update Add New Employee/Special Case (PKR BO - RO Under Enforcement)

2018-12-07 12:47:29 - [TEST_STEP][PASSED] - callTestCase: Call Test Case 'Test Cases/Final Aug 2018 - PKS Automation/Registration Module/Workflow/Update Add New Employee/Template/New Company for Update Add New' successfully

2018-12-07 12:47:29 - [TEST_CASE][PASSED] - Test Cases/Final Aug 2018 - PKS Automation/Registration Module/Workflow/Update Add New Employee/Template/New Company for Update Add New: Test Cases/Final Aug 2018 - PKS Automation/Registration Module/Workflow/Update Add New Employee/Template/New Company for Update Add New

2018-12-07 12:47:29 - [TEST_STEP][PASSED] - callTestCase: Call Test Case 'Test Cases/Final Aug 2018 - PKS Automation/Registration Module/New Registration/Form 1/Form 1 - Corporation - BHD' successfully

2018-12-07 12:47:29 - [TEST_CASE][PASSED] - Test Cases/Final Aug 2018 - PKS Automation/Registration Module/New Registration/Form 1/Form 1 - Corporation - BHD: Test Cases/Final Aug 2018 - PKS Automation/Registration Module/New Registration/Form 1/Form 1 - Corporation - BHD

2018-12-07 12:47:29 - [TEST_STEP][PASSED] - openBrowser: Browser is opened with url: ''

2018-12-07 12:47:29 - [MESSAGE][WARNING] - A browser is already opened. Closing browser and opening a new one

2018-12-07 12:47:32 - [MESSAGE][PASSED] - Browser is opened with url: ''

2018-12-07 12:47:32 - [TEST_STEP][PASSED] - navigateToUrl: Navigate to 'https://assist2-uat.perkeso.gov.my/login' successfully

2018-12-07 12:47:33 - [MESSAGE][PASSED] - Navigate to 'https://assist2-uat.perkeso.gov.my/login' successfully

2018-12-07 12:47:33 - [TEST_STEP][PASSED] - setText: Text 'johorotc1@gmail.com' is set on object 'Object Repository/Final Object Repo/Login Page/Internal User/Email Address'

2018-12-07 12:47:33 - [MESSAGE][PASSED] - Text 'johorotc1@gmail.com' is set on object 'Object Repository/Final Object Repo/Login Page/Internal User/Email Address'

2018-12-07 12:47:33 - [TEST_STEP][PASSED] - click: Object: 'Object Repository/Final Object Repo/Login Page/Internal User/Next Button' is clicked on

2018-12-07 12:47:34 - [MESSAGE][PASSED] - Object: 'Object Repository/Final Object Repo/Login Page/Internal User/Next Button' is clicked on

2018-12-07 12:47:34 - [TEST_STEP][PASSED] - delay: Delayed 1 second(s)

2018-12-07 12:47:35 - [MESSAGE][PASSED] - Delayed 1 second(s)

2018-12-07 12:47:35 - [TEST_STEP][PASSED] - setEncryptedText: Text ****** has been set on object 'Object Repository/Final Object Repo/Login Page/Internal User/Password'

2018-12-07 12:47:35 - [MESSAGE][PASSED] - Text ****** has been set on object 'Object Repository/Final Object Repo/Login Page/Internal User/Password'

2018-12-07 12:47:35 - [TEST_STEP][PASSED] - click: Object: 'Object Repository/Final Object Repo/Login Page/Internal User/Login Button' is clicked on

2018-12-07 12:47:35 - [MESSAGE][PASSED] - Object: 'Object Repository/Final Object Repo/Login Page/Internal User/Login Button' is clicked on

2018-12-07 12:47:35 - [TEST_STEP][PASSED] - delay: Delayed 1 second(s)

2018-12-07 12:47:36 - [MESSAGE][PASSED] - Delayed 1 second(s)

2018-12-07 12:47:36 - [TEST_STEP][PASSED] - Statement - Try: Delayed 2 second(s)

2018-12-07 12:47:36 - [TEST_STEP][PASSED] - Statement - Checker = false: null

2018-12-07 12:47:36 - [TEST_STEP][PASSED] - Statement - Checker = com.kms.katalon.core.webui.keyword.WebUiBuiltInKeywords.verifyElementHasAttribute(com.kms.katalon.core.testobject.ObjectRepository.findTestObject(Final Object Repo/Landing Page/BM Detecting), "href", 20, OPTIONAL): Object 'Object Repository/Final Object Repo/Landing Page/BM Detecting' has attribute 'href'

2018-12-07 12:47:37 - [MESSAGE][PASSED] - Object 'Object Repository/Final Object Repo/Landing Page/BM Detecting' has attribute 'href'

2018-12-07 12:47:37 - [TEST_STEP][PASSED] - Statement - out.println(Checker): null

2018-12-07 12:47:37 - [TEST_STEP][PASSED] - Statement - If (Checker == false): null

2018-12-07 12:47:37 - [TEST_STEP][PASSED] - Statement - Else: null

2018-12-07 12:47:37 - [TEST_STEP][PASSED] - delay: Delayed 2 second(s)

2018-12-07 12:47:39 - [MESSAGE][PASSED] - Delayed 2 second(s)

2018-12-07 12:47:39 - [TEST_STEP][PASSED] - navigateToUrl: Navigate to 'https://assist2-uat.perkeso.gov.my/web/registration/registration' successfully

2018-12-07 12:47:40 - [MESSAGE][PASSED] - Navigate to 'https://assist2-uat.perkeso.gov.my/web/registration/registration' successfully

2018-12-07 12:47:40 - [TEST_STEP][PASSED] - click: Object: 'Object Repository/Final Object Repo/New Registration - Registration Module Pages/Form 1/AEC - No' is clicked on

2018-12-07 12:47:41 - [MESSAGE][PASSED] - Object: 'Object Repository/Final Object Repo/New Registration - Registration Module Pages/Form 1/AEC - No' is clicked on

2018-12-07 12:47:41 - [TEST_STEP][PASSED] - click: Object: 'Object Repository/Final Object Repo/New Registration - Registration Module Pages/Form 1/Business Entity' is clicked on

2018-12-07 12:47:41 - [MESSAGE][PASSED] - Object: 'Object Repository/Final Object Repo/New Registration - Registration Module Pages/Form 1/Business Entity' is clicked on

2018-12-07 12:47:41 - [TEST_STEP][PASSED] - click: Object: 'Object Repository/Final Object Repo/New Registration - Registration Module Pages/Form 1/Businees Entity - Corporation' is clicked on

2018-12-07 12:47:41 - [MESSAGE][PASSED] - Object: 'Object Repository/Final Object Repo/New Registration - Registration Module Pages/Form 1/Businees Entity - Corporation' is clicked on

2018-12-07 12:47:41 - [TEST_STEP][PASSED] - delay: Delayed 1 second(s)

2018-12-07 12:47:42 - [MESSAGE][PASSED] - Delayed 1 second(s)

2018-12-07 12:47:42 - [TEST_STEP][PASSED] - click: Object: 'Object Repository/Final Object Repo/New Registration - Registration Module Pages/Form 1/Sub Business Entity' is clicked on

2018-12-07 12:47:42 - [MESSAGE][PASSED] - Object: 'Object Repository/Final Object Repo/New Registration - Registration Module Pages/Form 1/Sub Business Entity' is clicked on

2018-12-07 12:47:42 - [TEST_STEP][PASSED] - click: Object: 'Object Repository/Final Object Repo/New Registration - Registration Module Pages/Form 1/Sub Business Entity - Berhad' is clicked on

2018-12-07 12:47:42 - [MESSAGE][PASSED] - Object: 'Object Repository/Final Object Repo/New Registration - Registration Module Pages/Form 1/Sub Business Entity - Berhad' is clicked on

2018-12-07 12:47:42 - [TEST_STEP][PASSED] - delay: Delayed 1 second(s)

2018-12-07 12:47:43 - [MESSAGE][PASSED] - Delayed 1 second(s)

2018-12-07 12:47:43 - [TEST_STEP][PASSED] - setText: Text '123' is set on object 'Object Repository/Final Object Repo/New Registration - Registration Module Pages/Form 1/Registration Number'

2018-12-07 12:47:44 - [MESSAGE][PASSED] - Text '123' is set on object 'Object Repository/Final Object Repo/New Registration - Registration Module Pages/Form 1/Registration Number'

2018-12-07 12:47:44 - [TEST_STEP][PASSED] - click: Object: 'Object Repository/Final Object Repo/New Registration - Registration Module Pages/Form 1/Registred with SSM - Before Feb' is clicked on

2018-12-07 12:47:44 - [MESSAGE][PASSED] - Object: 'Object Repository/Final Object Repo/New Registration - Registration Module Pages/Form 1/Registred with SSM - Before Feb' is clicked on

2018-12-07 12:47:44 - [TEST_STEP][PASSED] - click: Object: 'Object Repository/Final Object Repo/New Registration - Registration Module Pages/Form 1/Registered As a Branch - Yes' is clicked on

2018-12-07 12:47:44 - [MESSAGE][PASSED] - Object: 'Object Repository/Final Object Repo/New Registration - Registration Module Pages/Form 1/Registered As a Branch - Yes' is clicked on

2018-12-07 12:47:44 - [TEST_STEP][PASSED] - click: Object: 'Object Repository/Final Object Repo/New Registration - Registration Module Pages/Form 1/Acknowledgement' is clicked on

2018-12-07 12:47:44 - [MESSAGE][PASSED] - Object: 'Object Repository/Final Object Repo/New Registration - Registration Module Pages/Form 1/Acknowledgement' is clicked on

2018-12-07 12:47:44 - [TEST_STEP][PASSED] - setText: Text 'perkeso' is set on object 'Object Repository/Final Object Repo/New Registration - Registration Module Pages/Form 1/Industry name'

2018-12-07 12:47:45 - [MESSAGE][PASSED] - Text 'perkeso' is set on object 'Object Repository/Final Object Repo/New Registration - Registration Module Pages/Form 1/Industry name'

2018-12-07 12:47:45 - [TEST_STEP][PASSED] - setText: Text 'perkeso1' is set on object 'Object Repository/Final Object Repo/New Registration - Registration Module Pages/Form 1/Postal Address1'

2018-12-07 12:47:45 - [MESSAGE][PASSED] - Text 'perkeso1' is set on object 'Object Repository/Final Object Repo/New Registration - Registration Module Pages/Form 1/Postal Address1'

2018-12-07 12:47:45 - [TEST_STEP][PASSED] - setText: Text 'perkeso2' is set on object 'Object Repository/Final Object Repo/New Registration - Registration Module Pages/Form 1/Postal Address2'

2018-12-07 12:47:45 - [MESSAGE][PASSED] - Text 'perkeso2' is set on object 'Object Repository/Final Object Repo/New Registration - Registration Module Pages/Form 1/Postal Address2'

2018-12-07 12:47:45 - [TEST_STEP][PASSED] - setText: Text 'perkeso3' is set on object 'Object Repository/Final Object Repo/New Registration - Registration Module Pages/Form 1/Postal Address3'

2018-12-07 12:47:46 - [MESSAGE][PASSED] - Text 'perkeso3' is set on object 'Object Repository/Final Object Repo/New Registration - Registration Module Pages/Form 1/Postal Address3'

2018-12-07 12:47:46 - [TEST_STEP][PASSED] - click: Object: 'Object Repository/Final Object Repo/New Registration - Registration Module Pages/Form 1/State' is clicked on

2018-12-07 12:47:46 - [MESSAGE][PASSED] - Object: 'Object Repository/Final Object Repo/New Registration - Registration Module Pages/Form 1/State' is clicked on

2018-12-07 12:47:46 - [TEST_STEP][PASSED] - click: Object: 'Object Repository/Final Object Repo/New Registration - Registration Module Pages/Form 1/State - Johor' is clicked on

2018-12-07 12:47:46 - [MESSAGE][PASSED] - Object: 'Object Repository/Final Object Repo/New Registration - Registration Module Pages/Form 1/State - Johor' is clicked on

2018-12-07 12:47:46 - [TEST_STEP][PASSED] - delay: Delayed 1 second(s)

2018-12-07 12:47:47 - [MESSAGE][PASSED] - Delayed 1 second(s)

2018-12-07 12:47:47 - [TEST_STEP][PASSED] - click: Object: 'Object Repository/Final Object Repo/New Registration - Registration Module Pages/Form 1/City' is clicked on

2018-12-07 12:47:47 - [MESSAGE][PASSED] - Object: 'Object Repository/Final Object Repo/New Registration - Registration Module Pages/Form 1/City' is clicked on

2018-12-07 12:47:47 - [TEST_STEP][PASSED] - setText: Text 'joh' is set on object 'Object Repository/Final Object Repo/New Registration - Registration Module Pages/Form 1/Postcode - 810'

2018-12-07 12:47:48 - [MESSAGE][PASSED] - Text 'joh' is set on object 'Object Repository/Final Object Repo/New Registration - Registration Module Pages/Form 1/Postcode - 810'

2018-12-07 12:47:48 - [TEST_STEP][PASSED] - delay: Delayed 1 second(s)

2018-12-07 12:47:49 - [MESSAGE][PASSED] - Delayed 1 second(s)

2018-12-07 12:47:49 - [TEST_STEP][PASSED] - click: Object: 'Object Repository/Final Object Repo/New Registration - Registration Module Pages/Form 1/City - Johor Bharu' is clicked on

2018-12-07 12:47:49 - [MESSAGE][PASSED] - Object: 'Object Repository/Final Object Repo/New Registration - Registration Module Pages/Form 1/City - Johor Bharu' is clicked on

2018-12-07 12:47:49 - [TEST_STEP][PASSED] - delay: Delayed 1 second(s)

2018-12-07 12:47:50 - [MESSAGE][PASSED] - Delayed 1 second(s)

2018-12-07 12:47:50 - [TEST_STEP][PASSED] - click: Object: 'Object Repository/Final Object Repo/New Registration - Registration Module Pages/Form 1/Postcode' is clicked on

2018-12-07 12:47:50 - [MESSAGE][PASSED] - Object: 'Object Repository/Final Object Repo/New Registration - Registration Module Pages/Form 1/Postcode' is clicked on

2018-12-07 12:47:50 - [TEST_STEP][PASSED] - delay: Delayed 1 second(s)

2018-12-07 12:47:51 - [MESSAGE][PASSED] - Delayed 1 second(s)

2018-12-07 12:47:51 - [TEST_STEP][PASSED] - setText: Text '810' is set on object 'Object Repository/Final Object Repo/New Registration - Registration Module Pages/Form 1/Postcode - 810'

2018-12-07 12:47:51 - [MESSAGE][PASSED] - Text '810' is set on object 'Object Repository/Final Object Repo/New Registration - Registration Module Pages/Form 1/Postcode - 810'

2018-12-07 12:47:51 - [TEST_STEP][PASSED] - delay: Delayed 3 second(s)

2018-12-07 12:47:54 - [MESSAGE][PASSED] - Delayed 3 second(s)

2018-12-07 12:47:54 - [TEST_STEP][PASSED] - click: Object: 'Object Repository/Final Object Repo/New Registration - Registration Module Pages/Form 1/Postcode - 81000' is clicked on

2018-12-07 12:47:55 - [MESSAGE][PASSED] - Object: 'Object Repository/Final Object Repo/New Registration - Registration Module Pages/Form 1/Postcode - 81000' is clicked on

2018-12-07 12:47:55 - [TEST_STEP][PASSED] - delay: Delayed 1 second(s)

2018-12-07 12:47:56 - [MESSAGE][PASSED] - Delayed 1 second(s)

2018-12-07 12:47:56 - [TEST_STEP][PASSED] - setText: Text '100' is set on object 'Object Repository/Final Object Repo/New Registration - Registration Module Pages/Form 1/P.O.BOX'

2018-12-07 12:47:56 - [MESSAGE][PASSED] - Text '100' is set on object 'Object Repository/Final Object Repo/New Registration - Registration Module Pages/Form 1/P.O.BOX'

2018-12-07 12:47:56 - [TEST_STEP][PASSED] - setText: Text '100' is set on object 'Object Repository/Final Object Repo/New Registration - Registration Module Pages/Form 1/Locked Bag No'

2018-12-07 12:47:56 - [MESSAGE][PASSED] - Text '100' is set on object 'Object Repository/Final Object Repo/New Registration - Registration Module Pages/Form 1/Locked Bag No'

2018-12-07 12:47:56 - [TEST_STEP][PASSED] - click: Object: 'Object Repository/Final Object Repo/New Registration - Registration Module Pages/Form 1/SOCSO Office Location' is clicked on

2018-12-07 12:47:56 - [MESSAGE][PASSED] - Object: 'Object Repository/Final Object Repo/New Registration - Registration Module Pages/Form 1/SOCSO Office Location' is clicked on

2018-12-07 12:47:56 - [TEST_STEP][PASSED] - click: Object: 'Object Repository/Final Object Repo/New Registration - Registration Module Pages/Form 1/SOCSO Office Location - Pejabat PERKESO Negeri Johor' is clicked on

2018-12-07 12:47:57 - [MESSAGE][PASSED] - Object: 'Object Repository/Final Object Repo/New Registration - Registration Module Pages/Form 1/SOCSO Office Location - Pejabat PERKESO Negeri Johor' is clicked on

2018-12-07 12:47:57 - [TEST_STEP][PASSED] - delay: Delayed 1 second(s)

2018-12-07 12:47:58 - [MESSAGE][PASSED] - Delayed 1 second(s)

2018-12-07 12:47:58 - [TEST_STEP][PASSED] - check: Object 'Object Repository/Final Object Repo/New Registration - Registration Module Pages/Form 1/Indusrty Address Same As Postal Address' is checked

2018-12-07 12:47:58 - [MESSAGE][PASSED] - Object 'Object Repository/Final Object Repo/New Registration - Registration Module Pages/Form 1/Indusrty Address Same As Postal Address' is checked

2018-12-07 12:47:58 - [TEST_STEP][PASSED] - delay: Delayed 3 second(s)

2018-12-07 12:48:01 - [MESSAGE][PASSED] - Delayed 3 second(s)

2018-12-07 12:48:01 - [TEST_STEP][PASSED] - click: Object: 'Object Repository/Final Object Repo/New Registration - Registration Module Pages/Form 1/Indusry Address Same As Postal Address False' is clicked on

2018-12-07 12:48:01 - [MESSAGE][PASSED] - Object: 'Object Repository/Final Object Repo/New Registration - Registration Module Pages/Form 1/Indusry Address Same As Postal Address False' is clicked on

2018-12-07 12:48:01 - [TEST_STEP][PASSED] - delay: Delayed 1 second(s)

2018-12-07 12:48:02 - [MESSAGE][PASSED] - Delayed 1 second(s)

2018-12-07 12:48:02 - [TEST_STEP][PASSED] - setText: Text 'perkeso1' is set on object 'Object Repository/Final Object Repo/New Registration - Registration Module Pages/Form 1/Industry Address1'

2018-12-07 12:48:02 - [MESSAGE][PASSED] - Text 'perkeso1' is set on object 'Object Repository/Final Object Repo/New Registration - Registration Module Pages/Form 1/Industry Address1'

2018-12-07 12:48:02 - [TEST_STEP][PASSED] - setText: Text 'perkeso2' is set on object 'Object Repository/Final Object Repo/New Registration - Registration Module Pages/Form 1/Industry Address2'

2018-12-07 12:48:03 - [MESSAGE][PASSED] - Text 'perkeso2' is set on object 'Object Repository/Final Object Repo/New Registration - Registration Module Pages/Form 1/Industry Address2'

2018-12-07 12:48:03 - [TEST_STEP][PASSED] - setText: Text 'perkeso3' is set on object 'Object Repository/Final Object Repo/New Registration - Registration Module Pages/Form 1/Industry Address3'

2018-12-07 12:48:03 - [MESSAGE][PASSED] - Text 'perkeso3' is set on object 'Object Repository/Final Object Repo/New Registration - Registration Module Pages/Form 1/Industry Address3'

2018-12-07 12:48:03 - [TEST_STEP][PASSED] - click: Object: 'Object Repository/Final Object Repo/New Registration - Registration Module Pages/Form 1/Industry State' is clicked on

2018-12-07 12:48:03 - [MESSAGE][PASSED] - Object: 'Object Repository/Final Object Repo/New Registration - Registration Module Pages/Form 1/Industry State' is clicked on

2018-12-07 12:48:03 - [TEST_STEP][PASSED] - delay: Delayed 2 second(s)

2018-12-07 12:48:05 - [MESSAGE][PASSED] - Delayed 2 second(s)

2018-12-07 12:48:05 - [TEST_STEP][PASSED] - click: Object: 'Object Repository/Final Object Repo/New Registration - Registration Module Pages/Form 1/Industry State - Johor' is clicked on

2018-12-07 12:48:06 - [MESSAGE][PASSED] - Object: 'Object Repository/Final Object Repo/New Registration - Registration Module Pages/Form 1/Industry State - Johor' is clicked on

2018-12-07 12:48:06 - [TEST_STEP][PASSED] - delay: Delayed 2 second(s)

2018-12-07 12:48:08 - [MESSAGE][PASSED] - Delayed 2 second(s)

2018-12-07 12:48:08 - [TEST_STEP][PASSED] - click: Object: 'Object Repository/Final Object Repo/New Registration - Registration Module Pages/Form 1/Industry Ciry' is clicked on

2018-12-07 12:48:08 - [MESSAGE][PASSED] - Object: 'Object Repository/Final Object Repo/New Registration - Registration Module Pages/Form 1/Industry Ciry' is clicked on

2018-12-07 12:48:08 - [TEST_STEP][PASSED] - setText: Text 'joh' is set on object 'Object Repository/Final Object Repo/New Registration - Registration Module Pages/Form 1/Industry Ciry - joh'

2018-12-07 12:48:08 - [MESSAGE][PASSED] - Text 'joh' is set on object 'Object Repository/Final Object Repo/New Registration - Registration Module Pages/Form 1/Industry Ciry - joh'

2018-12-07 12:48:08 - [TEST_STEP][PASSED] - delay: Delayed 2 second(s)

2018-12-07 12:48:10 - [MESSAGE][PASSED] - Delayed 2 second(s)

2018-12-07 12:48:10 - [TEST_STEP][PASSED] - click: Object: 'Object Repository/Final Object Repo/New Registration - Registration Module Pages/Form 1/Industy State - Johor Bharu' is clicked on

2018-12-07 12:48:10 - [MESSAGE][PASSED] - Object: 'Object Repository/Final Object Repo/New Registration - Registration Module Pages/Form 1/Industy State - Johor Bharu' is clicked on

2018-12-07 12:48:10 - [TEST_STEP][PASSED] - delay: Delayed 1 second(s)

2018-12-07 12:48:11 - [MESSAGE][PASSED] - Delayed 1 second(s)

2018-12-07 12:48:11 - [TEST_STEP][PASSED] - click: Object: 'Object Repository/Final Object Repo/New Registration - Registration Module Pages/Form 1/Indusry PostCode' is clicked on

2018-12-07 12:48:11 - [MESSAGE][PASSED] - Object: 'Object Repository/Final Object Repo/New Registration - Registration Module Pages/Form 1/Indusry PostCode' is clicked on

2018-12-07 12:48:11 - [TEST_STEP][PASSED] - delay: Delayed 1 second(s)

2018-12-07 12:48:12 - [MESSAGE][PASSED] - Delayed 1 second(s)

2018-12-07 12:48:12 - [TEST_STEP][PASSED] - setText: Text '810' is set on object 'Object Repository/Final Object Repo/New Registration - Registration Module Pages/Form 1/Insutry Post Code - 810'

2018-12-07 12:48:13 - [MESSAGE][PASSED] - Text '810' is set on object 'Object Repository/Final Object Repo/New Registration - Registration Module Pages/Form 1/Insutry Post Code - 810'

2018-12-07 12:48:13 - [TEST_STEP][PASSED] - delay: Delayed 1 second(s)

2018-12-07 12:48:14 - [MESSAGE][PASSED] - Delayed 1 second(s)

2018-12-07 12:48:14 - [TEST_STEP][PASSED] - click: Object: 'Object Repository/Final Object Repo/New Registration - Registration Module Pages/Form 1/Insutry Post Code - 81000' is clicked on

2018-12-07 12:48:14 - [MESSAGE][PASSED] - Object: 'Object Repository/Final Object Repo/New Registration - Registration Module Pages/Form 1/Insutry Post Code - 81000' is clicked on

2018-12-07 12:48:14 - [TEST_STEP][PASSED] - delay: Delayed 1 second(s)

2018-12-07 12:48:15 - [MESSAGE][PASSED] - Delayed 1 second(s)

2018-12-07 12:48:15 - [TEST_STEP][PASSED] - setText: Text '100' is set on object 'Object Repository/Final Object Repo/New Registration - Registration Module Pages/Form 1/Industry P.O.BOX'

2018-12-07 12:48:15 - [MESSAGE][PASSED] - Text '100' is set on object 'Object Repository/Final Object Repo/New Registration - Registration Module Pages/Form 1/Industry P.O.BOX'

2018-12-07 12:48:15 - [TEST_STEP][PASSED] - setText: Text '100' is set on object 'Object Repository/Final Object Repo/New Registration - Registration Module Pages/Form 1/Industry Locked Bag No'

2018-12-07 12:48:15 - [MESSAGE][PASSED] - Text '100' is set on object 'Object Repository/Final Object Repo/New Registration - Registration Module Pages/Form 1/Industry Locked Bag No'

2018-12-07 12:48:15 - [TEST_STEP][PASSED] - setText: Text '123456789' is set on object 'Object Repository/Final Object Repo/New Registration - Registration Module Pages/Form 1/Telephone No'

2018-12-07 12:48:16 - [MESSAGE][PASSED] - Text '123456789' is set on object 'Object Repository/Final Object Repo/New Registration - Registration Module Pages/Form 1/Telephone No'

2018-12-07 12:48:16 - [TEST_STEP][PASSED] - setText: Text '123456789' is set on object 'Object Repository/Final Object Repo/New Registration - Registration Module Pages/Form 1/Mobile No'

2018-12-07 12:48:16 - [MESSAGE][PASSED] - Text '123456789' is set on object 'Object Repository/Final Object Repo/New Registration - Registration Module Pages/Form 1/Mobile No'

2018-12-07 12:48:16 - [TEST_STEP][PASSED] - setText: Text '123456789' is set on object 'Object Repository/Final Object Repo/New Registration - Registration Module Pages/Form 1/Fax No'

2018-12-07 12:48:17 - [MESSAGE][PASSED] - Text '123456789' is set on object 'Object Repository/Final Object Repo/New Registration - Registration Module Pages/Form 1/Fax No'

2018-12-07 12:48:17 - [TEST_STEP][PASSED] - click: Object: 'Object Repository/Final Object Repo/New Registration - Registration Module Pages/Form 1/Industry Code' is clicked on

2018-12-07 12:48:17 - [MESSAGE][PASSED] - Object: 'Object Repository/Final Object Repo/New Registration - Registration Module Pages/Form 1/Industry Code' is clicked on

2018-12-07 12:48:17 - [TEST_STEP][PASSED] - click: Object: 'Object Repository/Final Object Repo/New Registration - Registration Module Pages/Form 1/Indudustry Code - Crops and Animal' is clicked on

2018-12-07 12:48:17 - [MESSAGE][PASSED] - Object: 'Object Repository/Final Object Repo/New Registration - Registration Module Pages/Form 1/Indudustry Code - Crops and Animal' is clicked on

2018-12-07 12:48:17 - [TEST_STEP][PASSED] - delay: Delayed 1 second(s)

2018-12-07 12:48:18 - [MESSAGE][PASSED] - Delayed 1 second(s)

2018-12-07 12:48:18 - [TEST_STEP][PASSED] - click: Object: 'Object Repository/Final Object Repo/New Registration - Registration Module Pages/Form 1/Sub Industry Code List' is clicked on

2018-12-07 12:48:18 - [MESSAGE][PASSED] - Object: 'Object Repository/Final Object Repo/New Registration - Registration Module Pages/Form 1/Sub Industry Code List' is clicked on

2018-12-07 12:48:18 - [TEST_STEP][PASSED] - click: Object: 'Object Repository/Final Object Repo/New Registration - Registration Module Pages/Form 1/Sub Industry Code List - Growing of Maize' is clicked on

2018-12-07 12:48:19 - [MESSAGE][PASSED] - Object: 'Object Repository/Final Object Repo/New Registration - Registration Module Pages/Form 1/Sub Industry Code List - Growing of Maize' is clicked on

2018-12-07 12:48:19 - [TEST_STEP][PASSED] - setText: Text 'perkeso123@gmail.com' is set on object 'Object Repository/Final Object Repo/New Registration - Registration Module Pages/Form 1/Email'

2018-12-07 12:48:19 - [MESSAGE][PASSED] - Text 'perkeso123@gmail.com' is set on object 'Object Repository/Final Object Repo/New Registration - Registration Module Pages/Form 1/Email'

2018-12-07 12:48:19 - [TEST_STEP][PASSED] - click: Object: 'Object Repository/Final Object Repo/New Registration - Registration Module Pages/Form 1/Method of Contribution Payment' is clicked on

2018-12-07 12:48:19 - [MESSAGE][PASSED] - Object: 'Object Repository/Final Object Repo/New Registration - Registration Module Pages/Form 1/Method of Contribution Payment' is clicked on

2018-12-07 12:48:19 - [TEST_STEP][PASSED] - click: Object: 'Object Repository/Final Object Repo/New Registration - Registration Module Pages/Form 1/Method of Contribution Payment - Portal' is clicked on

2018-12-07 12:48:20 - [MESSAGE][PASSED] - Object: 'Object Repository/Final Object Repo/New Registration - Registration Module Pages/Form 1/Method of Contribution Payment - Portal' is clicked on

2018-12-07 12:48:20 - [TEST_STEP][PASSED] - click: Object: 'Object Repository/Final Object Repo/New Registration - Registration Module Pages/Form 1/Servide Type' is clicked on

2018-12-07 12:48:20 - [MESSAGE][PASSED] - Object: 'Object Repository/Final Object Repo/New Registration - Registration Module Pages/Form 1/Servide Type' is clicked on

2018-12-07 12:48:20 - [TEST_STEP][PASSED] - click: Object: 'Object Repository/Final Object Repo/New Registration - Registration Module Pages/Form 1/Servide Type - Professional Bodies' is clicked on

2018-12-07 12:48:20 - [MESSAGE][PASSED] - Object: 'Object Repository/Final Object Repo/New Registration - Registration Module Pages/Form 1/Servide Type - Professional Bodies' is clicked on

2018-12-07 12:48:20 - [TEST_STEP][PASSED] - click: Object: 'Object Repository/Final Object Repo/New Registration - Registration Module Pages/Form 1/Industry Venue' is clicked on

2018-12-07 12:48:20 - [MESSAGE][PASSED] - Object: 'Object Repository/Final Object Repo/New Registration - Registration Module Pages/Form 1/Industry Venue' is clicked on

2018-12-07 12:48:20 - [TEST_STEP][PASSED] - click: Object: 'Object Repository/Final Object Repo/New Registration - Registration Module Pages/Form 1/Industry Venue -  PPN JOHOR' is clicked on

2018-12-07 12:48:21 - [MESSAGE][PASSED] - Object: 'Object Repository/Final Object Repo/New Registration - Registration Module Pages/Form 1/Industry Venue -  PPN JOHOR' is clicked on

2018-12-07 12:48:21 - [TEST_STEP][PASSED] - click: Object: 'Object Repository/Final Object Repo/New Registration - Registration Module Pages/Form 1/Save  Continue' is clicked on

2018-12-07 12:48:21 - [MESSAGE][PASSED] - Object: 'Object Repository/Final Object Repo/New Registration - Registration Module Pages/Form 1/Save  Continue' is clicked on

2018-12-07 12:48:21 - [MESSAGE][PASSED] - Call Test Case 'Test Cases/Final Aug 2018 - PKS Automation/Registration Module/New Registration/Form 1/Form 1 - Corporation - BHD' successfully

2018-12-07 12:48:21 - [TEST_STEP][PASSED] - callTestCase: Call Test Case 'Test Cases/Final Aug 2018 - PKS Automation/Registration Module/New Registration/Form 2/Add 1 Eligible' successfully

2018-12-07 12:48:21 - [TEST_CASE][PASSED] - Test Cases/Final Aug 2018 - PKS Automation/Registration Module/New Registration/Form 2/Add 1 Eligible: Test Cases/Final Aug 2018 - PKS Automation/Registration Module/New Registration/Form 2/Add 1 Eligible

2018-12-07 12:48:21 - [TEST_STEP][PASSED] - delay: Delayed 2 second(s)

2018-12-07 12:48:23 - [MESSAGE][PASSED] - Delayed 2 second(s)

2018-12-07 12:48:23 - [TEST_STEP][PASSED] - callTestCase: Call Test Case 'Test Cases/Final Aug 2018 - PKS Automation/Registration Module/New Registration/Form 2/Date Updater' successfully

2018-12-07 12:48:23 - [TEST_CASE][PASSED] - Test Cases/Final Aug 2018 - PKS Automation/Registration Module/New Registration/Form 2/Date Updater: Test Cases/Final Aug 2018 - PKS Automation/Registration Module/New Registration/Form 2/Date Updater

2018-12-07 12:48:23 - [TEST_STEP][PASSED] - Statement - TodayDate = new java.util.Date(): null

2018-12-07 12:48:23 - [TEST_STEP][PASSED] - Statement - CurrentDateNoFilter = new java.text.SimpleDateFormat(): null

2018-12-07 12:48:23 - [TEST_STEP][PASSED] - Statement - CurrentDateNoFilter.applyPattern("MM"): null

2018-12-07 12:48:23 - [TEST_STEP][PASSED] - Statement - monthContainerMatcher = java.lang.Integer.parseInt(CurrentDateNoFilter.format(TodayDate)): null

2018-12-07 12:48:23 - [TEST_STEP][PASSED] - Statement - monthContainerMatcher = monthContainerMatcher - 1: null

2018-12-07 12:48:23 - [TEST_STEP][PASSED] - Statement - CurrentMonth = monthContainerMatcher.toString(): null

2018-12-07 12:48:23 - [TEST_STEP][PASSED] - Statement - CurrentMonth = CurrentMonth: null

2018-12-07 12:48:23 - [TEST_STEP][PASSED] - Statement - CurrentDateNoFilter.applyPattern("yyyy"): null

2018-12-07 12:48:23 - [TEST_STEP][PASSED] - Statement - CurrentYear = CurrentDateNoFilter.format(TodayDate): null

2018-12-07 12:48:23 - [TEST_STEP][PASSED] - Statement - CurrentYear = CurrentYear: null

2018-12-07 12:48:23 - [TEST_STEP][PASSED] - Statement - intCurrentYear = java.lang.Integer.parseInt(CurrentDateNoFilter.format(TodayDate)): null

2018-12-07 12:48:23 - [TEST_STEP][PASSED] - Statement - eighteenYrsAgo = intCurrentYear - 18: null

2018-12-07 12:48:23 - [TEST_STEP][PASSED] - Statement - eighteenYrsBeforeThisYr = eighteenYrsAgo.toString(): null

2018-12-07 12:48:23 - [TEST_STEP][PASSED] - Statement - EighteenYrsBefore = eighteenYrsBeforeThisYr: null

2018-12-07 12:48:23 - [TEST_STEP][PASSED] - Statement - fiftysevenYrsAgo = intCurrentYear - 57: null

2018-12-07 12:48:23 - [TEST_STEP][PASSED] - Statement - fiftysevenYrsBeforeThisYr = fiftysevenYrsAgo.toString(): null

2018-12-07 12:48:23 - [TEST_STEP][PASSED] - Statement - FiftysevenYrsBefore = fiftysevenYrsBeforeThisYr: null

2018-12-07 12:48:23 - [TEST_STEP][PASSED] - Statement - leapYear = false: null

2018-12-07 12:48:23 - [TEST_STEP][PASSED] - Statement - leapYear = intCurrentYear % 4 == 0: null

2018-12-07 12:48:23 - [TEST_STEP][PASSED] - Statement - CurrentDateNoFilter.applyPattern("dd"): null

2018-12-07 12:48:23 - [TEST_STEP][PASSED] - Statement - CurrentDate = CurrentDateNoFilter.format(TodayDate): null

2018-12-07 12:48:23 - [TEST_STEP][PASSED] - Statement - CurrentDate = java.lang.Integer.parseInt(CurrentDate): null

2018-12-07 12:48:23 - [TEST_STEP][PASSED] - Statement - CurrentDate = CurrentDate: null

2018-12-07 12:48:23 - [TEST_STEP][PASSED] - Statement - CurrentDay = java.lang.Integer.parseInt(CurrentDate): null

2018-12-07 12:48:23 - [TEST_STEP][PASSED] - Statement - ConfAdder = <not implemented yet for class: org.codehaus.groovy.ast.expr.EmptyExpression>: null

2018-12-07 12:48:23 - [TEST_STEP][PASSED] - Statement - out.println(CurrentMonth): null

2018-12-07 12:48:23 - [TEST_STEP][PASSED] - Statement - out.println(CurrentDate): null

2018-12-07 12:48:23 - [TEST_STEP][PASSED] - Statement - switch (CurrentDate): null

2018-12-07 12:48:23 - [TEST_STEP][PASSED] - Statement - Default: null

2018-12-07 12:48:23 - [TEST_STEP][PASSED] - Statement - ConfAdder = true: null

2018-12-07 12:48:23 - [TEST_STEP][PASSED] - Statement - Break: null

2018-12-07 12:48:23 - [TEST_STEP][PASSED] - Statement - aDayBefore = <not implemented yet for class: org.codehaus.groovy.ast.expr.EmptyExpression>: null

2018-12-07 12:48:23 - [TEST_STEP][PASSED] - Statement - out.println(ConfAdder): null

2018-12-07 12:48:23 - [TEST_STEP][PASSED] - Statement - If (ConfAdder == true): null

2018-12-07 12:48:23 - [TEST_STEP][PASSED] - Statement - aDayBefore = CurrentDay + 1: null

2018-12-07 12:48:23 - [TEST_STEP][PASSED] - Statement - out.println(aDayBefore): null

2018-12-07 12:48:23 - [TEST_STEP][PASSED] - Statement - If (aDayBefore == 1 && CurrentMonth == 11): null

2018-12-07 12:48:23 - [TEST_STEP][PASSED] - Statement - DayBefore = aDayBefore.toString(): null

2018-12-07 12:48:23 - [TEST_STEP][PASSED] - Statement - OneDayBefore = DayBefore: null

2018-12-07 12:48:23 - [MESSAGE][PASSED] - Call Test Case 'Test Cases/Final Aug 2018 - PKS Automation/Registration Module/New Registration/Form 2/Date Updater' successfully

2018-12-07 12:48:24 - [TEST_STEP][PASSED] - delay: Delayed 1 second(s)

2018-12-07 12:48:25 - [MESSAGE][PASSED] - Delayed 1 second(s)

2018-12-07 12:48:25 - [TEST_STEP][PASSED] - Statement - CaseReferenceNo = com.kms.katalon.core.webui.keyword.WebUiBuiltInKeywords.getText(com.kms.katalon.core.testobject.ObjectRepository.findTestObject(Final Object Repo/New Registration - Registration Module Pages/Form 2/RefNo Acquiring)): Text of object 'Object Repository/Final Object Repo/New Registration - Registration Module Pages/Form 2/RefNo Acquiring' is: 'CRN12201800123093'

2018-12-07 12:48:25 - [MESSAGE][PASSED] - Text of object 'Object Repository/Final Object Repo/New Registration - Registration Module Pages/Form 2/RefNo Acquiring' is: 'CRN12201800123093'

2018-12-07 12:48:25 - [TEST_STEP][PASSED] - delay: Delayed 1 second(s)

2018-12-07 12:48:26 - [MESSAGE][PASSED] - Delayed 1 second(s)

2018-12-07 12:48:26 - [TEST_STEP][PASSED] - click: Object: 'Object Repository/Final Object Repo/New Registration - Registration Module Pages/Form 2/Add Employee Button' is clicked on

2018-12-07 12:48:26 - [MESSAGE][PASSED] - Object: 'Object Repository/Final Object Repo/New Registration - Registration Module Pages/Form 2/Add Employee Button' is clicked on

2018-12-07 12:48:26 - [TEST_STEP][PASSED] - delay: Delayed 1 second(s)

2018-12-07 12:48:27 - [MESSAGE][PASSED] - Delayed 1 second(s)

2018-12-07 12:48:27 - [TEST_STEP][PASSED] - setText: Text '010903091963' is set on object 'Object Repository/Final Object Repo/New Registration - Registration Module Pages/Form 2/NRIC Input'

2018-12-07 12:48:27 - [MESSAGE][PASSED] - Text '010903091963' is set on object 'Object Repository/Final Object Repo/New Registration - Registration Module Pages/Form 2/NRIC Input'

2018-12-07 12:48:27 - [TEST_STEP][PASSED] - click: Object: 'Object Repository/Final Object Repo/New Registration - Registration Module Pages/Form 2/button for search for IC' is clicked on

2018-12-07 12:48:27 - [MESSAGE][PASSED] - Object: 'Object Repository/Final Object Repo/New Registration - Registration Module Pages/Form 2/button for search for IC' is clicked on

2018-12-07 12:48:27 - [TEST_STEP][PASSED] - delay: Delayed 2 second(s)

2018-12-07 12:48:29 - [MESSAGE][PASSED] - Delayed 2 second(s)

2018-12-07 12:48:29 - [TEST_STEP][PASSED] - setText: Text 'Automate001 eligible 1' is set on object 'Object Repository/Final Object Repo/New Registration - Registration Module Pages/Form 2/Employee Name Input'

2018-12-07 12:48:30 - [MESSAGE][PASSED] - Text 'Automate001 eligible 1' is set on object 'Object Repository/Final Object Repo/New Registration - Registration Module Pages/Form 2/Employee Name Input'

2018-12-07 12:48:30 - [TEST_STEP][PASSED] - delay: Delayed 2 second(s)

2018-12-07 12:48:32 - [MESSAGE][PASSED] - Delayed 2 second(s)

2018-12-07 12:48:32 - [TEST_STEP][PASSED] - click: Object: 'Object Repository/Final Object Repo/New Registration - Registration Module Pages/Form 2/DatePicker Pop Up' is clicked on

2018-12-07 12:48:32 - [MESSAGE][PASSED] - Object: 'Object Repository/Final Object Repo/New Registration - Registration Module Pages/Form 2/DatePicker Pop Up' is clicked on

2018-12-07 12:48:32 - [TEST_STEP][PASSED] - click: Object: 'Object Repository/Final Object Repo/New Registration - Registration Module Pages/Form 2/DOB Month' is clicked on

2018-12-07 12:48:32 - [MESSAGE][PASSED] - Object: 'Object Repository/Final Object Repo/New Registration - Registration Module Pages/Form 2/DOB Month' is clicked on

2018-12-07 12:48:32 - [TEST_STEP][PASSED] - Statement - CurrentMonth = CurrentMonth: null

2018-12-07 12:48:32 - [TEST_STEP][PASSED] - Statement - selectMonth = new com.kms.katalon.core.testobject.TestObject(): null

2018-12-07 12:48:32 - [TEST_STEP][PASSED] - Statement - selectMonth.addProperty("xpath", EQUALS, "//body/div/div/div/select/option[@value='" + CurrentMonth + "']", true): null

2018-12-07 12:48:32 - [TEST_STEP][PASSED] - click: Object: '' is clicked on

2018-12-07 12:48:33 - [MESSAGE][PASSED] - Object: '' is clicked on

2018-12-07 12:48:33 - [TEST_STEP][PASSED] - click: Object: 'Object Repository/Final Object Repo/New Registration - Registration Module Pages/Form 2/DOB Year' is clicked on

2018-12-07 12:48:33 - [MESSAGE][PASSED] - Object: 'Object Repository/Final Object Repo/New Registration - Registration Module Pages/Form 2/DOB Year' is clicked on

2018-12-07 12:48:33 - [TEST_STEP][PASSED] - Statement - Eyearsbf = EighteenYrsBefore: null

2018-12-07 12:48:33 - [TEST_STEP][PASSED] - Statement - selectYear = new com.kms.katalon.core.testobject.TestObject(): null

2018-12-07 12:48:33 - [TEST_STEP][PASSED] - Statement - selectYear.addProperty("xpath", EQUALS, "//div/div/div/select/option[@value='" + Eyearsbf + "']", true): null

2018-12-07 12:48:33 - [TEST_STEP][PASSED] - click: Object: '' is clicked on

2018-12-07 12:48:33 - [MESSAGE][PASSED] - Object: '' is clicked on

2018-12-07 12:48:33 - [TEST_STEP][PASSED] - Statement - UpdatedSelectDate = com.kms.katalon.core.webui.keyword.WebUiBuiltInKeywords.modifyObjectProperty(com.kms.katalon.core.testobject.ObjectRepository.findTestObject(Final Object Repo/New Registration - Registration Module Pages/Form 2/DOB Date), "xpath", "equals", "//body/div/table/tbody/tr/td/a[text()="" + CurrentDate + ""]", true): Modify property of object successfully

2018-12-07 12:48:33 - [MESSAGE][PASSED] - Modify property of object successfully

2018-12-07 12:48:33 - [TEST_STEP][PASSED] - delay: Delayed 3 second(s)

2018-12-07 12:48:36 - [MESSAGE][PASSED] - Delayed 3 second(s)

2018-12-07 12:48:36 - [TEST_STEP][PASSED] - click: Object: 'Object Repository/Final Object Repo/New Registration - Registration Module Pages/Form 2/DOB Date' is clicked on

2018-12-07 12:48:36 - [MESSAGE][PASSED] - Object: 'Object Repository/Final Object Repo/New Registration - Registration Module Pages/Form 2/DOB Date' is clicked on

2018-12-07 12:48:36 - [TEST_STEP][PASSED] - delay: Delayed 2 second(s)

2018-12-07 12:48:38 - [MESSAGE][PASSED] - Delayed 2 second(s)

2018-12-07 12:48:38 - [TEST_STEP][PASSED] - click: Object: 'Object Repository/Final Object Repo/New Registration - Registration Module Pages/Form 2/EmploymentStartDate Pop Up' is clicked on

2018-12-07 12:48:38 - [MESSAGE][PASSED] - Object: 'Object Repository/Final Object Repo/New Registration - Registration Module Pages/Form 2/EmploymentStartDate Pop Up' is clicked on

2018-12-07 12:48:38 - [TEST_STEP][PASSED] - delay: Delayed 2 second(s)

2018-12-07 12:48:40 - [MESSAGE][PASSED] - Delayed 2 second(s)

2018-12-07 12:48:40 - [TEST_STEP][PASSED] - click: Object: 'Object Repository/Final Object Repo/New Registration - Registration Module Pages/Form 2/Socso Employment StartDate Month' is clicked on

2018-12-07 12:48:40 - [MESSAGE][PASSED] - Object: 'Object Repository/Final Object Repo/New Registration - Registration Module Pages/Form 2/Socso Employment StartDate Month' is clicked on

2018-12-07 12:48:40 - [TEST_STEP][PASSED] - delay: Delayed 1 second(s)

2018-12-07 12:48:41 - [MESSAGE][PASSED] - Delayed 1 second(s)

2018-12-07 12:48:41 - [TEST_STEP][PASSED] - click: Object: 'Object Repository/Final Object Repo/New Registration - Registration Module Pages/Form 2/Select Socso Employement Startdate Month' is clicked on

2018-12-07 12:48:42 - [MESSAGE][PASSED] - Object: 'Object Repository/Final Object Repo/New Registration - Registration Module Pages/Form 2/Select Socso Employement Startdate Month' is clicked on

2018-12-07 12:48:42 - [TEST_STEP][PASSED] - delay: Delayed 2 second(s)

2018-12-07 12:48:44 - [MESSAGE][PASSED] - Delayed 2 second(s)

2018-12-07 12:48:44 - [TEST_STEP][PASSED] - click: Object: 'Object Repository/Final Object Repo/New Registration - Registration Module Pages/Form 2/Socso Employment StartDate Year' is clicked on

2018-12-07 12:48:44 - [MESSAGE][PASSED] - Object: 'Object Repository/Final Object Repo/New Registration - Registration Module Pages/Form 2/Socso Employment StartDate Year' is clicked on

2018-12-07 12:48:44 - [TEST_STEP][PASSED] - delay: Delayed 1 second(s)

2018-12-07 12:48:45 - [MESSAGE][PASSED] - Delayed 1 second(s)

2018-12-07 12:48:45 - [TEST_STEP][PASSED] - click: Object: 'Object Repository/Final Object Repo/New Registration - Registration Module Pages/Form 2/Select Socso Employment Startdate Year' is clicked on

2018-12-07 12:48:45 - [MESSAGE][PASSED] - Object: 'Object Repository/Final Object Repo/New Registration - Registration Module Pages/Form 2/Select Socso Employment Startdate Year' is clicked on

2018-12-07 12:48:45 - [TEST_STEP][PASSED] - delay: Delayed 2 second(s)

2018-12-07 12:48:47 - [MESSAGE][PASSED] - Delayed 2 second(s)

2018-12-07 12:48:47 - [TEST_STEP][PASSED] - click: Object: 'Object Repository/Final Object Repo/New Registration - Registration Module Pages/Form 2/Socso Employment Start Date Day' is clicked on

2018-12-07 12:48:47 - [MESSAGE][PASSED] - Object: 'Object Repository/Final Object Repo/New Registration - Registration Module Pages/Form 2/Socso Employment Start Date Day' is clicked on

2018-12-07 12:48:47 - [TEST_STEP][PASSED] - delay: Delayed 2 second(s)

2018-12-07 12:48:49 - [MESSAGE][PASSED] - Delayed 2 second(s)

2018-12-07 12:48:49 - [TEST_STEP][PASSED] - click: Object: 'Object Repository/Final Object Repo/New Registration - Registration Module Pages/Form 2/Save Button for Add Employee' is clicked on

2018-12-07 12:48:49 - [MESSAGE][PASSED] - Object: 'Object Repository/Final Object Repo/New Registration - Registration Module Pages/Form 2/Save Button for Add Employee' is clicked on

2018-12-07 12:48:49 - [TEST_STEP][PASSED] - delay: Delayed 6 second(s)

2018-12-07 12:48:55 - [MESSAGE][PASSED] - Delayed 6 second(s)

2018-12-07 12:48:55 - [TEST_STEP][PASSED] - click: Object: 'Object Repository/Final Object Repo/New Registration - Registration Module Pages/Form 2/Save and Continue Form 2' is clicked on

2018-12-07 12:48:56 - [MESSAGE][PASSED] - Object: 'Object Repository/Final Object Repo/New Registration - Registration Module Pages/Form 2/Save and Continue Form 2' is clicked on

2018-12-07 12:48:56 - [MESSAGE][PASSED] - Call Test Case 'Test Cases/Final Aug 2018 - PKS Automation/Registration Module/New Registration/Form 2/Add 1 Eligible' successfully

2018-12-07 12:48:56 - [TEST_STEP][PASSED] - callTestCase: Call Test Case 'Test Cases/Final Aug 2018 - PKS Automation/Registration Module/New Registration/Flow of New Registration/Third Screen - Upload Supporting Doc - Preview' successfully

2018-12-07 12:48:56 - [TEST_CASE][PASSED] - Test Cases/Final Aug 2018 - PKS Automation/Registration Module/New Registration/Flow of New Registration/Third Screen - Upload Supporting Doc - Preview: Test Cases/Final Aug 2018 - PKS Automation/Registration Module/New Registration/Flow of New Registration/Third Screen - Upload Supporting Doc - Preview

2018-12-07 12:48:56 - [TEST_STEP][PASSED] - waitForPageLoad: Wait for page load successfully

2018-12-07 12:48:56 - [MESSAGE][PASSED] - Wait for page load successfully

2018-12-07 12:48:56 - [TEST_STEP][PASSED] - Statement - CaseReferenceNo = com.kms.katalon.core.webui.keyword.WebUiBuiltInKeywords.getText(com.kms.katalon.core.testobject.ObjectRepository.findTestObject(Final Object Repo/New Registration - Registration Module Pages/Third Screen - Upload Supporting Doc- Preview/RefNo Acquiring)): Text of object 'Object Repository/Final Object Repo/New Registration - Registration Module Pages/Third Screen - Upload Supporting Doc- Preview/RefNo Acquiring' is: 'CRN12201800123093'

2018-12-07 12:48:57 - [MESSAGE][PASSED] - Text of object 'Object Repository/Final Object Repo/New Registration - Registration Module Pages/Third Screen - Upload Supporting Doc- Preview/RefNo Acquiring' is: 'CRN12201800123093'

2018-12-07 12:48:57 - [TEST_STEP][PASSED] - delay: Delayed 2 second(s)

2018-12-07 12:48:59 - [MESSAGE][PASSED] - Delayed 2 second(s)

2018-12-07 12:48:59 - [TEST_STEP][PASSED] - callTestCase: Call Test Case 'Test Cases/Final Aug 2018 - PKS Automation/Common/Reference Number Setter' successfully

2018-12-07 12:48:59 - [TEST_CASE][PASSED] - Test Cases/Final Aug 2018 - PKS Automation/Common/Reference Number Setter: Test Cases/Final Aug 2018 - PKS Automation/Common/Reference Number Setter

2018-12-07 12:48:59 - [TEST_STEP][PASSED] - Statement - RefNoOldFile = new java.io.File(C://Users//Admin//Desktop//PKS//Automation Reference Point//KatalonReference.txt): null

2018-12-07 12:48:59 - [TEST_STEP][PASSED] - Statement - RefNoOldFile.delete(): null

2018-12-07 12:48:59 - [TEST_STEP][PASSED] - delay: Delayed 5 second(s)

2018-12-07 12:49:04 - [MESSAGE][PASSED] - Delayed 5 second(s)

2018-12-07 12:49:04 - [TEST_STEP][PASSED] - Statement - RefNo = new java.io.File(C://Users//Admin//Desktop//PKS//Automation Reference Point//KatalonReference.txt): null

2018-12-07 12:49:04 - [TEST_STEP][PASSED] - Statement - f2 = new java.io.FileWriter(RefNo, false): null

2018-12-07 12:49:04 - [TEST_STEP][PASSED] - Statement - f2.write(CaseReferenceNo): null

2018-12-07 12:49:04 - [TEST_STEP][PASSED] - Statement - f2.close(): null

2018-12-07 12:49:04 - [TEST_STEP][PASSED] - Statement - out.println("


" + CaseReferenceNo + "


"): null

2018-12-07 12:49:04 - [MESSAGE][PASSED] - Call Test Case 'Test Cases/Final Aug 2018 - PKS Automation/Common/Reference Number Setter' successfully

2018-12-07 12:49:04 - [TEST_STEP][PASSED] - waitForElementClickable: Object 'Object Repository/Final Object Repo/New Registration - Registration Module Pages/Third Screen - Upload Supporting Doc- Preview/Save n Continue in SIP Employee Listing Page' is clickable

2018-12-07 12:49:04 - [MESSAGE][PASSED] - Object 'Object Repository/Final Object Repo/New Registration - Registration Module Pages/Third Screen - Upload Supporting Doc- Preview/Save n Continue in SIP Employee Listing Page' is clickable

2018-12-07 12:49:04 - [TEST_STEP][PASSED] - click: Object: 'Object Repository/Final Object Repo/New Registration - Registration Module Pages/Third Screen - Upload Supporting Doc- Preview/Save n Continue in SIP Employee Listing Page' is clicked on

2018-12-07 12:49:09 - [MESSAGE][PASSED] - Object: 'Object Repository/Final Object Repo/New Registration - Registration Module Pages/Third Screen - Upload Supporting Doc- Preview/Save n Continue in SIP Employee Listing Page' is clicked on

2018-12-07 12:49:09 - [TEST_STEP][PASSED] - delay: Delayed 7 second(s)

2018-12-07 12:49:16 - [MESSAGE][PASSED] - Delayed 7 second(s)

2018-12-07 12:49:16 - [TEST_STEP][PASSED] - click: Object: 'Object Repository/Final Object Repo/New Registration - Registration Module Pages/Third Screen - Upload Supporting Doc- Preview/Add Document Button' is clicked on

2018-12-07 12:49:16 - [MESSAGE][PASSED] - Object: 'Object Repository/Final Object Repo/New Registration - Registration Module Pages/Third Screen - Upload Supporting Doc- Preview/Add Document Button' is clicked on

2018-12-07 12:49:16 - [TEST_STEP][PASSED] - delay: Delayed 30 second(s)

2018-12-07 12:49:46 - [MESSAGE][PASSED] - Delayed 30 second(s)

2018-12-07 12:49:46 - [TEST_STEP][PASSED] - click: Object: 'Object Repository/Final Object Repo/New Registration - Registration Module Pages/Third Screen - Upload Supporting Doc- Preview/Supporting Doc Please Select Drop Down' is clicked on

2018-12-07 12:49:47 - [MESSAGE][PASSED] - Object: 'Object Repository/Final Object Repo/New Registration - Registration Module Pages/Third Screen - Upload Supporting Doc- Preview/Supporting Doc Please Select Drop Down' is clicked on

2018-12-07 12:49:47 - [TEST_STEP][PASSED] - delay: Delayed 2 second(s)

2018-12-07 12:49:49 - [MESSAGE][PASSED] - Delayed 2 second(s)

2018-12-07 12:49:49 - [TEST_STEP][PASSED] - click: Object: 'Object Repository/Final Object Repo/New Registration - Registration Module Pages/Third Screen - Upload Supporting Doc- Preview/Select to Upload Form 1' is clicked on

2018-12-07 12:49:49 - [MESSAGE][PASSED] - Object: 'Object Repository/Final Object Repo/New Registration - Registration Module Pages/Third Screen - Upload Supporting Doc- Preview/Select to Upload Form 1' is clicked on

2018-12-07 12:49:49 - [TEST_STEP][PASSED] - delay: Delayed 2 second(s)

2018-12-07 12:49:51 - [MESSAGE][PASSED] - Delayed 2 second(s)

2018-12-07 12:49:51 - [TEST_STEP][PASSED] - uploadFile: File 'C:\Users\Public\Pictures\Sample Pictures\Koala.jpg' sent to object: 'Object Repository/Final Object Repo/New Registration - Registration Module Pages/Third Screen - Upload Supporting Doc- Preview/Upload File Adding'

2018-12-07 12:49:51 - [MESSAGE][PASSED] - File 'C:\Users\Public\Pictures\Sample Pictures\Koala.jpg' sent to object: 'Object Repository/Final Object Repo/New Registration - Registration Module Pages/Third Screen - Upload Supporting Doc- Preview/Upload File Adding'

2018-12-07 12:49:51 - [TEST_STEP][PASSED] - delay: Delayed 5 second(s)

2018-12-07 12:49:56 - [MESSAGE][PASSED] - Delayed 5 second(s)

2018-12-07 12:49:56 - [TEST_STEP][PASSED] - click: Object: 'Object Repository/Final Object Repo/New Registration - Registration Module Pages/Third Screen - Upload Supporting Doc- Preview/Inner Form Add Document Button' is clicked on

2018-12-07 12:49:56 - [MESSAGE][PASSED] - Object: 'Object Repository/Final Object Repo/New Registration - Registration Module Pages/Third Screen - Upload Supporting Doc- Preview/Inner Form Add Document Button' is clicked on

2018-12-07 12:49:56 - [TEST_STEP][PASSED] - delay: Delayed 3 second(s)

2018-12-07 12:49:59 - [MESSAGE][PASSED] - Delayed 3 second(s)

2018-12-07 12:49:59 - [TEST_STEP][PASSED] - click: Object: 'Object Repository/Final Object Repo/New Registration - Registration Module Pages/Third Screen - Upload Supporting Doc- Preview/Add Document Button' is clicked on

2018-12-07 12:50:00 - [MESSAGE][PASSED] - Object: 'Object Repository/Final Object Repo/New Registration - Registration Module Pages/Third Screen - Upload Supporting Doc- Preview/Add Document Button' is clicked on

2018-12-07 12:50:00 - [TEST_STEP][PASSED] - delay: Delayed 30 second(s)

2018-12-07 12:50:30 - [MESSAGE][PASSED] - Delayed 30 second(s)

2018-12-07 12:50:30 - [TEST_STEP][PASSED] - click: Object: 'Object Repository/Final Object Repo/New Registration - Registration Module Pages/Third Screen - Upload Supporting Doc- Preview/Supporting Doc Please Select Drop Down' is clicked on

2018-12-07 12:50:31 - [MESSAGE][PASSED] - Object: 'Object Repository/Final Object Repo/New Registration - Registration Module Pages/Third Screen - Upload Supporting Doc- Preview/Supporting Doc Please Select Drop Down' is clicked on

2018-12-07 12:50:31 - [TEST_STEP][PASSED] - delay: Delayed 2 second(s)

2018-12-07 12:50:33 - [MESSAGE][PASSED] - Delayed 2 second(s)

2018-12-07 12:50:33 - [TEST_STEP][PASSED] - click: Object: 'Object Repository/Final Object Repo/New Registration - Registration Module Pages/Third Screen - Upload Supporting Doc- Preview/Select to Upload Form 2' is clicked on

2018-12-07 12:50:33 - [MESSAGE][PASSED] - Object: 'Object Repository/Final Object Repo/New Registration - Registration Module Pages/Third Screen - Upload Supporting Doc- Preview/Select to Upload Form 2' is clicked on

2018-12-07 12:50:33 - [TEST_STEP][PASSED] - delay: Delayed 2 second(s)

2018-12-07 12:50:35 - [MESSAGE][PASSED] - Delayed 2 second(s)

2018-12-07 12:50:35 - [TEST_STEP][PASSED] - uploadFile: File 'C:\Users\Public\Pictures\Sample Pictures\Koala.jpg' sent to object: 'Object Repository/Final Object Repo/New Registration - Registration Module Pages/Third Screen - Upload Supporting Doc- Preview/Upload File Adding'

2018-12-07 12:50:35 - [MESSAGE][PASSED] - File 'C:\Users\Public\Pictures\Sample Pictures\Koala.jpg' sent to object: 'Object Repository/Final Object Repo/New Registration - Registration Module Pages/Third Screen - Upload Supporting Doc- Preview/Upload File Adding'

2018-12-07 12:50:35 - [TEST_STEP][PASSED] - click: Object: 'Object Repository/Final Object Repo/New Registration - Registration Module Pages/Third Screen - Upload Supporting Doc- Preview/Inner Form Add Document Button' is clicked on

2018-12-07 12:50:35 - [MESSAGE][PASSED] - Object: 'Object Repository/Final Object Repo/New Registration - Registration Module Pages/Third Screen - Upload Supporting Doc- Preview/Inner Form Add Document Button' is clicked on

2018-12-07 12:50:35 - [TEST_STEP][PASSED] - delay: Delayed 5 second(s)

2018-12-07 12:50:40 - [MESSAGE][PASSED] - Delayed 5 second(s)

2018-12-07 12:50:40 - [TEST_STEP][PASSED] - click: Object: 'Object Repository/Final Object Repo/New Registration - Registration Module Pages/Third Screen - Upload Supporting Doc- Preview/Add Document Button' is clicked on

2018-12-07 12:50:40 - [MESSAGE][PASSED] - Object: 'Object Repository/Final Object Repo/New Registration - Registration Module Pages/Third Screen - Upload Supporting Doc- Preview/Add Document Button' is clicked on

2018-12-07 12:50:40 - [TEST_STEP][PASSED] - delay: Delayed 30 second(s)

2018-12-07 12:51:10 - [MESSAGE][PASSED] - Delayed 30 second(s)

2018-12-07 12:51:10 - [TEST_STEP][PASSED] - click: Object: 'Object Repository/Final Object Repo/New Registration - Registration Module Pages/Third Screen - Upload Supporting Doc- Preview/Supporting Doc Please Select Drop Down' is clicked on

2018-12-07 12:51:10 - [MESSAGE][PASSED] - Object: 'Object Repository/Final Object Repo/New Registration - Registration Module Pages/Third Screen - Upload Supporting Doc- Preview/Supporting Doc Please Select Drop Down' is clicked on

2018-12-07 12:51:10 - [TEST_STEP][PASSED] - click: Object: 'Object Repository/Final Object Repo/New Registration - Registration Module Pages/Third Screen - Upload Supporting Doc- Preview/Select to Upload Borang SIP 1' is clicked on

2018-12-07 12:51:11 - [MESSAGE][PASSED] - Object: 'Object Repository/Final Object Repo/New Registration - Registration Module Pages/Third Screen - Upload Supporting Doc- Preview/Select to Upload Borang SIP 1' is clicked on

2018-12-07 12:51:11 - [TEST_STEP][PASSED] - delay: Delayed 2 second(s)

2018-12-07 12:51:13 - [MESSAGE][PASSED] - Delayed 2 second(s)

2018-12-07 12:51:13 - [TEST_STEP][PASSED] - uploadFile: File 'C:\Users\Public\Pictures\Sample Pictures\Koala.jpg' sent to object: 'Object Repository/Final Object Repo/New Registration - Registration Module Pages/Third Screen - Upload Supporting Doc- Preview/Upload File Adding'

2018-12-07 12:51:13 - [MESSAGE][PASSED] - File 'C:\Users\Public\Pictures\Sample Pictures\Koala.jpg' sent to object: 'Object Repository/Final Object Repo/New Registration - Registration Module Pages/Third Screen - Upload Supporting Doc- Preview/Upload File Adding'

2018-12-07 12:51:13 - [TEST_STEP][PASSED] - click: Object: 'Object Repository/Final Object Repo/New Registration - Registration Module Pages/Third Screen - Upload Supporting Doc- Preview/Inner Form Add Document Button' is clicked on

2018-12-07 12:51:13 - [MESSAGE][PASSED] - Object: 'Object Repository/Final Object Repo/New Registration - Registration Module Pages/Third Screen - Upload Supporting Doc- Preview/Inner Form Add Document Button' is clicked on

2018-12-07 12:51:13 - [TEST_STEP][PASSED] - delay: Delayed 5 second(s)

2018-12-07 12:51:18 - [MESSAGE][PASSED] - Delayed 5 second(s)

2018-12-07 12:51:18 - [TEST_STEP][PASSED] - click: Object: 'Object Repository/Final Object Repo/New Registration - Registration Module Pages/Third Screen - Upload Supporting Doc- Preview/Add Document Button' is clicked on

2018-12-07 12:51:18 - [MESSAGE][PASSED] - Object: 'Object Repository/Final Object Repo/New Registration - Registration Module Pages/Third Screen - Upload Supporting Doc- Preview/Add Document Button' is clicked on

2018-12-07 12:51:18 - [TEST_STEP][PASSED] - delay: Delayed 30 second(s)

2018-12-07 12:51:48 - [MESSAGE][PASSED] - Delayed 30 second(s)

2018-12-07 12:51:48 - [TEST_STEP][PASSED] - click: Object: 'Object Repository/Final Object Repo/New Registration - Registration Module Pages/Third Screen - Upload Supporting Doc- Preview/Supporting Doc Please Select Drop Down' is clicked on

2018-12-07 12:51:48 - [MESSAGE][PASSED] - Object: 'Object Repository/Final Object Repo/New Registration - Registration Module Pages/Third Screen - Upload Supporting Doc- Preview/Supporting Doc Please Select Drop Down' is clicked on

2018-12-07 12:51:48 - [TEST_STEP][PASSED] - delay: Delayed 3 second(s)

2018-12-07 12:51:51 - [MESSAGE][PASSED] - Delayed 3 second(s)

2018-12-07 12:51:51 - [TEST_STEP][PASSED] - click: Object: 'Object Repository/Final Object Repo/New Registration - Registration Module Pages/Third Screen - Upload Supporting Doc- Preview/Select to Upload Borang SIP 2' is clicked on

2018-12-07 12:51:52 - [MESSAGE][PASSED] - Object: 'Object Repository/Final Object Repo/New Registration - Registration Module Pages/Third Screen - Upload Supporting Doc- Preview/Select to Upload Borang SIP 2' is clicked on

2018-12-07 12:51:52 - [TEST_STEP][PASSED] - delay: Delayed 2 second(s)

2018-12-07 12:51:54 - [MESSAGE][PASSED] - Delayed 2 second(s)

2018-12-07 12:51:54 - [TEST_STEP][PASSED] - uploadFile: File 'C:\Users\Public\Pictures\Sample Pictures\Koala.jpg' sent to object: 'Object Repository/Final Object Repo/New Registration - Registration Module Pages/Third Screen - Upload Supporting Doc- Preview/Upload File Adding'

2018-12-07 12:51:54 - [MESSAGE][PASSED] - File 'C:\Users\Public\Pictures\Sample Pictures\Koala.jpg' sent to object: 'Object Repository/Final Object Repo/New Registration - Registration Module Pages/Third Screen - Upload Supporting Doc- Preview/Upload File Adding'

2018-12-07 12:51:54 - [TEST_STEP][PASSED] - delay: Delayed 5 second(s)

2018-12-07 12:51:59 - [MESSAGE][PASSED] - Delayed 5 second(s)

2018-12-07 12:51:59 - [TEST_STEP][PASSED] - click: Object: 'Object Repository/Final Object Repo/New Registration - Registration Module Pages/Third Screen - Upload Supporting Doc- Preview/Inner Form Add Document Button' is clicked on

2018-12-07 12:51:59 - [MESSAGE][PASSED] - Object: 'Object Repository/Final Object Repo/New Registration - Registration Module Pages/Third Screen - Upload Supporting Doc- Preview/Inner Form Add Document Button' is clicked on

2018-12-07 12:51:59 - [TEST_STEP][PASSED] - delay: Delayed 3 second(s)

2018-12-07 12:52:02 - [MESSAGE][PASSED] - Delayed 3 second(s)

2018-12-07 12:52:02 - [TEST_STEP][PASSED] - waitForElementClickable: Object 'Object Repository/Final Object Repo/New Registration - Registration Module Pages/Third Screen - Upload Supporting Doc- Preview/Save n Continue in Uploading Supporting Doc Page' is clickable

2018-12-07 12:52:03 - [MESSAGE][PASSED] - Object 'Object Repository/Final Object Repo/New Registration - Registration Module Pages/Third Screen - Upload Supporting Doc- Preview/Save n Continue in Uploading Supporting Doc Page' is clickable

2018-12-07 12:52:03 - [TEST_STEP][PASSED] - click: Object: 'Object Repository/Final Object Repo/New Registration - Registration Module Pages/Third Screen - Upload Supporting Doc- Preview/Save n Continue in Uploading Supporting Doc Page' is clicked on

2018-12-07 12:52:03 - [MESSAGE][PASSED] - Object: 'Object Repository/Final Object Repo/New Registration - Registration Module Pages/Third Screen - Upload Supporting Doc- Preview/Save n Continue in Uploading Supporting Doc Page' is clicked on

2018-12-07 12:52:03 - [MESSAGE][PASSED] - Call Test Case 'Test Cases/Final Aug 2018 - PKS Automation/Registration Module/New Registration/Flow of New Registration/Third Screen - Upload Supporting Doc - Preview' successfully

2018-12-07 12:52:03 - [TEST_STEP][PASSED] - callTestCase: Call Test Case 'Test Cases/Final Aug 2018 - PKS Automation/Registration Module/New Registration/Submit and Screenshot/Submit Registration and Screenshot - Copy' successfully

2018-12-07 12:52:03 - [TEST_CASE][PASSED] - Test Cases/Final Aug 2018 - PKS Automation/Registration Module/New Registration/Submit and Screenshot/Submit Registration and Screenshot - Copy: Test Cases/Final Aug 2018 - PKS Automation/Registration Module/New Registration/Submit and Screenshot/Submit Registration and Screenshot - Copy

2018-12-07 12:52:03 - [TEST_STEP][PASSED] - delay: Delayed 6 second(s)

2018-12-07 12:52:09 - [MESSAGE][PASSED] - Delayed 6 second(s)

2018-12-07 12:52:09 - [TEST_STEP][PASSED] - click: Object: 'Object Repository/Final Object Repo/New Registration - Registration Module Pages/Third Screen - Upload Supporting Doc- Preview/Preview Submit Button' is clicked on

2018-12-07 12:52:09 - [MESSAGE][PASSED] - Object: 'Object Repository/Final Object Repo/New Registration - Registration Module Pages/Third Screen - Upload Supporting Doc- Preview/Preview Submit Button' is clicked on

2018-12-07 12:52:09 - [TEST_STEP][PASSED] - delay: Delayed 2 second(s)

2018-12-07 12:52:11 - [MESSAGE][PASSED] - Delayed 2 second(s)

2018-12-07 12:52:11 - [TEST_STEP][PASSED] - click: Object: 'Object Repository/Final Object Repo/New Registration - Registration Module Pages/Third Screen - Upload Supporting Doc- Preview/Preview Submit - Confirm' is clicked on

2018-12-07 12:52:12 - [MESSAGE][PASSED] - Object: 'Object Repository/Final Object Repo/New Registration - Registration Module Pages/Third Screen - Upload Supporting Doc- Preview/Preview Submit - Confirm' is clicked on

2018-12-07 12:52:12 - [TEST_STEP][PASSED] - delay: Delayed 15 second(s)

2018-12-07 12:52:27 - [MESSAGE][PASSED] - Delayed 15 second(s)

2018-12-07 12:52:27 - [TEST_STEP][PASSED] - Statement - driver = com.kms.katalon.core.webui.driver.DriverFactory.getWebDriver(): null

2018-12-07 12:52:27 - [TEST_STEP][PASSED] - Statement - driver.manage().timeouts().implicitlyWait(10, SECONDS): null

2018-12-07 12:52:27 - [TEST_STEP][PASSED] - Statement - PresavePath = KatalonScreenshots: null

2018-12-07 12:52:27 - [TEST_STEP][PASSED] - Statement - pathPrefix = "C:\Users\Public\Pictures\Sample Pictures\Katalon Screenshots\Automate Ending Screen": null

2018-12-07 12:52:27 - [TEST_STEP][PASSED] - Statement - finalPath = <not implemented yet for class: org.codehaus.groovy.ast.expr.EmptyExpression>: null

2018-12-07 12:52:27 - [TEST_STEP][PASSED] - Statement - scrFile = driver.getScreenshotAs(FILE): null

2018-12-07 12:52:27 - [TEST_STEP][PASSED] - Statement - PreSaveFile = new java.io.File(PresavePath): null

2018-12-07 12:52:27 - [TEST_STEP][PASSED] - Statement - counter = 0: null

2018-12-07 12:52:27 - [TEST_STEP][PASSED] - Statement - If (PreSaveFile.exists()): null

2018-12-07 12:52:27 - [TEST_STEP][PASSED] - Statement - While (PreSaveFile.exists()): null

2018-12-07 12:52:27 - [TEST_STEP][PASSED] - Statement - counter = counter + 1: null

2018-12-07 12:52:27 - [TEST_STEP][PASSED] - Statement - PreSaveFile = new java.io.File(((pathPrefix + java.lang.Integer.toString(counter)) + .png)): null

2018-12-07 12:52:27 - [TEST_STEP][PASSED] - Statement - counter = counter + 1: null

2018-12-07 12:52:27 - [TEST_STEP][PASSED] - Statement - PreSaveFile = new java.io.File(((pathPrefix + java.lang.Integer.toString(counter)) + .png)): null

2018-12-07 12:52:27 - [TEST_STEP][PASSED] - Statement - counter = counter + 1: null

2018-12-07 12:52:27 - [TEST_STEP][PASSED] - Statement - PreSaveFile = new java.io.File(((pathPrefix + java.lang.Integer.toString(counter)) + .png)): null

2018-12-07 12:52:27 - [TEST_STEP][PASSED] - Statement - counter = counter + 1: null

2018-12-07 12:52:27 - [TEST_STEP][PASSED] - Statement - PreSaveFile = new java.io.File(((pathPrefix + java.lang.Integer.toString(counter)) + .png)): null

2018-12-07 12:52:27 - [TEST_STEP][PASSED] - Statement - counter = counter + 1: null

2018-12-07 12:52:27 - [TEST_STEP][PASSED] - Statement - PreSaveFile = new java.io.File(((pathPrefix + java.lang.Integer.toString(counter)) + .png)): null

2018-12-07 12:52:27 - [TEST_STEP][PASSED] - Statement - counter = counter + 1: null

2018-12-07 12:52:27 - [TEST_STEP][PASSED] - Statement - PreSaveFile = new java.io.File(((pathPrefix + java.lang.Integer.toString(counter)) + .png)): null

2018-12-07 12:52:27 - [TEST_STEP][PASSED] - Statement - counter = counter + 1: null

2018-12-07 12:52:27 - [TEST_STEP][PASSED] - Statement - PreSaveFile = new java.io.File(((pathPrefix + java.lang.Integer.toString(counter)) + .png)): null

2018-12-07 12:52:27 - [TEST_STEP][PASSED] - Statement - counter = counter + 1: null

2018-12-07 12:52:27 - [TEST_STEP][PASSED] - Statement - PreSaveFile = new java.io.File(((pathPrefix + java.lang.Integer.toString(counter)) + .png)): null

2018-12-07 12:52:27 - [TEST_STEP][PASSED] - Statement - counter = counter + 1: null

2018-12-07 12:52:27 - [TEST_STEP][PASSED] - Statement - PreSaveFile = new java.io.File(((pathPrefix + java.lang.Integer.toString(counter)) + .png)): null

2018-12-07 12:52:27 - [TEST_STEP][PASSED] - Statement - counter = counter + 1: null

2018-12-07 12:52:27 - [TEST_STEP][PASSED] - Statement - PreSaveFile = new java.io.File(((pathPrefix + java.lang.Integer.toString(counter)) + .png)): null

2018-12-07 12:52:27 - [TEST_STEP][PASSED] - Statement - counter = counter + 1: null

2018-12-07 12:52:27 - [TEST_STEP][PASSED] - Statement - PreSaveFile = new java.io.File(((pathPrefix + java.lang.Integer.toString(counter)) + .png)): null

2018-12-07 12:52:27 - [TEST_STEP][PASSED] - Statement - counter = counter + 1: null

2018-12-07 12:52:27 - [TEST_STEP][PASSED] - Statement - PreSaveFile = new java.io.File(((pathPrefix + java.lang.Integer.toString(counter)) + .png)): null

2018-12-07 12:52:27 - [TEST_STEP][PASSED] - Statement - counter = counter + 1: null

2018-12-07 12:52:27 - [TEST_STEP][PASSED] - Statement - PreSaveFile = new java.io.File(((pathPrefix + java.lang.Integer.toString(counter)) + .png)): null

2018-12-07 12:52:27 - [TEST_STEP][PASSED] - Statement - counter = counter + 1: null

2018-12-07 12:52:27 - [TEST_STEP][PASSED] - Statement - PreSaveFile = new java.io.File(((pathPrefix + java.lang.Integer.toString(counter)) + .png)): null

2018-12-07 12:52:27 - [TEST_STEP][PASSED] - Statement - counter = counter + 1: null

2018-12-07 12:52:27 - [TEST_STEP][PASSED] - Statement - PreSaveFile = new java.io.File(((pathPrefix + java.lang.Integer.toString(counter)) + .png)): null

2018-12-07 12:52:27 - [TEST_STEP][PASSED] - Statement - counter = counter + 1: null

2018-12-07 12:52:27 - [TEST_STEP][PASSED] - Statement - PreSaveFile = new java.io.File(((pathPrefix + java.lang.Integer.toString(counter)) + .png)): null

2018-12-07 12:52:27 - [TEST_STEP][PASSED] - Statement - counter = counter + 1: null

2018-12-07 12:52:27 - [TEST_STEP][PASSED] - Statement - PreSaveFile = new java.io.File(((pathPrefix + java.lang.Integer.toString(counter)) + .png)): null

2018-12-07 12:52:27 - [TEST_STEP][PASSED] - Statement - counter = counter + 1: null

2018-12-07 12:52:27 - [TEST_STEP][PASSED] - Statement - PreSaveFile = new java.io.File(((pathPrefix + java.lang.Integer.toString(counter)) + .png)): null

2018-12-07 12:52:27 - [TEST_STEP][PASSED] - Statement - counter = counter + 1: null

2018-12-07 12:52:27 - [TEST_STEP][PASSED] - Statement - PreSaveFile = new java.io.File(((pathPrefix + java.lang.Integer.toString(counter)) + .png)): null

2018-12-07 12:52:27 - [TEST_STEP][PASSED] - Statement - counter = counter + 1: null

2018-12-07 12:52:28 - [TEST_STEP][PASSED] - Statement - PreSaveFile = new java.io.File(((pathPrefix + java.lang.Integer.toString(counter)) + .png)): null

2018-12-07 12:52:28 - [TEST_STEP][PASSED] - Statement - counter = counter + 1: null

2018-12-07 12:52:28 - [TEST_STEP][PASSED] - Statement - PreSaveFile = new java.io.File(((pathPrefix + java.lang.Integer.toString(counter)) + .png)): null

2018-12-07 12:52:28 - [TEST_STEP][PASSED] - Statement - counter = counter + 1: null

2018-12-07 12:52:28 - [TEST_STEP][PASSED] - Statement - PreSaveFile = new java.io.File(((pathPrefix + java.lang.Integer.toString(counter)) + .png)): null

2018-12-07 12:52:28 - [TEST_STEP][PASSED] - Statement - counter = counter + 1: null

2018-12-07 12:52:28 - [TEST_STEP][PASSED] - Statement - PreSaveFile = new java.io.File(((pathPrefix + java.lang.Integer.toString(counter)) + .png)): null

2018-12-07 12:52:28 - [TEST_STEP][PASSED] - Statement - counter = counter + 1: null

2018-12-07 12:52:28 - [TEST_STEP][PASSED] - Statement - PreSaveFile = new java.io.File(((pathPrefix + java.lang.Integer.toString(counter)) + .png)): null

2018-12-07 12:52:28 - [TEST_STEP][PASSED] - Statement - counter = counter + 1: null

2018-12-07 12:52:28 - [TEST_STEP][PASSED] - Statement - PreSaveFile = new java.io.File(((pathPrefix + java.lang.Integer.toString(counter)) + .png)): null

2018-12-07 12:52:28 - [TEST_STEP][PASSED] - Statement - counter = counter + 1: null

2018-12-07 12:52:28 - [TEST_STEP][PASSED] - Statement - PreSaveFile = new java.io.File(((pathPrefix + java.lang.Integer.toString(counter)) + .png)): null

2018-12-07 12:52:28 - [TEST_STEP][PASSED] - Statement - counter = counter + 1: null

2018-12-07 12:52:28 - [TEST_STEP][PASSED] - Statement - PreSaveFile = new java.io.File(((pathPrefix + java.lang.Integer.toString(counter)) + .png)): null

2018-12-07 12:52:28 - [TEST_STEP][PASSED] - Statement - counter = counter + 1: null

2018-12-07 12:52:28 - [TEST_STEP][PASSED] - Statement - PreSaveFile = new java.io.File(((pathPrefix + java.lang.Integer.toString(counter)) + .png)): null

2018-12-07 12:52:28 - [TEST_STEP][PASSED] - Statement - counter = counter + 1: null

2018-12-07 12:52:28 - [TEST_STEP][PASSED] - Statement - PreSaveFile = new java.io.File(((pathPrefix + java.lang.Integer.toString(counter)) + .png)): null

2018-12-07 12:52:28 - [TEST_STEP][PASSED] - Statement - counter = counter + 1: null

2018-12-07 12:52:28 - [TEST_STEP][PASSED] - Statement - PreSaveFile = new java.io.File(((pathPrefix + java.lang.Integer.toString(counter)) + .png)): null

2018-12-07 12:52:28 - [TEST_STEP][PASSED] - Statement - counter = counter + 1: null

2018-12-07 12:52:28 - [TEST_STEP][PASSED] - Statement - PreSaveFile = new java.io.File(((pathPrefix + java.lang.Integer.toString(counter)) + .png)): null

2018-12-07 12:52:28 - [TEST_STEP][PASSED] - Statement - counter = counter + 1: null

2018-12-07 12:52:28 - [TEST_STEP][PASSED] - Statement - PreSaveFile = new java.io.File(((pathPrefix + java.lang.Integer.toString(counter)) + .png)): null

2018-12-07 12:52:28 - [TEST_STEP][PASSED] - Statement - counter = counter + 1: null

2018-12-07 12:52:28 - [TEST_STEP][PASSED] - Statement - PreSaveFile = new java.io.File(((pathPrefix + java.lang.Integer.toString(counter)) + .png)): null

2018-12-07 12:52:28 - [TEST_STEP][PASSED] - Statement - counter = counter + 1: null

2018-12-07 12:52:28 - [TEST_STEP][PASSED] - Statement - PreSaveFile = new java.io.File(((pathPrefix + java.lang.Integer.toString(counter)) + .png)): null

2018-12-07 12:52:28 - [TEST_STEP][PASSED] - Statement - counter = counter + 1: null

2018-12-07 12:52:28 - [TEST_STEP][PASSED] - Statement - PreSaveFile = new java.io.File(((pathPrefix + java.lang.Integer.toString(counter)) + .png)): null

2018-12-07 12:52:28 - [TEST_STEP][PASSED] - Statement - counter = counter + 1: null

2018-12-07 12:52:28 - [TEST_STEP][PASSED] - Statement - PreSaveFile = new java.io.File(((pathPrefix + java.lang.Integer.toString(counter)) + .png)): null

2018-12-07 12:52:28 - [TEST_STEP][PASSED] - Statement - counter = counter + 1: null

2018-12-07 12:52:28 - [TEST_STEP][PASSED] - Statement - PreSaveFile = new java.io.File(((pathPrefix + java.lang.Integer.toString(counter)) + .png)): null

2018-12-07 12:52:28 - [TEST_STEP][PASSED] - Statement - counter = counter + 1: null

2018-12-07 12:52:28 - [TEST_STEP][PASSED] - Statement - PreSaveFile = new java.io.File(((pathPrefix + java.lang.Integer.toString(counter)) + .png)): null

2018-12-07 12:52:28 - [TEST_STEP][PASSED] - Statement - counter = counter + 1: null

2018-12-07 12:52:28 - [TEST_STEP][PASSED] - Statement - PreSaveFile = new java.io.File(((pathPrefix + java.lang.Integer.toString(counter)) + .png)): null

2018-12-07 12:52:28 - [TEST_STEP][PASSED] - Statement - counter = counter + 1: null

2018-12-07 12:52:28 - [TEST_STEP][PASSED] - Statement - PreSaveFile = new java.io.File(((pathPrefix + java.lang.Integer.toString(counter)) + .png)): null

2018-12-07 12:52:28 - [TEST_STEP][PASSED] - Statement - counter = counter + 1: null

2018-12-07 12:52:28 - [TEST_STEP][PASSED] - Statement - PreSaveFile = new java.io.File(((pathPrefix + java.lang.Integer.toString(counter)) + .png)): null

2018-12-07 12:52:28 - [TEST_STEP][PASSED] - Statement - counter = counter + 1: null

2018-12-07 12:52:28 - [TEST_STEP][PASSED] - Statement - PreSaveFile = new java.io.File(((pathPrefix + java.lang.Integer.toString(counter)) + .png)): null

2018-12-07 12:52:28 - [TEST_STEP][PASSED] - Statement - counter = counter + 1: null

2018-12-07 12:52:29 - [TEST_STEP][PASSED] - Statement - PreSaveFile = new java.io.File(((pathPrefix + java.lang.Integer.toString(counter)) + .png)): null

2018-12-07 12:52:29 - [TEST_STEP][PASSED] - Statement - counter = counter + 1: null

2018-12-07 12:52:29 - [TEST_STEP][PASSED] - Statement - PreSaveFile = new java.io.File(((pathPrefix + java.lang.Integer.toString(counter)) + .png)): null

2018-12-07 12:52:29 - [TEST_STEP][PASSED] - Statement - counter = counter + 1: null

2018-12-07 12:52:29 - [TEST_STEP][PASSED] - Statement - PreSaveFile = new java.io.File(((pathPrefix + java.lang.Integer.toString(counter)) + .png)): null

2018-12-07 12:52:29 - [TEST_STEP][PASSED] - Statement - counter = counter + 1: null

2018-12-07 12:52:29 - [TEST_STEP][PASSED] - Statement - PreSaveFile = new java.io.File(((pathPrefix + java.lang.Integer.toString(counter)) + .png)): null

2018-12-07 12:52:29 - [TEST_STEP][PASSED] - Statement - counter = counter + 1: null

2018-12-07 12:52:29 - [TEST_STEP][PASSED] - Statement - PreSaveFile = new java.io.File(((pathPrefix + java.lang.Integer.toString(counter)) + .png)): null

2018-12-07 12:52:29 - [TEST_STEP][PASSED] - Statement - counter = counter + 1: null

2018-12-07 12:52:29 - [TEST_STEP][PASSED] - Statement - PreSaveFile = new java.io.File(((pathPrefix + java.lang.Integer.toString(counter)) + .png)): null

2018-12-07 12:52:29 - [TEST_STEP][PASSED] - Statement - counter = counter + 1: null

2018-12-07 12:52:29 - [TEST_STEP][PASSED] - Statement - PreSaveFile = new java.io.File(((pathPrefix + java.lang.Integer.toString(counter)) + .png)): null

2018-12-07 12:52:29 - [TEST_STEP][PASSED] - Statement - counter = counter + 1: null

2018-12-07 12:52:29 - [TEST_STEP][PASSED] - Statement - PreSaveFile = new java.io.File(((pathPrefix + java.lang.Integer.toString(counter)) + .png)): null

2018-12-07 12:52:29 - [TEST_STEP][PASSED] - Statement - counter = counter + 1: null

2018-12-07 12:52:29 - [TEST_STEP][PASSED] - Statement - PreSaveFile = new java.io.File(((pathPrefix + java.lang.Integer.toString(counter)) + .png)): null

2018-12-07 12:52:29 - [TEST_STEP][PASSED] - Statement - counter = counter + 1: null

2018-12-07 12:52:29 - [TEST_STEP][PASSED] - Statement - PreSaveFile = new java.io.File(((pathPrefix + java.lang.Integer.toString(counter)) + .png)): null

2018-12-07 12:52:29 - [TEST_STEP][PASSED] - Statement - counter = counter + 1: null

2018-12-07 12:52:29 - [TEST_STEP][PASSED] - Statement - PreSaveFile = new java.io.File(((pathPrefix + java.lang.Integer.toString(counter)) + .png)): null

2018-12-07 12:52:29 - [TEST_STEP][PASSED] - Statement - counter = counter + 1: null

2018-12-07 12:52:29 - [TEST_STEP][PASSED] - Statement - PreSaveFile = new java.io.File(((pathPrefix + java.lang.Integer.toString(counter)) + .png)): null

2018-12-07 12:52:29 - [TEST_STEP][PASSED] - Statement - counter = counter + 1: null

2018-12-07 12:52:29 - [TEST_STEP][PASSED] - Statement - PreSaveFile = new java.io.File(((pathPrefix + java.lang.Integer.toString(counter)) + .png)): null

2018-12-07 12:52:29 - [TEST_STEP][PASSED] - Statement - counter = counter + 1: null

2018-12-07 12:52:29 - [TEST_STEP][PASSED] - Statement - PreSaveFile = new java.io.File(((pathPrefix + java.lang.Integer.toString(counter)) + .png)): null

2018-12-07 12:52:29 - [TEST_STEP][PASSED] - Statement - counter = counter + 1: null

2018-12-07 12:52:29 - [TEST_STEP][PASSED] - Statement - PreSaveFile = new java.io.File(((pathPrefix + java.lang.Integer.toString(counter)) + .png)): null

2018-12-07 12:52:30 - [TEST_STEP][PASSED] - Statement - counter = counter + 1: null

2018-12-07 12:52:30 - [TEST_STEP][PASSED] - Statement - PreSaveFile = new java.io.File(((pathPrefix + java.lang.Integer.toString(counter)) + .png)): null

2018-12-07 12:52:30 - [TEST_STEP][PASSED] - Statement - counter = counter + 1: null

2018-12-07 12:52:30 - [TEST_STEP][PASSED] - Statement - PreSaveFile = new java.io.File(((pathPrefix + java.lang.Integer.toString(counter)) + .png)): null

2018-12-07 12:52:30 - [TEST_STEP][PASSED] - Statement - counter = counter + 1: null

2018-12-07 12:52:30 - [TEST_STEP][PASSED] - Statement - PreSaveFile = new java.io.File(((pathPrefix + java.lang.Integer.toString(counter)) + .png)): null

2018-12-07 12:52:30 - [TEST_STEP][PASSED] - Statement - counter = counter + 1: null

2018-12-07 12:52:30 - [TEST_STEP][PASSED] - Statement - PreSaveFile = new java.io.File(((pathPrefix + java.lang.Integer.toString(counter)) + .png)): null

2018-12-07 12:52:30 - [TEST_STEP][PASSED] - Statement - counter = counter + 1: null

2018-12-07 12:52:30 - [TEST_STEP][PASSED] - Statement - PreSaveFile = new java.io.File(((pathPrefix + java.lang.Integer.toString(counter)) + .png)): null

2018-12-07 12:52:30 - [TEST_STEP][PASSED] - Statement - counter = counter + 1: null

2018-12-07 12:52:30 - [TEST_STEP][PASSED] - Statement - PreSaveFile = new java.io.File(((pathPrefix + java.lang.Integer.toString(counter)) + .png)): null

2018-12-07 12:52:30 - [TEST_STEP][PASSED] - Statement - counter = counter + 1: null

2018-12-07 12:52:30 - [TEST_STEP][PASSED] - Statement - PreSaveFile = new java.io.File(((pathPrefix + java.lang.Integer.toString(counter)) + .png)): null

2018-12-07 12:52:30 - [TEST_STEP][PASSED] - Statement - counter = counter + 1: null

2018-12-07 12:52:30 - [TEST_STEP][PASSED] - Statement - PreSaveFile = new java.io.File(((pathPrefix + java.lang.Integer.toString(counter)) + .png)): null

2018-12-07 12:52:30 - [TEST_STEP][PASSED] - Statement - counter = counter + 1: null

2018-12-07 12:52:30 - [TEST_STEP][PASSED] - Statement - PreSaveFile = new java.io.File(((pathPrefix + java.lang.Integer.toString(counter)) + .png)): null

2018-12-07 12:52:30 - [TEST_STEP][PASSED] - Statement - counter = counter + 1: null

2018-12-07 12:52:30 - [TEST_STEP][PASSED] - Statement - PreSaveFile = new java.io.File(((pathPrefix + java.lang.Integer.toString(counter)) + .png)): null

2018-12-07 12:52:30 - [TEST_STEP][PASSED] - Statement - counter = counter + 1: null

2018-12-07 12:52:30 - [TEST_STEP][PASSED] - Statement - PreSaveFile = new java.io.File(((pathPrefix + java.lang.Integer.toString(counter)) + .png)): null

2018-12-07 12:52:30 - [TEST_STEP][PASSED] - Statement - counter = counter + 1: null

2018-12-07 12:52:30 - [TEST_STEP][PASSED] - Statement - PreSaveFile = new java.io.File(((pathPrefix + java.lang.Integer.toString(counter)) + .png)): null

2018-12-07 12:52:30 - [TEST_STEP][PASSED] - Statement - counter = counter + 1: null

2018-12-07 12:52:30 - [TEST_STEP][PASSED] - Statement - PreSaveFile = new java.io.File(((pathPrefix + java.lang.Integer.toString(counter)) + .png)): null

2018-12-07 12:52:30 - [TEST_STEP][PASSED] - Statement - counter = counter + 1: null

2018-12-07 12:52:30 - [TEST_STEP][PASSED] - Statement - PreSaveFile = new java.io.File(((pathPrefix + java.lang.Integer.toString(counter)) + .png)): null

2018-12-07 12:52:30 - [TEST_STEP][PASSED] - Statement - counter = counter + 1: null

2018-12-07 12:52:31 - [TEST_STEP][PASSED] - Statement - PreSaveFile = new java.io.File(((pathPrefix + java.lang.Integer.toString(counter)) + .png)): null

2018-12-07 12:52:31 - [TEST_STEP][PASSED] - Statement - counter = counter + 1: null

2018-12-07 12:52:31 - [TEST_STEP][PASSED] - Statement - PreSaveFile = new java.io.File(((pathPrefix + java.lang.Integer.toString(counter)) + .png)): null

2018-12-07 12:52:31 - [TEST_STEP][PASSED] - Statement - counter = counter + 1: null

2018-12-07 12:52:31 - [TEST_STEP][PASSED] - Statement - PreSaveFile = new java.io.File(((pathPrefix + java.lang.Integer.toString(counter)) + .png)): null

2018-12-07 12:52:31 - [TEST_STEP][PASSED] - Statement - counter = counter + 1: null

2018-12-07 12:52:31 - [TEST_STEP][PASSED] - Statement - PreSaveFile = new java.io.File(((pathPrefix + java.lang.Integer.toString(counter)) + .png)): null

2018-12-07 12:52:31 - [TEST_STEP][PASSED] - Statement - counter = counter + 1: null

2018-12-07 12:52:31 - [TEST_STEP][PASSED] - Statement - PreSaveFile = new java.io.File(((pathPrefix + java.lang.Integer.toString(counter)) + .png)): null

2018-12-07 12:52:31 - [TEST_STEP][PASSED] - Statement - counter = counter + 1: null

2018-12-07 12:52:31 - [TEST_STEP][PASSED] - Statement - PreSaveFile = new java.io.File(((pathPrefix + java.lang.Integer.toString(counter)) + .png)): null

2018-12-07 12:52:31 - [TEST_STEP][PASSED] - Statement - counter = counter + 1: null

2018-12-07 12:52:31 - [TEST_STEP][PASSED] - Statement - PreSaveFile = new java.io.File(((pathPrefix + java.lang.Integer.toString(counter)) + .png)): null

2018-12-07 12:52:31 - [TEST_STEP][PASSED] - Statement - counter = counter + 1: null

2018-12-07 12:52:31 - [TEST_STEP][PASSED] - Statement - PreSaveFile = new java.io.File(((pathPrefix + java.lang.Integer.toString(counter)) + .png)): null

2018-12-07 12:52:31 - [TEST_STEP][PASSED] - Statement - counter = counter + 1: null

2018-12-07 12:52:31 - [TEST_STEP][PASSED] - Statement - PreSaveFile = new java.io.File(((pathPrefix + java.lang.Integer.toString(counter)) + .png)): null

2018-12-07 12:52:31 - [TEST_STEP][PASSED] - Statement - counter = counter + 1: null

2018-12-07 12:52:31 - [TEST_STEP][PASSED] - Statement - PreSaveFile = new java.io.File(((pathPrefix + java.lang.Integer.toString(counter)) + .png)): null

2018-12-07 12:52:31 - [TEST_STEP][PASSED] - Statement - counter = counter + 1: null

2018-12-07 12:52:31 - [TEST_STEP][PASSED] - Statement - PreSaveFile = new java.io.File(((pathPrefix + java.lang.Integer.toString(counter)) + .png)): null

2018-12-07 12:52:31 - [TEST_STEP][PASSED] - Statement - counter = counter + 1: null

2018-12-07 12:52:31 - [TEST_STEP][PASSED] - Statement - PreSaveFile = new java.io.File(((pathPrefix + java.lang.Integer.toString(counter)) + .png)): null

2018-12-07 12:52:31 - [TEST_STEP][PASSED] - Statement - counter = counter + 1: null

2018-12-07 12:52:31 - [TEST_STEP][PASSED] - Statement - PreSaveFile = new java.io.File(((pathPrefix + java.lang.Integer.toString(counter)) + .png)): null

2018-12-07 12:52:31 - [TEST_STEP][PASSED] - Statement - counter = counter + 1: null

2018-12-07 12:52:31 - [TEST_STEP][PASSED] - Statement - PreSaveFile = new java.io.File(((pathPrefix + java.lang.Integer.toString(counter)) + .png)): null

2018-12-07 12:52:31 - [TEST_STEP][PASSED] - Statement - counter = counter + 1: null

2018-12-07 12:52:32 - [TEST_STEP][PASSED] - Statement - PreSaveFile = new java.io.File(((pathPrefix + java.lang.Integer.toString(counter)) + .png)): null

2018-12-07 12:52:32 - [TEST_STEP][PASSED] - Statement - counter = counter + 1: null

2018-12-07 12:52:32 - [TEST_STEP][PASSED] - Statement - PreSaveFile = new java.io.File(((pathPrefix + java.lang.Integer.toString(counter)) + .png)): null

2018-12-07 12:52:32 - [TEST_STEP][PASSED] - Statement - counter = counter + 1: null

2018-12-07 12:52:32 - [TEST_STEP][PASSED] - Statement - PreSaveFile = new java.io.File(((pathPrefix + java.lang.Integer.toString(counter)) + .png)): null

2018-12-07 12:52:32 - [TEST_STEP][PASSED] - Statement - counter = counter + 1: null

2018-12-07 12:52:32 - [TEST_STEP][PASSED] - Statement - PreSaveFile = new java.io.File(((pathPrefix + java.lang.Integer.toString(counter)) + .png)): null

2018-12-07 12:52:32 - [TEST_STEP][PASSED] - Statement - counter = counter + 1: null

2018-12-07 12:52:32 - [TEST_STEP][PASSED] - Statement - PreSaveFile = new java.io.File(((pathPrefix + java.lang.Integer.toString(counter)) + .png)): null

2018-12-07 12:52:32 - [TEST_STEP][PASSED] - Statement - counter = counter + 1: null

2018-12-07 12:52:32 - [TEST_STEP][PASSED] - Statement - PreSaveFile = new java.io.File(((pathPrefix + java.lang.Integer.toString(counter)) + .png)): null

2018-12-07 12:52:32 - [TEST_STEP][PASSED] - Statement - counter = counter + 1: null

2018-12-07 12:52:32 - [TEST_STEP][PASSED] - Statement - PreSaveFile = new java.io.File(((pathPrefix + java.lang.Integer.toString(counter)) + .png)): null

2018-12-07 12:52:32 - [TEST_STEP][PASSED] - Statement - counter = counter + 1: null

2018-12-07 12:52:32 - [TEST_STEP][PASSED] - Statement - PreSaveFile = new java.io.File(((pathPrefix + java.lang.Integer.toString(counter)) + .png)): null

2018-12-07 12:52:32 - [TEST_STEP][PASSED] - Statement - counter = counter + 1: null

2018-12-07 12:52:32 - [TEST_STEP][PASSED] - Statement - PreSaveFile = new java.io.File(((pathPrefix + java.lang.Integer.toString(counter)) + .png)): null

2018-12-07 12:52:32 - [TEST_STEP][PASSED] - Statement - counter = counter + 1: null

2018-12-07 12:52:32 - [TEST_STEP][PASSED] - Statement - PreSaveFile = new java.io.File(((pathPrefix + java.lang.Integer.toString(counter)) + .png)): null

2018-12-07 12:52:32 - [TEST_STEP][PASSED] - Statement - counter = counter + 1: null

2018-12-07 12:52:32 - [TEST_STEP][PASSED] - Statement - PreSaveFile = new java.io.File(((pathPrefix + java.lang.Integer.toString(counter)) + .png)): null

2018-12-07 12:52:32 - [TEST_STEP][PASSED] - Statement - counter = counter + 1: null

2018-12-07 12:52:32 - [TEST_STEP][PASSED] - Statement - PreSaveFile = new java.io.File(((pathPrefix + java.lang.Integer.toString(counter)) + .png)): null

2018-12-07 12:52:32 - [TEST_STEP][PASSED] - Statement - counter = counter + 1: null

2018-12-07 12:52:32 - [TEST_STEP][PASSED] - Statement - PreSaveFile = new java.io.File(((pathPrefix + java.lang.Integer.toString(counter)) + .png)): null

2018-12-07 12:52:32 - [TEST_STEP][PASSED] - Statement - counter = counter + 1: null

2018-12-07 12:52:32 - [TEST_STEP][PASSED] - Statement - PreSaveFile = new java.io.File(((pathPrefix + java.lang.Integer.toString(counter)) + .png)): null

2018-12-07 12:52:32 - [TEST_STEP][PASSED] - Statement - counter = counter + 1: null

2018-12-07 12:52:32 - [TEST_STEP][PASSED] - Statement - PreSaveFile = new java.io.File(((pathPrefix + java.lang.Integer.toString(counter)) + .png)): null

2018-12-07 12:52:33 - [TEST_STEP][PASSED] - Statement - counter = counter + 1: null

2018-12-07 12:52:33 - [TEST_STEP][PASSED] - Statement - PreSaveFile = new java.io.File(((pathPrefix + java.lang.Integer.toString(counter)) + .png)): null

2018-12-07 12:52:33 - [TEST_STEP][PASSED] - Statement - counter = counter + 1: null

2018-12-07 12:52:33 - [TEST_STEP][PASSED] - Statement - PreSaveFile = new java.io.File(((pathPrefix + java.lang.Integer.toString(counter)) + .png)): null

2018-12-07 12:52:33 - [TEST_STEP][PASSED] - Statement - counter = counter + 1: null

2018-12-07 12:52:33 - [TEST_STEP][PASSED] - Statement - PreSaveFile = new java.io.File(((pathPrefix + java.lang.Integer.toString(counter)) + .png)): null

2018-12-07 12:52:33 - [TEST_STEP][PASSED] - Statement - counter = counter + 1: null

2018-12-07 12:52:33 - [TEST_STEP][PASSED] - Statement - PreSaveFile = new java.io.File(((pathPrefix + java.lang.Integer.toString(counter)) + .png)): null

2018-12-07 12:52:33 - [TEST_STEP][PASSED] - Statement - counter = counter + 1: null

2018-12-07 12:52:33 - [TEST_STEP][PASSED] - Statement - PreSaveFile = new java.io.File(((pathPrefix + java.lang.Integer.toString(counter)) + .png)): null

2018-12-07 12:52:33 - [TEST_STEP][PASSED] - Statement - counter = counter + 1: null

2018-12-07 12:52:33 - [TEST_STEP][PASSED] - Statement - PreSaveFile = new java.io.File(((pathPrefix + java.lang.Integer.toString(counter)) + .png)): null

2018-12-07 12:52:33 - [TEST_STEP][PASSED] - Statement - counter = counter + 1: null

2018-12-07 12:52:33 - [TEST_STEP][PASSED] - Statement - PreSaveFile = new java.io.File(((pathPrefix + java.lang.Integer.toString(counter)) + .png)): null

2018-12-07 12:52:33 - [TEST_STEP][PASSED] - Statement - counter = counter + 1: null

2018-12-07 12:52:33 - [TEST_STEP][PASSED] - Statement - PreSaveFile = new java.io.File(((pathPrefix + java.lang.Integer.toString(counter)) + .png)): null

2018-12-07 12:52:33 - [TEST_STEP][PASSED] - Statement - counter = counter + 1: null

2018-12-07 12:52:33 - [TEST_STEP][PASSED] - Statement - PreSaveFile = new java.io.File(((pathPrefix + java.lang.Integer.toString(counter)) + .png)): null

2018-12-07 12:52:33 - [TEST_STEP][PASSED] - Statement - counter = counter + 1: null

2018-12-07 12:52:33 - [TEST_STEP][PASSED] - Statement - PreSaveFile = new java.io.File(((pathPrefix + java.lang.Integer.toString(counter)) + .png)): null

2018-12-07 12:52:33 - [TEST_STEP][PASSED] - Statement - counter = counter + 1: null

2018-12-07 12:52:33 - [TEST_STEP][PASSED] - Statement - PreSaveFile = new java.io.File(((pathPrefix + java.lang.Integer.toString(counter)) + .png)): null

2018-12-07 12:52:33 - [TEST_STEP][PASSED] - Statement - counter = counter + 1: null

2018-12-07 12:52:33 - [TEST_STEP][PASSED] - Statement - PreSaveFile = new java.io.File(((pathPrefix + java.lang.Integer.toString(counter)) + .png)): null

2018-12-07 12:52:33 - [TEST_STEP][PASSED] - Statement - counter = counter + 1: null

2018-12-07 12:52:33 - [TEST_STEP][PASSED] - Statement - PreSaveFile = new java.io.File(((pathPrefix + java.lang.Integer.toString(counter)) + .png)): null

2018-12-07 12:52:33 - [TEST_STEP][PASSED] - Statement - counter = counter + 1: null

2018-12-07 12:52:33 - [TEST_STEP][PASSED] - Statement - PreSaveFile = new java.io.File(((pathPrefix + java.lang.Integer.toString(counter)) + .png)): null

2018-12-07 12:52:33 - [TEST_STEP][PASSED] - Statement - counter = counter + 1: null

2018-12-07 12:52:33 - [TEST_STEP][PASSED] - Statement - PreSaveFile = new java.io.File(((pathPrefix + java.lang.Integer.toString(counter)) + .png)): null

2018-12-07 12:52:33 - [TEST_STEP][PASSED] - Statement - counter = counter + 1: null

2018-12-07 12:52:33 - [TEST_STEP][PASSED] - Statement - PreSaveFile = new java.io.File(((pathPrefix + java.lang.Integer.toString(counter)) + .png)): null

2018-12-07 12:52:33 - [TEST_STEP][PASSED] - Statement - counter = counter + 1: null

2018-12-07 12:52:33 - [TEST_STEP][PASSED] - Statement - PreSaveFile = new java.io.File(((pathPrefix + java.lang.Integer.toString(counter)) + .png)): null

2018-12-07 12:52:33 - [TEST_STEP][PASSED] - Statement - counter = counter + 1: null

2018-12-07 12:52:33 - [TEST_STEP][PASSED] - Statement - PreSaveFile = new java.io.File(((pathPrefix + java.lang.Integer.toString(counter)) + .png)): null

2018-12-07 12:52:33 - [TEST_STEP][PASSED] - Statement - counter = counter + 1: null

2018-12-07 12:52:33 - [TEST_STEP][PASSED] - Statement - PreSaveFile = new java.io.File(((pathPrefix + java.lang.Integer.toString(counter)) + .png)): null

2018-12-07 12:52:34 - [TEST_STEP][PASSED] - Statement - counter = counter + 1: null

2018-12-07 12:52:34 - [TEST_STEP][PASSED] - Statement - PreSaveFile = new java.io.File(((pathPrefix + java.lang.Integer.toString(counter)) + .png)): null

2018-12-07 12:52:34 - [TEST_STEP][PASSED] - Statement - counter = counter + 1: null

2018-12-07 12:52:34 - [TEST_STEP][PASSED] - Statement - PreSaveFile = new java.io.File(((pathPrefix + java.lang.Integer.toString(counter)) + .png)): null

2018-12-07 12:52:34 - [TEST_STEP][PASSED] - Statement - counter = counter + 1: null

2018-12-07 12:52:34 - [TEST_STEP][PASSED] - Statement - PreSaveFile = new java.io.File(((pathPrefix + java.lang.Integer.toString(counter)) + .png)): null

2018-12-07 12:52:34 - [TEST_STEP][PASSED] - Statement - counter = counter + 1: null

2018-12-07 12:52:34 - [TEST_STEP][PASSED] - Statement - PreSaveFile = new java.io.File(((pathPrefix + java.lang.Integer.toString(counter)) + .png)): null

2018-12-07 12:52:34 - [TEST_STEP][PASSED] - Statement - counter = counter + 1: null

2018-12-07 12:52:34 - [TEST_STEP][PASSED] - Statement - PreSaveFile = new java.io.File(((pathPrefix + java.lang.Integer.toString(counter)) + .png)): null

2018-12-07 12:52:34 - [TEST_STEP][PASSED] - Statement - counter = counter + 1: null

2018-12-07 12:52:34 - [TEST_STEP][PASSED] - Statement - PreSaveFile = new java.io.File(((pathPrefix + java.lang.Integer.toString(counter)) + .png)): null

2018-12-07 12:52:34 - [TEST_STEP][PASSED] - Statement - counter = counter + 1: null

2018-12-07 12:52:34 - [TEST_STEP][PASSED] - Statement - PreSaveFile = new java.io.File(((pathPrefix + java.lang.Integer.toString(counter)) + .png)): null

2018-12-07 12:52:34 - [TEST_STEP][PASSED] - Statement - counter = counter + 1: null

2018-12-07 12:52:34 - [TEST_STEP][PASSED] - Statement - PreSaveFile = new java.io.File(((pathPrefix + java.lang.Integer.toString(counter)) + .png)): null

2018-12-07 12:52:34 - [TEST_STEP][PASSED] - Statement - counter = counter + 1: null

2018-12-07 12:52:34 - [TEST_STEP][PASSED] - Statement - PreSaveFile = new java.io.File(((pathPrefix + java.lang.Integer.toString(counter)) + .png)): null

2018-12-07 12:52:34 - [TEST_STEP][PASSED] - Statement - counter = counter + 1: null

2018-12-07 12:52:34 - [TEST_STEP][PASSED] - Statement - PreSaveFile = new java.io.File(((pathPrefix + java.lang.Integer.toString(counter)) + .png)): null

2018-12-07 12:52:34 - [TEST_STEP][PASSED] - Statement - counter = counter + 1: null

2018-12-07 12:52:34 - [TEST_STEP][PASSED] - Statement - PreSaveFile = new java.io.File(((pathPrefix + java.lang.Integer.toString(counter)) + .png)): null

2018-12-07 12:52:34 - [TEST_STEP][PASSED] - Statement - counter = counter + 1: null

2018-12-07 12:52:34 - [TEST_STEP][PASSED] - Statement - PreSaveFile = new java.io.File(((pathPrefix + java.lang.Integer.toString(counter)) + .png)): null

2018-12-07 12:52:34 - [TEST_STEP][PASSED] - Statement - counter = counter + 1: null

2018-12-07 12:52:34 - [TEST_STEP][PASSED] - Statement - PreSaveFile = new java.io.File(((pathPrefix + java.lang.Integer.toString(counter)) + .png)): null

2018-12-07 12:52:34 - [TEST_STEP][PASSED] - Statement - counter = counter + 1: null

2018-12-07 12:52:34 - [TEST_STEP][PASSED] - Statement - PreSaveFile = new java.io.File(((pathPrefix + java.lang.Integer.toString(counter)) + .png)): null

2018-12-07 12:52:34 - [TEST_STEP][PASSED] - Statement - counter = counter + 1: null

2018-12-07 12:52:35 - [TEST_STEP][PASSED] - Statement - PreSaveFile = new java.io.File(((pathPrefix + java.lang.Integer.toString(counter)) + .png)): null

2018-12-07 12:52:35 - [TEST_STEP][PASSED] - Statement - counter = counter + 1: null

2018-12-07 12:52:35 - [TEST_STEP][PASSED] - Statement - PreSaveFile = new java.io.File(((pathPrefix + java.lang.Integer.toString(counter)) + .png)): null

2018-12-07 12:52:35 - [TEST_STEP][PASSED] - Statement - counter = counter + 1: null

2018-12-07 12:52:35 - [TEST_STEP][PASSED] - Statement - PreSaveFile = new java.io.File(((pathPrefix + java.lang.Integer.toString(counter)) + .png)): null

2018-12-07 12:52:35 - [TEST_STEP][PASSED] - Statement - counter = counter + 1: null

2018-12-07 12:52:35 - [TEST_STEP][PASSED] - Statement - PreSaveFile = new java.io.File(((pathPrefix + java.lang.Integer.toString(counter)) + .png)): null

2018-12-07 12:52:35 - [TEST_STEP][PASSED] - Statement - counter = counter + 1: null

2018-12-07 12:52:35 - [TEST_STEP][PASSED] - Statement - PreSaveFile = new java.io.File(((pathPrefix + java.lang.Integer.toString(counter)) + .png)): null

2018-12-07 12:52:35 - [TEST_STEP][PASSED] - Statement - counter = counter + 1: null

2018-12-07 12:52:35 - [TEST_STEP][PASSED] - Statement - PreSaveFile = new java.io.File(((pathPrefix + java.lang.Integer.toString(counter)) + .png)): null

2018-12-07 12:52:35 - [TEST_STEP][PASSED] - Statement - counter = counter + 1: null

2018-12-07 12:52:35 - [TEST_STEP][PASSED] - Statement - PreSaveFile = new java.io.File(((pathPrefix + java.lang.Integer.toString(counter)) + .png)): null

2018-12-07 12:52:35 - [TEST_STEP][PASSED] - Statement - finalPath = pathPrefix + java.lang.Integer.toString(counter) + ".png": null

2018-12-07 12:52:35 - [TEST_STEP][PASSED] - Statement - SaveFile = new java.io.File(finalPath): null

2018-12-07 12:52:35 - [TEST_STEP][PASSED] - Statement - Try: null

2018-12-07 12:52:35 - [TEST_STEP][PASSED] - Statement - org.apache.commons.io.FileUtils.copyFile(scrFile, SaveFile): null

2018-12-07 12:52:35 - [TEST_STEP][PASSED] - Statement - out.println("file kept"): null

2018-12-07 12:52:35 - [TEST_STEP][PASSED] - delay: Delayed 10 second(s)

2018-12-07 12:52:45 - [MESSAGE][PASSED] - Delayed 10 second(s)

2018-12-07 12:52:45 - [MESSAGE][PASSED] - Call Test Case 'Test Cases/Final Aug 2018 - PKS Automation/Registration Module/New Registration/Submit and Screenshot/Submit Registration and Screenshot - Copy' successfully

2018-12-07 12:52:45 - [TEST_STEP][PASSED] - Statement - UpdateAddNewECode = com.kms.katalon.core.webui.keyword.WebUiBuiltInKeywords.getText(com.kms.katalon.core.testobject.ObjectRepository.findTestObject(Object Repository/Final Object Repo/Page_Update Add New Employee - ASSIST/getEmpCode)): Text of object 'Object Repository/Final Object Repo/Page_Update Add New Employee - ASSIST/getEmpCode' is: 'E1102070675Z'

2018-12-07 12:52:45 - [MESSAGE][PASSED] - Text of object 'Object Repository/Final Object Repo/Page_Update Add New Employee - ASSIST/getEmpCode' is: 'E1102070675Z'

2018-12-07 12:52:45 - [TEST_STEP][PASSED] - callTestCase: Call Test Case 'Test Cases/Final Aug 2018 - PKS Automation/Common/Emp Code Setter' successfully

2018-12-07 12:52:46 - [TEST_CASE][PASSED] - Test Cases/Final Aug 2018 - PKS Automation/Common/Emp Code Setter: Test Cases/Final Aug 2018 - PKS Automation/Common/Emp Code Setter

2018-12-07 12:52:46 - [TEST_STEP][PASSED] - Statement - EmpCodeOld = new java.io.File(C://Users//Admin//Desktop//PKS//Automation Reference Point//EmpCode.txt): null

2018-12-07 12:52:46 - [TEST_STEP][PASSED] - Statement - EmpCodeOld.delete(): null

2018-12-07 12:52:46 - [TEST_STEP][PASSED] - Statement - EmpCode = new java.io.File(C://Users//Admin//Desktop//PKS//Automation Reference Point//EmpCode.txt): null

2018-12-07 12:52:46 - [TEST_STEP][PASSED] - Statement - f2 = new java.io.FileWriter(EmpCode, false): null

2018-12-07 12:52:46 - [TEST_STEP][PASSED] - Statement - f2.write(UpdateAddNewECode): null

2018-12-07 12:52:46 - [TEST_STEP][PASSED] - Statement - f2.close(): null

2018-12-07 12:52:46 - [TEST_STEP][PASSED] - Statement - out.println("


" + UpdateAddNewECode + "


"): null

2018-12-07 12:52:46 - [MESSAGE][PASSED] - Call Test Case 'Test Cases/Final Aug 2018 - PKS Automation/Common/Emp Code Setter' successfully

2018-12-07 12:52:46 - [MESSAGE][PASSED] - Call Test Case 'Test Cases/Final Aug 2018 - PKS Automation/Registration Module/Workflow/Update Add New Employee/Template/New Company for Update Add New' successfully

2018-12-07 12:52:46 - [TEST_STEP][PASSED] - callTestCase: Call Test Case 'Test Cases/Final Aug 2018 - PKS Automation/Registration Module/Log Out/log out avoiding katalon tagging' successfully

2018-12-07 12:52:46 - [TEST_CASE][PASSED] - Test Cases/Final Aug 2018 - PKS Automation/Registration Module/Log Out/log out avoiding katalon tagging: Test Cases/Final Aug 2018 - PKS Automation/Registration Module/Log Out/log out avoiding katalon tagging

2018-12-07 12:52:46 - [TEST_STEP][PASSED] - navigateToUrl: Navigate to 'https://assist2-uat.perkeso.gov.my/c/portal/logout' successfully

2018-12-07 12:52:47 - [MESSAGE][PASSED] - Navigate to 'https://assist2-uat.perkeso.gov.my/c/portal/logout' successfully

2018-12-07 12:52:47 - [MESSAGE][PASSED] - Call Test Case 'Test Cases/Final Aug 2018 - PKS Automation/Registration Module/Log Out/log out avoiding katalon tagging' successfully

2018-12-07 12:52:47 - [TEST_STEP][PASSED] - callTestCase: Call Test Case 'Test Cases/Final Aug 2018 - PKS Automation/Registration Module/New Registration/Form 2/Date Updater' successfully

2018-12-07 12:52:47 - [TEST_CASE][PASSED] - Test Cases/Final Aug 2018 - PKS Automation/Registration Module/New Registration/Form 2/Date Updater: Test Cases/Final Aug 2018 - PKS Automation/Registration Module/New Registration/Form 2/Date Updater

2018-12-07 12:52:47 - [TEST_STEP][PASSED] - Statement - TodayDate = new java.util.Date(): null

2018-12-07 12:52:47 - [TEST_STEP][PASSED] - Statement - CurrentDateNoFilter = new java.text.SimpleDateFormat(): null

2018-12-07 12:52:47 - [TEST_STEP][PASSED] - Statement - CurrentDateNoFilter.applyPattern("MM"): null

2018-12-07 12:52:47 - [TEST_STEP][PASSED] - Statement - monthContainerMatcher = java.lang.Integer.parseInt(CurrentDateNoFilter.format(TodayDate)): null

2018-12-07 12:52:47 - [TEST_STEP][PASSED] - Statement - monthContainerMatcher = monthContainerMatcher - 1: null

2018-12-07 12:52:47 - [TEST_STEP][PASSED] - Statement - CurrentMonth = monthContainerMatcher.toString(): null

2018-12-07 12:52:47 - [TEST_STEP][PASSED] - Statement - CurrentMonth = CurrentMonth: null

2018-12-07 12:52:47 - [TEST_STEP][PASSED] - Statement - CurrentDateNoFilter.applyPattern("yyyy"): null

2018-12-07 12:52:47 - [TEST_STEP][PASSED] - Statement - CurrentYear = CurrentDateNoFilter.format(TodayDate): null

2018-12-07 12:52:47 - [TEST_STEP][PASSED] - Statement - CurrentYear = CurrentYear: null

2018-12-07 12:52:47 - [TEST_STEP][PASSED] - Statement - intCurrentYear = java.lang.Integer.parseInt(CurrentDateNoFilter.format(TodayDate)): null

2018-12-07 12:52:47 - [TEST_STEP][PASSED] - Statement - eighteenYrsAgo = intCurrentYear - 18: null

2018-12-07 12:52:47 - [TEST_STEP][PASSED] - Statement - eighteenYrsBeforeThisYr = eighteenYrsAgo.toString(): null

2018-12-07 12:52:47 - [TEST_STEP][PASSED] - Statement - EighteenYrsBefore = eighteenYrsBeforeThisYr: null

2018-12-07 12:52:47 - [TEST_STEP][PASSED] - Statement - fiftysevenYrsAgo = intCurrentYear - 57: null

2018-12-07 12:52:47 - [TEST_STEP][PASSED] - Statement - fiftysevenYrsBeforeThisYr = fiftysevenYrsAgo.toString(): null

2018-12-07 12:52:47 - [TEST_STEP][PASSED] - Statement - FiftysevenYrsBefore = fiftysevenYrsBeforeThisYr: null

2018-12-07 12:52:47 - [TEST_STEP][PASSED] - Statement - leapYear = false: null

2018-12-07 12:52:47 - [TEST_STEP][PASSED] - Statement - leapYear = intCurrentYear % 4 == 0: null

2018-12-07 12:52:47 - [TEST_STEP][PASSED] - Statement - CurrentDateNoFilter.applyPattern("dd"): null

2018-12-07 12:52:47 - [TEST_STEP][PASSED] - Statement - CurrentDate = CurrentDateNoFilter.format(TodayDate): null

2018-12-07 12:52:47 - [TEST_STEP][PASSED] - Statement - CurrentDate = java.lang.Integer.parseInt(CurrentDate): null

2018-12-07 12:52:47 - [TEST_STEP][PASSED] - Statement - CurrentDate = CurrentDate: null

2018-12-07 12:52:47 - [TEST_STEP][PASSED] - Statement - CurrentDay = java.lang.Integer.parseInt(CurrentDate): null

2018-12-07 12:52:47 - [TEST_STEP][PASSED] - Statement - ConfAdder = <not implemented yet for class: org.codehaus.groovy.ast.expr.EmptyExpression>: null

2018-12-07 12:52:47 - [TEST_STEP][PASSED] - Statement - out.println(CurrentMonth): null

2018-12-07 12:52:47 - [TEST_STEP][PASSED] - Statement - out.println(CurrentDate): null

2018-12-07 12:52:47 - [TEST_STEP][PASSED] - Statement - switch (CurrentDate): null

2018-12-07 12:52:47 - [TEST_STEP][PASSED] - Statement - Default: null

2018-12-07 12:52:47 - [TEST_STEP][PASSED] - Statement - ConfAdder = true: null

2018-12-07 12:52:47 - [TEST_STEP][PASSED] - Statement - Break: null

2018-12-07 12:52:47 - [TEST_STEP][PASSED] - Statement - aDayBefore = <not implemented yet for class: org.codehaus.groovy.ast.expr.EmptyExpression>: null

2018-12-07 12:52:47 - [TEST_STEP][PASSED] - Statement - out.println(ConfAdder): null

2018-12-07 12:52:47 - [TEST_STEP][PASSED] - Statement - If (ConfAdder == true): null

2018-12-07 12:52:47 - [TEST_STEP][PASSED] - Statement - aDayBefore = CurrentDay + 1: null

2018-12-07 12:52:47 - [TEST_STEP][PASSED] - Statement - out.println(aDayBefore): null

2018-12-07 12:52:47 - [TEST_STEP][PASSED] - Statement - If (aDayBefore == 1 && CurrentMonth == 11): null

2018-12-07 12:52:47 - [TEST_STEP][PASSED] - Statement - DayBefore = aDayBefore.toString(): null

2018-12-07 12:52:47 - [TEST_STEP][PASSED] - Statement - OneDayBefore = DayBefore: null

2018-12-07 12:52:47 - [MESSAGE][PASSED] - Call Test Case 'Test Cases/Final Aug 2018 - PKS Automation/Registration Module/New Registration/Form 2/Date Updater' successfully

2018-12-07 12:52:47 - [TEST_STEP][PASSED] - delay: Delayed 2 second(s)

2018-12-07 12:52:49 - [MESSAGE][PASSED] - Delayed 2 second(s)

2018-12-07 12:52:49 - [TEST_STEP][PASSED] - setText: Text 'klpkrbo2@gmail.com' is set on object 'Object Repository/Final Object Repo/Page_Update Add New Employee - ASSIST/Email TextBox'

2018-12-07 12:52:49 - [MESSAGE][PASSED] - Text 'klpkrbo2@gmail.com' is set on object 'Object Repository/Final Object Repo/Page_Update Add New Employee - ASSIST/Email TextBox'

2018-12-07 12:52:49 - [TEST_STEP][PASSED] - click: Object: 'Object Repository/Final Object Repo/Page_Update Add New Employee - ASSIST/Next Button' is clicked on

2018-12-07 12:52:49 - [MESSAGE][PASSED] - Object: 'Object Repository/Final Object Repo/Page_Update Add New Employee - ASSIST/Next Button' is clicked on

2018-12-07 12:52:49 - [TEST_STEP][PASSED] - delay: Delayed 2 second(s)

2018-12-07 12:52:51 - [MESSAGE][PASSED] - Delayed 2 second(s)

2018-12-07 12:52:51 - [TEST_STEP][PASSED] - setText: Text 'Test1@3456789' is set on object 'Object Repository/Final Object Repo/Page_Update Add New Employee - ASSIST/Password TextBox'

2018-12-07 12:52:52 - [MESSAGE][PASSED] - Text 'Test1@3456789' is set on object 'Object Repository/Final Object Repo/Page_Update Add New Employee - ASSIST/Password TextBox'

2018-12-07 12:52:52 - [TEST_STEP][PASSED] - delay: Delayed 2 second(s)

2018-12-07 12:52:54 - [MESSAGE][PASSED] - Delayed 2 second(s)

2018-12-07 12:52:54 - [TEST_STEP][PASSED] - click: Object: 'Object Repository/Final Object Repo/Page_Update Add New Employee - ASSIST/Login Button' is clicked on

2018-12-07 12:52:54 - [MESSAGE][PASSED] - Object: 'Object Repository/Final Object Repo/Page_Update Add New Employee - ASSIST/Login Button' is clicked on

2018-12-07 12:52:54 - [TEST_STEP][PASSED] - delay: Delayed 4 second(s)

2018-12-07 12:52:58 - [MESSAGE][PASSED] - Delayed 4 second(s)

2018-12-07 12:52:58 - [TEST_STEP][PASSED] - Statement - Try: Delayed 2 second(s)

2018-12-07 12:52:58 - [TEST_STEP][PASSED] - Statement - Checker = false: null

2018-12-07 12:52:58 - [TEST_STEP][PASSED] - Statement - Checker = com.kms.katalon.core.webui.keyword.WebUiBuiltInKeywords.verifyElementHasAttribute(com.kms.katalon.core.testobject.ObjectRepository.findTestObject(Final Object Repo/Landing Page/BM Detecting), "href", 20, OPTIONAL): Object 'Object Repository/Final Object Repo/Landing Page/BM Detecting' has attribute 'href'

2018-12-07 12:52:58 - [MESSAGE][PASSED] - Object 'Object Repository/Final Object Repo/Landing Page/BM Detecting' has attribute 'href'

2018-12-07 12:52:58 - [TEST_STEP][PASSED] - Statement - out.println(Checker): null

2018-12-07 12:52:58 - [TEST_STEP][PASSED] - Statement - If (Checker == false): null

2018-12-07 12:52:58 - [TEST_STEP][PASSED] - Statement - Else: null

2018-12-07 12:52:58 - [TEST_STEP][PASSED] - delay: Delayed 2 second(s)

2018-12-07 12:53:00 - [MESSAGE][PASSED] - Delayed 2 second(s)

2018-12-07 12:53:00 - [TEST_STEP][PASSED] - delay: Delayed 4 second(s)

2018-12-07 12:53:04 - [MESSAGE][PASSED] - Delayed 4 second(s)

2018-12-07 12:53:04 - [TEST_STEP][PASSED] - click: Object: 'Object Repository/Final Object Repo/Page_Update Add New Employee - ASSIST/My Sites Drop Down' is clicked on

2018-12-07 12:53:04 - [MESSAGE][PASSED] - Object: 'Object Repository/Final Object Repo/Page_Update Add New Employee - ASSIST/My Sites Drop Down' is clicked on

2018-12-07 12:53:04 - [TEST_STEP][PASSED] - click: Object: 'Object Repository/Final Object Repo/Page_Update Add New Employee - ASSIST/Select to Registration Module' is clicked on

2018-12-07 12:53:05 - [MESSAGE][PASSED] - Object: 'Object Repository/Final Object Repo/Page_Update Add New Employee - ASSIST/Select to Registration Module' is clicked on

2018-12-07 12:53:05 - [TEST_STEP][PASSED] - navigateToUrl: Navigate to 'https://assist2-uat.perkeso.gov.my/web/registration/myassist' successfully

2018-12-07 12:53:06 - [MESSAGE][PASSED] - Navigate to 'https://assist2-uat.perkeso.gov.my/web/registration/myassist' successfully

2018-12-07 12:53:06 - [TEST_STEP][PASSED] - mouseOver: Object: 'Object Repository/Final Object Repo/Page_Update Add New Employee - ASSIST/Select to Update Akta 4 Tab' is hovered

2018-12-07 12:53:06 - [MESSAGE][PASSED] - Object: 'Object Repository/Final Object Repo/Page_Update Add New Employee - ASSIST/Select to Update Akta 4 Tab' is hovered

2018-12-07 12:53:06 - [TEST_STEP][PASSED] - delay: Delayed 2 second(s)

2018-12-07 12:53:08 - [MESSAGE][PASSED] - Delayed 2 second(s)

2018-12-07 12:53:08 - [TEST_STEP][PASSED] - click: Object: 'Object Repository/Final Object Repo/Page_Update Add New Employee - ASSIST/Select to Update Add New Employee' is clicked on

2018-12-07 12:53:09 - [MESSAGE][PASSED] - Object: 'Object Repository/Final Object Repo/Page_Update Add New Employee - ASSIST/Select to Update Add New Employee' is clicked on

2018-12-07 12:53:09 - [TEST_STEP][PASSED] - delay: Delayed 2 second(s)

2018-12-07 12:53:11 - [MESSAGE][PASSED] - Delayed 2 second(s)

2018-12-07 12:53:11 - [TEST_STEP][PASSED] - setText: Text 'E1102070675Z' is set on object 'Object Repository/Final Object Repo/Page_Update Add New Employee - ASSIST/Employer Code input textbox'

2018-12-07 12:53:11 - [MESSAGE][PASSED] - Text 'E1102070675Z' is set on object 'Object Repository/Final Object Repo/Page_Update Add New Employee - ASSIST/Employer Code input textbox'

2018-12-07 12:53:11 - [TEST_STEP][PASSED] - delay: Delayed 2 second(s)

2018-12-07 12:53:13 - [MESSAGE][PASSED] - Delayed 2 second(s)

2018-12-07 12:53:13 - [TEST_STEP][PASSED] - click: Object: 'Object Repository/Final Object Repo/Page_Update Add New Employee - ASSIST/Search Button for Employer Code' is clicked on

2018-12-07 12:53:13 - [MESSAGE][PASSED] - Object: 'Object Repository/Final Object Repo/Page_Update Add New Employee - ASSIST/Search Button for Employer Code' is clicked on

2018-12-07 12:53:13 - [TEST_STEP][PASSED] - delay: Delayed 4 second(s)

2018-12-07 12:53:17 - [MESSAGE][PASSED] - Delayed 4 second(s)

2018-12-07 12:53:17 - [TEST_STEP][PASSED] - click: Object: 'Object Repository/Final Object Repo/Page_Update Add New Employee - ASSIST/Click to Edit Case' is clicked on

2018-12-07 12:53:19 - [MESSAGE][PASSED] - Object: 'Object Repository/Final Object Repo/Page_Update Add New Employee - ASSIST/Click to Edit Case' is clicked on

2018-12-07 12:53:19 - [TEST_STEP][PASSED] - callTestCase: Call Test Case 'Test Cases/Final Aug 2018 - PKS Automation/Registration Module/Workflow/Update Add New Employee/Template/Employee Adding/Employee Set Decider' successfully

2018-12-07 12:53:19 - [TEST_CASE][PASSED] - Test Cases/Final Aug 2018 - PKS Automation/Registration Module/Workflow/Update Add New Employee/Template/Employee Adding/Employee Set Decider: Test Cases/Final Aug 2018 - PKS Automation/Registration Module/Workflow/Update Add New Employee/Template/Employee Adding/Employee Set Decider

2018-12-07 12:53:19 - [TEST_STEP][PASSED] - delay: Delayed 4 second(s)

2018-12-07 12:53:23 - [MESSAGE][PASSED] - Delayed 4 second(s)

2018-12-07 12:53:23 - [TEST_STEP][PASSED] - click: Object: 'Object Repository/Final Object Repo/Page_Update Add New Employee - ASSIST/Add Employee Button' is clicked on

2018-12-07 12:53:24 - [MESSAGE][PASSED] - Object: 'Object Repository/Final Object Repo/Page_Update Add New Employee - ASSIST/Add Employee Button' is clicked on

2018-12-07 12:53:24 - [TEST_STEP][PASSED] - delay: Delayed 3 second(s)

2018-12-07 12:53:27 - [MESSAGE][PASSED] - Delayed 3 second(s)

2018-12-07 12:53:27 - [TEST_STEP][PASSED] - setText: Text '010903091920' is set on object 'Object Repository/Final Object Repo/Page_Update Add New Employee - ASSIST/NRIC Input'

2018-12-07 12:53:27 - [MESSAGE][PASSED] - Text '010903091920' is set on object 'Object Repository/Final Object Repo/Page_Update Add New Employee - ASSIST/NRIC Input'

2018-12-07 12:53:27 - [TEST_STEP][PASSED] - click: Object: 'Object Repository/Final Object Repo/Page_Update Add New Employee - ASSIST/button for search for IC' is clicked on

2018-12-07 12:53:27 - [MESSAGE][PASSED] - Object: 'Object Repository/Final Object Repo/Page_Update Add New Employee - ASSIST/button for search for IC' is clicked on

2018-12-07 12:53:27 - [TEST_STEP][PASSED] - delay: Delayed 2 second(s)

2018-12-07 12:53:29 - [MESSAGE][PASSED] - Delayed 2 second(s)

2018-12-07 12:53:29 - [TEST_STEP][PASSED] - sendKeys: Keys 'CONTROL + a' sent to object: 'Object Repository/Final Object Repo/Page_Update Add New Employee - ASSIST/Employee Name Input'

2018-12-07 12:53:29 - [MESSAGE][PASSED] - Keys 'CONTROL + a' sent to object: 'Object Repository/Final Object Repo/Page_Update Add New Employee - ASSIST/Employee Name Input'

2018-12-07 12:53:29 - [TEST_STEP][PASSED] - sendKeys: Keys 'CONTROL + c' sent to object: 'Object Repository/Final Object Repo/Page_Update Add New Employee - ASSIST/Employee Name Input'

2018-12-07 12:53:29 - [MESSAGE][PASSED] - Keys 'CONTROL + c' sent to object: 'Object Repository/Final Object Repo/Page_Update Add New Employee - ASSIST/Employee Name Input'

2018-12-07 12:53:29 - [TEST_STEP][PASSED] - Statement - toolkit = java.awt.Toolkit.getDefaultToolkit(): null

2018-12-07 12:53:29 - [TEST_STEP][PASSED] - Statement - clipboard = toolkit.getSystemClipboard(): null

2018-12-07 12:53:29 - [TEST_STEP][PASSED] - Statement - CurrentName = clipboard.getData(stringFlavor): null

2018-12-07 12:53:29 - [TEST_STEP][PASSED] - Statement - out.println("String from Clipboard:" + CurrentName): null

2018-12-07 12:53:29 - [TEST_STEP][PASSED] - Statement - If (CurrentName == "AUTOMATE002 ELIGIBLE 1"): null

2018-12-07 12:53:29 - [TEST_STEP][PASSED] - Statement - Else If (CurrentName == "AUTOMATE003 ELIGIBLE 1"): Call Test Case 'Test Cases/Final Aug 2018 - PKS Automation/Registration Module/Workflow/Update Add New Employee/Template/Employee Adding/Employee Adding Action Repeat IC - set 2' successfully

2018-12-07 12:53:29 - [TEST_STEP][PASSED] - callTestCase: Call Test Case 'Test Cases/Final Aug 2018 - PKS Automation/Registration Module/Workflow/Update Add New Employee/Template/Employee Adding/Employee Adding Action Repeat IC - set 2' successfully

2018-12-07 12:53:29 - [TEST_CASE][PASSED] - Test Cases/Final Aug 2018 - PKS Automation/Registration Module/Workflow/Update Add New Employee/Template/Employee Adding/Employee Adding Action Repeat IC - set 2: Test Cases/Final Aug 2018 - PKS Automation/Registration Module/Workflow/Update Add New Employee/Template/Employee Adding/Employee Adding Action Repeat IC - set 2

2018-12-07 12:53:30 - [TEST_STEP][PASSED] - setText: Text 'Automate002 eligible 1' is set on object 'Object Repository/Final Object Repo/Page_Update Add New Employee - ASSIST/Employee Name Input'

2018-12-07 12:53:30 - [MESSAGE][PASSED] - Text 'Automate002 eligible 1' is set on object 'Object Repository/Final Object Repo/Page_Update Add New Employee - ASSIST/Employee Name Input'

2018-12-07 12:53:30 - [TEST_STEP][PASSED] - delay: Delayed 2 second(s)

2018-12-07 12:53:32 - [MESSAGE][PASSED] - Delayed 2 second(s)

2018-12-07 12:53:32 - [TEST_STEP][PASSED] - click: Object: 'Object Repository/Final Object Repo/Page_Update Add New Employee - ASSIST/DatePicker Pop Up' is clicked on

2018-12-07 12:53:32 - [MESSAGE][PASSED] - Object: 'Object Repository/Final Object Repo/Page_Update Add New Employee - ASSIST/DatePicker Pop Up' is clicked on

2018-12-07 12:53:32 - [TEST_STEP][PASSED] - click: Object: 'Object Repository/Final Object Repo/Page_Update Add New Employee - ASSIST/DOB Month' is clicked on

2018-12-07 12:53:33 - [MESSAGE][PASSED] - Object: 'Object Repository/Final Object Repo/Page_Update Add New Employee - ASSIST/DOB Month' is clicked on

2018-12-07 12:53:33 - [TEST_STEP][PASSED] - Statement - CurrentMonth = CurrentMonth: null

2018-12-07 12:53:33 - [TEST_STEP][PASSED] - Statement - selectMonth = new com.kms.katalon.core.testobject.TestObject(): null

2018-12-07 12:53:33 - [TEST_STEP][PASSED] - Statement - selectMonth.addProperty("xpath", EQUALS, "//body/div/div/div/select/option[@value='" + CurrentMonth + "']", true): null

2018-12-07 12:53:33 - [TEST_STEP][PASSED] - click: Object: '' is clicked on

2018-12-07 12:53:33 - [MESSAGE][PASSED] - Object: '' is clicked on

2018-12-07 12:53:33 - [TEST_STEP][PASSED] - click: Object: 'Object Repository/Final Object Repo/Page_Update Add New Employee - ASSIST/DOB Year' is clicked on

2018-12-07 12:53:33 - [MESSAGE][PASSED] - Object: 'Object Repository/Final Object Repo/Page_Update Add New Employee - ASSIST/DOB Year' is clicked on

2018-12-07 12:53:33 - [TEST_STEP][PASSED] - Statement - Eyearsbf = EighteenYrsBefore: null

2018-12-07 12:53:33 - [TEST_STEP][PASSED] - Statement - selectYear = new com.kms.katalon.core.testobject.TestObject(): null

2018-12-07 12:53:33 - [TEST_STEP][PASSED] - Statement - selectYear.addProperty("xpath", EQUALS, "//div/div/div/select/option[@value='" + Eyearsbf + "']", true): null

2018-12-07 12:53:33 - [TEST_STEP][PASSED] - click: Object: '' is clicked on

2018-12-07 12:53:33 - [MESSAGE][PASSED] - Object: '' is clicked on

2018-12-07 12:53:33 - [TEST_STEP][PASSED] - Statement - UpdatedSelectDate = com.kms.katalon.core.webui.keyword.WebUiBuiltInKeywords.modifyObjectProperty(com.kms.katalon.core.testobject.ObjectRepository.findTestObject(Final Object Repo/Page_Update Add New Employee - ASSIST/DOB Date), "xpath", "equals", "//body/div/table/tbody/tr/td/a[text()="" + CurrentDate + ""]", true): Modify property of object successfully

2018-12-07 12:53:33 - [MESSAGE][PASSED] - Modify property of object successfully

2018-12-07 12:53:33 - [TEST_STEP][PASSED] - delay: Delayed 3 second(s)

2018-12-07 12:53:36 - [MESSAGE][PASSED] - Delayed 3 second(s)

2018-12-07 12:53:36 - [TEST_STEP][PASSED] - click: Object: 'Object Repository/Final Object Repo/Page_Update Add New Employee - ASSIST/DOB Date' is clicked on

2018-12-07 12:53:36 - [MESSAGE][PASSED] - Object: 'Object Repository/Final Object Repo/Page_Update Add New Employee - ASSIST/DOB Date' is clicked on

2018-12-07 12:53:36 - [TEST_STEP][PASSED] - delay: Delayed 2 second(s)

2018-12-07 12:53:38 - [MESSAGE][PASSED] - Delayed 2 second(s)

2018-12-07 12:53:38 - [TEST_STEP][PASSED] - click: Object: 'Object Repository/Final Object Repo/Page_Update Add New Employee - ASSIST/EmploymentStartDate Pop Up' is clicked on

2018-12-07 12:53:38 - [MESSAGE][PASSED] - Object: 'Object Repository/Final Object Repo/Page_Update Add New Employee - ASSIST/EmploymentStartDate Pop Up' is clicked on

2018-12-07 12:53:38 - [TEST_STEP][PASSED] - delay: Delayed 2 second(s)

2018-12-07 12:53:40 - [MESSAGE][PASSED] - Delayed 2 second(s)

2018-12-07 12:53:40 - [TEST_STEP][PASSED] - click: Object: 'Object Repository/Final Object Repo/Page_Update Add New Employee - ASSIST/Socso Employment StartDate Month' is clicked on

2018-12-07 12:53:40 - [MESSAGE][PASSED] - Object: 'Object Repository/Final Object Repo/Page_Update Add New Employee - ASSIST/Socso Employment StartDate Month' is clicked on

2018-12-07 12:53:40 - [TEST_STEP][PASSED] - delay: Delayed 1 second(s)

2018-12-07 12:53:41 - [MESSAGE][PASSED] - Delayed 1 second(s)

2018-12-07 12:53:41 - [TEST_STEP][PASSED] - click: Object: 'Object Repository/Final Object Repo/Page_Update Add New Employee - ASSIST/Select Socso Employement Startdate Month' is clicked on

2018-12-07 12:53:42 - [MESSAGE][PASSED] - Object: 'Object Repository/Final Object Repo/Page_Update Add New Employee - ASSIST/Select Socso Employement Startdate Month' is clicked on

2018-12-07 12:53:42 - [TEST_STEP][PASSED] - delay: Delayed 2 second(s)

2018-12-07 12:53:44 - [MESSAGE][PASSED] - Delayed 2 second(s)

2018-12-07 12:53:44 - [TEST_STEP][PASSED] - click: Object: 'Object Repository/Final Object Repo/Page_Update Add New Employee - ASSIST/Socso Employment StartDate Year' is clicked on

2018-12-07 12:53:44 - [MESSAGE][PASSED] - Object: 'Object Repository/Final Object Repo/Page_Update Add New Employee - ASSIST/Socso Employment StartDate Year' is clicked on

2018-12-07 12:53:44 - [TEST_STEP][PASSED] - delay: Delayed 1 second(s)

2018-12-07 12:53:45 - [MESSAGE][PASSED] - Delayed 1 second(s)

2018-12-07 12:53:45 - [TEST_STEP][PASSED] - click: Object: 'Object Repository/Final Object Repo/Page_Update Add New Employee - ASSIST/Select Socso Employment Startdate Year' is clicked on

2018-12-07 12:53:45 - [MESSAGE][PASSED] - Object: 'Object Repository/Final Object Repo/Page_Update Add New Employee - ASSIST/Select Socso Employment Startdate Year' is clicked on

2018-12-07 12:53:45 - [TEST_STEP][PASSED] - delay: Delayed 2 second(s)

2018-12-07 12:53:47 - [MESSAGE][PASSED] - Delayed 2 second(s)

2018-12-07 12:53:47 - [TEST_STEP][PASSED] - click: Object: 'Object Repository/Final Object Repo/Page_Update Add New Employee - ASSIST/Socso Employment Start Date Day' is clicked on

2018-12-07 12:53:47 - [MESSAGE][PASSED] - Object: 'Object Repository/Final Object Repo/Page_Update Add New Employee - ASSIST/Socso Employment Start Date Day' is clicked on

2018-12-07 12:53:47 - [TEST_STEP][PASSED] - delay: Delayed 2 second(s)

2018-12-07 12:53:49 - [MESSAGE][PASSED] - Delayed 2 second(s)

2018-12-07 12:53:49 - [TEST_STEP][PASSED] - click: Object: 'Object Repository/Final Object Repo/Page_Update Add New Employee - ASSIST/Save Button for Add Employee' is clicked on

2018-12-07 12:53:49 - [MESSAGE][PASSED] - Object: 'Object Repository/Final Object Repo/Page_Update Add New Employee - ASSIST/Save Button for Add Employee' is clicked on

2018-12-07 12:53:49 - [TEST_STEP][PASSED] - delay: Delayed 10 second(s)

2018-12-07 12:53:59 - [MESSAGE][PASSED] - Delayed 10 second(s)

2018-12-07 12:53:59 - [TEST_STEP][PASSED] - click: Object: 'Object Repository/Final Object Repo/Page_Update Add New Employee - ASSIST/Add Employee Button' is clicked on

2018-12-07 12:54:00 - [MESSAGE][PASSED] - Object: 'Object Repository/Final Object Repo/Page_Update Add New Employee - ASSIST/Add Employee Button' is clicked on

2018-12-07 12:54:00 - [TEST_STEP][PASSED] - delay: Delayed 6 second(s)

2018-12-07 12:54:06 - [MESSAGE][PASSED] - Delayed 6 second(s)

2018-12-07 12:54:06 - [TEST_STEP][PASSED] - setText: Text '620904059600' is set on object 'Object Repository/Final Object Repo/Page_Update Add New Employee - ASSIST/NRIC Input'

2018-12-07 12:54:06 - [MESSAGE][PASSED] - Text '620904059600' is set on object 'Object Repository/Final Object Repo/Page_Update Add New Employee - ASSIST/NRIC Input'

2018-12-07 12:54:06 - [TEST_STEP][PASSED] - click: Object: 'Object Repository/Final Object Repo/Page_Update Add New Employee - ASSIST/button for search for IC' is clicked on

2018-12-07 12:54:06 - [MESSAGE][PASSED] - Object: 'Object Repository/Final Object Repo/Page_Update Add New Employee - ASSIST/button for search for IC' is clicked on

2018-12-07 12:54:06 - [TEST_STEP][PASSED] - delay: Delayed 2 second(s)

2018-12-07 12:54:08 - [MESSAGE][PASSED] - Delayed 2 second(s)

2018-12-07 12:54:08 - [TEST_STEP][PASSED] - setText: Text 'Automate002 eligible 2' is set on object 'Object Repository/Final Object Repo/Page_Update Add New Employee - ASSIST/Employee Name Input'

2018-12-07 12:54:09 - [MESSAGE][PASSED] - Text 'Automate002 eligible 2' is set on object 'Object Repository/Final Object Repo/Page_Update Add New Employee - ASSIST/Employee Name Input'

2018-12-07 12:54:09 - [TEST_STEP][PASSED] - delay: Delayed 2 second(s)

2018-12-07 12:54:11 - [MESSAGE][PASSED] - Delayed 2 second(s)

2018-12-07 12:54:11 - [TEST_STEP][PASSED] - click: Object: 'Object Repository/Final Object Repo/Page_Update Add New Employee - ASSIST/DatePicker Pop Up' is clicked on

2018-12-07 12:54:11 - [MESSAGE][PASSED] - Object: 'Object Repository/Final Object Repo/Page_Update Add New Employee - ASSIST/DatePicker Pop Up' is clicked on

2018-12-07 12:54:11 - [TEST_STEP][PASSED] - delay: Delayed 2 second(s)

2018-12-07 12:54:13 - [MESSAGE][PASSED] - Delayed 2 second(s)

2018-12-07 12:54:13 - [TEST_STEP][PASSED] - click: Object: 'Object Repository/Final Object Repo/Page_Update Add New Employee - ASSIST/DOB Month' is clicked on

2018-12-07 12:54:13 - [MESSAGE][PASSED] - Object: 'Object Repository/Final Object Repo/Page_Update Add New Employee - ASSIST/DOB Month' is clicked on

2018-12-07 12:54:13 - [TEST_STEP][PASSED] - Statement - selectMonth = com.kms.katalon.core.webui.keyword.WebUiBuiltInKeywords.modifyObjectProperty(selectMonth, "xpath", "equals", "//body/div/div/div/select/option[@value="" + CurrentMonth + ""]", true): Modify property of object successfully

2018-12-07 12:54:13 - [MESSAGE][PASSED] - Modify property of object successfully

2018-12-07 12:54:13 - [TEST_STEP][PASSED] - click: Object: '' is clicked on

2018-12-07 12:54:13 - [MESSAGE][PASSED] - Object: '' is clicked on

2018-12-07 12:54:13 - [TEST_STEP][PASSED] - click: Object: 'Object Repository/Final Object Repo/Page_Update Add New Employee - ASSIST/DOB Year' is clicked on

2018-12-07 12:54:14 - [MESSAGE][PASSED] - Object: 'Object Repository/Final Object Repo/Page_Update Add New Employee - ASSIST/DOB Year' is clicked on

2018-12-07 12:54:14 - [TEST_STEP][PASSED] - Statement - selectYear = com.kms.katalon.core.webui.keyword.WebUiBuiltInKeywords.modifyObjectProperty(selectYear, "xpath", "equals", "//div/div/div/select/option[@value="" + FiftysevenYrsBefore + ""]", true): Modify property of object successfully

2018-12-07 12:54:14 - [MESSAGE][PASSED] - Modify property of object successfully

2018-12-07 12:54:14 - [TEST_STEP][PASSED] - click: Object: '' is clicked on

2018-12-07 12:54:14 - [MESSAGE][PASSED] - Object: '' is clicked on

2018-12-07 12:54:14 - [TEST_STEP][PASSED] - Statement - UpdatedSelectDate = com.kms.katalon.core.webui.keyword.WebUiBuiltInKeywords.modifyObjectProperty(com.kms.katalon.core.testobject.ObjectRepository.findTestObject(Final Object Repo/Page_Update Add New Employee - ASSIST/DOB Date), "xpath", "equals", "//body/div/table/tbody/tr/td/a[text()="" + OneDayBefore + ""]", true): Modify property of object successfully

2018-12-07 12:54:14 - [MESSAGE][PASSED] - Modify property of object successfully

2018-12-07 12:54:14 - [TEST_STEP][PASSED] - click: Object: 'Object Repository/Final Object Repo/Page_Update Add New Employee - ASSIST/DOB Date' is clicked on

2018-12-07 12:54:14 - [MESSAGE][PASSED] - Object: 'Object Repository/Final Object Repo/Page_Update Add New Employee - ASSIST/DOB Date' is clicked on

2018-12-07 12:54:14 - [TEST_STEP][PASSED] - delay: Delayed 2 second(s)

2018-12-07 12:54:16 - [MESSAGE][PASSED] - Delayed 2 second(s)

2018-12-07 12:54:16 - [TEST_STEP][PASSED] - click: Object: 'Object Repository/Final Object Repo/Page_Update Add New Employee - ASSIST/EmploymentStartDate Pop Up' is clicked on

2018-12-07 12:54:16 - [MESSAGE][PASSED] - Object: 'Object Repository/Final Object Repo/Page_Update Add New Employee - ASSIST/EmploymentStartDate Pop Up' is clicked on

2018-12-07 12:54:16 - [TEST_STEP][PASSED] - delay: Delayed 2 second(s)

2018-12-07 12:54:18 - [MESSAGE][PASSED] - Delayed 2 second(s)

2018-12-07 12:54:18 - [TEST_STEP][PASSED] - click: Object: 'Object Repository/Final Object Repo/Page_Update Add New Employee - ASSIST/Socso Employment StartDate Month' is clicked on

2018-12-07 12:54:18 - [MESSAGE][PASSED] - Object: 'Object Repository/Final Object Repo/Page_Update Add New Employee - ASSIST/Socso Employment StartDate Month' is clicked on

2018-12-07 12:54:18 - [TEST_STEP][PASSED] - delay: Delayed 1 second(s)

2018-12-07 12:54:19 - [MESSAGE][PASSED] - Delayed 1 second(s)

2018-12-07 12:54:19 - [TEST_STEP][PASSED] - click: Object: 'Object Repository/Final Object Repo/Page_Update Add New Employee - ASSIST/Select Socso Employement Startdate Month' is clicked on

2018-12-07 12:54:19 - [MESSAGE][PASSED] - Object: 'Object Repository/Final Object Repo/Page_Update Add New Employee - ASSIST/Select Socso Employement Startdate Month' is clicked on

2018-12-07 12:54:19 - [TEST_STEP][PASSED] - delay: Delayed 2 second(s)

2018-12-07 12:54:21 - [MESSAGE][PASSED] - Delayed 2 second(s)

2018-12-07 12:54:21 - [TEST_STEP][PASSED] - click: Object: 'Object Repository/Final Object Repo/Page_Update Add New Employee - ASSIST/Socso Employment StartDate Year' is clicked on

2018-12-07 12:54:22 - [MESSAGE][PASSED] - Object: 'Object Repository/Final Object Repo/Page_Update Add New Employee - ASSIST/Socso Employment StartDate Year' is clicked on

2018-12-07 12:54:22 - [TEST_STEP][PASSED] - delay: Delayed 1 second(s)

2018-12-07 12:54:23 - [MESSAGE][PASSED] - Delayed 1 second(s)

2018-12-07 12:54:23 - [TEST_STEP][PASSED] - click: Object: 'Object Repository/Final Object Repo/Page_Update Add New Employee - ASSIST/Select Socso Employment Startdate Year' is clicked on

2018-12-07 12:54:23 - [MESSAGE][PASSED] - Object: 'Object Repository/Final Object Repo/Page_Update Add New Employee - ASSIST/Select Socso Employment Startdate Year' is clicked on

2018-12-07 12:54:23 - [TEST_STEP][PASSED] - delay: Delayed 2 second(s)

2018-12-07 12:54:25 - [MESSAGE][PASSED] - Delayed 2 second(s)

2018-12-07 12:54:25 - [TEST_STEP][PASSED] - click: Object: 'Object Repository/Final Object Repo/Page_Update Add New Employee - ASSIST/Socso Employment Start Date Day' is clicked on

2018-12-07 12:54:25 - [MESSAGE][PASSED] - Object: 'Object Repository/Final Object Repo/Page_Update Add New Employee - ASSIST/Socso Employment Start Date Day' is clicked on

2018-12-07 12:54:25 - [TEST_STEP][PASSED] - delay: Delayed 2 second(s)

2018-12-07 12:54:27 - [MESSAGE][PASSED] - Delayed 2 second(s)

2018-12-07 12:54:27 - [TEST_STEP][PASSED] - click: Object: 'Object Repository/Final Object Repo/Page_Update Add New Employee - ASSIST/Save Button for Add Employee' is clicked on

2018-12-07 12:54:27 - [MESSAGE][PASSED] - Object: 'Object Repository/Final Object Repo/Page_Update Add New Employee - ASSIST/Save Button for Add Employee' is clicked on

2018-12-07 12:54:27 - [TEST_STEP][PASSED] - delay: Delayed 5 second(s)

2018-12-07 12:54:32 - [MESSAGE][PASSED] - Delayed 5 second(s)

2018-12-07 12:54:32 - [TEST_STEP][PASSED] - waitForElementClickable: Object 'Object Repository/Final Object Repo/Page_Update Add New Employee - ASSIST/Add Employee Button' is clickable

2018-12-07 12:54:32 - [MESSAGE][PASSED] - Object 'Object Repository/Final Object Repo/Page_Update Add New Employee - ASSIST/Add Employee Button' is clickable

2018-12-07 12:54:32 - [TEST_STEP][PASSED] - click: Object: 'Object Repository/Final Object Repo/Page_Update Add New Employee - ASSIST/Add Employee Button' is clicked on

2018-12-07 12:54:32 - [MESSAGE][PASSED] - Object: 'Object Repository/Final Object Repo/Page_Update Add New Employee - ASSIST/Add Employee Button' is clicked on

2018-12-07 12:54:32 - [TEST_STEP][PASSED] - delay: Delayed 4 second(s)

2018-12-07 12:54:36 - [MESSAGE][PASSED] - Delayed 4 second(s)

2018-12-07 12:54:36 - [TEST_STEP][PASSED] - setText: Text '000209039100' is set on object 'Object Repository/Final Object Repo/Page_Update Add New Employee - ASSIST/NRIC Input'

2018-12-07 12:54:37 - [MESSAGE][PASSED] - Text '000209039100' is set on object 'Object Repository/Final Object Repo/Page_Update Add New Employee - ASSIST/NRIC Input'

2018-12-07 12:54:37 - [TEST_STEP][PASSED] - click: Object: 'Object Repository/Final Object Repo/Page_Update Add New Employee - ASSIST/button for search for IC' is clicked on

2018-12-07 12:54:37 - [MESSAGE][PASSED] - Object: 'Object Repository/Final Object Repo/Page_Update Add New Employee - ASSIST/button for search for IC' is clicked on

2018-12-07 12:54:37 - [TEST_STEP][PASSED] - delay: Delayed 2 second(s)

2018-12-07 12:54:39 - [MESSAGE][PASSED] - Delayed 2 second(s)

2018-12-07 12:54:39 - [TEST_STEP][PASSED] - setText: Text 'Automate002 not eligible 1' is set on object 'Object Repository/Final Object Repo/Page_Update Add New Employee - ASSIST/Employee Name Input'

2018-12-07 12:54:40 - [MESSAGE][PASSED] - Text 'Automate002 not eligible 1' is set on object 'Object Repository/Final Object Repo/Page_Update Add New Employee - ASSIST/Employee Name Input'

2018-12-07 12:54:40 - [TEST_STEP][PASSED] - delay: Delayed 2 second(s)

2018-12-07 12:54:42 - [MESSAGE][PASSED] - Delayed 2 second(s)

2018-12-07 12:54:42 - [TEST_STEP][PASSED] - click: Object: 'Object Repository/Final Object Repo/Page_Update Add New Employee - ASSIST/DatePicker Pop Up' is clicked on

2018-12-07 12:54:42 - [MESSAGE][PASSED] - Object: 'Object Repository/Final Object Repo/Page_Update Add New Employee - ASSIST/DatePicker Pop Up' is clicked on

2018-12-07 12:54:42 - [TEST_STEP][PASSED] - delay: Delayed 2 second(s)

2018-12-07 12:54:44 - [MESSAGE][PASSED] - Delayed 2 second(s)

2018-12-07 12:54:44 - [TEST_STEP][PASSED] - click: Object: 'Object Repository/Final Object Repo/Page_Update Add New Employee - ASSIST/DOB Month' is clicked on

2018-12-07 12:54:44 - [MESSAGE][PASSED] - Object: 'Object Repository/Final Object Repo/Page_Update Add New Employee - ASSIST/DOB Month' is clicked on

2018-12-07 12:54:44 - [TEST_STEP][PASSED] - Statement - selectMonth = com.kms.katalon.core.webui.keyword.WebUiBuiltInKeywords.modifyObjectProperty(selectMonth, "xpath", "equals", "//body/div/div/div/select/option[@value="" + CurrentMonth + ""]", true): Modify property of object successfully

2018-12-07 12:54:44 - [MESSAGE][PASSED] - Modify property of object successfully

2018-12-07 12:54:44 - [TEST_STEP][PASSED] - click: Object: '' is clicked on

2018-12-07 12:54:44 - [MESSAGE][PASSED] - Object: '' is clicked on

2018-12-07 12:54:44 - [TEST_STEP][PASSED] - click: Object: 'Object Repository/Final Object Repo/Page_Update Add New Employee - ASSIST/DOB Year' is clicked on

2018-12-07 12:54:44 - [MESSAGE][PASSED] - Object: 'Object Repository/Final Object Repo/Page_Update Add New Employee - ASSIST/DOB Year' is clicked on

2018-12-07 12:54:44 - [TEST_STEP][PASSED] - Statement - selectYear = com.kms.katalon.core.webui.keyword.WebUiBuiltInKeywords.modifyObjectProperty(selectYear, "xpath", "equals", "//div/div/div/select/option[@value="" + EighteenYrsBefore + ""]", true): Modify property of object successfully

2018-12-07 12:54:44 - [MESSAGE][PASSED] - Modify property of object successfully

2018-12-07 12:54:44 - [TEST_STEP][PASSED] - click: Object: '' is clicked on

2018-12-07 12:54:45 - [MESSAGE][PASSED] - Object: '' is clicked on

2018-12-07 12:54:45 - [TEST_STEP][PASSED] - Statement - UpdatedSelectDate = com.kms.katalon.core.webui.keyword.WebUiBuiltInKeywords.modifyObjectProperty(com.kms.katalon.core.testobject.ObjectRepository.findTestObject(Final Object Repo/Page_Update Add New Employee - ASSIST/DOB Date), "xpath", "equals", "//body/div/table/tbody/tr/td/a[text()="" + OneDayBefore + ""]", true): Modify property of object successfully

2018-12-07 12:54:45 - [MESSAGE][PASSED] - Modify property of object successfully

2018-12-07 12:54:45 - [TEST_STEP][PASSED] - click: Object: 'Object Repository/Final Object Repo/Page_Update Add New Employee - ASSIST/DOB Date' is clicked on

2018-12-07 12:54:45 - [MESSAGE][PASSED] - Object: 'Object Repository/Final Object Repo/Page_Update Add New Employee - ASSIST/DOB Date' is clicked on

2018-12-07 12:54:45 - [TEST_STEP][PASSED] - delay: Delayed 2 second(s)

2018-12-07 12:54:47 - [MESSAGE][PASSED] - Delayed 2 second(s)

2018-12-07 12:54:47 - [TEST_STEP][PASSED] - click: Object: 'Object Repository/Final Object Repo/Page_Update Add New Employee - ASSIST/EmploymentStartDate Pop Up' is clicked on

2018-12-07 12:54:47 - [MESSAGE][PASSED] - Object: 'Object Repository/Final Object Repo/Page_Update Add New Employee - ASSIST/EmploymentStartDate Pop Up' is clicked on

2018-12-07 12:54:47 - [TEST_STEP][PASSED] - delay: Delayed 2 second(s)

2018-12-07 12:54:49 - [MESSAGE][PASSED] - Delayed 2 second(s)

2018-12-07 12:54:49 - [TEST_STEP][PASSED] - click: Object: 'Object Repository/Final Object Repo/Page_Update Add New Employee - ASSIST/Socso Employment StartDate Month' is clicked on

2018-12-07 12:54:49 - [MESSAGE][PASSED] - Object: 'Object Repository/Final Object Repo/Page_Update Add New Employee - ASSIST/Socso Employment StartDate Month' is clicked on

2018-12-07 12:54:49 - [TEST_STEP][PASSED] - delay: Delayed 1 second(s)

2018-12-07 12:54:50 - [MESSAGE][PASSED] - Delayed 1 second(s)

2018-12-07 12:54:50 - [TEST_STEP][PASSED] - click: Object: 'Object Repository/Final Object Repo/Page_Update Add New Employee - ASSIST/Select Socso Employement Startdate Month' is clicked on

2018-12-07 12:54:50 - [MESSAGE][PASSED] - Object: 'Object Repository/Final Object Repo/Page_Update Add New Employee - ASSIST/Select Socso Employement Startdate Month' is clicked on

2018-12-07 12:54:50 - [TEST_STEP][PASSED] - delay: Delayed 2 second(s)

2018-12-07 12:54:52 - [MESSAGE][PASSED] - Delayed 2 second(s)

2018-12-07 12:54:52 - [TEST_STEP][PASSED] - click: Object: 'Object Repository/Final Object Repo/Page_Update Add New Employee - ASSIST/Socso Employment StartDate Year' is clicked on

2018-12-07 12:54:52 - [MESSAGE][PASSED] - Object: 'Object Repository/Final Object Repo/Page_Update Add New Employee - ASSIST/Socso Employment StartDate Year' is clicked on

2018-12-07 12:54:52 - [TEST_STEP][PASSED] - delay: Delayed 1 second(s)

2018-12-07 12:54:53 - [MESSAGE][PASSED] - Delayed 1 second(s)

2018-12-07 12:54:53 - [TEST_STEP][PASSED] - click: Object: 'Object Repository/Final Object Repo/Page_Update Add New Employee - ASSIST/Select Socso Employment Startdate Year' is clicked on

2018-12-07 12:54:54 - [MESSAGE][PASSED] - Object: 'Object Repository/Final Object Repo/Page_Update Add New Employee - ASSIST/Select Socso Employment Startdate Year' is clicked on

2018-12-07 12:54:54 - [TEST_STEP][PASSED] - delay: Delayed 2 second(s)

2018-12-07 12:54:56 - [MESSAGE][PASSED] - Delayed 2 second(s)

2018-12-07 12:54:56 - [TEST_STEP][PASSED] - click: Object: 'Object Repository/Final Object Repo/Page_Update Add New Employee - ASSIST/Socso Employment Start Date Day' is clicked on

2018-12-07 12:54:56 - [MESSAGE][PASSED] - Object: 'Object Repository/Final Object Repo/Page_Update Add New Employee - ASSIST/Socso Employment Start Date Day' is clicked on

2018-12-07 12:54:56 - [TEST_STEP][PASSED] - delay: Delayed 2 second(s)

2018-12-07 12:54:58 - [MESSAGE][PASSED] - Delayed 2 second(s)

2018-12-07 12:54:58 - [TEST_STEP][PASSED] - click: Object: 'Object Repository/Final Object Repo/Page_Update Add New Employee - ASSIST/Save Button for Add Employee' is clicked on

2018-12-07 12:54:58 - [MESSAGE][PASSED] - Object: 'Object Repository/Final Object Repo/Page_Update Add New Employee - ASSIST/Save Button for Add Employee' is clicked on

2018-12-07 12:54:58 - [TEST_STEP][PASSED] - delay: Delayed 20 second(s)

2018-12-07 12:55:18 - [MESSAGE][PASSED] - Delayed 20 second(s)

2018-12-07 12:55:18 - [TEST_STEP][PASSED] - click: Object: 'Object Repository/Final Object Repo/Page_Update Add New Employee - ASSIST/Add Employee Button' is clicked on

2018-12-07 12:55:18 - [MESSAGE][PASSED] - Object: 'Object Repository/Final Object Repo/Page_Update Add New Employee - ASSIST/Add Employee Button' is clicked on

2018-12-07 12:55:18 - [TEST_STEP][PASSED] - delay: Delayed 4 second(s)

2018-12-07 12:55:22 - [MESSAGE][PASSED] - Delayed 4 second(s)

2018-12-07 12:55:22 - [TEST_STEP][PASSED] - setText: Text '600203039104' is set on object 'Object Repository/Final Object Repo/Page_Update Add New Employee - ASSIST/NRIC Input'

2018-12-07 12:55:23 - [MESSAGE][PASSED] - Text '600203039104' is set on object 'Object Repository/Final Object Repo/Page_Update Add New Employee - ASSIST/NRIC Input'

2018-12-07 12:55:23 - [TEST_STEP][PASSED] - click: Object: 'Object Repository/Final Object Repo/Page_Update Add New Employee - ASSIST/button for search for IC' is clicked on

2018-12-07 12:55:23 - [MESSAGE][PASSED] - Object: 'Object Repository/Final Object Repo/Page_Update Add New Employee - ASSIST/button for search for IC' is clicked on

2018-12-07 12:55:23 - [TEST_STEP][PASSED] - delay: Delayed 2 second(s)

2018-12-07 12:55:25 - [MESSAGE][PASSED] - Delayed 2 second(s)

2018-12-07 12:55:25 - [TEST_STEP][PASSED] - setText: Text 'Automate002 not eligible 2' is set on object 'Object Repository/Final Object Repo/Page_Update Add New Employee - ASSIST/Employee Name Input'

2018-12-07 12:55:26 - [MESSAGE][PASSED] - Text 'Automate002 not eligible 2' is set on object 'Object Repository/Final Object Repo/Page_Update Add New Employee - ASSIST/Employee Name Input'

2018-12-07 12:55:26 - [TEST_STEP][PASSED] - delay: Delayed 2 second(s)

2018-12-07 12:55:28 - [MESSAGE][PASSED] - Delayed 2 second(s)

2018-12-07 12:55:28 - [TEST_STEP][PASSED] - click: Object: 'Object Repository/Final Object Repo/Page_Update Add New Employee - ASSIST/DatePicker Pop Up' is clicked on

2018-12-07 12:55:28 - [MESSAGE][PASSED] - Object: 'Object Repository/Final Object Repo/Page_Update Add New Employee - ASSIST/DatePicker Pop Up' is clicked on

2018-12-07 12:55:28 - [TEST_STEP][PASSED] - delay: Delayed 2 second(s)

2018-12-07 12:55:30 - [MESSAGE][PASSED] - Delayed 2 second(s)

2018-12-07 12:55:30 - [TEST_STEP][PASSED] - click: Object: 'Object Repository/Final Object Repo/Page_Update Add New Employee - ASSIST/DOB Month' is clicked on

2018-12-07 12:55:30 - [MESSAGE][PASSED] - Object: 'Object Repository/Final Object Repo/Page_Update Add New Employee - ASSIST/DOB Month' is clicked on

2018-12-07 12:55:30 - [TEST_STEP][PASSED] - Statement - selectMonth = com.kms.katalon.core.webui.keyword.WebUiBuiltInKeywords.modifyObjectProperty(selectMonth, "xpath", "equals", "//body/div/div/div/select/option[@value="" + CurrentMonth + ""]", true): Modify property of object successfully

2018-12-07 12:55:30 - [MESSAGE][PASSED] - Modify property of object successfully

2018-12-07 12:55:30 - [TEST_STEP][PASSED] - click: Object: '' is clicked on

2018-12-07 12:55:30 - [MESSAGE][PASSED] - Object: '' is clicked on

2018-12-07 12:55:30 - [TEST_STEP][PASSED] - click: Object: 'Object Repository/Final Object Repo/Page_Update Add New Employee - ASSIST/DOB Year' is clicked on

2018-12-07 12:55:30 - [MESSAGE][PASSED] - Object: 'Object Repository/Final Object Repo/Page_Update Add New Employee - ASSIST/DOB Year' is clicked on

2018-12-07 12:55:30 - [TEST_STEP][PASSED] - Statement - selectYear = com.kms.katalon.core.webui.keyword.WebUiBuiltInKeywords.modifyObjectProperty(selectYear, "xpath", "equals", "//div/div/div/select/option[@value="" + FiftysevenYrsBefore + ""]", true): Modify property of object successfully

2018-12-07 12:55:30 - [MESSAGE][PASSED] - Modify property of object successfully

2018-12-07 12:55:30 - [TEST_STEP][PASSED] - click: Object: '' is clicked on

2018-12-07 12:55:30 - [MESSAGE][PASSED] - Object: '' is clicked on

2018-12-07 12:55:30 - [TEST_STEP][PASSED] - Statement - UpdatedSelectDate = com.kms.katalon.core.webui.keyword.WebUiBuiltInKeywords.modifyObjectProperty(com.kms.katalon.core.testobject.ObjectRepository.findTestObject(Final Object Repo/Page_Update Add New Employee - ASSIST/DOB Date), "xpath", "equals", "//body/div/table/tbody/tr/td/a[text()="" + CurrentDate + ""]", true): Modify property of object successfully

2018-12-07 12:55:30 - [MESSAGE][PASSED] - Modify property of object successfully

2018-12-07 12:55:30 - [TEST_STEP][PASSED] - click: Object: 'Object Repository/Final Object Repo/Page_Update Add New Employee - ASSIST/DOB Date' is clicked on

2018-12-07 12:55:31 - [MESSAGE][PASSED] - Object: 'Object Repository/Final Object Repo/Page_Update Add New Employee - ASSIST/DOB Date' is clicked on

2018-12-07 12:55:31 - [TEST_STEP][PASSED] - click: Object: 'Object Repository/Final Object Repo/Page_Update Add New Employee - ASSIST/EmploymentStartDate Pop Up' is clicked on

2018-12-07 12:55:31 - [MESSAGE][PASSED] - Object: 'Object Repository/Final Object Repo/Page_Update Add New Employee - ASSIST/EmploymentStartDate Pop Up' is clicked on

2018-12-07 12:55:31 - [TEST_STEP][PASSED] - delay: Delayed 2 second(s)

2018-12-07 12:55:33 - [MESSAGE][PASSED] - Delayed 2 second(s)

2018-12-07 12:55:33 - [TEST_STEP][PASSED] - click: Object: 'Object Repository/Final Object Repo/Page_Update Add New Employee - ASSIST/Socso Employment StartDate Month' is clicked on

2018-12-07 12:55:33 - [MESSAGE][PASSED] - Object: 'Object Repository/Final Object Repo/Page_Update Add New Employee - ASSIST/Socso Employment StartDate Month' is clicked on

2018-12-07 12:55:33 - [TEST_STEP][PASSED] - delay: Delayed 1 second(s)

2018-12-07 12:55:34 - [MESSAGE][PASSED] - Delayed 1 second(s)

2018-12-07 12:55:34 - [TEST_STEP][PASSED] - click: Object: 'Object Repository/Final Object Repo/Page_Update Add New Employee - ASSIST/Select Socso Employement Startdate Month' is clicked on

2018-12-07 12:55:34 - [MESSAGE][PASSED] - Object: 'Object Repository/Final Object Repo/Page_Update Add New Employee - ASSIST/Select Socso Employement Startdate Month' is clicked on

2018-12-07 12:55:34 - [TEST_STEP][PASSED] - delay: Delayed 2 second(s)

2018-12-07 12:55:36 - [MESSAGE][PASSED] - Delayed 2 second(s)

2018-12-07 12:55:36 - [TEST_STEP][PASSED] - click: Object: 'Object Repository/Final Object Repo/Page_Update Add New Employee - ASSIST/Socso Employment StartDate Year' is clicked on

2018-12-07 12:55:36 - [MESSAGE][PASSED] - Object: 'Object Repository/Final Object Repo/Page_Update Add New Employee - ASSIST/Socso Employment StartDate Year' is clicked on

2018-12-07 12:55:36 - [TEST_STEP][PASSED] - delay: Delayed 1 second(s)

2018-12-07 12:55:37 - [MESSAGE][PASSED] - Delayed 1 second(s)

2018-12-07 12:55:37 - [TEST_STEP][PASSED] - click: Object: 'Object Repository/Final Object Repo/Page_Update Add New Employee - ASSIST/Select Socso Employment Startdate Year' is clicked on

2018-12-07 12:55:38 - [MESSAGE][PASSED] - Object: 'Object Repository/Final Object Repo/Page_Update Add New Employee - ASSIST/Select Socso Employment Startdate Year' is clicked on

2018-12-07 12:55:38 - [TEST_STEP][PASSED] - delay: Delayed 2 second(s)

2018-12-07 12:55:40 - [MESSAGE][PASSED] - Delayed 2 second(s)

2018-12-07 12:55:40 - [TEST_STEP][PASSED] - click: Object: 'Object Repository/Final Object Repo/Page_Update Add New Employee - ASSIST/Socso Employment Start Date Day' is clicked on

2018-12-07 12:55:40 - [MESSAGE][PASSED] - Object: 'Object Repository/Final Object Repo/Page_Update Add New Employee - ASSIST/Socso Employment Start Date Day' is clicked on

2018-12-07 12:55:40 - [TEST_STEP][PASSED] - delay: Delayed 2 second(s)

2018-12-07 12:55:42 - [MESSAGE][PASSED] - Delayed 2 second(s)

2018-12-07 12:55:42 - [TEST_STEP][PASSED] - click: Object: 'Object Repository/Final Object Repo/Page_Update Add New Employee - ASSIST/Save Button for Add Employee' is clicked on

2018-12-07 12:55:42 - [MESSAGE][PASSED] - Object: 'Object Repository/Final Object Repo/Page_Update Add New Employee - ASSIST/Save Button for Add Employee' is clicked on

2018-12-07 12:55:42 - [MESSAGE][PASSED] - Call Test Case 'Test Cases/Final Aug 2018 - PKS Automation/Registration Module/Workflow/Update Add New Employee/Template/Employee Adding/Employee Adding Action Repeat IC - set 2' successfully

2018-12-07 12:55:42 - [MESSAGE][PASSED] - Call Test Case 'Test Cases/Final Aug 2018 - PKS Automation/Registration Module/Workflow/Update Add New Employee/Template/Employee Adding/Employee Set Decider' successfully

2018-12-07 12:55:42 - [TEST_STEP][PASSED] - delay: Delayed 4 second(s)

2018-12-07 12:55:46 - [MESSAGE][PASSED] - Delayed 4 second(s)

2018-12-07 12:55:46 - [TEST_STEP][PASSED] - Statement - CaseReferenceNo = com.kms.katalon.core.webui.keyword.WebUiBuiltInKeywords.getText(com.kms.katalon.core.testobject.ObjectRepository.findTestObject(Final Object Repo/Page_Update Add New Employee - ASSIST/RefNo)): Text of object 'Object Repository/Final Object Repo/Page_Update Add New Employee - ASSIST/RefNo' is: 'CAN12201800002292'

2018-12-07 12:55:46 - [MESSAGE][PASSED] - Text of object 'Object Repository/Final Object Repo/Page_Update Add New Employee - ASSIST/RefNo' is: 'CAN12201800002292'

2018-12-07 12:55:46 - [TEST_STEP][PASSED] - callTestCase: Call Test Case 'Test Cases/Final Aug 2018 - PKS Automation/Common/Reference Number Setter' successfully

2018-12-07 12:55:46 - [TEST_CASE][PASSED] - Test Cases/Final Aug 2018 - PKS Automation/Common/Reference Number Setter: Test Cases/Final Aug 2018 - PKS Automation/Common/Reference Number Setter

2018-12-07 12:55:46 - [TEST_STEP][PASSED] - Statement - RefNoOldFile = new java.io.File(C://Users//Admin//Desktop//PKS//Automation Reference Point//KatalonReference.txt): null

2018-12-07 12:55:46 - [TEST_STEP][PASSED] - Statement - RefNoOldFile.delete(): null

2018-12-07 12:55:46 - [TEST_STEP][PASSED] - delay: Delayed 5 second(s)

2018-12-07 12:55:51 - [MESSAGE][PASSED] - Delayed 5 second(s)

2018-12-07 12:55:51 - [TEST_STEP][PASSED] - Statement - RefNo = new java.io.File(C://Users//Admin//Desktop//PKS//Automation Reference Point//KatalonReference.txt): null

2018-12-07 12:55:51 - [TEST_STEP][PASSED] - Statement - f2 = new java.io.FileWriter(RefNo, false): null

2018-12-07 12:55:51 - [TEST_STEP][PASSED] - Statement - f2.write(CaseReferenceNo): null

2018-12-07 12:55:51 - [TEST_STEP][PASSED] - Statement - f2.close(): null

2018-12-07 12:55:51 - [TEST_STEP][PASSED] - Statement - out.println("


" + CaseReferenceNo + "


"): null

2018-12-07 12:55:51 - [MESSAGE][PASSED] - Call Test Case 'Test Cases/Final Aug 2018 - PKS Automation/Common/Reference Number Setter' successfully

2018-12-07 12:55:51 - [TEST_STEP][PASSED] - delay: Delayed 5 second(s)

2018-12-07 12:55:56 - [MESSAGE][PASSED] - Delayed 5 second(s)

2018-12-07 12:55:56 - [TEST_STEP][PASSED] - click: Object: 'Object Repository/Final Object Repo/Page_Update Add New Employee - ASSIST/Save  Continue Button' is clicked on

2018-12-07 12:55:56 - [MESSAGE][PASSED] - Object: 'Object Repository/Final Object Repo/Page_Update Add New Employee - ASSIST/Save  Continue Button' is clicked on

2018-12-07 12:55:56 - [TEST_STEP][PASSED] - delay: Delayed 5 second(s)

2018-12-07 12:56:01 - [MESSAGE][PASSED] - Delayed 5 second(s)

2018-12-07 12:56:01 - [TEST_STEP][PASSED] - click: Object: 'Object Repository/Final Object Repo/Page_Update Add New Employee - ASSIST/Save  Continue Third Screen' is clicked on

2018-12-07 12:56:04 - [MESSAGE][PASSED] - Object: 'Object Repository/Final Object Repo/Page_Update Add New Employee - ASSIST/Save  Continue Third Screen' is clicked on

2018-12-07 12:56:04 - [TEST_STEP][PASSED] - delay: Delayed 4 second(s)

2018-12-07 12:56:08 - [MESSAGE][PASSED] - Delayed 4 second(s)

2018-12-07 12:56:08 - [TEST_STEP][PASSED] - click: Object: 'Object Repository/Final Object Repo/Page_Update Add New Employee - ASSIST/Save   Continue Supporting Doc Page' is clicked on

2018-12-07 12:56:09 - [MESSAGE][PASSED] - Object: 'Object Repository/Final Object Repo/Page_Update Add New Employee - ASSIST/Save   Continue Supporting Doc Page' is clicked on

2018-12-07 12:56:09 - [TEST_STEP][PASSED] - delay: Delayed 4 second(s)

2018-12-07 12:56:13 - [MESSAGE][PASSED] - Delayed 4 second(s)

2018-12-07 12:56:13 - [TEST_STEP][PASSED] - click: Object: 'Object Repository/Final Object Repo/Page_Update Add New Employee - ASSIST/Submit Button' is clicked on

2018-12-07 12:56:13 - [MESSAGE][PASSED] - Object: 'Object Repository/Final Object Repo/Page_Update Add New Employee - ASSIST/Submit Button' is clicked on

2018-12-07 12:56:13 - [TEST_STEP][PASSED] - delay: Delayed 4 second(s)

2018-12-07 12:56:17 - [MESSAGE][PASSED] - Delayed 4 second(s)

2018-12-07 12:56:17 - [TEST_STEP][PASSED] - click: Object: 'Object Repository/Final Object Repo/Page_Update Add New Employee - ASSIST/Confirm Submit Button' is clicked on

2018-12-07 12:56:17 - [MESSAGE][PASSED] - Object: 'Object Repository/Final Object Repo/Page_Update Add New Employee - ASSIST/Confirm Submit Button' is clicked on

2018-12-07 12:56:17 - [TEST_STEP][PASSED] - delay: Delayed 30 second(s)

2018-12-07 12:56:47 - [MESSAGE][PASSED] - Delayed 30 second(s)

2018-12-07 12:56:47 - [TEST_STEP][PASSED] - callTestCase: Call Test Case 'Test Cases/Final Aug 2018 - PKS Automation/Common/Screenshoting tool' successfully

2018-12-07 12:56:47 - [TEST_CASE][PASSED] - Test Cases/Final Aug 2018 - PKS Automation/Common/Screenshoting tool: Test Cases/Final Aug 2018 - PKS Automation/Common/Screenshoting tool

2018-12-07 12:56:47 - [TEST_STEP][PASSED] - delay: Delayed 15 second(s)

2018-12-07 12:57:02 - [MESSAGE][PASSED] - Delayed 15 second(s)

2018-12-07 12:57:02 - [TEST_STEP][PASSED] - Statement - driver = com.kms.katalon.core.webui.driver.DriverFactory.getWebDriver(): null

2018-12-07 12:57:02 - [TEST_STEP][PASSED] - Statement - driver.manage().timeouts().implicitlyWait(10, SECONDS): null

2018-12-07 12:57:02 - [TEST_STEP][PASSED] - Statement - PresavePath = KatalonScreenshots: null

2018-12-07 12:57:02 - [TEST_STEP][PASSED] - Statement - pathPrefix = "C:\Users\Public\Pictures\Sample Pictures\Katalon Screenshots\Automate Ending Screen": null

2018-12-07 12:57:02 - [TEST_STEP][PASSED] - Statement - finalPath = <not implemented yet for class: org.codehaus.groovy.ast.expr.EmptyExpression>: null

2018-12-07 12:57:02 - [TEST_STEP][PASSED] - Statement - scrFile = driver.getScreenshotAs(FILE): null

2018-12-07 12:57:02 - [TEST_STEP][PASSED] - Statement - PreSaveFile = new java.io.File(PresavePath): null

2018-12-07 12:57:02 - [TEST_STEP][PASSED] - Statement - counter = 0: null

2018-12-07 12:57:02 - [TEST_STEP][PASSED] - Statement - If (PreSaveFile.exists()): null

2018-12-07 12:57:02 - [TEST_STEP][PASSED] - Statement - While (PreSaveFile.exists()): null

2018-12-07 12:57:02 - [TEST_STEP][PASSED] - Statement - counter = counter + 1: null

2018-12-07 12:57:02 - [TEST_STEP][PASSED] - Statement - PreSaveFile = new java.io.File(((pathPrefix + java.lang.Integer.toString(counter)) + .png)): null

2018-12-07 12:57:02 - [TEST_STEP][PASSED] - Statement - counter = counter + 1: null

2018-12-07 12:57:02 - [TEST_STEP][PASSED] - Statement - PreSaveFile = new java.io.File(((pathPrefix + java.lang.Integer.toString(counter)) + .png)): null

2018-12-07 12:57:02 - [TEST_STEP][PASSED] - Statement - counter = counter + 1: null

2018-12-07 12:57:02 - [TEST_STEP][PASSED] - Statement - PreSaveFile = new java.io.File(((pathPrefix + java.lang.Integer.toString(counter)) + .png)): null

2018-12-07 12:57:02 - [TEST_STEP][PASSED] - Statement - counter = counter + 1: null

2018-12-07 12:57:02 - [TEST_STEP][PASSED] - Statement - PreSaveFile = new java.io.File(((pathPrefix + java.lang.Integer.toString(counter)) + .png)): null

2018-12-07 12:57:02 - [TEST_STEP][PASSED] - Statement - counter = counter + 1: null

2018-12-07 12:57:02 - [TEST_STEP][PASSED] - Statement - PreSaveFile = new java.io.File(((pathPrefix + java.lang.Integer.toString(counter)) + .png)): null

2018-12-07 12:57:02 - [TEST_STEP][PASSED] - Statement - counter = counter + 1: null

2018-12-07 12:57:02 - [TEST_STEP][PASSED] - Statement - PreSaveFile = new java.io.File(((pathPrefix + java.lang.Integer.toString(counter)) + .png)): null

2018-12-07 12:57:02 - [TEST_STEP][PASSED] - Statement - counter = counter + 1: null

2018-12-07 12:57:02 - [TEST_STEP][PASSED] - Statement - PreSaveFile = new java.io.File(((pathPrefix + java.lang.Integer.toString(counter)) + .png)): null

2018-12-07 12:57:02 - [TEST_STEP][PASSED] - Statement - counter = counter + 1: null

2018-12-07 12:57:02 - [TEST_STEP][PASSED] - Statement - PreSaveFile = new java.io.File(((pathPrefix + java.lang.Integer.toString(counter)) + .png)): null

2018-12-07 12:57:02 - [TEST_STEP][PASSED] - Statement - counter = counter + 1: null

2018-12-07 12:57:02 - [TEST_STEP][PASSED] - Statement - PreSaveFile = new java.io.File(((pathPrefix + java.lang.Integer.toString(counter)) + .png)): null

2018-12-07 12:57:02 - [TEST_STEP][PASSED] - Statement - counter = counter + 1: null

2018-12-07 12:57:02 - [TEST_STEP][PASSED] - Statement - PreSaveFile = new java.io.File(((pathPrefix + java.lang.Integer.toString(counter)) + .png)): null

2018-12-07 12:57:02 - [TEST_STEP][PASSED] - Statement - counter = counter + 1: null

2018-12-07 12:57:02 - [TEST_STEP][PASSED] - Statement - PreSaveFile = new java.io.File(((pathPrefix + java.lang.Integer.toString(counter)) + .png)): null

2018-12-07 12:57:02 - [TEST_STEP][PASSED] - Statement - counter = counter + 1: null

2018-12-07 12:57:02 - [TEST_STEP][PASSED] - Statement - PreSaveFile = new java.io.File(((pathPrefix + java.lang.Integer.toString(counter)) + .png)): null

2018-12-07 12:57:02 - [TEST_STEP][PASSED] - Statement - counter = counter + 1: null

2018-12-07 12:57:02 - [TEST_STEP][PASSED] - Statement - PreSaveFile = new java.io.File(((pathPrefix + java.lang.Integer.toString(counter)) + .png)): null

2018-12-07 12:57:02 - [TEST_STEP][PASSED] - Statement - counter = counter + 1: null

2018-12-07 12:57:02 - [TEST_STEP][PASSED] - Statement - PreSaveFile = new java.io.File(((pathPrefix + java.lang.Integer.toString(counter)) + .png)): null

2018-12-07 12:57:02 - [TEST_STEP][PASSED] - Statement - counter = counter + 1: null

2018-12-07 12:57:02 - [TEST_STEP][PASSED] - Statement - PreSaveFile = new java.io.File(((pathPrefix + java.lang.Integer.toString(counter)) + .png)): null

2018-12-07 12:57:02 - [TEST_STEP][PASSED] - Statement - counter = counter + 1: null

2018-12-07 12:57:02 - [TEST_STEP][PASSED] - Statement - PreSaveFile = new java.io.File(((pathPrefix + java.lang.Integer.toString(counter)) + .png)): null

2018-12-07 12:57:02 - [TEST_STEP][PASSED] - Statement - counter = counter + 1: null

2018-12-07 12:57:02 - [TEST_STEP][PASSED] - Statement - PreSaveFile = new java.io.File(((pathPrefix + java.lang.Integer.toString(counter)) + .png)): null

2018-12-07 12:57:02 - [TEST_STEP][PASSED] - Statement - counter = counter + 1: null

2018-12-07 12:57:03 - [TEST_STEP][PASSED] - Statement - PreSaveFile = new java.io.File(((pathPrefix + java.lang.Integer.toString(counter)) + .png)): null

2018-12-07 12:57:03 - [TEST_STEP][PASSED] - Statement - counter = counter + 1: null

2018-12-07 12:57:03 - [TEST_STEP][PASSED] - Statement - PreSaveFile = new java.io.File(((pathPrefix + java.lang.Integer.toString(counter)) + .png)): null

2018-12-07 12:57:03 - [TEST_STEP][PASSED] - Statement - counter = counter + 1: null

2018-12-07 12:57:03 - [TEST_STEP][PASSED] - Statement - PreSaveFile = new java.io.File(((pathPrefix + java.lang.Integer.toString(counter)) + .png)): null

2018-12-07 12:57:03 - [TEST_STEP][PASSED] - Statement - counter = counter + 1: null

2018-12-07 12:57:03 - [TEST_STEP][PASSED] - Statement - PreSaveFile = new java.io.File(((pathPrefix + java.lang.Integer.toString(counter)) + .png)): null

2018-12-07 12:57:03 - [TEST_STEP][PASSED] - Statement - counter = counter + 1: null

2018-12-07 12:57:03 - [TEST_STEP][PASSED] - Statement - PreSaveFile = new java.io.File(((pathPrefix + java.lang.Integer.toString(counter)) + .png)): null

2018-12-07 12:57:03 - [TEST_STEP][PASSED] - Statement - counter = counter + 1: null

2018-12-07 12:57:03 - [TEST_STEP][PASSED] - Statement - PreSaveFile = new java.io.File(((pathPrefix + java.lang.Integer.toString(counter)) + .png)): null

2018-12-07 12:57:03 - [TEST_STEP][PASSED] - Statement - counter = counter + 1: null

2018-12-07 12:57:03 - [TEST_STEP][PASSED] - Statement - PreSaveFile = new java.io.File(((pathPrefix + java.lang.Integer.toString(counter)) + .png)): null

2018-12-07 12:57:03 - [TEST_STEP][PASSED] - Statement - counter = counter + 1: null

2018-12-07 12:57:03 - [TEST_STEP][PASSED] - Statement - PreSaveFile = new java.io.File(((pathPrefix + java.lang.Integer.toString(counter)) + .png)): null

2018-12-07 12:57:03 - [TEST_STEP][PASSED] - Statement - counter = counter + 1: null

2018-12-07 12:57:03 - [TEST_STEP][PASSED] - Statement - PreSaveFile = new java.io.File(((pathPrefix + java.lang.Integer.toString(counter)) + .png)): null

2018-12-07 12:57:03 - [TEST_STEP][PASSED] - Statement - counter = counter + 1: null

2018-12-07 12:57:03 - [TEST_STEP][PASSED] - Statement - PreSaveFile = new java.io.File(((pathPrefix + java.lang.Integer.toString(counter)) + .png)): null

2018-12-07 12:57:03 - [TEST_STEP][PASSED] - Statement - counter = counter + 1: null

2018-12-07 12:57:03 - [TEST_STEP][PASSED] - Statement - PreSaveFile = new java.io.File(((pathPrefix + java.lang.Integer.toString(counter)) + .png)): null

2018-12-07 12:57:03 - [TEST_STEP][PASSED] - Statement - counter = counter + 1: null

2018-12-07 12:57:03 - [TEST_STEP][PASSED] - Statement - PreSaveFile = new java.io.File(((pathPrefix + java.lang.Integer.toString(counter)) + .png)): null

2018-12-07 12:57:03 - [TEST_STEP][PASSED] - Statement - counter = counter + 1: null

2018-12-07 12:57:03 - [TEST_STEP][PASSED] - Statement - PreSaveFile = new java.io.File(((pathPrefix + java.lang.Integer.toString(counter)) + .png)): null

2018-12-07 12:57:03 - [TEST_STEP][PASSED] - Statement - counter = counter + 1: null

2018-12-07 12:57:03 - [TEST_STEP][PASSED] - Statement - PreSaveFile = new java.io.File(((pathPrefix + java.lang.Integer.toString(counter)) + .png)): null

2018-12-07 12:57:03 - [TEST_STEP][PASSED] - Statement - counter = counter + 1: null

2018-12-07 12:57:03 - [TEST_STEP][PASSED] - Statement - PreSaveFile = new java.io.File(((pathPrefix + java.lang.Integer.toString(counter)) + .png)): null

2018-12-07 12:57:04 - [TEST_STEP][PASSED] - Statement - counter = counter + 1: null

2018-12-07 12:57:04 - [TEST_STEP][PASSED] - Statement - PreSaveFile = new java.io.File(((pathPrefix + java.lang.Integer.toString(counter)) + .png)): null

2018-12-07 12:57:04 - [TEST_STEP][PASSED] - Statement - counter = counter + 1: null

2018-12-07 12:57:04 - [TEST_STEP][PASSED] - Statement - PreSaveFile = new java.io.File(((pathPrefix + java.lang.Integer.toString(counter)) + .png)): null

2018-12-07 12:57:04 - [TEST_STEP][PASSED] - Statement - counter = counter + 1: null

2018-12-07 12:57:04 - [TEST_STEP][PASSED] - Statement - PreSaveFile = new java.io.File(((pathPrefix + java.lang.Integer.toString(counter)) + .png)): null

2018-12-07 12:57:04 - [TEST_STEP][PASSED] - Statement - counter = counter + 1: null

2018-12-07 12:57:04 - [TEST_STEP][PASSED] - Statement - PreSaveFile = new java.io.File(((pathPrefix + java.lang.Integer.toString(counter)) + .png)): null

2018-12-07 12:57:04 - [TEST_STEP][PASSED] - Statement - counter = counter + 1: null

2018-12-07 12:57:04 - [TEST_STEP][PASSED] - Statement - PreSaveFile = new java.io.File(((pathPrefix + java.lang.Integer.toString(counter)) + .png)): null

2018-12-07 12:57:04 - [TEST_STEP][PASSED] - Statement - counter = counter + 1: null

2018-12-07 12:57:04 - [TEST_STEP][PASSED] - Statement - PreSaveFile = new java.io.File(((pathPrefix + java.lang.Integer.toString(counter)) + .png)): null

2018-12-07 12:57:04 - [TEST_STEP][PASSED] - Statement - counter = counter + 1: null

2018-12-07 12:57:04 - [TEST_STEP][PASSED] - Statement - PreSaveFile = new java.io.File(((pathPrefix + java.lang.Integer.toString(counter)) + .png)): null

2018-12-07 12:57:04 - [TEST_STEP][PASSED] - Statement - counter = counter + 1: null

2018-12-07 12:57:04 - [TEST_STEP][PASSED] - Statement - PreSaveFile = new java.io.File(((pathPrefix + java.lang.Integer.toString(counter)) + .png)): null

2018-12-07 12:57:04 - [TEST_STEP][PASSED] - Statement - counter = counter + 1: null

2018-12-07 12:57:04 - [TEST_STEP][PASSED] - Statement - PreSaveFile = new java.io.File(((pathPrefix + java.lang.Integer.toString(counter)) + .png)): null

2018-12-07 12:57:04 - [TEST_STEP][PASSED] - Statement - counter = counter + 1: null

2018-12-07 12:57:04 - [TEST_STEP][PASSED] - Statement - PreSaveFile = new java.io.File(((pathPrefix + java.lang.Integer.toString(counter)) + .png)): null

2018-12-07 12:57:04 - [TEST_STEP][PASSED] - Statement - counter = counter + 1: null

2018-12-07 12:57:05 - [TEST_STEP][PASSED] - Statement - PreSaveFile = new java.io.File(((pathPrefix + java.lang.Integer.toString(counter)) + .png)): null

2018-12-07 12:57:05 - [TEST_STEP][PASSED] - Statement - counter = counter + 1: null

2018-12-07 12:57:05 - [TEST_STEP][PASSED] - Statement - PreSaveFile = new java.io.File(((pathPrefix + java.lang.Integer.toString(counter)) + .png)): null

2018-12-07 12:57:05 - [TEST_STEP][PASSED] - Statement - counter = counter + 1: null

2018-12-07 12:57:05 - [TEST_STEP][PASSED] - Statement - PreSaveFile = new java.io.File(((pathPrefix + java.lang.Integer.toString(counter)) + .png)): null

2018-12-07 12:57:05 - [TEST_STEP][PASSED] - Statement - counter = counter + 1: null

2018-12-07 12:57:05 - [TEST_STEP][PASSED] - Statement - PreSaveFile = new java.io.File(((pathPrefix + java.lang.Integer.toString(counter)) + .png)): null

2018-12-07 12:57:05 - [TEST_STEP][PASSED] - Statement - counter = counter + 1: null

2018-12-07 12:57:05 - [TEST_STEP][PASSED] - Statement - PreSaveFile = new java.io.File(((pathPrefix + java.lang.Integer.toString(counter)) + .png)): null

2018-12-07 12:57:05 - [TEST_STEP][PASSED] - Statement - counter = counter + 1: null

2018-12-07 12:57:05 - [TEST_STEP][PASSED] - Statement - PreSaveFile = new java.io.File(((pathPrefix + java.lang.Integer.toString(counter)) + .png)): null

2018-12-07 12:57:05 - [TEST_STEP][PASSED] - Statement - counter = counter + 1: null

2018-12-07 12:57:05 - [TEST_STEP][PASSED] - Statement - PreSaveFile = new java.io.File(((pathPrefix + java.lang.Integer.toString(counter)) + .png)): null

2018-12-07 12:57:05 - [TEST_STEP][PASSED] - Statement - counter = counter + 1: null

2018-12-07 12:57:05 - [TEST_STEP][PASSED] - Statement - PreSaveFile = new java.io.File(((pathPrefix + java.lang.Integer.toString(counter)) + .png)): null

2018-12-07 12:57:05 - [TEST_STEP][PASSED] - Statement - counter = counter + 1: null

2018-12-07 12:57:05 - [TEST_STEP][PASSED] - Statement - PreSaveFile = new java.io.File(((pathPrefix + java.lang.Integer.toString(counter)) + .png)): null

2018-12-07 12:57:05 - [TEST_STEP][PASSED] - Statement - counter = counter + 1: null

2018-12-07 12:57:05 - [TEST_STEP][PASSED] - Statement - PreSaveFile = new java.io.File(((pathPrefix + java.lang.Integer.toString(counter)) + .png)): null

2018-12-07 12:57:05 - [TEST_STEP][PASSED] - Statement - counter = counter + 1: null

2018-12-07 12:57:05 - [TEST_STEP][PASSED] - Statement - PreSaveFile = new java.io.File(((pathPrefix + java.lang.Integer.toString(counter)) + .png)): null

2018-12-07 12:57:05 - [TEST_STEP][PASSED] - Statement - counter = counter + 1: null

2018-12-07 12:57:05 - [TEST_STEP][PASSED] - Statement - PreSaveFile = new java.io.File(((pathPrefix + java.lang.Integer.toString(counter)) + .png)): null

2018-12-07 12:57:05 - [TEST_STEP][PASSED] - Statement - counter = counter + 1: null

2018-12-07 12:57:05 - [TEST_STEP][PASSED] - Statement - PreSaveFile = new java.io.File(((pathPrefix + java.lang.Integer.toString(counter)) + .png)): null

2018-12-07 12:57:05 - [TEST_STEP][PASSED] - Statement - counter = counter + 1: null

2018-12-07 12:57:05 - [TEST_STEP][PASSED] - Statement - PreSaveFile = new java.io.File(((pathPrefix + java.lang.Integer.toString(counter)) + .png)): null

2018-12-07 12:57:05 - [TEST_STEP][PASSED] - Statement - counter = counter + 1: null

2018-12-07 12:57:05 - [TEST_STEP][PASSED] - Statement - PreSaveFile = new java.io.File(((pathPrefix + java.lang.Integer.toString(counter)) + .png)): null

2018-12-07 12:57:05 - [TEST_STEP][PASSED] - Statement - counter = counter + 1: null

2018-12-07 12:57:05 - [TEST_STEP][PASSED] - Statement - PreSaveFile = new java.io.File(((pathPrefix + java.lang.Integer.toString(counter)) + .png)): null

2018-12-07 12:57:05 - [TEST_STEP][PASSED] - Statement - counter = counter + 1: null

2018-12-07 12:57:05 - [TEST_STEP][PASSED] - Statement - PreSaveFile = new java.io.File(((pathPrefix + java.lang.Integer.toString(counter)) + .png)): null

2018-12-07 12:57:05 - [TEST_STEP][PASSED] - Statement - counter = counter + 1: null

2018-12-07 12:57:05 - [TEST_STEP][PASSED] - Statement - PreSaveFile = new java.io.File(((pathPrefix + java.lang.Integer.toString(counter)) + .png)): null

2018-12-07 12:57:05 - [TEST_STEP][PASSED] - Statement - counter = counter + 1: null

2018-12-07 12:57:05 - [TEST_STEP][PASSED] - Statement - PreSaveFile = new java.io.File(((pathPrefix + java.lang.Integer.toString(counter)) + .png)): null

2018-12-07 12:57:05 - [TEST_STEP][PASSED] - Statement - counter = counter + 1: null

2018-12-07 12:57:05 - [TEST_STEP][PASSED] - Statement - PreSaveFile = new java.io.File(((pathPrefix + java.lang.Integer.toString(counter)) + .png)): null

2018-12-07 12:57:06 - [TEST_STEP][PASSED] - Statement - counter = counter + 1: null

2018-12-07 12:57:06 - [TEST_STEP][PASSED] - Statement - PreSaveFile = new java.io.File(((pathPrefix + java.lang.Integer.toString(counter)) + .png)): null

2018-12-07 12:57:06 - [TEST_STEP][PASSED] - Statement - counter = counter + 1: null

2018-12-07 12:57:06 - [TEST_STEP][PASSED] - Statement - PreSaveFile = new java.io.File(((pathPrefix + java.lang.Integer.toString(counter)) + .png)): null

2018-12-07 12:57:06 - [TEST_STEP][PASSED] - Statement - counter = counter + 1: null

2018-12-07 12:57:06 - [TEST_STEP][PASSED] - Statement - PreSaveFile = new java.io.File(((pathPrefix + java.lang.Integer.toString(counter)) + .png)): null

2018-12-07 12:57:06 - [TEST_STEP][PASSED] - Statement - counter = counter + 1: null

2018-12-07 12:57:06 - [TEST_STEP][PASSED] - Statement - PreSaveFile = new java.io.File(((pathPrefix + java.lang.Integer.toString(counter)) + .png)): null

2018-12-07 12:57:06 - [TEST_STEP][PASSED] - Statement - counter = counter + 1: null

2018-12-07 12:57:06 - [TEST_STEP][PASSED] - Statement - PreSaveFile = new java.io.File(((pathPrefix + java.lang.Integer.toString(counter)) + .png)): null

2018-12-07 12:57:06 - [TEST_STEP][PASSED] - Statement - counter = counter + 1: null

2018-12-07 12:57:06 - [TEST_STEP][PASSED] - Statement - PreSaveFile = new java.io.File(((pathPrefix + java.lang.Integer.toString(counter)) + .png)): null

2018-12-07 12:57:06 - [TEST_STEP][PASSED] - Statement - counter = counter + 1: null

2018-12-07 12:57:06 - [TEST_STEP][PASSED] - Statement - PreSaveFile = new java.io.File(((pathPrefix + java.lang.Integer.toString(counter)) + .png)): null

2018-12-07 12:57:06 - [TEST_STEP][PASSED] - Statement - counter = counter + 1: null

2018-12-07 12:57:06 - [TEST_STEP][PASSED] - Statement - PreSaveFile = new java.io.File(((pathPrefix + java.lang.Integer.toString(counter)) + .png)): null

2018-12-07 12:57:06 - [TEST_STEP][PASSED] - Statement - counter = counter + 1: null

2018-12-07 12:57:06 - [TEST_STEP][PASSED] - Statement - PreSaveFile = new java.io.File(((pathPrefix + java.lang.Integer.toString(counter)) + .png)): null

2018-12-07 12:57:06 - [TEST_STEP][PASSED] - Statement - counter = counter + 1: null

2018-12-07 12:57:06 - [TEST_STEP][PASSED] - Statement - PreSaveFile = new java.io.File(((pathPrefix + java.lang.Integer.toString(counter)) + .png)): null

2018-12-07 12:57:06 - [TEST_STEP][PASSED] - Statement - counter = counter + 1: null

2018-12-07 12:57:06 - [TEST_STEP][PASSED] - Statement - PreSaveFile = new java.io.File(((pathPrefix + java.lang.Integer.toString(counter)) + .png)): null

2018-12-07 12:57:06 - [TEST_STEP][PASSED] - Statement - counter = counter + 1: null

2018-12-07 12:57:06 - [TEST_STEP][PASSED] - Statement - PreSaveFile = new java.io.File(((pathPrefix + java.lang.Integer.toString(counter)) + .png)): null

2018-12-07 12:57:06 - [TEST_STEP][PASSED] - Statement - counter = counter + 1: null

2018-12-07 12:57:06 - [TEST_STEP][PASSED] - Statement - PreSaveFile = new java.io.File(((pathPrefix + java.lang.Integer.toString(counter)) + .png)): null

2018-12-07 12:57:06 - [TEST_STEP][PASSED] - Statement - counter = counter + 1: null

2018-12-07 12:57:06 - [TEST_STEP][PASSED] - Statement - PreSaveFile = new java.io.File(((pathPrefix + java.lang.Integer.toString(counter)) + .png)): null

2018-12-07 12:57:06 - [TEST_STEP][PASSED] - Statement - counter = counter + 1: null

2018-12-07 12:57:07 - [TEST_STEP][PASSED] - Statement - PreSaveFile = new java.io.File(((pathPrefix + java.lang.Integer.toString(counter)) + .png)): null

2018-12-07 12:57:07 - [TEST_STEP][PASSED] - Statement - counter = counter + 1: null

2018-12-07 12:57:07 - [TEST_STEP][PASSED] - Statement - PreSaveFile = new java.io.File(((pathPrefix + java.lang.Integer.toString(counter)) + .png)): null

2018-12-07 12:57:07 - [TEST_STEP][PASSED] - Statement - counter = counter + 1: null

2018-12-07 12:57:07 - [TEST_STEP][PASSED] - Statement - PreSaveFile = new java.io.File(((pathPrefix + java.lang.Integer.toString(counter)) + .png)): null

2018-12-07 12:57:07 - [TEST_STEP][PASSED] - Statement - counter = counter + 1: null

2018-12-07 12:57:07 - [TEST_STEP][PASSED] - Statement - PreSaveFile = new java.io.File(((pathPrefix + java.lang.Integer.toString(counter)) + .png)): null

2018-12-07 12:57:07 - [TEST_STEP][PASSED] - Statement - counter = counter + 1: null

2018-12-07 12:57:07 - [TEST_STEP][PASSED] - Statement - PreSaveFile = new java.io.File(((pathPrefix + java.lang.Integer.toString(counter)) + .png)): null

2018-12-07 12:57:07 - [TEST_STEP][PASSED] - Statement - counter = counter + 1: null

2018-12-07 12:57:07 - [TEST_STEP][PASSED] - Statement - PreSaveFile = new java.io.File(((pathPrefix + java.lang.Integer.toString(counter)) + .png)): null

2018-12-07 12:57:07 - [TEST_STEP][PASSED] - Statement - counter = counter + 1: null

2018-12-07 12:57:07 - [TEST_STEP][PASSED] - Statement - PreSaveFile = new java.io.File(((pathPrefix + java.lang.Integer.toString(counter)) + .png)): null

2018-12-07 12:57:07 - [TEST_STEP][PASSED] - Statement - counter = counter + 1: null

2018-12-07 12:57:07 - [TEST_STEP][PASSED] - Statement - PreSaveFile = new java.io.File(((pathPrefix + java.lang.Integer.toString(counter)) + .png)): null

2018-12-07 12:57:07 - [TEST_STEP][PASSED] - Statement - counter = counter + 1: null

2018-12-07 12:57:07 - [TEST_STEP][PASSED] - Statement - PreSaveFile = new java.io.File(((pathPrefix + java.lang.Integer.toString(counter)) + .png)): null

2018-12-07 12:57:07 - [TEST_STEP][PASSED] - Statement - counter = counter + 1: null

2018-12-07 12:57:07 - [TEST_STEP][PASSED] - Statement - PreSaveFile = new java.io.File(((pathPrefix + java.lang.Integer.toString(counter)) + .png)): null

2018-12-07 12:57:07 - [TEST_STEP][PASSED] - Statement - counter = counter + 1: null

2018-12-07 12:57:07 - [TEST_STEP][PASSED] - Statement - PreSaveFile = new java.io.File(((pathPrefix + java.lang.Integer.toString(counter)) + .png)): null

2018-12-07 12:57:07 - [TEST_STEP][PASSED] - Statement - counter = counter + 1: null

2018-12-07 12:57:07 - [TEST_STEP][PASSED] - Statement - PreSaveFile = new java.io.File(((pathPrefix + java.lang.Integer.toString(counter)) + .png)): null

2018-12-07 12:57:07 - [TEST_STEP][PASSED] - Statement - counter = counter + 1: null

2018-12-07 12:57:07 - [TEST_STEP][PASSED] - Statement - PreSaveFile = new java.io.File(((pathPrefix + java.lang.Integer.toString(counter)) + .png)): null

2018-12-07 12:57:07 - [TEST_STEP][PASSED] - Statement - counter = counter + 1: null

2018-12-07 12:57:07 - [TEST_STEP][PASSED] - Statement - PreSaveFile = new java.io.File(((pathPrefix + java.lang.Integer.toString(counter)) + .png)): null

2018-12-07 12:57:07 - [TEST_STEP][PASSED] - Statement - counter = counter + 1: null

2018-12-07 12:57:08 - [TEST_STEP][PASSED] - Statement - PreSaveFile = new java.io.File(((pathPrefix + java.lang.Integer.toString(counter)) + .png)): null

2018-12-07 12:57:08 - [TEST_STEP][PASSED] - Statement - counter = counter + 1: null

2018-12-07 12:57:08 - [TEST_STEP][PASSED] - Statement - PreSaveFile = new java.io.File(((pathPrefix + java.lang.Integer.toString(counter)) + .png)): null

2018-12-07 12:57:08 - [TEST_STEP][PASSED] - Statement - counter = counter + 1: null

2018-12-07 12:57:08 - [TEST_STEP][PASSED] - Statement - PreSaveFile = new java.io.File(((pathPrefix + java.lang.Integer.toString(counter)) + .png)): null

2018-12-07 12:57:08 - [TEST_STEP][PASSED] - Statement - counter = counter + 1: null

2018-12-07 12:57:08 - [TEST_STEP][PASSED] - Statement - PreSaveFile = new java.io.File(((pathPrefix + java.lang.Integer.toString(counter)) + .png)): null

2018-12-07 12:57:08 - [TEST_STEP][PASSED] - Statement - counter = counter + 1: null

2018-12-07 12:57:08 - [TEST_STEP][PASSED] - Statement - PreSaveFile = new java.io.File(((pathPrefix + java.lang.Integer.toString(counter)) + .png)): null

2018-12-07 12:57:08 - [TEST_STEP][PASSED] - Statement - counter = counter + 1: null

2018-12-07 12:57:08 - [TEST_STEP][PASSED] - Statement - PreSaveFile = new java.io.File(((pathPrefix + java.lang.Integer.toString(counter)) + .png)): null

2018-12-07 12:57:08 - [TEST_STEP][PASSED] - Statement - counter = counter + 1: null

2018-12-07 12:57:08 - [TEST_STEP][PASSED] - Statement - PreSaveFile = new java.io.File(((pathPrefix + java.lang.Integer.toString(counter)) + .png)): null

2018-12-07 12:57:08 - [TEST_STEP][PASSED] - Statement - counter = counter + 1: null

2018-12-07 12:57:08 - [TEST_STEP][PASSED] - Statement - PreSaveFile = new java.io.File(((pathPrefix + java.lang.Integer.toString(counter)) + .png)): null

2018-12-07 12:57:08 - [TEST_STEP][PASSED] - Statement - counter = counter + 1: null

2018-12-07 12:57:08 - [TEST_STEP][PASSED] - Statement - PreSaveFile = new java.io.File(((pathPrefix + java.lang.Integer.toString(counter)) + .png)): null

2018-12-07 12:57:08 - [TEST_STEP][PASSED] - Statement - counter = counter + 1: null

2018-12-07 12:57:08 - [TEST_STEP][PASSED] - Statement - PreSaveFile = new java.io.File(((pathPrefix + java.lang.Integer.toString(counter)) + .png)): null

2018-12-07 12:57:08 - [TEST_STEP][PASSED] - Statement - counter = counter + 1: null

2018-12-07 12:57:08 - [TEST_STEP][PASSED] - Statement - PreSaveFile = new java.io.File(((pathPrefix + java.lang.Integer.toString(counter)) + .png)): null

2018-12-07 12:57:08 - [TEST_STEP][PASSED] - Statement - counter = counter + 1: null

2018-12-07 12:57:08 - [TEST_STEP][PASSED] - Statement - PreSaveFile = new java.io.File(((pathPrefix + java.lang.Integer.toString(counter)) + .png)): null

2018-12-07 12:57:08 - [TEST_STEP][PASSED] - Statement - counter = counter + 1: null

2018-12-07 12:57:08 - [TEST_STEP][PASSED] - Statement - PreSaveFile = new java.io.File(((pathPrefix + java.lang.Integer.toString(counter)) + .png)): null

2018-12-07 12:57:08 - [TEST_STEP][PASSED] - Statement - counter = counter + 1: null

2018-12-07 12:57:08 - [TEST_STEP][PASSED] - Statement - PreSaveFile = new java.io.File(((pathPrefix + java.lang.Integer.toString(counter)) + .png)): null

2018-12-07 12:57:08 - [TEST_STEP][PASSED] - Statement - counter = counter + 1: null

2018-12-07 12:57:08 - [TEST_STEP][PASSED] - Statement - PreSaveFile = new java.io.File(((pathPrefix + java.lang.Integer.toString(counter)) + .png)): null

2018-12-07 12:57:08 - [TEST_STEP][PASSED] - Statement - counter = counter + 1: null

2018-12-07 12:57:08 - [TEST_STEP][PASSED] - Statement - PreSaveFile = new java.io.File(((pathPrefix + java.lang.Integer.toString(counter)) + .png)): null

2018-12-07 12:57:08 - [TEST_STEP][PASSED] - Statement - counter = counter + 1: null

2018-12-07 12:57:08 - [TEST_STEP][PASSED] - Statement - PreSaveFile = new java.io.File(((pathPrefix + java.lang.Integer.toString(counter)) + .png)): null

2018-12-07 12:57:08 - [TEST_STEP][PASSED] - Statement - counter = counter + 1: null

2018-12-07 12:57:08 - [TEST_STEP][PASSED] - Statement - PreSaveFile = new java.io.File(((pathPrefix + java.lang.Integer.toString(counter)) + .png)): null

2018-12-07 12:57:08 - [TEST_STEP][PASSED] - Statement - counter = counter + 1: null

2018-12-07 12:57:08 - [TEST_STEP][PASSED] - Statement - PreSaveFile = new java.io.File(((pathPrefix + java.lang.Integer.toString(counter)) + .png)): null

2018-12-07 12:57:08 - [TEST_STEP][PASSED] - Statement - counter = counter + 1: null

2018-12-07 12:57:09 - [TEST_STEP][PASSED] - Statement - PreSaveFile = new java.io.File(((pathPrefix + java.lang.Integer.toString(counter)) + .png)): null

2018-12-07 12:57:09 - [TEST_STEP][PASSED] - Statement - counter = counter + 1: null

2018-12-07 12:57:09 - [TEST_STEP][PASSED] - Statement - PreSaveFile = new java.io.File(((pathPrefix + java.lang.Integer.toString(counter)) + .png)): null

2018-12-07 12:57:09 - [TEST_STEP][PASSED] - Statement - counter = counter + 1: null

2018-12-07 12:57:09 - [TEST_STEP][PASSED] - Statement - PreSaveFile = new java.io.File(((pathPrefix + java.lang.Integer.toString(counter)) + .png)): null

2018-12-07 12:57:09 - [TEST_STEP][PASSED] - Statement - counter = counter + 1: null

2018-12-07 12:57:09 - [TEST_STEP][PASSED] - Statement - PreSaveFile = new java.io.File(((pathPrefix + java.lang.Integer.toString(counter)) + .png)): null

2018-12-07 12:57:09 - [TEST_STEP][PASSED] - Statement - counter = counter + 1: null

2018-12-07 12:57:09 - [TEST_STEP][PASSED] - Statement - PreSaveFile = new java.io.File(((pathPrefix + java.lang.Integer.toString(counter)) + .png)): null

2018-12-07 12:57:09 - [TEST_STEP][PASSED] - Statement - counter = counter + 1: null

2018-12-07 12:57:09 - [TEST_STEP][PASSED] - Statement - PreSaveFile = new java.io.File(((pathPrefix + java.lang.Integer.toString(counter)) + .png)): null

2018-12-07 12:57:09 - [TEST_STEP][PASSED] - Statement - counter = counter + 1: null

2018-12-07 12:57:09 - [TEST_STEP][PASSED] - Statement - PreSaveFile = new java.io.File(((pathPrefix + java.lang.Integer.toString(counter)) + .png)): null

2018-12-07 12:57:09 - [TEST_STEP][PASSED] - Statement - counter = counter + 1: null

2018-12-07 12:57:09 - [TEST_STEP][PASSED] - Statement - PreSaveFile = new java.io.File(((pathPrefix + java.lang.Integer.toString(counter)) + .png)): null

2018-12-07 12:57:09 - [TEST_STEP][PASSED] - Statement - counter = counter + 1: null

2018-12-07 12:57:09 - [TEST_STEP][PASSED] - Statement - PreSaveFile = new java.io.File(((pathPrefix + java.lang.Integer.toString(counter)) + .png)): null

2018-12-07 12:57:09 - [TEST_STEP][PASSED] - Statement - counter = counter + 1: null

2018-12-07 12:57:09 - [TEST_STEP][PASSED] - Statement - PreSaveFile = new java.io.File(((pathPrefix + java.lang.Integer.toString(counter)) + .png)): null

2018-12-07 12:57:09 - [TEST_STEP][PASSED] - Statement - counter = counter + 1: null

2018-12-07 12:57:09 - [TEST_STEP][PASSED] - Statement - PreSaveFile = new java.io.File(((pathPrefix + java.lang.Integer.toString(counter)) + .png)): null

2018-12-07 12:57:09 - [TEST_STEP][PASSED] - Statement - counter = counter + 1: null

2018-12-07 12:57:09 - [TEST_STEP][PASSED] - Statement - PreSaveFile = new java.io.File(((pathPrefix + java.lang.Integer.toString(counter)) + .png)): null

2018-12-07 12:57:09 - [TEST_STEP][PASSED] - Statement - counter = counter + 1: null

2018-12-07 12:57:09 - [TEST_STEP][PASSED] - Statement - PreSaveFile = new java.io.File(((pathPrefix + java.lang.Integer.toString(counter)) + .png)): null

2018-12-07 12:57:09 - [TEST_STEP][PASSED] - Statement - counter = counter + 1: null

2018-12-07 12:57:09 - [TEST_STEP][PASSED] - Statement - PreSaveFile = new java.io.File(((pathPrefix + java.lang.Integer.toString(counter)) + .png)): null

2018-12-07 12:57:09 - [TEST_STEP][PASSED] - Statement - counter = counter + 1: null

2018-12-07 12:57:09 - [TEST_STEP][PASSED] - Statement - PreSaveFile = new java.io.File(((pathPrefix + java.lang.Integer.toString(counter)) + .png)): null

2018-12-07 12:57:10 - [TEST_STEP][PASSED] - Statement - counter = counter + 1: null

2018-12-07 12:57:10 - [TEST_STEP][PASSED] - Statement - PreSaveFile = new java.io.File(((pathPrefix + java.lang.Integer.toString(counter)) + .png)): null

2018-12-07 12:57:10 - [TEST_STEP][PASSED] - Statement - counter = counter + 1: null

2018-12-07 12:57:10 - [TEST_STEP][PASSED] - Statement - PreSaveFile = new java.io.File(((pathPrefix + java.lang.Integer.toString(counter)) + .png)): null

2018-12-07 12:57:10 - [TEST_STEP][PASSED] - Statement - counter = counter + 1: null

2018-12-07 12:57:10 - [TEST_STEP][PASSED] - Statement - PreSaveFile = new java.io.File(((pathPrefix + java.lang.Integer.toString(counter)) + .png)): null

2018-12-07 12:57:10 - [TEST_STEP][PASSED] - Statement - counter = counter + 1: null

2018-12-07 12:57:10 - [TEST_STEP][PASSED] - Statement - PreSaveFile = new java.io.File(((pathPrefix + java.lang.Integer.toString(counter)) + .png)): null

2018-12-07 12:57:10 - [TEST_STEP][PASSED] - Statement - counter = counter + 1: null

2018-12-07 12:57:10 - [TEST_STEP][PASSED] - Statement - PreSaveFile = new java.io.File(((pathPrefix + java.lang.Integer.toString(counter)) + .png)): null

2018-12-07 12:57:10 - [TEST_STEP][PASSED] - Statement - counter = counter + 1: null

2018-12-07 12:57:10 - [TEST_STEP][PASSED] - Statement - PreSaveFile = new java.io.File(((pathPrefix + java.lang.Integer.toString(counter)) + .png)): null

2018-12-07 12:57:10 - [TEST_STEP][PASSED] - Statement - counter = counter + 1: null

2018-12-07 12:57:10 - [TEST_STEP][PASSED] - Statement - PreSaveFile = new java.io.File(((pathPrefix + java.lang.Integer.toString(counter)) + .png)): null

2018-12-07 12:57:10 - [TEST_STEP][PASSED] - Statement - counter = counter + 1: null

2018-12-07 12:57:10 - [TEST_STEP][PASSED] - Statement - PreSaveFile = new java.io.File(((pathPrefix + java.lang.Integer.toString(counter)) + .png)): null

2018-12-07 12:57:10 - [TEST_STEP][PASSED] - Statement - counter = counter + 1: null

2018-12-07 12:57:10 - [TEST_STEP][PASSED] - Statement - PreSaveFile = new java.io.File(((pathPrefix + java.lang.Integer.toString(counter)) + .png)): null

2018-12-07 12:57:10 - [TEST_STEP][PASSED] - Statement - counter = counter + 1: null

2018-12-07 12:57:10 - [TEST_STEP][PASSED] - Statement - PreSaveFile = new java.io.File(((pathPrefix + java.lang.Integer.toString(counter)) + .png)): null

2018-12-07 12:57:10 - [TEST_STEP][PASSED] - Statement - counter = counter + 1: null

2018-12-07 12:57:10 - [TEST_STEP][PASSED] - Statement - PreSaveFile = new java.io.File(((pathPrefix + java.lang.Integer.toString(counter)) + .png)): null

2018-12-07 12:57:10 - [TEST_STEP][PASSED] - Statement - counter = counter + 1: null

2018-12-07 12:57:10 - [TEST_STEP][PASSED] - Statement - PreSaveFile = new java.io.File(((pathPrefix + java.lang.Integer.toString(counter)) + .png)): null

2018-12-07 12:57:10 - [TEST_STEP][PASSED] - Statement - counter = counter + 1: null

2018-12-07 12:57:10 - [TEST_STEP][PASSED] - Statement - PreSaveFile = new java.io.File(((pathPrefix + java.lang.Integer.toString(counter)) + .png)): null

2018-12-07 12:57:10 - [TEST_STEP][PASSED] - Statement - counter = counter + 1: null

2018-12-07 12:57:10 - [TEST_STEP][PASSED] - Statement - PreSaveFile = new java.io.File(((pathPrefix + java.lang.Integer.toString(counter)) + .png)): null

2018-12-07 12:57:10 - [TEST_STEP][PASSED] - Statement - counter = counter + 1: null

2018-12-07 12:57:11 - [TEST_STEP][PASSED] - Statement - PreSaveFile = new java.io.File(((pathPrefix + java.lang.Integer.toString(counter)) + .png)): null

2018-12-07 12:57:11 - [TEST_STEP][PASSED] - Statement - counter = counter + 1: null

2018-12-07 12:57:11 - [TEST_STEP][PASSED] - Statement - PreSaveFile = new java.io.File(((pathPrefix + java.lang.Integer.toString(counter)) + .png)): null

2018-12-07 12:57:11 - [TEST_STEP][PASSED] - Statement - counter = counter + 1: null

2018-12-07 12:57:11 - [TEST_STEP][PASSED] - Statement - PreSaveFile = new java.io.File(((pathPrefix + java.lang.Integer.toString(counter)) + .png)): null

2018-12-07 12:57:11 - [TEST_STEP][PASSED] - Statement - finalPath = pathPrefix + java.lang.Integer.toString(counter) + ".png": null

2018-12-07 12:57:11 - [TEST_STEP][PASSED] - Statement - SaveFile = new java.io.File(finalPath): null

2018-12-07 12:57:11 - [TEST_STEP][PASSED] - Statement - Try: null

2018-12-07 12:57:11 - [TEST_STEP][PASSED] - Statement - org.apache.commons.io.FileUtils.copyFile(scrFile, SaveFile): null

2018-12-07 12:57:11 - [TEST_STEP][PASSED] - Statement - out.println("file kept"): null

2018-12-07 12:57:11 - [TEST_STEP][PASSED] - delay: Delayed 10 second(s)

2018-12-07 12:57:21 - [MESSAGE][PASSED] - Delayed 10 second(s)

2018-12-07 12:57:21 - [MESSAGE][PASSED] - Call Test Case 'Test Cases/Final Aug 2018 - PKS Automation/Common/Screenshoting tool' successfully

2018-12-07 12:57:21 - [TEST_STEP][PASSED] - callTestCase: Call Test Case 'Test Cases/Final Aug 2018 - PKS Automation/Registration Module/Log Out/log out avoiding katalon tagging' successfully

2018-12-07 12:57:21 - [TEST_CASE][PASSED] - Test Cases/Final Aug 2018 - PKS Automation/Registration Module/Log Out/log out avoiding katalon tagging: Test Cases/Final Aug 2018 - PKS Automation/Registration Module/Log Out/log out avoiding katalon tagging

2018-12-07 12:57:21 - [TEST_STEP][PASSED] - navigateToUrl: Navigate to 'https://assist2-uat.perkeso.gov.my/c/portal/logout' successfully

2018-12-07 12:57:22 - [MESSAGE][PASSED] - Navigate to 'https://assist2-uat.perkeso.gov.my/c/portal/logout' successfully

2018-12-07 12:57:22 - [MESSAGE][PASSED] - Call Test Case 'Test Cases/Final Aug 2018 - PKS Automation/Registration Module/Log Out/log out avoiding katalon tagging' successfully

2018-12-07 12:57:22 - [TEST_STEP][PASSED] - callTestCase: Call Test Case 'Test Cases/Final Aug 2018 - PKS Automation/Common/Workflow Owner Finder' successfully

2018-12-07 12:57:22 - [TEST_CASE][PASSED] - Test Cases/Final Aug 2018 - PKS Automation/Common/Workflow Owner Finder: Test Cases/Final Aug 2018 - PKS Automation/Common/Workflow Owner Finder

2018-12-07 12:57:22 - [TEST_STEP][PASSED] - openBrowser: Browser is opened with url: ''

2018-12-07 12:57:22 - [MESSAGE][WARNING] - A browser is already opened. Closing browser and opening a new one

2018-12-07 12:57:25 - [MESSAGE][PASSED] - Browser is opened with url: ''

2018-12-07 12:57:25 - [TEST_STEP][PASSED] - navigateToUrl: Navigate to 'https://assist2-uat.perkeso.gov.my/login' successfully

2018-12-07 12:57:26 - [MESSAGE][PASSED] - Navigate to 'https://assist2-uat.perkeso.gov.my/login' successfully

2018-12-07 12:57:26 - [TEST_STEP][PASSED] - delay: Delayed 5 second(s)

2018-12-07 12:57:31 - [MESSAGE][PASSED] - Delayed 5 second(s)

2018-12-07 12:57:31 - [TEST_STEP][PASSED] - setText: Text 'test@liferay.com' is set on object 'Object Repository/Final Object Repo/Login Page/Internal User/Email Address'

2018-12-07 12:57:32 - [MESSAGE][PASSED] - Text 'test@liferay.com' is set on object 'Object Repository/Final Object Repo/Login Page/Internal User/Email Address'

2018-12-07 12:57:32 - [TEST_STEP][PASSED] - click: Object: 'Object Repository/Final Object Repo/Login Page/Internal User/Next Button' is clicked on

2018-12-07 12:57:32 - [MESSAGE][PASSED] - Object: 'Object Repository/Final Object Repo/Login Page/Internal User/Next Button' is clicked on

2018-12-07 12:57:32 - [TEST_STEP][PASSED] - delay: Delayed 2 second(s)

2018-12-07 12:57:34 - [MESSAGE][PASSED] - Delayed 2 second(s)

2018-12-07 12:57:34 - [TEST_STEP][PASSED] - setText: Text 'test' is set on object 'Object Repository/Final Object Repo/Login Page/Internal User/Password'

2018-12-07 12:57:34 - [MESSAGE][PASSED] - Text 'test' is set on object 'Object Repository/Final Object Repo/Login Page/Internal User/Password'

2018-12-07 12:57:34 - [TEST_STEP][PASSED] - delay: Delayed 2 second(s)

2018-12-07 12:57:36 - [MESSAGE][PASSED] - Delayed 2 second(s)

2018-12-07 12:57:36 - [TEST_STEP][PASSED] - click: Object: 'Object Repository/Final Object Repo/Login Page/Internal User/Login Button' is clicked on

2018-12-07 12:57:36 - [MESSAGE][PASSED] - Object: 'Object Repository/Final Object Repo/Login Page/Internal User/Login Button' is clicked on

2018-12-07 12:57:36 - [TEST_STEP][PASSED] - Statement - tester = com.kms.katalon.core.testobject.ObjectRepository.findTestObject(Final Object Repo/Landing Page/Select to English): Finding Test Object with id 'Object Repository/Final Object Repo/Landing Page/Select to English'

2018-12-07 12:57:36 - [TEST_STEP][PASSED] - Statement - Try: Delayed 2 second(s)

2018-12-07 12:57:36 - [TEST_STEP][PASSED] - Statement - Checker = com.kms.katalon.core.webui.keyword.WebUiBuiltInKeywords.verifyElementNotPresent(tester, 3): Web element with id: 'Object Repository/Final Object Repo/Landing Page/Select to English' located by 'By.xpath: //a[@class = 'taglib-language-list-text' and @lang = 'en-US' and (contains(text(), 'EN') or contains(., 'EN'))]' is not present after '3' second(s)

2018-12-07 12:57:38 - [MESSAGE][PASSED] - Web element with id: 'Object Repository/Final Object Repo/Landing Page/Select to English' located by 'By.xpath: //a[@class = 'taglib-language-list-text' and @lang = 'en-US' and (contains(text(), 'EN') or contains(., 'EN'))]' is not present after '3' second(s)

2018-12-07 12:57:38 - [TEST_STEP][PASSED] - Statement - If (Checker == false): null

2018-12-07 12:57:38 - [TEST_STEP][PASSED] - delay: Delayed 2 second(s)

2018-12-07 12:57:40 - [MESSAGE][PASSED] - Delayed 2 second(s)

2018-12-07 12:57:40 - [TEST_STEP][PASSED] - delay: Delayed 5 second(s)

2018-12-07 12:57:45 - [MESSAGE][PASSED] - Delayed 5 second(s)

2018-12-07 12:57:45 - [TEST_STEP][PASSED] - mouseOver: Object: 'Object Repository/Final Object Repo/Landing Page/WorkFlow Menu' is hovered

2018-12-07 12:57:45 - [MESSAGE][PASSED] - Object: 'Object Repository/Final Object Repo/Landing Page/WorkFlow Menu' is hovered

2018-12-07 12:57:45 - [TEST_STEP][PASSED] - delay: Delayed 2 second(s)

2018-12-07 12:57:47 - [MESSAGE][PASSED] - Delayed 2 second(s)

2018-12-07 12:57:47 - [TEST_STEP][PASSED] - click: Object: 'Object Repository/Final Object Repo/Landing Page/Select to Workflow Listing' is clicked on

2018-12-07 12:57:48 - [MESSAGE][PASSED] - Object: 'Object Repository/Final Object Repo/Landing Page/Select to Workflow Listing' is clicked on

2018-12-07 12:57:48 - [TEST_STEP][PASSED] - delay: Delayed 2 second(s)

2018-12-07 12:57:50 - [MESSAGE][PASSED] - Delayed 2 second(s)

2018-12-07 12:57:50 - [TEST_STEP][PASSED] - click: Object: 'Object Repository/Final Object Repo/WorkFlow Listing Page/Search Information - To Put Ref No' is clicked on

2018-12-07 12:57:51 - [MESSAGE][PASSED] - Object: 'Object Repository/Final Object Repo/WorkFlow Listing Page/Search Information - To Put Ref No' is clicked on

2018-12-07 12:57:51 - [TEST_STEP][PASSED] - delay: Delayed 2 second(s)

2018-12-07 12:57:53 - [MESSAGE][PASSED] - Delayed 2 second(s)

2018-12-07 12:57:53 - [TEST_STEP][PASSED] - callTestCase: Call Test Case 'Test Cases/Final Aug 2018 - PKS Automation/Common/Reference Number Getter' successfully

2018-12-07 12:57:53 - [TEST_CASE][PASSED] - Test Cases/Final Aug 2018 - PKS Automation/Common/Reference Number Getter: Test Cases/Final Aug 2018 - PKS Automation/Common/Reference Number Getter

2018-12-07 12:57:53 - [TEST_STEP][PASSED] - Statement - Try: null

2018-12-07 12:57:53 - [TEST_STEP][PASSED] - Statement - RefNo = new java.io.File(C://Users//Admin//Desktop//PKS//Automation Reference Point//KatalonReference.txt): null

2018-12-07 12:57:53 - [TEST_STEP][PASSED] - Statement - bufferread = new java.io.BufferedReader(new java.io.FileReader(RefNo)): null

2018-12-07 12:57:53 - [TEST_STEP][PASSED] - Statement - readedVal = bufferread.readLine(): null

2018-12-07 12:57:53 - [TEST_STEP][PASSED] - Statement - out.println(CaseReferenceNo): null

2018-12-07 12:57:53 - [TEST_STEP][PASSED] - Statement - out.println(readedVal): null

2018-12-07 12:57:53 - [TEST_STEP][PASSED] - Statement - CaseReferenceNo = "": null

2018-12-07 12:57:53 - [TEST_STEP][PASSED] - Statement - CaseReferenceNo = readedVal: null

2018-12-07 12:57:53 - [MESSAGE][PASSED] - Call Test Case 'Test Cases/Final Aug 2018 - PKS Automation/Common/Reference Number Getter' successfully

2018-12-07 12:57:53 - [TEST_STEP][PASSED] - setText: Text 'CAN12201800002292' is set on object 'Object Repository/Final Object Repo/WorkFlow Listing Page/Ref No Set Text'

2018-12-07 12:57:53 - [MESSAGE][PASSED] - Text 'CAN12201800002292' is set on object 'Object Repository/Final Object Repo/WorkFlow Listing Page/Ref No Set Text'

2018-12-07 12:57:53 - [TEST_STEP][PASSED] - delay: Delayed 2 second(s)

2018-12-07 12:57:55 - [MESSAGE][PASSED] - Delayed 2 second(s)

2018-12-07 12:57:55 - [TEST_STEP][PASSED] - click: Object: 'Object Repository/Final Object Repo/WorkFlow Listing Page/Search Ref No Search Button' is clicked on

2018-12-07 12:57:55 - [MESSAGE][PASSED] - Object: 'Object Repository/Final Object Repo/WorkFlow Listing Page/Search Ref No Search Button' is clicked on

2018-12-07 12:57:55 - [TEST_STEP][PASSED] - delay: Delayed 6 second(s)

2018-12-07 12:58:01 - [MESSAGE][PASSED] - Delayed 6 second(s)

2018-12-07 12:58:01 - [TEST_STEP][PASSED] - click: Object: 'Object Repository/Final Object Repo/WorkFlow Listing Page/Click Continue Tooltip' is clicked on

2018-12-07 12:58:02 - [MESSAGE][PASSED] - Object: 'Object Repository/Final Object Repo/WorkFlow Listing Page/Click Continue Tooltip' is clicked on

2018-12-07 12:58:02 - [TEST_STEP][PASSED] - delay: Delayed 5 second(s)

2018-12-07 12:58:07 - [MESSAGE][PASSED] - Delayed 5 second(s)

2018-12-07 12:58:07 - [TEST_STEP][PASSED] - doubleClick: Object: 'Object Repository/Final Object Repo/WorkFlow Listing Page/Workflow Found - Listing 1' is double clicked on

2018-12-07 12:58:08 - [MESSAGE][PASSED] - Object: 'Object Repository/Final Object Repo/WorkFlow Listing Page/Workflow Found - Listing 1' is double clicked on

2018-12-07 12:58:08 - [TEST_STEP][PASSED] - Statement - println(OwnerID): null

2018-12-07 12:58:08 - [TEST_STEP][PASSED] - Statement - OwnerID = com.kms.katalon.core.webui.keyword.WebUiBuiltInKeywords.getText(com.kms.katalon.core.testobject.ObjectRepository.findTestObject(Final Object Repo/WorkFlow Listing Page/Workflow Found - Listing 1), STOP_ON_FAILURE): Text of object 'Object Repository/Final Object Repo/WorkFlow Listing Page/Workflow Found - Listing 1' is: 'JOHORro3'

2018-12-07 12:58:08 - [MESSAGE][PASSED] - Text of object 'Object Repository/Final Object Repo/WorkFlow Listing Page/Workflow Found - Listing 1' is: 'JOHORro3'

2018-12-07 12:58:08 - [TEST_STEP][PASSED] - Statement - OwnerID = OwnerID.toLowerCase() + "@gmail.com": null

2018-12-07 12:58:08 - [TEST_STEP][PASSED] - Statement - println(OwnerID): null

2018-12-07 12:58:08 - [TEST_STEP][PASSED] - delay: Delayed 2 second(s)

2018-12-07 12:58:10 - [MESSAGE][PASSED] - Delayed 2 second(s)

2018-12-07 12:58:10 - [MESSAGE][PASSED] - Call Test Case 'Test Cases/Final Aug 2018 - PKS Automation/Common/Workflow Owner Finder' successfully

2018-12-07 12:58:10 - [TEST_STEP][PASSED] - callTestCase: Call Test Case 'Test Cases/Final Aug 2018 - PKS Automation/Registration Module/Log Out/log out avoiding katalon tagging' successfully

2018-12-07 12:58:10 - [TEST_CASE][PASSED] - Test Cases/Final Aug 2018 - PKS Automation/Registration Module/Log Out/log out avoiding katalon tagging: Test Cases/Final Aug 2018 - PKS Automation/Registration Module/Log Out/log out avoiding katalon tagging

2018-12-07 12:58:10 - [TEST_STEP][PASSED] - navigateToUrl: Navigate to 'https://assist2-uat.perkeso.gov.my/c/portal/logout' successfully

2018-12-07 12:58:11 - [MESSAGE][PASSED] - Navigate to 'https://assist2-uat.perkeso.gov.my/c/portal/logout' successfully

2018-12-07 12:58:11 - [MESSAGE][PASSED] - Call Test Case 'Test Cases/Final Aug 2018 - PKS Automation/Registration Module/Log Out/log out avoiding katalon tagging' successfully

2018-12-07 12:58:11 - [TEST_STEP][PASSED] - delay: Delayed 2 second(s)

2018-12-07 12:58:13 - [MESSAGE][PASSED] - Delayed 2 second(s)

2018-12-07 12:58:13 - [TEST_STEP][PASSED] - setText: Text 'johorro3@gmail.com' is set on object 'Object Repository/Final Object Repo/Page_Update Add New Employee - ASSIST/Email TextBox'

2018-12-07 12:58:13 - [MESSAGE][PASSED] - Text 'johorro3@gmail.com' is set on object 'Object Repository/Final Object Repo/Page_Update Add New Employee - ASSIST/Email TextBox'

2018-12-07 12:58:13 - [TEST_STEP][PASSED] - click: Object: 'Object Repository/Final Object Repo/Page_Update Add New Employee - ASSIST/Next Button' is clicked on

2018-12-07 12:58:13 - [MESSAGE][PASSED] - Object: 'Object Repository/Final Object Repo/Page_Update Add New Employee - ASSIST/Next Button' is clicked on

2018-12-07 12:58:13 - [TEST_STEP][PASSED] - delay: Delayed 2 second(s)

2018-12-07 12:58:15 - [MESSAGE][PASSED] - Delayed 2 second(s)

2018-12-07 12:58:15 - [TEST_STEP][PASSED] - setText: Text 'Test1@3456789' is set on object 'Object Repository/Final Object Repo/Page_Update Add New Employee - ASSIST/Password TextBox'

2018-12-07 12:58:15 - [MESSAGE][PASSED] - Text 'Test1@3456789' is set on object 'Object Repository/Final Object Repo/Page_Update Add New Employee - ASSIST/Password TextBox'

2018-12-07 12:58:15 - [TEST_STEP][PASSED] - delay: Delayed 2 second(s)

2018-12-07 12:58:17 - [MESSAGE][PASSED] - Delayed 2 second(s)

2018-12-07 12:58:17 - [TEST_STEP][PASSED] - click: Object: 'Object Repository/Final Object Repo/Page_Update Add New Employee - ASSIST/Login Button' is clicked on

2018-12-07 12:58:18 - [MESSAGE][PASSED] - Object: 'Object Repository/Final Object Repo/Page_Update Add New Employee - ASSIST/Login Button' is clicked on

2018-12-07 12:58:18 - [TEST_STEP][PASSED] - delay: Delayed 4 second(s)

2018-12-07 12:58:22 - [MESSAGE][PASSED] - Delayed 4 second(s)

2018-12-07 12:58:22 - [TEST_STEP][PASSED] - Statement - Try: Delayed 2 second(s)

2018-12-07 12:58:22 - [TEST_STEP][PASSED] - Statement - Checker = false: null

2018-12-07 12:58:22 - [TEST_STEP][PASSED] - Statement - Checker = com.kms.katalon.core.webui.keyword.WebUiBuiltInKeywords.verifyElementHasAttribute(com.kms.katalon.core.testobject.ObjectRepository.findTestObject(Final Object Repo/Landing Page/BM Detecting), "href", 20, OPTIONAL): Object 'Object Repository/Final Object Repo/Landing Page/BM Detecting' has attribute 'href'

2018-12-07 12:58:22 - [MESSAGE][PASSED] - Object 'Object Repository/Final Object Repo/Landing Page/BM Detecting' has attribute 'href'

2018-12-07 12:58:22 - [TEST_STEP][PASSED] - Statement - out.println(Checker): null

2018-12-07 12:58:22 - [TEST_STEP][PASSED] - Statement - If (Checker == false): null

2018-12-07 12:58:22 - [TEST_STEP][PASSED] - Statement - Else: null

2018-12-07 12:58:22 - [TEST_STEP][PASSED] - delay: Delayed 2 second(s)

2018-12-07 12:58:24 - [MESSAGE][PASSED] - Delayed 2 second(s)

2018-12-07 12:58:24 - [TEST_STEP][PASSED] - delay: Delayed 4 second(s)

2018-12-07 12:58:28 - [MESSAGE][PASSED] - Delayed 4 second(s)

2018-12-07 12:58:28 - [TEST_STEP][PASSED] - click: Object: 'Object Repository/Final Object Repo/New Registration - Registration Module Pages/New Reg - OTC to RO/Special Case - All Related Objects/Expand to Search' is clicked on

2018-12-07 12:58:28 - [MESSAGE][PASSED] - Object: 'Object Repository/Final Object Repo/New Registration - Registration Module Pages/New Reg - OTC to RO/Special Case - All Related Objects/Expand to Search' is clicked on

2018-12-07 12:58:28 - [TEST_STEP][PASSED] - delay: Delayed 2 second(s)

2018-12-07 12:58:30 - [MESSAGE][PASSED] - Delayed 2 second(s)

2018-12-07 12:58:30 - [TEST_STEP][PASSED] - setText: Text 'CAN12201800002292' is set on object 'Object Repository/Final Object Repo/New Registration - Registration Module Pages/New Reg - OTC to RO/Special Case - All Related Objects/TextBox RefNo in Workbasket'

2018-12-07 12:58:30 - [MESSAGE][PASSED] - Text 'CAN12201800002292' is set on object 'Object Repository/Final Object Repo/New Registration - Registration Module Pages/New Reg - OTC to RO/Special Case - All Related Objects/TextBox RefNo in Workbasket'

2018-12-07 12:58:30 - [TEST_STEP][PASSED] - delay: Delayed 2 second(s)

2018-12-07 12:58:32 - [MESSAGE][PASSED] - Delayed 2 second(s)

2018-12-07 12:58:32 - [TEST_STEP][PASSED] - click: Object: 'Object Repository/Final Object Repo/New Registration - Registration Module Pages/New Reg - OTC to RO/Special Case - All Related Objects/Click Search' is clicked on

2018-12-07 12:58:32 - [MESSAGE][PASSED] - Object: 'Object Repository/Final Object Repo/New Registration - Registration Module Pages/New Reg - OTC to RO/Special Case - All Related Objects/Click Search' is clicked on

2018-12-07 12:58:32 - [TEST_STEP][PASSED] - delay: Delayed 10 second(s)

2018-12-07 12:58:42 - [MESSAGE][PASSED] - Delayed 10 second(s)

2018-12-07 12:58:42 - [TEST_STEP][PASSED] - click: Object: 'Object Repository/Final Object Repo/New Registration - Registration Module Pages/New Reg - OTC to RO/Special Case - All Related Objects/Click to Continue Workflow' is clicked on

2018-12-07 12:58:46 - [MESSAGE][PASSED] - Object: 'Object Repository/Final Object Repo/New Registration - Registration Module Pages/New Reg - OTC to RO/Special Case - All Related Objects/Click to Continue Workflow' is clicked on

2018-12-07 12:58:46 - [TEST_STEP][PASSED] - delay: Delayed 10 second(s)

2018-12-07 12:58:56 - [MESSAGE][PASSED] - Delayed 10 second(s)

2018-12-07 12:58:56 - [TEST_STEP][PASSED] - click: Object: 'Object Repository/Final Object Repo/New Registration - Registration Module Pages/New Reg - OTC to RO/Special Case - All Related Objects/Continue Button in verifying case' is clicked on

2018-12-07 12:59:00 - [MESSAGE][PASSED] - Object: 'Object Repository/Final Object Repo/New Registration - Registration Module Pages/New Reg - OTC to RO/Special Case - All Related Objects/Continue Button in verifying case' is clicked on

2018-12-07 12:59:00 - [TEST_STEP][PASSED] - delay: Delayed 2 second(s)

2018-12-07 12:59:02 - [MESSAGE][PASSED] - Delayed 2 second(s)

2018-12-07 12:59:02 - [TEST_STEP][PASSED] - click: Object: 'Object Repository/Final Object Repo/Page_Update Add New Employee - ASSIST/Save  Continue Button' is clicked on

2018-12-07 12:59:02 - [MESSAGE][PASSED] - Object: 'Object Repository/Final Object Repo/Page_Update Add New Employee - ASSIST/Save  Continue Button' is clicked on

2018-12-07 12:59:02 - [TEST_STEP][PASSED] - delay: Delayed 8 second(s)

2018-12-07 12:59:10 - [MESSAGE][PASSED] - Delayed 8 second(s)

2018-12-07 12:59:10 - [TEST_STEP][PASSED] - click: Object: 'Object Repository/Final Object Repo/Page_Update Add New Employee - ASSIST/Save  Continue Third Screen' is clicked on

2018-12-07 12:59:14 - [MESSAGE][PASSED] - Object: 'Object Repository/Final Object Repo/Page_Update Add New Employee - ASSIST/Save  Continue Third Screen' is clicked on

2018-12-07 12:59:14 - [TEST_STEP][PASSED] - delay: Delayed 4 second(s)

2018-12-07 12:59:18 - [MESSAGE][PASSED] - Delayed 4 second(s)

2018-12-07 12:59:18 - [TEST_STEP][PASSED] - click: Object: 'Object Repository/Final Object Repo/Page_Update Add New Employee - ASSIST/Save   Continue Supporting Doc Page' is clicked on

2018-12-07 12:59:18 - [MESSAGE][PASSED] - Object: 'Object Repository/Final Object Repo/Page_Update Add New Employee - ASSIST/Save   Continue Supporting Doc Page' is clicked on

2018-12-07 12:59:18 - [TEST_STEP][PASSED] - delay: Delayed 4 second(s)

2018-12-07 12:59:22 - [MESSAGE][PASSED] - Delayed 4 second(s)

2018-12-07 12:59:22 - [TEST_STEP][PASSED] - click: Object: 'Object Repository/Final Object Repo/Page_Update Add New Employee - ASSIST/Under Enforcement Button at Preview Screen of RO' is clicked on

2018-12-07 12:59:22 - [MESSAGE][PASSED] - Object: 'Object Repository/Final Object Repo/Page_Update Add New Employee - ASSIST/Under Enforcement Button at Preview Screen of RO' is clicked on

2018-12-07 12:59:22 - [TEST_STEP][PASSED] - delay: Delayed 4 second(s)

2018-12-07 12:59:26 - [MESSAGE][PASSED] - Delayed 4 second(s)

2018-12-07 12:59:26 - [TEST_STEP][PASSED] - click: Object: 'Object Repository/Final Object Repo/Page_Update Add New Employee - ASSIST/Under Enforcement - inner form' is clicked on

2018-12-07 12:59:26 - [MESSAGE][PASSED] - Object: 'Object Repository/Final Object Repo/Page_Update Add New Employee - ASSIST/Under Enforcement - inner form' is clicked on

2018-12-07 12:59:26 - [TEST_STEP][PASSED] - delay: Delayed 4 second(s)

2018-12-07 12:59:30 - [MESSAGE][PASSED] - Delayed 4 second(s)

2018-12-07 12:59:30 - [TEST_STEP][PASSED] - callTestCase: Call Test Case 'Test Cases/Final Aug 2018 - PKS Automation/Common/Screenshoting tool' successfully

2018-12-07 12:59:30 - [TEST_CASE][PASSED] - Test Cases/Final Aug 2018 - PKS Automation/Common/Screenshoting tool: Test Cases/Final Aug 2018 - PKS Automation/Common/Screenshoting tool

2018-12-07 12:59:30 - [TEST_STEP][PASSED] - delay: Delayed 15 second(s)

2018-12-07 12:59:45 - [MESSAGE][PASSED] - Delayed 15 second(s)

2018-12-07 12:59:45 - [TEST_STEP][PASSED] - Statement - driver = com.kms.katalon.core.webui.driver.DriverFactory.getWebDriver(): null

2018-12-07 12:59:45 - [TEST_STEP][PASSED] - Statement - driver.manage().timeouts().implicitlyWait(10, SECONDS): null

2018-12-07 12:59:45 - [TEST_STEP][PASSED] - Statement - PresavePath = KatalonScreenshots: null

2018-12-07 12:59:45 - [TEST_STEP][PASSED] - Statement - pathPrefix = "C:\Users\Public\Pictures\Sample Pictures\Katalon Screenshots\Automate Ending Screen": null

2018-12-07 12:59:45 - [TEST_STEP][PASSED] - Statement - finalPath = <not implemented yet for class: org.codehaus.groovy.ast.expr.EmptyExpression>: null

2018-12-07 12:59:45 - [TEST_STEP][PASSED] - Statement - scrFile = driver.getScreenshotAs(FILE): null

2018-12-07 12:59:46 - [TEST_STEP][PASSED] - Statement - PreSaveFile = new java.io.File(PresavePath): null

2018-12-07 12:59:46 - [TEST_STEP][PASSED] - Statement - counter = 0: null

2018-12-07 12:59:46 - [TEST_STEP][PASSED] - Statement - If (PreSaveFile.exists()): null

2018-12-07 12:59:46 - [TEST_STEP][PASSED] - Statement - While (PreSaveFile.exists()): null

2018-12-07 12:59:46 - [TEST_STEP][PASSED] - Statement - counter = counter + 1: null

2018-12-07 12:59:46 - [TEST_STEP][PASSED] - Statement - PreSaveFile = new java.io.File(((pathPrefix + java.lang.Integer.toString(counter)) + .png)): null

2018-12-07 12:59:46 - [TEST_STEP][PASSED] - Statement - counter = counter + 1: null

2018-12-07 12:59:46 - [TEST_STEP][PASSED] - Statement - PreSaveFile = new java.io.File(((pathPrefix + java.lang.Integer.toString(counter)) + .png)): null

2018-12-07 12:59:46 - [TEST_STEP][PASSED] - Statement - counter = counter + 1: null

2018-12-07 12:59:46 - [TEST_STEP][PASSED] - Statement - PreSaveFile = new java.io.File(((pathPrefix + java.lang.Integer.toString(counter)) + .png)): null

2018-12-07 12:59:46 - [TEST_STEP][PASSED] - Statement - counter = counter + 1: null

2018-12-07 12:59:46 - [TEST_STEP][PASSED] - Statement - PreSaveFile = new java.io.File(((pathPrefix + java.lang.Integer.toString(counter)) + .png)): null

2018-12-07 12:59:46 - [TEST_STEP][PASSED] - Statement - counter = counter + 1: null

2018-12-07 12:59:46 - [TEST_STEP][PASSED] - Statement - PreSaveFile = new java.io.File(((pathPrefix + java.lang.Integer.toString(counter)) + .png)): null

2018-12-07 12:59:46 - [TEST_STEP][PASSED] - Statement - counter = counter + 1: null

2018-12-07 12:59:46 - [TEST_STEP][PASSED] - Statement - PreSaveFile = new java.io.File(((pathPrefix + java.lang.Integer.toString(counter)) + .png)): null

2018-12-07 12:59:46 - [TEST_STEP][PASSED] - Statement - counter = counter + 1: null

2018-12-07 12:59:46 - [TEST_STEP][PASSED] - Statement - PreSaveFile = new java.io.File(((pathPrefix + java.lang.Integer.toString(counter)) + .png)): null

2018-12-07 12:59:46 - [TEST_STEP][PASSED] - Statement - counter = counter + 1: null

2018-12-07 12:59:46 - [TEST_STEP][PASSED] - Statement - PreSaveFile = new java.io.File(((pathPrefix + java.lang.Integer.toString(counter)) + .png)): null

2018-12-07 12:59:46 - [TEST_STEP][PASSED] - Statement - counter = counter + 1: null

2018-12-07 12:59:46 - [TEST_STEP][PASSED] - Statement - PreSaveFile = new java.io.File(((pathPrefix + java.lang.Integer.toString(counter)) + .png)): null

2018-12-07 12:59:46 - [TEST_STEP][PASSED] - Statement - counter = counter + 1: null

2018-12-07 12:59:46 - [TEST_STEP][PASSED] - Statement - PreSaveFile = new java.io.File(((pathPrefix + java.lang.Integer.toString(counter)) + .png)): null

2018-12-07 12:59:46 - [TEST_STEP][PASSED] - Statement - counter = counter + 1: null

2018-12-07 12:59:46 - [TEST_STEP][PASSED] - Statement - PreSaveFile = new java.io.File(((pathPrefix + java.lang.Integer.toString(counter)) + .png)): null

2018-12-07 12:59:46 - [TEST_STEP][PASSED] - Statement - counter = counter + 1: null

2018-12-07 12:59:46 - [TEST_STEP][PASSED] - Statement - PreSaveFile = new java.io.File(((pathPrefix + java.lang.Integer.toString(counter)) + .png)): null

2018-12-07 12:59:46 - [TEST_STEP][PASSED] - Statement - counter = counter + 1: null

2018-12-07 12:59:46 - [TEST_STEP][PASSED] - Statement - PreSaveFile = new java.io.File(((pathPrefix + java.lang.Integer.toString(counter)) + .png)): null

2018-12-07 12:59:46 - [TEST_STEP][PASSED] - Statement - counter = counter + 1: null

2018-12-07 12:59:46 - [TEST_STEP][PASSED] - Statement - PreSaveFile = new java.io.File(((pathPrefix + java.lang.Integer.toString(counter)) + .png)): null

2018-12-07 12:59:46 - [TEST_STEP][PASSED] - Statement - counter = counter + 1: null

2018-12-07 12:59:46 - [TEST_STEP][PASSED] - Statement - PreSaveFile = new java.io.File(((pathPrefix + java.lang.Integer.toString(counter)) + .png)): null

2018-12-07 12:59:46 - [TEST_STEP][PASSED] - Statement - counter = counter + 1: null

2018-12-07 12:59:46 - [TEST_STEP][PASSED] - Statement - PreSaveFile = new java.io.File(((pathPrefix + java.lang.Integer.toString(counter)) + .png)): null

2018-12-07 12:59:46 - [TEST_STEP][PASSED] - Statement - counter = counter + 1: null

2018-12-07 12:59:46 - [TEST_STEP][PASSED] - Statement - PreSaveFile = new java.io.File(((pathPrefix + java.lang.Integer.toString(counter)) + .png)): null

2018-12-07 12:59:46 - [TEST_STEP][PASSED] - Statement - counter = counter + 1: null

2018-12-07 12:59:46 - [TEST_STEP][PASSED] - Statement - PreSaveFile = new java.io.File(((pathPrefix + java.lang.Integer.toString(counter)) + .png)): null

2018-12-07 12:59:46 - [TEST_STEP][PASSED] - Statement - counter = counter + 1: null

2018-12-07 12:59:46 - [TEST_STEP][PASSED] - Statement - PreSaveFile = new java.io.File(((pathPrefix + java.lang.Integer.toString(counter)) + .png)): null

2018-12-07 12:59:46 - [TEST_STEP][PASSED] - Statement - counter = counter + 1: null

2018-12-07 12:59:46 - [TEST_STEP][PASSED] - Statement - PreSaveFile = new java.io.File(((pathPrefix + java.lang.Integer.toString(counter)) + .png)): null

2018-12-07 12:59:46 - [TEST_STEP][PASSED] - Statement - counter = counter + 1: null

2018-12-07 12:59:46 - [TEST_STEP][PASSED] - Statement - PreSaveFile = new java.io.File(((pathPrefix + java.lang.Integer.toString(counter)) + .png)): null

2018-12-07 12:59:46 - [TEST_STEP][PASSED] - Statement - counter = counter + 1: null

2018-12-07 12:59:46 - [TEST_STEP][PASSED] - Statement - PreSaveFile = new java.io.File(((pathPrefix + java.lang.Integer.toString(counter)) + .png)): null

2018-12-07 12:59:46 - [TEST_STEP][PASSED] - Statement - counter = counter + 1: null

2018-12-07 12:59:46 - [TEST_STEP][PASSED] - Statement - PreSaveFile = new java.io.File(((pathPrefix + java.lang.Integer.toString(counter)) + .png)): null

2018-12-07 12:59:46 - [TEST_STEP][PASSED] - Statement - counter = counter + 1: null

2018-12-07 12:59:47 - [TEST_STEP][PASSED] - Statement - PreSaveFile = new java.io.File(((pathPrefix + java.lang.Integer.toString(counter)) + .png)): null

2018-12-07 12:59:47 - [TEST_STEP][PASSED] - Statement - counter = counter + 1: null

2018-12-07 12:59:47 - [TEST_STEP][PASSED] - Statement - PreSaveFile = new java.io.File(((pathPrefix + java.lang.Integer.toString(counter)) + .png)): null

2018-12-07 12:59:47 - [TEST_STEP][PASSED] - Statement - counter = counter + 1: null

2018-12-07 12:59:47 - [TEST_STEP][PASSED] - Statement - PreSaveFile = new java.io.File(((pathPrefix + java.lang.Integer.toString(counter)) + .png)): null

2018-12-07 12:59:47 - [TEST_STEP][PASSED] - Statement - counter = counter + 1: null

2018-12-07 12:59:47 - [TEST_STEP][PASSED] - Statement - PreSaveFile = new java.io.File(((pathPrefix + java.lang.Integer.toString(counter)) + .png)): null

2018-12-07 12:59:47 - [TEST_STEP][PASSED] - Statement - counter = counter + 1: null

2018-12-07 12:59:47 - [TEST_STEP][PASSED] - Statement - PreSaveFile = new java.io.File(((pathPrefix + java.lang.Integer.toString(counter)) + .png)): null

2018-12-07 12:59:47 - [TEST_STEP][PASSED] - Statement - counter = counter + 1: null

2018-12-07 12:59:47 - [TEST_STEP][PASSED] - Statement - PreSaveFile = new java.io.File(((pathPrefix + java.lang.Integer.toString(counter)) + .png)): null

2018-12-07 12:59:47 - [TEST_STEP][PASSED] - Statement - counter = counter + 1: null

2018-12-07 12:59:47 - [TEST_STEP][PASSED] - Statement - PreSaveFile = new java.io.File(((pathPrefix + java.lang.Integer.toString(counter)) + .png)): null

2018-12-07 12:59:47 - [TEST_STEP][PASSED] - Statement - counter = counter + 1: null

2018-12-07 12:59:47 - [TEST_STEP][PASSED] - Statement - PreSaveFile = new java.io.File(((pathPrefix + java.lang.Integer.toString(counter)) + .png)): null

2018-12-07 12:59:47 - [TEST_STEP][PASSED] - Statement - counter = counter + 1: null

2018-12-07 12:59:47 - [TEST_STEP][PASSED] - Statement - PreSaveFile = new java.io.File(((pathPrefix + java.lang.Integer.toString(counter)) + .png)): null

2018-12-07 12:59:47 - [TEST_STEP][PASSED] - Statement - counter = counter + 1: null

2018-12-07 12:59:47 - [TEST_STEP][PASSED] - Statement - PreSaveFile = new java.io.File(((pathPrefix + java.lang.Integer.toString(counter)) + .png)): null

2018-12-07 12:59:47 - [TEST_STEP][PASSED] - Statement - counter = counter + 1: null

2018-12-07 12:59:47 - [TEST_STEP][PASSED] - Statement - PreSaveFile = new java.io.File(((pathPrefix + java.lang.Integer.toString(counter)) + .png)): null

2018-12-07 12:59:47 - [TEST_STEP][PASSED] - Statement - counter = counter + 1: null

2018-12-07 12:59:47 - [TEST_STEP][PASSED] - Statement - PreSaveFile = new java.io.File(((pathPrefix + java.lang.Integer.toString(counter)) + .png)): null

2018-12-07 12:59:47 - [TEST_STEP][PASSED] - Statement - counter = counter + 1: null

2018-12-07 12:59:47 - [TEST_STEP][PASSED] - Statement - PreSaveFile = new java.io.File(((pathPrefix + java.lang.Integer.toString(counter)) + .png)): null

2018-12-07 12:59:47 - [TEST_STEP][PASSED] - Statement - counter = counter + 1: null

2018-12-07 12:59:47 - [TEST_STEP][PASSED] - Statement - PreSaveFile = new java.io.File(((pathPrefix + java.lang.Integer.toString(counter)) + .png)): null

2018-12-07 12:59:47 - [TEST_STEP][PASSED] - Statement - counter = counter + 1: null

2018-12-07 12:59:48 - [TEST_STEP][PASSED] - Statement - PreSaveFile = new java.io.File(((pathPrefix + java.lang.Integer.toString(counter)) + .png)): null

2018-12-07 12:59:48 - [TEST_STEP][PASSED] - Statement - counter = counter + 1: null

2018-12-07 12:59:48 - [TEST_STEP][PASSED] - Statement - PreSaveFile = new java.io.File(((pathPrefix + java.lang.Integer.toString(counter)) + .png)): null

2018-12-07 12:59:48 - [TEST_STEP][PASSED] - Statement - counter = counter + 1: null

2018-12-07 12:59:48 - [TEST_STEP][PASSED] - Statement - PreSaveFile = new java.io.File(((pathPrefix + java.lang.Integer.toString(counter)) + .png)): null

2018-12-07 12:59:48 - [TEST_STEP][PASSED] - Statement - counter = counter + 1: null

2018-12-07 12:59:48 - [TEST_STEP][PASSED] - Statement - PreSaveFile = new java.io.File(((pathPrefix + java.lang.Integer.toString(counter)) + .png)): null

2018-12-07 12:59:48 - [TEST_STEP][PASSED] - Statement - counter = counter + 1: null

2018-12-07 12:59:48 - [TEST_STEP][PASSED] - Statement - PreSaveFile = new java.io.File(((pathPrefix + java.lang.Integer.toString(counter)) + .png)): null

2018-12-07 12:59:48 - [TEST_STEP][PASSED] - Statement - counter = counter + 1: null

2018-12-07 12:59:48 - [TEST_STEP][PASSED] - Statement - PreSaveFile = new java.io.File(((pathPrefix + java.lang.Integer.toString(counter)) + .png)): null

2018-12-07 12:59:48 - [TEST_STEP][PASSED] - Statement - counter = counter + 1: null

2018-12-07 12:59:48 - [TEST_STEP][PASSED] - Statement - PreSaveFile = new java.io.File(((pathPrefix + java.lang.Integer.toString(counter)) + .png)): null

2018-12-07 12:59:48 - [TEST_STEP][PASSED] - Statement - counter = counter + 1: null

2018-12-07 12:59:48 - [TEST_STEP][PASSED] - Statement - PreSaveFile = new java.io.File(((pathPrefix + java.lang.Integer.toString(counter)) + .png)): null

2018-12-07 12:59:48 - [TEST_STEP][PASSED] - Statement - counter = counter + 1: null

2018-12-07 12:59:48 - [TEST_STEP][PASSED] - Statement - PreSaveFile = new java.io.File(((pathPrefix + java.lang.Integer.toString(counter)) + .png)): null

2018-12-07 12:59:48 - [TEST_STEP][PASSED] - Statement - counter = counter + 1: null

2018-12-07 12:59:48 - [TEST_STEP][PASSED] - Statement - PreSaveFile = new java.io.File(((pathPrefix + java.lang.Integer.toString(counter)) + .png)): null

2018-12-07 12:59:48 - [TEST_STEP][PASSED] - Statement - counter = counter + 1: null

2018-12-07 12:59:48 - [TEST_STEP][PASSED] - Statement - PreSaveFile = new java.io.File(((pathPrefix + java.lang.Integer.toString(counter)) + .png)): null

2018-12-07 12:59:48 - [TEST_STEP][PASSED] - Statement - counter = counter + 1: null

2018-12-07 12:59:48 - [TEST_STEP][PASSED] - Statement - PreSaveFile = new java.io.File(((pathPrefix + java.lang.Integer.toString(counter)) + .png)): null

2018-12-07 12:59:48 - [TEST_STEP][PASSED] - Statement - counter = counter + 1: null

2018-12-07 12:59:48 - [TEST_STEP][PASSED] - Statement - PreSaveFile = new java.io.File(((pathPrefix + java.lang.Integer.toString(counter)) + .png)): null

2018-12-07 12:59:48 - [TEST_STEP][PASSED] - Statement - counter = counter + 1: null

2018-12-07 12:59:48 - [TEST_STEP][PASSED] - Statement - PreSaveFile = new java.io.File(((pathPrefix + java.lang.Integer.toString(counter)) + .png)): null

2018-12-07 12:59:48 - [TEST_STEP][PASSED] - Statement - counter = counter + 1: null

2018-12-07 12:59:48 - [TEST_STEP][PASSED] - Statement - PreSaveFile = new java.io.File(((pathPrefix + java.lang.Integer.toString(counter)) + .png)): null

2018-12-07 12:59:48 - [TEST_STEP][PASSED] - Statement - counter = counter + 1: null

2018-12-07 12:59:48 - [TEST_STEP][PASSED] - Statement - PreSaveFile = new java.io.File(((pathPrefix + java.lang.Integer.toString(counter)) + .png)): null

2018-12-07 12:59:48 - [TEST_STEP][PASSED] - Statement - counter = counter + 1: null

2018-12-07 12:59:48 - [TEST_STEP][PASSED] - Statement - PreSaveFile = new java.io.File(((pathPrefix + java.lang.Integer.toString(counter)) + .png)): null

2018-12-07 12:59:48 - [TEST_STEP][PASSED] - Statement - counter = counter + 1: null

2018-12-07 12:59:48 - [TEST_STEP][PASSED] - Statement - PreSaveFile = new java.io.File(((pathPrefix + java.lang.Integer.toString(counter)) + .png)): null

2018-12-07 12:59:48 - [TEST_STEP][PASSED] - Statement - counter = counter + 1: null

2018-12-07 12:59:48 - [TEST_STEP][PASSED] - Statement - PreSaveFile = new java.io.File(((pathPrefix + java.lang.Integer.toString(counter)) + .png)): null

2018-12-07 12:59:48 - [TEST_STEP][PASSED] - Statement - counter = counter + 1: null

2018-12-07 12:59:48 - [TEST_STEP][PASSED] - Statement - PreSaveFile = new java.io.File(((pathPrefix + java.lang.Integer.toString(counter)) + .png)): null

2018-12-07 12:59:48 - [TEST_STEP][PASSED] - Statement - counter = counter + 1: null

2018-12-07 12:59:49 - [TEST_STEP][PASSED] - Statement - PreSaveFile = new java.io.File(((pathPrefix + java.lang.Integer.toString(counter)) + .png)): null

2018-12-07 12:59:49 - [TEST_STEP][PASSED] - Statement - counter = counter + 1: null

2018-12-07 12:59:49 - [TEST_STEP][PASSED] - Statement - PreSaveFile = new java.io.File(((pathPrefix + java.lang.Integer.toString(counter)) + .png)): null

2018-12-07 12:59:49 - [TEST_STEP][PASSED] - Statement - counter = counter + 1: null

2018-12-07 12:59:49 - [TEST_STEP][PASSED] - Statement - PreSaveFile = new java.io.File(((pathPrefix + java.lang.Integer.toString(counter)) + .png)): null

2018-12-07 12:59:49 - [TEST_STEP][PASSED] - Statement - counter = counter + 1: null

2018-12-07 12:59:49 - [TEST_STEP][PASSED] - Statement - PreSaveFile = new java.io.File(((pathPrefix + java.lang.Integer.toString(counter)) + .png)): null

2018-12-07 12:59:49 - [TEST_STEP][PASSED] - Statement - counter = counter + 1: null

2018-12-07 12:59:49 - [TEST_STEP][PASSED] - Statement - PreSaveFile = new java.io.File(((pathPrefix + java.lang.Integer.toString(counter)) + .png)): null

2018-12-07 12:59:49 - [TEST_STEP][PASSED] - Statement - counter = counter + 1: null

2018-12-07 12:59:49 - [TEST_STEP][PASSED] - Statement - PreSaveFile = new java.io.File(((pathPrefix + java.lang.Integer.toString(counter)) + .png)): null

2018-12-07 12:59:49 - [TEST_STEP][PASSED] - Statement - counter = counter + 1: null

2018-12-07 12:59:49 - [TEST_STEP][PASSED] - Statement - PreSaveFile = new java.io.File(((pathPrefix + java.lang.Integer.toString(counter)) + .png)): null

2018-12-07 12:59:49 - [TEST_STEP][PASSED] - Statement - counter = counter + 1: null

2018-12-07 12:59:49 - [TEST_STEP][PASSED] - Statement - PreSaveFile = new java.io.File(((pathPrefix + java.lang.Integer.toString(counter)) + .png)): null

2018-12-07 12:59:49 - [TEST_STEP][PASSED] - Statement - counter = counter + 1: null

2018-12-07 12:59:49 - [TEST_STEP][PASSED] - Statement - PreSaveFile = new java.io.File(((pathPrefix + java.lang.Integer.toString(counter)) + .png)): null

2018-12-07 12:59:49 - [TEST_STEP][PASSED] - Statement - counter = counter + 1: null

2018-12-07 12:59:49 - [TEST_STEP][PASSED] - Statement - PreSaveFile = new java.io.File(((pathPrefix + java.lang.Integer.toString(counter)) + .png)): null

2018-12-07 12:59:49 - [TEST_STEP][PASSED] - Statement - counter = counter + 1: null

2018-12-07 12:59:49 - [TEST_STEP][PASSED] - Statement - PreSaveFile = new java.io.File(((pathPrefix + java.lang.Integer.toString(counter)) + .png)): null

2018-12-07 12:59:49 - [TEST_STEP][PASSED] - Statement - counter = counter + 1: null

2018-12-07 12:59:49 - [TEST_STEP][PASSED] - Statement - PreSaveFile = new java.io.File(((pathPrefix + java.lang.Integer.toString(counter)) + .png)): null

2018-12-07 12:59:49 - [TEST_STEP][PASSED] - Statement - counter = counter + 1: null

2018-12-07 12:59:49 - [TEST_STEP][PASSED] - Statement - PreSaveFile = new java.io.File(((pathPrefix + java.lang.Integer.toString(counter)) + .png)): null

2018-12-07 12:59:49 - [TEST_STEP][PASSED] - Statement - counter = counter + 1: null

2018-12-07 12:59:49 - [TEST_STEP][PASSED] - Statement - PreSaveFile = new java.io.File(((pathPrefix + java.lang.Integer.toString(counter)) + .png)): null

2018-12-07 12:59:49 - [TEST_STEP][PASSED] - Statement - counter = counter + 1: null

2018-12-07 12:59:50 - [TEST_STEP][PASSED] - Statement - PreSaveFile = new java.io.File(((pathPrefix + java.lang.Integer.toString(counter)) + .png)): null

2018-12-07 12:59:50 - [TEST_STEP][PASSED] - Statement - counter = counter + 1: null

2018-12-07 12:59:50 - [TEST_STEP][PASSED] - Statement - PreSaveFile = new java.io.File(((pathPrefix + java.lang.Integer.toString(counter)) + .png)): null

2018-12-07 12:59:50 - [TEST_STEP][PASSED] - Statement - counter = counter + 1: null

2018-12-07 12:59:50 - [TEST_STEP][PASSED] - Statement - PreSaveFile = new java.io.File(((pathPrefix + java.lang.Integer.toString(counter)) + .png)): null

2018-12-07 12:59:50 - [TEST_STEP][PASSED] - Statement - counter = counter + 1: null

2018-12-07 12:59:50 - [TEST_STEP][PASSED] - Statement - PreSaveFile = new java.io.File(((pathPrefix + java.lang.Integer.toString(counter)) + .png)): null

2018-12-07 12:59:50 - [TEST_STEP][PASSED] - Statement - counter = counter + 1: null

2018-12-07 12:59:50 - [TEST_STEP][PASSED] - Statement - PreSaveFile = new java.io.File(((pathPrefix + java.lang.Integer.toString(counter)) + .png)): null

2018-12-07 12:59:50 - [TEST_STEP][PASSED] - Statement - counter = counter + 1: null

2018-12-07 12:59:50 - [TEST_STEP][PASSED] - Statement - PreSaveFile = new java.io.File(((pathPrefix + java.lang.Integer.toString(counter)) + .png)): null

2018-12-07 12:59:50 - [TEST_STEP][PASSED] - Statement - counter = counter + 1: null

2018-12-07 12:59:50 - [TEST_STEP][PASSED] - Statement - PreSaveFile = new java.io.File(((pathPrefix + java.lang.Integer.toString(counter)) + .png)): null

2018-12-07 12:59:50 - [TEST_STEP][PASSED] - Statement - counter = counter + 1: null

2018-12-07 12:59:50 - [TEST_STEP][PASSED] - Statement - PreSaveFile = new java.io.File(((pathPrefix + java.lang.Integer.toString(counter)) + .png)): null

2018-12-07 12:59:50 - [TEST_STEP][PASSED] - Statement - counter = counter + 1: null

2018-12-07 12:59:50 - [TEST_STEP][PASSED] - Statement - PreSaveFile = new java.io.File(((pathPrefix + java.lang.Integer.toString(counter)) + .png)): null

2018-12-07 12:59:50 - [TEST_STEP][PASSED] - Statement - counter = counter + 1: null

2018-12-07 12:59:50 - [TEST_STEP][PASSED] - Statement - PreSaveFile = new java.io.File(((pathPrefix + java.lang.Integer.toString(counter)) + .png)): null

2018-12-07 12:59:50 - [TEST_STEP][PASSED] - Statement - counter = counter + 1: null

2018-12-07 12:59:50 - [TEST_STEP][PASSED] - Statement - PreSaveFile = new java.io.File(((pathPrefix + java.lang.Integer.toString(counter)) + .png)): null

2018-12-07 12:59:50 - [TEST_STEP][PASSED] - Statement - counter = counter + 1: null

2018-12-07 12:59:50 - [TEST_STEP][PASSED] - Statement - PreSaveFile = new java.io.File(((pathPrefix + java.lang.Integer.toString(counter)) + .png)): null

2018-12-07 12:59:50 - [TEST_STEP][PASSED] - Statement - counter = counter + 1: null

2018-12-07 12:59:50 - [TEST_STEP][PASSED] - Statement - PreSaveFile = new java.io.File(((pathPrefix + java.lang.Integer.toString(counter)) + .png)): null

2018-12-07 12:59:50 - [TEST_STEP][PASSED] - Statement - counter = counter + 1: null

2018-12-07 12:59:50 - [TEST_STEP][PASSED] - Statement - PreSaveFile = new java.io.File(((pathPrefix + java.lang.Integer.toString(counter)) + .png)): null

2018-12-07 12:59:50 - [TEST_STEP][PASSED] - Statement - counter = counter + 1: null

2018-12-07 12:59:50 - [TEST_STEP][PASSED] - Statement - PreSaveFile = new java.io.File(((pathPrefix + java.lang.Integer.toString(counter)) + .png)): null

2018-12-07 12:59:51 - [TEST_STEP][PASSED] - Statement - counter = counter + 1: null

2018-12-07 12:59:51 - [TEST_STEP][PASSED] - Statement - PreSaveFile = new java.io.File(((pathPrefix + java.lang.Integer.toString(counter)) + .png)): null

2018-12-07 12:59:51 - [TEST_STEP][PASSED] - Statement - counter = counter + 1: null

2018-12-07 12:59:51 - [TEST_STEP][PASSED] - Statement - PreSaveFile = new java.io.File(((pathPrefix + java.lang.Integer.toString(counter)) + .png)): null

2018-12-07 12:59:51 - [TEST_STEP][PASSED] - Statement - counter = counter + 1: null

2018-12-07 12:59:51 - [TEST_STEP][PASSED] - Statement - PreSaveFile = new java.io.File(((pathPrefix + java.lang.Integer.toString(counter)) + .png)): null

2018-12-07 12:59:51 - [TEST_STEP][PASSED] - Statement - counter = counter + 1: null

2018-12-07 12:59:51 - [TEST_STEP][PASSED] - Statement - PreSaveFile = new java.io.File(((pathPrefix + java.lang.Integer.toString(counter)) + .png)): null

2018-12-07 12:59:51 - [TEST_STEP][PASSED] - Statement - counter = counter + 1: null

2018-12-07 12:59:51 - [TEST_STEP][PASSED] - Statement - PreSaveFile = new java.io.File(((pathPrefix + java.lang.Integer.toString(counter)) + .png)): null

2018-12-07 12:59:51 - [TEST_STEP][PASSED] - Statement - counter = counter + 1: null

2018-12-07 12:59:51 - [TEST_STEP][PASSED] - Statement - PreSaveFile = new java.io.File(((pathPrefix + java.lang.Integer.toString(counter)) + .png)): null

2018-12-07 12:59:51 - [TEST_STEP][PASSED] - Statement - counter = counter + 1: null

2018-12-07 12:59:51 - [TEST_STEP][PASSED] - Statement - PreSaveFile = new java.io.File(((pathPrefix + java.lang.Integer.toString(counter)) + .png)): null

2018-12-07 12:59:51 - [TEST_STEP][PASSED] - Statement - counter = counter + 1: null

2018-12-07 12:59:51 - [TEST_STEP][PASSED] - Statement - PreSaveFile = new java.io.File(((pathPrefix + java.lang.Integer.toString(counter)) + .png)): null

2018-12-07 12:59:51 - [TEST_STEP][PASSED] - Statement - counter = counter + 1: null

2018-12-07 12:59:51 - [TEST_STEP][PASSED] - Statement - PreSaveFile = new java.io.File(((pathPrefix + java.lang.Integer.toString(counter)) + .png)): null

2018-12-07 12:59:51 - [TEST_STEP][PASSED] - Statement - counter = counter + 1: null

2018-12-07 12:59:51 - [TEST_STEP][PASSED] - Statement - PreSaveFile = new java.io.File(((pathPrefix + java.lang.Integer.toString(counter)) + .png)): null

2018-12-07 12:59:51 - [TEST_STEP][PASSED] - Statement - counter = counter + 1: null

2018-12-07 12:59:51 - [TEST_STEP][PASSED] - Statement - PreSaveFile = new java.io.File(((pathPrefix + java.lang.Integer.toString(counter)) + .png)): null

2018-12-07 12:59:51 - [TEST_STEP][PASSED] - Statement - counter = counter + 1: null

2018-12-07 12:59:51 - [TEST_STEP][PASSED] - Statement - PreSaveFile = new java.io.File(((pathPrefix + java.lang.Integer.toString(counter)) + .png)): null

2018-12-07 12:59:51 - [TEST_STEP][PASSED] - Statement - counter = counter + 1: null

2018-12-07 12:59:51 - [TEST_STEP][PASSED] - Statement - PreSaveFile = new java.io.File(((pathPrefix + java.lang.Integer.toString(counter)) + .png)): null

2018-12-07 12:59:51 - [TEST_STEP][PASSED] - Statement - counter = counter + 1: null

2018-12-07 12:59:51 - [TEST_STEP][PASSED] - Statement - PreSaveFile = new java.io.File(((pathPrefix + java.lang.Integer.toString(counter)) + .png)): null

2018-12-07 12:59:51 - [TEST_STEP][PASSED] - Statement - counter = counter + 1: null

2018-12-07 12:59:51 - [TEST_STEP][PASSED] - Statement - PreSaveFile = new java.io.File(((pathPrefix + java.lang.Integer.toString(counter)) + .png)): null

2018-12-07 12:59:51 - [TEST_STEP][PASSED] - Statement - counter = counter + 1: null

2018-12-07 12:59:51 - [TEST_STEP][PASSED] - Statement - PreSaveFile = new java.io.File(((pathPrefix + java.lang.Integer.toString(counter)) + .png)): null

2018-12-07 12:59:51 - [TEST_STEP][PASSED] - Statement - counter = counter + 1: null

2018-12-07 12:59:51 - [TEST_STEP][PASSED] - Statement - PreSaveFile = new java.io.File(((pathPrefix + java.lang.Integer.toString(counter)) + .png)): null

2018-12-07 12:59:51 - [TEST_STEP][PASSED] - Statement - counter = counter + 1: null

2018-12-07 12:59:51 - [TEST_STEP][PASSED] - Statement - PreSaveFile = new java.io.File(((pathPrefix + java.lang.Integer.toString(counter)) + .png)): null

2018-12-07 12:59:51 - [TEST_STEP][PASSED] - Statement - counter = counter + 1: null

2018-12-07 12:59:51 - [TEST_STEP][PASSED] - Statement - PreSaveFile = new java.io.File(((pathPrefix + java.lang.Integer.toString(counter)) + .png)): null

2018-12-07 12:59:52 - [TEST_STEP][PASSED] - Statement - counter = counter + 1: null

2018-12-07 12:59:52 - [TEST_STEP][PASSED] - Statement - PreSaveFile = new java.io.File(((pathPrefix + java.lang.Integer.toString(counter)) + .png)): null

2018-12-07 12:59:52 - [TEST_STEP][PASSED] - Statement - counter = counter + 1: null

2018-12-07 12:59:52 - [TEST_STEP][PASSED] - Statement - PreSaveFile = new java.io.File(((pathPrefix + java.lang.Integer.toString(counter)) + .png)): null

2018-12-07 12:59:52 - [TEST_STEP][PASSED] - Statement - counter = counter + 1: null

2018-12-07 12:59:52 - [TEST_STEP][PASSED] - Statement - PreSaveFile = new java.io.File(((pathPrefix + java.lang.Integer.toString(counter)) + .png)): null

2018-12-07 12:59:52 - [TEST_STEP][PASSED] - Statement - counter = counter + 1: null

2018-12-07 12:59:52 - [TEST_STEP][PASSED] - Statement - PreSaveFile = new java.io.File(((pathPrefix + java.lang.Integer.toString(counter)) + .png)): null

2018-12-07 12:59:52 - [TEST_STEP][PASSED] - Statement - counter = counter + 1: null

2018-12-07 12:59:52 - [TEST_STEP][PASSED] - Statement - PreSaveFile = new java.io.File(((pathPrefix + java.lang.Integer.toString(counter)) + .png)): null

2018-12-07 12:59:52 - [TEST_STEP][PASSED] - Statement - counter = counter + 1: null

2018-12-07 12:59:52 - [TEST_STEP][PASSED] - Statement - PreSaveFile = new java.io.File(((pathPrefix + java.lang.Integer.toString(counter)) + .png)): null

2018-12-07 12:59:52 - [TEST_STEP][PASSED] - Statement - counter = counter + 1: null

2018-12-07 12:59:52 - [TEST_STEP][PASSED] - Statement - PreSaveFile = new java.io.File(((pathPrefix + java.lang.Integer.toString(counter)) + .png)): null

2018-12-07 12:59:52 - [TEST_STEP][PASSED] - Statement - counter = counter + 1: null

2018-12-07 12:59:52 - [TEST_STEP][PASSED] - Statement - PreSaveFile = new java.io.File(((pathPrefix + java.lang.Integer.toString(counter)) + .png)): null

2018-12-07 12:59:52 - [TEST_STEP][PASSED] - Statement - counter = counter + 1: null

2018-12-07 12:59:52 - [TEST_STEP][PASSED] - Statement - PreSaveFile = new java.io.File(((pathPrefix + java.lang.Integer.toString(counter)) + .png)): null

2018-12-07 12:59:52 - [TEST_STEP][PASSED] - Statement - counter = counter + 1: null

2018-12-07 12:59:52 - [TEST_STEP][PASSED] - Statement - PreSaveFile = new java.io.File(((pathPrefix + java.lang.Integer.toString(counter)) + .png)): null

2018-12-07 12:59:52 - [TEST_STEP][PASSED] - Statement - counter = counter + 1: null

2018-12-07 12:59:52 - [TEST_STEP][PASSED] - Statement - PreSaveFile = new java.io.File(((pathPrefix + java.lang.Integer.toString(counter)) + .png)): null

2018-12-07 12:59:52 - [TEST_STEP][PASSED] - Statement - counter = counter + 1: null

2018-12-07 12:59:52 - [TEST_STEP][PASSED] - Statement - PreSaveFile = new java.io.File(((pathPrefix + java.lang.Integer.toString(counter)) + .png)): null

2018-12-07 12:59:52 - [TEST_STEP][PASSED] - Statement - counter = counter + 1: null

2018-12-07 12:59:52 - [TEST_STEP][PASSED] - Statement - PreSaveFile = new java.io.File(((pathPrefix + java.lang.Integer.toString(counter)) + .png)): null

2018-12-07 12:59:52 - [TEST_STEP][PASSED] - Statement - counter = counter + 1: null

2018-12-07 12:59:52 - [TEST_STEP][PASSED] - Statement - PreSaveFile = new java.io.File(((pathPrefix + java.lang.Integer.toString(counter)) + .png)): null

2018-12-07 12:59:52 - [TEST_STEP][PASSED] - Statement - counter = counter + 1: null

2018-12-07 12:59:53 - [TEST_STEP][PASSED] - Statement - PreSaveFile = new java.io.File(((pathPrefix + java.lang.Integer.toString(counter)) + .png)): null

2018-12-07 12:59:53 - [TEST_STEP][PASSED] - Statement - counter = counter + 1: null

2018-12-07 12:59:53 - [TEST_STEP][PASSED] - Statement - PreSaveFile = new java.io.File(((pathPrefix + java.lang.Integer.toString(counter)) + .png)): null

2018-12-07 12:59:53 - [TEST_STEP][PASSED] - Statement - counter = counter + 1: null

2018-12-07 12:59:53 - [TEST_STEP][PASSED] - Statement - PreSaveFile = new java.io.File(((pathPrefix + java.lang.Integer.toString(counter)) + .png)): null

2018-12-07 12:59:53 - [TEST_STEP][PASSED] - Statement - counter = counter + 1: null

2018-12-07 12:59:53 - [TEST_STEP][PASSED] - Statement - PreSaveFile = new java.io.File(((pathPrefix + java.lang.Integer.toString(counter)) + .png)): null

2018-12-07 12:59:53 - [TEST_STEP][PASSED] - Statement - counter = counter + 1: null

2018-12-07 12:59:53 - [TEST_STEP][PASSED] - Statement - PreSaveFile = new java.io.File(((pathPrefix + java.lang.Integer.toString(counter)) + .png)): null

2018-12-07 12:59:53 - [TEST_STEP][PASSED] - Statement - counter = counter + 1: null

2018-12-07 12:59:53 - [TEST_STEP][PASSED] - Statement - PreSaveFile = new java.io.File(((pathPrefix + java.lang.Integer.toString(counter)) + .png)): null

2018-12-07 12:59:53 - [TEST_STEP][PASSED] - Statement - counter = counter + 1: null

2018-12-07 12:59:53 - [TEST_STEP][PASSED] - Statement - PreSaveFile = new java.io.File(((pathPrefix + java.lang.Integer.toString(counter)) + .png)): null

2018-12-07 12:59:53 - [TEST_STEP][PASSED] - Statement - counter = counter + 1: null

2018-12-07 12:59:53 - [TEST_STEP][PASSED] - Statement - PreSaveFile = new java.io.File(((pathPrefix + java.lang.Integer.toString(counter)) + .png)): null

2018-12-07 12:59:53 - [TEST_STEP][PASSED] - Statement - counter = counter + 1: null

2018-12-07 12:59:53 - [TEST_STEP][PASSED] - Statement - PreSaveFile = new java.io.File(((pathPrefix + java.lang.Integer.toString(counter)) + .png)): null

2018-12-07 12:59:53 - [TEST_STEP][PASSED] - Statement - counter = counter + 1: null

2018-12-07 12:59:53 - [TEST_STEP][PASSED] - Statement - PreSaveFile = new java.io.File(((pathPrefix + java.lang.Integer.toString(counter)) + .png)): null

2018-12-07 12:59:53 - [TEST_STEP][PASSED] - Statement - counter = counter + 1: null

2018-12-07 12:59:53 - [TEST_STEP][PASSED] - Statement - PreSaveFile = new java.io.File(((pathPrefix + java.lang.Integer.toString(counter)) + .png)): null

2018-12-07 12:59:53 - [TEST_STEP][PASSED] - Statement - counter = counter + 1: null

2018-12-07 12:59:53 - [TEST_STEP][PASSED] - Statement - PreSaveFile = new java.io.File(((pathPrefix + java.lang.Integer.toString(counter)) + .png)): null

2018-12-07 12:59:53 - [TEST_STEP][PASSED] - Statement - counter = counter + 1: null

2018-12-07 12:59:53 - [TEST_STEP][PASSED] - Statement - PreSaveFile = new java.io.File(((pathPrefix + java.lang.Integer.toString(counter)) + .png)): null

2018-12-07 12:59:53 - [TEST_STEP][PASSED] - Statement - counter = counter + 1: null

2018-12-07 12:59:53 - [TEST_STEP][PASSED] - Statement - PreSaveFile = new java.io.File(((pathPrefix + java.lang.Integer.toString(counter)) + .png)): null

2018-12-07 12:59:53 - [TEST_STEP][PASSED] - Statement - counter = counter + 1: null

2018-12-07 12:59:54 - [TEST_STEP][PASSED] - Statement - PreSaveFile = new java.io.File(((pathPrefix + java.lang.Integer.toString(counter)) + .png)): null

2018-12-07 12:59:54 - [TEST_STEP][PASSED] - Statement - counter = counter + 1: null

2018-12-07 12:59:54 - [TEST_STEP][PASSED] - Statement - PreSaveFile = new java.io.File(((pathPrefix + java.lang.Integer.toString(counter)) + .png)): null

2018-12-07 12:59:54 - [TEST_STEP][PASSED] - Statement - counter = counter + 1: null

2018-12-07 12:59:54 - [TEST_STEP][PASSED] - Statement - PreSaveFile = new java.io.File(((pathPrefix + java.lang.Integer.toString(counter)) + .png)): null

2018-12-07 12:59:54 - [TEST_STEP][PASSED] - Statement - counter = counter + 1: null

2018-12-07 12:59:54 - [TEST_STEP][PASSED] - Statement - PreSaveFile = new java.io.File(((pathPrefix + java.lang.Integer.toString(counter)) + .png)): null

2018-12-07 12:59:54 - [TEST_STEP][PASSED] - Statement - counter = counter + 1: null

2018-12-07 12:59:54 - [TEST_STEP][PASSED] - Statement - PreSaveFile = new java.io.File(((pathPrefix + java.lang.Integer.toString(counter)) + .png)): null

2018-12-07 12:59:54 - [TEST_STEP][PASSED] - Statement - counter = counter + 1: null

2018-12-07 12:59:54 - [TEST_STEP][PASSED] - Statement - PreSaveFile = new java.io.File(((pathPrefix + java.lang.Integer.toString(counter)) + .png)): null

2018-12-07 12:59:54 - [TEST_STEP][PASSED] - Statement - counter = counter + 1: null

2018-12-07 12:59:54 - [TEST_STEP][PASSED] - Statement - PreSaveFile = new java.io.File(((pathPrefix + java.lang.Integer.toString(counter)) + .png)): null

2018-12-07 12:59:54 - [TEST_STEP][PASSED] - Statement - counter = counter + 1: null

2018-12-07 12:59:54 - [TEST_STEP][PASSED] - Statement - PreSaveFile = new java.io.File(((pathPrefix + java.lang.Integer.toString(counter)) + .png)): null

2018-12-07 12:59:54 - [TEST_STEP][PASSED] - Statement - counter = counter + 1: null

2018-12-07 12:59:54 - [TEST_STEP][PASSED] - Statement - PreSaveFile = new java.io.File(((pathPrefix + java.lang.Integer.toString(counter)) + .png)): null

2018-12-07 12:59:54 - [TEST_STEP][PASSED] - Statement - finalPath = pathPrefix + java.lang.Integer.toString(counter) + ".png": null

2018-12-07 12:59:54 - [TEST_STEP][PASSED] - Statement - SaveFile = new java.io.File(finalPath): null

2018-12-07 12:59:54 - [TEST_STEP][PASSED] - Statement - Try: null

2018-12-07 12:59:54 - [TEST_STEP][PASSED] - Statement - org.apache.commons.io.FileUtils.copyFile(scrFile, SaveFile): null

2018-12-07 12:59:54 - [TEST_STEP][PASSED] - Statement - out.println("file kept"): null

2018-12-07 12:59:54 - [TEST_STEP][PASSED] - delay: Delayed 10 second(s)

2018-12-07 13:00:04 - [MESSAGE][PASSED] - Delayed 10 second(s)

2018-12-07 13:00:04 - [MESSAGE][PASSED] - Call Test Case 'Test Cases/Final Aug 2018 - PKS Automation/Common/Screenshoting tool' successfully

2018-12-07 13:00:04 - [TEST_STEP][PASSED] - callTestCase: Call Test Case 'Test Cases/Final Aug 2018 - PKS Automation/Registration Module/Log Out/log out avoiding katalon tagging' successfully

2018-12-07 13:00:04 - [TEST_CASE][PASSED] - Test Cases/Final Aug 2018 - PKS Automation/Registration Module/Log Out/log out avoiding katalon tagging: Test Cases/Final Aug 2018 - PKS Automation/Registration Module/Log Out/log out avoiding katalon tagging

2018-12-07 13:00:04 - [TEST_STEP][PASSED] - navigateToUrl: Navigate to 'https://assist2-uat.perkeso.gov.my/c/portal/logout' successfully

2018-12-07 13:00:05 - [MESSAGE][PASSED] - Navigate to 'https://assist2-uat.perkeso.gov.my/c/portal/logout' successfully

2018-12-07 13:00:05 - [MESSAGE][PASSED] - Call Test Case 'Test Cases/Final Aug 2018 - PKS Automation/Registration Module/Log Out/log out avoiding katalon tagging' successfully

2018-12-07 13:00:05 - [TEST_STEP][PASSED] - callTestCase: Call Test Case 'Test Cases/Final Aug 2018 - PKS Automation/Common/Workflow Owner Finder' successfully

2018-12-07 13:00:05 - [TEST_CASE][PASSED] - Test Cases/Final Aug 2018 - PKS Automation/Common/Workflow Owner Finder: Test Cases/Final Aug 2018 - PKS Automation/Common/Workflow Owner Finder

2018-12-07 13:00:05 - [TEST_STEP][PASSED] - openBrowser: Browser is opened with url: ''

2018-12-07 13:00:05 - [MESSAGE][WARNING] - A browser is already opened. Closing browser and opening a new one

2018-12-07 13:00:08 - [MESSAGE][PASSED] - Browser is opened with url: ''

2018-12-07 13:00:08 - [TEST_STEP][PASSED] - navigateToUrl: Navigate to 'https://assist2-uat.perkeso.gov.my/login' successfully

2018-12-07 13:00:09 - [MESSAGE][PASSED] - Navigate to 'https://assist2-uat.perkeso.gov.my/login' successfully

2018-12-07 13:00:09 - [TEST_STEP][PASSED] - delay: Delayed 5 second(s)

2018-12-07 13:00:14 - [MESSAGE][PASSED] - Delayed 5 second(s)

2018-12-07 13:00:14 - [TEST_STEP][PASSED] - setText: Text 'test@liferay.com' is set on object 'Object Repository/Final Object Repo/Login Page/Internal User/Email Address'

2018-12-07 13:00:15 - [MESSAGE][PASSED] - Text 'test@liferay.com' is set on object 'Object Repository/Final Object Repo/Login Page/Internal User/Email Address'

2018-12-07 13:00:15 - [TEST_STEP][PASSED] - click: Object: 'Object Repository/Final Object Repo/Login Page/Internal User/Next Button' is clicked on

2018-12-07 13:00:15 - [MESSAGE][PASSED] - Object: 'Object Repository/Final Object Repo/Login Page/Internal User/Next Button' is clicked on

2018-12-07 13:00:15 - [TEST_STEP][PASSED] - delay: Delayed 2 second(s)

2018-12-07 13:00:17 - [MESSAGE][PASSED] - Delayed 2 second(s)

2018-12-07 13:00:17 - [TEST_STEP][PASSED] - setText: Text 'test' is set on object 'Object Repository/Final Object Repo/Login Page/Internal User/Password'

2018-12-07 13:00:17 - [MESSAGE][PASSED] - Text 'test' is set on object 'Object Repository/Final Object Repo/Login Page/Internal User/Password'

2018-12-07 13:00:17 - [TEST_STEP][PASSED] - delay: Delayed 2 second(s)

2018-12-07 13:00:19 - [MESSAGE][PASSED] - Delayed 2 second(s)

2018-12-07 13:00:19 - [TEST_STEP][PASSED] - click: Object: 'Object Repository/Final Object Repo/Login Page/Internal User/Login Button' is clicked on

2018-12-07 13:00:19 - [MESSAGE][PASSED] - Object: 'Object Repository/Final Object Repo/Login Page/Internal User/Login Button' is clicked on

2018-12-07 13:00:19 - [TEST_STEP][PASSED] - Statement - tester = com.kms.katalon.core.testobject.ObjectRepository.findTestObject(Final Object Repo/Landing Page/Select to English): Finding Test Object with id 'Object Repository/Final Object Repo/Landing Page/Select to English'

2018-12-07 13:00:19 - [TEST_STEP][PASSED] - Statement - Try: Delayed 2 second(s)

2018-12-07 13:00:19 - [TEST_STEP][PASSED] - Statement - Checker = com.kms.katalon.core.webui.keyword.WebUiBuiltInKeywords.verifyElementNotPresent(tester, 3): Web element with id: 'Object Repository/Final Object Repo/Landing Page/Select to English' located by 'By.xpath: //a[@class = 'taglib-language-list-text' and @lang = 'en-US' and (contains(text(), 'EN') or contains(., 'EN'))]' is not present after '3' second(s)

2018-12-07 13:00:21 - [MESSAGE][PASSED] - Web element with id: 'Object Repository/Final Object Repo/Landing Page/Select to English' located by 'By.xpath: //a[@class = 'taglib-language-list-text' and @lang = 'en-US' and (contains(text(), 'EN') or contains(., 'EN'))]' is not present after '3' second(s)

2018-12-07 13:00:21 - [TEST_STEP][PASSED] - Statement - If (Checker == false): null

2018-12-07 13:00:21 - [TEST_STEP][PASSED] - delay: Delayed 2 second(s)

2018-12-07 13:00:23 - [MESSAGE][PASSED] - Delayed 2 second(s)

2018-12-07 13:00:23 - [TEST_STEP][PASSED] - delay: Delayed 5 second(s)

2018-12-07 13:00:28 - [MESSAGE][PASSED] - Delayed 5 second(s)

2018-12-07 13:00:28 - [TEST_STEP][PASSED] - mouseOver: Object: 'Object Repository/Final Object Repo/Landing Page/WorkFlow Menu' is hovered

2018-12-07 13:00:28 - [MESSAGE][PASSED] - Object: 'Object Repository/Final Object Repo/Landing Page/WorkFlow Menu' is hovered

2018-12-07 13:00:28 - [TEST_STEP][PASSED] - delay: Delayed 2 second(s)

2018-12-07 13:00:30 - [MESSAGE][PASSED] - Delayed 2 second(s)

2018-12-07 13:00:30 - [TEST_STEP][PASSED] - click: Object: 'Object Repository/Final Object Repo/Landing Page/Select to Workflow Listing' is clicked on

2018-12-07 13:00:31 - [MESSAGE][PASSED] - Object: 'Object Repository/Final Object Repo/Landing Page/Select to Workflow Listing' is clicked on

2018-12-07 13:00:31 - [TEST_STEP][PASSED] - delay: Delayed 2 second(s)

2018-12-07 13:00:33 - [MESSAGE][PASSED] - Delayed 2 second(s)

2018-12-07 13:00:33 - [TEST_STEP][PASSED] - click: Object: 'Object Repository/Final Object Repo/WorkFlow Listing Page/Search Information - To Put Ref No' is clicked on

2018-12-07 13:00:34 - [MESSAGE][PASSED] - Object: 'Object Repository/Final Object Repo/WorkFlow Listing Page/Search Information - To Put Ref No' is clicked on

2018-12-07 13:00:34 - [TEST_STEP][PASSED] - delay: Delayed 2 second(s)

2018-12-07 13:00:36 - [MESSAGE][PASSED] - Delayed 2 second(s)

2018-12-07 13:00:36 - [TEST_STEP][PASSED] - callTestCase: Call Test Case 'Test Cases/Final Aug 2018 - PKS Automation/Common/Reference Number Getter' successfully

2018-12-07 13:00:36 - [TEST_CASE][PASSED] - Test Cases/Final Aug 2018 - PKS Automation/Common/Reference Number Getter: Test Cases/Final Aug 2018 - PKS Automation/Common/Reference Number Getter

2018-12-07 13:00:36 - [TEST_STEP][PASSED] - Statement - Try: null

2018-12-07 13:00:36 - [TEST_STEP][PASSED] - Statement - RefNo = new java.io.File(C://Users//Admin//Desktop//PKS//Automation Reference Point//KatalonReference.txt): null

2018-12-07 13:00:36 - [TEST_STEP][PASSED] - Statement - bufferread = new java.io.BufferedReader(new java.io.FileReader(RefNo)): null

2018-12-07 13:00:36 - [TEST_STEP][PASSED] - Statement - readedVal = bufferread.readLine(): null

2018-12-07 13:00:36 - [TEST_STEP][PASSED] - Statement - out.println(CaseReferenceNo): null

2018-12-07 13:00:36 - [TEST_STEP][PASSED] - Statement - out.println(readedVal): null

2018-12-07 13:00:36 - [TEST_STEP][PASSED] - Statement - CaseReferenceNo = "": null

2018-12-07 13:00:36 - [TEST_STEP][PASSED] - Statement - CaseReferenceNo = readedVal: null

2018-12-07 13:00:36 - [MESSAGE][PASSED] - Call Test Case 'Test Cases/Final Aug 2018 - PKS Automation/Common/Reference Number Getter' successfully

2018-12-07 13:00:36 - [TEST_STEP][PASSED] - setText: Text 'CAN12201800002292' is set on object 'Object Repository/Final Object Repo/WorkFlow Listing Page/Ref No Set Text'

2018-12-07 13:00:36 - [MESSAGE][PASSED] - Text 'CAN12201800002292' is set on object 'Object Repository/Final Object Repo/WorkFlow Listing Page/Ref No Set Text'

2018-12-07 13:00:36 - [TEST_STEP][PASSED] - delay: Delayed 2 second(s)

2018-12-07 13:00:38 - [MESSAGE][PASSED] - Delayed 2 second(s)

2018-12-07 13:00:38 - [TEST_STEP][PASSED] - click: Object: 'Object Repository/Final Object Repo/WorkFlow Listing Page/Search Ref No Search Button' is clicked on

2018-12-07 13:00:38 - [MESSAGE][PASSED] - Object: 'Object Repository/Final Object Repo/WorkFlow Listing Page/Search Ref No Search Button' is clicked on

2018-12-07 13:00:38 - [TEST_STEP][PASSED] - delay: Delayed 6 second(s)

2018-12-07 13:00:44 - [MESSAGE][PASSED] - Delayed 6 second(s)

2018-12-07 13:00:44 - [TEST_STEP][PASSED] - click: Object: 'Object Repository/Final Object Repo/WorkFlow Listing Page/Click Continue Tooltip' is clicked on

2018-12-07 13:00:45 - [MESSAGE][PASSED] - Object: 'Object Repository/Final Object Repo/WorkFlow Listing Page/Click Continue Tooltip' is clicked on

2018-12-07 13:00:45 - [TEST_STEP][PASSED] - delay: Delayed 5 second(s)

2018-12-07 13:00:50 - [MESSAGE][PASSED] - Delayed 5 second(s)

2018-12-07 13:00:50 - [TEST_STEP][PASSED] - doubleClick: Object: 'Object Repository/Final Object Repo/WorkFlow Listing Page/Workflow Found - Listing 1' is double clicked on

2018-12-07 13:00:50 - [MESSAGE][PASSED] - Object: 'Object Repository/Final Object Repo/WorkFlow Listing Page/Workflow Found - Listing 1' is double clicked on

2018-12-07 13:00:50 - [TEST_STEP][PASSED] - Statement - println(OwnerID): null

2018-12-07 13:00:50 - [TEST_STEP][PASSED] - Statement - OwnerID = com.kms.katalon.core.webui.keyword.WebUiBuiltInKeywords.getText(com.kms.katalon.core.testobject.ObjectRepository.findTestObject(Final Object Repo/WorkFlow Listing Page/Workflow Found - Listing 1), STOP_ON_FAILURE): Text of object 'Object Repository/Final Object Repo/WorkFlow Listing Page/Workflow Found - Listing 1' is: 'JOHORro3'

2018-12-07 13:00:51 - [MESSAGE][PASSED] - Text of object 'Object Repository/Final Object Repo/WorkFlow Listing Page/Workflow Found - Listing 1' is: 'JOHORro3'

2018-12-07 13:00:51 - [TEST_STEP][PASSED] - Statement - OwnerID = OwnerID.toLowerCase() + "@gmail.com": null

2018-12-07 13:00:51 - [TEST_STEP][PASSED] - Statement - println(OwnerID): null

2018-12-07 13:00:51 - [TEST_STEP][PASSED] - delay: Delayed 2 second(s)

2018-12-07 13:00:53 - [MESSAGE][PASSED] - Delayed 2 second(s)

2018-12-07 13:00:53 - [MESSAGE][PASSED] - Call Test Case 'Test Cases/Final Aug 2018 - PKS Automation/Common/Workflow Owner Finder' successfully

2018-12-07 13:00:53 - [TEST_STEP][PASSED] - callTestCase: Call Test Case 'Test Cases/Final Aug 2018 - PKS Automation/Registration Module/Log Out/log out avoiding katalon tagging' successfully

2018-12-07 13:00:53 - [TEST_CASE][PASSED] - Test Cases/Final Aug 2018 - PKS Automation/Registration Module/Log Out/log out avoiding katalon tagging: Test Cases/Final Aug 2018 - PKS Automation/Registration Module/Log Out/log out avoiding katalon tagging

2018-12-07 13:00:53 - [TEST_STEP][PASSED] - navigateToUrl: Navigate to 'https://assist2-uat.perkeso.gov.my/c/portal/logout' successfully

2018-12-07 13:00:54 - [MESSAGE][PASSED] - Navigate to 'https://assist2-uat.perkeso.gov.my/c/portal/logout' successfully

2018-12-07 13:00:54 - [MESSAGE][PASSED] - Call Test Case 'Test Cases/Final Aug 2018 - PKS Automation/Registration Module/Log Out/log out avoiding katalon tagging' successfully

2018-12-07 13:00:54 - [TEST_STEP][PASSED] - delay: Delayed 2 second(s)

2018-12-07 13:00:56 - [MESSAGE][PASSED] - Delayed 2 second(s)

2018-12-07 13:00:56 - [TEST_STEP][PASSED] - setText: Text 'johorro3@gmail.com' is set on object 'Object Repository/Final Object Repo/Page_Update Add New Employee - ASSIST/Email TextBox'

2018-12-07 13:00:56 - [MESSAGE][PASSED] - Text 'johorro3@gmail.com' is set on object 'Object Repository/Final Object Repo/Page_Update Add New Employee - ASSIST/Email TextBox'

2018-12-07 13:00:56 - [TEST_STEP][PASSED] - click: Object: 'Object Repository/Final Object Repo/Page_Update Add New Employee - ASSIST/Next Button' is clicked on

2018-12-07 13:00:56 - [MESSAGE][PASSED] - Object: 'Object Repository/Final Object Repo/Page_Update Add New Employee - ASSIST/Next Button' is clicked on

2018-12-07 13:00:56 - [TEST_STEP][PASSED] - delay: Delayed 2 second(s)

2018-12-07 13:00:58 - [MESSAGE][PASSED] - Delayed 2 second(s)

2018-12-07 13:00:58 - [TEST_STEP][PASSED] - setText: Text 'Test1@3456789' is set on object 'Object Repository/Final Object Repo/Page_Update Add New Employee - ASSIST/Password TextBox'

2018-12-07 13:00:58 - [MESSAGE][PASSED] - Text 'Test1@3456789' is set on object 'Object Repository/Final Object Repo/Page_Update Add New Employee - ASSIST/Password TextBox'

2018-12-07 13:00:58 - [TEST_STEP][PASSED] - delay: Delayed 2 second(s)

2018-12-07 13:01:00 - [MESSAGE][PASSED] - Delayed 2 second(s)

2018-12-07 13:01:00 - [TEST_STEP][PASSED] - click: Object: 'Object Repository/Final Object Repo/Page_Update Add New Employee - ASSIST/Login Button' is clicked on

2018-12-07 13:01:01 - [MESSAGE][PASSED] - Object: 'Object Repository/Final Object Repo/Page_Update Add New Employee - ASSIST/Login Button' is clicked on

2018-12-07 13:01:01 - [TEST_STEP][PASSED] - delay: Delayed 4 second(s)

2018-12-07 13:01:05 - [MESSAGE][PASSED] - Delayed 4 second(s)

2018-12-07 13:01:05 - [TEST_STEP][PASSED] - Statement - Try: Delayed 2 second(s)

2018-12-07 13:01:05 - [TEST_STEP][PASSED] - Statement - Checker = false: null

2018-12-07 13:01:05 - [TEST_STEP][PASSED] - Statement - Checker = com.kms.katalon.core.webui.keyword.WebUiBuiltInKeywords.verifyElementHasAttribute(com.kms.katalon.core.testobject.ObjectRepository.findTestObject(Final Object Repo/Landing Page/BM Detecting), "href", 20, OPTIONAL): Object 'Object Repository/Final Object Repo/Landing Page/BM Detecting' has attribute 'href'

2018-12-07 13:01:05 - [MESSAGE][PASSED] - Object 'Object Repository/Final Object Repo/Landing Page/BM Detecting' has attribute 'href'

2018-12-07 13:01:05 - [TEST_STEP][PASSED] - Statement - out.println(Checker): null

2018-12-07 13:01:05 - [TEST_STEP][PASSED] - Statement - If (Checker == false): null

2018-12-07 13:01:05 - [TEST_STEP][PASSED] - Statement - Else: null

2018-12-07 13:01:05 - [TEST_STEP][PASSED] - delay: Delayed 2 second(s)

2018-12-07 13:01:07 - [MESSAGE][PASSED] - Delayed 2 second(s)

2018-12-07 13:01:07 - [TEST_STEP][PASSED] - delay: Delayed 4 second(s)

2018-12-07 13:01:11 - [MESSAGE][PASSED] - Delayed 4 second(s)

2018-12-07 13:01:11 - [TEST_STEP][PASSED] - click: Object: 'Object Repository/Final Object Repo/New Registration - Registration Module Pages/New Reg - OTC to RO/Special Case - All Related Objects/Expand to Search' is clicked on

2018-12-07 13:01:11 - [MESSAGE][PASSED] - Object: 'Object Repository/Final Object Repo/New Registration - Registration Module Pages/New Reg - OTC to RO/Special Case - All Related Objects/Expand to Search' is clicked on

2018-12-07 13:01:11 - [TEST_STEP][PASSED] - delay: Delayed 2 second(s)

2018-12-07 13:01:13 - [MESSAGE][PASSED] - Delayed 2 second(s)

2018-12-07 13:01:13 - [TEST_STEP][PASSED] - setText: Text 'CAN12201800002292' is set on object 'Object Repository/Final Object Repo/New Registration - Registration Module Pages/New Reg - OTC to RO/Special Case - All Related Objects/TextBox RefNo in Workbasket'

2018-12-07 13:01:13 - [MESSAGE][PASSED] - Text 'CAN12201800002292' is set on object 'Object Repository/Final Object Repo/New Registration - Registration Module Pages/New Reg - OTC to RO/Special Case - All Related Objects/TextBox RefNo in Workbasket'

2018-12-07 13:01:13 - [TEST_STEP][PASSED] - delay: Delayed 2 second(s)

2018-12-07 13:01:15 - [MESSAGE][PASSED] - Delayed 2 second(s)

2018-12-07 13:01:15 - [TEST_STEP][PASSED] - click: Object: 'Object Repository/Final Object Repo/New Registration - Registration Module Pages/New Reg - OTC to RO/Special Case - All Related Objects/Click Search' is clicked on

2018-12-07 13:01:15 - [MESSAGE][PASSED] - Object: 'Object Repository/Final Object Repo/New Registration - Registration Module Pages/New Reg - OTC to RO/Special Case - All Related Objects/Click Search' is clicked on

2018-12-07 13:01:15 - [TEST_STEP][PASSED] - delay: Delayed 2 second(s)

2018-12-07 13:01:17 - [MESSAGE][PASSED] - Delayed 2 second(s)

2018-12-07 13:01:17 - [TEST_STEP][PASSED] - click: Object: 'Object Repository/Final Object Repo/New Registration - Registration Module Pages/New Reg - OTC to RO/Special Case - All Related Objects/Click to Continue Workflow' is clicked on

2018-12-07 13:01:22 - [MESSAGE][PASSED] - Object: 'Object Repository/Final Object Repo/New Registration - Registration Module Pages/New Reg - OTC to RO/Special Case - All Related Objects/Click to Continue Workflow' is clicked on

2018-12-07 13:01:22 - [TEST_STEP][PASSED] - delay: Delayed 10 second(s)

2018-12-07 13:01:32 - [MESSAGE][PASSED] - Delayed 10 second(s)

2018-12-07 13:01:32 - [TEST_STEP][PASSED] - click: Object: 'Object Repository/Final Object Repo/New Registration - Registration Module Pages/New Reg - OTC to RO/Special Case - All Related Objects/Continue Button in verifying case' is clicked on

2018-12-07 13:01:35 - [MESSAGE][PASSED] - Object: 'Object Repository/Final Object Repo/New Registration - Registration Module Pages/New Reg - OTC to RO/Special Case - All Related Objects/Continue Button in verifying case' is clicked on

2018-12-07 13:01:35 - [TEST_STEP][PASSED] - delay: Delayed 2 second(s)

2018-12-07 13:01:37 - [MESSAGE][PASSED] - Delayed 2 second(s)

2018-12-07 13:01:37 - [TEST_STEP][PASSED] - click: Object: 'Object Repository/Final Object Repo/Page_Update Add New Employee - ASSIST/Save  Continue Button' is clicked on

2018-12-07 13:01:37 - [MESSAGE][PASSED] - Object: 'Object Repository/Final Object Repo/Page_Update Add New Employee - ASSIST/Save  Continue Button' is clicked on

2018-12-07 13:01:37 - [TEST_STEP][PASSED] - delay: Delayed 4 second(s)

2018-12-07 13:01:41 - [MESSAGE][PASSED] - Delayed 4 second(s)

2018-12-07 13:01:41 - [TEST_STEP][PASSED] - click: Object: 'Object Repository/Final Object Repo/Page_Update Add New Employee - ASSIST/Save  Continue Third Screen' is clicked on

2018-12-07 13:01:44 - [MESSAGE][PASSED] - Object: 'Object Repository/Final Object Repo/Page_Update Add New Employee - ASSIST/Save  Continue Third Screen' is clicked on

2018-12-07 13:01:44 - [TEST_STEP][PASSED] - delay: Delayed 4 second(s)

2018-12-07 13:01:48 - [MESSAGE][PASSED] - Delayed 4 second(s)

2018-12-07 13:01:48 - [TEST_STEP][PASSED] - click: Object: 'Object Repository/Final Object Repo/Page_Update Add New Employee - ASSIST/Save   Continue Supporting Doc Page' is clicked on

2018-12-07 13:01:48 - [MESSAGE][PASSED] - Object: 'Object Repository/Final Object Repo/Page_Update Add New Employee - ASSIST/Save   Continue Supporting Doc Page' is clicked on

2018-12-07 13:01:48 - [TEST_STEP][PASSED] - delay: Delayed 4 second(s)

2018-12-07 13:01:52 - [MESSAGE][PASSED] - Delayed 4 second(s)

2018-12-07 13:01:52 - [TEST_STEP][PASSED] - click: Object: 'Object Repository/Final Object Repo/Page_Update Add New Employee - ASSIST/Submit Button' is clicked on

2018-12-07 13:01:52 - [MESSAGE][PASSED] - Object: 'Object Repository/Final Object Repo/Page_Update Add New Employee - ASSIST/Submit Button' is clicked on

2018-12-07 13:01:52 - [TEST_STEP][PASSED] - delay: Delayed 4 second(s)

2018-12-07 13:01:56 - [MESSAGE][PASSED] - Delayed 4 second(s)

2018-12-07 13:01:56 - [TEST_STEP][PASSED] - click: Object: 'Object Repository/Final Object Repo/Page_Update Add New Employee - ASSIST/Confirm Submit Button' is clicked on

2018-12-07 13:01:56 - [MESSAGE][PASSED] - Object: 'Object Repository/Final Object Repo/Page_Update Add New Employee - ASSIST/Confirm Submit Button' is clicked on

2018-12-07 13:01:56 - [TEST_STEP][PASSED] - delay: Delayed 30 second(s)

2018-12-07 13:02:26 - [MESSAGE][PASSED] - Delayed 30 second(s)

2018-12-07 13:02:26 - [TEST_STEP][PASSED] - callTestCase: Call Test Case 'Test Cases/Final Aug 2018 - PKS Automation/Common/Screenshoting tool' successfully

2018-12-07 13:02:26 - [TEST_CASE][PASSED] - Test Cases/Final Aug 2018 - PKS Automation/Common/Screenshoting tool: Test Cases/Final Aug 2018 - PKS Automation/Common/Screenshoting tool

2018-12-07 13:02:26 - [TEST_STEP][PASSED] - delay: Delayed 15 second(s)

2018-12-07 13:02:41 - [MESSAGE][PASSED] - Delayed 15 second(s)

2018-12-07 13:02:41 - [TEST_STEP][PASSED] - Statement - driver = com.kms.katalon.core.webui.driver.DriverFactory.getWebDriver(): null

2018-12-07 13:02:41 - [TEST_STEP][PASSED] - Statement - driver.manage().timeouts().implicitlyWait(10, SECONDS): null

2018-12-07 13:02:41 - [TEST_STEP][PASSED] - Statement - PresavePath = KatalonScreenshots: null

2018-12-07 13:02:41 - [TEST_STEP][PASSED] - Statement - pathPrefix = "C:\Users\Public\Pictures\Sample Pictures\Katalon Screenshots\Automate Ending Screen": null

2018-12-07 13:02:41 - [TEST_STEP][PASSED] - Statement - finalPath = <not implemented yet for class: org.codehaus.groovy.ast.expr.EmptyExpression>: null

2018-12-07 13:02:41 - [TEST_STEP][PASSED] - Statement - scrFile = driver.getScreenshotAs(FILE): null

2018-12-07 13:02:42 - [TEST_STEP][PASSED] - Statement - PreSaveFile = new java.io.File(PresavePath): null

2018-12-07 13:02:42 - [TEST_STEP][PASSED] - Statement - counter = 0: null

2018-12-07 13:02:42 - [TEST_STEP][PASSED] - Statement - If (PreSaveFile.exists()): null

2018-12-07 13:02:42 - [TEST_STEP][PASSED] - Statement - While (PreSaveFile.exists()): null

2018-12-07 13:02:42 - [TEST_STEP][PASSED] - Statement - counter = counter + 1: null

2018-12-07 13:02:42 - [TEST_STEP][PASSED] - Statement - PreSaveFile = new java.io.File(((pathPrefix + java.lang.Integer.toString(counter)) + .png)): null

2018-12-07 13:02:42 - [TEST_STEP][PASSED] - Statement - counter = counter + 1: null

2018-12-07 13:02:42 - [TEST_STEP][PASSED] - Statement - PreSaveFile = new java.io.File(((pathPrefix + java.lang.Integer.toString(counter)) + .png)): null

2018-12-07 13:02:42 - [TEST_STEP][PASSED] - Statement - counter = counter + 1: null

2018-12-07 13:02:42 - [TEST_STEP][PASSED] - Statement - PreSaveFile = new java.io.File(((pathPrefix + java.lang.Integer.toString(counter)) + .png)): null

2018-12-07 13:02:42 - [TEST_STEP][PASSED] - Statement - counter = counter + 1: null

2018-12-07 13:02:42 - [TEST_STEP][PASSED] - Statement - PreSaveFile = new java.io.File(((pathPrefix + java.lang.Integer.toString(counter)) + .png)): null

2018-12-07 13:02:42 - [TEST_STEP][PASSED] - Statement - counter = counter + 1: null

2018-12-07 13:02:42 - [TEST_STEP][PASSED] - Statement - PreSaveFile = new java.io.File(((pathPrefix + java.lang.Integer.toString(counter)) + .png)): null

2018-12-07 13:02:42 - [TEST_STEP][PASSED] - Statement - counter = counter + 1: null

2018-12-07 13:02:42 - [TEST_STEP][PASSED] - Statement - PreSaveFile = new java.io.File(((pathPrefix + java.lang.Integer.toString(counter)) + .png)): null

2018-12-07 13:02:42 - [TEST_STEP][PASSED] - Statement - counter = counter + 1: null

2018-12-07 13:02:42 - [TEST_STEP][PASSED] - Statement - PreSaveFile = new java.io.File(((pathPrefix + java.lang.Integer.toString(counter)) + .png)): null

2018-12-07 13:02:42 - [TEST_STEP][PASSED] - Statement - counter = counter + 1: null

2018-12-07 13:02:42 - [TEST_STEP][PASSED] - Statement - PreSaveFile = new java.io.File(((pathPrefix + java.lang.Integer.toString(counter)) + .png)): null

2018-12-07 13:02:42 - [TEST_STEP][PASSED] - Statement - counter = counter + 1: null

2018-12-07 13:02:42 - [TEST_STEP][PASSED] - Statement - PreSaveFile = new java.io.File(((pathPrefix + java.lang.Integer.toString(counter)) + .png)): null

2018-12-07 13:02:42 - [TEST_STEP][PASSED] - Statement - counter = counter + 1: null

2018-12-07 13:02:42 - [TEST_STEP][PASSED] - Statement - PreSaveFile = new java.io.File(((pathPrefix + java.lang.Integer.toString(counter)) + .png)): null

2018-12-07 13:02:42 - [TEST_STEP][PASSED] - Statement - counter = counter + 1: null

2018-12-07 13:02:42 - [TEST_STEP][PASSED] - Statement - PreSaveFile = new java.io.File(((pathPrefix + java.lang.Integer.toString(counter)) + .png)): null

2018-12-07 13:02:42 - [TEST_STEP][PASSED] - Statement - counter = counter + 1: null

2018-12-07 13:02:42 - [TEST_STEP][PASSED] - Statement - PreSaveFile = new java.io.File(((pathPrefix + java.lang.Integer.toString(counter)) + .png)): null

2018-12-07 13:02:42 - [TEST_STEP][PASSED] - Statement - counter = counter + 1: null

2018-12-07 13:02:42 - [TEST_STEP][PASSED] - Statement - PreSaveFile = new java.io.File(((pathPrefix + java.lang.Integer.toString(counter)) + .png)): null

2018-12-07 13:02:42 - [TEST_STEP][PASSED] - Statement - counter = counter + 1: null

2018-12-07 13:02:42 - [TEST_STEP][PASSED] - Statement - PreSaveFile = new java.io.File(((pathPrefix + java.lang.Integer.toString(counter)) + .png)): null

2018-12-07 13:02:42 - [TEST_STEP][PASSED] - Statement - counter = counter + 1: null

2018-12-07 13:02:42 - [TEST_STEP][PASSED] - Statement - PreSaveFile = new java.io.File(((pathPrefix + java.lang.Integer.toString(counter)) + .png)): null

2018-12-07 13:02:42 - [TEST_STEP][PASSED] - Statement - counter = counter + 1: null

2018-12-07 13:02:42 - [TEST_STEP][PASSED] - Statement - PreSaveFile = new java.io.File(((pathPrefix + java.lang.Integer.toString(counter)) + .png)): null

2018-12-07 13:02:42 - [TEST_STEP][PASSED] - Statement - counter = counter + 1: null

2018-12-07 13:02:42 - [TEST_STEP][PASSED] - Statement - PreSaveFile = new java.io.File(((pathPrefix + java.lang.Integer.toString(counter)) + .png)): null

2018-12-07 13:02:42 - [TEST_STEP][PASSED] - Statement - counter = counter + 1: null

2018-12-07 13:02:42 - [TEST_STEP][PASSED] - Statement - PreSaveFile = new java.io.File(((pathPrefix + java.lang.Integer.toString(counter)) + .png)): null

2018-12-07 13:02:42 - [TEST_STEP][PASSED] - Statement - counter = counter + 1: null

2018-12-07 13:02:42 - [TEST_STEP][PASSED] - Statement - PreSaveFile = new java.io.File(((pathPrefix + java.lang.Integer.toString(counter)) + .png)): null

2018-12-07 13:02:42 - [TEST_STEP][PASSED] - Statement - counter = counter + 1: null

2018-12-07 13:02:42 - [TEST_STEP][PASSED] - Statement - PreSaveFile = new java.io.File(((pathPrefix + java.lang.Integer.toString(counter)) + .png)): null

2018-12-07 13:02:42 - [TEST_STEP][PASSED] - Statement - counter = counter + 1: null

2018-12-07 13:02:42 - [TEST_STEP][PASSED] - Statement - PreSaveFile = new java.io.File(((pathPrefix + java.lang.Integer.toString(counter)) + .png)): null

2018-12-07 13:02:42 - [TEST_STEP][PASSED] - Statement - counter = counter + 1: null

2018-12-07 13:02:42 - [TEST_STEP][PASSED] - Statement - PreSaveFile = new java.io.File(((pathPrefix + java.lang.Integer.toString(counter)) + .png)): null

2018-12-07 13:02:42 - [TEST_STEP][PASSED] - Statement - counter = counter + 1: null

2018-12-07 13:02:42 - [TEST_STEP][PASSED] - Statement - PreSaveFile = new java.io.File(((pathPrefix + java.lang.Integer.toString(counter)) + .png)): null

2018-12-07 13:02:42 - [TEST_STEP][PASSED] - Statement - counter = counter + 1: null

2018-12-07 13:02:43 - [TEST_STEP][PASSED] - Statement - PreSaveFile = new java.io.File(((pathPrefix + java.lang.Integer.toString(counter)) + .png)): null

2018-12-07 13:02:43 - [TEST_STEP][PASSED] - Statement - counter = counter + 1: null

2018-12-07 13:02:43 - [TEST_STEP][PASSED] - Statement - PreSaveFile = new java.io.File(((pathPrefix + java.lang.Integer.toString(counter)) + .png)): null

2018-12-07 13:02:43 - [TEST_STEP][PASSED] - Statement - counter = counter + 1: null

2018-12-07 13:02:43 - [TEST_STEP][PASSED] - Statement - PreSaveFile = new java.io.File(((pathPrefix + java.lang.Integer.toString(counter)) + .png)): null

2018-12-07 13:02:43 - [TEST_STEP][PASSED] - Statement - counter = counter + 1: null

2018-12-07 13:02:43 - [TEST_STEP][PASSED] - Statement - PreSaveFile = new java.io.File(((pathPrefix + java.lang.Integer.toString(counter)) + .png)): null

2018-12-07 13:02:43 - [TEST_STEP][PASSED] - Statement - counter = counter + 1: null

2018-12-07 13:02:43 - [TEST_STEP][PASSED] - Statement - PreSaveFile = new java.io.File(((pathPrefix + java.lang.Integer.toString(counter)) + .png)): null

2018-12-07 13:02:43 - [TEST_STEP][PASSED] - Statement - counter = counter + 1: null

2018-12-07 13:02:43 - [TEST_STEP][PASSED] - Statement - PreSaveFile = new java.io.File(((pathPrefix + java.lang.Integer.toString(counter)) + .png)): null

2018-12-07 13:02:43 - [TEST_STEP][PASSED] - Statement - counter = counter + 1: null

2018-12-07 13:02:43 - [TEST_STEP][PASSED] - Statement - PreSaveFile = new java.io.File(((pathPrefix + java.lang.Integer.toString(counter)) + .png)): null

2018-12-07 13:02:43 - [TEST_STEP][PASSED] - Statement - counter = counter + 1: null

2018-12-07 13:02:43 - [TEST_STEP][PASSED] - Statement - PreSaveFile = new java.io.File(((pathPrefix + java.lang.Integer.toString(counter)) + .png)): null

2018-12-07 13:02:43 - [TEST_STEP][PASSED] - Statement - counter = counter + 1: null

2018-12-07 13:02:43 - [TEST_STEP][PASSED] - Statement - PreSaveFile = new java.io.File(((pathPrefix + java.lang.Integer.toString(counter)) + .png)): null

2018-12-07 13:02:43 - [TEST_STEP][PASSED] - Statement - counter = counter + 1: null

2018-12-07 13:02:43 - [TEST_STEP][PASSED] - Statement - PreSaveFile = new java.io.File(((pathPrefix + java.lang.Integer.toString(counter)) + .png)): null

2018-12-07 13:02:43 - [TEST_STEP][PASSED] - Statement - counter = counter + 1: null

2018-12-07 13:02:43 - [TEST_STEP][PASSED] - Statement - PreSaveFile = new java.io.File(((pathPrefix + java.lang.Integer.toString(counter)) + .png)): null

2018-12-07 13:02:43 - [TEST_STEP][PASSED] - Statement - counter = counter + 1: null

2018-12-07 13:02:43 - [TEST_STEP][PASSED] - Statement - PreSaveFile = new java.io.File(((pathPrefix + java.lang.Integer.toString(counter)) + .png)): null

2018-12-07 13:02:43 - [TEST_STEP][PASSED] - Statement - counter = counter + 1: null

2018-12-07 13:02:43 - [TEST_STEP][PASSED] - Statement - PreSaveFile = new java.io.File(((pathPrefix + java.lang.Integer.toString(counter)) + .png)): null

2018-12-07 13:02:43 - [TEST_STEP][PASSED] - Statement - counter = counter + 1: null

2018-12-07 13:02:43 - [TEST_STEP][PASSED] - Statement - PreSaveFile = new java.io.File(((pathPrefix + java.lang.Integer.toString(counter)) + .png)): null

2018-12-07 13:02:43 - [TEST_STEP][PASSED] - Statement - counter = counter + 1: null

2018-12-07 13:02:44 - [TEST_STEP][PASSED] - Statement - PreSaveFile = new java.io.File(((pathPrefix + java.lang.Integer.toString(counter)) + .png)): null

2018-12-07 13:02:44 - [TEST_STEP][PASSED] - Statement - counter = counter + 1: null

2018-12-07 13:02:44 - [TEST_STEP][PASSED] - Statement - PreSaveFile = new java.io.File(((pathPrefix + java.lang.Integer.toString(counter)) + .png)): null

2018-12-07 13:02:44 - [TEST_STEP][PASSED] - Statement - counter = counter + 1: null

2018-12-07 13:02:44 - [TEST_STEP][PASSED] - Statement - PreSaveFile = new java.io.File(((pathPrefix + java.lang.Integer.toString(counter)) + .png)): null

2018-12-07 13:02:44 - [TEST_STEP][PASSED] - Statement - counter = counter + 1: null

2018-12-07 13:02:44 - [TEST_STEP][PASSED] - Statement - PreSaveFile = new java.io.File(((pathPrefix + java.lang.Integer.toString(counter)) + .png)): null

2018-12-07 13:02:44 - [TEST_STEP][PASSED] - Statement - counter = counter + 1: null

2018-12-07 13:02:44 - [TEST_STEP][PASSED] - Statement - PreSaveFile = new java.io.File(((pathPrefix + java.lang.Integer.toString(counter)) + .png)): null

2018-12-07 13:02:44 - [TEST_STEP][PASSED] - Statement - counter = counter + 1: null

2018-12-07 13:02:44 - [TEST_STEP][PASSED] - Statement - PreSaveFile = new java.io.File(((pathPrefix + java.lang.Integer.toString(counter)) + .png)): null

2018-12-07 13:02:44 - [TEST_STEP][PASSED] - Statement - counter = counter + 1: null

2018-12-07 13:02:44 - [TEST_STEP][PASSED] - Statement - PreSaveFile = new java.io.File(((pathPrefix + java.lang.Integer.toString(counter)) + .png)): null

2018-12-07 13:02:44 - [TEST_STEP][PASSED] - Statement - counter = counter + 1: null

2018-12-07 13:02:44 - [TEST_STEP][PASSED] - Statement - PreSaveFile = new java.io.File(((pathPrefix + java.lang.Integer.toString(counter)) + .png)): null

2018-12-07 13:02:44 - [TEST_STEP][PASSED] - Statement - counter = counter + 1: null

2018-12-07 13:02:44 - [TEST_STEP][PASSED] - Statement - PreSaveFile = new java.io.File(((pathPrefix + java.lang.Integer.toString(counter)) + .png)): null

2018-12-07 13:02:44 - [TEST_STEP][PASSED] - Statement - counter = counter + 1: null

2018-12-07 13:02:44 - [TEST_STEP][PASSED] - Statement - PreSaveFile = new java.io.File(((pathPrefix + java.lang.Integer.toString(counter)) + .png)): null

2018-12-07 13:02:44 - [TEST_STEP][PASSED] - Statement - counter = counter + 1: null

2018-12-07 13:02:44 - [TEST_STEP][PASSED] - Statement - PreSaveFile = new java.io.File(((pathPrefix + java.lang.Integer.toString(counter)) + .png)): null

2018-12-07 13:02:44 - [TEST_STEP][PASSED] - Statement - counter = counter + 1: null

2018-12-07 13:02:44 - [TEST_STEP][PASSED] - Statement - PreSaveFile = new java.io.File(((pathPrefix + java.lang.Integer.toString(counter)) + .png)): null

2018-12-07 13:02:44 - [TEST_STEP][PASSED] - Statement - counter = counter + 1: null

2018-12-07 13:02:44 - [TEST_STEP][PASSED] - Statement - PreSaveFile = new java.io.File(((pathPrefix + java.lang.Integer.toString(counter)) + .png)): null

2018-12-07 13:02:44 - [TEST_STEP][PASSED] - Statement - counter = counter + 1: null

2018-12-07 13:02:44 - [TEST_STEP][PASSED] - Statement - PreSaveFile = new java.io.File(((pathPrefix + java.lang.Integer.toString(counter)) + .png)): null

2018-12-07 13:02:44 - [TEST_STEP][PASSED] - Statement - counter = counter + 1: null

2018-12-07 13:02:44 - [TEST_STEP][PASSED] - Statement - PreSaveFile = new java.io.File(((pathPrefix + java.lang.Integer.toString(counter)) + .png)): null

2018-12-07 13:02:44 - [TEST_STEP][PASSED] - Statement - counter = counter + 1: null

2018-12-07 13:02:44 - [TEST_STEP][PASSED] - Statement - PreSaveFile = new java.io.File(((pathPrefix + java.lang.Integer.toString(counter)) + .png)): null

2018-12-07 13:02:44 - [TEST_STEP][PASSED] - Statement - counter = counter + 1: null

2018-12-07 13:02:44 - [TEST_STEP][PASSED] - Statement - PreSaveFile = new java.io.File(((pathPrefix + java.lang.Integer.toString(counter)) + .png)): null

2018-12-07 13:02:44 - [TEST_STEP][PASSED] - Statement - counter = counter + 1: null

2018-12-07 13:02:44 - [TEST_STEP][PASSED] - Statement - PreSaveFile = new java.io.File(((pathPrefix + java.lang.Integer.toString(counter)) + .png)): null

2018-12-07 13:02:44 - [TEST_STEP][PASSED] - Statement - counter = counter + 1: null

2018-12-07 13:02:44 - [TEST_STEP][PASSED] - Statement - PreSaveFile = new java.io.File(((pathPrefix + java.lang.Integer.toString(counter)) + .png)): null

2018-12-07 13:02:44 - [TEST_STEP][PASSED] - Statement - counter = counter + 1: null

2018-12-07 13:02:44 - [TEST_STEP][PASSED] - Statement - PreSaveFile = new java.io.File(((pathPrefix + java.lang.Integer.toString(counter)) + .png)): null

2018-12-07 13:02:44 - [TEST_STEP][PASSED] - Statement - counter = counter + 1: null

2018-12-07 13:02:45 - [TEST_STEP][PASSED] - Statement - PreSaveFile = new java.io.File(((pathPrefix + java.lang.Integer.toString(counter)) + .png)): null

2018-12-07 13:02:45 - [TEST_STEP][PASSED] - Statement - counter = counter + 1: null

2018-12-07 13:02:45 - [TEST_STEP][PASSED] - Statement - PreSaveFile = new java.io.File(((pathPrefix + java.lang.Integer.toString(counter)) + .png)): null

2018-12-07 13:02:45 - [TEST_STEP][PASSED] - Statement - counter = counter + 1: null

2018-12-07 13:02:45 - [TEST_STEP][PASSED] - Statement - PreSaveFile = new java.io.File(((pathPrefix + java.lang.Integer.toString(counter)) + .png)): null

2018-12-07 13:02:45 - [TEST_STEP][PASSED] - Statement - counter = counter + 1: null

2018-12-07 13:02:45 - [TEST_STEP][PASSED] - Statement - PreSaveFile = new java.io.File(((pathPrefix + java.lang.Integer.toString(counter)) + .png)): null

2018-12-07 13:02:45 - [TEST_STEP][PASSED] - Statement - counter = counter + 1: null

2018-12-07 13:02:45 - [TEST_STEP][PASSED] - Statement - PreSaveFile = new java.io.File(((pathPrefix + java.lang.Integer.toString(counter)) + .png)): null

2018-12-07 13:02:45 - [TEST_STEP][PASSED] - Statement - counter = counter + 1: null

2018-12-07 13:02:45 - [TEST_STEP][PASSED] - Statement - PreSaveFile = new java.io.File(((pathPrefix + java.lang.Integer.toString(counter)) + .png)): null

2018-12-07 13:02:45 - [TEST_STEP][PASSED] - Statement - counter = counter + 1: null

2018-12-07 13:02:45 - [TEST_STEP][PASSED] - Statement - PreSaveFile = new java.io.File(((pathPrefix + java.lang.Integer.toString(counter)) + .png)): null

2018-12-07 13:02:45 - [TEST_STEP][PASSED] - Statement - counter = counter + 1: null

2018-12-07 13:02:45 - [TEST_STEP][PASSED] - Statement - PreSaveFile = new java.io.File(((pathPrefix + java.lang.Integer.toString(counter)) + .png)): null

2018-12-07 13:02:45 - [TEST_STEP][PASSED] - Statement - counter = counter + 1: null

2018-12-07 13:02:45 - [TEST_STEP][PASSED] - Statement - PreSaveFile = new java.io.File(((pathPrefix + java.lang.Integer.toString(counter)) + .png)): null

2018-12-07 13:02:45 - [TEST_STEP][PASSED] - Statement - counter = counter + 1: null

2018-12-07 13:02:45 - [TEST_STEP][PASSED] - Statement - PreSaveFile = new java.io.File(((pathPrefix + java.lang.Integer.toString(counter)) + .png)): null

2018-12-07 13:02:45 - [TEST_STEP][PASSED] - Statement - counter = counter + 1: null

2018-12-07 13:02:45 - [TEST_STEP][PASSED] - Statement - PreSaveFile = new java.io.File(((pathPrefix + java.lang.Integer.toString(counter)) + .png)): null

2018-12-07 13:02:45 - [TEST_STEP][PASSED] - Statement - counter = counter + 1: null

2018-12-07 13:02:45 - [TEST_STEP][PASSED] - Statement - PreSaveFile = new java.io.File(((pathPrefix + java.lang.Integer.toString(counter)) + .png)): null

2018-12-07 13:02:45 - [TEST_STEP][PASSED] - Statement - counter = counter + 1: null

2018-12-07 13:02:45 - [TEST_STEP][PASSED] - Statement - PreSaveFile = new java.io.File(((pathPrefix + java.lang.Integer.toString(counter)) + .png)): null

2018-12-07 13:02:45 - [TEST_STEP][PASSED] - Statement - counter = counter + 1: null

2018-12-07 13:02:45 - [TEST_STEP][PASSED] - Statement - PreSaveFile = new java.io.File(((pathPrefix + java.lang.Integer.toString(counter)) + .png)): null

2018-12-07 13:02:45 - [TEST_STEP][PASSED] - Statement - counter = counter + 1: null

2018-12-07 13:02:46 - [TEST_STEP][PASSED] - Statement - PreSaveFile = new java.io.File(((pathPrefix + java.lang.Integer.toString(counter)) + .png)): null

2018-12-07 13:02:46 - [TEST_STEP][PASSED] - Statement - counter = counter + 1: null

2018-12-07 13:02:46 - [TEST_STEP][PASSED] - Statement - PreSaveFile = new java.io.File(((pathPrefix + java.lang.Integer.toString(counter)) + .png)): null

2018-12-07 13:02:46 - [TEST_STEP][PASSED] - Statement - counter = counter + 1: null

2018-12-07 13:02:46 - [TEST_STEP][PASSED] - Statement - PreSaveFile = new java.io.File(((pathPrefix + java.lang.Integer.toString(counter)) + .png)): null

2018-12-07 13:02:46 - [TEST_STEP][PASSED] - Statement - counter = counter + 1: null

2018-12-07 13:02:46 - [TEST_STEP][PASSED] - Statement - PreSaveFile = new java.io.File(((pathPrefix + java.lang.Integer.toString(counter)) + .png)): null

2018-12-07 13:02:46 - [TEST_STEP][PASSED] - Statement - counter = counter + 1: null

2018-12-07 13:02:46 - [TEST_STEP][PASSED] - Statement - PreSaveFile = new java.io.File(((pathPrefix + java.lang.Integer.toString(counter)) + .png)): null

2018-12-07 13:02:46 - [TEST_STEP][PASSED] - Statement - counter = counter + 1: null

2018-12-07 13:02:46 - [TEST_STEP][PASSED] - Statement - PreSaveFile = new java.io.File(((pathPrefix + java.lang.Integer.toString(counter)) + .png)): null

2018-12-07 13:02:46 - [TEST_STEP][PASSED] - Statement - counter = counter + 1: null

2018-12-07 13:02:46 - [TEST_STEP][PASSED] - Statement - PreSaveFile = new java.io.File(((pathPrefix + java.lang.Integer.toString(counter)) + .png)): null

2018-12-07 13:02:46 - [TEST_STEP][PASSED] - Statement - counter = counter + 1: null

2018-12-07 13:02:46 - [TEST_STEP][PASSED] - Statement - PreSaveFile = new java.io.File(((pathPrefix + java.lang.Integer.toString(counter)) + .png)): null

2018-12-07 13:02:46 - [TEST_STEP][PASSED] - Statement - counter = counter + 1: null

2018-12-07 13:02:46 - [TEST_STEP][PASSED] - Statement - PreSaveFile = new java.io.File(((pathPrefix + java.lang.Integer.toString(counter)) + .png)): null

2018-12-07 13:02:46 - [TEST_STEP][PASSED] - Statement - counter = counter + 1: null

2018-12-07 13:02:46 - [TEST_STEP][PASSED] - Statement - PreSaveFile = new java.io.File(((pathPrefix + java.lang.Integer.toString(counter)) + .png)): null

2018-12-07 13:02:46 - [TEST_STEP][PASSED] - Statement - counter = counter + 1: null

2018-12-07 13:02:46 - [TEST_STEP][PASSED] - Statement - PreSaveFile = new java.io.File(((pathPrefix + java.lang.Integer.toString(counter)) + .png)): null

2018-12-07 13:02:46 - [TEST_STEP][PASSED] - Statement - counter = counter + 1: null

2018-12-07 13:02:46 - [TEST_STEP][PASSED] - Statement - PreSaveFile = new java.io.File(((pathPrefix + java.lang.Integer.toString(counter)) + .png)): null

2018-12-07 13:02:46 - [TEST_STEP][PASSED] - Statement - counter = counter + 1: null

2018-12-07 13:02:46 - [TEST_STEP][PASSED] - Statement - PreSaveFile = new java.io.File(((pathPrefix + java.lang.Integer.toString(counter)) + .png)): null

2018-12-07 13:02:46 - [TEST_STEP][PASSED] - Statement - counter = counter + 1: null

2018-12-07 13:02:46 - [TEST_STEP][PASSED] - Statement - PreSaveFile = new java.io.File(((pathPrefix + java.lang.Integer.toString(counter)) + .png)): null

2018-12-07 13:02:46 - [TEST_STEP][PASSED] - Statement - counter = counter + 1: null

2018-12-07 13:02:46 - [TEST_STEP][PASSED] - Statement - PreSaveFile = new java.io.File(((pathPrefix + java.lang.Integer.toString(counter)) + .png)): null

2018-12-07 13:02:47 - [TEST_STEP][PASSED] - Statement - counter = counter + 1: null

2018-12-07 13:02:47 - [TEST_STEP][PASSED] - Statement - PreSaveFile = new java.io.File(((pathPrefix + java.lang.Integer.toString(counter)) + .png)): null

2018-12-07 13:02:47 - [TEST_STEP][PASSED] - Statement - counter = counter + 1: null

2018-12-07 13:02:47 - [TEST_STEP][PASSED] - Statement - PreSaveFile = new java.io.File(((pathPrefix + java.lang.Integer.toString(counter)) + .png)): null

2018-12-07 13:02:47 - [TEST_STEP][PASSED] - Statement - counter = counter + 1: null

2018-12-07 13:02:47 - [TEST_STEP][PASSED] - Statement - PreSaveFile = new java.io.File(((pathPrefix + java.lang.Integer.toString(counter)) + .png)): null

2018-12-07 13:02:47 - [TEST_STEP][PASSED] - Statement - counter = counter + 1: null

2018-12-07 13:02:47 - [TEST_STEP][PASSED] - Statement - PreSaveFile = new java.io.File(((pathPrefix + java.lang.Integer.toString(counter)) + .png)): null

2018-12-07 13:02:47 - [TEST_STEP][PASSED] - Statement - counter = counter + 1: null

2018-12-07 13:02:47 - [TEST_STEP][PASSED] - Statement - PreSaveFile = new java.io.File(((pathPrefix + java.lang.Integer.toString(counter)) + .png)): null

2018-12-07 13:02:47 - [TEST_STEP][PASSED] - Statement - counter = counter + 1: null

2018-12-07 13:02:47 - [TEST_STEP][PASSED] - Statement - PreSaveFile = new java.io.File(((pathPrefix + java.lang.Integer.toString(counter)) + .png)): null

2018-12-07 13:02:47 - [TEST_STEP][PASSED] - Statement - counter = counter + 1: null

2018-12-07 13:02:47 - [TEST_STEP][PASSED] - Statement - PreSaveFile = new java.io.File(((pathPrefix + java.lang.Integer.toString(counter)) + .png)): null

2018-12-07 13:02:47 - [TEST_STEP][PASSED] - Statement - counter = counter + 1: null

2018-12-07 13:02:47 - [TEST_STEP][PASSED] - Statement - PreSaveFile = new java.io.File(((pathPrefix + java.lang.Integer.toString(counter)) + .png)): null

2018-12-07 13:02:47 - [TEST_STEP][PASSED] - Statement - counter = counter + 1: null

2018-12-07 13:02:47 - [TEST_STEP][PASSED] - Statement - PreSaveFile = new java.io.File(((pathPrefix + java.lang.Integer.toString(counter)) + .png)): null

2018-12-07 13:02:47 - [TEST_STEP][PASSED] - Statement - counter = counter + 1: null

2018-12-07 13:02:47 - [TEST_STEP][PASSED] - Statement - PreSaveFile = new java.io.File(((pathPrefix + java.lang.Integer.toString(counter)) + .png)): null

2018-12-07 13:02:47 - [TEST_STEP][PASSED] - Statement - counter = counter + 1: null

2018-12-07 13:02:47 - [TEST_STEP][PASSED] - Statement - PreSaveFile = new java.io.File(((pathPrefix + java.lang.Integer.toString(counter)) + .png)): null

2018-12-07 13:02:47 - [TEST_STEP][PASSED] - Statement - counter = counter + 1: null

2018-12-07 13:02:47 - [TEST_STEP][PASSED] - Statement - PreSaveFile = new java.io.File(((pathPrefix + java.lang.Integer.toString(counter)) + .png)): null

2018-12-07 13:02:47 - [TEST_STEP][PASSED] - Statement - counter = counter + 1: null

2018-12-07 13:02:47 - [TEST_STEP][PASSED] - Statement - PreSaveFile = new java.io.File(((pathPrefix + java.lang.Integer.toString(counter)) + .png)): null

2018-12-07 13:02:47 - [TEST_STEP][PASSED] - Statement - counter = counter + 1: null

2018-12-07 13:02:47 - [TEST_STEP][PASSED] - Statement - PreSaveFile = new java.io.File(((pathPrefix + java.lang.Integer.toString(counter)) + .png)): null

2018-12-07 13:02:47 - [TEST_STEP][PASSED] - Statement - counter = counter + 1: null

2018-12-07 13:02:48 - [TEST_STEP][PASSED] - Statement - PreSaveFile = new java.io.File(((pathPrefix + java.lang.Integer.toString(counter)) + .png)): null

2018-12-07 13:02:48 - [TEST_STEP][PASSED] - Statement - counter = counter + 1: null

2018-12-07 13:02:48 - [TEST_STEP][PASSED] - Statement - PreSaveFile = new java.io.File(((pathPrefix + java.lang.Integer.toString(counter)) + .png)): null

2018-12-07 13:02:48 - [TEST_STEP][PASSED] - Statement - counter = counter + 1: null

2018-12-07 13:02:48 - [TEST_STEP][PASSED] - Statement - PreSaveFile = new java.io.File(((pathPrefix + java.lang.Integer.toString(counter)) + .png)): null

2018-12-07 13:02:48 - [TEST_STEP][PASSED] - Statement - counter = counter + 1: null

2018-12-07 13:02:48 - [TEST_STEP][PASSED] - Statement - PreSaveFile = new java.io.File(((pathPrefix + java.lang.Integer.toString(counter)) + .png)): null

2018-12-07 13:02:48 - [TEST_STEP][PASSED] - Statement - counter = counter + 1: null

2018-12-07 13:02:48 - [TEST_STEP][PASSED] - Statement - PreSaveFile = new java.io.File(((pathPrefix + java.lang.Integer.toString(counter)) + .png)): null

2018-12-07 13:02:48 - [TEST_STEP][PASSED] - Statement - counter = counter + 1: null

2018-12-07 13:02:48 - [TEST_STEP][PASSED] - Statement - PreSaveFile = new java.io.File(((pathPrefix + java.lang.Integer.toString(counter)) + .png)): null

2018-12-07 13:02:48 - [TEST_STEP][PASSED] - Statement - counter = counter + 1: null

2018-12-07 13:02:48 - [TEST_STEP][PASSED] - Statement - PreSaveFile = new java.io.File(((pathPrefix + java.lang.Integer.toString(counter)) + .png)): null

2018-12-07 13:02:48 - [TEST_STEP][PASSED] - Statement - counter = counter + 1: null

2018-12-07 13:02:48 - [TEST_STEP][PASSED] - Statement - PreSaveFile = new java.io.File(((pathPrefix + java.lang.Integer.toString(counter)) + .png)): null

2018-12-07 13:02:48 - [TEST_STEP][PASSED] - Statement - counter = counter + 1: null

2018-12-07 13:02:48 - [TEST_STEP][PASSED] - Statement - PreSaveFile = new java.io.File(((pathPrefix + java.lang.Integer.toString(counter)) + .png)): null

2018-12-07 13:02:48 - [TEST_STEP][PASSED] - Statement - counter = counter + 1: null

2018-12-07 13:02:48 - [TEST_STEP][PASSED] - Statement - PreSaveFile = new java.io.File(((pathPrefix + java.lang.Integer.toString(counter)) + .png)): null

2018-12-07 13:02:48 - [TEST_STEP][PASSED] - Statement - counter = counter + 1: null

2018-12-07 13:02:48 - [TEST_STEP][PASSED] - Statement - PreSaveFile = new java.io.File(((pathPrefix + java.lang.Integer.toString(counter)) + .png)): null

2018-12-07 13:02:48 - [TEST_STEP][PASSED] - Statement - counter = counter + 1: null

2018-12-07 13:02:48 - [TEST_STEP][PASSED] - Statement - PreSaveFile = new java.io.File(((pathPrefix + java.lang.Integer.toString(counter)) + .png)): null

2018-12-07 13:02:48 - [TEST_STEP][PASSED] - Statement - counter = counter + 1: null

2018-12-07 13:02:48 - [TEST_STEP][PASSED] - Statement - PreSaveFile = new java.io.File(((pathPrefix + java.lang.Integer.toString(counter)) + .png)): null

2018-12-07 13:02:48 - [TEST_STEP][PASSED] - Statement - counter = counter + 1: null

2018-12-07 13:02:48 - [TEST_STEP][PASSED] - Statement - PreSaveFile = new java.io.File(((pathPrefix + java.lang.Integer.toString(counter)) + .png)): null

2018-12-07 13:02:48 - [TEST_STEP][PASSED] - Statement - counter = counter + 1: null

2018-12-07 13:02:49 - [TEST_STEP][PASSED] - Statement - PreSaveFile = new java.io.File(((pathPrefix + java.lang.Integer.toString(counter)) + .png)): null

2018-12-07 13:02:49 - [TEST_STEP][PASSED] - Statement - counter = counter + 1: null

2018-12-07 13:02:49 - [TEST_STEP][PASSED] - Statement - PreSaveFile = new java.io.File(((pathPrefix + java.lang.Integer.toString(counter)) + .png)): null

2018-12-07 13:02:49 - [TEST_STEP][PASSED] - Statement - counter = counter + 1: null

2018-12-07 13:02:49 - [TEST_STEP][PASSED] - Statement - PreSaveFile = new java.io.File(((pathPrefix + java.lang.Integer.toString(counter)) + .png)): null

2018-12-07 13:02:49 - [TEST_STEP][PASSED] - Statement - counter = counter + 1: null

2018-12-07 13:02:49 - [TEST_STEP][PASSED] - Statement - PreSaveFile = new java.io.File(((pathPrefix + java.lang.Integer.toString(counter)) + .png)): null

2018-12-07 13:02:49 - [TEST_STEP][PASSED] - Statement - counter = counter + 1: null

2018-12-07 13:02:49 - [TEST_STEP][PASSED] - Statement - PreSaveFile = new java.io.File(((pathPrefix + java.lang.Integer.toString(counter)) + .png)): null

2018-12-07 13:02:49 - [TEST_STEP][PASSED] - Statement - counter = counter + 1: null

2018-12-07 13:02:49 - [TEST_STEP][PASSED] - Statement - PreSaveFile = new java.io.File(((pathPrefix + java.lang.Integer.toString(counter)) + .png)): null

2018-12-07 13:02:49 - [TEST_STEP][PASSED] - Statement - counter = counter + 1: null

2018-12-07 13:02:49 - [TEST_STEP][PASSED] - Statement - PreSaveFile = new java.io.File(((pathPrefix + java.lang.Integer.toString(counter)) + .png)): null

2018-12-07 13:02:49 - [TEST_STEP][PASSED] - Statement - counter = counter + 1: null

2018-12-07 13:02:49 - [TEST_STEP][PASSED] - Statement - PreSaveFile = new java.io.File(((pathPrefix + java.lang.Integer.toString(counter)) + .png)): null

2018-12-07 13:02:49 - [TEST_STEP][PASSED] - Statement - counter = counter + 1: null

2018-12-07 13:02:49 - [TEST_STEP][PASSED] - Statement - PreSaveFile = new java.io.File(((pathPrefix + java.lang.Integer.toString(counter)) + .png)): null

2018-12-07 13:02:49 - [TEST_STEP][PASSED] - Statement - counter = counter + 1: null

2018-12-07 13:02:49 - [TEST_STEP][PASSED] - Statement - PreSaveFile = new java.io.File(((pathPrefix + java.lang.Integer.toString(counter)) + .png)): null

2018-12-07 13:02:49 - [TEST_STEP][PASSED] - Statement - counter = counter + 1: null

2018-12-07 13:02:49 - [TEST_STEP][PASSED] - Statement - PreSaveFile = new java.io.File(((pathPrefix + java.lang.Integer.toString(counter)) + .png)): null

2018-12-07 13:02:49 - [TEST_STEP][PASSED] - Statement - counter = counter + 1: null

2018-12-07 13:02:49 - [TEST_STEP][PASSED] - Statement - PreSaveFile = new java.io.File(((pathPrefix + java.lang.Integer.toString(counter)) + .png)): null

2018-12-07 13:02:49 - [TEST_STEP][PASSED] - Statement - counter = counter + 1: null

2018-12-07 13:02:49 - [TEST_STEP][PASSED] - Statement - PreSaveFile = new java.io.File(((pathPrefix + java.lang.Integer.toString(counter)) + .png)): null

2018-12-07 13:02:49 - [TEST_STEP][PASSED] - Statement - counter = counter + 1: null

2018-12-07 13:02:49 - [TEST_STEP][PASSED] - Statement - PreSaveFile = new java.io.File(((pathPrefix + java.lang.Integer.toString(counter)) + .png)): null

2018-12-07 13:02:49 - [TEST_STEP][PASSED] - Statement - counter = counter + 1: null

2018-12-07 13:02:49 - [TEST_STEP][PASSED] - Statement - PreSaveFile = new java.io.File(((pathPrefix + java.lang.Integer.toString(counter)) + .png)): null

2018-12-07 13:02:49 - [TEST_STEP][PASSED] - Statement - counter = counter + 1: null

2018-12-07 13:02:49 - [TEST_STEP][PASSED] - Statement - PreSaveFile = new java.io.File(((pathPrefix + java.lang.Integer.toString(counter)) + .png)): null

2018-12-07 13:02:49 - [TEST_STEP][PASSED] - Statement - counter = counter + 1: null

2018-12-07 13:02:49 - [TEST_STEP][PASSED] - Statement - PreSaveFile = new java.io.File(((pathPrefix + java.lang.Integer.toString(counter)) + .png)): null

2018-12-07 13:02:49 - [TEST_STEP][PASSED] - Statement - counter = counter + 1: null

2018-12-07 13:02:49 - [TEST_STEP][PASSED] - Statement - PreSaveFile = new java.io.File(((pathPrefix + java.lang.Integer.toString(counter)) + .png)): null

2018-12-07 13:02:49 - [TEST_STEP][PASSED] - Statement - counter = counter + 1: null

2018-12-07 13:02:49 - [TEST_STEP][PASSED] - Statement - PreSaveFile = new java.io.File(((pathPrefix + java.lang.Integer.toString(counter)) + .png)): null

2018-12-07 13:02:49 - [TEST_STEP][PASSED] - Statement - counter = counter + 1: null

2018-12-07 13:02:50 - [TEST_STEP][PASSED] - Statement - PreSaveFile = new java.io.File(((pathPrefix + java.lang.Integer.toString(counter)) + .png)): null

2018-12-07 13:02:50 - [TEST_STEP][PASSED] - Statement - counter = counter + 1: null

2018-12-07 13:02:50 - [TEST_STEP][PASSED] - Statement - PreSaveFile = new java.io.File(((pathPrefix + java.lang.Integer.toString(counter)) + .png)): null

2018-12-07 13:02:50 - [TEST_STEP][PASSED] - Statement - counter = counter + 1: null

2018-12-07 13:02:50 - [TEST_STEP][PASSED] - Statement - PreSaveFile = new java.io.File(((pathPrefix + java.lang.Integer.toString(counter)) + .png)): null

2018-12-07 13:02:50 - [TEST_STEP][PASSED] - Statement - counter = counter + 1: null

2018-12-07 13:02:50 - [TEST_STEP][PASSED] - Statement - PreSaveFile = new java.io.File(((pathPrefix + java.lang.Integer.toString(counter)) + .png)): null

2018-12-07 13:02:50 - [TEST_STEP][PASSED] - Statement - counter = counter + 1: null

2018-12-07 13:02:50 - [TEST_STEP][PASSED] - Statement - PreSaveFile = new java.io.File(((pathPrefix + java.lang.Integer.toString(counter)) + .png)): null

2018-12-07 13:02:50 - [TEST_STEP][PASSED] - Statement - counter = counter + 1: null

2018-12-07 13:02:50 - [TEST_STEP][PASSED] - Statement - PreSaveFile = new java.io.File(((pathPrefix + java.lang.Integer.toString(counter)) + .png)): null

2018-12-07 13:02:50 - [TEST_STEP][PASSED] - Statement - counter = counter + 1: null

2018-12-07 13:02:50 - [TEST_STEP][PASSED] - Statement - PreSaveFile = new java.io.File(((pathPrefix + java.lang.Integer.toString(counter)) + .png)): null

2018-12-07 13:02:50 - [TEST_STEP][PASSED] - Statement - counter = counter + 1: null

2018-12-07 13:02:50 - [TEST_STEP][PASSED] - Statement - PreSaveFile = new java.io.File(((pathPrefix + java.lang.Integer.toString(counter)) + .png)): null

2018-12-07 13:02:50 - [TEST_STEP][PASSED] - Statement - counter = counter + 1: null

2018-12-07 13:02:50 - [TEST_STEP][PASSED] - Statement - PreSaveFile = new java.io.File(((pathPrefix + java.lang.Integer.toString(counter)) + .png)): null

2018-12-07 13:02:50 - [TEST_STEP][PASSED] - Statement - counter = counter + 1: null

2018-12-07 13:02:50 - [TEST_STEP][PASSED] - Statement - PreSaveFile = new java.io.File(((pathPrefix + java.lang.Integer.toString(counter)) + .png)): null

2018-12-07 13:02:50 - [TEST_STEP][PASSED] - Statement - finalPath = pathPrefix + java.lang.Integer.toString(counter) + ".png": null

2018-12-07 13:02:50 - [TEST_STEP][PASSED] - Statement - SaveFile = new java.io.File(finalPath): null

2018-12-07 13:02:50 - [TEST_STEP][PASSED] - Statement - Try: null

2018-12-07 13:02:50 - [TEST_STEP][PASSED] - Statement - org.apache.commons.io.FileUtils.copyFile(scrFile, SaveFile): null

2018-12-07 13:02:50 - [TEST_STEP][PASSED] - Statement - out.println("file kept"): null

2018-12-07 13:02:50 - [TEST_STEP][PASSED] - delay: Delayed 10 second(s)

2018-12-07 13:03:00 - [MESSAGE][PASSED] - Delayed 10 second(s)

2018-12-07 13:03:00 - [MESSAGE][PASSED] - Call Test Case 'Test Cases/Final Aug 2018 - PKS Automation/Common/Screenshoting tool' successfully]]></system-out>
         <system-err><![CDATA[]]></system-err>
      </testcase>
      <system-out><![CDATA[2018-12-07 09:46:13 - [TEST_SUITE][PASSED] - Update Add New Employee: Test Cases/Final Aug 2018 - PKS Automation/Registration Module/Workflow/Update Add New Employee/Special Case (PKR BO - RO Under Enforcement)]]></system-out>
      <system-err><![CDATA[]]></system-err>
   </testsuite>
</testsuites>
